<?xml version="1.0" encoding="UTF-8"?>
<testsuite xmlns:xsi="http://www.w3.org/2001/XMLSchema-instance" xsi:noNamespaceSchemaLocation="https://maven.apache.org/surefire/maven-surefire-plugin/xsd/surefire-test-report.xsd" name="org.apache.hadoop.fs.ozone.TestRootedOzoneFileSystem" time="277.632" tests="160" errors="0" skipped="18" failures="2">
  <properties>
    <property name="awt.toolkit" value="sun.awt.X11.XToolkit"/>
    <property name="file.encoding.pkg" value="sun.io"/>
    <property name="java.specification.version" value="1.8"/>
    <property name="sun.cpu.isalist" value=""/>
    <property name="sun.jnu.encoding" value="UTF-8"/>
    <property name="java.class.path" value="/home/runner/work/ozone/ozone/hadoop-ozone/integration-test/target/test-classes:/home/runner/work/ozone/ozone/hadoop-ozone/integration-test/target/classes:/home/runner/.m2/repository/org/apache/ozone/ozone-common/1.3.0-SNAPSHOT/ozone-common-1.3.0-SNAPSHOT.jar:/home/runner/.m2/repository/org/apache/commons/commons-compress/1.21/commons-compress-1.21.jar:/home/runner/.m2/repository/org/apache/ozone/hdds-common/1.3.0-SNAPSHOT/hdds-common-1.3.0-SNAPSHOT.jar:/home/runner/.m2/repository/org/apache/ozone/hdds-client/1.3.0-SNAPSHOT/hdds-client-1.3.0-SNAPSHOT.jar:/home/runner/.m2/repository/org/apache/ozone/ozone-interface-client/1.3.0-SNAPSHOT/ozone-interface-client-1.3.0-SNAPSHOT.jar:/home/runner/.m2/repository/org/apache/ozone/hdds-test-utils/1.3.0-SNAPSHOT/hdds-test-utils-1.3.0-SNAPSHOT.jar:/home/runner/.m2/repository/com/google/guava/guava/30.1.1-jre/guava-30.1.1-jre.jar:/home/runner/.m2/repository/com/google/guava/failureaccess/1.0.1/failureaccess-1.0.1.jar:/home/runner/.m2/repository/com/google/guava/listenablefuture/9999.0-empty-to-avoid-conflict-with-guava/listenablefuture-9999.0-empty-to-avoid-conflict-with-guava.jar:/home/runner/.m2/repository/com/google/code/findbugs/jsr305/3.0.0/jsr305-3.0.0.jar:/home/runner/.m2/repository/org/checkerframework/checker-qual/3.8.0/checker-qual-3.8.0.jar:/home/runner/.m2/repository/com/google/errorprone/error_prone_annotations/2.2.0/error_prone_annotations-2.2.0.jar:/home/runner/.m2/repository/com/google/j2objc/j2objc-annotations/1.3/j2objc-annotations-1.3.jar:/home/runner/.m2/repository/commons-io/commons-io/2.11.0/commons-io-2.11.0.jar:/home/runner/.m2/repository/commons-logging/commons-logging/1.2/commons-logging-1.2.jar:/home/runner/.m2/repository/log4j/log4j/1.2.17/log4j-1.2.17.jar:/home/runner/.m2/repository/org/slf4j/slf4j-api/1.7.30/slf4j-api-1.7.30.jar:/home/runner/.m2/repository/org/apache/ozone/hdds-server-scm/1.3.0-SNAPSHOT/hdds-server-scm-1.3.0-SNAPSHOT.jar:/home/runner/.m2/repository/org/apache/ozone/hdds-container-service/1.3.0-SNAPSHOT/hdds-container-service-1.3.0-SNAPSHOT.jar:/home/runner/.m2/repository/org/apache/ozone/hdds-hadoop-dependency-server/1.3.0-SNAPSHOT/hdds-hadoop-dependency-server-1.3.0-SNAPSHOT.jar:/home/runner/.m2/repository/org/apache/hadoop/hadoop-hdfs/3.3.1/hadoop-hdfs-3.3.1.jar:/home/runner/.m2/repository/org/apache/ozone/hdds-server-framework/1.3.0-SNAPSHOT/hdds-server-framework-1.3.0-SNAPSHOT.jar:/home/runner/.m2/repository/org/apache/ozone/hdds-interface-server/1.3.0-SNAPSHOT/hdds-interface-server-1.3.0-SNAPSHOT.jar:/home/runner/.m2/repository/org/eclipse/jetty/jetty-servlet/9.4.43.v20210629/jetty-servlet-9.4.43.v20210629.jar:/home/runner/.m2/repository/org/eclipse/jetty/jetty-security/9.4.43.v20210629/jetty-security-9.4.43.v20210629.jar:/home/runner/.m2/repository/org/rocksdb/rocksdbjni/6.25.3/rocksdbjni-6.25.3.jar:/home/runner/.m2/repository/io/prometheus/simpleclient_dropwizard/0.7.0/simpleclient_dropwizard-0.7.0.jar:/home/runner/.m2/repository/io/prometheus/simpleclient/0.7.0/simpleclient-0.7.0.jar:/home/runner/.m2/repository/io/prometheus/simpleclient_common/0.7.0/simpleclient_common-0.7.0.jar:/home/runner/.m2/repository/com/fasterxml/jackson/datatype/jackson-datatype-jsr310/2.12.1/jackson-datatype-jsr310-2.12.1.jar:/home/runner/.m2/repository/io/dropwizard/metrics/metrics-core/3.2.4/metrics-core-3.2.4.jar:/home/runner/.m2/repository/org/apache/hadoop/hadoop-hdfs-client/3.3.1/hadoop-hdfs-client-3.3.1.jar:/home/runner/.m2/repository/org/bouncycastle/bcprov-jdk15on/1.67/bcprov-jdk15on-1.67.jar:/home/runner/.m2/repository/com/google/protobuf/protobuf-java/2.5.0/protobuf-java-2.5.0.jar:/home/runner/.m2/repository/org/apache/ozone/ozone-manager/1.3.0-SNAPSHOT/ozone-manager-1.3.0-SNAPSHOT.jar:/home/runner/.m2/repository/org/aspectj/aspectjrt/1.9.7/aspectjrt-1.9.7.jar:/home/runner/.m2/repository/org/aspectj/aspectjweaver/1.9.7/aspectjweaver-1.9.7.jar:/home/runner/.m2/repository/org/apache/ozone/hdds-interface-client/1.3.0-SNAPSHOT/hdds-interface-client-1.3.0-SNAPSHOT.jar:/home/runner/.m2/repository/org/apache/hadoop/thirdparty/hadoop-shaded-protobuf_3_7/1.1.1/hadoop-shaded-protobuf_3_7-1.1.1.jar:/home/runner/.m2/repository/org/apache/ozone/ozone-interface-storage/1.3.0-SNAPSHOT/ozone-interface-storage-1.3.0-SNAPSHOT.jar:/home/runner/.m2/repository/org/reflections/reflections/0.9.11/reflections-0.9.11.jar:/home/runner/.m2/repository/org/apache/hadoop/hadoop-minikdc/3.3.1/hadoop-minikdc-3.3.1.jar:/home/runner/.m2/repository/org/apache/kerby/kerb-simplekdc/1.0.1/kerb-simplekdc-1.0.1.jar:/home/runner/.m2/repository/org/apache/kerby/kerb-client/1.0.1/kerb-client-1.0.1.jar:/home/runner/.m2/repository/org/apache/kerby/kerby-config/1.0.1/kerby-config-1.0.1.jar:/home/runner/.m2/repository/org/apache/kerby/kerb-common/1.0.1/kerb-common-1.0.1.jar:/home/runner/.m2/repository/org/apache/kerby/kerb-crypto/1.0.1/kerb-crypto-1.0.1.jar:/home/runner/.m2/repository/org/apache/kerby/kerb-util/1.0.1/kerb-util-1.0.1.jar:/home/runner/.m2/repository/org/apache/kerby/token-provider/1.0.1/token-provider-1.0.1.jar:/home/runner/.m2/repository/org/apache/kerby/kerb-admin/1.0.1/kerb-admin-1.0.1.jar:/home/runner/.m2/repository/org/apache/kerby/kerb-server/1.0.1/kerb-server-1.0.1.jar:/home/runner/.m2/repository/org/apache/kerby/kerb-identity/1.0.1/kerb-identity-1.0.1.jar:/home/runner/.m2/repository/org/apache/kerby/kerby-xdr/1.0.1/kerby-xdr-1.0.1.jar:/home/runner/.m2/repository/org/slf4j/slf4j-log4j12/1.7.30/slf4j-log4j12-1.7.30.jar:/home/runner/.m2/repository/org/apache/ozone/ozone-s3gateway/1.3.0-SNAPSHOT/ozone-s3gateway-1.3.0-SNAPSHOT.jar:/home/runner/.m2/repository/org/javassist/javassist/3.21.0-GA/javassist-3.21.0-GA.jar:/home/runner/.m2/repository/org/jboss/weld/servlet/weld-servlet/2.4.7.Final/weld-servlet-2.4.7.Final.jar:/home/runner/.m2/repository/org/glassfish/jersey/containers/jersey-container-servlet-core/2.33/jersey-container-servlet-core-2.33.jar:/home/runner/.m2/repository/org/glassfish/hk2/external/jakarta.inject/2.6.1/jakarta.inject-2.6.1.jar:/home/runner/.m2/repository/org/glassfish/jersey/core/jersey-common/2.33/jersey-common-2.33.jar:/home/runner/.m2/repository/jakarta/ws/rs/jakarta.ws.rs-api/2.1.6/jakarta.ws.rs-api-2.1.6.jar:/home/runner/.m2/repository/org/glassfish/jersey/ext/cdi/jersey-cdi1x/2.33/jersey-cdi1x-2.33.jar:/home/runner/.m2/repository/org/glassfish/jersey/inject/jersey-hk2/2.33/jersey-hk2-2.33.jar:/home/runner/.m2/repository/org/glassfish/hk2/hk2-locator/2.6.1/hk2-locator-2.6.1.jar:/home/runner/.m2/repository/org/glassfish/jersey/media/jersey-media-jaxb/2.33/jersey-media-jaxb-2.33.jar:/home/runner/.m2/repository/org/glassfish/hk2/osgi-resource-locator/1.0.3/osgi-resource-locator-1.0.3.jar:/home/runner/.m2/repository/org/glassfish/hk2/hk2-api/2.5.0/hk2-api-2.5.0.jar:/home/runner/.m2/repository/org/glassfish/hk2/hk2-utils/2.5.0/hk2-utils-2.5.0.jar:/home/runner/.m2/repository/org/glassfish/hk2/external/aopalliance-repackaged/2.5.0/aopalliance-repackaged-2.5.0.jar:/home/runner/.m2/repository/com/fasterxml/jackson/dataformat/jackson-dataformat-xml/2.12.1/jackson-dataformat-xml-2.12.1.jar:/home/runner/.m2/repository/com/fasterxml/jackson/core/jackson-core/2.12.1/jackson-core-2.12.1.jar:/home/runner/.m2/repository/com/fasterxml/jackson/module/jackson-module-jaxb-annotations/2.12.1/jackson-module-jaxb-annotations-2.12.1.jar:/home/runner/.m2/repository/jakarta/xml/bind/jakarta.xml.bind-api/2.3.2/jakarta.xml.bind-api-2.3.2.jar:/home/runner/.m2/repository/org/codehaus/woodstox/stax2-api/3.1.4/stax2-api-3.1.4.jar:/home/runner/.m2/repository/com/fasterxml/woodstox/woodstox-core/5.0.3/woodstox-core-5.0.3.jar:/home/runner/.m2/repository/javax/enterprise/cdi-api/1.2/cdi-api-1.2.jar:/home/runner/.m2/repository/javax/el/javax.el-api/3.0.0/javax.el-api-3.0.0.jar:/home/runner/.m2/repository/javax/interceptor/javax.interceptor-api/1.2/javax.interceptor-api-1.2.jar:/home/runner/.m2/repository/javax/inject/javax.inject/1/javax.inject-1.jar:/home/runner/.m2/repository/javax/xml/bind/jaxb-api/2.3.0/jaxb-api-2.3.0.jar:/home/runner/.m2/repository/org/glassfish/jaxb/jaxb-runtime/2.3.0.1/jaxb-runtime-2.3.0.1.jar:/home/runner/.m2/repository/org/glassfish/jaxb/jaxb-core/2.3.0.1/jaxb-core-2.3.0.1.jar:/home/runner/.m2/repository/org/glassfish/jaxb/txw2/2.3.0.1/txw2-2.3.0.1.jar:/home/runner/.m2/repository/com/sun/istack/istack-commons-runtime/3.0.5/istack-commons-runtime-3.0.5.jar:/home/runner/.m2/repository/org/jvnet/staxex/stax-ex/1.7.8/stax-ex-1.7.8.jar:/home/runner/.m2/repository/com/sun/xml/fastinfoset/FastInfoset/1.2.13/FastInfoset-1.2.13.jar:/home/runner/.m2/repository/javax/activation/activation/1.1.1/activation-1.1.1.jar:/home/runner/.m2/repository/org/apache/ozone/ozone-csi/1.3.0-SNAPSHOT/ozone-csi-1.3.0-SNAPSHOT.jar:/home/runner/.m2/repository/com/google/protobuf/protobuf-java-util/3.12.0/protobuf-java-util-3.12.0.jar:/home/runner/.m2/repository/com/google/code/gson/gson/2.2.4/gson-2.2.4.jar:/home/runner/.m2/repository/org/apache/ozone/hdds-config/1.3.0-SNAPSHOT/hdds-config-1.3.0-SNAPSHOT.jar:/home/runner/.m2/repository/io/grpc/grpc-netty/1.33.0/grpc-netty-1.33.0.jar:/home/runner/.m2/repository/io/grpc/grpc-core/1.33.0/grpc-core-1.33.0.jar:/home/runner/.m2/repository/com/google/android/annotations/4.1.1.4/annotations-4.1.1.4.jar:/home/runner/.m2/repository/io/netty/netty-codec-http2/4.1.63.Final/netty-codec-http2-4.1.63.Final.jar:/home/runner/.m2/repository/io/netty/netty-codec-http/4.1.63.Final/netty-codec-http-4.1.63.Final.jar:/home/runner/.m2/repository/io/netty/netty-handler-proxy/4.1.63.Final/netty-handler-proxy-4.1.63.Final.jar:/home/runner/.m2/repository/io/netty/netty-codec-socks/4.1.63.Final/netty-codec-socks-4.1.63.Final.jar:/home/runner/.m2/repository/io/perfmark/perfmark-api/0.19.0/perfmark-api-0.19.0.jar:/home/runner/.m2/repository/org/codehaus/mojo/animal-sniffer-annotations/1.18/animal-sniffer-annotations-1.18.jar:/home/runner/.m2/repository/io/netty/netty-transport-native-epoll/4.1.63.Final/netty-transport-native-epoll-4.1.63.Final.jar:/home/runner/.m2/repository/io/netty/netty-common/4.1.63.Final/netty-common-4.1.63.Final.jar:/home/runner/.m2/repository/io/netty/netty-buffer/4.1.63.Final/netty-buffer-4.1.63.Final.jar:/home/runner/.m2/repository/io/netty/netty-transport-native-unix-common/4.1.63.Final/netty-transport-native-unix-common-4.1.63.Final.jar:/home/runner/.m2/repository/io/grpc/grpc-protobuf/1.33.0/grpc-protobuf-1.33.0.jar:/home/runner/.m2/repository/io/grpc/grpc-api/1.33.0/grpc-api-1.33.0.jar:/home/runner/.m2/repository/io/grpc/grpc-context/1.33.0/grpc-context-1.33.0.jar:/home/runner/.m2/repository/com/google/api/grpc/proto-google-common-protos/1.17.0/proto-google-common-protos-1.17.0.jar:/home/runner/.m2/repository/io/grpc/grpc-protobuf-lite/1.33.0/grpc-protobuf-lite-1.33.0.jar:/home/runner/.m2/repository/io/grpc/grpc-stub/1.33.0/grpc-stub-1.33.0.jar:/home/runner/.m2/repository/org/apache/ozone/ozone-recon/1.3.0-SNAPSHOT/ozone-recon-1.3.0-SNAPSHOT.jar:/home/runner/.m2/repository/org/apache/ozone/ozone-reconcodegen/1.3.0-SNAPSHOT/ozone-reconcodegen-1.3.0-SNAPSHOT.jar:/home/runner/.m2/repository/com/google/inject/extensions/guice-multibindings/4.0/guice-multibindings-4.0.jar:/home/runner/.m2/repository/com/google/inject/guice/4.0/guice-4.0.jar:/home/runner/.m2/repository/aopalliance/aopalliance/1.0/aopalliance-1.0.jar:/home/runner/.m2/repository/com/google/inject/extensions/guice-assistedinject/4.0/guice-assistedinject-4.0.jar:/home/runner/.m2/repository/com/google/inject/extensions/guice-servlet/4.0/guice-servlet-4.0.jar:/home/runner/.m2/repository/org/glassfish/jersey/containers/jersey-container-servlet/2.33/jersey-container-servlet-2.33.jar:/home/runner/.m2/repository/org/glassfish/hk2/guice-bridge/2.5.0/guice-bridge-2.5.0.jar:/home/runner/.m2/repository/org/glassfish/jersey/core/jersey-server/2.33/jersey-server-2.33.jar:/home/runner/.m2/repository/org/glassfish/jersey/core/jersey-client/2.33/jersey-client-2.33.jar:/home/runner/.m2/repository/jakarta/annotation/jakarta.annotation-api/1.3.5/jakarta.annotation-api-1.3.5.jar:/home/runner/.m2/repository/jakarta/validation/jakarta.validation-api/2.0.2/jakarta.validation-api-2.0.2.jar:/home/runner/.m2/repository/org/glassfish/jersey/media/jersey-media-json-jackson/2.33/jersey-media-json-jackson-2.33.jar:/home/runner/.m2/repository/org/glassfish/jersey/ext/jersey-entity-filtering/2.33/jersey-entity-filtering-2.33.jar:/home/runner/.m2/repository/org/jooq/jooq/3.11.10/jooq-3.11.10.jar:/home/runner/.m2/repository/org/jooq/jooq-meta/3.11.10/jooq-meta-3.11.10.jar:/home/runner/.m2/repository/org/jooq/jooq-codegen/3.11.10/jooq-codegen-3.11.10.jar:/home/runner/.m2/repository/com/jolbox/bonecp/0.8.0.RELEASE/bonecp-0.8.0.RELEASE.jar:/home/runner/.m2/repository/org/apache/derby/derby/10.14.2.0/derby-10.14.2.0.jar:/home/runner/.m2/repository/org/xerial/sqlite-jdbc/3.25.2/sqlite-jdbc-3.25.2.jar:/home/runner/.m2/repository/org/springframework/spring-jdbc/5.2.18.RELEASE/spring-jdbc-5.2.18.RELEASE.jar:/home/runner/.m2/repository/org/springframework/spring-beans/5.2.18.RELEASE/spring-beans-5.2.18.RELEASE.jar:/home/runner/.m2/repository/org/springframework/spring-core/5.2.18.RELEASE/spring-core-5.2.18.RELEASE.jar:/home/runner/.m2/repository/org/springframework/spring-jcl/5.2.18.RELEASE/spring-jcl-5.2.18.RELEASE.jar:/home/runner/.m2/repository/org/springframework/spring-tx/5.2.18.RELEASE/spring-tx-5.2.18.RELEASE.jar:/home/runner/.m2/repository/org/apache/ozone/ozone-client/1.3.0-SNAPSHOT/ozone-client-1.3.0-SNAPSHOT.jar:/home/runner/.m2/repository/org/apache/ozone/ozone-filesystem/1.3.0-SNAPSHOT/ozone-filesystem-1.3.0-SNAPSHOT.jar:/home/runner/.m2/repository/org/apache/ozone/ozone-filesystem-common/1.3.0-SNAPSHOT/ozone-filesystem-common-1.3.0-SNAPSHOT.jar:/home/runner/.m2/repository/org/apache/ozone/ozone-tools/1.3.0-SNAPSHOT/ozone-tools-1.3.0-SNAPSHOT.jar:/home/runner/.m2/repository/org/apache/ratis/ratis-tools/2.2.0/ratis-tools-2.2.0.jar:/home/runner/.m2/repository/com/amazonaws/aws-java-sdk-core/1.12.124/aws-java-sdk-core-1.12.124.jar:/home/runner/.m2/repository/org/apache/httpcomponents/httpclient/4.5.13/httpclient-4.5.13.jar:/home/runner/.m2/repository/org/apache/httpcomponents/httpcore/4.4.13/httpcore-4.4.13.jar:/home/runner/.m2/repository/software/amazon/ion/ion-java/1.0.2/ion-java-1.0.2.jar:/home/runner/.m2/repository/com/fasterxml/jackson/dataformat/jackson-dataformat-cbor/2.12.1/jackson-dataformat-cbor-2.12.1.jar:/home/runner/.m2/repository/joda-time/joda-time/2.8.1/joda-time-2.8.1.jar:/home/runner/.m2/repository/com/amazonaws/aws-java-sdk-s3/1.12.124/aws-java-sdk-s3-1.12.124.jar:/home/runner/.m2/repository/com/amazonaws/aws-java-sdk-kms/1.12.124/aws-java-sdk-kms-1.12.124.jar:/home/runner/.m2/repository/com/amazonaws/jmespath-java/1.12.124/jmespath-java-1.12.124.jar:/home/runner/.m2/repository/org/kohsuke/metainf-services/metainf-services/1.8/metainf-services-1.8.jar:/home/runner/.m2/repository/org/apache/ozone/hdds-tools/1.3.0-SNAPSHOT/hdds-tools-1.3.0-SNAPSHOT.jar:/home/runner/.m2/repository/commons-cli/commons-cli/1.2/commons-cli-1.2.jar:/home/runner/.m2/repository/org/apache/commons/commons-lang3/3.7/commons-lang3-3.7.jar:/home/runner/.m2/repository/org/apache/ozone/ozone-manager/1.3.0-SNAPSHOT/ozone-manager-1.3.0-SNAPSHOT-tests.jar:/home/runner/.m2/repository/org/apache/ozone/hdds-common/1.3.0-SNAPSHOT/hdds-common-1.3.0-SNAPSHOT-tests.jar:/home/runner/.m2/repository/org/apache/ozone/hdds-hadoop-dependency-client/1.3.0-SNAPSHOT/hdds-hadoop-dependency-client-1.3.0-SNAPSHOT.jar:/home/runner/.m2/repository/info/picocli/picocli/4.6.1/picocli-4.6.1.jar:/home/runner/.m2/repository/com/fasterxml/jackson/core/jackson-annotations/2.12.1/jackson-annotations-2.12.1.jar:/home/runner/.m2/repository/javax/annotation/javax.annotation-api/1.2/javax.annotation-api-1.2.jar:/home/runner/.m2/repository/org/apache/ratis/ratis-server/2.2.0/ratis-server-2.2.0.jar:/home/runner/.m2/repository/org/apache/ratis/ratis-client/2.2.0/ratis-client-2.2.0.jar:/home/runner/.m2/repository/org/apache/ratis/ratis-server-api/2.2.0/ratis-server-api-2.2.0.jar:/home/runner/.m2/repository/org/apache/ratis/ratis-metrics/2.2.0/ratis-metrics-2.2.0.jar:/home/runner/.m2/repository/org/apache/ratis/ratis-netty/2.2.0/ratis-netty-2.2.0.jar:/home/runner/.m2/repository/org/apache/ratis/ratis-grpc/2.2.0/ratis-grpc-2.2.0.jar:/home/runner/.m2/repository/org/apache/logging/log4j/log4j-api/2.17.0/log4j-api-2.17.0.jar:/home/runner/.m2/repository/org/apache/logging/log4j/log4j-core/2.17.0/log4j-core-2.17.0.jar:/home/runner/.m2/repository/com/lmax/disruptor/3.4.2/disruptor-3.4.2.jar:/home/runner/.m2/repository/org/apache/commons/commons-pool2/2.6.0/commons-pool2-2.6.0.jar:/home/runner/.m2/repository/org/bouncycastle/bcpkix-jdk15on/1.67/bcpkix-jdk15on-1.67.jar:/home/runner/.m2/repository/commons-validator/commons-validator/1.6/commons-validator-1.6.jar:/home/runner/.m2/repository/commons-beanutils/commons-beanutils/1.9.4/commons-beanutils-1.9.4.jar:/home/runner/.m2/repository/commons-digester/commons-digester/1.8.1/commons-digester-1.8.1.jar:/home/runner/.m2/repository/commons-collections/commons-collections/3.2.2/commons-collections-3.2.2.jar:/home/runner/.m2/repository/io/jaegertracing/jaeger-client/1.6.0/jaeger-client-1.6.0.jar:/home/runner/.m2/repository/io/jaegertracing/jaeger-thrift/1.6.0/jaeger-thrift-1.6.0.jar:/home/runner/.m2/repository/org/apache/thrift/libthrift/0.14.1/libthrift-0.14.1.jar:/home/runner/.m2/repository/com/squareup/okhttp3/okhttp/4.9.0/okhttp-4.9.0.jar:/home/runner/.m2/repository/com/squareup/okio/okio/2.8.0/okio-2.8.0.jar:/home/runner/.m2/repository/io/jaegertracing/jaeger-core/1.6.0/jaeger-core-1.6.0.jar:/home/runner/.m2/repository/io/jaegertracing/jaeger-tracerresolver/1.6.0/jaeger-tracerresolver-1.6.0.jar:/home/runner/.m2/repository/io/opentracing/contrib/opentracing-tracerresolver/0.1.8/opentracing-tracerresolver-0.1.8.jar:/home/runner/.m2/repository/org/jetbrains/kotlin/kotlin-stdlib/1.4.31/kotlin-stdlib-1.4.31.jar:/home/runner/.m2/repository/org/jetbrains/kotlin/kotlin-stdlib-common/1.4.31/kotlin-stdlib-common-1.4.31.jar:/home/runner/.m2/repository/org/jetbrains/annotations/13.0/annotations-13.0.jar:/home/runner/.m2/repository/io/opentracing/opentracing-util/0.33.0/opentracing-util-0.33.0.jar:/home/runner/.m2/repository/io/opentracing/opentracing-api/0.33.0/opentracing-api-0.33.0.jar:/home/runner/.m2/repository/io/opentracing/opentracing-noop/0.33.0/opentracing-noop-0.33.0.jar:/home/runner/.m2/repository/org/yaml/snakeyaml/1.26/snakeyaml-1.26.jar:/home/runner/.m2/repository/org/apache/ozone/hdds-interface-admin/1.3.0-SNAPSHOT/hdds-interface-admin-1.3.0-SNAPSHOT.jar:/home/runner/.m2/repository/junit/junit/4.13.1/junit-4.13.1.jar:/home/runner/.m2/repository/org/hamcrest/hamcrest-core/1.3/hamcrest-core-1.3.jar:/home/runner/.m2/repository/org/junit/jupiter/junit-jupiter-api/5.7.0/junit-jupiter-api-5.7.0.jar:/home/runner/.m2/repository/org/apiguardian/apiguardian-api/1.1.0/apiguardian-api-1.1.0.jar:/home/runner/.m2/repository/org/opentest4j/opentest4j/1.2.0/opentest4j-1.2.0.jar:/home/runner/.m2/repository/org/junit/platform/junit-platform-commons/1.7.0/junit-platform-commons-1.7.0.jar:/home/runner/.m2/repository/org/junit/jupiter/junit-jupiter-engine/5.7.0/junit-jupiter-engine-5.7.0.jar:/home/runner/.m2/repository/org/junit/platform/junit-platform-engine/1.7.0/junit-platform-engine-1.7.0.jar:/home/runner/.m2/repository/org/junit/vintage/junit-vintage-engine/5.7.0/junit-vintage-engine-5.7.0.jar:/home/runner/.m2/repository/org/junit/platform/junit-platform-launcher/1.7.0/junit-platform-launcher-1.7.0.jar:/home/runner/.m2/repository/org/openjdk/jmh/jmh-core/1.19/jmh-core-1.19.jar:/home/runner/.m2/repository/net/sf/jopt-simple/jopt-simple/4.6/jopt-simple-4.6.jar:/home/runner/.m2/repository/org/apache/commons/commons-math3/3.1.1/commons-math3-3.1.1.jar:/home/runner/.m2/repository/org/openjdk/jmh/jmh-generator-annprocess/1.19/jmh-generator-annprocess-1.19.jar:/home/runner/.m2/repository/org/mockito/mockito-core/2.28.2/mockito-core-2.28.2.jar:/home/runner/.m2/repository/net/bytebuddy/byte-buddy/1.9.10/byte-buddy-1.9.10.jar:/home/runner/.m2/repository/net/bytebuddy/byte-buddy-agent/1.9.10/byte-buddy-agent-1.9.10.jar:/home/runner/.m2/repository/org/objenesis/objenesis/1.0/objenesis-1.0.jar:/home/runner/.m2/repository/org/apache/hadoop/hadoop-kms/3.3.1/hadoop-kms-3.3.1.jar:/home/runner/.m2/repository/org/apache/hadoop/hadoop-auth/3.3.1/hadoop-auth-3.3.1.jar:/home/runner/.m2/repository/com/nimbusds/nimbus-jose-jwt/7.9/nimbus-jose-jwt-7.9.jar:/home/runner/.m2/repository/com/github/stephenc/jcip/jcip-annotations/1.0-1/jcip-annotations-1.0-1.jar:/home/runner/.m2/repository/net/minidev/json-smart/2.3.1/json-smart-2.3.1.jar:/home/runner/.m2/repository/net/minidev/accessors-smart/2.3.1/accessors-smart-2.3.1.jar:/home/runner/.m2/repository/org/ow2/asm/asm/5.0.4/asm-5.0.4.jar:/home/runner/.m2/repository/org/apache/zookeeper/zookeeper/3.5.6/zookeeper-3.5.6.jar:/home/runner/.m2/repository/org/apache/zookeeper/zookeeper-jute/3.5.6/zookeeper-jute-3.5.6.jar:/home/runner/.m2/repository/org/apache/yetus/audience-annotations/0.5.0/audience-annotations-0.5.0.jar:/home/runner/.m2/repository/org/apache/curator/curator-framework/4.2.0/curator-framework-4.2.0.jar:/home/runner/.m2/repository/org/apache/hadoop/thirdparty/hadoop-shaded-guava/1.1.1/hadoop-shaded-guava-1.1.1.jar:/home/runner/.m2/repository/com/sun/jersey/jersey-core/1.19/jersey-core-1.19.jar:/home/runner/.m2/repository/javax/ws/rs/jsr311-api/1.1.1/jsr311-api-1.1.1.jar:/home/runner/.m2/repository/com/sun/jersey/jersey-server/1.19/jersey-server-1.19.jar:/home/runner/.m2/repository/javax/servlet/javax.servlet-api/3.1.0/javax.servlet-api-3.1.0.jar:/home/runner/.m2/repository/org/eclipse/jetty/jetty-server/9.4.43.v20210629/jetty-server-9.4.43.v20210629.jar:/home/runner/.m2/repository/org/eclipse/jetty/jetty-http/9.4.43.v20210629/jetty-http-9.4.43.v20210629.jar:/home/runner/.m2/repository/org/eclipse/jetty/jetty-io/9.4.43.v20210629/jetty-io-9.4.43.v20210629.jar:/home/runner/.m2/repository/org/eclipse/jetty/jetty-webapp/9.4.43.v20210629/jetty-webapp-9.4.43.v20210629.jar:/home/runner/.m2/repository/org/eclipse/jetty/jetty-xml/9.4.43.v20210629/jetty-xml-9.4.43.v20210629.jar:/home/runner/.m2/repository/org/apache/hadoop/hadoop-common/3.3.1/hadoop-common-3.3.1.jar:/home/runner/.m2/repository/commons-net/commons-net/3.6/commons-net-3.6.jar:/home/runner/.m2/repository/jakarta/activation/jakarta.activation-api/1.2.1/jakarta.activation-api-1.2.1.jar:/home/runner/.m2/repository/com/sun/jersey/jersey-servlet/1.19/jersey-servlet-1.19.jar:/home/runner/.m2/repository/com/sun/jersey/jersey-json/1.19/jersey-json-1.19.jar:/home/runner/.m2/repository/org/codehaus/jettison/jettison/1.1/jettison-1.1.jar:/home/runner/.m2/repository/com/sun/xml/bind/jaxb-impl/2.2.3-1/jaxb-impl-2.2.3-1.jar:/home/runner/.m2/repository/org/codehaus/jackson/jackson-jaxrs/1.9.2/jackson-jaxrs-1.9.2.jar:/home/runner/.m2/repository/org/codehaus/jackson/jackson-xc/1.9.2/jackson-xc-1.9.2.jar:/home/runner/.m2/repository/org/apache/commons/commons-configuration2/2.1.1/commons-configuration2-2.1.1.jar:/home/runner/.m2/repository/org/apache/commons/commons-text/1.4/commons-text-1.4.jar:/home/runner/.m2/repository/com/google/re2j/re2j/1.1/re2j-1.1.jar:/home/runner/.m2/repository/com/jcraft/jsch/0.1.54/jsch-0.1.54.jar:/home/runner/.m2/repository/org/apache/curator/curator-client/4.2.0/curator-client-4.2.0.jar:/home/runner/.m2/repository/org/apache/curator/curator-recipes/4.2.0/curator-recipes-4.2.0.jar:/home/runner/.m2/repository/org/apache/kerby/kerb-core/1.0.1/kerb-core-1.0.1.jar:/home/runner/.m2/repository/org/apache/kerby/kerby-pkix/1.0.1/kerby-pkix-1.0.1.jar:/home/runner/.m2/repository/org/apache/kerby/kerby-asn1/1.0.1/kerby-asn1-1.0.1.jar:/home/runner/.m2/repository/org/apache/kerby/kerby-util/1.0.1/kerby-util-1.0.1.jar:/home/runner/.m2/repository/dnsjava/dnsjava/2.1.7/dnsjava-2.1.7.jar:/home/runner/.m2/repository/org/xerial/snappy/snappy-java/1.1.8.2/snappy-java-1.1.8.2.jar:/home/runner/.m2/repository/org/slf4j/jul-to-slf4j/1.7.30/jul-to-slf4j-1.7.30.jar:/home/runner/.m2/repository/org/eclipse/jetty/jetty-util/9.4.43.v20210629/jetty-util-9.4.43.v20210629.jar:/home/runner/.m2/repository/com/fasterxml/jackson/core/jackson-databind/2.12.1/jackson-databind-2.12.1.jar:/home/runner/.m2/repository/org/apache/hadoop/hadoop-kms/3.3.1/hadoop-kms-3.3.1-tests.jar:/home/runner/.m2/repository/org/apache/ozone/hdds-server-scm/1.3.0-SNAPSHOT/hdds-server-scm-1.3.0-SNAPSHOT-tests.jar:/home/runner/.m2/repository/org/apache/ozone/hdds-container-service/1.3.0-SNAPSHOT/hdds-container-service-1.3.0-SNAPSHOT-tests.jar:/home/runner/.m2/repository/commons-codec/commons-codec/1.11/commons-codec-1.11.jar:/home/runner/.m2/repository/io/netty/netty-transport/4.1.63.Final/netty-transport-4.1.63.Final.jar:/home/runner/.m2/repository/io/netty/netty-resolver/4.1.63.Final/netty-resolver-4.1.63.Final.jar:/home/runner/.m2/repository/io/netty/netty-codec/4.1.63.Final/netty-codec-4.1.63.Final.jar:/home/runner/.m2/repository/io/netty/netty-handler/4.1.63.Final/netty-handler-4.1.63.Final.jar:/home/runner/.m2/repository/org/apache/ozone/hdds-hadoop-dependency-test/1.3.0-SNAPSHOT/hdds-hadoop-dependency-test-1.3.0-SNAPSHOT.jar:/home/runner/.m2/repository/org/apache/hadoop/hadoop-common/3.3.1/hadoop-common-3.3.1-tests.jar:/home/runner/.m2/repository/org/assertj/assertj-core/3.12.2/assertj-core-3.12.2.jar:/home/runner/.m2/repository/org/apache/hadoop/hadoop-hdfs/3.3.1/hadoop-hdfs-3.3.1-tests.jar:/home/runner/.m2/repository/org/eclipse/jetty/jetty-util-ajax/9.4.43.v20210629/jetty-util-ajax-9.4.43.v20210629.jar:/home/runner/.m2/repository/commons-daemon/commons-daemon/1.0.13/commons-daemon-1.0.13.jar:/home/runner/.m2/repository/io/netty/netty/3.10.6.Final/netty-3.10.6.Final.jar:/home/runner/.m2/repository/io/netty/netty-all/4.1.63.Final/netty-all-4.1.63.Final.jar:/home/runner/.m2/repository/org/apache/htrace/htrace-core4/4.1.0-incubating/htrace-core4-4.1.0-incubating.jar:/home/runner/.m2/repository/org/fusesource/leveldbjni/leveldbjni-all/1.8/leveldbjni-all-1.8.jar:/home/runner/.m2/repository/org/apache/hadoop/hadoop-distcp/3.3.1/hadoop-distcp-3.3.1.jar:/home/runner/.m2/repository/org/apache/hadoop/hadoop-mapreduce-client-jobclient/3.3.1/hadoop-mapreduce-client-jobclient-3.3.1.jar:/home/runner/.m2/repository/org/apache/hadoop/hadoop-mapreduce-client-common/3.3.1/hadoop-mapreduce-client-common-3.3.1.jar:/home/runner/.m2/repository/org/apache/hadoop/hadoop-yarn-common/3.3.1/hadoop-yarn-common-3.3.1.jar:/home/runner/.m2/repository/org/apache/hadoop/hadoop-yarn-api/3.3.1/hadoop-yarn-api-3.3.1.jar:/home/runner/.m2/repository/com/sun/jersey/jersey-client/1.19/jersey-client-1.19.jar:/home/runner/.m2/repository/com/sun/jersey/contribs/jersey-guice/1.19/jersey-guice-1.19.jar:/home/runner/.m2/repository/com/fasterxml/jackson/jaxrs/jackson-jaxrs-json-provider/2.12.1/jackson-jaxrs-json-provider-2.12.1.jar:/home/runner/.m2/repository/com/fasterxml/jackson/jaxrs/jackson-jaxrs-base/2.12.1/jackson-jaxrs-base-2.12.1.jar:/home/runner/.m2/repository/org/apache/hadoop/hadoop-yarn-client/3.3.1/hadoop-yarn-client-3.3.1.jar:/home/runner/.m2/repository/org/eclipse/jetty/websocket/websocket-client/9.4.40.v20210413/websocket-client-9.4.40.v20210413.jar:/home/runner/.m2/repository/org/eclipse/jetty/jetty-client/9.4.40.v20210413/jetty-client-9.4.40.v20210413.jar:/home/runner/.m2/repository/org/eclipse/jetty/websocket/websocket-common/9.4.40.v20210413/websocket-common-9.4.40.v20210413.jar:/home/runner/.m2/repository/org/eclipse/jetty/websocket/websocket-api/9.4.40.v20210413/websocket-api-9.4.40.v20210413.jar:/home/runner/.m2/repository/org/jline/jline/3.9.0/jline-3.9.0.jar:/home/runner/.m2/repository/org/apache/hadoop/hadoop-mapreduce-client-core/3.3.1/hadoop-mapreduce-client-core-3.3.1.jar:/home/runner/.m2/repository/org/apache/avro/avro/1.7.7/avro-1.7.7.jar:/home/runner/.m2/repository/org/codehaus/jackson/jackson-core-asl/1.9.13/jackson-core-asl-1.9.13.jar:/home/runner/.m2/repository/org/codehaus/jackson/jackson-mapper-asl/1.9.13/jackson-mapper-asl-1.9.13.jar:/home/runner/.m2/repository/com/thoughtworks/paranamer/paranamer/2.3/paranamer-2.3.jar:/home/runner/.m2/repository/org/apache/hadoop/hadoop-annotations/3.3.1/hadoop-annotations-3.3.1.jar:/usr/lib/jvm/adoptopenjdk-8-hotspot-amd64/jre/../lib/tools.jar:/home/runner/.m2/repository/org/apache/hadoop/hadoop-distcp/3.3.1/hadoop-distcp-3.3.1-tests.jar:/home/runner/.m2/repository/org/apache/ratis/ratis-common/2.2.0/ratis-common-2.2.0.jar:/home/runner/.m2/repository/org/apache/ratis/ratis-thirdparty-misc/0.7.0/ratis-thirdparty-misc-0.7.0.jar:/home/runner/.m2/repository/org/apache/ratis/ratis-proto/2.2.0/ratis-proto-2.2.0.jar:"/>
    <property name="java.vm.vendor" value="AdoptOpenJDK"/>
    <property name="sun.arch.data.model" value="64"/>
    <property name="test.build.dir" value="/home/runner/work/ozone/ozone/hadoop-ozone/integration-test/target/test-dir"/>
    <property name="test.cache.data" value=""/>
    <property name="java.vendor.url" value="https://adoptopenjdk.net/"/>
    <property name="user.timezone" value=""/>
    <property name="java.vm.specification.version" value="1.8"/>
    <property name="os.name" value="Linux"/>
    <property name="test.build.data" value="/home/runner/work/ozone/ozone/hadoop-ozone/integration-test/target/test-dir"/>
    <property name="sun.java.launcher" value="SUN_STANDARD"/>
    <property name="sun.boot.library.path" value="/usr/lib/jvm/adoptopenjdk-8-hotspot-amd64/jre/lib/amd64"/>
    <property name="sun.java.command" value="/home/runner/work/ozone/ozone/hadoop-ozone/integration-test/target/surefire/surefirebooter4363184086626396455.jar /home/runner/work/ozone/ozone/hadoop-ozone/integration-test/target/surefire 2021-12-22T07-37-59_099-jvmRun1 surefire7899497443118294757tmp surefire_299016405551018000166tmp"/>
    <property name="surefire.test.class.path" value="/home/runner/work/ozone/ozone/hadoop-ozone/integration-test/target/test-classes:/home/runner/work/ozone/ozone/hadoop-ozone/integration-test/target/classes:/home/runner/.m2/repository/org/apache/ozone/ozone-common/1.3.0-SNAPSHOT/ozone-common-1.3.0-SNAPSHOT.jar:/home/runner/.m2/repository/org/apache/commons/commons-compress/1.21/commons-compress-1.21.jar:/home/runner/.m2/repository/org/apache/ozone/hdds-common/1.3.0-SNAPSHOT/hdds-common-1.3.0-SNAPSHOT.jar:/home/runner/.m2/repository/org/apache/ozone/hdds-client/1.3.0-SNAPSHOT/hdds-client-1.3.0-SNAPSHOT.jar:/home/runner/.m2/repository/org/apache/ozone/ozone-interface-client/1.3.0-SNAPSHOT/ozone-interface-client-1.3.0-SNAPSHOT.jar:/home/runner/.m2/repository/org/apache/ozone/hdds-test-utils/1.3.0-SNAPSHOT/hdds-test-utils-1.3.0-SNAPSHOT.jar:/home/runner/.m2/repository/com/google/guava/guava/30.1.1-jre/guava-30.1.1-jre.jar:/home/runner/.m2/repository/com/google/guava/failureaccess/1.0.1/failureaccess-1.0.1.jar:/home/runner/.m2/repository/com/google/guava/listenablefuture/9999.0-empty-to-avoid-conflict-with-guava/listenablefuture-9999.0-empty-to-avoid-conflict-with-guava.jar:/home/runner/.m2/repository/com/google/code/findbugs/jsr305/3.0.0/jsr305-3.0.0.jar:/home/runner/.m2/repository/org/checkerframework/checker-qual/3.8.0/checker-qual-3.8.0.jar:/home/runner/.m2/repository/com/google/errorprone/error_prone_annotations/2.2.0/error_prone_annotations-2.2.0.jar:/home/runner/.m2/repository/com/google/j2objc/j2objc-annotations/1.3/j2objc-annotations-1.3.jar:/home/runner/.m2/repository/commons-io/commons-io/2.11.0/commons-io-2.11.0.jar:/home/runner/.m2/repository/commons-logging/commons-logging/1.2/commons-logging-1.2.jar:/home/runner/.m2/repository/log4j/log4j/1.2.17/log4j-1.2.17.jar:/home/runner/.m2/repository/org/slf4j/slf4j-api/1.7.30/slf4j-api-1.7.30.jar:/home/runner/.m2/repository/org/apache/ozone/hdds-server-scm/1.3.0-SNAPSHOT/hdds-server-scm-1.3.0-SNAPSHOT.jar:/home/runner/.m2/repository/org/apache/ozone/hdds-container-service/1.3.0-SNAPSHOT/hdds-container-service-1.3.0-SNAPSHOT.jar:/home/runner/.m2/repository/org/apache/ozone/hdds-hadoop-dependency-server/1.3.0-SNAPSHOT/hdds-hadoop-dependency-server-1.3.0-SNAPSHOT.jar:/home/runner/.m2/repository/org/apache/hadoop/hadoop-hdfs/3.3.1/hadoop-hdfs-3.3.1.jar:/home/runner/.m2/repository/org/apache/ozone/hdds-server-framework/1.3.0-SNAPSHOT/hdds-server-framework-1.3.0-SNAPSHOT.jar:/home/runner/.m2/repository/org/apache/ozone/hdds-interface-server/1.3.0-SNAPSHOT/hdds-interface-server-1.3.0-SNAPSHOT.jar:/home/runner/.m2/repository/org/eclipse/jetty/jetty-servlet/9.4.43.v20210629/jetty-servlet-9.4.43.v20210629.jar:/home/runner/.m2/repository/org/eclipse/jetty/jetty-security/9.4.43.v20210629/jetty-security-9.4.43.v20210629.jar:/home/runner/.m2/repository/org/rocksdb/rocksdbjni/6.25.3/rocksdbjni-6.25.3.jar:/home/runner/.m2/repository/io/prometheus/simpleclient_dropwizard/0.7.0/simpleclient_dropwizard-0.7.0.jar:/home/runner/.m2/repository/io/prometheus/simpleclient/0.7.0/simpleclient-0.7.0.jar:/home/runner/.m2/repository/io/prometheus/simpleclient_common/0.7.0/simpleclient_common-0.7.0.jar:/home/runner/.m2/repository/com/fasterxml/jackson/datatype/jackson-datatype-jsr310/2.12.1/jackson-datatype-jsr310-2.12.1.jar:/home/runner/.m2/repository/io/dropwizard/metrics/metrics-core/3.2.4/metrics-core-3.2.4.jar:/home/runner/.m2/repository/org/apache/hadoop/hadoop-hdfs-client/3.3.1/hadoop-hdfs-client-3.3.1.jar:/home/runner/.m2/repository/org/bouncycastle/bcprov-jdk15on/1.67/bcprov-jdk15on-1.67.jar:/home/runner/.m2/repository/com/google/protobuf/protobuf-java/2.5.0/protobuf-java-2.5.0.jar:/home/runner/.m2/repository/org/apache/ozone/ozone-manager/1.3.0-SNAPSHOT/ozone-manager-1.3.0-SNAPSHOT.jar:/home/runner/.m2/repository/org/aspectj/aspectjrt/1.9.7/aspectjrt-1.9.7.jar:/home/runner/.m2/repository/org/aspectj/aspectjweaver/1.9.7/aspectjweaver-1.9.7.jar:/home/runner/.m2/repository/org/apache/ozone/hdds-interface-client/1.3.0-SNAPSHOT/hdds-interface-client-1.3.0-SNAPSHOT.jar:/home/runner/.m2/repository/org/apache/hadoop/thirdparty/hadoop-shaded-protobuf_3_7/1.1.1/hadoop-shaded-protobuf_3_7-1.1.1.jar:/home/runner/.m2/repository/org/apache/ozone/ozone-interface-storage/1.3.0-SNAPSHOT/ozone-interface-storage-1.3.0-SNAPSHOT.jar:/home/runner/.m2/repository/org/reflections/reflections/0.9.11/reflections-0.9.11.jar:/home/runner/.m2/repository/org/apache/hadoop/hadoop-minikdc/3.3.1/hadoop-minikdc-3.3.1.jar:/home/runner/.m2/repository/org/apache/kerby/kerb-simplekdc/1.0.1/kerb-simplekdc-1.0.1.jar:/home/runner/.m2/repository/org/apache/kerby/kerb-client/1.0.1/kerb-client-1.0.1.jar:/home/runner/.m2/repository/org/apache/kerby/kerby-config/1.0.1/kerby-config-1.0.1.jar:/home/runner/.m2/repository/org/apache/kerby/kerb-common/1.0.1/kerb-common-1.0.1.jar:/home/runner/.m2/repository/org/apache/kerby/kerb-crypto/1.0.1/kerb-crypto-1.0.1.jar:/home/runner/.m2/repository/org/apache/kerby/kerb-util/1.0.1/kerb-util-1.0.1.jar:/home/runner/.m2/repository/org/apache/kerby/token-provider/1.0.1/token-provider-1.0.1.jar:/home/runner/.m2/repository/org/apache/kerby/kerb-admin/1.0.1/kerb-admin-1.0.1.jar:/home/runner/.m2/repository/org/apache/kerby/kerb-server/1.0.1/kerb-server-1.0.1.jar:/home/runner/.m2/repository/org/apache/kerby/kerb-identity/1.0.1/kerb-identity-1.0.1.jar:/home/runner/.m2/repository/org/apache/kerby/kerby-xdr/1.0.1/kerby-xdr-1.0.1.jar:/home/runner/.m2/repository/org/slf4j/slf4j-log4j12/1.7.30/slf4j-log4j12-1.7.30.jar:/home/runner/.m2/repository/org/apache/ozone/ozone-s3gateway/1.3.0-SNAPSHOT/ozone-s3gateway-1.3.0-SNAPSHOT.jar:/home/runner/.m2/repository/org/javassist/javassist/3.21.0-GA/javassist-3.21.0-GA.jar:/home/runner/.m2/repository/org/jboss/weld/servlet/weld-servlet/2.4.7.Final/weld-servlet-2.4.7.Final.jar:/home/runner/.m2/repository/org/glassfish/jersey/containers/jersey-container-servlet-core/2.33/jersey-container-servlet-core-2.33.jar:/home/runner/.m2/repository/org/glassfish/hk2/external/jakarta.inject/2.6.1/jakarta.inject-2.6.1.jar:/home/runner/.m2/repository/org/glassfish/jersey/core/jersey-common/2.33/jersey-common-2.33.jar:/home/runner/.m2/repository/jakarta/ws/rs/jakarta.ws.rs-api/2.1.6/jakarta.ws.rs-api-2.1.6.jar:/home/runner/.m2/repository/org/glassfish/jersey/ext/cdi/jersey-cdi1x/2.33/jersey-cdi1x-2.33.jar:/home/runner/.m2/repository/org/glassfish/jersey/inject/jersey-hk2/2.33/jersey-hk2-2.33.jar:/home/runner/.m2/repository/org/glassfish/hk2/hk2-locator/2.6.1/hk2-locator-2.6.1.jar:/home/runner/.m2/repository/org/glassfish/jersey/media/jersey-media-jaxb/2.33/jersey-media-jaxb-2.33.jar:/home/runner/.m2/repository/org/glassfish/hk2/osgi-resource-locator/1.0.3/osgi-resource-locator-1.0.3.jar:/home/runner/.m2/repository/org/glassfish/hk2/hk2-api/2.5.0/hk2-api-2.5.0.jar:/home/runner/.m2/repository/org/glassfish/hk2/hk2-utils/2.5.0/hk2-utils-2.5.0.jar:/home/runner/.m2/repository/org/glassfish/hk2/external/aopalliance-repackaged/2.5.0/aopalliance-repackaged-2.5.0.jar:/home/runner/.m2/repository/com/fasterxml/jackson/dataformat/jackson-dataformat-xml/2.12.1/jackson-dataformat-xml-2.12.1.jar:/home/runner/.m2/repository/com/fasterxml/jackson/core/jackson-core/2.12.1/jackson-core-2.12.1.jar:/home/runner/.m2/repository/com/fasterxml/jackson/module/jackson-module-jaxb-annotations/2.12.1/jackson-module-jaxb-annotations-2.12.1.jar:/home/runner/.m2/repository/jakarta/xml/bind/jakarta.xml.bind-api/2.3.2/jakarta.xml.bind-api-2.3.2.jar:/home/runner/.m2/repository/org/codehaus/woodstox/stax2-api/3.1.4/stax2-api-3.1.4.jar:/home/runner/.m2/repository/com/fasterxml/woodstox/woodstox-core/5.0.3/woodstox-core-5.0.3.jar:/home/runner/.m2/repository/javax/enterprise/cdi-api/1.2/cdi-api-1.2.jar:/home/runner/.m2/repository/javax/el/javax.el-api/3.0.0/javax.el-api-3.0.0.jar:/home/runner/.m2/repository/javax/interceptor/javax.interceptor-api/1.2/javax.interceptor-api-1.2.jar:/home/runner/.m2/repository/javax/inject/javax.inject/1/javax.inject-1.jar:/home/runner/.m2/repository/javax/xml/bind/jaxb-api/2.3.0/jaxb-api-2.3.0.jar:/home/runner/.m2/repository/org/glassfish/jaxb/jaxb-runtime/2.3.0.1/jaxb-runtime-2.3.0.1.jar:/home/runner/.m2/repository/org/glassfish/jaxb/jaxb-core/2.3.0.1/jaxb-core-2.3.0.1.jar:/home/runner/.m2/repository/org/glassfish/jaxb/txw2/2.3.0.1/txw2-2.3.0.1.jar:/home/runner/.m2/repository/com/sun/istack/istack-commons-runtime/3.0.5/istack-commons-runtime-3.0.5.jar:/home/runner/.m2/repository/org/jvnet/staxex/stax-ex/1.7.8/stax-ex-1.7.8.jar:/home/runner/.m2/repository/com/sun/xml/fastinfoset/FastInfoset/1.2.13/FastInfoset-1.2.13.jar:/home/runner/.m2/repository/javax/activation/activation/1.1.1/activation-1.1.1.jar:/home/runner/.m2/repository/org/apache/ozone/ozone-csi/1.3.0-SNAPSHOT/ozone-csi-1.3.0-SNAPSHOT.jar:/home/runner/.m2/repository/com/google/protobuf/protobuf-java-util/3.12.0/protobuf-java-util-3.12.0.jar:/home/runner/.m2/repository/com/google/code/gson/gson/2.2.4/gson-2.2.4.jar:/home/runner/.m2/repository/org/apache/ozone/hdds-config/1.3.0-SNAPSHOT/hdds-config-1.3.0-SNAPSHOT.jar:/home/runner/.m2/repository/io/grpc/grpc-netty/1.33.0/grpc-netty-1.33.0.jar:/home/runner/.m2/repository/io/grpc/grpc-core/1.33.0/grpc-core-1.33.0.jar:/home/runner/.m2/repository/com/google/android/annotations/4.1.1.4/annotations-4.1.1.4.jar:/home/runner/.m2/repository/io/netty/netty-codec-http2/4.1.63.Final/netty-codec-http2-4.1.63.Final.jar:/home/runner/.m2/repository/io/netty/netty-codec-http/4.1.63.Final/netty-codec-http-4.1.63.Final.jar:/home/runner/.m2/repository/io/netty/netty-handler-proxy/4.1.63.Final/netty-handler-proxy-4.1.63.Final.jar:/home/runner/.m2/repository/io/netty/netty-codec-socks/4.1.63.Final/netty-codec-socks-4.1.63.Final.jar:/home/runner/.m2/repository/io/perfmark/perfmark-api/0.19.0/perfmark-api-0.19.0.jar:/home/runner/.m2/repository/org/codehaus/mojo/animal-sniffer-annotations/1.18/animal-sniffer-annotations-1.18.jar:/home/runner/.m2/repository/io/netty/netty-transport-native-epoll/4.1.63.Final/netty-transport-native-epoll-4.1.63.Final.jar:/home/runner/.m2/repository/io/netty/netty-common/4.1.63.Final/netty-common-4.1.63.Final.jar:/home/runner/.m2/repository/io/netty/netty-buffer/4.1.63.Final/netty-buffer-4.1.63.Final.jar:/home/runner/.m2/repository/io/netty/netty-transport-native-unix-common/4.1.63.Final/netty-transport-native-unix-common-4.1.63.Final.jar:/home/runner/.m2/repository/io/grpc/grpc-protobuf/1.33.0/grpc-protobuf-1.33.0.jar:/home/runner/.m2/repository/io/grpc/grpc-api/1.33.0/grpc-api-1.33.0.jar:/home/runner/.m2/repository/io/grpc/grpc-context/1.33.0/grpc-context-1.33.0.jar:/home/runner/.m2/repository/com/google/api/grpc/proto-google-common-protos/1.17.0/proto-google-common-protos-1.17.0.jar:/home/runner/.m2/repository/io/grpc/grpc-protobuf-lite/1.33.0/grpc-protobuf-lite-1.33.0.jar:/home/runner/.m2/repository/io/grpc/grpc-stub/1.33.0/grpc-stub-1.33.0.jar:/home/runner/.m2/repository/org/apache/ozone/ozone-recon/1.3.0-SNAPSHOT/ozone-recon-1.3.0-SNAPSHOT.jar:/home/runner/.m2/repository/org/apache/ozone/ozone-reconcodegen/1.3.0-SNAPSHOT/ozone-reconcodegen-1.3.0-SNAPSHOT.jar:/home/runner/.m2/repository/com/google/inject/extensions/guice-multibindings/4.0/guice-multibindings-4.0.jar:/home/runner/.m2/repository/com/google/inject/guice/4.0/guice-4.0.jar:/home/runner/.m2/repository/aopalliance/aopalliance/1.0/aopalliance-1.0.jar:/home/runner/.m2/repository/com/google/inject/extensions/guice-assistedinject/4.0/guice-assistedinject-4.0.jar:/home/runner/.m2/repository/com/google/inject/extensions/guice-servlet/4.0/guice-servlet-4.0.jar:/home/runner/.m2/repository/org/glassfish/jersey/containers/jersey-container-servlet/2.33/jersey-container-servlet-2.33.jar:/home/runner/.m2/repository/org/glassfish/hk2/guice-bridge/2.5.0/guice-bridge-2.5.0.jar:/home/runner/.m2/repository/org/glassfish/jersey/core/jersey-server/2.33/jersey-server-2.33.jar:/home/runner/.m2/repository/org/glassfish/jersey/core/jersey-client/2.33/jersey-client-2.33.jar:/home/runner/.m2/repository/jakarta/annotation/jakarta.annotation-api/1.3.5/jakarta.annotation-api-1.3.5.jar:/home/runner/.m2/repository/jakarta/validation/jakarta.validation-api/2.0.2/jakarta.validation-api-2.0.2.jar:/home/runner/.m2/repository/org/glassfish/jersey/media/jersey-media-json-jackson/2.33/jersey-media-json-jackson-2.33.jar:/home/runner/.m2/repository/org/glassfish/jersey/ext/jersey-entity-filtering/2.33/jersey-entity-filtering-2.33.jar:/home/runner/.m2/repository/org/jooq/jooq/3.11.10/jooq-3.11.10.jar:/home/runner/.m2/repository/org/jooq/jooq-meta/3.11.10/jooq-meta-3.11.10.jar:/home/runner/.m2/repository/org/jooq/jooq-codegen/3.11.10/jooq-codegen-3.11.10.jar:/home/runner/.m2/repository/com/jolbox/bonecp/0.8.0.RELEASE/bonecp-0.8.0.RELEASE.jar:/home/runner/.m2/repository/org/apache/derby/derby/10.14.2.0/derby-10.14.2.0.jar:/home/runner/.m2/repository/org/xerial/sqlite-jdbc/3.25.2/sqlite-jdbc-3.25.2.jar:/home/runner/.m2/repository/org/springframework/spring-jdbc/5.2.18.RELEASE/spring-jdbc-5.2.18.RELEASE.jar:/home/runner/.m2/repository/org/springframework/spring-beans/5.2.18.RELEASE/spring-beans-5.2.18.RELEASE.jar:/home/runner/.m2/repository/org/springframework/spring-core/5.2.18.RELEASE/spring-core-5.2.18.RELEASE.jar:/home/runner/.m2/repository/org/springframework/spring-jcl/5.2.18.RELEASE/spring-jcl-5.2.18.RELEASE.jar:/home/runner/.m2/repository/org/springframework/spring-tx/5.2.18.RELEASE/spring-tx-5.2.18.RELEASE.jar:/home/runner/.m2/repository/org/apache/ozone/ozone-client/1.3.0-SNAPSHOT/ozone-client-1.3.0-SNAPSHOT.jar:/home/runner/.m2/repository/org/apache/ozone/ozone-filesystem/1.3.0-SNAPSHOT/ozone-filesystem-1.3.0-SNAPSHOT.jar:/home/runner/.m2/repository/org/apache/ozone/ozone-filesystem-common/1.3.0-SNAPSHOT/ozone-filesystem-common-1.3.0-SNAPSHOT.jar:/home/runner/.m2/repository/org/apache/ozone/ozone-tools/1.3.0-SNAPSHOT/ozone-tools-1.3.0-SNAPSHOT.jar:/home/runner/.m2/repository/org/apache/ratis/ratis-tools/2.2.0/ratis-tools-2.2.0.jar:/home/runner/.m2/repository/com/amazonaws/aws-java-sdk-core/1.12.124/aws-java-sdk-core-1.12.124.jar:/home/runner/.m2/repository/org/apache/httpcomponents/httpclient/4.5.13/httpclient-4.5.13.jar:/home/runner/.m2/repository/org/apache/httpcomponents/httpcore/4.4.13/httpcore-4.4.13.jar:/home/runner/.m2/repository/software/amazon/ion/ion-java/1.0.2/ion-java-1.0.2.jar:/home/runner/.m2/repository/com/fasterxml/jackson/dataformat/jackson-dataformat-cbor/2.12.1/jackson-dataformat-cbor-2.12.1.jar:/home/runner/.m2/repository/joda-time/joda-time/2.8.1/joda-time-2.8.1.jar:/home/runner/.m2/repository/com/amazonaws/aws-java-sdk-s3/1.12.124/aws-java-sdk-s3-1.12.124.jar:/home/runner/.m2/repository/com/amazonaws/aws-java-sdk-kms/1.12.124/aws-java-sdk-kms-1.12.124.jar:/home/runner/.m2/repository/com/amazonaws/jmespath-java/1.12.124/jmespath-java-1.12.124.jar:/home/runner/.m2/repository/org/kohsuke/metainf-services/metainf-services/1.8/metainf-services-1.8.jar:/home/runner/.m2/repository/org/apache/ozone/hdds-tools/1.3.0-SNAPSHOT/hdds-tools-1.3.0-SNAPSHOT.jar:/home/runner/.m2/repository/commons-cli/commons-cli/1.2/commons-cli-1.2.jar:/home/runner/.m2/repository/org/apache/commons/commons-lang3/3.7/commons-lang3-3.7.jar:/home/runner/.m2/repository/org/apache/ozone/ozone-manager/1.3.0-SNAPSHOT/ozone-manager-1.3.0-SNAPSHOT-tests.jar:/home/runner/.m2/repository/org/apache/ozone/hdds-common/1.3.0-SNAPSHOT/hdds-common-1.3.0-SNAPSHOT-tests.jar:/home/runner/.m2/repository/org/apache/ozone/hdds-hadoop-dependency-client/1.3.0-SNAPSHOT/hdds-hadoop-dependency-client-1.3.0-SNAPSHOT.jar:/home/runner/.m2/repository/info/picocli/picocli/4.6.1/picocli-4.6.1.jar:/home/runner/.m2/repository/com/fasterxml/jackson/core/jackson-annotations/2.12.1/jackson-annotations-2.12.1.jar:/home/runner/.m2/repository/javax/annotation/javax.annotation-api/1.2/javax.annotation-api-1.2.jar:/home/runner/.m2/repository/org/apache/ratis/ratis-server/2.2.0/ratis-server-2.2.0.jar:/home/runner/.m2/repository/org/apache/ratis/ratis-client/2.2.0/ratis-client-2.2.0.jar:/home/runner/.m2/repository/org/apache/ratis/ratis-server-api/2.2.0/ratis-server-api-2.2.0.jar:/home/runner/.m2/repository/org/apache/ratis/ratis-metrics/2.2.0/ratis-metrics-2.2.0.jar:/home/runner/.m2/repository/org/apache/ratis/ratis-netty/2.2.0/ratis-netty-2.2.0.jar:/home/runner/.m2/repository/org/apache/ratis/ratis-grpc/2.2.0/ratis-grpc-2.2.0.jar:/home/runner/.m2/repository/org/apache/logging/log4j/log4j-api/2.17.0/log4j-api-2.17.0.jar:/home/runner/.m2/repository/org/apache/logging/log4j/log4j-core/2.17.0/log4j-core-2.17.0.jar:/home/runner/.m2/repository/com/lmax/disruptor/3.4.2/disruptor-3.4.2.jar:/home/runner/.m2/repository/org/apache/commons/commons-pool2/2.6.0/commons-pool2-2.6.0.jar:/home/runner/.m2/repository/org/bouncycastle/bcpkix-jdk15on/1.67/bcpkix-jdk15on-1.67.jar:/home/runner/.m2/repository/commons-validator/commons-validator/1.6/commons-validator-1.6.jar:/home/runner/.m2/repository/commons-beanutils/commons-beanutils/1.9.4/commons-beanutils-1.9.4.jar:/home/runner/.m2/repository/commons-digester/commons-digester/1.8.1/commons-digester-1.8.1.jar:/home/runner/.m2/repository/commons-collections/commons-collections/3.2.2/commons-collections-3.2.2.jar:/home/runner/.m2/repository/io/jaegertracing/jaeger-client/1.6.0/jaeger-client-1.6.0.jar:/home/runner/.m2/repository/io/jaegertracing/jaeger-thrift/1.6.0/jaeger-thrift-1.6.0.jar:/home/runner/.m2/repository/org/apache/thrift/libthrift/0.14.1/libthrift-0.14.1.jar:/home/runner/.m2/repository/com/squareup/okhttp3/okhttp/4.9.0/okhttp-4.9.0.jar:/home/runner/.m2/repository/com/squareup/okio/okio/2.8.0/okio-2.8.0.jar:/home/runner/.m2/repository/io/jaegertracing/jaeger-core/1.6.0/jaeger-core-1.6.0.jar:/home/runner/.m2/repository/io/jaegertracing/jaeger-tracerresolver/1.6.0/jaeger-tracerresolver-1.6.0.jar:/home/runner/.m2/repository/io/opentracing/contrib/opentracing-tracerresolver/0.1.8/opentracing-tracerresolver-0.1.8.jar:/home/runner/.m2/repository/org/jetbrains/kotlin/kotlin-stdlib/1.4.31/kotlin-stdlib-1.4.31.jar:/home/runner/.m2/repository/org/jetbrains/kotlin/kotlin-stdlib-common/1.4.31/kotlin-stdlib-common-1.4.31.jar:/home/runner/.m2/repository/org/jetbrains/annotations/13.0/annotations-13.0.jar:/home/runner/.m2/repository/io/opentracing/opentracing-util/0.33.0/opentracing-util-0.33.0.jar:/home/runner/.m2/repository/io/opentracing/opentracing-api/0.33.0/opentracing-api-0.33.0.jar:/home/runner/.m2/repository/io/opentracing/opentracing-noop/0.33.0/opentracing-noop-0.33.0.jar:/home/runner/.m2/repository/org/yaml/snakeyaml/1.26/snakeyaml-1.26.jar:/home/runner/.m2/repository/org/apache/ozone/hdds-interface-admin/1.3.0-SNAPSHOT/hdds-interface-admin-1.3.0-SNAPSHOT.jar:/home/runner/.m2/repository/junit/junit/4.13.1/junit-4.13.1.jar:/home/runner/.m2/repository/org/hamcrest/hamcrest-core/1.3/hamcrest-core-1.3.jar:/home/runner/.m2/repository/org/junit/jupiter/junit-jupiter-api/5.7.0/junit-jupiter-api-5.7.0.jar:/home/runner/.m2/repository/org/apiguardian/apiguardian-api/1.1.0/apiguardian-api-1.1.0.jar:/home/runner/.m2/repository/org/opentest4j/opentest4j/1.2.0/opentest4j-1.2.0.jar:/home/runner/.m2/repository/org/junit/platform/junit-platform-commons/1.7.0/junit-platform-commons-1.7.0.jar:/home/runner/.m2/repository/org/junit/jupiter/junit-jupiter-engine/5.7.0/junit-jupiter-engine-5.7.0.jar:/home/runner/.m2/repository/org/junit/platform/junit-platform-engine/1.7.0/junit-platform-engine-1.7.0.jar:/home/runner/.m2/repository/org/junit/vintage/junit-vintage-engine/5.7.0/junit-vintage-engine-5.7.0.jar:/home/runner/.m2/repository/org/junit/platform/junit-platform-launcher/1.7.0/junit-platform-launcher-1.7.0.jar:/home/runner/.m2/repository/org/openjdk/jmh/jmh-core/1.19/jmh-core-1.19.jar:/home/runner/.m2/repository/net/sf/jopt-simple/jopt-simple/4.6/jopt-simple-4.6.jar:/home/runner/.m2/repository/org/apache/commons/commons-math3/3.1.1/commons-math3-3.1.1.jar:/home/runner/.m2/repository/org/openjdk/jmh/jmh-generator-annprocess/1.19/jmh-generator-annprocess-1.19.jar:/home/runner/.m2/repository/org/mockito/mockito-core/2.28.2/mockito-core-2.28.2.jar:/home/runner/.m2/repository/net/bytebuddy/byte-buddy/1.9.10/byte-buddy-1.9.10.jar:/home/runner/.m2/repository/net/bytebuddy/byte-buddy-agent/1.9.10/byte-buddy-agent-1.9.10.jar:/home/runner/.m2/repository/org/objenesis/objenesis/1.0/objenesis-1.0.jar:/home/runner/.m2/repository/org/apache/hadoop/hadoop-kms/3.3.1/hadoop-kms-3.3.1.jar:/home/runner/.m2/repository/org/apache/hadoop/hadoop-auth/3.3.1/hadoop-auth-3.3.1.jar:/home/runner/.m2/repository/com/nimbusds/nimbus-jose-jwt/7.9/nimbus-jose-jwt-7.9.jar:/home/runner/.m2/repository/com/github/stephenc/jcip/jcip-annotations/1.0-1/jcip-annotations-1.0-1.jar:/home/runner/.m2/repository/net/minidev/json-smart/2.3.1/json-smart-2.3.1.jar:/home/runner/.m2/repository/net/minidev/accessors-smart/2.3.1/accessors-smart-2.3.1.jar:/home/runner/.m2/repository/org/ow2/asm/asm/5.0.4/asm-5.0.4.jar:/home/runner/.m2/repository/org/apache/zookeeper/zookeeper/3.5.6/zookeeper-3.5.6.jar:/home/runner/.m2/repository/org/apache/zookeeper/zookeeper-jute/3.5.6/zookeeper-jute-3.5.6.jar:/home/runner/.m2/repository/org/apache/yetus/audience-annotations/0.5.0/audience-annotations-0.5.0.jar:/home/runner/.m2/repository/org/apache/curator/curator-framework/4.2.0/curator-framework-4.2.0.jar:/home/runner/.m2/repository/org/apache/hadoop/thirdparty/hadoop-shaded-guava/1.1.1/hadoop-shaded-guava-1.1.1.jar:/home/runner/.m2/repository/com/sun/jersey/jersey-core/1.19/jersey-core-1.19.jar:/home/runner/.m2/repository/javax/ws/rs/jsr311-api/1.1.1/jsr311-api-1.1.1.jar:/home/runner/.m2/repository/com/sun/jersey/jersey-server/1.19/jersey-server-1.19.jar:/home/runner/.m2/repository/javax/servlet/javax.servlet-api/3.1.0/javax.servlet-api-3.1.0.jar:/home/runner/.m2/repository/org/eclipse/jetty/jetty-server/9.4.43.v20210629/jetty-server-9.4.43.v20210629.jar:/home/runner/.m2/repository/org/eclipse/jetty/jetty-http/9.4.43.v20210629/jetty-http-9.4.43.v20210629.jar:/home/runner/.m2/repository/org/eclipse/jetty/jetty-io/9.4.43.v20210629/jetty-io-9.4.43.v20210629.jar:/home/runner/.m2/repository/org/eclipse/jetty/jetty-webapp/9.4.43.v20210629/jetty-webapp-9.4.43.v20210629.jar:/home/runner/.m2/repository/org/eclipse/jetty/jetty-xml/9.4.43.v20210629/jetty-xml-9.4.43.v20210629.jar:/home/runner/.m2/repository/org/apache/hadoop/hadoop-common/3.3.1/hadoop-common-3.3.1.jar:/home/runner/.m2/repository/commons-net/commons-net/3.6/commons-net-3.6.jar:/home/runner/.m2/repository/jakarta/activation/jakarta.activation-api/1.2.1/jakarta.activation-api-1.2.1.jar:/home/runner/.m2/repository/com/sun/jersey/jersey-servlet/1.19/jersey-servlet-1.19.jar:/home/runner/.m2/repository/com/sun/jersey/jersey-json/1.19/jersey-json-1.19.jar:/home/runner/.m2/repository/org/codehaus/jettison/jettison/1.1/jettison-1.1.jar:/home/runner/.m2/repository/com/sun/xml/bind/jaxb-impl/2.2.3-1/jaxb-impl-2.2.3-1.jar:/home/runner/.m2/repository/org/codehaus/jackson/jackson-jaxrs/1.9.2/jackson-jaxrs-1.9.2.jar:/home/runner/.m2/repository/org/codehaus/jackson/jackson-xc/1.9.2/jackson-xc-1.9.2.jar:/home/runner/.m2/repository/org/apache/commons/commons-configuration2/2.1.1/commons-configuration2-2.1.1.jar:/home/runner/.m2/repository/org/apache/commons/commons-text/1.4/commons-text-1.4.jar:/home/runner/.m2/repository/com/google/re2j/re2j/1.1/re2j-1.1.jar:/home/runner/.m2/repository/com/jcraft/jsch/0.1.54/jsch-0.1.54.jar:/home/runner/.m2/repository/org/apache/curator/curator-client/4.2.0/curator-client-4.2.0.jar:/home/runner/.m2/repository/org/apache/curator/curator-recipes/4.2.0/curator-recipes-4.2.0.jar:/home/runner/.m2/repository/org/apache/kerby/kerb-core/1.0.1/kerb-core-1.0.1.jar:/home/runner/.m2/repository/org/apache/kerby/kerby-pkix/1.0.1/kerby-pkix-1.0.1.jar:/home/runner/.m2/repository/org/apache/kerby/kerby-asn1/1.0.1/kerby-asn1-1.0.1.jar:/home/runner/.m2/repository/org/apache/kerby/kerby-util/1.0.1/kerby-util-1.0.1.jar:/home/runner/.m2/repository/dnsjava/dnsjava/2.1.7/dnsjava-2.1.7.jar:/home/runner/.m2/repository/org/xerial/snappy/snappy-java/1.1.8.2/snappy-java-1.1.8.2.jar:/home/runner/.m2/repository/org/slf4j/jul-to-slf4j/1.7.30/jul-to-slf4j-1.7.30.jar:/home/runner/.m2/repository/org/eclipse/jetty/jetty-util/9.4.43.v20210629/jetty-util-9.4.43.v20210629.jar:/home/runner/.m2/repository/com/fasterxml/jackson/core/jackson-databind/2.12.1/jackson-databind-2.12.1.jar:/home/runner/.m2/repository/org/apache/hadoop/hadoop-kms/3.3.1/hadoop-kms-3.3.1-tests.jar:/home/runner/.m2/repository/org/apache/ozone/hdds-server-scm/1.3.0-SNAPSHOT/hdds-server-scm-1.3.0-SNAPSHOT-tests.jar:/home/runner/.m2/repository/org/apache/ozone/hdds-container-service/1.3.0-SNAPSHOT/hdds-container-service-1.3.0-SNAPSHOT-tests.jar:/home/runner/.m2/repository/commons-codec/commons-codec/1.11/commons-codec-1.11.jar:/home/runner/.m2/repository/io/netty/netty-transport/4.1.63.Final/netty-transport-4.1.63.Final.jar:/home/runner/.m2/repository/io/netty/netty-resolver/4.1.63.Final/netty-resolver-4.1.63.Final.jar:/home/runner/.m2/repository/io/netty/netty-codec/4.1.63.Final/netty-codec-4.1.63.Final.jar:/home/runner/.m2/repository/io/netty/netty-handler/4.1.63.Final/netty-handler-4.1.63.Final.jar:/home/runner/.m2/repository/org/apache/ozone/hdds-hadoop-dependency-test/1.3.0-SNAPSHOT/hdds-hadoop-dependency-test-1.3.0-SNAPSHOT.jar:/home/runner/.m2/repository/org/apache/hadoop/hadoop-common/3.3.1/hadoop-common-3.3.1-tests.jar:/home/runner/.m2/repository/org/assertj/assertj-core/3.12.2/assertj-core-3.12.2.jar:/home/runner/.m2/repository/org/apache/hadoop/hadoop-hdfs/3.3.1/hadoop-hdfs-3.3.1-tests.jar:/home/runner/.m2/repository/org/eclipse/jetty/jetty-util-ajax/9.4.43.v20210629/jetty-util-ajax-9.4.43.v20210629.jar:/home/runner/.m2/repository/commons-daemon/commons-daemon/1.0.13/commons-daemon-1.0.13.jar:/home/runner/.m2/repository/io/netty/netty/3.10.6.Final/netty-3.10.6.Final.jar:/home/runner/.m2/repository/io/netty/netty-all/4.1.63.Final/netty-all-4.1.63.Final.jar:/home/runner/.m2/repository/org/apache/htrace/htrace-core4/4.1.0-incubating/htrace-core4-4.1.0-incubating.jar:/home/runner/.m2/repository/org/fusesource/leveldbjni/leveldbjni-all/1.8/leveldbjni-all-1.8.jar:/home/runner/.m2/repository/org/apache/hadoop/hadoop-distcp/3.3.1/hadoop-distcp-3.3.1.jar:/home/runner/.m2/repository/org/apache/hadoop/hadoop-mapreduce-client-jobclient/3.3.1/hadoop-mapreduce-client-jobclient-3.3.1.jar:/home/runner/.m2/repository/org/apache/hadoop/hadoop-mapreduce-client-common/3.3.1/hadoop-mapreduce-client-common-3.3.1.jar:/home/runner/.m2/repository/org/apache/hadoop/hadoop-yarn-common/3.3.1/hadoop-yarn-common-3.3.1.jar:/home/runner/.m2/repository/org/apache/hadoop/hadoop-yarn-api/3.3.1/hadoop-yarn-api-3.3.1.jar:/home/runner/.m2/repository/com/sun/jersey/jersey-client/1.19/jersey-client-1.19.jar:/home/runner/.m2/repository/com/sun/jersey/contribs/jersey-guice/1.19/jersey-guice-1.19.jar:/home/runner/.m2/repository/com/fasterxml/jackson/jaxrs/jackson-jaxrs-json-provider/2.12.1/jackson-jaxrs-json-provider-2.12.1.jar:/home/runner/.m2/repository/com/fasterxml/jackson/jaxrs/jackson-jaxrs-base/2.12.1/jackson-jaxrs-base-2.12.1.jar:/home/runner/.m2/repository/org/apache/hadoop/hadoop-yarn-client/3.3.1/hadoop-yarn-client-3.3.1.jar:/home/runner/.m2/repository/org/eclipse/jetty/websocket/websocket-client/9.4.40.v20210413/websocket-client-9.4.40.v20210413.jar:/home/runner/.m2/repository/org/eclipse/jetty/jetty-client/9.4.40.v20210413/jetty-client-9.4.40.v20210413.jar:/home/runner/.m2/repository/org/eclipse/jetty/websocket/websocket-common/9.4.40.v20210413/websocket-common-9.4.40.v20210413.jar:/home/runner/.m2/repository/org/eclipse/jetty/websocket/websocket-api/9.4.40.v20210413/websocket-api-9.4.40.v20210413.jar:/home/runner/.m2/repository/org/jline/jline/3.9.0/jline-3.9.0.jar:/home/runner/.m2/repository/org/apache/hadoop/hadoop-mapreduce-client-core/3.3.1/hadoop-mapreduce-client-core-3.3.1.jar:/home/runner/.m2/repository/org/apache/avro/avro/1.7.7/avro-1.7.7.jar:/home/runner/.m2/repository/org/codehaus/jackson/jackson-core-asl/1.9.13/jackson-core-asl-1.9.13.jar:/home/runner/.m2/repository/org/codehaus/jackson/jackson-mapper-asl/1.9.13/jackson-mapper-asl-1.9.13.jar:/home/runner/.m2/repository/com/thoughtworks/paranamer/paranamer/2.3/paranamer-2.3.jar:/home/runner/.m2/repository/org/apache/hadoop/hadoop-annotations/3.3.1/hadoop-annotations-3.3.1.jar:/usr/lib/jvm/adoptopenjdk-8-hotspot-amd64/jre/../lib/tools.jar:/home/runner/.m2/repository/org/apache/hadoop/hadoop-distcp/3.3.1/hadoop-distcp-3.3.1-tests.jar:/home/runner/.m2/repository/org/apache/ratis/ratis-common/2.2.0/ratis-common-2.2.0.jar:/home/runner/.m2/repository/org/apache/ratis/ratis-thirdparty-misc/0.7.0/ratis-thirdparty-misc-0.7.0.jar:/home/runner/.m2/repository/org/apache/ratis/ratis-proto/2.2.0/ratis-proto-2.2.0.jar:"/>
    <property name="sun.cpu.endian" value="little"/>
    <property name="user.home" value="/home/runner"/>
    <property name="user.language" value="en"/>
    <property name="java.specification.vendor" value="Oracle Corporation"/>
    <property name="java.home" value="/usr/lib/jvm/adoptopenjdk-8-hotspot-amd64/jre"/>
    <property name="java.security.krb5.conf" value="/home/runner/work/ozone/ozone/hadoop-ozone/integration-test/target/test-classes/krb5.conf"/>
    <property name="basedir" value="/home/runner/work/ozone/ozone/hadoop-ozone/integration-test"/>
    <property name="file.separator" value="/"/>
    <property name="line.separator" value="&#10;"/>
    <property name="java.vm.specification.vendor" value="Oracle Corporation"/>
    <property name="java.specification.name" value="Java Platform API Specification"/>
    <property name="java.awt.graphicsenv" value="sun.awt.X11GraphicsEnvironment"/>
    <property name="skip.installnpx" value="true"/>
    <property name="surefire.real.class.path" value="/home/runner/work/ozone/ozone/hadoop-ozone/integration-test/target/surefire/surefirebooter4363184086626396455.jar:/home/runner/.m2/repository/org/jacoco/org.jacoco.agent/0.8.5/org.jacoco.agent-0.8.5-runtime.jar"/>
    <property name="hadoop.log.dir" value="/home/runner/work/ozone/ozone/hadoop-ozone/integration-test/target/log"/>
    <property name="sun.boot.class.path" value="/usr/lib/jvm/adoptopenjdk-8-hotspot-amd64/jre/lib/resources.jar:/usr/lib/jvm/adoptopenjdk-8-hotspot-amd64/jre/lib/rt.jar:/usr/lib/jvm/adoptopenjdk-8-hotspot-amd64/jre/lib/sunrsasign.jar:/usr/lib/jvm/adoptopenjdk-8-hotspot-amd64/jre/lib/jsse.jar:/usr/lib/jvm/adoptopenjdk-8-hotspot-amd64/jre/lib/jce.jar:/usr/lib/jvm/adoptopenjdk-8-hotspot-amd64/jre/lib/charsets.jar:/usr/lib/jvm/adoptopenjdk-8-hotspot-amd64/jre/lib/jfr.jar:/usr/lib/jvm/adoptopenjdk-8-hotspot-amd64/jre/classes"/>
    <property name="sun.management.compiler" value="HotSpot 64-Bit Tiered Compilers"/>
    <property name="skip.npx" value="true"/>
    <property name="java.runtime.version" value="1.8.0_292-b10"/>
    <property name="java.net.preferIPv4Stack" value="true"/>
    <property name="user.name" value="runner"/>
    <property name="path.separator" value=":"/>
    <property name="java.security.egd" value="file:///dev/urandom"/>
    <property name="os.version" value="5.4.0-1064-azure"/>
    <property name="java.endorsed.dirs" value="/usr/lib/jvm/adoptopenjdk-8-hotspot-amd64/jre/lib/endorsed"/>
    <property name="java.runtime.name" value="OpenJDK Runtime Environment"/>
    <property name="file.encoding" value="UTF-8"/>
    <property name="java.vm.name" value="OpenJDK 64-Bit Server VM"/>
    <property name="test.build.webapps" value=""/>
    <property name="localRepository" value="/home/runner/.m2/repository"/>
    <property name="java.vendor.url.bug" value="https://github.com/AdoptOpenJDK/openjdk-support/issues"/>
    <property name="java.io.tmpdir" value="/tmp"/>
    <property name="require.test.libhadoop" value=""/>
    <property name="java.version" value="1.8.0_292"/>
    <property name="user.dir" value="/home/runner/work/ozone/ozone/hadoop-ozone/integration-test"/>
    <property name="os.arch" value="amd64"/>
    <property name="java.vm.specification.name" value="Java Virtual Machine Specification"/>
    <property name="test.build.classes" value="/home/runner/work/ozone/ozone/hadoop-ozone/integration-test/target/test-classes"/>
    <property name="java.awt.printerjob" value="sun.print.PSPrinterJob"/>
    <property name="sun.os.patch.level" value="unknown"/>
    <property name="hadoop.tmp.dir" value="/home/runner/work/ozone/ozone/hadoop-ozone/integration-test/target/tmp"/>
    <property name="java.library.path" value="/usr/java/packages/lib/amd64:/usr/lib64:/lib64:/lib:/usr/lib"/>
    <property name="java.vm.info" value="mixed mode"/>
    <property name="java.vendor" value="AdoptOpenJDK"/>
    <property name="java.vm.version" value="25.292-b10"/>
    <property name="java.ext.dirs" value="/usr/lib/jvm/adoptopenjdk-8-hotspot-amd64/jre/lib/ext:/usr/java/packages/lib/ext"/>
    <property name="sun.io.unicode.encoding" value="UnicodeLittle"/>
    <property name="java.class.version" value="52.0"/>
  </properties>
  <testcase name="testNonPrivilegedUserMkdirCreateBucket[0]" classname="org.apache.hadoop.fs.ozone.TestRootedOzoneFileSystem" time="0.069"/>
  <testcase name="testRenameFile[0]" classname="org.apache.hadoop.fs.ozone.TestRootedOzoneFileSystem" time="0.348"/>
  <testcase name="testListStatusRootAndVolumeRecursive[0]" classname="org.apache.hadoop.fs.ozone.TestRootedOzoneFileSystem" time="1.177"/>
  <testcase name="testTempMount[0]" classname="org.apache.hadoop.fs.ozone.TestRootedOzoneFileSystem" time="0.131"/>
  <testcase name="testListStatusRootAndVolumeNonRecursive[0]" classname="org.apache.hadoop.fs.ozone.TestRootedOzoneFileSystem" time="0.294"/>
  <testcase name="testDeleteVolumeAndBucket[0]" classname="org.apache.hadoop.fs.ozone.TestRootedOzoneFileSystem" time="0.058"/>
  <testcase name="testRenameDirToItsOwnSubDir[0]" classname="org.apache.hadoop.fs.ozone.TestRootedOzoneFileSystem" time="0.014"/>
  <testcase name="testOzoneFsServiceLoader[0]" classname="org.apache.hadoop.fs.ozone.TestRootedOzoneFileSystem" time="0.021"/>
  <testcase name="testTrash[0]" classname="org.apache.hadoop.fs.ozone.TestRootedOzoneFileSystem" time="0">
    <skipped/>
  </testcase>
  <testcase name="testRenameDestinationParentDoesntExist[0]" classname="org.apache.hadoop.fs.ozone.TestRootedOzoneFileSystem" time="0.039"/>
  <testcase name="testGetFileStatusRoot[0]" classname="org.apache.hadoop.fs.ozone.TestRootedOzoneFileSystem" time="0.005"/>
  <testcase name="testCreateWithInvalidPaths[0]" classname="org.apache.hadoop.fs.ozone.TestRootedOzoneFileSystem" time="0.005"/>
  <testcase name="testDeleteEmptyVolume[0]" classname="org.apache.hadoop.fs.ozone.TestRootedOzoneFileSystem" time="0.033"/>
  <testcase name="testListStatusRootAndVolumeContinuation[0]" classname="org.apache.hadoop.fs.ozone.TestRootedOzoneFileSystem" time="0">
    <skipped message="FS Path is enabled. Skipping this test as it is not tuned for FS Path yet" type="org.junit.AssumptionViolatedException">org.junit.AssumptionViolatedException: FS Path is enabled. Skipping this test as it is not tuned for FS Path yet
	at org.junit.Assume.assumeTrue(Assume.java:68)
	at org.apache.hadoop.fs.ozone.TestRootedOzoneFileSystem.testListStatusRootAndVolumeContinuation(TestRootedOzoneFileSystem.java:887)
	at sun.reflect.NativeMethodAccessorImpl.invoke0(Native Method)
	at sun.reflect.NativeMethodAccessorImpl.invoke(NativeMethodAccessorImpl.java:62)
	at sun.reflect.DelegatingMethodAccessorImpl.invoke(DelegatingMethodAccessorImpl.java:43)
	at java.lang.reflect.Method.invoke(Method.java:498)
	at org.junit.runners.model.FrameworkMethod$1.runReflectiveCall(FrameworkMethod.java:59)
	at org.junit.internal.runners.model.ReflectiveCallable.run(ReflectiveCallable.java:12)
	at org.junit.runners.model.FrameworkMethod.invokeExplosively(FrameworkMethod.java:56)
	at org.junit.internal.runners.statements.InvokeMethod.evaluate(InvokeMethod.java:17)
	at org.junit.internal.runners.statements.FailOnTimeout$CallableStatement.call(FailOnTimeout.java:288)
	at org.junit.internal.runners.statements.FailOnTimeout$CallableStatement.call(FailOnTimeout.java:282)
	at java.util.concurrent.FutureTask.run(FutureTask.java:266)
	at java.lang.Thread.run(Thread.java:748)
</skipped>
  </testcase>
  <testcase name="testDeleteVolumeBucketAndKey[0]" classname="org.apache.hadoop.fs.ozone.TestRootedOzoneFileSystem" time="0.137"/>
  <testcase name="testRenameToParentDir[0]" classname="org.apache.hadoop.fs.ozone.TestRootedOzoneFileSystem" time="0.09"/>
  <testcase name="testMkdirNonExistentVolumeBucket[0]" classname="org.apache.hadoop.fs.ozone.TestRootedOzoneFileSystem" time="0.02"/>
  <testcase name="testFailToDeleteRoot[0]" classname="org.apache.hadoop.fs.ozone.TestRootedOzoneFileSystem" time="0.008"/>
  <testcase name="testListStatusOnSubDirs[0]" classname="org.apache.hadoop.fs.ozone.TestRootedOzoneFileSystem" time="0.083"/>
  <testcase name="testListStatus[0]" classname="org.apache.hadoop.fs.ozone.TestRootedOzoneFileSystem" time="0.079"/>
  <testcase name="testGetTrashRoots[0]" classname="org.apache.hadoop.fs.ozone.TestRootedOzoneFileSystem" time="0.645"/>
  <testcase name="testCreateDoesNotAddParentDirKeys[0]" classname="org.apache.hadoop.fs.ozone.TestRootedOzoneFileSystem" time="0.067"/>
  <testcase name="testMkdirNonExistentVolume[0]" classname="org.apache.hadoop.fs.ozone.TestRootedOzoneFileSystem" time="0.015"/>
  <testcase name="testDeleteCreatesFakeParentDir[0]" classname="org.apache.hadoop.fs.ozone.TestRootedOzoneFileSystem" time="0">
    <skipped message="FS Path is enabled. Skipping this test as it is not tuned for FS Path yet" type="org.junit.AssumptionViolatedException">org.junit.AssumptionViolatedException: FS Path is enabled. Skipping this test as it is not tuned for FS Path yet
	at org.junit.Assume.assumeTrue(Assume.java:68)
	at org.apache.hadoop.fs.ozone.TestRootedOzoneFileSystem.testDeleteCreatesFakeParentDir(TestRootedOzoneFileSystem.java:302)
	at sun.reflect.NativeMethodAccessorImpl.invoke0(Native Method)
	at sun.reflect.NativeMethodAccessorImpl.invoke(NativeMethodAccessorImpl.java:62)
	at sun.reflect.DelegatingMethodAccessorImpl.invoke(DelegatingMethodAccessorImpl.java:43)
	at java.lang.reflect.Method.invoke(Method.java:498)
	at org.junit.runners.model.FrameworkMethod$1.runReflectiveCall(FrameworkMethod.java:59)
	at org.junit.internal.runners.model.ReflectiveCallable.run(ReflectiveCallable.java:12)
	at org.junit.runners.model.FrameworkMethod.invokeExplosively(FrameworkMethod.java:56)
	at org.junit.internal.runners.statements.InvokeMethod.evaluate(InvokeMethod.java:17)
	at org.junit.internal.runners.statements.FailOnTimeout$CallableStatement.call(FailOnTimeout.java:288)
	at org.junit.internal.runners.statements.FailOnTimeout$CallableStatement.call(FailOnTimeout.java:282)
	at java.util.concurrent.FutureTask.run(FutureTask.java:266)
	at java.lang.Thread.run(Thread.java:748)
</skipped>
  </testcase>
  <testcase name="testNonExplicitlyCreatedPathExistsAfterItsLeafsWereRemoved[0]" classname="org.apache.hadoop.fs.ozone.TestRootedOzoneFileSystem" time="0.061"/>
  <testcase name="testFileDelete[0]" classname="org.apache.hadoop.fs.ozone.TestRootedOzoneFileSystem" time="0.209"/>
  <testcase name="testRenameToTrashEnabled[0]" classname="org.apache.hadoop.fs.ozone.TestRootedOzoneFileSystem" time="0.13"/>
  <testcase name="testMkdirOnNonExistentVolumeBucketDir[0]" classname="org.apache.hadoop.fs.ozone.TestRootedOzoneFileSystem" time="0">
    <skipped message="FS Path is enabled. Skipping this test as it is not tuned for FS Path yet" type="org.junit.AssumptionViolatedException">org.junit.AssumptionViolatedException: FS Path is enabled. Skipping this test as it is not tuned for FS Path yet
	at org.junit.Assume.assumeTrue(Assume.java:68)
	at org.apache.hadoop.fs.ozone.TestRootedOzoneFileSystem.testMkdirOnNonExistentVolumeBucketDir(TestRootedOzoneFileSystem.java:405)
	at sun.reflect.NativeMethodAccessorImpl.invoke0(Native Method)
	at sun.reflect.NativeMethodAccessorImpl.invoke(NativeMethodAccessorImpl.java:62)
	at sun.reflect.DelegatingMethodAccessorImpl.invoke(DelegatingMethodAccessorImpl.java:43)
	at java.lang.reflect.Method.invoke(Method.java:498)
	at org.junit.runners.model.FrameworkMethod$1.runReflectiveCall(FrameworkMethod.java:59)
	at org.junit.internal.runners.model.ReflectiveCallable.run(ReflectiveCallable.java:12)
	at org.junit.runners.model.FrameworkMethod.invokeExplosively(FrameworkMethod.java:56)
	at org.junit.internal.runners.statements.InvokeMethod.evaluate(InvokeMethod.java:17)
	at org.junit.internal.runners.statements.FailOnTimeout$CallableStatement.call(FailOnTimeout.java:288)
	at org.junit.internal.runners.statements.FailOnTimeout$CallableStatement.call(FailOnTimeout.java:282)
	at java.util.concurrent.FutureTask.run(FutureTask.java:266)
	at java.lang.Thread.run(Thread.java:748)
</skipped>
  </testcase>
  <testcase name="testListStatusOnLargeDirectory[0]" classname="org.apache.hadoop.fs.ozone.TestRootedOzoneFileSystem" time="13.771"/>
  <testcase name="testRenameToDifferentBucket[0]" classname="org.apache.hadoop.fs.ozone.TestRootedOzoneFileSystem" time="0.023"/>
  <testcase name="testListStatusInBucket[0]" classname="org.apache.hadoop.fs.ozone.TestRootedOzoneFileSystem" time="0.01"/>
  <testcase name="testRenameFileToDir[0]" classname="org.apache.hadoop.fs.ozone.TestRootedOzoneFileSystem" time="0.039"/>
  <testcase name="testNonPrivilegedUserMkdirCreateBucket[1]" classname="org.apache.hadoop.fs.ozone.TestRootedOzoneFileSystem" time="0">
    <skipped message="ACL is not enabled. Skipping this test as it requires ACL to be enabled to be meaningful." type="org.junit.AssumptionViolatedException">org.junit.AssumptionViolatedException: ACL is not enabled. Skipping this test as it requires ACL to be enabled to be meaningful.
	at org.junit.Assume.assumeTrue(Assume.java:68)
	at org.apache.hadoop.fs.ozone.TestRootedOzoneFileSystem.testNonPrivilegedUserMkdirCreateBucket(TestRootedOzoneFileSystem.java:1582)
	at sun.reflect.NativeMethodAccessorImpl.invoke0(Native Method)
	at sun.reflect.NativeMethodAccessorImpl.invoke(NativeMethodAccessorImpl.java:62)
	at sun.reflect.DelegatingMethodAccessorImpl.invoke(DelegatingMethodAccessorImpl.java:43)
	at java.lang.reflect.Method.invoke(Method.java:498)
	at org.junit.runners.model.FrameworkMethod$1.runReflectiveCall(FrameworkMethod.java:59)
	at org.junit.internal.runners.model.ReflectiveCallable.run(ReflectiveCallable.java:12)
	at org.junit.runners.model.FrameworkMethod.invokeExplosively(FrameworkMethod.java:56)
	at org.junit.internal.runners.statements.InvokeMethod.evaluate(InvokeMethod.java:17)
	at org.junit.internal.runners.statements.FailOnTimeout$CallableStatement.call(FailOnTimeout.java:288)
	at org.junit.internal.runners.statements.FailOnTimeout$CallableStatement.call(FailOnTimeout.java:282)
	at java.util.concurrent.FutureTask.run(FutureTask.java:266)
	at java.lang.Thread.run(Thread.java:748)
</skipped>
    <system-out><![CDATA[2021-12-22 08:21:12,759 [Listener at 127.0.0.1/38215] INFO  ozone.MiniOzoneClusterImpl (MiniOzoneClusterImpl.java:shutdown(453)) - Shutting down the Mini Ozone Cluster
2021-12-22 08:21:12,759 [Listener at 127.0.0.1/38215] INFO  ozone.MiniOzoneClusterImpl (MiniOzoneClusterImpl.java:stop(468)) - Stopping the Mini Ozone Cluster
2021-12-22 08:21:12,760 [Listener at 127.0.0.1/38215] INFO  ozone.MiniOzoneClusterImpl (MiniOzoneClusterImpl.java:stopOM(550)) - Stopping the OzoneManager
2021-12-22 08:21:12,760 [Listener at 127.0.0.1/38215] INFO  om.OzoneManager (OzoneManager.java:stop(1893)) - om1[localhost:0]: Stopping Ozone Manager
2021-12-22 08:21:12,760 [Listener at 127.0.0.1/38215] INFO  ipc.Server (Server.java:stop(3414)) - Stopping server on 38215
2021-12-22 08:21:12,764 [IPC Server Responder] INFO  ipc.Server (Server.java:run(1512)) - Stopping IPC Server Responder
2021-12-22 08:21:12,764 [IPC Server listener on 0] INFO  ipc.Server (Server.java:run(1376)) - Stopping IPC Server listener on 0
2021-12-22 08:21:12,766 [Listener at 127.0.0.1/38215] INFO  server.RaftServer (RaftServerProxy.java:lambda$close$6(391)) - om1: close
2021-12-22 08:21:12,766 [Listener at 127.0.0.1/38215] INFO  server.RaftServer$Division (RaftServerImpl.java:lambda$close$4(412)) - om1@group-C5BA1605619E: shutdown
2021-12-22 08:21:12,767 [Listener at 127.0.0.1/38215] INFO  util.JmxRegister (JmxRegister.java:unregister(73)) - Successfully un-registered JMX Bean with object name Ratis:service=RaftServer,group=group-C5BA1605619E,id=om1
2021-12-22 08:21:12,767 [Listener at 127.0.0.1/38215] INFO  impl.RoleInfo (RoleInfo.java:shutdownLeaderState(91)) - om1: shutdown om1@group-C5BA1605619E-LeaderStateImpl
2021-12-22 08:21:12,767 [Listener at 127.0.0.1/38215] INFO  impl.PendingRequests (PendingRequests.java:sendNotLeaderResponses(282)) - om1@group-C5BA1605619E-PendingRequests: sendNotLeaderResponses
2021-12-22 08:21:12,770 [Listener at 127.0.0.1/38215] INFO  impl.StateMachineUpdater (StateMachineUpdater.java:stopAndJoin(149)) - om1@group-C5BA1605619E-StateMachineUpdater: set stopIndex = 6562
2021-12-22 08:21:12,771 [om1@group-C5BA1605619E-StateMachineUpdater] INFO  ratis.OzoneManagerStateMachine (OzoneManagerStateMachine.java:takeSnapshot(417)) - Current Snapshot Index (t:1, i:6562)
2021-12-22 08:21:12,772 [om1@group-C5BA1605619E-StateMachineUpdater] INFO  impl.StateMachineUpdater (StateMachineUpdater.java:takeSnapshot(281)) - om1@group-C5BA1605619E-StateMachineUpdater: Took a snapshot at index 6562
2021-12-22 08:21:12,773 [om1@group-C5BA1605619E-StateMachineUpdater] INFO  impl.StateMachineUpdater (StateMachineUpdater.java:lambda$new$0(89)) - om1@group-C5BA1605619E-StateMachineUpdater: snapshotIndex: updateIncreasingly -1 -> 6562
2021-12-22 08:21:12,773 [om1@group-C5BA1605619E-StateMachineUpdater] INFO  ratis.OzoneManagerStateMachine (OzoneManagerStateMachine.java:close(471)) - StateMachine has shutdown. Shutdown OzoneManager if not already shutdown.
2021-12-22 08:21:12,773 [Listener at 127.0.0.1/38215] INFO  server.RaftServer$Division (ServerState.java:close(419)) - om1@group-C5BA1605619E: closes. applyIndex: 6562
2021-12-22 08:21:12,776 [om1@group-C5BA1605619E-SegmentedRaftLogWorker] INFO  segmented.SegmentedRaftLogWorker (SegmentedRaftLogWorker.java:run(327)) - om1@group-C5BA1605619E-SegmentedRaftLogWorker was interrupted, exiting. There are 0 tasks remaining in the queue.
2021-12-22 08:21:12,777 [Listener at 127.0.0.1/38215] INFO  segmented.SegmentedRaftLogWorker (SegmentedRaftLogWorker.java:close(237)) - om1@group-C5BA1605619E-SegmentedRaftLogWorker close()
2021-12-22 08:21:12,778 [Listener at 127.0.0.1/38215] INFO  server.GrpcService (GrpcService.java:closeImpl(262)) - om1: shutdown server with port 9872 now
2021-12-22 08:21:12,780 [Listener at 127.0.0.1/38215] INFO  server.GrpcService (GrpcService.java:closeImpl(271)) - om1: shutdown server with port 9872 successfully
2021-12-22 08:21:12,780 [org.apache.ratis.util.JvmPauseMonitor$$Lambda$528/1268289547@24bd88df] INFO  util.JvmPauseMonitor (JvmPauseMonitor.java:run(109)) - JvmPauseMonitor-om1: Stopped
2021-12-22 08:21:12,781 [Listener at 127.0.0.1/38215] INFO  ratis.OzoneManagerDoubleBuffer (OzoneManagerDoubleBuffer.java:stop(437)) - Stopping OMDoubleBuffer flush thread
2021-12-22 08:21:12,782 [OMDoubleBufferFlushThread] INFO  ratis.OzoneManagerDoubleBuffer (OzoneManagerDoubleBuffer.java:flushTransactions(356)) - OMDoubleBuffer flush thread OMDoubleBufferFlushThread is interrupted and will exit. OMDoubleBufferFlushThread
2021-12-22 08:21:12,787 [Listener at 127.0.0.1/38215] INFO  utils.BackgroundService (BackgroundService.java:shutdown(132)) - Shutting down service KeyDeletingService
2021-12-22 08:21:12,788 [Listener at 127.0.0.1/38215] INFO  utils.BackgroundService (BackgroundService.java:shutdown(132)) - Shutting down service DirectoryDeletingService
2021-12-22 08:21:12,790 [Listener at 127.0.0.1/38215] INFO  handler.ContextHandler (ContextHandler.java:doStop(1153)) - Stopped o.e.j.w.WebAppContext@27192b0c{ozoneManager,/,null,STOPPED}{file:/home/runner/work/ozone/ozone/hadoop-ozone/integration-test/target/test-classes/webapps/ozoneManager}
2021-12-22 08:21:12,794 [Listener at 127.0.0.1/38215] INFO  server.AbstractConnector (AbstractConnector.java:doStop(381)) - Stopped ServerConnector@3fc0a2c{HTTP/1.1, (http/1.1)}{0.0.0.0:0}
2021-12-22 08:21:12,794 [Listener at 127.0.0.1/38215] INFO  server.session (HouseKeeper.java:stopScavenging(149)) - node0 Stopped scavenging
2021-12-22 08:21:12,795 [Listener at 127.0.0.1/38215] INFO  handler.ContextHandler (ContextHandler.java:doStop(1153)) - Stopped o.e.j.s.ServletContextHandler@3e8742de{static,/static,file:///home/runner/work/ozone/ozone/hadoop-ozone/integration-test/target/test-classes/webapps/static,STOPPED}
2021-12-22 08:21:12,795 [Listener at 127.0.0.1/38215] INFO  handler.ContextHandler (ContextHandler.java:doStop(1153)) - Stopped o.e.j.s.ServletContextHandler@49e4b332{logs,/logs,file:///home/runner/work/ozone/ozone/hadoop-ozone/integration-test/target/log,STOPPED}
2021-12-22 08:21:12,805 [Listener at 127.0.0.1/38215] INFO  ozone.MiniOzoneClusterImpl (MiniOzoneClusterImpl.java:stopDatanodes(527)) - Stopping the HddsDatanodes
2021-12-22 08:21:17,807 [ForkJoinPool.commonPool-worker-0] INFO  ozoneimpl.OzoneContainer (OzoneContainer.java:stop(336)) - Attempting to stop container services.
2021-12-22 08:21:17,807 [Listener at 127.0.0.1/38215] INFO  ozoneimpl.OzoneContainer (OzoneContainer.java:stop(336)) - Attempting to stop container services.
2021-12-22 08:21:17,808 [ForkJoinPool.commonPool-worker-0] INFO  server.RaftServer (RaftServerProxy.java:lambda$close$6(391)) - 122f57d7-85ca-4032-9d11-5c827f47b1df: close
2021-12-22 08:21:17,808 [ForkJoinPool.commonPool-worker-0] INFO  server.RaftServer$Division (RaftServerImpl.java:lambda$close$4(412)) - 122f57d7-85ca-4032-9d11-5c827f47b1df@group-052A812D93A1: shutdown
2021-12-22 08:21:17,808 [Listener at 127.0.0.1/38215] INFO  server.RaftServer (RaftServerProxy.java:lambda$close$6(391)) - e725a8c5-19b0-460f-930e-a726899c5b39: close
2021-12-22 08:21:17,808 [ForkJoinPool.commonPool-worker-0] INFO  util.JmxRegister (JmxRegister.java:unregister(73)) - Successfully un-registered JMX Bean with object name Ratis:service=RaftServer,group=group-052A812D93A1,id=122f57d7-85ca-4032-9d11-5c827f47b1df
2021-12-22 08:21:17,809 [ForkJoinPool.commonPool-worker-0] INFO  impl.RoleInfo (RoleInfo.java:shutdownFollowerState(108)) - 122f57d7-85ca-4032-9d11-5c827f47b1df: shutdown 122f57d7-85ca-4032-9d11-5c827f47b1df@group-052A812D93A1-FollowerState
2021-12-22 08:21:17,809 [Listener at 127.0.0.1/38215] INFO  server.RaftServer$Division (RaftServerImpl.java:lambda$close$4(412)) - e725a8c5-19b0-460f-930e-a726899c5b39@group-052A812D93A1: shutdown
2021-12-22 08:21:17,809 [122f57d7-85ca-4032-9d11-5c827f47b1df@group-052A812D93A1-FollowerState] INFO  impl.FollowerState (FollowerState.java:run(143)) - 122f57d7-85ca-4032-9d11-5c827f47b1df@group-052A812D93A1-FollowerState was interrupted: {}
java.lang.InterruptedException: sleep interrupted
	at java.lang.Thread.sleep(Native Method)
	at java.lang.Thread.sleep(Thread.java:340)
	at java.util.concurrent.TimeUnit.sleep(TimeUnit.java:386)
	at org.apache.ratis.util.TimeDuration.sleep(TimeDuration.java:324)
	at org.apache.ratis.util.TimeDuration.sleep(TimeDuration.java:309)
	at org.apache.ratis.server.impl.FollowerState.run(FollowerState.java:118)
2021-12-22 08:21:17,809 [122f57d7-85ca-4032-9d11-5c827f47b1df@group-052A812D93A1-StateMachineUpdater] INFO  ratis.ContainerStateMachine (ContainerStateMachine.java:takeSnapshot(299)) - group-052A812D93A1: Taking a snapshot at:(t:2, i:27) file /home/runner/work/ozone/ozone/hadoop-ozone/integration-test/target/test-dir/MiniOzoneClusterImpl-d4a89530-9532-420d-bd3b-841d7e3928d7/datanode-0/data/ratis/745addfd-84d2-4060-ac31-052a812d93a1/sm/snapshot.2_27
2021-12-22 08:21:17,809 [Listener at 127.0.0.1/38215] INFO  util.JmxRegister (JmxRegister.java:unregister(73)) - Successfully un-registered JMX Bean with object name Ratis:service=RaftServer,group=group-052A812D93A1,id=e725a8c5-19b0-460f-930e-a726899c5b39
2021-12-22 08:21:17,810 [Listener at 127.0.0.1/38215] INFO  impl.RoleInfo (RoleInfo.java:shutdownFollowerState(108)) - e725a8c5-19b0-460f-930e-a726899c5b39: shutdown e725a8c5-19b0-460f-930e-a726899c5b39@group-052A812D93A1-FollowerState
2021-12-22 08:21:17,810 [Listener at 127.0.0.1/38215] INFO  impl.StateMachineUpdater (StateMachineUpdater.java:stopAndJoin(149)) - e725a8c5-19b0-460f-930e-a726899c5b39@group-052A812D93A1-StateMachineUpdater: set stopIndex = 27
2021-12-22 08:21:17,810 [e725a8c5-19b0-460f-930e-a726899c5b39@group-052A812D93A1-StateMachineUpdater] INFO  ratis.ContainerStateMachine (ContainerStateMachine.java:takeSnapshot(299)) - group-052A812D93A1: Taking a snapshot at:(t:2, i:27) file /home/runner/work/ozone/ozone/hadoop-ozone/integration-test/target/test-dir/MiniOzoneClusterImpl-d4a89530-9532-420d-bd3b-841d7e3928d7/datanode-1/data/ratis/745addfd-84d2-4060-ac31-052a812d93a1/sm/snapshot.2_27
2021-12-22 08:21:17,810 [e725a8c5-19b0-460f-930e-a726899c5b39@group-052A812D93A1-FollowerState] INFO  impl.FollowerState (FollowerState.java:run(143)) - e725a8c5-19b0-460f-930e-a726899c5b39@group-052A812D93A1-FollowerState was interrupted: {}
java.lang.InterruptedException: sleep interrupted
	at java.lang.Thread.sleep(Native Method)
	at java.lang.Thread.sleep(Thread.java:340)
	at java.util.concurrent.TimeUnit.sleep(TimeUnit.java:386)
	at org.apache.ratis.util.TimeDuration.sleep(TimeDuration.java:324)
	at org.apache.ratis.util.TimeDuration.sleep(TimeDuration.java:309)
	at org.apache.ratis.server.impl.FollowerState.run(FollowerState.java:118)
2021-12-22 08:21:17,809 [ForkJoinPool.commonPool-worker-0] INFO  impl.StateMachineUpdater (StateMachineUpdater.java:stopAndJoin(149)) - 122f57d7-85ca-4032-9d11-5c827f47b1df@group-052A812D93A1-StateMachineUpdater: set stopIndex = 27
2021-12-22 08:21:17,853 [e725a8c5-19b0-460f-930e-a726899c5b39@group-052A812D93A1-StateMachineUpdater] INFO  ratis.ContainerStateMachine (ContainerStateMachine.java:takeSnapshot(310)) - group-052A812D93A1: Finished taking a snapshot at:(t:2, i:27) file:/home/runner/work/ozone/ozone/hadoop-ozone/integration-test/target/test-dir/MiniOzoneClusterImpl-d4a89530-9532-420d-bd3b-841d7e3928d7/datanode-1/data/ratis/745addfd-84d2-4060-ac31-052a812d93a1/sm/snapshot.2_27 took: 42 ms
2021-12-22 08:21:17,854 [e725a8c5-19b0-460f-930e-a726899c5b39@group-052A812D93A1-StateMachineUpdater] INFO  impl.StateMachineUpdater (StateMachineUpdater.java:takeSnapshot(281)) - e725a8c5-19b0-460f-930e-a726899c5b39@group-052A812D93A1-StateMachineUpdater: Took a snapshot at index 27
2021-12-22 08:21:17,854 [e725a8c5-19b0-460f-930e-a726899c5b39@group-052A812D93A1-StateMachineUpdater] INFO  impl.StateMachineUpdater (StateMachineUpdater.java:lambda$new$0(89)) - e725a8c5-19b0-460f-930e-a726899c5b39@group-052A812D93A1-StateMachineUpdater: snapshotIndex: updateIncreasingly -1 -> 27
2021-12-22 08:21:17,858 [122f57d7-85ca-4032-9d11-5c827f47b1df@group-052A812D93A1-StateMachineUpdater] INFO  ratis.ContainerStateMachine (ContainerStateMachine.java:takeSnapshot(310)) - group-052A812D93A1: Finished taking a snapshot at:(t:2, i:27) file:/home/runner/work/ozone/ozone/hadoop-ozone/integration-test/target/test-dir/MiniOzoneClusterImpl-d4a89530-9532-420d-bd3b-841d7e3928d7/datanode-0/data/ratis/745addfd-84d2-4060-ac31-052a812d93a1/sm/snapshot.2_27 took: 48 ms
2021-12-22 08:21:17,858 [122f57d7-85ca-4032-9d11-5c827f47b1df@group-052A812D93A1-StateMachineUpdater] INFO  impl.StateMachineUpdater (StateMachineUpdater.java:takeSnapshot(281)) - 122f57d7-85ca-4032-9d11-5c827f47b1df@group-052A812D93A1-StateMachineUpdater: Took a snapshot at index 27
2021-12-22 08:21:17,858 [122f57d7-85ca-4032-9d11-5c827f47b1df@group-052A812D93A1-StateMachineUpdater] INFO  impl.StateMachineUpdater (StateMachineUpdater.java:lambda$new$0(89)) - 122f57d7-85ca-4032-9d11-5c827f47b1df@group-052A812D93A1-StateMachineUpdater: snapshotIndex: updateIncreasingly -1 -> 27
2021-12-22 08:21:17,863 [Listener at 127.0.0.1/38215] INFO  server.RaftServer$Division (ServerState.java:close(419)) - e725a8c5-19b0-460f-930e-a726899c5b39@group-052A812D93A1: closes. applyIndex: 27
2021-12-22 08:21:17,863 [e725a8c5-19b0-460f-930e-a726899c5b39@group-052A812D93A1-SegmentedRaftLogWorker] INFO  segmented.SegmentedRaftLogWorker (SegmentedRaftLogWorker.java:run(327)) - e725a8c5-19b0-460f-930e-a726899c5b39@group-052A812D93A1-SegmentedRaftLogWorker was interrupted, exiting. There are 0 tasks remaining in the queue.
2021-12-22 08:21:17,864 [Listener at 127.0.0.1/38215] INFO  segmented.SegmentedRaftLogWorker (SegmentedRaftLogWorker.java:close(237)) - e725a8c5-19b0-460f-930e-a726899c5b39@group-052A812D93A1-SegmentedRaftLogWorker close()
2021-12-22 08:21:17,869 [Listener at 127.0.0.1/38215] INFO  server.RaftServer$Division (RaftServerImpl.java:lambda$close$4(412)) - e725a8c5-19b0-460f-930e-a726899c5b39@group-92367D45E19A: shutdown
2021-12-22 08:21:17,870 [Listener at 127.0.0.1/38215] INFO  util.JmxRegister (JmxRegister.java:unregister(73)) - Successfully un-registered JMX Bean with object name Ratis:service=RaftServer,group=group-92367D45E19A,id=e725a8c5-19b0-460f-930e-a726899c5b39
2021-12-22 08:21:17,870 [Listener at 127.0.0.1/38215] INFO  impl.RoleInfo (RoleInfo.java:shutdownLeaderState(91)) - e725a8c5-19b0-460f-930e-a726899c5b39: shutdown e725a8c5-19b0-460f-930e-a726899c5b39@group-92367D45E19A-LeaderStateImpl
2021-12-22 08:21:17,870 [Listener at 127.0.0.1/38215] INFO  impl.PendingRequests (PendingRequests.java:sendNotLeaderResponses(282)) - e725a8c5-19b0-460f-930e-a726899c5b39@group-92367D45E19A-PendingRequests: sendNotLeaderResponses
2021-12-22 08:21:17,870 [e725a8c5-19b0-460f-930e-a726899c5b39@group-92367D45E19A->122f57d7-85ca-4032-9d11-5c827f47b1df-GrpcLogAppender-LogAppenderDaemon] WARN  server.GrpcLogAppender (GrpcLogAppender.java:mayWait(177)) - e725a8c5-19b0-460f-930e-a726899c5b39@group-92367D45E19A->122f57d7-85ca-4032-9d11-5c827f47b1df-GrpcLogAppender: Wait interrupted by java.lang.InterruptedException
2021-12-22 08:21:17,871 [e725a8c5-19b0-460f-930e-a726899c5b39@group-92367D45E19A-StateMachineUpdater] INFO  ratis.ContainerStateMachine (ContainerStateMachine.java:takeSnapshot(299)) - group-92367D45E19A: Taking a snapshot at:(t:5, i:0) file /home/runner/work/ozone/ozone/hadoop-ozone/integration-test/target/test-dir/MiniOzoneClusterImpl-d4a89530-9532-420d-bd3b-841d7e3928d7/datanode-1/data/ratis/db536949-a2f3-48d2-bad1-92367d45e19a/sm/snapshot.5_0
2021-12-22 08:21:17,871 [Listener at 127.0.0.1/38215] INFO  impl.StateMachineUpdater (StateMachineUpdater.java:stopAndJoin(149)) - e725a8c5-19b0-460f-930e-a726899c5b39@group-92367D45E19A-StateMachineUpdater: set stopIndex = 0
2021-12-22 08:21:17,870 [e725a8c5-19b0-460f-930e-a726899c5b39@group-92367D45E19A->025bf7e3-b89c-4961-b071-3cb990573e39-GrpcLogAppender-LogAppenderDaemon] WARN  server.GrpcLogAppender (GrpcLogAppender.java:mayWait(177)) - e725a8c5-19b0-460f-930e-a726899c5b39@group-92367D45E19A->025bf7e3-b89c-4961-b071-3cb990573e39-GrpcLogAppender: Wait interrupted by java.lang.InterruptedException
2021-12-22 08:21:17,873 [ForkJoinPool.commonPool-worker-0] INFO  server.RaftServer$Division (ServerState.java:close(419)) - 122f57d7-85ca-4032-9d11-5c827f47b1df@group-052A812D93A1: closes. applyIndex: 27
2021-12-22 08:21:17,874 [122f57d7-85ca-4032-9d11-5c827f47b1df@group-052A812D93A1-SegmentedRaftLogWorker] INFO  segmented.SegmentedRaftLogWorker (SegmentedRaftLogWorker.java:run(327)) - 122f57d7-85ca-4032-9d11-5c827f47b1df@group-052A812D93A1-SegmentedRaftLogWorker was interrupted, exiting. There are 0 tasks remaining in the queue.
2021-12-22 08:21:17,874 [grpc-default-executor-2] INFO  server.GrpcServerProtocolService (GrpcServerProtocolService.java:onCompleted(140)) - 122f57d7-85ca-4032-9d11-5c827f47b1df: Completed APPEND_ENTRIES, lastRequest: e725a8c5-19b0-460f-930e-a726899c5b39->122f57d7-85ca-4032-9d11-5c827f47b1df#1-t5,previous=(t:0, i:0),leaderCommit=0,initializing? true,entries: size=1, first=(t:5, i:0), CONFIGURATIONENTRY
2021-12-22 08:21:17,874 [e725a8c5-19b0-460f-930e-a726899c5b39@group-92367D45E19A-StateMachineUpdater] INFO  ratis.ContainerStateMachine (ContainerStateMachine.java:takeSnapshot(310)) - group-92367D45E19A: Finished taking a snapshot at:(t:5, i:0) file:/home/runner/work/ozone/ozone/hadoop-ozone/integration-test/target/test-dir/MiniOzoneClusterImpl-d4a89530-9532-420d-bd3b-841d7e3928d7/datanode-1/data/ratis/db536949-a2f3-48d2-bad1-92367d45e19a/sm/snapshot.5_0 took: 4 ms
2021-12-22 08:21:17,876 [e725a8c5-19b0-460f-930e-a726899c5b39@group-92367D45E19A-StateMachineUpdater] INFO  impl.StateMachineUpdater (StateMachineUpdater.java:takeSnapshot(281)) - e725a8c5-19b0-460f-930e-a726899c5b39@group-92367D45E19A-StateMachineUpdater: Took a snapshot at index 0
2021-12-22 08:21:17,876 [e725a8c5-19b0-460f-930e-a726899c5b39@group-92367D45E19A-StateMachineUpdater] INFO  impl.StateMachineUpdater (StateMachineUpdater.java:lambda$new$0(89)) - e725a8c5-19b0-460f-930e-a726899c5b39@group-92367D45E19A-StateMachineUpdater: snapshotIndex: updateIncreasingly -1 -> 0
2021-12-22 08:21:17,874 [ForkJoinPool.commonPool-worker-0] INFO  segmented.SegmentedRaftLogWorker (SegmentedRaftLogWorker.java:close(237)) - 122f57d7-85ca-4032-9d11-5c827f47b1df@group-052A812D93A1-SegmentedRaftLogWorker close()
2021-12-22 08:21:17,874 [grpc-default-executor-1] INFO  server.GrpcServerProtocolService (GrpcServerProtocolService.java:onCompleted(140)) - 025bf7e3-b89c-4961-b071-3cb990573e39: Completed APPEND_ENTRIES, lastRequest: e725a8c5-19b0-460f-930e-a726899c5b39->025bf7e3-b89c-4961-b071-3cb990573e39#1-t5,previous=(t:0, i:0),leaderCommit=0,initializing? true,entries: size=1, first=(t:5, i:0), CONFIGURATIONENTRY
2021-12-22 08:21:17,877 [ForkJoinPool.commonPool-worker-0] INFO  server.RaftServer$Division (RaftServerImpl.java:lambda$close$4(412)) - 122f57d7-85ca-4032-9d11-5c827f47b1df@group-92367D45E19A: shutdown
2021-12-22 08:21:17,877 [ForkJoinPool.commonPool-worker-0] INFO  util.JmxRegister (JmxRegister.java:unregister(73)) - Successfully un-registered JMX Bean with object name Ratis:service=RaftServer,group=group-92367D45E19A,id=122f57d7-85ca-4032-9d11-5c827f47b1df
2021-12-22 08:21:17,878 [ForkJoinPool.commonPool-worker-0] INFO  impl.RoleInfo (RoleInfo.java:shutdownFollowerState(108)) - 122f57d7-85ca-4032-9d11-5c827f47b1df: shutdown 122f57d7-85ca-4032-9d11-5c827f47b1df@group-92367D45E19A-FollowerState
2021-12-22 08:21:17,878 [ForkJoinPool.commonPool-worker-0] INFO  impl.StateMachineUpdater (StateMachineUpdater.java:stopAndJoin(149)) - 122f57d7-85ca-4032-9d11-5c827f47b1df@group-92367D45E19A-StateMachineUpdater: set stopIndex = 0
2021-12-22 08:21:17,878 [122f57d7-85ca-4032-9d11-5c827f47b1df@group-92367D45E19A-FollowerState] INFO  impl.FollowerState (FollowerState.java:run(143)) - 122f57d7-85ca-4032-9d11-5c827f47b1df@group-92367D45E19A-FollowerState was interrupted: {}
java.lang.InterruptedException: sleep interrupted
	at java.lang.Thread.sleep(Native Method)
	at java.lang.Thread.sleep(Thread.java:340)
	at java.util.concurrent.TimeUnit.sleep(TimeUnit.java:386)
	at org.apache.ratis.util.TimeDuration.sleep(TimeDuration.java:324)
	at org.apache.ratis.util.TimeDuration.sleep(TimeDuration.java:309)
	at org.apache.ratis.server.impl.FollowerState.run(FollowerState.java:118)
2021-12-22 08:21:17,879 [grpc-default-executor-0] INFO  server.GrpcLogAppender (GrpcLogAppender.java:onCompleted(346)) - e725a8c5-19b0-460f-930e-a726899c5b39@group-92367D45E19A->122f57d7-85ca-4032-9d11-5c827f47b1df-AppendLogResponseHandler: follower responses appendEntries COMPLETED
2021-12-22 08:21:17,878 [122f57d7-85ca-4032-9d11-5c827f47b1df@group-92367D45E19A-StateMachineUpdater] INFO  ratis.ContainerStateMachine (ContainerStateMachine.java:takeSnapshot(299)) - group-92367D45E19A: Taking a snapshot at:(t:5, i:0) file /home/runner/work/ozone/ozone/hadoop-ozone/integration-test/target/test-dir/MiniOzoneClusterImpl-d4a89530-9532-420d-bd3b-841d7e3928d7/datanode-0/data/ratis/db536949-a2f3-48d2-bad1-92367d45e19a/sm/snapshot.5_0
2021-12-22 08:21:17,878 [Listener at 127.0.0.1/38215] INFO  server.RaftServer$Division (ServerState.java:close(419)) - e725a8c5-19b0-460f-930e-a726899c5b39@group-92367D45E19A: closes. applyIndex: 0
2021-12-22 08:21:17,882 [grpc-default-executor-0] INFO  leader.FollowerInfo (FollowerInfoImpl.java:lambda$new$0(47)) - e725a8c5-19b0-460f-930e-a726899c5b39@group-92367D45E19A->122f57d7-85ca-4032-9d11-5c827f47b1df: nextIndex: updateUnconditionally 1 -> 0
2021-12-22 08:21:17,883 [122f57d7-85ca-4032-9d11-5c827f47b1df@group-92367D45E19A-StateMachineUpdater] INFO  ratis.ContainerStateMachine (ContainerStateMachine.java:takeSnapshot(310)) - group-92367D45E19A: Finished taking a snapshot at:(t:5, i:0) file:/home/runner/work/ozone/ozone/hadoop-ozone/integration-test/target/test-dir/MiniOzoneClusterImpl-d4a89530-9532-420d-bd3b-841d7e3928d7/datanode-0/data/ratis/db536949-a2f3-48d2-bad1-92367d45e19a/sm/snapshot.5_0 took: 5 ms
2021-12-22 08:21:17,883 [122f57d7-85ca-4032-9d11-5c827f47b1df@group-92367D45E19A-StateMachineUpdater] INFO  impl.StateMachineUpdater (StateMachineUpdater.java:takeSnapshot(281)) - 122f57d7-85ca-4032-9d11-5c827f47b1df@group-92367D45E19A-StateMachineUpdater: Took a snapshot at index 0
2021-12-22 08:21:17,883 [122f57d7-85ca-4032-9d11-5c827f47b1df@group-92367D45E19A-StateMachineUpdater] INFO  impl.StateMachineUpdater (StateMachineUpdater.java:lambda$new$0(89)) - 122f57d7-85ca-4032-9d11-5c827f47b1df@group-92367D45E19A-StateMachineUpdater: snapshotIndex: updateIncreasingly -1 -> 0
2021-12-22 08:21:17,883 [ForkJoinPool.commonPool-worker-0] INFO  server.RaftServer$Division (ServerState.java:close(419)) - 122f57d7-85ca-4032-9d11-5c827f47b1df@group-92367D45E19A: closes. applyIndex: 0
2021-12-22 08:21:17,884 [122f57d7-85ca-4032-9d11-5c827f47b1df@group-92367D45E19A-SegmentedRaftLogWorker] INFO  segmented.SegmentedRaftLogWorker (SegmentedRaftLogWorker.java:run(327)) - 122f57d7-85ca-4032-9d11-5c827f47b1df@group-92367D45E19A-SegmentedRaftLogWorker was interrupted, exiting. There are 0 tasks remaining in the queue.
2021-12-22 08:21:17,884 [grpc-default-executor-3] INFO  server.GrpcLogAppender (GrpcLogAppender.java:onCompleted(346)) - e725a8c5-19b0-460f-930e-a726899c5b39@group-92367D45E19A->025bf7e3-b89c-4961-b071-3cb990573e39-AppendLogResponseHandler: follower responses appendEntries COMPLETED
2021-12-22 08:21:17,885 [ForkJoinPool.commonPool-worker-0] INFO  segmented.SegmentedRaftLogWorker (SegmentedRaftLogWorker.java:close(237)) - 122f57d7-85ca-4032-9d11-5c827f47b1df@group-92367D45E19A-SegmentedRaftLogWorker close()
2021-12-22 08:21:17,884 [e725a8c5-19b0-460f-930e-a726899c5b39@group-92367D45E19A-SegmentedRaftLogWorker] INFO  segmented.SegmentedRaftLogWorker (SegmentedRaftLogWorker.java:run(327)) - e725a8c5-19b0-460f-930e-a726899c5b39@group-92367D45E19A-SegmentedRaftLogWorker was interrupted, exiting. There are 0 tasks remaining in the queue.
2021-12-22 08:21:17,886 [ForkJoinPool.commonPool-worker-0] INFO  server.RaftServer$Division (RaftServerImpl.java:lambda$close$4(412)) - 122f57d7-85ca-4032-9d11-5c827f47b1df@group-2CAEF07EACCA: shutdown
2021-12-22 08:21:17,886 [ForkJoinPool.commonPool-worker-0] INFO  util.JmxRegister (JmxRegister.java:unregister(73)) - Successfully un-registered JMX Bean with object name Ratis:service=RaftServer,group=group-2CAEF07EACCA,id=122f57d7-85ca-4032-9d11-5c827f47b1df
2021-12-22 08:21:17,886 [ForkJoinPool.commonPool-worker-0] INFO  impl.RoleInfo (RoleInfo.java:shutdownLeaderState(91)) - 122f57d7-85ca-4032-9d11-5c827f47b1df: shutdown 122f57d7-85ca-4032-9d11-5c827f47b1df@group-2CAEF07EACCA-LeaderStateImpl
2021-12-22 08:21:17,887 [Listener at 127.0.0.1/38215] INFO  segmented.SegmentedRaftLogWorker (SegmentedRaftLogWorker.java:close(237)) - e725a8c5-19b0-460f-930e-a726899c5b39@group-92367D45E19A-SegmentedRaftLogWorker close()
2021-12-22 08:21:17,886 [ForkJoinPool.commonPool-worker-0] INFO  impl.PendingRequests (PendingRequests.java:sendNotLeaderResponses(282)) - 122f57d7-85ca-4032-9d11-5c827f47b1df@group-2CAEF07EACCA-PendingRequests: sendNotLeaderResponses
2021-12-22 08:21:17,889 [ForkJoinPool.commonPool-worker-0] INFO  impl.StateMachineUpdater (StateMachineUpdater.java:stopAndJoin(149)) - 122f57d7-85ca-4032-9d11-5c827f47b1df@group-2CAEF07EACCA-StateMachineUpdater: set stopIndex = 0
2021-12-22 08:21:17,888 [Listener at 127.0.0.1/38215] INFO  server.RaftServer$Division (RaftServerImpl.java:lambda$close$4(412)) - e725a8c5-19b0-460f-930e-a726899c5b39@group-6F648B272A4B: shutdown
2021-12-22 08:21:17,889 [122f57d7-85ca-4032-9d11-5c827f47b1df@group-2CAEF07EACCA-StateMachineUpdater] INFO  ratis.ContainerStateMachine (ContainerStateMachine.java:takeSnapshot(299)) - group-2CAEF07EACCA: Taking a snapshot at:(t:1, i:0) file /home/runner/work/ozone/ozone/hadoop-ozone/integration-test/target/test-dir/MiniOzoneClusterImpl-d4a89530-9532-420d-bd3b-841d7e3928d7/datanode-0/data/ratis/61709292-1b19-4f95-8ebf-2caef07eacca/sm/snapshot.1_0
2021-12-22 08:21:17,885 [grpc-default-executor-3] INFO  leader.FollowerInfo (FollowerInfoImpl.java:lambda$new$0(47)) - e725a8c5-19b0-460f-930e-a726899c5b39@group-92367D45E19A->025bf7e3-b89c-4961-b071-3cb990573e39: nextIndex: updateUnconditionally 1 -> 0
2021-12-22 08:21:17,889 [Listener at 127.0.0.1/38215] INFO  util.JmxRegister (JmxRegister.java:unregister(73)) - Successfully un-registered JMX Bean with object name Ratis:service=RaftServer,group=group-6F648B272A4B,id=e725a8c5-19b0-460f-930e-a726899c5b39
2021-12-22 08:21:17,889 [Listener at 127.0.0.1/38215] INFO  impl.RoleInfo (RoleInfo.java:shutdownLeaderState(91)) - e725a8c5-19b0-460f-930e-a726899c5b39: shutdown e725a8c5-19b0-460f-930e-a726899c5b39@group-6F648B272A4B-LeaderStateImpl
2021-12-22 08:21:17,890 [Listener at 127.0.0.1/38215] INFO  impl.PendingRequests (PendingRequests.java:sendNotLeaderResponses(282)) - e725a8c5-19b0-460f-930e-a726899c5b39@group-6F648B272A4B-PendingRequests: sendNotLeaderResponses
2021-12-22 08:21:17,890 [122f57d7-85ca-4032-9d11-5c827f47b1df@group-2CAEF07EACCA-StateMachineUpdater] INFO  ratis.ContainerStateMachine (ContainerStateMachine.java:takeSnapshot(310)) - group-2CAEF07EACCA: Finished taking a snapshot at:(t:1, i:0) file:/home/runner/work/ozone/ozone/hadoop-ozone/integration-test/target/test-dir/MiniOzoneClusterImpl-d4a89530-9532-420d-bd3b-841d7e3928d7/datanode-0/data/ratis/61709292-1b19-4f95-8ebf-2caef07eacca/sm/snapshot.1_0 took: 1 ms
2021-12-22 08:21:17,890 [122f57d7-85ca-4032-9d11-5c827f47b1df@group-2CAEF07EACCA-StateMachineUpdater] INFO  impl.StateMachineUpdater (StateMachineUpdater.java:takeSnapshot(281)) - 122f57d7-85ca-4032-9d11-5c827f47b1df@group-2CAEF07EACCA-StateMachineUpdater: Took a snapshot at index 0
2021-12-22 08:21:17,890 [122f57d7-85ca-4032-9d11-5c827f47b1df@group-2CAEF07EACCA-StateMachineUpdater] INFO  impl.StateMachineUpdater (StateMachineUpdater.java:lambda$new$0(89)) - 122f57d7-85ca-4032-9d11-5c827f47b1df@group-2CAEF07EACCA-StateMachineUpdater: snapshotIndex: updateIncreasingly -1 -> 0
2021-12-22 08:21:17,890 [e725a8c5-19b0-460f-930e-a726899c5b39@group-6F648B272A4B-StateMachineUpdater] INFO  ratis.ContainerStateMachine (ContainerStateMachine.java:takeSnapshot(299)) - group-6F648B272A4B: Taking a snapshot at:(t:1, i:0) file /home/runner/work/ozone/ozone/hadoop-ozone/integration-test/target/test-dir/MiniOzoneClusterImpl-d4a89530-9532-420d-bd3b-841d7e3928d7/datanode-1/data/ratis/b2faf0c6-377e-49cd-a531-6f648b272a4b/sm/snapshot.1_0
2021-12-22 08:21:17,890 [ForkJoinPool.commonPool-worker-0] INFO  server.RaftServer$Division (ServerState.java:close(419)) - 122f57d7-85ca-4032-9d11-5c827f47b1df@group-2CAEF07EACCA: closes. applyIndex: 0
2021-12-22 08:21:17,891 [122f57d7-85ca-4032-9d11-5c827f47b1df@group-2CAEF07EACCA-SegmentedRaftLogWorker] INFO  segmented.SegmentedRaftLogWorker (SegmentedRaftLogWorker.java:run(327)) - 122f57d7-85ca-4032-9d11-5c827f47b1df@group-2CAEF07EACCA-SegmentedRaftLogWorker was interrupted, exiting. There are 0 tasks remaining in the queue.
2021-12-22 08:21:17,891 [ForkJoinPool.commonPool-worker-0] INFO  segmented.SegmentedRaftLogWorker (SegmentedRaftLogWorker.java:close(237)) - 122f57d7-85ca-4032-9d11-5c827f47b1df@group-2CAEF07EACCA-SegmentedRaftLogWorker close()
2021-12-22 08:21:17,890 [Listener at 127.0.0.1/38215] INFO  impl.StateMachineUpdater (StateMachineUpdater.java:stopAndJoin(149)) - e725a8c5-19b0-460f-930e-a726899c5b39@group-6F648B272A4B-StateMachineUpdater: set stopIndex = 0
2021-12-22 08:21:17,892 [e725a8c5-19b0-460f-930e-a726899c5b39@group-6F648B272A4B-StateMachineUpdater] INFO  ratis.ContainerStateMachine (ContainerStateMachine.java:takeSnapshot(310)) - group-6F648B272A4B: Finished taking a snapshot at:(t:1, i:0) file:/home/runner/work/ozone/ozone/hadoop-ozone/integration-test/target/test-dir/MiniOzoneClusterImpl-d4a89530-9532-420d-bd3b-841d7e3928d7/datanode-1/data/ratis/b2faf0c6-377e-49cd-a531-6f648b272a4b/sm/snapshot.1_0 took: 1 ms
2021-12-22 08:21:17,892 [e725a8c5-19b0-460f-930e-a726899c5b39@group-6F648B272A4B-StateMachineUpdater] INFO  impl.StateMachineUpdater (StateMachineUpdater.java:takeSnapshot(281)) - e725a8c5-19b0-460f-930e-a726899c5b39@group-6F648B272A4B-StateMachineUpdater: Took a snapshot at index 0
2021-12-22 08:21:17,892 [e725a8c5-19b0-460f-930e-a726899c5b39@group-6F648B272A4B-StateMachineUpdater] INFO  impl.StateMachineUpdater (StateMachineUpdater.java:lambda$new$0(89)) - e725a8c5-19b0-460f-930e-a726899c5b39@group-6F648B272A4B-StateMachineUpdater: snapshotIndex: updateIncreasingly -1 -> 0
2021-12-22 08:21:17,892 [ForkJoinPool.commonPool-worker-0] INFO  server.GrpcService (GrpcService.java:closeImpl(262)) - 122f57d7-85ca-4032-9d11-5c827f47b1df: shutdown server with port 34085 now
2021-12-22 08:21:17,893 [Listener at 127.0.0.1/38215] INFO  server.RaftServer$Division (ServerState.java:close(419)) - e725a8c5-19b0-460f-930e-a726899c5b39@group-6F648B272A4B: closes. applyIndex: 0
2021-12-22 08:21:17,893 [e725a8c5-19b0-460f-930e-a726899c5b39@group-6F648B272A4B-SegmentedRaftLogWorker] INFO  segmented.SegmentedRaftLogWorker (SegmentedRaftLogWorker.java:run(327)) - e725a8c5-19b0-460f-930e-a726899c5b39@group-6F648B272A4B-SegmentedRaftLogWorker was interrupted, exiting. There are 0 tasks remaining in the queue.
2021-12-22 08:21:17,893 [Listener at 127.0.0.1/38215] INFO  segmented.SegmentedRaftLogWorker (SegmentedRaftLogWorker.java:close(237)) - e725a8c5-19b0-460f-930e-a726899c5b39@group-6F648B272A4B-SegmentedRaftLogWorker close()
2021-12-22 08:21:17,902 [Listener at 127.0.0.1/38215] INFO  server.GrpcService (GrpcService.java:closeImpl(262)) - e725a8c5-19b0-460f-930e-a726899c5b39: shutdown server with port 44885 now
2021-12-22 08:21:17,916 [grpc-default-executor-0] WARN  server.GrpcServerProtocolService (LogUtils.java:warn(122)) - 122f57d7-85ca-4032-9d11-5c827f47b1df: installSnapshot onError, lastRequest: 025bf7e3-b89c-4961-b071-3cb990573e39->122f57d7-85ca-4032-9d11-5c827f47b1df#315-t2,previous=(t:2, i:26),leaderCommit=25,initializing? true,entries: size=1, first=(t:2, i:27), METADATAENTRY(c:25): org.apache.ratis.thirdparty.io.grpc.StatusRuntimeException: CANCELLED: client cancelled
2021-12-22 08:21:17,917 [ForkJoinPool.commonPool-worker-0] INFO  server.GrpcService (GrpcService.java:closeImpl(271)) - 122f57d7-85ca-4032-9d11-5c827f47b1df: shutdown server with port 34085 successfully
2021-12-22 08:21:17,918 [org.apache.ratis.util.JvmPauseMonitor$$Lambda$528/1268289547@4cc66b7e] INFO  util.JvmPauseMonitor (JvmPauseMonitor.java:run(109)) - JvmPauseMonitor-122f57d7-85ca-4032-9d11-5c827f47b1df: Stopped
2021-12-22 08:21:17,933 [grpc-default-executor-0] WARN  server.GrpcServerProtocolService (LogUtils.java:warn(122)) - e725a8c5-19b0-460f-930e-a726899c5b39: installSnapshot onError, lastRequest: 025bf7e3-b89c-4961-b071-3cb990573e39->e725a8c5-19b0-460f-930e-a726899c5b39#324-t2,previous=(t:2, i:26),leaderCommit=25,initializing? true,entries: size=1, first=(t:2, i:27), METADATAENTRY(c:25): org.apache.ratis.thirdparty.io.grpc.StatusRuntimeException: CANCELLED: client cancelled
2021-12-22 08:21:17,934 [grpc-default-executor-0] WARN  server.GrpcLogAppender (LogUtils.java:warn(122)) - 025bf7e3-b89c-4961-b071-3cb990573e39@group-052A812D93A1->e725a8c5-19b0-460f-930e-a726899c5b39-AppendLogResponseHandler: Failed appendEntries: org.apache.ratis.thirdparty.io.grpc.StatusRuntimeException: CANCELLED: HTTP/2 error code: CANCEL
Received Rst Stream
2021-12-22 08:21:17,935 [grpc-default-executor-0] INFO  leader.FollowerInfo (FollowerInfoImpl.java:lambda$new$0(47)) - 025bf7e3-b89c-4961-b071-3cb990573e39@group-052A812D93A1->e725a8c5-19b0-460f-930e-a726899c5b39: nextIndex: updateUnconditionally 28 -> 27
2021-12-22 08:21:17,947 [grpc-default-executor-3] WARN  server.GrpcLogAppender (LogUtils.java:warn(122)) - 025bf7e3-b89c-4961-b071-3cb990573e39@group-052A812D93A1->e725a8c5-19b0-460f-930e-a726899c5b39-AppendLogResponseHandler: Failed appendEntries: org.apache.ratis.thirdparty.io.grpc.StatusRuntimeException: UNAVAILABLE: io exception
2021-12-22 08:21:17,948 [grpc-default-executor-3] INFO  leader.FollowerInfo (FollowerInfoImpl.java:lambda$new$0(47)) - 025bf7e3-b89c-4961-b071-3cb990573e39@group-052A812D93A1->e725a8c5-19b0-460f-930e-a726899c5b39: nextIndex: updateUnconditionally 28 -> 27
2021-12-22 08:21:17,951 [grpc-default-executor-3] WARN  server.GrpcLogAppender (LogUtils.java:warn(122)) - 025bf7e3-b89c-4961-b071-3cb990573e39@group-052A812D93A1->122f57d7-85ca-4032-9d11-5c827f47b1df-AppendLogResponseHandler: Failed appendEntries: org.apache.ratis.thirdparty.io.grpc.StatusRuntimeException: CANCELLED: HTTP/2 error code: CANCEL
Received Rst Stream
2021-12-22 08:21:17,951 [grpc-default-executor-3] INFO  leader.FollowerInfo (FollowerInfoImpl.java:lambda$new$0(47)) - 025bf7e3-b89c-4961-b071-3cb990573e39@group-052A812D93A1->122f57d7-85ca-4032-9d11-5c827f47b1df: nextIndex: updateUnconditionally 28 -> 27
2021-12-22 08:21:17,952 [Listener at 127.0.0.1/38215] INFO  server.GrpcService (GrpcService.java:closeImpl(271)) - e725a8c5-19b0-460f-930e-a726899c5b39: shutdown server with port 44885 successfully
2021-12-22 08:21:17,952 [org.apache.ratis.util.JvmPauseMonitor$$Lambda$528/1268289547@55e226bf] INFO  util.JvmPauseMonitor (JvmPauseMonitor.java:run(109)) - JvmPauseMonitor-e725a8c5-19b0-460f-930e-a726899c5b39: Stopped
2021-12-22 08:21:17,957 [grpc-default-executor-0] WARN  server.GrpcLogAppender (LogUtils.java:warn(122)) - 025bf7e3-b89c-4961-b071-3cb990573e39@group-052A812D93A1->122f57d7-85ca-4032-9d11-5c827f47b1df-AppendLogResponseHandler: Failed appendEntries: org.apache.ratis.thirdparty.io.grpc.StatusRuntimeException: UNAVAILABLE: io exception
2021-12-22 08:21:17,957 [grpc-default-executor-0] INFO  leader.FollowerInfo (FollowerInfoImpl.java:lambda$new$0(47)) - 025bf7e3-b89c-4961-b071-3cb990573e39@group-052A812D93A1->122f57d7-85ca-4032-9d11-5c827f47b1df: nextIndex: updateUnconditionally 28 -> 27
2021-12-22 08:21:19,940 [ForkJoinPool.commonPool-worker-0] INFO  utils.BackgroundService (BackgroundService.java:shutdown(132)) - Shutting down service BlockDeletingService
2021-12-22 08:21:19,966 [Listener at 127.0.0.1/38215] INFO  utils.BackgroundService (BackgroundService.java:shutdown(132)) - Shutting down service BlockDeletingService
2021-12-22 08:21:20,438 [grpc-default-executor-0] WARN  server.GrpcLogAppender (LogUtils.java:warn(122)) - 025bf7e3-b89c-4961-b071-3cb990573e39@group-052A812D93A1->e725a8c5-19b0-460f-930e-a726899c5b39-AppendLogResponseHandler: Failed appendEntries: org.apache.ratis.thirdparty.io.grpc.StatusRuntimeException: UNAVAILABLE: io exception
2021-12-22 08:21:20,439 [grpc-default-executor-0] INFO  leader.FollowerInfo (FollowerInfoImpl.java:lambda$new$0(47)) - 025bf7e3-b89c-4961-b071-3cb990573e39@group-052A812D93A1->e725a8c5-19b0-460f-930e-a726899c5b39: nextIndex: updateUnconditionally 28 -> 27
2021-12-22 08:21:20,458 [grpc-default-executor-0] WARN  server.GrpcLogAppender (LogUtils.java:warn(122)) - 025bf7e3-b89c-4961-b071-3cb990573e39@group-052A812D93A1->122f57d7-85ca-4032-9d11-5c827f47b1df-AppendLogResponseHandler: Failed appendEntries: org.apache.ratis.thirdparty.io.grpc.StatusRuntimeException: UNAVAILABLE: io exception
2021-12-22 08:21:20,459 [grpc-default-executor-0] INFO  leader.FollowerInfo (FollowerInfoImpl.java:lambda$new$0(47)) - 025bf7e3-b89c-4961-b071-3cb990573e39@group-052A812D93A1->122f57d7-85ca-4032-9d11-5c827f47b1df: nextIndex: updateUnconditionally 28 -> 27
2021-12-22 08:21:22,940 [grpc-default-executor-0] WARN  server.GrpcLogAppender (LogUtils.java:warn(122)) - 025bf7e3-b89c-4961-b071-3cb990573e39@group-052A812D93A1->e725a8c5-19b0-460f-930e-a726899c5b39-AppendLogResponseHandler: Failed appendEntries: org.apache.ratis.thirdparty.io.grpc.StatusRuntimeException: UNAVAILABLE: io exception
2021-12-22 08:21:22,944 [grpc-default-executor-0] INFO  leader.FollowerInfo (FollowerInfoImpl.java:lambda$new$0(47)) - 025bf7e3-b89c-4961-b071-3cb990573e39@group-052A812D93A1->e725a8c5-19b0-460f-930e-a726899c5b39: nextIndex: updateUnconditionally 28 -> 27
2021-12-22 08:21:22,946 [ForkJoinPool.commonPool-worker-0] INFO  statemachine.DatanodeStateMachine (DatanodeStateMachine.java:stopDaemon(526)) - Ozone container server stopped.
2021-12-22 08:21:22,949 [ForkJoinPool.commonPool-worker-0] INFO  handler.ContextHandler (ContextHandler.java:doStop(1153)) - Stopped o.e.j.w.WebAppContext@396ab19d{hddsDatanode,/,null,STOPPED}{jar:file:/home/runner/.m2/repository/org/apache/ozone/hdds-container-service/1.3.0-SNAPSHOT/hdds-container-service-1.3.0-SNAPSHOT.jar!/webapps/hddsDatanode}
2021-12-22 08:21:22,949 [ForkJoinPool.commonPool-worker-0] INFO  server.AbstractConnector (AbstractConnector.java:doStop(381)) - Stopped ServerConnector@44126e04{HTTP/1.1, (http/1.1)}{0.0.0.0:0}
2021-12-22 08:21:22,949 [ForkJoinPool.commonPool-worker-0] INFO  server.session (HouseKeeper.java:stopScavenging(149)) - node0 Stopped scavenging
2021-12-22 08:21:22,950 [ForkJoinPool.commonPool-worker-0] INFO  handler.ContextHandler (ContextHandler.java:doStop(1153)) - Stopped o.e.j.s.ServletContextHandler@2b647344{static,/static,jar:file:/home/runner/.m2/repository/org/apache/ozone/hdds-container-service/1.3.0-SNAPSHOT/hdds-container-service-1.3.0-SNAPSHOT.jar!/webapps/static,STOPPED}
2021-12-22 08:21:22,951 [ForkJoinPool.commonPool-worker-0] INFO  handler.ContextHandler (ContextHandler.java:doStop(1153)) - Stopped o.e.j.s.ServletContextHandler@78235b90{logs,/logs,file:///home/runner/work/ozone/ozone/hadoop-ozone/integration-test/target/log,STOPPED}
2021-12-22 08:21:22,958 [grpc-default-executor-0] WARN  server.GrpcLogAppender (LogUtils.java:warn(122)) - 025bf7e3-b89c-4961-b071-3cb990573e39@group-052A812D93A1->122f57d7-85ca-4032-9d11-5c827f47b1df-AppendLogResponseHandler: Failed appendEntries: org.apache.ratis.thirdparty.io.grpc.StatusRuntimeException: UNAVAILABLE: io exception
2021-12-22 08:21:22,958 [grpc-default-executor-0] INFO  leader.FollowerInfo (FollowerInfoImpl.java:lambda$new$0(47)) - 025bf7e3-b89c-4961-b071-3cb990573e39@group-052A812D93A1->122f57d7-85ca-4032-9d11-5c827f47b1df: nextIndex: updateUnconditionally 28 -> 27
2021-12-22 08:21:22,969 [Listener at 127.0.0.1/38215] INFO  statemachine.DatanodeStateMachine (DatanodeStateMachine.java:stopDaemon(526)) - Ozone container server stopped.
2021-12-22 08:21:22,969 [Listener at 127.0.0.1/38215] INFO  handler.ContextHandler (ContextHandler.java:doStop(1153)) - Stopped o.e.j.w.WebAppContext@419c537{hddsDatanode,/,null,STOPPED}{jar:file:/home/runner/.m2/repository/org/apache/ozone/hdds-container-service/1.3.0-SNAPSHOT/hdds-container-service-1.3.0-SNAPSHOT.jar!/webapps/hddsDatanode}
2021-12-22 08:21:22,970 [Listener at 127.0.0.1/38215] INFO  server.AbstractConnector (AbstractConnector.java:doStop(381)) - Stopped ServerConnector@f32284d{HTTP/1.1, (http/1.1)}{0.0.0.0:0}
2021-12-22 08:21:22,970 [Listener at 127.0.0.1/38215] INFO  server.session (HouseKeeper.java:stopScavenging(149)) - node0 Stopped scavenging
2021-12-22 08:21:22,970 [Listener at 127.0.0.1/38215] INFO  handler.ContextHandler (ContextHandler.java:doStop(1153)) - Stopped o.e.j.s.ServletContextHandler@4e8c27f7{static,/static,jar:file:/home/runner/.m2/repository/org/apache/ozone/hdds-container-service/1.3.0-SNAPSHOT/hdds-container-service-1.3.0-SNAPSHOT.jar!/webapps/static,STOPPED}
2021-12-22 08:21:22,971 [Listener at 127.0.0.1/38215] INFO  handler.ContextHandler (ContextHandler.java:doStop(1153)) - Stopped o.e.j.s.ServletContextHandler@12898e77{logs,/logs,file:///home/runner/work/ozone/ozone/hadoop-ozone/integration-test/target/log,STOPPED}
2021-12-22 08:21:24,529 [025bf7e3-b89c-4961-b071-3cb990573e39@group-92367D45E19A-FollowerState] INFO  impl.FollowerState (FollowerState.java:run(134)) - 025bf7e3-b89c-4961-b071-3cb990573e39@group-92367D45E19A-FollowerState: change to CANDIDATE, lastRpcElapsedTime:7684143137ns, electionTimeout:5116ms
2021-12-22 08:21:24,529 [025bf7e3-b89c-4961-b071-3cb990573e39@group-92367D45E19A-FollowerState] INFO  impl.RoleInfo (RoleInfo.java:shutdownFollowerState(108)) - 025bf7e3-b89c-4961-b071-3cb990573e39: shutdown 025bf7e3-b89c-4961-b071-3cb990573e39@group-92367D45E19A-FollowerState
2021-12-22 08:21:24,529 [025bf7e3-b89c-4961-b071-3cb990573e39@group-92367D45E19A-FollowerState] INFO  server.RaftServer$Division (RaftServerImpl.java:setRole(290)) - 025bf7e3-b89c-4961-b071-3cb990573e39@group-92367D45E19A: changes role from  FOLLOWER to CANDIDATE at term 5 for changeToCandidate
2021-12-22 08:21:24,529 [025bf7e3-b89c-4961-b071-3cb990573e39@group-92367D45E19A-FollowerState] INFO  server.RaftServerConfigKeys (ConfUtils.java:logGet(44)) - raft.server.leaderelection.pre-vote = false (custom)
2021-12-22 08:21:24,529 [025bf7e3-b89c-4961-b071-3cb990573e39@group-92367D45E19A-FollowerState] INFO  impl.RoleInfo (RoleInfo.java:updateAndGet(130)) - 025bf7e3-b89c-4961-b071-3cb990573e39: start 025bf7e3-b89c-4961-b071-3cb990573e39@group-92367D45E19A-LeaderElection13
2021-12-22 08:21:24,538 [025bf7e3-b89c-4961-b071-3cb990573e39@group-92367D45E19A-LeaderElection13] INFO  server.RaftServer$Division (ServerState.java:setLeader(285)) - 025bf7e3-b89c-4961-b071-3cb990573e39@group-92367D45E19A: change Leader from e725a8c5-19b0-460f-930e-a726899c5b39 to null at term 5 for ELECTION
2021-12-22 08:21:24,541 [025bf7e3-b89c-4961-b071-3cb990573e39@group-92367D45E19A-LeaderElection13] INFO  impl.LeaderElection (LeaderElection.java:askForVotes(306)) - 025bf7e3-b89c-4961-b071-3cb990573e39@group-92367D45E19A-LeaderElection13 ELECTION round 0: submit vote requests at term 6 for 0: [025bf7e3-b89c-4961-b071-3cb990573e39|rpc:10.1.0.28:38685|dataStream:|priority:0, 122f57d7-85ca-4032-9d11-5c827f47b1df|rpc:10.1.0.28:34085|dataStream:|priority:0, e725a8c5-19b0-460f-930e-a726899c5b39|rpc:10.1.0.28:44885|dataStream:|priority:1], old=null
2021-12-22 08:21:24,550 [025bf7e3-b89c-4961-b071-3cb990573e39@group-92367D45E19A-LeaderElection13] INFO  impl.LeaderElection (LogUtils.java:infoOrTrace(137)) - 025bf7e3-b89c-4961-b071-3cb990573e39@group-92367D45E19A-LeaderElection13 got exception when requesting votes: java.util.concurrent.ExecutionException: org.apache.ratis.thirdparty.io.grpc.StatusRuntimeException: UNAVAILABLE: io exception
2021-12-22 08:21:24,551 [025bf7e3-b89c-4961-b071-3cb990573e39@group-92367D45E19A-LeaderElection13] INFO  impl.LeaderElection (LogUtils.java:infoOrTrace(137)) - 025bf7e3-b89c-4961-b071-3cb990573e39@group-92367D45E19A-LeaderElection13 got exception when requesting votes: java.util.concurrent.ExecutionException: org.apache.ratis.thirdparty.io.grpc.StatusRuntimeException: UNAVAILABLE: io exception
2021-12-22 08:21:24,551 [025bf7e3-b89c-4961-b071-3cb990573e39@group-92367D45E19A-LeaderElection13] INFO  impl.LeaderElection (LeaderElection.java:logAndReturn(89)) - 025bf7e3-b89c-4961-b071-3cb990573e39@group-92367D45E19A-LeaderElection13: ELECTION REJECTED received 0 response(s) and 2 exception(s):
2021-12-22 08:21:24,551 [025bf7e3-b89c-4961-b071-3cb990573e39@group-92367D45E19A-LeaderElection13] INFO  impl.LeaderElection (LogUtils.java:infoOrTrace(137)) -   Exception 0: java.util.concurrent.ExecutionException: org.apache.ratis.thirdparty.io.grpc.StatusRuntimeException: UNAVAILABLE: io exception
2021-12-22 08:21:24,551 [025bf7e3-b89c-4961-b071-3cb990573e39@group-92367D45E19A-LeaderElection13] INFO  impl.LeaderElection (LogUtils.java:infoOrTrace(137)) -   Exception 1: java.util.concurrent.ExecutionException: org.apache.ratis.thirdparty.io.grpc.StatusRuntimeException: UNAVAILABLE: io exception
2021-12-22 08:21:24,551 [025bf7e3-b89c-4961-b071-3cb990573e39@group-92367D45E19A-LeaderElection13] INFO  impl.LeaderElection (LeaderElection.java:askForVotes(308)) - 025bf7e3-b89c-4961-b071-3cb990573e39@group-92367D45E19A-LeaderElection13 ELECTION round 0: result REJECTED
2021-12-22 08:21:24,551 [025bf7e3-b89c-4961-b071-3cb990573e39@group-92367D45E19A-LeaderElection13] INFO  server.RaftServer$Division (RaftServerImpl.java:setRole(290)) - 025bf7e3-b89c-4961-b071-3cb990573e39@group-92367D45E19A: changes role from CANDIDATE to FOLLOWER at term 6 for REJECTED
2021-12-22 08:21:24,551 [025bf7e3-b89c-4961-b071-3cb990573e39@group-92367D45E19A-LeaderElection13] INFO  impl.RoleInfo (RoleInfo.java:shutdownLeaderElection(121)) - 025bf7e3-b89c-4961-b071-3cb990573e39: shutdown 025bf7e3-b89c-4961-b071-3cb990573e39@group-92367D45E19A-LeaderElection13
2021-12-22 08:21:24,551 [025bf7e3-b89c-4961-b071-3cb990573e39@group-92367D45E19A-LeaderElection13] INFO  impl.RoleInfo (RoleInfo.java:updateAndGet(130)) - 025bf7e3-b89c-4961-b071-3cb990573e39: start 025bf7e3-b89c-4961-b071-3cb990573e39@group-92367D45E19A-FollowerState
2021-12-22 08:21:24,846 [025bf7e3-b89c-4961-b071-3cb990573e39@group-052A812D93A1-LeaderStateImpl] WARN  server.RaftServer$Division (LeaderStateImpl.java:checkLeadership(974)) - 025bf7e3-b89c-4961-b071-3cb990573e39@group-052A812D93A1-LeaderStateImpl: Lost leadership on term: 2. Election timeout: 5200ms. In charge for: 30487ms. Conf: 0: [025bf7e3-b89c-4961-b071-3cb990573e39|rpc:10.1.0.28:38685|dataStream:|priority:1, 122f57d7-85ca-4032-9d11-5c827f47b1df|rpc:10.1.0.28:34085|dataStream:|priority:0, e725a8c5-19b0-460f-930e-a726899c5b39|rpc:10.1.0.28:44885|dataStream:|priority:0], old=null
2021-12-22 08:21:24,847 [025bf7e3-b89c-4961-b071-3cb990573e39@group-052A812D93A1-LeaderStateImpl] WARN  server.RaftServer$Division (LeaderStateImpl.java:lambda$checkLeadership$15(978)) - Follower 025bf7e3-b89c-4961-b071-3cb990573e39@group-052A812D93A1->122f57d7-85ca-4032-9d11-5c827f47b1df(c27,m27,n27, attendVote=true, lastRpcSendTime=1889, lastRpcResponseTime=8448)
2021-12-22 08:21:24,847 [025bf7e3-b89c-4961-b071-3cb990573e39@group-052A812D93A1-LeaderStateImpl] WARN  server.RaftServer$Division (LeaderStateImpl.java:lambda$checkLeadership$15(978)) - Follower 025bf7e3-b89c-4961-b071-3cb990573e39@group-052A812D93A1->e725a8c5-19b0-460f-930e-a726899c5b39(c27,m27,n27, attendVote=true, lastRpcSendTime=1908, lastRpcResponseTime=8472)
2021-12-22 08:21:24,847 [025bf7e3-b89c-4961-b071-3cb990573e39@group-052A812D93A1-LeaderStateImpl] INFO  server.RaftServer$Division (RaftServerImpl.java:setRole(290)) - 025bf7e3-b89c-4961-b071-3cb990573e39@group-052A812D93A1: changes role from    LEADER to FOLLOWER at term 2 for StepDownReason:LOST_MAJORITY_HEARTBEATS
2021-12-22 08:21:24,847 [025bf7e3-b89c-4961-b071-3cb990573e39@group-052A812D93A1-LeaderStateImpl] INFO  impl.RoleInfo (RoleInfo.java:shutdownLeaderState(91)) - 025bf7e3-b89c-4961-b071-3cb990573e39: shutdown 025bf7e3-b89c-4961-b071-3cb990573e39@group-052A812D93A1-LeaderStateImpl
2021-12-22 08:21:24,848 [025bf7e3-b89c-4961-b071-3cb990573e39@group-052A812D93A1->122f57d7-85ca-4032-9d11-5c827f47b1df-GrpcLogAppender-LogAppenderDaemon] WARN  server.GrpcLogAppender (GrpcLogAppender.java:mayWait(177)) - 025bf7e3-b89c-4961-b071-3cb990573e39@group-052A812D93A1->122f57d7-85ca-4032-9d11-5c827f47b1df-GrpcLogAppender: Wait interrupted by java.lang.InterruptedException
2021-12-22 08:21:24,848 [025bf7e3-b89c-4961-b071-3cb990573e39@group-052A812D93A1->e725a8c5-19b0-460f-930e-a726899c5b39-GrpcLogAppender-LogAppenderDaemon] WARN  server.GrpcLogAppender (GrpcLogAppender.java:mayWait(177)) - 025bf7e3-b89c-4961-b071-3cb990573e39@group-052A812D93A1->e725a8c5-19b0-460f-930e-a726899c5b39-GrpcLogAppender: Wait interrupted by java.lang.InterruptedException
2021-12-22 08:21:24,848 [025bf7e3-b89c-4961-b071-3cb990573e39@group-052A812D93A1-LeaderStateImpl] INFO  impl.PendingRequests (PendingRequests.java:sendNotLeaderResponses(282)) - 025bf7e3-b89c-4961-b071-3cb990573e39@group-052A812D93A1-PendingRequests: sendNotLeaderResponses
2021-12-22 08:21:24,855 [025bf7e3-b89c-4961-b071-3cb990573e39@group-052A812D93A1-LeaderStateImpl] INFO  impl.RoleInfo (RoleInfo.java:updateAndGet(130)) - 025bf7e3-b89c-4961-b071-3cb990573e39: start 025bf7e3-b89c-4961-b071-3cb990573e39@group-052A812D93A1-FollowerState
2021-12-22 08:21:27,953 [ForkJoinPool.commonPool-worker-0] INFO  ozoneimpl.OzoneContainer (OzoneContainer.java:stop(336)) - Attempting to stop container services.
2021-12-22 08:21:27,954 [ForkJoinPool.commonPool-worker-0] INFO  server.RaftServer (RaftServerProxy.java:lambda$close$6(391)) - 025bf7e3-b89c-4961-b071-3cb990573e39: close
2021-12-22 08:21:27,954 [ForkJoinPool.commonPool-worker-0] INFO  server.RaftServer$Division (RaftServerImpl.java:lambda$close$4(412)) - 025bf7e3-b89c-4961-b071-3cb990573e39@group-052A812D93A1: shutdown
2021-12-22 08:21:27,954 [ForkJoinPool.commonPool-worker-0] INFO  util.JmxRegister (JmxRegister.java:unregister(73)) - Successfully un-registered JMX Bean with object name Ratis:service=RaftServer,group=group-052A812D93A1,id=025bf7e3-b89c-4961-b071-3cb990573e39
2021-12-22 08:21:27,954 [ForkJoinPool.commonPool-worker-0] INFO  impl.RoleInfo (RoleInfo.java:shutdownFollowerState(108)) - 025bf7e3-b89c-4961-b071-3cb990573e39: shutdown 025bf7e3-b89c-4961-b071-3cb990573e39@group-052A812D93A1-FollowerState
2021-12-22 08:21:27,954 [ForkJoinPool.commonPool-worker-0] INFO  impl.StateMachineUpdater (StateMachineUpdater.java:stopAndJoin(149)) - 025bf7e3-b89c-4961-b071-3cb990573e39@group-052A812D93A1-StateMachineUpdater: set stopIndex = 27
2021-12-22 08:21:27,954 [025bf7e3-b89c-4961-b071-3cb990573e39@group-052A812D93A1-FollowerState] INFO  impl.FollowerState (FollowerState.java:run(143)) - 025bf7e3-b89c-4961-b071-3cb990573e39@group-052A812D93A1-FollowerState was interrupted: {}
java.lang.InterruptedException: sleep interrupted
	at java.lang.Thread.sleep(Native Method)
	at java.lang.Thread.sleep(Thread.java:340)
	at java.util.concurrent.TimeUnit.sleep(TimeUnit.java:386)
	at org.apache.ratis.util.TimeDuration.sleep(TimeDuration.java:324)
	at org.apache.ratis.util.TimeDuration.sleep(TimeDuration.java:309)
	at org.apache.ratis.server.impl.FollowerState.run(FollowerState.java:118)
2021-12-22 08:21:27,955 [025bf7e3-b89c-4961-b071-3cb990573e39@group-052A812D93A1-StateMachineUpdater] INFO  ratis.ContainerStateMachine (ContainerStateMachine.java:takeSnapshot(299)) - group-052A812D93A1: Taking a snapshot at:(t:2, i:27) file /home/runner/work/ozone/ozone/hadoop-ozone/integration-test/target/test-dir/MiniOzoneClusterImpl-d4a89530-9532-420d-bd3b-841d7e3928d7/datanode-2/data/ratis/745addfd-84d2-4060-ac31-052a812d93a1/sm/snapshot.2_27
2021-12-22 08:21:27,956 [025bf7e3-b89c-4961-b071-3cb990573e39@group-052A812D93A1-StateMachineUpdater] INFO  ratis.ContainerStateMachine (ContainerStateMachine.java:takeSnapshot(310)) - group-052A812D93A1: Finished taking a snapshot at:(t:2, i:27) file:/home/runner/work/ozone/ozone/hadoop-ozone/integration-test/target/test-dir/MiniOzoneClusterImpl-d4a89530-9532-420d-bd3b-841d7e3928d7/datanode-2/data/ratis/745addfd-84d2-4060-ac31-052a812d93a1/sm/snapshot.2_27 took: 2 ms
2021-12-22 08:21:27,957 [025bf7e3-b89c-4961-b071-3cb990573e39@group-052A812D93A1-StateMachineUpdater] INFO  impl.StateMachineUpdater (StateMachineUpdater.java:takeSnapshot(281)) - 025bf7e3-b89c-4961-b071-3cb990573e39@group-052A812D93A1-StateMachineUpdater: Took a snapshot at index 27
2021-12-22 08:21:27,957 [025bf7e3-b89c-4961-b071-3cb990573e39@group-052A812D93A1-StateMachineUpdater] INFO  impl.StateMachineUpdater (StateMachineUpdater.java:lambda$new$0(89)) - 025bf7e3-b89c-4961-b071-3cb990573e39@group-052A812D93A1-StateMachineUpdater: snapshotIndex: updateIncreasingly -1 -> 27
2021-12-22 08:21:27,957 [ForkJoinPool.commonPool-worker-0] INFO  server.RaftServer$Division (ServerState.java:close(419)) - 025bf7e3-b89c-4961-b071-3cb990573e39@group-052A812D93A1: closes. applyIndex: 27
2021-12-22 08:21:27,958 [025bf7e3-b89c-4961-b071-3cb990573e39@group-052A812D93A1-SegmentedRaftLogWorker] INFO  segmented.SegmentedRaftLogWorker (SegmentedRaftLogWorker.java:run(327)) - 025bf7e3-b89c-4961-b071-3cb990573e39@group-052A812D93A1-SegmentedRaftLogWorker was interrupted, exiting. There are 0 tasks remaining in the queue.
2021-12-22 08:21:27,958 [ForkJoinPool.commonPool-worker-0] INFO  segmented.SegmentedRaftLogWorker (SegmentedRaftLogWorker.java:close(237)) - 025bf7e3-b89c-4961-b071-3cb990573e39@group-052A812D93A1-SegmentedRaftLogWorker close()
2021-12-22 08:21:27,960 [ForkJoinPool.commonPool-worker-0] INFO  server.RaftServer$Division (RaftServerImpl.java:lambda$close$4(412)) - 025bf7e3-b89c-4961-b071-3cb990573e39@group-92367D45E19A: shutdown
2021-12-22 08:21:27,960 [ForkJoinPool.commonPool-worker-0] INFO  util.JmxRegister (JmxRegister.java:unregister(73)) - Successfully un-registered JMX Bean with object name Ratis:service=RaftServer,group=group-92367D45E19A,id=025bf7e3-b89c-4961-b071-3cb990573e39
2021-12-22 08:21:27,960 [ForkJoinPool.commonPool-worker-0] INFO  impl.RoleInfo (RoleInfo.java:shutdownFollowerState(108)) - 025bf7e3-b89c-4961-b071-3cb990573e39: shutdown 025bf7e3-b89c-4961-b071-3cb990573e39@group-92367D45E19A-FollowerState
2021-12-22 08:21:27,962 [025bf7e3-b89c-4961-b071-3cb990573e39@group-92367D45E19A-FollowerState] INFO  impl.FollowerState (FollowerState.java:run(143)) - 025bf7e3-b89c-4961-b071-3cb990573e39@group-92367D45E19A-FollowerState was interrupted: {}
java.lang.InterruptedException: sleep interrupted
	at java.lang.Thread.sleep(Native Method)
	at java.lang.Thread.sleep(Thread.java:340)
	at java.util.concurrent.TimeUnit.sleep(TimeUnit.java:386)
	at org.apache.ratis.util.TimeDuration.sleep(TimeDuration.java:324)
	at org.apache.ratis.util.TimeDuration.sleep(TimeDuration.java:309)
	at org.apache.ratis.server.impl.FollowerState.run(FollowerState.java:118)
2021-12-22 08:21:27,962 [025bf7e3-b89c-4961-b071-3cb990573e39@group-92367D45E19A-StateMachineUpdater] INFO  ratis.ContainerStateMachine (ContainerStateMachine.java:takeSnapshot(299)) - group-92367D45E19A: Taking a snapshot at:(t:5, i:0) file /home/runner/work/ozone/ozone/hadoop-ozone/integration-test/target/test-dir/MiniOzoneClusterImpl-d4a89530-9532-420d-bd3b-841d7e3928d7/datanode-2/data/ratis/db536949-a2f3-48d2-bad1-92367d45e19a/sm/snapshot.5_0
2021-12-22 08:21:27,963 [025bf7e3-b89c-4961-b071-3cb990573e39@group-92367D45E19A-StateMachineUpdater] INFO  ratis.ContainerStateMachine (ContainerStateMachine.java:takeSnapshot(310)) - group-92367D45E19A: Finished taking a snapshot at:(t:5, i:0) file:/home/runner/work/ozone/ozone/hadoop-ozone/integration-test/target/test-dir/MiniOzoneClusterImpl-d4a89530-9532-420d-bd3b-841d7e3928d7/datanode-2/data/ratis/db536949-a2f3-48d2-bad1-92367d45e19a/sm/snapshot.5_0 took: 1 ms
2021-12-22 08:21:27,963 [025bf7e3-b89c-4961-b071-3cb990573e39@group-92367D45E19A-StateMachineUpdater] INFO  impl.StateMachineUpdater (StateMachineUpdater.java:takeSnapshot(281)) - 025bf7e3-b89c-4961-b071-3cb990573e39@group-92367D45E19A-StateMachineUpdater: Took a snapshot at index 0
2021-12-22 08:21:27,963 [025bf7e3-b89c-4961-b071-3cb990573e39@group-92367D45E19A-StateMachineUpdater] INFO  impl.StateMachineUpdater (StateMachineUpdater.java:lambda$new$0(89)) - 025bf7e3-b89c-4961-b071-3cb990573e39@group-92367D45E19A-StateMachineUpdater: snapshotIndex: updateIncreasingly -1 -> 0
2021-12-22 08:21:27,964 [ForkJoinPool.commonPool-worker-0] INFO  impl.StateMachineUpdater (StateMachineUpdater.java:stopAndJoin(149)) - 025bf7e3-b89c-4961-b071-3cb990573e39@group-92367D45E19A-StateMachineUpdater: set stopIndex = 0
2021-12-22 08:21:27,964 [ForkJoinPool.commonPool-worker-0] INFO  server.RaftServer$Division (ServerState.java:close(419)) - 025bf7e3-b89c-4961-b071-3cb990573e39@group-92367D45E19A: closes. applyIndex: 0
2021-12-22 08:21:27,964 [025bf7e3-b89c-4961-b071-3cb990573e39@group-92367D45E19A-SegmentedRaftLogWorker] INFO  segmented.SegmentedRaftLogWorker (SegmentedRaftLogWorker.java:run(327)) - 025bf7e3-b89c-4961-b071-3cb990573e39@group-92367D45E19A-SegmentedRaftLogWorker was interrupted, exiting. There are 0 tasks remaining in the queue.
2021-12-22 08:21:27,970 [ForkJoinPool.commonPool-worker-0] INFO  segmented.SegmentedRaftLogWorker (SegmentedRaftLogWorker.java:close(237)) - 025bf7e3-b89c-4961-b071-3cb990573e39@group-92367D45E19A-SegmentedRaftLogWorker close()
2021-12-22 08:21:27,971 [ForkJoinPool.commonPool-worker-0] INFO  server.RaftServer$Division (RaftServerImpl.java:lambda$close$4(412)) - 025bf7e3-b89c-4961-b071-3cb990573e39@group-B1D01902982E: shutdown
2021-12-22 08:21:27,971 [ForkJoinPool.commonPool-worker-0] INFO  util.JmxRegister (JmxRegister.java:unregister(73)) - Successfully un-registered JMX Bean with object name Ratis:service=RaftServer,group=group-B1D01902982E,id=025bf7e3-b89c-4961-b071-3cb990573e39
2021-12-22 08:21:27,971 [ForkJoinPool.commonPool-worker-0] INFO  impl.RoleInfo (RoleInfo.java:shutdownLeaderState(91)) - 025bf7e3-b89c-4961-b071-3cb990573e39: shutdown 025bf7e3-b89c-4961-b071-3cb990573e39@group-B1D01902982E-LeaderStateImpl
2021-12-22 08:21:27,971 [ForkJoinPool.commonPool-worker-0] INFO  impl.PendingRequests (PendingRequests.java:sendNotLeaderResponses(282)) - 025bf7e3-b89c-4961-b071-3cb990573e39@group-B1D01902982E-PendingRequests: sendNotLeaderResponses
2021-12-22 08:21:27,972 [ForkJoinPool.commonPool-worker-0] INFO  impl.StateMachineUpdater (StateMachineUpdater.java:stopAndJoin(149)) - 025bf7e3-b89c-4961-b071-3cb990573e39@group-B1D01902982E-StateMachineUpdater: set stopIndex = 0
2021-12-22 08:21:27,972 [025bf7e3-b89c-4961-b071-3cb990573e39@group-B1D01902982E-StateMachineUpdater] INFO  ratis.ContainerStateMachine (ContainerStateMachine.java:takeSnapshot(299)) - group-B1D01902982E: Taking a snapshot at:(t:1, i:0) file /home/runner/work/ozone/ozone/hadoop-ozone/integration-test/target/test-dir/MiniOzoneClusterImpl-d4a89530-9532-420d-bd3b-841d7e3928d7/datanode-2/data/ratis/b2fbce14-cf2c-478d-931d-b1d01902982e/sm/snapshot.1_0
2021-12-22 08:21:27,973 [025bf7e3-b89c-4961-b071-3cb990573e39@group-B1D01902982E-StateMachineUpdater] INFO  ratis.ContainerStateMachine (ContainerStateMachine.java:takeSnapshot(310)) - group-B1D01902982E: Finished taking a snapshot at:(t:1, i:0) file:/home/runner/work/ozone/ozone/hadoop-ozone/integration-test/target/test-dir/MiniOzoneClusterImpl-d4a89530-9532-420d-bd3b-841d7e3928d7/datanode-2/data/ratis/b2fbce14-cf2c-478d-931d-b1d01902982e/sm/snapshot.1_0 took: 1 ms
2021-12-22 08:21:27,973 [025bf7e3-b89c-4961-b071-3cb990573e39@group-B1D01902982E-StateMachineUpdater] INFO  impl.StateMachineUpdater (StateMachineUpdater.java:takeSnapshot(281)) - 025bf7e3-b89c-4961-b071-3cb990573e39@group-B1D01902982E-StateMachineUpdater: Took a snapshot at index 0
2021-12-22 08:21:27,973 [025bf7e3-b89c-4961-b071-3cb990573e39@group-B1D01902982E-StateMachineUpdater] INFO  impl.StateMachineUpdater (StateMachineUpdater.java:lambda$new$0(89)) - 025bf7e3-b89c-4961-b071-3cb990573e39@group-B1D01902982E-StateMachineUpdater: snapshotIndex: updateIncreasingly -1 -> 0
2021-12-22 08:21:27,973 [ForkJoinPool.commonPool-worker-0] INFO  server.RaftServer$Division (ServerState.java:close(419)) - 025bf7e3-b89c-4961-b071-3cb990573e39@group-B1D01902982E: closes. applyIndex: 0
2021-12-22 08:21:27,974 [025bf7e3-b89c-4961-b071-3cb990573e39@group-B1D01902982E-SegmentedRaftLogWorker] INFO  segmented.SegmentedRaftLogWorker (SegmentedRaftLogWorker.java:run(327)) - 025bf7e3-b89c-4961-b071-3cb990573e39@group-B1D01902982E-SegmentedRaftLogWorker was interrupted, exiting. There are 0 tasks remaining in the queue.
2021-12-22 08:21:27,974 [ForkJoinPool.commonPool-worker-0] INFO  segmented.SegmentedRaftLogWorker (SegmentedRaftLogWorker.java:close(237)) - 025bf7e3-b89c-4961-b071-3cb990573e39@group-B1D01902982E-SegmentedRaftLogWorker close()
2021-12-22 08:21:27,975 [ForkJoinPool.commonPool-worker-0] INFO  server.GrpcService (GrpcService.java:closeImpl(262)) - 025bf7e3-b89c-4961-b071-3cb990573e39: shutdown server with port 38685 now
2021-12-22 08:21:27,977 [grpc-default-executor-3] WARN  client.GrpcClientProtocolService (LogUtils.java:warn(122)) - 1-UnorderedRequestStreamObserver1: onError: org.apache.ratis.thirdparty.io.grpc.StatusRuntimeException: CANCELLED: client cancelled
2021-12-22 08:21:27,998 [ForkJoinPool.commonPool-worker-0] INFO  server.GrpcService (GrpcService.java:closeImpl(271)) - 025bf7e3-b89c-4961-b071-3cb990573e39: shutdown server with port 38685 successfully
2021-12-22 08:21:28,001 [org.apache.ratis.util.JvmPauseMonitor$$Lambda$528/1268289547@5c6ef9fe] INFO  util.JvmPauseMonitor (JvmPauseMonitor.java:run(109)) - JvmPauseMonitor-025bf7e3-b89c-4961-b071-3cb990573e39: Stopped
2021-12-22 08:21:30,011 [ForkJoinPool.commonPool-worker-0] INFO  utils.BackgroundService (BackgroundService.java:shutdown(132)) - Shutting down service BlockDeletingService
2021-12-22 08:21:33,015 [ForkJoinPool.commonPool-worker-0] INFO  statemachine.DatanodeStateMachine (DatanodeStateMachine.java:stopDaemon(526)) - Ozone container server stopped.
2021-12-22 08:21:33,018 [ForkJoinPool.commonPool-worker-0] INFO  handler.ContextHandler (ContextHandler.java:doStop(1153)) - Stopped o.e.j.w.WebAppContext@7239f4ba{hddsDatanode,/,null,STOPPED}{jar:file:/home/runner/.m2/repository/org/apache/ozone/hdds-container-service/1.3.0-SNAPSHOT/hdds-container-service-1.3.0-SNAPSHOT.jar!/webapps/hddsDatanode}
2021-12-22 08:21:33,019 [ForkJoinPool.commonPool-worker-0] INFO  server.AbstractConnector (AbstractConnector.java:doStop(381)) - Stopped ServerConnector@3a66fb8f{HTTP/1.1, (http/1.1)}{0.0.0.0:0}
2021-12-22 08:21:33,019 [ForkJoinPool.commonPool-worker-0] INFO  server.session (HouseKeeper.java:stopScavenging(149)) - node0 Stopped scavenging
2021-12-22 08:21:33,021 [ForkJoinPool.commonPool-worker-0] INFO  handler.ContextHandler (ContextHandler.java:doStop(1153)) - Stopped o.e.j.s.ServletContextHandler@7df7cc64{static,/static,jar:file:/home/runner/.m2/repository/org/apache/ozone/hdds-container-service/1.3.0-SNAPSHOT/hdds-container-service-1.3.0-SNAPSHOT.jar!/webapps/static,STOPPED}
2021-12-22 08:21:33,022 [ForkJoinPool.commonPool-worker-0] INFO  handler.ContextHandler (ContextHandler.java:doStop(1153)) - Stopped o.e.j.s.ServletContextHandler@545cfddb{logs,/logs,file:///home/runner/work/ozone/ozone/hadoop-ozone/integration-test/target/log,STOPPED}
2021-12-22 08:21:33,023 [Listener at 127.0.0.1/38215] INFO  ozone.MiniOzoneClusterImpl (MiniOzoneClusterImpl.java:stopSCM(542)) - Stopping the StorageContainerManager
2021-12-22 08:21:33,023 [Listener at 127.0.0.1/38215] INFO  server.StorageContainerManager (StorageContainerManager.java:stop(1395)) - Stopping Container Balancer service.
2021-12-22 08:21:33,023 [Listener at 127.0.0.1/38215] INFO  balancer.ContainerBalancer (ContainerBalancer.java:stop(746)) - Container Balancer is not running.
2021-12-22 08:21:33,023 [Listener at 127.0.0.1/38215] INFO  server.StorageContainerManager (StorageContainerManager.java:stop(1402)) - Stopping Replication Manager Service.
2021-12-22 08:21:33,024 [Listener at 127.0.0.1/38215] INFO  container.ReplicationManager (ReplicationManager.java:stop(350)) - Stopping Replication Monitor Thread.
2021-12-22 08:21:33,024 [Listener at 127.0.0.1/38215] INFO  server.StorageContainerManager (StorageContainerManager.java:stop(1409)) - Stopping the Datanode Admin Monitor.
2021-12-22 08:21:33,024 [Listener at 127.0.0.1/38215] INFO  server.StorageContainerManager (StorageContainerManager.java:stop(1416)) - Stopping Lease Manager of the command watchers
2021-12-22 08:21:33,024 [Listener at 127.0.0.1/38215] INFO  server.StorageContainerManager (StorageContainerManager.java:stop(1423)) - Stopping datanode service RPC server
2021-12-22 08:21:33,024 [Listener at 127.0.0.1/38215] INFO  server.SCMDatanodeProtocolServer (SCMDatanodeProtocolServer.java:stop(389)) - Stopping the RPC server for DataNodes
2021-12-22 08:21:33,024 [Listener at 127.0.0.1/38215] INFO  ipc.Server (Server.java:stop(3414)) - Stopping server on 36397
2021-12-22 08:21:33,026 [IPC Server Responder] INFO  ipc.Server (Server.java:run(1512)) - Stopping IPC Server Responder
2021-12-22 08:21:33,027 [IPC Server listener on 0] INFO  ipc.Server (Server.java:run(1376)) - Stopping IPC Server listener on 0
2021-12-22 08:21:33,081 [SCM Heartbeat Processing Thread - 0] WARN  node.NodeStateManager (NodeStateManager.java:scheduleNextHealthCheck(799)) - Current Thread is interrupted, shutting down HB processing thread for Node Manager.
2021-12-22 08:21:33,082 [Listener at 127.0.0.1/38215] INFO  server.StorageContainerManager (StorageContainerManager.java:stop(1431)) - Stopping block service RPC server
2021-12-22 08:21:33,082 [Listener at 127.0.0.1/38215] INFO  server.SCMBlockProtocolServer (SCMBlockProtocolServer.java:stop(160)) - Stopping the RPC server for Block Protocol
2021-12-22 08:21:33,082 [Listener at 127.0.0.1/38215] INFO  ipc.Server (Server.java:stop(3414)) - Stopping server on 44259
2021-12-22 08:21:33,084 [Listener at 127.0.0.1/38215] INFO  server.StorageContainerManager (StorageContainerManager.java:stop(1438)) - Stopping the StorageContainerLocationProtocol RPC server
2021-12-22 08:21:33,085 [Listener at 127.0.0.1/38215] INFO  server.SCMClientProtocolServer (SCMClientProtocolServer.java:stop(173)) - Stopping the RPC server for Client Protocol
2021-12-22 08:21:33,085 [Listener at 127.0.0.1/38215] INFO  ipc.Server (Server.java:stop(3414)) - Stopping server on 36265
2021-12-22 08:21:33,085 [IPC Server Responder] INFO  ipc.Server (Server.java:run(1512)) - Stopping IPC Server Responder
2021-12-22 08:21:33,086 [IPC Server listener on 0] INFO  ipc.Server (Server.java:run(1376)) - Stopping IPC Server listener on 0
2021-12-22 08:21:33,087 [IPC Server Responder] INFO  ipc.Server (Server.java:run(1512)) - Stopping IPC Server Responder
2021-12-22 08:21:33,087 [Listener at 127.0.0.1/38215] INFO  server.StorageContainerManager (StorageContainerManager.java:stop(1445)) - Stopping Storage Container Manager HTTP server.
2021-12-22 08:21:33,088 [IPC Server listener on 0] INFO  ipc.Server (Server.java:run(1376)) - Stopping IPC Server listener on 0
2021-12-22 08:21:33,089 [Listener at 127.0.0.1/38215] INFO  handler.ContextHandler (ContextHandler.java:doStop(1153)) - Stopped o.e.j.w.WebAppContext@4eace42b{scm,/,null,STOPPED}{file:/home/runner/work/ozone/ozone/hadoop-ozone/integration-test/target/test-classes/webapps/scm}
2021-12-22 08:21:33,090 [Listener at 127.0.0.1/38215] INFO  server.AbstractConnector (AbstractConnector.java:doStop(381)) - Stopped ServerConnector@ce0bbd5{HTTP/1.1, (http/1.1)}{0.0.0.0:0}
2021-12-22 08:21:33,090 [Listener at 127.0.0.1/38215] INFO  server.session (HouseKeeper.java:stopScavenging(149)) - node0 Stopped scavenging
2021-12-22 08:21:33,093 [Listener at 127.0.0.1/38215] INFO  handler.ContextHandler (ContextHandler.java:doStop(1153)) - Stopped o.e.j.s.ServletContextHandler@12765ebd{static,/static,file:///home/runner/work/ozone/ozone/hadoop-ozone/integration-test/target/test-classes/webapps/static,STOPPED}
2021-12-22 08:21:33,093 [Listener at 127.0.0.1/38215] INFO  handler.ContextHandler (ContextHandler.java:doStop(1153)) - Stopped o.e.j.s.ServletContextHandler@5870fc05{logs,/logs,file:///home/runner/work/ozone/ozone/hadoop-ozone/integration-test/target/log,STOPPED}
2021-12-22 08:21:33,095 [Listener at 127.0.0.1/38215] INFO  server.StorageContainerManager (StorageContainerManager.java:stop(1456)) - Stopping Block Manager Service.
2021-12-22 08:21:33,095 [Listener at 127.0.0.1/38215] INFO  utils.BackgroundService (BackgroundService.java:shutdown(132)) - Shutting down service SCMBlockDeletingService
2021-12-22 08:21:33,096 [Listener at 127.0.0.1/38215] INFO  utils.BackgroundService (BackgroundService.java:shutdown(132)) - Shutting down service SCMBlockDeletingService
2021-12-22 08:21:33,096 [Listener at 127.0.0.1/38215] INFO  server.StorageContainerManager (StorageContainerManager.java:stop(1483)) - Stopping SCM Event Queue.
2021-12-22 08:21:33,109 [Listener at 127.0.0.1/38215] INFO  server.StorageContainerManager (StorageContainerManager.java:stop(1494)) - Stopping SCM HA services.
2021-12-22 08:21:33,109 [Listener at 127.0.0.1/38215] INFO  pipeline.BackgroundPipelineCreator (BackgroundPipelineCreator.java:stop(158)) - Stopping RatisPipelineUtilsThread.
2021-12-22 08:21:33,122 [Listener at 127.0.0.1/38215] INFO  server.StorageContainerManager (StorageContainerManager.java:stop(1504)) - Stopping SCM MetadataStore.
2021-12-22 08:21:33,123 [Listener at 127.0.0.1/38215] INFO  impl.MetricsSystemImpl (MetricsSystemImpl.java:stop(210)) - Stopping XceiverClientMetrics metrics system...
2021-12-22 08:21:33,155 [Listener at 127.0.0.1/38215] INFO  impl.MetricsSystemImpl (MetricsSystemImpl.java:stop(216)) - XceiverClientMetrics metrics system stopped.
2021-12-22 08:21:33,346 [Listener at 127.0.0.1/38215] WARN  server.ServerUtils (ServerUtils.java:getScmDbDir(148)) - ozone.scm.db.dirs is not configured. We recommend adding this setting. Falling back to ozone.metadata.dirs instead.
2021-12-22 08:21:33,355 [Listener at 127.0.0.1/38215] INFO  ha.SCMHANodeDetails (SCMHANodeDetails.java:loadSCMHAConfig(157)) - ServiceID for StorageContainerManager is null
2021-12-22 08:21:33,355 [Listener at 127.0.0.1/38215] INFO  ha.SCMHANodeDetails (SCMHANodeDetails.java:loadSCMHAConfig(162)) - ozone.scm.default.service.id is not defined, falling back to ozone.scm.service.ids to find serviceID for StorageContainerManager if it is HA enabled cluster
2021-12-22 08:21:33,355 [Listener at 127.0.0.1/38215] WARN  server.ServerUtils (ServerUtils.java:getScmDbDir(148)) - ozone.scm.db.dirs is not configured. We recommend adding this setting. Falling back to ozone.metadata.dirs instead.
2021-12-22 08:21:33,356 [Listener at 127.0.0.1/38215] INFO  upgrade.AbstractLayoutVersionManager (AbstractLayoutVersionManager.java:init(79)) - Initializing Layout version manager with metadata layout = SCM_HA (version = 2), software layout = SCM_HA (version = 2)
2021-12-22 08:21:33,495 [Listener at 127.0.0.1/38215] INFO  reflections.Reflections (Reflections.java:scan(232)) - Reflections took 138 ms to scan 7 urls, producing 119 keys and 279 values 
2021-12-22 08:21:33,503 [Listener at 127.0.0.1/38215] WARN  utils.HAUtils (HAUtils.java:getMetaDir(342)) - ozone.scm.db.dirs is not configured. We recommend adding this setting. Falling back to ozone.metadata.dirs instead.
2021-12-22 08:21:33,511 [Listener at 127.0.0.1/38215] WARN  db.DBStoreBuilder (DBStoreBuilder.java:applyDBDefinition(145)) - ozone.scm.db.dirs is not configured. We recommend adding this setting. Falling back to ozone.metadata.dirs instead.
2021-12-22 08:21:33,669 [Listener at 127.0.0.1/38215] INFO  net.NodeSchemaLoader (NodeSchemaLoader.java:loadSchemaFromFile(129)) - Loading schema from [jar:file:/home/runner/.m2/repository/org/apache/ozone/hdds-common/1.3.0-SNAPSHOT/hdds-common-1.3.0-SNAPSHOT.jar!/network-topology-default.xml]
2021-12-22 08:21:33,674 [Listener at 127.0.0.1/38215] INFO  net.NodeSchemaLoader (NodeSchemaLoader.java:loadSchema(176)) - Loading network topology layer schema file
2021-12-22 08:21:33,677 [Listener at 127.0.0.1/38215] INFO  ha.SequenceIdGenerator (SequenceIdGenerator.java:upgradeToSequenceId(347)) - upgrade localId to 107544261427200000
2021-12-22 08:21:33,682 [Listener at 127.0.0.1/38215] INFO  ha.SequenceIdGenerator (SequenceIdGenerator.java:upgradeToSequenceId(357)) - upgrade delTxnId to 0
2021-12-22 08:21:33,682 [Listener at 127.0.0.1/38215] INFO  ha.SequenceIdGenerator (SequenceIdGenerator.java:upgradeToSequenceId(371)) - upgrade containerId to 0
2021-12-22 08:21:33,682 [Listener at 127.0.0.1/38215] INFO  ha.SequenceIdGenerator (SequenceIdGenerator.java:<init>(218)) - Init the HA SequenceIdGenerator.
2021-12-22 08:21:33,682 [Listener at 127.0.0.1/38215] WARN  server.ServerUtils (ServerUtils.java:sanitizeUserArgs(73)) - ozone.scm.stale.node.interval value = 300000 is larger than max = 100000 based on the key value of ozone.scm.heartbeat.thread.interval, reset to the max value 100000.
2021-12-22 08:21:33,683 [Listener at 127.0.0.1/38215] WARN  server.ServerUtils (ServerUtils.java:sanitizeUserArgs(73)) - ozone.scm.stale.node.interval value = 300000 is larger than max = 100000 based on the key value of ozone.scm.heartbeat.thread.interval, reset to the max value 100000.
2021-12-22 08:21:33,690 [Listener at 127.0.0.1/38215] INFO  node.SCMNodeManager (SCMNodeManager.java:<init>(144)) - Entering startup safe mode.
2021-12-22 08:21:33,690 [Listener at 127.0.0.1/38215] INFO  algorithms.ContainerPlacementPolicyFactory (ContainerPlacementPolicyFactory.java:getPolicy(60)) - Create container placement policy of type org.apache.hadoop.hdds.scm.container.placement.algorithms.SCMContainerPlacementRandom
2021-12-22 08:21:33,690 [Listener at 127.0.0.1/38215] INFO  pipeline.PipelineStateManagerImpl (PipelineStateManagerImpl.java:initialize(78)) - No pipeline exists in current db
2021-12-22 08:21:33,691 [Listener at 127.0.0.1/38215] INFO  algorithms.LeaderChoosePolicyFactory (LeaderChoosePolicyFactory.java:getPolicy(57)) - Create leader choose policy of type org.apache.hadoop.hdds.scm.pipeline.leader.choose.algorithms.MinLeaderCountChoosePolicy
2021-12-22 08:21:33,691 [Listener at 127.0.0.1/38215] INFO  ha.SCMServiceManager (SCMServiceManager.java:register(43)) - Registering service BackgroundPipelineCreator.
2021-12-22 08:21:33,691 [Listener at 127.0.0.1/38215] INFO  pipeline.BackgroundPipelineCreator (BackgroundPipelineCreator.java:start(130)) - Starting RatisPipelineUtilsThread.
2021-12-22 08:21:33,698 [Listener at 127.0.0.1/38215] INFO  algorithms.PipelineChoosePolicyFactory (PipelineChoosePolicyFactory.java:createPipelineChoosePolicyFromClass(73)) - Create pipeline choose policy of type org.apache.hadoop.hdds.scm.pipeline.choose.algorithms.RandomPipelineChoosePolicy
2021-12-22 08:21:33,699 [Listener at 127.0.0.1/38215] INFO  ha.SCMServiceManager (SCMServiceManager.java:register(43)) - Registering service SCMBlockDeletingService.
2021-12-22 08:21:33,699 [Listener at 127.0.0.1/38215] INFO  ha.SCMServiceManager (SCMServiceManager.java:register(43)) - Registering service ReplicationManager.
2021-12-22 08:21:33,699 [Listener at 127.0.0.1/38215] INFO  container.ReplicationManager (ReplicationManager.java:start(319)) - Starting Replication Monitor Thread.
2021-12-22 08:21:33,722 [ReplicationMonitor] INFO  container.ReplicationManager (ReplicationManager.java:processAll(371)) - Replication Monitor Thread took 0 milliseconds for processing 0 containers.
2021-12-22 08:21:33,722 [Listener at 127.0.0.1/38215] INFO  safemode.ContainerSafeModeRule (ContainerSafeModeRule.java:<init>(89)) - containers with one replica threshold count 0
2021-12-22 08:21:33,722 [Listener at 127.0.0.1/38215] INFO  safemode.HealthyPipelineSafeModeRule (HealthyPipelineSafeModeRule.java:initializeRule(156)) - Total pipeline count is 0, healthy pipeline threshold count is 1
2021-12-22 08:21:33,722 [Listener at 127.0.0.1/38215] INFO  safemode.OneReplicaPipelineSafeModeRule (OneReplicaPipelineSafeModeRule.java:initializeRule(180)) - Total pipeline count is 0, pipeline's with at least one datanode reported threshold count is 0
2021-12-22 08:21:33,730 [Listener at 127.0.0.1/38215] INFO  ipc.CallQueueManager (CallQueueManager.java:<init>(90)) - Using callQueue: class java.util.concurrent.LinkedBlockingQueue, queueCapacity: 2000, scheduler: class org.apache.hadoop.ipc.DefaultRpcScheduler, ipcBackoff: false.
2021-12-22 08:21:33,731 [Socket Reader #1 for port 0] INFO  ipc.Server (Server.java:run(1265)) - Starting Socket Reader #1 for port 0
2021-12-22 08:21:33,738 [Listener at 0.0.0.0/34715] INFO  ipc.CallQueueManager (CallQueueManager.java:<init>(90)) - Using callQueue: class java.util.concurrent.LinkedBlockingQueue, queueCapacity: 2000, scheduler: class org.apache.hadoop.ipc.DefaultRpcScheduler, ipcBackoff: false.
2021-12-22 08:21:33,750 [Socket Reader #1 for port 0] INFO  ipc.Server (Server.java:run(1265)) - Starting Socket Reader #1 for port 0
2021-12-22 08:21:33,750 [Listener at 0.0.0.0/37877] INFO  ipc.CallQueueManager (CallQueueManager.java:<init>(90)) - Using callQueue: class java.util.concurrent.LinkedBlockingQueue, queueCapacity: 2000, scheduler: class org.apache.hadoop.ipc.DefaultRpcScheduler, ipcBackoff: false.
2021-12-22 08:21:33,758 [Socket Reader #1 for port 0] INFO  ipc.Server (Server.java:run(1265)) - Starting Socket Reader #1 for port 0
2021-12-22 08:21:33,806 [Listener at 0.0.0.0/46707] INFO  algorithms.ContainerPlacementPolicyFactory (ContainerPlacementPolicyFactory.java:getPolicy(60)) - Create container placement policy of type org.apache.hadoop.hdds.scm.container.placement.algorithms.SCMContainerPlacementRandom
2021-12-22 08:21:33,811 [Listener at 0.0.0.0/46707] INFO  server.StorageContainerManager (StorageContainerManager.java:<init>(388)) - 
Container Balancer status:
Key                            Value
Running                        false
Container Balancer Configuration values:
Key                                                Value
Threshold                                          0.1
Max Datanodes to Involve per Iteration(ratio)      0.2
Max Size to Move per Iteration                     30GB
Max Size Entering Target per Iteration             1GB
Max Size Leaving Source per Iteration              1GB

2021-12-22 08:21:33,811 [Listener at 0.0.0.0/46707] WARN  events.EventQueue (EventQueue.java:fireEvent(194)) - No event handler registered for event TypedEvent{payloadType=SafeModeStatus, name='Safe mode status'}
2021-12-22 08:21:33,812 [Listener at 0.0.0.0/46707] INFO  ha.SCMContext (SCMContext.java:updateSafeModeStatus(211)) - Update SafeModeStatus from SafeModeStatus{safeModeStatus=true, preCheckPassed=false} to SafeModeStatus{safeModeStatus=true, preCheckPassed=false}.
2021-12-22 08:21:33,813 [Listener at 0.0.0.0/46707] INFO  server.StorageContainerManager (StorageContainerManager.java:start(1303)) - StorageContainerLocationProtocol RPC server is listening at /0.0.0.0:46707
2021-12-22 08:21:33,814 [Listener at 0.0.0.0/46707] WARN  impl.MetricsConfig (MetricsConfig.java:loadFirst(136)) - Cannot locate configuration: tried hadoop-metrics2-storagecontainermanager.properties,hadoop-metrics2.properties
2021-12-22 08:21:33,833 [Listener at 0.0.0.0/46707] INFO  impl.MetricsSystemImpl (MetricsSystemImpl.java:startTimer(378)) - Scheduled Metric snapshot period at 10 second(s).
2021-12-22 08:21:33,833 [Listener at 0.0.0.0/46707] INFO  impl.MetricsSystemImpl (MetricsSystemImpl.java:start(191)) - StorageContainerManager metrics system started
2021-12-22 08:21:33,870 [Listener at 0.0.0.0/46707] INFO  impl.MetricsSinkAdapter (MetricsSinkAdapter.java:start(204)) - Sink prometheus started
2021-12-22 08:21:33,870 [Listener at 0.0.0.0/46707] INFO  impl.MetricsSystemImpl (MetricsSystemImpl.java:registerSink(305)) - Registered sink prometheus
2021-12-22 08:21:33,911 [Listener at 0.0.0.0/46707] INFO  server.SCMClientProtocolServer (SCMClientProtocolServer.java:start(164)) - RPC server for Client  is listening at /0.0.0.0:46707
2021-12-22 08:21:33,926 [IPC Server Responder] INFO  ipc.Server (Server.java:run(1507)) - IPC Server Responder: starting
2021-12-22 08:21:33,950 [Listener at 0.0.0.0/46707] INFO  server.StorageContainerManager (StorageContainerManager.java:start(1318)) - ScmBlockLocationProtocol RPC server is listening at /0.0.0.0:37877
2021-12-22 08:21:33,950 [Listener at 0.0.0.0/46707] INFO  server.SCMBlockProtocolServer (SCMBlockProtocolServer.java:start(151)) - RPC server for Block Protocol is listening at /0.0.0.0:37877
2021-12-22 08:21:33,962 [IPC Server Responder] INFO  ipc.Server (Server.java:run(1507)) - IPC Server Responder: starting
2021-12-22 08:21:33,972 [IPC Server listener on 0] INFO  ipc.Server (Server.java:run(1344)) - IPC Server listener on 0: starting
2021-12-22 08:21:34,058 [Listener at 0.0.0.0/46707] INFO  server.StorageContainerManager (StorageContainerManager.java:start(1324)) - ScmDatanodeProtocl RPC server is listening at /0.0.0.0:34715
2021-12-22 08:21:34,058 [Listener at 0.0.0.0/46707] INFO  server.SCMDatanodeProtocolServer (SCMDatanodeProtocolServer.java:start(181)) - RPC server for DataNodes is listening at /0.0.0.0:34715
2021-12-22 08:21:34,061 [IPC Server Responder] INFO  ipc.Server (Server.java:run(1507)) - IPC Server Responder: starting
2021-12-22 08:21:34,061 [IPC Server listener on 0] INFO  ipc.Server (Server.java:run(1344)) - IPC Server listener on 0: starting
2021-12-22 08:21:34,081 [IPC Server listener on 0] INFO  ipc.Server (Server.java:run(1344)) - IPC Server listener on 0: starting
2021-12-22 08:21:34,090 [Listener at 0.0.0.0/46707] INFO  http.BaseHttpServer (BaseHttpServer.java:newHttpServer2BuilderForOzone(209)) - Starting Web-server for scm at: http://0.0.0.0:0
2021-12-22 08:21:34,090 [Listener at 0.0.0.0/46707] INFO  http.BaseHttpServer (BaseHttpServer.java:<init>(107)) - Hadoop Security Enabled: false Ozone Security Enabled: false Ozone HTTP Security Enabled: false 
2021-12-22 08:21:34,092 [Listener at 0.0.0.0/46707] INFO  server.AuthenticationFilter (AuthenticationFilter.java:constructSecretProvider(240)) - Unable to initialize FileSignerSecretProvider, falling back to use random secrets.
2021-12-22 08:21:34,093 [Listener at 0.0.0.0/46707] WARN  http.HttpRequestLog (HttpRequestLog.java:getRequestLog(103)) - Jetty request log can only be enabled using Log4j
2021-12-22 08:21:34,094 [Listener at 0.0.0.0/46707] INFO  http.HttpServer2 (HttpServer2.java:addGlobalFilter(1030)) - Added global filter 'safety' (class=org.apache.hadoop.hdds.server.http.HttpServer2$QuotingInputFilter)
2021-12-22 08:21:34,095 [Listener at 0.0.0.0/46707] INFO  http.HttpServer2 (HttpServer2.java:addFilter(1006)) - Added filter static_user_filter (class=org.apache.hadoop.http.lib.StaticUserWebFilter$StaticUserFilter) to context scm
2021-12-22 08:21:34,095 [Listener at 0.0.0.0/46707] INFO  http.HttpServer2 (HttpServer2.java:addFilter(1014)) - Added filter static_user_filter (class=org.apache.hadoop.http.lib.StaticUserWebFilter$StaticUserFilter) to context logs
2021-12-22 08:21:34,095 [Listener at 0.0.0.0/46707] INFO  http.HttpServer2 (HttpServer2.java:addFilter(1014)) - Added filter static_user_filter (class=org.apache.hadoop.http.lib.StaticUserWebFilter$StaticUserFilter) to context static
2021-12-22 08:21:34,095 [Listener at 0.0.0.0/46707] INFO  http.HttpServer2 (HttpServer2.java:bindListener(1249)) - Jetty bound to port 35285
2021-12-22 08:21:34,095 [Listener at 0.0.0.0/46707] INFO  server.Server (Server.java:doStart(375)) - jetty-9.4.43.v20210629; built: 2021-06-30T11:07:22.254Z; git: 526006ecfa3af7f1a27ef3a288e2bef7ea9dd7e8; jvm 1.8.0_292-b10
2021-12-22 08:21:34,142 [Listener at 0.0.0.0/46707] INFO  server.session (DefaultSessionIdManager.java:doStart(334)) - DefaultSessionIdManager workerName=node0
2021-12-22 08:21:34,143 [Listener at 0.0.0.0/46707] INFO  server.session (DefaultSessionIdManager.java:doStart(339)) - No SessionScavenger set, using defaults
2021-12-22 08:21:34,143 [Listener at 0.0.0.0/46707] INFO  server.session (HouseKeeper.java:startScavenging(132)) - node0 Scavenging every 600000ms
2021-12-22 08:21:34,145 [Listener at 0.0.0.0/46707] INFO  handler.ContextHandler (ContextHandler.java:doStart(915)) - Started o.e.j.s.ServletContextHandler@3e898efe{logs,/logs,file:///home/runner/work/ozone/ozone/hadoop-ozone/integration-test/target/log,AVAILABLE}
2021-12-22 08:21:34,145 [Listener at 0.0.0.0/46707] INFO  handler.ContextHandler (ContextHandler.java:doStart(915)) - Started o.e.j.s.ServletContextHandler@48515938{static,/static,file:///home/runner/work/ozone/ozone/hadoop-ozone/integration-test/target/test-classes/webapps/static,AVAILABLE}
2021-12-22 08:21:34,148 [Listener at 0.0.0.0/46707] INFO  handler.ContextHandler (ContextHandler.java:doStart(915)) - Started o.e.j.w.WebAppContext@84b0639{scm,/,file:///home/runner/work/ozone/ozone/hadoop-ozone/integration-test/target/test-classes/webapps/scm/,AVAILABLE}{file:/home/runner/work/ozone/ozone/hadoop-ozone/integration-test/target/test-classes/webapps/scm}
2021-12-22 08:21:34,150 [Listener at 0.0.0.0/46707] INFO  server.AbstractConnector (AbstractConnector.java:doStart(331)) - Started ServerConnector@482741af{HTTP/1.1, (http/1.1)}{0.0.0.0:35285}
2021-12-22 08:21:34,150 [Listener at 0.0.0.0/46707] INFO  server.Server (Server.java:doStart(415)) - Started @64864ms
2021-12-22 08:21:34,150 [Listener at 0.0.0.0/46707] WARN  impl.MetricsSystemImpl (MetricsSystemImpl.java:register(279)) - Sink prometheus already exists!
2021-12-22 08:21:34,151 [Listener at 0.0.0.0/46707] INFO  http.BaseHttpServer (BaseHttpServer.java:updateConnectorAddress(329)) - HTTP server of scm listening at http://0.0.0.0:35285
2021-12-22 08:21:34,151 [Listener at 0.0.0.0/46707] WARN  server.ServerUtils (ServerUtils.java:getDBPath(225)) - ozone.om.db.dirs is not configured. We recommend adding this setting. Falling back to ozone.metadata.dirs instead.
2021-12-22 08:21:34,151 [org.apache.hadoop.util.JvmPauseMonitor$Monitor@7a3655b4] INFO  util.JvmPauseMonitor (JvmPauseMonitor.java:run(188)) - Starting JVM pause monitor
2021-12-22 08:21:34,154 [Listener at 0.0.0.0/46707] INFO  ha.OMHANodeDetails (OMHANodeDetails.java:loadOMHAConfig(112)) - ozone.om.internal.service.id is not defined, falling back to ozone.om.service.ids to find serviceID for OzoneManager if it is HA enabled cluster
2021-12-22 08:21:34,154 [Listener at 0.0.0.0/46707] INFO  ha.OMHANodeDetails (OMHANodeDetails.java:loadOMHAConfig(218)) - Configuration does not have ozone.om.address set. Falling back to the default OM address /127.0.0.1:0
2021-12-22 08:21:34,154 [Listener at 0.0.0.0/46707] INFO  ha.OMHANodeDetails (OMHANodeDetails.java:getOMNodeDetailsForNonHA(246)) - OM Service ID is not set. Setting it to the default ID: omServiceIdDefault
2021-12-22 08:21:34,154 [Listener at 0.0.0.0/46707] INFO  ha.OMHANodeDetails (OMHANodeDetails.java:getOMNodeDetailsForNonHA(253)) - OM Node ID is not set. Setting it to the default ID: om1
2021-12-22 08:21:34,154 [Listener at 0.0.0.0/46707] WARN  server.ServerUtils (ServerUtils.java:getDBPath(225)) - ozone.om.db.dirs is not configured. We recommend adding this setting. Falling back to ozone.metadata.dirs instead.
2021-12-22 08:21:34,155 [Listener at 0.0.0.0/46707] INFO  upgrade.AbstractLayoutVersionManager (AbstractLayoutVersionManager.java:init(79)) - Initializing Layout version manager with metadata layout = INITIAL_VERSION (version = 0), software layout = INITIAL_VERSION (version = 0)
2021-12-22 08:21:34,271 [Listener at 0.0.0.0/46707] INFO  reflections.Reflections (Reflections.java:scan(232)) - Reflections took 115 ms to scan 2 urls, producing 133 keys and 345 values [using 2 cores]
2021-12-22 08:21:34,271 [Listener at 0.0.0.0/46707] INFO  upgrade.OMLayoutVersionManager (OMLayoutVersionManager.java:lambda$0(115)) - Skipping Upgrade Action MockOmUpgradeAction since it has been finalized.
2021-12-22 08:21:34,272 [Listener at 0.0.0.0/46707] WARN  server.ServerUtils (ServerUtils.java:getDBPath(225)) - ozone.om.db.dirs is not configured. We recommend adding this setting. Falling back to ozone.metadata.dirs instead.
2021-12-22 08:21:34,355 [Listener at 0.0.0.0/46707] WARN  server.ServerUtils (ServerUtils.java:getDBPath(225)) - ozone.om.db.dirs is not configured. We recommend adding this setting. Falling back to ozone.metadata.dirs instead.
2021-12-22 08:21:34,355 [Listener at 0.0.0.0/46707] INFO  codec.OmKeyInfoCodec (OmKeyInfoCodec.java:<init>(50)) - OmKeyInfoCodec ignorePipeline = true
2021-12-22 08:21:34,356 [Listener at 0.0.0.0/46707] INFO  codec.RepeatedOmKeyInfoCodec (RepeatedOmKeyInfoCodec.java:<init>(42)) - RepeatedOmKeyInfoCodec ignorePipeline = true
2021-12-22 08:21:34,600 [Listener at 0.0.0.0/46707] INFO  om.OzoneManager (OzoneManager.java:addS3GVolumeToDB(3728)) - Created Volume s3v With Owner runner required for S3Gateway operations.
2021-12-22 08:21:34,600 [Listener at 0.0.0.0/46707] WARN  server.ServerUtils (ServerUtils.java:getDefaultRatisDirectory(237)) - Storage directory for Ratis is not configured. It is a good idea to map this to an SSD disk. Falling back to ozone.metadata.dirs
2021-12-22 08:21:34,601 [Listener at 0.0.0.0/46707] WARN  utils.OzoneManagerRatisUtils (OzoneManagerRatisUtils.java:getOMRatisSnapshotDirectory(323)) - ozone.om.ratis.snapshot.dir is not configured. Falling back to ozone.metadata.dirs config
2021-12-22 08:21:34,602 [Listener at 0.0.0.0/46707] WARN  server.ServerUtils (ServerUtils.java:getDefaultRatisDirectory(237)) - Storage directory for Ratis is not configured. It is a good idea to map this to an SSD disk. Falling back to ozone.metadata.dirs
2021-12-22 08:21:34,611 [Listener at 0.0.0.0/46707] INFO  ratis.OzoneManagerRatisServer (OzoneManagerRatisServer.java:<init>(159)) - Instantiating OM Ratis server with groupID: omServiceIdDefault and peers: localhost:9872
2021-12-22 08:21:34,611 [Listener at 0.0.0.0/46707] INFO  ratis.OzoneManagerStateMachine (OzoneManagerStateMachine.java:loadSnapshotInfoFromDB(605)) - LastAppliedIndex is set from TransactionInfo from OM DB as (t:0, i:~)
2021-12-22 08:21:34,616 [Listener at 0.0.0.0/46707] INFO  server.RaftServer (ConfUtils.java:logGet(44)) - raft.rpc.type = GRPC (default)
2021-12-22 08:21:34,616 [Listener at 0.0.0.0/46707] INFO  grpc.GrpcFactory (GrpcFactory.java:checkPooledByteBufAllocatorUseCacheForAllThreads(48)) - PERFORMANCE WARNING: useCacheForAllThreads is true that may cause Netty to create a lot garbage objects and, as a result, trigger GC.
	It is recommended to disable useCacheForAllThreads by setting -Dorg.apache.ratis.thirdparty.io.netty.allocator.useCacheForAllThreads=false in command line.
2021-12-22 08:21:34,616 [Listener at 0.0.0.0/46707] INFO  grpc.GrpcConfigKeys (ConfUtils.java:logGet(44)) - raft.grpc.admin.port = -1 (default)
2021-12-22 08:21:34,616 [Listener at 0.0.0.0/46707] INFO  grpc.GrpcConfigKeys (ConfUtils.java:logGet(44)) - raft.grpc.server.port = 9872 (custom)
2021-12-22 08:21:34,617 [Listener at 0.0.0.0/46707] INFO  grpc.GrpcConfigKeys (ConfUtils.java:logGet(44)) - raft.grpc.client.port = -1 (default)
2021-12-22 08:21:34,617 [Listener at 0.0.0.0/46707] INFO  grpc.GrpcConfigKeys (ConfUtils.java:logGet(44)) - raft.grpc.server.port = 9872 (custom)
2021-12-22 08:21:34,617 [Listener at 0.0.0.0/46707] INFO  grpc.GrpcConfigKeys (ConfUtils.java:logGet(44)) - raft.grpc.server.port = 9872 (custom)
2021-12-22 08:21:34,617 [Listener at 0.0.0.0/46707] INFO  server.GrpcService (ConfUtils.java:logGet(44)) - raft.grpc.message.size.max = 33554432 (custom)
2021-12-22 08:21:34,617 [Listener at 0.0.0.0/46707] INFO  server.RaftServerConfigKeys (ConfUtils.java:logGet(44)) - raft.server.log.appender.buffer.byte-limit = 33554432 (custom)
2021-12-22 08:21:34,617 [Listener at 0.0.0.0/46707] INFO  server.GrpcService (ConfUtils.java:logGet(44)) - raft.grpc.flow.control.window = 1MB (=1048576) (default)
2021-12-22 08:21:34,617 [Listener at 0.0.0.0/46707] INFO  server.RaftServerConfigKeys (ConfUtils.java:logGet(44)) - raft.server.rpc.request.timeout = 3000ms (default)
2021-12-22 08:21:34,619 [Listener at 0.0.0.0/46707] INFO  impl.DataStreamServerImpl (ConfUtils.java:logGet(44)) - raft.datastream.type = DISABLED (default)
2021-12-22 08:21:34,619 [Listener at 0.0.0.0/46707] INFO  server.RaftServerConfigKeys (ConfUtils.java:logGet(44)) - raft.server.rpc.slowness.timeout = 120s (custom)
2021-12-22 08:21:34,619 [Listener at 0.0.0.0/46707] INFO  server.RaftServerConfigKeys (ConfUtils.java:logGet(44)) - raft.server.leaderelection.leader.step-down.wait-time = 10s (default)
2021-12-22 08:21:34,620 [Listener at 0.0.0.0/46707] INFO  server.RaftServerConfigKeys (ConfUtils.java:logGet(44)) - raft.server.storage.dir = [/home/runner/work/ozone/ozone/hadoop-ozone/integration-test/target/test-dir/MiniOzoneClusterImpl-00f4b0a5-0ce4-4f12-84b0-ee0e83cef9cd/ozone-meta/ratis] (custom)
2021-12-22 08:21:34,620 [Listener at 0.0.0.0/46707] INFO  server.RaftServer (RaftServerProxy.java:addNew(95)) - om1: addNew group-C5BA1605619E:[om1|rpc:localhost:9872|priority:0] returns group-C5BA1605619E:java.util.concurrent.CompletableFuture@3ec4816[Not completed]
2021-12-22 08:21:34,620 [Listener at 0.0.0.0/46707] INFO  om.OzoneManager (OzoneManager.java:initializeRatisServer(1834)) - OzoneManager Ratis server initialized at port 9872
2021-12-22 08:21:34,620 [pool-185-thread-1] INFO  server.RaftServer$Division (RaftServerImpl.java:<init>(184)) - om1: new RaftServerImpl for group-C5BA1605619E:[om1|rpc:localhost:9872|priority:0] with OzoneManagerStateMachine:uninitialized
2021-12-22 08:21:34,630 [pool-185-thread-1] INFO  server.RaftServerConfigKeys (ConfUtils.java:logGet(44)) - raft.server.rpc.timeout.min = 1s (custom)
2021-12-22 08:21:34,630 [pool-185-thread-1] INFO  server.RaftServerConfigKeys (ConfUtils.java:logGet(44)) - raft.server.rpc.timeout.max = 1200ms (custom)
2021-12-22 08:21:34,630 [pool-185-thread-1] INFO  server.RaftServerConfigKeys (ConfUtils.java:logGet(44)) - raft.server.rpc.sleep.time = 25ms (default)
2021-12-22 08:21:34,630 [pool-185-thread-1] INFO  server.RaftServerConfigKeys (ConfUtils.java:logGet(44)) - raft.server.rpc.slowness.timeout = 120s (custom)
2021-12-22 08:21:34,630 [pool-185-thread-1] INFO  server.RaftServerConfigKeys (ConfUtils.java:logGet(44)) - raft.server.leaderelection.leader.step-down.wait-time = 10s (default)
2021-12-22 08:21:34,630 [pool-185-thread-1] INFO  server.RaftServerConfigKeys (ConfUtils.java:logGet(44)) - raft.server.sleep.deviation.threshold = 300ms (default)
2021-12-22 08:21:34,630 [pool-185-thread-1] INFO  server.RaftServerConfigKeys (ConfUtils.java:logGet(44)) - raft.server.log.appender.install.snapshot.enabled = false (custom)
2021-12-22 08:21:34,630 [pool-185-thread-1] INFO  server.RaftServer$Division (ServerState.java:<init>(105)) - om1@group-C5BA1605619E: ConfigurationManager, init=-1: [om1|rpc:localhost:9872|priority:0], old=null, confs=<EMPTY_MAP>
2021-12-22 08:21:34,630 [pool-185-thread-1] INFO  server.RaftServerConfigKeys (ConfUtils.java:logGet(44)) - raft.server.storage.dir = [/home/runner/work/ozone/ozone/hadoop-ozone/integration-test/target/test-dir/MiniOzoneClusterImpl-00f4b0a5-0ce4-4f12-84b0-ee0e83cef9cd/ozone-meta/ratis] (custom)
2021-12-22 08:21:34,630 [pool-185-thread-1] INFO  server.RaftServerConfigKeys (ConfUtils.java:logGet(44)) - raft.server.log.corruption.policy = EXCEPTION (default)
2021-12-22 08:21:34,630 [pool-185-thread-1] INFO  server.RaftServerConfigKeys (ConfUtils.java:logGet(44)) - raft.server.storage.free-space.min = 0MB (=0) (default)
2021-12-22 08:21:34,631 [pool-185-thread-1] INFO  storage.RaftStorageDirectory (RaftStorageDirectoryImpl.java:analyzeStorage(135)) - The storage directory /home/runner/work/ozone/ozone/hadoop-ozone/integration-test/target/test-dir/MiniOzoneClusterImpl-00f4b0a5-0ce4-4f12-84b0-ee0e83cef9cd/ozone-meta/ratis/bf265839-605b-3f16-9796-c5ba1605619e does not exist. Creating ...
2021-12-22 08:21:34,632 [Listener at 0.0.0.0/46707] INFO  ipc.CallQueueManager (CallQueueManager.java:<init>(90)) - Using callQueue: class java.util.concurrent.LinkedBlockingQueue, queueCapacity: 2000, scheduler: class org.apache.hadoop.ipc.DefaultRpcScheduler, ipcBackoff: false.
2021-12-22 08:21:34,634 [pool-185-thread-1] INFO  storage.RaftStorageDirectory (RaftStorageDirectoryImpl.java:tryLock(230)) - Lock on /home/runner/work/ozone/ozone/hadoop-ozone/integration-test/target/test-dir/MiniOzoneClusterImpl-00f4b0a5-0ce4-4f12-84b0-ee0e83cef9cd/ozone-meta/ratis/bf265839-605b-3f16-9796-c5ba1605619e/in_use.lock acquired by nodename 16871@fv-az270-32
2021-12-22 08:21:34,636 [pool-185-thread-1] INFO  storage.RaftStorage (RaftStorageImpl.java:format(89)) - Storage directory /home/runner/work/ozone/ozone/hadoop-ozone/integration-test/target/test-dir/MiniOzoneClusterImpl-00f4b0a5-0ce4-4f12-84b0-ee0e83cef9cd/ozone-meta/ratis/bf265839-605b-3f16-9796-c5ba1605619e has been successfully formatted.
2021-12-22 08:21:34,636 [pool-185-thread-1] INFO  server.RaftServerConfigKeys (ConfUtils.java:logGet(44)) - raft.server.notification.no-leader.timeout = 120s (custom)
2021-12-22 08:21:34,636 [pool-185-thread-1] INFO  server.RaftServerConfigKeys (ConfUtils.java:logGet(44)) - raft.server.log.use.memory = false (default)
2021-12-22 08:21:34,636 [pool-185-thread-1] INFO  server.RaftServerConfigKeys (ConfUtils.java:logGet(44)) - raft.server.log.purge.gap = 1000000 (custom)
2021-12-22 08:21:34,636 [pool-185-thread-1] INFO  server.RaftServerConfigKeys (ConfUtils.java:logGet(44)) - raft.server.log.appender.buffer.byte-limit = 33554432 (custom)
2021-12-22 08:21:34,636 [pool-185-thread-1] INFO  server.RaftServerConfigKeys (ConfUtils.java:logGet(44)) - raft.server.log.segment.size.max = 4194304 (custom)
2021-12-22 08:21:34,637 [pool-185-thread-1] INFO  server.RaftServerConfigKeys (ConfUtils.java:logGet(44)) - raft.server.log.segment.cache.num.max = 2 (custom)
2021-12-22 08:21:34,637 [pool-185-thread-1] INFO  server.RaftServerConfigKeys (ConfUtils.java:logGet(44)) - raft.server.log.segment.cache.size.max = 200MB (=209715200) (default)
2021-12-22 08:21:34,637 [pool-185-thread-1] INFO  segmented.SegmentedRaftLogWorker (SegmentedRaftLogWorker.java:<init>(182)) - new om1@group-C5BA1605619E-SegmentedRaftLogWorker for RaftStorageImpl:Storage Directory /home/runner/work/ozone/ozone/hadoop-ozone/integration-test/target/test-dir/MiniOzoneClusterImpl-00f4b0a5-0ce4-4f12-84b0-ee0e83cef9cd/ozone-meta/ratis/bf265839-605b-3f16-9796-c5ba1605619e
2021-12-22 08:21:34,637 [pool-185-thread-1] INFO  server.RaftServerConfigKeys (ConfUtils.java:logGet(44)) - raft.server.log.queue.byte-limit = 64MB (=67108864) (default)
2021-12-22 08:21:34,637 [pool-185-thread-1] INFO  server.RaftServerConfigKeys (ConfUtils.java:logGet(44)) - raft.server.log.queue.element-limit = 4096 (default)
2021-12-22 08:21:34,637 [pool-185-thread-1] INFO  server.RaftServerConfigKeys (ConfUtils.java:logGet(44)) - raft.server.log.segment.size.max = 4194304 (custom)
2021-12-22 08:21:34,637 [pool-185-thread-1] INFO  server.RaftServerConfigKeys (ConfUtils.java:logGet(44)) - raft.server.log.preallocated.size = 4194304 (custom)
2021-12-22 08:21:34,637 [pool-185-thread-1] INFO  server.RaftServerConfigKeys (ConfUtils.java:logGet(44)) - raft.server.log.force.sync.num = 128 (default)
2021-12-22 08:21:34,637 [pool-185-thread-1] INFO  server.RaftServerConfigKeys (ConfUtils.java:logGet(44)) - raft.server.log.statemachine.data.sync = true (default)
2021-12-22 08:21:34,637 [pool-185-thread-1] INFO  server.RaftServerConfigKeys (ConfUtils.java:logGet(44)) - raft.server.log.statemachine.data.sync.timeout = 10s (default)
2021-12-22 08:21:34,637 [pool-185-thread-1] INFO  server.RaftServerConfigKeys (ConfUtils.java:logGet(44)) - raft.server.log.statemachine.data.sync.timeout.retry = -1 (default)
2021-12-22 08:21:34,652 [Socket Reader #1 for port 0] INFO  ipc.Server (Server.java:run(1265)) - Starting Socket Reader #1 for port 0
2021-12-22 08:21:34,653 [pool-185-thread-1] INFO  server.RaftServerConfigKeys (ConfUtils.java:logGet(44)) - raft.server.log.write.buffer.size = 64KB (=65536) (default)
2021-12-22 08:21:34,653 [pool-185-thread-1] INFO  server.RaftServerConfigKeys (ConfUtils.java:logGet(44)) - raft.server.log.statemachine.data.caching.enabled = false (default)
2021-12-22 08:21:34,653 [pool-185-thread-1] INFO  segmented.SegmentedRaftLogWorker (SegmentedRaftLogWorker.java:lambda$new$0(133)) - om1@group-C5BA1605619E-SegmentedRaftLogWorker: flushIndex: setUnconditionally 0 -> -1
2021-12-22 08:21:34,653 [pool-185-thread-1] INFO  segmented.SegmentedRaftLogWorker (SegmentedRaftLogWorker.java:lambda$new$0(133)) - om1@group-C5BA1605619E-SegmentedRaftLogWorker: safeCacheEvictIndex: setUnconditionally 0 -> -1
2021-12-22 08:21:34,688 [pool-185-thread-1] INFO  server.RaftServerConfigKeys (ConfUtils.java:logGet(44)) - raft.server.snapshot.auto.trigger.enabled = true (custom)
2021-12-22 08:21:34,688 [pool-185-thread-1] INFO  server.RaftServerConfigKeys (ConfUtils.java:logGet(44)) - raft.server.snapshot.auto.trigger.threshold = 400000 (default)
2021-12-22 08:21:34,688 [pool-185-thread-1] INFO  server.RaftServerConfigKeys (ConfUtils.java:logGet(44)) - raft.server.snapshot.retention.file.num = -1 (default)
2021-12-22 08:21:34,688 [pool-185-thread-1] INFO  server.RaftServerConfigKeys (ConfUtils.java:logGet(44)) - raft.server.log.purge.upto.snapshot.index = true (custom)
2021-12-22 08:21:34,688 [pool-185-thread-1] INFO  server.RaftServerConfigKeys (ConfUtils.java:logGet(44)) - raft.server.retrycache.expirytime = 300s (custom)
2021-12-22 08:21:34,688 [pool-185-thread-1] INFO  server.RaftServerConfigKeys (ConfUtils.java:logGet(44)) - raft.server.retrycache.statistics.expirytime = 100μs (default)
2021-12-22 08:21:34,711 [Listener at 127.0.0.1/41819] INFO  impl.MetricsSystemImpl (MetricsSystemImpl.java:init(158)) - OzoneManager metrics system started (again)
2021-12-22 08:21:34,750 [Listener at 127.0.0.1/41819] INFO  om.OzoneManager (OzoneManager.java:start(1365)) - OzoneManager RPC server is listening at localhost/127.0.0.1:41819
2021-12-22 08:21:34,750 [Listener at 127.0.0.1/41819] INFO  ratis.OzoneManagerRatisServer (OzoneManagerRatisServer.java:start(554)) - Starting OzoneManagerRatisServer om1 at port 9872
2021-12-22 08:21:34,750 [Listener at 127.0.0.1/41819] INFO  server.RaftServer$Division (RaftServerImpl.java:start(301)) - om1@group-C5BA1605619E: start as a follower, conf=-1: [om1|rpc:localhost:9872|priority:0], old=null
2021-12-22 08:21:34,750 [Listener at 127.0.0.1/41819] INFO  server.RaftServer$Division (RaftServerImpl.java:setRole(290)) - om1@group-C5BA1605619E: changes role from      null to FOLLOWER at term 0 for startAsFollower
2021-12-22 08:21:34,750 [Listener at 127.0.0.1/41819] INFO  impl.RoleInfo (RoleInfo.java:updateAndGet(130)) - om1: start om1@group-C5BA1605619E-FollowerState
2021-12-22 08:21:34,760 [Listener at 127.0.0.1/41819] INFO  util.JmxRegister (JmxRegister.java:tryRegister(44)) - Successfully registered JMX Bean with object name Ratis:service=RaftServer,group=group-C5BA1605619E,id=om1
2021-12-22 08:21:34,762 [Listener at 127.0.0.1/41819] INFO  server.RaftServer (RaftServerProxy.java:lambda$start$5(374)) - om1: start RPC server
2021-12-22 08:21:34,775 [Listener at 127.0.0.1/41819] INFO  server.GrpcService (GrpcService.java:startImpl(253)) - om1: GrpcService started, listening on 9872
2021-12-22 08:21:34,775 [Listener at 127.0.0.1/41819] INFO  om.OzoneManager (OzoneManager.java:start(1381)) - Version File has different layout version (0) than OM DB (null). That is expected if this OM has never been finalized to a newer layout version.
2021-12-22 08:21:34,775 [org.apache.ratis.util.JvmPauseMonitor$$Lambda$528/1268289547@74db196c] INFO  util.JvmPauseMonitor (JvmPauseMonitor.java:run(103)) - JvmPauseMonitor-om1: Started
2021-12-22 08:21:34,782 [Listener at 127.0.0.1/41819] INFO  http.BaseHttpServer (BaseHttpServer.java:newHttpServer2BuilderForOzone(209)) - Starting Web-server for ozoneManager at: http://0.0.0.0:0
2021-12-22 08:21:34,782 [Listener at 127.0.0.1/41819] INFO  http.BaseHttpServer (BaseHttpServer.java:<init>(107)) - Hadoop Security Enabled: false Ozone Security Enabled: false Ozone HTTP Security Enabled: false 
2021-12-22 08:21:34,783 [Listener at 127.0.0.1/41819] INFO  server.AuthenticationFilter (AuthenticationFilter.java:constructSecretProvider(240)) - Unable to initialize FileSignerSecretProvider, falling back to use random secrets.
2021-12-22 08:21:34,798 [Listener at 127.0.0.1/41819] WARN  http.HttpRequestLog (HttpRequestLog.java:getRequestLog(103)) - Jetty request log can only be enabled using Log4j
2021-12-22 08:21:34,799 [Listener at 127.0.0.1/41819] INFO  http.HttpServer2 (HttpServer2.java:addGlobalFilter(1030)) - Added global filter 'safety' (class=org.apache.hadoop.hdds.server.http.HttpServer2$QuotingInputFilter)
2021-12-22 08:21:34,800 [Listener at 127.0.0.1/41819] INFO  http.HttpServer2 (HttpServer2.java:addFilter(1006)) - Added filter static_user_filter (class=org.apache.hadoop.http.lib.StaticUserWebFilter$StaticUserFilter) to context ozoneManager
2021-12-22 08:21:34,800 [Listener at 127.0.0.1/41819] INFO  http.HttpServer2 (HttpServer2.java:addFilter(1014)) - Added filter static_user_filter (class=org.apache.hadoop.http.lib.StaticUserWebFilter$StaticUserFilter) to context static
2021-12-22 08:21:34,800 [Listener at 127.0.0.1/41819] INFO  http.HttpServer2 (HttpServer2.java:addFilter(1014)) - Added filter static_user_filter (class=org.apache.hadoop.http.lib.StaticUserWebFilter$StaticUserFilter) to context logs
2021-12-22 08:21:34,801 [Listener at 127.0.0.1/41819] INFO  http.HttpServer2 (HttpServer2.java:bindListener(1249)) - Jetty bound to port 37283
2021-12-22 08:21:34,801 [Listener at 127.0.0.1/41819] INFO  server.Server (Server.java:doStart(375)) - jetty-9.4.43.v20210629; built: 2021-06-30T11:07:22.254Z; git: 526006ecfa3af7f1a27ef3a288e2bef7ea9dd7e8; jvm 1.8.0_292-b10
2021-12-22 08:21:34,810 [Listener at 127.0.0.1/41819] INFO  server.session (DefaultSessionIdManager.java:doStart(334)) - DefaultSessionIdManager workerName=node0
2021-12-22 08:21:34,810 [Listener at 127.0.0.1/41819] INFO  server.session (DefaultSessionIdManager.java:doStart(339)) - No SessionScavenger set, using defaults
2021-12-22 08:21:34,810 [Listener at 127.0.0.1/41819] INFO  server.session (HouseKeeper.java:startScavenging(132)) - node0 Scavenging every 660000ms
2021-12-22 08:21:34,811 [Listener at 127.0.0.1/41819] INFO  handler.ContextHandler (ContextHandler.java:doStart(915)) - Started o.e.j.s.ServletContextHandler@75a4ca1{logs,/logs,file:///home/runner/work/ozone/ozone/hadoop-ozone/integration-test/target/log,AVAILABLE}
2021-12-22 08:21:34,812 [Listener at 127.0.0.1/41819] INFO  handler.ContextHandler (ContextHandler.java:doStart(915)) - Started o.e.j.s.ServletContextHandler@155150c4{static,/static,file:///home/runner/work/ozone/ozone/hadoop-ozone/integration-test/target/test-classes/webapps/static,AVAILABLE}
2021-12-22 08:21:34,825 [Listener at 127.0.0.1/41819] INFO  handler.ContextHandler (ContextHandler.java:doStart(915)) - Started o.e.j.w.WebAppContext@503056df{ozoneManager,/,file:///home/runner/work/ozone/ozone/hadoop-ozone/integration-test/target/test-classes/webapps/ozoneManager/,AVAILABLE}{file:/home/runner/work/ozone/ozone/hadoop-ozone/integration-test/target/test-classes/webapps/ozoneManager}
2021-12-22 08:21:34,833 [Listener at 127.0.0.1/41819] INFO  server.AbstractConnector (AbstractConnector.java:doStart(331)) - Started ServerConnector@6201a108{HTTP/1.1, (http/1.1)}{0.0.0.0:37283}
2021-12-22 08:21:34,834 [Listener at 127.0.0.1/41819] INFO  server.Server (Server.java:doStart(415)) - Started @65548ms
2021-12-22 08:21:34,834 [Listener at 127.0.0.1/41819] WARN  impl.MetricsSystemImpl (MetricsSystemImpl.java:register(279)) - Sink prometheus already exists!
2021-12-22 08:21:34,837 [Listener at 127.0.0.1/41819] INFO  http.BaseHttpServer (BaseHttpServer.java:updateConnectorAddress(329)) - HTTP server of ozoneManager listening at http://0.0.0.0:37283
2021-12-22 08:21:34,854 [IPC Server Responder] INFO  ipc.Server (Server.java:run(1507)) - IPC Server Responder: starting
2021-12-22 08:21:34,882 [IPC Server listener on 0] INFO  ipc.Server (Server.java:run(1344)) - IPC Server listener on 0: starting
2021-12-22 08:21:34,951 [Listener at 127.0.0.1/41819] INFO  om.TrashPolicyOzone (TrashPolicyOzone.java:<init>(178)) - Ozone Manager trash configuration: Deletion interval = 0 minutes, Emptier interval = 0 minutes.
2021-12-22 08:21:34,966 [org.apache.hadoop.util.JvmPauseMonitor$Monitor@1dde5b0a] INFO  util.JvmPauseMonitor (JvmPauseMonitor.java:run(188)) - Starting JVM pause monitor
2021-12-22 08:21:34,970 [Listener at 127.0.0.1/41819] WARN  impl.MetricRegistriesImpl (MetricRegistriesImpl.java:addReporterRegistration(111)) - New reporters are added after registries were created. Some metrics will be missing from the reporter. Please add reporter before adding any new registry.
2021-12-22 08:21:34,970 [Listener at 127.0.0.1/41819] WARN  impl.MetricRegistriesImpl (MetricRegistriesImpl.java:addReporterRegistration(111)) - New reporters are added after registries were created. Some metrics will be missing from the reporter. Please add reporter before adding any new registry.
2021-12-22 08:21:34,971 [Listener at 127.0.0.1/41819] INFO  impl.MetricsSystemImpl (MetricsSystemImpl.java:init(158)) - HddsDatanode metrics system started (again)
2021-12-22 08:21:35,003 [Listener at 127.0.0.1/41819] INFO  ozone.HddsDatanodeService (HddsDatanodeService.java:start(234)) - HddsDatanodeService host:fv-az270-32.tacnzluakwdehk1hpragurqkma.bx.internal.cloudapp.net ip:10.1.0.28
2021-12-22 08:21:35,034 [Listener at 127.0.0.1/41819] INFO  upgrade.AbstractLayoutVersionManager (AbstractLayoutVersionManager.java:init(79)) - Initializing Layout version manager with metadata layout = SCM_HA (version = 2), software layout = SCM_HA (version = 2)
2021-12-22 08:21:35,147 [Listener at 127.0.0.1/41819] INFO  reflections.Reflections (Reflections.java:scan(232)) - Reflections took 112 ms to scan 7 urls, producing 119 keys and 279 values 
2021-12-22 08:21:35,151 [Listener at 127.0.0.1/41819] INFO  statemachine.DatanodeStateMachine (DatanodeStateMachine.java:getEndPointTaskThreadPoolSize(219)) - Datanode State Machine Task Thread Pool size 2
2021-12-22 08:21:35,154 [Listener at 127.0.0.1/41819] INFO  volume.HddsVolume (HddsVolume.java:<init>(120)) - Creating HddsVolume: /home/runner/work/ozone/ozone/hadoop-ozone/integration-test/target/test-dir/MiniOzoneClusterImpl-00f4b0a5-0ce4-4f12-84b0-ee0e83cef9cd/datanode-0/data-0/containers/hdds of storage type : DISK capacity : 9223372036854775807
2021-12-22 08:21:35,155 [Listener at 127.0.0.1/41819] INFO  volume.MutableVolumeSet (MutableVolumeSet.java:initializeVolumeSet(168)) - Added Volume : /home/runner/work/ozone/ozone/hadoop-ozone/integration-test/target/test-dir/MiniOzoneClusterImpl-00f4b0a5-0ce4-4f12-84b0-ee0e83cef9cd/datanode-0/data-0/containers/hdds to VolumeSet
2021-12-22 08:21:35,155 [Listener at 127.0.0.1/41819] INFO  volume.ThrottledAsyncChecker (ThrottledAsyncChecker.java:schedule(141)) - Scheduling a check for /home/runner/work/ozone/ozone/hadoop-ozone/integration-test/target/test-dir/MiniOzoneClusterImpl-00f4b0a5-0ce4-4f12-84b0-ee0e83cef9cd/datanode-0/data-0/containers/hdds
2021-12-22 08:21:35,175 [Listener at 127.0.0.1/41819] INFO  volume.StorageVolumeChecker (StorageVolumeChecker.java:checkAllVolumes(202)) - Scheduled health check for volume /home/runner/work/ozone/ozone/hadoop-ozone/integration-test/target/test-dir/MiniOzoneClusterImpl-00f4b0a5-0ce4-4f12-84b0-ee0e83cef9cd/datanode-0/data-0/containers/hdds
2021-12-22 08:21:35,208 [Listener at 127.0.0.1/41819] INFO  volume.MutableVolumeSet (MutableVolumeSet.java:initializeVolumeSet(168)) - Added Volume : /home/runner/work/ozone/ozone/hadoop-ozone/integration-test/target/test-dir/MiniOzoneClusterImpl-00f4b0a5-0ce4-4f12-84b0-ee0e83cef9cd/datanode-0/data/ratis to VolumeSet
2021-12-22 08:21:35,218 [Listener at 127.0.0.1/41819] INFO  volume.ThrottledAsyncChecker (ThrottledAsyncChecker.java:schedule(141)) - Scheduling a check for /home/runner/work/ozone/ozone/hadoop-ozone/integration-test/target/test-dir/MiniOzoneClusterImpl-00f4b0a5-0ce4-4f12-84b0-ee0e83cef9cd/datanode-0/data/ratis
2021-12-22 08:21:35,218 [Listener at 127.0.0.1/41819] INFO  volume.StorageVolumeChecker (StorageVolumeChecker.java:checkAllVolumes(202)) - Scheduled health check for volume /home/runner/work/ozone/ozone/hadoop-ozone/integration-test/target/test-dir/MiniOzoneClusterImpl-00f4b0a5-0ce4-4f12-84b0-ee0e83cef9cd/datanode-0/data/ratis
2021-12-22 08:21:35,260 [Thread-510] INFO  ozoneimpl.ContainerReader (ContainerReader.java:readVolume(172)) - Finish verifying containers on volume /home/runner/work/ozone/ozone/hadoop-ozone/integration-test/target/test-dir/MiniOzoneClusterImpl-00f4b0a5-0ce4-4f12-84b0-ee0e83cef9cd/datanode-0/data-0/containers/hdds
2021-12-22 08:21:35,260 [Listener at 127.0.0.1/41819] INFO  ozoneimpl.OzoneContainer (OzoneContainer.java:buildContainerSet(237)) - Build ContainerSet costs 0s
2021-12-22 08:21:35,262 [Listener at 127.0.0.1/41819] INFO  server.RaftServer (ConfUtils.java:logGet(44)) - raft.rpc.type = GRPC (default)
2021-12-22 08:21:35,263 [Listener at 127.0.0.1/41819] INFO  grpc.GrpcFactory (GrpcFactory.java:checkPooledByteBufAllocatorUseCacheForAllThreads(48)) - PERFORMANCE WARNING: useCacheForAllThreads is true that may cause Netty to create a lot garbage objects and, as a result, trigger GC.
	It is recommended to disable useCacheForAllThreads by setting -Dorg.apache.ratis.thirdparty.io.netty.allocator.useCacheForAllThreads=false in command line.
2021-12-22 08:21:35,263 [Listener at 127.0.0.1/41819] INFO  grpc.GrpcConfigKeys (ConfUtils.java:logGet(44)) - raft.grpc.admin.port = 0 (custom)
2021-12-22 08:21:35,263 [Listener at 127.0.0.1/41819] INFO  grpc.GrpcConfigKeys (ConfUtils.java:logGet(44)) - raft.grpc.client.port = 0 (custom)
2021-12-22 08:21:35,263 [Listener at 127.0.0.1/41819] INFO  grpc.GrpcConfigKeys (ConfUtils.java:logGet(44)) - raft.grpc.server.port = 0 (default)
2021-12-22 08:21:35,263 [Listener at 127.0.0.1/41819] INFO  server.GrpcService (ConfUtils.java:logGet(44)) - raft.grpc.message.size.max = 32MB (=33554432) (custom)
2021-12-22 08:21:35,264 [Listener at 127.0.0.1/41819] INFO  server.RaftServerConfigKeys (ConfUtils.java:logGet(44)) - raft.server.log.appender.buffer.byte-limit = 33554432 (custom)
2021-12-22 08:21:35,264 [Listener at 127.0.0.1/41819] INFO  server.GrpcService (ConfUtils.java:logGet(44)) - raft.grpc.flow.control.window = 5MB (=5242880) (custom)
2021-12-22 08:21:35,264 [Listener at 127.0.0.1/41819] INFO  server.RaftServerConfigKeys (ConfUtils.java:logGet(44)) - raft.server.rpc.request.timeout = 60s (custom)
2021-12-22 08:21:35,265 [Listener at 127.0.0.1/41819] INFO  impl.DataStreamServerImpl (ConfUtils.java:logGet(44)) - raft.datastream.type = DISABLED (default)
2021-12-22 08:21:35,265 [Listener at 127.0.0.1/41819] INFO  server.RaftServerConfigKeys (ConfUtils.java:logGet(44)) - raft.server.rpc.slowness.timeout = 300s (custom)
2021-12-22 08:21:35,265 [Listener at 127.0.0.1/41819] INFO  server.RaftServerConfigKeys (ConfUtils.java:logGet(44)) - raft.server.leaderelection.leader.step-down.wait-time = 10s (default)
2021-12-22 08:21:35,266 [Listener at 127.0.0.1/41819] INFO  server.RaftServerConfigKeys (ConfUtils.java:logGet(44)) - raft.server.storage.dir = [/home/runner/work/ozone/ozone/hadoop-ozone/integration-test/target/test-dir/MiniOzoneClusterImpl-00f4b0a5-0ce4-4f12-84b0-ee0e83cef9cd/datanode-0/data/ratis] (custom)
2021-12-22 08:21:35,267 [Listener at 127.0.0.1/41819] INFO  server.XceiverServerGrpc (XceiverServerGrpc.java:<init>(132)) - GrpcServer channel type EpollServerSocketChannel
2021-12-22 08:21:35,269 [Listener at 127.0.0.1/41819] INFO  http.BaseHttpServer (BaseHttpServer.java:newHttpServer2BuilderForOzone(209)) - Starting Web-server for hddsDatanode at: http://0.0.0.0:0
2021-12-22 08:21:35,269 [Listener at 127.0.0.1/41819] INFO  http.BaseHttpServer (BaseHttpServer.java:<init>(107)) - Hadoop Security Enabled: false Ozone Security Enabled: false Ozone HTTP Security Enabled: false 
2021-12-22 08:21:35,271 [Listener at 127.0.0.1/41819] INFO  server.AuthenticationFilter (AuthenticationFilter.java:constructSecretProvider(240)) - Unable to initialize FileSignerSecretProvider, falling back to use random secrets.
2021-12-22 08:21:35,286 [Listener at 127.0.0.1/41819] WARN  http.HttpRequestLog (HttpRequestLog.java:getRequestLog(103)) - Jetty request log can only be enabled using Log4j
2021-12-22 08:21:35,287 [Listener at 127.0.0.1/41819] INFO  http.HttpServer2 (HttpServer2.java:addGlobalFilter(1030)) - Added global filter 'safety' (class=org.apache.hadoop.hdds.server.http.HttpServer2$QuotingInputFilter)
2021-12-22 08:21:35,288 [Listener at 127.0.0.1/41819] INFO  http.HttpServer2 (HttpServer2.java:addFilter(1006)) - Added filter static_user_filter (class=org.apache.hadoop.http.lib.StaticUserWebFilter$StaticUserFilter) to context hddsDatanode
2021-12-22 08:21:35,288 [Listener at 127.0.0.1/41819] INFO  http.HttpServer2 (HttpServer2.java:addFilter(1014)) - Added filter static_user_filter (class=org.apache.hadoop.http.lib.StaticUserWebFilter$StaticUserFilter) to context logs
2021-12-22 08:21:35,288 [Listener at 127.0.0.1/41819] INFO  http.HttpServer2 (HttpServer2.java:addFilter(1014)) - Added filter static_user_filter (class=org.apache.hadoop.http.lib.StaticUserWebFilter$StaticUserFilter) to context static
2021-12-22 08:21:35,288 [Listener at 127.0.0.1/41819] INFO  http.HttpServer2 (HttpServer2.java:bindListener(1249)) - Jetty bound to port 45523
2021-12-22 08:21:35,288 [Listener at 127.0.0.1/41819] INFO  server.Server (Server.java:doStart(375)) - jetty-9.4.43.v20210629; built: 2021-06-30T11:07:22.254Z; git: 526006ecfa3af7f1a27ef3a288e2bef7ea9dd7e8; jvm 1.8.0_292-b10
2021-12-22 08:21:35,326 [Listener at 127.0.0.1/41819] INFO  server.session (DefaultSessionIdManager.java:doStart(334)) - DefaultSessionIdManager workerName=node0
2021-12-22 08:21:35,326 [Listener at 127.0.0.1/41819] INFO  server.session (DefaultSessionIdManager.java:doStart(339)) - No SessionScavenger set, using defaults
2021-12-22 08:21:35,326 [Listener at 127.0.0.1/41819] INFO  server.session (HouseKeeper.java:startScavenging(132)) - node0 Scavenging every 660000ms
2021-12-22 08:21:35,327 [Listener at 127.0.0.1/41819] INFO  handler.ContextHandler (ContextHandler.java:doStart(915)) - Started o.e.j.s.ServletContextHandler@777d1e06{logs,/logs,file:///home/runner/work/ozone/ozone/hadoop-ozone/integration-test/target/log,AVAILABLE}
2021-12-22 08:21:35,327 [Listener at 127.0.0.1/41819] INFO  handler.ContextHandler (ContextHandler.java:doStart(915)) - Started o.e.j.s.ServletContextHandler@3e2c2452{static,/static,jar:file:/home/runner/.m2/repository/org/apache/ozone/hdds-container-service/1.3.0-SNAPSHOT/hdds-container-service-1.3.0-SNAPSHOT.jar!/webapps/static,AVAILABLE}
2021-12-22 08:21:35,467 [Listener at 127.0.0.1/41819] INFO  handler.ContextHandler (ContextHandler.java:doStart(915)) - Started o.e.j.w.WebAppContext@a2c6068{hddsDatanode,/,file:///tmp/jetty-0_0_0_0-45523-hdds-container-service-1_3_0-SNAPSHOT_jar-_-any-2986596533600857647/webapp/,AVAILABLE}{jar:file:/home/runner/.m2/repository/org/apache/ozone/hdds-container-service/1.3.0-SNAPSHOT/hdds-container-service-1.3.0-SNAPSHOT.jar!/webapps/hddsDatanode}
2021-12-22 08:21:35,478 [Listener at 127.0.0.1/41819] INFO  server.AbstractConnector (AbstractConnector.java:doStart(331)) - Started ServerConnector@1e264875{HTTP/1.1, (http/1.1)}{0.0.0.0:45523}
2021-12-22 08:21:35,478 [Listener at 127.0.0.1/41819] INFO  server.Server (Server.java:doStart(415)) - Started @66192ms
2021-12-22 08:21:35,478 [Listener at 127.0.0.1/41819] WARN  impl.MetricsSystemImpl (MetricsSystemImpl.java:register(279)) - Sink prometheus already exists!
2021-12-22 08:21:35,482 [Listener at 127.0.0.1/41819] INFO  http.BaseHttpServer (BaseHttpServer.java:updateConnectorAddress(329)) - HTTP server of hddsDatanode listening at http://0.0.0.0:45523
2021-12-22 08:21:35,490 [Listener at 127.0.0.1/41819] WARN  impl.MetricRegistriesImpl (MetricRegistriesImpl.java:addReporterRegistration(111)) - New reporters are added after registries were created. Some metrics will be missing from the reporter. Please add reporter before adding any new registry.
2021-12-22 08:21:35,490 [Listener at 127.0.0.1/41819] WARN  impl.MetricRegistriesImpl (MetricRegistriesImpl.java:addReporterRegistration(111)) - New reporters are added after registries were created. Some metrics will be missing from the reporter. Please add reporter before adding any new registry.
2021-12-22 08:21:35,490 [Listener at 127.0.0.1/41819] INFO  impl.MetricsSystemImpl (MetricsSystemImpl.java:init(158)) - HddsDatanode metrics system started (again)
2021-12-22 08:21:35,498 [Datanode State Machine Daemon Thread] INFO  statemachine.DatanodeStateMachine (DatanodeStateMachine.java:lambda$startDaemon$0(467)) - Ozone container server started.
2021-12-22 08:21:35,529 [Listener at 127.0.0.1/41819] INFO  ozone.HddsDatanodeService (HddsDatanodeService.java:start(234)) - HddsDatanodeService host:fv-az270-32.tacnzluakwdehk1hpragurqkma.bx.internal.cloudapp.net ip:10.1.0.28
2021-12-22 08:21:35,544 [org.apache.hadoop.util.JvmPauseMonitor$Monitor@1085f751] INFO  util.JvmPauseMonitor (JvmPauseMonitor.java:run(188)) - Starting JVM pause monitor
2021-12-22 08:21:35,556 [Datanode State Machine Task Thread - 0] INFO  datanode.InitDatanodeState (InitDatanodeState.java:persistContainerDatanodeDetails(145)) - DatanodeDetails is persisted to /home/runner/work/ozone/ozone/hadoop-ozone/integration-test/target/test-dir/MiniOzoneClusterImpl-00f4b0a5-0ce4-4f12-84b0-ee0e83cef9cd/datanode-0/meta/datanode.id
2021-12-22 08:21:35,594 [Listener at 127.0.0.1/41819] INFO  upgrade.AbstractLayoutVersionManager (AbstractLayoutVersionManager.java:init(79)) - Initializing Layout version manager with metadata layout = SCM_HA (version = 2), software layout = SCM_HA (version = 2)
2021-12-22 08:21:35,678 [Listener at 127.0.0.1/41819] INFO  reflections.Reflections (Reflections.java:scan(232)) - Reflections took 82 ms to scan 7 urls, producing 119 keys and 279 values 
2021-12-22 08:21:35,681 [Listener at 127.0.0.1/41819] INFO  statemachine.DatanodeStateMachine (DatanodeStateMachine.java:getEndPointTaskThreadPoolSize(219)) - Datanode State Machine Task Thread Pool size 2
2021-12-22 08:21:35,692 [Listener at 127.0.0.1/41819] INFO  volume.HddsVolume (HddsVolume.java:<init>(120)) - Creating HddsVolume: /home/runner/work/ozone/ozone/hadoop-ozone/integration-test/target/test-dir/MiniOzoneClusterImpl-00f4b0a5-0ce4-4f12-84b0-ee0e83cef9cd/datanode-1/data-0/containers/hdds of storage type : DISK capacity : 9223372036854775807
2021-12-22 08:21:35,693 [Listener at 127.0.0.1/41819] INFO  volume.MutableVolumeSet (MutableVolumeSet.java:initializeVolumeSet(168)) - Added Volume : /home/runner/work/ozone/ozone/hadoop-ozone/integration-test/target/test-dir/MiniOzoneClusterImpl-00f4b0a5-0ce4-4f12-84b0-ee0e83cef9cd/datanode-1/data-0/containers/hdds to VolumeSet
2021-12-22 08:21:35,693 [Listener at 127.0.0.1/41819] INFO  volume.ThrottledAsyncChecker (ThrottledAsyncChecker.java:schedule(141)) - Scheduling a check for /home/runner/work/ozone/ozone/hadoop-ozone/integration-test/target/test-dir/MiniOzoneClusterImpl-00f4b0a5-0ce4-4f12-84b0-ee0e83cef9cd/datanode-1/data-0/containers/hdds
2021-12-22 08:21:35,710 [Listener at 127.0.0.1/41819] INFO  volume.StorageVolumeChecker (StorageVolumeChecker.java:checkAllVolumes(202)) - Scheduled health check for volume /home/runner/work/ozone/ozone/hadoop-ozone/integration-test/target/test-dir/MiniOzoneClusterImpl-00f4b0a5-0ce4-4f12-84b0-ee0e83cef9cd/datanode-1/data-0/containers/hdds
2021-12-22 08:21:35,738 [Listener at 127.0.0.1/41819] INFO  volume.MutableVolumeSet (MutableVolumeSet.java:initializeVolumeSet(168)) - Added Volume : /home/runner/work/ozone/ozone/hadoop-ozone/integration-test/target/test-dir/MiniOzoneClusterImpl-00f4b0a5-0ce4-4f12-84b0-ee0e83cef9cd/datanode-1/data/ratis to VolumeSet
2021-12-22 08:21:35,738 [Listener at 127.0.0.1/41819] INFO  volume.ThrottledAsyncChecker (ThrottledAsyncChecker.java:schedule(141)) - Scheduling a check for /home/runner/work/ozone/ozone/hadoop-ozone/integration-test/target/test-dir/MiniOzoneClusterImpl-00f4b0a5-0ce4-4f12-84b0-ee0e83cef9cd/datanode-1/data/ratis
2021-12-22 08:21:35,738 [Listener at 127.0.0.1/41819] INFO  volume.StorageVolumeChecker (StorageVolumeChecker.java:checkAllVolumes(202)) - Scheduled health check for volume /home/runner/work/ozone/ozone/hadoop-ozone/integration-test/target/test-dir/MiniOzoneClusterImpl-00f4b0a5-0ce4-4f12-84b0-ee0e83cef9cd/datanode-1/data/ratis
2021-12-22 08:21:35,782 [Thread-522] INFO  ozoneimpl.ContainerReader (ContainerReader.java:readVolume(172)) - Finish verifying containers on volume /home/runner/work/ozone/ozone/hadoop-ozone/integration-test/target/test-dir/MiniOzoneClusterImpl-00f4b0a5-0ce4-4f12-84b0-ee0e83cef9cd/datanode-1/data-0/containers/hdds
2021-12-22 08:21:35,782 [Listener at 127.0.0.1/41819] INFO  ozoneimpl.OzoneContainer (OzoneContainer.java:buildContainerSet(237)) - Build ContainerSet costs 0s
2021-12-22 08:21:35,785 [Listener at 127.0.0.1/41819] INFO  server.RaftServer (ConfUtils.java:logGet(44)) - raft.rpc.type = GRPC (default)
2021-12-22 08:21:35,785 [Listener at 127.0.0.1/41819] INFO  grpc.GrpcFactory (GrpcFactory.java:checkPooledByteBufAllocatorUseCacheForAllThreads(48)) - PERFORMANCE WARNING: useCacheForAllThreads is true that may cause Netty to create a lot garbage objects and, as a result, trigger GC.
	It is recommended to disable useCacheForAllThreads by setting -Dorg.apache.ratis.thirdparty.io.netty.allocator.useCacheForAllThreads=false in command line.
2021-12-22 08:21:35,786 [Listener at 127.0.0.1/41819] INFO  grpc.GrpcConfigKeys (ConfUtils.java:logGet(44)) - raft.grpc.admin.port = 0 (custom)
2021-12-22 08:21:35,786 [Listener at 127.0.0.1/41819] INFO  grpc.GrpcConfigKeys (ConfUtils.java:logGet(44)) - raft.grpc.client.port = 0 (custom)
2021-12-22 08:21:35,786 [Listener at 127.0.0.1/41819] INFO  grpc.GrpcConfigKeys (ConfUtils.java:logGet(44)) - raft.grpc.server.port = 0 (default)
2021-12-22 08:21:35,786 [Listener at 127.0.0.1/41819] INFO  server.GrpcService (ConfUtils.java:logGet(44)) - raft.grpc.message.size.max = 32MB (=33554432) (custom)
2021-12-22 08:21:35,786 [Listener at 127.0.0.1/41819] INFO  server.RaftServerConfigKeys (ConfUtils.java:logGet(44)) - raft.server.log.appender.buffer.byte-limit = 33554432 (custom)
2021-12-22 08:21:35,786 [Listener at 127.0.0.1/41819] INFO  server.GrpcService (ConfUtils.java:logGet(44)) - raft.grpc.flow.control.window = 5MB (=5242880) (custom)
2021-12-22 08:21:35,786 [Listener at 127.0.0.1/41819] INFO  server.RaftServerConfigKeys (ConfUtils.java:logGet(44)) - raft.server.rpc.request.timeout = 60s (custom)
2021-12-22 08:21:35,788 [Listener at 127.0.0.1/41819] INFO  impl.DataStreamServerImpl (ConfUtils.java:logGet(44)) - raft.datastream.type = DISABLED (default)
2021-12-22 08:21:35,788 [Listener at 127.0.0.1/41819] INFO  server.RaftServerConfigKeys (ConfUtils.java:logGet(44)) - raft.server.rpc.slowness.timeout = 300s (custom)
2021-12-22 08:21:35,788 [Listener at 127.0.0.1/41819] INFO  server.RaftServerConfigKeys (ConfUtils.java:logGet(44)) - raft.server.leaderelection.leader.step-down.wait-time = 10s (default)
2021-12-22 08:21:35,789 [Listener at 127.0.0.1/41819] INFO  server.RaftServerConfigKeys (ConfUtils.java:logGet(44)) - raft.server.storage.dir = [/home/runner/work/ozone/ozone/hadoop-ozone/integration-test/target/test-dir/MiniOzoneClusterImpl-00f4b0a5-0ce4-4f12-84b0-ee0e83cef9cd/datanode-1/data/ratis] (custom)
2021-12-22 08:21:35,790 [Listener at 127.0.0.1/41819] INFO  server.XceiverServerGrpc (XceiverServerGrpc.java:<init>(132)) - GrpcServer channel type EpollServerSocketChannel
2021-12-22 08:21:35,802 [Listener at 127.0.0.1/41819] INFO  http.BaseHttpServer (BaseHttpServer.java:newHttpServer2BuilderForOzone(209)) - Starting Web-server for hddsDatanode at: http://0.0.0.0:0
2021-12-22 08:21:35,803 [Listener at 127.0.0.1/41819] INFO  http.BaseHttpServer (BaseHttpServer.java:<init>(107)) - Hadoop Security Enabled: false Ozone Security Enabled: false Ozone HTTP Security Enabled: false 
2021-12-22 08:21:35,804 [Listener at 127.0.0.1/41819] INFO  server.AuthenticationFilter (AuthenticationFilter.java:constructSecretProvider(240)) - Unable to initialize FileSignerSecretProvider, falling back to use random secrets.
2021-12-22 08:21:35,818 [Listener at 127.0.0.1/41819] WARN  http.HttpRequestLog (HttpRequestLog.java:getRequestLog(103)) - Jetty request log can only be enabled using Log4j
2021-12-22 08:21:35,819 [Listener at 127.0.0.1/41819] INFO  http.HttpServer2 (HttpServer2.java:addGlobalFilter(1030)) - Added global filter 'safety' (class=org.apache.hadoop.hdds.server.http.HttpServer2$QuotingInputFilter)
2021-12-22 08:21:35,820 [Listener at 127.0.0.1/41819] INFO  http.HttpServer2 (HttpServer2.java:addFilter(1006)) - Added filter static_user_filter (class=org.apache.hadoop.http.lib.StaticUserWebFilter$StaticUserFilter) to context hddsDatanode
2021-12-22 08:21:35,820 [Listener at 127.0.0.1/41819] INFO  http.HttpServer2 (HttpServer2.java:addFilter(1014)) - Added filter static_user_filter (class=org.apache.hadoop.http.lib.StaticUserWebFilter$StaticUserFilter) to context logs
2021-12-22 08:21:35,820 [Listener at 127.0.0.1/41819] INFO  http.HttpServer2 (HttpServer2.java:addFilter(1014)) - Added filter static_user_filter (class=org.apache.hadoop.http.lib.StaticUserWebFilter$StaticUserFilter) to context static
2021-12-22 08:21:35,820 [Listener at 127.0.0.1/41819] INFO  http.HttpServer2 (HttpServer2.java:bindListener(1249)) - Jetty bound to port 39613
2021-12-22 08:21:35,820 [Listener at 127.0.0.1/41819] INFO  server.Server (Server.java:doStart(375)) - jetty-9.4.43.v20210629; built: 2021-06-30T11:07:22.254Z; git: 526006ecfa3af7f1a27ef3a288e2bef7ea9dd7e8; jvm 1.8.0_292-b10
2021-12-22 08:21:35,902 [Listener at 127.0.0.1/41819] INFO  server.session (DefaultSessionIdManager.java:doStart(334)) - DefaultSessionIdManager workerName=node0
2021-12-22 08:21:35,903 [Listener at 127.0.0.1/41819] INFO  server.session (DefaultSessionIdManager.java:doStart(339)) - No SessionScavenger set, using defaults
2021-12-22 08:21:35,903 [Listener at 127.0.0.1/41819] INFO  server.session (HouseKeeper.java:startScavenging(132)) - node0 Scavenging every 600000ms
2021-12-22 08:21:35,904 [Listener at 127.0.0.1/41819] INFO  handler.ContextHandler (ContextHandler.java:doStart(915)) - Started o.e.j.s.ServletContextHandler@2efeb5e5{logs,/logs,file:///home/runner/work/ozone/ozone/hadoop-ozone/integration-test/target/log,AVAILABLE}
2021-12-22 08:21:35,904 [Listener at 127.0.0.1/41819] INFO  handler.ContextHandler (ContextHandler.java:doStart(915)) - Started o.e.j.s.ServletContextHandler@3718b463{static,/static,jar:file:/home/runner/.m2/repository/org/apache/ozone/hdds-container-service/1.3.0-SNAPSHOT/hdds-container-service-1.3.0-SNAPSHOT.jar!/webapps/static,AVAILABLE}
2021-12-22 08:21:35,962 [om1@group-C5BA1605619E-FollowerState] INFO  impl.FollowerState (FollowerState.java:run(134)) - om1@group-C5BA1605619E-FollowerState: change to CANDIDATE, lastRpcElapsedTime:1211324019ns, electionTimeout:1197ms
2021-12-22 08:21:35,962 [om1@group-C5BA1605619E-FollowerState] INFO  impl.RoleInfo (RoleInfo.java:shutdownFollowerState(108)) - om1: shutdown om1@group-C5BA1605619E-FollowerState
2021-12-22 08:21:35,962 [om1@group-C5BA1605619E-FollowerState] INFO  server.RaftServer$Division (RaftServerImpl.java:setRole(290)) - om1@group-C5BA1605619E: changes role from  FOLLOWER to CANDIDATE at term 0 for changeToCandidate
2021-12-22 08:21:35,962 [om1@group-C5BA1605619E-FollowerState] INFO  server.RaftServerConfigKeys (ConfUtils.java:logGet(44)) - raft.server.leaderelection.pre-vote = false (custom)
2021-12-22 08:21:35,962 [om1@group-C5BA1605619E-FollowerState] INFO  impl.RoleInfo (RoleInfo.java:updateAndGet(130)) - om1: start om1@group-C5BA1605619E-LeaderElection14
2021-12-22 08:21:35,979 [om1@group-C5BA1605619E-LeaderElection14] INFO  impl.LeaderElection (LeaderElection.java:askForVotes(306)) - om1@group-C5BA1605619E-LeaderElection14 ELECTION round 0: submit vote requests at term 1 for -1: [om1|rpc:localhost:9872|priority:0], old=null
2021-12-22 08:21:35,980 [om1@group-C5BA1605619E-LeaderElection14] INFO  impl.LeaderElection (LeaderElection.java:askForVotes(308)) - om1@group-C5BA1605619E-LeaderElection14 ELECTION round 0: result PASSED (term=1)
2021-12-22 08:21:35,980 [om1@group-C5BA1605619E-LeaderElection14] INFO  impl.RoleInfo (RoleInfo.java:shutdownLeaderElection(121)) - om1: shutdown om1@group-C5BA1605619E-LeaderElection14
2021-12-22 08:21:35,980 [om1@group-C5BA1605619E-LeaderElection14] INFO  server.RaftServer$Division (RaftServerImpl.java:setRole(290)) - om1@group-C5BA1605619E: changes role from CANDIDATE to LEADER at term 1 for changeToLeader
2021-12-22 08:21:35,980 [om1@group-C5BA1605619E-LeaderElection14] INFO  server.RaftServer$Division (ServerState.java:setLeader(285)) - om1@group-C5BA1605619E: change Leader from null to om1 at term 1 for becomeLeader, leader elected after 1344ms
2021-12-22 08:21:35,980 [om1@group-C5BA1605619E-LeaderElection14] INFO  server.RaftServerConfigKeys (ConfUtils.java:logGet(44)) - raft.server.staging.catchup.gap = 1000 (default)
2021-12-22 08:21:35,980 [om1@group-C5BA1605619E-LeaderElection14] INFO  server.RaftServerConfigKeys (ConfUtils.java:logGet(44)) - raft.server.write.element-limit = 4096 (default)
2021-12-22 08:21:35,980 [om1@group-C5BA1605619E-LeaderElection14] INFO  server.RaftServerConfigKeys (ConfUtils.java:logGet(44)) - raft.server.write.byte-limit = 64MB (=67108864) (default)
2021-12-22 08:21:35,981 [om1@group-C5BA1605619E-LeaderElection14] INFO  server.RaftServerConfigKeys (ConfUtils.java:logGet(44)) - raft.server.watch.timeout = 10s (default)
2021-12-22 08:21:35,981 [om1@group-C5BA1605619E-LeaderElection14] INFO  server.RaftServerConfigKeys (ConfUtils.java:logGet(44)) - raft.server.watch.timeout.denomination = 1s (default)
2021-12-22 08:21:35,981 [om1@group-C5BA1605619E-LeaderElection14] INFO  server.RaftServerConfigKeys (ConfUtils.java:logGet(44)) - raft.server.watch.element-limit = 65536 (default)
2021-12-22 08:21:35,981 [om1@group-C5BA1605619E-LeaderElection14] INFO  server.RaftServerConfigKeys (ConfUtils.java:logGet(44)) - raft.server.write.element-limit = 4096 (default)
2021-12-22 08:21:35,981 [om1@group-C5BA1605619E-LeaderElection14] INFO  server.RaftServerConfigKeys (ConfUtils.java:logGet(44)) - raft.server.write.follower.gap.ratio.max = -1.0 (default)
2021-12-22 08:21:35,981 [om1@group-C5BA1605619E-LeaderElection14] INFO  impl.RoleInfo (RoleInfo.java:updateAndGet(130)) - om1: start om1@group-C5BA1605619E-LeaderStateImpl
2021-12-22 08:21:35,981 [om1@group-C5BA1605619E-LeaderElection14] INFO  segmented.SegmentedRaftLogWorker (SegmentedRaftLogWorker.java:startLogSegment(394)) - om1@group-C5BA1605619E-SegmentedRaftLogWorker: Starting segment from index:0
2021-12-22 08:21:35,993 [om1@group-C5BA1605619E-SegmentedRaftLogWorker] INFO  segmented.SegmentedRaftLogWorker (SegmentedRaftLogWorker.java:execute(601)) - om1@group-C5BA1605619E-SegmentedRaftLogWorker: created new log segment /home/runner/work/ozone/ozone/hadoop-ozone/integration-test/target/test-dir/MiniOzoneClusterImpl-00f4b0a5-0ce4-4f12-84b0-ee0e83cef9cd/ozone-meta/ratis/bf265839-605b-3f16-9796-c5ba1605619e/current/log_inprogress_0
2021-12-22 08:21:36,002 [om1@group-C5BA1605619E-LeaderElection14] INFO  server.RaftServer$Division (ServerState.java:setRaftConf(387)) - om1@group-C5BA1605619E: set configuration 0: [om1|rpc:localhost:9872|admin:|client:|dataStream:|priority:0], old=null
2021-12-22 08:21:36,007 [om1@group-C5BA1605619E-StateMachineUpdater] INFO  ratis.OzoneManagerStateMachine (OzoneManagerStateMachine.java:notifyConfigurationChanged(188)) - Received Configuration change notification from Ratis. New Peer list:
[id: "om1"
address: "localhost:9872"
]
2021-12-22 08:21:36,017 [Listener at 127.0.0.1/41819] INFO  handler.ContextHandler (ContextHandler.java:doStart(915)) - Started o.e.j.w.WebAppContext@62e6f2db{hddsDatanode,/,file:///tmp/jetty-0_0_0_0-39613-hdds-container-service-1_3_0-SNAPSHOT_jar-_-any-7548886332812130832/webapp/,AVAILABLE}{jar:file:/home/runner/.m2/repository/org/apache/ozone/hdds-container-service/1.3.0-SNAPSHOT/hdds-container-service-1.3.0-SNAPSHOT.jar!/webapps/hddsDatanode}
2021-12-22 08:21:36,028 [Listener at 127.0.0.1/41819] INFO  server.AbstractConnector (AbstractConnector.java:doStart(331)) - Started ServerConnector@e5522a5{HTTP/1.1, (http/1.1)}{0.0.0.0:39613}
2021-12-22 08:21:36,028 [Listener at 127.0.0.1/41819] INFO  server.Server (Server.java:doStart(415)) - Started @66743ms
2021-12-22 08:21:36,028 [Listener at 127.0.0.1/41819] WARN  impl.MetricsSystemImpl (MetricsSystemImpl.java:register(279)) - Sink prometheus already exists!
2021-12-22 08:21:36,030 [Listener at 127.0.0.1/41819] INFO  http.BaseHttpServer (BaseHttpServer.java:updateConnectorAddress(329)) - HTTP server of hddsDatanode listening at http://0.0.0.0:39613
2021-12-22 08:21:36,040 [Listener at 127.0.0.1/41819] WARN  impl.MetricRegistriesImpl (MetricRegistriesImpl.java:addReporterRegistration(111)) - New reporters are added after registries were created. Some metrics will be missing from the reporter. Please add reporter before adding any new registry.
2021-12-22 08:21:36,040 [Listener at 127.0.0.1/41819] WARN  impl.MetricRegistriesImpl (MetricRegistriesImpl.java:addReporterRegistration(111)) - New reporters are added after registries were created. Some metrics will be missing from the reporter. Please add reporter before adding any new registry.
2021-12-22 08:21:36,040 [Listener at 127.0.0.1/41819] INFO  impl.MetricsSystemImpl (MetricsSystemImpl.java:init(158)) - HddsDatanode metrics system started (again)
2021-12-22 08:21:36,045 [Datanode State Machine Daemon Thread] INFO  statemachine.DatanodeStateMachine (DatanodeStateMachine.java:lambda$startDaemon$0(467)) - Ozone container server started.
2021-12-22 08:21:36,088 [org.apache.hadoop.util.JvmPauseMonitor$Monitor@4dc0ff11] INFO  util.JvmPauseMonitor (JvmPauseMonitor.java:run(188)) - Starting JVM pause monitor
2021-12-22 08:21:36,090 [Listener at 127.0.0.1/41819] INFO  ozone.HddsDatanodeService (HddsDatanodeService.java:start(234)) - HddsDatanodeService host:fv-az270-32.tacnzluakwdehk1hpragurqkma.bx.internal.cloudapp.net ip:10.1.0.28
2021-12-22 08:21:36,091 [Datanode State Machine Task Thread - 0] INFO  datanode.InitDatanodeState (InitDatanodeState.java:persistContainerDatanodeDetails(145)) - DatanodeDetails is persisted to /home/runner/work/ozone/ozone/hadoop-ozone/integration-test/target/test-dir/MiniOzoneClusterImpl-00f4b0a5-0ce4-4f12-84b0-ee0e83cef9cd/datanode-1/meta/datanode.id
2021-12-22 08:21:36,121 [Listener at 127.0.0.1/41819] INFO  upgrade.AbstractLayoutVersionManager (AbstractLayoutVersionManager.java:init(79)) - Initializing Layout version manager with metadata layout = SCM_HA (version = 2), software layout = SCM_HA (version = 2)
2021-12-22 08:21:36,197 [Listener at 127.0.0.1/41819] INFO  reflections.Reflections (Reflections.java:scan(232)) - Reflections took 74 ms to scan 7 urls, producing 119 keys and 279 values 
2021-12-22 08:21:36,199 [Listener at 127.0.0.1/41819] INFO  statemachine.DatanodeStateMachine (DatanodeStateMachine.java:getEndPointTaskThreadPoolSize(219)) - Datanode State Machine Task Thread Pool size 2
2021-12-22 08:21:36,202 [Listener at 127.0.0.1/41819] INFO  volume.HddsVolume (HddsVolume.java:<init>(120)) - Creating HddsVolume: /home/runner/work/ozone/ozone/hadoop-ozone/integration-test/target/test-dir/MiniOzoneClusterImpl-00f4b0a5-0ce4-4f12-84b0-ee0e83cef9cd/datanode-2/data-0/containers/hdds of storage type : DISK capacity : 9223372036854775807
2021-12-22 08:21:36,202 [Listener at 127.0.0.1/41819] INFO  volume.MutableVolumeSet (MutableVolumeSet.java:initializeVolumeSet(168)) - Added Volume : /home/runner/work/ozone/ozone/hadoop-ozone/integration-test/target/test-dir/MiniOzoneClusterImpl-00f4b0a5-0ce4-4f12-84b0-ee0e83cef9cd/datanode-2/data-0/containers/hdds to VolumeSet
2021-12-22 08:21:36,202 [Listener at 127.0.0.1/41819] INFO  volume.ThrottledAsyncChecker (ThrottledAsyncChecker.java:schedule(141)) - Scheduling a check for /home/runner/work/ozone/ozone/hadoop-ozone/integration-test/target/test-dir/MiniOzoneClusterImpl-00f4b0a5-0ce4-4f12-84b0-ee0e83cef9cd/datanode-2/data-0/containers/hdds
2021-12-22 08:21:36,203 [Listener at 127.0.0.1/41819] INFO  volume.StorageVolumeChecker (StorageVolumeChecker.java:checkAllVolumes(202)) - Scheduled health check for volume /home/runner/work/ozone/ozone/hadoop-ozone/integration-test/target/test-dir/MiniOzoneClusterImpl-00f4b0a5-0ce4-4f12-84b0-ee0e83cef9cd/datanode-2/data-0/containers/hdds
2021-12-22 08:21:36,245 [Listener at 127.0.0.1/41819] INFO  volume.MutableVolumeSet (MutableVolumeSet.java:initializeVolumeSet(168)) - Added Volume : /home/runner/work/ozone/ozone/hadoop-ozone/integration-test/target/test-dir/MiniOzoneClusterImpl-00f4b0a5-0ce4-4f12-84b0-ee0e83cef9cd/datanode-2/data/ratis to VolumeSet
2021-12-22 08:21:36,245 [Listener at 127.0.0.1/41819] INFO  volume.ThrottledAsyncChecker (ThrottledAsyncChecker.java:schedule(141)) - Scheduling a check for /home/runner/work/ozone/ozone/hadoop-ozone/integration-test/target/test-dir/MiniOzoneClusterImpl-00f4b0a5-0ce4-4f12-84b0-ee0e83cef9cd/datanode-2/data/ratis
2021-12-22 08:21:36,245 [Listener at 127.0.0.1/41819] INFO  volume.StorageVolumeChecker (StorageVolumeChecker.java:checkAllVolumes(202)) - Scheduled health check for volume /home/runner/work/ozone/ozone/hadoop-ozone/integration-test/target/test-dir/MiniOzoneClusterImpl-00f4b0a5-0ce4-4f12-84b0-ee0e83cef9cd/datanode-2/data/ratis
2021-12-22 08:21:36,310 [Thread-536] INFO  ozoneimpl.ContainerReader (ContainerReader.java:readVolume(172)) - Finish verifying containers on volume /home/runner/work/ozone/ozone/hadoop-ozone/integration-test/target/test-dir/MiniOzoneClusterImpl-00f4b0a5-0ce4-4f12-84b0-ee0e83cef9cd/datanode-2/data-0/containers/hdds
2021-12-22 08:21:36,310 [Listener at 127.0.0.1/41819] INFO  ozoneimpl.OzoneContainer (OzoneContainer.java:buildContainerSet(237)) - Build ContainerSet costs 0s
2021-12-22 08:21:36,313 [Listener at 127.0.0.1/41819] INFO  server.RaftServer (ConfUtils.java:logGet(44)) - raft.rpc.type = GRPC (default)
2021-12-22 08:21:36,314 [Listener at 127.0.0.1/41819] INFO  grpc.GrpcFactory (GrpcFactory.java:checkPooledByteBufAllocatorUseCacheForAllThreads(48)) - PERFORMANCE WARNING: useCacheForAllThreads is true that may cause Netty to create a lot garbage objects and, as a result, trigger GC.
	It is recommended to disable useCacheForAllThreads by setting -Dorg.apache.ratis.thirdparty.io.netty.allocator.useCacheForAllThreads=false in command line.
2021-12-22 08:21:36,315 [Listener at 127.0.0.1/41819] INFO  grpc.GrpcConfigKeys (ConfUtils.java:logGet(44)) - raft.grpc.admin.port = 0 (custom)
2021-12-22 08:21:36,315 [Listener at 127.0.0.1/41819] INFO  grpc.GrpcConfigKeys (ConfUtils.java:logGet(44)) - raft.grpc.client.port = 0 (custom)
2021-12-22 08:21:36,315 [Listener at 127.0.0.1/41819] INFO  grpc.GrpcConfigKeys (ConfUtils.java:logGet(44)) - raft.grpc.server.port = 0 (default)
2021-12-22 08:21:36,315 [Listener at 127.0.0.1/41819] INFO  server.GrpcService (ConfUtils.java:logGet(44)) - raft.grpc.message.size.max = 32MB (=33554432) (custom)
2021-12-22 08:21:36,315 [Listener at 127.0.0.1/41819] INFO  server.RaftServerConfigKeys (ConfUtils.java:logGet(44)) - raft.server.log.appender.buffer.byte-limit = 33554432 (custom)
2021-12-22 08:21:36,316 [Listener at 127.0.0.1/41819] INFO  server.GrpcService (ConfUtils.java:logGet(44)) - raft.grpc.flow.control.window = 5MB (=5242880) (custom)
2021-12-22 08:21:36,318 [Listener at 127.0.0.1/41819] INFO  server.RaftServerConfigKeys (ConfUtils.java:logGet(44)) - raft.server.rpc.request.timeout = 60s (custom)
2021-12-22 08:21:36,320 [Listener at 127.0.0.1/41819] INFO  impl.DataStreamServerImpl (ConfUtils.java:logGet(44)) - raft.datastream.type = DISABLED (default)
2021-12-22 08:21:36,320 [Listener at 127.0.0.1/41819] INFO  server.RaftServerConfigKeys (ConfUtils.java:logGet(44)) - raft.server.rpc.slowness.timeout = 300s (custom)
2021-12-22 08:21:36,320 [Listener at 127.0.0.1/41819] INFO  server.RaftServerConfigKeys (ConfUtils.java:logGet(44)) - raft.server.leaderelection.leader.step-down.wait-time = 10s (default)
2021-12-22 08:21:36,326 [Listener at 127.0.0.1/41819] INFO  server.RaftServerConfigKeys (ConfUtils.java:logGet(44)) - raft.server.storage.dir = [/home/runner/work/ozone/ozone/hadoop-ozone/integration-test/target/test-dir/MiniOzoneClusterImpl-00f4b0a5-0ce4-4f12-84b0-ee0e83cef9cd/datanode-2/data/ratis] (custom)
2021-12-22 08:21:36,327 [Listener at 127.0.0.1/41819] INFO  server.XceiverServerGrpc (XceiverServerGrpc.java:<init>(132)) - GrpcServer channel type EpollServerSocketChannel
2021-12-22 08:21:36,334 [Listener at 127.0.0.1/41819] INFO  http.BaseHttpServer (BaseHttpServer.java:newHttpServer2BuilderForOzone(209)) - Starting Web-server for hddsDatanode at: http://0.0.0.0:0
2021-12-22 08:21:36,334 [Listener at 127.0.0.1/41819] INFO  http.BaseHttpServer (BaseHttpServer.java:<init>(107)) - Hadoop Security Enabled: false Ozone Security Enabled: false Ozone HTTP Security Enabled: false 
2021-12-22 08:21:36,336 [Listener at 127.0.0.1/41819] INFO  server.AuthenticationFilter (AuthenticationFilter.java:constructSecretProvider(240)) - Unable to initialize FileSignerSecretProvider, falling back to use random secrets.
2021-12-22 08:21:36,351 [Listener at 127.0.0.1/41819] WARN  http.HttpRequestLog (HttpRequestLog.java:getRequestLog(103)) - Jetty request log can only be enabled using Log4j
2021-12-22 08:21:36,352 [Listener at 127.0.0.1/41819] INFO  http.HttpServer2 (HttpServer2.java:addGlobalFilter(1030)) - Added global filter 'safety' (class=org.apache.hadoop.hdds.server.http.HttpServer2$QuotingInputFilter)
2021-12-22 08:21:36,353 [Listener at 127.0.0.1/41819] INFO  http.HttpServer2 (HttpServer2.java:addFilter(1006)) - Added filter static_user_filter (class=org.apache.hadoop.http.lib.StaticUserWebFilter$StaticUserFilter) to context hddsDatanode
2021-12-22 08:21:36,353 [Listener at 127.0.0.1/41819] INFO  http.HttpServer2 (HttpServer2.java:addFilter(1014)) - Added filter static_user_filter (class=org.apache.hadoop.http.lib.StaticUserWebFilter$StaticUserFilter) to context static
2021-12-22 08:21:36,353 [Listener at 127.0.0.1/41819] INFO  http.HttpServer2 (HttpServer2.java:addFilter(1014)) - Added filter static_user_filter (class=org.apache.hadoop.http.lib.StaticUserWebFilter$StaticUserFilter) to context logs
2021-12-22 08:21:36,353 [Listener at 127.0.0.1/41819] INFO  http.HttpServer2 (HttpServer2.java:bindListener(1249)) - Jetty bound to port 45517
2021-12-22 08:21:36,354 [Listener at 127.0.0.1/41819] INFO  server.Server (Server.java:doStart(375)) - jetty-9.4.43.v20210629; built: 2021-06-30T11:07:22.254Z; git: 526006ecfa3af7f1a27ef3a288e2bef7ea9dd7e8; jvm 1.8.0_292-b10
2021-12-22 08:21:36,380 [Listener at 127.0.0.1/41819] INFO  server.session (DefaultSessionIdManager.java:doStart(334)) - DefaultSessionIdManager workerName=node0
2021-12-22 08:21:36,380 [Listener at 127.0.0.1/41819] INFO  server.session (DefaultSessionIdManager.java:doStart(339)) - No SessionScavenger set, using defaults
2021-12-22 08:21:36,381 [Listener at 127.0.0.1/41819] INFO  server.session (HouseKeeper.java:startScavenging(132)) - node0 Scavenging every 660000ms
2021-12-22 08:21:36,390 [Listener at 127.0.0.1/41819] INFO  handler.ContextHandler (ContextHandler.java:doStart(915)) - Started o.e.j.s.ServletContextHandler@3b5cfc26{logs,/logs,file:///home/runner/work/ozone/ozone/hadoop-ozone/integration-test/target/log,AVAILABLE}
2021-12-22 08:21:36,391 [Listener at 127.0.0.1/41819] INFO  handler.ContextHandler (ContextHandler.java:doStart(915)) - Started o.e.j.s.ServletContextHandler@3e881258{static,/static,jar:file:/home/runner/.m2/repository/org/apache/ozone/hdds-container-service/1.3.0-SNAPSHOT/hdds-container-service-1.3.0-SNAPSHOT.jar!/webapps/static,AVAILABLE}
2021-12-22 08:21:36,504 [Listener at 127.0.0.1/41819] INFO  handler.ContextHandler (ContextHandler.java:doStart(915)) - Started o.e.j.w.WebAppContext@45ab54c{hddsDatanode,/,file:///tmp/jetty-0_0_0_0-45517-hdds-container-service-1_3_0-SNAPSHOT_jar-_-any-6776152199715891270/webapp/,AVAILABLE}{jar:file:/home/runner/.m2/repository/org/apache/ozone/hdds-container-service/1.3.0-SNAPSHOT/hdds-container-service-1.3.0-SNAPSHOT.jar!/webapps/hddsDatanode}
2021-12-22 08:21:36,511 [Listener at 127.0.0.1/41819] INFO  server.AbstractConnector (AbstractConnector.java:doStart(331)) - Started ServerConnector@1ffed69a{HTTP/1.1, (http/1.1)}{0.0.0.0:45517}
2021-12-22 08:21:36,511 [Listener at 127.0.0.1/41819] INFO  server.Server (Server.java:doStart(415)) - Started @67225ms
2021-12-22 08:21:36,511 [Listener at 127.0.0.1/41819] WARN  impl.MetricsSystemImpl (MetricsSystemImpl.java:register(279)) - Sink prometheus already exists!
2021-12-22 08:21:36,512 [Listener at 127.0.0.1/41819] INFO  http.BaseHttpServer (BaseHttpServer.java:updateConnectorAddress(329)) - HTTP server of hddsDatanode listening at http://0.0.0.0:45517
2021-12-22 08:21:36,522 [Datanode State Machine Daemon Thread] INFO  statemachine.DatanodeStateMachine (DatanodeStateMachine.java:lambda$startDaemon$0(467)) - Ozone container server started.
2021-12-22 08:21:36,522 [Listener at 127.0.0.1/41819] INFO  ozone.MiniOzoneClusterImpl (MiniOzoneClusterImpl.java:lambda$waitForClusterToBeReady$0(235)) - Waiting for nodes to be ready. Got 0 of 3 DN Heartbeats.
2021-12-22 08:21:36,522 [Listener at 127.0.0.1/41819] INFO  ozone.MiniOzoneClusterImpl (MiniOzoneClusterImpl.java:lambda$waitForClusterToBeReady$0(238)) - Waiting for cluster to exit safe mode
2021-12-22 08:21:36,522 [Listener at 127.0.0.1/41819] INFO  ozone.MiniOzoneClusterImpl (MiniOzoneClusterImpl.java:lambda$waitForClusterToBeReady$0(240)) - SCM became leader
2021-12-22 08:21:36,571 [org.apache.hadoop.util.JvmPauseMonitor$Monitor@5f07379b] INFO  util.JvmPauseMonitor (JvmPauseMonitor.java:run(188)) - Starting JVM pause monitor
2021-12-22 08:21:36,580 [Datanode State Machine Task Thread - 0] INFO  datanode.InitDatanodeState (InitDatanodeState.java:persistContainerDatanodeDetails(145)) - DatanodeDetails is persisted to /home/runner/work/ozone/ozone/hadoop-ozone/integration-test/target/test-dir/MiniOzoneClusterImpl-00f4b0a5-0ce4-4f12-84b0-ee0e83cef9cd/datanode-2/meta/datanode.id
2021-12-22 08:21:37,522 [Listener at 127.0.0.1/41819] INFO  ozone.MiniOzoneClusterImpl (MiniOzoneClusterImpl.java:lambda$waitForClusterToBeReady$0(235)) - Waiting for nodes to be ready. Got 0 of 3 DN Heartbeats.
2021-12-22 08:21:37,523 [Listener at 127.0.0.1/41819] INFO  ozone.MiniOzoneClusterImpl (MiniOzoneClusterImpl.java:lambda$waitForClusterToBeReady$0(238)) - Waiting for cluster to exit safe mode
2021-12-22 08:21:37,523 [Listener at 127.0.0.1/41819] INFO  ozone.MiniOzoneClusterImpl (MiniOzoneClusterImpl.java:lambda$waitForClusterToBeReady$0(240)) - SCM became leader
2021-12-22 08:21:37,564 [EndpointStateMachine task thread for /0.0.0.0:34715 - 0 ] INFO  ozoneimpl.OzoneContainer (OzoneContainer.java:start(315)) - Attempting to start container services.
2021-12-22 08:21:37,565 [EndpointStateMachine task thread for /0.0.0.0:34715 - 0 ] INFO  ozoneimpl.OzoneContainer (OzoneContainer.java:startContainerScrub(250)) - Background container scanner has been disabled.
2021-12-22 08:21:37,569 [EndpointStateMachine task thread for /0.0.0.0:34715 - 0 ] INFO  replication.ReplicationServer (ReplicationServer.java:start(107)) - ReplicationServer is started using port 43699
2021-12-22 08:21:37,578 [EndpointStateMachine task thread for /0.0.0.0:34715 - 0 ] INFO  ratis.XceiverServerRatis (XceiverServerRatis.java:start(484)) - Starting XceiverServerRatis 4805a73f-a3e0-41b8-8a05-ab746a3b3dd2
2021-12-22 08:21:37,579 [EndpointStateMachine task thread for /0.0.0.0:34715 - 0 ] INFO  server.RaftServer (RaftServerProxy.java:lambda$start$5(374)) - 4805a73f-a3e0-41b8-8a05-ab746a3b3dd2: start RPC server
2021-12-22 08:21:37,586 [EndpointStateMachine task thread for /0.0.0.0:34715 - 0 ] INFO  server.GrpcService (GrpcService.java:startImpl(253)) - 4805a73f-a3e0-41b8-8a05-ab746a3b3dd2: GrpcService started, listening on 44169
2021-12-22 08:21:37,592 [EndpointStateMachine task thread for /0.0.0.0:34715 - 0 ] INFO  ratis.XceiverServerRatis (XceiverServerRatis.java:getRealPort(505)) - XceiverServerRatis 4805a73f-a3e0-41b8-8a05-ab746a3b3dd2 is started using port 44169 for RATIS
2021-12-22 08:21:37,592 [EndpointStateMachine task thread for /0.0.0.0:34715 - 0 ] INFO  ratis.XceiverServerRatis (XceiverServerRatis.java:getRealPort(505)) - XceiverServerRatis 4805a73f-a3e0-41b8-8a05-ab746a3b3dd2 is started using port 44169 for RATIS_ADMIN
2021-12-22 08:21:37,592 [EndpointStateMachine task thread for /0.0.0.0:34715 - 0 ] INFO  ratis.XceiverServerRatis (XceiverServerRatis.java:getRealPort(505)) - XceiverServerRatis 4805a73f-a3e0-41b8-8a05-ab746a3b3dd2 is started using port 44169 for RATIS_SERVER
2021-12-22 08:21:37,593 [org.apache.ratis.util.JvmPauseMonitor$$Lambda$528/1268289547@7f88e5f6] INFO  util.JvmPauseMonitor (JvmPauseMonitor.java:run(103)) - JvmPauseMonitor-4805a73f-a3e0-41b8-8a05-ab746a3b3dd2: Started
2021-12-22 08:21:37,596 [EndpointStateMachine task thread for /0.0.0.0:34715 - 0 ] INFO  server.XceiverServerGrpc (XceiverServerGrpc.java:start(180)) - XceiverServerGrpc 4805a73f-a3e0-41b8-8a05-ab746a3b3dd2 is started using port 35561
2021-12-22 08:21:38,081 [EndpointStateMachine task thread for /0.0.0.0:34715 - 0 ] INFO  ozoneimpl.OzoneContainer (OzoneContainer.java:start(315)) - Attempting to start container services.
2021-12-22 08:21:38,081 [EndpointStateMachine task thread for /0.0.0.0:34715 - 0 ] INFO  ozoneimpl.OzoneContainer (OzoneContainer.java:startContainerScrub(250)) - Background container scanner has been disabled.
2021-12-22 08:21:38,090 [EndpointStateMachine task thread for /0.0.0.0:34715 - 0 ] INFO  replication.ReplicationServer (ReplicationServer.java:start(107)) - ReplicationServer is started using port 35887
2021-12-22 08:21:38,091 [EndpointStateMachine task thread for /0.0.0.0:34715 - 0 ] INFO  ratis.XceiverServerRatis (XceiverServerRatis.java:start(484)) - Starting XceiverServerRatis c19439a8-65a6-496b-9498-43e5174085b7
2021-12-22 08:21:38,091 [EndpointStateMachine task thread for /0.0.0.0:34715 - 0 ] INFO  server.RaftServer (RaftServerProxy.java:lambda$start$5(374)) - c19439a8-65a6-496b-9498-43e5174085b7: start RPC server
2021-12-22 08:21:38,098 [EndpointStateMachine task thread for /0.0.0.0:34715 - 0 ] INFO  server.GrpcService (GrpcService.java:startImpl(253)) - c19439a8-65a6-496b-9498-43e5174085b7: GrpcService started, listening on 34909
2021-12-22 08:21:38,102 [EndpointStateMachine task thread for /0.0.0.0:34715 - 0 ] INFO  ratis.XceiverServerRatis (XceiverServerRatis.java:getRealPort(505)) - XceiverServerRatis c19439a8-65a6-496b-9498-43e5174085b7 is started using port 34909 for RATIS
2021-12-22 08:21:38,102 [EndpointStateMachine task thread for /0.0.0.0:34715 - 0 ] INFO  ratis.XceiverServerRatis (XceiverServerRatis.java:getRealPort(505)) - XceiverServerRatis c19439a8-65a6-496b-9498-43e5174085b7 is started using port 34909 for RATIS_ADMIN
2021-12-22 08:21:38,102 [EndpointStateMachine task thread for /0.0.0.0:34715 - 0 ] INFO  ratis.XceiverServerRatis (XceiverServerRatis.java:getRealPort(505)) - XceiverServerRatis c19439a8-65a6-496b-9498-43e5174085b7 is started using port 34909 for RATIS_SERVER
2021-12-22 08:21:38,102 [org.apache.ratis.util.JvmPauseMonitor$$Lambda$528/1268289547@3db362c0] INFO  util.JvmPauseMonitor (JvmPauseMonitor.java:run(103)) - JvmPauseMonitor-c19439a8-65a6-496b-9498-43e5174085b7: Started
2021-12-22 08:21:38,113 [EndpointStateMachine task thread for /0.0.0.0:34715 - 0 ] INFO  server.XceiverServerGrpc (XceiverServerGrpc.java:start(180)) - XceiverServerGrpc c19439a8-65a6-496b-9498-43e5174085b7 is started using port 32891
2021-12-22 08:21:38,523 [Listener at 127.0.0.1/41819] INFO  ozone.MiniOzoneClusterImpl (MiniOzoneClusterImpl.java:lambda$waitForClusterToBeReady$0(235)) - Waiting for nodes to be ready. Got 0 of 3 DN Heartbeats.
2021-12-22 08:21:38,523 [Listener at 127.0.0.1/41819] INFO  ozone.MiniOzoneClusterImpl (MiniOzoneClusterImpl.java:lambda$waitForClusterToBeReady$0(238)) - Waiting for cluster to exit safe mode
2021-12-22 08:21:38,523 [Listener at 127.0.0.1/41819] INFO  ozone.MiniOzoneClusterImpl (MiniOzoneClusterImpl.java:lambda$waitForClusterToBeReady$0(240)) - SCM became leader
2021-12-22 08:21:38,593 [EndpointStateMachine task thread for /0.0.0.0:34715 - 0 ] INFO  ozoneimpl.OzoneContainer (OzoneContainer.java:start(315)) - Attempting to start container services.
2021-12-22 08:21:38,594 [EndpointStateMachine task thread for /0.0.0.0:34715 - 0 ] INFO  ozoneimpl.OzoneContainer (OzoneContainer.java:startContainerScrub(250)) - Background container scanner has been disabled.
2021-12-22 08:21:38,604 [EndpointStateMachine task thread for /0.0.0.0:34715 - 0 ] INFO  replication.ReplicationServer (ReplicationServer.java:start(107)) - ReplicationServer is started using port 36009
2021-12-22 08:21:38,606 [EndpointStateMachine task thread for /0.0.0.0:34715 - 0 ] INFO  ratis.XceiverServerRatis (XceiverServerRatis.java:start(484)) - Starting XceiverServerRatis 6c76c5fa-aeae-467e-849a-767744d030cf
2021-12-22 08:21:38,643 [EndpointStateMachine task thread for /0.0.0.0:34715 - 0 ] INFO  server.RaftServer (RaftServerProxy.java:lambda$start$5(374)) - 6c76c5fa-aeae-467e-849a-767744d030cf: start RPC server
2021-12-22 08:21:38,644 [EndpointStateMachine task thread for /0.0.0.0:34715 - 0 ] INFO  server.GrpcService (GrpcService.java:startImpl(253)) - 6c76c5fa-aeae-467e-849a-767744d030cf: GrpcService started, listening on 45481
2021-12-22 08:21:38,662 [EndpointStateMachine task thread for /0.0.0.0:34715 - 0 ] INFO  ratis.XceiverServerRatis (XceiverServerRatis.java:getRealPort(505)) - XceiverServerRatis 6c76c5fa-aeae-467e-849a-767744d030cf is started using port 45481 for RATIS
2021-12-22 08:21:38,662 [EndpointStateMachine task thread for /0.0.0.0:34715 - 0 ] INFO  ratis.XceiverServerRatis (XceiverServerRatis.java:getRealPort(505)) - XceiverServerRatis 6c76c5fa-aeae-467e-849a-767744d030cf is started using port 45481 for RATIS_ADMIN
2021-12-22 08:21:38,662 [EndpointStateMachine task thread for /0.0.0.0:34715 - 0 ] INFO  ratis.XceiverServerRatis (XceiverServerRatis.java:getRealPort(505)) - XceiverServerRatis 6c76c5fa-aeae-467e-849a-767744d030cf is started using port 45481 for RATIS_SERVER
2021-12-22 08:21:38,662 [org.apache.ratis.util.JvmPauseMonitor$$Lambda$528/1268289547@708c386c] INFO  util.JvmPauseMonitor (JvmPauseMonitor.java:run(103)) - JvmPauseMonitor-6c76c5fa-aeae-467e-849a-767744d030cf: Started
2021-12-22 08:21:38,669 [EndpointStateMachine task thread for /0.0.0.0:34715 - 0 ] INFO  server.XceiverServerGrpc (XceiverServerGrpc.java:start(180)) - XceiverServerGrpc 6c76c5fa-aeae-467e-849a-767744d030cf is started using port 36045
2021-12-22 08:21:39,523 [Listener at 127.0.0.1/41819] INFO  ozone.MiniOzoneClusterImpl (MiniOzoneClusterImpl.java:lambda$waitForClusterToBeReady$0(235)) - Waiting for nodes to be ready. Got 0 of 3 DN Heartbeats.
2021-12-22 08:21:39,524 [Listener at 127.0.0.1/41819] INFO  ozone.MiniOzoneClusterImpl (MiniOzoneClusterImpl.java:lambda$waitForClusterToBeReady$0(238)) - Waiting for cluster to exit safe mode
2021-12-22 08:21:39,524 [Listener at 127.0.0.1/41819] INFO  ozone.MiniOzoneClusterImpl (MiniOzoneClusterImpl.java:lambda$waitForClusterToBeReady$0(240)) - SCM became leader
2021-12-22 08:21:39,546 [IPC Server handler 0 on default port 34715] INFO  net.NetworkTopologyImpl (NetworkTopologyImpl.java:add(112)) - Added a new node: /default-rack/4805a73f-a3e0-41b8-8a05-ab746a3b3dd2
2021-12-22 08:21:39,546 [IPC Server handler 0 on default port 34715] INFO  node.SCMNodeManager (SCMNodeManager.java:register(389)) - Registered Data node : 4805a73f-a3e0-41b8-8a05-ab746a3b3dd2{ip: 10.1.0.28, host: fv-az270-32.tacnzluakwdehk1hpragurqkma.bx.internal.cloudapp.net, ports: [REPLICATION=43699, RATIS=44169, RATIS_ADMIN=44169, RATIS_SERVER=44169, STANDALONE=35561], networkLocation: /default-rack, certSerialId: null, persistedOpState: null, persistedOpStateExpiryEpochSec: 0}
2021-12-22 08:21:39,566 [EventQueue-NodeRegistrationContainerReportForDataNodeSafeModeRule] INFO  safemode.SCMSafeModeManager (DataNodeSafeModeRule.java:process(71)) - SCM in safe mode. 1 DataNodes registered, 3 required.
2021-12-22 08:21:39,570 [EventQueue-NodeRegistrationContainerReportForContainerSafeModeRule] INFO  safemode.SCMSafeModeManager (SCMSafeModeManager.java:validateSafeModeExitRules(204)) - ContainerSafeModeRule rule is successfully validated
2021-12-22 08:21:39,575 [EventQueue-NewNodeForNewNodeHandler] INFO  pipeline.BackgroundPipelineCreator (BackgroundPipelineCreator.java:notifyEventTriggered(285)) - trigger a one-shot run on RatisPipelineUtilsThread.
2021-12-22 08:21:39,576 [RatisPipelineUtilsThread - 0] INFO  pipeline.RatisPipelineProvider (RatisPipelineProvider.java:lambda$create$0(183)) - Sending CreatePipelineCommand for pipeline:PipelineID=2e03cc8d-22ec-4e3f-9508-f1f90a711e06 to datanode:4805a73f-a3e0-41b8-8a05-ab746a3b3dd2
2021-12-22 08:21:39,576 [RatisPipelineUtilsThread - 0] INFO  pipeline.PipelineStateManagerImpl (PipelineStateManagerImpl.java:addPipeline(101)) - Created pipeline Pipeline[ Id: 2e03cc8d-22ec-4e3f-9508-f1f90a711e06, Nodes: 4805a73f-a3e0-41b8-8a05-ab746a3b3dd2{ip: 10.1.0.28, host: fv-az270-32.tacnzluakwdehk1hpragurqkma.bx.internal.cloudapp.net, ports: [REPLICATION=43699, RATIS=44169, RATIS_ADMIN=44169, RATIS_SERVER=44169, STANDALONE=35561], networkLocation: /default-rack, certSerialId: null, persistedOpState: IN_SERVICE, persistedOpStateExpiryEpochSec: 0}, ReplicationConfig: RATIS/ONE, State:ALLOCATED, leaderId:, CreationTimestamp2021-12-22T08:21:39.576Z[Etc/UTC]].
2021-12-22 08:21:39,596 [EventQueue-PipelineReportForOneReplicaPipelineSafeModeRule] INFO  safemode.SCMSafeModeManager (SCMSafeModeManager.java:validateSafeModeExitRules(204)) - AtleastOneDatanodeReportedRule rule is successfully validated
2021-12-22 08:21:40,068 [IPC Server handler 7 on default port 34715] INFO  net.NetworkTopologyImpl (NetworkTopologyImpl.java:add(112)) - Added a new node: /default-rack/c19439a8-65a6-496b-9498-43e5174085b7
2021-12-22 08:21:40,070 [IPC Server handler 7 on default port 34715] INFO  node.SCMNodeManager (SCMNodeManager.java:register(389)) - Registered Data node : c19439a8-65a6-496b-9498-43e5174085b7{ip: 10.1.0.28, host: fv-az270-32.tacnzluakwdehk1hpragurqkma.bx.internal.cloudapp.net, ports: [REPLICATION=35887, RATIS=34909, RATIS_ADMIN=34909, RATIS_SERVER=34909, STANDALONE=32891], networkLocation: /default-rack, certSerialId: null, persistedOpState: null, persistedOpStateExpiryEpochSec: 0}
2021-12-22 08:21:40,070 [EventQueue-NewNodeForNewNodeHandler] INFO  pipeline.BackgroundPipelineCreator (BackgroundPipelineCreator.java:notifyEventTriggered(285)) - trigger a one-shot run on RatisPipelineUtilsThread.
2021-12-22 08:21:40,072 [EventQueue-NodeRegistrationContainerReportForDataNodeSafeModeRule] INFO  safemode.SCMSafeModeManager (DataNodeSafeModeRule.java:process(71)) - SCM in safe mode. 2 DataNodes registered, 3 required.
2021-12-22 08:21:40,080 [RatisPipelineUtilsThread - 0] INFO  pipeline.RatisPipelineProvider (RatisPipelineProvider.java:lambda$create$0(183)) - Sending CreatePipelineCommand for pipeline:PipelineID=267fe9c5-9105-4abd-b015-5b3df338abd9 to datanode:c19439a8-65a6-496b-9498-43e5174085b7
2021-12-22 08:21:40,080 [RatisPipelineUtilsThread - 0] INFO  pipeline.PipelineStateManagerImpl (PipelineStateManagerImpl.java:addPipeline(101)) - Created pipeline Pipeline[ Id: 267fe9c5-9105-4abd-b015-5b3df338abd9, Nodes: c19439a8-65a6-496b-9498-43e5174085b7{ip: 10.1.0.28, host: fv-az270-32.tacnzluakwdehk1hpragurqkma.bx.internal.cloudapp.net, ports: [REPLICATION=35887, RATIS=34909, RATIS_ADMIN=34909, RATIS_SERVER=34909, STANDALONE=32891], networkLocation: /default-rack, certSerialId: null, persistedOpState: IN_SERVICE, persistedOpStateExpiryEpochSec: 0}, ReplicationConfig: RATIS/ONE, State:ALLOCATED, leaderId:, CreationTimestamp2021-12-22T08:21:40.080Z[Etc/UTC]].
2021-12-22 08:21:40,524 [Listener at 127.0.0.1/41819] INFO  ozone.MiniOzoneClusterImpl (MiniOzoneClusterImpl.java:lambda$waitForClusterToBeReady$0(235)) - Waiting for nodes to be ready. Got 2 of 3 DN Heartbeats.
2021-12-22 08:21:40,524 [Listener at 127.0.0.1/41819] INFO  ozone.MiniOzoneClusterImpl (MiniOzoneClusterImpl.java:lambda$waitForClusterToBeReady$0(238)) - Waiting for cluster to exit safe mode
2021-12-22 08:21:40,524 [Listener at 127.0.0.1/41819] INFO  ozone.MiniOzoneClusterImpl (MiniOzoneClusterImpl.java:lambda$waitForClusterToBeReady$0(240)) - SCM became leader
2021-12-22 08:21:40,571 [IPC Server handler 1 on default port 34715] INFO  net.NetworkTopologyImpl (NetworkTopologyImpl.java:add(112)) - Added a new node: /default-rack/6c76c5fa-aeae-467e-849a-767744d030cf
2021-12-22 08:21:40,575 [IPC Server handler 1 on default port 34715] INFO  node.SCMNodeManager (SCMNodeManager.java:register(389)) - Registered Data node : 6c76c5fa-aeae-467e-849a-767744d030cf{ip: 10.1.0.28, host: fv-az270-32.tacnzluakwdehk1hpragurqkma.bx.internal.cloudapp.net, ports: [REPLICATION=36009, RATIS=45481, RATIS_ADMIN=45481, RATIS_SERVER=45481, STANDALONE=36045], networkLocation: /default-rack, certSerialId: null, persistedOpState: null, persistedOpStateExpiryEpochSec: 0}
2021-12-22 08:21:40,575 [EventQueue-NewNodeForNewNodeHandler] INFO  pipeline.BackgroundPipelineCreator (BackgroundPipelineCreator.java:notifyEventTriggered(285)) - trigger a one-shot run on RatisPipelineUtilsThread.
2021-12-22 08:21:40,576 [EventQueue-NodeRegistrationContainerReportForDataNodeSafeModeRule] INFO  safemode.SCMSafeModeManager (DataNodeSafeModeRule.java:process(71)) - SCM in safe mode. 3 DataNodes registered, 3 required.
2021-12-22 08:21:40,576 [EventQueue-NodeRegistrationContainerReportForDataNodeSafeModeRule] INFO  safemode.SCMSafeModeManager (SCMSafeModeManager.java:validateSafeModeExitRules(204)) - DataNodeSafeModeRule rule is successfully validated
2021-12-22 08:21:40,576 [EventQueue-NodeRegistrationContainerReportForDataNodeSafeModeRule] INFO  safemode.SCMSafeModeManager (SCMSafeModeManager.java:completePreCheck(233)) - All SCM safe mode pre check rules have passed
2021-12-22 08:21:40,576 [EventQueue-NodeRegistrationContainerReportForDataNodeSafeModeRule] WARN  events.EventQueue (EventQueue.java:fireEvent(194)) - No event handler registered for event TypedEvent{payloadType=SafeModeStatus, name='Safe mode status'}
2021-12-22 08:21:40,576 [EventQueue-NodeRegistrationContainerReportForDataNodeSafeModeRule] INFO  ha.SCMContext (SCMContext.java:updateSafeModeStatus(211)) - Update SafeModeStatus from SafeModeStatus{safeModeStatus=true, preCheckPassed=false} to SafeModeStatus{safeModeStatus=true, preCheckPassed=true}.
2021-12-22 08:21:40,576 [EventQueue-NodeRegistrationContainerReportForDataNodeSafeModeRule] INFO  pipeline.BackgroundPipelineCreator (BackgroundPipelineCreator.java:notifyEventTriggered(285)) - trigger a one-shot run on RatisPipelineUtilsThread.
2021-12-22 08:21:40,577 [RatisPipelineUtilsThread - 0] INFO  pipeline.RatisPipelineProvider (RatisPipelineProvider.java:lambda$create$0(183)) - Sending CreatePipelineCommand for pipeline:PipelineID=3404b3d2-8c07-41d2-a32b-4be87d7ebf9a to datanode:6c76c5fa-aeae-467e-849a-767744d030cf
2021-12-22 08:21:40,578 [RatisPipelineUtilsThread - 0] INFO  pipeline.PipelineStateManagerImpl (PipelineStateManagerImpl.java:addPipeline(101)) - Created pipeline Pipeline[ Id: 3404b3d2-8c07-41d2-a32b-4be87d7ebf9a, Nodes: 6c76c5fa-aeae-467e-849a-767744d030cf{ip: 10.1.0.28, host: fv-az270-32.tacnzluakwdehk1hpragurqkma.bx.internal.cloudapp.net, ports: [REPLICATION=36009, RATIS=45481, RATIS_ADMIN=45481, RATIS_SERVER=45481, STANDALONE=36045], networkLocation: /default-rack, certSerialId: null, persistedOpState: IN_SERVICE, persistedOpStateExpiryEpochSec: 0}, ReplicationConfig: RATIS/ONE, State:ALLOCATED, leaderId:, CreationTimestamp2021-12-22T08:21:40.577Z[Etc/UTC]].
2021-12-22 08:21:40,578 [RatisPipelineUtilsThread - 0] INFO  pipeline.RatisPipelineProvider (RatisPipelineProvider.java:lambda$create$0(183)) - Sending CreatePipelineCommand for pipeline:PipelineID=07b0f51d-e89c-40a3-aed3-80a891dc6026 to datanode:c19439a8-65a6-496b-9498-43e5174085b7
2021-12-22 08:21:40,578 [RatisPipelineUtilsThread - 0] INFO  pipeline.RatisPipelineProvider (RatisPipelineProvider.java:lambda$create$0(183)) - Sending CreatePipelineCommand for pipeline:PipelineID=07b0f51d-e89c-40a3-aed3-80a891dc6026 to datanode:6c76c5fa-aeae-467e-849a-767744d030cf
2021-12-22 08:21:40,578 [RatisPipelineUtilsThread - 0] INFO  pipeline.RatisPipelineProvider (RatisPipelineProvider.java:lambda$create$0(183)) - Sending CreatePipelineCommand for pipeline:PipelineID=07b0f51d-e89c-40a3-aed3-80a891dc6026 to datanode:4805a73f-a3e0-41b8-8a05-ab746a3b3dd2
2021-12-22 08:21:40,578 [RatisPipelineUtilsThread - 0] INFO  pipeline.PipelineStateManagerImpl (PipelineStateManagerImpl.java:addPipeline(101)) - Created pipeline Pipeline[ Id: 07b0f51d-e89c-40a3-aed3-80a891dc6026, Nodes: c19439a8-65a6-496b-9498-43e5174085b7{ip: 10.1.0.28, host: fv-az270-32.tacnzluakwdehk1hpragurqkma.bx.internal.cloudapp.net, ports: [REPLICATION=35887, RATIS=34909, RATIS_ADMIN=34909, RATIS_SERVER=34909, STANDALONE=32891], networkLocation: /default-rack, certSerialId: null, persistedOpState: IN_SERVICE, persistedOpStateExpiryEpochSec: 0}6c76c5fa-aeae-467e-849a-767744d030cf{ip: 10.1.0.28, host: fv-az270-32.tacnzluakwdehk1hpragurqkma.bx.internal.cloudapp.net, ports: [REPLICATION=36009, RATIS=45481, RATIS_ADMIN=45481, RATIS_SERVER=45481, STANDALONE=36045], networkLocation: /default-rack, certSerialId: null, persistedOpState: IN_SERVICE, persistedOpStateExpiryEpochSec: 0}4805a73f-a3e0-41b8-8a05-ab746a3b3dd2{ip: 10.1.0.28, host: fv-az270-32.tacnzluakwdehk1hpragurqkma.bx.internal.cloudapp.net, ports: [REPLICATION=43699, RATIS=44169, RATIS_ADMIN=44169, RATIS_SERVER=44169, STANDALONE=35561], networkLocation: /default-rack, certSerialId: null, persistedOpState: IN_SERVICE, persistedOpStateExpiryEpochSec: 0}, ReplicationConfig: RATIS/THREE, State:ALLOCATED, leaderId:, CreationTimestamp2021-12-22T08:21:40.578Z[Etc/UTC]].
2021-12-22 08:21:40,579 [RatisPipelineUtilsThread - 0] INFO  pipeline.RatisPipelineProvider (RatisPipelineProvider.java:lambda$create$0(183)) - Sending CreatePipelineCommand for pipeline:PipelineID=d7bda2f7-b74f-4320-970b-82c5f9bdf5a8 to datanode:4805a73f-a3e0-41b8-8a05-ab746a3b3dd2
2021-12-22 08:21:40,579 [RatisPipelineUtilsThread - 0] INFO  pipeline.RatisPipelineProvider (RatisPipelineProvider.java:lambda$create$0(183)) - Sending CreatePipelineCommand for pipeline:PipelineID=d7bda2f7-b74f-4320-970b-82c5f9bdf5a8 to datanode:c19439a8-65a6-496b-9498-43e5174085b7
2021-12-22 08:21:40,579 [RatisPipelineUtilsThread - 0] INFO  pipeline.RatisPipelineProvider (RatisPipelineProvider.java:lambda$create$0(183)) - Sending CreatePipelineCommand for pipeline:PipelineID=d7bda2f7-b74f-4320-970b-82c5f9bdf5a8 to datanode:6c76c5fa-aeae-467e-849a-767744d030cf
2021-12-22 08:21:40,579 [RatisPipelineUtilsThread - 0] INFO  pipeline.PipelineStateManagerImpl (PipelineStateManagerImpl.java:addPipeline(101)) - Created pipeline Pipeline[ Id: d7bda2f7-b74f-4320-970b-82c5f9bdf5a8, Nodes: 4805a73f-a3e0-41b8-8a05-ab746a3b3dd2{ip: 10.1.0.28, host: fv-az270-32.tacnzluakwdehk1hpragurqkma.bx.internal.cloudapp.net, ports: [REPLICATION=43699, RATIS=44169, RATIS_ADMIN=44169, RATIS_SERVER=44169, STANDALONE=35561], networkLocation: /default-rack, certSerialId: null, persistedOpState: IN_SERVICE, persistedOpStateExpiryEpochSec: 0}c19439a8-65a6-496b-9498-43e5174085b7{ip: 10.1.0.28, host: fv-az270-32.tacnzluakwdehk1hpragurqkma.bx.internal.cloudapp.net, ports: [REPLICATION=35887, RATIS=34909, RATIS_ADMIN=34909, RATIS_SERVER=34909, STANDALONE=32891], networkLocation: /default-rack, certSerialId: null, persistedOpState: IN_SERVICE, persistedOpStateExpiryEpochSec: 0}6c76c5fa-aeae-467e-849a-767744d030cf{ip: 10.1.0.28, host: fv-az270-32.tacnzluakwdehk1hpragurqkma.bx.internal.cloudapp.net, ports: [REPLICATION=36009, RATIS=45481, RATIS_ADMIN=45481, RATIS_SERVER=45481, STANDALONE=36045], networkLocation: /default-rack, certSerialId: null, persistedOpState: IN_SERVICE, persistedOpStateExpiryEpochSec: 0}, ReplicationConfig: RATIS/THREE, State:ALLOCATED, leaderId:, CreationTimestamp2021-12-22T08:21:40.579Z[Etc/UTC]].
2021-12-22 08:21:40,579 [RatisPipelineUtilsThread - 0] INFO  pipeline.PipelineManagerImpl (PipelineManagerImpl.java:recordMetricsForPipeline(639)) - Pipeline: PipelineID=d7bda2f7-b74f-4320-970b-82c5f9bdf5a8 contains same datanodes as previous pipelines: PipelineID=07b0f51d-e89c-40a3-aed3-80a891dc6026 nodeIds: 4805a73f-a3e0-41b8-8a05-ab746a3b3dd2, c19439a8-65a6-496b-9498-43e5174085b7, 6c76c5fa-aeae-467e-849a-767744d030cf
2021-12-22 08:21:41,525 [Listener at 127.0.0.1/41819] INFO  ozone.MiniOzoneClusterImpl (MiniOzoneClusterImpl.java:lambda$waitForClusterToBeReady$0(235)) - Nodes are ready. Got 3 of 3 DN Heartbeats.
2021-12-22 08:21:41,526 [Listener at 127.0.0.1/41819] INFO  ozone.MiniOzoneClusterImpl (MiniOzoneClusterImpl.java:lambda$waitForClusterToBeReady$0(238)) - Waiting for cluster to exit safe mode
2021-12-22 08:21:41,526 [Listener at 127.0.0.1/41819] INFO  ozone.MiniOzoneClusterImpl (MiniOzoneClusterImpl.java:lambda$waitForClusterToBeReady$0(240)) - SCM became leader
2021-12-22 08:21:42,526 [Listener at 127.0.0.1/41819] INFO  ozone.MiniOzoneClusterImpl (MiniOzoneClusterImpl.java:lambda$waitForClusterToBeReady$0(235)) - Nodes are ready. Got 3 of 3 DN Heartbeats.
2021-12-22 08:21:42,526 [Listener at 127.0.0.1/41819] INFO  ozone.MiniOzoneClusterImpl (MiniOzoneClusterImpl.java:lambda$waitForClusterToBeReady$0(238)) - Waiting for cluster to exit safe mode
2021-12-22 08:21:42,527 [Listener at 127.0.0.1/41819] INFO  ozone.MiniOzoneClusterImpl (MiniOzoneClusterImpl.java:lambda$waitForClusterToBeReady$0(240)) - SCM became leader
2021-12-22 08:21:42,546 [Command processor thread] INFO  server.RaftServer (RaftServerProxy.java:addNew(95)) - 4805a73f-a3e0-41b8-8a05-ab746a3b3dd2: addNew group-F1F90A711E06:[4805a73f-a3e0-41b8-8a05-ab746a3b3dd2|rpc:10.1.0.28:44169|priority:1] returns group-F1F90A711E06:java.util.concurrent.CompletableFuture@70396583[Not completed]
2021-12-22 08:21:42,570 [pool-200-thread-1] INFO  server.RaftServer$Division (RaftServerImpl.java:<init>(184)) - 4805a73f-a3e0-41b8-8a05-ab746a3b3dd2: new RaftServerImpl for group-F1F90A711E06:[4805a73f-a3e0-41b8-8a05-ab746a3b3dd2|rpc:10.1.0.28:44169|priority:1] with ContainerStateMachine:uninitialized
2021-12-22 08:21:42,577 [pool-200-thread-1] INFO  server.RaftServerConfigKeys (ConfUtils.java:logGet(44)) - raft.server.rpc.timeout.min = 5s (custom)
2021-12-22 08:21:42,589 [pool-200-thread-1] INFO  server.RaftServerConfigKeys (ConfUtils.java:logGet(44)) - raft.server.rpc.timeout.max = 5200ms (custom)
2021-12-22 08:21:42,589 [pool-200-thread-1] INFO  server.RaftServerConfigKeys (ConfUtils.java:logGet(44)) - raft.server.rpc.sleep.time = 25ms (default)
2021-12-22 08:21:42,589 [pool-200-thread-1] INFO  server.RaftServerConfigKeys (ConfUtils.java:logGet(44)) - raft.server.rpc.slowness.timeout = 300s (custom)
2021-12-22 08:21:42,589 [pool-200-thread-1] INFO  server.RaftServerConfigKeys (ConfUtils.java:logGet(44)) - raft.server.leaderelection.leader.step-down.wait-time = 10s (default)
2021-12-22 08:21:42,590 [pool-200-thread-1] INFO  server.RaftServerConfigKeys (ConfUtils.java:logGet(44)) - raft.server.sleep.deviation.threshold = 300ms (default)
2021-12-22 08:21:42,590 [pool-200-thread-1] INFO  server.RaftServerConfigKeys (ConfUtils.java:logGet(44)) - raft.server.log.appender.install.snapshot.enabled = false (custom)
2021-12-22 08:21:42,590 [pool-200-thread-1] INFO  server.RaftServer$Division (ServerState.java:<init>(105)) - 4805a73f-a3e0-41b8-8a05-ab746a3b3dd2@group-F1F90A711E06: ConfigurationManager, init=-1: [4805a73f-a3e0-41b8-8a05-ab746a3b3dd2|rpc:10.1.0.28:44169|priority:1], old=null, confs=<EMPTY_MAP>
2021-12-22 08:21:42,596 [pool-200-thread-1] INFO  server.RaftServerConfigKeys (ConfUtils.java:logGet(44)) - raft.server.storage.dir = [/home/runner/work/ozone/ozone/hadoop-ozone/integration-test/target/test-dir/MiniOzoneClusterImpl-00f4b0a5-0ce4-4f12-84b0-ee0e83cef9cd/datanode-0/data/ratis] (custom)
2021-12-22 08:21:42,596 [pool-200-thread-1] INFO  server.RaftServerConfigKeys (ConfUtils.java:logGet(44)) - raft.server.log.corruption.policy = EXCEPTION (default)
2021-12-22 08:21:42,596 [pool-200-thread-1] INFO  server.RaftServerConfigKeys (ConfUtils.java:logGet(44)) - raft.server.storage.free-space.min = 0MB (=0) (default)
2021-12-22 08:21:42,596 [pool-200-thread-1] INFO  storage.RaftStorageDirectory (RaftStorageDirectoryImpl.java:analyzeStorage(135)) - The storage directory /home/runner/work/ozone/ozone/hadoop-ozone/integration-test/target/test-dir/MiniOzoneClusterImpl-00f4b0a5-0ce4-4f12-84b0-ee0e83cef9cd/datanode-0/data/ratis/2e03cc8d-22ec-4e3f-9508-f1f90a711e06 does not exist. Creating ...
2021-12-22 08:21:42,598 [pool-200-thread-1] INFO  storage.RaftStorageDirectory (RaftStorageDirectoryImpl.java:tryLock(230)) - Lock on /home/runner/work/ozone/ozone/hadoop-ozone/integration-test/target/test-dir/MiniOzoneClusterImpl-00f4b0a5-0ce4-4f12-84b0-ee0e83cef9cd/datanode-0/data/ratis/2e03cc8d-22ec-4e3f-9508-f1f90a711e06/in_use.lock acquired by nodename 16871@fv-az270-32
2021-12-22 08:21:42,599 [pool-200-thread-1] INFO  storage.RaftStorage (RaftStorageImpl.java:format(89)) - Storage directory /home/runner/work/ozone/ozone/hadoop-ozone/integration-test/target/test-dir/MiniOzoneClusterImpl-00f4b0a5-0ce4-4f12-84b0-ee0e83cef9cd/datanode-0/data/ratis/2e03cc8d-22ec-4e3f-9508-f1f90a711e06 has been successfully formatted.
2021-12-22 08:21:42,602 [pool-200-thread-1] INFO  ratis.ContainerStateMachine (ContainerStateMachine.java:loadSnapshot(231)) - group-F1F90A711E06: The snapshot info is null. Setting the last applied indexto:(t:0, i:~)
2021-12-22 08:21:42,603 [pool-200-thread-1] INFO  server.RaftServerConfigKeys (ConfUtils.java:logGet(44)) - raft.server.notification.no-leader.timeout = 300s (custom)
2021-12-22 08:21:42,603 [pool-200-thread-1] INFO  server.RaftServerConfigKeys (ConfUtils.java:logGet(44)) - raft.server.log.use.memory = false (default)
2021-12-22 08:21:42,603 [pool-200-thread-1] INFO  server.RaftServerConfigKeys (ConfUtils.java:logGet(44)) - raft.server.log.purge.gap = 1000000 (custom)
2021-12-22 08:21:42,603 [pool-200-thread-1] INFO  server.RaftServerConfigKeys (ConfUtils.java:logGet(44)) - raft.server.log.appender.buffer.byte-limit = 33554432 (custom)
2021-12-22 08:21:42,603 [pool-200-thread-1] INFO  server.RaftServerConfigKeys (ConfUtils.java:logGet(44)) - raft.server.log.segment.size.max = 1048576 (custom)
2021-12-22 08:21:42,603 [pool-200-thread-1] INFO  server.RaftServerConfigKeys (ConfUtils.java:logGet(44)) - raft.server.log.segment.cache.num.max = 2 (custom)
2021-12-22 08:21:42,603 [pool-200-thread-1] INFO  server.RaftServerConfigKeys (ConfUtils.java:logGet(44)) - raft.server.log.segment.cache.size.max = 200MB (=209715200) (default)
2021-12-22 08:21:42,603 [pool-200-thread-1] INFO  segmented.SegmentedRaftLogWorker (SegmentedRaftLogWorker.java:<init>(182)) - new 4805a73f-a3e0-41b8-8a05-ab746a3b3dd2@group-F1F90A711E06-SegmentedRaftLogWorker for RaftStorageImpl:Storage Directory /home/runner/work/ozone/ozone/hadoop-ozone/integration-test/target/test-dir/MiniOzoneClusterImpl-00f4b0a5-0ce4-4f12-84b0-ee0e83cef9cd/datanode-0/data/ratis/2e03cc8d-22ec-4e3f-9508-f1f90a711e06
2021-12-22 08:21:42,603 [pool-200-thread-1] INFO  server.RaftServerConfigKeys (ConfUtils.java:logGet(44)) - raft.server.log.queue.byte-limit = 2147483647 (custom)
2021-12-22 08:21:42,603 [pool-200-thread-1] INFO  server.RaftServerConfigKeys (ConfUtils.java:logGet(44)) - raft.server.log.queue.element-limit = 1024 (custom)
2021-12-22 08:21:42,604 [pool-200-thread-1] INFO  server.RaftServerConfigKeys (ConfUtils.java:logGet(44)) - raft.server.log.segment.size.max = 1048576 (custom)
2021-12-22 08:21:42,604 [pool-200-thread-1] INFO  server.RaftServerConfigKeys (ConfUtils.java:logGet(44)) - raft.server.log.preallocated.size = 16384 (custom)
2021-12-22 08:21:42,604 [pool-200-thread-1] INFO  server.RaftServerConfigKeys (ConfUtils.java:logGet(44)) - raft.server.log.force.sync.num = 128 (default)
2021-12-22 08:21:42,604 [pool-200-thread-1] INFO  server.RaftServerConfigKeys (ConfUtils.java:logGet(44)) - raft.server.log.statemachine.data.sync = true (default)
2021-12-22 08:21:42,604 [pool-200-thread-1] INFO  server.RaftServerConfigKeys (ConfUtils.java:logGet(44)) - raft.server.log.statemachine.data.sync.timeout = 10s (default)
2021-12-22 08:21:42,604 [pool-200-thread-1] INFO  server.RaftServerConfigKeys (ConfUtils.java:logGet(44)) - raft.server.log.statemachine.data.sync.timeout.retry = -1 (default)
2021-12-22 08:21:42,604 [pool-200-thread-1] INFO  server.RaftServerConfigKeys (ConfUtils.java:logGet(44)) - raft.server.log.write.buffer.size = 1048576 (custom)
2021-12-22 08:21:42,605 [pool-200-thread-1] INFO  server.RaftServerConfigKeys (ConfUtils.java:logGet(44)) - raft.server.log.statemachine.data.caching.enabled = true (custom)
2021-12-22 08:21:42,605 [pool-200-thread-1] INFO  segmented.SegmentedRaftLogWorker (SegmentedRaftLogWorker.java:lambda$new$0(133)) - 4805a73f-a3e0-41b8-8a05-ab746a3b3dd2@group-F1F90A711E06-SegmentedRaftLogWorker: flushIndex: setUnconditionally 0 -> -1
2021-12-22 08:21:42,605 [pool-200-thread-1] INFO  segmented.SegmentedRaftLogWorker (SegmentedRaftLogWorker.java:lambda$new$0(133)) - 4805a73f-a3e0-41b8-8a05-ab746a3b3dd2@group-F1F90A711E06-SegmentedRaftLogWorker: safeCacheEvictIndex: setUnconditionally 0 -> -1
2021-12-22 08:21:42,614 [pool-200-thread-1] INFO  server.RaftServerConfigKeys (ConfUtils.java:logGet(44)) - raft.server.snapshot.auto.trigger.enabled = true (custom)
2021-12-22 08:21:42,614 [pool-200-thread-1] INFO  server.RaftServerConfigKeys (ConfUtils.java:logGet(44)) - raft.server.snapshot.auto.trigger.threshold = 10000 (custom)
2021-12-22 08:21:42,614 [pool-200-thread-1] INFO  server.RaftServerConfigKeys (ConfUtils.java:logGet(44)) - raft.server.snapshot.retention.file.num = 5 (custom)
2021-12-22 08:21:42,614 [pool-200-thread-1] INFO  server.RaftServerConfigKeys (ConfUtils.java:logGet(44)) - raft.server.log.purge.upto.snapshot.index = false (default)
2021-12-22 08:21:42,614 [pool-200-thread-1] INFO  server.RaftServerConfigKeys (ConfUtils.java:logGet(44)) - raft.server.retrycache.expirytime = 600000ms (custom)
2021-12-22 08:21:42,614 [pool-200-thread-1] INFO  server.RaftServerConfigKeys (ConfUtils.java:logGet(44)) - raft.server.retrycache.statistics.expirytime = 100μs (default)
2021-12-22 08:21:42,616 [pool-200-thread-1] INFO  server.RaftServer$Division (RaftServerImpl.java:start(301)) - 4805a73f-a3e0-41b8-8a05-ab746a3b3dd2@group-F1F90A711E06: start as a follower, conf=-1: [4805a73f-a3e0-41b8-8a05-ab746a3b3dd2|rpc:10.1.0.28:44169|priority:1], old=null
2021-12-22 08:21:42,616 [EventQueue-PipelineReportForPipelineReportHandler] INFO  pipeline.PipelineManagerImpl (PipelineManagerImpl.java:openPipeline(291)) - Pipeline Pipeline[ Id: 2e03cc8d-22ec-4e3f-9508-f1f90a711e06, Nodes: 4805a73f-a3e0-41b8-8a05-ab746a3b3dd2{ip: 10.1.0.28, host: fv-az270-32.tacnzluakwdehk1hpragurqkma.bx.internal.cloudapp.net, ports: [REPLICATION=43699, RATIS=44169, RATIS_ADMIN=44169, RATIS_SERVER=44169, STANDALONE=35561], networkLocation: /default-rack, certSerialId: null, persistedOpState: IN_SERVICE, persistedOpStateExpiryEpochSec: 0}, ReplicationConfig: RATIS/ONE, State:ALLOCATED, leaderId:4805a73f-a3e0-41b8-8a05-ab746a3b3dd2, CreationTimestamp2021-12-22T08:21:39.576Z[Etc/UTC]] moved to OPEN state
2021-12-22 08:21:42,616 [pool-200-thread-1] INFO  server.RaftServer$Division (RaftServerImpl.java:setRole(290)) - 4805a73f-a3e0-41b8-8a05-ab746a3b3dd2@group-F1F90A711E06: changes role from      null to FOLLOWER at term 0 for startAsFollower
2021-12-22 08:21:42,616 [pool-200-thread-1] INFO  impl.RoleInfo (RoleInfo.java:updateAndGet(130)) - 4805a73f-a3e0-41b8-8a05-ab746a3b3dd2: start 4805a73f-a3e0-41b8-8a05-ab746a3b3dd2@group-F1F90A711E06-FollowerState
2021-12-22 08:21:42,622 [pool-200-thread-1] INFO  util.JmxRegister (JmxRegister.java:tryRegister(44)) - Successfully registered JMX Bean with object name Ratis:service=RaftServer,group=group-F1F90A711E06,id=4805a73f-a3e0-41b8-8a05-ab746a3b3dd2
2021-12-22 08:21:42,634 [Command processor thread] INFO  ratis.XceiverServerRatis (XceiverServerRatis.java:addGroup(768)) - Created group PipelineID=2e03cc8d-22ec-4e3f-9508-f1f90a711e06
2021-12-22 08:21:42,653 [Command processor thread] INFO  commandhandler.CreatePipelineCommandHandler (CreatePipelineCommandHandler.java:handle(106)) - Created Pipeline RATIS ONE PipelineID=2e03cc8d-22ec-4e3f-9508-f1f90a711e06.
2021-12-22 08:21:42,653 [EventQueue-OpenPipelineForHealthyPipelineSafeModeRule] INFO  safemode.SCMSafeModeManager (HealthyPipelineSafeModeRule.java:process(124)) - SCM in safe mode. Healthy pipelines reported count is 0, required healthy pipeline reported count is 1
2021-12-22 08:21:42,653 [Command processor thread] INFO  server.RaftServer (RaftServerProxy.java:addNew(95)) - 4805a73f-a3e0-41b8-8a05-ab746a3b3dd2: addNew group-80A891DC6026:[6c76c5fa-aeae-467e-849a-767744d030cf|rpc:10.1.0.28:45481|priority:0, 4805a73f-a3e0-41b8-8a05-ab746a3b3dd2|rpc:10.1.0.28:44169|priority:1, c19439a8-65a6-496b-9498-43e5174085b7|rpc:10.1.0.28:34909|priority:0] returns group-80A891DC6026:java.util.concurrent.CompletableFuture@7406ef5c[Not completed]
2021-12-22 08:21:42,655 [pool-200-thread-1] INFO  server.RaftServer$Division (RaftServerImpl.java:<init>(184)) - 4805a73f-a3e0-41b8-8a05-ab746a3b3dd2: new RaftServerImpl for group-80A891DC6026:[6c76c5fa-aeae-467e-849a-767744d030cf|rpc:10.1.0.28:45481|priority:0, 4805a73f-a3e0-41b8-8a05-ab746a3b3dd2|rpc:10.1.0.28:44169|priority:1, c19439a8-65a6-496b-9498-43e5174085b7|rpc:10.1.0.28:34909|priority:0] with ContainerStateMachine:uninitialized
2021-12-22 08:21:42,655 [pool-200-thread-1] INFO  server.RaftServerConfigKeys (ConfUtils.java:logGet(44)) - raft.server.rpc.timeout.min = 5s (custom)
2021-12-22 08:21:42,655 [pool-200-thread-1] INFO  server.RaftServerConfigKeys (ConfUtils.java:logGet(44)) - raft.server.rpc.timeout.max = 5200ms (custom)
2021-12-22 08:21:42,655 [pool-200-thread-1] INFO  server.RaftServerConfigKeys (ConfUtils.java:logGet(44)) - raft.server.rpc.sleep.time = 25ms (default)
2021-12-22 08:21:42,655 [pool-200-thread-1] INFO  server.RaftServerConfigKeys (ConfUtils.java:logGet(44)) - raft.server.rpc.slowness.timeout = 300s (custom)
2021-12-22 08:21:42,655 [pool-200-thread-1] INFO  server.RaftServerConfigKeys (ConfUtils.java:logGet(44)) - raft.server.leaderelection.leader.step-down.wait-time = 10s (default)
2021-12-22 08:21:42,655 [pool-200-thread-1] INFO  server.RaftServerConfigKeys (ConfUtils.java:logGet(44)) - raft.server.sleep.deviation.threshold = 300ms (default)
2021-12-22 08:21:42,655 [pool-200-thread-1] INFO  server.RaftServerConfigKeys (ConfUtils.java:logGet(44)) - raft.server.log.appender.install.snapshot.enabled = false (custom)
2021-12-22 08:21:42,655 [pool-200-thread-1] INFO  server.RaftServer$Division (ServerState.java:<init>(105)) - 4805a73f-a3e0-41b8-8a05-ab746a3b3dd2@group-80A891DC6026: ConfigurationManager, init=-1: [6c76c5fa-aeae-467e-849a-767744d030cf|rpc:10.1.0.28:45481|priority:0, 4805a73f-a3e0-41b8-8a05-ab746a3b3dd2|rpc:10.1.0.28:44169|priority:1, c19439a8-65a6-496b-9498-43e5174085b7|rpc:10.1.0.28:34909|priority:0], old=null, confs=<EMPTY_MAP>
2021-12-22 08:21:42,655 [pool-200-thread-1] INFO  server.RaftServerConfigKeys (ConfUtils.java:logGet(44)) - raft.server.storage.dir = [/home/runner/work/ozone/ozone/hadoop-ozone/integration-test/target/test-dir/MiniOzoneClusterImpl-00f4b0a5-0ce4-4f12-84b0-ee0e83cef9cd/datanode-0/data/ratis] (custom)
2021-12-22 08:21:42,655 [pool-200-thread-1] INFO  server.RaftServerConfigKeys (ConfUtils.java:logGet(44)) - raft.server.log.corruption.policy = EXCEPTION (default)
2021-12-22 08:21:42,655 [pool-200-thread-1] INFO  server.RaftServerConfigKeys (ConfUtils.java:logGet(44)) - raft.server.storage.free-space.min = 0MB (=0) (default)
2021-12-22 08:21:42,656 [pool-200-thread-1] INFO  storage.RaftStorageDirectory (RaftStorageDirectoryImpl.java:analyzeStorage(135)) - The storage directory /home/runner/work/ozone/ozone/hadoop-ozone/integration-test/target/test-dir/MiniOzoneClusterImpl-00f4b0a5-0ce4-4f12-84b0-ee0e83cef9cd/datanode-0/data/ratis/07b0f51d-e89c-40a3-aed3-80a891dc6026 does not exist. Creating ...
2021-12-22 08:21:42,657 [pool-200-thread-1] INFO  storage.RaftStorageDirectory (RaftStorageDirectoryImpl.java:tryLock(230)) - Lock on /home/runner/work/ozone/ozone/hadoop-ozone/integration-test/target/test-dir/MiniOzoneClusterImpl-00f4b0a5-0ce4-4f12-84b0-ee0e83cef9cd/datanode-0/data/ratis/07b0f51d-e89c-40a3-aed3-80a891dc6026/in_use.lock acquired by nodename 16871@fv-az270-32
2021-12-22 08:21:42,658 [pool-200-thread-1] INFO  storage.RaftStorage (RaftStorageImpl.java:format(89)) - Storage directory /home/runner/work/ozone/ozone/hadoop-ozone/integration-test/target/test-dir/MiniOzoneClusterImpl-00f4b0a5-0ce4-4f12-84b0-ee0e83cef9cd/datanode-0/data/ratis/07b0f51d-e89c-40a3-aed3-80a891dc6026 has been successfully formatted.
2021-12-22 08:21:42,658 [pool-200-thread-1] INFO  ratis.ContainerStateMachine (ContainerStateMachine.java:loadSnapshot(231)) - group-80A891DC6026: The snapshot info is null. Setting the last applied indexto:(t:0, i:~)
2021-12-22 08:21:42,659 [pool-200-thread-1] INFO  server.RaftServerConfigKeys (ConfUtils.java:logGet(44)) - raft.server.notification.no-leader.timeout = 300s (custom)
2021-12-22 08:21:42,659 [pool-200-thread-1] INFO  server.RaftServerConfigKeys (ConfUtils.java:logGet(44)) - raft.server.log.use.memory = false (default)
2021-12-22 08:21:42,659 [pool-200-thread-1] INFO  server.RaftServerConfigKeys (ConfUtils.java:logGet(44)) - raft.server.log.purge.gap = 1000000 (custom)
2021-12-22 08:21:42,659 [pool-200-thread-1] INFO  server.RaftServerConfigKeys (ConfUtils.java:logGet(44)) - raft.server.log.appender.buffer.byte-limit = 33554432 (custom)
2021-12-22 08:21:42,659 [pool-200-thread-1] INFO  server.RaftServerConfigKeys (ConfUtils.java:logGet(44)) - raft.server.log.segment.size.max = 1048576 (custom)
2021-12-22 08:21:42,659 [pool-200-thread-1] INFO  server.RaftServerConfigKeys (ConfUtils.java:logGet(44)) - raft.server.log.segment.cache.num.max = 2 (custom)
2021-12-22 08:21:42,659 [pool-200-thread-1] INFO  server.RaftServerConfigKeys (ConfUtils.java:logGet(44)) - raft.server.log.segment.cache.size.max = 200MB (=209715200) (default)
2021-12-22 08:21:42,660 [pool-200-thread-1] INFO  segmented.SegmentedRaftLogWorker (SegmentedRaftLogWorker.java:<init>(182)) - new 4805a73f-a3e0-41b8-8a05-ab746a3b3dd2@group-80A891DC6026-SegmentedRaftLogWorker for RaftStorageImpl:Storage Directory /home/runner/work/ozone/ozone/hadoop-ozone/integration-test/target/test-dir/MiniOzoneClusterImpl-00f4b0a5-0ce4-4f12-84b0-ee0e83cef9cd/datanode-0/data/ratis/07b0f51d-e89c-40a3-aed3-80a891dc6026
2021-12-22 08:21:42,660 [pool-200-thread-1] INFO  server.RaftServerConfigKeys (ConfUtils.java:logGet(44)) - raft.server.log.queue.byte-limit = 2147483647 (custom)
2021-12-22 08:21:42,660 [pool-200-thread-1] INFO  server.RaftServerConfigKeys (ConfUtils.java:logGet(44)) - raft.server.log.queue.element-limit = 1024 (custom)
2021-12-22 08:21:42,660 [pool-200-thread-1] INFO  server.RaftServerConfigKeys (ConfUtils.java:logGet(44)) - raft.server.log.segment.size.max = 1048576 (custom)
2021-12-22 08:21:42,660 [pool-200-thread-1] INFO  server.RaftServerConfigKeys (ConfUtils.java:logGet(44)) - raft.server.log.preallocated.size = 16384 (custom)
2021-12-22 08:21:42,660 [pool-200-thread-1] INFO  server.RaftServerConfigKeys (ConfUtils.java:logGet(44)) - raft.server.log.force.sync.num = 128 (default)
2021-12-22 08:21:42,660 [pool-200-thread-1] INFO  server.RaftServerConfigKeys (ConfUtils.java:logGet(44)) - raft.server.log.statemachine.data.sync = true (default)
2021-12-22 08:21:42,660 [pool-200-thread-1] INFO  server.RaftServerConfigKeys (ConfUtils.java:logGet(44)) - raft.server.log.statemachine.data.sync.timeout = 10s (default)
2021-12-22 08:21:42,660 [pool-200-thread-1] INFO  server.RaftServerConfigKeys (ConfUtils.java:logGet(44)) - raft.server.log.statemachine.data.sync.timeout.retry = -1 (default)
2021-12-22 08:21:42,661 [pool-200-thread-1] INFO  server.RaftServerConfigKeys (ConfUtils.java:logGet(44)) - raft.server.log.write.buffer.size = 1048576 (custom)
2021-12-22 08:21:42,661 [pool-200-thread-1] INFO  server.RaftServerConfigKeys (ConfUtils.java:logGet(44)) - raft.server.log.statemachine.data.caching.enabled = true (custom)
2021-12-22 08:21:42,661 [pool-200-thread-1] INFO  segmented.SegmentedRaftLogWorker (SegmentedRaftLogWorker.java:lambda$new$0(133)) - 4805a73f-a3e0-41b8-8a05-ab746a3b3dd2@group-80A891DC6026-SegmentedRaftLogWorker: flushIndex: setUnconditionally 0 -> -1
2021-12-22 08:21:42,661 [pool-200-thread-1] INFO  segmented.SegmentedRaftLogWorker (SegmentedRaftLogWorker.java:lambda$new$0(133)) - 4805a73f-a3e0-41b8-8a05-ab746a3b3dd2@group-80A891DC6026-SegmentedRaftLogWorker: safeCacheEvictIndex: setUnconditionally 0 -> -1
2021-12-22 08:21:42,666 [EventQueue-OpenPipelineForHealthyPipelineSafeModeRule] INFO  safemode.SCMSafeModeManager (HealthyPipelineSafeModeRule.java:process(124)) - SCM in safe mode. Healthy pipelines reported count is 0, required healthy pipeline reported count is 1
2021-12-22 08:21:42,667 [pool-200-thread-1] INFO  server.RaftServerConfigKeys (ConfUtils.java:logGet(44)) - raft.server.snapshot.auto.trigger.enabled = true (custom)
2021-12-22 08:21:42,667 [pool-200-thread-1] INFO  server.RaftServerConfigKeys (ConfUtils.java:logGet(44)) - raft.server.snapshot.auto.trigger.threshold = 10000 (custom)
2021-12-22 08:21:42,667 [pool-200-thread-1] INFO  server.RaftServerConfigKeys (ConfUtils.java:logGet(44)) - raft.server.snapshot.retention.file.num = 5 (custom)
2021-12-22 08:21:42,667 [pool-200-thread-1] INFO  server.RaftServerConfigKeys (ConfUtils.java:logGet(44)) - raft.server.log.purge.upto.snapshot.index = false (default)
2021-12-22 08:21:42,667 [pool-200-thread-1] INFO  server.RaftServerConfigKeys (ConfUtils.java:logGet(44)) - raft.server.retrycache.expirytime = 600000ms (custom)
2021-12-22 08:21:42,667 [pool-200-thread-1] INFO  server.RaftServerConfigKeys (ConfUtils.java:logGet(44)) - raft.server.retrycache.statistics.expirytime = 100μs (default)
2021-12-22 08:21:42,668 [pool-200-thread-1] INFO  server.RaftServer$Division (RaftServerImpl.java:start(301)) - 4805a73f-a3e0-41b8-8a05-ab746a3b3dd2@group-80A891DC6026: start as a follower, conf=-1: [6c76c5fa-aeae-467e-849a-767744d030cf|rpc:10.1.0.28:45481|priority:0, 4805a73f-a3e0-41b8-8a05-ab746a3b3dd2|rpc:10.1.0.28:44169|priority:1, c19439a8-65a6-496b-9498-43e5174085b7|rpc:10.1.0.28:34909|priority:0], old=null
2021-12-22 08:21:42,670 [pool-200-thread-1] INFO  server.RaftServer$Division (RaftServerImpl.java:setRole(290)) - 4805a73f-a3e0-41b8-8a05-ab746a3b3dd2@group-80A891DC6026: changes role from      null to FOLLOWER at term 0 for startAsFollower
2021-12-22 08:21:42,670 [pool-200-thread-1] INFO  impl.RoleInfo (RoleInfo.java:updateAndGet(130)) - 4805a73f-a3e0-41b8-8a05-ab746a3b3dd2: start 4805a73f-a3e0-41b8-8a05-ab746a3b3dd2@group-80A891DC6026-FollowerState
2021-12-22 08:21:42,674 [pool-200-thread-1] INFO  util.JmxRegister (JmxRegister.java:tryRegister(44)) - Successfully registered JMX Bean with object name Ratis:service=RaftServer,group=group-80A891DC6026,id=4805a73f-a3e0-41b8-8a05-ab746a3b3dd2
2021-12-22 08:21:42,679 [Command processor thread] INFO  ratis.XceiverServerRatis (XceiverServerRatis.java:addGroup(768)) - Created group PipelineID=07b0f51d-e89c-40a3-aed3-80a891dc6026
2021-12-22 08:21:42,782 [grpc-default-executor-0] INFO  server.RaftServer (RaftServerProxy.java:addNew(95)) - c19439a8-65a6-496b-9498-43e5174085b7: addNew group-80A891DC6026:[6c76c5fa-aeae-467e-849a-767744d030cf|rpc:10.1.0.28:45481|dataStream:|priority:0, 4805a73f-a3e0-41b8-8a05-ab746a3b3dd2|rpc:10.1.0.28:44169|dataStream:|priority:1, c19439a8-65a6-496b-9498-43e5174085b7|rpc:10.1.0.28:34909|dataStream:|priority:0] returns group-80A891DC6026:java.util.concurrent.CompletableFuture@d8149af[Not completed]
2021-12-22 08:21:42,786 [pool-221-thread-1] INFO  server.RaftServer$Division (RaftServerImpl.java:<init>(184)) - c19439a8-65a6-496b-9498-43e5174085b7: new RaftServerImpl for group-80A891DC6026:[6c76c5fa-aeae-467e-849a-767744d030cf|rpc:10.1.0.28:45481|dataStream:|priority:0, 4805a73f-a3e0-41b8-8a05-ab746a3b3dd2|rpc:10.1.0.28:44169|dataStream:|priority:1, c19439a8-65a6-496b-9498-43e5174085b7|rpc:10.1.0.28:34909|dataStream:|priority:0] with ContainerStateMachine:uninitialized
2021-12-22 08:21:42,787 [pool-221-thread-1] INFO  server.RaftServerConfigKeys (ConfUtils.java:logGet(44)) - raft.server.rpc.timeout.min = 5s (custom)
2021-12-22 08:21:42,787 [pool-221-thread-1] INFO  server.RaftServerConfigKeys (ConfUtils.java:logGet(44)) - raft.server.rpc.timeout.max = 5200ms (custom)
2021-12-22 08:21:42,787 [pool-221-thread-1] INFO  server.RaftServerConfigKeys (ConfUtils.java:logGet(44)) - raft.server.rpc.sleep.time = 25ms (default)
2021-12-22 08:21:42,787 [pool-221-thread-1] INFO  server.RaftServerConfigKeys (ConfUtils.java:logGet(44)) - raft.server.rpc.slowness.timeout = 300s (custom)
2021-12-22 08:21:42,787 [pool-221-thread-1] INFO  server.RaftServerConfigKeys (ConfUtils.java:logGet(44)) - raft.server.leaderelection.leader.step-down.wait-time = 10s (default)
2021-12-22 08:21:42,787 [pool-221-thread-1] INFO  server.RaftServerConfigKeys (ConfUtils.java:logGet(44)) - raft.server.sleep.deviation.threshold = 300ms (default)
2021-12-22 08:21:42,787 [pool-221-thread-1] INFO  server.RaftServerConfigKeys (ConfUtils.java:logGet(44)) - raft.server.log.appender.install.snapshot.enabled = false (custom)
2021-12-22 08:21:42,787 [pool-221-thread-1] INFO  server.RaftServer$Division (ServerState.java:<init>(105)) - c19439a8-65a6-496b-9498-43e5174085b7@group-80A891DC6026: ConfigurationManager, init=-1: [6c76c5fa-aeae-467e-849a-767744d030cf|rpc:10.1.0.28:45481|dataStream:|priority:0, 4805a73f-a3e0-41b8-8a05-ab746a3b3dd2|rpc:10.1.0.28:44169|dataStream:|priority:1, c19439a8-65a6-496b-9498-43e5174085b7|rpc:10.1.0.28:34909|dataStream:|priority:0], old=null, confs=<EMPTY_MAP>
2021-12-22 08:21:42,787 [pool-221-thread-1] INFO  server.RaftServerConfigKeys (ConfUtils.java:logGet(44)) - raft.server.storage.dir = [/home/runner/work/ozone/ozone/hadoop-ozone/integration-test/target/test-dir/MiniOzoneClusterImpl-00f4b0a5-0ce4-4f12-84b0-ee0e83cef9cd/datanode-1/data/ratis] (custom)
2021-12-22 08:21:42,788 [pool-221-thread-1] INFO  server.RaftServerConfigKeys (ConfUtils.java:logGet(44)) - raft.server.log.corruption.policy = EXCEPTION (default)
2021-12-22 08:21:42,788 [pool-221-thread-1] INFO  server.RaftServerConfigKeys (ConfUtils.java:logGet(44)) - raft.server.storage.free-space.min = 0MB (=0) (default)
2021-12-22 08:21:42,788 [pool-221-thread-1] INFO  storage.RaftStorageDirectory (RaftStorageDirectoryImpl.java:analyzeStorage(135)) - The storage directory /home/runner/work/ozone/ozone/hadoop-ozone/integration-test/target/test-dir/MiniOzoneClusterImpl-00f4b0a5-0ce4-4f12-84b0-ee0e83cef9cd/datanode-1/data/ratis/07b0f51d-e89c-40a3-aed3-80a891dc6026 does not exist. Creating ...
2021-12-22 08:21:42,801 [pool-221-thread-1] INFO  storage.RaftStorageDirectory (RaftStorageDirectoryImpl.java:tryLock(230)) - Lock on /home/runner/work/ozone/ozone/hadoop-ozone/integration-test/target/test-dir/MiniOzoneClusterImpl-00f4b0a5-0ce4-4f12-84b0-ee0e83cef9cd/datanode-1/data/ratis/07b0f51d-e89c-40a3-aed3-80a891dc6026/in_use.lock acquired by nodename 16871@fv-az270-32
2021-12-22 08:21:42,802 [pool-221-thread-1] INFO  storage.RaftStorage (RaftStorageImpl.java:format(89)) - Storage directory /home/runner/work/ozone/ozone/hadoop-ozone/integration-test/target/test-dir/MiniOzoneClusterImpl-00f4b0a5-0ce4-4f12-84b0-ee0e83cef9cd/datanode-1/data/ratis/07b0f51d-e89c-40a3-aed3-80a891dc6026 has been successfully formatted.
2021-12-22 08:21:42,803 [pool-221-thread-1] INFO  ratis.ContainerStateMachine (ContainerStateMachine.java:loadSnapshot(231)) - group-80A891DC6026: The snapshot info is null. Setting the last applied indexto:(t:0, i:~)
2021-12-22 08:21:42,803 [pool-221-thread-1] INFO  server.RaftServerConfigKeys (ConfUtils.java:logGet(44)) - raft.server.notification.no-leader.timeout = 300s (custom)
2021-12-22 08:21:42,803 [pool-221-thread-1] INFO  server.RaftServerConfigKeys (ConfUtils.java:logGet(44)) - raft.server.log.use.memory = false (default)
2021-12-22 08:21:42,803 [pool-221-thread-1] INFO  server.RaftServerConfigKeys (ConfUtils.java:logGet(44)) - raft.server.log.purge.gap = 1000000 (custom)
2021-12-22 08:21:42,804 [pool-221-thread-1] INFO  server.RaftServerConfigKeys (ConfUtils.java:logGet(44)) - raft.server.log.appender.buffer.byte-limit = 33554432 (custom)
2021-12-22 08:21:42,804 [pool-221-thread-1] INFO  server.RaftServerConfigKeys (ConfUtils.java:logGet(44)) - raft.server.log.segment.size.max = 1048576 (custom)
2021-12-22 08:21:42,804 [pool-221-thread-1] INFO  server.RaftServerConfigKeys (ConfUtils.java:logGet(44)) - raft.server.log.segment.cache.num.max = 2 (custom)
2021-12-22 08:21:42,804 [pool-221-thread-1] INFO  server.RaftServerConfigKeys (ConfUtils.java:logGet(44)) - raft.server.log.segment.cache.size.max = 200MB (=209715200) (default)
2021-12-22 08:21:42,804 [pool-221-thread-1] INFO  segmented.SegmentedRaftLogWorker (SegmentedRaftLogWorker.java:<init>(182)) - new c19439a8-65a6-496b-9498-43e5174085b7@group-80A891DC6026-SegmentedRaftLogWorker for RaftStorageImpl:Storage Directory /home/runner/work/ozone/ozone/hadoop-ozone/integration-test/target/test-dir/MiniOzoneClusterImpl-00f4b0a5-0ce4-4f12-84b0-ee0e83cef9cd/datanode-1/data/ratis/07b0f51d-e89c-40a3-aed3-80a891dc6026
2021-12-22 08:21:42,804 [pool-221-thread-1] INFO  server.RaftServerConfigKeys (ConfUtils.java:logGet(44)) - raft.server.log.queue.byte-limit = 2147483647 (custom)
2021-12-22 08:21:42,804 [pool-221-thread-1] INFO  server.RaftServerConfigKeys (ConfUtils.java:logGet(44)) - raft.server.log.queue.element-limit = 1024 (custom)
2021-12-22 08:21:42,804 [pool-221-thread-1] INFO  server.RaftServerConfigKeys (ConfUtils.java:logGet(44)) - raft.server.log.segment.size.max = 1048576 (custom)
2021-12-22 08:21:42,804 [pool-221-thread-1] INFO  server.RaftServerConfigKeys (ConfUtils.java:logGet(44)) - raft.server.log.preallocated.size = 16384 (custom)
2021-12-22 08:21:42,804 [pool-221-thread-1] INFO  server.RaftServerConfigKeys (ConfUtils.java:logGet(44)) - raft.server.log.force.sync.num = 128 (default)
2021-12-22 08:21:42,804 [pool-221-thread-1] INFO  server.RaftServerConfigKeys (ConfUtils.java:logGet(44)) - raft.server.log.statemachine.data.sync = true (default)
2021-12-22 08:21:42,805 [pool-221-thread-1] INFO  server.RaftServerConfigKeys (ConfUtils.java:logGet(44)) - raft.server.log.statemachine.data.sync.timeout = 10s (default)
2021-12-22 08:21:42,805 [pool-221-thread-1] INFO  server.RaftServerConfigKeys (ConfUtils.java:logGet(44)) - raft.server.log.statemachine.data.sync.timeout.retry = -1 (default)
2021-12-22 08:21:42,805 [pool-221-thread-1] INFO  server.RaftServerConfigKeys (ConfUtils.java:logGet(44)) - raft.server.log.write.buffer.size = 1048576 (custom)
2021-12-22 08:21:42,807 [pool-221-thread-1] INFO  server.RaftServerConfigKeys (ConfUtils.java:logGet(44)) - raft.server.log.statemachine.data.caching.enabled = true (custom)
2021-12-22 08:21:42,807 [pool-221-thread-1] INFO  segmented.SegmentedRaftLogWorker (SegmentedRaftLogWorker.java:lambda$new$0(133)) - c19439a8-65a6-496b-9498-43e5174085b7@group-80A891DC6026-SegmentedRaftLogWorker: flushIndex: setUnconditionally 0 -> -1
2021-12-22 08:21:42,808 [pool-221-thread-1] INFO  segmented.SegmentedRaftLogWorker (SegmentedRaftLogWorker.java:lambda$new$0(133)) - c19439a8-65a6-496b-9498-43e5174085b7@group-80A891DC6026-SegmentedRaftLogWorker: safeCacheEvictIndex: setUnconditionally 0 -> -1
2021-12-22 08:21:42,808 [pool-221-thread-1] INFO  server.RaftServerConfigKeys (ConfUtils.java:logGet(44)) - raft.server.snapshot.auto.trigger.enabled = true (custom)
2021-12-22 08:21:42,808 [pool-221-thread-1] INFO  server.RaftServerConfigKeys (ConfUtils.java:logGet(44)) - raft.server.snapshot.auto.trigger.threshold = 10000 (custom)
2021-12-22 08:21:42,808 [pool-221-thread-1] INFO  server.RaftServerConfigKeys (ConfUtils.java:logGet(44)) - raft.server.snapshot.retention.file.num = 5 (custom)
2021-12-22 08:21:42,808 [pool-221-thread-1] INFO  server.RaftServerConfigKeys (ConfUtils.java:logGet(44)) - raft.server.log.purge.upto.snapshot.index = false (default)
2021-12-22 08:21:42,808 [pool-221-thread-1] INFO  server.RaftServerConfigKeys (ConfUtils.java:logGet(44)) - raft.server.retrycache.expirytime = 600000ms (custom)
2021-12-22 08:21:42,808 [pool-221-thread-1] INFO  server.RaftServerConfigKeys (ConfUtils.java:logGet(44)) - raft.server.retrycache.statistics.expirytime = 100μs (default)
2021-12-22 08:21:42,809 [pool-221-thread-1] INFO  server.RaftServer$Division (RaftServerImpl.java:start(301)) - c19439a8-65a6-496b-9498-43e5174085b7@group-80A891DC6026: start as a follower, conf=-1: [6c76c5fa-aeae-467e-849a-767744d030cf|rpc:10.1.0.28:45481|dataStream:|priority:0, 4805a73f-a3e0-41b8-8a05-ab746a3b3dd2|rpc:10.1.0.28:44169|dataStream:|priority:1, c19439a8-65a6-496b-9498-43e5174085b7|rpc:10.1.0.28:34909|dataStream:|priority:0], old=null
2021-12-22 08:21:42,809 [pool-221-thread-1] INFO  server.RaftServer$Division (RaftServerImpl.java:setRole(290)) - c19439a8-65a6-496b-9498-43e5174085b7@group-80A891DC6026: changes role from      null to FOLLOWER at term 0 for startAsFollower
2021-12-22 08:21:42,809 [pool-221-thread-1] INFO  impl.RoleInfo (RoleInfo.java:updateAndGet(130)) - c19439a8-65a6-496b-9498-43e5174085b7: start c19439a8-65a6-496b-9498-43e5174085b7@group-80A891DC6026-FollowerState
2021-12-22 08:21:42,810 [pool-221-thread-1] INFO  util.JmxRegister (JmxRegister.java:tryRegister(44)) - Successfully registered JMX Bean with object name Ratis:service=RaftServer,group=group-80A891DC6026,id=c19439a8-65a6-496b-9498-43e5174085b7
2021-12-22 08:21:42,899 [grpc-default-executor-0] INFO  server.RaftServer (RaftServerProxy.java:addNew(95)) - 6c76c5fa-aeae-467e-849a-767744d030cf: addNew group-80A891DC6026:[6c76c5fa-aeae-467e-849a-767744d030cf|rpc:10.1.0.28:45481|dataStream:|priority:0, 4805a73f-a3e0-41b8-8a05-ab746a3b3dd2|rpc:10.1.0.28:44169|dataStream:|priority:1, c19439a8-65a6-496b-9498-43e5174085b7|rpc:10.1.0.28:34909|dataStream:|priority:0] returns group-80A891DC6026:java.util.concurrent.CompletableFuture@4be74ca9[Not completed]
2021-12-22 08:21:42,900 [pool-242-thread-1] INFO  server.RaftServer$Division (RaftServerImpl.java:<init>(184)) - 6c76c5fa-aeae-467e-849a-767744d030cf: new RaftServerImpl for group-80A891DC6026:[6c76c5fa-aeae-467e-849a-767744d030cf|rpc:10.1.0.28:45481|dataStream:|priority:0, 4805a73f-a3e0-41b8-8a05-ab746a3b3dd2|rpc:10.1.0.28:44169|dataStream:|priority:1, c19439a8-65a6-496b-9498-43e5174085b7|rpc:10.1.0.28:34909|dataStream:|priority:0] with ContainerStateMachine:uninitialized
2021-12-22 08:21:42,915 [pool-242-thread-1] INFO  server.RaftServerConfigKeys (ConfUtils.java:logGet(44)) - raft.server.rpc.timeout.min = 5s (custom)
2021-12-22 08:21:42,915 [pool-242-thread-1] INFO  server.RaftServerConfigKeys (ConfUtils.java:logGet(44)) - raft.server.rpc.timeout.max = 5200ms (custom)
2021-12-22 08:21:42,915 [pool-242-thread-1] INFO  server.RaftServerConfigKeys (ConfUtils.java:logGet(44)) - raft.server.rpc.sleep.time = 25ms (default)
2021-12-22 08:21:42,915 [pool-242-thread-1] INFO  server.RaftServerConfigKeys (ConfUtils.java:logGet(44)) - raft.server.rpc.slowness.timeout = 300s (custom)
2021-12-22 08:21:42,915 [pool-242-thread-1] INFO  server.RaftServerConfigKeys (ConfUtils.java:logGet(44)) - raft.server.leaderelection.leader.step-down.wait-time = 10s (default)
2021-12-22 08:21:42,916 [pool-242-thread-1] INFO  server.RaftServerConfigKeys (ConfUtils.java:logGet(44)) - raft.server.sleep.deviation.threshold = 300ms (default)
2021-12-22 08:21:42,916 [pool-242-thread-1] INFO  server.RaftServerConfigKeys (ConfUtils.java:logGet(44)) - raft.server.log.appender.install.snapshot.enabled = false (custom)
2021-12-22 08:21:42,916 [pool-242-thread-1] INFO  server.RaftServer$Division (ServerState.java:<init>(105)) - 6c76c5fa-aeae-467e-849a-767744d030cf@group-80A891DC6026: ConfigurationManager, init=-1: [6c76c5fa-aeae-467e-849a-767744d030cf|rpc:10.1.0.28:45481|dataStream:|priority:0, 4805a73f-a3e0-41b8-8a05-ab746a3b3dd2|rpc:10.1.0.28:44169|dataStream:|priority:1, c19439a8-65a6-496b-9498-43e5174085b7|rpc:10.1.0.28:34909|dataStream:|priority:0], old=null, confs=<EMPTY_MAP>
2021-12-22 08:21:42,916 [pool-242-thread-1] INFO  server.RaftServerConfigKeys (ConfUtils.java:logGet(44)) - raft.server.storage.dir = [/home/runner/work/ozone/ozone/hadoop-ozone/integration-test/target/test-dir/MiniOzoneClusterImpl-00f4b0a5-0ce4-4f12-84b0-ee0e83cef9cd/datanode-2/data/ratis] (custom)
2021-12-22 08:21:42,916 [pool-242-thread-1] INFO  server.RaftServerConfigKeys (ConfUtils.java:logGet(44)) - raft.server.log.corruption.policy = EXCEPTION (default)
2021-12-22 08:21:42,916 [pool-242-thread-1] INFO  server.RaftServerConfigKeys (ConfUtils.java:logGet(44)) - raft.server.storage.free-space.min = 0MB (=0) (default)
2021-12-22 08:21:42,916 [pool-242-thread-1] INFO  storage.RaftStorageDirectory (RaftStorageDirectoryImpl.java:analyzeStorage(135)) - The storage directory /home/runner/work/ozone/ozone/hadoop-ozone/integration-test/target/test-dir/MiniOzoneClusterImpl-00f4b0a5-0ce4-4f12-84b0-ee0e83cef9cd/datanode-2/data/ratis/07b0f51d-e89c-40a3-aed3-80a891dc6026 does not exist. Creating ...
2021-12-22 08:21:42,918 [pool-242-thread-1] INFO  storage.RaftStorageDirectory (RaftStorageDirectoryImpl.java:tryLock(230)) - Lock on /home/runner/work/ozone/ozone/hadoop-ozone/integration-test/target/test-dir/MiniOzoneClusterImpl-00f4b0a5-0ce4-4f12-84b0-ee0e83cef9cd/datanode-2/data/ratis/07b0f51d-e89c-40a3-aed3-80a891dc6026/in_use.lock acquired by nodename 16871@fv-az270-32
2021-12-22 08:21:42,922 [pool-242-thread-1] INFO  storage.RaftStorage (RaftStorageImpl.java:format(89)) - Storage directory /home/runner/work/ozone/ozone/hadoop-ozone/integration-test/target/test-dir/MiniOzoneClusterImpl-00f4b0a5-0ce4-4f12-84b0-ee0e83cef9cd/datanode-2/data/ratis/07b0f51d-e89c-40a3-aed3-80a891dc6026 has been successfully formatted.
2021-12-22 08:21:42,934 [pool-242-thread-1] INFO  ratis.ContainerStateMachine (ContainerStateMachine.java:loadSnapshot(231)) - group-80A891DC6026: The snapshot info is null. Setting the last applied indexto:(t:0, i:~)
2021-12-22 08:21:42,934 [pool-242-thread-1] INFO  server.RaftServerConfigKeys (ConfUtils.java:logGet(44)) - raft.server.notification.no-leader.timeout = 300s (custom)
2021-12-22 08:21:42,934 [pool-242-thread-1] INFO  server.RaftServerConfigKeys (ConfUtils.java:logGet(44)) - raft.server.log.use.memory = false (default)
2021-12-22 08:21:42,934 [pool-242-thread-1] INFO  server.RaftServerConfigKeys (ConfUtils.java:logGet(44)) - raft.server.log.purge.gap = 1000000 (custom)
2021-12-22 08:21:42,934 [pool-242-thread-1] INFO  server.RaftServerConfigKeys (ConfUtils.java:logGet(44)) - raft.server.log.appender.buffer.byte-limit = 33554432 (custom)
2021-12-22 08:21:42,935 [pool-242-thread-1] INFO  server.RaftServerConfigKeys (ConfUtils.java:logGet(44)) - raft.server.log.segment.size.max = 1048576 (custom)
2021-12-22 08:21:42,935 [pool-242-thread-1] INFO  server.RaftServerConfigKeys (ConfUtils.java:logGet(44)) - raft.server.log.segment.cache.num.max = 2 (custom)
2021-12-22 08:21:42,935 [pool-242-thread-1] INFO  server.RaftServerConfigKeys (ConfUtils.java:logGet(44)) - raft.server.log.segment.cache.size.max = 200MB (=209715200) (default)
2021-12-22 08:21:42,935 [pool-242-thread-1] INFO  segmented.SegmentedRaftLogWorker (SegmentedRaftLogWorker.java:<init>(182)) - new 6c76c5fa-aeae-467e-849a-767744d030cf@group-80A891DC6026-SegmentedRaftLogWorker for RaftStorageImpl:Storage Directory /home/runner/work/ozone/ozone/hadoop-ozone/integration-test/target/test-dir/MiniOzoneClusterImpl-00f4b0a5-0ce4-4f12-84b0-ee0e83cef9cd/datanode-2/data/ratis/07b0f51d-e89c-40a3-aed3-80a891dc6026
2021-12-22 08:21:42,935 [pool-242-thread-1] INFO  server.RaftServerConfigKeys (ConfUtils.java:logGet(44)) - raft.server.log.queue.byte-limit = 2147483647 (custom)
2021-12-22 08:21:42,935 [pool-242-thread-1] INFO  server.RaftServerConfigKeys (ConfUtils.java:logGet(44)) - raft.server.log.queue.element-limit = 1024 (custom)
2021-12-22 08:21:42,935 [pool-242-thread-1] INFO  server.RaftServerConfigKeys (ConfUtils.java:logGet(44)) - raft.server.log.segment.size.max = 1048576 (custom)
2021-12-22 08:21:42,935 [pool-242-thread-1] INFO  server.RaftServerConfigKeys (ConfUtils.java:logGet(44)) - raft.server.log.preallocated.size = 16384 (custom)
2021-12-22 08:21:42,935 [pool-242-thread-1] INFO  server.RaftServerConfigKeys (ConfUtils.java:logGet(44)) - raft.server.log.force.sync.num = 128 (default)
2021-12-22 08:21:42,935 [pool-242-thread-1] INFO  server.RaftServerConfigKeys (ConfUtils.java:logGet(44)) - raft.server.log.statemachine.data.sync = true (default)
2021-12-22 08:21:42,935 [pool-242-thread-1] INFO  server.RaftServerConfigKeys (ConfUtils.java:logGet(44)) - raft.server.log.statemachine.data.sync.timeout = 10s (default)
2021-12-22 08:21:42,935 [pool-242-thread-1] INFO  server.RaftServerConfigKeys (ConfUtils.java:logGet(44)) - raft.server.log.statemachine.data.sync.timeout.retry = -1 (default)
2021-12-22 08:21:42,936 [pool-242-thread-1] INFO  server.RaftServerConfigKeys (ConfUtils.java:logGet(44)) - raft.server.log.write.buffer.size = 1048576 (custom)
2021-12-22 08:21:42,936 [pool-242-thread-1] INFO  server.RaftServerConfigKeys (ConfUtils.java:logGet(44)) - raft.server.log.statemachine.data.caching.enabled = true (custom)
2021-12-22 08:21:42,937 [pool-242-thread-1] INFO  segmented.SegmentedRaftLogWorker (SegmentedRaftLogWorker.java:lambda$new$0(133)) - 6c76c5fa-aeae-467e-849a-767744d030cf@group-80A891DC6026-SegmentedRaftLogWorker: flushIndex: setUnconditionally 0 -> -1
2021-12-22 08:21:42,937 [pool-242-thread-1] INFO  segmented.SegmentedRaftLogWorker (SegmentedRaftLogWorker.java:lambda$new$0(133)) - 6c76c5fa-aeae-467e-849a-767744d030cf@group-80A891DC6026-SegmentedRaftLogWorker: safeCacheEvictIndex: setUnconditionally 0 -> -1
2021-12-22 08:21:42,946 [pool-242-thread-1] INFO  server.RaftServerConfigKeys (ConfUtils.java:logGet(44)) - raft.server.snapshot.auto.trigger.enabled = true (custom)
2021-12-22 08:21:42,946 [pool-242-thread-1] INFO  server.RaftServerConfigKeys (ConfUtils.java:logGet(44)) - raft.server.snapshot.auto.trigger.threshold = 10000 (custom)
2021-12-22 08:21:42,946 [pool-242-thread-1] INFO  server.RaftServerConfigKeys (ConfUtils.java:logGet(44)) - raft.server.snapshot.retention.file.num = 5 (custom)
2021-12-22 08:21:42,946 [pool-242-thread-1] INFO  server.RaftServerConfigKeys (ConfUtils.java:logGet(44)) - raft.server.log.purge.upto.snapshot.index = false (default)
2021-12-22 08:21:42,946 [pool-242-thread-1] INFO  server.RaftServerConfigKeys (ConfUtils.java:logGet(44)) - raft.server.retrycache.expirytime = 600000ms (custom)
2021-12-22 08:21:42,946 [pool-242-thread-1] INFO  server.RaftServerConfigKeys (ConfUtils.java:logGet(44)) - raft.server.retrycache.statistics.expirytime = 100μs (default)
2021-12-22 08:21:42,947 [pool-242-thread-1] INFO  server.RaftServer$Division (RaftServerImpl.java:start(301)) - 6c76c5fa-aeae-467e-849a-767744d030cf@group-80A891DC6026: start as a follower, conf=-1: [6c76c5fa-aeae-467e-849a-767744d030cf|rpc:10.1.0.28:45481|dataStream:|priority:0, 4805a73f-a3e0-41b8-8a05-ab746a3b3dd2|rpc:10.1.0.28:44169|dataStream:|priority:1, c19439a8-65a6-496b-9498-43e5174085b7|rpc:10.1.0.28:34909|dataStream:|priority:0], old=null
2021-12-22 08:21:42,947 [pool-242-thread-1] INFO  server.RaftServer$Division (RaftServerImpl.java:setRole(290)) - 6c76c5fa-aeae-467e-849a-767744d030cf@group-80A891DC6026: changes role from      null to FOLLOWER at term 0 for startAsFollower
2021-12-22 08:21:42,947 [pool-242-thread-1] INFO  impl.RoleInfo (RoleInfo.java:updateAndGet(130)) - 6c76c5fa-aeae-467e-849a-767744d030cf: start 6c76c5fa-aeae-467e-849a-767744d030cf@group-80A891DC6026-FollowerState
2021-12-22 08:21:42,954 [pool-242-thread-1] INFO  util.JmxRegister (JmxRegister.java:tryRegister(44)) - Successfully registered JMX Bean with object name Ratis:service=RaftServer,group=group-80A891DC6026,id=6c76c5fa-aeae-467e-849a-767744d030cf
2021-12-22 08:21:42,977 [Command processor thread] INFO  commandhandler.CreatePipelineCommandHandler (CreatePipelineCommandHandler.java:handle(106)) - Created Pipeline RATIS THREE PipelineID=07b0f51d-e89c-40a3-aed3-80a891dc6026.
2021-12-22 08:21:42,977 [Command processor thread] INFO  server.RaftServer (RaftServerProxy.java:addNew(95)) - 4805a73f-a3e0-41b8-8a05-ab746a3b3dd2: addNew group-82C5F9BDF5A8:[6c76c5fa-aeae-467e-849a-767744d030cf|rpc:10.1.0.28:45481|priority:0, 4805a73f-a3e0-41b8-8a05-ab746a3b3dd2|rpc:10.1.0.28:44169|priority:0, c19439a8-65a6-496b-9498-43e5174085b7|rpc:10.1.0.28:34909|priority:1] returns group-82C5F9BDF5A8:java.util.concurrent.CompletableFuture@28e25ece[Not completed]
2021-12-22 08:21:42,978 [pool-200-thread-1] INFO  server.RaftServer$Division (RaftServerImpl.java:<init>(184)) - 4805a73f-a3e0-41b8-8a05-ab746a3b3dd2: new RaftServerImpl for group-82C5F9BDF5A8:[6c76c5fa-aeae-467e-849a-767744d030cf|rpc:10.1.0.28:45481|priority:0, 4805a73f-a3e0-41b8-8a05-ab746a3b3dd2|rpc:10.1.0.28:44169|priority:0, c19439a8-65a6-496b-9498-43e5174085b7|rpc:10.1.0.28:34909|priority:1] with ContainerStateMachine:uninitialized
2021-12-22 08:21:42,978 [pool-200-thread-1] INFO  server.RaftServerConfigKeys (ConfUtils.java:logGet(44)) - raft.server.rpc.timeout.min = 5s (custom)
2021-12-22 08:21:42,978 [pool-200-thread-1] INFO  server.RaftServerConfigKeys (ConfUtils.java:logGet(44)) - raft.server.rpc.timeout.max = 5200ms (custom)
2021-12-22 08:21:42,978 [pool-200-thread-1] INFO  server.RaftServerConfigKeys (ConfUtils.java:logGet(44)) - raft.server.rpc.sleep.time = 25ms (default)
2021-12-22 08:21:42,978 [pool-200-thread-1] INFO  server.RaftServerConfigKeys (ConfUtils.java:logGet(44)) - raft.server.rpc.slowness.timeout = 300s (custom)
2021-12-22 08:21:42,978 [pool-200-thread-1] INFO  server.RaftServerConfigKeys (ConfUtils.java:logGet(44)) - raft.server.leaderelection.leader.step-down.wait-time = 10s (default)
2021-12-22 08:21:42,978 [pool-200-thread-1] INFO  server.RaftServerConfigKeys (ConfUtils.java:logGet(44)) - raft.server.sleep.deviation.threshold = 300ms (default)
2021-12-22 08:21:42,978 [pool-200-thread-1] INFO  server.RaftServerConfigKeys (ConfUtils.java:logGet(44)) - raft.server.log.appender.install.snapshot.enabled = false (custom)
2021-12-22 08:21:42,978 [pool-200-thread-1] INFO  server.RaftServer$Division (ServerState.java:<init>(105)) - 4805a73f-a3e0-41b8-8a05-ab746a3b3dd2@group-82C5F9BDF5A8: ConfigurationManager, init=-1: [6c76c5fa-aeae-467e-849a-767744d030cf|rpc:10.1.0.28:45481|priority:0, 4805a73f-a3e0-41b8-8a05-ab746a3b3dd2|rpc:10.1.0.28:44169|priority:0, c19439a8-65a6-496b-9498-43e5174085b7|rpc:10.1.0.28:34909|priority:1], old=null, confs=<EMPTY_MAP>
2021-12-22 08:21:42,979 [pool-200-thread-1] INFO  server.RaftServerConfigKeys (ConfUtils.java:logGet(44)) - raft.server.storage.dir = [/home/runner/work/ozone/ozone/hadoop-ozone/integration-test/target/test-dir/MiniOzoneClusterImpl-00f4b0a5-0ce4-4f12-84b0-ee0e83cef9cd/datanode-0/data/ratis] (custom)
2021-12-22 08:21:42,979 [pool-200-thread-1] INFO  server.RaftServerConfigKeys (ConfUtils.java:logGet(44)) - raft.server.log.corruption.policy = EXCEPTION (default)
2021-12-22 08:21:42,979 [pool-200-thread-1] INFO  server.RaftServerConfigKeys (ConfUtils.java:logGet(44)) - raft.server.storage.free-space.min = 0MB (=0) (default)
2021-12-22 08:21:42,979 [pool-200-thread-1] INFO  storage.RaftStorageDirectory (RaftStorageDirectoryImpl.java:analyzeStorage(135)) - The storage directory /home/runner/work/ozone/ozone/hadoop-ozone/integration-test/target/test-dir/MiniOzoneClusterImpl-00f4b0a5-0ce4-4f12-84b0-ee0e83cef9cd/datanode-0/data/ratis/d7bda2f7-b74f-4320-970b-82c5f9bdf5a8 does not exist. Creating ...
2021-12-22 08:21:42,980 [pool-200-thread-1] INFO  storage.RaftStorageDirectory (RaftStorageDirectoryImpl.java:tryLock(230)) - Lock on /home/runner/work/ozone/ozone/hadoop-ozone/integration-test/target/test-dir/MiniOzoneClusterImpl-00f4b0a5-0ce4-4f12-84b0-ee0e83cef9cd/datanode-0/data/ratis/d7bda2f7-b74f-4320-970b-82c5f9bdf5a8/in_use.lock acquired by nodename 16871@fv-az270-32
2021-12-22 08:21:42,981 [pool-200-thread-1] INFO  storage.RaftStorage (RaftStorageImpl.java:format(89)) - Storage directory /home/runner/work/ozone/ozone/hadoop-ozone/integration-test/target/test-dir/MiniOzoneClusterImpl-00f4b0a5-0ce4-4f12-84b0-ee0e83cef9cd/datanode-0/data/ratis/d7bda2f7-b74f-4320-970b-82c5f9bdf5a8 has been successfully formatted.
2021-12-22 08:21:42,983 [pool-200-thread-1] INFO  ratis.ContainerStateMachine (ContainerStateMachine.java:loadSnapshot(231)) - group-82C5F9BDF5A8: The snapshot info is null. Setting the last applied indexto:(t:0, i:~)
2021-12-22 08:21:42,983 [EventQueue-OpenPipelineForHealthyPipelineSafeModeRule] INFO  safemode.SCMSafeModeManager (HealthyPipelineSafeModeRule.java:process(124)) - SCM in safe mode. Healthy pipelines reported count is 0, required healthy pipeline reported count is 1
2021-12-22 08:21:42,983 [pool-200-thread-1] INFO  server.RaftServerConfigKeys (ConfUtils.java:logGet(44)) - raft.server.notification.no-leader.timeout = 300s (custom)
2021-12-22 08:21:42,983 [pool-200-thread-1] INFO  server.RaftServerConfigKeys (ConfUtils.java:logGet(44)) - raft.server.log.use.memory = false (default)
2021-12-22 08:21:42,983 [pool-200-thread-1] INFO  server.RaftServerConfigKeys (ConfUtils.java:logGet(44)) - raft.server.log.purge.gap = 1000000 (custom)
2021-12-22 08:21:42,983 [pool-200-thread-1] INFO  server.RaftServerConfigKeys (ConfUtils.java:logGet(44)) - raft.server.log.appender.buffer.byte-limit = 33554432 (custom)
2021-12-22 08:21:42,984 [pool-200-thread-1] INFO  server.RaftServerConfigKeys (ConfUtils.java:logGet(44)) - raft.server.log.segment.size.max = 1048576 (custom)
2021-12-22 08:21:42,984 [pool-200-thread-1] INFO  server.RaftServerConfigKeys (ConfUtils.java:logGet(44)) - raft.server.log.segment.cache.num.max = 2 (custom)
2021-12-22 08:21:42,984 [pool-200-thread-1] INFO  server.RaftServerConfigKeys (ConfUtils.java:logGet(44)) - raft.server.log.segment.cache.size.max = 200MB (=209715200) (default)
2021-12-22 08:21:42,984 [pool-200-thread-1] INFO  segmented.SegmentedRaftLogWorker (SegmentedRaftLogWorker.java:<init>(182)) - new 4805a73f-a3e0-41b8-8a05-ab746a3b3dd2@group-82C5F9BDF5A8-SegmentedRaftLogWorker for RaftStorageImpl:Storage Directory /home/runner/work/ozone/ozone/hadoop-ozone/integration-test/target/test-dir/MiniOzoneClusterImpl-00f4b0a5-0ce4-4f12-84b0-ee0e83cef9cd/datanode-0/data/ratis/d7bda2f7-b74f-4320-970b-82c5f9bdf5a8
2021-12-22 08:21:42,984 [pool-200-thread-1] INFO  server.RaftServerConfigKeys (ConfUtils.java:logGet(44)) - raft.server.log.queue.byte-limit = 2147483647 (custom)
2021-12-22 08:21:42,984 [pool-200-thread-1] INFO  server.RaftServerConfigKeys (ConfUtils.java:logGet(44)) - raft.server.log.queue.element-limit = 1024 (custom)
2021-12-22 08:21:42,984 [pool-200-thread-1] INFO  server.RaftServerConfigKeys (ConfUtils.java:logGet(44)) - raft.server.log.segment.size.max = 1048576 (custom)
2021-12-22 08:21:42,984 [pool-200-thread-1] INFO  server.RaftServerConfigKeys (ConfUtils.java:logGet(44)) - raft.server.log.preallocated.size = 16384 (custom)
2021-12-22 08:21:42,984 [pool-200-thread-1] INFO  server.RaftServerConfigKeys (ConfUtils.java:logGet(44)) - raft.server.log.force.sync.num = 128 (default)
2021-12-22 08:21:42,984 [pool-200-thread-1] INFO  server.RaftServerConfigKeys (ConfUtils.java:logGet(44)) - raft.server.log.statemachine.data.sync = true (default)
2021-12-22 08:21:42,984 [pool-200-thread-1] INFO  server.RaftServerConfigKeys (ConfUtils.java:logGet(44)) - raft.server.log.statemachine.data.sync.timeout = 10s (default)
2021-12-22 08:21:42,984 [pool-200-thread-1] INFO  server.RaftServerConfigKeys (ConfUtils.java:logGet(44)) - raft.server.log.statemachine.data.sync.timeout.retry = -1 (default)
2021-12-22 08:21:42,985 [pool-200-thread-1] INFO  server.RaftServerConfigKeys (ConfUtils.java:logGet(44)) - raft.server.log.write.buffer.size = 1048576 (custom)
2021-12-22 08:21:42,988 [pool-200-thread-1] INFO  server.RaftServerConfigKeys (ConfUtils.java:logGet(44)) - raft.server.log.statemachine.data.caching.enabled = true (custom)
2021-12-22 08:21:42,988 [pool-200-thread-1] INFO  segmented.SegmentedRaftLogWorker (SegmentedRaftLogWorker.java:lambda$new$0(133)) - 4805a73f-a3e0-41b8-8a05-ab746a3b3dd2@group-82C5F9BDF5A8-SegmentedRaftLogWorker: flushIndex: setUnconditionally 0 -> -1
2021-12-22 08:21:42,988 [pool-200-thread-1] INFO  segmented.SegmentedRaftLogWorker (SegmentedRaftLogWorker.java:lambda$new$0(133)) - 4805a73f-a3e0-41b8-8a05-ab746a3b3dd2@group-82C5F9BDF5A8-SegmentedRaftLogWorker: safeCacheEvictIndex: setUnconditionally 0 -> -1
2021-12-22 08:21:42,994 [pool-200-thread-1] INFO  server.RaftServerConfigKeys (ConfUtils.java:logGet(44)) - raft.server.snapshot.auto.trigger.enabled = true (custom)
2021-12-22 08:21:42,994 [pool-200-thread-1] INFO  server.RaftServerConfigKeys (ConfUtils.java:logGet(44)) - raft.server.snapshot.auto.trigger.threshold = 10000 (custom)
2021-12-22 08:21:42,994 [pool-200-thread-1] INFO  server.RaftServerConfigKeys (ConfUtils.java:logGet(44)) - raft.server.snapshot.retention.file.num = 5 (custom)
2021-12-22 08:21:42,994 [pool-200-thread-1] INFO  server.RaftServerConfigKeys (ConfUtils.java:logGet(44)) - raft.server.log.purge.upto.snapshot.index = false (default)
2021-12-22 08:21:42,994 [pool-200-thread-1] INFO  server.RaftServerConfigKeys (ConfUtils.java:logGet(44)) - raft.server.retrycache.expirytime = 600000ms (custom)
2021-12-22 08:21:42,994 [pool-200-thread-1] INFO  server.RaftServerConfigKeys (ConfUtils.java:logGet(44)) - raft.server.retrycache.statistics.expirytime = 100μs (default)
2021-12-22 08:21:42,996 [pool-200-thread-1] INFO  server.RaftServer$Division (RaftServerImpl.java:start(301)) - 4805a73f-a3e0-41b8-8a05-ab746a3b3dd2@group-82C5F9BDF5A8: start as a follower, conf=-1: [6c76c5fa-aeae-467e-849a-767744d030cf|rpc:10.1.0.28:45481|priority:0, 4805a73f-a3e0-41b8-8a05-ab746a3b3dd2|rpc:10.1.0.28:44169|priority:0, c19439a8-65a6-496b-9498-43e5174085b7|rpc:10.1.0.28:34909|priority:1], old=null
2021-12-22 08:21:42,996 [pool-200-thread-1] INFO  server.RaftServer$Division (RaftServerImpl.java:setRole(290)) - 4805a73f-a3e0-41b8-8a05-ab746a3b3dd2@group-82C5F9BDF5A8: changes role from      null to FOLLOWER at term 0 for startAsFollower
2021-12-22 08:21:42,996 [pool-200-thread-1] INFO  impl.RoleInfo (RoleInfo.java:updateAndGet(130)) - 4805a73f-a3e0-41b8-8a05-ab746a3b3dd2: start 4805a73f-a3e0-41b8-8a05-ab746a3b3dd2@group-82C5F9BDF5A8-FollowerState
2021-12-22 08:21:43,001 [pool-200-thread-1] INFO  util.JmxRegister (JmxRegister.java:tryRegister(44)) - Successfully registered JMX Bean with object name Ratis:service=RaftServer,group=group-82C5F9BDF5A8,id=4805a73f-a3e0-41b8-8a05-ab746a3b3dd2
2021-12-22 08:21:43,002 [Command processor thread] INFO  ratis.XceiverServerRatis (XceiverServerRatis.java:addGroup(768)) - Created group PipelineID=d7bda2f7-b74f-4320-970b-82c5f9bdf5a8
2021-12-22 08:21:43,021 [grpc-default-executor-0] INFO  server.RaftServer (RaftServerProxy.java:addNew(95)) - c19439a8-65a6-496b-9498-43e5174085b7: addNew group-82C5F9BDF5A8:[6c76c5fa-aeae-467e-849a-767744d030cf|rpc:10.1.0.28:45481|dataStream:|priority:0, 4805a73f-a3e0-41b8-8a05-ab746a3b3dd2|rpc:10.1.0.28:44169|dataStream:|priority:0, c19439a8-65a6-496b-9498-43e5174085b7|rpc:10.1.0.28:34909|dataStream:|priority:1] returns group-82C5F9BDF5A8:java.util.concurrent.CompletableFuture@419cff5f[Not completed]
2021-12-22 08:21:43,022 [pool-221-thread-1] INFO  server.RaftServer$Division (RaftServerImpl.java:<init>(184)) - c19439a8-65a6-496b-9498-43e5174085b7: new RaftServerImpl for group-82C5F9BDF5A8:[6c76c5fa-aeae-467e-849a-767744d030cf|rpc:10.1.0.28:45481|dataStream:|priority:0, 4805a73f-a3e0-41b8-8a05-ab746a3b3dd2|rpc:10.1.0.28:44169|dataStream:|priority:0, c19439a8-65a6-496b-9498-43e5174085b7|rpc:10.1.0.28:34909|dataStream:|priority:1] with ContainerStateMachine:uninitialized
2021-12-22 08:21:43,022 [pool-221-thread-1] INFO  server.RaftServerConfigKeys (ConfUtils.java:logGet(44)) - raft.server.rpc.timeout.min = 5s (custom)
2021-12-22 08:21:43,022 [pool-221-thread-1] INFO  server.RaftServerConfigKeys (ConfUtils.java:logGet(44)) - raft.server.rpc.timeout.max = 5200ms (custom)
2021-12-22 08:21:43,022 [pool-221-thread-1] INFO  server.RaftServerConfigKeys (ConfUtils.java:logGet(44)) - raft.server.rpc.sleep.time = 25ms (default)
2021-12-22 08:21:43,022 [pool-221-thread-1] INFO  server.RaftServerConfigKeys (ConfUtils.java:logGet(44)) - raft.server.rpc.slowness.timeout = 300s (custom)
2021-12-22 08:21:43,022 [pool-221-thread-1] INFO  server.RaftServerConfigKeys (ConfUtils.java:logGet(44)) - raft.server.leaderelection.leader.step-down.wait-time = 10s (default)
2021-12-22 08:21:43,022 [pool-221-thread-1] INFO  server.RaftServerConfigKeys (ConfUtils.java:logGet(44)) - raft.server.sleep.deviation.threshold = 300ms (default)
2021-12-22 08:21:43,022 [pool-221-thread-1] INFO  server.RaftServerConfigKeys (ConfUtils.java:logGet(44)) - raft.server.log.appender.install.snapshot.enabled = false (custom)
2021-12-22 08:21:43,022 [pool-221-thread-1] INFO  server.RaftServer$Division (ServerState.java:<init>(105)) - c19439a8-65a6-496b-9498-43e5174085b7@group-82C5F9BDF5A8: ConfigurationManager, init=-1: [6c76c5fa-aeae-467e-849a-767744d030cf|rpc:10.1.0.28:45481|dataStream:|priority:0, 4805a73f-a3e0-41b8-8a05-ab746a3b3dd2|rpc:10.1.0.28:44169|dataStream:|priority:0, c19439a8-65a6-496b-9498-43e5174085b7|rpc:10.1.0.28:34909|dataStream:|priority:1], old=null, confs=<EMPTY_MAP>
2021-12-22 08:21:43,022 [pool-221-thread-1] INFO  server.RaftServerConfigKeys (ConfUtils.java:logGet(44)) - raft.server.storage.dir = [/home/runner/work/ozone/ozone/hadoop-ozone/integration-test/target/test-dir/MiniOzoneClusterImpl-00f4b0a5-0ce4-4f12-84b0-ee0e83cef9cd/datanode-1/data/ratis] (custom)
2021-12-22 08:21:43,022 [pool-221-thread-1] INFO  server.RaftServerConfigKeys (ConfUtils.java:logGet(44)) - raft.server.log.corruption.policy = EXCEPTION (default)
2021-12-22 08:21:43,022 [pool-221-thread-1] INFO  server.RaftServerConfigKeys (ConfUtils.java:logGet(44)) - raft.server.storage.free-space.min = 0MB (=0) (default)
2021-12-22 08:21:43,023 [pool-221-thread-1] INFO  storage.RaftStorageDirectory (RaftStorageDirectoryImpl.java:analyzeStorage(135)) - The storage directory /home/runner/work/ozone/ozone/hadoop-ozone/integration-test/target/test-dir/MiniOzoneClusterImpl-00f4b0a5-0ce4-4f12-84b0-ee0e83cef9cd/datanode-1/data/ratis/d7bda2f7-b74f-4320-970b-82c5f9bdf5a8 does not exist. Creating ...
2021-12-22 08:21:43,024 [pool-221-thread-1] INFO  storage.RaftStorageDirectory (RaftStorageDirectoryImpl.java:tryLock(230)) - Lock on /home/runner/work/ozone/ozone/hadoop-ozone/integration-test/target/test-dir/MiniOzoneClusterImpl-00f4b0a5-0ce4-4f12-84b0-ee0e83cef9cd/datanode-1/data/ratis/d7bda2f7-b74f-4320-970b-82c5f9bdf5a8/in_use.lock acquired by nodename 16871@fv-az270-32
2021-12-22 08:21:43,025 [pool-221-thread-1] INFO  storage.RaftStorage (RaftStorageImpl.java:format(89)) - Storage directory /home/runner/work/ozone/ozone/hadoop-ozone/integration-test/target/test-dir/MiniOzoneClusterImpl-00f4b0a5-0ce4-4f12-84b0-ee0e83cef9cd/datanode-1/data/ratis/d7bda2f7-b74f-4320-970b-82c5f9bdf5a8 has been successfully formatted.
2021-12-22 08:21:43,027 [pool-221-thread-1] INFO  ratis.ContainerStateMachine (ContainerStateMachine.java:loadSnapshot(231)) - group-82C5F9BDF5A8: The snapshot info is null. Setting the last applied indexto:(t:0, i:~)
2021-12-22 08:21:43,027 [pool-221-thread-1] INFO  server.RaftServerConfigKeys (ConfUtils.java:logGet(44)) - raft.server.notification.no-leader.timeout = 300s (custom)
2021-12-22 08:21:43,027 [pool-221-thread-1] INFO  server.RaftServerConfigKeys (ConfUtils.java:logGet(44)) - raft.server.log.use.memory = false (default)
2021-12-22 08:21:43,027 [pool-221-thread-1] INFO  server.RaftServerConfigKeys (ConfUtils.java:logGet(44)) - raft.server.log.purge.gap = 1000000 (custom)
2021-12-22 08:21:43,027 [pool-221-thread-1] INFO  server.RaftServerConfigKeys (ConfUtils.java:logGet(44)) - raft.server.log.appender.buffer.byte-limit = 33554432 (custom)
2021-12-22 08:21:43,027 [pool-221-thread-1] INFO  server.RaftServerConfigKeys (ConfUtils.java:logGet(44)) - raft.server.log.segment.size.max = 1048576 (custom)
2021-12-22 08:21:43,028 [pool-221-thread-1] INFO  server.RaftServerConfigKeys (ConfUtils.java:logGet(44)) - raft.server.log.segment.cache.num.max = 2 (custom)
2021-12-22 08:21:43,028 [pool-221-thread-1] INFO  server.RaftServerConfigKeys (ConfUtils.java:logGet(44)) - raft.server.log.segment.cache.size.max = 200MB (=209715200) (default)
2021-12-22 08:21:43,028 [pool-221-thread-1] INFO  segmented.SegmentedRaftLogWorker (SegmentedRaftLogWorker.java:<init>(182)) - new c19439a8-65a6-496b-9498-43e5174085b7@group-82C5F9BDF5A8-SegmentedRaftLogWorker for RaftStorageImpl:Storage Directory /home/runner/work/ozone/ozone/hadoop-ozone/integration-test/target/test-dir/MiniOzoneClusterImpl-00f4b0a5-0ce4-4f12-84b0-ee0e83cef9cd/datanode-1/data/ratis/d7bda2f7-b74f-4320-970b-82c5f9bdf5a8
2021-12-22 08:21:43,028 [pool-221-thread-1] INFO  server.RaftServerConfigKeys (ConfUtils.java:logGet(44)) - raft.server.log.queue.byte-limit = 2147483647 (custom)
2021-12-22 08:21:43,028 [pool-221-thread-1] INFO  server.RaftServerConfigKeys (ConfUtils.java:logGet(44)) - raft.server.log.queue.element-limit = 1024 (custom)
2021-12-22 08:21:43,028 [pool-221-thread-1] INFO  server.RaftServerConfigKeys (ConfUtils.java:logGet(44)) - raft.server.log.segment.size.max = 1048576 (custom)
2021-12-22 08:21:43,028 [pool-221-thread-1] INFO  server.RaftServerConfigKeys (ConfUtils.java:logGet(44)) - raft.server.log.preallocated.size = 16384 (custom)
2021-12-22 08:21:43,028 [pool-221-thread-1] INFO  server.RaftServerConfigKeys (ConfUtils.java:logGet(44)) - raft.server.log.force.sync.num = 128 (default)
2021-12-22 08:21:43,028 [pool-221-thread-1] INFO  server.RaftServerConfigKeys (ConfUtils.java:logGet(44)) - raft.server.log.statemachine.data.sync = true (default)
2021-12-22 08:21:43,028 [pool-221-thread-1] INFO  server.RaftServerConfigKeys (ConfUtils.java:logGet(44)) - raft.server.log.statemachine.data.sync.timeout = 10s (default)
2021-12-22 08:21:43,028 [pool-221-thread-1] INFO  server.RaftServerConfigKeys (ConfUtils.java:logGet(44)) - raft.server.log.statemachine.data.sync.timeout.retry = -1 (default)
2021-12-22 08:21:43,029 [pool-221-thread-1] INFO  server.RaftServerConfigKeys (ConfUtils.java:logGet(44)) - raft.server.log.write.buffer.size = 1048576 (custom)
2021-12-22 08:21:43,030 [pool-221-thread-1] INFO  server.RaftServerConfigKeys (ConfUtils.java:logGet(44)) - raft.server.log.statemachine.data.caching.enabled = true (custom)
2021-12-22 08:21:43,030 [pool-221-thread-1] INFO  segmented.SegmentedRaftLogWorker (SegmentedRaftLogWorker.java:lambda$new$0(133)) - c19439a8-65a6-496b-9498-43e5174085b7@group-82C5F9BDF5A8-SegmentedRaftLogWorker: flushIndex: setUnconditionally 0 -> -1
2021-12-22 08:21:43,030 [pool-221-thread-1] INFO  segmented.SegmentedRaftLogWorker (SegmentedRaftLogWorker.java:lambda$new$0(133)) - c19439a8-65a6-496b-9498-43e5174085b7@group-82C5F9BDF5A8-SegmentedRaftLogWorker: safeCacheEvictIndex: setUnconditionally 0 -> -1
2021-12-22 08:21:43,038 [pool-221-thread-1] INFO  server.RaftServerConfigKeys (ConfUtils.java:logGet(44)) - raft.server.snapshot.auto.trigger.enabled = true (custom)
2021-12-22 08:21:43,038 [pool-221-thread-1] INFO  server.RaftServerConfigKeys (ConfUtils.java:logGet(44)) - raft.server.snapshot.auto.trigger.threshold = 10000 (custom)
2021-12-22 08:21:43,038 [pool-221-thread-1] INFO  server.RaftServerConfigKeys (ConfUtils.java:logGet(44)) - raft.server.snapshot.retention.file.num = 5 (custom)
2021-12-22 08:21:43,038 [pool-221-thread-1] INFO  server.RaftServerConfigKeys (ConfUtils.java:logGet(44)) - raft.server.log.purge.upto.snapshot.index = false (default)
2021-12-22 08:21:43,038 [pool-221-thread-1] INFO  server.RaftServerConfigKeys (ConfUtils.java:logGet(44)) - raft.server.retrycache.expirytime = 600000ms (custom)
2021-12-22 08:21:43,038 [pool-221-thread-1] INFO  server.RaftServerConfigKeys (ConfUtils.java:logGet(44)) - raft.server.retrycache.statistics.expirytime = 100μs (default)
2021-12-22 08:21:43,039 [pool-221-thread-1] INFO  server.RaftServer$Division (RaftServerImpl.java:start(301)) - c19439a8-65a6-496b-9498-43e5174085b7@group-82C5F9BDF5A8: start as a follower, conf=-1: [6c76c5fa-aeae-467e-849a-767744d030cf|rpc:10.1.0.28:45481|dataStream:|priority:0, 4805a73f-a3e0-41b8-8a05-ab746a3b3dd2|rpc:10.1.0.28:44169|dataStream:|priority:0, c19439a8-65a6-496b-9498-43e5174085b7|rpc:10.1.0.28:34909|dataStream:|priority:1], old=null
2021-12-22 08:21:43,039 [pool-221-thread-1] INFO  server.RaftServer$Division (RaftServerImpl.java:setRole(290)) - c19439a8-65a6-496b-9498-43e5174085b7@group-82C5F9BDF5A8: changes role from      null to FOLLOWER at term 0 for startAsFollower
2021-12-22 08:21:43,039 [pool-221-thread-1] INFO  impl.RoleInfo (RoleInfo.java:updateAndGet(130)) - c19439a8-65a6-496b-9498-43e5174085b7: start c19439a8-65a6-496b-9498-43e5174085b7@group-82C5F9BDF5A8-FollowerState
2021-12-22 08:21:43,044 [pool-221-thread-1] INFO  util.JmxRegister (JmxRegister.java:tryRegister(44)) - Successfully registered JMX Bean with object name Ratis:service=RaftServer,group=group-82C5F9BDF5A8,id=c19439a8-65a6-496b-9498-43e5174085b7
2021-12-22 08:21:43,067 [Command processor thread] INFO  server.RaftServer (RaftServerProxy.java:addNew(95)) - c19439a8-65a6-496b-9498-43e5174085b7: addNew group-5B3DF338ABD9:[c19439a8-65a6-496b-9498-43e5174085b7|rpc:10.1.0.28:34909|priority:1] returns group-5B3DF338ABD9:java.util.concurrent.CompletableFuture@543bb782[Not completed]
2021-12-22 08:21:43,068 [pool-221-thread-1] INFO  server.RaftServer$Division (RaftServerImpl.java:<init>(184)) - c19439a8-65a6-496b-9498-43e5174085b7: new RaftServerImpl for group-5B3DF338ABD9:[c19439a8-65a6-496b-9498-43e5174085b7|rpc:10.1.0.28:34909|priority:1] with ContainerStateMachine:uninitialized
2021-12-22 08:21:43,068 [pool-221-thread-1] INFO  server.RaftServerConfigKeys (ConfUtils.java:logGet(44)) - raft.server.rpc.timeout.min = 5s (custom)
2021-12-22 08:21:43,069 [pool-221-thread-1] INFO  server.RaftServerConfigKeys (ConfUtils.java:logGet(44)) - raft.server.rpc.timeout.max = 5200ms (custom)
2021-12-22 08:21:43,069 [pool-221-thread-1] INFO  server.RaftServerConfigKeys (ConfUtils.java:logGet(44)) - raft.server.rpc.sleep.time = 25ms (default)
2021-12-22 08:21:43,069 [pool-221-thread-1] INFO  server.RaftServerConfigKeys (ConfUtils.java:logGet(44)) - raft.server.rpc.slowness.timeout = 300s (custom)
2021-12-22 08:21:43,069 [pool-221-thread-1] INFO  server.RaftServerConfigKeys (ConfUtils.java:logGet(44)) - raft.server.leaderelection.leader.step-down.wait-time = 10s (default)
2021-12-22 08:21:43,069 [pool-221-thread-1] INFO  server.RaftServerConfigKeys (ConfUtils.java:logGet(44)) - raft.server.sleep.deviation.threshold = 300ms (default)
2021-12-22 08:21:43,069 [pool-221-thread-1] INFO  server.RaftServerConfigKeys (ConfUtils.java:logGet(44)) - raft.server.log.appender.install.snapshot.enabled = false (custom)
2021-12-22 08:21:43,069 [pool-221-thread-1] INFO  server.RaftServer$Division (ServerState.java:<init>(105)) - c19439a8-65a6-496b-9498-43e5174085b7@group-5B3DF338ABD9: ConfigurationManager, init=-1: [c19439a8-65a6-496b-9498-43e5174085b7|rpc:10.1.0.28:34909|priority:1], old=null, confs=<EMPTY_MAP>
2021-12-22 08:21:43,069 [pool-221-thread-1] INFO  server.RaftServerConfigKeys (ConfUtils.java:logGet(44)) - raft.server.storage.dir = [/home/runner/work/ozone/ozone/hadoop-ozone/integration-test/target/test-dir/MiniOzoneClusterImpl-00f4b0a5-0ce4-4f12-84b0-ee0e83cef9cd/datanode-1/data/ratis] (custom)
2021-12-22 08:21:43,069 [pool-221-thread-1] INFO  server.RaftServerConfigKeys (ConfUtils.java:logGet(44)) - raft.server.log.corruption.policy = EXCEPTION (default)
2021-12-22 08:21:43,069 [pool-221-thread-1] INFO  server.RaftServerConfigKeys (ConfUtils.java:logGet(44)) - raft.server.storage.free-space.min = 0MB (=0) (default)
2021-12-22 08:21:43,069 [pool-221-thread-1] INFO  storage.RaftStorageDirectory (RaftStorageDirectoryImpl.java:analyzeStorage(135)) - The storage directory /home/runner/work/ozone/ozone/hadoop-ozone/integration-test/target/test-dir/MiniOzoneClusterImpl-00f4b0a5-0ce4-4f12-84b0-ee0e83cef9cd/datanode-1/data/ratis/267fe9c5-9105-4abd-b015-5b3df338abd9 does not exist. Creating ...
2021-12-22 08:21:43,078 [pool-221-thread-1] INFO  storage.RaftStorageDirectory (RaftStorageDirectoryImpl.java:tryLock(230)) - Lock on /home/runner/work/ozone/ozone/hadoop-ozone/integration-test/target/test-dir/MiniOzoneClusterImpl-00f4b0a5-0ce4-4f12-84b0-ee0e83cef9cd/datanode-1/data/ratis/267fe9c5-9105-4abd-b015-5b3df338abd9/in_use.lock acquired by nodename 16871@fv-az270-32
2021-12-22 08:21:43,078 [grpc-default-executor-0] INFO  server.RaftServer (RaftServerProxy.java:addNew(95)) - 6c76c5fa-aeae-467e-849a-767744d030cf: addNew group-82C5F9BDF5A8:[6c76c5fa-aeae-467e-849a-767744d030cf|rpc:10.1.0.28:45481|dataStream:|priority:0, 4805a73f-a3e0-41b8-8a05-ab746a3b3dd2|rpc:10.1.0.28:44169|dataStream:|priority:0, c19439a8-65a6-496b-9498-43e5174085b7|rpc:10.1.0.28:34909|dataStream:|priority:1] returns group-82C5F9BDF5A8:java.util.concurrent.CompletableFuture@737169ff[Not completed]
2021-12-22 08:21:43,079 [pool-242-thread-1] INFO  server.RaftServer$Division (RaftServerImpl.java:<init>(184)) - 6c76c5fa-aeae-467e-849a-767744d030cf: new RaftServerImpl for group-82C5F9BDF5A8:[6c76c5fa-aeae-467e-849a-767744d030cf|rpc:10.1.0.28:45481|dataStream:|priority:0, 4805a73f-a3e0-41b8-8a05-ab746a3b3dd2|rpc:10.1.0.28:44169|dataStream:|priority:0, c19439a8-65a6-496b-9498-43e5174085b7|rpc:10.1.0.28:34909|dataStream:|priority:1] with ContainerStateMachine:uninitialized
2021-12-22 08:21:43,079 [pool-242-thread-1] INFO  server.RaftServerConfigKeys (ConfUtils.java:logGet(44)) - raft.server.rpc.timeout.min = 5s (custom)
2021-12-22 08:21:43,079 [pool-242-thread-1] INFO  server.RaftServerConfigKeys (ConfUtils.java:logGet(44)) - raft.server.rpc.timeout.max = 5200ms (custom)
2021-12-22 08:21:43,080 [pool-242-thread-1] INFO  server.RaftServerConfigKeys (ConfUtils.java:logGet(44)) - raft.server.rpc.sleep.time = 25ms (default)
2021-12-22 08:21:43,080 [pool-242-thread-1] INFO  server.RaftServerConfigKeys (ConfUtils.java:logGet(44)) - raft.server.rpc.slowness.timeout = 300s (custom)
2021-12-22 08:21:43,080 [pool-242-thread-1] INFO  server.RaftServerConfigKeys (ConfUtils.java:logGet(44)) - raft.server.leaderelection.leader.step-down.wait-time = 10s (default)
2021-12-22 08:21:43,080 [pool-242-thread-1] INFO  server.RaftServerConfigKeys (ConfUtils.java:logGet(44)) - raft.server.sleep.deviation.threshold = 300ms (default)
2021-12-22 08:21:43,080 [pool-242-thread-1] INFO  server.RaftServerConfigKeys (ConfUtils.java:logGet(44)) - raft.server.log.appender.install.snapshot.enabled = false (custom)
2021-12-22 08:21:43,080 [pool-242-thread-1] INFO  server.RaftServer$Division (ServerState.java:<init>(105)) - 6c76c5fa-aeae-467e-849a-767744d030cf@group-82C5F9BDF5A8: ConfigurationManager, init=-1: [6c76c5fa-aeae-467e-849a-767744d030cf|rpc:10.1.0.28:45481|dataStream:|priority:0, 4805a73f-a3e0-41b8-8a05-ab746a3b3dd2|rpc:10.1.0.28:44169|dataStream:|priority:0, c19439a8-65a6-496b-9498-43e5174085b7|rpc:10.1.0.28:34909|dataStream:|priority:1], old=null, confs=<EMPTY_MAP>
2021-12-22 08:21:43,080 [pool-242-thread-1] INFO  server.RaftServerConfigKeys (ConfUtils.java:logGet(44)) - raft.server.storage.dir = [/home/runner/work/ozone/ozone/hadoop-ozone/integration-test/target/test-dir/MiniOzoneClusterImpl-00f4b0a5-0ce4-4f12-84b0-ee0e83cef9cd/datanode-2/data/ratis] (custom)
2021-12-22 08:21:43,080 [pool-221-thread-1] INFO  storage.RaftStorage (RaftStorageImpl.java:format(89)) - Storage directory /home/runner/work/ozone/ozone/hadoop-ozone/integration-test/target/test-dir/MiniOzoneClusterImpl-00f4b0a5-0ce4-4f12-84b0-ee0e83cef9cd/datanode-1/data/ratis/267fe9c5-9105-4abd-b015-5b3df338abd9 has been successfully formatted.
2021-12-22 08:21:43,080 [pool-242-thread-1] INFO  server.RaftServerConfigKeys (ConfUtils.java:logGet(44)) - raft.server.log.corruption.policy = EXCEPTION (default)
2021-12-22 08:21:43,080 [pool-242-thread-1] INFO  server.RaftServerConfigKeys (ConfUtils.java:logGet(44)) - raft.server.storage.free-space.min = 0MB (=0) (default)
2021-12-22 08:21:43,080 [pool-242-thread-1] INFO  storage.RaftStorageDirectory (RaftStorageDirectoryImpl.java:analyzeStorage(135)) - The storage directory /home/runner/work/ozone/ozone/hadoop-ozone/integration-test/target/test-dir/MiniOzoneClusterImpl-00f4b0a5-0ce4-4f12-84b0-ee0e83cef9cd/datanode-2/data/ratis/d7bda2f7-b74f-4320-970b-82c5f9bdf5a8 does not exist. Creating ...
2021-12-22 08:21:43,081 [pool-221-thread-1] INFO  ratis.ContainerStateMachine (ContainerStateMachine.java:loadSnapshot(231)) - group-5B3DF338ABD9: The snapshot info is null. Setting the last applied indexto:(t:0, i:~)
2021-12-22 08:21:43,082 [EventQueue-PipelineReportForPipelineReportHandler] INFO  pipeline.PipelineManagerImpl (PipelineManagerImpl.java:openPipeline(291)) - Pipeline Pipeline[ Id: 267fe9c5-9105-4abd-b015-5b3df338abd9, Nodes: c19439a8-65a6-496b-9498-43e5174085b7{ip: 10.1.0.28, host: fv-az270-32.tacnzluakwdehk1hpragurqkma.bx.internal.cloudapp.net, ports: [REPLICATION=35887, RATIS=34909, RATIS_ADMIN=34909, RATIS_SERVER=34909, STANDALONE=32891], networkLocation: /default-rack, certSerialId: null, persistedOpState: IN_SERVICE, persistedOpStateExpiryEpochSec: 0}, ReplicationConfig: RATIS/ONE, State:ALLOCATED, leaderId:c19439a8-65a6-496b-9498-43e5174085b7, CreationTimestamp2021-12-22T08:21:40.080Z[Etc/UTC]] moved to OPEN state
2021-12-22 08:21:43,082 [EventQueue-OpenPipelineForHealthyPipelineSafeModeRule] INFO  safemode.SCMSafeModeManager (HealthyPipelineSafeModeRule.java:process(124)) - SCM in safe mode. Healthy pipelines reported count is 0, required healthy pipeline reported count is 1
2021-12-22 08:21:43,083 [pool-242-thread-1] INFO  storage.RaftStorageDirectory (RaftStorageDirectoryImpl.java:tryLock(230)) - Lock on /home/runner/work/ozone/ozone/hadoop-ozone/integration-test/target/test-dir/MiniOzoneClusterImpl-00f4b0a5-0ce4-4f12-84b0-ee0e83cef9cd/datanode-2/data/ratis/d7bda2f7-b74f-4320-970b-82c5f9bdf5a8/in_use.lock acquired by nodename 16871@fv-az270-32
2021-12-22 08:21:43,084 [pool-221-thread-1] INFO  server.RaftServerConfigKeys (ConfUtils.java:logGet(44)) - raft.server.notification.no-leader.timeout = 300s (custom)
2021-12-22 08:21:43,084 [pool-221-thread-1] INFO  server.RaftServerConfigKeys (ConfUtils.java:logGet(44)) - raft.server.log.use.memory = false (default)
2021-12-22 08:21:43,084 [pool-221-thread-1] INFO  server.RaftServerConfigKeys (ConfUtils.java:logGet(44)) - raft.server.log.purge.gap = 1000000 (custom)
2021-12-22 08:21:43,085 [pool-221-thread-1] INFO  server.RaftServerConfigKeys (ConfUtils.java:logGet(44)) - raft.server.log.appender.buffer.byte-limit = 33554432 (custom)
2021-12-22 08:21:43,085 [pool-221-thread-1] INFO  server.RaftServerConfigKeys (ConfUtils.java:logGet(44)) - raft.server.log.segment.size.max = 1048576 (custom)
2021-12-22 08:21:43,085 [pool-242-thread-1] INFO  storage.RaftStorage (RaftStorageImpl.java:format(89)) - Storage directory /home/runner/work/ozone/ozone/hadoop-ozone/integration-test/target/test-dir/MiniOzoneClusterImpl-00f4b0a5-0ce4-4f12-84b0-ee0e83cef9cd/datanode-2/data/ratis/d7bda2f7-b74f-4320-970b-82c5f9bdf5a8 has been successfully formatted.
2021-12-22 08:21:43,086 [pool-242-thread-1] INFO  ratis.ContainerStateMachine (ContainerStateMachine.java:loadSnapshot(231)) - group-82C5F9BDF5A8: The snapshot info is null. Setting the last applied indexto:(t:0, i:~)
2021-12-22 08:21:43,087 [pool-242-thread-1] INFO  server.RaftServerConfigKeys (ConfUtils.java:logGet(44)) - raft.server.notification.no-leader.timeout = 300s (custom)
2021-12-22 08:21:43,087 [pool-242-thread-1] INFO  server.RaftServerConfigKeys (ConfUtils.java:logGet(44)) - raft.server.log.use.memory = false (default)
2021-12-22 08:21:43,087 [pool-242-thread-1] INFO  server.RaftServerConfigKeys (ConfUtils.java:logGet(44)) - raft.server.log.purge.gap = 1000000 (custom)
2021-12-22 08:21:43,087 [pool-242-thread-1] INFO  server.RaftServerConfigKeys (ConfUtils.java:logGet(44)) - raft.server.log.appender.buffer.byte-limit = 33554432 (custom)
2021-12-22 08:21:43,087 [pool-242-thread-1] INFO  server.RaftServerConfigKeys (ConfUtils.java:logGet(44)) - raft.server.log.segment.size.max = 1048576 (custom)
2021-12-22 08:21:43,088 [pool-221-thread-1] INFO  server.RaftServerConfigKeys (ConfUtils.java:logGet(44)) - raft.server.log.segment.cache.num.max = 2 (custom)
2021-12-22 08:21:43,088 [pool-221-thread-1] INFO  server.RaftServerConfigKeys (ConfUtils.java:logGet(44)) - raft.server.log.segment.cache.size.max = 200MB (=209715200) (default)
2021-12-22 08:21:43,088 [pool-242-thread-1] INFO  server.RaftServerConfigKeys (ConfUtils.java:logGet(44)) - raft.server.log.segment.cache.num.max = 2 (custom)
2021-12-22 08:21:43,088 [pool-242-thread-1] INFO  server.RaftServerConfigKeys (ConfUtils.java:logGet(44)) - raft.server.log.segment.cache.size.max = 200MB (=209715200) (default)
2021-12-22 08:21:43,088 [pool-242-thread-1] INFO  segmented.SegmentedRaftLogWorker (SegmentedRaftLogWorker.java:<init>(182)) - new 6c76c5fa-aeae-467e-849a-767744d030cf@group-82C5F9BDF5A8-SegmentedRaftLogWorker for RaftStorageImpl:Storage Directory /home/runner/work/ozone/ozone/hadoop-ozone/integration-test/target/test-dir/MiniOzoneClusterImpl-00f4b0a5-0ce4-4f12-84b0-ee0e83cef9cd/datanode-2/data/ratis/d7bda2f7-b74f-4320-970b-82c5f9bdf5a8
2021-12-22 08:21:43,088 [pool-242-thread-1] INFO  server.RaftServerConfigKeys (ConfUtils.java:logGet(44)) - raft.server.log.queue.byte-limit = 2147483647 (custom)
2021-12-22 08:21:43,088 [pool-242-thread-1] INFO  server.RaftServerConfigKeys (ConfUtils.java:logGet(44)) - raft.server.log.queue.element-limit = 1024 (custom)
2021-12-22 08:21:43,088 [pool-242-thread-1] INFO  server.RaftServerConfigKeys (ConfUtils.java:logGet(44)) - raft.server.log.segment.size.max = 1048576 (custom)
2021-12-22 08:21:43,089 [pool-242-thread-1] INFO  server.RaftServerConfigKeys (ConfUtils.java:logGet(44)) - raft.server.log.preallocated.size = 16384 (custom)
2021-12-22 08:21:43,089 [pool-242-thread-1] INFO  server.RaftServerConfigKeys (ConfUtils.java:logGet(44)) - raft.server.log.force.sync.num = 128 (default)
2021-12-22 08:21:43,089 [pool-242-thread-1] INFO  server.RaftServerConfigKeys (ConfUtils.java:logGet(44)) - raft.server.log.statemachine.data.sync = true (default)
2021-12-22 08:21:43,089 [pool-242-thread-1] INFO  server.RaftServerConfigKeys (ConfUtils.java:logGet(44)) - raft.server.log.statemachine.data.sync.timeout = 10s (default)
2021-12-22 08:21:43,089 [pool-221-thread-1] INFO  segmented.SegmentedRaftLogWorker (SegmentedRaftLogWorker.java:<init>(182)) - new c19439a8-65a6-496b-9498-43e5174085b7@group-5B3DF338ABD9-SegmentedRaftLogWorker for RaftStorageImpl:Storage Directory /home/runner/work/ozone/ozone/hadoop-ozone/integration-test/target/test-dir/MiniOzoneClusterImpl-00f4b0a5-0ce4-4f12-84b0-ee0e83cef9cd/datanode-1/data/ratis/267fe9c5-9105-4abd-b015-5b3df338abd9
2021-12-22 08:21:43,089 [pool-221-thread-1] INFO  server.RaftServerConfigKeys (ConfUtils.java:logGet(44)) - raft.server.log.queue.byte-limit = 2147483647 (custom)
2021-12-22 08:21:43,089 [pool-221-thread-1] INFO  server.RaftServerConfigKeys (ConfUtils.java:logGet(44)) - raft.server.log.queue.element-limit = 1024 (custom)
2021-12-22 08:21:43,089 [pool-242-thread-1] INFO  server.RaftServerConfigKeys (ConfUtils.java:logGet(44)) - raft.server.log.statemachine.data.sync.timeout.retry = -1 (default)
2021-12-22 08:21:43,089 [pool-221-thread-1] INFO  server.RaftServerConfigKeys (ConfUtils.java:logGet(44)) - raft.server.log.segment.size.max = 1048576 (custom)
2021-12-22 08:21:43,089 [pool-221-thread-1] INFO  server.RaftServerConfigKeys (ConfUtils.java:logGet(44)) - raft.server.log.preallocated.size = 16384 (custom)
2021-12-22 08:21:43,090 [pool-221-thread-1] INFO  server.RaftServerConfigKeys (ConfUtils.java:logGet(44)) - raft.server.log.force.sync.num = 128 (default)
2021-12-22 08:21:43,090 [pool-221-thread-1] INFO  server.RaftServerConfigKeys (ConfUtils.java:logGet(44)) - raft.server.log.statemachine.data.sync = true (default)
2021-12-22 08:21:43,090 [pool-221-thread-1] INFO  server.RaftServerConfigKeys (ConfUtils.java:logGet(44)) - raft.server.log.statemachine.data.sync.timeout = 10s (default)
2021-12-22 08:21:43,090 [pool-221-thread-1] INFO  server.RaftServerConfigKeys (ConfUtils.java:logGet(44)) - raft.server.log.statemachine.data.sync.timeout.retry = -1 (default)
2021-12-22 08:21:43,091 [pool-221-thread-1] INFO  server.RaftServerConfigKeys (ConfUtils.java:logGet(44)) - raft.server.log.write.buffer.size = 1048576 (custom)
2021-12-22 08:21:43,092 [pool-242-thread-1] INFO  server.RaftServerConfigKeys (ConfUtils.java:logGet(44)) - raft.server.log.write.buffer.size = 1048576 (custom)
2021-12-22 08:21:43,092 [pool-242-thread-1] INFO  server.RaftServerConfigKeys (ConfUtils.java:logGet(44)) - raft.server.log.statemachine.data.caching.enabled = true (custom)
2021-12-22 08:21:43,094 [pool-242-thread-1] INFO  segmented.SegmentedRaftLogWorker (SegmentedRaftLogWorker.java:lambda$new$0(133)) - 6c76c5fa-aeae-467e-849a-767744d030cf@group-82C5F9BDF5A8-SegmentedRaftLogWorker: flushIndex: setUnconditionally 0 -> -1
2021-12-22 08:21:43,094 [pool-242-thread-1] INFO  segmented.SegmentedRaftLogWorker (SegmentedRaftLogWorker.java:lambda$new$0(133)) - 6c76c5fa-aeae-467e-849a-767744d030cf@group-82C5F9BDF5A8-SegmentedRaftLogWorker: safeCacheEvictIndex: setUnconditionally 0 -> -1
2021-12-22 08:21:43,095 [pool-221-thread-1] INFO  server.RaftServerConfigKeys (ConfUtils.java:logGet(44)) - raft.server.log.statemachine.data.caching.enabled = true (custom)
2021-12-22 08:21:43,095 [pool-221-thread-1] INFO  segmented.SegmentedRaftLogWorker (SegmentedRaftLogWorker.java:lambda$new$0(133)) - c19439a8-65a6-496b-9498-43e5174085b7@group-5B3DF338ABD9-SegmentedRaftLogWorker: flushIndex: setUnconditionally 0 -> -1
2021-12-22 08:21:43,095 [pool-221-thread-1] INFO  segmented.SegmentedRaftLogWorker (SegmentedRaftLogWorker.java:lambda$new$0(133)) - c19439a8-65a6-496b-9498-43e5174085b7@group-5B3DF338ABD9-SegmentedRaftLogWorker: safeCacheEvictIndex: setUnconditionally 0 -> -1
2021-12-22 08:21:43,098 [pool-242-thread-1] INFO  server.RaftServerConfigKeys (ConfUtils.java:logGet(44)) - raft.server.snapshot.auto.trigger.enabled = true (custom)
2021-12-22 08:21:43,098 [pool-242-thread-1] INFO  server.RaftServerConfigKeys (ConfUtils.java:logGet(44)) - raft.server.snapshot.auto.trigger.threshold = 10000 (custom)
2021-12-22 08:21:43,098 [pool-242-thread-1] INFO  server.RaftServerConfigKeys (ConfUtils.java:logGet(44)) - raft.server.snapshot.retention.file.num = 5 (custom)
2021-12-22 08:21:43,098 [pool-242-thread-1] INFO  server.RaftServerConfigKeys (ConfUtils.java:logGet(44)) - raft.server.log.purge.upto.snapshot.index = false (default)
2021-12-22 08:21:43,098 [pool-242-thread-1] INFO  server.RaftServerConfigKeys (ConfUtils.java:logGet(44)) - raft.server.retrycache.expirytime = 600000ms (custom)
2021-12-22 08:21:43,098 [pool-242-thread-1] INFO  server.RaftServerConfigKeys (ConfUtils.java:logGet(44)) - raft.server.retrycache.statistics.expirytime = 100μs (default)
2021-12-22 08:21:43,099 [pool-242-thread-1] INFO  server.RaftServer$Division (RaftServerImpl.java:start(301)) - 6c76c5fa-aeae-467e-849a-767744d030cf@group-82C5F9BDF5A8: start as a follower, conf=-1: [6c76c5fa-aeae-467e-849a-767744d030cf|rpc:10.1.0.28:45481|dataStream:|priority:0, 4805a73f-a3e0-41b8-8a05-ab746a3b3dd2|rpc:10.1.0.28:44169|dataStream:|priority:0, c19439a8-65a6-496b-9498-43e5174085b7|rpc:10.1.0.28:34909|dataStream:|priority:1], old=null
2021-12-22 08:21:43,099 [pool-242-thread-1] INFO  server.RaftServer$Division (RaftServerImpl.java:setRole(290)) - 6c76c5fa-aeae-467e-849a-767744d030cf@group-82C5F9BDF5A8: changes role from      null to FOLLOWER at term 0 for startAsFollower
2021-12-22 08:21:43,099 [pool-242-thread-1] INFO  impl.RoleInfo (RoleInfo.java:updateAndGet(130)) - 6c76c5fa-aeae-467e-849a-767744d030cf: start 6c76c5fa-aeae-467e-849a-767744d030cf@group-82C5F9BDF5A8-FollowerState
2021-12-22 08:21:43,106 [pool-242-thread-1] INFO  util.JmxRegister (JmxRegister.java:tryRegister(44)) - Successfully registered JMX Bean with object name Ratis:service=RaftServer,group=group-82C5F9BDF5A8,id=6c76c5fa-aeae-467e-849a-767744d030cf
2021-12-22 08:21:43,122 [pool-221-thread-1] INFO  server.RaftServerConfigKeys (ConfUtils.java:logGet(44)) - raft.server.snapshot.auto.trigger.enabled = true (custom)
2021-12-22 08:21:43,122 [pool-221-thread-1] INFO  server.RaftServerConfigKeys (ConfUtils.java:logGet(44)) - raft.server.snapshot.auto.trigger.threshold = 10000 (custom)
2021-12-22 08:21:43,122 [pool-221-thread-1] INFO  server.RaftServerConfigKeys (ConfUtils.java:logGet(44)) - raft.server.snapshot.retention.file.num = 5 (custom)
2021-12-22 08:21:43,122 [pool-221-thread-1] INFO  server.RaftServerConfigKeys (ConfUtils.java:logGet(44)) - raft.server.log.purge.upto.snapshot.index = false (default)
2021-12-22 08:21:43,122 [pool-221-thread-1] INFO  server.RaftServerConfigKeys (ConfUtils.java:logGet(44)) - raft.server.retrycache.expirytime = 600000ms (custom)
2021-12-22 08:21:43,122 [pool-221-thread-1] INFO  server.RaftServerConfigKeys (ConfUtils.java:logGet(44)) - raft.server.retrycache.statistics.expirytime = 100μs (default)
2021-12-22 08:21:43,123 [pool-221-thread-1] INFO  server.RaftServer$Division (RaftServerImpl.java:start(301)) - c19439a8-65a6-496b-9498-43e5174085b7@group-5B3DF338ABD9: start as a follower, conf=-1: [c19439a8-65a6-496b-9498-43e5174085b7|rpc:10.1.0.28:34909|priority:1], old=null
2021-12-22 08:21:43,123 [pool-221-thread-1] INFO  server.RaftServer$Division (RaftServerImpl.java:setRole(290)) - c19439a8-65a6-496b-9498-43e5174085b7@group-5B3DF338ABD9: changes role from      null to FOLLOWER at term 0 for startAsFollower
2021-12-22 08:21:43,123 [pool-221-thread-1] INFO  impl.RoleInfo (RoleInfo.java:updateAndGet(130)) - c19439a8-65a6-496b-9498-43e5174085b7: start c19439a8-65a6-496b-9498-43e5174085b7@group-5B3DF338ABD9-FollowerState
2021-12-22 08:21:43,125 [pool-221-thread-1] INFO  util.JmxRegister (JmxRegister.java:tryRegister(44)) - Successfully registered JMX Bean with object name Ratis:service=RaftServer,group=group-5B3DF338ABD9,id=c19439a8-65a6-496b-9498-43e5174085b7
2021-12-22 08:21:43,126 [Command processor thread] INFO  ratis.XceiverServerRatis (XceiverServerRatis.java:addGroup(768)) - Created group PipelineID=267fe9c5-9105-4abd-b015-5b3df338abd9
2021-12-22 08:21:43,133 [Command processor thread] INFO  commandhandler.CreatePipelineCommandHandler (CreatePipelineCommandHandler.java:handle(106)) - Created Pipeline RATIS ONE PipelineID=267fe9c5-9105-4abd-b015-5b3df338abd9.
2021-12-22 08:21:43,133 [Command processor thread] INFO  commandhandler.CreatePipelineCommandHandler (CreatePipelineCommandHandler.java:handle(106)) - Created Pipeline RATIS THREE PipelineID=d7bda2f7-b74f-4320-970b-82c5f9bdf5a8.
2021-12-22 08:21:43,527 [Listener at 127.0.0.1/41819] INFO  ozone.MiniOzoneClusterImpl (MiniOzoneClusterImpl.java:lambda$waitForClusterToBeReady$0(235)) - Nodes are ready. Got 3 of 3 DN Heartbeats.
2021-12-22 08:21:43,527 [Listener at 127.0.0.1/41819] INFO  ozone.MiniOzoneClusterImpl (MiniOzoneClusterImpl.java:lambda$waitForClusterToBeReady$0(238)) - Waiting for cluster to exit safe mode
2021-12-22 08:21:43,527 [Listener at 127.0.0.1/41819] INFO  ozone.MiniOzoneClusterImpl (MiniOzoneClusterImpl.java:lambda$waitForClusterToBeReady$0(240)) - SCM became leader
2021-12-22 08:21:43,578 [Command processor thread] INFO  server.RaftServer (RaftServerProxy.java:addNew(95)) - 6c76c5fa-aeae-467e-849a-767744d030cf: addNew group-4BE87D7EBF9A:[6c76c5fa-aeae-467e-849a-767744d030cf|rpc:10.1.0.28:45481|priority:1] returns group-4BE87D7EBF9A:java.util.concurrent.CompletableFuture@6be0d755[Not completed]
2021-12-22 08:21:43,579 [pool-242-thread-1] INFO  server.RaftServer$Division (RaftServerImpl.java:<init>(184)) - 6c76c5fa-aeae-467e-849a-767744d030cf: new RaftServerImpl for group-4BE87D7EBF9A:[6c76c5fa-aeae-467e-849a-767744d030cf|rpc:10.1.0.28:45481|priority:1] with ContainerStateMachine:uninitialized
2021-12-22 08:21:43,579 [pool-242-thread-1] INFO  server.RaftServerConfigKeys (ConfUtils.java:logGet(44)) - raft.server.rpc.timeout.min = 5s (custom)
2021-12-22 08:21:43,579 [pool-242-thread-1] INFO  server.RaftServerConfigKeys (ConfUtils.java:logGet(44)) - raft.server.rpc.timeout.max = 5200ms (custom)
2021-12-22 08:21:43,579 [pool-242-thread-1] INFO  server.RaftServerConfigKeys (ConfUtils.java:logGet(44)) - raft.server.rpc.sleep.time = 25ms (default)
2021-12-22 08:21:43,579 [pool-242-thread-1] INFO  server.RaftServerConfigKeys (ConfUtils.java:logGet(44)) - raft.server.rpc.slowness.timeout = 300s (custom)
2021-12-22 08:21:43,579 [pool-242-thread-1] INFO  server.RaftServerConfigKeys (ConfUtils.java:logGet(44)) - raft.server.leaderelection.leader.step-down.wait-time = 10s (default)
2021-12-22 08:21:43,579 [pool-242-thread-1] INFO  server.RaftServerConfigKeys (ConfUtils.java:logGet(44)) - raft.server.sleep.deviation.threshold = 300ms (default)
2021-12-22 08:21:43,579 [pool-242-thread-1] INFO  server.RaftServerConfigKeys (ConfUtils.java:logGet(44)) - raft.server.log.appender.install.snapshot.enabled = false (custom)
2021-12-22 08:21:43,579 [pool-242-thread-1] INFO  server.RaftServer$Division (ServerState.java:<init>(105)) - 6c76c5fa-aeae-467e-849a-767744d030cf@group-4BE87D7EBF9A: ConfigurationManager, init=-1: [6c76c5fa-aeae-467e-849a-767744d030cf|rpc:10.1.0.28:45481|priority:1], old=null, confs=<EMPTY_MAP>
2021-12-22 08:21:43,579 [pool-242-thread-1] INFO  server.RaftServerConfigKeys (ConfUtils.java:logGet(44)) - raft.server.storage.dir = [/home/runner/work/ozone/ozone/hadoop-ozone/integration-test/target/test-dir/MiniOzoneClusterImpl-00f4b0a5-0ce4-4f12-84b0-ee0e83cef9cd/datanode-2/data/ratis] (custom)
2021-12-22 08:21:43,579 [pool-242-thread-1] INFO  server.RaftServerConfigKeys (ConfUtils.java:logGet(44)) - raft.server.log.corruption.policy = EXCEPTION (default)
2021-12-22 08:21:43,579 [pool-242-thread-1] INFO  server.RaftServerConfigKeys (ConfUtils.java:logGet(44)) - raft.server.storage.free-space.min = 0MB (=0) (default)
2021-12-22 08:21:43,580 [pool-242-thread-1] INFO  storage.RaftStorageDirectory (RaftStorageDirectoryImpl.java:analyzeStorage(135)) - The storage directory /home/runner/work/ozone/ozone/hadoop-ozone/integration-test/target/test-dir/MiniOzoneClusterImpl-00f4b0a5-0ce4-4f12-84b0-ee0e83cef9cd/datanode-2/data/ratis/3404b3d2-8c07-41d2-a32b-4be87d7ebf9a does not exist. Creating ...
2021-12-22 08:21:43,583 [pool-242-thread-1] INFO  storage.RaftStorageDirectory (RaftStorageDirectoryImpl.java:tryLock(230)) - Lock on /home/runner/work/ozone/ozone/hadoop-ozone/integration-test/target/test-dir/MiniOzoneClusterImpl-00f4b0a5-0ce4-4f12-84b0-ee0e83cef9cd/datanode-2/data/ratis/3404b3d2-8c07-41d2-a32b-4be87d7ebf9a/in_use.lock acquired by nodename 16871@fv-az270-32
2021-12-22 08:21:43,585 [pool-242-thread-1] INFO  storage.RaftStorage (RaftStorageImpl.java:format(89)) - Storage directory /home/runner/work/ozone/ozone/hadoop-ozone/integration-test/target/test-dir/MiniOzoneClusterImpl-00f4b0a5-0ce4-4f12-84b0-ee0e83cef9cd/datanode-2/data/ratis/3404b3d2-8c07-41d2-a32b-4be87d7ebf9a has been successfully formatted.
2021-12-22 08:21:43,585 [pool-242-thread-1] INFO  ratis.ContainerStateMachine (ContainerStateMachine.java:loadSnapshot(231)) - group-4BE87D7EBF9A: The snapshot info is null. Setting the last applied indexto:(t:0, i:~)
2021-12-22 08:21:43,585 [pool-242-thread-1] INFO  server.RaftServerConfigKeys (ConfUtils.java:logGet(44)) - raft.server.notification.no-leader.timeout = 300s (custom)
2021-12-22 08:21:43,585 [pool-242-thread-1] INFO  server.RaftServerConfigKeys (ConfUtils.java:logGet(44)) - raft.server.log.use.memory = false (default)
2021-12-22 08:21:43,585 [pool-242-thread-1] INFO  server.RaftServerConfigKeys (ConfUtils.java:logGet(44)) - raft.server.log.purge.gap = 1000000 (custom)
2021-12-22 08:21:43,586 [pool-242-thread-1] INFO  server.RaftServerConfigKeys (ConfUtils.java:logGet(44)) - raft.server.log.appender.buffer.byte-limit = 33554432 (custom)
2021-12-22 08:21:43,587 [EventQueue-PipelineReportForPipelineReportHandler] INFO  pipeline.PipelineManagerImpl (PipelineManagerImpl.java:openPipeline(291)) - Pipeline Pipeline[ Id: 3404b3d2-8c07-41d2-a32b-4be87d7ebf9a, Nodes: 6c76c5fa-aeae-467e-849a-767744d030cf{ip: 10.1.0.28, host: fv-az270-32.tacnzluakwdehk1hpragurqkma.bx.internal.cloudapp.net, ports: [REPLICATION=36009, RATIS=45481, RATIS_ADMIN=45481, RATIS_SERVER=45481, STANDALONE=36045], networkLocation: /default-rack, certSerialId: null, persistedOpState: IN_SERVICE, persistedOpStateExpiryEpochSec: 0}, ReplicationConfig: RATIS/ONE, State:ALLOCATED, leaderId:6c76c5fa-aeae-467e-849a-767744d030cf, CreationTimestamp2021-12-22T08:21:40.577Z[Etc/UTC]] moved to OPEN state
2021-12-22 08:21:43,587 [EventQueue-OpenPipelineForHealthyPipelineSafeModeRule] INFO  safemode.SCMSafeModeManager (HealthyPipelineSafeModeRule.java:process(124)) - SCM in safe mode. Healthy pipelines reported count is 0, required healthy pipeline reported count is 1
2021-12-22 08:21:43,590 [pool-242-thread-1] INFO  server.RaftServerConfigKeys (ConfUtils.java:logGet(44)) - raft.server.log.segment.size.max = 1048576 (custom)
2021-12-22 08:21:43,591 [pool-242-thread-1] INFO  server.RaftServerConfigKeys (ConfUtils.java:logGet(44)) - raft.server.log.segment.cache.num.max = 2 (custom)
2021-12-22 08:21:43,591 [pool-242-thread-1] INFO  server.RaftServerConfigKeys (ConfUtils.java:logGet(44)) - raft.server.log.segment.cache.size.max = 200MB (=209715200) (default)
2021-12-22 08:21:43,591 [pool-242-thread-1] INFO  segmented.SegmentedRaftLogWorker (SegmentedRaftLogWorker.java:<init>(182)) - new 6c76c5fa-aeae-467e-849a-767744d030cf@group-4BE87D7EBF9A-SegmentedRaftLogWorker for RaftStorageImpl:Storage Directory /home/runner/work/ozone/ozone/hadoop-ozone/integration-test/target/test-dir/MiniOzoneClusterImpl-00f4b0a5-0ce4-4f12-84b0-ee0e83cef9cd/datanode-2/data/ratis/3404b3d2-8c07-41d2-a32b-4be87d7ebf9a
2021-12-22 08:21:43,591 [pool-242-thread-1] INFO  server.RaftServerConfigKeys (ConfUtils.java:logGet(44)) - raft.server.log.queue.byte-limit = 2147483647 (custom)
2021-12-22 08:21:43,591 [pool-242-thread-1] INFO  server.RaftServerConfigKeys (ConfUtils.java:logGet(44)) - raft.server.log.queue.element-limit = 1024 (custom)
2021-12-22 08:21:43,591 [pool-242-thread-1] INFO  server.RaftServerConfigKeys (ConfUtils.java:logGet(44)) - raft.server.log.segment.size.max = 1048576 (custom)
2021-12-22 08:21:43,591 [pool-242-thread-1] INFO  server.RaftServerConfigKeys (ConfUtils.java:logGet(44)) - raft.server.log.preallocated.size = 16384 (custom)
2021-12-22 08:21:43,592 [pool-242-thread-1] INFO  server.RaftServerConfigKeys (ConfUtils.java:logGet(44)) - raft.server.log.force.sync.num = 128 (default)
2021-12-22 08:21:43,592 [pool-242-thread-1] INFO  server.RaftServerConfigKeys (ConfUtils.java:logGet(44)) - raft.server.log.statemachine.data.sync = true (default)
2021-12-22 08:21:43,592 [pool-242-thread-1] INFO  server.RaftServerConfigKeys (ConfUtils.java:logGet(44)) - raft.server.log.statemachine.data.sync.timeout = 10s (default)
2021-12-22 08:21:43,592 [pool-242-thread-1] INFO  server.RaftServerConfigKeys (ConfUtils.java:logGet(44)) - raft.server.log.statemachine.data.sync.timeout.retry = -1 (default)
2021-12-22 08:21:43,592 [pool-242-thread-1] INFO  server.RaftServerConfigKeys (ConfUtils.java:logGet(44)) - raft.server.log.write.buffer.size = 1048576 (custom)
2021-12-22 08:21:43,593 [pool-242-thread-1] INFO  server.RaftServerConfigKeys (ConfUtils.java:logGet(44)) - raft.server.log.statemachine.data.caching.enabled = true (custom)
2021-12-22 08:21:43,593 [pool-242-thread-1] INFO  segmented.SegmentedRaftLogWorker (SegmentedRaftLogWorker.java:lambda$new$0(133)) - 6c76c5fa-aeae-467e-849a-767744d030cf@group-4BE87D7EBF9A-SegmentedRaftLogWorker: flushIndex: setUnconditionally 0 -> -1
2021-12-22 08:21:43,593 [pool-242-thread-1] INFO  segmented.SegmentedRaftLogWorker (SegmentedRaftLogWorker.java:lambda$new$0(133)) - 6c76c5fa-aeae-467e-849a-767744d030cf@group-4BE87D7EBF9A-SegmentedRaftLogWorker: safeCacheEvictIndex: setUnconditionally 0 -> -1
2021-12-22 08:21:43,603 [pool-242-thread-1] INFO  server.RaftServerConfigKeys (ConfUtils.java:logGet(44)) - raft.server.snapshot.auto.trigger.enabled = true (custom)
2021-12-22 08:21:43,603 [pool-242-thread-1] INFO  server.RaftServerConfigKeys (ConfUtils.java:logGet(44)) - raft.server.snapshot.auto.trigger.threshold = 10000 (custom)
2021-12-22 08:21:43,603 [pool-242-thread-1] INFO  server.RaftServerConfigKeys (ConfUtils.java:logGet(44)) - raft.server.snapshot.retention.file.num = 5 (custom)
2021-12-22 08:21:43,603 [pool-242-thread-1] INFO  server.RaftServerConfigKeys (ConfUtils.java:logGet(44)) - raft.server.log.purge.upto.snapshot.index = false (default)
2021-12-22 08:21:43,603 [pool-242-thread-1] INFO  server.RaftServerConfigKeys (ConfUtils.java:logGet(44)) - raft.server.retrycache.expirytime = 600000ms (custom)
2021-12-22 08:21:43,603 [pool-242-thread-1] INFO  server.RaftServerConfigKeys (ConfUtils.java:logGet(44)) - raft.server.retrycache.statistics.expirytime = 100μs (default)
2021-12-22 08:21:43,605 [pool-242-thread-1] INFO  server.RaftServer$Division (RaftServerImpl.java:start(301)) - 6c76c5fa-aeae-467e-849a-767744d030cf@group-4BE87D7EBF9A: start as a follower, conf=-1: [6c76c5fa-aeae-467e-849a-767744d030cf|rpc:10.1.0.28:45481|priority:1], old=null
2021-12-22 08:21:43,606 [pool-242-thread-1] INFO  server.RaftServer$Division (RaftServerImpl.java:setRole(290)) - 6c76c5fa-aeae-467e-849a-767744d030cf@group-4BE87D7EBF9A: changes role from      null to FOLLOWER at term 0 for startAsFollower
2021-12-22 08:21:43,606 [pool-242-thread-1] INFO  impl.RoleInfo (RoleInfo.java:updateAndGet(130)) - 6c76c5fa-aeae-467e-849a-767744d030cf: start 6c76c5fa-aeae-467e-849a-767744d030cf@group-4BE87D7EBF9A-FollowerState
2021-12-22 08:21:43,620 [pool-242-thread-1] INFO  util.JmxRegister (JmxRegister.java:tryRegister(44)) - Successfully registered JMX Bean with object name Ratis:service=RaftServer,group=group-4BE87D7EBF9A,id=6c76c5fa-aeae-467e-849a-767744d030cf
2021-12-22 08:21:43,620 [Command processor thread] INFO  ratis.XceiverServerRatis (XceiverServerRatis.java:addGroup(768)) - Created group PipelineID=3404b3d2-8c07-41d2-a32b-4be87d7ebf9a
2021-12-22 08:21:43,620 [Command processor thread] INFO  commandhandler.CreatePipelineCommandHandler (CreatePipelineCommandHandler.java:handle(106)) - Created Pipeline RATIS ONE PipelineID=3404b3d2-8c07-41d2-a32b-4be87d7ebf9a.
2021-12-22 08:21:44,533 [Listener at 127.0.0.1/41819] INFO  ozone.MiniOzoneClusterImpl (MiniOzoneClusterImpl.java:lambda$waitForClusterToBeReady$0(235)) - Nodes are ready. Got 3 of 3 DN Heartbeats.
2021-12-22 08:21:44,533 [Listener at 127.0.0.1/41819] INFO  ozone.MiniOzoneClusterImpl (MiniOzoneClusterImpl.java:lambda$waitForClusterToBeReady$0(238)) - Waiting for cluster to exit safe mode
2021-12-22 08:21:44,533 [Listener at 127.0.0.1/41819] INFO  ozone.MiniOzoneClusterImpl (MiniOzoneClusterImpl.java:lambda$waitForClusterToBeReady$0(240)) - SCM became leader
2021-12-22 08:21:45,533 [Listener at 127.0.0.1/41819] INFO  ozone.MiniOzoneClusterImpl (MiniOzoneClusterImpl.java:lambda$waitForClusterToBeReady$0(235)) - Nodes are ready. Got 3 of 3 DN Heartbeats.
2021-12-22 08:21:45,534 [Listener at 127.0.0.1/41819] INFO  ozone.MiniOzoneClusterImpl (MiniOzoneClusterImpl.java:lambda$waitForClusterToBeReady$0(238)) - Waiting for cluster to exit safe mode
2021-12-22 08:21:45,534 [Listener at 127.0.0.1/41819] INFO  ozone.MiniOzoneClusterImpl (MiniOzoneClusterImpl.java:lambda$waitForClusterToBeReady$0(240)) - SCM became leader
2021-12-22 08:21:46,534 [Listener at 127.0.0.1/41819] INFO  ozone.MiniOzoneClusterImpl (MiniOzoneClusterImpl.java:lambda$waitForClusterToBeReady$0(235)) - Nodes are ready. Got 3 of 3 DN Heartbeats.
2021-12-22 08:21:46,534 [Listener at 127.0.0.1/41819] INFO  ozone.MiniOzoneClusterImpl (MiniOzoneClusterImpl.java:lambda$waitForClusterToBeReady$0(238)) - Waiting for cluster to exit safe mode
2021-12-22 08:21:46,534 [Listener at 127.0.0.1/41819] INFO  ozone.MiniOzoneClusterImpl (MiniOzoneClusterImpl.java:lambda$waitForClusterToBeReady$0(240)) - SCM became leader
2021-12-22 08:21:47,535 [Listener at 127.0.0.1/41819] INFO  ozone.MiniOzoneClusterImpl (MiniOzoneClusterImpl.java:lambda$waitForClusterToBeReady$0(235)) - Nodes are ready. Got 3 of 3 DN Heartbeats.
2021-12-22 08:21:47,535 [Listener at 127.0.0.1/41819] INFO  ozone.MiniOzoneClusterImpl (MiniOzoneClusterImpl.java:lambda$waitForClusterToBeReady$0(238)) - Waiting for cluster to exit safe mode
2021-12-22 08:21:47,535 [Listener at 127.0.0.1/41819] INFO  ozone.MiniOzoneClusterImpl (MiniOzoneClusterImpl.java:lambda$waitForClusterToBeReady$0(240)) - SCM became leader
2021-12-22 08:21:47,760 [4805a73f-a3e0-41b8-8a05-ab746a3b3dd2@group-F1F90A711E06-FollowerState] INFO  impl.FollowerState (FollowerState.java:run(134)) - 4805a73f-a3e0-41b8-8a05-ab746a3b3dd2@group-F1F90A711E06-FollowerState: change to CANDIDATE, lastRpcElapsedTime:5144517530ns, electionTimeout:5138ms
2021-12-22 08:21:47,761 [4805a73f-a3e0-41b8-8a05-ab746a3b3dd2@group-F1F90A711E06-FollowerState] INFO  impl.RoleInfo (RoleInfo.java:shutdownFollowerState(108)) - 4805a73f-a3e0-41b8-8a05-ab746a3b3dd2: shutdown 4805a73f-a3e0-41b8-8a05-ab746a3b3dd2@group-F1F90A711E06-FollowerState
2021-12-22 08:21:47,761 [4805a73f-a3e0-41b8-8a05-ab746a3b3dd2@group-F1F90A711E06-FollowerState] INFO  server.RaftServer$Division (RaftServerImpl.java:setRole(290)) - 4805a73f-a3e0-41b8-8a05-ab746a3b3dd2@group-F1F90A711E06: changes role from  FOLLOWER to CANDIDATE at term 0 for changeToCandidate
2021-12-22 08:21:47,762 [4805a73f-a3e0-41b8-8a05-ab746a3b3dd2@group-F1F90A711E06-FollowerState] INFO  server.RaftServerConfigKeys (ConfUtils.java:logGet(44)) - raft.server.leaderelection.pre-vote = false (custom)
2021-12-22 08:21:47,762 [4805a73f-a3e0-41b8-8a05-ab746a3b3dd2@group-F1F90A711E06-FollowerState] INFO  impl.RoleInfo (RoleInfo.java:updateAndGet(130)) - 4805a73f-a3e0-41b8-8a05-ab746a3b3dd2: start 4805a73f-a3e0-41b8-8a05-ab746a3b3dd2@group-F1F90A711E06-LeaderElection15
2021-12-22 08:21:47,776 [4805a73f-a3e0-41b8-8a05-ab746a3b3dd2@group-F1F90A711E06-LeaderElection15] INFO  impl.LeaderElection (LeaderElection.java:askForVotes(306)) - 4805a73f-a3e0-41b8-8a05-ab746a3b3dd2@group-F1F90A711E06-LeaderElection15 ELECTION round 0: submit vote requests at term 1 for -1: [4805a73f-a3e0-41b8-8a05-ab746a3b3dd2|rpc:10.1.0.28:44169|priority:1], old=null
2021-12-22 08:21:47,776 [4805a73f-a3e0-41b8-8a05-ab746a3b3dd2@group-F1F90A711E06-LeaderElection15] INFO  impl.LeaderElection (LeaderElection.java:askForVotes(308)) - 4805a73f-a3e0-41b8-8a05-ab746a3b3dd2@group-F1F90A711E06-LeaderElection15 ELECTION round 0: result PASSED (term=1)
2021-12-22 08:21:47,776 [4805a73f-a3e0-41b8-8a05-ab746a3b3dd2@group-F1F90A711E06-LeaderElection15] INFO  impl.RoleInfo (RoleInfo.java:shutdownLeaderElection(121)) - 4805a73f-a3e0-41b8-8a05-ab746a3b3dd2: shutdown 4805a73f-a3e0-41b8-8a05-ab746a3b3dd2@group-F1F90A711E06-LeaderElection15
2021-12-22 08:21:47,776 [4805a73f-a3e0-41b8-8a05-ab746a3b3dd2@group-F1F90A711E06-LeaderElection15] INFO  server.RaftServer$Division (RaftServerImpl.java:setRole(290)) - 4805a73f-a3e0-41b8-8a05-ab746a3b3dd2@group-F1F90A711E06: changes role from CANDIDATE to LEADER at term 1 for changeToLeader
2021-12-22 08:21:47,776 [4805a73f-a3e0-41b8-8a05-ab746a3b3dd2@group-F1F90A711E06-LeaderElection15] INFO  ratis.XceiverServerRatis (XceiverServerRatis.java:handleLeaderChangedNotification(866)) - Leader change notification received for group: group-F1F90A711E06 with new leaderId: 4805a73f-a3e0-41b8-8a05-ab746a3b3dd2
2021-12-22 08:21:47,777 [4805a73f-a3e0-41b8-8a05-ab746a3b3dd2@group-F1F90A711E06-LeaderElection15] INFO  server.RaftServer$Division (ServerState.java:setLeader(285)) - 4805a73f-a3e0-41b8-8a05-ab746a3b3dd2@group-F1F90A711E06: change Leader from null to 4805a73f-a3e0-41b8-8a05-ab746a3b3dd2 at term 1 for becomeLeader, leader elected after 5174ms
2021-12-22 08:21:47,777 [4805a73f-a3e0-41b8-8a05-ab746a3b3dd2@group-F1F90A711E06-LeaderElection15] INFO  server.RaftServerConfigKeys (ConfUtils.java:logGet(44)) - raft.server.staging.catchup.gap = 1000 (default)
2021-12-22 08:21:47,778 [4805a73f-a3e0-41b8-8a05-ab746a3b3dd2@group-F1F90A711E06-LeaderElection15] INFO  server.RaftServerConfigKeys (ConfUtils.java:logGet(44)) - raft.server.write.element-limit = 1024 (custom)
2021-12-22 08:21:47,778 [EventQueue-OpenPipelineForHealthyPipelineSafeModeRule] INFO  safemode.SCMSafeModeManager (HealthyPipelineSafeModeRule.java:process(124)) - SCM in safe mode. Healthy pipelines reported count is 0, required healthy pipeline reported count is 1
2021-12-22 08:21:47,780 [4805a73f-a3e0-41b8-8a05-ab746a3b3dd2@group-F1F90A711E06-LeaderElection15] INFO  server.RaftServerConfigKeys (ConfUtils.java:logGet(44)) - raft.server.write.byte-limit = 1024 M (=1073741824) (custom)
2021-12-22 08:21:47,780 [4805a73f-a3e0-41b8-8a05-ab746a3b3dd2@group-F1F90A711E06-LeaderElection15] INFO  server.RaftServerConfigKeys (ConfUtils.java:logGet(44)) - raft.server.watch.timeout = 180s (custom)
2021-12-22 08:21:47,781 [4805a73f-a3e0-41b8-8a05-ab746a3b3dd2@group-F1F90A711E06-LeaderElection15] INFO  server.RaftServerConfigKeys (ConfUtils.java:logGet(44)) - raft.server.watch.timeout.denomination = 1s (default)
2021-12-22 08:21:47,781 [4805a73f-a3e0-41b8-8a05-ab746a3b3dd2@group-F1F90A711E06-LeaderElection15] INFO  server.RaftServerConfigKeys (ConfUtils.java:logGet(44)) - raft.server.watch.element-limit = 65536 (default)
2021-12-22 08:21:47,781 [4805a73f-a3e0-41b8-8a05-ab746a3b3dd2@group-F1F90A711E06-LeaderElection15] INFO  server.RaftServerConfigKeys (ConfUtils.java:logGet(44)) - raft.server.write.element-limit = 1024 (custom)
2021-12-22 08:21:47,781 [4805a73f-a3e0-41b8-8a05-ab746a3b3dd2@group-F1F90A711E06-LeaderElection15] INFO  server.RaftServerConfigKeys (ConfUtils.java:logGet(44)) - raft.server.write.follower.gap.ratio.max = -1.0 (default)
2021-12-22 08:21:47,781 [4805a73f-a3e0-41b8-8a05-ab746a3b3dd2@group-F1F90A711E06-LeaderElection15] INFO  impl.RoleInfo (RoleInfo.java:updateAndGet(130)) - 4805a73f-a3e0-41b8-8a05-ab746a3b3dd2: start 4805a73f-a3e0-41b8-8a05-ab746a3b3dd2@group-F1F90A711E06-LeaderStateImpl
2021-12-22 08:21:47,781 [4805a73f-a3e0-41b8-8a05-ab746a3b3dd2@group-F1F90A711E06-LeaderElection15] INFO  segmented.SegmentedRaftLogWorker (SegmentedRaftLogWorker.java:startLogSegment(394)) - 4805a73f-a3e0-41b8-8a05-ab746a3b3dd2@group-F1F90A711E06-SegmentedRaftLogWorker: Starting segment from index:0
2021-12-22 08:21:47,783 [4805a73f-a3e0-41b8-8a05-ab746a3b3dd2@group-F1F90A711E06-SegmentedRaftLogWorker] INFO  segmented.SegmentedRaftLogWorker (SegmentedRaftLogWorker.java:execute(601)) - 4805a73f-a3e0-41b8-8a05-ab746a3b3dd2@group-F1F90A711E06-SegmentedRaftLogWorker: created new log segment /home/runner/work/ozone/ozone/hadoop-ozone/integration-test/target/test-dir/MiniOzoneClusterImpl-00f4b0a5-0ce4-4f12-84b0-ee0e83cef9cd/datanode-0/data/ratis/2e03cc8d-22ec-4e3f-9508-f1f90a711e06/current/log_inprogress_0
2021-12-22 08:21:47,787 [4805a73f-a3e0-41b8-8a05-ab746a3b3dd2@group-F1F90A711E06-LeaderElection15] INFO  server.RaftServer$Division (ServerState.java:setRaftConf(387)) - 4805a73f-a3e0-41b8-8a05-ab746a3b3dd2@group-F1F90A711E06: set configuration 0: [4805a73f-a3e0-41b8-8a05-ab746a3b3dd2|rpc:10.1.0.28:44169|dataStream:|priority:1], old=null
2021-12-22 08:21:47,868 [4805a73f-a3e0-41b8-8a05-ab746a3b3dd2@group-80A891DC6026-FollowerState] INFO  impl.FollowerState (FollowerState.java:run(134)) - 4805a73f-a3e0-41b8-8a05-ab746a3b3dd2@group-80A891DC6026-FollowerState: change to CANDIDATE, lastRpcElapsedTime:5198642086ns, electionTimeout:5194ms
2021-12-22 08:21:47,869 [4805a73f-a3e0-41b8-8a05-ab746a3b3dd2@group-80A891DC6026-FollowerState] INFO  impl.RoleInfo (RoleInfo.java:shutdownFollowerState(108)) - 4805a73f-a3e0-41b8-8a05-ab746a3b3dd2: shutdown 4805a73f-a3e0-41b8-8a05-ab746a3b3dd2@group-80A891DC6026-FollowerState
2021-12-22 08:21:47,869 [4805a73f-a3e0-41b8-8a05-ab746a3b3dd2@group-80A891DC6026-FollowerState] INFO  server.RaftServer$Division (RaftServerImpl.java:setRole(290)) - 4805a73f-a3e0-41b8-8a05-ab746a3b3dd2@group-80A891DC6026: changes role from  FOLLOWER to CANDIDATE at term 0 for changeToCandidate
2021-12-22 08:21:47,869 [4805a73f-a3e0-41b8-8a05-ab746a3b3dd2@group-80A891DC6026-FollowerState] INFO  server.RaftServerConfigKeys (ConfUtils.java:logGet(44)) - raft.server.leaderelection.pre-vote = false (custom)
2021-12-22 08:21:47,869 [4805a73f-a3e0-41b8-8a05-ab746a3b3dd2@group-80A891DC6026-FollowerState] INFO  impl.RoleInfo (RoleInfo.java:updateAndGet(130)) - 4805a73f-a3e0-41b8-8a05-ab746a3b3dd2: start 4805a73f-a3e0-41b8-8a05-ab746a3b3dd2@group-80A891DC6026-LeaderElection16
2021-12-22 08:21:47,882 [4805a73f-a3e0-41b8-8a05-ab746a3b3dd2@group-80A891DC6026-LeaderElection16] INFO  impl.LeaderElection (LeaderElection.java:askForVotes(306)) - 4805a73f-a3e0-41b8-8a05-ab746a3b3dd2@group-80A891DC6026-LeaderElection16 ELECTION round 0: submit vote requests at term 1 for -1: [6c76c5fa-aeae-467e-849a-767744d030cf|rpc:10.1.0.28:45481|priority:0, 4805a73f-a3e0-41b8-8a05-ab746a3b3dd2|rpc:10.1.0.28:44169|priority:1, c19439a8-65a6-496b-9498-43e5174085b7|rpc:10.1.0.28:34909|priority:0], old=null
2021-12-22 08:21:47,907 [c19439a8-65a6-496b-9498-43e5174085b7@group-80A891DC6026-FollowerState] INFO  impl.FollowerState (FollowerState.java:run(134)) - c19439a8-65a6-496b-9498-43e5174085b7@group-80A891DC6026-FollowerState: change to CANDIDATE, lastRpcElapsedTime:5097300904ns, electionTimeout:5096ms
2021-12-22 08:21:47,907 [c19439a8-65a6-496b-9498-43e5174085b7@group-80A891DC6026-FollowerState] INFO  impl.RoleInfo (RoleInfo.java:shutdownFollowerState(108)) - c19439a8-65a6-496b-9498-43e5174085b7: shutdown c19439a8-65a6-496b-9498-43e5174085b7@group-80A891DC6026-FollowerState
2021-12-22 08:21:47,907 [c19439a8-65a6-496b-9498-43e5174085b7@group-80A891DC6026-FollowerState] INFO  server.RaftServer$Division (RaftServerImpl.java:setRole(290)) - c19439a8-65a6-496b-9498-43e5174085b7@group-80A891DC6026: changes role from  FOLLOWER to CANDIDATE at term 0 for changeToCandidate
2021-12-22 08:21:47,907 [c19439a8-65a6-496b-9498-43e5174085b7@group-80A891DC6026-FollowerState] INFO  server.RaftServerConfigKeys (ConfUtils.java:logGet(44)) - raft.server.leaderelection.pre-vote = false (custom)
2021-12-22 08:21:47,907 [c19439a8-65a6-496b-9498-43e5174085b7@group-80A891DC6026-FollowerState] INFO  impl.RoleInfo (RoleInfo.java:updateAndGet(130)) - c19439a8-65a6-496b-9498-43e5174085b7: start c19439a8-65a6-496b-9498-43e5174085b7@group-80A891DC6026-LeaderElection17
2021-12-22 08:21:47,912 [grpc-default-executor-0] INFO  server.RaftServer$Division (RaftServerImpl.java:requestVote(1046)) - 6c76c5fa-aeae-467e-849a-767744d030cf@group-80A891DC6026: receive requestVote(ELECTION, 4805a73f-a3e0-41b8-8a05-ab746a3b3dd2, group-80A891DC6026, 1, (t:0, i:0))
2021-12-22 08:21:47,912 [grpc-default-executor-0] INFO  impl.VoteContext (VoteContext.java:log(48)) - 6c76c5fa-aeae-467e-849a-767744d030cf@group-80A891DC6026-FOLLOWER: accept ELECTION from 4805a73f-a3e0-41b8-8a05-ab746a3b3dd2: our priority 0 <= candidate's priority 1
2021-12-22 08:21:47,912 [grpc-default-executor-0] INFO  server.RaftServer$Division (RaftServerImpl.java:setRole(290)) - 6c76c5fa-aeae-467e-849a-767744d030cf@group-80A891DC6026: changes role from  FOLLOWER to FOLLOWER at term 1 for candidate:4805a73f-a3e0-41b8-8a05-ab746a3b3dd2
2021-12-22 08:21:47,912 [grpc-default-executor-0] INFO  impl.RoleInfo (RoleInfo.java:shutdownFollowerState(108)) - 6c76c5fa-aeae-467e-849a-767744d030cf: shutdown 6c76c5fa-aeae-467e-849a-767744d030cf@group-80A891DC6026-FollowerState
2021-12-22 08:21:47,912 [grpc-default-executor-0] INFO  impl.RoleInfo (RoleInfo.java:updateAndGet(130)) - 6c76c5fa-aeae-467e-849a-767744d030cf: start 6c76c5fa-aeae-467e-849a-767744d030cf@group-80A891DC6026-FollowerState
2021-12-22 08:21:47,912 [6c76c5fa-aeae-467e-849a-767744d030cf@group-80A891DC6026-FollowerState] INFO  impl.FollowerState (FollowerState.java:run(143)) - 6c76c5fa-aeae-467e-849a-767744d030cf@group-80A891DC6026-FollowerState was interrupted: {}
java.lang.InterruptedException: sleep interrupted
	at java.lang.Thread.sleep(Native Method)
	at java.lang.Thread.sleep(Thread.java:340)
	at java.util.concurrent.TimeUnit.sleep(TimeUnit.java:386)
	at org.apache.ratis.util.TimeDuration.sleep(TimeDuration.java:324)
	at org.apache.ratis.util.TimeDuration.sleep(TimeDuration.java:309)
	at org.apache.ratis.server.impl.FollowerState.run(FollowerState.java:118)
2021-12-22 08:21:47,921 [grpc-default-executor-0] INFO  server.RaftServer$Division (RaftServerImpl.java:requestVote(1078)) - 6c76c5fa-aeae-467e-849a-767744d030cf@group-80A891DC6026 replies to ELECTION vote request: 4805a73f-a3e0-41b8-8a05-ab746a3b3dd2<-6c76c5fa-aeae-467e-849a-767744d030cf#0:OK-t1. Peer's state: 6c76c5fa-aeae-467e-849a-767744d030cf@group-80A891DC6026:t1, leader=null, voted=4805a73f-a3e0-41b8-8a05-ab746a3b3dd2, raftlog=6c76c5fa-aeae-467e-849a-767744d030cf@group-80A891DC6026-SegmentedRaftLog:OPENED:c-1, conf=-1: [6c76c5fa-aeae-467e-849a-767744d030cf|rpc:10.1.0.28:45481|dataStream:|priority:0, 4805a73f-a3e0-41b8-8a05-ab746a3b3dd2|rpc:10.1.0.28:44169|dataStream:|priority:1, c19439a8-65a6-496b-9498-43e5174085b7|rpc:10.1.0.28:34909|dataStream:|priority:0], old=null
2021-12-22 08:21:47,937 [4805a73f-a3e0-41b8-8a05-ab746a3b3dd2@group-80A891DC6026-LeaderElection16] INFO  impl.LeaderElection (LeaderElection.java:logAndReturn(89)) - 4805a73f-a3e0-41b8-8a05-ab746a3b3dd2@group-80A891DC6026-LeaderElection16: ELECTION PASSED received 1 response(s) and 0 exception(s):
2021-12-22 08:21:47,937 [4805a73f-a3e0-41b8-8a05-ab746a3b3dd2@group-80A891DC6026-LeaderElection16] INFO  impl.LeaderElection (LeaderElection.java:logAndReturn(93)) -   Response 0: 4805a73f-a3e0-41b8-8a05-ab746a3b3dd2<-6c76c5fa-aeae-467e-849a-767744d030cf#0:OK-t1
2021-12-22 08:21:47,937 [grpc-default-executor-0] INFO  server.RaftServer$Division (RaftServerImpl.java:requestVote(1046)) - c19439a8-65a6-496b-9498-43e5174085b7@group-80A891DC6026: receive requestVote(ELECTION, 4805a73f-a3e0-41b8-8a05-ab746a3b3dd2, group-80A891DC6026, 1, (t:0, i:0))
2021-12-22 08:21:47,942 [grpc-default-executor-0] INFO  impl.VoteContext (VoteContext.java:log(48)) - c19439a8-65a6-496b-9498-43e5174085b7@group-80A891DC6026-CANDIDATE: reject ELECTION from 4805a73f-a3e0-41b8-8a05-ab746a3b3dd2: already has voted for c19439a8-65a6-496b-9498-43e5174085b7 at current term 1
2021-12-22 08:21:47,942 [grpc-default-executor-0] INFO  server.RaftServer$Division (RaftServerImpl.java:requestVote(1078)) - c19439a8-65a6-496b-9498-43e5174085b7@group-80A891DC6026 replies to ELECTION vote request: 4805a73f-a3e0-41b8-8a05-ab746a3b3dd2<-c19439a8-65a6-496b-9498-43e5174085b7#0:FAIL-t1. Peer's state: c19439a8-65a6-496b-9498-43e5174085b7@group-80A891DC6026:t1, leader=null, voted=c19439a8-65a6-496b-9498-43e5174085b7, raftlog=c19439a8-65a6-496b-9498-43e5174085b7@group-80A891DC6026-SegmentedRaftLog:OPENED:c-1, conf=-1: [6c76c5fa-aeae-467e-849a-767744d030cf|rpc:10.1.0.28:45481|dataStream:|priority:0, 4805a73f-a3e0-41b8-8a05-ab746a3b3dd2|rpc:10.1.0.28:44169|dataStream:|priority:1, c19439a8-65a6-496b-9498-43e5174085b7|rpc:10.1.0.28:34909|dataStream:|priority:0], old=null
2021-12-22 08:21:47,937 [c19439a8-65a6-496b-9498-43e5174085b7@group-80A891DC6026-LeaderElection17] INFO  impl.LeaderElection (LeaderElection.java:askForVotes(306)) - c19439a8-65a6-496b-9498-43e5174085b7@group-80A891DC6026-LeaderElection17 ELECTION round 0: submit vote requests at term 1 for -1: [6c76c5fa-aeae-467e-849a-767744d030cf|rpc:10.1.0.28:45481|dataStream:|priority:0, 4805a73f-a3e0-41b8-8a05-ab746a3b3dd2|rpc:10.1.0.28:44169|dataStream:|priority:1, c19439a8-65a6-496b-9498-43e5174085b7|rpc:10.1.0.28:34909|dataStream:|priority:0], old=null
2021-12-22 08:21:47,937 [4805a73f-a3e0-41b8-8a05-ab746a3b3dd2@group-80A891DC6026-LeaderElection16] INFO  impl.LeaderElection (LeaderElection.java:askForVotes(308)) - 4805a73f-a3e0-41b8-8a05-ab746a3b3dd2@group-80A891DC6026-LeaderElection16 ELECTION round 0: result PASSED
2021-12-22 08:21:47,954 [4805a73f-a3e0-41b8-8a05-ab746a3b3dd2@group-80A891DC6026-LeaderElection16] INFO  impl.RoleInfo (RoleInfo.java:shutdownLeaderElection(121)) - 4805a73f-a3e0-41b8-8a05-ab746a3b3dd2: shutdown 4805a73f-a3e0-41b8-8a05-ab746a3b3dd2@group-80A891DC6026-LeaderElection16
2021-12-22 08:21:47,954 [4805a73f-a3e0-41b8-8a05-ab746a3b3dd2@group-80A891DC6026-LeaderElection16] INFO  server.RaftServer$Division (RaftServerImpl.java:setRole(290)) - 4805a73f-a3e0-41b8-8a05-ab746a3b3dd2@group-80A891DC6026: changes role from CANDIDATE to LEADER at term 1 for changeToLeader
2021-12-22 08:21:47,954 [4805a73f-a3e0-41b8-8a05-ab746a3b3dd2@group-80A891DC6026-LeaderElection16] INFO  ratis.XceiverServerRatis (XceiverServerRatis.java:handleLeaderChangedNotification(866)) - Leader change notification received for group: group-80A891DC6026 with new leaderId: 4805a73f-a3e0-41b8-8a05-ab746a3b3dd2
2021-12-22 08:21:47,954 [4805a73f-a3e0-41b8-8a05-ab746a3b3dd2@group-80A891DC6026-LeaderElection16] INFO  server.RaftServer$Division (ServerState.java:setLeader(285)) - 4805a73f-a3e0-41b8-8a05-ab746a3b3dd2@group-80A891DC6026: change Leader from null to 4805a73f-a3e0-41b8-8a05-ab746a3b3dd2 at term 1 for becomeLeader, leader elected after 5295ms
2021-12-22 08:21:47,955 [4805a73f-a3e0-41b8-8a05-ab746a3b3dd2@group-80A891DC6026-LeaderElection16] INFO  server.RaftServerConfigKeys (ConfUtils.java:logGet(44)) - raft.server.staging.catchup.gap = 1000 (default)
2021-12-22 08:21:47,955 [4805a73f-a3e0-41b8-8a05-ab746a3b3dd2@group-80A891DC6026-LeaderElection16] INFO  server.RaftServerConfigKeys (ConfUtils.java:logGet(44)) - raft.server.write.element-limit = 1024 (custom)
2021-12-22 08:21:47,955 [4805a73f-a3e0-41b8-8a05-ab746a3b3dd2@group-80A891DC6026-LeaderElection16] INFO  server.RaftServerConfigKeys (ConfUtils.java:logGet(44)) - raft.server.write.byte-limit = 1024 M (=1073741824) (custom)
2021-12-22 08:21:47,955 [4805a73f-a3e0-41b8-8a05-ab746a3b3dd2@group-80A891DC6026-LeaderElection16] INFO  server.RaftServerConfigKeys (ConfUtils.java:logGet(44)) - raft.server.watch.timeout = 180s (custom)
2021-12-22 08:21:47,955 [4805a73f-a3e0-41b8-8a05-ab746a3b3dd2@group-80A891DC6026-LeaderElection16] INFO  server.RaftServerConfigKeys (ConfUtils.java:logGet(44)) - raft.server.watch.timeout.denomination = 1s (default)
2021-12-22 08:21:47,955 [4805a73f-a3e0-41b8-8a05-ab746a3b3dd2@group-80A891DC6026-LeaderElection16] INFO  server.RaftServerConfigKeys (ConfUtils.java:logGet(44)) - raft.server.watch.element-limit = 65536 (default)
2021-12-22 08:21:47,955 [4805a73f-a3e0-41b8-8a05-ab746a3b3dd2@group-80A891DC6026-LeaderElection16] INFO  server.RaftServerConfigKeys (ConfUtils.java:logGet(44)) - raft.server.write.element-limit = 1024 (custom)
2021-12-22 08:21:47,955 [4805a73f-a3e0-41b8-8a05-ab746a3b3dd2@group-80A891DC6026-LeaderElection16] INFO  server.RaftServerConfigKeys (ConfUtils.java:logGet(44)) - raft.server.write.follower.gap.ratio.max = -1.0 (default)
2021-12-22 08:21:47,955 [4805a73f-a3e0-41b8-8a05-ab746a3b3dd2@group-80A891DC6026-LeaderElection16] INFO  server.RaftServerConfigKeys (ConfUtils.java:logGet(44)) - raft.server.log.appender.snapshot.chunk.size.max = 16MB (=16777216) (default)
2021-12-22 08:21:47,955 [4805a73f-a3e0-41b8-8a05-ab746a3b3dd2@group-80A891DC6026-LeaderElection16] INFO  server.RaftServerConfigKeys (ConfUtils.java:logGet(44)) - raft.server.log.appender.buffer.byte-limit = 33554432 (custom)
2021-12-22 08:21:47,955 [4805a73f-a3e0-41b8-8a05-ab746a3b3dd2@group-80A891DC6026-LeaderElection16] INFO  server.RaftServerConfigKeys (ConfUtils.java:logGet(44)) - raft.server.log.appender.buffer.element-limit = 1 (custom)
2021-12-22 08:21:47,956 [4805a73f-a3e0-41b8-8a05-ab746a3b3dd2@group-80A891DC6026-LeaderElection16] INFO  grpc.GrpcConfigKeys (ConfUtils.java:logGet(44)) - raft.grpc.server.leader.outstanding.appends.max = 128 (default)
2021-12-22 08:21:47,956 [4805a73f-a3e0-41b8-8a05-ab746a3b3dd2@group-80A891DC6026-LeaderElection16] INFO  server.RaftServerConfigKeys (ConfUtils.java:logGet(44)) - raft.server.rpc.request.timeout = 60s (custom)
2021-12-22 08:21:47,956 [4805a73f-a3e0-41b8-8a05-ab746a3b3dd2@group-80A891DC6026-LeaderElection16] INFO  server.RaftServerConfigKeys (ConfUtils.java:logGet(44)) - raft.server.log.appender.install.snapshot.enabled = false (custom)
2021-12-22 08:21:47,956 [4805a73f-a3e0-41b8-8a05-ab746a3b3dd2@group-80A891DC6026-LeaderElection16] INFO  server.RaftServerConfigKeys (ConfUtils.java:logGet(44)) - raft.server.log.appender.snapshot.chunk.size.max = 16MB (=16777216) (default)
2021-12-22 08:21:47,956 [4805a73f-a3e0-41b8-8a05-ab746a3b3dd2@group-80A891DC6026-LeaderElection16] INFO  server.RaftServerConfigKeys (ConfUtils.java:logGet(44)) - raft.server.log.appender.buffer.byte-limit = 33554432 (custom)
2021-12-22 08:21:47,956 [4805a73f-a3e0-41b8-8a05-ab746a3b3dd2@group-80A891DC6026-LeaderElection16] INFO  server.RaftServerConfigKeys (ConfUtils.java:logGet(44)) - raft.server.log.appender.buffer.element-limit = 1 (custom)
2021-12-22 08:21:47,957 [4805a73f-a3e0-41b8-8a05-ab746a3b3dd2@group-80A891DC6026-LeaderElection16] INFO  grpc.GrpcConfigKeys (ConfUtils.java:logGet(44)) - raft.grpc.server.leader.outstanding.appends.max = 128 (default)
2021-12-22 08:21:47,957 [4805a73f-a3e0-41b8-8a05-ab746a3b3dd2@group-80A891DC6026-LeaderElection16] INFO  server.RaftServerConfigKeys (ConfUtils.java:logGet(44)) - raft.server.rpc.request.timeout = 60s (custom)
2021-12-22 08:21:47,957 [4805a73f-a3e0-41b8-8a05-ab746a3b3dd2@group-80A891DC6026-LeaderElection16] INFO  server.RaftServerConfigKeys (ConfUtils.java:logGet(44)) - raft.server.log.appender.install.snapshot.enabled = false (custom)
2021-12-22 08:21:47,958 [EventQueue-PipelineReportForPipelineReportHandler] INFO  pipeline.PipelineManagerImpl (PipelineManagerImpl.java:openPipeline(291)) - Pipeline Pipeline[ Id: 07b0f51d-e89c-40a3-aed3-80a891dc6026, Nodes: c19439a8-65a6-496b-9498-43e5174085b7{ip: 10.1.0.28, host: fv-az270-32.tacnzluakwdehk1hpragurqkma.bx.internal.cloudapp.net, ports: [REPLICATION=35887, RATIS=34909, RATIS_ADMIN=34909, RATIS_SERVER=34909, STANDALONE=32891], networkLocation: /default-rack, certSerialId: null, persistedOpState: IN_SERVICE, persistedOpStateExpiryEpochSec: 0}6c76c5fa-aeae-467e-849a-767744d030cf{ip: 10.1.0.28, host: fv-az270-32.tacnzluakwdehk1hpragurqkma.bx.internal.cloudapp.net, ports: [REPLICATION=36009, RATIS=45481, RATIS_ADMIN=45481, RATIS_SERVER=45481, STANDALONE=36045], networkLocation: /default-rack, certSerialId: null, persistedOpState: IN_SERVICE, persistedOpStateExpiryEpochSec: 0}4805a73f-a3e0-41b8-8a05-ab746a3b3dd2{ip: 10.1.0.28, host: fv-az270-32.tacnzluakwdehk1hpragurqkma.bx.internal.cloudapp.net, ports: [REPLICATION=43699, RATIS=44169, RATIS_ADMIN=44169, RATIS_SERVER=44169, STANDALONE=35561], networkLocation: /default-rack, certSerialId: null, persistedOpState: IN_SERVICE, persistedOpStateExpiryEpochSec: 0}, ReplicationConfig: RATIS/THREE, State:ALLOCATED, leaderId:4805a73f-a3e0-41b8-8a05-ab746a3b3dd2, CreationTimestamp2021-12-22T08:21:40.578Z[Etc/UTC]] moved to OPEN state
2021-12-22 08:21:47,966 [EventQueue-OpenPipelineForHealthyPipelineSafeModeRule] INFO  safemode.SCMSafeModeManager (HealthyPipelineSafeModeRule.java:process(124)) - SCM in safe mode. Healthy pipelines reported count is 1, required healthy pipeline reported count is 1
2021-12-22 08:21:47,966 [EventQueue-OpenPipelineForHealthyPipelineSafeModeRule] INFO  safemode.SCMSafeModeManager (SCMSafeModeManager.java:validateSafeModeExitRules(204)) - HealthyPipelineSafeModeRule rule is successfully validated
2021-12-22 08:21:47,966 [EventQueue-OpenPipelineForHealthyPipelineSafeModeRule] INFO  safemode.SCMSafeModeManager (SCMSafeModeManager.java:validateSafeModeExitRules(219)) - ScmSafeModeManager, all rules are successfully validated
2021-12-22 08:21:47,966 [EventQueue-OpenPipelineForHealthyPipelineSafeModeRule] INFO  safemode.SCMSafeModeManager (SCMSafeModeManager.java:exitSafeMode(248)) - SCM exiting safe mode.
2021-12-22 08:21:47,966 [EventQueue-OpenPipelineForHealthyPipelineSafeModeRule] WARN  events.EventQueue (EventQueue.java:fireEvent(194)) - No event handler registered for event TypedEvent{payloadType=SafeModeStatus, name='Safe mode status'}
2021-12-22 08:21:47,966 [EventQueue-OpenPipelineForHealthyPipelineSafeModeRule] INFO  ha.SCMContext (SCMContext.java:updateSafeModeStatus(211)) - Update SafeModeStatus from SafeModeStatus{safeModeStatus=true, preCheckPassed=true} to SafeModeStatus{safeModeStatus=false, preCheckPassed=true}.
2021-12-22 08:21:47,966 [EventQueue-OpenPipelineForHealthyPipelineSafeModeRule] INFO  pipeline.BackgroundPipelineCreator (BackgroundPipelineCreator.java:notifyStatusChanged(264)) - Service BackgroundPipelineCreator transitions to RUNNING.
2021-12-22 08:21:47,966 [EventQueue-OpenPipelineForHealthyPipelineSafeModeRule] INFO  container.ReplicationManager (ReplicationManager.java:notifyStatusChanged(1758)) - Service ReplicationManager transitions to RUNNING.
2021-12-22 08:21:47,968 [4805a73f-a3e0-41b8-8a05-ab746a3b3dd2@group-80A891DC6026-LeaderElection16] INFO  impl.RoleInfo (RoleInfo.java:updateAndGet(130)) - 4805a73f-a3e0-41b8-8a05-ab746a3b3dd2: start 4805a73f-a3e0-41b8-8a05-ab746a3b3dd2@group-80A891DC6026-LeaderStateImpl
2021-12-22 08:21:47,971 [4805a73f-a3e0-41b8-8a05-ab746a3b3dd2@group-80A891DC6026-LeaderElection16] INFO  segmented.SegmentedRaftLogWorker (SegmentedRaftLogWorker.java:startLogSegment(394)) - 4805a73f-a3e0-41b8-8a05-ab746a3b3dd2@group-80A891DC6026-SegmentedRaftLogWorker: Starting segment from index:0
2021-12-22 08:21:47,978 [4805a73f-a3e0-41b8-8a05-ab746a3b3dd2@group-80A891DC6026-SegmentedRaftLogWorker] INFO  segmented.SegmentedRaftLogWorker (SegmentedRaftLogWorker.java:execute(601)) - 4805a73f-a3e0-41b8-8a05-ab746a3b3dd2@group-80A891DC6026-SegmentedRaftLogWorker: created new log segment /home/runner/work/ozone/ozone/hadoop-ozone/integration-test/target/test-dir/MiniOzoneClusterImpl-00f4b0a5-0ce4-4f12-84b0-ee0e83cef9cd/datanode-0/data/ratis/07b0f51d-e89c-40a3-aed3-80a891dc6026/current/log_inprogress_0
2021-12-22 08:21:47,988 [4805a73f-a3e0-41b8-8a05-ab746a3b3dd2@group-80A891DC6026-LeaderElection16] INFO  server.RaftServer$Division (ServerState.java:setRaftConf(387)) - 4805a73f-a3e0-41b8-8a05-ab746a3b3dd2@group-80A891DC6026: set configuration 0: [6c76c5fa-aeae-467e-849a-767744d030cf|rpc:10.1.0.28:45481|dataStream:|priority:0, 4805a73f-a3e0-41b8-8a05-ab746a3b3dd2|rpc:10.1.0.28:44169|dataStream:|priority:1, c19439a8-65a6-496b-9498-43e5174085b7|rpc:10.1.0.28:34909|dataStream:|priority:0], old=null
2021-12-22 08:21:47,998 [grpc-default-executor-1] INFO  server.RaftServer$Division (RaftServerImpl.java:setRole(290)) - c19439a8-65a6-496b-9498-43e5174085b7@group-80A891DC6026: changes role from CANDIDATE to FOLLOWER at term 1 for appendEntries
2021-12-22 08:21:48,001 [grpc-default-executor-1] INFO  impl.RoleInfo (RoleInfo.java:shutdownLeaderElection(121)) - c19439a8-65a6-496b-9498-43e5174085b7: shutdown c19439a8-65a6-496b-9498-43e5174085b7@group-80A891DC6026-LeaderElection17
2021-12-22 08:21:48,001 [grpc-default-executor-1] INFO  impl.RoleInfo (RoleInfo.java:updateAndGet(130)) - c19439a8-65a6-496b-9498-43e5174085b7: start c19439a8-65a6-496b-9498-43e5174085b7@group-80A891DC6026-FollowerState
2021-12-22 08:21:48,007 [grpc-default-executor-2] INFO  server.RaftServer$Division (RaftServerImpl.java:requestVote(1046)) - 6c76c5fa-aeae-467e-849a-767744d030cf@group-80A891DC6026: receive requestVote(ELECTION, c19439a8-65a6-496b-9498-43e5174085b7, group-80A891DC6026, 1, (t:0, i:0))
2021-12-22 08:21:48,007 [grpc-default-executor-1] INFO  ratis.XceiverServerRatis (XceiverServerRatis.java:handleLeaderChangedNotification(866)) - Leader change notification received for group: group-80A891DC6026 with new leaderId: 4805a73f-a3e0-41b8-8a05-ab746a3b3dd2
2021-12-22 08:21:48,007 [grpc-default-executor-1] INFO  server.RaftServer$Division (ServerState.java:setLeader(285)) - c19439a8-65a6-496b-9498-43e5174085b7@group-80A891DC6026: change Leader from null to 4805a73f-a3e0-41b8-8a05-ab746a3b3dd2 at term 1 for appendEntries, leader elected after 5204ms
2021-12-22 08:21:48,018 [grpc-default-executor-2] INFO  impl.VoteContext (VoteContext.java:log(48)) - 6c76c5fa-aeae-467e-849a-767744d030cf@group-80A891DC6026-FOLLOWER: reject ELECTION from c19439a8-65a6-496b-9498-43e5174085b7: already has voted for 4805a73f-a3e0-41b8-8a05-ab746a3b3dd2 at current term 1
2021-12-22 08:21:48,018 [grpc-default-executor-2] INFO  server.RaftServer$Division (RaftServerImpl.java:requestVote(1078)) - 6c76c5fa-aeae-467e-849a-767744d030cf@group-80A891DC6026 replies to ELECTION vote request: c19439a8-65a6-496b-9498-43e5174085b7<-6c76c5fa-aeae-467e-849a-767744d030cf#0:FAIL-t1. Peer's state: 6c76c5fa-aeae-467e-849a-767744d030cf@group-80A891DC6026:t1, leader=null, voted=4805a73f-a3e0-41b8-8a05-ab746a3b3dd2, raftlog=6c76c5fa-aeae-467e-849a-767744d030cf@group-80A891DC6026-SegmentedRaftLog:OPENED:c-1, conf=-1: [6c76c5fa-aeae-467e-849a-767744d030cf|rpc:10.1.0.28:45481|dataStream:|priority:0, 4805a73f-a3e0-41b8-8a05-ab746a3b3dd2|rpc:10.1.0.28:44169|dataStream:|priority:1, c19439a8-65a6-496b-9498-43e5174085b7|rpc:10.1.0.28:34909|dataStream:|priority:0], old=null
2021-12-22 08:21:48,028 [grpc-default-executor-2] INFO  server.RaftServer$Division (ServerState.java:setRaftConf(387)) - c19439a8-65a6-496b-9498-43e5174085b7@group-80A891DC6026: set configuration 0: [6c76c5fa-aeae-467e-849a-767744d030cf|rpc:10.1.0.28:45481|dataStream:|priority:0, 4805a73f-a3e0-41b8-8a05-ab746a3b3dd2|rpc:10.1.0.28:44169|dataStream:|priority:1, c19439a8-65a6-496b-9498-43e5174085b7|rpc:10.1.0.28:34909|dataStream:|priority:0], old=null
2021-12-22 08:21:48,028 [grpc-default-executor-2] INFO  segmented.SegmentedRaftLogWorker (SegmentedRaftLogWorker.java:startLogSegment(394)) - c19439a8-65a6-496b-9498-43e5174085b7@group-80A891DC6026-SegmentedRaftLogWorker: Starting segment from index:0
2021-12-22 08:21:48,030 [c19439a8-65a6-496b-9498-43e5174085b7@group-80A891DC6026-SegmentedRaftLogWorker] INFO  segmented.SegmentedRaftLogWorker (SegmentedRaftLogWorker.java:execute(601)) - c19439a8-65a6-496b-9498-43e5174085b7@group-80A891DC6026-SegmentedRaftLogWorker: created new log segment /home/runner/work/ozone/ozone/hadoop-ozone/integration-test/target/test-dir/MiniOzoneClusterImpl-00f4b0a5-0ce4-4f12-84b0-ee0e83cef9cd/datanode-1/data/ratis/07b0f51d-e89c-40a3-aed3-80a891dc6026/current/log_inprogress_0
2021-12-22 08:21:48,042 [grpc-default-executor-0] INFO  ratis.XceiverServerRatis (XceiverServerRatis.java:handleLeaderChangedNotification(866)) - Leader change notification received for group: group-80A891DC6026 with new leaderId: 4805a73f-a3e0-41b8-8a05-ab746a3b3dd2
2021-12-22 08:21:48,042 [grpc-default-executor-0] INFO  server.RaftServer$Division (ServerState.java:setLeader(285)) - 6c76c5fa-aeae-467e-849a-767744d030cf@group-80A891DC6026: change Leader from null to 4805a73f-a3e0-41b8-8a05-ab746a3b3dd2 at term 1 for appendEntries, leader elected after 5107ms
2021-12-22 08:21:48,045 [4805a73f-a3e0-41b8-8a05-ab746a3b3dd2@group-82C5F9BDF5A8-FollowerState] INFO  impl.FollowerState (FollowerState.java:run(134)) - 4805a73f-a3e0-41b8-8a05-ab746a3b3dd2@group-82C5F9BDF5A8-FollowerState: change to CANDIDATE, lastRpcElapsedTime:5048616049ns, electionTimeout:5043ms
2021-12-22 08:21:48,045 [4805a73f-a3e0-41b8-8a05-ab746a3b3dd2@group-82C5F9BDF5A8-FollowerState] INFO  impl.RoleInfo (RoleInfo.java:shutdownFollowerState(108)) - 4805a73f-a3e0-41b8-8a05-ab746a3b3dd2: shutdown 4805a73f-a3e0-41b8-8a05-ab746a3b3dd2@group-82C5F9BDF5A8-FollowerState
2021-12-22 08:21:48,045 [4805a73f-a3e0-41b8-8a05-ab746a3b3dd2@group-82C5F9BDF5A8-FollowerState] INFO  server.RaftServer$Division (RaftServerImpl.java:setRole(290)) - 4805a73f-a3e0-41b8-8a05-ab746a3b3dd2@group-82C5F9BDF5A8: changes role from  FOLLOWER to CANDIDATE at term 0 for changeToCandidate
2021-12-22 08:21:48,047 [4805a73f-a3e0-41b8-8a05-ab746a3b3dd2@group-82C5F9BDF5A8-FollowerState] INFO  server.RaftServerConfigKeys (ConfUtils.java:logGet(44)) - raft.server.leaderelection.pre-vote = false (custom)
2021-12-22 08:21:48,047 [4805a73f-a3e0-41b8-8a05-ab746a3b3dd2@group-82C5F9BDF5A8-FollowerState] INFO  impl.RoleInfo (RoleInfo.java:updateAndGet(130)) - 4805a73f-a3e0-41b8-8a05-ab746a3b3dd2: start 4805a73f-a3e0-41b8-8a05-ab746a3b3dd2@group-82C5F9BDF5A8-LeaderElection18
2021-12-22 08:21:48,053 [c19439a8-65a6-496b-9498-43e5174085b7@group-80A891DC6026-LeaderElection17] INFO  impl.LeaderElection (LeaderElection.java:logAndReturn(89)) - c19439a8-65a6-496b-9498-43e5174085b7@group-80A891DC6026-LeaderElection17: ELECTION REJECTED received 1 response(s) and 0 exception(s):
2021-12-22 08:21:48,053 [c19439a8-65a6-496b-9498-43e5174085b7@group-80A891DC6026-LeaderElection17] INFO  impl.LeaderElection (LeaderElection.java:logAndReturn(93)) -   Response 0: c19439a8-65a6-496b-9498-43e5174085b7<-6c76c5fa-aeae-467e-849a-767744d030cf#0:FAIL-t1
2021-12-22 08:21:48,053 [grpc-default-executor-2] INFO  server.RaftServer$Division (RaftServerImpl.java:requestVote(1046)) - 4805a73f-a3e0-41b8-8a05-ab746a3b3dd2@group-80A891DC6026: receive requestVote(ELECTION, c19439a8-65a6-496b-9498-43e5174085b7, group-80A891DC6026, 1, (t:0, i:0))
2021-12-22 08:21:48,054 [grpc-default-executor-2] INFO  impl.VoteContext (VoteContext.java:log(48)) - 4805a73f-a3e0-41b8-8a05-ab746a3b3dd2@group-80A891DC6026-LEADER: reject ELECTION from c19439a8-65a6-496b-9498-43e5174085b7: already has voted for 4805a73f-a3e0-41b8-8a05-ab746a3b3dd2 at current term 1
2021-12-22 08:21:48,053 [c19439a8-65a6-496b-9498-43e5174085b7@group-80A891DC6026-LeaderElection17] INFO  impl.LeaderElection (LeaderElection.java:askForVotes(308)) - c19439a8-65a6-496b-9498-43e5174085b7@group-80A891DC6026-LeaderElection17 ELECTION round 0: result REJECTED
2021-12-22 08:21:48,054 [grpc-default-executor-2] INFO  server.RaftServer$Division (RaftServerImpl.java:requestVote(1078)) - 4805a73f-a3e0-41b8-8a05-ab746a3b3dd2@group-80A891DC6026 replies to ELECTION vote request: c19439a8-65a6-496b-9498-43e5174085b7<-4805a73f-a3e0-41b8-8a05-ab746a3b3dd2#0:FAIL-t1. Peer's state: 4805a73f-a3e0-41b8-8a05-ab746a3b3dd2@group-80A891DC6026:t1, leader=4805a73f-a3e0-41b8-8a05-ab746a3b3dd2, voted=4805a73f-a3e0-41b8-8a05-ab746a3b3dd2, raftlog=4805a73f-a3e0-41b8-8a05-ab746a3b3dd2@group-80A891DC6026-SegmentedRaftLog:OPENED:c0, conf=0: [6c76c5fa-aeae-467e-849a-767744d030cf|rpc:10.1.0.28:45481|dataStream:|priority:0, 4805a73f-a3e0-41b8-8a05-ab746a3b3dd2|rpc:10.1.0.28:44169|dataStream:|priority:1, c19439a8-65a6-496b-9498-43e5174085b7|rpc:10.1.0.28:34909|dataStream:|priority:0], old=null
2021-12-22 08:21:48,078 [grpc-default-executor-0] INFO  server.RaftServer$Division (ServerState.java:setRaftConf(387)) - 6c76c5fa-aeae-467e-849a-767744d030cf@group-80A891DC6026: set configuration 0: [6c76c5fa-aeae-467e-849a-767744d030cf|rpc:10.1.0.28:45481|dataStream:|priority:0, 4805a73f-a3e0-41b8-8a05-ab746a3b3dd2|rpc:10.1.0.28:44169|dataStream:|priority:1, c19439a8-65a6-496b-9498-43e5174085b7|rpc:10.1.0.28:34909|dataStream:|priority:0], old=null
2021-12-22 08:21:48,078 [grpc-default-executor-0] INFO  segmented.SegmentedRaftLogWorker (SegmentedRaftLogWorker.java:startLogSegment(394)) - 6c76c5fa-aeae-467e-849a-767744d030cf@group-80A891DC6026-SegmentedRaftLogWorker: Starting segment from index:0
2021-12-22 08:21:48,079 [4805a73f-a3e0-41b8-8a05-ab746a3b3dd2@group-82C5F9BDF5A8-LeaderElection18] INFO  impl.LeaderElection (LeaderElection.java:askForVotes(306)) - 4805a73f-a3e0-41b8-8a05-ab746a3b3dd2@group-82C5F9BDF5A8-LeaderElection18 ELECTION round 0: submit vote requests at term 1 for -1: [6c76c5fa-aeae-467e-849a-767744d030cf|rpc:10.1.0.28:45481|priority:0, 4805a73f-a3e0-41b8-8a05-ab746a3b3dd2|rpc:10.1.0.28:44169|priority:0, c19439a8-65a6-496b-9498-43e5174085b7|rpc:10.1.0.28:34909|priority:1], old=null
2021-12-22 08:21:48,085 [6c76c5fa-aeae-467e-849a-767744d030cf@group-80A891DC6026-SegmentedRaftLogWorker] INFO  segmented.SegmentedRaftLogWorker (SegmentedRaftLogWorker.java:execute(601)) - 6c76c5fa-aeae-467e-849a-767744d030cf@group-80A891DC6026-SegmentedRaftLogWorker: created new log segment /home/runner/work/ozone/ozone/hadoop-ozone/integration-test/target/test-dir/MiniOzoneClusterImpl-00f4b0a5-0ce4-4f12-84b0-ee0e83cef9cd/datanode-2/data/ratis/07b0f51d-e89c-40a3-aed3-80a891dc6026/current/log_inprogress_0
2021-12-22 08:21:48,115 [grpc-default-executor-2] INFO  server.RaftServer$Division (RaftServerImpl.java:requestVote(1046)) - 6c76c5fa-aeae-467e-849a-767744d030cf@group-82C5F9BDF5A8: receive requestVote(ELECTION, 4805a73f-a3e0-41b8-8a05-ab746a3b3dd2, group-82C5F9BDF5A8, 1, (t:0, i:0))
2021-12-22 08:21:48,115 [grpc-default-executor-2] INFO  impl.VoteContext (VoteContext.java:log(48)) - 6c76c5fa-aeae-467e-849a-767744d030cf@group-82C5F9BDF5A8-FOLLOWER: accept ELECTION from 4805a73f-a3e0-41b8-8a05-ab746a3b3dd2: our priority 0 <= candidate's priority 0
2021-12-22 08:21:48,115 [grpc-default-executor-2] INFO  server.RaftServer$Division (RaftServerImpl.java:setRole(290)) - 6c76c5fa-aeae-467e-849a-767744d030cf@group-82C5F9BDF5A8: changes role from  FOLLOWER to FOLLOWER at term 1 for candidate:4805a73f-a3e0-41b8-8a05-ab746a3b3dd2
2021-12-22 08:21:48,115 [grpc-default-executor-2] INFO  impl.RoleInfo (RoleInfo.java:shutdownFollowerState(108)) - 6c76c5fa-aeae-467e-849a-767744d030cf: shutdown 6c76c5fa-aeae-467e-849a-767744d030cf@group-82C5F9BDF5A8-FollowerState
2021-12-22 08:21:48,115 [grpc-default-executor-2] INFO  impl.RoleInfo (RoleInfo.java:updateAndGet(130)) - 6c76c5fa-aeae-467e-849a-767744d030cf: start 6c76c5fa-aeae-467e-849a-767744d030cf@group-82C5F9BDF5A8-FollowerState
2021-12-22 08:21:48,115 [grpc-default-executor-3] INFO  server.RaftServer$Division (RaftServerImpl.java:requestVote(1046)) - c19439a8-65a6-496b-9498-43e5174085b7@group-82C5F9BDF5A8: receive requestVote(ELECTION, 4805a73f-a3e0-41b8-8a05-ab746a3b3dd2, group-82C5F9BDF5A8, 1, (t:0, i:0))
2021-12-22 08:21:48,115 [grpc-default-executor-3] INFO  impl.VoteContext (VoteContext.java:log(48)) - c19439a8-65a6-496b-9498-43e5174085b7@group-82C5F9BDF5A8-FOLLOWER: reject ELECTION from 4805a73f-a3e0-41b8-8a05-ab746a3b3dd2: our priority 1 > candidate's priority 0
2021-12-22 08:21:48,115 [grpc-default-executor-3] INFO  server.RaftServer$Division (RaftServerImpl.java:setRole(290)) - c19439a8-65a6-496b-9498-43e5174085b7@group-82C5F9BDF5A8: changes role from  FOLLOWER to FOLLOWER at term 1 for candidate:4805a73f-a3e0-41b8-8a05-ab746a3b3dd2
2021-12-22 08:21:48,115 [grpc-default-executor-3] INFO  impl.RoleInfo (RoleInfo.java:shutdownFollowerState(108)) - c19439a8-65a6-496b-9498-43e5174085b7: shutdown c19439a8-65a6-496b-9498-43e5174085b7@group-82C5F9BDF5A8-FollowerState
2021-12-22 08:21:48,115 [6c76c5fa-aeae-467e-849a-767744d030cf@group-82C5F9BDF5A8-FollowerState] INFO  impl.FollowerState (FollowerState.java:run(143)) - 6c76c5fa-aeae-467e-849a-767744d030cf@group-82C5F9BDF5A8-FollowerState was interrupted: {}
java.lang.InterruptedException: sleep interrupted
	at java.lang.Thread.sleep(Native Method)
	at java.lang.Thread.sleep(Thread.java:340)
	at java.util.concurrent.TimeUnit.sleep(TimeUnit.java:386)
	at org.apache.ratis.util.TimeDuration.sleep(TimeDuration.java:324)
	at org.apache.ratis.util.TimeDuration.sleep(TimeDuration.java:309)
	at org.apache.ratis.server.impl.FollowerState.run(FollowerState.java:118)
2021-12-22 08:21:48,123 [grpc-default-executor-3] INFO  impl.RoleInfo (RoleInfo.java:updateAndGet(130)) - c19439a8-65a6-496b-9498-43e5174085b7: start c19439a8-65a6-496b-9498-43e5174085b7@group-82C5F9BDF5A8-FollowerState
2021-12-22 08:21:48,134 [grpc-default-executor-2] INFO  server.RaftServer$Division (RaftServerImpl.java:requestVote(1078)) - 6c76c5fa-aeae-467e-849a-767744d030cf@group-82C5F9BDF5A8 replies to ELECTION vote request: 4805a73f-a3e0-41b8-8a05-ab746a3b3dd2<-6c76c5fa-aeae-467e-849a-767744d030cf#0:OK-t1. Peer's state: 6c76c5fa-aeae-467e-849a-767744d030cf@group-82C5F9BDF5A8:t1, leader=null, voted=4805a73f-a3e0-41b8-8a05-ab746a3b3dd2, raftlog=6c76c5fa-aeae-467e-849a-767744d030cf@group-82C5F9BDF5A8-SegmentedRaftLog:OPENED:c-1, conf=-1: [6c76c5fa-aeae-467e-849a-767744d030cf|rpc:10.1.0.28:45481|dataStream:|priority:0, 4805a73f-a3e0-41b8-8a05-ab746a3b3dd2|rpc:10.1.0.28:44169|dataStream:|priority:0, c19439a8-65a6-496b-9498-43e5174085b7|rpc:10.1.0.28:34909|dataStream:|priority:1], old=null
2021-12-22 08:21:48,136 [grpc-default-executor-3] INFO  server.RaftServer$Division (RaftServerImpl.java:requestVote(1078)) - c19439a8-65a6-496b-9498-43e5174085b7@group-82C5F9BDF5A8 replies to ELECTION vote request: 4805a73f-a3e0-41b8-8a05-ab746a3b3dd2<-c19439a8-65a6-496b-9498-43e5174085b7#0:FAIL-t1. Peer's state: c19439a8-65a6-496b-9498-43e5174085b7@group-82C5F9BDF5A8:t1, leader=null, voted=null, raftlog=c19439a8-65a6-496b-9498-43e5174085b7@group-82C5F9BDF5A8-SegmentedRaftLog:OPENED:c-1, conf=-1: [6c76c5fa-aeae-467e-849a-767744d030cf|rpc:10.1.0.28:45481|dataStream:|priority:0, 4805a73f-a3e0-41b8-8a05-ab746a3b3dd2|rpc:10.1.0.28:44169|dataStream:|priority:0, c19439a8-65a6-496b-9498-43e5174085b7|rpc:10.1.0.28:34909|dataStream:|priority:1], old=null
2021-12-22 08:21:48,137 [c19439a8-65a6-496b-9498-43e5174085b7@group-82C5F9BDF5A8-FollowerState] INFO  impl.FollowerState (FollowerState.java:run(143)) - c19439a8-65a6-496b-9498-43e5174085b7@group-82C5F9BDF5A8-FollowerState was interrupted: {}
java.lang.InterruptedException: sleep interrupted
	at java.lang.Thread.sleep(Native Method)
	at java.lang.Thread.sleep(Thread.java:340)
	at java.util.concurrent.TimeUnit.sleep(TimeUnit.java:386)
	at org.apache.ratis.util.TimeDuration.sleep(TimeDuration.java:324)
	at org.apache.ratis.util.TimeDuration.sleep(TimeDuration.java:309)
	at org.apache.ratis.server.impl.FollowerState.run(FollowerState.java:118)
2021-12-22 08:21:48,142 [4805a73f-a3e0-41b8-8a05-ab746a3b3dd2@group-82C5F9BDF5A8-LeaderElection18] INFO  impl.LeaderElection (LeaderElection.java:logAndReturn(89)) - 4805a73f-a3e0-41b8-8a05-ab746a3b3dd2@group-82C5F9BDF5A8-LeaderElection18: ELECTION REJECTED received 2 response(s) and 0 exception(s):
2021-12-22 08:21:48,142 [4805a73f-a3e0-41b8-8a05-ab746a3b3dd2@group-82C5F9BDF5A8-LeaderElection18] INFO  impl.LeaderElection (LeaderElection.java:logAndReturn(93)) -   Response 0: 4805a73f-a3e0-41b8-8a05-ab746a3b3dd2<-6c76c5fa-aeae-467e-849a-767744d030cf#0:OK-t1
2021-12-22 08:21:48,142 [4805a73f-a3e0-41b8-8a05-ab746a3b3dd2@group-82C5F9BDF5A8-LeaderElection18] INFO  impl.LeaderElection (LeaderElection.java:logAndReturn(93)) -   Response 1: 4805a73f-a3e0-41b8-8a05-ab746a3b3dd2<-c19439a8-65a6-496b-9498-43e5174085b7#0:FAIL-t1
2021-12-22 08:21:48,142 [4805a73f-a3e0-41b8-8a05-ab746a3b3dd2@group-82C5F9BDF5A8-LeaderElection18] INFO  impl.LeaderElection (LeaderElection.java:askForVotes(308)) - 4805a73f-a3e0-41b8-8a05-ab746a3b3dd2@group-82C5F9BDF5A8-LeaderElection18 ELECTION round 0: result REJECTED
2021-12-22 08:21:48,142 [4805a73f-a3e0-41b8-8a05-ab746a3b3dd2@group-82C5F9BDF5A8-LeaderElection18] INFO  server.RaftServer$Division (RaftServerImpl.java:setRole(290)) - 4805a73f-a3e0-41b8-8a05-ab746a3b3dd2@group-82C5F9BDF5A8: changes role from CANDIDATE to FOLLOWER at term 1 for REJECTED
2021-12-22 08:21:48,142 [4805a73f-a3e0-41b8-8a05-ab746a3b3dd2@group-82C5F9BDF5A8-LeaderElection18] INFO  impl.RoleInfo (RoleInfo.java:shutdownLeaderElection(121)) - 4805a73f-a3e0-41b8-8a05-ab746a3b3dd2: shutdown 4805a73f-a3e0-41b8-8a05-ab746a3b3dd2@group-82C5F9BDF5A8-LeaderElection18
2021-12-22 08:21:48,143 [4805a73f-a3e0-41b8-8a05-ab746a3b3dd2@group-82C5F9BDF5A8-LeaderElection18] INFO  impl.RoleInfo (RoleInfo.java:updateAndGet(130)) - 4805a73f-a3e0-41b8-8a05-ab746a3b3dd2: start 4805a73f-a3e0-41b8-8a05-ab746a3b3dd2@group-82C5F9BDF5A8-FollowerState
2021-12-22 08:21:48,293 [c19439a8-65a6-496b-9498-43e5174085b7@group-5B3DF338ABD9-FollowerState] INFO  impl.FollowerState (FollowerState.java:run(134)) - c19439a8-65a6-496b-9498-43e5174085b7@group-5B3DF338ABD9-FollowerState: change to CANDIDATE, lastRpcElapsedTime:5169377905ns, electionTimeout:5167ms
2021-12-22 08:21:48,293 [c19439a8-65a6-496b-9498-43e5174085b7@group-5B3DF338ABD9-FollowerState] INFO  impl.RoleInfo (RoleInfo.java:shutdownFollowerState(108)) - c19439a8-65a6-496b-9498-43e5174085b7: shutdown c19439a8-65a6-496b-9498-43e5174085b7@group-5B3DF338ABD9-FollowerState
2021-12-22 08:21:48,293 [c19439a8-65a6-496b-9498-43e5174085b7@group-5B3DF338ABD9-FollowerState] INFO  server.RaftServer$Division (RaftServerImpl.java:setRole(290)) - c19439a8-65a6-496b-9498-43e5174085b7@group-5B3DF338ABD9: changes role from  FOLLOWER to CANDIDATE at term 0 for changeToCandidate
2021-12-22 08:21:48,293 [c19439a8-65a6-496b-9498-43e5174085b7@group-5B3DF338ABD9-FollowerState] INFO  server.RaftServerConfigKeys (ConfUtils.java:logGet(44)) - raft.server.leaderelection.pre-vote = false (custom)
2021-12-22 08:21:48,293 [c19439a8-65a6-496b-9498-43e5174085b7@group-5B3DF338ABD9-FollowerState] INFO  impl.RoleInfo (RoleInfo.java:updateAndGet(130)) - c19439a8-65a6-496b-9498-43e5174085b7: start c19439a8-65a6-496b-9498-43e5174085b7@group-5B3DF338ABD9-LeaderElection19
2021-12-22 08:21:48,308 [c19439a8-65a6-496b-9498-43e5174085b7@group-5B3DF338ABD9-LeaderElection19] INFO  impl.LeaderElection (LeaderElection.java:askForVotes(306)) - c19439a8-65a6-496b-9498-43e5174085b7@group-5B3DF338ABD9-LeaderElection19 ELECTION round 0: submit vote requests at term 1 for -1: [c19439a8-65a6-496b-9498-43e5174085b7|rpc:10.1.0.28:34909|priority:1], old=null
2021-12-22 08:21:48,308 [c19439a8-65a6-496b-9498-43e5174085b7@group-5B3DF338ABD9-LeaderElection19] INFO  impl.LeaderElection (LeaderElection.java:askForVotes(308)) - c19439a8-65a6-496b-9498-43e5174085b7@group-5B3DF338ABD9-LeaderElection19 ELECTION round 0: result PASSED (term=1)
2021-12-22 08:21:48,308 [c19439a8-65a6-496b-9498-43e5174085b7@group-5B3DF338ABD9-LeaderElection19] INFO  impl.RoleInfo (RoleInfo.java:shutdownLeaderElection(121)) - c19439a8-65a6-496b-9498-43e5174085b7: shutdown c19439a8-65a6-496b-9498-43e5174085b7@group-5B3DF338ABD9-LeaderElection19
2021-12-22 08:21:48,309 [c19439a8-65a6-496b-9498-43e5174085b7@group-5B3DF338ABD9-LeaderElection19] INFO  server.RaftServer$Division (RaftServerImpl.java:setRole(290)) - c19439a8-65a6-496b-9498-43e5174085b7@group-5B3DF338ABD9: changes role from CANDIDATE to LEADER at term 1 for changeToLeader
2021-12-22 08:21:48,309 [c19439a8-65a6-496b-9498-43e5174085b7@group-5B3DF338ABD9-LeaderElection19] INFO  ratis.XceiverServerRatis (XceiverServerRatis.java:handleLeaderChangedNotification(866)) - Leader change notification received for group: group-5B3DF338ABD9 with new leaderId: c19439a8-65a6-496b-9498-43e5174085b7
2021-12-22 08:21:48,309 [c19439a8-65a6-496b-9498-43e5174085b7@group-5B3DF338ABD9-LeaderElection19] INFO  server.RaftServer$Division (ServerState.java:setLeader(285)) - c19439a8-65a6-496b-9498-43e5174085b7@group-5B3DF338ABD9: change Leader from null to c19439a8-65a6-496b-9498-43e5174085b7 at term 1 for becomeLeader, leader elected after 5227ms
2021-12-22 08:21:48,310 [c19439a8-65a6-496b-9498-43e5174085b7@group-5B3DF338ABD9-LeaderElection19] INFO  server.RaftServerConfigKeys (ConfUtils.java:logGet(44)) - raft.server.staging.catchup.gap = 1000 (default)
2021-12-22 08:21:48,310 [c19439a8-65a6-496b-9498-43e5174085b7@group-5B3DF338ABD9-LeaderElection19] INFO  server.RaftServerConfigKeys (ConfUtils.java:logGet(44)) - raft.server.write.element-limit = 1024 (custom)
2021-12-22 08:21:48,310 [c19439a8-65a6-496b-9498-43e5174085b7@group-5B3DF338ABD9-LeaderElection19] INFO  server.RaftServerConfigKeys (ConfUtils.java:logGet(44)) - raft.server.write.byte-limit = 1024 M (=1073741824) (custom)
2021-12-22 08:21:48,310 [c19439a8-65a6-496b-9498-43e5174085b7@group-5B3DF338ABD9-LeaderElection19] INFO  server.RaftServerConfigKeys (ConfUtils.java:logGet(44)) - raft.server.watch.timeout = 180s (custom)
2021-12-22 08:21:48,310 [c19439a8-65a6-496b-9498-43e5174085b7@group-5B3DF338ABD9-LeaderElection19] INFO  server.RaftServerConfigKeys (ConfUtils.java:logGet(44)) - raft.server.watch.timeout.denomination = 1s (default)
2021-12-22 08:21:48,310 [c19439a8-65a6-496b-9498-43e5174085b7@group-5B3DF338ABD9-LeaderElection19] INFO  server.RaftServerConfigKeys (ConfUtils.java:logGet(44)) - raft.server.watch.element-limit = 65536 (default)
2021-12-22 08:21:48,312 [c19439a8-65a6-496b-9498-43e5174085b7@group-5B3DF338ABD9-LeaderElection19] INFO  server.RaftServerConfigKeys (ConfUtils.java:logGet(44)) - raft.server.write.element-limit = 1024 (custom)
2021-12-22 08:21:48,312 [c19439a8-65a6-496b-9498-43e5174085b7@group-5B3DF338ABD9-LeaderElection19] INFO  server.RaftServerConfigKeys (ConfUtils.java:logGet(44)) - raft.server.write.follower.gap.ratio.max = -1.0 (default)
2021-12-22 08:21:48,312 [c19439a8-65a6-496b-9498-43e5174085b7@group-5B3DF338ABD9-LeaderElection19] INFO  impl.RoleInfo (RoleInfo.java:updateAndGet(130)) - c19439a8-65a6-496b-9498-43e5174085b7: start c19439a8-65a6-496b-9498-43e5174085b7@group-5B3DF338ABD9-LeaderStateImpl
2021-12-22 08:21:48,313 [c19439a8-65a6-496b-9498-43e5174085b7@group-5B3DF338ABD9-LeaderElection19] INFO  segmented.SegmentedRaftLogWorker (SegmentedRaftLogWorker.java:startLogSegment(394)) - c19439a8-65a6-496b-9498-43e5174085b7@group-5B3DF338ABD9-SegmentedRaftLogWorker: Starting segment from index:0
2021-12-22 08:21:48,314 [c19439a8-65a6-496b-9498-43e5174085b7@group-5B3DF338ABD9-SegmentedRaftLogWorker] INFO  segmented.SegmentedRaftLogWorker (SegmentedRaftLogWorker.java:execute(601)) - c19439a8-65a6-496b-9498-43e5174085b7@group-5B3DF338ABD9-SegmentedRaftLogWorker: created new log segment /home/runner/work/ozone/ozone/hadoop-ozone/integration-test/target/test-dir/MiniOzoneClusterImpl-00f4b0a5-0ce4-4f12-84b0-ee0e83cef9cd/datanode-1/data/ratis/267fe9c5-9105-4abd-b015-5b3df338abd9/current/log_inprogress_0
2021-12-22 08:21:48,316 [c19439a8-65a6-496b-9498-43e5174085b7@group-5B3DF338ABD9-LeaderElection19] INFO  server.RaftServer$Division (ServerState.java:setRaftConf(387)) - c19439a8-65a6-496b-9498-43e5174085b7@group-5B3DF338ABD9: set configuration 0: [c19439a8-65a6-496b-9498-43e5174085b7|rpc:10.1.0.28:34909|dataStream:|priority:1], old=null
2021-12-22 08:21:48,535 [Listener at 127.0.0.1/41819] INFO  ozone.MiniOzoneClusterImpl (MiniOzoneClusterImpl.java:lambda$waitForClusterToBeReady$0(235)) - Nodes are ready. Got 3 of 3 DN Heartbeats.
2021-12-22 08:21:48,536 [Listener at 127.0.0.1/41819] INFO  ozone.MiniOzoneClusterImpl (MiniOzoneClusterImpl.java:lambda$waitForClusterToBeReady$0(238)) - Cluster exits safe mode
2021-12-22 08:21:48,536 [Listener at 127.0.0.1/41819] INFO  ozone.MiniOzoneClusterImpl (MiniOzoneClusterImpl.java:lambda$waitForClusterToBeReady$0(240)) - SCM became leader
2021-12-22 08:21:48,607 [Listener at 127.0.0.1/41819] INFO  rpc.RpcClient (RpcClient.java:createVolume(389)) - Creating Volume: volume87734, with user55804 as owner and space quota set to -1 bytes, counts quota set to -1
2021-12-22 08:21:48,629 [OM StateMachine ApplyTransaction Thread - 0] INFO  volume.OMVolumeCreateRequest (OMVolumeCreateRequest.java:validateAndUpdateCache(195)) - created volume:volume87734 for user:user55804
2021-12-22 08:21:48,644 [Listener at 127.0.0.1/41819] INFO  rpc.RpcClient (RpcClient.java:createBucket(552)) - Creating Bucket: volume87734/bucket76461, with runner as owner and Versioning false and Storage Type set to DISK and Encryption set to false 
]]></system-out>
    <system-err><![CDATA[Exception in thread "Trash Emptier" java.lang.UnsupportedOperationException: fs.getUri() not implemented in TrashOzoneFileSystem
	at org.apache.hadoop.ozone.om.TrashOzoneFileSystem.getUri(TrashOzoneFileSystem.java:124)
	at org.apache.hadoop.fs.FileSystem.close(FileSystem.java:2592)
	at org.apache.hadoop.ozone.om.TrashPolicyOzone$Emptier.run(TrashPolicyOzone.java:243)
	at java.lang.Thread.run(Thread.java:748)
]]></system-err>
  </testcase>
  <testcase name="testRenameFile[1]" classname="org.apache.hadoop.fs.ozone.TestRootedOzoneFileSystem" time="0.15"/>
  <testcase name="testListStatusRootAndVolumeRecursive[1]" classname="org.apache.hadoop.fs.ozone.TestRootedOzoneFileSystem" time="0.756"/>
  <testcase name="testTempMount[1]" classname="org.apache.hadoop.fs.ozone.TestRootedOzoneFileSystem" time="0.207"/>
  <testcase name="testListStatusRootAndVolumeNonRecursive[1]" classname="org.apache.hadoop.fs.ozone.TestRootedOzoneFileSystem" time="0.417"/>
  <testcase name="testDeleteVolumeAndBucket[1]" classname="org.apache.hadoop.fs.ozone.TestRootedOzoneFileSystem" time="0.039"/>
  <testcase name="testRenameDirToItsOwnSubDir[1]" classname="org.apache.hadoop.fs.ozone.TestRootedOzoneFileSystem" time="0.021"/>
  <testcase name="testOzoneFsServiceLoader[1]" classname="org.apache.hadoop.fs.ozone.TestRootedOzoneFileSystem" time="0.074"/>
  <testcase name="testTrash[1]" classname="org.apache.hadoop.fs.ozone.TestRootedOzoneFileSystem" time="0">
    <skipped/>
  </testcase>
  <testcase name="testRenameDestinationParentDoesntExist[1]" classname="org.apache.hadoop.fs.ozone.TestRootedOzoneFileSystem" time="0.037"/>
  <testcase name="testGetFileStatusRoot[1]" classname="org.apache.hadoop.fs.ozone.TestRootedOzoneFileSystem" time="0.024"/>
  <testcase name="testCreateWithInvalidPaths[1]" classname="org.apache.hadoop.fs.ozone.TestRootedOzoneFileSystem" time="0.009"/>
  <testcase name="testDeleteEmptyVolume[1]" classname="org.apache.hadoop.fs.ozone.TestRootedOzoneFileSystem" time="0.02"/>
  <testcase name="testListStatusRootAndVolumeContinuation[1]" classname="org.apache.hadoop.fs.ozone.TestRootedOzoneFileSystem" time="0">
    <skipped message="FS Path is enabled. Skipping this test as it is not tuned for FS Path yet" type="org.junit.AssumptionViolatedException">org.junit.AssumptionViolatedException: FS Path is enabled. Skipping this test as it is not tuned for FS Path yet
	at org.junit.Assume.assumeTrue(Assume.java:68)
	at org.apache.hadoop.fs.ozone.TestRootedOzoneFileSystem.testListStatusRootAndVolumeContinuation(TestRootedOzoneFileSystem.java:887)
	at sun.reflect.NativeMethodAccessorImpl.invoke0(Native Method)
	at sun.reflect.NativeMethodAccessorImpl.invoke(NativeMethodAccessorImpl.java:62)
	at sun.reflect.DelegatingMethodAccessorImpl.invoke(DelegatingMethodAccessorImpl.java:43)
	at java.lang.reflect.Method.invoke(Method.java:498)
	at org.junit.runners.model.FrameworkMethod$1.runReflectiveCall(FrameworkMethod.java:59)
	at org.junit.internal.runners.model.ReflectiveCallable.run(ReflectiveCallable.java:12)
	at org.junit.runners.model.FrameworkMethod.invokeExplosively(FrameworkMethod.java:56)
	at org.junit.internal.runners.statements.InvokeMethod.evaluate(InvokeMethod.java:17)
	at org.junit.internal.runners.statements.FailOnTimeout$CallableStatement.call(FailOnTimeout.java:288)
	at org.junit.internal.runners.statements.FailOnTimeout$CallableStatement.call(FailOnTimeout.java:282)
	at java.util.concurrent.FutureTask.run(FutureTask.java:266)
	at java.lang.Thread.run(Thread.java:748)
</skipped>
  </testcase>
  <testcase name="testDeleteVolumeBucketAndKey[1]" classname="org.apache.hadoop.fs.ozone.TestRootedOzoneFileSystem" time="0.068"/>
  <testcase name="testRenameToParentDir[1]" classname="org.apache.hadoop.fs.ozone.TestRootedOzoneFileSystem" time="0.04"/>
  <testcase name="testMkdirNonExistentVolumeBucket[1]" classname="org.apache.hadoop.fs.ozone.TestRootedOzoneFileSystem" time="0.019"/>
  <testcase name="testFailToDeleteRoot[1]" classname="org.apache.hadoop.fs.ozone.TestRootedOzoneFileSystem" time="0.011"/>
  <testcase name="testListStatusOnSubDirs[1]" classname="org.apache.hadoop.fs.ozone.TestRootedOzoneFileSystem" time="0.043"/>
  <testcase name="testListStatus[1]" classname="org.apache.hadoop.fs.ozone.TestRootedOzoneFileSystem" time="0.048"/>
  <testcase name="testGetTrashRoots[1]" classname="org.apache.hadoop.fs.ozone.TestRootedOzoneFileSystem" time="0.491"/>
  <testcase name="testCreateDoesNotAddParentDirKeys[1]" classname="org.apache.hadoop.fs.ozone.TestRootedOzoneFileSystem" time="0.063"/>
  <testcase name="testMkdirNonExistentVolume[1]" classname="org.apache.hadoop.fs.ozone.TestRootedOzoneFileSystem" time="0.026"/>
  <testcase name="testDeleteCreatesFakeParentDir[1]" classname="org.apache.hadoop.fs.ozone.TestRootedOzoneFileSystem" time="0">
    <skipped message="FS Path is enabled. Skipping this test as it is not tuned for FS Path yet" type="org.junit.AssumptionViolatedException">org.junit.AssumptionViolatedException: FS Path is enabled. Skipping this test as it is not tuned for FS Path yet
	at org.junit.Assume.assumeTrue(Assume.java:68)
	at org.apache.hadoop.fs.ozone.TestRootedOzoneFileSystem.testDeleteCreatesFakeParentDir(TestRootedOzoneFileSystem.java:302)
	at sun.reflect.NativeMethodAccessorImpl.invoke0(Native Method)
	at sun.reflect.NativeMethodAccessorImpl.invoke(NativeMethodAccessorImpl.java:62)
	at sun.reflect.DelegatingMethodAccessorImpl.invoke(DelegatingMethodAccessorImpl.java:43)
	at java.lang.reflect.Method.invoke(Method.java:498)
	at org.junit.runners.model.FrameworkMethod$1.runReflectiveCall(FrameworkMethod.java:59)
	at org.junit.internal.runners.model.ReflectiveCallable.run(ReflectiveCallable.java:12)
	at org.junit.runners.model.FrameworkMethod.invokeExplosively(FrameworkMethod.java:56)
	at org.junit.internal.runners.statements.InvokeMethod.evaluate(InvokeMethod.java:17)
	at org.junit.internal.runners.statements.FailOnTimeout$CallableStatement.call(FailOnTimeout.java:288)
	at org.junit.internal.runners.statements.FailOnTimeout$CallableStatement.call(FailOnTimeout.java:282)
	at java.util.concurrent.FutureTask.run(FutureTask.java:266)
	at java.lang.Thread.run(Thread.java:748)
</skipped>
  </testcase>
  <testcase name="testNonExplicitlyCreatedPathExistsAfterItsLeafsWereRemoved[1]" classname="org.apache.hadoop.fs.ozone.TestRootedOzoneFileSystem" time="0.039"/>
  <testcase name="testFileDelete[1]" classname="org.apache.hadoop.fs.ozone.TestRootedOzoneFileSystem" time="0.127"/>
  <testcase name="testRenameToTrashEnabled[1]" classname="org.apache.hadoop.fs.ozone.TestRootedOzoneFileSystem" time="0.2"/>
  <testcase name="testMkdirOnNonExistentVolumeBucketDir[1]" classname="org.apache.hadoop.fs.ozone.TestRootedOzoneFileSystem" time="0">
    <skipped message="FS Path is enabled. Skipping this test as it is not tuned for FS Path yet" type="org.junit.AssumptionViolatedException">org.junit.AssumptionViolatedException: FS Path is enabled. Skipping this test as it is not tuned for FS Path yet
	at org.junit.Assume.assumeTrue(Assume.java:68)
	at org.apache.hadoop.fs.ozone.TestRootedOzoneFileSystem.testMkdirOnNonExistentVolumeBucketDir(TestRootedOzoneFileSystem.java:405)
	at sun.reflect.NativeMethodAccessorImpl.invoke0(Native Method)
	at sun.reflect.NativeMethodAccessorImpl.invoke(NativeMethodAccessorImpl.java:62)
	at sun.reflect.DelegatingMethodAccessorImpl.invoke(DelegatingMethodAccessorImpl.java:43)
	at java.lang.reflect.Method.invoke(Method.java:498)
	at org.junit.runners.model.FrameworkMethod$1.runReflectiveCall(FrameworkMethod.java:59)
	at org.junit.internal.runners.model.ReflectiveCallable.run(ReflectiveCallable.java:12)
	at org.junit.runners.model.FrameworkMethod.invokeExplosively(FrameworkMethod.java:56)
	at org.junit.internal.runners.statements.InvokeMethod.evaluate(InvokeMethod.java:17)
	at org.junit.internal.runners.statements.FailOnTimeout$CallableStatement.call(FailOnTimeout.java:288)
	at org.junit.internal.runners.statements.FailOnTimeout$CallableStatement.call(FailOnTimeout.java:282)
	at java.util.concurrent.FutureTask.run(FutureTask.java:266)
	at java.lang.Thread.run(Thread.java:748)
</skipped>
  </testcase>
  <testcase name="testListStatusOnLargeDirectory[1]" classname="org.apache.hadoop.fs.ozone.TestRootedOzoneFileSystem" time="10.748"/>
  <testcase name="testRenameToDifferentBucket[1]" classname="org.apache.hadoop.fs.ozone.TestRootedOzoneFileSystem" time="0.03"/>
  <testcase name="testListStatusInBucket[1]" classname="org.apache.hadoop.fs.ozone.TestRootedOzoneFileSystem" time="0.027"/>
  <testcase name="testRenameFileToDir[1]" classname="org.apache.hadoop.fs.ozone.TestRootedOzoneFileSystem" time="0.049"/>
  <testcase name="testNonPrivilegedUserMkdirCreateBucket[2]" classname="org.apache.hadoop.fs.ozone.TestRootedOzoneFileSystem" time="0">
    <skipped message="ACL is not enabled. Skipping this test as it requires ACL to be enabled to be meaningful." type="org.junit.AssumptionViolatedException">org.junit.AssumptionViolatedException: ACL is not enabled. Skipping this test as it requires ACL to be enabled to be meaningful.
	at org.junit.Assume.assumeTrue(Assume.java:68)
	at org.apache.hadoop.fs.ozone.TestRootedOzoneFileSystem.testNonPrivilegedUserMkdirCreateBucket(TestRootedOzoneFileSystem.java:1582)
	at sun.reflect.NativeMethodAccessorImpl.invoke0(Native Method)
	at sun.reflect.NativeMethodAccessorImpl.invoke(NativeMethodAccessorImpl.java:62)
	at sun.reflect.DelegatingMethodAccessorImpl.invoke(DelegatingMethodAccessorImpl.java:43)
	at java.lang.reflect.Method.invoke(Method.java:498)
	at org.junit.runners.model.FrameworkMethod$1.runReflectiveCall(FrameworkMethod.java:59)
	at org.junit.internal.runners.model.ReflectiveCallable.run(ReflectiveCallable.java:12)
	at org.junit.runners.model.FrameworkMethod.invokeExplosively(FrameworkMethod.java:56)
	at org.junit.internal.runners.statements.InvokeMethod.evaluate(InvokeMethod.java:17)
	at org.junit.internal.runners.statements.FailOnTimeout$CallableStatement.call(FailOnTimeout.java:288)
	at org.junit.internal.runners.statements.FailOnTimeout$CallableStatement.call(FailOnTimeout.java:282)
	at java.util.concurrent.FutureTask.run(FutureTask.java:266)
	at java.lang.Thread.run(Thread.java:748)
</skipped>
    <system-out><![CDATA[2021-12-22 08:22:02,571 [Listener at 127.0.0.1/41819] INFO  ozone.MiniOzoneClusterImpl (MiniOzoneClusterImpl.java:shutdown(453)) - Shutting down the Mini Ozone Cluster
2021-12-22 08:22:02,571 [Listener at 127.0.0.1/41819] INFO  ozone.MiniOzoneClusterImpl (MiniOzoneClusterImpl.java:stop(468)) - Stopping the Mini Ozone Cluster
2021-12-22 08:22:02,571 [Listener at 127.0.0.1/41819] INFO  ozone.MiniOzoneClusterImpl (MiniOzoneClusterImpl.java:stopOM(550)) - Stopping the OzoneManager
2021-12-22 08:22:02,571 [Listener at 127.0.0.1/41819] INFO  om.OzoneManager (OzoneManager.java:stop(1893)) - om1[localhost:0]: Stopping Ozone Manager
2021-12-22 08:22:02,571 [Listener at 127.0.0.1/41819] INFO  ipc.Server (Server.java:stop(3414)) - Stopping server on 41819
2021-12-22 08:22:02,575 [IPC Server Responder] INFO  ipc.Server (Server.java:run(1512)) - Stopping IPC Server Responder
2021-12-22 08:22:02,576 [Listener at 127.0.0.1/41819] INFO  server.RaftServer (RaftServerProxy.java:lambda$close$6(391)) - om1: close
2021-12-22 08:22:02,576 [Listener at 127.0.0.1/41819] INFO  server.RaftServer$Division (RaftServerImpl.java:lambda$close$4(412)) - om1@group-C5BA1605619E: shutdown
2021-12-22 08:22:02,576 [Listener at 127.0.0.1/41819] INFO  util.JmxRegister (JmxRegister.java:unregister(73)) - Successfully un-registered JMX Bean with object name Ratis:service=RaftServer,group=group-C5BA1605619E,id=om1
2021-12-22 08:22:02,576 [Listener at 127.0.0.1/41819] INFO  impl.RoleInfo (RoleInfo.java:shutdownLeaderState(91)) - om1: shutdown om1@group-C5BA1605619E-LeaderStateImpl
2021-12-22 08:22:02,576 [Listener at 127.0.0.1/41819] INFO  impl.PendingRequests (PendingRequests.java:sendNotLeaderResponses(282)) - om1@group-C5BA1605619E-PendingRequests: sendNotLeaderResponses
2021-12-22 08:22:02,577 [IPC Server listener on 0] INFO  ipc.Server (Server.java:run(1376)) - Stopping IPC Server listener on 0
2021-12-22 08:22:02,582 [Listener at 127.0.0.1/41819] INFO  impl.StateMachineUpdater (StateMachineUpdater.java:stopAndJoin(149)) - om1@group-C5BA1605619E-StateMachineUpdater: set stopIndex = 6554
2021-12-22 08:22:02,582 [om1@group-C5BA1605619E-StateMachineUpdater] INFO  ratis.OzoneManagerStateMachine (OzoneManagerStateMachine.java:takeSnapshot(417)) - Current Snapshot Index (t:1, i:6554)
2021-12-22 08:22:02,582 [om1@group-C5BA1605619E-StateMachineUpdater] INFO  impl.StateMachineUpdater (StateMachineUpdater.java:takeSnapshot(281)) - om1@group-C5BA1605619E-StateMachineUpdater: Took a snapshot at index 6554
2021-12-22 08:22:02,582 [om1@group-C5BA1605619E-StateMachineUpdater] INFO  impl.StateMachineUpdater (StateMachineUpdater.java:lambda$new$0(89)) - om1@group-C5BA1605619E-StateMachineUpdater: snapshotIndex: updateIncreasingly -1 -> 6554
2021-12-22 08:22:02,582 [om1@group-C5BA1605619E-StateMachineUpdater] INFO  ratis.OzoneManagerStateMachine (OzoneManagerStateMachine.java:close(471)) - StateMachine has shutdown. Shutdown OzoneManager if not already shutdown.
2021-12-22 08:22:02,582 [Listener at 127.0.0.1/41819] INFO  server.RaftServer$Division (ServerState.java:close(419)) - om1@group-C5BA1605619E: closes. applyIndex: 6554
2021-12-22 08:22:02,583 [om1@group-C5BA1605619E-SegmentedRaftLogWorker] INFO  segmented.SegmentedRaftLogWorker (SegmentedRaftLogWorker.java:run(327)) - om1@group-C5BA1605619E-SegmentedRaftLogWorker was interrupted, exiting. There are 0 tasks remaining in the queue.
2021-12-22 08:22:02,587 [Listener at 127.0.0.1/41819] INFO  segmented.SegmentedRaftLogWorker (SegmentedRaftLogWorker.java:close(237)) - om1@group-C5BA1605619E-SegmentedRaftLogWorker close()
2021-12-22 08:22:02,587 [Listener at 127.0.0.1/41819] INFO  server.GrpcService (GrpcService.java:closeImpl(262)) - om1: shutdown server with port 9872 now
2021-12-22 08:22:02,588 [Listener at 127.0.0.1/41819] INFO  server.GrpcService (GrpcService.java:closeImpl(271)) - om1: shutdown server with port 9872 successfully
2021-12-22 08:22:02,588 [org.apache.ratis.util.JvmPauseMonitor$$Lambda$528/1268289547@74db196c] INFO  util.JvmPauseMonitor (JvmPauseMonitor.java:run(109)) - JvmPauseMonitor-om1: Stopped
2021-12-22 08:22:02,588 [Listener at 127.0.0.1/41819] INFO  ratis.OzoneManagerDoubleBuffer (OzoneManagerDoubleBuffer.java:stop(437)) - Stopping OMDoubleBuffer flush thread
2021-12-22 08:22:02,594 [OMDoubleBufferFlushThread] INFO  ratis.OzoneManagerDoubleBuffer (OzoneManagerDoubleBuffer.java:flushTransactions(356)) - OMDoubleBuffer flush thread OMDoubleBufferFlushThread is interrupted and will exit. OMDoubleBufferFlushThread
2021-12-22 08:22:02,594 [Listener at 127.0.0.1/41819] INFO  utils.BackgroundService (BackgroundService.java:shutdown(132)) - Shutting down service KeyDeletingService
2021-12-22 08:22:02,598 [Listener at 127.0.0.1/41819] INFO  utils.BackgroundService (BackgroundService.java:shutdown(132)) - Shutting down service DirectoryDeletingService
2021-12-22 08:22:02,598 [Listener at 127.0.0.1/41819] INFO  handler.ContextHandler (ContextHandler.java:doStop(1153)) - Stopped o.e.j.w.WebAppContext@503056df{ozoneManager,/,null,STOPPED}{file:/home/runner/work/ozone/ozone/hadoop-ozone/integration-test/target/test-classes/webapps/ozoneManager}
2021-12-22 08:22:02,599 [Listener at 127.0.0.1/41819] INFO  server.AbstractConnector (AbstractConnector.java:doStop(381)) - Stopped ServerConnector@6201a108{HTTP/1.1, (http/1.1)}{0.0.0.0:0}
2021-12-22 08:22:02,599 [Listener at 127.0.0.1/41819] INFO  server.session (HouseKeeper.java:stopScavenging(149)) - node0 Stopped scavenging
2021-12-22 08:22:02,599 [Listener at 127.0.0.1/41819] INFO  handler.ContextHandler (ContextHandler.java:doStop(1153)) - Stopped o.e.j.s.ServletContextHandler@155150c4{static,/static,file:///home/runner/work/ozone/ozone/hadoop-ozone/integration-test/target/test-classes/webapps/static,STOPPED}
2021-12-22 08:22:02,600 [Listener at 127.0.0.1/41819] INFO  handler.ContextHandler (ContextHandler.java:doStop(1153)) - Stopped o.e.j.s.ServletContextHandler@75a4ca1{logs,/logs,file:///home/runner/work/ozone/ozone/hadoop-ozone/integration-test/target/log,STOPPED}
2021-12-22 08:22:02,601 [Trash Emptier] ERROR om.TrashPolicyOzone (TrashPolicyOzone.java:run(251)) - Error attempting to shutdown
java.lang.InterruptedException
	at java.util.concurrent.locks.AbstractQueuedSynchronizer$ConditionObject.awaitNanos(AbstractQueuedSynchronizer.java:2067)
	at java.util.concurrent.ThreadPoolExecutor.awaitTermination(ThreadPoolExecutor.java:1475)
	at org.apache.hadoop.ozone.om.TrashPolicyOzone$Emptier.run(TrashPolicyOzone.java:249)
	at java.lang.Thread.run(Thread.java:748)
2021-12-22 08:22:02,616 [Listener at 127.0.0.1/41819] INFO  ozone.MiniOzoneClusterImpl (MiniOzoneClusterImpl.java:stopDatanodes(527)) - Stopping the HddsDatanodes
2021-12-22 08:22:07,621 [Listener at 127.0.0.1/41819] INFO  ozoneimpl.OzoneContainer (OzoneContainer.java:stop(336)) - Attempting to stop container services.
2021-12-22 08:22:07,622 [Listener at 127.0.0.1/41819] INFO  server.RaftServer (RaftServerProxy.java:lambda$close$6(391)) - c19439a8-65a6-496b-9498-43e5174085b7: close
2021-12-22 08:22:07,622 [Listener at 127.0.0.1/41819] INFO  server.RaftServer$Division (RaftServerImpl.java:lambda$close$4(412)) - c19439a8-65a6-496b-9498-43e5174085b7@group-80A891DC6026: shutdown
2021-12-22 08:22:07,623 [Listener at 127.0.0.1/41819] INFO  util.JmxRegister (JmxRegister.java:unregister(73)) - Successfully un-registered JMX Bean with object name Ratis:service=RaftServer,group=group-80A891DC6026,id=c19439a8-65a6-496b-9498-43e5174085b7
2021-12-22 08:22:07,623 [Listener at 127.0.0.1/41819] INFO  impl.RoleInfo (RoleInfo.java:shutdownFollowerState(108)) - c19439a8-65a6-496b-9498-43e5174085b7: shutdown c19439a8-65a6-496b-9498-43e5174085b7@group-80A891DC6026-FollowerState
2021-12-22 08:22:07,623 [Listener at 127.0.0.1/41819] INFO  impl.StateMachineUpdater (StateMachineUpdater.java:stopAndJoin(149)) - c19439a8-65a6-496b-9498-43e5174085b7@group-80A891DC6026-StateMachineUpdater: set stopIndex = 27
2021-12-22 08:22:07,623 [c19439a8-65a6-496b-9498-43e5174085b7@group-80A891DC6026-FollowerState] INFO  impl.FollowerState (FollowerState.java:run(143)) - c19439a8-65a6-496b-9498-43e5174085b7@group-80A891DC6026-FollowerState was interrupted: {}
java.lang.InterruptedException: sleep interrupted
	at java.lang.Thread.sleep(Native Method)
	at java.lang.Thread.sleep(Thread.java:340)
	at java.util.concurrent.TimeUnit.sleep(TimeUnit.java:386)
	at org.apache.ratis.util.TimeDuration.sleep(TimeDuration.java:324)
	at org.apache.ratis.util.TimeDuration.sleep(TimeDuration.java:309)
	at org.apache.ratis.server.impl.FollowerState.run(FollowerState.java:118)
2021-12-22 08:22:07,623 [c19439a8-65a6-496b-9498-43e5174085b7@group-80A891DC6026-StateMachineUpdater] INFO  ratis.ContainerStateMachine (ContainerStateMachine.java:takeSnapshot(299)) - group-80A891DC6026: Taking a snapshot at:(t:1, i:27) file /home/runner/work/ozone/ozone/hadoop-ozone/integration-test/target/test-dir/MiniOzoneClusterImpl-00f4b0a5-0ce4-4f12-84b0-ee0e83cef9cd/datanode-1/data/ratis/07b0f51d-e89c-40a3-aed3-80a891dc6026/sm/snapshot.1_27
2021-12-22 08:22:07,628 [ForkJoinPool.commonPool-worker-0] INFO  ozoneimpl.OzoneContainer (OzoneContainer.java:stop(336)) - Attempting to stop container services.
2021-12-22 08:22:07,628 [c19439a8-65a6-496b-9498-43e5174085b7@group-80A891DC6026-StateMachineUpdater] INFO  ratis.ContainerStateMachine (ContainerStateMachine.java:takeSnapshot(310)) - group-80A891DC6026: Finished taking a snapshot at:(t:1, i:27) file:/home/runner/work/ozone/ozone/hadoop-ozone/integration-test/target/test-dir/MiniOzoneClusterImpl-00f4b0a5-0ce4-4f12-84b0-ee0e83cef9cd/datanode-1/data/ratis/07b0f51d-e89c-40a3-aed3-80a891dc6026/sm/snapshot.1_27 took: 4 ms
2021-12-22 08:22:07,628 [c19439a8-65a6-496b-9498-43e5174085b7@group-80A891DC6026-StateMachineUpdater] INFO  impl.StateMachineUpdater (StateMachineUpdater.java:takeSnapshot(281)) - c19439a8-65a6-496b-9498-43e5174085b7@group-80A891DC6026-StateMachineUpdater: Took a snapshot at index 27
2021-12-22 08:22:07,628 [c19439a8-65a6-496b-9498-43e5174085b7@group-80A891DC6026-StateMachineUpdater] INFO  impl.StateMachineUpdater (StateMachineUpdater.java:lambda$new$0(89)) - c19439a8-65a6-496b-9498-43e5174085b7@group-80A891DC6026-StateMachineUpdater: snapshotIndex: updateIncreasingly -1 -> 27
2021-12-22 08:22:07,628 [ForkJoinPool.commonPool-worker-0] INFO  server.RaftServer (RaftServerProxy.java:lambda$close$6(391)) - 4805a73f-a3e0-41b8-8a05-ab746a3b3dd2: close
2021-12-22 08:22:07,628 [ForkJoinPool.commonPool-worker-0] INFO  server.RaftServer$Division (RaftServerImpl.java:lambda$close$4(412)) - 4805a73f-a3e0-41b8-8a05-ab746a3b3dd2@group-80A891DC6026: shutdown
2021-12-22 08:22:07,628 [ForkJoinPool.commonPool-worker-0] INFO  util.JmxRegister (JmxRegister.java:unregister(73)) - Successfully un-registered JMX Bean with object name Ratis:service=RaftServer,group=group-80A891DC6026,id=4805a73f-a3e0-41b8-8a05-ab746a3b3dd2
2021-12-22 08:22:07,628 [ForkJoinPool.commonPool-worker-0] INFO  impl.RoleInfo (RoleInfo.java:shutdownLeaderState(91)) - 4805a73f-a3e0-41b8-8a05-ab746a3b3dd2: shutdown 4805a73f-a3e0-41b8-8a05-ab746a3b3dd2@group-80A891DC6026-LeaderStateImpl
2021-12-22 08:22:07,629 [ForkJoinPool.commonPool-worker-0] INFO  impl.PendingRequests (PendingRequests.java:sendNotLeaderResponses(282)) - 4805a73f-a3e0-41b8-8a05-ab746a3b3dd2@group-80A891DC6026-PendingRequests: sendNotLeaderResponses
2021-12-22 08:22:07,629 [Listener at 127.0.0.1/41819] INFO  server.RaftServer$Division (ServerState.java:close(419)) - c19439a8-65a6-496b-9498-43e5174085b7@group-80A891DC6026: closes. applyIndex: 27
2021-12-22 08:22:07,629 [4805a73f-a3e0-41b8-8a05-ab746a3b3dd2@group-80A891DC6026->c19439a8-65a6-496b-9498-43e5174085b7-GrpcLogAppender-LogAppenderDaemon] WARN  server.GrpcLogAppender (GrpcLogAppender.java:mayWait(177)) - 4805a73f-a3e0-41b8-8a05-ab746a3b3dd2@group-80A891DC6026->c19439a8-65a6-496b-9498-43e5174085b7-GrpcLogAppender: Wait interrupted by java.lang.InterruptedException
2021-12-22 08:22:07,629 [c19439a8-65a6-496b-9498-43e5174085b7@group-80A891DC6026-SegmentedRaftLogWorker] INFO  segmented.SegmentedRaftLogWorker (SegmentedRaftLogWorker.java:run(327)) - c19439a8-65a6-496b-9498-43e5174085b7@group-80A891DC6026-SegmentedRaftLogWorker was interrupted, exiting. There are 0 tasks remaining in the queue.
2021-12-22 08:22:07,629 [4805a73f-a3e0-41b8-8a05-ab746a3b3dd2@group-80A891DC6026->6c76c5fa-aeae-467e-849a-767744d030cf-GrpcLogAppender-LogAppenderDaemon] WARN  server.GrpcLogAppender (GrpcLogAppender.java:mayWait(177)) - 4805a73f-a3e0-41b8-8a05-ab746a3b3dd2@group-80A891DC6026->6c76c5fa-aeae-467e-849a-767744d030cf-GrpcLogAppender: Wait interrupted by java.lang.InterruptedException
2021-12-22 08:22:07,631 [ForkJoinPool.commonPool-worker-0] INFO  impl.StateMachineUpdater (StateMachineUpdater.java:stopAndJoin(149)) - 4805a73f-a3e0-41b8-8a05-ab746a3b3dd2@group-80A891DC6026-StateMachineUpdater: set stopIndex = 27
2021-12-22 08:22:07,631 [4805a73f-a3e0-41b8-8a05-ab746a3b3dd2@group-80A891DC6026-StateMachineUpdater] INFO  ratis.ContainerStateMachine (ContainerStateMachine.java:takeSnapshot(299)) - group-80A891DC6026: Taking a snapshot at:(t:1, i:27) file /home/runner/work/ozone/ozone/hadoop-ozone/integration-test/target/test-dir/MiniOzoneClusterImpl-00f4b0a5-0ce4-4f12-84b0-ee0e83cef9cd/datanode-0/data/ratis/07b0f51d-e89c-40a3-aed3-80a891dc6026/sm/snapshot.1_27
2021-12-22 08:22:07,636 [Listener at 127.0.0.1/41819] INFO  segmented.SegmentedRaftLogWorker (SegmentedRaftLogWorker.java:close(237)) - c19439a8-65a6-496b-9498-43e5174085b7@group-80A891DC6026-SegmentedRaftLogWorker close()
2021-12-22 08:22:07,636 [4805a73f-a3e0-41b8-8a05-ab746a3b3dd2@group-80A891DC6026-StateMachineUpdater] INFO  ratis.ContainerStateMachine (ContainerStateMachine.java:takeSnapshot(310)) - group-80A891DC6026: Finished taking a snapshot at:(t:1, i:27) file:/home/runner/work/ozone/ozone/hadoop-ozone/integration-test/target/test-dir/MiniOzoneClusterImpl-00f4b0a5-0ce4-4f12-84b0-ee0e83cef9cd/datanode-0/data/ratis/07b0f51d-e89c-40a3-aed3-80a891dc6026/sm/snapshot.1_27 took: 5 ms
2021-12-22 08:22:07,637 [4805a73f-a3e0-41b8-8a05-ab746a3b3dd2@group-80A891DC6026-StateMachineUpdater] INFO  impl.StateMachineUpdater (StateMachineUpdater.java:takeSnapshot(281)) - 4805a73f-a3e0-41b8-8a05-ab746a3b3dd2@group-80A891DC6026-StateMachineUpdater: Took a snapshot at index 27
2021-12-22 08:22:07,637 [4805a73f-a3e0-41b8-8a05-ab746a3b3dd2@group-80A891DC6026-StateMachineUpdater] INFO  impl.StateMachineUpdater (StateMachineUpdater.java:lambda$new$0(89)) - 4805a73f-a3e0-41b8-8a05-ab746a3b3dd2@group-80A891DC6026-StateMachineUpdater: snapshotIndex: updateIncreasingly -1 -> 27
2021-12-22 08:22:07,637 [grpc-default-executor-2] INFO  server.GrpcServerProtocolService (GrpcServerProtocolService.java:onCompleted(140)) - c19439a8-65a6-496b-9498-43e5174085b7: Completed APPEND_ENTRIES, lastRequest: 4805a73f-a3e0-41b8-8a05-ab746a3b3dd2->c19439a8-65a6-496b-9498-43e5174085b7#261-t1,previous=(t:1, i:26),leaderCommit=25,initializing? true,entries: size=1, first=(t:1, i:27), METADATAENTRY(c:25)
2021-12-22 08:22:07,639 [grpc-default-executor-3] INFO  server.GrpcLogAppender (GrpcLogAppender.java:onCompleted(346)) - 4805a73f-a3e0-41b8-8a05-ab746a3b3dd2@group-80A891DC6026->c19439a8-65a6-496b-9498-43e5174085b7-AppendLogResponseHandler: follower responses appendEntries COMPLETED
2021-12-22 08:22:07,639 [grpc-default-executor-3] INFO  leader.FollowerInfo (FollowerInfoImpl.java:lambda$new$0(47)) - 4805a73f-a3e0-41b8-8a05-ab746a3b3dd2@group-80A891DC6026->c19439a8-65a6-496b-9498-43e5174085b7: nextIndex: updateUnconditionally 28 -> 27
2021-12-22 08:22:07,639 [Listener at 127.0.0.1/41819] INFO  server.RaftServer$Division (RaftServerImpl.java:lambda$close$4(412)) - c19439a8-65a6-496b-9498-43e5174085b7@group-5B3DF338ABD9: shutdown
2021-12-22 08:22:07,639 [Listener at 127.0.0.1/41819] INFO  util.JmxRegister (JmxRegister.java:unregister(73)) - Successfully un-registered JMX Bean with object name Ratis:service=RaftServer,group=group-5B3DF338ABD9,id=c19439a8-65a6-496b-9498-43e5174085b7
2021-12-22 08:22:07,639 [Listener at 127.0.0.1/41819] INFO  impl.RoleInfo (RoleInfo.java:shutdownLeaderState(91)) - c19439a8-65a6-496b-9498-43e5174085b7: shutdown c19439a8-65a6-496b-9498-43e5174085b7@group-5B3DF338ABD9-LeaderStateImpl
2021-12-22 08:22:07,640 [Listener at 127.0.0.1/41819] INFO  impl.PendingRequests (PendingRequests.java:sendNotLeaderResponses(282)) - c19439a8-65a6-496b-9498-43e5174085b7@group-5B3DF338ABD9-PendingRequests: sendNotLeaderResponses
2021-12-22 08:22:07,640 [ForkJoinPool.commonPool-worker-0] INFO  server.RaftServer$Division (ServerState.java:close(419)) - 4805a73f-a3e0-41b8-8a05-ab746a3b3dd2@group-80A891DC6026: closes. applyIndex: 27
2021-12-22 08:22:07,640 [4805a73f-a3e0-41b8-8a05-ab746a3b3dd2@group-80A891DC6026-SegmentedRaftLogWorker] INFO  segmented.SegmentedRaftLogWorker (SegmentedRaftLogWorker.java:run(327)) - 4805a73f-a3e0-41b8-8a05-ab746a3b3dd2@group-80A891DC6026-SegmentedRaftLogWorker was interrupted, exiting. There are 0 tasks remaining in the queue.
2021-12-22 08:22:07,640 [ForkJoinPool.commonPool-worker-0] INFO  segmented.SegmentedRaftLogWorker (SegmentedRaftLogWorker.java:close(237)) - 4805a73f-a3e0-41b8-8a05-ab746a3b3dd2@group-80A891DC6026-SegmentedRaftLogWorker close()
2021-12-22 08:22:07,641 [c19439a8-65a6-496b-9498-43e5174085b7@group-5B3DF338ABD9-StateMachineUpdater] INFO  ratis.ContainerStateMachine (ContainerStateMachine.java:takeSnapshot(299)) - group-5B3DF338ABD9: Taking a snapshot at:(t:1, i:0) file /home/runner/work/ozone/ozone/hadoop-ozone/integration-test/target/test-dir/MiniOzoneClusterImpl-00f4b0a5-0ce4-4f12-84b0-ee0e83cef9cd/datanode-1/data/ratis/267fe9c5-9105-4abd-b015-5b3df338abd9/sm/snapshot.1_0
2021-12-22 08:22:07,641 [Listener at 127.0.0.1/41819] INFO  impl.StateMachineUpdater (StateMachineUpdater.java:stopAndJoin(149)) - c19439a8-65a6-496b-9498-43e5174085b7@group-5B3DF338ABD9-StateMachineUpdater: set stopIndex = 0
2021-12-22 08:22:07,647 [ForkJoinPool.commonPool-worker-0] INFO  server.RaftServer$Division (RaftServerImpl.java:lambda$close$4(412)) - 4805a73f-a3e0-41b8-8a05-ab746a3b3dd2@group-F1F90A711E06: shutdown
2021-12-22 08:22:07,648 [ForkJoinPool.commonPool-worker-0] INFO  util.JmxRegister (JmxRegister.java:unregister(73)) - Successfully un-registered JMX Bean with object name Ratis:service=RaftServer,group=group-F1F90A711E06,id=4805a73f-a3e0-41b8-8a05-ab746a3b3dd2
2021-12-22 08:22:07,648 [ForkJoinPool.commonPool-worker-0] INFO  impl.RoleInfo (RoleInfo.java:shutdownLeaderState(91)) - 4805a73f-a3e0-41b8-8a05-ab746a3b3dd2: shutdown 4805a73f-a3e0-41b8-8a05-ab746a3b3dd2@group-F1F90A711E06-LeaderStateImpl
2021-12-22 08:22:07,648 [ForkJoinPool.commonPool-worker-0] INFO  impl.PendingRequests (PendingRequests.java:sendNotLeaderResponses(282)) - 4805a73f-a3e0-41b8-8a05-ab746a3b3dd2@group-F1F90A711E06-PendingRequests: sendNotLeaderResponses
2021-12-22 08:22:07,648 [ForkJoinPool.commonPool-worker-0] INFO  impl.StateMachineUpdater (StateMachineUpdater.java:stopAndJoin(149)) - 4805a73f-a3e0-41b8-8a05-ab746a3b3dd2@group-F1F90A711E06-StateMachineUpdater: set stopIndex = 0
2021-12-22 08:22:07,649 [4805a73f-a3e0-41b8-8a05-ab746a3b3dd2@group-F1F90A711E06-StateMachineUpdater] INFO  ratis.ContainerStateMachine (ContainerStateMachine.java:takeSnapshot(299)) - group-F1F90A711E06: Taking a snapshot at:(t:1, i:0) file /home/runner/work/ozone/ozone/hadoop-ozone/integration-test/target/test-dir/MiniOzoneClusterImpl-00f4b0a5-0ce4-4f12-84b0-ee0e83cef9cd/datanode-0/data/ratis/2e03cc8d-22ec-4e3f-9508-f1f90a711e06/sm/snapshot.1_0
2021-12-22 08:22:07,649 [grpc-default-executor-3] INFO  server.GrpcServerProtocolService (GrpcServerProtocolService.java:onCompleted(140)) - 6c76c5fa-aeae-467e-849a-767744d030cf: Completed APPEND_ENTRIES, lastRequest: 4805a73f-a3e0-41b8-8a05-ab746a3b3dd2->6c76c5fa-aeae-467e-849a-767744d030cf#264-t1,previous=(t:1, i:26),leaderCommit=25,initializing? true,entries: size=1, first=(t:1, i:27), METADATAENTRY(c:25)
2021-12-22 08:22:07,650 [4805a73f-a3e0-41b8-8a05-ab746a3b3dd2@group-F1F90A711E06-StateMachineUpdater] INFO  ratis.ContainerStateMachine (ContainerStateMachine.java:takeSnapshot(310)) - group-F1F90A711E06: Finished taking a snapshot at:(t:1, i:0) file:/home/runner/work/ozone/ozone/hadoop-ozone/integration-test/target/test-dir/MiniOzoneClusterImpl-00f4b0a5-0ce4-4f12-84b0-ee0e83cef9cd/datanode-0/data/ratis/2e03cc8d-22ec-4e3f-9508-f1f90a711e06/sm/snapshot.1_0 took: 1 ms
2021-12-22 08:22:07,650 [4805a73f-a3e0-41b8-8a05-ab746a3b3dd2@group-F1F90A711E06-StateMachineUpdater] INFO  impl.StateMachineUpdater (StateMachineUpdater.java:takeSnapshot(281)) - 4805a73f-a3e0-41b8-8a05-ab746a3b3dd2@group-F1F90A711E06-StateMachineUpdater: Took a snapshot at index 0
2021-12-22 08:22:07,650 [4805a73f-a3e0-41b8-8a05-ab746a3b3dd2@group-F1F90A711E06-StateMachineUpdater] INFO  impl.StateMachineUpdater (StateMachineUpdater.java:lambda$new$0(89)) - 4805a73f-a3e0-41b8-8a05-ab746a3b3dd2@group-F1F90A711E06-StateMachineUpdater: snapshotIndex: updateIncreasingly -1 -> 0
2021-12-22 08:22:07,650 [grpc-default-executor-3] INFO  server.GrpcLogAppender (GrpcLogAppender.java:onCompleted(346)) - 4805a73f-a3e0-41b8-8a05-ab746a3b3dd2@group-80A891DC6026->6c76c5fa-aeae-467e-849a-767744d030cf-AppendLogResponseHandler: follower responses appendEntries COMPLETED
2021-12-22 08:22:07,650 [grpc-default-executor-3] INFO  leader.FollowerInfo (FollowerInfoImpl.java:lambda$new$0(47)) - 4805a73f-a3e0-41b8-8a05-ab746a3b3dd2@group-80A891DC6026->6c76c5fa-aeae-467e-849a-767744d030cf: nextIndex: updateUnconditionally 28 -> 27
2021-12-22 08:22:07,650 [ForkJoinPool.commonPool-worker-0] INFO  server.RaftServer$Division (ServerState.java:close(419)) - 4805a73f-a3e0-41b8-8a05-ab746a3b3dd2@group-F1F90A711E06: closes. applyIndex: 0
2021-12-22 08:22:07,651 [4805a73f-a3e0-41b8-8a05-ab746a3b3dd2@group-F1F90A711E06-SegmentedRaftLogWorker] INFO  segmented.SegmentedRaftLogWorker (SegmentedRaftLogWorker.java:run(327)) - 4805a73f-a3e0-41b8-8a05-ab746a3b3dd2@group-F1F90A711E06-SegmentedRaftLogWorker was interrupted, exiting. There are 0 tasks remaining in the queue.
2021-12-22 08:22:07,651 [ForkJoinPool.commonPool-worker-0] INFO  segmented.SegmentedRaftLogWorker (SegmentedRaftLogWorker.java:close(237)) - 4805a73f-a3e0-41b8-8a05-ab746a3b3dd2@group-F1F90A711E06-SegmentedRaftLogWorker close()
2021-12-22 08:22:07,651 [c19439a8-65a6-496b-9498-43e5174085b7@group-5B3DF338ABD9-StateMachineUpdater] INFO  ratis.ContainerStateMachine (ContainerStateMachine.java:takeSnapshot(310)) - group-5B3DF338ABD9: Finished taking a snapshot at:(t:1, i:0) file:/home/runner/work/ozone/ozone/hadoop-ozone/integration-test/target/test-dir/MiniOzoneClusterImpl-00f4b0a5-0ce4-4f12-84b0-ee0e83cef9cd/datanode-1/data/ratis/267fe9c5-9105-4abd-b015-5b3df338abd9/sm/snapshot.1_0 took: 11 ms
2021-12-22 08:22:07,652 [ForkJoinPool.commonPool-worker-0] INFO  server.RaftServer$Division (RaftServerImpl.java:lambda$close$4(412)) - 4805a73f-a3e0-41b8-8a05-ab746a3b3dd2@group-82C5F9BDF5A8: shutdown
2021-12-22 08:22:07,652 [ForkJoinPool.commonPool-worker-0] INFO  util.JmxRegister (JmxRegister.java:unregister(73)) - Successfully un-registered JMX Bean with object name Ratis:service=RaftServer,group=group-82C5F9BDF5A8,id=4805a73f-a3e0-41b8-8a05-ab746a3b3dd2
2021-12-22 08:22:07,652 [ForkJoinPool.commonPool-worker-0] INFO  impl.RoleInfo (RoleInfo.java:shutdownFollowerState(108)) - 4805a73f-a3e0-41b8-8a05-ab746a3b3dd2: shutdown 4805a73f-a3e0-41b8-8a05-ab746a3b3dd2@group-82C5F9BDF5A8-FollowerState
2021-12-22 08:22:07,652 [ForkJoinPool.commonPool-worker-0] INFO  impl.StateMachineUpdater (StateMachineUpdater.java:stopAndJoin(149)) - 4805a73f-a3e0-41b8-8a05-ab746a3b3dd2@group-82C5F9BDF5A8-StateMachineUpdater: set stopIndex = 0
2021-12-22 08:22:07,652 [4805a73f-a3e0-41b8-8a05-ab746a3b3dd2@group-82C5F9BDF5A8-FollowerState] INFO  impl.FollowerState (FollowerState.java:run(143)) - 4805a73f-a3e0-41b8-8a05-ab746a3b3dd2@group-82C5F9BDF5A8-FollowerState was interrupted: {}
java.lang.InterruptedException: sleep interrupted
	at java.lang.Thread.sleep(Native Method)
	at java.lang.Thread.sleep(Thread.java:340)
	at java.util.concurrent.TimeUnit.sleep(TimeUnit.java:386)
	at org.apache.ratis.util.TimeDuration.sleep(TimeDuration.java:324)
	at org.apache.ratis.util.TimeDuration.sleep(TimeDuration.java:309)
	at org.apache.ratis.server.impl.FollowerState.run(FollowerState.java:118)
2021-12-22 08:22:07,652 [4805a73f-a3e0-41b8-8a05-ab746a3b3dd2@group-82C5F9BDF5A8-StateMachineUpdater] INFO  ratis.ContainerStateMachine (ContainerStateMachine.java:takeSnapshot(299)) - group-82C5F9BDF5A8: Taking a snapshot at:(t:2, i:0) file /home/runner/work/ozone/ozone/hadoop-ozone/integration-test/target/test-dir/MiniOzoneClusterImpl-00f4b0a5-0ce4-4f12-84b0-ee0e83cef9cd/datanode-0/data/ratis/d7bda2f7-b74f-4320-970b-82c5f9bdf5a8/sm/snapshot.2_0
2021-12-22 08:22:07,652 [c19439a8-65a6-496b-9498-43e5174085b7@group-5B3DF338ABD9-StateMachineUpdater] INFO  impl.StateMachineUpdater (StateMachineUpdater.java:takeSnapshot(281)) - c19439a8-65a6-496b-9498-43e5174085b7@group-5B3DF338ABD9-StateMachineUpdater: Took a snapshot at index 0
2021-12-22 08:22:07,653 [c19439a8-65a6-496b-9498-43e5174085b7@group-5B3DF338ABD9-StateMachineUpdater] INFO  impl.StateMachineUpdater (StateMachineUpdater.java:lambda$new$0(89)) - c19439a8-65a6-496b-9498-43e5174085b7@group-5B3DF338ABD9-StateMachineUpdater: snapshotIndex: updateIncreasingly -1 -> 0
2021-12-22 08:22:07,653 [Listener at 127.0.0.1/41819] INFO  server.RaftServer$Division (ServerState.java:close(419)) - c19439a8-65a6-496b-9498-43e5174085b7@group-5B3DF338ABD9: closes. applyIndex: 0
2021-12-22 08:22:07,653 [c19439a8-65a6-496b-9498-43e5174085b7@group-5B3DF338ABD9-SegmentedRaftLogWorker] INFO  segmented.SegmentedRaftLogWorker (SegmentedRaftLogWorker.java:run(327)) - c19439a8-65a6-496b-9498-43e5174085b7@group-5B3DF338ABD9-SegmentedRaftLogWorker was interrupted, exiting. There are 0 tasks remaining in the queue.
2021-12-22 08:22:07,653 [Listener at 127.0.0.1/41819] INFO  segmented.SegmentedRaftLogWorker (SegmentedRaftLogWorker.java:close(237)) - c19439a8-65a6-496b-9498-43e5174085b7@group-5B3DF338ABD9-SegmentedRaftLogWorker close()
2021-12-22 08:22:07,653 [4805a73f-a3e0-41b8-8a05-ab746a3b3dd2@group-82C5F9BDF5A8-StateMachineUpdater] INFO  ratis.ContainerStateMachine (ContainerStateMachine.java:takeSnapshot(310)) - group-82C5F9BDF5A8: Finished taking a snapshot at:(t:2, i:0) file:/home/runner/work/ozone/ozone/hadoop-ozone/integration-test/target/test-dir/MiniOzoneClusterImpl-00f4b0a5-0ce4-4f12-84b0-ee0e83cef9cd/datanode-0/data/ratis/d7bda2f7-b74f-4320-970b-82c5f9bdf5a8/sm/snapshot.2_0 took: 1 ms
2021-12-22 08:22:07,654 [4805a73f-a3e0-41b8-8a05-ab746a3b3dd2@group-82C5F9BDF5A8-StateMachineUpdater] INFO  impl.StateMachineUpdater (StateMachineUpdater.java:takeSnapshot(281)) - 4805a73f-a3e0-41b8-8a05-ab746a3b3dd2@group-82C5F9BDF5A8-StateMachineUpdater: Took a snapshot at index 0
2021-12-22 08:22:07,654 [4805a73f-a3e0-41b8-8a05-ab746a3b3dd2@group-82C5F9BDF5A8-StateMachineUpdater] INFO  impl.StateMachineUpdater (StateMachineUpdater.java:lambda$new$0(89)) - 4805a73f-a3e0-41b8-8a05-ab746a3b3dd2@group-82C5F9BDF5A8-StateMachineUpdater: snapshotIndex: updateIncreasingly -1 -> 0
2021-12-22 08:22:07,658 [ForkJoinPool.commonPool-worker-0] INFO  server.RaftServer$Division (ServerState.java:close(419)) - 4805a73f-a3e0-41b8-8a05-ab746a3b3dd2@group-82C5F9BDF5A8: closes. applyIndex: 0
2021-12-22 08:22:07,658 [4805a73f-a3e0-41b8-8a05-ab746a3b3dd2@group-82C5F9BDF5A8-SegmentedRaftLogWorker] INFO  segmented.SegmentedRaftLogWorker (SegmentedRaftLogWorker.java:run(327)) - 4805a73f-a3e0-41b8-8a05-ab746a3b3dd2@group-82C5F9BDF5A8-SegmentedRaftLogWorker was interrupted, exiting. There are 0 tasks remaining in the queue.
2021-12-22 08:22:07,662 [Listener at 127.0.0.1/41819] INFO  server.RaftServer$Division (RaftServerImpl.java:lambda$close$4(412)) - c19439a8-65a6-496b-9498-43e5174085b7@group-82C5F9BDF5A8: shutdown
2021-12-22 08:22:07,662 [Listener at 127.0.0.1/41819] INFO  util.JmxRegister (JmxRegister.java:unregister(73)) - Successfully un-registered JMX Bean with object name Ratis:service=RaftServer,group=group-82C5F9BDF5A8,id=c19439a8-65a6-496b-9498-43e5174085b7
2021-12-22 08:22:07,662 [Listener at 127.0.0.1/41819] INFO  impl.RoleInfo (RoleInfo.java:shutdownLeaderState(91)) - c19439a8-65a6-496b-9498-43e5174085b7: shutdown c19439a8-65a6-496b-9498-43e5174085b7@group-82C5F9BDF5A8-LeaderStateImpl
2021-12-22 08:22:07,662 [Listener at 127.0.0.1/41819] INFO  impl.PendingRequests (PendingRequests.java:sendNotLeaderResponses(282)) - c19439a8-65a6-496b-9498-43e5174085b7@group-82C5F9BDF5A8-PendingRequests: sendNotLeaderResponses
2021-12-22 08:22:07,663 [Listener at 127.0.0.1/41819] INFO  impl.StateMachineUpdater (StateMachineUpdater.java:stopAndJoin(149)) - c19439a8-65a6-496b-9498-43e5174085b7@group-82C5F9BDF5A8-StateMachineUpdater: set stopIndex = 0
2021-12-22 08:22:07,663 [c19439a8-65a6-496b-9498-43e5174085b7@group-82C5F9BDF5A8->4805a73f-a3e0-41b8-8a05-ab746a3b3dd2-GrpcLogAppender-LogAppenderDaemon] WARN  server.GrpcLogAppender (GrpcLogAppender.java:mayWait(177)) - c19439a8-65a6-496b-9498-43e5174085b7@group-82C5F9BDF5A8->4805a73f-a3e0-41b8-8a05-ab746a3b3dd2-GrpcLogAppender: Wait interrupted by java.lang.InterruptedException
2021-12-22 08:22:07,663 [c19439a8-65a6-496b-9498-43e5174085b7@group-82C5F9BDF5A8->6c76c5fa-aeae-467e-849a-767744d030cf-GrpcLogAppender-LogAppenderDaemon] WARN  server.GrpcLogAppender (GrpcLogAppender.java:mayWait(177)) - c19439a8-65a6-496b-9498-43e5174085b7@group-82C5F9BDF5A8->6c76c5fa-aeae-467e-849a-767744d030cf-GrpcLogAppender: Wait interrupted by java.lang.InterruptedException
2021-12-22 08:22:07,664 [c19439a8-65a6-496b-9498-43e5174085b7@group-82C5F9BDF5A8-StateMachineUpdater] INFO  ratis.ContainerStateMachine (ContainerStateMachine.java:takeSnapshot(299)) - group-82C5F9BDF5A8: Taking a snapshot at:(t:2, i:0) file /home/runner/work/ozone/ozone/hadoop-ozone/integration-test/target/test-dir/MiniOzoneClusterImpl-00f4b0a5-0ce4-4f12-84b0-ee0e83cef9cd/datanode-1/data/ratis/d7bda2f7-b74f-4320-970b-82c5f9bdf5a8/sm/snapshot.2_0
2021-12-22 08:22:07,664 [grpc-default-executor-2] INFO  server.GrpcServerProtocolService (GrpcServerProtocolService.java:onCompleted(140)) - 4805a73f-a3e0-41b8-8a05-ab746a3b3dd2: Completed APPEND_ENTRIES, lastRequest: c19439a8-65a6-496b-9498-43e5174085b7->4805a73f-a3e0-41b8-8a05-ab746a3b3dd2#1-t2,previous=(t:0, i:0),leaderCommit=-1,initializing? true,entries: size=1, first=(t:2, i:0), CONFIGURATIONENTRY
2021-12-22 08:22:07,664 [grpc-default-executor-3] INFO  server.GrpcServerProtocolService (GrpcServerProtocolService.java:onCompleted(140)) - 6c76c5fa-aeae-467e-849a-767744d030cf: Completed APPEND_ENTRIES, lastRequest: c19439a8-65a6-496b-9498-43e5174085b7->6c76c5fa-aeae-467e-849a-767744d030cf#1-t2,previous=(t:0, i:0),leaderCommit=0,initializing? true,entries: size=1, first=(t:2, i:0), CONFIGURATIONENTRY
2021-12-22 08:22:07,664 [ForkJoinPool.commonPool-worker-0] INFO  segmented.SegmentedRaftLogWorker (SegmentedRaftLogWorker.java:close(237)) - 4805a73f-a3e0-41b8-8a05-ab746a3b3dd2@group-82C5F9BDF5A8-SegmentedRaftLogWorker close()
2021-12-22 08:22:07,665 [c19439a8-65a6-496b-9498-43e5174085b7@group-82C5F9BDF5A8-StateMachineUpdater] INFO  ratis.ContainerStateMachine (ContainerStateMachine.java:takeSnapshot(310)) - group-82C5F9BDF5A8: Finished taking a snapshot at:(t:2, i:0) file:/home/runner/work/ozone/ozone/hadoop-ozone/integration-test/target/test-dir/MiniOzoneClusterImpl-00f4b0a5-0ce4-4f12-84b0-ee0e83cef9cd/datanode-1/data/ratis/d7bda2f7-b74f-4320-970b-82c5f9bdf5a8/sm/snapshot.2_0 took: 1 ms
2021-12-22 08:22:07,665 [c19439a8-65a6-496b-9498-43e5174085b7@group-82C5F9BDF5A8-StateMachineUpdater] INFO  impl.StateMachineUpdater (StateMachineUpdater.java:takeSnapshot(281)) - c19439a8-65a6-496b-9498-43e5174085b7@group-82C5F9BDF5A8-StateMachineUpdater: Took a snapshot at index 0
2021-12-22 08:22:07,665 [c19439a8-65a6-496b-9498-43e5174085b7@group-82C5F9BDF5A8-StateMachineUpdater] INFO  impl.StateMachineUpdater (StateMachineUpdater.java:lambda$new$0(89)) - c19439a8-65a6-496b-9498-43e5174085b7@group-82C5F9BDF5A8-StateMachineUpdater: snapshotIndex: updateIncreasingly -1 -> 0
2021-12-22 08:22:07,665 [grpc-default-executor-2] INFO  server.GrpcLogAppender (GrpcLogAppender.java:onCompleted(346)) - c19439a8-65a6-496b-9498-43e5174085b7@group-82C5F9BDF5A8->6c76c5fa-aeae-467e-849a-767744d030cf-AppendLogResponseHandler: follower responses appendEntries COMPLETED
2021-12-22 08:22:07,665 [grpc-default-executor-1] INFO  server.GrpcLogAppender (GrpcLogAppender.java:onCompleted(346)) - c19439a8-65a6-496b-9498-43e5174085b7@group-82C5F9BDF5A8->4805a73f-a3e0-41b8-8a05-ab746a3b3dd2-AppendLogResponseHandler: follower responses appendEntries COMPLETED
2021-12-22 08:22:07,665 [grpc-default-executor-2] INFO  leader.FollowerInfo (FollowerInfoImpl.java:lambda$new$0(47)) - c19439a8-65a6-496b-9498-43e5174085b7@group-82C5F9BDF5A8->6c76c5fa-aeae-467e-849a-767744d030cf: nextIndex: updateUnconditionally 1 -> 0
2021-12-22 08:22:07,665 [grpc-default-executor-1] INFO  leader.FollowerInfo (FollowerInfoImpl.java:lambda$new$0(47)) - c19439a8-65a6-496b-9498-43e5174085b7@group-82C5F9BDF5A8->4805a73f-a3e0-41b8-8a05-ab746a3b3dd2: nextIndex: updateUnconditionally 1 -> 0
2021-12-22 08:22:07,667 [Listener at 127.0.0.1/41819] INFO  server.RaftServer$Division (ServerState.java:close(419)) - c19439a8-65a6-496b-9498-43e5174085b7@group-82C5F9BDF5A8: closes. applyIndex: 0
2021-12-22 08:22:07,667 [c19439a8-65a6-496b-9498-43e5174085b7@group-82C5F9BDF5A8-SegmentedRaftLogWorker] INFO  segmented.SegmentedRaftLogWorker (SegmentedRaftLogWorker.java:run(327)) - c19439a8-65a6-496b-9498-43e5174085b7@group-82C5F9BDF5A8-SegmentedRaftLogWorker was interrupted, exiting. There are 0 tasks remaining in the queue.
2021-12-22 08:22:07,668 [ForkJoinPool.commonPool-worker-0] INFO  server.GrpcService (GrpcService.java:closeImpl(262)) - 4805a73f-a3e0-41b8-8a05-ab746a3b3dd2: shutdown server with port 44169 now
2021-12-22 08:22:07,668 [Listener at 127.0.0.1/41819] INFO  segmented.SegmentedRaftLogWorker (SegmentedRaftLogWorker.java:close(237)) - c19439a8-65a6-496b-9498-43e5174085b7@group-82C5F9BDF5A8-SegmentedRaftLogWorker close()
2021-12-22 08:22:07,679 [Listener at 127.0.0.1/41819] INFO  server.GrpcService (GrpcService.java:closeImpl(262)) - c19439a8-65a6-496b-9498-43e5174085b7: shutdown server with port 34909 now
2021-12-22 08:22:07,669 [grpc-default-executor-3] WARN  client.GrpcClientProtocolService (LogUtils.java:warn(122)) - 1-UnorderedRequestStreamObserver1: onError: org.apache.ratis.thirdparty.io.grpc.StatusRuntimeException: CANCELLED: client cancelled
2021-12-22 08:22:07,705 [ForkJoinPool.commonPool-worker-0] INFO  server.GrpcService (GrpcService.java:closeImpl(271)) - 4805a73f-a3e0-41b8-8a05-ab746a3b3dd2: shutdown server with port 44169 successfully
2021-12-22 08:22:07,706 [org.apache.ratis.util.JvmPauseMonitor$$Lambda$528/1268289547@7f88e5f6] INFO  util.JvmPauseMonitor (JvmPauseMonitor.java:run(109)) - JvmPauseMonitor-4805a73f-a3e0-41b8-8a05-ab746a3b3dd2: Stopped
2021-12-22 08:22:07,712 [Listener at 127.0.0.1/41819] INFO  server.GrpcService (GrpcService.java:closeImpl(271)) - c19439a8-65a6-496b-9498-43e5174085b7: shutdown server with port 34909 successfully
2021-12-22 08:22:07,712 [org.apache.ratis.util.JvmPauseMonitor$$Lambda$528/1268289547@3db362c0] INFO  util.JvmPauseMonitor (JvmPauseMonitor.java:run(109)) - JvmPauseMonitor-c19439a8-65a6-496b-9498-43e5174085b7: Stopped
2021-12-22 08:22:09,716 [ForkJoinPool.commonPool-worker-0] INFO  utils.BackgroundService (BackgroundService.java:shutdown(132)) - Shutting down service BlockDeletingService
2021-12-22 08:22:09,726 [Listener at 127.0.0.1/41819] INFO  utils.BackgroundService (BackgroundService.java:shutdown(132)) - Shutting down service BlockDeletingService
2021-12-22 08:22:12,725 [ForkJoinPool.commonPool-worker-0] INFO  statemachine.DatanodeStateMachine (DatanodeStateMachine.java:stopDaemon(526)) - Ozone container server stopped.
2021-12-22 08:22:12,730 [ForkJoinPool.commonPool-worker-0] INFO  handler.ContextHandler (ContextHandler.java:doStop(1153)) - Stopped o.e.j.w.WebAppContext@a2c6068{hddsDatanode,/,null,STOPPED}{jar:file:/home/runner/.m2/repository/org/apache/ozone/hdds-container-service/1.3.0-SNAPSHOT/hdds-container-service-1.3.0-SNAPSHOT.jar!/webapps/hddsDatanode}
2021-12-22 08:22:12,731 [ForkJoinPool.commonPool-worker-0] INFO  server.AbstractConnector (AbstractConnector.java:doStop(381)) - Stopped ServerConnector@1e264875{HTTP/1.1, (http/1.1)}{0.0.0.0:0}
2021-12-22 08:22:12,731 [ForkJoinPool.commonPool-worker-0] INFO  server.session (HouseKeeper.java:stopScavenging(149)) - node0 Stopped scavenging
2021-12-22 08:22:12,731 [ForkJoinPool.commonPool-worker-0] INFO  handler.ContextHandler (ContextHandler.java:doStop(1153)) - Stopped o.e.j.s.ServletContextHandler@3e2c2452{static,/static,jar:file:/home/runner/.m2/repository/org/apache/ozone/hdds-container-service/1.3.0-SNAPSHOT/hdds-container-service-1.3.0-SNAPSHOT.jar!/webapps/static,STOPPED}
2021-12-22 08:22:12,732 [ForkJoinPool.commonPool-worker-0] INFO  handler.ContextHandler (ContextHandler.java:doStop(1153)) - Stopped o.e.j.s.ServletContextHandler@777d1e06{logs,/logs,file:///home/runner/work/ozone/ozone/hadoop-ozone/integration-test/target/log,STOPPED}
2021-12-22 08:22:12,737 [Listener at 127.0.0.1/41819] INFO  statemachine.DatanodeStateMachine (DatanodeStateMachine.java:stopDaemon(526)) - Ozone container server stopped.
2021-12-22 08:22:12,737 [Listener at 127.0.0.1/41819] INFO  handler.ContextHandler (ContextHandler.java:doStop(1153)) - Stopped o.e.j.w.WebAppContext@62e6f2db{hddsDatanode,/,null,STOPPED}{jar:file:/home/runner/.m2/repository/org/apache/ozone/hdds-container-service/1.3.0-SNAPSHOT/hdds-container-service-1.3.0-SNAPSHOT.jar!/webapps/hddsDatanode}
2021-12-22 08:22:12,738 [Listener at 127.0.0.1/41819] INFO  server.AbstractConnector (AbstractConnector.java:doStop(381)) - Stopped ServerConnector@e5522a5{HTTP/1.1, (http/1.1)}{0.0.0.0:0}
2021-12-22 08:22:12,738 [Listener at 127.0.0.1/41819] INFO  server.session (HouseKeeper.java:stopScavenging(149)) - node0 Stopped scavenging
2021-12-22 08:22:12,739 [Listener at 127.0.0.1/41819] INFO  handler.ContextHandler (ContextHandler.java:doStop(1153)) - Stopped o.e.j.s.ServletContextHandler@3718b463{static,/static,jar:file:/home/runner/.m2/repository/org/apache/ozone/hdds-container-service/1.3.0-SNAPSHOT/hdds-container-service-1.3.0-SNAPSHOT.jar!/webapps/static,STOPPED}
2021-12-22 08:22:12,739 [Listener at 127.0.0.1/41819] INFO  handler.ContextHandler (ContextHandler.java:doStop(1153)) - Stopped o.e.j.s.ServletContextHandler@2efeb5e5{logs,/logs,file:///home/runner/work/ozone/ozone/hadoop-ozone/integration-test/target/log,STOPPED}
2021-12-22 08:22:13,356 [6c76c5fa-aeae-467e-849a-767744d030cf@group-80A891DC6026-FollowerState] INFO  impl.FollowerState (FollowerState.java:run(134)) - 6c76c5fa-aeae-467e-849a-767744d030cf@group-80A891DC6026-FollowerState: change to CANDIDATE, lastRpcElapsedTime:6678779357ns, electionTimeout:5063ms
2021-12-22 08:22:13,356 [6c76c5fa-aeae-467e-849a-767744d030cf@group-80A891DC6026-FollowerState] INFO  impl.RoleInfo (RoleInfo.java:shutdownFollowerState(108)) - 6c76c5fa-aeae-467e-849a-767744d030cf: shutdown 6c76c5fa-aeae-467e-849a-767744d030cf@group-80A891DC6026-FollowerState
2021-12-22 08:22:13,356 [6c76c5fa-aeae-467e-849a-767744d030cf@group-80A891DC6026-FollowerState] INFO  server.RaftServer$Division (RaftServerImpl.java:setRole(290)) - 6c76c5fa-aeae-467e-849a-767744d030cf@group-80A891DC6026: changes role from  FOLLOWER to CANDIDATE at term 1 for changeToCandidate
2021-12-22 08:22:13,356 [6c76c5fa-aeae-467e-849a-767744d030cf@group-80A891DC6026-FollowerState] INFO  server.RaftServerConfigKeys (ConfUtils.java:logGet(44)) - raft.server.leaderelection.pre-vote = false (custom)
2021-12-22 08:22:13,356 [6c76c5fa-aeae-467e-849a-767744d030cf@group-80A891DC6026-FollowerState] INFO  impl.RoleInfo (RoleInfo.java:updateAndGet(130)) - 6c76c5fa-aeae-467e-849a-767744d030cf: start 6c76c5fa-aeae-467e-849a-767744d030cf@group-80A891DC6026-LeaderElection23
2021-12-22 08:22:13,378 [6c76c5fa-aeae-467e-849a-767744d030cf@group-80A891DC6026-LeaderElection23] INFO  server.RaftServer$Division (ServerState.java:setLeader(285)) - 6c76c5fa-aeae-467e-849a-767744d030cf@group-80A891DC6026: change Leader from 4805a73f-a3e0-41b8-8a05-ab746a3b3dd2 to null at term 1 for ELECTION
2021-12-22 08:22:13,381 [6c76c5fa-aeae-467e-849a-767744d030cf@group-80A891DC6026-LeaderElection23] INFO  impl.LeaderElection (LeaderElection.java:askForVotes(306)) - 6c76c5fa-aeae-467e-849a-767744d030cf@group-80A891DC6026-LeaderElection23 ELECTION round 0: submit vote requests at term 2 for 0: [6c76c5fa-aeae-467e-849a-767744d030cf|rpc:10.1.0.28:45481|dataStream:|priority:0, 4805a73f-a3e0-41b8-8a05-ab746a3b3dd2|rpc:10.1.0.28:44169|dataStream:|priority:1, c19439a8-65a6-496b-9498-43e5174085b7|rpc:10.1.0.28:34909|dataStream:|priority:0], old=null
2021-12-22 08:22:13,418 [6c76c5fa-aeae-467e-849a-767744d030cf@group-80A891DC6026-LeaderElection23] INFO  impl.LeaderElection (LogUtils.java:infoOrTrace(137)) - 6c76c5fa-aeae-467e-849a-767744d030cf@group-80A891DC6026-LeaderElection23 got exception when requesting votes: java.util.concurrent.ExecutionException: org.apache.ratis.thirdparty.io.grpc.StatusRuntimeException: UNAVAILABLE: io exception
2021-12-22 08:22:13,426 [6c76c5fa-aeae-467e-849a-767744d030cf@group-80A891DC6026-LeaderElection23] INFO  impl.LeaderElection (LogUtils.java:infoOrTrace(137)) - 6c76c5fa-aeae-467e-849a-767744d030cf@group-80A891DC6026-LeaderElection23 got exception when requesting votes: java.util.concurrent.ExecutionException: org.apache.ratis.thirdparty.io.grpc.StatusRuntimeException: UNAVAILABLE: io exception
2021-12-22 08:22:13,426 [6c76c5fa-aeae-467e-849a-767744d030cf@group-80A891DC6026-LeaderElection23] INFO  impl.LeaderElection (LeaderElection.java:logAndReturn(89)) - 6c76c5fa-aeae-467e-849a-767744d030cf@group-80A891DC6026-LeaderElection23: ELECTION REJECTED received 0 response(s) and 2 exception(s):
2021-12-22 08:22:13,426 [6c76c5fa-aeae-467e-849a-767744d030cf@group-80A891DC6026-LeaderElection23] INFO  impl.LeaderElection (LogUtils.java:infoOrTrace(137)) -   Exception 0: java.util.concurrent.ExecutionException: org.apache.ratis.thirdparty.io.grpc.StatusRuntimeException: UNAVAILABLE: io exception
2021-12-22 08:22:13,426 [6c76c5fa-aeae-467e-849a-767744d030cf@group-80A891DC6026-LeaderElection23] INFO  impl.LeaderElection (LogUtils.java:infoOrTrace(137)) -   Exception 1: java.util.concurrent.ExecutionException: org.apache.ratis.thirdparty.io.grpc.StatusRuntimeException: UNAVAILABLE: io exception
2021-12-22 08:22:13,426 [6c76c5fa-aeae-467e-849a-767744d030cf@group-80A891DC6026-LeaderElection23] INFO  impl.LeaderElection (LeaderElection.java:askForVotes(308)) - 6c76c5fa-aeae-467e-849a-767744d030cf@group-80A891DC6026-LeaderElection23 ELECTION round 0: result REJECTED
2021-12-22 08:22:13,426 [6c76c5fa-aeae-467e-849a-767744d030cf@group-80A891DC6026-LeaderElection23] INFO  server.RaftServer$Division (RaftServerImpl.java:setRole(290)) - 6c76c5fa-aeae-467e-849a-767744d030cf@group-80A891DC6026: changes role from CANDIDATE to FOLLOWER at term 2 for REJECTED
2021-12-22 08:22:13,426 [6c76c5fa-aeae-467e-849a-767744d030cf@group-80A891DC6026-LeaderElection23] INFO  impl.RoleInfo (RoleInfo.java:shutdownLeaderElection(121)) - 6c76c5fa-aeae-467e-849a-767744d030cf: shutdown 6c76c5fa-aeae-467e-849a-767744d030cf@group-80A891DC6026-LeaderElection23
2021-12-22 08:22:13,426 [6c76c5fa-aeae-467e-849a-767744d030cf@group-80A891DC6026-LeaderElection23] INFO  impl.RoleInfo (RoleInfo.java:updateAndGet(130)) - 6c76c5fa-aeae-467e-849a-767744d030cf: start 6c76c5fa-aeae-467e-849a-767744d030cf@group-80A891DC6026-FollowerState
2021-12-22 08:22:13,827 [6c76c5fa-aeae-467e-849a-767744d030cf@group-82C5F9BDF5A8-FollowerState] INFO  impl.FollowerState (FollowerState.java:run(134)) - 6c76c5fa-aeae-467e-849a-767744d030cf@group-82C5F9BDF5A8-FollowerState: change to CANDIDATE, lastRpcElapsedTime:7864541116ns, electionTimeout:5114ms
2021-12-22 08:22:13,828 [6c76c5fa-aeae-467e-849a-767744d030cf@group-82C5F9BDF5A8-FollowerState] INFO  impl.RoleInfo (RoleInfo.java:shutdownFollowerState(108)) - 6c76c5fa-aeae-467e-849a-767744d030cf: shutdown 6c76c5fa-aeae-467e-849a-767744d030cf@group-82C5F9BDF5A8-FollowerState
2021-12-22 08:22:13,828 [6c76c5fa-aeae-467e-849a-767744d030cf@group-82C5F9BDF5A8-FollowerState] INFO  server.RaftServer$Division (RaftServerImpl.java:setRole(290)) - 6c76c5fa-aeae-467e-849a-767744d030cf@group-82C5F9BDF5A8: changes role from  FOLLOWER to CANDIDATE at term 2 for changeToCandidate
2021-12-22 08:22:13,828 [6c76c5fa-aeae-467e-849a-767744d030cf@group-82C5F9BDF5A8-FollowerState] INFO  server.RaftServerConfigKeys (ConfUtils.java:logGet(44)) - raft.server.leaderelection.pre-vote = false (custom)
2021-12-22 08:22:13,828 [6c76c5fa-aeae-467e-849a-767744d030cf@group-82C5F9BDF5A8-FollowerState] INFO  impl.RoleInfo (RoleInfo.java:updateAndGet(130)) - 6c76c5fa-aeae-467e-849a-767744d030cf: start 6c76c5fa-aeae-467e-849a-767744d030cf@group-82C5F9BDF5A8-LeaderElection24
2021-12-22 08:22:13,840 [6c76c5fa-aeae-467e-849a-767744d030cf@group-82C5F9BDF5A8-LeaderElection24] INFO  server.RaftServer$Division (ServerState.java:setLeader(285)) - 6c76c5fa-aeae-467e-849a-767744d030cf@group-82C5F9BDF5A8: change Leader from c19439a8-65a6-496b-9498-43e5174085b7 to null at term 2 for ELECTION
2021-12-22 08:22:13,855 [6c76c5fa-aeae-467e-849a-767744d030cf@group-82C5F9BDF5A8-LeaderElection24] INFO  impl.LeaderElection (LeaderElection.java:askForVotes(306)) - 6c76c5fa-aeae-467e-849a-767744d030cf@group-82C5F9BDF5A8-LeaderElection24 ELECTION round 0: submit vote requests at term 3 for 0: [6c76c5fa-aeae-467e-849a-767744d030cf|rpc:10.1.0.28:45481|dataStream:|priority:0, 4805a73f-a3e0-41b8-8a05-ab746a3b3dd2|rpc:10.1.0.28:44169|dataStream:|priority:0, c19439a8-65a6-496b-9498-43e5174085b7|rpc:10.1.0.28:34909|dataStream:|priority:1], old=null
2021-12-22 08:22:13,874 [6c76c5fa-aeae-467e-849a-767744d030cf@group-82C5F9BDF5A8-LeaderElection24] INFO  impl.LeaderElection (LogUtils.java:infoOrTrace(137)) - 6c76c5fa-aeae-467e-849a-767744d030cf@group-82C5F9BDF5A8-LeaderElection24 got exception when requesting votes: java.util.concurrent.ExecutionException: org.apache.ratis.thirdparty.io.grpc.StatusRuntimeException: UNAVAILABLE: io exception
2021-12-22 08:22:13,874 [6c76c5fa-aeae-467e-849a-767744d030cf@group-82C5F9BDF5A8-LeaderElection24] INFO  impl.LeaderElection (LogUtils.java:infoOrTrace(137)) - 6c76c5fa-aeae-467e-849a-767744d030cf@group-82C5F9BDF5A8-LeaderElection24 got exception when requesting votes: java.util.concurrent.ExecutionException: org.apache.ratis.thirdparty.io.grpc.StatusRuntimeException: UNAVAILABLE: io exception
2021-12-22 08:22:13,874 [6c76c5fa-aeae-467e-849a-767744d030cf@group-82C5F9BDF5A8-LeaderElection24] INFO  impl.LeaderElection (LeaderElection.java:logAndReturn(89)) - 6c76c5fa-aeae-467e-849a-767744d030cf@group-82C5F9BDF5A8-LeaderElection24: ELECTION REJECTED received 0 response(s) and 2 exception(s):
2021-12-22 08:22:13,874 [6c76c5fa-aeae-467e-849a-767744d030cf@group-82C5F9BDF5A8-LeaderElection24] INFO  impl.LeaderElection (LogUtils.java:infoOrTrace(137)) -   Exception 0: java.util.concurrent.ExecutionException: org.apache.ratis.thirdparty.io.grpc.StatusRuntimeException: UNAVAILABLE: io exception
2021-12-22 08:22:13,874 [6c76c5fa-aeae-467e-849a-767744d030cf@group-82C5F9BDF5A8-LeaderElection24] INFO  impl.LeaderElection (LogUtils.java:infoOrTrace(137)) -   Exception 1: java.util.concurrent.ExecutionException: org.apache.ratis.thirdparty.io.grpc.StatusRuntimeException: UNAVAILABLE: io exception
2021-12-22 08:22:13,874 [6c76c5fa-aeae-467e-849a-767744d030cf@group-82C5F9BDF5A8-LeaderElection24] INFO  impl.LeaderElection (LeaderElection.java:askForVotes(308)) - 6c76c5fa-aeae-467e-849a-767744d030cf@group-82C5F9BDF5A8-LeaderElection24 ELECTION round 0: result REJECTED
2021-12-22 08:22:13,874 [6c76c5fa-aeae-467e-849a-767744d030cf@group-82C5F9BDF5A8-LeaderElection24] INFO  server.RaftServer$Division (RaftServerImpl.java:setRole(290)) - 6c76c5fa-aeae-467e-849a-767744d030cf@group-82C5F9BDF5A8: changes role from CANDIDATE to FOLLOWER at term 3 for REJECTED
2021-12-22 08:22:13,888 [6c76c5fa-aeae-467e-849a-767744d030cf@group-82C5F9BDF5A8-LeaderElection24] INFO  impl.RoleInfo (RoleInfo.java:shutdownLeaderElection(121)) - 6c76c5fa-aeae-467e-849a-767744d030cf: shutdown 6c76c5fa-aeae-467e-849a-767744d030cf@group-82C5F9BDF5A8-LeaderElection24
2021-12-22 08:22:13,888 [6c76c5fa-aeae-467e-849a-767744d030cf@group-82C5F9BDF5A8-LeaderElection24] INFO  impl.RoleInfo (RoleInfo.java:updateAndGet(130)) - 6c76c5fa-aeae-467e-849a-767744d030cf: start 6c76c5fa-aeae-467e-849a-767744d030cf@group-82C5F9BDF5A8-FollowerState
2021-12-22 08:22:17,744 [Listener at 127.0.0.1/41819] INFO  ozoneimpl.OzoneContainer (OzoneContainer.java:stop(336)) - Attempting to stop container services.
2021-12-22 08:22:17,745 [Listener at 127.0.0.1/41819] INFO  server.RaftServer (RaftServerProxy.java:lambda$close$6(391)) - 6c76c5fa-aeae-467e-849a-767744d030cf: close
2021-12-22 08:22:17,748 [Listener at 127.0.0.1/41819] INFO  server.RaftServer$Division (RaftServerImpl.java:lambda$close$4(412)) - 6c76c5fa-aeae-467e-849a-767744d030cf@group-80A891DC6026: shutdown
2021-12-22 08:22:17,748 [Listener at 127.0.0.1/41819] INFO  util.JmxRegister (JmxRegister.java:unregister(73)) - Successfully un-registered JMX Bean with object name Ratis:service=RaftServer,group=group-80A891DC6026,id=6c76c5fa-aeae-467e-849a-767744d030cf
2021-12-22 08:22:17,748 [Listener at 127.0.0.1/41819] INFO  impl.RoleInfo (RoleInfo.java:shutdownFollowerState(108)) - 6c76c5fa-aeae-467e-849a-767744d030cf: shutdown 6c76c5fa-aeae-467e-849a-767744d030cf@group-80A891DC6026-FollowerState
2021-12-22 08:22:17,749 [Listener at 127.0.0.1/41819] INFO  impl.StateMachineUpdater (StateMachineUpdater.java:stopAndJoin(149)) - 6c76c5fa-aeae-467e-849a-767744d030cf@group-80A891DC6026-StateMachineUpdater: set stopIndex = 27
2021-12-22 08:22:17,749 [6c76c5fa-aeae-467e-849a-767744d030cf@group-80A891DC6026-FollowerState] INFO  impl.FollowerState (FollowerState.java:run(143)) - 6c76c5fa-aeae-467e-849a-767744d030cf@group-80A891DC6026-FollowerState was interrupted: {}
java.lang.InterruptedException: sleep interrupted
	at java.lang.Thread.sleep(Native Method)
	at java.lang.Thread.sleep(Thread.java:340)
	at java.util.concurrent.TimeUnit.sleep(TimeUnit.java:386)
	at org.apache.ratis.util.TimeDuration.sleep(TimeDuration.java:324)
	at org.apache.ratis.util.TimeDuration.sleep(TimeDuration.java:309)
	at org.apache.ratis.server.impl.FollowerState.run(FollowerState.java:118)
2021-12-22 08:22:17,749 [6c76c5fa-aeae-467e-849a-767744d030cf@group-80A891DC6026-StateMachineUpdater] INFO  ratis.ContainerStateMachine (ContainerStateMachine.java:takeSnapshot(299)) - group-80A891DC6026: Taking a snapshot at:(t:1, i:27) file /home/runner/work/ozone/ozone/hadoop-ozone/integration-test/target/test-dir/MiniOzoneClusterImpl-00f4b0a5-0ce4-4f12-84b0-ee0e83cef9cd/datanode-2/data/ratis/07b0f51d-e89c-40a3-aed3-80a891dc6026/sm/snapshot.1_27
2021-12-22 08:22:17,770 [6c76c5fa-aeae-467e-849a-767744d030cf@group-80A891DC6026-StateMachineUpdater] INFO  ratis.ContainerStateMachine (ContainerStateMachine.java:takeSnapshot(310)) - group-80A891DC6026: Finished taking a snapshot at:(t:1, i:27) file:/home/runner/work/ozone/ozone/hadoop-ozone/integration-test/target/test-dir/MiniOzoneClusterImpl-00f4b0a5-0ce4-4f12-84b0-ee0e83cef9cd/datanode-2/data/ratis/07b0f51d-e89c-40a3-aed3-80a891dc6026/sm/snapshot.1_27 took: 20 ms
2021-12-22 08:22:17,770 [6c76c5fa-aeae-467e-849a-767744d030cf@group-80A891DC6026-StateMachineUpdater] INFO  impl.StateMachineUpdater (StateMachineUpdater.java:takeSnapshot(281)) - 6c76c5fa-aeae-467e-849a-767744d030cf@group-80A891DC6026-StateMachineUpdater: Took a snapshot at index 27
2021-12-22 08:22:17,770 [6c76c5fa-aeae-467e-849a-767744d030cf@group-80A891DC6026-StateMachineUpdater] INFO  impl.StateMachineUpdater (StateMachineUpdater.java:lambda$new$0(89)) - 6c76c5fa-aeae-467e-849a-767744d030cf@group-80A891DC6026-StateMachineUpdater: snapshotIndex: updateIncreasingly -1 -> 27
2021-12-22 08:22:17,770 [Listener at 127.0.0.1/41819] INFO  server.RaftServer$Division (ServerState.java:close(419)) - 6c76c5fa-aeae-467e-849a-767744d030cf@group-80A891DC6026: closes. applyIndex: 27
2021-12-22 08:22:17,771 [ForkJoinPool.commonPool-worker-1] INFO  server.RaftServer$Division (RaftServerImpl.java:lambda$close$4(412)) - 6c76c5fa-aeae-467e-849a-767744d030cf@group-82C5F9BDF5A8: shutdown
2021-12-22 08:22:17,771 [ForkJoinPool.commonPool-worker-1] INFO  util.JmxRegister (JmxRegister.java:unregister(73)) - Successfully un-registered JMX Bean with object name Ratis:service=RaftServer,group=group-82C5F9BDF5A8,id=6c76c5fa-aeae-467e-849a-767744d030cf
2021-12-22 08:22:17,771 [ForkJoinPool.commonPool-worker-1] INFO  impl.RoleInfo (RoleInfo.java:shutdownFollowerState(108)) - 6c76c5fa-aeae-467e-849a-767744d030cf: shutdown 6c76c5fa-aeae-467e-849a-767744d030cf@group-82C5F9BDF5A8-FollowerState
2021-12-22 08:22:17,771 [6c76c5fa-aeae-467e-849a-767744d030cf@group-82C5F9BDF5A8-FollowerState] INFO  impl.FollowerState (FollowerState.java:run(143)) - 6c76c5fa-aeae-467e-849a-767744d030cf@group-82C5F9BDF5A8-FollowerState was interrupted: {}
java.lang.InterruptedException: sleep interrupted
	at java.lang.Thread.sleep(Native Method)
	at java.lang.Thread.sleep(Thread.java:340)
	at java.util.concurrent.TimeUnit.sleep(TimeUnit.java:386)
	at org.apache.ratis.util.TimeDuration.sleep(TimeDuration.java:324)
	at org.apache.ratis.util.TimeDuration.sleep(TimeDuration.java:309)
	at org.apache.ratis.server.impl.FollowerState.run(FollowerState.java:118)
2021-12-22 08:22:17,771 [ForkJoinPool.commonPool-worker-1] INFO  impl.StateMachineUpdater (StateMachineUpdater.java:stopAndJoin(149)) - 6c76c5fa-aeae-467e-849a-767744d030cf@group-82C5F9BDF5A8-StateMachineUpdater: set stopIndex = 0
2021-12-22 08:22:17,786 [6c76c5fa-aeae-467e-849a-767744d030cf@group-82C5F9BDF5A8-StateMachineUpdater] INFO  ratis.ContainerStateMachine (ContainerStateMachine.java:takeSnapshot(299)) - group-82C5F9BDF5A8: Taking a snapshot at:(t:2, i:0) file /home/runner/work/ozone/ozone/hadoop-ozone/integration-test/target/test-dir/MiniOzoneClusterImpl-00f4b0a5-0ce4-4f12-84b0-ee0e83cef9cd/datanode-2/data/ratis/d7bda2f7-b74f-4320-970b-82c5f9bdf5a8/sm/snapshot.2_0
2021-12-22 08:22:17,786 [6c76c5fa-aeae-467e-849a-767744d030cf@group-80A891DC6026-SegmentedRaftLogWorker] INFO  segmented.SegmentedRaftLogWorker (SegmentedRaftLogWorker.java:run(327)) - 6c76c5fa-aeae-467e-849a-767744d030cf@group-80A891DC6026-SegmentedRaftLogWorker was interrupted, exiting. There are 0 tasks remaining in the queue.
2021-12-22 08:22:17,789 [Listener at 127.0.0.1/41819] INFO  segmented.SegmentedRaftLogWorker (SegmentedRaftLogWorker.java:close(237)) - 6c76c5fa-aeae-467e-849a-767744d030cf@group-80A891DC6026-SegmentedRaftLogWorker close()
2021-12-22 08:22:17,790 [Listener at 127.0.0.1/41819] INFO  server.RaftServer$Division (RaftServerImpl.java:lambda$close$4(412)) - 6c76c5fa-aeae-467e-849a-767744d030cf@group-4BE87D7EBF9A: shutdown
2021-12-22 08:22:17,790 [Listener at 127.0.0.1/41819] INFO  util.JmxRegister (JmxRegister.java:unregister(73)) - Successfully un-registered JMX Bean with object name Ratis:service=RaftServer,group=group-4BE87D7EBF9A,id=6c76c5fa-aeae-467e-849a-767744d030cf
2021-12-22 08:22:17,790 [Listener at 127.0.0.1/41819] INFO  impl.RoleInfo (RoleInfo.java:shutdownLeaderState(91)) - 6c76c5fa-aeae-467e-849a-767744d030cf: shutdown 6c76c5fa-aeae-467e-849a-767744d030cf@group-4BE87D7EBF9A-LeaderStateImpl
2021-12-22 08:22:17,791 [Listener at 127.0.0.1/41819] INFO  impl.PendingRequests (PendingRequests.java:sendNotLeaderResponses(282)) - 6c76c5fa-aeae-467e-849a-767744d030cf@group-4BE87D7EBF9A-PendingRequests: sendNotLeaderResponses
2021-12-22 08:22:17,791 [6c76c5fa-aeae-467e-849a-767744d030cf@group-82C5F9BDF5A8-StateMachineUpdater] INFO  ratis.ContainerStateMachine (ContainerStateMachine.java:takeSnapshot(310)) - group-82C5F9BDF5A8: Finished taking a snapshot at:(t:2, i:0) file:/home/runner/work/ozone/ozone/hadoop-ozone/integration-test/target/test-dir/MiniOzoneClusterImpl-00f4b0a5-0ce4-4f12-84b0-ee0e83cef9cd/datanode-2/data/ratis/d7bda2f7-b74f-4320-970b-82c5f9bdf5a8/sm/snapshot.2_0 took: 6 ms
2021-12-22 08:22:17,791 [Listener at 127.0.0.1/41819] INFO  impl.StateMachineUpdater (StateMachineUpdater.java:stopAndJoin(149)) - 6c76c5fa-aeae-467e-849a-767744d030cf@group-4BE87D7EBF9A-StateMachineUpdater: set stopIndex = 0
2021-12-22 08:22:17,792 [6c76c5fa-aeae-467e-849a-767744d030cf@group-4BE87D7EBF9A-StateMachineUpdater] INFO  ratis.ContainerStateMachine (ContainerStateMachine.java:takeSnapshot(299)) - group-4BE87D7EBF9A: Taking a snapshot at:(t:1, i:0) file /home/runner/work/ozone/ozone/hadoop-ozone/integration-test/target/test-dir/MiniOzoneClusterImpl-00f4b0a5-0ce4-4f12-84b0-ee0e83cef9cd/datanode-2/data/ratis/3404b3d2-8c07-41d2-a32b-4be87d7ebf9a/sm/snapshot.1_0
2021-12-22 08:22:17,791 [6c76c5fa-aeae-467e-849a-767744d030cf@group-82C5F9BDF5A8-StateMachineUpdater] INFO  impl.StateMachineUpdater (StateMachineUpdater.java:takeSnapshot(281)) - 6c76c5fa-aeae-467e-849a-767744d030cf@group-82C5F9BDF5A8-StateMachineUpdater: Took a snapshot at index 0
2021-12-22 08:22:17,792 [6c76c5fa-aeae-467e-849a-767744d030cf@group-82C5F9BDF5A8-StateMachineUpdater] INFO  impl.StateMachineUpdater (StateMachineUpdater.java:lambda$new$0(89)) - 6c76c5fa-aeae-467e-849a-767744d030cf@group-82C5F9BDF5A8-StateMachineUpdater: snapshotIndex: updateIncreasingly -1 -> 0
2021-12-22 08:22:17,792 [ForkJoinPool.commonPool-worker-1] INFO  server.RaftServer$Division (ServerState.java:close(419)) - 6c76c5fa-aeae-467e-849a-767744d030cf@group-82C5F9BDF5A8: closes. applyIndex: 0
2021-12-22 08:22:17,792 [6c76c5fa-aeae-467e-849a-767744d030cf@group-82C5F9BDF5A8-SegmentedRaftLogWorker] INFO  segmented.SegmentedRaftLogWorker (SegmentedRaftLogWorker.java:run(327)) - 6c76c5fa-aeae-467e-849a-767744d030cf@group-82C5F9BDF5A8-SegmentedRaftLogWorker was interrupted, exiting. There are 0 tasks remaining in the queue.
2021-12-22 08:22:17,792 [6c76c5fa-aeae-467e-849a-767744d030cf@group-4BE87D7EBF9A-StateMachineUpdater] INFO  ratis.ContainerStateMachine (ContainerStateMachine.java:takeSnapshot(310)) - group-4BE87D7EBF9A: Finished taking a snapshot at:(t:1, i:0) file:/home/runner/work/ozone/ozone/hadoop-ozone/integration-test/target/test-dir/MiniOzoneClusterImpl-00f4b0a5-0ce4-4f12-84b0-ee0e83cef9cd/datanode-2/data/ratis/3404b3d2-8c07-41d2-a32b-4be87d7ebf9a/sm/snapshot.1_0 took: 1 ms
2021-12-22 08:22:17,793 [6c76c5fa-aeae-467e-849a-767744d030cf@group-4BE87D7EBF9A-StateMachineUpdater] INFO  impl.StateMachineUpdater (StateMachineUpdater.java:takeSnapshot(281)) - 6c76c5fa-aeae-467e-849a-767744d030cf@group-4BE87D7EBF9A-StateMachineUpdater: Took a snapshot at index 0
2021-12-22 08:22:17,793 [6c76c5fa-aeae-467e-849a-767744d030cf@group-4BE87D7EBF9A-StateMachineUpdater] INFO  impl.StateMachineUpdater (StateMachineUpdater.java:lambda$new$0(89)) - 6c76c5fa-aeae-467e-849a-767744d030cf@group-4BE87D7EBF9A-StateMachineUpdater: snapshotIndex: updateIncreasingly -1 -> 0
2021-12-22 08:22:17,794 [Listener at 127.0.0.1/41819] INFO  server.RaftServer$Division (ServerState.java:close(419)) - 6c76c5fa-aeae-467e-849a-767744d030cf@group-4BE87D7EBF9A: closes. applyIndex: 0
2021-12-22 08:22:17,794 [6c76c5fa-aeae-467e-849a-767744d030cf@group-4BE87D7EBF9A-SegmentedRaftLogWorker] INFO  segmented.SegmentedRaftLogWorker (SegmentedRaftLogWorker.java:run(327)) - 6c76c5fa-aeae-467e-849a-767744d030cf@group-4BE87D7EBF9A-SegmentedRaftLogWorker was interrupted, exiting. There are 0 tasks remaining in the queue.
2021-12-22 08:22:17,794 [Listener at 127.0.0.1/41819] INFO  segmented.SegmentedRaftLogWorker (SegmentedRaftLogWorker.java:close(237)) - 6c76c5fa-aeae-467e-849a-767744d030cf@group-4BE87D7EBF9A-SegmentedRaftLogWorker close()
2021-12-22 08:22:17,802 [ForkJoinPool.commonPool-worker-1] INFO  segmented.SegmentedRaftLogWorker (SegmentedRaftLogWorker.java:close(237)) - 6c76c5fa-aeae-467e-849a-767744d030cf@group-82C5F9BDF5A8-SegmentedRaftLogWorker close()
2021-12-22 08:22:17,803 [Listener at 127.0.0.1/41819] INFO  server.GrpcService (GrpcService.java:closeImpl(262)) - 6c76c5fa-aeae-467e-849a-767744d030cf: shutdown server with port 45481 now
2021-12-22 08:22:17,821 [Listener at 127.0.0.1/41819] INFO  server.GrpcService (GrpcService.java:closeImpl(271)) - 6c76c5fa-aeae-467e-849a-767744d030cf: shutdown server with port 45481 successfully
2021-12-22 08:22:17,821 [org.apache.ratis.util.JvmPauseMonitor$$Lambda$528/1268289547@708c386c] INFO  util.JvmPauseMonitor (JvmPauseMonitor.java:run(109)) - JvmPauseMonitor-6c76c5fa-aeae-467e-849a-767744d030cf: Stopped
2021-12-22 08:22:19,829 [Listener at 127.0.0.1/41819] INFO  utils.BackgroundService (BackgroundService.java:shutdown(132)) - Shutting down service BlockDeletingService
2021-12-22 08:22:22,834 [Listener at 127.0.0.1/41819] INFO  statemachine.DatanodeStateMachine (DatanodeStateMachine.java:stopDaemon(526)) - Ozone container server stopped.
2021-12-22 08:22:22,835 [Listener at 127.0.0.1/41819] INFO  handler.ContextHandler (ContextHandler.java:doStop(1153)) - Stopped o.e.j.w.WebAppContext@45ab54c{hddsDatanode,/,null,STOPPED}{jar:file:/home/runner/.m2/repository/org/apache/ozone/hdds-container-service/1.3.0-SNAPSHOT/hdds-container-service-1.3.0-SNAPSHOT.jar!/webapps/hddsDatanode}
2021-12-22 08:22:22,837 [Listener at 127.0.0.1/41819] INFO  server.AbstractConnector (AbstractConnector.java:doStop(381)) - Stopped ServerConnector@1ffed69a{HTTP/1.1, (http/1.1)}{0.0.0.0:0}
2021-12-22 08:22:22,837 [Listener at 127.0.0.1/41819] INFO  server.session (HouseKeeper.java:stopScavenging(149)) - node0 Stopped scavenging
2021-12-22 08:22:22,837 [Listener at 127.0.0.1/41819] INFO  handler.ContextHandler (ContextHandler.java:doStop(1153)) - Stopped o.e.j.s.ServletContextHandler@3e881258{static,/static,jar:file:/home/runner/.m2/repository/org/apache/ozone/hdds-container-service/1.3.0-SNAPSHOT/hdds-container-service-1.3.0-SNAPSHOT.jar!/webapps/static,STOPPED}
2021-12-22 08:22:22,838 [Listener at 127.0.0.1/41819] INFO  handler.ContextHandler (ContextHandler.java:doStop(1153)) - Stopped o.e.j.s.ServletContextHandler@3b5cfc26{logs,/logs,file:///home/runner/work/ozone/ozone/hadoop-ozone/integration-test/target/log,STOPPED}
2021-12-22 08:22:22,846 [Listener at 127.0.0.1/41819] INFO  ozone.MiniOzoneClusterImpl (MiniOzoneClusterImpl.java:stopSCM(542)) - Stopping the StorageContainerManager
2021-12-22 08:22:22,846 [Listener at 127.0.0.1/41819] INFO  server.StorageContainerManager (StorageContainerManager.java:stop(1395)) - Stopping Container Balancer service.
2021-12-22 08:22:22,846 [Listener at 127.0.0.1/41819] INFO  balancer.ContainerBalancer (ContainerBalancer.java:stop(746)) - Container Balancer is not running.
2021-12-22 08:22:22,847 [Listener at 127.0.0.1/41819] INFO  server.StorageContainerManager (StorageContainerManager.java:stop(1402)) - Stopping Replication Manager Service.
2021-12-22 08:22:22,847 [Listener at 127.0.0.1/41819] INFO  container.ReplicationManager (ReplicationManager.java:stop(350)) - Stopping Replication Monitor Thread.
2021-12-22 08:22:22,847 [Listener at 127.0.0.1/41819] INFO  server.StorageContainerManager (StorageContainerManager.java:stop(1409)) - Stopping the Datanode Admin Monitor.
2021-12-22 08:22:22,847 [Listener at 127.0.0.1/41819] INFO  server.StorageContainerManager (StorageContainerManager.java:stop(1416)) - Stopping Lease Manager of the command watchers
2021-12-22 08:22:22,847 [Listener at 127.0.0.1/41819] INFO  server.StorageContainerManager (StorageContainerManager.java:stop(1423)) - Stopping datanode service RPC server
2021-12-22 08:22:22,848 [Listener at 127.0.0.1/41819] INFO  server.SCMDatanodeProtocolServer (SCMDatanodeProtocolServer.java:stop(389)) - Stopping the RPC server for DataNodes
2021-12-22 08:22:22,848 [Listener at 127.0.0.1/41819] INFO  ipc.Server (Server.java:stop(3414)) - Stopping server on 34715
2021-12-22 08:22:22,854 [IPC Server listener on 0] INFO  ipc.Server (Server.java:run(1376)) - Stopping IPC Server listener on 0
2021-12-22 08:22:22,855 [IPC Server Responder] INFO  ipc.Server (Server.java:run(1512)) - Stopping IPC Server Responder
2021-12-22 08:22:22,910 [SCM Heartbeat Processing Thread - 0] WARN  node.NodeStateManager (NodeStateManager.java:scheduleNextHealthCheck(799)) - Current Thread is interrupted, shutting down HB processing thread for Node Manager.
2021-12-22 08:22:22,910 [Listener at 127.0.0.1/41819] INFO  server.StorageContainerManager (StorageContainerManager.java:stop(1431)) - Stopping block service RPC server
2021-12-22 08:22:22,910 [Listener at 127.0.0.1/41819] INFO  server.SCMBlockProtocolServer (SCMBlockProtocolServer.java:stop(160)) - Stopping the RPC server for Block Protocol
2021-12-22 08:22:22,910 [Listener at 127.0.0.1/41819] INFO  ipc.Server (Server.java:stop(3414)) - Stopping server on 37877
2021-12-22 08:22:22,914 [Listener at 127.0.0.1/41819] INFO  server.StorageContainerManager (StorageContainerManager.java:stop(1438)) - Stopping the StorageContainerLocationProtocol RPC server
2021-12-22 08:22:22,914 [Listener at 127.0.0.1/41819] INFO  server.SCMClientProtocolServer (SCMClientProtocolServer.java:stop(173)) - Stopping the RPC server for Client Protocol
2021-12-22 08:22:22,914 [Listener at 127.0.0.1/41819] INFO  ipc.Server (Server.java:stop(3414)) - Stopping server on 46707
2021-12-22 08:22:22,915 [IPC Server listener on 0] INFO  ipc.Server (Server.java:run(1376)) - Stopping IPC Server listener on 0
2021-12-22 08:22:22,933 [Listener at 127.0.0.1/41819] INFO  server.StorageContainerManager (StorageContainerManager.java:stop(1445)) - Stopping Storage Container Manager HTTP server.
2021-12-22 08:22:22,934 [Listener at 127.0.0.1/41819] INFO  handler.ContextHandler (ContextHandler.java:doStop(1153)) - Stopped o.e.j.w.WebAppContext@84b0639{scm,/,null,STOPPED}{file:/home/runner/work/ozone/ozone/hadoop-ozone/integration-test/target/test-classes/webapps/scm}
2021-12-22 08:22:22,933 [IPC Server listener on 0] INFO  ipc.Server (Server.java:run(1376)) - Stopping IPC Server listener on 0
2021-12-22 08:22:22,934 [IPC Server Responder] INFO  ipc.Server (Server.java:run(1512)) - Stopping IPC Server Responder
2021-12-22 08:22:22,934 [IPC Server Responder] INFO  ipc.Server (Server.java:run(1512)) - Stopping IPC Server Responder
2021-12-22 08:22:22,938 [Listener at 127.0.0.1/41819] INFO  server.AbstractConnector (AbstractConnector.java:doStop(381)) - Stopped ServerConnector@482741af{HTTP/1.1, (http/1.1)}{0.0.0.0:0}
2021-12-22 08:22:22,938 [Listener at 127.0.0.1/41819] INFO  server.session (HouseKeeper.java:stopScavenging(149)) - node0 Stopped scavenging
2021-12-22 08:22:22,939 [Listener at 127.0.0.1/41819] INFO  handler.ContextHandler (ContextHandler.java:doStop(1153)) - Stopped o.e.j.s.ServletContextHandler@48515938{static,/static,file:///home/runner/work/ozone/ozone/hadoop-ozone/integration-test/target/test-classes/webapps/static,STOPPED}
2021-12-22 08:22:22,939 [Listener at 127.0.0.1/41819] INFO  handler.ContextHandler (ContextHandler.java:doStop(1153)) - Stopped o.e.j.s.ServletContextHandler@3e898efe{logs,/logs,file:///home/runner/work/ozone/ozone/hadoop-ozone/integration-test/target/log,STOPPED}
2021-12-22 08:22:22,966 [Listener at 127.0.0.1/41819] INFO  server.StorageContainerManager (StorageContainerManager.java:stop(1456)) - Stopping Block Manager Service.
2021-12-22 08:22:22,966 [Listener at 127.0.0.1/41819] INFO  utils.BackgroundService (BackgroundService.java:shutdown(132)) - Shutting down service SCMBlockDeletingService
2021-12-22 08:22:22,966 [Listener at 127.0.0.1/41819] INFO  utils.BackgroundService (BackgroundService.java:shutdown(132)) - Shutting down service SCMBlockDeletingService
2021-12-22 08:22:22,966 [Listener at 127.0.0.1/41819] INFO  server.StorageContainerManager (StorageContainerManager.java:stop(1483)) - Stopping SCM Event Queue.
2021-12-22 08:22:22,968 [Listener at 127.0.0.1/41819] INFO  server.StorageContainerManager (StorageContainerManager.java:stop(1494)) - Stopping SCM HA services.
2021-12-22 08:22:22,968 [Listener at 127.0.0.1/41819] INFO  pipeline.BackgroundPipelineCreator (BackgroundPipelineCreator.java:stop(158)) - Stopping RatisPipelineUtilsThread.
2021-12-22 08:22:22,968 [Listener at 127.0.0.1/41819] INFO  server.StorageContainerManager (StorageContainerManager.java:stop(1504)) - Stopping SCM MetadataStore.
2021-12-22 08:22:22,969 [Listener at 127.0.0.1/41819] INFO  impl.MetricsSystemImpl (MetricsSystemImpl.java:stop(210)) - Stopping HddsDatanode metrics system...
2021-12-22 08:22:22,970 [prometheus] INFO  impl.MetricsSinkAdapter (MetricsSinkAdapter.java:publishMetricsFromQueue(141)) - prometheus thread interrupted.
2021-12-22 08:22:22,971 [Listener at 127.0.0.1/41819] INFO  impl.MetricsSystemImpl (MetricsSystemImpl.java:stop(216)) - HddsDatanode metrics system stopped.
2021-12-22 08:22:23,116 [Listener at 127.0.0.1/41819] WARN  server.ServerUtils (ServerUtils.java:getScmDbDir(148)) - ozone.scm.db.dirs is not configured. We recommend adding this setting. Falling back to ozone.metadata.dirs instead.
2021-12-22 08:22:23,127 [Listener at 127.0.0.1/41819] INFO  ha.SCMHANodeDetails (SCMHANodeDetails.java:loadSCMHAConfig(157)) - ServiceID for StorageContainerManager is null
2021-12-22 08:22:23,127 [Listener at 127.0.0.1/41819] INFO  ha.SCMHANodeDetails (SCMHANodeDetails.java:loadSCMHAConfig(162)) - ozone.scm.default.service.id is not defined, falling back to ozone.scm.service.ids to find serviceID for StorageContainerManager if it is HA enabled cluster
2021-12-22 08:22:23,128 [Listener at 127.0.0.1/41819] WARN  server.ServerUtils (ServerUtils.java:getScmDbDir(148)) - ozone.scm.db.dirs is not configured. We recommend adding this setting. Falling back to ozone.metadata.dirs instead.
2021-12-22 08:22:23,128 [Listener at 127.0.0.1/41819] INFO  upgrade.AbstractLayoutVersionManager (AbstractLayoutVersionManager.java:init(79)) - Initializing Layout version manager with metadata layout = SCM_HA (version = 2), software layout = SCM_HA (version = 2)
2021-12-22 08:22:23,284 [Listener at 127.0.0.1/41819] INFO  reflections.Reflections (Reflections.java:scan(232)) - Reflections took 155 ms to scan 7 urls, producing 119 keys and 279 values 
2021-12-22 08:22:23,287 [Listener at 127.0.0.1/41819] WARN  utils.HAUtils (HAUtils.java:getMetaDir(342)) - ozone.scm.db.dirs is not configured. We recommend adding this setting. Falling back to ozone.metadata.dirs instead.
2021-12-22 08:22:23,288 [Listener at 127.0.0.1/41819] WARN  db.DBStoreBuilder (DBStoreBuilder.java:applyDBDefinition(145)) - ozone.scm.db.dirs is not configured. We recommend adding this setting. Falling back to ozone.metadata.dirs instead.
2021-12-22 08:22:23,602 [Listener at 127.0.0.1/41819] INFO  net.NodeSchemaLoader (NodeSchemaLoader.java:loadSchemaFromFile(129)) - Loading schema from [jar:file:/home/runner/.m2/repository/org/apache/ozone/hdds-common/1.3.0-SNAPSHOT/hdds-common-1.3.0-SNAPSHOT.jar!/network-topology-default.xml]
2021-12-22 08:22:23,602 [Listener at 127.0.0.1/41819] INFO  net.NodeSchemaLoader (NodeSchemaLoader.java:loadSchema(176)) - Loading network topology layer schema file
2021-12-22 08:22:23,626 [Listener at 127.0.0.1/41819] INFO  ha.SequenceIdGenerator (SequenceIdGenerator.java:upgradeToSequenceId(347)) - upgrade localId to 107544261427200000
2021-12-22 08:22:23,627 [Listener at 127.0.0.1/41819] INFO  ha.SequenceIdGenerator (SequenceIdGenerator.java:upgradeToSequenceId(357)) - upgrade delTxnId to 0
2021-12-22 08:22:23,627 [Listener at 127.0.0.1/41819] INFO  ha.SequenceIdGenerator (SequenceIdGenerator.java:upgradeToSequenceId(371)) - upgrade containerId to 0
2021-12-22 08:22:23,628 [Listener at 127.0.0.1/41819] INFO  ha.SequenceIdGenerator (SequenceIdGenerator.java:<init>(218)) - Init the HA SequenceIdGenerator.
2021-12-22 08:22:23,628 [Listener at 127.0.0.1/41819] WARN  server.ServerUtils (ServerUtils.java:sanitizeUserArgs(73)) - ozone.scm.stale.node.interval value = 300000 is larger than max = 100000 based on the key value of ozone.scm.heartbeat.thread.interval, reset to the max value 100000.
2021-12-22 08:22:23,628 [Listener at 127.0.0.1/41819] WARN  server.ServerUtils (ServerUtils.java:sanitizeUserArgs(73)) - ozone.scm.stale.node.interval value = 300000 is larger than max = 100000 based on the key value of ozone.scm.heartbeat.thread.interval, reset to the max value 100000.
2021-12-22 08:22:23,638 [Listener at 127.0.0.1/41819] INFO  node.SCMNodeManager (SCMNodeManager.java:<init>(144)) - Entering startup safe mode.
2021-12-22 08:22:23,638 [Listener at 127.0.0.1/41819] INFO  algorithms.ContainerPlacementPolicyFactory (ContainerPlacementPolicyFactory.java:getPolicy(60)) - Create container placement policy of type org.apache.hadoop.hdds.scm.container.placement.algorithms.SCMContainerPlacementRandom
2021-12-22 08:22:23,639 [Listener at 127.0.0.1/41819] INFO  pipeline.PipelineStateManagerImpl (PipelineStateManagerImpl.java:initialize(78)) - No pipeline exists in current db
2021-12-22 08:22:23,639 [Listener at 127.0.0.1/41819] INFO  algorithms.LeaderChoosePolicyFactory (LeaderChoosePolicyFactory.java:getPolicy(57)) - Create leader choose policy of type org.apache.hadoop.hdds.scm.pipeline.leader.choose.algorithms.MinLeaderCountChoosePolicy
2021-12-22 08:22:23,640 [Listener at 127.0.0.1/41819] INFO  ha.SCMServiceManager (SCMServiceManager.java:register(43)) - Registering service BackgroundPipelineCreator.
2021-12-22 08:22:23,641 [Listener at 127.0.0.1/41819] INFO  pipeline.BackgroundPipelineCreator (BackgroundPipelineCreator.java:start(130)) - Starting RatisPipelineUtilsThread.
2021-12-22 08:22:23,642 [Listener at 127.0.0.1/41819] INFO  algorithms.PipelineChoosePolicyFactory (PipelineChoosePolicyFactory.java:createPipelineChoosePolicyFromClass(73)) - Create pipeline choose policy of type org.apache.hadoop.hdds.scm.pipeline.choose.algorithms.RandomPipelineChoosePolicy
2021-12-22 08:22:23,643 [Listener at 127.0.0.1/41819] INFO  ha.SCMServiceManager (SCMServiceManager.java:register(43)) - Registering service SCMBlockDeletingService.
2021-12-22 08:22:23,643 [Listener at 127.0.0.1/41819] INFO  ha.SCMServiceManager (SCMServiceManager.java:register(43)) - Registering service ReplicationManager.
2021-12-22 08:22:23,643 [Listener at 127.0.0.1/41819] INFO  container.ReplicationManager (ReplicationManager.java:start(319)) - Starting Replication Monitor Thread.
2021-12-22 08:22:23,654 [Listener at 127.0.0.1/41819] INFO  safemode.ContainerSafeModeRule (ContainerSafeModeRule.java:<init>(89)) - containers with one replica threshold count 0
2021-12-22 08:22:23,656 [Listener at 127.0.0.1/41819] INFO  safemode.HealthyPipelineSafeModeRule (HealthyPipelineSafeModeRule.java:initializeRule(156)) - Total pipeline count is 0, healthy pipeline threshold count is 1
2021-12-22 08:22:23,656 [Listener at 127.0.0.1/41819] INFO  safemode.OneReplicaPipelineSafeModeRule (OneReplicaPipelineSafeModeRule.java:initializeRule(180)) - Total pipeline count is 0, pipeline's with at least one datanode reported threshold count is 0
2021-12-22 08:22:23,689 [ReplicationMonitor] INFO  container.ReplicationManager (ReplicationManager.java:processAll(371)) - Replication Monitor Thread took 1 milliseconds for processing 0 containers.
2021-12-22 08:22:23,710 [Listener at 127.0.0.1/41819] INFO  ipc.CallQueueManager (CallQueueManager.java:<init>(90)) - Using callQueue: class java.util.concurrent.LinkedBlockingQueue, queueCapacity: 2000, scheduler: class org.apache.hadoop.ipc.DefaultRpcScheduler, ipcBackoff: false.
2021-12-22 08:22:23,734 [Socket Reader #1 for port 0] INFO  ipc.Server (Server.java:run(1265)) - Starting Socket Reader #1 for port 0
2021-12-22 08:22:23,739 [Listener at 0.0.0.0/44079] INFO  ipc.CallQueueManager (CallQueueManager.java:<init>(90)) - Using callQueue: class java.util.concurrent.LinkedBlockingQueue, queueCapacity: 2000, scheduler: class org.apache.hadoop.ipc.DefaultRpcScheduler, ipcBackoff: false.
2021-12-22 08:22:23,746 [Socket Reader #1 for port 0] INFO  ipc.Server (Server.java:run(1265)) - Starting Socket Reader #1 for port 0
2021-12-22 08:22:23,768 [Listener at 0.0.0.0/44755] INFO  ipc.CallQueueManager (CallQueueManager.java:<init>(90)) - Using callQueue: class java.util.concurrent.LinkedBlockingQueue, queueCapacity: 2000, scheduler: class org.apache.hadoop.ipc.DefaultRpcScheduler, ipcBackoff: false.
2021-12-22 08:22:23,770 [Socket Reader #1 for port 0] INFO  ipc.Server (Server.java:run(1265)) - Starting Socket Reader #1 for port 0
2021-12-22 08:22:23,819 [Listener at 0.0.0.0/41559] INFO  algorithms.ContainerPlacementPolicyFactory (ContainerPlacementPolicyFactory.java:getPolicy(60)) - Create container placement policy of type org.apache.hadoop.hdds.scm.container.placement.algorithms.SCMContainerPlacementRandom
2021-12-22 08:22:23,820 [Listener at 0.0.0.0/41559] INFO  server.StorageContainerManager (StorageContainerManager.java:<init>(388)) - 
Container Balancer status:
Key                            Value
Running                        false
Container Balancer Configuration values:
Key                                                Value
Threshold                                          0.1
Max Datanodes to Involve per Iteration(ratio)      0.2
Max Size to Move per Iteration                     30GB
Max Size Entering Target per Iteration             1GB
Max Size Leaving Source per Iteration              1GB

2021-12-22 08:22:23,820 [Listener at 0.0.0.0/41559] WARN  events.EventQueue (EventQueue.java:fireEvent(194)) - No event handler registered for event TypedEvent{payloadType=SafeModeStatus, name='Safe mode status'}
2021-12-22 08:22:23,820 [Listener at 0.0.0.0/41559] INFO  ha.SCMContext (SCMContext.java:updateSafeModeStatus(211)) - Update SafeModeStatus from SafeModeStatus{safeModeStatus=true, preCheckPassed=false} to SafeModeStatus{safeModeStatus=true, preCheckPassed=false}.
2021-12-22 08:22:23,821 [Listener at 0.0.0.0/41559] INFO  server.StorageContainerManager (StorageContainerManager.java:start(1303)) - StorageContainerLocationProtocol RPC server is listening at /0.0.0.0:41559
2021-12-22 08:22:23,822 [Listener at 0.0.0.0/41559] WARN  impl.MetricsConfig (MetricsConfig.java:loadFirst(136)) - Cannot locate configuration: tried hadoop-metrics2-storagecontainermanager.properties,hadoop-metrics2.properties
2021-12-22 08:22:23,823 [Listener at 0.0.0.0/41559] INFO  impl.MetricsSystemImpl (MetricsSystemImpl.java:startTimer(378)) - Scheduled Metric snapshot period at 10 second(s).
2021-12-22 08:22:23,823 [Listener at 0.0.0.0/41559] INFO  impl.MetricsSystemImpl (MetricsSystemImpl.java:start(191)) - StorageContainerManager metrics system started
2021-12-22 08:22:23,878 [Listener at 0.0.0.0/41559] INFO  impl.MetricsSinkAdapter (MetricsSinkAdapter.java:start(204)) - Sink prometheus started
2021-12-22 08:22:23,886 [Listener at 0.0.0.0/41559] INFO  impl.MetricsSystemImpl (MetricsSystemImpl.java:registerSink(305)) - Registered sink prometheus
2021-12-22 08:22:23,967 [Listener at 0.0.0.0/41559] INFO  server.SCMClientProtocolServer (SCMClientProtocolServer.java:start(164)) - RPC server for Client  is listening at /0.0.0.0:41559
2021-12-22 08:22:23,978 [IPC Server Responder] INFO  ipc.Server (Server.java:run(1507)) - IPC Server Responder: starting
2021-12-22 08:22:23,995 [IPC Server listener on 0] INFO  ipc.Server (Server.java:run(1344)) - IPC Server listener on 0: starting
2021-12-22 08:22:24,090 [Listener at 0.0.0.0/41559] INFO  server.StorageContainerManager (StorageContainerManager.java:start(1318)) - ScmBlockLocationProtocol RPC server is listening at /0.0.0.0:44755
2021-12-22 08:22:24,090 [Listener at 0.0.0.0/41559] INFO  server.SCMBlockProtocolServer (SCMBlockProtocolServer.java:start(151)) - RPC server for Block Protocol is listening at /0.0.0.0:44755
2021-12-22 08:22:24,102 [IPC Server Responder] INFO  ipc.Server (Server.java:run(1507)) - IPC Server Responder: starting
2021-12-22 08:22:24,130 [IPC Server listener on 0] INFO  ipc.Server (Server.java:run(1344)) - IPC Server listener on 0: starting
2021-12-22 08:22:24,220 [Listener at 0.0.0.0/41559] INFO  server.StorageContainerManager (StorageContainerManager.java:start(1324)) - ScmDatanodeProtocl RPC server is listening at /0.0.0.0:44079
2021-12-22 08:22:24,220 [Listener at 0.0.0.0/41559] INFO  server.SCMDatanodeProtocolServer (SCMDatanodeProtocolServer.java:start(181)) - RPC server for DataNodes is listening at /0.0.0.0:44079
2021-12-22 08:22:24,229 [IPC Server Responder] INFO  ipc.Server (Server.java:run(1507)) - IPC Server Responder: starting
2021-12-22 08:22:24,233 [IPC Server listener on 0] INFO  ipc.Server (Server.java:run(1344)) - IPC Server listener on 0: starting
2021-12-22 08:22:24,246 [org.apache.hadoop.util.JvmPauseMonitor$Monitor@1903e8e5] INFO  util.JvmPauseMonitor (JvmPauseMonitor.java:run(188)) - Starting JVM pause monitor
2021-12-22 08:22:24,266 [Listener at 0.0.0.0/41559] INFO  http.BaseHttpServer (BaseHttpServer.java:newHttpServer2BuilderForOzone(209)) - Starting Web-server for scm at: http://0.0.0.0:0
2021-12-22 08:22:24,266 [Listener at 0.0.0.0/41559] INFO  http.BaseHttpServer (BaseHttpServer.java:<init>(107)) - Hadoop Security Enabled: false Ozone Security Enabled: false Ozone HTTP Security Enabled: false 
2021-12-22 08:22:24,267 [Listener at 0.0.0.0/41559] INFO  server.AuthenticationFilter (AuthenticationFilter.java:constructSecretProvider(240)) - Unable to initialize FileSignerSecretProvider, falling back to use random secrets.
2021-12-22 08:22:24,294 [Listener at 0.0.0.0/41559] WARN  http.HttpRequestLog (HttpRequestLog.java:getRequestLog(103)) - Jetty request log can only be enabled using Log4j
2021-12-22 08:22:24,296 [Listener at 0.0.0.0/41559] INFO  http.HttpServer2 (HttpServer2.java:addGlobalFilter(1030)) - Added global filter 'safety' (class=org.apache.hadoop.hdds.server.http.HttpServer2$QuotingInputFilter)
2021-12-22 08:22:24,296 [Listener at 0.0.0.0/41559] INFO  http.HttpServer2 (HttpServer2.java:addFilter(1006)) - Added filter static_user_filter (class=org.apache.hadoop.http.lib.StaticUserWebFilter$StaticUserFilter) to context scm
2021-12-22 08:22:24,297 [Listener at 0.0.0.0/41559] INFO  http.HttpServer2 (HttpServer2.java:addFilter(1014)) - Added filter static_user_filter (class=org.apache.hadoop.http.lib.StaticUserWebFilter$StaticUserFilter) to context static
2021-12-22 08:22:24,297 [Listener at 0.0.0.0/41559] INFO  http.HttpServer2 (HttpServer2.java:addFilter(1014)) - Added filter static_user_filter (class=org.apache.hadoop.http.lib.StaticUserWebFilter$StaticUserFilter) to context logs
2021-12-22 08:22:24,297 [Listener at 0.0.0.0/41559] INFO  http.HttpServer2 (HttpServer2.java:bindListener(1249)) - Jetty bound to port 33019
2021-12-22 08:22:24,297 [Listener at 0.0.0.0/41559] INFO  server.Server (Server.java:doStart(375)) - jetty-9.4.43.v20210629; built: 2021-06-30T11:07:22.254Z; git: 526006ecfa3af7f1a27ef3a288e2bef7ea9dd7e8; jvm 1.8.0_292-b10
2021-12-22 08:22:24,394 [Listener at 0.0.0.0/41559] INFO  server.session (DefaultSessionIdManager.java:doStart(334)) - DefaultSessionIdManager workerName=node0
2021-12-22 08:22:24,394 [Listener at 0.0.0.0/41559] INFO  server.session (DefaultSessionIdManager.java:doStart(339)) - No SessionScavenger set, using defaults
2021-12-22 08:22:24,394 [Listener at 0.0.0.0/41559] INFO  server.session (HouseKeeper.java:startScavenging(132)) - node0 Scavenging every 660000ms
2021-12-22 08:22:24,414 [Listener at 0.0.0.0/41559] INFO  handler.ContextHandler (ContextHandler.java:doStart(915)) - Started o.e.j.s.ServletContextHandler@73950608{logs,/logs,file:///home/runner/work/ozone/ozone/hadoop-ozone/integration-test/target/log,AVAILABLE}
2021-12-22 08:22:24,415 [Listener at 0.0.0.0/41559] INFO  handler.ContextHandler (ContextHandler.java:doStart(915)) - Started o.e.j.s.ServletContextHandler@66d2ed64{static,/static,file:///home/runner/work/ozone/ozone/hadoop-ozone/integration-test/target/test-classes/webapps/static,AVAILABLE}
2021-12-22 08:22:24,434 [Listener at 0.0.0.0/41559] INFO  handler.ContextHandler (ContextHandler.java:doStart(915)) - Started o.e.j.w.WebAppContext@6df51259{scm,/,file:///home/runner/work/ozone/ozone/hadoop-ozone/integration-test/target/test-classes/webapps/scm/,AVAILABLE}{file:/home/runner/work/ozone/ozone/hadoop-ozone/integration-test/target/test-classes/webapps/scm}
2021-12-22 08:22:24,435 [Listener at 0.0.0.0/41559] INFO  server.AbstractConnector (AbstractConnector.java:doStart(331)) - Started ServerConnector@549159ad{HTTP/1.1, (http/1.1)}{0.0.0.0:33019}
2021-12-22 08:22:24,435 [Listener at 0.0.0.0/41559] INFO  server.Server (Server.java:doStart(415)) - Started @115150ms
2021-12-22 08:22:24,436 [Listener at 0.0.0.0/41559] WARN  impl.MetricsSystemImpl (MetricsSystemImpl.java:register(279)) - Sink prometheus already exists!
2021-12-22 08:22:24,438 [Listener at 0.0.0.0/41559] INFO  http.BaseHttpServer (BaseHttpServer.java:updateConnectorAddress(329)) - HTTP server of scm listening at http://0.0.0.0:33019
2021-12-22 08:22:24,438 [Listener at 0.0.0.0/41559] WARN  server.ServerUtils (ServerUtils.java:getDBPath(225)) - ozone.om.db.dirs is not configured. We recommend adding this setting. Falling back to ozone.metadata.dirs instead.
2021-12-22 08:22:24,446 [Listener at 0.0.0.0/41559] INFO  ha.OMHANodeDetails (OMHANodeDetails.java:loadOMHAConfig(112)) - ozone.om.internal.service.id is not defined, falling back to ozone.om.service.ids to find serviceID for OzoneManager if it is HA enabled cluster
2021-12-22 08:22:24,450 [Listener at 0.0.0.0/41559] INFO  ha.OMHANodeDetails (OMHANodeDetails.java:loadOMHAConfig(218)) - Configuration does not have ozone.om.address set. Falling back to the default OM address /127.0.0.1:0
2021-12-22 08:22:24,450 [Listener at 0.0.0.0/41559] INFO  ha.OMHANodeDetails (OMHANodeDetails.java:getOMNodeDetailsForNonHA(246)) - OM Service ID is not set. Setting it to the default ID: omServiceIdDefault
2021-12-22 08:22:24,450 [Listener at 0.0.0.0/41559] INFO  ha.OMHANodeDetails (OMHANodeDetails.java:getOMNodeDetailsForNonHA(253)) - OM Node ID is not set. Setting it to the default ID: om1
2021-12-22 08:22:24,450 [Listener at 0.0.0.0/41559] WARN  server.ServerUtils (ServerUtils.java:getDBPath(225)) - ozone.om.db.dirs is not configured. We recommend adding this setting. Falling back to ozone.metadata.dirs instead.
2021-12-22 08:22:24,451 [Listener at 0.0.0.0/41559] INFO  upgrade.AbstractLayoutVersionManager (AbstractLayoutVersionManager.java:init(79)) - Initializing Layout version manager with metadata layout = INITIAL_VERSION (version = 0), software layout = INITIAL_VERSION (version = 0)
2021-12-22 08:22:24,590 [Listener at 0.0.0.0/41559] INFO  reflections.Reflections (Reflections.java:scan(232)) - Reflections took 138 ms to scan 2 urls, producing 133 keys and 345 values [using 2 cores]
2021-12-22 08:22:24,590 [Listener at 0.0.0.0/41559] INFO  upgrade.OMLayoutVersionManager (OMLayoutVersionManager.java:lambda$0(115)) - Skipping Upgrade Action MockOmUpgradeAction since it has been finalized.
2021-12-22 08:22:24,590 [Listener at 0.0.0.0/41559] WARN  server.ServerUtils (ServerUtils.java:getDBPath(225)) - ozone.om.db.dirs is not configured. We recommend adding this setting. Falling back to ozone.metadata.dirs instead.
2021-12-22 08:22:24,613 [Listener at 0.0.0.0/41559] WARN  server.ServerUtils (ServerUtils.java:getDBPath(225)) - ozone.om.db.dirs is not configured. We recommend adding this setting. Falling back to ozone.metadata.dirs instead.
2021-12-22 08:22:24,614 [Listener at 0.0.0.0/41559] INFO  codec.OmKeyInfoCodec (OmKeyInfoCodec.java:<init>(50)) - OmKeyInfoCodec ignorePipeline = true
2021-12-22 08:22:24,614 [Listener at 0.0.0.0/41559] INFO  codec.RepeatedOmKeyInfoCodec (RepeatedOmKeyInfoCodec.java:<init>(42)) - RepeatedOmKeyInfoCodec ignorePipeline = true
2021-12-22 08:22:24,963 [Listener at 0.0.0.0/41559] INFO  om.OzoneManager (OzoneManager.java:addS3GVolumeToDB(3728)) - Created Volume s3v With Owner runner required for S3Gateway operations.
2021-12-22 08:22:24,971 [Listener at 0.0.0.0/41559] INFO  ipc.CallQueueManager (CallQueueManager.java:<init>(90)) - Using callQueue: class java.util.concurrent.LinkedBlockingQueue, queueCapacity: 2000, scheduler: class org.apache.hadoop.ipc.DefaultRpcScheduler, ipcBackoff: false.
2021-12-22 08:22:24,976 [Socket Reader #1 for port 0] INFO  ipc.Server (Server.java:run(1265)) - Starting Socket Reader #1 for port 0
2021-12-22 08:22:25,046 [Listener at 127.0.0.1/41155] INFO  impl.MetricsSystemImpl (MetricsSystemImpl.java:init(158)) - OzoneManager metrics system started (again)
2021-12-22 08:22:25,108 [Listener at 127.0.0.1/41155] INFO  om.OzoneManager (OzoneManager.java:start(1365)) - OzoneManager RPC server is listening at localhost/127.0.0.1:41155
2021-12-22 08:22:25,114 [Listener at 127.0.0.1/41155] INFO  om.OzoneManager (OzoneManager.java:start(1381)) - Version File has different layout version (0) than OM DB (null). That is expected if this OM has never been finalized to a newer layout version.
2021-12-22 08:22:25,131 [Listener at 127.0.0.1/41155] INFO  http.BaseHttpServer (BaseHttpServer.java:newHttpServer2BuilderForOzone(209)) - Starting Web-server for ozoneManager at: http://0.0.0.0:0
2021-12-22 08:22:25,132 [Listener at 127.0.0.1/41155] INFO  http.BaseHttpServer (BaseHttpServer.java:<init>(107)) - Hadoop Security Enabled: false Ozone Security Enabled: false Ozone HTTP Security Enabled: false 
2021-12-22 08:22:25,133 [Listener at 127.0.0.1/41155] INFO  server.AuthenticationFilter (AuthenticationFilter.java:constructSecretProvider(240)) - Unable to initialize FileSignerSecretProvider, falling back to use random secrets.
2021-12-22 08:22:25,133 [Listener at 127.0.0.1/41155] WARN  http.HttpRequestLog (HttpRequestLog.java:getRequestLog(103)) - Jetty request log can only be enabled using Log4j
2021-12-22 08:22:25,138 [Listener at 127.0.0.1/41155] INFO  http.HttpServer2 (HttpServer2.java:addGlobalFilter(1030)) - Added global filter 'safety' (class=org.apache.hadoop.hdds.server.http.HttpServer2$QuotingInputFilter)
2021-12-22 08:22:25,139 [Listener at 127.0.0.1/41155] INFO  http.HttpServer2 (HttpServer2.java:addFilter(1006)) - Added filter static_user_filter (class=org.apache.hadoop.http.lib.StaticUserWebFilter$StaticUserFilter) to context ozoneManager
2021-12-22 08:22:25,139 [Listener at 127.0.0.1/41155] INFO  http.HttpServer2 (HttpServer2.java:addFilter(1014)) - Added filter static_user_filter (class=org.apache.hadoop.http.lib.StaticUserWebFilter$StaticUserFilter) to context static
2021-12-22 08:22:25,139 [Listener at 127.0.0.1/41155] INFO  http.HttpServer2 (HttpServer2.java:addFilter(1014)) - Added filter static_user_filter (class=org.apache.hadoop.http.lib.StaticUserWebFilter$StaticUserFilter) to context logs
2021-12-22 08:22:25,140 [Listener at 127.0.0.1/41155] INFO  http.HttpServer2 (HttpServer2.java:bindListener(1249)) - Jetty bound to port 36099
2021-12-22 08:22:25,141 [Listener at 127.0.0.1/41155] INFO  server.Server (Server.java:doStart(375)) - jetty-9.4.43.v20210629; built: 2021-06-30T11:07:22.254Z; git: 526006ecfa3af7f1a27ef3a288e2bef7ea9dd7e8; jvm 1.8.0_292-b10
2021-12-22 08:22:25,195 [Listener at 127.0.0.1/41155] INFO  server.session (DefaultSessionIdManager.java:doStart(334)) - DefaultSessionIdManager workerName=node0
2021-12-22 08:22:25,195 [Listener at 127.0.0.1/41155] INFO  server.session (DefaultSessionIdManager.java:doStart(339)) - No SessionScavenger set, using defaults
2021-12-22 08:22:25,195 [Listener at 127.0.0.1/41155] INFO  server.session (HouseKeeper.java:startScavenging(132)) - node0 Scavenging every 600000ms
2021-12-22 08:22:25,196 [Listener at 127.0.0.1/41155] INFO  handler.ContextHandler (ContextHandler.java:doStart(915)) - Started o.e.j.s.ServletContextHandler@6c035744{logs,/logs,file:///home/runner/work/ozone/ozone/hadoop-ozone/integration-test/target/log,AVAILABLE}
2021-12-22 08:22:25,197 [Listener at 127.0.0.1/41155] INFO  handler.ContextHandler (ContextHandler.java:doStart(915)) - Started o.e.j.s.ServletContextHandler@69b45d36{static,/static,file:///home/runner/work/ozone/ozone/hadoop-ozone/integration-test/target/test-classes/webapps/static,AVAILABLE}
2021-12-22 08:22:25,200 [Listener at 127.0.0.1/41155] INFO  handler.ContextHandler (ContextHandler.java:doStart(915)) - Started o.e.j.w.WebAppContext@2142ab69{ozoneManager,/,file:///home/runner/work/ozone/ozone/hadoop-ozone/integration-test/target/test-classes/webapps/ozoneManager/,AVAILABLE}{file:/home/runner/work/ozone/ozone/hadoop-ozone/integration-test/target/test-classes/webapps/ozoneManager}
2021-12-22 08:22:25,214 [Listener at 127.0.0.1/41155] INFO  server.AbstractConnector (AbstractConnector.java:doStart(331)) - Started ServerConnector@1c2618d8{HTTP/1.1, (http/1.1)}{0.0.0.0:36099}
2021-12-22 08:22:25,214 [Listener at 127.0.0.1/41155] INFO  server.Server (Server.java:doStart(415)) - Started @115929ms
2021-12-22 08:22:25,214 [Listener at 127.0.0.1/41155] WARN  impl.MetricsSystemImpl (MetricsSystemImpl.java:register(279)) - Sink prometheus already exists!
2021-12-22 08:22:25,224 [Listener at 127.0.0.1/41155] INFO  http.BaseHttpServer (BaseHttpServer.java:updateConnectorAddress(329)) - HTTP server of ozoneManager listening at http://0.0.0.0:36099
2021-12-22 08:22:25,225 [IPC Server Responder] INFO  ipc.Server (Server.java:run(1507)) - IPC Server Responder: starting
2021-12-22 08:22:25,225 [IPC Server listener on 0] INFO  ipc.Server (Server.java:run(1344)) - IPC Server listener on 0: starting
2021-12-22 08:22:25,244 [Listener at 127.0.0.1/41155] INFO  om.TrashPolicyOzone (TrashPolicyOzone.java:<init>(178)) - Ozone Manager trash configuration: Deletion interval = 0 minutes, Emptier interval = 0 minutes.
2021-12-22 08:22:25,251 [org.apache.hadoop.util.JvmPauseMonitor$Monitor@7cba7745] INFO  util.JvmPauseMonitor (JvmPauseMonitor.java:run(188)) - Starting JVM pause monitor
2021-12-22 08:22:25,253 [Listener at 127.0.0.1/41155] INFO  impl.MetricsSystemImpl (MetricsSystemImpl.java:init(158)) - HddsDatanode metrics system started (again)
2021-12-22 08:22:25,332 [Listener at 127.0.0.1/41155] INFO  ozone.HddsDatanodeService (HddsDatanodeService.java:start(234)) - HddsDatanodeService host:fv-az270-32.tacnzluakwdehk1hpragurqkma.bx.internal.cloudapp.net ip:10.1.0.28
2021-12-22 08:22:25,391 [Listener at 127.0.0.1/41155] INFO  upgrade.AbstractLayoutVersionManager (AbstractLayoutVersionManager.java:init(79)) - Initializing Layout version manager with metadata layout = SCM_HA (version = 2), software layout = SCM_HA (version = 2)
2021-12-22 08:22:25,526 [Listener at 127.0.0.1/41155] INFO  reflections.Reflections (Reflections.java:scan(232)) - Reflections took 132 ms to scan 7 urls, producing 119 keys and 279 values 
2021-12-22 08:22:25,530 [Listener at 127.0.0.1/41155] INFO  statemachine.DatanodeStateMachine (DatanodeStateMachine.java:getEndPointTaskThreadPoolSize(219)) - Datanode State Machine Task Thread Pool size 2
2021-12-22 08:22:25,534 [Listener at 127.0.0.1/41155] INFO  volume.HddsVolume (HddsVolume.java:<init>(120)) - Creating HddsVolume: /home/runner/work/ozone/ozone/hadoop-ozone/integration-test/target/test-dir/MiniOzoneClusterImpl-3dd55103-1821-4ecb-9679-770619bfedda/datanode-0/data-0/containers/hdds of storage type : DISK capacity : 9223372036854775807
2021-12-22 08:22:25,535 [Listener at 127.0.0.1/41155] INFO  volume.MutableVolumeSet (MutableVolumeSet.java:initializeVolumeSet(168)) - Added Volume : /home/runner/work/ozone/ozone/hadoop-ozone/integration-test/target/test-dir/MiniOzoneClusterImpl-3dd55103-1821-4ecb-9679-770619bfedda/datanode-0/data-0/containers/hdds to VolumeSet
2021-12-22 08:22:25,535 [Listener at 127.0.0.1/41155] INFO  volume.ThrottledAsyncChecker (ThrottledAsyncChecker.java:schedule(141)) - Scheduling a check for /home/runner/work/ozone/ozone/hadoop-ozone/integration-test/target/test-dir/MiniOzoneClusterImpl-3dd55103-1821-4ecb-9679-770619bfedda/datanode-0/data-0/containers/hdds
2021-12-22 08:22:25,535 [Listener at 127.0.0.1/41155] INFO  volume.StorageVolumeChecker (StorageVolumeChecker.java:checkAllVolumes(202)) - Scheduled health check for volume /home/runner/work/ozone/ozone/hadoop-ozone/integration-test/target/test-dir/MiniOzoneClusterImpl-3dd55103-1821-4ecb-9679-770619bfedda/datanode-0/data-0/containers/hdds
2021-12-22 08:22:25,552 [Listener at 127.0.0.1/41155] INFO  volume.MutableVolumeSet (MutableVolumeSet.java:initializeVolumeSet(168)) - Added Volume : /home/runner/work/ozone/ozone/hadoop-ozone/integration-test/target/test-dir/MiniOzoneClusterImpl-3dd55103-1821-4ecb-9679-770619bfedda/datanode-0/data/ratis to VolumeSet
2021-12-22 08:22:25,552 [Listener at 127.0.0.1/41155] INFO  volume.ThrottledAsyncChecker (ThrottledAsyncChecker.java:schedule(141)) - Scheduling a check for /home/runner/work/ozone/ozone/hadoop-ozone/integration-test/target/test-dir/MiniOzoneClusterImpl-3dd55103-1821-4ecb-9679-770619bfedda/datanode-0/data/ratis
2021-12-22 08:22:25,553 [Listener at 127.0.0.1/41155] INFO  volume.StorageVolumeChecker (StorageVolumeChecker.java:checkAllVolumes(202)) - Scheduled health check for volume /home/runner/work/ozone/ozone/hadoop-ozone/integration-test/target/test-dir/MiniOzoneClusterImpl-3dd55103-1821-4ecb-9679-770619bfedda/datanode-0/data/ratis
2021-12-22 08:22:25,571 [Thread-873] INFO  ozoneimpl.ContainerReader (ContainerReader.java:readVolume(172)) - Finish verifying containers on volume /home/runner/work/ozone/ozone/hadoop-ozone/integration-test/target/test-dir/MiniOzoneClusterImpl-3dd55103-1821-4ecb-9679-770619bfedda/datanode-0/data-0/containers/hdds
2021-12-22 08:22:25,571 [Listener at 127.0.0.1/41155] INFO  ozoneimpl.OzoneContainer (OzoneContainer.java:buildContainerSet(237)) - Build ContainerSet costs 0s
2021-12-22 08:22:25,573 [Listener at 127.0.0.1/41155] INFO  server.RaftServer (ConfUtils.java:logGet(44)) - raft.rpc.type = GRPC (default)
2021-12-22 08:22:25,573 [Listener at 127.0.0.1/41155] INFO  grpc.GrpcFactory (GrpcFactory.java:checkPooledByteBufAllocatorUseCacheForAllThreads(48)) - PERFORMANCE WARNING: useCacheForAllThreads is true that may cause Netty to create a lot garbage objects and, as a result, trigger GC.
	It is recommended to disable useCacheForAllThreads by setting -Dorg.apache.ratis.thirdparty.io.netty.allocator.useCacheForAllThreads=false in command line.
2021-12-22 08:22:25,573 [Listener at 127.0.0.1/41155] INFO  grpc.GrpcConfigKeys (ConfUtils.java:logGet(44)) - raft.grpc.admin.port = 0 (custom)
2021-12-22 08:22:25,573 [Listener at 127.0.0.1/41155] INFO  grpc.GrpcConfigKeys (ConfUtils.java:logGet(44)) - raft.grpc.client.port = 0 (custom)
2021-12-22 08:22:25,573 [Listener at 127.0.0.1/41155] INFO  grpc.GrpcConfigKeys (ConfUtils.java:logGet(44)) - raft.grpc.server.port = 0 (default)
2021-12-22 08:22:25,574 [Listener at 127.0.0.1/41155] INFO  server.GrpcService (ConfUtils.java:logGet(44)) - raft.grpc.message.size.max = 32MB (=33554432) (custom)
2021-12-22 08:22:25,574 [Listener at 127.0.0.1/41155] INFO  server.RaftServerConfigKeys (ConfUtils.java:logGet(44)) - raft.server.log.appender.buffer.byte-limit = 33554432 (custom)
2021-12-22 08:22:25,574 [Listener at 127.0.0.1/41155] INFO  server.GrpcService (ConfUtils.java:logGet(44)) - raft.grpc.flow.control.window = 5MB (=5242880) (custom)
2021-12-22 08:22:25,574 [Listener at 127.0.0.1/41155] INFO  server.RaftServerConfigKeys (ConfUtils.java:logGet(44)) - raft.server.rpc.request.timeout = 60s (custom)
2021-12-22 08:22:25,575 [Listener at 127.0.0.1/41155] INFO  impl.DataStreamServerImpl (ConfUtils.java:logGet(44)) - raft.datastream.type = DISABLED (default)
2021-12-22 08:22:25,575 [Listener at 127.0.0.1/41155] INFO  server.RaftServerConfigKeys (ConfUtils.java:logGet(44)) - raft.server.rpc.slowness.timeout = 300s (custom)
2021-12-22 08:22:25,576 [Listener at 127.0.0.1/41155] INFO  server.RaftServerConfigKeys (ConfUtils.java:logGet(44)) - raft.server.leaderelection.leader.step-down.wait-time = 10s (default)
2021-12-22 08:22:25,576 [Listener at 127.0.0.1/41155] INFO  server.RaftServerConfigKeys (ConfUtils.java:logGet(44)) - raft.server.storage.dir = [/home/runner/work/ozone/ozone/hadoop-ozone/integration-test/target/test-dir/MiniOzoneClusterImpl-3dd55103-1821-4ecb-9679-770619bfedda/datanode-0/data/ratis] (custom)
2021-12-22 08:22:25,577 [Listener at 127.0.0.1/41155] INFO  server.XceiverServerGrpc (XceiverServerGrpc.java:<init>(132)) - GrpcServer channel type EpollServerSocketChannel
2021-12-22 08:22:25,588 [Listener at 127.0.0.1/41155] INFO  http.BaseHttpServer (BaseHttpServer.java:newHttpServer2BuilderForOzone(209)) - Starting Web-server for hddsDatanode at: http://0.0.0.0:0
2021-12-22 08:22:25,588 [Listener at 127.0.0.1/41155] INFO  http.BaseHttpServer (BaseHttpServer.java:<init>(107)) - Hadoop Security Enabled: false Ozone Security Enabled: false Ozone HTTP Security Enabled: false 
2021-12-22 08:22:25,589 [Listener at 127.0.0.1/41155] INFO  server.AuthenticationFilter (AuthenticationFilter.java:constructSecretProvider(240)) - Unable to initialize FileSignerSecretProvider, falling back to use random secrets.
2021-12-22 08:22:25,599 [Listener at 127.0.0.1/41155] WARN  http.HttpRequestLog (HttpRequestLog.java:getRequestLog(103)) - Jetty request log can only be enabled using Log4j
2021-12-22 08:22:25,600 [Listener at 127.0.0.1/41155] INFO  http.HttpServer2 (HttpServer2.java:addGlobalFilter(1030)) - Added global filter 'safety' (class=org.apache.hadoop.hdds.server.http.HttpServer2$QuotingInputFilter)
2021-12-22 08:22:25,600 [Listener at 127.0.0.1/41155] INFO  http.HttpServer2 (HttpServer2.java:addFilter(1006)) - Added filter static_user_filter (class=org.apache.hadoop.http.lib.StaticUserWebFilter$StaticUserFilter) to context hddsDatanode
2021-12-22 08:22:25,601 [Listener at 127.0.0.1/41155] INFO  http.HttpServer2 (HttpServer2.java:addFilter(1014)) - Added filter static_user_filter (class=org.apache.hadoop.http.lib.StaticUserWebFilter$StaticUserFilter) to context static
2021-12-22 08:22:25,601 [Listener at 127.0.0.1/41155] INFO  http.HttpServer2 (HttpServer2.java:addFilter(1014)) - Added filter static_user_filter (class=org.apache.hadoop.http.lib.StaticUserWebFilter$StaticUserFilter) to context logs
2021-12-22 08:22:25,601 [Listener at 127.0.0.1/41155] INFO  http.HttpServer2 (HttpServer2.java:bindListener(1249)) - Jetty bound to port 34557
2021-12-22 08:22:25,601 [Listener at 127.0.0.1/41155] INFO  server.Server (Server.java:doStart(375)) - jetty-9.4.43.v20210629; built: 2021-06-30T11:07:22.254Z; git: 526006ecfa3af7f1a27ef3a288e2bef7ea9dd7e8; jvm 1.8.0_292-b10
2021-12-22 08:22:25,611 [Listener at 127.0.0.1/41155] INFO  server.session (DefaultSessionIdManager.java:doStart(334)) - DefaultSessionIdManager workerName=node0
2021-12-22 08:22:25,611 [Listener at 127.0.0.1/41155] INFO  server.session (DefaultSessionIdManager.java:doStart(339)) - No SessionScavenger set, using defaults
2021-12-22 08:22:25,611 [Listener at 127.0.0.1/41155] INFO  server.session (HouseKeeper.java:startScavenging(132)) - node0 Scavenging every 600000ms
2021-12-22 08:22:25,630 [Listener at 127.0.0.1/41155] INFO  handler.ContextHandler (ContextHandler.java:doStart(915)) - Started o.e.j.s.ServletContextHandler@6e4b15e9{logs,/logs,file:///home/runner/work/ozone/ozone/hadoop-ozone/integration-test/target/log,AVAILABLE}
2021-12-22 08:22:25,630 [Listener at 127.0.0.1/41155] INFO  handler.ContextHandler (ContextHandler.java:doStart(915)) - Started o.e.j.s.ServletContextHandler@60f6c836{static,/static,jar:file:/home/runner/.m2/repository/org/apache/ozone/hdds-container-service/1.3.0-SNAPSHOT/hdds-container-service-1.3.0-SNAPSHOT.jar!/webapps/static,AVAILABLE}
2021-12-22 08:22:25,755 [Listener at 127.0.0.1/41155] INFO  handler.ContextHandler (ContextHandler.java:doStart(915)) - Started o.e.j.w.WebAppContext@47f16e92{hddsDatanode,/,file:///tmp/jetty-0_0_0_0-34557-hdds-container-service-1_3_0-SNAPSHOT_jar-_-any-7656848139853762561/webapp/,AVAILABLE}{jar:file:/home/runner/.m2/repository/org/apache/ozone/hdds-container-service/1.3.0-SNAPSHOT/hdds-container-service-1.3.0-SNAPSHOT.jar!/webapps/hddsDatanode}
2021-12-22 08:22:25,773 [Listener at 127.0.0.1/41155] INFO  server.AbstractConnector (AbstractConnector.java:doStart(331)) - Started ServerConnector@69ea89d0{HTTP/1.1, (http/1.1)}{0.0.0.0:34557}
2021-12-22 08:22:25,773 [Listener at 127.0.0.1/41155] INFO  server.Server (Server.java:doStart(415)) - Started @116487ms
2021-12-22 08:22:25,773 [Listener at 127.0.0.1/41155] WARN  impl.MetricsSystemImpl (MetricsSystemImpl.java:register(279)) - Sink prometheus already exists!
2021-12-22 08:22:25,775 [Listener at 127.0.0.1/41155] INFO  http.BaseHttpServer (BaseHttpServer.java:updateConnectorAddress(329)) - HTTP server of hddsDatanode listening at http://0.0.0.0:34557
2021-12-22 08:22:25,783 [Listener at 127.0.0.1/41155] INFO  impl.MetricsSystemImpl (MetricsSystemImpl.java:init(158)) - HddsDatanode metrics system started (again)
2021-12-22 08:22:25,802 [Datanode State Machine Daemon Thread] INFO  statemachine.DatanodeStateMachine (DatanodeStateMachine.java:lambda$startDaemon$0(467)) - Ozone container server started.
2021-12-22 08:22:25,874 [org.apache.hadoop.util.JvmPauseMonitor$Monitor@41507bcd] INFO  util.JvmPauseMonitor (JvmPauseMonitor.java:run(188)) - Starting JVM pause monitor
2021-12-22 08:22:25,883 [Datanode State Machine Task Thread - 0] INFO  datanode.InitDatanodeState (InitDatanodeState.java:persistContainerDatanodeDetails(145)) - DatanodeDetails is persisted to /home/runner/work/ozone/ozone/hadoop-ozone/integration-test/target/test-dir/MiniOzoneClusterImpl-3dd55103-1821-4ecb-9679-770619bfedda/datanode-0/meta/datanode.id
2021-12-22 08:22:25,906 [Listener at 127.0.0.1/41155] INFO  ozone.HddsDatanodeService (HddsDatanodeService.java:start(234)) - HddsDatanodeService host:fv-az270-32.tacnzluakwdehk1hpragurqkma.bx.internal.cloudapp.net ip:10.1.0.28
2021-12-22 08:22:25,950 [Listener at 127.0.0.1/41155] INFO  upgrade.AbstractLayoutVersionManager (AbstractLayoutVersionManager.java:init(79)) - Initializing Layout version manager with metadata layout = SCM_HA (version = 2), software layout = SCM_HA (version = 2)
2021-12-22 08:22:26,053 [Listener at 127.0.0.1/41155] INFO  reflections.Reflections (Reflections.java:scan(232)) - Reflections took 101 ms to scan 7 urls, producing 119 keys and 279 values 
2021-12-22 08:22:26,067 [Listener at 127.0.0.1/41155] INFO  statemachine.DatanodeStateMachine (DatanodeStateMachine.java:getEndPointTaskThreadPoolSize(219)) - Datanode State Machine Task Thread Pool size 2
2021-12-22 08:22:26,080 [Listener at 127.0.0.1/41155] INFO  volume.HddsVolume (HddsVolume.java:<init>(120)) - Creating HddsVolume: /home/runner/work/ozone/ozone/hadoop-ozone/integration-test/target/test-dir/MiniOzoneClusterImpl-3dd55103-1821-4ecb-9679-770619bfedda/datanode-1/data-0/containers/hdds of storage type : DISK capacity : 9223372036854775807
2021-12-22 08:22:26,080 [Listener at 127.0.0.1/41155] INFO  volume.MutableVolumeSet (MutableVolumeSet.java:initializeVolumeSet(168)) - Added Volume : /home/runner/work/ozone/ozone/hadoop-ozone/integration-test/target/test-dir/MiniOzoneClusterImpl-3dd55103-1821-4ecb-9679-770619bfedda/datanode-1/data-0/containers/hdds to VolumeSet
2021-12-22 08:22:26,080 [Listener at 127.0.0.1/41155] INFO  volume.ThrottledAsyncChecker (ThrottledAsyncChecker.java:schedule(141)) - Scheduling a check for /home/runner/work/ozone/ozone/hadoop-ozone/integration-test/target/test-dir/MiniOzoneClusterImpl-3dd55103-1821-4ecb-9679-770619bfedda/datanode-1/data-0/containers/hdds
2021-12-22 08:22:26,084 [Listener at 127.0.0.1/41155] INFO  volume.StorageVolumeChecker (StorageVolumeChecker.java:checkAllVolumes(202)) - Scheduled health check for volume /home/runner/work/ozone/ozone/hadoop-ozone/integration-test/target/test-dir/MiniOzoneClusterImpl-3dd55103-1821-4ecb-9679-770619bfedda/datanode-1/data-0/containers/hdds
2021-12-22 08:22:26,131 [Listener at 127.0.0.1/41155] INFO  volume.MutableVolumeSet (MutableVolumeSet.java:initializeVolumeSet(168)) - Added Volume : /home/runner/work/ozone/ozone/hadoop-ozone/integration-test/target/test-dir/MiniOzoneClusterImpl-3dd55103-1821-4ecb-9679-770619bfedda/datanode-1/data/ratis to VolumeSet
2021-12-22 08:22:26,137 [Listener at 127.0.0.1/41155] INFO  volume.ThrottledAsyncChecker (ThrottledAsyncChecker.java:schedule(141)) - Scheduling a check for /home/runner/work/ozone/ozone/hadoop-ozone/integration-test/target/test-dir/MiniOzoneClusterImpl-3dd55103-1821-4ecb-9679-770619bfedda/datanode-1/data/ratis
2021-12-22 08:22:26,143 [Listener at 127.0.0.1/41155] INFO  volume.StorageVolumeChecker (StorageVolumeChecker.java:checkAllVolumes(202)) - Scheduled health check for volume /home/runner/work/ozone/ozone/hadoop-ozone/integration-test/target/test-dir/MiniOzoneClusterImpl-3dd55103-1821-4ecb-9679-770619bfedda/datanode-1/data/ratis
2021-12-22 08:22:26,181 [Thread-885] INFO  ozoneimpl.ContainerReader (ContainerReader.java:readVolume(172)) - Finish verifying containers on volume /home/runner/work/ozone/ozone/hadoop-ozone/integration-test/target/test-dir/MiniOzoneClusterImpl-3dd55103-1821-4ecb-9679-770619bfedda/datanode-1/data-0/containers/hdds
2021-12-22 08:22:26,181 [Listener at 127.0.0.1/41155] INFO  ozoneimpl.OzoneContainer (OzoneContainer.java:buildContainerSet(237)) - Build ContainerSet costs 0s
2021-12-22 08:22:26,183 [Listener at 127.0.0.1/41155] INFO  server.RaftServer (ConfUtils.java:logGet(44)) - raft.rpc.type = GRPC (default)
2021-12-22 08:22:26,183 [Listener at 127.0.0.1/41155] INFO  grpc.GrpcFactory (GrpcFactory.java:checkPooledByteBufAllocatorUseCacheForAllThreads(48)) - PERFORMANCE WARNING: useCacheForAllThreads is true that may cause Netty to create a lot garbage objects and, as a result, trigger GC.
	It is recommended to disable useCacheForAllThreads by setting -Dorg.apache.ratis.thirdparty.io.netty.allocator.useCacheForAllThreads=false in command line.
2021-12-22 08:22:26,183 [Listener at 127.0.0.1/41155] INFO  grpc.GrpcConfigKeys (ConfUtils.java:logGet(44)) - raft.grpc.admin.port = 0 (custom)
2021-12-22 08:22:26,184 [Listener at 127.0.0.1/41155] INFO  grpc.GrpcConfigKeys (ConfUtils.java:logGet(44)) - raft.grpc.client.port = 0 (custom)
2021-12-22 08:22:26,184 [Listener at 127.0.0.1/41155] INFO  grpc.GrpcConfigKeys (ConfUtils.java:logGet(44)) - raft.grpc.server.port = 0 (default)
2021-12-22 08:22:26,184 [Listener at 127.0.0.1/41155] INFO  server.GrpcService (ConfUtils.java:logGet(44)) - raft.grpc.message.size.max = 32MB (=33554432) (custom)
2021-12-22 08:22:26,184 [Listener at 127.0.0.1/41155] INFO  server.RaftServerConfigKeys (ConfUtils.java:logGet(44)) - raft.server.log.appender.buffer.byte-limit = 33554432 (custom)
2021-12-22 08:22:26,184 [Listener at 127.0.0.1/41155] INFO  server.GrpcService (ConfUtils.java:logGet(44)) - raft.grpc.flow.control.window = 5MB (=5242880) (custom)
2021-12-22 08:22:26,184 [Listener at 127.0.0.1/41155] INFO  server.RaftServerConfigKeys (ConfUtils.java:logGet(44)) - raft.server.rpc.request.timeout = 60s (custom)
2021-12-22 08:22:26,192 [Listener at 127.0.0.1/41155] INFO  impl.DataStreamServerImpl (ConfUtils.java:logGet(44)) - raft.datastream.type = DISABLED (default)
2021-12-22 08:22:26,193 [Listener at 127.0.0.1/41155] INFO  server.RaftServerConfigKeys (ConfUtils.java:logGet(44)) - raft.server.rpc.slowness.timeout = 300s (custom)
2021-12-22 08:22:26,193 [Listener at 127.0.0.1/41155] INFO  server.RaftServerConfigKeys (ConfUtils.java:logGet(44)) - raft.server.leaderelection.leader.step-down.wait-time = 10s (default)
2021-12-22 08:22:26,194 [Listener at 127.0.0.1/41155] INFO  server.RaftServerConfigKeys (ConfUtils.java:logGet(44)) - raft.server.storage.dir = [/home/runner/work/ozone/ozone/hadoop-ozone/integration-test/target/test-dir/MiniOzoneClusterImpl-3dd55103-1821-4ecb-9679-770619bfedda/datanode-1/data/ratis] (custom)
2021-12-22 08:22:26,204 [Listener at 127.0.0.1/41155] INFO  server.XceiverServerGrpc (XceiverServerGrpc.java:<init>(132)) - GrpcServer channel type EpollServerSocketChannel
2021-12-22 08:22:26,220 [Listener at 127.0.0.1/41155] INFO  http.BaseHttpServer (BaseHttpServer.java:newHttpServer2BuilderForOzone(209)) - Starting Web-server for hddsDatanode at: http://0.0.0.0:0
2021-12-22 08:22:26,220 [Listener at 127.0.0.1/41155] INFO  http.BaseHttpServer (BaseHttpServer.java:<init>(107)) - Hadoop Security Enabled: false Ozone Security Enabled: false Ozone HTTP Security Enabled: false 
2021-12-22 08:22:26,221 [Listener at 127.0.0.1/41155] INFO  server.AuthenticationFilter (AuthenticationFilter.java:constructSecretProvider(240)) - Unable to initialize FileSignerSecretProvider, falling back to use random secrets.
2021-12-22 08:22:26,226 [Listener at 127.0.0.1/41155] WARN  http.HttpRequestLog (HttpRequestLog.java:getRequestLog(103)) - Jetty request log can only be enabled using Log4j
2021-12-22 08:22:26,227 [Listener at 127.0.0.1/41155] INFO  http.HttpServer2 (HttpServer2.java:addGlobalFilter(1030)) - Added global filter 'safety' (class=org.apache.hadoop.hdds.server.http.HttpServer2$QuotingInputFilter)
2021-12-22 08:22:26,227 [Listener at 127.0.0.1/41155] INFO  http.HttpServer2 (HttpServer2.java:addFilter(1006)) - Added filter static_user_filter (class=org.apache.hadoop.http.lib.StaticUserWebFilter$StaticUserFilter) to context hddsDatanode
2021-12-22 08:22:26,227 [Listener at 127.0.0.1/41155] INFO  http.HttpServer2 (HttpServer2.java:addFilter(1014)) - Added filter static_user_filter (class=org.apache.hadoop.http.lib.StaticUserWebFilter$StaticUserFilter) to context logs
2021-12-22 08:22:26,228 [Listener at 127.0.0.1/41155] INFO  http.HttpServer2 (HttpServer2.java:addFilter(1014)) - Added filter static_user_filter (class=org.apache.hadoop.http.lib.StaticUserWebFilter$StaticUserFilter) to context static
2021-12-22 08:22:26,228 [Listener at 127.0.0.1/41155] INFO  http.HttpServer2 (HttpServer2.java:bindListener(1249)) - Jetty bound to port 39679
2021-12-22 08:22:26,228 [Listener at 127.0.0.1/41155] INFO  server.Server (Server.java:doStart(375)) - jetty-9.4.43.v20210629; built: 2021-06-30T11:07:22.254Z; git: 526006ecfa3af7f1a27ef3a288e2bef7ea9dd7e8; jvm 1.8.0_292-b10
2021-12-22 08:22:26,273 [Listener at 127.0.0.1/41155] INFO  server.session (DefaultSessionIdManager.java:doStart(334)) - DefaultSessionIdManager workerName=node0
2021-12-22 08:22:26,273 [Listener at 127.0.0.1/41155] INFO  server.session (DefaultSessionIdManager.java:doStart(339)) - No SessionScavenger set, using defaults
2021-12-22 08:22:26,273 [Listener at 127.0.0.1/41155] INFO  server.session (HouseKeeper.java:startScavenging(132)) - node0 Scavenging every 600000ms
2021-12-22 08:22:26,282 [Listener at 127.0.0.1/41155] INFO  handler.ContextHandler (ContextHandler.java:doStart(915)) - Started o.e.j.s.ServletContextHandler@455baacf{logs,/logs,file:///home/runner/work/ozone/ozone/hadoop-ozone/integration-test/target/log,AVAILABLE}
2021-12-22 08:22:26,283 [Listener at 127.0.0.1/41155] INFO  handler.ContextHandler (ContextHandler.java:doStart(915)) - Started o.e.j.s.ServletContextHandler@73db5ecc{static,/static,jar:file:/home/runner/.m2/repository/org/apache/ozone/hdds-container-service/1.3.0-SNAPSHOT/hdds-container-service-1.3.0-SNAPSHOT.jar!/webapps/static,AVAILABLE}
2021-12-22 08:22:26,374 [Listener at 127.0.0.1/41155] INFO  handler.ContextHandler (ContextHandler.java:doStart(915)) - Started o.e.j.w.WebAppContext@4c914e12{hddsDatanode,/,file:///tmp/jetty-0_0_0_0-39679-hdds-container-service-1_3_0-SNAPSHOT_jar-_-any-242242178203604325/webapp/,AVAILABLE}{jar:file:/home/runner/.m2/repository/org/apache/ozone/hdds-container-service/1.3.0-SNAPSHOT/hdds-container-service-1.3.0-SNAPSHOT.jar!/webapps/hddsDatanode}
2021-12-22 08:22:26,382 [Listener at 127.0.0.1/41155] INFO  server.AbstractConnector (AbstractConnector.java:doStart(331)) - Started ServerConnector@bec3057{HTTP/1.1, (http/1.1)}{0.0.0.0:39679}
2021-12-22 08:22:26,382 [Listener at 127.0.0.1/41155] INFO  server.Server (Server.java:doStart(415)) - Started @117097ms
2021-12-22 08:22:26,383 [Listener at 127.0.0.1/41155] WARN  impl.MetricsSystemImpl (MetricsSystemImpl.java:register(279)) - Sink prometheus already exists!
2021-12-22 08:22:26,386 [Listener at 127.0.0.1/41155] INFO  http.BaseHttpServer (BaseHttpServer.java:updateConnectorAddress(329)) - HTTP server of hddsDatanode listening at http://0.0.0.0:39679
2021-12-22 08:22:26,410 [Datanode State Machine Daemon Thread] INFO  statemachine.DatanodeStateMachine (DatanodeStateMachine.java:lambda$startDaemon$0(467)) - Ozone container server started.
2021-12-22 08:22:26,410 [Listener at 127.0.0.1/41155] INFO  impl.MetricsSystemImpl (MetricsSystemImpl.java:init(158)) - HddsDatanode metrics system started (again)
2021-12-22 08:22:26,427 [org.apache.hadoop.util.JvmPauseMonitor$Monitor@527f3402] INFO  util.JvmPauseMonitor (JvmPauseMonitor.java:run(188)) - Starting JVM pause monitor
2021-12-22 08:22:26,435 [Datanode State Machine Task Thread - 0] INFO  datanode.InitDatanodeState (InitDatanodeState.java:persistContainerDatanodeDetails(145)) - DatanodeDetails is persisted to /home/runner/work/ozone/ozone/hadoop-ozone/integration-test/target/test-dir/MiniOzoneClusterImpl-3dd55103-1821-4ecb-9679-770619bfedda/datanode-1/meta/datanode.id
2021-12-22 08:22:26,461 [Listener at 127.0.0.1/41155] INFO  ozone.HddsDatanodeService (HddsDatanodeService.java:start(234)) - HddsDatanodeService host:fv-az270-32.tacnzluakwdehk1hpragurqkma.bx.internal.cloudapp.net ip:10.1.0.28
2021-12-22 08:22:26,506 [Listener at 127.0.0.1/41155] INFO  upgrade.AbstractLayoutVersionManager (AbstractLayoutVersionManager.java:init(79)) - Initializing Layout version manager with metadata layout = SCM_HA (version = 2), software layout = SCM_HA (version = 2)
2021-12-22 08:22:26,547 [Listener at 127.0.0.1/41155] INFO  reflections.Reflections (Reflections.java:scan(232)) - Reflections took 40 ms to scan 7 urls, producing 119 keys and 279 values 
2021-12-22 08:22:26,548 [Listener at 127.0.0.1/41155] INFO  statemachine.DatanodeStateMachine (DatanodeStateMachine.java:getEndPointTaskThreadPoolSize(219)) - Datanode State Machine Task Thread Pool size 2
2021-12-22 08:22:26,550 [Listener at 127.0.0.1/41155] INFO  volume.HddsVolume (HddsVolume.java:<init>(120)) - Creating HddsVolume: /home/runner/work/ozone/ozone/hadoop-ozone/integration-test/target/test-dir/MiniOzoneClusterImpl-3dd55103-1821-4ecb-9679-770619bfedda/datanode-2/data-0/containers/hdds of storage type : DISK capacity : 9223372036854775807
2021-12-22 08:22:26,550 [Listener at 127.0.0.1/41155] INFO  volume.MutableVolumeSet (MutableVolumeSet.java:initializeVolumeSet(168)) - Added Volume : /home/runner/work/ozone/ozone/hadoop-ozone/integration-test/target/test-dir/MiniOzoneClusterImpl-3dd55103-1821-4ecb-9679-770619bfedda/datanode-2/data-0/containers/hdds to VolumeSet
2021-12-22 08:22:26,550 [Listener at 127.0.0.1/41155] INFO  volume.ThrottledAsyncChecker (ThrottledAsyncChecker.java:schedule(141)) - Scheduling a check for /home/runner/work/ozone/ozone/hadoop-ozone/integration-test/target/test-dir/MiniOzoneClusterImpl-3dd55103-1821-4ecb-9679-770619bfedda/datanode-2/data-0/containers/hdds
2021-12-22 08:22:26,551 [Listener at 127.0.0.1/41155] INFO  volume.StorageVolumeChecker (StorageVolumeChecker.java:checkAllVolumes(202)) - Scheduled health check for volume /home/runner/work/ozone/ozone/hadoop-ozone/integration-test/target/test-dir/MiniOzoneClusterImpl-3dd55103-1821-4ecb-9679-770619bfedda/datanode-2/data-0/containers/hdds
2021-12-22 08:22:26,580 [Listener at 127.0.0.1/41155] INFO  volume.MutableVolumeSet (MutableVolumeSet.java:initializeVolumeSet(168)) - Added Volume : /home/runner/work/ozone/ozone/hadoop-ozone/integration-test/target/test-dir/MiniOzoneClusterImpl-3dd55103-1821-4ecb-9679-770619bfedda/datanode-2/data/ratis to VolumeSet
2021-12-22 08:22:26,580 [Listener at 127.0.0.1/41155] INFO  volume.ThrottledAsyncChecker (ThrottledAsyncChecker.java:schedule(141)) - Scheduling a check for /home/runner/work/ozone/ozone/hadoop-ozone/integration-test/target/test-dir/MiniOzoneClusterImpl-3dd55103-1821-4ecb-9679-770619bfedda/datanode-2/data/ratis
2021-12-22 08:22:26,580 [Listener at 127.0.0.1/41155] INFO  volume.StorageVolumeChecker (StorageVolumeChecker.java:checkAllVolumes(202)) - Scheduled health check for volume /home/runner/work/ozone/ozone/hadoop-ozone/integration-test/target/test-dir/MiniOzoneClusterImpl-3dd55103-1821-4ecb-9679-770619bfedda/datanode-2/data/ratis
2021-12-22 08:22:26,614 [Thread-897] INFO  ozoneimpl.ContainerReader (ContainerReader.java:readVolume(172)) - Finish verifying containers on volume /home/runner/work/ozone/ozone/hadoop-ozone/integration-test/target/test-dir/MiniOzoneClusterImpl-3dd55103-1821-4ecb-9679-770619bfedda/datanode-2/data-0/containers/hdds
2021-12-22 08:22:26,614 [Listener at 127.0.0.1/41155] INFO  ozoneimpl.OzoneContainer (OzoneContainer.java:buildContainerSet(237)) - Build ContainerSet costs 0s
2021-12-22 08:22:26,619 [Listener at 127.0.0.1/41155] INFO  server.RaftServer (ConfUtils.java:logGet(44)) - raft.rpc.type = GRPC (default)
2021-12-22 08:22:26,621 [Listener at 127.0.0.1/41155] INFO  grpc.GrpcFactory (GrpcFactory.java:checkPooledByteBufAllocatorUseCacheForAllThreads(48)) - PERFORMANCE WARNING: useCacheForAllThreads is true that may cause Netty to create a lot garbage objects and, as a result, trigger GC.
	It is recommended to disable useCacheForAllThreads by setting -Dorg.apache.ratis.thirdparty.io.netty.allocator.useCacheForAllThreads=false in command line.
2021-12-22 08:22:26,621 [Listener at 127.0.0.1/41155] INFO  grpc.GrpcConfigKeys (ConfUtils.java:logGet(44)) - raft.grpc.admin.port = 0 (custom)
2021-12-22 08:22:26,622 [Listener at 127.0.0.1/41155] INFO  grpc.GrpcConfigKeys (ConfUtils.java:logGet(44)) - raft.grpc.client.port = 0 (custom)
2021-12-22 08:22:26,622 [Listener at 127.0.0.1/41155] INFO  grpc.GrpcConfigKeys (ConfUtils.java:logGet(44)) - raft.grpc.server.port = 0 (default)
2021-12-22 08:22:26,622 [Listener at 127.0.0.1/41155] INFO  server.GrpcService (ConfUtils.java:logGet(44)) - raft.grpc.message.size.max = 32MB (=33554432) (custom)
2021-12-22 08:22:26,622 [Listener at 127.0.0.1/41155] INFO  server.RaftServerConfigKeys (ConfUtils.java:logGet(44)) - raft.server.log.appender.buffer.byte-limit = 33554432 (custom)
2021-12-22 08:22:26,622 [Listener at 127.0.0.1/41155] INFO  server.GrpcService (ConfUtils.java:logGet(44)) - raft.grpc.flow.control.window = 5MB (=5242880) (custom)
2021-12-22 08:22:26,622 [Listener at 127.0.0.1/41155] INFO  server.RaftServerConfigKeys (ConfUtils.java:logGet(44)) - raft.server.rpc.request.timeout = 60s (custom)
2021-12-22 08:22:26,624 [Listener at 127.0.0.1/41155] INFO  impl.DataStreamServerImpl (ConfUtils.java:logGet(44)) - raft.datastream.type = DISABLED (default)
2021-12-22 08:22:26,625 [Listener at 127.0.0.1/41155] INFO  server.RaftServerConfigKeys (ConfUtils.java:logGet(44)) - raft.server.rpc.slowness.timeout = 300s (custom)
2021-12-22 08:22:26,625 [Listener at 127.0.0.1/41155] INFO  server.RaftServerConfigKeys (ConfUtils.java:logGet(44)) - raft.server.leaderelection.leader.step-down.wait-time = 10s (default)
2021-12-22 08:22:26,625 [Listener at 127.0.0.1/41155] INFO  server.RaftServerConfigKeys (ConfUtils.java:logGet(44)) - raft.server.storage.dir = [/home/runner/work/ozone/ozone/hadoop-ozone/integration-test/target/test-dir/MiniOzoneClusterImpl-3dd55103-1821-4ecb-9679-770619bfedda/datanode-2/data/ratis] (custom)
2021-12-22 08:22:26,628 [Listener at 127.0.0.1/41155] INFO  server.XceiverServerGrpc (XceiverServerGrpc.java:<init>(132)) - GrpcServer channel type EpollServerSocketChannel
2021-12-22 08:22:26,651 [Listener at 127.0.0.1/41155] INFO  http.BaseHttpServer (BaseHttpServer.java:newHttpServer2BuilderForOzone(209)) - Starting Web-server for hddsDatanode at: http://0.0.0.0:0
2021-12-22 08:22:26,651 [Listener at 127.0.0.1/41155] INFO  http.BaseHttpServer (BaseHttpServer.java:<init>(107)) - Hadoop Security Enabled: false Ozone Security Enabled: false Ozone HTTP Security Enabled: false 
2021-12-22 08:22:26,652 [Listener at 127.0.0.1/41155] INFO  server.AuthenticationFilter (AuthenticationFilter.java:constructSecretProvider(240)) - Unable to initialize FileSignerSecretProvider, falling back to use random secrets.
2021-12-22 08:22:26,664 [Listener at 127.0.0.1/41155] WARN  http.HttpRequestLog (HttpRequestLog.java:getRequestLog(103)) - Jetty request log can only be enabled using Log4j
2021-12-22 08:22:26,665 [Listener at 127.0.0.1/41155] INFO  http.HttpServer2 (HttpServer2.java:addGlobalFilter(1030)) - Added global filter 'safety' (class=org.apache.hadoop.hdds.server.http.HttpServer2$QuotingInputFilter)
2021-12-22 08:22:26,666 [Listener at 127.0.0.1/41155] INFO  http.HttpServer2 (HttpServer2.java:addFilter(1006)) - Added filter static_user_filter (class=org.apache.hadoop.http.lib.StaticUserWebFilter$StaticUserFilter) to context hddsDatanode
2021-12-22 08:22:26,667 [Listener at 127.0.0.1/41155] INFO  http.HttpServer2 (HttpServer2.java:addFilter(1014)) - Added filter static_user_filter (class=org.apache.hadoop.http.lib.StaticUserWebFilter$StaticUserFilter) to context logs
2021-12-22 08:22:26,667 [Listener at 127.0.0.1/41155] INFO  http.HttpServer2 (HttpServer2.java:addFilter(1014)) - Added filter static_user_filter (class=org.apache.hadoop.http.lib.StaticUserWebFilter$StaticUserFilter) to context static
2021-12-22 08:22:26,667 [Listener at 127.0.0.1/41155] INFO  http.HttpServer2 (HttpServer2.java:bindListener(1249)) - Jetty bound to port 45683
2021-12-22 08:22:26,668 [Listener at 127.0.0.1/41155] INFO  server.Server (Server.java:doStart(375)) - jetty-9.4.43.v20210629; built: 2021-06-30T11:07:22.254Z; git: 526006ecfa3af7f1a27ef3a288e2bef7ea9dd7e8; jvm 1.8.0_292-b10
2021-12-22 08:22:26,688 [Listener at 127.0.0.1/41155] INFO  server.session (DefaultSessionIdManager.java:doStart(334)) - DefaultSessionIdManager workerName=node0
2021-12-22 08:22:26,688 [Listener at 127.0.0.1/41155] INFO  server.session (DefaultSessionIdManager.java:doStart(339)) - No SessionScavenger set, using defaults
2021-12-22 08:22:26,688 [Listener at 127.0.0.1/41155] INFO  server.session (HouseKeeper.java:startScavenging(132)) - node0 Scavenging every 660000ms
2021-12-22 08:22:26,689 [Listener at 127.0.0.1/41155] INFO  handler.ContextHandler (ContextHandler.java:doStart(915)) - Started o.e.j.s.ServletContextHandler@39310988{logs,/logs,file:///home/runner/work/ozone/ozone/hadoop-ozone/integration-test/target/log,AVAILABLE}
2021-12-22 08:22:26,689 [Listener at 127.0.0.1/41155] INFO  handler.ContextHandler (ContextHandler.java:doStart(915)) - Started o.e.j.s.ServletContextHandler@5c2bc446{static,/static,jar:file:/home/runner/.m2/repository/org/apache/ozone/hdds-container-service/1.3.0-SNAPSHOT/hdds-container-service-1.3.0-SNAPSHOT.jar!/webapps/static,AVAILABLE}
2021-12-22 08:22:26,825 [Listener at 127.0.0.1/41155] INFO  handler.ContextHandler (ContextHandler.java:doStart(915)) - Started o.e.j.w.WebAppContext@72ca016e{hddsDatanode,/,file:///tmp/jetty-0_0_0_0-45683-hdds-container-service-1_3_0-SNAPSHOT_jar-_-any-4275150993571133040/webapp/,AVAILABLE}{jar:file:/home/runner/.m2/repository/org/apache/ozone/hdds-container-service/1.3.0-SNAPSHOT/hdds-container-service-1.3.0-SNAPSHOT.jar!/webapps/hddsDatanode}
2021-12-22 08:22:26,831 [Listener at 127.0.0.1/41155] INFO  server.AbstractConnector (AbstractConnector.java:doStart(331)) - Started ServerConnector@75618e16{HTTP/1.1, (http/1.1)}{0.0.0.0:45683}
2021-12-22 08:22:26,838 [Listener at 127.0.0.1/41155] INFO  server.Server (Server.java:doStart(415)) - Started @117553ms
2021-12-22 08:22:26,839 [Listener at 127.0.0.1/41155] WARN  impl.MetricsSystemImpl (MetricsSystemImpl.java:register(279)) - Sink prometheus already exists!
2021-12-22 08:22:26,839 [Listener at 127.0.0.1/41155] INFO  http.BaseHttpServer (BaseHttpServer.java:updateConnectorAddress(329)) - HTTP server of hddsDatanode listening at http://0.0.0.0:45683
2021-12-22 08:22:26,840 [Listener at 127.0.0.1/41155] INFO  ozone.MiniOzoneClusterImpl (MiniOzoneClusterImpl.java:lambda$waitForClusterToBeReady$0(235)) - Waiting for nodes to be ready. Got 0 of 3 DN Heartbeats.
2021-12-22 08:22:26,840 [Listener at 127.0.0.1/41155] INFO  ozone.MiniOzoneClusterImpl (MiniOzoneClusterImpl.java:lambda$waitForClusterToBeReady$0(238)) - Waiting for cluster to exit safe mode
2021-12-22 08:22:26,840 [Listener at 127.0.0.1/41155] INFO  ozone.MiniOzoneClusterImpl (MiniOzoneClusterImpl.java:lambda$waitForClusterToBeReady$0(240)) - SCM became leader
2021-12-22 08:22:26,840 [Datanode State Machine Daemon Thread] INFO  statemachine.DatanodeStateMachine (DatanodeStateMachine.java:lambda$startDaemon$0(467)) - Ozone container server started.
2021-12-22 08:22:26,870 [org.apache.hadoop.util.JvmPauseMonitor$Monitor@69461da1] INFO  util.JvmPauseMonitor (JvmPauseMonitor.java:run(188)) - Starting JVM pause monitor
2021-12-22 08:22:26,886 [Datanode State Machine Task Thread - 0] INFO  datanode.InitDatanodeState (InitDatanodeState.java:persistContainerDatanodeDetails(145)) - DatanodeDetails is persisted to /home/runner/work/ozone/ozone/hadoop-ozone/integration-test/target/test-dir/MiniOzoneClusterImpl-3dd55103-1821-4ecb-9679-770619bfedda/datanode-2/meta/datanode.id
2021-12-22 08:22:27,840 [Listener at 127.0.0.1/41155] INFO  ozone.MiniOzoneClusterImpl (MiniOzoneClusterImpl.java:lambda$waitForClusterToBeReady$0(235)) - Waiting for nodes to be ready. Got 0 of 3 DN Heartbeats.
2021-12-22 08:22:27,841 [Listener at 127.0.0.1/41155] INFO  ozone.MiniOzoneClusterImpl (MiniOzoneClusterImpl.java:lambda$waitForClusterToBeReady$0(238)) - Waiting for cluster to exit safe mode
2021-12-22 08:22:27,841 [Listener at 127.0.0.1/41155] INFO  ozone.MiniOzoneClusterImpl (MiniOzoneClusterImpl.java:lambda$waitForClusterToBeReady$0(240)) - SCM became leader
2021-12-22 08:22:27,941 [EndpointStateMachine task thread for /0.0.0.0:44079 - 0 ] INFO  ozoneimpl.OzoneContainer (OzoneContainer.java:start(315)) - Attempting to start container services.
2021-12-22 08:22:27,941 [EndpointStateMachine task thread for /0.0.0.0:44079 - 0 ] INFO  ozoneimpl.OzoneContainer (OzoneContainer.java:startContainerScrub(250)) - Background container scanner has been disabled.
2021-12-22 08:22:27,954 [EndpointStateMachine task thread for /0.0.0.0:44079 - 0 ] INFO  replication.ReplicationServer (ReplicationServer.java:start(107)) - ReplicationServer is started using port 45537
2021-12-22 08:22:27,955 [EndpointStateMachine task thread for /0.0.0.0:44079 - 0 ] INFO  ratis.XceiverServerRatis (XceiverServerRatis.java:start(484)) - Starting XceiverServerRatis c76a0960-210e-464c-8d60-ee8557cfadbb
2021-12-22 08:22:27,958 [EndpointStateMachine task thread for /0.0.0.0:44079 - 0 ] INFO  server.RaftServer (RaftServerProxy.java:lambda$start$5(374)) - c76a0960-210e-464c-8d60-ee8557cfadbb: start RPC server
2021-12-22 08:22:27,966 [EndpointStateMachine task thread for /0.0.0.0:44079 - 0 ] INFO  server.GrpcService (GrpcService.java:startImpl(253)) - c76a0960-210e-464c-8d60-ee8557cfadbb: GrpcService started, listening on 40875
2021-12-22 08:22:27,986 [EndpointStateMachine task thread for /0.0.0.0:44079 - 0 ] INFO  ratis.XceiverServerRatis (XceiverServerRatis.java:getRealPort(505)) - XceiverServerRatis c76a0960-210e-464c-8d60-ee8557cfadbb is started using port 40875 for RATIS
2021-12-22 08:22:27,986 [EndpointStateMachine task thread for /0.0.0.0:44079 - 0 ] INFO  ratis.XceiverServerRatis (XceiverServerRatis.java:getRealPort(505)) - XceiverServerRatis c76a0960-210e-464c-8d60-ee8557cfadbb is started using port 40875 for RATIS_ADMIN
2021-12-22 08:22:27,986 [EndpointStateMachine task thread for /0.0.0.0:44079 - 0 ] INFO  ratis.XceiverServerRatis (XceiverServerRatis.java:getRealPort(505)) - XceiverServerRatis c76a0960-210e-464c-8d60-ee8557cfadbb is started using port 40875 for RATIS_SERVER
2021-12-22 08:22:27,986 [org.apache.ratis.util.JvmPauseMonitor$$Lambda$528/1268289547@313ab64f] INFO  util.JvmPauseMonitor (JvmPauseMonitor.java:run(103)) - JvmPauseMonitor-c76a0960-210e-464c-8d60-ee8557cfadbb: Started
2021-12-22 08:22:28,010 [EndpointStateMachine task thread for /0.0.0.0:44079 - 0 ] INFO  server.XceiverServerGrpc (XceiverServerGrpc.java:start(180)) - XceiverServerGrpc c76a0960-210e-464c-8d60-ee8557cfadbb is started using port 40125
2021-12-22 08:22:28,442 [EndpointStateMachine task thread for /0.0.0.0:44079 - 0 ] INFO  ozoneimpl.OzoneContainer (OzoneContainer.java:start(315)) - Attempting to start container services.
2021-12-22 08:22:28,445 [EndpointStateMachine task thread for /0.0.0.0:44079 - 0 ] INFO  ozoneimpl.OzoneContainer (OzoneContainer.java:startContainerScrub(250)) - Background container scanner has been disabled.
2021-12-22 08:22:28,446 [EndpointStateMachine task thread for /0.0.0.0:44079 - 0 ] INFO  replication.ReplicationServer (ReplicationServer.java:start(107)) - ReplicationServer is started using port 44945
2021-12-22 08:22:28,466 [EndpointStateMachine task thread for /0.0.0.0:44079 - 0 ] INFO  ratis.XceiverServerRatis (XceiverServerRatis.java:start(484)) - Starting XceiverServerRatis 76f1d3ab-551a-41e2-9590-cf43f9dd4238
2021-12-22 08:22:28,473 [EndpointStateMachine task thread for /0.0.0.0:44079 - 0 ] INFO  server.RaftServer (RaftServerProxy.java:lambda$start$5(374)) - 76f1d3ab-551a-41e2-9590-cf43f9dd4238: start RPC server
2021-12-22 08:22:28,473 [EndpointStateMachine task thread for /0.0.0.0:44079 - 0 ] INFO  server.GrpcService (GrpcService.java:startImpl(253)) - 76f1d3ab-551a-41e2-9590-cf43f9dd4238: GrpcService started, listening on 46491
2021-12-22 08:22:28,474 [EndpointStateMachine task thread for /0.0.0.0:44079 - 0 ] INFO  ratis.XceiverServerRatis (XceiverServerRatis.java:getRealPort(505)) - XceiverServerRatis 76f1d3ab-551a-41e2-9590-cf43f9dd4238 is started using port 46491 for RATIS
2021-12-22 08:22:28,474 [EndpointStateMachine task thread for /0.0.0.0:44079 - 0 ] INFO  ratis.XceiverServerRatis (XceiverServerRatis.java:getRealPort(505)) - XceiverServerRatis 76f1d3ab-551a-41e2-9590-cf43f9dd4238 is started using port 46491 for RATIS_ADMIN
2021-12-22 08:22:28,474 [EndpointStateMachine task thread for /0.0.0.0:44079 - 0 ] INFO  ratis.XceiverServerRatis (XceiverServerRatis.java:getRealPort(505)) - XceiverServerRatis 76f1d3ab-551a-41e2-9590-cf43f9dd4238 is started using port 46491 for RATIS_SERVER
2021-12-22 08:22:28,474 [org.apache.ratis.util.JvmPauseMonitor$$Lambda$528/1268289547@400e537e] INFO  util.JvmPauseMonitor (JvmPauseMonitor.java:run(103)) - JvmPauseMonitor-76f1d3ab-551a-41e2-9590-cf43f9dd4238: Started
2021-12-22 08:22:28,474 [EndpointStateMachine task thread for /0.0.0.0:44079 - 0 ] INFO  server.XceiverServerGrpc (XceiverServerGrpc.java:start(180)) - XceiverServerGrpc 76f1d3ab-551a-41e2-9590-cf43f9dd4238 is started using port 46563
2021-12-22 08:22:28,841 [Listener at 127.0.0.1/41155] INFO  ozone.MiniOzoneClusterImpl (MiniOzoneClusterImpl.java:lambda$waitForClusterToBeReady$0(235)) - Waiting for nodes to be ready. Got 0 of 3 DN Heartbeats.
2021-12-22 08:22:28,841 [Listener at 127.0.0.1/41155] INFO  ozone.MiniOzoneClusterImpl (MiniOzoneClusterImpl.java:lambda$waitForClusterToBeReady$0(238)) - Waiting for cluster to exit safe mode
2021-12-22 08:22:28,841 [Listener at 127.0.0.1/41155] INFO  ozone.MiniOzoneClusterImpl (MiniOzoneClusterImpl.java:lambda$waitForClusterToBeReady$0(240)) - SCM became leader
2021-12-22 08:22:28,873 [EndpointStateMachine task thread for /0.0.0.0:44079 - 0 ] INFO  ozoneimpl.OzoneContainer (OzoneContainer.java:start(315)) - Attempting to start container services.
2021-12-22 08:22:28,874 [EndpointStateMachine task thread for /0.0.0.0:44079 - 0 ] INFO  ozoneimpl.OzoneContainer (OzoneContainer.java:startContainerScrub(250)) - Background container scanner has been disabled.
2021-12-22 08:22:28,875 [EndpointStateMachine task thread for /0.0.0.0:44079 - 0 ] INFO  replication.ReplicationServer (ReplicationServer.java:start(107)) - ReplicationServer is started using port 38605
2021-12-22 08:22:28,878 [EndpointStateMachine task thread for /0.0.0.0:44079 - 0 ] INFO  ratis.XceiverServerRatis (XceiverServerRatis.java:start(484)) - Starting XceiverServerRatis acc7ce84-f107-4bcc-9a9d-7d0d04927ca9
2021-12-22 08:22:28,881 [EndpointStateMachine task thread for /0.0.0.0:44079 - 0 ] INFO  server.RaftServer (RaftServerProxy.java:lambda$start$5(374)) - acc7ce84-f107-4bcc-9a9d-7d0d04927ca9: start RPC server
2021-12-22 08:22:28,886 [EndpointStateMachine task thread for /0.0.0.0:44079 - 0 ] INFO  server.GrpcService (GrpcService.java:startImpl(253)) - acc7ce84-f107-4bcc-9a9d-7d0d04927ca9: GrpcService started, listening on 34495
2021-12-22 08:22:28,889 [EndpointStateMachine task thread for /0.0.0.0:44079 - 0 ] INFO  ratis.XceiverServerRatis (XceiverServerRatis.java:getRealPort(505)) - XceiverServerRatis acc7ce84-f107-4bcc-9a9d-7d0d04927ca9 is started using port 34495 for RATIS
2021-12-22 08:22:28,890 [EndpointStateMachine task thread for /0.0.0.0:44079 - 0 ] INFO  ratis.XceiverServerRatis (XceiverServerRatis.java:getRealPort(505)) - XceiverServerRatis acc7ce84-f107-4bcc-9a9d-7d0d04927ca9 is started using port 34495 for RATIS_ADMIN
2021-12-22 08:22:28,890 [EndpointStateMachine task thread for /0.0.0.0:44079 - 0 ] INFO  ratis.XceiverServerRatis (XceiverServerRatis.java:getRealPort(505)) - XceiverServerRatis acc7ce84-f107-4bcc-9a9d-7d0d04927ca9 is started using port 34495 for RATIS_SERVER
2021-12-22 08:22:28,890 [org.apache.ratis.util.JvmPauseMonitor$$Lambda$528/1268289547@51a0035d] INFO  util.JvmPauseMonitor (JvmPauseMonitor.java:run(103)) - JvmPauseMonitor-acc7ce84-f107-4bcc-9a9d-7d0d04927ca9: Started
2021-12-22 08:22:28,891 [EndpointStateMachine task thread for /0.0.0.0:44079 - 0 ] INFO  server.XceiverServerGrpc (XceiverServerGrpc.java:start(180)) - XceiverServerGrpc acc7ce84-f107-4bcc-9a9d-7d0d04927ca9 is started using port 45087
2021-12-22 08:22:29,842 [Listener at 127.0.0.1/41155] INFO  ozone.MiniOzoneClusterImpl (MiniOzoneClusterImpl.java:lambda$waitForClusterToBeReady$0(235)) - Waiting for nodes to be ready. Got 0 of 3 DN Heartbeats.
2021-12-22 08:22:29,842 [Listener at 127.0.0.1/41155] INFO  ozone.MiniOzoneClusterImpl (MiniOzoneClusterImpl.java:lambda$waitForClusterToBeReady$0(238)) - Waiting for cluster to exit safe mode
2021-12-22 08:22:29,842 [Listener at 127.0.0.1/41155] INFO  ozone.MiniOzoneClusterImpl (MiniOzoneClusterImpl.java:lambda$waitForClusterToBeReady$0(240)) - SCM became leader
2021-12-22 08:22:29,899 [IPC Server handler 3 on default port 44079] INFO  net.NetworkTopologyImpl (NetworkTopologyImpl.java:add(112)) - Added a new node: /default-rack/c76a0960-210e-464c-8d60-ee8557cfadbb
2021-12-22 08:22:29,899 [IPC Server handler 3 on default port 44079] INFO  node.SCMNodeManager (SCMNodeManager.java:register(389)) - Registered Data node : c76a0960-210e-464c-8d60-ee8557cfadbb{ip: 10.1.0.28, host: fv-az270-32.tacnzluakwdehk1hpragurqkma.bx.internal.cloudapp.net, ports: [REPLICATION=45537, RATIS=40875, RATIS_ADMIN=40875, RATIS_SERVER=40875, STANDALONE=40125], networkLocation: /default-rack, certSerialId: null, persistedOpState: null, persistedOpStateExpiryEpochSec: 0}
2021-12-22 08:22:29,901 [EventQueue-NodeRegistrationContainerReportForDataNodeSafeModeRule] INFO  safemode.SCMSafeModeManager (DataNodeSafeModeRule.java:process(71)) - SCM in safe mode. 1 DataNodes registered, 3 required.
2021-12-22 08:22:29,901 [EventQueue-NodeRegistrationContainerReportForContainerSafeModeRule] INFO  safemode.SCMSafeModeManager (SCMSafeModeManager.java:validateSafeModeExitRules(204)) - ContainerSafeModeRule rule is successfully validated
2021-12-22 08:22:29,922 [EventQueue-NewNodeForNewNodeHandler] INFO  pipeline.BackgroundPipelineCreator (BackgroundPipelineCreator.java:notifyEventTriggered(285)) - trigger a one-shot run on RatisPipelineUtilsThread.
2021-12-22 08:22:29,923 [RatisPipelineUtilsThread - 0] INFO  pipeline.RatisPipelineProvider (RatisPipelineProvider.java:lambda$create$0(183)) - Sending CreatePipelineCommand for pipeline:PipelineID=734967bf-b6ed-4980-92b8-0f3aa65ac2c7 to datanode:c76a0960-210e-464c-8d60-ee8557cfadbb
2021-12-22 08:22:29,924 [RatisPipelineUtilsThread - 0] INFO  pipeline.PipelineStateManagerImpl (PipelineStateManagerImpl.java:addPipeline(101)) - Created pipeline Pipeline[ Id: 734967bf-b6ed-4980-92b8-0f3aa65ac2c7, Nodes: c76a0960-210e-464c-8d60-ee8557cfadbb{ip: 10.1.0.28, host: fv-az270-32.tacnzluakwdehk1hpragurqkma.bx.internal.cloudapp.net, ports: [REPLICATION=45537, RATIS=40875, RATIS_ADMIN=40875, RATIS_SERVER=40875, STANDALONE=40125], networkLocation: /default-rack, certSerialId: null, persistedOpState: IN_SERVICE, persistedOpStateExpiryEpochSec: 0}, ReplicationConfig: RATIS/ONE, State:ALLOCATED, leaderId:, CreationTimestamp2021-12-22T08:22:29.923Z[Etc/UTC]].
2021-12-22 08:22:29,938 [EventQueue-PipelineReportForOneReplicaPipelineSafeModeRule] INFO  safemode.SCMSafeModeManager (SCMSafeModeManager.java:validateSafeModeExitRules(204)) - AtleastOneDatanodeReportedRule rule is successfully validated
2021-12-22 08:22:30,431 [IPC Server handler 0 on default port 44079] INFO  net.NetworkTopologyImpl (NetworkTopologyImpl.java:add(112)) - Added a new node: /default-rack/76f1d3ab-551a-41e2-9590-cf43f9dd4238
2021-12-22 08:22:30,432 [IPC Server handler 0 on default port 44079] INFO  node.SCMNodeManager (SCMNodeManager.java:register(389)) - Registered Data node : 76f1d3ab-551a-41e2-9590-cf43f9dd4238{ip: 10.1.0.28, host: fv-az270-32.tacnzluakwdehk1hpragurqkma.bx.internal.cloudapp.net, ports: [REPLICATION=44945, RATIS=46491, RATIS_ADMIN=46491, RATIS_SERVER=46491, STANDALONE=46563], networkLocation: /default-rack, certSerialId: null, persistedOpState: null, persistedOpStateExpiryEpochSec: 0}
2021-12-22 08:22:30,433 [EventQueue-NewNodeForNewNodeHandler] INFO  pipeline.BackgroundPipelineCreator (BackgroundPipelineCreator.java:notifyEventTriggered(285)) - trigger a one-shot run on RatisPipelineUtilsThread.
2021-12-22 08:22:30,433 [EventQueue-NodeRegistrationContainerReportForDataNodeSafeModeRule] INFO  safemode.SCMSafeModeManager (DataNodeSafeModeRule.java:process(71)) - SCM in safe mode. 2 DataNodes registered, 3 required.
2021-12-22 08:22:30,450 [RatisPipelineUtilsThread - 0] INFO  pipeline.RatisPipelineProvider (RatisPipelineProvider.java:lambda$create$0(183)) - Sending CreatePipelineCommand for pipeline:PipelineID=8cdeab8d-34bf-42f4-a47b-df7a1f26d946 to datanode:76f1d3ab-551a-41e2-9590-cf43f9dd4238
2021-12-22 08:22:30,450 [RatisPipelineUtilsThread - 0] INFO  pipeline.PipelineStateManagerImpl (PipelineStateManagerImpl.java:addPipeline(101)) - Created pipeline Pipeline[ Id: 8cdeab8d-34bf-42f4-a47b-df7a1f26d946, Nodes: 76f1d3ab-551a-41e2-9590-cf43f9dd4238{ip: 10.1.0.28, host: fv-az270-32.tacnzluakwdehk1hpragurqkma.bx.internal.cloudapp.net, ports: [REPLICATION=44945, RATIS=46491, RATIS_ADMIN=46491, RATIS_SERVER=46491, STANDALONE=46563], networkLocation: /default-rack, certSerialId: null, persistedOpState: IN_SERVICE, persistedOpStateExpiryEpochSec: 0}, ReplicationConfig: RATIS/ONE, State:ALLOCATED, leaderId:, CreationTimestamp2021-12-22T08:22:30.450Z[Etc/UTC]].
2021-12-22 08:22:30,842 [Listener at 127.0.0.1/41155] INFO  ozone.MiniOzoneClusterImpl (MiniOzoneClusterImpl.java:lambda$waitForClusterToBeReady$0(235)) - Waiting for nodes to be ready. Got 2 of 3 DN Heartbeats.
2021-12-22 08:22:30,842 [Listener at 127.0.0.1/41155] INFO  ozone.MiniOzoneClusterImpl (MiniOzoneClusterImpl.java:lambda$waitForClusterToBeReady$0(238)) - Waiting for cluster to exit safe mode
2021-12-22 08:22:30,843 [Listener at 127.0.0.1/41155] INFO  ozone.MiniOzoneClusterImpl (MiniOzoneClusterImpl.java:lambda$waitForClusterToBeReady$0(240)) - SCM became leader
2021-12-22 08:22:30,870 [IPC Server handler 3 on default port 44079] INFO  net.NetworkTopologyImpl (NetworkTopologyImpl.java:add(112)) - Added a new node: /default-rack/acc7ce84-f107-4bcc-9a9d-7d0d04927ca9
2021-12-22 08:22:30,882 [IPC Server handler 3 on default port 44079] INFO  node.SCMNodeManager (SCMNodeManager.java:register(389)) - Registered Data node : acc7ce84-f107-4bcc-9a9d-7d0d04927ca9{ip: 10.1.0.28, host: fv-az270-32.tacnzluakwdehk1hpragurqkma.bx.internal.cloudapp.net, ports: [REPLICATION=38605, RATIS=34495, RATIS_ADMIN=34495, RATIS_SERVER=34495, STANDALONE=45087], networkLocation: /default-rack, certSerialId: null, persistedOpState: null, persistedOpStateExpiryEpochSec: 0}
2021-12-22 08:22:30,882 [EventQueue-NewNodeForNewNodeHandler] INFO  pipeline.BackgroundPipelineCreator (BackgroundPipelineCreator.java:notifyEventTriggered(285)) - trigger a one-shot run on RatisPipelineUtilsThread.
2021-12-22 08:22:30,883 [EventQueue-NodeRegistrationContainerReportForDataNodeSafeModeRule] INFO  safemode.SCMSafeModeManager (DataNodeSafeModeRule.java:process(71)) - SCM in safe mode. 3 DataNodes registered, 3 required.
2021-12-22 08:22:30,883 [EventQueue-NodeRegistrationContainerReportForDataNodeSafeModeRule] INFO  safemode.SCMSafeModeManager (SCMSafeModeManager.java:validateSafeModeExitRules(204)) - DataNodeSafeModeRule rule is successfully validated
2021-12-22 08:22:30,883 [EventQueue-NodeRegistrationContainerReportForDataNodeSafeModeRule] INFO  safemode.SCMSafeModeManager (SCMSafeModeManager.java:completePreCheck(233)) - All SCM safe mode pre check rules have passed
2021-12-22 08:22:30,883 [EventQueue-NodeRegistrationContainerReportForDataNodeSafeModeRule] WARN  events.EventQueue (EventQueue.java:fireEvent(194)) - No event handler registered for event TypedEvent{payloadType=SafeModeStatus, name='Safe mode status'}
2021-12-22 08:22:30,883 [EventQueue-NodeRegistrationContainerReportForDataNodeSafeModeRule] INFO  ha.SCMContext (SCMContext.java:updateSafeModeStatus(211)) - Update SafeModeStatus from SafeModeStatus{safeModeStatus=true, preCheckPassed=false} to SafeModeStatus{safeModeStatus=true, preCheckPassed=true}.
2021-12-22 08:22:30,883 [EventQueue-NodeRegistrationContainerReportForDataNodeSafeModeRule] INFO  pipeline.BackgroundPipelineCreator (BackgroundPipelineCreator.java:notifyEventTriggered(285)) - trigger a one-shot run on RatisPipelineUtilsThread.
2021-12-22 08:22:30,883 [RatisPipelineUtilsThread - 0] INFO  pipeline.RatisPipelineProvider (RatisPipelineProvider.java:lambda$create$0(183)) - Sending CreatePipelineCommand for pipeline:PipelineID=082e80b7-2716-4a87-8cd5-d7f07c3e3588 to datanode:acc7ce84-f107-4bcc-9a9d-7d0d04927ca9
2021-12-22 08:22:30,884 [RatisPipelineUtilsThread - 0] INFO  pipeline.PipelineStateManagerImpl (PipelineStateManagerImpl.java:addPipeline(101)) - Created pipeline Pipeline[ Id: 082e80b7-2716-4a87-8cd5-d7f07c3e3588, Nodes: acc7ce84-f107-4bcc-9a9d-7d0d04927ca9{ip: 10.1.0.28, host: fv-az270-32.tacnzluakwdehk1hpragurqkma.bx.internal.cloudapp.net, ports: [REPLICATION=38605, RATIS=34495, RATIS_ADMIN=34495, RATIS_SERVER=34495, STANDALONE=45087], networkLocation: /default-rack, certSerialId: null, persistedOpState: IN_SERVICE, persistedOpStateExpiryEpochSec: 0}, ReplicationConfig: RATIS/ONE, State:ALLOCATED, leaderId:, CreationTimestamp2021-12-22T08:22:30.883Z[Etc/UTC]].
2021-12-22 08:22:30,884 [RatisPipelineUtilsThread - 0] INFO  pipeline.RatisPipelineProvider (RatisPipelineProvider.java:lambda$create$0(183)) - Sending CreatePipelineCommand for pipeline:PipelineID=13d3c5c2-933c-4e6a-91cb-3833efcd79ba to datanode:c76a0960-210e-464c-8d60-ee8557cfadbb
2021-12-22 08:22:30,884 [RatisPipelineUtilsThread - 0] INFO  pipeline.RatisPipelineProvider (RatisPipelineProvider.java:lambda$create$0(183)) - Sending CreatePipelineCommand for pipeline:PipelineID=13d3c5c2-933c-4e6a-91cb-3833efcd79ba to datanode:76f1d3ab-551a-41e2-9590-cf43f9dd4238
2021-12-22 08:22:30,884 [RatisPipelineUtilsThread - 0] INFO  pipeline.RatisPipelineProvider (RatisPipelineProvider.java:lambda$create$0(183)) - Sending CreatePipelineCommand for pipeline:PipelineID=13d3c5c2-933c-4e6a-91cb-3833efcd79ba to datanode:acc7ce84-f107-4bcc-9a9d-7d0d04927ca9
2021-12-22 08:22:30,885 [RatisPipelineUtilsThread - 0] INFO  pipeline.PipelineStateManagerImpl (PipelineStateManagerImpl.java:addPipeline(101)) - Created pipeline Pipeline[ Id: 13d3c5c2-933c-4e6a-91cb-3833efcd79ba, Nodes: c76a0960-210e-464c-8d60-ee8557cfadbb{ip: 10.1.0.28, host: fv-az270-32.tacnzluakwdehk1hpragurqkma.bx.internal.cloudapp.net, ports: [REPLICATION=45537, RATIS=40875, RATIS_ADMIN=40875, RATIS_SERVER=40875, STANDALONE=40125], networkLocation: /default-rack, certSerialId: null, persistedOpState: IN_SERVICE, persistedOpStateExpiryEpochSec: 0}76f1d3ab-551a-41e2-9590-cf43f9dd4238{ip: 10.1.0.28, host: fv-az270-32.tacnzluakwdehk1hpragurqkma.bx.internal.cloudapp.net, ports: [REPLICATION=44945, RATIS=46491, RATIS_ADMIN=46491, RATIS_SERVER=46491, STANDALONE=46563], networkLocation: /default-rack, certSerialId: null, persistedOpState: IN_SERVICE, persistedOpStateExpiryEpochSec: 0}acc7ce84-f107-4bcc-9a9d-7d0d04927ca9{ip: 10.1.0.28, host: fv-az270-32.tacnzluakwdehk1hpragurqkma.bx.internal.cloudapp.net, ports: [REPLICATION=38605, RATIS=34495, RATIS_ADMIN=34495, RATIS_SERVER=34495, STANDALONE=45087], networkLocation: /default-rack, certSerialId: null, persistedOpState: IN_SERVICE, persistedOpStateExpiryEpochSec: 0}, ReplicationConfig: RATIS/THREE, State:ALLOCATED, leaderId:, CreationTimestamp2021-12-22T08:22:30.884Z[Etc/UTC]].
2021-12-22 08:22:30,885 [RatisPipelineUtilsThread - 0] INFO  pipeline.RatisPipelineProvider (RatisPipelineProvider.java:lambda$create$0(183)) - Sending CreatePipelineCommand for pipeline:PipelineID=0328592f-92d1-48f9-9f13-195baede0f07 to datanode:76f1d3ab-551a-41e2-9590-cf43f9dd4238
2021-12-22 08:22:30,885 [RatisPipelineUtilsThread - 0] INFO  pipeline.RatisPipelineProvider (RatisPipelineProvider.java:lambda$create$0(183)) - Sending CreatePipelineCommand for pipeline:PipelineID=0328592f-92d1-48f9-9f13-195baede0f07 to datanode:acc7ce84-f107-4bcc-9a9d-7d0d04927ca9
2021-12-22 08:22:30,885 [RatisPipelineUtilsThread - 0] INFO  pipeline.RatisPipelineProvider (RatisPipelineProvider.java:lambda$create$0(183)) - Sending CreatePipelineCommand for pipeline:PipelineID=0328592f-92d1-48f9-9f13-195baede0f07 to datanode:c76a0960-210e-464c-8d60-ee8557cfadbb
2021-12-22 08:22:30,887 [RatisPipelineUtilsThread - 0] INFO  pipeline.PipelineStateManagerImpl (PipelineStateManagerImpl.java:addPipeline(101)) - Created pipeline Pipeline[ Id: 0328592f-92d1-48f9-9f13-195baede0f07, Nodes: 76f1d3ab-551a-41e2-9590-cf43f9dd4238{ip: 10.1.0.28, host: fv-az270-32.tacnzluakwdehk1hpragurqkma.bx.internal.cloudapp.net, ports: [REPLICATION=44945, RATIS=46491, RATIS_ADMIN=46491, RATIS_SERVER=46491, STANDALONE=46563], networkLocation: /default-rack, certSerialId: null, persistedOpState: IN_SERVICE, persistedOpStateExpiryEpochSec: 0}acc7ce84-f107-4bcc-9a9d-7d0d04927ca9{ip: 10.1.0.28, host: fv-az270-32.tacnzluakwdehk1hpragurqkma.bx.internal.cloudapp.net, ports: [REPLICATION=38605, RATIS=34495, RATIS_ADMIN=34495, RATIS_SERVER=34495, STANDALONE=45087], networkLocation: /default-rack, certSerialId: null, persistedOpState: IN_SERVICE, persistedOpStateExpiryEpochSec: 0}c76a0960-210e-464c-8d60-ee8557cfadbb{ip: 10.1.0.28, host: fv-az270-32.tacnzluakwdehk1hpragurqkma.bx.internal.cloudapp.net, ports: [REPLICATION=45537, RATIS=40875, RATIS_ADMIN=40875, RATIS_SERVER=40875, STANDALONE=40125], networkLocation: /default-rack, certSerialId: null, persistedOpState: IN_SERVICE, persistedOpStateExpiryEpochSec: 0}, ReplicationConfig: RATIS/THREE, State:ALLOCATED, leaderId:, CreationTimestamp2021-12-22T08:22:30.885Z[Etc/UTC]].
2021-12-22 08:22:30,887 [RatisPipelineUtilsThread - 0] INFO  pipeline.PipelineManagerImpl (PipelineManagerImpl.java:recordMetricsForPipeline(639)) - Pipeline: PipelineID=0328592f-92d1-48f9-9f13-195baede0f07 contains same datanodes as previous pipelines: PipelineID=13d3c5c2-933c-4e6a-91cb-3833efcd79ba nodeIds: 76f1d3ab-551a-41e2-9590-cf43f9dd4238, acc7ce84-f107-4bcc-9a9d-7d0d04927ca9, c76a0960-210e-464c-8d60-ee8557cfadbb
2021-12-22 08:22:31,843 [Listener at 127.0.0.1/41155] INFO  ozone.MiniOzoneClusterImpl (MiniOzoneClusterImpl.java:lambda$waitForClusterToBeReady$0(235)) - Nodes are ready. Got 3 of 3 DN Heartbeats.
2021-12-22 08:22:31,844 [Listener at 127.0.0.1/41155] INFO  ozone.MiniOzoneClusterImpl (MiniOzoneClusterImpl.java:lambda$waitForClusterToBeReady$0(238)) - Waiting for cluster to exit safe mode
2021-12-22 08:22:31,844 [Listener at 127.0.0.1/41155] INFO  ozone.MiniOzoneClusterImpl (MiniOzoneClusterImpl.java:lambda$waitForClusterToBeReady$0(240)) - SCM became leader
2021-12-22 08:22:32,844 [Listener at 127.0.0.1/41155] INFO  ozone.MiniOzoneClusterImpl (MiniOzoneClusterImpl.java:lambda$waitForClusterToBeReady$0(235)) - Nodes are ready. Got 3 of 3 DN Heartbeats.
2021-12-22 08:22:32,845 [Listener at 127.0.0.1/41155] INFO  ozone.MiniOzoneClusterImpl (MiniOzoneClusterImpl.java:lambda$waitForClusterToBeReady$0(238)) - Waiting for cluster to exit safe mode
2021-12-22 08:22:32,845 [Listener at 127.0.0.1/41155] INFO  ozone.MiniOzoneClusterImpl (MiniOzoneClusterImpl.java:lambda$waitForClusterToBeReady$0(240)) - SCM became leader
2021-12-22 08:22:32,899 [Command processor thread] INFO  server.RaftServer (RaftServerProxy.java:addNew(95)) - c76a0960-210e-464c-8d60-ee8557cfadbb: addNew group-0F3AA65AC2C7:[c76a0960-210e-464c-8d60-ee8557cfadbb|rpc:10.1.0.28:40875|priority:1] returns group-0F3AA65AC2C7:java.util.concurrent.CompletableFuture@76ab7ca2[Not completed]
2021-12-22 08:22:32,900 [pool-340-thread-1] INFO  server.RaftServer$Division (RaftServerImpl.java:<init>(184)) - c76a0960-210e-464c-8d60-ee8557cfadbb: new RaftServerImpl for group-0F3AA65AC2C7:[c76a0960-210e-464c-8d60-ee8557cfadbb|rpc:10.1.0.28:40875|priority:1] with ContainerStateMachine:uninitialized
2021-12-22 08:22:32,914 [pool-340-thread-1] INFO  server.RaftServerConfigKeys (ConfUtils.java:logGet(44)) - raft.server.rpc.timeout.min = 5s (custom)
2021-12-22 08:22:32,914 [pool-340-thread-1] INFO  server.RaftServerConfigKeys (ConfUtils.java:logGet(44)) - raft.server.rpc.timeout.max = 5200ms (custom)
2021-12-22 08:22:32,914 [pool-340-thread-1] INFO  server.RaftServerConfigKeys (ConfUtils.java:logGet(44)) - raft.server.rpc.sleep.time = 25ms (default)
2021-12-22 08:22:32,914 [pool-340-thread-1] INFO  server.RaftServerConfigKeys (ConfUtils.java:logGet(44)) - raft.server.rpc.slowness.timeout = 300s (custom)
2021-12-22 08:22:32,914 [pool-340-thread-1] INFO  server.RaftServerConfigKeys (ConfUtils.java:logGet(44)) - raft.server.leaderelection.leader.step-down.wait-time = 10s (default)
2021-12-22 08:22:32,915 [pool-340-thread-1] INFO  server.RaftServerConfigKeys (ConfUtils.java:logGet(44)) - raft.server.sleep.deviation.threshold = 300ms (default)
2021-12-22 08:22:32,915 [pool-340-thread-1] INFO  server.RaftServerConfigKeys (ConfUtils.java:logGet(44)) - raft.server.log.appender.install.snapshot.enabled = false (custom)
2021-12-22 08:22:32,915 [pool-340-thread-1] INFO  server.RaftServer$Division (ServerState.java:<init>(105)) - c76a0960-210e-464c-8d60-ee8557cfadbb@group-0F3AA65AC2C7: ConfigurationManager, init=-1: [c76a0960-210e-464c-8d60-ee8557cfadbb|rpc:10.1.0.28:40875|priority:1], old=null, confs=<EMPTY_MAP>
2021-12-22 08:22:32,915 [pool-340-thread-1] INFO  server.RaftServerConfigKeys (ConfUtils.java:logGet(44)) - raft.server.storage.dir = [/home/runner/work/ozone/ozone/hadoop-ozone/integration-test/target/test-dir/MiniOzoneClusterImpl-3dd55103-1821-4ecb-9679-770619bfedda/datanode-0/data/ratis] (custom)
2021-12-22 08:22:32,915 [pool-340-thread-1] INFO  server.RaftServerConfigKeys (ConfUtils.java:logGet(44)) - raft.server.log.corruption.policy = EXCEPTION (default)
2021-12-22 08:22:32,915 [pool-340-thread-1] INFO  server.RaftServerConfigKeys (ConfUtils.java:logGet(44)) - raft.server.storage.free-space.min = 0MB (=0) (default)
2021-12-22 08:22:32,915 [pool-340-thread-1] INFO  storage.RaftStorageDirectory (RaftStorageDirectoryImpl.java:analyzeStorage(135)) - The storage directory /home/runner/work/ozone/ozone/hadoop-ozone/integration-test/target/test-dir/MiniOzoneClusterImpl-3dd55103-1821-4ecb-9679-770619bfedda/datanode-0/data/ratis/734967bf-b6ed-4980-92b8-0f3aa65ac2c7 does not exist. Creating ...
2021-12-22 08:22:32,930 [pool-340-thread-1] INFO  storage.RaftStorageDirectory (RaftStorageDirectoryImpl.java:tryLock(230)) - Lock on /home/runner/work/ozone/ozone/hadoop-ozone/integration-test/target/test-dir/MiniOzoneClusterImpl-3dd55103-1821-4ecb-9679-770619bfedda/datanode-0/data/ratis/734967bf-b6ed-4980-92b8-0f3aa65ac2c7/in_use.lock acquired by nodename 16871@fv-az270-32
2021-12-22 08:22:32,935 [pool-340-thread-1] INFO  storage.RaftStorage (RaftStorageImpl.java:format(89)) - Storage directory /home/runner/work/ozone/ozone/hadoop-ozone/integration-test/target/test-dir/MiniOzoneClusterImpl-3dd55103-1821-4ecb-9679-770619bfedda/datanode-0/data/ratis/734967bf-b6ed-4980-92b8-0f3aa65ac2c7 has been successfully formatted.
2021-12-22 08:22:32,950 [pool-340-thread-1] INFO  ratis.ContainerStateMachine (ContainerStateMachine.java:loadSnapshot(231)) - group-0F3AA65AC2C7: The snapshot info is null. Setting the last applied indexto:(t:0, i:~)
2021-12-22 08:22:32,950 [pool-340-thread-1] INFO  server.RaftServerConfigKeys (ConfUtils.java:logGet(44)) - raft.server.notification.no-leader.timeout = 300s (custom)
2021-12-22 08:22:32,950 [pool-340-thread-1] INFO  server.RaftServerConfigKeys (ConfUtils.java:logGet(44)) - raft.server.log.use.memory = false (default)
2021-12-22 08:22:32,950 [pool-340-thread-1] INFO  server.RaftServerConfigKeys (ConfUtils.java:logGet(44)) - raft.server.log.purge.gap = 1000000 (custom)
2021-12-22 08:22:32,950 [pool-340-thread-1] INFO  server.RaftServerConfigKeys (ConfUtils.java:logGet(44)) - raft.server.log.appender.buffer.byte-limit = 33554432 (custom)
2021-12-22 08:22:32,950 [pool-340-thread-1] INFO  server.RaftServerConfigKeys (ConfUtils.java:logGet(44)) - raft.server.log.segment.size.max = 1048576 (custom)
2021-12-22 08:22:32,951 [pool-340-thread-1] INFO  server.RaftServerConfigKeys (ConfUtils.java:logGet(44)) - raft.server.log.segment.cache.num.max = 2 (custom)
2021-12-22 08:22:32,951 [pool-340-thread-1] INFO  server.RaftServerConfigKeys (ConfUtils.java:logGet(44)) - raft.server.log.segment.cache.size.max = 200MB (=209715200) (default)
2021-12-22 08:22:32,951 [pool-340-thread-1] INFO  segmented.SegmentedRaftLogWorker (SegmentedRaftLogWorker.java:<init>(182)) - new c76a0960-210e-464c-8d60-ee8557cfadbb@group-0F3AA65AC2C7-SegmentedRaftLogWorker for RaftStorageImpl:Storage Directory /home/runner/work/ozone/ozone/hadoop-ozone/integration-test/target/test-dir/MiniOzoneClusterImpl-3dd55103-1821-4ecb-9679-770619bfedda/datanode-0/data/ratis/734967bf-b6ed-4980-92b8-0f3aa65ac2c7
2021-12-22 08:22:32,951 [pool-340-thread-1] INFO  server.RaftServerConfigKeys (ConfUtils.java:logGet(44)) - raft.server.log.queue.byte-limit = 2147483647 (custom)
2021-12-22 08:22:32,951 [pool-340-thread-1] INFO  server.RaftServerConfigKeys (ConfUtils.java:logGet(44)) - raft.server.log.queue.element-limit = 1024 (custom)
2021-12-22 08:22:32,951 [pool-340-thread-1] INFO  server.RaftServerConfigKeys (ConfUtils.java:logGet(44)) - raft.server.log.segment.size.max = 1048576 (custom)
2021-12-22 08:22:32,951 [pool-340-thread-1] INFO  server.RaftServerConfigKeys (ConfUtils.java:logGet(44)) - raft.server.log.preallocated.size = 16384 (custom)
2021-12-22 08:22:32,951 [pool-340-thread-1] INFO  server.RaftServerConfigKeys (ConfUtils.java:logGet(44)) - raft.server.log.force.sync.num = 128 (default)
2021-12-22 08:22:32,951 [pool-340-thread-1] INFO  server.RaftServerConfigKeys (ConfUtils.java:logGet(44)) - raft.server.log.statemachine.data.sync = true (default)
2021-12-22 08:22:32,951 [pool-340-thread-1] INFO  server.RaftServerConfigKeys (ConfUtils.java:logGet(44)) - raft.server.log.statemachine.data.sync.timeout = 10s (default)
2021-12-22 08:22:32,951 [pool-340-thread-1] INFO  server.RaftServerConfigKeys (ConfUtils.java:logGet(44)) - raft.server.log.statemachine.data.sync.timeout.retry = -1 (default)
2021-12-22 08:22:32,952 [pool-340-thread-1] INFO  server.RaftServerConfigKeys (ConfUtils.java:logGet(44)) - raft.server.log.write.buffer.size = 1048576 (custom)
2021-12-22 08:22:32,953 [pool-340-thread-1] INFO  server.RaftServerConfigKeys (ConfUtils.java:logGet(44)) - raft.server.log.statemachine.data.caching.enabled = true (custom)
2021-12-22 08:22:32,953 [pool-340-thread-1] INFO  segmented.SegmentedRaftLogWorker (SegmentedRaftLogWorker.java:lambda$new$0(133)) - c76a0960-210e-464c-8d60-ee8557cfadbb@group-0F3AA65AC2C7-SegmentedRaftLogWorker: flushIndex: setUnconditionally 0 -> -1
2021-12-22 08:22:32,953 [pool-340-thread-1] INFO  segmented.SegmentedRaftLogWorker (SegmentedRaftLogWorker.java:lambda$new$0(133)) - c76a0960-210e-464c-8d60-ee8557cfadbb@group-0F3AA65AC2C7-SegmentedRaftLogWorker: safeCacheEvictIndex: setUnconditionally 0 -> -1
2021-12-22 08:22:32,962 [pool-340-thread-1] INFO  server.RaftServerConfigKeys (ConfUtils.java:logGet(44)) - raft.server.snapshot.auto.trigger.enabled = true (custom)
2021-12-22 08:22:32,962 [pool-340-thread-1] INFO  server.RaftServerConfigKeys (ConfUtils.java:logGet(44)) - raft.server.snapshot.auto.trigger.threshold = 10000 (custom)
2021-12-22 08:22:32,962 [pool-340-thread-1] INFO  server.RaftServerConfigKeys (ConfUtils.java:logGet(44)) - raft.server.snapshot.retention.file.num = 5 (custom)
2021-12-22 08:22:32,962 [pool-340-thread-1] INFO  server.RaftServerConfigKeys (ConfUtils.java:logGet(44)) - raft.server.log.purge.upto.snapshot.index = false (default)
2021-12-22 08:22:32,962 [pool-340-thread-1] INFO  server.RaftServerConfigKeys (ConfUtils.java:logGet(44)) - raft.server.retrycache.expirytime = 600000ms (custom)
2021-12-22 08:22:32,962 [pool-340-thread-1] INFO  server.RaftServerConfigKeys (ConfUtils.java:logGet(44)) - raft.server.retrycache.statistics.expirytime = 100μs (default)
2021-12-22 08:22:32,962 [EventQueue-PipelineReportForPipelineReportHandler] INFO  pipeline.PipelineManagerImpl (PipelineManagerImpl.java:openPipeline(291)) - Pipeline Pipeline[ Id: 734967bf-b6ed-4980-92b8-0f3aa65ac2c7, Nodes: c76a0960-210e-464c-8d60-ee8557cfadbb{ip: 10.1.0.28, host: fv-az270-32.tacnzluakwdehk1hpragurqkma.bx.internal.cloudapp.net, ports: [REPLICATION=45537, RATIS=40875, RATIS_ADMIN=40875, RATIS_SERVER=40875, STANDALONE=40125], networkLocation: /default-rack, certSerialId: null, persistedOpState: IN_SERVICE, persistedOpStateExpiryEpochSec: 0}, ReplicationConfig: RATIS/ONE, State:ALLOCATED, leaderId:c76a0960-210e-464c-8d60-ee8557cfadbb, CreationTimestamp2021-12-22T08:22:29.923Z[Etc/UTC]] moved to OPEN state
2021-12-22 08:22:32,971 [pool-340-thread-1] INFO  server.RaftServer$Division (RaftServerImpl.java:start(301)) - c76a0960-210e-464c-8d60-ee8557cfadbb@group-0F3AA65AC2C7: start as a follower, conf=-1: [c76a0960-210e-464c-8d60-ee8557cfadbb|rpc:10.1.0.28:40875|priority:1], old=null
2021-12-22 08:22:32,971 [pool-340-thread-1] INFO  server.RaftServer$Division (RaftServerImpl.java:setRole(290)) - c76a0960-210e-464c-8d60-ee8557cfadbb@group-0F3AA65AC2C7: changes role from      null to FOLLOWER at term 0 for startAsFollower
2021-12-22 08:22:32,971 [pool-340-thread-1] INFO  impl.RoleInfo (RoleInfo.java:updateAndGet(130)) - c76a0960-210e-464c-8d60-ee8557cfadbb: start c76a0960-210e-464c-8d60-ee8557cfadbb@group-0F3AA65AC2C7-FollowerState
2021-12-22 08:22:32,971 [pool-340-thread-1] INFO  util.JmxRegister (JmxRegister.java:tryRegister(44)) - Successfully registered JMX Bean with object name Ratis:service=RaftServer,group=group-0F3AA65AC2C7,id=c76a0960-210e-464c-8d60-ee8557cfadbb
2021-12-22 08:22:32,994 [Command processor thread] INFO  ratis.XceiverServerRatis (XceiverServerRatis.java:addGroup(768)) - Created group PipelineID=734967bf-b6ed-4980-92b8-0f3aa65ac2c7
2021-12-22 08:22:32,996 [Command processor thread] INFO  commandhandler.CreatePipelineCommandHandler (CreatePipelineCommandHandler.java:handle(106)) - Created Pipeline RATIS ONE PipelineID=734967bf-b6ed-4980-92b8-0f3aa65ac2c7.
2021-12-22 08:22:32,996 [Command processor thread] INFO  server.RaftServer (RaftServerProxy.java:addNew(95)) - c76a0960-210e-464c-8d60-ee8557cfadbb: addNew group-3833EFCD79BA:[76f1d3ab-551a-41e2-9590-cf43f9dd4238|rpc:10.1.0.28:46491|priority:0, c76a0960-210e-464c-8d60-ee8557cfadbb|rpc:10.1.0.28:40875|priority:0, acc7ce84-f107-4bcc-9a9d-7d0d04927ca9|rpc:10.1.0.28:34495|priority:1] returns group-3833EFCD79BA:java.util.concurrent.CompletableFuture@7294e6af[Not completed]
2021-12-22 08:22:32,997 [pool-340-thread-1] INFO  server.RaftServer$Division (RaftServerImpl.java:<init>(184)) - c76a0960-210e-464c-8d60-ee8557cfadbb: new RaftServerImpl for group-3833EFCD79BA:[76f1d3ab-551a-41e2-9590-cf43f9dd4238|rpc:10.1.0.28:46491|priority:0, c76a0960-210e-464c-8d60-ee8557cfadbb|rpc:10.1.0.28:40875|priority:0, acc7ce84-f107-4bcc-9a9d-7d0d04927ca9|rpc:10.1.0.28:34495|priority:1] with ContainerStateMachine:uninitialized
2021-12-22 08:22:32,997 [pool-340-thread-1] INFO  server.RaftServerConfigKeys (ConfUtils.java:logGet(44)) - raft.server.rpc.timeout.min = 5s (custom)
2021-12-22 08:22:32,997 [pool-340-thread-1] INFO  server.RaftServerConfigKeys (ConfUtils.java:logGet(44)) - raft.server.rpc.timeout.max = 5200ms (custom)
2021-12-22 08:22:32,997 [pool-340-thread-1] INFO  server.RaftServerConfigKeys (ConfUtils.java:logGet(44)) - raft.server.rpc.sleep.time = 25ms (default)
2021-12-22 08:22:32,997 [pool-340-thread-1] INFO  server.RaftServerConfigKeys (ConfUtils.java:logGet(44)) - raft.server.rpc.slowness.timeout = 300s (custom)
2021-12-22 08:22:32,997 [pool-340-thread-1] INFO  server.RaftServerConfigKeys (ConfUtils.java:logGet(44)) - raft.server.leaderelection.leader.step-down.wait-time = 10s (default)
2021-12-22 08:22:32,997 [pool-340-thread-1] INFO  server.RaftServerConfigKeys (ConfUtils.java:logGet(44)) - raft.server.sleep.deviation.threshold = 300ms (default)
2021-12-22 08:22:32,997 [pool-340-thread-1] INFO  server.RaftServerConfigKeys (ConfUtils.java:logGet(44)) - raft.server.log.appender.install.snapshot.enabled = false (custom)
2021-12-22 08:22:32,997 [pool-340-thread-1] INFO  server.RaftServer$Division (ServerState.java:<init>(105)) - c76a0960-210e-464c-8d60-ee8557cfadbb@group-3833EFCD79BA: ConfigurationManager, init=-1: [76f1d3ab-551a-41e2-9590-cf43f9dd4238|rpc:10.1.0.28:46491|priority:0, c76a0960-210e-464c-8d60-ee8557cfadbb|rpc:10.1.0.28:40875|priority:0, acc7ce84-f107-4bcc-9a9d-7d0d04927ca9|rpc:10.1.0.28:34495|priority:1], old=null, confs=<EMPTY_MAP>
2021-12-22 08:22:32,997 [pool-340-thread-1] INFO  server.RaftServerConfigKeys (ConfUtils.java:logGet(44)) - raft.server.storage.dir = [/home/runner/work/ozone/ozone/hadoop-ozone/integration-test/target/test-dir/MiniOzoneClusterImpl-3dd55103-1821-4ecb-9679-770619bfedda/datanode-0/data/ratis] (custom)
2021-12-22 08:22:32,997 [pool-340-thread-1] INFO  server.RaftServerConfigKeys (ConfUtils.java:logGet(44)) - raft.server.log.corruption.policy = EXCEPTION (default)
2021-12-22 08:22:32,997 [pool-340-thread-1] INFO  server.RaftServerConfigKeys (ConfUtils.java:logGet(44)) - raft.server.storage.free-space.min = 0MB (=0) (default)
2021-12-22 08:22:32,997 [pool-340-thread-1] INFO  storage.RaftStorageDirectory (RaftStorageDirectoryImpl.java:analyzeStorage(135)) - The storage directory /home/runner/work/ozone/ozone/hadoop-ozone/integration-test/target/test-dir/MiniOzoneClusterImpl-3dd55103-1821-4ecb-9679-770619bfedda/datanode-0/data/ratis/13d3c5c2-933c-4e6a-91cb-3833efcd79ba does not exist. Creating ...
2021-12-22 08:22:32,996 [EventQueue-OpenPipelineForHealthyPipelineSafeModeRule] INFO  safemode.SCMSafeModeManager (HealthyPipelineSafeModeRule.java:process(124)) - SCM in safe mode. Healthy pipelines reported count is 0, required healthy pipeline reported count is 1
2021-12-22 08:22:33,000 [pool-340-thread-1] INFO  storage.RaftStorageDirectory (RaftStorageDirectoryImpl.java:tryLock(230)) - Lock on /home/runner/work/ozone/ozone/hadoop-ozone/integration-test/target/test-dir/MiniOzoneClusterImpl-3dd55103-1821-4ecb-9679-770619bfedda/datanode-0/data/ratis/13d3c5c2-933c-4e6a-91cb-3833efcd79ba/in_use.lock acquired by nodename 16871@fv-az270-32
2021-12-22 08:22:33,002 [pool-340-thread-1] INFO  storage.RaftStorage (RaftStorageImpl.java:format(89)) - Storage directory /home/runner/work/ozone/ozone/hadoop-ozone/integration-test/target/test-dir/MiniOzoneClusterImpl-3dd55103-1821-4ecb-9679-770619bfedda/datanode-0/data/ratis/13d3c5c2-933c-4e6a-91cb-3833efcd79ba has been successfully formatted.
2021-12-22 08:22:33,002 [pool-340-thread-1] INFO  ratis.ContainerStateMachine (ContainerStateMachine.java:loadSnapshot(231)) - group-3833EFCD79BA: The snapshot info is null. Setting the last applied indexto:(t:0, i:~)
2021-12-22 08:22:33,005 [pool-340-thread-1] INFO  server.RaftServerConfigKeys (ConfUtils.java:logGet(44)) - raft.server.notification.no-leader.timeout = 300s (custom)
2021-12-22 08:22:33,005 [pool-340-thread-1] INFO  server.RaftServerConfigKeys (ConfUtils.java:logGet(44)) - raft.server.log.use.memory = false (default)
2021-12-22 08:22:33,005 [pool-340-thread-1] INFO  server.RaftServerConfigKeys (ConfUtils.java:logGet(44)) - raft.server.log.purge.gap = 1000000 (custom)
2021-12-22 08:22:33,006 [pool-340-thread-1] INFO  server.RaftServerConfigKeys (ConfUtils.java:logGet(44)) - raft.server.log.appender.buffer.byte-limit = 33554432 (custom)
2021-12-22 08:22:33,006 [pool-340-thread-1] INFO  server.RaftServerConfigKeys (ConfUtils.java:logGet(44)) - raft.server.log.segment.size.max = 1048576 (custom)
2021-12-22 08:22:33,006 [pool-340-thread-1] INFO  server.RaftServerConfigKeys (ConfUtils.java:logGet(44)) - raft.server.log.segment.cache.num.max = 2 (custom)
2021-12-22 08:22:33,006 [pool-340-thread-1] INFO  server.RaftServerConfigKeys (ConfUtils.java:logGet(44)) - raft.server.log.segment.cache.size.max = 200MB (=209715200) (default)
2021-12-22 08:22:33,006 [pool-340-thread-1] INFO  segmented.SegmentedRaftLogWorker (SegmentedRaftLogWorker.java:<init>(182)) - new c76a0960-210e-464c-8d60-ee8557cfadbb@group-3833EFCD79BA-SegmentedRaftLogWorker for RaftStorageImpl:Storage Directory /home/runner/work/ozone/ozone/hadoop-ozone/integration-test/target/test-dir/MiniOzoneClusterImpl-3dd55103-1821-4ecb-9679-770619bfedda/datanode-0/data/ratis/13d3c5c2-933c-4e6a-91cb-3833efcd79ba
2021-12-22 08:22:33,006 [pool-340-thread-1] INFO  server.RaftServerConfigKeys (ConfUtils.java:logGet(44)) - raft.server.log.queue.byte-limit = 2147483647 (custom)
2021-12-22 08:22:33,007 [pool-340-thread-1] INFO  server.RaftServerConfigKeys (ConfUtils.java:logGet(44)) - raft.server.log.queue.element-limit = 1024 (custom)
2021-12-22 08:22:33,007 [pool-340-thread-1] INFO  server.RaftServerConfigKeys (ConfUtils.java:logGet(44)) - raft.server.log.segment.size.max = 1048576 (custom)
2021-12-22 08:22:33,007 [pool-340-thread-1] INFO  server.RaftServerConfigKeys (ConfUtils.java:logGet(44)) - raft.server.log.preallocated.size = 16384 (custom)
2021-12-22 08:22:33,007 [pool-340-thread-1] INFO  server.RaftServerConfigKeys (ConfUtils.java:logGet(44)) - raft.server.log.force.sync.num = 128 (default)
2021-12-22 08:22:33,007 [pool-340-thread-1] INFO  server.RaftServerConfigKeys (ConfUtils.java:logGet(44)) - raft.server.log.statemachine.data.sync = true (default)
2021-12-22 08:22:33,007 [pool-340-thread-1] INFO  server.RaftServerConfigKeys (ConfUtils.java:logGet(44)) - raft.server.log.statemachine.data.sync.timeout = 10s (default)
2021-12-22 08:22:33,007 [pool-340-thread-1] INFO  server.RaftServerConfigKeys (ConfUtils.java:logGet(44)) - raft.server.log.statemachine.data.sync.timeout.retry = -1 (default)
2021-12-22 08:22:33,005 [EventQueue-OpenPipelineForHealthyPipelineSafeModeRule] INFO  safemode.SCMSafeModeManager (HealthyPipelineSafeModeRule.java:process(124)) - SCM in safe mode. Healthy pipelines reported count is 0, required healthy pipeline reported count is 1
2021-12-22 08:22:33,008 [pool-340-thread-1] INFO  server.RaftServerConfigKeys (ConfUtils.java:logGet(44)) - raft.server.log.write.buffer.size = 1048576 (custom)
2021-12-22 08:22:33,009 [pool-340-thread-1] INFO  server.RaftServerConfigKeys (ConfUtils.java:logGet(44)) - raft.server.log.statemachine.data.caching.enabled = true (custom)
2021-12-22 08:22:33,009 [pool-340-thread-1] INFO  segmented.SegmentedRaftLogWorker (SegmentedRaftLogWorker.java:lambda$new$0(133)) - c76a0960-210e-464c-8d60-ee8557cfadbb@group-3833EFCD79BA-SegmentedRaftLogWorker: flushIndex: setUnconditionally 0 -> -1
2021-12-22 08:22:33,009 [pool-340-thread-1] INFO  segmented.SegmentedRaftLogWorker (SegmentedRaftLogWorker.java:lambda$new$0(133)) - c76a0960-210e-464c-8d60-ee8557cfadbb@group-3833EFCD79BA-SegmentedRaftLogWorker: safeCacheEvictIndex: setUnconditionally 0 -> -1
2021-12-22 08:22:33,022 [pool-340-thread-1] INFO  server.RaftServerConfigKeys (ConfUtils.java:logGet(44)) - raft.server.snapshot.auto.trigger.enabled = true (custom)
2021-12-22 08:22:33,022 [pool-340-thread-1] INFO  server.RaftServerConfigKeys (ConfUtils.java:logGet(44)) - raft.server.snapshot.auto.trigger.threshold = 10000 (custom)
2021-12-22 08:22:33,022 [pool-340-thread-1] INFO  server.RaftServerConfigKeys (ConfUtils.java:logGet(44)) - raft.server.snapshot.retention.file.num = 5 (custom)
2021-12-22 08:22:33,022 [pool-340-thread-1] INFO  server.RaftServerConfigKeys (ConfUtils.java:logGet(44)) - raft.server.log.purge.upto.snapshot.index = false (default)
2021-12-22 08:22:33,022 [pool-340-thread-1] INFO  server.RaftServerConfigKeys (ConfUtils.java:logGet(44)) - raft.server.retrycache.expirytime = 600000ms (custom)
2021-12-22 08:22:33,022 [pool-340-thread-1] INFO  server.RaftServerConfigKeys (ConfUtils.java:logGet(44)) - raft.server.retrycache.statistics.expirytime = 100μs (default)
2021-12-22 08:22:33,023 [pool-340-thread-1] INFO  server.RaftServer$Division (RaftServerImpl.java:start(301)) - c76a0960-210e-464c-8d60-ee8557cfadbb@group-3833EFCD79BA: start as a follower, conf=-1: [76f1d3ab-551a-41e2-9590-cf43f9dd4238|rpc:10.1.0.28:46491|priority:0, c76a0960-210e-464c-8d60-ee8557cfadbb|rpc:10.1.0.28:40875|priority:0, acc7ce84-f107-4bcc-9a9d-7d0d04927ca9|rpc:10.1.0.28:34495|priority:1], old=null
2021-12-22 08:22:33,023 [pool-340-thread-1] INFO  server.RaftServer$Division (RaftServerImpl.java:setRole(290)) - c76a0960-210e-464c-8d60-ee8557cfadbb@group-3833EFCD79BA: changes role from      null to FOLLOWER at term 0 for startAsFollower
2021-12-22 08:22:33,023 [pool-340-thread-1] INFO  impl.RoleInfo (RoleInfo.java:updateAndGet(130)) - c76a0960-210e-464c-8d60-ee8557cfadbb: start c76a0960-210e-464c-8d60-ee8557cfadbb@group-3833EFCD79BA-FollowerState
2021-12-22 08:22:33,037 [pool-340-thread-1] INFO  util.JmxRegister (JmxRegister.java:tryRegister(44)) - Successfully registered JMX Bean with object name Ratis:service=RaftServer,group=group-3833EFCD79BA,id=c76a0960-210e-464c-8d60-ee8557cfadbb
2021-12-22 08:22:33,046 [Command processor thread] INFO  ratis.XceiverServerRatis (XceiverServerRatis.java:addGroup(768)) - Created group PipelineID=13d3c5c2-933c-4e6a-91cb-3833efcd79ba
2021-12-22 08:22:33,146 [grpc-default-executor-0] INFO  server.RaftServer (RaftServerProxy.java:addNew(95)) - 76f1d3ab-551a-41e2-9590-cf43f9dd4238: addNew group-3833EFCD79BA:[76f1d3ab-551a-41e2-9590-cf43f9dd4238|rpc:10.1.0.28:46491|dataStream:|priority:0, c76a0960-210e-464c-8d60-ee8557cfadbb|rpc:10.1.0.28:40875|dataStream:|priority:0, acc7ce84-f107-4bcc-9a9d-7d0d04927ca9|rpc:10.1.0.28:34495|dataStream:|priority:1] returns group-3833EFCD79BA:java.util.concurrent.CompletableFuture@2a1f80a7[Not completed]
2021-12-22 08:22:33,172 [pool-361-thread-1] INFO  server.RaftServer$Division (RaftServerImpl.java:<init>(184)) - 76f1d3ab-551a-41e2-9590-cf43f9dd4238: new RaftServerImpl for group-3833EFCD79BA:[76f1d3ab-551a-41e2-9590-cf43f9dd4238|rpc:10.1.0.28:46491|dataStream:|priority:0, c76a0960-210e-464c-8d60-ee8557cfadbb|rpc:10.1.0.28:40875|dataStream:|priority:0, acc7ce84-f107-4bcc-9a9d-7d0d04927ca9|rpc:10.1.0.28:34495|dataStream:|priority:1] with ContainerStateMachine:uninitialized
2021-12-22 08:22:33,173 [pool-361-thread-1] INFO  server.RaftServerConfigKeys (ConfUtils.java:logGet(44)) - raft.server.rpc.timeout.min = 5s (custom)
2021-12-22 08:22:33,173 [pool-361-thread-1] INFO  server.RaftServerConfigKeys (ConfUtils.java:logGet(44)) - raft.server.rpc.timeout.max = 5200ms (custom)
2021-12-22 08:22:33,173 [pool-361-thread-1] INFO  server.RaftServerConfigKeys (ConfUtils.java:logGet(44)) - raft.server.rpc.sleep.time = 25ms (default)
2021-12-22 08:22:33,173 [pool-361-thread-1] INFO  server.RaftServerConfigKeys (ConfUtils.java:logGet(44)) - raft.server.rpc.slowness.timeout = 300s (custom)
2021-12-22 08:22:33,174 [pool-361-thread-1] INFO  server.RaftServerConfigKeys (ConfUtils.java:logGet(44)) - raft.server.leaderelection.leader.step-down.wait-time = 10s (default)
2021-12-22 08:22:33,174 [pool-361-thread-1] INFO  server.RaftServerConfigKeys (ConfUtils.java:logGet(44)) - raft.server.sleep.deviation.threshold = 300ms (default)
2021-12-22 08:22:33,174 [pool-361-thread-1] INFO  server.RaftServerConfigKeys (ConfUtils.java:logGet(44)) - raft.server.log.appender.install.snapshot.enabled = false (custom)
2021-12-22 08:22:33,174 [pool-361-thread-1] INFO  server.RaftServer$Division (ServerState.java:<init>(105)) - 76f1d3ab-551a-41e2-9590-cf43f9dd4238@group-3833EFCD79BA: ConfigurationManager, init=-1: [76f1d3ab-551a-41e2-9590-cf43f9dd4238|rpc:10.1.0.28:46491|dataStream:|priority:0, c76a0960-210e-464c-8d60-ee8557cfadbb|rpc:10.1.0.28:40875|dataStream:|priority:0, acc7ce84-f107-4bcc-9a9d-7d0d04927ca9|rpc:10.1.0.28:34495|dataStream:|priority:1], old=null, confs=<EMPTY_MAP>
2021-12-22 08:22:33,174 [pool-361-thread-1] INFO  server.RaftServerConfigKeys (ConfUtils.java:logGet(44)) - raft.server.storage.dir = [/home/runner/work/ozone/ozone/hadoop-ozone/integration-test/target/test-dir/MiniOzoneClusterImpl-3dd55103-1821-4ecb-9679-770619bfedda/datanode-1/data/ratis] (custom)
2021-12-22 08:22:33,174 [pool-361-thread-1] INFO  server.RaftServerConfigKeys (ConfUtils.java:logGet(44)) - raft.server.log.corruption.policy = EXCEPTION (default)
2021-12-22 08:22:33,174 [pool-361-thread-1] INFO  server.RaftServerConfigKeys (ConfUtils.java:logGet(44)) - raft.server.storage.free-space.min = 0MB (=0) (default)
2021-12-22 08:22:33,174 [pool-361-thread-1] INFO  storage.RaftStorageDirectory (RaftStorageDirectoryImpl.java:analyzeStorage(135)) - The storage directory /home/runner/work/ozone/ozone/hadoop-ozone/integration-test/target/test-dir/MiniOzoneClusterImpl-3dd55103-1821-4ecb-9679-770619bfedda/datanode-1/data/ratis/13d3c5c2-933c-4e6a-91cb-3833efcd79ba does not exist. Creating ...
2021-12-22 08:22:33,176 [pool-361-thread-1] INFO  storage.RaftStorageDirectory (RaftStorageDirectoryImpl.java:tryLock(230)) - Lock on /home/runner/work/ozone/ozone/hadoop-ozone/integration-test/target/test-dir/MiniOzoneClusterImpl-3dd55103-1821-4ecb-9679-770619bfedda/datanode-1/data/ratis/13d3c5c2-933c-4e6a-91cb-3833efcd79ba/in_use.lock acquired by nodename 16871@fv-az270-32
2021-12-22 08:22:33,178 [pool-361-thread-1] INFO  storage.RaftStorage (RaftStorageImpl.java:format(89)) - Storage directory /home/runner/work/ozone/ozone/hadoop-ozone/integration-test/target/test-dir/MiniOzoneClusterImpl-3dd55103-1821-4ecb-9679-770619bfedda/datanode-1/data/ratis/13d3c5c2-933c-4e6a-91cb-3833efcd79ba has been successfully formatted.
2021-12-22 08:22:33,198 [pool-361-thread-1] INFO  ratis.ContainerStateMachine (ContainerStateMachine.java:loadSnapshot(231)) - group-3833EFCD79BA: The snapshot info is null. Setting the last applied indexto:(t:0, i:~)
2021-12-22 08:22:33,200 [pool-361-thread-1] INFO  server.RaftServerConfigKeys (ConfUtils.java:logGet(44)) - raft.server.notification.no-leader.timeout = 300s (custom)
2021-12-22 08:22:33,200 [pool-361-thread-1] INFO  server.RaftServerConfigKeys (ConfUtils.java:logGet(44)) - raft.server.log.use.memory = false (default)
2021-12-22 08:22:33,200 [pool-361-thread-1] INFO  server.RaftServerConfigKeys (ConfUtils.java:logGet(44)) - raft.server.log.purge.gap = 1000000 (custom)
2021-12-22 08:22:33,200 [pool-361-thread-1] INFO  server.RaftServerConfigKeys (ConfUtils.java:logGet(44)) - raft.server.log.appender.buffer.byte-limit = 33554432 (custom)
2021-12-22 08:22:33,200 [pool-361-thread-1] INFO  server.RaftServerConfigKeys (ConfUtils.java:logGet(44)) - raft.server.log.segment.size.max = 1048576 (custom)
2021-12-22 08:22:33,201 [pool-361-thread-1] INFO  server.RaftServerConfigKeys (ConfUtils.java:logGet(44)) - raft.server.log.segment.cache.num.max = 2 (custom)
2021-12-22 08:22:33,201 [pool-361-thread-1] INFO  server.RaftServerConfigKeys (ConfUtils.java:logGet(44)) - raft.server.log.segment.cache.size.max = 200MB (=209715200) (default)
2021-12-22 08:22:33,201 [pool-361-thread-1] INFO  segmented.SegmentedRaftLogWorker (SegmentedRaftLogWorker.java:<init>(182)) - new 76f1d3ab-551a-41e2-9590-cf43f9dd4238@group-3833EFCD79BA-SegmentedRaftLogWorker for RaftStorageImpl:Storage Directory /home/runner/work/ozone/ozone/hadoop-ozone/integration-test/target/test-dir/MiniOzoneClusterImpl-3dd55103-1821-4ecb-9679-770619bfedda/datanode-1/data/ratis/13d3c5c2-933c-4e6a-91cb-3833efcd79ba
2021-12-22 08:22:33,201 [pool-361-thread-1] INFO  server.RaftServerConfigKeys (ConfUtils.java:logGet(44)) - raft.server.log.queue.byte-limit = 2147483647 (custom)
2021-12-22 08:22:33,201 [pool-361-thread-1] INFO  server.RaftServerConfigKeys (ConfUtils.java:logGet(44)) - raft.server.log.queue.element-limit = 1024 (custom)
2021-12-22 08:22:33,201 [pool-361-thread-1] INFO  server.RaftServerConfigKeys (ConfUtils.java:logGet(44)) - raft.server.log.segment.size.max = 1048576 (custom)
2021-12-22 08:22:33,201 [pool-361-thread-1] INFO  server.RaftServerConfigKeys (ConfUtils.java:logGet(44)) - raft.server.log.preallocated.size = 16384 (custom)
2021-12-22 08:22:33,201 [pool-361-thread-1] INFO  server.RaftServerConfigKeys (ConfUtils.java:logGet(44)) - raft.server.log.force.sync.num = 128 (default)
2021-12-22 08:22:33,201 [pool-361-thread-1] INFO  server.RaftServerConfigKeys (ConfUtils.java:logGet(44)) - raft.server.log.statemachine.data.sync = true (default)
2021-12-22 08:22:33,201 [pool-361-thread-1] INFO  server.RaftServerConfigKeys (ConfUtils.java:logGet(44)) - raft.server.log.statemachine.data.sync.timeout = 10s (default)
2021-12-22 08:22:33,201 [pool-361-thread-1] INFO  server.RaftServerConfigKeys (ConfUtils.java:logGet(44)) - raft.server.log.statemachine.data.sync.timeout.retry = -1 (default)
2021-12-22 08:22:33,205 [pool-361-thread-1] INFO  server.RaftServerConfigKeys (ConfUtils.java:logGet(44)) - raft.server.log.write.buffer.size = 1048576 (custom)
2021-12-22 08:22:33,205 [pool-361-thread-1] INFO  server.RaftServerConfigKeys (ConfUtils.java:logGet(44)) - raft.server.log.statemachine.data.caching.enabled = true (custom)
2021-12-22 08:22:33,206 [pool-361-thread-1] INFO  segmented.SegmentedRaftLogWorker (SegmentedRaftLogWorker.java:lambda$new$0(133)) - 76f1d3ab-551a-41e2-9590-cf43f9dd4238@group-3833EFCD79BA-SegmentedRaftLogWorker: flushIndex: setUnconditionally 0 -> -1
2021-12-22 08:22:33,206 [pool-361-thread-1] INFO  segmented.SegmentedRaftLogWorker (SegmentedRaftLogWorker.java:lambda$new$0(133)) - 76f1d3ab-551a-41e2-9590-cf43f9dd4238@group-3833EFCD79BA-SegmentedRaftLogWorker: safeCacheEvictIndex: setUnconditionally 0 -> -1
2021-12-22 08:22:33,210 [pool-361-thread-1] INFO  server.RaftServerConfigKeys (ConfUtils.java:logGet(44)) - raft.server.snapshot.auto.trigger.enabled = true (custom)
2021-12-22 08:22:33,210 [pool-361-thread-1] INFO  server.RaftServerConfigKeys (ConfUtils.java:logGet(44)) - raft.server.snapshot.auto.trigger.threshold = 10000 (custom)
2021-12-22 08:22:33,210 [pool-361-thread-1] INFO  server.RaftServerConfigKeys (ConfUtils.java:logGet(44)) - raft.server.snapshot.retention.file.num = 5 (custom)
2021-12-22 08:22:33,210 [pool-361-thread-1] INFO  server.RaftServerConfigKeys (ConfUtils.java:logGet(44)) - raft.server.log.purge.upto.snapshot.index = false (default)
2021-12-22 08:22:33,210 [pool-361-thread-1] INFO  server.RaftServerConfigKeys (ConfUtils.java:logGet(44)) - raft.server.retrycache.expirytime = 600000ms (custom)
2021-12-22 08:22:33,210 [pool-361-thread-1] INFO  server.RaftServerConfigKeys (ConfUtils.java:logGet(44)) - raft.server.retrycache.statistics.expirytime = 100μs (default)
2021-12-22 08:22:33,212 [pool-361-thread-1] INFO  server.RaftServer$Division (RaftServerImpl.java:start(301)) - 76f1d3ab-551a-41e2-9590-cf43f9dd4238@group-3833EFCD79BA: start as a follower, conf=-1: [76f1d3ab-551a-41e2-9590-cf43f9dd4238|rpc:10.1.0.28:46491|dataStream:|priority:0, c76a0960-210e-464c-8d60-ee8557cfadbb|rpc:10.1.0.28:40875|dataStream:|priority:0, acc7ce84-f107-4bcc-9a9d-7d0d04927ca9|rpc:10.1.0.28:34495|dataStream:|priority:1], old=null
2021-12-22 08:22:33,212 [pool-361-thread-1] INFO  server.RaftServer$Division (RaftServerImpl.java:setRole(290)) - 76f1d3ab-551a-41e2-9590-cf43f9dd4238@group-3833EFCD79BA: changes role from      null to FOLLOWER at term 0 for startAsFollower
2021-12-22 08:22:33,212 [pool-361-thread-1] INFO  impl.RoleInfo (RoleInfo.java:updateAndGet(130)) - 76f1d3ab-551a-41e2-9590-cf43f9dd4238: start 76f1d3ab-551a-41e2-9590-cf43f9dd4238@group-3833EFCD79BA-FollowerState
2021-12-22 08:22:33,213 [pool-361-thread-1] INFO  util.JmxRegister (JmxRegister.java:tryRegister(44)) - Successfully registered JMX Bean with object name Ratis:service=RaftServer,group=group-3833EFCD79BA,id=76f1d3ab-551a-41e2-9590-cf43f9dd4238
2021-12-22 08:22:33,310 [grpc-default-executor-0] INFO  server.RaftServer (RaftServerProxy.java:addNew(95)) - acc7ce84-f107-4bcc-9a9d-7d0d04927ca9: addNew group-3833EFCD79BA:[76f1d3ab-551a-41e2-9590-cf43f9dd4238|rpc:10.1.0.28:46491|dataStream:|priority:0, c76a0960-210e-464c-8d60-ee8557cfadbb|rpc:10.1.0.28:40875|dataStream:|priority:0, acc7ce84-f107-4bcc-9a9d-7d0d04927ca9|rpc:10.1.0.28:34495|dataStream:|priority:1] returns group-3833EFCD79BA:java.util.concurrent.CompletableFuture@24acc6f3[Not completed]
2021-12-22 08:22:33,311 [pool-382-thread-1] INFO  server.RaftServer$Division (RaftServerImpl.java:<init>(184)) - acc7ce84-f107-4bcc-9a9d-7d0d04927ca9: new RaftServerImpl for group-3833EFCD79BA:[76f1d3ab-551a-41e2-9590-cf43f9dd4238|rpc:10.1.0.28:46491|dataStream:|priority:0, c76a0960-210e-464c-8d60-ee8557cfadbb|rpc:10.1.0.28:40875|dataStream:|priority:0, acc7ce84-f107-4bcc-9a9d-7d0d04927ca9|rpc:10.1.0.28:34495|dataStream:|priority:1] with ContainerStateMachine:uninitialized
2021-12-22 08:22:33,333 [pool-382-thread-1] INFO  server.RaftServerConfigKeys (ConfUtils.java:logGet(44)) - raft.server.rpc.timeout.min = 5s (custom)
2021-12-22 08:22:33,333 [pool-382-thread-1] INFO  server.RaftServerConfigKeys (ConfUtils.java:logGet(44)) - raft.server.rpc.timeout.max = 5200ms (custom)
2021-12-22 08:22:33,333 [pool-382-thread-1] INFO  server.RaftServerConfigKeys (ConfUtils.java:logGet(44)) - raft.server.rpc.sleep.time = 25ms (default)
2021-12-22 08:22:33,333 [pool-382-thread-1] INFO  server.RaftServerConfigKeys (ConfUtils.java:logGet(44)) - raft.server.rpc.slowness.timeout = 300s (custom)
2021-12-22 08:22:33,333 [pool-382-thread-1] INFO  server.RaftServerConfigKeys (ConfUtils.java:logGet(44)) - raft.server.leaderelection.leader.step-down.wait-time = 10s (default)
2021-12-22 08:22:33,333 [pool-382-thread-1] INFO  server.RaftServerConfigKeys (ConfUtils.java:logGet(44)) - raft.server.sleep.deviation.threshold = 300ms (default)
2021-12-22 08:22:33,333 [pool-382-thread-1] INFO  server.RaftServerConfigKeys (ConfUtils.java:logGet(44)) - raft.server.log.appender.install.snapshot.enabled = false (custom)
2021-12-22 08:22:33,333 [pool-382-thread-1] INFO  server.RaftServer$Division (ServerState.java:<init>(105)) - acc7ce84-f107-4bcc-9a9d-7d0d04927ca9@group-3833EFCD79BA: ConfigurationManager, init=-1: [76f1d3ab-551a-41e2-9590-cf43f9dd4238|rpc:10.1.0.28:46491|dataStream:|priority:0, c76a0960-210e-464c-8d60-ee8557cfadbb|rpc:10.1.0.28:40875|dataStream:|priority:0, acc7ce84-f107-4bcc-9a9d-7d0d04927ca9|rpc:10.1.0.28:34495|dataStream:|priority:1], old=null, confs=<EMPTY_MAP>
2021-12-22 08:22:33,333 [pool-382-thread-1] INFO  server.RaftServerConfigKeys (ConfUtils.java:logGet(44)) - raft.server.storage.dir = [/home/runner/work/ozone/ozone/hadoop-ozone/integration-test/target/test-dir/MiniOzoneClusterImpl-3dd55103-1821-4ecb-9679-770619bfedda/datanode-2/data/ratis] (custom)
2021-12-22 08:22:33,333 [pool-382-thread-1] INFO  server.RaftServerConfigKeys (ConfUtils.java:logGet(44)) - raft.server.log.corruption.policy = EXCEPTION (default)
2021-12-22 08:22:33,333 [pool-382-thread-1] INFO  server.RaftServerConfigKeys (ConfUtils.java:logGet(44)) - raft.server.storage.free-space.min = 0MB (=0) (default)
2021-12-22 08:22:33,333 [pool-382-thread-1] INFO  storage.RaftStorageDirectory (RaftStorageDirectoryImpl.java:analyzeStorage(135)) - The storage directory /home/runner/work/ozone/ozone/hadoop-ozone/integration-test/target/test-dir/MiniOzoneClusterImpl-3dd55103-1821-4ecb-9679-770619bfedda/datanode-2/data/ratis/13d3c5c2-933c-4e6a-91cb-3833efcd79ba does not exist. Creating ...
2021-12-22 08:22:33,335 [pool-382-thread-1] INFO  storage.RaftStorageDirectory (RaftStorageDirectoryImpl.java:tryLock(230)) - Lock on /home/runner/work/ozone/ozone/hadoop-ozone/integration-test/target/test-dir/MiniOzoneClusterImpl-3dd55103-1821-4ecb-9679-770619bfedda/datanode-2/data/ratis/13d3c5c2-933c-4e6a-91cb-3833efcd79ba/in_use.lock acquired by nodename 16871@fv-az270-32
2021-12-22 08:22:33,337 [pool-382-thread-1] INFO  storage.RaftStorage (RaftStorageImpl.java:format(89)) - Storage directory /home/runner/work/ozone/ozone/hadoop-ozone/integration-test/target/test-dir/MiniOzoneClusterImpl-3dd55103-1821-4ecb-9679-770619bfedda/datanode-2/data/ratis/13d3c5c2-933c-4e6a-91cb-3833efcd79ba has been successfully formatted.
2021-12-22 08:22:33,354 [pool-382-thread-1] INFO  ratis.ContainerStateMachine (ContainerStateMachine.java:loadSnapshot(231)) - group-3833EFCD79BA: The snapshot info is null. Setting the last applied indexto:(t:0, i:~)
2021-12-22 08:22:33,354 [pool-382-thread-1] INFO  server.RaftServerConfigKeys (ConfUtils.java:logGet(44)) - raft.server.notification.no-leader.timeout = 300s (custom)
2021-12-22 08:22:33,354 [pool-382-thread-1] INFO  server.RaftServerConfigKeys (ConfUtils.java:logGet(44)) - raft.server.log.use.memory = false (default)
2021-12-22 08:22:33,354 [pool-382-thread-1] INFO  server.RaftServerConfigKeys (ConfUtils.java:logGet(44)) - raft.server.log.purge.gap = 1000000 (custom)
2021-12-22 08:22:33,354 [pool-382-thread-1] INFO  server.RaftServerConfigKeys (ConfUtils.java:logGet(44)) - raft.server.log.appender.buffer.byte-limit = 33554432 (custom)
2021-12-22 08:22:33,354 [pool-382-thread-1] INFO  server.RaftServerConfigKeys (ConfUtils.java:logGet(44)) - raft.server.log.segment.size.max = 1048576 (custom)
2021-12-22 08:22:33,361 [pool-382-thread-1] INFO  server.RaftServerConfigKeys (ConfUtils.java:logGet(44)) - raft.server.log.segment.cache.num.max = 2 (custom)
2021-12-22 08:22:33,362 [pool-382-thread-1] INFO  server.RaftServerConfigKeys (ConfUtils.java:logGet(44)) - raft.server.log.segment.cache.size.max = 200MB (=209715200) (default)
2021-12-22 08:22:33,362 [pool-382-thread-1] INFO  segmented.SegmentedRaftLogWorker (SegmentedRaftLogWorker.java:<init>(182)) - new acc7ce84-f107-4bcc-9a9d-7d0d04927ca9@group-3833EFCD79BA-SegmentedRaftLogWorker for RaftStorageImpl:Storage Directory /home/runner/work/ozone/ozone/hadoop-ozone/integration-test/target/test-dir/MiniOzoneClusterImpl-3dd55103-1821-4ecb-9679-770619bfedda/datanode-2/data/ratis/13d3c5c2-933c-4e6a-91cb-3833efcd79ba
2021-12-22 08:22:33,362 [pool-382-thread-1] INFO  server.RaftServerConfigKeys (ConfUtils.java:logGet(44)) - raft.server.log.queue.byte-limit = 2147483647 (custom)
2021-12-22 08:22:33,362 [pool-382-thread-1] INFO  server.RaftServerConfigKeys (ConfUtils.java:logGet(44)) - raft.server.log.queue.element-limit = 1024 (custom)
2021-12-22 08:22:33,362 [pool-382-thread-1] INFO  server.RaftServerConfigKeys (ConfUtils.java:logGet(44)) - raft.server.log.segment.size.max = 1048576 (custom)
2021-12-22 08:22:33,362 [pool-382-thread-1] INFO  server.RaftServerConfigKeys (ConfUtils.java:logGet(44)) - raft.server.log.preallocated.size = 16384 (custom)
2021-12-22 08:22:33,362 [pool-382-thread-1] INFO  server.RaftServerConfigKeys (ConfUtils.java:logGet(44)) - raft.server.log.force.sync.num = 128 (default)
2021-12-22 08:22:33,362 [pool-382-thread-1] INFO  server.RaftServerConfigKeys (ConfUtils.java:logGet(44)) - raft.server.log.statemachine.data.sync = true (default)
2021-12-22 08:22:33,362 [pool-382-thread-1] INFO  server.RaftServerConfigKeys (ConfUtils.java:logGet(44)) - raft.server.log.statemachine.data.sync.timeout = 10s (default)
2021-12-22 08:22:33,362 [pool-382-thread-1] INFO  server.RaftServerConfigKeys (ConfUtils.java:logGet(44)) - raft.server.log.statemachine.data.sync.timeout.retry = -1 (default)
2021-12-22 08:22:33,363 [pool-382-thread-1] INFO  server.RaftServerConfigKeys (ConfUtils.java:logGet(44)) - raft.server.log.write.buffer.size = 1048576 (custom)
2021-12-22 08:22:33,364 [pool-382-thread-1] INFO  server.RaftServerConfigKeys (ConfUtils.java:logGet(44)) - raft.server.log.statemachine.data.caching.enabled = true (custom)
2021-12-22 08:22:33,370 [pool-382-thread-1] INFO  segmented.SegmentedRaftLogWorker (SegmentedRaftLogWorker.java:lambda$new$0(133)) - acc7ce84-f107-4bcc-9a9d-7d0d04927ca9@group-3833EFCD79BA-SegmentedRaftLogWorker: flushIndex: setUnconditionally 0 -> -1
2021-12-22 08:22:33,370 [pool-382-thread-1] INFO  segmented.SegmentedRaftLogWorker (SegmentedRaftLogWorker.java:lambda$new$0(133)) - acc7ce84-f107-4bcc-9a9d-7d0d04927ca9@group-3833EFCD79BA-SegmentedRaftLogWorker: safeCacheEvictIndex: setUnconditionally 0 -> -1
2021-12-22 08:22:33,378 [pool-382-thread-1] INFO  server.RaftServerConfigKeys (ConfUtils.java:logGet(44)) - raft.server.snapshot.auto.trigger.enabled = true (custom)
2021-12-22 08:22:33,378 [pool-382-thread-1] INFO  server.RaftServerConfigKeys (ConfUtils.java:logGet(44)) - raft.server.snapshot.auto.trigger.threshold = 10000 (custom)
2021-12-22 08:22:33,378 [pool-382-thread-1] INFO  server.RaftServerConfigKeys (ConfUtils.java:logGet(44)) - raft.server.snapshot.retention.file.num = 5 (custom)
2021-12-22 08:22:33,378 [pool-382-thread-1] INFO  server.RaftServerConfigKeys (ConfUtils.java:logGet(44)) - raft.server.log.purge.upto.snapshot.index = false (default)
2021-12-22 08:22:33,379 [pool-382-thread-1] INFO  server.RaftServerConfigKeys (ConfUtils.java:logGet(44)) - raft.server.retrycache.expirytime = 600000ms (custom)
2021-12-22 08:22:33,379 [pool-382-thread-1] INFO  server.RaftServerConfigKeys (ConfUtils.java:logGet(44)) - raft.server.retrycache.statistics.expirytime = 100μs (default)
2021-12-22 08:22:33,380 [pool-382-thread-1] INFO  server.RaftServer$Division (RaftServerImpl.java:start(301)) - acc7ce84-f107-4bcc-9a9d-7d0d04927ca9@group-3833EFCD79BA: start as a follower, conf=-1: [76f1d3ab-551a-41e2-9590-cf43f9dd4238|rpc:10.1.0.28:46491|dataStream:|priority:0, c76a0960-210e-464c-8d60-ee8557cfadbb|rpc:10.1.0.28:40875|dataStream:|priority:0, acc7ce84-f107-4bcc-9a9d-7d0d04927ca9|rpc:10.1.0.28:34495|dataStream:|priority:1], old=null
2021-12-22 08:22:33,380 [pool-382-thread-1] INFO  server.RaftServer$Division (RaftServerImpl.java:setRole(290)) - acc7ce84-f107-4bcc-9a9d-7d0d04927ca9@group-3833EFCD79BA: changes role from      null to FOLLOWER at term 0 for startAsFollower
2021-12-22 08:22:33,380 [pool-382-thread-1] INFO  impl.RoleInfo (RoleInfo.java:updateAndGet(130)) - acc7ce84-f107-4bcc-9a9d-7d0d04927ca9: start acc7ce84-f107-4bcc-9a9d-7d0d04927ca9@group-3833EFCD79BA-FollowerState
2021-12-22 08:22:33,392 [pool-382-thread-1] INFO  util.JmxRegister (JmxRegister.java:tryRegister(44)) - Successfully registered JMX Bean with object name Ratis:service=RaftServer,group=group-3833EFCD79BA,id=acc7ce84-f107-4bcc-9a9d-7d0d04927ca9
2021-12-22 08:22:33,445 [Command processor thread] INFO  server.RaftServer (RaftServerProxy.java:addNew(95)) - 76f1d3ab-551a-41e2-9590-cf43f9dd4238: addNew group-DF7A1F26D946:[76f1d3ab-551a-41e2-9590-cf43f9dd4238|rpc:10.1.0.28:46491|priority:1] returns group-DF7A1F26D946:java.util.concurrent.CompletableFuture@55036c8c[Not completed]
2021-12-22 08:22:33,446 [pool-361-thread-1] INFO  server.RaftServer$Division (RaftServerImpl.java:<init>(184)) - 76f1d3ab-551a-41e2-9590-cf43f9dd4238: new RaftServerImpl for group-DF7A1F26D946:[76f1d3ab-551a-41e2-9590-cf43f9dd4238|rpc:10.1.0.28:46491|priority:1] with ContainerStateMachine:uninitialized
2021-12-22 08:22:33,446 [pool-361-thread-1] INFO  server.RaftServerConfigKeys (ConfUtils.java:logGet(44)) - raft.server.rpc.timeout.min = 5s (custom)
2021-12-22 08:22:33,459 [pool-361-thread-1] INFO  server.RaftServerConfigKeys (ConfUtils.java:logGet(44)) - raft.server.rpc.timeout.max = 5200ms (custom)
2021-12-22 08:22:33,459 [pool-361-thread-1] INFO  server.RaftServerConfigKeys (ConfUtils.java:logGet(44)) - raft.server.rpc.sleep.time = 25ms (default)
2021-12-22 08:22:33,459 [pool-361-thread-1] INFO  server.RaftServerConfigKeys (ConfUtils.java:logGet(44)) - raft.server.rpc.slowness.timeout = 300s (custom)
2021-12-22 08:22:33,459 [pool-361-thread-1] INFO  server.RaftServerConfigKeys (ConfUtils.java:logGet(44)) - raft.server.leaderelection.leader.step-down.wait-time = 10s (default)
2021-12-22 08:22:33,459 [pool-361-thread-1] INFO  server.RaftServerConfigKeys (ConfUtils.java:logGet(44)) - raft.server.sleep.deviation.threshold = 300ms (default)
2021-12-22 08:22:33,459 [pool-361-thread-1] INFO  server.RaftServerConfigKeys (ConfUtils.java:logGet(44)) - raft.server.log.appender.install.snapshot.enabled = false (custom)
2021-12-22 08:22:33,459 [pool-361-thread-1] INFO  server.RaftServer$Division (ServerState.java:<init>(105)) - 76f1d3ab-551a-41e2-9590-cf43f9dd4238@group-DF7A1F26D946: ConfigurationManager, init=-1: [76f1d3ab-551a-41e2-9590-cf43f9dd4238|rpc:10.1.0.28:46491|priority:1], old=null, confs=<EMPTY_MAP>
2021-12-22 08:22:33,459 [pool-361-thread-1] INFO  server.RaftServerConfigKeys (ConfUtils.java:logGet(44)) - raft.server.storage.dir = [/home/runner/work/ozone/ozone/hadoop-ozone/integration-test/target/test-dir/MiniOzoneClusterImpl-3dd55103-1821-4ecb-9679-770619bfedda/datanode-1/data/ratis] (custom)
2021-12-22 08:22:33,460 [pool-361-thread-1] INFO  server.RaftServerConfigKeys (ConfUtils.java:logGet(44)) - raft.server.log.corruption.policy = EXCEPTION (default)
2021-12-22 08:22:33,460 [pool-361-thread-1] INFO  server.RaftServerConfigKeys (ConfUtils.java:logGet(44)) - raft.server.storage.free-space.min = 0MB (=0) (default)
2021-12-22 08:22:33,460 [pool-361-thread-1] INFO  storage.RaftStorageDirectory (RaftStorageDirectoryImpl.java:analyzeStorage(135)) - The storage directory /home/runner/work/ozone/ozone/hadoop-ozone/integration-test/target/test-dir/MiniOzoneClusterImpl-3dd55103-1821-4ecb-9679-770619bfedda/datanode-1/data/ratis/8cdeab8d-34bf-42f4-a47b-df7a1f26d946 does not exist. Creating ...
2021-12-22 08:22:33,448 [Command processor thread] INFO  commandhandler.CreatePipelineCommandHandler (CreatePipelineCommandHandler.java:handle(106)) - Created Pipeline RATIS THREE PipelineID=13d3c5c2-933c-4e6a-91cb-3833efcd79ba.
2021-12-22 08:22:33,460 [Command processor thread] INFO  server.RaftServer (RaftServerProxy.java:addNew(95)) - c76a0960-210e-464c-8d60-ee8557cfadbb: addNew group-195BAEDE0F07:[76f1d3ab-551a-41e2-9590-cf43f9dd4238|rpc:10.1.0.28:46491|priority:1, acc7ce84-f107-4bcc-9a9d-7d0d04927ca9|rpc:10.1.0.28:34495|priority:0, c76a0960-210e-464c-8d60-ee8557cfadbb|rpc:10.1.0.28:40875|priority:0] returns group-195BAEDE0F07:java.util.concurrent.CompletableFuture@2a5919e5[Not completed]
2021-12-22 08:22:33,461 [pool-340-thread-1] INFO  server.RaftServer$Division (RaftServerImpl.java:<init>(184)) - c76a0960-210e-464c-8d60-ee8557cfadbb: new RaftServerImpl for group-195BAEDE0F07:[76f1d3ab-551a-41e2-9590-cf43f9dd4238|rpc:10.1.0.28:46491|priority:1, acc7ce84-f107-4bcc-9a9d-7d0d04927ca9|rpc:10.1.0.28:34495|priority:0, c76a0960-210e-464c-8d60-ee8557cfadbb|rpc:10.1.0.28:40875|priority:0] with ContainerStateMachine:uninitialized
2021-12-22 08:22:33,461 [pool-340-thread-1] INFO  server.RaftServerConfigKeys (ConfUtils.java:logGet(44)) - raft.server.rpc.timeout.min = 5s (custom)
2021-12-22 08:22:33,461 [pool-340-thread-1] INFO  server.RaftServerConfigKeys (ConfUtils.java:logGet(44)) - raft.server.rpc.timeout.max = 5200ms (custom)
2021-12-22 08:22:33,461 [pool-340-thread-1] INFO  server.RaftServerConfigKeys (ConfUtils.java:logGet(44)) - raft.server.rpc.sleep.time = 25ms (default)
2021-12-22 08:22:33,461 [pool-340-thread-1] INFO  server.RaftServerConfigKeys (ConfUtils.java:logGet(44)) - raft.server.rpc.slowness.timeout = 300s (custom)
2021-12-22 08:22:33,461 [pool-340-thread-1] INFO  server.RaftServerConfigKeys (ConfUtils.java:logGet(44)) - raft.server.leaderelection.leader.step-down.wait-time = 10s (default)
2021-12-22 08:22:33,461 [pool-340-thread-1] INFO  server.RaftServerConfigKeys (ConfUtils.java:logGet(44)) - raft.server.sleep.deviation.threshold = 300ms (default)
2021-12-22 08:22:33,461 [pool-340-thread-1] INFO  server.RaftServerConfigKeys (ConfUtils.java:logGet(44)) - raft.server.log.appender.install.snapshot.enabled = false (custom)
2021-12-22 08:22:33,461 [pool-340-thread-1] INFO  server.RaftServer$Division (ServerState.java:<init>(105)) - c76a0960-210e-464c-8d60-ee8557cfadbb@group-195BAEDE0F07: ConfigurationManager, init=-1: [76f1d3ab-551a-41e2-9590-cf43f9dd4238|rpc:10.1.0.28:46491|priority:1, acc7ce84-f107-4bcc-9a9d-7d0d04927ca9|rpc:10.1.0.28:34495|priority:0, c76a0960-210e-464c-8d60-ee8557cfadbb|rpc:10.1.0.28:40875|priority:0], old=null, confs=<EMPTY_MAP>
2021-12-22 08:22:33,462 [pool-340-thread-1] INFO  server.RaftServerConfigKeys (ConfUtils.java:logGet(44)) - raft.server.storage.dir = [/home/runner/work/ozone/ozone/hadoop-ozone/integration-test/target/test-dir/MiniOzoneClusterImpl-3dd55103-1821-4ecb-9679-770619bfedda/datanode-0/data/ratis] (custom)
2021-12-22 08:22:33,462 [pool-340-thread-1] INFO  server.RaftServerConfigKeys (ConfUtils.java:logGet(44)) - raft.server.log.corruption.policy = EXCEPTION (default)
2021-12-22 08:22:33,462 [pool-340-thread-1] INFO  server.RaftServerConfigKeys (ConfUtils.java:logGet(44)) - raft.server.storage.free-space.min = 0MB (=0) (default)
2021-12-22 08:22:33,462 [pool-340-thread-1] INFO  storage.RaftStorageDirectory (RaftStorageDirectoryImpl.java:analyzeStorage(135)) - The storage directory /home/runner/work/ozone/ozone/hadoop-ozone/integration-test/target/test-dir/MiniOzoneClusterImpl-3dd55103-1821-4ecb-9679-770619bfedda/datanode-0/data/ratis/0328592f-92d1-48f9-9f13-195baede0f07 does not exist. Creating ...
2021-12-22 08:22:33,463 [pool-340-thread-1] INFO  storage.RaftStorageDirectory (RaftStorageDirectoryImpl.java:tryLock(230)) - Lock on /home/runner/work/ozone/ozone/hadoop-ozone/integration-test/target/test-dir/MiniOzoneClusterImpl-3dd55103-1821-4ecb-9679-770619bfedda/datanode-0/data/ratis/0328592f-92d1-48f9-9f13-195baede0f07/in_use.lock acquired by nodename 16871@fv-az270-32
2021-12-22 08:22:33,463 [pool-361-thread-1] INFO  storage.RaftStorageDirectory (RaftStorageDirectoryImpl.java:tryLock(230)) - Lock on /home/runner/work/ozone/ozone/hadoop-ozone/integration-test/target/test-dir/MiniOzoneClusterImpl-3dd55103-1821-4ecb-9679-770619bfedda/datanode-1/data/ratis/8cdeab8d-34bf-42f4-a47b-df7a1f26d946/in_use.lock acquired by nodename 16871@fv-az270-32
2021-12-22 08:22:33,464 [pool-361-thread-1] INFO  storage.RaftStorage (RaftStorageImpl.java:format(89)) - Storage directory /home/runner/work/ozone/ozone/hadoop-ozone/integration-test/target/test-dir/MiniOzoneClusterImpl-3dd55103-1821-4ecb-9679-770619bfedda/datanode-1/data/ratis/8cdeab8d-34bf-42f4-a47b-df7a1f26d946 has been successfully formatted.
2021-12-22 08:22:33,465 [pool-361-thread-1] INFO  ratis.ContainerStateMachine (ContainerStateMachine.java:loadSnapshot(231)) - group-DF7A1F26D946: The snapshot info is null. Setting the last applied indexto:(t:0, i:~)
2021-12-22 08:22:33,465 [pool-361-thread-1] INFO  server.RaftServerConfigKeys (ConfUtils.java:logGet(44)) - raft.server.notification.no-leader.timeout = 300s (custom)
2021-12-22 08:22:33,465 [pool-361-thread-1] INFO  server.RaftServerConfigKeys (ConfUtils.java:logGet(44)) - raft.server.log.use.memory = false (default)
2021-12-22 08:22:33,465 [pool-361-thread-1] INFO  server.RaftServerConfigKeys (ConfUtils.java:logGet(44)) - raft.server.log.purge.gap = 1000000 (custom)
2021-12-22 08:22:33,465 [pool-361-thread-1] INFO  server.RaftServerConfigKeys (ConfUtils.java:logGet(44)) - raft.server.log.appender.buffer.byte-limit = 33554432 (custom)
2021-12-22 08:22:33,465 [pool-361-thread-1] INFO  server.RaftServerConfigKeys (ConfUtils.java:logGet(44)) - raft.server.log.segment.size.max = 1048576 (custom)
2021-12-22 08:22:33,466 [pool-340-thread-1] INFO  storage.RaftStorage (RaftStorageImpl.java:format(89)) - Storage directory /home/runner/work/ozone/ozone/hadoop-ozone/integration-test/target/test-dir/MiniOzoneClusterImpl-3dd55103-1821-4ecb-9679-770619bfedda/datanode-0/data/ratis/0328592f-92d1-48f9-9f13-195baede0f07 has been successfully formatted.
2021-12-22 08:22:33,466 [pool-340-thread-1] INFO  ratis.ContainerStateMachine (ContainerStateMachine.java:loadSnapshot(231)) - group-195BAEDE0F07: The snapshot info is null. Setting the last applied indexto:(t:0, i:~)
2021-12-22 08:22:33,467 [EventQueue-PipelineReportForPipelineReportHandler] INFO  pipeline.PipelineManagerImpl (PipelineManagerImpl.java:openPipeline(291)) - Pipeline Pipeline[ Id: 8cdeab8d-34bf-42f4-a47b-df7a1f26d946, Nodes: 76f1d3ab-551a-41e2-9590-cf43f9dd4238{ip: 10.1.0.28, host: fv-az270-32.tacnzluakwdehk1hpragurqkma.bx.internal.cloudapp.net, ports: [REPLICATION=44945, RATIS=46491, RATIS_ADMIN=46491, RATIS_SERVER=46491, STANDALONE=46563], networkLocation: /default-rack, certSerialId: null, persistedOpState: IN_SERVICE, persistedOpStateExpiryEpochSec: 0}, ReplicationConfig: RATIS/ONE, State:ALLOCATED, leaderId:76f1d3ab-551a-41e2-9590-cf43f9dd4238, CreationTimestamp2021-12-22T08:22:30.450Z[Etc/UTC]] moved to OPEN state
2021-12-22 08:22:33,467 [pool-340-thread-1] INFO  server.RaftServerConfigKeys (ConfUtils.java:logGet(44)) - raft.server.notification.no-leader.timeout = 300s (custom)
2021-12-22 08:22:33,467 [pool-340-thread-1] INFO  server.RaftServerConfigKeys (ConfUtils.java:logGet(44)) - raft.server.log.use.memory = false (default)
2021-12-22 08:22:33,467 [pool-340-thread-1] INFO  server.RaftServerConfigKeys (ConfUtils.java:logGet(44)) - raft.server.log.purge.gap = 1000000 (custom)
2021-12-22 08:22:33,467 [pool-340-thread-1] INFO  server.RaftServerConfigKeys (ConfUtils.java:logGet(44)) - raft.server.log.appender.buffer.byte-limit = 33554432 (custom)
2021-12-22 08:22:33,467 [EventQueue-OpenPipelineForHealthyPipelineSafeModeRule] INFO  safemode.SCMSafeModeManager (HealthyPipelineSafeModeRule.java:process(124)) - SCM in safe mode. Healthy pipelines reported count is 0, required healthy pipeline reported count is 1
2021-12-22 08:22:33,467 [pool-361-thread-1] INFO  server.RaftServerConfigKeys (ConfUtils.java:logGet(44)) - raft.server.log.segment.cache.num.max = 2 (custom)
2021-12-22 08:22:33,468 [pool-361-thread-1] INFO  server.RaftServerConfigKeys (ConfUtils.java:logGet(44)) - raft.server.log.segment.cache.size.max = 200MB (=209715200) (default)
2021-12-22 08:22:33,468 [pool-361-thread-1] INFO  segmented.SegmentedRaftLogWorker (SegmentedRaftLogWorker.java:<init>(182)) - new 76f1d3ab-551a-41e2-9590-cf43f9dd4238@group-DF7A1F26D946-SegmentedRaftLogWorker for RaftStorageImpl:Storage Directory /home/runner/work/ozone/ozone/hadoop-ozone/integration-test/target/test-dir/MiniOzoneClusterImpl-3dd55103-1821-4ecb-9679-770619bfedda/datanode-1/data/ratis/8cdeab8d-34bf-42f4-a47b-df7a1f26d946
2021-12-22 08:22:33,468 [pool-361-thread-1] INFO  server.RaftServerConfigKeys (ConfUtils.java:logGet(44)) - raft.server.log.queue.byte-limit = 2147483647 (custom)
2021-12-22 08:22:33,468 [pool-361-thread-1] INFO  server.RaftServerConfigKeys (ConfUtils.java:logGet(44)) - raft.server.log.queue.element-limit = 1024 (custom)
2021-12-22 08:22:33,468 [pool-361-thread-1] INFO  server.RaftServerConfigKeys (ConfUtils.java:logGet(44)) - raft.server.log.segment.size.max = 1048576 (custom)
2021-12-22 08:22:33,468 [pool-361-thread-1] INFO  server.RaftServerConfigKeys (ConfUtils.java:logGet(44)) - raft.server.log.preallocated.size = 16384 (custom)
2021-12-22 08:22:33,468 [pool-361-thread-1] INFO  server.RaftServerConfigKeys (ConfUtils.java:logGet(44)) - raft.server.log.force.sync.num = 128 (default)
2021-12-22 08:22:33,469 [pool-361-thread-1] INFO  server.RaftServerConfigKeys (ConfUtils.java:logGet(44)) - raft.server.log.statemachine.data.sync = true (default)
2021-12-22 08:22:33,469 [pool-361-thread-1] INFO  server.RaftServerConfigKeys (ConfUtils.java:logGet(44)) - raft.server.log.statemachine.data.sync.timeout = 10s (default)
2021-12-22 08:22:33,469 [pool-361-thread-1] INFO  server.RaftServerConfigKeys (ConfUtils.java:logGet(44)) - raft.server.log.statemachine.data.sync.timeout.retry = -1 (default)
2021-12-22 08:22:33,478 [pool-361-thread-1] INFO  server.RaftServerConfigKeys (ConfUtils.java:logGet(44)) - raft.server.log.write.buffer.size = 1048576 (custom)
2021-12-22 08:22:33,479 [pool-361-thread-1] INFO  server.RaftServerConfigKeys (ConfUtils.java:logGet(44)) - raft.server.log.statemachine.data.caching.enabled = true (custom)
2021-12-22 08:22:33,479 [pool-361-thread-1] INFO  segmented.SegmentedRaftLogWorker (SegmentedRaftLogWorker.java:lambda$new$0(133)) - 76f1d3ab-551a-41e2-9590-cf43f9dd4238@group-DF7A1F26D946-SegmentedRaftLogWorker: flushIndex: setUnconditionally 0 -> -1
2021-12-22 08:22:33,479 [pool-361-thread-1] INFO  segmented.SegmentedRaftLogWorker (SegmentedRaftLogWorker.java:lambda$new$0(133)) - 76f1d3ab-551a-41e2-9590-cf43f9dd4238@group-DF7A1F26D946-SegmentedRaftLogWorker: safeCacheEvictIndex: setUnconditionally 0 -> -1
2021-12-22 08:22:33,482 [EventQueue-OpenPipelineForHealthyPipelineSafeModeRule] INFO  safemode.SCMSafeModeManager (HealthyPipelineSafeModeRule.java:process(124)) - SCM in safe mode. Healthy pipelines reported count is 0, required healthy pipeline reported count is 1
2021-12-22 08:22:33,495 [pool-361-thread-1] INFO  server.RaftServerConfigKeys (ConfUtils.java:logGet(44)) - raft.server.snapshot.auto.trigger.enabled = true (custom)
2021-12-22 08:22:33,495 [pool-361-thread-1] INFO  server.RaftServerConfigKeys (ConfUtils.java:logGet(44)) - raft.server.snapshot.auto.trigger.threshold = 10000 (custom)
2021-12-22 08:22:33,495 [pool-361-thread-1] INFO  server.RaftServerConfigKeys (ConfUtils.java:logGet(44)) - raft.server.snapshot.retention.file.num = 5 (custom)
2021-12-22 08:22:33,495 [pool-361-thread-1] INFO  server.RaftServerConfigKeys (ConfUtils.java:logGet(44)) - raft.server.log.purge.upto.snapshot.index = false (default)
2021-12-22 08:22:33,496 [pool-361-thread-1] INFO  server.RaftServerConfigKeys (ConfUtils.java:logGet(44)) - raft.server.retrycache.expirytime = 600000ms (custom)
2021-12-22 08:22:33,496 [pool-361-thread-1] INFO  server.RaftServerConfigKeys (ConfUtils.java:logGet(44)) - raft.server.retrycache.statistics.expirytime = 100μs (default)
2021-12-22 08:22:33,496 [pool-340-thread-1] INFO  server.RaftServerConfigKeys (ConfUtils.java:logGet(44)) - raft.server.log.segment.size.max = 1048576 (custom)
2021-12-22 08:22:33,496 [pool-340-thread-1] INFO  server.RaftServerConfigKeys (ConfUtils.java:logGet(44)) - raft.server.log.segment.cache.num.max = 2 (custom)
2021-12-22 08:22:33,496 [pool-340-thread-1] INFO  server.RaftServerConfigKeys (ConfUtils.java:logGet(44)) - raft.server.log.segment.cache.size.max = 200MB (=209715200) (default)
2021-12-22 08:22:33,496 [pool-340-thread-1] INFO  segmented.SegmentedRaftLogWorker (SegmentedRaftLogWorker.java:<init>(182)) - new c76a0960-210e-464c-8d60-ee8557cfadbb@group-195BAEDE0F07-SegmentedRaftLogWorker for RaftStorageImpl:Storage Directory /home/runner/work/ozone/ozone/hadoop-ozone/integration-test/target/test-dir/MiniOzoneClusterImpl-3dd55103-1821-4ecb-9679-770619bfedda/datanode-0/data/ratis/0328592f-92d1-48f9-9f13-195baede0f07
2021-12-22 08:22:33,496 [pool-340-thread-1] INFO  server.RaftServerConfigKeys (ConfUtils.java:logGet(44)) - raft.server.log.queue.byte-limit = 2147483647 (custom)
2021-12-22 08:22:33,496 [pool-340-thread-1] INFO  server.RaftServerConfigKeys (ConfUtils.java:logGet(44)) - raft.server.log.queue.element-limit = 1024 (custom)
2021-12-22 08:22:33,496 [pool-340-thread-1] INFO  server.RaftServerConfigKeys (ConfUtils.java:logGet(44)) - raft.server.log.segment.size.max = 1048576 (custom)
2021-12-22 08:22:33,497 [pool-340-thread-1] INFO  server.RaftServerConfigKeys (ConfUtils.java:logGet(44)) - raft.server.log.preallocated.size = 16384 (custom)
2021-12-22 08:22:33,497 [pool-340-thread-1] INFO  server.RaftServerConfigKeys (ConfUtils.java:logGet(44)) - raft.server.log.force.sync.num = 128 (default)
2021-12-22 08:22:33,497 [pool-340-thread-1] INFO  server.RaftServerConfigKeys (ConfUtils.java:logGet(44)) - raft.server.log.statemachine.data.sync = true (default)
2021-12-22 08:22:33,497 [pool-340-thread-1] INFO  server.RaftServerConfigKeys (ConfUtils.java:logGet(44)) - raft.server.log.statemachine.data.sync.timeout = 10s (default)
2021-12-22 08:22:33,497 [pool-340-thread-1] INFO  server.RaftServerConfigKeys (ConfUtils.java:logGet(44)) - raft.server.log.statemachine.data.sync.timeout.retry = -1 (default)
2021-12-22 08:22:33,497 [pool-340-thread-1] INFO  server.RaftServerConfigKeys (ConfUtils.java:logGet(44)) - raft.server.log.write.buffer.size = 1048576 (custom)
2021-12-22 08:22:33,499 [pool-361-thread-1] INFO  server.RaftServer$Division (RaftServerImpl.java:start(301)) - 76f1d3ab-551a-41e2-9590-cf43f9dd4238@group-DF7A1F26D946: start as a follower, conf=-1: [76f1d3ab-551a-41e2-9590-cf43f9dd4238|rpc:10.1.0.28:46491|priority:1], old=null
2021-12-22 08:22:33,499 [pool-361-thread-1] INFO  server.RaftServer$Division (RaftServerImpl.java:setRole(290)) - 76f1d3ab-551a-41e2-9590-cf43f9dd4238@group-DF7A1F26D946: changes role from      null to FOLLOWER at term 0 for startAsFollower
2021-12-22 08:22:33,499 [pool-361-thread-1] INFO  impl.RoleInfo (RoleInfo.java:updateAndGet(130)) - 76f1d3ab-551a-41e2-9590-cf43f9dd4238: start 76f1d3ab-551a-41e2-9590-cf43f9dd4238@group-DF7A1F26D946-FollowerState
2021-12-22 08:22:33,500 [pool-340-thread-1] INFO  server.RaftServerConfigKeys (ConfUtils.java:logGet(44)) - raft.server.log.statemachine.data.caching.enabled = true (custom)
2021-12-22 08:22:33,500 [pool-340-thread-1] INFO  segmented.SegmentedRaftLogWorker (SegmentedRaftLogWorker.java:lambda$new$0(133)) - c76a0960-210e-464c-8d60-ee8557cfadbb@group-195BAEDE0F07-SegmentedRaftLogWorker: flushIndex: setUnconditionally 0 -> -1
2021-12-22 08:22:33,500 [pool-340-thread-1] INFO  segmented.SegmentedRaftLogWorker (SegmentedRaftLogWorker.java:lambda$new$0(133)) - c76a0960-210e-464c-8d60-ee8557cfadbb@group-195BAEDE0F07-SegmentedRaftLogWorker: safeCacheEvictIndex: setUnconditionally 0 -> -1
2021-12-22 08:22:33,510 [pool-361-thread-1] INFO  util.JmxRegister (JmxRegister.java:tryRegister(44)) - Successfully registered JMX Bean with object name Ratis:service=RaftServer,group=group-DF7A1F26D946,id=76f1d3ab-551a-41e2-9590-cf43f9dd4238
2021-12-22 08:22:33,518 [Command processor thread] INFO  ratis.XceiverServerRatis (XceiverServerRatis.java:addGroup(768)) - Created group PipelineID=8cdeab8d-34bf-42f4-a47b-df7a1f26d946
2021-12-22 08:22:33,518 [Command processor thread] INFO  commandhandler.CreatePipelineCommandHandler (CreatePipelineCommandHandler.java:handle(106)) - Created Pipeline RATIS ONE PipelineID=8cdeab8d-34bf-42f4-a47b-df7a1f26d946.
2021-12-22 08:22:33,518 [Command processor thread] INFO  server.RaftServer (RaftServerProxy.java:addNew(95)) - 76f1d3ab-551a-41e2-9590-cf43f9dd4238: addNew group-195BAEDE0F07:[76f1d3ab-551a-41e2-9590-cf43f9dd4238|rpc:10.1.0.28:46491|priority:1, acc7ce84-f107-4bcc-9a9d-7d0d04927ca9|rpc:10.1.0.28:34495|priority:0, c76a0960-210e-464c-8d60-ee8557cfadbb|rpc:10.1.0.28:40875|priority:0] returns group-195BAEDE0F07:java.util.concurrent.CompletableFuture@5bc4885c[Not completed]
2021-12-22 08:22:33,519 [pool-361-thread-1] INFO  server.RaftServer$Division (RaftServerImpl.java:<init>(184)) - 76f1d3ab-551a-41e2-9590-cf43f9dd4238: new RaftServerImpl for group-195BAEDE0F07:[76f1d3ab-551a-41e2-9590-cf43f9dd4238|rpc:10.1.0.28:46491|priority:1, acc7ce84-f107-4bcc-9a9d-7d0d04927ca9|rpc:10.1.0.28:34495|priority:0, c76a0960-210e-464c-8d60-ee8557cfadbb|rpc:10.1.0.28:40875|priority:0] with ContainerStateMachine:uninitialized
2021-12-22 08:22:33,519 [pool-361-thread-1] INFO  server.RaftServerConfigKeys (ConfUtils.java:logGet(44)) - raft.server.rpc.timeout.min = 5s (custom)
2021-12-22 08:22:33,519 [pool-361-thread-1] INFO  server.RaftServerConfigKeys (ConfUtils.java:logGet(44)) - raft.server.rpc.timeout.max = 5200ms (custom)
2021-12-22 08:22:33,519 [pool-361-thread-1] INFO  server.RaftServerConfigKeys (ConfUtils.java:logGet(44)) - raft.server.rpc.sleep.time = 25ms (default)
2021-12-22 08:22:33,519 [pool-361-thread-1] INFO  server.RaftServerConfigKeys (ConfUtils.java:logGet(44)) - raft.server.rpc.slowness.timeout = 300s (custom)
2021-12-22 08:22:33,519 [pool-361-thread-1] INFO  server.RaftServerConfigKeys (ConfUtils.java:logGet(44)) - raft.server.leaderelection.leader.step-down.wait-time = 10s (default)
2021-12-22 08:22:33,520 [pool-361-thread-1] INFO  server.RaftServerConfigKeys (ConfUtils.java:logGet(44)) - raft.server.sleep.deviation.threshold = 300ms (default)
2021-12-22 08:22:33,520 [pool-361-thread-1] INFO  server.RaftServerConfigKeys (ConfUtils.java:logGet(44)) - raft.server.log.appender.install.snapshot.enabled = false (custom)
2021-12-22 08:22:33,520 [pool-361-thread-1] INFO  server.RaftServer$Division (ServerState.java:<init>(105)) - 76f1d3ab-551a-41e2-9590-cf43f9dd4238@group-195BAEDE0F07: ConfigurationManager, init=-1: [76f1d3ab-551a-41e2-9590-cf43f9dd4238|rpc:10.1.0.28:46491|priority:1, acc7ce84-f107-4bcc-9a9d-7d0d04927ca9|rpc:10.1.0.28:34495|priority:0, c76a0960-210e-464c-8d60-ee8557cfadbb|rpc:10.1.0.28:40875|priority:0], old=null, confs=<EMPTY_MAP>
2021-12-22 08:22:33,520 [pool-361-thread-1] INFO  server.RaftServerConfigKeys (ConfUtils.java:logGet(44)) - raft.server.storage.dir = [/home/runner/work/ozone/ozone/hadoop-ozone/integration-test/target/test-dir/MiniOzoneClusterImpl-3dd55103-1821-4ecb-9679-770619bfedda/datanode-1/data/ratis] (custom)
2021-12-22 08:22:33,520 [pool-361-thread-1] INFO  server.RaftServerConfigKeys (ConfUtils.java:logGet(44)) - raft.server.log.corruption.policy = EXCEPTION (default)
2021-12-22 08:22:33,520 [pool-361-thread-1] INFO  server.RaftServerConfigKeys (ConfUtils.java:logGet(44)) - raft.server.storage.free-space.min = 0MB (=0) (default)
2021-12-22 08:22:33,520 [pool-361-thread-1] INFO  storage.RaftStorageDirectory (RaftStorageDirectoryImpl.java:analyzeStorage(135)) - The storage directory /home/runner/work/ozone/ozone/hadoop-ozone/integration-test/target/test-dir/MiniOzoneClusterImpl-3dd55103-1821-4ecb-9679-770619bfedda/datanode-1/data/ratis/0328592f-92d1-48f9-9f13-195baede0f07 does not exist. Creating ...
2021-12-22 08:22:33,521 [pool-340-thread-1] INFO  server.RaftServerConfigKeys (ConfUtils.java:logGet(44)) - raft.server.snapshot.auto.trigger.enabled = true (custom)
2021-12-22 08:22:33,521 [pool-340-thread-1] INFO  server.RaftServerConfigKeys (ConfUtils.java:logGet(44)) - raft.server.snapshot.auto.trigger.threshold = 10000 (custom)
2021-12-22 08:22:33,521 [pool-340-thread-1] INFO  server.RaftServerConfigKeys (ConfUtils.java:logGet(44)) - raft.server.snapshot.retention.file.num = 5 (custom)
2021-12-22 08:22:33,521 [pool-340-thread-1] INFO  server.RaftServerConfigKeys (ConfUtils.java:logGet(44)) - raft.server.log.purge.upto.snapshot.index = false (default)
2021-12-22 08:22:33,521 [pool-340-thread-1] INFO  server.RaftServerConfigKeys (ConfUtils.java:logGet(44)) - raft.server.retrycache.expirytime = 600000ms (custom)
2021-12-22 08:22:33,521 [pool-340-thread-1] INFO  server.RaftServerConfigKeys (ConfUtils.java:logGet(44)) - raft.server.retrycache.statistics.expirytime = 100μs (default)
2021-12-22 08:22:33,522 [pool-340-thread-1] INFO  server.RaftServer$Division (RaftServerImpl.java:start(301)) - c76a0960-210e-464c-8d60-ee8557cfadbb@group-195BAEDE0F07: start as a follower, conf=-1: [76f1d3ab-551a-41e2-9590-cf43f9dd4238|rpc:10.1.0.28:46491|priority:1, acc7ce84-f107-4bcc-9a9d-7d0d04927ca9|rpc:10.1.0.28:34495|priority:0, c76a0960-210e-464c-8d60-ee8557cfadbb|rpc:10.1.0.28:40875|priority:0], old=null
2021-12-22 08:22:33,522 [pool-340-thread-1] INFO  server.RaftServer$Division (RaftServerImpl.java:setRole(290)) - c76a0960-210e-464c-8d60-ee8557cfadbb@group-195BAEDE0F07: changes role from      null to FOLLOWER at term 0 for startAsFollower
2021-12-22 08:22:33,522 [pool-340-thread-1] INFO  impl.RoleInfo (RoleInfo.java:updateAndGet(130)) - c76a0960-210e-464c-8d60-ee8557cfadbb: start c76a0960-210e-464c-8d60-ee8557cfadbb@group-195BAEDE0F07-FollowerState
2021-12-22 08:22:33,522 [pool-361-thread-1] INFO  storage.RaftStorageDirectory (RaftStorageDirectoryImpl.java:tryLock(230)) - Lock on /home/runner/work/ozone/ozone/hadoop-ozone/integration-test/target/test-dir/MiniOzoneClusterImpl-3dd55103-1821-4ecb-9679-770619bfedda/datanode-1/data/ratis/0328592f-92d1-48f9-9f13-195baede0f07/in_use.lock acquired by nodename 16871@fv-az270-32
2021-12-22 08:22:33,524 [pool-361-thread-1] INFO  storage.RaftStorage (RaftStorageImpl.java:format(89)) - Storage directory /home/runner/work/ozone/ozone/hadoop-ozone/integration-test/target/test-dir/MiniOzoneClusterImpl-3dd55103-1821-4ecb-9679-770619bfedda/datanode-1/data/ratis/0328592f-92d1-48f9-9f13-195baede0f07 has been successfully formatted.
2021-12-22 08:22:33,554 [pool-340-thread-1] INFO  util.JmxRegister (JmxRegister.java:tryRegister(44)) - Successfully registered JMX Bean with object name Ratis:service=RaftServer,group=group-195BAEDE0F07,id=c76a0960-210e-464c-8d60-ee8557cfadbb
2021-12-22 08:22:33,561 [pool-361-thread-1] INFO  ratis.ContainerStateMachine (ContainerStateMachine.java:loadSnapshot(231)) - group-195BAEDE0F07: The snapshot info is null. Setting the last applied indexto:(t:0, i:~)
2021-12-22 08:22:33,561 [pool-361-thread-1] INFO  server.RaftServerConfigKeys (ConfUtils.java:logGet(44)) - raft.server.notification.no-leader.timeout = 300s (custom)
2021-12-22 08:22:33,561 [pool-361-thread-1] INFO  server.RaftServerConfigKeys (ConfUtils.java:logGet(44)) - raft.server.log.use.memory = false (default)
2021-12-22 08:22:33,561 [pool-361-thread-1] INFO  server.RaftServerConfigKeys (ConfUtils.java:logGet(44)) - raft.server.log.purge.gap = 1000000 (custom)
2021-12-22 08:22:33,561 [pool-361-thread-1] INFO  server.RaftServerConfigKeys (ConfUtils.java:logGet(44)) - raft.server.log.appender.buffer.byte-limit = 33554432 (custom)
2021-12-22 08:22:33,561 [pool-361-thread-1] INFO  server.RaftServerConfigKeys (ConfUtils.java:logGet(44)) - raft.server.log.segment.size.max = 1048576 (custom)
2021-12-22 08:22:33,562 [Command processor thread] INFO  ratis.XceiverServerRatis (XceiverServerRatis.java:addGroup(768)) - Created group PipelineID=0328592f-92d1-48f9-9f13-195baede0f07
2021-12-22 08:22:33,563 [pool-361-thread-1] INFO  server.RaftServerConfigKeys (ConfUtils.java:logGet(44)) - raft.server.log.segment.cache.num.max = 2 (custom)
2021-12-22 08:22:33,563 [pool-361-thread-1] INFO  server.RaftServerConfigKeys (ConfUtils.java:logGet(44)) - raft.server.log.segment.cache.size.max = 200MB (=209715200) (default)
2021-12-22 08:22:33,564 [pool-361-thread-1] INFO  segmented.SegmentedRaftLogWorker (SegmentedRaftLogWorker.java:<init>(182)) - new 76f1d3ab-551a-41e2-9590-cf43f9dd4238@group-195BAEDE0F07-SegmentedRaftLogWorker for RaftStorageImpl:Storage Directory /home/runner/work/ozone/ozone/hadoop-ozone/integration-test/target/test-dir/MiniOzoneClusterImpl-3dd55103-1821-4ecb-9679-770619bfedda/datanode-1/data/ratis/0328592f-92d1-48f9-9f13-195baede0f07
2021-12-22 08:22:33,564 [pool-361-thread-1] INFO  server.RaftServerConfigKeys (ConfUtils.java:logGet(44)) - raft.server.log.queue.byte-limit = 2147483647 (custom)
2021-12-22 08:22:33,564 [pool-361-thread-1] INFO  server.RaftServerConfigKeys (ConfUtils.java:logGet(44)) - raft.server.log.queue.element-limit = 1024 (custom)
2021-12-22 08:22:33,564 [pool-361-thread-1] INFO  server.RaftServerConfigKeys (ConfUtils.java:logGet(44)) - raft.server.log.segment.size.max = 1048576 (custom)
2021-12-22 08:22:33,564 [pool-361-thread-1] INFO  server.RaftServerConfigKeys (ConfUtils.java:logGet(44)) - raft.server.log.preallocated.size = 16384 (custom)
2021-12-22 08:22:33,564 [pool-361-thread-1] INFO  server.RaftServerConfigKeys (ConfUtils.java:logGet(44)) - raft.server.log.force.sync.num = 128 (default)
2021-12-22 08:22:33,564 [pool-361-thread-1] INFO  server.RaftServerConfigKeys (ConfUtils.java:logGet(44)) - raft.server.log.statemachine.data.sync = true (default)
2021-12-22 08:22:33,564 [pool-361-thread-1] INFO  server.RaftServerConfigKeys (ConfUtils.java:logGet(44)) - raft.server.log.statemachine.data.sync.timeout = 10s (default)
2021-12-22 08:22:33,564 [pool-361-thread-1] INFO  server.RaftServerConfigKeys (ConfUtils.java:logGet(44)) - raft.server.log.statemachine.data.sync.timeout.retry = -1 (default)
2021-12-22 08:22:33,564 [EventQueue-OpenPipelineForHealthyPipelineSafeModeRule] INFO  safemode.SCMSafeModeManager (HealthyPipelineSafeModeRule.java:process(124)) - SCM in safe mode. Healthy pipelines reported count is 0, required healthy pipeline reported count is 1
2021-12-22 08:22:33,565 [pool-361-thread-1] INFO  server.RaftServerConfigKeys (ConfUtils.java:logGet(44)) - raft.server.log.write.buffer.size = 1048576 (custom)
2021-12-22 08:22:33,565 [pool-361-thread-1] INFO  server.RaftServerConfigKeys (ConfUtils.java:logGet(44)) - raft.server.log.statemachine.data.caching.enabled = true (custom)
2021-12-22 08:22:33,566 [pool-361-thread-1] INFO  segmented.SegmentedRaftLogWorker (SegmentedRaftLogWorker.java:lambda$new$0(133)) - 76f1d3ab-551a-41e2-9590-cf43f9dd4238@group-195BAEDE0F07-SegmentedRaftLogWorker: flushIndex: setUnconditionally 0 -> -1
2021-12-22 08:22:33,568 [pool-361-thread-1] INFO  segmented.SegmentedRaftLogWorker (SegmentedRaftLogWorker.java:lambda$new$0(133)) - 76f1d3ab-551a-41e2-9590-cf43f9dd4238@group-195BAEDE0F07-SegmentedRaftLogWorker: safeCacheEvictIndex: setUnconditionally 0 -> -1
2021-12-22 08:22:33,583 [pool-361-thread-1] INFO  server.RaftServerConfigKeys (ConfUtils.java:logGet(44)) - raft.server.snapshot.auto.trigger.enabled = true (custom)
2021-12-22 08:22:33,583 [pool-361-thread-1] INFO  server.RaftServerConfigKeys (ConfUtils.java:logGet(44)) - raft.server.snapshot.auto.trigger.threshold = 10000 (custom)
2021-12-22 08:22:33,583 [pool-361-thread-1] INFO  server.RaftServerConfigKeys (ConfUtils.java:logGet(44)) - raft.server.snapshot.retention.file.num = 5 (custom)
2021-12-22 08:22:33,583 [pool-361-thread-1] INFO  server.RaftServerConfigKeys (ConfUtils.java:logGet(44)) - raft.server.log.purge.upto.snapshot.index = false (default)
2021-12-22 08:22:33,583 [pool-361-thread-1] INFO  server.RaftServerConfigKeys (ConfUtils.java:logGet(44)) - raft.server.retrycache.expirytime = 600000ms (custom)
2021-12-22 08:22:33,583 [pool-361-thread-1] INFO  server.RaftServerConfigKeys (ConfUtils.java:logGet(44)) - raft.server.retrycache.statistics.expirytime = 100μs (default)
2021-12-22 08:22:33,584 [pool-361-thread-1] INFO  server.RaftServer$Division (RaftServerImpl.java:start(301)) - 76f1d3ab-551a-41e2-9590-cf43f9dd4238@group-195BAEDE0F07: start as a follower, conf=-1: [76f1d3ab-551a-41e2-9590-cf43f9dd4238|rpc:10.1.0.28:46491|priority:1, acc7ce84-f107-4bcc-9a9d-7d0d04927ca9|rpc:10.1.0.28:34495|priority:0, c76a0960-210e-464c-8d60-ee8557cfadbb|rpc:10.1.0.28:40875|priority:0], old=null
2021-12-22 08:22:33,584 [pool-361-thread-1] INFO  server.RaftServer$Division (RaftServerImpl.java:setRole(290)) - 76f1d3ab-551a-41e2-9590-cf43f9dd4238@group-195BAEDE0F07: changes role from      null to FOLLOWER at term 0 for startAsFollower
2021-12-22 08:22:33,604 [pool-361-thread-1] INFO  impl.RoleInfo (RoleInfo.java:updateAndGet(130)) - 76f1d3ab-551a-41e2-9590-cf43f9dd4238: start 76f1d3ab-551a-41e2-9590-cf43f9dd4238@group-195BAEDE0F07-FollowerState
2021-12-22 08:22:33,625 [pool-361-thread-1] INFO  util.JmxRegister (JmxRegister.java:tryRegister(44)) - Successfully registered JMX Bean with object name Ratis:service=RaftServer,group=group-195BAEDE0F07,id=76f1d3ab-551a-41e2-9590-cf43f9dd4238
2021-12-22 08:22:33,665 [Command processor thread] INFO  ratis.XceiverServerRatis (XceiverServerRatis.java:addGroup(768)) - Created group PipelineID=0328592f-92d1-48f9-9f13-195baede0f07
2021-12-22 08:22:33,712 [grpc-default-executor-0] INFO  server.RaftServer (RaftServerProxy.java:addNew(95)) - acc7ce84-f107-4bcc-9a9d-7d0d04927ca9: addNew group-195BAEDE0F07:[76f1d3ab-551a-41e2-9590-cf43f9dd4238|rpc:10.1.0.28:46491|dataStream:|priority:1, acc7ce84-f107-4bcc-9a9d-7d0d04927ca9|rpc:10.1.0.28:34495|dataStream:|priority:0, c76a0960-210e-464c-8d60-ee8557cfadbb|rpc:10.1.0.28:40875|dataStream:|priority:0] returns group-195BAEDE0F07:java.util.concurrent.CompletableFuture@597abc3e[Not completed]
2021-12-22 08:22:33,713 [pool-382-thread-1] INFO  server.RaftServer$Division (RaftServerImpl.java:<init>(184)) - acc7ce84-f107-4bcc-9a9d-7d0d04927ca9: new RaftServerImpl for group-195BAEDE0F07:[76f1d3ab-551a-41e2-9590-cf43f9dd4238|rpc:10.1.0.28:46491|dataStream:|priority:1, acc7ce84-f107-4bcc-9a9d-7d0d04927ca9|rpc:10.1.0.28:34495|dataStream:|priority:0, c76a0960-210e-464c-8d60-ee8557cfadbb|rpc:10.1.0.28:40875|dataStream:|priority:0] with ContainerStateMachine:uninitialized
2021-12-22 08:22:33,713 [pool-382-thread-1] INFO  server.RaftServerConfigKeys (ConfUtils.java:logGet(44)) - raft.server.rpc.timeout.min = 5s (custom)
2021-12-22 08:22:33,713 [pool-382-thread-1] INFO  server.RaftServerConfigKeys (ConfUtils.java:logGet(44)) - raft.server.rpc.timeout.max = 5200ms (custom)
2021-12-22 08:22:33,713 [pool-382-thread-1] INFO  server.RaftServerConfigKeys (ConfUtils.java:logGet(44)) - raft.server.rpc.sleep.time = 25ms (default)
2021-12-22 08:22:33,713 [pool-382-thread-1] INFO  server.RaftServerConfigKeys (ConfUtils.java:logGet(44)) - raft.server.rpc.slowness.timeout = 300s (custom)
2021-12-22 08:22:33,713 [pool-382-thread-1] INFO  server.RaftServerConfigKeys (ConfUtils.java:logGet(44)) - raft.server.leaderelection.leader.step-down.wait-time = 10s (default)
2021-12-22 08:22:33,713 [pool-382-thread-1] INFO  server.RaftServerConfigKeys (ConfUtils.java:logGet(44)) - raft.server.sleep.deviation.threshold = 300ms (default)
2021-12-22 08:22:33,714 [pool-382-thread-1] INFO  server.RaftServerConfigKeys (ConfUtils.java:logGet(44)) - raft.server.log.appender.install.snapshot.enabled = false (custom)
2021-12-22 08:22:33,714 [pool-382-thread-1] INFO  server.RaftServer$Division (ServerState.java:<init>(105)) - acc7ce84-f107-4bcc-9a9d-7d0d04927ca9@group-195BAEDE0F07: ConfigurationManager, init=-1: [76f1d3ab-551a-41e2-9590-cf43f9dd4238|rpc:10.1.0.28:46491|dataStream:|priority:1, acc7ce84-f107-4bcc-9a9d-7d0d04927ca9|rpc:10.1.0.28:34495|dataStream:|priority:0, c76a0960-210e-464c-8d60-ee8557cfadbb|rpc:10.1.0.28:40875|dataStream:|priority:0], old=null, confs=<EMPTY_MAP>
2021-12-22 08:22:33,714 [pool-382-thread-1] INFO  server.RaftServerConfigKeys (ConfUtils.java:logGet(44)) - raft.server.storage.dir = [/home/runner/work/ozone/ozone/hadoop-ozone/integration-test/target/test-dir/MiniOzoneClusterImpl-3dd55103-1821-4ecb-9679-770619bfedda/datanode-2/data/ratis] (custom)
2021-12-22 08:22:33,714 [pool-382-thread-1] INFO  server.RaftServerConfigKeys (ConfUtils.java:logGet(44)) - raft.server.log.corruption.policy = EXCEPTION (default)
2021-12-22 08:22:33,714 [pool-382-thread-1] INFO  server.RaftServerConfigKeys (ConfUtils.java:logGet(44)) - raft.server.storage.free-space.min = 0MB (=0) (default)
2021-12-22 08:22:33,714 [pool-382-thread-1] INFO  storage.RaftStorageDirectory (RaftStorageDirectoryImpl.java:analyzeStorage(135)) - The storage directory /home/runner/work/ozone/ozone/hadoop-ozone/integration-test/target/test-dir/MiniOzoneClusterImpl-3dd55103-1821-4ecb-9679-770619bfedda/datanode-2/data/ratis/0328592f-92d1-48f9-9f13-195baede0f07 does not exist. Creating ...
2021-12-22 08:22:33,718 [pool-382-thread-1] INFO  storage.RaftStorageDirectory (RaftStorageDirectoryImpl.java:tryLock(230)) - Lock on /home/runner/work/ozone/ozone/hadoop-ozone/integration-test/target/test-dir/MiniOzoneClusterImpl-3dd55103-1821-4ecb-9679-770619bfedda/datanode-2/data/ratis/0328592f-92d1-48f9-9f13-195baede0f07/in_use.lock acquired by nodename 16871@fv-az270-32
2021-12-22 08:22:33,723 [pool-382-thread-1] INFO  storage.RaftStorage (RaftStorageImpl.java:format(89)) - Storage directory /home/runner/work/ozone/ozone/hadoop-ozone/integration-test/target/test-dir/MiniOzoneClusterImpl-3dd55103-1821-4ecb-9679-770619bfedda/datanode-2/data/ratis/0328592f-92d1-48f9-9f13-195baede0f07 has been successfully formatted.
2021-12-22 08:22:33,726 [pool-382-thread-1] INFO  ratis.ContainerStateMachine (ContainerStateMachine.java:loadSnapshot(231)) - group-195BAEDE0F07: The snapshot info is null. Setting the last applied indexto:(t:0, i:~)
2021-12-22 08:22:33,742 [pool-382-thread-1] INFO  server.RaftServerConfigKeys (ConfUtils.java:logGet(44)) - raft.server.notification.no-leader.timeout = 300s (custom)
2021-12-22 08:22:33,742 [pool-382-thread-1] INFO  server.RaftServerConfigKeys (ConfUtils.java:logGet(44)) - raft.server.log.use.memory = false (default)
2021-12-22 08:22:33,742 [pool-382-thread-1] INFO  server.RaftServerConfigKeys (ConfUtils.java:logGet(44)) - raft.server.log.purge.gap = 1000000 (custom)
2021-12-22 08:22:33,742 [pool-382-thread-1] INFO  server.RaftServerConfigKeys (ConfUtils.java:logGet(44)) - raft.server.log.appender.buffer.byte-limit = 33554432 (custom)
2021-12-22 08:22:33,742 [pool-382-thread-1] INFO  server.RaftServerConfigKeys (ConfUtils.java:logGet(44)) - raft.server.log.segment.size.max = 1048576 (custom)
2021-12-22 08:22:33,743 [pool-382-thread-1] INFO  server.RaftServerConfigKeys (ConfUtils.java:logGet(44)) - raft.server.log.segment.cache.num.max = 2 (custom)
2021-12-22 08:22:33,743 [pool-382-thread-1] INFO  server.RaftServerConfigKeys (ConfUtils.java:logGet(44)) - raft.server.log.segment.cache.size.max = 200MB (=209715200) (default)
2021-12-22 08:22:33,743 [pool-382-thread-1] INFO  segmented.SegmentedRaftLogWorker (SegmentedRaftLogWorker.java:<init>(182)) - new acc7ce84-f107-4bcc-9a9d-7d0d04927ca9@group-195BAEDE0F07-SegmentedRaftLogWorker for RaftStorageImpl:Storage Directory /home/runner/work/ozone/ozone/hadoop-ozone/integration-test/target/test-dir/MiniOzoneClusterImpl-3dd55103-1821-4ecb-9679-770619bfedda/datanode-2/data/ratis/0328592f-92d1-48f9-9f13-195baede0f07
2021-12-22 08:22:33,743 [pool-382-thread-1] INFO  server.RaftServerConfigKeys (ConfUtils.java:logGet(44)) - raft.server.log.queue.byte-limit = 2147483647 (custom)
2021-12-22 08:22:33,743 [pool-382-thread-1] INFO  server.RaftServerConfigKeys (ConfUtils.java:logGet(44)) - raft.server.log.queue.element-limit = 1024 (custom)
2021-12-22 08:22:33,743 [pool-382-thread-1] INFO  server.RaftServerConfigKeys (ConfUtils.java:logGet(44)) - raft.server.log.segment.size.max = 1048576 (custom)
2021-12-22 08:22:33,743 [pool-382-thread-1] INFO  server.RaftServerConfigKeys (ConfUtils.java:logGet(44)) - raft.server.log.preallocated.size = 16384 (custom)
2021-12-22 08:22:33,743 [pool-382-thread-1] INFO  server.RaftServerConfigKeys (ConfUtils.java:logGet(44)) - raft.server.log.force.sync.num = 128 (default)
2021-12-22 08:22:33,743 [pool-382-thread-1] INFO  server.RaftServerConfigKeys (ConfUtils.java:logGet(44)) - raft.server.log.statemachine.data.sync = true (default)
2021-12-22 08:22:33,743 [pool-382-thread-1] INFO  server.RaftServerConfigKeys (ConfUtils.java:logGet(44)) - raft.server.log.statemachine.data.sync.timeout = 10s (default)
2021-12-22 08:22:33,743 [pool-382-thread-1] INFO  server.RaftServerConfigKeys (ConfUtils.java:logGet(44)) - raft.server.log.statemachine.data.sync.timeout.retry = -1 (default)
2021-12-22 08:22:33,744 [pool-382-thread-1] INFO  server.RaftServerConfigKeys (ConfUtils.java:logGet(44)) - raft.server.log.write.buffer.size = 1048576 (custom)
2021-12-22 08:22:33,745 [pool-382-thread-1] INFO  server.RaftServerConfigKeys (ConfUtils.java:logGet(44)) - raft.server.log.statemachine.data.caching.enabled = true (custom)
2021-12-22 08:22:33,745 [pool-382-thread-1] INFO  segmented.SegmentedRaftLogWorker (SegmentedRaftLogWorker.java:lambda$new$0(133)) - acc7ce84-f107-4bcc-9a9d-7d0d04927ca9@group-195BAEDE0F07-SegmentedRaftLogWorker: flushIndex: setUnconditionally 0 -> -1
2021-12-22 08:22:33,745 [pool-382-thread-1] INFO  segmented.SegmentedRaftLogWorker (SegmentedRaftLogWorker.java:lambda$new$0(133)) - acc7ce84-f107-4bcc-9a9d-7d0d04927ca9@group-195BAEDE0F07-SegmentedRaftLogWorker: safeCacheEvictIndex: setUnconditionally 0 -> -1
2021-12-22 08:22:33,758 [pool-382-thread-1] INFO  server.RaftServerConfigKeys (ConfUtils.java:logGet(44)) - raft.server.snapshot.auto.trigger.enabled = true (custom)
2021-12-22 08:22:33,758 [pool-382-thread-1] INFO  server.RaftServerConfigKeys (ConfUtils.java:logGet(44)) - raft.server.snapshot.auto.trigger.threshold = 10000 (custom)
2021-12-22 08:22:33,758 [pool-382-thread-1] INFO  server.RaftServerConfigKeys (ConfUtils.java:logGet(44)) - raft.server.snapshot.retention.file.num = 5 (custom)
2021-12-22 08:22:33,758 [pool-382-thread-1] INFO  server.RaftServerConfigKeys (ConfUtils.java:logGet(44)) - raft.server.log.purge.upto.snapshot.index = false (default)
2021-12-22 08:22:33,758 [pool-382-thread-1] INFO  server.RaftServerConfigKeys (ConfUtils.java:logGet(44)) - raft.server.retrycache.expirytime = 600000ms (custom)
2021-12-22 08:22:33,758 [pool-382-thread-1] INFO  server.RaftServerConfigKeys (ConfUtils.java:logGet(44)) - raft.server.retrycache.statistics.expirytime = 100μs (default)
2021-12-22 08:22:33,759 [pool-382-thread-1] INFO  server.RaftServer$Division (RaftServerImpl.java:start(301)) - acc7ce84-f107-4bcc-9a9d-7d0d04927ca9@group-195BAEDE0F07: start as a follower, conf=-1: [76f1d3ab-551a-41e2-9590-cf43f9dd4238|rpc:10.1.0.28:46491|dataStream:|priority:1, acc7ce84-f107-4bcc-9a9d-7d0d04927ca9|rpc:10.1.0.28:34495|dataStream:|priority:0, c76a0960-210e-464c-8d60-ee8557cfadbb|rpc:10.1.0.28:40875|dataStream:|priority:0], old=null
2021-12-22 08:22:33,759 [pool-382-thread-1] INFO  server.RaftServer$Division (RaftServerImpl.java:setRole(290)) - acc7ce84-f107-4bcc-9a9d-7d0d04927ca9@group-195BAEDE0F07: changes role from      null to FOLLOWER at term 0 for startAsFollower
2021-12-22 08:22:33,759 [pool-382-thread-1] INFO  impl.RoleInfo (RoleInfo.java:updateAndGet(130)) - acc7ce84-f107-4bcc-9a9d-7d0d04927ca9: start acc7ce84-f107-4bcc-9a9d-7d0d04927ca9@group-195BAEDE0F07-FollowerState
2021-12-22 08:22:33,778 [pool-382-thread-1] INFO  util.JmxRegister (JmxRegister.java:tryRegister(44)) - Successfully registered JMX Bean with object name Ratis:service=RaftServer,group=group-195BAEDE0F07,id=acc7ce84-f107-4bcc-9a9d-7d0d04927ca9
2021-12-22 08:22:33,845 [Listener at 127.0.0.1/41155] INFO  ozone.MiniOzoneClusterImpl (MiniOzoneClusterImpl.java:lambda$waitForClusterToBeReady$0(235)) - Nodes are ready. Got 3 of 3 DN Heartbeats.
2021-12-22 08:22:33,845 [Listener at 127.0.0.1/41155] INFO  ozone.MiniOzoneClusterImpl (MiniOzoneClusterImpl.java:lambda$waitForClusterToBeReady$0(238)) - Waiting for cluster to exit safe mode
2021-12-22 08:22:33,845 [Listener at 127.0.0.1/41155] INFO  ozone.MiniOzoneClusterImpl (MiniOzoneClusterImpl.java:lambda$waitForClusterToBeReady$0(240)) - SCM became leader
2021-12-22 08:22:33,863 [Command processor thread] INFO  server.RaftServer (RaftServerProxy.java:addNew(95)) - acc7ce84-f107-4bcc-9a9d-7d0d04927ca9: addNew group-D7F07C3E3588:[acc7ce84-f107-4bcc-9a9d-7d0d04927ca9|rpc:10.1.0.28:34495|priority:1] returns group-D7F07C3E3588:java.util.concurrent.CompletableFuture@3640a714[Not completed]
2021-12-22 08:22:33,966 [Command processor thread] INFO  commandhandler.CreatePipelineCommandHandler (CreatePipelineCommandHandler.java:handle(106)) - Created Pipeline RATIS THREE PipelineID=0328592f-92d1-48f9-9f13-195baede0f07.
2021-12-22 08:22:34,036 [Command processor thread] INFO  commandhandler.CreatePipelineCommandHandler (CreatePipelineCommandHandler.java:handle(106)) - Created Pipeline RATIS THREE PipelineID=0328592f-92d1-48f9-9f13-195baede0f07.
2021-12-22 08:22:34,067 [pool-382-thread-1] INFO  server.RaftServer$Division (RaftServerImpl.java:<init>(184)) - acc7ce84-f107-4bcc-9a9d-7d0d04927ca9: new RaftServerImpl for group-D7F07C3E3588:[acc7ce84-f107-4bcc-9a9d-7d0d04927ca9|rpc:10.1.0.28:34495|priority:1] with ContainerStateMachine:uninitialized
2021-12-22 08:22:34,067 [pool-382-thread-1] INFO  server.RaftServerConfigKeys (ConfUtils.java:logGet(44)) - raft.server.rpc.timeout.min = 5s (custom)
2021-12-22 08:22:34,067 [pool-382-thread-1] INFO  server.RaftServerConfigKeys (ConfUtils.java:logGet(44)) - raft.server.rpc.timeout.max = 5200ms (custom)
2021-12-22 08:22:34,067 [pool-382-thread-1] INFO  server.RaftServerConfigKeys (ConfUtils.java:logGet(44)) - raft.server.rpc.sleep.time = 25ms (default)
2021-12-22 08:22:34,067 [pool-382-thread-1] INFO  server.RaftServerConfigKeys (ConfUtils.java:logGet(44)) - raft.server.rpc.slowness.timeout = 300s (custom)
2021-12-22 08:22:34,067 [pool-382-thread-1] INFO  server.RaftServerConfigKeys (ConfUtils.java:logGet(44)) - raft.server.leaderelection.leader.step-down.wait-time = 10s (default)
2021-12-22 08:22:34,067 [pool-382-thread-1] INFO  server.RaftServerConfigKeys (ConfUtils.java:logGet(44)) - raft.server.sleep.deviation.threshold = 300ms (default)
2021-12-22 08:22:34,067 [pool-382-thread-1] INFO  server.RaftServerConfigKeys (ConfUtils.java:logGet(44)) - raft.server.log.appender.install.snapshot.enabled = false (custom)
2021-12-22 08:22:34,067 [pool-382-thread-1] INFO  server.RaftServer$Division (ServerState.java:<init>(105)) - acc7ce84-f107-4bcc-9a9d-7d0d04927ca9@group-D7F07C3E3588: ConfigurationManager, init=-1: [acc7ce84-f107-4bcc-9a9d-7d0d04927ca9|rpc:10.1.0.28:34495|priority:1], old=null, confs=<EMPTY_MAP>
2021-12-22 08:22:34,067 [pool-382-thread-1] INFO  server.RaftServerConfigKeys (ConfUtils.java:logGet(44)) - raft.server.storage.dir = [/home/runner/work/ozone/ozone/hadoop-ozone/integration-test/target/test-dir/MiniOzoneClusterImpl-3dd55103-1821-4ecb-9679-770619bfedda/datanode-2/data/ratis] (custom)
2021-12-22 08:22:34,067 [pool-382-thread-1] INFO  server.RaftServerConfigKeys (ConfUtils.java:logGet(44)) - raft.server.log.corruption.policy = EXCEPTION (default)
2021-12-22 08:22:34,067 [pool-382-thread-1] INFO  server.RaftServerConfigKeys (ConfUtils.java:logGet(44)) - raft.server.storage.free-space.min = 0MB (=0) (default)
2021-12-22 08:22:34,068 [pool-382-thread-1] INFO  storage.RaftStorageDirectory (RaftStorageDirectoryImpl.java:analyzeStorage(135)) - The storage directory /home/runner/work/ozone/ozone/hadoop-ozone/integration-test/target/test-dir/MiniOzoneClusterImpl-3dd55103-1821-4ecb-9679-770619bfedda/datanode-2/data/ratis/082e80b7-2716-4a87-8cd5-d7f07c3e3588 does not exist. Creating ...
2021-12-22 08:22:34,069 [pool-382-thread-1] INFO  storage.RaftStorageDirectory (RaftStorageDirectoryImpl.java:tryLock(230)) - Lock on /home/runner/work/ozone/ozone/hadoop-ozone/integration-test/target/test-dir/MiniOzoneClusterImpl-3dd55103-1821-4ecb-9679-770619bfedda/datanode-2/data/ratis/082e80b7-2716-4a87-8cd5-d7f07c3e3588/in_use.lock acquired by nodename 16871@fv-az270-32
2021-12-22 08:22:34,086 [pool-382-thread-1] INFO  storage.RaftStorage (RaftStorageImpl.java:format(89)) - Storage directory /home/runner/work/ozone/ozone/hadoop-ozone/integration-test/target/test-dir/MiniOzoneClusterImpl-3dd55103-1821-4ecb-9679-770619bfedda/datanode-2/data/ratis/082e80b7-2716-4a87-8cd5-d7f07c3e3588 has been successfully formatted.
2021-12-22 08:22:34,086 [pool-382-thread-1] INFO  ratis.ContainerStateMachine (ContainerStateMachine.java:loadSnapshot(231)) - group-D7F07C3E3588: The snapshot info is null. Setting the last applied indexto:(t:0, i:~)
2021-12-22 08:22:34,103 [pool-382-thread-1] INFO  server.RaftServerConfigKeys (ConfUtils.java:logGet(44)) - raft.server.notification.no-leader.timeout = 300s (custom)
2021-12-22 08:22:34,103 [pool-382-thread-1] INFO  server.RaftServerConfigKeys (ConfUtils.java:logGet(44)) - raft.server.log.use.memory = false (default)
2021-12-22 08:22:34,103 [pool-382-thread-1] INFO  server.RaftServerConfigKeys (ConfUtils.java:logGet(44)) - raft.server.log.purge.gap = 1000000 (custom)
2021-12-22 08:22:34,103 [pool-382-thread-1] INFO  server.RaftServerConfigKeys (ConfUtils.java:logGet(44)) - raft.server.log.appender.buffer.byte-limit = 33554432 (custom)
2021-12-22 08:22:34,103 [pool-382-thread-1] INFO  server.RaftServerConfigKeys (ConfUtils.java:logGet(44)) - raft.server.log.segment.size.max = 1048576 (custom)
2021-12-22 08:22:34,104 [EventQueue-PipelineReportForPipelineReportHandler] INFO  pipeline.PipelineManagerImpl (PipelineManagerImpl.java:openPipeline(291)) - Pipeline Pipeline[ Id: 082e80b7-2716-4a87-8cd5-d7f07c3e3588, Nodes: acc7ce84-f107-4bcc-9a9d-7d0d04927ca9{ip: 10.1.0.28, host: fv-az270-32.tacnzluakwdehk1hpragurqkma.bx.internal.cloudapp.net, ports: [REPLICATION=38605, RATIS=34495, RATIS_ADMIN=34495, RATIS_SERVER=34495, STANDALONE=45087], networkLocation: /default-rack, certSerialId: null, persistedOpState: IN_SERVICE, persistedOpStateExpiryEpochSec: 0}, ReplicationConfig: RATIS/ONE, State:ALLOCATED, leaderId:acc7ce84-f107-4bcc-9a9d-7d0d04927ca9, CreationTimestamp2021-12-22T08:22:30.883Z[Etc/UTC]] moved to OPEN state
2021-12-22 08:22:34,104 [pool-382-thread-1] INFO  server.RaftServerConfigKeys (ConfUtils.java:logGet(44)) - raft.server.log.segment.cache.num.max = 2 (custom)
2021-12-22 08:22:34,104 [pool-382-thread-1] INFO  server.RaftServerConfigKeys (ConfUtils.java:logGet(44)) - raft.server.log.segment.cache.size.max = 200MB (=209715200) (default)
2021-12-22 08:22:34,104 [pool-382-thread-1] INFO  segmented.SegmentedRaftLogWorker (SegmentedRaftLogWorker.java:<init>(182)) - new acc7ce84-f107-4bcc-9a9d-7d0d04927ca9@group-D7F07C3E3588-SegmentedRaftLogWorker for RaftStorageImpl:Storage Directory /home/runner/work/ozone/ozone/hadoop-ozone/integration-test/target/test-dir/MiniOzoneClusterImpl-3dd55103-1821-4ecb-9679-770619bfedda/datanode-2/data/ratis/082e80b7-2716-4a87-8cd5-d7f07c3e3588
2021-12-22 08:22:34,104 [pool-382-thread-1] INFO  server.RaftServerConfigKeys (ConfUtils.java:logGet(44)) - raft.server.log.queue.byte-limit = 2147483647 (custom)
2021-12-22 08:22:34,104 [pool-382-thread-1] INFO  server.RaftServerConfigKeys (ConfUtils.java:logGet(44)) - raft.server.log.queue.element-limit = 1024 (custom)
2021-12-22 08:22:34,104 [pool-382-thread-1] INFO  server.RaftServerConfigKeys (ConfUtils.java:logGet(44)) - raft.server.log.segment.size.max = 1048576 (custom)
2021-12-22 08:22:34,104 [EventQueue-OpenPipelineForHealthyPipelineSafeModeRule] INFO  safemode.SCMSafeModeManager (HealthyPipelineSafeModeRule.java:process(124)) - SCM in safe mode. Healthy pipelines reported count is 0, required healthy pipeline reported count is 1
2021-12-22 08:22:34,104 [pool-382-thread-1] INFO  server.RaftServerConfigKeys (ConfUtils.java:logGet(44)) - raft.server.log.preallocated.size = 16384 (custom)
2021-12-22 08:22:34,123 [pool-382-thread-1] INFO  server.RaftServerConfigKeys (ConfUtils.java:logGet(44)) - raft.server.log.force.sync.num = 128 (default)
2021-12-22 08:22:34,123 [pool-382-thread-1] INFO  server.RaftServerConfigKeys (ConfUtils.java:logGet(44)) - raft.server.log.statemachine.data.sync = true (default)
2021-12-22 08:22:34,123 [pool-382-thread-1] INFO  server.RaftServerConfigKeys (ConfUtils.java:logGet(44)) - raft.server.log.statemachine.data.sync.timeout = 10s (default)
2021-12-22 08:22:34,123 [pool-382-thread-1] INFO  server.RaftServerConfigKeys (ConfUtils.java:logGet(44)) - raft.server.log.statemachine.data.sync.timeout.retry = -1 (default)
2021-12-22 08:22:34,124 [pool-382-thread-1] INFO  server.RaftServerConfigKeys (ConfUtils.java:logGet(44)) - raft.server.log.write.buffer.size = 1048576 (custom)
2021-12-22 08:22:34,124 [pool-382-thread-1] INFO  server.RaftServerConfigKeys (ConfUtils.java:logGet(44)) - raft.server.log.statemachine.data.caching.enabled = true (custom)
2021-12-22 08:22:34,125 [pool-382-thread-1] INFO  segmented.SegmentedRaftLogWorker (SegmentedRaftLogWorker.java:lambda$new$0(133)) - acc7ce84-f107-4bcc-9a9d-7d0d04927ca9@group-D7F07C3E3588-SegmentedRaftLogWorker: flushIndex: setUnconditionally 0 -> -1
2021-12-22 08:22:34,125 [pool-382-thread-1] INFO  segmented.SegmentedRaftLogWorker (SegmentedRaftLogWorker.java:lambda$new$0(133)) - acc7ce84-f107-4bcc-9a9d-7d0d04927ca9@group-D7F07C3E3588-SegmentedRaftLogWorker: safeCacheEvictIndex: setUnconditionally 0 -> -1
2021-12-22 08:22:34,130 [pool-382-thread-1] INFO  server.RaftServerConfigKeys (ConfUtils.java:logGet(44)) - raft.server.snapshot.auto.trigger.enabled = true (custom)
2021-12-22 08:22:34,130 [pool-382-thread-1] INFO  server.RaftServerConfigKeys (ConfUtils.java:logGet(44)) - raft.server.snapshot.auto.trigger.threshold = 10000 (custom)
2021-12-22 08:22:34,130 [pool-382-thread-1] INFO  server.RaftServerConfigKeys (ConfUtils.java:logGet(44)) - raft.server.snapshot.retention.file.num = 5 (custom)
2021-12-22 08:22:34,130 [pool-382-thread-1] INFO  server.RaftServerConfigKeys (ConfUtils.java:logGet(44)) - raft.server.log.purge.upto.snapshot.index = false (default)
2021-12-22 08:22:34,130 [pool-382-thread-1] INFO  server.RaftServerConfigKeys (ConfUtils.java:logGet(44)) - raft.server.retrycache.expirytime = 600000ms (custom)
2021-12-22 08:22:34,130 [pool-382-thread-1] INFO  server.RaftServerConfigKeys (ConfUtils.java:logGet(44)) - raft.server.retrycache.statistics.expirytime = 100μs (default)
2021-12-22 08:22:34,131 [pool-382-thread-1] INFO  server.RaftServer$Division (RaftServerImpl.java:start(301)) - acc7ce84-f107-4bcc-9a9d-7d0d04927ca9@group-D7F07C3E3588: start as a follower, conf=-1: [acc7ce84-f107-4bcc-9a9d-7d0d04927ca9|rpc:10.1.0.28:34495|priority:1], old=null
2021-12-22 08:22:34,133 [pool-382-thread-1] INFO  server.RaftServer$Division (RaftServerImpl.java:setRole(290)) - acc7ce84-f107-4bcc-9a9d-7d0d04927ca9@group-D7F07C3E3588: changes role from      null to FOLLOWER at term 0 for startAsFollower
2021-12-22 08:22:34,133 [pool-382-thread-1] INFO  impl.RoleInfo (RoleInfo.java:updateAndGet(130)) - acc7ce84-f107-4bcc-9a9d-7d0d04927ca9: start acc7ce84-f107-4bcc-9a9d-7d0d04927ca9@group-D7F07C3E3588-FollowerState
2021-12-22 08:22:34,153 [pool-382-thread-1] INFO  util.JmxRegister (JmxRegister.java:tryRegister(44)) - Successfully registered JMX Bean with object name Ratis:service=RaftServer,group=group-D7F07C3E3588,id=acc7ce84-f107-4bcc-9a9d-7d0d04927ca9
2021-12-22 08:22:34,154 [Command processor thread] INFO  ratis.XceiverServerRatis (XceiverServerRatis.java:addGroup(768)) - Created group PipelineID=082e80b7-2716-4a87-8cd5-d7f07c3e3588
2021-12-22 08:22:34,154 [Command processor thread] INFO  commandhandler.CreatePipelineCommandHandler (CreatePipelineCommandHandler.java:handle(106)) - Created Pipeline RATIS ONE PipelineID=082e80b7-2716-4a87-8cd5-d7f07c3e3588.
2021-12-22 08:22:34,846 [Listener at 127.0.0.1/41155] INFO  ozone.MiniOzoneClusterImpl (MiniOzoneClusterImpl.java:lambda$waitForClusterToBeReady$0(235)) - Nodes are ready. Got 3 of 3 DN Heartbeats.
2021-12-22 08:22:34,846 [Listener at 127.0.0.1/41155] INFO  ozone.MiniOzoneClusterImpl (MiniOzoneClusterImpl.java:lambda$waitForClusterToBeReady$0(238)) - Waiting for cluster to exit safe mode
2021-12-22 08:22:34,846 [Listener at 127.0.0.1/41155] INFO  ozone.MiniOzoneClusterImpl (MiniOzoneClusterImpl.java:lambda$waitForClusterToBeReady$0(240)) - SCM became leader
2021-12-22 08:22:35,846 [Listener at 127.0.0.1/41155] INFO  ozone.MiniOzoneClusterImpl (MiniOzoneClusterImpl.java:lambda$waitForClusterToBeReady$0(235)) - Nodes are ready. Got 3 of 3 DN Heartbeats.
2021-12-22 08:22:35,846 [Listener at 127.0.0.1/41155] INFO  ozone.MiniOzoneClusterImpl (MiniOzoneClusterImpl.java:lambda$waitForClusterToBeReady$0(238)) - Waiting for cluster to exit safe mode
2021-12-22 08:22:35,846 [Listener at 127.0.0.1/41155] INFO  ozone.MiniOzoneClusterImpl (MiniOzoneClusterImpl.java:lambda$waitForClusterToBeReady$0(240)) - SCM became leader
2021-12-22 08:22:36,847 [Listener at 127.0.0.1/41155] INFO  ozone.MiniOzoneClusterImpl (MiniOzoneClusterImpl.java:lambda$waitForClusterToBeReady$0(235)) - Nodes are ready. Got 3 of 3 DN Heartbeats.
2021-12-22 08:22:36,847 [Listener at 127.0.0.1/41155] INFO  ozone.MiniOzoneClusterImpl (MiniOzoneClusterImpl.java:lambda$waitForClusterToBeReady$0(238)) - Waiting for cluster to exit safe mode
2021-12-22 08:22:36,847 [Listener at 127.0.0.1/41155] INFO  ozone.MiniOzoneClusterImpl (MiniOzoneClusterImpl.java:lambda$waitForClusterToBeReady$0(240)) - SCM became leader
2021-12-22 08:22:37,847 [Listener at 127.0.0.1/41155] INFO  ozone.MiniOzoneClusterImpl (MiniOzoneClusterImpl.java:lambda$waitForClusterToBeReady$0(235)) - Nodes are ready. Got 3 of 3 DN Heartbeats.
2021-12-22 08:22:37,848 [Listener at 127.0.0.1/41155] INFO  ozone.MiniOzoneClusterImpl (MiniOzoneClusterImpl.java:lambda$waitForClusterToBeReady$0(238)) - Waiting for cluster to exit safe mode
2021-12-22 08:22:37,848 [Listener at 127.0.0.1/41155] INFO  ozone.MiniOzoneClusterImpl (MiniOzoneClusterImpl.java:lambda$waitForClusterToBeReady$0(240)) - SCM became leader
2021-12-22 08:22:38,064 [c76a0960-210e-464c-8d60-ee8557cfadbb@group-3833EFCD79BA-FollowerState] INFO  impl.FollowerState (FollowerState.java:run(134)) - c76a0960-210e-464c-8d60-ee8557cfadbb@group-3833EFCD79BA-FollowerState: change to CANDIDATE, lastRpcElapsedTime:5040558822ns, electionTimeout:5026ms
2021-12-22 08:22:38,064 [c76a0960-210e-464c-8d60-ee8557cfadbb@group-3833EFCD79BA-FollowerState] INFO  impl.RoleInfo (RoleInfo.java:shutdownFollowerState(108)) - c76a0960-210e-464c-8d60-ee8557cfadbb: shutdown c76a0960-210e-464c-8d60-ee8557cfadbb@group-3833EFCD79BA-FollowerState
2021-12-22 08:22:38,064 [c76a0960-210e-464c-8d60-ee8557cfadbb@group-3833EFCD79BA-FollowerState] INFO  server.RaftServer$Division (RaftServerImpl.java:setRole(290)) - c76a0960-210e-464c-8d60-ee8557cfadbb@group-3833EFCD79BA: changes role from  FOLLOWER to CANDIDATE at term 0 for changeToCandidate
2021-12-22 08:22:38,064 [c76a0960-210e-464c-8d60-ee8557cfadbb@group-3833EFCD79BA-FollowerState] INFO  server.RaftServerConfigKeys (ConfUtils.java:logGet(44)) - raft.server.leaderelection.pre-vote = false (custom)
2021-12-22 08:22:38,064 [c76a0960-210e-464c-8d60-ee8557cfadbb@group-3833EFCD79BA-FollowerState] INFO  impl.RoleInfo (RoleInfo.java:updateAndGet(130)) - c76a0960-210e-464c-8d60-ee8557cfadbb: start c76a0960-210e-464c-8d60-ee8557cfadbb@group-3833EFCD79BA-LeaderElection25
2021-12-22 08:22:38,094 [c76a0960-210e-464c-8d60-ee8557cfadbb@group-3833EFCD79BA-LeaderElection25] INFO  impl.LeaderElection (LeaderElection.java:askForVotes(306)) - c76a0960-210e-464c-8d60-ee8557cfadbb@group-3833EFCD79BA-LeaderElection25 ELECTION round 0: submit vote requests at term 1 for -1: [76f1d3ab-551a-41e2-9590-cf43f9dd4238|rpc:10.1.0.28:46491|priority:0, c76a0960-210e-464c-8d60-ee8557cfadbb|rpc:10.1.0.28:40875|priority:0, acc7ce84-f107-4bcc-9a9d-7d0d04927ca9|rpc:10.1.0.28:34495|priority:1], old=null
2021-12-22 08:22:38,119 [c76a0960-210e-464c-8d60-ee8557cfadbb@group-0F3AA65AC2C7-FollowerState] INFO  impl.FollowerState (FollowerState.java:run(134)) - c76a0960-210e-464c-8d60-ee8557cfadbb@group-0F3AA65AC2C7-FollowerState: change to CANDIDATE, lastRpcElapsedTime:5148441608ns, electionTimeout:5125ms
2021-12-22 08:22:38,120 [c76a0960-210e-464c-8d60-ee8557cfadbb@group-0F3AA65AC2C7-FollowerState] INFO  impl.RoleInfo (RoleInfo.java:shutdownFollowerState(108)) - c76a0960-210e-464c-8d60-ee8557cfadbb: shutdown c76a0960-210e-464c-8d60-ee8557cfadbb@group-0F3AA65AC2C7-FollowerState
2021-12-22 08:22:38,120 [c76a0960-210e-464c-8d60-ee8557cfadbb@group-0F3AA65AC2C7-FollowerState] INFO  server.RaftServer$Division (RaftServerImpl.java:setRole(290)) - c76a0960-210e-464c-8d60-ee8557cfadbb@group-0F3AA65AC2C7: changes role from  FOLLOWER to CANDIDATE at term 0 for changeToCandidate
2021-12-22 08:22:38,130 [c76a0960-210e-464c-8d60-ee8557cfadbb@group-0F3AA65AC2C7-FollowerState] INFO  server.RaftServerConfigKeys (ConfUtils.java:logGet(44)) - raft.server.leaderelection.pre-vote = false (custom)
2021-12-22 08:22:38,130 [c76a0960-210e-464c-8d60-ee8557cfadbb@group-0F3AA65AC2C7-FollowerState] INFO  impl.RoleInfo (RoleInfo.java:updateAndGet(130)) - c76a0960-210e-464c-8d60-ee8557cfadbb: start c76a0960-210e-464c-8d60-ee8557cfadbb@group-0F3AA65AC2C7-LeaderElection26
2021-12-22 08:22:38,159 [grpc-default-executor-1] INFO  server.RaftServer$Division (RaftServerImpl.java:requestVote(1046)) - 76f1d3ab-551a-41e2-9590-cf43f9dd4238@group-3833EFCD79BA: receive requestVote(ELECTION, c76a0960-210e-464c-8d60-ee8557cfadbb, group-3833EFCD79BA, 1, (t:0, i:0))
2021-12-22 08:22:38,159 [grpc-default-executor-1] INFO  impl.VoteContext (VoteContext.java:log(48)) - 76f1d3ab-551a-41e2-9590-cf43f9dd4238@group-3833EFCD79BA-FOLLOWER: accept ELECTION from c76a0960-210e-464c-8d60-ee8557cfadbb: our priority 0 <= candidate's priority 0
2021-12-22 08:22:38,159 [grpc-default-executor-0] INFO  server.RaftServer$Division (RaftServerImpl.java:requestVote(1046)) - acc7ce84-f107-4bcc-9a9d-7d0d04927ca9@group-3833EFCD79BA: receive requestVote(ELECTION, c76a0960-210e-464c-8d60-ee8557cfadbb, group-3833EFCD79BA, 1, (t:0, i:0))
2021-12-22 08:22:38,159 [grpc-default-executor-0] INFO  impl.VoteContext (VoteContext.java:log(48)) - acc7ce84-f107-4bcc-9a9d-7d0d04927ca9@group-3833EFCD79BA-FOLLOWER: reject ELECTION from c76a0960-210e-464c-8d60-ee8557cfadbb: our priority 1 > candidate's priority 0
2021-12-22 08:22:38,159 [grpc-default-executor-0] INFO  server.RaftServer$Division (RaftServerImpl.java:setRole(290)) - acc7ce84-f107-4bcc-9a9d-7d0d04927ca9@group-3833EFCD79BA: changes role from  FOLLOWER to FOLLOWER at term 1 for candidate:c76a0960-210e-464c-8d60-ee8557cfadbb
2021-12-22 08:22:38,159 [grpc-default-executor-0] INFO  impl.RoleInfo (RoleInfo.java:shutdownFollowerState(108)) - acc7ce84-f107-4bcc-9a9d-7d0d04927ca9: shutdown acc7ce84-f107-4bcc-9a9d-7d0d04927ca9@group-3833EFCD79BA-FollowerState
2021-12-22 08:22:38,159 [grpc-default-executor-0] INFO  impl.RoleInfo (RoleInfo.java:updateAndGet(130)) - acc7ce84-f107-4bcc-9a9d-7d0d04927ca9: start acc7ce84-f107-4bcc-9a9d-7d0d04927ca9@group-3833EFCD79BA-FollowerState
2021-12-22 08:22:38,160 [acc7ce84-f107-4bcc-9a9d-7d0d04927ca9@group-3833EFCD79BA-FollowerState] INFO  impl.FollowerState (FollowerState.java:run(143)) - acc7ce84-f107-4bcc-9a9d-7d0d04927ca9@group-3833EFCD79BA-FollowerState was interrupted: {}
java.lang.InterruptedException: sleep interrupted
	at java.lang.Thread.sleep(Native Method)
	at java.lang.Thread.sleep(Thread.java:340)
	at java.util.concurrent.TimeUnit.sleep(TimeUnit.java:386)
	at org.apache.ratis.util.TimeDuration.sleep(TimeDuration.java:324)
	at org.apache.ratis.util.TimeDuration.sleep(TimeDuration.java:309)
	at org.apache.ratis.server.impl.FollowerState.run(FollowerState.java:118)
2021-12-22 08:22:38,161 [c76a0960-210e-464c-8d60-ee8557cfadbb@group-0F3AA65AC2C7-LeaderElection26] INFO  impl.LeaderElection (LeaderElection.java:askForVotes(306)) - c76a0960-210e-464c-8d60-ee8557cfadbb@group-0F3AA65AC2C7-LeaderElection26 ELECTION round 0: submit vote requests at term 1 for -1: [c76a0960-210e-464c-8d60-ee8557cfadbb|rpc:10.1.0.28:40875|priority:1], old=null
2021-12-22 08:22:38,161 [c76a0960-210e-464c-8d60-ee8557cfadbb@group-0F3AA65AC2C7-LeaderElection26] INFO  impl.LeaderElection (LeaderElection.java:askForVotes(308)) - c76a0960-210e-464c-8d60-ee8557cfadbb@group-0F3AA65AC2C7-LeaderElection26 ELECTION round 0: result PASSED (term=1)
2021-12-22 08:22:38,161 [c76a0960-210e-464c-8d60-ee8557cfadbb@group-0F3AA65AC2C7-LeaderElection26] INFO  impl.RoleInfo (RoleInfo.java:shutdownLeaderElection(121)) - c76a0960-210e-464c-8d60-ee8557cfadbb: shutdown c76a0960-210e-464c-8d60-ee8557cfadbb@group-0F3AA65AC2C7-LeaderElection26
2021-12-22 08:22:38,161 [c76a0960-210e-464c-8d60-ee8557cfadbb@group-0F3AA65AC2C7-LeaderElection26] INFO  server.RaftServer$Division (RaftServerImpl.java:setRole(290)) - c76a0960-210e-464c-8d60-ee8557cfadbb@group-0F3AA65AC2C7: changes role from CANDIDATE to LEADER at term 1 for changeToLeader
2021-12-22 08:22:38,161 [c76a0960-210e-464c-8d60-ee8557cfadbb@group-0F3AA65AC2C7-LeaderElection26] INFO  ratis.XceiverServerRatis (XceiverServerRatis.java:handleLeaderChangedNotification(866)) - Leader change notification received for group: group-0F3AA65AC2C7 with new leaderId: c76a0960-210e-464c-8d60-ee8557cfadbb
2021-12-22 08:22:38,159 [grpc-default-executor-1] INFO  server.RaftServer$Division (RaftServerImpl.java:setRole(290)) - 76f1d3ab-551a-41e2-9590-cf43f9dd4238@group-3833EFCD79BA: changes role from  FOLLOWER to FOLLOWER at term 1 for candidate:c76a0960-210e-464c-8d60-ee8557cfadbb
2021-12-22 08:22:38,162 [grpc-default-executor-1] INFO  impl.RoleInfo (RoleInfo.java:shutdownFollowerState(108)) - 76f1d3ab-551a-41e2-9590-cf43f9dd4238: shutdown 76f1d3ab-551a-41e2-9590-cf43f9dd4238@group-3833EFCD79BA-FollowerState
2021-12-22 08:22:38,167 [grpc-default-executor-0] INFO  server.RaftServer$Division (RaftServerImpl.java:requestVote(1078)) - acc7ce84-f107-4bcc-9a9d-7d0d04927ca9@group-3833EFCD79BA replies to ELECTION vote request: c76a0960-210e-464c-8d60-ee8557cfadbb<-acc7ce84-f107-4bcc-9a9d-7d0d04927ca9#0:FAIL-t1. Peer's state: acc7ce84-f107-4bcc-9a9d-7d0d04927ca9@group-3833EFCD79BA:t1, leader=null, voted=null, raftlog=acc7ce84-f107-4bcc-9a9d-7d0d04927ca9@group-3833EFCD79BA-SegmentedRaftLog:OPENED:c-1, conf=-1: [76f1d3ab-551a-41e2-9590-cf43f9dd4238|rpc:10.1.0.28:46491|dataStream:|priority:0, c76a0960-210e-464c-8d60-ee8557cfadbb|rpc:10.1.0.28:40875|dataStream:|priority:0, acc7ce84-f107-4bcc-9a9d-7d0d04927ca9|rpc:10.1.0.28:34495|dataStream:|priority:1], old=null
2021-12-22 08:22:38,172 [76f1d3ab-551a-41e2-9590-cf43f9dd4238@group-3833EFCD79BA-FollowerState] INFO  impl.FollowerState (FollowerState.java:run(143)) - 76f1d3ab-551a-41e2-9590-cf43f9dd4238@group-3833EFCD79BA-FollowerState was interrupted: {}
java.lang.InterruptedException: sleep interrupted
	at java.lang.Thread.sleep(Native Method)
	at java.lang.Thread.sleep(Thread.java:340)
	at java.util.concurrent.TimeUnit.sleep(TimeUnit.java:386)
	at org.apache.ratis.util.TimeDuration.sleep(TimeDuration.java:324)
	at org.apache.ratis.util.TimeDuration.sleep(TimeDuration.java:309)
	at org.apache.ratis.server.impl.FollowerState.run(FollowerState.java:118)
2021-12-22 08:22:38,172 [grpc-default-executor-1] INFO  impl.RoleInfo (RoleInfo.java:updateAndGet(130)) - 76f1d3ab-551a-41e2-9590-cf43f9dd4238: start 76f1d3ab-551a-41e2-9590-cf43f9dd4238@group-3833EFCD79BA-FollowerState
2021-12-22 08:22:38,173 [EventQueue-OpenPipelineForHealthyPipelineSafeModeRule] INFO  safemode.SCMSafeModeManager (HealthyPipelineSafeModeRule.java:process(124)) - SCM in safe mode. Healthy pipelines reported count is 0, required healthy pipeline reported count is 1
2021-12-22 08:22:38,172 [c76a0960-210e-464c-8d60-ee8557cfadbb@group-0F3AA65AC2C7-LeaderElection26] INFO  server.RaftServer$Division (ServerState.java:setLeader(285)) - c76a0960-210e-464c-8d60-ee8557cfadbb@group-0F3AA65AC2C7: change Leader from null to c76a0960-210e-464c-8d60-ee8557cfadbb at term 1 for becomeLeader, leader elected after 5211ms
2021-12-22 08:22:38,176 [c76a0960-210e-464c-8d60-ee8557cfadbb@group-0F3AA65AC2C7-LeaderElection26] INFO  server.RaftServerConfigKeys (ConfUtils.java:logGet(44)) - raft.server.staging.catchup.gap = 1000 (default)
2021-12-22 08:22:38,179 [grpc-default-executor-1] INFO  server.RaftServer$Division (RaftServerImpl.java:requestVote(1078)) - 76f1d3ab-551a-41e2-9590-cf43f9dd4238@group-3833EFCD79BA replies to ELECTION vote request: c76a0960-210e-464c-8d60-ee8557cfadbb<-76f1d3ab-551a-41e2-9590-cf43f9dd4238#0:OK-t1. Peer's state: 76f1d3ab-551a-41e2-9590-cf43f9dd4238@group-3833EFCD79BA:t1, leader=null, voted=c76a0960-210e-464c-8d60-ee8557cfadbb, raftlog=76f1d3ab-551a-41e2-9590-cf43f9dd4238@group-3833EFCD79BA-SegmentedRaftLog:OPENED:c-1, conf=-1: [76f1d3ab-551a-41e2-9590-cf43f9dd4238|rpc:10.1.0.28:46491|dataStream:|priority:0, c76a0960-210e-464c-8d60-ee8557cfadbb|rpc:10.1.0.28:40875|dataStream:|priority:0, acc7ce84-f107-4bcc-9a9d-7d0d04927ca9|rpc:10.1.0.28:34495|dataStream:|priority:1], old=null
2021-12-22 08:22:38,202 [c76a0960-210e-464c-8d60-ee8557cfadbb@group-0F3AA65AC2C7-LeaderElection26] INFO  server.RaftServerConfigKeys (ConfUtils.java:logGet(44)) - raft.server.write.element-limit = 1024 (custom)
2021-12-22 08:22:38,202 [c76a0960-210e-464c-8d60-ee8557cfadbb@group-0F3AA65AC2C7-LeaderElection26] INFO  server.RaftServerConfigKeys (ConfUtils.java:logGet(44)) - raft.server.write.byte-limit = 1024 M (=1073741824) (custom)
2021-12-22 08:22:38,202 [c76a0960-210e-464c-8d60-ee8557cfadbb@group-0F3AA65AC2C7-LeaderElection26] INFO  server.RaftServerConfigKeys (ConfUtils.java:logGet(44)) - raft.server.watch.timeout = 180s (custom)
2021-12-22 08:22:38,202 [c76a0960-210e-464c-8d60-ee8557cfadbb@group-0F3AA65AC2C7-LeaderElection26] INFO  server.RaftServerConfigKeys (ConfUtils.java:logGet(44)) - raft.server.watch.timeout.denomination = 1s (default)
2021-12-22 08:22:38,202 [c76a0960-210e-464c-8d60-ee8557cfadbb@group-0F3AA65AC2C7-LeaderElection26] INFO  server.RaftServerConfigKeys (ConfUtils.java:logGet(44)) - raft.server.watch.element-limit = 65536 (default)
2021-12-22 08:22:38,202 [c76a0960-210e-464c-8d60-ee8557cfadbb@group-0F3AA65AC2C7-LeaderElection26] INFO  server.RaftServerConfigKeys (ConfUtils.java:logGet(44)) - raft.server.write.element-limit = 1024 (custom)
2021-12-22 08:22:38,202 [c76a0960-210e-464c-8d60-ee8557cfadbb@group-0F3AA65AC2C7-LeaderElection26] INFO  server.RaftServerConfigKeys (ConfUtils.java:logGet(44)) - raft.server.write.follower.gap.ratio.max = -1.0 (default)
2021-12-22 08:22:38,202 [c76a0960-210e-464c-8d60-ee8557cfadbb@group-0F3AA65AC2C7-LeaderElection26] INFO  impl.RoleInfo (RoleInfo.java:updateAndGet(130)) - c76a0960-210e-464c-8d60-ee8557cfadbb: start c76a0960-210e-464c-8d60-ee8557cfadbb@group-0F3AA65AC2C7-LeaderStateImpl
2021-12-22 08:22:38,203 [c76a0960-210e-464c-8d60-ee8557cfadbb@group-0F3AA65AC2C7-LeaderElection26] INFO  segmented.SegmentedRaftLogWorker (SegmentedRaftLogWorker.java:startLogSegment(394)) - c76a0960-210e-464c-8d60-ee8557cfadbb@group-0F3AA65AC2C7-SegmentedRaftLogWorker: Starting segment from index:0
2021-12-22 08:22:38,204 [c76a0960-210e-464c-8d60-ee8557cfadbb@group-0F3AA65AC2C7-SegmentedRaftLogWorker] INFO  segmented.SegmentedRaftLogWorker (SegmentedRaftLogWorker.java:execute(601)) - c76a0960-210e-464c-8d60-ee8557cfadbb@group-0F3AA65AC2C7-SegmentedRaftLogWorker: created new log segment /home/runner/work/ozone/ozone/hadoop-ozone/integration-test/target/test-dir/MiniOzoneClusterImpl-3dd55103-1821-4ecb-9679-770619bfedda/datanode-0/data/ratis/734967bf-b6ed-4980-92b8-0f3aa65ac2c7/current/log_inprogress_0
2021-12-22 08:22:38,208 [c76a0960-210e-464c-8d60-ee8557cfadbb@group-3833EFCD79BA-LeaderElection25] INFO  impl.LeaderElection (LeaderElection.java:logAndReturn(89)) - c76a0960-210e-464c-8d60-ee8557cfadbb@group-3833EFCD79BA-LeaderElection25: ELECTION REJECTED received 1 response(s) and 0 exception(s):
2021-12-22 08:22:38,209 [c76a0960-210e-464c-8d60-ee8557cfadbb@group-3833EFCD79BA-LeaderElection25] INFO  impl.LeaderElection (LeaderElection.java:logAndReturn(93)) -   Response 0: c76a0960-210e-464c-8d60-ee8557cfadbb<-acc7ce84-f107-4bcc-9a9d-7d0d04927ca9#0:FAIL-t1
2021-12-22 08:22:38,209 [c76a0960-210e-464c-8d60-ee8557cfadbb@group-3833EFCD79BA-LeaderElection25] INFO  impl.LeaderElection (LeaderElection.java:askForVotes(308)) - c76a0960-210e-464c-8d60-ee8557cfadbb@group-3833EFCD79BA-LeaderElection25 ELECTION round 0: result REJECTED
2021-12-22 08:22:38,209 [c76a0960-210e-464c-8d60-ee8557cfadbb@group-3833EFCD79BA-LeaderElection25] INFO  server.RaftServer$Division (RaftServerImpl.java:setRole(290)) - c76a0960-210e-464c-8d60-ee8557cfadbb@group-3833EFCD79BA: changes role from CANDIDATE to FOLLOWER at term 1 for REJECTED
2021-12-22 08:22:38,209 [c76a0960-210e-464c-8d60-ee8557cfadbb@group-3833EFCD79BA-LeaderElection25] INFO  impl.RoleInfo (RoleInfo.java:shutdownLeaderElection(121)) - c76a0960-210e-464c-8d60-ee8557cfadbb: shutdown c76a0960-210e-464c-8d60-ee8557cfadbb@group-3833EFCD79BA-LeaderElection25
2021-12-22 08:22:38,209 [c76a0960-210e-464c-8d60-ee8557cfadbb@group-3833EFCD79BA-LeaderElection25] INFO  impl.RoleInfo (RoleInfo.java:updateAndGet(130)) - c76a0960-210e-464c-8d60-ee8557cfadbb: start c76a0960-210e-464c-8d60-ee8557cfadbb@group-3833EFCD79BA-FollowerState
2021-12-22 08:22:38,209 [c76a0960-210e-464c-8d60-ee8557cfadbb@group-0F3AA65AC2C7-LeaderElection26] INFO  server.RaftServer$Division (ServerState.java:setRaftConf(387)) - c76a0960-210e-464c-8d60-ee8557cfadbb@group-0F3AA65AC2C7: set configuration 0: [c76a0960-210e-464c-8d60-ee8557cfadbb|rpc:10.1.0.28:40875|dataStream:|priority:1], old=null
2021-12-22 08:22:38,541 [76f1d3ab-551a-41e2-9590-cf43f9dd4238@group-DF7A1F26D946-FollowerState] INFO  impl.FollowerState (FollowerState.java:run(134)) - 76f1d3ab-551a-41e2-9590-cf43f9dd4238@group-DF7A1F26D946-FollowerState: change to CANDIDATE, lastRpcElapsedTime:5042028641ns, electionTimeout:5031ms
2021-12-22 08:22:38,542 [76f1d3ab-551a-41e2-9590-cf43f9dd4238@group-DF7A1F26D946-FollowerState] INFO  impl.RoleInfo (RoleInfo.java:shutdownFollowerState(108)) - 76f1d3ab-551a-41e2-9590-cf43f9dd4238: shutdown 76f1d3ab-551a-41e2-9590-cf43f9dd4238@group-DF7A1F26D946-FollowerState
2021-12-22 08:22:38,542 [76f1d3ab-551a-41e2-9590-cf43f9dd4238@group-DF7A1F26D946-FollowerState] INFO  server.RaftServer$Division (RaftServerImpl.java:setRole(290)) - 76f1d3ab-551a-41e2-9590-cf43f9dd4238@group-DF7A1F26D946: changes role from  FOLLOWER to CANDIDATE at term 0 for changeToCandidate
2021-12-22 08:22:38,542 [76f1d3ab-551a-41e2-9590-cf43f9dd4238@group-DF7A1F26D946-FollowerState] INFO  server.RaftServerConfigKeys (ConfUtils.java:logGet(44)) - raft.server.leaderelection.pre-vote = false (custom)
2021-12-22 08:22:38,542 [76f1d3ab-551a-41e2-9590-cf43f9dd4238@group-DF7A1F26D946-FollowerState] INFO  impl.RoleInfo (RoleInfo.java:updateAndGet(130)) - 76f1d3ab-551a-41e2-9590-cf43f9dd4238: start 76f1d3ab-551a-41e2-9590-cf43f9dd4238@group-DF7A1F26D946-LeaderElection27
2021-12-22 08:22:38,566 [76f1d3ab-551a-41e2-9590-cf43f9dd4238@group-DF7A1F26D946-LeaderElection27] INFO  impl.LeaderElection (LeaderElection.java:askForVotes(306)) - 76f1d3ab-551a-41e2-9590-cf43f9dd4238@group-DF7A1F26D946-LeaderElection27 ELECTION round 0: submit vote requests at term 1 for -1: [76f1d3ab-551a-41e2-9590-cf43f9dd4238|rpc:10.1.0.28:46491|priority:1], old=null
2021-12-22 08:22:38,566 [76f1d3ab-551a-41e2-9590-cf43f9dd4238@group-DF7A1F26D946-LeaderElection27] INFO  impl.LeaderElection (LeaderElection.java:askForVotes(308)) - 76f1d3ab-551a-41e2-9590-cf43f9dd4238@group-DF7A1F26D946-LeaderElection27 ELECTION round 0: result PASSED (term=1)
2021-12-22 08:22:38,566 [76f1d3ab-551a-41e2-9590-cf43f9dd4238@group-DF7A1F26D946-LeaderElection27] INFO  impl.RoleInfo (RoleInfo.java:shutdownLeaderElection(121)) - 76f1d3ab-551a-41e2-9590-cf43f9dd4238: shutdown 76f1d3ab-551a-41e2-9590-cf43f9dd4238@group-DF7A1F26D946-LeaderElection27
2021-12-22 08:22:38,567 [76f1d3ab-551a-41e2-9590-cf43f9dd4238@group-DF7A1F26D946-LeaderElection27] INFO  server.RaftServer$Division (RaftServerImpl.java:setRole(290)) - 76f1d3ab-551a-41e2-9590-cf43f9dd4238@group-DF7A1F26D946: changes role from CANDIDATE to LEADER at term 1 for changeToLeader
2021-12-22 08:22:38,567 [76f1d3ab-551a-41e2-9590-cf43f9dd4238@group-DF7A1F26D946-LeaderElection27] INFO  ratis.XceiverServerRatis (XceiverServerRatis.java:handleLeaderChangedNotification(866)) - Leader change notification received for group: group-DF7A1F26D946 with new leaderId: 76f1d3ab-551a-41e2-9590-cf43f9dd4238
2021-12-22 08:22:38,567 [76f1d3ab-551a-41e2-9590-cf43f9dd4238@group-DF7A1F26D946-LeaderElection27] INFO  server.RaftServer$Division (ServerState.java:setLeader(285)) - 76f1d3ab-551a-41e2-9590-cf43f9dd4238@group-DF7A1F26D946: change Leader from null to 76f1d3ab-551a-41e2-9590-cf43f9dd4238 at term 1 for becomeLeader, leader elected after 5101ms
2021-12-22 08:22:38,567 [76f1d3ab-551a-41e2-9590-cf43f9dd4238@group-DF7A1F26D946-LeaderElection27] INFO  server.RaftServerConfigKeys (ConfUtils.java:logGet(44)) - raft.server.staging.catchup.gap = 1000 (default)
2021-12-22 08:22:38,567 [76f1d3ab-551a-41e2-9590-cf43f9dd4238@group-DF7A1F26D946-LeaderElection27] INFO  server.RaftServerConfigKeys (ConfUtils.java:logGet(44)) - raft.server.write.element-limit = 1024 (custom)
2021-12-22 08:22:38,567 [76f1d3ab-551a-41e2-9590-cf43f9dd4238@group-DF7A1F26D946-LeaderElection27] INFO  server.RaftServerConfigKeys (ConfUtils.java:logGet(44)) - raft.server.write.byte-limit = 1024 M (=1073741824) (custom)
2021-12-22 08:22:38,568 [EventQueue-OpenPipelineForHealthyPipelineSafeModeRule] INFO  safemode.SCMSafeModeManager (HealthyPipelineSafeModeRule.java:process(124)) - SCM in safe mode. Healthy pipelines reported count is 0, required healthy pipeline reported count is 1
2021-12-22 08:22:38,571 [76f1d3ab-551a-41e2-9590-cf43f9dd4238@group-DF7A1F26D946-LeaderElection27] INFO  server.RaftServerConfigKeys (ConfUtils.java:logGet(44)) - raft.server.watch.timeout = 180s (custom)
2021-12-22 08:22:38,571 [76f1d3ab-551a-41e2-9590-cf43f9dd4238@group-DF7A1F26D946-LeaderElection27] INFO  server.RaftServerConfigKeys (ConfUtils.java:logGet(44)) - raft.server.watch.timeout.denomination = 1s (default)
2021-12-22 08:22:38,571 [76f1d3ab-551a-41e2-9590-cf43f9dd4238@group-DF7A1F26D946-LeaderElection27] INFO  server.RaftServerConfigKeys (ConfUtils.java:logGet(44)) - raft.server.watch.element-limit = 65536 (default)
2021-12-22 08:22:38,572 [76f1d3ab-551a-41e2-9590-cf43f9dd4238@group-DF7A1F26D946-LeaderElection27] INFO  server.RaftServerConfigKeys (ConfUtils.java:logGet(44)) - raft.server.write.element-limit = 1024 (custom)
2021-12-22 08:22:38,572 [76f1d3ab-551a-41e2-9590-cf43f9dd4238@group-DF7A1F26D946-LeaderElection27] INFO  server.RaftServerConfigKeys (ConfUtils.java:logGet(44)) - raft.server.write.follower.gap.ratio.max = -1.0 (default)
2021-12-22 08:22:38,572 [76f1d3ab-551a-41e2-9590-cf43f9dd4238@group-DF7A1F26D946-LeaderElection27] INFO  impl.RoleInfo (RoleInfo.java:updateAndGet(130)) - 76f1d3ab-551a-41e2-9590-cf43f9dd4238: start 76f1d3ab-551a-41e2-9590-cf43f9dd4238@group-DF7A1F26D946-LeaderStateImpl
2021-12-22 08:22:38,572 [76f1d3ab-551a-41e2-9590-cf43f9dd4238@group-DF7A1F26D946-LeaderElection27] INFO  segmented.SegmentedRaftLogWorker (SegmentedRaftLogWorker.java:startLogSegment(394)) - 76f1d3ab-551a-41e2-9590-cf43f9dd4238@group-DF7A1F26D946-SegmentedRaftLogWorker: Starting segment from index:0
2021-12-22 08:22:38,573 [76f1d3ab-551a-41e2-9590-cf43f9dd4238@group-DF7A1F26D946-SegmentedRaftLogWorker] INFO  segmented.SegmentedRaftLogWorker (SegmentedRaftLogWorker.java:execute(601)) - 76f1d3ab-551a-41e2-9590-cf43f9dd4238@group-DF7A1F26D946-SegmentedRaftLogWorker: created new log segment /home/runner/work/ozone/ozone/hadoop-ozone/integration-test/target/test-dir/MiniOzoneClusterImpl-3dd55103-1821-4ecb-9679-770619bfedda/datanode-1/data/ratis/8cdeab8d-34bf-42f4-a47b-df7a1f26d946/current/log_inprogress_0
2021-12-22 08:22:38,587 [76f1d3ab-551a-41e2-9590-cf43f9dd4238@group-DF7A1F26D946-LeaderElection27] INFO  server.RaftServer$Division (ServerState.java:setRaftConf(387)) - 76f1d3ab-551a-41e2-9590-cf43f9dd4238@group-DF7A1F26D946: set configuration 0: [76f1d3ab-551a-41e2-9590-cf43f9dd4238|rpc:10.1.0.28:46491|dataStream:|priority:1], old=null
2021-12-22 08:22:38,651 [76f1d3ab-551a-41e2-9590-cf43f9dd4238@group-195BAEDE0F07-FollowerState] INFO  impl.FollowerState (FollowerState.java:run(134)) - 76f1d3ab-551a-41e2-9590-cf43f9dd4238@group-195BAEDE0F07-FollowerState: change to CANDIDATE, lastRpcElapsedTime:5047176938ns, electionTimeout:5025ms
2021-12-22 08:22:38,651 [76f1d3ab-551a-41e2-9590-cf43f9dd4238@group-195BAEDE0F07-FollowerState] INFO  impl.RoleInfo (RoleInfo.java:shutdownFollowerState(108)) - 76f1d3ab-551a-41e2-9590-cf43f9dd4238: shutdown 76f1d3ab-551a-41e2-9590-cf43f9dd4238@group-195BAEDE0F07-FollowerState
2021-12-22 08:22:38,651 [76f1d3ab-551a-41e2-9590-cf43f9dd4238@group-195BAEDE0F07-FollowerState] INFO  server.RaftServer$Division (RaftServerImpl.java:setRole(290)) - 76f1d3ab-551a-41e2-9590-cf43f9dd4238@group-195BAEDE0F07: changes role from  FOLLOWER to CANDIDATE at term 0 for changeToCandidate
2021-12-22 08:22:38,651 [76f1d3ab-551a-41e2-9590-cf43f9dd4238@group-195BAEDE0F07-FollowerState] INFO  server.RaftServerConfigKeys (ConfUtils.java:logGet(44)) - raft.server.leaderelection.pre-vote = false (custom)
2021-12-22 08:22:38,651 [76f1d3ab-551a-41e2-9590-cf43f9dd4238@group-195BAEDE0F07-FollowerState] INFO  impl.RoleInfo (RoleInfo.java:updateAndGet(130)) - 76f1d3ab-551a-41e2-9590-cf43f9dd4238: start 76f1d3ab-551a-41e2-9590-cf43f9dd4238@group-195BAEDE0F07-LeaderElection28
2021-12-22 08:22:38,700 [76f1d3ab-551a-41e2-9590-cf43f9dd4238@group-195BAEDE0F07-LeaderElection28] INFO  impl.LeaderElection (LeaderElection.java:askForVotes(306)) - 76f1d3ab-551a-41e2-9590-cf43f9dd4238@group-195BAEDE0F07-LeaderElection28 ELECTION round 0: submit vote requests at term 1 for -1: [76f1d3ab-551a-41e2-9590-cf43f9dd4238|rpc:10.1.0.28:46491|priority:1, acc7ce84-f107-4bcc-9a9d-7d0d04927ca9|rpc:10.1.0.28:34495|priority:0, c76a0960-210e-464c-8d60-ee8557cfadbb|rpc:10.1.0.28:40875|priority:0], old=null
2021-12-22 08:22:38,709 [c76a0960-210e-464c-8d60-ee8557cfadbb@group-195BAEDE0F07-FollowerState] INFO  impl.FollowerState (FollowerState.java:run(134)) - c76a0960-210e-464c-8d60-ee8557cfadbb@group-195BAEDE0F07-FollowerState: change to CANDIDATE, lastRpcElapsedTime:5186356331ns, electionTimeout:5154ms
2021-12-22 08:22:38,709 [c76a0960-210e-464c-8d60-ee8557cfadbb@group-195BAEDE0F07-FollowerState] INFO  impl.RoleInfo (RoleInfo.java:shutdownFollowerState(108)) - c76a0960-210e-464c-8d60-ee8557cfadbb: shutdown c76a0960-210e-464c-8d60-ee8557cfadbb@group-195BAEDE0F07-FollowerState
2021-12-22 08:22:38,709 [c76a0960-210e-464c-8d60-ee8557cfadbb@group-195BAEDE0F07-FollowerState] INFO  server.RaftServer$Division (RaftServerImpl.java:setRole(290)) - c76a0960-210e-464c-8d60-ee8557cfadbb@group-195BAEDE0F07: changes role from  FOLLOWER to CANDIDATE at term 0 for changeToCandidate
2021-12-22 08:22:38,730 [c76a0960-210e-464c-8d60-ee8557cfadbb@group-195BAEDE0F07-FollowerState] INFO  server.RaftServerConfigKeys (ConfUtils.java:logGet(44)) - raft.server.leaderelection.pre-vote = false (custom)
2021-12-22 08:22:38,731 [c76a0960-210e-464c-8d60-ee8557cfadbb@group-195BAEDE0F07-FollowerState] INFO  impl.RoleInfo (RoleInfo.java:updateAndGet(130)) - c76a0960-210e-464c-8d60-ee8557cfadbb: start c76a0960-210e-464c-8d60-ee8557cfadbb@group-195BAEDE0F07-LeaderElection29
2021-12-22 08:22:38,747 [grpc-default-executor-1] INFO  server.RaftServer$Division (RaftServerImpl.java:requestVote(1046)) - acc7ce84-f107-4bcc-9a9d-7d0d04927ca9@group-195BAEDE0F07: receive requestVote(ELECTION, 76f1d3ab-551a-41e2-9590-cf43f9dd4238, group-195BAEDE0F07, 1, (t:0, i:0))
2021-12-22 08:22:38,747 [grpc-default-executor-1] INFO  impl.VoteContext (VoteContext.java:log(48)) - acc7ce84-f107-4bcc-9a9d-7d0d04927ca9@group-195BAEDE0F07-FOLLOWER: accept ELECTION from 76f1d3ab-551a-41e2-9590-cf43f9dd4238: our priority 0 <= candidate's priority 1
2021-12-22 08:22:38,747 [grpc-default-executor-1] INFO  server.RaftServer$Division (RaftServerImpl.java:setRole(290)) - acc7ce84-f107-4bcc-9a9d-7d0d04927ca9@group-195BAEDE0F07: changes role from  FOLLOWER to FOLLOWER at term 1 for candidate:76f1d3ab-551a-41e2-9590-cf43f9dd4238
2021-12-22 08:22:38,747 [grpc-default-executor-1] INFO  impl.RoleInfo (RoleInfo.java:shutdownFollowerState(108)) - acc7ce84-f107-4bcc-9a9d-7d0d04927ca9: shutdown acc7ce84-f107-4bcc-9a9d-7d0d04927ca9@group-195BAEDE0F07-FollowerState
2021-12-22 08:22:38,747 [grpc-default-executor-1] INFO  impl.RoleInfo (RoleInfo.java:updateAndGet(130)) - acc7ce84-f107-4bcc-9a9d-7d0d04927ca9: start acc7ce84-f107-4bcc-9a9d-7d0d04927ca9@group-195BAEDE0F07-FollowerState
2021-12-22 08:22:38,747 [acc7ce84-f107-4bcc-9a9d-7d0d04927ca9@group-195BAEDE0F07-FollowerState] INFO  impl.FollowerState (FollowerState.java:run(143)) - acc7ce84-f107-4bcc-9a9d-7d0d04927ca9@group-195BAEDE0F07-FollowerState was interrupted: {}
java.lang.InterruptedException: sleep interrupted
	at java.lang.Thread.sleep(Native Method)
	at java.lang.Thread.sleep(Thread.java:340)
	at java.util.concurrent.TimeUnit.sleep(TimeUnit.java:386)
	at org.apache.ratis.util.TimeDuration.sleep(TimeDuration.java:324)
	at org.apache.ratis.util.TimeDuration.sleep(TimeDuration.java:309)
	at org.apache.ratis.server.impl.FollowerState.run(FollowerState.java:118)
2021-12-22 08:22:38,749 [grpc-default-executor-1] INFO  server.RaftServer$Division (RaftServerImpl.java:requestVote(1078)) - acc7ce84-f107-4bcc-9a9d-7d0d04927ca9@group-195BAEDE0F07 replies to ELECTION vote request: 76f1d3ab-551a-41e2-9590-cf43f9dd4238<-acc7ce84-f107-4bcc-9a9d-7d0d04927ca9#0:OK-t1. Peer's state: acc7ce84-f107-4bcc-9a9d-7d0d04927ca9@group-195BAEDE0F07:t1, leader=null, voted=76f1d3ab-551a-41e2-9590-cf43f9dd4238, raftlog=acc7ce84-f107-4bcc-9a9d-7d0d04927ca9@group-195BAEDE0F07-SegmentedRaftLog:OPENED:c-1, conf=-1: [76f1d3ab-551a-41e2-9590-cf43f9dd4238|rpc:10.1.0.28:46491|dataStream:|priority:1, acc7ce84-f107-4bcc-9a9d-7d0d04927ca9|rpc:10.1.0.28:34495|dataStream:|priority:0, c76a0960-210e-464c-8d60-ee8557cfadbb|rpc:10.1.0.28:40875|dataStream:|priority:0], old=null
2021-12-22 08:22:38,761 [76f1d3ab-551a-41e2-9590-cf43f9dd4238@group-195BAEDE0F07-LeaderElection28] INFO  impl.LeaderElection (LeaderElection.java:logAndReturn(89)) - 76f1d3ab-551a-41e2-9590-cf43f9dd4238@group-195BAEDE0F07-LeaderElection28: ELECTION PASSED received 1 response(s) and 0 exception(s):
2021-12-22 08:22:38,761 [76f1d3ab-551a-41e2-9590-cf43f9dd4238@group-195BAEDE0F07-LeaderElection28] INFO  impl.LeaderElection (LeaderElection.java:logAndReturn(93)) -   Response 0: 76f1d3ab-551a-41e2-9590-cf43f9dd4238<-acc7ce84-f107-4bcc-9a9d-7d0d04927ca9#0:OK-t1
2021-12-22 08:22:38,761 [76f1d3ab-551a-41e2-9590-cf43f9dd4238@group-195BAEDE0F07-LeaderElection28] INFO  impl.LeaderElection (LeaderElection.java:askForVotes(308)) - 76f1d3ab-551a-41e2-9590-cf43f9dd4238@group-195BAEDE0F07-LeaderElection28 ELECTION round 0: result PASSED
2021-12-22 08:22:38,761 [76f1d3ab-551a-41e2-9590-cf43f9dd4238@group-195BAEDE0F07-LeaderElection28] INFO  impl.RoleInfo (RoleInfo.java:shutdownLeaderElection(121)) - 76f1d3ab-551a-41e2-9590-cf43f9dd4238: shutdown 76f1d3ab-551a-41e2-9590-cf43f9dd4238@group-195BAEDE0F07-LeaderElection28
2021-12-22 08:22:38,766 [76f1d3ab-551a-41e2-9590-cf43f9dd4238@group-195BAEDE0F07-LeaderElection28] INFO  server.RaftServer$Division (RaftServerImpl.java:setRole(290)) - 76f1d3ab-551a-41e2-9590-cf43f9dd4238@group-195BAEDE0F07: changes role from CANDIDATE to LEADER at term 1 for changeToLeader
2021-12-22 08:22:38,766 [76f1d3ab-551a-41e2-9590-cf43f9dd4238@group-195BAEDE0F07-LeaderElection28] INFO  ratis.XceiverServerRatis (XceiverServerRatis.java:handleLeaderChangedNotification(866)) - Leader change notification received for group: group-195BAEDE0F07 with new leaderId: 76f1d3ab-551a-41e2-9590-cf43f9dd4238
2021-12-22 08:22:38,766 [76f1d3ab-551a-41e2-9590-cf43f9dd4238@group-195BAEDE0F07-LeaderElection28] INFO  server.RaftServer$Division (ServerState.java:setLeader(285)) - 76f1d3ab-551a-41e2-9590-cf43f9dd4238@group-195BAEDE0F07: change Leader from null to 76f1d3ab-551a-41e2-9590-cf43f9dd4238 at term 1 for becomeLeader, leader elected after 5204ms
2021-12-22 08:22:38,766 [76f1d3ab-551a-41e2-9590-cf43f9dd4238@group-195BAEDE0F07-LeaderElection28] INFO  server.RaftServerConfigKeys (ConfUtils.java:logGet(44)) - raft.server.staging.catchup.gap = 1000 (default)
2021-12-22 08:22:38,766 [76f1d3ab-551a-41e2-9590-cf43f9dd4238@group-195BAEDE0F07-LeaderElection28] INFO  server.RaftServerConfigKeys (ConfUtils.java:logGet(44)) - raft.server.write.element-limit = 1024 (custom)
2021-12-22 08:22:38,766 [76f1d3ab-551a-41e2-9590-cf43f9dd4238@group-195BAEDE0F07-LeaderElection28] INFO  server.RaftServerConfigKeys (ConfUtils.java:logGet(44)) - raft.server.write.byte-limit = 1024 M (=1073741824) (custom)
2021-12-22 08:22:38,766 [76f1d3ab-551a-41e2-9590-cf43f9dd4238@group-195BAEDE0F07-LeaderElection28] INFO  server.RaftServerConfigKeys (ConfUtils.java:logGet(44)) - raft.server.watch.timeout = 180s (custom)
2021-12-22 08:22:38,766 [76f1d3ab-551a-41e2-9590-cf43f9dd4238@group-195BAEDE0F07-LeaderElection28] INFO  server.RaftServerConfigKeys (ConfUtils.java:logGet(44)) - raft.server.watch.timeout.denomination = 1s (default)
2021-12-22 08:22:38,767 [76f1d3ab-551a-41e2-9590-cf43f9dd4238@group-195BAEDE0F07-LeaderElection28] INFO  server.RaftServerConfigKeys (ConfUtils.java:logGet(44)) - raft.server.watch.element-limit = 65536 (default)
2021-12-22 08:22:38,767 [EventQueue-PipelineReportForPipelineReportHandler] INFO  pipeline.PipelineManagerImpl (PipelineManagerImpl.java:openPipeline(291)) - Pipeline Pipeline[ Id: 0328592f-92d1-48f9-9f13-195baede0f07, Nodes: 76f1d3ab-551a-41e2-9590-cf43f9dd4238{ip: 10.1.0.28, host: fv-az270-32.tacnzluakwdehk1hpragurqkma.bx.internal.cloudapp.net, ports: [REPLICATION=44945, RATIS=46491, RATIS_ADMIN=46491, RATIS_SERVER=46491, STANDALONE=46563], networkLocation: /default-rack, certSerialId: null, persistedOpState: IN_SERVICE, persistedOpStateExpiryEpochSec: 0}acc7ce84-f107-4bcc-9a9d-7d0d04927ca9{ip: 10.1.0.28, host: fv-az270-32.tacnzluakwdehk1hpragurqkma.bx.internal.cloudapp.net, ports: [REPLICATION=38605, RATIS=34495, RATIS_ADMIN=34495, RATIS_SERVER=34495, STANDALONE=45087], networkLocation: /default-rack, certSerialId: null, persistedOpState: IN_SERVICE, persistedOpStateExpiryEpochSec: 0}c76a0960-210e-464c-8d60-ee8557cfadbb{ip: 10.1.0.28, host: fv-az270-32.tacnzluakwdehk1hpragurqkma.bx.internal.cloudapp.net, ports: [REPLICATION=45537, RATIS=40875, RATIS_ADMIN=40875, RATIS_SERVER=40875, STANDALONE=40125], networkLocation: /default-rack, certSerialId: null, persistedOpState: IN_SERVICE, persistedOpStateExpiryEpochSec: 0}, ReplicationConfig: RATIS/THREE, State:ALLOCATED, leaderId:76f1d3ab-551a-41e2-9590-cf43f9dd4238, CreationTimestamp2021-12-22T08:22:30.885Z[Etc/UTC]] moved to OPEN state
2021-12-22 08:22:38,767 [EventQueue-OpenPipelineForHealthyPipelineSafeModeRule] INFO  safemode.SCMSafeModeManager (HealthyPipelineSafeModeRule.java:process(124)) - SCM in safe mode. Healthy pipelines reported count is 0, required healthy pipeline reported count is 1
2021-12-22 08:22:38,769 [EventQueue-OpenPipelineForHealthyPipelineSafeModeRule] INFO  safemode.SCMSafeModeManager (HealthyPipelineSafeModeRule.java:process(124)) - SCM in safe mode. Healthy pipelines reported count is 1, required healthy pipeline reported count is 1
2021-12-22 08:22:38,769 [EventQueue-OpenPipelineForHealthyPipelineSafeModeRule] INFO  safemode.SCMSafeModeManager (SCMSafeModeManager.java:validateSafeModeExitRules(204)) - HealthyPipelineSafeModeRule rule is successfully validated
2021-12-22 08:22:38,769 [EventQueue-OpenPipelineForHealthyPipelineSafeModeRule] INFO  safemode.SCMSafeModeManager (SCMSafeModeManager.java:validateSafeModeExitRules(219)) - ScmSafeModeManager, all rules are successfully validated
2021-12-22 08:22:38,769 [EventQueue-OpenPipelineForHealthyPipelineSafeModeRule] INFO  safemode.SCMSafeModeManager (SCMSafeModeManager.java:exitSafeMode(248)) - SCM exiting safe mode.
2021-12-22 08:22:38,769 [EventQueue-OpenPipelineForHealthyPipelineSafeModeRule] WARN  events.EventQueue (EventQueue.java:fireEvent(194)) - No event handler registered for event TypedEvent{payloadType=SafeModeStatus, name='Safe mode status'}
2021-12-22 08:22:38,769 [EventQueue-OpenPipelineForHealthyPipelineSafeModeRule] INFO  ha.SCMContext (SCMContext.java:updateSafeModeStatus(211)) - Update SafeModeStatus from SafeModeStatus{safeModeStatus=true, preCheckPassed=true} to SafeModeStatus{safeModeStatus=false, preCheckPassed=true}.
2021-12-22 08:22:38,769 [EventQueue-OpenPipelineForHealthyPipelineSafeModeRule] INFO  pipeline.BackgroundPipelineCreator (BackgroundPipelineCreator.java:notifyStatusChanged(264)) - Service BackgroundPipelineCreator transitions to RUNNING.
2021-12-22 08:22:38,769 [EventQueue-OpenPipelineForHealthyPipelineSafeModeRule] INFO  container.ReplicationManager (ReplicationManager.java:notifyStatusChanged(1758)) - Service ReplicationManager transitions to RUNNING.
2021-12-22 08:22:38,770 [76f1d3ab-551a-41e2-9590-cf43f9dd4238@group-195BAEDE0F07-LeaderElection28] INFO  server.RaftServerConfigKeys (ConfUtils.java:logGet(44)) - raft.server.write.element-limit = 1024 (custom)
2021-12-22 08:22:38,771 [76f1d3ab-551a-41e2-9590-cf43f9dd4238@group-195BAEDE0F07-LeaderElection28] INFO  server.RaftServerConfigKeys (ConfUtils.java:logGet(44)) - raft.server.write.follower.gap.ratio.max = -1.0 (default)
2021-12-22 08:22:38,771 [76f1d3ab-551a-41e2-9590-cf43f9dd4238@group-195BAEDE0F07-LeaderElection28] INFO  server.RaftServerConfigKeys (ConfUtils.java:logGet(44)) - raft.server.log.appender.snapshot.chunk.size.max = 16MB (=16777216) (default)
2021-12-22 08:22:38,771 [76f1d3ab-551a-41e2-9590-cf43f9dd4238@group-195BAEDE0F07-LeaderElection28] INFO  server.RaftServerConfigKeys (ConfUtils.java:logGet(44)) - raft.server.log.appender.buffer.byte-limit = 33554432 (custom)
2021-12-22 08:22:38,771 [76f1d3ab-551a-41e2-9590-cf43f9dd4238@group-195BAEDE0F07-LeaderElection28] INFO  server.RaftServerConfigKeys (ConfUtils.java:logGet(44)) - raft.server.log.appender.buffer.element-limit = 1 (custom)
2021-12-22 08:22:38,771 [76f1d3ab-551a-41e2-9590-cf43f9dd4238@group-195BAEDE0F07-LeaderElection28] INFO  grpc.GrpcConfigKeys (ConfUtils.java:logGet(44)) - raft.grpc.server.leader.outstanding.appends.max = 128 (default)
2021-12-22 08:22:38,771 [76f1d3ab-551a-41e2-9590-cf43f9dd4238@group-195BAEDE0F07-LeaderElection28] INFO  server.RaftServerConfigKeys (ConfUtils.java:logGet(44)) - raft.server.rpc.request.timeout = 60s (custom)
2021-12-22 08:22:38,772 [76f1d3ab-551a-41e2-9590-cf43f9dd4238@group-195BAEDE0F07-LeaderElection28] INFO  server.RaftServerConfigKeys (ConfUtils.java:logGet(44)) - raft.server.log.appender.install.snapshot.enabled = false (custom)
2021-12-22 08:22:38,772 [76f1d3ab-551a-41e2-9590-cf43f9dd4238@group-195BAEDE0F07-LeaderElection28] INFO  server.RaftServerConfigKeys (ConfUtils.java:logGet(44)) - raft.server.log.appender.snapshot.chunk.size.max = 16MB (=16777216) (default)
2021-12-22 08:22:38,772 [76f1d3ab-551a-41e2-9590-cf43f9dd4238@group-195BAEDE0F07-LeaderElection28] INFO  server.RaftServerConfigKeys (ConfUtils.java:logGet(44)) - raft.server.log.appender.buffer.byte-limit = 33554432 (custom)
2021-12-22 08:22:38,772 [76f1d3ab-551a-41e2-9590-cf43f9dd4238@group-195BAEDE0F07-LeaderElection28] INFO  server.RaftServerConfigKeys (ConfUtils.java:logGet(44)) - raft.server.log.appender.buffer.element-limit = 1 (custom)
2021-12-22 08:22:38,772 [76f1d3ab-551a-41e2-9590-cf43f9dd4238@group-195BAEDE0F07-LeaderElection28] INFO  grpc.GrpcConfigKeys (ConfUtils.java:logGet(44)) - raft.grpc.server.leader.outstanding.appends.max = 128 (default)
2021-12-22 08:22:38,772 [76f1d3ab-551a-41e2-9590-cf43f9dd4238@group-195BAEDE0F07-LeaderElection28] INFO  server.RaftServerConfigKeys (ConfUtils.java:logGet(44)) - raft.server.rpc.request.timeout = 60s (custom)
2021-12-22 08:22:38,773 [76f1d3ab-551a-41e2-9590-cf43f9dd4238@group-195BAEDE0F07-LeaderElection28] INFO  server.RaftServerConfigKeys (ConfUtils.java:logGet(44)) - raft.server.log.appender.install.snapshot.enabled = false (custom)
2021-12-22 08:22:38,773 [76f1d3ab-551a-41e2-9590-cf43f9dd4238@group-195BAEDE0F07-LeaderElection28] INFO  impl.RoleInfo (RoleInfo.java:updateAndGet(130)) - 76f1d3ab-551a-41e2-9590-cf43f9dd4238: start 76f1d3ab-551a-41e2-9590-cf43f9dd4238@group-195BAEDE0F07-LeaderStateImpl
2021-12-22 08:22:38,773 [76f1d3ab-551a-41e2-9590-cf43f9dd4238@group-195BAEDE0F07-LeaderElection28] INFO  segmented.SegmentedRaftLogWorker (SegmentedRaftLogWorker.java:startLogSegment(394)) - 76f1d3ab-551a-41e2-9590-cf43f9dd4238@group-195BAEDE0F07-SegmentedRaftLogWorker: Starting segment from index:0
2021-12-22 08:22:38,771 [c76a0960-210e-464c-8d60-ee8557cfadbb@group-195BAEDE0F07-LeaderElection29] INFO  impl.LeaderElection (LeaderElection.java:askForVotes(306)) - c76a0960-210e-464c-8d60-ee8557cfadbb@group-195BAEDE0F07-LeaderElection29 ELECTION round 0: submit vote requests at term 1 for -1: [76f1d3ab-551a-41e2-9590-cf43f9dd4238|rpc:10.1.0.28:46491|priority:1, acc7ce84-f107-4bcc-9a9d-7d0d04927ca9|rpc:10.1.0.28:34495|priority:0, c76a0960-210e-464c-8d60-ee8557cfadbb|rpc:10.1.0.28:40875|priority:0], old=null
2021-12-22 08:22:38,775 [76f1d3ab-551a-41e2-9590-cf43f9dd4238@group-195BAEDE0F07-SegmentedRaftLogWorker] INFO  segmented.SegmentedRaftLogWorker (SegmentedRaftLogWorker.java:execute(601)) - 76f1d3ab-551a-41e2-9590-cf43f9dd4238@group-195BAEDE0F07-SegmentedRaftLogWorker: created new log segment /home/runner/work/ozone/ozone/hadoop-ozone/integration-test/target/test-dir/MiniOzoneClusterImpl-3dd55103-1821-4ecb-9679-770619bfedda/datanode-1/data/ratis/0328592f-92d1-48f9-9f13-195baede0f07/current/log_inprogress_0
2021-12-22 08:22:38,849 [grpc-default-executor-1] INFO  server.RaftServer$Division (RaftServerImpl.java:requestVote(1046)) - 76f1d3ab-551a-41e2-9590-cf43f9dd4238@group-195BAEDE0F07: receive requestVote(ELECTION, c76a0960-210e-464c-8d60-ee8557cfadbb, group-195BAEDE0F07, 1, (t:0, i:0))
2021-12-22 08:22:38,858 [grpc-default-executor-0] INFO  server.RaftServer$Division (RaftServerImpl.java:setRole(290)) - c76a0960-210e-464c-8d60-ee8557cfadbb@group-195BAEDE0F07: changes role from CANDIDATE to FOLLOWER at term 1 for appendEntries
2021-12-22 08:22:38,858 [grpc-default-executor-0] INFO  impl.RoleInfo (RoleInfo.java:shutdownLeaderElection(121)) - c76a0960-210e-464c-8d60-ee8557cfadbb: shutdown c76a0960-210e-464c-8d60-ee8557cfadbb@group-195BAEDE0F07-LeaderElection29
2021-12-22 08:22:38,858 [grpc-default-executor-0] INFO  impl.RoleInfo (RoleInfo.java:updateAndGet(130)) - c76a0960-210e-464c-8d60-ee8557cfadbb: start c76a0960-210e-464c-8d60-ee8557cfadbb@group-195BAEDE0F07-FollowerState
2021-12-22 08:22:38,874 [grpc-default-executor-0] INFO  ratis.XceiverServerRatis (XceiverServerRatis.java:handleLeaderChangedNotification(866)) - Leader change notification received for group: group-195BAEDE0F07 with new leaderId: 76f1d3ab-551a-41e2-9590-cf43f9dd4238
2021-12-22 08:22:38,874 [grpc-default-executor-0] INFO  server.RaftServer$Division (ServerState.java:setLeader(285)) - c76a0960-210e-464c-8d60-ee8557cfadbb@group-195BAEDE0F07: change Leader from null to 76f1d3ab-551a-41e2-9590-cf43f9dd4238 at term 1 for appendEntries, leader elected after 5406ms
2021-12-22 08:22:38,882 [Listener at 127.0.0.1/41155] INFO  ozone.MiniOzoneClusterImpl (MiniOzoneClusterImpl.java:lambda$waitForClusterToBeReady$0(235)) - Nodes are ready. Got 3 of 3 DN Heartbeats.
2021-12-22 08:22:38,882 [Listener at 127.0.0.1/41155] INFO  ozone.MiniOzoneClusterImpl (MiniOzoneClusterImpl.java:lambda$waitForClusterToBeReady$0(238)) - Cluster exits safe mode
2021-12-22 08:22:38,882 [Listener at 127.0.0.1/41155] INFO  ozone.MiniOzoneClusterImpl (MiniOzoneClusterImpl.java:lambda$waitForClusterToBeReady$0(240)) - SCM became leader
2021-12-22 08:22:38,891 [grpc-default-executor-2] INFO  server.RaftServer$Division (RaftServerImpl.java:requestVote(1046)) - c76a0960-210e-464c-8d60-ee8557cfadbb@group-195BAEDE0F07: receive requestVote(ELECTION, 76f1d3ab-551a-41e2-9590-cf43f9dd4238, group-195BAEDE0F07, 1, (t:0, i:0))
2021-12-22 08:22:38,891 [76f1d3ab-551a-41e2-9590-cf43f9dd4238@group-195BAEDE0F07-LeaderElection28] INFO  server.RaftServer$Division (ServerState.java:setRaftConf(387)) - 76f1d3ab-551a-41e2-9590-cf43f9dd4238@group-195BAEDE0F07: set configuration 0: [76f1d3ab-551a-41e2-9590-cf43f9dd4238|rpc:10.1.0.28:46491|dataStream:|priority:1, acc7ce84-f107-4bcc-9a9d-7d0d04927ca9|rpc:10.1.0.28:34495|dataStream:|priority:0, c76a0960-210e-464c-8d60-ee8557cfadbb|rpc:10.1.0.28:40875|dataStream:|priority:0], old=null
2021-12-22 08:22:38,891 [grpc-default-executor-1] INFO  impl.VoteContext (VoteContext.java:log(48)) - 76f1d3ab-551a-41e2-9590-cf43f9dd4238@group-195BAEDE0F07-LEADER: reject ELECTION from c76a0960-210e-464c-8d60-ee8557cfadbb: already has voted for 76f1d3ab-551a-41e2-9590-cf43f9dd4238 at current term 1
2021-12-22 08:22:38,891 [grpc-default-executor-1] INFO  server.RaftServer$Division (RaftServerImpl.java:requestVote(1078)) - 76f1d3ab-551a-41e2-9590-cf43f9dd4238@group-195BAEDE0F07 replies to ELECTION vote request: c76a0960-210e-464c-8d60-ee8557cfadbb<-76f1d3ab-551a-41e2-9590-cf43f9dd4238#0:FAIL-t1. Peer's state: 76f1d3ab-551a-41e2-9590-cf43f9dd4238@group-195BAEDE0F07:t1, leader=76f1d3ab-551a-41e2-9590-cf43f9dd4238, voted=76f1d3ab-551a-41e2-9590-cf43f9dd4238, raftlog=76f1d3ab-551a-41e2-9590-cf43f9dd4238@group-195BAEDE0F07-SegmentedRaftLog:OPENED:c-1, conf=0: [76f1d3ab-551a-41e2-9590-cf43f9dd4238|rpc:10.1.0.28:46491|dataStream:|priority:1, acc7ce84-f107-4bcc-9a9d-7d0d04927ca9|rpc:10.1.0.28:34495|dataStream:|priority:0, c76a0960-210e-464c-8d60-ee8557cfadbb|rpc:10.1.0.28:40875|dataStream:|priority:0], old=null
2021-12-22 08:22:38,891 [grpc-default-executor-3] INFO  server.RaftServer$Division (RaftServerImpl.java:requestVote(1046)) - acc7ce84-f107-4bcc-9a9d-7d0d04927ca9@group-195BAEDE0F07: receive requestVote(ELECTION, c76a0960-210e-464c-8d60-ee8557cfadbb, group-195BAEDE0F07, 1, (t:0, i:0))
2021-12-22 08:22:38,891 [grpc-default-executor-2] INFO  impl.VoteContext (VoteContext.java:log(48)) - c76a0960-210e-464c-8d60-ee8557cfadbb@group-195BAEDE0F07-FOLLOWER: reject ELECTION from 76f1d3ab-551a-41e2-9590-cf43f9dd4238: already has voted for c76a0960-210e-464c-8d60-ee8557cfadbb at current term 1
2021-12-22 08:22:38,907 [grpc-default-executor-2] INFO  server.RaftServer$Division (RaftServerImpl.java:requestVote(1078)) - c76a0960-210e-464c-8d60-ee8557cfadbb@group-195BAEDE0F07 replies to ELECTION vote request: 76f1d3ab-551a-41e2-9590-cf43f9dd4238<-c76a0960-210e-464c-8d60-ee8557cfadbb#0:FAIL-t1. Peer's state: c76a0960-210e-464c-8d60-ee8557cfadbb@group-195BAEDE0F07:t1, leader=76f1d3ab-551a-41e2-9590-cf43f9dd4238, voted=c76a0960-210e-464c-8d60-ee8557cfadbb, raftlog=c76a0960-210e-464c-8d60-ee8557cfadbb@group-195BAEDE0F07-SegmentedRaftLog:OPENED:c-1, conf=-1: [76f1d3ab-551a-41e2-9590-cf43f9dd4238|rpc:10.1.0.28:46491|priority:1, acc7ce84-f107-4bcc-9a9d-7d0d04927ca9|rpc:10.1.0.28:34495|priority:0, c76a0960-210e-464c-8d60-ee8557cfadbb|rpc:10.1.0.28:40875|priority:0], old=null
2021-12-22 08:22:38,910 [grpc-default-executor-0] INFO  server.RaftServer$Division (ServerState.java:setRaftConf(387)) - c76a0960-210e-464c-8d60-ee8557cfadbb@group-195BAEDE0F07: set configuration 0: [76f1d3ab-551a-41e2-9590-cf43f9dd4238|rpc:10.1.0.28:46491|dataStream:|priority:1, acc7ce84-f107-4bcc-9a9d-7d0d04927ca9|rpc:10.1.0.28:34495|dataStream:|priority:0, c76a0960-210e-464c-8d60-ee8557cfadbb|rpc:10.1.0.28:40875|dataStream:|priority:0], old=null
2021-12-22 08:22:38,910 [grpc-default-executor-0] INFO  segmented.SegmentedRaftLogWorker (SegmentedRaftLogWorker.java:startLogSegment(394)) - c76a0960-210e-464c-8d60-ee8557cfadbb@group-195BAEDE0F07-SegmentedRaftLogWorker: Starting segment from index:0
2021-12-22 08:22:38,914 [grpc-default-executor-3] INFO  impl.VoteContext (VoteContext.java:log(48)) - acc7ce84-f107-4bcc-9a9d-7d0d04927ca9@group-195BAEDE0F07-FOLLOWER: reject ELECTION from c76a0960-210e-464c-8d60-ee8557cfadbb: already has voted for 76f1d3ab-551a-41e2-9590-cf43f9dd4238 at current term 1
2021-12-22 08:22:38,921 [grpc-default-executor-3] INFO  server.RaftServer$Division (RaftServerImpl.java:requestVote(1078)) - acc7ce84-f107-4bcc-9a9d-7d0d04927ca9@group-195BAEDE0F07 replies to ELECTION vote request: c76a0960-210e-464c-8d60-ee8557cfadbb<-acc7ce84-f107-4bcc-9a9d-7d0d04927ca9#0:FAIL-t1. Peer's state: acc7ce84-f107-4bcc-9a9d-7d0d04927ca9@group-195BAEDE0F07:t1, leader=null, voted=76f1d3ab-551a-41e2-9590-cf43f9dd4238, raftlog=acc7ce84-f107-4bcc-9a9d-7d0d04927ca9@group-195BAEDE0F07-SegmentedRaftLog:OPENED:c-1, conf=-1: [76f1d3ab-551a-41e2-9590-cf43f9dd4238|rpc:10.1.0.28:46491|dataStream:|priority:1, acc7ce84-f107-4bcc-9a9d-7d0d04927ca9|rpc:10.1.0.28:34495|dataStream:|priority:0, c76a0960-210e-464c-8d60-ee8557cfadbb|rpc:10.1.0.28:40875|dataStream:|priority:0], old=null
2021-12-22 08:22:38,921 [grpc-default-executor-1] INFO  ratis.XceiverServerRatis (XceiverServerRatis.java:handleLeaderChangedNotification(866)) - Leader change notification received for group: group-195BAEDE0F07 with new leaderId: 76f1d3ab-551a-41e2-9590-cf43f9dd4238
2021-12-22 08:22:38,921 [grpc-default-executor-1] INFO  server.RaftServer$Division (ServerState.java:setLeader(285)) - acc7ce84-f107-4bcc-9a9d-7d0d04927ca9@group-195BAEDE0F07: change Leader from null to 76f1d3ab-551a-41e2-9590-cf43f9dd4238 at term 1 for appendEntries, leader elected after 5179ms
2021-12-22 08:22:38,915 [c76a0960-210e-464c-8d60-ee8557cfadbb@group-195BAEDE0F07-SegmentedRaftLogWorker] INFO  segmented.SegmentedRaftLogWorker (SegmentedRaftLogWorker.java:execute(601)) - c76a0960-210e-464c-8d60-ee8557cfadbb@group-195BAEDE0F07-SegmentedRaftLogWorker: created new log segment /home/runner/work/ozone/ozone/hadoop-ozone/integration-test/target/test-dir/MiniOzoneClusterImpl-3dd55103-1821-4ecb-9679-770619bfedda/datanode-0/data/ratis/0328592f-92d1-48f9-9f13-195baede0f07/current/log_inprogress_0
2021-12-22 08:22:38,948 [grpc-default-executor-1] INFO  server.RaftServer$Division (ServerState.java:setRaftConf(387)) - acc7ce84-f107-4bcc-9a9d-7d0d04927ca9@group-195BAEDE0F07: set configuration 0: [76f1d3ab-551a-41e2-9590-cf43f9dd4238|rpc:10.1.0.28:46491|dataStream:|priority:1, acc7ce84-f107-4bcc-9a9d-7d0d04927ca9|rpc:10.1.0.28:34495|dataStream:|priority:0, c76a0960-210e-464c-8d60-ee8557cfadbb|rpc:10.1.0.28:40875|dataStream:|priority:0], old=null
2021-12-22 08:22:38,920 [c76a0960-210e-464c-8d60-ee8557cfadbb@group-195BAEDE0F07-LeaderElection29] INFO  impl.LeaderElection (LeaderElection.java:logAndReturn(89)) - c76a0960-210e-464c-8d60-ee8557cfadbb@group-195BAEDE0F07-LeaderElection29: ELECTION REJECTED received 1 response(s) and 0 exception(s):
2021-12-22 08:22:38,949 [c76a0960-210e-464c-8d60-ee8557cfadbb@group-195BAEDE0F07-LeaderElection29] INFO  impl.LeaderElection (LeaderElection.java:logAndReturn(93)) -   Response 0: c76a0960-210e-464c-8d60-ee8557cfadbb<-76f1d3ab-551a-41e2-9590-cf43f9dd4238#0:FAIL-t1
2021-12-22 08:22:38,949 [c76a0960-210e-464c-8d60-ee8557cfadbb@group-195BAEDE0F07-LeaderElection29] INFO  impl.LeaderElection (LeaderElection.java:askForVotes(308)) - c76a0960-210e-464c-8d60-ee8557cfadbb@group-195BAEDE0F07-LeaderElection29 ELECTION round 0: result REJECTED
2021-12-22 08:22:38,949 [grpc-default-executor-1] INFO  segmented.SegmentedRaftLogWorker (SegmentedRaftLogWorker.java:startLogSegment(394)) - acc7ce84-f107-4bcc-9a9d-7d0d04927ca9@group-195BAEDE0F07-SegmentedRaftLogWorker: Starting segment from index:0
2021-12-22 08:22:38,953 [acc7ce84-f107-4bcc-9a9d-7d0d04927ca9@group-195BAEDE0F07-SegmentedRaftLogWorker] INFO  segmented.SegmentedRaftLogWorker (SegmentedRaftLogWorker.java:execute(601)) - acc7ce84-f107-4bcc-9a9d-7d0d04927ca9@group-195BAEDE0F07-SegmentedRaftLogWorker: created new log segment /home/runner/work/ozone/ozone/hadoop-ozone/integration-test/target/test-dir/MiniOzoneClusterImpl-3dd55103-1821-4ecb-9679-770619bfedda/datanode-2/data/ratis/0328592f-92d1-48f9-9f13-195baede0f07/current/log_inprogress_0
2021-12-22 08:22:38,987 [Listener at 127.0.0.1/41155] INFO  rpc.RpcClient (RpcClient.java:createVolume(389)) - Creating Volume: volume22679, with user18640 as owner and space quota set to -1 bytes, counts quota set to -1
2021-12-22 08:22:39,000 [IPC Server handler 0 on default port 41155] INFO  volume.OMVolumeCreateRequest (OMVolumeCreateRequest.java:validateAndUpdateCache(195)) - created volume:volume22679 for user:user18640
2021-12-22 08:22:39,025 [Listener at 127.0.0.1/41155] INFO  rpc.RpcClient (RpcClient.java:createBucket(552)) - Creating Bucket: volume22679/bucket33938, with runner as owner and Versioning false and Storage Type set to DISK and Encryption set to false 
]]></system-out>
    <system-err><![CDATA[Exception in thread "Trash Emptier" java.lang.UnsupportedOperationException: fs.getUri() not implemented in TrashOzoneFileSystem
	at org.apache.hadoop.ozone.om.TrashOzoneFileSystem.getUri(TrashOzoneFileSystem.java:124)
	at org.apache.hadoop.fs.FileSystem.close(FileSystem.java:2592)
	at org.apache.hadoop.ozone.om.TrashPolicyOzone$Emptier.run(TrashPolicyOzone.java:243)
	at java.lang.Thread.run(Thread.java:748)
]]></system-err>
  </testcase>
  <testcase name="testRenameFile[2]" classname="org.apache.hadoop.fs.ozone.TestRootedOzoneFileSystem" time="0.155"/>
  <testcase name="testListStatusRootAndVolumeRecursive[2]" classname="org.apache.hadoop.fs.ozone.TestRootedOzoneFileSystem" time="0.946"/>
  <testcase name="testTempMount[2]" classname="org.apache.hadoop.fs.ozone.TestRootedOzoneFileSystem" time="0.211"/>
  <testcase name="testListStatusRootAndVolumeNonRecursive[2]" classname="org.apache.hadoop.fs.ozone.TestRootedOzoneFileSystem" time="0.584"/>
  <testcase name="testDeleteVolumeAndBucket[2]" classname="org.apache.hadoop.fs.ozone.TestRootedOzoneFileSystem" time="0.03"/>
  <testcase name="testRenameDirToItsOwnSubDir[2]" classname="org.apache.hadoop.fs.ozone.TestRootedOzoneFileSystem" time="0.023"/>
  <testcase name="testOzoneFsServiceLoader[2]" classname="org.apache.hadoop.fs.ozone.TestRootedOzoneFileSystem" time="0.091"/>
  <testcase name="testTrash[2]" classname="org.apache.hadoop.fs.ozone.TestRootedOzoneFileSystem" time="0">
    <skipped/>
  </testcase>
  <testcase name="testRenameDestinationParentDoesntExist[2]" classname="org.apache.hadoop.fs.ozone.TestRootedOzoneFileSystem" time="0.061"/>
  <testcase name="testGetFileStatusRoot[2]" classname="org.apache.hadoop.fs.ozone.TestRootedOzoneFileSystem" time="0.011"/>
  <testcase name="testCreateWithInvalidPaths[2]" classname="org.apache.hadoop.fs.ozone.TestRootedOzoneFileSystem" time="0.004"/>
  <testcase name="testDeleteEmptyVolume[2]" classname="org.apache.hadoop.fs.ozone.TestRootedOzoneFileSystem" time="0.029"/>
  <testcase name="testListStatusRootAndVolumeContinuation[2]" classname="org.apache.hadoop.fs.ozone.TestRootedOzoneFileSystem" time="0">
    <skipped message="FS Path is enabled. Skipping this test as it is not tuned for FS Path yet" type="org.junit.AssumptionViolatedException">org.junit.AssumptionViolatedException: FS Path is enabled. Skipping this test as it is not tuned for FS Path yet
	at org.junit.Assume.assumeTrue(Assume.java:68)
	at org.apache.hadoop.fs.ozone.TestRootedOzoneFileSystem.testListStatusRootAndVolumeContinuation(TestRootedOzoneFileSystem.java:887)
	at sun.reflect.NativeMethodAccessorImpl.invoke0(Native Method)
	at sun.reflect.NativeMethodAccessorImpl.invoke(NativeMethodAccessorImpl.java:62)
	at sun.reflect.DelegatingMethodAccessorImpl.invoke(DelegatingMethodAccessorImpl.java:43)
	at java.lang.reflect.Method.invoke(Method.java:498)
	at org.junit.runners.model.FrameworkMethod$1.runReflectiveCall(FrameworkMethod.java:59)
	at org.junit.internal.runners.model.ReflectiveCallable.run(ReflectiveCallable.java:12)
	at org.junit.runners.model.FrameworkMethod.invokeExplosively(FrameworkMethod.java:56)
	at org.junit.internal.runners.statements.InvokeMethod.evaluate(InvokeMethod.java:17)
	at org.junit.internal.runners.statements.FailOnTimeout$CallableStatement.call(FailOnTimeout.java:288)
	at org.junit.internal.runners.statements.FailOnTimeout$CallableStatement.call(FailOnTimeout.java:282)
	at java.util.concurrent.FutureTask.run(FutureTask.java:266)
	at java.lang.Thread.run(Thread.java:748)
</skipped>
  </testcase>
  <testcase name="testDeleteVolumeBucketAndKey[2]" classname="org.apache.hadoop.fs.ozone.TestRootedOzoneFileSystem" time="0.084"/>
  <testcase name="testRenameToParentDir[2]" classname="org.apache.hadoop.fs.ozone.TestRootedOzoneFileSystem" time="0.042"/>
  <testcase name="testMkdirNonExistentVolumeBucket[2]" classname="org.apache.hadoop.fs.ozone.TestRootedOzoneFileSystem" time="0.025"/>
  <testcase name="testFailToDeleteRoot[2]" classname="org.apache.hadoop.fs.ozone.TestRootedOzoneFileSystem" time="0.01"/>
  <testcase name="testListStatusOnSubDirs[2]" classname="org.apache.hadoop.fs.ozone.TestRootedOzoneFileSystem" time="0.055"/>
  <testcase name="testListStatus[2]" classname="org.apache.hadoop.fs.ozone.TestRootedOzoneFileSystem" time="0.035"/>
  <testcase name="testGetTrashRoots[2]" classname="org.apache.hadoop.fs.ozone.TestRootedOzoneFileSystem" time="0.593"/>
  <testcase name="testCreateDoesNotAddParentDirKeys[2]" classname="org.apache.hadoop.fs.ozone.TestRootedOzoneFileSystem" time="0.197"/>
  <testcase name="testMkdirNonExistentVolume[2]" classname="org.apache.hadoop.fs.ozone.TestRootedOzoneFileSystem" time="0.02"/>
  <testcase name="testDeleteCreatesFakeParentDir[2]" classname="org.apache.hadoop.fs.ozone.TestRootedOzoneFileSystem" time="0">
    <skipped message="FS Path is enabled. Skipping this test as it is not tuned for FS Path yet" type="org.junit.AssumptionViolatedException">org.junit.AssumptionViolatedException: FS Path is enabled. Skipping this test as it is not tuned for FS Path yet
	at org.junit.Assume.assumeTrue(Assume.java:68)
	at org.apache.hadoop.fs.ozone.TestRootedOzoneFileSystem.testDeleteCreatesFakeParentDir(TestRootedOzoneFileSystem.java:302)
	at sun.reflect.NativeMethodAccessorImpl.invoke0(Native Method)
	at sun.reflect.NativeMethodAccessorImpl.invoke(NativeMethodAccessorImpl.java:62)
	at sun.reflect.DelegatingMethodAccessorImpl.invoke(DelegatingMethodAccessorImpl.java:43)
	at java.lang.reflect.Method.invoke(Method.java:498)
	at org.junit.runners.model.FrameworkMethod$1.runReflectiveCall(FrameworkMethod.java:59)
	at org.junit.internal.runners.model.ReflectiveCallable.run(ReflectiveCallable.java:12)
	at org.junit.runners.model.FrameworkMethod.invokeExplosively(FrameworkMethod.java:56)
	at org.junit.internal.runners.statements.InvokeMethod.evaluate(InvokeMethod.java:17)
	at org.junit.internal.runners.statements.FailOnTimeout$CallableStatement.call(FailOnTimeout.java:288)
	at org.junit.internal.runners.statements.FailOnTimeout$CallableStatement.call(FailOnTimeout.java:282)
	at java.util.concurrent.FutureTask.run(FutureTask.java:266)
	at java.lang.Thread.run(Thread.java:748)
</skipped>
  </testcase>
  <testcase name="testNonExplicitlyCreatedPathExistsAfterItsLeafsWereRemoved[2]" classname="org.apache.hadoop.fs.ozone.TestRootedOzoneFileSystem" time="0.066"/>
  <testcase name="testFileDelete[2]" classname="org.apache.hadoop.fs.ozone.TestRootedOzoneFileSystem" time="0.205"/>
  <testcase name="testRenameToTrashEnabled[2]" classname="org.apache.hadoop.fs.ozone.TestRootedOzoneFileSystem" time="0.202"/>
  <testcase name="testMkdirOnNonExistentVolumeBucketDir[2]" classname="org.apache.hadoop.fs.ozone.TestRootedOzoneFileSystem" time="0">
    <skipped message="FS Path is enabled. Skipping this test as it is not tuned for FS Path yet" type="org.junit.AssumptionViolatedException">org.junit.AssumptionViolatedException: FS Path is enabled. Skipping this test as it is not tuned for FS Path yet
	at org.junit.Assume.assumeTrue(Assume.java:68)
	at org.apache.hadoop.fs.ozone.TestRootedOzoneFileSystem.testMkdirOnNonExistentVolumeBucketDir(TestRootedOzoneFileSystem.java:405)
	at sun.reflect.NativeMethodAccessorImpl.invoke0(Native Method)
	at sun.reflect.NativeMethodAccessorImpl.invoke(NativeMethodAccessorImpl.java:62)
	at sun.reflect.DelegatingMethodAccessorImpl.invoke(DelegatingMethodAccessorImpl.java:43)
	at java.lang.reflect.Method.invoke(Method.java:498)
	at org.junit.runners.model.FrameworkMethod$1.runReflectiveCall(FrameworkMethod.java:59)
	at org.junit.internal.runners.model.ReflectiveCallable.run(ReflectiveCallable.java:12)
	at org.junit.runners.model.FrameworkMethod.invokeExplosively(FrameworkMethod.java:56)
	at org.junit.internal.runners.statements.InvokeMethod.evaluate(InvokeMethod.java:17)
	at org.junit.internal.runners.statements.FailOnTimeout$CallableStatement.call(FailOnTimeout.java:288)
	at org.junit.internal.runners.statements.FailOnTimeout$CallableStatement.call(FailOnTimeout.java:282)
	at java.util.concurrent.FutureTask.run(FutureTask.java:266)
	at java.lang.Thread.run(Thread.java:748)
</skipped>
  </testcase>
  <testcase name="testListStatusOnLargeDirectory[2]" classname="org.apache.hadoop.fs.ozone.TestRootedOzoneFileSystem" time="10.609"/>
  <testcase name="testRenameToDifferentBucket[2]" classname="org.apache.hadoop.fs.ozone.TestRootedOzoneFileSystem" time="0.03"/>
  <testcase name="testListStatusInBucket[2]" classname="org.apache.hadoop.fs.ozone.TestRootedOzoneFileSystem" time="0.078"/>
  <testcase name="testRenameFileToDir[2]" classname="org.apache.hadoop.fs.ozone.TestRootedOzoneFileSystem" time="0.087"/>
  <testcase name="testNonPrivilegedUserMkdirCreateBucket[3]" classname="org.apache.hadoop.fs.ozone.TestRootedOzoneFileSystem" time="0">
    <skipped message="ACL is not enabled. Skipping this test as it requires ACL to be enabled to be meaningful." type="org.junit.AssumptionViolatedException">org.junit.AssumptionViolatedException: ACL is not enabled. Skipping this test as it requires ACL to be enabled to be meaningful.
	at org.junit.Assume.assumeTrue(Assume.java:68)
	at org.apache.hadoop.fs.ozone.TestRootedOzoneFileSystem.testNonPrivilegedUserMkdirCreateBucket(TestRootedOzoneFileSystem.java:1582)
	at sun.reflect.NativeMethodAccessorImpl.invoke0(Native Method)
	at sun.reflect.NativeMethodAccessorImpl.invoke(NativeMethodAccessorImpl.java:62)
	at sun.reflect.DelegatingMethodAccessorImpl.invoke(DelegatingMethodAccessorImpl.java:43)
	at java.lang.reflect.Method.invoke(Method.java:498)
	at org.junit.runners.model.FrameworkMethod$1.runReflectiveCall(FrameworkMethod.java:59)
	at org.junit.internal.runners.model.ReflectiveCallable.run(ReflectiveCallable.java:12)
	at org.junit.runners.model.FrameworkMethod.invokeExplosively(FrameworkMethod.java:56)
	at org.junit.internal.runners.statements.InvokeMethod.evaluate(InvokeMethod.java:17)
	at org.junit.internal.runners.statements.FailOnTimeout$CallableStatement.call(FailOnTimeout.java:288)
	at org.junit.internal.runners.statements.FailOnTimeout$CallableStatement.call(FailOnTimeout.java:282)
	at java.util.concurrent.FutureTask.run(FutureTask.java:266)
	at java.lang.Thread.run(Thread.java:748)
</skipped>
    <system-out><![CDATA[2021-12-22 08:22:53,706 [Listener at 127.0.0.1/41155] INFO  ozone.MiniOzoneClusterImpl (MiniOzoneClusterImpl.java:shutdown(453)) - Shutting down the Mini Ozone Cluster
2021-12-22 08:22:53,706 [Listener at 127.0.0.1/41155] INFO  ozone.MiniOzoneClusterImpl (MiniOzoneClusterImpl.java:stop(468)) - Stopping the Mini Ozone Cluster
2021-12-22 08:22:53,706 [Listener at 127.0.0.1/41155] INFO  ozone.MiniOzoneClusterImpl (MiniOzoneClusterImpl.java:stopOM(550)) - Stopping the OzoneManager
2021-12-22 08:22:53,706 [Listener at 127.0.0.1/41155] INFO  om.OzoneManager (OzoneManager.java:stop(1893)) - om1[localhost:0]: Stopping Ozone Manager
2021-12-22 08:22:53,706 [Listener at 127.0.0.1/41155] INFO  ipc.Server (Server.java:stop(3414)) - Stopping server on 41155
2021-12-22 08:22:53,739 [IPC Server listener on 0] INFO  ipc.Server (Server.java:run(1376)) - Stopping IPC Server listener on 0
2021-12-22 08:22:53,740 [IPC Server Responder] INFO  ipc.Server (Server.java:run(1512)) - Stopping IPC Server Responder
2021-12-22 08:22:53,740 [Listener at 127.0.0.1/41155] INFO  ratis.OzoneManagerDoubleBuffer (OzoneManagerDoubleBuffer.java:stop(437)) - Stopping OMDoubleBuffer flush thread
2021-12-22 08:22:53,740 [OMDoubleBufferFlushThread] INFO  ratis.OzoneManagerDoubleBuffer (OzoneManagerDoubleBuffer.java:flushTransactions(356)) - OMDoubleBuffer flush thread OMDoubleBufferFlushThread is interrupted and will exit. OMDoubleBufferFlushThread
2021-12-22 08:22:53,741 [Listener at 127.0.0.1/41155] INFO  utils.BackgroundService (BackgroundService.java:shutdown(132)) - Shutting down service KeyDeletingService
2021-12-22 08:22:53,741 [Listener at 127.0.0.1/41155] INFO  utils.BackgroundService (BackgroundService.java:shutdown(132)) - Shutting down service DirectoryDeletingService
2021-12-22 08:22:53,742 [Listener at 127.0.0.1/41155] INFO  handler.ContextHandler (ContextHandler.java:doStop(1153)) - Stopped o.e.j.w.WebAppContext@2142ab69{ozoneManager,/,null,STOPPED}{file:/home/runner/work/ozone/ozone/hadoop-ozone/integration-test/target/test-classes/webapps/ozoneManager}
2021-12-22 08:22:53,743 [Listener at 127.0.0.1/41155] INFO  server.AbstractConnector (AbstractConnector.java:doStop(381)) - Stopped ServerConnector@1c2618d8{HTTP/1.1, (http/1.1)}{0.0.0.0:0}
2021-12-22 08:22:53,743 [Listener at 127.0.0.1/41155] INFO  server.session (HouseKeeper.java:stopScavenging(149)) - node0 Stopped scavenging
2021-12-22 08:22:53,743 [Listener at 127.0.0.1/41155] INFO  handler.ContextHandler (ContextHandler.java:doStop(1153)) - Stopped o.e.j.s.ServletContextHandler@69b45d36{static,/static,file:///home/runner/work/ozone/ozone/hadoop-ozone/integration-test/target/test-classes/webapps/static,STOPPED}
2021-12-22 08:22:53,743 [Listener at 127.0.0.1/41155] INFO  handler.ContextHandler (ContextHandler.java:doStop(1153)) - Stopped o.e.j.s.ServletContextHandler@6c035744{logs,/logs,file:///home/runner/work/ozone/ozone/hadoop-ozone/integration-test/target/log,STOPPED}
2021-12-22 08:22:53,744 [Trash Emptier] ERROR om.TrashPolicyOzone (TrashPolicyOzone.java:run(251)) - Error attempting to shutdown
java.lang.InterruptedException
	at java.util.concurrent.locks.AbstractQueuedSynchronizer$ConditionObject.awaitNanos(AbstractQueuedSynchronizer.java:2067)
	at java.util.concurrent.ThreadPoolExecutor.awaitTermination(ThreadPoolExecutor.java:1475)
	at org.apache.hadoop.ozone.om.TrashPolicyOzone$Emptier.run(TrashPolicyOzone.java:249)
	at java.lang.Thread.run(Thread.java:748)
2021-12-22 08:22:53,758 [Listener at 127.0.0.1/41155] INFO  ozone.MiniOzoneClusterImpl (MiniOzoneClusterImpl.java:stopDatanodes(527)) - Stopping the HddsDatanodes
2021-12-22 08:22:58,763 [Listener at 127.0.0.1/41155] INFO  ozoneimpl.OzoneContainer (OzoneContainer.java:stop(336)) - Attempting to stop container services.
2021-12-22 08:22:58,766 [Listener at 127.0.0.1/41155] INFO  server.RaftServer (RaftServerProxy.java:lambda$close$6(391)) - 76f1d3ab-551a-41e2-9590-cf43f9dd4238: close
2021-12-22 08:22:58,766 [Listener at 127.0.0.1/41155] INFO  server.RaftServer$Division (RaftServerImpl.java:lambda$close$4(412)) - 76f1d3ab-551a-41e2-9590-cf43f9dd4238@group-3833EFCD79BA: shutdown
2021-12-22 08:22:58,767 [Listener at 127.0.0.1/41155] INFO  util.JmxRegister (JmxRegister.java:unregister(73)) - Successfully un-registered JMX Bean with object name Ratis:service=RaftServer,group=group-3833EFCD79BA,id=76f1d3ab-551a-41e2-9590-cf43f9dd4238
2021-12-22 08:22:58,767 [Listener at 127.0.0.1/41155] INFO  impl.RoleInfo (RoleInfo.java:shutdownFollowerState(108)) - 76f1d3ab-551a-41e2-9590-cf43f9dd4238: shutdown 76f1d3ab-551a-41e2-9590-cf43f9dd4238@group-3833EFCD79BA-FollowerState
2021-12-22 08:22:58,767 [Listener at 127.0.0.1/41155] INFO  impl.StateMachineUpdater (StateMachineUpdater.java:stopAndJoin(149)) - 76f1d3ab-551a-41e2-9590-cf43f9dd4238@group-3833EFCD79BA-StateMachineUpdater: set stopIndex = 0
2021-12-22 08:22:58,767 [76f1d3ab-551a-41e2-9590-cf43f9dd4238@group-3833EFCD79BA-StateMachineUpdater] INFO  ratis.ContainerStateMachine (ContainerStateMachine.java:takeSnapshot(299)) - group-3833EFCD79BA: Taking a snapshot at:(t:2, i:0) file /home/runner/work/ozone/ozone/hadoop-ozone/integration-test/target/test-dir/MiniOzoneClusterImpl-3dd55103-1821-4ecb-9679-770619bfedda/datanode-1/data/ratis/13d3c5c2-933c-4e6a-91cb-3833efcd79ba/sm/snapshot.2_0
2021-12-22 08:22:58,767 [76f1d3ab-551a-41e2-9590-cf43f9dd4238@group-3833EFCD79BA-FollowerState] INFO  impl.FollowerState (FollowerState.java:run(143)) - 76f1d3ab-551a-41e2-9590-cf43f9dd4238@group-3833EFCD79BA-FollowerState was interrupted: {}
java.lang.InterruptedException: sleep interrupted
	at java.lang.Thread.sleep(Native Method)
	at java.lang.Thread.sleep(Thread.java:340)
	at java.util.concurrent.TimeUnit.sleep(TimeUnit.java:386)
	at org.apache.ratis.util.TimeDuration.sleep(TimeDuration.java:324)
	at org.apache.ratis.util.TimeDuration.sleep(TimeDuration.java:309)
	at org.apache.ratis.server.impl.FollowerState.run(FollowerState.java:118)
2021-12-22 08:22:58,769 [76f1d3ab-551a-41e2-9590-cf43f9dd4238@group-3833EFCD79BA-StateMachineUpdater] INFO  ratis.ContainerStateMachine (ContainerStateMachine.java:takeSnapshot(310)) - group-3833EFCD79BA: Finished taking a snapshot at:(t:2, i:0) file:/home/runner/work/ozone/ozone/hadoop-ozone/integration-test/target/test-dir/MiniOzoneClusterImpl-3dd55103-1821-4ecb-9679-770619bfedda/datanode-1/data/ratis/13d3c5c2-933c-4e6a-91cb-3833efcd79ba/sm/snapshot.2_0 took: 2 ms
2021-12-22 08:22:58,770 [76f1d3ab-551a-41e2-9590-cf43f9dd4238@group-3833EFCD79BA-StateMachineUpdater] INFO  impl.StateMachineUpdater (StateMachineUpdater.java:takeSnapshot(281)) - 76f1d3ab-551a-41e2-9590-cf43f9dd4238@group-3833EFCD79BA-StateMachineUpdater: Took a snapshot at index 0
2021-12-22 08:22:58,770 [76f1d3ab-551a-41e2-9590-cf43f9dd4238@group-3833EFCD79BA-StateMachineUpdater] INFO  impl.StateMachineUpdater (StateMachineUpdater.java:lambda$new$0(89)) - 76f1d3ab-551a-41e2-9590-cf43f9dd4238@group-3833EFCD79BA-StateMachineUpdater: snapshotIndex: updateIncreasingly -1 -> 0
2021-12-22 08:22:58,770 [Listener at 127.0.0.1/41155] INFO  server.RaftServer$Division (ServerState.java:close(419)) - 76f1d3ab-551a-41e2-9590-cf43f9dd4238@group-3833EFCD79BA: closes. applyIndex: 0
2021-12-22 08:22:58,770 [76f1d3ab-551a-41e2-9590-cf43f9dd4238@group-3833EFCD79BA-SegmentedRaftLogWorker] INFO  segmented.SegmentedRaftLogWorker (SegmentedRaftLogWorker.java:run(327)) - 76f1d3ab-551a-41e2-9590-cf43f9dd4238@group-3833EFCD79BA-SegmentedRaftLogWorker was interrupted, exiting. There are 0 tasks remaining in the queue.
2021-12-22 08:22:58,771 [Listener at 127.0.0.1/41155] INFO  segmented.SegmentedRaftLogWorker (SegmentedRaftLogWorker.java:close(237)) - 76f1d3ab-551a-41e2-9590-cf43f9dd4238@group-3833EFCD79BA-SegmentedRaftLogWorker close()
2021-12-22 08:22:58,772 [Listener at 127.0.0.1/41155] INFO  server.RaftServer$Division (RaftServerImpl.java:lambda$close$4(412)) - 76f1d3ab-551a-41e2-9590-cf43f9dd4238@group-DF7A1F26D946: shutdown
2021-12-22 08:22:58,772 [Listener at 127.0.0.1/41155] INFO  util.JmxRegister (JmxRegister.java:unregister(73)) - Successfully un-registered JMX Bean with object name Ratis:service=RaftServer,group=group-DF7A1F26D946,id=76f1d3ab-551a-41e2-9590-cf43f9dd4238
2021-12-22 08:22:58,772 [Listener at 127.0.0.1/41155] INFO  impl.RoleInfo (RoleInfo.java:shutdownLeaderState(91)) - 76f1d3ab-551a-41e2-9590-cf43f9dd4238: shutdown 76f1d3ab-551a-41e2-9590-cf43f9dd4238@group-DF7A1F26D946-LeaderStateImpl
2021-12-22 08:22:58,773 [Listener at 127.0.0.1/41155] INFO  impl.PendingRequests (PendingRequests.java:sendNotLeaderResponses(282)) - 76f1d3ab-551a-41e2-9590-cf43f9dd4238@group-DF7A1F26D946-PendingRequests: sendNotLeaderResponses
2021-12-22 08:22:58,773 [Listener at 127.0.0.1/41155] INFO  impl.StateMachineUpdater (StateMachineUpdater.java:stopAndJoin(149)) - 76f1d3ab-551a-41e2-9590-cf43f9dd4238@group-DF7A1F26D946-StateMachineUpdater: set stopIndex = 0
2021-12-22 08:22:58,773 [76f1d3ab-551a-41e2-9590-cf43f9dd4238@group-DF7A1F26D946-StateMachineUpdater] INFO  ratis.ContainerStateMachine (ContainerStateMachine.java:takeSnapshot(299)) - group-DF7A1F26D946: Taking a snapshot at:(t:1, i:0) file /home/runner/work/ozone/ozone/hadoop-ozone/integration-test/target/test-dir/MiniOzoneClusterImpl-3dd55103-1821-4ecb-9679-770619bfedda/datanode-1/data/ratis/8cdeab8d-34bf-42f4-a47b-df7a1f26d946/sm/snapshot.1_0
2021-12-22 08:22:58,774 [76f1d3ab-551a-41e2-9590-cf43f9dd4238@group-DF7A1F26D946-StateMachineUpdater] INFO  ratis.ContainerStateMachine (ContainerStateMachine.java:takeSnapshot(310)) - group-DF7A1F26D946: Finished taking a snapshot at:(t:1, i:0) file:/home/runner/work/ozone/ozone/hadoop-ozone/integration-test/target/test-dir/MiniOzoneClusterImpl-3dd55103-1821-4ecb-9679-770619bfedda/datanode-1/data/ratis/8cdeab8d-34bf-42f4-a47b-df7a1f26d946/sm/snapshot.1_0 took: 1 ms
2021-12-22 08:22:58,775 [76f1d3ab-551a-41e2-9590-cf43f9dd4238@group-DF7A1F26D946-StateMachineUpdater] INFO  impl.StateMachineUpdater (StateMachineUpdater.java:takeSnapshot(281)) - 76f1d3ab-551a-41e2-9590-cf43f9dd4238@group-DF7A1F26D946-StateMachineUpdater: Took a snapshot at index 0
2021-12-22 08:22:58,775 [76f1d3ab-551a-41e2-9590-cf43f9dd4238@group-DF7A1F26D946-StateMachineUpdater] INFO  impl.StateMachineUpdater (StateMachineUpdater.java:lambda$new$0(89)) - 76f1d3ab-551a-41e2-9590-cf43f9dd4238@group-DF7A1F26D946-StateMachineUpdater: snapshotIndex: updateIncreasingly -1 -> 0
2021-12-22 08:22:58,775 [Listener at 127.0.0.1/41155] INFO  server.RaftServer$Division (ServerState.java:close(419)) - 76f1d3ab-551a-41e2-9590-cf43f9dd4238@group-DF7A1F26D946: closes. applyIndex: 0
2021-12-22 08:22:58,775 [76f1d3ab-551a-41e2-9590-cf43f9dd4238@group-DF7A1F26D946-SegmentedRaftLogWorker] INFO  segmented.SegmentedRaftLogWorker (SegmentedRaftLogWorker.java:run(327)) - 76f1d3ab-551a-41e2-9590-cf43f9dd4238@group-DF7A1F26D946-SegmentedRaftLogWorker was interrupted, exiting. There are 0 tasks remaining in the queue.
2021-12-22 08:22:58,775 [Listener at 127.0.0.1/41155] INFO  segmented.SegmentedRaftLogWorker (SegmentedRaftLogWorker.java:close(237)) - 76f1d3ab-551a-41e2-9590-cf43f9dd4238@group-DF7A1F26D946-SegmentedRaftLogWorker close()
2021-12-22 08:22:58,776 [Listener at 127.0.0.1/41155] INFO  server.RaftServer$Division (RaftServerImpl.java:lambda$close$4(412)) - 76f1d3ab-551a-41e2-9590-cf43f9dd4238@group-195BAEDE0F07: shutdown
2021-12-22 08:22:58,776 [Listener at 127.0.0.1/41155] INFO  util.JmxRegister (JmxRegister.java:unregister(73)) - Successfully un-registered JMX Bean with object name Ratis:service=RaftServer,group=group-195BAEDE0F07,id=76f1d3ab-551a-41e2-9590-cf43f9dd4238
2021-12-22 08:22:58,777 [Listener at 127.0.0.1/41155] INFO  impl.RoleInfo (RoleInfo.java:shutdownLeaderState(91)) - 76f1d3ab-551a-41e2-9590-cf43f9dd4238: shutdown 76f1d3ab-551a-41e2-9590-cf43f9dd4238@group-195BAEDE0F07-LeaderStateImpl
2021-12-22 08:22:58,777 [76f1d3ab-551a-41e2-9590-cf43f9dd4238@group-195BAEDE0F07->c76a0960-210e-464c-8d60-ee8557cfadbb-GrpcLogAppender-LogAppenderDaemon] WARN  server.GrpcLogAppender (GrpcLogAppender.java:mayWait(177)) - 76f1d3ab-551a-41e2-9590-cf43f9dd4238@group-195BAEDE0F07->c76a0960-210e-464c-8d60-ee8557cfadbb-GrpcLogAppender: Wait interrupted by java.lang.InterruptedException
2021-12-22 08:22:58,777 [Listener at 127.0.0.1/41155] INFO  impl.PendingRequests (PendingRequests.java:sendNotLeaderResponses(282)) - 76f1d3ab-551a-41e2-9590-cf43f9dd4238@group-195BAEDE0F07-PendingRequests: sendNotLeaderResponses
2021-12-22 08:22:58,785 [grpc-default-executor-1] INFO  server.GrpcServerProtocolService (GrpcServerProtocolService.java:onCompleted(140)) - c76a0960-210e-464c-8d60-ee8557cfadbb: Completed APPEND_ENTRIES, lastRequest: 76f1d3ab-551a-41e2-9590-cf43f9dd4238->c76a0960-210e-464c-8d60-ee8557cfadbb#285-t1,previous=(t:1, i:26),leaderCommit=25,initializing? true,entries: size=1, first=(t:1, i:27), METADATAENTRY(c:25)
2021-12-22 08:22:58,786 [Listener at 127.0.0.1/41155] INFO  impl.StateMachineUpdater (StateMachineUpdater.java:stopAndJoin(149)) - 76f1d3ab-551a-41e2-9590-cf43f9dd4238@group-195BAEDE0F07-StateMachineUpdater: set stopIndex = 27
2021-12-22 08:22:58,786 [76f1d3ab-551a-41e2-9590-cf43f9dd4238@group-195BAEDE0F07->acc7ce84-f107-4bcc-9a9d-7d0d04927ca9-GrpcLogAppender-LogAppenderDaemon] WARN  server.GrpcLogAppender (GrpcLogAppender.java:mayWait(177)) - 76f1d3ab-551a-41e2-9590-cf43f9dd4238@group-195BAEDE0F07->acc7ce84-f107-4bcc-9a9d-7d0d04927ca9-GrpcLogAppender: Wait interrupted by java.lang.InterruptedException
2021-12-22 08:22:58,788 [grpc-default-executor-3] INFO  server.GrpcServerProtocolService (GrpcServerProtocolService.java:onCompleted(140)) - acc7ce84-f107-4bcc-9a9d-7d0d04927ca9: Completed APPEND_ENTRIES, lastRequest: 76f1d3ab-551a-41e2-9590-cf43f9dd4238->acc7ce84-f107-4bcc-9a9d-7d0d04927ca9#302-t1,previous=(t:1, i:26),leaderCommit=25,initializing? true,entries: size=1, first=(t:1, i:27), METADATAENTRY(c:25)
2021-12-22 08:22:58,788 [ForkJoinPool.commonPool-worker-0] INFO  ozoneimpl.OzoneContainer (OzoneContainer.java:stop(336)) - Attempting to stop container services.
2021-12-22 08:22:58,788 [ForkJoinPool.commonPool-worker-0] INFO  server.RaftServer (RaftServerProxy.java:lambda$close$6(391)) - c76a0960-210e-464c-8d60-ee8557cfadbb: close
2021-12-22 08:22:58,788 [ForkJoinPool.commonPool-worker-0] INFO  server.RaftServer$Division (RaftServerImpl.java:lambda$close$4(412)) - c76a0960-210e-464c-8d60-ee8557cfadbb@group-0F3AA65AC2C7: shutdown
2021-12-22 08:22:58,789 [ForkJoinPool.commonPool-worker-0] INFO  util.JmxRegister (JmxRegister.java:unregister(73)) - Successfully un-registered JMX Bean with object name Ratis:service=RaftServer,group=group-0F3AA65AC2C7,id=c76a0960-210e-464c-8d60-ee8557cfadbb
2021-12-22 08:22:58,789 [ForkJoinPool.commonPool-worker-0] INFO  impl.RoleInfo (RoleInfo.java:shutdownLeaderState(91)) - c76a0960-210e-464c-8d60-ee8557cfadbb: shutdown c76a0960-210e-464c-8d60-ee8557cfadbb@group-0F3AA65AC2C7-LeaderStateImpl
2021-12-22 08:22:58,789 [ForkJoinPool.commonPool-worker-0] INFO  impl.PendingRequests (PendingRequests.java:sendNotLeaderResponses(282)) - c76a0960-210e-464c-8d60-ee8557cfadbb@group-0F3AA65AC2C7-PendingRequests: sendNotLeaderResponses
2021-12-22 08:22:58,789 [76f1d3ab-551a-41e2-9590-cf43f9dd4238@group-195BAEDE0F07-StateMachineUpdater] INFO  ratis.ContainerStateMachine (ContainerStateMachine.java:takeSnapshot(299)) - group-195BAEDE0F07: Taking a snapshot at:(t:1, i:27) file /home/runner/work/ozone/ozone/hadoop-ozone/integration-test/target/test-dir/MiniOzoneClusterImpl-3dd55103-1821-4ecb-9679-770619bfedda/datanode-1/data/ratis/0328592f-92d1-48f9-9f13-195baede0f07/sm/snapshot.1_27
2021-12-22 08:22:58,790 [grpc-default-executor-2] INFO  server.GrpcLogAppender (GrpcLogAppender.java:onCompleted(346)) - 76f1d3ab-551a-41e2-9590-cf43f9dd4238@group-195BAEDE0F07->c76a0960-210e-464c-8d60-ee8557cfadbb-AppendLogResponseHandler: follower responses appendEntries COMPLETED
2021-12-22 08:22:58,790 [grpc-default-executor-2] INFO  leader.FollowerInfo (FollowerInfoImpl.java:lambda$new$0(47)) - 76f1d3ab-551a-41e2-9590-cf43f9dd4238@group-195BAEDE0F07->c76a0960-210e-464c-8d60-ee8557cfadbb: nextIndex: updateUnconditionally 28 -> 27
2021-12-22 08:22:58,791 [ForkJoinPool.commonPool-worker-0] INFO  impl.StateMachineUpdater (StateMachineUpdater.java:stopAndJoin(149)) - c76a0960-210e-464c-8d60-ee8557cfadbb@group-0F3AA65AC2C7-StateMachineUpdater: set stopIndex = 0
2021-12-22 08:22:58,791 [grpc-default-executor-3] INFO  server.GrpcLogAppender (GrpcLogAppender.java:onCompleted(346)) - 76f1d3ab-551a-41e2-9590-cf43f9dd4238@group-195BAEDE0F07->acc7ce84-f107-4bcc-9a9d-7d0d04927ca9-AppendLogResponseHandler: follower responses appendEntries COMPLETED
2021-12-22 08:22:58,791 [grpc-default-executor-3] INFO  leader.FollowerInfo (FollowerInfoImpl.java:lambda$new$0(47)) - 76f1d3ab-551a-41e2-9590-cf43f9dd4238@group-195BAEDE0F07->acc7ce84-f107-4bcc-9a9d-7d0d04927ca9: nextIndex: updateUnconditionally 28 -> 27
2021-12-22 08:22:58,791 [c76a0960-210e-464c-8d60-ee8557cfadbb@group-0F3AA65AC2C7-StateMachineUpdater] INFO  ratis.ContainerStateMachine (ContainerStateMachine.java:takeSnapshot(299)) - group-0F3AA65AC2C7: Taking a snapshot at:(t:1, i:0) file /home/runner/work/ozone/ozone/hadoop-ozone/integration-test/target/test-dir/MiniOzoneClusterImpl-3dd55103-1821-4ecb-9679-770619bfedda/datanode-0/data/ratis/734967bf-b6ed-4980-92b8-0f3aa65ac2c7/sm/snapshot.1_0
2021-12-22 08:22:58,792 [76f1d3ab-551a-41e2-9590-cf43f9dd4238@group-195BAEDE0F07-StateMachineUpdater] INFO  ratis.ContainerStateMachine (ContainerStateMachine.java:takeSnapshot(310)) - group-195BAEDE0F07: Finished taking a snapshot at:(t:1, i:27) file:/home/runner/work/ozone/ozone/hadoop-ozone/integration-test/target/test-dir/MiniOzoneClusterImpl-3dd55103-1821-4ecb-9679-770619bfedda/datanode-1/data/ratis/0328592f-92d1-48f9-9f13-195baede0f07/sm/snapshot.1_27 took: 3 ms
2021-12-22 08:22:58,792 [76f1d3ab-551a-41e2-9590-cf43f9dd4238@group-195BAEDE0F07-StateMachineUpdater] INFO  impl.StateMachineUpdater (StateMachineUpdater.java:takeSnapshot(281)) - 76f1d3ab-551a-41e2-9590-cf43f9dd4238@group-195BAEDE0F07-StateMachineUpdater: Took a snapshot at index 27
2021-12-22 08:22:58,792 [76f1d3ab-551a-41e2-9590-cf43f9dd4238@group-195BAEDE0F07-StateMachineUpdater] INFO  impl.StateMachineUpdater (StateMachineUpdater.java:lambda$new$0(89)) - 76f1d3ab-551a-41e2-9590-cf43f9dd4238@group-195BAEDE0F07-StateMachineUpdater: snapshotIndex: updateIncreasingly -1 -> 27
2021-12-22 08:22:58,793 [Listener at 127.0.0.1/41155] INFO  server.RaftServer$Division (ServerState.java:close(419)) - 76f1d3ab-551a-41e2-9590-cf43f9dd4238@group-195BAEDE0F07: closes. applyIndex: 27
2021-12-22 08:22:58,793 [76f1d3ab-551a-41e2-9590-cf43f9dd4238@group-195BAEDE0F07-SegmentedRaftLogWorker] INFO  segmented.SegmentedRaftLogWorker (SegmentedRaftLogWorker.java:run(327)) - 76f1d3ab-551a-41e2-9590-cf43f9dd4238@group-195BAEDE0F07-SegmentedRaftLogWorker was interrupted, exiting. There are 0 tasks remaining in the queue.
2021-12-22 08:22:58,794 [Listener at 127.0.0.1/41155] INFO  segmented.SegmentedRaftLogWorker (SegmentedRaftLogWorker.java:close(237)) - 76f1d3ab-551a-41e2-9590-cf43f9dd4238@group-195BAEDE0F07-SegmentedRaftLogWorker close()
2021-12-22 08:22:58,795 [Listener at 127.0.0.1/41155] INFO  server.GrpcService (GrpcService.java:closeImpl(262)) - 76f1d3ab-551a-41e2-9590-cf43f9dd4238: shutdown server with port 46491 now
2021-12-22 08:22:58,796 [grpc-default-executor-4] WARN  server.GrpcServerProtocolService (LogUtils.java:warn(122)) - 76f1d3ab-551a-41e2-9590-cf43f9dd4238: installSnapshot onError, lastRequest: acc7ce84-f107-4bcc-9a9d-7d0d04927ca9->76f1d3ab-551a-41e2-9590-cf43f9dd4238#1-t2,previous=(t:0, i:0),leaderCommit=-1,initializing? true,entries: size=1, first=(t:2, i:0), CONFIGURATIONENTRY: org.apache.ratis.thirdparty.io.grpc.StatusRuntimeException: CANCELLED: client cancelled
2021-12-22 08:22:58,796 [grpc-default-executor-2] WARN  client.GrpcClientProtocolService (LogUtils.java:warn(122)) - 1-UnorderedRequestStreamObserver1: onError: org.apache.ratis.thirdparty.io.grpc.StatusRuntimeException: CANCELLED: client cancelled
2021-12-22 08:22:58,797 [grpc-default-executor-0] WARN  server.GrpcLogAppender (LogUtils.java:warn(122)) - acc7ce84-f107-4bcc-9a9d-7d0d04927ca9@group-3833EFCD79BA->76f1d3ab-551a-41e2-9590-cf43f9dd4238-AppendLogResponseHandler: Failed appendEntries: org.apache.ratis.thirdparty.io.grpc.StatusRuntimeException: CANCELLED: HTTP/2 error code: CANCEL
Received Rst Stream
2021-12-22 08:22:58,797 [grpc-default-executor-0] WARN  server.GrpcLogAppender (GrpcLogAppender.java:resetClient(110)) - acc7ce84-f107-4bcc-9a9d-7d0d04927ca9@group-3833EFCD79BA->76f1d3ab-551a-41e2-9590-cf43f9dd4238-GrpcLogAppender: Leader has not got in touch with Follower acc7ce84-f107-4bcc-9a9d-7d0d04927ca9@group-3833EFCD79BA->76f1d3ab-551a-41e2-9590-cf43f9dd4238(c0,m0,n1, attendVote=true, lastRpcSendTime=197, lastRpcResponseTime=189) yet, just keep nextIndex unchanged and retry.
2021-12-22 08:22:58,806 [Listener at 127.0.0.1/41155] INFO  server.GrpcService (GrpcService.java:closeImpl(271)) - 76f1d3ab-551a-41e2-9590-cf43f9dd4238: shutdown server with port 46491 successfully
2021-12-22 08:22:58,806 [org.apache.ratis.util.JvmPauseMonitor$$Lambda$528/1268289547@400e537e] INFO  util.JvmPauseMonitor (JvmPauseMonitor.java:run(109)) - JvmPauseMonitor-76f1d3ab-551a-41e2-9590-cf43f9dd4238: Stopped
2021-12-22 08:22:58,810 [c76a0960-210e-464c-8d60-ee8557cfadbb@group-0F3AA65AC2C7-StateMachineUpdater] INFO  ratis.ContainerStateMachine (ContainerStateMachine.java:takeSnapshot(310)) - group-0F3AA65AC2C7: Finished taking a snapshot at:(t:1, i:0) file:/home/runner/work/ozone/ozone/hadoop-ozone/integration-test/target/test-dir/MiniOzoneClusterImpl-3dd55103-1821-4ecb-9679-770619bfedda/datanode-0/data/ratis/734967bf-b6ed-4980-92b8-0f3aa65ac2c7/sm/snapshot.1_0 took: 19 ms
2021-12-22 08:22:58,810 [c76a0960-210e-464c-8d60-ee8557cfadbb@group-0F3AA65AC2C7-StateMachineUpdater] INFO  impl.StateMachineUpdater (StateMachineUpdater.java:takeSnapshot(281)) - c76a0960-210e-464c-8d60-ee8557cfadbb@group-0F3AA65AC2C7-StateMachineUpdater: Took a snapshot at index 0
2021-12-22 08:22:58,810 [c76a0960-210e-464c-8d60-ee8557cfadbb@group-0F3AA65AC2C7-StateMachineUpdater] INFO  impl.StateMachineUpdater (StateMachineUpdater.java:lambda$new$0(89)) - c76a0960-210e-464c-8d60-ee8557cfadbb@group-0F3AA65AC2C7-StateMachineUpdater: snapshotIndex: updateIncreasingly -1 -> 0
2021-12-22 08:22:58,810 [ForkJoinPool.commonPool-worker-0] INFO  server.RaftServer$Division (ServerState.java:close(419)) - c76a0960-210e-464c-8d60-ee8557cfadbb@group-0F3AA65AC2C7: closes. applyIndex: 0
2021-12-22 08:22:58,811 [c76a0960-210e-464c-8d60-ee8557cfadbb@group-0F3AA65AC2C7-SegmentedRaftLogWorker] INFO  segmented.SegmentedRaftLogWorker (SegmentedRaftLogWorker.java:run(327)) - c76a0960-210e-464c-8d60-ee8557cfadbb@group-0F3AA65AC2C7-SegmentedRaftLogWorker was interrupted, exiting. There are 0 tasks remaining in the queue.
2021-12-22 08:22:58,811 [ForkJoinPool.commonPool-worker-0] INFO  segmented.SegmentedRaftLogWorker (SegmentedRaftLogWorker.java:close(237)) - c76a0960-210e-464c-8d60-ee8557cfadbb@group-0F3AA65AC2C7-SegmentedRaftLogWorker close()
2021-12-22 08:22:58,812 [ForkJoinPool.commonPool-worker-0] INFO  server.RaftServer$Division (RaftServerImpl.java:lambda$close$4(412)) - c76a0960-210e-464c-8d60-ee8557cfadbb@group-3833EFCD79BA: shutdown
2021-12-22 08:22:58,812 [ForkJoinPool.commonPool-worker-0] INFO  util.JmxRegister (JmxRegister.java:unregister(73)) - Successfully un-registered JMX Bean with object name Ratis:service=RaftServer,group=group-3833EFCD79BA,id=c76a0960-210e-464c-8d60-ee8557cfadbb
2021-12-22 08:22:58,812 [ForkJoinPool.commonPool-worker-0] INFO  impl.RoleInfo (RoleInfo.java:shutdownFollowerState(108)) - c76a0960-210e-464c-8d60-ee8557cfadbb: shutdown c76a0960-210e-464c-8d60-ee8557cfadbb@group-3833EFCD79BA-FollowerState
2021-12-22 08:22:58,812 [ForkJoinPool.commonPool-worker-0] INFO  impl.StateMachineUpdater (StateMachineUpdater.java:stopAndJoin(149)) - c76a0960-210e-464c-8d60-ee8557cfadbb@group-3833EFCD79BA-StateMachineUpdater: set stopIndex = 0
2021-12-22 08:22:58,813 [c76a0960-210e-464c-8d60-ee8557cfadbb@group-3833EFCD79BA-FollowerState] INFO  impl.FollowerState (FollowerState.java:run(143)) - c76a0960-210e-464c-8d60-ee8557cfadbb@group-3833EFCD79BA-FollowerState was interrupted: {}
java.lang.InterruptedException: sleep interrupted
	at java.lang.Thread.sleep(Native Method)
	at java.lang.Thread.sleep(Thread.java:340)
	at java.util.concurrent.TimeUnit.sleep(TimeUnit.java:386)
	at org.apache.ratis.util.TimeDuration.sleep(TimeDuration.java:324)
	at org.apache.ratis.util.TimeDuration.sleep(TimeDuration.java:309)
	at org.apache.ratis.server.impl.FollowerState.run(FollowerState.java:118)
2021-12-22 08:22:58,813 [c76a0960-210e-464c-8d60-ee8557cfadbb@group-3833EFCD79BA-StateMachineUpdater] INFO  ratis.ContainerStateMachine (ContainerStateMachine.java:takeSnapshot(299)) - group-3833EFCD79BA: Taking a snapshot at:(t:2, i:0) file /home/runner/work/ozone/ozone/hadoop-ozone/integration-test/target/test-dir/MiniOzoneClusterImpl-3dd55103-1821-4ecb-9679-770619bfedda/datanode-0/data/ratis/13d3c5c2-933c-4e6a-91cb-3833efcd79ba/sm/snapshot.2_0
2021-12-22 08:22:58,814 [c76a0960-210e-464c-8d60-ee8557cfadbb@group-3833EFCD79BA-StateMachineUpdater] INFO  ratis.ContainerStateMachine (ContainerStateMachine.java:takeSnapshot(310)) - group-3833EFCD79BA: Finished taking a snapshot at:(t:2, i:0) file:/home/runner/work/ozone/ozone/hadoop-ozone/integration-test/target/test-dir/MiniOzoneClusterImpl-3dd55103-1821-4ecb-9679-770619bfedda/datanode-0/data/ratis/13d3c5c2-933c-4e6a-91cb-3833efcd79ba/sm/snapshot.2_0 took: 2 ms
2021-12-22 08:22:58,815 [c76a0960-210e-464c-8d60-ee8557cfadbb@group-3833EFCD79BA-StateMachineUpdater] INFO  impl.StateMachineUpdater (StateMachineUpdater.java:takeSnapshot(281)) - c76a0960-210e-464c-8d60-ee8557cfadbb@group-3833EFCD79BA-StateMachineUpdater: Took a snapshot at index 0
2021-12-22 08:22:58,815 [c76a0960-210e-464c-8d60-ee8557cfadbb@group-3833EFCD79BA-StateMachineUpdater] INFO  impl.StateMachineUpdater (StateMachineUpdater.java:lambda$new$0(89)) - c76a0960-210e-464c-8d60-ee8557cfadbb@group-3833EFCD79BA-StateMachineUpdater: snapshotIndex: updateIncreasingly -1 -> 0
2021-12-22 08:22:58,815 [ForkJoinPool.commonPool-worker-0] INFO  server.RaftServer$Division (ServerState.java:close(419)) - c76a0960-210e-464c-8d60-ee8557cfadbb@group-3833EFCD79BA: closes. applyIndex: 0
2021-12-22 08:22:58,815 [c76a0960-210e-464c-8d60-ee8557cfadbb@group-3833EFCD79BA-SegmentedRaftLogWorker] INFO  segmented.SegmentedRaftLogWorker (SegmentedRaftLogWorker.java:run(327)) - c76a0960-210e-464c-8d60-ee8557cfadbb@group-3833EFCD79BA-SegmentedRaftLogWorker was interrupted, exiting. There are 0 tasks remaining in the queue.
2021-12-22 08:22:58,816 [ForkJoinPool.commonPool-worker-0] INFO  segmented.SegmentedRaftLogWorker (SegmentedRaftLogWorker.java:close(237)) - c76a0960-210e-464c-8d60-ee8557cfadbb@group-3833EFCD79BA-SegmentedRaftLogWorker close()
2021-12-22 08:22:58,816 [ForkJoinPool.commonPool-worker-0] INFO  server.RaftServer$Division (RaftServerImpl.java:lambda$close$4(412)) - c76a0960-210e-464c-8d60-ee8557cfadbb@group-195BAEDE0F07: shutdown
2021-12-22 08:22:58,817 [ForkJoinPool.commonPool-worker-0] INFO  util.JmxRegister (JmxRegister.java:unregister(73)) - Successfully un-registered JMX Bean with object name Ratis:service=RaftServer,group=group-195BAEDE0F07,id=c76a0960-210e-464c-8d60-ee8557cfadbb
2021-12-22 08:22:58,817 [ForkJoinPool.commonPool-worker-0] INFO  impl.RoleInfo (RoleInfo.java:shutdownFollowerState(108)) - c76a0960-210e-464c-8d60-ee8557cfadbb: shutdown c76a0960-210e-464c-8d60-ee8557cfadbb@group-195BAEDE0F07-FollowerState
2021-12-22 08:22:58,817 [c76a0960-210e-464c-8d60-ee8557cfadbb@group-195BAEDE0F07-FollowerState] INFO  impl.FollowerState (FollowerState.java:run(143)) - c76a0960-210e-464c-8d60-ee8557cfadbb@group-195BAEDE0F07-FollowerState was interrupted: {}
java.lang.InterruptedException: sleep interrupted
	at java.lang.Thread.sleep(Native Method)
	at java.lang.Thread.sleep(Thread.java:340)
	at java.util.concurrent.TimeUnit.sleep(TimeUnit.java:386)
	at org.apache.ratis.util.TimeDuration.sleep(TimeDuration.java:324)
	at org.apache.ratis.util.TimeDuration.sleep(TimeDuration.java:309)
	at org.apache.ratis.server.impl.FollowerState.run(FollowerState.java:118)
2021-12-22 08:22:58,817 [ForkJoinPool.commonPool-worker-0] INFO  impl.StateMachineUpdater (StateMachineUpdater.java:stopAndJoin(149)) - c76a0960-210e-464c-8d60-ee8557cfadbb@group-195BAEDE0F07-StateMachineUpdater: set stopIndex = 27
2021-12-22 08:22:58,818 [c76a0960-210e-464c-8d60-ee8557cfadbb@group-195BAEDE0F07-StateMachineUpdater] INFO  ratis.ContainerStateMachine (ContainerStateMachine.java:takeSnapshot(299)) - group-195BAEDE0F07: Taking a snapshot at:(t:1, i:27) file /home/runner/work/ozone/ozone/hadoop-ozone/integration-test/target/test-dir/MiniOzoneClusterImpl-3dd55103-1821-4ecb-9679-770619bfedda/datanode-0/data/ratis/0328592f-92d1-48f9-9f13-195baede0f07/sm/snapshot.1_27
2021-12-22 08:22:58,820 [c76a0960-210e-464c-8d60-ee8557cfadbb@group-195BAEDE0F07-StateMachineUpdater] INFO  ratis.ContainerStateMachine (ContainerStateMachine.java:takeSnapshot(310)) - group-195BAEDE0F07: Finished taking a snapshot at:(t:1, i:27) file:/home/runner/work/ozone/ozone/hadoop-ozone/integration-test/target/test-dir/MiniOzoneClusterImpl-3dd55103-1821-4ecb-9679-770619bfedda/datanode-0/data/ratis/0328592f-92d1-48f9-9f13-195baede0f07/sm/snapshot.1_27 took: 3 ms
2021-12-22 08:22:58,820 [c76a0960-210e-464c-8d60-ee8557cfadbb@group-195BAEDE0F07-StateMachineUpdater] INFO  impl.StateMachineUpdater (StateMachineUpdater.java:takeSnapshot(281)) - c76a0960-210e-464c-8d60-ee8557cfadbb@group-195BAEDE0F07-StateMachineUpdater: Took a snapshot at index 27
2021-12-22 08:22:58,820 [c76a0960-210e-464c-8d60-ee8557cfadbb@group-195BAEDE0F07-StateMachineUpdater] INFO  impl.StateMachineUpdater (StateMachineUpdater.java:lambda$new$0(89)) - c76a0960-210e-464c-8d60-ee8557cfadbb@group-195BAEDE0F07-StateMachineUpdater: snapshotIndex: updateIncreasingly -1 -> 27
2021-12-22 08:22:58,821 [ForkJoinPool.commonPool-worker-0] INFO  server.RaftServer$Division (ServerState.java:close(419)) - c76a0960-210e-464c-8d60-ee8557cfadbb@group-195BAEDE0F07: closes. applyIndex: 27
2021-12-22 08:22:58,821 [c76a0960-210e-464c-8d60-ee8557cfadbb@group-195BAEDE0F07-SegmentedRaftLogWorker] INFO  segmented.SegmentedRaftLogWorker (SegmentedRaftLogWorker.java:run(327)) - c76a0960-210e-464c-8d60-ee8557cfadbb@group-195BAEDE0F07-SegmentedRaftLogWorker was interrupted, exiting. There are 0 tasks remaining in the queue.
2021-12-22 08:22:58,832 [ForkJoinPool.commonPool-worker-0] INFO  segmented.SegmentedRaftLogWorker (SegmentedRaftLogWorker.java:close(237)) - c76a0960-210e-464c-8d60-ee8557cfadbb@group-195BAEDE0F07-SegmentedRaftLogWorker close()
2021-12-22 08:22:58,835 [ForkJoinPool.commonPool-worker-0] INFO  server.GrpcService (GrpcService.java:closeImpl(262)) - c76a0960-210e-464c-8d60-ee8557cfadbb: shutdown server with port 40875 now
2021-12-22 08:22:58,839 [grpc-default-executor-1] WARN  server.GrpcServerProtocolService (LogUtils.java:warn(122)) - c76a0960-210e-464c-8d60-ee8557cfadbb: installSnapshot onError, lastRequest: acc7ce84-f107-4bcc-9a9d-7d0d04927ca9->c76a0960-210e-464c-8d60-ee8557cfadbb#1-t2,previous=(t:0, i:0),leaderCommit=-1,initializing? true,entries: size=1, first=(t:2, i:0), CONFIGURATIONENTRY: org.apache.ratis.thirdparty.io.grpc.StatusRuntimeException: CANCELLED: client cancelled
2021-12-22 08:22:58,839 [grpc-default-executor-4] WARN  server.GrpcLogAppender (LogUtils.java:warn(122)) - acc7ce84-f107-4bcc-9a9d-7d0d04927ca9@group-3833EFCD79BA->c76a0960-210e-464c-8d60-ee8557cfadbb-AppendLogResponseHandler: Failed appendEntries: org.apache.ratis.thirdparty.io.grpc.StatusRuntimeException: CANCELLED: HTTP/2 error code: CANCEL
Received Rst Stream
2021-12-22 08:22:58,839 [grpc-default-executor-4] WARN  server.GrpcLogAppender (GrpcLogAppender.java:resetClient(110)) - acc7ce84-f107-4bcc-9a9d-7d0d04927ca9@group-3833EFCD79BA->c76a0960-210e-464c-8d60-ee8557cfadbb-GrpcLogAppender: Leader has not got in touch with Follower acc7ce84-f107-4bcc-9a9d-7d0d04927ca9@group-3833EFCD79BA->c76a0960-210e-464c-8d60-ee8557cfadbb(c0,m0,n1, attendVote=true, lastRpcSendTime=252, lastRpcResponseTime=249) yet, just keep nextIndex unchanged and retry.
2021-12-22 08:22:58,852 [ForkJoinPool.commonPool-worker-0] INFO  server.GrpcService (GrpcService.java:closeImpl(271)) - c76a0960-210e-464c-8d60-ee8557cfadbb: shutdown server with port 40875 successfully
2021-12-22 08:22:58,852 [org.apache.ratis.util.JvmPauseMonitor$$Lambda$528/1268289547@313ab64f] INFO  util.JvmPauseMonitor (JvmPauseMonitor.java:run(109)) - JvmPauseMonitor-c76a0960-210e-464c-8d60-ee8557cfadbb: Stopped
2021-12-22 08:23:00,883 [Listener at 127.0.0.1/41155] INFO  utils.BackgroundService (BackgroundService.java:shutdown(132)) - Shutting down service BlockDeletingService
2021-12-22 08:23:00,926 [ForkJoinPool.commonPool-worker-0] INFO  utils.BackgroundService (BackgroundService.java:shutdown(132)) - Shutting down service BlockDeletingService
2021-12-22 08:23:01,123 [grpc-default-executor-1] WARN  server.GrpcLogAppender (LogUtils.java:warn(122)) - acc7ce84-f107-4bcc-9a9d-7d0d04927ca9@group-3833EFCD79BA->c76a0960-210e-464c-8d60-ee8557cfadbb-AppendLogResponseHandler: Failed appendEntries: org.apache.ratis.thirdparty.io.grpc.StatusRuntimeException: UNAVAILABLE: io exception
2021-12-22 08:23:01,124 [grpc-default-executor-1] WARN  server.GrpcLogAppender (GrpcLogAppender.java:resetClient(110)) - acc7ce84-f107-4bcc-9a9d-7d0d04927ca9@group-3833EFCD79BA->c76a0960-210e-464c-8d60-ee8557cfadbb-GrpcLogAppender: Leader has not got in touch with Follower acc7ce84-f107-4bcc-9a9d-7d0d04927ca9@group-3833EFCD79BA->c76a0960-210e-464c-8d60-ee8557cfadbb(c0,m0,n1, attendVote=true, lastRpcSendTime=2537, lastRpcResponseTime=2534) yet, just keep nextIndex unchanged and retry.
2021-12-22 08:23:01,151 [grpc-default-executor-3] WARN  server.GrpcLogAppender (LogUtils.java:warn(122)) - acc7ce84-f107-4bcc-9a9d-7d0d04927ca9@group-3833EFCD79BA->76f1d3ab-551a-41e2-9590-cf43f9dd4238-AppendLogResponseHandler: Failed appendEntries: org.apache.ratis.thirdparty.io.grpc.StatusRuntimeException: UNAVAILABLE: io exception
2021-12-22 08:23:01,151 [grpc-default-executor-3] WARN  server.GrpcLogAppender (GrpcLogAppender.java:resetClient(110)) - acc7ce84-f107-4bcc-9a9d-7d0d04927ca9@group-3833EFCD79BA->76f1d3ab-551a-41e2-9590-cf43f9dd4238-GrpcLogAppender: Leader has not got in touch with Follower acc7ce84-f107-4bcc-9a9d-7d0d04927ca9@group-3833EFCD79BA->76f1d3ab-551a-41e2-9590-cf43f9dd4238(c0,m0,n1, attendVote=true, lastRpcSendTime=1, lastRpcResponseTime=2543) yet, just keep nextIndex unchanged and retry.
2021-12-22 08:23:03,627 [grpc-default-executor-3] WARN  server.GrpcLogAppender (LogUtils.java:warn(122)) - acc7ce84-f107-4bcc-9a9d-7d0d04927ca9@group-3833EFCD79BA->c76a0960-210e-464c-8d60-ee8557cfadbb-AppendLogResponseHandler: Failed appendEntries: org.apache.ratis.thirdparty.io.grpc.StatusRuntimeException: UNAVAILABLE: io exception
2021-12-22 08:23:03,628 [grpc-default-executor-3] WARN  server.GrpcLogAppender (GrpcLogAppender.java:resetClient(110)) - acc7ce84-f107-4bcc-9a9d-7d0d04927ca9@group-3833EFCD79BA->c76a0960-210e-464c-8d60-ee8557cfadbb-GrpcLogAppender: Leader has not got in touch with Follower acc7ce84-f107-4bcc-9a9d-7d0d04927ca9@group-3833EFCD79BA->c76a0960-210e-464c-8d60-ee8557cfadbb(c0,m0,n1, attendVote=true, lastRpcSendTime=0, lastRpcResponseTime=5038) yet, just keep nextIndex unchanged and retry.
2021-12-22 08:23:03,654 [grpc-default-executor-3] WARN  server.GrpcLogAppender (LogUtils.java:warn(122)) - acc7ce84-f107-4bcc-9a9d-7d0d04927ca9@group-3833EFCD79BA->76f1d3ab-551a-41e2-9590-cf43f9dd4238-AppendLogResponseHandler: Failed appendEntries: org.apache.ratis.thirdparty.io.grpc.StatusRuntimeException: UNAVAILABLE: io exception
2021-12-22 08:23:03,655 [grpc-default-executor-3] WARN  server.GrpcLogAppender (GrpcLogAppender.java:resetClient(110)) - acc7ce84-f107-4bcc-9a9d-7d0d04927ca9@group-3833EFCD79BA->76f1d3ab-551a-41e2-9590-cf43f9dd4238-GrpcLogAppender: Leader has not got in touch with Follower acc7ce84-f107-4bcc-9a9d-7d0d04927ca9@group-3833EFCD79BA->76f1d3ab-551a-41e2-9590-cf43f9dd4238(c0,m0,n1, attendVote=true, lastRpcSendTime=2, lastRpcResponseTime=5047) yet, just keep nextIndex unchanged and retry.
2021-12-22 08:23:03,930 [Listener at 127.0.0.1/41155] INFO  statemachine.DatanodeStateMachine (DatanodeStateMachine.java:stopDaemon(526)) - Ozone container server stopped.
2021-12-22 08:23:03,931 [Listener at 127.0.0.1/41155] INFO  handler.ContextHandler (ContextHandler.java:doStop(1153)) - Stopped o.e.j.w.WebAppContext@4c914e12{hddsDatanode,/,null,STOPPED}{jar:file:/home/runner/.m2/repository/org/apache/ozone/hdds-container-service/1.3.0-SNAPSHOT/hdds-container-service-1.3.0-SNAPSHOT.jar!/webapps/hddsDatanode}
2021-12-22 08:23:03,933 [Listener at 127.0.0.1/41155] INFO  server.AbstractConnector (AbstractConnector.java:doStop(381)) - Stopped ServerConnector@bec3057{HTTP/1.1, (http/1.1)}{0.0.0.0:0}
2021-12-22 08:23:03,933 [Listener at 127.0.0.1/41155] INFO  server.session (HouseKeeper.java:stopScavenging(149)) - node0 Stopped scavenging
2021-12-22 08:23:03,933 [Listener at 127.0.0.1/41155] INFO  handler.ContextHandler (ContextHandler.java:doStop(1153)) - Stopped o.e.j.s.ServletContextHandler@73db5ecc{static,/static,jar:file:/home/runner/.m2/repository/org/apache/ozone/hdds-container-service/1.3.0-SNAPSHOT/hdds-container-service-1.3.0-SNAPSHOT.jar!/webapps/static,STOPPED}
2021-12-22 08:23:03,942 [Listener at 127.0.0.1/41155] INFO  handler.ContextHandler (ContextHandler.java:doStop(1153)) - Stopped o.e.j.s.ServletContextHandler@455baacf{logs,/logs,file:///home/runner/work/ozone/ozone/hadoop-ozone/integration-test/target/log,STOPPED}
2021-12-22 08:23:03,982 [ForkJoinPool.commonPool-worker-0] INFO  statemachine.DatanodeStateMachine (DatanodeStateMachine.java:stopDaemon(526)) - Ozone container server stopped.
2021-12-22 08:23:03,984 [ForkJoinPool.commonPool-worker-0] INFO  handler.ContextHandler (ContextHandler.java:doStop(1153)) - Stopped o.e.j.w.WebAppContext@47f16e92{hddsDatanode,/,null,STOPPED}{jar:file:/home/runner/.m2/repository/org/apache/ozone/hdds-container-service/1.3.0-SNAPSHOT/hdds-container-service-1.3.0-SNAPSHOT.jar!/webapps/hddsDatanode}
2021-12-22 08:23:04,013 [ForkJoinPool.commonPool-worker-0] INFO  server.AbstractConnector (AbstractConnector.java:doStop(381)) - Stopped ServerConnector@69ea89d0{HTTP/1.1, (http/1.1)}{0.0.0.0:0}
2021-12-22 08:23:04,013 [ForkJoinPool.commonPool-worker-0] INFO  server.session (HouseKeeper.java:stopScavenging(149)) - node0 Stopped scavenging
2021-12-22 08:23:04,014 [ForkJoinPool.commonPool-worker-0] INFO  handler.ContextHandler (ContextHandler.java:doStop(1153)) - Stopped o.e.j.s.ServletContextHandler@60f6c836{static,/static,jar:file:/home/runner/.m2/repository/org/apache/ozone/hdds-container-service/1.3.0-SNAPSHOT/hdds-container-service-1.3.0-SNAPSHOT.jar!/webapps/static,STOPPED}
2021-12-22 08:23:04,016 [ForkJoinPool.commonPool-worker-0] INFO  handler.ContextHandler (ContextHandler.java:doStop(1153)) - Stopped o.e.j.s.ServletContextHandler@6e4b15e9{logs,/logs,file:///home/runner/work/ozone/ozone/hadoop-ozone/integration-test/target/log,STOPPED}
2021-12-22 08:23:04,214 [acc7ce84-f107-4bcc-9a9d-7d0d04927ca9@group-3833EFCD79BA-LeaderStateImpl] WARN  server.RaftServer$Division (LeaderStateImpl.java:checkLeadership(974)) - acc7ce84-f107-4bcc-9a9d-7d0d04927ca9@group-3833EFCD79BA-LeaderStateImpl: Lost leadership on term: 2. Election timeout: 5200ms. In charge for: 20888ms. Conf: 0: [76f1d3ab-551a-41e2-9590-cf43f9dd4238|rpc:10.1.0.28:46491|dataStream:|priority:0, c76a0960-210e-464c-8d60-ee8557cfadbb|rpc:10.1.0.28:40875|dataStream:|priority:0, acc7ce84-f107-4bcc-9a9d-7d0d04927ca9|rpc:10.1.0.28:34495|dataStream:|priority:1], old=null
2021-12-22 08:23:04,214 [acc7ce84-f107-4bcc-9a9d-7d0d04927ca9@group-3833EFCD79BA-LeaderStateImpl] WARN  server.RaftServer$Division (LeaderStateImpl.java:lambda$checkLeadership$15(978)) - Follower acc7ce84-f107-4bcc-9a9d-7d0d04927ca9@group-3833EFCD79BA->76f1d3ab-551a-41e2-9590-cf43f9dd4238(c0,m0,n1, attendVote=true, lastRpcSendTime=561, lastRpcResponseTime=5606)
2021-12-22 08:23:04,214 [acc7ce84-f107-4bcc-9a9d-7d0d04927ca9@group-3833EFCD79BA-LeaderStateImpl] WARN  server.RaftServer$Division (LeaderStateImpl.java:lambda$checkLeadership$15(978)) - Follower acc7ce84-f107-4bcc-9a9d-7d0d04927ca9@group-3833EFCD79BA->c76a0960-210e-464c-8d60-ee8557cfadbb(c0,m0,n1, attendVote=true, lastRpcSendTime=586, lastRpcResponseTime=5624)
2021-12-22 08:23:04,214 [acc7ce84-f107-4bcc-9a9d-7d0d04927ca9@group-3833EFCD79BA-LeaderStateImpl] INFO  server.RaftServer$Division (RaftServerImpl.java:setRole(290)) - acc7ce84-f107-4bcc-9a9d-7d0d04927ca9@group-3833EFCD79BA: changes role from    LEADER to FOLLOWER at term 2 for StepDownReason:LOST_MAJORITY_HEARTBEATS
2021-12-22 08:23:04,214 [acc7ce84-f107-4bcc-9a9d-7d0d04927ca9@group-3833EFCD79BA-LeaderStateImpl] INFO  impl.RoleInfo (RoleInfo.java:shutdownLeaderState(91)) - acc7ce84-f107-4bcc-9a9d-7d0d04927ca9: shutdown acc7ce84-f107-4bcc-9a9d-7d0d04927ca9@group-3833EFCD79BA-LeaderStateImpl
2021-12-22 08:23:04,214 [acc7ce84-f107-4bcc-9a9d-7d0d04927ca9@group-3833EFCD79BA-LeaderStateImpl] INFO  impl.PendingRequests (PendingRequests.java:sendNotLeaderResponses(282)) - acc7ce84-f107-4bcc-9a9d-7d0d04927ca9@group-3833EFCD79BA-PendingRequests: sendNotLeaderResponses
2021-12-22 08:23:04,215 [acc7ce84-f107-4bcc-9a9d-7d0d04927ca9@group-3833EFCD79BA-LeaderStateImpl] INFO  impl.RoleInfo (RoleInfo.java:updateAndGet(130)) - acc7ce84-f107-4bcc-9a9d-7d0d04927ca9: start acc7ce84-f107-4bcc-9a9d-7d0d04927ca9@group-3833EFCD79BA-FollowerState
2021-12-22 08:23:04,243 [acc7ce84-f107-4bcc-9a9d-7d0d04927ca9@group-195BAEDE0F07-FollowerState] INFO  impl.FollowerState (FollowerState.java:run(134)) - acc7ce84-f107-4bcc-9a9d-7d0d04927ca9@group-195BAEDE0F07-FollowerState: change to CANDIDATE, lastRpcElapsedTime:6338082446ns, electionTimeout:5172ms
2021-12-22 08:23:04,248 [acc7ce84-f107-4bcc-9a9d-7d0d04927ca9@group-195BAEDE0F07-FollowerState] INFO  impl.RoleInfo (RoleInfo.java:shutdownFollowerState(108)) - acc7ce84-f107-4bcc-9a9d-7d0d04927ca9: shutdown acc7ce84-f107-4bcc-9a9d-7d0d04927ca9@group-195BAEDE0F07-FollowerState
2021-12-22 08:23:04,248 [acc7ce84-f107-4bcc-9a9d-7d0d04927ca9@group-195BAEDE0F07-FollowerState] INFO  server.RaftServer$Division (RaftServerImpl.java:setRole(290)) - acc7ce84-f107-4bcc-9a9d-7d0d04927ca9@group-195BAEDE0F07: changes role from  FOLLOWER to CANDIDATE at term 1 for changeToCandidate
2021-12-22 08:23:04,249 [acc7ce84-f107-4bcc-9a9d-7d0d04927ca9@group-195BAEDE0F07-FollowerState] INFO  server.RaftServerConfigKeys (ConfUtils.java:logGet(44)) - raft.server.leaderelection.pre-vote = false (custom)
2021-12-22 08:23:04,249 [acc7ce84-f107-4bcc-9a9d-7d0d04927ca9@group-195BAEDE0F07-FollowerState] INFO  impl.RoleInfo (RoleInfo.java:updateAndGet(130)) - acc7ce84-f107-4bcc-9a9d-7d0d04927ca9: start acc7ce84-f107-4bcc-9a9d-7d0d04927ca9@group-195BAEDE0F07-LeaderElection32
2021-12-22 08:23:04,260 [acc7ce84-f107-4bcc-9a9d-7d0d04927ca9@group-195BAEDE0F07-LeaderElection32] INFO  server.RaftServer$Division (ServerState.java:setLeader(285)) - acc7ce84-f107-4bcc-9a9d-7d0d04927ca9@group-195BAEDE0F07: change Leader from 76f1d3ab-551a-41e2-9590-cf43f9dd4238 to null at term 1 for ELECTION
2021-12-22 08:23:04,285 [acc7ce84-f107-4bcc-9a9d-7d0d04927ca9@group-195BAEDE0F07-LeaderElection32] INFO  impl.LeaderElection (LeaderElection.java:askForVotes(306)) - acc7ce84-f107-4bcc-9a9d-7d0d04927ca9@group-195BAEDE0F07-LeaderElection32 ELECTION round 0: submit vote requests at term 2 for 0: [76f1d3ab-551a-41e2-9590-cf43f9dd4238|rpc:10.1.0.28:46491|dataStream:|priority:1, acc7ce84-f107-4bcc-9a9d-7d0d04927ca9|rpc:10.1.0.28:34495|dataStream:|priority:0, c76a0960-210e-464c-8d60-ee8557cfadbb|rpc:10.1.0.28:40875|dataStream:|priority:0], old=null
2021-12-22 08:23:04,318 [acc7ce84-f107-4bcc-9a9d-7d0d04927ca9@group-195BAEDE0F07-LeaderElection32] INFO  impl.LeaderElection (LogUtils.java:infoOrTrace(137)) - acc7ce84-f107-4bcc-9a9d-7d0d04927ca9@group-195BAEDE0F07-LeaderElection32 got exception when requesting votes: java.util.concurrent.ExecutionException: org.apache.ratis.thirdparty.io.grpc.StatusRuntimeException: UNAVAILABLE: io exception
2021-12-22 08:23:04,319 [acc7ce84-f107-4bcc-9a9d-7d0d04927ca9@group-195BAEDE0F07-LeaderElection32] INFO  impl.LeaderElection (LogUtils.java:infoOrTrace(137)) - acc7ce84-f107-4bcc-9a9d-7d0d04927ca9@group-195BAEDE0F07-LeaderElection32 got exception when requesting votes: java.util.concurrent.ExecutionException: org.apache.ratis.thirdparty.io.grpc.StatusRuntimeException: UNAVAILABLE: io exception
2021-12-22 08:23:04,319 [acc7ce84-f107-4bcc-9a9d-7d0d04927ca9@group-195BAEDE0F07-LeaderElection32] INFO  impl.LeaderElection (LeaderElection.java:logAndReturn(89)) - acc7ce84-f107-4bcc-9a9d-7d0d04927ca9@group-195BAEDE0F07-LeaderElection32: ELECTION REJECTED received 0 response(s) and 2 exception(s):
2021-12-22 08:23:04,319 [acc7ce84-f107-4bcc-9a9d-7d0d04927ca9@group-195BAEDE0F07-LeaderElection32] INFO  impl.LeaderElection (LogUtils.java:infoOrTrace(137)) -   Exception 0: java.util.concurrent.ExecutionException: org.apache.ratis.thirdparty.io.grpc.StatusRuntimeException: UNAVAILABLE: io exception
2021-12-22 08:23:04,319 [acc7ce84-f107-4bcc-9a9d-7d0d04927ca9@group-195BAEDE0F07-LeaderElection32] INFO  impl.LeaderElection (LogUtils.java:infoOrTrace(137)) -   Exception 1: java.util.concurrent.ExecutionException: org.apache.ratis.thirdparty.io.grpc.StatusRuntimeException: UNAVAILABLE: io exception
2021-12-22 08:23:04,319 [acc7ce84-f107-4bcc-9a9d-7d0d04927ca9@group-195BAEDE0F07-LeaderElection32] INFO  impl.LeaderElection (LeaderElection.java:askForVotes(308)) - acc7ce84-f107-4bcc-9a9d-7d0d04927ca9@group-195BAEDE0F07-LeaderElection32 ELECTION round 0: result REJECTED
2021-12-22 08:23:04,319 [acc7ce84-f107-4bcc-9a9d-7d0d04927ca9@group-195BAEDE0F07-LeaderElection32] INFO  server.RaftServer$Division (RaftServerImpl.java:setRole(290)) - acc7ce84-f107-4bcc-9a9d-7d0d04927ca9@group-195BAEDE0F07: changes role from CANDIDATE to FOLLOWER at term 2 for REJECTED
2021-12-22 08:23:04,319 [acc7ce84-f107-4bcc-9a9d-7d0d04927ca9@group-195BAEDE0F07-LeaderElection32] INFO  impl.RoleInfo (RoleInfo.java:shutdownLeaderElection(121)) - acc7ce84-f107-4bcc-9a9d-7d0d04927ca9: shutdown acc7ce84-f107-4bcc-9a9d-7d0d04927ca9@group-195BAEDE0F07-LeaderElection32
2021-12-22 08:23:04,319 [acc7ce84-f107-4bcc-9a9d-7d0d04927ca9@group-195BAEDE0F07-LeaderElection32] INFO  impl.RoleInfo (RoleInfo.java:updateAndGet(130)) - acc7ce84-f107-4bcc-9a9d-7d0d04927ca9: start acc7ce84-f107-4bcc-9a9d-7d0d04927ca9@group-195BAEDE0F07-FollowerState
2021-12-22 08:23:08,955 [Listener at 127.0.0.1/41155] INFO  ozoneimpl.OzoneContainer (OzoneContainer.java:stop(336)) - Attempting to stop container services.
2021-12-22 08:23:08,956 [Listener at 127.0.0.1/41155] INFO  server.RaftServer (RaftServerProxy.java:lambda$close$6(391)) - acc7ce84-f107-4bcc-9a9d-7d0d04927ca9: close
2021-12-22 08:23:08,966 [Listener at 127.0.0.1/41155] INFO  server.RaftServer$Division (RaftServerImpl.java:lambda$close$4(412)) - acc7ce84-f107-4bcc-9a9d-7d0d04927ca9@group-3833EFCD79BA: shutdown
2021-12-22 08:23:08,966 [Listener at 127.0.0.1/41155] INFO  util.JmxRegister (JmxRegister.java:unregister(73)) - Successfully un-registered JMX Bean with object name Ratis:service=RaftServer,group=group-3833EFCD79BA,id=acc7ce84-f107-4bcc-9a9d-7d0d04927ca9
2021-12-22 08:23:08,966 [Listener at 127.0.0.1/41155] INFO  impl.RoleInfo (RoleInfo.java:shutdownFollowerState(108)) - acc7ce84-f107-4bcc-9a9d-7d0d04927ca9: shutdown acc7ce84-f107-4bcc-9a9d-7d0d04927ca9@group-3833EFCD79BA-FollowerState
2021-12-22 08:23:08,966 [Listener at 127.0.0.1/41155] INFO  impl.StateMachineUpdater (StateMachineUpdater.java:stopAndJoin(149)) - acc7ce84-f107-4bcc-9a9d-7d0d04927ca9@group-3833EFCD79BA-StateMachineUpdater: set stopIndex = 0
2021-12-22 08:23:08,967 [acc7ce84-f107-4bcc-9a9d-7d0d04927ca9@group-3833EFCD79BA-FollowerState] INFO  impl.FollowerState (FollowerState.java:run(143)) - acc7ce84-f107-4bcc-9a9d-7d0d04927ca9@group-3833EFCD79BA-FollowerState was interrupted: {}
java.lang.InterruptedException: sleep interrupted
	at java.lang.Thread.sleep(Native Method)
	at java.lang.Thread.sleep(Thread.java:340)
	at java.util.concurrent.TimeUnit.sleep(TimeUnit.java:386)
	at org.apache.ratis.util.TimeDuration.sleep(TimeDuration.java:324)
	at org.apache.ratis.util.TimeDuration.sleep(TimeDuration.java:309)
	at org.apache.ratis.server.impl.FollowerState.run(FollowerState.java:118)
2021-12-22 08:23:08,967 [acc7ce84-f107-4bcc-9a9d-7d0d04927ca9@group-3833EFCD79BA-StateMachineUpdater] INFO  ratis.ContainerStateMachine (ContainerStateMachine.java:takeSnapshot(299)) - group-3833EFCD79BA: Taking a snapshot at:(t:2, i:0) file /home/runner/work/ozone/ozone/hadoop-ozone/integration-test/target/test-dir/MiniOzoneClusterImpl-3dd55103-1821-4ecb-9679-770619bfedda/datanode-2/data/ratis/13d3c5c2-933c-4e6a-91cb-3833efcd79ba/sm/snapshot.2_0
2021-12-22 08:23:08,974 [acc7ce84-f107-4bcc-9a9d-7d0d04927ca9@group-3833EFCD79BA-StateMachineUpdater] INFO  ratis.ContainerStateMachine (ContainerStateMachine.java:takeSnapshot(310)) - group-3833EFCD79BA: Finished taking a snapshot at:(t:2, i:0) file:/home/runner/work/ozone/ozone/hadoop-ozone/integration-test/target/test-dir/MiniOzoneClusterImpl-3dd55103-1821-4ecb-9679-770619bfedda/datanode-2/data/ratis/13d3c5c2-933c-4e6a-91cb-3833efcd79ba/sm/snapshot.2_0 took: 7 ms
2021-12-22 08:23:08,975 [acc7ce84-f107-4bcc-9a9d-7d0d04927ca9@group-3833EFCD79BA-StateMachineUpdater] INFO  impl.StateMachineUpdater (StateMachineUpdater.java:takeSnapshot(281)) - acc7ce84-f107-4bcc-9a9d-7d0d04927ca9@group-3833EFCD79BA-StateMachineUpdater: Took a snapshot at index 0
2021-12-22 08:23:08,975 [acc7ce84-f107-4bcc-9a9d-7d0d04927ca9@group-3833EFCD79BA-StateMachineUpdater] INFO  impl.StateMachineUpdater (StateMachineUpdater.java:lambda$new$0(89)) - acc7ce84-f107-4bcc-9a9d-7d0d04927ca9@group-3833EFCD79BA-StateMachineUpdater: snapshotIndex: updateIncreasingly -1 -> 0
2021-12-22 08:23:08,978 [Listener at 127.0.0.1/41155] INFO  server.RaftServer$Division (ServerState.java:close(419)) - acc7ce84-f107-4bcc-9a9d-7d0d04927ca9@group-3833EFCD79BA: closes. applyIndex: 0
2021-12-22 08:23:08,978 [acc7ce84-f107-4bcc-9a9d-7d0d04927ca9@group-3833EFCD79BA-SegmentedRaftLogWorker] INFO  segmented.SegmentedRaftLogWorker (SegmentedRaftLogWorker.java:run(327)) - acc7ce84-f107-4bcc-9a9d-7d0d04927ca9@group-3833EFCD79BA-SegmentedRaftLogWorker was interrupted, exiting. There are 0 tasks remaining in the queue.
2021-12-22 08:23:08,983 [Listener at 127.0.0.1/41155] INFO  segmented.SegmentedRaftLogWorker (SegmentedRaftLogWorker.java:close(237)) - acc7ce84-f107-4bcc-9a9d-7d0d04927ca9@group-3833EFCD79BA-SegmentedRaftLogWorker close()
2021-12-22 08:23:08,987 [Listener at 127.0.0.1/41155] INFO  server.RaftServer$Division (RaftServerImpl.java:lambda$close$4(412)) - acc7ce84-f107-4bcc-9a9d-7d0d04927ca9@group-D7F07C3E3588: shutdown
2021-12-22 08:23:08,987 [Listener at 127.0.0.1/41155] INFO  util.JmxRegister (JmxRegister.java:unregister(73)) - Successfully un-registered JMX Bean with object name Ratis:service=RaftServer,group=group-D7F07C3E3588,id=acc7ce84-f107-4bcc-9a9d-7d0d04927ca9
2021-12-22 08:23:08,987 [Listener at 127.0.0.1/41155] INFO  impl.RoleInfo (RoleInfo.java:shutdownLeaderState(91)) - acc7ce84-f107-4bcc-9a9d-7d0d04927ca9: shutdown acc7ce84-f107-4bcc-9a9d-7d0d04927ca9@group-D7F07C3E3588-LeaderStateImpl
2021-12-22 08:23:08,988 [Listener at 127.0.0.1/41155] INFO  impl.PendingRequests (PendingRequests.java:sendNotLeaderResponses(282)) - acc7ce84-f107-4bcc-9a9d-7d0d04927ca9@group-D7F07C3E3588-PendingRequests: sendNotLeaderResponses
2021-12-22 08:23:08,995 [Listener at 127.0.0.1/41155] INFO  impl.StateMachineUpdater (StateMachineUpdater.java:stopAndJoin(149)) - acc7ce84-f107-4bcc-9a9d-7d0d04927ca9@group-D7F07C3E3588-StateMachineUpdater: set stopIndex = 0
2021-12-22 08:23:08,995 [acc7ce84-f107-4bcc-9a9d-7d0d04927ca9@group-D7F07C3E3588-StateMachineUpdater] INFO  ratis.ContainerStateMachine (ContainerStateMachine.java:takeSnapshot(299)) - group-D7F07C3E3588: Taking a snapshot at:(t:1, i:0) file /home/runner/work/ozone/ozone/hadoop-ozone/integration-test/target/test-dir/MiniOzoneClusterImpl-3dd55103-1821-4ecb-9679-770619bfedda/datanode-2/data/ratis/082e80b7-2716-4a87-8cd5-d7f07c3e3588/sm/snapshot.1_0
2021-12-22 08:23:08,996 [acc7ce84-f107-4bcc-9a9d-7d0d04927ca9@group-D7F07C3E3588-StateMachineUpdater] INFO  ratis.ContainerStateMachine (ContainerStateMachine.java:takeSnapshot(310)) - group-D7F07C3E3588: Finished taking a snapshot at:(t:1, i:0) file:/home/runner/work/ozone/ozone/hadoop-ozone/integration-test/target/test-dir/MiniOzoneClusterImpl-3dd55103-1821-4ecb-9679-770619bfedda/datanode-2/data/ratis/082e80b7-2716-4a87-8cd5-d7f07c3e3588/sm/snapshot.1_0 took: 1 ms
2021-12-22 08:23:08,996 [acc7ce84-f107-4bcc-9a9d-7d0d04927ca9@group-D7F07C3E3588-StateMachineUpdater] INFO  impl.StateMachineUpdater (StateMachineUpdater.java:takeSnapshot(281)) - acc7ce84-f107-4bcc-9a9d-7d0d04927ca9@group-D7F07C3E3588-StateMachineUpdater: Took a snapshot at index 0
2021-12-22 08:23:08,996 [acc7ce84-f107-4bcc-9a9d-7d0d04927ca9@group-D7F07C3E3588-StateMachineUpdater] INFO  impl.StateMachineUpdater (StateMachineUpdater.java:lambda$new$0(89)) - acc7ce84-f107-4bcc-9a9d-7d0d04927ca9@group-D7F07C3E3588-StateMachineUpdater: snapshotIndex: updateIncreasingly -1 -> 0
2021-12-22 08:23:09,005 [Listener at 127.0.0.1/41155] INFO  server.RaftServer$Division (ServerState.java:close(419)) - acc7ce84-f107-4bcc-9a9d-7d0d04927ca9@group-D7F07C3E3588: closes. applyIndex: 0
2021-12-22 08:23:09,006 [acc7ce84-f107-4bcc-9a9d-7d0d04927ca9@group-D7F07C3E3588-SegmentedRaftLogWorker] INFO  segmented.SegmentedRaftLogWorker (SegmentedRaftLogWorker.java:run(327)) - acc7ce84-f107-4bcc-9a9d-7d0d04927ca9@group-D7F07C3E3588-SegmentedRaftLogWorker was interrupted, exiting. There are 0 tasks remaining in the queue.
2021-12-22 08:23:09,006 [Listener at 127.0.0.1/41155] INFO  segmented.SegmentedRaftLogWorker (SegmentedRaftLogWorker.java:close(237)) - acc7ce84-f107-4bcc-9a9d-7d0d04927ca9@group-D7F07C3E3588-SegmentedRaftLogWorker close()
2021-12-22 08:23:09,007 [Listener at 127.0.0.1/41155] INFO  server.RaftServer$Division (RaftServerImpl.java:lambda$close$4(412)) - acc7ce84-f107-4bcc-9a9d-7d0d04927ca9@group-195BAEDE0F07: shutdown
2021-12-22 08:23:09,007 [Listener at 127.0.0.1/41155] INFO  util.JmxRegister (JmxRegister.java:unregister(73)) - Successfully un-registered JMX Bean with object name Ratis:service=RaftServer,group=group-195BAEDE0F07,id=acc7ce84-f107-4bcc-9a9d-7d0d04927ca9
2021-12-22 08:23:09,007 [Listener at 127.0.0.1/41155] INFO  impl.RoleInfo (RoleInfo.java:shutdownFollowerState(108)) - acc7ce84-f107-4bcc-9a9d-7d0d04927ca9: shutdown acc7ce84-f107-4bcc-9a9d-7d0d04927ca9@group-195BAEDE0F07-FollowerState
2021-12-22 08:23:09,007 [Listener at 127.0.0.1/41155] INFO  impl.StateMachineUpdater (StateMachineUpdater.java:stopAndJoin(149)) - acc7ce84-f107-4bcc-9a9d-7d0d04927ca9@group-195BAEDE0F07-StateMachineUpdater: set stopIndex = 27
2021-12-22 08:23:09,007 [acc7ce84-f107-4bcc-9a9d-7d0d04927ca9@group-195BAEDE0F07-StateMachineUpdater] INFO  ratis.ContainerStateMachine (ContainerStateMachine.java:takeSnapshot(299)) - group-195BAEDE0F07: Taking a snapshot at:(t:1, i:27) file /home/runner/work/ozone/ozone/hadoop-ozone/integration-test/target/test-dir/MiniOzoneClusterImpl-3dd55103-1821-4ecb-9679-770619bfedda/datanode-2/data/ratis/0328592f-92d1-48f9-9f13-195baede0f07/sm/snapshot.1_27
2021-12-22 08:23:09,007 [acc7ce84-f107-4bcc-9a9d-7d0d04927ca9@group-195BAEDE0F07-FollowerState] INFO  impl.FollowerState (FollowerState.java:run(143)) - acc7ce84-f107-4bcc-9a9d-7d0d04927ca9@group-195BAEDE0F07-FollowerState was interrupted: {}
java.lang.InterruptedException: sleep interrupted
	at java.lang.Thread.sleep(Native Method)
	at java.lang.Thread.sleep(Thread.java:340)
	at java.util.concurrent.TimeUnit.sleep(TimeUnit.java:386)
	at org.apache.ratis.util.TimeDuration.sleep(TimeDuration.java:324)
	at org.apache.ratis.util.TimeDuration.sleep(TimeDuration.java:309)
	at org.apache.ratis.server.impl.FollowerState.run(FollowerState.java:118)
2021-12-22 08:23:09,008 [acc7ce84-f107-4bcc-9a9d-7d0d04927ca9@group-195BAEDE0F07-StateMachineUpdater] INFO  ratis.ContainerStateMachine (ContainerStateMachine.java:takeSnapshot(310)) - group-195BAEDE0F07: Finished taking a snapshot at:(t:1, i:27) file:/home/runner/work/ozone/ozone/hadoop-ozone/integration-test/target/test-dir/MiniOzoneClusterImpl-3dd55103-1821-4ecb-9679-770619bfedda/datanode-2/data/ratis/0328592f-92d1-48f9-9f13-195baede0f07/sm/snapshot.1_27 took: 1 ms
2021-12-22 08:23:09,009 [acc7ce84-f107-4bcc-9a9d-7d0d04927ca9@group-195BAEDE0F07-StateMachineUpdater] INFO  impl.StateMachineUpdater (StateMachineUpdater.java:takeSnapshot(281)) - acc7ce84-f107-4bcc-9a9d-7d0d04927ca9@group-195BAEDE0F07-StateMachineUpdater: Took a snapshot at index 27
2021-12-22 08:23:09,009 [acc7ce84-f107-4bcc-9a9d-7d0d04927ca9@group-195BAEDE0F07-StateMachineUpdater] INFO  impl.StateMachineUpdater (StateMachineUpdater.java:lambda$new$0(89)) - acc7ce84-f107-4bcc-9a9d-7d0d04927ca9@group-195BAEDE0F07-StateMachineUpdater: snapshotIndex: updateIncreasingly -1 -> 27
2021-12-22 08:23:09,009 [Listener at 127.0.0.1/41155] INFO  server.RaftServer$Division (ServerState.java:close(419)) - acc7ce84-f107-4bcc-9a9d-7d0d04927ca9@group-195BAEDE0F07: closes. applyIndex: 27
2021-12-22 08:23:09,009 [acc7ce84-f107-4bcc-9a9d-7d0d04927ca9@group-195BAEDE0F07-SegmentedRaftLogWorker] INFO  segmented.SegmentedRaftLogWorker (SegmentedRaftLogWorker.java:run(327)) - acc7ce84-f107-4bcc-9a9d-7d0d04927ca9@group-195BAEDE0F07-SegmentedRaftLogWorker was interrupted, exiting. There are 0 tasks remaining in the queue.
2021-12-22 08:23:09,010 [Listener at 127.0.0.1/41155] INFO  segmented.SegmentedRaftLogWorker (SegmentedRaftLogWorker.java:close(237)) - acc7ce84-f107-4bcc-9a9d-7d0d04927ca9@group-195BAEDE0F07-SegmentedRaftLogWorker close()
2021-12-22 08:23:09,011 [Listener at 127.0.0.1/41155] INFO  server.GrpcService (GrpcService.java:closeImpl(262)) - acc7ce84-f107-4bcc-9a9d-7d0d04927ca9: shutdown server with port 34495 now
2021-12-22 08:23:09,030 [Listener at 127.0.0.1/41155] INFO  server.GrpcService (GrpcService.java:closeImpl(271)) - acc7ce84-f107-4bcc-9a9d-7d0d04927ca9: shutdown server with port 34495 successfully
2021-12-22 08:23:09,030 [org.apache.ratis.util.JvmPauseMonitor$$Lambda$528/1268289547@51a0035d] INFO  util.JvmPauseMonitor (JvmPauseMonitor.java:run(109)) - JvmPauseMonitor-acc7ce84-f107-4bcc-9a9d-7d0d04927ca9: Stopped
2021-12-22 08:23:11,075 [Listener at 127.0.0.1/41155] INFO  utils.BackgroundService (BackgroundService.java:shutdown(132)) - Shutting down service BlockDeletingService
2021-12-22 08:23:14,082 [Listener at 127.0.0.1/41155] INFO  statemachine.DatanodeStateMachine (DatanodeStateMachine.java:stopDaemon(526)) - Ozone container server stopped.
2021-12-22 08:23:14,083 [Listener at 127.0.0.1/41155] INFO  handler.ContextHandler (ContextHandler.java:doStop(1153)) - Stopped o.e.j.w.WebAppContext@72ca016e{hddsDatanode,/,null,STOPPED}{jar:file:/home/runner/.m2/repository/org/apache/ozone/hdds-container-service/1.3.0-SNAPSHOT/hdds-container-service-1.3.0-SNAPSHOT.jar!/webapps/hddsDatanode}
2021-12-22 08:23:14,085 [Listener at 127.0.0.1/41155] INFO  server.AbstractConnector (AbstractConnector.java:doStop(381)) - Stopped ServerConnector@75618e16{HTTP/1.1, (http/1.1)}{0.0.0.0:0}
2021-12-22 08:23:14,085 [Listener at 127.0.0.1/41155] INFO  server.session (HouseKeeper.java:stopScavenging(149)) - node0 Stopped scavenging
2021-12-22 08:23:14,086 [Listener at 127.0.0.1/41155] INFO  handler.ContextHandler (ContextHandler.java:doStop(1153)) - Stopped o.e.j.s.ServletContextHandler@5c2bc446{static,/static,jar:file:/home/runner/.m2/repository/org/apache/ozone/hdds-container-service/1.3.0-SNAPSHOT/hdds-container-service-1.3.0-SNAPSHOT.jar!/webapps/static,STOPPED}
2021-12-22 08:23:14,086 [Listener at 127.0.0.1/41155] INFO  handler.ContextHandler (ContextHandler.java:doStop(1153)) - Stopped o.e.j.s.ServletContextHandler@39310988{logs,/logs,file:///home/runner/work/ozone/ozone/hadoop-ozone/integration-test/target/log,STOPPED}
2021-12-22 08:23:14,087 [Listener at 127.0.0.1/41155] INFO  ozone.MiniOzoneClusterImpl (MiniOzoneClusterImpl.java:stopSCM(542)) - Stopping the StorageContainerManager
2021-12-22 08:23:14,088 [Listener at 127.0.0.1/41155] INFO  server.StorageContainerManager (StorageContainerManager.java:stop(1395)) - Stopping Container Balancer service.
2021-12-22 08:23:14,088 [Listener at 127.0.0.1/41155] INFO  balancer.ContainerBalancer (ContainerBalancer.java:stop(746)) - Container Balancer is not running.
2021-12-22 08:23:14,088 [Listener at 127.0.0.1/41155] INFO  server.StorageContainerManager (StorageContainerManager.java:stop(1402)) - Stopping Replication Manager Service.
2021-12-22 08:23:14,088 [Listener at 127.0.0.1/41155] INFO  container.ReplicationManager (ReplicationManager.java:stop(350)) - Stopping Replication Monitor Thread.
2021-12-22 08:23:14,094 [Listener at 127.0.0.1/41155] INFO  server.StorageContainerManager (StorageContainerManager.java:stop(1409)) - Stopping the Datanode Admin Monitor.
2021-12-22 08:23:14,094 [Listener at 127.0.0.1/41155] INFO  server.StorageContainerManager (StorageContainerManager.java:stop(1416)) - Stopping Lease Manager of the command watchers
2021-12-22 08:23:14,094 [Listener at 127.0.0.1/41155] INFO  server.StorageContainerManager (StorageContainerManager.java:stop(1423)) - Stopping datanode service RPC server
2021-12-22 08:23:14,094 [Listener at 127.0.0.1/41155] INFO  server.SCMDatanodeProtocolServer (SCMDatanodeProtocolServer.java:stop(389)) - Stopping the RPC server for DataNodes
2021-12-22 08:23:14,094 [Listener at 127.0.0.1/41155] INFO  ipc.Server (Server.java:stop(3414)) - Stopping server on 44079
2021-12-22 08:23:14,107 [IPC Server Responder] INFO  ipc.Server (Server.java:run(1512)) - Stopping IPC Server Responder
2021-12-22 08:23:14,107 [IPC Server listener on 0] INFO  ipc.Server (Server.java:run(1376)) - Stopping IPC Server listener on 0
2021-12-22 08:23:14,199 [SCM Heartbeat Processing Thread - 0] WARN  node.NodeStateManager (NodeStateManager.java:scheduleNextHealthCheck(799)) - Current Thread is interrupted, shutting down HB processing thread for Node Manager.
2021-12-22 08:23:14,200 [Listener at 127.0.0.1/41155] INFO  server.StorageContainerManager (StorageContainerManager.java:stop(1431)) - Stopping block service RPC server
2021-12-22 08:23:14,200 [Listener at 127.0.0.1/41155] INFO  server.SCMBlockProtocolServer (SCMBlockProtocolServer.java:stop(160)) - Stopping the RPC server for Block Protocol
2021-12-22 08:23:14,200 [Listener at 127.0.0.1/41155] INFO  ipc.Server (Server.java:stop(3414)) - Stopping server on 44755
2021-12-22 08:23:14,206 [IPC Server listener on 0] INFO  ipc.Server (Server.java:run(1376)) - Stopping IPC Server listener on 0
2021-12-22 08:23:14,206 [Listener at 127.0.0.1/41155] INFO  server.StorageContainerManager (StorageContainerManager.java:stop(1438)) - Stopping the StorageContainerLocationProtocol RPC server
2021-12-22 08:23:14,207 [Listener at 127.0.0.1/41155] INFO  server.SCMClientProtocolServer (SCMClientProtocolServer.java:stop(173)) - Stopping the RPC server for Client Protocol
2021-12-22 08:23:14,207 [Listener at 127.0.0.1/41155] INFO  ipc.Server (Server.java:stop(3414)) - Stopping server on 41559
2021-12-22 08:23:14,206 [IPC Server Responder] INFO  ipc.Server (Server.java:run(1512)) - Stopping IPC Server Responder
2021-12-22 08:23:14,230 [IPC Server listener on 0] INFO  ipc.Server (Server.java:run(1376)) - Stopping IPC Server listener on 0
2021-12-22 08:23:14,230 [Listener at 127.0.0.1/41155] INFO  server.StorageContainerManager (StorageContainerManager.java:stop(1445)) - Stopping Storage Container Manager HTTP server.
2021-12-22 08:23:14,231 [Listener at 127.0.0.1/41155] INFO  handler.ContextHandler (ContextHandler.java:doStop(1153)) - Stopped o.e.j.w.WebAppContext@6df51259{scm,/,null,STOPPED}{file:/home/runner/work/ozone/ozone/hadoop-ozone/integration-test/target/test-classes/webapps/scm}
2021-12-22 08:23:14,232 [IPC Server Responder] INFO  ipc.Server (Server.java:run(1512)) - Stopping IPC Server Responder
2021-12-22 08:23:14,232 [Listener at 127.0.0.1/41155] INFO  server.AbstractConnector (AbstractConnector.java:doStop(381)) - Stopped ServerConnector@549159ad{HTTP/1.1, (http/1.1)}{0.0.0.0:0}
2021-12-22 08:23:14,232 [Listener at 127.0.0.1/41155] INFO  server.session (HouseKeeper.java:stopScavenging(149)) - node0 Stopped scavenging
2021-12-22 08:23:14,232 [Listener at 127.0.0.1/41155] INFO  handler.ContextHandler (ContextHandler.java:doStop(1153)) - Stopped o.e.j.s.ServletContextHandler@66d2ed64{static,/static,file:///home/runner/work/ozone/ozone/hadoop-ozone/integration-test/target/test-classes/webapps/static,STOPPED}
2021-12-22 08:23:14,232 [Listener at 127.0.0.1/41155] INFO  handler.ContextHandler (ContextHandler.java:doStop(1153)) - Stopped o.e.j.s.ServletContextHandler@73950608{logs,/logs,file:///home/runner/work/ozone/ozone/hadoop-ozone/integration-test/target/log,STOPPED}
2021-12-22 08:23:14,262 [Listener at 127.0.0.1/41155] INFO  server.StorageContainerManager (StorageContainerManager.java:stop(1456)) - Stopping Block Manager Service.
2021-12-22 08:23:14,262 [Listener at 127.0.0.1/41155] INFO  utils.BackgroundService (BackgroundService.java:shutdown(132)) - Shutting down service SCMBlockDeletingService
2021-12-22 08:23:14,264 [Listener at 127.0.0.1/41155] INFO  utils.BackgroundService (BackgroundService.java:shutdown(132)) - Shutting down service SCMBlockDeletingService
2021-12-22 08:23:14,264 [Listener at 127.0.0.1/41155] INFO  server.StorageContainerManager (StorageContainerManager.java:stop(1483)) - Stopping SCM Event Queue.
2021-12-22 08:23:14,265 [Listener at 127.0.0.1/41155] INFO  server.StorageContainerManager (StorageContainerManager.java:stop(1494)) - Stopping SCM HA services.
2021-12-22 08:23:14,265 [Listener at 127.0.0.1/41155] INFO  pipeline.BackgroundPipelineCreator (BackgroundPipelineCreator.java:stop(158)) - Stopping RatisPipelineUtilsThread.
2021-12-22 08:23:14,265 [Listener at 127.0.0.1/41155] INFO  server.StorageContainerManager (StorageContainerManager.java:stop(1504)) - Stopping SCM MetadataStore.
2021-12-22 08:23:14,266 [Listener at 127.0.0.1/41155] INFO  impl.MetricsSystemImpl (MetricsSystemImpl.java:stop(210)) - Stopping HddsDatanode metrics system...
2021-12-22 08:23:14,344 [prometheus] INFO  impl.MetricsSinkAdapter (MetricsSinkAdapter.java:publishMetricsFromQueue(141)) - prometheus thread interrupted.
2021-12-22 08:23:14,344 [Listener at 127.0.0.1/41155] INFO  impl.MetricsSystemImpl (MetricsSystemImpl.java:stop(216)) - HddsDatanode metrics system stopped.
2021-12-22 08:23:14,445 [Listener at 127.0.0.1/41155] WARN  server.ServerUtils (ServerUtils.java:getScmDbDir(148)) - ozone.scm.db.dirs is not configured. We recommend adding this setting. Falling back to ozone.metadata.dirs instead.
2021-12-22 08:23:14,455 [Listener at 127.0.0.1/41155] INFO  ha.SCMHANodeDetails (SCMHANodeDetails.java:loadSCMHAConfig(157)) - ServiceID for StorageContainerManager is null
2021-12-22 08:23:14,455 [Listener at 127.0.0.1/41155] INFO  ha.SCMHANodeDetails (SCMHANodeDetails.java:loadSCMHAConfig(162)) - ozone.scm.default.service.id is not defined, falling back to ozone.scm.service.ids to find serviceID for StorageContainerManager if it is HA enabled cluster
2021-12-22 08:23:14,456 [Listener at 127.0.0.1/41155] WARN  server.ServerUtils (ServerUtils.java:getScmDbDir(148)) - ozone.scm.db.dirs is not configured. We recommend adding this setting. Falling back to ozone.metadata.dirs instead.
2021-12-22 08:23:14,456 [Listener at 127.0.0.1/41155] INFO  upgrade.AbstractLayoutVersionManager (AbstractLayoutVersionManager.java:init(79)) - Initializing Layout version manager with metadata layout = SCM_HA (version = 2), software layout = SCM_HA (version = 2)
2021-12-22 08:23:14,629 [Listener at 127.0.0.1/41155] INFO  reflections.Reflections (Reflections.java:scan(232)) - Reflections took 168 ms to scan 7 urls, producing 119 keys and 279 values 
2021-12-22 08:23:14,631 [Listener at 127.0.0.1/41155] WARN  utils.HAUtils (HAUtils.java:getMetaDir(342)) - ozone.scm.db.dirs is not configured. We recommend adding this setting. Falling back to ozone.metadata.dirs instead.
2021-12-22 08:23:14,632 [Listener at 127.0.0.1/41155] WARN  db.DBStoreBuilder (DBStoreBuilder.java:applyDBDefinition(145)) - ozone.scm.db.dirs is not configured. We recommend adding this setting. Falling back to ozone.metadata.dirs instead.
2021-12-22 08:23:14,909 [Listener at 127.0.0.1/41155] INFO  net.NodeSchemaLoader (NodeSchemaLoader.java:loadSchemaFromFile(129)) - Loading schema from [jar:file:/home/runner/.m2/repository/org/apache/ozone/hdds-common/1.3.0-SNAPSHOT/hdds-common-1.3.0-SNAPSHOT.jar!/network-topology-default.xml]
2021-12-22 08:23:14,910 [Listener at 127.0.0.1/41155] INFO  net.NodeSchemaLoader (NodeSchemaLoader.java:loadSchema(176)) - Loading network topology layer schema file
2021-12-22 08:23:14,912 [Listener at 127.0.0.1/41155] INFO  ha.SequenceIdGenerator (SequenceIdGenerator.java:upgradeToSequenceId(347)) - upgrade localId to 107544261427200000
2021-12-22 08:23:14,913 [Listener at 127.0.0.1/41155] INFO  ha.SequenceIdGenerator (SequenceIdGenerator.java:upgradeToSequenceId(357)) - upgrade delTxnId to 0
2021-12-22 08:23:14,913 [Listener at 127.0.0.1/41155] INFO  ha.SequenceIdGenerator (SequenceIdGenerator.java:upgradeToSequenceId(371)) - upgrade containerId to 0
2021-12-22 08:23:14,913 [Listener at 127.0.0.1/41155] INFO  ha.SequenceIdGenerator (SequenceIdGenerator.java:<init>(218)) - Init the HA SequenceIdGenerator.
2021-12-22 08:23:14,913 [Listener at 127.0.0.1/41155] WARN  server.ServerUtils (ServerUtils.java:sanitizeUserArgs(73)) - ozone.scm.stale.node.interval value = 300000 is larger than max = 100000 based on the key value of ozone.scm.heartbeat.thread.interval, reset to the max value 100000.
2021-12-22 08:23:14,913 [Listener at 127.0.0.1/41155] WARN  server.ServerUtils (ServerUtils.java:sanitizeUserArgs(73)) - ozone.scm.stale.node.interval value = 300000 is larger than max = 100000 based on the key value of ozone.scm.heartbeat.thread.interval, reset to the max value 100000.
2021-12-22 08:23:14,914 [Listener at 127.0.0.1/41155] INFO  node.SCMNodeManager (SCMNodeManager.java:<init>(144)) - Entering startup safe mode.
2021-12-22 08:23:14,914 [Listener at 127.0.0.1/41155] INFO  algorithms.ContainerPlacementPolicyFactory (ContainerPlacementPolicyFactory.java:getPolicy(60)) - Create container placement policy of type org.apache.hadoop.hdds.scm.container.placement.algorithms.SCMContainerPlacementRandom
2021-12-22 08:23:14,914 [Listener at 127.0.0.1/41155] INFO  pipeline.PipelineStateManagerImpl (PipelineStateManagerImpl.java:initialize(78)) - No pipeline exists in current db
2021-12-22 08:23:14,915 [Listener at 127.0.0.1/41155] INFO  algorithms.LeaderChoosePolicyFactory (LeaderChoosePolicyFactory.java:getPolicy(57)) - Create leader choose policy of type org.apache.hadoop.hdds.scm.pipeline.leader.choose.algorithms.MinLeaderCountChoosePolicy
2021-12-22 08:23:14,915 [Listener at 127.0.0.1/41155] INFO  ha.SCMServiceManager (SCMServiceManager.java:register(43)) - Registering service BackgroundPipelineCreator.
2021-12-22 08:23:14,915 [Listener at 127.0.0.1/41155] INFO  pipeline.BackgroundPipelineCreator (BackgroundPipelineCreator.java:start(130)) - Starting RatisPipelineUtilsThread.
2021-12-22 08:23:14,916 [Listener at 127.0.0.1/41155] INFO  algorithms.PipelineChoosePolicyFactory (PipelineChoosePolicyFactory.java:createPipelineChoosePolicyFromClass(73)) - Create pipeline choose policy of type org.apache.hadoop.hdds.scm.pipeline.choose.algorithms.RandomPipelineChoosePolicy
2021-12-22 08:23:14,916 [Listener at 127.0.0.1/41155] INFO  ha.SCMServiceManager (SCMServiceManager.java:register(43)) - Registering service SCMBlockDeletingService.
2021-12-22 08:23:14,917 [Listener at 127.0.0.1/41155] INFO  ha.SCMServiceManager (SCMServiceManager.java:register(43)) - Registering service ReplicationManager.
2021-12-22 08:23:14,917 [Listener at 127.0.0.1/41155] INFO  container.ReplicationManager (ReplicationManager.java:start(319)) - Starting Replication Monitor Thread.
2021-12-22 08:23:14,917 [Listener at 127.0.0.1/41155] INFO  safemode.ContainerSafeModeRule (ContainerSafeModeRule.java:<init>(89)) - containers with one replica threshold count 0
2021-12-22 08:23:14,918 [Listener at 127.0.0.1/41155] INFO  safemode.HealthyPipelineSafeModeRule (HealthyPipelineSafeModeRule.java:initializeRule(156)) - Total pipeline count is 0, healthy pipeline threshold count is 1
2021-12-22 08:23:14,918 [Listener at 127.0.0.1/41155] INFO  safemode.OneReplicaPipelineSafeModeRule (OneReplicaPipelineSafeModeRule.java:initializeRule(180)) - Total pipeline count is 0, pipeline's with at least one datanode reported threshold count is 0
2021-12-22 08:23:14,918 [Listener at 127.0.0.1/41155] INFO  ipc.CallQueueManager (CallQueueManager.java:<init>(90)) - Using callQueue: class java.util.concurrent.LinkedBlockingQueue, queueCapacity: 2000, scheduler: class org.apache.hadoop.ipc.DefaultRpcScheduler, ipcBackoff: false.
2021-12-22 08:23:14,919 [Socket Reader #1 for port 0] INFO  ipc.Server (Server.java:run(1265)) - Starting Socket Reader #1 for port 0
2021-12-22 08:23:14,920 [Listener at 0.0.0.0/43829] INFO  ipc.CallQueueManager (CallQueueManager.java:<init>(90)) - Using callQueue: class java.util.concurrent.LinkedBlockingQueue, queueCapacity: 2000, scheduler: class org.apache.hadoop.ipc.DefaultRpcScheduler, ipcBackoff: false.
2021-12-22 08:23:14,920 [Socket Reader #1 for port 0] INFO  ipc.Server (Server.java:run(1265)) - Starting Socket Reader #1 for port 0
2021-12-22 08:23:14,921 [Listener at 0.0.0.0/39955] INFO  ipc.CallQueueManager (CallQueueManager.java:<init>(90)) - Using callQueue: class java.util.concurrent.LinkedBlockingQueue, queueCapacity: 2000, scheduler: class org.apache.hadoop.ipc.DefaultRpcScheduler, ipcBackoff: false.
2021-12-22 08:23:14,922 [Socket Reader #1 for port 0] INFO  ipc.Server (Server.java:run(1265)) - Starting Socket Reader #1 for port 0
2021-12-22 08:23:14,923 [ReplicationMonitor] INFO  container.ReplicationManager (ReplicationManager.java:processAll(371)) - Replication Monitor Thread took 0 milliseconds for processing 0 containers.
2021-12-22 08:23:15,041 [Listener at 0.0.0.0/45885] INFO  algorithms.ContainerPlacementPolicyFactory (ContainerPlacementPolicyFactory.java:getPolicy(60)) - Create container placement policy of type org.apache.hadoop.hdds.scm.container.placement.algorithms.SCMContainerPlacementRandom
2021-12-22 08:23:15,047 [Listener at 0.0.0.0/45885] INFO  server.StorageContainerManager (StorageContainerManager.java:<init>(388)) - 
Container Balancer status:
Key                            Value
Running                        false
Container Balancer Configuration values:
Key                                                Value
Threshold                                          0.1
Max Datanodes to Involve per Iteration(ratio)      0.2
Max Size to Move per Iteration                     30GB
Max Size Entering Target per Iteration             1GB
Max Size Leaving Source per Iteration              1GB

2021-12-22 08:23:15,047 [Listener at 0.0.0.0/45885] WARN  events.EventQueue (EventQueue.java:fireEvent(194)) - No event handler registered for event TypedEvent{payloadType=SafeModeStatus, name='Safe mode status'}
2021-12-22 08:23:15,047 [Listener at 0.0.0.0/45885] INFO  ha.SCMContext (SCMContext.java:updateSafeModeStatus(211)) - Update SafeModeStatus from SafeModeStatus{safeModeStatus=true, preCheckPassed=false} to SafeModeStatus{safeModeStatus=true, preCheckPassed=false}.
2021-12-22 08:23:15,048 [Listener at 0.0.0.0/45885] INFO  server.StorageContainerManager (StorageContainerManager.java:start(1303)) - StorageContainerLocationProtocol RPC server is listening at /0.0.0.0:45885
2021-12-22 08:23:15,051 [Listener at 0.0.0.0/45885] WARN  impl.MetricsConfig (MetricsConfig.java:loadFirst(136)) - Cannot locate configuration: tried hadoop-metrics2-storagecontainermanager.properties,hadoop-metrics2.properties
2021-12-22 08:23:15,074 [Listener at 0.0.0.0/45885] INFO  impl.MetricsSystemImpl (MetricsSystemImpl.java:startTimer(378)) - Scheduled Metric snapshot period at 10 second(s).
2021-12-22 08:23:15,075 [Listener at 0.0.0.0/45885] INFO  impl.MetricsSystemImpl (MetricsSystemImpl.java:start(191)) - StorageContainerManager metrics system started
2021-12-22 08:23:15,098 [Listener at 0.0.0.0/45885] INFO  impl.MetricsSinkAdapter (MetricsSinkAdapter.java:start(204)) - Sink prometheus started
2021-12-22 08:23:15,098 [Listener at 0.0.0.0/45885] INFO  impl.MetricsSystemImpl (MetricsSystemImpl.java:registerSink(305)) - Registered sink prometheus
2021-12-22 08:23:15,194 [Listener at 0.0.0.0/45885] INFO  server.SCMClientProtocolServer (SCMClientProtocolServer.java:start(164)) - RPC server for Client  is listening at /0.0.0.0:45885
2021-12-22 08:23:15,194 [IPC Server Responder] INFO  ipc.Server (Server.java:run(1507)) - IPC Server Responder: starting
2021-12-22 08:23:15,223 [IPC Server listener on 0] INFO  ipc.Server (Server.java:run(1344)) - IPC Server listener on 0: starting
2021-12-22 08:23:15,245 [Listener at 0.0.0.0/45885] INFO  server.StorageContainerManager (StorageContainerManager.java:start(1318)) - ScmBlockLocationProtocol RPC server is listening at /0.0.0.0:39955
2021-12-22 08:23:15,245 [Listener at 0.0.0.0/45885] INFO  server.SCMBlockProtocolServer (SCMBlockProtocolServer.java:start(151)) - RPC server for Block Protocol is listening at /0.0.0.0:39955
2021-12-22 08:23:15,245 [IPC Server Responder] INFO  ipc.Server (Server.java:run(1507)) - IPC Server Responder: starting
2021-12-22 08:23:15,258 [IPC Server listener on 0] INFO  ipc.Server (Server.java:run(1344)) - IPC Server listener on 0: starting
2021-12-22 08:23:15,287 [Listener at 0.0.0.0/45885] INFO  server.StorageContainerManager (StorageContainerManager.java:start(1324)) - ScmDatanodeProtocl RPC server is listening at /0.0.0.0:43829
2021-12-22 08:23:15,287 [Listener at 0.0.0.0/45885] INFO  server.SCMDatanodeProtocolServer (SCMDatanodeProtocolServer.java:start(181)) - RPC server for DataNodes is listening at /0.0.0.0:43829
2021-12-22 08:23:15,288 [IPC Server Responder] INFO  ipc.Server (Server.java:run(1507)) - IPC Server Responder: starting
2021-12-22 08:23:15,288 [IPC Server listener on 0] INFO  ipc.Server (Server.java:run(1344)) - IPC Server listener on 0: starting
2021-12-22 08:23:15,306 [org.apache.hadoop.util.JvmPauseMonitor$Monitor@187271bf] INFO  util.JvmPauseMonitor (JvmPauseMonitor.java:run(188)) - Starting JVM pause monitor
2021-12-22 08:23:15,310 [Listener at 0.0.0.0/45885] INFO  http.BaseHttpServer (BaseHttpServer.java:newHttpServer2BuilderForOzone(209)) - Starting Web-server for scm at: http://0.0.0.0:0
2021-12-22 08:23:15,323 [Listener at 0.0.0.0/45885] INFO  http.BaseHttpServer (BaseHttpServer.java:<init>(107)) - Hadoop Security Enabled: false Ozone Security Enabled: false Ozone HTTP Security Enabled: false 
2021-12-22 08:23:15,325 [Listener at 0.0.0.0/45885] INFO  server.AuthenticationFilter (AuthenticationFilter.java:constructSecretProvider(240)) - Unable to initialize FileSignerSecretProvider, falling back to use random secrets.
2021-12-22 08:23:15,332 [Listener at 0.0.0.0/45885] WARN  http.HttpRequestLog (HttpRequestLog.java:getRequestLog(103)) - Jetty request log can only be enabled using Log4j
2021-12-22 08:23:15,333 [Listener at 0.0.0.0/45885] INFO  http.HttpServer2 (HttpServer2.java:addGlobalFilter(1030)) - Added global filter 'safety' (class=org.apache.hadoop.hdds.server.http.HttpServer2$QuotingInputFilter)
2021-12-22 08:23:15,391 [Listener at 0.0.0.0/45885] INFO  http.HttpServer2 (HttpServer2.java:addFilter(1006)) - Added filter static_user_filter (class=org.apache.hadoop.http.lib.StaticUserWebFilter$StaticUserFilter) to context scm
2021-12-22 08:23:15,391 [Listener at 0.0.0.0/45885] INFO  http.HttpServer2 (HttpServer2.java:addFilter(1014)) - Added filter static_user_filter (class=org.apache.hadoop.http.lib.StaticUserWebFilter$StaticUserFilter) to context logs
2021-12-22 08:23:15,391 [Listener at 0.0.0.0/45885] INFO  http.HttpServer2 (HttpServer2.java:addFilter(1014)) - Added filter static_user_filter (class=org.apache.hadoop.http.lib.StaticUserWebFilter$StaticUserFilter) to context static
2021-12-22 08:23:15,392 [Listener at 0.0.0.0/45885] INFO  http.HttpServer2 (HttpServer2.java:bindListener(1249)) - Jetty bound to port 33729
2021-12-22 08:23:15,392 [Listener at 0.0.0.0/45885] INFO  server.Server (Server.java:doStart(375)) - jetty-9.4.43.v20210629; built: 2021-06-30T11:07:22.254Z; git: 526006ecfa3af7f1a27ef3a288e2bef7ea9dd7e8; jvm 1.8.0_292-b10
2021-12-22 08:23:15,478 [Listener at 0.0.0.0/45885] INFO  server.session (DefaultSessionIdManager.java:doStart(334)) - DefaultSessionIdManager workerName=node0
2021-12-22 08:23:15,478 [Listener at 0.0.0.0/45885] INFO  server.session (DefaultSessionIdManager.java:doStart(339)) - No SessionScavenger set, using defaults
2021-12-22 08:23:15,478 [Listener at 0.0.0.0/45885] INFO  server.session (HouseKeeper.java:startScavenging(132)) - node0 Scavenging every 660000ms
2021-12-22 08:23:15,495 [Listener at 0.0.0.0/45885] INFO  handler.ContextHandler (ContextHandler.java:doStart(915)) - Started o.e.j.s.ServletContextHandler@763711d4{logs,/logs,file:///home/runner/work/ozone/ozone/hadoop-ozone/integration-test/target/log,AVAILABLE}
2021-12-22 08:23:15,495 [Listener at 0.0.0.0/45885] INFO  handler.ContextHandler (ContextHandler.java:doStart(915)) - Started o.e.j.s.ServletContextHandler@5ead823e{static,/static,file:///home/runner/work/ozone/ozone/hadoop-ozone/integration-test/target/test-classes/webapps/static,AVAILABLE}
2021-12-22 08:23:15,504 [Listener at 0.0.0.0/45885] INFO  handler.ContextHandler (ContextHandler.java:doStart(915)) - Started o.e.j.w.WebAppContext@3e650f4{scm,/,file:///home/runner/work/ozone/ozone/hadoop-ozone/integration-test/target/test-classes/webapps/scm/,AVAILABLE}{file:/home/runner/work/ozone/ozone/hadoop-ozone/integration-test/target/test-classes/webapps/scm}
2021-12-22 08:23:15,515 [Listener at 0.0.0.0/45885] INFO  server.AbstractConnector (AbstractConnector.java:doStart(331)) - Started ServerConnector@250f839{HTTP/1.1, (http/1.1)}{0.0.0.0:33729}
2021-12-22 08:23:15,515 [Listener at 0.0.0.0/45885] INFO  server.Server (Server.java:doStart(415)) - Started @166229ms
2021-12-22 08:23:15,515 [Listener at 0.0.0.0/45885] WARN  impl.MetricsSystemImpl (MetricsSystemImpl.java:register(279)) - Sink prometheus already exists!
2021-12-22 08:23:15,516 [Listener at 0.0.0.0/45885] INFO  http.BaseHttpServer (BaseHttpServer.java:updateConnectorAddress(329)) - HTTP server of scm listening at http://0.0.0.0:33729
2021-12-22 08:23:15,516 [Listener at 0.0.0.0/45885] WARN  server.ServerUtils (ServerUtils.java:getDBPath(225)) - ozone.om.db.dirs is not configured. We recommend adding this setting. Falling back to ozone.metadata.dirs instead.
2021-12-22 08:23:15,520 [Listener at 0.0.0.0/45885] INFO  ha.OMHANodeDetails (OMHANodeDetails.java:loadOMHAConfig(112)) - ozone.om.internal.service.id is not defined, falling back to ozone.om.service.ids to find serviceID for OzoneManager if it is HA enabled cluster
2021-12-22 08:23:15,520 [Listener at 0.0.0.0/45885] INFO  ha.OMHANodeDetails (OMHANodeDetails.java:loadOMHAConfig(218)) - Configuration does not have ozone.om.address set. Falling back to the default OM address /127.0.0.1:0
2021-12-22 08:23:15,520 [Listener at 0.0.0.0/45885] INFO  ha.OMHANodeDetails (OMHANodeDetails.java:getOMNodeDetailsForNonHA(246)) - OM Service ID is not set. Setting it to the default ID: omServiceIdDefault
2021-12-22 08:23:15,520 [Listener at 0.0.0.0/45885] INFO  ha.OMHANodeDetails (OMHANodeDetails.java:getOMNodeDetailsForNonHA(253)) - OM Node ID is not set. Setting it to the default ID: om1
2021-12-22 08:23:15,521 [Listener at 0.0.0.0/45885] WARN  server.ServerUtils (ServerUtils.java:getDBPath(225)) - ozone.om.db.dirs is not configured. We recommend adding this setting. Falling back to ozone.metadata.dirs instead.
2021-12-22 08:23:15,521 [Listener at 0.0.0.0/45885] INFO  upgrade.AbstractLayoutVersionManager (AbstractLayoutVersionManager.java:init(79)) - Initializing Layout version manager with metadata layout = INITIAL_VERSION (version = 0), software layout = INITIAL_VERSION (version = 0)
2021-12-22 08:23:15,686 [Listener at 0.0.0.0/45885] INFO  reflections.Reflections (Reflections.java:scan(232)) - Reflections took 164 ms to scan 2 urls, producing 133 keys and 345 values [using 2 cores]
2021-12-22 08:23:15,687 [Listener at 0.0.0.0/45885] INFO  upgrade.OMLayoutVersionManager (OMLayoutVersionManager.java:lambda$0(115)) - Skipping Upgrade Action MockOmUpgradeAction since it has been finalized.
2021-12-22 08:23:15,687 [Listener at 0.0.0.0/45885] WARN  server.ServerUtils (ServerUtils.java:getDBPath(225)) - ozone.om.db.dirs is not configured. We recommend adding this setting. Falling back to ozone.metadata.dirs instead.
2021-12-22 08:23:15,722 [Listener at 0.0.0.0/45885] WARN  server.ServerUtils (ServerUtils.java:getDBPath(225)) - ozone.om.db.dirs is not configured. We recommend adding this setting. Falling back to ozone.metadata.dirs instead.
2021-12-22 08:23:15,723 [Listener at 0.0.0.0/45885] INFO  codec.OmKeyInfoCodec (OmKeyInfoCodec.java:<init>(50)) - OmKeyInfoCodec ignorePipeline = true
2021-12-22 08:23:15,723 [Listener at 0.0.0.0/45885] INFO  codec.RepeatedOmKeyInfoCodec (RepeatedOmKeyInfoCodec.java:<init>(42)) - RepeatedOmKeyInfoCodec ignorePipeline = true
2021-12-22 08:23:16,127 [Listener at 0.0.0.0/45885] INFO  om.OzoneManager (OzoneManager.java:addS3GVolumeToDB(3728)) - Created Volume s3v With Owner runner required for S3Gateway operations.
2021-12-22 08:23:16,128 [Listener at 0.0.0.0/45885] WARN  server.ServerUtils (ServerUtils.java:getDefaultRatisDirectory(237)) - Storage directory for Ratis is not configured. It is a good idea to map this to an SSD disk. Falling back to ozone.metadata.dirs
2021-12-22 08:23:16,128 [Listener at 0.0.0.0/45885] WARN  utils.OzoneManagerRatisUtils (OzoneManagerRatisUtils.java:getOMRatisSnapshotDirectory(323)) - ozone.om.ratis.snapshot.dir is not configured. Falling back to ozone.metadata.dirs config
2021-12-22 08:23:16,128 [Listener at 0.0.0.0/45885] WARN  server.ServerUtils (ServerUtils.java:getDefaultRatisDirectory(237)) - Storage directory for Ratis is not configured. It is a good idea to map this to an SSD disk. Falling back to ozone.metadata.dirs
2021-12-22 08:23:16,129 [Listener at 0.0.0.0/45885] INFO  ratis.OzoneManagerRatisServer (OzoneManagerRatisServer.java:<init>(159)) - Instantiating OM Ratis server with groupID: omServiceIdDefault and peers: localhost:9872
2021-12-22 08:23:16,129 [Listener at 0.0.0.0/45885] INFO  ratis.OzoneManagerStateMachine (OzoneManagerStateMachine.java:loadSnapshotInfoFromDB(605)) - LastAppliedIndex is set from TransactionInfo from OM DB as (t:0, i:~)
2021-12-22 08:23:16,147 [Listener at 0.0.0.0/45885] INFO  server.RaftServer (ConfUtils.java:logGet(44)) - raft.rpc.type = GRPC (default)
2021-12-22 08:23:16,148 [Listener at 0.0.0.0/45885] INFO  grpc.GrpcFactory (GrpcFactory.java:checkPooledByteBufAllocatorUseCacheForAllThreads(48)) - PERFORMANCE WARNING: useCacheForAllThreads is true that may cause Netty to create a lot garbage objects and, as a result, trigger GC.
	It is recommended to disable useCacheForAllThreads by setting -Dorg.apache.ratis.thirdparty.io.netty.allocator.useCacheForAllThreads=false in command line.
2021-12-22 08:23:16,148 [Listener at 0.0.0.0/45885] INFO  grpc.GrpcConfigKeys (ConfUtils.java:logGet(44)) - raft.grpc.admin.port = -1 (default)
2021-12-22 08:23:16,148 [Listener at 0.0.0.0/45885] INFO  grpc.GrpcConfigKeys (ConfUtils.java:logGet(44)) - raft.grpc.server.port = 9872 (custom)
2021-12-22 08:23:16,148 [Listener at 0.0.0.0/45885] INFO  grpc.GrpcConfigKeys (ConfUtils.java:logGet(44)) - raft.grpc.client.port = -1 (default)
2021-12-22 08:23:16,148 [Listener at 0.0.0.0/45885] INFO  grpc.GrpcConfigKeys (ConfUtils.java:logGet(44)) - raft.grpc.server.port = 9872 (custom)
2021-12-22 08:23:16,148 [Listener at 0.0.0.0/45885] INFO  grpc.GrpcConfigKeys (ConfUtils.java:logGet(44)) - raft.grpc.server.port = 9872 (custom)
2021-12-22 08:23:16,148 [Listener at 0.0.0.0/45885] INFO  server.GrpcService (ConfUtils.java:logGet(44)) - raft.grpc.message.size.max = 33554432 (custom)
2021-12-22 08:23:16,148 [Listener at 0.0.0.0/45885] INFO  server.RaftServerConfigKeys (ConfUtils.java:logGet(44)) - raft.server.log.appender.buffer.byte-limit = 33554432 (custom)
2021-12-22 08:23:16,149 [Listener at 0.0.0.0/45885] INFO  server.GrpcService (ConfUtils.java:logGet(44)) - raft.grpc.flow.control.window = 1MB (=1048576) (default)
2021-12-22 08:23:16,149 [Listener at 0.0.0.0/45885] INFO  server.RaftServerConfigKeys (ConfUtils.java:logGet(44)) - raft.server.rpc.request.timeout = 3000ms (default)
2021-12-22 08:23:16,150 [Listener at 0.0.0.0/45885] INFO  impl.DataStreamServerImpl (ConfUtils.java:logGet(44)) - raft.datastream.type = DISABLED (default)
2021-12-22 08:23:16,150 [Listener at 0.0.0.0/45885] INFO  server.RaftServerConfigKeys (ConfUtils.java:logGet(44)) - raft.server.rpc.slowness.timeout = 120s (custom)
2021-12-22 08:23:16,151 [Listener at 0.0.0.0/45885] INFO  server.RaftServerConfigKeys (ConfUtils.java:logGet(44)) - raft.server.leaderelection.leader.step-down.wait-time = 10s (default)
2021-12-22 08:23:16,151 [Listener at 0.0.0.0/45885] INFO  server.RaftServerConfigKeys (ConfUtils.java:logGet(44)) - raft.server.storage.dir = [/home/runner/work/ozone/ozone/hadoop-ozone/integration-test/target/test-dir/MiniOzoneClusterImpl-54e30266-9a77-40a3-8002-44206e2dad63/ozone-meta/ratis] (custom)
2021-12-22 08:23:16,170 [Listener at 0.0.0.0/45885] INFO  server.RaftServer (RaftServerProxy.java:addNew(95)) - om1: addNew group-C5BA1605619E:[om1|rpc:localhost:9872|priority:0] returns group-C5BA1605619E:java.util.concurrent.CompletableFuture@413c710e[Not completed]
2021-12-22 08:23:16,170 [Listener at 0.0.0.0/45885] INFO  om.OzoneManager (OzoneManager.java:initializeRatisServer(1834)) - OzoneManager Ratis server initialized at port 9872
2021-12-22 08:23:16,173 [Listener at 0.0.0.0/45885] INFO  ipc.CallQueueManager (CallQueueManager.java:<init>(90)) - Using callQueue: class java.util.concurrent.LinkedBlockingQueue, queueCapacity: 2000, scheduler: class org.apache.hadoop.ipc.DefaultRpcScheduler, ipcBackoff: false.
2021-12-22 08:23:16,173 [pool-470-thread-1] INFO  server.RaftServer$Division (RaftServerImpl.java:<init>(184)) - om1: new RaftServerImpl for group-C5BA1605619E:[om1|rpc:localhost:9872|priority:0] with OzoneManagerStateMachine:uninitialized
2021-12-22 08:23:16,175 [Socket Reader #1 for port 0] INFO  ipc.Server (Server.java:run(1265)) - Starting Socket Reader #1 for port 0
2021-12-22 08:23:16,183 [pool-470-thread-1] INFO  server.RaftServerConfigKeys (ConfUtils.java:logGet(44)) - raft.server.rpc.timeout.min = 1s (custom)
2021-12-22 08:23:16,183 [pool-470-thread-1] INFO  server.RaftServerConfigKeys (ConfUtils.java:logGet(44)) - raft.server.rpc.timeout.max = 1200ms (custom)
2021-12-22 08:23:16,183 [pool-470-thread-1] INFO  server.RaftServerConfigKeys (ConfUtils.java:logGet(44)) - raft.server.rpc.sleep.time = 25ms (default)
2021-12-22 08:23:16,183 [pool-470-thread-1] INFO  server.RaftServerConfigKeys (ConfUtils.java:logGet(44)) - raft.server.rpc.slowness.timeout = 120s (custom)
2021-12-22 08:23:16,183 [pool-470-thread-1] INFO  server.RaftServerConfigKeys (ConfUtils.java:logGet(44)) - raft.server.leaderelection.leader.step-down.wait-time = 10s (default)
2021-12-22 08:23:16,183 [pool-470-thread-1] INFO  server.RaftServerConfigKeys (ConfUtils.java:logGet(44)) - raft.server.sleep.deviation.threshold = 300ms (default)
2021-12-22 08:23:16,183 [pool-470-thread-1] INFO  server.RaftServerConfigKeys (ConfUtils.java:logGet(44)) - raft.server.log.appender.install.snapshot.enabled = false (custom)
2021-12-22 08:23:16,183 [pool-470-thread-1] INFO  server.RaftServer$Division (ServerState.java:<init>(105)) - om1@group-C5BA1605619E: ConfigurationManager, init=-1: [om1|rpc:localhost:9872|priority:0], old=null, confs=<EMPTY_MAP>
2021-12-22 08:23:16,183 [pool-470-thread-1] INFO  server.RaftServerConfigKeys (ConfUtils.java:logGet(44)) - raft.server.storage.dir = [/home/runner/work/ozone/ozone/hadoop-ozone/integration-test/target/test-dir/MiniOzoneClusterImpl-54e30266-9a77-40a3-8002-44206e2dad63/ozone-meta/ratis] (custom)
2021-12-22 08:23:16,183 [pool-470-thread-1] INFO  server.RaftServerConfigKeys (ConfUtils.java:logGet(44)) - raft.server.log.corruption.policy = EXCEPTION (default)
2021-12-22 08:23:16,183 [pool-470-thread-1] INFO  server.RaftServerConfigKeys (ConfUtils.java:logGet(44)) - raft.server.storage.free-space.min = 0MB (=0) (default)
2021-12-22 08:23:16,183 [pool-470-thread-1] INFO  storage.RaftStorageDirectory (RaftStorageDirectoryImpl.java:analyzeStorage(135)) - The storage directory /home/runner/work/ozone/ozone/hadoop-ozone/integration-test/target/test-dir/MiniOzoneClusterImpl-54e30266-9a77-40a3-8002-44206e2dad63/ozone-meta/ratis/bf265839-605b-3f16-9796-c5ba1605619e does not exist. Creating ...
2021-12-22 08:23:16,186 [pool-470-thread-1] INFO  storage.RaftStorageDirectory (RaftStorageDirectoryImpl.java:tryLock(230)) - Lock on /home/runner/work/ozone/ozone/hadoop-ozone/integration-test/target/test-dir/MiniOzoneClusterImpl-54e30266-9a77-40a3-8002-44206e2dad63/ozone-meta/ratis/bf265839-605b-3f16-9796-c5ba1605619e/in_use.lock acquired by nodename 16871@fv-az270-32
2021-12-22 08:23:16,190 [pool-470-thread-1] INFO  storage.RaftStorage (RaftStorageImpl.java:format(89)) - Storage directory /home/runner/work/ozone/ozone/hadoop-ozone/integration-test/target/test-dir/MiniOzoneClusterImpl-54e30266-9a77-40a3-8002-44206e2dad63/ozone-meta/ratis/bf265839-605b-3f16-9796-c5ba1605619e has been successfully formatted.
2021-12-22 08:23:16,190 [pool-470-thread-1] INFO  server.RaftServerConfigKeys (ConfUtils.java:logGet(44)) - raft.server.notification.no-leader.timeout = 120s (custom)
2021-12-22 08:23:16,190 [pool-470-thread-1] INFO  server.RaftServerConfigKeys (ConfUtils.java:logGet(44)) - raft.server.log.use.memory = false (default)
2021-12-22 08:23:16,190 [pool-470-thread-1] INFO  server.RaftServerConfigKeys (ConfUtils.java:logGet(44)) - raft.server.log.purge.gap = 1000000 (custom)
2021-12-22 08:23:16,190 [pool-470-thread-1] INFO  server.RaftServerConfigKeys (ConfUtils.java:logGet(44)) - raft.server.log.appender.buffer.byte-limit = 33554432 (custom)
2021-12-22 08:23:16,190 [pool-470-thread-1] INFO  server.RaftServerConfigKeys (ConfUtils.java:logGet(44)) - raft.server.log.segment.size.max = 4194304 (custom)
2021-12-22 08:23:16,191 [pool-470-thread-1] INFO  server.RaftServerConfigKeys (ConfUtils.java:logGet(44)) - raft.server.log.segment.cache.num.max = 2 (custom)
2021-12-22 08:23:16,191 [pool-470-thread-1] INFO  server.RaftServerConfigKeys (ConfUtils.java:logGet(44)) - raft.server.log.segment.cache.size.max = 200MB (=209715200) (default)
2021-12-22 08:23:16,191 [pool-470-thread-1] INFO  segmented.SegmentedRaftLogWorker (SegmentedRaftLogWorker.java:<init>(182)) - new om1@group-C5BA1605619E-SegmentedRaftLogWorker for RaftStorageImpl:Storage Directory /home/runner/work/ozone/ozone/hadoop-ozone/integration-test/target/test-dir/MiniOzoneClusterImpl-54e30266-9a77-40a3-8002-44206e2dad63/ozone-meta/ratis/bf265839-605b-3f16-9796-c5ba1605619e
2021-12-22 08:23:16,191 [pool-470-thread-1] INFO  server.RaftServerConfigKeys (ConfUtils.java:logGet(44)) - raft.server.log.queue.byte-limit = 64MB (=67108864) (default)
2021-12-22 08:23:16,195 [pool-470-thread-1] INFO  server.RaftServerConfigKeys (ConfUtils.java:logGet(44)) - raft.server.log.queue.element-limit = 4096 (default)
2021-12-22 08:23:16,196 [pool-470-thread-1] INFO  server.RaftServerConfigKeys (ConfUtils.java:logGet(44)) - raft.server.log.segment.size.max = 4194304 (custom)
2021-12-22 08:23:16,196 [pool-470-thread-1] INFO  server.RaftServerConfigKeys (ConfUtils.java:logGet(44)) - raft.server.log.preallocated.size = 4194304 (custom)
2021-12-22 08:23:16,196 [pool-470-thread-1] INFO  server.RaftServerConfigKeys (ConfUtils.java:logGet(44)) - raft.server.log.force.sync.num = 128 (default)
2021-12-22 08:23:16,196 [pool-470-thread-1] INFO  server.RaftServerConfigKeys (ConfUtils.java:logGet(44)) - raft.server.log.statemachine.data.sync = true (default)
2021-12-22 08:23:16,196 [pool-470-thread-1] INFO  server.RaftServerConfigKeys (ConfUtils.java:logGet(44)) - raft.server.log.statemachine.data.sync.timeout = 10s (default)
2021-12-22 08:23:16,196 [pool-470-thread-1] INFO  server.RaftServerConfigKeys (ConfUtils.java:logGet(44)) - raft.server.log.statemachine.data.sync.timeout.retry = -1 (default)
2021-12-22 08:23:16,197 [pool-470-thread-1] INFO  server.RaftServerConfigKeys (ConfUtils.java:logGet(44)) - raft.server.log.write.buffer.size = 64KB (=65536) (default)
2021-12-22 08:23:16,202 [pool-470-thread-1] INFO  server.RaftServerConfigKeys (ConfUtils.java:logGet(44)) - raft.server.log.statemachine.data.caching.enabled = false (default)
2021-12-22 08:23:16,202 [pool-470-thread-1] INFO  segmented.SegmentedRaftLogWorker (SegmentedRaftLogWorker.java:lambda$new$0(133)) - om1@group-C5BA1605619E-SegmentedRaftLogWorker: flushIndex: setUnconditionally 0 -> -1
2021-12-22 08:23:16,202 [pool-470-thread-1] INFO  segmented.SegmentedRaftLogWorker (SegmentedRaftLogWorker.java:lambda$new$0(133)) - om1@group-C5BA1605619E-SegmentedRaftLogWorker: safeCacheEvictIndex: setUnconditionally 0 -> -1
2021-12-22 08:23:16,208 [pool-470-thread-1] INFO  server.RaftServerConfigKeys (ConfUtils.java:logGet(44)) - raft.server.snapshot.auto.trigger.enabled = true (custom)
2021-12-22 08:23:16,208 [pool-470-thread-1] INFO  server.RaftServerConfigKeys (ConfUtils.java:logGet(44)) - raft.server.snapshot.auto.trigger.threshold = 400000 (default)
2021-12-22 08:23:16,208 [pool-470-thread-1] INFO  server.RaftServerConfigKeys (ConfUtils.java:logGet(44)) - raft.server.snapshot.retention.file.num = -1 (default)
2021-12-22 08:23:16,208 [pool-470-thread-1] INFO  server.RaftServerConfigKeys (ConfUtils.java:logGet(44)) - raft.server.log.purge.upto.snapshot.index = true (custom)
2021-12-22 08:23:16,208 [pool-470-thread-1] INFO  server.RaftServerConfigKeys (ConfUtils.java:logGet(44)) - raft.server.retrycache.expirytime = 300s (custom)
2021-12-22 08:23:16,208 [pool-470-thread-1] INFO  server.RaftServerConfigKeys (ConfUtils.java:logGet(44)) - raft.server.retrycache.statistics.expirytime = 100μs (default)
2021-12-22 08:23:16,283 [Listener at 127.0.0.1/32839] INFO  impl.MetricsSystemImpl (MetricsSystemImpl.java:init(158)) - OzoneManager metrics system started (again)
2021-12-22 08:23:16,339 [Listener at 127.0.0.1/32839] INFO  om.OzoneManager (OzoneManager.java:start(1365)) - OzoneManager RPC server is listening at localhost/127.0.0.1:32839
2021-12-22 08:23:16,339 [Listener at 127.0.0.1/32839] INFO  ratis.OzoneManagerRatisServer (OzoneManagerRatisServer.java:start(554)) - Starting OzoneManagerRatisServer om1 at port 9872
2021-12-22 08:23:16,339 [Listener at 127.0.0.1/32839] INFO  server.RaftServer$Division (RaftServerImpl.java:start(301)) - om1@group-C5BA1605619E: start as a follower, conf=-1: [om1|rpc:localhost:9872|priority:0], old=null
2021-12-22 08:23:16,339 [Listener at 127.0.0.1/32839] INFO  server.RaftServer$Division (RaftServerImpl.java:setRole(290)) - om1@group-C5BA1605619E: changes role from      null to FOLLOWER at term 0 for startAsFollower
2021-12-22 08:23:16,339 [Listener at 127.0.0.1/32839] INFO  impl.RoleInfo (RoleInfo.java:updateAndGet(130)) - om1: start om1@group-C5BA1605619E-FollowerState
2021-12-22 08:23:16,340 [Listener at 127.0.0.1/32839] INFO  util.JmxRegister (JmxRegister.java:tryRegister(44)) - Successfully registered JMX Bean with object name Ratis:service=RaftServer,group=group-C5BA1605619E,id=om1
2021-12-22 08:23:16,342 [Listener at 127.0.0.1/32839] INFO  server.RaftServer (RaftServerProxy.java:lambda$start$5(374)) - om1: start RPC server
2021-12-22 08:23:16,374 [Listener at 127.0.0.1/32839] INFO  server.GrpcService (GrpcService.java:startImpl(253)) - om1: GrpcService started, listening on 9872
2021-12-22 08:23:16,374 [Listener at 127.0.0.1/32839] INFO  om.OzoneManager (OzoneManager.java:start(1381)) - Version File has different layout version (0) than OM DB (null). That is expected if this OM has never been finalized to a newer layout version.
2021-12-22 08:23:16,393 [Listener at 127.0.0.1/32839] INFO  http.BaseHttpServer (BaseHttpServer.java:newHttpServer2BuilderForOzone(209)) - Starting Web-server for ozoneManager at: http://0.0.0.0:0
2021-12-22 08:23:16,393 [Listener at 127.0.0.1/32839] INFO  http.BaseHttpServer (BaseHttpServer.java:<init>(107)) - Hadoop Security Enabled: false Ozone Security Enabled: false Ozone HTTP Security Enabled: false 
2021-12-22 08:23:16,396 [Listener at 127.0.0.1/32839] INFO  server.AuthenticationFilter (AuthenticationFilter.java:constructSecretProvider(240)) - Unable to initialize FileSignerSecretProvider, falling back to use random secrets.
2021-12-22 08:23:16,410 [Listener at 127.0.0.1/32839] WARN  http.HttpRequestLog (HttpRequestLog.java:getRequestLog(103)) - Jetty request log can only be enabled using Log4j
2021-12-22 08:23:16,411 [Listener at 127.0.0.1/32839] INFO  http.HttpServer2 (HttpServer2.java:addGlobalFilter(1030)) - Added global filter 'safety' (class=org.apache.hadoop.hdds.server.http.HttpServer2$QuotingInputFilter)
2021-12-22 08:23:16,412 [Listener at 127.0.0.1/32839] INFO  http.HttpServer2 (HttpServer2.java:addFilter(1006)) - Added filter static_user_filter (class=org.apache.hadoop.http.lib.StaticUserWebFilter$StaticUserFilter) to context ozoneManager
2021-12-22 08:23:16,412 [Listener at 127.0.0.1/32839] INFO  http.HttpServer2 (HttpServer2.java:addFilter(1014)) - Added filter static_user_filter (class=org.apache.hadoop.http.lib.StaticUserWebFilter$StaticUserFilter) to context logs
2021-12-22 08:23:16,412 [Listener at 127.0.0.1/32839] INFO  http.HttpServer2 (HttpServer2.java:addFilter(1014)) - Added filter static_user_filter (class=org.apache.hadoop.http.lib.StaticUserWebFilter$StaticUserFilter) to context static
2021-12-22 08:23:16,412 [Listener at 127.0.0.1/32839] INFO  http.HttpServer2 (HttpServer2.java:bindListener(1249)) - Jetty bound to port 38535
2021-12-22 08:23:16,412 [Listener at 127.0.0.1/32839] INFO  server.Server (Server.java:doStart(375)) - jetty-9.4.43.v20210629; built: 2021-06-30T11:07:22.254Z; git: 526006ecfa3af7f1a27ef3a288e2bef7ea9dd7e8; jvm 1.8.0_292-b10
2021-12-22 08:23:16,418 [org.apache.ratis.util.JvmPauseMonitor$$Lambda$528/1268289547@74f8dc1b] INFO  util.JvmPauseMonitor (JvmPauseMonitor.java:run(103)) - JvmPauseMonitor-om1: Started
2021-12-22 08:23:16,482 [Listener at 127.0.0.1/32839] INFO  server.session (DefaultSessionIdManager.java:doStart(334)) - DefaultSessionIdManager workerName=node0
2021-12-22 08:23:16,483 [Listener at 127.0.0.1/32839] INFO  server.session (DefaultSessionIdManager.java:doStart(339)) - No SessionScavenger set, using defaults
2021-12-22 08:23:16,483 [Listener at 127.0.0.1/32839] INFO  server.session (HouseKeeper.java:startScavenging(132)) - node0 Scavenging every 600000ms
2021-12-22 08:23:16,485 [Listener at 127.0.0.1/32839] INFO  handler.ContextHandler (ContextHandler.java:doStart(915)) - Started o.e.j.s.ServletContextHandler@379a9dab{logs,/logs,file:///home/runner/work/ozone/ozone/hadoop-ozone/integration-test/target/log,AVAILABLE}
2021-12-22 08:23:16,485 [Listener at 127.0.0.1/32839] INFO  handler.ContextHandler (ContextHandler.java:doStart(915)) - Started o.e.j.s.ServletContextHandler@553fe912{static,/static,file:///home/runner/work/ozone/ozone/hadoop-ozone/integration-test/target/test-classes/webapps/static,AVAILABLE}
2021-12-22 08:23:16,489 [Listener at 127.0.0.1/32839] INFO  handler.ContextHandler (ContextHandler.java:doStart(915)) - Started o.e.j.w.WebAppContext@34ec84e{ozoneManager,/,file:///home/runner/work/ozone/ozone/hadoop-ozone/integration-test/target/test-classes/webapps/ozoneManager/,AVAILABLE}{file:/home/runner/work/ozone/ozone/hadoop-ozone/integration-test/target/test-classes/webapps/ozoneManager}
2021-12-22 08:23:16,522 [Listener at 127.0.0.1/32839] INFO  server.AbstractConnector (AbstractConnector.java:doStart(331)) - Started ServerConnector@9405aad{HTTP/1.1, (http/1.1)}{0.0.0.0:38535}
2021-12-22 08:23:16,522 [Listener at 127.0.0.1/32839] INFO  server.Server (Server.java:doStart(415)) - Started @167236ms
2021-12-22 08:23:16,522 [Listener at 127.0.0.1/32839] WARN  impl.MetricsSystemImpl (MetricsSystemImpl.java:register(279)) - Sink prometheus already exists!
2021-12-22 08:23:16,523 [Listener at 127.0.0.1/32839] INFO  http.BaseHttpServer (BaseHttpServer.java:updateConnectorAddress(329)) - HTTP server of ozoneManager listening at http://0.0.0.0:38535
2021-12-22 08:23:16,530 [IPC Server Responder] INFO  ipc.Server (Server.java:run(1507)) - IPC Server Responder: starting
2021-12-22 08:23:16,554 [IPC Server listener on 0] INFO  ipc.Server (Server.java:run(1344)) - IPC Server listener on 0: starting
2021-12-22 08:23:16,639 [Listener at 127.0.0.1/32839] INFO  om.TrashPolicyOzone (TrashPolicyOzone.java:<init>(178)) - Ozone Manager trash configuration: Deletion interval = 0 minutes, Emptier interval = 0 minutes.
2021-12-22 08:23:16,647 [org.apache.hadoop.util.JvmPauseMonitor$Monitor@15873b00] INFO  util.JvmPauseMonitor (JvmPauseMonitor.java:run(188)) - Starting JVM pause monitor
2021-12-22 08:23:16,654 [Listener at 127.0.0.1/32839] WARN  impl.MetricRegistriesImpl (MetricRegistriesImpl.java:addReporterRegistration(111)) - New reporters are added after registries were created. Some metrics will be missing from the reporter. Please add reporter before adding any new registry.
2021-12-22 08:23:16,654 [Listener at 127.0.0.1/32839] WARN  impl.MetricRegistriesImpl (MetricRegistriesImpl.java:addReporterRegistration(111)) - New reporters are added after registries were created. Some metrics will be missing from the reporter. Please add reporter before adding any new registry.
2021-12-22 08:23:16,654 [Listener at 127.0.0.1/32839] INFO  impl.MetricsSystemImpl (MetricsSystemImpl.java:init(158)) - HddsDatanode metrics system started (again)
2021-12-22 08:23:16,731 [Listener at 127.0.0.1/32839] INFO  ozone.HddsDatanodeService (HddsDatanodeService.java:start(234)) - HddsDatanodeService host:fv-az270-32.tacnzluakwdehk1hpragurqkma.bx.internal.cloudapp.net ip:10.1.0.28
2021-12-22 08:23:16,800 [Listener at 127.0.0.1/32839] INFO  upgrade.AbstractLayoutVersionManager (AbstractLayoutVersionManager.java:init(79)) - Initializing Layout version manager with metadata layout = SCM_HA (version = 2), software layout = SCM_HA (version = 2)
2021-12-22 08:23:16,949 [Listener at 127.0.0.1/32839] INFO  reflections.Reflections (Reflections.java:scan(232)) - Reflections took 144 ms to scan 7 urls, producing 119 keys and 279 values 
2021-12-22 08:23:16,967 [Listener at 127.0.0.1/32839] INFO  statemachine.DatanodeStateMachine (DatanodeStateMachine.java:getEndPointTaskThreadPoolSize(219)) - Datanode State Machine Task Thread Pool size 2
2021-12-22 08:23:16,986 [Listener at 127.0.0.1/32839] INFO  volume.HddsVolume (HddsVolume.java:<init>(120)) - Creating HddsVolume: /home/runner/work/ozone/ozone/hadoop-ozone/integration-test/target/test-dir/MiniOzoneClusterImpl-54e30266-9a77-40a3-8002-44206e2dad63/datanode-0/data-0/containers/hdds of storage type : DISK capacity : 9223372036854775807
2021-12-22 08:23:16,986 [Listener at 127.0.0.1/32839] INFO  volume.MutableVolumeSet (MutableVolumeSet.java:initializeVolumeSet(168)) - Added Volume : /home/runner/work/ozone/ozone/hadoop-ozone/integration-test/target/test-dir/MiniOzoneClusterImpl-54e30266-9a77-40a3-8002-44206e2dad63/datanode-0/data-0/containers/hdds to VolumeSet
2021-12-22 08:23:16,987 [Listener at 127.0.0.1/32839] INFO  volume.ThrottledAsyncChecker (ThrottledAsyncChecker.java:schedule(141)) - Scheduling a check for /home/runner/work/ozone/ozone/hadoop-ozone/integration-test/target/test-dir/MiniOzoneClusterImpl-54e30266-9a77-40a3-8002-44206e2dad63/datanode-0/data-0/containers/hdds
2021-12-22 08:23:16,995 [Listener at 127.0.0.1/32839] INFO  volume.StorageVolumeChecker (StorageVolumeChecker.java:checkAllVolumes(202)) - Scheduled health check for volume /home/runner/work/ozone/ozone/hadoop-ozone/integration-test/target/test-dir/MiniOzoneClusterImpl-54e30266-9a77-40a3-8002-44206e2dad63/datanode-0/data-0/containers/hdds
2021-12-22 08:23:17,058 [Listener at 127.0.0.1/32839] INFO  volume.MutableVolumeSet (MutableVolumeSet.java:initializeVolumeSet(168)) - Added Volume : /home/runner/work/ozone/ozone/hadoop-ozone/integration-test/target/test-dir/MiniOzoneClusterImpl-54e30266-9a77-40a3-8002-44206e2dad63/datanode-0/data/ratis to VolumeSet
2021-12-22 08:23:17,066 [Listener at 127.0.0.1/32839] INFO  volume.ThrottledAsyncChecker (ThrottledAsyncChecker.java:schedule(141)) - Scheduling a check for /home/runner/work/ozone/ozone/hadoop-ozone/integration-test/target/test-dir/MiniOzoneClusterImpl-54e30266-9a77-40a3-8002-44206e2dad63/datanode-0/data/ratis
2021-12-22 08:23:17,066 [Listener at 127.0.0.1/32839] INFO  volume.StorageVolumeChecker (StorageVolumeChecker.java:checkAllVolumes(202)) - Scheduled health check for volume /home/runner/work/ozone/ozone/hadoop-ozone/integration-test/target/test-dir/MiniOzoneClusterImpl-54e30266-9a77-40a3-8002-44206e2dad63/datanode-0/data/ratis
2021-12-22 08:23:17,140 [Thread-1241] INFO  ozoneimpl.ContainerReader (ContainerReader.java:readVolume(172)) - Finish verifying containers on volume /home/runner/work/ozone/ozone/hadoop-ozone/integration-test/target/test-dir/MiniOzoneClusterImpl-54e30266-9a77-40a3-8002-44206e2dad63/datanode-0/data-0/containers/hdds
2021-12-22 08:23:17,140 [Listener at 127.0.0.1/32839] INFO  ozoneimpl.OzoneContainer (OzoneContainer.java:buildContainerSet(237)) - Build ContainerSet costs 0s
2021-12-22 08:23:17,143 [Listener at 127.0.0.1/32839] INFO  server.RaftServer (ConfUtils.java:logGet(44)) - raft.rpc.type = GRPC (default)
2021-12-22 08:23:17,144 [Listener at 127.0.0.1/32839] INFO  grpc.GrpcFactory (GrpcFactory.java:checkPooledByteBufAllocatorUseCacheForAllThreads(48)) - PERFORMANCE WARNING: useCacheForAllThreads is true that may cause Netty to create a lot garbage objects and, as a result, trigger GC.
	It is recommended to disable useCacheForAllThreads by setting -Dorg.apache.ratis.thirdparty.io.netty.allocator.useCacheForAllThreads=false in command line.
2021-12-22 08:23:17,144 [Listener at 127.0.0.1/32839] INFO  grpc.GrpcConfigKeys (ConfUtils.java:logGet(44)) - raft.grpc.admin.port = 0 (custom)
2021-12-22 08:23:17,144 [Listener at 127.0.0.1/32839] INFO  grpc.GrpcConfigKeys (ConfUtils.java:logGet(44)) - raft.grpc.client.port = 0 (custom)
2021-12-22 08:23:17,145 [Listener at 127.0.0.1/32839] INFO  grpc.GrpcConfigKeys (ConfUtils.java:logGet(44)) - raft.grpc.server.port = 0 (default)
2021-12-22 08:23:17,145 [Listener at 127.0.0.1/32839] INFO  server.GrpcService (ConfUtils.java:logGet(44)) - raft.grpc.message.size.max = 32MB (=33554432) (custom)
2021-12-22 08:23:17,145 [Listener at 127.0.0.1/32839] INFO  server.RaftServerConfigKeys (ConfUtils.java:logGet(44)) - raft.server.log.appender.buffer.byte-limit = 33554432 (custom)
2021-12-22 08:23:17,146 [Listener at 127.0.0.1/32839] INFO  server.GrpcService (ConfUtils.java:logGet(44)) - raft.grpc.flow.control.window = 5MB (=5242880) (custom)
2021-12-22 08:23:17,146 [Listener at 127.0.0.1/32839] INFO  server.RaftServerConfigKeys (ConfUtils.java:logGet(44)) - raft.server.rpc.request.timeout = 60s (custom)
2021-12-22 08:23:17,151 [Listener at 127.0.0.1/32839] INFO  impl.DataStreamServerImpl (ConfUtils.java:logGet(44)) - raft.datastream.type = DISABLED (default)
2021-12-22 08:23:17,158 [Listener at 127.0.0.1/32839] INFO  server.RaftServerConfigKeys (ConfUtils.java:logGet(44)) - raft.server.rpc.slowness.timeout = 300s (custom)
2021-12-22 08:23:17,158 [Listener at 127.0.0.1/32839] INFO  server.RaftServerConfigKeys (ConfUtils.java:logGet(44)) - raft.server.leaderelection.leader.step-down.wait-time = 10s (default)
2021-12-22 08:23:17,158 [Listener at 127.0.0.1/32839] INFO  server.RaftServerConfigKeys (ConfUtils.java:logGet(44)) - raft.server.storage.dir = [/home/runner/work/ozone/ozone/hadoop-ozone/integration-test/target/test-dir/MiniOzoneClusterImpl-54e30266-9a77-40a3-8002-44206e2dad63/datanode-0/data/ratis] (custom)
2021-12-22 08:23:17,160 [Listener at 127.0.0.1/32839] INFO  server.XceiverServerGrpc (XceiverServerGrpc.java:<init>(132)) - GrpcServer channel type EpollServerSocketChannel
2021-12-22 08:23:17,166 [Listener at 127.0.0.1/32839] INFO  http.BaseHttpServer (BaseHttpServer.java:newHttpServer2BuilderForOzone(209)) - Starting Web-server for hddsDatanode at: http://0.0.0.0:0
2021-12-22 08:23:17,167 [Listener at 127.0.0.1/32839] INFO  http.BaseHttpServer (BaseHttpServer.java:<init>(107)) - Hadoop Security Enabled: false Ozone Security Enabled: false Ozone HTTP Security Enabled: false 
2021-12-22 08:23:17,178 [Listener at 127.0.0.1/32839] INFO  server.AuthenticationFilter (AuthenticationFilter.java:constructSecretProvider(240)) - Unable to initialize FileSignerSecretProvider, falling back to use random secrets.
2021-12-22 08:23:17,188 [Listener at 127.0.0.1/32839] WARN  http.HttpRequestLog (HttpRequestLog.java:getRequestLog(103)) - Jetty request log can only be enabled using Log4j
2021-12-22 08:23:17,189 [Listener at 127.0.0.1/32839] INFO  http.HttpServer2 (HttpServer2.java:addGlobalFilter(1030)) - Added global filter 'safety' (class=org.apache.hadoop.hdds.server.http.HttpServer2$QuotingInputFilter)
2021-12-22 08:23:17,189 [Listener at 127.0.0.1/32839] INFO  http.HttpServer2 (HttpServer2.java:addFilter(1006)) - Added filter static_user_filter (class=org.apache.hadoop.http.lib.StaticUserWebFilter$StaticUserFilter) to context hddsDatanode
2021-12-22 08:23:17,189 [Listener at 127.0.0.1/32839] INFO  http.HttpServer2 (HttpServer2.java:addFilter(1014)) - Added filter static_user_filter (class=org.apache.hadoop.http.lib.StaticUserWebFilter$StaticUserFilter) to context static
2021-12-22 08:23:17,190 [Listener at 127.0.0.1/32839] INFO  http.HttpServer2 (HttpServer2.java:addFilter(1014)) - Added filter static_user_filter (class=org.apache.hadoop.http.lib.StaticUserWebFilter$StaticUserFilter) to context logs
2021-12-22 08:23:17,190 [Listener at 127.0.0.1/32839] INFO  http.HttpServer2 (HttpServer2.java:bindListener(1249)) - Jetty bound to port 37737
2021-12-22 08:23:17,190 [Listener at 127.0.0.1/32839] INFO  server.Server (Server.java:doStart(375)) - jetty-9.4.43.v20210629; built: 2021-06-30T11:07:22.254Z; git: 526006ecfa3af7f1a27ef3a288e2bef7ea9dd7e8; jvm 1.8.0_292-b10
2021-12-22 08:23:17,287 [Listener at 127.0.0.1/32839] INFO  server.session (DefaultSessionIdManager.java:doStart(334)) - DefaultSessionIdManager workerName=node0
2021-12-22 08:23:17,287 [Listener at 127.0.0.1/32839] INFO  server.session (DefaultSessionIdManager.java:doStart(339)) - No SessionScavenger set, using defaults
2021-12-22 08:23:17,287 [Listener at 127.0.0.1/32839] INFO  server.session (HouseKeeper.java:startScavenging(132)) - node0 Scavenging every 600000ms
2021-12-22 08:23:17,290 [Listener at 127.0.0.1/32839] INFO  handler.ContextHandler (ContextHandler.java:doStart(915)) - Started o.e.j.s.ServletContextHandler@4e11dfaf{logs,/logs,file:///home/runner/work/ozone/ozone/hadoop-ozone/integration-test/target/log,AVAILABLE}
2021-12-22 08:23:17,290 [Listener at 127.0.0.1/32839] INFO  handler.ContextHandler (ContextHandler.java:doStart(915)) - Started o.e.j.s.ServletContextHandler@8d464df{static,/static,jar:file:/home/runner/.m2/repository/org/apache/ozone/hdds-container-service/1.3.0-SNAPSHOT/hdds-container-service-1.3.0-SNAPSHOT.jar!/webapps/static,AVAILABLE}
2021-12-22 08:23:17,376 [Listener at 127.0.0.1/32839] INFO  handler.ContextHandler (ContextHandler.java:doStart(915)) - Started o.e.j.w.WebAppContext@6cb862dc{hddsDatanode,/,file:///tmp/jetty-0_0_0_0-37737-hdds-container-service-1_3_0-SNAPSHOT_jar-_-any-6917910651761789135/webapp/,AVAILABLE}{jar:file:/home/runner/.m2/repository/org/apache/ozone/hdds-container-service/1.3.0-SNAPSHOT/hdds-container-service-1.3.0-SNAPSHOT.jar!/webapps/hddsDatanode}
2021-12-22 08:23:17,394 [Listener at 127.0.0.1/32839] INFO  server.AbstractConnector (AbstractConnector.java:doStart(331)) - Started ServerConnector@7d5fdd54{HTTP/1.1, (http/1.1)}{0.0.0.0:37737}
2021-12-22 08:23:17,394 [Listener at 127.0.0.1/32839] INFO  server.Server (Server.java:doStart(415)) - Started @168108ms
2021-12-22 08:23:17,394 [Listener at 127.0.0.1/32839] WARN  impl.MetricsSystemImpl (MetricsSystemImpl.java:register(279)) - Sink prometheus already exists!
2021-12-22 08:23:17,395 [Listener at 127.0.0.1/32839] INFO  http.BaseHttpServer (BaseHttpServer.java:updateConnectorAddress(329)) - HTTP server of hddsDatanode listening at http://0.0.0.0:37737
2021-12-22 08:23:17,410 [Listener at 127.0.0.1/32839] WARN  impl.MetricRegistriesImpl (MetricRegistriesImpl.java:addReporterRegistration(111)) - New reporters are added after registries were created. Some metrics will be missing from the reporter. Please add reporter before adding any new registry.
2021-12-22 08:23:17,410 [Listener at 127.0.0.1/32839] WARN  impl.MetricRegistriesImpl (MetricRegistriesImpl.java:addReporterRegistration(111)) - New reporters are added after registries were created. Some metrics will be missing from the reporter. Please add reporter before adding any new registry.
2021-12-22 08:23:17,410 [Listener at 127.0.0.1/32839] INFO  impl.MetricsSystemImpl (MetricsSystemImpl.java:init(158)) - HddsDatanode metrics system started (again)
2021-12-22 08:23:17,414 [Datanode State Machine Daemon Thread] INFO  statemachine.DatanodeStateMachine (DatanodeStateMachine.java:lambda$startDaemon$0(467)) - Ozone container server started.
2021-12-22 08:23:17,486 [Listener at 127.0.0.1/32839] INFO  ozone.HddsDatanodeService (HddsDatanodeService.java:start(234)) - HddsDatanodeService host:fv-az270-32.tacnzluakwdehk1hpragurqkma.bx.internal.cloudapp.net ip:10.1.0.28
2021-12-22 08:23:17,503 [om1@group-C5BA1605619E-FollowerState] INFO  impl.FollowerState (FollowerState.java:run(134)) - om1@group-C5BA1605619E-FollowerState: change to CANDIDATE, lastRpcElapsedTime:1163273537ns, electionTimeout:1143ms
2021-12-22 08:23:17,503 [om1@group-C5BA1605619E-FollowerState] INFO  impl.RoleInfo (RoleInfo.java:shutdownFollowerState(108)) - om1: shutdown om1@group-C5BA1605619E-FollowerState
2021-12-22 08:23:17,503 [om1@group-C5BA1605619E-FollowerState] INFO  server.RaftServer$Division (RaftServerImpl.java:setRole(290)) - om1@group-C5BA1605619E: changes role from  FOLLOWER to CANDIDATE at term 0 for changeToCandidate
2021-12-22 08:23:17,510 [org.apache.hadoop.util.JvmPauseMonitor$Monitor@7348441b] INFO  util.JvmPauseMonitor (JvmPauseMonitor.java:run(188)) - Starting JVM pause monitor
2021-12-22 08:23:17,514 [om1@group-C5BA1605619E-FollowerState] INFO  server.RaftServerConfigKeys (ConfUtils.java:logGet(44)) - raft.server.leaderelection.pre-vote = false (custom)
2021-12-22 08:23:17,514 [om1@group-C5BA1605619E-FollowerState] INFO  impl.RoleInfo (RoleInfo.java:updateAndGet(130)) - om1: start om1@group-C5BA1605619E-LeaderElection33
2021-12-22 08:23:17,534 [Datanode State Machine Task Thread - 0] INFO  datanode.InitDatanodeState (InitDatanodeState.java:persistContainerDatanodeDetails(145)) - DatanodeDetails is persisted to /home/runner/work/ozone/ozone/hadoop-ozone/integration-test/target/test-dir/MiniOzoneClusterImpl-54e30266-9a77-40a3-8002-44206e2dad63/datanode-0/meta/datanode.id
2021-12-22 08:23:17,583 [om1@group-C5BA1605619E-LeaderElection33] INFO  impl.LeaderElection (LeaderElection.java:askForVotes(306)) - om1@group-C5BA1605619E-LeaderElection33 ELECTION round 0: submit vote requests at term 1 for -1: [om1|rpc:localhost:9872|priority:0], old=null
2021-12-22 08:23:17,583 [om1@group-C5BA1605619E-LeaderElection33] INFO  impl.LeaderElection (LeaderElection.java:askForVotes(308)) - om1@group-C5BA1605619E-LeaderElection33 ELECTION round 0: result PASSED (term=1)
2021-12-22 08:23:17,583 [om1@group-C5BA1605619E-LeaderElection33] INFO  impl.RoleInfo (RoleInfo.java:shutdownLeaderElection(121)) - om1: shutdown om1@group-C5BA1605619E-LeaderElection33
2021-12-22 08:23:17,583 [om1@group-C5BA1605619E-LeaderElection33] INFO  server.RaftServer$Division (RaftServerImpl.java:setRole(290)) - om1@group-C5BA1605619E: changes role from CANDIDATE to LEADER at term 1 for changeToLeader
2021-12-22 08:23:17,583 [om1@group-C5BA1605619E-LeaderElection33] INFO  server.RaftServer$Division (ServerState.java:setLeader(285)) - om1@group-C5BA1605619E: change Leader from null to om1 at term 1 for becomeLeader, leader elected after 1393ms
2021-12-22 08:23:17,583 [om1@group-C5BA1605619E-LeaderElection33] INFO  server.RaftServerConfigKeys (ConfUtils.java:logGet(44)) - raft.server.staging.catchup.gap = 1000 (default)
2021-12-22 08:23:17,583 [om1@group-C5BA1605619E-LeaderElection33] INFO  server.RaftServerConfigKeys (ConfUtils.java:logGet(44)) - raft.server.write.element-limit = 4096 (default)
2021-12-22 08:23:17,583 [om1@group-C5BA1605619E-LeaderElection33] INFO  server.RaftServerConfigKeys (ConfUtils.java:logGet(44)) - raft.server.write.byte-limit = 64MB (=67108864) (default)
2021-12-22 08:23:17,584 [om1@group-C5BA1605619E-LeaderElection33] INFO  server.RaftServerConfigKeys (ConfUtils.java:logGet(44)) - raft.server.watch.timeout = 10s (default)
2021-12-22 08:23:17,584 [om1@group-C5BA1605619E-LeaderElection33] INFO  server.RaftServerConfigKeys (ConfUtils.java:logGet(44)) - raft.server.watch.timeout.denomination = 1s (default)
2021-12-22 08:23:17,584 [om1@group-C5BA1605619E-LeaderElection33] INFO  server.RaftServerConfigKeys (ConfUtils.java:logGet(44)) - raft.server.watch.element-limit = 65536 (default)
2021-12-22 08:23:17,584 [om1@group-C5BA1605619E-LeaderElection33] INFO  server.RaftServerConfigKeys (ConfUtils.java:logGet(44)) - raft.server.write.element-limit = 4096 (default)
2021-12-22 08:23:17,584 [om1@group-C5BA1605619E-LeaderElection33] INFO  server.RaftServerConfigKeys (ConfUtils.java:logGet(44)) - raft.server.write.follower.gap.ratio.max = -1.0 (default)
2021-12-22 08:23:17,584 [om1@group-C5BA1605619E-LeaderElection33] INFO  impl.RoleInfo (RoleInfo.java:updateAndGet(130)) - om1: start om1@group-C5BA1605619E-LeaderStateImpl
2021-12-22 08:23:17,584 [om1@group-C5BA1605619E-LeaderElection33] INFO  segmented.SegmentedRaftLogWorker (SegmentedRaftLogWorker.java:startLogSegment(394)) - om1@group-C5BA1605619E-SegmentedRaftLogWorker: Starting segment from index:0
2021-12-22 08:23:17,595 [Listener at 127.0.0.1/32839] INFO  upgrade.AbstractLayoutVersionManager (AbstractLayoutVersionManager.java:init(79)) - Initializing Layout version manager with metadata layout = SCM_HA (version = 2), software layout = SCM_HA (version = 2)
2021-12-22 08:23:17,596 [om1@group-C5BA1605619E-SegmentedRaftLogWorker] INFO  segmented.SegmentedRaftLogWorker (SegmentedRaftLogWorker.java:execute(601)) - om1@group-C5BA1605619E-SegmentedRaftLogWorker: created new log segment /home/runner/work/ozone/ozone/hadoop-ozone/integration-test/target/test-dir/MiniOzoneClusterImpl-54e30266-9a77-40a3-8002-44206e2dad63/ozone-meta/ratis/bf265839-605b-3f16-9796-c5ba1605619e/current/log_inprogress_0
2021-12-22 08:23:17,612 [om1@group-C5BA1605619E-LeaderElection33] INFO  server.RaftServer$Division (ServerState.java:setRaftConf(387)) - om1@group-C5BA1605619E: set configuration 0: [om1|rpc:localhost:9872|admin:|client:|dataStream:|priority:0], old=null
2021-12-22 08:23:17,626 [om1@group-C5BA1605619E-StateMachineUpdater] INFO  ratis.OzoneManagerStateMachine (OzoneManagerStateMachine.java:notifyConfigurationChanged(188)) - Received Configuration change notification from Ratis. New Peer list:
[id: "om1"
address: "localhost:9872"
]
2021-12-22 08:23:17,783 [Listener at 127.0.0.1/32839] INFO  reflections.Reflections (Reflections.java:scan(232)) - Reflections took 185 ms to scan 7 urls, producing 119 keys and 279 values 
2021-12-22 08:23:17,785 [Listener at 127.0.0.1/32839] INFO  statemachine.DatanodeStateMachine (DatanodeStateMachine.java:getEndPointTaskThreadPoolSize(219)) - Datanode State Machine Task Thread Pool size 2
2021-12-22 08:23:17,787 [Listener at 127.0.0.1/32839] INFO  volume.HddsVolume (HddsVolume.java:<init>(120)) - Creating HddsVolume: /home/runner/work/ozone/ozone/hadoop-ozone/integration-test/target/test-dir/MiniOzoneClusterImpl-54e30266-9a77-40a3-8002-44206e2dad63/datanode-1/data-0/containers/hdds of storage type : DISK capacity : 9223372036854775807
2021-12-22 08:23:17,787 [Listener at 127.0.0.1/32839] INFO  volume.MutableVolumeSet (MutableVolumeSet.java:initializeVolumeSet(168)) - Added Volume : /home/runner/work/ozone/ozone/hadoop-ozone/integration-test/target/test-dir/MiniOzoneClusterImpl-54e30266-9a77-40a3-8002-44206e2dad63/datanode-1/data-0/containers/hdds to VolumeSet
2021-12-22 08:23:17,787 [Listener at 127.0.0.1/32839] INFO  volume.ThrottledAsyncChecker (ThrottledAsyncChecker.java:schedule(141)) - Scheduling a check for /home/runner/work/ozone/ozone/hadoop-ozone/integration-test/target/test-dir/MiniOzoneClusterImpl-54e30266-9a77-40a3-8002-44206e2dad63/datanode-1/data-0/containers/hdds
2021-12-22 08:23:17,788 [Listener at 127.0.0.1/32839] INFO  volume.StorageVolumeChecker (StorageVolumeChecker.java:checkAllVolumes(202)) - Scheduled health check for volume /home/runner/work/ozone/ozone/hadoop-ozone/integration-test/target/test-dir/MiniOzoneClusterImpl-54e30266-9a77-40a3-8002-44206e2dad63/datanode-1/data-0/containers/hdds
2021-12-22 08:23:17,812 [Listener at 127.0.0.1/32839] INFO  volume.MutableVolumeSet (MutableVolumeSet.java:initializeVolumeSet(168)) - Added Volume : /home/runner/work/ozone/ozone/hadoop-ozone/integration-test/target/test-dir/MiniOzoneClusterImpl-54e30266-9a77-40a3-8002-44206e2dad63/datanode-1/data/ratis to VolumeSet
2021-12-22 08:23:17,812 [Listener at 127.0.0.1/32839] INFO  volume.ThrottledAsyncChecker (ThrottledAsyncChecker.java:schedule(141)) - Scheduling a check for /home/runner/work/ozone/ozone/hadoop-ozone/integration-test/target/test-dir/MiniOzoneClusterImpl-54e30266-9a77-40a3-8002-44206e2dad63/datanode-1/data/ratis
2021-12-22 08:23:17,826 [Listener at 127.0.0.1/32839] INFO  volume.StorageVolumeChecker (StorageVolumeChecker.java:checkAllVolumes(202)) - Scheduled health check for volume /home/runner/work/ozone/ozone/hadoop-ozone/integration-test/target/test-dir/MiniOzoneClusterImpl-54e30266-9a77-40a3-8002-44206e2dad63/datanode-1/data/ratis
2021-12-22 08:23:17,890 [Thread-1255] INFO  ozoneimpl.ContainerReader (ContainerReader.java:readVolume(172)) - Finish verifying containers on volume /home/runner/work/ozone/ozone/hadoop-ozone/integration-test/target/test-dir/MiniOzoneClusterImpl-54e30266-9a77-40a3-8002-44206e2dad63/datanode-1/data-0/containers/hdds
2021-12-22 08:23:17,890 [Listener at 127.0.0.1/32839] INFO  ozoneimpl.OzoneContainer (OzoneContainer.java:buildContainerSet(237)) - Build ContainerSet costs 0s
2021-12-22 08:23:17,892 [Listener at 127.0.0.1/32839] INFO  server.RaftServer (ConfUtils.java:logGet(44)) - raft.rpc.type = GRPC (default)
2021-12-22 08:23:17,892 [Listener at 127.0.0.1/32839] INFO  grpc.GrpcFactory (GrpcFactory.java:checkPooledByteBufAllocatorUseCacheForAllThreads(48)) - PERFORMANCE WARNING: useCacheForAllThreads is true that may cause Netty to create a lot garbage objects and, as a result, trigger GC.
	It is recommended to disable useCacheForAllThreads by setting -Dorg.apache.ratis.thirdparty.io.netty.allocator.useCacheForAllThreads=false in command line.
2021-12-22 08:23:17,894 [Listener at 127.0.0.1/32839] INFO  grpc.GrpcConfigKeys (ConfUtils.java:logGet(44)) - raft.grpc.admin.port = 0 (custom)
2021-12-22 08:23:17,894 [Listener at 127.0.0.1/32839] INFO  grpc.GrpcConfigKeys (ConfUtils.java:logGet(44)) - raft.grpc.client.port = 0 (custom)
2021-12-22 08:23:17,894 [Listener at 127.0.0.1/32839] INFO  grpc.GrpcConfigKeys (ConfUtils.java:logGet(44)) - raft.grpc.server.port = 0 (default)
2021-12-22 08:23:17,895 [Listener at 127.0.0.1/32839] INFO  server.GrpcService (ConfUtils.java:logGet(44)) - raft.grpc.message.size.max = 32MB (=33554432) (custom)
2021-12-22 08:23:17,895 [Listener at 127.0.0.1/32839] INFO  server.RaftServerConfigKeys (ConfUtils.java:logGet(44)) - raft.server.log.appender.buffer.byte-limit = 33554432 (custom)
2021-12-22 08:23:17,895 [Listener at 127.0.0.1/32839] INFO  server.GrpcService (ConfUtils.java:logGet(44)) - raft.grpc.flow.control.window = 5MB (=5242880) (custom)
2021-12-22 08:23:17,896 [Listener at 127.0.0.1/32839] INFO  server.RaftServerConfigKeys (ConfUtils.java:logGet(44)) - raft.server.rpc.request.timeout = 60s (custom)
2021-12-22 08:23:17,897 [Listener at 127.0.0.1/32839] INFO  impl.DataStreamServerImpl (ConfUtils.java:logGet(44)) - raft.datastream.type = DISABLED (default)
2021-12-22 08:23:17,897 [Listener at 127.0.0.1/32839] INFO  server.RaftServerConfigKeys (ConfUtils.java:logGet(44)) - raft.server.rpc.slowness.timeout = 300s (custom)
2021-12-22 08:23:17,897 [Listener at 127.0.0.1/32839] INFO  server.RaftServerConfigKeys (ConfUtils.java:logGet(44)) - raft.server.leaderelection.leader.step-down.wait-time = 10s (default)
2021-12-22 08:23:17,897 [Listener at 127.0.0.1/32839] INFO  server.RaftServerConfigKeys (ConfUtils.java:logGet(44)) - raft.server.storage.dir = [/home/runner/work/ozone/ozone/hadoop-ozone/integration-test/target/test-dir/MiniOzoneClusterImpl-54e30266-9a77-40a3-8002-44206e2dad63/datanode-1/data/ratis] (custom)
2021-12-22 08:23:17,898 [Listener at 127.0.0.1/32839] INFO  server.XceiverServerGrpc (XceiverServerGrpc.java:<init>(132)) - GrpcServer channel type EpollServerSocketChannel
2021-12-22 08:23:17,906 [Listener at 127.0.0.1/32839] INFO  http.BaseHttpServer (BaseHttpServer.java:newHttpServer2BuilderForOzone(209)) - Starting Web-server for hddsDatanode at: http://0.0.0.0:0
2021-12-22 08:23:17,906 [Listener at 127.0.0.1/32839] INFO  http.BaseHttpServer (BaseHttpServer.java:<init>(107)) - Hadoop Security Enabled: false Ozone Security Enabled: false Ozone HTTP Security Enabled: false 
2021-12-22 08:23:17,907 [Listener at 127.0.0.1/32839] INFO  server.AuthenticationFilter (AuthenticationFilter.java:constructSecretProvider(240)) - Unable to initialize FileSignerSecretProvider, falling back to use random secrets.
2021-12-22 08:23:17,918 [Listener at 127.0.0.1/32839] WARN  http.HttpRequestLog (HttpRequestLog.java:getRequestLog(103)) - Jetty request log can only be enabled using Log4j
2021-12-22 08:23:17,919 [Listener at 127.0.0.1/32839] INFO  http.HttpServer2 (HttpServer2.java:addGlobalFilter(1030)) - Added global filter 'safety' (class=org.apache.hadoop.hdds.server.http.HttpServer2$QuotingInputFilter)
2021-12-22 08:23:17,919 [Listener at 127.0.0.1/32839] INFO  http.HttpServer2 (HttpServer2.java:addFilter(1006)) - Added filter static_user_filter (class=org.apache.hadoop.http.lib.StaticUserWebFilter$StaticUserFilter) to context hddsDatanode
2021-12-22 08:23:17,919 [Listener at 127.0.0.1/32839] INFO  http.HttpServer2 (HttpServer2.java:addFilter(1014)) - Added filter static_user_filter (class=org.apache.hadoop.http.lib.StaticUserWebFilter$StaticUserFilter) to context logs
2021-12-22 08:23:17,919 [Listener at 127.0.0.1/32839] INFO  http.HttpServer2 (HttpServer2.java:addFilter(1014)) - Added filter static_user_filter (class=org.apache.hadoop.http.lib.StaticUserWebFilter$StaticUserFilter) to context static
2021-12-22 08:23:17,920 [Listener at 127.0.0.1/32839] INFO  http.HttpServer2 (HttpServer2.java:bindListener(1249)) - Jetty bound to port 35329
2021-12-22 08:23:17,920 [Listener at 127.0.0.1/32839] INFO  server.Server (Server.java:doStart(375)) - jetty-9.4.43.v20210629; built: 2021-06-30T11:07:22.254Z; git: 526006ecfa3af7f1a27ef3a288e2bef7ea9dd7e8; jvm 1.8.0_292-b10
2021-12-22 08:23:17,947 [Listener at 127.0.0.1/32839] INFO  server.session (DefaultSessionIdManager.java:doStart(334)) - DefaultSessionIdManager workerName=node0
2021-12-22 08:23:17,947 [Listener at 127.0.0.1/32839] INFO  server.session (DefaultSessionIdManager.java:doStart(339)) - No SessionScavenger set, using defaults
2021-12-22 08:23:17,947 [Listener at 127.0.0.1/32839] INFO  server.session (HouseKeeper.java:startScavenging(132)) - node0 Scavenging every 600000ms
2021-12-22 08:23:17,959 [Listener at 127.0.0.1/32839] INFO  handler.ContextHandler (ContextHandler.java:doStart(915)) - Started o.e.j.s.ServletContextHandler@626e1e28{logs,/logs,file:///home/runner/work/ozone/ozone/hadoop-ozone/integration-test/target/log,AVAILABLE}
2021-12-22 08:23:17,959 [Listener at 127.0.0.1/32839] INFO  handler.ContextHandler (ContextHandler.java:doStart(915)) - Started o.e.j.s.ServletContextHandler@51516c3f{static,/static,jar:file:/home/runner/.m2/repository/org/apache/ozone/hdds-container-service/1.3.0-SNAPSHOT/hdds-container-service-1.3.0-SNAPSHOT.jar!/webapps/static,AVAILABLE}
2021-12-22 08:23:18,095 [Listener at 127.0.0.1/32839] INFO  handler.ContextHandler (ContextHandler.java:doStart(915)) - Started o.e.j.w.WebAppContext@6988916a{hddsDatanode,/,file:///tmp/jetty-0_0_0_0-35329-hdds-container-service-1_3_0-SNAPSHOT_jar-_-any-7208165087218787538/webapp/,AVAILABLE}{jar:file:/home/runner/.m2/repository/org/apache/ozone/hdds-container-service/1.3.0-SNAPSHOT/hdds-container-service-1.3.0-SNAPSHOT.jar!/webapps/hddsDatanode}
2021-12-22 08:23:18,098 [Listener at 127.0.0.1/32839] INFO  server.AbstractConnector (AbstractConnector.java:doStart(331)) - Started ServerConnector@5c58fb97{HTTP/1.1, (http/1.1)}{0.0.0.0:35329}
2021-12-22 08:23:18,098 [Listener at 127.0.0.1/32839] INFO  server.Server (Server.java:doStart(415)) - Started @168812ms
2021-12-22 08:23:18,102 [Listener at 127.0.0.1/32839] WARN  impl.MetricsSystemImpl (MetricsSystemImpl.java:register(279)) - Sink prometheus already exists!
2021-12-22 08:23:18,110 [Listener at 127.0.0.1/32839] INFO  http.BaseHttpServer (BaseHttpServer.java:updateConnectorAddress(329)) - HTTP server of hddsDatanode listening at http://0.0.0.0:35329
2021-12-22 08:23:18,111 [Listener at 127.0.0.1/32839] WARN  impl.MetricRegistriesImpl (MetricRegistriesImpl.java:addReporterRegistration(111)) - New reporters are added after registries were created. Some metrics will be missing from the reporter. Please add reporter before adding any new registry.
2021-12-22 08:23:18,111 [Listener at 127.0.0.1/32839] WARN  impl.MetricRegistriesImpl (MetricRegistriesImpl.java:addReporterRegistration(111)) - New reporters are added after registries were created. Some metrics will be missing from the reporter. Please add reporter before adding any new registry.
2021-12-22 08:23:18,111 [Listener at 127.0.0.1/32839] INFO  impl.MetricsSystemImpl (MetricsSystemImpl.java:init(158)) - HddsDatanode metrics system started (again)
2021-12-22 08:23:18,146 [Datanode State Machine Daemon Thread] INFO  statemachine.DatanodeStateMachine (DatanodeStateMachine.java:lambda$startDaemon$0(467)) - Ozone container server started.
2021-12-22 08:23:18,182 [org.apache.hadoop.util.JvmPauseMonitor$Monitor@663a5f01] INFO  util.JvmPauseMonitor (JvmPauseMonitor.java:run(188)) - Starting JVM pause monitor
2021-12-22 08:23:18,208 [Listener at 127.0.0.1/32839] INFO  ozone.HddsDatanodeService (HddsDatanodeService.java:start(234)) - HddsDatanodeService host:fv-az270-32.tacnzluakwdehk1hpragurqkma.bx.internal.cloudapp.net ip:10.1.0.28
2021-12-22 08:23:18,231 [Datanode State Machine Task Thread - 0] INFO  datanode.InitDatanodeState (InitDatanodeState.java:persistContainerDatanodeDetails(145)) - DatanodeDetails is persisted to /home/runner/work/ozone/ozone/hadoop-ozone/integration-test/target/test-dir/MiniOzoneClusterImpl-54e30266-9a77-40a3-8002-44206e2dad63/datanode-1/meta/datanode.id
2021-12-22 08:23:18,287 [Listener at 127.0.0.1/32839] INFO  upgrade.AbstractLayoutVersionManager (AbstractLayoutVersionManager.java:init(79)) - Initializing Layout version manager with metadata layout = SCM_HA (version = 2), software layout = SCM_HA (version = 2)
2021-12-22 08:23:18,378 [Listener at 127.0.0.1/32839] INFO  reflections.Reflections (Reflections.java:scan(232)) - Reflections took 89 ms to scan 7 urls, producing 119 keys and 279 values 
2021-12-22 08:23:18,380 [Listener at 127.0.0.1/32839] INFO  statemachine.DatanodeStateMachine (DatanodeStateMachine.java:getEndPointTaskThreadPoolSize(219)) - Datanode State Machine Task Thread Pool size 2
2021-12-22 08:23:18,386 [Listener at 127.0.0.1/32839] INFO  volume.HddsVolume (HddsVolume.java:<init>(120)) - Creating HddsVolume: /home/runner/work/ozone/ozone/hadoop-ozone/integration-test/target/test-dir/MiniOzoneClusterImpl-54e30266-9a77-40a3-8002-44206e2dad63/datanode-2/data-0/containers/hdds of storage type : DISK capacity : 9223372036854775807
2021-12-22 08:23:18,386 [Listener at 127.0.0.1/32839] INFO  volume.MutableVolumeSet (MutableVolumeSet.java:initializeVolumeSet(168)) - Added Volume : /home/runner/work/ozone/ozone/hadoop-ozone/integration-test/target/test-dir/MiniOzoneClusterImpl-54e30266-9a77-40a3-8002-44206e2dad63/datanode-2/data-0/containers/hdds to VolumeSet
2021-12-22 08:23:18,386 [Listener at 127.0.0.1/32839] INFO  volume.ThrottledAsyncChecker (ThrottledAsyncChecker.java:schedule(141)) - Scheduling a check for /home/runner/work/ozone/ozone/hadoop-ozone/integration-test/target/test-dir/MiniOzoneClusterImpl-54e30266-9a77-40a3-8002-44206e2dad63/datanode-2/data-0/containers/hdds
2021-12-22 08:23:18,402 [Listener at 127.0.0.1/32839] INFO  volume.StorageVolumeChecker (StorageVolumeChecker.java:checkAllVolumes(202)) - Scheduled health check for volume /home/runner/work/ozone/ozone/hadoop-ozone/integration-test/target/test-dir/MiniOzoneClusterImpl-54e30266-9a77-40a3-8002-44206e2dad63/datanode-2/data-0/containers/hdds
2021-12-22 08:23:18,417 [Listener at 127.0.0.1/32839] INFO  volume.MutableVolumeSet (MutableVolumeSet.java:initializeVolumeSet(168)) - Added Volume : /home/runner/work/ozone/ozone/hadoop-ozone/integration-test/target/test-dir/MiniOzoneClusterImpl-54e30266-9a77-40a3-8002-44206e2dad63/datanode-2/data/ratis to VolumeSet
2021-12-22 08:23:18,417 [Listener at 127.0.0.1/32839] INFO  volume.ThrottledAsyncChecker (ThrottledAsyncChecker.java:schedule(141)) - Scheduling a check for /home/runner/work/ozone/ozone/hadoop-ozone/integration-test/target/test-dir/MiniOzoneClusterImpl-54e30266-9a77-40a3-8002-44206e2dad63/datanode-2/data/ratis
2021-12-22 08:23:18,417 [Listener at 127.0.0.1/32839] INFO  volume.StorageVolumeChecker (StorageVolumeChecker.java:checkAllVolumes(202)) - Scheduled health check for volume /home/runner/work/ozone/ozone/hadoop-ozone/integration-test/target/test-dir/MiniOzoneClusterImpl-54e30266-9a77-40a3-8002-44206e2dad63/datanode-2/data/ratis
2021-12-22 08:23:18,452 [Thread-1267] INFO  ozoneimpl.ContainerReader (ContainerReader.java:readVolume(172)) - Finish verifying containers on volume /home/runner/work/ozone/ozone/hadoop-ozone/integration-test/target/test-dir/MiniOzoneClusterImpl-54e30266-9a77-40a3-8002-44206e2dad63/datanode-2/data-0/containers/hdds
2021-12-22 08:23:18,452 [Listener at 127.0.0.1/32839] INFO  ozoneimpl.OzoneContainer (OzoneContainer.java:buildContainerSet(237)) - Build ContainerSet costs 0s
2021-12-22 08:23:18,454 [Listener at 127.0.0.1/32839] INFO  server.RaftServer (ConfUtils.java:logGet(44)) - raft.rpc.type = GRPC (default)
2021-12-22 08:23:18,454 [Listener at 127.0.0.1/32839] INFO  grpc.GrpcFactory (GrpcFactory.java:checkPooledByteBufAllocatorUseCacheForAllThreads(48)) - PERFORMANCE WARNING: useCacheForAllThreads is true that may cause Netty to create a lot garbage objects and, as a result, trigger GC.
	It is recommended to disable useCacheForAllThreads by setting -Dorg.apache.ratis.thirdparty.io.netty.allocator.useCacheForAllThreads=false in command line.
2021-12-22 08:23:18,454 [Listener at 127.0.0.1/32839] INFO  grpc.GrpcConfigKeys (ConfUtils.java:logGet(44)) - raft.grpc.admin.port = 0 (custom)
2021-12-22 08:23:18,454 [Listener at 127.0.0.1/32839] INFO  grpc.GrpcConfigKeys (ConfUtils.java:logGet(44)) - raft.grpc.client.port = 0 (custom)
2021-12-22 08:23:18,454 [Listener at 127.0.0.1/32839] INFO  grpc.GrpcConfigKeys (ConfUtils.java:logGet(44)) - raft.grpc.server.port = 0 (default)
2021-12-22 08:23:18,454 [Listener at 127.0.0.1/32839] INFO  server.GrpcService (ConfUtils.java:logGet(44)) - raft.grpc.message.size.max = 32MB (=33554432) (custom)
2021-12-22 08:23:18,455 [Listener at 127.0.0.1/32839] INFO  server.RaftServerConfigKeys (ConfUtils.java:logGet(44)) - raft.server.log.appender.buffer.byte-limit = 33554432 (custom)
2021-12-22 08:23:18,455 [Listener at 127.0.0.1/32839] INFO  server.GrpcService (ConfUtils.java:logGet(44)) - raft.grpc.flow.control.window = 5MB (=5242880) (custom)
2021-12-22 08:23:18,455 [Listener at 127.0.0.1/32839] INFO  server.RaftServerConfigKeys (ConfUtils.java:logGet(44)) - raft.server.rpc.request.timeout = 60s (custom)
2021-12-22 08:23:18,463 [Listener at 127.0.0.1/32839] INFO  impl.DataStreamServerImpl (ConfUtils.java:logGet(44)) - raft.datastream.type = DISABLED (default)
2021-12-22 08:23:18,464 [Listener at 127.0.0.1/32839] INFO  server.RaftServerConfigKeys (ConfUtils.java:logGet(44)) - raft.server.rpc.slowness.timeout = 300s (custom)
2021-12-22 08:23:18,464 [Listener at 127.0.0.1/32839] INFO  server.RaftServerConfigKeys (ConfUtils.java:logGet(44)) - raft.server.leaderelection.leader.step-down.wait-time = 10s (default)
2021-12-22 08:23:18,464 [Listener at 127.0.0.1/32839] INFO  server.RaftServerConfigKeys (ConfUtils.java:logGet(44)) - raft.server.storage.dir = [/home/runner/work/ozone/ozone/hadoop-ozone/integration-test/target/test-dir/MiniOzoneClusterImpl-54e30266-9a77-40a3-8002-44206e2dad63/datanode-2/data/ratis] (custom)
2021-12-22 08:23:18,467 [Listener at 127.0.0.1/32839] INFO  server.XceiverServerGrpc (XceiverServerGrpc.java:<init>(132)) - GrpcServer channel type EpollServerSocketChannel
2021-12-22 08:23:18,506 [Listener at 127.0.0.1/32839] INFO  http.BaseHttpServer (BaseHttpServer.java:newHttpServer2BuilderForOzone(209)) - Starting Web-server for hddsDatanode at: http://0.0.0.0:0
2021-12-22 08:23:18,506 [Listener at 127.0.0.1/32839] INFO  http.BaseHttpServer (BaseHttpServer.java:<init>(107)) - Hadoop Security Enabled: false Ozone Security Enabled: false Ozone HTTP Security Enabled: false 
2021-12-22 08:23:18,507 [Listener at 127.0.0.1/32839] INFO  server.AuthenticationFilter (AuthenticationFilter.java:constructSecretProvider(240)) - Unable to initialize FileSignerSecretProvider, falling back to use random secrets.
2021-12-22 08:23:18,522 [Listener at 127.0.0.1/32839] WARN  http.HttpRequestLog (HttpRequestLog.java:getRequestLog(103)) - Jetty request log can only be enabled using Log4j
2021-12-22 08:23:18,523 [Listener at 127.0.0.1/32839] INFO  http.HttpServer2 (HttpServer2.java:addGlobalFilter(1030)) - Added global filter 'safety' (class=org.apache.hadoop.hdds.server.http.HttpServer2$QuotingInputFilter)
2021-12-22 08:23:18,523 [Listener at 127.0.0.1/32839] INFO  http.HttpServer2 (HttpServer2.java:addFilter(1006)) - Added filter static_user_filter (class=org.apache.hadoop.http.lib.StaticUserWebFilter$StaticUserFilter) to context hddsDatanode
2021-12-22 08:23:18,523 [Listener at 127.0.0.1/32839] INFO  http.HttpServer2 (HttpServer2.java:addFilter(1014)) - Added filter static_user_filter (class=org.apache.hadoop.http.lib.StaticUserWebFilter$StaticUserFilter) to context logs
2021-12-22 08:23:18,523 [Listener at 127.0.0.1/32839] INFO  http.HttpServer2 (HttpServer2.java:addFilter(1014)) - Added filter static_user_filter (class=org.apache.hadoop.http.lib.StaticUserWebFilter$StaticUserFilter) to context static
2021-12-22 08:23:18,524 [Listener at 127.0.0.1/32839] INFO  http.HttpServer2 (HttpServer2.java:bindListener(1249)) - Jetty bound to port 39629
2021-12-22 08:23:18,524 [Listener at 127.0.0.1/32839] INFO  server.Server (Server.java:doStart(375)) - jetty-9.4.43.v20210629; built: 2021-06-30T11:07:22.254Z; git: 526006ecfa3af7f1a27ef3a288e2bef7ea9dd7e8; jvm 1.8.0_292-b10
2021-12-22 08:23:18,599 [Listener at 127.0.0.1/32839] INFO  server.session (DefaultSessionIdManager.java:doStart(334)) - DefaultSessionIdManager workerName=node0
2021-12-22 08:23:18,599 [Listener at 127.0.0.1/32839] INFO  server.session (DefaultSessionIdManager.java:doStart(339)) - No SessionScavenger set, using defaults
2021-12-22 08:23:18,603 [Listener at 127.0.0.1/32839] INFO  server.session (HouseKeeper.java:startScavenging(132)) - node0 Scavenging every 660000ms
2021-12-22 08:23:18,604 [Listener at 127.0.0.1/32839] INFO  handler.ContextHandler (ContextHandler.java:doStart(915)) - Started o.e.j.s.ServletContextHandler@27407cd2{logs,/logs,file:///home/runner/work/ozone/ozone/hadoop-ozone/integration-test/target/log,AVAILABLE}
2021-12-22 08:23:18,604 [Listener at 127.0.0.1/32839] INFO  handler.ContextHandler (ContextHandler.java:doStart(915)) - Started o.e.j.s.ServletContextHandler@23fda602{static,/static,jar:file:/home/runner/.m2/repository/org/apache/ozone/hdds-container-service/1.3.0-SNAPSHOT/hdds-container-service-1.3.0-SNAPSHOT.jar!/webapps/static,AVAILABLE}
2021-12-22 08:23:18,699 [Listener at 127.0.0.1/32839] INFO  handler.ContextHandler (ContextHandler.java:doStart(915)) - Started o.e.j.w.WebAppContext@2b57f4d{hddsDatanode,/,file:///tmp/jetty-0_0_0_0-39629-hdds-container-service-1_3_0-SNAPSHOT_jar-_-any-6600791685880866514/webapp/,AVAILABLE}{jar:file:/home/runner/.m2/repository/org/apache/ozone/hdds-container-service/1.3.0-SNAPSHOT/hdds-container-service-1.3.0-SNAPSHOT.jar!/webapps/hddsDatanode}
2021-12-22 08:23:18,706 [Listener at 127.0.0.1/32839] INFO  server.AbstractConnector (AbstractConnector.java:doStart(331)) - Started ServerConnector@5cba3d39{HTTP/1.1, (http/1.1)}{0.0.0.0:39629}
2021-12-22 08:23:18,707 [Listener at 127.0.0.1/32839] INFO  server.Server (Server.java:doStart(415)) - Started @169421ms
2021-12-22 08:23:18,707 [Listener at 127.0.0.1/32839] WARN  impl.MetricsSystemImpl (MetricsSystemImpl.java:register(279)) - Sink prometheus already exists!
2021-12-22 08:23:18,708 [Listener at 127.0.0.1/32839] INFO  http.BaseHttpServer (BaseHttpServer.java:updateConnectorAddress(329)) - HTTP server of hddsDatanode listening at http://0.0.0.0:39629
2021-12-22 08:23:18,715 [Listener at 127.0.0.1/32839] INFO  ozone.MiniOzoneClusterImpl (MiniOzoneClusterImpl.java:lambda$waitForClusterToBeReady$0(235)) - Waiting for nodes to be ready. Got 0 of 3 DN Heartbeats.
2021-12-22 08:23:18,715 [Listener at 127.0.0.1/32839] INFO  ozone.MiniOzoneClusterImpl (MiniOzoneClusterImpl.java:lambda$waitForClusterToBeReady$0(238)) - Waiting for cluster to exit safe mode
2021-12-22 08:23:18,715 [Listener at 127.0.0.1/32839] INFO  ozone.MiniOzoneClusterImpl (MiniOzoneClusterImpl.java:lambda$waitForClusterToBeReady$0(240)) - SCM became leader
2021-12-22 08:23:18,717 [Datanode State Machine Daemon Thread] INFO  statemachine.DatanodeStateMachine (DatanodeStateMachine.java:lambda$startDaemon$0(467)) - Ozone container server started.
2021-12-22 08:23:18,750 [org.apache.hadoop.util.JvmPauseMonitor$Monitor@214d7adf] INFO  util.JvmPauseMonitor (JvmPauseMonitor.java:run(188)) - Starting JVM pause monitor
2021-12-22 08:23:18,774 [Datanode State Machine Task Thread - 0] INFO  datanode.InitDatanodeState (InitDatanodeState.java:persistContainerDatanodeDetails(145)) - DatanodeDetails is persisted to /home/runner/work/ozone/ozone/hadoop-ozone/integration-test/target/test-dir/MiniOzoneClusterImpl-54e30266-9a77-40a3-8002-44206e2dad63/datanode-2/meta/datanode.id
2021-12-22 08:23:19,582 [EndpointStateMachine task thread for /0.0.0.0:43829 - 0 ] INFO  ozoneimpl.OzoneContainer (OzoneContainer.java:start(315)) - Attempting to start container services.
2021-12-22 08:23:19,582 [EndpointStateMachine task thread for /0.0.0.0:43829 - 0 ] INFO  ozoneimpl.OzoneContainer (OzoneContainer.java:startContainerScrub(250)) - Background container scanner has been disabled.
2021-12-22 08:23:19,584 [EndpointStateMachine task thread for /0.0.0.0:43829 - 0 ] INFO  replication.ReplicationServer (ReplicationServer.java:start(107)) - ReplicationServer is started using port 36759
2021-12-22 08:23:19,594 [EndpointStateMachine task thread for /0.0.0.0:43829 - 0 ] INFO  ratis.XceiverServerRatis (XceiverServerRatis.java:start(484)) - Starting XceiverServerRatis e2dff65e-c8ee-417e-a5e9-8b6a43ef7195
2021-12-22 08:23:19,599 [EndpointStateMachine task thread for /0.0.0.0:43829 - 0 ] INFO  server.RaftServer (RaftServerProxy.java:lambda$start$5(374)) - e2dff65e-c8ee-417e-a5e9-8b6a43ef7195: start RPC server
2021-12-22 08:23:19,602 [EndpointStateMachine task thread for /0.0.0.0:43829 - 0 ] INFO  server.GrpcService (GrpcService.java:startImpl(253)) - e2dff65e-c8ee-417e-a5e9-8b6a43ef7195: GrpcService started, listening on 36499
2021-12-22 08:23:19,603 [EndpointStateMachine task thread for /0.0.0.0:43829 - 0 ] INFO  ratis.XceiverServerRatis (XceiverServerRatis.java:getRealPort(505)) - XceiverServerRatis e2dff65e-c8ee-417e-a5e9-8b6a43ef7195 is started using port 36499 for RATIS
2021-12-22 08:23:19,603 [EndpointStateMachine task thread for /0.0.0.0:43829 - 0 ] INFO  ratis.XceiverServerRatis (XceiverServerRatis.java:getRealPort(505)) - XceiverServerRatis e2dff65e-c8ee-417e-a5e9-8b6a43ef7195 is started using port 36499 for RATIS_ADMIN
2021-12-22 08:23:19,603 [EndpointStateMachine task thread for /0.0.0.0:43829 - 0 ] INFO  ratis.XceiverServerRatis (XceiverServerRatis.java:getRealPort(505)) - XceiverServerRatis e2dff65e-c8ee-417e-a5e9-8b6a43ef7195 is started using port 36499 for RATIS_SERVER
2021-12-22 08:23:19,603 [org.apache.ratis.util.JvmPauseMonitor$$Lambda$528/1268289547@78aa0ee4] INFO  util.JvmPauseMonitor (JvmPauseMonitor.java:run(103)) - JvmPauseMonitor-e2dff65e-c8ee-417e-a5e9-8b6a43ef7195: Started
2021-12-22 08:23:19,628 [EndpointStateMachine task thread for /0.0.0.0:43829 - 0 ] INFO  server.XceiverServerGrpc (XceiverServerGrpc.java:start(180)) - XceiverServerGrpc e2dff65e-c8ee-417e-a5e9-8b6a43ef7195 is started using port 33389
2021-12-22 08:23:19,715 [Listener at 127.0.0.1/32839] INFO  ozone.MiniOzoneClusterImpl (MiniOzoneClusterImpl.java:lambda$waitForClusterToBeReady$0(235)) - Waiting for nodes to be ready. Got 0 of 3 DN Heartbeats.
2021-12-22 08:23:19,715 [Listener at 127.0.0.1/32839] INFO  ozone.MiniOzoneClusterImpl (MiniOzoneClusterImpl.java:lambda$waitForClusterToBeReady$0(238)) - Waiting for cluster to exit safe mode
2021-12-22 08:23:19,715 [Listener at 127.0.0.1/32839] INFO  ozone.MiniOzoneClusterImpl (MiniOzoneClusterImpl.java:lambda$waitForClusterToBeReady$0(240)) - SCM became leader
2021-12-22 08:23:20,212 [EndpointStateMachine task thread for /0.0.0.0:43829 - 0 ] INFO  ozoneimpl.OzoneContainer (OzoneContainer.java:start(315)) - Attempting to start container services.
2021-12-22 08:23:20,212 [EndpointStateMachine task thread for /0.0.0.0:43829 - 0 ] INFO  ozoneimpl.OzoneContainer (OzoneContainer.java:startContainerScrub(250)) - Background container scanner has been disabled.
2021-12-22 08:23:20,213 [EndpointStateMachine task thread for /0.0.0.0:43829 - 0 ] INFO  replication.ReplicationServer (ReplicationServer.java:start(107)) - ReplicationServer is started using port 43973
2021-12-22 08:23:20,238 [EndpointStateMachine task thread for /0.0.0.0:43829 - 0 ] INFO  ratis.XceiverServerRatis (XceiverServerRatis.java:start(484)) - Starting XceiverServerRatis 791d2455-6582-4f2f-b9b1-50b113e76b2a
2021-12-22 08:23:20,259 [EndpointStateMachine task thread for /0.0.0.0:43829 - 0 ] INFO  server.RaftServer (RaftServerProxy.java:lambda$start$5(374)) - 791d2455-6582-4f2f-b9b1-50b113e76b2a: start RPC server
2021-12-22 08:23:20,274 [EndpointStateMachine task thread for /0.0.0.0:43829 - 0 ] INFO  server.GrpcService (GrpcService.java:startImpl(253)) - 791d2455-6582-4f2f-b9b1-50b113e76b2a: GrpcService started, listening on 34271
2021-12-22 08:23:20,287 [EndpointStateMachine task thread for /0.0.0.0:43829 - 0 ] INFO  ratis.XceiverServerRatis (XceiverServerRatis.java:getRealPort(505)) - XceiverServerRatis 791d2455-6582-4f2f-b9b1-50b113e76b2a is started using port 34271 for RATIS
2021-12-22 08:23:20,287 [EndpointStateMachine task thread for /0.0.0.0:43829 - 0 ] INFO  ratis.XceiverServerRatis (XceiverServerRatis.java:getRealPort(505)) - XceiverServerRatis 791d2455-6582-4f2f-b9b1-50b113e76b2a is started using port 34271 for RATIS_ADMIN
2021-12-22 08:23:20,287 [EndpointStateMachine task thread for /0.0.0.0:43829 - 0 ] INFO  ratis.XceiverServerRatis (XceiverServerRatis.java:getRealPort(505)) - XceiverServerRatis 791d2455-6582-4f2f-b9b1-50b113e76b2a is started using port 34271 for RATIS_SERVER
2021-12-22 08:23:20,288 [org.apache.ratis.util.JvmPauseMonitor$$Lambda$528/1268289547@5e4c134d] INFO  util.JvmPauseMonitor (JvmPauseMonitor.java:run(103)) - JvmPauseMonitor-791d2455-6582-4f2f-b9b1-50b113e76b2a: Started
2021-12-22 08:23:20,289 [EndpointStateMachine task thread for /0.0.0.0:43829 - 0 ] INFO  server.XceiverServerGrpc (XceiverServerGrpc.java:start(180)) - XceiverServerGrpc 791d2455-6582-4f2f-b9b1-50b113e76b2a is started using port 37551
2021-12-22 08:23:20,718 [Listener at 127.0.0.1/32839] INFO  ozone.MiniOzoneClusterImpl (MiniOzoneClusterImpl.java:lambda$waitForClusterToBeReady$0(235)) - Waiting for nodes to be ready. Got 0 of 3 DN Heartbeats.
2021-12-22 08:23:20,718 [Listener at 127.0.0.1/32839] INFO  ozone.MiniOzoneClusterImpl (MiniOzoneClusterImpl.java:lambda$waitForClusterToBeReady$0(238)) - Waiting for cluster to exit safe mode
2021-12-22 08:23:20,718 [Listener at 127.0.0.1/32839] INFO  ozone.MiniOzoneClusterImpl (MiniOzoneClusterImpl.java:lambda$waitForClusterToBeReady$0(240)) - SCM became leader
2021-12-22 08:23:20,793 [EndpointStateMachine task thread for /0.0.0.0:43829 - 0 ] INFO  ozoneimpl.OzoneContainer (OzoneContainer.java:start(315)) - Attempting to start container services.
2021-12-22 08:23:20,793 [EndpointStateMachine task thread for /0.0.0.0:43829 - 0 ] INFO  ozoneimpl.OzoneContainer (OzoneContainer.java:startContainerScrub(250)) - Background container scanner has been disabled.
2021-12-22 08:23:20,793 [EndpointStateMachine task thread for /0.0.0.0:43829 - 0 ] INFO  replication.ReplicationServer (ReplicationServer.java:start(107)) - ReplicationServer is started using port 36103
2021-12-22 08:23:20,816 [EndpointStateMachine task thread for /0.0.0.0:43829 - 0 ] INFO  ratis.XceiverServerRatis (XceiverServerRatis.java:start(484)) - Starting XceiverServerRatis d0511d9b-43cc-47c5-9566-2dcc399246f6
2021-12-22 08:23:20,850 [EndpointStateMachine task thread for /0.0.0.0:43829 - 0 ] INFO  server.RaftServer (RaftServerProxy.java:lambda$start$5(374)) - d0511d9b-43cc-47c5-9566-2dcc399246f6: start RPC server
2021-12-22 08:23:20,851 [EndpointStateMachine task thread for /0.0.0.0:43829 - 0 ] INFO  server.GrpcService (GrpcService.java:startImpl(253)) - d0511d9b-43cc-47c5-9566-2dcc399246f6: GrpcService started, listening on 35723
2021-12-22 08:23:20,854 [EndpointStateMachine task thread for /0.0.0.0:43829 - 0 ] INFO  ratis.XceiverServerRatis (XceiverServerRatis.java:getRealPort(505)) - XceiverServerRatis d0511d9b-43cc-47c5-9566-2dcc399246f6 is started using port 35723 for RATIS
2021-12-22 08:23:20,854 [EndpointStateMachine task thread for /0.0.0.0:43829 - 0 ] INFO  ratis.XceiverServerRatis (XceiverServerRatis.java:getRealPort(505)) - XceiverServerRatis d0511d9b-43cc-47c5-9566-2dcc399246f6 is started using port 35723 for RATIS_ADMIN
2021-12-22 08:23:20,854 [EndpointStateMachine task thread for /0.0.0.0:43829 - 0 ] INFO  ratis.XceiverServerRatis (XceiverServerRatis.java:getRealPort(505)) - XceiverServerRatis d0511d9b-43cc-47c5-9566-2dcc399246f6 is started using port 35723 for RATIS_SERVER
2021-12-22 08:23:20,857 [org.apache.ratis.util.JvmPauseMonitor$$Lambda$528/1268289547@4e64d87] INFO  util.JvmPauseMonitor (JvmPauseMonitor.java:run(103)) - JvmPauseMonitor-d0511d9b-43cc-47c5-9566-2dcc399246f6: Started
2021-12-22 08:23:20,886 [EndpointStateMachine task thread for /0.0.0.0:43829 - 0 ] INFO  server.XceiverServerGrpc (XceiverServerGrpc.java:start(180)) - XceiverServerGrpc d0511d9b-43cc-47c5-9566-2dcc399246f6 is started using port 45067
2021-12-22 08:23:21,513 [IPC Server handler 0 on default port 43829] INFO  net.NetworkTopologyImpl (NetworkTopologyImpl.java:add(112)) - Added a new node: /default-rack/e2dff65e-c8ee-417e-a5e9-8b6a43ef7195
2021-12-22 08:23:21,514 [IPC Server handler 0 on default port 43829] INFO  node.SCMNodeManager (SCMNodeManager.java:register(389)) - Registered Data node : e2dff65e-c8ee-417e-a5e9-8b6a43ef7195{ip: 10.1.0.28, host: fv-az270-32.tacnzluakwdehk1hpragurqkma.bx.internal.cloudapp.net, ports: [REPLICATION=36759, RATIS=36499, RATIS_ADMIN=36499, RATIS_SERVER=36499, STANDALONE=33389], networkLocation: /default-rack, certSerialId: null, persistedOpState: null, persistedOpStateExpiryEpochSec: 0}
2021-12-22 08:23:21,517 [EventQueue-NodeRegistrationContainerReportForDataNodeSafeModeRule] INFO  safemode.SCMSafeModeManager (DataNodeSafeModeRule.java:process(71)) - SCM in safe mode. 1 DataNodes registered, 3 required.
2021-12-22 08:23:21,517 [EventQueue-NodeRegistrationContainerReportForContainerSafeModeRule] INFO  safemode.SCMSafeModeManager (SCMSafeModeManager.java:validateSafeModeExitRules(204)) - ContainerSafeModeRule rule is successfully validated
2021-12-22 08:23:21,527 [EventQueue-NewNodeForNewNodeHandler] INFO  pipeline.BackgroundPipelineCreator (BackgroundPipelineCreator.java:notifyEventTriggered(285)) - trigger a one-shot run on RatisPipelineUtilsThread.
2021-12-22 08:23:21,527 [RatisPipelineUtilsThread - 0] INFO  pipeline.RatisPipelineProvider (RatisPipelineProvider.java:lambda$create$0(183)) - Sending CreatePipelineCommand for pipeline:PipelineID=53e7663a-a584-4a78-a415-fe4638ec1cf7 to datanode:e2dff65e-c8ee-417e-a5e9-8b6a43ef7195
2021-12-22 08:23:21,530 [RatisPipelineUtilsThread - 0] INFO  pipeline.PipelineStateManagerImpl (PipelineStateManagerImpl.java:addPipeline(101)) - Created pipeline Pipeline[ Id: 53e7663a-a584-4a78-a415-fe4638ec1cf7, Nodes: e2dff65e-c8ee-417e-a5e9-8b6a43ef7195{ip: 10.1.0.28, host: fv-az270-32.tacnzluakwdehk1hpragurqkma.bx.internal.cloudapp.net, ports: [REPLICATION=36759, RATIS=36499, RATIS_ADMIN=36499, RATIS_SERVER=36499, STANDALONE=33389], networkLocation: /default-rack, certSerialId: null, persistedOpState: IN_SERVICE, persistedOpStateExpiryEpochSec: 0}, ReplicationConfig: RATIS/ONE, State:ALLOCATED, leaderId:, CreationTimestamp2021-12-22T08:23:21.527Z[Etc/UTC]].
2021-12-22 08:23:21,546 [EventQueue-PipelineReportForOneReplicaPipelineSafeModeRule] INFO  safemode.SCMSafeModeManager (SCMSafeModeManager.java:validateSafeModeExitRules(204)) - AtleastOneDatanodeReportedRule rule is successfully validated
2021-12-22 08:23:21,720 [Listener at 127.0.0.1/32839] INFO  ozone.MiniOzoneClusterImpl (MiniOzoneClusterImpl.java:lambda$waitForClusterToBeReady$0(235)) - Waiting for nodes to be ready. Got 1 of 3 DN Heartbeats.
2021-12-22 08:23:21,726 [Listener at 127.0.0.1/32839] INFO  ozone.MiniOzoneClusterImpl (MiniOzoneClusterImpl.java:lambda$waitForClusterToBeReady$0(238)) - Waiting for cluster to exit safe mode
2021-12-22 08:23:21,726 [Listener at 127.0.0.1/32839] INFO  ozone.MiniOzoneClusterImpl (MiniOzoneClusterImpl.java:lambda$waitForClusterToBeReady$0(240)) - SCM became leader
2021-12-22 08:23:22,186 [IPC Server handler 2 on default port 43829] INFO  net.NetworkTopologyImpl (NetworkTopologyImpl.java:add(112)) - Added a new node: /default-rack/791d2455-6582-4f2f-b9b1-50b113e76b2a
2021-12-22 08:23:22,186 [IPC Server handler 2 on default port 43829] INFO  node.SCMNodeManager (SCMNodeManager.java:register(389)) - Registered Data node : 791d2455-6582-4f2f-b9b1-50b113e76b2a{ip: 10.1.0.28, host: fv-az270-32.tacnzluakwdehk1hpragurqkma.bx.internal.cloudapp.net, ports: [REPLICATION=43973, RATIS=34271, RATIS_ADMIN=34271, RATIS_SERVER=34271, STANDALONE=37551], networkLocation: /default-rack, certSerialId: null, persistedOpState: null, persistedOpStateExpiryEpochSec: 0}
2021-12-22 08:23:22,187 [EventQueue-NewNodeForNewNodeHandler] INFO  pipeline.BackgroundPipelineCreator (BackgroundPipelineCreator.java:notifyEventTriggered(285)) - trigger a one-shot run on RatisPipelineUtilsThread.
2021-12-22 08:23:22,195 [EventQueue-NodeRegistrationContainerReportForDataNodeSafeModeRule] INFO  safemode.SCMSafeModeManager (DataNodeSafeModeRule.java:process(71)) - SCM in safe mode. 2 DataNodes registered, 3 required.
2021-12-22 08:23:22,198 [RatisPipelineUtilsThread - 0] INFO  pipeline.RatisPipelineProvider (RatisPipelineProvider.java:lambda$create$0(183)) - Sending CreatePipelineCommand for pipeline:PipelineID=63c5ade1-04a8-4210-a324-b43c17a5354b to datanode:791d2455-6582-4f2f-b9b1-50b113e76b2a
2021-12-22 08:23:22,198 [RatisPipelineUtilsThread - 0] INFO  pipeline.PipelineStateManagerImpl (PipelineStateManagerImpl.java:addPipeline(101)) - Created pipeline Pipeline[ Id: 63c5ade1-04a8-4210-a324-b43c17a5354b, Nodes: 791d2455-6582-4f2f-b9b1-50b113e76b2a{ip: 10.1.0.28, host: fv-az270-32.tacnzluakwdehk1hpragurqkma.bx.internal.cloudapp.net, ports: [REPLICATION=43973, RATIS=34271, RATIS_ADMIN=34271, RATIS_SERVER=34271, STANDALONE=37551], networkLocation: /default-rack, certSerialId: null, persistedOpState: IN_SERVICE, persistedOpStateExpiryEpochSec: 0}, ReplicationConfig: RATIS/ONE, State:ALLOCATED, leaderId:, CreationTimestamp2021-12-22T08:23:22.198Z[Etc/UTC]].
2021-12-22 08:23:22,726 [Listener at 127.0.0.1/32839] INFO  ozone.MiniOzoneClusterImpl (MiniOzoneClusterImpl.java:lambda$waitForClusterToBeReady$0(235)) - Waiting for nodes to be ready. Got 2 of 3 DN Heartbeats.
2021-12-22 08:23:22,727 [Listener at 127.0.0.1/32839] INFO  ozone.MiniOzoneClusterImpl (MiniOzoneClusterImpl.java:lambda$waitForClusterToBeReady$0(238)) - Waiting for cluster to exit safe mode
2021-12-22 08:23:22,727 [Listener at 127.0.0.1/32839] INFO  ozone.MiniOzoneClusterImpl (MiniOzoneClusterImpl.java:lambda$waitForClusterToBeReady$0(240)) - SCM became leader
2021-12-22 08:23:22,750 [IPC Server handler 1 on default port 43829] INFO  net.NetworkTopologyImpl (NetworkTopologyImpl.java:add(112)) - Added a new node: /default-rack/d0511d9b-43cc-47c5-9566-2dcc399246f6
2021-12-22 08:23:22,751 [IPC Server handler 1 on default port 43829] INFO  node.SCMNodeManager (SCMNodeManager.java:register(389)) - Registered Data node : d0511d9b-43cc-47c5-9566-2dcc399246f6{ip: 10.1.0.28, host: fv-az270-32.tacnzluakwdehk1hpragurqkma.bx.internal.cloudapp.net, ports: [REPLICATION=36103, RATIS=35723, RATIS_ADMIN=35723, RATIS_SERVER=35723, STANDALONE=45067], networkLocation: /default-rack, certSerialId: null, persistedOpState: null, persistedOpStateExpiryEpochSec: 0}
2021-12-22 08:23:22,752 [EventQueue-NewNodeForNewNodeHandler] INFO  pipeline.BackgroundPipelineCreator (BackgroundPipelineCreator.java:notifyEventTriggered(285)) - trigger a one-shot run on RatisPipelineUtilsThread.
2021-12-22 08:23:22,754 [EventQueue-NodeRegistrationContainerReportForDataNodeSafeModeRule] INFO  safemode.SCMSafeModeManager (DataNodeSafeModeRule.java:process(71)) - SCM in safe mode. 3 DataNodes registered, 3 required.
2021-12-22 08:23:22,754 [EventQueue-NodeRegistrationContainerReportForDataNodeSafeModeRule] INFO  safemode.SCMSafeModeManager (SCMSafeModeManager.java:validateSafeModeExitRules(204)) - DataNodeSafeModeRule rule is successfully validated
2021-12-22 08:23:22,754 [EventQueue-NodeRegistrationContainerReportForDataNodeSafeModeRule] INFO  safemode.SCMSafeModeManager (SCMSafeModeManager.java:completePreCheck(233)) - All SCM safe mode pre check rules have passed
2021-12-22 08:23:22,754 [EventQueue-NodeRegistrationContainerReportForDataNodeSafeModeRule] WARN  events.EventQueue (EventQueue.java:fireEvent(194)) - No event handler registered for event TypedEvent{payloadType=SafeModeStatus, name='Safe mode status'}
2021-12-22 08:23:22,754 [EventQueue-NodeRegistrationContainerReportForDataNodeSafeModeRule] INFO  ha.SCMContext (SCMContext.java:updateSafeModeStatus(211)) - Update SafeModeStatus from SafeModeStatus{safeModeStatus=true, preCheckPassed=false} to SafeModeStatus{safeModeStatus=true, preCheckPassed=true}.
2021-12-22 08:23:22,754 [EventQueue-NodeRegistrationContainerReportForDataNodeSafeModeRule] INFO  pipeline.BackgroundPipelineCreator (BackgroundPipelineCreator.java:notifyEventTriggered(285)) - trigger a one-shot run on RatisPipelineUtilsThread.
2021-12-22 08:23:22,774 [RatisPipelineUtilsThread - 0] INFO  pipeline.RatisPipelineProvider (RatisPipelineProvider.java:lambda$create$0(183)) - Sending CreatePipelineCommand for pipeline:PipelineID=8ddfe473-a439-46fa-833c-9b1b29d2afe4 to datanode:d0511d9b-43cc-47c5-9566-2dcc399246f6
2021-12-22 08:23:22,774 [RatisPipelineUtilsThread - 0] INFO  pipeline.PipelineStateManagerImpl (PipelineStateManagerImpl.java:addPipeline(101)) - Created pipeline Pipeline[ Id: 8ddfe473-a439-46fa-833c-9b1b29d2afe4, Nodes: d0511d9b-43cc-47c5-9566-2dcc399246f6{ip: 10.1.0.28, host: fv-az270-32.tacnzluakwdehk1hpragurqkma.bx.internal.cloudapp.net, ports: [REPLICATION=36103, RATIS=35723, RATIS_ADMIN=35723, RATIS_SERVER=35723, STANDALONE=45067], networkLocation: /default-rack, certSerialId: null, persistedOpState: IN_SERVICE, persistedOpStateExpiryEpochSec: 0}, ReplicationConfig: RATIS/ONE, State:ALLOCATED, leaderId:, CreationTimestamp2021-12-22T08:23:22.774Z[Etc/UTC]].
2021-12-22 08:23:22,775 [RatisPipelineUtilsThread - 0] INFO  pipeline.RatisPipelineProvider (RatisPipelineProvider.java:lambda$create$0(183)) - Sending CreatePipelineCommand for pipeline:PipelineID=e4c555e0-0c2d-4080-a048-3840c03710ca to datanode:d0511d9b-43cc-47c5-9566-2dcc399246f6
2021-12-22 08:23:22,775 [RatisPipelineUtilsThread - 0] INFO  pipeline.RatisPipelineProvider (RatisPipelineProvider.java:lambda$create$0(183)) - Sending CreatePipelineCommand for pipeline:PipelineID=e4c555e0-0c2d-4080-a048-3840c03710ca to datanode:e2dff65e-c8ee-417e-a5e9-8b6a43ef7195
2021-12-22 08:23:22,775 [RatisPipelineUtilsThread - 0] INFO  pipeline.RatisPipelineProvider (RatisPipelineProvider.java:lambda$create$0(183)) - Sending CreatePipelineCommand for pipeline:PipelineID=e4c555e0-0c2d-4080-a048-3840c03710ca to datanode:791d2455-6582-4f2f-b9b1-50b113e76b2a
2021-12-22 08:23:22,775 [RatisPipelineUtilsThread - 0] INFO  pipeline.PipelineStateManagerImpl (PipelineStateManagerImpl.java:addPipeline(101)) - Created pipeline Pipeline[ Id: e4c555e0-0c2d-4080-a048-3840c03710ca, Nodes: d0511d9b-43cc-47c5-9566-2dcc399246f6{ip: 10.1.0.28, host: fv-az270-32.tacnzluakwdehk1hpragurqkma.bx.internal.cloudapp.net, ports: [REPLICATION=36103, RATIS=35723, RATIS_ADMIN=35723, RATIS_SERVER=35723, STANDALONE=45067], networkLocation: /default-rack, certSerialId: null, persistedOpState: IN_SERVICE, persistedOpStateExpiryEpochSec: 0}e2dff65e-c8ee-417e-a5e9-8b6a43ef7195{ip: 10.1.0.28, host: fv-az270-32.tacnzluakwdehk1hpragurqkma.bx.internal.cloudapp.net, ports: [REPLICATION=36759, RATIS=36499, RATIS_ADMIN=36499, RATIS_SERVER=36499, STANDALONE=33389], networkLocation: /default-rack, certSerialId: null, persistedOpState: IN_SERVICE, persistedOpStateExpiryEpochSec: 0}791d2455-6582-4f2f-b9b1-50b113e76b2a{ip: 10.1.0.28, host: fv-az270-32.tacnzluakwdehk1hpragurqkma.bx.internal.cloudapp.net, ports: [REPLICATION=43973, RATIS=34271, RATIS_ADMIN=34271, RATIS_SERVER=34271, STANDALONE=37551], networkLocation: /default-rack, certSerialId: null, persistedOpState: IN_SERVICE, persistedOpStateExpiryEpochSec: 0}, ReplicationConfig: RATIS/THREE, State:ALLOCATED, leaderId:, CreationTimestamp2021-12-22T08:23:22.775Z[Etc/UTC]].
2021-12-22 08:23:22,775 [RatisPipelineUtilsThread - 0] INFO  pipeline.RatisPipelineProvider (RatisPipelineProvider.java:lambda$create$0(183)) - Sending CreatePipelineCommand for pipeline:PipelineID=da2c4216-b0f0-4b28-bf13-7244c449bd80 to datanode:791d2455-6582-4f2f-b9b1-50b113e76b2a
2021-12-22 08:23:22,775 [RatisPipelineUtilsThread - 0] INFO  pipeline.RatisPipelineProvider (RatisPipelineProvider.java:lambda$create$0(183)) - Sending CreatePipelineCommand for pipeline:PipelineID=da2c4216-b0f0-4b28-bf13-7244c449bd80 to datanode:d0511d9b-43cc-47c5-9566-2dcc399246f6
2021-12-22 08:23:22,776 [RatisPipelineUtilsThread - 0] INFO  pipeline.RatisPipelineProvider (RatisPipelineProvider.java:lambda$create$0(183)) - Sending CreatePipelineCommand for pipeline:PipelineID=da2c4216-b0f0-4b28-bf13-7244c449bd80 to datanode:e2dff65e-c8ee-417e-a5e9-8b6a43ef7195
2021-12-22 08:23:22,776 [RatisPipelineUtilsThread - 0] INFO  pipeline.PipelineStateManagerImpl (PipelineStateManagerImpl.java:addPipeline(101)) - Created pipeline Pipeline[ Id: da2c4216-b0f0-4b28-bf13-7244c449bd80, Nodes: 791d2455-6582-4f2f-b9b1-50b113e76b2a{ip: 10.1.0.28, host: fv-az270-32.tacnzluakwdehk1hpragurqkma.bx.internal.cloudapp.net, ports: [REPLICATION=43973, RATIS=34271, RATIS_ADMIN=34271, RATIS_SERVER=34271, STANDALONE=37551], networkLocation: /default-rack, certSerialId: null, persistedOpState: IN_SERVICE, persistedOpStateExpiryEpochSec: 0}d0511d9b-43cc-47c5-9566-2dcc399246f6{ip: 10.1.0.28, host: fv-az270-32.tacnzluakwdehk1hpragurqkma.bx.internal.cloudapp.net, ports: [REPLICATION=36103, RATIS=35723, RATIS_ADMIN=35723, RATIS_SERVER=35723, STANDALONE=45067], networkLocation: /default-rack, certSerialId: null, persistedOpState: IN_SERVICE, persistedOpStateExpiryEpochSec: 0}e2dff65e-c8ee-417e-a5e9-8b6a43ef7195{ip: 10.1.0.28, host: fv-az270-32.tacnzluakwdehk1hpragurqkma.bx.internal.cloudapp.net, ports: [REPLICATION=36759, RATIS=36499, RATIS_ADMIN=36499, RATIS_SERVER=36499, STANDALONE=33389], networkLocation: /default-rack, certSerialId: null, persistedOpState: IN_SERVICE, persistedOpStateExpiryEpochSec: 0}, ReplicationConfig: RATIS/THREE, State:ALLOCATED, leaderId:, CreationTimestamp2021-12-22T08:23:22.775Z[Etc/UTC]].
2021-12-22 08:23:22,776 [RatisPipelineUtilsThread - 0] INFO  pipeline.PipelineManagerImpl (PipelineManagerImpl.java:recordMetricsForPipeline(639)) - Pipeline: PipelineID=da2c4216-b0f0-4b28-bf13-7244c449bd80 contains same datanodes as previous pipelines: PipelineID=e4c555e0-0c2d-4080-a048-3840c03710ca nodeIds: 791d2455-6582-4f2f-b9b1-50b113e76b2a, d0511d9b-43cc-47c5-9566-2dcc399246f6, e2dff65e-c8ee-417e-a5e9-8b6a43ef7195
2021-12-22 08:23:23,727 [Listener at 127.0.0.1/32839] INFO  ozone.MiniOzoneClusterImpl (MiniOzoneClusterImpl.java:lambda$waitForClusterToBeReady$0(235)) - Nodes are ready. Got 3 of 3 DN Heartbeats.
2021-12-22 08:23:23,749 [Listener at 127.0.0.1/32839] INFO  ozone.MiniOzoneClusterImpl (MiniOzoneClusterImpl.java:lambda$waitForClusterToBeReady$0(238)) - Waiting for cluster to exit safe mode
2021-12-22 08:23:23,749 [Listener at 127.0.0.1/32839] INFO  ozone.MiniOzoneClusterImpl (MiniOzoneClusterImpl.java:lambda$waitForClusterToBeReady$0(240)) - SCM became leader
2021-12-22 08:23:24,511 [Command processor thread] INFO  server.RaftServer (RaftServerProxy.java:addNew(95)) - e2dff65e-c8ee-417e-a5e9-8b6a43ef7195: addNew group-FE4638EC1CF7:[e2dff65e-c8ee-417e-a5e9-8b6a43ef7195|rpc:10.1.0.28:36499|priority:1] returns group-FE4638EC1CF7:java.util.concurrent.CompletableFuture@20e71c44[Not completed]
2021-12-22 08:23:24,513 [pool-485-thread-1] INFO  server.RaftServer$Division (RaftServerImpl.java:<init>(184)) - e2dff65e-c8ee-417e-a5e9-8b6a43ef7195: new RaftServerImpl for group-FE4638EC1CF7:[e2dff65e-c8ee-417e-a5e9-8b6a43ef7195|rpc:10.1.0.28:36499|priority:1] with ContainerStateMachine:uninitialized
2021-12-22 08:23:24,513 [pool-485-thread-1] INFO  server.RaftServerConfigKeys (ConfUtils.java:logGet(44)) - raft.server.rpc.timeout.min = 5s (custom)
2021-12-22 08:23:24,513 [pool-485-thread-1] INFO  server.RaftServerConfigKeys (ConfUtils.java:logGet(44)) - raft.server.rpc.timeout.max = 5200ms (custom)
2021-12-22 08:23:24,514 [pool-485-thread-1] INFO  server.RaftServerConfigKeys (ConfUtils.java:logGet(44)) - raft.server.rpc.sleep.time = 25ms (default)
2021-12-22 08:23:24,514 [pool-485-thread-1] INFO  server.RaftServerConfigKeys (ConfUtils.java:logGet(44)) - raft.server.rpc.slowness.timeout = 300s (custom)
2021-12-22 08:23:24,514 [pool-485-thread-1] INFO  server.RaftServerConfigKeys (ConfUtils.java:logGet(44)) - raft.server.leaderelection.leader.step-down.wait-time = 10s (default)
2021-12-22 08:23:24,514 [pool-485-thread-1] INFO  server.RaftServerConfigKeys (ConfUtils.java:logGet(44)) - raft.server.sleep.deviation.threshold = 300ms (default)
2021-12-22 08:23:24,514 [pool-485-thread-1] INFO  server.RaftServerConfigKeys (ConfUtils.java:logGet(44)) - raft.server.log.appender.install.snapshot.enabled = false (custom)
2021-12-22 08:23:24,514 [pool-485-thread-1] INFO  server.RaftServer$Division (ServerState.java:<init>(105)) - e2dff65e-c8ee-417e-a5e9-8b6a43ef7195@group-FE4638EC1CF7: ConfigurationManager, init=-1: [e2dff65e-c8ee-417e-a5e9-8b6a43ef7195|rpc:10.1.0.28:36499|priority:1], old=null, confs=<EMPTY_MAP>
2021-12-22 08:23:24,514 [pool-485-thread-1] INFO  server.RaftServerConfigKeys (ConfUtils.java:logGet(44)) - raft.server.storage.dir = [/home/runner/work/ozone/ozone/hadoop-ozone/integration-test/target/test-dir/MiniOzoneClusterImpl-54e30266-9a77-40a3-8002-44206e2dad63/datanode-0/data/ratis] (custom)
2021-12-22 08:23:24,514 [pool-485-thread-1] INFO  server.RaftServerConfigKeys (ConfUtils.java:logGet(44)) - raft.server.log.corruption.policy = EXCEPTION (default)
2021-12-22 08:23:24,514 [pool-485-thread-1] INFO  server.RaftServerConfigKeys (ConfUtils.java:logGet(44)) - raft.server.storage.free-space.min = 0MB (=0) (default)
2021-12-22 08:23:24,514 [pool-485-thread-1] INFO  storage.RaftStorageDirectory (RaftStorageDirectoryImpl.java:analyzeStorage(135)) - The storage directory /home/runner/work/ozone/ozone/hadoop-ozone/integration-test/target/test-dir/MiniOzoneClusterImpl-54e30266-9a77-40a3-8002-44206e2dad63/datanode-0/data/ratis/53e7663a-a584-4a78-a415-fe4638ec1cf7 does not exist. Creating ...
2021-12-22 08:23:24,516 [pool-485-thread-1] INFO  storage.RaftStorageDirectory (RaftStorageDirectoryImpl.java:tryLock(230)) - Lock on /home/runner/work/ozone/ozone/hadoop-ozone/integration-test/target/test-dir/MiniOzoneClusterImpl-54e30266-9a77-40a3-8002-44206e2dad63/datanode-0/data/ratis/53e7663a-a584-4a78-a415-fe4638ec1cf7/in_use.lock acquired by nodename 16871@fv-az270-32
2021-12-22 08:23:24,522 [pool-485-thread-1] INFO  storage.RaftStorage (RaftStorageImpl.java:format(89)) - Storage directory /home/runner/work/ozone/ozone/hadoop-ozone/integration-test/target/test-dir/MiniOzoneClusterImpl-54e30266-9a77-40a3-8002-44206e2dad63/datanode-0/data/ratis/53e7663a-a584-4a78-a415-fe4638ec1cf7 has been successfully formatted.
2021-12-22 08:23:24,535 [EventQueue-PipelineReportForPipelineReportHandler] INFO  pipeline.PipelineManagerImpl (PipelineManagerImpl.java:openPipeline(291)) - Pipeline Pipeline[ Id: 53e7663a-a584-4a78-a415-fe4638ec1cf7, Nodes: e2dff65e-c8ee-417e-a5e9-8b6a43ef7195{ip: 10.1.0.28, host: fv-az270-32.tacnzluakwdehk1hpragurqkma.bx.internal.cloudapp.net, ports: [REPLICATION=36759, RATIS=36499, RATIS_ADMIN=36499, RATIS_SERVER=36499, STANDALONE=33389], networkLocation: /default-rack, certSerialId: null, persistedOpState: IN_SERVICE, persistedOpStateExpiryEpochSec: 0}, ReplicationConfig: RATIS/ONE, State:ALLOCATED, leaderId:e2dff65e-c8ee-417e-a5e9-8b6a43ef7195, CreationTimestamp2021-12-22T08:23:21.527Z[Etc/UTC]] moved to OPEN state
2021-12-22 08:23:24,557 [pool-485-thread-1] INFO  ratis.ContainerStateMachine (ContainerStateMachine.java:loadSnapshot(231)) - group-FE4638EC1CF7: The snapshot info is null. Setting the last applied indexto:(t:0, i:~)
2021-12-22 08:23:24,557 [pool-485-thread-1] INFO  server.RaftServerConfigKeys (ConfUtils.java:logGet(44)) - raft.server.notification.no-leader.timeout = 300s (custom)
2021-12-22 08:23:24,557 [pool-485-thread-1] INFO  server.RaftServerConfigKeys (ConfUtils.java:logGet(44)) - raft.server.log.use.memory = false (default)
2021-12-22 08:23:24,557 [pool-485-thread-1] INFO  server.RaftServerConfigKeys (ConfUtils.java:logGet(44)) - raft.server.log.purge.gap = 1000000 (custom)
2021-12-22 08:23:24,557 [pool-485-thread-1] INFO  server.RaftServerConfigKeys (ConfUtils.java:logGet(44)) - raft.server.log.appender.buffer.byte-limit = 33554432 (custom)
2021-12-22 08:23:24,557 [pool-485-thread-1] INFO  server.RaftServerConfigKeys (ConfUtils.java:logGet(44)) - raft.server.log.segment.size.max = 1048576 (custom)
2021-12-22 08:23:24,558 [pool-485-thread-1] INFO  server.RaftServerConfigKeys (ConfUtils.java:logGet(44)) - raft.server.log.segment.cache.num.max = 2 (custom)
2021-12-22 08:23:24,558 [pool-485-thread-1] INFO  server.RaftServerConfigKeys (ConfUtils.java:logGet(44)) - raft.server.log.segment.cache.size.max = 200MB (=209715200) (default)
2021-12-22 08:23:24,558 [pool-485-thread-1] INFO  segmented.SegmentedRaftLogWorker (SegmentedRaftLogWorker.java:<init>(182)) - new e2dff65e-c8ee-417e-a5e9-8b6a43ef7195@group-FE4638EC1CF7-SegmentedRaftLogWorker for RaftStorageImpl:Storage Directory /home/runner/work/ozone/ozone/hadoop-ozone/integration-test/target/test-dir/MiniOzoneClusterImpl-54e30266-9a77-40a3-8002-44206e2dad63/datanode-0/data/ratis/53e7663a-a584-4a78-a415-fe4638ec1cf7
2021-12-22 08:23:24,558 [pool-485-thread-1] INFO  server.RaftServerConfigKeys (ConfUtils.java:logGet(44)) - raft.server.log.queue.byte-limit = 2147483647 (custom)
2021-12-22 08:23:24,558 [pool-485-thread-1] INFO  server.RaftServerConfigKeys (ConfUtils.java:logGet(44)) - raft.server.log.queue.element-limit = 1024 (custom)
2021-12-22 08:23:24,558 [pool-485-thread-1] INFO  server.RaftServerConfigKeys (ConfUtils.java:logGet(44)) - raft.server.log.segment.size.max = 1048576 (custom)
2021-12-22 08:23:24,558 [pool-485-thread-1] INFO  server.RaftServerConfigKeys (ConfUtils.java:logGet(44)) - raft.server.log.preallocated.size = 16384 (custom)
2021-12-22 08:23:24,558 [pool-485-thread-1] INFO  server.RaftServerConfigKeys (ConfUtils.java:logGet(44)) - raft.server.log.force.sync.num = 128 (default)
2021-12-22 08:23:24,558 [pool-485-thread-1] INFO  server.RaftServerConfigKeys (ConfUtils.java:logGet(44)) - raft.server.log.statemachine.data.sync = true (default)
2021-12-22 08:23:24,558 [pool-485-thread-1] INFO  server.RaftServerConfigKeys (ConfUtils.java:logGet(44)) - raft.server.log.statemachine.data.sync.timeout = 10s (default)
2021-12-22 08:23:24,558 [pool-485-thread-1] INFO  server.RaftServerConfigKeys (ConfUtils.java:logGet(44)) - raft.server.log.statemachine.data.sync.timeout.retry = -1 (default)
2021-12-22 08:23:24,559 [pool-485-thread-1] INFO  server.RaftServerConfigKeys (ConfUtils.java:logGet(44)) - raft.server.log.write.buffer.size = 1048576 (custom)
2021-12-22 08:23:24,559 [pool-485-thread-1] INFO  server.RaftServerConfigKeys (ConfUtils.java:logGet(44)) - raft.server.log.statemachine.data.caching.enabled = true (custom)
2021-12-22 08:23:24,560 [pool-485-thread-1] INFO  segmented.SegmentedRaftLogWorker (SegmentedRaftLogWorker.java:lambda$new$0(133)) - e2dff65e-c8ee-417e-a5e9-8b6a43ef7195@group-FE4638EC1CF7-SegmentedRaftLogWorker: flushIndex: setUnconditionally 0 -> -1
2021-12-22 08:23:24,560 [pool-485-thread-1] INFO  segmented.SegmentedRaftLogWorker (SegmentedRaftLogWorker.java:lambda$new$0(133)) - e2dff65e-c8ee-417e-a5e9-8b6a43ef7195@group-FE4638EC1CF7-SegmentedRaftLogWorker: safeCacheEvictIndex: setUnconditionally 0 -> -1
2021-12-22 08:23:24,566 [pool-485-thread-1] INFO  server.RaftServerConfigKeys (ConfUtils.java:logGet(44)) - raft.server.snapshot.auto.trigger.enabled = true (custom)
2021-12-22 08:23:24,566 [pool-485-thread-1] INFO  server.RaftServerConfigKeys (ConfUtils.java:logGet(44)) - raft.server.snapshot.auto.trigger.threshold = 10000 (custom)
2021-12-22 08:23:24,567 [pool-485-thread-1] INFO  server.RaftServerConfigKeys (ConfUtils.java:logGet(44)) - raft.server.snapshot.retention.file.num = 5 (custom)
2021-12-22 08:23:24,567 [pool-485-thread-1] INFO  server.RaftServerConfigKeys (ConfUtils.java:logGet(44)) - raft.server.log.purge.upto.snapshot.index = false (default)
2021-12-22 08:23:24,567 [pool-485-thread-1] INFO  server.RaftServerConfigKeys (ConfUtils.java:logGet(44)) - raft.server.retrycache.expirytime = 600000ms (custom)
2021-12-22 08:23:24,567 [pool-485-thread-1] INFO  server.RaftServerConfigKeys (ConfUtils.java:logGet(44)) - raft.server.retrycache.statistics.expirytime = 100μs (default)
2021-12-22 08:23:24,569 [pool-485-thread-1] INFO  server.RaftServer$Division (RaftServerImpl.java:start(301)) - e2dff65e-c8ee-417e-a5e9-8b6a43ef7195@group-FE4638EC1CF7: start as a follower, conf=-1: [e2dff65e-c8ee-417e-a5e9-8b6a43ef7195|rpc:10.1.0.28:36499|priority:1], old=null
2021-12-22 08:23:24,569 [pool-485-thread-1] INFO  server.RaftServer$Division (RaftServerImpl.java:setRole(290)) - e2dff65e-c8ee-417e-a5e9-8b6a43ef7195@group-FE4638EC1CF7: changes role from      null to FOLLOWER at term 0 for startAsFollower
2021-12-22 08:23:24,571 [pool-485-thread-1] INFO  impl.RoleInfo (RoleInfo.java:updateAndGet(130)) - e2dff65e-c8ee-417e-a5e9-8b6a43ef7195: start e2dff65e-c8ee-417e-a5e9-8b6a43ef7195@group-FE4638EC1CF7-FollowerState
2021-12-22 08:23:24,574 [pool-485-thread-1] INFO  util.JmxRegister (JmxRegister.java:tryRegister(44)) - Successfully registered JMX Bean with object name Ratis:service=RaftServer,group=group-FE4638EC1CF7,id=e2dff65e-c8ee-417e-a5e9-8b6a43ef7195
2021-12-22 08:23:24,582 [Command processor thread] INFO  ratis.XceiverServerRatis (XceiverServerRatis.java:addGroup(768)) - Created group PipelineID=53e7663a-a584-4a78-a415-fe4638ec1cf7
2021-12-22 08:23:24,606 [Command processor thread] INFO  commandhandler.CreatePipelineCommandHandler (CreatePipelineCommandHandler.java:handle(106)) - Created Pipeline RATIS ONE PipelineID=53e7663a-a584-4a78-a415-fe4638ec1cf7.
2021-12-22 08:23:24,606 [Command processor thread] INFO  server.RaftServer (RaftServerProxy.java:addNew(95)) - e2dff65e-c8ee-417e-a5e9-8b6a43ef7195: addNew group-3840C03710CA:[d0511d9b-43cc-47c5-9566-2dcc399246f6|rpc:10.1.0.28:35723|priority:0, e2dff65e-c8ee-417e-a5e9-8b6a43ef7195|rpc:10.1.0.28:36499|priority:1, 791d2455-6582-4f2f-b9b1-50b113e76b2a|rpc:10.1.0.28:34271|priority:0] returns group-3840C03710CA:java.util.concurrent.CompletableFuture@24d89c80[Not completed]
2021-12-22 08:23:24,608 [pool-485-thread-1] INFO  server.RaftServer$Division (RaftServerImpl.java:<init>(184)) - e2dff65e-c8ee-417e-a5e9-8b6a43ef7195: new RaftServerImpl for group-3840C03710CA:[d0511d9b-43cc-47c5-9566-2dcc399246f6|rpc:10.1.0.28:35723|priority:0, e2dff65e-c8ee-417e-a5e9-8b6a43ef7195|rpc:10.1.0.28:36499|priority:1, 791d2455-6582-4f2f-b9b1-50b113e76b2a|rpc:10.1.0.28:34271|priority:0] with ContainerStateMachine:uninitialized
2021-12-22 08:23:24,608 [pool-485-thread-1] INFO  server.RaftServerConfigKeys (ConfUtils.java:logGet(44)) - raft.server.rpc.timeout.min = 5s (custom)
2021-12-22 08:23:24,608 [pool-485-thread-1] INFO  server.RaftServerConfigKeys (ConfUtils.java:logGet(44)) - raft.server.rpc.timeout.max = 5200ms (custom)
2021-12-22 08:23:24,608 [pool-485-thread-1] INFO  server.RaftServerConfigKeys (ConfUtils.java:logGet(44)) - raft.server.rpc.sleep.time = 25ms (default)
2021-12-22 08:23:24,608 [pool-485-thread-1] INFO  server.RaftServerConfigKeys (ConfUtils.java:logGet(44)) - raft.server.rpc.slowness.timeout = 300s (custom)
2021-12-22 08:23:24,608 [pool-485-thread-1] INFO  server.RaftServerConfigKeys (ConfUtils.java:logGet(44)) - raft.server.leaderelection.leader.step-down.wait-time = 10s (default)
2021-12-22 08:23:24,608 [pool-485-thread-1] INFO  server.RaftServerConfigKeys (ConfUtils.java:logGet(44)) - raft.server.sleep.deviation.threshold = 300ms (default)
2021-12-22 08:23:24,608 [pool-485-thread-1] INFO  server.RaftServerConfigKeys (ConfUtils.java:logGet(44)) - raft.server.log.appender.install.snapshot.enabled = false (custom)
2021-12-22 08:23:24,608 [pool-485-thread-1] INFO  server.RaftServer$Division (ServerState.java:<init>(105)) - e2dff65e-c8ee-417e-a5e9-8b6a43ef7195@group-3840C03710CA: ConfigurationManager, init=-1: [d0511d9b-43cc-47c5-9566-2dcc399246f6|rpc:10.1.0.28:35723|priority:0, e2dff65e-c8ee-417e-a5e9-8b6a43ef7195|rpc:10.1.0.28:36499|priority:1, 791d2455-6582-4f2f-b9b1-50b113e76b2a|rpc:10.1.0.28:34271|priority:0], old=null, confs=<EMPTY_MAP>
2021-12-22 08:23:24,608 [pool-485-thread-1] INFO  server.RaftServerConfigKeys (ConfUtils.java:logGet(44)) - raft.server.storage.dir = [/home/runner/work/ozone/ozone/hadoop-ozone/integration-test/target/test-dir/MiniOzoneClusterImpl-54e30266-9a77-40a3-8002-44206e2dad63/datanode-0/data/ratis] (custom)
2021-12-22 08:23:24,608 [pool-485-thread-1] INFO  server.RaftServerConfigKeys (ConfUtils.java:logGet(44)) - raft.server.log.corruption.policy = EXCEPTION (default)
2021-12-22 08:23:24,608 [pool-485-thread-1] INFO  server.RaftServerConfigKeys (ConfUtils.java:logGet(44)) - raft.server.storage.free-space.min = 0MB (=0) (default)
2021-12-22 08:23:24,609 [pool-485-thread-1] INFO  storage.RaftStorageDirectory (RaftStorageDirectoryImpl.java:analyzeStorage(135)) - The storage directory /home/runner/work/ozone/ozone/hadoop-ozone/integration-test/target/test-dir/MiniOzoneClusterImpl-54e30266-9a77-40a3-8002-44206e2dad63/datanode-0/data/ratis/e4c555e0-0c2d-4080-a048-3840c03710ca does not exist. Creating ...
2021-12-22 08:23:24,606 [EventQueue-OpenPipelineForHealthyPipelineSafeModeRule] INFO  safemode.SCMSafeModeManager (HealthyPipelineSafeModeRule.java:process(124)) - SCM in safe mode. Healthy pipelines reported count is 0, required healthy pipeline reported count is 1
2021-12-22 08:23:24,614 [pool-485-thread-1] INFO  storage.RaftStorageDirectory (RaftStorageDirectoryImpl.java:tryLock(230)) - Lock on /home/runner/work/ozone/ozone/hadoop-ozone/integration-test/target/test-dir/MiniOzoneClusterImpl-54e30266-9a77-40a3-8002-44206e2dad63/datanode-0/data/ratis/e4c555e0-0c2d-4080-a048-3840c03710ca/in_use.lock acquired by nodename 16871@fv-az270-32
2021-12-22 08:23:24,615 [pool-485-thread-1] INFO  storage.RaftStorage (RaftStorageImpl.java:format(89)) - Storage directory /home/runner/work/ozone/ozone/hadoop-ozone/integration-test/target/test-dir/MiniOzoneClusterImpl-54e30266-9a77-40a3-8002-44206e2dad63/datanode-0/data/ratis/e4c555e0-0c2d-4080-a048-3840c03710ca has been successfully formatted.
2021-12-22 08:23:24,616 [pool-485-thread-1] INFO  ratis.ContainerStateMachine (ContainerStateMachine.java:loadSnapshot(231)) - group-3840C03710CA: The snapshot info is null. Setting the last applied indexto:(t:0, i:~)
2021-12-22 08:23:24,617 [EventQueue-OpenPipelineForHealthyPipelineSafeModeRule] INFO  safemode.SCMSafeModeManager (HealthyPipelineSafeModeRule.java:process(124)) - SCM in safe mode. Healthy pipelines reported count is 0, required healthy pipeline reported count is 1
2021-12-22 08:23:24,617 [pool-485-thread-1] INFO  server.RaftServerConfigKeys (ConfUtils.java:logGet(44)) - raft.server.notification.no-leader.timeout = 300s (custom)
2021-12-22 08:23:24,617 [pool-485-thread-1] INFO  server.RaftServerConfigKeys (ConfUtils.java:logGet(44)) - raft.server.log.use.memory = false (default)
2021-12-22 08:23:24,617 [pool-485-thread-1] INFO  server.RaftServerConfigKeys (ConfUtils.java:logGet(44)) - raft.server.log.purge.gap = 1000000 (custom)
2021-12-22 08:23:24,617 [pool-485-thread-1] INFO  server.RaftServerConfigKeys (ConfUtils.java:logGet(44)) - raft.server.log.appender.buffer.byte-limit = 33554432 (custom)
2021-12-22 08:23:24,617 [pool-485-thread-1] INFO  server.RaftServerConfigKeys (ConfUtils.java:logGet(44)) - raft.server.log.segment.size.max = 1048576 (custom)
2021-12-22 08:23:24,618 [pool-485-thread-1] INFO  server.RaftServerConfigKeys (ConfUtils.java:logGet(44)) - raft.server.log.segment.cache.num.max = 2 (custom)
2021-12-22 08:23:24,620 [pool-485-thread-1] INFO  server.RaftServerConfigKeys (ConfUtils.java:logGet(44)) - raft.server.log.segment.cache.size.max = 200MB (=209715200) (default)
2021-12-22 08:23:24,621 [pool-485-thread-1] INFO  segmented.SegmentedRaftLogWorker (SegmentedRaftLogWorker.java:<init>(182)) - new e2dff65e-c8ee-417e-a5e9-8b6a43ef7195@group-3840C03710CA-SegmentedRaftLogWorker for RaftStorageImpl:Storage Directory /home/runner/work/ozone/ozone/hadoop-ozone/integration-test/target/test-dir/MiniOzoneClusterImpl-54e30266-9a77-40a3-8002-44206e2dad63/datanode-0/data/ratis/e4c555e0-0c2d-4080-a048-3840c03710ca
2021-12-22 08:23:24,621 [pool-485-thread-1] INFO  server.RaftServerConfigKeys (ConfUtils.java:logGet(44)) - raft.server.log.queue.byte-limit = 2147483647 (custom)
2021-12-22 08:23:24,621 [pool-485-thread-1] INFO  server.RaftServerConfigKeys (ConfUtils.java:logGet(44)) - raft.server.log.queue.element-limit = 1024 (custom)
2021-12-22 08:23:24,621 [pool-485-thread-1] INFO  server.RaftServerConfigKeys (ConfUtils.java:logGet(44)) - raft.server.log.segment.size.max = 1048576 (custom)
2021-12-22 08:23:24,621 [pool-485-thread-1] INFO  server.RaftServerConfigKeys (ConfUtils.java:logGet(44)) - raft.server.log.preallocated.size = 16384 (custom)
2021-12-22 08:23:24,621 [pool-485-thread-1] INFO  server.RaftServerConfigKeys (ConfUtils.java:logGet(44)) - raft.server.log.force.sync.num = 128 (default)
2021-12-22 08:23:24,621 [pool-485-thread-1] INFO  server.RaftServerConfigKeys (ConfUtils.java:logGet(44)) - raft.server.log.statemachine.data.sync = true (default)
2021-12-22 08:23:24,622 [pool-485-thread-1] INFO  server.RaftServerConfigKeys (ConfUtils.java:logGet(44)) - raft.server.log.statemachine.data.sync.timeout = 10s (default)
2021-12-22 08:23:24,622 [pool-485-thread-1] INFO  server.RaftServerConfigKeys (ConfUtils.java:logGet(44)) - raft.server.log.statemachine.data.sync.timeout.retry = -1 (default)
2021-12-22 08:23:24,623 [pool-485-thread-1] INFO  server.RaftServerConfigKeys (ConfUtils.java:logGet(44)) - raft.server.log.write.buffer.size = 1048576 (custom)
2021-12-22 08:23:24,626 [pool-485-thread-1] INFO  server.RaftServerConfigKeys (ConfUtils.java:logGet(44)) - raft.server.log.statemachine.data.caching.enabled = true (custom)
2021-12-22 08:23:24,626 [pool-485-thread-1] INFO  segmented.SegmentedRaftLogWorker (SegmentedRaftLogWorker.java:lambda$new$0(133)) - e2dff65e-c8ee-417e-a5e9-8b6a43ef7195@group-3840C03710CA-SegmentedRaftLogWorker: flushIndex: setUnconditionally 0 -> -1
2021-12-22 08:23:24,626 [pool-485-thread-1] INFO  segmented.SegmentedRaftLogWorker (SegmentedRaftLogWorker.java:lambda$new$0(133)) - e2dff65e-c8ee-417e-a5e9-8b6a43ef7195@group-3840C03710CA-SegmentedRaftLogWorker: safeCacheEvictIndex: setUnconditionally 0 -> -1
2021-12-22 08:23:24,628 [pool-485-thread-1] INFO  server.RaftServerConfigKeys (ConfUtils.java:logGet(44)) - raft.server.snapshot.auto.trigger.enabled = true (custom)
2021-12-22 08:23:24,628 [pool-485-thread-1] INFO  server.RaftServerConfigKeys (ConfUtils.java:logGet(44)) - raft.server.snapshot.auto.trigger.threshold = 10000 (custom)
2021-12-22 08:23:24,628 [pool-485-thread-1] INFO  server.RaftServerConfigKeys (ConfUtils.java:logGet(44)) - raft.server.snapshot.retention.file.num = 5 (custom)
2021-12-22 08:23:24,628 [pool-485-thread-1] INFO  server.RaftServerConfigKeys (ConfUtils.java:logGet(44)) - raft.server.log.purge.upto.snapshot.index = false (default)
2021-12-22 08:23:24,628 [pool-485-thread-1] INFO  server.RaftServerConfigKeys (ConfUtils.java:logGet(44)) - raft.server.retrycache.expirytime = 600000ms (custom)
2021-12-22 08:23:24,628 [pool-485-thread-1] INFO  server.RaftServerConfigKeys (ConfUtils.java:logGet(44)) - raft.server.retrycache.statistics.expirytime = 100μs (default)
2021-12-22 08:23:24,630 [pool-485-thread-1] INFO  server.RaftServer$Division (RaftServerImpl.java:start(301)) - e2dff65e-c8ee-417e-a5e9-8b6a43ef7195@group-3840C03710CA: start as a follower, conf=-1: [d0511d9b-43cc-47c5-9566-2dcc399246f6|rpc:10.1.0.28:35723|priority:0, e2dff65e-c8ee-417e-a5e9-8b6a43ef7195|rpc:10.1.0.28:36499|priority:1, 791d2455-6582-4f2f-b9b1-50b113e76b2a|rpc:10.1.0.28:34271|priority:0], old=null
2021-12-22 08:23:24,630 [pool-485-thread-1] INFO  server.RaftServer$Division (RaftServerImpl.java:setRole(290)) - e2dff65e-c8ee-417e-a5e9-8b6a43ef7195@group-3840C03710CA: changes role from      null to FOLLOWER at term 0 for startAsFollower
2021-12-22 08:23:24,630 [pool-485-thread-1] INFO  impl.RoleInfo (RoleInfo.java:updateAndGet(130)) - e2dff65e-c8ee-417e-a5e9-8b6a43ef7195: start e2dff65e-c8ee-417e-a5e9-8b6a43ef7195@group-3840C03710CA-FollowerState
2021-12-22 08:23:24,630 [pool-485-thread-1] INFO  util.JmxRegister (JmxRegister.java:tryRegister(44)) - Successfully registered JMX Bean with object name Ratis:service=RaftServer,group=group-3840C03710CA,id=e2dff65e-c8ee-417e-a5e9-8b6a43ef7195
2021-12-22 08:23:24,631 [Command processor thread] INFO  ratis.XceiverServerRatis (XceiverServerRatis.java:addGroup(768)) - Created group PipelineID=e4c555e0-0c2d-4080-a048-3840c03710ca
2021-12-22 08:23:24,711 [grpc-default-executor-0] INFO  server.RaftServer (RaftServerProxy.java:addNew(95)) - d0511d9b-43cc-47c5-9566-2dcc399246f6: addNew group-3840C03710CA:[d0511d9b-43cc-47c5-9566-2dcc399246f6|rpc:10.1.0.28:35723|dataStream:|priority:0, e2dff65e-c8ee-417e-a5e9-8b6a43ef7195|rpc:10.1.0.28:36499|dataStream:|priority:1, 791d2455-6582-4f2f-b9b1-50b113e76b2a|rpc:10.1.0.28:34271|dataStream:|priority:0] returns group-3840C03710CA:java.util.concurrent.CompletableFuture@5bfba32d[Not completed]
2021-12-22 08:23:24,718 [pool-527-thread-1] INFO  server.RaftServer$Division (RaftServerImpl.java:<init>(184)) - d0511d9b-43cc-47c5-9566-2dcc399246f6: new RaftServerImpl for group-3840C03710CA:[d0511d9b-43cc-47c5-9566-2dcc399246f6|rpc:10.1.0.28:35723|dataStream:|priority:0, e2dff65e-c8ee-417e-a5e9-8b6a43ef7195|rpc:10.1.0.28:36499|dataStream:|priority:1, 791d2455-6582-4f2f-b9b1-50b113e76b2a|rpc:10.1.0.28:34271|dataStream:|priority:0] with ContainerStateMachine:uninitialized
2021-12-22 08:23:24,741 [pool-527-thread-1] INFO  server.RaftServerConfigKeys (ConfUtils.java:logGet(44)) - raft.server.rpc.timeout.min = 5s (custom)
2021-12-22 08:23:24,741 [pool-527-thread-1] INFO  server.RaftServerConfigKeys (ConfUtils.java:logGet(44)) - raft.server.rpc.timeout.max = 5200ms (custom)
2021-12-22 08:23:24,741 [pool-527-thread-1] INFO  server.RaftServerConfigKeys (ConfUtils.java:logGet(44)) - raft.server.rpc.sleep.time = 25ms (default)
2021-12-22 08:23:24,741 [pool-527-thread-1] INFO  server.RaftServerConfigKeys (ConfUtils.java:logGet(44)) - raft.server.rpc.slowness.timeout = 300s (custom)
2021-12-22 08:23:24,741 [pool-527-thread-1] INFO  server.RaftServerConfigKeys (ConfUtils.java:logGet(44)) - raft.server.leaderelection.leader.step-down.wait-time = 10s (default)
2021-12-22 08:23:24,741 [pool-527-thread-1] INFO  server.RaftServerConfigKeys (ConfUtils.java:logGet(44)) - raft.server.sleep.deviation.threshold = 300ms (default)
2021-12-22 08:23:24,741 [pool-527-thread-1] INFO  server.RaftServerConfigKeys (ConfUtils.java:logGet(44)) - raft.server.log.appender.install.snapshot.enabled = false (custom)
2021-12-22 08:23:24,741 [pool-527-thread-1] INFO  server.RaftServer$Division (ServerState.java:<init>(105)) - d0511d9b-43cc-47c5-9566-2dcc399246f6@group-3840C03710CA: ConfigurationManager, init=-1: [d0511d9b-43cc-47c5-9566-2dcc399246f6|rpc:10.1.0.28:35723|dataStream:|priority:0, e2dff65e-c8ee-417e-a5e9-8b6a43ef7195|rpc:10.1.0.28:36499|dataStream:|priority:1, 791d2455-6582-4f2f-b9b1-50b113e76b2a|rpc:10.1.0.28:34271|dataStream:|priority:0], old=null, confs=<EMPTY_MAP>
2021-12-22 08:23:24,741 [pool-527-thread-1] INFO  server.RaftServerConfigKeys (ConfUtils.java:logGet(44)) - raft.server.storage.dir = [/home/runner/work/ozone/ozone/hadoop-ozone/integration-test/target/test-dir/MiniOzoneClusterImpl-54e30266-9a77-40a3-8002-44206e2dad63/datanode-2/data/ratis] (custom)
2021-12-22 08:23:24,741 [pool-527-thread-1] INFO  server.RaftServerConfigKeys (ConfUtils.java:logGet(44)) - raft.server.log.corruption.policy = EXCEPTION (default)
2021-12-22 08:23:24,741 [pool-527-thread-1] INFO  server.RaftServerConfigKeys (ConfUtils.java:logGet(44)) - raft.server.storage.free-space.min = 0MB (=0) (default)
2021-12-22 08:23:24,741 [pool-527-thread-1] INFO  storage.RaftStorageDirectory (RaftStorageDirectoryImpl.java:analyzeStorage(135)) - The storage directory /home/runner/work/ozone/ozone/hadoop-ozone/integration-test/target/test-dir/MiniOzoneClusterImpl-54e30266-9a77-40a3-8002-44206e2dad63/datanode-2/data/ratis/e4c555e0-0c2d-4080-a048-3840c03710ca does not exist. Creating ...
2021-12-22 08:23:24,747 [pool-527-thread-1] INFO  storage.RaftStorageDirectory (RaftStorageDirectoryImpl.java:tryLock(230)) - Lock on /home/runner/work/ozone/ozone/hadoop-ozone/integration-test/target/test-dir/MiniOzoneClusterImpl-54e30266-9a77-40a3-8002-44206e2dad63/datanode-2/data/ratis/e4c555e0-0c2d-4080-a048-3840c03710ca/in_use.lock acquired by nodename 16871@fv-az270-32
2021-12-22 08:23:24,749 [Listener at 127.0.0.1/32839] INFO  ozone.MiniOzoneClusterImpl (MiniOzoneClusterImpl.java:lambda$waitForClusterToBeReady$0(235)) - Nodes are ready. Got 3 of 3 DN Heartbeats.
2021-12-22 08:23:24,750 [Listener at 127.0.0.1/32839] INFO  ozone.MiniOzoneClusterImpl (MiniOzoneClusterImpl.java:lambda$waitForClusterToBeReady$0(238)) - Waiting for cluster to exit safe mode
2021-12-22 08:23:24,750 [Listener at 127.0.0.1/32839] INFO  ozone.MiniOzoneClusterImpl (MiniOzoneClusterImpl.java:lambda$waitForClusterToBeReady$0(240)) - SCM became leader
2021-12-22 08:23:24,760 [pool-527-thread-1] INFO  storage.RaftStorage (RaftStorageImpl.java:format(89)) - Storage directory /home/runner/work/ozone/ozone/hadoop-ozone/integration-test/target/test-dir/MiniOzoneClusterImpl-54e30266-9a77-40a3-8002-44206e2dad63/datanode-2/data/ratis/e4c555e0-0c2d-4080-a048-3840c03710ca has been successfully formatted.
2021-12-22 08:23:24,805 [pool-527-thread-1] INFO  ratis.ContainerStateMachine (ContainerStateMachine.java:loadSnapshot(231)) - group-3840C03710CA: The snapshot info is null. Setting the last applied indexto:(t:0, i:~)
2021-12-22 08:23:24,814 [pool-527-thread-1] INFO  server.RaftServerConfigKeys (ConfUtils.java:logGet(44)) - raft.server.notification.no-leader.timeout = 300s (custom)
2021-12-22 08:23:24,814 [pool-527-thread-1] INFO  server.RaftServerConfigKeys (ConfUtils.java:logGet(44)) - raft.server.log.use.memory = false (default)
2021-12-22 08:23:24,814 [pool-527-thread-1] INFO  server.RaftServerConfigKeys (ConfUtils.java:logGet(44)) - raft.server.log.purge.gap = 1000000 (custom)
2021-12-22 08:23:24,814 [pool-527-thread-1] INFO  server.RaftServerConfigKeys (ConfUtils.java:logGet(44)) - raft.server.log.appender.buffer.byte-limit = 33554432 (custom)
2021-12-22 08:23:24,814 [pool-527-thread-1] INFO  server.RaftServerConfigKeys (ConfUtils.java:logGet(44)) - raft.server.log.segment.size.max = 1048576 (custom)
2021-12-22 08:23:24,815 [pool-527-thread-1] INFO  server.RaftServerConfigKeys (ConfUtils.java:logGet(44)) - raft.server.log.segment.cache.num.max = 2 (custom)
2021-12-22 08:23:24,815 [pool-527-thread-1] INFO  server.RaftServerConfigKeys (ConfUtils.java:logGet(44)) - raft.server.log.segment.cache.size.max = 200MB (=209715200) (default)
2021-12-22 08:23:24,815 [pool-527-thread-1] INFO  segmented.SegmentedRaftLogWorker (SegmentedRaftLogWorker.java:<init>(182)) - new d0511d9b-43cc-47c5-9566-2dcc399246f6@group-3840C03710CA-SegmentedRaftLogWorker for RaftStorageImpl:Storage Directory /home/runner/work/ozone/ozone/hadoop-ozone/integration-test/target/test-dir/MiniOzoneClusterImpl-54e30266-9a77-40a3-8002-44206e2dad63/datanode-2/data/ratis/e4c555e0-0c2d-4080-a048-3840c03710ca
2021-12-22 08:23:24,815 [pool-527-thread-1] INFO  server.RaftServerConfigKeys (ConfUtils.java:logGet(44)) - raft.server.log.queue.byte-limit = 2147483647 (custom)
2021-12-22 08:23:24,815 [pool-527-thread-1] INFO  server.RaftServerConfigKeys (ConfUtils.java:logGet(44)) - raft.server.log.queue.element-limit = 1024 (custom)
2021-12-22 08:23:24,815 [pool-527-thread-1] INFO  server.RaftServerConfigKeys (ConfUtils.java:logGet(44)) - raft.server.log.segment.size.max = 1048576 (custom)
2021-12-22 08:23:24,815 [pool-527-thread-1] INFO  server.RaftServerConfigKeys (ConfUtils.java:logGet(44)) - raft.server.log.preallocated.size = 16384 (custom)
2021-12-22 08:23:24,815 [pool-527-thread-1] INFO  server.RaftServerConfigKeys (ConfUtils.java:logGet(44)) - raft.server.log.force.sync.num = 128 (default)
2021-12-22 08:23:24,815 [pool-527-thread-1] INFO  server.RaftServerConfigKeys (ConfUtils.java:logGet(44)) - raft.server.log.statemachine.data.sync = true (default)
2021-12-22 08:23:24,815 [pool-527-thread-1] INFO  server.RaftServerConfigKeys (ConfUtils.java:logGet(44)) - raft.server.log.statemachine.data.sync.timeout = 10s (default)
2021-12-22 08:23:24,815 [pool-527-thread-1] INFO  server.RaftServerConfigKeys (ConfUtils.java:logGet(44)) - raft.server.log.statemachine.data.sync.timeout.retry = -1 (default)
2021-12-22 08:23:24,816 [pool-527-thread-1] INFO  server.RaftServerConfigKeys (ConfUtils.java:logGet(44)) - raft.server.log.write.buffer.size = 1048576 (custom)
2021-12-22 08:23:24,817 [pool-527-thread-1] INFO  server.RaftServerConfigKeys (ConfUtils.java:logGet(44)) - raft.server.log.statemachine.data.caching.enabled = true (custom)
2021-12-22 08:23:24,817 [pool-527-thread-1] INFO  segmented.SegmentedRaftLogWorker (SegmentedRaftLogWorker.java:lambda$new$0(133)) - d0511d9b-43cc-47c5-9566-2dcc399246f6@group-3840C03710CA-SegmentedRaftLogWorker: flushIndex: setUnconditionally 0 -> -1
2021-12-22 08:23:24,817 [pool-527-thread-1] INFO  segmented.SegmentedRaftLogWorker (SegmentedRaftLogWorker.java:lambda$new$0(133)) - d0511d9b-43cc-47c5-9566-2dcc399246f6@group-3840C03710CA-SegmentedRaftLogWorker: safeCacheEvictIndex: setUnconditionally 0 -> -1
2021-12-22 08:23:24,822 [pool-527-thread-1] INFO  server.RaftServerConfigKeys (ConfUtils.java:logGet(44)) - raft.server.snapshot.auto.trigger.enabled = true (custom)
2021-12-22 08:23:24,822 [pool-527-thread-1] INFO  server.RaftServerConfigKeys (ConfUtils.java:logGet(44)) - raft.server.snapshot.auto.trigger.threshold = 10000 (custom)
2021-12-22 08:23:24,822 [pool-527-thread-1] INFO  server.RaftServerConfigKeys (ConfUtils.java:logGet(44)) - raft.server.snapshot.retention.file.num = 5 (custom)
2021-12-22 08:23:24,822 [pool-527-thread-1] INFO  server.RaftServerConfigKeys (ConfUtils.java:logGet(44)) - raft.server.log.purge.upto.snapshot.index = false (default)
2021-12-22 08:23:24,822 [pool-527-thread-1] INFO  server.RaftServerConfigKeys (ConfUtils.java:logGet(44)) - raft.server.retrycache.expirytime = 600000ms (custom)
2021-12-22 08:23:24,822 [pool-527-thread-1] INFO  server.RaftServerConfigKeys (ConfUtils.java:logGet(44)) - raft.server.retrycache.statistics.expirytime = 100μs (default)
2021-12-22 08:23:24,823 [pool-527-thread-1] INFO  server.RaftServer$Division (RaftServerImpl.java:start(301)) - d0511d9b-43cc-47c5-9566-2dcc399246f6@group-3840C03710CA: start as a follower, conf=-1: [d0511d9b-43cc-47c5-9566-2dcc399246f6|rpc:10.1.0.28:35723|dataStream:|priority:0, e2dff65e-c8ee-417e-a5e9-8b6a43ef7195|rpc:10.1.0.28:36499|dataStream:|priority:1, 791d2455-6582-4f2f-b9b1-50b113e76b2a|rpc:10.1.0.28:34271|dataStream:|priority:0], old=null
2021-12-22 08:23:24,823 [pool-527-thread-1] INFO  server.RaftServer$Division (RaftServerImpl.java:setRole(290)) - d0511d9b-43cc-47c5-9566-2dcc399246f6@group-3840C03710CA: changes role from      null to FOLLOWER at term 0 for startAsFollower
2021-12-22 08:23:24,823 [pool-527-thread-1] INFO  impl.RoleInfo (RoleInfo.java:updateAndGet(130)) - d0511d9b-43cc-47c5-9566-2dcc399246f6: start d0511d9b-43cc-47c5-9566-2dcc399246f6@group-3840C03710CA-FollowerState
2021-12-22 08:23:24,824 [pool-527-thread-1] INFO  util.JmxRegister (JmxRegister.java:tryRegister(44)) - Successfully registered JMX Bean with object name Ratis:service=RaftServer,group=group-3840C03710CA,id=d0511d9b-43cc-47c5-9566-2dcc399246f6
2021-12-22 08:23:24,963 [grpc-default-executor-0] INFO  server.RaftServer (RaftServerProxy.java:addNew(95)) - 791d2455-6582-4f2f-b9b1-50b113e76b2a: addNew group-3840C03710CA:[d0511d9b-43cc-47c5-9566-2dcc399246f6|rpc:10.1.0.28:35723|dataStream:|priority:0, e2dff65e-c8ee-417e-a5e9-8b6a43ef7195|rpc:10.1.0.28:36499|dataStream:|priority:1, 791d2455-6582-4f2f-b9b1-50b113e76b2a|rpc:10.1.0.28:34271|dataStream:|priority:0] returns group-3840C03710CA:java.util.concurrent.CompletableFuture@3b71a3ea[Not completed]
2021-12-22 08:23:24,973 [pool-506-thread-1] INFO  server.RaftServer$Division (RaftServerImpl.java:<init>(184)) - 791d2455-6582-4f2f-b9b1-50b113e76b2a: new RaftServerImpl for group-3840C03710CA:[d0511d9b-43cc-47c5-9566-2dcc399246f6|rpc:10.1.0.28:35723|dataStream:|priority:0, e2dff65e-c8ee-417e-a5e9-8b6a43ef7195|rpc:10.1.0.28:36499|dataStream:|priority:1, 791d2455-6582-4f2f-b9b1-50b113e76b2a|rpc:10.1.0.28:34271|dataStream:|priority:0] with ContainerStateMachine:uninitialized
2021-12-22 08:23:24,974 [pool-506-thread-1] INFO  server.RaftServerConfigKeys (ConfUtils.java:logGet(44)) - raft.server.rpc.timeout.min = 5s (custom)
2021-12-22 08:23:24,974 [pool-506-thread-1] INFO  server.RaftServerConfigKeys (ConfUtils.java:logGet(44)) - raft.server.rpc.timeout.max = 5200ms (custom)
2021-12-22 08:23:24,982 [pool-506-thread-1] INFO  server.RaftServerConfigKeys (ConfUtils.java:logGet(44)) - raft.server.rpc.sleep.time = 25ms (default)
2021-12-22 08:23:24,982 [pool-506-thread-1] INFO  server.RaftServerConfigKeys (ConfUtils.java:logGet(44)) - raft.server.rpc.slowness.timeout = 300s (custom)
2021-12-22 08:23:24,982 [pool-506-thread-1] INFO  server.RaftServerConfigKeys (ConfUtils.java:logGet(44)) - raft.server.leaderelection.leader.step-down.wait-time = 10s (default)
2021-12-22 08:23:24,982 [pool-506-thread-1] INFO  server.RaftServerConfigKeys (ConfUtils.java:logGet(44)) - raft.server.sleep.deviation.threshold = 300ms (default)
2021-12-22 08:23:24,982 [pool-506-thread-1] INFO  server.RaftServerConfigKeys (ConfUtils.java:logGet(44)) - raft.server.log.appender.install.snapshot.enabled = false (custom)
2021-12-22 08:23:24,982 [pool-506-thread-1] INFO  server.RaftServer$Division (ServerState.java:<init>(105)) - 791d2455-6582-4f2f-b9b1-50b113e76b2a@group-3840C03710CA: ConfigurationManager, init=-1: [d0511d9b-43cc-47c5-9566-2dcc399246f6|rpc:10.1.0.28:35723|dataStream:|priority:0, e2dff65e-c8ee-417e-a5e9-8b6a43ef7195|rpc:10.1.0.28:36499|dataStream:|priority:1, 791d2455-6582-4f2f-b9b1-50b113e76b2a|rpc:10.1.0.28:34271|dataStream:|priority:0], old=null, confs=<EMPTY_MAP>
2021-12-22 08:23:24,982 [pool-506-thread-1] INFO  server.RaftServerConfigKeys (ConfUtils.java:logGet(44)) - raft.server.storage.dir = [/home/runner/work/ozone/ozone/hadoop-ozone/integration-test/target/test-dir/MiniOzoneClusterImpl-54e30266-9a77-40a3-8002-44206e2dad63/datanode-1/data/ratis] (custom)
2021-12-22 08:23:24,982 [pool-506-thread-1] INFO  server.RaftServerConfigKeys (ConfUtils.java:logGet(44)) - raft.server.log.corruption.policy = EXCEPTION (default)
2021-12-22 08:23:24,982 [pool-506-thread-1] INFO  server.RaftServerConfigKeys (ConfUtils.java:logGet(44)) - raft.server.storage.free-space.min = 0MB (=0) (default)
2021-12-22 08:23:24,995 [pool-506-thread-1] INFO  storage.RaftStorageDirectory (RaftStorageDirectoryImpl.java:analyzeStorage(135)) - The storage directory /home/runner/work/ozone/ozone/hadoop-ozone/integration-test/target/test-dir/MiniOzoneClusterImpl-54e30266-9a77-40a3-8002-44206e2dad63/datanode-1/data/ratis/e4c555e0-0c2d-4080-a048-3840c03710ca does not exist. Creating ...
2021-12-22 08:23:25,007 [pool-506-thread-1] INFO  storage.RaftStorageDirectory (RaftStorageDirectoryImpl.java:tryLock(230)) - Lock on /home/runner/work/ozone/ozone/hadoop-ozone/integration-test/target/test-dir/MiniOzoneClusterImpl-54e30266-9a77-40a3-8002-44206e2dad63/datanode-1/data/ratis/e4c555e0-0c2d-4080-a048-3840c03710ca/in_use.lock acquired by nodename 16871@fv-az270-32
2021-12-22 08:23:25,009 [pool-506-thread-1] INFO  storage.RaftStorage (RaftStorageImpl.java:format(89)) - Storage directory /home/runner/work/ozone/ozone/hadoop-ozone/integration-test/target/test-dir/MiniOzoneClusterImpl-54e30266-9a77-40a3-8002-44206e2dad63/datanode-1/data/ratis/e4c555e0-0c2d-4080-a048-3840c03710ca has been successfully formatted.
2021-12-22 08:23:25,018 [pool-506-thread-1] INFO  ratis.ContainerStateMachine (ContainerStateMachine.java:loadSnapshot(231)) - group-3840C03710CA: The snapshot info is null. Setting the last applied indexto:(t:0, i:~)
2021-12-22 08:23:25,019 [pool-506-thread-1] INFO  server.RaftServerConfigKeys (ConfUtils.java:logGet(44)) - raft.server.notification.no-leader.timeout = 300s (custom)
2021-12-22 08:23:25,019 [pool-506-thread-1] INFO  server.RaftServerConfigKeys (ConfUtils.java:logGet(44)) - raft.server.log.use.memory = false (default)
2021-12-22 08:23:25,019 [pool-506-thread-1] INFO  server.RaftServerConfigKeys (ConfUtils.java:logGet(44)) - raft.server.log.purge.gap = 1000000 (custom)
2021-12-22 08:23:25,019 [pool-506-thread-1] INFO  server.RaftServerConfigKeys (ConfUtils.java:logGet(44)) - raft.server.log.appender.buffer.byte-limit = 33554432 (custom)
2021-12-22 08:23:25,019 [pool-506-thread-1] INFO  server.RaftServerConfigKeys (ConfUtils.java:logGet(44)) - raft.server.log.segment.size.max = 1048576 (custom)
2021-12-22 08:23:25,020 [pool-506-thread-1] INFO  server.RaftServerConfigKeys (ConfUtils.java:logGet(44)) - raft.server.log.segment.cache.num.max = 2 (custom)
2021-12-22 08:23:25,020 [pool-506-thread-1] INFO  server.RaftServerConfigKeys (ConfUtils.java:logGet(44)) - raft.server.log.segment.cache.size.max = 200MB (=209715200) (default)
2021-12-22 08:23:25,020 [pool-506-thread-1] INFO  segmented.SegmentedRaftLogWorker (SegmentedRaftLogWorker.java:<init>(182)) - new 791d2455-6582-4f2f-b9b1-50b113e76b2a@group-3840C03710CA-SegmentedRaftLogWorker for RaftStorageImpl:Storage Directory /home/runner/work/ozone/ozone/hadoop-ozone/integration-test/target/test-dir/MiniOzoneClusterImpl-54e30266-9a77-40a3-8002-44206e2dad63/datanode-1/data/ratis/e4c555e0-0c2d-4080-a048-3840c03710ca
2021-12-22 08:23:25,020 [pool-506-thread-1] INFO  server.RaftServerConfigKeys (ConfUtils.java:logGet(44)) - raft.server.log.queue.byte-limit = 2147483647 (custom)
2021-12-22 08:23:25,020 [pool-506-thread-1] INFO  server.RaftServerConfigKeys (ConfUtils.java:logGet(44)) - raft.server.log.queue.element-limit = 1024 (custom)
2021-12-22 08:23:25,020 [pool-506-thread-1] INFO  server.RaftServerConfigKeys (ConfUtils.java:logGet(44)) - raft.server.log.segment.size.max = 1048576 (custom)
2021-12-22 08:23:25,020 [pool-506-thread-1] INFO  server.RaftServerConfigKeys (ConfUtils.java:logGet(44)) - raft.server.log.preallocated.size = 16384 (custom)
2021-12-22 08:23:25,020 [pool-506-thread-1] INFO  server.RaftServerConfigKeys (ConfUtils.java:logGet(44)) - raft.server.log.force.sync.num = 128 (default)
2021-12-22 08:23:25,020 [pool-506-thread-1] INFO  server.RaftServerConfigKeys (ConfUtils.java:logGet(44)) - raft.server.log.statemachine.data.sync = true (default)
2021-12-22 08:23:25,020 [pool-506-thread-1] INFO  server.RaftServerConfigKeys (ConfUtils.java:logGet(44)) - raft.server.log.statemachine.data.sync.timeout = 10s (default)
2021-12-22 08:23:25,020 [pool-506-thread-1] INFO  server.RaftServerConfigKeys (ConfUtils.java:logGet(44)) - raft.server.log.statemachine.data.sync.timeout.retry = -1 (default)
2021-12-22 08:23:25,021 [pool-506-thread-1] INFO  server.RaftServerConfigKeys (ConfUtils.java:logGet(44)) - raft.server.log.write.buffer.size = 1048576 (custom)
2021-12-22 08:23:25,025 [pool-506-thread-1] INFO  server.RaftServerConfigKeys (ConfUtils.java:logGet(44)) - raft.server.log.statemachine.data.caching.enabled = true (custom)
2021-12-22 08:23:25,025 [pool-506-thread-1] INFO  segmented.SegmentedRaftLogWorker (SegmentedRaftLogWorker.java:lambda$new$0(133)) - 791d2455-6582-4f2f-b9b1-50b113e76b2a@group-3840C03710CA-SegmentedRaftLogWorker: flushIndex: setUnconditionally 0 -> -1
2021-12-22 08:23:25,025 [pool-506-thread-1] INFO  segmented.SegmentedRaftLogWorker (SegmentedRaftLogWorker.java:lambda$new$0(133)) - 791d2455-6582-4f2f-b9b1-50b113e76b2a@group-3840C03710CA-SegmentedRaftLogWorker: safeCacheEvictIndex: setUnconditionally 0 -> -1
2021-12-22 08:23:25,033 [pool-506-thread-1] INFO  server.RaftServerConfigKeys (ConfUtils.java:logGet(44)) - raft.server.snapshot.auto.trigger.enabled = true (custom)
2021-12-22 08:23:25,033 [pool-506-thread-1] INFO  server.RaftServerConfigKeys (ConfUtils.java:logGet(44)) - raft.server.snapshot.auto.trigger.threshold = 10000 (custom)
2021-12-22 08:23:25,033 [pool-506-thread-1] INFO  server.RaftServerConfigKeys (ConfUtils.java:logGet(44)) - raft.server.snapshot.retention.file.num = 5 (custom)
2021-12-22 08:23:25,033 [pool-506-thread-1] INFO  server.RaftServerConfigKeys (ConfUtils.java:logGet(44)) - raft.server.log.purge.upto.snapshot.index = false (default)
2021-12-22 08:23:25,033 [pool-506-thread-1] INFO  server.RaftServerConfigKeys (ConfUtils.java:logGet(44)) - raft.server.retrycache.expirytime = 600000ms (custom)
2021-12-22 08:23:25,034 [pool-506-thread-1] INFO  server.RaftServerConfigKeys (ConfUtils.java:logGet(44)) - raft.server.retrycache.statistics.expirytime = 100μs (default)
2021-12-22 08:23:25,035 [pool-506-thread-1] INFO  server.RaftServer$Division (RaftServerImpl.java:start(301)) - 791d2455-6582-4f2f-b9b1-50b113e76b2a@group-3840C03710CA: start as a follower, conf=-1: [d0511d9b-43cc-47c5-9566-2dcc399246f6|rpc:10.1.0.28:35723|dataStream:|priority:0, e2dff65e-c8ee-417e-a5e9-8b6a43ef7195|rpc:10.1.0.28:36499|dataStream:|priority:1, 791d2455-6582-4f2f-b9b1-50b113e76b2a|rpc:10.1.0.28:34271|dataStream:|priority:0], old=null
2021-12-22 08:23:25,035 [pool-506-thread-1] INFO  server.RaftServer$Division (RaftServerImpl.java:setRole(290)) - 791d2455-6582-4f2f-b9b1-50b113e76b2a@group-3840C03710CA: changes role from      null to FOLLOWER at term 0 for startAsFollower
2021-12-22 08:23:25,035 [pool-506-thread-1] INFO  impl.RoleInfo (RoleInfo.java:updateAndGet(130)) - 791d2455-6582-4f2f-b9b1-50b113e76b2a: start 791d2455-6582-4f2f-b9b1-50b113e76b2a@group-3840C03710CA-FollowerState
2021-12-22 08:23:25,042 [pool-506-thread-1] INFO  util.JmxRegister (JmxRegister.java:tryRegister(44)) - Successfully registered JMX Bean with object name Ratis:service=RaftServer,group=group-3840C03710CA,id=791d2455-6582-4f2f-b9b1-50b113e76b2a
2021-12-22 08:23:25,066 [Command processor thread] INFO  commandhandler.CreatePipelineCommandHandler (CreatePipelineCommandHandler.java:handle(106)) - Created Pipeline RATIS THREE PipelineID=e4c555e0-0c2d-4080-a048-3840c03710ca.
2021-12-22 08:23:25,066 [Command processor thread] INFO  server.RaftServer (RaftServerProxy.java:addNew(95)) - e2dff65e-c8ee-417e-a5e9-8b6a43ef7195: addNew group-7244C449BD80:[d0511d9b-43cc-47c5-9566-2dcc399246f6|rpc:10.1.0.28:35723|priority:0, e2dff65e-c8ee-417e-a5e9-8b6a43ef7195|rpc:10.1.0.28:36499|priority:0, 791d2455-6582-4f2f-b9b1-50b113e76b2a|rpc:10.1.0.28:34271|priority:1] returns group-7244C449BD80:java.util.concurrent.CompletableFuture@4fa8eca8[Not completed]
2021-12-22 08:23:25,067 [pool-485-thread-1] INFO  server.RaftServer$Division (RaftServerImpl.java:<init>(184)) - e2dff65e-c8ee-417e-a5e9-8b6a43ef7195: new RaftServerImpl for group-7244C449BD80:[d0511d9b-43cc-47c5-9566-2dcc399246f6|rpc:10.1.0.28:35723|priority:0, e2dff65e-c8ee-417e-a5e9-8b6a43ef7195|rpc:10.1.0.28:36499|priority:0, 791d2455-6582-4f2f-b9b1-50b113e76b2a|rpc:10.1.0.28:34271|priority:1] with ContainerStateMachine:uninitialized
2021-12-22 08:23:25,067 [pool-485-thread-1] INFO  server.RaftServerConfigKeys (ConfUtils.java:logGet(44)) - raft.server.rpc.timeout.min = 5s (custom)
2021-12-22 08:23:25,067 [pool-485-thread-1] INFO  server.RaftServerConfigKeys (ConfUtils.java:logGet(44)) - raft.server.rpc.timeout.max = 5200ms (custom)
2021-12-22 08:23:25,067 [pool-485-thread-1] INFO  server.RaftServerConfigKeys (ConfUtils.java:logGet(44)) - raft.server.rpc.sleep.time = 25ms (default)
2021-12-22 08:23:25,067 [pool-485-thread-1] INFO  server.RaftServerConfigKeys (ConfUtils.java:logGet(44)) - raft.server.rpc.slowness.timeout = 300s (custom)
2021-12-22 08:23:25,067 [pool-485-thread-1] INFO  server.RaftServerConfigKeys (ConfUtils.java:logGet(44)) - raft.server.leaderelection.leader.step-down.wait-time = 10s (default)
2021-12-22 08:23:25,067 [pool-485-thread-1] INFO  server.RaftServerConfigKeys (ConfUtils.java:logGet(44)) - raft.server.sleep.deviation.threshold = 300ms (default)
2021-12-22 08:23:25,067 [pool-485-thread-1] INFO  server.RaftServerConfigKeys (ConfUtils.java:logGet(44)) - raft.server.log.appender.install.snapshot.enabled = false (custom)
2021-12-22 08:23:25,067 [pool-485-thread-1] INFO  server.RaftServer$Division (ServerState.java:<init>(105)) - e2dff65e-c8ee-417e-a5e9-8b6a43ef7195@group-7244C449BD80: ConfigurationManager, init=-1: [d0511d9b-43cc-47c5-9566-2dcc399246f6|rpc:10.1.0.28:35723|priority:0, e2dff65e-c8ee-417e-a5e9-8b6a43ef7195|rpc:10.1.0.28:36499|priority:0, 791d2455-6582-4f2f-b9b1-50b113e76b2a|rpc:10.1.0.28:34271|priority:1], old=null, confs=<EMPTY_MAP>
2021-12-22 08:23:25,067 [pool-485-thread-1] INFO  server.RaftServerConfigKeys (ConfUtils.java:logGet(44)) - raft.server.storage.dir = [/home/runner/work/ozone/ozone/hadoop-ozone/integration-test/target/test-dir/MiniOzoneClusterImpl-54e30266-9a77-40a3-8002-44206e2dad63/datanode-0/data/ratis] (custom)
2021-12-22 08:23:25,068 [pool-485-thread-1] INFO  server.RaftServerConfigKeys (ConfUtils.java:logGet(44)) - raft.server.log.corruption.policy = EXCEPTION (default)
2021-12-22 08:23:25,068 [pool-485-thread-1] INFO  server.RaftServerConfigKeys (ConfUtils.java:logGet(44)) - raft.server.storage.free-space.min = 0MB (=0) (default)
2021-12-22 08:23:25,068 [pool-485-thread-1] INFO  storage.RaftStorageDirectory (RaftStorageDirectoryImpl.java:analyzeStorage(135)) - The storage directory /home/runner/work/ozone/ozone/hadoop-ozone/integration-test/target/test-dir/MiniOzoneClusterImpl-54e30266-9a77-40a3-8002-44206e2dad63/datanode-0/data/ratis/da2c4216-b0f0-4b28-bf13-7244c449bd80 does not exist. Creating ...
2021-12-22 08:23:25,069 [pool-485-thread-1] INFO  storage.RaftStorageDirectory (RaftStorageDirectoryImpl.java:tryLock(230)) - Lock on /home/runner/work/ozone/ozone/hadoop-ozone/integration-test/target/test-dir/MiniOzoneClusterImpl-54e30266-9a77-40a3-8002-44206e2dad63/datanode-0/data/ratis/da2c4216-b0f0-4b28-bf13-7244c449bd80/in_use.lock acquired by nodename 16871@fv-az270-32
2021-12-22 08:23:25,070 [pool-485-thread-1] INFO  storage.RaftStorage (RaftStorageImpl.java:format(89)) - Storage directory /home/runner/work/ozone/ozone/hadoop-ozone/integration-test/target/test-dir/MiniOzoneClusterImpl-54e30266-9a77-40a3-8002-44206e2dad63/datanode-0/data/ratis/da2c4216-b0f0-4b28-bf13-7244c449bd80 has been successfully formatted.
2021-12-22 08:23:25,070 [pool-485-thread-1] INFO  ratis.ContainerStateMachine (ContainerStateMachine.java:loadSnapshot(231)) - group-7244C449BD80: The snapshot info is null. Setting the last applied indexto:(t:0, i:~)
2021-12-22 08:23:25,071 [pool-485-thread-1] INFO  server.RaftServerConfigKeys (ConfUtils.java:logGet(44)) - raft.server.notification.no-leader.timeout = 300s (custom)
2021-12-22 08:23:25,071 [pool-485-thread-1] INFO  server.RaftServerConfigKeys (ConfUtils.java:logGet(44)) - raft.server.log.use.memory = false (default)
2021-12-22 08:23:25,071 [pool-485-thread-1] INFO  server.RaftServerConfigKeys (ConfUtils.java:logGet(44)) - raft.server.log.purge.gap = 1000000 (custom)
2021-12-22 08:23:25,071 [pool-485-thread-1] INFO  server.RaftServerConfigKeys (ConfUtils.java:logGet(44)) - raft.server.log.appender.buffer.byte-limit = 33554432 (custom)
2021-12-22 08:23:25,071 [pool-485-thread-1] INFO  server.RaftServerConfigKeys (ConfUtils.java:logGet(44)) - raft.server.log.segment.size.max = 1048576 (custom)
2021-12-22 08:23:25,071 [pool-485-thread-1] INFO  server.RaftServerConfigKeys (ConfUtils.java:logGet(44)) - raft.server.log.segment.cache.num.max = 2 (custom)
2021-12-22 08:23:25,072 [pool-485-thread-1] INFO  server.RaftServerConfigKeys (ConfUtils.java:logGet(44)) - raft.server.log.segment.cache.size.max = 200MB (=209715200) (default)
2021-12-22 08:23:25,072 [pool-485-thread-1] INFO  segmented.SegmentedRaftLogWorker (SegmentedRaftLogWorker.java:<init>(182)) - new e2dff65e-c8ee-417e-a5e9-8b6a43ef7195@group-7244C449BD80-SegmentedRaftLogWorker for RaftStorageImpl:Storage Directory /home/runner/work/ozone/ozone/hadoop-ozone/integration-test/target/test-dir/MiniOzoneClusterImpl-54e30266-9a77-40a3-8002-44206e2dad63/datanode-0/data/ratis/da2c4216-b0f0-4b28-bf13-7244c449bd80
2021-12-22 08:23:25,072 [pool-485-thread-1] INFO  server.RaftServerConfigKeys (ConfUtils.java:logGet(44)) - raft.server.log.queue.byte-limit = 2147483647 (custom)
2021-12-22 08:23:25,073 [pool-485-thread-1] INFO  server.RaftServerConfigKeys (ConfUtils.java:logGet(44)) - raft.server.log.queue.element-limit = 1024 (custom)
2021-12-22 08:23:25,073 [pool-485-thread-1] INFO  server.RaftServerConfigKeys (ConfUtils.java:logGet(44)) - raft.server.log.segment.size.max = 1048576 (custom)
2021-12-22 08:23:25,073 [pool-485-thread-1] INFO  server.RaftServerConfigKeys (ConfUtils.java:logGet(44)) - raft.server.log.preallocated.size = 16384 (custom)
2021-12-22 08:23:25,073 [pool-485-thread-1] INFO  server.RaftServerConfigKeys (ConfUtils.java:logGet(44)) - raft.server.log.force.sync.num = 128 (default)
2021-12-22 08:23:25,073 [pool-485-thread-1] INFO  server.RaftServerConfigKeys (ConfUtils.java:logGet(44)) - raft.server.log.statemachine.data.sync = true (default)
2021-12-22 08:23:25,094 [pool-485-thread-1] INFO  server.RaftServerConfigKeys (ConfUtils.java:logGet(44)) - raft.server.log.statemachine.data.sync.timeout = 10s (default)
2021-12-22 08:23:25,094 [pool-485-thread-1] INFO  server.RaftServerConfigKeys (ConfUtils.java:logGet(44)) - raft.server.log.statemachine.data.sync.timeout.retry = -1 (default)
2021-12-22 08:23:25,095 [pool-485-thread-1] INFO  server.RaftServerConfigKeys (ConfUtils.java:logGet(44)) - raft.server.log.write.buffer.size = 1048576 (custom)
2021-12-22 08:23:25,095 [pool-485-thread-1] INFO  server.RaftServerConfigKeys (ConfUtils.java:logGet(44)) - raft.server.log.statemachine.data.caching.enabled = true (custom)
2021-12-22 08:23:25,095 [pool-485-thread-1] INFO  segmented.SegmentedRaftLogWorker (SegmentedRaftLogWorker.java:lambda$new$0(133)) - e2dff65e-c8ee-417e-a5e9-8b6a43ef7195@group-7244C449BD80-SegmentedRaftLogWorker: flushIndex: setUnconditionally 0 -> -1
2021-12-22 08:23:25,095 [pool-485-thread-1] INFO  segmented.SegmentedRaftLogWorker (SegmentedRaftLogWorker.java:lambda$new$0(133)) - e2dff65e-c8ee-417e-a5e9-8b6a43ef7195@group-7244C449BD80-SegmentedRaftLogWorker: safeCacheEvictIndex: setUnconditionally 0 -> -1
2021-12-22 08:23:25,074 [EventQueue-OpenPipelineForHealthyPipelineSafeModeRule] INFO  safemode.SCMSafeModeManager (HealthyPipelineSafeModeRule.java:process(124)) - SCM in safe mode. Healthy pipelines reported count is 0, required healthy pipeline reported count is 1
2021-12-22 08:23:25,110 [pool-485-thread-1] INFO  server.RaftServerConfigKeys (ConfUtils.java:logGet(44)) - raft.server.snapshot.auto.trigger.enabled = true (custom)
2021-12-22 08:23:25,110 [pool-485-thread-1] INFO  server.RaftServerConfigKeys (ConfUtils.java:logGet(44)) - raft.server.snapshot.auto.trigger.threshold = 10000 (custom)
2021-12-22 08:23:25,110 [pool-485-thread-1] INFO  server.RaftServerConfigKeys (ConfUtils.java:logGet(44)) - raft.server.snapshot.retention.file.num = 5 (custom)
2021-12-22 08:23:25,110 [pool-485-thread-1] INFO  server.RaftServerConfigKeys (ConfUtils.java:logGet(44)) - raft.server.log.purge.upto.snapshot.index = false (default)
2021-12-22 08:23:25,110 [pool-485-thread-1] INFO  server.RaftServerConfigKeys (ConfUtils.java:logGet(44)) - raft.server.retrycache.expirytime = 600000ms (custom)
2021-12-22 08:23:25,110 [pool-485-thread-1] INFO  server.RaftServerConfigKeys (ConfUtils.java:logGet(44)) - raft.server.retrycache.statistics.expirytime = 100μs (default)
2021-12-22 08:23:25,111 [pool-485-thread-1] INFO  server.RaftServer$Division (RaftServerImpl.java:start(301)) - e2dff65e-c8ee-417e-a5e9-8b6a43ef7195@group-7244C449BD80: start as a follower, conf=-1: [d0511d9b-43cc-47c5-9566-2dcc399246f6|rpc:10.1.0.28:35723|priority:0, e2dff65e-c8ee-417e-a5e9-8b6a43ef7195|rpc:10.1.0.28:36499|priority:0, 791d2455-6582-4f2f-b9b1-50b113e76b2a|rpc:10.1.0.28:34271|priority:1], old=null
2021-12-22 08:23:25,111 [pool-485-thread-1] INFO  server.RaftServer$Division (RaftServerImpl.java:setRole(290)) - e2dff65e-c8ee-417e-a5e9-8b6a43ef7195@group-7244C449BD80: changes role from      null to FOLLOWER at term 0 for startAsFollower
2021-12-22 08:23:25,111 [pool-485-thread-1] INFO  impl.RoleInfo (RoleInfo.java:updateAndGet(130)) - e2dff65e-c8ee-417e-a5e9-8b6a43ef7195: start e2dff65e-c8ee-417e-a5e9-8b6a43ef7195@group-7244C449BD80-FollowerState
2021-12-22 08:23:25,116 [pool-485-thread-1] INFO  util.JmxRegister (JmxRegister.java:tryRegister(44)) - Successfully registered JMX Bean with object name Ratis:service=RaftServer,group=group-7244C449BD80,id=e2dff65e-c8ee-417e-a5e9-8b6a43ef7195
2021-12-22 08:23:25,122 [Command processor thread] INFO  ratis.XceiverServerRatis (XceiverServerRatis.java:addGroup(768)) - Created group PipelineID=da2c4216-b0f0-4b28-bf13-7244c449bd80
2021-12-22 08:23:25,203 [Command processor thread] INFO  server.RaftServer (RaftServerProxy.java:addNew(95)) - 791d2455-6582-4f2f-b9b1-50b113e76b2a: addNew group-B43C17A5354B:[791d2455-6582-4f2f-b9b1-50b113e76b2a|rpc:10.1.0.28:34271|priority:1] returns group-B43C17A5354B:java.util.concurrent.CompletableFuture@2496f0cc[Not completed]
2021-12-22 08:23:25,211 [pool-506-thread-1] INFO  server.RaftServer$Division (RaftServerImpl.java:<init>(184)) - 791d2455-6582-4f2f-b9b1-50b113e76b2a: new RaftServerImpl for group-B43C17A5354B:[791d2455-6582-4f2f-b9b1-50b113e76b2a|rpc:10.1.0.28:34271|priority:1] with ContainerStateMachine:uninitialized
2021-12-22 08:23:25,218 [pool-506-thread-1] INFO  server.RaftServerConfigKeys (ConfUtils.java:logGet(44)) - raft.server.rpc.timeout.min = 5s (custom)
2021-12-22 08:23:25,218 [pool-506-thread-1] INFO  server.RaftServerConfigKeys (ConfUtils.java:logGet(44)) - raft.server.rpc.timeout.max = 5200ms (custom)
2021-12-22 08:23:25,219 [pool-506-thread-1] INFO  server.RaftServerConfigKeys (ConfUtils.java:logGet(44)) - raft.server.rpc.sleep.time = 25ms (default)
2021-12-22 08:23:25,219 [pool-506-thread-1] INFO  server.RaftServerConfigKeys (ConfUtils.java:logGet(44)) - raft.server.rpc.slowness.timeout = 300s (custom)
2021-12-22 08:23:25,219 [pool-506-thread-1] INFO  server.RaftServerConfigKeys (ConfUtils.java:logGet(44)) - raft.server.leaderelection.leader.step-down.wait-time = 10s (default)
2021-12-22 08:23:25,219 [pool-506-thread-1] INFO  server.RaftServerConfigKeys (ConfUtils.java:logGet(44)) - raft.server.sleep.deviation.threshold = 300ms (default)
2021-12-22 08:23:25,219 [pool-506-thread-1] INFO  server.RaftServerConfigKeys (ConfUtils.java:logGet(44)) - raft.server.log.appender.install.snapshot.enabled = false (custom)
2021-12-22 08:23:25,219 [pool-506-thread-1] INFO  server.RaftServer$Division (ServerState.java:<init>(105)) - 791d2455-6582-4f2f-b9b1-50b113e76b2a@group-B43C17A5354B: ConfigurationManager, init=-1: [791d2455-6582-4f2f-b9b1-50b113e76b2a|rpc:10.1.0.28:34271|priority:1], old=null, confs=<EMPTY_MAP>
2021-12-22 08:23:25,219 [pool-506-thread-1] INFO  server.RaftServerConfigKeys (ConfUtils.java:logGet(44)) - raft.server.storage.dir = [/home/runner/work/ozone/ozone/hadoop-ozone/integration-test/target/test-dir/MiniOzoneClusterImpl-54e30266-9a77-40a3-8002-44206e2dad63/datanode-1/data/ratis] (custom)
2021-12-22 08:23:25,219 [pool-506-thread-1] INFO  server.RaftServerConfigKeys (ConfUtils.java:logGet(44)) - raft.server.log.corruption.policy = EXCEPTION (default)
2021-12-22 08:23:25,219 [pool-506-thread-1] INFO  server.RaftServerConfigKeys (ConfUtils.java:logGet(44)) - raft.server.storage.free-space.min = 0MB (=0) (default)
2021-12-22 08:23:25,219 [pool-506-thread-1] INFO  storage.RaftStorageDirectory (RaftStorageDirectoryImpl.java:analyzeStorage(135)) - The storage directory /home/runner/work/ozone/ozone/hadoop-ozone/integration-test/target/test-dir/MiniOzoneClusterImpl-54e30266-9a77-40a3-8002-44206e2dad63/datanode-1/data/ratis/63c5ade1-04a8-4210-a324-b43c17a5354b does not exist. Creating ...
2021-12-22 08:23:25,220 [grpc-default-executor-0] INFO  server.RaftServer (RaftServerProxy.java:addNew(95)) - 791d2455-6582-4f2f-b9b1-50b113e76b2a: addNew group-7244C449BD80:[d0511d9b-43cc-47c5-9566-2dcc399246f6|rpc:10.1.0.28:35723|dataStream:|priority:0, e2dff65e-c8ee-417e-a5e9-8b6a43ef7195|rpc:10.1.0.28:36499|dataStream:|priority:0, 791d2455-6582-4f2f-b9b1-50b113e76b2a|rpc:10.1.0.28:34271|dataStream:|priority:1] returns group-7244C449BD80:java.util.concurrent.CompletableFuture@14184afa[Not completed]
2021-12-22 08:23:25,226 [pool-506-thread-1] INFO  storage.RaftStorageDirectory (RaftStorageDirectoryImpl.java:tryLock(230)) - Lock on /home/runner/work/ozone/ozone/hadoop-ozone/integration-test/target/test-dir/MiniOzoneClusterImpl-54e30266-9a77-40a3-8002-44206e2dad63/datanode-1/data/ratis/63c5ade1-04a8-4210-a324-b43c17a5354b/in_use.lock acquired by nodename 16871@fv-az270-32
2021-12-22 08:23:25,232 [pool-506-thread-1] INFO  storage.RaftStorage (RaftStorageImpl.java:format(89)) - Storage directory /home/runner/work/ozone/ozone/hadoop-ozone/integration-test/target/test-dir/MiniOzoneClusterImpl-54e30266-9a77-40a3-8002-44206e2dad63/datanode-1/data/ratis/63c5ade1-04a8-4210-a324-b43c17a5354b has been successfully formatted.
2021-12-22 08:23:25,232 [pool-506-thread-1] INFO  ratis.ContainerStateMachine (ContainerStateMachine.java:loadSnapshot(231)) - group-B43C17A5354B: The snapshot info is null. Setting the last applied indexto:(t:0, i:~)
2021-12-22 08:23:25,242 [pool-506-thread-1] INFO  server.RaftServerConfigKeys (ConfUtils.java:logGet(44)) - raft.server.notification.no-leader.timeout = 300s (custom)
2021-12-22 08:23:25,242 [pool-506-thread-1] INFO  server.RaftServerConfigKeys (ConfUtils.java:logGet(44)) - raft.server.log.use.memory = false (default)
2021-12-22 08:23:25,242 [pool-506-thread-1] INFO  server.RaftServerConfigKeys (ConfUtils.java:logGet(44)) - raft.server.log.purge.gap = 1000000 (custom)
2021-12-22 08:23:25,242 [pool-506-thread-1] INFO  server.RaftServerConfigKeys (ConfUtils.java:logGet(44)) - raft.server.log.appender.buffer.byte-limit = 33554432 (custom)
2021-12-22 08:23:25,243 [pool-506-thread-1] INFO  server.RaftServerConfigKeys (ConfUtils.java:logGet(44)) - raft.server.log.segment.size.max = 1048576 (custom)
2021-12-22 08:23:25,243 [pool-506-thread-1] INFO  server.RaftServerConfigKeys (ConfUtils.java:logGet(44)) - raft.server.log.segment.cache.num.max = 2 (custom)
2021-12-22 08:23:25,243 [pool-506-thread-1] INFO  server.RaftServerConfigKeys (ConfUtils.java:logGet(44)) - raft.server.log.segment.cache.size.max = 200MB (=209715200) (default)
2021-12-22 08:23:25,243 [pool-506-thread-1] INFO  segmented.SegmentedRaftLogWorker (SegmentedRaftLogWorker.java:<init>(182)) - new 791d2455-6582-4f2f-b9b1-50b113e76b2a@group-B43C17A5354B-SegmentedRaftLogWorker for RaftStorageImpl:Storage Directory /home/runner/work/ozone/ozone/hadoop-ozone/integration-test/target/test-dir/MiniOzoneClusterImpl-54e30266-9a77-40a3-8002-44206e2dad63/datanode-1/data/ratis/63c5ade1-04a8-4210-a324-b43c17a5354b
2021-12-22 08:23:25,243 [pool-506-thread-1] INFO  server.RaftServerConfigKeys (ConfUtils.java:logGet(44)) - raft.server.log.queue.byte-limit = 2147483647 (custom)
2021-12-22 08:23:25,243 [pool-506-thread-1] INFO  server.RaftServerConfigKeys (ConfUtils.java:logGet(44)) - raft.server.log.queue.element-limit = 1024 (custom)
2021-12-22 08:23:25,243 [pool-506-thread-1] INFO  server.RaftServerConfigKeys (ConfUtils.java:logGet(44)) - raft.server.log.segment.size.max = 1048576 (custom)
2021-12-22 08:23:25,243 [pool-506-thread-1] INFO  server.RaftServerConfigKeys (ConfUtils.java:logGet(44)) - raft.server.log.preallocated.size = 16384 (custom)
2021-12-22 08:23:25,243 [pool-506-thread-1] INFO  server.RaftServerConfigKeys (ConfUtils.java:logGet(44)) - raft.server.log.force.sync.num = 128 (default)
2021-12-22 08:23:25,243 [pool-506-thread-1] INFO  server.RaftServerConfigKeys (ConfUtils.java:logGet(44)) - raft.server.log.statemachine.data.sync = true (default)
2021-12-22 08:23:25,243 [pool-506-thread-1] INFO  server.RaftServerConfigKeys (ConfUtils.java:logGet(44)) - raft.server.log.statemachine.data.sync.timeout = 10s (default)
2021-12-22 08:23:25,243 [pool-506-thread-1] INFO  server.RaftServerConfigKeys (ConfUtils.java:logGet(44)) - raft.server.log.statemachine.data.sync.timeout.retry = -1 (default)
2021-12-22 08:23:25,247 [pool-506-thread-1] INFO  server.RaftServerConfigKeys (ConfUtils.java:logGet(44)) - raft.server.log.write.buffer.size = 1048576 (custom)
2021-12-22 08:23:25,250 [EventQueue-PipelineReportForPipelineReportHandler] INFO  pipeline.PipelineManagerImpl (PipelineManagerImpl.java:openPipeline(291)) - Pipeline Pipeline[ Id: 63c5ade1-04a8-4210-a324-b43c17a5354b, Nodes: 791d2455-6582-4f2f-b9b1-50b113e76b2a{ip: 10.1.0.28, host: fv-az270-32.tacnzluakwdehk1hpragurqkma.bx.internal.cloudapp.net, ports: [REPLICATION=43973, RATIS=34271, RATIS_ADMIN=34271, RATIS_SERVER=34271, STANDALONE=37551], networkLocation: /default-rack, certSerialId: null, persistedOpState: IN_SERVICE, persistedOpStateExpiryEpochSec: 0}, ReplicationConfig: RATIS/ONE, State:ALLOCATED, leaderId:791d2455-6582-4f2f-b9b1-50b113e76b2a, CreationTimestamp2021-12-22T08:23:22.198Z[Etc/UTC]] moved to OPEN state
2021-12-22 08:23:25,250 [pool-506-thread-1] INFO  server.RaftServerConfigKeys (ConfUtils.java:logGet(44)) - raft.server.log.statemachine.data.caching.enabled = true (custom)
2021-12-22 08:23:25,250 [EventQueue-OpenPipelineForHealthyPipelineSafeModeRule] INFO  safemode.SCMSafeModeManager (HealthyPipelineSafeModeRule.java:process(124)) - SCM in safe mode. Healthy pipelines reported count is 0, required healthy pipeline reported count is 1
2021-12-22 08:23:25,277 [pool-506-thread-1] INFO  segmented.SegmentedRaftLogWorker (SegmentedRaftLogWorker.java:lambda$new$0(133)) - 791d2455-6582-4f2f-b9b1-50b113e76b2a@group-B43C17A5354B-SegmentedRaftLogWorker: flushIndex: setUnconditionally 0 -> -1
2021-12-22 08:23:25,277 [pool-506-thread-1] INFO  segmented.SegmentedRaftLogWorker (SegmentedRaftLogWorker.java:lambda$new$0(133)) - 791d2455-6582-4f2f-b9b1-50b113e76b2a@group-B43C17A5354B-SegmentedRaftLogWorker: safeCacheEvictIndex: setUnconditionally 0 -> -1
2021-12-22 08:23:25,282 [pool-506-thread-1] INFO  server.RaftServerConfigKeys (ConfUtils.java:logGet(44)) - raft.server.snapshot.auto.trigger.enabled = true (custom)
2021-12-22 08:23:25,282 [pool-506-thread-1] INFO  server.RaftServerConfigKeys (ConfUtils.java:logGet(44)) - raft.server.snapshot.auto.trigger.threshold = 10000 (custom)
2021-12-22 08:23:25,282 [pool-506-thread-1] INFO  server.RaftServerConfigKeys (ConfUtils.java:logGet(44)) - raft.server.snapshot.retention.file.num = 5 (custom)
2021-12-22 08:23:25,282 [pool-506-thread-1] INFO  server.RaftServerConfigKeys (ConfUtils.java:logGet(44)) - raft.server.log.purge.upto.snapshot.index = false (default)
2021-12-22 08:23:25,282 [pool-506-thread-1] INFO  server.RaftServerConfigKeys (ConfUtils.java:logGet(44)) - raft.server.retrycache.expirytime = 600000ms (custom)
2021-12-22 08:23:25,282 [pool-506-thread-1] INFO  server.RaftServerConfigKeys (ConfUtils.java:logGet(44)) - raft.server.retrycache.statistics.expirytime = 100μs (default)
2021-12-22 08:23:25,284 [pool-506-thread-1] INFO  server.RaftServer$Division (RaftServerImpl.java:<init>(184)) - 791d2455-6582-4f2f-b9b1-50b113e76b2a: new RaftServerImpl for group-7244C449BD80:[d0511d9b-43cc-47c5-9566-2dcc399246f6|rpc:10.1.0.28:35723|dataStream:|priority:0, e2dff65e-c8ee-417e-a5e9-8b6a43ef7195|rpc:10.1.0.28:36499|dataStream:|priority:0, 791d2455-6582-4f2f-b9b1-50b113e76b2a|rpc:10.1.0.28:34271|dataStream:|priority:1] with ContainerStateMachine:uninitialized
2021-12-22 08:23:25,284 [pool-506-thread-1] INFO  server.RaftServerConfigKeys (ConfUtils.java:logGet(44)) - raft.server.rpc.timeout.min = 5s (custom)
2021-12-22 08:23:25,284 [pool-506-thread-1] INFO  server.RaftServerConfigKeys (ConfUtils.java:logGet(44)) - raft.server.rpc.timeout.max = 5200ms (custom)
2021-12-22 08:23:25,285 [pool-506-thread-1] INFO  server.RaftServerConfigKeys (ConfUtils.java:logGet(44)) - raft.server.rpc.sleep.time = 25ms (default)
2021-12-22 08:23:25,285 [pool-506-thread-1] INFO  server.RaftServerConfigKeys (ConfUtils.java:logGet(44)) - raft.server.rpc.slowness.timeout = 300s (custom)
2021-12-22 08:23:25,285 [pool-506-thread-1] INFO  server.RaftServerConfigKeys (ConfUtils.java:logGet(44)) - raft.server.leaderelection.leader.step-down.wait-time = 10s (default)
2021-12-22 08:23:25,285 [pool-506-thread-1] INFO  server.RaftServerConfigKeys (ConfUtils.java:logGet(44)) - raft.server.sleep.deviation.threshold = 300ms (default)
2021-12-22 08:23:25,285 [pool-506-thread-1] INFO  server.RaftServerConfigKeys (ConfUtils.java:logGet(44)) - raft.server.log.appender.install.snapshot.enabled = false (custom)
2021-12-22 08:23:25,285 [pool-506-thread-1] INFO  server.RaftServer$Division (ServerState.java:<init>(105)) - 791d2455-6582-4f2f-b9b1-50b113e76b2a@group-7244C449BD80: ConfigurationManager, init=-1: [d0511d9b-43cc-47c5-9566-2dcc399246f6|rpc:10.1.0.28:35723|dataStream:|priority:0, e2dff65e-c8ee-417e-a5e9-8b6a43ef7195|rpc:10.1.0.28:36499|dataStream:|priority:0, 791d2455-6582-4f2f-b9b1-50b113e76b2a|rpc:10.1.0.28:34271|dataStream:|priority:1], old=null, confs=<EMPTY_MAP>
2021-12-22 08:23:25,285 [pool-506-thread-1] INFO  server.RaftServerConfigKeys (ConfUtils.java:logGet(44)) - raft.server.storage.dir = [/home/runner/work/ozone/ozone/hadoop-ozone/integration-test/target/test-dir/MiniOzoneClusterImpl-54e30266-9a77-40a3-8002-44206e2dad63/datanode-1/data/ratis] (custom)
2021-12-22 08:23:25,285 [pool-506-thread-1] INFO  server.RaftServerConfigKeys (ConfUtils.java:logGet(44)) - raft.server.log.corruption.policy = EXCEPTION (default)
2021-12-22 08:23:25,285 [pool-506-thread-1] INFO  server.RaftServerConfigKeys (ConfUtils.java:logGet(44)) - raft.server.storage.free-space.min = 0MB (=0) (default)
2021-12-22 08:23:25,285 [pool-506-thread-1] INFO  storage.RaftStorageDirectory (RaftStorageDirectoryImpl.java:analyzeStorage(135)) - The storage directory /home/runner/work/ozone/ozone/hadoop-ozone/integration-test/target/test-dir/MiniOzoneClusterImpl-54e30266-9a77-40a3-8002-44206e2dad63/datanode-1/data/ratis/da2c4216-b0f0-4b28-bf13-7244c449bd80 does not exist. Creating ...
2021-12-22 08:23:25,292 [pool-506-thread-1] INFO  storage.RaftStorageDirectory (RaftStorageDirectoryImpl.java:tryLock(230)) - Lock on /home/runner/work/ozone/ozone/hadoop-ozone/integration-test/target/test-dir/MiniOzoneClusterImpl-54e30266-9a77-40a3-8002-44206e2dad63/datanode-1/data/ratis/da2c4216-b0f0-4b28-bf13-7244c449bd80/in_use.lock acquired by nodename 16871@fv-az270-32
2021-12-22 08:23:25,295 [pool-506-thread-1] INFO  storage.RaftStorage (RaftStorageImpl.java:format(89)) - Storage directory /home/runner/work/ozone/ozone/hadoop-ozone/integration-test/target/test-dir/MiniOzoneClusterImpl-54e30266-9a77-40a3-8002-44206e2dad63/datanode-1/data/ratis/da2c4216-b0f0-4b28-bf13-7244c449bd80 has been successfully formatted.
2021-12-22 08:23:25,295 [pool-506-thread-1] INFO  ratis.ContainerStateMachine (ContainerStateMachine.java:loadSnapshot(231)) - group-7244C449BD80: The snapshot info is null. Setting the last applied indexto:(t:0, i:~)
2021-12-22 08:23:25,295 [pool-506-thread-1] INFO  server.RaftServerConfigKeys (ConfUtils.java:logGet(44)) - raft.server.notification.no-leader.timeout = 300s (custom)
2021-12-22 08:23:25,295 [pool-506-thread-1] INFO  server.RaftServerConfigKeys (ConfUtils.java:logGet(44)) - raft.server.log.use.memory = false (default)
2021-12-22 08:23:25,295 [pool-506-thread-1] INFO  server.RaftServerConfigKeys (ConfUtils.java:logGet(44)) - raft.server.log.purge.gap = 1000000 (custom)
2021-12-22 08:23:25,295 [pool-506-thread-1] INFO  server.RaftServerConfigKeys (ConfUtils.java:logGet(44)) - raft.server.log.appender.buffer.byte-limit = 33554432 (custom)
2021-12-22 08:23:25,296 [pool-506-thread-1] INFO  server.RaftServerConfigKeys (ConfUtils.java:logGet(44)) - raft.server.log.segment.size.max = 1048576 (custom)
2021-12-22 08:23:25,296 [pool-506-thread-1] INFO  server.RaftServerConfigKeys (ConfUtils.java:logGet(44)) - raft.server.log.segment.cache.num.max = 2 (custom)
2021-12-22 08:23:25,296 [pool-506-thread-1] INFO  server.RaftServerConfigKeys (ConfUtils.java:logGet(44)) - raft.server.log.segment.cache.size.max = 200MB (=209715200) (default)
2021-12-22 08:23:25,296 [pool-506-thread-1] INFO  segmented.SegmentedRaftLogWorker (SegmentedRaftLogWorker.java:<init>(182)) - new 791d2455-6582-4f2f-b9b1-50b113e76b2a@group-7244C449BD80-SegmentedRaftLogWorker for RaftStorageImpl:Storage Directory /home/runner/work/ozone/ozone/hadoop-ozone/integration-test/target/test-dir/MiniOzoneClusterImpl-54e30266-9a77-40a3-8002-44206e2dad63/datanode-1/data/ratis/da2c4216-b0f0-4b28-bf13-7244c449bd80
2021-12-22 08:23:25,296 [pool-506-thread-1] INFO  server.RaftServerConfigKeys (ConfUtils.java:logGet(44)) - raft.server.log.queue.byte-limit = 2147483647 (custom)
2021-12-22 08:23:25,296 [pool-506-thread-1] INFO  server.RaftServerConfigKeys (ConfUtils.java:logGet(44)) - raft.server.log.queue.element-limit = 1024 (custom)
2021-12-22 08:23:25,296 [pool-506-thread-1] INFO  server.RaftServerConfigKeys (ConfUtils.java:logGet(44)) - raft.server.log.segment.size.max = 1048576 (custom)
2021-12-22 08:23:25,296 [pool-506-thread-1] INFO  server.RaftServerConfigKeys (ConfUtils.java:logGet(44)) - raft.server.log.preallocated.size = 16384 (custom)
2021-12-22 08:23:25,297 [pool-506-thread-1] INFO  server.RaftServerConfigKeys (ConfUtils.java:logGet(44)) - raft.server.log.force.sync.num = 128 (default)
2021-12-22 08:23:25,297 [pool-506-thread-1] INFO  server.RaftServerConfigKeys (ConfUtils.java:logGet(44)) - raft.server.log.statemachine.data.sync = true (default)
2021-12-22 08:23:25,297 [pool-506-thread-1] INFO  server.RaftServerConfigKeys (ConfUtils.java:logGet(44)) - raft.server.log.statemachine.data.sync.timeout = 10s (default)
2021-12-22 08:23:25,297 [pool-506-thread-1] INFO  server.RaftServerConfigKeys (ConfUtils.java:logGet(44)) - raft.server.log.statemachine.data.sync.timeout.retry = -1 (default)
2021-12-22 08:23:25,298 [pool-506-thread-1] INFO  server.RaftServerConfigKeys (ConfUtils.java:logGet(44)) - raft.server.log.write.buffer.size = 1048576 (custom)
2021-12-22 08:23:25,298 [pool-506-thread-1] INFO  server.RaftServerConfigKeys (ConfUtils.java:logGet(44)) - raft.server.log.statemachine.data.caching.enabled = true (custom)
2021-12-22 08:23:25,299 [pool-506-thread-1] INFO  segmented.SegmentedRaftLogWorker (SegmentedRaftLogWorker.java:lambda$new$0(133)) - 791d2455-6582-4f2f-b9b1-50b113e76b2a@group-7244C449BD80-SegmentedRaftLogWorker: flushIndex: setUnconditionally 0 -> -1
2021-12-22 08:23:25,299 [pool-506-thread-1] INFO  segmented.SegmentedRaftLogWorker (SegmentedRaftLogWorker.java:lambda$new$0(133)) - 791d2455-6582-4f2f-b9b1-50b113e76b2a@group-7244C449BD80-SegmentedRaftLogWorker: safeCacheEvictIndex: setUnconditionally 0 -> -1
2021-12-22 08:23:25,299 [pool-506-thread-1] INFO  server.RaftServerConfigKeys (ConfUtils.java:logGet(44)) - raft.server.snapshot.auto.trigger.enabled = true (custom)
2021-12-22 08:23:25,299 [pool-506-thread-1] INFO  server.RaftServerConfigKeys (ConfUtils.java:logGet(44)) - raft.server.snapshot.auto.trigger.threshold = 10000 (custom)
2021-12-22 08:23:25,299 [pool-506-thread-1] INFO  server.RaftServerConfigKeys (ConfUtils.java:logGet(44)) - raft.server.snapshot.retention.file.num = 5 (custom)
2021-12-22 08:23:25,299 [pool-506-thread-1] INFO  server.RaftServerConfigKeys (ConfUtils.java:logGet(44)) - raft.server.log.purge.upto.snapshot.index = false (default)
2021-12-22 08:23:25,299 [pool-506-thread-1] INFO  server.RaftServerConfigKeys (ConfUtils.java:logGet(44)) - raft.server.retrycache.expirytime = 600000ms (custom)
2021-12-22 08:23:25,299 [pool-506-thread-1] INFO  server.RaftServerConfigKeys (ConfUtils.java:logGet(44)) - raft.server.retrycache.statistics.expirytime = 100μs (default)
2021-12-22 08:23:25,300 [pool-506-thread-1] INFO  server.RaftServer$Division (RaftServerImpl.java:start(301)) - 791d2455-6582-4f2f-b9b1-50b113e76b2a@group-B43C17A5354B: start as a follower, conf=-1: [791d2455-6582-4f2f-b9b1-50b113e76b2a|rpc:10.1.0.28:34271|priority:1], old=null
2021-12-22 08:23:25,300 [pool-506-thread-1] INFO  server.RaftServer$Division (RaftServerImpl.java:setRole(290)) - 791d2455-6582-4f2f-b9b1-50b113e76b2a@group-B43C17A5354B: changes role from      null to FOLLOWER at term 0 for startAsFollower
2021-12-22 08:23:25,301 [pool-506-thread-1] INFO  impl.RoleInfo (RoleInfo.java:updateAndGet(130)) - 791d2455-6582-4f2f-b9b1-50b113e76b2a: start 791d2455-6582-4f2f-b9b1-50b113e76b2a@group-B43C17A5354B-FollowerState
2021-12-22 08:23:25,301 [pool-506-thread-1] INFO  util.JmxRegister (JmxRegister.java:tryRegister(44)) - Successfully registered JMX Bean with object name Ratis:service=RaftServer,group=group-B43C17A5354B,id=791d2455-6582-4f2f-b9b1-50b113e76b2a
2021-12-22 08:23:25,302 [pool-506-thread-1] INFO  server.RaftServer$Division (RaftServerImpl.java:start(301)) - 791d2455-6582-4f2f-b9b1-50b113e76b2a@group-7244C449BD80: start as a follower, conf=-1: [d0511d9b-43cc-47c5-9566-2dcc399246f6|rpc:10.1.0.28:35723|dataStream:|priority:0, e2dff65e-c8ee-417e-a5e9-8b6a43ef7195|rpc:10.1.0.28:36499|dataStream:|priority:0, 791d2455-6582-4f2f-b9b1-50b113e76b2a|rpc:10.1.0.28:34271|dataStream:|priority:1], old=null
2021-12-22 08:23:25,302 [pool-506-thread-1] INFO  server.RaftServer$Division (RaftServerImpl.java:setRole(290)) - 791d2455-6582-4f2f-b9b1-50b113e76b2a@group-7244C449BD80: changes role from      null to FOLLOWER at term 0 for startAsFollower
2021-12-22 08:23:25,302 [pool-506-thread-1] INFO  impl.RoleInfo (RoleInfo.java:updateAndGet(130)) - 791d2455-6582-4f2f-b9b1-50b113e76b2a: start 791d2455-6582-4f2f-b9b1-50b113e76b2a@group-7244C449BD80-FollowerState
2021-12-22 08:23:25,302 [Command processor thread] INFO  ratis.XceiverServerRatis (XceiverServerRatis.java:addGroup(768)) - Created group PipelineID=63c5ade1-04a8-4210-a324-b43c17a5354b
2021-12-22 08:23:25,302 [Command processor thread] INFO  commandhandler.CreatePipelineCommandHandler (CreatePipelineCommandHandler.java:handle(106)) - Created Pipeline RATIS ONE PipelineID=63c5ade1-04a8-4210-a324-b43c17a5354b.
2021-12-22 08:23:25,308 [pool-506-thread-1] INFO  util.JmxRegister (JmxRegister.java:tryRegister(44)) - Successfully registered JMX Bean with object name Ratis:service=RaftServer,group=group-7244C449BD80,id=791d2455-6582-4f2f-b9b1-50b113e76b2a
2021-12-22 08:23:25,322 [EventQueue-OpenPipelineForHealthyPipelineSafeModeRule] INFO  safemode.SCMSafeModeManager (HealthyPipelineSafeModeRule.java:process(124)) - SCM in safe mode. Healthy pipelines reported count is 0, required healthy pipeline reported count is 1
2021-12-22 08:23:25,408 [grpc-default-executor-0] INFO  server.RaftServer (RaftServerProxy.java:addNew(95)) - d0511d9b-43cc-47c5-9566-2dcc399246f6: addNew group-7244C449BD80:[d0511d9b-43cc-47c5-9566-2dcc399246f6|rpc:10.1.0.28:35723|dataStream:|priority:0, e2dff65e-c8ee-417e-a5e9-8b6a43ef7195|rpc:10.1.0.28:36499|dataStream:|priority:0, 791d2455-6582-4f2f-b9b1-50b113e76b2a|rpc:10.1.0.28:34271|dataStream:|priority:1] returns group-7244C449BD80:java.util.concurrent.CompletableFuture@45042273[Not completed]
2021-12-22 08:23:25,412 [pool-527-thread-1] INFO  server.RaftServer$Division (RaftServerImpl.java:<init>(184)) - d0511d9b-43cc-47c5-9566-2dcc399246f6: new RaftServerImpl for group-7244C449BD80:[d0511d9b-43cc-47c5-9566-2dcc399246f6|rpc:10.1.0.28:35723|dataStream:|priority:0, e2dff65e-c8ee-417e-a5e9-8b6a43ef7195|rpc:10.1.0.28:36499|dataStream:|priority:0, 791d2455-6582-4f2f-b9b1-50b113e76b2a|rpc:10.1.0.28:34271|dataStream:|priority:1] with ContainerStateMachine:uninitialized
2021-12-22 08:23:25,412 [pool-527-thread-1] INFO  server.RaftServerConfigKeys (ConfUtils.java:logGet(44)) - raft.server.rpc.timeout.min = 5s (custom)
2021-12-22 08:23:25,412 [pool-527-thread-1] INFO  server.RaftServerConfigKeys (ConfUtils.java:logGet(44)) - raft.server.rpc.timeout.max = 5200ms (custom)
2021-12-22 08:23:25,412 [pool-527-thread-1] INFO  server.RaftServerConfigKeys (ConfUtils.java:logGet(44)) - raft.server.rpc.sleep.time = 25ms (default)
2021-12-22 08:23:25,412 [pool-527-thread-1] INFO  server.RaftServerConfigKeys (ConfUtils.java:logGet(44)) - raft.server.rpc.slowness.timeout = 300s (custom)
2021-12-22 08:23:25,412 [pool-527-thread-1] INFO  server.RaftServerConfigKeys (ConfUtils.java:logGet(44)) - raft.server.leaderelection.leader.step-down.wait-time = 10s (default)
2021-12-22 08:23:25,412 [pool-527-thread-1] INFO  server.RaftServerConfigKeys (ConfUtils.java:logGet(44)) - raft.server.sleep.deviation.threshold = 300ms (default)
2021-12-22 08:23:25,412 [pool-527-thread-1] INFO  server.RaftServerConfigKeys (ConfUtils.java:logGet(44)) - raft.server.log.appender.install.snapshot.enabled = false (custom)
2021-12-22 08:23:25,412 [pool-527-thread-1] INFO  server.RaftServer$Division (ServerState.java:<init>(105)) - d0511d9b-43cc-47c5-9566-2dcc399246f6@group-7244C449BD80: ConfigurationManager, init=-1: [d0511d9b-43cc-47c5-9566-2dcc399246f6|rpc:10.1.0.28:35723|dataStream:|priority:0, e2dff65e-c8ee-417e-a5e9-8b6a43ef7195|rpc:10.1.0.28:36499|dataStream:|priority:0, 791d2455-6582-4f2f-b9b1-50b113e76b2a|rpc:10.1.0.28:34271|dataStream:|priority:1], old=null, confs=<EMPTY_MAP>
2021-12-22 08:23:25,412 [pool-527-thread-1] INFO  server.RaftServerConfigKeys (ConfUtils.java:logGet(44)) - raft.server.storage.dir = [/home/runner/work/ozone/ozone/hadoop-ozone/integration-test/target/test-dir/MiniOzoneClusterImpl-54e30266-9a77-40a3-8002-44206e2dad63/datanode-2/data/ratis] (custom)
2021-12-22 08:23:25,413 [pool-527-thread-1] INFO  server.RaftServerConfigKeys (ConfUtils.java:logGet(44)) - raft.server.log.corruption.policy = EXCEPTION (default)
2021-12-22 08:23:25,413 [pool-527-thread-1] INFO  server.RaftServerConfigKeys (ConfUtils.java:logGet(44)) - raft.server.storage.free-space.min = 0MB (=0) (default)
2021-12-22 08:23:25,413 [pool-527-thread-1] INFO  storage.RaftStorageDirectory (RaftStorageDirectoryImpl.java:analyzeStorage(135)) - The storage directory /home/runner/work/ozone/ozone/hadoop-ozone/integration-test/target/test-dir/MiniOzoneClusterImpl-54e30266-9a77-40a3-8002-44206e2dad63/datanode-2/data/ratis/da2c4216-b0f0-4b28-bf13-7244c449bd80 does not exist. Creating ...
2021-12-22 08:23:25,418 [pool-527-thread-1] INFO  storage.RaftStorageDirectory (RaftStorageDirectoryImpl.java:tryLock(230)) - Lock on /home/runner/work/ozone/ozone/hadoop-ozone/integration-test/target/test-dir/MiniOzoneClusterImpl-54e30266-9a77-40a3-8002-44206e2dad63/datanode-2/data/ratis/da2c4216-b0f0-4b28-bf13-7244c449bd80/in_use.lock acquired by nodename 16871@fv-az270-32
2021-12-22 08:23:25,422 [pool-527-thread-1] INFO  storage.RaftStorage (RaftStorageImpl.java:format(89)) - Storage directory /home/runner/work/ozone/ozone/hadoop-ozone/integration-test/target/test-dir/MiniOzoneClusterImpl-54e30266-9a77-40a3-8002-44206e2dad63/datanode-2/data/ratis/da2c4216-b0f0-4b28-bf13-7244c449bd80 has been successfully formatted.
2021-12-22 08:23:25,422 [pool-527-thread-1] INFO  ratis.ContainerStateMachine (ContainerStateMachine.java:loadSnapshot(231)) - group-7244C449BD80: The snapshot info is null. Setting the last applied indexto:(t:0, i:~)
2021-12-22 08:23:25,423 [pool-527-thread-1] INFO  server.RaftServerConfigKeys (ConfUtils.java:logGet(44)) - raft.server.notification.no-leader.timeout = 300s (custom)
2021-12-22 08:23:25,423 [pool-527-thread-1] INFO  server.RaftServerConfigKeys (ConfUtils.java:logGet(44)) - raft.server.log.use.memory = false (default)
2021-12-22 08:23:25,423 [pool-527-thread-1] INFO  server.RaftServerConfigKeys (ConfUtils.java:logGet(44)) - raft.server.log.purge.gap = 1000000 (custom)
2021-12-22 08:23:25,423 [pool-527-thread-1] INFO  server.RaftServerConfigKeys (ConfUtils.java:logGet(44)) - raft.server.log.appender.buffer.byte-limit = 33554432 (custom)
2021-12-22 08:23:25,423 [pool-527-thread-1] INFO  server.RaftServerConfigKeys (ConfUtils.java:logGet(44)) - raft.server.log.segment.size.max = 1048576 (custom)
2021-12-22 08:23:25,424 [pool-527-thread-1] INFO  server.RaftServerConfigKeys (ConfUtils.java:logGet(44)) - raft.server.log.segment.cache.num.max = 2 (custom)
2021-12-22 08:23:25,424 [pool-527-thread-1] INFO  server.RaftServerConfigKeys (ConfUtils.java:logGet(44)) - raft.server.log.segment.cache.size.max = 200MB (=209715200) (default)
2021-12-22 08:23:25,424 [pool-527-thread-1] INFO  segmented.SegmentedRaftLogWorker (SegmentedRaftLogWorker.java:<init>(182)) - new d0511d9b-43cc-47c5-9566-2dcc399246f6@group-7244C449BD80-SegmentedRaftLogWorker for RaftStorageImpl:Storage Directory /home/runner/work/ozone/ozone/hadoop-ozone/integration-test/target/test-dir/MiniOzoneClusterImpl-54e30266-9a77-40a3-8002-44206e2dad63/datanode-2/data/ratis/da2c4216-b0f0-4b28-bf13-7244c449bd80
2021-12-22 08:23:25,424 [pool-527-thread-1] INFO  server.RaftServerConfigKeys (ConfUtils.java:logGet(44)) - raft.server.log.queue.byte-limit = 2147483647 (custom)
2021-12-22 08:23:25,424 [pool-527-thread-1] INFO  server.RaftServerConfigKeys (ConfUtils.java:logGet(44)) - raft.server.log.queue.element-limit = 1024 (custom)
2021-12-22 08:23:25,424 [pool-527-thread-1] INFO  server.RaftServerConfigKeys (ConfUtils.java:logGet(44)) - raft.server.log.segment.size.max = 1048576 (custom)
2021-12-22 08:23:25,424 [pool-527-thread-1] INFO  server.RaftServerConfigKeys (ConfUtils.java:logGet(44)) - raft.server.log.preallocated.size = 16384 (custom)
2021-12-22 08:23:25,424 [pool-527-thread-1] INFO  server.RaftServerConfigKeys (ConfUtils.java:logGet(44)) - raft.server.log.force.sync.num = 128 (default)
2021-12-22 08:23:25,424 [pool-527-thread-1] INFO  server.RaftServerConfigKeys (ConfUtils.java:logGet(44)) - raft.server.log.statemachine.data.sync = true (default)
2021-12-22 08:23:25,424 [pool-527-thread-1] INFO  server.RaftServerConfigKeys (ConfUtils.java:logGet(44)) - raft.server.log.statemachine.data.sync.timeout = 10s (default)
2021-12-22 08:23:25,424 [pool-527-thread-1] INFO  server.RaftServerConfigKeys (ConfUtils.java:logGet(44)) - raft.server.log.statemachine.data.sync.timeout.retry = -1 (default)
2021-12-22 08:23:25,425 [pool-527-thread-1] INFO  server.RaftServerConfigKeys (ConfUtils.java:logGet(44)) - raft.server.log.write.buffer.size = 1048576 (custom)
2021-12-22 08:23:25,432 [pool-527-thread-1] INFO  server.RaftServerConfigKeys (ConfUtils.java:logGet(44)) - raft.server.log.statemachine.data.caching.enabled = true (custom)
2021-12-22 08:23:25,436 [pool-527-thread-1] INFO  segmented.SegmentedRaftLogWorker (SegmentedRaftLogWorker.java:lambda$new$0(133)) - d0511d9b-43cc-47c5-9566-2dcc399246f6@group-7244C449BD80-SegmentedRaftLogWorker: flushIndex: setUnconditionally 0 -> -1
2021-12-22 08:23:25,436 [pool-527-thread-1] INFO  segmented.SegmentedRaftLogWorker (SegmentedRaftLogWorker.java:lambda$new$0(133)) - d0511d9b-43cc-47c5-9566-2dcc399246f6@group-7244C449BD80-SegmentedRaftLogWorker: safeCacheEvictIndex: setUnconditionally 0 -> -1
2021-12-22 08:23:25,446 [pool-527-thread-1] INFO  server.RaftServerConfigKeys (ConfUtils.java:logGet(44)) - raft.server.snapshot.auto.trigger.enabled = true (custom)
2021-12-22 08:23:25,446 [pool-527-thread-1] INFO  server.RaftServerConfigKeys (ConfUtils.java:logGet(44)) - raft.server.snapshot.auto.trigger.threshold = 10000 (custom)
2021-12-22 08:23:25,446 [pool-527-thread-1] INFO  server.RaftServerConfigKeys (ConfUtils.java:logGet(44)) - raft.server.snapshot.retention.file.num = 5 (custom)
2021-12-22 08:23:25,446 [pool-527-thread-1] INFO  server.RaftServerConfigKeys (ConfUtils.java:logGet(44)) - raft.server.log.purge.upto.snapshot.index = false (default)
2021-12-22 08:23:25,446 [pool-527-thread-1] INFO  server.RaftServerConfigKeys (ConfUtils.java:logGet(44)) - raft.server.retrycache.expirytime = 600000ms (custom)
2021-12-22 08:23:25,446 [pool-527-thread-1] INFO  server.RaftServerConfigKeys (ConfUtils.java:logGet(44)) - raft.server.retrycache.statistics.expirytime = 100μs (default)
2021-12-22 08:23:25,448 [pool-527-thread-1] INFO  server.RaftServer$Division (RaftServerImpl.java:start(301)) - d0511d9b-43cc-47c5-9566-2dcc399246f6@group-7244C449BD80: start as a follower, conf=-1: [d0511d9b-43cc-47c5-9566-2dcc399246f6|rpc:10.1.0.28:35723|dataStream:|priority:0, e2dff65e-c8ee-417e-a5e9-8b6a43ef7195|rpc:10.1.0.28:36499|dataStream:|priority:0, 791d2455-6582-4f2f-b9b1-50b113e76b2a|rpc:10.1.0.28:34271|dataStream:|priority:1], old=null
2021-12-22 08:23:25,448 [pool-527-thread-1] INFO  server.RaftServer$Division (RaftServerImpl.java:setRole(290)) - d0511d9b-43cc-47c5-9566-2dcc399246f6@group-7244C449BD80: changes role from      null to FOLLOWER at term 0 for startAsFollower
2021-12-22 08:23:25,448 [pool-527-thread-1] INFO  impl.RoleInfo (RoleInfo.java:updateAndGet(130)) - d0511d9b-43cc-47c5-9566-2dcc399246f6: start d0511d9b-43cc-47c5-9566-2dcc399246f6@group-7244C449BD80-FollowerState
2021-12-22 08:23:25,448 [pool-527-thread-1] INFO  util.JmxRegister (JmxRegister.java:tryRegister(44)) - Successfully registered JMX Bean with object name Ratis:service=RaftServer,group=group-7244C449BD80,id=d0511d9b-43cc-47c5-9566-2dcc399246f6
2021-12-22 08:23:25,462 [Command processor thread] INFO  commandhandler.CreatePipelineCommandHandler (CreatePipelineCommandHandler.java:handle(106)) - Created Pipeline RATIS THREE PipelineID=da2c4216-b0f0-4b28-bf13-7244c449bd80.
2021-12-22 08:23:25,746 [Command processor thread] INFO  server.RaftServer (RaftServerProxy.java:addNew(95)) - d0511d9b-43cc-47c5-9566-2dcc399246f6: addNew group-9B1B29D2AFE4:[d0511d9b-43cc-47c5-9566-2dcc399246f6|rpc:10.1.0.28:35723|priority:1] returns group-9B1B29D2AFE4:java.util.concurrent.CompletableFuture@bd17399[Not completed]
2021-12-22 08:23:25,747 [pool-527-thread-1] INFO  server.RaftServer$Division (RaftServerImpl.java:<init>(184)) - d0511d9b-43cc-47c5-9566-2dcc399246f6: new RaftServerImpl for group-9B1B29D2AFE4:[d0511d9b-43cc-47c5-9566-2dcc399246f6|rpc:10.1.0.28:35723|priority:1] with ContainerStateMachine:uninitialized
2021-12-22 08:23:25,747 [pool-527-thread-1] INFO  server.RaftServerConfigKeys (ConfUtils.java:logGet(44)) - raft.server.rpc.timeout.min = 5s (custom)
2021-12-22 08:23:25,747 [pool-527-thread-1] INFO  server.RaftServerConfigKeys (ConfUtils.java:logGet(44)) - raft.server.rpc.timeout.max = 5200ms (custom)
2021-12-22 08:23:25,747 [pool-527-thread-1] INFO  server.RaftServerConfigKeys (ConfUtils.java:logGet(44)) - raft.server.rpc.sleep.time = 25ms (default)
2021-12-22 08:23:25,747 [pool-527-thread-1] INFO  server.RaftServerConfigKeys (ConfUtils.java:logGet(44)) - raft.server.rpc.slowness.timeout = 300s (custom)
2021-12-22 08:23:25,747 [pool-527-thread-1] INFO  server.RaftServerConfigKeys (ConfUtils.java:logGet(44)) - raft.server.leaderelection.leader.step-down.wait-time = 10s (default)
2021-12-22 08:23:25,747 [pool-527-thread-1] INFO  server.RaftServerConfigKeys (ConfUtils.java:logGet(44)) - raft.server.sleep.deviation.threshold = 300ms (default)
2021-12-22 08:23:25,747 [pool-527-thread-1] INFO  server.RaftServerConfigKeys (ConfUtils.java:logGet(44)) - raft.server.log.appender.install.snapshot.enabled = false (custom)
2021-12-22 08:23:25,748 [pool-527-thread-1] INFO  server.RaftServer$Division (ServerState.java:<init>(105)) - d0511d9b-43cc-47c5-9566-2dcc399246f6@group-9B1B29D2AFE4: ConfigurationManager, init=-1: [d0511d9b-43cc-47c5-9566-2dcc399246f6|rpc:10.1.0.28:35723|priority:1], old=null, confs=<EMPTY_MAP>
2021-12-22 08:23:25,748 [pool-527-thread-1] INFO  server.RaftServerConfigKeys (ConfUtils.java:logGet(44)) - raft.server.storage.dir = [/home/runner/work/ozone/ozone/hadoop-ozone/integration-test/target/test-dir/MiniOzoneClusterImpl-54e30266-9a77-40a3-8002-44206e2dad63/datanode-2/data/ratis] (custom)
2021-12-22 08:23:25,748 [pool-527-thread-1] INFO  server.RaftServerConfigKeys (ConfUtils.java:logGet(44)) - raft.server.log.corruption.policy = EXCEPTION (default)
2021-12-22 08:23:25,748 [pool-527-thread-1] INFO  server.RaftServerConfigKeys (ConfUtils.java:logGet(44)) - raft.server.storage.free-space.min = 0MB (=0) (default)
2021-12-22 08:23:25,748 [pool-527-thread-1] INFO  storage.RaftStorageDirectory (RaftStorageDirectoryImpl.java:analyzeStorage(135)) - The storage directory /home/runner/work/ozone/ozone/hadoop-ozone/integration-test/target/test-dir/MiniOzoneClusterImpl-54e30266-9a77-40a3-8002-44206e2dad63/datanode-2/data/ratis/8ddfe473-a439-46fa-833c-9b1b29d2afe4 does not exist. Creating ...
2021-12-22 08:23:25,754 [Listener at 127.0.0.1/32839] INFO  ozone.MiniOzoneClusterImpl (MiniOzoneClusterImpl.java:lambda$waitForClusterToBeReady$0(235)) - Nodes are ready. Got 3 of 3 DN Heartbeats.
2021-12-22 08:23:25,754 [Listener at 127.0.0.1/32839] INFO  ozone.MiniOzoneClusterImpl (MiniOzoneClusterImpl.java:lambda$waitForClusterToBeReady$0(238)) - Waiting for cluster to exit safe mode
2021-12-22 08:23:25,754 [Listener at 127.0.0.1/32839] INFO  ozone.MiniOzoneClusterImpl (MiniOzoneClusterImpl.java:lambda$waitForClusterToBeReady$0(240)) - SCM became leader
2021-12-22 08:23:25,757 [pool-527-thread-1] INFO  storage.RaftStorageDirectory (RaftStorageDirectoryImpl.java:tryLock(230)) - Lock on /home/runner/work/ozone/ozone/hadoop-ozone/integration-test/target/test-dir/MiniOzoneClusterImpl-54e30266-9a77-40a3-8002-44206e2dad63/datanode-2/data/ratis/8ddfe473-a439-46fa-833c-9b1b29d2afe4/in_use.lock acquired by nodename 16871@fv-az270-32
2021-12-22 08:23:25,762 [pool-527-thread-1] INFO  storage.RaftStorage (RaftStorageImpl.java:format(89)) - Storage directory /home/runner/work/ozone/ozone/hadoop-ozone/integration-test/target/test-dir/MiniOzoneClusterImpl-54e30266-9a77-40a3-8002-44206e2dad63/datanode-2/data/ratis/8ddfe473-a439-46fa-833c-9b1b29d2afe4 has been successfully formatted.
2021-12-22 08:23:25,762 [pool-527-thread-1] INFO  ratis.ContainerStateMachine (ContainerStateMachine.java:loadSnapshot(231)) - group-9B1B29D2AFE4: The snapshot info is null. Setting the last applied indexto:(t:0, i:~)
2021-12-22 08:23:25,763 [pool-527-thread-1] INFO  server.RaftServerConfigKeys (ConfUtils.java:logGet(44)) - raft.server.notification.no-leader.timeout = 300s (custom)
2021-12-22 08:23:25,763 [pool-527-thread-1] INFO  server.RaftServerConfigKeys (ConfUtils.java:logGet(44)) - raft.server.log.use.memory = false (default)
2021-12-22 08:23:25,763 [pool-527-thread-1] INFO  server.RaftServerConfigKeys (ConfUtils.java:logGet(44)) - raft.server.log.purge.gap = 1000000 (custom)
2021-12-22 08:23:25,763 [pool-527-thread-1] INFO  server.RaftServerConfigKeys (ConfUtils.java:logGet(44)) - raft.server.log.appender.buffer.byte-limit = 33554432 (custom)
2021-12-22 08:23:25,764 [EventQueue-PipelineReportForPipelineReportHandler] INFO  pipeline.PipelineManagerImpl (PipelineManagerImpl.java:openPipeline(291)) - Pipeline Pipeline[ Id: 8ddfe473-a439-46fa-833c-9b1b29d2afe4, Nodes: d0511d9b-43cc-47c5-9566-2dcc399246f6{ip: 10.1.0.28, host: fv-az270-32.tacnzluakwdehk1hpragurqkma.bx.internal.cloudapp.net, ports: [REPLICATION=36103, RATIS=35723, RATIS_ADMIN=35723, RATIS_SERVER=35723, STANDALONE=45067], networkLocation: /default-rack, certSerialId: null, persistedOpState: IN_SERVICE, persistedOpStateExpiryEpochSec: 0}, ReplicationConfig: RATIS/ONE, State:ALLOCATED, leaderId:d0511d9b-43cc-47c5-9566-2dcc399246f6, CreationTimestamp2021-12-22T08:23:22.774Z[Etc/UTC]] moved to OPEN state
2021-12-22 08:23:25,764 [EventQueue-OpenPipelineForHealthyPipelineSafeModeRule] INFO  safemode.SCMSafeModeManager (HealthyPipelineSafeModeRule.java:process(124)) - SCM in safe mode. Healthy pipelines reported count is 0, required healthy pipeline reported count is 1
2021-12-22 08:23:25,764 [pool-527-thread-1] INFO  server.RaftServerConfigKeys (ConfUtils.java:logGet(44)) - raft.server.log.segment.size.max = 1048576 (custom)
2021-12-22 08:23:25,774 [pool-527-thread-1] INFO  server.RaftServerConfigKeys (ConfUtils.java:logGet(44)) - raft.server.log.segment.cache.num.max = 2 (custom)
2021-12-22 08:23:25,774 [pool-527-thread-1] INFO  server.RaftServerConfigKeys (ConfUtils.java:logGet(44)) - raft.server.log.segment.cache.size.max = 200MB (=209715200) (default)
2021-12-22 08:23:25,774 [pool-527-thread-1] INFO  segmented.SegmentedRaftLogWorker (SegmentedRaftLogWorker.java:<init>(182)) - new d0511d9b-43cc-47c5-9566-2dcc399246f6@group-9B1B29D2AFE4-SegmentedRaftLogWorker for RaftStorageImpl:Storage Directory /home/runner/work/ozone/ozone/hadoop-ozone/integration-test/target/test-dir/MiniOzoneClusterImpl-54e30266-9a77-40a3-8002-44206e2dad63/datanode-2/data/ratis/8ddfe473-a439-46fa-833c-9b1b29d2afe4
2021-12-22 08:23:25,774 [pool-527-thread-1] INFO  server.RaftServerConfigKeys (ConfUtils.java:logGet(44)) - raft.server.log.queue.byte-limit = 2147483647 (custom)
2021-12-22 08:23:25,774 [pool-527-thread-1] INFO  server.RaftServerConfigKeys (ConfUtils.java:logGet(44)) - raft.server.log.queue.element-limit = 1024 (custom)
2021-12-22 08:23:25,774 [pool-527-thread-1] INFO  server.RaftServerConfigKeys (ConfUtils.java:logGet(44)) - raft.server.log.segment.size.max = 1048576 (custom)
2021-12-22 08:23:25,774 [pool-527-thread-1] INFO  server.RaftServerConfigKeys (ConfUtils.java:logGet(44)) - raft.server.log.preallocated.size = 16384 (custom)
2021-12-22 08:23:25,774 [pool-527-thread-1] INFO  server.RaftServerConfigKeys (ConfUtils.java:logGet(44)) - raft.server.log.force.sync.num = 128 (default)
2021-12-22 08:23:25,774 [pool-527-thread-1] INFO  server.RaftServerConfigKeys (ConfUtils.java:logGet(44)) - raft.server.log.statemachine.data.sync = true (default)
2021-12-22 08:23:25,775 [pool-527-thread-1] INFO  server.RaftServerConfigKeys (ConfUtils.java:logGet(44)) - raft.server.log.statemachine.data.sync.timeout = 10s (default)
2021-12-22 08:23:25,775 [pool-527-thread-1] INFO  server.RaftServerConfigKeys (ConfUtils.java:logGet(44)) - raft.server.log.statemachine.data.sync.timeout.retry = -1 (default)
2021-12-22 08:23:25,775 [pool-527-thread-1] INFO  server.RaftServerConfigKeys (ConfUtils.java:logGet(44)) - raft.server.log.write.buffer.size = 1048576 (custom)
2021-12-22 08:23:25,776 [pool-527-thread-1] INFO  server.RaftServerConfigKeys (ConfUtils.java:logGet(44)) - raft.server.log.statemachine.data.caching.enabled = true (custom)
2021-12-22 08:23:25,776 [pool-527-thread-1] INFO  segmented.SegmentedRaftLogWorker (SegmentedRaftLogWorker.java:lambda$new$0(133)) - d0511d9b-43cc-47c5-9566-2dcc399246f6@group-9B1B29D2AFE4-SegmentedRaftLogWorker: flushIndex: setUnconditionally 0 -> -1
2021-12-22 08:23:25,776 [pool-527-thread-1] INFO  segmented.SegmentedRaftLogWorker (SegmentedRaftLogWorker.java:lambda$new$0(133)) - d0511d9b-43cc-47c5-9566-2dcc399246f6@group-9B1B29D2AFE4-SegmentedRaftLogWorker: safeCacheEvictIndex: setUnconditionally 0 -> -1
2021-12-22 08:23:25,777 [pool-527-thread-1] INFO  server.RaftServerConfigKeys (ConfUtils.java:logGet(44)) - raft.server.snapshot.auto.trigger.enabled = true (custom)
2021-12-22 08:23:25,777 [pool-527-thread-1] INFO  server.RaftServerConfigKeys (ConfUtils.java:logGet(44)) - raft.server.snapshot.auto.trigger.threshold = 10000 (custom)
2021-12-22 08:23:25,777 [pool-527-thread-1] INFO  server.RaftServerConfigKeys (ConfUtils.java:logGet(44)) - raft.server.snapshot.retention.file.num = 5 (custom)
2021-12-22 08:23:25,777 [pool-527-thread-1] INFO  server.RaftServerConfigKeys (ConfUtils.java:logGet(44)) - raft.server.log.purge.upto.snapshot.index = false (default)
2021-12-22 08:23:25,778 [pool-527-thread-1] INFO  server.RaftServerConfigKeys (ConfUtils.java:logGet(44)) - raft.server.retrycache.expirytime = 600000ms (custom)
2021-12-22 08:23:25,778 [pool-527-thread-1] INFO  server.RaftServerConfigKeys (ConfUtils.java:logGet(44)) - raft.server.retrycache.statistics.expirytime = 100μs (default)
2021-12-22 08:23:25,779 [pool-527-thread-1] INFO  server.RaftServer$Division (RaftServerImpl.java:start(301)) - d0511d9b-43cc-47c5-9566-2dcc399246f6@group-9B1B29D2AFE4: start as a follower, conf=-1: [d0511d9b-43cc-47c5-9566-2dcc399246f6|rpc:10.1.0.28:35723|priority:1], old=null
2021-12-22 08:23:25,779 [pool-527-thread-1] INFO  server.RaftServer$Division (RaftServerImpl.java:setRole(290)) - d0511d9b-43cc-47c5-9566-2dcc399246f6@group-9B1B29D2AFE4: changes role from      null to FOLLOWER at term 0 for startAsFollower
2021-12-22 08:23:25,779 [pool-527-thread-1] INFO  impl.RoleInfo (RoleInfo.java:updateAndGet(130)) - d0511d9b-43cc-47c5-9566-2dcc399246f6: start d0511d9b-43cc-47c5-9566-2dcc399246f6@group-9B1B29D2AFE4-FollowerState
2021-12-22 08:23:25,779 [pool-527-thread-1] INFO  util.JmxRegister (JmxRegister.java:tryRegister(44)) - Successfully registered JMX Bean with object name Ratis:service=RaftServer,group=group-9B1B29D2AFE4,id=d0511d9b-43cc-47c5-9566-2dcc399246f6
2021-12-22 08:23:25,780 [Command processor thread] INFO  ratis.XceiverServerRatis (XceiverServerRatis.java:addGroup(768)) - Created group PipelineID=8ddfe473-a439-46fa-833c-9b1b29d2afe4
2021-12-22 08:23:25,780 [Command processor thread] INFO  commandhandler.CreatePipelineCommandHandler (CreatePipelineCommandHandler.java:handle(106)) - Created Pipeline RATIS ONE PipelineID=8ddfe473-a439-46fa-833c-9b1b29d2afe4.
2021-12-22 08:23:26,754 [Listener at 127.0.0.1/32839] INFO  ozone.MiniOzoneClusterImpl (MiniOzoneClusterImpl.java:lambda$waitForClusterToBeReady$0(235)) - Nodes are ready. Got 3 of 3 DN Heartbeats.
2021-12-22 08:23:26,755 [Listener at 127.0.0.1/32839] INFO  ozone.MiniOzoneClusterImpl (MiniOzoneClusterImpl.java:lambda$waitForClusterToBeReady$0(238)) - Waiting for cluster to exit safe mode
2021-12-22 08:23:26,755 [Listener at 127.0.0.1/32839] INFO  ozone.MiniOzoneClusterImpl (MiniOzoneClusterImpl.java:lambda$waitForClusterToBeReady$0(240)) - SCM became leader
2021-12-22 08:23:27,755 [Listener at 127.0.0.1/32839] INFO  ozone.MiniOzoneClusterImpl (MiniOzoneClusterImpl.java:lambda$waitForClusterToBeReady$0(235)) - Nodes are ready. Got 3 of 3 DN Heartbeats.
2021-12-22 08:23:27,755 [Listener at 127.0.0.1/32839] INFO  ozone.MiniOzoneClusterImpl (MiniOzoneClusterImpl.java:lambda$waitForClusterToBeReady$0(238)) - Waiting for cluster to exit safe mode
2021-12-22 08:23:27,755 [Listener at 127.0.0.1/32839] INFO  ozone.MiniOzoneClusterImpl (MiniOzoneClusterImpl.java:lambda$waitForClusterToBeReady$0(240)) - SCM became leader
2021-12-22 08:23:28,755 [Listener at 127.0.0.1/32839] INFO  ozone.MiniOzoneClusterImpl (MiniOzoneClusterImpl.java:lambda$waitForClusterToBeReady$0(235)) - Nodes are ready. Got 3 of 3 DN Heartbeats.
2021-12-22 08:23:28,756 [Listener at 127.0.0.1/32839] INFO  ozone.MiniOzoneClusterImpl (MiniOzoneClusterImpl.java:lambda$waitForClusterToBeReady$0(238)) - Waiting for cluster to exit safe mode
2021-12-22 08:23:28,756 [Listener at 127.0.0.1/32839] INFO  ozone.MiniOzoneClusterImpl (MiniOzoneClusterImpl.java:lambda$waitForClusterToBeReady$0(240)) - SCM became leader
2021-12-22 08:23:29,641 [e2dff65e-c8ee-417e-a5e9-8b6a43ef7195@group-3840C03710CA-FollowerState] INFO  impl.FollowerState (FollowerState.java:run(134)) - e2dff65e-c8ee-417e-a5e9-8b6a43ef7195@group-3840C03710CA-FollowerState: change to CANDIDATE, lastRpcElapsedTime:5011010949ns, electionTimeout:5010ms
2021-12-22 08:23:29,641 [e2dff65e-c8ee-417e-a5e9-8b6a43ef7195@group-3840C03710CA-FollowerState] INFO  impl.RoleInfo (RoleInfo.java:shutdownFollowerState(108)) - e2dff65e-c8ee-417e-a5e9-8b6a43ef7195: shutdown e2dff65e-c8ee-417e-a5e9-8b6a43ef7195@group-3840C03710CA-FollowerState
2021-12-22 08:23:29,641 [e2dff65e-c8ee-417e-a5e9-8b6a43ef7195@group-3840C03710CA-FollowerState] INFO  server.RaftServer$Division (RaftServerImpl.java:setRole(290)) - e2dff65e-c8ee-417e-a5e9-8b6a43ef7195@group-3840C03710CA: changes role from  FOLLOWER to CANDIDATE at term 0 for changeToCandidate
2021-12-22 08:23:29,643 [e2dff65e-c8ee-417e-a5e9-8b6a43ef7195@group-3840C03710CA-FollowerState] INFO  server.RaftServerConfigKeys (ConfUtils.java:logGet(44)) - raft.server.leaderelection.pre-vote = false (custom)
2021-12-22 08:23:29,643 [e2dff65e-c8ee-417e-a5e9-8b6a43ef7195@group-3840C03710CA-FollowerState] INFO  impl.RoleInfo (RoleInfo.java:updateAndGet(130)) - e2dff65e-c8ee-417e-a5e9-8b6a43ef7195: start e2dff65e-c8ee-417e-a5e9-8b6a43ef7195@group-3840C03710CA-LeaderElection34
2021-12-22 08:23:29,665 [e2dff65e-c8ee-417e-a5e9-8b6a43ef7195@group-3840C03710CA-LeaderElection34] INFO  impl.LeaderElection (LeaderElection.java:askForVotes(306)) - e2dff65e-c8ee-417e-a5e9-8b6a43ef7195@group-3840C03710CA-LeaderElection34 ELECTION round 0: submit vote requests at term 1 for -1: [d0511d9b-43cc-47c5-9566-2dcc399246f6|rpc:10.1.0.28:35723|priority:0, e2dff65e-c8ee-417e-a5e9-8b6a43ef7195|rpc:10.1.0.28:36499|priority:1, 791d2455-6582-4f2f-b9b1-50b113e76b2a|rpc:10.1.0.28:34271|priority:0], old=null
2021-12-22 08:23:29,672 [e2dff65e-c8ee-417e-a5e9-8b6a43ef7195@group-FE4638EC1CF7-FollowerState] INFO  impl.FollowerState (FollowerState.java:run(134)) - e2dff65e-c8ee-417e-a5e9-8b6a43ef7195@group-FE4638EC1CF7-FollowerState: change to CANDIDATE, lastRpcElapsedTime:5100718769ns, electionTimeout:5093ms
2021-12-22 08:23:29,672 [e2dff65e-c8ee-417e-a5e9-8b6a43ef7195@group-FE4638EC1CF7-FollowerState] INFO  impl.RoleInfo (RoleInfo.java:shutdownFollowerState(108)) - e2dff65e-c8ee-417e-a5e9-8b6a43ef7195: shutdown e2dff65e-c8ee-417e-a5e9-8b6a43ef7195@group-FE4638EC1CF7-FollowerState
2021-12-22 08:23:29,672 [e2dff65e-c8ee-417e-a5e9-8b6a43ef7195@group-FE4638EC1CF7-FollowerState] INFO  server.RaftServer$Division (RaftServerImpl.java:setRole(290)) - e2dff65e-c8ee-417e-a5e9-8b6a43ef7195@group-FE4638EC1CF7: changes role from  FOLLOWER to CANDIDATE at term 0 for changeToCandidate
2021-12-22 08:23:29,686 [e2dff65e-c8ee-417e-a5e9-8b6a43ef7195@group-FE4638EC1CF7-FollowerState] INFO  server.RaftServerConfigKeys (ConfUtils.java:logGet(44)) - raft.server.leaderelection.pre-vote = false (custom)
2021-12-22 08:23:29,686 [e2dff65e-c8ee-417e-a5e9-8b6a43ef7195@group-FE4638EC1CF7-FollowerState] INFO  impl.RoleInfo (RoleInfo.java:updateAndGet(130)) - e2dff65e-c8ee-417e-a5e9-8b6a43ef7195: start e2dff65e-c8ee-417e-a5e9-8b6a43ef7195@group-FE4638EC1CF7-LeaderElection35
2021-12-22 08:23:29,719 [grpc-default-executor-0] INFO  server.RaftServer$Division (RaftServerImpl.java:requestVote(1046)) - d0511d9b-43cc-47c5-9566-2dcc399246f6@group-3840C03710CA: receive requestVote(ELECTION, e2dff65e-c8ee-417e-a5e9-8b6a43ef7195, group-3840C03710CA, 1, (t:0, i:0))
2021-12-22 08:23:29,719 [grpc-default-executor-0] INFO  impl.VoteContext (VoteContext.java:log(48)) - d0511d9b-43cc-47c5-9566-2dcc399246f6@group-3840C03710CA-FOLLOWER: accept ELECTION from e2dff65e-c8ee-417e-a5e9-8b6a43ef7195: our priority 0 <= candidate's priority 1
2021-12-22 08:23:29,719 [grpc-default-executor-0] INFO  server.RaftServer$Division (RaftServerImpl.java:setRole(290)) - d0511d9b-43cc-47c5-9566-2dcc399246f6@group-3840C03710CA: changes role from  FOLLOWER to FOLLOWER at term 1 for candidate:e2dff65e-c8ee-417e-a5e9-8b6a43ef7195
2021-12-22 08:23:29,719 [grpc-default-executor-0] INFO  impl.RoleInfo (RoleInfo.java:shutdownFollowerState(108)) - d0511d9b-43cc-47c5-9566-2dcc399246f6: shutdown d0511d9b-43cc-47c5-9566-2dcc399246f6@group-3840C03710CA-FollowerState
2021-12-22 08:23:29,719 [grpc-default-executor-0] INFO  impl.RoleInfo (RoleInfo.java:updateAndGet(130)) - d0511d9b-43cc-47c5-9566-2dcc399246f6: start d0511d9b-43cc-47c5-9566-2dcc399246f6@group-3840C03710CA-FollowerState
2021-12-22 08:23:29,719 [d0511d9b-43cc-47c5-9566-2dcc399246f6@group-3840C03710CA-FollowerState] INFO  impl.FollowerState (FollowerState.java:run(143)) - d0511d9b-43cc-47c5-9566-2dcc399246f6@group-3840C03710CA-FollowerState was interrupted: {}
java.lang.InterruptedException: sleep interrupted
	at java.lang.Thread.sleep(Native Method)
	at java.lang.Thread.sleep(Thread.java:340)
	at java.util.concurrent.TimeUnit.sleep(TimeUnit.java:386)
	at org.apache.ratis.util.TimeDuration.sleep(TimeDuration.java:324)
	at org.apache.ratis.util.TimeDuration.sleep(TimeDuration.java:309)
	at org.apache.ratis.server.impl.FollowerState.run(FollowerState.java:118)
2021-12-22 08:23:29,738 [grpc-default-executor-0] INFO  server.RaftServer$Division (RaftServerImpl.java:requestVote(1078)) - d0511d9b-43cc-47c5-9566-2dcc399246f6@group-3840C03710CA replies to ELECTION vote request: e2dff65e-c8ee-417e-a5e9-8b6a43ef7195<-d0511d9b-43cc-47c5-9566-2dcc399246f6#0:OK-t1. Peer's state: d0511d9b-43cc-47c5-9566-2dcc399246f6@group-3840C03710CA:t1, leader=null, voted=e2dff65e-c8ee-417e-a5e9-8b6a43ef7195, raftlog=d0511d9b-43cc-47c5-9566-2dcc399246f6@group-3840C03710CA-SegmentedRaftLog:OPENED:c-1, conf=-1: [d0511d9b-43cc-47c5-9566-2dcc399246f6|rpc:10.1.0.28:35723|dataStream:|priority:0, e2dff65e-c8ee-417e-a5e9-8b6a43ef7195|rpc:10.1.0.28:36499|dataStream:|priority:1, 791d2455-6582-4f2f-b9b1-50b113e76b2a|rpc:10.1.0.28:34271|dataStream:|priority:0], old=null
2021-12-22 08:23:29,742 [e2dff65e-c8ee-417e-a5e9-8b6a43ef7195@group-3840C03710CA-LeaderElection34] INFO  impl.LeaderElection (LeaderElection.java:logAndReturn(89)) - e2dff65e-c8ee-417e-a5e9-8b6a43ef7195@group-3840C03710CA-LeaderElection34: ELECTION PASSED received 1 response(s) and 0 exception(s):
2021-12-22 08:23:29,742 [e2dff65e-c8ee-417e-a5e9-8b6a43ef7195@group-3840C03710CA-LeaderElection34] INFO  impl.LeaderElection (LeaderElection.java:logAndReturn(93)) -   Response 0: e2dff65e-c8ee-417e-a5e9-8b6a43ef7195<-d0511d9b-43cc-47c5-9566-2dcc399246f6#0:OK-t1
2021-12-22 08:23:29,742 [e2dff65e-c8ee-417e-a5e9-8b6a43ef7195@group-3840C03710CA-LeaderElection34] INFO  impl.LeaderElection (LeaderElection.java:askForVotes(308)) - e2dff65e-c8ee-417e-a5e9-8b6a43ef7195@group-3840C03710CA-LeaderElection34 ELECTION round 0: result PASSED
2021-12-22 08:23:29,742 [e2dff65e-c8ee-417e-a5e9-8b6a43ef7195@group-3840C03710CA-LeaderElection34] INFO  impl.RoleInfo (RoleInfo.java:shutdownLeaderElection(121)) - e2dff65e-c8ee-417e-a5e9-8b6a43ef7195: shutdown e2dff65e-c8ee-417e-a5e9-8b6a43ef7195@group-3840C03710CA-LeaderElection34
2021-12-22 08:23:29,742 [e2dff65e-c8ee-417e-a5e9-8b6a43ef7195@group-3840C03710CA-LeaderElection34] INFO  server.RaftServer$Division (RaftServerImpl.java:setRole(290)) - e2dff65e-c8ee-417e-a5e9-8b6a43ef7195@group-3840C03710CA: changes role from CANDIDATE to LEADER at term 1 for changeToLeader
2021-12-22 08:23:29,742 [e2dff65e-c8ee-417e-a5e9-8b6a43ef7195@group-3840C03710CA-LeaderElection34] INFO  ratis.XceiverServerRatis (XceiverServerRatis.java:handleLeaderChangedNotification(866)) - Leader change notification received for group: group-3840C03710CA with new leaderId: e2dff65e-c8ee-417e-a5e9-8b6a43ef7195
2021-12-22 08:23:29,742 [e2dff65e-c8ee-417e-a5e9-8b6a43ef7195@group-3840C03710CA-LeaderElection34] INFO  server.RaftServer$Division (ServerState.java:setLeader(285)) - e2dff65e-c8ee-417e-a5e9-8b6a43ef7195@group-3840C03710CA: change Leader from null to e2dff65e-c8ee-417e-a5e9-8b6a43ef7195 at term 1 for becomeLeader, leader elected after 5125ms
2021-12-22 08:23:29,742 [e2dff65e-c8ee-417e-a5e9-8b6a43ef7195@group-3840C03710CA-LeaderElection34] INFO  server.RaftServerConfigKeys (ConfUtils.java:logGet(44)) - raft.server.staging.catchup.gap = 1000 (default)
2021-12-22 08:23:29,743 [e2dff65e-c8ee-417e-a5e9-8b6a43ef7195@group-3840C03710CA-LeaderElection34] INFO  server.RaftServerConfigKeys (ConfUtils.java:logGet(44)) - raft.server.write.element-limit = 1024 (custom)
2021-12-22 08:23:29,743 [e2dff65e-c8ee-417e-a5e9-8b6a43ef7195@group-3840C03710CA-LeaderElection34] INFO  server.RaftServerConfigKeys (ConfUtils.java:logGet(44)) - raft.server.write.byte-limit = 1024 M (=1073741824) (custom)
2021-12-22 08:23:29,743 [e2dff65e-c8ee-417e-a5e9-8b6a43ef7195@group-3840C03710CA-LeaderElection34] INFO  server.RaftServerConfigKeys (ConfUtils.java:logGet(44)) - raft.server.watch.timeout = 180s (custom)
2021-12-22 08:23:29,743 [e2dff65e-c8ee-417e-a5e9-8b6a43ef7195@group-3840C03710CA-LeaderElection34] INFO  server.RaftServerConfigKeys (ConfUtils.java:logGet(44)) - raft.server.watch.timeout.denomination = 1s (default)
2021-12-22 08:23:29,743 [e2dff65e-c8ee-417e-a5e9-8b6a43ef7195@group-3840C03710CA-LeaderElection34] INFO  server.RaftServerConfigKeys (ConfUtils.java:logGet(44)) - raft.server.watch.element-limit = 65536 (default)
2021-12-22 08:23:29,743 [e2dff65e-c8ee-417e-a5e9-8b6a43ef7195@group-3840C03710CA-LeaderElection34] INFO  server.RaftServerConfigKeys (ConfUtils.java:logGet(44)) - raft.server.write.element-limit = 1024 (custom)
2021-12-22 08:23:29,743 [e2dff65e-c8ee-417e-a5e9-8b6a43ef7195@group-3840C03710CA-LeaderElection34] INFO  server.RaftServerConfigKeys (ConfUtils.java:logGet(44)) - raft.server.write.follower.gap.ratio.max = -1.0 (default)
2021-12-22 08:23:29,743 [e2dff65e-c8ee-417e-a5e9-8b6a43ef7195@group-3840C03710CA-LeaderElection34] INFO  server.RaftServerConfigKeys (ConfUtils.java:logGet(44)) - raft.server.log.appender.snapshot.chunk.size.max = 16MB (=16777216) (default)
2021-12-22 08:23:29,743 [e2dff65e-c8ee-417e-a5e9-8b6a43ef7195@group-3840C03710CA-LeaderElection34] INFO  server.RaftServerConfigKeys (ConfUtils.java:logGet(44)) - raft.server.log.appender.buffer.byte-limit = 33554432 (custom)
2021-12-22 08:23:29,744 [e2dff65e-c8ee-417e-a5e9-8b6a43ef7195@group-3840C03710CA-LeaderElection34] INFO  server.RaftServerConfigKeys (ConfUtils.java:logGet(44)) - raft.server.log.appender.buffer.element-limit = 1 (custom)
2021-12-22 08:23:29,744 [e2dff65e-c8ee-417e-a5e9-8b6a43ef7195@group-3840C03710CA-LeaderElection34] INFO  grpc.GrpcConfigKeys (ConfUtils.java:logGet(44)) - raft.grpc.server.leader.outstanding.appends.max = 128 (default)
2021-12-22 08:23:29,744 [e2dff65e-c8ee-417e-a5e9-8b6a43ef7195@group-3840C03710CA-LeaderElection34] INFO  server.RaftServerConfigKeys (ConfUtils.java:logGet(44)) - raft.server.rpc.request.timeout = 60s (custom)
2021-12-22 08:23:29,744 [e2dff65e-c8ee-417e-a5e9-8b6a43ef7195@group-3840C03710CA-LeaderElection34] INFO  server.RaftServerConfigKeys (ConfUtils.java:logGet(44)) - raft.server.log.appender.install.snapshot.enabled = false (custom)
2021-12-22 08:23:29,745 [e2dff65e-c8ee-417e-a5e9-8b6a43ef7195@group-3840C03710CA-LeaderElection34] INFO  server.RaftServerConfigKeys (ConfUtils.java:logGet(44)) - raft.server.log.appender.snapshot.chunk.size.max = 16MB (=16777216) (default)
2021-12-22 08:23:29,745 [e2dff65e-c8ee-417e-a5e9-8b6a43ef7195@group-3840C03710CA-LeaderElection34] INFO  server.RaftServerConfigKeys (ConfUtils.java:logGet(44)) - raft.server.log.appender.buffer.byte-limit = 33554432 (custom)
2021-12-22 08:23:29,745 [e2dff65e-c8ee-417e-a5e9-8b6a43ef7195@group-3840C03710CA-LeaderElection34] INFO  server.RaftServerConfigKeys (ConfUtils.java:logGet(44)) - raft.server.log.appender.buffer.element-limit = 1 (custom)
2021-12-22 08:23:29,745 [e2dff65e-c8ee-417e-a5e9-8b6a43ef7195@group-3840C03710CA-LeaderElection34] INFO  grpc.GrpcConfigKeys (ConfUtils.java:logGet(44)) - raft.grpc.server.leader.outstanding.appends.max = 128 (default)
2021-12-22 08:23:29,745 [e2dff65e-c8ee-417e-a5e9-8b6a43ef7195@group-3840C03710CA-LeaderElection34] INFO  server.RaftServerConfigKeys (ConfUtils.java:logGet(44)) - raft.server.rpc.request.timeout = 60s (custom)
2021-12-22 08:23:29,745 [e2dff65e-c8ee-417e-a5e9-8b6a43ef7195@group-3840C03710CA-LeaderElection34] INFO  server.RaftServerConfigKeys (ConfUtils.java:logGet(44)) - raft.server.log.appender.install.snapshot.enabled = false (custom)
2021-12-22 08:23:29,747 [EventQueue-PipelineReportForPipelineReportHandler] INFO  pipeline.PipelineManagerImpl (PipelineManagerImpl.java:openPipeline(291)) - Pipeline Pipeline[ Id: e4c555e0-0c2d-4080-a048-3840c03710ca, Nodes: d0511d9b-43cc-47c5-9566-2dcc399246f6{ip: 10.1.0.28, host: fv-az270-32.tacnzluakwdehk1hpragurqkma.bx.internal.cloudapp.net, ports: [REPLICATION=36103, RATIS=35723, RATIS_ADMIN=35723, RATIS_SERVER=35723, STANDALONE=45067], networkLocation: /default-rack, certSerialId: null, persistedOpState: IN_SERVICE, persistedOpStateExpiryEpochSec: 0}e2dff65e-c8ee-417e-a5e9-8b6a43ef7195{ip: 10.1.0.28, host: fv-az270-32.tacnzluakwdehk1hpragurqkma.bx.internal.cloudapp.net, ports: [REPLICATION=36759, RATIS=36499, RATIS_ADMIN=36499, RATIS_SERVER=36499, STANDALONE=33389], networkLocation: /default-rack, certSerialId: null, persistedOpState: IN_SERVICE, persistedOpStateExpiryEpochSec: 0}791d2455-6582-4f2f-b9b1-50b113e76b2a{ip: 10.1.0.28, host: fv-az270-32.tacnzluakwdehk1hpragurqkma.bx.internal.cloudapp.net, ports: [REPLICATION=43973, RATIS=34271, RATIS_ADMIN=34271, RATIS_SERVER=34271, STANDALONE=37551], networkLocation: /default-rack, certSerialId: null, persistedOpState: IN_SERVICE, persistedOpStateExpiryEpochSec: 0}, ReplicationConfig: RATIS/THREE, State:ALLOCATED, leaderId:e2dff65e-c8ee-417e-a5e9-8b6a43ef7195, CreationTimestamp2021-12-22T08:23:22.775Z[Etc/UTC]] moved to OPEN state
2021-12-22 08:23:29,747 [EventQueue-OpenPipelineForHealthyPipelineSafeModeRule] INFO  safemode.SCMSafeModeManager (HealthyPipelineSafeModeRule.java:process(124)) - SCM in safe mode. Healthy pipelines reported count is 0, required healthy pipeline reported count is 1
2021-12-22 08:23:29,753 [EventQueue-OpenPipelineForHealthyPipelineSafeModeRule] INFO  safemode.SCMSafeModeManager (HealthyPipelineSafeModeRule.java:process(124)) - SCM in safe mode. Healthy pipelines reported count is 1, required healthy pipeline reported count is 1
2021-12-22 08:23:29,753 [EventQueue-OpenPipelineForHealthyPipelineSafeModeRule] INFO  safemode.SCMSafeModeManager (SCMSafeModeManager.java:validateSafeModeExitRules(204)) - HealthyPipelineSafeModeRule rule is successfully validated
2021-12-22 08:23:29,753 [EventQueue-OpenPipelineForHealthyPipelineSafeModeRule] INFO  safemode.SCMSafeModeManager (SCMSafeModeManager.java:validateSafeModeExitRules(219)) - ScmSafeModeManager, all rules are successfully validated
2021-12-22 08:23:29,753 [EventQueue-OpenPipelineForHealthyPipelineSafeModeRule] INFO  safemode.SCMSafeModeManager (SCMSafeModeManager.java:exitSafeMode(248)) - SCM exiting safe mode.
2021-12-22 08:23:29,753 [EventQueue-OpenPipelineForHealthyPipelineSafeModeRule] WARN  events.EventQueue (EventQueue.java:fireEvent(194)) - No event handler registered for event TypedEvent{payloadType=SafeModeStatus, name='Safe mode status'}
2021-12-22 08:23:29,753 [EventQueue-OpenPipelineForHealthyPipelineSafeModeRule] INFO  ha.SCMContext (SCMContext.java:updateSafeModeStatus(211)) - Update SafeModeStatus from SafeModeStatus{safeModeStatus=true, preCheckPassed=true} to SafeModeStatus{safeModeStatus=false, preCheckPassed=true}.
2021-12-22 08:23:29,753 [EventQueue-OpenPipelineForHealthyPipelineSafeModeRule] INFO  pipeline.BackgroundPipelineCreator (BackgroundPipelineCreator.java:notifyStatusChanged(264)) - Service BackgroundPipelineCreator transitions to RUNNING.
2021-12-22 08:23:29,753 [EventQueue-OpenPipelineForHealthyPipelineSafeModeRule] INFO  container.ReplicationManager (ReplicationManager.java:notifyStatusChanged(1758)) - Service ReplicationManager transitions to RUNNING.
2021-12-22 08:23:29,756 [Listener at 127.0.0.1/32839] INFO  ozone.MiniOzoneClusterImpl (MiniOzoneClusterImpl.java:lambda$waitForClusterToBeReady$0(235)) - Nodes are ready. Got 3 of 3 DN Heartbeats.
2021-12-22 08:23:29,763 [Listener at 127.0.0.1/32839] INFO  ozone.MiniOzoneClusterImpl (MiniOzoneClusterImpl.java:lambda$waitForClusterToBeReady$0(238)) - Cluster exits safe mode
2021-12-22 08:23:29,763 [Listener at 127.0.0.1/32839] INFO  ozone.MiniOzoneClusterImpl (MiniOzoneClusterImpl.java:lambda$waitForClusterToBeReady$0(240)) - SCM became leader
2021-12-22 08:23:29,766 [e2dff65e-c8ee-417e-a5e9-8b6a43ef7195@group-3840C03710CA-LeaderElection34] INFO  impl.RoleInfo (RoleInfo.java:updateAndGet(130)) - e2dff65e-c8ee-417e-a5e9-8b6a43ef7195: start e2dff65e-c8ee-417e-a5e9-8b6a43ef7195@group-3840C03710CA-LeaderStateImpl
2021-12-22 08:23:29,766 [e2dff65e-c8ee-417e-a5e9-8b6a43ef7195@group-3840C03710CA-LeaderElection34] INFO  segmented.SegmentedRaftLogWorker (SegmentedRaftLogWorker.java:startLogSegment(394)) - e2dff65e-c8ee-417e-a5e9-8b6a43ef7195@group-3840C03710CA-SegmentedRaftLogWorker: Starting segment from index:0
2021-12-22 08:23:29,768 [e2dff65e-c8ee-417e-a5e9-8b6a43ef7195@group-3840C03710CA-SegmentedRaftLogWorker] INFO  segmented.SegmentedRaftLogWorker (SegmentedRaftLogWorker.java:execute(601)) - e2dff65e-c8ee-417e-a5e9-8b6a43ef7195@group-3840C03710CA-SegmentedRaftLogWorker: created new log segment /home/runner/work/ozone/ozone/hadoop-ozone/integration-test/target/test-dir/MiniOzoneClusterImpl-54e30266-9a77-40a3-8002-44206e2dad63/datanode-0/data/ratis/e4c555e0-0c2d-4080-a048-3840c03710ca/current/log_inprogress_0
2021-12-22 08:23:29,819 [e2dff65e-c8ee-417e-a5e9-8b6a43ef7195@group-FE4638EC1CF7-LeaderElection35] INFO  impl.LeaderElection (LeaderElection.java:askForVotes(306)) - e2dff65e-c8ee-417e-a5e9-8b6a43ef7195@group-FE4638EC1CF7-LeaderElection35 ELECTION round 0: submit vote requests at term 1 for -1: [e2dff65e-c8ee-417e-a5e9-8b6a43ef7195|rpc:10.1.0.28:36499|priority:1], old=null
2021-12-22 08:23:29,819 [e2dff65e-c8ee-417e-a5e9-8b6a43ef7195@group-FE4638EC1CF7-LeaderElection35] INFO  impl.LeaderElection (LeaderElection.java:askForVotes(308)) - e2dff65e-c8ee-417e-a5e9-8b6a43ef7195@group-FE4638EC1CF7-LeaderElection35 ELECTION round 0: result PASSED (term=1)
2021-12-22 08:23:29,819 [e2dff65e-c8ee-417e-a5e9-8b6a43ef7195@group-FE4638EC1CF7-LeaderElection35] INFO  impl.RoleInfo (RoleInfo.java:shutdownLeaderElection(121)) - e2dff65e-c8ee-417e-a5e9-8b6a43ef7195: shutdown e2dff65e-c8ee-417e-a5e9-8b6a43ef7195@group-FE4638EC1CF7-LeaderElection35
2021-12-22 08:23:29,820 [e2dff65e-c8ee-417e-a5e9-8b6a43ef7195@group-FE4638EC1CF7-LeaderElection35] INFO  server.RaftServer$Division (RaftServerImpl.java:setRole(290)) - e2dff65e-c8ee-417e-a5e9-8b6a43ef7195@group-FE4638EC1CF7: changes role from CANDIDATE to LEADER at term 1 for changeToLeader
2021-12-22 08:23:29,820 [e2dff65e-c8ee-417e-a5e9-8b6a43ef7195@group-FE4638EC1CF7-LeaderElection35] INFO  ratis.XceiverServerRatis (XceiverServerRatis.java:handleLeaderChangedNotification(866)) - Leader change notification received for group: group-FE4638EC1CF7 with new leaderId: e2dff65e-c8ee-417e-a5e9-8b6a43ef7195
2021-12-22 08:23:29,820 [e2dff65e-c8ee-417e-a5e9-8b6a43ef7195@group-FE4638EC1CF7-LeaderElection35] INFO  server.RaftServer$Division (ServerState.java:setLeader(285)) - e2dff65e-c8ee-417e-a5e9-8b6a43ef7195@group-FE4638EC1CF7: change Leader from null to e2dff65e-c8ee-417e-a5e9-8b6a43ef7195 at term 1 for becomeLeader, leader elected after 5262ms
2021-12-22 08:23:29,820 [e2dff65e-c8ee-417e-a5e9-8b6a43ef7195@group-FE4638EC1CF7-LeaderElection35] INFO  server.RaftServerConfigKeys (ConfUtils.java:logGet(44)) - raft.server.staging.catchup.gap = 1000 (default)
2021-12-22 08:23:29,820 [e2dff65e-c8ee-417e-a5e9-8b6a43ef7195@group-FE4638EC1CF7-LeaderElection35] INFO  server.RaftServerConfigKeys (ConfUtils.java:logGet(44)) - raft.server.write.element-limit = 1024 (custom)
2021-12-22 08:23:29,820 [e2dff65e-c8ee-417e-a5e9-8b6a43ef7195@group-FE4638EC1CF7-LeaderElection35] INFO  server.RaftServerConfigKeys (ConfUtils.java:logGet(44)) - raft.server.write.byte-limit = 1024 M (=1073741824) (custom)
2021-12-22 08:23:29,820 [e2dff65e-c8ee-417e-a5e9-8b6a43ef7195@group-FE4638EC1CF7-LeaderElection35] INFO  server.RaftServerConfigKeys (ConfUtils.java:logGet(44)) - raft.server.watch.timeout = 180s (custom)
2021-12-22 08:23:29,820 [e2dff65e-c8ee-417e-a5e9-8b6a43ef7195@group-FE4638EC1CF7-LeaderElection35] INFO  server.RaftServerConfigKeys (ConfUtils.java:logGet(44)) - raft.server.watch.timeout.denomination = 1s (default)
2021-12-22 08:23:29,820 [e2dff65e-c8ee-417e-a5e9-8b6a43ef7195@group-FE4638EC1CF7-LeaderElection35] INFO  server.RaftServerConfigKeys (ConfUtils.java:logGet(44)) - raft.server.watch.element-limit = 65536 (default)
2021-12-22 08:23:29,820 [e2dff65e-c8ee-417e-a5e9-8b6a43ef7195@group-FE4638EC1CF7-LeaderElection35] INFO  server.RaftServerConfigKeys (ConfUtils.java:logGet(44)) - raft.server.write.element-limit = 1024 (custom)
2021-12-22 08:23:29,821 [e2dff65e-c8ee-417e-a5e9-8b6a43ef7195@group-FE4638EC1CF7-LeaderElection35] INFO  server.RaftServerConfigKeys (ConfUtils.java:logGet(44)) - raft.server.write.follower.gap.ratio.max = -1.0 (default)
2021-12-22 08:23:29,821 [e2dff65e-c8ee-417e-a5e9-8b6a43ef7195@group-FE4638EC1CF7-LeaderElection35] INFO  impl.RoleInfo (RoleInfo.java:updateAndGet(130)) - e2dff65e-c8ee-417e-a5e9-8b6a43ef7195: start e2dff65e-c8ee-417e-a5e9-8b6a43ef7195@group-FE4638EC1CF7-LeaderStateImpl
2021-12-22 08:23:29,821 [e2dff65e-c8ee-417e-a5e9-8b6a43ef7195@group-FE4638EC1CF7-LeaderElection35] INFO  segmented.SegmentedRaftLogWorker (SegmentedRaftLogWorker.java:startLogSegment(394)) - e2dff65e-c8ee-417e-a5e9-8b6a43ef7195@group-FE4638EC1CF7-SegmentedRaftLogWorker: Starting segment from index:0
2021-12-22 08:23:29,827 [e2dff65e-c8ee-417e-a5e9-8b6a43ef7195@group-FE4638EC1CF7-SegmentedRaftLogWorker] INFO  segmented.SegmentedRaftLogWorker (SegmentedRaftLogWorker.java:execute(601)) - e2dff65e-c8ee-417e-a5e9-8b6a43ef7195@group-FE4638EC1CF7-SegmentedRaftLogWorker: created new log segment /home/runner/work/ozone/ozone/hadoop-ozone/integration-test/target/test-dir/MiniOzoneClusterImpl-54e30266-9a77-40a3-8002-44206e2dad63/datanode-0/data/ratis/53e7663a-a584-4a78-a415-fe4638ec1cf7/current/log_inprogress_0
2021-12-22 08:23:29,835 [grpc-default-executor-1] INFO  server.RaftServer$Division (RaftServerImpl.java:requestVote(1046)) - 791d2455-6582-4f2f-b9b1-50b113e76b2a@group-3840C03710CA: receive requestVote(ELECTION, e2dff65e-c8ee-417e-a5e9-8b6a43ef7195, group-3840C03710CA, 1, (t:0, i:0))
2021-12-22 08:23:29,835 [grpc-default-executor-1] INFO  impl.VoteContext (VoteContext.java:log(48)) - 791d2455-6582-4f2f-b9b1-50b113e76b2a@group-3840C03710CA-FOLLOWER: accept ELECTION from e2dff65e-c8ee-417e-a5e9-8b6a43ef7195: our priority 0 <= candidate's priority 1
2021-12-22 08:23:29,835 [grpc-default-executor-1] INFO  server.RaftServer$Division (RaftServerImpl.java:setRole(290)) - 791d2455-6582-4f2f-b9b1-50b113e76b2a@group-3840C03710CA: changes role from  FOLLOWER to FOLLOWER at term 1 for candidate:e2dff65e-c8ee-417e-a5e9-8b6a43ef7195
2021-12-22 08:23:29,835 [grpc-default-executor-1] INFO  impl.RoleInfo (RoleInfo.java:shutdownFollowerState(108)) - 791d2455-6582-4f2f-b9b1-50b113e76b2a: shutdown 791d2455-6582-4f2f-b9b1-50b113e76b2a@group-3840C03710CA-FollowerState
2021-12-22 08:23:29,865 [e2dff65e-c8ee-417e-a5e9-8b6a43ef7195@group-FE4638EC1CF7-LeaderElection35] INFO  server.RaftServer$Division (ServerState.java:setRaftConf(387)) - e2dff65e-c8ee-417e-a5e9-8b6a43ef7195@group-FE4638EC1CF7: set configuration 0: [e2dff65e-c8ee-417e-a5e9-8b6a43ef7195|rpc:10.1.0.28:36499|dataStream:|priority:1], old=null
2021-12-22 08:23:29,866 [grpc-default-executor-1] INFO  impl.RoleInfo (RoleInfo.java:updateAndGet(130)) - 791d2455-6582-4f2f-b9b1-50b113e76b2a: start 791d2455-6582-4f2f-b9b1-50b113e76b2a@group-3840C03710CA-FollowerState
2021-12-22 08:23:29,866 [Listener at 127.0.0.1/32839] INFO  rpc.RpcClient (RpcClient.java:createVolume(389)) - Creating Volume: volume45203, with user36353 as owner and space quota set to -1 bytes, counts quota set to -1
2021-12-22 08:23:29,873 [grpc-default-executor-1] INFO  server.RaftServer$Division (RaftServerImpl.java:requestVote(1078)) - 791d2455-6582-4f2f-b9b1-50b113e76b2a@group-3840C03710CA replies to ELECTION vote request: e2dff65e-c8ee-417e-a5e9-8b6a43ef7195<-791d2455-6582-4f2f-b9b1-50b113e76b2a#0:OK-t1. Peer's state: 791d2455-6582-4f2f-b9b1-50b113e76b2a@group-3840C03710CA:t1, leader=null, voted=e2dff65e-c8ee-417e-a5e9-8b6a43ef7195, raftlog=791d2455-6582-4f2f-b9b1-50b113e76b2a@group-3840C03710CA-SegmentedRaftLog:OPENED:c-1, conf=-1: [d0511d9b-43cc-47c5-9566-2dcc399246f6|rpc:10.1.0.28:35723|dataStream:|priority:0, e2dff65e-c8ee-417e-a5e9-8b6a43ef7195|rpc:10.1.0.28:36499|dataStream:|priority:1, 791d2455-6582-4f2f-b9b1-50b113e76b2a|rpc:10.1.0.28:34271|dataStream:|priority:0], old=null
2021-12-22 08:23:29,884 [e2dff65e-c8ee-417e-a5e9-8b6a43ef7195@group-3840C03710CA-LeaderElection34] INFO  server.RaftServer$Division (ServerState.java:setRaftConf(387)) - e2dff65e-c8ee-417e-a5e9-8b6a43ef7195@group-3840C03710CA: set configuration 0: [d0511d9b-43cc-47c5-9566-2dcc399246f6|rpc:10.1.0.28:35723|dataStream:|priority:0, e2dff65e-c8ee-417e-a5e9-8b6a43ef7195|rpc:10.1.0.28:36499|dataStream:|priority:1, 791d2455-6582-4f2f-b9b1-50b113e76b2a|rpc:10.1.0.28:34271|dataStream:|priority:0], old=null
2021-12-22 08:23:29,902 [791d2455-6582-4f2f-b9b1-50b113e76b2a@group-3840C03710CA-FollowerState] INFO  impl.FollowerState (FollowerState.java:run(143)) - 791d2455-6582-4f2f-b9b1-50b113e76b2a@group-3840C03710CA-FollowerState was interrupted: {}
java.lang.InterruptedException: sleep interrupted
	at java.lang.Thread.sleep(Native Method)
	at java.lang.Thread.sleep(Thread.java:340)
	at java.util.concurrent.TimeUnit.sleep(TimeUnit.java:386)
	at org.apache.ratis.util.TimeDuration.sleep(TimeDuration.java:324)
	at org.apache.ratis.util.TimeDuration.sleep(TimeDuration.java:309)
	at org.apache.ratis.server.impl.FollowerState.run(FollowerState.java:118)
2021-12-22 08:23:29,916 [grpc-default-executor-1] INFO  ratis.XceiverServerRatis (XceiverServerRatis.java:handleLeaderChangedNotification(866)) - Leader change notification received for group: group-3840C03710CA with new leaderId: e2dff65e-c8ee-417e-a5e9-8b6a43ef7195
2021-12-22 08:23:29,916 [grpc-default-executor-1] INFO  server.RaftServer$Division (ServerState.java:setLeader(285)) - 791d2455-6582-4f2f-b9b1-50b113e76b2a@group-3840C03710CA: change Leader from null to e2dff65e-c8ee-417e-a5e9-8b6a43ef7195 at term 1 for appendEntries, leader elected after 4897ms
2021-12-22 08:23:29,946 [grpc-default-executor-2] INFO  ratis.XceiverServerRatis (XceiverServerRatis.java:handleLeaderChangedNotification(866)) - Leader change notification received for group: group-3840C03710CA with new leaderId: e2dff65e-c8ee-417e-a5e9-8b6a43ef7195
2021-12-22 08:23:29,946 [grpc-default-executor-2] INFO  server.RaftServer$Division (ServerState.java:setLeader(285)) - d0511d9b-43cc-47c5-9566-2dcc399246f6@group-3840C03710CA: change Leader from null to e2dff65e-c8ee-417e-a5e9-8b6a43ef7195 at term 1 for appendEntries, leader elected after 5131ms
2021-12-22 08:23:29,946 [grpc-default-executor-1] INFO  server.RaftServer$Division (ServerState.java:setRaftConf(387)) - 791d2455-6582-4f2f-b9b1-50b113e76b2a@group-3840C03710CA: set configuration 0: [d0511d9b-43cc-47c5-9566-2dcc399246f6|rpc:10.1.0.28:35723|dataStream:|priority:0, e2dff65e-c8ee-417e-a5e9-8b6a43ef7195|rpc:10.1.0.28:36499|dataStream:|priority:1, 791d2455-6582-4f2f-b9b1-50b113e76b2a|rpc:10.1.0.28:34271|dataStream:|priority:0], old=null
2021-12-22 08:23:29,946 [grpc-default-executor-1] INFO  segmented.SegmentedRaftLogWorker (SegmentedRaftLogWorker.java:startLogSegment(394)) - 791d2455-6582-4f2f-b9b1-50b113e76b2a@group-3840C03710CA-SegmentedRaftLogWorker: Starting segment from index:0
2021-12-22 08:23:29,958 [791d2455-6582-4f2f-b9b1-50b113e76b2a@group-3840C03710CA-SegmentedRaftLogWorker] INFO  segmented.SegmentedRaftLogWorker (SegmentedRaftLogWorker.java:execute(601)) - 791d2455-6582-4f2f-b9b1-50b113e76b2a@group-3840C03710CA-SegmentedRaftLogWorker: created new log segment /home/runner/work/ozone/ozone/hadoop-ozone/integration-test/target/test-dir/MiniOzoneClusterImpl-54e30266-9a77-40a3-8002-44206e2dad63/datanode-1/data/ratis/e4c555e0-0c2d-4080-a048-3840c03710ca/current/log_inprogress_0
2021-12-22 08:23:29,966 [OM StateMachine ApplyTransaction Thread - 0] INFO  volume.OMVolumeCreateRequest (OMVolumeCreateRequest.java:validateAndUpdateCache(195)) - created volume:volume45203 for user:user36353
2021-12-22 08:23:29,997 [grpc-default-executor-2] INFO  server.RaftServer$Division (ServerState.java:setRaftConf(387)) - d0511d9b-43cc-47c5-9566-2dcc399246f6@group-3840C03710CA: set configuration 0: [d0511d9b-43cc-47c5-9566-2dcc399246f6|rpc:10.1.0.28:35723|dataStream:|priority:0, e2dff65e-c8ee-417e-a5e9-8b6a43ef7195|rpc:10.1.0.28:36499|dataStream:|priority:1, 791d2455-6582-4f2f-b9b1-50b113e76b2a|rpc:10.1.0.28:34271|dataStream:|priority:0], old=null
2021-12-22 08:23:29,997 [grpc-default-executor-2] INFO  segmented.SegmentedRaftLogWorker (SegmentedRaftLogWorker.java:startLogSegment(394)) - d0511d9b-43cc-47c5-9566-2dcc399246f6@group-3840C03710CA-SegmentedRaftLogWorker: Starting segment from index:0
2021-12-22 08:23:30,010 [d0511d9b-43cc-47c5-9566-2dcc399246f6@group-3840C03710CA-SegmentedRaftLogWorker] INFO  segmented.SegmentedRaftLogWorker (SegmentedRaftLogWorker.java:execute(601)) - d0511d9b-43cc-47c5-9566-2dcc399246f6@group-3840C03710CA-SegmentedRaftLogWorker: created new log segment /home/runner/work/ozone/ozone/hadoop-ozone/integration-test/target/test-dir/MiniOzoneClusterImpl-54e30266-9a77-40a3-8002-44206e2dad63/datanode-2/data/ratis/e4c555e0-0c2d-4080-a048-3840c03710ca/current/log_inprogress_0
2021-12-22 08:23:30,089 [Listener at 127.0.0.1/32839] INFO  rpc.RpcClient (RpcClient.java:createBucket(552)) - Creating Bucket: volume45203/bucket88017, with runner as owner and Versioning false and Storage Type set to DISK and Encryption set to false 
]]></system-out>
    <system-err><![CDATA[Exception in thread "Trash Emptier" java.lang.UnsupportedOperationException: fs.getUri() not implemented in TrashOzoneFileSystem
	at org.apache.hadoop.ozone.om.TrashOzoneFileSystem.getUri(TrashOzoneFileSystem.java:124)
	at org.apache.hadoop.fs.FileSystem.close(FileSystem.java:2592)
	at org.apache.hadoop.ozone.om.TrashPolicyOzone$Emptier.run(TrashPolicyOzone.java:243)
	at java.lang.Thread.run(Thread.java:748)
]]></system-err>
  </testcase>
  <testcase name="testRenameFile[3]" classname="org.apache.hadoop.fs.ozone.TestRootedOzoneFileSystem" time="0.295"/>
  <testcase name="testListStatusRootAndVolumeRecursive[3]" classname="org.apache.hadoop.fs.ozone.TestRootedOzoneFileSystem" time="1.132"/>
  <testcase name="testTempMount[3]" classname="org.apache.hadoop.fs.ozone.TestRootedOzoneFileSystem" time="0.355"/>
  <testcase name="testListStatusRootAndVolumeNonRecursive[3]" classname="org.apache.hadoop.fs.ozone.TestRootedOzoneFileSystem" time="0.664"/>
  <testcase name="testDeleteVolumeAndBucket[3]" classname="org.apache.hadoop.fs.ozone.TestRootedOzoneFileSystem" time="0.069"/>
  <testcase name="testRenameDirToItsOwnSubDir[3]" classname="org.apache.hadoop.fs.ozone.TestRootedOzoneFileSystem" time="0.035"/>
  <testcase name="testOzoneFsServiceLoader[3]" classname="org.apache.hadoop.fs.ozone.TestRootedOzoneFileSystem" time="0.116"/>
  <testcase name="testTrash[3]" classname="org.apache.hadoop.fs.ozone.TestRootedOzoneFileSystem" time="0">
    <skipped/>
  </testcase>
  <testcase name="testRenameDestinationParentDoesntExist[3]" classname="org.apache.hadoop.fs.ozone.TestRootedOzoneFileSystem" time="0.081"/>
  <testcase name="testGetFileStatusRoot[3]" classname="org.apache.hadoop.fs.ozone.TestRootedOzoneFileSystem" time="0.008"/>
  <testcase name="testCreateWithInvalidPaths[3]" classname="org.apache.hadoop.fs.ozone.TestRootedOzoneFileSystem" time="0.013"/>
  <testcase name="testDeleteEmptyVolume[3]" classname="org.apache.hadoop.fs.ozone.TestRootedOzoneFileSystem" time="0.114"/>
  <testcase name="testListStatusRootAndVolumeContinuation[3]" classname="org.apache.hadoop.fs.ozone.TestRootedOzoneFileSystem" time="1.466"/>
  <testcase name="testDeleteVolumeBucketAndKey[3]" classname="org.apache.hadoop.fs.ozone.TestRootedOzoneFileSystem" time="0.095"/>
  <testcase name="testRenameToParentDir[3]" classname="org.apache.hadoop.fs.ozone.TestRootedOzoneFileSystem" time="0.095"/>
  <testcase name="testMkdirNonExistentVolumeBucket[3]" classname="org.apache.hadoop.fs.ozone.TestRootedOzoneFileSystem" time="0.076"/>
  <testcase name="testFailToDeleteRoot[3]" classname="org.apache.hadoop.fs.ozone.TestRootedOzoneFileSystem" time="0.016"/>
  <testcase name="testListStatusOnSubDirs[3]" classname="org.apache.hadoop.fs.ozone.TestRootedOzoneFileSystem" time="0.066"/>
  <testcase name="testListStatus[3]" classname="org.apache.hadoop.fs.ozone.TestRootedOzoneFileSystem" time="0.051"/>
  <testcase name="testGetTrashRoots[3]" classname="org.apache.hadoop.fs.ozone.TestRootedOzoneFileSystem" time="1.144"/>
  <testcase name="testCreateDoesNotAddParentDirKeys[3]" classname="org.apache.hadoop.fs.ozone.TestRootedOzoneFileSystem" time="0.186"/>
  <testcase name="testMkdirNonExistentVolume[3]" classname="org.apache.hadoop.fs.ozone.TestRootedOzoneFileSystem" time="0.028"/>
  <testcase name="testDeleteCreatesFakeParentDir[3]" classname="org.apache.hadoop.fs.ozone.TestRootedOzoneFileSystem" time="0.267"/>
  <testcase name="testNonExplicitlyCreatedPathExistsAfterItsLeafsWereRemoved[3]" classname="org.apache.hadoop.fs.ozone.TestRootedOzoneFileSystem" time="0.104"/>
  <testcase name="testFileDelete[3]" classname="org.apache.hadoop.fs.ozone.TestRootedOzoneFileSystem" time="0.215"/>
  <testcase name="testRenameToTrashEnabled[3]" classname="org.apache.hadoop.fs.ozone.TestRootedOzoneFileSystem" time="0.282"/>
  <testcase name="testMkdirOnNonExistentVolumeBucketDir[3]" classname="org.apache.hadoop.fs.ozone.TestRootedOzoneFileSystem" time="0.098"/>
  <testcase name="testListStatusOnLargeDirectory[3]" classname="org.apache.hadoop.fs.ozone.TestRootedOzoneFileSystem" time="14.816"/>
  <testcase name="testRenameToDifferentBucket[3]" classname="org.apache.hadoop.fs.ozone.TestRootedOzoneFileSystem" time="0.042"/>
  <testcase name="testListStatusInBucket[3]" classname="org.apache.hadoop.fs.ozone.TestRootedOzoneFileSystem" time="0.011"/>
  <testcase name="testRenameFileToDir[3]" classname="org.apache.hadoop.fs.ozone.TestRootedOzoneFileSystem" time="0.137"/>
  <testcase name="testNonPrivilegedUserMkdirCreateBucket[4]" classname="org.apache.hadoop.fs.ozone.TestRootedOzoneFileSystem" time="0">
    <skipped message="ACL is not enabled. Skipping this test as it requires ACL to be enabled to be meaningful." type="org.junit.AssumptionViolatedException">org.junit.AssumptionViolatedException: ACL is not enabled. Skipping this test as it requires ACL to be enabled to be meaningful.
	at org.junit.Assume.assumeTrue(Assume.java:68)
	at org.apache.hadoop.fs.ozone.TestRootedOzoneFileSystem.testNonPrivilegedUserMkdirCreateBucket(TestRootedOzoneFileSystem.java:1582)
	at sun.reflect.NativeMethodAccessorImpl.invoke0(Native Method)
	at sun.reflect.NativeMethodAccessorImpl.invoke(NativeMethodAccessorImpl.java:62)
	at sun.reflect.DelegatingMethodAccessorImpl.invoke(DelegatingMethodAccessorImpl.java:43)
	at java.lang.reflect.Method.invoke(Method.java:498)
	at org.junit.runners.model.FrameworkMethod$1.runReflectiveCall(FrameworkMethod.java:59)
	at org.junit.internal.runners.model.ReflectiveCallable.run(ReflectiveCallable.java:12)
	at org.junit.runners.model.FrameworkMethod.invokeExplosively(FrameworkMethod.java:56)
	at org.junit.internal.runners.statements.InvokeMethod.evaluate(InvokeMethod.java:17)
	at org.junit.internal.runners.statements.FailOnTimeout$CallableStatement.call(FailOnTimeout.java:288)
	at org.junit.internal.runners.statements.FailOnTimeout$CallableStatement.call(FailOnTimeout.java:282)
	at java.util.concurrent.FutureTask.run(FutureTask.java:266)
	at java.lang.Thread.run(Thread.java:748)
</skipped>
    <system-out><![CDATA[2021-12-22 08:23:52,222 [Listener at 127.0.0.1/32839] INFO  ozone.MiniOzoneClusterImpl (MiniOzoneClusterImpl.java:shutdown(453)) - Shutting down the Mini Ozone Cluster
2021-12-22 08:23:52,223 [Listener at 127.0.0.1/32839] INFO  ozone.MiniOzoneClusterImpl (MiniOzoneClusterImpl.java:stop(468)) - Stopping the Mini Ozone Cluster
2021-12-22 08:23:52,223 [Listener at 127.0.0.1/32839] INFO  ozone.MiniOzoneClusterImpl (MiniOzoneClusterImpl.java:stopOM(550)) - Stopping the OzoneManager
2021-12-22 08:23:52,223 [Listener at 127.0.0.1/32839] INFO  om.OzoneManager (OzoneManager.java:stop(1893)) - om1[localhost:0]: Stopping Ozone Manager
2021-12-22 08:23:52,223 [Listener at 127.0.0.1/32839] INFO  ipc.Server (Server.java:stop(3414)) - Stopping server on 32839
2021-12-22 08:23:52,242 [IPC Server listener on 0] INFO  ipc.Server (Server.java:run(1376)) - Stopping IPC Server listener on 0
2021-12-22 08:23:52,269 [IPC Server Responder] INFO  ipc.Server (Server.java:run(1512)) - Stopping IPC Server Responder
2021-12-22 08:23:52,269 [Listener at 127.0.0.1/32839] INFO  server.RaftServer (RaftServerProxy.java:lambda$close$6(391)) - om1: close
2021-12-22 08:23:52,270 [Listener at 127.0.0.1/32839] INFO  server.RaftServer$Division (RaftServerImpl.java:lambda$close$4(412)) - om1@group-C5BA1605619E: shutdown
2021-12-22 08:23:52,270 [Listener at 127.0.0.1/32839] INFO  util.JmxRegister (JmxRegister.java:unregister(73)) - Successfully un-registered JMX Bean with object name Ratis:service=RaftServer,group=group-C5BA1605619E,id=om1
2021-12-22 08:23:52,270 [Listener at 127.0.0.1/32839] INFO  impl.RoleInfo (RoleInfo.java:shutdownLeaderState(91)) - om1: shutdown om1@group-C5BA1605619E-LeaderStateImpl
2021-12-22 08:23:52,270 [Listener at 127.0.0.1/32839] INFO  impl.PendingRequests (PendingRequests.java:sendNotLeaderResponses(282)) - om1@group-C5BA1605619E-PendingRequests: sendNotLeaderResponses
2021-12-22 08:23:52,302 [Listener at 127.0.0.1/32839] INFO  impl.StateMachineUpdater (StateMachineUpdater.java:stopAndJoin(149)) - om1@group-C5BA1605619E-StateMachineUpdater: set stopIndex = 6688
2021-12-22 08:23:52,304 [om1@group-C5BA1605619E-StateMachineUpdater] INFO  ratis.OzoneManagerStateMachine (OzoneManagerStateMachine.java:takeSnapshot(417)) - Current Snapshot Index (t:1, i:6688)
2021-12-22 08:23:52,304 [om1@group-C5BA1605619E-StateMachineUpdater] INFO  impl.StateMachineUpdater (StateMachineUpdater.java:takeSnapshot(281)) - om1@group-C5BA1605619E-StateMachineUpdater: Took a snapshot at index 6688
2021-12-22 08:23:52,305 [om1@group-C5BA1605619E-StateMachineUpdater] INFO  impl.StateMachineUpdater (StateMachineUpdater.java:lambda$new$0(89)) - om1@group-C5BA1605619E-StateMachineUpdater: snapshotIndex: updateIncreasingly -1 -> 6688
2021-12-22 08:23:52,305 [om1@group-C5BA1605619E-StateMachineUpdater] INFO  ratis.OzoneManagerStateMachine (OzoneManagerStateMachine.java:close(471)) - StateMachine has shutdown. Shutdown OzoneManager if not already shutdown.
2021-12-22 08:23:52,310 [Listener at 127.0.0.1/32839] INFO  server.RaftServer$Division (ServerState.java:close(419)) - om1@group-C5BA1605619E: closes. applyIndex: 6688
2021-12-22 08:23:52,311 [om1@group-C5BA1605619E-SegmentedRaftLogWorker] INFO  segmented.SegmentedRaftLogWorker (SegmentedRaftLogWorker.java:run(327)) - om1@group-C5BA1605619E-SegmentedRaftLogWorker was interrupted, exiting. There are 0 tasks remaining in the queue.
2021-12-22 08:23:52,312 [Listener at 127.0.0.1/32839] INFO  segmented.SegmentedRaftLogWorker (SegmentedRaftLogWorker.java:close(237)) - om1@group-C5BA1605619E-SegmentedRaftLogWorker close()
2021-12-22 08:23:52,313 [Listener at 127.0.0.1/32839] INFO  server.GrpcService (GrpcService.java:closeImpl(262)) - om1: shutdown server with port 9872 now
2021-12-22 08:23:52,325 [Listener at 127.0.0.1/32839] INFO  server.GrpcService (GrpcService.java:closeImpl(271)) - om1: shutdown server with port 9872 successfully
2021-12-22 08:23:52,325 [org.apache.ratis.util.JvmPauseMonitor$$Lambda$528/1268289547@74f8dc1b] INFO  util.JvmPauseMonitor (JvmPauseMonitor.java:run(109)) - JvmPauseMonitor-om1: Stopped
2021-12-22 08:23:52,330 [Listener at 127.0.0.1/32839] INFO  ratis.OzoneManagerDoubleBuffer (OzoneManagerDoubleBuffer.java:stop(437)) - Stopping OMDoubleBuffer flush thread
2021-12-22 08:23:52,330 [OMDoubleBufferFlushThread] INFO  ratis.OzoneManagerDoubleBuffer (OzoneManagerDoubleBuffer.java:flushTransactions(356)) - OMDoubleBuffer flush thread OMDoubleBufferFlushThread is interrupted and will exit. OMDoubleBufferFlushThread
2021-12-22 08:23:52,333 [Listener at 127.0.0.1/32839] INFO  utils.BackgroundService (BackgroundService.java:shutdown(132)) - Shutting down service KeyDeletingService
2021-12-22 08:23:52,334 [Listener at 127.0.0.1/32839] INFO  utils.BackgroundService (BackgroundService.java:shutdown(132)) - Shutting down service DirectoryDeletingService
2021-12-22 08:23:52,334 [Listener at 127.0.0.1/32839] INFO  handler.ContextHandler (ContextHandler.java:doStop(1153)) - Stopped o.e.j.w.WebAppContext@34ec84e{ozoneManager,/,null,STOPPED}{file:/home/runner/work/ozone/ozone/hadoop-ozone/integration-test/target/test-classes/webapps/ozoneManager}
2021-12-22 08:23:52,336 [Listener at 127.0.0.1/32839] INFO  server.AbstractConnector (AbstractConnector.java:doStop(381)) - Stopped ServerConnector@9405aad{HTTP/1.1, (http/1.1)}{0.0.0.0:0}
2021-12-22 08:23:52,337 [Listener at 127.0.0.1/32839] INFO  server.session (HouseKeeper.java:stopScavenging(149)) - node0 Stopped scavenging
2021-12-22 08:23:52,337 [Listener at 127.0.0.1/32839] INFO  handler.ContextHandler (ContextHandler.java:doStop(1153)) - Stopped o.e.j.s.ServletContextHandler@553fe912{static,/static,file:///home/runner/work/ozone/ozone/hadoop-ozone/integration-test/target/test-classes/webapps/static,STOPPED}
2021-12-22 08:23:52,337 [Listener at 127.0.0.1/32839] INFO  handler.ContextHandler (ContextHandler.java:doStop(1153)) - Stopped o.e.j.s.ServletContextHandler@379a9dab{logs,/logs,file:///home/runner/work/ozone/ozone/hadoop-ozone/integration-test/target/log,STOPPED}
2021-12-22 08:23:52,354 [Listener at 127.0.0.1/32839] INFO  ozone.MiniOzoneClusterImpl (MiniOzoneClusterImpl.java:stopDatanodes(527)) - Stopping the HddsDatanodes
2021-12-22 08:23:57,359 [ForkJoinPool.commonPool-worker-0] INFO  ozoneimpl.OzoneContainer (OzoneContainer.java:stop(336)) - Attempting to stop container services.
2021-12-22 08:23:57,359 [Listener at 127.0.0.1/32839] INFO  ozoneimpl.OzoneContainer (OzoneContainer.java:stop(336)) - Attempting to stop container services.
2021-12-22 08:23:57,360 [ForkJoinPool.commonPool-worker-0] INFO  server.RaftServer (RaftServerProxy.java:lambda$close$6(391)) - e2dff65e-c8ee-417e-a5e9-8b6a43ef7195: close
2021-12-22 08:23:57,360 [ForkJoinPool.commonPool-worker-0] INFO  server.RaftServer$Division (RaftServerImpl.java:lambda$close$4(412)) - e2dff65e-c8ee-417e-a5e9-8b6a43ef7195@group-FE4638EC1CF7: shutdown
2021-12-22 08:23:57,360 [ForkJoinPool.commonPool-worker-0] INFO  util.JmxRegister (JmxRegister.java:unregister(73)) - Successfully un-registered JMX Bean with object name Ratis:service=RaftServer,group=group-FE4638EC1CF7,id=e2dff65e-c8ee-417e-a5e9-8b6a43ef7195
2021-12-22 08:23:57,360 [ForkJoinPool.commonPool-worker-0] INFO  impl.RoleInfo (RoleInfo.java:shutdownLeaderState(91)) - e2dff65e-c8ee-417e-a5e9-8b6a43ef7195: shutdown e2dff65e-c8ee-417e-a5e9-8b6a43ef7195@group-FE4638EC1CF7-LeaderStateImpl
2021-12-22 08:23:57,360 [ForkJoinPool.commonPool-worker-0] INFO  impl.PendingRequests (PendingRequests.java:sendNotLeaderResponses(282)) - e2dff65e-c8ee-417e-a5e9-8b6a43ef7195@group-FE4638EC1CF7-PendingRequests: sendNotLeaderResponses
2021-12-22 08:23:57,361 [ForkJoinPool.commonPool-worker-0] INFO  impl.StateMachineUpdater (StateMachineUpdater.java:stopAndJoin(149)) - e2dff65e-c8ee-417e-a5e9-8b6a43ef7195@group-FE4638EC1CF7-StateMachineUpdater: set stopIndex = 0
2021-12-22 08:23:57,361 [e2dff65e-c8ee-417e-a5e9-8b6a43ef7195@group-FE4638EC1CF7-StateMachineUpdater] INFO  ratis.ContainerStateMachine (ContainerStateMachine.java:takeSnapshot(299)) - group-FE4638EC1CF7: Taking a snapshot at:(t:1, i:0) file /home/runner/work/ozone/ozone/hadoop-ozone/integration-test/target/test-dir/MiniOzoneClusterImpl-54e30266-9a77-40a3-8002-44206e2dad63/datanode-0/data/ratis/53e7663a-a584-4a78-a415-fe4638ec1cf7/sm/snapshot.1_0
2021-12-22 08:23:57,363 [e2dff65e-c8ee-417e-a5e9-8b6a43ef7195@group-FE4638EC1CF7-StateMachineUpdater] INFO  ratis.ContainerStateMachine (ContainerStateMachine.java:takeSnapshot(310)) - group-FE4638EC1CF7: Finished taking a snapshot at:(t:1, i:0) file:/home/runner/work/ozone/ozone/hadoop-ozone/integration-test/target/test-dir/MiniOzoneClusterImpl-54e30266-9a77-40a3-8002-44206e2dad63/datanode-0/data/ratis/53e7663a-a584-4a78-a415-fe4638ec1cf7/sm/snapshot.1_0 took: 1 ms
2021-12-22 08:23:57,363 [e2dff65e-c8ee-417e-a5e9-8b6a43ef7195@group-FE4638EC1CF7-StateMachineUpdater] INFO  impl.StateMachineUpdater (StateMachineUpdater.java:takeSnapshot(281)) - e2dff65e-c8ee-417e-a5e9-8b6a43ef7195@group-FE4638EC1CF7-StateMachineUpdater: Took a snapshot at index 0
2021-12-22 08:23:57,363 [e2dff65e-c8ee-417e-a5e9-8b6a43ef7195@group-FE4638EC1CF7-StateMachineUpdater] INFO  impl.StateMachineUpdater (StateMachineUpdater.java:lambda$new$0(89)) - e2dff65e-c8ee-417e-a5e9-8b6a43ef7195@group-FE4638EC1CF7-StateMachineUpdater: snapshotIndex: updateIncreasingly -1 -> 0
2021-12-22 08:23:57,363 [ForkJoinPool.commonPool-worker-0] INFO  server.RaftServer$Division (ServerState.java:close(419)) - e2dff65e-c8ee-417e-a5e9-8b6a43ef7195@group-FE4638EC1CF7: closes. applyIndex: 0
2021-12-22 08:23:57,364 [e2dff65e-c8ee-417e-a5e9-8b6a43ef7195@group-FE4638EC1CF7-SegmentedRaftLogWorker] INFO  segmented.SegmentedRaftLogWorker (SegmentedRaftLogWorker.java:run(327)) - e2dff65e-c8ee-417e-a5e9-8b6a43ef7195@group-FE4638EC1CF7-SegmentedRaftLogWorker was interrupted, exiting. There are 0 tasks remaining in the queue.
2021-12-22 08:23:57,364 [ForkJoinPool.commonPool-worker-0] INFO  segmented.SegmentedRaftLogWorker (SegmentedRaftLogWorker.java:close(237)) - e2dff65e-c8ee-417e-a5e9-8b6a43ef7195@group-FE4638EC1CF7-SegmentedRaftLogWorker close()
2021-12-22 08:23:57,365 [ForkJoinPool.commonPool-worker-0] INFO  server.RaftServer$Division (RaftServerImpl.java:lambda$close$4(412)) - e2dff65e-c8ee-417e-a5e9-8b6a43ef7195@group-7244C449BD80: shutdown
2021-12-22 08:23:57,365 [ForkJoinPool.commonPool-worker-0] INFO  util.JmxRegister (JmxRegister.java:unregister(73)) - Successfully un-registered JMX Bean with object name Ratis:service=RaftServer,group=group-7244C449BD80,id=e2dff65e-c8ee-417e-a5e9-8b6a43ef7195
2021-12-22 08:23:57,365 [ForkJoinPool.commonPool-worker-0] INFO  impl.RoleInfo (RoleInfo.java:shutdownFollowerState(108)) - e2dff65e-c8ee-417e-a5e9-8b6a43ef7195: shutdown e2dff65e-c8ee-417e-a5e9-8b6a43ef7195@group-7244C449BD80-FollowerState
2021-12-22 08:23:57,365 [ForkJoinPool.commonPool-worker-0] INFO  impl.StateMachineUpdater (StateMachineUpdater.java:stopAndJoin(149)) - e2dff65e-c8ee-417e-a5e9-8b6a43ef7195@group-7244C449BD80-StateMachineUpdater: set stopIndex = 0
2021-12-22 08:23:57,365 [e2dff65e-c8ee-417e-a5e9-8b6a43ef7195@group-7244C449BD80-FollowerState] INFO  impl.FollowerState (FollowerState.java:run(143)) - e2dff65e-c8ee-417e-a5e9-8b6a43ef7195@group-7244C449BD80-FollowerState was interrupted: {}
java.lang.InterruptedException: sleep interrupted
	at java.lang.Thread.sleep(Native Method)
	at java.lang.Thread.sleep(Thread.java:340)
	at java.util.concurrent.TimeUnit.sleep(TimeUnit.java:386)
	at org.apache.ratis.util.TimeDuration.sleep(TimeDuration.java:324)
	at org.apache.ratis.util.TimeDuration.sleep(TimeDuration.java:309)
	at org.apache.ratis.server.impl.FollowerState.run(FollowerState.java:118)
2021-12-22 08:23:57,365 [e2dff65e-c8ee-417e-a5e9-8b6a43ef7195@group-7244C449BD80-StateMachineUpdater] INFO  ratis.ContainerStateMachine (ContainerStateMachine.java:takeSnapshot(299)) - group-7244C449BD80: Taking a snapshot at:(t:4, i:0) file /home/runner/work/ozone/ozone/hadoop-ozone/integration-test/target/test-dir/MiniOzoneClusterImpl-54e30266-9a77-40a3-8002-44206e2dad63/datanode-0/data/ratis/da2c4216-b0f0-4b28-bf13-7244c449bd80/sm/snapshot.4_0
2021-12-22 08:23:57,374 [Listener at 127.0.0.1/32839] INFO  server.RaftServer (RaftServerProxy.java:lambda$close$6(391)) - 791d2455-6582-4f2f-b9b1-50b113e76b2a: close
2021-12-22 08:23:57,383 [Listener at 127.0.0.1/32839] INFO  server.RaftServer$Division (RaftServerImpl.java:lambda$close$4(412)) - 791d2455-6582-4f2f-b9b1-50b113e76b2a@group-B43C17A5354B: shutdown
2021-12-22 08:23:57,383 [Listener at 127.0.0.1/32839] INFO  util.JmxRegister (JmxRegister.java:unregister(73)) - Successfully un-registered JMX Bean with object name Ratis:service=RaftServer,group=group-B43C17A5354B,id=791d2455-6582-4f2f-b9b1-50b113e76b2a
2021-12-22 08:23:57,383 [Listener at 127.0.0.1/32839] INFO  impl.RoleInfo (RoleInfo.java:shutdownLeaderState(91)) - 791d2455-6582-4f2f-b9b1-50b113e76b2a: shutdown 791d2455-6582-4f2f-b9b1-50b113e76b2a@group-B43C17A5354B-LeaderStateImpl
2021-12-22 08:23:57,383 [e2dff65e-c8ee-417e-a5e9-8b6a43ef7195@group-7244C449BD80-StateMachineUpdater] INFO  ratis.ContainerStateMachine (ContainerStateMachine.java:takeSnapshot(310)) - group-7244C449BD80: Finished taking a snapshot at:(t:4, i:0) file:/home/runner/work/ozone/ozone/hadoop-ozone/integration-test/target/test-dir/MiniOzoneClusterImpl-54e30266-9a77-40a3-8002-44206e2dad63/datanode-0/data/ratis/da2c4216-b0f0-4b28-bf13-7244c449bd80/sm/snapshot.4_0 took: 18 ms
2021-12-22 08:23:57,383 [Listener at 127.0.0.1/32839] INFO  impl.PendingRequests (PendingRequests.java:sendNotLeaderResponses(282)) - 791d2455-6582-4f2f-b9b1-50b113e76b2a@group-B43C17A5354B-PendingRequests: sendNotLeaderResponses
2021-12-22 08:23:57,383 [e2dff65e-c8ee-417e-a5e9-8b6a43ef7195@group-7244C449BD80-StateMachineUpdater] INFO  impl.StateMachineUpdater (StateMachineUpdater.java:takeSnapshot(281)) - e2dff65e-c8ee-417e-a5e9-8b6a43ef7195@group-7244C449BD80-StateMachineUpdater: Took a snapshot at index 0
2021-12-22 08:23:57,383 [e2dff65e-c8ee-417e-a5e9-8b6a43ef7195@group-7244C449BD80-StateMachineUpdater] INFO  impl.StateMachineUpdater (StateMachineUpdater.java:lambda$new$0(89)) - e2dff65e-c8ee-417e-a5e9-8b6a43ef7195@group-7244C449BD80-StateMachineUpdater: snapshotIndex: updateIncreasingly -1 -> 0
2021-12-22 08:23:57,384 [Listener at 127.0.0.1/32839] INFO  impl.StateMachineUpdater (StateMachineUpdater.java:stopAndJoin(149)) - 791d2455-6582-4f2f-b9b1-50b113e76b2a@group-B43C17A5354B-StateMachineUpdater: set stopIndex = 0
2021-12-22 08:23:57,384 [ForkJoinPool.commonPool-worker-0] INFO  server.RaftServer$Division (ServerState.java:close(419)) - e2dff65e-c8ee-417e-a5e9-8b6a43ef7195@group-7244C449BD80: closes. applyIndex: 0
2021-12-22 08:23:57,384 [e2dff65e-c8ee-417e-a5e9-8b6a43ef7195@group-7244C449BD80-SegmentedRaftLogWorker] INFO  segmented.SegmentedRaftLogWorker (SegmentedRaftLogWorker.java:run(327)) - e2dff65e-c8ee-417e-a5e9-8b6a43ef7195@group-7244C449BD80-SegmentedRaftLogWorker was interrupted, exiting. There are 0 tasks remaining in the queue.
2021-12-22 08:23:57,387 [ForkJoinPool.commonPool-worker-0] INFO  segmented.SegmentedRaftLogWorker (SegmentedRaftLogWorker.java:close(237)) - e2dff65e-c8ee-417e-a5e9-8b6a43ef7195@group-7244C449BD80-SegmentedRaftLogWorker close()
2021-12-22 08:23:57,388 [ForkJoinPool.commonPool-worker-0] INFO  server.RaftServer$Division (RaftServerImpl.java:lambda$close$4(412)) - e2dff65e-c8ee-417e-a5e9-8b6a43ef7195@group-3840C03710CA: shutdown
2021-12-22 08:23:57,388 [ForkJoinPool.commonPool-worker-0] INFO  util.JmxRegister (JmxRegister.java:unregister(73)) - Successfully un-registered JMX Bean with object name Ratis:service=RaftServer,group=group-3840C03710CA,id=e2dff65e-c8ee-417e-a5e9-8b6a43ef7195
2021-12-22 08:23:57,389 [ForkJoinPool.commonPool-worker-0] INFO  impl.RoleInfo (RoleInfo.java:shutdownLeaderState(91)) - e2dff65e-c8ee-417e-a5e9-8b6a43ef7195: shutdown e2dff65e-c8ee-417e-a5e9-8b6a43ef7195@group-3840C03710CA-LeaderStateImpl
2021-12-22 08:23:57,389 [e2dff65e-c8ee-417e-a5e9-8b6a43ef7195@group-3840C03710CA->791d2455-6582-4f2f-b9b1-50b113e76b2a-GrpcLogAppender-LogAppenderDaemon] WARN  server.GrpcLogAppender (GrpcLogAppender.java:mayWait(177)) - e2dff65e-c8ee-417e-a5e9-8b6a43ef7195@group-3840C03710CA->791d2455-6582-4f2f-b9b1-50b113e76b2a-GrpcLogAppender: Wait interrupted by java.lang.InterruptedException
2021-12-22 08:23:57,389 [ForkJoinPool.commonPool-worker-0] INFO  impl.PendingRequests (PendingRequests.java:sendNotLeaderResponses(282)) - e2dff65e-c8ee-417e-a5e9-8b6a43ef7195@group-3840C03710CA-PendingRequests: sendNotLeaderResponses
2021-12-22 08:23:57,390 [ForkJoinPool.commonPool-worker-0] INFO  impl.StateMachineUpdater (StateMachineUpdater.java:stopAndJoin(149)) - e2dff65e-c8ee-417e-a5e9-8b6a43ef7195@group-3840C03710CA-StateMachineUpdater: set stopIndex = 47
2021-12-22 08:23:57,390 [e2dff65e-c8ee-417e-a5e9-8b6a43ef7195@group-3840C03710CA-StateMachineUpdater] INFO  ratis.ContainerStateMachine (ContainerStateMachine.java:takeSnapshot(299)) - group-3840C03710CA: Taking a snapshot at:(t:1, i:47) file /home/runner/work/ozone/ozone/hadoop-ozone/integration-test/target/test-dir/MiniOzoneClusterImpl-54e30266-9a77-40a3-8002-44206e2dad63/datanode-0/data/ratis/e4c555e0-0c2d-4080-a048-3840c03710ca/sm/snapshot.1_47
2021-12-22 08:23:57,392 [e2dff65e-c8ee-417e-a5e9-8b6a43ef7195@group-3840C03710CA-StateMachineUpdater] INFO  ratis.ContainerStateMachine (ContainerStateMachine.java:takeSnapshot(310)) - group-3840C03710CA: Finished taking a snapshot at:(t:1, i:47) file:/home/runner/work/ozone/ozone/hadoop-ozone/integration-test/target/test-dir/MiniOzoneClusterImpl-54e30266-9a77-40a3-8002-44206e2dad63/datanode-0/data/ratis/e4c555e0-0c2d-4080-a048-3840c03710ca/sm/snapshot.1_47 took: 1 ms
2021-12-22 08:23:57,392 [e2dff65e-c8ee-417e-a5e9-8b6a43ef7195@group-3840C03710CA-StateMachineUpdater] INFO  impl.StateMachineUpdater (StateMachineUpdater.java:takeSnapshot(281)) - e2dff65e-c8ee-417e-a5e9-8b6a43ef7195@group-3840C03710CA-StateMachineUpdater: Took a snapshot at index 47
2021-12-22 08:23:57,392 [e2dff65e-c8ee-417e-a5e9-8b6a43ef7195@group-3840C03710CA-StateMachineUpdater] INFO  impl.StateMachineUpdater (StateMachineUpdater.java:lambda$new$0(89)) - e2dff65e-c8ee-417e-a5e9-8b6a43ef7195@group-3840C03710CA-StateMachineUpdater: snapshotIndex: updateIncreasingly -1 -> 47
2021-12-22 08:23:57,393 [ForkJoinPool.commonPool-worker-0] INFO  server.RaftServer$Division (ServerState.java:close(419)) - e2dff65e-c8ee-417e-a5e9-8b6a43ef7195@group-3840C03710CA: closes. applyIndex: 47
2021-12-22 08:23:57,393 [e2dff65e-c8ee-417e-a5e9-8b6a43ef7195@group-3840C03710CA-SegmentedRaftLogWorker] INFO  segmented.SegmentedRaftLogWorker (SegmentedRaftLogWorker.java:run(327)) - e2dff65e-c8ee-417e-a5e9-8b6a43ef7195@group-3840C03710CA-SegmentedRaftLogWorker was interrupted, exiting. There are 0 tasks remaining in the queue.
2021-12-22 08:23:57,393 [ForkJoinPool.commonPool-worker-0] INFO  segmented.SegmentedRaftLogWorker (SegmentedRaftLogWorker.java:close(237)) - e2dff65e-c8ee-417e-a5e9-8b6a43ef7195@group-3840C03710CA-SegmentedRaftLogWorker close()
2021-12-22 08:23:57,394 [ForkJoinPool.commonPool-worker-0] INFO  server.GrpcService (GrpcService.java:closeImpl(262)) - e2dff65e-c8ee-417e-a5e9-8b6a43ef7195: shutdown server with port 36499 now
2021-12-22 08:23:57,399 [grpc-default-executor-3] WARN  client.GrpcClientProtocolService (LogUtils.java:warn(122)) - 1-UnorderedRequestStreamObserver1: onError: org.apache.ratis.thirdparty.io.grpc.StatusRuntimeException: CANCELLED: client cancelled
2021-12-22 08:23:57,402 [grpc-default-executor-2] WARN  server.GrpcServerProtocolService (LogUtils.java:warn(122)) - e2dff65e-c8ee-417e-a5e9-8b6a43ef7195: installSnapshot onError, lastRequest: 791d2455-6582-4f2f-b9b1-50b113e76b2a->e2dff65e-c8ee-417e-a5e9-8b6a43ef7195#1-t4,previous=(t:0, i:0),leaderCommit=0,initializing? true,entries: size=1, first=(t:4, i:0), CONFIGURATIONENTRY: org.apache.ratis.thirdparty.io.grpc.StatusRuntimeException: CANCELLED: client cancelled
2021-12-22 08:23:57,414 [grpc-default-executor-4] WARN  server.GrpcLogAppender (LogUtils.java:warn(122)) - 791d2455-6582-4f2f-b9b1-50b113e76b2a@group-7244C449BD80->e2dff65e-c8ee-417e-a5e9-8b6a43ef7195-AppendLogResponseHandler: Failed appendEntries: org.apache.ratis.thirdparty.io.grpc.StatusRuntimeException: CANCELLED: HTTP/2 error code: CANCEL
Received Rst Stream
2021-12-22 08:23:57,415 [grpc-default-executor-4] WARN  server.GrpcLogAppender (GrpcLogAppender.java:resetClient(110)) - 791d2455-6582-4f2f-b9b1-50b113e76b2a@group-7244C449BD80->e2dff65e-c8ee-417e-a5e9-8b6a43ef7195-GrpcLogAppender: Leader has not got in touch with Follower 791d2455-6582-4f2f-b9b1-50b113e76b2a@group-7244C449BD80->e2dff65e-c8ee-417e-a5e9-8b6a43ef7195(c0,m0,n1, attendVote=true, lastRpcSendTime=929, lastRpcResponseTime=925) yet, just keep nextIndex unchanged and retry.
2021-12-22 08:23:57,415 [791d2455-6582-4f2f-b9b1-50b113e76b2a@group-B43C17A5354B-StateMachineUpdater] INFO  ratis.ContainerStateMachine (ContainerStateMachine.java:takeSnapshot(299)) - group-B43C17A5354B: Taking a snapshot at:(t:1, i:0) file /home/runner/work/ozone/ozone/hadoop-ozone/integration-test/target/test-dir/MiniOzoneClusterImpl-54e30266-9a77-40a3-8002-44206e2dad63/datanode-1/data/ratis/63c5ade1-04a8-4210-a324-b43c17a5354b/sm/snapshot.1_0
2021-12-22 08:23:57,417 [791d2455-6582-4f2f-b9b1-50b113e76b2a@group-B43C17A5354B-StateMachineUpdater] INFO  ratis.ContainerStateMachine (ContainerStateMachine.java:takeSnapshot(310)) - group-B43C17A5354B: Finished taking a snapshot at:(t:1, i:0) file:/home/runner/work/ozone/ozone/hadoop-ozone/integration-test/target/test-dir/MiniOzoneClusterImpl-54e30266-9a77-40a3-8002-44206e2dad63/datanode-1/data/ratis/63c5ade1-04a8-4210-a324-b43c17a5354b/sm/snapshot.1_0 took: 3 ms
2021-12-22 08:23:57,417 [791d2455-6582-4f2f-b9b1-50b113e76b2a@group-B43C17A5354B-StateMachineUpdater] INFO  impl.StateMachineUpdater (StateMachineUpdater.java:takeSnapshot(281)) - 791d2455-6582-4f2f-b9b1-50b113e76b2a@group-B43C17A5354B-StateMachineUpdater: Took a snapshot at index 0
2021-12-22 08:23:57,417 [791d2455-6582-4f2f-b9b1-50b113e76b2a@group-B43C17A5354B-StateMachineUpdater] INFO  impl.StateMachineUpdater (StateMachineUpdater.java:lambda$new$0(89)) - 791d2455-6582-4f2f-b9b1-50b113e76b2a@group-B43C17A5354B-StateMachineUpdater: snapshotIndex: updateIncreasingly -1 -> 0
2021-12-22 08:23:57,418 [Listener at 127.0.0.1/32839] INFO  server.RaftServer$Division (ServerState.java:close(419)) - 791d2455-6582-4f2f-b9b1-50b113e76b2a@group-B43C17A5354B: closes. applyIndex: 0
2021-12-22 08:23:57,418 [791d2455-6582-4f2f-b9b1-50b113e76b2a@group-B43C17A5354B-SegmentedRaftLogWorker] INFO  segmented.SegmentedRaftLogWorker (SegmentedRaftLogWorker.java:run(327)) - 791d2455-6582-4f2f-b9b1-50b113e76b2a@group-B43C17A5354B-SegmentedRaftLogWorker was interrupted, exiting. There are 0 tasks remaining in the queue.
2021-12-22 08:23:57,418 [Listener at 127.0.0.1/32839] INFO  segmented.SegmentedRaftLogWorker (SegmentedRaftLogWorker.java:close(237)) - 791d2455-6582-4f2f-b9b1-50b113e76b2a@group-B43C17A5354B-SegmentedRaftLogWorker close()
2021-12-22 08:23:57,432 [grpc-default-executor-3] INFO  server.GrpcServerProtocolService (GrpcServerProtocolService.java:onCompleted(140)) - 791d2455-6582-4f2f-b9b1-50b113e76b2a: Completed APPEND_ENTRIES, lastRequest: e2dff65e-c8ee-417e-a5e9-8b6a43ef7195->791d2455-6582-4f2f-b9b1-50b113e76b2a#564-t1,previous=(t:1, i:46),leaderCommit=45,initializing? true,entries: size=1, first=(t:1, i:47), METADATAENTRY(c:45)
2021-12-22 08:23:57,434 [Listener at 127.0.0.1/32839] INFO  server.RaftServer$Division (RaftServerImpl.java:lambda$close$4(412)) - 791d2455-6582-4f2f-b9b1-50b113e76b2a@group-7244C449BD80: shutdown
2021-12-22 08:23:57,434 [grpc-default-executor-1] INFO  server.GrpcLogAppender (GrpcLogAppender.java:onCompleted(346)) - e2dff65e-c8ee-417e-a5e9-8b6a43ef7195@group-3840C03710CA->791d2455-6582-4f2f-b9b1-50b113e76b2a-AppendLogResponseHandler: follower responses appendEntries COMPLETED
2021-12-22 08:23:57,434 [grpc-default-executor-1] INFO  leader.FollowerInfo (FollowerInfoImpl.java:lambda$new$0(47)) - e2dff65e-c8ee-417e-a5e9-8b6a43ef7195@group-3840C03710CA->791d2455-6582-4f2f-b9b1-50b113e76b2a: nextIndex: updateUnconditionally 48 -> 47
2021-12-22 08:23:57,434 [Listener at 127.0.0.1/32839] INFO  util.JmxRegister (JmxRegister.java:unregister(73)) - Successfully un-registered JMX Bean with object name Ratis:service=RaftServer,group=group-7244C449BD80,id=791d2455-6582-4f2f-b9b1-50b113e76b2a
2021-12-22 08:23:57,435 [Listener at 127.0.0.1/32839] INFO  impl.RoleInfo (RoleInfo.java:shutdownLeaderState(91)) - 791d2455-6582-4f2f-b9b1-50b113e76b2a: shutdown 791d2455-6582-4f2f-b9b1-50b113e76b2a@group-7244C449BD80-LeaderStateImpl
2021-12-22 08:23:57,435 [Listener at 127.0.0.1/32839] INFO  impl.PendingRequests (PendingRequests.java:sendNotLeaderResponses(282)) - 791d2455-6582-4f2f-b9b1-50b113e76b2a@group-7244C449BD80-PendingRequests: sendNotLeaderResponses
2021-12-22 08:23:57,436 [791d2455-6582-4f2f-b9b1-50b113e76b2a@group-7244C449BD80-StateMachineUpdater] INFO  ratis.ContainerStateMachine (ContainerStateMachine.java:takeSnapshot(299)) - group-7244C449BD80: Taking a snapshot at:(t:4, i:0) file /home/runner/work/ozone/ozone/hadoop-ozone/integration-test/target/test-dir/MiniOzoneClusterImpl-54e30266-9a77-40a3-8002-44206e2dad63/datanode-1/data/ratis/da2c4216-b0f0-4b28-bf13-7244c449bd80/sm/snapshot.4_0
2021-12-22 08:23:57,436 [Listener at 127.0.0.1/32839] INFO  impl.StateMachineUpdater (StateMachineUpdater.java:stopAndJoin(149)) - 791d2455-6582-4f2f-b9b1-50b113e76b2a@group-7244C449BD80-StateMachineUpdater: set stopIndex = 0
2021-12-22 08:23:57,437 [791d2455-6582-4f2f-b9b1-50b113e76b2a@group-7244C449BD80-StateMachineUpdater] INFO  ratis.ContainerStateMachine (ContainerStateMachine.java:takeSnapshot(310)) - group-7244C449BD80: Finished taking a snapshot at:(t:4, i:0) file:/home/runner/work/ozone/ozone/hadoop-ozone/integration-test/target/test-dir/MiniOzoneClusterImpl-54e30266-9a77-40a3-8002-44206e2dad63/datanode-1/data/ratis/da2c4216-b0f0-4b28-bf13-7244c449bd80/sm/snapshot.4_0 took: 1 ms
2021-12-22 08:23:57,437 [791d2455-6582-4f2f-b9b1-50b113e76b2a@group-7244C449BD80-StateMachineUpdater] INFO  impl.StateMachineUpdater (StateMachineUpdater.java:takeSnapshot(281)) - 791d2455-6582-4f2f-b9b1-50b113e76b2a@group-7244C449BD80-StateMachineUpdater: Took a snapshot at index 0
2021-12-22 08:23:57,437 [791d2455-6582-4f2f-b9b1-50b113e76b2a@group-7244C449BD80-StateMachineUpdater] INFO  impl.StateMachineUpdater (StateMachineUpdater.java:lambda$new$0(89)) - 791d2455-6582-4f2f-b9b1-50b113e76b2a@group-7244C449BD80-StateMachineUpdater: snapshotIndex: updateIncreasingly -1 -> 0
2021-12-22 08:23:57,437 [Listener at 127.0.0.1/32839] INFO  server.RaftServer$Division (ServerState.java:close(419)) - 791d2455-6582-4f2f-b9b1-50b113e76b2a@group-7244C449BD80: closes. applyIndex: 0
2021-12-22 08:23:57,438 [791d2455-6582-4f2f-b9b1-50b113e76b2a@group-7244C449BD80-SegmentedRaftLogWorker] INFO  segmented.SegmentedRaftLogWorker (SegmentedRaftLogWorker.java:run(327)) - 791d2455-6582-4f2f-b9b1-50b113e76b2a@group-7244C449BD80-SegmentedRaftLogWorker was interrupted, exiting. There are 0 tasks remaining in the queue.
2021-12-22 08:23:57,438 [Listener at 127.0.0.1/32839] INFO  segmented.SegmentedRaftLogWorker (SegmentedRaftLogWorker.java:close(237)) - 791d2455-6582-4f2f-b9b1-50b113e76b2a@group-7244C449BD80-SegmentedRaftLogWorker close()
2021-12-22 08:23:57,439 [e2dff65e-c8ee-417e-a5e9-8b6a43ef7195@group-3840C03710CA->d0511d9b-43cc-47c5-9566-2dcc399246f6-GrpcLogAppender-LogAppenderDaemon] WARN  server.GrpcLogAppender (GrpcLogAppender.java:mayWait(177)) - e2dff65e-c8ee-417e-a5e9-8b6a43ef7195@group-3840C03710CA->d0511d9b-43cc-47c5-9566-2dcc399246f6-GrpcLogAppender: Wait interrupted by java.lang.InterruptedException
2021-12-22 08:23:57,439 [grpc-default-executor-1] INFO  server.GrpcServerProtocolService (GrpcServerProtocolService.java:onCompleted(140)) - d0511d9b-43cc-47c5-9566-2dcc399246f6: Completed APPEND_ENTRIES, lastRequest: e2dff65e-c8ee-417e-a5e9-8b6a43ef7195->d0511d9b-43cc-47c5-9566-2dcc399246f6#581-t1,previous=(t:1, i:46),leaderCommit=45,initializing? true,entries: size=1, first=(t:1, i:47), METADATAENTRY(c:45)
2021-12-22 08:23:57,445 [grpc-default-executor-2] INFO  server.GrpcLogAppender (GrpcLogAppender.java:onCompleted(346)) - e2dff65e-c8ee-417e-a5e9-8b6a43ef7195@group-3840C03710CA->d0511d9b-43cc-47c5-9566-2dcc399246f6-AppendLogResponseHandler: follower responses appendEntries COMPLETED
2021-12-22 08:23:57,445 [grpc-default-executor-2] WARN  server.GrpcLogAppender (GrpcLogAppender.java:resetClient(116)) - e2dff65e-c8ee-417e-a5e9-8b6a43ef7195@group-3840C03710CA->d0511d9b-43cc-47c5-9566-2dcc399246f6-GrpcLogAppender: Failed to getClient for d0511d9b-43cc-47c5-9566-2dcc399246f6
org.apache.ratis.protocol.exceptions.AlreadyClosedException: e2dff65e-c8ee-417e-a5e9-8b6a43ef7195 is already CLOSED
	at org.apache.ratis.util.PeerProxyMap$PeerAndProxy.getProxy(PeerProxyMap.java:60)
	at org.apache.ratis.util.PeerProxyMap.getProxy(PeerProxyMap.java:114)
	at org.apache.ratis.grpc.server.GrpcLogAppender.getClient(GrpcLogAppender.java:95)
	at org.apache.ratis.grpc.server.GrpcLogAppender.resetClient(GrpcLogAppender.java:100)
	at org.apache.ratis.grpc.server.GrpcLogAppender.access$500(GrpcLogAppender.java:53)
	at org.apache.ratis.grpc.server.GrpcLogAppender$AppendLogResponseHandler.onCompleted(GrpcLogAppender.java:347)
	at org.apache.ratis.thirdparty.io.grpc.stub.ClientCalls$StreamObserverToCallListenerAdapter.onClose(ClientCalls.java:476)
	at org.apache.ratis.thirdparty.io.grpc.internal.ClientCallImpl.closeObserver(ClientCallImpl.java:616)
	at org.apache.ratis.thirdparty.io.grpc.internal.ClientCallImpl.access$300(ClientCallImpl.java:69)
	at org.apache.ratis.thirdparty.io.grpc.internal.ClientCallImpl$ClientStreamListenerImpl$1StreamClosed.runInternal(ClientCallImpl.java:802)
	at org.apache.ratis.thirdparty.io.grpc.internal.ClientCallImpl$ClientStreamListenerImpl$1StreamClosed.runInContext(ClientCallImpl.java:781)
	at org.apache.ratis.thirdparty.io.grpc.internal.ContextRunnable.run(ContextRunnable.java:37)
	at org.apache.ratis.thirdparty.io.grpc.internal.SerializingExecutor.run(SerializingExecutor.java:123)
	at java.util.concurrent.ThreadPoolExecutor.runWorker(ThreadPoolExecutor.java:1149)
	at java.util.concurrent.ThreadPoolExecutor$Worker.run(ThreadPoolExecutor.java:624)
	at java.lang.Thread.run(Thread.java:748)
2021-12-22 08:23:57,450 [791d2455-6582-4f2f-b9b1-50b113e76b2a@group-7244C449BD80->d0511d9b-43cc-47c5-9566-2dcc399246f6-GrpcLogAppender-LogAppenderDaemon] WARN  server.GrpcLogAppender (GrpcLogAppender.java:mayWait(177)) - 791d2455-6582-4f2f-b9b1-50b113e76b2a@group-7244C449BD80->d0511d9b-43cc-47c5-9566-2dcc399246f6-GrpcLogAppender: Wait interrupted by java.lang.InterruptedException
2021-12-22 08:23:57,450 [Listener at 127.0.0.1/32839] INFO  server.RaftServer$Division (RaftServerImpl.java:lambda$close$4(412)) - 791d2455-6582-4f2f-b9b1-50b113e76b2a@group-3840C03710CA: shutdown
2021-12-22 08:23:57,460 [grpc-default-executor-2] INFO  server.GrpcServerProtocolService (GrpcServerProtocolService.java:onCompleted(140)) - d0511d9b-43cc-47c5-9566-2dcc399246f6: Completed APPEND_ENTRIES, lastRequest: 791d2455-6582-4f2f-b9b1-50b113e76b2a->d0511d9b-43cc-47c5-9566-2dcc399246f6#1-t4,previous=(t:0, i:0),leaderCommit=0,initializing? true,entries: size=1, first=(t:4, i:0), CONFIGURATIONENTRY
2021-12-22 08:23:57,470 [Listener at 127.0.0.1/32839] INFO  util.JmxRegister (JmxRegister.java:unregister(73)) - Successfully un-registered JMX Bean with object name Ratis:service=RaftServer,group=group-3840C03710CA,id=791d2455-6582-4f2f-b9b1-50b113e76b2a
2021-12-22 08:23:57,470 [Listener at 127.0.0.1/32839] INFO  impl.RoleInfo (RoleInfo.java:shutdownFollowerState(108)) - 791d2455-6582-4f2f-b9b1-50b113e76b2a: shutdown 791d2455-6582-4f2f-b9b1-50b113e76b2a@group-3840C03710CA-FollowerState
2021-12-22 08:23:57,471 [791d2455-6582-4f2f-b9b1-50b113e76b2a@group-3840C03710CA-StateMachineUpdater] INFO  ratis.ContainerStateMachine (ContainerStateMachine.java:takeSnapshot(299)) - group-3840C03710CA: Taking a snapshot at:(t:1, i:47) file /home/runner/work/ozone/ozone/hadoop-ozone/integration-test/target/test-dir/MiniOzoneClusterImpl-54e30266-9a77-40a3-8002-44206e2dad63/datanode-1/data/ratis/e4c555e0-0c2d-4080-a048-3840c03710ca/sm/snapshot.1_47
2021-12-22 08:23:57,471 [grpc-default-executor-1] INFO  server.GrpcLogAppender (GrpcLogAppender.java:onCompleted(346)) - 791d2455-6582-4f2f-b9b1-50b113e76b2a@group-7244C449BD80->d0511d9b-43cc-47c5-9566-2dcc399246f6-AppendLogResponseHandler: follower responses appendEntries COMPLETED
2021-12-22 08:23:57,471 [grpc-default-executor-1] INFO  leader.FollowerInfo (FollowerInfoImpl.java:lambda$new$0(47)) - 791d2455-6582-4f2f-b9b1-50b113e76b2a@group-7244C449BD80->d0511d9b-43cc-47c5-9566-2dcc399246f6: nextIndex: updateUnconditionally 1 -> 0
2021-12-22 08:23:57,454 [ForkJoinPool.commonPool-worker-0] INFO  server.GrpcService (GrpcService.java:closeImpl(271)) - e2dff65e-c8ee-417e-a5e9-8b6a43ef7195: shutdown server with port 36499 successfully
2021-12-22 08:23:57,471 [Listener at 127.0.0.1/32839] INFO  impl.StateMachineUpdater (StateMachineUpdater.java:stopAndJoin(149)) - 791d2455-6582-4f2f-b9b1-50b113e76b2a@group-3840C03710CA-StateMachineUpdater: set stopIndex = 47
2021-12-22 08:23:57,471 [org.apache.ratis.util.JvmPauseMonitor$$Lambda$528/1268289547@78aa0ee4] INFO  util.JvmPauseMonitor (JvmPauseMonitor.java:run(109)) - JvmPauseMonitor-e2dff65e-c8ee-417e-a5e9-8b6a43ef7195: Stopped
2021-12-22 08:23:57,472 [791d2455-6582-4f2f-b9b1-50b113e76b2a@group-3840C03710CA-StateMachineUpdater] INFO  ratis.ContainerStateMachine (ContainerStateMachine.java:takeSnapshot(310)) - group-3840C03710CA: Finished taking a snapshot at:(t:1, i:47) file:/home/runner/work/ozone/ozone/hadoop-ozone/integration-test/target/test-dir/MiniOzoneClusterImpl-54e30266-9a77-40a3-8002-44206e2dad63/datanode-1/data/ratis/e4c555e0-0c2d-4080-a048-3840c03710ca/sm/snapshot.1_47 took: 2 ms
2021-12-22 08:23:57,472 [791d2455-6582-4f2f-b9b1-50b113e76b2a@group-3840C03710CA-StateMachineUpdater] INFO  impl.StateMachineUpdater (StateMachineUpdater.java:takeSnapshot(281)) - 791d2455-6582-4f2f-b9b1-50b113e76b2a@group-3840C03710CA-StateMachineUpdater: Took a snapshot at index 47
2021-12-22 08:23:57,473 [791d2455-6582-4f2f-b9b1-50b113e76b2a@group-3840C03710CA-StateMachineUpdater] INFO  impl.StateMachineUpdater (StateMachineUpdater.java:lambda$new$0(89)) - 791d2455-6582-4f2f-b9b1-50b113e76b2a@group-3840C03710CA-StateMachineUpdater: snapshotIndex: updateIncreasingly -1 -> 47
2021-12-22 08:23:57,473 [Listener at 127.0.0.1/32839] INFO  server.RaftServer$Division (ServerState.java:close(419)) - 791d2455-6582-4f2f-b9b1-50b113e76b2a@group-3840C03710CA: closes. applyIndex: 47
2021-12-22 08:23:57,474 [791d2455-6582-4f2f-b9b1-50b113e76b2a@group-3840C03710CA-SegmentedRaftLogWorker] INFO  segmented.SegmentedRaftLogWorker (SegmentedRaftLogWorker.java:run(327)) - 791d2455-6582-4f2f-b9b1-50b113e76b2a@group-3840C03710CA-SegmentedRaftLogWorker was interrupted, exiting. There are 0 tasks remaining in the queue.
2021-12-22 08:23:57,474 [Listener at 127.0.0.1/32839] INFO  segmented.SegmentedRaftLogWorker (SegmentedRaftLogWorker.java:close(237)) - 791d2455-6582-4f2f-b9b1-50b113e76b2a@group-3840C03710CA-SegmentedRaftLogWorker close()
2021-12-22 08:23:57,476 [Listener at 127.0.0.1/32839] INFO  server.GrpcService (GrpcService.java:closeImpl(262)) - 791d2455-6582-4f2f-b9b1-50b113e76b2a: shutdown server with port 34271 now
2021-12-22 08:23:57,477 [791d2455-6582-4f2f-b9b1-50b113e76b2a@group-3840C03710CA-FollowerState] INFO  impl.FollowerState (FollowerState.java:run(143)) - 791d2455-6582-4f2f-b9b1-50b113e76b2a@group-3840C03710CA-FollowerState was interrupted: {}
java.lang.InterruptedException: sleep interrupted
	at java.lang.Thread.sleep(Native Method)
	at java.lang.Thread.sleep(Thread.java:340)
	at java.util.concurrent.TimeUnit.sleep(TimeUnit.java:386)
	at org.apache.ratis.util.TimeDuration.sleep(TimeDuration.java:324)
	at org.apache.ratis.util.TimeDuration.sleep(TimeDuration.java:309)
	at org.apache.ratis.server.impl.FollowerState.run(FollowerState.java:118)
2021-12-22 08:23:57,502 [Listener at 127.0.0.1/32839] INFO  server.GrpcService (GrpcService.java:closeImpl(271)) - 791d2455-6582-4f2f-b9b1-50b113e76b2a: shutdown server with port 34271 successfully
2021-12-22 08:23:57,503 [org.apache.ratis.util.JvmPauseMonitor$$Lambda$528/1268289547@5e4c134d] INFO  util.JvmPauseMonitor (JvmPauseMonitor.java:run(109)) - JvmPauseMonitor-791d2455-6582-4f2f-b9b1-50b113e76b2a: Stopped
2021-12-22 08:23:59,508 [ForkJoinPool.commonPool-worker-0] INFO  utils.BackgroundService (BackgroundService.java:shutdown(132)) - Shutting down service BlockDeletingService
2021-12-22 08:23:59,534 [Listener at 127.0.0.1/32839] INFO  utils.BackgroundService (BackgroundService.java:shutdown(132)) - Shutting down service BlockDeletingService
2021-12-22 08:24:02,523 [ForkJoinPool.commonPool-worker-0] INFO  statemachine.DatanodeStateMachine (DatanodeStateMachine.java:stopDaemon(526)) - Ozone container server stopped.
2021-12-22 08:24:02,526 [ForkJoinPool.commonPool-worker-0] INFO  handler.ContextHandler (ContextHandler.java:doStop(1153)) - Stopped o.e.j.w.WebAppContext@6cb862dc{hddsDatanode,/,null,STOPPED}{jar:file:/home/runner/.m2/repository/org/apache/ozone/hdds-container-service/1.3.0-SNAPSHOT/hdds-container-service-1.3.0-SNAPSHOT.jar!/webapps/hddsDatanode}
2021-12-22 08:24:02,540 [ForkJoinPool.commonPool-worker-0] INFO  server.AbstractConnector (AbstractConnector.java:doStop(381)) - Stopped ServerConnector@7d5fdd54{HTTP/1.1, (http/1.1)}{0.0.0.0:0}
2021-12-22 08:24:02,540 [ForkJoinPool.commonPool-worker-0] INFO  server.session (HouseKeeper.java:stopScavenging(149)) - node0 Stopped scavenging
2021-12-22 08:24:02,542 [ForkJoinPool.commonPool-worker-0] INFO  handler.ContextHandler (ContextHandler.java:doStop(1153)) - Stopped o.e.j.s.ServletContextHandler@8d464df{static,/static,jar:file:/home/runner/.m2/repository/org/apache/ozone/hdds-container-service/1.3.0-SNAPSHOT/hdds-container-service-1.3.0-SNAPSHOT.jar!/webapps/static,STOPPED}
2021-12-22 08:24:02,543 [ForkJoinPool.commonPool-worker-0] INFO  handler.ContextHandler (ContextHandler.java:doStop(1153)) - Stopped o.e.j.s.ServletContextHandler@4e11dfaf{logs,/logs,file:///home/runner/work/ozone/ozone/hadoop-ozone/integration-test/target/log,STOPPED}
2021-12-22 08:24:02,575 [Listener at 127.0.0.1/32839] INFO  statemachine.DatanodeStateMachine (DatanodeStateMachine.java:stopDaemon(526)) - Ozone container server stopped.
2021-12-22 08:24:02,576 [Listener at 127.0.0.1/32839] INFO  handler.ContextHandler (ContextHandler.java:doStop(1153)) - Stopped o.e.j.w.WebAppContext@6988916a{hddsDatanode,/,null,STOPPED}{jar:file:/home/runner/.m2/repository/org/apache/ozone/hdds-container-service/1.3.0-SNAPSHOT/hdds-container-service-1.3.0-SNAPSHOT.jar!/webapps/hddsDatanode}
2021-12-22 08:24:02,580 [Listener at 127.0.0.1/32839] INFO  server.AbstractConnector (AbstractConnector.java:doStop(381)) - Stopped ServerConnector@5c58fb97{HTTP/1.1, (http/1.1)}{0.0.0.0:0}
2021-12-22 08:24:02,581 [Listener at 127.0.0.1/32839] INFO  server.session (HouseKeeper.java:stopScavenging(149)) - node0 Stopped scavenging
2021-12-22 08:24:02,581 [Listener at 127.0.0.1/32839] INFO  handler.ContextHandler (ContextHandler.java:doStop(1153)) - Stopped o.e.j.s.ServletContextHandler@51516c3f{static,/static,jar:file:/home/runner/.m2/repository/org/apache/ozone/hdds-container-service/1.3.0-SNAPSHOT/hdds-container-service-1.3.0-SNAPSHOT.jar!/webapps/static,STOPPED}
2021-12-22 08:24:02,581 [Listener at 127.0.0.1/32839] INFO  handler.ContextHandler (ContextHandler.java:doStop(1153)) - Stopped o.e.j.s.ServletContextHandler@626e1e28{logs,/logs,file:///home/runner/work/ozone/ozone/hadoop-ozone/integration-test/target/log,STOPPED}
2021-12-22 08:24:05,387 [d0511d9b-43cc-47c5-9566-2dcc399246f6@group-3840C03710CA-FollowerState] INFO  impl.FollowerState (FollowerState.java:run(134)) - d0511d9b-43cc-47c5-9566-2dcc399246f6@group-3840C03710CA-FollowerState: change to CANDIDATE, lastRpcElapsedTime:8086979722ns, electionTimeout:5005ms
2021-12-22 08:24:05,387 [d0511d9b-43cc-47c5-9566-2dcc399246f6@group-3840C03710CA-FollowerState] INFO  impl.RoleInfo (RoleInfo.java:shutdownFollowerState(108)) - d0511d9b-43cc-47c5-9566-2dcc399246f6: shutdown d0511d9b-43cc-47c5-9566-2dcc399246f6@group-3840C03710CA-FollowerState
2021-12-22 08:24:05,387 [d0511d9b-43cc-47c5-9566-2dcc399246f6@group-3840C03710CA-FollowerState] INFO  server.RaftServer$Division (RaftServerImpl.java:setRole(290)) - d0511d9b-43cc-47c5-9566-2dcc399246f6@group-3840C03710CA: changes role from  FOLLOWER to CANDIDATE at term 1 for changeToCandidate
2021-12-22 08:24:05,387 [d0511d9b-43cc-47c5-9566-2dcc399246f6@group-3840C03710CA-FollowerState] INFO  server.RaftServerConfigKeys (ConfUtils.java:logGet(44)) - raft.server.leaderelection.pre-vote = false (custom)
2021-12-22 08:24:05,387 [d0511d9b-43cc-47c5-9566-2dcc399246f6@group-3840C03710CA-FollowerState] INFO  impl.RoleInfo (RoleInfo.java:updateAndGet(130)) - d0511d9b-43cc-47c5-9566-2dcc399246f6: start d0511d9b-43cc-47c5-9566-2dcc399246f6@group-3840C03710CA-LeaderElection44
2021-12-22 08:24:05,390 [d0511d9b-43cc-47c5-9566-2dcc399246f6@group-3840C03710CA-LeaderElection44] INFO  server.RaftServer$Division (ServerState.java:setLeader(285)) - d0511d9b-43cc-47c5-9566-2dcc399246f6@group-3840C03710CA: change Leader from e2dff65e-c8ee-417e-a5e9-8b6a43ef7195 to null at term 1 for ELECTION
2021-12-22 08:24:05,396 [d0511d9b-43cc-47c5-9566-2dcc399246f6@group-3840C03710CA-LeaderElection44] INFO  impl.LeaderElection (LeaderElection.java:askForVotes(306)) - d0511d9b-43cc-47c5-9566-2dcc399246f6@group-3840C03710CA-LeaderElection44 ELECTION round 0: submit vote requests at term 2 for 0: [d0511d9b-43cc-47c5-9566-2dcc399246f6|rpc:10.1.0.28:35723|dataStream:|priority:0, e2dff65e-c8ee-417e-a5e9-8b6a43ef7195|rpc:10.1.0.28:36499|dataStream:|priority:1, 791d2455-6582-4f2f-b9b1-50b113e76b2a|rpc:10.1.0.28:34271|dataStream:|priority:0], old=null
2021-12-22 08:24:05,479 [d0511d9b-43cc-47c5-9566-2dcc399246f6@group-3840C03710CA-LeaderElection44] INFO  impl.LeaderElection (LogUtils.java:infoOrTrace(137)) - d0511d9b-43cc-47c5-9566-2dcc399246f6@group-3840C03710CA-LeaderElection44 got exception when requesting votes: java.util.concurrent.ExecutionException: org.apache.ratis.thirdparty.io.grpc.StatusRuntimeException: UNAVAILABLE: io exception
2021-12-22 08:24:05,479 [d0511d9b-43cc-47c5-9566-2dcc399246f6@group-3840C03710CA-LeaderElection44] INFO  impl.LeaderElection (LogUtils.java:infoOrTrace(137)) - d0511d9b-43cc-47c5-9566-2dcc399246f6@group-3840C03710CA-LeaderElection44 got exception when requesting votes: java.util.concurrent.ExecutionException: org.apache.ratis.thirdparty.io.grpc.StatusRuntimeException: UNAVAILABLE: io exception
2021-12-22 08:24:05,479 [d0511d9b-43cc-47c5-9566-2dcc399246f6@group-3840C03710CA-LeaderElection44] INFO  impl.LeaderElection (LeaderElection.java:logAndReturn(89)) - d0511d9b-43cc-47c5-9566-2dcc399246f6@group-3840C03710CA-LeaderElection44: ELECTION REJECTED received 0 response(s) and 2 exception(s):
2021-12-22 08:24:05,479 [d0511d9b-43cc-47c5-9566-2dcc399246f6@group-3840C03710CA-LeaderElection44] INFO  impl.LeaderElection (LogUtils.java:infoOrTrace(137)) -   Exception 0: java.util.concurrent.ExecutionException: org.apache.ratis.thirdparty.io.grpc.StatusRuntimeException: UNAVAILABLE: io exception
2021-12-22 08:24:05,479 [d0511d9b-43cc-47c5-9566-2dcc399246f6@group-3840C03710CA-LeaderElection44] INFO  impl.LeaderElection (LogUtils.java:infoOrTrace(137)) -   Exception 1: java.util.concurrent.ExecutionException: org.apache.ratis.thirdparty.io.grpc.StatusRuntimeException: UNAVAILABLE: io exception
2021-12-22 08:24:05,479 [d0511d9b-43cc-47c5-9566-2dcc399246f6@group-3840C03710CA-LeaderElection44] INFO  impl.LeaderElection (LeaderElection.java:askForVotes(308)) - d0511d9b-43cc-47c5-9566-2dcc399246f6@group-3840C03710CA-LeaderElection44 ELECTION round 0: result REJECTED
2021-12-22 08:24:05,479 [d0511d9b-43cc-47c5-9566-2dcc399246f6@group-3840C03710CA-LeaderElection44] INFO  server.RaftServer$Division (RaftServerImpl.java:setRole(290)) - d0511d9b-43cc-47c5-9566-2dcc399246f6@group-3840C03710CA: changes role from CANDIDATE to FOLLOWER at term 2 for REJECTED
2021-12-22 08:24:05,501 [d0511d9b-43cc-47c5-9566-2dcc399246f6@group-3840C03710CA-LeaderElection44] INFO  impl.RoleInfo (RoleInfo.java:shutdownLeaderElection(121)) - d0511d9b-43cc-47c5-9566-2dcc399246f6: shutdown d0511d9b-43cc-47c5-9566-2dcc399246f6@group-3840C03710CA-LeaderElection44
2021-12-22 08:24:05,501 [d0511d9b-43cc-47c5-9566-2dcc399246f6@group-3840C03710CA-LeaderElection44] INFO  impl.RoleInfo (RoleInfo.java:updateAndGet(130)) - d0511d9b-43cc-47c5-9566-2dcc399246f6: start d0511d9b-43cc-47c5-9566-2dcc399246f6@group-3840C03710CA-FollowerState
2021-12-22 08:24:06,631 [d0511d9b-43cc-47c5-9566-2dcc399246f6@group-7244C449BD80-FollowerState] INFO  impl.FollowerState (FollowerState.java:run(134)) - d0511d9b-43cc-47c5-9566-2dcc399246f6@group-7244C449BD80-FollowerState: change to CANDIDATE, lastRpcElapsedTime:10095004483ns, electionTimeout:5171ms
2021-12-22 08:24:06,632 [d0511d9b-43cc-47c5-9566-2dcc399246f6@group-7244C449BD80-FollowerState] INFO  impl.RoleInfo (RoleInfo.java:shutdownFollowerState(108)) - d0511d9b-43cc-47c5-9566-2dcc399246f6: shutdown d0511d9b-43cc-47c5-9566-2dcc399246f6@group-7244C449BD80-FollowerState
2021-12-22 08:24:06,632 [d0511d9b-43cc-47c5-9566-2dcc399246f6@group-7244C449BD80-FollowerState] INFO  server.RaftServer$Division (RaftServerImpl.java:setRole(290)) - d0511d9b-43cc-47c5-9566-2dcc399246f6@group-7244C449BD80: changes role from  FOLLOWER to CANDIDATE at term 4 for changeToCandidate
2021-12-22 08:24:06,632 [d0511d9b-43cc-47c5-9566-2dcc399246f6@group-7244C449BD80-FollowerState] INFO  server.RaftServerConfigKeys (ConfUtils.java:logGet(44)) - raft.server.leaderelection.pre-vote = false (custom)
2021-12-22 08:24:06,633 [d0511d9b-43cc-47c5-9566-2dcc399246f6@group-7244C449BD80-FollowerState] INFO  impl.RoleInfo (RoleInfo.java:updateAndGet(130)) - d0511d9b-43cc-47c5-9566-2dcc399246f6: start d0511d9b-43cc-47c5-9566-2dcc399246f6@group-7244C449BD80-LeaderElection45
2021-12-22 08:24:06,654 [d0511d9b-43cc-47c5-9566-2dcc399246f6@group-7244C449BD80-LeaderElection45] INFO  server.RaftServer$Division (ServerState.java:setLeader(285)) - d0511d9b-43cc-47c5-9566-2dcc399246f6@group-7244C449BD80: change Leader from 791d2455-6582-4f2f-b9b1-50b113e76b2a to null at term 4 for ELECTION
2021-12-22 08:24:06,657 [d0511d9b-43cc-47c5-9566-2dcc399246f6@group-7244C449BD80-LeaderElection45] INFO  impl.LeaderElection (LeaderElection.java:askForVotes(306)) - d0511d9b-43cc-47c5-9566-2dcc399246f6@group-7244C449BD80-LeaderElection45 ELECTION round 0: submit vote requests at term 5 for 0: [d0511d9b-43cc-47c5-9566-2dcc399246f6|rpc:10.1.0.28:35723|dataStream:|priority:0, e2dff65e-c8ee-417e-a5e9-8b6a43ef7195|rpc:10.1.0.28:36499|dataStream:|priority:0, 791d2455-6582-4f2f-b9b1-50b113e76b2a|rpc:10.1.0.28:34271|dataStream:|priority:1], old=null
2021-12-22 08:24:06,658 [d0511d9b-43cc-47c5-9566-2dcc399246f6@group-7244C449BD80-LeaderElection45] INFO  impl.LeaderElection (LogUtils.java:infoOrTrace(137)) - d0511d9b-43cc-47c5-9566-2dcc399246f6@group-7244C449BD80-LeaderElection45 got exception when requesting votes: java.util.concurrent.ExecutionException: org.apache.ratis.thirdparty.io.grpc.StatusRuntimeException: UNAVAILABLE: io exception
2021-12-22 08:24:06,658 [d0511d9b-43cc-47c5-9566-2dcc399246f6@group-7244C449BD80-LeaderElection45] INFO  impl.LeaderElection (LogUtils.java:infoOrTrace(137)) - d0511d9b-43cc-47c5-9566-2dcc399246f6@group-7244C449BD80-LeaderElection45 got exception when requesting votes: java.util.concurrent.ExecutionException: org.apache.ratis.thirdparty.io.grpc.StatusRuntimeException: UNAVAILABLE: io exception
2021-12-22 08:24:06,658 [d0511d9b-43cc-47c5-9566-2dcc399246f6@group-7244C449BD80-LeaderElection45] INFO  impl.LeaderElection (LeaderElection.java:logAndReturn(89)) - d0511d9b-43cc-47c5-9566-2dcc399246f6@group-7244C449BD80-LeaderElection45: ELECTION REJECTED received 0 response(s) and 2 exception(s):
2021-12-22 08:24:06,658 [d0511d9b-43cc-47c5-9566-2dcc399246f6@group-7244C449BD80-LeaderElection45] INFO  impl.LeaderElection (LogUtils.java:infoOrTrace(137)) -   Exception 0: java.util.concurrent.ExecutionException: org.apache.ratis.thirdparty.io.grpc.StatusRuntimeException: UNAVAILABLE: io exception
2021-12-22 08:24:06,658 [d0511d9b-43cc-47c5-9566-2dcc399246f6@group-7244C449BD80-LeaderElection45] INFO  impl.LeaderElection (LogUtils.java:infoOrTrace(137)) -   Exception 1: java.util.concurrent.ExecutionException: org.apache.ratis.thirdparty.io.grpc.StatusRuntimeException: UNAVAILABLE: io exception
2021-12-22 08:24:06,658 [d0511d9b-43cc-47c5-9566-2dcc399246f6@group-7244C449BD80-LeaderElection45] INFO  impl.LeaderElection (LeaderElection.java:askForVotes(308)) - d0511d9b-43cc-47c5-9566-2dcc399246f6@group-7244C449BD80-LeaderElection45 ELECTION round 0: result REJECTED
2021-12-22 08:24:06,658 [d0511d9b-43cc-47c5-9566-2dcc399246f6@group-7244C449BD80-LeaderElection45] INFO  server.RaftServer$Division (RaftServerImpl.java:setRole(290)) - d0511d9b-43cc-47c5-9566-2dcc399246f6@group-7244C449BD80: changes role from CANDIDATE to FOLLOWER at term 5 for REJECTED
2021-12-22 08:24:06,658 [d0511d9b-43cc-47c5-9566-2dcc399246f6@group-7244C449BD80-LeaderElection45] INFO  impl.RoleInfo (RoleInfo.java:shutdownLeaderElection(121)) - d0511d9b-43cc-47c5-9566-2dcc399246f6: shutdown d0511d9b-43cc-47c5-9566-2dcc399246f6@group-7244C449BD80-LeaderElection45
2021-12-22 08:24:06,659 [d0511d9b-43cc-47c5-9566-2dcc399246f6@group-7244C449BD80-LeaderElection45] INFO  impl.RoleInfo (RoleInfo.java:updateAndGet(130)) - d0511d9b-43cc-47c5-9566-2dcc399246f6: start d0511d9b-43cc-47c5-9566-2dcc399246f6@group-7244C449BD80-FollowerState
2021-12-22 08:24:07,556 [ForkJoinPool.commonPool-worker-0] INFO  ozoneimpl.OzoneContainer (OzoneContainer.java:stop(336)) - Attempting to stop container services.
2021-12-22 08:24:07,560 [ForkJoinPool.commonPool-worker-0] INFO  server.RaftServer (RaftServerProxy.java:lambda$close$6(391)) - d0511d9b-43cc-47c5-9566-2dcc399246f6: close
2021-12-22 08:24:07,560 [ForkJoinPool.commonPool-worker-0] INFO  server.RaftServer$Division (RaftServerImpl.java:lambda$close$4(412)) - d0511d9b-43cc-47c5-9566-2dcc399246f6@group-7244C449BD80: shutdown
2021-12-22 08:24:07,560 [ForkJoinPool.commonPool-worker-0] INFO  util.JmxRegister (JmxRegister.java:unregister(73)) - Successfully un-registered JMX Bean with object name Ratis:service=RaftServer,group=group-7244C449BD80,id=d0511d9b-43cc-47c5-9566-2dcc399246f6
2021-12-22 08:24:07,560 [ForkJoinPool.commonPool-worker-0] INFO  impl.RoleInfo (RoleInfo.java:shutdownFollowerState(108)) - d0511d9b-43cc-47c5-9566-2dcc399246f6: shutdown d0511d9b-43cc-47c5-9566-2dcc399246f6@group-7244C449BD80-FollowerState
2021-12-22 08:24:07,560 [ForkJoinPool.commonPool-worker-0] INFO  impl.StateMachineUpdater (StateMachineUpdater.java:stopAndJoin(149)) - d0511d9b-43cc-47c5-9566-2dcc399246f6@group-7244C449BD80-StateMachineUpdater: set stopIndex = 0
2021-12-22 08:24:07,561 [d0511d9b-43cc-47c5-9566-2dcc399246f6@group-7244C449BD80-FollowerState] INFO  impl.FollowerState (FollowerState.java:run(143)) - d0511d9b-43cc-47c5-9566-2dcc399246f6@group-7244C449BD80-FollowerState was interrupted: {}
java.lang.InterruptedException: sleep interrupted
	at java.lang.Thread.sleep(Native Method)
	at java.lang.Thread.sleep(Thread.java:340)
	at java.util.concurrent.TimeUnit.sleep(TimeUnit.java:386)
	at org.apache.ratis.util.TimeDuration.sleep(TimeDuration.java:324)
	at org.apache.ratis.util.TimeDuration.sleep(TimeDuration.java:309)
	at org.apache.ratis.server.impl.FollowerState.run(FollowerState.java:118)
2021-12-22 08:24:07,562 [d0511d9b-43cc-47c5-9566-2dcc399246f6@group-7244C449BD80-StateMachineUpdater] INFO  ratis.ContainerStateMachine (ContainerStateMachine.java:takeSnapshot(299)) - group-7244C449BD80: Taking a snapshot at:(t:4, i:0) file /home/runner/work/ozone/ozone/hadoop-ozone/integration-test/target/test-dir/MiniOzoneClusterImpl-54e30266-9a77-40a3-8002-44206e2dad63/datanode-2/data/ratis/da2c4216-b0f0-4b28-bf13-7244c449bd80/sm/snapshot.4_0
2021-12-22 08:24:07,579 [d0511d9b-43cc-47c5-9566-2dcc399246f6@group-7244C449BD80-StateMachineUpdater] INFO  ratis.ContainerStateMachine (ContainerStateMachine.java:takeSnapshot(310)) - group-7244C449BD80: Finished taking a snapshot at:(t:4, i:0) file:/home/runner/work/ozone/ozone/hadoop-ozone/integration-test/target/test-dir/MiniOzoneClusterImpl-54e30266-9a77-40a3-8002-44206e2dad63/datanode-2/data/ratis/da2c4216-b0f0-4b28-bf13-7244c449bd80/sm/snapshot.4_0 took: 18 ms
2021-12-22 08:24:07,579 [d0511d9b-43cc-47c5-9566-2dcc399246f6@group-7244C449BD80-StateMachineUpdater] INFO  impl.StateMachineUpdater (StateMachineUpdater.java:takeSnapshot(281)) - d0511d9b-43cc-47c5-9566-2dcc399246f6@group-7244C449BD80-StateMachineUpdater: Took a snapshot at index 0
2021-12-22 08:24:07,580 [d0511d9b-43cc-47c5-9566-2dcc399246f6@group-7244C449BD80-StateMachineUpdater] INFO  impl.StateMachineUpdater (StateMachineUpdater.java:lambda$new$0(89)) - d0511d9b-43cc-47c5-9566-2dcc399246f6@group-7244C449BD80-StateMachineUpdater: snapshotIndex: updateIncreasingly -1 -> 0
2021-12-22 08:24:07,580 [ForkJoinPool.commonPool-worker-0] INFO  server.RaftServer$Division (ServerState.java:close(419)) - d0511d9b-43cc-47c5-9566-2dcc399246f6@group-7244C449BD80: closes. applyIndex: 0
2021-12-22 08:24:07,580 [d0511d9b-43cc-47c5-9566-2dcc399246f6@group-7244C449BD80-SegmentedRaftLogWorker] INFO  segmented.SegmentedRaftLogWorker (SegmentedRaftLogWorker.java:run(327)) - d0511d9b-43cc-47c5-9566-2dcc399246f6@group-7244C449BD80-SegmentedRaftLogWorker was interrupted, exiting. There are 0 tasks remaining in the queue.
2021-12-22 08:24:07,580 [ForkJoinPool.commonPool-worker-0] INFO  segmented.SegmentedRaftLogWorker (SegmentedRaftLogWorker.java:close(237)) - d0511d9b-43cc-47c5-9566-2dcc399246f6@group-7244C449BD80-SegmentedRaftLogWorker close()
2021-12-22 08:24:07,581 [ForkJoinPool.commonPool-worker-0] INFO  server.RaftServer$Division (RaftServerImpl.java:lambda$close$4(412)) - d0511d9b-43cc-47c5-9566-2dcc399246f6@group-3840C03710CA: shutdown
2021-12-22 08:24:07,581 [ForkJoinPool.commonPool-worker-0] INFO  util.JmxRegister (JmxRegister.java:unregister(73)) - Successfully un-registered JMX Bean with object name Ratis:service=RaftServer,group=group-3840C03710CA,id=d0511d9b-43cc-47c5-9566-2dcc399246f6
2021-12-22 08:24:07,582 [ForkJoinPool.commonPool-worker-0] INFO  impl.RoleInfo (RoleInfo.java:shutdownFollowerState(108)) - d0511d9b-43cc-47c5-9566-2dcc399246f6: shutdown d0511d9b-43cc-47c5-9566-2dcc399246f6@group-3840C03710CA-FollowerState
2021-12-22 08:24:07,582 [ForkJoinPool.commonPool-worker-0] INFO  impl.StateMachineUpdater (StateMachineUpdater.java:stopAndJoin(149)) - d0511d9b-43cc-47c5-9566-2dcc399246f6@group-3840C03710CA-StateMachineUpdater: set stopIndex = 47
2021-12-22 08:24:07,582 [d0511d9b-43cc-47c5-9566-2dcc399246f6@group-3840C03710CA-FollowerState] INFO  impl.FollowerState (FollowerState.java:run(143)) - d0511d9b-43cc-47c5-9566-2dcc399246f6@group-3840C03710CA-FollowerState was interrupted: {}
java.lang.InterruptedException: sleep interrupted
	at java.lang.Thread.sleep(Native Method)
	at java.lang.Thread.sleep(Thread.java:340)
	at java.util.concurrent.TimeUnit.sleep(TimeUnit.java:386)
	at org.apache.ratis.util.TimeDuration.sleep(TimeDuration.java:324)
	at org.apache.ratis.util.TimeDuration.sleep(TimeDuration.java:309)
	at org.apache.ratis.server.impl.FollowerState.run(FollowerState.java:118)
2021-12-22 08:24:07,582 [d0511d9b-43cc-47c5-9566-2dcc399246f6@group-3840C03710CA-StateMachineUpdater] INFO  ratis.ContainerStateMachine (ContainerStateMachine.java:takeSnapshot(299)) - group-3840C03710CA: Taking a snapshot at:(t:1, i:47) file /home/runner/work/ozone/ozone/hadoop-ozone/integration-test/target/test-dir/MiniOzoneClusterImpl-54e30266-9a77-40a3-8002-44206e2dad63/datanode-2/data/ratis/e4c555e0-0c2d-4080-a048-3840c03710ca/sm/snapshot.1_47
2021-12-22 08:24:07,585 [d0511d9b-43cc-47c5-9566-2dcc399246f6@group-3840C03710CA-StateMachineUpdater] INFO  ratis.ContainerStateMachine (ContainerStateMachine.java:takeSnapshot(310)) - group-3840C03710CA: Finished taking a snapshot at:(t:1, i:47) file:/home/runner/work/ozone/ozone/hadoop-ozone/integration-test/target/test-dir/MiniOzoneClusterImpl-54e30266-9a77-40a3-8002-44206e2dad63/datanode-2/data/ratis/e4c555e0-0c2d-4080-a048-3840c03710ca/sm/snapshot.1_47 took: 2 ms
2021-12-22 08:24:07,585 [d0511d9b-43cc-47c5-9566-2dcc399246f6@group-3840C03710CA-StateMachineUpdater] INFO  impl.StateMachineUpdater (StateMachineUpdater.java:takeSnapshot(281)) - d0511d9b-43cc-47c5-9566-2dcc399246f6@group-3840C03710CA-StateMachineUpdater: Took a snapshot at index 47
2021-12-22 08:24:07,585 [d0511d9b-43cc-47c5-9566-2dcc399246f6@group-3840C03710CA-StateMachineUpdater] INFO  impl.StateMachineUpdater (StateMachineUpdater.java:lambda$new$0(89)) - d0511d9b-43cc-47c5-9566-2dcc399246f6@group-3840C03710CA-StateMachineUpdater: snapshotIndex: updateIncreasingly -1 -> 47
2021-12-22 08:24:07,586 [ForkJoinPool.commonPool-worker-0] INFO  server.RaftServer$Division (ServerState.java:close(419)) - d0511d9b-43cc-47c5-9566-2dcc399246f6@group-3840C03710CA: closes. applyIndex: 47
2021-12-22 08:24:07,586 [d0511d9b-43cc-47c5-9566-2dcc399246f6@group-3840C03710CA-SegmentedRaftLogWorker] INFO  segmented.SegmentedRaftLogWorker (SegmentedRaftLogWorker.java:run(327)) - d0511d9b-43cc-47c5-9566-2dcc399246f6@group-3840C03710CA-SegmentedRaftLogWorker was interrupted, exiting. There are 0 tasks remaining in the queue.
2021-12-22 08:24:07,587 [ForkJoinPool.commonPool-worker-0] INFO  segmented.SegmentedRaftLogWorker (SegmentedRaftLogWorker.java:close(237)) - d0511d9b-43cc-47c5-9566-2dcc399246f6@group-3840C03710CA-SegmentedRaftLogWorker close()
2021-12-22 08:24:07,587 [ForkJoinPool.commonPool-worker-0] INFO  server.RaftServer$Division (RaftServerImpl.java:lambda$close$4(412)) - d0511d9b-43cc-47c5-9566-2dcc399246f6@group-9B1B29D2AFE4: shutdown
2021-12-22 08:24:07,587 [ForkJoinPool.commonPool-worker-0] INFO  util.JmxRegister (JmxRegister.java:unregister(73)) - Successfully un-registered JMX Bean with object name Ratis:service=RaftServer,group=group-9B1B29D2AFE4,id=d0511d9b-43cc-47c5-9566-2dcc399246f6
2021-12-22 08:24:07,587 [ForkJoinPool.commonPool-worker-0] INFO  impl.RoleInfo (RoleInfo.java:shutdownLeaderState(91)) - d0511d9b-43cc-47c5-9566-2dcc399246f6: shutdown d0511d9b-43cc-47c5-9566-2dcc399246f6@group-9B1B29D2AFE4-LeaderStateImpl
2021-12-22 08:24:07,588 [ForkJoinPool.commonPool-worker-0] INFO  impl.PendingRequests (PendingRequests.java:sendNotLeaderResponses(282)) - d0511d9b-43cc-47c5-9566-2dcc399246f6@group-9B1B29D2AFE4-PendingRequests: sendNotLeaderResponses
2021-12-22 08:24:07,588 [ForkJoinPool.commonPool-worker-0] INFO  impl.StateMachineUpdater (StateMachineUpdater.java:stopAndJoin(149)) - d0511d9b-43cc-47c5-9566-2dcc399246f6@group-9B1B29D2AFE4-StateMachineUpdater: set stopIndex = 0
2021-12-22 08:24:07,588 [d0511d9b-43cc-47c5-9566-2dcc399246f6@group-9B1B29D2AFE4-StateMachineUpdater] INFO  ratis.ContainerStateMachine (ContainerStateMachine.java:takeSnapshot(299)) - group-9B1B29D2AFE4: Taking a snapshot at:(t:1, i:0) file /home/runner/work/ozone/ozone/hadoop-ozone/integration-test/target/test-dir/MiniOzoneClusterImpl-54e30266-9a77-40a3-8002-44206e2dad63/datanode-2/data/ratis/8ddfe473-a439-46fa-833c-9b1b29d2afe4/sm/snapshot.1_0
2021-12-22 08:24:07,589 [d0511d9b-43cc-47c5-9566-2dcc399246f6@group-9B1B29D2AFE4-StateMachineUpdater] INFO  ratis.ContainerStateMachine (ContainerStateMachine.java:takeSnapshot(310)) - group-9B1B29D2AFE4: Finished taking a snapshot at:(t:1, i:0) file:/home/runner/work/ozone/ozone/hadoop-ozone/integration-test/target/test-dir/MiniOzoneClusterImpl-54e30266-9a77-40a3-8002-44206e2dad63/datanode-2/data/ratis/8ddfe473-a439-46fa-833c-9b1b29d2afe4/sm/snapshot.1_0 took: 0 ms
2021-12-22 08:24:07,589 [d0511d9b-43cc-47c5-9566-2dcc399246f6@group-9B1B29D2AFE4-StateMachineUpdater] INFO  impl.StateMachineUpdater (StateMachineUpdater.java:takeSnapshot(281)) - d0511d9b-43cc-47c5-9566-2dcc399246f6@group-9B1B29D2AFE4-StateMachineUpdater: Took a snapshot at index 0
2021-12-22 08:24:07,589 [d0511d9b-43cc-47c5-9566-2dcc399246f6@group-9B1B29D2AFE4-StateMachineUpdater] INFO  impl.StateMachineUpdater (StateMachineUpdater.java:lambda$new$0(89)) - d0511d9b-43cc-47c5-9566-2dcc399246f6@group-9B1B29D2AFE4-StateMachineUpdater: snapshotIndex: updateIncreasingly -1 -> 0
2021-12-22 08:24:07,589 [ForkJoinPool.commonPool-worker-0] INFO  server.RaftServer$Division (ServerState.java:close(419)) - d0511d9b-43cc-47c5-9566-2dcc399246f6@group-9B1B29D2AFE4: closes. applyIndex: 0
2021-12-22 08:24:07,590 [d0511d9b-43cc-47c5-9566-2dcc399246f6@group-9B1B29D2AFE4-SegmentedRaftLogWorker] INFO  segmented.SegmentedRaftLogWorker (SegmentedRaftLogWorker.java:run(327)) - d0511d9b-43cc-47c5-9566-2dcc399246f6@group-9B1B29D2AFE4-SegmentedRaftLogWorker was interrupted, exiting. There are 0 tasks remaining in the queue.
2021-12-22 08:24:07,590 [ForkJoinPool.commonPool-worker-0] INFO  segmented.SegmentedRaftLogWorker (SegmentedRaftLogWorker.java:close(237)) - d0511d9b-43cc-47c5-9566-2dcc399246f6@group-9B1B29D2AFE4-SegmentedRaftLogWorker close()
2021-12-22 08:24:07,590 [ForkJoinPool.commonPool-worker-0] INFO  server.GrpcService (GrpcService.java:closeImpl(262)) - d0511d9b-43cc-47c5-9566-2dcc399246f6: shutdown server with port 35723 now
2021-12-22 08:24:07,634 [ForkJoinPool.commonPool-worker-0] INFO  server.GrpcService (GrpcService.java:closeImpl(271)) - d0511d9b-43cc-47c5-9566-2dcc399246f6: shutdown server with port 35723 successfully
2021-12-22 08:24:07,634 [org.apache.ratis.util.JvmPauseMonitor$$Lambda$528/1268289547@4e64d87] INFO  util.JvmPauseMonitor (JvmPauseMonitor.java:run(109)) - JvmPauseMonitor-d0511d9b-43cc-47c5-9566-2dcc399246f6: Stopped
2021-12-22 08:24:09,711 [ForkJoinPool.commonPool-worker-0] INFO  utils.BackgroundService (BackgroundService.java:shutdown(132)) - Shutting down service BlockDeletingService
2021-12-22 08:24:12,713 [ForkJoinPool.commonPool-worker-0] INFO  statemachine.DatanodeStateMachine (DatanodeStateMachine.java:stopDaemon(526)) - Ozone container server stopped.
2021-12-22 08:24:12,719 [ForkJoinPool.commonPool-worker-0] INFO  handler.ContextHandler (ContextHandler.java:doStop(1153)) - Stopped o.e.j.w.WebAppContext@2b57f4d{hddsDatanode,/,null,STOPPED}{jar:file:/home/runner/.m2/repository/org/apache/ozone/hdds-container-service/1.3.0-SNAPSHOT/hdds-container-service-1.3.0-SNAPSHOT.jar!/webapps/hddsDatanode}
2021-12-22 08:24:12,732 [ForkJoinPool.commonPool-worker-0] INFO  server.AbstractConnector (AbstractConnector.java:doStop(381)) - Stopped ServerConnector@5cba3d39{HTTP/1.1, (http/1.1)}{0.0.0.0:0}
2021-12-22 08:24:12,732 [ForkJoinPool.commonPool-worker-0] INFO  server.session (HouseKeeper.java:stopScavenging(149)) - node0 Stopped scavenging
2021-12-22 08:24:12,743 [ForkJoinPool.commonPool-worker-0] INFO  handler.ContextHandler (ContextHandler.java:doStop(1153)) - Stopped o.e.j.s.ServletContextHandler@23fda602{static,/static,jar:file:/home/runner/.m2/repository/org/apache/ozone/hdds-container-service/1.3.0-SNAPSHOT/hdds-container-service-1.3.0-SNAPSHOT.jar!/webapps/static,STOPPED}
2021-12-22 08:24:12,758 [ForkJoinPool.commonPool-worker-0] INFO  handler.ContextHandler (ContextHandler.java:doStop(1153)) - Stopped o.e.j.s.ServletContextHandler@27407cd2{logs,/logs,file:///home/runner/work/ozone/ozone/hadoop-ozone/integration-test/target/log,STOPPED}
2021-12-22 08:24:12,760 [Listener at 127.0.0.1/32839] INFO  ozone.MiniOzoneClusterImpl (MiniOzoneClusterImpl.java:stopSCM(542)) - Stopping the StorageContainerManager
2021-12-22 08:24:12,760 [Listener at 127.0.0.1/32839] INFO  server.StorageContainerManager (StorageContainerManager.java:stop(1395)) - Stopping Container Balancer service.
2021-12-22 08:24:12,760 [Listener at 127.0.0.1/32839] INFO  balancer.ContainerBalancer (ContainerBalancer.java:stop(746)) - Container Balancer is not running.
2021-12-22 08:24:12,760 [Listener at 127.0.0.1/32839] INFO  server.StorageContainerManager (StorageContainerManager.java:stop(1402)) - Stopping Replication Manager Service.
2021-12-22 08:24:12,760 [Listener at 127.0.0.1/32839] INFO  container.ReplicationManager (ReplicationManager.java:stop(350)) - Stopping Replication Monitor Thread.
2021-12-22 08:24:12,760 [Listener at 127.0.0.1/32839] INFO  server.StorageContainerManager (StorageContainerManager.java:stop(1409)) - Stopping the Datanode Admin Monitor.
2021-12-22 08:24:12,760 [Listener at 127.0.0.1/32839] INFO  server.StorageContainerManager (StorageContainerManager.java:stop(1416)) - Stopping Lease Manager of the command watchers
2021-12-22 08:24:12,761 [Listener at 127.0.0.1/32839] INFO  server.StorageContainerManager (StorageContainerManager.java:stop(1423)) - Stopping datanode service RPC server
2021-12-22 08:24:12,761 [Listener at 127.0.0.1/32839] INFO  server.SCMDatanodeProtocolServer (SCMDatanodeProtocolServer.java:stop(389)) - Stopping the RPC server for DataNodes
2021-12-22 08:24:12,761 [Listener at 127.0.0.1/32839] INFO  ipc.Server (Server.java:stop(3414)) - Stopping server on 43829
2021-12-22 08:24:12,766 [IPC Server Responder] INFO  ipc.Server (Server.java:run(1512)) - Stopping IPC Server Responder
2021-12-22 08:24:12,766 [IPC Server listener on 0] INFO  ipc.Server (Server.java:run(1376)) - Stopping IPC Server listener on 0
2021-12-22 08:24:12,813 [SCM Heartbeat Processing Thread - 0] WARN  node.NodeStateManager (NodeStateManager.java:scheduleNextHealthCheck(799)) - Current Thread is interrupted, shutting down HB processing thread for Node Manager.
2021-12-22 08:24:12,813 [Listener at 127.0.0.1/32839] INFO  server.StorageContainerManager (StorageContainerManager.java:stop(1431)) - Stopping block service RPC server
2021-12-22 08:24:12,813 [Listener at 127.0.0.1/32839] INFO  server.SCMBlockProtocolServer (SCMBlockProtocolServer.java:stop(160)) - Stopping the RPC server for Block Protocol
2021-12-22 08:24:12,814 [Listener at 127.0.0.1/32839] INFO  ipc.Server (Server.java:stop(3414)) - Stopping server on 39955
2021-12-22 08:24:12,816 [IPC Server Responder] INFO  ipc.Server (Server.java:run(1512)) - Stopping IPC Server Responder
2021-12-22 08:24:12,816 [IPC Server listener on 0] INFO  ipc.Server (Server.java:run(1376)) - Stopping IPC Server listener on 0
2021-12-22 08:24:12,816 [Listener at 127.0.0.1/32839] INFO  server.StorageContainerManager (StorageContainerManager.java:stop(1438)) - Stopping the StorageContainerLocationProtocol RPC server
2021-12-22 08:24:12,817 [Listener at 127.0.0.1/32839] INFO  server.SCMClientProtocolServer (SCMClientProtocolServer.java:stop(173)) - Stopping the RPC server for Client Protocol
2021-12-22 08:24:12,817 [Listener at 127.0.0.1/32839] INFO  ipc.Server (Server.java:stop(3414)) - Stopping server on 45885
2021-12-22 08:24:12,836 [Listener at 127.0.0.1/32839] INFO  server.StorageContainerManager (StorageContainerManager.java:stop(1445)) - Stopping Storage Container Manager HTTP server.
2021-12-22 08:24:12,836 [Listener at 127.0.0.1/32839] INFO  handler.ContextHandler (ContextHandler.java:doStop(1153)) - Stopped o.e.j.w.WebAppContext@3e650f4{scm,/,null,STOPPED}{file:/home/runner/work/ozone/ozone/hadoop-ozone/integration-test/target/test-classes/webapps/scm}
2021-12-22 08:24:12,837 [IPC Server listener on 0] INFO  ipc.Server (Server.java:run(1376)) - Stopping IPC Server listener on 0
2021-12-22 08:24:12,837 [IPC Server Responder] INFO  ipc.Server (Server.java:run(1512)) - Stopping IPC Server Responder
2021-12-22 08:24:12,850 [Listener at 127.0.0.1/32839] INFO  server.AbstractConnector (AbstractConnector.java:doStop(381)) - Stopped ServerConnector@250f839{HTTP/1.1, (http/1.1)}{0.0.0.0:0}
2021-12-22 08:24:12,850 [Listener at 127.0.0.1/32839] INFO  server.session (HouseKeeper.java:stopScavenging(149)) - node0 Stopped scavenging
2021-12-22 08:24:12,851 [Listener at 127.0.0.1/32839] INFO  handler.ContextHandler (ContextHandler.java:doStop(1153)) - Stopped o.e.j.s.ServletContextHandler@5ead823e{static,/static,file:///home/runner/work/ozone/ozone/hadoop-ozone/integration-test/target/test-classes/webapps/static,STOPPED}
2021-12-22 08:24:12,851 [Listener at 127.0.0.1/32839] INFO  handler.ContextHandler (ContextHandler.java:doStop(1153)) - Stopped o.e.j.s.ServletContextHandler@763711d4{logs,/logs,file:///home/runner/work/ozone/ozone/hadoop-ozone/integration-test/target/log,STOPPED}
2021-12-22 08:24:12,852 [Listener at 127.0.0.1/32839] INFO  server.StorageContainerManager (StorageContainerManager.java:stop(1456)) - Stopping Block Manager Service.
2021-12-22 08:24:12,852 [Listener at 127.0.0.1/32839] INFO  utils.BackgroundService (BackgroundService.java:shutdown(132)) - Shutting down service SCMBlockDeletingService
2021-12-22 08:24:12,852 [Listener at 127.0.0.1/32839] INFO  utils.BackgroundService (BackgroundService.java:shutdown(132)) - Shutting down service SCMBlockDeletingService
2021-12-22 08:24:12,852 [Listener at 127.0.0.1/32839] INFO  server.StorageContainerManager (StorageContainerManager.java:stop(1483)) - Stopping SCM Event Queue.
2021-12-22 08:24:12,854 [Listener at 127.0.0.1/32839] INFO  server.StorageContainerManager (StorageContainerManager.java:stop(1494)) - Stopping SCM HA services.
2021-12-22 08:24:12,854 [Listener at 127.0.0.1/32839] INFO  pipeline.BackgroundPipelineCreator (BackgroundPipelineCreator.java:stop(158)) - Stopping RatisPipelineUtilsThread.
2021-12-22 08:24:12,854 [Listener at 127.0.0.1/32839] INFO  server.StorageContainerManager (StorageContainerManager.java:stop(1504)) - Stopping SCM MetadataStore.
2021-12-22 08:24:12,855 [Listener at 127.0.0.1/32839] INFO  impl.MetricsSystemImpl (MetricsSystemImpl.java:stop(210)) - Stopping HddsDatanode metrics system...
2021-12-22 08:24:12,892 [prometheus] INFO  impl.MetricsSinkAdapter (MetricsSinkAdapter.java:publishMetricsFromQueue(141)) - prometheus thread interrupted.
2021-12-22 08:24:12,892 [Listener at 127.0.0.1/32839] INFO  impl.MetricsSystemImpl (MetricsSystemImpl.java:stop(216)) - HddsDatanode metrics system stopped.
2021-12-22 08:24:13,102 [Listener at 127.0.0.1/32839] WARN  server.ServerUtils (ServerUtils.java:getScmDbDir(148)) - ozone.scm.db.dirs is not configured. We recommend adding this setting. Falling back to ozone.metadata.dirs instead.
2021-12-22 08:24:13,116 [Listener at 127.0.0.1/32839] INFO  ha.SCMHANodeDetails (SCMHANodeDetails.java:loadSCMHAConfig(157)) - ServiceID for StorageContainerManager is null
2021-12-22 08:24:13,116 [Listener at 127.0.0.1/32839] INFO  ha.SCMHANodeDetails (SCMHANodeDetails.java:loadSCMHAConfig(162)) - ozone.scm.default.service.id is not defined, falling back to ozone.scm.service.ids to find serviceID for StorageContainerManager if it is HA enabled cluster
2021-12-22 08:24:13,117 [Listener at 127.0.0.1/32839] WARN  server.ServerUtils (ServerUtils.java:getScmDbDir(148)) - ozone.scm.db.dirs is not configured. We recommend adding this setting. Falling back to ozone.metadata.dirs instead.
2021-12-22 08:24:13,117 [Listener at 127.0.0.1/32839] INFO  upgrade.AbstractLayoutVersionManager (AbstractLayoutVersionManager.java:init(79)) - Initializing Layout version manager with metadata layout = SCM_HA (version = 2), software layout = SCM_HA (version = 2)
2021-12-22 08:24:13,217 [Listener at 127.0.0.1/32839] INFO  reflections.Reflections (Reflections.java:scan(232)) - Reflections took 94 ms to scan 7 urls, producing 119 keys and 279 values 
2021-12-22 08:24:13,219 [Listener at 127.0.0.1/32839] WARN  utils.HAUtils (HAUtils.java:getMetaDir(342)) - ozone.scm.db.dirs is not configured. We recommend adding this setting. Falling back to ozone.metadata.dirs instead.
2021-12-22 08:24:13,220 [Listener at 127.0.0.1/32839] WARN  db.DBStoreBuilder (DBStoreBuilder.java:applyDBDefinition(145)) - ozone.scm.db.dirs is not configured. We recommend adding this setting. Falling back to ozone.metadata.dirs instead.
2021-12-22 08:24:13,500 [Listener at 127.0.0.1/32839] INFO  net.NodeSchemaLoader (NodeSchemaLoader.java:loadSchemaFromFile(129)) - Loading schema from [jar:file:/home/runner/.m2/repository/org/apache/ozone/hdds-common/1.3.0-SNAPSHOT/hdds-common-1.3.0-SNAPSHOT.jar!/network-topology-default.xml]
2021-12-22 08:24:13,500 [Listener at 127.0.0.1/32839] INFO  net.NodeSchemaLoader (NodeSchemaLoader.java:loadSchema(176)) - Loading network topology layer schema file
2021-12-22 08:24:13,513 [Listener at 127.0.0.1/32839] INFO  ha.SequenceIdGenerator (SequenceIdGenerator.java:upgradeToSequenceId(347)) - upgrade localId to 107544261427200000
2021-12-22 08:24:13,531 [Listener at 127.0.0.1/32839] INFO  ha.SequenceIdGenerator (SequenceIdGenerator.java:upgradeToSequenceId(357)) - upgrade delTxnId to 0
2021-12-22 08:24:13,531 [Listener at 127.0.0.1/32839] INFO  ha.SequenceIdGenerator (SequenceIdGenerator.java:upgradeToSequenceId(371)) - upgrade containerId to 0
2021-12-22 08:24:13,531 [Listener at 127.0.0.1/32839] INFO  ha.SequenceIdGenerator (SequenceIdGenerator.java:<init>(218)) - Init the HA SequenceIdGenerator.
2021-12-22 08:24:13,532 [Listener at 127.0.0.1/32839] WARN  server.ServerUtils (ServerUtils.java:sanitizeUserArgs(73)) - ozone.scm.stale.node.interval value = 300000 is larger than max = 100000 based on the key value of ozone.scm.heartbeat.thread.interval, reset to the max value 100000.
2021-12-22 08:24:13,532 [Listener at 127.0.0.1/32839] WARN  server.ServerUtils (ServerUtils.java:sanitizeUserArgs(73)) - ozone.scm.stale.node.interval value = 300000 is larger than max = 100000 based on the key value of ozone.scm.heartbeat.thread.interval, reset to the max value 100000.
2021-12-22 08:24:13,532 [Listener at 127.0.0.1/32839] INFO  node.SCMNodeManager (SCMNodeManager.java:<init>(144)) - Entering startup safe mode.
2021-12-22 08:24:13,533 [Listener at 127.0.0.1/32839] INFO  algorithms.ContainerPlacementPolicyFactory (ContainerPlacementPolicyFactory.java:getPolicy(60)) - Create container placement policy of type org.apache.hadoop.hdds.scm.container.placement.algorithms.SCMContainerPlacementRandom
2021-12-22 08:24:13,533 [Listener at 127.0.0.1/32839] INFO  pipeline.PipelineStateManagerImpl (PipelineStateManagerImpl.java:initialize(78)) - No pipeline exists in current db
2021-12-22 08:24:13,533 [Listener at 127.0.0.1/32839] INFO  algorithms.LeaderChoosePolicyFactory (LeaderChoosePolicyFactory.java:getPolicy(57)) - Create leader choose policy of type org.apache.hadoop.hdds.scm.pipeline.leader.choose.algorithms.MinLeaderCountChoosePolicy
2021-12-22 08:24:13,533 [Listener at 127.0.0.1/32839] INFO  ha.SCMServiceManager (SCMServiceManager.java:register(43)) - Registering service BackgroundPipelineCreator.
2021-12-22 08:24:13,533 [Listener at 127.0.0.1/32839] INFO  pipeline.BackgroundPipelineCreator (BackgroundPipelineCreator.java:start(130)) - Starting RatisPipelineUtilsThread.
2021-12-22 08:24:13,534 [Listener at 127.0.0.1/32839] INFO  algorithms.PipelineChoosePolicyFactory (PipelineChoosePolicyFactory.java:createPipelineChoosePolicyFromClass(73)) - Create pipeline choose policy of type org.apache.hadoop.hdds.scm.pipeline.choose.algorithms.RandomPipelineChoosePolicy
2021-12-22 08:24:13,535 [Listener at 127.0.0.1/32839] INFO  ha.SCMServiceManager (SCMServiceManager.java:register(43)) - Registering service SCMBlockDeletingService.
2021-12-22 08:24:13,535 [Listener at 127.0.0.1/32839] INFO  ha.SCMServiceManager (SCMServiceManager.java:register(43)) - Registering service ReplicationManager.
2021-12-22 08:24:13,535 [Listener at 127.0.0.1/32839] INFO  container.ReplicationManager (ReplicationManager.java:start(319)) - Starting Replication Monitor Thread.
2021-12-22 08:24:13,546 [Listener at 127.0.0.1/32839] INFO  safemode.ContainerSafeModeRule (ContainerSafeModeRule.java:<init>(89)) - containers with one replica threshold count 0
2021-12-22 08:24:13,546 [Listener at 127.0.0.1/32839] INFO  safemode.HealthyPipelineSafeModeRule (HealthyPipelineSafeModeRule.java:initializeRule(156)) - Total pipeline count is 0, healthy pipeline threshold count is 1
2021-12-22 08:24:13,546 [Listener at 127.0.0.1/32839] INFO  safemode.OneReplicaPipelineSafeModeRule (OneReplicaPipelineSafeModeRule.java:initializeRule(180)) - Total pipeline count is 0, pipeline's with at least one datanode reported threshold count is 0
2021-12-22 08:24:13,565 [ReplicationMonitor] INFO  container.ReplicationManager (ReplicationManager.java:processAll(371)) - Replication Monitor Thread took 0 milliseconds for processing 0 containers.
2021-12-22 08:24:13,598 [Listener at 127.0.0.1/32839] INFO  ipc.CallQueueManager (CallQueueManager.java:<init>(90)) - Using callQueue: class java.util.concurrent.LinkedBlockingQueue, queueCapacity: 2000, scheduler: class org.apache.hadoop.ipc.DefaultRpcScheduler, ipcBackoff: false.
2021-12-22 08:24:13,626 [Socket Reader #1 for port 0] INFO  ipc.Server (Server.java:run(1265)) - Starting Socket Reader #1 for port 0
2021-12-22 08:24:13,646 [Listener at 0.0.0.0/43671] INFO  ipc.CallQueueManager (CallQueueManager.java:<init>(90)) - Using callQueue: class java.util.concurrent.LinkedBlockingQueue, queueCapacity: 2000, scheduler: class org.apache.hadoop.ipc.DefaultRpcScheduler, ipcBackoff: false.
2021-12-22 08:24:13,663 [Socket Reader #1 for port 0] INFO  ipc.Server (Server.java:run(1265)) - Starting Socket Reader #1 for port 0
2021-12-22 08:24:13,671 [Listener at 0.0.0.0/41567] INFO  ipc.CallQueueManager (CallQueueManager.java:<init>(90)) - Using callQueue: class java.util.concurrent.LinkedBlockingQueue, queueCapacity: 2000, scheduler: class org.apache.hadoop.ipc.DefaultRpcScheduler, ipcBackoff: false.
2021-12-22 08:24:13,688 [Socket Reader #1 for port 0] INFO  ipc.Server (Server.java:run(1265)) - Starting Socket Reader #1 for port 0
2021-12-22 08:24:13,787 [Listener at 0.0.0.0/41473] INFO  algorithms.ContainerPlacementPolicyFactory (ContainerPlacementPolicyFactory.java:getPolicy(60)) - Create container placement policy of type org.apache.hadoop.hdds.scm.container.placement.algorithms.SCMContainerPlacementRandom
2021-12-22 08:24:13,789 [Listener at 0.0.0.0/41473] INFO  server.StorageContainerManager (StorageContainerManager.java:<init>(388)) - 
Container Balancer status:
Key                            Value
Running                        false
Container Balancer Configuration values:
Key                                                Value
Threshold                                          0.1
Max Datanodes to Involve per Iteration(ratio)      0.2
Max Size to Move per Iteration                     30GB
Max Size Entering Target per Iteration             1GB
Max Size Leaving Source per Iteration              1GB

2021-12-22 08:24:13,789 [Listener at 0.0.0.0/41473] WARN  events.EventQueue (EventQueue.java:fireEvent(194)) - No event handler registered for event TypedEvent{payloadType=SafeModeStatus, name='Safe mode status'}
2021-12-22 08:24:13,789 [Listener at 0.0.0.0/41473] INFO  ha.SCMContext (SCMContext.java:updateSafeModeStatus(211)) - Update SafeModeStatus from SafeModeStatus{safeModeStatus=true, preCheckPassed=false} to SafeModeStatus{safeModeStatus=true, preCheckPassed=false}.
2021-12-22 08:24:13,789 [Listener at 0.0.0.0/41473] INFO  server.StorageContainerManager (StorageContainerManager.java:start(1303)) - StorageContainerLocationProtocol RPC server is listening at /0.0.0.0:41473
2021-12-22 08:24:13,791 [Listener at 0.0.0.0/41473] WARN  impl.MetricsConfig (MetricsConfig.java:loadFirst(136)) - Cannot locate configuration: tried hadoop-metrics2-storagecontainermanager.properties,hadoop-metrics2.properties
2021-12-22 08:24:13,791 [Listener at 0.0.0.0/41473] INFO  impl.MetricsSystemImpl (MetricsSystemImpl.java:startTimer(378)) - Scheduled Metric snapshot period at 10 second(s).
2021-12-22 08:24:13,792 [Listener at 0.0.0.0/41473] INFO  impl.MetricsSystemImpl (MetricsSystemImpl.java:start(191)) - StorageContainerManager metrics system started
2021-12-22 08:24:13,898 [Listener at 0.0.0.0/41473] INFO  impl.MetricsSinkAdapter (MetricsSinkAdapter.java:start(204)) - Sink prometheus started
2021-12-22 08:24:13,898 [Listener at 0.0.0.0/41473] INFO  impl.MetricsSystemImpl (MetricsSystemImpl.java:registerSink(305)) - Registered sink prometheus
2021-12-22 08:24:13,918 [Listener at 0.0.0.0/41473] INFO  server.SCMClientProtocolServer (SCMClientProtocolServer.java:start(164)) - RPC server for Client  is listening at /0.0.0.0:41473
2021-12-22 08:24:13,919 [IPC Server Responder] INFO  ipc.Server (Server.java:run(1507)) - IPC Server Responder: starting
2021-12-22 08:24:13,919 [IPC Server listener on 0] INFO  ipc.Server (Server.java:run(1344)) - IPC Server listener on 0: starting
2021-12-22 08:24:13,920 [Listener at 0.0.0.0/41473] INFO  server.StorageContainerManager (StorageContainerManager.java:start(1318)) - ScmBlockLocationProtocol RPC server is listening at /0.0.0.0:41567
2021-12-22 08:24:13,934 [Listener at 0.0.0.0/41473] INFO  server.SCMBlockProtocolServer (SCMBlockProtocolServer.java:start(151)) - RPC server for Block Protocol is listening at /0.0.0.0:41567
2021-12-22 08:24:13,958 [IPC Server Responder] INFO  ipc.Server (Server.java:run(1507)) - IPC Server Responder: starting
2021-12-22 08:24:13,968 [IPC Server listener on 0] INFO  ipc.Server (Server.java:run(1344)) - IPC Server listener on 0: starting
2021-12-22 08:24:13,983 [Listener at 0.0.0.0/41473] INFO  server.StorageContainerManager (StorageContainerManager.java:start(1324)) - ScmDatanodeProtocl RPC server is listening at /0.0.0.0:43671
2021-12-22 08:24:13,983 [Listener at 0.0.0.0/41473] INFO  server.SCMDatanodeProtocolServer (SCMDatanodeProtocolServer.java:start(181)) - RPC server for DataNodes is listening at /0.0.0.0:43671
2021-12-22 08:24:13,984 [IPC Server Responder] INFO  ipc.Server (Server.java:run(1507)) - IPC Server Responder: starting
2021-12-22 08:24:13,984 [IPC Server listener on 0] INFO  ipc.Server (Server.java:run(1344)) - IPC Server listener on 0: starting
2021-12-22 08:24:14,053 [org.apache.hadoop.util.JvmPauseMonitor$Monitor@26bd1e9f] INFO  util.JvmPauseMonitor (JvmPauseMonitor.java:run(188)) - Starting JVM pause monitor
2021-12-22 08:24:14,054 [Listener at 0.0.0.0/41473] INFO  http.BaseHttpServer (BaseHttpServer.java:newHttpServer2BuilderForOzone(209)) - Starting Web-server for scm at: http://0.0.0.0:0
2021-12-22 08:24:14,054 [Listener at 0.0.0.0/41473] INFO  http.BaseHttpServer (BaseHttpServer.java:<init>(107)) - Hadoop Security Enabled: false Ozone Security Enabled: false Ozone HTTP Security Enabled: false 
2021-12-22 08:24:14,075 [Listener at 0.0.0.0/41473] INFO  server.AuthenticationFilter (AuthenticationFilter.java:constructSecretProvider(240)) - Unable to initialize FileSignerSecretProvider, falling back to use random secrets.
2021-12-22 08:24:14,086 [Listener at 0.0.0.0/41473] WARN  http.HttpRequestLog (HttpRequestLog.java:getRequestLog(103)) - Jetty request log can only be enabled using Log4j
2021-12-22 08:24:14,087 [Listener at 0.0.0.0/41473] INFO  http.HttpServer2 (HttpServer2.java:addGlobalFilter(1030)) - Added global filter 'safety' (class=org.apache.hadoop.hdds.server.http.HttpServer2$QuotingInputFilter)
2021-12-22 08:24:14,087 [Listener at 0.0.0.0/41473] INFO  http.HttpServer2 (HttpServer2.java:addFilter(1006)) - Added filter static_user_filter (class=org.apache.hadoop.http.lib.StaticUserWebFilter$StaticUserFilter) to context scm
2021-12-22 08:24:14,087 [Listener at 0.0.0.0/41473] INFO  http.HttpServer2 (HttpServer2.java:addFilter(1014)) - Added filter static_user_filter (class=org.apache.hadoop.http.lib.StaticUserWebFilter$StaticUserFilter) to context static
2021-12-22 08:24:14,088 [Listener at 0.0.0.0/41473] INFO  http.HttpServer2 (HttpServer2.java:addFilter(1014)) - Added filter static_user_filter (class=org.apache.hadoop.http.lib.StaticUserWebFilter$StaticUserFilter) to context logs
2021-12-22 08:24:14,091 [Listener at 0.0.0.0/41473] INFO  http.HttpServer2 (HttpServer2.java:bindListener(1249)) - Jetty bound to port 35141
2021-12-22 08:24:14,091 [Listener at 0.0.0.0/41473] INFO  server.Server (Server.java:doStart(375)) - jetty-9.4.43.v20210629; built: 2021-06-30T11:07:22.254Z; git: 526006ecfa3af7f1a27ef3a288e2bef7ea9dd7e8; jvm 1.8.0_292-b10
2021-12-22 08:24:14,124 [Listener at 0.0.0.0/41473] INFO  server.session (DefaultSessionIdManager.java:doStart(334)) - DefaultSessionIdManager workerName=node0
2021-12-22 08:24:14,124 [Listener at 0.0.0.0/41473] INFO  server.session (DefaultSessionIdManager.java:doStart(339)) - No SessionScavenger set, using defaults
2021-12-22 08:24:14,124 [Listener at 0.0.0.0/41473] INFO  server.session (HouseKeeper.java:startScavenging(132)) - node0 Scavenging every 660000ms
2021-12-22 08:24:14,139 [Listener at 0.0.0.0/41473] INFO  handler.ContextHandler (ContextHandler.java:doStart(915)) - Started o.e.j.s.ServletContextHandler@70b1f14{logs,/logs,file:///home/runner/work/ozone/ozone/hadoop-ozone/integration-test/target/log,AVAILABLE}
2021-12-22 08:24:14,139 [Listener at 0.0.0.0/41473] INFO  handler.ContextHandler (ContextHandler.java:doStart(915)) - Started o.e.j.s.ServletContextHandler@382a0846{static,/static,file:///home/runner/work/ozone/ozone/hadoop-ozone/integration-test/target/test-classes/webapps/static,AVAILABLE}
2021-12-22 08:24:14,166 [Listener at 0.0.0.0/41473] INFO  handler.ContextHandler (ContextHandler.java:doStart(915)) - Started o.e.j.w.WebAppContext@5027e367{scm,/,file:///home/runner/work/ozone/ozone/hadoop-ozone/integration-test/target/test-classes/webapps/scm/,AVAILABLE}{file:/home/runner/work/ozone/ozone/hadoop-ozone/integration-test/target/test-classes/webapps/scm}
2021-12-22 08:24:14,170 [Listener at 0.0.0.0/41473] INFO  server.AbstractConnector (AbstractConnector.java:doStart(331)) - Started ServerConnector@c94b341{HTTP/1.1, (http/1.1)}{0.0.0.0:35141}
2021-12-22 08:24:14,171 [Listener at 0.0.0.0/41473] INFO  server.Server (Server.java:doStart(415)) - Started @224885ms
2021-12-22 08:24:14,171 [Listener at 0.0.0.0/41473] WARN  impl.MetricsSystemImpl (MetricsSystemImpl.java:register(279)) - Sink prometheus already exists!
2021-12-22 08:24:14,171 [Listener at 0.0.0.0/41473] INFO  http.BaseHttpServer (BaseHttpServer.java:updateConnectorAddress(329)) - HTTP server of scm listening at http://0.0.0.0:35141
2021-12-22 08:24:14,172 [Listener at 0.0.0.0/41473] WARN  server.ServerUtils (ServerUtils.java:getDBPath(225)) - ozone.om.db.dirs is not configured. We recommend adding this setting. Falling back to ozone.metadata.dirs instead.
2021-12-22 08:24:14,178 [Listener at 0.0.0.0/41473] INFO  ha.OMHANodeDetails (OMHANodeDetails.java:loadOMHAConfig(112)) - ozone.om.internal.service.id is not defined, falling back to ozone.om.service.ids to find serviceID for OzoneManager if it is HA enabled cluster
2021-12-22 08:24:14,182 [Listener at 0.0.0.0/41473] INFO  ha.OMHANodeDetails (OMHANodeDetails.java:loadOMHAConfig(218)) - Configuration does not have ozone.om.address set. Falling back to the default OM address /127.0.0.1:0
2021-12-22 08:24:14,182 [Listener at 0.0.0.0/41473] INFO  ha.OMHANodeDetails (OMHANodeDetails.java:getOMNodeDetailsForNonHA(246)) - OM Service ID is not set. Setting it to the default ID: omServiceIdDefault
2021-12-22 08:24:14,190 [Listener at 0.0.0.0/41473] INFO  ha.OMHANodeDetails (OMHANodeDetails.java:getOMNodeDetailsForNonHA(253)) - OM Node ID is not set. Setting it to the default ID: om1
2021-12-22 08:24:14,190 [Listener at 0.0.0.0/41473] WARN  server.ServerUtils (ServerUtils.java:getDBPath(225)) - ozone.om.db.dirs is not configured. We recommend adding this setting. Falling back to ozone.metadata.dirs instead.
2021-12-22 08:24:14,190 [Listener at 0.0.0.0/41473] INFO  upgrade.AbstractLayoutVersionManager (AbstractLayoutVersionManager.java:init(79)) - Initializing Layout version manager with metadata layout = INITIAL_VERSION (version = 0), software layout = INITIAL_VERSION (version = 0)
2021-12-22 08:24:14,350 [Listener at 0.0.0.0/41473] INFO  reflections.Reflections (Reflections.java:scan(232)) - Reflections took 159 ms to scan 2 urls, producing 133 keys and 345 values [using 2 cores]
2021-12-22 08:24:14,350 [Listener at 0.0.0.0/41473] INFO  upgrade.OMLayoutVersionManager (OMLayoutVersionManager.java:lambda$0(115)) - Skipping Upgrade Action MockOmUpgradeAction since it has been finalized.
2021-12-22 08:24:14,351 [Listener at 0.0.0.0/41473] WARN  server.ServerUtils (ServerUtils.java:getDBPath(225)) - ozone.om.db.dirs is not configured. We recommend adding this setting. Falling back to ozone.metadata.dirs instead.
2021-12-22 08:24:14,385 [Listener at 0.0.0.0/41473] WARN  server.ServerUtils (ServerUtils.java:getDBPath(225)) - ozone.om.db.dirs is not configured. We recommend adding this setting. Falling back to ozone.metadata.dirs instead.
2021-12-22 08:24:14,386 [Listener at 0.0.0.0/41473] INFO  codec.OmKeyInfoCodec (OmKeyInfoCodec.java:<init>(50)) - OmKeyInfoCodec ignorePipeline = true
2021-12-22 08:24:14,386 [Listener at 0.0.0.0/41473] INFO  codec.RepeatedOmKeyInfoCodec (RepeatedOmKeyInfoCodec.java:<init>(42)) - RepeatedOmKeyInfoCodec ignorePipeline = true
2021-12-22 08:24:14,771 [Listener at 0.0.0.0/41473] INFO  om.OzoneManager (OzoneManager.java:addS3GVolumeToDB(3728)) - Created Volume s3v With Owner runner required for S3Gateway operations.
2021-12-22 08:24:14,782 [Listener at 0.0.0.0/41473] INFO  ipc.CallQueueManager (CallQueueManager.java:<init>(90)) - Using callQueue: class java.util.concurrent.LinkedBlockingQueue, queueCapacity: 2000, scheduler: class org.apache.hadoop.ipc.DefaultRpcScheduler, ipcBackoff: false.
2021-12-22 08:24:14,791 [Socket Reader #1 for port 0] INFO  ipc.Server (Server.java:run(1265)) - Starting Socket Reader #1 for port 0
2021-12-22 08:24:14,911 [Listener at 127.0.0.1/34409] INFO  impl.MetricsSystemImpl (MetricsSystemImpl.java:init(158)) - OzoneManager metrics system started (again)
2021-12-22 08:24:14,979 [Listener at 127.0.0.1/34409] INFO  om.OzoneManager (OzoneManager.java:start(1365)) - OzoneManager RPC server is listening at localhost/127.0.0.1:34409
2021-12-22 08:24:14,979 [Listener at 127.0.0.1/34409] INFO  om.OzoneManager (OzoneManager.java:start(1381)) - Version File has different layout version (0) than OM DB (null). That is expected if this OM has never been finalized to a newer layout version.
2021-12-22 08:24:14,985 [Listener at 127.0.0.1/34409] INFO  http.BaseHttpServer (BaseHttpServer.java:newHttpServer2BuilderForOzone(209)) - Starting Web-server for ozoneManager at: http://0.0.0.0:0
2021-12-22 08:24:14,985 [Listener at 127.0.0.1/34409] INFO  http.BaseHttpServer (BaseHttpServer.java:<init>(107)) - Hadoop Security Enabled: false Ozone Security Enabled: false Ozone HTTP Security Enabled: false 
2021-12-22 08:24:14,987 [Listener at 127.0.0.1/34409] INFO  server.AuthenticationFilter (AuthenticationFilter.java:constructSecretProvider(240)) - Unable to initialize FileSignerSecretProvider, falling back to use random secrets.
2021-12-22 08:24:14,992 [Listener at 127.0.0.1/34409] WARN  http.HttpRequestLog (HttpRequestLog.java:getRequestLog(103)) - Jetty request log can only be enabled using Log4j
2021-12-22 08:24:14,993 [Listener at 127.0.0.1/34409] INFO  http.HttpServer2 (HttpServer2.java:addGlobalFilter(1030)) - Added global filter 'safety' (class=org.apache.hadoop.hdds.server.http.HttpServer2$QuotingInputFilter)
2021-12-22 08:24:14,993 [Listener at 127.0.0.1/34409] INFO  http.HttpServer2 (HttpServer2.java:addFilter(1006)) - Added filter static_user_filter (class=org.apache.hadoop.http.lib.StaticUserWebFilter$StaticUserFilter) to context ozoneManager
2021-12-22 08:24:14,993 [Listener at 127.0.0.1/34409] INFO  http.HttpServer2 (HttpServer2.java:addFilter(1014)) - Added filter static_user_filter (class=org.apache.hadoop.http.lib.StaticUserWebFilter$StaticUserFilter) to context static
2021-12-22 08:24:14,994 [Listener at 127.0.0.1/34409] INFO  http.HttpServer2 (HttpServer2.java:addFilter(1014)) - Added filter static_user_filter (class=org.apache.hadoop.http.lib.StaticUserWebFilter$StaticUserFilter) to context logs
2021-12-22 08:24:15,003 [Listener at 127.0.0.1/34409] INFO  http.HttpServer2 (HttpServer2.java:bindListener(1249)) - Jetty bound to port 44539
2021-12-22 08:24:15,003 [Listener at 127.0.0.1/34409] INFO  server.Server (Server.java:doStart(375)) - jetty-9.4.43.v20210629; built: 2021-06-30T11:07:22.254Z; git: 526006ecfa3af7f1a27ef3a288e2bef7ea9dd7e8; jvm 1.8.0_292-b10
2021-12-22 08:24:15,090 [Listener at 127.0.0.1/34409] INFO  server.session (DefaultSessionIdManager.java:doStart(334)) - DefaultSessionIdManager workerName=node0
2021-12-22 08:24:15,090 [Listener at 127.0.0.1/34409] INFO  server.session (DefaultSessionIdManager.java:doStart(339)) - No SessionScavenger set, using defaults
2021-12-22 08:24:15,090 [Listener at 127.0.0.1/34409] INFO  server.session (HouseKeeper.java:startScavenging(132)) - node0 Scavenging every 660000ms
2021-12-22 08:24:15,111 [Listener at 127.0.0.1/34409] INFO  handler.ContextHandler (ContextHandler.java:doStart(915)) - Started o.e.j.s.ServletContextHandler@566e6d94{logs,/logs,file:///home/runner/work/ozone/ozone/hadoop-ozone/integration-test/target/log,AVAILABLE}
2021-12-22 08:24:15,112 [Listener at 127.0.0.1/34409] INFO  handler.ContextHandler (ContextHandler.java:doStart(915)) - Started o.e.j.s.ServletContextHandler@5a4f633f{static,/static,file:///home/runner/work/ozone/ozone/hadoop-ozone/integration-test/target/test-classes/webapps/static,AVAILABLE}
2021-12-22 08:24:15,122 [Listener at 127.0.0.1/34409] INFO  handler.ContextHandler (ContextHandler.java:doStart(915)) - Started o.e.j.w.WebAppContext@50038523{ozoneManager,/,file:///home/runner/work/ozone/ozone/hadoop-ozone/integration-test/target/test-classes/webapps/ozoneManager/,AVAILABLE}{file:/home/runner/work/ozone/ozone/hadoop-ozone/integration-test/target/test-classes/webapps/ozoneManager}
2021-12-22 08:24:15,130 [Listener at 127.0.0.1/34409] INFO  server.AbstractConnector (AbstractConnector.java:doStart(331)) - Started ServerConnector@219981e0{HTTP/1.1, (http/1.1)}{0.0.0.0:44539}
2021-12-22 08:24:15,130 [Listener at 127.0.0.1/34409] INFO  server.Server (Server.java:doStart(415)) - Started @225844ms
2021-12-22 08:24:15,130 [Listener at 127.0.0.1/34409] WARN  impl.MetricsSystemImpl (MetricsSystemImpl.java:register(279)) - Sink prometheus already exists!
2021-12-22 08:24:15,131 [Listener at 127.0.0.1/34409] INFO  http.BaseHttpServer (BaseHttpServer.java:updateConnectorAddress(329)) - HTTP server of ozoneManager listening at http://0.0.0.0:44539
2021-12-22 08:24:15,136 [IPC Server Responder] INFO  ipc.Server (Server.java:run(1507)) - IPC Server Responder: starting
2021-12-22 08:24:15,142 [IPC Server listener on 0] INFO  ipc.Server (Server.java:run(1344)) - IPC Server listener on 0: starting
2021-12-22 08:24:15,183 [Listener at 127.0.0.1/34409] INFO  om.TrashPolicyOzone (TrashPolicyOzone.java:<init>(178)) - Ozone Manager trash configuration: Deletion interval = 0 minutes, Emptier interval = 0 minutes.
2021-12-22 08:24:15,223 [org.apache.hadoop.util.JvmPauseMonitor$Monitor@7bc847dd] INFO  util.JvmPauseMonitor (JvmPauseMonitor.java:run(188)) - Starting JVM pause monitor
2021-12-22 08:24:15,224 [Listener at 127.0.0.1/34409] INFO  impl.MetricsSystemImpl (MetricsSystemImpl.java:init(158)) - HddsDatanode metrics system started (again)
2021-12-22 08:24:15,302 [Listener at 127.0.0.1/34409] INFO  ozone.HddsDatanodeService (HddsDatanodeService.java:start(234)) - HddsDatanodeService host:fv-az270-32.tacnzluakwdehk1hpragurqkma.bx.internal.cloudapp.net ip:10.1.0.28
2021-12-22 08:24:15,343 [Listener at 127.0.0.1/34409] INFO  upgrade.AbstractLayoutVersionManager (AbstractLayoutVersionManager.java:init(79)) - Initializing Layout version manager with metadata layout = SCM_HA (version = 2), software layout = SCM_HA (version = 2)
2021-12-22 08:24:15,548 [Listener at 127.0.0.1/34409] INFO  reflections.Reflections (Reflections.java:scan(232)) - Reflections took 162 ms to scan 7 urls, producing 119 keys and 279 values 
2021-12-22 08:24:15,549 [Listener at 127.0.0.1/34409] INFO  statemachine.DatanodeStateMachine (DatanodeStateMachine.java:getEndPointTaskThreadPoolSize(219)) - Datanode State Machine Task Thread Pool size 2
2021-12-22 08:24:15,551 [Listener at 127.0.0.1/34409] INFO  volume.HddsVolume (HddsVolume.java:<init>(120)) - Creating HddsVolume: /home/runner/work/ozone/ozone/hadoop-ozone/integration-test/target/test-dir/MiniOzoneClusterImpl-af7f7f34-8f38-4b2a-8d00-d35ccdfe1aa8/datanode-0/data-0/containers/hdds of storage type : DISK capacity : 9223372036854775807
2021-12-22 08:24:15,551 [Listener at 127.0.0.1/34409] INFO  volume.MutableVolumeSet (MutableVolumeSet.java:initializeVolumeSet(168)) - Added Volume : /home/runner/work/ozone/ozone/hadoop-ozone/integration-test/target/test-dir/MiniOzoneClusterImpl-af7f7f34-8f38-4b2a-8d00-d35ccdfe1aa8/datanode-0/data-0/containers/hdds to VolumeSet
2021-12-22 08:24:15,551 [Listener at 127.0.0.1/34409] INFO  volume.ThrottledAsyncChecker (ThrottledAsyncChecker.java:schedule(141)) - Scheduling a check for /home/runner/work/ozone/ozone/hadoop-ozone/integration-test/target/test-dir/MiniOzoneClusterImpl-af7f7f34-8f38-4b2a-8d00-d35ccdfe1aa8/datanode-0/data-0/containers/hdds
2021-12-22 08:24:15,552 [Listener at 127.0.0.1/34409] INFO  volume.StorageVolumeChecker (StorageVolumeChecker.java:checkAllVolumes(202)) - Scheduled health check for volume /home/runner/work/ozone/ozone/hadoop-ozone/integration-test/target/test-dir/MiniOzoneClusterImpl-af7f7f34-8f38-4b2a-8d00-d35ccdfe1aa8/datanode-0/data-0/containers/hdds
2021-12-22 08:24:15,575 [Listener at 127.0.0.1/34409] INFO  volume.MutableVolumeSet (MutableVolumeSet.java:initializeVolumeSet(168)) - Added Volume : /home/runner/work/ozone/ozone/hadoop-ozone/integration-test/target/test-dir/MiniOzoneClusterImpl-af7f7f34-8f38-4b2a-8d00-d35ccdfe1aa8/datanode-0/data/ratis to VolumeSet
2021-12-22 08:24:15,575 [Listener at 127.0.0.1/34409] INFO  volume.ThrottledAsyncChecker (ThrottledAsyncChecker.java:schedule(141)) - Scheduling a check for /home/runner/work/ozone/ozone/hadoop-ozone/integration-test/target/test-dir/MiniOzoneClusterImpl-af7f7f34-8f38-4b2a-8d00-d35ccdfe1aa8/datanode-0/data/ratis
2021-12-22 08:24:15,575 [Listener at 127.0.0.1/34409] INFO  volume.StorageVolumeChecker (StorageVolumeChecker.java:checkAllVolumes(202)) - Scheduled health check for volume /home/runner/work/ozone/ozone/hadoop-ozone/integration-test/target/test-dir/MiniOzoneClusterImpl-af7f7f34-8f38-4b2a-8d00-d35ccdfe1aa8/datanode-0/data/ratis
2021-12-22 08:24:15,657 [Thread-1684] INFO  ozoneimpl.ContainerReader (ContainerReader.java:readVolume(172)) - Finish verifying containers on volume /home/runner/work/ozone/ozone/hadoop-ozone/integration-test/target/test-dir/MiniOzoneClusterImpl-af7f7f34-8f38-4b2a-8d00-d35ccdfe1aa8/datanode-0/data-0/containers/hdds
2021-12-22 08:24:15,657 [Listener at 127.0.0.1/34409] INFO  ozoneimpl.OzoneContainer (OzoneContainer.java:buildContainerSet(237)) - Build ContainerSet costs 0s
2021-12-22 08:24:15,660 [Listener at 127.0.0.1/34409] INFO  server.RaftServer (ConfUtils.java:logGet(44)) - raft.rpc.type = GRPC (default)
2021-12-22 08:24:15,660 [Listener at 127.0.0.1/34409] INFO  grpc.GrpcFactory (GrpcFactory.java:checkPooledByteBufAllocatorUseCacheForAllThreads(48)) - PERFORMANCE WARNING: useCacheForAllThreads is true that may cause Netty to create a lot garbage objects and, as a result, trigger GC.
	It is recommended to disable useCacheForAllThreads by setting -Dorg.apache.ratis.thirdparty.io.netty.allocator.useCacheForAllThreads=false in command line.
2021-12-22 08:24:15,661 [Listener at 127.0.0.1/34409] INFO  grpc.GrpcConfigKeys (ConfUtils.java:logGet(44)) - raft.grpc.admin.port = 0 (custom)
2021-12-22 08:24:15,661 [Listener at 127.0.0.1/34409] INFO  grpc.GrpcConfigKeys (ConfUtils.java:logGet(44)) - raft.grpc.client.port = 0 (custom)
2021-12-22 08:24:15,661 [Listener at 127.0.0.1/34409] INFO  grpc.GrpcConfigKeys (ConfUtils.java:logGet(44)) - raft.grpc.server.port = 0 (default)
2021-12-22 08:24:15,661 [Listener at 127.0.0.1/34409] INFO  server.GrpcService (ConfUtils.java:logGet(44)) - raft.grpc.message.size.max = 32MB (=33554432) (custom)
2021-12-22 08:24:15,661 [Listener at 127.0.0.1/34409] INFO  server.RaftServerConfigKeys (ConfUtils.java:logGet(44)) - raft.server.log.appender.buffer.byte-limit = 33554432 (custom)
2021-12-22 08:24:15,661 [Listener at 127.0.0.1/34409] INFO  server.GrpcService (ConfUtils.java:logGet(44)) - raft.grpc.flow.control.window = 5MB (=5242880) (custom)
2021-12-22 08:24:15,661 [Listener at 127.0.0.1/34409] INFO  server.RaftServerConfigKeys (ConfUtils.java:logGet(44)) - raft.server.rpc.request.timeout = 60s (custom)
2021-12-22 08:24:15,680 [Listener at 127.0.0.1/34409] INFO  impl.DataStreamServerImpl (ConfUtils.java:logGet(44)) - raft.datastream.type = DISABLED (default)
2021-12-22 08:24:15,681 [Listener at 127.0.0.1/34409] INFO  server.RaftServerConfigKeys (ConfUtils.java:logGet(44)) - raft.server.rpc.slowness.timeout = 300s (custom)
2021-12-22 08:24:15,681 [Listener at 127.0.0.1/34409] INFO  server.RaftServerConfigKeys (ConfUtils.java:logGet(44)) - raft.server.leaderelection.leader.step-down.wait-time = 10s (default)
2021-12-22 08:24:15,681 [Listener at 127.0.0.1/34409] INFO  server.RaftServerConfigKeys (ConfUtils.java:logGet(44)) - raft.server.storage.dir = [/home/runner/work/ozone/ozone/hadoop-ozone/integration-test/target/test-dir/MiniOzoneClusterImpl-af7f7f34-8f38-4b2a-8d00-d35ccdfe1aa8/datanode-0/data/ratis] (custom)
2021-12-22 08:24:15,683 [Listener at 127.0.0.1/34409] INFO  server.XceiverServerGrpc (XceiverServerGrpc.java:<init>(132)) - GrpcServer channel type EpollServerSocketChannel
2021-12-22 08:24:15,726 [Listener at 127.0.0.1/34409] INFO  http.BaseHttpServer (BaseHttpServer.java:newHttpServer2BuilderForOzone(209)) - Starting Web-server for hddsDatanode at: http://0.0.0.0:0
2021-12-22 08:24:15,726 [Listener at 127.0.0.1/34409] INFO  http.BaseHttpServer (BaseHttpServer.java:<init>(107)) - Hadoop Security Enabled: false Ozone Security Enabled: false Ozone HTTP Security Enabled: false 
2021-12-22 08:24:15,727 [Listener at 127.0.0.1/34409] INFO  server.AuthenticationFilter (AuthenticationFilter.java:constructSecretProvider(240)) - Unable to initialize FileSignerSecretProvider, falling back to use random secrets.
2021-12-22 08:24:15,732 [Listener at 127.0.0.1/34409] WARN  http.HttpRequestLog (HttpRequestLog.java:getRequestLog(103)) - Jetty request log can only be enabled using Log4j
2021-12-22 08:24:15,733 [Listener at 127.0.0.1/34409] INFO  http.HttpServer2 (HttpServer2.java:addGlobalFilter(1030)) - Added global filter 'safety' (class=org.apache.hadoop.hdds.server.http.HttpServer2$QuotingInputFilter)
2021-12-22 08:24:15,733 [Listener at 127.0.0.1/34409] INFO  http.HttpServer2 (HttpServer2.java:addFilter(1006)) - Added filter static_user_filter (class=org.apache.hadoop.http.lib.StaticUserWebFilter$StaticUserFilter) to context hddsDatanode
2021-12-22 08:24:15,733 [Listener at 127.0.0.1/34409] INFO  http.HttpServer2 (HttpServer2.java:addFilter(1014)) - Added filter static_user_filter (class=org.apache.hadoop.http.lib.StaticUserWebFilter$StaticUserFilter) to context static
2021-12-22 08:24:15,733 [Listener at 127.0.0.1/34409] INFO  http.HttpServer2 (HttpServer2.java:addFilter(1014)) - Added filter static_user_filter (class=org.apache.hadoop.http.lib.StaticUserWebFilter$StaticUserFilter) to context logs
2021-12-22 08:24:15,734 [Listener at 127.0.0.1/34409] INFO  http.HttpServer2 (HttpServer2.java:bindListener(1249)) - Jetty bound to port 45323
2021-12-22 08:24:15,734 [Listener at 127.0.0.1/34409] INFO  server.Server (Server.java:doStart(375)) - jetty-9.4.43.v20210629; built: 2021-06-30T11:07:22.254Z; git: 526006ecfa3af7f1a27ef3a288e2bef7ea9dd7e8; jvm 1.8.0_292-b10
2021-12-22 08:24:15,776 [Listener at 127.0.0.1/34409] INFO  server.session (DefaultSessionIdManager.java:doStart(334)) - DefaultSessionIdManager workerName=node0
2021-12-22 08:24:15,776 [Listener at 127.0.0.1/34409] INFO  server.session (DefaultSessionIdManager.java:doStart(339)) - No SessionScavenger set, using defaults
2021-12-22 08:24:15,776 [Listener at 127.0.0.1/34409] INFO  server.session (HouseKeeper.java:startScavenging(132)) - node0 Scavenging every 660000ms
2021-12-22 08:24:15,777 [Listener at 127.0.0.1/34409] INFO  handler.ContextHandler (ContextHandler.java:doStart(915)) - Started o.e.j.s.ServletContextHandler@5decdb3{logs,/logs,file:///home/runner/work/ozone/ozone/hadoop-ozone/integration-test/target/log,AVAILABLE}
2021-12-22 08:24:15,777 [Listener at 127.0.0.1/34409] INFO  handler.ContextHandler (ContextHandler.java:doStart(915)) - Started o.e.j.s.ServletContextHandler@5c65480d{static,/static,jar:file:/home/runner/.m2/repository/org/apache/ozone/hdds-container-service/1.3.0-SNAPSHOT/hdds-container-service-1.3.0-SNAPSHOT.jar!/webapps/static,AVAILABLE}
2021-12-22 08:24:15,977 [Listener at 127.0.0.1/34409] INFO  handler.ContextHandler (ContextHandler.java:doStart(915)) - Started o.e.j.w.WebAppContext@6d709289{hddsDatanode,/,file:///tmp/jetty-0_0_0_0-45323-hdds-container-service-1_3_0-SNAPSHOT_jar-_-any-6657467961052390437/webapp/,AVAILABLE}{jar:file:/home/runner/.m2/repository/org/apache/ozone/hdds-container-service/1.3.0-SNAPSHOT/hdds-container-service-1.3.0-SNAPSHOT.jar!/webapps/hddsDatanode}
2021-12-22 08:24:16,013 [Listener at 127.0.0.1/34409] INFO  server.AbstractConnector (AbstractConnector.java:doStart(331)) - Started ServerConnector@55ec97c6{HTTP/1.1, (http/1.1)}{0.0.0.0:45323}
2021-12-22 08:24:16,021 [Listener at 127.0.0.1/34409] INFO  server.Server (Server.java:doStart(415)) - Started @226735ms
2021-12-22 08:24:16,028 [Listener at 127.0.0.1/34409] WARN  impl.MetricsSystemImpl (MetricsSystemImpl.java:register(279)) - Sink prometheus already exists!
2021-12-22 08:24:16,028 [Listener at 127.0.0.1/34409] INFO  http.BaseHttpServer (BaseHttpServer.java:updateConnectorAddress(329)) - HTTP server of hddsDatanode listening at http://0.0.0.0:45323
2021-12-22 08:24:16,042 [Listener at 127.0.0.1/34409] INFO  impl.MetricsSystemImpl (MetricsSystemImpl.java:init(158)) - HddsDatanode metrics system started (again)
2021-12-22 08:24:16,050 [Datanode State Machine Daemon Thread] INFO  statemachine.DatanodeStateMachine (DatanodeStateMachine.java:lambda$startDaemon$0(467)) - Ozone container server started.
2021-12-22 08:24:16,118 [org.apache.hadoop.util.JvmPauseMonitor$Monitor@28634902] INFO  util.JvmPauseMonitor (JvmPauseMonitor.java:run(188)) - Starting JVM pause monitor
2021-12-22 08:24:16,127 [Datanode State Machine Task Thread - 0] INFO  datanode.InitDatanodeState (InitDatanodeState.java:persistContainerDatanodeDetails(145)) - DatanodeDetails is persisted to /home/runner/work/ozone/ozone/hadoop-ozone/integration-test/target/test-dir/MiniOzoneClusterImpl-af7f7f34-8f38-4b2a-8d00-d35ccdfe1aa8/datanode-0/meta/datanode.id
2021-12-22 08:24:16,160 [Listener at 127.0.0.1/34409] INFO  ozone.HddsDatanodeService (HddsDatanodeService.java:start(234)) - HddsDatanodeService host:fv-az270-32.tacnzluakwdehk1hpragurqkma.bx.internal.cloudapp.net ip:10.1.0.28
2021-12-22 08:24:16,234 [Listener at 127.0.0.1/34409] INFO  upgrade.AbstractLayoutVersionManager (AbstractLayoutVersionManager.java:init(79)) - Initializing Layout version manager with metadata layout = SCM_HA (version = 2), software layout = SCM_HA (version = 2)
2021-12-22 08:24:16,412 [Listener at 127.0.0.1/34409] INFO  reflections.Reflections (Reflections.java:scan(232)) - Reflections took 173 ms to scan 7 urls, producing 119 keys and 279 values 
2021-12-22 08:24:16,420 [Listener at 127.0.0.1/34409] INFO  statemachine.DatanodeStateMachine (DatanodeStateMachine.java:getEndPointTaskThreadPoolSize(219)) - Datanode State Machine Task Thread Pool size 2
2021-12-22 08:24:16,424 [Listener at 127.0.0.1/34409] INFO  volume.HddsVolume (HddsVolume.java:<init>(120)) - Creating HddsVolume: /home/runner/work/ozone/ozone/hadoop-ozone/integration-test/target/test-dir/MiniOzoneClusterImpl-af7f7f34-8f38-4b2a-8d00-d35ccdfe1aa8/datanode-1/data-0/containers/hdds of storage type : DISK capacity : 9223372036854775807
2021-12-22 08:24:16,425 [Listener at 127.0.0.1/34409] INFO  volume.MutableVolumeSet (MutableVolumeSet.java:initializeVolumeSet(168)) - Added Volume : /home/runner/work/ozone/ozone/hadoop-ozone/integration-test/target/test-dir/MiniOzoneClusterImpl-af7f7f34-8f38-4b2a-8d00-d35ccdfe1aa8/datanode-1/data-0/containers/hdds to VolumeSet
2021-12-22 08:24:16,425 [Listener at 127.0.0.1/34409] INFO  volume.ThrottledAsyncChecker (ThrottledAsyncChecker.java:schedule(141)) - Scheduling a check for /home/runner/work/ozone/ozone/hadoop-ozone/integration-test/target/test-dir/MiniOzoneClusterImpl-af7f7f34-8f38-4b2a-8d00-d35ccdfe1aa8/datanode-1/data-0/containers/hdds
2021-12-22 08:24:16,437 [Listener at 127.0.0.1/34409] INFO  volume.StorageVolumeChecker (StorageVolumeChecker.java:checkAllVolumes(202)) - Scheduled health check for volume /home/runner/work/ozone/ozone/hadoop-ozone/integration-test/target/test-dir/MiniOzoneClusterImpl-af7f7f34-8f38-4b2a-8d00-d35ccdfe1aa8/datanode-1/data-0/containers/hdds
2021-12-22 08:24:16,479 [Listener at 127.0.0.1/34409] INFO  volume.MutableVolumeSet (MutableVolumeSet.java:initializeVolumeSet(168)) - Added Volume : /home/runner/work/ozone/ozone/hadoop-ozone/integration-test/target/test-dir/MiniOzoneClusterImpl-af7f7f34-8f38-4b2a-8d00-d35ccdfe1aa8/datanode-1/data/ratis to VolumeSet
2021-12-22 08:24:16,490 [Listener at 127.0.0.1/34409] INFO  volume.ThrottledAsyncChecker (ThrottledAsyncChecker.java:schedule(141)) - Scheduling a check for /home/runner/work/ozone/ozone/hadoop-ozone/integration-test/target/test-dir/MiniOzoneClusterImpl-af7f7f34-8f38-4b2a-8d00-d35ccdfe1aa8/datanode-1/data/ratis
2021-12-22 08:24:16,490 [Listener at 127.0.0.1/34409] INFO  volume.StorageVolumeChecker (StorageVolumeChecker.java:checkAllVolumes(202)) - Scheduled health check for volume /home/runner/work/ozone/ozone/hadoop-ozone/integration-test/target/test-dir/MiniOzoneClusterImpl-af7f7f34-8f38-4b2a-8d00-d35ccdfe1aa8/datanode-1/data/ratis
2021-12-22 08:24:16,521 [Thread-1696] INFO  ozoneimpl.ContainerReader (ContainerReader.java:readVolume(172)) - Finish verifying containers on volume /home/runner/work/ozone/ozone/hadoop-ozone/integration-test/target/test-dir/MiniOzoneClusterImpl-af7f7f34-8f38-4b2a-8d00-d35ccdfe1aa8/datanode-1/data-0/containers/hdds
2021-12-22 08:24:16,521 [Listener at 127.0.0.1/34409] INFO  ozoneimpl.OzoneContainer (OzoneContainer.java:buildContainerSet(237)) - Build ContainerSet costs 0s
2021-12-22 08:24:16,523 [Listener at 127.0.0.1/34409] INFO  server.RaftServer (ConfUtils.java:logGet(44)) - raft.rpc.type = GRPC (default)
2021-12-22 08:24:16,523 [Listener at 127.0.0.1/34409] INFO  grpc.GrpcFactory (GrpcFactory.java:checkPooledByteBufAllocatorUseCacheForAllThreads(48)) - PERFORMANCE WARNING: useCacheForAllThreads is true that may cause Netty to create a lot garbage objects and, as a result, trigger GC.
	It is recommended to disable useCacheForAllThreads by setting -Dorg.apache.ratis.thirdparty.io.netty.allocator.useCacheForAllThreads=false in command line.
2021-12-22 08:24:16,523 [Listener at 127.0.0.1/34409] INFO  grpc.GrpcConfigKeys (ConfUtils.java:logGet(44)) - raft.grpc.admin.port = 0 (custom)
2021-12-22 08:24:16,523 [Listener at 127.0.0.1/34409] INFO  grpc.GrpcConfigKeys (ConfUtils.java:logGet(44)) - raft.grpc.client.port = 0 (custom)
2021-12-22 08:24:16,538 [Listener at 127.0.0.1/34409] INFO  grpc.GrpcConfigKeys (ConfUtils.java:logGet(44)) - raft.grpc.server.port = 0 (default)
2021-12-22 08:24:16,538 [Listener at 127.0.0.1/34409] INFO  server.GrpcService (ConfUtils.java:logGet(44)) - raft.grpc.message.size.max = 32MB (=33554432) (custom)
2021-12-22 08:24:16,538 [Listener at 127.0.0.1/34409] INFO  server.RaftServerConfigKeys (ConfUtils.java:logGet(44)) - raft.server.log.appender.buffer.byte-limit = 33554432 (custom)
2021-12-22 08:24:16,538 [Listener at 127.0.0.1/34409] INFO  server.GrpcService (ConfUtils.java:logGet(44)) - raft.grpc.flow.control.window = 5MB (=5242880) (custom)
2021-12-22 08:24:16,538 [Listener at 127.0.0.1/34409] INFO  server.RaftServerConfigKeys (ConfUtils.java:logGet(44)) - raft.server.rpc.request.timeout = 60s (custom)
2021-12-22 08:24:16,539 [Listener at 127.0.0.1/34409] INFO  impl.DataStreamServerImpl (ConfUtils.java:logGet(44)) - raft.datastream.type = DISABLED (default)
2021-12-22 08:24:16,540 [Listener at 127.0.0.1/34409] INFO  server.RaftServerConfigKeys (ConfUtils.java:logGet(44)) - raft.server.rpc.slowness.timeout = 300s (custom)
2021-12-22 08:24:16,540 [Listener at 127.0.0.1/34409] INFO  server.RaftServerConfigKeys (ConfUtils.java:logGet(44)) - raft.server.leaderelection.leader.step-down.wait-time = 10s (default)
2021-12-22 08:24:16,540 [Listener at 127.0.0.1/34409] INFO  server.RaftServerConfigKeys (ConfUtils.java:logGet(44)) - raft.server.storage.dir = [/home/runner/work/ozone/ozone/hadoop-ozone/integration-test/target/test-dir/MiniOzoneClusterImpl-af7f7f34-8f38-4b2a-8d00-d35ccdfe1aa8/datanode-1/data/ratis] (custom)
2021-12-22 08:24:16,541 [Listener at 127.0.0.1/34409] INFO  server.XceiverServerGrpc (XceiverServerGrpc.java:<init>(132)) - GrpcServer channel type EpollServerSocketChannel
2021-12-22 08:24:16,554 [Listener at 127.0.0.1/34409] INFO  http.BaseHttpServer (BaseHttpServer.java:newHttpServer2BuilderForOzone(209)) - Starting Web-server for hddsDatanode at: http://0.0.0.0:0
2021-12-22 08:24:16,555 [Listener at 127.0.0.1/34409] INFO  http.BaseHttpServer (BaseHttpServer.java:<init>(107)) - Hadoop Security Enabled: false Ozone Security Enabled: false Ozone HTTP Security Enabled: false 
2021-12-22 08:24:16,556 [Listener at 127.0.0.1/34409] INFO  server.AuthenticationFilter (AuthenticationFilter.java:constructSecretProvider(240)) - Unable to initialize FileSignerSecretProvider, falling back to use random secrets.
2021-12-22 08:24:16,556 [Listener at 127.0.0.1/34409] WARN  http.HttpRequestLog (HttpRequestLog.java:getRequestLog(103)) - Jetty request log can only be enabled using Log4j
2021-12-22 08:24:16,557 [Listener at 127.0.0.1/34409] INFO  http.HttpServer2 (HttpServer2.java:addGlobalFilter(1030)) - Added global filter 'safety' (class=org.apache.hadoop.hdds.server.http.HttpServer2$QuotingInputFilter)
2021-12-22 08:24:16,557 [Listener at 127.0.0.1/34409] INFO  http.HttpServer2 (HttpServer2.java:addFilter(1006)) - Added filter static_user_filter (class=org.apache.hadoop.http.lib.StaticUserWebFilter$StaticUserFilter) to context hddsDatanode
2021-12-22 08:24:16,557 [Listener at 127.0.0.1/34409] INFO  http.HttpServer2 (HttpServer2.java:addFilter(1014)) - Added filter static_user_filter (class=org.apache.hadoop.http.lib.StaticUserWebFilter$StaticUserFilter) to context logs
2021-12-22 08:24:16,557 [Listener at 127.0.0.1/34409] INFO  http.HttpServer2 (HttpServer2.java:addFilter(1014)) - Added filter static_user_filter (class=org.apache.hadoop.http.lib.StaticUserWebFilter$StaticUserFilter) to context static
2021-12-22 08:24:16,558 [Listener at 127.0.0.1/34409] INFO  http.HttpServer2 (HttpServer2.java:bindListener(1249)) - Jetty bound to port 41399
2021-12-22 08:24:16,558 [Listener at 127.0.0.1/34409] INFO  server.Server (Server.java:doStart(375)) - jetty-9.4.43.v20210629; built: 2021-06-30T11:07:22.254Z; git: 526006ecfa3af7f1a27ef3a288e2bef7ea9dd7e8; jvm 1.8.0_292-b10
2021-12-22 08:24:16,559 [Listener at 127.0.0.1/34409] INFO  server.session (DefaultSessionIdManager.java:doStart(334)) - DefaultSessionIdManager workerName=node0
2021-12-22 08:24:16,560 [Listener at 127.0.0.1/34409] INFO  server.session (DefaultSessionIdManager.java:doStart(339)) - No SessionScavenger set, using defaults
2021-12-22 08:24:16,560 [Listener at 127.0.0.1/34409] INFO  server.session (HouseKeeper.java:startScavenging(132)) - node0 Scavenging every 660000ms
2021-12-22 08:24:16,572 [Listener at 127.0.0.1/34409] INFO  handler.ContextHandler (ContextHandler.java:doStart(915)) - Started o.e.j.s.ServletContextHandler@4958acef{logs,/logs,file:///home/runner/work/ozone/ozone/hadoop-ozone/integration-test/target/log,AVAILABLE}
2021-12-22 08:24:16,573 [Listener at 127.0.0.1/34409] INFO  handler.ContextHandler (ContextHandler.java:doStart(915)) - Started o.e.j.s.ServletContextHandler@4d25f209{static,/static,jar:file:/home/runner/.m2/repository/org/apache/ozone/hdds-container-service/1.3.0-SNAPSHOT/hdds-container-service-1.3.0-SNAPSHOT.jar!/webapps/static,AVAILABLE}
2021-12-22 08:24:16,699 [Listener at 127.0.0.1/34409] INFO  handler.ContextHandler (ContextHandler.java:doStart(915)) - Started o.e.j.w.WebAppContext@7ad61f03{hddsDatanode,/,file:///tmp/jetty-0_0_0_0-41399-hdds-container-service-1_3_0-SNAPSHOT_jar-_-any-7284267435709566574/webapp/,AVAILABLE}{jar:file:/home/runner/.m2/repository/org/apache/ozone/hdds-container-service/1.3.0-SNAPSHOT/hdds-container-service-1.3.0-SNAPSHOT.jar!/webapps/hddsDatanode}
2021-12-22 08:24:16,735 [Listener at 127.0.0.1/34409] INFO  server.AbstractConnector (AbstractConnector.java:doStart(331)) - Started ServerConnector@48043d64{HTTP/1.1, (http/1.1)}{0.0.0.0:41399}
2021-12-22 08:24:16,736 [Listener at 127.0.0.1/34409] INFO  server.Server (Server.java:doStart(415)) - Started @227450ms
2021-12-22 08:24:16,736 [Listener at 127.0.0.1/34409] WARN  impl.MetricsSystemImpl (MetricsSystemImpl.java:register(279)) - Sink prometheus already exists!
2021-12-22 08:24:16,737 [Listener at 127.0.0.1/34409] INFO  http.BaseHttpServer (BaseHttpServer.java:updateConnectorAddress(329)) - HTTP server of hddsDatanode listening at http://0.0.0.0:41399
2021-12-22 08:24:16,738 [Listener at 127.0.0.1/34409] INFO  impl.MetricsSystemImpl (MetricsSystemImpl.java:init(158)) - HddsDatanode metrics system started (again)
2021-12-22 08:24:16,750 [Datanode State Machine Daemon Thread] INFO  statemachine.DatanodeStateMachine (DatanodeStateMachine.java:lambda$startDaemon$0(467)) - Ozone container server started.
2021-12-22 08:24:16,817 [Listener at 127.0.0.1/34409] INFO  ozone.HddsDatanodeService (HddsDatanodeService.java:start(234)) - HddsDatanodeService host:fv-az270-32.tacnzluakwdehk1hpragurqkma.bx.internal.cloudapp.net ip:10.1.0.28
2021-12-22 08:24:16,874 [org.apache.hadoop.util.JvmPauseMonitor$Monitor@6041bc94] INFO  util.JvmPauseMonitor (JvmPauseMonitor.java:run(188)) - Starting JVM pause monitor
2021-12-22 08:24:16,900 [Datanode State Machine Task Thread - 0] INFO  datanode.InitDatanodeState (InitDatanodeState.java:persistContainerDatanodeDetails(145)) - DatanodeDetails is persisted to /home/runner/work/ozone/ozone/hadoop-ozone/integration-test/target/test-dir/MiniOzoneClusterImpl-af7f7f34-8f38-4b2a-8d00-d35ccdfe1aa8/datanode-1/meta/datanode.id
2021-12-22 08:24:16,908 [Listener at 127.0.0.1/34409] INFO  upgrade.AbstractLayoutVersionManager (AbstractLayoutVersionManager.java:init(79)) - Initializing Layout version manager with metadata layout = SCM_HA (version = 2), software layout = SCM_HA (version = 2)
2021-12-22 08:24:17,080 [Listener at 127.0.0.1/34409] INFO  reflections.Reflections (Reflections.java:scan(232)) - Reflections took 171 ms to scan 7 urls, producing 119 keys and 279 values 
2021-12-22 08:24:17,083 [Listener at 127.0.0.1/34409] INFO  statemachine.DatanodeStateMachine (DatanodeStateMachine.java:getEndPointTaskThreadPoolSize(219)) - Datanode State Machine Task Thread Pool size 2
2021-12-22 08:24:17,085 [Listener at 127.0.0.1/34409] INFO  volume.HddsVolume (HddsVolume.java:<init>(120)) - Creating HddsVolume: /home/runner/work/ozone/ozone/hadoop-ozone/integration-test/target/test-dir/MiniOzoneClusterImpl-af7f7f34-8f38-4b2a-8d00-d35ccdfe1aa8/datanode-2/data-0/containers/hdds of storage type : DISK capacity : 9223372036854775807
2021-12-22 08:24:17,085 [Listener at 127.0.0.1/34409] INFO  volume.MutableVolumeSet (MutableVolumeSet.java:initializeVolumeSet(168)) - Added Volume : /home/runner/work/ozone/ozone/hadoop-ozone/integration-test/target/test-dir/MiniOzoneClusterImpl-af7f7f34-8f38-4b2a-8d00-d35ccdfe1aa8/datanode-2/data-0/containers/hdds to VolumeSet
2021-12-22 08:24:17,085 [Listener at 127.0.0.1/34409] INFO  volume.ThrottledAsyncChecker (ThrottledAsyncChecker.java:schedule(141)) - Scheduling a check for /home/runner/work/ozone/ozone/hadoop-ozone/integration-test/target/test-dir/MiniOzoneClusterImpl-af7f7f34-8f38-4b2a-8d00-d35ccdfe1aa8/datanode-2/data-0/containers/hdds
2021-12-22 08:24:17,088 [Listener at 127.0.0.1/34409] INFO  volume.StorageVolumeChecker (StorageVolumeChecker.java:checkAllVolumes(202)) - Scheduled health check for volume /home/runner/work/ozone/ozone/hadoop-ozone/integration-test/target/test-dir/MiniOzoneClusterImpl-af7f7f34-8f38-4b2a-8d00-d35ccdfe1aa8/datanode-2/data-0/containers/hdds
2021-12-22 08:24:17,178 [Listener at 127.0.0.1/34409] INFO  volume.MutableVolumeSet (MutableVolumeSet.java:initializeVolumeSet(168)) - Added Volume : /home/runner/work/ozone/ozone/hadoop-ozone/integration-test/target/test-dir/MiniOzoneClusterImpl-af7f7f34-8f38-4b2a-8d00-d35ccdfe1aa8/datanode-2/data/ratis to VolumeSet
2021-12-22 08:24:17,179 [Listener at 127.0.0.1/34409] INFO  volume.ThrottledAsyncChecker (ThrottledAsyncChecker.java:schedule(141)) - Scheduling a check for /home/runner/work/ozone/ozone/hadoop-ozone/integration-test/target/test-dir/MiniOzoneClusterImpl-af7f7f34-8f38-4b2a-8d00-d35ccdfe1aa8/datanode-2/data/ratis
2021-12-22 08:24:17,179 [Listener at 127.0.0.1/34409] INFO  volume.StorageVolumeChecker (StorageVolumeChecker.java:checkAllVolumes(202)) - Scheduled health check for volume /home/runner/work/ozone/ozone/hadoop-ozone/integration-test/target/test-dir/MiniOzoneClusterImpl-af7f7f34-8f38-4b2a-8d00-d35ccdfe1aa8/datanode-2/data/ratis
2021-12-22 08:24:17,195 [Thread-1708] INFO  ozoneimpl.ContainerReader (ContainerReader.java:readVolume(172)) - Finish verifying containers on volume /home/runner/work/ozone/ozone/hadoop-ozone/integration-test/target/test-dir/MiniOzoneClusterImpl-af7f7f34-8f38-4b2a-8d00-d35ccdfe1aa8/datanode-2/data-0/containers/hdds
2021-12-22 08:24:17,195 [Listener at 127.0.0.1/34409] INFO  ozoneimpl.OzoneContainer (OzoneContainer.java:buildContainerSet(237)) - Build ContainerSet costs 0s
2021-12-22 08:24:17,197 [Listener at 127.0.0.1/34409] INFO  server.RaftServer (ConfUtils.java:logGet(44)) - raft.rpc.type = GRPC (default)
2021-12-22 08:24:17,197 [Listener at 127.0.0.1/34409] INFO  grpc.GrpcFactory (GrpcFactory.java:checkPooledByteBufAllocatorUseCacheForAllThreads(48)) - PERFORMANCE WARNING: useCacheForAllThreads is true that may cause Netty to create a lot garbage objects and, as a result, trigger GC.
	It is recommended to disable useCacheForAllThreads by setting -Dorg.apache.ratis.thirdparty.io.netty.allocator.useCacheForAllThreads=false in command line.
2021-12-22 08:24:17,197 [Listener at 127.0.0.1/34409] INFO  grpc.GrpcConfigKeys (ConfUtils.java:logGet(44)) - raft.grpc.admin.port = 0 (custom)
2021-12-22 08:24:17,197 [Listener at 127.0.0.1/34409] INFO  grpc.GrpcConfigKeys (ConfUtils.java:logGet(44)) - raft.grpc.client.port = 0 (custom)
2021-12-22 08:24:17,197 [Listener at 127.0.0.1/34409] INFO  grpc.GrpcConfigKeys (ConfUtils.java:logGet(44)) - raft.grpc.server.port = 0 (default)
2021-12-22 08:24:17,198 [Listener at 127.0.0.1/34409] INFO  server.GrpcService (ConfUtils.java:logGet(44)) - raft.grpc.message.size.max = 32MB (=33554432) (custom)
2021-12-22 08:24:17,206 [Listener at 127.0.0.1/34409] INFO  server.RaftServerConfigKeys (ConfUtils.java:logGet(44)) - raft.server.log.appender.buffer.byte-limit = 33554432 (custom)
2021-12-22 08:24:17,206 [Listener at 127.0.0.1/34409] INFO  server.GrpcService (ConfUtils.java:logGet(44)) - raft.grpc.flow.control.window = 5MB (=5242880) (custom)
2021-12-22 08:24:17,206 [Listener at 127.0.0.1/34409] INFO  server.RaftServerConfigKeys (ConfUtils.java:logGet(44)) - raft.server.rpc.request.timeout = 60s (custom)
2021-12-22 08:24:17,215 [Listener at 127.0.0.1/34409] INFO  impl.DataStreamServerImpl (ConfUtils.java:logGet(44)) - raft.datastream.type = DISABLED (default)
2021-12-22 08:24:17,215 [Listener at 127.0.0.1/34409] INFO  server.RaftServerConfigKeys (ConfUtils.java:logGet(44)) - raft.server.rpc.slowness.timeout = 300s (custom)
2021-12-22 08:24:17,215 [Listener at 127.0.0.1/34409] INFO  server.RaftServerConfigKeys (ConfUtils.java:logGet(44)) - raft.server.leaderelection.leader.step-down.wait-time = 10s (default)
2021-12-22 08:24:17,215 [Listener at 127.0.0.1/34409] INFO  server.RaftServerConfigKeys (ConfUtils.java:logGet(44)) - raft.server.storage.dir = [/home/runner/work/ozone/ozone/hadoop-ozone/integration-test/target/test-dir/MiniOzoneClusterImpl-af7f7f34-8f38-4b2a-8d00-d35ccdfe1aa8/datanode-2/data/ratis] (custom)
2021-12-22 08:24:17,218 [Listener at 127.0.0.1/34409] INFO  server.XceiverServerGrpc (XceiverServerGrpc.java:<init>(132)) - GrpcServer channel type EpollServerSocketChannel
2021-12-22 08:24:17,240 [Listener at 127.0.0.1/34409] INFO  http.BaseHttpServer (BaseHttpServer.java:newHttpServer2BuilderForOzone(209)) - Starting Web-server for hddsDatanode at: http://0.0.0.0:0
2021-12-22 08:24:17,240 [Listener at 127.0.0.1/34409] INFO  http.BaseHttpServer (BaseHttpServer.java:<init>(107)) - Hadoop Security Enabled: false Ozone Security Enabled: false Ozone HTTP Security Enabled: false 
2021-12-22 08:24:17,241 [Listener at 127.0.0.1/34409] INFO  server.AuthenticationFilter (AuthenticationFilter.java:constructSecretProvider(240)) - Unable to initialize FileSignerSecretProvider, falling back to use random secrets.
2021-12-22 08:24:17,254 [Listener at 127.0.0.1/34409] WARN  http.HttpRequestLog (HttpRequestLog.java:getRequestLog(103)) - Jetty request log can only be enabled using Log4j
2021-12-22 08:24:17,266 [Listener at 127.0.0.1/34409] INFO  http.HttpServer2 (HttpServer2.java:addGlobalFilter(1030)) - Added global filter 'safety' (class=org.apache.hadoop.hdds.server.http.HttpServer2$QuotingInputFilter)
2021-12-22 08:24:17,267 [Listener at 127.0.0.1/34409] INFO  http.HttpServer2 (HttpServer2.java:addFilter(1006)) - Added filter static_user_filter (class=org.apache.hadoop.http.lib.StaticUserWebFilter$StaticUserFilter) to context hddsDatanode
2021-12-22 08:24:17,267 [Listener at 127.0.0.1/34409] INFO  http.HttpServer2 (HttpServer2.java:addFilter(1014)) - Added filter static_user_filter (class=org.apache.hadoop.http.lib.StaticUserWebFilter$StaticUserFilter) to context logs
2021-12-22 08:24:17,267 [Listener at 127.0.0.1/34409] INFO  http.HttpServer2 (HttpServer2.java:addFilter(1014)) - Added filter static_user_filter (class=org.apache.hadoop.http.lib.StaticUserWebFilter$StaticUserFilter) to context static
2021-12-22 08:24:17,267 [Listener at 127.0.0.1/34409] INFO  http.HttpServer2 (HttpServer2.java:bindListener(1249)) - Jetty bound to port 32941
2021-12-22 08:24:17,267 [Listener at 127.0.0.1/34409] INFO  server.Server (Server.java:doStart(375)) - jetty-9.4.43.v20210629; built: 2021-06-30T11:07:22.254Z; git: 526006ecfa3af7f1a27ef3a288e2bef7ea9dd7e8; jvm 1.8.0_292-b10
2021-12-22 08:24:17,332 [Listener at 127.0.0.1/34409] INFO  server.session (DefaultSessionIdManager.java:doStart(334)) - DefaultSessionIdManager workerName=node0
2021-12-22 08:24:17,332 [Listener at 127.0.0.1/34409] INFO  server.session (DefaultSessionIdManager.java:doStart(339)) - No SessionScavenger set, using defaults
2021-12-22 08:24:17,333 [Listener at 127.0.0.1/34409] INFO  server.session (HouseKeeper.java:startScavenging(132)) - node0 Scavenging every 600000ms
2021-12-22 08:24:17,334 [Listener at 127.0.0.1/34409] INFO  handler.ContextHandler (ContextHandler.java:doStart(915)) - Started o.e.j.s.ServletContextHandler@1314a2a7{logs,/logs,file:///home/runner/work/ozone/ozone/hadoop-ozone/integration-test/target/log,AVAILABLE}
2021-12-22 08:24:17,335 [Listener at 127.0.0.1/34409] INFO  handler.ContextHandler (ContextHandler.java:doStart(915)) - Started o.e.j.s.ServletContextHandler@74b0f057{static,/static,jar:file:/home/runner/.m2/repository/org/apache/ozone/hdds-container-service/1.3.0-SNAPSHOT/hdds-container-service-1.3.0-SNAPSHOT.jar!/webapps/static,AVAILABLE}
2021-12-22 08:24:17,455 [Listener at 127.0.0.1/34409] INFO  handler.ContextHandler (ContextHandler.java:doStart(915)) - Started o.e.j.w.WebAppContext@7b636bbc{hddsDatanode,/,file:///tmp/jetty-0_0_0_0-32941-hdds-container-service-1_3_0-SNAPSHOT_jar-_-any-1316786017838355251/webapp/,AVAILABLE}{jar:file:/home/runner/.m2/repository/org/apache/ozone/hdds-container-service/1.3.0-SNAPSHOT/hdds-container-service-1.3.0-SNAPSHOT.jar!/webapps/hddsDatanode}
2021-12-22 08:24:17,478 [Listener at 127.0.0.1/34409] INFO  server.AbstractConnector (AbstractConnector.java:doStart(331)) - Started ServerConnector@42bab829{HTTP/1.1, (http/1.1)}{0.0.0.0:32941}
2021-12-22 08:24:17,478 [Listener at 127.0.0.1/34409] INFO  server.Server (Server.java:doStart(415)) - Started @228193ms
2021-12-22 08:24:17,479 [Listener at 127.0.0.1/34409] WARN  impl.MetricsSystemImpl (MetricsSystemImpl.java:register(279)) - Sink prometheus already exists!
2021-12-22 08:24:17,479 [Listener at 127.0.0.1/34409] INFO  http.BaseHttpServer (BaseHttpServer.java:updateConnectorAddress(329)) - HTTP server of hddsDatanode listening at http://0.0.0.0:32941
2021-12-22 08:24:17,480 [Listener at 127.0.0.1/34409] INFO  ozone.MiniOzoneClusterImpl (MiniOzoneClusterImpl.java:lambda$waitForClusterToBeReady$0(235)) - Waiting for nodes to be ready. Got 0 of 3 DN Heartbeats.
2021-12-22 08:24:17,480 [Listener at 127.0.0.1/34409] INFO  ozone.MiniOzoneClusterImpl (MiniOzoneClusterImpl.java:lambda$waitForClusterToBeReady$0(238)) - Waiting for cluster to exit safe mode
2021-12-22 08:24:17,480 [Listener at 127.0.0.1/34409] INFO  ozone.MiniOzoneClusterImpl (MiniOzoneClusterImpl.java:lambda$waitForClusterToBeReady$0(240)) - SCM became leader
2021-12-22 08:24:17,480 [Datanode State Machine Daemon Thread] INFO  statemachine.DatanodeStateMachine (DatanodeStateMachine.java:lambda$startDaemon$0(467)) - Ozone container server started.
2021-12-22 08:24:17,510 [org.apache.hadoop.util.JvmPauseMonitor$Monitor@7353c554] INFO  util.JvmPauseMonitor (JvmPauseMonitor.java:run(188)) - Starting JVM pause monitor
2021-12-22 08:24:17,515 [Datanode State Machine Task Thread - 0] INFO  datanode.InitDatanodeState (InitDatanodeState.java:persistContainerDatanodeDetails(145)) - DatanodeDetails is persisted to /home/runner/work/ozone/ozone/hadoop-ozone/integration-test/target/test-dir/MiniOzoneClusterImpl-af7f7f34-8f38-4b2a-8d00-d35ccdfe1aa8/datanode-2/meta/datanode.id
2021-12-22 08:24:18,160 [EndpointStateMachine task thread for /0.0.0.0:43671 - 0 ] INFO  ozoneimpl.OzoneContainer (OzoneContainer.java:start(315)) - Attempting to start container services.
2021-12-22 08:24:18,161 [EndpointStateMachine task thread for /0.0.0.0:43671 - 0 ] INFO  ozoneimpl.OzoneContainer (OzoneContainer.java:startContainerScrub(250)) - Background container scanner has been disabled.
2021-12-22 08:24:18,174 [EndpointStateMachine task thread for /0.0.0.0:43671 - 0 ] INFO  replication.ReplicationServer (ReplicationServer.java:start(107)) - ReplicationServer is started using port 37647
2021-12-22 08:24:18,183 [EndpointStateMachine task thread for /0.0.0.0:43671 - 0 ] INFO  ratis.XceiverServerRatis (XceiverServerRatis.java:start(484)) - Starting XceiverServerRatis 222a2d59-0c3b-4266-bd4d-99b1e092dd5e
2021-12-22 08:24:18,198 [EndpointStateMachine task thread for /0.0.0.0:43671 - 0 ] INFO  server.RaftServer (RaftServerProxy.java:lambda$start$5(374)) - 222a2d59-0c3b-4266-bd4d-99b1e092dd5e: start RPC server
2021-12-22 08:24:18,207 [EndpointStateMachine task thread for /0.0.0.0:43671 - 0 ] INFO  server.GrpcService (GrpcService.java:startImpl(253)) - 222a2d59-0c3b-4266-bd4d-99b1e092dd5e: GrpcService started, listening on 39863
2021-12-22 08:24:18,214 [EndpointStateMachine task thread for /0.0.0.0:43671 - 0 ] INFO  ratis.XceiverServerRatis (XceiverServerRatis.java:getRealPort(505)) - XceiverServerRatis 222a2d59-0c3b-4266-bd4d-99b1e092dd5e is started using port 39863 for RATIS
2021-12-22 08:24:18,214 [EndpointStateMachine task thread for /0.0.0.0:43671 - 0 ] INFO  ratis.XceiverServerRatis (XceiverServerRatis.java:getRealPort(505)) - XceiverServerRatis 222a2d59-0c3b-4266-bd4d-99b1e092dd5e is started using port 39863 for RATIS_ADMIN
2021-12-22 08:24:18,214 [EndpointStateMachine task thread for /0.0.0.0:43671 - 0 ] INFO  ratis.XceiverServerRatis (XceiverServerRatis.java:getRealPort(505)) - XceiverServerRatis 222a2d59-0c3b-4266-bd4d-99b1e092dd5e is started using port 39863 for RATIS_SERVER
2021-12-22 08:24:18,214 [org.apache.ratis.util.JvmPauseMonitor$$Lambda$528/1268289547@232cce7e] INFO  util.JvmPauseMonitor (JvmPauseMonitor.java:run(103)) - JvmPauseMonitor-222a2d59-0c3b-4266-bd4d-99b1e092dd5e: Started
2021-12-22 08:24:18,242 [EndpointStateMachine task thread for /0.0.0.0:43671 - 0 ] INFO  server.XceiverServerGrpc (XceiverServerGrpc.java:start(180)) - XceiverServerGrpc 222a2d59-0c3b-4266-bd4d-99b1e092dd5e is started using port 33463
2021-12-22 08:24:18,480 [Listener at 127.0.0.1/34409] INFO  ozone.MiniOzoneClusterImpl (MiniOzoneClusterImpl.java:lambda$waitForClusterToBeReady$0(235)) - Waiting for nodes to be ready. Got 0 of 3 DN Heartbeats.
2021-12-22 08:24:18,481 [Listener at 127.0.0.1/34409] INFO  ozone.MiniOzoneClusterImpl (MiniOzoneClusterImpl.java:lambda$waitForClusterToBeReady$0(238)) - Waiting for cluster to exit safe mode
2021-12-22 08:24:18,481 [Listener at 127.0.0.1/34409] INFO  ozone.MiniOzoneClusterImpl (MiniOzoneClusterImpl.java:lambda$waitForClusterToBeReady$0(240)) - SCM became leader
2021-12-22 08:24:18,902 [EndpointStateMachine task thread for /0.0.0.0:43671 - 0 ] INFO  ozoneimpl.OzoneContainer (OzoneContainer.java:start(315)) - Attempting to start container services.
2021-12-22 08:24:18,902 [EndpointStateMachine task thread for /0.0.0.0:43671 - 0 ] INFO  ozoneimpl.OzoneContainer (OzoneContainer.java:startContainerScrub(250)) - Background container scanner has been disabled.
2021-12-22 08:24:18,907 [EndpointStateMachine task thread for /0.0.0.0:43671 - 0 ] INFO  replication.ReplicationServer (ReplicationServer.java:start(107)) - ReplicationServer is started using port 46139
2021-12-22 08:24:18,908 [EndpointStateMachine task thread for /0.0.0.0:43671 - 0 ] INFO  ratis.XceiverServerRatis (XceiverServerRatis.java:start(484)) - Starting XceiverServerRatis 4afdff22-9491-4128-a30d-4aec80145f3a
2021-12-22 08:24:18,909 [EndpointStateMachine task thread for /0.0.0.0:43671 - 0 ] INFO  server.RaftServer (RaftServerProxy.java:lambda$start$5(374)) - 4afdff22-9491-4128-a30d-4aec80145f3a: start RPC server
2021-12-22 08:24:18,912 [EndpointStateMachine task thread for /0.0.0.0:43671 - 0 ] INFO  server.GrpcService (GrpcService.java:startImpl(253)) - 4afdff22-9491-4128-a30d-4aec80145f3a: GrpcService started, listening on 39331
2021-12-22 08:24:18,914 [EndpointStateMachine task thread for /0.0.0.0:43671 - 0 ] INFO  ratis.XceiverServerRatis (XceiverServerRatis.java:getRealPort(505)) - XceiverServerRatis 4afdff22-9491-4128-a30d-4aec80145f3a is started using port 39331 for RATIS
2021-12-22 08:24:18,914 [EndpointStateMachine task thread for /0.0.0.0:43671 - 0 ] INFO  ratis.XceiverServerRatis (XceiverServerRatis.java:getRealPort(505)) - XceiverServerRatis 4afdff22-9491-4128-a30d-4aec80145f3a is started using port 39331 for RATIS_ADMIN
2021-12-22 08:24:18,914 [EndpointStateMachine task thread for /0.0.0.0:43671 - 0 ] INFO  ratis.XceiverServerRatis (XceiverServerRatis.java:getRealPort(505)) - XceiverServerRatis 4afdff22-9491-4128-a30d-4aec80145f3a is started using port 39331 for RATIS_SERVER
2021-12-22 08:24:18,914 [org.apache.ratis.util.JvmPauseMonitor$$Lambda$528/1268289547@72e9394f] INFO  util.JvmPauseMonitor (JvmPauseMonitor.java:run(103)) - JvmPauseMonitor-4afdff22-9491-4128-a30d-4aec80145f3a: Started
2021-12-22 08:24:18,946 [EndpointStateMachine task thread for /0.0.0.0:43671 - 0 ] INFO  server.XceiverServerGrpc (XceiverServerGrpc.java:start(180)) - XceiverServerGrpc 4afdff22-9491-4128-a30d-4aec80145f3a is started using port 46321
2021-12-22 08:24:19,481 [Listener at 127.0.0.1/34409] INFO  ozone.MiniOzoneClusterImpl (MiniOzoneClusterImpl.java:lambda$waitForClusterToBeReady$0(235)) - Waiting for nodes to be ready. Got 0 of 3 DN Heartbeats.
2021-12-22 08:24:19,481 [Listener at 127.0.0.1/34409] INFO  ozone.MiniOzoneClusterImpl (MiniOzoneClusterImpl.java:lambda$waitForClusterToBeReady$0(238)) - Waiting for cluster to exit safe mode
2021-12-22 08:24:19,481 [Listener at 127.0.0.1/34409] INFO  ozone.MiniOzoneClusterImpl (MiniOzoneClusterImpl.java:lambda$waitForClusterToBeReady$0(240)) - SCM became leader
2021-12-22 08:24:19,534 [EndpointStateMachine task thread for /0.0.0.0:43671 - 0 ] INFO  ozoneimpl.OzoneContainer (OzoneContainer.java:start(315)) - Attempting to start container services.
2021-12-22 08:24:19,534 [EndpointStateMachine task thread for /0.0.0.0:43671 - 0 ] INFO  ozoneimpl.OzoneContainer (OzoneContainer.java:startContainerScrub(250)) - Background container scanner has been disabled.
2021-12-22 08:24:19,538 [EndpointStateMachine task thread for /0.0.0.0:43671 - 0 ] INFO  replication.ReplicationServer (ReplicationServer.java:start(107)) - ReplicationServer is started using port 46655
2021-12-22 08:24:19,557 [EndpointStateMachine task thread for /0.0.0.0:43671 - 0 ] INFO  ratis.XceiverServerRatis (XceiverServerRatis.java:start(484)) - Starting XceiverServerRatis 9d0cec3a-c7ab-477f-afd5-18767d26e7c7
2021-12-22 08:24:19,610 [EndpointStateMachine task thread for /0.0.0.0:43671 - 0 ] INFO  server.RaftServer (RaftServerProxy.java:lambda$start$5(374)) - 9d0cec3a-c7ab-477f-afd5-18767d26e7c7: start RPC server
2021-12-22 08:24:19,610 [EndpointStateMachine task thread for /0.0.0.0:43671 - 0 ] INFO  server.GrpcService (GrpcService.java:startImpl(253)) - 9d0cec3a-c7ab-477f-afd5-18767d26e7c7: GrpcService started, listening on 40049
2021-12-22 08:24:19,616 [EndpointStateMachine task thread for /0.0.0.0:43671 - 0 ] INFO  ratis.XceiverServerRatis (XceiverServerRatis.java:getRealPort(505)) - XceiverServerRatis 9d0cec3a-c7ab-477f-afd5-18767d26e7c7 is started using port 40049 for RATIS
2021-12-22 08:24:19,616 [EndpointStateMachine task thread for /0.0.0.0:43671 - 0 ] INFO  ratis.XceiverServerRatis (XceiverServerRatis.java:getRealPort(505)) - XceiverServerRatis 9d0cec3a-c7ab-477f-afd5-18767d26e7c7 is started using port 40049 for RATIS_ADMIN
2021-12-22 08:24:19,617 [EndpointStateMachine task thread for /0.0.0.0:43671 - 0 ] INFO  ratis.XceiverServerRatis (XceiverServerRatis.java:getRealPort(505)) - XceiverServerRatis 9d0cec3a-c7ab-477f-afd5-18767d26e7c7 is started using port 40049 for RATIS_SERVER
2021-12-22 08:24:19,617 [org.apache.ratis.util.JvmPauseMonitor$$Lambda$528/1268289547@826d371] INFO  util.JvmPauseMonitor (JvmPauseMonitor.java:run(103)) - JvmPauseMonitor-9d0cec3a-c7ab-477f-afd5-18767d26e7c7: Started
2021-12-22 08:24:19,622 [EndpointStateMachine task thread for /0.0.0.0:43671 - 0 ] INFO  server.XceiverServerGrpc (XceiverServerGrpc.java:start(180)) - XceiverServerGrpc 9d0cec3a-c7ab-477f-afd5-18767d26e7c7 is started using port 37667
2021-12-22 08:24:20,119 [IPC Server handler 0 on default port 43671] INFO  net.NetworkTopologyImpl (NetworkTopologyImpl.java:add(112)) - Added a new node: /default-rack/222a2d59-0c3b-4266-bd4d-99b1e092dd5e
2021-12-22 08:24:20,120 [IPC Server handler 0 on default port 43671] INFO  node.SCMNodeManager (SCMNodeManager.java:register(389)) - Registered Data node : 222a2d59-0c3b-4266-bd4d-99b1e092dd5e{ip: 10.1.0.28, host: fv-az270-32.tacnzluakwdehk1hpragurqkma.bx.internal.cloudapp.net, ports: [REPLICATION=37647, RATIS=39863, RATIS_ADMIN=39863, RATIS_SERVER=39863, STANDALONE=33463], networkLocation: /default-rack, certSerialId: null, persistedOpState: null, persistedOpStateExpiryEpochSec: 0}
2021-12-22 08:24:20,126 [EventQueue-NodeRegistrationContainerReportForDataNodeSafeModeRule] INFO  safemode.SCMSafeModeManager (DataNodeSafeModeRule.java:process(71)) - SCM in safe mode. 1 DataNodes registered, 3 required.
2021-12-22 08:24:20,126 [EventQueue-NodeRegistrationContainerReportForContainerSafeModeRule] INFO  safemode.SCMSafeModeManager (SCMSafeModeManager.java:validateSafeModeExitRules(204)) - ContainerSafeModeRule rule is successfully validated
2021-12-22 08:24:20,151 [EventQueue-PipelineReportForOneReplicaPipelineSafeModeRule] INFO  safemode.SCMSafeModeManager (SCMSafeModeManager.java:validateSafeModeExitRules(204)) - AtleastOneDatanodeReportedRule rule is successfully validated
2021-12-22 08:24:20,151 [EventQueue-NewNodeForNewNodeHandler] INFO  pipeline.BackgroundPipelineCreator (BackgroundPipelineCreator.java:notifyEventTriggered(285)) - trigger a one-shot run on RatisPipelineUtilsThread.
2021-12-22 08:24:20,153 [RatisPipelineUtilsThread - 0] INFO  pipeline.RatisPipelineProvider (RatisPipelineProvider.java:lambda$create$0(183)) - Sending CreatePipelineCommand for pipeline:PipelineID=893f0fe1-9d0a-4f69-bb3d-1b7dda13e1c7 to datanode:222a2d59-0c3b-4266-bd4d-99b1e092dd5e
2021-12-22 08:24:20,162 [RatisPipelineUtilsThread - 0] INFO  pipeline.PipelineStateManagerImpl (PipelineStateManagerImpl.java:addPipeline(101)) - Created pipeline Pipeline[ Id: 893f0fe1-9d0a-4f69-bb3d-1b7dda13e1c7, Nodes: 222a2d59-0c3b-4266-bd4d-99b1e092dd5e{ip: 10.1.0.28, host: fv-az270-32.tacnzluakwdehk1hpragurqkma.bx.internal.cloudapp.net, ports: [REPLICATION=37647, RATIS=39863, RATIS_ADMIN=39863, RATIS_SERVER=39863, STANDALONE=33463], networkLocation: /default-rack, certSerialId: null, persistedOpState: IN_SERVICE, persistedOpStateExpiryEpochSec: 0}, ReplicationConfig: RATIS/ONE, State:ALLOCATED, leaderId:, CreationTimestamp2021-12-22T08:24:20.153Z[Etc/UTC]].
2021-12-22 08:24:20,481 [Listener at 127.0.0.1/34409] INFO  ozone.MiniOzoneClusterImpl (MiniOzoneClusterImpl.java:lambda$waitForClusterToBeReady$0(235)) - Waiting for nodes to be ready. Got 1 of 3 DN Heartbeats.
2021-12-22 08:24:20,482 [Listener at 127.0.0.1/34409] INFO  ozone.MiniOzoneClusterImpl (MiniOzoneClusterImpl.java:lambda$waitForClusterToBeReady$0(238)) - Waiting for cluster to exit safe mode
2021-12-22 08:24:20,482 [Listener at 127.0.0.1/34409] INFO  ozone.MiniOzoneClusterImpl (MiniOzoneClusterImpl.java:lambda$waitForClusterToBeReady$0(240)) - SCM became leader
2021-12-22 08:24:20,876 [IPC Server handler 2 on default port 43671] INFO  net.NetworkTopologyImpl (NetworkTopologyImpl.java:add(112)) - Added a new node: /default-rack/4afdff22-9491-4128-a30d-4aec80145f3a
2021-12-22 08:24:20,877 [IPC Server handler 2 on default port 43671] INFO  node.SCMNodeManager (SCMNodeManager.java:register(389)) - Registered Data node : 4afdff22-9491-4128-a30d-4aec80145f3a{ip: 10.1.0.28, host: fv-az270-32.tacnzluakwdehk1hpragurqkma.bx.internal.cloudapp.net, ports: [REPLICATION=46139, RATIS=39331, RATIS_ADMIN=39331, RATIS_SERVER=39331, STANDALONE=46321], networkLocation: /default-rack, certSerialId: null, persistedOpState: null, persistedOpStateExpiryEpochSec: 0}
2021-12-22 08:24:20,882 [EventQueue-NodeRegistrationContainerReportForDataNodeSafeModeRule] INFO  safemode.SCMSafeModeManager (DataNodeSafeModeRule.java:process(71)) - SCM in safe mode. 2 DataNodes registered, 3 required.
2021-12-22 08:24:20,882 [EventQueue-NewNodeForNewNodeHandler] INFO  pipeline.BackgroundPipelineCreator (BackgroundPipelineCreator.java:notifyEventTriggered(285)) - trigger a one-shot run on RatisPipelineUtilsThread.
2021-12-22 08:24:20,890 [RatisPipelineUtilsThread - 0] INFO  pipeline.RatisPipelineProvider (RatisPipelineProvider.java:lambda$create$0(183)) - Sending CreatePipelineCommand for pipeline:PipelineID=85c84f61-75e6-4ad2-a111-145919cc805c to datanode:4afdff22-9491-4128-a30d-4aec80145f3a
2021-12-22 08:24:20,890 [RatisPipelineUtilsThread - 0] INFO  pipeline.PipelineStateManagerImpl (PipelineStateManagerImpl.java:addPipeline(101)) - Created pipeline Pipeline[ Id: 85c84f61-75e6-4ad2-a111-145919cc805c, Nodes: 4afdff22-9491-4128-a30d-4aec80145f3a{ip: 10.1.0.28, host: fv-az270-32.tacnzluakwdehk1hpragurqkma.bx.internal.cloudapp.net, ports: [REPLICATION=46139, RATIS=39331, RATIS_ADMIN=39331, RATIS_SERVER=39331, STANDALONE=46321], networkLocation: /default-rack, certSerialId: null, persistedOpState: IN_SERVICE, persistedOpStateExpiryEpochSec: 0}, ReplicationConfig: RATIS/ONE, State:ALLOCATED, leaderId:, CreationTimestamp2021-12-22T08:24:20.890Z[Etc/UTC]].
2021-12-22 08:24:21,482 [Listener at 127.0.0.1/34409] INFO  ozone.MiniOzoneClusterImpl (MiniOzoneClusterImpl.java:lambda$waitForClusterToBeReady$0(235)) - Waiting for nodes to be ready. Got 2 of 3 DN Heartbeats.
2021-12-22 08:24:21,482 [Listener at 127.0.0.1/34409] INFO  ozone.MiniOzoneClusterImpl (MiniOzoneClusterImpl.java:lambda$waitForClusterToBeReady$0(238)) - Waiting for cluster to exit safe mode
2021-12-22 08:24:21,482 [Listener at 127.0.0.1/34409] INFO  ozone.MiniOzoneClusterImpl (MiniOzoneClusterImpl.java:lambda$waitForClusterToBeReady$0(240)) - SCM became leader
2021-12-22 08:24:21,512 [IPC Server handler 1 on default port 43671] INFO  net.NetworkTopologyImpl (NetworkTopologyImpl.java:add(112)) - Added a new node: /default-rack/9d0cec3a-c7ab-477f-afd5-18767d26e7c7
2021-12-22 08:24:21,514 [IPC Server handler 1 on default port 43671] INFO  node.SCMNodeManager (SCMNodeManager.java:register(389)) - Registered Data node : 9d0cec3a-c7ab-477f-afd5-18767d26e7c7{ip: 10.1.0.28, host: fv-az270-32.tacnzluakwdehk1hpragurqkma.bx.internal.cloudapp.net, ports: [REPLICATION=46655, RATIS=40049, RATIS_ADMIN=40049, RATIS_SERVER=40049, STANDALONE=37667], networkLocation: /default-rack, certSerialId: null, persistedOpState: null, persistedOpStateExpiryEpochSec: 0}
2021-12-22 08:24:21,514 [EventQueue-NewNodeForNewNodeHandler] INFO  pipeline.BackgroundPipelineCreator (BackgroundPipelineCreator.java:notifyEventTriggered(285)) - trigger a one-shot run on RatisPipelineUtilsThread.
2021-12-22 08:24:21,515 [EventQueue-NodeRegistrationContainerReportForDataNodeSafeModeRule] INFO  safemode.SCMSafeModeManager (DataNodeSafeModeRule.java:process(71)) - SCM in safe mode. 3 DataNodes registered, 3 required.
2021-12-22 08:24:21,515 [EventQueue-NodeRegistrationContainerReportForDataNodeSafeModeRule] INFO  safemode.SCMSafeModeManager (SCMSafeModeManager.java:validateSafeModeExitRules(204)) - DataNodeSafeModeRule rule is successfully validated
2021-12-22 08:24:21,515 [EventQueue-NodeRegistrationContainerReportForDataNodeSafeModeRule] INFO  safemode.SCMSafeModeManager (SCMSafeModeManager.java:completePreCheck(233)) - All SCM safe mode pre check rules have passed
2021-12-22 08:24:21,515 [EventQueue-NodeRegistrationContainerReportForDataNodeSafeModeRule] WARN  events.EventQueue (EventQueue.java:fireEvent(194)) - No event handler registered for event TypedEvent{payloadType=SafeModeStatus, name='Safe mode status'}
2021-12-22 08:24:21,515 [EventQueue-NodeRegistrationContainerReportForDataNodeSafeModeRule] INFO  ha.SCMContext (SCMContext.java:updateSafeModeStatus(211)) - Update SafeModeStatus from SafeModeStatus{safeModeStatus=true, preCheckPassed=false} to SafeModeStatus{safeModeStatus=true, preCheckPassed=true}.
2021-12-22 08:24:21,515 [EventQueue-NodeRegistrationContainerReportForDataNodeSafeModeRule] INFO  pipeline.BackgroundPipelineCreator (BackgroundPipelineCreator.java:notifyEventTriggered(285)) - trigger a one-shot run on RatisPipelineUtilsThread.
2021-12-22 08:24:21,533 [RatisPipelineUtilsThread - 0] INFO  pipeline.RatisPipelineProvider (RatisPipelineProvider.java:lambda$create$0(183)) - Sending CreatePipelineCommand for pipeline:PipelineID=9d8c65c7-de40-4c5d-a3dd-caba6161f376 to datanode:9d0cec3a-c7ab-477f-afd5-18767d26e7c7
2021-12-22 08:24:21,534 [RatisPipelineUtilsThread - 0] INFO  pipeline.PipelineStateManagerImpl (PipelineStateManagerImpl.java:addPipeline(101)) - Created pipeline Pipeline[ Id: 9d8c65c7-de40-4c5d-a3dd-caba6161f376, Nodes: 9d0cec3a-c7ab-477f-afd5-18767d26e7c7{ip: 10.1.0.28, host: fv-az270-32.tacnzluakwdehk1hpragurqkma.bx.internal.cloudapp.net, ports: [REPLICATION=46655, RATIS=40049, RATIS_ADMIN=40049, RATIS_SERVER=40049, STANDALONE=37667], networkLocation: /default-rack, certSerialId: null, persistedOpState: IN_SERVICE, persistedOpStateExpiryEpochSec: 0}, ReplicationConfig: RATIS/ONE, State:ALLOCATED, leaderId:, CreationTimestamp2021-12-22T08:24:21.533Z[Etc/UTC]].
2021-12-22 08:24:21,534 [RatisPipelineUtilsThread - 0] INFO  pipeline.RatisPipelineProvider (RatisPipelineProvider.java:lambda$create$0(183)) - Sending CreatePipelineCommand for pipeline:PipelineID=47d1ab3d-c00f-408f-a1fc-5418fcfd540d to datanode:4afdff22-9491-4128-a30d-4aec80145f3a
2021-12-22 08:24:21,534 [RatisPipelineUtilsThread - 0] INFO  pipeline.RatisPipelineProvider (RatisPipelineProvider.java:lambda$create$0(183)) - Sending CreatePipelineCommand for pipeline:PipelineID=47d1ab3d-c00f-408f-a1fc-5418fcfd540d to datanode:222a2d59-0c3b-4266-bd4d-99b1e092dd5e
2021-12-22 08:24:21,534 [RatisPipelineUtilsThread - 0] INFO  pipeline.RatisPipelineProvider (RatisPipelineProvider.java:lambda$create$0(183)) - Sending CreatePipelineCommand for pipeline:PipelineID=47d1ab3d-c00f-408f-a1fc-5418fcfd540d to datanode:9d0cec3a-c7ab-477f-afd5-18767d26e7c7
2021-12-22 08:24:21,535 [RatisPipelineUtilsThread - 0] INFO  pipeline.PipelineStateManagerImpl (PipelineStateManagerImpl.java:addPipeline(101)) - Created pipeline Pipeline[ Id: 47d1ab3d-c00f-408f-a1fc-5418fcfd540d, Nodes: 4afdff22-9491-4128-a30d-4aec80145f3a{ip: 10.1.0.28, host: fv-az270-32.tacnzluakwdehk1hpragurqkma.bx.internal.cloudapp.net, ports: [REPLICATION=46139, RATIS=39331, RATIS_ADMIN=39331, RATIS_SERVER=39331, STANDALONE=46321], networkLocation: /default-rack, certSerialId: null, persistedOpState: IN_SERVICE, persistedOpStateExpiryEpochSec: 0}222a2d59-0c3b-4266-bd4d-99b1e092dd5e{ip: 10.1.0.28, host: fv-az270-32.tacnzluakwdehk1hpragurqkma.bx.internal.cloudapp.net, ports: [REPLICATION=37647, RATIS=39863, RATIS_ADMIN=39863, RATIS_SERVER=39863, STANDALONE=33463], networkLocation: /default-rack, certSerialId: null, persistedOpState: IN_SERVICE, persistedOpStateExpiryEpochSec: 0}9d0cec3a-c7ab-477f-afd5-18767d26e7c7{ip: 10.1.0.28, host: fv-az270-32.tacnzluakwdehk1hpragurqkma.bx.internal.cloudapp.net, ports: [REPLICATION=46655, RATIS=40049, RATIS_ADMIN=40049, RATIS_SERVER=40049, STANDALONE=37667], networkLocation: /default-rack, certSerialId: null, persistedOpState: IN_SERVICE, persistedOpStateExpiryEpochSec: 0}, ReplicationConfig: RATIS/THREE, State:ALLOCATED, leaderId:, CreationTimestamp2021-12-22T08:24:21.534Z[Etc/UTC]].
2021-12-22 08:24:21,535 [RatisPipelineUtilsThread - 0] INFO  pipeline.RatisPipelineProvider (RatisPipelineProvider.java:lambda$create$0(183)) - Sending CreatePipelineCommand for pipeline:PipelineID=07d2b399-dd73-43de-a574-ff503ef0943d to datanode:9d0cec3a-c7ab-477f-afd5-18767d26e7c7
2021-12-22 08:24:21,535 [RatisPipelineUtilsThread - 0] INFO  pipeline.RatisPipelineProvider (RatisPipelineProvider.java:lambda$create$0(183)) - Sending CreatePipelineCommand for pipeline:PipelineID=07d2b399-dd73-43de-a574-ff503ef0943d to datanode:4afdff22-9491-4128-a30d-4aec80145f3a
2021-12-22 08:24:21,535 [RatisPipelineUtilsThread - 0] INFO  pipeline.RatisPipelineProvider (RatisPipelineProvider.java:lambda$create$0(183)) - Sending CreatePipelineCommand for pipeline:PipelineID=07d2b399-dd73-43de-a574-ff503ef0943d to datanode:222a2d59-0c3b-4266-bd4d-99b1e092dd5e
2021-12-22 08:24:21,535 [RatisPipelineUtilsThread - 0] INFO  pipeline.PipelineStateManagerImpl (PipelineStateManagerImpl.java:addPipeline(101)) - Created pipeline Pipeline[ Id: 07d2b399-dd73-43de-a574-ff503ef0943d, Nodes: 9d0cec3a-c7ab-477f-afd5-18767d26e7c7{ip: 10.1.0.28, host: fv-az270-32.tacnzluakwdehk1hpragurqkma.bx.internal.cloudapp.net, ports: [REPLICATION=46655, RATIS=40049, RATIS_ADMIN=40049, RATIS_SERVER=40049, STANDALONE=37667], networkLocation: /default-rack, certSerialId: null, persistedOpState: IN_SERVICE, persistedOpStateExpiryEpochSec: 0}4afdff22-9491-4128-a30d-4aec80145f3a{ip: 10.1.0.28, host: fv-az270-32.tacnzluakwdehk1hpragurqkma.bx.internal.cloudapp.net, ports: [REPLICATION=46139, RATIS=39331, RATIS_ADMIN=39331, RATIS_SERVER=39331, STANDALONE=46321], networkLocation: /default-rack, certSerialId: null, persistedOpState: IN_SERVICE, persistedOpStateExpiryEpochSec: 0}222a2d59-0c3b-4266-bd4d-99b1e092dd5e{ip: 10.1.0.28, host: fv-az270-32.tacnzluakwdehk1hpragurqkma.bx.internal.cloudapp.net, ports: [REPLICATION=37647, RATIS=39863, RATIS_ADMIN=39863, RATIS_SERVER=39863, STANDALONE=33463], networkLocation: /default-rack, certSerialId: null, persistedOpState: IN_SERVICE, persistedOpStateExpiryEpochSec: 0}, ReplicationConfig: RATIS/THREE, State:ALLOCATED, leaderId:, CreationTimestamp2021-12-22T08:24:21.535Z[Etc/UTC]].
2021-12-22 08:24:21,535 [RatisPipelineUtilsThread - 0] INFO  pipeline.PipelineManagerImpl (PipelineManagerImpl.java:recordMetricsForPipeline(639)) - Pipeline: PipelineID=07d2b399-dd73-43de-a574-ff503ef0943d contains same datanodes as previous pipelines: PipelineID=47d1ab3d-c00f-408f-a1fc-5418fcfd540d nodeIds: 9d0cec3a-c7ab-477f-afd5-18767d26e7c7, 4afdff22-9491-4128-a30d-4aec80145f3a, 222a2d59-0c3b-4266-bd4d-99b1e092dd5e
2021-12-22 08:24:22,486 [Listener at 127.0.0.1/34409] INFO  ozone.MiniOzoneClusterImpl (MiniOzoneClusterImpl.java:lambda$waitForClusterToBeReady$0(235)) - Nodes are ready. Got 3 of 3 DN Heartbeats.
2021-12-22 08:24:22,487 [Listener at 127.0.0.1/34409] INFO  ozone.MiniOzoneClusterImpl (MiniOzoneClusterImpl.java:lambda$waitForClusterToBeReady$0(238)) - Waiting for cluster to exit safe mode
2021-12-22 08:24:22,487 [Listener at 127.0.0.1/34409] INFO  ozone.MiniOzoneClusterImpl (MiniOzoneClusterImpl.java:lambda$waitForClusterToBeReady$0(240)) - SCM became leader
2021-12-22 08:24:23,130 [Command processor thread] INFO  server.RaftServer (RaftServerProxy.java:addNew(95)) - 222a2d59-0c3b-4266-bd4d-99b1e092dd5e: addNew group-1B7DDA13E1C7:[222a2d59-0c3b-4266-bd4d-99b1e092dd5e|rpc:10.1.0.28:39863|priority:1] returns group-1B7DDA13E1C7:java.util.concurrent.CompletableFuture@2d17552c[Not completed]
2021-12-22 08:24:23,152 [pool-630-thread-1] INFO  server.RaftServer$Division (RaftServerImpl.java:<init>(184)) - 222a2d59-0c3b-4266-bd4d-99b1e092dd5e: new RaftServerImpl for group-1B7DDA13E1C7:[222a2d59-0c3b-4266-bd4d-99b1e092dd5e|rpc:10.1.0.28:39863|priority:1] with ContainerStateMachine:uninitialized
2021-12-22 08:24:23,181 [pool-630-thread-1] INFO  server.RaftServerConfigKeys (ConfUtils.java:logGet(44)) - raft.server.rpc.timeout.min = 5s (custom)
2021-12-22 08:24:23,181 [pool-630-thread-1] INFO  server.RaftServerConfigKeys (ConfUtils.java:logGet(44)) - raft.server.rpc.timeout.max = 5200ms (custom)
2021-12-22 08:24:23,181 [pool-630-thread-1] INFO  server.RaftServerConfigKeys (ConfUtils.java:logGet(44)) - raft.server.rpc.sleep.time = 25ms (default)
2021-12-22 08:24:23,181 [pool-630-thread-1] INFO  server.RaftServerConfigKeys (ConfUtils.java:logGet(44)) - raft.server.rpc.slowness.timeout = 300s (custom)
2021-12-22 08:24:23,181 [pool-630-thread-1] INFO  server.RaftServerConfigKeys (ConfUtils.java:logGet(44)) - raft.server.leaderelection.leader.step-down.wait-time = 10s (default)
2021-12-22 08:24:23,181 [pool-630-thread-1] INFO  server.RaftServerConfigKeys (ConfUtils.java:logGet(44)) - raft.server.sleep.deviation.threshold = 300ms (default)
2021-12-22 08:24:23,182 [pool-630-thread-1] INFO  server.RaftServerConfigKeys (ConfUtils.java:logGet(44)) - raft.server.log.appender.install.snapshot.enabled = false (custom)
2021-12-22 08:24:23,182 [pool-630-thread-1] INFO  server.RaftServer$Division (ServerState.java:<init>(105)) - 222a2d59-0c3b-4266-bd4d-99b1e092dd5e@group-1B7DDA13E1C7: ConfigurationManager, init=-1: [222a2d59-0c3b-4266-bd4d-99b1e092dd5e|rpc:10.1.0.28:39863|priority:1], old=null, confs=<EMPTY_MAP>
2021-12-22 08:24:23,182 [pool-630-thread-1] INFO  server.RaftServerConfigKeys (ConfUtils.java:logGet(44)) - raft.server.storage.dir = [/home/runner/work/ozone/ozone/hadoop-ozone/integration-test/target/test-dir/MiniOzoneClusterImpl-af7f7f34-8f38-4b2a-8d00-d35ccdfe1aa8/datanode-0/data/ratis] (custom)
2021-12-22 08:24:23,182 [pool-630-thread-1] INFO  server.RaftServerConfigKeys (ConfUtils.java:logGet(44)) - raft.server.log.corruption.policy = EXCEPTION (default)
2021-12-22 08:24:23,182 [pool-630-thread-1] INFO  server.RaftServerConfigKeys (ConfUtils.java:logGet(44)) - raft.server.storage.free-space.min = 0MB (=0) (default)
2021-12-22 08:24:23,182 [pool-630-thread-1] INFO  storage.RaftStorageDirectory (RaftStorageDirectoryImpl.java:analyzeStorage(135)) - The storage directory /home/runner/work/ozone/ozone/hadoop-ozone/integration-test/target/test-dir/MiniOzoneClusterImpl-af7f7f34-8f38-4b2a-8d00-d35ccdfe1aa8/datanode-0/data/ratis/893f0fe1-9d0a-4f69-bb3d-1b7dda13e1c7 does not exist. Creating ...
2021-12-22 08:24:23,185 [pool-630-thread-1] INFO  storage.RaftStorageDirectory (RaftStorageDirectoryImpl.java:tryLock(230)) - Lock on /home/runner/work/ozone/ozone/hadoop-ozone/integration-test/target/test-dir/MiniOzoneClusterImpl-af7f7f34-8f38-4b2a-8d00-d35ccdfe1aa8/datanode-0/data/ratis/893f0fe1-9d0a-4f69-bb3d-1b7dda13e1c7/in_use.lock acquired by nodename 16871@fv-az270-32
2021-12-22 08:24:23,186 [pool-630-thread-1] INFO  storage.RaftStorage (RaftStorageImpl.java:format(89)) - Storage directory /home/runner/work/ozone/ozone/hadoop-ozone/integration-test/target/test-dir/MiniOzoneClusterImpl-af7f7f34-8f38-4b2a-8d00-d35ccdfe1aa8/datanode-0/data/ratis/893f0fe1-9d0a-4f69-bb3d-1b7dda13e1c7 has been successfully formatted.
2021-12-22 08:24:23,188 [pool-630-thread-1] INFO  ratis.ContainerStateMachine (ContainerStateMachine.java:loadSnapshot(231)) - group-1B7DDA13E1C7: The snapshot info is null. Setting the last applied indexto:(t:0, i:~)
2021-12-22 08:24:23,188 [pool-630-thread-1] INFO  server.RaftServerConfigKeys (ConfUtils.java:logGet(44)) - raft.server.notification.no-leader.timeout = 300s (custom)
2021-12-22 08:24:23,188 [pool-630-thread-1] INFO  server.RaftServerConfigKeys (ConfUtils.java:logGet(44)) - raft.server.log.use.memory = false (default)
2021-12-22 08:24:23,188 [pool-630-thread-1] INFO  server.RaftServerConfigKeys (ConfUtils.java:logGet(44)) - raft.server.log.purge.gap = 1000000 (custom)
2021-12-22 08:24:23,188 [pool-630-thread-1] INFO  server.RaftServerConfigKeys (ConfUtils.java:logGet(44)) - raft.server.log.appender.buffer.byte-limit = 33554432 (custom)
2021-12-22 08:24:23,188 [pool-630-thread-1] INFO  server.RaftServerConfigKeys (ConfUtils.java:logGet(44)) - raft.server.log.segment.size.max = 1048576 (custom)
2021-12-22 08:24:23,189 [pool-630-thread-1] INFO  server.RaftServerConfigKeys (ConfUtils.java:logGet(44)) - raft.server.log.segment.cache.num.max = 2 (custom)
2021-12-22 08:24:23,189 [pool-630-thread-1] INFO  server.RaftServerConfigKeys (ConfUtils.java:logGet(44)) - raft.server.log.segment.cache.size.max = 200MB (=209715200) (default)
2021-12-22 08:24:23,189 [pool-630-thread-1] INFO  segmented.SegmentedRaftLogWorker (SegmentedRaftLogWorker.java:<init>(182)) - new 222a2d59-0c3b-4266-bd4d-99b1e092dd5e@group-1B7DDA13E1C7-SegmentedRaftLogWorker for RaftStorageImpl:Storage Directory /home/runner/work/ozone/ozone/hadoop-ozone/integration-test/target/test-dir/MiniOzoneClusterImpl-af7f7f34-8f38-4b2a-8d00-d35ccdfe1aa8/datanode-0/data/ratis/893f0fe1-9d0a-4f69-bb3d-1b7dda13e1c7
2021-12-22 08:24:23,189 [pool-630-thread-1] INFO  server.RaftServerConfigKeys (ConfUtils.java:logGet(44)) - raft.server.log.queue.byte-limit = 2147483647 (custom)
2021-12-22 08:24:23,189 [pool-630-thread-1] INFO  server.RaftServerConfigKeys (ConfUtils.java:logGet(44)) - raft.server.log.queue.element-limit = 1024 (custom)
2021-12-22 08:24:23,189 [pool-630-thread-1] INFO  server.RaftServerConfigKeys (ConfUtils.java:logGet(44)) - raft.server.log.segment.size.max = 1048576 (custom)
2021-12-22 08:24:23,189 [pool-630-thread-1] INFO  server.RaftServerConfigKeys (ConfUtils.java:logGet(44)) - raft.server.log.preallocated.size = 16384 (custom)
2021-12-22 08:24:23,189 [pool-630-thread-1] INFO  server.RaftServerConfigKeys (ConfUtils.java:logGet(44)) - raft.server.log.force.sync.num = 128 (default)
2021-12-22 08:24:23,189 [pool-630-thread-1] INFO  server.RaftServerConfigKeys (ConfUtils.java:logGet(44)) - raft.server.log.statemachine.data.sync = true (default)
2021-12-22 08:24:23,189 [pool-630-thread-1] INFO  server.RaftServerConfigKeys (ConfUtils.java:logGet(44)) - raft.server.log.statemachine.data.sync.timeout = 10s (default)
2021-12-22 08:24:23,189 [pool-630-thread-1] INFO  server.RaftServerConfigKeys (ConfUtils.java:logGet(44)) - raft.server.log.statemachine.data.sync.timeout.retry = -1 (default)
2021-12-22 08:24:23,190 [pool-630-thread-1] INFO  server.RaftServerConfigKeys (ConfUtils.java:logGet(44)) - raft.server.log.write.buffer.size = 1048576 (custom)
2021-12-22 08:24:23,190 [EventQueue-PipelineReportForPipelineReportHandler] INFO  pipeline.PipelineManagerImpl (PipelineManagerImpl.java:openPipeline(291)) - Pipeline Pipeline[ Id: 893f0fe1-9d0a-4f69-bb3d-1b7dda13e1c7, Nodes: 222a2d59-0c3b-4266-bd4d-99b1e092dd5e{ip: 10.1.0.28, host: fv-az270-32.tacnzluakwdehk1hpragurqkma.bx.internal.cloudapp.net, ports: [REPLICATION=37647, RATIS=39863, RATIS_ADMIN=39863, RATIS_SERVER=39863, STANDALONE=33463], networkLocation: /default-rack, certSerialId: null, persistedOpState: IN_SERVICE, persistedOpStateExpiryEpochSec: 0}, ReplicationConfig: RATIS/ONE, State:ALLOCATED, leaderId:222a2d59-0c3b-4266-bd4d-99b1e092dd5e, CreationTimestamp2021-12-22T08:24:20.153Z[Etc/UTC]] moved to OPEN state
2021-12-22 08:24:23,191 [pool-630-thread-1] INFO  server.RaftServerConfigKeys (ConfUtils.java:logGet(44)) - raft.server.log.statemachine.data.caching.enabled = true (custom)
2021-12-22 08:24:23,191 [pool-630-thread-1] INFO  segmented.SegmentedRaftLogWorker (SegmentedRaftLogWorker.java:lambda$new$0(133)) - 222a2d59-0c3b-4266-bd4d-99b1e092dd5e@group-1B7DDA13E1C7-SegmentedRaftLogWorker: flushIndex: setUnconditionally 0 -> -1
2021-12-22 08:24:23,191 [pool-630-thread-1] INFO  segmented.SegmentedRaftLogWorker (SegmentedRaftLogWorker.java:lambda$new$0(133)) - 222a2d59-0c3b-4266-bd4d-99b1e092dd5e@group-1B7DDA13E1C7-SegmentedRaftLogWorker: safeCacheEvictIndex: setUnconditionally 0 -> -1
2021-12-22 08:24:23,191 [pool-630-thread-1] INFO  server.RaftServerConfigKeys (ConfUtils.java:logGet(44)) - raft.server.snapshot.auto.trigger.enabled = true (custom)
2021-12-22 08:24:23,192 [pool-630-thread-1] INFO  server.RaftServerConfigKeys (ConfUtils.java:logGet(44)) - raft.server.snapshot.auto.trigger.threshold = 10000 (custom)
2021-12-22 08:24:23,210 [pool-630-thread-1] INFO  server.RaftServerConfigKeys (ConfUtils.java:logGet(44)) - raft.server.snapshot.retention.file.num = 5 (custom)
2021-12-22 08:24:23,210 [pool-630-thread-1] INFO  server.RaftServerConfigKeys (ConfUtils.java:logGet(44)) - raft.server.log.purge.upto.snapshot.index = false (default)
2021-12-22 08:24:23,214 [EventQueue-OpenPipelineForHealthyPipelineSafeModeRule] INFO  safemode.SCMSafeModeManager (HealthyPipelineSafeModeRule.java:process(124)) - SCM in safe mode. Healthy pipelines reported count is 0, required healthy pipeline reported count is 1
2021-12-22 08:24:23,215 [pool-630-thread-1] INFO  server.RaftServerConfigKeys (ConfUtils.java:logGet(44)) - raft.server.retrycache.expirytime = 600000ms (custom)
2021-12-22 08:24:23,242 [pool-630-thread-1] INFO  server.RaftServerConfigKeys (ConfUtils.java:logGet(44)) - raft.server.retrycache.statistics.expirytime = 100μs (default)
2021-12-22 08:24:23,243 [pool-630-thread-1] INFO  server.RaftServer$Division (RaftServerImpl.java:start(301)) - 222a2d59-0c3b-4266-bd4d-99b1e092dd5e@group-1B7DDA13E1C7: start as a follower, conf=-1: [222a2d59-0c3b-4266-bd4d-99b1e092dd5e|rpc:10.1.0.28:39863|priority:1], old=null
2021-12-22 08:24:23,243 [pool-630-thread-1] INFO  server.RaftServer$Division (RaftServerImpl.java:setRole(290)) - 222a2d59-0c3b-4266-bd4d-99b1e092dd5e@group-1B7DDA13E1C7: changes role from      null to FOLLOWER at term 0 for startAsFollower
2021-12-22 08:24:23,243 [pool-630-thread-1] INFO  impl.RoleInfo (RoleInfo.java:updateAndGet(130)) - 222a2d59-0c3b-4266-bd4d-99b1e092dd5e: start 222a2d59-0c3b-4266-bd4d-99b1e092dd5e@group-1B7DDA13E1C7-FollowerState
2021-12-22 08:24:23,260 [pool-630-thread-1] INFO  util.JmxRegister (JmxRegister.java:tryRegister(44)) - Successfully registered JMX Bean with object name Ratis:service=RaftServer,group=group-1B7DDA13E1C7,id=222a2d59-0c3b-4266-bd4d-99b1e092dd5e
2021-12-22 08:24:23,266 [Command processor thread] INFO  ratis.XceiverServerRatis (XceiverServerRatis.java:addGroup(768)) - Created group PipelineID=893f0fe1-9d0a-4f69-bb3d-1b7dda13e1c7
2021-12-22 08:24:23,266 [Command processor thread] INFO  commandhandler.CreatePipelineCommandHandler (CreatePipelineCommandHandler.java:handle(106)) - Created Pipeline RATIS ONE PipelineID=893f0fe1-9d0a-4f69-bb3d-1b7dda13e1c7.
2021-12-22 08:24:23,266 [Command processor thread] INFO  server.RaftServer (RaftServerProxy.java:addNew(95)) - 222a2d59-0c3b-4266-bd4d-99b1e092dd5e: addNew group-5418FCFD540D:[4afdff22-9491-4128-a30d-4aec80145f3a|rpc:10.1.0.28:39331|priority:0, 222a2d59-0c3b-4266-bd4d-99b1e092dd5e|rpc:10.1.0.28:39863|priority:0, 9d0cec3a-c7ab-477f-afd5-18767d26e7c7|rpc:10.1.0.28:40049|priority:1] returns group-5418FCFD540D:java.util.concurrent.CompletableFuture@2928c456[Not completed]
2021-12-22 08:24:23,267 [pool-630-thread-1] INFO  server.RaftServer$Division (RaftServerImpl.java:<init>(184)) - 222a2d59-0c3b-4266-bd4d-99b1e092dd5e: new RaftServerImpl for group-5418FCFD540D:[4afdff22-9491-4128-a30d-4aec80145f3a|rpc:10.1.0.28:39331|priority:0, 222a2d59-0c3b-4266-bd4d-99b1e092dd5e|rpc:10.1.0.28:39863|priority:0, 9d0cec3a-c7ab-477f-afd5-18767d26e7c7|rpc:10.1.0.28:40049|priority:1] with ContainerStateMachine:uninitialized
2021-12-22 08:24:23,267 [pool-630-thread-1] INFO  server.RaftServerConfigKeys (ConfUtils.java:logGet(44)) - raft.server.rpc.timeout.min = 5s (custom)
2021-12-22 08:24:23,267 [pool-630-thread-1] INFO  server.RaftServerConfigKeys (ConfUtils.java:logGet(44)) - raft.server.rpc.timeout.max = 5200ms (custom)
2021-12-22 08:24:23,267 [pool-630-thread-1] INFO  server.RaftServerConfigKeys (ConfUtils.java:logGet(44)) - raft.server.rpc.sleep.time = 25ms (default)
2021-12-22 08:24:23,267 [pool-630-thread-1] INFO  server.RaftServerConfigKeys (ConfUtils.java:logGet(44)) - raft.server.rpc.slowness.timeout = 300s (custom)
2021-12-22 08:24:23,267 [pool-630-thread-1] INFO  server.RaftServerConfigKeys (ConfUtils.java:logGet(44)) - raft.server.leaderelection.leader.step-down.wait-time = 10s (default)
2021-12-22 08:24:23,267 [pool-630-thread-1] INFO  server.RaftServerConfigKeys (ConfUtils.java:logGet(44)) - raft.server.sleep.deviation.threshold = 300ms (default)
2021-12-22 08:24:23,267 [pool-630-thread-1] INFO  server.RaftServerConfigKeys (ConfUtils.java:logGet(44)) - raft.server.log.appender.install.snapshot.enabled = false (custom)
2021-12-22 08:24:23,267 [pool-630-thread-1] INFO  server.RaftServer$Division (ServerState.java:<init>(105)) - 222a2d59-0c3b-4266-bd4d-99b1e092dd5e@group-5418FCFD540D: ConfigurationManager, init=-1: [4afdff22-9491-4128-a30d-4aec80145f3a|rpc:10.1.0.28:39331|priority:0, 222a2d59-0c3b-4266-bd4d-99b1e092dd5e|rpc:10.1.0.28:39863|priority:0, 9d0cec3a-c7ab-477f-afd5-18767d26e7c7|rpc:10.1.0.28:40049|priority:1], old=null, confs=<EMPTY_MAP>
2021-12-22 08:24:23,267 [pool-630-thread-1] INFO  server.RaftServerConfigKeys (ConfUtils.java:logGet(44)) - raft.server.storage.dir = [/home/runner/work/ozone/ozone/hadoop-ozone/integration-test/target/test-dir/MiniOzoneClusterImpl-af7f7f34-8f38-4b2a-8d00-d35ccdfe1aa8/datanode-0/data/ratis] (custom)
2021-12-22 08:24:23,267 [pool-630-thread-1] INFO  server.RaftServerConfigKeys (ConfUtils.java:logGet(44)) - raft.server.log.corruption.policy = EXCEPTION (default)
2021-12-22 08:24:23,267 [pool-630-thread-1] INFO  server.RaftServerConfigKeys (ConfUtils.java:logGet(44)) - raft.server.storage.free-space.min = 0MB (=0) (default)
2021-12-22 08:24:23,267 [pool-630-thread-1] INFO  storage.RaftStorageDirectory (RaftStorageDirectoryImpl.java:analyzeStorage(135)) - The storage directory /home/runner/work/ozone/ozone/hadoop-ozone/integration-test/target/test-dir/MiniOzoneClusterImpl-af7f7f34-8f38-4b2a-8d00-d35ccdfe1aa8/datanode-0/data/ratis/47d1ab3d-c00f-408f-a1fc-5418fcfd540d does not exist. Creating ...
2021-12-22 08:24:23,273 [pool-630-thread-1] INFO  storage.RaftStorageDirectory (RaftStorageDirectoryImpl.java:tryLock(230)) - Lock on /home/runner/work/ozone/ozone/hadoop-ozone/integration-test/target/test-dir/MiniOzoneClusterImpl-af7f7f34-8f38-4b2a-8d00-d35ccdfe1aa8/datanode-0/data/ratis/47d1ab3d-c00f-408f-a1fc-5418fcfd540d/in_use.lock acquired by nodename 16871@fv-az270-32
2021-12-22 08:24:23,281 [pool-630-thread-1] INFO  storage.RaftStorage (RaftStorageImpl.java:format(89)) - Storage directory /home/runner/work/ozone/ozone/hadoop-ozone/integration-test/target/test-dir/MiniOzoneClusterImpl-af7f7f34-8f38-4b2a-8d00-d35ccdfe1aa8/datanode-0/data/ratis/47d1ab3d-c00f-408f-a1fc-5418fcfd540d has been successfully formatted.
2021-12-22 08:24:23,282 [pool-630-thread-1] INFO  ratis.ContainerStateMachine (ContainerStateMachine.java:loadSnapshot(231)) - group-5418FCFD540D: The snapshot info is null. Setting the last applied indexto:(t:0, i:~)
2021-12-22 08:24:23,282 [pool-630-thread-1] INFO  server.RaftServerConfigKeys (ConfUtils.java:logGet(44)) - raft.server.notification.no-leader.timeout = 300s (custom)
2021-12-22 08:24:23,282 [pool-630-thread-1] INFO  server.RaftServerConfigKeys (ConfUtils.java:logGet(44)) - raft.server.log.use.memory = false (default)
2021-12-22 08:24:23,282 [pool-630-thread-1] INFO  server.RaftServerConfigKeys (ConfUtils.java:logGet(44)) - raft.server.log.purge.gap = 1000000 (custom)
2021-12-22 08:24:23,283 [pool-630-thread-1] INFO  server.RaftServerConfigKeys (ConfUtils.java:logGet(44)) - raft.server.log.appender.buffer.byte-limit = 33554432 (custom)
2021-12-22 08:24:23,283 [pool-630-thread-1] INFO  server.RaftServerConfigKeys (ConfUtils.java:logGet(44)) - raft.server.log.segment.size.max = 1048576 (custom)
2021-12-22 08:24:23,283 [pool-630-thread-1] INFO  server.RaftServerConfigKeys (ConfUtils.java:logGet(44)) - raft.server.log.segment.cache.num.max = 2 (custom)
2021-12-22 08:24:23,283 [pool-630-thread-1] INFO  server.RaftServerConfigKeys (ConfUtils.java:logGet(44)) - raft.server.log.segment.cache.size.max = 200MB (=209715200) (default)
2021-12-22 08:24:23,283 [pool-630-thread-1] INFO  segmented.SegmentedRaftLogWorker (SegmentedRaftLogWorker.java:<init>(182)) - new 222a2d59-0c3b-4266-bd4d-99b1e092dd5e@group-5418FCFD540D-SegmentedRaftLogWorker for RaftStorageImpl:Storage Directory /home/runner/work/ozone/ozone/hadoop-ozone/integration-test/target/test-dir/MiniOzoneClusterImpl-af7f7f34-8f38-4b2a-8d00-d35ccdfe1aa8/datanode-0/data/ratis/47d1ab3d-c00f-408f-a1fc-5418fcfd540d
2021-12-22 08:24:23,284 [pool-630-thread-1] INFO  server.RaftServerConfigKeys (ConfUtils.java:logGet(44)) - raft.server.log.queue.byte-limit = 2147483647 (custom)
2021-12-22 08:24:23,284 [pool-630-thread-1] INFO  server.RaftServerConfigKeys (ConfUtils.java:logGet(44)) - raft.server.log.queue.element-limit = 1024 (custom)
2021-12-22 08:24:23,284 [pool-630-thread-1] INFO  server.RaftServerConfigKeys (ConfUtils.java:logGet(44)) - raft.server.log.segment.size.max = 1048576 (custom)
2021-12-22 08:24:23,284 [pool-630-thread-1] INFO  server.RaftServerConfigKeys (ConfUtils.java:logGet(44)) - raft.server.log.preallocated.size = 16384 (custom)
2021-12-22 08:24:23,284 [pool-630-thread-1] INFO  server.RaftServerConfigKeys (ConfUtils.java:logGet(44)) - raft.server.log.force.sync.num = 128 (default)
2021-12-22 08:24:23,284 [pool-630-thread-1] INFO  server.RaftServerConfigKeys (ConfUtils.java:logGet(44)) - raft.server.log.statemachine.data.sync = true (default)
2021-12-22 08:24:23,284 [pool-630-thread-1] INFO  server.RaftServerConfigKeys (ConfUtils.java:logGet(44)) - raft.server.log.statemachine.data.sync.timeout = 10s (default)
2021-12-22 08:24:23,284 [pool-630-thread-1] INFO  server.RaftServerConfigKeys (ConfUtils.java:logGet(44)) - raft.server.log.statemachine.data.sync.timeout.retry = -1 (default)
2021-12-22 08:24:23,285 [pool-630-thread-1] INFO  server.RaftServerConfigKeys (ConfUtils.java:logGet(44)) - raft.server.log.write.buffer.size = 1048576 (custom)
2021-12-22 08:24:23,286 [EventQueue-OpenPipelineForHealthyPipelineSafeModeRule] INFO  safemode.SCMSafeModeManager (HealthyPipelineSafeModeRule.java:process(124)) - SCM in safe mode. Healthy pipelines reported count is 0, required healthy pipeline reported count is 1
2021-12-22 08:24:23,290 [pool-630-thread-1] INFO  server.RaftServerConfigKeys (ConfUtils.java:logGet(44)) - raft.server.log.statemachine.data.caching.enabled = true (custom)
2021-12-22 08:24:23,308 [pool-630-thread-1] INFO  segmented.SegmentedRaftLogWorker (SegmentedRaftLogWorker.java:lambda$new$0(133)) - 222a2d59-0c3b-4266-bd4d-99b1e092dd5e@group-5418FCFD540D-SegmentedRaftLogWorker: flushIndex: setUnconditionally 0 -> -1
2021-12-22 08:24:23,308 [pool-630-thread-1] INFO  segmented.SegmentedRaftLogWorker (SegmentedRaftLogWorker.java:lambda$new$0(133)) - 222a2d59-0c3b-4266-bd4d-99b1e092dd5e@group-5418FCFD540D-SegmentedRaftLogWorker: safeCacheEvictIndex: setUnconditionally 0 -> -1
2021-12-22 08:24:23,312 [pool-630-thread-1] INFO  server.RaftServerConfigKeys (ConfUtils.java:logGet(44)) - raft.server.snapshot.auto.trigger.enabled = true (custom)
2021-12-22 08:24:23,312 [pool-630-thread-1] INFO  server.RaftServerConfigKeys (ConfUtils.java:logGet(44)) - raft.server.snapshot.auto.trigger.threshold = 10000 (custom)
2021-12-22 08:24:23,312 [pool-630-thread-1] INFO  server.RaftServerConfigKeys (ConfUtils.java:logGet(44)) - raft.server.snapshot.retention.file.num = 5 (custom)
2021-12-22 08:24:23,312 [pool-630-thread-1] INFO  server.RaftServerConfigKeys (ConfUtils.java:logGet(44)) - raft.server.log.purge.upto.snapshot.index = false (default)
2021-12-22 08:24:23,312 [pool-630-thread-1] INFO  server.RaftServerConfigKeys (ConfUtils.java:logGet(44)) - raft.server.retrycache.expirytime = 600000ms (custom)
2021-12-22 08:24:23,312 [pool-630-thread-1] INFO  server.RaftServerConfigKeys (ConfUtils.java:logGet(44)) - raft.server.retrycache.statistics.expirytime = 100μs (default)
2021-12-22 08:24:23,314 [pool-630-thread-1] INFO  server.RaftServer$Division (RaftServerImpl.java:start(301)) - 222a2d59-0c3b-4266-bd4d-99b1e092dd5e@group-5418FCFD540D: start as a follower, conf=-1: [4afdff22-9491-4128-a30d-4aec80145f3a|rpc:10.1.0.28:39331|priority:0, 222a2d59-0c3b-4266-bd4d-99b1e092dd5e|rpc:10.1.0.28:39863|priority:0, 9d0cec3a-c7ab-477f-afd5-18767d26e7c7|rpc:10.1.0.28:40049|priority:1], old=null
2021-12-22 08:24:23,314 [pool-630-thread-1] INFO  server.RaftServer$Division (RaftServerImpl.java:setRole(290)) - 222a2d59-0c3b-4266-bd4d-99b1e092dd5e@group-5418FCFD540D: changes role from      null to FOLLOWER at term 0 for startAsFollower
2021-12-22 08:24:23,314 [pool-630-thread-1] INFO  impl.RoleInfo (RoleInfo.java:updateAndGet(130)) - 222a2d59-0c3b-4266-bd4d-99b1e092dd5e: start 222a2d59-0c3b-4266-bd4d-99b1e092dd5e@group-5418FCFD540D-FollowerState
2021-12-22 08:24:23,328 [pool-630-thread-1] INFO  util.JmxRegister (JmxRegister.java:tryRegister(44)) - Successfully registered JMX Bean with object name Ratis:service=RaftServer,group=group-5418FCFD540D,id=222a2d59-0c3b-4266-bd4d-99b1e092dd5e
2021-12-22 08:24:23,346 [Command processor thread] INFO  ratis.XceiverServerRatis (XceiverServerRatis.java:addGroup(768)) - Created group PipelineID=47d1ab3d-c00f-408f-a1fc-5418fcfd540d
2021-12-22 08:24:23,487 [Listener at 127.0.0.1/34409] INFO  ozone.MiniOzoneClusterImpl (MiniOzoneClusterImpl.java:lambda$waitForClusterToBeReady$0(235)) - Nodes are ready. Got 3 of 3 DN Heartbeats.
2021-12-22 08:24:23,488 [Listener at 127.0.0.1/34409] INFO  ozone.MiniOzoneClusterImpl (MiniOzoneClusterImpl.java:lambda$waitForClusterToBeReady$0(238)) - Waiting for cluster to exit safe mode
2021-12-22 08:24:23,488 [Listener at 127.0.0.1/34409] INFO  ozone.MiniOzoneClusterImpl (MiniOzoneClusterImpl.java:lambda$waitForClusterToBeReady$0(240)) - SCM became leader
2021-12-22 08:24:23,502 [grpc-default-executor-0] INFO  server.RaftServer (RaftServerProxy.java:addNew(95)) - 4afdff22-9491-4128-a30d-4aec80145f3a: addNew group-5418FCFD540D:[4afdff22-9491-4128-a30d-4aec80145f3a|rpc:10.1.0.28:39331|dataStream:|priority:0, 222a2d59-0c3b-4266-bd4d-99b1e092dd5e|rpc:10.1.0.28:39863|dataStream:|priority:0, 9d0cec3a-c7ab-477f-afd5-18767d26e7c7|rpc:10.1.0.28:40049|dataStream:|priority:1] returns group-5418FCFD540D:java.util.concurrent.CompletableFuture@50b2b2c3[Not completed]
2021-12-22 08:24:23,505 [pool-651-thread-1] INFO  server.RaftServer$Division (RaftServerImpl.java:<init>(184)) - 4afdff22-9491-4128-a30d-4aec80145f3a: new RaftServerImpl for group-5418FCFD540D:[4afdff22-9491-4128-a30d-4aec80145f3a|rpc:10.1.0.28:39331|dataStream:|priority:0, 222a2d59-0c3b-4266-bd4d-99b1e092dd5e|rpc:10.1.0.28:39863|dataStream:|priority:0, 9d0cec3a-c7ab-477f-afd5-18767d26e7c7|rpc:10.1.0.28:40049|dataStream:|priority:1] with ContainerStateMachine:uninitialized
2021-12-22 08:24:23,570 [pool-651-thread-1] INFO  server.RaftServerConfigKeys (ConfUtils.java:logGet(44)) - raft.server.rpc.timeout.min = 5s (custom)
2021-12-22 08:24:23,570 [pool-651-thread-1] INFO  server.RaftServerConfigKeys (ConfUtils.java:logGet(44)) - raft.server.rpc.timeout.max = 5200ms (custom)
2021-12-22 08:24:23,570 [pool-651-thread-1] INFO  server.RaftServerConfigKeys (ConfUtils.java:logGet(44)) - raft.server.rpc.sleep.time = 25ms (default)
2021-12-22 08:24:23,570 [pool-651-thread-1] INFO  server.RaftServerConfigKeys (ConfUtils.java:logGet(44)) - raft.server.rpc.slowness.timeout = 300s (custom)
2021-12-22 08:24:23,570 [pool-651-thread-1] INFO  server.RaftServerConfigKeys (ConfUtils.java:logGet(44)) - raft.server.leaderelection.leader.step-down.wait-time = 10s (default)
2021-12-22 08:24:23,570 [pool-651-thread-1] INFO  server.RaftServerConfigKeys (ConfUtils.java:logGet(44)) - raft.server.sleep.deviation.threshold = 300ms (default)
2021-12-22 08:24:23,570 [pool-651-thread-1] INFO  server.RaftServerConfigKeys (ConfUtils.java:logGet(44)) - raft.server.log.appender.install.snapshot.enabled = false (custom)
2021-12-22 08:24:23,570 [pool-651-thread-1] INFO  server.RaftServer$Division (ServerState.java:<init>(105)) - 4afdff22-9491-4128-a30d-4aec80145f3a@group-5418FCFD540D: ConfigurationManager, init=-1: [4afdff22-9491-4128-a30d-4aec80145f3a|rpc:10.1.0.28:39331|dataStream:|priority:0, 222a2d59-0c3b-4266-bd4d-99b1e092dd5e|rpc:10.1.0.28:39863|dataStream:|priority:0, 9d0cec3a-c7ab-477f-afd5-18767d26e7c7|rpc:10.1.0.28:40049|dataStream:|priority:1], old=null, confs=<EMPTY_MAP>
2021-12-22 08:24:23,570 [pool-651-thread-1] INFO  server.RaftServerConfigKeys (ConfUtils.java:logGet(44)) - raft.server.storage.dir = [/home/runner/work/ozone/ozone/hadoop-ozone/integration-test/target/test-dir/MiniOzoneClusterImpl-af7f7f34-8f38-4b2a-8d00-d35ccdfe1aa8/datanode-1/data/ratis] (custom)
2021-12-22 08:24:23,571 [pool-651-thread-1] INFO  server.RaftServerConfigKeys (ConfUtils.java:logGet(44)) - raft.server.log.corruption.policy = EXCEPTION (default)
2021-12-22 08:24:23,571 [pool-651-thread-1] INFO  server.RaftServerConfigKeys (ConfUtils.java:logGet(44)) - raft.server.storage.free-space.min = 0MB (=0) (default)
2021-12-22 08:24:23,571 [pool-651-thread-1] INFO  storage.RaftStorageDirectory (RaftStorageDirectoryImpl.java:analyzeStorage(135)) - The storage directory /home/runner/work/ozone/ozone/hadoop-ozone/integration-test/target/test-dir/MiniOzoneClusterImpl-af7f7f34-8f38-4b2a-8d00-d35ccdfe1aa8/datanode-1/data/ratis/47d1ab3d-c00f-408f-a1fc-5418fcfd540d does not exist. Creating ...
2021-12-22 08:24:23,573 [pool-651-thread-1] INFO  storage.RaftStorageDirectory (RaftStorageDirectoryImpl.java:tryLock(230)) - Lock on /home/runner/work/ozone/ozone/hadoop-ozone/integration-test/target/test-dir/MiniOzoneClusterImpl-af7f7f34-8f38-4b2a-8d00-d35ccdfe1aa8/datanode-1/data/ratis/47d1ab3d-c00f-408f-a1fc-5418fcfd540d/in_use.lock acquired by nodename 16871@fv-az270-32
2021-12-22 08:24:23,574 [pool-651-thread-1] INFO  storage.RaftStorage (RaftStorageImpl.java:format(89)) - Storage directory /home/runner/work/ozone/ozone/hadoop-ozone/integration-test/target/test-dir/MiniOzoneClusterImpl-af7f7f34-8f38-4b2a-8d00-d35ccdfe1aa8/datanode-1/data/ratis/47d1ab3d-c00f-408f-a1fc-5418fcfd540d has been successfully formatted.
2021-12-22 08:24:23,575 [pool-651-thread-1] INFO  ratis.ContainerStateMachine (ContainerStateMachine.java:loadSnapshot(231)) - group-5418FCFD540D: The snapshot info is null. Setting the last applied indexto:(t:0, i:~)
2021-12-22 08:24:23,576 [pool-651-thread-1] INFO  server.RaftServerConfigKeys (ConfUtils.java:logGet(44)) - raft.server.notification.no-leader.timeout = 300s (custom)
2021-12-22 08:24:23,576 [pool-651-thread-1] INFO  server.RaftServerConfigKeys (ConfUtils.java:logGet(44)) - raft.server.log.use.memory = false (default)
2021-12-22 08:24:23,576 [pool-651-thread-1] INFO  server.RaftServerConfigKeys (ConfUtils.java:logGet(44)) - raft.server.log.purge.gap = 1000000 (custom)
2021-12-22 08:24:23,576 [pool-651-thread-1] INFO  server.RaftServerConfigKeys (ConfUtils.java:logGet(44)) - raft.server.log.appender.buffer.byte-limit = 33554432 (custom)
2021-12-22 08:24:23,576 [pool-651-thread-1] INFO  server.RaftServerConfigKeys (ConfUtils.java:logGet(44)) - raft.server.log.segment.size.max = 1048576 (custom)
2021-12-22 08:24:23,576 [pool-651-thread-1] INFO  server.RaftServerConfigKeys (ConfUtils.java:logGet(44)) - raft.server.log.segment.cache.num.max = 2 (custom)
2021-12-22 08:24:23,576 [pool-651-thread-1] INFO  server.RaftServerConfigKeys (ConfUtils.java:logGet(44)) - raft.server.log.segment.cache.size.max = 200MB (=209715200) (default)
2021-12-22 08:24:23,577 [pool-651-thread-1] INFO  segmented.SegmentedRaftLogWorker (SegmentedRaftLogWorker.java:<init>(182)) - new 4afdff22-9491-4128-a30d-4aec80145f3a@group-5418FCFD540D-SegmentedRaftLogWorker for RaftStorageImpl:Storage Directory /home/runner/work/ozone/ozone/hadoop-ozone/integration-test/target/test-dir/MiniOzoneClusterImpl-af7f7f34-8f38-4b2a-8d00-d35ccdfe1aa8/datanode-1/data/ratis/47d1ab3d-c00f-408f-a1fc-5418fcfd540d
2021-12-22 08:24:23,577 [pool-651-thread-1] INFO  server.RaftServerConfigKeys (ConfUtils.java:logGet(44)) - raft.server.log.queue.byte-limit = 2147483647 (custom)
2021-12-22 08:24:23,577 [pool-651-thread-1] INFO  server.RaftServerConfigKeys (ConfUtils.java:logGet(44)) - raft.server.log.queue.element-limit = 1024 (custom)
2021-12-22 08:24:23,577 [pool-651-thread-1] INFO  server.RaftServerConfigKeys (ConfUtils.java:logGet(44)) - raft.server.log.segment.size.max = 1048576 (custom)
2021-12-22 08:24:23,577 [pool-651-thread-1] INFO  server.RaftServerConfigKeys (ConfUtils.java:logGet(44)) - raft.server.log.preallocated.size = 16384 (custom)
2021-12-22 08:24:23,577 [pool-651-thread-1] INFO  server.RaftServerConfigKeys (ConfUtils.java:logGet(44)) - raft.server.log.force.sync.num = 128 (default)
2021-12-22 08:24:23,577 [pool-651-thread-1] INFO  server.RaftServerConfigKeys (ConfUtils.java:logGet(44)) - raft.server.log.statemachine.data.sync = true (default)
2021-12-22 08:24:23,577 [pool-651-thread-1] INFO  server.RaftServerConfigKeys (ConfUtils.java:logGet(44)) - raft.server.log.statemachine.data.sync.timeout = 10s (default)
2021-12-22 08:24:23,577 [pool-651-thread-1] INFO  server.RaftServerConfigKeys (ConfUtils.java:logGet(44)) - raft.server.log.statemachine.data.sync.timeout.retry = -1 (default)
2021-12-22 08:24:23,578 [pool-651-thread-1] INFO  server.RaftServerConfigKeys (ConfUtils.java:logGet(44)) - raft.server.log.write.buffer.size = 1048576 (custom)
2021-12-22 08:24:23,578 [pool-651-thread-1] INFO  server.RaftServerConfigKeys (ConfUtils.java:logGet(44)) - raft.server.log.statemachine.data.caching.enabled = true (custom)
2021-12-22 08:24:23,579 [pool-651-thread-1] INFO  segmented.SegmentedRaftLogWorker (SegmentedRaftLogWorker.java:lambda$new$0(133)) - 4afdff22-9491-4128-a30d-4aec80145f3a@group-5418FCFD540D-SegmentedRaftLogWorker: flushIndex: setUnconditionally 0 -> -1
2021-12-22 08:24:23,579 [pool-651-thread-1] INFO  segmented.SegmentedRaftLogWorker (SegmentedRaftLogWorker.java:lambda$new$0(133)) - 4afdff22-9491-4128-a30d-4aec80145f3a@group-5418FCFD540D-SegmentedRaftLogWorker: safeCacheEvictIndex: setUnconditionally 0 -> -1
2021-12-22 08:24:23,590 [pool-651-thread-1] INFO  server.RaftServerConfigKeys (ConfUtils.java:logGet(44)) - raft.server.snapshot.auto.trigger.enabled = true (custom)
2021-12-22 08:24:23,590 [pool-651-thread-1] INFO  server.RaftServerConfigKeys (ConfUtils.java:logGet(44)) - raft.server.snapshot.auto.trigger.threshold = 10000 (custom)
2021-12-22 08:24:23,590 [pool-651-thread-1] INFO  server.RaftServerConfigKeys (ConfUtils.java:logGet(44)) - raft.server.snapshot.retention.file.num = 5 (custom)
2021-12-22 08:24:23,590 [pool-651-thread-1] INFO  server.RaftServerConfigKeys (ConfUtils.java:logGet(44)) - raft.server.log.purge.upto.snapshot.index = false (default)
2021-12-22 08:24:23,590 [pool-651-thread-1] INFO  server.RaftServerConfigKeys (ConfUtils.java:logGet(44)) - raft.server.retrycache.expirytime = 600000ms (custom)
2021-12-22 08:24:23,590 [pool-651-thread-1] INFO  server.RaftServerConfigKeys (ConfUtils.java:logGet(44)) - raft.server.retrycache.statistics.expirytime = 100μs (default)
2021-12-22 08:24:23,592 [pool-651-thread-1] INFO  server.RaftServer$Division (RaftServerImpl.java:start(301)) - 4afdff22-9491-4128-a30d-4aec80145f3a@group-5418FCFD540D: start as a follower, conf=-1: [4afdff22-9491-4128-a30d-4aec80145f3a|rpc:10.1.0.28:39331|dataStream:|priority:0, 222a2d59-0c3b-4266-bd4d-99b1e092dd5e|rpc:10.1.0.28:39863|dataStream:|priority:0, 9d0cec3a-c7ab-477f-afd5-18767d26e7c7|rpc:10.1.0.28:40049|dataStream:|priority:1], old=null
2021-12-22 08:24:23,592 [pool-651-thread-1] INFO  server.RaftServer$Division (RaftServerImpl.java:setRole(290)) - 4afdff22-9491-4128-a30d-4aec80145f3a@group-5418FCFD540D: changes role from      null to FOLLOWER at term 0 for startAsFollower
2021-12-22 08:24:23,592 [pool-651-thread-1] INFO  impl.RoleInfo (RoleInfo.java:updateAndGet(130)) - 4afdff22-9491-4128-a30d-4aec80145f3a: start 4afdff22-9491-4128-a30d-4aec80145f3a@group-5418FCFD540D-FollowerState
2021-12-22 08:24:23,598 [pool-651-thread-1] INFO  util.JmxRegister (JmxRegister.java:tryRegister(44)) - Successfully registered JMX Bean with object name Ratis:service=RaftServer,group=group-5418FCFD540D,id=4afdff22-9491-4128-a30d-4aec80145f3a
2021-12-22 08:24:23,790 [grpc-default-executor-0] INFO  server.RaftServer (RaftServerProxy.java:addNew(95)) - 9d0cec3a-c7ab-477f-afd5-18767d26e7c7: addNew group-5418FCFD540D:[4afdff22-9491-4128-a30d-4aec80145f3a|rpc:10.1.0.28:39331|dataStream:|priority:0, 222a2d59-0c3b-4266-bd4d-99b1e092dd5e|rpc:10.1.0.28:39863|dataStream:|priority:0, 9d0cec3a-c7ab-477f-afd5-18767d26e7c7|rpc:10.1.0.28:40049|dataStream:|priority:1] returns group-5418FCFD540D:java.util.concurrent.CompletableFuture@55981c69[Not completed]
2021-12-22 08:24:23,838 [pool-672-thread-1] INFO  server.RaftServer$Division (RaftServerImpl.java:<init>(184)) - 9d0cec3a-c7ab-477f-afd5-18767d26e7c7: new RaftServerImpl for group-5418FCFD540D:[4afdff22-9491-4128-a30d-4aec80145f3a|rpc:10.1.0.28:39331|dataStream:|priority:0, 222a2d59-0c3b-4266-bd4d-99b1e092dd5e|rpc:10.1.0.28:39863|dataStream:|priority:0, 9d0cec3a-c7ab-477f-afd5-18767d26e7c7|rpc:10.1.0.28:40049|dataStream:|priority:1] with ContainerStateMachine:uninitialized
2021-12-22 08:24:23,846 [pool-672-thread-1] INFO  server.RaftServerConfigKeys (ConfUtils.java:logGet(44)) - raft.server.rpc.timeout.min = 5s (custom)
2021-12-22 08:24:23,846 [pool-672-thread-1] INFO  server.RaftServerConfigKeys (ConfUtils.java:logGet(44)) - raft.server.rpc.timeout.max = 5200ms (custom)
2021-12-22 08:24:23,846 [pool-672-thread-1] INFO  server.RaftServerConfigKeys (ConfUtils.java:logGet(44)) - raft.server.rpc.sleep.time = 25ms (default)
2021-12-22 08:24:23,846 [pool-672-thread-1] INFO  server.RaftServerConfigKeys (ConfUtils.java:logGet(44)) - raft.server.rpc.slowness.timeout = 300s (custom)
2021-12-22 08:24:23,847 [pool-672-thread-1] INFO  server.RaftServerConfigKeys (ConfUtils.java:logGet(44)) - raft.server.leaderelection.leader.step-down.wait-time = 10s (default)
2021-12-22 08:24:23,847 [pool-672-thread-1] INFO  server.RaftServerConfigKeys (ConfUtils.java:logGet(44)) - raft.server.sleep.deviation.threshold = 300ms (default)
2021-12-22 08:24:23,847 [pool-672-thread-1] INFO  server.RaftServerConfigKeys (ConfUtils.java:logGet(44)) - raft.server.log.appender.install.snapshot.enabled = false (custom)
2021-12-22 08:24:23,847 [pool-672-thread-1] INFO  server.RaftServer$Division (ServerState.java:<init>(105)) - 9d0cec3a-c7ab-477f-afd5-18767d26e7c7@group-5418FCFD540D: ConfigurationManager, init=-1: [4afdff22-9491-4128-a30d-4aec80145f3a|rpc:10.1.0.28:39331|dataStream:|priority:0, 222a2d59-0c3b-4266-bd4d-99b1e092dd5e|rpc:10.1.0.28:39863|dataStream:|priority:0, 9d0cec3a-c7ab-477f-afd5-18767d26e7c7|rpc:10.1.0.28:40049|dataStream:|priority:1], old=null, confs=<EMPTY_MAP>
2021-12-22 08:24:23,847 [pool-672-thread-1] INFO  server.RaftServerConfigKeys (ConfUtils.java:logGet(44)) - raft.server.storage.dir = [/home/runner/work/ozone/ozone/hadoop-ozone/integration-test/target/test-dir/MiniOzoneClusterImpl-af7f7f34-8f38-4b2a-8d00-d35ccdfe1aa8/datanode-2/data/ratis] (custom)
2021-12-22 08:24:23,847 [pool-672-thread-1] INFO  server.RaftServerConfigKeys (ConfUtils.java:logGet(44)) - raft.server.log.corruption.policy = EXCEPTION (default)
2021-12-22 08:24:23,847 [pool-672-thread-1] INFO  server.RaftServerConfigKeys (ConfUtils.java:logGet(44)) - raft.server.storage.free-space.min = 0MB (=0) (default)
2021-12-22 08:24:23,847 [pool-672-thread-1] INFO  storage.RaftStorageDirectory (RaftStorageDirectoryImpl.java:analyzeStorage(135)) - The storage directory /home/runner/work/ozone/ozone/hadoop-ozone/integration-test/target/test-dir/MiniOzoneClusterImpl-af7f7f34-8f38-4b2a-8d00-d35ccdfe1aa8/datanode-2/data/ratis/47d1ab3d-c00f-408f-a1fc-5418fcfd540d does not exist. Creating ...
2021-12-22 08:24:23,851 [pool-672-thread-1] INFO  storage.RaftStorageDirectory (RaftStorageDirectoryImpl.java:tryLock(230)) - Lock on /home/runner/work/ozone/ozone/hadoop-ozone/integration-test/target/test-dir/MiniOzoneClusterImpl-af7f7f34-8f38-4b2a-8d00-d35ccdfe1aa8/datanode-2/data/ratis/47d1ab3d-c00f-408f-a1fc-5418fcfd540d/in_use.lock acquired by nodename 16871@fv-az270-32
2021-12-22 08:24:23,852 [pool-672-thread-1] INFO  storage.RaftStorage (RaftStorageImpl.java:format(89)) - Storage directory /home/runner/work/ozone/ozone/hadoop-ozone/integration-test/target/test-dir/MiniOzoneClusterImpl-af7f7f34-8f38-4b2a-8d00-d35ccdfe1aa8/datanode-2/data/ratis/47d1ab3d-c00f-408f-a1fc-5418fcfd540d has been successfully formatted.
2021-12-22 08:24:23,856 [pool-672-thread-1] INFO  ratis.ContainerStateMachine (ContainerStateMachine.java:loadSnapshot(231)) - group-5418FCFD540D: The snapshot info is null. Setting the last applied indexto:(t:0, i:~)
2021-12-22 08:24:23,856 [pool-672-thread-1] INFO  server.RaftServerConfigKeys (ConfUtils.java:logGet(44)) - raft.server.notification.no-leader.timeout = 300s (custom)
2021-12-22 08:24:23,856 [pool-672-thread-1] INFO  server.RaftServerConfigKeys (ConfUtils.java:logGet(44)) - raft.server.log.use.memory = false (default)
2021-12-22 08:24:23,856 [pool-672-thread-1] INFO  server.RaftServerConfigKeys (ConfUtils.java:logGet(44)) - raft.server.log.purge.gap = 1000000 (custom)
2021-12-22 08:24:23,856 [pool-672-thread-1] INFO  server.RaftServerConfigKeys (ConfUtils.java:logGet(44)) - raft.server.log.appender.buffer.byte-limit = 33554432 (custom)
2021-12-22 08:24:23,856 [pool-672-thread-1] INFO  server.RaftServerConfigKeys (ConfUtils.java:logGet(44)) - raft.server.log.segment.size.max = 1048576 (custom)
2021-12-22 08:24:23,857 [pool-672-thread-1] INFO  server.RaftServerConfigKeys (ConfUtils.java:logGet(44)) - raft.server.log.segment.cache.num.max = 2 (custom)
2021-12-22 08:24:23,857 [pool-672-thread-1] INFO  server.RaftServerConfigKeys (ConfUtils.java:logGet(44)) - raft.server.log.segment.cache.size.max = 200MB (=209715200) (default)
2021-12-22 08:24:23,857 [pool-672-thread-1] INFO  segmented.SegmentedRaftLogWorker (SegmentedRaftLogWorker.java:<init>(182)) - new 9d0cec3a-c7ab-477f-afd5-18767d26e7c7@group-5418FCFD540D-SegmentedRaftLogWorker for RaftStorageImpl:Storage Directory /home/runner/work/ozone/ozone/hadoop-ozone/integration-test/target/test-dir/MiniOzoneClusterImpl-af7f7f34-8f38-4b2a-8d00-d35ccdfe1aa8/datanode-2/data/ratis/47d1ab3d-c00f-408f-a1fc-5418fcfd540d
2021-12-22 08:24:23,857 [pool-672-thread-1] INFO  server.RaftServerConfigKeys (ConfUtils.java:logGet(44)) - raft.server.log.queue.byte-limit = 2147483647 (custom)
2021-12-22 08:24:23,857 [pool-672-thread-1] INFO  server.RaftServerConfigKeys (ConfUtils.java:logGet(44)) - raft.server.log.queue.element-limit = 1024 (custom)
2021-12-22 08:24:23,857 [pool-672-thread-1] INFO  server.RaftServerConfigKeys (ConfUtils.java:logGet(44)) - raft.server.log.segment.size.max = 1048576 (custom)
2021-12-22 08:24:23,857 [pool-672-thread-1] INFO  server.RaftServerConfigKeys (ConfUtils.java:logGet(44)) - raft.server.log.preallocated.size = 16384 (custom)
2021-12-22 08:24:23,857 [pool-672-thread-1] INFO  server.RaftServerConfigKeys (ConfUtils.java:logGet(44)) - raft.server.log.force.sync.num = 128 (default)
2021-12-22 08:24:23,857 [pool-672-thread-1] INFO  server.RaftServerConfigKeys (ConfUtils.java:logGet(44)) - raft.server.log.statemachine.data.sync = true (default)
2021-12-22 08:24:23,857 [pool-672-thread-1] INFO  server.RaftServerConfigKeys (ConfUtils.java:logGet(44)) - raft.server.log.statemachine.data.sync.timeout = 10s (default)
2021-12-22 08:24:23,857 [pool-672-thread-1] INFO  server.RaftServerConfigKeys (ConfUtils.java:logGet(44)) - raft.server.log.statemachine.data.sync.timeout.retry = -1 (default)
2021-12-22 08:24:23,858 [pool-672-thread-1] INFO  server.RaftServerConfigKeys (ConfUtils.java:logGet(44)) - raft.server.log.write.buffer.size = 1048576 (custom)
2021-12-22 08:24:23,858 [pool-672-thread-1] INFO  server.RaftServerConfigKeys (ConfUtils.java:logGet(44)) - raft.server.log.statemachine.data.caching.enabled = true (custom)
2021-12-22 08:24:23,859 [pool-672-thread-1] INFO  segmented.SegmentedRaftLogWorker (SegmentedRaftLogWorker.java:lambda$new$0(133)) - 9d0cec3a-c7ab-477f-afd5-18767d26e7c7@group-5418FCFD540D-SegmentedRaftLogWorker: flushIndex: setUnconditionally 0 -> -1
2021-12-22 08:24:23,859 [pool-672-thread-1] INFO  segmented.SegmentedRaftLogWorker (SegmentedRaftLogWorker.java:lambda$new$0(133)) - 9d0cec3a-c7ab-477f-afd5-18767d26e7c7@group-5418FCFD540D-SegmentedRaftLogWorker: safeCacheEvictIndex: setUnconditionally 0 -> -1
2021-12-22 08:24:23,866 [pool-672-thread-1] INFO  server.RaftServerConfigKeys (ConfUtils.java:logGet(44)) - raft.server.snapshot.auto.trigger.enabled = true (custom)
2021-12-22 08:24:23,866 [pool-672-thread-1] INFO  server.RaftServerConfigKeys (ConfUtils.java:logGet(44)) - raft.server.snapshot.auto.trigger.threshold = 10000 (custom)
2021-12-22 08:24:23,866 [pool-672-thread-1] INFO  server.RaftServerConfigKeys (ConfUtils.java:logGet(44)) - raft.server.snapshot.retention.file.num = 5 (custom)
2021-12-22 08:24:23,866 [pool-672-thread-1] INFO  server.RaftServerConfigKeys (ConfUtils.java:logGet(44)) - raft.server.log.purge.upto.snapshot.index = false (default)
2021-12-22 08:24:23,866 [pool-672-thread-1] INFO  server.RaftServerConfigKeys (ConfUtils.java:logGet(44)) - raft.server.retrycache.expirytime = 600000ms (custom)
2021-12-22 08:24:23,866 [pool-672-thread-1] INFO  server.RaftServerConfigKeys (ConfUtils.java:logGet(44)) - raft.server.retrycache.statistics.expirytime = 100μs (default)
2021-12-22 08:24:23,867 [pool-672-thread-1] INFO  server.RaftServer$Division (RaftServerImpl.java:start(301)) - 9d0cec3a-c7ab-477f-afd5-18767d26e7c7@group-5418FCFD540D: start as a follower, conf=-1: [4afdff22-9491-4128-a30d-4aec80145f3a|rpc:10.1.0.28:39331|dataStream:|priority:0, 222a2d59-0c3b-4266-bd4d-99b1e092dd5e|rpc:10.1.0.28:39863|dataStream:|priority:0, 9d0cec3a-c7ab-477f-afd5-18767d26e7c7|rpc:10.1.0.28:40049|dataStream:|priority:1], old=null
2021-12-22 08:24:23,868 [pool-672-thread-1] INFO  server.RaftServer$Division (RaftServerImpl.java:setRole(290)) - 9d0cec3a-c7ab-477f-afd5-18767d26e7c7@group-5418FCFD540D: changes role from      null to FOLLOWER at term 0 for startAsFollower
2021-12-22 08:24:23,868 [pool-672-thread-1] INFO  impl.RoleInfo (RoleInfo.java:updateAndGet(130)) - 9d0cec3a-c7ab-477f-afd5-18767d26e7c7: start 9d0cec3a-c7ab-477f-afd5-18767d26e7c7@group-5418FCFD540D-FollowerState
2021-12-22 08:24:23,868 [pool-672-thread-1] INFO  util.JmxRegister (JmxRegister.java:tryRegister(44)) - Successfully registered JMX Bean with object name Ratis:service=RaftServer,group=group-5418FCFD540D,id=9d0cec3a-c7ab-477f-afd5-18767d26e7c7
2021-12-22 08:24:23,886 [Command processor thread] INFO  server.RaftServer (RaftServerProxy.java:addNew(95)) - 4afdff22-9491-4128-a30d-4aec80145f3a: addNew group-145919CC805C:[4afdff22-9491-4128-a30d-4aec80145f3a|rpc:10.1.0.28:39331|priority:1] returns group-145919CC805C:java.util.concurrent.CompletableFuture@9310c74[Not completed]
2021-12-22 08:24:23,899 [pool-651-thread-1] INFO  server.RaftServer$Division (RaftServerImpl.java:<init>(184)) - 4afdff22-9491-4128-a30d-4aec80145f3a: new RaftServerImpl for group-145919CC805C:[4afdff22-9491-4128-a30d-4aec80145f3a|rpc:10.1.0.28:39331|priority:1] with ContainerStateMachine:uninitialized
2021-12-22 08:24:23,899 [pool-651-thread-1] INFO  server.RaftServerConfigKeys (ConfUtils.java:logGet(44)) - raft.server.rpc.timeout.min = 5s (custom)
2021-12-22 08:24:23,899 [pool-651-thread-1] INFO  server.RaftServerConfigKeys (ConfUtils.java:logGet(44)) - raft.server.rpc.timeout.max = 5200ms (custom)
2021-12-22 08:24:23,899 [pool-651-thread-1] INFO  server.RaftServerConfigKeys (ConfUtils.java:logGet(44)) - raft.server.rpc.sleep.time = 25ms (default)
2021-12-22 08:24:23,899 [pool-651-thread-1] INFO  server.RaftServerConfigKeys (ConfUtils.java:logGet(44)) - raft.server.rpc.slowness.timeout = 300s (custom)
2021-12-22 08:24:23,899 [pool-651-thread-1] INFO  server.RaftServerConfigKeys (ConfUtils.java:logGet(44)) - raft.server.leaderelection.leader.step-down.wait-time = 10s (default)
2021-12-22 08:24:23,899 [pool-651-thread-1] INFO  server.RaftServerConfigKeys (ConfUtils.java:logGet(44)) - raft.server.sleep.deviation.threshold = 300ms (default)
2021-12-22 08:24:23,900 [pool-651-thread-1] INFO  server.RaftServerConfigKeys (ConfUtils.java:logGet(44)) - raft.server.log.appender.install.snapshot.enabled = false (custom)
2021-12-22 08:24:23,900 [pool-651-thread-1] INFO  server.RaftServer$Division (ServerState.java:<init>(105)) - 4afdff22-9491-4128-a30d-4aec80145f3a@group-145919CC805C: ConfigurationManager, init=-1: [4afdff22-9491-4128-a30d-4aec80145f3a|rpc:10.1.0.28:39331|priority:1], old=null, confs=<EMPTY_MAP>
2021-12-22 08:24:23,900 [pool-651-thread-1] INFO  server.RaftServerConfigKeys (ConfUtils.java:logGet(44)) - raft.server.storage.dir = [/home/runner/work/ozone/ozone/hadoop-ozone/integration-test/target/test-dir/MiniOzoneClusterImpl-af7f7f34-8f38-4b2a-8d00-d35ccdfe1aa8/datanode-1/data/ratis] (custom)
2021-12-22 08:24:23,900 [pool-651-thread-1] INFO  server.RaftServerConfigKeys (ConfUtils.java:logGet(44)) - raft.server.log.corruption.policy = EXCEPTION (default)
2021-12-22 08:24:23,900 [pool-651-thread-1] INFO  server.RaftServerConfigKeys (ConfUtils.java:logGet(44)) - raft.server.storage.free-space.min = 0MB (=0) (default)
2021-12-22 08:24:23,900 [pool-651-thread-1] INFO  storage.RaftStorageDirectory (RaftStorageDirectoryImpl.java:analyzeStorage(135)) - The storage directory /home/runner/work/ozone/ozone/hadoop-ozone/integration-test/target/test-dir/MiniOzoneClusterImpl-af7f7f34-8f38-4b2a-8d00-d35ccdfe1aa8/datanode-1/data/ratis/85c84f61-75e6-4ad2-a111-145919cc805c does not exist. Creating ...
2021-12-22 08:24:23,918 [Command processor thread] INFO  commandhandler.CreatePipelineCommandHandler (CreatePipelineCommandHandler.java:handle(106)) - Created Pipeline RATIS THREE PipelineID=47d1ab3d-c00f-408f-a1fc-5418fcfd540d.
2021-12-22 08:24:23,918 [Command processor thread] INFO  server.RaftServer (RaftServerProxy.java:addNew(95)) - 222a2d59-0c3b-4266-bd4d-99b1e092dd5e: addNew group-FF503EF0943D:[4afdff22-9491-4128-a30d-4aec80145f3a|rpc:10.1.0.28:39331|priority:1, 222a2d59-0c3b-4266-bd4d-99b1e092dd5e|rpc:10.1.0.28:39863|priority:0, 9d0cec3a-c7ab-477f-afd5-18767d26e7c7|rpc:10.1.0.28:40049|priority:0] returns group-FF503EF0943D:java.util.concurrent.CompletableFuture@5d8396c9[Not completed]
2021-12-22 08:24:23,919 [pool-630-thread-1] INFO  server.RaftServer$Division (RaftServerImpl.java:<init>(184)) - 222a2d59-0c3b-4266-bd4d-99b1e092dd5e: new RaftServerImpl for group-FF503EF0943D:[4afdff22-9491-4128-a30d-4aec80145f3a|rpc:10.1.0.28:39331|priority:1, 222a2d59-0c3b-4266-bd4d-99b1e092dd5e|rpc:10.1.0.28:39863|priority:0, 9d0cec3a-c7ab-477f-afd5-18767d26e7c7|rpc:10.1.0.28:40049|priority:0] with ContainerStateMachine:uninitialized
2021-12-22 08:24:23,919 [pool-630-thread-1] INFO  server.RaftServerConfigKeys (ConfUtils.java:logGet(44)) - raft.server.rpc.timeout.min = 5s (custom)
2021-12-22 08:24:23,919 [pool-630-thread-1] INFO  server.RaftServerConfigKeys (ConfUtils.java:logGet(44)) - raft.server.rpc.timeout.max = 5200ms (custom)
2021-12-22 08:24:23,919 [pool-630-thread-1] INFO  server.RaftServerConfigKeys (ConfUtils.java:logGet(44)) - raft.server.rpc.sleep.time = 25ms (default)
2021-12-22 08:24:23,919 [pool-630-thread-1] INFO  server.RaftServerConfigKeys (ConfUtils.java:logGet(44)) - raft.server.rpc.slowness.timeout = 300s (custom)
2021-12-22 08:24:23,919 [pool-630-thread-1] INFO  server.RaftServerConfigKeys (ConfUtils.java:logGet(44)) - raft.server.leaderelection.leader.step-down.wait-time = 10s (default)
2021-12-22 08:24:23,919 [pool-630-thread-1] INFO  server.RaftServerConfigKeys (ConfUtils.java:logGet(44)) - raft.server.sleep.deviation.threshold = 300ms (default)
2021-12-22 08:24:23,919 [pool-630-thread-1] INFO  server.RaftServerConfigKeys (ConfUtils.java:logGet(44)) - raft.server.log.appender.install.snapshot.enabled = false (custom)
2021-12-22 08:24:23,919 [pool-630-thread-1] INFO  server.RaftServer$Division (ServerState.java:<init>(105)) - 222a2d59-0c3b-4266-bd4d-99b1e092dd5e@group-FF503EF0943D: ConfigurationManager, init=-1: [4afdff22-9491-4128-a30d-4aec80145f3a|rpc:10.1.0.28:39331|priority:1, 222a2d59-0c3b-4266-bd4d-99b1e092dd5e|rpc:10.1.0.28:39863|priority:0, 9d0cec3a-c7ab-477f-afd5-18767d26e7c7|rpc:10.1.0.28:40049|priority:0], old=null, confs=<EMPTY_MAP>
2021-12-22 08:24:23,919 [pool-630-thread-1] INFO  server.RaftServerConfigKeys (ConfUtils.java:logGet(44)) - raft.server.storage.dir = [/home/runner/work/ozone/ozone/hadoop-ozone/integration-test/target/test-dir/MiniOzoneClusterImpl-af7f7f34-8f38-4b2a-8d00-d35ccdfe1aa8/datanode-0/data/ratis] (custom)
2021-12-22 08:24:23,919 [pool-630-thread-1] INFO  server.RaftServerConfigKeys (ConfUtils.java:logGet(44)) - raft.server.log.corruption.policy = EXCEPTION (default)
2021-12-22 08:24:23,919 [pool-630-thread-1] INFO  server.RaftServerConfigKeys (ConfUtils.java:logGet(44)) - raft.server.storage.free-space.min = 0MB (=0) (default)
2021-12-22 08:24:23,920 [pool-630-thread-1] INFO  storage.RaftStorageDirectory (RaftStorageDirectoryImpl.java:analyzeStorage(135)) - The storage directory /home/runner/work/ozone/ozone/hadoop-ozone/integration-test/target/test-dir/MiniOzoneClusterImpl-af7f7f34-8f38-4b2a-8d00-d35ccdfe1aa8/datanode-0/data/ratis/07d2b399-dd73-43de-a574-ff503ef0943d does not exist. Creating ...
2021-12-22 08:24:23,920 [pool-651-thread-1] INFO  storage.RaftStorageDirectory (RaftStorageDirectoryImpl.java:tryLock(230)) - Lock on /home/runner/work/ozone/ozone/hadoop-ozone/integration-test/target/test-dir/MiniOzoneClusterImpl-af7f7f34-8f38-4b2a-8d00-d35ccdfe1aa8/datanode-1/data/ratis/85c84f61-75e6-4ad2-a111-145919cc805c/in_use.lock acquired by nodename 16871@fv-az270-32
2021-12-22 08:24:23,922 [pool-630-thread-1] INFO  storage.RaftStorageDirectory (RaftStorageDirectoryImpl.java:tryLock(230)) - Lock on /home/runner/work/ozone/ozone/hadoop-ozone/integration-test/target/test-dir/MiniOzoneClusterImpl-af7f7f34-8f38-4b2a-8d00-d35ccdfe1aa8/datanode-0/data/ratis/07d2b399-dd73-43de-a574-ff503ef0943d/in_use.lock acquired by nodename 16871@fv-az270-32
2021-12-22 08:24:23,930 [pool-630-thread-1] INFO  storage.RaftStorage (RaftStorageImpl.java:format(89)) - Storage directory /home/runner/work/ozone/ozone/hadoop-ozone/integration-test/target/test-dir/MiniOzoneClusterImpl-af7f7f34-8f38-4b2a-8d00-d35ccdfe1aa8/datanode-0/data/ratis/07d2b399-dd73-43de-a574-ff503ef0943d has been successfully formatted.
2021-12-22 08:24:23,930 [pool-630-thread-1] INFO  ratis.ContainerStateMachine (ContainerStateMachine.java:loadSnapshot(231)) - group-FF503EF0943D: The snapshot info is null. Setting the last applied indexto:(t:0, i:~)
2021-12-22 08:24:23,930 [pool-630-thread-1] INFO  server.RaftServerConfigKeys (ConfUtils.java:logGet(44)) - raft.server.notification.no-leader.timeout = 300s (custom)
2021-12-22 08:24:23,930 [pool-630-thread-1] INFO  server.RaftServerConfigKeys (ConfUtils.java:logGet(44)) - raft.server.log.use.memory = false (default)
2021-12-22 08:24:23,931 [pool-630-thread-1] INFO  server.RaftServerConfigKeys (ConfUtils.java:logGet(44)) - raft.server.log.purge.gap = 1000000 (custom)
2021-12-22 08:24:23,931 [pool-630-thread-1] INFO  server.RaftServerConfigKeys (ConfUtils.java:logGet(44)) - raft.server.log.appender.buffer.byte-limit = 33554432 (custom)
2021-12-22 08:24:23,931 [pool-630-thread-1] INFO  server.RaftServerConfigKeys (ConfUtils.java:logGet(44)) - raft.server.log.segment.size.max = 1048576 (custom)
2021-12-22 08:24:23,932 [pool-630-thread-1] INFO  server.RaftServerConfigKeys (ConfUtils.java:logGet(44)) - raft.server.log.segment.cache.num.max = 2 (custom)
2021-12-22 08:24:23,932 [pool-630-thread-1] INFO  server.RaftServerConfigKeys (ConfUtils.java:logGet(44)) - raft.server.log.segment.cache.size.max = 200MB (=209715200) (default)
2021-12-22 08:24:23,932 [pool-630-thread-1] INFO  segmented.SegmentedRaftLogWorker (SegmentedRaftLogWorker.java:<init>(182)) - new 222a2d59-0c3b-4266-bd4d-99b1e092dd5e@group-FF503EF0943D-SegmentedRaftLogWorker for RaftStorageImpl:Storage Directory /home/runner/work/ozone/ozone/hadoop-ozone/integration-test/target/test-dir/MiniOzoneClusterImpl-af7f7f34-8f38-4b2a-8d00-d35ccdfe1aa8/datanode-0/data/ratis/07d2b399-dd73-43de-a574-ff503ef0943d
2021-12-22 08:24:23,932 [pool-630-thread-1] INFO  server.RaftServerConfigKeys (ConfUtils.java:logGet(44)) - raft.server.log.queue.byte-limit = 2147483647 (custom)
2021-12-22 08:24:23,932 [pool-630-thread-1] INFO  server.RaftServerConfigKeys (ConfUtils.java:logGet(44)) - raft.server.log.queue.element-limit = 1024 (custom)
2021-12-22 08:24:23,932 [pool-630-thread-1] INFO  server.RaftServerConfigKeys (ConfUtils.java:logGet(44)) - raft.server.log.segment.size.max = 1048576 (custom)
2021-12-22 08:24:23,932 [pool-630-thread-1] INFO  server.RaftServerConfigKeys (ConfUtils.java:logGet(44)) - raft.server.log.preallocated.size = 16384 (custom)
2021-12-22 08:24:23,932 [pool-630-thread-1] INFO  server.RaftServerConfigKeys (ConfUtils.java:logGet(44)) - raft.server.log.force.sync.num = 128 (default)
2021-12-22 08:24:23,932 [pool-630-thread-1] INFO  server.RaftServerConfigKeys (ConfUtils.java:logGet(44)) - raft.server.log.statemachine.data.sync = true (default)
2021-12-22 08:24:23,932 [pool-630-thread-1] INFO  server.RaftServerConfigKeys (ConfUtils.java:logGet(44)) - raft.server.log.statemachine.data.sync.timeout = 10s (default)
2021-12-22 08:24:23,932 [pool-630-thread-1] INFO  server.RaftServerConfigKeys (ConfUtils.java:logGet(44)) - raft.server.log.statemachine.data.sync.timeout.retry = -1 (default)
2021-12-22 08:24:23,933 [EventQueue-OpenPipelineForHealthyPipelineSafeModeRule] INFO  safemode.SCMSafeModeManager (HealthyPipelineSafeModeRule.java:process(124)) - SCM in safe mode. Healthy pipelines reported count is 0, required healthy pipeline reported count is 1
2021-12-22 08:24:23,937 [pool-630-thread-1] INFO  server.RaftServerConfigKeys (ConfUtils.java:logGet(44)) - raft.server.log.write.buffer.size = 1048576 (custom)
2021-12-22 08:24:23,951 [pool-630-thread-1] INFO  server.RaftServerConfigKeys (ConfUtils.java:logGet(44)) - raft.server.log.statemachine.data.caching.enabled = true (custom)
2021-12-22 08:24:23,960 [pool-630-thread-1] INFO  segmented.SegmentedRaftLogWorker (SegmentedRaftLogWorker.java:lambda$new$0(133)) - 222a2d59-0c3b-4266-bd4d-99b1e092dd5e@group-FF503EF0943D-SegmentedRaftLogWorker: flushIndex: setUnconditionally 0 -> -1
2021-12-22 08:24:23,960 [pool-630-thread-1] INFO  segmented.SegmentedRaftLogWorker (SegmentedRaftLogWorker.java:lambda$new$0(133)) - 222a2d59-0c3b-4266-bd4d-99b1e092dd5e@group-FF503EF0943D-SegmentedRaftLogWorker: safeCacheEvictIndex: setUnconditionally 0 -> -1
2021-12-22 08:24:23,954 [pool-651-thread-1] INFO  storage.RaftStorage (RaftStorageImpl.java:format(89)) - Storage directory /home/runner/work/ozone/ozone/hadoop-ozone/integration-test/target/test-dir/MiniOzoneClusterImpl-af7f7f34-8f38-4b2a-8d00-d35ccdfe1aa8/datanode-1/data/ratis/85c84f61-75e6-4ad2-a111-145919cc805c has been successfully formatted.
2021-12-22 08:24:23,960 [pool-630-thread-1] INFO  server.RaftServerConfigKeys (ConfUtils.java:logGet(44)) - raft.server.snapshot.auto.trigger.enabled = true (custom)
2021-12-22 08:24:23,960 [pool-630-thread-1] INFO  server.RaftServerConfigKeys (ConfUtils.java:logGet(44)) - raft.server.snapshot.auto.trigger.threshold = 10000 (custom)
2021-12-22 08:24:23,960 [pool-630-thread-1] INFO  server.RaftServerConfigKeys (ConfUtils.java:logGet(44)) - raft.server.snapshot.retention.file.num = 5 (custom)
2021-12-22 08:24:23,960 [pool-630-thread-1] INFO  server.RaftServerConfigKeys (ConfUtils.java:logGet(44)) - raft.server.log.purge.upto.snapshot.index = false (default)
2021-12-22 08:24:23,960 [pool-630-thread-1] INFO  server.RaftServerConfigKeys (ConfUtils.java:logGet(44)) - raft.server.retrycache.expirytime = 600000ms (custom)
2021-12-22 08:24:23,960 [pool-630-thread-1] INFO  server.RaftServerConfigKeys (ConfUtils.java:logGet(44)) - raft.server.retrycache.statistics.expirytime = 100μs (default)
2021-12-22 08:24:23,962 [pool-630-thread-1] INFO  server.RaftServer$Division (RaftServerImpl.java:start(301)) - 222a2d59-0c3b-4266-bd4d-99b1e092dd5e@group-FF503EF0943D: start as a follower, conf=-1: [4afdff22-9491-4128-a30d-4aec80145f3a|rpc:10.1.0.28:39331|priority:1, 222a2d59-0c3b-4266-bd4d-99b1e092dd5e|rpc:10.1.0.28:39863|priority:0, 9d0cec3a-c7ab-477f-afd5-18767d26e7c7|rpc:10.1.0.28:40049|priority:0], old=null
2021-12-22 08:24:23,962 [pool-630-thread-1] INFO  server.RaftServer$Division (RaftServerImpl.java:setRole(290)) - 222a2d59-0c3b-4266-bd4d-99b1e092dd5e@group-FF503EF0943D: changes role from      null to FOLLOWER at term 0 for startAsFollower
2021-12-22 08:24:23,962 [pool-630-thread-1] INFO  impl.RoleInfo (RoleInfo.java:updateAndGet(130)) - 222a2d59-0c3b-4266-bd4d-99b1e092dd5e: start 222a2d59-0c3b-4266-bd4d-99b1e092dd5e@group-FF503EF0943D-FollowerState
2021-12-22 08:24:23,966 [pool-630-thread-1] INFO  util.JmxRegister (JmxRegister.java:tryRegister(44)) - Successfully registered JMX Bean with object name Ratis:service=RaftServer,group=group-FF503EF0943D,id=222a2d59-0c3b-4266-bd4d-99b1e092dd5e
2021-12-22 08:24:23,968 [Command processor thread] INFO  ratis.XceiverServerRatis (XceiverServerRatis.java:addGroup(768)) - Created group PipelineID=07d2b399-dd73-43de-a574-ff503ef0943d
2021-12-22 08:24:23,986 [pool-651-thread-1] INFO  ratis.ContainerStateMachine (ContainerStateMachine.java:loadSnapshot(231)) - group-145919CC805C: The snapshot info is null. Setting the last applied indexto:(t:0, i:~)
2021-12-22 08:24:23,986 [pool-651-thread-1] INFO  server.RaftServerConfigKeys (ConfUtils.java:logGet(44)) - raft.server.notification.no-leader.timeout = 300s (custom)
2021-12-22 08:24:23,986 [pool-651-thread-1] INFO  server.RaftServerConfigKeys (ConfUtils.java:logGet(44)) - raft.server.log.use.memory = false (default)
2021-12-22 08:24:23,986 [pool-651-thread-1] INFO  server.RaftServerConfigKeys (ConfUtils.java:logGet(44)) - raft.server.log.purge.gap = 1000000 (custom)
2021-12-22 08:24:23,986 [pool-651-thread-1] INFO  server.RaftServerConfigKeys (ConfUtils.java:logGet(44)) - raft.server.log.appender.buffer.byte-limit = 33554432 (custom)
2021-12-22 08:24:23,986 [pool-651-thread-1] INFO  server.RaftServerConfigKeys (ConfUtils.java:logGet(44)) - raft.server.log.segment.size.max = 1048576 (custom)
2021-12-22 08:24:23,987 [pool-651-thread-1] INFO  server.RaftServerConfigKeys (ConfUtils.java:logGet(44)) - raft.server.log.segment.cache.num.max = 2 (custom)
2021-12-22 08:24:23,987 [pool-651-thread-1] INFO  server.RaftServerConfigKeys (ConfUtils.java:logGet(44)) - raft.server.log.segment.cache.size.max = 200MB (=209715200) (default)
2021-12-22 08:24:23,987 [pool-651-thread-1] INFO  segmented.SegmentedRaftLogWorker (SegmentedRaftLogWorker.java:<init>(182)) - new 4afdff22-9491-4128-a30d-4aec80145f3a@group-145919CC805C-SegmentedRaftLogWorker for RaftStorageImpl:Storage Directory /home/runner/work/ozone/ozone/hadoop-ozone/integration-test/target/test-dir/MiniOzoneClusterImpl-af7f7f34-8f38-4b2a-8d00-d35ccdfe1aa8/datanode-1/data/ratis/85c84f61-75e6-4ad2-a111-145919cc805c
2021-12-22 08:24:23,987 [pool-651-thread-1] INFO  server.RaftServerConfigKeys (ConfUtils.java:logGet(44)) - raft.server.log.queue.byte-limit = 2147483647 (custom)
2021-12-22 08:24:23,987 [pool-651-thread-1] INFO  server.RaftServerConfigKeys (ConfUtils.java:logGet(44)) - raft.server.log.queue.element-limit = 1024 (custom)
2021-12-22 08:24:23,987 [pool-651-thread-1] INFO  server.RaftServerConfigKeys (ConfUtils.java:logGet(44)) - raft.server.log.segment.size.max = 1048576 (custom)
2021-12-22 08:24:23,987 [pool-651-thread-1] INFO  server.RaftServerConfigKeys (ConfUtils.java:logGet(44)) - raft.server.log.preallocated.size = 16384 (custom)
2021-12-22 08:24:23,987 [pool-651-thread-1] INFO  server.RaftServerConfigKeys (ConfUtils.java:logGet(44)) - raft.server.log.force.sync.num = 128 (default)
2021-12-22 08:24:23,987 [pool-651-thread-1] INFO  server.RaftServerConfigKeys (ConfUtils.java:logGet(44)) - raft.server.log.statemachine.data.sync = true (default)
2021-12-22 08:24:23,987 [pool-651-thread-1] INFO  server.RaftServerConfigKeys (ConfUtils.java:logGet(44)) - raft.server.log.statemachine.data.sync.timeout = 10s (default)
2021-12-22 08:24:23,987 [pool-651-thread-1] INFO  server.RaftServerConfigKeys (ConfUtils.java:logGet(44)) - raft.server.log.statemachine.data.sync.timeout.retry = -1 (default)
2021-12-22 08:24:23,988 [pool-651-thread-1] INFO  server.RaftServerConfigKeys (ConfUtils.java:logGet(44)) - raft.server.log.write.buffer.size = 1048576 (custom)
2021-12-22 08:24:23,991 [pool-651-thread-1] INFO  server.RaftServerConfigKeys (ConfUtils.java:logGet(44)) - raft.server.log.statemachine.data.caching.enabled = true (custom)
2021-12-22 08:24:23,991 [pool-651-thread-1] INFO  segmented.SegmentedRaftLogWorker (SegmentedRaftLogWorker.java:lambda$new$0(133)) - 4afdff22-9491-4128-a30d-4aec80145f3a@group-145919CC805C-SegmentedRaftLogWorker: flushIndex: setUnconditionally 0 -> -1
2021-12-22 08:24:23,991 [pool-651-thread-1] INFO  segmented.SegmentedRaftLogWorker (SegmentedRaftLogWorker.java:lambda$new$0(133)) - 4afdff22-9491-4128-a30d-4aec80145f3a@group-145919CC805C-SegmentedRaftLogWorker: safeCacheEvictIndex: setUnconditionally 0 -> -1
2021-12-22 08:24:24,000 [EventQueue-PipelineReportForPipelineReportHandler] INFO  pipeline.PipelineManagerImpl (PipelineManagerImpl.java:openPipeline(291)) - Pipeline Pipeline[ Id: 85c84f61-75e6-4ad2-a111-145919cc805c, Nodes: 4afdff22-9491-4128-a30d-4aec80145f3a{ip: 10.1.0.28, host: fv-az270-32.tacnzluakwdehk1hpragurqkma.bx.internal.cloudapp.net, ports: [REPLICATION=46139, RATIS=39331, RATIS_ADMIN=39331, RATIS_SERVER=39331, STANDALONE=46321], networkLocation: /default-rack, certSerialId: null, persistedOpState: IN_SERVICE, persistedOpStateExpiryEpochSec: 0}, ReplicationConfig: RATIS/ONE, State:ALLOCATED, leaderId:4afdff22-9491-4128-a30d-4aec80145f3a, CreationTimestamp2021-12-22T08:24:20.890Z[Etc/UTC]] moved to OPEN state
2021-12-22 08:24:24,000 [EventQueue-OpenPipelineForHealthyPipelineSafeModeRule] INFO  safemode.SCMSafeModeManager (HealthyPipelineSafeModeRule.java:process(124)) - SCM in safe mode. Healthy pipelines reported count is 0, required healthy pipeline reported count is 1
2021-12-22 08:24:24,026 [pool-651-thread-1] INFO  server.RaftServerConfigKeys (ConfUtils.java:logGet(44)) - raft.server.snapshot.auto.trigger.enabled = true (custom)
2021-12-22 08:24:24,038 [pool-651-thread-1] INFO  server.RaftServerConfigKeys (ConfUtils.java:logGet(44)) - raft.server.snapshot.auto.trigger.threshold = 10000 (custom)
2021-12-22 08:24:24,038 [pool-651-thread-1] INFO  server.RaftServerConfigKeys (ConfUtils.java:logGet(44)) - raft.server.snapshot.retention.file.num = 5 (custom)
2021-12-22 08:24:24,038 [grpc-default-executor-0] INFO  server.RaftServer (RaftServerProxy.java:addNew(95)) - 9d0cec3a-c7ab-477f-afd5-18767d26e7c7: addNew group-FF503EF0943D:[4afdff22-9491-4128-a30d-4aec80145f3a|rpc:10.1.0.28:39331|dataStream:|priority:1, 222a2d59-0c3b-4266-bd4d-99b1e092dd5e|rpc:10.1.0.28:39863|dataStream:|priority:0, 9d0cec3a-c7ab-477f-afd5-18767d26e7c7|rpc:10.1.0.28:40049|dataStream:|priority:0] returns group-FF503EF0943D:java.util.concurrent.CompletableFuture@46769df6[Not completed]
2021-12-22 08:24:24,039 [pool-672-thread-1] INFO  server.RaftServer$Division (RaftServerImpl.java:<init>(184)) - 9d0cec3a-c7ab-477f-afd5-18767d26e7c7: new RaftServerImpl for group-FF503EF0943D:[4afdff22-9491-4128-a30d-4aec80145f3a|rpc:10.1.0.28:39331|dataStream:|priority:1, 222a2d59-0c3b-4266-bd4d-99b1e092dd5e|rpc:10.1.0.28:39863|dataStream:|priority:0, 9d0cec3a-c7ab-477f-afd5-18767d26e7c7|rpc:10.1.0.28:40049|dataStream:|priority:0] with ContainerStateMachine:uninitialized
2021-12-22 08:24:24,039 [pool-672-thread-1] INFO  server.RaftServerConfigKeys (ConfUtils.java:logGet(44)) - raft.server.rpc.timeout.min = 5s (custom)
2021-12-22 08:24:24,039 [pool-672-thread-1] INFO  server.RaftServerConfigKeys (ConfUtils.java:logGet(44)) - raft.server.rpc.timeout.max = 5200ms (custom)
2021-12-22 08:24:24,039 [pool-672-thread-1] INFO  server.RaftServerConfigKeys (ConfUtils.java:logGet(44)) - raft.server.rpc.sleep.time = 25ms (default)
2021-12-22 08:24:24,039 [pool-672-thread-1] INFO  server.RaftServerConfigKeys (ConfUtils.java:logGet(44)) - raft.server.rpc.slowness.timeout = 300s (custom)
2021-12-22 08:24:24,039 [pool-672-thread-1] INFO  server.RaftServerConfigKeys (ConfUtils.java:logGet(44)) - raft.server.leaderelection.leader.step-down.wait-time = 10s (default)
2021-12-22 08:24:24,039 [pool-672-thread-1] INFO  server.RaftServerConfigKeys (ConfUtils.java:logGet(44)) - raft.server.sleep.deviation.threshold = 300ms (default)
2021-12-22 08:24:24,039 [pool-672-thread-1] INFO  server.RaftServerConfigKeys (ConfUtils.java:logGet(44)) - raft.server.log.appender.install.snapshot.enabled = false (custom)
2021-12-22 08:24:24,039 [pool-672-thread-1] INFO  server.RaftServer$Division (ServerState.java:<init>(105)) - 9d0cec3a-c7ab-477f-afd5-18767d26e7c7@group-FF503EF0943D: ConfigurationManager, init=-1: [4afdff22-9491-4128-a30d-4aec80145f3a|rpc:10.1.0.28:39331|dataStream:|priority:1, 222a2d59-0c3b-4266-bd4d-99b1e092dd5e|rpc:10.1.0.28:39863|dataStream:|priority:0, 9d0cec3a-c7ab-477f-afd5-18767d26e7c7|rpc:10.1.0.28:40049|dataStream:|priority:0], old=null, confs=<EMPTY_MAP>
2021-12-22 08:24:24,039 [pool-672-thread-1] INFO  server.RaftServerConfigKeys (ConfUtils.java:logGet(44)) - raft.server.storage.dir = [/home/runner/work/ozone/ozone/hadoop-ozone/integration-test/target/test-dir/MiniOzoneClusterImpl-af7f7f34-8f38-4b2a-8d00-d35ccdfe1aa8/datanode-2/data/ratis] (custom)
2021-12-22 08:24:24,039 [pool-672-thread-1] INFO  server.RaftServerConfigKeys (ConfUtils.java:logGet(44)) - raft.server.log.corruption.policy = EXCEPTION (default)
2021-12-22 08:24:24,039 [pool-672-thread-1] INFO  server.RaftServerConfigKeys (ConfUtils.java:logGet(44)) - raft.server.storage.free-space.min = 0MB (=0) (default)
2021-12-22 08:24:24,039 [pool-672-thread-1] INFO  storage.RaftStorageDirectory (RaftStorageDirectoryImpl.java:analyzeStorage(135)) - The storage directory /home/runner/work/ozone/ozone/hadoop-ozone/integration-test/target/test-dir/MiniOzoneClusterImpl-af7f7f34-8f38-4b2a-8d00-d35ccdfe1aa8/datanode-2/data/ratis/07d2b399-dd73-43de-a574-ff503ef0943d does not exist. Creating ...
2021-12-22 08:24:24,038 [pool-651-thread-1] INFO  server.RaftServerConfigKeys (ConfUtils.java:logGet(44)) - raft.server.log.purge.upto.snapshot.index = false (default)
2021-12-22 08:24:24,041 [pool-651-thread-1] INFO  server.RaftServerConfigKeys (ConfUtils.java:logGet(44)) - raft.server.retrycache.expirytime = 600000ms (custom)
2021-12-22 08:24:24,041 [pool-651-thread-1] INFO  server.RaftServerConfigKeys (ConfUtils.java:logGet(44)) - raft.server.retrycache.statistics.expirytime = 100μs (default)
2021-12-22 08:24:24,041 [pool-672-thread-1] INFO  storage.RaftStorageDirectory (RaftStorageDirectoryImpl.java:tryLock(230)) - Lock on /home/runner/work/ozone/ozone/hadoop-ozone/integration-test/target/test-dir/MiniOzoneClusterImpl-af7f7f34-8f38-4b2a-8d00-d35ccdfe1aa8/datanode-2/data/ratis/07d2b399-dd73-43de-a574-ff503ef0943d/in_use.lock acquired by nodename 16871@fv-az270-32
2021-12-22 08:24:24,047 [pool-651-thread-1] INFO  server.RaftServer$Division (RaftServerImpl.java:start(301)) - 4afdff22-9491-4128-a30d-4aec80145f3a@group-145919CC805C: start as a follower, conf=-1: [4afdff22-9491-4128-a30d-4aec80145f3a|rpc:10.1.0.28:39331|priority:1], old=null
2021-12-22 08:24:24,047 [pool-651-thread-1] INFO  server.RaftServer$Division (RaftServerImpl.java:setRole(290)) - 4afdff22-9491-4128-a30d-4aec80145f3a@group-145919CC805C: changes role from      null to FOLLOWER at term 0 for startAsFollower
2021-12-22 08:24:24,047 [pool-651-thread-1] INFO  impl.RoleInfo (RoleInfo.java:updateAndGet(130)) - 4afdff22-9491-4128-a30d-4aec80145f3a: start 4afdff22-9491-4128-a30d-4aec80145f3a@group-145919CC805C-FollowerState
2021-12-22 08:24:24,048 [pool-672-thread-1] INFO  storage.RaftStorage (RaftStorageImpl.java:format(89)) - Storage directory /home/runner/work/ozone/ozone/hadoop-ozone/integration-test/target/test-dir/MiniOzoneClusterImpl-af7f7f34-8f38-4b2a-8d00-d35ccdfe1aa8/datanode-2/data/ratis/07d2b399-dd73-43de-a574-ff503ef0943d has been successfully formatted.
2021-12-22 08:24:24,058 [pool-651-thread-1] INFO  util.JmxRegister (JmxRegister.java:tryRegister(44)) - Successfully registered JMX Bean with object name Ratis:service=RaftServer,group=group-145919CC805C,id=4afdff22-9491-4128-a30d-4aec80145f3a
2021-12-22 08:24:24,070 [Command processor thread] INFO  ratis.XceiverServerRatis (XceiverServerRatis.java:addGroup(768)) - Created group PipelineID=85c84f61-75e6-4ad2-a111-145919cc805c
2021-12-22 08:24:24,070 [Command processor thread] INFO  commandhandler.CreatePipelineCommandHandler (CreatePipelineCommandHandler.java:handle(106)) - Created Pipeline RATIS ONE PipelineID=85c84f61-75e6-4ad2-a111-145919cc805c.
2021-12-22 08:24:24,070 [Command processor thread] INFO  server.RaftServer (RaftServerProxy.java:addNew(95)) - 4afdff22-9491-4128-a30d-4aec80145f3a: addNew group-FF503EF0943D:[4afdff22-9491-4128-a30d-4aec80145f3a|rpc:10.1.0.28:39331|priority:1, 222a2d59-0c3b-4266-bd4d-99b1e092dd5e|rpc:10.1.0.28:39863|priority:0, 9d0cec3a-c7ab-477f-afd5-18767d26e7c7|rpc:10.1.0.28:40049|priority:0] returns group-FF503EF0943D:java.util.concurrent.CompletableFuture@7f6f322[Not completed]
2021-12-22 08:24:24,074 [pool-672-thread-1] INFO  ratis.ContainerStateMachine (ContainerStateMachine.java:loadSnapshot(231)) - group-FF503EF0943D: The snapshot info is null. Setting the last applied indexto:(t:0, i:~)
2021-12-22 08:24:24,074 [pool-672-thread-1] INFO  server.RaftServerConfigKeys (ConfUtils.java:logGet(44)) - raft.server.notification.no-leader.timeout = 300s (custom)
2021-12-22 08:24:24,074 [pool-672-thread-1] INFO  server.RaftServerConfigKeys (ConfUtils.java:logGet(44)) - raft.server.log.use.memory = false (default)
2021-12-22 08:24:24,074 [pool-672-thread-1] INFO  server.RaftServerConfigKeys (ConfUtils.java:logGet(44)) - raft.server.log.purge.gap = 1000000 (custom)
2021-12-22 08:24:24,074 [pool-672-thread-1] INFO  server.RaftServerConfigKeys (ConfUtils.java:logGet(44)) - raft.server.log.appender.buffer.byte-limit = 33554432 (custom)
2021-12-22 08:24:24,074 [pool-672-thread-1] INFO  server.RaftServerConfigKeys (ConfUtils.java:logGet(44)) - raft.server.log.segment.size.max = 1048576 (custom)
2021-12-22 08:24:24,075 [pool-672-thread-1] INFO  server.RaftServerConfigKeys (ConfUtils.java:logGet(44)) - raft.server.log.segment.cache.num.max = 2 (custom)
2021-12-22 08:24:24,075 [pool-672-thread-1] INFO  server.RaftServerConfigKeys (ConfUtils.java:logGet(44)) - raft.server.log.segment.cache.size.max = 200MB (=209715200) (default)
2021-12-22 08:24:24,075 [pool-672-thread-1] INFO  segmented.SegmentedRaftLogWorker (SegmentedRaftLogWorker.java:<init>(182)) - new 9d0cec3a-c7ab-477f-afd5-18767d26e7c7@group-FF503EF0943D-SegmentedRaftLogWorker for RaftStorageImpl:Storage Directory /home/runner/work/ozone/ozone/hadoop-ozone/integration-test/target/test-dir/MiniOzoneClusterImpl-af7f7f34-8f38-4b2a-8d00-d35ccdfe1aa8/datanode-2/data/ratis/07d2b399-dd73-43de-a574-ff503ef0943d
2021-12-22 08:24:24,075 [pool-672-thread-1] INFO  server.RaftServerConfigKeys (ConfUtils.java:logGet(44)) - raft.server.log.queue.byte-limit = 2147483647 (custom)
2021-12-22 08:24:24,075 [pool-672-thread-1] INFO  server.RaftServerConfigKeys (ConfUtils.java:logGet(44)) - raft.server.log.queue.element-limit = 1024 (custom)
2021-12-22 08:24:24,075 [pool-672-thread-1] INFO  server.RaftServerConfigKeys (ConfUtils.java:logGet(44)) - raft.server.log.segment.size.max = 1048576 (custom)
2021-12-22 08:24:24,075 [pool-672-thread-1] INFO  server.RaftServerConfigKeys (ConfUtils.java:logGet(44)) - raft.server.log.preallocated.size = 16384 (custom)
2021-12-22 08:24:24,075 [pool-672-thread-1] INFO  server.RaftServerConfigKeys (ConfUtils.java:logGet(44)) - raft.server.log.force.sync.num = 128 (default)
2021-12-22 08:24:24,075 [pool-672-thread-1] INFO  server.RaftServerConfigKeys (ConfUtils.java:logGet(44)) - raft.server.log.statemachine.data.sync = true (default)
2021-12-22 08:24:24,075 [pool-672-thread-1] INFO  server.RaftServerConfigKeys (ConfUtils.java:logGet(44)) - raft.server.log.statemachine.data.sync.timeout = 10s (default)
2021-12-22 08:24:24,075 [pool-672-thread-1] INFO  server.RaftServerConfigKeys (ConfUtils.java:logGet(44)) - raft.server.log.statemachine.data.sync.timeout.retry = -1 (default)
2021-12-22 08:24:24,076 [pool-672-thread-1] INFO  server.RaftServerConfigKeys (ConfUtils.java:logGet(44)) - raft.server.log.write.buffer.size = 1048576 (custom)
2021-12-22 08:24:24,076 [pool-672-thread-1] INFO  server.RaftServerConfigKeys (ConfUtils.java:logGet(44)) - raft.server.log.statemachine.data.caching.enabled = true (custom)
2021-12-22 08:24:24,076 [pool-672-thread-1] INFO  segmented.SegmentedRaftLogWorker (SegmentedRaftLogWorker.java:lambda$new$0(133)) - 9d0cec3a-c7ab-477f-afd5-18767d26e7c7@group-FF503EF0943D-SegmentedRaftLogWorker: flushIndex: setUnconditionally 0 -> -1
2021-12-22 08:24:24,077 [pool-672-thread-1] INFO  segmented.SegmentedRaftLogWorker (SegmentedRaftLogWorker.java:lambda$new$0(133)) - 9d0cec3a-c7ab-477f-afd5-18767d26e7c7@group-FF503EF0943D-SegmentedRaftLogWorker: safeCacheEvictIndex: setUnconditionally 0 -> -1
2021-12-22 08:24:24,078 [pool-651-thread-1] INFO  server.RaftServer$Division (RaftServerImpl.java:<init>(184)) - 4afdff22-9491-4128-a30d-4aec80145f3a: new RaftServerImpl for group-FF503EF0943D:[4afdff22-9491-4128-a30d-4aec80145f3a|rpc:10.1.0.28:39331|priority:1, 222a2d59-0c3b-4266-bd4d-99b1e092dd5e|rpc:10.1.0.28:39863|priority:0, 9d0cec3a-c7ab-477f-afd5-18767d26e7c7|rpc:10.1.0.28:40049|priority:0] with ContainerStateMachine:uninitialized
2021-12-22 08:24:24,078 [pool-651-thread-1] INFO  server.RaftServerConfigKeys (ConfUtils.java:logGet(44)) - raft.server.rpc.timeout.min = 5s (custom)
2021-12-22 08:24:24,078 [pool-651-thread-1] INFO  server.RaftServerConfigKeys (ConfUtils.java:logGet(44)) - raft.server.rpc.timeout.max = 5200ms (custom)
2021-12-22 08:24:24,078 [pool-651-thread-1] INFO  server.RaftServerConfigKeys (ConfUtils.java:logGet(44)) - raft.server.rpc.sleep.time = 25ms (default)
2021-12-22 08:24:24,078 [pool-651-thread-1] INFO  server.RaftServerConfigKeys (ConfUtils.java:logGet(44)) - raft.server.rpc.slowness.timeout = 300s (custom)
2021-12-22 08:24:24,079 [pool-651-thread-1] INFO  server.RaftServerConfigKeys (ConfUtils.java:logGet(44)) - raft.server.leaderelection.leader.step-down.wait-time = 10s (default)
2021-12-22 08:24:24,079 [pool-651-thread-1] INFO  server.RaftServerConfigKeys (ConfUtils.java:logGet(44)) - raft.server.sleep.deviation.threshold = 300ms (default)
2021-12-22 08:24:24,079 [pool-651-thread-1] INFO  server.RaftServerConfigKeys (ConfUtils.java:logGet(44)) - raft.server.log.appender.install.snapshot.enabled = false (custom)
2021-12-22 08:24:24,079 [pool-651-thread-1] INFO  server.RaftServer$Division (ServerState.java:<init>(105)) - 4afdff22-9491-4128-a30d-4aec80145f3a@group-FF503EF0943D: ConfigurationManager, init=-1: [4afdff22-9491-4128-a30d-4aec80145f3a|rpc:10.1.0.28:39331|priority:1, 222a2d59-0c3b-4266-bd4d-99b1e092dd5e|rpc:10.1.0.28:39863|priority:0, 9d0cec3a-c7ab-477f-afd5-18767d26e7c7|rpc:10.1.0.28:40049|priority:0], old=null, confs=<EMPTY_MAP>
2021-12-22 08:24:24,079 [pool-651-thread-1] INFO  server.RaftServerConfigKeys (ConfUtils.java:logGet(44)) - raft.server.storage.dir = [/home/runner/work/ozone/ozone/hadoop-ozone/integration-test/target/test-dir/MiniOzoneClusterImpl-af7f7f34-8f38-4b2a-8d00-d35ccdfe1aa8/datanode-1/data/ratis] (custom)
2021-12-22 08:24:24,079 [pool-651-thread-1] INFO  server.RaftServerConfigKeys (ConfUtils.java:logGet(44)) - raft.server.log.corruption.policy = EXCEPTION (default)
2021-12-22 08:24:24,079 [pool-651-thread-1] INFO  server.RaftServerConfigKeys (ConfUtils.java:logGet(44)) - raft.server.storage.free-space.min = 0MB (=0) (default)
2021-12-22 08:24:24,079 [pool-651-thread-1] INFO  storage.RaftStorageDirectory (RaftStorageDirectoryImpl.java:analyzeStorage(135)) - The storage directory /home/runner/work/ozone/ozone/hadoop-ozone/integration-test/target/test-dir/MiniOzoneClusterImpl-af7f7f34-8f38-4b2a-8d00-d35ccdfe1aa8/datanode-1/data/ratis/07d2b399-dd73-43de-a574-ff503ef0943d does not exist. Creating ...
2021-12-22 08:24:24,084 [pool-651-thread-1] INFO  storage.RaftStorageDirectory (RaftStorageDirectoryImpl.java:tryLock(230)) - Lock on /home/runner/work/ozone/ozone/hadoop-ozone/integration-test/target/test-dir/MiniOzoneClusterImpl-af7f7f34-8f38-4b2a-8d00-d35ccdfe1aa8/datanode-1/data/ratis/07d2b399-dd73-43de-a574-ff503ef0943d/in_use.lock acquired by nodename 16871@fv-az270-32
2021-12-22 08:24:24,091 [pool-651-thread-1] INFO  storage.RaftStorage (RaftStorageImpl.java:format(89)) - Storage directory /home/runner/work/ozone/ozone/hadoop-ozone/integration-test/target/test-dir/MiniOzoneClusterImpl-af7f7f34-8f38-4b2a-8d00-d35ccdfe1aa8/datanode-1/data/ratis/07d2b399-dd73-43de-a574-ff503ef0943d has been successfully formatted.
2021-12-22 08:24:24,099 [pool-672-thread-1] INFO  server.RaftServerConfigKeys (ConfUtils.java:logGet(44)) - raft.server.snapshot.auto.trigger.enabled = true (custom)
2021-12-22 08:24:24,099 [pool-672-thread-1] INFO  server.RaftServerConfigKeys (ConfUtils.java:logGet(44)) - raft.server.snapshot.auto.trigger.threshold = 10000 (custom)
2021-12-22 08:24:24,099 [pool-672-thread-1] INFO  server.RaftServerConfigKeys (ConfUtils.java:logGet(44)) - raft.server.snapshot.retention.file.num = 5 (custom)
2021-12-22 08:24:24,099 [pool-672-thread-1] INFO  server.RaftServerConfigKeys (ConfUtils.java:logGet(44)) - raft.server.log.purge.upto.snapshot.index = false (default)
2021-12-22 08:24:24,099 [pool-672-thread-1] INFO  server.RaftServerConfigKeys (ConfUtils.java:logGet(44)) - raft.server.retrycache.expirytime = 600000ms (custom)
2021-12-22 08:24:24,099 [pool-672-thread-1] INFO  server.RaftServerConfigKeys (ConfUtils.java:logGet(44)) - raft.server.retrycache.statistics.expirytime = 100μs (default)
2021-12-22 08:24:24,101 [pool-672-thread-1] INFO  server.RaftServer$Division (RaftServerImpl.java:start(301)) - 9d0cec3a-c7ab-477f-afd5-18767d26e7c7@group-FF503EF0943D: start as a follower, conf=-1: [4afdff22-9491-4128-a30d-4aec80145f3a|rpc:10.1.0.28:39331|dataStream:|priority:1, 222a2d59-0c3b-4266-bd4d-99b1e092dd5e|rpc:10.1.0.28:39863|dataStream:|priority:0, 9d0cec3a-c7ab-477f-afd5-18767d26e7c7|rpc:10.1.0.28:40049|dataStream:|priority:0], old=null
2021-12-22 08:24:24,101 [pool-672-thread-1] INFO  server.RaftServer$Division (RaftServerImpl.java:setRole(290)) - 9d0cec3a-c7ab-477f-afd5-18767d26e7c7@group-FF503EF0943D: changes role from      null to FOLLOWER at term 0 for startAsFollower
2021-12-22 08:24:24,101 [pool-672-thread-1] INFO  impl.RoleInfo (RoleInfo.java:updateAndGet(130)) - 9d0cec3a-c7ab-477f-afd5-18767d26e7c7: start 9d0cec3a-c7ab-477f-afd5-18767d26e7c7@group-FF503EF0943D-FollowerState
2021-12-22 08:24:24,114 [pool-672-thread-1] INFO  util.JmxRegister (JmxRegister.java:tryRegister(44)) - Successfully registered JMX Bean with object name Ratis:service=RaftServer,group=group-FF503EF0943D,id=9d0cec3a-c7ab-477f-afd5-18767d26e7c7
2021-12-22 08:24:24,114 [pool-651-thread-1] INFO  ratis.ContainerStateMachine (ContainerStateMachine.java:loadSnapshot(231)) - group-FF503EF0943D: The snapshot info is null. Setting the last applied indexto:(t:0, i:~)
2021-12-22 08:24:24,122 [pool-651-thread-1] INFO  server.RaftServerConfigKeys (ConfUtils.java:logGet(44)) - raft.server.notification.no-leader.timeout = 300s (custom)
2021-12-22 08:24:24,122 [pool-651-thread-1] INFO  server.RaftServerConfigKeys (ConfUtils.java:logGet(44)) - raft.server.log.use.memory = false (default)
2021-12-22 08:24:24,122 [pool-651-thread-1] INFO  server.RaftServerConfigKeys (ConfUtils.java:logGet(44)) - raft.server.log.purge.gap = 1000000 (custom)
2021-12-22 08:24:24,122 [pool-651-thread-1] INFO  server.RaftServerConfigKeys (ConfUtils.java:logGet(44)) - raft.server.log.appender.buffer.byte-limit = 33554432 (custom)
2021-12-22 08:24:24,122 [pool-651-thread-1] INFO  server.RaftServerConfigKeys (ConfUtils.java:logGet(44)) - raft.server.log.segment.size.max = 1048576 (custom)
2021-12-22 08:24:24,122 [pool-651-thread-1] INFO  server.RaftServerConfigKeys (ConfUtils.java:logGet(44)) - raft.server.log.segment.cache.num.max = 2 (custom)
2021-12-22 08:24:24,122 [pool-651-thread-1] INFO  server.RaftServerConfigKeys (ConfUtils.java:logGet(44)) - raft.server.log.segment.cache.size.max = 200MB (=209715200) (default)
2021-12-22 08:24:24,122 [pool-651-thread-1] INFO  segmented.SegmentedRaftLogWorker (SegmentedRaftLogWorker.java:<init>(182)) - new 4afdff22-9491-4128-a30d-4aec80145f3a@group-FF503EF0943D-SegmentedRaftLogWorker for RaftStorageImpl:Storage Directory /home/runner/work/ozone/ozone/hadoop-ozone/integration-test/target/test-dir/MiniOzoneClusterImpl-af7f7f34-8f38-4b2a-8d00-d35ccdfe1aa8/datanode-1/data/ratis/07d2b399-dd73-43de-a574-ff503ef0943d
2021-12-22 08:24:24,123 [pool-651-thread-1] INFO  server.RaftServerConfigKeys (ConfUtils.java:logGet(44)) - raft.server.log.queue.byte-limit = 2147483647 (custom)
2021-12-22 08:24:24,123 [pool-651-thread-1] INFO  server.RaftServerConfigKeys (ConfUtils.java:logGet(44)) - raft.server.log.queue.element-limit = 1024 (custom)
2021-12-22 08:24:24,123 [pool-651-thread-1] INFO  server.RaftServerConfigKeys (ConfUtils.java:logGet(44)) - raft.server.log.segment.size.max = 1048576 (custom)
2021-12-22 08:24:24,123 [pool-651-thread-1] INFO  server.RaftServerConfigKeys (ConfUtils.java:logGet(44)) - raft.server.log.preallocated.size = 16384 (custom)
2021-12-22 08:24:24,123 [pool-651-thread-1] INFO  server.RaftServerConfigKeys (ConfUtils.java:logGet(44)) - raft.server.log.force.sync.num = 128 (default)
2021-12-22 08:24:24,123 [pool-651-thread-1] INFO  server.RaftServerConfigKeys (ConfUtils.java:logGet(44)) - raft.server.log.statemachine.data.sync = true (default)
2021-12-22 08:24:24,123 [pool-651-thread-1] INFO  server.RaftServerConfigKeys (ConfUtils.java:logGet(44)) - raft.server.log.statemachine.data.sync.timeout = 10s (default)
2021-12-22 08:24:24,123 [pool-651-thread-1] INFO  server.RaftServerConfigKeys (ConfUtils.java:logGet(44)) - raft.server.log.statemachine.data.sync.timeout.retry = -1 (default)
2021-12-22 08:24:24,124 [EventQueue-OpenPipelineForHealthyPipelineSafeModeRule] INFO  safemode.SCMSafeModeManager (HealthyPipelineSafeModeRule.java:process(124)) - SCM in safe mode. Healthy pipelines reported count is 0, required healthy pipeline reported count is 1
2021-12-22 08:24:24,143 [pool-651-thread-1] INFO  server.RaftServerConfigKeys (ConfUtils.java:logGet(44)) - raft.server.log.write.buffer.size = 1048576 (custom)
2021-12-22 08:24:24,143 [pool-651-thread-1] INFO  server.RaftServerConfigKeys (ConfUtils.java:logGet(44)) - raft.server.log.statemachine.data.caching.enabled = true (custom)
2021-12-22 08:24:24,144 [pool-651-thread-1] INFO  segmented.SegmentedRaftLogWorker (SegmentedRaftLogWorker.java:lambda$new$0(133)) - 4afdff22-9491-4128-a30d-4aec80145f3a@group-FF503EF0943D-SegmentedRaftLogWorker: flushIndex: setUnconditionally 0 -> -1
2021-12-22 08:24:24,144 [pool-651-thread-1] INFO  segmented.SegmentedRaftLogWorker (SegmentedRaftLogWorker.java:lambda$new$0(133)) - 4afdff22-9491-4128-a30d-4aec80145f3a@group-FF503EF0943D-SegmentedRaftLogWorker: safeCacheEvictIndex: setUnconditionally 0 -> -1
2021-12-22 08:24:24,210 [pool-651-thread-1] INFO  server.RaftServerConfigKeys (ConfUtils.java:logGet(44)) - raft.server.snapshot.auto.trigger.enabled = true (custom)
2021-12-22 08:24:24,210 [pool-651-thread-1] INFO  server.RaftServerConfigKeys (ConfUtils.java:logGet(44)) - raft.server.snapshot.auto.trigger.threshold = 10000 (custom)
2021-12-22 08:24:24,210 [pool-651-thread-1] INFO  server.RaftServerConfigKeys (ConfUtils.java:logGet(44)) - raft.server.snapshot.retention.file.num = 5 (custom)
2021-12-22 08:24:24,210 [pool-651-thread-1] INFO  server.RaftServerConfigKeys (ConfUtils.java:logGet(44)) - raft.server.log.purge.upto.snapshot.index = false (default)
2021-12-22 08:24:24,210 [pool-651-thread-1] INFO  server.RaftServerConfigKeys (ConfUtils.java:logGet(44)) - raft.server.retrycache.expirytime = 600000ms (custom)
2021-12-22 08:24:24,210 [pool-651-thread-1] INFO  server.RaftServerConfigKeys (ConfUtils.java:logGet(44)) - raft.server.retrycache.statistics.expirytime = 100μs (default)
2021-12-22 08:24:24,211 [pool-651-thread-1] INFO  server.RaftServer$Division (RaftServerImpl.java:start(301)) - 4afdff22-9491-4128-a30d-4aec80145f3a@group-FF503EF0943D: start as a follower, conf=-1: [4afdff22-9491-4128-a30d-4aec80145f3a|rpc:10.1.0.28:39331|priority:1, 222a2d59-0c3b-4266-bd4d-99b1e092dd5e|rpc:10.1.0.28:39863|priority:0, 9d0cec3a-c7ab-477f-afd5-18767d26e7c7|rpc:10.1.0.28:40049|priority:0], old=null
2021-12-22 08:24:24,211 [pool-651-thread-1] INFO  server.RaftServer$Division (RaftServerImpl.java:setRole(290)) - 4afdff22-9491-4128-a30d-4aec80145f3a@group-FF503EF0943D: changes role from      null to FOLLOWER at term 0 for startAsFollower
2021-12-22 08:24:24,212 [pool-651-thread-1] INFO  impl.RoleInfo (RoleInfo.java:updateAndGet(130)) - 4afdff22-9491-4128-a30d-4aec80145f3a: start 4afdff22-9491-4128-a30d-4aec80145f3a@group-FF503EF0943D-FollowerState
2021-12-22 08:24:24,233 [pool-651-thread-1] INFO  util.JmxRegister (JmxRegister.java:tryRegister(44)) - Successfully registered JMX Bean with object name Ratis:service=RaftServer,group=group-FF503EF0943D,id=4afdff22-9491-4128-a30d-4aec80145f3a
2021-12-22 08:24:24,234 [Command processor thread] INFO  ratis.XceiverServerRatis (XceiverServerRatis.java:addGroup(768)) - Created group PipelineID=07d2b399-dd73-43de-a574-ff503ef0943d
2021-12-22 08:24:24,445 [Command processor thread] INFO  commandhandler.CreatePipelineCommandHandler (CreatePipelineCommandHandler.java:handle(106)) - Created Pipeline RATIS THREE PipelineID=07d2b399-dd73-43de-a574-ff503ef0943d.
2021-12-22 08:24:24,477 [Command processor thread] INFO  commandhandler.CreatePipelineCommandHandler (CreatePipelineCommandHandler.java:handle(106)) - Created Pipeline RATIS THREE PipelineID=07d2b399-dd73-43de-a574-ff503ef0943d.
2021-12-22 08:24:24,488 [Listener at 127.0.0.1/34409] INFO  ozone.MiniOzoneClusterImpl (MiniOzoneClusterImpl.java:lambda$waitForClusterToBeReady$0(235)) - Nodes are ready. Got 3 of 3 DN Heartbeats.
2021-12-22 08:24:24,488 [Listener at 127.0.0.1/34409] INFO  ozone.MiniOzoneClusterImpl (MiniOzoneClusterImpl.java:lambda$waitForClusterToBeReady$0(238)) - Waiting for cluster to exit safe mode
2021-12-22 08:24:24,488 [Listener at 127.0.0.1/34409] INFO  ozone.MiniOzoneClusterImpl (MiniOzoneClusterImpl.java:lambda$waitForClusterToBeReady$0(240)) - SCM became leader
2021-12-22 08:24:24,511 [Command processor thread] INFO  server.RaftServer (RaftServerProxy.java:addNew(95)) - 9d0cec3a-c7ab-477f-afd5-18767d26e7c7: addNew group-CABA6161F376:[9d0cec3a-c7ab-477f-afd5-18767d26e7c7|rpc:10.1.0.28:40049|priority:1] returns group-CABA6161F376:java.util.concurrent.CompletableFuture@389e4d35[Not completed]
2021-12-22 08:24:24,512 [pool-672-thread-1] INFO  server.RaftServer$Division (RaftServerImpl.java:<init>(184)) - 9d0cec3a-c7ab-477f-afd5-18767d26e7c7: new RaftServerImpl for group-CABA6161F376:[9d0cec3a-c7ab-477f-afd5-18767d26e7c7|rpc:10.1.0.28:40049|priority:1] with ContainerStateMachine:uninitialized
2021-12-22 08:24:24,512 [pool-672-thread-1] INFO  server.RaftServerConfigKeys (ConfUtils.java:logGet(44)) - raft.server.rpc.timeout.min = 5s (custom)
2021-12-22 08:24:24,512 [pool-672-thread-1] INFO  server.RaftServerConfigKeys (ConfUtils.java:logGet(44)) - raft.server.rpc.timeout.max = 5200ms (custom)
2021-12-22 08:24:24,512 [pool-672-thread-1] INFO  server.RaftServerConfigKeys (ConfUtils.java:logGet(44)) - raft.server.rpc.sleep.time = 25ms (default)
2021-12-22 08:24:24,512 [pool-672-thread-1] INFO  server.RaftServerConfigKeys (ConfUtils.java:logGet(44)) - raft.server.rpc.slowness.timeout = 300s (custom)
2021-12-22 08:24:24,512 [pool-672-thread-1] INFO  server.RaftServerConfigKeys (ConfUtils.java:logGet(44)) - raft.server.leaderelection.leader.step-down.wait-time = 10s (default)
2021-12-22 08:24:24,512 [pool-672-thread-1] INFO  server.RaftServerConfigKeys (ConfUtils.java:logGet(44)) - raft.server.sleep.deviation.threshold = 300ms (default)
2021-12-22 08:24:24,512 [pool-672-thread-1] INFO  server.RaftServerConfigKeys (ConfUtils.java:logGet(44)) - raft.server.log.appender.install.snapshot.enabled = false (custom)
2021-12-22 08:24:24,512 [pool-672-thread-1] INFO  server.RaftServer$Division (ServerState.java:<init>(105)) - 9d0cec3a-c7ab-477f-afd5-18767d26e7c7@group-CABA6161F376: ConfigurationManager, init=-1: [9d0cec3a-c7ab-477f-afd5-18767d26e7c7|rpc:10.1.0.28:40049|priority:1], old=null, confs=<EMPTY_MAP>
2021-12-22 08:24:24,512 [pool-672-thread-1] INFO  server.RaftServerConfigKeys (ConfUtils.java:logGet(44)) - raft.server.storage.dir = [/home/runner/work/ozone/ozone/hadoop-ozone/integration-test/target/test-dir/MiniOzoneClusterImpl-af7f7f34-8f38-4b2a-8d00-d35ccdfe1aa8/datanode-2/data/ratis] (custom)
2021-12-22 08:24:24,512 [pool-672-thread-1] INFO  server.RaftServerConfigKeys (ConfUtils.java:logGet(44)) - raft.server.log.corruption.policy = EXCEPTION (default)
2021-12-22 08:24:24,512 [pool-672-thread-1] INFO  server.RaftServerConfigKeys (ConfUtils.java:logGet(44)) - raft.server.storage.free-space.min = 0MB (=0) (default)
2021-12-22 08:24:24,512 [pool-672-thread-1] INFO  storage.RaftStorageDirectory (RaftStorageDirectoryImpl.java:analyzeStorage(135)) - The storage directory /home/runner/work/ozone/ozone/hadoop-ozone/integration-test/target/test-dir/MiniOzoneClusterImpl-af7f7f34-8f38-4b2a-8d00-d35ccdfe1aa8/datanode-2/data/ratis/9d8c65c7-de40-4c5d-a3dd-caba6161f376 does not exist. Creating ...
2021-12-22 08:24:24,513 [pool-672-thread-1] INFO  storage.RaftStorageDirectory (RaftStorageDirectoryImpl.java:tryLock(230)) - Lock on /home/runner/work/ozone/ozone/hadoop-ozone/integration-test/target/test-dir/MiniOzoneClusterImpl-af7f7f34-8f38-4b2a-8d00-d35ccdfe1aa8/datanode-2/data/ratis/9d8c65c7-de40-4c5d-a3dd-caba6161f376/in_use.lock acquired by nodename 16871@fv-az270-32
2021-12-22 08:24:24,521 [pool-672-thread-1] INFO  storage.RaftStorage (RaftStorageImpl.java:format(89)) - Storage directory /home/runner/work/ozone/ozone/hadoop-ozone/integration-test/target/test-dir/MiniOzoneClusterImpl-af7f7f34-8f38-4b2a-8d00-d35ccdfe1aa8/datanode-2/data/ratis/9d8c65c7-de40-4c5d-a3dd-caba6161f376 has been successfully formatted.
2021-12-22 08:24:24,521 [pool-672-thread-1] INFO  ratis.ContainerStateMachine (ContainerStateMachine.java:loadSnapshot(231)) - group-CABA6161F376: The snapshot info is null. Setting the last applied indexto:(t:0, i:~)
2021-12-22 08:24:24,521 [pool-672-thread-1] INFO  server.RaftServerConfigKeys (ConfUtils.java:logGet(44)) - raft.server.notification.no-leader.timeout = 300s (custom)
2021-12-22 08:24:24,521 [pool-672-thread-1] INFO  server.RaftServerConfigKeys (ConfUtils.java:logGet(44)) - raft.server.log.use.memory = false (default)
2021-12-22 08:24:24,521 [pool-672-thread-1] INFO  server.RaftServerConfigKeys (ConfUtils.java:logGet(44)) - raft.server.log.purge.gap = 1000000 (custom)
2021-12-22 08:24:24,522 [pool-672-thread-1] INFO  server.RaftServerConfigKeys (ConfUtils.java:logGet(44)) - raft.server.log.appender.buffer.byte-limit = 33554432 (custom)
2021-12-22 08:24:24,524 [EventQueue-PipelineReportForPipelineReportHandler] INFO  pipeline.PipelineManagerImpl (PipelineManagerImpl.java:openPipeline(291)) - Pipeline Pipeline[ Id: 9d8c65c7-de40-4c5d-a3dd-caba6161f376, Nodes: 9d0cec3a-c7ab-477f-afd5-18767d26e7c7{ip: 10.1.0.28, host: fv-az270-32.tacnzluakwdehk1hpragurqkma.bx.internal.cloudapp.net, ports: [REPLICATION=46655, RATIS=40049, RATIS_ADMIN=40049, RATIS_SERVER=40049, STANDALONE=37667], networkLocation: /default-rack, certSerialId: null, persistedOpState: IN_SERVICE, persistedOpStateExpiryEpochSec: 0}, ReplicationConfig: RATIS/ONE, State:ALLOCATED, leaderId:9d0cec3a-c7ab-477f-afd5-18767d26e7c7, CreationTimestamp2021-12-22T08:24:21.533Z[Etc/UTC]] moved to OPEN state
2021-12-22 08:24:24,524 [EventQueue-OpenPipelineForHealthyPipelineSafeModeRule] INFO  safemode.SCMSafeModeManager (HealthyPipelineSafeModeRule.java:process(124)) - SCM in safe mode. Healthy pipelines reported count is 0, required healthy pipeline reported count is 1
2021-12-22 08:24:24,524 [pool-672-thread-1] INFO  server.RaftServerConfigKeys (ConfUtils.java:logGet(44)) - raft.server.log.segment.size.max = 1048576 (custom)
2021-12-22 08:24:24,550 [pool-672-thread-1] INFO  server.RaftServerConfigKeys (ConfUtils.java:logGet(44)) - raft.server.log.segment.cache.num.max = 2 (custom)
2021-12-22 08:24:24,550 [pool-672-thread-1] INFO  server.RaftServerConfigKeys (ConfUtils.java:logGet(44)) - raft.server.log.segment.cache.size.max = 200MB (=209715200) (default)
2021-12-22 08:24:24,550 [pool-672-thread-1] INFO  segmented.SegmentedRaftLogWorker (SegmentedRaftLogWorker.java:<init>(182)) - new 9d0cec3a-c7ab-477f-afd5-18767d26e7c7@group-CABA6161F376-SegmentedRaftLogWorker for RaftStorageImpl:Storage Directory /home/runner/work/ozone/ozone/hadoop-ozone/integration-test/target/test-dir/MiniOzoneClusterImpl-af7f7f34-8f38-4b2a-8d00-d35ccdfe1aa8/datanode-2/data/ratis/9d8c65c7-de40-4c5d-a3dd-caba6161f376
2021-12-22 08:24:24,550 [pool-672-thread-1] INFO  server.RaftServerConfigKeys (ConfUtils.java:logGet(44)) - raft.server.log.queue.byte-limit = 2147483647 (custom)
2021-12-22 08:24:24,550 [pool-672-thread-1] INFO  server.RaftServerConfigKeys (ConfUtils.java:logGet(44)) - raft.server.log.queue.element-limit = 1024 (custom)
2021-12-22 08:24:24,550 [pool-672-thread-1] INFO  server.RaftServerConfigKeys (ConfUtils.java:logGet(44)) - raft.server.log.segment.size.max = 1048576 (custom)
2021-12-22 08:24:24,550 [pool-672-thread-1] INFO  server.RaftServerConfigKeys (ConfUtils.java:logGet(44)) - raft.server.log.preallocated.size = 16384 (custom)
2021-12-22 08:24:24,550 [pool-672-thread-1] INFO  server.RaftServerConfigKeys (ConfUtils.java:logGet(44)) - raft.server.log.force.sync.num = 128 (default)
2021-12-22 08:24:24,550 [pool-672-thread-1] INFO  server.RaftServerConfigKeys (ConfUtils.java:logGet(44)) - raft.server.log.statemachine.data.sync = true (default)
2021-12-22 08:24:24,551 [pool-672-thread-1] INFO  server.RaftServerConfigKeys (ConfUtils.java:logGet(44)) - raft.server.log.statemachine.data.sync.timeout = 10s (default)
2021-12-22 08:24:24,551 [pool-672-thread-1] INFO  server.RaftServerConfigKeys (ConfUtils.java:logGet(44)) - raft.server.log.statemachine.data.sync.timeout.retry = -1 (default)
2021-12-22 08:24:24,552 [pool-672-thread-1] INFO  server.RaftServerConfigKeys (ConfUtils.java:logGet(44)) - raft.server.log.write.buffer.size = 1048576 (custom)
2021-12-22 08:24:24,552 [pool-672-thread-1] INFO  server.RaftServerConfigKeys (ConfUtils.java:logGet(44)) - raft.server.log.statemachine.data.caching.enabled = true (custom)
2021-12-22 08:24:24,552 [pool-672-thread-1] INFO  segmented.SegmentedRaftLogWorker (SegmentedRaftLogWorker.java:lambda$new$0(133)) - 9d0cec3a-c7ab-477f-afd5-18767d26e7c7@group-CABA6161F376-SegmentedRaftLogWorker: flushIndex: setUnconditionally 0 -> -1
2021-12-22 08:24:24,552 [pool-672-thread-1] INFO  segmented.SegmentedRaftLogWorker (SegmentedRaftLogWorker.java:lambda$new$0(133)) - 9d0cec3a-c7ab-477f-afd5-18767d26e7c7@group-CABA6161F376-SegmentedRaftLogWorker: safeCacheEvictIndex: setUnconditionally 0 -> -1
2021-12-22 08:24:24,556 [pool-672-thread-1] INFO  server.RaftServerConfigKeys (ConfUtils.java:logGet(44)) - raft.server.snapshot.auto.trigger.enabled = true (custom)
2021-12-22 08:24:24,556 [pool-672-thread-1] INFO  server.RaftServerConfigKeys (ConfUtils.java:logGet(44)) - raft.server.snapshot.auto.trigger.threshold = 10000 (custom)
2021-12-22 08:24:24,556 [pool-672-thread-1] INFO  server.RaftServerConfigKeys (ConfUtils.java:logGet(44)) - raft.server.snapshot.retention.file.num = 5 (custom)
2021-12-22 08:24:24,556 [pool-672-thread-1] INFO  server.RaftServerConfigKeys (ConfUtils.java:logGet(44)) - raft.server.log.purge.upto.snapshot.index = false (default)
2021-12-22 08:24:24,556 [pool-672-thread-1] INFO  server.RaftServerConfigKeys (ConfUtils.java:logGet(44)) - raft.server.retrycache.expirytime = 600000ms (custom)
2021-12-22 08:24:24,556 [pool-672-thread-1] INFO  server.RaftServerConfigKeys (ConfUtils.java:logGet(44)) - raft.server.retrycache.statistics.expirytime = 100μs (default)
2021-12-22 08:24:24,557 [pool-672-thread-1] INFO  server.RaftServer$Division (RaftServerImpl.java:start(301)) - 9d0cec3a-c7ab-477f-afd5-18767d26e7c7@group-CABA6161F376: start as a follower, conf=-1: [9d0cec3a-c7ab-477f-afd5-18767d26e7c7|rpc:10.1.0.28:40049|priority:1], old=null
2021-12-22 08:24:24,558 [pool-672-thread-1] INFO  server.RaftServer$Division (RaftServerImpl.java:setRole(290)) - 9d0cec3a-c7ab-477f-afd5-18767d26e7c7@group-CABA6161F376: changes role from      null to FOLLOWER at term 0 for startAsFollower
2021-12-22 08:24:24,558 [pool-672-thread-1] INFO  impl.RoleInfo (RoleInfo.java:updateAndGet(130)) - 9d0cec3a-c7ab-477f-afd5-18767d26e7c7: start 9d0cec3a-c7ab-477f-afd5-18767d26e7c7@group-CABA6161F376-FollowerState
2021-12-22 08:24:24,574 [pool-672-thread-1] INFO  util.JmxRegister (JmxRegister.java:tryRegister(44)) - Successfully registered JMX Bean with object name Ratis:service=RaftServer,group=group-CABA6161F376,id=9d0cec3a-c7ab-477f-afd5-18767d26e7c7
2021-12-22 08:24:24,575 [Command processor thread] INFO  ratis.XceiverServerRatis (XceiverServerRatis.java:addGroup(768)) - Created group PipelineID=9d8c65c7-de40-4c5d-a3dd-caba6161f376
2021-12-22 08:24:24,575 [Command processor thread] INFO  commandhandler.CreatePipelineCommandHandler (CreatePipelineCommandHandler.java:handle(106)) - Created Pipeline RATIS ONE PipelineID=9d8c65c7-de40-4c5d-a3dd-caba6161f376.
2021-12-22 08:24:25,488 [Listener at 127.0.0.1/34409] INFO  ozone.MiniOzoneClusterImpl (MiniOzoneClusterImpl.java:lambda$waitForClusterToBeReady$0(235)) - Nodes are ready. Got 3 of 3 DN Heartbeats.
2021-12-22 08:24:25,489 [Listener at 127.0.0.1/34409] INFO  ozone.MiniOzoneClusterImpl (MiniOzoneClusterImpl.java:lambda$waitForClusterToBeReady$0(238)) - Waiting for cluster to exit safe mode
2021-12-22 08:24:25,489 [Listener at 127.0.0.1/34409] INFO  ozone.MiniOzoneClusterImpl (MiniOzoneClusterImpl.java:lambda$waitForClusterToBeReady$0(240)) - SCM became leader
2021-12-22 08:24:26,489 [Listener at 127.0.0.1/34409] INFO  ozone.MiniOzoneClusterImpl (MiniOzoneClusterImpl.java:lambda$waitForClusterToBeReady$0(235)) - Nodes are ready. Got 3 of 3 DN Heartbeats.
2021-12-22 08:24:26,489 [Listener at 127.0.0.1/34409] INFO  ozone.MiniOzoneClusterImpl (MiniOzoneClusterImpl.java:lambda$waitForClusterToBeReady$0(238)) - Waiting for cluster to exit safe mode
2021-12-22 08:24:26,489 [Listener at 127.0.0.1/34409] INFO  ozone.MiniOzoneClusterImpl (MiniOzoneClusterImpl.java:lambda$waitForClusterToBeReady$0(240)) - SCM became leader
2021-12-22 08:24:27,490 [Listener at 127.0.0.1/34409] INFO  ozone.MiniOzoneClusterImpl (MiniOzoneClusterImpl.java:lambda$waitForClusterToBeReady$0(235)) - Nodes are ready. Got 3 of 3 DN Heartbeats.
2021-12-22 08:24:27,490 [Listener at 127.0.0.1/34409] INFO  ozone.MiniOzoneClusterImpl (MiniOzoneClusterImpl.java:lambda$waitForClusterToBeReady$0(238)) - Waiting for cluster to exit safe mode
2021-12-22 08:24:27,490 [Listener at 127.0.0.1/34409] INFO  ozone.MiniOzoneClusterImpl (MiniOzoneClusterImpl.java:lambda$waitForClusterToBeReady$0(240)) - SCM became leader
2021-12-22 08:24:28,426 [222a2d59-0c3b-4266-bd4d-99b1e092dd5e@group-5418FCFD540D-FollowerState] INFO  impl.FollowerState (FollowerState.java:run(134)) - 222a2d59-0c3b-4266-bd4d-99b1e092dd5e@group-5418FCFD540D-FollowerState: change to CANDIDATE, lastRpcElapsedTime:5112471954ns, electionTimeout:5084ms
2021-12-22 08:24:28,427 [222a2d59-0c3b-4266-bd4d-99b1e092dd5e@group-5418FCFD540D-FollowerState] INFO  impl.RoleInfo (RoleInfo.java:shutdownFollowerState(108)) - 222a2d59-0c3b-4266-bd4d-99b1e092dd5e: shutdown 222a2d59-0c3b-4266-bd4d-99b1e092dd5e@group-5418FCFD540D-FollowerState
2021-12-22 08:24:28,427 [222a2d59-0c3b-4266-bd4d-99b1e092dd5e@group-5418FCFD540D-FollowerState] INFO  server.RaftServer$Division (RaftServerImpl.java:setRole(290)) - 222a2d59-0c3b-4266-bd4d-99b1e092dd5e@group-5418FCFD540D: changes role from  FOLLOWER to CANDIDATE at term 0 for changeToCandidate
2021-12-22 08:24:28,427 [222a2d59-0c3b-4266-bd4d-99b1e092dd5e@group-5418FCFD540D-FollowerState] INFO  server.RaftServerConfigKeys (ConfUtils.java:logGet(44)) - raft.server.leaderelection.pre-vote = false (custom)
2021-12-22 08:24:28,427 [222a2d59-0c3b-4266-bd4d-99b1e092dd5e@group-5418FCFD540D-FollowerState] INFO  impl.RoleInfo (RoleInfo.java:updateAndGet(130)) - 222a2d59-0c3b-4266-bd4d-99b1e092dd5e: start 222a2d59-0c3b-4266-bd4d-99b1e092dd5e@group-5418FCFD540D-LeaderElection46
2021-12-22 08:24:28,483 [222a2d59-0c3b-4266-bd4d-99b1e092dd5e@group-1B7DDA13E1C7-FollowerState] INFO  impl.FollowerState (FollowerState.java:run(134)) - 222a2d59-0c3b-4266-bd4d-99b1e092dd5e@group-1B7DDA13E1C7-FollowerState: change to CANDIDATE, lastRpcElapsedTime:5239534866ns, electionTimeout:5185ms
2021-12-22 08:24:28,483 [222a2d59-0c3b-4266-bd4d-99b1e092dd5e@group-1B7DDA13E1C7-FollowerState] INFO  impl.RoleInfo (RoleInfo.java:shutdownFollowerState(108)) - 222a2d59-0c3b-4266-bd4d-99b1e092dd5e: shutdown 222a2d59-0c3b-4266-bd4d-99b1e092dd5e@group-1B7DDA13E1C7-FollowerState
2021-12-22 08:24:28,483 [222a2d59-0c3b-4266-bd4d-99b1e092dd5e@group-1B7DDA13E1C7-FollowerState] INFO  server.RaftServer$Division (RaftServerImpl.java:setRole(290)) - 222a2d59-0c3b-4266-bd4d-99b1e092dd5e@group-1B7DDA13E1C7: changes role from  FOLLOWER to CANDIDATE at term 0 for changeToCandidate
2021-12-22 08:24:28,483 [222a2d59-0c3b-4266-bd4d-99b1e092dd5e@group-1B7DDA13E1C7-FollowerState] INFO  server.RaftServerConfigKeys (ConfUtils.java:logGet(44)) - raft.server.leaderelection.pre-vote = false (custom)
2021-12-22 08:24:28,483 [222a2d59-0c3b-4266-bd4d-99b1e092dd5e@group-1B7DDA13E1C7-FollowerState] INFO  impl.RoleInfo (RoleInfo.java:updateAndGet(130)) - 222a2d59-0c3b-4266-bd4d-99b1e092dd5e: start 222a2d59-0c3b-4266-bd4d-99b1e092dd5e@group-1B7DDA13E1C7-LeaderElection47
2021-12-22 08:24:28,491 [Listener at 127.0.0.1/34409] INFO  ozone.MiniOzoneClusterImpl (MiniOzoneClusterImpl.java:lambda$waitForClusterToBeReady$0(235)) - Nodes are ready. Got 3 of 3 DN Heartbeats.
2021-12-22 08:24:28,491 [Listener at 127.0.0.1/34409] INFO  ozone.MiniOzoneClusterImpl (MiniOzoneClusterImpl.java:lambda$waitForClusterToBeReady$0(238)) - Waiting for cluster to exit safe mode
2021-12-22 08:24:28,491 [Listener at 127.0.0.1/34409] INFO  ozone.MiniOzoneClusterImpl (MiniOzoneClusterImpl.java:lambda$waitForClusterToBeReady$0(240)) - SCM became leader
2021-12-22 08:24:28,507 [222a2d59-0c3b-4266-bd4d-99b1e092dd5e@group-5418FCFD540D-LeaderElection46] INFO  impl.LeaderElection (LeaderElection.java:askForVotes(306)) - 222a2d59-0c3b-4266-bd4d-99b1e092dd5e@group-5418FCFD540D-LeaderElection46 ELECTION round 0: submit vote requests at term 1 for -1: [4afdff22-9491-4128-a30d-4aec80145f3a|rpc:10.1.0.28:39331|priority:0, 222a2d59-0c3b-4266-bd4d-99b1e092dd5e|rpc:10.1.0.28:39863|priority:0, 9d0cec3a-c7ab-477f-afd5-18767d26e7c7|rpc:10.1.0.28:40049|priority:1], old=null
2021-12-22 08:24:28,534 [grpc-default-executor-1] INFO  server.RaftServer$Division (RaftServerImpl.java:requestVote(1046)) - 4afdff22-9491-4128-a30d-4aec80145f3a@group-5418FCFD540D: receive requestVote(ELECTION, 222a2d59-0c3b-4266-bd4d-99b1e092dd5e, group-5418FCFD540D, 1, (t:0, i:0))
2021-12-22 08:24:28,534 [grpc-default-executor-1] INFO  impl.VoteContext (VoteContext.java:log(48)) - 4afdff22-9491-4128-a30d-4aec80145f3a@group-5418FCFD540D-FOLLOWER: accept ELECTION from 222a2d59-0c3b-4266-bd4d-99b1e092dd5e: our priority 0 <= candidate's priority 0
2021-12-22 08:24:28,534 [grpc-default-executor-1] INFO  server.RaftServer$Division (RaftServerImpl.java:setRole(290)) - 4afdff22-9491-4128-a30d-4aec80145f3a@group-5418FCFD540D: changes role from  FOLLOWER to FOLLOWER at term 1 for candidate:222a2d59-0c3b-4266-bd4d-99b1e092dd5e
2021-12-22 08:24:28,534 [grpc-default-executor-1] INFO  impl.RoleInfo (RoleInfo.java:shutdownFollowerState(108)) - 4afdff22-9491-4128-a30d-4aec80145f3a: shutdown 4afdff22-9491-4128-a30d-4aec80145f3a@group-5418FCFD540D-FollowerState
2021-12-22 08:24:28,535 [grpc-default-executor-1] INFO  impl.RoleInfo (RoleInfo.java:updateAndGet(130)) - 4afdff22-9491-4128-a30d-4aec80145f3a: start 4afdff22-9491-4128-a30d-4aec80145f3a@group-5418FCFD540D-FollowerState
2021-12-22 08:24:28,535 [4afdff22-9491-4128-a30d-4aec80145f3a@group-5418FCFD540D-FollowerState] INFO  impl.FollowerState (FollowerState.java:run(143)) - 4afdff22-9491-4128-a30d-4aec80145f3a@group-5418FCFD540D-FollowerState was interrupted: {}
java.lang.InterruptedException: sleep interrupted
	at java.lang.Thread.sleep(Native Method)
	at java.lang.Thread.sleep(Thread.java:340)
	at java.util.concurrent.TimeUnit.sleep(TimeUnit.java:386)
	at org.apache.ratis.util.TimeDuration.sleep(TimeDuration.java:324)
	at org.apache.ratis.util.TimeDuration.sleep(TimeDuration.java:309)
	at org.apache.ratis.server.impl.FollowerState.run(FollowerState.java:118)
2021-12-22 08:24:28,539 [grpc-default-executor-1] INFO  server.RaftServer$Division (RaftServerImpl.java:requestVote(1078)) - 4afdff22-9491-4128-a30d-4aec80145f3a@group-5418FCFD540D replies to ELECTION vote request: 222a2d59-0c3b-4266-bd4d-99b1e092dd5e<-4afdff22-9491-4128-a30d-4aec80145f3a#0:OK-t1. Peer's state: 4afdff22-9491-4128-a30d-4aec80145f3a@group-5418FCFD540D:t1, leader=null, voted=222a2d59-0c3b-4266-bd4d-99b1e092dd5e, raftlog=4afdff22-9491-4128-a30d-4aec80145f3a@group-5418FCFD540D-SegmentedRaftLog:OPENED:c-1, conf=-1: [4afdff22-9491-4128-a30d-4aec80145f3a|rpc:10.1.0.28:39331|dataStream:|priority:0, 222a2d59-0c3b-4266-bd4d-99b1e092dd5e|rpc:10.1.0.28:39863|dataStream:|priority:0, 9d0cec3a-c7ab-477f-afd5-18767d26e7c7|rpc:10.1.0.28:40049|dataStream:|priority:1], old=null
2021-12-22 08:24:28,557 [222a2d59-0c3b-4266-bd4d-99b1e092dd5e@group-1B7DDA13E1C7-LeaderElection47] INFO  impl.LeaderElection (LeaderElection.java:askForVotes(306)) - 222a2d59-0c3b-4266-bd4d-99b1e092dd5e@group-1B7DDA13E1C7-LeaderElection47 ELECTION round 0: submit vote requests at term 1 for -1: [222a2d59-0c3b-4266-bd4d-99b1e092dd5e|rpc:10.1.0.28:39863|priority:1], old=null
2021-12-22 08:24:28,558 [222a2d59-0c3b-4266-bd4d-99b1e092dd5e@group-1B7DDA13E1C7-LeaderElection47] INFO  impl.LeaderElection (LeaderElection.java:askForVotes(308)) - 222a2d59-0c3b-4266-bd4d-99b1e092dd5e@group-1B7DDA13E1C7-LeaderElection47 ELECTION round 0: result PASSED (term=1)
2021-12-22 08:24:28,558 [222a2d59-0c3b-4266-bd4d-99b1e092dd5e@group-1B7DDA13E1C7-LeaderElection47] INFO  impl.RoleInfo (RoleInfo.java:shutdownLeaderElection(121)) - 222a2d59-0c3b-4266-bd4d-99b1e092dd5e: shutdown 222a2d59-0c3b-4266-bd4d-99b1e092dd5e@group-1B7DDA13E1C7-LeaderElection47
2021-12-22 08:24:28,558 [222a2d59-0c3b-4266-bd4d-99b1e092dd5e@group-1B7DDA13E1C7-LeaderElection47] INFO  server.RaftServer$Division (RaftServerImpl.java:setRole(290)) - 222a2d59-0c3b-4266-bd4d-99b1e092dd5e@group-1B7DDA13E1C7: changes role from CANDIDATE to LEADER at term 1 for changeToLeader
2021-12-22 08:24:28,558 [222a2d59-0c3b-4266-bd4d-99b1e092dd5e@group-1B7DDA13E1C7-LeaderElection47] INFO  ratis.XceiverServerRatis (XceiverServerRatis.java:handleLeaderChangedNotification(866)) - Leader change notification received for group: group-1B7DDA13E1C7 with new leaderId: 222a2d59-0c3b-4266-bd4d-99b1e092dd5e
2021-12-22 08:24:28,558 [222a2d59-0c3b-4266-bd4d-99b1e092dd5e@group-1B7DDA13E1C7-LeaderElection47] INFO  server.RaftServer$Division (ServerState.java:setLeader(285)) - 222a2d59-0c3b-4266-bd4d-99b1e092dd5e@group-1B7DDA13E1C7: change Leader from null to 222a2d59-0c3b-4266-bd4d-99b1e092dd5e at term 1 for becomeLeader, leader elected after 5369ms
2021-12-22 08:24:28,558 [222a2d59-0c3b-4266-bd4d-99b1e092dd5e@group-1B7DDA13E1C7-LeaderElection47] INFO  server.RaftServerConfigKeys (ConfUtils.java:logGet(44)) - raft.server.staging.catchup.gap = 1000 (default)
2021-12-22 08:24:28,558 [222a2d59-0c3b-4266-bd4d-99b1e092dd5e@group-1B7DDA13E1C7-LeaderElection47] INFO  server.RaftServerConfigKeys (ConfUtils.java:logGet(44)) - raft.server.write.element-limit = 1024 (custom)
2021-12-22 08:24:28,558 [222a2d59-0c3b-4266-bd4d-99b1e092dd5e@group-1B7DDA13E1C7-LeaderElection47] INFO  server.RaftServerConfigKeys (ConfUtils.java:logGet(44)) - raft.server.write.byte-limit = 1024 M (=1073741824) (custom)
2021-12-22 08:24:28,559 [222a2d59-0c3b-4266-bd4d-99b1e092dd5e@group-1B7DDA13E1C7-LeaderElection47] INFO  server.RaftServerConfigKeys (ConfUtils.java:logGet(44)) - raft.server.watch.timeout = 180s (custom)
2021-12-22 08:24:28,559 [222a2d59-0c3b-4266-bd4d-99b1e092dd5e@group-1B7DDA13E1C7-LeaderElection47] INFO  server.RaftServerConfigKeys (ConfUtils.java:logGet(44)) - raft.server.watch.timeout.denomination = 1s (default)
2021-12-22 08:24:28,559 [222a2d59-0c3b-4266-bd4d-99b1e092dd5e@group-1B7DDA13E1C7-LeaderElection47] INFO  server.RaftServerConfigKeys (ConfUtils.java:logGet(44)) - raft.server.watch.element-limit = 65536 (default)
2021-12-22 08:24:28,559 [222a2d59-0c3b-4266-bd4d-99b1e092dd5e@group-1B7DDA13E1C7-LeaderElection47] INFO  server.RaftServerConfigKeys (ConfUtils.java:logGet(44)) - raft.server.write.element-limit = 1024 (custom)
2021-12-22 08:24:28,559 [222a2d59-0c3b-4266-bd4d-99b1e092dd5e@group-1B7DDA13E1C7-LeaderElection47] INFO  server.RaftServerConfigKeys (ConfUtils.java:logGet(44)) - raft.server.write.follower.gap.ratio.max = -1.0 (default)
2021-12-22 08:24:28,559 [222a2d59-0c3b-4266-bd4d-99b1e092dd5e@group-1B7DDA13E1C7-LeaderElection47] INFO  impl.RoleInfo (RoleInfo.java:updateAndGet(130)) - 222a2d59-0c3b-4266-bd4d-99b1e092dd5e: start 222a2d59-0c3b-4266-bd4d-99b1e092dd5e@group-1B7DDA13E1C7-LeaderStateImpl
2021-12-22 08:24:28,559 [222a2d59-0c3b-4266-bd4d-99b1e092dd5e@group-1B7DDA13E1C7-LeaderElection47] INFO  segmented.SegmentedRaftLogWorker (SegmentedRaftLogWorker.java:startLogSegment(394)) - 222a2d59-0c3b-4266-bd4d-99b1e092dd5e@group-1B7DDA13E1C7-SegmentedRaftLogWorker: Starting segment from index:0
2021-12-22 08:24:28,561 [EventQueue-OpenPipelineForHealthyPipelineSafeModeRule] INFO  safemode.SCMSafeModeManager (HealthyPipelineSafeModeRule.java:process(124)) - SCM in safe mode. Healthy pipelines reported count is 0, required healthy pipeline reported count is 1
2021-12-22 08:24:28,564 [222a2d59-0c3b-4266-bd4d-99b1e092dd5e@group-1B7DDA13E1C7-SegmentedRaftLogWorker] INFO  segmented.SegmentedRaftLogWorker (SegmentedRaftLogWorker.java:execute(601)) - 222a2d59-0c3b-4266-bd4d-99b1e092dd5e@group-1B7DDA13E1C7-SegmentedRaftLogWorker: created new log segment /home/runner/work/ozone/ozone/hadoop-ozone/integration-test/target/test-dir/MiniOzoneClusterImpl-af7f7f34-8f38-4b2a-8d00-d35ccdfe1aa8/datanode-0/data/ratis/893f0fe1-9d0a-4f69-bb3d-1b7dda13e1c7/current/log_inprogress_0
2021-12-22 08:24:28,607 [grpc-default-executor-1] INFO  server.RaftServer$Division (RaftServerImpl.java:requestVote(1046)) - 9d0cec3a-c7ab-477f-afd5-18767d26e7c7@group-5418FCFD540D: receive requestVote(ELECTION, 222a2d59-0c3b-4266-bd4d-99b1e092dd5e, group-5418FCFD540D, 1, (t:0, i:0))
2021-12-22 08:24:28,607 [grpc-default-executor-1] INFO  impl.VoteContext (VoteContext.java:log(48)) - 9d0cec3a-c7ab-477f-afd5-18767d26e7c7@group-5418FCFD540D-FOLLOWER: reject ELECTION from 222a2d59-0c3b-4266-bd4d-99b1e092dd5e: our priority 1 > candidate's priority 0
2021-12-22 08:24:28,607 [grpc-default-executor-1] INFO  server.RaftServer$Division (RaftServerImpl.java:setRole(290)) - 9d0cec3a-c7ab-477f-afd5-18767d26e7c7@group-5418FCFD540D: changes role from  FOLLOWER to FOLLOWER at term 1 for candidate:222a2d59-0c3b-4266-bd4d-99b1e092dd5e
2021-12-22 08:24:28,607 [grpc-default-executor-1] INFO  impl.RoleInfo (RoleInfo.java:shutdownFollowerState(108)) - 9d0cec3a-c7ab-477f-afd5-18767d26e7c7: shutdown 9d0cec3a-c7ab-477f-afd5-18767d26e7c7@group-5418FCFD540D-FollowerState
2021-12-22 08:24:28,607 [grpc-default-executor-1] INFO  impl.RoleInfo (RoleInfo.java:updateAndGet(130)) - 9d0cec3a-c7ab-477f-afd5-18767d26e7c7: start 9d0cec3a-c7ab-477f-afd5-18767d26e7c7@group-5418FCFD540D-FollowerState
2021-12-22 08:24:28,607 [9d0cec3a-c7ab-477f-afd5-18767d26e7c7@group-5418FCFD540D-FollowerState] INFO  impl.FollowerState (FollowerState.java:run(143)) - 9d0cec3a-c7ab-477f-afd5-18767d26e7c7@group-5418FCFD540D-FollowerState was interrupted: {}
java.lang.InterruptedException: sleep interrupted
	at java.lang.Thread.sleep(Native Method)
	at java.lang.Thread.sleep(Thread.java:340)
	at java.util.concurrent.TimeUnit.sleep(TimeUnit.java:386)
	at org.apache.ratis.util.TimeDuration.sleep(TimeDuration.java:324)
	at org.apache.ratis.util.TimeDuration.sleep(TimeDuration.java:309)
	at org.apache.ratis.server.impl.FollowerState.run(FollowerState.java:118)
2021-12-22 08:24:28,628 [grpc-default-executor-1] INFO  server.RaftServer$Division (RaftServerImpl.java:requestVote(1078)) - 9d0cec3a-c7ab-477f-afd5-18767d26e7c7@group-5418FCFD540D replies to ELECTION vote request: 222a2d59-0c3b-4266-bd4d-99b1e092dd5e<-9d0cec3a-c7ab-477f-afd5-18767d26e7c7#0:FAIL-t1. Peer's state: 9d0cec3a-c7ab-477f-afd5-18767d26e7c7@group-5418FCFD540D:t1, leader=null, voted=null, raftlog=9d0cec3a-c7ab-477f-afd5-18767d26e7c7@group-5418FCFD540D-SegmentedRaftLog:OPENED:c-1, conf=-1: [4afdff22-9491-4128-a30d-4aec80145f3a|rpc:10.1.0.28:39331|dataStream:|priority:0, 222a2d59-0c3b-4266-bd4d-99b1e092dd5e|rpc:10.1.0.28:39863|dataStream:|priority:0, 9d0cec3a-c7ab-477f-afd5-18767d26e7c7|rpc:10.1.0.28:40049|dataStream:|priority:1], old=null
2021-12-22 08:24:28,644 [222a2d59-0c3b-4266-bd4d-99b1e092dd5e@group-1B7DDA13E1C7-LeaderElection47] INFO  server.RaftServer$Division (ServerState.java:setRaftConf(387)) - 222a2d59-0c3b-4266-bd4d-99b1e092dd5e@group-1B7DDA13E1C7: set configuration 0: [222a2d59-0c3b-4266-bd4d-99b1e092dd5e|rpc:10.1.0.28:39863|dataStream:|priority:1], old=null
2021-12-22 08:24:28,674 [222a2d59-0c3b-4266-bd4d-99b1e092dd5e@group-5418FCFD540D-LeaderElection46] INFO  impl.LeaderElection (LeaderElection.java:logAndReturn(89)) - 222a2d59-0c3b-4266-bd4d-99b1e092dd5e@group-5418FCFD540D-LeaderElection46: ELECTION REJECTED received 2 response(s) and 0 exception(s):
2021-12-22 08:24:28,678 [222a2d59-0c3b-4266-bd4d-99b1e092dd5e@group-5418FCFD540D-LeaderElection46] INFO  impl.LeaderElection (LeaderElection.java:logAndReturn(93)) -   Response 0: 222a2d59-0c3b-4266-bd4d-99b1e092dd5e<-4afdff22-9491-4128-a30d-4aec80145f3a#0:OK-t1
2021-12-22 08:24:28,678 [222a2d59-0c3b-4266-bd4d-99b1e092dd5e@group-5418FCFD540D-LeaderElection46] INFO  impl.LeaderElection (LeaderElection.java:logAndReturn(93)) -   Response 1: 222a2d59-0c3b-4266-bd4d-99b1e092dd5e<-9d0cec3a-c7ab-477f-afd5-18767d26e7c7#0:FAIL-t1
2021-12-22 08:24:28,678 [222a2d59-0c3b-4266-bd4d-99b1e092dd5e@group-5418FCFD540D-LeaderElection46] INFO  impl.LeaderElection (LeaderElection.java:askForVotes(308)) - 222a2d59-0c3b-4266-bd4d-99b1e092dd5e@group-5418FCFD540D-LeaderElection46 ELECTION round 0: result REJECTED
2021-12-22 08:24:28,693 [222a2d59-0c3b-4266-bd4d-99b1e092dd5e@group-5418FCFD540D-LeaderElection46] INFO  server.RaftServer$Division (RaftServerImpl.java:setRole(290)) - 222a2d59-0c3b-4266-bd4d-99b1e092dd5e@group-5418FCFD540D: changes role from CANDIDATE to FOLLOWER at term 1 for REJECTED
2021-12-22 08:24:28,693 [222a2d59-0c3b-4266-bd4d-99b1e092dd5e@group-5418FCFD540D-LeaderElection46] INFO  impl.RoleInfo (RoleInfo.java:shutdownLeaderElection(121)) - 222a2d59-0c3b-4266-bd4d-99b1e092dd5e: shutdown 222a2d59-0c3b-4266-bd4d-99b1e092dd5e@group-5418FCFD540D-LeaderElection46
2021-12-22 08:24:28,693 [222a2d59-0c3b-4266-bd4d-99b1e092dd5e@group-5418FCFD540D-LeaderElection46] INFO  impl.RoleInfo (RoleInfo.java:updateAndGet(130)) - 222a2d59-0c3b-4266-bd4d-99b1e092dd5e: start 222a2d59-0c3b-4266-bd4d-99b1e092dd5e@group-5418FCFD540D-FollowerState
2021-12-22 08:24:29,084 [222a2d59-0c3b-4266-bd4d-99b1e092dd5e@group-FF503EF0943D-FollowerState] INFO  impl.FollowerState (FollowerState.java:run(134)) - 222a2d59-0c3b-4266-bd4d-99b1e092dd5e@group-FF503EF0943D-FollowerState: change to CANDIDATE, lastRpcElapsedTime:5122551236ns, electionTimeout:5118ms
2021-12-22 08:24:29,085 [222a2d59-0c3b-4266-bd4d-99b1e092dd5e@group-FF503EF0943D-FollowerState] INFO  impl.RoleInfo (RoleInfo.java:shutdownFollowerState(108)) - 222a2d59-0c3b-4266-bd4d-99b1e092dd5e: shutdown 222a2d59-0c3b-4266-bd4d-99b1e092dd5e@group-FF503EF0943D-FollowerState
2021-12-22 08:24:29,085 [222a2d59-0c3b-4266-bd4d-99b1e092dd5e@group-FF503EF0943D-FollowerState] INFO  server.RaftServer$Division (RaftServerImpl.java:setRole(290)) - 222a2d59-0c3b-4266-bd4d-99b1e092dd5e@group-FF503EF0943D: changes role from  FOLLOWER to CANDIDATE at term 0 for changeToCandidate
2021-12-22 08:24:29,085 [222a2d59-0c3b-4266-bd4d-99b1e092dd5e@group-FF503EF0943D-FollowerState] INFO  server.RaftServerConfigKeys (ConfUtils.java:logGet(44)) - raft.server.leaderelection.pre-vote = false (custom)
2021-12-22 08:24:29,085 [222a2d59-0c3b-4266-bd4d-99b1e092dd5e@group-FF503EF0943D-FollowerState] INFO  impl.RoleInfo (RoleInfo.java:updateAndGet(130)) - 222a2d59-0c3b-4266-bd4d-99b1e092dd5e: start 222a2d59-0c3b-4266-bd4d-99b1e092dd5e@group-FF503EF0943D-LeaderElection48
2021-12-22 08:24:29,128 [4afdff22-9491-4128-a30d-4aec80145f3a@group-145919CC805C-FollowerState] INFO  impl.FollowerState (FollowerState.java:run(134)) - 4afdff22-9491-4128-a30d-4aec80145f3a@group-145919CC805C-FollowerState: change to CANDIDATE, lastRpcElapsedTime:5080677940ns, electionTimeout:5044ms
2021-12-22 08:24:29,128 [4afdff22-9491-4128-a30d-4aec80145f3a@group-145919CC805C-FollowerState] INFO  impl.RoleInfo (RoleInfo.java:shutdownFollowerState(108)) - 4afdff22-9491-4128-a30d-4aec80145f3a: shutdown 4afdff22-9491-4128-a30d-4aec80145f3a@group-145919CC805C-FollowerState
2021-12-22 08:24:29,128 [4afdff22-9491-4128-a30d-4aec80145f3a@group-145919CC805C-FollowerState] INFO  server.RaftServer$Division (RaftServerImpl.java:setRole(290)) - 4afdff22-9491-4128-a30d-4aec80145f3a@group-145919CC805C: changes role from  FOLLOWER to CANDIDATE at term 0 for changeToCandidate
2021-12-22 08:24:29,128 [4afdff22-9491-4128-a30d-4aec80145f3a@group-145919CC805C-FollowerState] INFO  server.RaftServerConfigKeys (ConfUtils.java:logGet(44)) - raft.server.leaderelection.pre-vote = false (custom)
2021-12-22 08:24:29,128 [4afdff22-9491-4128-a30d-4aec80145f3a@group-145919CC805C-FollowerState] INFO  impl.RoleInfo (RoleInfo.java:updateAndGet(130)) - 4afdff22-9491-4128-a30d-4aec80145f3a: start 4afdff22-9491-4128-a30d-4aec80145f3a@group-145919CC805C-LeaderElection49
2021-12-22 08:24:29,148 [222a2d59-0c3b-4266-bd4d-99b1e092dd5e@group-FF503EF0943D-LeaderElection48] INFO  impl.LeaderElection (LeaderElection.java:askForVotes(306)) - 222a2d59-0c3b-4266-bd4d-99b1e092dd5e@group-FF503EF0943D-LeaderElection48 ELECTION round 0: submit vote requests at term 1 for -1: [4afdff22-9491-4128-a30d-4aec80145f3a|rpc:10.1.0.28:39331|priority:1, 222a2d59-0c3b-4266-bd4d-99b1e092dd5e|rpc:10.1.0.28:39863|priority:0, 9d0cec3a-c7ab-477f-afd5-18767d26e7c7|rpc:10.1.0.28:40049|priority:0], old=null
2021-12-22 08:24:29,167 [grpc-default-executor-1] INFO  server.RaftServer$Division (RaftServerImpl.java:requestVote(1046)) - 4afdff22-9491-4128-a30d-4aec80145f3a@group-FF503EF0943D: receive requestVote(ELECTION, 222a2d59-0c3b-4266-bd4d-99b1e092dd5e, group-FF503EF0943D, 1, (t:0, i:0))
2021-12-22 08:24:29,167 [grpc-default-executor-1] INFO  impl.VoteContext (VoteContext.java:log(48)) - 4afdff22-9491-4128-a30d-4aec80145f3a@group-FF503EF0943D-FOLLOWER: reject ELECTION from 222a2d59-0c3b-4266-bd4d-99b1e092dd5e: our priority 1 > candidate's priority 0
2021-12-22 08:24:29,167 [grpc-default-executor-1] INFO  server.RaftServer$Division (RaftServerImpl.java:setRole(290)) - 4afdff22-9491-4128-a30d-4aec80145f3a@group-FF503EF0943D: changes role from  FOLLOWER to FOLLOWER at term 1 for candidate:222a2d59-0c3b-4266-bd4d-99b1e092dd5e
2021-12-22 08:24:29,167 [grpc-default-executor-1] INFO  impl.RoleInfo (RoleInfo.java:shutdownFollowerState(108)) - 4afdff22-9491-4128-a30d-4aec80145f3a: shutdown 4afdff22-9491-4128-a30d-4aec80145f3a@group-FF503EF0943D-FollowerState
2021-12-22 08:24:29,167 [grpc-default-executor-1] INFO  impl.RoleInfo (RoleInfo.java:updateAndGet(130)) - 4afdff22-9491-4128-a30d-4aec80145f3a: start 4afdff22-9491-4128-a30d-4aec80145f3a@group-FF503EF0943D-FollowerState
2021-12-22 08:24:29,167 [4afdff22-9491-4128-a30d-4aec80145f3a@group-FF503EF0943D-FollowerState] INFO  impl.FollowerState (FollowerState.java:run(143)) - 4afdff22-9491-4128-a30d-4aec80145f3a@group-FF503EF0943D-FollowerState was interrupted: {}
java.lang.InterruptedException: sleep interrupted
	at java.lang.Thread.sleep(Native Method)
	at java.lang.Thread.sleep(Thread.java:340)
	at java.util.concurrent.TimeUnit.sleep(TimeUnit.java:386)
	at org.apache.ratis.util.TimeDuration.sleep(TimeDuration.java:324)
	at org.apache.ratis.util.TimeDuration.sleep(TimeDuration.java:309)
	at org.apache.ratis.server.impl.FollowerState.run(FollowerState.java:118)
2021-12-22 08:24:29,179 [grpc-default-executor-1] INFO  server.RaftServer$Division (RaftServerImpl.java:requestVote(1078)) - 4afdff22-9491-4128-a30d-4aec80145f3a@group-FF503EF0943D replies to ELECTION vote request: 222a2d59-0c3b-4266-bd4d-99b1e092dd5e<-4afdff22-9491-4128-a30d-4aec80145f3a#0:FAIL-t1. Peer's state: 4afdff22-9491-4128-a30d-4aec80145f3a@group-FF503EF0943D:t1, leader=null, voted=null, raftlog=4afdff22-9491-4128-a30d-4aec80145f3a@group-FF503EF0943D-SegmentedRaftLog:OPENED:c-1, conf=-1: [4afdff22-9491-4128-a30d-4aec80145f3a|rpc:10.1.0.28:39331|priority:1, 222a2d59-0c3b-4266-bd4d-99b1e092dd5e|rpc:10.1.0.28:39863|priority:0, 9d0cec3a-c7ab-477f-afd5-18767d26e7c7|rpc:10.1.0.28:40049|priority:0], old=null
2021-12-22 08:24:29,180 [222a2d59-0c3b-4266-bd4d-99b1e092dd5e@group-FF503EF0943D-LeaderElection48] INFO  impl.LeaderElection (LeaderElection.java:logAndReturn(89)) - 222a2d59-0c3b-4266-bd4d-99b1e092dd5e@group-FF503EF0943D-LeaderElection48: ELECTION REJECTED received 1 response(s) and 0 exception(s):
2021-12-22 08:24:29,180 [222a2d59-0c3b-4266-bd4d-99b1e092dd5e@group-FF503EF0943D-LeaderElection48] INFO  impl.LeaderElection (LeaderElection.java:logAndReturn(93)) -   Response 0: 222a2d59-0c3b-4266-bd4d-99b1e092dd5e<-4afdff22-9491-4128-a30d-4aec80145f3a#0:FAIL-t1
2021-12-22 08:24:29,180 [222a2d59-0c3b-4266-bd4d-99b1e092dd5e@group-FF503EF0943D-LeaderElection48] INFO  impl.LeaderElection (LeaderElection.java:askForVotes(308)) - 222a2d59-0c3b-4266-bd4d-99b1e092dd5e@group-FF503EF0943D-LeaderElection48 ELECTION round 0: result REJECTED
2021-12-22 08:24:29,180 [222a2d59-0c3b-4266-bd4d-99b1e092dd5e@group-FF503EF0943D-LeaderElection48] INFO  server.RaftServer$Division (RaftServerImpl.java:setRole(290)) - 222a2d59-0c3b-4266-bd4d-99b1e092dd5e@group-FF503EF0943D: changes role from CANDIDATE to FOLLOWER at term 1 for REJECTED
2021-12-22 08:24:29,180 [222a2d59-0c3b-4266-bd4d-99b1e092dd5e@group-FF503EF0943D-LeaderElection48] INFO  impl.RoleInfo (RoleInfo.java:shutdownLeaderElection(121)) - 222a2d59-0c3b-4266-bd4d-99b1e092dd5e: shutdown 222a2d59-0c3b-4266-bd4d-99b1e092dd5e@group-FF503EF0943D-LeaderElection48
2021-12-22 08:24:29,180 [222a2d59-0c3b-4266-bd4d-99b1e092dd5e@group-FF503EF0943D-LeaderElection48] INFO  impl.RoleInfo (RoleInfo.java:updateAndGet(130)) - 222a2d59-0c3b-4266-bd4d-99b1e092dd5e: start 222a2d59-0c3b-4266-bd4d-99b1e092dd5e@group-FF503EF0943D-FollowerState
2021-12-22 08:24:29,184 [9d0cec3a-c7ab-477f-afd5-18767d26e7c7@group-FF503EF0943D-FollowerState] INFO  impl.FollowerState (FollowerState.java:run(134)) - 9d0cec3a-c7ab-477f-afd5-18767d26e7c7@group-FF503EF0943D-FollowerState: change to CANDIDATE, lastRpcElapsedTime:5082922081ns, electionTimeout:5069ms
2021-12-22 08:24:29,195 [9d0cec3a-c7ab-477f-afd5-18767d26e7c7@group-FF503EF0943D-FollowerState] INFO  impl.RoleInfo (RoleInfo.java:shutdownFollowerState(108)) - 9d0cec3a-c7ab-477f-afd5-18767d26e7c7: shutdown 9d0cec3a-c7ab-477f-afd5-18767d26e7c7@group-FF503EF0943D-FollowerState
2021-12-22 08:24:29,195 [9d0cec3a-c7ab-477f-afd5-18767d26e7c7@group-FF503EF0943D-FollowerState] INFO  server.RaftServer$Division (RaftServerImpl.java:setRole(290)) - 9d0cec3a-c7ab-477f-afd5-18767d26e7c7@group-FF503EF0943D: changes role from  FOLLOWER to CANDIDATE at term 0 for changeToCandidate
2021-12-22 08:24:29,195 [9d0cec3a-c7ab-477f-afd5-18767d26e7c7@group-FF503EF0943D-FollowerState] INFO  server.RaftServerConfigKeys (ConfUtils.java:logGet(44)) - raft.server.leaderelection.pre-vote = false (custom)
2021-12-22 08:24:29,195 [9d0cec3a-c7ab-477f-afd5-18767d26e7c7@group-FF503EF0943D-FollowerState] INFO  impl.RoleInfo (RoleInfo.java:updateAndGet(130)) - 9d0cec3a-c7ab-477f-afd5-18767d26e7c7: start 9d0cec3a-c7ab-477f-afd5-18767d26e7c7@group-FF503EF0943D-LeaderElection50
2021-12-22 08:24:29,258 [4afdff22-9491-4128-a30d-4aec80145f3a@group-145919CC805C-LeaderElection49] INFO  impl.LeaderElection (LeaderElection.java:askForVotes(306)) - 4afdff22-9491-4128-a30d-4aec80145f3a@group-145919CC805C-LeaderElection49 ELECTION round 0: submit vote requests at term 1 for -1: [4afdff22-9491-4128-a30d-4aec80145f3a|rpc:10.1.0.28:39331|priority:1], old=null
2021-12-22 08:24:29,258 [4afdff22-9491-4128-a30d-4aec80145f3a@group-145919CC805C-LeaderElection49] INFO  impl.LeaderElection (LeaderElection.java:askForVotes(308)) - 4afdff22-9491-4128-a30d-4aec80145f3a@group-145919CC805C-LeaderElection49 ELECTION round 0: result PASSED (term=1)
2021-12-22 08:24:29,258 [4afdff22-9491-4128-a30d-4aec80145f3a@group-145919CC805C-LeaderElection49] INFO  impl.RoleInfo (RoleInfo.java:shutdownLeaderElection(121)) - 4afdff22-9491-4128-a30d-4aec80145f3a: shutdown 4afdff22-9491-4128-a30d-4aec80145f3a@group-145919CC805C-LeaderElection49
2021-12-22 08:24:29,258 [4afdff22-9491-4128-a30d-4aec80145f3a@group-145919CC805C-LeaderElection49] INFO  server.RaftServer$Division (RaftServerImpl.java:setRole(290)) - 4afdff22-9491-4128-a30d-4aec80145f3a@group-145919CC805C: changes role from CANDIDATE to LEADER at term 1 for changeToLeader
2021-12-22 08:24:29,258 [4afdff22-9491-4128-a30d-4aec80145f3a@group-145919CC805C-LeaderElection49] INFO  ratis.XceiverServerRatis (XceiverServerRatis.java:handleLeaderChangedNotification(866)) - Leader change notification received for group: group-145919CC805C with new leaderId: 4afdff22-9491-4128-a30d-4aec80145f3a
2021-12-22 08:24:29,258 [4afdff22-9491-4128-a30d-4aec80145f3a@group-145919CC805C-LeaderElection49] INFO  server.RaftServer$Division (ServerState.java:setLeader(285)) - 4afdff22-9491-4128-a30d-4aec80145f3a@group-145919CC805C: change Leader from null to 4afdff22-9491-4128-a30d-4aec80145f3a at term 1 for becomeLeader, leader elected after 5272ms
2021-12-22 08:24:29,258 [4afdff22-9491-4128-a30d-4aec80145f3a@group-145919CC805C-LeaderElection49] INFO  server.RaftServerConfigKeys (ConfUtils.java:logGet(44)) - raft.server.staging.catchup.gap = 1000 (default)
2021-12-22 08:24:29,259 [4afdff22-9491-4128-a30d-4aec80145f3a@group-145919CC805C-LeaderElection49] INFO  server.RaftServerConfigKeys (ConfUtils.java:logGet(44)) - raft.server.write.element-limit = 1024 (custom)
2021-12-22 08:24:29,259 [4afdff22-9491-4128-a30d-4aec80145f3a@group-145919CC805C-LeaderElection49] INFO  server.RaftServerConfigKeys (ConfUtils.java:logGet(44)) - raft.server.write.byte-limit = 1024 M (=1073741824) (custom)
2021-12-22 08:24:29,259 [4afdff22-9491-4128-a30d-4aec80145f3a@group-145919CC805C-LeaderElection49] INFO  server.RaftServerConfigKeys (ConfUtils.java:logGet(44)) - raft.server.watch.timeout = 180s (custom)
2021-12-22 08:24:29,259 [4afdff22-9491-4128-a30d-4aec80145f3a@group-145919CC805C-LeaderElection49] INFO  server.RaftServerConfigKeys (ConfUtils.java:logGet(44)) - raft.server.watch.timeout.denomination = 1s (default)
2021-12-22 08:24:29,259 [4afdff22-9491-4128-a30d-4aec80145f3a@group-145919CC805C-LeaderElection49] INFO  server.RaftServerConfigKeys (ConfUtils.java:logGet(44)) - raft.server.watch.element-limit = 65536 (default)
2021-12-22 08:24:29,259 [4afdff22-9491-4128-a30d-4aec80145f3a@group-145919CC805C-LeaderElection49] INFO  server.RaftServerConfigKeys (ConfUtils.java:logGet(44)) - raft.server.write.element-limit = 1024 (custom)
2021-12-22 08:24:29,259 [4afdff22-9491-4128-a30d-4aec80145f3a@group-145919CC805C-LeaderElection49] INFO  server.RaftServerConfigKeys (ConfUtils.java:logGet(44)) - raft.server.write.follower.gap.ratio.max = -1.0 (default)
2021-12-22 08:24:29,260 [4afdff22-9491-4128-a30d-4aec80145f3a@group-145919CC805C-LeaderElection49] INFO  impl.RoleInfo (RoleInfo.java:updateAndGet(130)) - 4afdff22-9491-4128-a30d-4aec80145f3a: start 4afdff22-9491-4128-a30d-4aec80145f3a@group-145919CC805C-LeaderStateImpl
2021-12-22 08:24:29,260 [4afdff22-9491-4128-a30d-4aec80145f3a@group-145919CC805C-LeaderElection49] INFO  segmented.SegmentedRaftLogWorker (SegmentedRaftLogWorker.java:startLogSegment(394)) - 4afdff22-9491-4128-a30d-4aec80145f3a@group-145919CC805C-SegmentedRaftLogWorker: Starting segment from index:0
2021-12-22 08:24:29,262 [EventQueue-OpenPipelineForHealthyPipelineSafeModeRule] INFO  safemode.SCMSafeModeManager (HealthyPipelineSafeModeRule.java:process(124)) - SCM in safe mode. Healthy pipelines reported count is 0, required healthy pipeline reported count is 1
2021-12-22 08:24:29,263 [9d0cec3a-c7ab-477f-afd5-18767d26e7c7@group-FF503EF0943D-LeaderElection50] INFO  impl.LeaderElection (LeaderElection.java:askForVotes(306)) - 9d0cec3a-c7ab-477f-afd5-18767d26e7c7@group-FF503EF0943D-LeaderElection50 ELECTION round 0: submit vote requests at term 1 for -1: [4afdff22-9491-4128-a30d-4aec80145f3a|rpc:10.1.0.28:39331|dataStream:|priority:1, 222a2d59-0c3b-4266-bd4d-99b1e092dd5e|rpc:10.1.0.28:39863|dataStream:|priority:0, 9d0cec3a-c7ab-477f-afd5-18767d26e7c7|rpc:10.1.0.28:40049|dataStream:|priority:0], old=null
2021-12-22 08:24:29,264 [4afdff22-9491-4128-a30d-4aec80145f3a@group-145919CC805C-SegmentedRaftLogWorker] INFO  segmented.SegmentedRaftLogWorker (SegmentedRaftLogWorker.java:execute(601)) - 4afdff22-9491-4128-a30d-4aec80145f3a@group-145919CC805C-SegmentedRaftLogWorker: created new log segment /home/runner/work/ozone/ozone/hadoop-ozone/integration-test/target/test-dir/MiniOzoneClusterImpl-af7f7f34-8f38-4b2a-8d00-d35ccdfe1aa8/datanode-1/data/ratis/85c84f61-75e6-4ad2-a111-145919cc805c/current/log_inprogress_0
2021-12-22 08:24:29,265 [grpc-default-executor-1] INFO  server.RaftServer$Division (RaftServerImpl.java:requestVote(1046)) - 9d0cec3a-c7ab-477f-afd5-18767d26e7c7@group-FF503EF0943D: receive requestVote(ELECTION, 222a2d59-0c3b-4266-bd4d-99b1e092dd5e, group-FF503EF0943D, 1, (t:0, i:0))
2021-12-22 08:24:29,279 [grpc-default-executor-1] INFO  impl.VoteContext (VoteContext.java:log(48)) - 9d0cec3a-c7ab-477f-afd5-18767d26e7c7@group-FF503EF0943D-CANDIDATE: reject ELECTION from 222a2d59-0c3b-4266-bd4d-99b1e092dd5e: already has voted for 9d0cec3a-c7ab-477f-afd5-18767d26e7c7 at current term 1
2021-12-22 08:24:29,279 [grpc-default-executor-1] INFO  server.RaftServer$Division (RaftServerImpl.java:requestVote(1078)) - 9d0cec3a-c7ab-477f-afd5-18767d26e7c7@group-FF503EF0943D replies to ELECTION vote request: 222a2d59-0c3b-4266-bd4d-99b1e092dd5e<-9d0cec3a-c7ab-477f-afd5-18767d26e7c7#0:FAIL-t1. Peer's state: 9d0cec3a-c7ab-477f-afd5-18767d26e7c7@group-FF503EF0943D:t1, leader=null, voted=9d0cec3a-c7ab-477f-afd5-18767d26e7c7, raftlog=9d0cec3a-c7ab-477f-afd5-18767d26e7c7@group-FF503EF0943D-SegmentedRaftLog:OPENED:c-1, conf=-1: [4afdff22-9491-4128-a30d-4aec80145f3a|rpc:10.1.0.28:39331|dataStream:|priority:1, 222a2d59-0c3b-4266-bd4d-99b1e092dd5e|rpc:10.1.0.28:39863|dataStream:|priority:0, 9d0cec3a-c7ab-477f-afd5-18767d26e7c7|rpc:10.1.0.28:40049|dataStream:|priority:0], old=null
2021-12-22 08:24:29,274 [4afdff22-9491-4128-a30d-4aec80145f3a@group-145919CC805C-LeaderElection49] INFO  server.RaftServer$Division (ServerState.java:setRaftConf(387)) - 4afdff22-9491-4128-a30d-4aec80145f3a@group-145919CC805C: set configuration 0: [4afdff22-9491-4128-a30d-4aec80145f3a|rpc:10.1.0.28:39331|dataStream:|priority:1], old=null
2021-12-22 08:24:29,378 [grpc-default-executor-1] INFO  server.RaftServer$Division (RaftServerImpl.java:requestVote(1046)) - 222a2d59-0c3b-4266-bd4d-99b1e092dd5e@group-FF503EF0943D: receive requestVote(ELECTION, 9d0cec3a-c7ab-477f-afd5-18767d26e7c7, group-FF503EF0943D, 1, (t:0, i:0))
2021-12-22 08:24:29,387 [grpc-default-executor-1] INFO  impl.VoteContext (VoteContext.java:log(48)) - 222a2d59-0c3b-4266-bd4d-99b1e092dd5e@group-FF503EF0943D-FOLLOWER: reject ELECTION from 9d0cec3a-c7ab-477f-afd5-18767d26e7c7: already has voted for 222a2d59-0c3b-4266-bd4d-99b1e092dd5e at current term 1
2021-12-22 08:24:29,387 [grpc-default-executor-1] INFO  server.RaftServer$Division (RaftServerImpl.java:requestVote(1078)) - 222a2d59-0c3b-4266-bd4d-99b1e092dd5e@group-FF503EF0943D replies to ELECTION vote request: 9d0cec3a-c7ab-477f-afd5-18767d26e7c7<-222a2d59-0c3b-4266-bd4d-99b1e092dd5e#0:FAIL-t1. Peer's state: 222a2d59-0c3b-4266-bd4d-99b1e092dd5e@group-FF503EF0943D:t1, leader=null, voted=222a2d59-0c3b-4266-bd4d-99b1e092dd5e, raftlog=222a2d59-0c3b-4266-bd4d-99b1e092dd5e@group-FF503EF0943D-SegmentedRaftLog:OPENED:c-1, conf=-1: [4afdff22-9491-4128-a30d-4aec80145f3a|rpc:10.1.0.28:39331|priority:1, 222a2d59-0c3b-4266-bd4d-99b1e092dd5e|rpc:10.1.0.28:39863|priority:0, 9d0cec3a-c7ab-477f-afd5-18767d26e7c7|rpc:10.1.0.28:40049|priority:0], old=null
2021-12-22 08:24:29,401 [grpc-default-executor-1] INFO  server.RaftServer$Division (RaftServerImpl.java:requestVote(1046)) - 4afdff22-9491-4128-a30d-4aec80145f3a@group-FF503EF0943D: receive requestVote(ELECTION, 9d0cec3a-c7ab-477f-afd5-18767d26e7c7, group-FF503EF0943D, 1, (t:0, i:0))
2021-12-22 08:24:29,401 [grpc-default-executor-1] INFO  impl.VoteContext (VoteContext.java:log(48)) - 4afdff22-9491-4128-a30d-4aec80145f3a@group-FF503EF0943D-FOLLOWER: reject ELECTION from 9d0cec3a-c7ab-477f-afd5-18767d26e7c7: our priority 1 > candidate's priority 0
2021-12-22 08:24:29,401 [grpc-default-executor-1] INFO  server.RaftServer$Division (RaftServerImpl.java:setRole(290)) - 4afdff22-9491-4128-a30d-4aec80145f3a@group-FF503EF0943D: changes role from  FOLLOWER to FOLLOWER at term 1 for candidate:9d0cec3a-c7ab-477f-afd5-18767d26e7c7
2021-12-22 08:24:29,401 [grpc-default-executor-1] INFO  impl.RoleInfo (RoleInfo.java:shutdownFollowerState(108)) - 4afdff22-9491-4128-a30d-4aec80145f3a: shutdown 4afdff22-9491-4128-a30d-4aec80145f3a@group-FF503EF0943D-FollowerState
2021-12-22 08:24:29,401 [grpc-default-executor-1] INFO  impl.RoleInfo (RoleInfo.java:updateAndGet(130)) - 4afdff22-9491-4128-a30d-4aec80145f3a: start 4afdff22-9491-4128-a30d-4aec80145f3a@group-FF503EF0943D-FollowerState
2021-12-22 08:24:29,401 [4afdff22-9491-4128-a30d-4aec80145f3a@group-FF503EF0943D-FollowerState] INFO  impl.FollowerState (FollowerState.java:run(143)) - 4afdff22-9491-4128-a30d-4aec80145f3a@group-FF503EF0943D-FollowerState was interrupted: {}
java.lang.InterruptedException: sleep interrupted
	at java.lang.Thread.sleep(Native Method)
	at java.lang.Thread.sleep(Thread.java:340)
	at java.util.concurrent.TimeUnit.sleep(TimeUnit.java:386)
	at org.apache.ratis.util.TimeDuration.sleep(TimeDuration.java:324)
	at org.apache.ratis.util.TimeDuration.sleep(TimeDuration.java:309)
	at org.apache.ratis.server.impl.FollowerState.run(FollowerState.java:118)
2021-12-22 08:24:29,411 [grpc-default-executor-1] INFO  server.RaftServer$Division (RaftServerImpl.java:requestVote(1078)) - 4afdff22-9491-4128-a30d-4aec80145f3a@group-FF503EF0943D replies to ELECTION vote request: 9d0cec3a-c7ab-477f-afd5-18767d26e7c7<-4afdff22-9491-4128-a30d-4aec80145f3a#0:FAIL-t1. Peer's state: 4afdff22-9491-4128-a30d-4aec80145f3a@group-FF503EF0943D:t1, leader=null, voted=null, raftlog=4afdff22-9491-4128-a30d-4aec80145f3a@group-FF503EF0943D-SegmentedRaftLog:OPENED:c-1, conf=-1: [4afdff22-9491-4128-a30d-4aec80145f3a|rpc:10.1.0.28:39331|priority:1, 222a2d59-0c3b-4266-bd4d-99b1e092dd5e|rpc:10.1.0.28:39863|priority:0, 9d0cec3a-c7ab-477f-afd5-18767d26e7c7|rpc:10.1.0.28:40049|priority:0], old=null
2021-12-22 08:24:29,469 [9d0cec3a-c7ab-477f-afd5-18767d26e7c7@group-FF503EF0943D-LeaderElection50] INFO  impl.LeaderElection (LeaderElection.java:logAndReturn(89)) - 9d0cec3a-c7ab-477f-afd5-18767d26e7c7@group-FF503EF0943D-LeaderElection50: ELECTION REJECTED received 2 response(s) and 0 exception(s):
2021-12-22 08:24:29,469 [9d0cec3a-c7ab-477f-afd5-18767d26e7c7@group-FF503EF0943D-LeaderElection50] INFO  impl.LeaderElection (LeaderElection.java:logAndReturn(93)) -   Response 0: 9d0cec3a-c7ab-477f-afd5-18767d26e7c7<-4afdff22-9491-4128-a30d-4aec80145f3a#0:FAIL-t1
2021-12-22 08:24:29,469 [9d0cec3a-c7ab-477f-afd5-18767d26e7c7@group-FF503EF0943D-LeaderElection50] INFO  impl.LeaderElection (LeaderElection.java:logAndReturn(93)) -   Response 1: 9d0cec3a-c7ab-477f-afd5-18767d26e7c7<-222a2d59-0c3b-4266-bd4d-99b1e092dd5e#0:FAIL-t1
2021-12-22 08:24:29,469 [9d0cec3a-c7ab-477f-afd5-18767d26e7c7@group-FF503EF0943D-LeaderElection50] INFO  impl.LeaderElection (LeaderElection.java:askForVotes(308)) - 9d0cec3a-c7ab-477f-afd5-18767d26e7c7@group-FF503EF0943D-LeaderElection50 ELECTION round 0: result REJECTED
2021-12-22 08:24:29,469 [9d0cec3a-c7ab-477f-afd5-18767d26e7c7@group-FF503EF0943D-LeaderElection50] INFO  server.RaftServer$Division (RaftServerImpl.java:setRole(290)) - 9d0cec3a-c7ab-477f-afd5-18767d26e7c7@group-FF503EF0943D: changes role from CANDIDATE to FOLLOWER at term 1 for REJECTED
2021-12-22 08:24:29,469 [9d0cec3a-c7ab-477f-afd5-18767d26e7c7@group-FF503EF0943D-LeaderElection50] INFO  impl.RoleInfo (RoleInfo.java:shutdownLeaderElection(121)) - 9d0cec3a-c7ab-477f-afd5-18767d26e7c7: shutdown 9d0cec3a-c7ab-477f-afd5-18767d26e7c7@group-FF503EF0943D-LeaderElection50
2021-12-22 08:24:29,469 [9d0cec3a-c7ab-477f-afd5-18767d26e7c7@group-FF503EF0943D-LeaderElection50] INFO  impl.RoleInfo (RoleInfo.java:updateAndGet(130)) - 9d0cec3a-c7ab-477f-afd5-18767d26e7c7: start 9d0cec3a-c7ab-477f-afd5-18767d26e7c7@group-FF503EF0943D-FollowerState
2021-12-22 08:24:29,491 [Listener at 127.0.0.1/34409] INFO  ozone.MiniOzoneClusterImpl (MiniOzoneClusterImpl.java:lambda$waitForClusterToBeReady$0(235)) - Nodes are ready. Got 3 of 3 DN Heartbeats.
2021-12-22 08:24:29,498 [Listener at 127.0.0.1/34409] INFO  ozone.MiniOzoneClusterImpl (MiniOzoneClusterImpl.java:lambda$waitForClusterToBeReady$0(238)) - Waiting for cluster to exit safe mode
2021-12-22 08:24:29,498 [Listener at 127.0.0.1/34409] INFO  ozone.MiniOzoneClusterImpl (MiniOzoneClusterImpl.java:lambda$waitForClusterToBeReady$0(240)) - SCM became leader
2021-12-22 08:24:29,611 [9d0cec3a-c7ab-477f-afd5-18767d26e7c7@group-CABA6161F376-FollowerState] INFO  impl.FollowerState (FollowerState.java:run(134)) - 9d0cec3a-c7ab-477f-afd5-18767d26e7c7@group-CABA6161F376-FollowerState: change to CANDIDATE, lastRpcElapsedTime:5053607419ns, electionTimeout:5036ms
2021-12-22 08:24:29,612 [9d0cec3a-c7ab-477f-afd5-18767d26e7c7@group-CABA6161F376-FollowerState] INFO  impl.RoleInfo (RoleInfo.java:shutdownFollowerState(108)) - 9d0cec3a-c7ab-477f-afd5-18767d26e7c7: shutdown 9d0cec3a-c7ab-477f-afd5-18767d26e7c7@group-CABA6161F376-FollowerState
2021-12-22 08:24:29,612 [9d0cec3a-c7ab-477f-afd5-18767d26e7c7@group-CABA6161F376-FollowerState] INFO  server.RaftServer$Division (RaftServerImpl.java:setRole(290)) - 9d0cec3a-c7ab-477f-afd5-18767d26e7c7@group-CABA6161F376: changes role from  FOLLOWER to CANDIDATE at term 0 for changeToCandidate
2021-12-22 08:24:29,612 [9d0cec3a-c7ab-477f-afd5-18767d26e7c7@group-CABA6161F376-FollowerState] INFO  server.RaftServerConfigKeys (ConfUtils.java:logGet(44)) - raft.server.leaderelection.pre-vote = false (custom)
2021-12-22 08:24:29,612 [9d0cec3a-c7ab-477f-afd5-18767d26e7c7@group-CABA6161F376-FollowerState] INFO  impl.RoleInfo (RoleInfo.java:updateAndGet(130)) - 9d0cec3a-c7ab-477f-afd5-18767d26e7c7: start 9d0cec3a-c7ab-477f-afd5-18767d26e7c7@group-CABA6161F376-LeaderElection51
2021-12-22 08:24:29,646 [9d0cec3a-c7ab-477f-afd5-18767d26e7c7@group-CABA6161F376-LeaderElection51] INFO  impl.LeaderElection (LeaderElection.java:askForVotes(306)) - 9d0cec3a-c7ab-477f-afd5-18767d26e7c7@group-CABA6161F376-LeaderElection51 ELECTION round 0: submit vote requests at term 1 for -1: [9d0cec3a-c7ab-477f-afd5-18767d26e7c7|rpc:10.1.0.28:40049|priority:1], old=null
2021-12-22 08:24:29,646 [9d0cec3a-c7ab-477f-afd5-18767d26e7c7@group-CABA6161F376-LeaderElection51] INFO  impl.LeaderElection (LeaderElection.java:askForVotes(308)) - 9d0cec3a-c7ab-477f-afd5-18767d26e7c7@group-CABA6161F376-LeaderElection51 ELECTION round 0: result PASSED (term=1)
2021-12-22 08:24:29,646 [9d0cec3a-c7ab-477f-afd5-18767d26e7c7@group-CABA6161F376-LeaderElection51] INFO  impl.RoleInfo (RoleInfo.java:shutdownLeaderElection(121)) - 9d0cec3a-c7ab-477f-afd5-18767d26e7c7: shutdown 9d0cec3a-c7ab-477f-afd5-18767d26e7c7@group-CABA6161F376-LeaderElection51
2021-12-22 08:24:29,646 [9d0cec3a-c7ab-477f-afd5-18767d26e7c7@group-CABA6161F376-LeaderElection51] INFO  server.RaftServer$Division (RaftServerImpl.java:setRole(290)) - 9d0cec3a-c7ab-477f-afd5-18767d26e7c7@group-CABA6161F376: changes role from CANDIDATE to LEADER at term 1 for changeToLeader
2021-12-22 08:24:29,646 [9d0cec3a-c7ab-477f-afd5-18767d26e7c7@group-CABA6161F376-LeaderElection51] INFO  ratis.XceiverServerRatis (XceiverServerRatis.java:handleLeaderChangedNotification(866)) - Leader change notification received for group: group-CABA6161F376 with new leaderId: 9d0cec3a-c7ab-477f-afd5-18767d26e7c7
2021-12-22 08:24:29,647 [9d0cec3a-c7ab-477f-afd5-18767d26e7c7@group-CABA6161F376-LeaderElection51] INFO  server.RaftServer$Division (ServerState.java:setLeader(285)) - 9d0cec3a-c7ab-477f-afd5-18767d26e7c7@group-CABA6161F376: change Leader from null to 9d0cec3a-c7ab-477f-afd5-18767d26e7c7 at term 1 for becomeLeader, leader elected after 5125ms
2021-12-22 08:24:29,647 [9d0cec3a-c7ab-477f-afd5-18767d26e7c7@group-CABA6161F376-LeaderElection51] INFO  server.RaftServerConfigKeys (ConfUtils.java:logGet(44)) - raft.server.staging.catchup.gap = 1000 (default)
2021-12-22 08:24:29,647 [9d0cec3a-c7ab-477f-afd5-18767d26e7c7@group-CABA6161F376-LeaderElection51] INFO  server.RaftServerConfigKeys (ConfUtils.java:logGet(44)) - raft.server.write.element-limit = 1024 (custom)
2021-12-22 08:24:29,647 [9d0cec3a-c7ab-477f-afd5-18767d26e7c7@group-CABA6161F376-LeaderElection51] INFO  server.RaftServerConfigKeys (ConfUtils.java:logGet(44)) - raft.server.write.byte-limit = 1024 M (=1073741824) (custom)
2021-12-22 08:24:29,647 [9d0cec3a-c7ab-477f-afd5-18767d26e7c7@group-CABA6161F376-LeaderElection51] INFO  server.RaftServerConfigKeys (ConfUtils.java:logGet(44)) - raft.server.watch.timeout = 180s (custom)
2021-12-22 08:24:29,647 [9d0cec3a-c7ab-477f-afd5-18767d26e7c7@group-CABA6161F376-LeaderElection51] INFO  server.RaftServerConfigKeys (ConfUtils.java:logGet(44)) - raft.server.watch.timeout.denomination = 1s (default)
2021-12-22 08:24:29,647 [9d0cec3a-c7ab-477f-afd5-18767d26e7c7@group-CABA6161F376-LeaderElection51] INFO  server.RaftServerConfigKeys (ConfUtils.java:logGet(44)) - raft.server.watch.element-limit = 65536 (default)
2021-12-22 08:24:29,647 [9d0cec3a-c7ab-477f-afd5-18767d26e7c7@group-CABA6161F376-LeaderElection51] INFO  server.RaftServerConfigKeys (ConfUtils.java:logGet(44)) - raft.server.write.element-limit = 1024 (custom)
2021-12-22 08:24:29,648 [9d0cec3a-c7ab-477f-afd5-18767d26e7c7@group-CABA6161F376-LeaderElection51] INFO  server.RaftServerConfigKeys (ConfUtils.java:logGet(44)) - raft.server.write.follower.gap.ratio.max = -1.0 (default)
2021-12-22 08:24:29,648 [9d0cec3a-c7ab-477f-afd5-18767d26e7c7@group-CABA6161F376-LeaderElection51] INFO  impl.RoleInfo (RoleInfo.java:updateAndGet(130)) - 9d0cec3a-c7ab-477f-afd5-18767d26e7c7: start 9d0cec3a-c7ab-477f-afd5-18767d26e7c7@group-CABA6161F376-LeaderStateImpl
2021-12-22 08:24:29,648 [9d0cec3a-c7ab-477f-afd5-18767d26e7c7@group-CABA6161F376-LeaderElection51] INFO  segmented.SegmentedRaftLogWorker (SegmentedRaftLogWorker.java:startLogSegment(394)) - 9d0cec3a-c7ab-477f-afd5-18767d26e7c7@group-CABA6161F376-SegmentedRaftLogWorker: Starting segment from index:0
2021-12-22 08:24:29,651 [EventQueue-OpenPipelineForHealthyPipelineSafeModeRule] INFO  safemode.SCMSafeModeManager (HealthyPipelineSafeModeRule.java:process(124)) - SCM in safe mode. Healthy pipelines reported count is 0, required healthy pipeline reported count is 1
2021-12-22 08:24:29,653 [9d0cec3a-c7ab-477f-afd5-18767d26e7c7@group-CABA6161F376-LeaderElection51] INFO  server.RaftServer$Division (ServerState.java:setRaftConf(387)) - 9d0cec3a-c7ab-477f-afd5-18767d26e7c7@group-CABA6161F376: set configuration 0: [9d0cec3a-c7ab-477f-afd5-18767d26e7c7|rpc:10.1.0.28:40049|dataStream:|priority:1], old=null
2021-12-22 08:24:29,653 [9d0cec3a-c7ab-477f-afd5-18767d26e7c7@group-CABA6161F376-SegmentedRaftLogWorker] INFO  segmented.SegmentedRaftLogWorker (SegmentedRaftLogWorker.java:execute(601)) - 9d0cec3a-c7ab-477f-afd5-18767d26e7c7@group-CABA6161F376-SegmentedRaftLogWorker: created new log segment /home/runner/work/ozone/ozone/hadoop-ozone/integration-test/target/test-dir/MiniOzoneClusterImpl-af7f7f34-8f38-4b2a-8d00-d35ccdfe1aa8/datanode-2/data/ratis/9d8c65c7-de40-4c5d-a3dd-caba6161f376/current/log_inprogress_0
2021-12-22 08:24:30,498 [Listener at 127.0.0.1/34409] INFO  ozone.MiniOzoneClusterImpl (MiniOzoneClusterImpl.java:lambda$waitForClusterToBeReady$0(235)) - Nodes are ready. Got 3 of 3 DN Heartbeats.
2021-12-22 08:24:30,498 [Listener at 127.0.0.1/34409] INFO  ozone.MiniOzoneClusterImpl (MiniOzoneClusterImpl.java:lambda$waitForClusterToBeReady$0(238)) - Waiting for cluster to exit safe mode
2021-12-22 08:24:30,498 [Listener at 127.0.0.1/34409] INFO  ozone.MiniOzoneClusterImpl (MiniOzoneClusterImpl.java:lambda$waitForClusterToBeReady$0(240)) - SCM became leader
2021-12-22 08:24:31,499 [Listener at 127.0.0.1/34409] INFO  ozone.MiniOzoneClusterImpl (MiniOzoneClusterImpl.java:lambda$waitForClusterToBeReady$0(235)) - Nodes are ready. Got 3 of 3 DN Heartbeats.
2021-12-22 08:24:31,499 [Listener at 127.0.0.1/34409] INFO  ozone.MiniOzoneClusterImpl (MiniOzoneClusterImpl.java:lambda$waitForClusterToBeReady$0(238)) - Waiting for cluster to exit safe mode
2021-12-22 08:24:31,499 [Listener at 127.0.0.1/34409] INFO  ozone.MiniOzoneClusterImpl (MiniOzoneClusterImpl.java:lambda$waitForClusterToBeReady$0(240)) - SCM became leader
2021-12-22 08:24:32,499 [Listener at 127.0.0.1/34409] INFO  ozone.MiniOzoneClusterImpl (MiniOzoneClusterImpl.java:lambda$waitForClusterToBeReady$0(235)) - Nodes are ready. Got 3 of 3 DN Heartbeats.
2021-12-22 08:24:32,499 [Listener at 127.0.0.1/34409] INFO  ozone.MiniOzoneClusterImpl (MiniOzoneClusterImpl.java:lambda$waitForClusterToBeReady$0(238)) - Waiting for cluster to exit safe mode
2021-12-22 08:24:32,499 [Listener at 127.0.0.1/34409] INFO  ozone.MiniOzoneClusterImpl (MiniOzoneClusterImpl.java:lambda$waitForClusterToBeReady$0(240)) - SCM became leader
2021-12-22 08:24:33,500 [Listener at 127.0.0.1/34409] INFO  ozone.MiniOzoneClusterImpl (MiniOzoneClusterImpl.java:lambda$waitForClusterToBeReady$0(235)) - Nodes are ready. Got 3 of 3 DN Heartbeats.
2021-12-22 08:24:33,500 [Listener at 127.0.0.1/34409] INFO  ozone.MiniOzoneClusterImpl (MiniOzoneClusterImpl.java:lambda$waitForClusterToBeReady$0(238)) - Waiting for cluster to exit safe mode
2021-12-22 08:24:33,500 [Listener at 127.0.0.1/34409] INFO  ozone.MiniOzoneClusterImpl (MiniOzoneClusterImpl.java:lambda$waitForClusterToBeReady$0(240)) - SCM became leader
2021-12-22 08:24:33,639 [4afdff22-9491-4128-a30d-4aec80145f3a@group-5418FCFD540D-FollowerState] INFO  impl.FollowerState (FollowerState.java:run(134)) - 4afdff22-9491-4128-a30d-4aec80145f3a@group-5418FCFD540D-FollowerState: change to CANDIDATE, lastRpcElapsedTime:5100056240ns, electionTimeout:5094ms
2021-12-22 08:24:33,639 [4afdff22-9491-4128-a30d-4aec80145f3a@group-5418FCFD540D-FollowerState] INFO  impl.RoleInfo (RoleInfo.java:shutdownFollowerState(108)) - 4afdff22-9491-4128-a30d-4aec80145f3a: shutdown 4afdff22-9491-4128-a30d-4aec80145f3a@group-5418FCFD540D-FollowerState
2021-12-22 08:24:33,639 [4afdff22-9491-4128-a30d-4aec80145f3a@group-5418FCFD540D-FollowerState] INFO  server.RaftServer$Division (RaftServerImpl.java:setRole(290)) - 4afdff22-9491-4128-a30d-4aec80145f3a@group-5418FCFD540D: changes role from  FOLLOWER to CANDIDATE at term 1 for changeToCandidate
2021-12-22 08:24:33,639 [4afdff22-9491-4128-a30d-4aec80145f3a@group-5418FCFD540D-FollowerState] INFO  server.RaftServerConfigKeys (ConfUtils.java:logGet(44)) - raft.server.leaderelection.pre-vote = false (custom)
2021-12-22 08:24:33,639 [4afdff22-9491-4128-a30d-4aec80145f3a@group-5418FCFD540D-FollowerState] INFO  impl.RoleInfo (RoleInfo.java:updateAndGet(130)) - 4afdff22-9491-4128-a30d-4aec80145f3a: start 4afdff22-9491-4128-a30d-4aec80145f3a@group-5418FCFD540D-LeaderElection52
2021-12-22 08:24:33,652 [9d0cec3a-c7ab-477f-afd5-18767d26e7c7@group-5418FCFD540D-FollowerState] INFO  impl.FollowerState (FollowerState.java:run(134)) - 9d0cec3a-c7ab-477f-afd5-18767d26e7c7@group-5418FCFD540D-FollowerState: change to CANDIDATE, lastRpcElapsedTime:5045168298ns, electionTimeout:5025ms
2021-12-22 08:24:33,652 [9d0cec3a-c7ab-477f-afd5-18767d26e7c7@group-5418FCFD540D-FollowerState] INFO  impl.RoleInfo (RoleInfo.java:shutdownFollowerState(108)) - 9d0cec3a-c7ab-477f-afd5-18767d26e7c7: shutdown 9d0cec3a-c7ab-477f-afd5-18767d26e7c7@group-5418FCFD540D-FollowerState
2021-12-22 08:24:33,652 [9d0cec3a-c7ab-477f-afd5-18767d26e7c7@group-5418FCFD540D-FollowerState] INFO  server.RaftServer$Division (RaftServerImpl.java:setRole(290)) - 9d0cec3a-c7ab-477f-afd5-18767d26e7c7@group-5418FCFD540D: changes role from  FOLLOWER to CANDIDATE at term 1 for changeToCandidate
2021-12-22 08:24:33,653 [9d0cec3a-c7ab-477f-afd5-18767d26e7c7@group-5418FCFD540D-FollowerState] INFO  server.RaftServerConfigKeys (ConfUtils.java:logGet(44)) - raft.server.leaderelection.pre-vote = false (custom)
2021-12-22 08:24:33,653 [9d0cec3a-c7ab-477f-afd5-18767d26e7c7@group-5418FCFD540D-FollowerState] INFO  impl.RoleInfo (RoleInfo.java:updateAndGet(130)) - 9d0cec3a-c7ab-477f-afd5-18767d26e7c7: start 9d0cec3a-c7ab-477f-afd5-18767d26e7c7@group-5418FCFD540D-LeaderElection53
2021-12-22 08:24:33,683 [9d0cec3a-c7ab-477f-afd5-18767d26e7c7@group-5418FCFD540D-LeaderElection53] INFO  impl.LeaderElection (LeaderElection.java:askForVotes(306)) - 9d0cec3a-c7ab-477f-afd5-18767d26e7c7@group-5418FCFD540D-LeaderElection53 ELECTION round 0: submit vote requests at term 2 for -1: [4afdff22-9491-4128-a30d-4aec80145f3a|rpc:10.1.0.28:39331|dataStream:|priority:0, 222a2d59-0c3b-4266-bd4d-99b1e092dd5e|rpc:10.1.0.28:39863|dataStream:|priority:0, 9d0cec3a-c7ab-477f-afd5-18767d26e7c7|rpc:10.1.0.28:40049|dataStream:|priority:1], old=null
2021-12-22 08:24:33,683 [4afdff22-9491-4128-a30d-4aec80145f3a@group-5418FCFD540D-LeaderElection52] INFO  impl.LeaderElection (LeaderElection.java:askForVotes(306)) - 4afdff22-9491-4128-a30d-4aec80145f3a@group-5418FCFD540D-LeaderElection52 ELECTION round 0: submit vote requests at term 2 for -1: [4afdff22-9491-4128-a30d-4aec80145f3a|rpc:10.1.0.28:39331|dataStream:|priority:0, 222a2d59-0c3b-4266-bd4d-99b1e092dd5e|rpc:10.1.0.28:39863|dataStream:|priority:0, 9d0cec3a-c7ab-477f-afd5-18767d26e7c7|rpc:10.1.0.28:40049|dataStream:|priority:1], old=null
2021-12-22 08:24:33,707 [grpc-default-executor-1] INFO  server.RaftServer$Division (RaftServerImpl.java:requestVote(1046)) - 4afdff22-9491-4128-a30d-4aec80145f3a@group-5418FCFD540D: receive requestVote(ELECTION, 9d0cec3a-c7ab-477f-afd5-18767d26e7c7, group-5418FCFD540D, 2, (t:0, i:0))
2021-12-22 08:24:33,739 [grpc-default-executor-1] INFO  impl.VoteContext (VoteContext.java:log(48)) - 4afdff22-9491-4128-a30d-4aec80145f3a@group-5418FCFD540D-CANDIDATE: reject ELECTION from 9d0cec3a-c7ab-477f-afd5-18767d26e7c7: already has voted for 4afdff22-9491-4128-a30d-4aec80145f3a at current term 2
2021-12-22 08:24:33,739 [grpc-default-executor-1] INFO  server.RaftServer$Division (RaftServerImpl.java:requestVote(1078)) - 4afdff22-9491-4128-a30d-4aec80145f3a@group-5418FCFD540D replies to ELECTION vote request: 9d0cec3a-c7ab-477f-afd5-18767d26e7c7<-4afdff22-9491-4128-a30d-4aec80145f3a#0:FAIL-t2. Peer's state: 4afdff22-9491-4128-a30d-4aec80145f3a@group-5418FCFD540D:t2, leader=null, voted=4afdff22-9491-4128-a30d-4aec80145f3a, raftlog=4afdff22-9491-4128-a30d-4aec80145f3a@group-5418FCFD540D-SegmentedRaftLog:OPENED:c-1, conf=-1: [4afdff22-9491-4128-a30d-4aec80145f3a|rpc:10.1.0.28:39331|dataStream:|priority:0, 222a2d59-0c3b-4266-bd4d-99b1e092dd5e|rpc:10.1.0.28:39863|dataStream:|priority:0, 9d0cec3a-c7ab-477f-afd5-18767d26e7c7|rpc:10.1.0.28:40049|dataStream:|priority:1], old=null
2021-12-22 08:24:33,764 [grpc-default-executor-1] INFO  server.RaftServer$Division (RaftServerImpl.java:requestVote(1046)) - 9d0cec3a-c7ab-477f-afd5-18767d26e7c7@group-5418FCFD540D: receive requestVote(ELECTION, 4afdff22-9491-4128-a30d-4aec80145f3a, group-5418FCFD540D, 2, (t:0, i:0))
2021-12-22 08:24:33,764 [grpc-default-executor-1] INFO  impl.VoteContext (VoteContext.java:log(48)) - 9d0cec3a-c7ab-477f-afd5-18767d26e7c7@group-5418FCFD540D-CANDIDATE: reject ELECTION from 4afdff22-9491-4128-a30d-4aec80145f3a: already has voted for 9d0cec3a-c7ab-477f-afd5-18767d26e7c7 at current term 2
2021-12-22 08:24:33,764 [grpc-default-executor-1] INFO  server.RaftServer$Division (RaftServerImpl.java:requestVote(1078)) - 9d0cec3a-c7ab-477f-afd5-18767d26e7c7@group-5418FCFD540D replies to ELECTION vote request: 4afdff22-9491-4128-a30d-4aec80145f3a<-9d0cec3a-c7ab-477f-afd5-18767d26e7c7#0:FAIL-t2. Peer's state: 9d0cec3a-c7ab-477f-afd5-18767d26e7c7@group-5418FCFD540D:t2, leader=null, voted=9d0cec3a-c7ab-477f-afd5-18767d26e7c7, raftlog=9d0cec3a-c7ab-477f-afd5-18767d26e7c7@group-5418FCFD540D-SegmentedRaftLog:OPENED:c-1, conf=-1: [4afdff22-9491-4128-a30d-4aec80145f3a|rpc:10.1.0.28:39331|dataStream:|priority:0, 222a2d59-0c3b-4266-bd4d-99b1e092dd5e|rpc:10.1.0.28:39863|dataStream:|priority:0, 9d0cec3a-c7ab-477f-afd5-18767d26e7c7|rpc:10.1.0.28:40049|dataStream:|priority:1], old=null
2021-12-22 08:24:33,795 [4afdff22-9491-4128-a30d-4aec80145f3a@group-5418FCFD540D-LeaderElection52] INFO  impl.LeaderElection (LeaderElection.java:logAndReturn(89)) - 4afdff22-9491-4128-a30d-4aec80145f3a@group-5418FCFD540D-LeaderElection52: ELECTION REJECTED received 1 response(s) and 0 exception(s):
2021-12-22 08:24:33,810 [4afdff22-9491-4128-a30d-4aec80145f3a@group-5418FCFD540D-LeaderElection52] INFO  impl.LeaderElection (LeaderElection.java:logAndReturn(93)) -   Response 0: 4afdff22-9491-4128-a30d-4aec80145f3a<-9d0cec3a-c7ab-477f-afd5-18767d26e7c7#0:FAIL-t2
2021-12-22 08:24:33,811 [4afdff22-9491-4128-a30d-4aec80145f3a@group-5418FCFD540D-LeaderElection52] INFO  impl.LeaderElection (LeaderElection.java:askForVotes(308)) - 4afdff22-9491-4128-a30d-4aec80145f3a@group-5418FCFD540D-LeaderElection52 ELECTION round 0: result REJECTED
2021-12-22 08:24:33,811 [4afdff22-9491-4128-a30d-4aec80145f3a@group-5418FCFD540D-LeaderElection52] INFO  server.RaftServer$Division (RaftServerImpl.java:setRole(290)) - 4afdff22-9491-4128-a30d-4aec80145f3a@group-5418FCFD540D: changes role from CANDIDATE to FOLLOWER at term 2 for REJECTED
2021-12-22 08:24:33,811 [4afdff22-9491-4128-a30d-4aec80145f3a@group-5418FCFD540D-LeaderElection52] INFO  impl.RoleInfo (RoleInfo.java:shutdownLeaderElection(121)) - 4afdff22-9491-4128-a30d-4aec80145f3a: shutdown 4afdff22-9491-4128-a30d-4aec80145f3a@group-5418FCFD540D-LeaderElection52
2021-12-22 08:24:33,811 [4afdff22-9491-4128-a30d-4aec80145f3a@group-5418FCFD540D-LeaderElection52] INFO  impl.RoleInfo (RoleInfo.java:updateAndGet(130)) - 4afdff22-9491-4128-a30d-4aec80145f3a: start 4afdff22-9491-4128-a30d-4aec80145f3a@group-5418FCFD540D-FollowerState
2021-12-22 08:24:33,862 [grpc-default-executor-1] INFO  server.RaftServer$Division (RaftServerImpl.java:requestVote(1046)) - 222a2d59-0c3b-4266-bd4d-99b1e092dd5e@group-5418FCFD540D: receive requestVote(ELECTION, 9d0cec3a-c7ab-477f-afd5-18767d26e7c7, group-5418FCFD540D, 2, (t:0, i:0))
2021-12-22 08:24:33,882 [grpc-default-executor-1] INFO  impl.VoteContext (VoteContext.java:log(48)) - 222a2d59-0c3b-4266-bd4d-99b1e092dd5e@group-5418FCFD540D-FOLLOWER: accept ELECTION from 9d0cec3a-c7ab-477f-afd5-18767d26e7c7: our priority 0 <= candidate's priority 1
2021-12-22 08:24:33,882 [grpc-default-executor-1] INFO  server.RaftServer$Division (RaftServerImpl.java:setRole(290)) - 222a2d59-0c3b-4266-bd4d-99b1e092dd5e@group-5418FCFD540D: changes role from  FOLLOWER to FOLLOWER at term 2 for candidate:9d0cec3a-c7ab-477f-afd5-18767d26e7c7
2021-12-22 08:24:33,882 [grpc-default-executor-1] INFO  impl.RoleInfo (RoleInfo.java:shutdownFollowerState(108)) - 222a2d59-0c3b-4266-bd4d-99b1e092dd5e: shutdown 222a2d59-0c3b-4266-bd4d-99b1e092dd5e@group-5418FCFD540D-FollowerState
2021-12-22 08:24:33,882 [grpc-default-executor-1] INFO  impl.RoleInfo (RoleInfo.java:updateAndGet(130)) - 222a2d59-0c3b-4266-bd4d-99b1e092dd5e: start 222a2d59-0c3b-4266-bd4d-99b1e092dd5e@group-5418FCFD540D-FollowerState
2021-12-22 08:24:33,882 [222a2d59-0c3b-4266-bd4d-99b1e092dd5e@group-5418FCFD540D-FollowerState] INFO  impl.FollowerState (FollowerState.java:run(143)) - 222a2d59-0c3b-4266-bd4d-99b1e092dd5e@group-5418FCFD540D-FollowerState was interrupted: {}
java.lang.InterruptedException: sleep interrupted
	at java.lang.Thread.sleep(Native Method)
	at java.lang.Thread.sleep(Thread.java:340)
	at java.util.concurrent.TimeUnit.sleep(TimeUnit.java:386)
	at org.apache.ratis.util.TimeDuration.sleep(TimeDuration.java:324)
	at org.apache.ratis.util.TimeDuration.sleep(TimeDuration.java:309)
	at org.apache.ratis.server.impl.FollowerState.run(FollowerState.java:118)
2021-12-22 08:24:33,910 [grpc-default-executor-0] INFO  server.RaftServer$Division (RaftServerImpl.java:requestVote(1046)) - 222a2d59-0c3b-4266-bd4d-99b1e092dd5e@group-5418FCFD540D: receive requestVote(ELECTION, 4afdff22-9491-4128-a30d-4aec80145f3a, group-5418FCFD540D, 2, (t:0, i:0))
2021-12-22 08:24:33,926 [grpc-default-executor-1] INFO  server.RaftServer$Division (RaftServerImpl.java:requestVote(1078)) - 222a2d59-0c3b-4266-bd4d-99b1e092dd5e@group-5418FCFD540D replies to ELECTION vote request: 9d0cec3a-c7ab-477f-afd5-18767d26e7c7<-222a2d59-0c3b-4266-bd4d-99b1e092dd5e#0:OK-t2. Peer's state: 222a2d59-0c3b-4266-bd4d-99b1e092dd5e@group-5418FCFD540D:t2, leader=null, voted=9d0cec3a-c7ab-477f-afd5-18767d26e7c7, raftlog=222a2d59-0c3b-4266-bd4d-99b1e092dd5e@group-5418FCFD540D-SegmentedRaftLog:OPENED:c-1, conf=-1: [4afdff22-9491-4128-a30d-4aec80145f3a|rpc:10.1.0.28:39331|priority:0, 222a2d59-0c3b-4266-bd4d-99b1e092dd5e|rpc:10.1.0.28:39863|priority:0, 9d0cec3a-c7ab-477f-afd5-18767d26e7c7|rpc:10.1.0.28:40049|priority:1], old=null
2021-12-22 08:24:33,926 [grpc-default-executor-0] INFO  impl.VoteContext (VoteContext.java:log(48)) - 222a2d59-0c3b-4266-bd4d-99b1e092dd5e@group-5418FCFD540D-FOLLOWER: reject ELECTION from 4afdff22-9491-4128-a30d-4aec80145f3a: already has voted for 9d0cec3a-c7ab-477f-afd5-18767d26e7c7 at current term 2
2021-12-22 08:24:33,926 [grpc-default-executor-0] INFO  server.RaftServer$Division (RaftServerImpl.java:requestVote(1078)) - 222a2d59-0c3b-4266-bd4d-99b1e092dd5e@group-5418FCFD540D replies to ELECTION vote request: 4afdff22-9491-4128-a30d-4aec80145f3a<-222a2d59-0c3b-4266-bd4d-99b1e092dd5e#0:FAIL-t2. Peer's state: 222a2d59-0c3b-4266-bd4d-99b1e092dd5e@group-5418FCFD540D:t2, leader=null, voted=9d0cec3a-c7ab-477f-afd5-18767d26e7c7, raftlog=222a2d59-0c3b-4266-bd4d-99b1e092dd5e@group-5418FCFD540D-SegmentedRaftLog:OPENED:c-1, conf=-1: [4afdff22-9491-4128-a30d-4aec80145f3a|rpc:10.1.0.28:39331|priority:0, 222a2d59-0c3b-4266-bd4d-99b1e092dd5e|rpc:10.1.0.28:39863|priority:0, 9d0cec3a-c7ab-477f-afd5-18767d26e7c7|rpc:10.1.0.28:40049|priority:1], old=null
2021-12-22 08:24:33,928 [9d0cec3a-c7ab-477f-afd5-18767d26e7c7@group-5418FCFD540D-LeaderElection53] INFO  impl.LeaderElection (LeaderElection.java:logAndReturn(89)) - 9d0cec3a-c7ab-477f-afd5-18767d26e7c7@group-5418FCFD540D-LeaderElection53: ELECTION PASSED received 2 response(s) and 0 exception(s):
2021-12-22 08:24:33,936 [9d0cec3a-c7ab-477f-afd5-18767d26e7c7@group-5418FCFD540D-LeaderElection53] INFO  impl.LeaderElection (LeaderElection.java:logAndReturn(93)) -   Response 0: 9d0cec3a-c7ab-477f-afd5-18767d26e7c7<-4afdff22-9491-4128-a30d-4aec80145f3a#0:FAIL-t2
2021-12-22 08:24:33,936 [9d0cec3a-c7ab-477f-afd5-18767d26e7c7@group-5418FCFD540D-LeaderElection53] INFO  impl.LeaderElection (LeaderElection.java:logAndReturn(93)) -   Response 1: 9d0cec3a-c7ab-477f-afd5-18767d26e7c7<-222a2d59-0c3b-4266-bd4d-99b1e092dd5e#0:OK-t2
2021-12-22 08:24:33,936 [9d0cec3a-c7ab-477f-afd5-18767d26e7c7@group-5418FCFD540D-LeaderElection53] INFO  impl.LeaderElection (LeaderElection.java:askForVotes(308)) - 9d0cec3a-c7ab-477f-afd5-18767d26e7c7@group-5418FCFD540D-LeaderElection53 ELECTION round 0: result PASSED
2021-12-22 08:24:33,936 [9d0cec3a-c7ab-477f-afd5-18767d26e7c7@group-5418FCFD540D-LeaderElection53] INFO  impl.RoleInfo (RoleInfo.java:shutdownLeaderElection(121)) - 9d0cec3a-c7ab-477f-afd5-18767d26e7c7: shutdown 9d0cec3a-c7ab-477f-afd5-18767d26e7c7@group-5418FCFD540D-LeaderElection53
2021-12-22 08:24:33,936 [9d0cec3a-c7ab-477f-afd5-18767d26e7c7@group-5418FCFD540D-LeaderElection53] INFO  server.RaftServer$Division (RaftServerImpl.java:setRole(290)) - 9d0cec3a-c7ab-477f-afd5-18767d26e7c7@group-5418FCFD540D: changes role from CANDIDATE to LEADER at term 2 for changeToLeader
2021-12-22 08:24:33,936 [9d0cec3a-c7ab-477f-afd5-18767d26e7c7@group-5418FCFD540D-LeaderElection53] INFO  ratis.XceiverServerRatis (XceiverServerRatis.java:handleLeaderChangedNotification(866)) - Leader change notification received for group: group-5418FCFD540D with new leaderId: 9d0cec3a-c7ab-477f-afd5-18767d26e7c7
2021-12-22 08:24:34,005 [9d0cec3a-c7ab-477f-afd5-18767d26e7c7@group-5418FCFD540D-LeaderElection53] INFO  server.RaftServer$Division (ServerState.java:setLeader(285)) - 9d0cec3a-c7ab-477f-afd5-18767d26e7c7@group-5418FCFD540D: change Leader from null to 9d0cec3a-c7ab-477f-afd5-18767d26e7c7 at term 2 for becomeLeader, leader elected after 10079ms
2021-12-22 08:24:34,005 [9d0cec3a-c7ab-477f-afd5-18767d26e7c7@group-5418FCFD540D-LeaderElection53] INFO  server.RaftServerConfigKeys (ConfUtils.java:logGet(44)) - raft.server.staging.catchup.gap = 1000 (default)
2021-12-22 08:24:34,005 [9d0cec3a-c7ab-477f-afd5-18767d26e7c7@group-5418FCFD540D-LeaderElection53] INFO  server.RaftServerConfigKeys (ConfUtils.java:logGet(44)) - raft.server.write.element-limit = 1024 (custom)
2021-12-22 08:24:34,005 [9d0cec3a-c7ab-477f-afd5-18767d26e7c7@group-5418FCFD540D-LeaderElection53] INFO  server.RaftServerConfigKeys (ConfUtils.java:logGet(44)) - raft.server.write.byte-limit = 1024 M (=1073741824) (custom)
2021-12-22 08:24:34,005 [9d0cec3a-c7ab-477f-afd5-18767d26e7c7@group-5418FCFD540D-LeaderElection53] INFO  server.RaftServerConfigKeys (ConfUtils.java:logGet(44)) - raft.server.watch.timeout = 180s (custom)
2021-12-22 08:24:34,005 [9d0cec3a-c7ab-477f-afd5-18767d26e7c7@group-5418FCFD540D-LeaderElection53] INFO  server.RaftServerConfigKeys (ConfUtils.java:logGet(44)) - raft.server.watch.timeout.denomination = 1s (default)
2021-12-22 08:24:34,005 [9d0cec3a-c7ab-477f-afd5-18767d26e7c7@group-5418FCFD540D-LeaderElection53] INFO  server.RaftServerConfigKeys (ConfUtils.java:logGet(44)) - raft.server.watch.element-limit = 65536 (default)
2021-12-22 08:24:34,005 [9d0cec3a-c7ab-477f-afd5-18767d26e7c7@group-5418FCFD540D-LeaderElection53] INFO  server.RaftServerConfigKeys (ConfUtils.java:logGet(44)) - raft.server.write.element-limit = 1024 (custom)
2021-12-22 08:24:34,006 [9d0cec3a-c7ab-477f-afd5-18767d26e7c7@group-5418FCFD540D-LeaderElection53] INFO  server.RaftServerConfigKeys (ConfUtils.java:logGet(44)) - raft.server.write.follower.gap.ratio.max = -1.0 (default)
2021-12-22 08:24:34,006 [9d0cec3a-c7ab-477f-afd5-18767d26e7c7@group-5418FCFD540D-LeaderElection53] INFO  server.RaftServerConfigKeys (ConfUtils.java:logGet(44)) - raft.server.log.appender.snapshot.chunk.size.max = 16MB (=16777216) (default)
2021-12-22 08:24:34,006 [9d0cec3a-c7ab-477f-afd5-18767d26e7c7@group-5418FCFD540D-LeaderElection53] INFO  server.RaftServerConfigKeys (ConfUtils.java:logGet(44)) - raft.server.log.appender.buffer.byte-limit = 33554432 (custom)
2021-12-22 08:24:34,006 [9d0cec3a-c7ab-477f-afd5-18767d26e7c7@group-5418FCFD540D-LeaderElection53] INFO  server.RaftServerConfigKeys (ConfUtils.java:logGet(44)) - raft.server.log.appender.buffer.element-limit = 1 (custom)
2021-12-22 08:24:34,006 [9d0cec3a-c7ab-477f-afd5-18767d26e7c7@group-5418FCFD540D-LeaderElection53] INFO  grpc.GrpcConfigKeys (ConfUtils.java:logGet(44)) - raft.grpc.server.leader.outstanding.appends.max = 128 (default)
2021-12-22 08:24:34,006 [9d0cec3a-c7ab-477f-afd5-18767d26e7c7@group-5418FCFD540D-LeaderElection53] INFO  server.RaftServerConfigKeys (ConfUtils.java:logGet(44)) - raft.server.rpc.request.timeout = 60s (custom)
2021-12-22 08:24:34,006 [9d0cec3a-c7ab-477f-afd5-18767d26e7c7@group-5418FCFD540D-LeaderElection53] INFO  server.RaftServerConfigKeys (ConfUtils.java:logGet(44)) - raft.server.log.appender.install.snapshot.enabled = false (custom)
2021-12-22 08:24:34,007 [9d0cec3a-c7ab-477f-afd5-18767d26e7c7@group-5418FCFD540D-LeaderElection53] INFO  server.RaftServerConfigKeys (ConfUtils.java:logGet(44)) - raft.server.log.appender.snapshot.chunk.size.max = 16MB (=16777216) (default)
2021-12-22 08:24:34,007 [9d0cec3a-c7ab-477f-afd5-18767d26e7c7@group-5418FCFD540D-LeaderElection53] INFO  server.RaftServerConfigKeys (ConfUtils.java:logGet(44)) - raft.server.log.appender.buffer.byte-limit = 33554432 (custom)
2021-12-22 08:24:34,007 [9d0cec3a-c7ab-477f-afd5-18767d26e7c7@group-5418FCFD540D-LeaderElection53] INFO  server.RaftServerConfigKeys (ConfUtils.java:logGet(44)) - raft.server.log.appender.buffer.element-limit = 1 (custom)
2021-12-22 08:24:34,007 [9d0cec3a-c7ab-477f-afd5-18767d26e7c7@group-5418FCFD540D-LeaderElection53] INFO  grpc.GrpcConfigKeys (ConfUtils.java:logGet(44)) - raft.grpc.server.leader.outstanding.appends.max = 128 (default)
2021-12-22 08:24:34,007 [9d0cec3a-c7ab-477f-afd5-18767d26e7c7@group-5418FCFD540D-LeaderElection53] INFO  server.RaftServerConfigKeys (ConfUtils.java:logGet(44)) - raft.server.rpc.request.timeout = 60s (custom)
2021-12-22 08:24:34,007 [9d0cec3a-c7ab-477f-afd5-18767d26e7c7@group-5418FCFD540D-LeaderElection53] INFO  server.RaftServerConfigKeys (ConfUtils.java:logGet(44)) - raft.server.log.appender.install.snapshot.enabled = false (custom)
2021-12-22 08:24:34,008 [9d0cec3a-c7ab-477f-afd5-18767d26e7c7@group-5418FCFD540D-LeaderElection53] INFO  impl.RoleInfo (RoleInfo.java:updateAndGet(130)) - 9d0cec3a-c7ab-477f-afd5-18767d26e7c7: start 9d0cec3a-c7ab-477f-afd5-18767d26e7c7@group-5418FCFD540D-LeaderStateImpl
2021-12-22 08:24:34,008 [9d0cec3a-c7ab-477f-afd5-18767d26e7c7@group-5418FCFD540D-LeaderElection53] INFO  segmented.SegmentedRaftLogWorker (SegmentedRaftLogWorker.java:startLogSegment(394)) - 9d0cec3a-c7ab-477f-afd5-18767d26e7c7@group-5418FCFD540D-SegmentedRaftLogWorker: Starting segment from index:0
2021-12-22 08:24:34,010 [EventQueue-PipelineReportForPipelineReportHandler] INFO  pipeline.PipelineManagerImpl (PipelineManagerImpl.java:openPipeline(291)) - Pipeline Pipeline[ Id: 47d1ab3d-c00f-408f-a1fc-5418fcfd540d, Nodes: 4afdff22-9491-4128-a30d-4aec80145f3a{ip: 10.1.0.28, host: fv-az270-32.tacnzluakwdehk1hpragurqkma.bx.internal.cloudapp.net, ports: [REPLICATION=46139, RATIS=39331, RATIS_ADMIN=39331, RATIS_SERVER=39331, STANDALONE=46321], networkLocation: /default-rack, certSerialId: null, persistedOpState: IN_SERVICE, persistedOpStateExpiryEpochSec: 0}222a2d59-0c3b-4266-bd4d-99b1e092dd5e{ip: 10.1.0.28, host: fv-az270-32.tacnzluakwdehk1hpragurqkma.bx.internal.cloudapp.net, ports: [REPLICATION=37647, RATIS=39863, RATIS_ADMIN=39863, RATIS_SERVER=39863, STANDALONE=33463], networkLocation: /default-rack, certSerialId: null, persistedOpState: IN_SERVICE, persistedOpStateExpiryEpochSec: 0}9d0cec3a-c7ab-477f-afd5-18767d26e7c7{ip: 10.1.0.28, host: fv-az270-32.tacnzluakwdehk1hpragurqkma.bx.internal.cloudapp.net, ports: [REPLICATION=46655, RATIS=40049, RATIS_ADMIN=40049, RATIS_SERVER=40049, STANDALONE=37667], networkLocation: /default-rack, certSerialId: null, persistedOpState: IN_SERVICE, persistedOpStateExpiryEpochSec: 0}, ReplicationConfig: RATIS/THREE, State:ALLOCATED, leaderId:9d0cec3a-c7ab-477f-afd5-18767d26e7c7, CreationTimestamp2021-12-22T08:24:21.534Z[Etc/UTC]] moved to OPEN state
2021-12-22 08:24:34,010 [EventQueue-OpenPipelineForHealthyPipelineSafeModeRule] INFO  safemode.SCMSafeModeManager (HealthyPipelineSafeModeRule.java:process(124)) - SCM in safe mode. Healthy pipelines reported count is 0, required healthy pipeline reported count is 1
2021-12-22 08:24:34,011 [EventQueue-OpenPipelineForHealthyPipelineSafeModeRule] INFO  safemode.SCMSafeModeManager (HealthyPipelineSafeModeRule.java:process(124)) - SCM in safe mode. Healthy pipelines reported count is 1, required healthy pipeline reported count is 1
2021-12-22 08:24:34,011 [EventQueue-OpenPipelineForHealthyPipelineSafeModeRule] INFO  safemode.SCMSafeModeManager (SCMSafeModeManager.java:validateSafeModeExitRules(204)) - HealthyPipelineSafeModeRule rule is successfully validated
2021-12-22 08:24:34,011 [EventQueue-OpenPipelineForHealthyPipelineSafeModeRule] INFO  safemode.SCMSafeModeManager (SCMSafeModeManager.java:validateSafeModeExitRules(219)) - ScmSafeModeManager, all rules are successfully validated
2021-12-22 08:24:34,011 [EventQueue-OpenPipelineForHealthyPipelineSafeModeRule] INFO  safemode.SCMSafeModeManager (SCMSafeModeManager.java:exitSafeMode(248)) - SCM exiting safe mode.
2021-12-22 08:24:34,011 [EventQueue-OpenPipelineForHealthyPipelineSafeModeRule] WARN  events.EventQueue (EventQueue.java:fireEvent(194)) - No event handler registered for event TypedEvent{payloadType=SafeModeStatus, name='Safe mode status'}
2021-12-22 08:24:34,011 [EventQueue-OpenPipelineForHealthyPipelineSafeModeRule] INFO  ha.SCMContext (SCMContext.java:updateSafeModeStatus(211)) - Update SafeModeStatus from SafeModeStatus{safeModeStatus=true, preCheckPassed=true} to SafeModeStatus{safeModeStatus=false, preCheckPassed=true}.
2021-12-22 08:24:34,011 [EventQueue-OpenPipelineForHealthyPipelineSafeModeRule] INFO  pipeline.BackgroundPipelineCreator (BackgroundPipelineCreator.java:notifyStatusChanged(264)) - Service BackgroundPipelineCreator transitions to RUNNING.
2021-12-22 08:24:34,011 [EventQueue-OpenPipelineForHealthyPipelineSafeModeRule] INFO  container.ReplicationManager (ReplicationManager.java:notifyStatusChanged(1758)) - Service ReplicationManager transitions to RUNNING.
2021-12-22 08:24:34,032 [grpc-default-executor-0] INFO  ratis.XceiverServerRatis (XceiverServerRatis.java:handleLeaderChangedNotification(866)) - Leader change notification received for group: group-5418FCFD540D with new leaderId: 9d0cec3a-c7ab-477f-afd5-18767d26e7c7
2021-12-22 08:24:34,056 [grpc-default-executor-0] INFO  server.RaftServer$Division (ServerState.java:setLeader(285)) - 222a2d59-0c3b-4266-bd4d-99b1e092dd5e@group-5418FCFD540D: change Leader from null to 9d0cec3a-c7ab-477f-afd5-18767d26e7c7 at term 2 for appendEntries, leader elected after 10750ms
2021-12-22 08:24:34,056 [9d0cec3a-c7ab-477f-afd5-18767d26e7c7@group-5418FCFD540D-LeaderElection53] INFO  server.RaftServer$Division (ServerState.java:setRaftConf(387)) - 9d0cec3a-c7ab-477f-afd5-18767d26e7c7@group-5418FCFD540D: set configuration 0: [4afdff22-9491-4128-a30d-4aec80145f3a|rpc:10.1.0.28:39331|dataStream:|priority:0, 222a2d59-0c3b-4266-bd4d-99b1e092dd5e|rpc:10.1.0.28:39863|dataStream:|priority:0, 9d0cec3a-c7ab-477f-afd5-18767d26e7c7|rpc:10.1.0.28:40049|dataStream:|priority:1], old=null
2021-12-22 08:24:34,079 [9d0cec3a-c7ab-477f-afd5-18767d26e7c7@group-5418FCFD540D-SegmentedRaftLogWorker] INFO  segmented.SegmentedRaftLogWorker (SegmentedRaftLogWorker.java:execute(601)) - 9d0cec3a-c7ab-477f-afd5-18767d26e7c7@group-5418FCFD540D-SegmentedRaftLogWorker: created new log segment /home/runner/work/ozone/ozone/hadoop-ozone/integration-test/target/test-dir/MiniOzoneClusterImpl-af7f7f34-8f38-4b2a-8d00-d35ccdfe1aa8/datanode-2/data/ratis/47d1ab3d-c00f-408f-a1fc-5418fcfd540d/current/log_inprogress_0
2021-12-22 08:24:34,122 [grpc-default-executor-0] INFO  server.RaftServer$Division (ServerState.java:setRaftConf(387)) - 222a2d59-0c3b-4266-bd4d-99b1e092dd5e@group-5418FCFD540D: set configuration 0: [4afdff22-9491-4128-a30d-4aec80145f3a|rpc:10.1.0.28:39331|dataStream:|priority:0, 222a2d59-0c3b-4266-bd4d-99b1e092dd5e|rpc:10.1.0.28:39863|dataStream:|priority:0, 9d0cec3a-c7ab-477f-afd5-18767d26e7c7|rpc:10.1.0.28:40049|dataStream:|priority:1], old=null
2021-12-22 08:24:34,123 [grpc-default-executor-0] INFO  segmented.SegmentedRaftLogWorker (SegmentedRaftLogWorker.java:startLogSegment(394)) - 222a2d59-0c3b-4266-bd4d-99b1e092dd5e@group-5418FCFD540D-SegmentedRaftLogWorker: Starting segment from index:0
2021-12-22 08:24:34,125 [grpc-default-executor-2] INFO  ratis.XceiverServerRatis (XceiverServerRatis.java:handleLeaderChangedNotification(866)) - Leader change notification received for group: group-5418FCFD540D with new leaderId: 9d0cec3a-c7ab-477f-afd5-18767d26e7c7
2021-12-22 08:24:34,125 [222a2d59-0c3b-4266-bd4d-99b1e092dd5e@group-5418FCFD540D-SegmentedRaftLogWorker] INFO  segmented.SegmentedRaftLogWorker (SegmentedRaftLogWorker.java:execute(601)) - 222a2d59-0c3b-4266-bd4d-99b1e092dd5e@group-5418FCFD540D-SegmentedRaftLogWorker: created new log segment /home/runner/work/ozone/ozone/hadoop-ozone/integration-test/target/test-dir/MiniOzoneClusterImpl-af7f7f34-8f38-4b2a-8d00-d35ccdfe1aa8/datanode-0/data/ratis/47d1ab3d-c00f-408f-a1fc-5418fcfd540d/current/log_inprogress_0
2021-12-22 08:24:34,126 [grpc-default-executor-2] INFO  server.RaftServer$Division (ServerState.java:setLeader(285)) - 4afdff22-9491-4128-a30d-4aec80145f3a@group-5418FCFD540D: change Leader from null to 9d0cec3a-c7ab-477f-afd5-18767d26e7c7 at term 2 for appendEntries, leader elected after 10549ms
2021-12-22 08:24:34,230 [grpc-default-executor-2] INFO  server.RaftServer$Division (ServerState.java:setRaftConf(387)) - 4afdff22-9491-4128-a30d-4aec80145f3a@group-5418FCFD540D: set configuration 0: [4afdff22-9491-4128-a30d-4aec80145f3a|rpc:10.1.0.28:39331|dataStream:|priority:0, 222a2d59-0c3b-4266-bd4d-99b1e092dd5e|rpc:10.1.0.28:39863|dataStream:|priority:0, 9d0cec3a-c7ab-477f-afd5-18767d26e7c7|rpc:10.1.0.28:40049|dataStream:|priority:1], old=null
2021-12-22 08:24:34,230 [grpc-default-executor-2] INFO  segmented.SegmentedRaftLogWorker (SegmentedRaftLogWorker.java:startLogSegment(394)) - 4afdff22-9491-4128-a30d-4aec80145f3a@group-5418FCFD540D-SegmentedRaftLogWorker: Starting segment from index:0
2021-12-22 08:24:34,238 [4afdff22-9491-4128-a30d-4aec80145f3a@group-5418FCFD540D-SegmentedRaftLogWorker] INFO  segmented.SegmentedRaftLogWorker (SegmentedRaftLogWorker.java:execute(601)) - 4afdff22-9491-4128-a30d-4aec80145f3a@group-5418FCFD540D-SegmentedRaftLogWorker: created new log segment /home/runner/work/ozone/ozone/hadoop-ozone/integration-test/target/test-dir/MiniOzoneClusterImpl-af7f7f34-8f38-4b2a-8d00-d35ccdfe1aa8/datanode-1/data/ratis/47d1ab3d-c00f-408f-a1fc-5418fcfd540d/current/log_inprogress_0
2021-12-22 08:24:34,308 [222a2d59-0c3b-4266-bd4d-99b1e092dd5e@group-FF503EF0943D-FollowerState] INFO  impl.FollowerState (FollowerState.java:run(134)) - 222a2d59-0c3b-4266-bd4d-99b1e092dd5e@group-FF503EF0943D-FollowerState: change to CANDIDATE, lastRpcElapsedTime:5127996661ns, electionTimeout:5086ms
2021-12-22 08:24:34,308 [222a2d59-0c3b-4266-bd4d-99b1e092dd5e@group-FF503EF0943D-FollowerState] INFO  impl.RoleInfo (RoleInfo.java:shutdownFollowerState(108)) - 222a2d59-0c3b-4266-bd4d-99b1e092dd5e: shutdown 222a2d59-0c3b-4266-bd4d-99b1e092dd5e@group-FF503EF0943D-FollowerState
2021-12-22 08:24:34,308 [222a2d59-0c3b-4266-bd4d-99b1e092dd5e@group-FF503EF0943D-FollowerState] INFO  server.RaftServer$Division (RaftServerImpl.java:setRole(290)) - 222a2d59-0c3b-4266-bd4d-99b1e092dd5e@group-FF503EF0943D: changes role from  FOLLOWER to CANDIDATE at term 1 for changeToCandidate
2021-12-22 08:24:34,308 [222a2d59-0c3b-4266-bd4d-99b1e092dd5e@group-FF503EF0943D-FollowerState] INFO  server.RaftServerConfigKeys (ConfUtils.java:logGet(44)) - raft.server.leaderelection.pre-vote = false (custom)
2021-12-22 08:24:34,308 [222a2d59-0c3b-4266-bd4d-99b1e092dd5e@group-FF503EF0943D-FollowerState] INFO  impl.RoleInfo (RoleInfo.java:updateAndGet(130)) - 222a2d59-0c3b-4266-bd4d-99b1e092dd5e: start 222a2d59-0c3b-4266-bd4d-99b1e092dd5e@group-FF503EF0943D-LeaderElection54
2021-12-22 08:24:34,339 [222a2d59-0c3b-4266-bd4d-99b1e092dd5e@group-FF503EF0943D-LeaderElection54] INFO  impl.LeaderElection (LeaderElection.java:askForVotes(306)) - 222a2d59-0c3b-4266-bd4d-99b1e092dd5e@group-FF503EF0943D-LeaderElection54 ELECTION round 0: submit vote requests at term 2 for -1: [4afdff22-9491-4128-a30d-4aec80145f3a|rpc:10.1.0.28:39331|priority:1, 222a2d59-0c3b-4266-bd4d-99b1e092dd5e|rpc:10.1.0.28:39863|priority:0, 9d0cec3a-c7ab-477f-afd5-18767d26e7c7|rpc:10.1.0.28:40049|priority:0], old=null
2021-12-22 08:24:34,362 [grpc-default-executor-2] INFO  server.RaftServer$Division (RaftServerImpl.java:requestVote(1046)) - 4afdff22-9491-4128-a30d-4aec80145f3a@group-FF503EF0943D: receive requestVote(ELECTION, 222a2d59-0c3b-4266-bd4d-99b1e092dd5e, group-FF503EF0943D, 2, (t:0, i:0))
2021-12-22 08:24:34,363 [grpc-default-executor-2] INFO  impl.VoteContext (VoteContext.java:log(48)) - 4afdff22-9491-4128-a30d-4aec80145f3a@group-FF503EF0943D-FOLLOWER: reject ELECTION from 222a2d59-0c3b-4266-bd4d-99b1e092dd5e: our priority 1 > candidate's priority 0
2021-12-22 08:24:34,363 [grpc-default-executor-2] INFO  server.RaftServer$Division (RaftServerImpl.java:setRole(290)) - 4afdff22-9491-4128-a30d-4aec80145f3a@group-FF503EF0943D: changes role from  FOLLOWER to FOLLOWER at term 2 for candidate:222a2d59-0c3b-4266-bd4d-99b1e092dd5e
2021-12-22 08:24:34,363 [grpc-default-executor-2] INFO  impl.RoleInfo (RoleInfo.java:shutdownFollowerState(108)) - 4afdff22-9491-4128-a30d-4aec80145f3a: shutdown 4afdff22-9491-4128-a30d-4aec80145f3a@group-FF503EF0943D-FollowerState
2021-12-22 08:24:34,363 [grpc-default-executor-2] INFO  impl.RoleInfo (RoleInfo.java:updateAndGet(130)) - 4afdff22-9491-4128-a30d-4aec80145f3a: start 4afdff22-9491-4128-a30d-4aec80145f3a@group-FF503EF0943D-FollowerState
2021-12-22 08:24:34,365 [grpc-default-executor-2] INFO  server.RaftServer$Division (RaftServerImpl.java:requestVote(1078)) - 4afdff22-9491-4128-a30d-4aec80145f3a@group-FF503EF0943D replies to ELECTION vote request: 222a2d59-0c3b-4266-bd4d-99b1e092dd5e<-4afdff22-9491-4128-a30d-4aec80145f3a#0:FAIL-t2. Peer's state: 4afdff22-9491-4128-a30d-4aec80145f3a@group-FF503EF0943D:t2, leader=null, voted=null, raftlog=4afdff22-9491-4128-a30d-4aec80145f3a@group-FF503EF0943D-SegmentedRaftLog:OPENED:c-1, conf=-1: [4afdff22-9491-4128-a30d-4aec80145f3a|rpc:10.1.0.28:39331|priority:1, 222a2d59-0c3b-4266-bd4d-99b1e092dd5e|rpc:10.1.0.28:39863|priority:0, 9d0cec3a-c7ab-477f-afd5-18767d26e7c7|rpc:10.1.0.28:40049|priority:0], old=null
2021-12-22 08:24:34,365 [4afdff22-9491-4128-a30d-4aec80145f3a@group-FF503EF0943D-FollowerState] INFO  impl.FollowerState (FollowerState.java:run(143)) - 4afdff22-9491-4128-a30d-4aec80145f3a@group-FF503EF0943D-FollowerState was interrupted: {}
java.lang.InterruptedException: sleep interrupted
	at java.lang.Thread.sleep(Native Method)
	at java.lang.Thread.sleep(Thread.java:340)
	at java.util.concurrent.TimeUnit.sleep(TimeUnit.java:386)
	at org.apache.ratis.util.TimeDuration.sleep(TimeDuration.java:324)
	at org.apache.ratis.util.TimeDuration.sleep(TimeDuration.java:309)
	at org.apache.ratis.server.impl.FollowerState.run(FollowerState.java:118)
2021-12-22 08:24:34,366 [222a2d59-0c3b-4266-bd4d-99b1e092dd5e@group-FF503EF0943D-LeaderElection54] INFO  impl.LeaderElection (LeaderElection.java:logAndReturn(89)) - 222a2d59-0c3b-4266-bd4d-99b1e092dd5e@group-FF503EF0943D-LeaderElection54: ELECTION REJECTED received 1 response(s) and 0 exception(s):
2021-12-22 08:24:34,367 [222a2d59-0c3b-4266-bd4d-99b1e092dd5e@group-FF503EF0943D-LeaderElection54] INFO  impl.LeaderElection (LeaderElection.java:logAndReturn(93)) -   Response 0: 222a2d59-0c3b-4266-bd4d-99b1e092dd5e<-4afdff22-9491-4128-a30d-4aec80145f3a#0:FAIL-t2
2021-12-22 08:24:34,367 [222a2d59-0c3b-4266-bd4d-99b1e092dd5e@group-FF503EF0943D-LeaderElection54] INFO  impl.LeaderElection (LeaderElection.java:askForVotes(308)) - 222a2d59-0c3b-4266-bd4d-99b1e092dd5e@group-FF503EF0943D-LeaderElection54 ELECTION round 0: result REJECTED
2021-12-22 08:24:34,367 [222a2d59-0c3b-4266-bd4d-99b1e092dd5e@group-FF503EF0943D-LeaderElection54] INFO  server.RaftServer$Division (RaftServerImpl.java:setRole(290)) - 222a2d59-0c3b-4266-bd4d-99b1e092dd5e@group-FF503EF0943D: changes role from CANDIDATE to FOLLOWER at term 2 for REJECTED
2021-12-22 08:24:34,367 [222a2d59-0c3b-4266-bd4d-99b1e092dd5e@group-FF503EF0943D-LeaderElection54] INFO  impl.RoleInfo (RoleInfo.java:shutdownLeaderElection(121)) - 222a2d59-0c3b-4266-bd4d-99b1e092dd5e: shutdown 222a2d59-0c3b-4266-bd4d-99b1e092dd5e@group-FF503EF0943D-LeaderElection54
2021-12-22 08:24:34,367 [222a2d59-0c3b-4266-bd4d-99b1e092dd5e@group-FF503EF0943D-LeaderElection54] INFO  impl.RoleInfo (RoleInfo.java:updateAndGet(130)) - 222a2d59-0c3b-4266-bd4d-99b1e092dd5e: start 222a2d59-0c3b-4266-bd4d-99b1e092dd5e@group-FF503EF0943D-FollowerState
2021-12-22 08:24:34,410 [grpc-default-executor-2] INFO  server.RaftServer$Division (RaftServerImpl.java:requestVote(1046)) - 9d0cec3a-c7ab-477f-afd5-18767d26e7c7@group-FF503EF0943D: receive requestVote(ELECTION, 222a2d59-0c3b-4266-bd4d-99b1e092dd5e, group-FF503EF0943D, 2, (t:0, i:0))
2021-12-22 08:24:34,410 [grpc-default-executor-2] INFO  impl.VoteContext (VoteContext.java:log(48)) - 9d0cec3a-c7ab-477f-afd5-18767d26e7c7@group-FF503EF0943D-FOLLOWER: accept ELECTION from 222a2d59-0c3b-4266-bd4d-99b1e092dd5e: our priority 0 <= candidate's priority 0
2021-12-22 08:24:34,410 [grpc-default-executor-2] INFO  server.RaftServer$Division (RaftServerImpl.java:setRole(290)) - 9d0cec3a-c7ab-477f-afd5-18767d26e7c7@group-FF503EF0943D: changes role from  FOLLOWER to FOLLOWER at term 2 for candidate:222a2d59-0c3b-4266-bd4d-99b1e092dd5e
2021-12-22 08:24:34,410 [grpc-default-executor-2] INFO  impl.RoleInfo (RoleInfo.java:shutdownFollowerState(108)) - 9d0cec3a-c7ab-477f-afd5-18767d26e7c7: shutdown 9d0cec3a-c7ab-477f-afd5-18767d26e7c7@group-FF503EF0943D-FollowerState
2021-12-22 08:24:34,410 [grpc-default-executor-2] INFO  impl.RoleInfo (RoleInfo.java:updateAndGet(130)) - 9d0cec3a-c7ab-477f-afd5-18767d26e7c7: start 9d0cec3a-c7ab-477f-afd5-18767d26e7c7@group-FF503EF0943D-FollowerState
2021-12-22 08:24:34,411 [9d0cec3a-c7ab-477f-afd5-18767d26e7c7@group-FF503EF0943D-FollowerState] INFO  impl.FollowerState (FollowerState.java:run(143)) - 9d0cec3a-c7ab-477f-afd5-18767d26e7c7@group-FF503EF0943D-FollowerState was interrupted: {}
java.lang.InterruptedException: sleep interrupted
	at java.lang.Thread.sleep(Native Method)
	at java.lang.Thread.sleep(Thread.java:340)
	at java.util.concurrent.TimeUnit.sleep(TimeUnit.java:386)
	at org.apache.ratis.util.TimeDuration.sleep(TimeDuration.java:324)
	at org.apache.ratis.util.TimeDuration.sleep(TimeDuration.java:309)
	at org.apache.ratis.server.impl.FollowerState.run(FollowerState.java:118)
2021-12-22 08:24:34,415 [grpc-default-executor-2] INFO  server.RaftServer$Division (RaftServerImpl.java:requestVote(1078)) - 9d0cec3a-c7ab-477f-afd5-18767d26e7c7@group-FF503EF0943D replies to ELECTION vote request: 222a2d59-0c3b-4266-bd4d-99b1e092dd5e<-9d0cec3a-c7ab-477f-afd5-18767d26e7c7#0:OK-t2. Peer's state: 9d0cec3a-c7ab-477f-afd5-18767d26e7c7@group-FF503EF0943D:t2, leader=null, voted=222a2d59-0c3b-4266-bd4d-99b1e092dd5e, raftlog=9d0cec3a-c7ab-477f-afd5-18767d26e7c7@group-FF503EF0943D-SegmentedRaftLog:OPENED:c-1, conf=-1: [4afdff22-9491-4128-a30d-4aec80145f3a|rpc:10.1.0.28:39331|dataStream:|priority:1, 222a2d59-0c3b-4266-bd4d-99b1e092dd5e|rpc:10.1.0.28:39863|dataStream:|priority:0, 9d0cec3a-c7ab-477f-afd5-18767d26e7c7|rpc:10.1.0.28:40049|dataStream:|priority:0], old=null
2021-12-22 08:24:34,503 [Listener at 127.0.0.1/34409] INFO  ozone.MiniOzoneClusterImpl (MiniOzoneClusterImpl.java:lambda$waitForClusterToBeReady$0(235)) - Nodes are ready. Got 3 of 3 DN Heartbeats.
2021-12-22 08:24:34,503 [Listener at 127.0.0.1/34409] INFO  ozone.MiniOzoneClusterImpl (MiniOzoneClusterImpl.java:lambda$waitForClusterToBeReady$0(238)) - Cluster exits safe mode
2021-12-22 08:24:34,503 [Listener at 127.0.0.1/34409] INFO  ozone.MiniOzoneClusterImpl (MiniOzoneClusterImpl.java:lambda$waitForClusterToBeReady$0(240)) - SCM became leader
2021-12-22 08:24:34,634 [Listener at 127.0.0.1/34409] INFO  rpc.RpcClient (RpcClient.java:createVolume(389)) - Creating Volume: volume47866, with user02997 as owner and space quota set to -1 bytes, counts quota set to -1
2021-12-22 08:24:34,655 [IPC Server handler 1 on default port 34409] INFO  volume.OMVolumeCreateRequest (OMVolumeCreateRequest.java:validateAndUpdateCache(195)) - created volume:volume47866 for user:user02997
2021-12-22 08:24:34,686 [Listener at 127.0.0.1/34409] INFO  rpc.RpcClient (RpcClient.java:createBucket(552)) - Creating Bucket: volume47866/bucket11964, with runner as owner and Versioning false and Storage Type set to DISK and Encryption set to false 
]]></system-out>
    <system-err><![CDATA[Exception in thread "Trash Emptier" java.lang.UnsupportedOperationException: fs.getUri() not implemented in TrashOzoneFileSystem
	at org.apache.hadoop.ozone.om.TrashOzoneFileSystem.getUri(TrashOzoneFileSystem.java:124)
	at org.apache.hadoop.fs.FileSystem.close(FileSystem.java:2592)
	at org.apache.hadoop.ozone.om.TrashPolicyOzone$Emptier.run(TrashPolicyOzone.java:243)
	at java.lang.Thread.run(Thread.java:748)
]]></system-err>
  </testcase>
  <testcase name="testRenameFile[4]" classname="org.apache.hadoop.fs.ozone.TestRootedOzoneFileSystem" time="0.197"/>
  <testcase name="testListStatusRootAndVolumeRecursive[4]" classname="org.apache.hadoop.fs.ozone.TestRootedOzoneFileSystem" time="1.214"/>
  <testcase name="testTempMount[4]" classname="org.apache.hadoop.fs.ozone.TestRootedOzoneFileSystem" time="0.295"/>
  <testcase name="testListStatusRootAndVolumeNonRecursive[4]" classname="org.apache.hadoop.fs.ozone.TestRootedOzoneFileSystem" time="0.632"/>
  <testcase name="testDeleteVolumeAndBucket[4]" classname="org.apache.hadoop.fs.ozone.TestRootedOzoneFileSystem" time="0.115"/>
  <testcase name="testRenameDirToItsOwnSubDir[4]" classname="org.apache.hadoop.fs.ozone.TestRootedOzoneFileSystem" time="0.091"/>
  <testcase name="testOzoneFsServiceLoader[4]" classname="org.apache.hadoop.fs.ozone.TestRootedOzoneFileSystem" time="0.067"/>
  <testcase name="testTrash[4]" classname="org.apache.hadoop.fs.ozone.TestRootedOzoneFileSystem" time="0">
    <skipped/>
  </testcase>
  <testcase name="testRenameDestinationParentDoesntExist[4]" classname="org.apache.hadoop.fs.ozone.TestRootedOzoneFileSystem" time="0.064"/>
  <testcase name="testGetFileStatusRoot[4]" classname="org.apache.hadoop.fs.ozone.TestRootedOzoneFileSystem" time="0.007"/>
  <testcase name="testCreateWithInvalidPaths[4]" classname="org.apache.hadoop.fs.ozone.TestRootedOzoneFileSystem" time="0.02"/>
  <testcase name="testDeleteEmptyVolume[4]" classname="org.apache.hadoop.fs.ozone.TestRootedOzoneFileSystem" time="0.093"/>
  <testcase name="testListStatusRootAndVolumeContinuation[4]" classname="org.apache.hadoop.fs.ozone.TestRootedOzoneFileSystem" time="1.105"/>
  <testcase name="testDeleteVolumeBucketAndKey[4]" classname="org.apache.hadoop.fs.ozone.TestRootedOzoneFileSystem" time="0.116"/>
  <testcase name="testRenameToParentDir[4]" classname="org.apache.hadoop.fs.ozone.TestRootedOzoneFileSystem" time="0.099"/>
  <testcase name="testMkdirNonExistentVolumeBucket[4]" classname="org.apache.hadoop.fs.ozone.TestRootedOzoneFileSystem" time="0.077"/>
  <testcase name="testFailToDeleteRoot[4]" classname="org.apache.hadoop.fs.ozone.TestRootedOzoneFileSystem" time="0.002"/>
  <testcase name="testListStatusOnSubDirs[4]" classname="org.apache.hadoop.fs.ozone.TestRootedOzoneFileSystem" time="0.077"/>
  <testcase name="testListStatus[4]" classname="org.apache.hadoop.fs.ozone.TestRootedOzoneFileSystem" time="0.07"/>
  <testcase name="testGetTrashRoots[4]" classname="org.apache.hadoop.fs.ozone.TestRootedOzoneFileSystem" time="1"/>
  <testcase name="testCreateDoesNotAddParentDirKeys[4]" classname="org.apache.hadoop.fs.ozone.TestRootedOzoneFileSystem" time="0.218"/>
  <testcase name="testMkdirNonExistentVolume[4]" classname="org.apache.hadoop.fs.ozone.TestRootedOzoneFileSystem" time="0.03"/>
  <testcase name="testDeleteCreatesFakeParentDir[4]" classname="org.apache.hadoop.fs.ozone.TestRootedOzoneFileSystem" time="0.155"/>
  <testcase name="testNonExplicitlyCreatedPathExistsAfterItsLeafsWereRemoved[4]" classname="org.apache.hadoop.fs.ozone.TestRootedOzoneFileSystem" time="0.06"/>
  <testcase name="testFileDelete[4]" classname="org.apache.hadoop.fs.ozone.TestRootedOzoneFileSystem" time="0.179"/>
  <testcase name="testRenameToTrashEnabled[4]" classname="org.apache.hadoop.fs.ozone.TestRootedOzoneFileSystem" time="2.789"/>
  <testcase name="testMkdirOnNonExistentVolumeBucketDir[4]" classname="org.apache.hadoop.fs.ozone.TestRootedOzoneFileSystem" time="0.111"/>
  <testcase name="testListStatusOnLargeDirectory[4]" classname="org.apache.hadoop.fs.ozone.TestRootedOzoneFileSystem" time="2.941">
    <failure message="Total directories listed do not match the existing directories expected:&lt;1536&gt; but was:&lt;1537&gt;" type="java.lang.AssertionError"><![CDATA[java.lang.AssertionError: Total directories listed do not match the existing directories expected:<1536> but was:<1537>
	at org.junit.Assert.fail(Assert.java:89)
	at org.junit.Assert.failNotEquals(Assert.java:835)
	at org.junit.Assert.assertEquals(Assert.java:647)
	at org.apache.hadoop.fs.ozone.TestRootedOzoneFileSystem.testListStatusOnLargeDirectory(TestRootedOzoneFileSystem.java:556)
	at sun.reflect.NativeMethodAccessorImpl.invoke0(Native Method)
	at sun.reflect.NativeMethodAccessorImpl.invoke(NativeMethodAccessorImpl.java:62)
	at sun.reflect.DelegatingMethodAccessorImpl.invoke(DelegatingMethodAccessorImpl.java:43)
	at java.lang.reflect.Method.invoke(Method.java:498)
	at org.junit.runners.model.FrameworkMethod$1.runReflectiveCall(FrameworkMethod.java:59)
	at org.junit.internal.runners.model.ReflectiveCallable.run(ReflectiveCallable.java:12)
	at org.junit.runners.model.FrameworkMethod.invokeExplosively(FrameworkMethod.java:56)
	at org.junit.internal.runners.statements.InvokeMethod.evaluate(InvokeMethod.java:17)
	at org.junit.internal.runners.statements.FailOnTimeout$CallableStatement.call(FailOnTimeout.java:288)
	at org.junit.internal.runners.statements.FailOnTimeout$CallableStatement.call(FailOnTimeout.java:282)
	at java.util.concurrent.FutureTask.run(FutureTask.java:266)
	at java.lang.Thread.run(Thread.java:748)
]]></failure>
    <system-out><![CDATA[2021-12-22 08:24:44,607 [9d0cec3a-c7ab-477f-afd5-18767d26e7c7@group-FF503EF0943D-FollowerState] INFO  impl.FollowerState (FollowerState.java:run(134)) - 9d0cec3a-c7ab-477f-afd5-18767d26e7c7@group-FF503EF0943D-FollowerState: change to CANDIDATE, lastRpcElapsedTime:5075004904ns, electionTimeout:5034ms
2021-12-22 08:24:44,607 [9d0cec3a-c7ab-477f-afd5-18767d26e7c7@group-FF503EF0943D-FollowerState] INFO  impl.RoleInfo (RoleInfo.java:shutdownFollowerState(108)) - 9d0cec3a-c7ab-477f-afd5-18767d26e7c7: shutdown 9d0cec3a-c7ab-477f-afd5-18767d26e7c7@group-FF503EF0943D-FollowerState
2021-12-22 08:24:44,607 [9d0cec3a-c7ab-477f-afd5-18767d26e7c7@group-FF503EF0943D-FollowerState] INFO  server.RaftServer$Division (RaftServerImpl.java:setRole(290)) - 9d0cec3a-c7ab-477f-afd5-18767d26e7c7@group-FF503EF0943D: changes role from  FOLLOWER to CANDIDATE at term 3 for changeToCandidate
2021-12-22 08:24:44,607 [9d0cec3a-c7ab-477f-afd5-18767d26e7c7@group-FF503EF0943D-FollowerState] INFO  server.RaftServerConfigKeys (ConfUtils.java:logGet(44)) - raft.server.leaderelection.pre-vote = false (custom)
2021-12-22 08:24:44,607 [9d0cec3a-c7ab-477f-afd5-18767d26e7c7@group-FF503EF0943D-FollowerState] INFO  impl.RoleInfo (RoleInfo.java:updateAndGet(130)) - 9d0cec3a-c7ab-477f-afd5-18767d26e7c7: start 9d0cec3a-c7ab-477f-afd5-18767d26e7c7@group-FF503EF0943D-LeaderElection57
2021-12-22 08:24:44,666 [9d0cec3a-c7ab-477f-afd5-18767d26e7c7@group-FF503EF0943D-LeaderElection57] INFO  impl.LeaderElection (LeaderElection.java:askForVotes(306)) - 9d0cec3a-c7ab-477f-afd5-18767d26e7c7@group-FF503EF0943D-LeaderElection57 ELECTION round 0: submit vote requests at term 4 for -1: [4afdff22-9491-4128-a30d-4aec80145f3a|rpc:10.1.0.28:39331|dataStream:|priority:1, 222a2d59-0c3b-4266-bd4d-99b1e092dd5e|rpc:10.1.0.28:39863|dataStream:|priority:0, 9d0cec3a-c7ab-477f-afd5-18767d26e7c7|rpc:10.1.0.28:40049|dataStream:|priority:0], old=null
2021-12-22 08:24:44,691 [grpc-default-executor-2] INFO  server.RaftServer$Division (RaftServerImpl.java:requestVote(1046)) - 4afdff22-9491-4128-a30d-4aec80145f3a@group-FF503EF0943D: receive requestVote(ELECTION, 9d0cec3a-c7ab-477f-afd5-18767d26e7c7, group-FF503EF0943D, 4, (t:0, i:0))
2021-12-22 08:24:44,691 [grpc-default-executor-2] INFO  impl.VoteContext (VoteContext.java:log(48)) - 4afdff22-9491-4128-a30d-4aec80145f3a@group-FF503EF0943D-FOLLOWER: reject ELECTION from 9d0cec3a-c7ab-477f-afd5-18767d26e7c7: our priority 1 > candidate's priority 0
2021-12-22 08:24:44,691 [grpc-default-executor-2] INFO  server.RaftServer$Division (RaftServerImpl.java:setRole(290)) - 4afdff22-9491-4128-a30d-4aec80145f3a@group-FF503EF0943D: changes role from  FOLLOWER to FOLLOWER at term 4 for candidate:9d0cec3a-c7ab-477f-afd5-18767d26e7c7
2021-12-22 08:24:44,691 [grpc-default-executor-2] INFO  impl.RoleInfo (RoleInfo.java:shutdownFollowerState(108)) - 4afdff22-9491-4128-a30d-4aec80145f3a: shutdown 4afdff22-9491-4128-a30d-4aec80145f3a@group-FF503EF0943D-FollowerState
2021-12-22 08:24:44,691 [grpc-default-executor-2] INFO  impl.RoleInfo (RoleInfo.java:updateAndGet(130)) - 4afdff22-9491-4128-a30d-4aec80145f3a: start 4afdff22-9491-4128-a30d-4aec80145f3a@group-FF503EF0943D-FollowerState
2021-12-22 08:24:44,691 [4afdff22-9491-4128-a30d-4aec80145f3a@group-FF503EF0943D-FollowerState] INFO  impl.FollowerState (FollowerState.java:run(143)) - 4afdff22-9491-4128-a30d-4aec80145f3a@group-FF503EF0943D-FollowerState was interrupted: {}
java.lang.InterruptedException: sleep interrupted
	at java.lang.Thread.sleep(Native Method)
	at java.lang.Thread.sleep(Thread.java:340)
	at java.util.concurrent.TimeUnit.sleep(TimeUnit.java:386)
	at org.apache.ratis.util.TimeDuration.sleep(TimeDuration.java:324)
	at org.apache.ratis.util.TimeDuration.sleep(TimeDuration.java:309)
	at org.apache.ratis.server.impl.FollowerState.run(FollowerState.java:118)
2021-12-22 08:24:44,693 [grpc-default-executor-2] INFO  server.RaftServer$Division (RaftServerImpl.java:requestVote(1078)) - 4afdff22-9491-4128-a30d-4aec80145f3a@group-FF503EF0943D replies to ELECTION vote request: 9d0cec3a-c7ab-477f-afd5-18767d26e7c7<-4afdff22-9491-4128-a30d-4aec80145f3a#0:FAIL-t4. Peer's state: 4afdff22-9491-4128-a30d-4aec80145f3a@group-FF503EF0943D:t4, leader=null, voted=null, raftlog=4afdff22-9491-4128-a30d-4aec80145f3a@group-FF503EF0943D-SegmentedRaftLog:OPENED:c-1, conf=-1: [4afdff22-9491-4128-a30d-4aec80145f3a|rpc:10.1.0.28:39331|priority:1, 222a2d59-0c3b-4266-bd4d-99b1e092dd5e|rpc:10.1.0.28:39863|priority:0, 9d0cec3a-c7ab-477f-afd5-18767d26e7c7|rpc:10.1.0.28:40049|priority:0], old=null
2021-12-22 08:24:44,738 [9d0cec3a-c7ab-477f-afd5-18767d26e7c7@group-FF503EF0943D-LeaderElection57] INFO  impl.LeaderElection (LeaderElection.java:logAndReturn(89)) - 9d0cec3a-c7ab-477f-afd5-18767d26e7c7@group-FF503EF0943D-LeaderElection57: ELECTION REJECTED received 1 response(s) and 0 exception(s):
2021-12-22 08:24:44,771 [9d0cec3a-c7ab-477f-afd5-18767d26e7c7@group-FF503EF0943D-LeaderElection57] INFO  impl.LeaderElection (LeaderElection.java:logAndReturn(93)) -   Response 0: 9d0cec3a-c7ab-477f-afd5-18767d26e7c7<-4afdff22-9491-4128-a30d-4aec80145f3a#0:FAIL-t4
2021-12-22 08:24:44,771 [9d0cec3a-c7ab-477f-afd5-18767d26e7c7@group-FF503EF0943D-LeaderElection57] INFO  impl.LeaderElection (LeaderElection.java:askForVotes(308)) - 9d0cec3a-c7ab-477f-afd5-18767d26e7c7@group-FF503EF0943D-LeaderElection57 ELECTION round 0: result REJECTED
2021-12-22 08:24:44,771 [9d0cec3a-c7ab-477f-afd5-18767d26e7c7@group-FF503EF0943D-LeaderElection57] INFO  server.RaftServer$Division (RaftServerImpl.java:setRole(290)) - 9d0cec3a-c7ab-477f-afd5-18767d26e7c7@group-FF503EF0943D: changes role from CANDIDATE to FOLLOWER at term 4 for REJECTED
2021-12-22 08:24:44,771 [9d0cec3a-c7ab-477f-afd5-18767d26e7c7@group-FF503EF0943D-LeaderElection57] INFO  impl.RoleInfo (RoleInfo.java:shutdownLeaderElection(121)) - 9d0cec3a-c7ab-477f-afd5-18767d26e7c7: shutdown 9d0cec3a-c7ab-477f-afd5-18767d26e7c7@group-FF503EF0943D-LeaderElection57
2021-12-22 08:24:44,771 [9d0cec3a-c7ab-477f-afd5-18767d26e7c7@group-FF503EF0943D-LeaderElection57] INFO  impl.RoleInfo (RoleInfo.java:updateAndGet(130)) - 9d0cec3a-c7ab-477f-afd5-18767d26e7c7: start 9d0cec3a-c7ab-477f-afd5-18767d26e7c7@group-FF503EF0943D-FollowerState
2021-12-22 08:24:44,762 [grpc-default-executor-2] INFO  server.RaftServer$Division (RaftServerImpl.java:requestVote(1046)) - 222a2d59-0c3b-4266-bd4d-99b1e092dd5e@group-FF503EF0943D: receive requestVote(ELECTION, 9d0cec3a-c7ab-477f-afd5-18767d26e7c7, group-FF503EF0943D, 4, (t:0, i:0))
2021-12-22 08:24:44,778 [grpc-default-executor-2] INFO  impl.VoteContext (VoteContext.java:log(48)) - 222a2d59-0c3b-4266-bd4d-99b1e092dd5e@group-FF503EF0943D-FOLLOWER: accept ELECTION from 9d0cec3a-c7ab-477f-afd5-18767d26e7c7: our priority 0 <= candidate's priority 0
2021-12-22 08:24:44,778 [grpc-default-executor-2] INFO  server.RaftServer$Division (RaftServerImpl.java:setRole(290)) - 222a2d59-0c3b-4266-bd4d-99b1e092dd5e@group-FF503EF0943D: changes role from  FOLLOWER to FOLLOWER at term 4 for candidate:9d0cec3a-c7ab-477f-afd5-18767d26e7c7
2021-12-22 08:24:44,778 [grpc-default-executor-2] INFO  impl.RoleInfo (RoleInfo.java:shutdownFollowerState(108)) - 222a2d59-0c3b-4266-bd4d-99b1e092dd5e: shutdown 222a2d59-0c3b-4266-bd4d-99b1e092dd5e@group-FF503EF0943D-FollowerState
2021-12-22 08:24:44,779 [grpc-default-executor-2] INFO  impl.RoleInfo (RoleInfo.java:updateAndGet(130)) - 222a2d59-0c3b-4266-bd4d-99b1e092dd5e: start 222a2d59-0c3b-4266-bd4d-99b1e092dd5e@group-FF503EF0943D-FollowerState
2021-12-22 08:24:44,779 [222a2d59-0c3b-4266-bd4d-99b1e092dd5e@group-FF503EF0943D-FollowerState] INFO  impl.FollowerState (FollowerState.java:run(143)) - 222a2d59-0c3b-4266-bd4d-99b1e092dd5e@group-FF503EF0943D-FollowerState was interrupted: {}
java.lang.InterruptedException: sleep interrupted
	at java.lang.Thread.sleep(Native Method)
	at java.lang.Thread.sleep(Thread.java:340)
	at java.util.concurrent.TimeUnit.sleep(TimeUnit.java:386)
	at org.apache.ratis.util.TimeDuration.sleep(TimeDuration.java:324)
	at org.apache.ratis.util.TimeDuration.sleep(TimeDuration.java:309)
	at org.apache.ratis.server.impl.FollowerState.run(FollowerState.java:118)
2021-12-22 08:24:44,796 [grpc-default-executor-2] INFO  server.RaftServer$Division (RaftServerImpl.java:requestVote(1078)) - 222a2d59-0c3b-4266-bd4d-99b1e092dd5e@group-FF503EF0943D replies to ELECTION vote request: 9d0cec3a-c7ab-477f-afd5-18767d26e7c7<-222a2d59-0c3b-4266-bd4d-99b1e092dd5e#0:OK-t4. Peer's state: 222a2d59-0c3b-4266-bd4d-99b1e092dd5e@group-FF503EF0943D:t4, leader=null, voted=9d0cec3a-c7ab-477f-afd5-18767d26e7c7, raftlog=222a2d59-0c3b-4266-bd4d-99b1e092dd5e@group-FF503EF0943D-SegmentedRaftLog:OPENED:c-1, conf=-1: [4afdff22-9491-4128-a30d-4aec80145f3a|rpc:10.1.0.28:39331|priority:1, 222a2d59-0c3b-4266-bd4d-99b1e092dd5e|rpc:10.1.0.28:39863|priority:0, 9d0cec3a-c7ab-477f-afd5-18767d26e7c7|rpc:10.1.0.28:40049|priority:0], old=null
]]></system-out>
  </testcase>
  <testcase name="testRenameToDifferentBucket[4]" classname="org.apache.hadoop.fs.ozone.TestRootedOzoneFileSystem" time="0.089"/>
  <testcase name="testListStatusInBucket[4]" classname="org.apache.hadoop.fs.ozone.TestRootedOzoneFileSystem" time="0.167">
    <failure message="FileStatus should return only the immediate children expected:&lt;2&gt; but was:&lt;1539&gt;" type="java.lang.AssertionError"><![CDATA[java.lang.AssertionError: FileStatus should return only the immediate children expected:<2> but was:<1539>
	at org.junit.Assert.fail(Assert.java:89)
	at org.junit.Assert.failNotEquals(Assert.java:835)
	at org.junit.Assert.assertEquals(Assert.java:647)
	at org.apache.hadoop.fs.ozone.TestRootedOzoneFileSystem.testListStatusInBucket(TestRootedOzoneFileSystem.java:530)
	at sun.reflect.NativeMethodAccessorImpl.invoke0(Native Method)
	at sun.reflect.NativeMethodAccessorImpl.invoke(NativeMethodAccessorImpl.java:62)
	at sun.reflect.DelegatingMethodAccessorImpl.invoke(DelegatingMethodAccessorImpl.java:43)
	at java.lang.reflect.Method.invoke(Method.java:498)
	at org.junit.runners.model.FrameworkMethod$1.runReflectiveCall(FrameworkMethod.java:59)
	at org.junit.internal.runners.model.ReflectiveCallable.run(ReflectiveCallable.java:12)
	at org.junit.runners.model.FrameworkMethod.invokeExplosively(FrameworkMethod.java:56)
	at org.junit.internal.runners.statements.InvokeMethod.evaluate(InvokeMethod.java:17)
	at org.junit.internal.runners.statements.FailOnTimeout$CallableStatement.call(FailOnTimeout.java:288)
	at org.junit.internal.runners.statements.FailOnTimeout$CallableStatement.call(FailOnTimeout.java:282)
	at java.util.concurrent.FutureTask.run(FutureTask.java:266)
	at java.lang.Thread.run(Thread.java:748)
]]></failure>
  </testcase>
  <testcase name="testRenameFileToDir[4]" classname="org.apache.hadoop.fs.ozone.TestRootedOzoneFileSystem" time="0.543"/>
</testsuite>