<?xml version="1.0" encoding="UTF-8"?>
<testsuite xmlns:xsi="http://www.w3.org/2001/XMLSchema-instance" xsi:noNamespaceSchemaLocation="https://maven.apache.org/surefire/maven-surefire-plugin/xsd/surefire-test-report-3.0.xsd" version="3.0" name="org.apache.hadoop.ozone.container.common.impl.TestContainerPersistence" time="14.777" tests="136" errors="1" skipped="8" failures="0">
  <properties>
    <property name="awt.toolkit" value="sun.awt.X11.XToolkit"/>
    <property name="file.encoding.pkg" value="sun.io"/>
    <property name="java.specification.version" value="1.8"/>
    <property name="sun.cpu.isalist" value=""/>
    <property name="sun.jnu.encoding" value="UTF-8"/>
    <property name="java.class.path" value="/home/runner/work/ozone/ozone/hadoop-hdds/container-service/target/test-classes:/home/runner/work/ozone/ozone/hadoop-hdds/container-service/target/classes:/home/runner/work/ozone/ozone/hadoop-hdds/common/target/classes:/home/runner/work/ozone/ozone/hadoop-hdds/hadoop-dependency-client/target/classes:/home/runner/.m2/repository/org/apache/hadoop/hadoop-annotations/3.3.5/hadoop-annotations-3.3.5.jar:/usr/lib/jvm/temurin-8-jdk-amd64/jre/../lib/tools.jar:/home/runner/.m2/repository/org/apache/hadoop/hadoop-common/3.3.5/hadoop-common-3.3.5.jar:/home/runner/.m2/repository/org/apache/hadoop/thirdparty/hadoop-shaded-guava/1.1.1/hadoop-shaded-guava-1.1.1.jar:/home/runner/.m2/repository/org/apache/httpcomponents/httpclient/4.5.13/httpclient-4.5.13.jar:/home/runner/.m2/repository/org/apache/httpcomponents/httpcore/4.4.13/httpcore-4.4.13.jar:/home/runner/.m2/repository/jakarta/activation/jakarta.activation-api/1.2.2/jakarta.activation-api-1.2.2.jar:/home/runner/.m2/repository/com/google/re2j/re2j/1.1/re2j-1.1.jar:/home/runner/.m2/repository/org/apache/hadoop/hadoop-auth/3.3.5/hadoop-auth-3.3.5.jar:/home/runner/.m2/repository/org/apache/kerby/kerb-core/1.0.1/kerb-core-1.0.1.jar:/home/runner/.m2/repository/org/apache/kerby/kerby-pkix/1.0.1/kerby-pkix-1.0.1.jar:/home/runner/.m2/repository/org/apache/kerby/kerby-asn1/1.0.1/kerby-asn1-1.0.1.jar:/home/runner/.m2/repository/org/apache/kerby/kerby-util/1.0.1/kerby-util-1.0.1.jar:/home/runner/.m2/repository/org/codehaus/woodstox/stax2-api/4.2.1/stax2-api-4.2.1.jar:/home/runner/.m2/repository/com/fasterxml/woodstox/woodstox-core/5.4.0/woodstox-core-5.4.0.jar:/home/runner/.m2/repository/org/xerial/snappy/snappy-java/1.1.8.2/snappy-java-1.1.8.2.jar:/home/runner/.m2/repository/org/apache/hadoop/hadoop-hdfs/3.3.5/hadoop-hdfs-3.3.5.jar:/home/runner/.m2/repository/info/picocli/picocli/4.6.1/picocli-4.6.1.jar:/home/runner/.m2/repository/com/google/protobuf/protobuf-java/2.5.0/protobuf-java-2.5.0.jar:/home/runner/.m2/repository/com/google/guava/guava/31.1-jre/guava-31.1-jre.jar:/home/runner/.m2/repository/com/google/guava/failureaccess/1.0.1/failureaccess-1.0.1.jar:/home/runner/.m2/repository/com/google/guava/listenablefuture/9999.0-empty-to-avoid-conflict-with-guava/listenablefuture-9999.0-empty-to-avoid-conflict-with-guava.jar:/home/runner/.m2/repository/org/checkerframework/checker-qual/3.12.0/checker-qual-3.12.0.jar:/home/runner/.m2/repository/com/google/errorprone/error_prone_annotations/2.2.0/error_prone_annotations-2.2.0.jar:/home/runner/.m2/repository/com/google/j2objc/j2objc-annotations/1.3/j2objc-annotations-1.3.jar:/home/runner/.m2/repository/org/apache/commons/commons-lang3/3.7/commons-lang3-3.7.jar:/home/runner/.m2/repository/commons-io/commons-io/2.11.0/commons-io-2.11.0.jar:/home/runner/.m2/repository/com/fasterxml/jackson/core/jackson-annotations/2.13.4/jackson-annotations-2.13.4.jar:/home/runner/.m2/repository/com/fasterxml/jackson/datatype/jackson-datatype-jsr310/2.13.4/jackson-datatype-jsr310-2.13.4.jar:/home/runner/.m2/repository/com/fasterxml/jackson/core/jackson-core/2.13.4/jackson-core-2.13.4.jar:/home/runner/.m2/repository/com/fasterxml/jackson/core/jackson-databind/2.13.4.2/jackson-databind-2.13.4.2.jar:/home/runner/work/ozone/ozone/hadoop-hdds/annotations/target/classes:/home/runner/work/ozone/ozone/hadoop-hdds/config/target/classes:/home/runner/.m2/repository/javax/annotation/javax.annotation-api/1.2/javax.annotation-api-1.2.jar:/home/runner/.m2/repository/org/apache/ratis/ratis-server/2.5.1/ratis-server-2.5.1.jar:/home/runner/.m2/repository/org/apache/ratis/ratis-thirdparty-misc/1.0.4/ratis-thirdparty-misc-1.0.4.jar:/home/runner/.m2/repository/org/apache/ratis/ratis-proto/2.5.1/ratis-proto-2.5.1.jar:/home/runner/.m2/repository/org/apache/ratis/ratis-common/2.5.1/ratis-common-2.5.1.jar:/home/runner/.m2/repository/org/apache/ratis/ratis-client/2.5.1/ratis-client-2.5.1.jar:/home/runner/.m2/repository/org/apache/ratis/ratis-server-api/2.5.1/ratis-server-api-2.5.1.jar:/home/runner/.m2/repository/org/apache/ratis/ratis-metrics/2.5.1/ratis-metrics-2.5.1.jar:/home/runner/.m2/repository/org/apache/ratis/ratis-netty/2.5.1/ratis-netty-2.5.1.jar:/home/runner/.m2/repository/org/apache/ratis/ratis-grpc/2.5.1/ratis-grpc-2.5.1.jar:/home/runner/.m2/repository/org/apache/logging/log4j/log4j-api/2.17.1/log4j-api-2.17.1.jar:/home/runner/.m2/repository/org/apache/commons/commons-pool2/2.6.0/commons-pool2-2.6.0.jar:/home/runner/.m2/repository/org/bouncycastle/bcpkix-jdk15on/1.67/bcpkix-jdk15on-1.67.jar:/home/runner/.m2/repository/org/bouncycastle/bcprov-jdk15on/1.67/bcprov-jdk15on-1.67.jar:/home/runner/.m2/repository/commons-validator/commons-validator/1.6/commons-validator-1.6.jar:/home/runner/.m2/repository/commons-beanutils/commons-beanutils/1.9.4/commons-beanutils-1.9.4.jar:/home/runner/.m2/repository/commons-digester/commons-digester/1.8.1/commons-digester-1.8.1.jar:/home/runner/.m2/repository/commons-collections/commons-collections/3.2.2/commons-collections-3.2.2.jar:/home/runner/.m2/repository/io/jaegertracing/jaeger-client/1.6.0/jaeger-client-1.6.0.jar:/home/runner/.m2/repository/io/jaegertracing/jaeger-thrift/1.6.0/jaeger-thrift-1.6.0.jar:/home/runner/.m2/repository/org/apache/thrift/libthrift/0.14.1/libthrift-0.14.1.jar:/home/runner/.m2/repository/io/jaegertracing/jaeger-core/1.6.0/jaeger-core-1.6.0.jar:/home/runner/.m2/repository/com/google/code/gson/gson/2.9.0/gson-2.9.0.jar:/home/runner/.m2/repository/io/jaegertracing/jaeger-tracerresolver/1.6.0/jaeger-tracerresolver-1.6.0.jar:/home/runner/.m2/repository/io/opentracing/contrib/opentracing-tracerresolver/0.1.8/opentracing-tracerresolver-0.1.8.jar:/home/runner/.m2/repository/org/jetbrains/kotlin/kotlin-stdlib/1.6.21/kotlin-stdlib-1.6.21.jar:/home/runner/.m2/repository/org/jetbrains/kotlin/kotlin-stdlib-common/1.6.21/kotlin-stdlib-common-1.6.21.jar:/home/runner/.m2/repository/org/jetbrains/annotations/13.0/annotations-13.0.jar:/home/runner/.m2/repository/io/opentracing/opentracing-util/0.33.0/opentracing-util-0.33.0.jar:/home/runner/.m2/repository/io/opentracing/opentracing-api/0.33.0/opentracing-api-0.33.0.jar:/home/runner/.m2/repository/io/opentracing/opentracing-noop/0.33.0/opentracing-noop-0.33.0.jar:/home/runner/.m2/repository/org/reflections/reflections/0.9.11/reflections-0.9.11.jar:/home/runner/.m2/repository/org/javassist/javassist/3.21.0-GA/javassist-3.21.0-GA.jar:/home/runner/work/ozone/ozone/hadoop-hdds/interface-client/target/classes:/home/runner/.m2/repository/org/apache/hadoop/thirdparty/hadoop-shaded-protobuf_3_7/1.1.1/hadoop-shaded-protobuf_3_7-1.1.1.jar:/home/runner/work/ozone/ozone/hadoop-hdds/interface-admin/target/classes:/home/runner/.m2/repository/io/grpc/grpc-api/1.51.1/grpc-api-1.51.1.jar:/home/runner/.m2/repository/io/grpc/grpc-context/1.51.1/grpc-context-1.51.1.jar:/home/runner/work/ozone/ozone/hadoop-hdds/test-utils/target/classes:/home/runner/.m2/repository/commons-logging/commons-logging/1.2/commons-logging-1.2.jar:/home/runner/.m2/repository/org/junit/jupiter/junit-jupiter-api/5.8.2/junit-jupiter-api-5.8.2.jar:/home/runner/.m2/repository/org/opentest4j/opentest4j/1.2.0/opentest4j-1.2.0.jar:/home/runner/.m2/repository/org/junit/platform/junit-platform-commons/1.8.2/junit-platform-commons-1.8.2.jar:/home/runner/.m2/repository/ch/qos/reload4j/reload4j/1.2.22/reload4j-1.2.22.jar:/home/runner/.m2/repository/org/slf4j/slf4j-api/1.7.36/slf4j-api-1.7.36.jar:/home/runner/.m2/repository/org/apache/commons/commons-compress/1.21/commons-compress-1.21.jar:/home/runner/.m2/repository/com/github/luben/zstd-jni/1.5.2-5/zstd-jni-1.5.2-5.jar:/home/runner/work/ozone/ozone/hadoop-hdds/common/target/test-classes:/home/runner/work/ozone/ozone/hadoop-hdds/framework/target/classes:/home/runner/work/ozone/ozone/hadoop-hdds/interface-server/target/classes:/home/runner/work/ozone/ozone/hadoop-hdds/managed-rocksdb/target/classes:/home/runner/.m2/repository/org/rocksdb/rocksdbjni/7.7.3/rocksdbjni-7.7.3.jar:/home/runner/work/ozone/ozone/hadoop-hdds/hadoop-dependency-server/target/classes:/home/runner/.m2/repository/commons-cli/commons-cli/1.2/commons-cli-1.2.jar:/home/runner/.m2/repository/org/apache/commons/commons-configuration2/2.1.1/commons-configuration2-2.1.1.jar:/home/runner/.m2/repository/org/apache/logging/log4j/log4j-core/2.17.1/log4j-core-2.17.1.jar:/home/runner/.m2/repository/com/lmax/disruptor/3.4.2/disruptor-3.4.2.jar:/home/runner/.m2/repository/org/eclipse/jetty/jetty-util/9.4.51.v20230217/jetty-util-9.4.51.v20230217.jar:/home/runner/.m2/repository/org/eclipse/jetty/jetty-server/9.4.51.v20230217/jetty-server-9.4.51.v20230217.jar:/home/runner/.m2/repository/javax/servlet/javax.servlet-api/3.1.0/javax.servlet-api-3.1.0.jar:/home/runner/.m2/repository/org/eclipse/jetty/jetty-http/9.4.51.v20230217/jetty-http-9.4.51.v20230217.jar:/home/runner/.m2/repository/org/eclipse/jetty/jetty-io/9.4.51.v20230217/jetty-io-9.4.51.v20230217.jar:/home/runner/.m2/repository/org/eclipse/jetty/jetty-servlet/9.4.51.v20230217/jetty-servlet-9.4.51.v20230217.jar:/home/runner/.m2/repository/org/eclipse/jetty/jetty-security/9.4.51.v20230217/jetty-security-9.4.51.v20230217.jar:/home/runner/.m2/repository/org/eclipse/jetty/jetty-util-ajax/9.4.51.v20230217/jetty-util-ajax-9.4.51.v20230217.jar:/home/runner/.m2/repository/org/eclipse/jetty/jetty-webapp/9.4.51.v20230217/jetty-webapp-9.4.51.v20230217.jar:/home/runner/.m2/repository/org/eclipse/jetty/jetty-xml/9.4.51.v20230217/jetty-xml-9.4.51.v20230217.jar:/home/runner/.m2/repository/io/prometheus/simpleclient_dropwizard/0.7.0/simpleclient_dropwizard-0.7.0.jar:/home/runner/.m2/repository/io/prometheus/simpleclient/0.7.0/simpleclient-0.7.0.jar:/home/runner/.m2/repository/io/prometheus/simpleclient_common/0.7.0/simpleclient_common-0.7.0.jar:/home/runner/.m2/repository/org/apache/hadoop/hadoop-hdfs-client/3.3.5/hadoop-hdfs-client-3.3.5.jar:/home/runner/.m2/repository/com/squareup/okhttp3/okhttp/4.9.3/okhttp-4.9.3.jar:/home/runner/.m2/repository/com/squareup/okio/okio/2.8.0/okio-2.8.0.jar:/home/runner/work/ozone/ozone/hadoop-hdds/rocksdb-checkpoint-differ/target/classes:/home/runner/work/ozone/ozone/hadoop-hdds/rocks-native/target/classes:/home/runner/.m2/repository/org/awaitility/awaitility/4.2.0/awaitility-4.2.0.jar:/home/runner/.m2/repository/org/hamcrest/hamcrest/2.1/hamcrest-2.1.jar:/home/runner/work/ozone/ozone/hadoop-hdds/client/target/classes:/home/runner/work/ozone/ozone/hadoop-hdds/erasurecode/target/classes:/home/runner/.m2/repository/commons-codec/commons-codec/1.15/commons-codec-1.15.jar:/home/runner/.m2/repository/io/dropwizard/metrics/metrics-core/3.2.4/metrics-core-3.2.4.jar:/home/runner/.m2/repository/org/mockito/mockito-core/2.28.2/mockito-core-2.28.2.jar:/home/runner/.m2/repository/net/bytebuddy/byte-buddy/1.9.10/byte-buddy-1.9.10.jar:/home/runner/.m2/repository/net/bytebuddy/byte-buddy-agent/1.9.10/byte-buddy-agent-1.9.10.jar:/home/runner/.m2/repository/org/objenesis/objenesis/1.0/objenesis-1.0.jar:/home/runner/.m2/repository/org/yaml/snakeyaml/2.0/snakeyaml-2.0.jar:/home/runner/work/ozone/ozone/hadoop-hdds/docs/target/classes:/home/runner/.m2/repository/com/github/spotbugs/spotbugs-annotations/3.1.12/spotbugs-annotations-3.1.12.jar:/home/runner/.m2/repository/com/google/code/findbugs/jsr305/3.0.0/jsr305-3.0.0.jar:/home/runner/.m2/repository/org/powermock/powermock-module-junit4/2.0.4/powermock-module-junit4-2.0.4.jar:/home/runner/.m2/repository/org/powermock/powermock-module-junit4-common/2.0.4/powermock-module-junit4-common-2.0.4.jar:/home/runner/.m2/repository/org/powermock/powermock-reflect/2.0.4/powermock-reflect-2.0.4.jar:/home/runner/.m2/repository/org/powermock/powermock-core/2.0.4/powermock-core-2.0.4.jar:/home/runner/.m2/repository/org/hamcrest/hamcrest-core/1.3/hamcrest-core-1.3.jar:/home/runner/.m2/repository/org/powermock/powermock-api-mockito2/2.0.4/powermock-api-mockito2-2.0.4.jar:/home/runner/.m2/repository/org/powermock/powermock-api-support/2.0.4/powermock-api-support-2.0.4.jar:/home/runner/work/ozone/ozone/hadoop-hdds/hadoop-dependency-test/target/classes:/home/runner/.m2/repository/org/apache/hadoop/hadoop-common/3.3.5/hadoop-common-3.3.5-tests.jar:/home/runner/.m2/repository/org/apache/hadoop/hadoop-hdfs/3.3.5/hadoop-hdfs-3.3.5-tests.jar:/home/runner/.m2/repository/org/assertj/assertj-core/3.12.2/assertj-core-3.12.2.jar:/home/runner/.m2/repository/org/slf4j/slf4j-reload4j/1.7.36/slf4j-reload4j-1.7.36.jar:/home/runner/.m2/repository/javax/xml/bind/jaxb-api/2.3.0/jaxb-api-2.3.0.jar:/home/runner/.m2/repository/org/glassfish/jaxb/jaxb-runtime/2.3.0.1/jaxb-runtime-2.3.0.1.jar:/home/runner/.m2/repository/org/glassfish/jaxb/jaxb-core/2.3.0.1/jaxb-core-2.3.0.1.jar:/home/runner/.m2/repository/org/glassfish/jaxb/txw2/2.3.0.1/txw2-2.3.0.1.jar:/home/runner/.m2/repository/com/sun/istack/istack-commons-runtime/3.0.5/istack-commons-runtime-3.0.5.jar:/home/runner/.m2/repository/org/jvnet/staxex/stax-ex/1.7.8/stax-ex-1.7.8.jar:/home/runner/.m2/repository/com/sun/xml/fastinfoset/FastInfoset/1.2.13/FastInfoset-1.2.13.jar:/home/runner/.m2/repository/io/netty/netty-transport/4.1.86.Final/netty-transport-4.1.86.Final.jar:/home/runner/.m2/repository/io/netty/netty-common/4.1.86.Final/netty-common-4.1.86.Final.jar:/home/runner/.m2/repository/io/netty/netty-buffer/4.1.86.Final/netty-buffer-4.1.86.Final.jar:/home/runner/.m2/repository/io/netty/netty-resolver/4.1.86.Final/netty-resolver-4.1.86.Final.jar:/home/runner/.m2/repository/io/netty/netty-codec/4.1.86.Final/netty-codec-4.1.86.Final.jar:/home/runner/.m2/repository/io/netty/netty-handler/4.1.86.Final/netty-handler-4.1.86.Final.jar:/home/runner/.m2/repository/io/netty/netty-transport-native-unix-common/4.1.86.Final/netty-transport-native-unix-common-4.1.86.Final.jar:/home/runner/.m2/repository/org/apache/commons/commons-text/1.4/commons-text-1.4.jar:/home/runner/.m2/repository/org/mockito/mockito-junit-jupiter/2.28.2/mockito-junit-jupiter-2.28.2.jar:/home/runner/.m2/repository/org/junit/jupiter/junit-jupiter-params/5.8.2/junit-jupiter-params-5.8.2.jar:/home/runner/.m2/repository/org/apiguardian/apiguardian-api/1.1.2/apiguardian-api-1.1.2.jar:/home/runner/.m2/repository/junit/junit/4.13.1/junit-4.13.1.jar:"/>
    <property name="java.vm.vendor" value="Temurin"/>
    <property name="sun.arch.data.model" value="64"/>
    <property name="test.build.dir" value="/home/runner/work/ozone/ozone/hadoop-hdds/container-service/target/test-dir"/>
    <property name="test.cache.data" value=""/>
    <property name="java.vendor.url" value="https://adoptium.net/"/>
    <property name="user.timezone" value="Etc/UTC"/>
    <property name="java.vm.specification.version" value="1.8"/>
    <property name="os.name" value="Linux"/>
    <property name="test.build.data" value="/home/runner/work/ozone/ozone/hadoop-hdds/container-service/target/test-dir"/>
    <property name="sun.java.launcher" value="SUN_STANDARD"/>
    <property name="sun.boot.library.path" value="/usr/lib/jvm/temurin-8-jdk-amd64/jre/lib/amd64"/>
    <property name="sun.java.command" value="/home/runner/work/ozone/ozone/hadoop-hdds/container-service/target/surefire/surefirebooter3279485568909805048.jar /home/runner/work/ozone/ozone/hadoop-hdds/container-service/target/surefire 2023-05-26T19-19-32_331-jvmRun1 surefire6380833520199469777tmp surefire_1675180027505029305863tmp"/>
    <property name="surefire.test.class.path" value="/home/runner/work/ozone/ozone/hadoop-hdds/container-service/target/test-classes:/home/runner/work/ozone/ozone/hadoop-hdds/container-service/target/classes:/home/runner/work/ozone/ozone/hadoop-hdds/common/target/classes:/home/runner/work/ozone/ozone/hadoop-hdds/hadoop-dependency-client/target/classes:/home/runner/.m2/repository/org/apache/hadoop/hadoop-annotations/3.3.5/hadoop-annotations-3.3.5.jar:/usr/lib/jvm/temurin-8-jdk-amd64/jre/../lib/tools.jar:/home/runner/.m2/repository/org/apache/hadoop/hadoop-common/3.3.5/hadoop-common-3.3.5.jar:/home/runner/.m2/repository/org/apache/hadoop/thirdparty/hadoop-shaded-guava/1.1.1/hadoop-shaded-guava-1.1.1.jar:/home/runner/.m2/repository/org/apache/httpcomponents/httpclient/4.5.13/httpclient-4.5.13.jar:/home/runner/.m2/repository/org/apache/httpcomponents/httpcore/4.4.13/httpcore-4.4.13.jar:/home/runner/.m2/repository/jakarta/activation/jakarta.activation-api/1.2.2/jakarta.activation-api-1.2.2.jar:/home/runner/.m2/repository/com/google/re2j/re2j/1.1/re2j-1.1.jar:/home/runner/.m2/repository/org/apache/hadoop/hadoop-auth/3.3.5/hadoop-auth-3.3.5.jar:/home/runner/.m2/repository/org/apache/kerby/kerb-core/1.0.1/kerb-core-1.0.1.jar:/home/runner/.m2/repository/org/apache/kerby/kerby-pkix/1.0.1/kerby-pkix-1.0.1.jar:/home/runner/.m2/repository/org/apache/kerby/kerby-asn1/1.0.1/kerby-asn1-1.0.1.jar:/home/runner/.m2/repository/org/apache/kerby/kerby-util/1.0.1/kerby-util-1.0.1.jar:/home/runner/.m2/repository/org/codehaus/woodstox/stax2-api/4.2.1/stax2-api-4.2.1.jar:/home/runner/.m2/repository/com/fasterxml/woodstox/woodstox-core/5.4.0/woodstox-core-5.4.0.jar:/home/runner/.m2/repository/org/xerial/snappy/snappy-java/1.1.8.2/snappy-java-1.1.8.2.jar:/home/runner/.m2/repository/org/apache/hadoop/hadoop-hdfs/3.3.5/hadoop-hdfs-3.3.5.jar:/home/runner/.m2/repository/info/picocli/picocli/4.6.1/picocli-4.6.1.jar:/home/runner/.m2/repository/com/google/protobuf/protobuf-java/2.5.0/protobuf-java-2.5.0.jar:/home/runner/.m2/repository/com/google/guava/guava/31.1-jre/guava-31.1-jre.jar:/home/runner/.m2/repository/com/google/guava/failureaccess/1.0.1/failureaccess-1.0.1.jar:/home/runner/.m2/repository/com/google/guava/listenablefuture/9999.0-empty-to-avoid-conflict-with-guava/listenablefuture-9999.0-empty-to-avoid-conflict-with-guava.jar:/home/runner/.m2/repository/org/checkerframework/checker-qual/3.12.0/checker-qual-3.12.0.jar:/home/runner/.m2/repository/com/google/errorprone/error_prone_annotations/2.2.0/error_prone_annotations-2.2.0.jar:/home/runner/.m2/repository/com/google/j2objc/j2objc-annotations/1.3/j2objc-annotations-1.3.jar:/home/runner/.m2/repository/org/apache/commons/commons-lang3/3.7/commons-lang3-3.7.jar:/home/runner/.m2/repository/commons-io/commons-io/2.11.0/commons-io-2.11.0.jar:/home/runner/.m2/repository/com/fasterxml/jackson/core/jackson-annotations/2.13.4/jackson-annotations-2.13.4.jar:/home/runner/.m2/repository/com/fasterxml/jackson/datatype/jackson-datatype-jsr310/2.13.4/jackson-datatype-jsr310-2.13.4.jar:/home/runner/.m2/repository/com/fasterxml/jackson/core/jackson-core/2.13.4/jackson-core-2.13.4.jar:/home/runner/.m2/repository/com/fasterxml/jackson/core/jackson-databind/2.13.4.2/jackson-databind-2.13.4.2.jar:/home/runner/work/ozone/ozone/hadoop-hdds/annotations/target/classes:/home/runner/work/ozone/ozone/hadoop-hdds/config/target/classes:/home/runner/.m2/repository/javax/annotation/javax.annotation-api/1.2/javax.annotation-api-1.2.jar:/home/runner/.m2/repository/org/apache/ratis/ratis-server/2.5.1/ratis-server-2.5.1.jar:/home/runner/.m2/repository/org/apache/ratis/ratis-thirdparty-misc/1.0.4/ratis-thirdparty-misc-1.0.4.jar:/home/runner/.m2/repository/org/apache/ratis/ratis-proto/2.5.1/ratis-proto-2.5.1.jar:/home/runner/.m2/repository/org/apache/ratis/ratis-common/2.5.1/ratis-common-2.5.1.jar:/home/runner/.m2/repository/org/apache/ratis/ratis-client/2.5.1/ratis-client-2.5.1.jar:/home/runner/.m2/repository/org/apache/ratis/ratis-server-api/2.5.1/ratis-server-api-2.5.1.jar:/home/runner/.m2/repository/org/apache/ratis/ratis-metrics/2.5.1/ratis-metrics-2.5.1.jar:/home/runner/.m2/repository/org/apache/ratis/ratis-netty/2.5.1/ratis-netty-2.5.1.jar:/home/runner/.m2/repository/org/apache/ratis/ratis-grpc/2.5.1/ratis-grpc-2.5.1.jar:/home/runner/.m2/repository/org/apache/logging/log4j/log4j-api/2.17.1/log4j-api-2.17.1.jar:/home/runner/.m2/repository/org/apache/commons/commons-pool2/2.6.0/commons-pool2-2.6.0.jar:/home/runner/.m2/repository/org/bouncycastle/bcpkix-jdk15on/1.67/bcpkix-jdk15on-1.67.jar:/home/runner/.m2/repository/org/bouncycastle/bcprov-jdk15on/1.67/bcprov-jdk15on-1.67.jar:/home/runner/.m2/repository/commons-validator/commons-validator/1.6/commons-validator-1.6.jar:/home/runner/.m2/repository/commons-beanutils/commons-beanutils/1.9.4/commons-beanutils-1.9.4.jar:/home/runner/.m2/repository/commons-digester/commons-digester/1.8.1/commons-digester-1.8.1.jar:/home/runner/.m2/repository/commons-collections/commons-collections/3.2.2/commons-collections-3.2.2.jar:/home/runner/.m2/repository/io/jaegertracing/jaeger-client/1.6.0/jaeger-client-1.6.0.jar:/home/runner/.m2/repository/io/jaegertracing/jaeger-thrift/1.6.0/jaeger-thrift-1.6.0.jar:/home/runner/.m2/repository/org/apache/thrift/libthrift/0.14.1/libthrift-0.14.1.jar:/home/runner/.m2/repository/io/jaegertracing/jaeger-core/1.6.0/jaeger-core-1.6.0.jar:/home/runner/.m2/repository/com/google/code/gson/gson/2.9.0/gson-2.9.0.jar:/home/runner/.m2/repository/io/jaegertracing/jaeger-tracerresolver/1.6.0/jaeger-tracerresolver-1.6.0.jar:/home/runner/.m2/repository/io/opentracing/contrib/opentracing-tracerresolver/0.1.8/opentracing-tracerresolver-0.1.8.jar:/home/runner/.m2/repository/org/jetbrains/kotlin/kotlin-stdlib/1.6.21/kotlin-stdlib-1.6.21.jar:/home/runner/.m2/repository/org/jetbrains/kotlin/kotlin-stdlib-common/1.6.21/kotlin-stdlib-common-1.6.21.jar:/home/runner/.m2/repository/org/jetbrains/annotations/13.0/annotations-13.0.jar:/home/runner/.m2/repository/io/opentracing/opentracing-util/0.33.0/opentracing-util-0.33.0.jar:/home/runner/.m2/repository/io/opentracing/opentracing-api/0.33.0/opentracing-api-0.33.0.jar:/home/runner/.m2/repository/io/opentracing/opentracing-noop/0.33.0/opentracing-noop-0.33.0.jar:/home/runner/.m2/repository/org/reflections/reflections/0.9.11/reflections-0.9.11.jar:/home/runner/.m2/repository/org/javassist/javassist/3.21.0-GA/javassist-3.21.0-GA.jar:/home/runner/work/ozone/ozone/hadoop-hdds/interface-client/target/classes:/home/runner/.m2/repository/org/apache/hadoop/thirdparty/hadoop-shaded-protobuf_3_7/1.1.1/hadoop-shaded-protobuf_3_7-1.1.1.jar:/home/runner/work/ozone/ozone/hadoop-hdds/interface-admin/target/classes:/home/runner/.m2/repository/io/grpc/grpc-api/1.51.1/grpc-api-1.51.1.jar:/home/runner/.m2/repository/io/grpc/grpc-context/1.51.1/grpc-context-1.51.1.jar:/home/runner/work/ozone/ozone/hadoop-hdds/test-utils/target/classes:/home/runner/.m2/repository/commons-logging/commons-logging/1.2/commons-logging-1.2.jar:/home/runner/.m2/repository/org/junit/jupiter/junit-jupiter-api/5.8.2/junit-jupiter-api-5.8.2.jar:/home/runner/.m2/repository/org/opentest4j/opentest4j/1.2.0/opentest4j-1.2.0.jar:/home/runner/.m2/repository/org/junit/platform/junit-platform-commons/1.8.2/junit-platform-commons-1.8.2.jar:/home/runner/.m2/repository/ch/qos/reload4j/reload4j/1.2.22/reload4j-1.2.22.jar:/home/runner/.m2/repository/org/slf4j/slf4j-api/1.7.36/slf4j-api-1.7.36.jar:/home/runner/.m2/repository/org/apache/commons/commons-compress/1.21/commons-compress-1.21.jar:/home/runner/.m2/repository/com/github/luben/zstd-jni/1.5.2-5/zstd-jni-1.5.2-5.jar:/home/runner/work/ozone/ozone/hadoop-hdds/common/target/test-classes:/home/runner/work/ozone/ozone/hadoop-hdds/framework/target/classes:/home/runner/work/ozone/ozone/hadoop-hdds/interface-server/target/classes:/home/runner/work/ozone/ozone/hadoop-hdds/managed-rocksdb/target/classes:/home/runner/.m2/repository/org/rocksdb/rocksdbjni/7.7.3/rocksdbjni-7.7.3.jar:/home/runner/work/ozone/ozone/hadoop-hdds/hadoop-dependency-server/target/classes:/home/runner/.m2/repository/commons-cli/commons-cli/1.2/commons-cli-1.2.jar:/home/runner/.m2/repository/org/apache/commons/commons-configuration2/2.1.1/commons-configuration2-2.1.1.jar:/home/runner/.m2/repository/org/apache/logging/log4j/log4j-core/2.17.1/log4j-core-2.17.1.jar:/home/runner/.m2/repository/com/lmax/disruptor/3.4.2/disruptor-3.4.2.jar:/home/runner/.m2/repository/org/eclipse/jetty/jetty-util/9.4.51.v20230217/jetty-util-9.4.51.v20230217.jar:/home/runner/.m2/repository/org/eclipse/jetty/jetty-server/9.4.51.v20230217/jetty-server-9.4.51.v20230217.jar:/home/runner/.m2/repository/javax/servlet/javax.servlet-api/3.1.0/javax.servlet-api-3.1.0.jar:/home/runner/.m2/repository/org/eclipse/jetty/jetty-http/9.4.51.v20230217/jetty-http-9.4.51.v20230217.jar:/home/runner/.m2/repository/org/eclipse/jetty/jetty-io/9.4.51.v20230217/jetty-io-9.4.51.v20230217.jar:/home/runner/.m2/repository/org/eclipse/jetty/jetty-servlet/9.4.51.v20230217/jetty-servlet-9.4.51.v20230217.jar:/home/runner/.m2/repository/org/eclipse/jetty/jetty-security/9.4.51.v20230217/jetty-security-9.4.51.v20230217.jar:/home/runner/.m2/repository/org/eclipse/jetty/jetty-util-ajax/9.4.51.v20230217/jetty-util-ajax-9.4.51.v20230217.jar:/home/runner/.m2/repository/org/eclipse/jetty/jetty-webapp/9.4.51.v20230217/jetty-webapp-9.4.51.v20230217.jar:/home/runner/.m2/repository/org/eclipse/jetty/jetty-xml/9.4.51.v20230217/jetty-xml-9.4.51.v20230217.jar:/home/runner/.m2/repository/io/prometheus/simpleclient_dropwizard/0.7.0/simpleclient_dropwizard-0.7.0.jar:/home/runner/.m2/repository/io/prometheus/simpleclient/0.7.0/simpleclient-0.7.0.jar:/home/runner/.m2/repository/io/prometheus/simpleclient_common/0.7.0/simpleclient_common-0.7.0.jar:/home/runner/.m2/repository/org/apache/hadoop/hadoop-hdfs-client/3.3.5/hadoop-hdfs-client-3.3.5.jar:/home/runner/.m2/repository/com/squareup/okhttp3/okhttp/4.9.3/okhttp-4.9.3.jar:/home/runner/.m2/repository/com/squareup/okio/okio/2.8.0/okio-2.8.0.jar:/home/runner/work/ozone/ozone/hadoop-hdds/rocksdb-checkpoint-differ/target/classes:/home/runner/work/ozone/ozone/hadoop-hdds/rocks-native/target/classes:/home/runner/.m2/repository/org/awaitility/awaitility/4.2.0/awaitility-4.2.0.jar:/home/runner/.m2/repository/org/hamcrest/hamcrest/2.1/hamcrest-2.1.jar:/home/runner/work/ozone/ozone/hadoop-hdds/client/target/classes:/home/runner/work/ozone/ozone/hadoop-hdds/erasurecode/target/classes:/home/runner/.m2/repository/commons-codec/commons-codec/1.15/commons-codec-1.15.jar:/home/runner/.m2/repository/io/dropwizard/metrics/metrics-core/3.2.4/metrics-core-3.2.4.jar:/home/runner/.m2/repository/org/mockito/mockito-core/2.28.2/mockito-core-2.28.2.jar:/home/runner/.m2/repository/net/bytebuddy/byte-buddy/1.9.10/byte-buddy-1.9.10.jar:/home/runner/.m2/repository/net/bytebuddy/byte-buddy-agent/1.9.10/byte-buddy-agent-1.9.10.jar:/home/runner/.m2/repository/org/objenesis/objenesis/1.0/objenesis-1.0.jar:/home/runner/.m2/repository/org/yaml/snakeyaml/2.0/snakeyaml-2.0.jar:/home/runner/work/ozone/ozone/hadoop-hdds/docs/target/classes:/home/runner/.m2/repository/com/github/spotbugs/spotbugs-annotations/3.1.12/spotbugs-annotations-3.1.12.jar:/home/runner/.m2/repository/com/google/code/findbugs/jsr305/3.0.0/jsr305-3.0.0.jar:/home/runner/.m2/repository/org/powermock/powermock-module-junit4/2.0.4/powermock-module-junit4-2.0.4.jar:/home/runner/.m2/repository/org/powermock/powermock-module-junit4-common/2.0.4/powermock-module-junit4-common-2.0.4.jar:/home/runner/.m2/repository/org/powermock/powermock-reflect/2.0.4/powermock-reflect-2.0.4.jar:/home/runner/.m2/repository/org/powermock/powermock-core/2.0.4/powermock-core-2.0.4.jar:/home/runner/.m2/repository/org/hamcrest/hamcrest-core/1.3/hamcrest-core-1.3.jar:/home/runner/.m2/repository/org/powermock/powermock-api-mockito2/2.0.4/powermock-api-mockito2-2.0.4.jar:/home/runner/.m2/repository/org/powermock/powermock-api-support/2.0.4/powermock-api-support-2.0.4.jar:/home/runner/work/ozone/ozone/hadoop-hdds/hadoop-dependency-test/target/classes:/home/runner/.m2/repository/org/apache/hadoop/hadoop-common/3.3.5/hadoop-common-3.3.5-tests.jar:/home/runner/.m2/repository/org/apache/hadoop/hadoop-hdfs/3.3.5/hadoop-hdfs-3.3.5-tests.jar:/home/runner/.m2/repository/org/assertj/assertj-core/3.12.2/assertj-core-3.12.2.jar:/home/runner/.m2/repository/org/slf4j/slf4j-reload4j/1.7.36/slf4j-reload4j-1.7.36.jar:/home/runner/.m2/repository/javax/xml/bind/jaxb-api/2.3.0/jaxb-api-2.3.0.jar:/home/runner/.m2/repository/org/glassfish/jaxb/jaxb-runtime/2.3.0.1/jaxb-runtime-2.3.0.1.jar:/home/runner/.m2/repository/org/glassfish/jaxb/jaxb-core/2.3.0.1/jaxb-core-2.3.0.1.jar:/home/runner/.m2/repository/org/glassfish/jaxb/txw2/2.3.0.1/txw2-2.3.0.1.jar:/home/runner/.m2/repository/com/sun/istack/istack-commons-runtime/3.0.5/istack-commons-runtime-3.0.5.jar:/home/runner/.m2/repository/org/jvnet/staxex/stax-ex/1.7.8/stax-ex-1.7.8.jar:/home/runner/.m2/repository/com/sun/xml/fastinfoset/FastInfoset/1.2.13/FastInfoset-1.2.13.jar:/home/runner/.m2/repository/io/netty/netty-transport/4.1.86.Final/netty-transport-4.1.86.Final.jar:/home/runner/.m2/repository/io/netty/netty-common/4.1.86.Final/netty-common-4.1.86.Final.jar:/home/runner/.m2/repository/io/netty/netty-buffer/4.1.86.Final/netty-buffer-4.1.86.Final.jar:/home/runner/.m2/repository/io/netty/netty-resolver/4.1.86.Final/netty-resolver-4.1.86.Final.jar:/home/runner/.m2/repository/io/netty/netty-codec/4.1.86.Final/netty-codec-4.1.86.Final.jar:/home/runner/.m2/repository/io/netty/netty-handler/4.1.86.Final/netty-handler-4.1.86.Final.jar:/home/runner/.m2/repository/io/netty/netty-transport-native-unix-common/4.1.86.Final/netty-transport-native-unix-common-4.1.86.Final.jar:/home/runner/.m2/repository/org/apache/commons/commons-text/1.4/commons-text-1.4.jar:/home/runner/.m2/repository/org/mockito/mockito-junit-jupiter/2.28.2/mockito-junit-jupiter-2.28.2.jar:/home/runner/.m2/repository/org/junit/jupiter/junit-jupiter-params/5.8.2/junit-jupiter-params-5.8.2.jar:/home/runner/.m2/repository/org/apiguardian/apiguardian-api/1.1.2/apiguardian-api-1.1.2.jar:/home/runner/.m2/repository/junit/junit/4.13.1/junit-4.13.1.jar:"/>
    <property name="sun.cpu.endian" value="little"/>
    <property name="user.home" value="/home/runner"/>
    <property name="user.language" value="en"/>
    <property name="java.specification.vendor" value="Oracle Corporation"/>
    <property name="java.home" value="/usr/lib/jvm/temurin-8-jdk-amd64/jre"/>
    <property name="java.security.krb5.conf" value="/home/runner/work/ozone/ozone/hadoop-hdds/container-service/target/test-classes/krb5.conf"/>
    <property name="basedir" value="/home/runner/work/ozone/ozone/hadoop-hdds/container-service"/>
    <property name="file.separator" value="/"/>
    <property name="line.separator" value="&#10;"/>
    <property name="java.vm.specification.vendor" value="Oracle Corporation"/>
    <property name="java.specification.name" value="Java Platform API Specification"/>
    <property name="java.awt.graphicsenv" value="sun.awt.X11GraphicsEnvironment"/>
    <property name="skip.installnpx" value="true"/>
    <property name="surefire.real.class.path" value="/home/runner/work/ozone/ozone/hadoop-hdds/container-service/target/surefire/surefirebooter3279485568909805048.jar:/home/runner/.m2/repository/org/jacoco/org.jacoco.agent/0.8.5/org.jacoco.agent-0.8.5-runtime.jar"/>
    <property name="hadoop.log.dir" value="/home/runner/work/ozone/ozone/hadoop-hdds/container-service/target/log"/>
    <property name="sun.boot.class.path" value="/usr/lib/jvm/temurin-8-jdk-amd64/jre/lib/resources.jar:/usr/lib/jvm/temurin-8-jdk-amd64/jre/lib/rt.jar:/usr/lib/jvm/temurin-8-jdk-amd64/jre/lib/sunrsasign.jar:/usr/lib/jvm/temurin-8-jdk-amd64/jre/lib/jsse.jar:/usr/lib/jvm/temurin-8-jdk-amd64/jre/lib/jce.jar:/usr/lib/jvm/temurin-8-jdk-amd64/jre/lib/charsets.jar:/usr/lib/jvm/temurin-8-jdk-amd64/jre/lib/jfr.jar:/usr/lib/jvm/temurin-8-jdk-amd64/jre/classes"/>
    <property name="sun.management.compiler" value="HotSpot 64-Bit Tiered Compilers"/>
    <property name="skip.npx" value="true"/>
    <property name="java.runtime.version" value="1.8.0_362-b09"/>
    <property name="java.net.preferIPv4Stack" value="true"/>
    <property name="user.name" value="runner"/>
    <property name="path.separator" value=":"/>
    <property name="java.security.egd" value="file:///dev/urandom"/>
    <property name="os.version" value="5.15.0-1037-azure"/>
    <property name="java.endorsed.dirs" value="/usr/lib/jvm/temurin-8-jdk-amd64/jre/lib/endorsed"/>
    <property name="java.runtime.name" value="OpenJDK Runtime Environment"/>
    <property name="file.encoding" value="UTF-8"/>
    <property name="java.vm.name" value="OpenJDK 64-Bit Server VM"/>
    <property name="test.build.webapps" value=""/>
    <property name="localRepository" value="/home/runner/.m2/repository"/>
    <property name="java.vendor.url.bug" value="https://github.com/adoptium/adoptium-support/issues"/>
    <property name="java.io.tmpdir" value="/tmp"/>
    <property name="require.test.libhadoop" value=""/>
    <property name="java.version" value="1.8.0_362"/>
    <property name="user.dir" value="/home/runner/work/ozone/ozone/hadoop-hdds/container-service"/>
    <property name="os.arch" value="amd64"/>
    <property name="java.vm.specification.name" value="Java Virtual Machine Specification"/>
    <property name="test.build.classes" value="/home/runner/work/ozone/ozone/hadoop-hdds/container-service/target/test-classes"/>
    <property name="java.awt.printerjob" value="sun.print.PSPrinterJob"/>
    <property name="sun.os.patch.level" value="unknown"/>
    <property name="hadoop.tmp.dir" value="/home/runner/work/ozone/ozone/hadoop-hdds/container-service/target/tmp"/>
    <property name="java.library.path" value="/usr/java/packages/lib/amd64:/usr/lib64:/lib64:/lib:/usr/lib"/>
    <property name="java.vm.info" value="mixed mode"/>
    <property name="java.vendor" value="Temurin"/>
    <property name="java.vm.version" value="25.362-b09"/>
    <property name="java.specification.maintenance.version" value="4"/>
    <property name="java.ext.dirs" value="/usr/lib/jvm/temurin-8-jdk-amd64/jre/lib/ext:/usr/java/packages/lib/ext"/>
    <property name="sun.io.unicode.encoding" value="UnicodeLittle"/>
    <property name="java.class.version" value="52.0"/>
  </properties>
  <testcase name="testCreateContainer" classname="TestContainerPersistence" time="0.642">
    <system-out><![CDATA[2023-05-26 19:30:39,210 [Time-limited test] INFO  volume.HddsVolume (HddsVolume.java:<init>(130)) - Creating HddsVolume: /home/runner/work/ozone/ozone/hadoop-hdds/container-service/target/test-dir/TestContainerPersistence/hdds of storage type : DISK capacity : 9223372036854775807
2023-05-26 19:30:39,213 [Time-limited test] INFO  volume.MutableVolumeSet (MutableVolumeSet.java:initializeVolumeSet(175)) - Added Volume : /home/runner/work/ozone/ozone/hadoop-hdds/container-service/target/test-dir/TestContainerPersistence/hdds to VolumeSet
2023-05-26 19:30:39,689 [Time-limited test] WARN  util.NativeCodeLoader (NativeCodeLoader.java:<clinit>(60)) - Unable to load native-hadoop library for your platform... using builtin-java classes where applicable
2023-05-26 19:30:39,701 [Time-limited test] INFO  impl.TestContainerPersistence (TestContainerPersistence.java:cleanupDir(184)) - Deleting /home/runner/work/ozone/ozone/hadoop-hdds/container-service/target/test-dir/TestContainerPersistence
]]></system-out>
  </testcase>
  <testcase name="testCreateContainer" classname="TestContainerPersistence" time="0.038">
    <system-out><![CDATA[2023-05-26 19:30:42,762 [Time-limited test] INFO  volume.HddsVolume (HddsVolume.java:<init>(130)) - Creating HddsVolume: /home/runner/work/ozone/ozone/hadoop-hdds/container-service/target/test-dir/TestContainerPersistence/hdds of storage type : DISK capacity : 9223372036854775807
2023-05-26 19:30:42,763 [Time-limited test] INFO  volume.MutableVolumeSet (MutableVolumeSet.java:initializeVolumeSet(175)) - Added Volume : /home/runner/work/ozone/ozone/hadoop-hdds/container-service/target/test-dir/TestContainerPersistence/hdds to VolumeSet
2023-05-26 19:30:42,796 [Time-limited test] INFO  impl.TestContainerPersistence (TestContainerPersistence.java:cleanupDir(184)) - Deleting /home/runner/work/ozone/ozone/hadoop-hdds/container-service/target/test-dir/TestContainerPersistence
]]></system-out>
  </testcase>
  <testcase name="testCreateContainer" classname="TestContainerPersistence" time="0.044">
    <system-out><![CDATA[2023-05-26 19:30:44,828 [Time-limited test] INFO  volume.HddsVolume (HddsVolume.java:<init>(130)) - Creating HddsVolume: /home/runner/work/ozone/ozone/hadoop-hdds/container-service/target/test-dir/TestContainerPersistence/hdds of storage type : DISK capacity : 9223372036854775807
2023-05-26 19:30:44,829 [Time-limited test] INFO  volume.MutableVolumeSet (MutableVolumeSet.java:initializeVolumeSet(175)) - Added Volume : /home/runner/work/ozone/ozone/hadoop-hdds/container-service/target/test-dir/TestContainerPersistence/hdds to VolumeSet
2023-05-26 19:30:44,868 [Time-limited test] INFO  impl.TestContainerPersistence (TestContainerPersistence.java:cleanupDir(184)) - Deleting /home/runner/work/ozone/ozone/hadoop-hdds/container-service/target/test-dir/TestContainerPersistence
]]></system-out>
  </testcase>
  <testcase name="testCreateContainer" classname="TestContainerPersistence" time="0.04">
    <system-out><![CDATA[2023-05-26 19:30:46,987 [Time-limited test] INFO  volume.HddsVolume (HddsVolume.java:<init>(130)) - Creating HddsVolume: /home/runner/work/ozone/ozone/hadoop-hdds/container-service/target/test-dir/TestContainerPersistence/hdds of storage type : DISK capacity : 9223372036854775807
2023-05-26 19:30:46,987 [Time-limited test] INFO  volume.MutableVolumeSet (MutableVolumeSet.java:initializeVolumeSet(175)) - Added Volume : /home/runner/work/ozone/ozone/hadoop-hdds/container-service/target/test-dir/TestContainerPersistence/hdds to VolumeSet
2023-05-26 19:30:47,020 [Time-limited test] INFO  utils.DatanodeStoreCache (DatanodeStoreCache.java:addDB(66)) - Added db /home/runner/work/ozone/ozone/hadoop-hdds/container-service/target/test-dir/TestContainerPersistence/hdds/00f82e49-79b1-4abf-8fee-afa54913e9c6/DS-08427632-9a68-4366-b816-bae3a1bb05f2/container.db to cache
2023-05-26 19:30:47,021 [Time-limited test] INFO  volume.HddsVolume (HddsVolume.java:createDbStore(350)) - SchemaV3 db is created and loaded at /home/runner/work/ozone/ozone/hadoop-hdds/container-service/target/test-dir/TestContainerPersistence/hdds/00f82e49-79b1-4abf-8fee-afa54913e9c6/DS-08427632-9a68-4366-b816-bae3a1bb05f2/container.db for volume DS-08427632-9a68-4366-b816-bae3a1bb05f2
2023-05-26 19:30:47,024 [Time-limited test] INFO  impl.TestContainerPersistence (TestContainerPersistence.java:cleanupDir(184)) - Deleting /home/runner/work/ozone/ozone/hadoop-hdds/container-service/target/test-dir/TestContainerPersistence
]]></system-out>
  </testcase>
  <testcase name="testCreateContainer" classname="TestContainerPersistence" time="0.043">
    <system-out><![CDATA[2023-05-26 19:30:48,533 [Time-limited test] INFO  volume.HddsVolume (HddsVolume.java:<init>(130)) - Creating HddsVolume: /home/runner/work/ozone/ozone/hadoop-hdds/container-service/target/test-dir/TestContainerPersistence/hdds of storage type : DISK capacity : 9223372036854775807
2023-05-26 19:30:48,533 [Time-limited test] INFO  volume.MutableVolumeSet (MutableVolumeSet.java:initializeVolumeSet(175)) - Added Volume : /home/runner/work/ozone/ozone/hadoop-hdds/container-service/target/test-dir/TestContainerPersistence/hdds to VolumeSet
2023-05-26 19:30:48,571 [Time-limited test] INFO  impl.TestContainerPersistence (TestContainerPersistence.java:cleanupDir(184)) - Deleting /home/runner/work/ozone/ozone/hadoop-hdds/container-service/target/test-dir/TestContainerPersistence
]]></system-out>
  </testcase>
  <testcase name="testCreateContainer" classname="TestContainerPersistence" time="0.04">
    <system-out><![CDATA[2023-05-26 19:30:50,076 [Time-limited test] INFO  volume.HddsVolume (HddsVolume.java:<init>(130)) - Creating HddsVolume: /home/runner/work/ozone/ozone/hadoop-hdds/container-service/target/test-dir/TestContainerPersistence/hdds of storage type : DISK capacity : 9223372036854775807
2023-05-26 19:30:50,076 [Time-limited test] INFO  volume.MutableVolumeSet (MutableVolumeSet.java:initializeVolumeSet(175)) - Added Volume : /home/runner/work/ozone/ozone/hadoop-hdds/container-service/target/test-dir/TestContainerPersistence/hdds to VolumeSet
2023-05-26 19:30:50,112 [Time-limited test] INFO  impl.TestContainerPersistence (TestContainerPersistence.java:cleanupDir(184)) - Deleting /home/runner/work/ozone/ozone/hadoop-hdds/container-service/target/test-dir/TestContainerPersistence
]]></system-out>
  </testcase>
  <testcase name="testCreateContainer" classname="TestContainerPersistence" time="0.035">
    <system-out><![CDATA[2023-05-26 19:30:51,469 [Time-limited test] INFO  volume.HddsVolume (HddsVolume.java:<init>(130)) - Creating HddsVolume: /home/runner/work/ozone/ozone/hadoop-hdds/container-service/target/test-dir/TestContainerPersistence/hdds of storage type : DISK capacity : 9223372036854775807
2023-05-26 19:30:51,469 [Time-limited test] INFO  volume.MutableVolumeSet (MutableVolumeSet.java:initializeVolumeSet(175)) - Added Volume : /home/runner/work/ozone/ozone/hadoop-hdds/container-service/target/test-dir/TestContainerPersistence/hdds to VolumeSet
2023-05-26 19:30:51,501 [Time-limited test] INFO  impl.TestContainerPersistence (TestContainerPersistence.java:cleanupDir(184)) - Deleting /home/runner/work/ozone/ozone/hadoop-hdds/container-service/target/test-dir/TestContainerPersistence
]]></system-out>
  </testcase>
  <testcase name="testCreateContainer" classname="TestContainerPersistence" time="0.032">
    <system-out><![CDATA[2023-05-26 19:30:52,837 [Time-limited test] INFO  volume.HddsVolume (HddsVolume.java:<init>(130)) - Creating HddsVolume: /home/runner/work/ozone/ozone/hadoop-hdds/container-service/target/test-dir/TestContainerPersistence/hdds of storage type : DISK capacity : 9223372036854775807
2023-05-26 19:30:52,837 [Time-limited test] INFO  volume.MutableVolumeSet (MutableVolumeSet.java:initializeVolumeSet(175)) - Added Volume : /home/runner/work/ozone/ozone/hadoop-hdds/container-service/target/test-dir/TestContainerPersistence/hdds to VolumeSet
2023-05-26 19:30:52,864 [Time-limited test] INFO  utils.DatanodeStoreCache (DatanodeStoreCache.java:addDB(66)) - Added db /home/runner/work/ozone/ozone/hadoop-hdds/container-service/target/test-dir/TestContainerPersistence/hdds/00f82e49-79b1-4abf-8fee-afa54913e9c6/DS-91bec4d3-8afe-44c4-b955-d5aa0ca41605/container.db to cache
2023-05-26 19:30:52,864 [Time-limited test] INFO  volume.HddsVolume (HddsVolume.java:createDbStore(350)) - SchemaV3 db is created and loaded at /home/runner/work/ozone/ozone/hadoop-hdds/container-service/target/test-dir/TestContainerPersistence/hdds/00f82e49-79b1-4abf-8fee-afa54913e9c6/DS-91bec4d3-8afe-44c4-b955-d5aa0ca41605/container.db for volume DS-91bec4d3-8afe-44c4-b955-d5aa0ca41605
2023-05-26 19:30:52,866 [Time-limited test] INFO  impl.TestContainerPersistence (TestContainerPersistence.java:cleanupDir(184)) - Deleting /home/runner/work/ozone/ozone/hadoop-hdds/container-service/target/test-dir/TestContainerPersistence
]]></system-out>
  </testcase>
  <testcase name="testPutBlock" classname="TestContainerPersistence" time="0.273">
    <system-out><![CDATA[2023-05-26 19:30:39,719 [Time-limited test] INFO  volume.HddsVolume (HddsVolume.java:<init>(130)) - Creating HddsVolume: /home/runner/work/ozone/ozone/hadoop-hdds/container-service/target/test-dir/TestContainerPersistence/hdds of storage type : DISK capacity : 9223372036854775807
2023-05-26 19:30:39,719 [Time-limited test] INFO  volume.MutableVolumeSet (MutableVolumeSet.java:initializeVolumeSet(175)) - Added Volume : /home/runner/work/ozone/ozone/hadoop-hdds/container-service/target/test-dir/TestContainerPersistence/hdds to VolumeSet
2023-05-26 19:30:39,981 [Time-limited test] INFO  impl.TestContainerPersistence (TestContainerPersistence.java:cleanupDir(184)) - Deleting /home/runner/work/ozone/ozone/hadoop-hdds/container-service/target/test-dir/TestContainerPersistence
]]></system-out>
  </testcase>
  <testcase name="testPutBlock" classname="TestContainerPersistence" time="0.038">
    <system-out><![CDATA[2023-05-26 19:30:42,800 [Time-limited test] INFO  volume.HddsVolume (HddsVolume.java:<init>(130)) - Creating HddsVolume: /home/runner/work/ozone/ozone/hadoop-hdds/container-service/target/test-dir/TestContainerPersistence/hdds of storage type : DISK capacity : 9223372036854775807
2023-05-26 19:30:42,800 [Time-limited test] INFO  volume.MutableVolumeSet (MutableVolumeSet.java:initializeVolumeSet(175)) - Added Volume : /home/runner/work/ozone/ozone/hadoop-hdds/container-service/target/test-dir/TestContainerPersistence/hdds to VolumeSet
2023-05-26 19:30:42,833 [Time-limited test] INFO  impl.TestContainerPersistence (TestContainerPersistence.java:cleanupDir(184)) - Deleting /home/runner/work/ozone/ozone/hadoop-hdds/container-service/target/test-dir/TestContainerPersistence
]]></system-out>
  </testcase>
  <testcase name="testPutBlock" classname="TestContainerPersistence" time="0.05">
    <system-out><![CDATA[2023-05-26 19:30:44,873 [Time-limited test] INFO  volume.HddsVolume (HddsVolume.java:<init>(130)) - Creating HddsVolume: /home/runner/work/ozone/ozone/hadoop-hdds/container-service/target/test-dir/TestContainerPersistence/hdds of storage type : DISK capacity : 9223372036854775807
2023-05-26 19:30:44,873 [Time-limited test] INFO  volume.MutableVolumeSet (MutableVolumeSet.java:initializeVolumeSet(175)) - Added Volume : /home/runner/work/ozone/ozone/hadoop-hdds/container-service/target/test-dir/TestContainerPersistence/hdds to VolumeSet
2023-05-26 19:30:44,918 [Time-limited test] INFO  impl.TestContainerPersistence (TestContainerPersistence.java:cleanupDir(184)) - Deleting /home/runner/work/ozone/ozone/hadoop-hdds/container-service/target/test-dir/TestContainerPersistence
]]></system-out>
  </testcase>
  <testcase name="testPutBlock" classname="TestContainerPersistence" time="0.048">
    <system-out><![CDATA[2023-05-26 19:30:47,032 [Time-limited test] INFO  volume.HddsVolume (HddsVolume.java:<init>(130)) - Creating HddsVolume: /home/runner/work/ozone/ozone/hadoop-hdds/container-service/target/test-dir/TestContainerPersistence/hdds of storage type : DISK capacity : 9223372036854775807
2023-05-26 19:30:47,032 [Time-limited test] INFO  volume.MutableVolumeSet (MutableVolumeSet.java:initializeVolumeSet(175)) - Added Volume : /home/runner/work/ozone/ozone/hadoop-hdds/container-service/target/test-dir/TestContainerPersistence/hdds to VolumeSet
2023-05-26 19:30:47,064 [Time-limited test] INFO  utils.DatanodeStoreCache (DatanodeStoreCache.java:addDB(66)) - Added db /home/runner/work/ozone/ozone/hadoop-hdds/container-service/target/test-dir/TestContainerPersistence/hdds/00f82e49-79b1-4abf-8fee-afa54913e9c6/DS-3646656d-ab4b-4cf0-946c-c04da9c70dfb/container.db to cache
2023-05-26 19:30:47,065 [Time-limited test] INFO  volume.HddsVolume (HddsVolume.java:createDbStore(350)) - SchemaV3 db is created and loaded at /home/runner/work/ozone/ozone/hadoop-hdds/container-service/target/test-dir/TestContainerPersistence/hdds/00f82e49-79b1-4abf-8fee-afa54913e9c6/DS-3646656d-ab4b-4cf0-946c-c04da9c70dfb/container.db for volume DS-3646656d-ab4b-4cf0-946c-c04da9c70dfb
2023-05-26 19:30:47,072 [Time-limited test] INFO  impl.TestContainerPersistence (TestContainerPersistence.java:cleanupDir(184)) - Deleting /home/runner/work/ozone/ozone/hadoop-hdds/container-service/target/test-dir/TestContainerPersistence
]]></system-out>
  </testcase>
  <testcase name="testPutBlock" classname="TestContainerPersistence" time="0.051">
    <system-out><![CDATA[2023-05-26 19:30:48,574 [Time-limited test] INFO  volume.HddsVolume (HddsVolume.java:<init>(130)) - Creating HddsVolume: /home/runner/work/ozone/ozone/hadoop-hdds/container-service/target/test-dir/TestContainerPersistence/hdds of storage type : DISK capacity : 9223372036854775807
2023-05-26 19:30:48,574 [Time-limited test] INFO  volume.MutableVolumeSet (MutableVolumeSet.java:initializeVolumeSet(175)) - Added Volume : /home/runner/work/ozone/ozone/hadoop-hdds/container-service/target/test-dir/TestContainerPersistence/hdds to VolumeSet
2023-05-26 19:30:48,623 [Time-limited test] INFO  impl.TestContainerPersistence (TestContainerPersistence.java:cleanupDir(184)) - Deleting /home/runner/work/ozone/ozone/hadoop-hdds/container-service/target/test-dir/TestContainerPersistence
]]></system-out>
  </testcase>
  <testcase name="testPutBlock" classname="TestContainerPersistence" time="0.041">
    <system-out><![CDATA[2023-05-26 19:30:50,115 [Time-limited test] INFO  volume.HddsVolume (HddsVolume.java:<init>(130)) - Creating HddsVolume: /home/runner/work/ozone/ozone/hadoop-hdds/container-service/target/test-dir/TestContainerPersistence/hdds of storage type : DISK capacity : 9223372036854775807
2023-05-26 19:30:50,115 [Time-limited test] INFO  volume.MutableVolumeSet (MutableVolumeSet.java:initializeVolumeSet(175)) - Added Volume : /home/runner/work/ozone/ozone/hadoop-hdds/container-service/target/test-dir/TestContainerPersistence/hdds to VolumeSet
2023-05-26 19:30:50,153 [Time-limited test] INFO  impl.TestContainerPersistence (TestContainerPersistence.java:cleanupDir(184)) - Deleting /home/runner/work/ozone/ozone/hadoop-hdds/container-service/target/test-dir/TestContainerPersistence
]]></system-out>
  </testcase>
  <testcase name="testPutBlock" classname="TestContainerPersistence" time="0.034">
    <system-out><![CDATA[2023-05-26 19:30:51,504 [Time-limited test] INFO  volume.HddsVolume (HddsVolume.java:<init>(130)) - Creating HddsVolume: /home/runner/work/ozone/ozone/hadoop-hdds/container-service/target/test-dir/TestContainerPersistence/hdds of storage type : DISK capacity : 9223372036854775807
2023-05-26 19:30:51,504 [Time-limited test] INFO  volume.MutableVolumeSet (MutableVolumeSet.java:initializeVolumeSet(175)) - Added Volume : /home/runner/work/ozone/ozone/hadoop-hdds/container-service/target/test-dir/TestContainerPersistence/hdds to VolumeSet
2023-05-26 19:30:51,536 [Time-limited test] INFO  impl.TestContainerPersistence (TestContainerPersistence.java:cleanupDir(184)) - Deleting /home/runner/work/ozone/ozone/hadoop-hdds/container-service/target/test-dir/TestContainerPersistence
]]></system-out>
  </testcase>
  <testcase name="testPutBlock" classname="TestContainerPersistence" time="0.034">
    <system-out><![CDATA[2023-05-26 19:30:52,869 [Time-limited test] INFO  volume.HddsVolume (HddsVolume.java:<init>(130)) - Creating HddsVolume: /home/runner/work/ozone/ozone/hadoop-hdds/container-service/target/test-dir/TestContainerPersistence/hdds of storage type : DISK capacity : 9223372036854775807
2023-05-26 19:30:52,869 [Time-limited test] INFO  volume.MutableVolumeSet (MutableVolumeSet.java:initializeVolumeSet(175)) - Added Volume : /home/runner/work/ozone/ozone/hadoop-hdds/container-service/target/test-dir/TestContainerPersistence/hdds to VolumeSet
2023-05-26 19:30:52,896 [Time-limited test] INFO  utils.DatanodeStoreCache (DatanodeStoreCache.java:addDB(66)) - Added db /home/runner/work/ozone/ozone/hadoop-hdds/container-service/target/test-dir/TestContainerPersistence/hdds/00f82e49-79b1-4abf-8fee-afa54913e9c6/DS-50f3bf5f-fe95-47c6-8fa4-b20c2ad7f5bc/container.db to cache
2023-05-26 19:30:52,896 [Time-limited test] INFO  volume.HddsVolume (HddsVolume.java:createDbStore(350)) - SchemaV3 db is created and loaded at /home/runner/work/ozone/ozone/hadoop-hdds/container-service/target/test-dir/TestContainerPersistence/hdds/00f82e49-79b1-4abf-8fee-afa54913e9c6/DS-50f3bf5f-fe95-47c6-8fa4-b20c2ad7f5bc/container.db for volume DS-50f3bf5f-fe95-47c6-8fa4-b20c2ad7f5bc
2023-05-26 19:30:52,900 [Time-limited test] INFO  impl.TestContainerPersistence (TestContainerPersistence.java:cleanupDir(184)) - Deleting /home/runner/work/ozone/ozone/hadoop-hdds/container-service/target/test-dir/TestContainerPersistence
]]></system-out>
  </testcase>
  <testcase name="testDeleteChunk" classname="TestContainerPersistence" time="0.082">
    <system-out><![CDATA[2023-05-26 19:30:39,991 [Time-limited test] INFO  volume.HddsVolume (HddsVolume.java:<init>(130)) - Creating HddsVolume: /home/runner/work/ozone/ozone/hadoop-hdds/container-service/target/test-dir/TestContainerPersistence/hdds of storage type : DISK capacity : 9223372036854775807
2023-05-26 19:30:39,991 [Time-limited test] INFO  volume.MutableVolumeSet (MutableVolumeSet.java:initializeVolumeSet(175)) - Added Volume : /home/runner/work/ozone/ozone/hadoop-hdds/container-service/target/test-dir/TestContainerPersistence/hdds to VolumeSet
2023-05-26 19:30:40,057 [Time-limited test] INFO  impl.FilePerChunkStrategy (FilePerChunkStrategy.java:deleteChunk(322)) - Deleted chunk file /home/runner/work/ozone/ozone/hadoop-hdds/container-service/target/test-dir/TestContainerPersistence/hdds/00f82e49-79b1-4abf-8fee-afa54913e9c6/current/containerDir85/1685129440005/chunks/1685129440050.data.1 (size 1024) for chunk ChunkInfo{chunkName='1685129440050.data.1, offset=0, len=1024}
2023-05-26 19:30:40,060 [Time-limited test] INFO  impl.TestContainerPersistence (TestContainerPersistence.java:cleanupDir(184)) - Deleting /home/runner/work/ozone/ozone/hadoop-hdds/container-service/target/test-dir/TestContainerPersistence
]]></system-out>
  </testcase>
  <testcase name="testDeleteChunk" classname="TestContainerPersistence" time="0.039">
    <system-out><![CDATA[2023-05-26 19:30:42,838 [Time-limited test] INFO  volume.HddsVolume (HddsVolume.java:<init>(130)) - Creating HddsVolume: /home/runner/work/ozone/ozone/hadoop-hdds/container-service/target/test-dir/TestContainerPersistence/hdds of storage type : DISK capacity : 9223372036854775807
2023-05-26 19:30:42,838 [Time-limited test] INFO  volume.MutableVolumeSet (MutableVolumeSet.java:initializeVolumeSet(175)) - Added Volume : /home/runner/work/ozone/ozone/hadoop-hdds/container-service/target/test-dir/TestContainerPersistence/hdds to VolumeSet
2023-05-26 19:30:42,870 [Time-limited test] INFO  impl.FilePerChunkStrategy (FilePerChunkStrategy.java:deleteChunk(322)) - Deleted chunk file /home/runner/work/ozone/ozone/hadoop-hdds/container-service/target/test-dir/TestContainerPersistence/hdds/00f82e49-79b1-4abf-8fee-afa54913e9c6/current/containerDir91/1685129442845/chunks/1685129442870.data.1 (size 1024) for chunk ChunkInfo{chunkName='1685129442870.data.1, offset=0, len=1024}
2023-05-26 19:30:42,872 [Time-limited test] INFO  impl.TestContainerPersistence (TestContainerPersistence.java:cleanupDir(184)) - Deleting /home/runner/work/ozone/ozone/hadoop-hdds/container-service/target/test-dir/TestContainerPersistence
]]></system-out>
  </testcase>
  <testcase name="testDeleteChunk" classname="TestContainerPersistence" time="0.043">
    <system-out><![CDATA[2023-05-26 19:30:44,923 [Time-limited test] INFO  volume.HddsVolume (HddsVolume.java:<init>(130)) - Creating HddsVolume: /home/runner/work/ozone/ozone/hadoop-hdds/container-service/target/test-dir/TestContainerPersistence/hdds of storage type : DISK capacity : 9223372036854775807
2023-05-26 19:30:44,923 [Time-limited test] INFO  volume.MutableVolumeSet (MutableVolumeSet.java:initializeVolumeSet(175)) - Added Volume : /home/runner/work/ozone/ozone/hadoop-hdds/container-service/target/test-dir/TestContainerPersistence/hdds to VolumeSet
2023-05-26 19:30:44,960 [Time-limited test] INFO  impl.FilePerChunkStrategy (FilePerChunkStrategy.java:deleteChunk(322)) - Deleted chunk file /home/runner/work/ozone/ozone/hadoop-hdds/container-service/target/test-dir/TestContainerPersistence/hdds/00f82e49-79b1-4abf-8fee-afa54913e9c6/current/containerDir95/1685129444930/chunks/1685129444960.data.1 (size 1024) for chunk ChunkInfo{chunkName='1685129444960.data.1, offset=0, len=1024}
2023-05-26 19:30:44,961 [Time-limited test] INFO  impl.TestContainerPersistence (TestContainerPersistence.java:cleanupDir(184)) - Deleting /home/runner/work/ozone/ozone/hadoop-hdds/container-service/target/test-dir/TestContainerPersistence
]]></system-out>
  </testcase>
  <testcase name="testDeleteChunk" classname="TestContainerPersistence" time="0.042">
    <system-out><![CDATA[2023-05-26 19:30:47,076 [Time-limited test] INFO  volume.HddsVolume (HddsVolume.java:<init>(130)) - Creating HddsVolume: /home/runner/work/ozone/ozone/hadoop-hdds/container-service/target/test-dir/TestContainerPersistence/hdds of storage type : DISK capacity : 9223372036854775807
2023-05-26 19:30:47,076 [Time-limited test] INFO  volume.MutableVolumeSet (MutableVolumeSet.java:initializeVolumeSet(175)) - Added Volume : /home/runner/work/ozone/ozone/hadoop-hdds/container-service/target/test-dir/TestContainerPersistence/hdds to VolumeSet
2023-05-26 19:30:47,109 [Time-limited test] INFO  utils.DatanodeStoreCache (DatanodeStoreCache.java:addDB(66)) - Added db /home/runner/work/ozone/ozone/hadoop-hdds/container-service/target/test-dir/TestContainerPersistence/hdds/00f82e49-79b1-4abf-8fee-afa54913e9c6/DS-41291859-0917-425b-9f29-3caf1026ef13/container.db to cache
2023-05-26 19:30:47,109 [Time-limited test] INFO  volume.HddsVolume (HddsVolume.java:createDbStore(350)) - SchemaV3 db is created and loaded at /home/runner/work/ozone/ozone/hadoop-hdds/container-service/target/test-dir/TestContainerPersistence/hdds/00f82e49-79b1-4abf-8fee-afa54913e9c6/DS-41291859-0917-425b-9f29-3caf1026ef13/container.db for volume DS-41291859-0917-425b-9f29-3caf1026ef13
2023-05-26 19:30:47,113 [Time-limited test] INFO  impl.FilePerChunkStrategy (FilePerChunkStrategy.java:deleteChunk(322)) - Deleted chunk file /home/runner/work/ozone/ozone/hadoop-hdds/container-service/target/test-dir/TestContainerPersistence/hdds/00f82e49-79b1-4abf-8fee-afa54913e9c6/current/containerDir99/1685129447109/chunks/1685129447113.data.1 (size 1024) for chunk ChunkInfo{chunkName='1685129447113.data.1, offset=0, len=1024}
2023-05-26 19:30:47,114 [Time-limited test] INFO  impl.TestContainerPersistence (TestContainerPersistence.java:cleanupDir(184)) - Deleting /home/runner/work/ozone/ozone/hadoop-hdds/container-service/target/test-dir/TestContainerPersistence
]]></system-out>
  </testcase>
  <testcase name="testDeleteChunk" classname="TestContainerPersistence" time="0.039">
    <system-out><![CDATA[2023-05-26 19:30:48,626 [Time-limited test] INFO  volume.HddsVolume (HddsVolume.java:<init>(130)) - Creating HddsVolume: /home/runner/work/ozone/ozone/hadoop-hdds/container-service/target/test-dir/TestContainerPersistence/hdds of storage type : DISK capacity : 9223372036854775807
2023-05-26 19:30:48,626 [Time-limited test] INFO  volume.MutableVolumeSet (MutableVolumeSet.java:initializeVolumeSet(175)) - Added Volume : /home/runner/work/ozone/ozone/hadoop-hdds/container-service/target/test-dir/TestContainerPersistence/hdds to VolumeSet
2023-05-26 19:30:48,661 [Time-limited test] INFO  impl.FilePerBlockStrategy (FilePerBlockStrategy.java:deleteChunk(254)) - Deleted block file: /home/runner/work/ozone/ozone/hadoop-hdds/container-service/target/test-dir/TestContainerPersistence/hdds/00f82e49-79b1-4abf-8fee-afa54913e9c6/current/containerDir102/1685129448632/chunks/1685129448660.block
2023-05-26 19:30:48,662 [Time-limited test] INFO  impl.TestContainerPersistence (TestContainerPersistence.java:cleanupDir(184)) - Deleting /home/runner/work/ozone/ozone/hadoop-hdds/container-service/target/test-dir/TestContainerPersistence
]]></system-out>
  </testcase>
  <testcase name="testDeleteChunk" classname="TestContainerPersistence" time="0.039">
    <system-out><![CDATA[2023-05-26 19:30:50,157 [Time-limited test] INFO  volume.HddsVolume (HddsVolume.java:<init>(130)) - Creating HddsVolume: /home/runner/work/ozone/ozone/hadoop-hdds/container-service/target/test-dir/TestContainerPersistence/hdds of storage type : DISK capacity : 9223372036854775807
2023-05-26 19:30:50,158 [Time-limited test] INFO  volume.MutableVolumeSet (MutableVolumeSet.java:initializeVolumeSet(175)) - Added Volume : /home/runner/work/ozone/ozone/hadoop-hdds/container-service/target/test-dir/TestContainerPersistence/hdds to VolumeSet
2023-05-26 19:30:50,192 [Time-limited test] INFO  impl.FilePerBlockStrategy (FilePerBlockStrategy.java:deleteChunk(254)) - Deleted block file: /home/runner/work/ozone/ozone/hadoop-hdds/container-service/target/test-dir/TestContainerPersistence/hdds/00f82e49-79b1-4abf-8fee-afa54913e9c6/current/containerDir105/1685129450165/chunks/1685129450192.block
2023-05-26 19:30:50,193 [Time-limited test] INFO  impl.TestContainerPersistence (TestContainerPersistence.java:cleanupDir(184)) - Deleting /home/runner/work/ozone/ozone/hadoop-hdds/container-service/target/test-dir/TestContainerPersistence
]]></system-out>
  </testcase>
  <testcase name="testDeleteChunk" classname="TestContainerPersistence" time="0.034">
    <system-out><![CDATA[2023-05-26 19:30:51,538 [Time-limited test] INFO  volume.HddsVolume (HddsVolume.java:<init>(130)) - Creating HddsVolume: /home/runner/work/ozone/ozone/hadoop-hdds/container-service/target/test-dir/TestContainerPersistence/hdds of storage type : DISK capacity : 9223372036854775807
2023-05-26 19:30:51,538 [Time-limited test] INFO  volume.MutableVolumeSet (MutableVolumeSet.java:initializeVolumeSet(175)) - Added Volume : /home/runner/work/ozone/ozone/hadoop-hdds/container-service/target/test-dir/TestContainerPersistence/hdds to VolumeSet
2023-05-26 19:30:51,569 [Time-limited test] INFO  impl.FilePerBlockStrategy (FilePerBlockStrategy.java:deleteChunk(254)) - Deleted block file: /home/runner/work/ozone/ozone/hadoop-hdds/container-service/target/test-dir/TestContainerPersistence/hdds/00f82e49-79b1-4abf-8fee-afa54913e9c6/current/containerDir108/1685129451544/chunks/1685129451569.block
2023-05-26 19:30:51,570 [Time-limited test] INFO  impl.TestContainerPersistence (TestContainerPersistence.java:cleanupDir(184)) - Deleting /home/runner/work/ozone/ozone/hadoop-hdds/container-service/target/test-dir/TestContainerPersistence
]]></system-out>
  </testcase>
  <testcase name="testDeleteChunk" classname="TestContainerPersistence" time="0.035">
    <system-out><![CDATA[2023-05-26 19:30:52,904 [Time-limited test] INFO  volume.HddsVolume (HddsVolume.java:<init>(130)) - Creating HddsVolume: /home/runner/work/ozone/ozone/hadoop-hdds/container-service/target/test-dir/TestContainerPersistence/hdds of storage type : DISK capacity : 9223372036854775807
2023-05-26 19:30:52,904 [Time-limited test] INFO  volume.MutableVolumeSet (MutableVolumeSet.java:initializeVolumeSet(175)) - Added Volume : /home/runner/work/ozone/ozone/hadoop-hdds/container-service/target/test-dir/TestContainerPersistence/hdds to VolumeSet
2023-05-26 19:30:52,931 [Time-limited test] INFO  utils.DatanodeStoreCache (DatanodeStoreCache.java:addDB(66)) - Added db /home/runner/work/ozone/ozone/hadoop-hdds/container-service/target/test-dir/TestContainerPersistence/hdds/00f82e49-79b1-4abf-8fee-afa54913e9c6/DS-5dd0a0eb-a2de-4d87-ab47-9ce0d9638125/container.db to cache
2023-05-26 19:30:52,931 [Time-limited test] INFO  volume.HddsVolume (HddsVolume.java:createDbStore(350)) - SchemaV3 db is created and loaded at /home/runner/work/ozone/ozone/hadoop-hdds/container-service/target/test-dir/TestContainerPersistence/hdds/00f82e49-79b1-4abf-8fee-afa54913e9c6/DS-5dd0a0eb-a2de-4d87-ab47-9ce0d9638125/container.db for volume DS-5dd0a0eb-a2de-4d87-ab47-9ce0d9638125
2023-05-26 19:30:52,935 [Time-limited test] INFO  impl.FilePerBlockStrategy (FilePerBlockStrategy.java:deleteChunk(254)) - Deleted block file: /home/runner/work/ozone/ozone/hadoop-hdds/container-service/target/test-dir/TestContainerPersistence/hdds/00f82e49-79b1-4abf-8fee-afa54913e9c6/current/containerDir110/1685129452931/chunks/1685129452935.block
2023-05-26 19:30:52,936 [Time-limited test] INFO  impl.TestContainerPersistence (TestContainerPersistence.java:cleanupDir(184)) - Deleting /home/runner/work/ozone/ozone/hadoop-hdds/container-service/target/test-dir/TestContainerPersistence
]]></system-out>
  </testcase>
  <testcase name="testDeleteNonEmptyContainer" classname="TestContainerPersistence" time="0.101">
    <system-out><![CDATA[2023-05-26 19:30:40,082 [Time-limited test] INFO  volume.HddsVolume (HddsVolume.java:<init>(130)) - Creating HddsVolume: /home/runner/work/ozone/ozone/hadoop-hdds/container-service/target/test-dir/TestContainerPersistence/hdds of storage type : DISK capacity : 9223372036854775807
2023-05-26 19:30:40,083 [Time-limited test] INFO  volume.MutableVolumeSet (MutableVolumeSet.java:initializeVolumeSet(175)) - Added Volume : /home/runner/work/ozone/ozone/hadoop-hdds/container-service/target/test-dir/TestContainerPersistence/hdds to VolumeSet
2023-05-26 19:30:40,138 [Time-limited test] INFO  keyvalue.KeyValueContainer (KeyValueContainer.java:flushAndSyncDB(446)) - Container 1685129440099 is synced with bcsId 0.
2023-05-26 19:30:40,138 [Time-limited test] INFO  keyvalue.KeyValueContainer (KeyValueContainer.java:flushAndSyncDB(446)) - Container 1685129440099 is synced with bcsId 0.
2023-05-26 19:30:40,142 [Time-limited test] INFO  keyvalue.KeyValueContainer (KeyValueContainer.java:close(361)) - Container 1685129440099 is closed with bcsId 0.
2023-05-26 19:30:40,167 [Time-limited test] ERROR keyvalue.KeyValueHandler (KeyValueHandler.java:deleteInternal(1303)) - Received container deletion command for container 1685129440099 but the container is not empty with blockCount 1
2023-05-26 19:30:40,167 [Time-limited test] INFO  impl.TestContainerPersistence (TestContainerPersistence.java:cleanupDir(184)) - Deleting /home/runner/work/ozone/ozone/hadoop-hdds/container-service/target/test-dir/TestContainerPersistence
]]></system-out>
  </testcase>
  <testcase name="testDeleteNonEmptyContainer" classname="TestContainerPersistence" time="0.043">
    <system-out><![CDATA[2023-05-26 19:30:42,877 [Time-limited test] INFO  volume.HddsVolume (HddsVolume.java:<init>(130)) - Creating HddsVolume: /home/runner/work/ozone/ozone/hadoop-hdds/container-service/target/test-dir/TestContainerPersistence/hdds of storage type : DISK capacity : 9223372036854775807
2023-05-26 19:30:42,877 [Time-limited test] INFO  volume.MutableVolumeSet (MutableVolumeSet.java:initializeVolumeSet(175)) - Added Volume : /home/runner/work/ozone/ozone/hadoop-hdds/container-service/target/test-dir/TestContainerPersistence/hdds to VolumeSet
2023-05-26 19:30:42,907 [Time-limited test] INFO  keyvalue.KeyValueContainer (KeyValueContainer.java:flushAndSyncDB(446)) - Container 1685129442884 is synced with bcsId 0.
2023-05-26 19:30:42,907 [Time-limited test] INFO  keyvalue.KeyValueContainer (KeyValueContainer.java:flushAndSyncDB(446)) - Container 1685129442884 is synced with bcsId 0.
2023-05-26 19:30:42,909 [Time-limited test] INFO  keyvalue.KeyValueContainer (KeyValueContainer.java:close(361)) - Container 1685129442884 is closed with bcsId 0.
2023-05-26 19:30:42,915 [Time-limited test] ERROR keyvalue.KeyValueHandler (KeyValueHandler.java:deleteInternal(1303)) - Received container deletion command for container 1685129442884 but the container is not empty with blockCount 1
2023-05-26 19:30:42,916 [Time-limited test] INFO  impl.TestContainerPersistence (TestContainerPersistence.java:cleanupDir(184)) - Deleting /home/runner/work/ozone/ozone/hadoop-hdds/container-service/target/test-dir/TestContainerPersistence
]]></system-out>
  </testcase>
  <testcase name="testDeleteNonEmptyContainer" classname="TestContainerPersistence" time="0.056">
    <system-out><![CDATA[2023-05-26 19:30:44,970 [Time-limited test] INFO  volume.HddsVolume (HddsVolume.java:<init>(130)) - Creating HddsVolume: /home/runner/work/ozone/ozone/hadoop-hdds/container-service/target/test-dir/TestContainerPersistence/hdds of storage type : DISK capacity : 9223372036854775807
2023-05-26 19:30:44,971 [Time-limited test] INFO  volume.MutableVolumeSet (MutableVolumeSet.java:initializeVolumeSet(175)) - Added Volume : /home/runner/work/ozone/ozone/hadoop-hdds/container-service/target/test-dir/TestContainerPersistence/hdds to VolumeSet
2023-05-26 19:30:45,008 [Time-limited test] INFO  keyvalue.KeyValueContainer (KeyValueContainer.java:flushAndSyncDB(446)) - Container 1685129444978 is synced with bcsId 0.
2023-05-26 19:30:45,008 [Time-limited test] INFO  keyvalue.KeyValueContainer (KeyValueContainer.java:flushAndSyncDB(446)) - Container 1685129444978 is synced with bcsId 0.
2023-05-26 19:30:45,009 [Time-limited test] INFO  keyvalue.KeyValueContainer (KeyValueContainer.java:close(361)) - Container 1685129444978 is closed with bcsId 0.
2023-05-26 19:30:45,016 [Time-limited test] ERROR keyvalue.KeyValueHandler (KeyValueHandler.java:deleteInternal(1303)) - Received container deletion command for container 1685129444978 but the container is not empty with blockCount 1
2023-05-26 19:30:45,017 [Time-limited test] INFO  impl.TestContainerPersistence (TestContainerPersistence.java:cleanupDir(184)) - Deleting /home/runner/work/ozone/ozone/hadoop-hdds/container-service/target/test-dir/TestContainerPersistence
]]></system-out>
  </testcase>
  <testcase name="testDeleteNonEmptyContainer" classname="TestContainerPersistence" time="0.046">
    <system-out><![CDATA[2023-05-26 19:30:47,120 [Time-limited test] INFO  volume.HddsVolume (HddsVolume.java:<init>(130)) - Creating HddsVolume: /home/runner/work/ozone/ozone/hadoop-hdds/container-service/target/test-dir/TestContainerPersistence/hdds of storage type : DISK capacity : 9223372036854775807
2023-05-26 19:30:47,120 [Time-limited test] INFO  volume.MutableVolumeSet (MutableVolumeSet.java:initializeVolumeSet(175)) - Added Volume : /home/runner/work/ozone/ozone/hadoop-hdds/container-service/target/test-dir/TestContainerPersistence/hdds to VolumeSet
2023-05-26 19:30:47,152 [Time-limited test] INFO  utils.DatanodeStoreCache (DatanodeStoreCache.java:addDB(66)) - Added db /home/runner/work/ozone/ozone/hadoop-hdds/container-service/target/test-dir/TestContainerPersistence/hdds/00f82e49-79b1-4abf-8fee-afa54913e9c6/DS-c756fbf8-2a3d-40b2-9271-8b570906b95f/container.db to cache
2023-05-26 19:30:47,152 [Time-limited test] INFO  volume.HddsVolume (HddsVolume.java:createDbStore(350)) - SchemaV3 db is created and loaded at /home/runner/work/ozone/ozone/hadoop-hdds/container-service/target/test-dir/TestContainerPersistence/hdds/00f82e49-79b1-4abf-8fee-afa54913e9c6/DS-c756fbf8-2a3d-40b2-9271-8b570906b95f/container.db for volume DS-c756fbf8-2a3d-40b2-9271-8b570906b95f
2023-05-26 19:30:47,154 [Time-limited test] INFO  keyvalue.KeyValueContainer (KeyValueContainer.java:flushAndSyncDB(446)) - Container 1685129447152 is synced with bcsId 0.
2023-05-26 19:30:47,154 [Time-limited test] INFO  keyvalue.KeyValueContainer (KeyValueContainer.java:flushAndSyncDB(446)) - Container 1685129447152 is synced with bcsId 0.
2023-05-26 19:30:47,157 [Time-limited test] INFO  keyvalue.KeyValueContainer (KeyValueContainer.java:close(361)) - Container 1685129447152 is closed with bcsId 0.
2023-05-26 19:30:47,160 [Time-limited test] ERROR keyvalue.KeyValueHandler (KeyValueHandler.java:deleteInternal(1303)) - Received container deletion command for container 1685129447152 but the container is not empty with blockCount 1
2023-05-26 19:30:47,161 [Time-limited test] INFO  impl.TestContainerPersistence (TestContainerPersistence.java:cleanupDir(184)) - Deleting /home/runner/work/ozone/ozone/hadoop-hdds/container-service/target/test-dir/TestContainerPersistence
]]></system-out>
  </testcase>
  <testcase name="testDeleteNonEmptyContainer" classname="TestContainerPersistence" time="0.049">
    <system-out><![CDATA[2023-05-26 19:30:48,668 [Time-limited test] INFO  volume.HddsVolume (HddsVolume.java:<init>(130)) - Creating HddsVolume: /home/runner/work/ozone/ozone/hadoop-hdds/container-service/target/test-dir/TestContainerPersistence/hdds of storage type : DISK capacity : 9223372036854775807
2023-05-26 19:30:48,668 [Time-limited test] INFO  volume.MutableVolumeSet (MutableVolumeSet.java:initializeVolumeSet(175)) - Added Volume : /home/runner/work/ozone/ozone/hadoop-hdds/container-service/target/test-dir/TestContainerPersistence/hdds to VolumeSet
2023-05-26 19:30:48,705 [Time-limited test] INFO  keyvalue.KeyValueContainer (KeyValueContainer.java:flushAndSyncDB(446)) - Container 1685129448674 is synced with bcsId 0.
2023-05-26 19:30:48,705 [Time-limited test] INFO  keyvalue.KeyValueContainer (KeyValueContainer.java:flushAndSyncDB(446)) - Container 1685129448674 is synced with bcsId 0.
2023-05-26 19:30:48,707 [Time-limited test] INFO  keyvalue.KeyValueContainer (KeyValueContainer.java:close(361)) - Container 1685129448674 is closed with bcsId 0.
2023-05-26 19:30:48,710 [Time-limited test] ERROR keyvalue.KeyValueHandler (KeyValueHandler.java:deleteInternal(1303)) - Received container deletion command for container 1685129448674 but the container is not empty with blockCount 1
2023-05-26 19:30:48,711 [Time-limited test] INFO  impl.TestContainerPersistence (TestContainerPersistence.java:cleanupDir(184)) - Deleting /home/runner/work/ozone/ozone/hadoop-hdds/container-service/target/test-dir/TestContainerPersistence
]]></system-out>
  </testcase>
  <testcase name="testDeleteNonEmptyContainer" classname="TestContainerPersistence" time="0.047">
    <system-out><![CDATA[2023-05-26 19:30:50,199 [Time-limited test] INFO  volume.HddsVolume (HddsVolume.java:<init>(130)) - Creating HddsVolume: /home/runner/work/ozone/ozone/hadoop-hdds/container-service/target/test-dir/TestContainerPersistence/hdds of storage type : DISK capacity : 9223372036854775807
2023-05-26 19:30:50,199 [Time-limited test] INFO  volume.MutableVolumeSet (MutableVolumeSet.java:initializeVolumeSet(175)) - Added Volume : /home/runner/work/ozone/ozone/hadoop-hdds/container-service/target/test-dir/TestContainerPersistence/hdds to VolumeSet
2023-05-26 19:30:50,234 [Time-limited test] INFO  keyvalue.KeyValueContainer (KeyValueContainer.java:flushAndSyncDB(446)) - Container 1685129450205 is synced with bcsId 0.
2023-05-26 19:30:50,234 [Time-limited test] INFO  keyvalue.KeyValueContainer (KeyValueContainer.java:flushAndSyncDB(446)) - Container 1685129450205 is synced with bcsId 0.
2023-05-26 19:30:50,235 [Time-limited test] INFO  keyvalue.KeyValueContainer (KeyValueContainer.java:close(361)) - Container 1685129450205 is closed with bcsId 0.
2023-05-26 19:30:50,238 [Time-limited test] ERROR keyvalue.KeyValueHandler (KeyValueHandler.java:deleteInternal(1303)) - Received container deletion command for container 1685129450205 but the container is not empty with blockCount 1
2023-05-26 19:30:50,239 [Time-limited test] INFO  impl.TestContainerPersistence (TestContainerPersistence.java:cleanupDir(184)) - Deleting /home/runner/work/ozone/ozone/hadoop-hdds/container-service/target/test-dir/TestContainerPersistence
]]></system-out>
  </testcase>
  <testcase name="testDeleteNonEmptyContainer" classname="TestContainerPersistence" time="0.037">
    <system-out><![CDATA[2023-05-26 19:30:51,573 [Time-limited test] INFO  volume.HddsVolume (HddsVolume.java:<init>(130)) - Creating HddsVolume: /home/runner/work/ozone/ozone/hadoop-hdds/container-service/target/test-dir/TestContainerPersistence/hdds of storage type : DISK capacity : 9223372036854775807
2023-05-26 19:30:51,573 [Time-limited test] INFO  volume.MutableVolumeSet (MutableVolumeSet.java:initializeVolumeSet(175)) - Added Volume : /home/runner/work/ozone/ozone/hadoop-hdds/container-service/target/test-dir/TestContainerPersistence/hdds to VolumeSet
2023-05-26 19:30:51,602 [Time-limited test] INFO  keyvalue.KeyValueContainer (KeyValueContainer.java:flushAndSyncDB(446)) - Container 1685129451579 is synced with bcsId 0.
2023-05-26 19:30:51,602 [Time-limited test] INFO  keyvalue.KeyValueContainer (KeyValueContainer.java:flushAndSyncDB(446)) - Container 1685129451579 is synced with bcsId 0.
2023-05-26 19:30:51,603 [Time-limited test] INFO  keyvalue.KeyValueContainer (KeyValueContainer.java:close(361)) - Container 1685129451579 is closed with bcsId 0.
2023-05-26 19:30:51,606 [Time-limited test] ERROR keyvalue.KeyValueHandler (KeyValueHandler.java:deleteInternal(1303)) - Received container deletion command for container 1685129451579 but the container is not empty with blockCount 1
2023-05-26 19:30:51,608 [Time-limited test] INFO  impl.TestContainerPersistence (TestContainerPersistence.java:cleanupDir(184)) - Deleting /home/runner/work/ozone/ozone/hadoop-hdds/container-service/target/test-dir/TestContainerPersistence
]]></system-out>
  </testcase>
  <testcase name="testDeleteNonEmptyContainer" classname="TestContainerPersistence" time="0.036">
    <system-out><![CDATA[2023-05-26 19:30:52,938 [Time-limited test] INFO  volume.HddsVolume (HddsVolume.java:<init>(130)) - Creating HddsVolume: /home/runner/work/ozone/ozone/hadoop-hdds/container-service/target/test-dir/TestContainerPersistence/hdds of storage type : DISK capacity : 9223372036854775807
2023-05-26 19:30:52,938 [Time-limited test] INFO  volume.MutableVolumeSet (MutableVolumeSet.java:initializeVolumeSet(175)) - Added Volume : /home/runner/work/ozone/ozone/hadoop-hdds/container-service/target/test-dir/TestContainerPersistence/hdds to VolumeSet
2023-05-26 19:30:52,965 [Time-limited test] INFO  utils.DatanodeStoreCache (DatanodeStoreCache.java:addDB(66)) - Added db /home/runner/work/ozone/ozone/hadoop-hdds/container-service/target/test-dir/TestContainerPersistence/hdds/00f82e49-79b1-4abf-8fee-afa54913e9c6/DS-5de53c72-8c7b-435b-b8b0-7ccfea13582b/container.db to cache
2023-05-26 19:30:52,965 [Time-limited test] INFO  volume.HddsVolume (HddsVolume.java:createDbStore(350)) - SchemaV3 db is created and loaded at /home/runner/work/ozone/ozone/hadoop-hdds/container-service/target/test-dir/TestContainerPersistence/hdds/00f82e49-79b1-4abf-8fee-afa54913e9c6/DS-5de53c72-8c7b-435b-b8b0-7ccfea13582b/container.db for volume DS-5de53c72-8c7b-435b-b8b0-7ccfea13582b
2023-05-26 19:30:52,967 [Time-limited test] INFO  keyvalue.KeyValueContainer (KeyValueContainer.java:flushAndSyncDB(446)) - Container 1685129452966 is synced with bcsId 0.
2023-05-26 19:30:52,967 [Time-limited test] INFO  keyvalue.KeyValueContainer (KeyValueContainer.java:flushAndSyncDB(446)) - Container 1685129452966 is synced with bcsId 0.
2023-05-26 19:30:52,968 [Time-limited test] INFO  keyvalue.KeyValueContainer (KeyValueContainer.java:close(361)) - Container 1685129452966 is closed with bcsId 0.
2023-05-26 19:30:52,971 [Time-limited test] ERROR keyvalue.KeyValueHandler (KeyValueHandler.java:deleteInternal(1303)) - Received container deletion command for container 1685129452966 but the container is not empty with blockCount 1
2023-05-26 19:30:52,972 [Time-limited test] INFO  impl.TestContainerPersistence (TestContainerPersistence.java:cleanupDir(184)) - Deleting /home/runner/work/ozone/ozone/hadoop-hdds/container-service/target/test-dir/TestContainerPersistence
]]></system-out>
  </testcase>
  <testcase name="testWriteChunk" classname="TestContainerPersistence" time="0.06">
    <system-out><![CDATA[2023-05-26 19:30:40,178 [Time-limited test] INFO  volume.HddsVolume (HddsVolume.java:<init>(130)) - Creating HddsVolume: /home/runner/work/ozone/ozone/hadoop-hdds/container-service/target/test-dir/TestContainerPersistence/hdds of storage type : DISK capacity : 9223372036854775807
2023-05-26 19:30:40,178 [Time-limited test] INFO  volume.MutableVolumeSet (MutableVolumeSet.java:initializeVolumeSet(175)) - Added Volume : /home/runner/work/ozone/ozone/hadoop-hdds/container-service/target/test-dir/TestContainerPersistence/hdds to VolumeSet
2023-05-26 19:30:40,228 [Time-limited test] INFO  impl.TestContainerPersistence (TestContainerPersistence.java:cleanupDir(184)) - Deleting /home/runner/work/ozone/ozone/hadoop-hdds/container-service/target/test-dir/TestContainerPersistence
]]></system-out>
  </testcase>
  <testcase name="testWriteChunk" classname="TestContainerPersistence" time="0.039">
    <system-out><![CDATA[2023-05-26 19:30:42,921 [Time-limited test] INFO  volume.HddsVolume (HddsVolume.java:<init>(130)) - Creating HddsVolume: /home/runner/work/ozone/ozone/hadoop-hdds/container-service/target/test-dir/TestContainerPersistence/hdds of storage type : DISK capacity : 9223372036854775807
2023-05-26 19:30:42,921 [Time-limited test] INFO  volume.MutableVolumeSet (MutableVolumeSet.java:initializeVolumeSet(175)) - Added Volume : /home/runner/work/ozone/ozone/hadoop-hdds/container-service/target/test-dir/TestContainerPersistence/hdds to VolumeSet
2023-05-26 19:30:42,955 [Time-limited test] INFO  impl.TestContainerPersistence (TestContainerPersistence.java:cleanupDir(184)) - Deleting /home/runner/work/ozone/ozone/hadoop-hdds/container-service/target/test-dir/TestContainerPersistence
]]></system-out>
  </testcase>
  <testcase name="testWriteChunk" classname="TestContainerPersistence" time="0.046">
    <system-out><![CDATA[2023-05-26 19:30:45,020 [Time-limited test] INFO  volume.HddsVolume (HddsVolume.java:<init>(130)) - Creating HddsVolume: /home/runner/work/ozone/ozone/hadoop-hdds/container-service/target/test-dir/TestContainerPersistence/hdds of storage type : DISK capacity : 9223372036854775807
2023-05-26 19:30:45,020 [Time-limited test] INFO  volume.MutableVolumeSet (MutableVolumeSet.java:initializeVolumeSet(175)) - Added Volume : /home/runner/work/ozone/ozone/hadoop-hdds/container-service/target/test-dir/TestContainerPersistence/hdds to VolumeSet
2023-05-26 19:30:45,062 [Time-limited test] INFO  impl.TestContainerPersistence (TestContainerPersistence.java:cleanupDir(184)) - Deleting /home/runner/work/ozone/ozone/hadoop-hdds/container-service/target/test-dir/TestContainerPersistence
]]></system-out>
  </testcase>
  <testcase name="testWriteChunk" classname="TestContainerPersistence" time="0.046">
    <system-out><![CDATA[2023-05-26 19:30:47,167 [Time-limited test] INFO  volume.HddsVolume (HddsVolume.java:<init>(130)) - Creating HddsVolume: /home/runner/work/ozone/ozone/hadoop-hdds/container-service/target/test-dir/TestContainerPersistence/hdds of storage type : DISK capacity : 9223372036854775807
2023-05-26 19:30:47,167 [Time-limited test] INFO  volume.MutableVolumeSet (MutableVolumeSet.java:initializeVolumeSet(175)) - Added Volume : /home/runner/work/ozone/ozone/hadoop-hdds/container-service/target/test-dir/TestContainerPersistence/hdds to VolumeSet
2023-05-26 19:30:47,201 [Time-limited test] INFO  utils.DatanodeStoreCache (DatanodeStoreCache.java:addDB(66)) - Added db /home/runner/work/ozone/ozone/hadoop-hdds/container-service/target/test-dir/TestContainerPersistence/hdds/00f82e49-79b1-4abf-8fee-afa54913e9c6/DS-039606fa-2c34-4139-a8a4-eadafce70bfb/container.db to cache
2023-05-26 19:30:47,201 [Time-limited test] INFO  volume.HddsVolume (HddsVolume.java:createDbStore(350)) - SchemaV3 db is created and loaded at /home/runner/work/ozone/ozone/hadoop-hdds/container-service/target/test-dir/TestContainerPersistence/hdds/00f82e49-79b1-4abf-8fee-afa54913e9c6/DS-039606fa-2c34-4139-a8a4-eadafce70bfb/container.db for volume DS-039606fa-2c34-4139-a8a4-eadafce70bfb
2023-05-26 19:30:47,206 [Time-limited test] INFO  impl.TestContainerPersistence (TestContainerPersistence.java:cleanupDir(184)) - Deleting /home/runner/work/ozone/ozone/hadoop-hdds/container-service/target/test-dir/TestContainerPersistence
]]></system-out>
  </testcase>
  <testcase name="testWriteChunk" classname="TestContainerPersistence" time="0.045">
    <system-out><![CDATA[2023-05-26 19:30:48,713 [Time-limited test] INFO  volume.HddsVolume (HddsVolume.java:<init>(130)) - Creating HddsVolume: /home/runner/work/ozone/ozone/hadoop-hdds/container-service/target/test-dir/TestContainerPersistence/hdds of storage type : DISK capacity : 9223372036854775807
2023-05-26 19:30:48,714 [Time-limited test] INFO  volume.MutableVolumeSet (MutableVolumeSet.java:initializeVolumeSet(175)) - Added Volume : /home/runner/work/ozone/ozone/hadoop-hdds/container-service/target/test-dir/TestContainerPersistence/hdds to VolumeSet
2023-05-26 19:30:48,755 [Time-limited test] INFO  impl.TestContainerPersistence (TestContainerPersistence.java:cleanupDir(184)) - Deleting /home/runner/work/ozone/ozone/hadoop-hdds/container-service/target/test-dir/TestContainerPersistence
]]></system-out>
  </testcase>
  <testcase name="testWriteChunk" classname="TestContainerPersistence" time="0.039">
    <system-out><![CDATA[2023-05-26 19:30:50,242 [Time-limited test] INFO  volume.HddsVolume (HddsVolume.java:<init>(130)) - Creating HddsVolume: /home/runner/work/ozone/ozone/hadoop-hdds/container-service/target/test-dir/TestContainerPersistence/hdds of storage type : DISK capacity : 9223372036854775807
2023-05-26 19:30:50,242 [Time-limited test] INFO  volume.MutableVolumeSet (MutableVolumeSet.java:initializeVolumeSet(175)) - Added Volume : /home/runner/work/ozone/ozone/hadoop-hdds/container-service/target/test-dir/TestContainerPersistence/hdds to VolumeSet
2023-05-26 19:30:50,274 [Time-limited test] INFO  impl.TestContainerPersistence (TestContainerPersistence.java:cleanupDir(184)) - Deleting /home/runner/work/ozone/ozone/hadoop-hdds/container-service/target/test-dir/TestContainerPersistence
]]></system-out>
  </testcase>
  <testcase name="testWriteChunk" classname="TestContainerPersistence" time="0.033">
    <system-out><![CDATA[2023-05-26 19:30:51,611 [Time-limited test] INFO  volume.HddsVolume (HddsVolume.java:<init>(130)) - Creating HddsVolume: /home/runner/work/ozone/ozone/hadoop-hdds/container-service/target/test-dir/TestContainerPersistence/hdds of storage type : DISK capacity : 9223372036854775807
2023-05-26 19:30:51,611 [Time-limited test] INFO  volume.MutableVolumeSet (MutableVolumeSet.java:initializeVolumeSet(175)) - Added Volume : /home/runner/work/ozone/ozone/hadoop-hdds/container-service/target/test-dir/TestContainerPersistence/hdds to VolumeSet
2023-05-26 19:30:51,642 [Time-limited test] INFO  impl.TestContainerPersistence (TestContainerPersistence.java:cleanupDir(184)) - Deleting /home/runner/work/ozone/ozone/hadoop-hdds/container-service/target/test-dir/TestContainerPersistence
]]></system-out>
  </testcase>
  <testcase name="testWriteChunk" classname="TestContainerPersistence" time="0.044">
    <system-out><![CDATA[2023-05-26 19:30:52,974 [Time-limited test] INFO  volume.HddsVolume (HddsVolume.java:<init>(130)) - Creating HddsVolume: /home/runner/work/ozone/ozone/hadoop-hdds/container-service/target/test-dir/TestContainerPersistence/hdds of storage type : DISK capacity : 9223372036854775807
2023-05-26 19:30:52,975 [Time-limited test] INFO  volume.MutableVolumeSet (MutableVolumeSet.java:initializeVolumeSet(175)) - Added Volume : /home/runner/work/ozone/ozone/hadoop-hdds/container-service/target/test-dir/TestContainerPersistence/hdds to VolumeSet
2023-05-26 19:30:53,008 [Time-limited test] INFO  utils.DatanodeStoreCache (DatanodeStoreCache.java:addDB(66)) - Added db /home/runner/work/ozone/ozone/hadoop-hdds/container-service/target/test-dir/TestContainerPersistence/hdds/00f82e49-79b1-4abf-8fee-afa54913e9c6/DS-29ca05e8-f3f8-4e3a-b200-42305b8c333c/container.db to cache
2023-05-26 19:30:53,008 [Time-limited test] INFO  volume.HddsVolume (HddsVolume.java:createDbStore(350)) - SchemaV3 db is created and loaded at /home/runner/work/ozone/ozone/hadoop-hdds/container-service/target/test-dir/TestContainerPersistence/hdds/00f82e49-79b1-4abf-8fee-afa54913e9c6/DS-29ca05e8-f3f8-4e3a-b200-42305b8c333c/container.db for volume DS-29ca05e8-f3f8-4e3a-b200-42305b8c333c
2023-05-26 19:30:53,016 [Time-limited test] INFO  impl.TestContainerPersistence (TestContainerPersistence.java:cleanupDir(184)) - Deleting /home/runner/work/ozone/ozone/hadoop-hdds/container-service/target/test-dir/TestContainerPersistence
]]></system-out>
  </testcase>
  <testcase name="testPutBlockWithInvalidBCSId" classname="TestContainerPersistence" time="0.066">
    <system-out><![CDATA[2023-05-26 19:30:40,236 [Time-limited test] INFO  volume.HddsVolume (HddsVolume.java:<init>(130)) - Creating HddsVolume: /home/runner/work/ozone/ozone/hadoop-hdds/container-service/target/test-dir/TestContainerPersistence/hdds of storage type : DISK capacity : 9223372036854775807
2023-05-26 19:30:40,237 [Time-limited test] INFO  volume.MutableVolumeSet (MutableVolumeSet.java:initializeVolumeSet(175)) - Added Volume : /home/runner/work/ozone/ozone/hadoop-hdds/container-service/target/test-dir/TestContainerPersistence/hdds to VolumeSet
2023-05-26 19:30:40,295 [Time-limited test] INFO  impl.TestContainerPersistence (TestContainerPersistence.java:cleanupDir(184)) - Deleting /home/runner/work/ozone/ozone/hadoop-hdds/container-service/target/test-dir/TestContainerPersistence
]]></system-out>
  </testcase>
  <testcase name="testPutBlockWithInvalidBCSId" classname="TestContainerPersistence" time="0.048">
    <system-out><![CDATA[2023-05-26 19:30:42,959 [Time-limited test] INFO  volume.HddsVolume (HddsVolume.java:<init>(130)) - Creating HddsVolume: /home/runner/work/ozone/ozone/hadoop-hdds/container-service/target/test-dir/TestContainerPersistence/hdds of storage type : DISK capacity : 9223372036854775807
2023-05-26 19:30:42,959 [Time-limited test] INFO  volume.MutableVolumeSet (MutableVolumeSet.java:initializeVolumeSet(175)) - Added Volume : /home/runner/work/ozone/ozone/hadoop-hdds/container-service/target/test-dir/TestContainerPersistence/hdds to VolumeSet
2023-05-26 19:30:43,003 [Time-limited test] INFO  impl.TestContainerPersistence (TestContainerPersistence.java:cleanupDir(184)) - Deleting /home/runner/work/ozone/ozone/hadoop-hdds/container-service/target/test-dir/TestContainerPersistence
]]></system-out>
  </testcase>
  <testcase name="testPutBlockWithInvalidBCSId" classname="TestContainerPersistence" time="0.05">
    <system-out><![CDATA[2023-05-26 19:30:45,068 [Time-limited test] INFO  volume.HddsVolume (HddsVolume.java:<init>(130)) - Creating HddsVolume: /home/runner/work/ozone/ozone/hadoop-hdds/container-service/target/test-dir/TestContainerPersistence/hdds of storage type : DISK capacity : 9223372036854775807
2023-05-26 19:30:45,069 [Time-limited test] INFO  volume.MutableVolumeSet (MutableVolumeSet.java:initializeVolumeSet(175)) - Added Volume : /home/runner/work/ozone/ozone/hadoop-hdds/container-service/target/test-dir/TestContainerPersistence/hdds to VolumeSet
2023-05-26 19:30:45,114 [Time-limited test] INFO  impl.TestContainerPersistence (TestContainerPersistence.java:cleanupDir(184)) - Deleting /home/runner/work/ozone/ozone/hadoop-hdds/container-service/target/test-dir/TestContainerPersistence
]]></system-out>
  </testcase>
  <testcase name="testPutBlockWithInvalidBCSId" classname="TestContainerPersistence" time="0.046">
    <system-out><![CDATA[2023-05-26 19:30:47,212 [Time-limited test] INFO  volume.HddsVolume (HddsVolume.java:<init>(130)) - Creating HddsVolume: /home/runner/work/ozone/ozone/hadoop-hdds/container-service/target/test-dir/TestContainerPersistence/hdds of storage type : DISK capacity : 9223372036854775807
2023-05-26 19:30:47,213 [Time-limited test] INFO  volume.MutableVolumeSet (MutableVolumeSet.java:initializeVolumeSet(175)) - Added Volume : /home/runner/work/ozone/ozone/hadoop-hdds/container-service/target/test-dir/TestContainerPersistence/hdds to VolumeSet
2023-05-26 19:30:47,244 [Time-limited test] INFO  utils.DatanodeStoreCache (DatanodeStoreCache.java:addDB(66)) - Added db /home/runner/work/ozone/ozone/hadoop-hdds/container-service/target/test-dir/TestContainerPersistence/hdds/00f82e49-79b1-4abf-8fee-afa54913e9c6/DS-86ccd440-2e04-42d5-aad4-d30358e32883/container.db to cache
2023-05-26 19:30:47,244 [Time-limited test] INFO  volume.HddsVolume (HddsVolume.java:createDbStore(350)) - SchemaV3 db is created and loaded at /home/runner/work/ozone/ozone/hadoop-hdds/container-service/target/test-dir/TestContainerPersistence/hdds/00f82e49-79b1-4abf-8fee-afa54913e9c6/DS-86ccd440-2e04-42d5-aad4-d30358e32883/container.db for volume DS-86ccd440-2e04-42d5-aad4-d30358e32883
2023-05-26 19:30:47,253 [Time-limited test] INFO  impl.TestContainerPersistence (TestContainerPersistence.java:cleanupDir(184)) - Deleting /home/runner/work/ozone/ozone/hadoop-hdds/container-service/target/test-dir/TestContainerPersistence
]]></system-out>
  </testcase>
  <testcase name="testPutBlockWithInvalidBCSId" classname="TestContainerPersistence" time="0.045">
    <system-out><![CDATA[2023-05-26 19:30:48,764 [Time-limited test] INFO  volume.HddsVolume (HddsVolume.java:<init>(130)) - Creating HddsVolume: /home/runner/work/ozone/ozone/hadoop-hdds/container-service/target/test-dir/TestContainerPersistence/hdds of storage type : DISK capacity : 9223372036854775807
2023-05-26 19:30:48,764 [Time-limited test] INFO  volume.MutableVolumeSet (MutableVolumeSet.java:initializeVolumeSet(175)) - Added Volume : /home/runner/work/ozone/ozone/hadoop-hdds/container-service/target/test-dir/TestContainerPersistence/hdds to VolumeSet
2023-05-26 19:30:48,801 [Time-limited test] INFO  impl.TestContainerPersistence (TestContainerPersistence.java:cleanupDir(184)) - Deleting /home/runner/work/ozone/ozone/hadoop-hdds/container-service/target/test-dir/TestContainerPersistence
]]></system-out>
  </testcase>
  <testcase name="testPutBlockWithInvalidBCSId" classname="TestContainerPersistence" time="0.044">
    <system-out><![CDATA[2023-05-26 19:30:50,283 [Time-limited test] INFO  volume.HddsVolume (HddsVolume.java:<init>(130)) - Creating HddsVolume: /home/runner/work/ozone/ozone/hadoop-hdds/container-service/target/test-dir/TestContainerPersistence/hdds of storage type : DISK capacity : 9223372036854775807
2023-05-26 19:30:50,283 [Time-limited test] INFO  volume.MutableVolumeSet (MutableVolumeSet.java:initializeVolumeSet(175)) - Added Volume : /home/runner/work/ozone/ozone/hadoop-hdds/container-service/target/test-dir/TestContainerPersistence/hdds to VolumeSet
2023-05-26 19:30:50,322 [Time-limited test] INFO  impl.TestContainerPersistence (TestContainerPersistence.java:cleanupDir(184)) - Deleting /home/runner/work/ozone/ozone/hadoop-hdds/container-service/target/test-dir/TestContainerPersistence
]]></system-out>
  </testcase>
  <testcase name="testPutBlockWithInvalidBCSId" classname="TestContainerPersistence" time="0.042">
    <system-out><![CDATA[2023-05-26 19:30:51,644 [Time-limited test] INFO  volume.HddsVolume (HddsVolume.java:<init>(130)) - Creating HddsVolume: /home/runner/work/ozone/ozone/hadoop-hdds/container-service/target/test-dir/TestContainerPersistence/hdds of storage type : DISK capacity : 9223372036854775807
2023-05-26 19:30:51,644 [Time-limited test] INFO  volume.MutableVolumeSet (MutableVolumeSet.java:initializeVolumeSet(175)) - Added Volume : /home/runner/work/ozone/ozone/hadoop-hdds/container-service/target/test-dir/TestContainerPersistence/hdds to VolumeSet
2023-05-26 19:30:51,683 [Time-limited test] INFO  impl.TestContainerPersistence (TestContainerPersistence.java:cleanupDir(184)) - Deleting /home/runner/work/ozone/ozone/hadoop-hdds/container-service/target/test-dir/TestContainerPersistence
]]></system-out>
  </testcase>
  <testcase name="testPutBlockWithInvalidBCSId" classname="TestContainerPersistence" time="0.039">
    <system-out><![CDATA[2023-05-26 19:30:53,020 [Time-limited test] INFO  volume.HddsVolume (HddsVolume.java:<init>(130)) - Creating HddsVolume: /home/runner/work/ozone/ozone/hadoop-hdds/container-service/target/test-dir/TestContainerPersistence/hdds of storage type : DISK capacity : 9223372036854775807
2023-05-26 19:30:53,020 [Time-limited test] INFO  volume.MutableVolumeSet (MutableVolumeSet.java:initializeVolumeSet(175)) - Added Volume : /home/runner/work/ozone/ozone/hadoop-hdds/container-service/target/test-dir/TestContainerPersistence/hdds to VolumeSet
2023-05-26 19:30:53,048 [Time-limited test] INFO  utils.DatanodeStoreCache (DatanodeStoreCache.java:addDB(66)) - Added db /home/runner/work/ozone/ozone/hadoop-hdds/container-service/target/test-dir/TestContainerPersistence/hdds/00f82e49-79b1-4abf-8fee-afa54913e9c6/DS-e5db3ba8-977c-45a8-8839-c91a9a61785a/container.db to cache
2023-05-26 19:30:53,049 [Time-limited test] INFO  volume.HddsVolume (HddsVolume.java:createDbStore(350)) - SchemaV3 db is created and loaded at /home/runner/work/ozone/ozone/hadoop-hdds/container-service/target/test-dir/TestContainerPersistence/hdds/00f82e49-79b1-4abf-8fee-afa54913e9c6/DS-e5db3ba8-977c-45a8-8839-c91a9a61785a/container.db for volume DS-e5db3ba8-977c-45a8-8839-c91a9a61785a
2023-05-26 19:30:53,056 [Time-limited test] INFO  impl.TestContainerPersistence (TestContainerPersistence.java:cleanupDir(184)) - Deleting /home/runner/work/ozone/ozone/hadoop-hdds/container-service/target/test-dir/TestContainerPersistence
]]></system-out>
  </testcase>
  <testcase name="testListBlock" classname="TestContainerPersistence" time="0.086">
    <system-out><![CDATA[2023-05-26 19:30:40,307 [Time-limited test] INFO  volume.HddsVolume (HddsVolume.java:<init>(130)) - Creating HddsVolume: /home/runner/work/ozone/ozone/hadoop-hdds/container-service/target/test-dir/TestContainerPersistence/hdds of storage type : DISK capacity : 9223372036854775807
2023-05-26 19:30:40,308 [Time-limited test] INFO  volume.MutableVolumeSet (MutableVolumeSet.java:initializeVolumeSet(175)) - Added Volume : /home/runner/work/ozone/ozone/hadoop-hdds/container-service/target/test-dir/TestContainerPersistence/hdds to VolumeSet
2023-05-26 19:30:40,379 [Time-limited test] INFO  impl.TestContainerPersistence (TestContainerPersistence.java:cleanupDir(184)) - Deleting /home/runner/work/ozone/ozone/hadoop-hdds/container-service/target/test-dir/TestContainerPersistence
]]></system-out>
  </testcase>
  <testcase name="testListBlock" classname="TestContainerPersistence" time="0.05">
    <system-out><![CDATA[2023-05-26 19:30:43,008 [Time-limited test] INFO  volume.HddsVolume (HddsVolume.java:<init>(130)) - Creating HddsVolume: /home/runner/work/ozone/ozone/hadoop-hdds/container-service/target/test-dir/TestContainerPersistence/hdds of storage type : DISK capacity : 9223372036854775807
2023-05-26 19:30:43,008 [Time-limited test] INFO  volume.MutableVolumeSet (MutableVolumeSet.java:initializeVolumeSet(175)) - Added Volume : /home/runner/work/ozone/ozone/hadoop-hdds/container-service/target/test-dir/TestContainerPersistence/hdds to VolumeSet
2023-05-26 19:30:43,052 [Time-limited test] INFO  impl.TestContainerPersistence (TestContainerPersistence.java:cleanupDir(184)) - Deleting /home/runner/work/ozone/ozone/hadoop-hdds/container-service/target/test-dir/TestContainerPersistence
]]></system-out>
  </testcase>
  <testcase name="testListBlock" classname="TestContainerPersistence" time="0.05">
    <system-out><![CDATA[2023-05-26 19:30:45,122 [Time-limited test] INFO  volume.HddsVolume (HddsVolume.java:<init>(130)) - Creating HddsVolume: /home/runner/work/ozone/ozone/hadoop-hdds/container-service/target/test-dir/TestContainerPersistence/hdds of storage type : DISK capacity : 9223372036854775807
2023-05-26 19:30:45,122 [Time-limited test] INFO  volume.MutableVolumeSet (MutableVolumeSet.java:initializeVolumeSet(175)) - Added Volume : /home/runner/work/ozone/ozone/hadoop-hdds/container-service/target/test-dir/TestContainerPersistence/hdds to VolumeSet
2023-05-26 19:30:45,164 [Time-limited test] INFO  impl.TestContainerPersistence (TestContainerPersistence.java:cleanupDir(184)) - Deleting /home/runner/work/ozone/ozone/hadoop-hdds/container-service/target/test-dir/TestContainerPersistence
]]></system-out>
  </testcase>
  <testcase name="testListBlock" classname="TestContainerPersistence" time="0.051">
    <system-out><![CDATA[2023-05-26 19:30:47,256 [Time-limited test] INFO  volume.HddsVolume (HddsVolume.java:<init>(130)) - Creating HddsVolume: /home/runner/work/ozone/ozone/hadoop-hdds/container-service/target/test-dir/TestContainerPersistence/hdds of storage type : DISK capacity : 9223372036854775807
2023-05-26 19:30:47,256 [Time-limited test] INFO  volume.MutableVolumeSet (MutableVolumeSet.java:initializeVolumeSet(175)) - Added Volume : /home/runner/work/ozone/ozone/hadoop-hdds/container-service/target/test-dir/TestContainerPersistence/hdds to VolumeSet
2023-05-26 19:30:47,292 [Time-limited test] INFO  utils.DatanodeStoreCache (DatanodeStoreCache.java:addDB(66)) - Added db /home/runner/work/ozone/ozone/hadoop-hdds/container-service/target/test-dir/TestContainerPersistence/hdds/00f82e49-79b1-4abf-8fee-afa54913e9c6/DS-c6bcaf7b-5c36-4484-9657-4f808bcc37cf/container.db to cache
2023-05-26 19:30:47,292 [Time-limited test] INFO  volume.HddsVolume (HddsVolume.java:createDbStore(350)) - SchemaV3 db is created and loaded at /home/runner/work/ozone/ozone/hadoop-hdds/container-service/target/test-dir/TestContainerPersistence/hdds/00f82e49-79b1-4abf-8fee-afa54913e9c6/DS-c6bcaf7b-5c36-4484-9657-4f808bcc37cf/container.db for volume DS-c6bcaf7b-5c36-4484-9657-4f808bcc37cf
2023-05-26 19:30:47,302 [Time-limited test] INFO  impl.TestContainerPersistence (TestContainerPersistence.java:cleanupDir(184)) - Deleting /home/runner/work/ozone/ozone/hadoop-hdds/container-service/target/test-dir/TestContainerPersistence
]]></system-out>
  </testcase>
  <testcase name="testListBlock" classname="TestContainerPersistence" time="0.051">
    <system-out><![CDATA[2023-05-26 19:30:48,804 [Time-limited test] INFO  volume.HddsVolume (HddsVolume.java:<init>(130)) - Creating HddsVolume: /home/runner/work/ozone/ozone/hadoop-hdds/container-service/target/test-dir/TestContainerPersistence/hdds of storage type : DISK capacity : 9223372036854775807
2023-05-26 19:30:48,804 [Time-limited test] INFO  volume.MutableVolumeSet (MutableVolumeSet.java:initializeVolumeSet(175)) - Added Volume : /home/runner/work/ozone/ozone/hadoop-hdds/container-service/target/test-dir/TestContainerPersistence/hdds to VolumeSet
2023-05-26 19:30:48,852 [Time-limited test] INFO  impl.TestContainerPersistence (TestContainerPersistence.java:cleanupDir(184)) - Deleting /home/runner/work/ozone/ozone/hadoop-hdds/container-service/target/test-dir/TestContainerPersistence
]]></system-out>
  </testcase>
  <testcase name="testListBlock" classname="TestContainerPersistence" time="0.045">
    <system-out><![CDATA[2023-05-26 19:30:50,325 [Time-limited test] INFO  volume.HddsVolume (HddsVolume.java:<init>(130)) - Creating HddsVolume: /home/runner/work/ozone/ozone/hadoop-hdds/container-service/target/test-dir/TestContainerPersistence/hdds of storage type : DISK capacity : 9223372036854775807
2023-05-26 19:30:50,326 [Time-limited test] INFO  volume.MutableVolumeSet (MutableVolumeSet.java:initializeVolumeSet(175)) - Added Volume : /home/runner/work/ozone/ozone/hadoop-hdds/container-service/target/test-dir/TestContainerPersistence/hdds to VolumeSet
2023-05-26 19:30:50,363 [Time-limited test] INFO  impl.TestContainerPersistence (TestContainerPersistence.java:cleanupDir(184)) - Deleting /home/runner/work/ozone/ozone/hadoop-hdds/container-service/target/test-dir/TestContainerPersistence
]]></system-out>
  </testcase>
  <testcase name="testListBlock" classname="TestContainerPersistence" time="0.044">
    <system-out><![CDATA[2023-05-26 19:30:51,686 [Time-limited test] INFO  volume.HddsVolume (HddsVolume.java:<init>(130)) - Creating HddsVolume: /home/runner/work/ozone/ozone/hadoop-hdds/container-service/target/test-dir/TestContainerPersistence/hdds of storage type : DISK capacity : 9223372036854775807
2023-05-26 19:30:51,686 [Time-limited test] INFO  volume.MutableVolumeSet (MutableVolumeSet.java:initializeVolumeSet(175)) - Added Volume : /home/runner/work/ozone/ozone/hadoop-hdds/container-service/target/test-dir/TestContainerPersistence/hdds to VolumeSet
2023-05-26 19:30:51,727 [Time-limited test] INFO  impl.TestContainerPersistence (TestContainerPersistence.java:cleanupDir(184)) - Deleting /home/runner/work/ozone/ozone/hadoop-hdds/container-service/target/test-dir/TestContainerPersistence
]]></system-out>
  </testcase>
  <testcase name="testListBlock" classname="TestContainerPersistence" time="0.047">
    <system-out><![CDATA[2023-05-26 19:30:53,059 [Time-limited test] INFO  volume.HddsVolume (HddsVolume.java:<init>(130)) - Creating HddsVolume: /home/runner/work/ozone/ozone/hadoop-hdds/container-service/target/test-dir/TestContainerPersistence/hdds of storage type : DISK capacity : 9223372036854775807
2023-05-26 19:30:53,059 [Time-limited test] INFO  volume.MutableVolumeSet (MutableVolumeSet.java:initializeVolumeSet(175)) - Added Volume : /home/runner/work/ozone/ozone/hadoop-hdds/container-service/target/test-dir/TestContainerPersistence/hdds to VolumeSet
2023-05-26 19:30:53,093 [Time-limited test] INFO  utils.DatanodeStoreCache (DatanodeStoreCache.java:addDB(66)) - Added db /home/runner/work/ozone/ozone/hadoop-hdds/container-service/target/test-dir/TestContainerPersistence/hdds/00f82e49-79b1-4abf-8fee-afa54913e9c6/DS-ebce7ebb-ab75-4c35-aa3b-01f8f3ed3387/container.db to cache
2023-05-26 19:30:53,094 [Time-limited test] INFO  volume.HddsVolume (HddsVolume.java:createDbStore(350)) - SchemaV3 db is created and loaded at /home/runner/work/ozone/ozone/hadoop-hdds/container-service/target/test-dir/TestContainerPersistence/hdds/00f82e49-79b1-4abf-8fee-afa54913e9c6/DS-ebce7ebb-ab75-4c35-aa3b-01f8f3ed3387/container.db for volume DS-ebce7ebb-ab75-4c35-aa3b-01f8f3ed3387
2023-05-26 19:30:53,102 [Time-limited test] INFO  impl.TestContainerPersistence (TestContainerPersistence.java:cleanupDir(184)) - Deleting /home/runner/work/ozone/ozone/hadoop-hdds/container-service/target/test-dir/TestContainerPersistence
]]></system-out>
  </testcase>
  <testcase name="testGetContainerReports" classname="TestContainerPersistence" time="0.377">
    <system-out><![CDATA[2023-05-26 19:30:40,388 [Time-limited test] INFO  volume.HddsVolume (HddsVolume.java:<init>(130)) - Creating HddsVolume: /home/runner/work/ozone/ozone/hadoop-hdds/container-service/target/test-dir/TestContainerPersistence/hdds of storage type : DISK capacity : 9223372036854775807
2023-05-26 19:30:40,388 [Time-limited test] INFO  volume.MutableVolumeSet (MutableVolumeSet.java:initializeVolumeSet(175)) - Added Volume : /home/runner/work/ozone/ozone/hadoop-hdds/container-service/target/test-dir/TestContainerPersistence/hdds to VolumeSet
2023-05-26 19:30:40,431 [Time-limited test] INFO  keyvalue.KeyValueContainer (KeyValueContainer.java:flushAndSyncDB(446)) - Container 1685129440396 is synced with bcsId 0.
2023-05-26 19:30:40,431 [Time-limited test] INFO  keyvalue.KeyValueContainer (KeyValueContainer.java:flushAndSyncDB(446)) - Container 1685129440396 is synced with bcsId 0.
2023-05-26 19:30:40,437 [Time-limited test] INFO  keyvalue.KeyValueContainer (KeyValueContainer.java:close(361)) - Container 1685129440396 is closed with bcsId 0.
2023-05-26 19:30:40,515 [Time-limited test] INFO  keyvalue.KeyValueContainer (KeyValueContainer.java:flushAndSyncDB(446)) - Container 1685129440491 is synced with bcsId 0.
2023-05-26 19:30:40,515 [Time-limited test] INFO  keyvalue.KeyValueContainer (KeyValueContainer.java:flushAndSyncDB(446)) - Container 1685129440491 is synced with bcsId 0.
2023-05-26 19:30:40,517 [Time-limited test] INFO  keyvalue.KeyValueContainer (KeyValueContainer.java:close(361)) - Container 1685129440491 is closed with bcsId 0.
2023-05-26 19:30:40,594 [Time-limited test] INFO  keyvalue.KeyValueContainer (KeyValueContainer.java:flushAndSyncDB(446)) - Container 1685129440570 is synced with bcsId 0.
2023-05-26 19:30:40,594 [Time-limited test] INFO  keyvalue.KeyValueContainer (KeyValueContainer.java:flushAndSyncDB(446)) - Container 1685129440570 is synced with bcsId 0.
2023-05-26 19:30:40,595 [Time-limited test] INFO  keyvalue.KeyValueContainer (KeyValueContainer.java:close(361)) - Container 1685129440570 is closed with bcsId 0.
2023-05-26 19:30:40,698 [Time-limited test] INFO  keyvalue.KeyValueContainer (KeyValueContainer.java:flushAndSyncDB(446)) - Container 1685129440651 is synced with bcsId 0.
2023-05-26 19:30:40,698 [Time-limited test] INFO  keyvalue.KeyValueContainer (KeyValueContainer.java:flushAndSyncDB(446)) - Container 1685129440651 is synced with bcsId 0.
2023-05-26 19:30:40,700 [Time-limited test] INFO  keyvalue.KeyValueContainer (KeyValueContainer.java:close(361)) - Container 1685129440651 is closed with bcsId 0.
2023-05-26 19:30:40,735 [Time-limited test] INFO  impl.TestContainerPersistence (TestContainerPersistence.java:cleanupDir(184)) - Deleting /home/runner/work/ozone/ozone/hadoop-hdds/container-service/target/test-dir/TestContainerPersistence
]]></system-out>
  </testcase>
  <testcase name="testGetContainerReports" classname="TestContainerPersistence" time="0.293">
    <system-out><![CDATA[2023-05-26 19:30:43,057 [Time-limited test] INFO  volume.HddsVolume (HddsVolume.java:<init>(130)) - Creating HddsVolume: /home/runner/work/ozone/ozone/hadoop-hdds/container-service/target/test-dir/TestContainerPersistence/hdds of storage type : DISK capacity : 9223372036854775807
2023-05-26 19:30:43,058 [Time-limited test] INFO  volume.MutableVolumeSet (MutableVolumeSet.java:initializeVolumeSet(175)) - Added Volume : /home/runner/work/ozone/ozone/hadoop-hdds/container-service/target/test-dir/TestContainerPersistence/hdds to VolumeSet
2023-05-26 19:30:43,095 [Time-limited test] INFO  keyvalue.KeyValueContainer (KeyValueContainer.java:flushAndSyncDB(446)) - Container 1685129443066 is synced with bcsId 0.
2023-05-26 19:30:43,095 [Time-limited test] INFO  keyvalue.KeyValueContainer (KeyValueContainer.java:flushAndSyncDB(446)) - Container 1685129443066 is synced with bcsId 0.
2023-05-26 19:30:43,097 [Time-limited test] INFO  keyvalue.KeyValueContainer (KeyValueContainer.java:close(361)) - Container 1685129443066 is closed with bcsId 0.
2023-05-26 19:30:43,174 [Time-limited test] INFO  keyvalue.KeyValueContainer (KeyValueContainer.java:flushAndSyncDB(446)) - Container 1685129443151 is synced with bcsId 0.
2023-05-26 19:30:43,174 [Time-limited test] INFO  keyvalue.KeyValueContainer (KeyValueContainer.java:flushAndSyncDB(446)) - Container 1685129443151 is synced with bcsId 0.
2023-05-26 19:30:43,176 [Time-limited test] INFO  keyvalue.KeyValueContainer (KeyValueContainer.java:close(361)) - Container 1685129443151 is closed with bcsId 0.
2023-05-26 19:30:43,260 [Time-limited test] INFO  keyvalue.KeyValueContainer (KeyValueContainer.java:flushAndSyncDB(446)) - Container 1685129443231 is synced with bcsId 0.
2023-05-26 19:30:43,260 [Time-limited test] INFO  keyvalue.KeyValueContainer (KeyValueContainer.java:flushAndSyncDB(446)) - Container 1685129443231 is synced with bcsId 0.
2023-05-26 19:30:43,262 [Time-limited test] INFO  keyvalue.KeyValueContainer (KeyValueContainer.java:close(361)) - Container 1685129443231 is closed with bcsId 0.
2023-05-26 19:30:43,333 [Time-limited test] INFO  keyvalue.KeyValueContainer (KeyValueContainer.java:flushAndSyncDB(446)) - Container 1685129443311 is synced with bcsId 0.
2023-05-26 19:30:43,333 [Time-limited test] INFO  keyvalue.KeyValueContainer (KeyValueContainer.java:flushAndSyncDB(446)) - Container 1685129443311 is synced with bcsId 0.
2023-05-26 19:30:43,334 [Time-limited test] INFO  keyvalue.KeyValueContainer (KeyValueContainer.java:close(361)) - Container 1685129443311 is closed with bcsId 0.
2023-05-26 19:30:43,339 [Time-limited test] INFO  impl.TestContainerPersistence (TestContainerPersistence.java:cleanupDir(184)) - Deleting /home/runner/work/ozone/ozone/hadoop-hdds/container-service/target/test-dir/TestContainerPersistence
]]></system-out>
  </testcase>
  <testcase name="testGetContainerReports" classname="TestContainerPersistence" time="0.32">
    <system-out><![CDATA[2023-05-26 19:30:45,168 [Time-limited test] INFO  volume.HddsVolume (HddsVolume.java:<init>(130)) - Creating HddsVolume: /home/runner/work/ozone/ozone/hadoop-hdds/container-service/target/test-dir/TestContainerPersistence/hdds of storage type : DISK capacity : 9223372036854775807
2023-05-26 19:30:45,168 [Time-limited test] INFO  volume.MutableVolumeSet (MutableVolumeSet.java:initializeVolumeSet(175)) - Added Volume : /home/runner/work/ozone/ozone/hadoop-hdds/container-service/target/test-dir/TestContainerPersistence/hdds to VolumeSet
2023-05-26 19:30:45,202 [Time-limited test] INFO  keyvalue.KeyValueContainer (KeyValueContainer.java:flushAndSyncDB(446)) - Container 1685129445175 is synced with bcsId 0.
2023-05-26 19:30:45,203 [Time-limited test] INFO  keyvalue.KeyValueContainer (KeyValueContainer.java:flushAndSyncDB(446)) - Container 1685129445175 is synced with bcsId 0.
2023-05-26 19:30:45,206 [Time-limited test] INFO  keyvalue.KeyValueContainer (KeyValueContainer.java:close(361)) - Container 1685129445175 is closed with bcsId 0.
2023-05-26 19:30:45,295 [Time-limited test] INFO  keyvalue.KeyValueContainer (KeyValueContainer.java:flushAndSyncDB(446)) - Container 1685129445267 is synced with bcsId 0.
2023-05-26 19:30:45,295 [Time-limited test] INFO  keyvalue.KeyValueContainer (KeyValueContainer.java:flushAndSyncDB(446)) - Container 1685129445267 is synced with bcsId 0.
2023-05-26 19:30:45,297 [Time-limited test] INFO  keyvalue.KeyValueContainer (KeyValueContainer.java:close(361)) - Container 1685129445267 is closed with bcsId 0.
2023-05-26 19:30:45,388 [Time-limited test] INFO  keyvalue.KeyValueContainer (KeyValueContainer.java:flushAndSyncDB(446)) - Container 1685129445356 is synced with bcsId 0.
2023-05-26 19:30:45,388 [Time-limited test] INFO  keyvalue.KeyValueContainer (KeyValueContainer.java:flushAndSyncDB(446)) - Container 1685129445356 is synced with bcsId 0.
2023-05-26 19:30:45,389 [Time-limited test] INFO  keyvalue.KeyValueContainer (KeyValueContainer.java:close(361)) - Container 1685129445356 is closed with bcsId 0.
2023-05-26 19:30:45,471 [Time-limited test] INFO  keyvalue.KeyValueContainer (KeyValueContainer.java:flushAndSyncDB(446)) - Container 1685129445443 is synced with bcsId 0.
2023-05-26 19:30:45,471 [Time-limited test] INFO  keyvalue.KeyValueContainer (KeyValueContainer.java:flushAndSyncDB(446)) - Container 1685129445443 is synced with bcsId 0.
2023-05-26 19:30:45,473 [Time-limited test] INFO  keyvalue.KeyValueContainer (KeyValueContainer.java:close(361)) - Container 1685129445443 is closed with bcsId 0.
2023-05-26 19:30:45,478 [Time-limited test] INFO  impl.TestContainerPersistence (TestContainerPersistence.java:cleanupDir(184)) - Deleting /home/runner/work/ozone/ozone/hadoop-hdds/container-service/target/test-dir/TestContainerPersistence
]]></system-out>
  </testcase>
  <testcase name="testGetContainerReports" classname="TestContainerPersistence" time="0.061">
    <system-out><![CDATA[2023-05-26 19:30:47,307 [Time-limited test] INFO  volume.HddsVolume (HddsVolume.java:<init>(130)) - Creating HddsVolume: /home/runner/work/ozone/ozone/hadoop-hdds/container-service/target/test-dir/TestContainerPersistence/hdds of storage type : DISK capacity : 9223372036854775807
2023-05-26 19:30:47,307 [Time-limited test] INFO  volume.MutableVolumeSet (MutableVolumeSet.java:initializeVolumeSet(175)) - Added Volume : /home/runner/work/ozone/ozone/hadoop-hdds/container-service/target/test-dir/TestContainerPersistence/hdds to VolumeSet
2023-05-26 19:30:47,341 [Time-limited test] INFO  utils.DatanodeStoreCache (DatanodeStoreCache.java:addDB(66)) - Added db /home/runner/work/ozone/ozone/hadoop-hdds/container-service/target/test-dir/TestContainerPersistence/hdds/00f82e49-79b1-4abf-8fee-afa54913e9c6/DS-1e090f83-58f2-474d-bf2e-59a1b9cd3ddc/container.db to cache
2023-05-26 19:30:47,341 [Time-limited test] INFO  volume.HddsVolume (HddsVolume.java:createDbStore(350)) - SchemaV3 db is created and loaded at /home/runner/work/ozone/ozone/hadoop-hdds/container-service/target/test-dir/TestContainerPersistence/hdds/00f82e49-79b1-4abf-8fee-afa54913e9c6/DS-1e090f83-58f2-474d-bf2e-59a1b9cd3ddc/container.db for volume DS-1e090f83-58f2-474d-bf2e-59a1b9cd3ddc
2023-05-26 19:30:47,344 [Time-limited test] INFO  keyvalue.KeyValueContainer (KeyValueContainer.java:flushAndSyncDB(446)) - Container 1685129447342 is synced with bcsId 0.
2023-05-26 19:30:47,344 [Time-limited test] INFO  keyvalue.KeyValueContainer (KeyValueContainer.java:flushAndSyncDB(446)) - Container 1685129447342 is synced with bcsId 0.
2023-05-26 19:30:47,345 [Time-limited test] INFO  keyvalue.KeyValueContainer (KeyValueContainer.java:close(361)) - Container 1685129447342 is closed with bcsId 0.
2023-05-26 19:30:47,349 [Time-limited test] INFO  keyvalue.KeyValueContainer (KeyValueContainer.java:flushAndSyncDB(446)) - Container 1685129447348 is synced with bcsId 0.
2023-05-26 19:30:47,350 [Time-limited test] INFO  keyvalue.KeyValueContainer (KeyValueContainer.java:flushAndSyncDB(446)) - Container 1685129447348 is synced with bcsId 0.
2023-05-26 19:30:47,351 [Time-limited test] INFO  keyvalue.KeyValueContainer (KeyValueContainer.java:close(361)) - Container 1685129447348 is closed with bcsId 0.
2023-05-26 19:30:47,355 [Time-limited test] INFO  keyvalue.KeyValueContainer (KeyValueContainer.java:flushAndSyncDB(446)) - Container 1685129447354 is synced with bcsId 0.
2023-05-26 19:30:47,355 [Time-limited test] INFO  keyvalue.KeyValueContainer (KeyValueContainer.java:flushAndSyncDB(446)) - Container 1685129447354 is synced with bcsId 0.
2023-05-26 19:30:47,357 [Time-limited test] INFO  keyvalue.KeyValueContainer (KeyValueContainer.java:close(361)) - Container 1685129447354 is closed with bcsId 0.
2023-05-26 19:30:47,361 [Time-limited test] INFO  keyvalue.KeyValueContainer (KeyValueContainer.java:flushAndSyncDB(446)) - Container 1685129447359 is synced with bcsId 0.
2023-05-26 19:30:47,361 [Time-limited test] INFO  keyvalue.KeyValueContainer (KeyValueContainer.java:flushAndSyncDB(446)) - Container 1685129447359 is synced with bcsId 0.
2023-05-26 19:30:47,362 [Time-limited test] INFO  keyvalue.KeyValueContainer (KeyValueContainer.java:close(361)) - Container 1685129447359 is closed with bcsId 0.
2023-05-26 19:30:47,363 [Time-limited test] INFO  impl.TestContainerPersistence (TestContainerPersistence.java:cleanupDir(184)) - Deleting /home/runner/work/ozone/ozone/hadoop-hdds/container-service/target/test-dir/TestContainerPersistence
]]></system-out>
  </testcase>
  <testcase name="testGetContainerReports" classname="TestContainerPersistence" time="0.304">
    <system-out><![CDATA[2023-05-26 19:30:48,855 [Time-limited test] INFO  volume.HddsVolume (HddsVolume.java:<init>(130)) - Creating HddsVolume: /home/runner/work/ozone/ozone/hadoop-hdds/container-service/target/test-dir/TestContainerPersistence/hdds of storage type : DISK capacity : 9223372036854775807
2023-05-26 19:30:48,855 [Time-limited test] INFO  volume.MutableVolumeSet (MutableVolumeSet.java:initializeVolumeSet(175)) - Added Volume : /home/runner/work/ozone/ozone/hadoop-hdds/container-service/target/test-dir/TestContainerPersistence/hdds to VolumeSet
2023-05-26 19:30:48,890 [Time-limited test] INFO  keyvalue.KeyValueContainer (KeyValueContainer.java:flushAndSyncDB(446)) - Container 1685129448861 is synced with bcsId 0.
2023-05-26 19:30:48,890 [Time-limited test] INFO  keyvalue.KeyValueContainer (KeyValueContainer.java:flushAndSyncDB(446)) - Container 1685129448861 is synced with bcsId 0.
2023-05-26 19:30:48,892 [Time-limited test] INFO  keyvalue.KeyValueContainer (KeyValueContainer.java:close(361)) - Container 1685129448861 is closed with bcsId 0.
2023-05-26 19:30:48,975 [Time-limited test] INFO  keyvalue.KeyValueContainer (KeyValueContainer.java:flushAndSyncDB(446)) - Container 1685129448948 is synced with bcsId 0.
2023-05-26 19:30:48,975 [Time-limited test] INFO  keyvalue.KeyValueContainer (KeyValueContainer.java:flushAndSyncDB(446)) - Container 1685129448948 is synced with bcsId 0.
2023-05-26 19:30:48,977 [Time-limited test] INFO  keyvalue.KeyValueContainer (KeyValueContainer.java:close(361)) - Container 1685129448948 is closed with bcsId 0.
2023-05-26 19:30:49,060 [Time-limited test] INFO  keyvalue.KeyValueContainer (KeyValueContainer.java:flushAndSyncDB(446)) - Container 1685129449038 is synced with bcsId 0.
2023-05-26 19:30:49,061 [Time-limited test] INFO  keyvalue.KeyValueContainer (KeyValueContainer.java:flushAndSyncDB(446)) - Container 1685129449038 is synced with bcsId 0.
2023-05-26 19:30:49,062 [Time-limited test] INFO  keyvalue.KeyValueContainer (KeyValueContainer.java:close(361)) - Container 1685129449038 is closed with bcsId 0.
2023-05-26 19:30:49,146 [Time-limited test] INFO  keyvalue.KeyValueContainer (KeyValueContainer.java:flushAndSyncDB(446)) - Container 1685129449118 is synced with bcsId 0.
2023-05-26 19:30:49,146 [Time-limited test] INFO  keyvalue.KeyValueContainer (KeyValueContainer.java:flushAndSyncDB(446)) - Container 1685129449118 is synced with bcsId 0.
2023-05-26 19:30:49,147 [Time-limited test] INFO  keyvalue.KeyValueContainer (KeyValueContainer.java:close(361)) - Container 1685129449118 is closed with bcsId 0.
2023-05-26 19:30:49,150 [Time-limited test] INFO  impl.TestContainerPersistence (TestContainerPersistence.java:cleanupDir(184)) - Deleting /home/runner/work/ozone/ozone/hadoop-hdds/container-service/target/test-dir/TestContainerPersistence
]]></system-out>
  </testcase>
  <testcase name="testGetContainerReports" classname="TestContainerPersistence" time="0.265">
    <system-out><![CDATA[2023-05-26 19:30:50,371 [Time-limited test] INFO  volume.HddsVolume (HddsVolume.java:<init>(130)) - Creating HddsVolume: /home/runner/work/ozone/ozone/hadoop-hdds/container-service/target/test-dir/TestContainerPersistence/hdds of storage type : DISK capacity : 9223372036854775807
2023-05-26 19:30:50,371 [Time-limited test] INFO  volume.MutableVolumeSet (MutableVolumeSet.java:initializeVolumeSet(175)) - Added Volume : /home/runner/work/ozone/ozone/hadoop-hdds/container-service/target/test-dir/TestContainerPersistence/hdds to VolumeSet
2023-05-26 19:30:50,402 [Time-limited test] INFO  keyvalue.KeyValueContainer (KeyValueContainer.java:flushAndSyncDB(446)) - Container 1685129450377 is synced with bcsId 0.
2023-05-26 19:30:50,403 [Time-limited test] INFO  keyvalue.KeyValueContainer (KeyValueContainer.java:flushAndSyncDB(446)) - Container 1685129450377 is synced with bcsId 0.
2023-05-26 19:30:50,404 [Time-limited test] INFO  keyvalue.KeyValueContainer (KeyValueContainer.java:close(361)) - Container 1685129450377 is closed with bcsId 0.
2023-05-26 19:30:50,481 [Time-limited test] INFO  keyvalue.KeyValueContainer (KeyValueContainer.java:flushAndSyncDB(446)) - Container 1685129450448 is synced with bcsId 0.
2023-05-26 19:30:50,481 [Time-limited test] INFO  keyvalue.KeyValueContainer (KeyValueContainer.java:flushAndSyncDB(446)) - Container 1685129450448 is synced with bcsId 0.
2023-05-26 19:30:50,482 [Time-limited test] INFO  keyvalue.KeyValueContainer (KeyValueContainer.java:close(361)) - Container 1685129450448 is closed with bcsId 0.
2023-05-26 19:30:50,547 [Time-limited test] INFO  keyvalue.KeyValueContainer (KeyValueContainer.java:flushAndSyncDB(446)) - Container 1685129450524 is synced with bcsId 0.
2023-05-26 19:30:50,547 [Time-limited test] INFO  keyvalue.KeyValueContainer (KeyValueContainer.java:flushAndSyncDB(446)) - Container 1685129450524 is synced with bcsId 0.
2023-05-26 19:30:50,548 [Time-limited test] INFO  keyvalue.KeyValueContainer (KeyValueContainer.java:close(361)) - Container 1685129450524 is closed with bcsId 0.
2023-05-26 19:30:50,616 [Time-limited test] INFO  keyvalue.KeyValueContainer (KeyValueContainer.java:flushAndSyncDB(446)) - Container 1685129450594 is synced with bcsId 0.
2023-05-26 19:30:50,616 [Time-limited test] INFO  keyvalue.KeyValueContainer (KeyValueContainer.java:flushAndSyncDB(446)) - Container 1685129450594 is synced with bcsId 0.
2023-05-26 19:30:50,617 [Time-limited test] INFO  keyvalue.KeyValueContainer (KeyValueContainer.java:close(361)) - Container 1685129450594 is closed with bcsId 0.
2023-05-26 19:30:50,620 [Time-limited test] INFO  impl.TestContainerPersistence (TestContainerPersistence.java:cleanupDir(184)) - Deleting /home/runner/work/ozone/ozone/hadoop-hdds/container-service/target/test-dir/TestContainerPersistence
2023-05-26 19:30:50,630 [Finalizer] WARN  managed.ManagedRocksObjectUtils (ManagedRocksObjectUtils.java:assertClosed(54)) - ManagedDBOptions is not closed properly
2023-05-26 19:30:50,630 [Finalizer] WARN  managed.ManagedRocksObjectUtils (ManagedRocksObjectUtils.java:assertClosed(54)) - ManagedWriteOptions is not closed properly
]]></system-out>
  </testcase>
  <testcase name="testGetContainerReports" classname="TestContainerPersistence" time="0.256">
    <system-out><![CDATA[2023-05-26 19:30:51,732 [Time-limited test] INFO  volume.HddsVolume (HddsVolume.java:<init>(130)) - Creating HddsVolume: /home/runner/work/ozone/ozone/hadoop-hdds/container-service/target/test-dir/TestContainerPersistence/hdds of storage type : DISK capacity : 9223372036854775807
2023-05-26 19:30:51,732 [Time-limited test] INFO  volume.MutableVolumeSet (MutableVolumeSet.java:initializeVolumeSet(175)) - Added Volume : /home/runner/work/ozone/ozone/hadoop-hdds/container-service/target/test-dir/TestContainerPersistence/hdds to VolumeSet
2023-05-26 19:30:51,767 [Time-limited test] INFO  keyvalue.KeyValueContainer (KeyValueContainer.java:flushAndSyncDB(446)) - Container 1685129451738 is synced with bcsId 0.
2023-05-26 19:30:51,767 [Time-limited test] INFO  keyvalue.KeyValueContainer (KeyValueContainer.java:flushAndSyncDB(446)) - Container 1685129451738 is synced with bcsId 0.
2023-05-26 19:30:51,768 [Time-limited test] INFO  keyvalue.KeyValueContainer (KeyValueContainer.java:close(361)) - Container 1685129451738 is closed with bcsId 0.
2023-05-26 19:30:51,837 [Time-limited test] INFO  keyvalue.KeyValueContainer (KeyValueContainer.java:flushAndSyncDB(446)) - Container 1685129451809 is synced with bcsId 0.
2023-05-26 19:30:51,837 [Time-limited test] INFO  keyvalue.KeyValueContainer (KeyValueContainer.java:flushAndSyncDB(446)) - Container 1685129451809 is synced with bcsId 0.
2023-05-26 19:30:51,838 [Time-limited test] INFO  keyvalue.KeyValueContainer (KeyValueContainer.java:close(361)) - Container 1685129451809 is closed with bcsId 0.
2023-05-26 19:30:51,907 [Time-limited test] INFO  keyvalue.KeyValueContainer (KeyValueContainer.java:flushAndSyncDB(446)) - Container 1685129451880 is synced with bcsId 0.
2023-05-26 19:30:51,907 [Time-limited test] INFO  keyvalue.KeyValueContainer (KeyValueContainer.java:flushAndSyncDB(446)) - Container 1685129451880 is synced with bcsId 0.
2023-05-26 19:30:51,908 [Time-limited test] INFO  keyvalue.KeyValueContainer (KeyValueContainer.java:close(361)) - Container 1685129451880 is closed with bcsId 0.
2023-05-26 19:30:51,973 [Time-limited test] INFO  keyvalue.KeyValueContainer (KeyValueContainer.java:flushAndSyncDB(446)) - Container 1685129451951 is synced with bcsId 0.
2023-05-26 19:30:51,974 [Time-limited test] INFO  keyvalue.KeyValueContainer (KeyValueContainer.java:flushAndSyncDB(446)) - Container 1685129451951 is synced with bcsId 0.
2023-05-26 19:30:51,974 [Time-limited test] INFO  keyvalue.KeyValueContainer (KeyValueContainer.java:close(361)) - Container 1685129451951 is closed with bcsId 0.
2023-05-26 19:30:51,978 [Time-limited test] INFO  impl.TestContainerPersistence (TestContainerPersistence.java:cleanupDir(184)) - Deleting /home/runner/work/ozone/ozone/hadoop-hdds/container-service/target/test-dir/TestContainerPersistence
]]></system-out>
  </testcase>
  <testcase name="testGetContainerReports" classname="TestContainerPersistence" time="0.068">
    <system-out><![CDATA[2023-05-26 19:30:53,115 [Time-limited test] INFO  volume.HddsVolume (HddsVolume.java:<init>(130)) - Creating HddsVolume: /home/runner/work/ozone/ozone/hadoop-hdds/container-service/target/test-dir/TestContainerPersistence/hdds of storage type : DISK capacity : 9223372036854775807
2023-05-26 19:30:53,115 [Time-limited test] INFO  volume.MutableVolumeSet (MutableVolumeSet.java:initializeVolumeSet(175)) - Added Volume : /home/runner/work/ozone/ozone/hadoop-hdds/container-service/target/test-dir/TestContainerPersistence/hdds to VolumeSet
2023-05-26 19:30:53,148 [Time-limited test] INFO  utils.DatanodeStoreCache (DatanodeStoreCache.java:addDB(66)) - Added db /home/runner/work/ozone/ozone/hadoop-hdds/container-service/target/test-dir/TestContainerPersistence/hdds/00f82e49-79b1-4abf-8fee-afa54913e9c6/DS-865630d1-9126-41e9-943d-fe6557fd2dd8/container.db to cache
2023-05-26 19:30:53,148 [Time-limited test] INFO  volume.HddsVolume (HddsVolume.java:createDbStore(350)) - SchemaV3 db is created and loaded at /home/runner/work/ozone/ozone/hadoop-hdds/container-service/target/test-dir/TestContainerPersistence/hdds/00f82e49-79b1-4abf-8fee-afa54913e9c6/DS-865630d1-9126-41e9-943d-fe6557fd2dd8/container.db for volume DS-865630d1-9126-41e9-943d-fe6557fd2dd8
2023-05-26 19:30:53,151 [Time-limited test] INFO  keyvalue.KeyValueContainer (KeyValueContainer.java:flushAndSyncDB(446)) - Container 1685129453149 is synced with bcsId 0.
2023-05-26 19:30:53,151 [Time-limited test] INFO  keyvalue.KeyValueContainer (KeyValueContainer.java:flushAndSyncDB(446)) - Container 1685129453149 is synced with bcsId 0.
2023-05-26 19:30:53,152 [Time-limited test] INFO  keyvalue.KeyValueContainer (KeyValueContainer.java:close(361)) - Container 1685129453149 is closed with bcsId 0.
2023-05-26 19:30:53,159 [Time-limited test] INFO  keyvalue.KeyValueContainer (KeyValueContainer.java:flushAndSyncDB(446)) - Container 1685129453155 is synced with bcsId 0.
2023-05-26 19:30:53,160 [Time-limited test] INFO  keyvalue.KeyValueContainer (KeyValueContainer.java:flushAndSyncDB(446)) - Container 1685129453155 is synced with bcsId 0.
2023-05-26 19:30:53,161 [Time-limited test] INFO  keyvalue.KeyValueContainer (KeyValueContainer.java:close(361)) - Container 1685129453155 is closed with bcsId 0.
2023-05-26 19:30:53,164 [Time-limited test] INFO  keyvalue.KeyValueContainer (KeyValueContainer.java:flushAndSyncDB(446)) - Container 1685129453163 is synced with bcsId 0.
2023-05-26 19:30:53,164 [Time-limited test] INFO  keyvalue.KeyValueContainer (KeyValueContainer.java:flushAndSyncDB(446)) - Container 1685129453163 is synced with bcsId 0.
2023-05-26 19:30:53,165 [Time-limited test] INFO  keyvalue.KeyValueContainer (KeyValueContainer.java:close(361)) - Container 1685129453163 is closed with bcsId 0.
2023-05-26 19:30:53,168 [Time-limited test] INFO  keyvalue.KeyValueContainer (KeyValueContainer.java:flushAndSyncDB(446)) - Container 1685129453167 is synced with bcsId 0.
2023-05-26 19:30:53,168 [Time-limited test] INFO  keyvalue.KeyValueContainer (KeyValueContainer.java:flushAndSyncDB(446)) - Container 1685129453167 is synced with bcsId 0.
2023-05-26 19:30:53,169 [Time-limited test] INFO  keyvalue.KeyValueContainer (KeyValueContainer.java:close(361)) - Container 1685129453167 is closed with bcsId 0.
2023-05-26 19:30:53,169 [Time-limited test] INFO  impl.TestContainerPersistence (TestContainerPersistence.java:cleanupDir(184)) - Deleting /home/runner/work/ozone/ozone/hadoop-hdds/container-service/target/test-dir/TestContainerPersistence
]]></system-out>
  </testcase>
  <testcase name="testDeleteContainerWithRenaming" classname="TestContainerPersistence" time="0.23">
    <system-out><![CDATA[2023-05-26 19:30:40,764 [Time-limited test] INFO  volume.HddsVolume (HddsVolume.java:<init>(130)) - Creating HddsVolume: /home/runner/work/ozone/ozone/hadoop-hdds/container-service/target/test-dir/TestContainerPersistence/hdds of storage type : DISK capacity : 9223372036854775807
2023-05-26 19:30:40,764 [Time-limited test] INFO  volume.MutableVolumeSet (MutableVolumeSet.java:initializeVolumeSet(175)) - Added Volume : /home/runner/work/ozone/ozone/hadoop-hdds/container-service/target/test-dir/TestContainerPersistence/hdds to VolumeSet
2023-05-26 19:30:40,773 [Time-limited test] INFO  volume.HddsVolume (HddsVolume.java:<init>(130)) - Creating HddsVolume: /home/runner/work/ozone/ozone/hadoop-hdds/container-service/target/test-dir/TestContainerPersistence/hdds of storage type : null capacity : 9223372036854775807
2023-05-26 19:30:40,814 [Time-limited test] INFO  utils.DatanodeStoreCache (DatanodeStoreCache.java:addDB(66)) - Added db /home/runner/work/ozone/ozone/hadoop-hdds/container-service/target/test-dir/TestContainerPersistence/hdds/00f82e49-79b1-4abf-8fee-afa54913e9c6/DS-4fef0f32-674d-4d6d-92c8-5aaf21f71d10/container.db to cache
2023-05-26 19:30:40,815 [Time-limited test] INFO  volume.HddsVolume (HddsVolume.java:createDbStore(350)) - SchemaV3 db is created and loaded at /home/runner/work/ozone/ozone/hadoop-hdds/container-service/target/test-dir/TestContainerPersistence/hdds/00f82e49-79b1-4abf-8fee-afa54913e9c6/DS-4fef0f32-674d-4d6d-92c8-5aaf21f71d10/container.db for volume DS-4fef0f32-674d-4d6d-92c8-5aaf21f71d10
2023-05-26 19:30:40,820 [Time-limited test] INFO  utils.DatanodeStoreCache (DatanodeStoreCache.java:removeDB(104)) - Removed db /home/runner/work/ozone/ozone/hadoop-hdds/container-service/target/test-dir/TestContainerPersistence/hdds/00f82e49-79b1-4abf-8fee-afa54913e9c6/DS-4fef0f32-674d-4d6d-92c8-5aaf21f71d10/container.db from cache
2023-05-26 19:30:40,820 [Time-limited test] INFO  volume.HddsVolume (HddsVolume.java:closeDbStore(437)) - SchemaV3 db is stopped at /home/runner/work/ozone/ozone/hadoop-hdds/container-service/target/test-dir/TestContainerPersistence/hdds/00f82e49-79b1-4abf-8fee-afa54913e9c6/DS-4fef0f32-674d-4d6d-92c8-5aaf21f71d10/container.db for volume DS-4fef0f32-674d-4d6d-92c8-5aaf21f71d10
2023-05-26 19:30:40,946 [Time-limited test] INFO  keyvalue.KeyValueContainer (KeyValueContainer.java:flushAndSyncDB(446)) - Container 1685129440820 is synced with bcsId 0.
2023-05-26 19:30:40,946 [Time-limited test] INFO  keyvalue.KeyValueContainer (KeyValueContainer.java:flushAndSyncDB(446)) - Container 1685129440820 is synced with bcsId 0.
2023-05-26 19:30:40,948 [Time-limited test] INFO  keyvalue.KeyValueContainer (KeyValueContainer.java:close(361)) - Container 1685129440820 is closed with bcsId 0.
2023-05-26 19:30:40,979 [Time-limited test] INFO  keyvalue.KeyValueContainer (KeyValueContainer.java:flushAndSyncDB(446)) - Container 1685129440920 is synced with bcsId 0.
2023-05-26 19:30:40,979 [Time-limited test] INFO  keyvalue.KeyValueContainer (KeyValueContainer.java:flushAndSyncDB(446)) - Container 1685129440920 is synced with bcsId 0.
2023-05-26 19:30:40,981 [Time-limited test] INFO  keyvalue.KeyValueContainer (KeyValueContainer.java:close(361)) - Container 1685129440920 is closed with bcsId 0.
2023-05-26 19:30:40,989 [Time-limited test] INFO  impl.TestContainerPersistence (TestContainerPersistence.java:cleanupDir(184)) - Deleting /home/runner/work/ozone/ozone/hadoop-hdds/container-service/target/test-dir/TestContainerPersistence
]]></system-out>
  </testcase>
  <testcase name="testDeleteContainerWithRenaming" classname="TestContainerPersistence" time="0.2">
    <system-out><![CDATA[2023-05-26 19:30:43,350 [Time-limited test] INFO  volume.HddsVolume (HddsVolume.java:<init>(130)) - Creating HddsVolume: /home/runner/work/ozone/ozone/hadoop-hdds/container-service/target/test-dir/TestContainerPersistence/hdds of storage type : DISK capacity : 9223372036854775807
2023-05-26 19:30:43,351 [Time-limited test] INFO  volume.MutableVolumeSet (MutableVolumeSet.java:initializeVolumeSet(175)) - Added Volume : /home/runner/work/ozone/ozone/hadoop-hdds/container-service/target/test-dir/TestContainerPersistence/hdds to VolumeSet
2023-05-26 19:30:43,357 [Time-limited test] INFO  volume.HddsVolume (HddsVolume.java:<init>(130)) - Creating HddsVolume: /home/runner/work/ozone/ozone/hadoop-hdds/container-service/target/test-dir/TestContainerPersistence/hdds of storage type : null capacity : 9223372036854775807
2023-05-26 19:30:43,383 [Time-limited test] INFO  utils.DatanodeStoreCache (DatanodeStoreCache.java:addDB(66)) - Added db /home/runner/work/ozone/ozone/hadoop-hdds/container-service/target/test-dir/TestContainerPersistence/hdds/00f82e49-79b1-4abf-8fee-afa54913e9c6/DS-0cb53894-e29a-4d5d-99c8-426e8d1836cd/container.db to cache
2023-05-26 19:30:43,383 [Time-limited test] INFO  volume.HddsVolume (HddsVolume.java:createDbStore(350)) - SchemaV3 db is created and loaded at /home/runner/work/ozone/ozone/hadoop-hdds/container-service/target/test-dir/TestContainerPersistence/hdds/00f82e49-79b1-4abf-8fee-afa54913e9c6/DS-0cb53894-e29a-4d5d-99c8-426e8d1836cd/container.db for volume DS-0cb53894-e29a-4d5d-99c8-426e8d1836cd
2023-05-26 19:30:43,384 [Time-limited test] INFO  utils.DatanodeStoreCache (DatanodeStoreCache.java:removeDB(104)) - Removed db /home/runner/work/ozone/ozone/hadoop-hdds/container-service/target/test-dir/TestContainerPersistence/hdds/00f82e49-79b1-4abf-8fee-afa54913e9c6/DS-0cb53894-e29a-4d5d-99c8-426e8d1836cd/container.db from cache
2023-05-26 19:30:43,384 [Time-limited test] INFO  volume.HddsVolume (HddsVolume.java:closeDbStore(437)) - SchemaV3 db is stopped at /home/runner/work/ozone/ozone/hadoop-hdds/container-service/target/test-dir/TestContainerPersistence/hdds/00f82e49-79b1-4abf-8fee-afa54913e9c6/DS-0cb53894-e29a-4d5d-99c8-426e8d1836cd/container.db for volume DS-0cb53894-e29a-4d5d-99c8-426e8d1836cd
2023-05-26 19:30:43,508 [Time-limited test] INFO  keyvalue.KeyValueContainer (KeyValueContainer.java:flushAndSyncDB(446)) - Container 1685129443384 is synced with bcsId 0.
2023-05-26 19:30:43,508 [Time-limited test] INFO  keyvalue.KeyValueContainer (KeyValueContainer.java:flushAndSyncDB(446)) - Container 1685129443384 is synced with bcsId 0.
2023-05-26 19:30:43,511 [Time-limited test] INFO  keyvalue.KeyValueContainer (KeyValueContainer.java:close(361)) - Container 1685129443384 is closed with bcsId 0.
2023-05-26 19:30:43,534 [Time-limited test] INFO  keyvalue.KeyValueContainer (KeyValueContainer.java:flushAndSyncDB(446)) - Container 1685129443484 is synced with bcsId 0.
2023-05-26 19:30:43,534 [Time-limited test] INFO  keyvalue.KeyValueContainer (KeyValueContainer.java:flushAndSyncDB(446)) - Container 1685129443484 is synced with bcsId 0.
2023-05-26 19:30:43,535 [Time-limited test] INFO  keyvalue.KeyValueContainer (KeyValueContainer.java:close(361)) - Container 1685129443484 is closed with bcsId 0.
2023-05-26 19:30:43,546 [Time-limited test] INFO  impl.TestContainerPersistence (TestContainerPersistence.java:cleanupDir(184)) - Deleting /home/runner/work/ozone/ozone/hadoop-hdds/container-service/target/test-dir/TestContainerPersistence
]]></system-out>
  </testcase>
  <testcase name="testDeleteContainerWithRenaming" classname="TestContainerPersistence" time="0.202">
    <system-out><![CDATA[2023-05-26 19:30:45,491 [Time-limited test] INFO  volume.HddsVolume (HddsVolume.java:<init>(130)) - Creating HddsVolume: /home/runner/work/ozone/ozone/hadoop-hdds/container-service/target/test-dir/TestContainerPersistence/hdds of storage type : DISK capacity : 9223372036854775807
2023-05-26 19:30:45,491 [Time-limited test] INFO  volume.MutableVolumeSet (MutableVolumeSet.java:initializeVolumeSet(175)) - Added Volume : /home/runner/work/ozone/ozone/hadoop-hdds/container-service/target/test-dir/TestContainerPersistence/hdds to VolumeSet
2023-05-26 19:30:45,498 [Time-limited test] INFO  volume.HddsVolume (HddsVolume.java:<init>(130)) - Creating HddsVolume: /home/runner/work/ozone/ozone/hadoop-hdds/container-service/target/test-dir/TestContainerPersistence/hdds of storage type : null capacity : 9223372036854775807
2023-05-26 19:30:45,526 [Time-limited test] INFO  utils.DatanodeStoreCache (DatanodeStoreCache.java:addDB(66)) - Added db /home/runner/work/ozone/ozone/hadoop-hdds/container-service/target/test-dir/TestContainerPersistence/hdds/00f82e49-79b1-4abf-8fee-afa54913e9c6/DS-b27c8c85-6269-4545-bc0d-625275eec411/container.db to cache
2023-05-26 19:30:45,526 [Time-limited test] INFO  volume.HddsVolume (HddsVolume.java:createDbStore(350)) - SchemaV3 db is created and loaded at /home/runner/work/ozone/ozone/hadoop-hdds/container-service/target/test-dir/TestContainerPersistence/hdds/00f82e49-79b1-4abf-8fee-afa54913e9c6/DS-b27c8c85-6269-4545-bc0d-625275eec411/container.db for volume DS-b27c8c85-6269-4545-bc0d-625275eec411
2023-05-26 19:30:45,527 [Time-limited test] INFO  utils.DatanodeStoreCache (DatanodeStoreCache.java:removeDB(104)) - Removed db /home/runner/work/ozone/ozone/hadoop-hdds/container-service/target/test-dir/TestContainerPersistence/hdds/00f82e49-79b1-4abf-8fee-afa54913e9c6/DS-b27c8c85-6269-4545-bc0d-625275eec411/container.db from cache
2023-05-26 19:30:45,527 [Time-limited test] INFO  volume.HddsVolume (HddsVolume.java:closeDbStore(437)) - SchemaV3 db is stopped at /home/runner/work/ozone/ozone/hadoop-hdds/container-service/target/test-dir/TestContainerPersistence/hdds/00f82e49-79b1-4abf-8fee-afa54913e9c6/DS-b27c8c85-6269-4545-bc0d-625275eec411/container.db for volume DS-b27c8c85-6269-4545-bc0d-625275eec411
2023-05-26 19:30:45,655 [Time-limited test] INFO  keyvalue.KeyValueContainer (KeyValueContainer.java:flushAndSyncDB(446)) - Container 1685129445527 is synced with bcsId 0.
2023-05-26 19:30:45,655 [Time-limited test] INFO  keyvalue.KeyValueContainer (KeyValueContainer.java:flushAndSyncDB(446)) - Container 1685129445527 is synced with bcsId 0.
2023-05-26 19:30:45,656 [Time-limited test] INFO  keyvalue.KeyValueContainer (KeyValueContainer.java:close(361)) - Container 1685129445527 is closed with bcsId 0.
2023-05-26 19:30:45,683 [Time-limited test] INFO  keyvalue.KeyValueContainer (KeyValueContainer.java:flushAndSyncDB(446)) - Container 1685129445627 is synced with bcsId 0.
2023-05-26 19:30:45,683 [Time-limited test] INFO  keyvalue.KeyValueContainer (KeyValueContainer.java:flushAndSyncDB(446)) - Container 1685129445627 is synced with bcsId 0.
2023-05-26 19:30:45,684 [Time-limited test] INFO  keyvalue.KeyValueContainer (KeyValueContainer.java:close(361)) - Container 1685129445627 is closed with bcsId 0.
2023-05-26 19:30:45,687 [Time-limited test] INFO  impl.TestContainerPersistence (TestContainerPersistence.java:cleanupDir(184)) - Deleting /home/runner/work/ozone/ozone/hadoop-hdds/container-service/target/test-dir/TestContainerPersistence
]]></system-out>
  </testcase>
  <testcase name="testDeleteContainerWithRenaming" classname="TestContainerPersistence" time="0.157">
    <system-out><![CDATA[2023-05-26 19:30:47,368 [Time-limited test] INFO  volume.HddsVolume (HddsVolume.java:<init>(130)) - Creating HddsVolume: /home/runner/work/ozone/ozone/hadoop-hdds/container-service/target/test-dir/TestContainerPersistence/hdds of storage type : DISK capacity : 9223372036854775807
2023-05-26 19:30:47,368 [Time-limited test] INFO  volume.MutableVolumeSet (MutableVolumeSet.java:initializeVolumeSet(175)) - Added Volume : /home/runner/work/ozone/ozone/hadoop-hdds/container-service/target/test-dir/TestContainerPersistence/hdds to VolumeSet
2023-05-26 19:30:47,410 [Time-limited test] INFO  utils.DatanodeStoreCache (DatanodeStoreCache.java:addDB(66)) - Added db /home/runner/work/ozone/ozone/hadoop-hdds/container-service/target/test-dir/TestContainerPersistence/hdds/00f82e49-79b1-4abf-8fee-afa54913e9c6/DS-6f3b53ec-b229-41b1-a99a-6afde7b9af0b/container.db to cache
2023-05-26 19:30:47,411 [Time-limited test] INFO  volume.HddsVolume (HddsVolume.java:createDbStore(350)) - SchemaV3 db is created and loaded at /home/runner/work/ozone/ozone/hadoop-hdds/container-service/target/test-dir/TestContainerPersistence/hdds/00f82e49-79b1-4abf-8fee-afa54913e9c6/DS-6f3b53ec-b229-41b1-a99a-6afde7b9af0b/container.db for volume DS-6f3b53ec-b229-41b1-a99a-6afde7b9af0b
2023-05-26 19:30:47,515 [Time-limited test] INFO  keyvalue.KeyValueContainer (KeyValueContainer.java:flushAndSyncDB(446)) - Container 1685129447412 is synced with bcsId 0.
2023-05-26 19:30:47,515 [Time-limited test] INFO  keyvalue.KeyValueContainer (KeyValueContainer.java:flushAndSyncDB(446)) - Container 1685129447412 is synced with bcsId 0.
2023-05-26 19:30:47,516 [Time-limited test] INFO  keyvalue.KeyValueContainer (KeyValueContainer.java:close(361)) - Container 1685129447412 is closed with bcsId 0.
2023-05-26 19:30:47,518 [Time-limited test] INFO  keyvalue.KeyValueContainer (KeyValueContainer.java:flushAndSyncDB(446)) - Container 1685129447512 is synced with bcsId 0.
2023-05-26 19:30:47,518 [Time-limited test] INFO  keyvalue.KeyValueContainer (KeyValueContainer.java:flushAndSyncDB(446)) - Container 1685129447512 is synced with bcsId 0.
2023-05-26 19:30:47,519 [Time-limited test] INFO  keyvalue.KeyValueContainer (KeyValueContainer.java:close(361)) - Container 1685129447512 is closed with bcsId 0.
2023-05-26 19:30:47,522 [Time-limited test] INFO  impl.TestContainerPersistence (TestContainerPersistence.java:cleanupDir(184)) - Deleting /home/runner/work/ozone/ozone/hadoop-hdds/container-service/target/test-dir/TestContainerPersistence
]]></system-out>
  </testcase>
  <testcase name="testDeleteContainerWithRenaming" classname="TestContainerPersistence" time="0.192">
    <system-out><![CDATA[2023-05-26 19:30:49,160 [Time-limited test] INFO  volume.HddsVolume (HddsVolume.java:<init>(130)) - Creating HddsVolume: /home/runner/work/ozone/ozone/hadoop-hdds/container-service/target/test-dir/TestContainerPersistence/hdds of storage type : DISK capacity : 9223372036854775807
2023-05-26 19:30:49,160 [Time-limited test] INFO  volume.MutableVolumeSet (MutableVolumeSet.java:initializeVolumeSet(175)) - Added Volume : /home/runner/work/ozone/ozone/hadoop-hdds/container-service/target/test-dir/TestContainerPersistence/hdds to VolumeSet
2023-05-26 19:30:49,166 [Time-limited test] INFO  volume.HddsVolume (HddsVolume.java:<init>(130)) - Creating HddsVolume: /home/runner/work/ozone/ozone/hadoop-hdds/container-service/target/test-dir/TestContainerPersistence/hdds of storage type : null capacity : 9223372036854775807
2023-05-26 19:30:49,195 [Time-limited test] INFO  utils.DatanodeStoreCache (DatanodeStoreCache.java:addDB(66)) - Added db /home/runner/work/ozone/ozone/hadoop-hdds/container-service/target/test-dir/TestContainerPersistence/hdds/00f82e49-79b1-4abf-8fee-afa54913e9c6/DS-f7620d8e-28f2-4514-a2e6-4aaf5bbf7479/container.db to cache
2023-05-26 19:30:49,195 [Time-limited test] INFO  volume.HddsVolume (HddsVolume.java:createDbStore(350)) - SchemaV3 db is created and loaded at /home/runner/work/ozone/ozone/hadoop-hdds/container-service/target/test-dir/TestContainerPersistence/hdds/00f82e49-79b1-4abf-8fee-afa54913e9c6/DS-f7620d8e-28f2-4514-a2e6-4aaf5bbf7479/container.db for volume DS-f7620d8e-28f2-4514-a2e6-4aaf5bbf7479
2023-05-26 19:30:49,196 [Time-limited test] INFO  utils.DatanodeStoreCache (DatanodeStoreCache.java:removeDB(104)) - Removed db /home/runner/work/ozone/ozone/hadoop-hdds/container-service/target/test-dir/TestContainerPersistence/hdds/00f82e49-79b1-4abf-8fee-afa54913e9c6/DS-f7620d8e-28f2-4514-a2e6-4aaf5bbf7479/container.db from cache
2023-05-26 19:30:49,196 [Time-limited test] INFO  volume.HddsVolume (HddsVolume.java:closeDbStore(437)) - SchemaV3 db is stopped at /home/runner/work/ozone/ozone/hadoop-hdds/container-service/target/test-dir/TestContainerPersistence/hdds/00f82e49-79b1-4abf-8fee-afa54913e9c6/DS-f7620d8e-28f2-4514-a2e6-4aaf5bbf7479/container.db for volume DS-f7620d8e-28f2-4514-a2e6-4aaf5bbf7479
2023-05-26 19:30:49,319 [Time-limited test] INFO  keyvalue.KeyValueContainer (KeyValueContainer.java:flushAndSyncDB(446)) - Container 1685129449196 is synced with bcsId 0.
2023-05-26 19:30:49,320 [Time-limited test] INFO  keyvalue.KeyValueContainer (KeyValueContainer.java:flushAndSyncDB(446)) - Container 1685129449196 is synced with bcsId 0.
2023-05-26 19:30:49,321 [Time-limited test] INFO  keyvalue.KeyValueContainer (KeyValueContainer.java:close(361)) - Container 1685129449196 is closed with bcsId 0.
2023-05-26 19:30:49,344 [Time-limited test] INFO  keyvalue.KeyValueContainer (KeyValueContainer.java:flushAndSyncDB(446)) - Container 1685129449296 is synced with bcsId 0.
2023-05-26 19:30:49,344 [Time-limited test] INFO  keyvalue.KeyValueContainer (KeyValueContainer.java:flushAndSyncDB(446)) - Container 1685129449296 is synced with bcsId 0.
2023-05-26 19:30:49,345 [Time-limited test] INFO  keyvalue.KeyValueContainer (KeyValueContainer.java:close(361)) - Container 1685129449296 is closed with bcsId 0.
2023-05-26 19:30:49,349 [Time-limited test] INFO  impl.TestContainerPersistence (TestContainerPersistence.java:cleanupDir(184)) - Deleting /home/runner/work/ozone/ozone/hadoop-hdds/container-service/target/test-dir/TestContainerPersistence
]]></system-out>
  </testcase>
  <testcase name="testDeleteContainerWithRenaming" classname="TestContainerPersistence" time="0.188">
    <system-out><![CDATA[2023-05-26 19:30:50,635 [Time-limited test] INFO  volume.HddsVolume (HddsVolume.java:<init>(130)) - Creating HddsVolume: /home/runner/work/ozone/ozone/hadoop-hdds/container-service/target/test-dir/TestContainerPersistence/hdds of storage type : DISK capacity : 9223372036854775807
2023-05-26 19:30:50,636 [Time-limited test] INFO  volume.MutableVolumeSet (MutableVolumeSet.java:initializeVolumeSet(175)) - Added Volume : /home/runner/work/ozone/ozone/hadoop-hdds/container-service/target/test-dir/TestContainerPersistence/hdds to VolumeSet
2023-05-26 19:30:50,642 [Time-limited test] INFO  volume.HddsVolume (HddsVolume.java:<init>(130)) - Creating HddsVolume: /home/runner/work/ozone/ozone/hadoop-hdds/container-service/target/test-dir/TestContainerPersistence/hdds of storage type : null capacity : 9223372036854775807
2023-05-26 19:30:50,663 [Time-limited test] INFO  utils.DatanodeStoreCache (DatanodeStoreCache.java:addDB(66)) - Added db /home/runner/work/ozone/ozone/hadoop-hdds/container-service/target/test-dir/TestContainerPersistence/hdds/00f82e49-79b1-4abf-8fee-afa54913e9c6/DS-1f473be4-c0c2-4702-9436-f8e0f94ffcb2/container.db to cache
2023-05-26 19:30:50,663 [Time-limited test] INFO  volume.HddsVolume (HddsVolume.java:createDbStore(350)) - SchemaV3 db is created and loaded at /home/runner/work/ozone/ozone/hadoop-hdds/container-service/target/test-dir/TestContainerPersistence/hdds/00f82e49-79b1-4abf-8fee-afa54913e9c6/DS-1f473be4-c0c2-4702-9436-f8e0f94ffcb2/container.db for volume DS-1f473be4-c0c2-4702-9436-f8e0f94ffcb2
2023-05-26 19:30:50,664 [Time-limited test] INFO  utils.DatanodeStoreCache (DatanodeStoreCache.java:removeDB(104)) - Removed db /home/runner/work/ozone/ozone/hadoop-hdds/container-service/target/test-dir/TestContainerPersistence/hdds/00f82e49-79b1-4abf-8fee-afa54913e9c6/DS-1f473be4-c0c2-4702-9436-f8e0f94ffcb2/container.db from cache
2023-05-26 19:30:50,664 [Time-limited test] INFO  volume.HddsVolume (HddsVolume.java:closeDbStore(437)) - SchemaV3 db is stopped at /home/runner/work/ozone/ozone/hadoop-hdds/container-service/target/test-dir/TestContainerPersistence/hdds/00f82e49-79b1-4abf-8fee-afa54913e9c6/DS-1f473be4-c0c2-4702-9436-f8e0f94ffcb2/container.db for volume DS-1f473be4-c0c2-4702-9436-f8e0f94ffcb2
2023-05-26 19:30:50,794 [Time-limited test] INFO  keyvalue.KeyValueContainer (KeyValueContainer.java:flushAndSyncDB(446)) - Container 1685129450664 is synced with bcsId 0.
2023-05-26 19:30:50,794 [Time-limited test] INFO  keyvalue.KeyValueContainer (KeyValueContainer.java:flushAndSyncDB(446)) - Container 1685129450664 is synced with bcsId 0.
2023-05-26 19:30:50,795 [Time-limited test] INFO  keyvalue.KeyValueContainer (KeyValueContainer.java:close(361)) - Container 1685129450664 is closed with bcsId 0.
2023-05-26 19:30:50,817 [Time-limited test] INFO  keyvalue.KeyValueContainer (KeyValueContainer.java:flushAndSyncDB(446)) - Container 1685129450764 is synced with bcsId 0.
2023-05-26 19:30:50,817 [Time-limited test] INFO  keyvalue.KeyValueContainer (KeyValueContainer.java:flushAndSyncDB(446)) - Container 1685129450764 is synced with bcsId 0.
2023-05-26 19:30:50,818 [Time-limited test] INFO  keyvalue.KeyValueContainer (KeyValueContainer.java:close(361)) - Container 1685129450764 is closed with bcsId 0.
2023-05-26 19:30:50,821 [Time-limited test] INFO  impl.TestContainerPersistence (TestContainerPersistence.java:cleanupDir(184)) - Deleting /home/runner/work/ozone/ozone/hadoop-hdds/container-service/target/test-dir/TestContainerPersistence
]]></system-out>
  </testcase>
  <testcase name="testDeleteContainerWithRenaming" classname="TestContainerPersistence" time="0.19">
    <system-out><![CDATA[2023-05-26 19:30:51,987 [Time-limited test] INFO  volume.HddsVolume (HddsVolume.java:<init>(130)) - Creating HddsVolume: /home/runner/work/ozone/ozone/hadoop-hdds/container-service/target/test-dir/TestContainerPersistence/hdds of storage type : DISK capacity : 9223372036854775807
2023-05-26 19:30:51,987 [Time-limited test] INFO  volume.MutableVolumeSet (MutableVolumeSet.java:initializeVolumeSet(175)) - Added Volume : /home/runner/work/ozone/ozone/hadoop-hdds/container-service/target/test-dir/TestContainerPersistence/hdds to VolumeSet
2023-05-26 19:30:51,993 [Time-limited test] INFO  volume.HddsVolume (HddsVolume.java:<init>(130)) - Creating HddsVolume: /home/runner/work/ozone/ozone/hadoop-hdds/container-service/target/test-dir/TestContainerPersistence/hdds of storage type : null capacity : 9223372036854775807
2023-05-26 19:30:52,016 [Time-limited test] INFO  utils.DatanodeStoreCache (DatanodeStoreCache.java:addDB(66)) - Added db /home/runner/work/ozone/ozone/hadoop-hdds/container-service/target/test-dir/TestContainerPersistence/hdds/00f82e49-79b1-4abf-8fee-afa54913e9c6/DS-f36f789f-35e9-4a38-8d5b-049c5db77962/container.db to cache
2023-05-26 19:30:52,016 [Time-limited test] INFO  volume.HddsVolume (HddsVolume.java:createDbStore(350)) - SchemaV3 db is created and loaded at /home/runner/work/ozone/ozone/hadoop-hdds/container-service/target/test-dir/TestContainerPersistence/hdds/00f82e49-79b1-4abf-8fee-afa54913e9c6/DS-f36f789f-35e9-4a38-8d5b-049c5db77962/container.db for volume DS-f36f789f-35e9-4a38-8d5b-049c5db77962
2023-05-26 19:30:52,017 [Time-limited test] INFO  utils.DatanodeStoreCache (DatanodeStoreCache.java:removeDB(104)) - Removed db /home/runner/work/ozone/ozone/hadoop-hdds/container-service/target/test-dir/TestContainerPersistence/hdds/00f82e49-79b1-4abf-8fee-afa54913e9c6/DS-f36f789f-35e9-4a38-8d5b-049c5db77962/container.db from cache
2023-05-26 19:30:52,017 [Time-limited test] INFO  volume.HddsVolume (HddsVolume.java:closeDbStore(437)) - SchemaV3 db is stopped at /home/runner/work/ozone/ozone/hadoop-hdds/container-service/target/test-dir/TestContainerPersistence/hdds/00f82e49-79b1-4abf-8fee-afa54913e9c6/DS-f36f789f-35e9-4a38-8d5b-049c5db77962/container.db for volume DS-f36f789f-35e9-4a38-8d5b-049c5db77962
2023-05-26 19:30:52,141 [Time-limited test] INFO  keyvalue.KeyValueContainer (KeyValueContainer.java:flushAndSyncDB(446)) - Container 1685129452017 is synced with bcsId 0.
2023-05-26 19:30:52,141 [Time-limited test] INFO  keyvalue.KeyValueContainer (KeyValueContainer.java:flushAndSyncDB(446)) - Container 1685129452017 is synced with bcsId 0.
2023-05-26 19:30:52,142 [Time-limited test] INFO  keyvalue.KeyValueContainer (KeyValueContainer.java:close(361)) - Container 1685129452017 is closed with bcsId 0.
2023-05-26 19:30:52,170 [Time-limited test] INFO  keyvalue.KeyValueContainer (KeyValueContainer.java:flushAndSyncDB(446)) - Container 1685129452117 is synced with bcsId 0.
2023-05-26 19:30:52,170 [Time-limited test] INFO  keyvalue.KeyValueContainer (KeyValueContainer.java:flushAndSyncDB(446)) - Container 1685129452117 is synced with bcsId 0.
2023-05-26 19:30:52,172 [Time-limited test] INFO  keyvalue.KeyValueContainer (KeyValueContainer.java:close(361)) - Container 1685129452117 is closed with bcsId 0.
2023-05-26 19:30:52,175 [Time-limited test] INFO  impl.TestContainerPersistence (TestContainerPersistence.java:cleanupDir(184)) - Deleting /home/runner/work/ozone/ozone/hadoop-hdds/container-service/target/test-dir/TestContainerPersistence
]]></system-out>
  </testcase>
  <testcase name="testDeleteContainerWithRenaming" classname="TestContainerPersistence" time="0.151">
    <system-out><![CDATA[2023-05-26 19:30:53,177 [Time-limited test] INFO  volume.HddsVolume (HddsVolume.java:<init>(130)) - Creating HddsVolume: /home/runner/work/ozone/ozone/hadoop-hdds/container-service/target/test-dir/TestContainerPersistence/hdds of storage type : DISK capacity : 9223372036854775807
2023-05-26 19:30:53,177 [Time-limited test] INFO  volume.MutableVolumeSet (MutableVolumeSet.java:initializeVolumeSet(175)) - Added Volume : /home/runner/work/ozone/ozone/hadoop-hdds/container-service/target/test-dir/TestContainerPersistence/hdds to VolumeSet
2023-05-26 19:30:53,213 [Time-limited test] INFO  utils.DatanodeStoreCache (DatanodeStoreCache.java:addDB(66)) - Added db /home/runner/work/ozone/ozone/hadoop-hdds/container-service/target/test-dir/TestContainerPersistence/hdds/00f82e49-79b1-4abf-8fee-afa54913e9c6/DS-270395f7-22b0-4f14-b5f0-5836b9c63ccc/container.db to cache
2023-05-26 19:30:53,213 [Time-limited test] INFO  volume.HddsVolume (HddsVolume.java:createDbStore(350)) - SchemaV3 db is created and loaded at /home/runner/work/ozone/ozone/hadoop-hdds/container-service/target/test-dir/TestContainerPersistence/hdds/00f82e49-79b1-4abf-8fee-afa54913e9c6/DS-270395f7-22b0-4f14-b5f0-5836b9c63ccc/container.db for volume DS-270395f7-22b0-4f14-b5f0-5836b9c63ccc
2023-05-26 19:30:53,316 [Time-limited test] INFO  keyvalue.KeyValueContainer (KeyValueContainer.java:flushAndSyncDB(446)) - Container 1685129453214 is synced with bcsId 0.
2023-05-26 19:30:53,316 [Time-limited test] INFO  keyvalue.KeyValueContainer (KeyValueContainer.java:flushAndSyncDB(446)) - Container 1685129453214 is synced with bcsId 0.
2023-05-26 19:30:53,317 [Time-limited test] INFO  keyvalue.KeyValueContainer (KeyValueContainer.java:close(361)) - Container 1685129453214 is closed with bcsId 0.
2023-05-26 19:30:53,318 [Time-limited test] INFO  keyvalue.KeyValueContainer (KeyValueContainer.java:flushAndSyncDB(446)) - Container 1685129453314 is synced with bcsId 0.
2023-05-26 19:30:53,319 [Time-limited test] INFO  keyvalue.KeyValueContainer (KeyValueContainer.java:flushAndSyncDB(446)) - Container 1685129453314 is synced with bcsId 0.
2023-05-26 19:30:53,320 [Time-limited test] INFO  keyvalue.KeyValueContainer (KeyValueContainer.java:close(361)) - Container 1685129453314 is closed with bcsId 0.
2023-05-26 19:30:53,322 [Time-limited test] INFO  impl.TestContainerPersistence (TestContainerPersistence.java:cleanupDir(184)) - Deleting /home/runner/work/ozone/ozone/hadoop-hdds/container-service/target/test-dir/TestContainerPersistence
]]></system-out>
  </testcase>
  <testcase name="testOverWrite" classname="TestContainerPersistence" time="0.068">
    <system-out><![CDATA[2023-05-26 19:30:40,995 [Time-limited test] INFO  volume.HddsVolume (HddsVolume.java:<init>(130)) - Creating HddsVolume: /home/runner/work/ozone/ozone/hadoop-hdds/container-service/target/test-dir/TestContainerPersistence/hdds of storage type : DISK capacity : 9223372036854775807
2023-05-26 19:30:40,995 [Time-limited test] INFO  volume.MutableVolumeSet (MutableVolumeSet.java:initializeVolumeSet(175)) - Added Volume : /home/runner/work/ozone/ozone/hadoop-hdds/container-service/target/test-dir/TestContainerPersistence/hdds to VolumeSet
2023-05-26 19:30:41,053 [Time-limited test] WARN  helpers.ChunkUtils (ChunkUtils.java:validateChunkForOverwrite(250)) - Duplicate write chunk request. Chunk overwrite without explicit request. ChunkInfo{chunkName='1685129441051.data.0, offset=0, len=1024}
2023-05-26 19:30:41,055 [Time-limited test] INFO  impl.TestContainerPersistence (TestContainerPersistence.java:cleanupDir(184)) - Deleting /home/runner/work/ozone/ozone/hadoop-hdds/container-service/target/test-dir/TestContainerPersistence
]]></system-out>
  </testcase>
  <testcase name="testOverWrite" classname="TestContainerPersistence" time="0.037">
    <system-out><![CDATA[2023-05-26 19:30:43,550 [Time-limited test] INFO  volume.HddsVolume (HddsVolume.java:<init>(130)) - Creating HddsVolume: /home/runner/work/ozone/ozone/hadoop-hdds/container-service/target/test-dir/TestContainerPersistence/hdds of storage type : DISK capacity : 9223372036854775807
2023-05-26 19:30:43,550 [Time-limited test] INFO  volume.MutableVolumeSet (MutableVolumeSet.java:initializeVolumeSet(175)) - Added Volume : /home/runner/work/ozone/ozone/hadoop-hdds/container-service/target/test-dir/TestContainerPersistence/hdds to VolumeSet
2023-05-26 19:30:43,583 [Time-limited test] WARN  helpers.ChunkUtils (ChunkUtils.java:validateChunkForOverwrite(250)) - Duplicate write chunk request. Chunk overwrite without explicit request. ChunkInfo{chunkName='1685129443582.data.0, offset=0, len=1024}
2023-05-26 19:30:43,583 [Time-limited test] INFO  impl.TestContainerPersistence (TestContainerPersistence.java:cleanupDir(184)) - Deleting /home/runner/work/ozone/ozone/hadoop-hdds/container-service/target/test-dir/TestContainerPersistence
]]></system-out>
  </testcase>
  <testcase name="testOverWrite" classname="TestContainerPersistence" time="0.043">
    <system-out><![CDATA[2023-05-26 19:30:45,691 [Time-limited test] INFO  volume.HddsVolume (HddsVolume.java:<init>(130)) - Creating HddsVolume: /home/runner/work/ozone/ozone/hadoop-hdds/container-service/target/test-dir/TestContainerPersistence/hdds of storage type : DISK capacity : 9223372036854775807
2023-05-26 19:30:45,691 [Time-limited test] INFO  volume.MutableVolumeSet (MutableVolumeSet.java:initializeVolumeSet(175)) - Added Volume : /home/runner/work/ozone/ozone/hadoop-hdds/container-service/target/test-dir/TestContainerPersistence/hdds to VolumeSet
2023-05-26 19:30:45,729 [Time-limited test] WARN  helpers.ChunkUtils (ChunkUtils.java:validateChunkForOverwrite(250)) - Duplicate write chunk request. Chunk overwrite without explicit request. ChunkInfo{chunkName='1685129445729.data.0, offset=0, len=1024}
2023-05-26 19:30:45,730 [Time-limited test] INFO  impl.TestContainerPersistence (TestContainerPersistence.java:cleanupDir(184)) - Deleting /home/runner/work/ozone/ozone/hadoop-hdds/container-service/target/test-dir/TestContainerPersistence
]]></system-out>
  </testcase>
  <testcase name="testOverWrite" classname="TestContainerPersistence" time="0.044">
    <system-out><![CDATA[2023-05-26 19:30:47,526 [Time-limited test] INFO  volume.HddsVolume (HddsVolume.java:<init>(130)) - Creating HddsVolume: /home/runner/work/ozone/ozone/hadoop-hdds/container-service/target/test-dir/TestContainerPersistence/hdds of storage type : DISK capacity : 9223372036854775807
2023-05-26 19:30:47,526 [Time-limited test] INFO  volume.MutableVolumeSet (MutableVolumeSet.java:initializeVolumeSet(175)) - Added Volume : /home/runner/work/ozone/ozone/hadoop-hdds/container-service/target/test-dir/TestContainerPersistence/hdds to VolumeSet
2023-05-26 19:30:47,561 [Time-limited test] INFO  utils.DatanodeStoreCache (DatanodeStoreCache.java:addDB(66)) - Added db /home/runner/work/ozone/ozone/hadoop-hdds/container-service/target/test-dir/TestContainerPersistence/hdds/00f82e49-79b1-4abf-8fee-afa54913e9c6/DS-69d81676-f871-4ff2-a617-37633502b9f4/container.db to cache
2023-05-26 19:30:47,561 [Time-limited test] INFO  volume.HddsVolume (HddsVolume.java:createDbStore(350)) - SchemaV3 db is created and loaded at /home/runner/work/ozone/ozone/hadoop-hdds/container-service/target/test-dir/TestContainerPersistence/hdds/00f82e49-79b1-4abf-8fee-afa54913e9c6/DS-69d81676-f871-4ff2-a617-37633502b9f4/container.db for volume DS-69d81676-f871-4ff2-a617-37633502b9f4
2023-05-26 19:30:47,565 [Time-limited test] WARN  helpers.ChunkUtils (ChunkUtils.java:validateChunkForOverwrite(250)) - Duplicate write chunk request. Chunk overwrite without explicit request. ChunkInfo{chunkName='1685129447565.data.0, offset=0, len=1024}
2023-05-26 19:30:47,566 [Time-limited test] INFO  impl.TestContainerPersistence (TestContainerPersistence.java:cleanupDir(184)) - Deleting /home/runner/work/ozone/ozone/hadoop-hdds/container-service/target/test-dir/TestContainerPersistence
]]></system-out>
  </testcase>
  <testcase name="testOverWrite" classname="TestContainerPersistence" time="0.042">
    <system-out><![CDATA[2023-05-26 19:30:49,352 [Time-limited test] INFO  volume.HddsVolume (HddsVolume.java:<init>(130)) - Creating HddsVolume: /home/runner/work/ozone/ozone/hadoop-hdds/container-service/target/test-dir/TestContainerPersistence/hdds of storage type : DISK capacity : 9223372036854775807
2023-05-26 19:30:49,352 [Time-limited test] INFO  volume.MutableVolumeSet (MutableVolumeSet.java:initializeVolumeSet(175)) - Added Volume : /home/runner/work/ozone/ozone/hadoop-hdds/container-service/target/test-dir/TestContainerPersistence/hdds to VolumeSet
2023-05-26 19:30:49,387 [Time-limited test] WARN  helpers.ChunkUtils (ChunkUtils.java:validateChunkForOverwrite(277)) - Duplicate write chunk request. Chunk overwrite without explicit request. ChunkInfo{chunkName='1685129449387.data.0, offset=0, len=1024}
2023-05-26 19:30:49,388 [Time-limited test] INFO  impl.TestContainerPersistence (TestContainerPersistence.java:cleanupDir(184)) - Deleting /home/runner/work/ozone/ozone/hadoop-hdds/container-service/target/test-dir/TestContainerPersistence
]]></system-out>
  </testcase>
  <testcase name="testOverWrite" classname="TestContainerPersistence" time="0.038">
    <system-out><![CDATA[2023-05-26 19:30:50,823 [Time-limited test] INFO  volume.HddsVolume (HddsVolume.java:<init>(130)) - Creating HddsVolume: /home/runner/work/ozone/ozone/hadoop-hdds/container-service/target/test-dir/TestContainerPersistence/hdds of storage type : DISK capacity : 9223372036854775807
2023-05-26 19:30:50,824 [Time-limited test] INFO  volume.MutableVolumeSet (MutableVolumeSet.java:initializeVolumeSet(175)) - Added Volume : /home/runner/work/ozone/ozone/hadoop-hdds/container-service/target/test-dir/TestContainerPersistence/hdds to VolumeSet
2023-05-26 19:30:50,855 [Time-limited test] WARN  helpers.ChunkUtils (ChunkUtils.java:validateChunkForOverwrite(277)) - Duplicate write chunk request. Chunk overwrite without explicit request. ChunkInfo{chunkName='1685129450855.data.0, offset=0, len=1024}
2023-05-26 19:30:50,856 [Time-limited test] INFO  impl.TestContainerPersistence (TestContainerPersistence.java:cleanupDir(184)) - Deleting /home/runner/work/ozone/ozone/hadoop-hdds/container-service/target/test-dir/TestContainerPersistence
]]></system-out>
  </testcase>
  <testcase name="testOverWrite" classname="TestContainerPersistence" time="0.042">
    <system-out><![CDATA[2023-05-26 19:30:52,178 [Time-limited test] INFO  volume.HddsVolume (HddsVolume.java:<init>(130)) - Creating HddsVolume: /home/runner/work/ozone/ozone/hadoop-hdds/container-service/target/test-dir/TestContainerPersistence/hdds of storage type : DISK capacity : 9223372036854775807
2023-05-26 19:30:52,178 [Time-limited test] INFO  volume.MutableVolumeSet (MutableVolumeSet.java:initializeVolumeSet(175)) - Added Volume : /home/runner/work/ozone/ozone/hadoop-hdds/container-service/target/test-dir/TestContainerPersistence/hdds to VolumeSet
2023-05-26 19:30:52,214 [Time-limited test] WARN  helpers.ChunkUtils (ChunkUtils.java:validateChunkForOverwrite(277)) - Duplicate write chunk request. Chunk overwrite without explicit request. ChunkInfo{chunkName='1685129452214.data.0, offset=0, len=1024}
2023-05-26 19:30:52,217 [Time-limited test] INFO  impl.TestContainerPersistence (TestContainerPersistence.java:cleanupDir(184)) - Deleting /home/runner/work/ozone/ozone/hadoop-hdds/container-service/target/test-dir/TestContainerPersistence
]]></system-out>
  </testcase>
  <testcase name="testOverWrite" classname="TestContainerPersistence" time="0.034">
    <system-out><![CDATA[2023-05-26 19:30:53,326 [Time-limited test] INFO  volume.HddsVolume (HddsVolume.java:<init>(130)) - Creating HddsVolume: /home/runner/work/ozone/ozone/hadoop-hdds/container-service/target/test-dir/TestContainerPersistence/hdds of storage type : DISK capacity : 9223372036854775807
2023-05-26 19:30:53,326 [Time-limited test] INFO  volume.MutableVolumeSet (MutableVolumeSet.java:initializeVolumeSet(175)) - Added Volume : /home/runner/work/ozone/ozone/hadoop-hdds/container-service/target/test-dir/TestContainerPersistence/hdds to VolumeSet
2023-05-26 19:30:53,352 [Time-limited test] INFO  utils.DatanodeStoreCache (DatanodeStoreCache.java:addDB(66)) - Added db /home/runner/work/ozone/ozone/hadoop-hdds/container-service/target/test-dir/TestContainerPersistence/hdds/00f82e49-79b1-4abf-8fee-afa54913e9c6/DS-8edc147c-c956-4d23-9aa4-4c6d905b291d/container.db to cache
2023-05-26 19:30:53,352 [Time-limited test] INFO  volume.HddsVolume (HddsVolume.java:createDbStore(350)) - SchemaV3 db is created and loaded at /home/runner/work/ozone/ozone/hadoop-hdds/container-service/target/test-dir/TestContainerPersistence/hdds/00f82e49-79b1-4abf-8fee-afa54913e9c6/DS-8edc147c-c956-4d23-9aa4-4c6d905b291d/container.db for volume DS-8edc147c-c956-4d23-9aa4-4c6d905b291d
2023-05-26 19:30:53,356 [Time-limited test] WARN  helpers.ChunkUtils (ChunkUtils.java:validateChunkForOverwrite(277)) - Duplicate write chunk request. Chunk overwrite without explicit request. ChunkInfo{chunkName='1685129453356.data.0, offset=0, len=1024}
2023-05-26 19:30:53,356 [Time-limited test] INFO  impl.TestContainerPersistence (TestContainerPersistence.java:cleanupDir(184)) - Deleting /home/runner/work/ozone/ozone/hadoop-hdds/container-service/target/test-dir/TestContainerPersistence
]]></system-out>
  </testcase>
  <testcase name="testDeleteContainer" classname="TestContainerPersistence" time="0">
    <skipped type="org.junit.AssumptionViolatedException"><![CDATA[org.junit.AssumptionViolatedException: got: <false>, expected: is <true>
	at org.junit.Assume.assumeThat(Assume.java:106)
	at org.junit.Assume.assumeTrue(Assume.java:50)
	at org.apache.hadoop.ozone.container.common.impl.TestContainerPersistence.testDeleteContainer(TestContainerPersistence.java:335)
	at sun.reflect.NativeMethodAccessorImpl.invoke0(Native Method)
	at sun.reflect.NativeMethodAccessorImpl.invoke(NativeMethodAccessorImpl.java:62)
	at sun.reflect.DelegatingMethodAccessorImpl.invoke(DelegatingMethodAccessorImpl.java:43)
	at java.lang.reflect.Method.invoke(Method.java:498)
	at org.junit.runners.model.FrameworkMethod$1.runReflectiveCall(FrameworkMethod.java:59)
	at org.junit.internal.runners.model.ReflectiveCallable.run(ReflectiveCallable.java:12)
	at org.junit.runners.model.FrameworkMethod.invokeExplosively(FrameworkMethod.java:56)
	at org.junit.internal.runners.statements.InvokeMethod.evaluate(InvokeMethod.java:17)
	at org.junit.internal.runners.statements.RunBefores.evaluate(RunBefores.java:26)
	at org.junit.internal.runners.statements.RunAfters.evaluate(RunAfters.java:27)
	at org.junit.rules.ExpectedException$ExpectedExceptionStatement.evaluate(ExpectedException.java:258)
	at org.junit.internal.runners.statements.FailOnTimeout$CallableStatement.call(FailOnTimeout.java:288)
	at org.junit.internal.runners.statements.FailOnTimeout$CallableStatement.call(FailOnTimeout.java:282)
	at java.util.concurrent.FutureTask.run(FutureTask.java:266)
	at java.lang.Thread.run(Thread.java:750)
]]></skipped>
    <system-out><![CDATA[2023-05-26 19:30:41,066 [Time-limited test] INFO  volume.HddsVolume (HddsVolume.java:<init>(130)) - Creating HddsVolume: /home/runner/work/ozone/ozone/hadoop-hdds/container-service/target/test-dir/TestContainerPersistence/hdds of storage type : DISK capacity : 9223372036854775807
2023-05-26 19:30:41,067 [Time-limited test] INFO  volume.MutableVolumeSet (MutableVolumeSet.java:initializeVolumeSet(175)) - Added Volume : /home/runner/work/ozone/ozone/hadoop-hdds/container-service/target/test-dir/TestContainerPersistence/hdds to VolumeSet
2023-05-26 19:30:41,078 [Time-limited test] INFO  impl.TestContainerPersistence (TestContainerPersistence.java:cleanupDir(184)) - Deleting /home/runner/work/ozone/ozone/hadoop-hdds/container-service/target/test-dir/TestContainerPersistence
]]></system-out>
  </testcase>
  <testcase name="testDeleteContainer" classname="TestContainerPersistence" time="0">
    <skipped type="org.junit.AssumptionViolatedException"><![CDATA[org.junit.AssumptionViolatedException: got: <false>, expected: is <true>
	at org.junit.Assume.assumeThat(Assume.java:106)
	at org.junit.Assume.assumeTrue(Assume.java:50)
	at org.apache.hadoop.ozone.container.common.impl.TestContainerPersistence.testDeleteContainer(TestContainerPersistence.java:335)
	at sun.reflect.NativeMethodAccessorImpl.invoke0(Native Method)
	at sun.reflect.NativeMethodAccessorImpl.invoke(NativeMethodAccessorImpl.java:62)
	at sun.reflect.DelegatingMethodAccessorImpl.invoke(DelegatingMethodAccessorImpl.java:43)
	at java.lang.reflect.Method.invoke(Method.java:498)
	at org.junit.runners.model.FrameworkMethod$1.runReflectiveCall(FrameworkMethod.java:59)
	at org.junit.internal.runners.model.ReflectiveCallable.run(ReflectiveCallable.java:12)
	at org.junit.runners.model.FrameworkMethod.invokeExplosively(FrameworkMethod.java:56)
	at org.junit.internal.runners.statements.InvokeMethod.evaluate(InvokeMethod.java:17)
	at org.junit.internal.runners.statements.RunBefores.evaluate(RunBefores.java:26)
	at org.junit.internal.runners.statements.RunAfters.evaluate(RunAfters.java:27)
	at org.junit.rules.ExpectedException$ExpectedExceptionStatement.evaluate(ExpectedException.java:258)
	at org.junit.internal.runners.statements.FailOnTimeout$CallableStatement.call(FailOnTimeout.java:288)
	at org.junit.internal.runners.statements.FailOnTimeout$CallableStatement.call(FailOnTimeout.java:282)
	at java.util.concurrent.FutureTask.run(FutureTask.java:266)
	at java.lang.Thread.run(Thread.java:750)
]]></skipped>
    <system-out><![CDATA[2023-05-26 19:30:43,587 [Time-limited test] INFO  volume.HddsVolume (HddsVolume.java:<init>(130)) - Creating HddsVolume: /home/runner/work/ozone/ozone/hadoop-hdds/container-service/target/test-dir/TestContainerPersistence/hdds of storage type : DISK capacity : 9223372036854775807
2023-05-26 19:30:43,588 [Time-limited test] INFO  volume.MutableVolumeSet (MutableVolumeSet.java:initializeVolumeSet(175)) - Added Volume : /home/runner/work/ozone/ozone/hadoop-hdds/container-service/target/test-dir/TestContainerPersistence/hdds to VolumeSet
2023-05-26 19:30:43,594 [Time-limited test] INFO  impl.TestContainerPersistence (TestContainerPersistence.java:cleanupDir(184)) - Deleting /home/runner/work/ozone/ozone/hadoop-hdds/container-service/target/test-dir/TestContainerPersistence
]]></system-out>
  </testcase>
  <testcase name="testDeleteContainer" classname="TestContainerPersistence" time="0">
    <skipped type="org.junit.AssumptionViolatedException"><![CDATA[org.junit.AssumptionViolatedException: got: <false>, expected: is <true>
	at org.junit.Assume.assumeThat(Assume.java:106)
	at org.junit.Assume.assumeTrue(Assume.java:50)
	at org.apache.hadoop.ozone.container.common.impl.TestContainerPersistence.testDeleteContainer(TestContainerPersistence.java:335)
	at sun.reflect.NativeMethodAccessorImpl.invoke0(Native Method)
	at sun.reflect.NativeMethodAccessorImpl.invoke(NativeMethodAccessorImpl.java:62)
	at sun.reflect.DelegatingMethodAccessorImpl.invoke(DelegatingMethodAccessorImpl.java:43)
	at java.lang.reflect.Method.invoke(Method.java:498)
	at org.junit.runners.model.FrameworkMethod$1.runReflectiveCall(FrameworkMethod.java:59)
	at org.junit.internal.runners.model.ReflectiveCallable.run(ReflectiveCallable.java:12)
	at org.junit.runners.model.FrameworkMethod.invokeExplosively(FrameworkMethod.java:56)
	at org.junit.internal.runners.statements.InvokeMethod.evaluate(InvokeMethod.java:17)
	at org.junit.internal.runners.statements.RunBefores.evaluate(RunBefores.java:26)
	at org.junit.internal.runners.statements.RunAfters.evaluate(RunAfters.java:27)
	at org.junit.rules.ExpectedException$ExpectedExceptionStatement.evaluate(ExpectedException.java:258)
	at org.junit.internal.runners.statements.FailOnTimeout$CallableStatement.call(FailOnTimeout.java:288)
	at org.junit.internal.runners.statements.FailOnTimeout$CallableStatement.call(FailOnTimeout.java:282)
	at java.util.concurrent.FutureTask.run(FutureTask.java:266)
	at java.lang.Thread.run(Thread.java:750)
]]></skipped>
    <system-out><![CDATA[2023-05-26 19:30:45,740 [Time-limited test] INFO  volume.HddsVolume (HddsVolume.java:<init>(130)) - Creating HddsVolume: /home/runner/work/ozone/ozone/hadoop-hdds/container-service/target/test-dir/TestContainerPersistence/hdds of storage type : DISK capacity : 9223372036854775807
2023-05-26 19:30:45,741 [Time-limited test] INFO  volume.MutableVolumeSet (MutableVolumeSet.java:initializeVolumeSet(175)) - Added Volume : /home/runner/work/ozone/ozone/hadoop-hdds/container-service/target/test-dir/TestContainerPersistence/hdds to VolumeSet
2023-05-26 19:30:45,748 [Time-limited test] INFO  impl.TestContainerPersistence (TestContainerPersistence.java:cleanupDir(184)) - Deleting /home/runner/work/ozone/ozone/hadoop-hdds/container-service/target/test-dir/TestContainerPersistence
]]></system-out>
  </testcase>
  <testcase name="testDeleteContainer" classname="TestContainerPersistence" time="0.052">
    <system-out><![CDATA[2023-05-26 19:30:47,572 [Time-limited test] INFO  volume.HddsVolume (HddsVolume.java:<init>(130)) - Creating HddsVolume: /home/runner/work/ozone/ozone/hadoop-hdds/container-service/target/test-dir/TestContainerPersistence/hdds of storage type : DISK capacity : 9223372036854775807
2023-05-26 19:30:47,573 [Time-limited test] INFO  volume.MutableVolumeSet (MutableVolumeSet.java:initializeVolumeSet(175)) - Added Volume : /home/runner/work/ozone/ozone/hadoop-hdds/container-service/target/test-dir/TestContainerPersistence/hdds to VolumeSet
2023-05-26 19:30:47,605 [Time-limited test] INFO  utils.DatanodeStoreCache (DatanodeStoreCache.java:addDB(66)) - Added db /home/runner/work/ozone/ozone/hadoop-hdds/container-service/target/test-dir/TestContainerPersistence/hdds/00f82e49-79b1-4abf-8fee-afa54913e9c6/DS-75ddbf65-2b08-4cf8-8359-5571ed91dcd7/container.db to cache
2023-05-26 19:30:47,605 [Time-limited test] INFO  volume.HddsVolume (HddsVolume.java:createDbStore(350)) - SchemaV3 db is created and loaded at /home/runner/work/ozone/ozone/hadoop-hdds/container-service/target/test-dir/TestContainerPersistence/hdds/00f82e49-79b1-4abf-8fee-afa54913e9c6/DS-75ddbf65-2b08-4cf8-8359-5571ed91dcd7/container.db for volume DS-75ddbf65-2b08-4cf8-8359-5571ed91dcd7
2023-05-26 19:30:47,611 [Time-limited test] INFO  keyvalue.KeyValueContainer (KeyValueContainer.java:flushAndSyncDB(446)) - Container 1685129447605 is synced with bcsId 0.
2023-05-26 19:30:47,611 [Time-limited test] INFO  keyvalue.KeyValueContainer (KeyValueContainer.java:flushAndSyncDB(446)) - Container 1685129447605 is synced with bcsId 0.
2023-05-26 19:30:47,612 [Time-limited test] INFO  keyvalue.KeyValueContainer (KeyValueContainer.java:close(361)) - Container 1685129447605 is closed with bcsId 0.
2023-05-26 19:30:47,619 [Time-limited test] INFO  impl.TestContainerPersistence (TestContainerPersistence.java:cleanupDir(184)) - Deleting /home/runner/work/ozone/ozone/hadoop-hdds/container-service/target/test-dir/TestContainerPersistence
]]></system-out>
  </testcase>
  <testcase name="testDeleteContainer" classname="TestContainerPersistence" time="0">
    <skipped type="org.junit.AssumptionViolatedException"><![CDATA[org.junit.AssumptionViolatedException: got: <false>, expected: is <true>
	at org.junit.Assume.assumeThat(Assume.java:106)
	at org.junit.Assume.assumeTrue(Assume.java:50)
	at org.apache.hadoop.ozone.container.common.impl.TestContainerPersistence.testDeleteContainer(TestContainerPersistence.java:335)
	at sun.reflect.NativeMethodAccessorImpl.invoke0(Native Method)
	at sun.reflect.NativeMethodAccessorImpl.invoke(NativeMethodAccessorImpl.java:62)
	at sun.reflect.DelegatingMethodAccessorImpl.invoke(DelegatingMethodAccessorImpl.java:43)
	at java.lang.reflect.Method.invoke(Method.java:498)
	at org.junit.runners.model.FrameworkMethod$1.runReflectiveCall(FrameworkMethod.java:59)
	at org.junit.internal.runners.model.ReflectiveCallable.run(ReflectiveCallable.java:12)
	at org.junit.runners.model.FrameworkMethod.invokeExplosively(FrameworkMethod.java:56)
	at org.junit.internal.runners.statements.InvokeMethod.evaluate(InvokeMethod.java:17)
	at org.junit.internal.runners.statements.RunBefores.evaluate(RunBefores.java:26)
	at org.junit.internal.runners.statements.RunAfters.evaluate(RunAfters.java:27)
	at org.junit.rules.ExpectedException$ExpectedExceptionStatement.evaluate(ExpectedException.java:258)
	at org.junit.internal.runners.statements.FailOnTimeout$CallableStatement.call(FailOnTimeout.java:288)
	at org.junit.internal.runners.statements.FailOnTimeout$CallableStatement.call(FailOnTimeout.java:282)
	at java.util.concurrent.FutureTask.run(FutureTask.java:266)
	at java.lang.Thread.run(Thread.java:750)
]]></skipped>
    <system-out><![CDATA[2023-05-26 19:30:49,396 [Time-limited test] INFO  volume.HddsVolume (HddsVolume.java:<init>(130)) - Creating HddsVolume: /home/runner/work/ozone/ozone/hadoop-hdds/container-service/target/test-dir/TestContainerPersistence/hdds of storage type : DISK capacity : 9223372036854775807
2023-05-26 19:30:49,396 [Time-limited test] INFO  volume.MutableVolumeSet (MutableVolumeSet.java:initializeVolumeSet(175)) - Added Volume : /home/runner/work/ozone/ozone/hadoop-hdds/container-service/target/test-dir/TestContainerPersistence/hdds to VolumeSet
2023-05-26 19:30:49,402 [Time-limited test] INFO  impl.TestContainerPersistence (TestContainerPersistence.java:cleanupDir(184)) - Deleting /home/runner/work/ozone/ozone/hadoop-hdds/container-service/target/test-dir/TestContainerPersistence
]]></system-out>
  </testcase>
  <testcase name="testDeleteContainer" classname="TestContainerPersistence" time="0">
    <skipped type="org.junit.AssumptionViolatedException"><![CDATA[org.junit.AssumptionViolatedException: got: <false>, expected: is <true>
	at org.junit.Assume.assumeThat(Assume.java:106)
	at org.junit.Assume.assumeTrue(Assume.java:50)
	at org.apache.hadoop.ozone.container.common.impl.TestContainerPersistence.testDeleteContainer(TestContainerPersistence.java:335)
	at sun.reflect.NativeMethodAccessorImpl.invoke0(Native Method)
	at sun.reflect.NativeMethodAccessorImpl.invoke(NativeMethodAccessorImpl.java:62)
	at sun.reflect.DelegatingMethodAccessorImpl.invoke(DelegatingMethodAccessorImpl.java:43)
	at java.lang.reflect.Method.invoke(Method.java:498)
	at org.junit.runners.model.FrameworkMethod$1.runReflectiveCall(FrameworkMethod.java:59)
	at org.junit.internal.runners.model.ReflectiveCallable.run(ReflectiveCallable.java:12)
	at org.junit.runners.model.FrameworkMethod.invokeExplosively(FrameworkMethod.java:56)
	at org.junit.internal.runners.statements.InvokeMethod.evaluate(InvokeMethod.java:17)
	at org.junit.internal.runners.statements.RunBefores.evaluate(RunBefores.java:26)
	at org.junit.internal.runners.statements.RunAfters.evaluate(RunAfters.java:27)
	at org.junit.rules.ExpectedException$ExpectedExceptionStatement.evaluate(ExpectedException.java:258)
	at org.junit.internal.runners.statements.FailOnTimeout$CallableStatement.call(FailOnTimeout.java:288)
	at org.junit.internal.runners.statements.FailOnTimeout$CallableStatement.call(FailOnTimeout.java:282)
	at java.util.concurrent.FutureTask.run(FutureTask.java:266)
	at java.lang.Thread.run(Thread.java:750)
]]></skipped>
    <system-out><![CDATA[2023-05-26 19:30:50,863 [Time-limited test] INFO  volume.HddsVolume (HddsVolume.java:<init>(130)) - Creating HddsVolume: /home/runner/work/ozone/ozone/hadoop-hdds/container-service/target/test-dir/TestContainerPersistence/hdds of storage type : DISK capacity : 9223372036854775807
2023-05-26 19:30:50,863 [Time-limited test] INFO  volume.MutableVolumeSet (MutableVolumeSet.java:initializeVolumeSet(175)) - Added Volume : /home/runner/work/ozone/ozone/hadoop-hdds/container-service/target/test-dir/TestContainerPersistence/hdds to VolumeSet
2023-05-26 19:30:50,869 [Time-limited test] INFO  impl.TestContainerPersistence (TestContainerPersistence.java:cleanupDir(184)) - Deleting /home/runner/work/ozone/ozone/hadoop-hdds/container-service/target/test-dir/TestContainerPersistence
]]></system-out>
  </testcase>
  <testcase name="testDeleteContainer" classname="TestContainerPersistence" time="0">
    <skipped type="org.junit.AssumptionViolatedException"><![CDATA[org.junit.AssumptionViolatedException: got: <false>, expected: is <true>
	at org.junit.Assume.assumeThat(Assume.java:106)
	at org.junit.Assume.assumeTrue(Assume.java:50)
	at org.apache.hadoop.ozone.container.common.impl.TestContainerPersistence.testDeleteContainer(TestContainerPersistence.java:335)
	at sun.reflect.NativeMethodAccessorImpl.invoke0(Native Method)
	at sun.reflect.NativeMethodAccessorImpl.invoke(NativeMethodAccessorImpl.java:62)
	at sun.reflect.DelegatingMethodAccessorImpl.invoke(DelegatingMethodAccessorImpl.java:43)
	at java.lang.reflect.Method.invoke(Method.java:498)
	at org.junit.runners.model.FrameworkMethod$1.runReflectiveCall(FrameworkMethod.java:59)
	at org.junit.internal.runners.model.ReflectiveCallable.run(ReflectiveCallable.java:12)
	at org.junit.runners.model.FrameworkMethod.invokeExplosively(FrameworkMethod.java:56)
	at org.junit.internal.runners.statements.InvokeMethod.evaluate(InvokeMethod.java:17)
	at org.junit.internal.runners.statements.RunBefores.evaluate(RunBefores.java:26)
	at org.junit.internal.runners.statements.RunAfters.evaluate(RunAfters.java:27)
	at org.junit.rules.ExpectedException$ExpectedExceptionStatement.evaluate(ExpectedException.java:258)
	at org.junit.internal.runners.statements.FailOnTimeout$CallableStatement.call(FailOnTimeout.java:288)
	at org.junit.internal.runners.statements.FailOnTimeout$CallableStatement.call(FailOnTimeout.java:282)
	at java.util.concurrent.FutureTask.run(FutureTask.java:266)
	at java.lang.Thread.run(Thread.java:750)
]]></skipped>
    <system-out><![CDATA[2023-05-26 19:30:52,219 [Time-limited test] INFO  volume.HddsVolume (HddsVolume.java:<init>(130)) - Creating HddsVolume: /home/runner/work/ozone/ozone/hadoop-hdds/container-service/target/test-dir/TestContainerPersistence/hdds of storage type : DISK capacity : 9223372036854775807
2023-05-26 19:30:52,219 [Time-limited test] INFO  volume.MutableVolumeSet (MutableVolumeSet.java:initializeVolumeSet(175)) - Added Volume : /home/runner/work/ozone/ozone/hadoop-hdds/container-service/target/test-dir/TestContainerPersistence/hdds to VolumeSet
2023-05-26 19:30:52,227 [Time-limited test] INFO  impl.TestContainerPersistence (TestContainerPersistence.java:cleanupDir(184)) - Deleting /home/runner/work/ozone/ozone/hadoop-hdds/container-service/target/test-dir/TestContainerPersistence
]]></system-out>
  </testcase>
  <testcase name="testDeleteContainer" classname="TestContainerPersistence" time="0.035">
    <system-out><![CDATA[2023-05-26 19:30:53,359 [Time-limited test] INFO  volume.HddsVolume (HddsVolume.java:<init>(130)) - Creating HddsVolume: /home/runner/work/ozone/ozone/hadoop-hdds/container-service/target/test-dir/TestContainerPersistence/hdds of storage type : DISK capacity : 9223372036854775807
2023-05-26 19:30:53,359 [Time-limited test] INFO  volume.MutableVolumeSet (MutableVolumeSet.java:initializeVolumeSet(175)) - Added Volume : /home/runner/work/ozone/ozone/hadoop-hdds/container-service/target/test-dir/TestContainerPersistence/hdds to VolumeSet
2023-05-26 19:30:53,385 [Time-limited test] INFO  utils.DatanodeStoreCache (DatanodeStoreCache.java:addDB(66)) - Added db /home/runner/work/ozone/ozone/hadoop-hdds/container-service/target/test-dir/TestContainerPersistence/hdds/00f82e49-79b1-4abf-8fee-afa54913e9c6/DS-e78aec3f-565c-4683-848e-fbc57ad812c7/container.db to cache
2023-05-26 19:30:53,385 [Time-limited test] INFO  volume.HddsVolume (HddsVolume.java:createDbStore(350)) - SchemaV3 db is created and loaded at /home/runner/work/ozone/ozone/hadoop-hdds/container-service/target/test-dir/TestContainerPersistence/hdds/00f82e49-79b1-4abf-8fee-afa54913e9c6/DS-e78aec3f-565c-4683-848e-fbc57ad812c7/container.db for volume DS-e78aec3f-565c-4683-848e-fbc57ad812c7
2023-05-26 19:30:53,390 [Time-limited test] INFO  keyvalue.KeyValueContainer (KeyValueContainer.java:flushAndSyncDB(446)) - Container 1685129453385 is synced with bcsId 0.
2023-05-26 19:30:53,390 [Time-limited test] INFO  keyvalue.KeyValueContainer (KeyValueContainer.java:flushAndSyncDB(446)) - Container 1685129453385 is synced with bcsId 0.
2023-05-26 19:30:53,391 [Time-limited test] INFO  keyvalue.KeyValueContainer (KeyValueContainer.java:close(361)) - Container 1685129453385 is closed with bcsId 0.
2023-05-26 19:30:53,392 [Time-limited test] INFO  impl.TestContainerPersistence (TestContainerPersistence.java:cleanupDir(184)) - Deleting /home/runner/work/ozone/ozone/hadoop-hdds/container-service/target/test-dir/TestContainerPersistence
]]></system-out>
  </testcase>
  <testcase name="testCreateDuplicateContainer" classname="TestContainerPersistence" time="0.05">
    <system-out><![CDATA[2023-05-26 19:30:41,089 [Time-limited test] INFO  volume.HddsVolume (HddsVolume.java:<init>(130)) - Creating HddsVolume: /home/runner/work/ozone/ozone/hadoop-hdds/container-service/target/test-dir/TestContainerPersistence/hdds of storage type : DISK capacity : 9223372036854775807
2023-05-26 19:30:41,089 [Time-limited test] INFO  volume.MutableVolumeSet (MutableVolumeSet.java:initializeVolumeSet(175)) - Added Volume : /home/runner/work/ozone/ozone/hadoop-hdds/container-service/target/test-dir/TestContainerPersistence/hdds to VolumeSet
2023-05-26 19:30:41,131 [Time-limited test] WARN  impl.ContainerSet (ContainerSet.java:addContainer(107)) - Container already exists with container Id 1685129441098
2023-05-26 19:30:41,131 [Time-limited test] INFO  impl.TestContainerPersistence (TestContainerPersistence.java:cleanupDir(184)) - Deleting /home/runner/work/ozone/ozone/hadoop-hdds/container-service/target/test-dir/TestContainerPersistence
]]></system-out>
  </testcase>
  <testcase name="testCreateDuplicateContainer" classname="TestContainerPersistence" time="0.035">
    <system-out><![CDATA[2023-05-26 19:30:43,601 [Time-limited test] INFO  volume.HddsVolume (HddsVolume.java:<init>(130)) - Creating HddsVolume: /home/runner/work/ozone/ozone/hadoop-hdds/container-service/target/test-dir/TestContainerPersistence/hdds of storage type : DISK capacity : 9223372036854775807
2023-05-26 19:30:43,602 [Time-limited test] INFO  volume.MutableVolumeSet (MutableVolumeSet.java:initializeVolumeSet(175)) - Added Volume : /home/runner/work/ozone/ozone/hadoop-hdds/container-service/target/test-dir/TestContainerPersistence/hdds to VolumeSet
2023-05-26 19:30:43,633 [Time-limited test] WARN  impl.ContainerSet (ContainerSet.java:addContainer(107)) - Container already exists with container Id 1685129443608
2023-05-26 19:30:43,634 [Time-limited test] INFO  impl.TestContainerPersistence (TestContainerPersistence.java:cleanupDir(184)) - Deleting /home/runner/work/ozone/ozone/hadoop-hdds/container-service/target/test-dir/TestContainerPersistence
]]></system-out>
  </testcase>
  <testcase name="testCreateDuplicateContainer" classname="TestContainerPersistence" time="0.053">
    <system-out><![CDATA[2023-05-26 19:30:45,752 [Time-limited test] INFO  volume.HddsVolume (HddsVolume.java:<init>(130)) - Creating HddsVolume: /home/runner/work/ozone/ozone/hadoop-hdds/container-service/target/test-dir/TestContainerPersistence/hdds of storage type : DISK capacity : 9223372036854775807
2023-05-26 19:30:45,752 [Time-limited test] INFO  volume.MutableVolumeSet (MutableVolumeSet.java:initializeVolumeSet(175)) - Added Volume : /home/runner/work/ozone/ozone/hadoop-hdds/container-service/target/test-dir/TestContainerPersistence/hdds to VolumeSet
2023-05-26 19:30:45,777 [Finalizer] WARN  managed.ManagedRocksObjectUtils (ManagedRocksObjectUtils.java:assertClosed(54)) - ManagedDBOptions is not closed properly
2023-05-26 19:30:45,777 [Finalizer] WARN  managed.ManagedRocksObjectUtils (ManagedRocksObjectUtils.java:assertClosed(54)) - ManagedWriteOptions is not closed properly
2023-05-26 19:30:45,802 [Time-limited test] WARN  impl.ContainerSet (ContainerSet.java:addContainer(107)) - Container already exists with container Id 1685129445769
2023-05-26 19:30:45,803 [Time-limited test] INFO  impl.TestContainerPersistence (TestContainerPersistence.java:cleanupDir(184)) - Deleting /home/runner/work/ozone/ozone/hadoop-hdds/container-service/target/test-dir/TestContainerPersistence
]]></system-out>
  </testcase>
  <testcase name="testCreateDuplicateContainer" classname="TestContainerPersistence" time="0.041">
    <system-out><![CDATA[2023-05-26 19:30:47,624 [Time-limited test] INFO  volume.HddsVolume (HddsVolume.java:<init>(130)) - Creating HddsVolume: /home/runner/work/ozone/ozone/hadoop-hdds/container-service/target/test-dir/TestContainerPersistence/hdds of storage type : DISK capacity : 9223372036854775807
2023-05-26 19:30:47,624 [Time-limited test] INFO  volume.MutableVolumeSet (MutableVolumeSet.java:initializeVolumeSet(175)) - Added Volume : /home/runner/work/ozone/ozone/hadoop-hdds/container-service/target/test-dir/TestContainerPersistence/hdds to VolumeSet
2023-05-26 19:30:47,657 [Time-limited test] INFO  utils.DatanodeStoreCache (DatanodeStoreCache.java:addDB(66)) - Added db /home/runner/work/ozone/ozone/hadoop-hdds/container-service/target/test-dir/TestContainerPersistence/hdds/00f82e49-79b1-4abf-8fee-afa54913e9c6/DS-7b47fdff-d466-498c-a3de-f60758f1b5b1/container.db to cache
2023-05-26 19:30:47,657 [Time-limited test] INFO  volume.HddsVolume (HddsVolume.java:createDbStore(350)) - SchemaV3 db is created and loaded at /home/runner/work/ozone/ozone/hadoop-hdds/container-service/target/test-dir/TestContainerPersistence/hdds/00f82e49-79b1-4abf-8fee-afa54913e9c6/DS-7b47fdff-d466-498c-a3de-f60758f1b5b1/container.db for volume DS-7b47fdff-d466-498c-a3de-f60758f1b5b1
2023-05-26 19:30:47,660 [Time-limited test] WARN  impl.ContainerSet (ContainerSet.java:addContainer(107)) - Container already exists with container Id 1685129447658
2023-05-26 19:30:47,660 [Time-limited test] INFO  impl.TestContainerPersistence (TestContainerPersistence.java:cleanupDir(184)) - Deleting /home/runner/work/ozone/ozone/hadoop-hdds/container-service/target/test-dir/TestContainerPersistence
]]></system-out>
  </testcase>
  <testcase name="testCreateDuplicateContainer" classname="TestContainerPersistence" time="0.049">
    <system-out><![CDATA[2023-05-26 19:30:49,407 [Time-limited test] INFO  volume.HddsVolume (HddsVolume.java:<init>(130)) - Creating HddsVolume: /home/runner/work/ozone/ozone/hadoop-hdds/container-service/target/test-dir/TestContainerPersistence/hdds of storage type : DISK capacity : 9223372036854775807
2023-05-26 19:30:49,407 [Time-limited test] INFO  volume.MutableVolumeSet (MutableVolumeSet.java:initializeVolumeSet(175)) - Added Volume : /home/runner/work/ozone/ozone/hadoop-hdds/container-service/target/test-dir/TestContainerPersistence/hdds to VolumeSet
2023-05-26 19:30:49,448 [Time-limited test] WARN  impl.ContainerSet (ContainerSet.java:addContainer(107)) - Container already exists with container Id 1685129449413
2023-05-26 19:30:49,452 [Time-limited test] INFO  impl.TestContainerPersistence (TestContainerPersistence.java:cleanupDir(184)) - Deleting /home/runner/work/ozone/ozone/hadoop-hdds/container-service/target/test-dir/TestContainerPersistence
]]></system-out>
  </testcase>
  <testcase name="testCreateDuplicateContainer" classname="TestContainerPersistence" time="0.035">
    <system-out><![CDATA[2023-05-26 19:30:50,874 [Time-limited test] INFO  volume.HddsVolume (HddsVolume.java:<init>(130)) - Creating HddsVolume: /home/runner/work/ozone/ozone/hadoop-hdds/container-service/target/test-dir/TestContainerPersistence/hdds of storage type : DISK capacity : 9223372036854775807
2023-05-26 19:30:50,874 [Time-limited test] INFO  volume.MutableVolumeSet (MutableVolumeSet.java:initializeVolumeSet(175)) - Added Volume : /home/runner/work/ozone/ozone/hadoop-hdds/container-service/target/test-dir/TestContainerPersistence/hdds to VolumeSet
2023-05-26 19:30:50,905 [Time-limited test] WARN  impl.ContainerSet (ContainerSet.java:addContainer(107)) - Container already exists with container Id 1685129450881
2023-05-26 19:30:50,905 [Time-limited test] INFO  impl.TestContainerPersistence (TestContainerPersistence.java:cleanupDir(184)) - Deleting /home/runner/work/ozone/ozone/hadoop-hdds/container-service/target/test-dir/TestContainerPersistence
]]></system-out>
  </testcase>
  <testcase name="testCreateDuplicateContainer" classname="TestContainerPersistence" time="0.033">
    <system-out><![CDATA[2023-05-26 19:30:52,230 [Time-limited test] INFO  volume.HddsVolume (HddsVolume.java:<init>(130)) - Creating HddsVolume: /home/runner/work/ozone/ozone/hadoop-hdds/container-service/target/test-dir/TestContainerPersistence/hdds of storage type : DISK capacity : 9223372036854775807
2023-05-26 19:30:52,230 [Time-limited test] INFO  volume.MutableVolumeSet (MutableVolumeSet.java:initializeVolumeSet(175)) - Added Volume : /home/runner/work/ozone/ozone/hadoop-hdds/container-service/target/test-dir/TestContainerPersistence/hdds to VolumeSet
2023-05-26 19:30:52,259 [Time-limited test] WARN  impl.ContainerSet (ContainerSet.java:addContainer(107)) - Container already exists with container Id 1685129452235
2023-05-26 19:30:52,260 [Time-limited test] INFO  impl.TestContainerPersistence (TestContainerPersistence.java:cleanupDir(184)) - Deleting /home/runner/work/ozone/ozone/hadoop-hdds/container-service/target/test-dir/TestContainerPersistence
]]></system-out>
  </testcase>
  <testcase name="testCreateDuplicateContainer" classname="TestContainerPersistence" time="0.035">
    <system-out><![CDATA[2023-05-26 19:30:53,395 [Time-limited test] INFO  volume.HddsVolume (HddsVolume.java:<init>(130)) - Creating HddsVolume: /home/runner/work/ozone/ozone/hadoop-hdds/container-service/target/test-dir/TestContainerPersistence/hdds of storage type : DISK capacity : 9223372036854775807
2023-05-26 19:30:53,395 [Time-limited test] INFO  volume.MutableVolumeSet (MutableVolumeSet.java:initializeVolumeSet(175)) - Added Volume : /home/runner/work/ozone/ozone/hadoop-hdds/container-service/target/test-dir/TestContainerPersistence/hdds to VolumeSet
2023-05-26 19:30:53,424 [Time-limited test] INFO  utils.DatanodeStoreCache (DatanodeStoreCache.java:addDB(66)) - Added db /home/runner/work/ozone/ozone/hadoop-hdds/container-service/target/test-dir/TestContainerPersistence/hdds/00f82e49-79b1-4abf-8fee-afa54913e9c6/DS-5d32f436-664b-4b8e-bed0-6a572e542c44/container.db to cache
2023-05-26 19:30:53,424 [Time-limited test] INFO  volume.HddsVolume (HddsVolume.java:createDbStore(350)) - SchemaV3 db is created and loaded at /home/runner/work/ozone/ozone/hadoop-hdds/container-service/target/test-dir/TestContainerPersistence/hdds/00f82e49-79b1-4abf-8fee-afa54913e9c6/DS-5d32f436-664b-4b8e-bed0-6a572e542c44/container.db for volume DS-5d32f436-664b-4b8e-bed0-6a572e542c44
2023-05-26 19:30:53,426 [Time-limited test] WARN  impl.ContainerSet (ContainerSet.java:addContainer(107)) - Container already exists with container Id 1685129453425
2023-05-26 19:30:53,427 [Time-limited test] INFO  impl.TestContainerPersistence (TestContainerPersistence.java:cleanupDir(184)) - Deleting /home/runner/work/ozone/ozone/hadoop-hdds/container-service/target/test-dir/TestContainerPersistence
]]></system-out>
  </testcase>
  <testcase name="testUpdateContainer" classname="TestContainerPersistence" time="0.065">
    <system-out><![CDATA[2023-05-26 19:30:41,138 [Time-limited test] INFO  volume.HddsVolume (HddsVolume.java:<init>(130)) - Creating HddsVolume: /home/runner/work/ozone/ozone/hadoop-hdds/container-service/target/test-dir/TestContainerPersistence/hdds of storage type : DISK capacity : 9223372036854775807
2023-05-26 19:30:41,138 [Time-limited test] INFO  volume.MutableVolumeSet (MutableVolumeSet.java:initializeVolumeSet(175)) - Added Volume : /home/runner/work/ozone/ozone/hadoop-hdds/container-service/target/test-dir/TestContainerPersistence/hdds to VolumeSet
2023-05-26 19:30:41,194 [Time-limited test] INFO  keyvalue.KeyValueContainer (KeyValueContainer.java:flushAndSyncDB(446)) - Container 1685129441145 is synced with bcsId 0.
2023-05-26 19:30:41,195 [Time-limited test] INFO  keyvalue.KeyValueContainer (KeyValueContainer.java:flushAndSyncDB(446)) - Container 1685129441145 is synced with bcsId 0.
2023-05-26 19:30:41,196 [Time-limited test] INFO  keyvalue.KeyValueContainer (KeyValueContainer.java:close(361)) - Container 1685129441145 is closed with bcsId 0.
2023-05-26 19:30:41,199 [Time-limited test] INFO  impl.TestContainerPersistence (TestContainerPersistence.java:cleanupDir(184)) - Deleting /home/runner/work/ozone/ozone/hadoop-hdds/container-service/target/test-dir/TestContainerPersistence
]]></system-out>
  </testcase>
  <testcase name="testUpdateContainer" classname="TestContainerPersistence" time="0.043">
    <system-out><![CDATA[2023-05-26 19:30:43,640 [Time-limited test] INFO  volume.HddsVolume (HddsVolume.java:<init>(130)) - Creating HddsVolume: /home/runner/work/ozone/ozone/hadoop-hdds/container-service/target/test-dir/TestContainerPersistence/hdds of storage type : DISK capacity : 9223372036854775807
2023-05-26 19:30:43,640 [Time-limited test] INFO  volume.MutableVolumeSet (MutableVolumeSet.java:initializeVolumeSet(175)) - Added Volume : /home/runner/work/ozone/ozone/hadoop-hdds/container-service/target/test-dir/TestContainerPersistence/hdds to VolumeSet
2023-05-26 19:30:43,673 [Time-limited test] INFO  keyvalue.KeyValueContainer (KeyValueContainer.java:flushAndSyncDB(446)) - Container 1685129443646 is synced with bcsId 0.
2023-05-26 19:30:43,673 [Time-limited test] INFO  keyvalue.KeyValueContainer (KeyValueContainer.java:flushAndSyncDB(446)) - Container 1685129443646 is synced with bcsId 0.
2023-05-26 19:30:43,674 [Time-limited test] INFO  keyvalue.KeyValueContainer (KeyValueContainer.java:close(361)) - Container 1685129443646 is closed with bcsId 0.
2023-05-26 19:30:43,677 [Time-limited test] INFO  impl.TestContainerPersistence (TestContainerPersistence.java:cleanupDir(184)) - Deleting /home/runner/work/ozone/ozone/hadoop-hdds/container-service/target/test-dir/TestContainerPersistence
]]></system-out>
  </testcase>
  <testcase name="testUpdateContainer" classname="TestContainerPersistence" time="0.054">
    <system-out><![CDATA[2023-05-26 19:30:45,809 [Time-limited test] INFO  volume.HddsVolume (HddsVolume.java:<init>(130)) - Creating HddsVolume: /home/runner/work/ozone/ozone/hadoop-hdds/container-service/target/test-dir/TestContainerPersistence/hdds of storage type : DISK capacity : 9223372036854775807
2023-05-26 19:30:45,809 [Time-limited test] INFO  volume.MutableVolumeSet (MutableVolumeSet.java:initializeVolumeSet(175)) - Added Volume : /home/runner/work/ozone/ozone/hadoop-hdds/container-service/target/test-dir/TestContainerPersistence/hdds to VolumeSet
2023-05-26 19:30:45,852 [Time-limited test] INFO  keyvalue.KeyValueContainer (KeyValueContainer.java:flushAndSyncDB(446)) - Container 1685129445815 is synced with bcsId 0.
2023-05-26 19:30:45,852 [Time-limited test] INFO  keyvalue.KeyValueContainer (KeyValueContainer.java:flushAndSyncDB(446)) - Container 1685129445815 is synced with bcsId 0.
2023-05-26 19:30:45,854 [Time-limited test] INFO  keyvalue.KeyValueContainer (KeyValueContainer.java:close(361)) - Container 1685129445815 is closed with bcsId 0.
2023-05-26 19:30:45,857 [Time-limited test] INFO  impl.TestContainerPersistence (TestContainerPersistence.java:cleanupDir(184)) - Deleting /home/runner/work/ozone/ozone/hadoop-hdds/container-service/target/test-dir/TestContainerPersistence
]]></system-out>
  </testcase>
  <testcase name="testUpdateContainer" classname="TestContainerPersistence" time="0.064">
    <system-out><![CDATA[2023-05-26 19:30:47,672 [Time-limited test] INFO  volume.HddsVolume (HddsVolume.java:<init>(130)) - Creating HddsVolume: /home/runner/work/ozone/ozone/hadoop-hdds/container-service/target/test-dir/TestContainerPersistence/hdds of storage type : DISK capacity : 9223372036854775807
2023-05-26 19:30:47,672 [Time-limited test] INFO  volume.MutableVolumeSet (MutableVolumeSet.java:initializeVolumeSet(175)) - Added Volume : /home/runner/work/ozone/ozone/hadoop-hdds/container-service/target/test-dir/TestContainerPersistence/hdds to VolumeSet
2023-05-26 19:30:47,705 [Time-limited test] INFO  utils.DatanodeStoreCache (DatanodeStoreCache.java:addDB(66)) - Added db /home/runner/work/ozone/ozone/hadoop-hdds/container-service/target/test-dir/TestContainerPersistence/hdds/00f82e49-79b1-4abf-8fee-afa54913e9c6/DS-922f9eda-183a-4bc8-8cbd-2feae2ecd310/container.db to cache
2023-05-26 19:30:47,706 [Time-limited test] INFO  volume.HddsVolume (HddsVolume.java:createDbStore(350)) - SchemaV3 db is created and loaded at /home/runner/work/ozone/ozone/hadoop-hdds/container-service/target/test-dir/TestContainerPersistence/hdds/00f82e49-79b1-4abf-8fee-afa54913e9c6/DS-922f9eda-183a-4bc8-8cbd-2feae2ecd310/container.db for volume DS-922f9eda-183a-4bc8-8cbd-2feae2ecd310
2023-05-26 19:30:47,714 [Time-limited test] INFO  keyvalue.KeyValueContainer (KeyValueContainer.java:flushAndSyncDB(446)) - Container 1685129447706 is synced with bcsId 0.
2023-05-26 19:30:47,714 [Time-limited test] INFO  keyvalue.KeyValueContainer (KeyValueContainer.java:flushAndSyncDB(446)) - Container 1685129447706 is synced with bcsId 0.
2023-05-26 19:30:47,715 [Time-limited test] INFO  keyvalue.KeyValueContainer (KeyValueContainer.java:close(361)) - Container 1685129447706 is closed with bcsId 0.
2023-05-26 19:30:47,720 [Time-limited test] INFO  impl.TestContainerPersistence (TestContainerPersistence.java:cleanupDir(184)) - Deleting /home/runner/work/ozone/ozone/hadoop-hdds/container-service/target/test-dir/TestContainerPersistence
]]></system-out>
  </testcase>
  <testcase name="testUpdateContainer" classname="TestContainerPersistence" time="0.048">
    <system-out><![CDATA[2023-05-26 19:30:49,455 [Time-limited test] INFO  volume.HddsVolume (HddsVolume.java:<init>(130)) - Creating HddsVolume: /home/runner/work/ozone/ozone/hadoop-hdds/container-service/target/test-dir/TestContainerPersistence/hdds of storage type : DISK capacity : 9223372036854775807
2023-05-26 19:30:49,456 [Time-limited test] INFO  volume.MutableVolumeSet (MutableVolumeSet.java:initializeVolumeSet(175)) - Added Volume : /home/runner/work/ozone/ozone/hadoop-hdds/container-service/target/test-dir/TestContainerPersistence/hdds to VolumeSet
2023-05-26 19:30:49,496 [Time-limited test] INFO  keyvalue.KeyValueContainer (KeyValueContainer.java:flushAndSyncDB(446)) - Container 1685129449462 is synced with bcsId 0.
2023-05-26 19:30:49,496 [Time-limited test] INFO  keyvalue.KeyValueContainer (KeyValueContainer.java:flushAndSyncDB(446)) - Container 1685129449462 is synced with bcsId 0.
2023-05-26 19:30:49,497 [Time-limited test] INFO  keyvalue.KeyValueContainer (KeyValueContainer.java:close(361)) - Container 1685129449462 is closed with bcsId 0.
2023-05-26 19:30:49,499 [Time-limited test] INFO  impl.TestContainerPersistence (TestContainerPersistence.java:cleanupDir(184)) - Deleting /home/runner/work/ozone/ozone/hadoop-hdds/container-service/target/test-dir/TestContainerPersistence
]]></system-out>
  </testcase>
  <testcase name="testUpdateContainer" classname="TestContainerPersistence" time="0.042">
    <system-out><![CDATA[2023-05-26 19:30:50,908 [Time-limited test] INFO  volume.HddsVolume (HddsVolume.java:<init>(130)) - Creating HddsVolume: /home/runner/work/ozone/ozone/hadoop-hdds/container-service/target/test-dir/TestContainerPersistence/hdds of storage type : DISK capacity : 9223372036854775807
2023-05-26 19:30:50,908 [Time-limited test] INFO  volume.MutableVolumeSet (MutableVolumeSet.java:initializeVolumeSet(175)) - Added Volume : /home/runner/work/ozone/ozone/hadoop-hdds/container-service/target/test-dir/TestContainerPersistence/hdds to VolumeSet
2023-05-26 19:30:50,944 [Time-limited test] INFO  keyvalue.KeyValueContainer (KeyValueContainer.java:flushAndSyncDB(446)) - Container 1685129450914 is synced with bcsId 0.
2023-05-26 19:30:50,944 [Time-limited test] INFO  keyvalue.KeyValueContainer (KeyValueContainer.java:flushAndSyncDB(446)) - Container 1685129450914 is synced with bcsId 0.
2023-05-26 19:30:50,945 [Time-limited test] INFO  keyvalue.KeyValueContainer (KeyValueContainer.java:close(361)) - Container 1685129450914 is closed with bcsId 0.
2023-05-26 19:30:50,947 [Time-limited test] INFO  impl.TestContainerPersistence (TestContainerPersistence.java:cleanupDir(184)) - Deleting /home/runner/work/ozone/ozone/hadoop-hdds/container-service/target/test-dir/TestContainerPersistence
]]></system-out>
  </testcase>
  <testcase name="testUpdateContainer" classname="TestContainerPersistence" time="0.041">
    <system-out><![CDATA[2023-05-26 19:30:52,264 [Time-limited test] INFO  volume.HddsVolume (HddsVolume.java:<init>(130)) - Creating HddsVolume: /home/runner/work/ozone/ozone/hadoop-hdds/container-service/target/test-dir/TestContainerPersistence/hdds of storage type : DISK capacity : 9223372036854775807
2023-05-26 19:30:52,264 [Time-limited test] INFO  volume.MutableVolumeSet (MutableVolumeSet.java:initializeVolumeSet(175)) - Added Volume : /home/runner/work/ozone/ozone/hadoop-hdds/container-service/target/test-dir/TestContainerPersistence/hdds to VolumeSet
2023-05-26 19:30:52,298 [Time-limited test] INFO  keyvalue.KeyValueContainer (KeyValueContainer.java:flushAndSyncDB(446)) - Container 1685129452270 is synced with bcsId 0.
2023-05-26 19:30:52,298 [Time-limited test] INFO  keyvalue.KeyValueContainer (KeyValueContainer.java:flushAndSyncDB(446)) - Container 1685129452270 is synced with bcsId 0.
2023-05-26 19:30:52,299 [Time-limited test] INFO  keyvalue.KeyValueContainer (KeyValueContainer.java:close(361)) - Container 1685129452270 is closed with bcsId 0.
2023-05-26 19:30:52,300 [Time-limited test] INFO  impl.TestContainerPersistence (TestContainerPersistence.java:cleanupDir(184)) - Deleting /home/runner/work/ozone/ozone/hadoop-hdds/container-service/target/test-dir/TestContainerPersistence
]]></system-out>
  </testcase>
  <testcase name="testUpdateContainer" classname="TestContainerPersistence" time="0.04">
    <system-out><![CDATA[2023-05-26 19:30:53,429 [Time-limited test] INFO  volume.HddsVolume (HddsVolume.java:<init>(130)) - Creating HddsVolume: /home/runner/work/ozone/ozone/hadoop-hdds/container-service/target/test-dir/TestContainerPersistence/hdds of storage type : DISK capacity : 9223372036854775807
2023-05-26 19:30:53,430 [Time-limited test] INFO  volume.MutableVolumeSet (MutableVolumeSet.java:initializeVolumeSet(175)) - Added Volume : /home/runner/work/ozone/ozone/hadoop-hdds/container-service/target/test-dir/TestContainerPersistence/hdds to VolumeSet
2023-05-26 19:30:53,460 [Time-limited test] INFO  utils.DatanodeStoreCache (DatanodeStoreCache.java:addDB(66)) - Added db /home/runner/work/ozone/ozone/hadoop-hdds/container-service/target/test-dir/TestContainerPersistence/hdds/00f82e49-79b1-4abf-8fee-afa54913e9c6/DS-ece3af4a-6172-4447-bcf2-3b3f52445193/container.db to cache
2023-05-26 19:30:53,460 [Time-limited test] INFO  volume.HddsVolume (HddsVolume.java:createDbStore(350)) - SchemaV3 db is created and loaded at /home/runner/work/ozone/ozone/hadoop-hdds/container-service/target/test-dir/TestContainerPersistence/hdds/00f82e49-79b1-4abf-8fee-afa54913e9c6/DS-ece3af4a-6172-4447-bcf2-3b3f52445193/container.db for volume DS-ece3af4a-6172-4447-bcf2-3b3f52445193
2023-05-26 19:30:53,464 [Time-limited test] INFO  keyvalue.KeyValueContainer (KeyValueContainer.java:flushAndSyncDB(446)) - Container 1685129453461 is synced with bcsId 0.
2023-05-26 19:30:53,464 [Time-limited test] INFO  keyvalue.KeyValueContainer (KeyValueContainer.java:flushAndSyncDB(446)) - Container 1685129453461 is synced with bcsId 0.
2023-05-26 19:30:53,465 [Time-limited test] INFO  keyvalue.KeyValueContainer (KeyValueContainer.java:close(361)) - Container 1685129453461 is closed with bcsId 0.
2023-05-26 19:30:53,467 [Time-limited test] INFO  impl.TestContainerPersistence (TestContainerPersistence.java:cleanupDir(184)) - Deleting /home/runner/work/ozone/ozone/hadoop-hdds/container-service/target/test-dir/TestContainerPersistence
]]></system-out>
  </testcase>
  <testcase name="testListContainer" classname="TestContainerPersistence" time="0.302">
    <system-out><![CDATA[2023-05-26 19:30:41,209 [Time-limited test] INFO  volume.HddsVolume (HddsVolume.java:<init>(130)) - Creating HddsVolume: /home/runner/work/ozone/ozone/hadoop-hdds/container-service/target/test-dir/TestContainerPersistence/hdds of storage type : DISK capacity : 9223372036854775807
2023-05-26 19:30:41,210 [Time-limited test] INFO  volume.MutableVolumeSet (MutableVolumeSet.java:initializeVolumeSet(175)) - Added Volume : /home/runner/work/ozone/ozone/hadoop-hdds/container-service/target/test-dir/TestContainerPersistence/hdds to VolumeSet
2023-05-26 19:30:41,492 [Time-limited test] INFO  impl.TestContainerPersistence (TestContainerPersistence.java:cleanupDir(184)) - Deleting /home/runner/work/ozone/ozone/hadoop-hdds/container-service/target/test-dir/TestContainerPersistence
]]></system-out>
  </testcase>
  <testcase name="testListContainer" classname="TestContainerPersistence" time="0.268">
    <system-out><![CDATA[2023-05-26 19:30:43,680 [Time-limited test] INFO  volume.HddsVolume (HddsVolume.java:<init>(130)) - Creating HddsVolume: /home/runner/work/ozone/ozone/hadoop-hdds/container-service/target/test-dir/TestContainerPersistence/hdds of storage type : DISK capacity : 9223372036854775807
2023-05-26 19:30:43,681 [Time-limited test] INFO  volume.MutableVolumeSet (MutableVolumeSet.java:initializeVolumeSet(175)) - Added Volume : /home/runner/work/ozone/ozone/hadoop-hdds/container-service/target/test-dir/TestContainerPersistence/hdds to VolumeSet
2023-05-26 19:30:43,937 [Time-limited test] INFO  impl.TestContainerPersistence (TestContainerPersistence.java:cleanupDir(184)) - Deleting /home/runner/work/ozone/ozone/hadoop-hdds/container-service/target/test-dir/TestContainerPersistence
]]></system-out>
  </testcase>
  <testcase name="testListContainer" classname="TestContainerPersistence" time="0.325">
    <system-out><![CDATA[2023-05-26 19:30:45,863 [Time-limited test] INFO  volume.HddsVolume (HddsVolume.java:<init>(130)) - Creating HddsVolume: /home/runner/work/ozone/ozone/hadoop-hdds/container-service/target/test-dir/TestContainerPersistence/hdds of storage type : DISK capacity : 9223372036854775807
2023-05-26 19:30:45,863 [Time-limited test] INFO  volume.MutableVolumeSet (MutableVolumeSet.java:initializeVolumeSet(175)) - Added Volume : /home/runner/work/ozone/ozone/hadoop-hdds/container-service/target/test-dir/TestContainerPersistence/hdds to VolumeSet
2023-05-26 19:30:46,171 [Time-limited test] INFO  impl.TestContainerPersistence (TestContainerPersistence.java:cleanupDir(184)) - Deleting /home/runner/work/ozone/ozone/hadoop-hdds/container-service/target/test-dir/TestContainerPersistence
]]></system-out>
  </testcase>
  <testcase name="testListContainer" classname="TestContainerPersistence" time="0.071">
    <system-out><![CDATA[2023-05-26 19:30:47,740 [Time-limited test] INFO  volume.HddsVolume (HddsVolume.java:<init>(130)) - Creating HddsVolume: /home/runner/work/ozone/ozone/hadoop-hdds/container-service/target/test-dir/TestContainerPersistence/hdds of storage type : DISK capacity : 9223372036854775807
2023-05-26 19:30:47,741 [Time-limited test] INFO  volume.MutableVolumeSet (MutableVolumeSet.java:initializeVolumeSet(175)) - Added Volume : /home/runner/work/ozone/ozone/hadoop-hdds/container-service/target/test-dir/TestContainerPersistence/hdds to VolumeSet
2023-05-26 19:30:47,782 [Time-limited test] INFO  utils.DatanodeStoreCache (DatanodeStoreCache.java:addDB(66)) - Added db /home/runner/work/ozone/ozone/hadoop-hdds/container-service/target/test-dir/TestContainerPersistence/hdds/00f82e49-79b1-4abf-8fee-afa54913e9c6/DS-8b0dc13d-01c0-408d-ace9-47d0d3c49ce1/container.db to cache
2023-05-26 19:30:47,782 [Time-limited test] INFO  volume.HddsVolume (HddsVolume.java:createDbStore(350)) - SchemaV3 db is created and loaded at /home/runner/work/ozone/ozone/hadoop-hdds/container-service/target/test-dir/TestContainerPersistence/hdds/00f82e49-79b1-4abf-8fee-afa54913e9c6/DS-8b0dc13d-01c0-408d-ace9-47d0d3c49ce1/container.db for volume DS-8b0dc13d-01c0-408d-ace9-47d0d3c49ce1
2023-05-26 19:30:47,797 [Time-limited test] INFO  impl.TestContainerPersistence (TestContainerPersistence.java:cleanupDir(184)) - Deleting /home/runner/work/ozone/ozone/hadoop-hdds/container-service/target/test-dir/TestContainerPersistence
]]></system-out>
  </testcase>
  <testcase name="testListContainer" classname="TestContainerPersistence" time="0.277">
    <system-out><![CDATA[2023-05-26 19:30:49,505 [Time-limited test] INFO  volume.HddsVolume (HddsVolume.java:<init>(130)) - Creating HddsVolume: /home/runner/work/ozone/ozone/hadoop-hdds/container-service/target/test-dir/TestContainerPersistence/hdds of storage type : DISK capacity : 9223372036854775807
2023-05-26 19:30:49,505 [Time-limited test] INFO  volume.MutableVolumeSet (MutableVolumeSet.java:initializeVolumeSet(175)) - Added Volume : /home/runner/work/ozone/ozone/hadoop-hdds/container-service/target/test-dir/TestContainerPersistence/hdds to VolumeSet
2023-05-26 19:30:49,767 [Time-limited test] INFO  impl.TestContainerPersistence (TestContainerPersistence.java:cleanupDir(184)) - Deleting /home/runner/work/ozone/ozone/hadoop-hdds/container-service/target/test-dir/TestContainerPersistence
]]></system-out>
  </testcase>
  <testcase name="testListContainer" classname="TestContainerPersistence" time="0.257">
    <system-out><![CDATA[2023-05-26 19:30:50,950 [Time-limited test] INFO  volume.HddsVolume (HddsVolume.java:<init>(130)) - Creating HddsVolume: /home/runner/work/ozone/ozone/hadoop-hdds/container-service/target/test-dir/TestContainerPersistence/hdds of storage type : DISK capacity : 9223372036854775807
2023-05-26 19:30:50,950 [Time-limited test] INFO  volume.MutableVolumeSet (MutableVolumeSet.java:initializeVolumeSet(175)) - Added Volume : /home/runner/work/ozone/ozone/hadoop-hdds/container-service/target/test-dir/TestContainerPersistence/hdds to VolumeSet
2023-05-26 19:30:51,198 [Time-limited test] INFO  impl.TestContainerPersistence (TestContainerPersistence.java:cleanupDir(184)) - Deleting /home/runner/work/ozone/ozone/hadoop-hdds/container-service/target/test-dir/TestContainerPersistence
]]></system-out>
  </testcase>
  <testcase name="testListContainer" classname="TestContainerPersistence" time="0.282">
    <system-out><![CDATA[2023-05-26 19:30:52,303 [Time-limited test] INFO  volume.HddsVolume (HddsVolume.java:<init>(130)) - Creating HddsVolume: /home/runner/work/ozone/ozone/hadoop-hdds/container-service/target/test-dir/TestContainerPersistence/hdds of storage type : DISK capacity : 9223372036854775807
2023-05-26 19:30:52,304 [Time-limited test] INFO  volume.MutableVolumeSet (MutableVolumeSet.java:initializeVolumeSet(175)) - Added Volume : /home/runner/work/ozone/ozone/hadoop-hdds/container-service/target/test-dir/TestContainerPersistence/hdds to VolumeSet
2023-05-26 19:30:52,576 [Time-limited test] INFO  impl.TestContainerPersistence (TestContainerPersistence.java:cleanupDir(184)) - Deleting /home/runner/work/ozone/ozone/hadoop-hdds/container-service/target/test-dir/TestContainerPersistence
]]></system-out>
  </testcase>
  <testcase name="testListContainer" classname="TestContainerPersistence" time="0.043">
    <error type="org.apache.hadoop.hdds.scm.container.common.helpers.StorageContainerException"><![CDATA[org.apache.hadoop.hdds.scm.container.common.helpers.StorageContainerException: Container creation failed because ContainerFile already exists
	at org.apache.hadoop.ozone.container.keyvalue.KeyValueContainer.create(KeyValueContainer.java:193)
	at org.apache.hadoop.ozone.container.common.impl.TestContainerPersistence.addContainer(TestContainerPersistence.java:214)
	at org.apache.hadoop.ozone.container.common.impl.TestContainerPersistence.testListContainer(TestContainerPersistence.java:529)
	at sun.reflect.NativeMethodAccessorImpl.invoke0(Native Method)
	at sun.reflect.NativeMethodAccessorImpl.invoke(NativeMethodAccessorImpl.java:62)
	at sun.reflect.DelegatingMethodAccessorImpl.invoke(DelegatingMethodAccessorImpl.java:43)
	at java.lang.reflect.Method.invoke(Method.java:498)
	at org.junit.runners.model.FrameworkMethod$1.runReflectiveCall(FrameworkMethod.java:59)
	at org.junit.internal.runners.model.ReflectiveCallable.run(ReflectiveCallable.java:12)
	at org.junit.runners.model.FrameworkMethod.invokeExplosively(FrameworkMethod.java:56)
	at org.junit.internal.runners.statements.InvokeMethod.evaluate(InvokeMethod.java:17)
	at org.junit.internal.runners.statements.RunBefores.evaluate(RunBefores.java:26)
	at org.junit.internal.runners.statements.RunAfters.evaluate(RunAfters.java:27)
	at org.junit.rules.ExpectedException$ExpectedExceptionStatement.evaluate(ExpectedException.java:258)
	at org.junit.internal.runners.statements.FailOnTimeout$CallableStatement.call(FailOnTimeout.java:288)
	at org.junit.internal.runners.statements.FailOnTimeout$CallableStatement.call(FailOnTimeout.java:282)
	at java.util.concurrent.FutureTask.run(FutureTask.java:266)
	at java.lang.Thread.run(Thread.java:750)
Caused by: org.apache.hadoop.fs.FileAlreadyExistsException: container already exists on disk.
	at org.apache.hadoop.ozone.container.common.helpers.ContainerUtils.verifyIsNewContainer(ContainerUtils.java:133)
	at org.apache.hadoop.ozone.container.keyvalue.KeyValueContainer.create(KeyValueContainer.java:166)
	... 17 more
]]></error>
    <system-out><![CDATA[2023-05-26 19:30:53,469 [Time-limited test] INFO  volume.HddsVolume (HddsVolume.java:<init>(130)) - Creating HddsVolume: /home/runner/work/ozone/ozone/hadoop-hdds/container-service/target/test-dir/TestContainerPersistence/hdds of storage type : DISK capacity : 9223372036854775807
2023-05-26 19:30:53,469 [Time-limited test] INFO  volume.MutableVolumeSet (MutableVolumeSet.java:initializeVolumeSet(175)) - Added Volume : /home/runner/work/ozone/ozone/hadoop-hdds/container-service/target/test-dir/TestContainerPersistence/hdds to VolumeSet
2023-05-26 19:30:53,497 [Time-limited test] INFO  utils.DatanodeStoreCache (DatanodeStoreCache.java:addDB(66)) - Added db /home/runner/work/ozone/ozone/hadoop-hdds/container-service/target/test-dir/TestContainerPersistence/hdds/00f82e49-79b1-4abf-8fee-afa54913e9c6/DS-f1ab893b-149d-4dfb-a3b3-744ddc75364b/container.db to cache
2023-05-26 19:30:53,497 [Time-limited test] INFO  volume.HddsVolume (HddsVolume.java:createDbStore(350)) - SchemaV3 db is created and loaded at /home/runner/work/ozone/ozone/hadoop-hdds/container-service/target/test-dir/TestContainerPersistence/hdds/00f82e49-79b1-4abf-8fee-afa54913e9c6/DS-f1ab893b-149d-4dfb-a3b3-744ddc75364b/container.db for volume DS-f1ab893b-149d-4dfb-a3b3-744ddc75364b
2023-05-26 19:30:53,507 [Time-limited test] ERROR impl.ContainerSet (ContainerUtils.java:verifyIsNewContainer(131)) - Container already exists on disk. File: /home/runner/work/ozone/ozone/hadoop-hdds/container-service/target/test-dir/TestContainerPersistence/hdds/00f82e49-79b1-4abf-8fee-afa54913e9c6/current/containerDir111/1685129453506/metadata
2023-05-26 19:30:53,507 [Time-limited test] INFO  impl.TestContainerPersistence (TestContainerPersistence.java:cleanupDir(184)) - Deleting /home/runner/work/ozone/ozone/hadoop-hdds/container-service/target/test-dir/TestContainerPersistence
]]></system-out>
  </testcase>
  <testcase name="testWritReadManyChunks" classname="TestContainerPersistence" time="1.055">
    <system-out><![CDATA[2023-05-26 19:30:41,505 [Time-limited test] INFO  volume.HddsVolume (HddsVolume.java:<init>(130)) - Creating HddsVolume: /home/runner/work/ozone/ozone/hadoop-hdds/container-service/target/test-dir/TestContainerPersistence/hdds of storage type : DISK capacity : 9223372036854775807
2023-05-26 19:30:41,505 [Time-limited test] INFO  volume.MutableVolumeSet (MutableVolumeSet.java:initializeVolumeSet(175)) - Added Volume : /home/runner/work/ozone/ozone/hadoop-hdds/container-service/target/test-dir/TestContainerPersistence/hdds to VolumeSet
2023-05-26 19:30:42,498 [Time-limited test] INFO  impl.TestContainerPersistence (TestContainerPersistence.java:cleanupDir(184)) - Deleting /home/runner/work/ozone/ozone/hadoop-hdds/container-service/target/test-dir/TestContainerPersistence
]]></system-out>
  </testcase>
  <testcase name="testWritReadManyChunks" classname="TestContainerPersistence" time="0.682">
    <system-out><![CDATA[2023-05-26 19:30:43,949 [Time-limited test] INFO  volume.HddsVolume (HddsVolume.java:<init>(130)) - Creating HddsVolume: /home/runner/work/ozone/ozone/hadoop-hdds/container-service/target/test-dir/TestContainerPersistence/hdds of storage type : DISK capacity : 9223372036854775807
2023-05-26 19:30:43,949 [Time-limited test] INFO  volume.MutableVolumeSet (MutableVolumeSet.java:initializeVolumeSet(175)) - Added Volume : /home/runner/work/ozone/ozone/hadoop-hdds/container-service/target/test-dir/TestContainerPersistence/hdds to VolumeSet
2023-05-26 19:30:44,087 [Finalizer] WARN  managed.ManagedRocksObjectUtils (ManagedRocksObjectUtils.java:assertClosed(54)) - ManagedDBOptions is not closed properly
2023-05-26 19:30:44,087 [Finalizer] WARN  managed.ManagedRocksObjectUtils (ManagedRocksObjectUtils.java:assertClosed(54)) - ManagedWriteOptions is not closed properly
2023-05-26 19:30:44,581 [Time-limited test] INFO  impl.TestContainerPersistence (TestContainerPersistence.java:cleanupDir(184)) - Deleting /home/runner/work/ozone/ozone/hadoop-hdds/container-service/target/test-dir/TestContainerPersistence
]]></system-out>
  </testcase>
  <testcase name="testWritReadManyChunks" classname="TestContainerPersistence" time="0.606">
    <system-out><![CDATA[2023-05-26 19:30:46,187 [Time-limited test] INFO  volume.HddsVolume (HddsVolume.java:<init>(130)) - Creating HddsVolume: /home/runner/work/ozone/ozone/hadoop-hdds/container-service/target/test-dir/TestContainerPersistence/hdds of storage type : DISK capacity : 9223372036854775807
2023-05-26 19:30:46,187 [Time-limited test] INFO  volume.MutableVolumeSet (MutableVolumeSet.java:initializeVolumeSet(175)) - Added Volume : /home/runner/work/ozone/ozone/hadoop-hdds/container-service/target/test-dir/TestContainerPersistence/hdds to VolumeSet
2023-05-26 19:30:46,743 [Time-limited test] INFO  impl.TestContainerPersistence (TestContainerPersistence.java:cleanupDir(184)) - Deleting /home/runner/work/ozone/ozone/hadoop-hdds/container-service/target/test-dir/TestContainerPersistence
]]></system-out>
  </testcase>
  <testcase name="testWritReadManyChunks" classname="TestContainerPersistence" time="0.638">
    <system-out><![CDATA[2023-05-26 19:30:47,802 [Time-limited test] INFO  volume.HddsVolume (HddsVolume.java:<init>(130)) - Creating HddsVolume: /home/runner/work/ozone/ozone/hadoop-hdds/container-service/target/test-dir/TestContainerPersistence/hdds of storage type : DISK capacity : 9223372036854775807
2023-05-26 19:30:47,802 [Time-limited test] INFO  volume.MutableVolumeSet (MutableVolumeSet.java:initializeVolumeSet(175)) - Added Volume : /home/runner/work/ozone/ozone/hadoop-hdds/container-service/target/test-dir/TestContainerPersistence/hdds to VolumeSet
2023-05-26 19:30:47,839 [Time-limited test] INFO  utils.DatanodeStoreCache (DatanodeStoreCache.java:addDB(66)) - Added db /home/runner/work/ozone/ozone/hadoop-hdds/container-service/target/test-dir/TestContainerPersistence/hdds/00f82e49-79b1-4abf-8fee-afa54913e9c6/DS-376ee8a2-db67-4534-85ce-6ddba6f3cac1/container.db to cache
2023-05-26 19:30:47,840 [Time-limited test] INFO  volume.HddsVolume (HddsVolume.java:createDbStore(350)) - SchemaV3 db is created and loaded at /home/runner/work/ozone/ozone/hadoop-hdds/container-service/target/test-dir/TestContainerPersistence/hdds/00f82e49-79b1-4abf-8fee-afa54913e9c6/DS-376ee8a2-db67-4534-85ce-6ddba6f3cac1/container.db for volume DS-376ee8a2-db67-4534-85ce-6ddba6f3cac1
2023-05-26 19:30:48,090 [Finalizer] WARN  managed.ManagedRocksObjectUtils (ManagedRocksObjectUtils.java:assertClosed(54)) - ManagedDBOptions is not closed properly
2023-05-26 19:30:48,090 [Finalizer] WARN  managed.ManagedRocksObjectUtils (ManagedRocksObjectUtils.java:assertClosed(54)) - ManagedWriteOptions is not closed properly
2023-05-26 19:30:48,391 [Time-limited test] INFO  impl.TestContainerPersistence (TestContainerPersistence.java:cleanupDir(184)) - Deleting /home/runner/work/ozone/ozone/hadoop-hdds/container-service/target/test-dir/TestContainerPersistence
]]></system-out>
  </testcase>
  <testcase name="testWritReadManyChunks" classname="TestContainerPersistence" time="0.106">
    <system-out><![CDATA[2023-05-26 19:30:49,781 [Time-limited test] INFO  volume.HddsVolume (HddsVolume.java:<init>(130)) - Creating HddsVolume: /home/runner/work/ozone/ozone/hadoop-hdds/container-service/target/test-dir/TestContainerPersistence/hdds of storage type : DISK capacity : 9223372036854775807
2023-05-26 19:30:49,781 [Time-limited test] INFO  volume.MutableVolumeSet (MutableVolumeSet.java:initializeVolumeSet(175)) - Added Volume : /home/runner/work/ozone/ozone/hadoop-hdds/container-service/target/test-dir/TestContainerPersistence/hdds to VolumeSet
2023-05-26 19:30:49,883 [Time-limited test] INFO  impl.TestContainerPersistence (TestContainerPersistence.java:cleanupDir(184)) - Deleting /home/runner/work/ozone/ozone/hadoop-hdds/container-service/target/test-dir/TestContainerPersistence
]]></system-out>
  </testcase>
  <testcase name="testWritReadManyChunks" classname="TestContainerPersistence" time="0.081">
    <system-out><![CDATA[2023-05-26 19:30:51,207 [Time-limited test] INFO  volume.HddsVolume (HddsVolume.java:<init>(130)) - Creating HddsVolume: /home/runner/work/ozone/ozone/hadoop-hdds/container-service/target/test-dir/TestContainerPersistence/hdds of storage type : DISK capacity : 9223372036854775807
2023-05-26 19:30:51,207 [Time-limited test] INFO  volume.MutableVolumeSet (MutableVolumeSet.java:initializeVolumeSet(175)) - Added Volume : /home/runner/work/ozone/ozone/hadoop-hdds/container-service/target/test-dir/TestContainerPersistence/hdds to VolumeSet
2023-05-26 19:30:51,286 [Time-limited test] INFO  impl.TestContainerPersistence (TestContainerPersistence.java:cleanupDir(184)) - Deleting /home/runner/work/ozone/ozone/hadoop-hdds/container-service/target/test-dir/TestContainerPersistence
]]></system-out>
  </testcase>
  <testcase name="testWritReadManyChunks" classname="TestContainerPersistence" time="0.076">
    <system-out><![CDATA[2023-05-26 19:30:52,585 [Time-limited test] INFO  volume.HddsVolume (HddsVolume.java:<init>(130)) - Creating HddsVolume: /home/runner/work/ozone/ozone/hadoop-hdds/container-service/target/test-dir/TestContainerPersistence/hdds of storage type : DISK capacity : 9223372036854775807
2023-05-26 19:30:52,585 [Time-limited test] INFO  volume.MutableVolumeSet (MutableVolumeSet.java:initializeVolumeSet(175)) - Added Volume : /home/runner/work/ozone/ozone/hadoop-hdds/container-service/target/test-dir/TestContainerPersistence/hdds to VolumeSet
2023-05-26 19:30:52,658 [Time-limited test] INFO  impl.TestContainerPersistence (TestContainerPersistence.java:cleanupDir(184)) - Deleting /home/runner/work/ozone/ozone/hadoop-hdds/container-service/target/test-dir/TestContainerPersistence
]]></system-out>
  </testcase>
  <testcase name="testWritReadManyChunks" classname="TestContainerPersistence" time="0.08">
    <system-out><![CDATA[2023-05-26 19:30:53,516 [Time-limited test] INFO  volume.HddsVolume (HddsVolume.java:<init>(130)) - Creating HddsVolume: /home/runner/work/ozone/ozone/hadoop-hdds/container-service/target/test-dir/TestContainerPersistence/hdds of storage type : DISK capacity : 9223372036854775807
2023-05-26 19:30:53,516 [Time-limited test] INFO  volume.MutableVolumeSet (MutableVolumeSet.java:initializeVolumeSet(175)) - Added Volume : /home/runner/work/ozone/ozone/hadoop-hdds/container-service/target/test-dir/TestContainerPersistence/hdds to VolumeSet
2023-05-26 19:30:53,547 [Time-limited test] INFO  utils.DatanodeStoreCache (DatanodeStoreCache.java:addDB(66)) - Added db /home/runner/work/ozone/ozone/hadoop-hdds/container-service/target/test-dir/TestContainerPersistence/hdds/00f82e49-79b1-4abf-8fee-afa54913e9c6/DS-40e034d8-1184-46f0-8e2f-190859039951/container.db to cache
2023-05-26 19:30:53,547 [Time-limited test] INFO  volume.HddsVolume (HddsVolume.java:createDbStore(350)) - SchemaV3 db is created and loaded at /home/runner/work/ozone/ozone/hadoop-hdds/container-service/target/test-dir/TestContainerPersistence/hdds/00f82e49-79b1-4abf-8fee-afa54913e9c6/DS-40e034d8-1184-46f0-8e2f-190859039951/container.db for volume DS-40e034d8-1184-46f0-8e2f-190859039951
2023-05-26 19:30:53,593 [Time-limited test] INFO  impl.TestContainerPersistence (TestContainerPersistence.java:cleanupDir(184)) - Deleting /home/runner/work/ozone/ozone/hadoop-hdds/container-service/target/test-dir/TestContainerPersistence
]]></system-out>
  </testcase>
  <testcase name="testPutBlockWithLotsOfChunks" classname="TestContainerPersistence" time="0.043">
    <system-out><![CDATA[2023-05-26 19:30:42,562 [Time-limited test] INFO  volume.HddsVolume (HddsVolume.java:<init>(130)) - Creating HddsVolume: /home/runner/work/ozone/ozone/hadoop-hdds/container-service/target/test-dir/TestContainerPersistence/hdds of storage type : DISK capacity : 9223372036854775807
2023-05-26 19:30:42,562 [Time-limited test] INFO  volume.MutableVolumeSet (MutableVolumeSet.java:initializeVolumeSet(175)) - Added Volume : /home/runner/work/ozone/ozone/hadoop-hdds/container-service/target/test-dir/TestContainerPersistence/hdds to VolumeSet
2023-05-26 19:30:42,599 [Time-limited test] INFO  impl.TestContainerPersistence (TestContainerPersistence.java:cleanupDir(184)) - Deleting /home/runner/work/ozone/ozone/hadoop-hdds/container-service/target/test-dir/TestContainerPersistence
]]></system-out>
  </testcase>
  <testcase name="testPutBlockWithLotsOfChunks" classname="TestContainerPersistence" time="0.052">
    <system-out><![CDATA[2023-05-26 19:30:44,637 [Time-limited test] INFO  volume.HddsVolume (HddsVolume.java:<init>(130)) - Creating HddsVolume: /home/runner/work/ozone/ozone/hadoop-hdds/container-service/target/test-dir/TestContainerPersistence/hdds of storage type : DISK capacity : 9223372036854775807
2023-05-26 19:30:44,637 [Time-limited test] INFO  volume.MutableVolumeSet (MutableVolumeSet.java:initializeVolumeSet(175)) - Added Volume : /home/runner/work/ozone/ozone/hadoop-hdds/container-service/target/test-dir/TestContainerPersistence/hdds to VolumeSet
2023-05-26 19:30:44,680 [Time-limited test] INFO  impl.TestContainerPersistence (TestContainerPersistence.java:cleanupDir(184)) - Deleting /home/runner/work/ozone/ozone/hadoop-hdds/container-service/target/test-dir/TestContainerPersistence
]]></system-out>
  </testcase>
  <testcase name="testPutBlockWithLotsOfChunks" classname="TestContainerPersistence" time="0.042">
    <system-out><![CDATA[2023-05-26 19:30:46,791 [Time-limited test] INFO  volume.HddsVolume (HddsVolume.java:<init>(130)) - Creating HddsVolume: /home/runner/work/ozone/ozone/hadoop-hdds/container-service/target/test-dir/TestContainerPersistence/hdds of storage type : DISK capacity : 9223372036854775807
2023-05-26 19:30:46,792 [Time-limited test] INFO  volume.MutableVolumeSet (MutableVolumeSet.java:initializeVolumeSet(175)) - Added Volume : /home/runner/work/ozone/ozone/hadoop-hdds/container-service/target/test-dir/TestContainerPersistence/hdds to VolumeSet
2023-05-26 19:30:46,831 [Time-limited test] INFO  impl.TestContainerPersistence (TestContainerPersistence.java:cleanupDir(184)) - Deleting /home/runner/work/ozone/ozone/hadoop-hdds/container-service/target/test-dir/TestContainerPersistence
]]></system-out>
  </testcase>
  <testcase name="testPutBlockWithLotsOfChunks" classname="TestContainerPersistence" time="0.044">
    <system-out><![CDATA[2023-05-26 19:30:48,439 [Time-limited test] INFO  volume.HddsVolume (HddsVolume.java:<init>(130)) - Creating HddsVolume: /home/runner/work/ozone/ozone/hadoop-hdds/container-service/target/test-dir/TestContainerPersistence/hdds of storage type : DISK capacity : 9223372036854775807
2023-05-26 19:30:48,440 [Time-limited test] INFO  volume.MutableVolumeSet (MutableVolumeSet.java:initializeVolumeSet(175)) - Added Volume : /home/runner/work/ozone/ozone/hadoop-hdds/container-service/target/test-dir/TestContainerPersistence/hdds to VolumeSet
2023-05-26 19:30:48,474 [Time-limited test] INFO  utils.DatanodeStoreCache (DatanodeStoreCache.java:addDB(66)) - Added db /home/runner/work/ozone/ozone/hadoop-hdds/container-service/target/test-dir/TestContainerPersistence/hdds/00f82e49-79b1-4abf-8fee-afa54913e9c6/DS-c6064046-1010-445c-948f-a880a8b63496/container.db to cache
2023-05-26 19:30:48,474 [Time-limited test] INFO  volume.HddsVolume (HddsVolume.java:createDbStore(350)) - SchemaV3 db is created and loaded at /home/runner/work/ozone/ozone/hadoop-hdds/container-service/target/test-dir/TestContainerPersistence/hdds/00f82e49-79b1-4abf-8fee-afa54913e9c6/DS-c6064046-1010-445c-948f-a880a8b63496/container.db for volume DS-c6064046-1010-445c-948f-a880a8b63496
2023-05-26 19:30:48,480 [Time-limited test] INFO  impl.TestContainerPersistence (TestContainerPersistence.java:cleanupDir(184)) - Deleting /home/runner/work/ozone/ozone/hadoop-hdds/container-service/target/test-dir/TestContainerPersistence
]]></system-out>
  </testcase>
  <testcase name="testPutBlockWithLotsOfChunks" classname="TestContainerPersistence" time="0.042">
    <system-out><![CDATA[2023-05-26 19:30:49,888 [Time-limited test] INFO  volume.HddsVolume (HddsVolume.java:<init>(130)) - Creating HddsVolume: /home/runner/work/ozone/ozone/hadoop-hdds/container-service/target/test-dir/TestContainerPersistence/hdds of storage type : DISK capacity : 9223372036854775807
2023-05-26 19:30:49,889 [Time-limited test] INFO  volume.MutableVolumeSet (MutableVolumeSet.java:initializeVolumeSet(175)) - Added Volume : /home/runner/work/ozone/ozone/hadoop-hdds/container-service/target/test-dir/TestContainerPersistence/hdds to VolumeSet
2023-05-26 19:30:49,925 [Time-limited test] INFO  impl.TestContainerPersistence (TestContainerPersistence.java:cleanupDir(184)) - Deleting /home/runner/work/ozone/ozone/hadoop-hdds/container-service/target/test-dir/TestContainerPersistence
]]></system-out>
  </testcase>
  <testcase name="testPutBlockWithLotsOfChunks" classname="TestContainerPersistence" time="0.042">
    <system-out><![CDATA[2023-05-26 19:30:51,292 [Time-limited test] INFO  volume.HddsVolume (HddsVolume.java:<init>(130)) - Creating HddsVolume: /home/runner/work/ozone/ozone/hadoop-hdds/container-service/target/test-dir/TestContainerPersistence/hdds of storage type : DISK capacity : 9223372036854775807
2023-05-26 19:30:51,293 [Time-limited test] INFO  volume.MutableVolumeSet (MutableVolumeSet.java:initializeVolumeSet(175)) - Added Volume : /home/runner/work/ozone/ozone/hadoop-hdds/container-service/target/test-dir/TestContainerPersistence/hdds to VolumeSet
2023-05-26 19:30:51,328 [Time-limited test] INFO  impl.TestContainerPersistence (TestContainerPersistence.java:cleanupDir(184)) - Deleting /home/runner/work/ozone/ozone/hadoop-hdds/container-service/target/test-dir/TestContainerPersistence
]]></system-out>
  </testcase>
  <testcase name="testPutBlockWithLotsOfChunks" classname="TestContainerPersistence" time="0.039">
    <system-out><![CDATA[2023-05-26 19:30:52,661 [Time-limited test] INFO  volume.HddsVolume (HddsVolume.java:<init>(130)) - Creating HddsVolume: /home/runner/work/ozone/ozone/hadoop-hdds/container-service/target/test-dir/TestContainerPersistence/hdds of storage type : DISK capacity : 9223372036854775807
2023-05-26 19:30:52,661 [Time-limited test] INFO  volume.MutableVolumeSet (MutableVolumeSet.java:initializeVolumeSet(175)) - Added Volume : /home/runner/work/ozone/ozone/hadoop-hdds/container-service/target/test-dir/TestContainerPersistence/hdds to VolumeSet
2023-05-26 19:30:52,698 [Time-limited test] INFO  impl.TestContainerPersistence (TestContainerPersistence.java:cleanupDir(184)) - Deleting /home/runner/work/ozone/ozone/hadoop-hdds/container-service/target/test-dir/TestContainerPersistence
]]></system-out>
  </testcase>
  <testcase name="testPutBlockWithLotsOfChunks" classname="TestContainerPersistence" time="0.041">
    <system-out><![CDATA[2023-05-26 19:30:53,596 [Time-limited test] INFO  volume.HddsVolume (HddsVolume.java:<init>(130)) - Creating HddsVolume: /home/runner/work/ozone/ozone/hadoop-hdds/container-service/target/test-dir/TestContainerPersistence/hdds of storage type : DISK capacity : 9223372036854775807
2023-05-26 19:30:53,596 [Time-limited test] INFO  volume.MutableVolumeSet (MutableVolumeSet.java:initializeVolumeSet(175)) - Added Volume : /home/runner/work/ozone/ozone/hadoop-hdds/container-service/target/test-dir/TestContainerPersistence/hdds to VolumeSet
2023-05-26 19:30:53,629 [Time-limited test] INFO  utils.DatanodeStoreCache (DatanodeStoreCache.java:addDB(66)) - Added db /home/runner/work/ozone/ozone/hadoop-hdds/container-service/target/test-dir/TestContainerPersistence/hdds/00f82e49-79b1-4abf-8fee-afa54913e9c6/DS-9e1c5a90-ced3-4b99-84fd-be5380b6a307/container.db to cache
2023-05-26 19:30:53,630 [Time-limited test] INFO  volume.HddsVolume (HddsVolume.java:createDbStore(350)) - SchemaV3 db is created and loaded at /home/runner/work/ozone/ozone/hadoop-hdds/container-service/target/test-dir/TestContainerPersistence/hdds/00f82e49-79b1-4abf-8fee-afa54913e9c6/DS-9e1c5a90-ced3-4b99-84fd-be5380b6a307/container.db for volume DS-9e1c5a90-ced3-4b99-84fd-be5380b6a307
2023-05-26 19:30:53,635 [Time-limited test] INFO  impl.TestContainerPersistence (TestContainerPersistence.java:cleanupDir(184)) - Deleting /home/runner/work/ozone/ozone/hadoop-hdds/container-service/target/test-dir/TestContainerPersistence
]]></system-out>
  </testcase>
  <testcase name="testAddingBlockToDeletedContainer" classname="TestContainerPersistence" time="0.155">
    <system-out><![CDATA[2023-05-26 19:30:42,607 [Time-limited test] INFO  volume.HddsVolume (HddsVolume.java:<init>(130)) - Creating HddsVolume: /home/runner/work/ozone/ozone/hadoop-hdds/container-service/target/test-dir/TestContainerPersistence/hdds of storage type : DISK capacity : 9223372036854775807
2023-05-26 19:30:42,607 [Time-limited test] INFO  volume.MutableVolumeSet (MutableVolumeSet.java:initializeVolumeSet(175)) - Added Volume : /home/runner/work/ozone/ozone/hadoop-hdds/container-service/target/test-dir/TestContainerPersistence/hdds to VolumeSet
2023-05-26 19:30:42,746 [Time-limited test] INFO  keyvalue.KeyValueContainer (KeyValueContainer.java:flushAndSyncDB(446)) - Container 1685129442617 is synced with bcsId 0.
2023-05-26 19:30:42,746 [Time-limited test] INFO  keyvalue.KeyValueContainer (KeyValueContainer.java:flushAndSyncDB(446)) - Container 1685129442617 is synced with bcsId 0.
2023-05-26 19:30:42,748 [Time-limited test] INFO  keyvalue.KeyValueContainer (KeyValueContainer.java:close(361)) - Container 1685129442617 is closed with bcsId 0.
2023-05-26 19:30:42,753 [Time-limited test] ERROR utils.ContainerCache (ContainerCache.java:getDB(166)) - Error opening DB. Container:1685129442617 ContainerPath:/home/runner/work/ozone/ozone/hadoop-hdds/container-service/target/test-dir/TestContainerPersistence/hdds/00f82e49-79b1-4abf-8fee-afa54913e9c6/current/containerDir90/1685129442617/metadata/1685129442617-dn-container.db
java.io.IOException: The DB destination directory should exist.
	at org.apache.hadoop.hdds.utils.db.DBStoreBuilder.build(DBStoreBuilder.java:209)
	at org.apache.hadoop.ozone.container.metadata.AbstractDatanodeStore.start(AbstractDatanodeStore.java:153)
	at org.apache.hadoop.ozone.container.metadata.AbstractDatanodeStore.<init>(AbstractDatanodeStore.java:99)
	at org.apache.hadoop.ozone.container.metadata.DatanodeStoreSchemaTwoImpl.<init>(DatanodeStoreSchemaTwoImpl.java:48)
	at org.apache.hadoop.ozone.container.keyvalue.helpers.BlockUtils.getUncachedDatanodeStore(BlockUtils.java:83)
	at org.apache.hadoop.ozone.container.common.utils.ContainerCache.getDB(ContainerCache.java:161)
	at org.apache.hadoop.ozone.container.keyvalue.helpers.BlockUtils.getDB(BlockUtils.java:137)
	at org.apache.hadoop.ozone.container.keyvalue.impl.BlockManagerImpl.persistPutBlock(BlockManagerImpl.java:122)
	at org.apache.hadoop.ozone.container.keyvalue.impl.BlockManagerImpl.putBlock(BlockManagerImpl.java:103)
	at org.apache.hadoop.ozone.container.keyvalue.impl.BlockManagerImpl.putBlock(BlockManagerImpl.java:88)
	at org.apache.hadoop.ozone.container.common.impl.TestContainerPersistence.testAddingBlockToDeletedContainer(TestContainerPersistence.java:296)
	at sun.reflect.NativeMethodAccessorImpl.invoke0(Native Method)
	at sun.reflect.NativeMethodAccessorImpl.invoke(NativeMethodAccessorImpl.java:62)
	at sun.reflect.DelegatingMethodAccessorImpl.invoke(DelegatingMethodAccessorImpl.java:43)
	at java.lang.reflect.Method.invoke(Method.java:498)
	at org.junit.runners.model.FrameworkMethod$1.runReflectiveCall(FrameworkMethod.java:59)
	at org.junit.internal.runners.model.ReflectiveCallable.run(ReflectiveCallable.java:12)
	at org.junit.runners.model.FrameworkMethod.invokeExplosively(FrameworkMethod.java:56)
	at org.junit.internal.runners.statements.InvokeMethod.evaluate(InvokeMethod.java:17)
	at org.junit.internal.runners.statements.RunBefores.evaluate(RunBefores.java:26)
	at org.junit.internal.runners.statements.RunAfters.evaluate(RunAfters.java:27)
	at org.junit.rules.ExpectedException$ExpectedExceptionStatement.evaluate(ExpectedException.java:258)
	at org.junit.internal.runners.statements.FailOnTimeout$CallableStatement.call(FailOnTimeout.java:288)
	at org.junit.internal.runners.statements.FailOnTimeout$CallableStatement.call(FailOnTimeout.java:282)
	at java.util.concurrent.FutureTask.run(FutureTask.java:266)
	at java.lang.Thread.run(Thread.java:750)
2023-05-26 19:30:42,757 [Time-limited test] INFO  impl.TestContainerPersistence (TestContainerPersistence.java:cleanupDir(184)) - Deleting /home/runner/work/ozone/ozone/hadoop-hdds/container-service/target/test-dir/TestContainerPersistence
]]></system-out>
  </testcase>
  <testcase name="testAddingBlockToDeletedContainer" classname="TestContainerPersistence" time="0.144">
    <system-out><![CDATA[2023-05-26 19:30:44,683 [Time-limited test] INFO  volume.HddsVolume (HddsVolume.java:<init>(130)) - Creating HddsVolume: /home/runner/work/ozone/ozone/hadoop-hdds/container-service/target/test-dir/TestContainerPersistence/hdds of storage type : DISK capacity : 9223372036854775807
2023-05-26 19:30:44,683 [Time-limited test] INFO  volume.MutableVolumeSet (MutableVolumeSet.java:initializeVolumeSet(175)) - Added Volume : /home/runner/work/ozone/ozone/hadoop-hdds/container-service/target/test-dir/TestContainerPersistence/hdds to VolumeSet
2023-05-26 19:30:44,818 [Time-limited test] INFO  keyvalue.KeyValueContainer (KeyValueContainer.java:flushAndSyncDB(446)) - Container 1685129444690 is synced with bcsId 0.
2023-05-26 19:30:44,818 [Time-limited test] INFO  keyvalue.KeyValueContainer (KeyValueContainer.java:flushAndSyncDB(446)) - Container 1685129444690 is synced with bcsId 0.
2023-05-26 19:30:44,820 [Time-limited test] INFO  keyvalue.KeyValueContainer (KeyValueContainer.java:close(361)) - Container 1685129444690 is closed with bcsId 0.
2023-05-26 19:30:44,824 [Time-limited test] ERROR utils.ContainerCache (ContainerCache.java:getDB(166)) - Error opening DB. Container:1685129444690 ContainerPath:/home/runner/work/ozone/ozone/hadoop-hdds/container-service/target/test-dir/TestContainerPersistence/hdds/00f82e49-79b1-4abf-8fee-afa54913e9c6/current/containerDir94/1685129444690/metadata/1685129444690-dn-container.db
java.io.IOException: The DB destination directory should exist.
	at org.apache.hadoop.hdds.utils.db.DBStoreBuilder.build(DBStoreBuilder.java:209)
	at org.apache.hadoop.ozone.container.metadata.AbstractDatanodeStore.start(AbstractDatanodeStore.java:153)
	at org.apache.hadoop.ozone.container.metadata.AbstractDatanodeStore.<init>(AbstractDatanodeStore.java:99)
	at org.apache.hadoop.ozone.container.metadata.DatanodeStoreSchemaTwoImpl.<init>(DatanodeStoreSchemaTwoImpl.java:48)
	at org.apache.hadoop.ozone.container.keyvalue.helpers.BlockUtils.getUncachedDatanodeStore(BlockUtils.java:83)
	at org.apache.hadoop.ozone.container.common.utils.ContainerCache.getDB(ContainerCache.java:161)
	at org.apache.hadoop.ozone.container.keyvalue.helpers.BlockUtils.getDB(BlockUtils.java:137)
	at org.apache.hadoop.ozone.container.keyvalue.impl.BlockManagerImpl.persistPutBlock(BlockManagerImpl.java:122)
	at org.apache.hadoop.ozone.container.keyvalue.impl.BlockManagerImpl.putBlock(BlockManagerImpl.java:103)
	at org.apache.hadoop.ozone.container.keyvalue.impl.BlockManagerImpl.putBlock(BlockManagerImpl.java:88)
	at org.apache.hadoop.ozone.container.common.impl.TestContainerPersistence.testAddingBlockToDeletedContainer(TestContainerPersistence.java:296)
	at sun.reflect.NativeMethodAccessorImpl.invoke0(Native Method)
	at sun.reflect.NativeMethodAccessorImpl.invoke(NativeMethodAccessorImpl.java:62)
	at sun.reflect.DelegatingMethodAccessorImpl.invoke(DelegatingMethodAccessorImpl.java:43)
	at java.lang.reflect.Method.invoke(Method.java:498)
	at org.junit.runners.model.FrameworkMethod$1.runReflectiveCall(FrameworkMethod.java:59)
	at org.junit.internal.runners.model.ReflectiveCallable.run(ReflectiveCallable.java:12)
	at org.junit.runners.model.FrameworkMethod.invokeExplosively(FrameworkMethod.java:56)
	at org.junit.internal.runners.statements.InvokeMethod.evaluate(InvokeMethod.java:17)
	at org.junit.internal.runners.statements.RunBefores.evaluate(RunBefores.java:26)
	at org.junit.internal.runners.statements.RunAfters.evaluate(RunAfters.java:27)
	at org.junit.rules.ExpectedException$ExpectedExceptionStatement.evaluate(ExpectedException.java:258)
	at org.junit.internal.runners.statements.FailOnTimeout$CallableStatement.call(FailOnTimeout.java:288)
	at org.junit.internal.runners.statements.FailOnTimeout$CallableStatement.call(FailOnTimeout.java:282)
	at java.util.concurrent.FutureTask.run(FutureTask.java:266)
	at java.lang.Thread.run(Thread.java:750)
2023-05-26 19:30:44,825 [Time-limited test] INFO  impl.TestContainerPersistence (TestContainerPersistence.java:cleanupDir(184)) - Deleting /home/runner/work/ozone/ozone/hadoop-hdds/container-service/target/test-dir/TestContainerPersistence
]]></system-out>
  </testcase>
  <testcase name="testAddingBlockToDeletedContainer" classname="TestContainerPersistence" time="0.151">
    <system-out><![CDATA[2023-05-26 19:30:46,837 [Time-limited test] INFO  volume.HddsVolume (HddsVolume.java:<init>(130)) - Creating HddsVolume: /home/runner/work/ozone/ozone/hadoop-hdds/container-service/target/test-dir/TestContainerPersistence/hdds of storage type : DISK capacity : 9223372036854775807
2023-05-26 19:30:46,838 [Time-limited test] INFO  volume.MutableVolumeSet (MutableVolumeSet.java:initializeVolumeSet(175)) - Added Volume : /home/runner/work/ozone/ozone/hadoop-hdds/container-service/target/test-dir/TestContainerPersistence/hdds to VolumeSet
2023-05-26 19:30:46,977 [Time-limited test] INFO  keyvalue.KeyValueContainer (KeyValueContainer.java:flushAndSyncDB(446)) - Container 1685129446844 is synced with bcsId 0.
2023-05-26 19:30:46,977 [Time-limited test] INFO  keyvalue.KeyValueContainer (KeyValueContainer.java:flushAndSyncDB(446)) - Container 1685129446844 is synced with bcsId 0.
2023-05-26 19:30:46,978 [Time-limited test] INFO  keyvalue.KeyValueContainer (KeyValueContainer.java:close(361)) - Container 1685129446844 is closed with bcsId 0.
2023-05-26 19:30:46,983 [Time-limited test] ERROR utils.ContainerCache (ContainerCache.java:getDB(166)) - Error opening DB. Container:1685129446844 ContainerPath:/home/runner/work/ozone/ozone/hadoop-hdds/container-service/target/test-dir/TestContainerPersistence/hdds/00f82e49-79b1-4abf-8fee-afa54913e9c6/current/containerDir98/1685129446844/metadata/1685129446844-dn-container.db
java.io.IOException: The DB destination directory should exist.
	at org.apache.hadoop.hdds.utils.db.DBStoreBuilder.build(DBStoreBuilder.java:209)
	at org.apache.hadoop.ozone.container.metadata.AbstractDatanodeStore.start(AbstractDatanodeStore.java:153)
	at org.apache.hadoop.ozone.container.metadata.AbstractDatanodeStore.<init>(AbstractDatanodeStore.java:99)
	at org.apache.hadoop.ozone.container.metadata.DatanodeStoreSchemaTwoImpl.<init>(DatanodeStoreSchemaTwoImpl.java:48)
	at org.apache.hadoop.ozone.container.keyvalue.helpers.BlockUtils.getUncachedDatanodeStore(BlockUtils.java:83)
	at org.apache.hadoop.ozone.container.common.utils.ContainerCache.getDB(ContainerCache.java:161)
	at org.apache.hadoop.ozone.container.keyvalue.helpers.BlockUtils.getDB(BlockUtils.java:137)
	at org.apache.hadoop.ozone.container.keyvalue.impl.BlockManagerImpl.persistPutBlock(BlockManagerImpl.java:122)
	at org.apache.hadoop.ozone.container.keyvalue.impl.BlockManagerImpl.putBlock(BlockManagerImpl.java:103)
	at org.apache.hadoop.ozone.container.keyvalue.impl.BlockManagerImpl.putBlock(BlockManagerImpl.java:88)
	at org.apache.hadoop.ozone.container.common.impl.TestContainerPersistence.testAddingBlockToDeletedContainer(TestContainerPersistence.java:296)
	at sun.reflect.NativeMethodAccessorImpl.invoke0(Native Method)
	at sun.reflect.NativeMethodAccessorImpl.invoke(NativeMethodAccessorImpl.java:62)
	at sun.reflect.DelegatingMethodAccessorImpl.invoke(DelegatingMethodAccessorImpl.java:43)
	at java.lang.reflect.Method.invoke(Method.java:498)
	at org.junit.runners.model.FrameworkMethod$1.runReflectiveCall(FrameworkMethod.java:59)
	at org.junit.internal.runners.model.ReflectiveCallable.run(ReflectiveCallable.java:12)
	at org.junit.runners.model.FrameworkMethod.invokeExplosively(FrameworkMethod.java:56)
	at org.junit.internal.runners.statements.InvokeMethod.evaluate(InvokeMethod.java:17)
	at org.junit.internal.runners.statements.RunBefores.evaluate(RunBefores.java:26)
	at org.junit.internal.runners.statements.RunAfters.evaluate(RunAfters.java:27)
	at org.junit.rules.ExpectedException$ExpectedExceptionStatement.evaluate(ExpectedException.java:258)
	at org.junit.internal.runners.statements.FailOnTimeout$CallableStatement.call(FailOnTimeout.java:288)
	at org.junit.internal.runners.statements.FailOnTimeout$CallableStatement.call(FailOnTimeout.java:282)
	at java.util.concurrent.FutureTask.run(FutureTask.java:266)
	at java.lang.Thread.run(Thread.java:750)
2023-05-26 19:30:46,983 [Time-limited test] INFO  impl.TestContainerPersistence (TestContainerPersistence.java:cleanupDir(184)) - Deleting /home/runner/work/ozone/ozone/hadoop-hdds/container-service/target/test-dir/TestContainerPersistence
]]></system-out>
  </testcase>
  <testcase name="testAddingBlockToDeletedContainer" classname="TestContainerPersistence" time="0">
    <skipped type="org.junit.AssumptionViolatedException"><![CDATA[org.junit.AssumptionViolatedException: got: <true>, expected: is <false>
	at org.junit.Assume.assumeThat(Assume.java:106)
	at org.junit.Assume.assumeFalse(Assume.java:57)
	at org.apache.hadoop.ozone.container.common.impl.TestContainerPersistence.testAddingBlockToDeletedContainer(TestContainerPersistence.java:273)
	at sun.reflect.NativeMethodAccessorImpl.invoke0(Native Method)
	at sun.reflect.NativeMethodAccessorImpl.invoke(NativeMethodAccessorImpl.java:62)
	at sun.reflect.DelegatingMethodAccessorImpl.invoke(DelegatingMethodAccessorImpl.java:43)
	at java.lang.reflect.Method.invoke(Method.java:498)
	at org.junit.runners.model.FrameworkMethod$1.runReflectiveCall(FrameworkMethod.java:59)
	at org.junit.internal.runners.model.ReflectiveCallable.run(ReflectiveCallable.java:12)
	at org.junit.runners.model.FrameworkMethod.invokeExplosively(FrameworkMethod.java:56)
	at org.junit.internal.runners.statements.InvokeMethod.evaluate(InvokeMethod.java:17)
	at org.junit.internal.runners.statements.RunBefores.evaluate(RunBefores.java:26)
	at org.junit.internal.runners.statements.RunAfters.evaluate(RunAfters.java:27)
	at org.junit.rules.ExpectedException$ExpectedExceptionStatement.evaluate(ExpectedException.java:258)
	at org.junit.internal.runners.statements.FailOnTimeout$CallableStatement.call(FailOnTimeout.java:288)
	at org.junit.internal.runners.statements.FailOnTimeout$CallableStatement.call(FailOnTimeout.java:282)
	at java.util.concurrent.FutureTask.run(FutureTask.java:266)
	at java.lang.Thread.run(Thread.java:750)
]]></skipped>
    <system-out><![CDATA[2023-05-26 19:30:48,484 [Time-limited test] INFO  volume.HddsVolume (HddsVolume.java:<init>(130)) - Creating HddsVolume: /home/runner/work/ozone/ozone/hadoop-hdds/container-service/target/test-dir/TestContainerPersistence/hdds of storage type : DISK capacity : 9223372036854775807
2023-05-26 19:30:48,486 [Time-limited test] INFO  volume.MutableVolumeSet (MutableVolumeSet.java:initializeVolumeSet(175)) - Added Volume : /home/runner/work/ozone/ozone/hadoop-hdds/container-service/target/test-dir/TestContainerPersistence/hdds to VolumeSet
2023-05-26 19:30:48,526 [Time-limited test] INFO  utils.DatanodeStoreCache (DatanodeStoreCache.java:addDB(66)) - Added db /home/runner/work/ozone/ozone/hadoop-hdds/container-service/target/test-dir/TestContainerPersistence/hdds/00f82e49-79b1-4abf-8fee-afa54913e9c6/DS-c6db07ae-3df5-4857-91cb-72879ec38e7e/container.db to cache
2023-05-26 19:30:48,526 [Time-limited test] INFO  volume.HddsVolume (HddsVolume.java:createDbStore(350)) - SchemaV3 db is created and loaded at /home/runner/work/ozone/ozone/hadoop-hdds/container-service/target/test-dir/TestContainerPersistence/hdds/00f82e49-79b1-4abf-8fee-afa54913e9c6/DS-c6db07ae-3df5-4857-91cb-72879ec38e7e/container.db for volume DS-c6db07ae-3df5-4857-91cb-72879ec38e7e
2023-05-26 19:30:48,527 [Time-limited test] INFO  impl.TestContainerPersistence (TestContainerPersistence.java:cleanupDir(184)) - Deleting /home/runner/work/ozone/ozone/hadoop-hdds/container-service/target/test-dir/TestContainerPersistence
]]></system-out>
  </testcase>
  <testcase name="testAddingBlockToDeletedContainer" classname="TestContainerPersistence" time="0.145">
    <system-out><![CDATA[2023-05-26 19:30:49,929 [Time-limited test] INFO  volume.HddsVolume (HddsVolume.java:<init>(130)) - Creating HddsVolume: /home/runner/work/ozone/ozone/hadoop-hdds/container-service/target/test-dir/TestContainerPersistence/hdds of storage type : DISK capacity : 9223372036854775807
2023-05-26 19:30:49,929 [Time-limited test] INFO  volume.MutableVolumeSet (MutableVolumeSet.java:initializeVolumeSet(175)) - Added Volume : /home/runner/work/ozone/ozone/hadoop-hdds/container-service/target/test-dir/TestContainerPersistence/hdds to VolumeSet
2023-05-26 19:30:50,064 [Time-limited test] INFO  keyvalue.KeyValueContainer (KeyValueContainer.java:flushAndSyncDB(446)) - Container 1685129449940 is synced with bcsId 0.
2023-05-26 19:30:50,064 [Time-limited test] INFO  keyvalue.KeyValueContainer (KeyValueContainer.java:flushAndSyncDB(446)) - Container 1685129449940 is synced with bcsId 0.
2023-05-26 19:30:50,067 [Time-limited test] INFO  keyvalue.KeyValueContainer (KeyValueContainer.java:close(361)) - Container 1685129449940 is closed with bcsId 0.
2023-05-26 19:30:50,071 [Time-limited test] ERROR utils.ContainerCache (ContainerCache.java:getDB(166)) - Error opening DB. Container:1685129449940 ContainerPath:/home/runner/work/ozone/ozone/hadoop-hdds/container-service/target/test-dir/TestContainerPersistence/hdds/00f82e49-79b1-4abf-8fee-afa54913e9c6/current/containerDir104/1685129449940/metadata/1685129449940-dn-container.db
java.io.IOException: The DB destination directory should exist.
	at org.apache.hadoop.hdds.utils.db.DBStoreBuilder.build(DBStoreBuilder.java:209)
	at org.apache.hadoop.ozone.container.metadata.AbstractDatanodeStore.start(AbstractDatanodeStore.java:153)
	at org.apache.hadoop.ozone.container.metadata.AbstractDatanodeStore.<init>(AbstractDatanodeStore.java:99)
	at org.apache.hadoop.ozone.container.metadata.DatanodeStoreSchemaTwoImpl.<init>(DatanodeStoreSchemaTwoImpl.java:48)
	at org.apache.hadoop.ozone.container.keyvalue.helpers.BlockUtils.getUncachedDatanodeStore(BlockUtils.java:83)
	at org.apache.hadoop.ozone.container.common.utils.ContainerCache.getDB(ContainerCache.java:161)
	at org.apache.hadoop.ozone.container.keyvalue.helpers.BlockUtils.getDB(BlockUtils.java:137)
	at org.apache.hadoop.ozone.container.keyvalue.impl.BlockManagerImpl.persistPutBlock(BlockManagerImpl.java:122)
	at org.apache.hadoop.ozone.container.keyvalue.impl.BlockManagerImpl.putBlock(BlockManagerImpl.java:103)
	at org.apache.hadoop.ozone.container.keyvalue.impl.BlockManagerImpl.putBlock(BlockManagerImpl.java:88)
	at org.apache.hadoop.ozone.container.common.impl.TestContainerPersistence.testAddingBlockToDeletedContainer(TestContainerPersistence.java:296)
	at sun.reflect.NativeMethodAccessorImpl.invoke0(Native Method)
	at sun.reflect.NativeMethodAccessorImpl.invoke(NativeMethodAccessorImpl.java:62)
	at sun.reflect.DelegatingMethodAccessorImpl.invoke(DelegatingMethodAccessorImpl.java:43)
	at java.lang.reflect.Method.invoke(Method.java:498)
	at org.junit.runners.model.FrameworkMethod$1.runReflectiveCall(FrameworkMethod.java:59)
	at org.junit.internal.runners.model.ReflectiveCallable.run(ReflectiveCallable.java:12)
	at org.junit.runners.model.FrameworkMethod.invokeExplosively(FrameworkMethod.java:56)
	at org.junit.internal.runners.statements.InvokeMethod.evaluate(InvokeMethod.java:17)
	at org.junit.internal.runners.statements.RunBefores.evaluate(RunBefores.java:26)
	at org.junit.internal.runners.statements.RunAfters.evaluate(RunAfters.java:27)
	at org.junit.rules.ExpectedException$ExpectedExceptionStatement.evaluate(ExpectedException.java:258)
	at org.junit.internal.runners.statements.FailOnTimeout$CallableStatement.call(FailOnTimeout.java:288)
	at org.junit.internal.runners.statements.FailOnTimeout$CallableStatement.call(FailOnTimeout.java:282)
	at java.util.concurrent.FutureTask.run(FutureTask.java:266)
	at java.lang.Thread.run(Thread.java:750)
2023-05-26 19:30:50,072 [Time-limited test] INFO  impl.TestContainerPersistence (TestContainerPersistence.java:cleanupDir(184)) - Deleting /home/runner/work/ozone/ozone/hadoop-hdds/container-service/target/test-dir/TestContainerPersistence
]]></system-out>
  </testcase>
  <testcase name="testAddingBlockToDeletedContainer" classname="TestContainerPersistence" time="0.138">
    <system-out><![CDATA[2023-05-26 19:30:51,331 [Time-limited test] INFO  volume.HddsVolume (HddsVolume.java:<init>(130)) - Creating HddsVolume: /home/runner/work/ozone/ozone/hadoop-hdds/container-service/target/test-dir/TestContainerPersistence/hdds of storage type : DISK capacity : 9223372036854775807
2023-05-26 19:30:51,331 [Time-limited test] INFO  volume.MutableVolumeSet (MutableVolumeSet.java:initializeVolumeSet(175)) - Added Volume : /home/runner/work/ozone/ozone/hadoop-hdds/container-service/target/test-dir/TestContainerPersistence/hdds to VolumeSet
2023-05-26 19:30:51,461 [Time-limited test] INFO  keyvalue.KeyValueContainer (KeyValueContainer.java:flushAndSyncDB(446)) - Container 1685129451337 is synced with bcsId 0.
2023-05-26 19:30:51,461 [Time-limited test] INFO  keyvalue.KeyValueContainer (KeyValueContainer.java:flushAndSyncDB(446)) - Container 1685129451337 is synced with bcsId 0.
2023-05-26 19:30:51,462 [Time-limited test] INFO  keyvalue.KeyValueContainer (KeyValueContainer.java:close(361)) - Container 1685129451337 is closed with bcsId 0.
2023-05-26 19:30:51,466 [Time-limited test] ERROR utils.ContainerCache (ContainerCache.java:getDB(166)) - Error opening DB. Container:1685129451337 ContainerPath:/home/runner/work/ozone/ozone/hadoop-hdds/container-service/target/test-dir/TestContainerPersistence/hdds/00f82e49-79b1-4abf-8fee-afa54913e9c6/current/containerDir107/1685129451337/metadata/1685129451337-dn-container.db
java.io.IOException: The DB destination directory should exist.
	at org.apache.hadoop.hdds.utils.db.DBStoreBuilder.build(DBStoreBuilder.java:209)
	at org.apache.hadoop.ozone.container.metadata.AbstractDatanodeStore.start(AbstractDatanodeStore.java:153)
	at org.apache.hadoop.ozone.container.metadata.AbstractDatanodeStore.<init>(AbstractDatanodeStore.java:99)
	at org.apache.hadoop.ozone.container.metadata.DatanodeStoreSchemaTwoImpl.<init>(DatanodeStoreSchemaTwoImpl.java:48)
	at org.apache.hadoop.ozone.container.keyvalue.helpers.BlockUtils.getUncachedDatanodeStore(BlockUtils.java:83)
	at org.apache.hadoop.ozone.container.common.utils.ContainerCache.getDB(ContainerCache.java:161)
	at org.apache.hadoop.ozone.container.keyvalue.helpers.BlockUtils.getDB(BlockUtils.java:137)
	at org.apache.hadoop.ozone.container.keyvalue.impl.BlockManagerImpl.persistPutBlock(BlockManagerImpl.java:122)
	at org.apache.hadoop.ozone.container.keyvalue.impl.BlockManagerImpl.putBlock(BlockManagerImpl.java:103)
	at org.apache.hadoop.ozone.container.keyvalue.impl.BlockManagerImpl.putBlock(BlockManagerImpl.java:88)
	at org.apache.hadoop.ozone.container.common.impl.TestContainerPersistence.testAddingBlockToDeletedContainer(TestContainerPersistence.java:296)
	at sun.reflect.NativeMethodAccessorImpl.invoke0(Native Method)
	at sun.reflect.NativeMethodAccessorImpl.invoke(NativeMethodAccessorImpl.java:62)
	at sun.reflect.DelegatingMethodAccessorImpl.invoke(DelegatingMethodAccessorImpl.java:43)
	at java.lang.reflect.Method.invoke(Method.java:498)
	at org.junit.runners.model.FrameworkMethod$1.runReflectiveCall(FrameworkMethod.java:59)
	at org.junit.internal.runners.model.ReflectiveCallable.run(ReflectiveCallable.java:12)
	at org.junit.runners.model.FrameworkMethod.invokeExplosively(FrameworkMethod.java:56)
	at org.junit.internal.runners.statements.InvokeMethod.evaluate(InvokeMethod.java:17)
	at org.junit.internal.runners.statements.RunBefores.evaluate(RunBefores.java:26)
	at org.junit.internal.runners.statements.RunAfters.evaluate(RunAfters.java:27)
	at org.junit.rules.ExpectedException$ExpectedExceptionStatement.evaluate(ExpectedException.java:258)
	at org.junit.internal.runners.statements.FailOnTimeout$CallableStatement.call(FailOnTimeout.java:288)
	at org.junit.internal.runners.statements.FailOnTimeout$CallableStatement.call(FailOnTimeout.java:282)
	at java.util.concurrent.FutureTask.run(FutureTask.java:266)
	at java.lang.Thread.run(Thread.java:750)
2023-05-26 19:30:51,467 [Time-limited test] INFO  impl.TestContainerPersistence (TestContainerPersistence.java:cleanupDir(184)) - Deleting /home/runner/work/ozone/ozone/hadoop-hdds/container-service/target/test-dir/TestContainerPersistence
]]></system-out>
  </testcase>
  <testcase name="testAddingBlockToDeletedContainer" classname="TestContainerPersistence" time="0.136">
    <system-out><![CDATA[2023-05-26 19:30:52,700 [Time-limited test] INFO  volume.HddsVolume (HddsVolume.java:<init>(130)) - Creating HddsVolume: /home/runner/work/ozone/ozone/hadoop-hdds/container-service/target/test-dir/TestContainerPersistence/hdds of storage type : DISK capacity : 9223372036854775807
2023-05-26 19:30:52,700 [Time-limited test] INFO  volume.MutableVolumeSet (MutableVolumeSet.java:initializeVolumeSet(175)) - Added Volume : /home/runner/work/ozone/ozone/hadoop-hdds/container-service/target/test-dir/TestContainerPersistence/hdds to VolumeSet
2023-05-26 19:30:52,829 [Time-limited test] INFO  keyvalue.KeyValueContainer (KeyValueContainer.java:flushAndSyncDB(446)) - Container 1685129452707 is synced with bcsId 0.
2023-05-26 19:30:52,830 [Time-limited test] INFO  keyvalue.KeyValueContainer (KeyValueContainer.java:flushAndSyncDB(446)) - Container 1685129452707 is synced with bcsId 0.
2023-05-26 19:30:52,830 [Time-limited test] INFO  keyvalue.KeyValueContainer (KeyValueContainer.java:close(361)) - Container 1685129452707 is closed with bcsId 0.
2023-05-26 19:30:52,834 [Time-limited test] ERROR utils.ContainerCache (ContainerCache.java:getDB(166)) - Error opening DB. Container:1685129452707 ContainerPath:/home/runner/work/ozone/ozone/hadoop-hdds/container-service/target/test-dir/TestContainerPersistence/hdds/00f82e49-79b1-4abf-8fee-afa54913e9c6/current/containerDir110/1685129452707/metadata/1685129452707-dn-container.db
java.io.IOException: The DB destination directory should exist.
	at org.apache.hadoop.hdds.utils.db.DBStoreBuilder.build(DBStoreBuilder.java:209)
	at org.apache.hadoop.ozone.container.metadata.AbstractDatanodeStore.start(AbstractDatanodeStore.java:153)
	at org.apache.hadoop.ozone.container.metadata.AbstractDatanodeStore.<init>(AbstractDatanodeStore.java:99)
	at org.apache.hadoop.ozone.container.metadata.DatanodeStoreSchemaTwoImpl.<init>(DatanodeStoreSchemaTwoImpl.java:48)
	at org.apache.hadoop.ozone.container.keyvalue.helpers.BlockUtils.getUncachedDatanodeStore(BlockUtils.java:83)
	at org.apache.hadoop.ozone.container.common.utils.ContainerCache.getDB(ContainerCache.java:161)
	at org.apache.hadoop.ozone.container.keyvalue.helpers.BlockUtils.getDB(BlockUtils.java:137)
	at org.apache.hadoop.ozone.container.keyvalue.impl.BlockManagerImpl.persistPutBlock(BlockManagerImpl.java:122)
	at org.apache.hadoop.ozone.container.keyvalue.impl.BlockManagerImpl.putBlock(BlockManagerImpl.java:103)
	at org.apache.hadoop.ozone.container.keyvalue.impl.BlockManagerImpl.putBlock(BlockManagerImpl.java:88)
	at org.apache.hadoop.ozone.container.common.impl.TestContainerPersistence.testAddingBlockToDeletedContainer(TestContainerPersistence.java:296)
	at sun.reflect.NativeMethodAccessorImpl.invoke0(Native Method)
	at sun.reflect.NativeMethodAccessorImpl.invoke(NativeMethodAccessorImpl.java:62)
	at sun.reflect.DelegatingMethodAccessorImpl.invoke(DelegatingMethodAccessorImpl.java:43)
	at java.lang.reflect.Method.invoke(Method.java:498)
	at org.junit.runners.model.FrameworkMethod$1.runReflectiveCall(FrameworkMethod.java:59)
	at org.junit.internal.runners.model.ReflectiveCallable.run(ReflectiveCallable.java:12)
	at org.junit.runners.model.FrameworkMethod.invokeExplosively(FrameworkMethod.java:56)
	at org.junit.internal.runners.statements.InvokeMethod.evaluate(InvokeMethod.java:17)
	at org.junit.internal.runners.statements.RunBefores.evaluate(RunBefores.java:26)
	at org.junit.internal.runners.statements.RunAfters.evaluate(RunAfters.java:27)
	at org.junit.rules.ExpectedException$ExpectedExceptionStatement.evaluate(ExpectedException.java:258)
	at org.junit.internal.runners.statements.FailOnTimeout$CallableStatement.call(FailOnTimeout.java:288)
	at org.junit.internal.runners.statements.FailOnTimeout$CallableStatement.call(FailOnTimeout.java:282)
	at java.util.concurrent.FutureTask.run(FutureTask.java:266)
	at java.lang.Thread.run(Thread.java:750)
2023-05-26 19:30:52,835 [Time-limited test] INFO  impl.TestContainerPersistence (TestContainerPersistence.java:cleanupDir(184)) - Deleting /home/runner/work/ozone/ozone/hadoop-hdds/container-service/target/test-dir/TestContainerPersistence
]]></system-out>
  </testcase>
  <testcase name="testAddingBlockToDeletedContainer" classname="TestContainerPersistence" time="0">
    <skipped type="org.junit.AssumptionViolatedException"><![CDATA[org.junit.AssumptionViolatedException: got: <true>, expected: is <false>
	at org.junit.Assume.assumeThat(Assume.java:106)
	at org.junit.Assume.assumeFalse(Assume.java:57)
	at org.apache.hadoop.ozone.container.common.impl.TestContainerPersistence.testAddingBlockToDeletedContainer(TestContainerPersistence.java:273)
	at sun.reflect.NativeMethodAccessorImpl.invoke0(Native Method)
	at sun.reflect.NativeMethodAccessorImpl.invoke(NativeMethodAccessorImpl.java:62)
	at sun.reflect.DelegatingMethodAccessorImpl.invoke(DelegatingMethodAccessorImpl.java:43)
	at java.lang.reflect.Method.invoke(Method.java:498)
	at org.junit.runners.model.FrameworkMethod$1.runReflectiveCall(FrameworkMethod.java:59)
	at org.junit.internal.runners.model.ReflectiveCallable.run(ReflectiveCallable.java:12)
	at org.junit.runners.model.FrameworkMethod.invokeExplosively(FrameworkMethod.java:56)
	at org.junit.internal.runners.statements.InvokeMethod.evaluate(InvokeMethod.java:17)
	at org.junit.internal.runners.statements.RunBefores.evaluate(RunBefores.java:26)
	at org.junit.internal.runners.statements.RunAfters.evaluate(RunAfters.java:27)
	at org.junit.rules.ExpectedException$ExpectedExceptionStatement.evaluate(ExpectedException.java:258)
	at org.junit.internal.runners.statements.FailOnTimeout$CallableStatement.call(FailOnTimeout.java:288)
	at org.junit.internal.runners.statements.FailOnTimeout$CallableStatement.call(FailOnTimeout.java:282)
	at java.util.concurrent.FutureTask.run(FutureTask.java:266)
	at java.lang.Thread.run(Thread.java:750)
]]></skipped>
    <system-out><![CDATA[2023-05-26 19:30:53,640 [Time-limited test] INFO  volume.HddsVolume (HddsVolume.java:<init>(130)) - Creating HddsVolume: /home/runner/work/ozone/ozone/hadoop-hdds/container-service/target/test-dir/TestContainerPersistence/hdds of storage type : DISK capacity : 9223372036854775807
2023-05-26 19:30:53,640 [Time-limited test] INFO  volume.MutableVolumeSet (MutableVolumeSet.java:initializeVolumeSet(175)) - Added Volume : /home/runner/work/ozone/ozone/hadoop-hdds/container-service/target/test-dir/TestContainerPersistence/hdds to VolumeSet
2023-05-26 19:30:53,687 [Time-limited test] INFO  utils.DatanodeStoreCache (DatanodeStoreCache.java:addDB(66)) - Added db /home/runner/work/ozone/ozone/hadoop-hdds/container-service/target/test-dir/TestContainerPersistence/hdds/00f82e49-79b1-4abf-8fee-afa54913e9c6/DS-f32fcfde-af7f-4d44-86f2-7bed076207cc/container.db to cache
2023-05-26 19:30:53,687 [Time-limited test] INFO  volume.HddsVolume (HddsVolume.java:createDbStore(350)) - SchemaV3 db is created and loaded at /home/runner/work/ozone/ozone/hadoop-hdds/container-service/target/test-dir/TestContainerPersistence/hdds/00f82e49-79b1-4abf-8fee-afa54913e9c6/DS-f32fcfde-af7f-4d44-86f2-7bed076207cc/container.db for volume DS-f32fcfde-af7f-4d44-86f2-7bed076207cc
2023-05-26 19:30:53,688 [Time-limited test] INFO  impl.TestContainerPersistence (TestContainerPersistence.java:cleanupDir(184)) - Deleting /home/runner/work/ozone/ozone/hadoop-hdds/container-service/target/test-dir/TestContainerPersistence
]]></system-out>
  </testcase>
</testsuite>