<?xml version="1.0" encoding="UTF-8"?>
<testsuite xmlns:xsi="http://www.w3.org/2001/XMLSchema-instance" xsi:noNamespaceSchemaLocation="https://maven.apache.org/surefire/maven-surefire-plugin/xsd/surefire-test-report-3.0.xsd" version="3.0" name="org.apache.hadoop.ozone.om.TestOzoneManagerHAWithData" time="102.932" tests="5" errors="1" skipped="0" failures="0">
  <properties>
    <property name="awt.toolkit" value="sun.awt.X11.XToolkit"/>
    <property name="file.encoding.pkg" value="sun.io"/>
    <property name="java.specification.version" value="1.8"/>
    <property name="sun.cpu.isalist" value=""/>
    <property name="sun.jnu.encoding" value="UTF-8"/>
    <property name="java.class.path" value="/home/runner/work/ozone/ozone/hadoop-ozone/integration-test/target/test-classes:/home/runner/work/ozone/ozone/hadoop-ozone/integration-test/target/classes:/home/runner/.m2/repository/org/apache/ozone/ozone-common/1.3.0-SNAPSHOT/ozone-common-1.3.0-SNAPSHOT.jar:/home/runner/.m2/repository/io/grpc/grpc-netty/1.48.1/grpc-netty-1.48.1.jar:/home/runner/.m2/repository/io/grpc/grpc-core/1.48.1/grpc-core-1.48.1.jar:/home/runner/.m2/repository/com/google/android/annotations/4.1.1.4/annotations-4.1.1.4.jar:/home/runner/.m2/repository/org/codehaus/mojo/animal-sniffer-annotations/1.21/animal-sniffer-annotations-1.21.jar:/home/runner/.m2/repository/com/google/errorprone/error_prone_annotations/2.2.0/error_prone_annotations-2.2.0.jar:/home/runner/.m2/repository/io/perfmark/perfmark-api/0.25.0/perfmark-api-0.25.0.jar:/home/runner/.m2/repository/io/netty/netty-codec-http2/4.1.79.Final/netty-codec-http2-4.1.79.Final.jar:/home/runner/.m2/repository/io/netty/netty-common/4.1.79.Final/netty-common-4.1.79.Final.jar:/home/runner/.m2/repository/io/netty/netty-buffer/4.1.79.Final/netty-buffer-4.1.79.Final.jar:/home/runner/.m2/repository/io/netty/netty-codec-http/4.1.79.Final/netty-codec-http-4.1.79.Final.jar:/home/runner/.m2/repository/io/netty/netty-handler-proxy/4.1.79.Final/netty-handler-proxy-4.1.79.Final.jar:/home/runner/.m2/repository/io/netty/netty-codec-socks/4.1.79.Final/netty-codec-socks-4.1.79.Final.jar:/home/runner/.m2/repository/io/netty/netty-tcnative-boringssl-static/2.0.53.Final/netty-tcnative-boringssl-static-2.0.53.Final.jar:/home/runner/.m2/repository/io/netty/netty-tcnative-classes/2.0.53.Final/netty-tcnative-classes-2.0.53.Final.jar:/home/runner/.m2/repository/io/netty/netty-tcnative-boringssl-static/2.0.53.Final/netty-tcnative-boringssl-static-2.0.53.Final-linux-x86_64.jar:/home/runner/.m2/repository/io/netty/netty-tcnative-boringssl-static/2.0.53.Final/netty-tcnative-boringssl-static-2.0.53.Final-linux-aarch_64.jar:/home/runner/.m2/repository/io/netty/netty-tcnative-boringssl-static/2.0.53.Final/netty-tcnative-boringssl-static-2.0.53.Final-osx-x86_64.jar:/home/runner/.m2/repository/io/netty/netty-tcnative-boringssl-static/2.0.53.Final/netty-tcnative-boringssl-static-2.0.53.Final-osx-aarch_64.jar:/home/runner/.m2/repository/io/netty/netty-tcnative-boringssl-static/2.0.53.Final/netty-tcnative-boringssl-static-2.0.53.Final-windows-x86_64.jar:/home/runner/.m2/repository/org/apache/commons/commons-compress/1.21/commons-compress-1.21.jar:/home/runner/.m2/repository/org/apache/ozone/hdds-common/1.3.0-SNAPSHOT/hdds-common-1.3.0-SNAPSHOT.jar:/home/runner/.m2/repository/org/apache/ozone/hdds-client/1.3.0-SNAPSHOT/hdds-client-1.3.0-SNAPSHOT.jar:/home/runner/.m2/repository/org/apache/ozone/ozone-interface-client/1.3.0-SNAPSHOT/ozone-interface-client-1.3.0-SNAPSHOT.jar:/home/runner/.m2/repository/org/apache/ozone/hdds-test-utils/1.3.0-SNAPSHOT/hdds-test-utils-1.3.0-SNAPSHOT.jar:/home/runner/.m2/repository/com/google/guava/guava/31.1-jre/guava-31.1-jre.jar:/home/runner/.m2/repository/com/google/guava/failureaccess/1.0.1/failureaccess-1.0.1.jar:/home/runner/.m2/repository/com/google/guava/listenablefuture/9999.0-empty-to-avoid-conflict-with-guava/listenablefuture-9999.0-empty-to-avoid-conflict-with-guava.jar:/home/runner/.m2/repository/com/google/code/findbugs/jsr305/3.0.0/jsr305-3.0.0.jar:/home/runner/.m2/repository/org/checkerframework/checker-qual/3.12.0/checker-qual-3.12.0.jar:/home/runner/.m2/repository/com/google/j2objc/j2objc-annotations/1.3/j2objc-annotations-1.3.jar:/home/runner/.m2/repository/commons-io/commons-io/2.11.0/commons-io-2.11.0.jar:/home/runner/.m2/repository/commons-logging/commons-logging/1.2/commons-logging-1.2.jar:/home/runner/.m2/repository/ch/qos/reload4j/reload4j/1.2.22/reload4j-1.2.22.jar:/home/runner/.m2/repository/org/slf4j/slf4j-api/1.7.36/slf4j-api-1.7.36.jar:/home/runner/.m2/repository/org/apache/ozone/hdds-server-scm/1.3.0-SNAPSHOT/hdds-server-scm-1.3.0-SNAPSHOT.jar:/home/runner/.m2/repository/org/apache/ozone/hdds-container-service/1.3.0-SNAPSHOT/hdds-container-service-1.3.0-SNAPSHOT.jar:/home/runner/.m2/repository/org/apache/ozone/hdds-hadoop-dependency-server/1.3.0-SNAPSHOT/hdds-hadoop-dependency-server-1.3.0-SNAPSHOT.jar:/home/runner/.m2/repository/org/apache/hadoop/hadoop-hdfs/3.3.4/hadoop-hdfs-3.3.4.jar:/home/runner/.m2/repository/org/eclipse/jetty/jetty-util-ajax/9.4.43.v20210629/jetty-util-ajax-9.4.43.v20210629.jar:/home/runner/.m2/repository/commons-daemon/commons-daemon/1.0.13/commons-daemon-1.0.13.jar:/home/runner/.m2/repository/org/apache/ozone/hdds-server-framework/1.3.0-SNAPSHOT/hdds-server-framework-1.3.0-SNAPSHOT.jar:/home/runner/.m2/repository/org/apache/ozone/hdds-interface-server/1.3.0-SNAPSHOT/hdds-interface-server-1.3.0-SNAPSHOT.jar:/home/runner/.m2/repository/org/apache/logging/log4j/log4j-core/2.17.1/log4j-core-2.17.1.jar:/home/runner/.m2/repository/com/lmax/disruptor/3.4.2/disruptor-3.4.2.jar:/home/runner/.m2/repository/org/eclipse/jetty/jetty-servlet/9.4.43.v20210629/jetty-servlet-9.4.43.v20210629.jar:/home/runner/.m2/repository/org/eclipse/jetty/jetty-security/9.4.43.v20210629/jetty-security-9.4.43.v20210629.jar:/home/runner/.m2/repository/org/rocksdb/rocksdbjni/7.4.5/rocksdbjni-7.4.5.jar:/home/runner/.m2/repository/io/prometheus/simpleclient_dropwizard/0.7.0/simpleclient_dropwizard-0.7.0.jar:/home/runner/.m2/repository/io/prometheus/simpleclient/0.7.0/simpleclient-0.7.0.jar:/home/runner/.m2/repository/io/prometheus/simpleclient_common/0.7.0/simpleclient_common-0.7.0.jar:/home/runner/.m2/repository/io/dropwizard/metrics/metrics-core/3.2.4/metrics-core-3.2.4.jar:/home/runner/.m2/repository/org/apache/hadoop/hadoop-hdfs-client/3.3.4/hadoop-hdfs-client-3.3.4.jar:/home/runner/.m2/repository/com/squareup/okhttp3/okhttp/4.9.3/okhttp-4.9.3.jar:/home/runner/.m2/repository/com/squareup/okio/okio/2.8.0/okio-2.8.0.jar:/home/runner/.m2/repository/org/jetbrains/kotlin/kotlin-stdlib-common/1.4.10/kotlin-stdlib-common-1.4.10.jar:/home/runner/.m2/repository/org/bouncycastle/bcprov-jdk15on/1.67/bcprov-jdk15on-1.67.jar:/home/runner/.m2/repository/com/google/protobuf/protobuf-java/2.5.0/protobuf-java-2.5.0.jar:/home/runner/.m2/repository/org/apache/ozone/ozone-manager/1.3.0-SNAPSHOT/ozone-manager-1.3.0-SNAPSHOT.jar:/home/runner/.m2/repository/org/aspectj/aspectjrt/1.9.7/aspectjrt-1.9.7.jar:/home/runner/.m2/repository/org/aspectj/aspectjweaver/1.9.7/aspectjweaver-1.9.7.jar:/home/runner/.m2/repository/org/apache/ozone/hdds-interface-client/1.3.0-SNAPSHOT/hdds-interface-client-1.3.0-SNAPSHOT.jar:/home/runner/.m2/repository/org/apache/hadoop/thirdparty/hadoop-shaded-protobuf_3_7/1.1.1/hadoop-shaded-protobuf_3_7-1.1.1.jar:/home/runner/.m2/repository/org/apache/ozone/ozone-interface-storage/1.3.0-SNAPSHOT/ozone-interface-storage-1.3.0-SNAPSHOT.jar:/home/runner/.m2/repository/org/reflections/reflections/0.9.11/reflections-0.9.11.jar:/home/runner/.m2/repository/com/sun/jersey/jersey-client/1.19/jersey-client-1.19.jar:/home/runner/.m2/repository/org/apache/ranger/ranger-intg/2.3.0/ranger-intg-2.3.0.jar:/home/runner/.m2/repository/org/apache/ranger/ranger-plugins-common/2.3.0/ranger-plugins-common-2.3.0.jar:/home/runner/.m2/repository/commons-lang/commons-lang/2.6/commons-lang-2.6.jar:/home/runner/.m2/repository/org/codehaus/jackson/jackson-jaxrs/1.9.13/jackson-jaxrs-1.9.13.jar:/home/runner/.m2/repository/org/apache/ranger/ranger-plugins-cred/2.3.0/ranger-plugins-cred-2.3.0.jar:/home/runner/.m2/repository/org/apache/ranger/ranger-plugins-audit/2.3.0/ranger-plugins-audit-2.3.0.jar:/home/runner/.m2/repository/org/eclipse/jetty/jetty-client/9.4.31.v20200723/jetty-client-9.4.31.v20200723.jar:/home/runner/.m2/repository/org/apache/httpcomponents/httpmime/4.5.6/httpmime-4.5.6.jar:/home/runner/.m2/repository/org/apache/httpcomponents/httpcore-nio/4.4.6/httpcore-nio-4.4.6.jar:/home/runner/.m2/repository/org/apache/httpcomponents/httpasyncclient/4.1.3/httpasyncclient-4.1.3.jar:/home/runner/.m2/repository/com/carrotsearch/hppc/0.8.0/hppc-0.8.0.jar:/home/runner/.m2/repository/org/apache/orc/orc-core/1.5.8/orc-core-1.5.8.jar:/home/runner/.m2/repository/net/java/dev/jna/jna/5.2.0/jna-5.2.0.jar:/home/runner/.m2/repository/net/java/dev/jna/jna-platform/5.2.0/jna-platform-5.2.0.jar:/home/runner/.m2/repository/com/kstruct/gethostname4j/0.0.2/gethostname4j-0.0.2.jar:/home/runner/.m2/repository/org/apache/ranger/ranger-plugin-classloader/2.3.0/ranger-plugin-classloader-2.3.0.jar:/home/runner/.m2/repository/org/apache/hadoop/hadoop-minikdc/3.3.4/hadoop-minikdc-3.3.4.jar:/home/runner/.m2/repository/org/apache/kerby/kerb-simplekdc/1.0.1/kerb-simplekdc-1.0.1.jar:/home/runner/.m2/repository/org/apache/kerby/kerb-client/1.0.1/kerb-client-1.0.1.jar:/home/runner/.m2/repository/org/apache/kerby/kerby-config/1.0.1/kerby-config-1.0.1.jar:/home/runner/.m2/repository/org/apache/kerby/kerb-common/1.0.1/kerb-common-1.0.1.jar:/home/runner/.m2/repository/org/apache/kerby/kerb-crypto/1.0.1/kerb-crypto-1.0.1.jar:/home/runner/.m2/repository/org/apache/kerby/kerb-util/1.0.1/kerb-util-1.0.1.jar:/home/runner/.m2/repository/org/apache/kerby/token-provider/1.0.1/token-provider-1.0.1.jar:/home/runner/.m2/repository/org/apache/kerby/kerb-admin/1.0.1/kerb-admin-1.0.1.jar:/home/runner/.m2/repository/org/apache/kerby/kerb-server/1.0.1/kerb-server-1.0.1.jar:/home/runner/.m2/repository/org/apache/kerby/kerb-identity/1.0.1/kerb-identity-1.0.1.jar:/home/runner/.m2/repository/org/apache/kerby/kerby-xdr/1.0.1/kerby-xdr-1.0.1.jar:/home/runner/.m2/repository/org/apache/ozone/ozone-s3gateway/1.3.0-SNAPSHOT/ozone-s3gateway-1.3.0-SNAPSHOT.jar:/home/runner/.m2/repository/org/javassist/javassist/3.21.0-GA/javassist-3.21.0-GA.jar:/home/runner/.m2/repository/org/jboss/weld/servlet/weld-servlet/2.4.7.Final/weld-servlet-2.4.7.Final.jar:/home/runner/.m2/repository/org/glassfish/jersey/containers/jersey-container-servlet-core/2.34/jersey-container-servlet-core-2.34.jar:/home/runner/.m2/repository/org/glassfish/hk2/external/jakarta.inject/2.6.1/jakarta.inject-2.6.1.jar:/home/runner/.m2/repository/org/glassfish/jersey/core/jersey-common/2.34/jersey-common-2.34.jar:/home/runner/.m2/repository/jakarta/ws/rs/jakarta.ws.rs-api/2.1.6/jakarta.ws.rs-api-2.1.6.jar:/home/runner/.m2/repository/org/glassfish/jersey/ext/cdi/jersey-cdi1x/2.34/jersey-cdi1x-2.34.jar:/home/runner/.m2/repository/org/glassfish/jersey/inject/jersey-hk2/2.34/jersey-hk2-2.34.jar:/home/runner/.m2/repository/org/glassfish/hk2/hk2-locator/2.6.1/hk2-locator-2.6.1.jar:/home/runner/.m2/repository/org/glassfish/jersey/media/jersey-media-jaxb/2.34/jersey-media-jaxb-2.34.jar:/home/runner/.m2/repository/org/glassfish/hk2/osgi-resource-locator/1.0.3/osgi-resource-locator-1.0.3.jar:/home/runner/.m2/repository/org/glassfish/hk2/hk2-api/2.5.0/hk2-api-2.5.0.jar:/home/runner/.m2/repository/org/glassfish/hk2/hk2-utils/2.5.0/hk2-utils-2.5.0.jar:/home/runner/.m2/repository/org/glassfish/hk2/external/aopalliance-repackaged/2.5.0/aopalliance-repackaged-2.5.0.jar:/home/runner/.m2/repository/com/fasterxml/jackson/dataformat/jackson-dataformat-xml/2.13.4/jackson-dataformat-xml-2.13.4.jar:/home/runner/.m2/repository/com/fasterxml/jackson/core/jackson-core/2.13.4/jackson-core-2.13.4.jar:/home/runner/.m2/repository/org/codehaus/woodstox/stax2-api/3.1.4/stax2-api-3.1.4.jar:/home/runner/.m2/repository/com/fasterxml/woodstox/woodstox-core/5.0.3/woodstox-core-5.0.3.jar:/home/runner/.m2/repository/com/fasterxml/jackson/module/jackson-module-jaxb-annotations/2.13.4/jackson-module-jaxb-annotations-2.13.4.jar:/home/runner/.m2/repository/jakarta/xml/bind/jakarta.xml.bind-api/2.3.3/jakarta.xml.bind-api-2.3.3.jar:/home/runner/.m2/repository/jakarta/activation/jakarta.activation-api/1.2.1/jakarta.activation-api-1.2.1.jar:/home/runner/.m2/repository/javax/enterprise/cdi-api/1.2/cdi-api-1.2.jar:/home/runner/.m2/repository/javax/el/javax.el-api/3.0.0/javax.el-api-3.0.0.jar:/home/runner/.m2/repository/javax/interceptor/javax.interceptor-api/1.2/javax.interceptor-api-1.2.jar:/home/runner/.m2/repository/javax/inject/javax.inject/1/javax.inject-1.jar:/home/runner/.m2/repository/javax/xml/bind/jaxb-api/2.3.0/jaxb-api-2.3.0.jar:/home/runner/.m2/repository/org/glassfish/jaxb/jaxb-runtime/2.3.0.1/jaxb-runtime-2.3.0.1.jar:/home/runner/.m2/repository/org/glassfish/jaxb/jaxb-core/2.3.0.1/jaxb-core-2.3.0.1.jar:/home/runner/.m2/repository/org/glassfish/jaxb/txw2/2.3.0.1/txw2-2.3.0.1.jar:/home/runner/.m2/repository/com/sun/istack/istack-commons-runtime/3.0.5/istack-commons-runtime-3.0.5.jar:/home/runner/.m2/repository/org/jvnet/staxex/stax-ex/1.7.8/stax-ex-1.7.8.jar:/home/runner/.m2/repository/com/sun/xml/fastinfoset/FastInfoset/1.2.13/FastInfoset-1.2.13.jar:/home/runner/.m2/repository/javax/activation/activation/1.1.1/activation-1.1.1.jar:/home/runner/.m2/repository/io/grpc/grpc-protobuf/1.48.1/grpc-protobuf-1.48.1.jar:/home/runner/.m2/repository/io/grpc/grpc-api/1.48.1/grpc-api-1.48.1.jar:/home/runner/.m2/repository/io/grpc/grpc-context/1.48.1/grpc-context-1.48.1.jar:/home/runner/.m2/repository/com/google/api/grpc/proto-google-common-protos/2.9.0/proto-google-common-protos-2.9.0.jar:/home/runner/.m2/repository/io/grpc/grpc-protobuf-lite/1.48.1/grpc-protobuf-lite-1.48.1.jar:/home/runner/.m2/repository/io/grpc/grpc-stub/1.48.1/grpc-stub-1.48.1.jar:/home/runner/.m2/repository/io/netty/netty-transport/4.1.79.Final/netty-transport-4.1.79.Final.jar:/home/runner/.m2/repository/io/netty/netty-resolver/4.1.79.Final/netty-resolver-4.1.79.Final.jar:/home/runner/.m2/repository/org/apache/ozone/ozone-csi/1.3.0-SNAPSHOT/ozone-csi-1.3.0-SNAPSHOT.jar:/home/runner/.m2/repository/com/google/protobuf/protobuf-java-util/3.19.2/protobuf-java-util-3.19.2.jar:/home/runner/.m2/repository/com/google/code/gson/gson/2.9.0/gson-2.9.0.jar:/home/runner/.m2/repository/org/apache/ozone/hdds-config/1.3.0-SNAPSHOT/hdds-config-1.3.0-SNAPSHOT.jar:/home/runner/.m2/repository/io/netty/netty-transport-native-epoll/4.1.79.Final/netty-transport-native-epoll-4.1.79.Final-linux-x86_64.jar:/home/runner/.m2/repository/io/netty/netty-transport-classes-epoll/4.1.79.Final/netty-transport-classes-epoll-4.1.79.Final.jar:/home/runner/.m2/repository/io/netty/netty-transport-native-unix-common/4.1.79.Final/netty-transport-native-unix-common-4.1.79.Final.jar:/home/runner/.m2/repository/org/slf4j/slf4j-reload4j/1.7.36/slf4j-reload4j-1.7.36.jar:/home/runner/.m2/repository/org/apache/ozone/ozone-recon/1.3.0-SNAPSHOT/ozone-recon-1.3.0-SNAPSHOT.jar:/home/runner/.m2/repository/org/apache/ozone/ozone-reconcodegen/1.3.0-SNAPSHOT/ozone-reconcodegen-1.3.0-SNAPSHOT.jar:/home/runner/.m2/repository/com/google/inject/extensions/guice-multibindings/4.0/guice-multibindings-4.0.jar:/home/runner/.m2/repository/com/google/inject/guice/4.0/guice-4.0.jar:/home/runner/.m2/repository/aopalliance/aopalliance/1.0/aopalliance-1.0.jar:/home/runner/.m2/repository/com/google/inject/extensions/guice-assistedinject/4.0/guice-assistedinject-4.0.jar:/home/runner/.m2/repository/com/google/inject/extensions/guice-servlet/4.0/guice-servlet-4.0.jar:/home/runner/.m2/repository/org/glassfish/jersey/containers/jersey-container-servlet/2.34/jersey-container-servlet-2.34.jar:/home/runner/.m2/repository/org/glassfish/hk2/guice-bridge/2.5.0/guice-bridge-2.5.0.jar:/home/runner/.m2/repository/org/glassfish/jersey/core/jersey-server/2.34/jersey-server-2.34.jar:/home/runner/.m2/repository/org/glassfish/jersey/core/jersey-client/2.34/jersey-client-2.34.jar:/home/runner/.m2/repository/jakarta/annotation/jakarta.annotation-api/1.3.5/jakarta.annotation-api-1.3.5.jar:/home/runner/.m2/repository/jakarta/validation/jakarta.validation-api/2.0.2/jakarta.validation-api-2.0.2.jar:/home/runner/.m2/repository/org/glassfish/jersey/media/jersey-media-json-jackson/2.34/jersey-media-json-jackson-2.34.jar:/home/runner/.m2/repository/org/glassfish/jersey/ext/jersey-entity-filtering/2.34/jersey-entity-filtering-2.34.jar:/home/runner/.m2/repository/org/jooq/jooq/3.11.10/jooq-3.11.10.jar:/home/runner/.m2/repository/org/jooq/jooq-meta/3.11.10/jooq-meta-3.11.10.jar:/home/runner/.m2/repository/org/jooq/jooq-codegen/3.11.10/jooq-codegen-3.11.10.jar:/home/runner/.m2/repository/com/jolbox/bonecp/0.8.0.RELEASE/bonecp-0.8.0.RELEASE.jar:/home/runner/.m2/repository/org/apache/derby/derby/10.14.2.0/derby-10.14.2.0.jar:/home/runner/.m2/repository/org/xerial/sqlite-jdbc/3.25.2/sqlite-jdbc-3.25.2.jar:/home/runner/.m2/repository/org/springframework/spring-jdbc/5.2.20.RELEASE/spring-jdbc-5.2.20.RELEASE.jar:/home/runner/.m2/repository/org/springframework/spring-beans/5.2.20.RELEASE/spring-beans-5.2.20.RELEASE.jar:/home/runner/.m2/repository/org/springframework/spring-core/5.2.20.RELEASE/spring-core-5.2.20.RELEASE.jar:/home/runner/.m2/repository/org/springframework/spring-jcl/5.2.20.RELEASE/spring-jcl-5.2.20.RELEASE.jar:/home/runner/.m2/repository/org/springframework/spring-tx/5.2.20.RELEASE/spring-tx-5.2.20.RELEASE.jar:/home/runner/.m2/repository/org/apache/ozone/ozone-client/1.3.0-SNAPSHOT/ozone-client-1.3.0-SNAPSHOT.jar:/home/runner/.m2/repository/org/apache/ozone/hdds-erasurecode/1.3.0-SNAPSHOT/hdds-erasurecode-1.3.0-SNAPSHOT.jar:/home/runner/.m2/repository/com/github/spotbugs/spotbugs-annotations/3.1.12/spotbugs-annotations-3.1.12.jar:/home/runner/.m2/repository/org/apache/ozone/ozone-filesystem/1.3.0-SNAPSHOT/ozone-filesystem-1.3.0-SNAPSHOT.jar:/home/runner/.m2/repository/org/apache/ozone/ozone-filesystem-common/1.3.0-SNAPSHOT/ozone-filesystem-common-1.3.0-SNAPSHOT.jar:/home/runner/.m2/repository/org/apache/ozone/ozone-tools/1.3.0-SNAPSHOT/ozone-tools-1.3.0-SNAPSHOT.jar:/home/runner/.m2/repository/org/apache/ratis/ratis-tools/2.3.0/ratis-tools-2.3.0.jar:/home/runner/.m2/repository/com/amazonaws/aws-java-sdk-core/1.12.261/aws-java-sdk-core-1.12.261.jar:/home/runner/.m2/repository/org/apache/httpcomponents/httpclient/4.5.13/httpclient-4.5.13.jar:/home/runner/.m2/repository/org/apache/httpcomponents/httpcore/4.4.13/httpcore-4.4.13.jar:/home/runner/.m2/repository/software/amazon/ion/ion-java/1.0.2/ion-java-1.0.2.jar:/home/runner/.m2/repository/com/fasterxml/jackson/dataformat/jackson-dataformat-cbor/2.13.4/jackson-dataformat-cbor-2.13.4.jar:/home/runner/.m2/repository/joda-time/joda-time/2.8.1/joda-time-2.8.1.jar:/home/runner/.m2/repository/com/amazonaws/aws-java-sdk-s3/1.12.261/aws-java-sdk-s3-1.12.261.jar:/home/runner/.m2/repository/com/amazonaws/aws-java-sdk-kms/1.12.261/aws-java-sdk-kms-1.12.261.jar:/home/runner/.m2/repository/com/amazonaws/jmespath-java/1.12.261/jmespath-java-1.12.261.jar:/home/runner/.m2/repository/org/kohsuke/metainf-services/metainf-services/1.8/metainf-services-1.8.jar:/home/runner/.m2/repository/org/apache/ozone/hdds-tools/1.3.0-SNAPSHOT/hdds-tools-1.3.0-SNAPSHOT.jar:/home/runner/.m2/repository/commons-cli/commons-cli/1.2/commons-cli-1.2.jar:/home/runner/.m2/repository/org/apache/commons/commons-lang3/3.7/commons-lang3-3.7.jar:/home/runner/.m2/repository/org/apache/ozone/ozone-manager/1.3.0-SNAPSHOT/ozone-manager-1.3.0-SNAPSHOT-tests.jar:/home/runner/.m2/repository/org/apache/ozone/hdds-common/1.3.0-SNAPSHOT/hdds-common-1.3.0-SNAPSHOT-tests.jar:/home/runner/.m2/repository/org/apache/ozone/hdds-hadoop-dependency-client/1.3.0-SNAPSHOT/hdds-hadoop-dependency-client-1.3.0-SNAPSHOT.jar:/home/runner/.m2/repository/info/picocli/picocli/4.6.1/picocli-4.6.1.jar:/home/runner/.m2/repository/com/fasterxml/jackson/core/jackson-annotations/2.13.4/jackson-annotations-2.13.4.jar:/home/runner/.m2/repository/com/fasterxml/jackson/datatype/jackson-datatype-jsr310/2.13.4/jackson-datatype-jsr310-2.13.4.jar:/home/runner/.m2/repository/org/apache/ozone/hdds-annotation-processing/1.3.0-SNAPSHOT/hdds-annotation-processing-1.3.0-SNAPSHOT.jar:/home/runner/.m2/repository/javax/annotation/javax.annotation-api/1.2/javax.annotation-api-1.2.jar:/home/runner/.m2/repository/org/apache/ratis/ratis-server/2.3.0/ratis-server-2.3.0.jar:/home/runner/.m2/repository/org/apache/ratis/ratis-client/2.3.0/ratis-client-2.3.0.jar:/home/runner/.m2/repository/org/apache/ratis/ratis-server-api/2.3.0/ratis-server-api-2.3.0.jar:/home/runner/.m2/repository/org/apache/ratis/ratis-metrics/2.3.0/ratis-metrics-2.3.0.jar:/home/runner/.m2/repository/org/apache/ratis/ratis-netty/2.3.0/ratis-netty-2.3.0.jar:/home/runner/.m2/repository/org/apache/ratis/ratis-grpc/2.3.0/ratis-grpc-2.3.0.jar:/home/runner/.m2/repository/org/apache/logging/log4j/log4j-api/2.17.1/log4j-api-2.17.1.jar:/home/runner/.m2/repository/org/apache/commons/commons-pool2/2.6.0/commons-pool2-2.6.0.jar:/home/runner/.m2/repository/org/bouncycastle/bcpkix-jdk15on/1.67/bcpkix-jdk15on-1.67.jar:/home/runner/.m2/repository/commons-validator/commons-validator/1.6/commons-validator-1.6.jar:/home/runner/.m2/repository/commons-beanutils/commons-beanutils/1.9.4/commons-beanutils-1.9.4.jar:/home/runner/.m2/repository/commons-digester/commons-digester/1.8.1/commons-digester-1.8.1.jar:/home/runner/.m2/repository/commons-collections/commons-collections/3.2.2/commons-collections-3.2.2.jar:/home/runner/.m2/repository/io/jaegertracing/jaeger-client/1.6.0/jaeger-client-1.6.0.jar:/home/runner/.m2/repository/io/jaegertracing/jaeger-thrift/1.6.0/jaeger-thrift-1.6.0.jar:/home/runner/.m2/repository/org/apache/thrift/libthrift/0.14.1/libthrift-0.14.1.jar:/home/runner/.m2/repository/io/jaegertracing/jaeger-core/1.6.0/jaeger-core-1.6.0.jar:/home/runner/.m2/repository/io/jaegertracing/jaeger-tracerresolver/1.6.0/jaeger-tracerresolver-1.6.0.jar:/home/runner/.m2/repository/io/opentracing/contrib/opentracing-tracerresolver/0.1.8/opentracing-tracerresolver-0.1.8.jar:/home/runner/.m2/repository/org/jetbrains/kotlin/kotlin-stdlib/1.6.21/kotlin-stdlib-1.6.21.jar:/home/runner/.m2/repository/org/jetbrains/annotations/13.0/annotations-13.0.jar:/home/runner/.m2/repository/io/opentracing/opentracing-util/0.33.0/opentracing-util-0.33.0.jar:/home/runner/.m2/repository/io/opentracing/opentracing-api/0.33.0/opentracing-api-0.33.0.jar:/home/runner/.m2/repository/io/opentracing/opentracing-noop/0.33.0/opentracing-noop-0.33.0.jar:/home/runner/.m2/repository/org/yaml/snakeyaml/1.32/snakeyaml-1.32.jar:/home/runner/.m2/repository/org/apache/ozone/hdds-interface-admin/1.3.0-SNAPSHOT/hdds-interface-admin-1.3.0-SNAPSHOT.jar:/home/runner/.m2/repository/junit/junit/4.13.1/junit-4.13.1.jar:/home/runner/.m2/repository/org/hamcrest/hamcrest-core/1.3/hamcrest-core-1.3.jar:/home/runner/.m2/repository/org/junit/jupiter/junit-jupiter-api/5.8.2/junit-jupiter-api-5.8.2.jar:/home/runner/.m2/repository/org/opentest4j/opentest4j/1.2.0/opentest4j-1.2.0.jar:/home/runner/.m2/repository/org/junit/platform/junit-platform-commons/1.8.2/junit-platform-commons-1.8.2.jar:/home/runner/.m2/repository/org/apiguardian/apiguardian-api/1.1.2/apiguardian-api-1.1.2.jar:/home/runner/.m2/repository/org/junit/jupiter/junit-jupiter-params/5.8.2/junit-jupiter-params-5.8.2.jar:/home/runner/.m2/repository/org/junit/jupiter/junit-jupiter-migrationsupport/5.8.2/junit-jupiter-migrationsupport-5.8.2.jar:/home/runner/.m2/repository/org/junit/jupiter/junit-jupiter-engine/5.8.2/junit-jupiter-engine-5.8.2.jar:/home/runner/.m2/repository/org/junit/platform/junit-platform-engine/1.8.2/junit-platform-engine-1.8.2.jar:/home/runner/.m2/repository/org/junit/vintage/junit-vintage-engine/5.8.2/junit-vintage-engine-5.8.2.jar:/home/runner/.m2/repository/org/junit/platform/junit-platform-launcher/1.8.2/junit-platform-launcher-1.8.2.jar:/home/runner/.m2/repository/org/mockito/mockito-core/2.28.2/mockito-core-2.28.2.jar:/home/runner/.m2/repository/net/bytebuddy/byte-buddy/1.9.10/byte-buddy-1.9.10.jar:/home/runner/.m2/repository/net/bytebuddy/byte-buddy-agent/1.9.10/byte-buddy-agent-1.9.10.jar:/home/runner/.m2/repository/org/objenesis/objenesis/1.0/objenesis-1.0.jar:/home/runner/.m2/repository/org/apache/hadoop/hadoop-kms/3.3.4/hadoop-kms-3.3.4.jar:/home/runner/.m2/repository/org/apache/hadoop/hadoop-auth/3.3.4/hadoop-auth-3.3.4.jar:/home/runner/.m2/repository/com/nimbusds/nimbus-jose-jwt/7.9/nimbus-jose-jwt-7.9.jar:/home/runner/.m2/repository/com/github/stephenc/jcip/jcip-annotations/1.0-1/jcip-annotations-1.0-1.jar:/home/runner/.m2/repository/net/minidev/json-smart/2.4.7/json-smart-2.4.7.jar:/home/runner/.m2/repository/net/minidev/accessors-smart/2.4.7/accessors-smart-2.4.7.jar:/home/runner/.m2/repository/org/ow2/asm/asm/5.0.4/asm-5.0.4.jar:/home/runner/.m2/repository/org/apache/zookeeper/zookeeper/3.5.6/zookeeper-3.5.6.jar:/home/runner/.m2/repository/org/apache/zookeeper/zookeeper-jute/3.5.6/zookeeper-jute-3.5.6.jar:/home/runner/.m2/repository/org/apache/yetus/audience-annotations/0.5.0/audience-annotations-0.5.0.jar:/home/runner/.m2/repository/org/apache/curator/curator-framework/4.2.0/curator-framework-4.2.0.jar:/home/runner/.m2/repository/org/apache/hadoop/thirdparty/hadoop-shaded-guava/1.1.1/hadoop-shaded-guava-1.1.1.jar:/home/runner/.m2/repository/com/sun/jersey/jersey-core/1.19/jersey-core-1.19.jar:/home/runner/.m2/repository/javax/ws/rs/jsr311-api/1.1.1/jsr311-api-1.1.1.jar:/home/runner/.m2/repository/com/sun/jersey/jersey-server/1.19/jersey-server-1.19.jar:/home/runner/.m2/repository/javax/servlet/javax.servlet-api/3.1.0/javax.servlet-api-3.1.0.jar:/home/runner/.m2/repository/org/eclipse/jetty/jetty-server/9.4.43.v20210629/jetty-server-9.4.43.v20210629.jar:/home/runner/.m2/repository/org/eclipse/jetty/jetty-http/9.4.43.v20210629/jetty-http-9.4.43.v20210629.jar:/home/runner/.m2/repository/org/eclipse/jetty/jetty-io/9.4.43.v20210629/jetty-io-9.4.43.v20210629.jar:/home/runner/.m2/repository/org/eclipse/jetty/jetty-webapp/9.4.43.v20210629/jetty-webapp-9.4.43.v20210629.jar:/home/runner/.m2/repository/org/eclipse/jetty/jetty-xml/9.4.43.v20210629/jetty-xml-9.4.43.v20210629.jar:/home/runner/.m2/repository/org/apache/hadoop/hadoop-common/3.3.4/hadoop-common-3.3.4.jar:/home/runner/.m2/repository/org/apache/commons/commons-math3/3.1.1/commons-math3-3.1.1.jar:/home/runner/.m2/repository/commons-net/commons-net/3.6/commons-net-3.6.jar:/home/runner/.m2/repository/com/sun/jersey/jersey-servlet/1.19/jersey-servlet-1.19.jar:/home/runner/.m2/repository/com/sun/jersey/jersey-json/1.19/jersey-json-1.19.jar:/home/runner/.m2/repository/org/codehaus/jettison/jettison/1.1/jettison-1.1.jar:/home/runner/.m2/repository/com/sun/xml/bind/jaxb-impl/2.2.3-1/jaxb-impl-2.2.3-1.jar:/home/runner/.m2/repository/org/codehaus/jackson/jackson-xc/1.9.2/jackson-xc-1.9.2.jar:/home/runner/.m2/repository/org/apache/commons/commons-configuration2/2.1.1/commons-configuration2-2.1.1.jar:/home/runner/.m2/repository/org/apache/commons/commons-text/1.4/commons-text-1.4.jar:/home/runner/.m2/repository/com/google/re2j/re2j/1.1/re2j-1.1.jar:/home/runner/.m2/repository/com/jcraft/jsch/0.1.54/jsch-0.1.54.jar:/home/runner/.m2/repository/org/apache/curator/curator-client/4.2.0/curator-client-4.2.0.jar:/home/runner/.m2/repository/org/apache/curator/curator-recipes/4.2.0/curator-recipes-4.2.0.jar:/home/runner/.m2/repository/org/apache/kerby/kerb-core/1.0.1/kerb-core-1.0.1.jar:/home/runner/.m2/repository/org/apache/kerby/kerby-pkix/1.0.1/kerby-pkix-1.0.1.jar:/home/runner/.m2/repository/org/apache/kerby/kerby-asn1/1.0.1/kerby-asn1-1.0.1.jar:/home/runner/.m2/repository/org/apache/kerby/kerby-util/1.0.1/kerby-util-1.0.1.jar:/home/runner/.m2/repository/dnsjava/dnsjava/2.1.7/dnsjava-2.1.7.jar:/home/runner/.m2/repository/org/xerial/snappy/snappy-java/1.1.8.2/snappy-java-1.1.8.2.jar:/home/runner/.m2/repository/org/eclipse/jetty/jetty-util/9.4.43.v20210629/jetty-util-9.4.43.v20210629.jar:/home/runner/.m2/repository/com/fasterxml/jackson/core/jackson-databind/2.13.4.2/jackson-databind-2.13.4.2.jar:/home/runner/.m2/repository/org/apache/hadoop/hadoop-kms/3.3.4/hadoop-kms-3.3.4-tests.jar:/home/runner/.m2/repository/org/apache/ozone/hdds-server-scm/1.3.0-SNAPSHOT/hdds-server-scm-1.3.0-SNAPSHOT-tests.jar:/home/runner/.m2/repository/org/apache/ozone/hdds-container-service/1.3.0-SNAPSHOT/hdds-container-service-1.3.0-SNAPSHOT-tests.jar:/home/runner/.m2/repository/commons-codec/commons-codec/1.11/commons-codec-1.11.jar:/home/runner/.m2/repository/io/netty/netty-codec/4.1.79.Final/netty-codec-4.1.79.Final.jar:/home/runner/.m2/repository/io/netty/netty-handler/4.1.79.Final/netty-handler-4.1.79.Final.jar:/home/runner/.m2/repository/org/apache/ozone/hdds-hadoop-dependency-test/1.3.0-SNAPSHOT/hdds-hadoop-dependency-test-1.3.0-SNAPSHOT.jar:/home/runner/.m2/repository/org/apache/hadoop/hadoop-common/3.3.4/hadoop-common-3.3.4-tests.jar:/home/runner/.m2/repository/org/apache/hadoop/hadoop-hdfs/3.3.4/hadoop-hdfs-3.3.4-tests.jar:/home/runner/.m2/repository/org/assertj/assertj-core/3.12.2/assertj-core-3.12.2.jar:/home/runner/.m2/repository/org/apache/hadoop/hadoop-distcp/3.3.4/hadoop-distcp-3.3.4.jar:/home/runner/.m2/repository/org/apache/hadoop/hadoop-mapreduce-client-jobclient/3.3.4/hadoop-mapreduce-client-jobclient-3.3.4.jar:/home/runner/.m2/repository/org/apache/hadoop/hadoop-mapreduce-client-common/3.3.4/hadoop-mapreduce-client-common-3.3.4.jar:/home/runner/.m2/repository/org/apache/hadoop/hadoop-yarn-common/3.3.4/hadoop-yarn-common-3.3.4.jar:/home/runner/.m2/repository/org/apache/hadoop/hadoop-yarn-api/3.3.4/hadoop-yarn-api-3.3.4.jar:/home/runner/.m2/repository/com/sun/jersey/contribs/jersey-guice/1.19/jersey-guice-1.19.jar:/home/runner/.m2/repository/com/fasterxml/jackson/jaxrs/jackson-jaxrs-json-provider/2.13.4/jackson-jaxrs-json-provider-2.13.4.jar:/home/runner/.m2/repository/com/fasterxml/jackson/jaxrs/jackson-jaxrs-base/2.13.4/jackson-jaxrs-base-2.13.4.jar:/home/runner/.m2/repository/org/apache/hadoop/hadoop-yarn-client/3.3.4/hadoop-yarn-client-3.3.4.jar:/home/runner/.m2/repository/org/eclipse/jetty/websocket/websocket-client/9.4.43.v20210629/websocket-client-9.4.43.v20210629.jar:/home/runner/.m2/repository/org/eclipse/jetty/websocket/websocket-common/9.4.43.v20210629/websocket-common-9.4.43.v20210629.jar:/home/runner/.m2/repository/org/eclipse/jetty/websocket/websocket-api/9.4.43.v20210629/websocket-api-9.4.43.v20210629.jar:/home/runner/.m2/repository/org/jline/jline/3.9.0/jline-3.9.0.jar:/home/runner/.m2/repository/org/apache/hadoop/hadoop-mapreduce-client-core/3.3.4/hadoop-mapreduce-client-core-3.3.4.jar:/home/runner/.m2/repository/org/apache/avro/avro/1.7.7/avro-1.7.7.jar:/home/runner/.m2/repository/org/codehaus/jackson/jackson-core-asl/1.9.13/jackson-core-asl-1.9.13.jar:/home/runner/.m2/repository/org/codehaus/jackson/jackson-mapper-asl/1.9.13/jackson-mapper-asl-1.9.13.jar:/home/runner/.m2/repository/com/thoughtworks/paranamer/paranamer/2.3/paranamer-2.3.jar:/home/runner/.m2/repository/org/apache/hadoop/hadoop-annotations/3.3.4/hadoop-annotations-3.3.4.jar:/usr/lib/jvm/temurin-8-jdk-amd64/jre/../lib/tools.jar:/home/runner/.m2/repository/io/netty/netty/3.10.6.Final/netty-3.10.6.Final.jar:/home/runner/.m2/repository/org/apache/hadoop/hadoop-distcp/3.3.4/hadoop-distcp-3.3.4-tests.jar:/home/runner/.m2/repository/org/slf4j/jul-to-slf4j/1.7.36/jul-to-slf4j-1.7.36.jar:/home/runner/.m2/repository/org/apache/ratis/ratis-common/2.3.0/ratis-common-2.3.0.jar:/home/runner/.m2/repository/org/apache/ratis/ratis-thirdparty-misc/1.0.0/ratis-thirdparty-misc-1.0.0.jar:/home/runner/.m2/repository/org/apache/ratis/ratis-proto/2.3.0/ratis-proto-2.3.0.jar:"/>
    <property name="java.vm.vendor" value="Temurin"/>
    <property name="sun.arch.data.model" value="64"/>
    <property name="test.build.dir" value="/home/runner/work/ozone/ozone/hadoop-ozone/integration-test/target/test-dir"/>
    <property name="test.cache.data" value=""/>
    <property name="java.vendor.url" value="https://adoptium.net/"/>
    <property name="user.timezone" value="Etc/UTC"/>
    <property name="java.vm.specification.version" value="1.8"/>
    <property name="os.name" value="Linux"/>
    <property name="test.build.data" value="/home/runner/work/ozone/ozone/hadoop-ozone/integration-test/target/test-dir"/>
    <property name="sun.java.launcher" value="SUN_STANDARD"/>
    <property name="sun.boot.library.path" value="/usr/lib/jvm/temurin-8-jdk-amd64/jre/lib/amd64"/>
    <property name="sun.java.command" value="/home/runner/work/ozone/ozone/hadoop-ozone/integration-test/target/surefire/surefirebooter286429867118264891.jar /home/runner/work/ozone/ozone/hadoop-ozone/integration-test/target/surefire 2022-10-18T06-16-36_884-jvmRun1 surefire970288624114457890tmp surefire_178447311653160397361tmp"/>
    <property name="surefire.test.class.path" value="/home/runner/work/ozone/ozone/hadoop-ozone/integration-test/target/test-classes:/home/runner/work/ozone/ozone/hadoop-ozone/integration-test/target/classes:/home/runner/.m2/repository/org/apache/ozone/ozone-common/1.3.0-SNAPSHOT/ozone-common-1.3.0-SNAPSHOT.jar:/home/runner/.m2/repository/io/grpc/grpc-netty/1.48.1/grpc-netty-1.48.1.jar:/home/runner/.m2/repository/io/grpc/grpc-core/1.48.1/grpc-core-1.48.1.jar:/home/runner/.m2/repository/com/google/android/annotations/4.1.1.4/annotations-4.1.1.4.jar:/home/runner/.m2/repository/org/codehaus/mojo/animal-sniffer-annotations/1.21/animal-sniffer-annotations-1.21.jar:/home/runner/.m2/repository/com/google/errorprone/error_prone_annotations/2.2.0/error_prone_annotations-2.2.0.jar:/home/runner/.m2/repository/io/perfmark/perfmark-api/0.25.0/perfmark-api-0.25.0.jar:/home/runner/.m2/repository/io/netty/netty-codec-http2/4.1.79.Final/netty-codec-http2-4.1.79.Final.jar:/home/runner/.m2/repository/io/netty/netty-common/4.1.79.Final/netty-common-4.1.79.Final.jar:/home/runner/.m2/repository/io/netty/netty-buffer/4.1.79.Final/netty-buffer-4.1.79.Final.jar:/home/runner/.m2/repository/io/netty/netty-codec-http/4.1.79.Final/netty-codec-http-4.1.79.Final.jar:/home/runner/.m2/repository/io/netty/netty-handler-proxy/4.1.79.Final/netty-handler-proxy-4.1.79.Final.jar:/home/runner/.m2/repository/io/netty/netty-codec-socks/4.1.79.Final/netty-codec-socks-4.1.79.Final.jar:/home/runner/.m2/repository/io/netty/netty-tcnative-boringssl-static/2.0.53.Final/netty-tcnative-boringssl-static-2.0.53.Final.jar:/home/runner/.m2/repository/io/netty/netty-tcnative-classes/2.0.53.Final/netty-tcnative-classes-2.0.53.Final.jar:/home/runner/.m2/repository/io/netty/netty-tcnative-boringssl-static/2.0.53.Final/netty-tcnative-boringssl-static-2.0.53.Final-linux-x86_64.jar:/home/runner/.m2/repository/io/netty/netty-tcnative-boringssl-static/2.0.53.Final/netty-tcnative-boringssl-static-2.0.53.Final-linux-aarch_64.jar:/home/runner/.m2/repository/io/netty/netty-tcnative-boringssl-static/2.0.53.Final/netty-tcnative-boringssl-static-2.0.53.Final-osx-x86_64.jar:/home/runner/.m2/repository/io/netty/netty-tcnative-boringssl-static/2.0.53.Final/netty-tcnative-boringssl-static-2.0.53.Final-osx-aarch_64.jar:/home/runner/.m2/repository/io/netty/netty-tcnative-boringssl-static/2.0.53.Final/netty-tcnative-boringssl-static-2.0.53.Final-windows-x86_64.jar:/home/runner/.m2/repository/org/apache/commons/commons-compress/1.21/commons-compress-1.21.jar:/home/runner/.m2/repository/org/apache/ozone/hdds-common/1.3.0-SNAPSHOT/hdds-common-1.3.0-SNAPSHOT.jar:/home/runner/.m2/repository/org/apache/ozone/hdds-client/1.3.0-SNAPSHOT/hdds-client-1.3.0-SNAPSHOT.jar:/home/runner/.m2/repository/org/apache/ozone/ozone-interface-client/1.3.0-SNAPSHOT/ozone-interface-client-1.3.0-SNAPSHOT.jar:/home/runner/.m2/repository/org/apache/ozone/hdds-test-utils/1.3.0-SNAPSHOT/hdds-test-utils-1.3.0-SNAPSHOT.jar:/home/runner/.m2/repository/com/google/guava/guava/31.1-jre/guava-31.1-jre.jar:/home/runner/.m2/repository/com/google/guava/failureaccess/1.0.1/failureaccess-1.0.1.jar:/home/runner/.m2/repository/com/google/guava/listenablefuture/9999.0-empty-to-avoid-conflict-with-guava/listenablefuture-9999.0-empty-to-avoid-conflict-with-guava.jar:/home/runner/.m2/repository/com/google/code/findbugs/jsr305/3.0.0/jsr305-3.0.0.jar:/home/runner/.m2/repository/org/checkerframework/checker-qual/3.12.0/checker-qual-3.12.0.jar:/home/runner/.m2/repository/com/google/j2objc/j2objc-annotations/1.3/j2objc-annotations-1.3.jar:/home/runner/.m2/repository/commons-io/commons-io/2.11.0/commons-io-2.11.0.jar:/home/runner/.m2/repository/commons-logging/commons-logging/1.2/commons-logging-1.2.jar:/home/runner/.m2/repository/ch/qos/reload4j/reload4j/1.2.22/reload4j-1.2.22.jar:/home/runner/.m2/repository/org/slf4j/slf4j-api/1.7.36/slf4j-api-1.7.36.jar:/home/runner/.m2/repository/org/apache/ozone/hdds-server-scm/1.3.0-SNAPSHOT/hdds-server-scm-1.3.0-SNAPSHOT.jar:/home/runner/.m2/repository/org/apache/ozone/hdds-container-service/1.3.0-SNAPSHOT/hdds-container-service-1.3.0-SNAPSHOT.jar:/home/runner/.m2/repository/org/apache/ozone/hdds-hadoop-dependency-server/1.3.0-SNAPSHOT/hdds-hadoop-dependency-server-1.3.0-SNAPSHOT.jar:/home/runner/.m2/repository/org/apache/hadoop/hadoop-hdfs/3.3.4/hadoop-hdfs-3.3.4.jar:/home/runner/.m2/repository/org/eclipse/jetty/jetty-util-ajax/9.4.43.v20210629/jetty-util-ajax-9.4.43.v20210629.jar:/home/runner/.m2/repository/commons-daemon/commons-daemon/1.0.13/commons-daemon-1.0.13.jar:/home/runner/.m2/repository/org/apache/ozone/hdds-server-framework/1.3.0-SNAPSHOT/hdds-server-framework-1.3.0-SNAPSHOT.jar:/home/runner/.m2/repository/org/apache/ozone/hdds-interface-server/1.3.0-SNAPSHOT/hdds-interface-server-1.3.0-SNAPSHOT.jar:/home/runner/.m2/repository/org/apache/logging/log4j/log4j-core/2.17.1/log4j-core-2.17.1.jar:/home/runner/.m2/repository/com/lmax/disruptor/3.4.2/disruptor-3.4.2.jar:/home/runner/.m2/repository/org/eclipse/jetty/jetty-servlet/9.4.43.v20210629/jetty-servlet-9.4.43.v20210629.jar:/home/runner/.m2/repository/org/eclipse/jetty/jetty-security/9.4.43.v20210629/jetty-security-9.4.43.v20210629.jar:/home/runner/.m2/repository/org/rocksdb/rocksdbjni/7.4.5/rocksdbjni-7.4.5.jar:/home/runner/.m2/repository/io/prometheus/simpleclient_dropwizard/0.7.0/simpleclient_dropwizard-0.7.0.jar:/home/runner/.m2/repository/io/prometheus/simpleclient/0.7.0/simpleclient-0.7.0.jar:/home/runner/.m2/repository/io/prometheus/simpleclient_common/0.7.0/simpleclient_common-0.7.0.jar:/home/runner/.m2/repository/io/dropwizard/metrics/metrics-core/3.2.4/metrics-core-3.2.4.jar:/home/runner/.m2/repository/org/apache/hadoop/hadoop-hdfs-client/3.3.4/hadoop-hdfs-client-3.3.4.jar:/home/runner/.m2/repository/com/squareup/okhttp3/okhttp/4.9.3/okhttp-4.9.3.jar:/home/runner/.m2/repository/com/squareup/okio/okio/2.8.0/okio-2.8.0.jar:/home/runner/.m2/repository/org/jetbrains/kotlin/kotlin-stdlib-common/1.4.10/kotlin-stdlib-common-1.4.10.jar:/home/runner/.m2/repository/org/bouncycastle/bcprov-jdk15on/1.67/bcprov-jdk15on-1.67.jar:/home/runner/.m2/repository/com/google/protobuf/protobuf-java/2.5.0/protobuf-java-2.5.0.jar:/home/runner/.m2/repository/org/apache/ozone/ozone-manager/1.3.0-SNAPSHOT/ozone-manager-1.3.0-SNAPSHOT.jar:/home/runner/.m2/repository/org/aspectj/aspectjrt/1.9.7/aspectjrt-1.9.7.jar:/home/runner/.m2/repository/org/aspectj/aspectjweaver/1.9.7/aspectjweaver-1.9.7.jar:/home/runner/.m2/repository/org/apache/ozone/hdds-interface-client/1.3.0-SNAPSHOT/hdds-interface-client-1.3.0-SNAPSHOT.jar:/home/runner/.m2/repository/org/apache/hadoop/thirdparty/hadoop-shaded-protobuf_3_7/1.1.1/hadoop-shaded-protobuf_3_7-1.1.1.jar:/home/runner/.m2/repository/org/apache/ozone/ozone-interface-storage/1.3.0-SNAPSHOT/ozone-interface-storage-1.3.0-SNAPSHOT.jar:/home/runner/.m2/repository/org/reflections/reflections/0.9.11/reflections-0.9.11.jar:/home/runner/.m2/repository/com/sun/jersey/jersey-client/1.19/jersey-client-1.19.jar:/home/runner/.m2/repository/org/apache/ranger/ranger-intg/2.3.0/ranger-intg-2.3.0.jar:/home/runner/.m2/repository/org/apache/ranger/ranger-plugins-common/2.3.0/ranger-plugins-common-2.3.0.jar:/home/runner/.m2/repository/commons-lang/commons-lang/2.6/commons-lang-2.6.jar:/home/runner/.m2/repository/org/codehaus/jackson/jackson-jaxrs/1.9.13/jackson-jaxrs-1.9.13.jar:/home/runner/.m2/repository/org/apache/ranger/ranger-plugins-cred/2.3.0/ranger-plugins-cred-2.3.0.jar:/home/runner/.m2/repository/org/apache/ranger/ranger-plugins-audit/2.3.0/ranger-plugins-audit-2.3.0.jar:/home/runner/.m2/repository/org/eclipse/jetty/jetty-client/9.4.31.v20200723/jetty-client-9.4.31.v20200723.jar:/home/runner/.m2/repository/org/apache/httpcomponents/httpmime/4.5.6/httpmime-4.5.6.jar:/home/runner/.m2/repository/org/apache/httpcomponents/httpcore-nio/4.4.6/httpcore-nio-4.4.6.jar:/home/runner/.m2/repository/org/apache/httpcomponents/httpasyncclient/4.1.3/httpasyncclient-4.1.3.jar:/home/runner/.m2/repository/com/carrotsearch/hppc/0.8.0/hppc-0.8.0.jar:/home/runner/.m2/repository/org/apache/orc/orc-core/1.5.8/orc-core-1.5.8.jar:/home/runner/.m2/repository/net/java/dev/jna/jna/5.2.0/jna-5.2.0.jar:/home/runner/.m2/repository/net/java/dev/jna/jna-platform/5.2.0/jna-platform-5.2.0.jar:/home/runner/.m2/repository/com/kstruct/gethostname4j/0.0.2/gethostname4j-0.0.2.jar:/home/runner/.m2/repository/org/apache/ranger/ranger-plugin-classloader/2.3.0/ranger-plugin-classloader-2.3.0.jar:/home/runner/.m2/repository/org/apache/hadoop/hadoop-minikdc/3.3.4/hadoop-minikdc-3.3.4.jar:/home/runner/.m2/repository/org/apache/kerby/kerb-simplekdc/1.0.1/kerb-simplekdc-1.0.1.jar:/home/runner/.m2/repository/org/apache/kerby/kerb-client/1.0.1/kerb-client-1.0.1.jar:/home/runner/.m2/repository/org/apache/kerby/kerby-config/1.0.1/kerby-config-1.0.1.jar:/home/runner/.m2/repository/org/apache/kerby/kerb-common/1.0.1/kerb-common-1.0.1.jar:/home/runner/.m2/repository/org/apache/kerby/kerb-crypto/1.0.1/kerb-crypto-1.0.1.jar:/home/runner/.m2/repository/org/apache/kerby/kerb-util/1.0.1/kerb-util-1.0.1.jar:/home/runner/.m2/repository/org/apache/kerby/token-provider/1.0.1/token-provider-1.0.1.jar:/home/runner/.m2/repository/org/apache/kerby/kerb-admin/1.0.1/kerb-admin-1.0.1.jar:/home/runner/.m2/repository/org/apache/kerby/kerb-server/1.0.1/kerb-server-1.0.1.jar:/home/runner/.m2/repository/org/apache/kerby/kerb-identity/1.0.1/kerb-identity-1.0.1.jar:/home/runner/.m2/repository/org/apache/kerby/kerby-xdr/1.0.1/kerby-xdr-1.0.1.jar:/home/runner/.m2/repository/org/apache/ozone/ozone-s3gateway/1.3.0-SNAPSHOT/ozone-s3gateway-1.3.0-SNAPSHOT.jar:/home/runner/.m2/repository/org/javassist/javassist/3.21.0-GA/javassist-3.21.0-GA.jar:/home/runner/.m2/repository/org/jboss/weld/servlet/weld-servlet/2.4.7.Final/weld-servlet-2.4.7.Final.jar:/home/runner/.m2/repository/org/glassfish/jersey/containers/jersey-container-servlet-core/2.34/jersey-container-servlet-core-2.34.jar:/home/runner/.m2/repository/org/glassfish/hk2/external/jakarta.inject/2.6.1/jakarta.inject-2.6.1.jar:/home/runner/.m2/repository/org/glassfish/jersey/core/jersey-common/2.34/jersey-common-2.34.jar:/home/runner/.m2/repository/jakarta/ws/rs/jakarta.ws.rs-api/2.1.6/jakarta.ws.rs-api-2.1.6.jar:/home/runner/.m2/repository/org/glassfish/jersey/ext/cdi/jersey-cdi1x/2.34/jersey-cdi1x-2.34.jar:/home/runner/.m2/repository/org/glassfish/jersey/inject/jersey-hk2/2.34/jersey-hk2-2.34.jar:/home/runner/.m2/repository/org/glassfish/hk2/hk2-locator/2.6.1/hk2-locator-2.6.1.jar:/home/runner/.m2/repository/org/glassfish/jersey/media/jersey-media-jaxb/2.34/jersey-media-jaxb-2.34.jar:/home/runner/.m2/repository/org/glassfish/hk2/osgi-resource-locator/1.0.3/osgi-resource-locator-1.0.3.jar:/home/runner/.m2/repository/org/glassfish/hk2/hk2-api/2.5.0/hk2-api-2.5.0.jar:/home/runner/.m2/repository/org/glassfish/hk2/hk2-utils/2.5.0/hk2-utils-2.5.0.jar:/home/runner/.m2/repository/org/glassfish/hk2/external/aopalliance-repackaged/2.5.0/aopalliance-repackaged-2.5.0.jar:/home/runner/.m2/repository/com/fasterxml/jackson/dataformat/jackson-dataformat-xml/2.13.4/jackson-dataformat-xml-2.13.4.jar:/home/runner/.m2/repository/com/fasterxml/jackson/core/jackson-core/2.13.4/jackson-core-2.13.4.jar:/home/runner/.m2/repository/org/codehaus/woodstox/stax2-api/3.1.4/stax2-api-3.1.4.jar:/home/runner/.m2/repository/com/fasterxml/woodstox/woodstox-core/5.0.3/woodstox-core-5.0.3.jar:/home/runner/.m2/repository/com/fasterxml/jackson/module/jackson-module-jaxb-annotations/2.13.4/jackson-module-jaxb-annotations-2.13.4.jar:/home/runner/.m2/repository/jakarta/xml/bind/jakarta.xml.bind-api/2.3.3/jakarta.xml.bind-api-2.3.3.jar:/home/runner/.m2/repository/jakarta/activation/jakarta.activation-api/1.2.1/jakarta.activation-api-1.2.1.jar:/home/runner/.m2/repository/javax/enterprise/cdi-api/1.2/cdi-api-1.2.jar:/home/runner/.m2/repository/javax/el/javax.el-api/3.0.0/javax.el-api-3.0.0.jar:/home/runner/.m2/repository/javax/interceptor/javax.interceptor-api/1.2/javax.interceptor-api-1.2.jar:/home/runner/.m2/repository/javax/inject/javax.inject/1/javax.inject-1.jar:/home/runner/.m2/repository/javax/xml/bind/jaxb-api/2.3.0/jaxb-api-2.3.0.jar:/home/runner/.m2/repository/org/glassfish/jaxb/jaxb-runtime/2.3.0.1/jaxb-runtime-2.3.0.1.jar:/home/runner/.m2/repository/org/glassfish/jaxb/jaxb-core/2.3.0.1/jaxb-core-2.3.0.1.jar:/home/runner/.m2/repository/org/glassfish/jaxb/txw2/2.3.0.1/txw2-2.3.0.1.jar:/home/runner/.m2/repository/com/sun/istack/istack-commons-runtime/3.0.5/istack-commons-runtime-3.0.5.jar:/home/runner/.m2/repository/org/jvnet/staxex/stax-ex/1.7.8/stax-ex-1.7.8.jar:/home/runner/.m2/repository/com/sun/xml/fastinfoset/FastInfoset/1.2.13/FastInfoset-1.2.13.jar:/home/runner/.m2/repository/javax/activation/activation/1.1.1/activation-1.1.1.jar:/home/runner/.m2/repository/io/grpc/grpc-protobuf/1.48.1/grpc-protobuf-1.48.1.jar:/home/runner/.m2/repository/io/grpc/grpc-api/1.48.1/grpc-api-1.48.1.jar:/home/runner/.m2/repository/io/grpc/grpc-context/1.48.1/grpc-context-1.48.1.jar:/home/runner/.m2/repository/com/google/api/grpc/proto-google-common-protos/2.9.0/proto-google-common-protos-2.9.0.jar:/home/runner/.m2/repository/io/grpc/grpc-protobuf-lite/1.48.1/grpc-protobuf-lite-1.48.1.jar:/home/runner/.m2/repository/io/grpc/grpc-stub/1.48.1/grpc-stub-1.48.1.jar:/home/runner/.m2/repository/io/netty/netty-transport/4.1.79.Final/netty-transport-4.1.79.Final.jar:/home/runner/.m2/repository/io/netty/netty-resolver/4.1.79.Final/netty-resolver-4.1.79.Final.jar:/home/runner/.m2/repository/org/apache/ozone/ozone-csi/1.3.0-SNAPSHOT/ozone-csi-1.3.0-SNAPSHOT.jar:/home/runner/.m2/repository/com/google/protobuf/protobuf-java-util/3.19.2/protobuf-java-util-3.19.2.jar:/home/runner/.m2/repository/com/google/code/gson/gson/2.9.0/gson-2.9.0.jar:/home/runner/.m2/repository/org/apache/ozone/hdds-config/1.3.0-SNAPSHOT/hdds-config-1.3.0-SNAPSHOT.jar:/home/runner/.m2/repository/io/netty/netty-transport-native-epoll/4.1.79.Final/netty-transport-native-epoll-4.1.79.Final-linux-x86_64.jar:/home/runner/.m2/repository/io/netty/netty-transport-classes-epoll/4.1.79.Final/netty-transport-classes-epoll-4.1.79.Final.jar:/home/runner/.m2/repository/io/netty/netty-transport-native-unix-common/4.1.79.Final/netty-transport-native-unix-common-4.1.79.Final.jar:/home/runner/.m2/repository/org/slf4j/slf4j-reload4j/1.7.36/slf4j-reload4j-1.7.36.jar:/home/runner/.m2/repository/org/apache/ozone/ozone-recon/1.3.0-SNAPSHOT/ozone-recon-1.3.0-SNAPSHOT.jar:/home/runner/.m2/repository/org/apache/ozone/ozone-reconcodegen/1.3.0-SNAPSHOT/ozone-reconcodegen-1.3.0-SNAPSHOT.jar:/home/runner/.m2/repository/com/google/inject/extensions/guice-multibindings/4.0/guice-multibindings-4.0.jar:/home/runner/.m2/repository/com/google/inject/guice/4.0/guice-4.0.jar:/home/runner/.m2/repository/aopalliance/aopalliance/1.0/aopalliance-1.0.jar:/home/runner/.m2/repository/com/google/inject/extensions/guice-assistedinject/4.0/guice-assistedinject-4.0.jar:/home/runner/.m2/repository/com/google/inject/extensions/guice-servlet/4.0/guice-servlet-4.0.jar:/home/runner/.m2/repository/org/glassfish/jersey/containers/jersey-container-servlet/2.34/jersey-container-servlet-2.34.jar:/home/runner/.m2/repository/org/glassfish/hk2/guice-bridge/2.5.0/guice-bridge-2.5.0.jar:/home/runner/.m2/repository/org/glassfish/jersey/core/jersey-server/2.34/jersey-server-2.34.jar:/home/runner/.m2/repository/org/glassfish/jersey/core/jersey-client/2.34/jersey-client-2.34.jar:/home/runner/.m2/repository/jakarta/annotation/jakarta.annotation-api/1.3.5/jakarta.annotation-api-1.3.5.jar:/home/runner/.m2/repository/jakarta/validation/jakarta.validation-api/2.0.2/jakarta.validation-api-2.0.2.jar:/home/runner/.m2/repository/org/glassfish/jersey/media/jersey-media-json-jackson/2.34/jersey-media-json-jackson-2.34.jar:/home/runner/.m2/repository/org/glassfish/jersey/ext/jersey-entity-filtering/2.34/jersey-entity-filtering-2.34.jar:/home/runner/.m2/repository/org/jooq/jooq/3.11.10/jooq-3.11.10.jar:/home/runner/.m2/repository/org/jooq/jooq-meta/3.11.10/jooq-meta-3.11.10.jar:/home/runner/.m2/repository/org/jooq/jooq-codegen/3.11.10/jooq-codegen-3.11.10.jar:/home/runner/.m2/repository/com/jolbox/bonecp/0.8.0.RELEASE/bonecp-0.8.0.RELEASE.jar:/home/runner/.m2/repository/org/apache/derby/derby/10.14.2.0/derby-10.14.2.0.jar:/home/runner/.m2/repository/org/xerial/sqlite-jdbc/3.25.2/sqlite-jdbc-3.25.2.jar:/home/runner/.m2/repository/org/springframework/spring-jdbc/5.2.20.RELEASE/spring-jdbc-5.2.20.RELEASE.jar:/home/runner/.m2/repository/org/springframework/spring-beans/5.2.20.RELEASE/spring-beans-5.2.20.RELEASE.jar:/home/runner/.m2/repository/org/springframework/spring-core/5.2.20.RELEASE/spring-core-5.2.20.RELEASE.jar:/home/runner/.m2/repository/org/springframework/spring-jcl/5.2.20.RELEASE/spring-jcl-5.2.20.RELEASE.jar:/home/runner/.m2/repository/org/springframework/spring-tx/5.2.20.RELEASE/spring-tx-5.2.20.RELEASE.jar:/home/runner/.m2/repository/org/apache/ozone/ozone-client/1.3.0-SNAPSHOT/ozone-client-1.3.0-SNAPSHOT.jar:/home/runner/.m2/repository/org/apache/ozone/hdds-erasurecode/1.3.0-SNAPSHOT/hdds-erasurecode-1.3.0-SNAPSHOT.jar:/home/runner/.m2/repository/com/github/spotbugs/spotbugs-annotations/3.1.12/spotbugs-annotations-3.1.12.jar:/home/runner/.m2/repository/org/apache/ozone/ozone-filesystem/1.3.0-SNAPSHOT/ozone-filesystem-1.3.0-SNAPSHOT.jar:/home/runner/.m2/repository/org/apache/ozone/ozone-filesystem-common/1.3.0-SNAPSHOT/ozone-filesystem-common-1.3.0-SNAPSHOT.jar:/home/runner/.m2/repository/org/apache/ozone/ozone-tools/1.3.0-SNAPSHOT/ozone-tools-1.3.0-SNAPSHOT.jar:/home/runner/.m2/repository/org/apache/ratis/ratis-tools/2.3.0/ratis-tools-2.3.0.jar:/home/runner/.m2/repository/com/amazonaws/aws-java-sdk-core/1.12.261/aws-java-sdk-core-1.12.261.jar:/home/runner/.m2/repository/org/apache/httpcomponents/httpclient/4.5.13/httpclient-4.5.13.jar:/home/runner/.m2/repository/org/apache/httpcomponents/httpcore/4.4.13/httpcore-4.4.13.jar:/home/runner/.m2/repository/software/amazon/ion/ion-java/1.0.2/ion-java-1.0.2.jar:/home/runner/.m2/repository/com/fasterxml/jackson/dataformat/jackson-dataformat-cbor/2.13.4/jackson-dataformat-cbor-2.13.4.jar:/home/runner/.m2/repository/joda-time/joda-time/2.8.1/joda-time-2.8.1.jar:/home/runner/.m2/repository/com/amazonaws/aws-java-sdk-s3/1.12.261/aws-java-sdk-s3-1.12.261.jar:/home/runner/.m2/repository/com/amazonaws/aws-java-sdk-kms/1.12.261/aws-java-sdk-kms-1.12.261.jar:/home/runner/.m2/repository/com/amazonaws/jmespath-java/1.12.261/jmespath-java-1.12.261.jar:/home/runner/.m2/repository/org/kohsuke/metainf-services/metainf-services/1.8/metainf-services-1.8.jar:/home/runner/.m2/repository/org/apache/ozone/hdds-tools/1.3.0-SNAPSHOT/hdds-tools-1.3.0-SNAPSHOT.jar:/home/runner/.m2/repository/commons-cli/commons-cli/1.2/commons-cli-1.2.jar:/home/runner/.m2/repository/org/apache/commons/commons-lang3/3.7/commons-lang3-3.7.jar:/home/runner/.m2/repository/org/apache/ozone/ozone-manager/1.3.0-SNAPSHOT/ozone-manager-1.3.0-SNAPSHOT-tests.jar:/home/runner/.m2/repository/org/apache/ozone/hdds-common/1.3.0-SNAPSHOT/hdds-common-1.3.0-SNAPSHOT-tests.jar:/home/runner/.m2/repository/org/apache/ozone/hdds-hadoop-dependency-client/1.3.0-SNAPSHOT/hdds-hadoop-dependency-client-1.3.0-SNAPSHOT.jar:/home/runner/.m2/repository/info/picocli/picocli/4.6.1/picocli-4.6.1.jar:/home/runner/.m2/repository/com/fasterxml/jackson/core/jackson-annotations/2.13.4/jackson-annotations-2.13.4.jar:/home/runner/.m2/repository/com/fasterxml/jackson/datatype/jackson-datatype-jsr310/2.13.4/jackson-datatype-jsr310-2.13.4.jar:/home/runner/.m2/repository/org/apache/ozone/hdds-annotation-processing/1.3.0-SNAPSHOT/hdds-annotation-processing-1.3.0-SNAPSHOT.jar:/home/runner/.m2/repository/javax/annotation/javax.annotation-api/1.2/javax.annotation-api-1.2.jar:/home/runner/.m2/repository/org/apache/ratis/ratis-server/2.3.0/ratis-server-2.3.0.jar:/home/runner/.m2/repository/org/apache/ratis/ratis-client/2.3.0/ratis-client-2.3.0.jar:/home/runner/.m2/repository/org/apache/ratis/ratis-server-api/2.3.0/ratis-server-api-2.3.0.jar:/home/runner/.m2/repository/org/apache/ratis/ratis-metrics/2.3.0/ratis-metrics-2.3.0.jar:/home/runner/.m2/repository/org/apache/ratis/ratis-netty/2.3.0/ratis-netty-2.3.0.jar:/home/runner/.m2/repository/org/apache/ratis/ratis-grpc/2.3.0/ratis-grpc-2.3.0.jar:/home/runner/.m2/repository/org/apache/logging/log4j/log4j-api/2.17.1/log4j-api-2.17.1.jar:/home/runner/.m2/repository/org/apache/commons/commons-pool2/2.6.0/commons-pool2-2.6.0.jar:/home/runner/.m2/repository/org/bouncycastle/bcpkix-jdk15on/1.67/bcpkix-jdk15on-1.67.jar:/home/runner/.m2/repository/commons-validator/commons-validator/1.6/commons-validator-1.6.jar:/home/runner/.m2/repository/commons-beanutils/commons-beanutils/1.9.4/commons-beanutils-1.9.4.jar:/home/runner/.m2/repository/commons-digester/commons-digester/1.8.1/commons-digester-1.8.1.jar:/home/runner/.m2/repository/commons-collections/commons-collections/3.2.2/commons-collections-3.2.2.jar:/home/runner/.m2/repository/io/jaegertracing/jaeger-client/1.6.0/jaeger-client-1.6.0.jar:/home/runner/.m2/repository/io/jaegertracing/jaeger-thrift/1.6.0/jaeger-thrift-1.6.0.jar:/home/runner/.m2/repository/org/apache/thrift/libthrift/0.14.1/libthrift-0.14.1.jar:/home/runner/.m2/repository/io/jaegertracing/jaeger-core/1.6.0/jaeger-core-1.6.0.jar:/home/runner/.m2/repository/io/jaegertracing/jaeger-tracerresolver/1.6.0/jaeger-tracerresolver-1.6.0.jar:/home/runner/.m2/repository/io/opentracing/contrib/opentracing-tracerresolver/0.1.8/opentracing-tracerresolver-0.1.8.jar:/home/runner/.m2/repository/org/jetbrains/kotlin/kotlin-stdlib/1.6.21/kotlin-stdlib-1.6.21.jar:/home/runner/.m2/repository/org/jetbrains/annotations/13.0/annotations-13.0.jar:/home/runner/.m2/repository/io/opentracing/opentracing-util/0.33.0/opentracing-util-0.33.0.jar:/home/runner/.m2/repository/io/opentracing/opentracing-api/0.33.0/opentracing-api-0.33.0.jar:/home/runner/.m2/repository/io/opentracing/opentracing-noop/0.33.0/opentracing-noop-0.33.0.jar:/home/runner/.m2/repository/org/yaml/snakeyaml/1.32/snakeyaml-1.32.jar:/home/runner/.m2/repository/org/apache/ozone/hdds-interface-admin/1.3.0-SNAPSHOT/hdds-interface-admin-1.3.0-SNAPSHOT.jar:/home/runner/.m2/repository/junit/junit/4.13.1/junit-4.13.1.jar:/home/runner/.m2/repository/org/hamcrest/hamcrest-core/1.3/hamcrest-core-1.3.jar:/home/runner/.m2/repository/org/junit/jupiter/junit-jupiter-api/5.8.2/junit-jupiter-api-5.8.2.jar:/home/runner/.m2/repository/org/opentest4j/opentest4j/1.2.0/opentest4j-1.2.0.jar:/home/runner/.m2/repository/org/junit/platform/junit-platform-commons/1.8.2/junit-platform-commons-1.8.2.jar:/home/runner/.m2/repository/org/apiguardian/apiguardian-api/1.1.2/apiguardian-api-1.1.2.jar:/home/runner/.m2/repository/org/junit/jupiter/junit-jupiter-params/5.8.2/junit-jupiter-params-5.8.2.jar:/home/runner/.m2/repository/org/junit/jupiter/junit-jupiter-migrationsupport/5.8.2/junit-jupiter-migrationsupport-5.8.2.jar:/home/runner/.m2/repository/org/junit/jupiter/junit-jupiter-engine/5.8.2/junit-jupiter-engine-5.8.2.jar:/home/runner/.m2/repository/org/junit/platform/junit-platform-engine/1.8.2/junit-platform-engine-1.8.2.jar:/home/runner/.m2/repository/org/junit/vintage/junit-vintage-engine/5.8.2/junit-vintage-engine-5.8.2.jar:/home/runner/.m2/repository/org/junit/platform/junit-platform-launcher/1.8.2/junit-platform-launcher-1.8.2.jar:/home/runner/.m2/repository/org/mockito/mockito-core/2.28.2/mockito-core-2.28.2.jar:/home/runner/.m2/repository/net/bytebuddy/byte-buddy/1.9.10/byte-buddy-1.9.10.jar:/home/runner/.m2/repository/net/bytebuddy/byte-buddy-agent/1.9.10/byte-buddy-agent-1.9.10.jar:/home/runner/.m2/repository/org/objenesis/objenesis/1.0/objenesis-1.0.jar:/home/runner/.m2/repository/org/apache/hadoop/hadoop-kms/3.3.4/hadoop-kms-3.3.4.jar:/home/runner/.m2/repository/org/apache/hadoop/hadoop-auth/3.3.4/hadoop-auth-3.3.4.jar:/home/runner/.m2/repository/com/nimbusds/nimbus-jose-jwt/7.9/nimbus-jose-jwt-7.9.jar:/home/runner/.m2/repository/com/github/stephenc/jcip/jcip-annotations/1.0-1/jcip-annotations-1.0-1.jar:/home/runner/.m2/repository/net/minidev/json-smart/2.4.7/json-smart-2.4.7.jar:/home/runner/.m2/repository/net/minidev/accessors-smart/2.4.7/accessors-smart-2.4.7.jar:/home/runner/.m2/repository/org/ow2/asm/asm/5.0.4/asm-5.0.4.jar:/home/runner/.m2/repository/org/apache/zookeeper/zookeeper/3.5.6/zookeeper-3.5.6.jar:/home/runner/.m2/repository/org/apache/zookeeper/zookeeper-jute/3.5.6/zookeeper-jute-3.5.6.jar:/home/runner/.m2/repository/org/apache/yetus/audience-annotations/0.5.0/audience-annotations-0.5.0.jar:/home/runner/.m2/repository/org/apache/curator/curator-framework/4.2.0/curator-framework-4.2.0.jar:/home/runner/.m2/repository/org/apache/hadoop/thirdparty/hadoop-shaded-guava/1.1.1/hadoop-shaded-guava-1.1.1.jar:/home/runner/.m2/repository/com/sun/jersey/jersey-core/1.19/jersey-core-1.19.jar:/home/runner/.m2/repository/javax/ws/rs/jsr311-api/1.1.1/jsr311-api-1.1.1.jar:/home/runner/.m2/repository/com/sun/jersey/jersey-server/1.19/jersey-server-1.19.jar:/home/runner/.m2/repository/javax/servlet/javax.servlet-api/3.1.0/javax.servlet-api-3.1.0.jar:/home/runner/.m2/repository/org/eclipse/jetty/jetty-server/9.4.43.v20210629/jetty-server-9.4.43.v20210629.jar:/home/runner/.m2/repository/org/eclipse/jetty/jetty-http/9.4.43.v20210629/jetty-http-9.4.43.v20210629.jar:/home/runner/.m2/repository/org/eclipse/jetty/jetty-io/9.4.43.v20210629/jetty-io-9.4.43.v20210629.jar:/home/runner/.m2/repository/org/eclipse/jetty/jetty-webapp/9.4.43.v20210629/jetty-webapp-9.4.43.v20210629.jar:/home/runner/.m2/repository/org/eclipse/jetty/jetty-xml/9.4.43.v20210629/jetty-xml-9.4.43.v20210629.jar:/home/runner/.m2/repository/org/apache/hadoop/hadoop-common/3.3.4/hadoop-common-3.3.4.jar:/home/runner/.m2/repository/org/apache/commons/commons-math3/3.1.1/commons-math3-3.1.1.jar:/home/runner/.m2/repository/commons-net/commons-net/3.6/commons-net-3.6.jar:/home/runner/.m2/repository/com/sun/jersey/jersey-servlet/1.19/jersey-servlet-1.19.jar:/home/runner/.m2/repository/com/sun/jersey/jersey-json/1.19/jersey-json-1.19.jar:/home/runner/.m2/repository/org/codehaus/jettison/jettison/1.1/jettison-1.1.jar:/home/runner/.m2/repository/com/sun/xml/bind/jaxb-impl/2.2.3-1/jaxb-impl-2.2.3-1.jar:/home/runner/.m2/repository/org/codehaus/jackson/jackson-xc/1.9.2/jackson-xc-1.9.2.jar:/home/runner/.m2/repository/org/apache/commons/commons-configuration2/2.1.1/commons-configuration2-2.1.1.jar:/home/runner/.m2/repository/org/apache/commons/commons-text/1.4/commons-text-1.4.jar:/home/runner/.m2/repository/com/google/re2j/re2j/1.1/re2j-1.1.jar:/home/runner/.m2/repository/com/jcraft/jsch/0.1.54/jsch-0.1.54.jar:/home/runner/.m2/repository/org/apache/curator/curator-client/4.2.0/curator-client-4.2.0.jar:/home/runner/.m2/repository/org/apache/curator/curator-recipes/4.2.0/curator-recipes-4.2.0.jar:/home/runner/.m2/repository/org/apache/kerby/kerb-core/1.0.1/kerb-core-1.0.1.jar:/home/runner/.m2/repository/org/apache/kerby/kerby-pkix/1.0.1/kerby-pkix-1.0.1.jar:/home/runner/.m2/repository/org/apache/kerby/kerby-asn1/1.0.1/kerby-asn1-1.0.1.jar:/home/runner/.m2/repository/org/apache/kerby/kerby-util/1.0.1/kerby-util-1.0.1.jar:/home/runner/.m2/repository/dnsjava/dnsjava/2.1.7/dnsjava-2.1.7.jar:/home/runner/.m2/repository/org/xerial/snappy/snappy-java/1.1.8.2/snappy-java-1.1.8.2.jar:/home/runner/.m2/repository/org/eclipse/jetty/jetty-util/9.4.43.v20210629/jetty-util-9.4.43.v20210629.jar:/home/runner/.m2/repository/com/fasterxml/jackson/core/jackson-databind/2.13.4.2/jackson-databind-2.13.4.2.jar:/home/runner/.m2/repository/org/apache/hadoop/hadoop-kms/3.3.4/hadoop-kms-3.3.4-tests.jar:/home/runner/.m2/repository/org/apache/ozone/hdds-server-scm/1.3.0-SNAPSHOT/hdds-server-scm-1.3.0-SNAPSHOT-tests.jar:/home/runner/.m2/repository/org/apache/ozone/hdds-container-service/1.3.0-SNAPSHOT/hdds-container-service-1.3.0-SNAPSHOT-tests.jar:/home/runner/.m2/repository/commons-codec/commons-codec/1.11/commons-codec-1.11.jar:/home/runner/.m2/repository/io/netty/netty-codec/4.1.79.Final/netty-codec-4.1.79.Final.jar:/home/runner/.m2/repository/io/netty/netty-handler/4.1.79.Final/netty-handler-4.1.79.Final.jar:/home/runner/.m2/repository/org/apache/ozone/hdds-hadoop-dependency-test/1.3.0-SNAPSHOT/hdds-hadoop-dependency-test-1.3.0-SNAPSHOT.jar:/home/runner/.m2/repository/org/apache/hadoop/hadoop-common/3.3.4/hadoop-common-3.3.4-tests.jar:/home/runner/.m2/repository/org/apache/hadoop/hadoop-hdfs/3.3.4/hadoop-hdfs-3.3.4-tests.jar:/home/runner/.m2/repository/org/assertj/assertj-core/3.12.2/assertj-core-3.12.2.jar:/home/runner/.m2/repository/org/apache/hadoop/hadoop-distcp/3.3.4/hadoop-distcp-3.3.4.jar:/home/runner/.m2/repository/org/apache/hadoop/hadoop-mapreduce-client-jobclient/3.3.4/hadoop-mapreduce-client-jobclient-3.3.4.jar:/home/runner/.m2/repository/org/apache/hadoop/hadoop-mapreduce-client-common/3.3.4/hadoop-mapreduce-client-common-3.3.4.jar:/home/runner/.m2/repository/org/apache/hadoop/hadoop-yarn-common/3.3.4/hadoop-yarn-common-3.3.4.jar:/home/runner/.m2/repository/org/apache/hadoop/hadoop-yarn-api/3.3.4/hadoop-yarn-api-3.3.4.jar:/home/runner/.m2/repository/com/sun/jersey/contribs/jersey-guice/1.19/jersey-guice-1.19.jar:/home/runner/.m2/repository/com/fasterxml/jackson/jaxrs/jackson-jaxrs-json-provider/2.13.4/jackson-jaxrs-json-provider-2.13.4.jar:/home/runner/.m2/repository/com/fasterxml/jackson/jaxrs/jackson-jaxrs-base/2.13.4/jackson-jaxrs-base-2.13.4.jar:/home/runner/.m2/repository/org/apache/hadoop/hadoop-yarn-client/3.3.4/hadoop-yarn-client-3.3.4.jar:/home/runner/.m2/repository/org/eclipse/jetty/websocket/websocket-client/9.4.43.v20210629/websocket-client-9.4.43.v20210629.jar:/home/runner/.m2/repository/org/eclipse/jetty/websocket/websocket-common/9.4.43.v20210629/websocket-common-9.4.43.v20210629.jar:/home/runner/.m2/repository/org/eclipse/jetty/websocket/websocket-api/9.4.43.v20210629/websocket-api-9.4.43.v20210629.jar:/home/runner/.m2/repository/org/jline/jline/3.9.0/jline-3.9.0.jar:/home/runner/.m2/repository/org/apache/hadoop/hadoop-mapreduce-client-core/3.3.4/hadoop-mapreduce-client-core-3.3.4.jar:/home/runner/.m2/repository/org/apache/avro/avro/1.7.7/avro-1.7.7.jar:/home/runner/.m2/repository/org/codehaus/jackson/jackson-core-asl/1.9.13/jackson-core-asl-1.9.13.jar:/home/runner/.m2/repository/org/codehaus/jackson/jackson-mapper-asl/1.9.13/jackson-mapper-asl-1.9.13.jar:/home/runner/.m2/repository/com/thoughtworks/paranamer/paranamer/2.3/paranamer-2.3.jar:/home/runner/.m2/repository/org/apache/hadoop/hadoop-annotations/3.3.4/hadoop-annotations-3.3.4.jar:/usr/lib/jvm/temurin-8-jdk-amd64/jre/../lib/tools.jar:/home/runner/.m2/repository/io/netty/netty/3.10.6.Final/netty-3.10.6.Final.jar:/home/runner/.m2/repository/org/apache/hadoop/hadoop-distcp/3.3.4/hadoop-distcp-3.3.4-tests.jar:/home/runner/.m2/repository/org/slf4j/jul-to-slf4j/1.7.36/jul-to-slf4j-1.7.36.jar:/home/runner/.m2/repository/org/apache/ratis/ratis-common/2.3.0/ratis-common-2.3.0.jar:/home/runner/.m2/repository/org/apache/ratis/ratis-thirdparty-misc/1.0.0/ratis-thirdparty-misc-1.0.0.jar:/home/runner/.m2/repository/org/apache/ratis/ratis-proto/2.3.0/ratis-proto-2.3.0.jar:"/>
    <property name="sun.cpu.endian" value="little"/>
    <property name="user.home" value="/home/runner"/>
    <property name="user.language" value="en"/>
    <property name="java.specification.vendor" value="Oracle Corporation"/>
    <property name="java.home" value="/usr/lib/jvm/temurin-8-jdk-amd64/jre"/>
    <property name="java.security.krb5.conf" value="/home/runner/work/ozone/ozone/hadoop-ozone/integration-test/target/test-classes/krb5.conf"/>
    <property name="basedir" value="/home/runner/work/ozone/ozone/hadoop-ozone/integration-test"/>
    <property name="file.separator" value="/"/>
    <property name="line.separator" value="&#10;"/>
    <property name="java.vm.specification.vendor" value="Oracle Corporation"/>
    <property name="java.specification.name" value="Java Platform API Specification"/>
    <property name="java.awt.graphicsenv" value="sun.awt.X11GraphicsEnvironment"/>
    <property name="skip.installnpx" value="true"/>
    <property name="surefire.real.class.path" value="/home/runner/work/ozone/ozone/hadoop-ozone/integration-test/target/surefire/surefirebooter286429867118264891.jar:/home/runner/.m2/repository/org/jacoco/org.jacoco.agent/0.8.5/org.jacoco.agent-0.8.5-runtime.jar"/>
    <property name="hadoop.log.dir" value="/home/runner/work/ozone/ozone/hadoop-ozone/integration-test/target/log"/>
    <property name="sun.boot.class.path" value="/usr/lib/jvm/temurin-8-jdk-amd64/jre/lib/resources.jar:/usr/lib/jvm/temurin-8-jdk-amd64/jre/lib/rt.jar:/usr/lib/jvm/temurin-8-jdk-amd64/jre/lib/sunrsasign.jar:/usr/lib/jvm/temurin-8-jdk-amd64/jre/lib/jsse.jar:/usr/lib/jvm/temurin-8-jdk-amd64/jre/lib/jce.jar:/usr/lib/jvm/temurin-8-jdk-amd64/jre/lib/charsets.jar:/usr/lib/jvm/temurin-8-jdk-amd64/jre/lib/jfr.jar:/usr/lib/jvm/temurin-8-jdk-amd64/jre/classes"/>
    <property name="sun.management.compiler" value="HotSpot 64-Bit Tiered Compilers"/>
    <property name="skip.npx" value="true"/>
    <property name="java.runtime.version" value="1.8.0_345-b01"/>
    <property name="java.net.preferIPv4Stack" value="true"/>
    <property name="user.name" value="runner"/>
    <property name="path.separator" value=":"/>
    <property name="java.security.egd" value="file:///dev/urandom"/>
    <property name="os.version" value="5.15.0-1021-azure"/>
    <property name="java.endorsed.dirs" value="/usr/lib/jvm/temurin-8-jdk-amd64/jre/lib/endorsed"/>
    <property name="java.runtime.name" value="OpenJDK Runtime Environment"/>
    <property name="file.encoding" value="UTF-8"/>
    <property name="java.vm.name" value="OpenJDK 64-Bit Server VM"/>
    <property name="test.build.webapps" value=""/>
    <property name="localRepository" value="/home/runner/.m2/repository"/>
    <property name="jetty.git.hash" value="526006ecfa3af7f1a27ef3a288e2bef7ea9dd7e8"/>
    <property name="java.vendor.url.bug" value="https://github.com/adoptium/adoptium-support/issues"/>
    <property name="java.io.tmpdir" value="/tmp"/>
    <property name="require.test.libhadoop" value=""/>
    <property name="java.version" value="1.8.0_345"/>
    <property name="user.dir" value="/home/runner/work/ozone/ozone/hadoop-ozone/integration-test"/>
    <property name="os.arch" value="amd64"/>
    <property name="java.vm.specification.name" value="Java Virtual Machine Specification"/>
    <property name="test.build.classes" value="/home/runner/work/ozone/ozone/hadoop-ozone/integration-test/target/test-classes"/>
    <property name="java.awt.printerjob" value="sun.print.PSPrinterJob"/>
    <property name="sun.os.patch.level" value="unknown"/>
    <property name="hadoop.tmp.dir" value="/home/runner/work/ozone/ozone/hadoop-ozone/integration-test/target/tmp"/>
    <property name="java.library.path" value="/usr/java/packages/lib/amd64:/usr/lib64:/lib64:/lib:/usr/lib"/>
    <property name="java.vm.info" value="mixed mode"/>
    <property name="java.vendor" value="Temurin"/>
    <property name="java.vm.version" value="25.345-b01"/>
    <property name="java.ext.dirs" value="/usr/lib/jvm/temurin-8-jdk-amd64/jre/lib/ext:/usr/java/packages/lib/ext"/>
    <property name="sun.io.unicode.encoding" value="UnicodeLittle"/>
    <property name="java.class.version" value="52.0"/>
  </properties>
  <testcase name="testMultipartUpload" classname="org.apache.hadoop.ozone.om.TestOzoneManagerHAWithData" time="11.393">
    <system-out><![CDATA[2022-10-18 06:30:09,172 [main] WARN  server.ServerUtils (ServerUtils.java:getScmDbDir(148)) - ozone.scm.db.dirs is not configured. We recommend adding this setting. Falling back to ozone.metadata.dirs instead.
2022-10-18 06:30:09,283 [main] WARN  server.ServerUtils (ServerUtils.java:getScmDbDir(148)) - ozone.scm.db.dirs is not configured. We recommend adding this setting. Falling back to ozone.metadata.dirs instead.
2022-10-18 06:30:09,286 [main] INFO  ha.SCMHANodeDetails (SCMHANodeDetails.java:loadSCMHAConfig(209)) - ServiceID for StorageContainerManager is null
2022-10-18 06:30:09,296 [main] WARN  ha.SCMHANodeDetails (SCMHANodeDetails.java:validateSCMHAConfig(182)) - Invalid config ozone.scm.ratis.enable. The config was not specified, but the default value true conflicts with the expected config value false. Falling back to the expected value. Current State of SCM: SCM is running in Non-HA without Ratis Ratis SCM -> Non Ratis SCM or Non HA SCM -> HA SCM is not supported
2022-10-18 06:30:09,296 [main] INFO  ha.SCMHANodeDetails (SCMHANodeDetails.java:loadSCMHAConfig(214)) - ozone.scm.default.service.id is not defined, falling back to ozone.scm.service.ids to find serviceID for StorageContainerManager if it is HA enabled cluster
2022-10-18 06:30:09,788 [main] WARN  utils.HAUtils (HAUtils.java:getMetaDir(342)) - ozone.scm.db.dirs is not configured. We recommend adding this setting. Falling back to ozone.metadata.dirs instead.
2022-10-18 06:30:09,986 [main] WARN  db.DBStoreBuilder (DBStoreBuilder.java:applyDBDefinition(144)) - ozone.scm.db.dirs is not configured. We recommend adding this setting. Falling back to ozone.metadata.dirs instead.
2022-10-18 06:30:10,180 [main] INFO  net.NodeSchemaLoader (NodeSchemaLoader.java:loadSchemaFromFile(129)) - Loading schema from [jar:file:/home/runner/.m2/repository/org/apache/ozone/hdds-common/1.3.0-SNAPSHOT/hdds-common-1.3.0-SNAPSHOT.jar!/network-topology-default.xml]
2022-10-18 06:30:10,182 [main] INFO  net.NodeSchemaLoader (NodeSchemaLoader.java:loadSchema(176)) - Loading network topology layer schema file
2022-10-18 06:30:10,221 [main] INFO  metrics.MetricRegistries (MetricRegistriesLoader.java:load(64)) - Loaded MetricRegistries class org.apache.ratis.metrics.impl.MetricRegistriesImpl
2022-10-18 06:30:10,227 [main] INFO  upgrade.AbstractLayoutVersionManager (AbstractLayoutVersionManager.java:init(83)) - Initializing Layout version manager with metadata layout = DATANODE_SCHEMA_V3 (version = 4), software layout = DATANODE_SCHEMA_V3 (version = 4)
2022-10-18 06:30:10,457 [main] INFO  reflections.Reflections (Reflections.java:scan(232)) - Reflections took 149 ms to scan 7 urls, producing 137 keys and 328 values 
2022-10-18 06:30:10,554 [main] INFO  ha.SequenceIdGenerator (SequenceIdGenerator.java:upgradeToSequenceId(349)) - upgrade localId to 109611004723200000
2022-10-18 06:30:10,554 [main] INFO  ha.SequenceIdGenerator (SequenceIdGenerator.java:upgradeToSequenceId(359)) - upgrade delTxnId to 0
2022-10-18 06:30:10,558 [main] INFO  ha.SequenceIdGenerator (SequenceIdGenerator.java:upgradeToSequenceId(376)) - upgrade containerId to 0
2022-10-18 06:30:10,560 [main] INFO  ha.SequenceIdGenerator (SequenceIdGenerator.java:<init>(220)) - Init the HA SequenceIdGenerator.
2022-10-18 06:30:10,592 [main] WARN  server.ServerUtils (ServerUtils.java:sanitizeUserArgs(73)) - ozone.scm.stale.node.interval value = 300000 is larger than max = 100000 based on the key value of ozone.scm.heartbeat.thread.interval, reset to the max value 100000.
2022-10-18 06:30:10,593 [main] WARN  server.ServerUtils (ServerUtils.java:sanitizeUserArgs(73)) - ozone.scm.stale.node.interval value = 300000 is larger than max = 100000 based on the key value of ozone.scm.heartbeat.thread.interval, reset to the max value 100000.
2022-10-18 06:30:10,598 [main] INFO  node.SCMNodeManager (SCMNodeManager.java:<init>(149)) - Entering startup safe mode.
2022-10-18 06:30:10,670 [main] INFO  algorithms.ContainerPlacementPolicyFactory (ContainerPlacementPolicyFactory.java:getPolicyInternal(86)) - Create container placement policy of type org.apache.hadoop.hdds.scm.container.placement.algorithms.SCMContainerPlacementRandom
2022-10-18 06:30:10,672 [main] INFO  algorithms.ContainerPlacementPolicyFactory (ContainerPlacementPolicyFactory.java:getPolicyInternal(86)) - Create container placement policy of type org.apache.hadoop.hdds.scm.container.placement.algorithms.SCMContainerPlacementRackScatter
2022-10-18 06:30:10,680 [main] INFO  pipeline.PipelineStateManagerImpl (PipelineStateManagerImpl.java:initialize(78)) - No pipeline exists in current db
2022-10-18 06:30:10,710 [main] INFO  algorithms.LeaderChoosePolicyFactory (LeaderChoosePolicyFactory.java:getPolicy(57)) - Create leader choose policy of type org.apache.hadoop.hdds.scm.pipeline.leader.choose.algorithms.MinLeaderCountChoosePolicy
2022-10-18 06:30:10,710 [main] INFO  algorithms.ContainerPlacementPolicyFactory (ContainerPlacementPolicyFactory.java:getPolicyInternal(86)) - Create container placement policy of type org.apache.hadoop.hdds.scm.container.placement.algorithms.SCMContainerPlacementRackScatter
2022-10-18 06:30:10,715 [main] INFO  ha.SCMServiceManager (SCMServiceManager.java:register(42)) - Registering service BackgroundPipelineCreator.
2022-10-18 06:30:10,716 [main] INFO  pipeline.BackgroundPipelineCreator (BackgroundPipelineCreator.java:start(124)) - Starting RatisPipelineUtilsThread.
2022-10-18 06:30:10,719 [main] INFO  BackgroundPipelineScrubber (BackgroundSCMService.java:start(68)) - Starting BackgroundPipelineScrubber Service.
2022-10-18 06:30:10,720 [main] INFO  ha.SCMServiceManager (SCMServiceManager.java:register(42)) - Registering service BackgroundPipelineScrubber.
2022-10-18 06:30:10,726 [main] INFO  ExpiredContainerReplicaOpScrubber (BackgroundSCMService.java:start(68)) - Starting ExpiredContainerReplicaOpScrubber Service.
2022-10-18 06:30:10,726 [main] INFO  ha.SCMServiceManager (SCMServiceManager.java:register(42)) - Registering service ExpiredContainerReplicaOpScrubber.
2022-10-18 06:30:10,761 [main] INFO  algorithms.PipelineChoosePolicyFactory (PipelineChoosePolicyFactory.java:createPipelineChoosePolicyFromClass(73)) - Create pipeline choose policy of type org.apache.hadoop.hdds.scm.pipeline.choose.algorithms.RandomPipelineChoosePolicy
2022-10-18 06:30:10,776 [main] INFO  ha.SCMServiceManager (SCMServiceManager.java:register(42)) - Registering service SCMBlockDeletingService.
2022-10-18 06:30:10,813 [main] INFO  replication.ReplicationManager (ReplicationManager.java:start(223)) - Starting Replication Monitor Thread.
2022-10-18 06:30:10,820 [main] INFO  ha.SCMServiceManager (SCMServiceManager.java:register(42)) - Registering service ReplicationManager.
2022-10-18 06:30:10,821 [ReplicationMonitor] INFO  replication.ReplicationManager (ReplicationManager.java:processAll(291)) - Replication Manager is not ready to run until 3000ms after safemode exit
2022-10-18 06:30:10,827 [main] INFO  safemode.ContainerSafeModeRule (ContainerSafeModeRule.java:<init>(89)) - containers with one replica threshold count 0
2022-10-18 06:30:10,830 [main] INFO  safemode.HealthyPipelineSafeModeRule (HealthyPipelineSafeModeRule.java:initializeRule(169)) - Total pipeline count is 0, healthy pipeline threshold count is 1
2022-10-18 06:30:10,832 [main] INFO  safemode.OneReplicaPipelineSafeModeRule (OneReplicaPipelineSafeModeRule.java:initializeRule(180)) - Total pipeline count is 0, pipeline's with at least one datanode reported threshold count is 0
2022-10-18 06:30:11,101 [main] INFO  audit.AuditLogger (AuditLogger.java:refreshDebugCmdSet(126)) - Refresh DebugCmdSet for SCMAudit to [].
2022-10-18 06:30:11,128 [main] INFO  ipc.CallQueueManager (CallQueueManager.java:<init>(90)) - Using callQueue: class java.util.concurrent.LinkedBlockingQueue, queueCapacity: 2000, scheduler: class org.apache.hadoop.ipc.DefaultRpcScheduler, ipcBackoff: false.
2022-10-18 06:30:11,168 [Socket Reader #1 for port 0] INFO  ipc.Server (Server.java:run(1273)) - Starting Socket Reader #1 for port 0
2022-10-18 06:30:11,228 [Listener at 0.0.0.0/34663] INFO  audit.AuditLogger (AuditLogger.java:refreshDebugCmdSet(126)) - Refresh DebugCmdSet for SCMAudit to [].
2022-10-18 06:30:11,233 [Listener at 0.0.0.0/34663] INFO  ipc.CallQueueManager (CallQueueManager.java:<init>(90)) - Using callQueue: class java.util.concurrent.LinkedBlockingQueue, queueCapacity: 2000, scheduler: class org.apache.hadoop.ipc.DefaultRpcScheduler, ipcBackoff: false.
2022-10-18 06:30:11,238 [Socket Reader #1 for port 0] INFO  ipc.Server (Server.java:run(1273)) - Starting Socket Reader #1 for port 0
2022-10-18 06:30:11,269 [Listener at 0.0.0.0/37351] INFO  audit.AuditLogger (AuditLogger.java:refreshDebugCmdSet(126)) - Refresh DebugCmdSet for SCMAudit to [].
2022-10-18 06:30:11,282 [Listener at 0.0.0.0/37351] INFO  ipc.CallQueueManager (CallQueueManager.java:<init>(90)) - Using callQueue: class java.util.concurrent.LinkedBlockingQueue, queueCapacity: 2000, scheduler: class org.apache.hadoop.ipc.DefaultRpcScheduler, ipcBackoff: false.
2022-10-18 06:30:11,284 [Socket Reader #1 for port 0] INFO  ipc.Server (Server.java:run(1273)) - Starting Socket Reader #1 for port 0
2022-10-18 06:30:11,364 [Listener at 0.0.0.0/36933] INFO  ha.SCMServiceManager (SCMServiceManager.java:register(42)) - Registering service ContainerBalancer.
2022-10-18 06:30:11,365 [Listener at 0.0.0.0/36933] INFO  server.StorageContainerManager (StorageContainerManager.java:<init>(410)) - 
Container Balancer status:
Key                            Value
Running                        true
Container Balancer Configuration values:
Key                                                Value
Threshold                                          10
Max Datanodes to Involve per Iteration(percent)    20
Max Size to Move per Iteration                     500GB
Max Size Entering Target per Iteration             26GB
Max Size Leaving Source per Iteration              26GB

2022-10-18 06:30:11,365 [Listener at 0.0.0.0/36933] WARN  events.EventQueue (EventQueue.java:fireEvent(216)) - No event handler registered for event TypedEvent{payloadType=SafeModeStatus, name='Safe mode status'}
2022-10-18 06:30:11,367 [Listener at 0.0.0.0/36933] INFO  ha.SCMContext (SCMContext.java:updateSafeModeStatus(228)) - Update SafeModeStatus from SafeModeStatus{safeModeStatus=true, preCheckPassed=false} to SafeModeStatus{safeModeStatus=true, preCheckPassed=false}.
2022-10-18 06:30:11,370 [Listener at 0.0.0.0/36933] INFO  server.StorageContainerManager (StorageContainerManager.java:start(1436)) - StorageContainerLocationProtocol RPC server is listening at /0.0.0.0:36933
2022-10-18 06:30:11,517 [Listener at 0.0.0.0/36933] WARN  impl.MetricsConfig (MetricsConfig.java:loadFirst(136)) - Cannot locate configuration: tried hadoop-metrics2-storagecontainermanager.properties,hadoop-metrics2.properties
2022-10-18 06:30:11,532 [Listener at 0.0.0.0/36933] INFO  impl.MetricsSystemImpl (MetricsSystemImpl.java:startTimer(378)) - Scheduled Metric snapshot period at 10 second(s).
2022-10-18 06:30:11,533 [Listener at 0.0.0.0/36933] INFO  impl.MetricsSystemImpl (MetricsSystemImpl.java:start(191)) - StorageContainerManager metrics system started
2022-10-18 06:30:11,772 [Listener at 0.0.0.0/36933] INFO  server.SCMClientProtocolServer (SCMClientProtocolServer.java:start(170)) - RPC server for Client  is listening at /0.0.0.0:36933
2022-10-18 06:30:11,775 [IPC Server listener on 0] INFO  ipc.Server (Server.java:run(1352)) - IPC Server listener on 0: starting
2022-10-18 06:30:11,777 [IPC Server Responder] INFO  ipc.Server (Server.java:run(1512)) - IPC Server Responder: starting
2022-10-18 06:30:11,780 [Listener at 0.0.0.0/36933] INFO  server.StorageContainerManager (StorageContainerManager.java:start(1451)) - ScmBlockLocationProtocol RPC server is listening at /0.0.0.0:37351
2022-10-18 06:30:11,781 [Listener at 0.0.0.0/36933] INFO  server.SCMBlockProtocolServer (SCMBlockProtocolServer.java:start(152)) - RPC server for Block Protocol is listening at /0.0.0.0:37351
2022-10-18 06:30:11,781 [IPC Server Responder] INFO  ipc.Server (Server.java:run(1512)) - IPC Server Responder: starting
2022-10-18 06:30:11,781 [IPC Server listener on 0] INFO  ipc.Server (Server.java:run(1352)) - IPC Server listener on 0: starting
2022-10-18 06:30:11,785 [Listener at 0.0.0.0/36933] INFO  server.SCMDatanodeProtocolServer (SCMDatanodeProtocolServer.java:start(186)) - ScmDatanodeProtocol RPC server for DataNodes is listening at /0.0.0.0:34663
2022-10-18 06:30:11,786 [IPC Server Responder] INFO  ipc.Server (Server.java:run(1512)) - IPC Server Responder: starting
2022-10-18 06:30:11,787 [IPC Server listener on 0] INFO  ipc.Server (Server.java:run(1352)) - IPC Server listener on 0: starting
2022-10-18 06:30:11,810 [org.apache.hadoop.util.JvmPauseMonitor$Monitor@755a90a6] INFO  util.JvmPauseMonitor (JvmPauseMonitor.java:run(188)) - Starting JVM pause monitor
2022-10-18 06:30:11,818 [Listener at 0.0.0.0/36933] INFO  http.BaseHttpServer (BaseHttpServer.java:newHttpServer2BuilderForOzone(213)) - Starting Web-server for scm at: http://0.0.0.0:0
2022-10-18 06:30:11,818 [Listener at 0.0.0.0/36933] INFO  http.BaseHttpServer (BaseHttpServer.java:<init>(108)) - Hadoop Security Enabled: false Ozone Security Enabled: false Ozone HTTP Security Enabled: false 
2022-10-18 06:30:11,843 [Listener at 0.0.0.0/36933] INFO  util.log (Log.java:initialized(170)) - Logging initialized @4027ms to org.eclipse.jetty.util.log.Slf4jLog
2022-10-18 06:30:11,943 [Listener at 0.0.0.0/36933] WARN  server.AuthenticationFilter (AuthenticationFilter.java:constructSecretProvider(240)) - Unable to initialize FileSignerSecretProvider, falling back to use random secrets. Reason: Could not read signature secret file: /home/runner/hadoop-http-auth-signature-secret
2022-10-18 06:30:11,951 [Listener at 0.0.0.0/36933] WARN  http.HttpRequestLog (HttpRequestLog.java:getRequestLog(103)) - Jetty request log can only be enabled using Log4j
2022-10-18 06:30:11,959 [Listener at 0.0.0.0/36933] INFO  http.HttpServer2 (HttpServer2.java:addGlobalFilter(1031)) - Added global filter 'safety' (class=org.apache.hadoop.hdds.server.http.HttpServer2$QuotingInputFilter)
2022-10-18 06:30:11,962 [Listener at 0.0.0.0/36933] INFO  http.HttpServer2 (HttpServer2.java:addFilter(1007)) - Added filter static_user_filter (class=org.apache.hadoop.http.lib.StaticUserWebFilter$StaticUserFilter) to context scm
2022-10-18 06:30:11,962 [Listener at 0.0.0.0/36933] INFO  http.HttpServer2 (HttpServer2.java:addFilter(1015)) - Added filter static_user_filter (class=org.apache.hadoop.http.lib.StaticUserWebFilter$StaticUserFilter) to context logs
2022-10-18 06:30:11,962 [Listener at 0.0.0.0/36933] INFO  http.HttpServer2 (HttpServer2.java:addFilter(1015)) - Added filter static_user_filter (class=org.apache.hadoop.http.lib.StaticUserWebFilter$StaticUserFilter) to context static
2022-10-18 06:30:12,001 [Listener at 0.0.0.0/36933] INFO  http.HttpServer2 (HttpServer2.java:bindListener(1250)) - Jetty bound to port 41535
2022-10-18 06:30:12,003 [Listener at 0.0.0.0/36933] INFO  server.Server (Server.java:doStart(375)) - jetty-9.4.43.v20210629; built: 2021-06-30T11:07:22.254Z; git: 526006ecfa3af7f1a27ef3a288e2bef7ea9dd7e8; jvm 1.8.0_345-b01
2022-10-18 06:30:12,030 [Listener at 0.0.0.0/36933] INFO  server.session (DefaultSessionIdManager.java:doStart(334)) - DefaultSessionIdManager workerName=node0
2022-10-18 06:30:12,030 [Listener at 0.0.0.0/36933] INFO  server.session (DefaultSessionIdManager.java:doStart(339)) - No SessionScavenger set, using defaults
2022-10-18 06:30:12,032 [Listener at 0.0.0.0/36933] INFO  server.session (HouseKeeper.java:startScavenging(132)) - node0 Scavenging every 600000ms
2022-10-18 06:30:12,046 [Listener at 0.0.0.0/36933] INFO  handler.ContextHandler (ContextHandler.java:doStart(915)) - Started o.e.j.s.ServletContextHandler@1a59500b{logs,/logs,file:///home/runner/work/ozone/ozone/hadoop-ozone/integration-test/target/log,AVAILABLE}
2022-10-18 06:30:12,046 [Listener at 0.0.0.0/36933] INFO  handler.ContextHandler (ContextHandler.java:doStart(915)) - Started o.e.j.s.ServletContextHandler@14b9817b{static,/static,file:///home/runner/work/ozone/ozone/hadoop-ozone/integration-test/target/test-classes/webapps/static,AVAILABLE}
2022-10-18 06:30:12,094 [Listener at 0.0.0.0/36933] INFO  handler.ContextHandler (ContextHandler.java:doStart(915)) - Started o.e.j.w.WebAppContext@46baac0d{scm,/,file:///home/runner/work/ozone/ozone/hadoop-ozone/integration-test/target/test-classes/webapps/scm/,AVAILABLE}{file:/home/runner/work/ozone/ozone/hadoop-ozone/integration-test/target/test-classes/webapps/scm}
2022-10-18 06:30:12,105 [Listener at 0.0.0.0/36933] INFO  server.AbstractConnector (AbstractConnector.java:doStart(331)) - Started ServerConnector@1f4b8027{HTTP/1.1, (http/1.1)}{0.0.0.0:41535}
2022-10-18 06:30:12,106 [Listener at 0.0.0.0/36933] INFO  server.Server (Server.java:doStart(415)) - Started @4290ms
2022-10-18 06:30:12,108 [Listener at 0.0.0.0/36933] INFO  impl.MetricsSinkAdapter (MetricsSinkAdapter.java:start(204)) - Sink prometheus started
2022-10-18 06:30:12,108 [Listener at 0.0.0.0/36933] INFO  impl.MetricsSystemImpl (MetricsSystemImpl.java:registerSink(305)) - Registered sink prometheus
2022-10-18 06:30:12,109 [Listener at 0.0.0.0/36933] INFO  http.BaseHttpServer (BaseHttpServer.java:updateConnectorAddress(333)) - HTTP server of scm listening at http://0.0.0.0:41535
2022-10-18 06:30:12,183 [Listener at 0.0.0.0/36933] INFO  audit.AuditLogger (AuditLogger.java:refreshDebugCmdSet(126)) - Refresh DebugCmdSet for OMAudit to [].
2022-10-18 06:30:12,251 [Listener at 0.0.0.0/36933] INFO  ha.OMHANodeDetails (OMHANodeDetails.java:loadOMHAConfig(121)) - ServiceID for OzoneManager is om-service-test1
2022-10-18 06:30:12,257 [Listener at 0.0.0.0/36933] INFO  ha.OMHANodeDetails (OMHANodeDetails.java:loadOMHAConfig(201)) - Found matching OM address with OMServiceId: om-service-test1, OMNodeId: omNode-1, RPC Address: localhost:33523 and Ratis port: 46857
2022-10-18 06:30:12,257 [Listener at 0.0.0.0/36933] INFO  ha.OMHANodeDetails (ConfUtils.java:setNodeSpecificConfigs(97)) - Setting configuration key ozone.om.http-address with value of key ozone.om.http-address.om-service-test1.omNode-1: 127.0.0.1:34657
2022-10-18 06:30:12,257 [Listener at 0.0.0.0/36933] INFO  ha.OMHANodeDetails (ConfUtils.java:setNodeSpecificConfigs(97)) - Setting configuration key ozone.om.https-address with value of key ozone.om.https-address.om-service-test1.omNode-1: 127.0.0.1:43281
2022-10-18 06:30:12,257 [Listener at 0.0.0.0/36933] INFO  ha.OMHANodeDetails (ConfUtils.java:setNodeSpecificConfigs(97)) - Setting configuration key ozone.om.address with value of key ozone.om.address.om-service-test1.omNode-1: 127.0.0.1:33523
2022-10-18 06:30:12,258 [Listener at 0.0.0.0/36933] WARN  server.ServerUtils (ServerUtils.java:getDBPath(225)) - ozone.om.db.dirs is not configured. We recommend adding this setting. Falling back to ozone.metadata.dirs instead.
2022-10-18 06:30:12,267 [Listener at 0.0.0.0/36933] INFO  proxy.SCMBlockLocationFailoverProxyProvider (SCMBlockLocationFailoverProxyProvider.java:<init>(114)) - Created block location fail-over proxy with 1 nodes: [nodeId=scmNodeId,nodeAddress=/0.0.0.0:37351]
OM initialization succeeded.Current cluster id for sd=/home/runner/work/ozone/ozone/hadoop-ozone/integration-test/target/test-dir/MiniOzoneClusterImpl-489ebd61-a341-4d14-a135-ade311a26152/omNode-1/om;cid=489ebd61-a341-4d14-a135-ade311a26152;layoutVersion=3
2022-10-18 06:30:12,504 [Listener at 0.0.0.0/36933] INFO  ha.OMHANodeDetails (OMHANodeDetails.java:loadOMHAConfig(121)) - ServiceID for OzoneManager is om-service-test1
2022-10-18 06:30:12,505 [Listener at 0.0.0.0/36933] INFO  ha.OMHANodeDetails (OMHANodeDetails.java:loadOMHAConfig(201)) - Found matching OM address with OMServiceId: om-service-test1, OMNodeId: omNode-1, RPC Address: localhost:33523 and Ratis port: 46857
2022-10-18 06:30:12,505 [Listener at 0.0.0.0/36933] INFO  ha.OMHANodeDetails (ConfUtils.java:setNodeSpecificConfigs(97)) - Setting configuration key ozone.om.http-address with value of key ozone.om.http-address.om-service-test1.omNode-1: 127.0.0.1:34657
2022-10-18 06:30:12,505 [Listener at 0.0.0.0/36933] INFO  ha.OMHANodeDetails (ConfUtils.java:setNodeSpecificConfigs(97)) - Setting configuration key ozone.om.https-address with value of key ozone.om.https-address.om-service-test1.omNode-1: 127.0.0.1:43281
2022-10-18 06:30:12,505 [Listener at 0.0.0.0/36933] INFO  ha.OMHANodeDetails (ConfUtils.java:setNodeSpecificConfigs(97)) - Setting configuration key ozone.om.address with value of key ozone.om.address.om-service-test1.omNode-1: 127.0.0.1:33523
2022-10-18 06:30:12,506 [Listener at 0.0.0.0/36933] WARN  server.ServerUtils (ServerUtils.java:getDBPath(225)) - ozone.om.db.dirs is not configured. We recommend adding this setting. Falling back to ozone.metadata.dirs instead.
2022-10-18 06:30:12,507 [Listener at 0.0.0.0/36933] INFO  upgrade.AbstractLayoutVersionManager (AbstractLayoutVersionManager.java:init(83)) - Initializing Layout version manager with metadata layout = MULTITENANCY_SCHEMA (version = 3), software layout = MULTITENANCY_SCHEMA (version = 3)
2022-10-18 06:30:12,584 [Listener at 0.0.0.0/36933] INFO  reflections.Reflections (Reflections.java:scan(232)) - Reflections took 72 ms to scan 2 urls, producing 154 keys and 428 values [using 2 cores]
2022-10-18 06:30:12,588 [Listener at 0.0.0.0/36933] INFO  upgrade.OMLayoutVersionManager (OMLayoutVersionManager.java:lambda$0(115)) - Skipping Upgrade Action MockOmUpgradeAction since it has been finalized.
2022-10-18 06:30:12,589 [Listener at 0.0.0.0/36933] WARN  server.ServerUtils (ServerUtils.java:getDBPath(225)) - ozone.om.db.dirs is not configured. We recommend adding this setting. Falling back to ozone.metadata.dirs instead.
2022-10-18 06:30:12,724 [Listener at 0.0.0.0/36933] INFO  proxy.SCMBlockLocationFailoverProxyProvider (SCMBlockLocationFailoverProxyProvider.java:<init>(114)) - Created block location fail-over proxy with 1 nodes: [nodeId=scmNodeId,nodeAddress=/0.0.0.0:37351]
2022-10-18 06:30:12,735 [Listener at 0.0.0.0/36933] INFO  proxy.SCMBlockLocationFailoverProxyProvider (SCMBlockLocationFailoverProxyProvider.java:<init>(114)) - Created block location fail-over proxy with 1 nodes: [nodeId=scmNodeId,nodeAddress=/0.0.0.0:37351]
2022-10-18 06:30:12,761 [Listener at 0.0.0.0/36933] WARN  server.ServerUtils (ServerUtils.java:getDBPath(225)) - ozone.om.db.dirs is not configured. We recommend adding this setting. Falling back to ozone.metadata.dirs instead.
2022-10-18 06:30:12,766 [Listener at 0.0.0.0/36933] INFO  codec.OmKeyInfoCodec (OmKeyInfoCodec.java:<init>(49)) - OmKeyInfoCodec ignorePipeline = true
2022-10-18 06:30:12,767 [Listener at 0.0.0.0/36933] INFO  codec.RepeatedOmKeyInfoCodec (RepeatedOmKeyInfoCodec.java:<init>(41)) - RepeatedOmKeyInfoCodec ignorePipeline = true
2022-10-18 06:30:12,917 [Listener at 0.0.0.0/36933] INFO  om.OzoneManager (OzoneManager.java:instantiateServices(712)) - S3 Multi-Tenancy is disabled
2022-10-18 06:30:13,015 [Listener at 0.0.0.0/36933] INFO  om.OzoneManager (OzoneManager.java:addS3GVolumeToDB(4386)) - Created Volume s3v With Owner runner required for S3Gateway operations.
2022-10-18 06:30:13,068 [Listener at 0.0.0.0/36933] WARN  server.ServerUtils (ServerUtils.java:getDefaultRatisDirectory(237)) - Storage directory for Ratis is not configured. It is a good idea to map this to an SSD disk. Falling back to ozone.metadata.dirs
2022-10-18 06:30:13,068 [Listener at 0.0.0.0/36933] WARN  utils.OzoneManagerRatisUtils (OzoneManagerRatisUtils.java:getOMRatisSnapshotDirectory(434)) - ozone.om.ratis.snapshot.dir is not configured. Falling back to ozone.metadata.dirs config
2022-10-18 06:30:13,078 [Listener at 0.0.0.0/36933] INFO  snapshot.OzoneManagerSnapshotProvider (OzoneManagerSnapshotProvider.java:<init>(76)) - Initializing OM Snapshot Provider
2022-10-18 06:30:13,211 [Listener at 0.0.0.0/36933] WARN  server.ServerUtils (ServerUtils.java:getDefaultRatisDirectory(237)) - Storage directory for Ratis is not configured. It is a good idea to map this to an SSD disk. Falling back to ozone.metadata.dirs
2022-10-18 06:30:13,236 [Listener at 0.0.0.0/36933] INFO  ratis.OzoneManagerRatisServer (OzoneManagerRatisServer.java:<init>(160)) - Instantiating OM Ratis server with groupID: om-service-test1 and peers: localhost:46857, localhost:36149, localhost:34021
2022-10-18 06:30:13,244 [Listener at 0.0.0.0/36933] INFO  ratis.OzoneManagerStateMachine (OzoneManagerStateMachine.java:loadSnapshotInfoFromDB(632)) - LastAppliedIndex is set from TransactionInfo from OM DB as (t:0, i:~)
2022-10-18 06:30:13,288 [Listener at 0.0.0.0/36933] INFO  server.RaftServer (ConfUtils.java:logGet(46)) - raft.rpc.type = GRPC (default)
2022-10-18 06:30:13,364 [Listener at 0.0.0.0/36933] INFO  grpc.GrpcFactory (GrpcFactory.java:checkPooledByteBufAllocatorUseCacheForAllThreads(48)) - PERFORMANCE WARNING: useCacheForAllThreads is true that may cause Netty to create a lot garbage objects and, as a result, trigger GC.
	It is recommended to disable useCacheForAllThreads by setting -Dorg.apache.ratis.thirdparty.io.netty.allocator.useCacheForAllThreads=false in command line.
2022-10-18 06:30:13,368 [Listener at 0.0.0.0/36933] INFO  grpc.GrpcConfigKeys (ConfUtils.java:logGet(46)) - raft.grpc.admin.port = -1 (default)
2022-10-18 06:30:13,369 [Listener at 0.0.0.0/36933] INFO  grpc.GrpcConfigKeys (ConfUtils.java:logGet(46)) - raft.grpc.server.port = 46857 (custom)
2022-10-18 06:30:13,369 [Listener at 0.0.0.0/36933] INFO  grpc.GrpcConfigKeys (ConfUtils.java:logGet(46)) - raft.grpc.client.port = -1 (default)
2022-10-18 06:30:13,369 [Listener at 0.0.0.0/36933] INFO  grpc.GrpcConfigKeys (ConfUtils.java:logGet(46)) - raft.grpc.server.port = 46857 (custom)
2022-10-18 06:30:13,370 [Listener at 0.0.0.0/36933] INFO  grpc.GrpcConfigKeys (ConfUtils.java:logGet(46)) - raft.grpc.server.port = 46857 (custom)
2022-10-18 06:30:13,371 [Listener at 0.0.0.0/36933] INFO  server.GrpcService (ConfUtils.java:logGet(46)) - raft.grpc.message.size.max = 33554432 (custom)
2022-10-18 06:30:13,372 [Listener at 0.0.0.0/36933] INFO  server.RaftServerConfigKeys (ConfUtils.java:logGet(46)) - raft.server.log.appender.buffer.byte-limit = 33554432 (custom)
2022-10-18 06:30:13,372 [Listener at 0.0.0.0/36933] INFO  server.GrpcService (ConfUtils.java:logGet(46)) - raft.grpc.flow.control.window = 1MB (=1048576) (default)
2022-10-18 06:30:13,373 [Listener at 0.0.0.0/36933] INFO  server.RaftServerConfigKeys (ConfUtils.java:logGet(46)) - raft.server.rpc.request.timeout = 3000ms (default)
2022-10-18 06:30:13,388 [Listener at 0.0.0.0/36933] INFO  grpc.GrpcConfigKeys (ConfUtils.java:logGet(46)) - raft.grpc.server.async.request.thread.pool.cached = true (default)
2022-10-18 06:30:13,389 [Listener at 0.0.0.0/36933] INFO  grpc.GrpcConfigKeys (ConfUtils.java:logGet(46)) - raft.grpc.server.async.request.thread.pool.size = 32 (default)
2022-10-18 06:30:13,663 [Listener at 0.0.0.0/36933] INFO  impl.DataStreamServerImpl (ConfUtils.java:logGet(46)) - raft.datastream.type = DISABLED (default)
2022-10-18 06:30:13,666 [Listener at 0.0.0.0/36933] INFO  server.RaftServerConfigKeys (ConfUtils.java:logGet(46)) - raft.server.threadpool.proxy.cached = true (default)
2022-10-18 06:30:13,666 [Listener at 0.0.0.0/36933] INFO  server.RaftServerConfigKeys (ConfUtils.java:logGet(46)) - raft.server.threadpool.proxy.size = 0 (default)
2022-10-18 06:30:13,666 [Listener at 0.0.0.0/36933] INFO  server.RaftServerConfigKeys (ConfUtils.java:logGet(46)) - raft.server.rpc.slowness.timeout = 2s (custom)
2022-10-18 06:30:13,667 [Listener at 0.0.0.0/36933] INFO  server.RaftServerConfigKeys (ConfUtils.java:logGet(46)) - raft.server.leaderelection.leader.step-down.wait-time = 10s (default)
2022-10-18 06:30:13,670 [Listener at 0.0.0.0/36933] INFO  server.RaftServerConfigKeys (ConfUtils.java:logGet(46)) - raft.server.storage.dir = [/home/runner/work/ozone/ozone/hadoop-ozone/integration-test/target/test-dir/MiniOzoneClusterImpl-489ebd61-a341-4d14-a135-ade311a26152/omNode-1/ratis] (custom)
2022-10-18 06:30:13,677 [Listener at 0.0.0.0/36933] INFO  server.RaftServer (RaftServerProxy.java:addNew(96)) - omNode-1: addNew group-523986131536:[omNode-3|rpc:localhost:36149|priority:0, omNode-1|rpc:localhost:46857|priority:0, omNode-2|rpc:localhost:34021|priority:0] returns group-523986131536:java.util.concurrent.CompletableFuture@8dd572e[Not completed]
2022-10-18 06:30:13,678 [Listener at 0.0.0.0/36933] INFO  om.OzoneManager (OzoneManager.java:initializeRatisServer(1975)) - OzoneManager Ratis server initialized at port 46857
2022-10-18 06:30:13,687 [Listener at 0.0.0.0/36933] INFO  om.OzoneManager (OzoneManager.java:getRpcServer(1101)) - Creating RPC Server
2022-10-18 06:30:13,722 [pool-55-thread-1] INFO  server.RaftServer$Division (RaftServerImpl.java:<init>(190)) - omNode-1: new RaftServerImpl for group-523986131536:[omNode-3|rpc:localhost:36149|priority:0, omNode-1|rpc:localhost:46857|priority:0, omNode-2|rpc:localhost:34021|priority:0] with OzoneManagerStateMachine:uninitialized
2022-10-18 06:30:13,729 [pool-55-thread-1] INFO  server.RaftServerConfigKeys (ConfUtils.java:logGet(46)) - raft.server.rpc.timeout.min = 1s (custom)
2022-10-18 06:30:13,737 [pool-55-thread-1] INFO  server.RaftServerConfigKeys (ConfUtils.java:logGet(46)) - raft.server.rpc.timeout.max = 1200ms (custom)
2022-10-18 06:30:13,737 [pool-55-thread-1] INFO  server.RaftServerConfigKeys (ConfUtils.java:logGet(46)) - raft.server.rpc.sleep.time = 25ms (default)
2022-10-18 06:30:13,737 [pool-55-thread-1] INFO  server.RaftServerConfigKeys (ConfUtils.java:logGet(46)) - raft.server.rpc.slowness.timeout = 2s (custom)
2022-10-18 06:30:13,738 [pool-55-thread-1] INFO  server.RaftServerConfigKeys (ConfUtils.java:logGet(46)) - raft.server.leaderelection.leader.step-down.wait-time = 10s (default)
2022-10-18 06:30:13,738 [pool-55-thread-1] INFO  server.RaftServerConfigKeys (ConfUtils.java:logGet(46)) - raft.server.sleep.deviation.threshold = 300ms (default)
2022-10-18 06:30:13,745 [pool-55-thread-1] INFO  server.RaftServer$Division (ServerState.java:<init>(107)) - omNode-1@group-523986131536: ConfigurationManager, init=-1: [omNode-3|rpc:localhost:36149|priority:0, omNode-1|rpc:localhost:46857|priority:0, omNode-2|rpc:localhost:34021|priority:0], old=null, confs=<EMPTY_MAP>
2022-10-18 06:30:13,745 [pool-55-thread-1] INFO  server.RaftServerConfigKeys (ConfUtils.java:logGet(46)) - raft.server.storage.dir = [/home/runner/work/ozone/ozone/hadoop-ozone/integration-test/target/test-dir/MiniOzoneClusterImpl-489ebd61-a341-4d14-a135-ade311a26152/omNode-1/ratis] (custom)
2022-10-18 06:30:13,749 [pool-55-thread-1] INFO  server.RaftServerConfigKeys (ConfUtils.java:logGet(46)) - raft.server.log.corruption.policy = EXCEPTION (default)
2022-10-18 06:30:13,749 [pool-55-thread-1] INFO  server.RaftServerConfigKeys (ConfUtils.java:logGet(46)) - raft.server.storage.free-space.min = 0MB (=0) (default)
2022-10-18 06:30:13,751 [pool-55-thread-1] INFO  storage.RaftStorageDirectory (RaftStorageDirectoryImpl.java:analyzeStorage(135)) - The storage directory /home/runner/work/ozone/ozone/hadoop-ozone/integration-test/target/test-dir/MiniOzoneClusterImpl-489ebd61-a341-4d14-a135-ade311a26152/omNode-1/ratis/c9bc4cf4-3bc3-3c60-a66b-523986131536 does not exist. Creating ...
2022-10-18 06:30:13,765 [pool-55-thread-1] INFO  storage.RaftStorageDirectory (RaftStorageDirectoryImpl.java:tryLock(230)) - Lock on /home/runner/work/ozone/ozone/hadoop-ozone/integration-test/target/test-dir/MiniOzoneClusterImpl-489ebd61-a341-4d14-a135-ade311a26152/omNode-1/ratis/c9bc4cf4-3bc3-3c60-a66b-523986131536/in_use.lock acquired by nodename 30337@fv-az241-838
2022-10-18 06:30:13,772 [pool-55-thread-1] INFO  storage.RaftStorage (RaftStorageImpl.java:format(89)) - Storage directory /home/runner/work/ozone/ozone/hadoop-ozone/integration-test/target/test-dir/MiniOzoneClusterImpl-489ebd61-a341-4d14-a135-ade311a26152/omNode-1/ratis/c9bc4cf4-3bc3-3c60-a66b-523986131536 has been successfully formatted.
2022-10-18 06:30:13,774 [pool-55-thread-1] INFO  server.RaftServerConfigKeys (ConfUtils.java:logGet(46)) - raft.server.notification.no-leader.timeout = 2s (custom)
2022-10-18 06:30:13,805 [pool-55-thread-1] INFO  server.RaftServerConfigKeys (ConfUtils.java:logGet(46)) - raft.server.log.use.memory = false (default)
2022-10-18 06:30:13,840 [pool-55-thread-1] INFO  server.RaftServerConfigKeys (ConfUtils.java:logGet(46)) - raft.server.log.purge.gap = 50 (custom)
2022-10-18 06:30:13,840 [pool-55-thread-1] INFO  server.RaftServerConfigKeys (ConfUtils.java:logGet(46)) - raft.server.log.appender.buffer.byte-limit = 33554432 (custom)
2022-10-18 06:30:13,844 [pool-55-thread-1] INFO  server.RaftServerConfigKeys (ConfUtils.java:logGet(46)) - raft.server.log.statemachine.data.read.timeout = 1000ms (default)
2022-10-18 06:30:13,876 [pool-55-thread-1] INFO  server.RaftServerConfigKeys (ConfUtils.java:logGet(46)) - raft.server.log.segment.size.max = 4194304 (custom)
2022-10-18 06:30:13,891 [pool-55-thread-1] INFO  server.RaftServerConfigKeys (ConfUtils.java:logGet(46)) - raft.server.log.segment.cache.num.max = 2 (custom)
2022-10-18 06:30:13,891 [pool-55-thread-1] INFO  server.RaftServerConfigKeys (ConfUtils.java:logGet(46)) - raft.server.log.segment.cache.size.max = 200MB (=209715200) (default)
2022-10-18 06:30:13,909 [pool-55-thread-1] INFO  segmented.SegmentedRaftLogWorker (SegmentedRaftLogWorker.java:<init>(187)) - new omNode-1@group-523986131536-SegmentedRaftLogWorker for RaftStorageImpl:Storage Directory /home/runner/work/ozone/ozone/hadoop-ozone/integration-test/target/test-dir/MiniOzoneClusterImpl-489ebd61-a341-4d14-a135-ade311a26152/omNode-1/ratis/c9bc4cf4-3bc3-3c60-a66b-523986131536
2022-10-18 06:30:13,909 [pool-55-thread-1] INFO  server.RaftServerConfigKeys (ConfUtils.java:logGet(46)) - raft.server.log.queue.byte-limit = 64MB (=67108864) (default)
2022-10-18 06:30:13,909 [pool-55-thread-1] INFO  server.RaftServerConfigKeys (ConfUtils.java:logGet(46)) - raft.server.log.queue.element-limit = 4096 (default)
2022-10-18 06:30:13,910 [pool-55-thread-1] INFO  server.RaftServerConfigKeys (ConfUtils.java:logGet(46)) - raft.server.log.segment.size.max = 4194304 (custom)
2022-10-18 06:30:13,911 [pool-55-thread-1] INFO  server.RaftServerConfigKeys (ConfUtils.java:logGet(46)) - raft.server.log.preallocated.size = 4194304 (custom)
2022-10-18 06:30:13,911 [pool-55-thread-1] INFO  server.RaftServerConfigKeys (ConfUtils.java:logGet(46)) - raft.server.log.force.sync.num = 128 (default)
2022-10-18 06:30:13,912 [pool-55-thread-1] INFO  server.RaftServerConfigKeys (ConfUtils.java:logGet(46)) - raft.server.log.statemachine.data.sync = true (default)
2022-10-18 06:30:13,912 [pool-55-thread-1] INFO  server.RaftServerConfigKeys (ConfUtils.java:logGet(46)) - raft.server.log.statemachine.data.sync.timeout = 10s (default)
2022-10-18 06:30:13,912 [pool-55-thread-1] INFO  server.RaftServerConfigKeys (ConfUtils.java:logGet(46)) - raft.server.log.statemachine.data.sync.timeout.retry = -1 (default)
2022-10-18 06:30:13,930 [pool-55-thread-1] INFO  server.RaftServerConfigKeys (ConfUtils.java:logGet(46)) - raft.server.log.write.buffer.size = 64KB (=65536) (default)
2022-10-18 06:30:13,930 [pool-55-thread-1] INFO  server.RaftServerConfigKeys (ConfUtils.java:logGet(46)) - raft.server.log.unsafe-flush.enabled = false (default)
2022-10-18 06:30:13,931 [pool-55-thread-1] INFO  server.RaftServerConfigKeys (ConfUtils.java:logGet(46)) - raft.server.log.statemachine.data.caching.enabled = false (default)
2022-10-18 06:30:13,945 [pool-55-thread-1] INFO  segmented.SegmentedRaftLogWorker (SegmentedRaftLogWorker.java:lambda$new$0(135)) - omNode-1@group-523986131536-SegmentedRaftLogWorker: flushIndex: setUnconditionally 0 -> -1
2022-10-18 06:30:13,946 [pool-55-thread-1] INFO  segmented.SegmentedRaftLogWorker (SegmentedRaftLogWorker.java:lambda$new$0(135)) - omNode-1@group-523986131536-SegmentedRaftLogWorker: safeCacheEvictIndex: setUnconditionally 0 -> -1
2022-10-18 06:30:13,960 [pool-55-thread-1] INFO  server.RaftServerConfigKeys (ConfUtils.java:logGet(46)) - raft.server.snapshot.auto.trigger.enabled = true (custom)
2022-10-18 06:30:13,961 [pool-55-thread-1] INFO  server.RaftServerConfigKeys (ConfUtils.java:logGet(46)) - raft.server.snapshot.auto.trigger.threshold = 50 (custom)
2022-10-18 06:30:13,961 [pool-55-thread-1] INFO  server.RaftServerConfigKeys (ConfUtils.java:logGet(46)) - raft.server.snapshot.retention.file.num = -1 (default)
2022-10-18 06:30:13,962 [pool-55-thread-1] INFO  server.RaftServerConfigKeys (ConfUtils.java:logGet(46)) - raft.server.log.purge.upto.snapshot.index = true (custom)
2022-10-18 06:30:13,964 [pool-55-thread-1] INFO  server.RaftServerConfigKeys (ConfUtils.java:logGet(46)) - raft.server.retrycache.expirytime = 30000ms (custom)
2022-10-18 06:30:13,964 [pool-55-thread-1] INFO  server.RaftServerConfigKeys (ConfUtils.java:logGet(46)) - raft.server.retrycache.statistics.expirytime = 100μs (default)
2022-10-18 06:30:14,186 [pool-55-thread-1] INFO  server.RaftServerConfigKeys (ConfUtils.java:logGet(46)) - raft.server.log.appender.install.snapshot.enabled = false (custom)
2022-10-18 06:30:14,187 [pool-55-thread-1] INFO  server.RaftServerConfigKeys (ConfUtils.java:logGet(46)) - raft.server.threadpool.server.cached = true (default)
2022-10-18 06:30:14,187 [pool-55-thread-1] INFO  server.RaftServerConfigKeys (ConfUtils.java:logGet(46)) - raft.server.threadpool.server.size = 0 (default)
2022-10-18 06:30:14,187 [pool-55-thread-1] INFO  server.RaftServerConfigKeys (ConfUtils.java:logGet(46)) - raft.server.threadpool.client.cached = true (default)
2022-10-18 06:30:14,188 [pool-55-thread-1] INFO  server.RaftServerConfigKeys (ConfUtils.java:logGet(46)) - raft.server.threadpool.client.size = 0 (default)
2022-10-18 06:30:14,503 [Listener at 0.0.0.0/36933] INFO  reflections.Reflections (Reflections.java:scan(232)) - Reflections took 738 ms to scan 19 urls, producing 67 keys and 4238 values [using 2 cores]
2022-10-18 06:30:14,643 [Listener at 0.0.0.0/36933] INFO  ipc.CallQueueManager (CallQueueManager.java:<init>(90)) - Using callQueue: class java.util.concurrent.LinkedBlockingQueue, queueCapacity: 2000, scheduler: class org.apache.hadoop.ipc.DefaultRpcScheduler, ipcBackoff: false.
2022-10-18 06:30:14,644 [Socket Reader #1 for port 33523] INFO  ipc.Server (Server.java:run(1273)) - Starting Socket Reader #1 for port 33523
2022-10-18 06:30:14,670 [Listener at 127.0.0.1/33523] INFO  impl.MetricsSystemImpl (MetricsSystemImpl.java:init(158)) - OzoneManager metrics system started (again)
2022-10-18 06:30:14,681 [Listener at 127.0.0.1/33523] INFO  om.OzoneManager (OzoneManager.java:start(1482)) - OzoneManager RPC server is listening at localhost/127.0.0.1:33523
2022-10-18 06:30:14,682 [Listener at 127.0.0.1/33523] INFO  ratis.OzoneManagerRatisServer (OzoneManagerRatisServer.java:start(555)) - Starting OzoneManagerRatisServer omNode-1 at port 46857
2022-10-18 06:30:14,683 [omNode-1-impl-thread1] INFO  server.RaftServer$Division (RaftServerImpl.java:start(310)) - omNode-1@group-523986131536: start as a follower, conf=-1: [omNode-3|rpc:localhost:36149|priority:0, omNode-1|rpc:localhost:46857|priority:0, omNode-2|rpc:localhost:34021|priority:0], old=null
2022-10-18 06:30:14,683 [omNode-1-impl-thread1] INFO  server.RaftServer$Division (RaftServerImpl.java:setRole(299)) - omNode-1@group-523986131536: changes role from      null to FOLLOWER at term 0 for startAsFollower
2022-10-18 06:30:14,684 [omNode-1-impl-thread1] INFO  impl.RoleInfo (RoleInfo.java:updateAndGet(139)) - omNode-1: start omNode-1@group-523986131536-FollowerState
2022-10-18 06:30:14,686 [omNode-1-impl-thread1] INFO  util.JmxRegister (JmxRegister.java:tryRegister(44)) - Successfully registered JMX Bean with object name Ratis:service=RaftServer,group=group-523986131536,id=omNode-1
2022-10-18 06:30:14,689 [Listener at 127.0.0.1/33523] INFO  server.RaftServer (RaftServerProxy.java:lambda$start$6(382)) - omNode-1: start RPC server
2022-10-18 06:30:14,752 [Listener at 127.0.0.1/33523] INFO  server.GrpcService (GrpcService.java:startImpl(260)) - omNode-1: GrpcService started, listening on 46857
2022-10-18 06:30:14,754 [Listener at 127.0.0.1/33523] INFO  om.OzoneManager (OzoneManager.java:start(1498)) - Version File has different layout version (3) than OM DB (null). That is expected if this OM has never been finalized to a newer layout version.
2022-10-18 06:30:14,757 [org.apache.ratis.util.JvmPauseMonitor$$Lambda$703/523629281@3486cb21] INFO  util.JvmPauseMonitor (JvmPauseMonitor.java:run(103)) - JvmPauseMonitor-omNode-1: Started
2022-10-18 06:30:14,776 [Listener at 127.0.0.1/33523] INFO  http.BaseHttpServer (BaseHttpServer.java:newHttpServer2BuilderForOzone(213)) - Starting Web-server for ozoneManager at: http://0.0.0.0:34657
2022-10-18 06:30:14,776 [Listener at 127.0.0.1/33523] INFO  http.BaseHttpServer (BaseHttpServer.java:<init>(108)) - Hadoop Security Enabled: false Ozone Security Enabled: false Ozone HTTP Security Enabled: false 
2022-10-18 06:30:14,777 [Listener at 127.0.0.1/33523] WARN  server.AuthenticationFilter (AuthenticationFilter.java:constructSecretProvider(240)) - Unable to initialize FileSignerSecretProvider, falling back to use random secrets. Reason: Could not read signature secret file: /home/runner/hadoop-http-auth-signature-secret
2022-10-18 06:30:14,781 [Listener at 127.0.0.1/33523] WARN  http.HttpRequestLog (HttpRequestLog.java:getRequestLog(103)) - Jetty request log can only be enabled using Log4j
2022-10-18 06:30:14,782 [Listener at 127.0.0.1/33523] INFO  http.HttpServer2 (HttpServer2.java:addGlobalFilter(1031)) - Added global filter 'safety' (class=org.apache.hadoop.hdds.server.http.HttpServer2$QuotingInputFilter)
2022-10-18 06:30:14,786 [Listener at 127.0.0.1/33523] INFO  http.HttpServer2 (HttpServer2.java:addFilter(1007)) - Added filter static_user_filter (class=org.apache.hadoop.http.lib.StaticUserWebFilter$StaticUserFilter) to context ozoneManager
2022-10-18 06:30:14,815 [Listener at 127.0.0.1/33523] INFO  http.HttpServer2 (HttpServer2.java:addFilter(1015)) - Added filter static_user_filter (class=org.apache.hadoop.http.lib.StaticUserWebFilter$StaticUserFilter) to context logs
2022-10-18 06:30:14,815 [Listener at 127.0.0.1/33523] INFO  http.HttpServer2 (HttpServer2.java:addFilter(1015)) - Added filter static_user_filter (class=org.apache.hadoop.http.lib.StaticUserWebFilter$StaticUserFilter) to context static
2022-10-18 06:30:14,820 [Listener at 127.0.0.1/33523] INFO  http.HttpServer2 (HttpServer2.java:bindListener(1250)) - Jetty bound to port 34657
2022-10-18 06:30:14,821 [Listener at 127.0.0.1/33523] INFO  server.Server (Server.java:doStart(375)) - jetty-9.4.43.v20210629; built: 2021-06-30T11:07:22.254Z; git: 526006ecfa3af7f1a27ef3a288e2bef7ea9dd7e8; jvm 1.8.0_345-b01
2022-10-18 06:30:14,822 [Listener at 127.0.0.1/33523] INFO  server.session (DefaultSessionIdManager.java:doStart(334)) - DefaultSessionIdManager workerName=node0
2022-10-18 06:30:14,823 [Listener at 127.0.0.1/33523] INFO  server.session (DefaultSessionIdManager.java:doStart(339)) - No SessionScavenger set, using defaults
2022-10-18 06:30:14,823 [Listener at 127.0.0.1/33523] INFO  server.session (HouseKeeper.java:startScavenging(132)) - node0 Scavenging every 600000ms
2022-10-18 06:30:14,824 [Listener at 127.0.0.1/33523] INFO  handler.ContextHandler (ContextHandler.java:doStart(915)) - Started o.e.j.s.ServletContextHandler@4e637cdf{logs,/logs,file:///home/runner/work/ozone/ozone/hadoop-ozone/integration-test/target/log,AVAILABLE}
2022-10-18 06:30:14,824 [Listener at 127.0.0.1/33523] INFO  handler.ContextHandler (ContextHandler.java:doStart(915)) - Started o.e.j.s.ServletContextHandler@2f83346f{static,/static,file:///home/runner/work/ozone/ozone/hadoop-ozone/integration-test/target/test-classes/webapps/static,AVAILABLE}
2022-10-18 06:30:14,834 [Listener at 127.0.0.1/33523] INFO  handler.ContextHandler (ContextHandler.java:doStart(915)) - Started o.e.j.w.WebAppContext@4b885032{ozoneManager,/,file:///home/runner/work/ozone/ozone/hadoop-ozone/integration-test/target/test-classes/webapps/ozoneManager/,AVAILABLE}{file:/home/runner/work/ozone/ozone/hadoop-ozone/integration-test/target/test-classes/webapps/ozoneManager}
2022-10-18 06:30:14,837 [Listener at 127.0.0.1/33523] INFO  server.AbstractConnector (AbstractConnector.java:doStart(331)) - Started ServerConnector@67d62e17{HTTP/1.1, (http/1.1)}{0.0.0.0:34657}
2022-10-18 06:30:14,837 [Listener at 127.0.0.1/33523] INFO  server.Server (Server.java:doStart(415)) - Started @7021ms
2022-10-18 06:30:14,837 [Listener at 127.0.0.1/33523] WARN  impl.MetricsSystemImpl (MetricsSystemImpl.java:register(279)) - Sink prometheus already exists!
2022-10-18 06:30:14,838 [Listener at 127.0.0.1/33523] INFO  http.BaseHttpServer (BaseHttpServer.java:updateConnectorAddress(333)) - HTTP server of ozoneManager listening at http://0.0.0.0:34657
2022-10-18 06:30:14,838 [IPC Server Responder] INFO  ipc.Server (Server.java:run(1512)) - IPC Server Responder: starting
2022-10-18 06:30:14,839 [IPC Server listener on 33523] INFO  ipc.Server (Server.java:run(1352)) - IPC Server listener on 33523: starting
2022-10-18 06:30:14,841 [Listener at 127.0.0.1/33523] INFO  om.OzoneManager (OzoneManager.java:startTrashEmptier(1919)) - Trash Interval set to 0. Files deleted won't move to trash
2022-10-18 06:30:14,842 [Listener at 127.0.0.1/33523] INFO  ozone.MiniOzoneHAClusterImpl (MiniOzoneHAClusterImpl.java:createOMService(527)) - Started OzoneManager omNode-1 RPC server at localhost/127.0.0.1:33523
2022-10-18 06:30:14,843 [Listener at 127.0.0.1/33523] INFO  ha.OMHANodeDetails (OMHANodeDetails.java:loadOMHAConfig(121)) - ServiceID for OzoneManager is om-service-test1
2022-10-18 06:30:14,844 [Listener at 127.0.0.1/33523] INFO  ha.OMHANodeDetails (OMHANodeDetails.java:loadOMHAConfig(201)) - Found matching OM address with OMServiceId: om-service-test1, OMNodeId: omNode-2, RPC Address: localhost:39045 and Ratis port: 34021
2022-10-18 06:30:14,844 [Listener at 127.0.0.1/33523] INFO  ha.OMHANodeDetails (ConfUtils.java:setNodeSpecificConfigs(97)) - Setting configuration key ozone.om.http-address with value of key ozone.om.http-address.om-service-test1.omNode-2: 127.0.0.1:35391
2022-10-18 06:30:14,844 [Listener at 127.0.0.1/33523] INFO  ha.OMHANodeDetails (ConfUtils.java:setNodeSpecificConfigs(97)) - Setting configuration key ozone.om.https-address with value of key ozone.om.https-address.om-service-test1.omNode-2: 127.0.0.1:36669
2022-10-18 06:30:14,844 [Listener at 127.0.0.1/33523] INFO  ha.OMHANodeDetails (ConfUtils.java:setNodeSpecificConfigs(97)) - Setting configuration key ozone.om.address with value of key ozone.om.address.om-service-test1.omNode-2: 127.0.0.1:39045
2022-10-18 06:30:14,844 [Listener at 127.0.0.1/33523] WARN  server.ServerUtils (ServerUtils.java:getDBPath(225)) - ozone.om.db.dirs is not configured. We recommend adding this setting. Falling back to ozone.metadata.dirs instead.
2022-10-18 06:30:14,846 [Listener at 127.0.0.1/33523] INFO  proxy.SCMBlockLocationFailoverProxyProvider (SCMBlockLocationFailoverProxyProvider.java:<init>(114)) - Created block location fail-over proxy with 1 nodes: [nodeId=scmNodeId,nodeAddress=/0.0.0.0:37351]
2022-10-18 06:30:14,851 [org.apache.hadoop.util.JvmPauseMonitor$Monitor@3dad282e] INFO  util.JvmPauseMonitor (JvmPauseMonitor.java:run(188)) - Starting JVM pause monitor
OM initialization succeeded.Current cluster id for sd=/home/runner/work/ozone/ozone/hadoop-ozone/integration-test/target/test-dir/MiniOzoneClusterImpl-489ebd61-a341-4d14-a135-ade311a26152/omNode-2/om;cid=489ebd61-a341-4d14-a135-ade311a26152;layoutVersion=3
2022-10-18 06:30:14,857 [Listener at 127.0.0.1/33523] INFO  ha.OMHANodeDetails (OMHANodeDetails.java:loadOMHAConfig(121)) - ServiceID for OzoneManager is om-service-test1
2022-10-18 06:30:14,858 [Listener at 127.0.0.1/33523] INFO  ha.OMHANodeDetails (OMHANodeDetails.java:loadOMHAConfig(201)) - Found matching OM address with OMServiceId: om-service-test1, OMNodeId: omNode-2, RPC Address: localhost:39045 and Ratis port: 34021
2022-10-18 06:30:14,858 [Listener at 127.0.0.1/33523] INFO  ha.OMHANodeDetails (ConfUtils.java:setNodeSpecificConfigs(97)) - Setting configuration key ozone.om.http-address with value of key ozone.om.http-address.om-service-test1.omNode-2: 127.0.0.1:35391
2022-10-18 06:30:14,858 [Listener at 127.0.0.1/33523] INFO  ha.OMHANodeDetails (ConfUtils.java:setNodeSpecificConfigs(97)) - Setting configuration key ozone.om.https-address with value of key ozone.om.https-address.om-service-test1.omNode-2: 127.0.0.1:36669
2022-10-18 06:30:14,858 [Listener at 127.0.0.1/33523] INFO  ha.OMHANodeDetails (ConfUtils.java:setNodeSpecificConfigs(97)) - Setting configuration key ozone.om.address with value of key ozone.om.address.om-service-test1.omNode-2: 127.0.0.1:39045
2022-10-18 06:30:14,858 [Listener at 127.0.0.1/33523] WARN  server.ServerUtils (ServerUtils.java:getDBPath(225)) - ozone.om.db.dirs is not configured. We recommend adding this setting. Falling back to ozone.metadata.dirs instead.
2022-10-18 06:30:14,859 [Listener at 127.0.0.1/33523] INFO  upgrade.AbstractLayoutVersionManager (AbstractLayoutVersionManager.java:init(83)) - Initializing Layout version manager with metadata layout = MULTITENANCY_SCHEMA (version = 3), software layout = MULTITENANCY_SCHEMA (version = 3)
2022-10-18 06:30:14,931 [Listener at 127.0.0.1/33523] INFO  reflections.Reflections (Reflections.java:scan(232)) - Reflections took 71 ms to scan 2 urls, producing 154 keys and 428 values [using 2 cores]
2022-10-18 06:30:14,932 [Listener at 127.0.0.1/33523] INFO  upgrade.OMLayoutVersionManager (OMLayoutVersionManager.java:lambda$0(115)) - Skipping Upgrade Action MockOmUpgradeAction since it has been finalized.
2022-10-18 06:30:14,932 [Listener at 127.0.0.1/33523] WARN  server.ServerUtils (ServerUtils.java:getDBPath(225)) - ozone.om.db.dirs is not configured. We recommend adding this setting. Falling back to ozone.metadata.dirs instead.
2022-10-18 06:30:14,933 [Listener at 127.0.0.1/33523] INFO  proxy.SCMBlockLocationFailoverProxyProvider (SCMBlockLocationFailoverProxyProvider.java:<init>(114)) - Created block location fail-over proxy with 1 nodes: [nodeId=scmNodeId,nodeAddress=/0.0.0.0:37351]
2022-10-18 06:30:14,938 [Listener at 127.0.0.1/33523] INFO  proxy.SCMBlockLocationFailoverProxyProvider (SCMBlockLocationFailoverProxyProvider.java:<init>(114)) - Created block location fail-over proxy with 1 nodes: [nodeId=scmNodeId,nodeAddress=/0.0.0.0:37351]
2022-10-18 06:30:14,948 [Listener at 127.0.0.1/33523] WARN  server.ServerUtils (ServerUtils.java:getDBPath(225)) - ozone.om.db.dirs is not configured. We recommend adding this setting. Falling back to ozone.metadata.dirs instead.
2022-10-18 06:30:14,950 [Listener at 127.0.0.1/33523] INFO  codec.OmKeyInfoCodec (OmKeyInfoCodec.java:<init>(49)) - OmKeyInfoCodec ignorePipeline = true
2022-10-18 06:30:14,950 [Listener at 127.0.0.1/33523] INFO  codec.RepeatedOmKeyInfoCodec (RepeatedOmKeyInfoCodec.java:<init>(41)) - RepeatedOmKeyInfoCodec ignorePipeline = true
2022-10-18 06:30:15,075 [Listener at 127.0.0.1/33523] INFO  om.OzoneManager (OzoneManager.java:instantiateServices(712)) - S3 Multi-Tenancy is disabled
2022-10-18 06:30:15,077 [Listener at 127.0.0.1/33523] INFO  om.OzoneManager (OzoneManager.java:addS3GVolumeToDB(4386)) - Created Volume s3v With Owner runner required for S3Gateway operations.
2022-10-18 06:30:15,077 [Listener at 127.0.0.1/33523] WARN  server.ServerUtils (ServerUtils.java:getDefaultRatisDirectory(237)) - Storage directory for Ratis is not configured. It is a good idea to map this to an SSD disk. Falling back to ozone.metadata.dirs
2022-10-18 06:30:15,077 [Listener at 127.0.0.1/33523] WARN  utils.OzoneManagerRatisUtils (OzoneManagerRatisUtils.java:getOMRatisSnapshotDirectory(434)) - ozone.om.ratis.snapshot.dir is not configured. Falling back to ozone.metadata.dirs config
2022-10-18 06:30:15,077 [Listener at 127.0.0.1/33523] INFO  snapshot.OzoneManagerSnapshotProvider (OzoneManagerSnapshotProvider.java:<init>(76)) - Initializing OM Snapshot Provider
2022-10-18 06:30:15,081 [Listener at 127.0.0.1/33523] WARN  impl.MetricRegistriesImpl (MetricRegistriesImpl.java:addReporterRegistration(111)) - New reporters are added after registries were created. Some metrics will be missing from the reporter. Please add reporter before adding any new registry.
2022-10-18 06:30:15,082 [Listener at 127.0.0.1/33523] WARN  impl.MetricRegistriesImpl (MetricRegistriesImpl.java:addReporterRegistration(111)) - New reporters are added after registries were created. Some metrics will be missing from the reporter. Please add reporter before adding any new registry.
2022-10-18 06:30:15,082 [Listener at 127.0.0.1/33523] WARN  server.ServerUtils (ServerUtils.java:getDefaultRatisDirectory(237)) - Storage directory for Ratis is not configured. It is a good idea to map this to an SSD disk. Falling back to ozone.metadata.dirs
2022-10-18 06:30:15,083 [Listener at 127.0.0.1/33523] INFO  ratis.OzoneManagerRatisServer (OzoneManagerRatisServer.java:<init>(160)) - Instantiating OM Ratis server with groupID: om-service-test1 and peers: localhost:34021, localhost:36149, localhost:46857
2022-10-18 06:30:15,083 [Listener at 127.0.0.1/33523] INFO  ratis.OzoneManagerStateMachine (OzoneManagerStateMachine.java:loadSnapshotInfoFromDB(632)) - LastAppliedIndex is set from TransactionInfo from OM DB as (t:0, i:~)
2022-10-18 06:30:15,084 [Listener at 127.0.0.1/33523] INFO  server.RaftServer (ConfUtils.java:logGet(46)) - raft.rpc.type = GRPC (default)
2022-10-18 06:30:15,084 [Listener at 127.0.0.1/33523] INFO  grpc.GrpcFactory (GrpcFactory.java:checkPooledByteBufAllocatorUseCacheForAllThreads(48)) - PERFORMANCE WARNING: useCacheForAllThreads is true that may cause Netty to create a lot garbage objects and, as a result, trigger GC.
	It is recommended to disable useCacheForAllThreads by setting -Dorg.apache.ratis.thirdparty.io.netty.allocator.useCacheForAllThreads=false in command line.
2022-10-18 06:30:15,084 [Listener at 127.0.0.1/33523] INFO  grpc.GrpcConfigKeys (ConfUtils.java:logGet(46)) - raft.grpc.admin.port = -1 (default)
2022-10-18 06:30:15,084 [Listener at 127.0.0.1/33523] INFO  grpc.GrpcConfigKeys (ConfUtils.java:logGet(46)) - raft.grpc.server.port = 34021 (custom)
2022-10-18 06:30:15,085 [Listener at 127.0.0.1/33523] INFO  grpc.GrpcConfigKeys (ConfUtils.java:logGet(46)) - raft.grpc.client.port = -1 (default)
2022-10-18 06:30:15,085 [Listener at 127.0.0.1/33523] INFO  grpc.GrpcConfigKeys (ConfUtils.java:logGet(46)) - raft.grpc.server.port = 34021 (custom)
2022-10-18 06:30:15,085 [Listener at 127.0.0.1/33523] INFO  grpc.GrpcConfigKeys (ConfUtils.java:logGet(46)) - raft.grpc.server.port = 34021 (custom)
2022-10-18 06:30:15,085 [Listener at 127.0.0.1/33523] INFO  server.GrpcService (ConfUtils.java:logGet(46)) - raft.grpc.message.size.max = 33554432 (custom)
2022-10-18 06:30:15,085 [Listener at 127.0.0.1/33523] INFO  server.RaftServerConfigKeys (ConfUtils.java:logGet(46)) - raft.server.log.appender.buffer.byte-limit = 33554432 (custom)
2022-10-18 06:30:15,085 [Listener at 127.0.0.1/33523] INFO  server.GrpcService (ConfUtils.java:logGet(46)) - raft.grpc.flow.control.window = 1MB (=1048576) (default)
2022-10-18 06:30:15,085 [Listener at 127.0.0.1/33523] INFO  server.RaftServerConfigKeys (ConfUtils.java:logGet(46)) - raft.server.rpc.request.timeout = 3000ms (default)
2022-10-18 06:30:15,086 [Listener at 127.0.0.1/33523] INFO  grpc.GrpcConfigKeys (ConfUtils.java:logGet(46)) - raft.grpc.server.async.request.thread.pool.cached = true (default)
2022-10-18 06:30:15,086 [Listener at 127.0.0.1/33523] INFO  grpc.GrpcConfigKeys (ConfUtils.java:logGet(46)) - raft.grpc.server.async.request.thread.pool.size = 32 (default)
2022-10-18 06:30:15,087 [Listener at 127.0.0.1/33523] INFO  impl.DataStreamServerImpl (ConfUtils.java:logGet(46)) - raft.datastream.type = DISABLED (default)
2022-10-18 06:30:15,087 [Listener at 127.0.0.1/33523] INFO  server.RaftServerConfigKeys (ConfUtils.java:logGet(46)) - raft.server.threadpool.proxy.cached = true (default)
2022-10-18 06:30:15,087 [Listener at 127.0.0.1/33523] INFO  server.RaftServerConfigKeys (ConfUtils.java:logGet(46)) - raft.server.threadpool.proxy.size = 0 (default)
2022-10-18 06:30:15,087 [Listener at 127.0.0.1/33523] INFO  server.RaftServerConfigKeys (ConfUtils.java:logGet(46)) - raft.server.rpc.slowness.timeout = 2s (custom)
2022-10-18 06:30:15,087 [Listener at 127.0.0.1/33523] INFO  server.RaftServerConfigKeys (ConfUtils.java:logGet(46)) - raft.server.leaderelection.leader.step-down.wait-time = 10s (default)
2022-10-18 06:30:15,088 [Listener at 127.0.0.1/33523] INFO  server.RaftServerConfigKeys (ConfUtils.java:logGet(46)) - raft.server.storage.dir = [/home/runner/work/ozone/ozone/hadoop-ozone/integration-test/target/test-dir/MiniOzoneClusterImpl-489ebd61-a341-4d14-a135-ade311a26152/omNode-2/ratis] (custom)
2022-10-18 06:30:15,088 [Listener at 127.0.0.1/33523] INFO  server.RaftServer (RaftServerProxy.java:addNew(96)) - omNode-2: addNew group-523986131536:[omNode-3|rpc:localhost:36149|priority:0, omNode-1|rpc:localhost:46857|priority:0, omNode-2|rpc:localhost:34021|priority:0] returns group-523986131536:java.util.concurrent.CompletableFuture@482f0077[Not completed]
2022-10-18 06:30:15,089 [Listener at 127.0.0.1/33523] INFO  om.OzoneManager (OzoneManager.java:initializeRatisServer(1975)) - OzoneManager Ratis server initialized at port 34021
2022-10-18 06:30:15,090 [Listener at 127.0.0.1/33523] INFO  om.OzoneManager (OzoneManager.java:getRpcServer(1101)) - Creating RPC Server
2022-10-18 06:30:15,091 [pool-82-thread-1] INFO  server.RaftServer$Division (RaftServerImpl.java:<init>(190)) - omNode-2: new RaftServerImpl for group-523986131536:[omNode-3|rpc:localhost:36149|priority:0, omNode-1|rpc:localhost:46857|priority:0, omNode-2|rpc:localhost:34021|priority:0] with OzoneManagerStateMachine:uninitialized
2022-10-18 06:30:15,091 [pool-82-thread-1] INFO  server.RaftServerConfigKeys (ConfUtils.java:logGet(46)) - raft.server.rpc.timeout.min = 1s (custom)
2022-10-18 06:30:15,091 [pool-82-thread-1] INFO  server.RaftServerConfigKeys (ConfUtils.java:logGet(46)) - raft.server.rpc.timeout.max = 1200ms (custom)
2022-10-18 06:30:15,091 [pool-82-thread-1] INFO  server.RaftServerConfigKeys (ConfUtils.java:logGet(46)) - raft.server.rpc.sleep.time = 25ms (default)
2022-10-18 06:30:15,091 [pool-82-thread-1] INFO  server.RaftServerConfigKeys (ConfUtils.java:logGet(46)) - raft.server.rpc.slowness.timeout = 2s (custom)
2022-10-18 06:30:15,091 [pool-82-thread-1] INFO  server.RaftServerConfigKeys (ConfUtils.java:logGet(46)) - raft.server.leaderelection.leader.step-down.wait-time = 10s (default)
2022-10-18 06:30:15,092 [pool-82-thread-1] INFO  server.RaftServerConfigKeys (ConfUtils.java:logGet(46)) - raft.server.sleep.deviation.threshold = 300ms (default)
2022-10-18 06:30:15,092 [pool-82-thread-1] INFO  server.RaftServer$Division (ServerState.java:<init>(107)) - omNode-2@group-523986131536: ConfigurationManager, init=-1: [omNode-3|rpc:localhost:36149|priority:0, omNode-1|rpc:localhost:46857|priority:0, omNode-2|rpc:localhost:34021|priority:0], old=null, confs=<EMPTY_MAP>
2022-10-18 06:30:15,092 [pool-82-thread-1] INFO  server.RaftServerConfigKeys (ConfUtils.java:logGet(46)) - raft.server.storage.dir = [/home/runner/work/ozone/ozone/hadoop-ozone/integration-test/target/test-dir/MiniOzoneClusterImpl-489ebd61-a341-4d14-a135-ade311a26152/omNode-2/ratis] (custom)
2022-10-18 06:30:15,092 [pool-82-thread-1] INFO  server.RaftServerConfigKeys (ConfUtils.java:logGet(46)) - raft.server.log.corruption.policy = EXCEPTION (default)
2022-10-18 06:30:15,092 [pool-82-thread-1] INFO  server.RaftServerConfigKeys (ConfUtils.java:logGet(46)) - raft.server.storage.free-space.min = 0MB (=0) (default)
2022-10-18 06:30:15,092 [pool-82-thread-1] INFO  storage.RaftStorageDirectory (RaftStorageDirectoryImpl.java:analyzeStorage(135)) - The storage directory /home/runner/work/ozone/ozone/hadoop-ozone/integration-test/target/test-dir/MiniOzoneClusterImpl-489ebd61-a341-4d14-a135-ade311a26152/omNode-2/ratis/c9bc4cf4-3bc3-3c60-a66b-523986131536 does not exist. Creating ...
2022-10-18 06:30:15,097 [pool-82-thread-1] INFO  storage.RaftStorageDirectory (RaftStorageDirectoryImpl.java:tryLock(230)) - Lock on /home/runner/work/ozone/ozone/hadoop-ozone/integration-test/target/test-dir/MiniOzoneClusterImpl-489ebd61-a341-4d14-a135-ade311a26152/omNode-2/ratis/c9bc4cf4-3bc3-3c60-a66b-523986131536/in_use.lock acquired by nodename 30337@fv-az241-838
2022-10-18 06:30:15,098 [pool-82-thread-1] INFO  storage.RaftStorage (RaftStorageImpl.java:format(89)) - Storage directory /home/runner/work/ozone/ozone/hadoop-ozone/integration-test/target/test-dir/MiniOzoneClusterImpl-489ebd61-a341-4d14-a135-ade311a26152/omNode-2/ratis/c9bc4cf4-3bc3-3c60-a66b-523986131536 has been successfully formatted.
2022-10-18 06:30:15,099 [pool-82-thread-1] INFO  server.RaftServerConfigKeys (ConfUtils.java:logGet(46)) - raft.server.notification.no-leader.timeout = 2s (custom)
2022-10-18 06:30:15,099 [pool-82-thread-1] INFO  server.RaftServerConfigKeys (ConfUtils.java:logGet(46)) - raft.server.log.use.memory = false (default)
2022-10-18 06:30:15,099 [pool-82-thread-1] INFO  server.RaftServerConfigKeys (ConfUtils.java:logGet(46)) - raft.server.log.purge.gap = 50 (custom)
2022-10-18 06:30:15,099 [pool-82-thread-1] INFO  server.RaftServerConfigKeys (ConfUtils.java:logGet(46)) - raft.server.log.appender.buffer.byte-limit = 33554432 (custom)
2022-10-18 06:30:15,099 [pool-82-thread-1] INFO  server.RaftServerConfigKeys (ConfUtils.java:logGet(46)) - raft.server.log.statemachine.data.read.timeout = 1000ms (default)
2022-10-18 06:30:15,099 [pool-82-thread-1] INFO  server.RaftServerConfigKeys (ConfUtils.java:logGet(46)) - raft.server.log.segment.size.max = 4194304 (custom)
2022-10-18 06:30:15,100 [pool-82-thread-1] INFO  server.RaftServerConfigKeys (ConfUtils.java:logGet(46)) - raft.server.log.segment.cache.num.max = 2 (custom)
2022-10-18 06:30:15,100 [pool-82-thread-1] INFO  server.RaftServerConfigKeys (ConfUtils.java:logGet(46)) - raft.server.log.segment.cache.size.max = 200MB (=209715200) (default)
2022-10-18 06:30:15,100 [pool-82-thread-1] INFO  segmented.SegmentedRaftLogWorker (SegmentedRaftLogWorker.java:<init>(187)) - new omNode-2@group-523986131536-SegmentedRaftLogWorker for RaftStorageImpl:Storage Directory /home/runner/work/ozone/ozone/hadoop-ozone/integration-test/target/test-dir/MiniOzoneClusterImpl-489ebd61-a341-4d14-a135-ade311a26152/omNode-2/ratis/c9bc4cf4-3bc3-3c60-a66b-523986131536
2022-10-18 06:30:15,101 [pool-82-thread-1] INFO  server.RaftServerConfigKeys (ConfUtils.java:logGet(46)) - raft.server.log.queue.byte-limit = 64MB (=67108864) (default)
2022-10-18 06:30:15,101 [pool-82-thread-1] INFO  server.RaftServerConfigKeys (ConfUtils.java:logGet(46)) - raft.server.log.queue.element-limit = 4096 (default)
2022-10-18 06:30:15,101 [pool-82-thread-1] INFO  server.RaftServerConfigKeys (ConfUtils.java:logGet(46)) - raft.server.log.segment.size.max = 4194304 (custom)
2022-10-18 06:30:15,101 [pool-82-thread-1] INFO  server.RaftServerConfigKeys (ConfUtils.java:logGet(46)) - raft.server.log.preallocated.size = 4194304 (custom)
2022-10-18 06:30:15,101 [pool-82-thread-1] INFO  server.RaftServerConfigKeys (ConfUtils.java:logGet(46)) - raft.server.log.force.sync.num = 128 (default)
2022-10-18 06:30:15,101 [pool-82-thread-1] INFO  server.RaftServerConfigKeys (ConfUtils.java:logGet(46)) - raft.server.log.statemachine.data.sync = true (default)
2022-10-18 06:30:15,101 [pool-82-thread-1] INFO  server.RaftServerConfigKeys (ConfUtils.java:logGet(46)) - raft.server.log.statemachine.data.sync.timeout = 10s (default)
2022-10-18 06:30:15,102 [pool-82-thread-1] INFO  server.RaftServerConfigKeys (ConfUtils.java:logGet(46)) - raft.server.log.statemachine.data.sync.timeout.retry = -1 (default)
2022-10-18 06:30:15,102 [pool-82-thread-1] INFO  server.RaftServerConfigKeys (ConfUtils.java:logGet(46)) - raft.server.log.write.buffer.size = 64KB (=65536) (default)
2022-10-18 06:30:15,102 [pool-82-thread-1] INFO  server.RaftServerConfigKeys (ConfUtils.java:logGet(46)) - raft.server.log.unsafe-flush.enabled = false (default)
2022-10-18 06:30:15,103 [pool-82-thread-1] INFO  server.RaftServerConfigKeys (ConfUtils.java:logGet(46)) - raft.server.log.statemachine.data.caching.enabled = false (default)
2022-10-18 06:30:15,103 [pool-82-thread-1] INFO  segmented.SegmentedRaftLogWorker (SegmentedRaftLogWorker.java:lambda$new$0(135)) - omNode-2@group-523986131536-SegmentedRaftLogWorker: flushIndex: setUnconditionally 0 -> -1
2022-10-18 06:30:15,103 [pool-82-thread-1] INFO  segmented.SegmentedRaftLogWorker (SegmentedRaftLogWorker.java:lambda$new$0(135)) - omNode-2@group-523986131536-SegmentedRaftLogWorker: safeCacheEvictIndex: setUnconditionally 0 -> -1
2022-10-18 06:30:15,109 [pool-82-thread-1] INFO  server.RaftServerConfigKeys (ConfUtils.java:logGet(46)) - raft.server.snapshot.auto.trigger.enabled = true (custom)
2022-10-18 06:30:15,109 [pool-82-thread-1] INFO  server.RaftServerConfigKeys (ConfUtils.java:logGet(46)) - raft.server.snapshot.auto.trigger.threshold = 50 (custom)
2022-10-18 06:30:15,109 [pool-82-thread-1] INFO  server.RaftServerConfigKeys (ConfUtils.java:logGet(46)) - raft.server.snapshot.retention.file.num = -1 (default)
2022-10-18 06:30:15,109 [pool-82-thread-1] INFO  server.RaftServerConfigKeys (ConfUtils.java:logGet(46)) - raft.server.log.purge.upto.snapshot.index = true (custom)
2022-10-18 06:30:15,109 [pool-82-thread-1] INFO  server.RaftServerConfigKeys (ConfUtils.java:logGet(46)) - raft.server.retrycache.expirytime = 30000ms (custom)
2022-10-18 06:30:15,109 [pool-82-thread-1] INFO  server.RaftServerConfigKeys (ConfUtils.java:logGet(46)) - raft.server.retrycache.statistics.expirytime = 100μs (default)
2022-10-18 06:30:15,113 [pool-82-thread-1] INFO  server.RaftServerConfigKeys (ConfUtils.java:logGet(46)) - raft.server.log.appender.install.snapshot.enabled = false (custom)
2022-10-18 06:30:15,113 [pool-82-thread-1] INFO  server.RaftServerConfigKeys (ConfUtils.java:logGet(46)) - raft.server.threadpool.server.cached = true (default)
2022-10-18 06:30:15,113 [pool-82-thread-1] INFO  server.RaftServerConfigKeys (ConfUtils.java:logGet(46)) - raft.server.threadpool.server.size = 0 (default)
2022-10-18 06:30:15,113 [pool-82-thread-1] INFO  server.RaftServerConfigKeys (ConfUtils.java:logGet(46)) - raft.server.threadpool.client.cached = true (default)
2022-10-18 06:30:15,113 [pool-82-thread-1] INFO  server.RaftServerConfigKeys (ConfUtils.java:logGet(46)) - raft.server.threadpool.client.size = 0 (default)
2022-10-18 06:30:15,533 [Listener at 127.0.0.1/33523] INFO  reflections.Reflections (Reflections.java:scan(232)) - Reflections took 442 ms to scan 19 urls, producing 67 keys and 4238 values [using 2 cores]
2022-10-18 06:30:15,534 [Listener at 127.0.0.1/33523] INFO  ipc.CallQueueManager (CallQueueManager.java:<init>(90)) - Using callQueue: class java.util.concurrent.LinkedBlockingQueue, queueCapacity: 2000, scheduler: class org.apache.hadoop.ipc.DefaultRpcScheduler, ipcBackoff: false.
2022-10-18 06:30:15,543 [Socket Reader #1 for port 39045] INFO  ipc.Server (Server.java:run(1273)) - Starting Socket Reader #1 for port 39045
2022-10-18 06:30:15,562 [Listener at 127.0.0.1/39045] INFO  impl.MetricsSystemImpl (MetricsSystemImpl.java:init(158)) - OzoneManager metrics system started (again)
2022-10-18 06:30:15,574 [Listener at 127.0.0.1/39045] INFO  om.OzoneManager (OzoneManager.java:start(1482)) - OzoneManager RPC server is listening at localhost/127.0.0.1:39045
2022-10-18 06:30:15,574 [Listener at 127.0.0.1/39045] INFO  ratis.OzoneManagerRatisServer (OzoneManagerRatisServer.java:start(555)) - Starting OzoneManagerRatisServer omNode-2 at port 34021
2022-10-18 06:30:15,574 [omNode-2-impl-thread1] INFO  server.RaftServer$Division (RaftServerImpl.java:start(310)) - omNode-2@group-523986131536: start as a follower, conf=-1: [omNode-3|rpc:localhost:36149|priority:0, omNode-1|rpc:localhost:46857|priority:0, omNode-2|rpc:localhost:34021|priority:0], old=null
2022-10-18 06:30:15,574 [omNode-2-impl-thread1] INFO  server.RaftServer$Division (RaftServerImpl.java:setRole(299)) - omNode-2@group-523986131536: changes role from      null to FOLLOWER at term 0 for startAsFollower
2022-10-18 06:30:15,574 [omNode-2-impl-thread1] INFO  impl.RoleInfo (RoleInfo.java:updateAndGet(139)) - omNode-2: start omNode-2@group-523986131536-FollowerState
2022-10-18 06:30:15,575 [omNode-2-impl-thread1] INFO  util.JmxRegister (JmxRegister.java:tryRegister(44)) - Successfully registered JMX Bean with object name Ratis:service=RaftServer,group=group-523986131536,id=omNode-2
2022-10-18 06:30:15,577 [Listener at 127.0.0.1/39045] INFO  server.RaftServer (RaftServerProxy.java:lambda$start$6(382)) - omNode-2: start RPC server
2022-10-18 06:30:15,582 [Listener at 127.0.0.1/39045] INFO  server.GrpcService (GrpcService.java:startImpl(260)) - omNode-2: GrpcService started, listening on 34021
2022-10-18 06:30:15,582 [Listener at 127.0.0.1/39045] INFO  om.OzoneManager (OzoneManager.java:start(1498)) - Version File has different layout version (3) than OM DB (null). That is expected if this OM has never been finalized to a newer layout version.
2022-10-18 06:30:15,583 [org.apache.ratis.util.JvmPauseMonitor$$Lambda$703/523629281@52d710e2] INFO  util.JvmPauseMonitor (JvmPauseMonitor.java:run(103)) - JvmPauseMonitor-omNode-2: Started
2022-10-18 06:30:15,594 [Listener at 127.0.0.1/39045] INFO  http.BaseHttpServer (BaseHttpServer.java:newHttpServer2BuilderForOzone(213)) - Starting Web-server for ozoneManager at: http://0.0.0.0:35391
2022-10-18 06:30:15,594 [Listener at 127.0.0.1/39045] INFO  http.BaseHttpServer (BaseHttpServer.java:<init>(108)) - Hadoop Security Enabled: false Ozone Security Enabled: false Ozone HTTP Security Enabled: false 
2022-10-18 06:30:15,596 [Listener at 127.0.0.1/39045] WARN  server.AuthenticationFilter (AuthenticationFilter.java:constructSecretProvider(240)) - Unable to initialize FileSignerSecretProvider, falling back to use random secrets. Reason: Could not read signature secret file: /home/runner/hadoop-http-auth-signature-secret
2022-10-18 06:30:15,596 [Listener at 127.0.0.1/39045] WARN  http.HttpRequestLog (HttpRequestLog.java:getRequestLog(103)) - Jetty request log can only be enabled using Log4j
2022-10-18 06:30:15,598 [Listener at 127.0.0.1/39045] INFO  http.HttpServer2 (HttpServer2.java:addGlobalFilter(1031)) - Added global filter 'safety' (class=org.apache.hadoop.hdds.server.http.HttpServer2$QuotingInputFilter)
2022-10-18 06:30:15,599 [Listener at 127.0.0.1/39045] INFO  http.HttpServer2 (HttpServer2.java:addFilter(1007)) - Added filter static_user_filter (class=org.apache.hadoop.http.lib.StaticUserWebFilter$StaticUserFilter) to context ozoneManager
2022-10-18 06:30:15,599 [Listener at 127.0.0.1/39045] INFO  http.HttpServer2 (HttpServer2.java:addFilter(1015)) - Added filter static_user_filter (class=org.apache.hadoop.http.lib.StaticUserWebFilter$StaticUserFilter) to context logs
2022-10-18 06:30:15,599 [Listener at 127.0.0.1/39045] INFO  http.HttpServer2 (HttpServer2.java:addFilter(1015)) - Added filter static_user_filter (class=org.apache.hadoop.http.lib.StaticUserWebFilter$StaticUserFilter) to context static
2022-10-18 06:30:15,600 [Listener at 127.0.0.1/39045] INFO  http.HttpServer2 (HttpServer2.java:bindListener(1250)) - Jetty bound to port 35391
2022-10-18 06:30:15,600 [Listener at 127.0.0.1/39045] INFO  server.Server (Server.java:doStart(375)) - jetty-9.4.43.v20210629; built: 2021-06-30T11:07:22.254Z; git: 526006ecfa3af7f1a27ef3a288e2bef7ea9dd7e8; jvm 1.8.0_345-b01
2022-10-18 06:30:15,603 [Listener at 127.0.0.1/39045] INFO  server.session (DefaultSessionIdManager.java:doStart(334)) - DefaultSessionIdManager workerName=node0
2022-10-18 06:30:15,603 [Listener at 127.0.0.1/39045] INFO  server.session (DefaultSessionIdManager.java:doStart(339)) - No SessionScavenger set, using defaults
2022-10-18 06:30:15,603 [Listener at 127.0.0.1/39045] INFO  server.session (HouseKeeper.java:startScavenging(132)) - node0 Scavenging every 600000ms
2022-10-18 06:30:15,604 [Listener at 127.0.0.1/39045] INFO  handler.ContextHandler (ContextHandler.java:doStart(915)) - Started o.e.j.s.ServletContextHandler@263f26b3{logs,/logs,file:///home/runner/work/ozone/ozone/hadoop-ozone/integration-test/target/log,AVAILABLE}
2022-10-18 06:30:15,605 [Listener at 127.0.0.1/39045] INFO  handler.ContextHandler (ContextHandler.java:doStart(915)) - Started o.e.j.s.ServletContextHandler@4467fbd8{static,/static,file:///home/runner/work/ozone/ozone/hadoop-ozone/integration-test/target/test-classes/webapps/static,AVAILABLE}
2022-10-18 06:30:15,608 [Listener at 127.0.0.1/39045] INFO  handler.ContextHandler (ContextHandler.java:doStart(915)) - Started o.e.j.w.WebAppContext@2cf97fb4{ozoneManager,/,file:///home/runner/work/ozone/ozone/hadoop-ozone/integration-test/target/test-classes/webapps/ozoneManager/,AVAILABLE}{file:/home/runner/work/ozone/ozone/hadoop-ozone/integration-test/target/test-classes/webapps/ozoneManager}
2022-10-18 06:30:15,609 [Listener at 127.0.0.1/39045] INFO  server.AbstractConnector (AbstractConnector.java:doStart(331)) - Started ServerConnector@6e8123dd{HTTP/1.1, (http/1.1)}{0.0.0.0:35391}
2022-10-18 06:30:15,609 [Listener at 127.0.0.1/39045] INFO  server.Server (Server.java:doStart(415)) - Started @7793ms
2022-10-18 06:30:15,609 [Listener at 127.0.0.1/39045] WARN  impl.MetricsSystemImpl (MetricsSystemImpl.java:register(279)) - Sink prometheus already exists!
2022-10-18 06:30:15,610 [Listener at 127.0.0.1/39045] INFO  http.BaseHttpServer (BaseHttpServer.java:updateConnectorAddress(333)) - HTTP server of ozoneManager listening at http://0.0.0.0:35391
2022-10-18 06:30:15,610 [IPC Server Responder] INFO  ipc.Server (Server.java:run(1512)) - IPC Server Responder: starting
2022-10-18 06:30:15,610 [IPC Server listener on 39045] INFO  ipc.Server (Server.java:run(1352)) - IPC Server listener on 39045: starting
2022-10-18 06:30:15,617 [Listener at 127.0.0.1/39045] INFO  om.OzoneManager (OzoneManager.java:startTrashEmptier(1919)) - Trash Interval set to 0. Files deleted won't move to trash
2022-10-18 06:30:15,618 [Listener at 127.0.0.1/39045] INFO  ozone.MiniOzoneHAClusterImpl (MiniOzoneHAClusterImpl.java:createOMService(527)) - Started OzoneManager omNode-2 RPC server at localhost/127.0.0.1:39045
2022-10-18 06:30:15,618 [Listener at 127.0.0.1/39045] INFO  ha.OMHANodeDetails (OMHANodeDetails.java:loadOMHAConfig(121)) - ServiceID for OzoneManager is om-service-test1
2022-10-18 06:30:15,619 [Listener at 127.0.0.1/39045] INFO  ha.OMHANodeDetails (OMHANodeDetails.java:loadOMHAConfig(201)) - Found matching OM address with OMServiceId: om-service-test1, OMNodeId: omNode-3, RPC Address: localhost:45465 and Ratis port: 36149
2022-10-18 06:30:15,619 [Listener at 127.0.0.1/39045] INFO  ha.OMHANodeDetails (ConfUtils.java:setNodeSpecificConfigs(97)) - Setting configuration key ozone.om.http-address with value of key ozone.om.http-address.om-service-test1.omNode-3: 127.0.0.1:45739
2022-10-18 06:30:15,619 [Listener at 127.0.0.1/39045] INFO  ha.OMHANodeDetails (ConfUtils.java:setNodeSpecificConfigs(97)) - Setting configuration key ozone.om.https-address with value of key ozone.om.https-address.om-service-test1.omNode-3: 127.0.0.1:43781
2022-10-18 06:30:15,619 [Listener at 127.0.0.1/39045] INFO  ha.OMHANodeDetails (ConfUtils.java:setNodeSpecificConfigs(97)) - Setting configuration key ozone.om.address with value of key ozone.om.address.om-service-test1.omNode-3: 127.0.0.1:45465
2022-10-18 06:30:15,620 [Listener at 127.0.0.1/39045] WARN  server.ServerUtils (ServerUtils.java:getDBPath(225)) - ozone.om.db.dirs is not configured. We recommend adding this setting. Falling back to ozone.metadata.dirs instead.
2022-10-18 06:30:15,621 [Listener at 127.0.0.1/39045] INFO  proxy.SCMBlockLocationFailoverProxyProvider (SCMBlockLocationFailoverProxyProvider.java:<init>(114)) - Created block location fail-over proxy with 1 nodes: [nodeId=scmNodeId,nodeAddress=/0.0.0.0:37351]
2022-10-18 06:30:15,622 [org.apache.hadoop.util.JvmPauseMonitor$Monitor@1d113d9d] INFO  util.JvmPauseMonitor (JvmPauseMonitor.java:run(188)) - Starting JVM pause monitor
OM initialization succeeded.Current cluster id for sd=/home/runner/work/ozone/ozone/hadoop-ozone/integration-test/target/test-dir/MiniOzoneClusterImpl-489ebd61-a341-4d14-a135-ade311a26152/omNode-3/om;cid=489ebd61-a341-4d14-a135-ade311a26152;layoutVersion=3
2022-10-18 06:30:15,631 [Listener at 127.0.0.1/39045] INFO  ha.OMHANodeDetails (OMHANodeDetails.java:loadOMHAConfig(121)) - ServiceID for OzoneManager is om-service-test1
2022-10-18 06:30:15,631 [Listener at 127.0.0.1/39045] INFO  ha.OMHANodeDetails (OMHANodeDetails.java:loadOMHAConfig(201)) - Found matching OM address with OMServiceId: om-service-test1, OMNodeId: omNode-3, RPC Address: localhost:45465 and Ratis port: 36149
2022-10-18 06:30:15,632 [Listener at 127.0.0.1/39045] INFO  ha.OMHANodeDetails (ConfUtils.java:setNodeSpecificConfigs(97)) - Setting configuration key ozone.om.http-address with value of key ozone.om.http-address.om-service-test1.omNode-3: 127.0.0.1:45739
2022-10-18 06:30:15,632 [Listener at 127.0.0.1/39045] INFO  ha.OMHANodeDetails (ConfUtils.java:setNodeSpecificConfigs(97)) - Setting configuration key ozone.om.https-address with value of key ozone.om.https-address.om-service-test1.omNode-3: 127.0.0.1:43781
2022-10-18 06:30:15,632 [Listener at 127.0.0.1/39045] INFO  ha.OMHANodeDetails (ConfUtils.java:setNodeSpecificConfigs(97)) - Setting configuration key ozone.om.address with value of key ozone.om.address.om-service-test1.omNode-3: 127.0.0.1:45465
2022-10-18 06:30:15,632 [Listener at 127.0.0.1/39045] WARN  server.ServerUtils (ServerUtils.java:getDBPath(225)) - ozone.om.db.dirs is not configured. We recommend adding this setting. Falling back to ozone.metadata.dirs instead.
2022-10-18 06:30:15,632 [Listener at 127.0.0.1/39045] INFO  upgrade.AbstractLayoutVersionManager (AbstractLayoutVersionManager.java:init(83)) - Initializing Layout version manager with metadata layout = MULTITENANCY_SCHEMA (version = 3), software layout = MULTITENANCY_SCHEMA (version = 3)
2022-10-18 06:30:15,691 [Listener at 127.0.0.1/39045] INFO  reflections.Reflections (Reflections.java:scan(232)) - Reflections took 57 ms to scan 2 urls, producing 154 keys and 428 values [using 2 cores]
2022-10-18 06:30:15,691 [Listener at 127.0.0.1/39045] INFO  upgrade.OMLayoutVersionManager (OMLayoutVersionManager.java:lambda$0(115)) - Skipping Upgrade Action MockOmUpgradeAction since it has been finalized.
2022-10-18 06:30:15,691 [Listener at 127.0.0.1/39045] WARN  server.ServerUtils (ServerUtils.java:getDBPath(225)) - ozone.om.db.dirs is not configured. We recommend adding this setting. Falling back to ozone.metadata.dirs instead.
2022-10-18 06:30:15,692 [Listener at 127.0.0.1/39045] INFO  proxy.SCMBlockLocationFailoverProxyProvider (SCMBlockLocationFailoverProxyProvider.java:<init>(114)) - Created block location fail-over proxy with 1 nodes: [nodeId=scmNodeId,nodeAddress=/0.0.0.0:37351]
2022-10-18 06:30:15,694 [Listener at 127.0.0.1/39045] INFO  proxy.SCMBlockLocationFailoverProxyProvider (SCMBlockLocationFailoverProxyProvider.java:<init>(114)) - Created block location fail-over proxy with 1 nodes: [nodeId=scmNodeId,nodeAddress=/0.0.0.0:37351]
2022-10-18 06:30:15,709 [Listener at 127.0.0.1/39045] WARN  server.ServerUtils (ServerUtils.java:getDBPath(225)) - ozone.om.db.dirs is not configured. We recommend adding this setting. Falling back to ozone.metadata.dirs instead.
2022-10-18 06:30:15,709 [Listener at 127.0.0.1/39045] INFO  codec.OmKeyInfoCodec (OmKeyInfoCodec.java:<init>(49)) - OmKeyInfoCodec ignorePipeline = true
2022-10-18 06:30:15,709 [Listener at 127.0.0.1/39045] INFO  codec.RepeatedOmKeyInfoCodec (RepeatedOmKeyInfoCodec.java:<init>(41)) - RepeatedOmKeyInfoCodec ignorePipeline = true
2022-10-18 06:30:15,786 [omNode-1@group-523986131536-FollowerState] INFO  impl.FollowerState (FollowerState.java:run(143)) - omNode-1@group-523986131536-FollowerState: change to CANDIDATE, lastRpcElapsedTime:1101870976ns, electionTimeout:1100ms
2022-10-18 06:30:15,787 [omNode-1@group-523986131536-FollowerState] INFO  impl.RoleInfo (RoleInfo.java:shutdownFollowerState(110)) - omNode-1: shutdown omNode-1@group-523986131536-FollowerState
2022-10-18 06:30:15,787 [omNode-1@group-523986131536-FollowerState] INFO  server.RaftServer$Division (RaftServerImpl.java:setRole(299)) - omNode-1@group-523986131536: changes role from  FOLLOWER to CANDIDATE at term 0 for changeToCandidate
2022-10-18 06:30:15,807 [omNode-1@group-523986131536-FollowerState] INFO  server.RaftServerConfigKeys (ConfUtils.java:logGet(46)) - raft.server.leaderelection.pre-vote = false (custom)
2022-10-18 06:30:15,807 [omNode-1@group-523986131536-FollowerState] INFO  impl.RoleInfo (RoleInfo.java:updateAndGet(139)) - omNode-1: start omNode-1@group-523986131536-LeaderElection1
2022-10-18 06:30:15,824 [omNode-1@group-523986131536-LeaderElection1] INFO  impl.LeaderElection (LeaderElection.java:askForVotes(310)) - omNode-1@group-523986131536-LeaderElection1 ELECTION round 0: submit vote requests at term 1 for -1: [omNode-3|rpc:localhost:36149|priority:0, omNode-1|rpc:localhost:46857|priority:0, omNode-2|rpc:localhost:34021|priority:0], old=null
2022-10-18 06:30:15,878 [Listener at 127.0.0.1/39045] INFO  om.OzoneManager (OzoneManager.java:instantiateServices(712)) - S3 Multi-Tenancy is disabled
2022-10-18 06:30:15,879 [Listener at 127.0.0.1/39045] INFO  om.OzoneManager (OzoneManager.java:addS3GVolumeToDB(4386)) - Created Volume s3v With Owner runner required for S3Gateway operations.
2022-10-18 06:30:15,880 [Listener at 127.0.0.1/39045] WARN  server.ServerUtils (ServerUtils.java:getDefaultRatisDirectory(237)) - Storage directory for Ratis is not configured. It is a good idea to map this to an SSD disk. Falling back to ozone.metadata.dirs
2022-10-18 06:30:15,880 [Listener at 127.0.0.1/39045] WARN  utils.OzoneManagerRatisUtils (OzoneManagerRatisUtils.java:getOMRatisSnapshotDirectory(434)) - ozone.om.ratis.snapshot.dir is not configured. Falling back to ozone.metadata.dirs config
2022-10-18 06:30:15,880 [Listener at 127.0.0.1/39045] INFO  snapshot.OzoneManagerSnapshotProvider (OzoneManagerSnapshotProvider.java:<init>(76)) - Initializing OM Snapshot Provider
2022-10-18 06:30:15,885 [Listener at 127.0.0.1/39045] WARN  impl.MetricRegistriesImpl (MetricRegistriesImpl.java:addReporterRegistration(111)) - New reporters are added after registries were created. Some metrics will be missing from the reporter. Please add reporter before adding any new registry.
2022-10-18 06:30:15,886 [Listener at 127.0.0.1/39045] WARN  impl.MetricRegistriesImpl (MetricRegistriesImpl.java:addReporterRegistration(111)) - New reporters are added after registries were created. Some metrics will be missing from the reporter. Please add reporter before adding any new registry.
2022-10-18 06:30:15,886 [Listener at 127.0.0.1/39045] WARN  server.ServerUtils (ServerUtils.java:getDefaultRatisDirectory(237)) - Storage directory for Ratis is not configured. It is a good idea to map this to an SSD disk. Falling back to ozone.metadata.dirs
2022-10-18 06:30:15,887 [Listener at 127.0.0.1/39045] INFO  ratis.OzoneManagerRatisServer (OzoneManagerRatisServer.java:<init>(160)) - Instantiating OM Ratis server with groupID: om-service-test1 and peers: localhost:36149, localhost:46857, localhost:34021
2022-10-18 06:30:15,887 [Listener at 127.0.0.1/39045] INFO  ratis.OzoneManagerStateMachine (OzoneManagerStateMachine.java:loadSnapshotInfoFromDB(632)) - LastAppliedIndex is set from TransactionInfo from OM DB as (t:0, i:~)
2022-10-18 06:30:15,888 [Listener at 127.0.0.1/39045] INFO  server.RaftServer (ConfUtils.java:logGet(46)) - raft.rpc.type = GRPC (default)
2022-10-18 06:30:15,888 [Listener at 127.0.0.1/39045] INFO  grpc.GrpcFactory (GrpcFactory.java:checkPooledByteBufAllocatorUseCacheForAllThreads(48)) - PERFORMANCE WARNING: useCacheForAllThreads is true that may cause Netty to create a lot garbage objects and, as a result, trigger GC.
	It is recommended to disable useCacheForAllThreads by setting -Dorg.apache.ratis.thirdparty.io.netty.allocator.useCacheForAllThreads=false in command line.
2022-10-18 06:30:15,888 [Listener at 127.0.0.1/39045] INFO  grpc.GrpcConfigKeys (ConfUtils.java:logGet(46)) - raft.grpc.admin.port = -1 (default)
2022-10-18 06:30:15,888 [Listener at 127.0.0.1/39045] INFO  grpc.GrpcConfigKeys (ConfUtils.java:logGet(46)) - raft.grpc.server.port = 36149 (custom)
2022-10-18 06:30:15,888 [Listener at 127.0.0.1/39045] INFO  grpc.GrpcConfigKeys (ConfUtils.java:logGet(46)) - raft.grpc.client.port = -1 (default)
2022-10-18 06:30:15,888 [Listener at 127.0.0.1/39045] INFO  grpc.GrpcConfigKeys (ConfUtils.java:logGet(46)) - raft.grpc.server.port = 36149 (custom)
2022-10-18 06:30:15,889 [Listener at 127.0.0.1/39045] INFO  grpc.GrpcConfigKeys (ConfUtils.java:logGet(46)) - raft.grpc.server.port = 36149 (custom)
2022-10-18 06:30:15,889 [Listener at 127.0.0.1/39045] INFO  server.GrpcService (ConfUtils.java:logGet(46)) - raft.grpc.message.size.max = 33554432 (custom)
2022-10-18 06:30:15,889 [Listener at 127.0.0.1/39045] INFO  server.RaftServerConfigKeys (ConfUtils.java:logGet(46)) - raft.server.log.appender.buffer.byte-limit = 33554432 (custom)
2022-10-18 06:30:15,889 [Listener at 127.0.0.1/39045] INFO  server.GrpcService (ConfUtils.java:logGet(46)) - raft.grpc.flow.control.window = 1MB (=1048576) (default)
2022-10-18 06:30:15,889 [Listener at 127.0.0.1/39045] INFO  server.RaftServerConfigKeys (ConfUtils.java:logGet(46)) - raft.server.rpc.request.timeout = 3000ms (default)
2022-10-18 06:30:15,889 [Listener at 127.0.0.1/39045] INFO  grpc.GrpcConfigKeys (ConfUtils.java:logGet(46)) - raft.grpc.server.async.request.thread.pool.cached = true (default)
2022-10-18 06:30:15,889 [Listener at 127.0.0.1/39045] INFO  grpc.GrpcConfigKeys (ConfUtils.java:logGet(46)) - raft.grpc.server.async.request.thread.pool.size = 32 (default)
2022-10-18 06:30:15,890 [Listener at 127.0.0.1/39045] INFO  impl.DataStreamServerImpl (ConfUtils.java:logGet(46)) - raft.datastream.type = DISABLED (default)
2022-10-18 06:30:15,891 [Listener at 127.0.0.1/39045] INFO  server.RaftServerConfigKeys (ConfUtils.java:logGet(46)) - raft.server.threadpool.proxy.cached = true (default)
2022-10-18 06:30:15,891 [Listener at 127.0.0.1/39045] INFO  server.RaftServerConfigKeys (ConfUtils.java:logGet(46)) - raft.server.threadpool.proxy.size = 0 (default)
2022-10-18 06:30:15,891 [Listener at 127.0.0.1/39045] INFO  server.RaftServerConfigKeys (ConfUtils.java:logGet(46)) - raft.server.rpc.slowness.timeout = 2s (custom)
2022-10-18 06:30:15,891 [Listener at 127.0.0.1/39045] INFO  server.RaftServerConfigKeys (ConfUtils.java:logGet(46)) - raft.server.leaderelection.leader.step-down.wait-time = 10s (default)
2022-10-18 06:30:15,891 [Listener at 127.0.0.1/39045] INFO  server.RaftServerConfigKeys (ConfUtils.java:logGet(46)) - raft.server.storage.dir = [/home/runner/work/ozone/ozone/hadoop-ozone/integration-test/target/test-dir/MiniOzoneClusterImpl-489ebd61-a341-4d14-a135-ade311a26152/omNode-3/ratis] (custom)
2022-10-18 06:30:15,898 [Listener at 127.0.0.1/39045] INFO  server.RaftServer (RaftServerProxy.java:addNew(96)) - omNode-3: addNew group-523986131536:[omNode-3|rpc:localhost:36149|priority:0, omNode-1|rpc:localhost:46857|priority:0, omNode-2|rpc:localhost:34021|priority:0] returns group-523986131536:java.util.concurrent.CompletableFuture@10832790[Not completed]
2022-10-18 06:30:15,898 [Listener at 127.0.0.1/39045] INFO  om.OzoneManager (OzoneManager.java:initializeRatisServer(1975)) - OzoneManager Ratis server initialized at port 36149
2022-10-18 06:30:15,905 [Listener at 127.0.0.1/39045] INFO  om.OzoneManager (OzoneManager.java:getRpcServer(1101)) - Creating RPC Server
2022-10-18 06:30:15,906 [pool-107-thread-1] INFO  server.RaftServer$Division (RaftServerImpl.java:<init>(190)) - omNode-3: new RaftServerImpl for group-523986131536:[omNode-3|rpc:localhost:36149|priority:0, omNode-1|rpc:localhost:46857|priority:0, omNode-2|rpc:localhost:34021|priority:0] with OzoneManagerStateMachine:uninitialized
2022-10-18 06:30:15,907 [pool-107-thread-1] INFO  server.RaftServerConfigKeys (ConfUtils.java:logGet(46)) - raft.server.rpc.timeout.min = 1s (custom)
2022-10-18 06:30:15,907 [pool-107-thread-1] INFO  server.RaftServerConfigKeys (ConfUtils.java:logGet(46)) - raft.server.rpc.timeout.max = 1200ms (custom)
2022-10-18 06:30:15,907 [pool-107-thread-1] INFO  server.RaftServerConfigKeys (ConfUtils.java:logGet(46)) - raft.server.rpc.sleep.time = 25ms (default)
2022-10-18 06:30:15,907 [pool-107-thread-1] INFO  server.RaftServerConfigKeys (ConfUtils.java:logGet(46)) - raft.server.rpc.slowness.timeout = 2s (custom)
2022-10-18 06:30:15,907 [pool-107-thread-1] INFO  server.RaftServerConfigKeys (ConfUtils.java:logGet(46)) - raft.server.leaderelection.leader.step-down.wait-time = 10s (default)
2022-10-18 06:30:15,907 [pool-107-thread-1] INFO  server.RaftServerConfigKeys (ConfUtils.java:logGet(46)) - raft.server.sleep.deviation.threshold = 300ms (default)
2022-10-18 06:30:15,907 [pool-107-thread-1] INFO  server.RaftServer$Division (ServerState.java:<init>(107)) - omNode-3@group-523986131536: ConfigurationManager, init=-1: [omNode-3|rpc:localhost:36149|priority:0, omNode-1|rpc:localhost:46857|priority:0, omNode-2|rpc:localhost:34021|priority:0], old=null, confs=<EMPTY_MAP>
2022-10-18 06:30:15,907 [pool-107-thread-1] INFO  server.RaftServerConfigKeys (ConfUtils.java:logGet(46)) - raft.server.storage.dir = [/home/runner/work/ozone/ozone/hadoop-ozone/integration-test/target/test-dir/MiniOzoneClusterImpl-489ebd61-a341-4d14-a135-ade311a26152/omNode-3/ratis] (custom)
2022-10-18 06:30:15,907 [pool-107-thread-1] INFO  server.RaftServerConfigKeys (ConfUtils.java:logGet(46)) - raft.server.log.corruption.policy = EXCEPTION (default)
2022-10-18 06:30:15,907 [pool-107-thread-1] INFO  server.RaftServerConfigKeys (ConfUtils.java:logGet(46)) - raft.server.storage.free-space.min = 0MB (=0) (default)
2022-10-18 06:30:15,907 [pool-107-thread-1] INFO  storage.RaftStorageDirectory (RaftStorageDirectoryImpl.java:analyzeStorage(135)) - The storage directory /home/runner/work/ozone/ozone/hadoop-ozone/integration-test/target/test-dir/MiniOzoneClusterImpl-489ebd61-a341-4d14-a135-ade311a26152/omNode-3/ratis/c9bc4cf4-3bc3-3c60-a66b-523986131536 does not exist. Creating ...
2022-10-18 06:30:15,909 [pool-107-thread-1] INFO  storage.RaftStorageDirectory (RaftStorageDirectoryImpl.java:tryLock(230)) - Lock on /home/runner/work/ozone/ozone/hadoop-ozone/integration-test/target/test-dir/MiniOzoneClusterImpl-489ebd61-a341-4d14-a135-ade311a26152/omNode-3/ratis/c9bc4cf4-3bc3-3c60-a66b-523986131536/in_use.lock acquired by nodename 30337@fv-az241-838
2022-10-18 06:30:15,910 [pool-107-thread-1] INFO  storage.RaftStorage (RaftStorageImpl.java:format(89)) - Storage directory /home/runner/work/ozone/ozone/hadoop-ozone/integration-test/target/test-dir/MiniOzoneClusterImpl-489ebd61-a341-4d14-a135-ade311a26152/omNode-3/ratis/c9bc4cf4-3bc3-3c60-a66b-523986131536 has been successfully formatted.
2022-10-18 06:30:15,911 [pool-107-thread-1] INFO  server.RaftServerConfigKeys (ConfUtils.java:logGet(46)) - raft.server.notification.no-leader.timeout = 2s (custom)
2022-10-18 06:30:15,911 [pool-107-thread-1] INFO  server.RaftServerConfigKeys (ConfUtils.java:logGet(46)) - raft.server.log.use.memory = false (default)
2022-10-18 06:30:15,911 [pool-107-thread-1] INFO  server.RaftServerConfigKeys (ConfUtils.java:logGet(46)) - raft.server.log.purge.gap = 50 (custom)
2022-10-18 06:30:15,911 [pool-107-thread-1] INFO  server.RaftServerConfigKeys (ConfUtils.java:logGet(46)) - raft.server.log.appender.buffer.byte-limit = 33554432 (custom)
2022-10-18 06:30:15,911 [pool-107-thread-1] INFO  server.RaftServerConfigKeys (ConfUtils.java:logGet(46)) - raft.server.log.statemachine.data.read.timeout = 1000ms (default)
2022-10-18 06:30:15,911 [pool-107-thread-1] INFO  server.RaftServerConfigKeys (ConfUtils.java:logGet(46)) - raft.server.log.segment.size.max = 4194304 (custom)
2022-10-18 06:30:15,912 [pool-107-thread-1] INFO  server.RaftServerConfigKeys (ConfUtils.java:logGet(46)) - raft.server.log.segment.cache.num.max = 2 (custom)
2022-10-18 06:30:15,912 [pool-107-thread-1] INFO  server.RaftServerConfigKeys (ConfUtils.java:logGet(46)) - raft.server.log.segment.cache.size.max = 200MB (=209715200) (default)
2022-10-18 06:30:15,912 [pool-107-thread-1] INFO  segmented.SegmentedRaftLogWorker (SegmentedRaftLogWorker.java:<init>(187)) - new omNode-3@group-523986131536-SegmentedRaftLogWorker for RaftStorageImpl:Storage Directory /home/runner/work/ozone/ozone/hadoop-ozone/integration-test/target/test-dir/MiniOzoneClusterImpl-489ebd61-a341-4d14-a135-ade311a26152/omNode-3/ratis/c9bc4cf4-3bc3-3c60-a66b-523986131536
2022-10-18 06:30:15,912 [pool-107-thread-1] INFO  server.RaftServerConfigKeys (ConfUtils.java:logGet(46)) - raft.server.log.queue.byte-limit = 64MB (=67108864) (default)
2022-10-18 06:30:15,912 [pool-107-thread-1] INFO  server.RaftServerConfigKeys (ConfUtils.java:logGet(46)) - raft.server.log.queue.element-limit = 4096 (default)
2022-10-18 06:30:15,912 [pool-107-thread-1] INFO  server.RaftServerConfigKeys (ConfUtils.java:logGet(46)) - raft.server.log.segment.size.max = 4194304 (custom)
2022-10-18 06:30:15,912 [pool-107-thread-1] INFO  server.RaftServerConfigKeys (ConfUtils.java:logGet(46)) - raft.server.log.preallocated.size = 4194304 (custom)
2022-10-18 06:30:15,912 [pool-107-thread-1] INFO  server.RaftServerConfigKeys (ConfUtils.java:logGet(46)) - raft.server.log.force.sync.num = 128 (default)
2022-10-18 06:30:15,912 [pool-107-thread-1] INFO  server.RaftServerConfigKeys (ConfUtils.java:logGet(46)) - raft.server.log.statemachine.data.sync = true (default)
2022-10-18 06:30:15,912 [pool-107-thread-1] INFO  server.RaftServerConfigKeys (ConfUtils.java:logGet(46)) - raft.server.log.statemachine.data.sync.timeout = 10s (default)
2022-10-18 06:30:15,912 [pool-107-thread-1] INFO  server.RaftServerConfigKeys (ConfUtils.java:logGet(46)) - raft.server.log.statemachine.data.sync.timeout.retry = -1 (default)
2022-10-18 06:30:15,926 [pool-107-thread-1] INFO  server.RaftServerConfigKeys (ConfUtils.java:logGet(46)) - raft.server.log.write.buffer.size = 64KB (=65536) (default)
2022-10-18 06:30:15,926 [pool-107-thread-1] INFO  server.RaftServerConfigKeys (ConfUtils.java:logGet(46)) - raft.server.log.unsafe-flush.enabled = false (default)
2022-10-18 06:30:15,926 [pool-107-thread-1] INFO  server.RaftServerConfigKeys (ConfUtils.java:logGet(46)) - raft.server.log.statemachine.data.caching.enabled = false (default)
2022-10-18 06:30:15,926 [pool-107-thread-1] INFO  segmented.SegmentedRaftLogWorker (SegmentedRaftLogWorker.java:lambda$new$0(135)) - omNode-3@group-523986131536-SegmentedRaftLogWorker: flushIndex: setUnconditionally 0 -> -1
2022-10-18 06:30:15,926 [pool-107-thread-1] INFO  segmented.SegmentedRaftLogWorker (SegmentedRaftLogWorker.java:lambda$new$0(135)) - omNode-3@group-523986131536-SegmentedRaftLogWorker: safeCacheEvictIndex: setUnconditionally 0 -> -1
2022-10-18 06:30:15,937 [pool-107-thread-1] INFO  server.RaftServerConfigKeys (ConfUtils.java:logGet(46)) - raft.server.snapshot.auto.trigger.enabled = true (custom)
2022-10-18 06:30:15,937 [pool-107-thread-1] INFO  server.RaftServerConfigKeys (ConfUtils.java:logGet(46)) - raft.server.snapshot.auto.trigger.threshold = 50 (custom)
2022-10-18 06:30:15,937 [pool-107-thread-1] INFO  server.RaftServerConfigKeys (ConfUtils.java:logGet(46)) - raft.server.snapshot.retention.file.num = -1 (default)
2022-10-18 06:30:15,937 [pool-107-thread-1] INFO  server.RaftServerConfigKeys (ConfUtils.java:logGet(46)) - raft.server.log.purge.upto.snapshot.index = true (custom)
2022-10-18 06:30:15,937 [pool-107-thread-1] INFO  server.RaftServerConfigKeys (ConfUtils.java:logGet(46)) - raft.server.retrycache.expirytime = 30000ms (custom)
2022-10-18 06:30:15,937 [pool-107-thread-1] INFO  server.RaftServerConfigKeys (ConfUtils.java:logGet(46)) - raft.server.retrycache.statistics.expirytime = 100μs (default)
2022-10-18 06:30:15,939 [pool-107-thread-1] INFO  server.RaftServerConfigKeys (ConfUtils.java:logGet(46)) - raft.server.log.appender.install.snapshot.enabled = false (custom)
2022-10-18 06:30:15,939 [pool-107-thread-1] INFO  server.RaftServerConfigKeys (ConfUtils.java:logGet(46)) - raft.server.threadpool.server.cached = true (default)
2022-10-18 06:30:15,939 [pool-107-thread-1] INFO  server.RaftServerConfigKeys (ConfUtils.java:logGet(46)) - raft.server.threadpool.server.size = 0 (default)
2022-10-18 06:30:15,939 [pool-107-thread-1] INFO  server.RaftServerConfigKeys (ConfUtils.java:logGet(46)) - raft.server.threadpool.client.cached = true (default)
2022-10-18 06:30:15,939 [pool-107-thread-1] INFO  server.RaftServerConfigKeys (ConfUtils.java:logGet(46)) - raft.server.threadpool.client.size = 0 (default)
2022-10-18 06:30:16,503 [Listener at 127.0.0.1/39045] INFO  reflections.Reflections (Reflections.java:scan(232)) - Reflections took 596 ms to scan 19 urls, producing 67 keys and 4238 values [using 2 cores]
2022-10-18 06:30:16,504 [Listener at 127.0.0.1/39045] INFO  ipc.CallQueueManager (CallQueueManager.java:<init>(90)) - Using callQueue: class java.util.concurrent.LinkedBlockingQueue, queueCapacity: 2000, scheduler: class org.apache.hadoop.ipc.DefaultRpcScheduler, ipcBackoff: false.
2022-10-18 06:30:16,506 [Socket Reader #1 for port 45465] INFO  ipc.Server (Server.java:run(1273)) - Starting Socket Reader #1 for port 45465
2022-10-18 06:30:16,545 [Listener at 127.0.0.1/45465] INFO  impl.MetricsSystemImpl (MetricsSystemImpl.java:init(158)) - OzoneManager metrics system started (again)
2022-10-18 06:30:16,554 [omNode-1@group-523986131536-LeaderElection1] INFO  impl.LeaderElection (LogUtils.java:infoOrTrace(137)) - omNode-1@group-523986131536-LeaderElection1 got exception when requesting votes: java.util.concurrent.ExecutionException: org.apache.ratis.thirdparty.io.grpc.StatusRuntimeException: UNAVAILABLE: io exception
2022-10-18 06:30:16,563 [Listener at 127.0.0.1/45465] INFO  om.OzoneManager (OzoneManager.java:start(1482)) - OzoneManager RPC server is listening at localhost/127.0.0.1:45465
2022-10-18 06:30:16,563 [Listener at 127.0.0.1/45465] INFO  ratis.OzoneManagerRatisServer (OzoneManagerRatisServer.java:start(555)) - Starting OzoneManagerRatisServer omNode-3 at port 36149
2022-10-18 06:30:16,563 [omNode-3-impl-thread1] INFO  server.RaftServer$Division (RaftServerImpl.java:start(310)) - omNode-3@group-523986131536: start as a follower, conf=-1: [omNode-3|rpc:localhost:36149|priority:0, omNode-1|rpc:localhost:46857|priority:0, omNode-2|rpc:localhost:34021|priority:0], old=null
2022-10-18 06:30:16,563 [omNode-3-impl-thread1] INFO  server.RaftServer$Division (RaftServerImpl.java:setRole(299)) - omNode-3@group-523986131536: changes role from      null to FOLLOWER at term 0 for startAsFollower
2022-10-18 06:30:16,563 [omNode-3-impl-thread1] INFO  impl.RoleInfo (RoleInfo.java:updateAndGet(139)) - omNode-3: start omNode-3@group-523986131536-FollowerState
2022-10-18 06:30:16,569 [omNode-3-impl-thread1] INFO  util.JmxRegister (JmxRegister.java:tryRegister(44)) - Successfully registered JMX Bean with object name Ratis:service=RaftServer,group=group-523986131536,id=omNode-3
2022-10-18 06:30:16,572 [Listener at 127.0.0.1/45465] INFO  server.RaftServer (RaftServerProxy.java:lambda$start$6(382)) - omNode-3: start RPC server
2022-10-18 06:30:16,595 [Listener at 127.0.0.1/45465] INFO  server.GrpcService (GrpcService.java:startImpl(260)) - omNode-3: GrpcService started, listening on 36149
2022-10-18 06:30:16,596 [Listener at 127.0.0.1/45465] INFO  om.OzoneManager (OzoneManager.java:start(1498)) - Version File has different layout version (3) than OM DB (null). That is expected if this OM has never been finalized to a newer layout version.
2022-10-18 06:30:16,599 [grpc-default-executor-1] INFO  server.RaftServer$Division (RaftServerImpl.java:requestVote(1152)) - omNode-2@group-523986131536: receive requestVote(ELECTION, omNode-1, group-523986131536, 1, (t:0, i:~))
2022-10-18 06:30:16,602 [grpc-default-executor-1] INFO  impl.VoteContext (VoteContext.java:log(48)) - omNode-2@group-523986131536-FOLLOWER: accept ELECTION from omNode-1: our priority 0 <= candidate's priority 0
2022-10-18 06:30:16,602 [grpc-default-executor-1] INFO  server.RaftServer$Division (RaftServerImpl.java:setRole(299)) - omNode-2@group-523986131536: changes role from  FOLLOWER to FOLLOWER at term 1 for candidate:omNode-1
2022-10-18 06:30:16,603 [grpc-default-executor-1] INFO  impl.RoleInfo (RoleInfo.java:shutdownFollowerState(110)) - omNode-2: shutdown omNode-2@group-523986131536-FollowerState
2022-10-18 06:30:16,596 [org.apache.ratis.util.JvmPauseMonitor$$Lambda$703/523629281@5286aa41] INFO  util.JvmPauseMonitor (JvmPauseMonitor.java:run(103)) - JvmPauseMonitor-omNode-3: Started
2022-10-18 06:30:16,611 [Listener at 127.0.0.1/45465] INFO  http.BaseHttpServer (BaseHttpServer.java:newHttpServer2BuilderForOzone(213)) - Starting Web-server for ozoneManager at: http://0.0.0.0:45739
2022-10-18 06:30:16,611 [Listener at 127.0.0.1/45465] INFO  http.BaseHttpServer (BaseHttpServer.java:<init>(108)) - Hadoop Security Enabled: false Ozone Security Enabled: false Ozone HTTP Security Enabled: false 
2022-10-18 06:30:16,613 [Listener at 127.0.0.1/45465] WARN  server.AuthenticationFilter (AuthenticationFilter.java:constructSecretProvider(240)) - Unable to initialize FileSignerSecretProvider, falling back to use random secrets. Reason: Could not read signature secret file: /home/runner/hadoop-http-auth-signature-secret
2022-10-18 06:30:16,614 [Listener at 127.0.0.1/45465] WARN  http.HttpRequestLog (HttpRequestLog.java:getRequestLog(103)) - Jetty request log can only be enabled using Log4j
2022-10-18 06:30:16,616 [Listener at 127.0.0.1/45465] INFO  http.HttpServer2 (HttpServer2.java:addGlobalFilter(1031)) - Added global filter 'safety' (class=org.apache.hadoop.hdds.server.http.HttpServer2$QuotingInputFilter)
2022-10-18 06:30:16,617 [Listener at 127.0.0.1/45465] INFO  http.HttpServer2 (HttpServer2.java:addFilter(1007)) - Added filter static_user_filter (class=org.apache.hadoop.http.lib.StaticUserWebFilter$StaticUserFilter) to context ozoneManager
2022-10-18 06:30:16,617 [Listener at 127.0.0.1/45465] INFO  http.HttpServer2 (HttpServer2.java:addFilter(1015)) - Added filter static_user_filter (class=org.apache.hadoop.http.lib.StaticUserWebFilter$StaticUserFilter) to context logs
2022-10-18 06:30:16,619 [omNode-2@group-523986131536-FollowerState] INFO  impl.FollowerState (FollowerState.java:run(152)) - omNode-2@group-523986131536-FollowerState was interrupted
2022-10-18 06:30:16,619 [grpc-default-executor-1] INFO  impl.RoleInfo (RoleInfo.java:updateAndGet(139)) - omNode-2: start omNode-2@group-523986131536-FollowerState
2022-10-18 06:30:16,619 [Listener at 127.0.0.1/45465] INFO  http.HttpServer2 (HttpServer2.java:addFilter(1015)) - Added filter static_user_filter (class=org.apache.hadoop.http.lib.StaticUserWebFilter$StaticUserFilter) to context static
2022-10-18 06:30:16,622 [Listener at 127.0.0.1/45465] INFO  http.HttpServer2 (HttpServer2.java:bindListener(1250)) - Jetty bound to port 45739
2022-10-18 06:30:16,622 [Listener at 127.0.0.1/45465] INFO  server.Server (Server.java:doStart(375)) - jetty-9.4.43.v20210629; built: 2021-06-30T11:07:22.254Z; git: 526006ecfa3af7f1a27ef3a288e2bef7ea9dd7e8; jvm 1.8.0_345-b01
2022-10-18 06:30:16,631 [Listener at 127.0.0.1/45465] INFO  server.session (DefaultSessionIdManager.java:doStart(334)) - DefaultSessionIdManager workerName=node0
2022-10-18 06:30:16,632 [Listener at 127.0.0.1/45465] INFO  server.session (DefaultSessionIdManager.java:doStart(339)) - No SessionScavenger set, using defaults
2022-10-18 06:30:16,632 [Listener at 127.0.0.1/45465] INFO  server.session (HouseKeeper.java:startScavenging(132)) - node0 Scavenging every 660000ms
2022-10-18 06:30:16,635 [grpc-default-executor-1] INFO  server.RaftServer$Division (RaftServerImpl.java:requestVote(1184)) - omNode-2@group-523986131536 replies to ELECTION vote request: omNode-1<-omNode-2#0:OK-t1. Peer's state: omNode-2@group-523986131536:t1, leader=null, voted=omNode-1, raftlog=omNode-2@group-523986131536-SegmentedRaftLog:OPENED:c-1, conf=-1: [omNode-3|rpc:localhost:36149|priority:0, omNode-1|rpc:localhost:46857|priority:0, omNode-2|rpc:localhost:34021|priority:0], old=null
2022-10-18 06:30:16,645 [omNode-1@group-523986131536-LeaderElection1] INFO  impl.LeaderElection (LeaderElection.java:logAndReturn(90)) - omNode-1@group-523986131536-LeaderElection1: ELECTION PASSED received 1 response(s) and 1 exception(s):
2022-10-18 06:30:16,645 [omNode-1@group-523986131536-LeaderElection1] INFO  impl.LeaderElection (LeaderElection.java:logAndReturn(94)) -   Response 0: omNode-1<-omNode-2#0:OK-t1
2022-10-18 06:30:16,646 [omNode-1@group-523986131536-LeaderElection1] INFO  impl.LeaderElection (LogUtils.java:infoOrTrace(137)) -   Exception 1: java.util.concurrent.ExecutionException: org.apache.ratis.thirdparty.io.grpc.StatusRuntimeException: UNAVAILABLE: io exception
2022-10-18 06:30:16,646 [omNode-1@group-523986131536-LeaderElection1] INFO  impl.LeaderElection (LeaderElection.java:askForVotes(312)) - omNode-1@group-523986131536-LeaderElection1 ELECTION round 0: result PASSED
2022-10-18 06:30:16,646 [omNode-1@group-523986131536-LeaderElection1] INFO  impl.RoleInfo (RoleInfo.java:shutdownLeaderElection(130)) - omNode-1: shutdown omNode-1@group-523986131536-LeaderElection1
2022-10-18 06:30:16,646 [Listener at 127.0.0.1/45465] INFO  handler.ContextHandler (ContextHandler.java:doStart(915)) - Started o.e.j.s.ServletContextHandler@549426d8{logs,/logs,file:///home/runner/work/ozone/ozone/hadoop-ozone/integration-test/target/log,AVAILABLE}
2022-10-18 06:30:16,650 [omNode-1@group-523986131536-LeaderElection1] INFO  server.RaftServer$Division (RaftServerImpl.java:setRole(299)) - omNode-1@group-523986131536: changes role from CANDIDATE to LEADER at term 1 for changeToLeader
2022-10-18 06:30:16,650 [omNode-1@group-523986131536-LeaderElection1] INFO  server.RaftServer$Division (ServerState.java:setLeader(287)) - omNode-1@group-523986131536: change Leader from null to omNode-1 at term 1 for becomeLeader, leader elected after 2875ms
2022-10-18 06:30:16,652 [Listener at 127.0.0.1/45465] INFO  handler.ContextHandler (ContextHandler.java:doStart(915)) - Started o.e.j.s.ServletContextHandler@7fabe964{static,/static,file:///home/runner/work/ozone/ozone/hadoop-ozone/integration-test/target/test-classes/webapps/static,AVAILABLE}
2022-10-18 06:30:16,656 [Listener at 127.0.0.1/45465] INFO  handler.ContextHandler (ContextHandler.java:doStart(915)) - Started o.e.j.w.WebAppContext@29f4d42{ozoneManager,/,file:///home/runner/work/ozone/ozone/hadoop-ozone/integration-test/target/test-classes/webapps/ozoneManager/,AVAILABLE}{file:/home/runner/work/ozone/ozone/hadoop-ozone/integration-test/target/test-classes/webapps/ozoneManager}
2022-10-18 06:30:16,657 [Listener at 127.0.0.1/45465] INFO  server.AbstractConnector (AbstractConnector.java:doStart(331)) - Started ServerConnector@2126610{HTTP/1.1, (http/1.1)}{0.0.0.0:45739}
2022-10-18 06:30:16,657 [omNode-1@group-523986131536-LeaderElection1] INFO  server.RaftServerConfigKeys (ConfUtils.java:logGet(46)) - raft.server.staging.catchup.gap = 1000 (default)
2022-10-18 06:30:16,657 [Listener at 127.0.0.1/45465] INFO  server.Server (Server.java:doStart(415)) - Started @8841ms
2022-10-18 06:30:16,657 [Listener at 127.0.0.1/45465] WARN  impl.MetricsSystemImpl (MetricsSystemImpl.java:register(279)) - Sink prometheus already exists!
2022-10-18 06:30:16,658 [Listener at 127.0.0.1/45465] INFO  http.BaseHttpServer (BaseHttpServer.java:updateConnectorAddress(333)) - HTTP server of ozoneManager listening at http://0.0.0.0:45739
2022-10-18 06:30:16,658 [IPC Server Responder] INFO  ipc.Server (Server.java:run(1512)) - IPC Server Responder: starting
2022-10-18 06:30:16,661 [IPC Server listener on 45465] INFO  ipc.Server (Server.java:run(1352)) - IPC Server listener on 45465: starting
2022-10-18 06:30:16,663 [Listener at 127.0.0.1/45465] INFO  om.OzoneManager (OzoneManager.java:startTrashEmptier(1919)) - Trash Interval set to 0. Files deleted won't move to trash
2022-10-18 06:30:16,664 [Listener at 127.0.0.1/45465] INFO  ozone.MiniOzoneHAClusterImpl (MiniOzoneHAClusterImpl.java:createOMService(527)) - Started OzoneManager omNode-3 RPC server at localhost/127.0.0.1:45465
2022-10-18 06:30:16,674 [org.apache.hadoop.util.JvmPauseMonitor$Monitor@3c042ee3] INFO  util.JvmPauseMonitor (JvmPauseMonitor.java:run(188)) - Starting JVM pause monitor
2022-10-18 06:30:16,679 [omNode-1@group-523986131536-LeaderElection1] INFO  server.RaftServerConfigKeys (ConfUtils.java:logGet(46)) - raft.server.write.element-limit = 4096 (default)
2022-10-18 06:30:16,680 [omNode-1@group-523986131536-LeaderElection1] INFO  server.RaftServerConfigKeys (ConfUtils.java:logGet(46)) - raft.server.write.byte-limit = 64MB (=67108864) (default)
2022-10-18 06:30:16,699 [omNode-1@group-523986131536-LeaderElection1] INFO  server.RaftServerConfigKeys (ConfUtils.java:logGet(46)) - raft.server.watch.timeout = 10s (default)
2022-10-18 06:30:16,699 [omNode-1@group-523986131536-LeaderElection1] INFO  server.RaftServerConfigKeys (ConfUtils.java:logGet(46)) - raft.server.watch.timeout.denomination = 1s (default)
2022-10-18 06:30:16,699 [omNode-1@group-523986131536-LeaderElection1] INFO  server.RaftServerConfigKeys (ConfUtils.java:logGet(46)) - raft.server.watch.element-limit = 65536 (default)
2022-10-18 06:30:16,715 [omNode-1@group-523986131536-LeaderElection1] INFO  server.RaftServerConfigKeys (ConfUtils.java:logGet(46)) - raft.server.write.element-limit = 4096 (default)
2022-10-18 06:30:16,725 [omNode-1@group-523986131536-LeaderElection1] INFO  server.RaftServerConfigKeys (ConfUtils.java:logGet(46)) - raft.server.write.follower.gap.ratio.max = -1.0 (default)
2022-10-18 06:30:16,741 [omNode-1@group-523986131536-LeaderElection1] INFO  server.RaftServerConfigKeys (ConfUtils.java:logGet(46)) - raft.server.log.appender.snapshot.chunk.size.max = 16MB (=16777216) (default)
2022-10-18 06:30:16,741 [omNode-1@group-523986131536-LeaderElection1] INFO  server.RaftServerConfigKeys (ConfUtils.java:logGet(46)) - raft.server.log.appender.buffer.byte-limit = 33554432 (custom)
2022-10-18 06:30:16,741 [omNode-1@group-523986131536-LeaderElection1] INFO  server.RaftServerConfigKeys (ConfUtils.java:logGet(46)) - raft.server.log.appender.buffer.element-limit = 1024 (custom)
2022-10-18 06:30:16,743 [omNode-1@group-523986131536-LeaderElection1] INFO  grpc.GrpcConfigKeys (ConfUtils.java:logGet(46)) - raft.grpc.server.leader.outstanding.appends.max = 128 (default)
2022-10-18 06:30:16,744 [omNode-1@group-523986131536-LeaderElection1] INFO  server.RaftServerConfigKeys (ConfUtils.java:logGet(46)) - raft.server.rpc.request.timeout = 3000ms (default)
2022-10-18 06:30:16,744 [omNode-1@group-523986131536-LeaderElection1] INFO  server.RaftServerConfigKeys (ConfUtils.java:logGet(46)) - raft.server.log.appender.install.snapshot.enabled = false (custom)
2022-10-18 06:30:16,751 [omNode-1@group-523986131536-LeaderElection1] INFO  server.RaftServerConfigKeys (ConfUtils.java:logGet(46)) - raft.server.log.appender.snapshot.chunk.size.max = 16MB (=16777216) (default)
2022-10-18 06:30:16,751 [omNode-1@group-523986131536-LeaderElection1] INFO  server.RaftServerConfigKeys (ConfUtils.java:logGet(46)) - raft.server.log.appender.buffer.byte-limit = 33554432 (custom)
2022-10-18 06:30:16,751 [omNode-1@group-523986131536-LeaderElection1] INFO  server.RaftServerConfigKeys (ConfUtils.java:logGet(46)) - raft.server.log.appender.buffer.element-limit = 1024 (custom)
2022-10-18 06:30:16,751 [omNode-1@group-523986131536-LeaderElection1] INFO  grpc.GrpcConfigKeys (ConfUtils.java:logGet(46)) - raft.grpc.server.leader.outstanding.appends.max = 128 (default)
2022-10-18 06:30:16,751 [omNode-1@group-523986131536-LeaderElection1] INFO  server.RaftServerConfigKeys (ConfUtils.java:logGet(46)) - raft.server.rpc.request.timeout = 3000ms (default)
2022-10-18 06:30:16,751 [omNode-1@group-523986131536-LeaderElection1] INFO  server.RaftServerConfigKeys (ConfUtils.java:logGet(46)) - raft.server.log.appender.install.snapshot.enabled = false (custom)
2022-10-18 06:30:16,753 [omNode-1@group-523986131536-LeaderElection1] INFO  impl.RoleInfo (RoleInfo.java:updateAndGet(139)) - omNode-1: start omNode-1@group-523986131536-LeaderStateImpl
2022-10-18 06:30:16,786 [omNode-1@group-523986131536-LeaderElection1] INFO  segmented.SegmentedRaftLogWorker (SegmentedRaftLogWorker.java:startLogSegment(425)) - omNode-1@group-523986131536-SegmentedRaftLogWorker: Starting segment from index:0
2022-10-18 06:30:16,930 [Listener at 127.0.0.1/45465] WARN  impl.MetricRegistriesImpl (MetricRegistriesImpl.java:addReporterRegistration(111)) - New reporters are added after registries were created. Some metrics will be missing from the reporter. Please add reporter before adding any new registry.
2022-10-18 06:30:16,931 [Listener at 127.0.0.1/45465] WARN  impl.MetricRegistriesImpl (MetricRegistriesImpl.java:addReporterRegistration(111)) - New reporters are added after registries were created. Some metrics will be missing from the reporter. Please add reporter before adding any new registry.
2022-10-18 06:30:16,931 [Listener at 127.0.0.1/45465] INFO  impl.MetricsSystemImpl (MetricsSystemImpl.java:init(158)) - HddsDatanode metrics system started (again)
2022-10-18 06:30:16,940 [omNode-1@group-523986131536-LeaderElection1] INFO  server.RaftServer$Division (ServerState.java:setRaftConf(393)) - omNode-1@group-523986131536: set configuration 0: [omNode-3|rpc:localhost:36149|admin:|client:|dataStream:|priority:0, omNode-1|rpc:localhost:46857|admin:|client:|dataStream:|priority:0, omNode-2|rpc:localhost:34021|admin:|client:|dataStream:|priority:0], old=null
2022-10-18 06:30:16,965 [grpc-default-executor-1] WARN  server.GrpcLogAppender (LogUtils.java:warn(122)) - omNode-1@group-523986131536->omNode-3-AppendLogResponseHandler: Failed appendEntries: org.apache.ratis.thirdparty.io.grpc.StatusRuntimeException: UNAVAILABLE: io exception
2022-10-18 06:30:16,968 [grpc-default-executor-1] WARN  server.GrpcLogAppender (GrpcLogAppender.java:resetClient(111)) - omNode-1@group-523986131536->omNode-3-GrpcLogAppender: Leader has not got in touch with Follower omNode-1@group-523986131536->omNode-3(c-1,m0,n0, attendVote=true, lastRpcSendTime=1442, lastRpcResponseTime=1442) yet, just keep nextIndex unchanged and retry.
2022-10-18 06:30:16,974 [Listener at 127.0.0.1/45465] INFO  ozone.HddsDatanodeService (HddsDatanodeService.java:start(236)) - HddsDatanodeService host:fv-az241-838.2tfxs3cvuluejhi1wdm4o5ef4c.bx.internal.cloudapp.net ip:10.1.1.164
2022-10-18 06:30:16,998 [omNode-2-server-thread1] INFO  server.RaftServer$Division (ServerState.java:setLeader(287)) - omNode-2@group-523986131536: change Leader from null to omNode-1 at term 1 for appendEntries, leader elected after 1899ms
2022-10-18 06:30:17,021 [omNode-1@group-523986131536-SegmentedRaftLogWorker] INFO  segmented.SegmentedRaftLogWorker (SegmentedRaftLogWorker.java:execute(629)) - omNode-1@group-523986131536-SegmentedRaftLogWorker: created new log segment /home/runner/work/ozone/ozone/hadoop-ozone/integration-test/target/test-dir/MiniOzoneClusterImpl-489ebd61-a341-4d14-a135-ade311a26152/omNode-1/ratis/c9bc4cf4-3bc3-3c60-a66b-523986131536/current/log_inprogress_0
2022-10-18 06:30:17,043 [omNode-2-server-thread1] INFO  server.RaftServer$Division (ServerState.java:setRaftConf(393)) - omNode-2@group-523986131536: set configuration 0: [omNode-3|rpc:localhost:36149|admin:|client:|dataStream:|priority:0, omNode-1|rpc:localhost:46857|admin:|client:|dataStream:|priority:0, omNode-2|rpc:localhost:34021|admin:|client:|dataStream:|priority:0], old=null
2022-10-18 06:30:17,043 [omNode-2-server-thread1] INFO  segmented.SegmentedRaftLogWorker (SegmentedRaftLogWorker.java:startLogSegment(425)) - omNode-2@group-523986131536-SegmentedRaftLogWorker: Starting segment from index:0
2022-10-18 06:30:17,046 [Listener at 127.0.0.1/45465] INFO  upgrade.AbstractLayoutVersionManager (AbstractLayoutVersionManager.java:init(83)) - Initializing Layout version manager with metadata layout = DATANODE_SCHEMA_V3 (version = 4), software layout = DATANODE_SCHEMA_V3 (version = 4)
2022-10-18 06:30:17,054 [omNode-3-server-thread1] INFO  server.RaftServer$Division (ServerState.java:setLeader(287)) - omNode-3@group-523986131536: change Leader from null to omNode-1 at term 1 for appendEntries, leader elected after 1143ms
2022-10-18 06:30:17,065 [omNode-3-server-thread1] INFO  server.RaftServer$Division (ServerState.java:setRaftConf(393)) - omNode-3@group-523986131536: set configuration 0: [omNode-3|rpc:localhost:36149|admin:|client:|dataStream:|priority:0, omNode-1|rpc:localhost:46857|admin:|client:|dataStream:|priority:0, omNode-2|rpc:localhost:34021|admin:|client:|dataStream:|priority:0], old=null
2022-10-18 06:30:17,065 [omNode-3-server-thread1] INFO  segmented.SegmentedRaftLogWorker (SegmentedRaftLogWorker.java:startLogSegment(425)) - omNode-3@group-523986131536-SegmentedRaftLogWorker: Starting segment from index:0
2022-10-18 06:30:17,067 [omNode-2@group-523986131536-SegmentedRaftLogWorker] INFO  segmented.SegmentedRaftLogWorker (SegmentedRaftLogWorker.java:execute(629)) - omNode-2@group-523986131536-SegmentedRaftLogWorker: created new log segment /home/runner/work/ozone/ozone/hadoop-ozone/integration-test/target/test-dir/MiniOzoneClusterImpl-489ebd61-a341-4d14-a135-ade311a26152/omNode-2/ratis/c9bc4cf4-3bc3-3c60-a66b-523986131536/current/log_inprogress_0
2022-10-18 06:30:17,088 [omNode-3@group-523986131536-SegmentedRaftLogWorker] INFO  segmented.SegmentedRaftLogWorker (SegmentedRaftLogWorker.java:execute(629)) - omNode-3@group-523986131536-SegmentedRaftLogWorker: created new log segment /home/runner/work/ozone/ozone/hadoop-ozone/integration-test/target/test-dir/MiniOzoneClusterImpl-489ebd61-a341-4d14-a135-ade311a26152/omNode-3/ratis/c9bc4cf4-3bc3-3c60-a66b-523986131536/current/log_inprogress_0
2022-10-18 06:30:17,182 [Listener at 127.0.0.1/45465] INFO  reflections.Reflections (Reflections.java:scan(232)) - Reflections took 130 ms to scan 7 urls, producing 137 keys and 328 values 
2022-10-18 06:30:17,195 [Listener at 127.0.0.1/45465] INFO  statemachine.DatanodeStateMachine (DatanodeStateMachine.java:getEndPointTaskThreadPoolSize(237)) - Datanode State Machine Task Thread Pool size 2
2022-10-18 06:30:17,201 [omNode-2@group-523986131536-StateMachineUpdater] INFO  ratis.OzoneManagerStateMachine (OzoneManagerStateMachine.java:notifyConfigurationChanged(192)) - Received Configuration change notification from Ratis. New Peer list:
[id: "omNode-3"
address: "localhost:36149"
, id: "omNode-1"
address: "localhost:46857"
, id: "omNode-2"
address: "localhost:34021"
]
2022-10-18 06:30:17,203 [omNode-1@group-523986131536-StateMachineUpdater] INFO  ratis.OzoneManagerStateMachine (OzoneManagerStateMachine.java:notifyConfigurationChanged(192)) - Received Configuration change notification from Ratis. New Peer list:
[id: "omNode-3"
address: "localhost:36149"
, id: "omNode-1"
address: "localhost:46857"
, id: "omNode-2"
address: "localhost:34021"
]
2022-10-18 06:30:17,200 [omNode-3@group-523986131536-StateMachineUpdater] INFO  ratis.OzoneManagerStateMachine (OzoneManagerStateMachine.java:notifyConfigurationChanged(192)) - Received Configuration change notification from Ratis. New Peer list:
[id: "omNode-3"
address: "localhost:36149"
, id: "omNode-1"
address: "localhost:46857"
, id: "omNode-2"
address: "localhost:34021"
]
2022-10-18 06:30:17,247 [Listener at 127.0.0.1/45465] INFO  volume.HddsVolume (HddsVolume.java:<init>(117)) - Creating HddsVolume: /home/runner/work/ozone/ozone/hadoop-ozone/integration-test/target/test-dir/MiniOzoneClusterImpl-489ebd61-a341-4d14-a135-ade311a26152/datanode-0/data-0/containers/hdds of storage type : DISK capacity : 9223372036854775807
2022-10-18 06:30:17,249 [Listener at 127.0.0.1/45465] INFO  volume.MutableVolumeSet (MutableVolumeSet.java:initializeVolumeSet(174)) - Added Volume : /home/runner/work/ozone/ozone/hadoop-ozone/integration-test/target/test-dir/MiniOzoneClusterImpl-489ebd61-a341-4d14-a135-ade311a26152/datanode-0/data-0/containers/hdds to VolumeSet
2022-10-18 06:30:17,250 [Listener at 127.0.0.1/45465] INFO  volume.ThrottledAsyncChecker (ThrottledAsyncChecker.java:schedule(141)) - Scheduling a check for /home/runner/work/ozone/ozone/hadoop-ozone/integration-test/target/test-dir/MiniOzoneClusterImpl-489ebd61-a341-4d14-a135-ade311a26152/datanode-0/data-0/containers/hdds
2022-10-18 06:30:17,269 [Listener at 127.0.0.1/45465] INFO  volume.StorageVolumeChecker (StorageVolumeChecker.java:checkAllVolumes(202)) - Scheduled health check for volume /home/runner/work/ozone/ozone/hadoop-ozone/integration-test/target/test-dir/MiniOzoneClusterImpl-489ebd61-a341-4d14-a135-ade311a26152/datanode-0/data-0/containers/hdds
2022-10-18 06:30:17,284 [Listener at 127.0.0.1/45465] INFO  volume.MutableVolumeSet (MutableVolumeSet.java:initializeVolumeSet(174)) - Added Volume : /home/runner/work/ozone/ozone/hadoop-ozone/integration-test/target/test-dir/MiniOzoneClusterImpl-489ebd61-a341-4d14-a135-ade311a26152/datanode-0/data/ratis to VolumeSet
2022-10-18 06:30:17,284 [Listener at 127.0.0.1/45465] INFO  volume.ThrottledAsyncChecker (ThrottledAsyncChecker.java:schedule(141)) - Scheduling a check for /home/runner/work/ozone/ozone/hadoop-ozone/integration-test/target/test-dir/MiniOzoneClusterImpl-489ebd61-a341-4d14-a135-ade311a26152/datanode-0/data/ratis
2022-10-18 06:30:17,284 [Listener at 127.0.0.1/45465] INFO  volume.StorageVolumeChecker (StorageVolumeChecker.java:checkAllVolumes(202)) - Scheduled health check for volume /home/runner/work/ozone/ozone/hadoop-ozone/integration-test/target/test-dir/MiniOzoneClusterImpl-489ebd61-a341-4d14-a135-ade311a26152/datanode-0/data/ratis
2022-10-18 06:30:17,304 [Thread-242] INFO  ozoneimpl.ContainerReader (ContainerReader.java:readVolume(175)) - Finish verifying containers on volume /home/runner/work/ozone/ozone/hadoop-ozone/integration-test/target/test-dir/MiniOzoneClusterImpl-489ebd61-a341-4d14-a135-ade311a26152/datanode-0/data-0/containers/hdds
2022-10-18 06:30:17,304 [Listener at 127.0.0.1/45465] INFO  ozoneimpl.OzoneContainer (OzoneContainer.java:buildContainerSet(300)) - Build ContainerSet costs 0s
2022-10-18 06:30:17,344 [Listener at 127.0.0.1/45465] INFO  audit.AuditLogger (AuditLogger.java:refreshDebugCmdSet(126)) - Refresh DebugCmdSet for DNAudit to [].
2022-10-18 06:30:17,371 [Listener at 127.0.0.1/45465] INFO  server.RaftServer (ConfUtils.java:logGet(46)) - raft.rpc.type = GRPC (default)
2022-10-18 06:30:17,372 [Listener at 127.0.0.1/45465] INFO  grpc.GrpcFactory (GrpcFactory.java:checkPooledByteBufAllocatorUseCacheForAllThreads(48)) - PERFORMANCE WARNING: useCacheForAllThreads is true that may cause Netty to create a lot garbage objects and, as a result, trigger GC.
	It is recommended to disable useCacheForAllThreads by setting -Dorg.apache.ratis.thirdparty.io.netty.allocator.useCacheForAllThreads=false in command line.
2022-10-18 06:30:17,372 [Listener at 127.0.0.1/45465] INFO  grpc.GrpcConfigKeys (ConfUtils.java:logGet(46)) - raft.grpc.admin.port = 0 (custom)
2022-10-18 06:30:17,372 [Listener at 127.0.0.1/45465] INFO  grpc.GrpcConfigKeys (ConfUtils.java:logGet(46)) - raft.grpc.client.port = 0 (custom)
2022-10-18 06:30:17,372 [Listener at 127.0.0.1/45465] INFO  grpc.GrpcConfigKeys (ConfUtils.java:logGet(46)) - raft.grpc.server.port = 0 (default)
2022-10-18 06:30:17,372 [Listener at 127.0.0.1/45465] INFO  server.GrpcService (ConfUtils.java:logGet(46)) - raft.grpc.message.size.max = 32MB (=33554432) (custom)
2022-10-18 06:30:17,372 [Listener at 127.0.0.1/45465] INFO  server.RaftServerConfigKeys (ConfUtils.java:logGet(46)) - raft.server.log.appender.buffer.byte-limit = 33554432 (custom)
2022-10-18 06:30:17,372 [Listener at 127.0.0.1/45465] INFO  server.GrpcService (ConfUtils.java:logGet(46)) - raft.grpc.flow.control.window = 5MB (=5242880) (custom)
2022-10-18 06:30:17,372 [Listener at 127.0.0.1/45465] INFO  server.RaftServerConfigKeys (ConfUtils.java:logGet(46)) - raft.server.rpc.request.timeout = 60s (custom)
2022-10-18 06:30:17,373 [Listener at 127.0.0.1/45465] INFO  grpc.GrpcConfigKeys (ConfUtils.java:logGet(46)) - raft.grpc.server.async.request.thread.pool.cached = true (default)
2022-10-18 06:30:17,373 [Listener at 127.0.0.1/45465] INFO  grpc.GrpcConfigKeys (ConfUtils.java:logGet(46)) - raft.grpc.server.async.request.thread.pool.size = 32 (default)
2022-10-18 06:30:17,374 [Listener at 127.0.0.1/45465] INFO  impl.DataStreamServerImpl (ConfUtils.java:logGet(46)) - raft.datastream.type = DISABLED (default)
2022-10-18 06:30:17,374 [Listener at 127.0.0.1/45465] INFO  server.RaftServerConfigKeys (ConfUtils.java:logGet(46)) - raft.server.threadpool.proxy.cached = true (default)
2022-10-18 06:30:17,374 [Listener at 127.0.0.1/45465] INFO  server.RaftServerConfigKeys (ConfUtils.java:logGet(46)) - raft.server.threadpool.proxy.size = 0 (default)
2022-10-18 06:30:17,374 [Listener at 127.0.0.1/45465] INFO  server.RaftServerConfigKeys (ConfUtils.java:logGet(46)) - raft.server.rpc.slowness.timeout = 300s (custom)
2022-10-18 06:30:17,374 [Listener at 127.0.0.1/45465] INFO  server.RaftServerConfigKeys (ConfUtils.java:logGet(46)) - raft.server.leaderelection.leader.step-down.wait-time = 10s (default)
2022-10-18 06:30:17,374 [Listener at 127.0.0.1/45465] INFO  server.RaftServerConfigKeys (ConfUtils.java:logGet(46)) - raft.server.storage.dir = [/home/runner/work/ozone/ozone/hadoop-ozone/integration-test/target/test-dir/MiniOzoneClusterImpl-489ebd61-a341-4d14-a135-ade311a26152/datanode-0/data/ratis] (custom)
2022-10-18 06:30:17,390 [Listener at 127.0.0.1/45465] INFO  server.XceiverServerGrpc (XceiverServerGrpc.java:<init>(132)) - GrpcServer channel type EpollServerSocketChannel
2022-10-18 06:30:17,447 [Listener at 127.0.0.1/45465] INFO  http.BaseHttpServer (BaseHttpServer.java:newHttpServer2BuilderForOzone(213)) - Starting Web-server for hddsDatanode at: http://0.0.0.0:0
2022-10-18 06:30:17,447 [Listener at 127.0.0.1/45465] INFO  http.BaseHttpServer (BaseHttpServer.java:<init>(108)) - Hadoop Security Enabled: false Ozone Security Enabled: false Ozone HTTP Security Enabled: false 
2022-10-18 06:30:17,449 [Listener at 127.0.0.1/45465] WARN  server.AuthenticationFilter (AuthenticationFilter.java:constructSecretProvider(240)) - Unable to initialize FileSignerSecretProvider, falling back to use random secrets. Reason: Could not read signature secret file: /home/runner/hadoop-http-auth-signature-secret
2022-10-18 06:30:17,450 [Listener at 127.0.0.1/45465] WARN  http.HttpRequestLog (HttpRequestLog.java:getRequestLog(103)) - Jetty request log can only be enabled using Log4j
2022-10-18 06:30:17,451 [Listener at 127.0.0.1/45465] INFO  http.HttpServer2 (HttpServer2.java:addGlobalFilter(1031)) - Added global filter 'safety' (class=org.apache.hadoop.hdds.server.http.HttpServer2$QuotingInputFilter)
2022-10-18 06:30:17,452 [Listener at 127.0.0.1/45465] INFO  http.HttpServer2 (HttpServer2.java:addFilter(1007)) - Added filter static_user_filter (class=org.apache.hadoop.http.lib.StaticUserWebFilter$StaticUserFilter) to context hddsDatanode
2022-10-18 06:30:17,452 [Listener at 127.0.0.1/45465] INFO  http.HttpServer2 (HttpServer2.java:addFilter(1015)) - Added filter static_user_filter (class=org.apache.hadoop.http.lib.StaticUserWebFilter$StaticUserFilter) to context logs
2022-10-18 06:30:17,452 [Listener at 127.0.0.1/45465] INFO  http.HttpServer2 (HttpServer2.java:addFilter(1015)) - Added filter static_user_filter (class=org.apache.hadoop.http.lib.StaticUserWebFilter$StaticUserFilter) to context static
2022-10-18 06:30:17,452 [Listener at 127.0.0.1/45465] INFO  http.HttpServer2 (HttpServer2.java:bindListener(1250)) - Jetty bound to port 35875
2022-10-18 06:30:17,453 [Listener at 127.0.0.1/45465] INFO  server.Server (Server.java:doStart(375)) - jetty-9.4.43.v20210629; built: 2021-06-30T11:07:22.254Z; git: 526006ecfa3af7f1a27ef3a288e2bef7ea9dd7e8; jvm 1.8.0_345-b01
2022-10-18 06:30:17,455 [Listener at 127.0.0.1/45465] INFO  server.session (DefaultSessionIdManager.java:doStart(334)) - DefaultSessionIdManager workerName=node0
2022-10-18 06:30:17,455 [Listener at 127.0.0.1/45465] INFO  server.session (DefaultSessionIdManager.java:doStart(339)) - No SessionScavenger set, using defaults
2022-10-18 06:30:17,455 [Listener at 127.0.0.1/45465] INFO  server.session (HouseKeeper.java:startScavenging(132)) - node0 Scavenging every 600000ms
2022-10-18 06:30:17,456 [Listener at 127.0.0.1/45465] INFO  handler.ContextHandler (ContextHandler.java:doStart(915)) - Started o.e.j.s.ServletContextHandler@57b2e99{logs,/logs,file:///home/runner/work/ozone/ozone/hadoop-ozone/integration-test/target/log,AVAILABLE}
2022-10-18 06:30:17,456 [Listener at 127.0.0.1/45465] INFO  handler.ContextHandler (ContextHandler.java:doStart(915)) - Started o.e.j.s.ServletContextHandler@2ba83c41{static,/static,jar:file:/home/runner/.m2/repository/org/apache/ozone/hdds-container-service/1.3.0-SNAPSHOT/hdds-container-service-1.3.0-SNAPSHOT.jar!/webapps/static,AVAILABLE}
2022-10-18 06:30:17,641 [Listener at 127.0.0.1/45465] INFO  handler.ContextHandler (ContextHandler.java:doStart(915)) - Started o.e.j.w.WebAppContext@39648b7f{hddsDatanode,/,file:///tmp/jetty-0_0_0_0-35875-hdds-container-service-1_3_0-SNAPSHOT_jar-_-any-2076886391538912612/webapp/,AVAILABLE}{jar:file:/home/runner/.m2/repository/org/apache/ozone/hdds-container-service/1.3.0-SNAPSHOT/hdds-container-service-1.3.0-SNAPSHOT.jar!/webapps/hddsDatanode}
2022-10-18 06:30:17,642 [Listener at 127.0.0.1/45465] INFO  server.AbstractConnector (AbstractConnector.java:doStart(331)) - Started ServerConnector@16987824{HTTP/1.1, (http/1.1)}{0.0.0.0:35875}
2022-10-18 06:30:17,643 [Listener at 127.0.0.1/45465] INFO  server.Server (Server.java:doStart(415)) - Started @9827ms
2022-10-18 06:30:17,643 [Listener at 127.0.0.1/45465] WARN  impl.MetricsSystemImpl (MetricsSystemImpl.java:register(279)) - Sink prometheus already exists!
2022-10-18 06:30:17,643 [Listener at 127.0.0.1/45465] INFO  http.BaseHttpServer (BaseHttpServer.java:updateConnectorAddress(333)) - HTTP server of hddsDatanode listening at http://0.0.0.0:35875
2022-10-18 06:30:17,650 [Listener at 127.0.0.1/45465] WARN  impl.MetricRegistriesImpl (MetricRegistriesImpl.java:addReporterRegistration(111)) - New reporters are added after registries were created. Some metrics will be missing from the reporter. Please add reporter before adding any new registry.
2022-10-18 06:30:17,650 [Listener at 127.0.0.1/45465] WARN  impl.MetricRegistriesImpl (MetricRegistriesImpl.java:addReporterRegistration(111)) - New reporters are added after registries were created. Some metrics will be missing from the reporter. Please add reporter before adding any new registry.
2022-10-18 06:30:17,650 [Listener at 127.0.0.1/45465] INFO  impl.MetricsSystemImpl (MetricsSystemImpl.java:init(158)) - HddsDatanode metrics system started (again)
2022-10-18 06:30:17,652 [Datanode State Machine Daemon Thread] INFO  statemachine.DatanodeStateMachine (DatanodeStateMachine.java:lambda$startDaemon$0(492)) - Ozone container server started.
2022-10-18 06:30:17,667 [Listener at 127.0.0.1/45465] INFO  ozone.HddsDatanodeService (HddsDatanodeService.java:start(236)) - HddsDatanodeService host:fv-az241-838.2tfxs3cvuluejhi1wdm4o5ef4c.bx.internal.cloudapp.net ip:10.1.1.164
2022-10-18 06:30:17,671 [org.apache.hadoop.util.JvmPauseMonitor$Monitor@67b33a4d] INFO  util.JvmPauseMonitor (JvmPauseMonitor.java:run(188)) - Starting JVM pause monitor
2022-10-18 06:30:17,692 [Listener at 127.0.0.1/45465] INFO  upgrade.AbstractLayoutVersionManager (AbstractLayoutVersionManager.java:init(83)) - Initializing Layout version manager with metadata layout = DATANODE_SCHEMA_V3 (version = 4), software layout = DATANODE_SCHEMA_V3 (version = 4)
2022-10-18 06:30:17,758 [Listener at 127.0.0.1/45465] INFO  reflections.Reflections (Reflections.java:scan(232)) - Reflections took 65 ms to scan 7 urls, producing 137 keys and 328 values 
2022-10-18 06:30:17,764 [Listener at 127.0.0.1/45465] INFO  statemachine.DatanodeStateMachine (DatanodeStateMachine.java:getEndPointTaskThreadPoolSize(237)) - Datanode State Machine Task Thread Pool size 2
2022-10-18 06:30:17,768 [Datanode State Machine Task Thread - 0] INFO  datanode.InitDatanodeState (InitDatanodeState.java:persistContainerDatanodeDetails(138)) - DatanodeDetails is persisted to /home/runner/work/ozone/ozone/hadoop-ozone/integration-test/target/test-dir/MiniOzoneClusterImpl-489ebd61-a341-4d14-a135-ade311a26152/datanode-0/meta/datanode.id
2022-10-18 06:30:17,774 [Listener at 127.0.0.1/45465] INFO  volume.HddsVolume (HddsVolume.java:<init>(117)) - Creating HddsVolume: /home/runner/work/ozone/ozone/hadoop-ozone/integration-test/target/test-dir/MiniOzoneClusterImpl-489ebd61-a341-4d14-a135-ade311a26152/datanode-1/data-0/containers/hdds of storage type : DISK capacity : 9223372036854775807
2022-10-18 06:30:17,774 [Listener at 127.0.0.1/45465] INFO  volume.MutableVolumeSet (MutableVolumeSet.java:initializeVolumeSet(174)) - Added Volume : /home/runner/work/ozone/ozone/hadoop-ozone/integration-test/target/test-dir/MiniOzoneClusterImpl-489ebd61-a341-4d14-a135-ade311a26152/datanode-1/data-0/containers/hdds to VolumeSet
2022-10-18 06:30:17,774 [Listener at 127.0.0.1/45465] INFO  volume.ThrottledAsyncChecker (ThrottledAsyncChecker.java:schedule(141)) - Scheduling a check for /home/runner/work/ozone/ozone/hadoop-ozone/integration-test/target/test-dir/MiniOzoneClusterImpl-489ebd61-a341-4d14-a135-ade311a26152/datanode-1/data-0/containers/hdds
2022-10-18 06:30:17,777 [Listener at 127.0.0.1/45465] INFO  volume.StorageVolumeChecker (StorageVolumeChecker.java:checkAllVolumes(202)) - Scheduled health check for volume /home/runner/work/ozone/ozone/hadoop-ozone/integration-test/target/test-dir/MiniOzoneClusterImpl-489ebd61-a341-4d14-a135-ade311a26152/datanode-1/data-0/containers/hdds
2022-10-18 06:30:17,792 [Listener at 127.0.0.1/45465] INFO  volume.MutableVolumeSet (MutableVolumeSet.java:initializeVolumeSet(174)) - Added Volume : /home/runner/work/ozone/ozone/hadoop-ozone/integration-test/target/test-dir/MiniOzoneClusterImpl-489ebd61-a341-4d14-a135-ade311a26152/datanode-1/data/ratis to VolumeSet
2022-10-18 06:30:17,792 [Listener at 127.0.0.1/45465] INFO  volume.ThrottledAsyncChecker (ThrottledAsyncChecker.java:schedule(141)) - Scheduling a check for /home/runner/work/ozone/ozone/hadoop-ozone/integration-test/target/test-dir/MiniOzoneClusterImpl-489ebd61-a341-4d14-a135-ade311a26152/datanode-1/data/ratis
2022-10-18 06:30:17,793 [Listener at 127.0.0.1/45465] INFO  volume.StorageVolumeChecker (StorageVolumeChecker.java:checkAllVolumes(202)) - Scheduled health check for volume /home/runner/work/ozone/ozone/hadoop-ozone/integration-test/target/test-dir/MiniOzoneClusterImpl-489ebd61-a341-4d14-a135-ade311a26152/datanode-1/data/ratis
2022-10-18 06:30:17,803 [Thread-257] INFO  ozoneimpl.ContainerReader (ContainerReader.java:readVolume(175)) - Finish verifying containers on volume /home/runner/work/ozone/ozone/hadoop-ozone/integration-test/target/test-dir/MiniOzoneClusterImpl-489ebd61-a341-4d14-a135-ade311a26152/datanode-1/data-0/containers/hdds
2022-10-18 06:30:17,803 [Listener at 127.0.0.1/45465] INFO  ozoneimpl.OzoneContainer (OzoneContainer.java:buildContainerSet(300)) - Build ContainerSet costs 0s
2022-10-18 06:30:17,807 [Listener at 127.0.0.1/45465] INFO  server.RaftServer (ConfUtils.java:logGet(46)) - raft.rpc.type = GRPC (default)
2022-10-18 06:30:17,807 [Listener at 127.0.0.1/45465] INFO  grpc.GrpcFactory (GrpcFactory.java:checkPooledByteBufAllocatorUseCacheForAllThreads(48)) - PERFORMANCE WARNING: useCacheForAllThreads is true that may cause Netty to create a lot garbage objects and, as a result, trigger GC.
	It is recommended to disable useCacheForAllThreads by setting -Dorg.apache.ratis.thirdparty.io.netty.allocator.useCacheForAllThreads=false in command line.
2022-10-18 06:30:17,807 [Listener at 127.0.0.1/45465] INFO  grpc.GrpcConfigKeys (ConfUtils.java:logGet(46)) - raft.grpc.admin.port = 0 (custom)
2022-10-18 06:30:17,807 [Listener at 127.0.0.1/45465] INFO  grpc.GrpcConfigKeys (ConfUtils.java:logGet(46)) - raft.grpc.client.port = 0 (custom)
2022-10-18 06:30:17,807 [Listener at 127.0.0.1/45465] INFO  grpc.GrpcConfigKeys (ConfUtils.java:logGet(46)) - raft.grpc.server.port = 0 (default)
2022-10-18 06:30:17,807 [Listener at 127.0.0.1/45465] INFO  server.GrpcService (ConfUtils.java:logGet(46)) - raft.grpc.message.size.max = 32MB (=33554432) (custom)
2022-10-18 06:30:17,807 [Listener at 127.0.0.1/45465] INFO  server.RaftServerConfigKeys (ConfUtils.java:logGet(46)) - raft.server.log.appender.buffer.byte-limit = 33554432 (custom)
2022-10-18 06:30:17,808 [Listener at 127.0.0.1/45465] INFO  server.GrpcService (ConfUtils.java:logGet(46)) - raft.grpc.flow.control.window = 5MB (=5242880) (custom)
2022-10-18 06:30:17,808 [Listener at 127.0.0.1/45465] INFO  server.RaftServerConfigKeys (ConfUtils.java:logGet(46)) - raft.server.rpc.request.timeout = 60s (custom)
2022-10-18 06:30:17,808 [Listener at 127.0.0.1/45465] INFO  grpc.GrpcConfigKeys (ConfUtils.java:logGet(46)) - raft.grpc.server.async.request.thread.pool.cached = true (default)
2022-10-18 06:30:17,808 [Listener at 127.0.0.1/45465] INFO  grpc.GrpcConfigKeys (ConfUtils.java:logGet(46)) - raft.grpc.server.async.request.thread.pool.size = 32 (default)
2022-10-18 06:30:17,809 [Listener at 127.0.0.1/45465] INFO  impl.DataStreamServerImpl (ConfUtils.java:logGet(46)) - raft.datastream.type = DISABLED (default)
2022-10-18 06:30:17,809 [Listener at 127.0.0.1/45465] INFO  server.RaftServerConfigKeys (ConfUtils.java:logGet(46)) - raft.server.threadpool.proxy.cached = true (default)
2022-10-18 06:30:17,809 [Listener at 127.0.0.1/45465] INFO  server.RaftServerConfigKeys (ConfUtils.java:logGet(46)) - raft.server.threadpool.proxy.size = 0 (default)
2022-10-18 06:30:17,809 [Listener at 127.0.0.1/45465] INFO  server.RaftServerConfigKeys (ConfUtils.java:logGet(46)) - raft.server.rpc.slowness.timeout = 300s (custom)
2022-10-18 06:30:17,809 [Listener at 127.0.0.1/45465] INFO  server.RaftServerConfigKeys (ConfUtils.java:logGet(46)) - raft.server.leaderelection.leader.step-down.wait-time = 10s (default)
2022-10-18 06:30:17,810 [Listener at 127.0.0.1/45465] INFO  server.RaftServerConfigKeys (ConfUtils.java:logGet(46)) - raft.server.storage.dir = [/home/runner/work/ozone/ozone/hadoop-ozone/integration-test/target/test-dir/MiniOzoneClusterImpl-489ebd61-a341-4d14-a135-ade311a26152/datanode-1/data/ratis] (custom)
2022-10-18 06:30:17,811 [Listener at 127.0.0.1/45465] INFO  server.XceiverServerGrpc (XceiverServerGrpc.java:<init>(132)) - GrpcServer channel type EpollServerSocketChannel
2022-10-18 06:30:17,818 [Listener at 127.0.0.1/45465] INFO  http.BaseHttpServer (BaseHttpServer.java:newHttpServer2BuilderForOzone(213)) - Starting Web-server for hddsDatanode at: http://0.0.0.0:0
2022-10-18 06:30:17,818 [Listener at 127.0.0.1/45465] INFO  http.BaseHttpServer (BaseHttpServer.java:<init>(108)) - Hadoop Security Enabled: false Ozone Security Enabled: false Ozone HTTP Security Enabled: false 
2022-10-18 06:30:17,819 [Listener at 127.0.0.1/45465] WARN  server.AuthenticationFilter (AuthenticationFilter.java:constructSecretProvider(240)) - Unable to initialize FileSignerSecretProvider, falling back to use random secrets. Reason: Could not read signature secret file: /home/runner/hadoop-http-auth-signature-secret
2022-10-18 06:30:17,821 [Listener at 127.0.0.1/45465] WARN  http.HttpRequestLog (HttpRequestLog.java:getRequestLog(103)) - Jetty request log can only be enabled using Log4j
2022-10-18 06:30:17,822 [Listener at 127.0.0.1/45465] INFO  http.HttpServer2 (HttpServer2.java:addGlobalFilter(1031)) - Added global filter 'safety' (class=org.apache.hadoop.hdds.server.http.HttpServer2$QuotingInputFilter)
2022-10-18 06:30:17,823 [Listener at 127.0.0.1/45465] INFO  http.HttpServer2 (HttpServer2.java:addFilter(1007)) - Added filter static_user_filter (class=org.apache.hadoop.http.lib.StaticUserWebFilter$StaticUserFilter) to context hddsDatanode
2022-10-18 06:30:17,823 [Listener at 127.0.0.1/45465] INFO  http.HttpServer2 (HttpServer2.java:addFilter(1015)) - Added filter static_user_filter (class=org.apache.hadoop.http.lib.StaticUserWebFilter$StaticUserFilter) to context static
2022-10-18 06:30:17,823 [Listener at 127.0.0.1/45465] INFO  http.HttpServer2 (HttpServer2.java:addFilter(1015)) - Added filter static_user_filter (class=org.apache.hadoop.http.lib.StaticUserWebFilter$StaticUserFilter) to context logs
2022-10-18 06:30:17,824 [Listener at 127.0.0.1/45465] INFO  http.HttpServer2 (HttpServer2.java:bindListener(1250)) - Jetty bound to port 36583
2022-10-18 06:30:17,824 [Listener at 127.0.0.1/45465] INFO  server.Server (Server.java:doStart(375)) - jetty-9.4.43.v20210629; built: 2021-06-30T11:07:22.254Z; git: 526006ecfa3af7f1a27ef3a288e2bef7ea9dd7e8; jvm 1.8.0_345-b01
2022-10-18 06:30:17,825 [Listener at 127.0.0.1/45465] INFO  server.session (DefaultSessionIdManager.java:doStart(334)) - DefaultSessionIdManager workerName=node0
2022-10-18 06:30:17,826 [Listener at 127.0.0.1/45465] INFO  server.session (DefaultSessionIdManager.java:doStart(339)) - No SessionScavenger set, using defaults
2022-10-18 06:30:17,826 [Listener at 127.0.0.1/45465] INFO  server.session (HouseKeeper.java:startScavenging(132)) - node0 Scavenging every 660000ms
2022-10-18 06:30:17,826 [Listener at 127.0.0.1/45465] INFO  handler.ContextHandler (ContextHandler.java:doStart(915)) - Started o.e.j.s.ServletContextHandler@351ac4c7{logs,/logs,file:///home/runner/work/ozone/ozone/hadoop-ozone/integration-test/target/log,AVAILABLE}
2022-10-18 06:30:17,827 [Listener at 127.0.0.1/45465] INFO  handler.ContextHandler (ContextHandler.java:doStart(915)) - Started o.e.j.s.ServletContextHandler@5e5eaa7f{static,/static,jar:file:/home/runner/.m2/repository/org/apache/ozone/hdds-container-service/1.3.0-SNAPSHOT/hdds-container-service-1.3.0-SNAPSHOT.jar!/webapps/static,AVAILABLE}
2022-10-18 06:30:17,997 [Listener at 127.0.0.1/45465] INFO  handler.ContextHandler (ContextHandler.java:doStart(915)) - Started o.e.j.w.WebAppContext@76c6ded8{hddsDatanode,/,file:///tmp/jetty-0_0_0_0-36583-hdds-container-service-1_3_0-SNAPSHOT_jar-_-any-6725797977003785714/webapp/,AVAILABLE}{jar:file:/home/runner/.m2/repository/org/apache/ozone/hdds-container-service/1.3.0-SNAPSHOT/hdds-container-service-1.3.0-SNAPSHOT.jar!/webapps/hddsDatanode}
2022-10-18 06:30:17,998 [Listener at 127.0.0.1/45465] INFO  server.AbstractConnector (AbstractConnector.java:doStart(331)) - Started ServerConnector@1bae1991{HTTP/1.1, (http/1.1)}{0.0.0.0:36583}
2022-10-18 06:30:17,998 [Listener at 127.0.0.1/45465] INFO  server.Server (Server.java:doStart(415)) - Started @10182ms
2022-10-18 06:30:17,998 [Listener at 127.0.0.1/45465] WARN  impl.MetricsSystemImpl (MetricsSystemImpl.java:register(279)) - Sink prometheus already exists!
2022-10-18 06:30:18,001 [Listener at 127.0.0.1/45465] INFO  http.BaseHttpServer (BaseHttpServer.java:updateConnectorAddress(333)) - HTTP server of hddsDatanode listening at http://0.0.0.0:36583
2022-10-18 06:30:18,001 [Datanode State Machine Daemon Thread] INFO  statemachine.DatanodeStateMachine (DatanodeStateMachine.java:lambda$startDaemon$0(492)) - Ozone container server started.
2022-10-18 06:30:18,002 [Listener at 127.0.0.1/45465] WARN  impl.MetricRegistriesImpl (MetricRegistriesImpl.java:addReporterRegistration(111)) - New reporters are added after registries were created. Some metrics will be missing from the reporter. Please add reporter before adding any new registry.
2022-10-18 06:30:18,002 [Listener at 127.0.0.1/45465] WARN  impl.MetricRegistriesImpl (MetricRegistriesImpl.java:addReporterRegistration(111)) - New reporters are added after registries were created. Some metrics will be missing from the reporter. Please add reporter before adding any new registry.
2022-10-18 06:30:18,002 [Listener at 127.0.0.1/45465] INFO  impl.MetricsSystemImpl (MetricsSystemImpl.java:init(158)) - HddsDatanode metrics system started (again)
2022-10-18 06:30:18,024 [org.apache.hadoop.util.JvmPauseMonitor$Monitor@1b175420] INFO  util.JvmPauseMonitor (JvmPauseMonitor.java:run(188)) - Starting JVM pause monitor
2022-10-18 06:30:18,030 [Listener at 127.0.0.1/45465] INFO  ozone.HddsDatanodeService (HddsDatanodeService.java:start(236)) - HddsDatanodeService host:fv-az241-838.2tfxs3cvuluejhi1wdm4o5ef4c.bx.internal.cloudapp.net ip:10.1.1.164
2022-10-18 06:30:18,035 [Datanode State Machine Task Thread - 0] INFO  datanode.InitDatanodeState (InitDatanodeState.java:persistContainerDatanodeDetails(138)) - DatanodeDetails is persisted to /home/runner/work/ozone/ozone/hadoop-ozone/integration-test/target/test-dir/MiniOzoneClusterImpl-489ebd61-a341-4d14-a135-ade311a26152/datanode-1/meta/datanode.id
2022-10-18 06:30:18,054 [Listener at 127.0.0.1/45465] INFO  upgrade.AbstractLayoutVersionManager (AbstractLayoutVersionManager.java:init(83)) - Initializing Layout version manager with metadata layout = DATANODE_SCHEMA_V3 (version = 4), software layout = DATANODE_SCHEMA_V3 (version = 4)
2022-10-18 06:30:18,098 [Listener at 127.0.0.1/45465] INFO  reflections.Reflections (Reflections.java:scan(232)) - Reflections took 43 ms to scan 7 urls, producing 137 keys and 328 values 
2022-10-18 06:30:18,100 [Listener at 127.0.0.1/45465] INFO  statemachine.DatanodeStateMachine (DatanodeStateMachine.java:getEndPointTaskThreadPoolSize(237)) - Datanode State Machine Task Thread Pool size 2
2022-10-18 06:30:18,103 [Listener at 127.0.0.1/45465] INFO  volume.HddsVolume (HddsVolume.java:<init>(117)) - Creating HddsVolume: /home/runner/work/ozone/ozone/hadoop-ozone/integration-test/target/test-dir/MiniOzoneClusterImpl-489ebd61-a341-4d14-a135-ade311a26152/datanode-2/data-0/containers/hdds of storage type : DISK capacity : 9223372036854775807
2022-10-18 06:30:18,103 [Listener at 127.0.0.1/45465] INFO  volume.MutableVolumeSet (MutableVolumeSet.java:initializeVolumeSet(174)) - Added Volume : /home/runner/work/ozone/ozone/hadoop-ozone/integration-test/target/test-dir/MiniOzoneClusterImpl-489ebd61-a341-4d14-a135-ade311a26152/datanode-2/data-0/containers/hdds to VolumeSet
2022-10-18 06:30:18,103 [Listener at 127.0.0.1/45465] INFO  volume.ThrottledAsyncChecker (ThrottledAsyncChecker.java:schedule(141)) - Scheduling a check for /home/runner/work/ozone/ozone/hadoop-ozone/integration-test/target/test-dir/MiniOzoneClusterImpl-489ebd61-a341-4d14-a135-ade311a26152/datanode-2/data-0/containers/hdds
2022-10-18 06:30:18,103 [Listener at 127.0.0.1/45465] INFO  volume.StorageVolumeChecker (StorageVolumeChecker.java:checkAllVolumes(202)) - Scheduled health check for volume /home/runner/work/ozone/ozone/hadoop-ozone/integration-test/target/test-dir/MiniOzoneClusterImpl-489ebd61-a341-4d14-a135-ade311a26152/datanode-2/data-0/containers/hdds
2022-10-18 06:30:18,114 [Listener at 127.0.0.1/45465] INFO  volume.MutableVolumeSet (MutableVolumeSet.java:initializeVolumeSet(174)) - Added Volume : /home/runner/work/ozone/ozone/hadoop-ozone/integration-test/target/test-dir/MiniOzoneClusterImpl-489ebd61-a341-4d14-a135-ade311a26152/datanode-2/data/ratis to VolumeSet
2022-10-18 06:30:18,114 [Listener at 127.0.0.1/45465] INFO  volume.ThrottledAsyncChecker (ThrottledAsyncChecker.java:schedule(141)) - Scheduling a check for /home/runner/work/ozone/ozone/hadoop-ozone/integration-test/target/test-dir/MiniOzoneClusterImpl-489ebd61-a341-4d14-a135-ade311a26152/datanode-2/data/ratis
2022-10-18 06:30:18,114 [Listener at 127.0.0.1/45465] INFO  volume.StorageVolumeChecker (StorageVolumeChecker.java:checkAllVolumes(202)) - Scheduled health check for volume /home/runner/work/ozone/ozone/hadoop-ozone/integration-test/target/test-dir/MiniOzoneClusterImpl-489ebd61-a341-4d14-a135-ade311a26152/datanode-2/data/ratis
2022-10-18 06:30:18,125 [Thread-270] INFO  ozoneimpl.ContainerReader (ContainerReader.java:readVolume(175)) - Finish verifying containers on volume /home/runner/work/ozone/ozone/hadoop-ozone/integration-test/target/test-dir/MiniOzoneClusterImpl-489ebd61-a341-4d14-a135-ade311a26152/datanode-2/data-0/containers/hdds
2022-10-18 06:30:18,125 [Listener at 127.0.0.1/45465] INFO  ozoneimpl.OzoneContainer (OzoneContainer.java:buildContainerSet(300)) - Build ContainerSet costs 0s
2022-10-18 06:30:18,127 [Listener at 127.0.0.1/45465] INFO  server.RaftServer (ConfUtils.java:logGet(46)) - raft.rpc.type = GRPC (default)
2022-10-18 06:30:18,128 [Listener at 127.0.0.1/45465] INFO  grpc.GrpcFactory (GrpcFactory.java:checkPooledByteBufAllocatorUseCacheForAllThreads(48)) - PERFORMANCE WARNING: useCacheForAllThreads is true that may cause Netty to create a lot garbage objects and, as a result, trigger GC.
	It is recommended to disable useCacheForAllThreads by setting -Dorg.apache.ratis.thirdparty.io.netty.allocator.useCacheForAllThreads=false in command line.
2022-10-18 06:30:18,128 [Listener at 127.0.0.1/45465] INFO  grpc.GrpcConfigKeys (ConfUtils.java:logGet(46)) - raft.grpc.admin.port = 0 (custom)
2022-10-18 06:30:18,128 [Listener at 127.0.0.1/45465] INFO  grpc.GrpcConfigKeys (ConfUtils.java:logGet(46)) - raft.grpc.client.port = 0 (custom)
2022-10-18 06:30:18,128 [Listener at 127.0.0.1/45465] INFO  grpc.GrpcConfigKeys (ConfUtils.java:logGet(46)) - raft.grpc.server.port = 0 (default)
2022-10-18 06:30:18,128 [Listener at 127.0.0.1/45465] INFO  server.GrpcService (ConfUtils.java:logGet(46)) - raft.grpc.message.size.max = 32MB (=33554432) (custom)
2022-10-18 06:30:18,128 [Listener at 127.0.0.1/45465] INFO  server.RaftServerConfigKeys (ConfUtils.java:logGet(46)) - raft.server.log.appender.buffer.byte-limit = 33554432 (custom)
2022-10-18 06:30:18,128 [Listener at 127.0.0.1/45465] INFO  server.GrpcService (ConfUtils.java:logGet(46)) - raft.grpc.flow.control.window = 5MB (=5242880) (custom)
2022-10-18 06:30:18,128 [Listener at 127.0.0.1/45465] INFO  server.RaftServerConfigKeys (ConfUtils.java:logGet(46)) - raft.server.rpc.request.timeout = 60s (custom)
2022-10-18 06:30:18,129 [Listener at 127.0.0.1/45465] INFO  grpc.GrpcConfigKeys (ConfUtils.java:logGet(46)) - raft.grpc.server.async.request.thread.pool.cached = true (default)
2022-10-18 06:30:18,129 [Listener at 127.0.0.1/45465] INFO  grpc.GrpcConfigKeys (ConfUtils.java:logGet(46)) - raft.grpc.server.async.request.thread.pool.size = 32 (default)
2022-10-18 06:30:18,130 [Listener at 127.0.0.1/45465] INFO  impl.DataStreamServerImpl (ConfUtils.java:logGet(46)) - raft.datastream.type = DISABLED (default)
2022-10-18 06:30:18,130 [Listener at 127.0.0.1/45465] INFO  server.RaftServerConfigKeys (ConfUtils.java:logGet(46)) - raft.server.threadpool.proxy.cached = true (default)
2022-10-18 06:30:18,130 [Listener at 127.0.0.1/45465] INFO  server.RaftServerConfigKeys (ConfUtils.java:logGet(46)) - raft.server.threadpool.proxy.size = 0 (default)
2022-10-18 06:30:18,130 [Listener at 127.0.0.1/45465] INFO  server.RaftServerConfigKeys (ConfUtils.java:logGet(46)) - raft.server.rpc.slowness.timeout = 300s (custom)
2022-10-18 06:30:18,130 [Listener at 127.0.0.1/45465] INFO  server.RaftServerConfigKeys (ConfUtils.java:logGet(46)) - raft.server.leaderelection.leader.step-down.wait-time = 10s (default)
2022-10-18 06:30:18,131 [Listener at 127.0.0.1/45465] INFO  server.RaftServerConfigKeys (ConfUtils.java:logGet(46)) - raft.server.storage.dir = [/home/runner/work/ozone/ozone/hadoop-ozone/integration-test/target/test-dir/MiniOzoneClusterImpl-489ebd61-a341-4d14-a135-ade311a26152/datanode-2/data/ratis] (custom)
2022-10-18 06:30:18,133 [Listener at 127.0.0.1/45465] INFO  server.XceiverServerGrpc (XceiverServerGrpc.java:<init>(132)) - GrpcServer channel type EpollServerSocketChannel
2022-10-18 06:30:18,136 [Listener at 127.0.0.1/45465] INFO  http.BaseHttpServer (BaseHttpServer.java:newHttpServer2BuilderForOzone(213)) - Starting Web-server for hddsDatanode at: http://0.0.0.0:0
2022-10-18 06:30:18,136 [Listener at 127.0.0.1/45465] INFO  http.BaseHttpServer (BaseHttpServer.java:<init>(108)) - Hadoop Security Enabled: false Ozone Security Enabled: false Ozone HTTP Security Enabled: false 
2022-10-18 06:30:18,138 [Listener at 127.0.0.1/45465] WARN  server.AuthenticationFilter (AuthenticationFilter.java:constructSecretProvider(240)) - Unable to initialize FileSignerSecretProvider, falling back to use random secrets. Reason: Could not read signature secret file: /home/runner/hadoop-http-auth-signature-secret
2022-10-18 06:30:18,138 [Listener at 127.0.0.1/45465] WARN  http.HttpRequestLog (HttpRequestLog.java:getRequestLog(103)) - Jetty request log can only be enabled using Log4j
2022-10-18 06:30:18,140 [Listener at 127.0.0.1/45465] INFO  http.HttpServer2 (HttpServer2.java:addGlobalFilter(1031)) - Added global filter 'safety' (class=org.apache.hadoop.hdds.server.http.HttpServer2$QuotingInputFilter)
2022-10-18 06:30:18,140 [Listener at 127.0.0.1/45465] INFO  http.HttpServer2 (HttpServer2.java:addFilter(1007)) - Added filter static_user_filter (class=org.apache.hadoop.http.lib.StaticUserWebFilter$StaticUserFilter) to context hddsDatanode
2022-10-18 06:30:18,140 [Listener at 127.0.0.1/45465] INFO  http.HttpServer2 (HttpServer2.java:addFilter(1015)) - Added filter static_user_filter (class=org.apache.hadoop.http.lib.StaticUserWebFilter$StaticUserFilter) to context logs
2022-10-18 06:30:18,141 [Listener at 127.0.0.1/45465] INFO  http.HttpServer2 (HttpServer2.java:addFilter(1015)) - Added filter static_user_filter (class=org.apache.hadoop.http.lib.StaticUserWebFilter$StaticUserFilter) to context static
2022-10-18 06:30:18,141 [Listener at 127.0.0.1/45465] INFO  http.HttpServer2 (HttpServer2.java:bindListener(1250)) - Jetty bound to port 36485
2022-10-18 06:30:18,141 [Listener at 127.0.0.1/45465] INFO  server.Server (Server.java:doStart(375)) - jetty-9.4.43.v20210629; built: 2021-06-30T11:07:22.254Z; git: 526006ecfa3af7f1a27ef3a288e2bef7ea9dd7e8; jvm 1.8.0_345-b01
2022-10-18 06:30:18,142 [Listener at 127.0.0.1/45465] INFO  server.session (DefaultSessionIdManager.java:doStart(334)) - DefaultSessionIdManager workerName=node0
2022-10-18 06:30:18,143 [Listener at 127.0.0.1/45465] INFO  server.session (DefaultSessionIdManager.java:doStart(339)) - No SessionScavenger set, using defaults
2022-10-18 06:30:18,143 [Listener at 127.0.0.1/45465] INFO  server.session (HouseKeeper.java:startScavenging(132)) - node0 Scavenging every 600000ms
2022-10-18 06:30:18,144 [Listener at 127.0.0.1/45465] INFO  handler.ContextHandler (ContextHandler.java:doStart(915)) - Started o.e.j.s.ServletContextHandler@25b20814{logs,/logs,file:///home/runner/work/ozone/ozone/hadoop-ozone/integration-test/target/log,AVAILABLE}
2022-10-18 06:30:18,145 [Listener at 127.0.0.1/45465] INFO  handler.ContextHandler (ContextHandler.java:doStart(915)) - Started o.e.j.s.ServletContextHandler@238aff5d{static,/static,jar:file:/home/runner/.m2/repository/org/apache/ozone/hdds-container-service/1.3.0-SNAPSHOT/hdds-container-service-1.3.0-SNAPSHOT.jar!/webapps/static,AVAILABLE}
2022-10-18 06:30:18,313 [Listener at 127.0.0.1/45465] INFO  handler.ContextHandler (ContextHandler.java:doStart(915)) - Started o.e.j.w.WebAppContext@2d921c9{hddsDatanode,/,file:///tmp/jetty-0_0_0_0-36485-hdds-container-service-1_3_0-SNAPSHOT_jar-_-any-1902338760107699262/webapp/,AVAILABLE}{jar:file:/home/runner/.m2/repository/org/apache/ozone/hdds-container-service/1.3.0-SNAPSHOT/hdds-container-service-1.3.0-SNAPSHOT.jar!/webapps/hddsDatanode}
2022-10-18 06:30:18,314 [Listener at 127.0.0.1/45465] INFO  server.AbstractConnector (AbstractConnector.java:doStart(331)) - Started ServerConnector@1855b845{HTTP/1.1, (http/1.1)}{0.0.0.0:36485}
2022-10-18 06:30:18,315 [Listener at 127.0.0.1/45465] INFO  server.Server (Server.java:doStart(415)) - Started @10498ms
2022-10-18 06:30:18,315 [Listener at 127.0.0.1/45465] WARN  impl.MetricsSystemImpl (MetricsSystemImpl.java:register(279)) - Sink prometheus already exists!
2022-10-18 06:30:18,315 [Listener at 127.0.0.1/45465] INFO  http.BaseHttpServer (BaseHttpServer.java:updateConnectorAddress(333)) - HTTP server of hddsDatanode listening at http://0.0.0.0:36485
2022-10-18 06:30:18,316 [Datanode State Machine Daemon Thread] INFO  statemachine.DatanodeStateMachine (DatanodeStateMachine.java:lambda$startDaemon$0(492)) - Ozone container server started.
2022-10-18 06:30:18,317 [Listener at 127.0.0.1/45465] INFO  ozone.MiniOzoneClusterImpl (MiniOzoneClusterImpl.java:lambda$waitForClusterToBeReady$0(216)) - Waiting for nodes to be ready. Got 0 of 3 DN Heartbeats.
2022-10-18 06:30:18,321 [Listener at 127.0.0.1/45465] INFO  ozone.MiniOzoneClusterImpl (MiniOzoneClusterImpl.java:lambda$waitForClusterToBeReady$0(219)) - Waiting for cluster to exit safe mode
2022-10-18 06:30:18,321 [Listener at 127.0.0.1/45465] INFO  ozone.MiniOzoneClusterImpl (MiniOzoneClusterImpl.java:lambda$waitForClusterToBeReady$0(221)) - SCM became leader
2022-10-18 06:30:18,332 [org.apache.hadoop.util.JvmPauseMonitor$Monitor@4c42bca0] INFO  util.JvmPauseMonitor (JvmPauseMonitor.java:run(188)) - Starting JVM pause monitor
2022-10-18 06:30:18,334 [Datanode State Machine Task Thread - 0] INFO  datanode.InitDatanodeState (InitDatanodeState.java:persistContainerDatanodeDetails(138)) - DatanodeDetails is persisted to /home/runner/work/ozone/ozone/hadoop-ozone/integration-test/target/test-dir/MiniOzoneClusterImpl-489ebd61-a341-4d14-a135-ade311a26152/datanode-2/meta/datanode.id
2022-10-18 06:30:19,322 [Listener at 127.0.0.1/45465] INFO  ozone.MiniOzoneClusterImpl (MiniOzoneClusterImpl.java:lambda$waitForClusterToBeReady$0(216)) - Waiting for nodes to be ready. Got 0 of 3 DN Heartbeats.
2022-10-18 06:30:19,322 [Listener at 127.0.0.1/45465] INFO  ozone.MiniOzoneClusterImpl (MiniOzoneClusterImpl.java:lambda$waitForClusterToBeReady$0(219)) - Waiting for cluster to exit safe mode
2022-10-18 06:30:19,322 [Listener at 127.0.0.1/45465] INFO  ozone.MiniOzoneClusterImpl (MiniOzoneClusterImpl.java:lambda$waitForClusterToBeReady$0(221)) - SCM became leader
2022-10-18 06:30:19,756 [EndpointStateMachine task thread for /0.0.0.0:34663 - 0 ] INFO  volume.HddsVolume (HddsVolume.java:createDbStore(307)) - SchemaV3 db is created and loaded at /home/runner/work/ozone/ozone/hadoop-ozone/integration-test/target/test-dir/MiniOzoneClusterImpl-489ebd61-a341-4d14-a135-ade311a26152/datanode-0/data-0/containers/hdds/489ebd61-a341-4d14-a135-ade311a26152/DS-92c83e82-e499-4aaf-a8c5-ec278a7ab899/container.db for volume DS-92c83e82-e499-4aaf-a8c5-ec278a7ab899
2022-10-18 06:30:19,762 [EndpointStateMachine task thread for /0.0.0.0:34663 - 0 ] INFO  volume.HddsVolume (HddsVolume.java:closeDbStore(338)) - SchemaV3 db is stopped at /home/runner/work/ozone/ozone/hadoop-ozone/integration-test/target/test-dir/MiniOzoneClusterImpl-489ebd61-a341-4d14-a135-ade311a26152/datanode-0/data-0/containers/hdds/489ebd61-a341-4d14-a135-ade311a26152/DS-92c83e82-e499-4aaf-a8c5-ec278a7ab899/container.db for volume DS-92c83e82-e499-4aaf-a8c5-ec278a7ab899
2022-10-18 06:30:19,763 [EndpointStateMachine task thread for /0.0.0.0:34663 - 0 ] INFO  ozoneimpl.OzoneContainer (OzoneContainer.java:start(378)) - Attempting to start container services.
2022-10-18 06:30:19,764 [EndpointStateMachine task thread for /0.0.0.0:34663 - 0 ] INFO  ozoneimpl.OzoneContainer (OzoneContainer.java:startContainerScrub(313)) - Background container scanner has been disabled.
2022-10-18 06:30:19,767 [EndpointStateMachine task thread for /0.0.0.0:34663 - 0 ] INFO  replication.ReplicationServer (ReplicationServer.java:start(111)) - ReplicationServer is started using port 40223
2022-10-18 06:30:19,769 [EndpointStateMachine task thread for /0.0.0.0:34663 - 0 ] INFO  ratis.XceiverServerRatis (XceiverServerRatis.java:start(481)) - Starting XceiverServerRatis f912eaa7-674f-48b0-9650-7db3a734b84f
2022-10-18 06:30:19,770 [EndpointStateMachine task thread for /0.0.0.0:34663 - 0 ] INFO  server.RaftServer (RaftServerProxy.java:lambda$start$6(382)) - f912eaa7-674f-48b0-9650-7db3a734b84f: start RPC server
2022-10-18 06:30:19,772 [EndpointStateMachine task thread for /0.0.0.0:34663 - 0 ] INFO  server.GrpcService (GrpcService.java:startImpl(260)) - f912eaa7-674f-48b0-9650-7db3a734b84f: GrpcService started, listening on 37695
2022-10-18 06:30:19,773 [EndpointStateMachine task thread for /0.0.0.0:34663 - 0 ] INFO  ratis.XceiverServerRatis (XceiverServerRatis.java:getRealPort(502)) - XceiverServerRatis f912eaa7-674f-48b0-9650-7db3a734b84f is started using port 37695 for RATIS
2022-10-18 06:30:19,773 [org.apache.ratis.util.JvmPauseMonitor$$Lambda$703/523629281@523ad1a5] INFO  util.JvmPauseMonitor (JvmPauseMonitor.java:run(103)) - JvmPauseMonitor-f912eaa7-674f-48b0-9650-7db3a734b84f: Started
2022-10-18 06:30:19,773 [EndpointStateMachine task thread for /0.0.0.0:34663 - 0 ] INFO  ratis.XceiverServerRatis (XceiverServerRatis.java:getRealPort(502)) - XceiverServerRatis f912eaa7-674f-48b0-9650-7db3a734b84f is started using port 37695 for RATIS_ADMIN
2022-10-18 06:30:19,773 [EndpointStateMachine task thread for /0.0.0.0:34663 - 0 ] INFO  ratis.XceiverServerRatis (XceiverServerRatis.java:getRealPort(502)) - XceiverServerRatis f912eaa7-674f-48b0-9650-7db3a734b84f is started using port 37695 for RATIS_SERVER
2022-10-18 06:30:19,775 [EndpointStateMachine task thread for /0.0.0.0:34663 - 0 ] INFO  server.XceiverServerGrpc (XceiverServerGrpc.java:start(180)) - XceiverServerGrpc f912eaa7-674f-48b0-9650-7db3a734b84f is started using port 44421
2022-10-18 06:30:20,051 [EndpointStateMachine task thread for /0.0.0.0:34663 - 0 ] INFO  volume.HddsVolume (HddsVolume.java:createDbStore(307)) - SchemaV3 db is created and loaded at /home/runner/work/ozone/ozone/hadoop-ozone/integration-test/target/test-dir/MiniOzoneClusterImpl-489ebd61-a341-4d14-a135-ade311a26152/datanode-1/data-0/containers/hdds/489ebd61-a341-4d14-a135-ade311a26152/DS-e234e006-2409-4b7e-af10-6bf51cdfa6f2/container.db for volume DS-e234e006-2409-4b7e-af10-6bf51cdfa6f2
2022-10-18 06:30:20,051 [EndpointStateMachine task thread for /0.0.0.0:34663 - 0 ] INFO  volume.HddsVolume (HddsVolume.java:closeDbStore(338)) - SchemaV3 db is stopped at /home/runner/work/ozone/ozone/hadoop-ozone/integration-test/target/test-dir/MiniOzoneClusterImpl-489ebd61-a341-4d14-a135-ade311a26152/datanode-1/data-0/containers/hdds/489ebd61-a341-4d14-a135-ade311a26152/DS-e234e006-2409-4b7e-af10-6bf51cdfa6f2/container.db for volume DS-e234e006-2409-4b7e-af10-6bf51cdfa6f2
2022-10-18 06:30:20,052 [EndpointStateMachine task thread for /0.0.0.0:34663 - 0 ] INFO  ozoneimpl.OzoneContainer (OzoneContainer.java:start(378)) - Attempting to start container services.
2022-10-18 06:30:20,052 [EndpointStateMachine task thread for /0.0.0.0:34663 - 0 ] INFO  ozoneimpl.OzoneContainer (OzoneContainer.java:startContainerScrub(313)) - Background container scanner has been disabled.
2022-10-18 06:30:20,056 [EndpointStateMachine task thread for /0.0.0.0:34663 - 0 ] INFO  replication.ReplicationServer (ReplicationServer.java:start(111)) - ReplicationServer is started using port 46333
2022-10-18 06:30:20,056 [EndpointStateMachine task thread for /0.0.0.0:34663 - 0 ] INFO  ratis.XceiverServerRatis (XceiverServerRatis.java:start(481)) - Starting XceiverServerRatis 8d40dd4f-9fd4-4768-a502-00d88259605f
2022-10-18 06:30:20,057 [EndpointStateMachine task thread for /0.0.0.0:34663 - 0 ] INFO  server.RaftServer (RaftServerProxy.java:lambda$start$6(382)) - 8d40dd4f-9fd4-4768-a502-00d88259605f: start RPC server
2022-10-18 06:30:20,058 [EndpointStateMachine task thread for /0.0.0.0:34663 - 0 ] INFO  server.GrpcService (GrpcService.java:startImpl(260)) - 8d40dd4f-9fd4-4768-a502-00d88259605f: GrpcService started, listening on 44335
2022-10-18 06:30:20,058 [EndpointStateMachine task thread for /0.0.0.0:34663 - 0 ] INFO  ratis.XceiverServerRatis (XceiverServerRatis.java:getRealPort(502)) - XceiverServerRatis 8d40dd4f-9fd4-4768-a502-00d88259605f is started using port 44335 for RATIS
2022-10-18 06:30:20,058 [org.apache.ratis.util.JvmPauseMonitor$$Lambda$703/523629281@3c89f087] INFO  util.JvmPauseMonitor (JvmPauseMonitor.java:run(103)) - JvmPauseMonitor-8d40dd4f-9fd4-4768-a502-00d88259605f: Started
2022-10-18 06:30:20,058 [EndpointStateMachine task thread for /0.0.0.0:34663 - 0 ] INFO  ratis.XceiverServerRatis (XceiverServerRatis.java:getRealPort(502)) - XceiverServerRatis 8d40dd4f-9fd4-4768-a502-00d88259605f is started using port 44335 for RATIS_ADMIN
2022-10-18 06:30:20,058 [EndpointStateMachine task thread for /0.0.0.0:34663 - 0 ] INFO  ratis.XceiverServerRatis (XceiverServerRatis.java:getRealPort(502)) - XceiverServerRatis 8d40dd4f-9fd4-4768-a502-00d88259605f is started using port 44335 for RATIS_SERVER
2022-10-18 06:30:20,060 [EndpointStateMachine task thread for /0.0.0.0:34663 - 0 ] INFO  server.XceiverServerGrpc (XceiverServerGrpc.java:start(180)) - XceiverServerGrpc 8d40dd4f-9fd4-4768-a502-00d88259605f is started using port 44949
2022-10-18 06:30:20,322 [Listener at 127.0.0.1/45465] INFO  ozone.MiniOzoneClusterImpl (MiniOzoneClusterImpl.java:lambda$waitForClusterToBeReady$0(216)) - Waiting for nodes to be ready. Got 0 of 3 DN Heartbeats.
2022-10-18 06:30:20,323 [Listener at 127.0.0.1/45465] INFO  ozone.MiniOzoneClusterImpl (MiniOzoneClusterImpl.java:lambda$waitForClusterToBeReady$0(219)) - Waiting for cluster to exit safe mode
2022-10-18 06:30:20,323 [Listener at 127.0.0.1/45465] INFO  ozone.MiniOzoneClusterImpl (MiniOzoneClusterImpl.java:lambda$waitForClusterToBeReady$0(221)) - SCM became leader
2022-10-18 06:30:20,365 [EndpointStateMachine task thread for /0.0.0.0:34663 - 0 ] INFO  volume.HddsVolume (HddsVolume.java:createDbStore(307)) - SchemaV3 db is created and loaded at /home/runner/work/ozone/ozone/hadoop-ozone/integration-test/target/test-dir/MiniOzoneClusterImpl-489ebd61-a341-4d14-a135-ade311a26152/datanode-2/data-0/containers/hdds/489ebd61-a341-4d14-a135-ade311a26152/DS-2a6e2b17-2db3-40d7-9092-59c98cf96372/container.db for volume DS-2a6e2b17-2db3-40d7-9092-59c98cf96372
2022-10-18 06:30:20,366 [EndpointStateMachine task thread for /0.0.0.0:34663 - 0 ] INFO  volume.HddsVolume (HddsVolume.java:closeDbStore(338)) - SchemaV3 db is stopped at /home/runner/work/ozone/ozone/hadoop-ozone/integration-test/target/test-dir/MiniOzoneClusterImpl-489ebd61-a341-4d14-a135-ade311a26152/datanode-2/data-0/containers/hdds/489ebd61-a341-4d14-a135-ade311a26152/DS-2a6e2b17-2db3-40d7-9092-59c98cf96372/container.db for volume DS-2a6e2b17-2db3-40d7-9092-59c98cf96372
2022-10-18 06:30:20,366 [EndpointStateMachine task thread for /0.0.0.0:34663 - 0 ] INFO  ozoneimpl.OzoneContainer (OzoneContainer.java:start(378)) - Attempting to start container services.
2022-10-18 06:30:20,366 [EndpointStateMachine task thread for /0.0.0.0:34663 - 0 ] INFO  ozoneimpl.OzoneContainer (OzoneContainer.java:startContainerScrub(313)) - Background container scanner has been disabled.
2022-10-18 06:30:20,370 [EndpointStateMachine task thread for /0.0.0.0:34663 - 0 ] INFO  replication.ReplicationServer (ReplicationServer.java:start(111)) - ReplicationServer is started using port 40771
2022-10-18 06:30:20,371 [EndpointStateMachine task thread for /0.0.0.0:34663 - 0 ] INFO  ratis.XceiverServerRatis (XceiverServerRatis.java:start(481)) - Starting XceiverServerRatis 333fb9a0-223e-4e03-84f2-9b3e3da077bc
2022-10-18 06:30:20,377 [EndpointStateMachine task thread for /0.0.0.0:34663 - 0 ] INFO  server.RaftServer (RaftServerProxy.java:lambda$start$6(382)) - 333fb9a0-223e-4e03-84f2-9b3e3da077bc: start RPC server
2022-10-18 06:30:20,380 [EndpointStateMachine task thread for /0.0.0.0:34663 - 0 ] INFO  server.GrpcService (GrpcService.java:startImpl(260)) - 333fb9a0-223e-4e03-84f2-9b3e3da077bc: GrpcService started, listening on 38805
2022-10-18 06:30:20,380 [EndpointStateMachine task thread for /0.0.0.0:34663 - 0 ] INFO  ratis.XceiverServerRatis (XceiverServerRatis.java:getRealPort(502)) - XceiverServerRatis 333fb9a0-223e-4e03-84f2-9b3e3da077bc is started using port 38805 for RATIS
2022-10-18 06:30:20,380 [EndpointStateMachine task thread for /0.0.0.0:34663 - 0 ] INFO  ratis.XceiverServerRatis (XceiverServerRatis.java:getRealPort(502)) - XceiverServerRatis 333fb9a0-223e-4e03-84f2-9b3e3da077bc is started using port 38805 for RATIS_ADMIN
2022-10-18 06:30:20,380 [EndpointStateMachine task thread for /0.0.0.0:34663 - 0 ] INFO  ratis.XceiverServerRatis (XceiverServerRatis.java:getRealPort(502)) - XceiverServerRatis 333fb9a0-223e-4e03-84f2-9b3e3da077bc is started using port 38805 for RATIS_SERVER
2022-10-18 06:30:20,380 [org.apache.ratis.util.JvmPauseMonitor$$Lambda$703/523629281@40125fad] INFO  util.JvmPauseMonitor (JvmPauseMonitor.java:run(103)) - JvmPauseMonitor-333fb9a0-223e-4e03-84f2-9b3e3da077bc: Started
2022-10-18 06:30:20,382 [EndpointStateMachine task thread for /0.0.0.0:34663 - 0 ] INFO  server.XceiverServerGrpc (XceiverServerGrpc.java:start(180)) - XceiverServerGrpc 333fb9a0-223e-4e03-84f2-9b3e3da077bc is started using port 45603
2022-10-18 06:30:21,324 [Listener at 127.0.0.1/45465] INFO  ozone.MiniOzoneClusterImpl (MiniOzoneClusterImpl.java:lambda$waitForClusterToBeReady$0(216)) - Waiting for nodes to be ready. Got 0 of 3 DN Heartbeats.
2022-10-18 06:30:21,324 [Listener at 127.0.0.1/45465] INFO  ozone.MiniOzoneClusterImpl (MiniOzoneClusterImpl.java:lambda$waitForClusterToBeReady$0(219)) - Waiting for cluster to exit safe mode
2022-10-18 06:30:21,324 [Listener at 127.0.0.1/45465] INFO  ozone.MiniOzoneClusterImpl (MiniOzoneClusterImpl.java:lambda$waitForClusterToBeReady$0(221)) - SCM became leader
2022-10-18 06:30:21,705 [IPC Server handler 19 on default port 34663] INFO  net.NetworkTopologyImpl (NetworkTopologyImpl.java:add(112)) - Added a new node: /default-rack/f912eaa7-674f-48b0-9650-7db3a734b84f
2022-10-18 06:30:21,707 [IPC Server handler 19 on default port 34663] INFO  node.SCMNodeManager (SCMNodeManager.java:register(397)) - Registered Data node : f912eaa7-674f-48b0-9650-7db3a734b84f{ip: 10.1.1.164, host: fv-az241-838.2tfxs3cvuluejhi1wdm4o5ef4c.bx.internal.cloudapp.net, ports: [REPLICATION=40223, RATIS=37695, RATIS_ADMIN=37695, RATIS_SERVER=37695, STANDALONE=44421], networkLocation: /default-rack, certSerialId: null, persistedOpState: null, persistedOpStateExpiryEpochSec: 0}
2022-10-18 06:30:21,711 [EventQueue-NewNodeForNewNodeHandler] INFO  pipeline.BackgroundPipelineCreator (BackgroundPipelineCreator.java:notifyEventTriggered(276)) - trigger a one-shot run on RatisPipelineUtilsThread.
2022-10-18 06:30:21,712 [EventQueue-NodeRegistrationContainerReportForDataNodeSafeModeRule] INFO  safemode.SCMSafeModeManager (DataNodeSafeModeRule.java:process(71)) - SCM in safe mode. 1 DataNodes registered, 3 required.
2022-10-18 06:30:21,718 [RatisPipelineUtilsThread - 0] INFO  pipeline.RatisPipelineProvider (RatisPipelineProvider.java:lambda$create$0(195)) - Sending CreatePipelineCommand for pipeline:PipelineID=9ffe2c45-a359-4725-8837-6617c595c955 to datanode:f912eaa7-674f-48b0-9650-7db3a734b84f
2022-10-18 06:30:21,718 [EventQueue-NodeRegistrationContainerReportForContainerSafeModeRule] INFO  safemode.SCMSafeModeManager (SCMSafeModeManager.java:validateSafeModeExitRules(204)) - ContainerSafeModeRule rule is successfully validated
2022-10-18 06:30:21,719 [EventQueue-PipelineReportForOneReplicaPipelineSafeModeRule] INFO  safemode.SCMSafeModeManager (SCMSafeModeManager.java:validateSafeModeExitRules(204)) - AtleastOneDatanodeReportedRule rule is successfully validated
2022-10-18 06:30:21,730 [RatisPipelineUtilsThread - 0] INFO  pipeline.PipelineStateManagerImpl (PipelineStateManagerImpl.java:addPipeline(103)) - Created pipeline Pipeline[ Id: 9ffe2c45-a359-4725-8837-6617c595c955, Nodes: f912eaa7-674f-48b0-9650-7db3a734b84f{ip: 10.1.1.164, host: fv-az241-838.2tfxs3cvuluejhi1wdm4o5ef4c.bx.internal.cloudapp.net, ports: [REPLICATION=40223, RATIS=37695, RATIS_ADMIN=37695, RATIS_SERVER=37695, STANDALONE=44421], networkLocation: /default-rack, certSerialId: null, persistedOpState: IN_SERVICE, persistedOpStateExpiryEpochSec: 0}, ReplicationConfig: RATIS/ONE, State:ALLOCATED, leaderId:, CreationTimestamp2022-10-18T06:30:21.717Z[Etc/UTC]].
2022-10-18 06:30:22,025 [IPC Server handler 18 on default port 34663] INFO  net.NetworkTopologyImpl (NetworkTopologyImpl.java:add(112)) - Added a new node: /default-rack/8d40dd4f-9fd4-4768-a502-00d88259605f
2022-10-18 06:30:22,025 [IPC Server handler 18 on default port 34663] INFO  node.SCMNodeManager (SCMNodeManager.java:register(397)) - Registered Data node : 8d40dd4f-9fd4-4768-a502-00d88259605f{ip: 10.1.1.164, host: fv-az241-838.2tfxs3cvuluejhi1wdm4o5ef4c.bx.internal.cloudapp.net, ports: [REPLICATION=46333, RATIS=44335, RATIS_ADMIN=44335, RATIS_SERVER=44335, STANDALONE=44949], networkLocation: /default-rack, certSerialId: null, persistedOpState: null, persistedOpStateExpiryEpochSec: 0}
2022-10-18 06:30:22,026 [EventQueue-NewNodeForNewNodeHandler] INFO  pipeline.BackgroundPipelineCreator (BackgroundPipelineCreator.java:notifyEventTriggered(276)) - trigger a one-shot run on RatisPipelineUtilsThread.
2022-10-18 06:30:22,026 [EventQueue-NodeRegistrationContainerReportForDataNodeSafeModeRule] INFO  safemode.SCMSafeModeManager (DataNodeSafeModeRule.java:process(71)) - SCM in safe mode. 2 DataNodes registered, 3 required.
2022-10-18 06:30:22,030 [RatisPipelineUtilsThread - 0] INFO  pipeline.RatisPipelineProvider (RatisPipelineProvider.java:lambda$create$0(195)) - Sending CreatePipelineCommand for pipeline:PipelineID=d033f1a2-8313-423c-b26b-e8060e490464 to datanode:8d40dd4f-9fd4-4768-a502-00d88259605f
2022-10-18 06:30:22,031 [RatisPipelineUtilsThread - 0] INFO  pipeline.PipelineStateManagerImpl (PipelineStateManagerImpl.java:addPipeline(103)) - Created pipeline Pipeline[ Id: d033f1a2-8313-423c-b26b-e8060e490464, Nodes: 8d40dd4f-9fd4-4768-a502-00d88259605f{ip: 10.1.1.164, host: fv-az241-838.2tfxs3cvuluejhi1wdm4o5ef4c.bx.internal.cloudapp.net, ports: [REPLICATION=46333, RATIS=44335, RATIS_ADMIN=44335, RATIS_SERVER=44335, STANDALONE=44949], networkLocation: /default-rack, certSerialId: null, persistedOpState: IN_SERVICE, persistedOpStateExpiryEpochSec: 0}, ReplicationConfig: RATIS/ONE, State:ALLOCATED, leaderId:, CreationTimestamp2022-10-18T06:30:22.030Z[Etc/UTC]].
2022-10-18 06:30:22,324 [Listener at 127.0.0.1/45465] INFO  ozone.MiniOzoneClusterImpl (MiniOzoneClusterImpl.java:lambda$waitForClusterToBeReady$0(216)) - Waiting for nodes to be ready. Got 2 of 3 DN Heartbeats.
2022-10-18 06:30:22,325 [Listener at 127.0.0.1/45465] INFO  ozone.MiniOzoneClusterImpl (MiniOzoneClusterImpl.java:lambda$waitForClusterToBeReady$0(219)) - Waiting for cluster to exit safe mode
2022-10-18 06:30:22,325 [Listener at 127.0.0.1/45465] INFO  ozone.MiniOzoneClusterImpl (MiniOzoneClusterImpl.java:lambda$waitForClusterToBeReady$0(221)) - SCM became leader
2022-10-18 06:30:22,336 [IPC Server handler 13 on default port 34663] INFO  net.NetworkTopologyImpl (NetworkTopologyImpl.java:add(112)) - Added a new node: /default-rack/333fb9a0-223e-4e03-84f2-9b3e3da077bc
2022-10-18 06:30:22,337 [IPC Server handler 13 on default port 34663] INFO  node.SCMNodeManager (SCMNodeManager.java:register(397)) - Registered Data node : 333fb9a0-223e-4e03-84f2-9b3e3da077bc{ip: 10.1.1.164, host: fv-az241-838.2tfxs3cvuluejhi1wdm4o5ef4c.bx.internal.cloudapp.net, ports: [REPLICATION=40771, RATIS=38805, RATIS_ADMIN=38805, RATIS_SERVER=38805, STANDALONE=45603], networkLocation: /default-rack, certSerialId: null, persistedOpState: null, persistedOpStateExpiryEpochSec: 0}
2022-10-18 06:30:22,337 [EventQueue-NewNodeForNewNodeHandler] INFO  pipeline.BackgroundPipelineCreator (BackgroundPipelineCreator.java:notifyEventTriggered(276)) - trigger a one-shot run on RatisPipelineUtilsThread.
2022-10-18 06:30:22,337 [RatisPipelineUtilsThread - 0] INFO  pipeline.RatisPipelineProvider (RatisPipelineProvider.java:lambda$create$0(195)) - Sending CreatePipelineCommand for pipeline:PipelineID=1958a87d-9d39-4434-978e-05d64046f8ca to datanode:333fb9a0-223e-4e03-84f2-9b3e3da077bc
2022-10-18 06:30:22,337 [EventQueue-NodeRegistrationContainerReportForDataNodeSafeModeRule] INFO  safemode.SCMSafeModeManager (DataNodeSafeModeRule.java:process(71)) - SCM in safe mode. 3 DataNodes registered, 3 required.
2022-10-18 06:30:22,337 [EventQueue-NodeRegistrationContainerReportForDataNodeSafeModeRule] INFO  safemode.SCMSafeModeManager (SCMSafeModeManager.java:validateSafeModeExitRules(204)) - DataNodeSafeModeRule rule is successfully validated
2022-10-18 06:30:22,337 [EventQueue-NodeRegistrationContainerReportForDataNodeSafeModeRule] INFO  safemode.SCMSafeModeManager (SCMSafeModeManager.java:completePreCheck(233)) - All SCM safe mode pre check rules have passed
2022-10-18 06:30:22,337 [EventQueue-NodeRegistrationContainerReportForDataNodeSafeModeRule] WARN  events.EventQueue (EventQueue.java:fireEvent(216)) - No event handler registered for event TypedEvent{payloadType=SafeModeStatus, name='Safe mode status'}
2022-10-18 06:30:22,338 [EventQueue-NodeRegistrationContainerReportForDataNodeSafeModeRule] INFO  ha.SCMContext (SCMContext.java:updateSafeModeStatus(228)) - Update SafeModeStatus from SafeModeStatus{safeModeStatus=true, preCheckPassed=false} to SafeModeStatus{safeModeStatus=true, preCheckPassed=true}.
2022-10-18 06:30:22,338 [EventQueue-NodeRegistrationContainerReportForDataNodeSafeModeRule] INFO  pipeline.BackgroundPipelineCreator (BackgroundPipelineCreator.java:notifyEventTriggered(276)) - trigger a one-shot run on RatisPipelineUtilsThread.
2022-10-18 06:30:22,338 [RatisPipelineUtilsThread - 0] INFO  pipeline.PipelineStateManagerImpl (PipelineStateManagerImpl.java:addPipeline(103)) - Created pipeline Pipeline[ Id: 1958a87d-9d39-4434-978e-05d64046f8ca, Nodes: 333fb9a0-223e-4e03-84f2-9b3e3da077bc{ip: 10.1.1.164, host: fv-az241-838.2tfxs3cvuluejhi1wdm4o5ef4c.bx.internal.cloudapp.net, ports: [REPLICATION=40771, RATIS=38805, RATIS_ADMIN=38805, RATIS_SERVER=38805, STANDALONE=45603], networkLocation: /default-rack, certSerialId: null, persistedOpState: IN_SERVICE, persistedOpStateExpiryEpochSec: 0}, ReplicationConfig: RATIS/ONE, State:ALLOCATED, leaderId:, CreationTimestamp2022-10-18T06:30:22.337Z[Etc/UTC]].
2022-10-18 06:30:22,341 [RatisPipelineUtilsThread - 0] INFO  pipeline.RatisPipelineProvider (RatisPipelineProvider.java:lambda$create$0(195)) - Sending CreatePipelineCommand for pipeline:PipelineID=78b5955a-84a3-4c35-8c7c-7bcad723620f to datanode:f912eaa7-674f-48b0-9650-7db3a734b84f
2022-10-18 06:30:22,341 [RatisPipelineUtilsThread - 0] INFO  pipeline.RatisPipelineProvider (RatisPipelineProvider.java:lambda$create$0(195)) - Sending CreatePipelineCommand for pipeline:PipelineID=78b5955a-84a3-4c35-8c7c-7bcad723620f to datanode:333fb9a0-223e-4e03-84f2-9b3e3da077bc
2022-10-18 06:30:22,342 [RatisPipelineUtilsThread - 0] INFO  pipeline.RatisPipelineProvider (RatisPipelineProvider.java:lambda$create$0(195)) - Sending CreatePipelineCommand for pipeline:PipelineID=78b5955a-84a3-4c35-8c7c-7bcad723620f to datanode:8d40dd4f-9fd4-4768-a502-00d88259605f
2022-10-18 06:30:22,342 [RatisPipelineUtilsThread - 0] INFO  pipeline.PipelineStateManagerImpl (PipelineStateManagerImpl.java:addPipeline(103)) - Created pipeline Pipeline[ Id: 78b5955a-84a3-4c35-8c7c-7bcad723620f, Nodes: f912eaa7-674f-48b0-9650-7db3a734b84f{ip: 10.1.1.164, host: fv-az241-838.2tfxs3cvuluejhi1wdm4o5ef4c.bx.internal.cloudapp.net, ports: [REPLICATION=40223, RATIS=37695, RATIS_ADMIN=37695, RATIS_SERVER=37695, STANDALONE=44421], networkLocation: /default-rack, certSerialId: null, persistedOpState: IN_SERVICE, persistedOpStateExpiryEpochSec: 0}333fb9a0-223e-4e03-84f2-9b3e3da077bc{ip: 10.1.1.164, host: fv-az241-838.2tfxs3cvuluejhi1wdm4o5ef4c.bx.internal.cloudapp.net, ports: [REPLICATION=40771, RATIS=38805, RATIS_ADMIN=38805, RATIS_SERVER=38805, STANDALONE=45603], networkLocation: /default-rack, certSerialId: null, persistedOpState: IN_SERVICE, persistedOpStateExpiryEpochSec: 0}8d40dd4f-9fd4-4768-a502-00d88259605f{ip: 10.1.1.164, host: fv-az241-838.2tfxs3cvuluejhi1wdm4o5ef4c.bx.internal.cloudapp.net, ports: [REPLICATION=46333, RATIS=44335, RATIS_ADMIN=44335, RATIS_SERVER=44335, STANDALONE=44949], networkLocation: /default-rack, certSerialId: null, persistedOpState: IN_SERVICE, persistedOpStateExpiryEpochSec: 0}, ReplicationConfig: RATIS/THREE, State:ALLOCATED, leaderId:, CreationTimestamp2022-10-18T06:30:22.341Z[Etc/UTC]].
2022-10-18 06:30:22,343 [RatisPipelineUtilsThread - 0] INFO  pipeline.RatisPipelineProvider (RatisPipelineProvider.java:lambda$create$0(195)) - Sending CreatePipelineCommand for pipeline:PipelineID=2404f025-ddc8-46cf-97bb-b134b5651726 to datanode:8d40dd4f-9fd4-4768-a502-00d88259605f
2022-10-18 06:30:22,343 [RatisPipelineUtilsThread - 0] INFO  pipeline.RatisPipelineProvider (RatisPipelineProvider.java:lambda$create$0(195)) - Sending CreatePipelineCommand for pipeline:PipelineID=2404f025-ddc8-46cf-97bb-b134b5651726 to datanode:f912eaa7-674f-48b0-9650-7db3a734b84f
2022-10-18 06:30:22,343 [RatisPipelineUtilsThread - 0] INFO  pipeline.RatisPipelineProvider (RatisPipelineProvider.java:lambda$create$0(195)) - Sending CreatePipelineCommand for pipeline:PipelineID=2404f025-ddc8-46cf-97bb-b134b5651726 to datanode:333fb9a0-223e-4e03-84f2-9b3e3da077bc
2022-10-18 06:30:22,344 [RatisPipelineUtilsThread - 0] INFO  pipeline.PipelineStateManagerImpl (PipelineStateManagerImpl.java:addPipeline(103)) - Created pipeline Pipeline[ Id: 2404f025-ddc8-46cf-97bb-b134b5651726, Nodes: 8d40dd4f-9fd4-4768-a502-00d88259605f{ip: 10.1.1.164, host: fv-az241-838.2tfxs3cvuluejhi1wdm4o5ef4c.bx.internal.cloudapp.net, ports: [REPLICATION=46333, RATIS=44335, RATIS_ADMIN=44335, RATIS_SERVER=44335, STANDALONE=44949], networkLocation: /default-rack, certSerialId: null, persistedOpState: IN_SERVICE, persistedOpStateExpiryEpochSec: 0}f912eaa7-674f-48b0-9650-7db3a734b84f{ip: 10.1.1.164, host: fv-az241-838.2tfxs3cvuluejhi1wdm4o5ef4c.bx.internal.cloudapp.net, ports: [REPLICATION=40223, RATIS=37695, RATIS_ADMIN=37695, RATIS_SERVER=37695, STANDALONE=44421], networkLocation: /default-rack, certSerialId: null, persistedOpState: IN_SERVICE, persistedOpStateExpiryEpochSec: 0}333fb9a0-223e-4e03-84f2-9b3e3da077bc{ip: 10.1.1.164, host: fv-az241-838.2tfxs3cvuluejhi1wdm4o5ef4c.bx.internal.cloudapp.net, ports: [REPLICATION=40771, RATIS=38805, RATIS_ADMIN=38805, RATIS_SERVER=38805, STANDALONE=45603], networkLocation: /default-rack, certSerialId: null, persistedOpState: IN_SERVICE, persistedOpStateExpiryEpochSec: 0}, ReplicationConfig: RATIS/THREE, State:ALLOCATED, leaderId:, CreationTimestamp2022-10-18T06:30:22.343Z[Etc/UTC]].
2022-10-18 06:30:22,344 [RatisPipelineUtilsThread - 0] INFO  pipeline.PipelineManagerImpl (PipelineManagerImpl.java:recordMetricsForPipeline(796)) - Pipeline: PipelineID=2404f025-ddc8-46cf-97bb-b134b5651726 contains same datanodes as previous pipelines: PipelineID=78b5955a-84a3-4c35-8c7c-7bcad723620f nodeIds: 8d40dd4f-9fd4-4768-a502-00d88259605f, f912eaa7-674f-48b0-9650-7db3a734b84f, 333fb9a0-223e-4e03-84f2-9b3e3da077bc
2022-10-18 06:30:23,325 [Listener at 127.0.0.1/45465] INFO  ozone.MiniOzoneClusterImpl (MiniOzoneClusterImpl.java:lambda$waitForClusterToBeReady$0(216)) - Nodes are ready. Got 3 of 3 DN Heartbeats.
2022-10-18 06:30:23,326 [Listener at 127.0.0.1/45465] INFO  ozone.MiniOzoneClusterImpl (MiniOzoneClusterImpl.java:lambda$waitForClusterToBeReady$0(219)) - Waiting for cluster to exit safe mode
2022-10-18 06:30:23,326 [Listener at 127.0.0.1/45465] INFO  ozone.MiniOzoneClusterImpl (MiniOzoneClusterImpl.java:lambda$waitForClusterToBeReady$0(221)) - SCM became leader
2022-10-18 06:30:24,327 [Listener at 127.0.0.1/45465] INFO  ozone.MiniOzoneClusterImpl (MiniOzoneClusterImpl.java:lambda$waitForClusterToBeReady$0(216)) - Nodes are ready. Got 3 of 3 DN Heartbeats.
2022-10-18 06:30:24,327 [Listener at 127.0.0.1/45465] INFO  ozone.MiniOzoneClusterImpl (MiniOzoneClusterImpl.java:lambda$waitForClusterToBeReady$0(219)) - Waiting for cluster to exit safe mode
2022-10-18 06:30:24,327 [Listener at 127.0.0.1/45465] INFO  ozone.MiniOzoneClusterImpl (MiniOzoneClusterImpl.java:lambda$waitForClusterToBeReady$0(221)) - SCM became leader
2022-10-18 06:30:24,704 [Command processor thread] INFO  server.RaftServer (RaftServerProxy.java:addNew(96)) - f912eaa7-674f-48b0-9650-7db3a734b84f: addNew group-6617C595C955:[f912eaa7-674f-48b0-9650-7db3a734b84f|rpc:10.1.1.164:37695|priority:1] returns group-6617C595C955:java.util.concurrent.CompletableFuture@71857ebc[Not completed]
2022-10-18 06:30:24,714 [pool-122-thread-1] INFO  server.RaftServer$Division (RaftServerImpl.java:<init>(190)) - f912eaa7-674f-48b0-9650-7db3a734b84f: new RaftServerImpl for group-6617C595C955:[f912eaa7-674f-48b0-9650-7db3a734b84f|rpc:10.1.1.164:37695|priority:1] with ContainerStateMachine:uninitialized
2022-10-18 06:30:24,714 [pool-122-thread-1] INFO  server.RaftServerConfigKeys (ConfUtils.java:logGet(46)) - raft.server.rpc.timeout.min = 5s (custom)
2022-10-18 06:30:24,714 [pool-122-thread-1] INFO  server.RaftServerConfigKeys (ConfUtils.java:logGet(46)) - raft.server.rpc.timeout.max = 5200ms (custom)
2022-10-18 06:30:24,714 [pool-122-thread-1] INFO  server.RaftServerConfigKeys (ConfUtils.java:logGet(46)) - raft.server.rpc.sleep.time = 25ms (default)
2022-10-18 06:30:24,714 [pool-122-thread-1] INFO  server.RaftServerConfigKeys (ConfUtils.java:logGet(46)) - raft.server.rpc.slowness.timeout = 300s (custom)
2022-10-18 06:30:24,714 [pool-122-thread-1] INFO  server.RaftServerConfigKeys (ConfUtils.java:logGet(46)) - raft.server.leaderelection.leader.step-down.wait-time = 10s (default)
2022-10-18 06:30:24,714 [pool-122-thread-1] INFO  server.RaftServerConfigKeys (ConfUtils.java:logGet(46)) - raft.server.sleep.deviation.threshold = 300ms (default)
2022-10-18 06:30:24,714 [pool-122-thread-1] INFO  server.RaftServer$Division (ServerState.java:<init>(107)) - f912eaa7-674f-48b0-9650-7db3a734b84f@group-6617C595C955: ConfigurationManager, init=-1: [f912eaa7-674f-48b0-9650-7db3a734b84f|rpc:10.1.1.164:37695|priority:1], old=null, confs=<EMPTY_MAP>
2022-10-18 06:30:24,714 [pool-122-thread-1] INFO  server.RaftServerConfigKeys (ConfUtils.java:logGet(46)) - raft.server.storage.dir = [/home/runner/work/ozone/ozone/hadoop-ozone/integration-test/target/test-dir/MiniOzoneClusterImpl-489ebd61-a341-4d14-a135-ade311a26152/datanode-0/data/ratis] (custom)
2022-10-18 06:30:24,714 [pool-122-thread-1] INFO  server.RaftServerConfigKeys (ConfUtils.java:logGet(46)) - raft.server.log.corruption.policy = EXCEPTION (default)
2022-10-18 06:30:24,715 [pool-122-thread-1] INFO  server.RaftServerConfigKeys (ConfUtils.java:logGet(46)) - raft.server.storage.free-space.min = 0MB (=0) (default)
2022-10-18 06:30:24,715 [pool-122-thread-1] INFO  storage.RaftStorageDirectory (RaftStorageDirectoryImpl.java:analyzeStorage(135)) - The storage directory /home/runner/work/ozone/ozone/hadoop-ozone/integration-test/target/test-dir/MiniOzoneClusterImpl-489ebd61-a341-4d14-a135-ade311a26152/datanode-0/data/ratis/9ffe2c45-a359-4725-8837-6617c595c955 does not exist. Creating ...
2022-10-18 06:30:24,716 [pool-122-thread-1] INFO  storage.RaftStorageDirectory (RaftStorageDirectoryImpl.java:tryLock(230)) - Lock on /home/runner/work/ozone/ozone/hadoop-ozone/integration-test/target/test-dir/MiniOzoneClusterImpl-489ebd61-a341-4d14-a135-ade311a26152/datanode-0/data/ratis/9ffe2c45-a359-4725-8837-6617c595c955/in_use.lock acquired by nodename 30337@fv-az241-838
2022-10-18 06:30:24,717 [pool-122-thread-1] INFO  storage.RaftStorage (RaftStorageImpl.java:format(89)) - Storage directory /home/runner/work/ozone/ozone/hadoop-ozone/integration-test/target/test-dir/MiniOzoneClusterImpl-489ebd61-a341-4d14-a135-ade311a26152/datanode-0/data/ratis/9ffe2c45-a359-4725-8837-6617c595c955 has been successfully formatted.
2022-10-18 06:30:24,728 [pool-122-thread-1] INFO  ratis.ContainerStateMachine (ContainerStateMachine.java:loadSnapshot(236)) - group-6617C595C955: The snapshot info is null. Setting the last applied indexto:(t:0, i:~)
2022-10-18 06:30:24,729 [pool-122-thread-1] INFO  server.RaftServerConfigKeys (ConfUtils.java:logGet(46)) - raft.server.notification.no-leader.timeout = 300s (custom)
2022-10-18 06:30:24,729 [pool-122-thread-1] INFO  server.RaftServerConfigKeys (ConfUtils.java:logGet(46)) - raft.server.log.use.memory = false (default)
2022-10-18 06:30:24,729 [pool-122-thread-1] INFO  server.RaftServerConfigKeys (ConfUtils.java:logGet(46)) - raft.server.log.purge.gap = 1000000 (custom)
2022-10-18 06:30:24,729 [pool-122-thread-1] INFO  server.RaftServerConfigKeys (ConfUtils.java:logGet(46)) - raft.server.log.appender.buffer.byte-limit = 33554432 (custom)
2022-10-18 06:30:24,729 [pool-122-thread-1] INFO  server.RaftServerConfigKeys (ConfUtils.java:logGet(46)) - raft.server.log.statemachine.data.read.timeout = 1000ms (default)
2022-10-18 06:30:24,729 [pool-122-thread-1] INFO  server.RaftServerConfigKeys (ConfUtils.java:logGet(46)) - raft.server.log.segment.size.max = 1048576 (custom)
2022-10-18 06:30:24,730 [pool-122-thread-1] INFO  server.RaftServerConfigKeys (ConfUtils.java:logGet(46)) - raft.server.log.segment.cache.num.max = 2 (custom)
2022-10-18 06:30:24,730 [pool-122-thread-1] INFO  server.RaftServerConfigKeys (ConfUtils.java:logGet(46)) - raft.server.log.segment.cache.size.max = 200MB (=209715200) (default)
2022-10-18 06:30:24,730 [pool-122-thread-1] INFO  segmented.SegmentedRaftLogWorker (SegmentedRaftLogWorker.java:<init>(187)) - new f912eaa7-674f-48b0-9650-7db3a734b84f@group-6617C595C955-SegmentedRaftLogWorker for RaftStorageImpl:Storage Directory /home/runner/work/ozone/ozone/hadoop-ozone/integration-test/target/test-dir/MiniOzoneClusterImpl-489ebd61-a341-4d14-a135-ade311a26152/datanode-0/data/ratis/9ffe2c45-a359-4725-8837-6617c595c955
2022-10-18 06:30:24,730 [pool-122-thread-1] INFO  server.RaftServerConfigKeys (ConfUtils.java:logGet(46)) - raft.server.log.queue.byte-limit = 4294967296 (custom)
2022-10-18 06:30:24,730 [pool-122-thread-1] INFO  server.RaftServerConfigKeys (ConfUtils.java:logGet(46)) - raft.server.log.queue.element-limit = 1024 (custom)
2022-10-18 06:30:24,730 [pool-122-thread-1] INFO  server.RaftServerConfigKeys (ConfUtils.java:logGet(46)) - raft.server.log.segment.size.max = 1048576 (custom)
2022-10-18 06:30:24,730 [pool-122-thread-1] INFO  server.RaftServerConfigKeys (ConfUtils.java:logGet(46)) - raft.server.log.preallocated.size = 16384 (custom)
2022-10-18 06:30:24,730 [pool-122-thread-1] INFO  server.RaftServerConfigKeys (ConfUtils.java:logGet(46)) - raft.server.log.force.sync.num = 128 (default)
2022-10-18 06:30:24,730 [pool-122-thread-1] INFO  server.RaftServerConfigKeys (ConfUtils.java:logGet(46)) - raft.server.log.statemachine.data.sync = true (default)
2022-10-18 06:30:24,730 [pool-122-thread-1] INFO  server.RaftServerConfigKeys (ConfUtils.java:logGet(46)) - raft.server.log.statemachine.data.sync.timeout = 10s (default)
2022-10-18 06:30:24,730 [pool-122-thread-1] INFO  server.RaftServerConfigKeys (ConfUtils.java:logGet(46)) - raft.server.log.statemachine.data.sync.timeout.retry = -1 (default)
2022-10-18 06:30:24,731 [pool-122-thread-1] INFO  server.RaftServerConfigKeys (ConfUtils.java:logGet(46)) - raft.server.log.write.buffer.size = 1048576 (custom)
2022-10-18 06:30:24,731 [pool-122-thread-1] INFO  server.RaftServerConfigKeys (ConfUtils.java:logGet(46)) - raft.server.log.unsafe-flush.enabled = false (default)
2022-10-18 06:30:24,731 [pool-122-thread-1] INFO  server.RaftServerConfigKeys (ConfUtils.java:logGet(46)) - raft.server.log.statemachine.data.caching.enabled = true (custom)
2022-10-18 06:30:24,731 [pool-122-thread-1] INFO  segmented.SegmentedRaftLogWorker (SegmentedRaftLogWorker.java:lambda$new$0(135)) - f912eaa7-674f-48b0-9650-7db3a734b84f@group-6617C595C955-SegmentedRaftLogWorker: flushIndex: setUnconditionally 0 -> -1
2022-10-18 06:30:24,731 [pool-122-thread-1] INFO  segmented.SegmentedRaftLogWorker (SegmentedRaftLogWorker.java:lambda$new$0(135)) - f912eaa7-674f-48b0-9650-7db3a734b84f@group-6617C595C955-SegmentedRaftLogWorker: safeCacheEvictIndex: setUnconditionally 0 -> -1
2022-10-18 06:30:24,731 [pool-122-thread-1] INFO  server.RaftServerConfigKeys (ConfUtils.java:logGet(46)) - raft.server.snapshot.auto.trigger.enabled = true (custom)
2022-10-18 06:30:24,732 [pool-122-thread-1] INFO  server.RaftServerConfigKeys (ConfUtils.java:logGet(46)) - raft.server.snapshot.auto.trigger.threshold = 10000 (custom)
2022-10-18 06:30:24,732 [pool-122-thread-1] INFO  server.RaftServerConfigKeys (ConfUtils.java:logGet(46)) - raft.server.snapshot.retention.file.num = 5 (custom)
2022-10-18 06:30:24,732 [pool-122-thread-1] INFO  server.RaftServerConfigKeys (ConfUtils.java:logGet(46)) - raft.server.log.purge.upto.snapshot.index = false (default)
2022-10-18 06:30:24,732 [pool-122-thread-1] INFO  server.RaftServerConfigKeys (ConfUtils.java:logGet(46)) - raft.server.retrycache.expirytime = 600000ms (custom)
2022-10-18 06:30:24,732 [pool-122-thread-1] INFO  server.RaftServerConfigKeys (ConfUtils.java:logGet(46)) - raft.server.retrycache.statistics.expirytime = 100μs (default)
2022-10-18 06:30:24,765 [pool-122-thread-1] INFO  server.RaftServerConfigKeys (ConfUtils.java:logGet(46)) - raft.server.log.appender.install.snapshot.enabled = false (custom)
2022-10-18 06:30:24,765 [pool-122-thread-1] INFO  server.RaftServerConfigKeys (ConfUtils.java:logGet(46)) - raft.server.threadpool.server.cached = true (default)
2022-10-18 06:30:24,765 [pool-122-thread-1] INFO  server.RaftServerConfigKeys (ConfUtils.java:logGet(46)) - raft.server.threadpool.server.size = 0 (default)
2022-10-18 06:30:24,765 [pool-122-thread-1] INFO  server.RaftServerConfigKeys (ConfUtils.java:logGet(46)) - raft.server.threadpool.client.cached = true (default)
2022-10-18 06:30:24,765 [pool-122-thread-1] INFO  server.RaftServerConfigKeys (ConfUtils.java:logGet(46)) - raft.server.threadpool.client.size = 0 (default)
2022-10-18 06:30:24,765 [pool-122-thread-1] INFO  server.RaftServer$Division (RaftServerImpl.java:start(310)) - f912eaa7-674f-48b0-9650-7db3a734b84f@group-6617C595C955: start as a follower, conf=-1: [f912eaa7-674f-48b0-9650-7db3a734b84f|rpc:10.1.1.164:37695|priority:1], old=null
2022-10-18 06:30:24,765 [pool-122-thread-1] INFO  server.RaftServer$Division (RaftServerImpl.java:setRole(299)) - f912eaa7-674f-48b0-9650-7db3a734b84f@group-6617C595C955: changes role from      null to FOLLOWER at term 0 for startAsFollower
2022-10-18 06:30:24,765 [pool-122-thread-1] INFO  impl.RoleInfo (RoleInfo.java:updateAndGet(139)) - f912eaa7-674f-48b0-9650-7db3a734b84f: start f912eaa7-674f-48b0-9650-7db3a734b84f@group-6617C595C955-FollowerState
2022-10-18 06:30:24,773 [pool-122-thread-1] INFO  util.JmxRegister (JmxRegister.java:tryRegister(44)) - Successfully registered JMX Bean with object name Ratis:service=RaftServer,group=group-6617C595C955,id=f912eaa7-674f-48b0-9650-7db3a734b84f
2022-10-18 06:30:24,776 [EventQueue-PipelineReportForPipelineReportHandler] INFO  pipeline.PipelineManagerImpl (PipelineManagerImpl.java:openPipeline(367)) - Pipeline Pipeline[ Id: 9ffe2c45-a359-4725-8837-6617c595c955, Nodes: f912eaa7-674f-48b0-9650-7db3a734b84f{ip: 10.1.1.164, host: fv-az241-838.2tfxs3cvuluejhi1wdm4o5ef4c.bx.internal.cloudapp.net, ports: [REPLICATION=40223, RATIS=37695, RATIS_ADMIN=37695, RATIS_SERVER=37695, STANDALONE=44421], networkLocation: /default-rack, certSerialId: null, persistedOpState: IN_SERVICE, persistedOpStateExpiryEpochSec: 0}, ReplicationConfig: RATIS/ONE, State:ALLOCATED, leaderId:f912eaa7-674f-48b0-9650-7db3a734b84f, CreationTimestamp2022-10-18T06:30:21.717Z[Etc/UTC]] moved to OPEN state
2022-10-18 06:30:24,786 [Command processor thread] INFO  ratis.XceiverServerRatis (XceiverServerRatis.java:addGroup(765)) - Created group PipelineID=9ffe2c45-a359-4725-8837-6617c595c955
2022-10-18 06:30:24,787 [Command processor thread] INFO  commandhandler.CreatePipelineCommandHandler (CreatePipelineCommandHandler.java:handle(113)) - Created Pipeline RATIS ONE PipelineID=9ffe2c45-a359-4725-8837-6617c595c955.
2022-10-18 06:30:24,787 [Command processor thread] INFO  server.RaftServer (RaftServerProxy.java:addNew(96)) - f912eaa7-674f-48b0-9650-7db3a734b84f: addNew group-7BCAD723620F:[333fb9a0-223e-4e03-84f2-9b3e3da077bc|rpc:10.1.1.164:38805|priority:0, 8d40dd4f-9fd4-4768-a502-00d88259605f|rpc:10.1.1.164:44335|priority:0, f912eaa7-674f-48b0-9650-7db3a734b84f|rpc:10.1.1.164:37695|priority:1] returns group-7BCAD723620F:java.util.concurrent.CompletableFuture@2823f205[Not completed]
2022-10-18 06:30:24,789 [pool-122-thread-1] INFO  server.RaftServer$Division (RaftServerImpl.java:<init>(190)) - f912eaa7-674f-48b0-9650-7db3a734b84f: new RaftServerImpl for group-7BCAD723620F:[333fb9a0-223e-4e03-84f2-9b3e3da077bc|rpc:10.1.1.164:38805|priority:0, 8d40dd4f-9fd4-4768-a502-00d88259605f|rpc:10.1.1.164:44335|priority:0, f912eaa7-674f-48b0-9650-7db3a734b84f|rpc:10.1.1.164:37695|priority:1] with ContainerStateMachine:uninitialized
2022-10-18 06:30:24,798 [pool-122-thread-1] INFO  server.RaftServerConfigKeys (ConfUtils.java:logGet(46)) - raft.server.rpc.timeout.min = 5s (custom)
2022-10-18 06:30:24,798 [pool-122-thread-1] INFO  server.RaftServerConfigKeys (ConfUtils.java:logGet(46)) - raft.server.rpc.timeout.max = 5200ms (custom)
2022-10-18 06:30:24,798 [pool-122-thread-1] INFO  server.RaftServerConfigKeys (ConfUtils.java:logGet(46)) - raft.server.rpc.sleep.time = 25ms (default)
2022-10-18 06:30:24,798 [pool-122-thread-1] INFO  server.RaftServerConfigKeys (ConfUtils.java:logGet(46)) - raft.server.rpc.slowness.timeout = 300s (custom)
2022-10-18 06:30:24,798 [pool-122-thread-1] INFO  server.RaftServerConfigKeys (ConfUtils.java:logGet(46)) - raft.server.leaderelection.leader.step-down.wait-time = 10s (default)
2022-10-18 06:30:24,798 [pool-122-thread-1] INFO  server.RaftServerConfigKeys (ConfUtils.java:logGet(46)) - raft.server.sleep.deviation.threshold = 300ms (default)
2022-10-18 06:30:24,798 [pool-122-thread-1] INFO  server.RaftServer$Division (ServerState.java:<init>(107)) - f912eaa7-674f-48b0-9650-7db3a734b84f@group-7BCAD723620F: ConfigurationManager, init=-1: [333fb9a0-223e-4e03-84f2-9b3e3da077bc|rpc:10.1.1.164:38805|priority:0, 8d40dd4f-9fd4-4768-a502-00d88259605f|rpc:10.1.1.164:44335|priority:0, f912eaa7-674f-48b0-9650-7db3a734b84f|rpc:10.1.1.164:37695|priority:1], old=null, confs=<EMPTY_MAP>
2022-10-18 06:30:24,798 [pool-122-thread-1] INFO  server.RaftServerConfigKeys (ConfUtils.java:logGet(46)) - raft.server.storage.dir = [/home/runner/work/ozone/ozone/hadoop-ozone/integration-test/target/test-dir/MiniOzoneClusterImpl-489ebd61-a341-4d14-a135-ade311a26152/datanode-0/data/ratis] (custom)
2022-10-18 06:30:24,797 [EventQueue-OpenPipelineForHealthyPipelineSafeModeRule] INFO  safemode.SCMSafeModeManager (HealthyPipelineSafeModeRule.java:process(137)) - SCM in safe mode. Healthy pipelines reported count is 0, required healthy pipeline reported count is 1
2022-10-18 06:30:24,798 [pool-122-thread-1] INFO  server.RaftServerConfigKeys (ConfUtils.java:logGet(46)) - raft.server.log.corruption.policy = EXCEPTION (default)
2022-10-18 06:30:24,798 [pool-122-thread-1] INFO  server.RaftServerConfigKeys (ConfUtils.java:logGet(46)) - raft.server.storage.free-space.min = 0MB (=0) (default)
2022-10-18 06:30:24,798 [pool-122-thread-1] INFO  storage.RaftStorageDirectory (RaftStorageDirectoryImpl.java:analyzeStorage(135)) - The storage directory /home/runner/work/ozone/ozone/hadoop-ozone/integration-test/target/test-dir/MiniOzoneClusterImpl-489ebd61-a341-4d14-a135-ade311a26152/datanode-0/data/ratis/78b5955a-84a3-4c35-8c7c-7bcad723620f does not exist. Creating ...
2022-10-18 06:30:24,800 [pool-122-thread-1] INFO  storage.RaftStorageDirectory (RaftStorageDirectoryImpl.java:tryLock(230)) - Lock on /home/runner/work/ozone/ozone/hadoop-ozone/integration-test/target/test-dir/MiniOzoneClusterImpl-489ebd61-a341-4d14-a135-ade311a26152/datanode-0/data/ratis/78b5955a-84a3-4c35-8c7c-7bcad723620f/in_use.lock acquired by nodename 30337@fv-az241-838
2022-10-18 06:30:24,800 [pool-122-thread-1] INFO  storage.RaftStorage (RaftStorageImpl.java:format(89)) - Storage directory /home/runner/work/ozone/ozone/hadoop-ozone/integration-test/target/test-dir/MiniOzoneClusterImpl-489ebd61-a341-4d14-a135-ade311a26152/datanode-0/data/ratis/78b5955a-84a3-4c35-8c7c-7bcad723620f has been successfully formatted.
2022-10-18 06:30:24,801 [pool-122-thread-1] INFO  ratis.ContainerStateMachine (ContainerStateMachine.java:loadSnapshot(236)) - group-7BCAD723620F: The snapshot info is null. Setting the last applied indexto:(t:0, i:~)
2022-10-18 06:30:24,801 [pool-122-thread-1] INFO  server.RaftServerConfigKeys (ConfUtils.java:logGet(46)) - raft.server.notification.no-leader.timeout = 300s (custom)
2022-10-18 06:30:24,801 [pool-122-thread-1] INFO  server.RaftServerConfigKeys (ConfUtils.java:logGet(46)) - raft.server.log.use.memory = false (default)
2022-10-18 06:30:24,801 [pool-122-thread-1] INFO  server.RaftServerConfigKeys (ConfUtils.java:logGet(46)) - raft.server.log.purge.gap = 1000000 (custom)
2022-10-18 06:30:24,801 [pool-122-thread-1] INFO  server.RaftServerConfigKeys (ConfUtils.java:logGet(46)) - raft.server.log.appender.buffer.byte-limit = 33554432 (custom)
2022-10-18 06:30:24,801 [pool-122-thread-1] INFO  server.RaftServerConfigKeys (ConfUtils.java:logGet(46)) - raft.server.log.statemachine.data.read.timeout = 1000ms (default)
2022-10-18 06:30:24,801 [pool-122-thread-1] INFO  server.RaftServerConfigKeys (ConfUtils.java:logGet(46)) - raft.server.log.segment.size.max = 1048576 (custom)
2022-10-18 06:30:24,802 [pool-122-thread-1] INFO  server.RaftServerConfigKeys (ConfUtils.java:logGet(46)) - raft.server.log.segment.cache.num.max = 2 (custom)
2022-10-18 06:30:24,802 [pool-122-thread-1] INFO  server.RaftServerConfigKeys (ConfUtils.java:logGet(46)) - raft.server.log.segment.cache.size.max = 200MB (=209715200) (default)
2022-10-18 06:30:24,802 [pool-122-thread-1] INFO  segmented.SegmentedRaftLogWorker (SegmentedRaftLogWorker.java:<init>(187)) - new f912eaa7-674f-48b0-9650-7db3a734b84f@group-7BCAD723620F-SegmentedRaftLogWorker for RaftStorageImpl:Storage Directory /home/runner/work/ozone/ozone/hadoop-ozone/integration-test/target/test-dir/MiniOzoneClusterImpl-489ebd61-a341-4d14-a135-ade311a26152/datanode-0/data/ratis/78b5955a-84a3-4c35-8c7c-7bcad723620f
2022-10-18 06:30:24,802 [pool-122-thread-1] INFO  server.RaftServerConfigKeys (ConfUtils.java:logGet(46)) - raft.server.log.queue.byte-limit = 4294967296 (custom)
2022-10-18 06:30:24,802 [pool-122-thread-1] INFO  server.RaftServerConfigKeys (ConfUtils.java:logGet(46)) - raft.server.log.queue.element-limit = 1024 (custom)
2022-10-18 06:30:24,802 [pool-122-thread-1] INFO  server.RaftServerConfigKeys (ConfUtils.java:logGet(46)) - raft.server.log.segment.size.max = 1048576 (custom)
2022-10-18 06:30:24,802 [pool-122-thread-1] INFO  server.RaftServerConfigKeys (ConfUtils.java:logGet(46)) - raft.server.log.preallocated.size = 16384 (custom)
2022-10-18 06:30:24,802 [pool-122-thread-1] INFO  server.RaftServerConfigKeys (ConfUtils.java:logGet(46)) - raft.server.log.force.sync.num = 128 (default)
2022-10-18 06:30:24,802 [pool-122-thread-1] INFO  server.RaftServerConfigKeys (ConfUtils.java:logGet(46)) - raft.server.log.statemachine.data.sync = true (default)
2022-10-18 06:30:24,802 [pool-122-thread-1] INFO  server.RaftServerConfigKeys (ConfUtils.java:logGet(46)) - raft.server.log.statemachine.data.sync.timeout = 10s (default)
2022-10-18 06:30:24,803 [pool-122-thread-1] INFO  server.RaftServerConfigKeys (ConfUtils.java:logGet(46)) - raft.server.log.statemachine.data.sync.timeout.retry = -1 (default)
2022-10-18 06:30:24,803 [pool-122-thread-1] INFO  server.RaftServerConfigKeys (ConfUtils.java:logGet(46)) - raft.server.log.write.buffer.size = 1048576 (custom)
2022-10-18 06:30:24,804 [pool-122-thread-1] INFO  server.RaftServerConfigKeys (ConfUtils.java:logGet(46)) - raft.server.log.unsafe-flush.enabled = false (default)
2022-10-18 06:30:24,804 [pool-122-thread-1] INFO  server.RaftServerConfigKeys (ConfUtils.java:logGet(46)) - raft.server.log.statemachine.data.caching.enabled = true (custom)
2022-10-18 06:30:24,804 [pool-122-thread-1] INFO  segmented.SegmentedRaftLogWorker (SegmentedRaftLogWorker.java:lambda$new$0(135)) - f912eaa7-674f-48b0-9650-7db3a734b84f@group-7BCAD723620F-SegmentedRaftLogWorker: flushIndex: setUnconditionally 0 -> -1
2022-10-18 06:30:24,804 [pool-122-thread-1] INFO  segmented.SegmentedRaftLogWorker (SegmentedRaftLogWorker.java:lambda$new$0(135)) - f912eaa7-674f-48b0-9650-7db3a734b84f@group-7BCAD723620F-SegmentedRaftLogWorker: safeCacheEvictIndex: setUnconditionally 0 -> -1
2022-10-18 06:30:24,804 [pool-122-thread-1] INFO  server.RaftServerConfigKeys (ConfUtils.java:logGet(46)) - raft.server.snapshot.auto.trigger.enabled = true (custom)
2022-10-18 06:30:24,804 [pool-122-thread-1] INFO  server.RaftServerConfigKeys (ConfUtils.java:logGet(46)) - raft.server.snapshot.auto.trigger.threshold = 10000 (custom)
2022-10-18 06:30:24,804 [pool-122-thread-1] INFO  server.RaftServerConfigKeys (ConfUtils.java:logGet(46)) - raft.server.snapshot.retention.file.num = 5 (custom)
2022-10-18 06:30:24,804 [pool-122-thread-1] INFO  server.RaftServerConfigKeys (ConfUtils.java:logGet(46)) - raft.server.log.purge.upto.snapshot.index = false (default)
2022-10-18 06:30:24,804 [pool-122-thread-1] INFO  server.RaftServerConfigKeys (ConfUtils.java:logGet(46)) - raft.server.retrycache.expirytime = 600000ms (custom)
2022-10-18 06:30:24,804 [pool-122-thread-1] INFO  server.RaftServerConfigKeys (ConfUtils.java:logGet(46)) - raft.server.retrycache.statistics.expirytime = 100μs (default)
2022-10-18 06:30:24,805 [pool-122-thread-1] INFO  server.RaftServerConfigKeys (ConfUtils.java:logGet(46)) - raft.server.log.appender.install.snapshot.enabled = false (custom)
2022-10-18 06:30:24,805 [pool-122-thread-1] INFO  server.RaftServerConfigKeys (ConfUtils.java:logGet(46)) - raft.server.threadpool.server.cached = true (default)
2022-10-18 06:30:24,805 [pool-122-thread-1] INFO  server.RaftServerConfigKeys (ConfUtils.java:logGet(46)) - raft.server.threadpool.server.size = 0 (default)
2022-10-18 06:30:24,805 [pool-122-thread-1] INFO  server.RaftServerConfigKeys (ConfUtils.java:logGet(46)) - raft.server.threadpool.client.cached = true (default)
2022-10-18 06:30:24,806 [pool-122-thread-1] INFO  server.RaftServerConfigKeys (ConfUtils.java:logGet(46)) - raft.server.threadpool.client.size = 0 (default)
2022-10-18 06:30:24,806 [pool-122-thread-1] INFO  server.RaftServer$Division (RaftServerImpl.java:start(310)) - f912eaa7-674f-48b0-9650-7db3a734b84f@group-7BCAD723620F: start as a follower, conf=-1: [333fb9a0-223e-4e03-84f2-9b3e3da077bc|rpc:10.1.1.164:38805|priority:0, 8d40dd4f-9fd4-4768-a502-00d88259605f|rpc:10.1.1.164:44335|priority:0, f912eaa7-674f-48b0-9650-7db3a734b84f|rpc:10.1.1.164:37695|priority:1], old=null
2022-10-18 06:30:24,806 [pool-122-thread-1] INFO  server.RaftServer$Division (RaftServerImpl.java:setRole(299)) - f912eaa7-674f-48b0-9650-7db3a734b84f@group-7BCAD723620F: changes role from      null to FOLLOWER at term 0 for startAsFollower
2022-10-18 06:30:24,806 [pool-122-thread-1] INFO  impl.RoleInfo (RoleInfo.java:updateAndGet(139)) - f912eaa7-674f-48b0-9650-7db3a734b84f: start f912eaa7-674f-48b0-9650-7db3a734b84f@group-7BCAD723620F-FollowerState
2022-10-18 06:30:24,809 [pool-122-thread-1] INFO  util.JmxRegister (JmxRegister.java:tryRegister(44)) - Successfully registered JMX Bean with object name Ratis:service=RaftServer,group=group-7BCAD723620F,id=f912eaa7-674f-48b0-9650-7db3a734b84f
2022-10-18 06:30:24,818 [Command processor thread] INFO  ratis.XceiverServerRatis (XceiverServerRatis.java:addGroup(765)) - Created group PipelineID=78b5955a-84a3-4c35-8c7c-7bcad723620f
2022-10-18 06:30:24,819 [EventQueue-OpenPipelineForHealthyPipelineSafeModeRule] INFO  safemode.SCMSafeModeManager (HealthyPipelineSafeModeRule.java:process(137)) - SCM in safe mode. Healthy pipelines reported count is 0, required healthy pipeline reported count is 1
2022-10-18 06:30:24,878 [grpc-default-executor-0] INFO  server.RaftServer (RaftServerProxy.java:addNew(96)) - 333fb9a0-223e-4e03-84f2-9b3e3da077bc: addNew group-7BCAD723620F:[333fb9a0-223e-4e03-84f2-9b3e3da077bc|rpc:10.1.1.164:38805|dataStream:|priority:0, 8d40dd4f-9fd4-4768-a502-00d88259605f|rpc:10.1.1.164:44335|dataStream:|priority:0, f912eaa7-674f-48b0-9650-7db3a734b84f|rpc:10.1.1.164:37695|dataStream:|priority:1] returns group-7BCAD723620F:java.util.concurrent.CompletableFuture@695dc977[Not completed]
2022-10-18 06:30:24,879 [pool-168-thread-1] INFO  server.RaftServer$Division (RaftServerImpl.java:<init>(190)) - 333fb9a0-223e-4e03-84f2-9b3e3da077bc: new RaftServerImpl for group-7BCAD723620F:[333fb9a0-223e-4e03-84f2-9b3e3da077bc|rpc:10.1.1.164:38805|dataStream:|priority:0, 8d40dd4f-9fd4-4768-a502-00d88259605f|rpc:10.1.1.164:44335|dataStream:|priority:0, f912eaa7-674f-48b0-9650-7db3a734b84f|rpc:10.1.1.164:37695|dataStream:|priority:1] with ContainerStateMachine:uninitialized
2022-10-18 06:30:24,879 [pool-168-thread-1] INFO  server.RaftServerConfigKeys (ConfUtils.java:logGet(46)) - raft.server.rpc.timeout.min = 5s (custom)
2022-10-18 06:30:24,879 [pool-168-thread-1] INFO  server.RaftServerConfigKeys (ConfUtils.java:logGet(46)) - raft.server.rpc.timeout.max = 5200ms (custom)
2022-10-18 06:30:24,879 [pool-168-thread-1] INFO  server.RaftServerConfigKeys (ConfUtils.java:logGet(46)) - raft.server.rpc.sleep.time = 25ms (default)
2022-10-18 06:30:24,879 [pool-168-thread-1] INFO  server.RaftServerConfigKeys (ConfUtils.java:logGet(46)) - raft.server.rpc.slowness.timeout = 300s (custom)
2022-10-18 06:30:24,879 [pool-168-thread-1] INFO  server.RaftServerConfigKeys (ConfUtils.java:logGet(46)) - raft.server.leaderelection.leader.step-down.wait-time = 10s (default)
2022-10-18 06:30:24,879 [pool-168-thread-1] INFO  server.RaftServerConfigKeys (ConfUtils.java:logGet(46)) - raft.server.sleep.deviation.threshold = 300ms (default)
2022-10-18 06:30:24,879 [pool-168-thread-1] INFO  server.RaftServer$Division (ServerState.java:<init>(107)) - 333fb9a0-223e-4e03-84f2-9b3e3da077bc@group-7BCAD723620F: ConfigurationManager, init=-1: [333fb9a0-223e-4e03-84f2-9b3e3da077bc|rpc:10.1.1.164:38805|dataStream:|priority:0, 8d40dd4f-9fd4-4768-a502-00d88259605f|rpc:10.1.1.164:44335|dataStream:|priority:0, f912eaa7-674f-48b0-9650-7db3a734b84f|rpc:10.1.1.164:37695|dataStream:|priority:1], old=null, confs=<EMPTY_MAP>
2022-10-18 06:30:24,880 [pool-168-thread-1] INFO  server.RaftServerConfigKeys (ConfUtils.java:logGet(46)) - raft.server.storage.dir = [/home/runner/work/ozone/ozone/hadoop-ozone/integration-test/target/test-dir/MiniOzoneClusterImpl-489ebd61-a341-4d14-a135-ade311a26152/datanode-2/data/ratis] (custom)
2022-10-18 06:30:24,880 [pool-168-thread-1] INFO  server.RaftServerConfigKeys (ConfUtils.java:logGet(46)) - raft.server.log.corruption.policy = EXCEPTION (default)
2022-10-18 06:30:24,880 [pool-168-thread-1] INFO  server.RaftServerConfigKeys (ConfUtils.java:logGet(46)) - raft.server.storage.free-space.min = 0MB (=0) (default)
2022-10-18 06:30:24,880 [pool-168-thread-1] INFO  storage.RaftStorageDirectory (RaftStorageDirectoryImpl.java:analyzeStorage(135)) - The storage directory /home/runner/work/ozone/ozone/hadoop-ozone/integration-test/target/test-dir/MiniOzoneClusterImpl-489ebd61-a341-4d14-a135-ade311a26152/datanode-2/data/ratis/78b5955a-84a3-4c35-8c7c-7bcad723620f does not exist. Creating ...
2022-10-18 06:30:24,882 [pool-168-thread-1] INFO  storage.RaftStorageDirectory (RaftStorageDirectoryImpl.java:tryLock(230)) - Lock on /home/runner/work/ozone/ozone/hadoop-ozone/integration-test/target/test-dir/MiniOzoneClusterImpl-489ebd61-a341-4d14-a135-ade311a26152/datanode-2/data/ratis/78b5955a-84a3-4c35-8c7c-7bcad723620f/in_use.lock acquired by nodename 30337@fv-az241-838
2022-10-18 06:30:24,883 [pool-168-thread-1] INFO  storage.RaftStorage (RaftStorageImpl.java:format(89)) - Storage directory /home/runner/work/ozone/ozone/hadoop-ozone/integration-test/target/test-dir/MiniOzoneClusterImpl-489ebd61-a341-4d14-a135-ade311a26152/datanode-2/data/ratis/78b5955a-84a3-4c35-8c7c-7bcad723620f has been successfully formatted.
2022-10-18 06:30:24,883 [pool-168-thread-1] INFO  ratis.ContainerStateMachine (ContainerStateMachine.java:loadSnapshot(236)) - group-7BCAD723620F: The snapshot info is null. Setting the last applied indexto:(t:0, i:~)
2022-10-18 06:30:24,884 [pool-168-thread-1] INFO  server.RaftServerConfigKeys (ConfUtils.java:logGet(46)) - raft.server.notification.no-leader.timeout = 300s (custom)
2022-10-18 06:30:24,884 [pool-168-thread-1] INFO  server.RaftServerConfigKeys (ConfUtils.java:logGet(46)) - raft.server.log.use.memory = false (default)
2022-10-18 06:30:24,884 [pool-168-thread-1] INFO  server.RaftServerConfigKeys (ConfUtils.java:logGet(46)) - raft.server.log.purge.gap = 1000000 (custom)
2022-10-18 06:30:24,884 [pool-168-thread-1] INFO  server.RaftServerConfigKeys (ConfUtils.java:logGet(46)) - raft.server.log.appender.buffer.byte-limit = 33554432 (custom)
2022-10-18 06:30:24,884 [pool-168-thread-1] INFO  server.RaftServerConfigKeys (ConfUtils.java:logGet(46)) - raft.server.log.statemachine.data.read.timeout = 1000ms (default)
2022-10-18 06:30:24,885 [pool-168-thread-1] INFO  server.RaftServerConfigKeys (ConfUtils.java:logGet(46)) - raft.server.log.segment.size.max = 1048576 (custom)
2022-10-18 06:30:24,885 [pool-168-thread-1] INFO  server.RaftServerConfigKeys (ConfUtils.java:logGet(46)) - raft.server.log.segment.cache.num.max = 2 (custom)
2022-10-18 06:30:24,885 [pool-168-thread-1] INFO  server.RaftServerConfigKeys (ConfUtils.java:logGet(46)) - raft.server.log.segment.cache.size.max = 200MB (=209715200) (default)
2022-10-18 06:30:24,885 [pool-168-thread-1] INFO  segmented.SegmentedRaftLogWorker (SegmentedRaftLogWorker.java:<init>(187)) - new 333fb9a0-223e-4e03-84f2-9b3e3da077bc@group-7BCAD723620F-SegmentedRaftLogWorker for RaftStorageImpl:Storage Directory /home/runner/work/ozone/ozone/hadoop-ozone/integration-test/target/test-dir/MiniOzoneClusterImpl-489ebd61-a341-4d14-a135-ade311a26152/datanode-2/data/ratis/78b5955a-84a3-4c35-8c7c-7bcad723620f
2022-10-18 06:30:24,885 [pool-168-thread-1] INFO  server.RaftServerConfigKeys (ConfUtils.java:logGet(46)) - raft.server.log.queue.byte-limit = 4294967296 (custom)
2022-10-18 06:30:24,885 [pool-168-thread-1] INFO  server.RaftServerConfigKeys (ConfUtils.java:logGet(46)) - raft.server.log.queue.element-limit = 1024 (custom)
2022-10-18 06:30:24,885 [pool-168-thread-1] INFO  server.RaftServerConfigKeys (ConfUtils.java:logGet(46)) - raft.server.log.segment.size.max = 1048576 (custom)
2022-10-18 06:30:24,885 [pool-168-thread-1] INFO  server.RaftServerConfigKeys (ConfUtils.java:logGet(46)) - raft.server.log.preallocated.size = 16384 (custom)
2022-10-18 06:30:24,885 [pool-168-thread-1] INFO  server.RaftServerConfigKeys (ConfUtils.java:logGet(46)) - raft.server.log.force.sync.num = 128 (default)
2022-10-18 06:30:24,885 [pool-168-thread-1] INFO  server.RaftServerConfigKeys (ConfUtils.java:logGet(46)) - raft.server.log.statemachine.data.sync = true (default)
2022-10-18 06:30:24,886 [pool-168-thread-1] INFO  server.RaftServerConfigKeys (ConfUtils.java:logGet(46)) - raft.server.log.statemachine.data.sync.timeout = 10s (default)
2022-10-18 06:30:24,886 [pool-168-thread-1] INFO  server.RaftServerConfigKeys (ConfUtils.java:logGet(46)) - raft.server.log.statemachine.data.sync.timeout.retry = -1 (default)
2022-10-18 06:30:24,889 [pool-168-thread-1] INFO  server.RaftServerConfigKeys (ConfUtils.java:logGet(46)) - raft.server.log.write.buffer.size = 1048576 (custom)
2022-10-18 06:30:24,890 [pool-168-thread-1] INFO  server.RaftServerConfigKeys (ConfUtils.java:logGet(46)) - raft.server.log.unsafe-flush.enabled = false (default)
2022-10-18 06:30:24,890 [pool-168-thread-1] INFO  server.RaftServerConfigKeys (ConfUtils.java:logGet(46)) - raft.server.log.statemachine.data.caching.enabled = true (custom)
2022-10-18 06:30:24,890 [pool-168-thread-1] INFO  segmented.SegmentedRaftLogWorker (SegmentedRaftLogWorker.java:lambda$new$0(135)) - 333fb9a0-223e-4e03-84f2-9b3e3da077bc@group-7BCAD723620F-SegmentedRaftLogWorker: flushIndex: setUnconditionally 0 -> -1
2022-10-18 06:30:24,890 [pool-168-thread-1] INFO  segmented.SegmentedRaftLogWorker (SegmentedRaftLogWorker.java:lambda$new$0(135)) - 333fb9a0-223e-4e03-84f2-9b3e3da077bc@group-7BCAD723620F-SegmentedRaftLogWorker: safeCacheEvictIndex: setUnconditionally 0 -> -1
2022-10-18 06:30:24,890 [pool-168-thread-1] INFO  server.RaftServerConfigKeys (ConfUtils.java:logGet(46)) - raft.server.snapshot.auto.trigger.enabled = true (custom)
2022-10-18 06:30:24,890 [pool-168-thread-1] INFO  server.RaftServerConfigKeys (ConfUtils.java:logGet(46)) - raft.server.snapshot.auto.trigger.threshold = 10000 (custom)
2022-10-18 06:30:24,890 [pool-168-thread-1] INFO  server.RaftServerConfigKeys (ConfUtils.java:logGet(46)) - raft.server.snapshot.retention.file.num = 5 (custom)
2022-10-18 06:30:24,890 [pool-168-thread-1] INFO  server.RaftServerConfigKeys (ConfUtils.java:logGet(46)) - raft.server.log.purge.upto.snapshot.index = false (default)
2022-10-18 06:30:24,891 [pool-168-thread-1] INFO  server.RaftServerConfigKeys (ConfUtils.java:logGet(46)) - raft.server.retrycache.expirytime = 600000ms (custom)
2022-10-18 06:30:24,891 [pool-168-thread-1] INFO  server.RaftServerConfigKeys (ConfUtils.java:logGet(46)) - raft.server.retrycache.statistics.expirytime = 100μs (default)
2022-10-18 06:30:24,892 [pool-168-thread-1] INFO  server.RaftServerConfigKeys (ConfUtils.java:logGet(46)) - raft.server.log.appender.install.snapshot.enabled = false (custom)
2022-10-18 06:30:24,892 [pool-168-thread-1] INFO  server.RaftServerConfigKeys (ConfUtils.java:logGet(46)) - raft.server.threadpool.server.cached = true (default)
2022-10-18 06:30:24,892 [pool-168-thread-1] INFO  server.RaftServerConfigKeys (ConfUtils.java:logGet(46)) - raft.server.threadpool.server.size = 0 (default)
2022-10-18 06:30:24,892 [pool-168-thread-1] INFO  server.RaftServerConfigKeys (ConfUtils.java:logGet(46)) - raft.server.threadpool.client.cached = true (default)
2022-10-18 06:30:24,892 [pool-168-thread-1] INFO  server.RaftServerConfigKeys (ConfUtils.java:logGet(46)) - raft.server.threadpool.client.size = 0 (default)
2022-10-18 06:30:24,892 [pool-168-thread-1] INFO  server.RaftServer$Division (RaftServerImpl.java:start(310)) - 333fb9a0-223e-4e03-84f2-9b3e3da077bc@group-7BCAD723620F: start as a follower, conf=-1: [333fb9a0-223e-4e03-84f2-9b3e3da077bc|rpc:10.1.1.164:38805|dataStream:|priority:0, 8d40dd4f-9fd4-4768-a502-00d88259605f|rpc:10.1.1.164:44335|dataStream:|priority:0, f912eaa7-674f-48b0-9650-7db3a734b84f|rpc:10.1.1.164:37695|dataStream:|priority:1], old=null
2022-10-18 06:30:24,892 [pool-168-thread-1] INFO  server.RaftServer$Division (RaftServerImpl.java:setRole(299)) - 333fb9a0-223e-4e03-84f2-9b3e3da077bc@group-7BCAD723620F: changes role from      null to FOLLOWER at term 0 for startAsFollower
2022-10-18 06:30:24,892 [pool-168-thread-1] INFO  impl.RoleInfo (RoleInfo.java:updateAndGet(139)) - 333fb9a0-223e-4e03-84f2-9b3e3da077bc: start 333fb9a0-223e-4e03-84f2-9b3e3da077bc@group-7BCAD723620F-FollowerState
2022-10-18 06:30:24,897 [pool-168-thread-1] INFO  util.JmxRegister (JmxRegister.java:tryRegister(44)) - Successfully registered JMX Bean with object name Ratis:service=RaftServer,group=group-7BCAD723620F,id=333fb9a0-223e-4e03-84f2-9b3e3da077bc
2022-10-18 06:30:24,939 [grpc-default-executor-0] INFO  server.RaftServer (RaftServerProxy.java:addNew(96)) - 8d40dd4f-9fd4-4768-a502-00d88259605f: addNew group-7BCAD723620F:[333fb9a0-223e-4e03-84f2-9b3e3da077bc|rpc:10.1.1.164:38805|dataStream:|priority:0, 8d40dd4f-9fd4-4768-a502-00d88259605f|rpc:10.1.1.164:44335|dataStream:|priority:0, f912eaa7-674f-48b0-9650-7db3a734b84f|rpc:10.1.1.164:37695|dataStream:|priority:1] returns group-7BCAD723620F:java.util.concurrent.CompletableFuture@62b95e8d[Not completed]
2022-10-18 06:30:24,940 [pool-145-thread-1] INFO  server.RaftServer$Division (RaftServerImpl.java:<init>(190)) - 8d40dd4f-9fd4-4768-a502-00d88259605f: new RaftServerImpl for group-7BCAD723620F:[333fb9a0-223e-4e03-84f2-9b3e3da077bc|rpc:10.1.1.164:38805|dataStream:|priority:0, 8d40dd4f-9fd4-4768-a502-00d88259605f|rpc:10.1.1.164:44335|dataStream:|priority:0, f912eaa7-674f-48b0-9650-7db3a734b84f|rpc:10.1.1.164:37695|dataStream:|priority:1] with ContainerStateMachine:uninitialized
2022-10-18 06:30:24,940 [pool-145-thread-1] INFO  server.RaftServerConfigKeys (ConfUtils.java:logGet(46)) - raft.server.rpc.timeout.min = 5s (custom)
2022-10-18 06:30:24,941 [pool-145-thread-1] INFO  server.RaftServerConfigKeys (ConfUtils.java:logGet(46)) - raft.server.rpc.timeout.max = 5200ms (custom)
2022-10-18 06:30:24,941 [pool-145-thread-1] INFO  server.RaftServerConfigKeys (ConfUtils.java:logGet(46)) - raft.server.rpc.sleep.time = 25ms (default)
2022-10-18 06:30:24,941 [pool-145-thread-1] INFO  server.RaftServerConfigKeys (ConfUtils.java:logGet(46)) - raft.server.rpc.slowness.timeout = 300s (custom)
2022-10-18 06:30:24,941 [pool-145-thread-1] INFO  server.RaftServerConfigKeys (ConfUtils.java:logGet(46)) - raft.server.leaderelection.leader.step-down.wait-time = 10s (default)
2022-10-18 06:30:24,941 [pool-145-thread-1] INFO  server.RaftServerConfigKeys (ConfUtils.java:logGet(46)) - raft.server.sleep.deviation.threshold = 300ms (default)
2022-10-18 06:30:24,941 [pool-145-thread-1] INFO  server.RaftServer$Division (ServerState.java:<init>(107)) - 8d40dd4f-9fd4-4768-a502-00d88259605f@group-7BCAD723620F: ConfigurationManager, init=-1: [333fb9a0-223e-4e03-84f2-9b3e3da077bc|rpc:10.1.1.164:38805|dataStream:|priority:0, 8d40dd4f-9fd4-4768-a502-00d88259605f|rpc:10.1.1.164:44335|dataStream:|priority:0, f912eaa7-674f-48b0-9650-7db3a734b84f|rpc:10.1.1.164:37695|dataStream:|priority:1], old=null, confs=<EMPTY_MAP>
2022-10-18 06:30:24,941 [pool-145-thread-1] INFO  server.RaftServerConfigKeys (ConfUtils.java:logGet(46)) - raft.server.storage.dir = [/home/runner/work/ozone/ozone/hadoop-ozone/integration-test/target/test-dir/MiniOzoneClusterImpl-489ebd61-a341-4d14-a135-ade311a26152/datanode-1/data/ratis] (custom)
2022-10-18 06:30:24,941 [pool-145-thread-1] INFO  server.RaftServerConfigKeys (ConfUtils.java:logGet(46)) - raft.server.log.corruption.policy = EXCEPTION (default)
2022-10-18 06:30:24,941 [pool-145-thread-1] INFO  server.RaftServerConfigKeys (ConfUtils.java:logGet(46)) - raft.server.storage.free-space.min = 0MB (=0) (default)
2022-10-18 06:30:24,941 [pool-145-thread-1] INFO  storage.RaftStorageDirectory (RaftStorageDirectoryImpl.java:analyzeStorage(135)) - The storage directory /home/runner/work/ozone/ozone/hadoop-ozone/integration-test/target/test-dir/MiniOzoneClusterImpl-489ebd61-a341-4d14-a135-ade311a26152/datanode-1/data/ratis/78b5955a-84a3-4c35-8c7c-7bcad723620f does not exist. Creating ...
2022-10-18 06:30:24,942 [pool-145-thread-1] INFO  storage.RaftStorageDirectory (RaftStorageDirectoryImpl.java:tryLock(230)) - Lock on /home/runner/work/ozone/ozone/hadoop-ozone/integration-test/target/test-dir/MiniOzoneClusterImpl-489ebd61-a341-4d14-a135-ade311a26152/datanode-1/data/ratis/78b5955a-84a3-4c35-8c7c-7bcad723620f/in_use.lock acquired by nodename 30337@fv-az241-838
2022-10-18 06:30:24,943 [pool-145-thread-1] INFO  storage.RaftStorage (RaftStorageImpl.java:format(89)) - Storage directory /home/runner/work/ozone/ozone/hadoop-ozone/integration-test/target/test-dir/MiniOzoneClusterImpl-489ebd61-a341-4d14-a135-ade311a26152/datanode-1/data/ratis/78b5955a-84a3-4c35-8c7c-7bcad723620f has been successfully formatted.
2022-10-18 06:30:24,944 [pool-145-thread-1] INFO  ratis.ContainerStateMachine (ContainerStateMachine.java:loadSnapshot(236)) - group-7BCAD723620F: The snapshot info is null. Setting the last applied indexto:(t:0, i:~)
2022-10-18 06:30:24,944 [pool-145-thread-1] INFO  server.RaftServerConfigKeys (ConfUtils.java:logGet(46)) - raft.server.notification.no-leader.timeout = 300s (custom)
2022-10-18 06:30:24,944 [pool-145-thread-1] INFO  server.RaftServerConfigKeys (ConfUtils.java:logGet(46)) - raft.server.log.use.memory = false (default)
2022-10-18 06:30:24,944 [pool-145-thread-1] INFO  server.RaftServerConfigKeys (ConfUtils.java:logGet(46)) - raft.server.log.purge.gap = 1000000 (custom)
2022-10-18 06:30:24,944 [pool-145-thread-1] INFO  server.RaftServerConfigKeys (ConfUtils.java:logGet(46)) - raft.server.log.appender.buffer.byte-limit = 33554432 (custom)
2022-10-18 06:30:24,944 [pool-145-thread-1] INFO  server.RaftServerConfigKeys (ConfUtils.java:logGet(46)) - raft.server.log.statemachine.data.read.timeout = 1000ms (default)
2022-10-18 06:30:24,947 [pool-145-thread-1] INFO  server.RaftServerConfigKeys (ConfUtils.java:logGet(46)) - raft.server.log.segment.size.max = 1048576 (custom)
2022-10-18 06:30:24,947 [pool-145-thread-1] INFO  server.RaftServerConfigKeys (ConfUtils.java:logGet(46)) - raft.server.log.segment.cache.num.max = 2 (custom)
2022-10-18 06:30:24,947 [pool-145-thread-1] INFO  server.RaftServerConfigKeys (ConfUtils.java:logGet(46)) - raft.server.log.segment.cache.size.max = 200MB (=209715200) (default)
2022-10-18 06:30:24,947 [pool-145-thread-1] INFO  segmented.SegmentedRaftLogWorker (SegmentedRaftLogWorker.java:<init>(187)) - new 8d40dd4f-9fd4-4768-a502-00d88259605f@group-7BCAD723620F-SegmentedRaftLogWorker for RaftStorageImpl:Storage Directory /home/runner/work/ozone/ozone/hadoop-ozone/integration-test/target/test-dir/MiniOzoneClusterImpl-489ebd61-a341-4d14-a135-ade311a26152/datanode-1/data/ratis/78b5955a-84a3-4c35-8c7c-7bcad723620f
2022-10-18 06:30:24,947 [pool-145-thread-1] INFO  server.RaftServerConfigKeys (ConfUtils.java:logGet(46)) - raft.server.log.queue.byte-limit = 4294967296 (custom)
2022-10-18 06:30:24,947 [pool-145-thread-1] INFO  server.RaftServerConfigKeys (ConfUtils.java:logGet(46)) - raft.server.log.queue.element-limit = 1024 (custom)
2022-10-18 06:30:24,947 [pool-145-thread-1] INFO  server.RaftServerConfigKeys (ConfUtils.java:logGet(46)) - raft.server.log.segment.size.max = 1048576 (custom)
2022-10-18 06:30:24,947 [pool-145-thread-1] INFO  server.RaftServerConfigKeys (ConfUtils.java:logGet(46)) - raft.server.log.preallocated.size = 16384 (custom)
2022-10-18 06:30:24,947 [pool-145-thread-1] INFO  server.RaftServerConfigKeys (ConfUtils.java:logGet(46)) - raft.server.log.force.sync.num = 128 (default)
2022-10-18 06:30:24,947 [pool-145-thread-1] INFO  server.RaftServerConfigKeys (ConfUtils.java:logGet(46)) - raft.server.log.statemachine.data.sync = true (default)
2022-10-18 06:30:24,947 [pool-145-thread-1] INFO  server.RaftServerConfigKeys (ConfUtils.java:logGet(46)) - raft.server.log.statemachine.data.sync.timeout = 10s (default)
2022-10-18 06:30:24,948 [pool-145-thread-1] INFO  server.RaftServerConfigKeys (ConfUtils.java:logGet(46)) - raft.server.log.statemachine.data.sync.timeout.retry = -1 (default)
2022-10-18 06:30:24,948 [pool-145-thread-1] INFO  server.RaftServerConfigKeys (ConfUtils.java:logGet(46)) - raft.server.log.write.buffer.size = 1048576 (custom)
2022-10-18 06:30:24,949 [pool-145-thread-1] INFO  server.RaftServerConfigKeys (ConfUtils.java:logGet(46)) - raft.server.log.unsafe-flush.enabled = false (default)
2022-10-18 06:30:24,949 [pool-145-thread-1] INFO  server.RaftServerConfigKeys (ConfUtils.java:logGet(46)) - raft.server.log.statemachine.data.caching.enabled = true (custom)
2022-10-18 06:30:24,949 [pool-145-thread-1] INFO  segmented.SegmentedRaftLogWorker (SegmentedRaftLogWorker.java:lambda$new$0(135)) - 8d40dd4f-9fd4-4768-a502-00d88259605f@group-7BCAD723620F-SegmentedRaftLogWorker: flushIndex: setUnconditionally 0 -> -1
2022-10-18 06:30:24,949 [pool-145-thread-1] INFO  segmented.SegmentedRaftLogWorker (SegmentedRaftLogWorker.java:lambda$new$0(135)) - 8d40dd4f-9fd4-4768-a502-00d88259605f@group-7BCAD723620F-SegmentedRaftLogWorker: safeCacheEvictIndex: setUnconditionally 0 -> -1
2022-10-18 06:30:24,949 [pool-145-thread-1] INFO  server.RaftServerConfigKeys (ConfUtils.java:logGet(46)) - raft.server.snapshot.auto.trigger.enabled = true (custom)
2022-10-18 06:30:24,949 [pool-145-thread-1] INFO  server.RaftServerConfigKeys (ConfUtils.java:logGet(46)) - raft.server.snapshot.auto.trigger.threshold = 10000 (custom)
2022-10-18 06:30:24,949 [pool-145-thread-1] INFO  server.RaftServerConfigKeys (ConfUtils.java:logGet(46)) - raft.server.snapshot.retention.file.num = 5 (custom)
2022-10-18 06:30:24,949 [pool-145-thread-1] INFO  server.RaftServerConfigKeys (ConfUtils.java:logGet(46)) - raft.server.log.purge.upto.snapshot.index = false (default)
2022-10-18 06:30:24,949 [pool-145-thread-1] INFO  server.RaftServerConfigKeys (ConfUtils.java:logGet(46)) - raft.server.retrycache.expirytime = 600000ms (custom)
2022-10-18 06:30:24,949 [pool-145-thread-1] INFO  server.RaftServerConfigKeys (ConfUtils.java:logGet(46)) - raft.server.retrycache.statistics.expirytime = 100μs (default)
2022-10-18 06:30:24,953 [pool-145-thread-1] INFO  server.RaftServerConfigKeys (ConfUtils.java:logGet(46)) - raft.server.log.appender.install.snapshot.enabled = false (custom)
2022-10-18 06:30:24,954 [pool-145-thread-1] INFO  server.RaftServerConfigKeys (ConfUtils.java:logGet(46)) - raft.server.threadpool.server.cached = true (default)
2022-10-18 06:30:24,954 [pool-145-thread-1] INFO  server.RaftServerConfigKeys (ConfUtils.java:logGet(46)) - raft.server.threadpool.server.size = 0 (default)
2022-10-18 06:30:24,954 [pool-145-thread-1] INFO  server.RaftServerConfigKeys (ConfUtils.java:logGet(46)) - raft.server.threadpool.client.cached = true (default)
2022-10-18 06:30:24,954 [pool-145-thread-1] INFO  server.RaftServerConfigKeys (ConfUtils.java:logGet(46)) - raft.server.threadpool.client.size = 0 (default)
2022-10-18 06:30:24,954 [pool-145-thread-1] INFO  server.RaftServer$Division (RaftServerImpl.java:start(310)) - 8d40dd4f-9fd4-4768-a502-00d88259605f@group-7BCAD723620F: start as a follower, conf=-1: [333fb9a0-223e-4e03-84f2-9b3e3da077bc|rpc:10.1.1.164:38805|dataStream:|priority:0, 8d40dd4f-9fd4-4768-a502-00d88259605f|rpc:10.1.1.164:44335|dataStream:|priority:0, f912eaa7-674f-48b0-9650-7db3a734b84f|rpc:10.1.1.164:37695|dataStream:|priority:1], old=null
2022-10-18 06:30:24,954 [pool-145-thread-1] INFO  server.RaftServer$Division (RaftServerImpl.java:setRole(299)) - 8d40dd4f-9fd4-4768-a502-00d88259605f@group-7BCAD723620F: changes role from      null to FOLLOWER at term 0 for startAsFollower
2022-10-18 06:30:24,954 [pool-145-thread-1] INFO  impl.RoleInfo (RoleInfo.java:updateAndGet(139)) - 8d40dd4f-9fd4-4768-a502-00d88259605f: start 8d40dd4f-9fd4-4768-a502-00d88259605f@group-7BCAD723620F-FollowerState
2022-10-18 06:30:24,957 [pool-145-thread-1] INFO  util.JmxRegister (JmxRegister.java:tryRegister(44)) - Successfully registered JMX Bean with object name Ratis:service=RaftServer,group=group-7BCAD723620F,id=8d40dd4f-9fd4-4768-a502-00d88259605f
2022-10-18 06:30:24,965 [Command processor thread] INFO  commandhandler.CreatePipelineCommandHandler (CreatePipelineCommandHandler.java:handle(113)) - Created Pipeline RATIS THREE PipelineID=78b5955a-84a3-4c35-8c7c-7bcad723620f.
2022-10-18 06:30:24,966 [Command processor thread] INFO  server.RaftServer (RaftServerProxy.java:addNew(96)) - f912eaa7-674f-48b0-9650-7db3a734b84f: addNew group-B134B5651726:[333fb9a0-223e-4e03-84f2-9b3e3da077bc|rpc:10.1.1.164:38805|priority:1, 8d40dd4f-9fd4-4768-a502-00d88259605f|rpc:10.1.1.164:44335|priority:0, f912eaa7-674f-48b0-9650-7db3a734b84f|rpc:10.1.1.164:37695|priority:0] returns group-B134B5651726:java.util.concurrent.CompletableFuture@891b652[Not completed]
2022-10-18 06:30:24,967 [pool-122-thread-1] INFO  server.RaftServer$Division (RaftServerImpl.java:<init>(190)) - f912eaa7-674f-48b0-9650-7db3a734b84f: new RaftServerImpl for group-B134B5651726:[333fb9a0-223e-4e03-84f2-9b3e3da077bc|rpc:10.1.1.164:38805|priority:1, 8d40dd4f-9fd4-4768-a502-00d88259605f|rpc:10.1.1.164:44335|priority:0, f912eaa7-674f-48b0-9650-7db3a734b84f|rpc:10.1.1.164:37695|priority:0] with ContainerStateMachine:uninitialized
2022-10-18 06:30:24,967 [pool-122-thread-1] INFO  server.RaftServerConfigKeys (ConfUtils.java:logGet(46)) - raft.server.rpc.timeout.min = 5s (custom)
2022-10-18 06:30:24,967 [pool-122-thread-1] INFO  server.RaftServerConfigKeys (ConfUtils.java:logGet(46)) - raft.server.rpc.timeout.max = 5200ms (custom)
2022-10-18 06:30:24,967 [pool-122-thread-1] INFO  server.RaftServerConfigKeys (ConfUtils.java:logGet(46)) - raft.server.rpc.sleep.time = 25ms (default)
2022-10-18 06:30:24,967 [pool-122-thread-1] INFO  server.RaftServerConfigKeys (ConfUtils.java:logGet(46)) - raft.server.rpc.slowness.timeout = 300s (custom)
2022-10-18 06:30:24,967 [pool-122-thread-1] INFO  server.RaftServerConfigKeys (ConfUtils.java:logGet(46)) - raft.server.leaderelection.leader.step-down.wait-time = 10s (default)
2022-10-18 06:30:24,967 [pool-122-thread-1] INFO  server.RaftServerConfigKeys (ConfUtils.java:logGet(46)) - raft.server.sleep.deviation.threshold = 300ms (default)
2022-10-18 06:30:24,967 [pool-122-thread-1] INFO  server.RaftServer$Division (ServerState.java:<init>(107)) - f912eaa7-674f-48b0-9650-7db3a734b84f@group-B134B5651726: ConfigurationManager, init=-1: [333fb9a0-223e-4e03-84f2-9b3e3da077bc|rpc:10.1.1.164:38805|priority:1, 8d40dd4f-9fd4-4768-a502-00d88259605f|rpc:10.1.1.164:44335|priority:0, f912eaa7-674f-48b0-9650-7db3a734b84f|rpc:10.1.1.164:37695|priority:0], old=null, confs=<EMPTY_MAP>
2022-10-18 06:30:24,967 [pool-122-thread-1] INFO  server.RaftServerConfigKeys (ConfUtils.java:logGet(46)) - raft.server.storage.dir = [/home/runner/work/ozone/ozone/hadoop-ozone/integration-test/target/test-dir/MiniOzoneClusterImpl-489ebd61-a341-4d14-a135-ade311a26152/datanode-0/data/ratis] (custom)
2022-10-18 06:30:24,967 [pool-122-thread-1] INFO  server.RaftServerConfigKeys (ConfUtils.java:logGet(46)) - raft.server.log.corruption.policy = EXCEPTION (default)
2022-10-18 06:30:24,967 [pool-122-thread-1] INFO  server.RaftServerConfigKeys (ConfUtils.java:logGet(46)) - raft.server.storage.free-space.min = 0MB (=0) (default)
2022-10-18 06:30:24,968 [pool-122-thread-1] INFO  storage.RaftStorageDirectory (RaftStorageDirectoryImpl.java:analyzeStorage(135)) - The storage directory /home/runner/work/ozone/ozone/hadoop-ozone/integration-test/target/test-dir/MiniOzoneClusterImpl-489ebd61-a341-4d14-a135-ade311a26152/datanode-0/data/ratis/2404f025-ddc8-46cf-97bb-b134b5651726 does not exist. Creating ...
2022-10-18 06:30:24,968 [pool-122-thread-1] INFO  storage.RaftStorageDirectory (RaftStorageDirectoryImpl.java:tryLock(230)) - Lock on /home/runner/work/ozone/ozone/hadoop-ozone/integration-test/target/test-dir/MiniOzoneClusterImpl-489ebd61-a341-4d14-a135-ade311a26152/datanode-0/data/ratis/2404f025-ddc8-46cf-97bb-b134b5651726/in_use.lock acquired by nodename 30337@fv-az241-838
2022-10-18 06:30:24,969 [pool-122-thread-1] INFO  storage.RaftStorage (RaftStorageImpl.java:format(89)) - Storage directory /home/runner/work/ozone/ozone/hadoop-ozone/integration-test/target/test-dir/MiniOzoneClusterImpl-489ebd61-a341-4d14-a135-ade311a26152/datanode-0/data/ratis/2404f025-ddc8-46cf-97bb-b134b5651726 has been successfully formatted.
2022-10-18 06:30:24,971 [EventQueue-OpenPipelineForHealthyPipelineSafeModeRule] INFO  safemode.SCMSafeModeManager (HealthyPipelineSafeModeRule.java:process(137)) - SCM in safe mode. Healthy pipelines reported count is 0, required healthy pipeline reported count is 1
2022-10-18 06:30:24,972 [pool-122-thread-1] INFO  ratis.ContainerStateMachine (ContainerStateMachine.java:loadSnapshot(236)) - group-B134B5651726: The snapshot info is null. Setting the last applied indexto:(t:0, i:~)
2022-10-18 06:30:24,973 [pool-122-thread-1] INFO  server.RaftServerConfigKeys (ConfUtils.java:logGet(46)) - raft.server.notification.no-leader.timeout = 300s (custom)
2022-10-18 06:30:24,973 [pool-122-thread-1] INFO  server.RaftServerConfigKeys (ConfUtils.java:logGet(46)) - raft.server.log.use.memory = false (default)
2022-10-18 06:30:24,973 [pool-122-thread-1] INFO  server.RaftServerConfigKeys (ConfUtils.java:logGet(46)) - raft.server.log.purge.gap = 1000000 (custom)
2022-10-18 06:30:24,973 [pool-122-thread-1] INFO  server.RaftServerConfigKeys (ConfUtils.java:logGet(46)) - raft.server.log.appender.buffer.byte-limit = 33554432 (custom)
2022-10-18 06:30:24,973 [pool-122-thread-1] INFO  server.RaftServerConfigKeys (ConfUtils.java:logGet(46)) - raft.server.log.statemachine.data.read.timeout = 1000ms (default)
2022-10-18 06:30:24,973 [pool-122-thread-1] INFO  server.RaftServerConfigKeys (ConfUtils.java:logGet(46)) - raft.server.log.segment.size.max = 1048576 (custom)
2022-10-18 06:30:24,973 [pool-122-thread-1] INFO  server.RaftServerConfigKeys (ConfUtils.java:logGet(46)) - raft.server.log.segment.cache.num.max = 2 (custom)
2022-10-18 06:30:24,973 [pool-122-thread-1] INFO  server.RaftServerConfigKeys (ConfUtils.java:logGet(46)) - raft.server.log.segment.cache.size.max = 200MB (=209715200) (default)
2022-10-18 06:30:24,974 [pool-122-thread-1] INFO  segmented.SegmentedRaftLogWorker (SegmentedRaftLogWorker.java:<init>(187)) - new f912eaa7-674f-48b0-9650-7db3a734b84f@group-B134B5651726-SegmentedRaftLogWorker for RaftStorageImpl:Storage Directory /home/runner/work/ozone/ozone/hadoop-ozone/integration-test/target/test-dir/MiniOzoneClusterImpl-489ebd61-a341-4d14-a135-ade311a26152/datanode-0/data/ratis/2404f025-ddc8-46cf-97bb-b134b5651726
2022-10-18 06:30:24,974 [pool-122-thread-1] INFO  server.RaftServerConfigKeys (ConfUtils.java:logGet(46)) - raft.server.log.queue.byte-limit = 4294967296 (custom)
2022-10-18 06:30:24,974 [pool-122-thread-1] INFO  server.RaftServerConfigKeys (ConfUtils.java:logGet(46)) - raft.server.log.queue.element-limit = 1024 (custom)
2022-10-18 06:30:24,974 [pool-122-thread-1] INFO  server.RaftServerConfigKeys (ConfUtils.java:logGet(46)) - raft.server.log.segment.size.max = 1048576 (custom)
2022-10-18 06:30:24,974 [pool-122-thread-1] INFO  server.RaftServerConfigKeys (ConfUtils.java:logGet(46)) - raft.server.log.preallocated.size = 16384 (custom)
2022-10-18 06:30:24,974 [pool-122-thread-1] INFO  server.RaftServerConfigKeys (ConfUtils.java:logGet(46)) - raft.server.log.force.sync.num = 128 (default)
2022-10-18 06:30:24,974 [pool-122-thread-1] INFO  server.RaftServerConfigKeys (ConfUtils.java:logGet(46)) - raft.server.log.statemachine.data.sync = true (default)
2022-10-18 06:30:24,974 [pool-122-thread-1] INFO  server.RaftServerConfigKeys (ConfUtils.java:logGet(46)) - raft.server.log.statemachine.data.sync.timeout = 10s (default)
2022-10-18 06:30:24,974 [pool-122-thread-1] INFO  server.RaftServerConfigKeys (ConfUtils.java:logGet(46)) - raft.server.log.statemachine.data.sync.timeout.retry = -1 (default)
2022-10-18 06:30:24,974 [pool-122-thread-1] INFO  server.RaftServerConfigKeys (ConfUtils.java:logGet(46)) - raft.server.log.write.buffer.size = 1048576 (custom)
2022-10-18 06:30:24,975 [pool-122-thread-1] INFO  server.RaftServerConfigKeys (ConfUtils.java:logGet(46)) - raft.server.log.unsafe-flush.enabled = false (default)
2022-10-18 06:30:24,975 [pool-122-thread-1] INFO  server.RaftServerConfigKeys (ConfUtils.java:logGet(46)) - raft.server.log.statemachine.data.caching.enabled = true (custom)
2022-10-18 06:30:24,975 [pool-122-thread-1] INFO  segmented.SegmentedRaftLogWorker (SegmentedRaftLogWorker.java:lambda$new$0(135)) - f912eaa7-674f-48b0-9650-7db3a734b84f@group-B134B5651726-SegmentedRaftLogWorker: flushIndex: setUnconditionally 0 -> -1
2022-10-18 06:30:24,975 [pool-122-thread-1] INFO  segmented.SegmentedRaftLogWorker (SegmentedRaftLogWorker.java:lambda$new$0(135)) - f912eaa7-674f-48b0-9650-7db3a734b84f@group-B134B5651726-SegmentedRaftLogWorker: safeCacheEvictIndex: setUnconditionally 0 -> -1
2022-10-18 06:30:24,981 [pool-122-thread-1] INFO  server.RaftServerConfigKeys (ConfUtils.java:logGet(46)) - raft.server.snapshot.auto.trigger.enabled = true (custom)
2022-10-18 06:30:24,981 [pool-122-thread-1] INFO  server.RaftServerConfigKeys (ConfUtils.java:logGet(46)) - raft.server.snapshot.auto.trigger.threshold = 10000 (custom)
2022-10-18 06:30:24,981 [pool-122-thread-1] INFO  server.RaftServerConfigKeys (ConfUtils.java:logGet(46)) - raft.server.snapshot.retention.file.num = 5 (custom)
2022-10-18 06:30:24,981 [pool-122-thread-1] INFO  server.RaftServerConfigKeys (ConfUtils.java:logGet(46)) - raft.server.log.purge.upto.snapshot.index = false (default)
2022-10-18 06:30:24,981 [pool-122-thread-1] INFO  server.RaftServerConfigKeys (ConfUtils.java:logGet(46)) - raft.server.retrycache.expirytime = 600000ms (custom)
2022-10-18 06:30:24,981 [pool-122-thread-1] INFO  server.RaftServerConfigKeys (ConfUtils.java:logGet(46)) - raft.server.retrycache.statistics.expirytime = 100μs (default)
2022-10-18 06:30:24,983 [pool-122-thread-1] INFO  server.RaftServerConfigKeys (ConfUtils.java:logGet(46)) - raft.server.log.appender.install.snapshot.enabled = false (custom)
2022-10-18 06:30:24,983 [pool-122-thread-1] INFO  server.RaftServerConfigKeys (ConfUtils.java:logGet(46)) - raft.server.threadpool.server.cached = true (default)
2022-10-18 06:30:24,983 [pool-122-thread-1] INFO  server.RaftServerConfigKeys (ConfUtils.java:logGet(46)) - raft.server.threadpool.server.size = 0 (default)
2022-10-18 06:30:24,983 [pool-122-thread-1] INFO  server.RaftServerConfigKeys (ConfUtils.java:logGet(46)) - raft.server.threadpool.client.cached = true (default)
2022-10-18 06:30:24,983 [pool-122-thread-1] INFO  server.RaftServerConfigKeys (ConfUtils.java:logGet(46)) - raft.server.threadpool.client.size = 0 (default)
2022-10-18 06:30:24,983 [pool-122-thread-1] INFO  server.RaftServer$Division (RaftServerImpl.java:start(310)) - f912eaa7-674f-48b0-9650-7db3a734b84f@group-B134B5651726: start as a follower, conf=-1: [333fb9a0-223e-4e03-84f2-9b3e3da077bc|rpc:10.1.1.164:38805|priority:1, 8d40dd4f-9fd4-4768-a502-00d88259605f|rpc:10.1.1.164:44335|priority:0, f912eaa7-674f-48b0-9650-7db3a734b84f|rpc:10.1.1.164:37695|priority:0], old=null
2022-10-18 06:30:24,983 [pool-122-thread-1] INFO  server.RaftServer$Division (RaftServerImpl.java:setRole(299)) - f912eaa7-674f-48b0-9650-7db3a734b84f@group-B134B5651726: changes role from      null to FOLLOWER at term 0 for startAsFollower
2022-10-18 06:30:24,983 [pool-122-thread-1] INFO  impl.RoleInfo (RoleInfo.java:updateAndGet(139)) - f912eaa7-674f-48b0-9650-7db3a734b84f: start f912eaa7-674f-48b0-9650-7db3a734b84f@group-B134B5651726-FollowerState
2022-10-18 06:30:24,984 [pool-122-thread-1] INFO  util.JmxRegister (JmxRegister.java:tryRegister(44)) - Successfully registered JMX Bean with object name Ratis:service=RaftServer,group=group-B134B5651726,id=f912eaa7-674f-48b0-9650-7db3a734b84f
2022-10-18 06:30:24,984 [Command processor thread] INFO  ratis.XceiverServerRatis (XceiverServerRatis.java:addGroup(765)) - Created group PipelineID=2404f025-ddc8-46cf-97bb-b134b5651726
2022-10-18 06:30:24,994 [grpc-default-executor-0] INFO  server.RaftServer (RaftServerProxy.java:addNew(96)) - 8d40dd4f-9fd4-4768-a502-00d88259605f: addNew group-B134B5651726:[333fb9a0-223e-4e03-84f2-9b3e3da077bc|rpc:10.1.1.164:38805|dataStream:|priority:1, 8d40dd4f-9fd4-4768-a502-00d88259605f|rpc:10.1.1.164:44335|dataStream:|priority:0, f912eaa7-674f-48b0-9650-7db3a734b84f|rpc:10.1.1.164:37695|dataStream:|priority:0] returns group-B134B5651726:java.util.concurrent.CompletableFuture@412ea696[Not completed]
2022-10-18 06:30:24,995 [pool-145-thread-1] INFO  server.RaftServer$Division (RaftServerImpl.java:<init>(190)) - 8d40dd4f-9fd4-4768-a502-00d88259605f: new RaftServerImpl for group-B134B5651726:[333fb9a0-223e-4e03-84f2-9b3e3da077bc|rpc:10.1.1.164:38805|dataStream:|priority:1, 8d40dd4f-9fd4-4768-a502-00d88259605f|rpc:10.1.1.164:44335|dataStream:|priority:0, f912eaa7-674f-48b0-9650-7db3a734b84f|rpc:10.1.1.164:37695|dataStream:|priority:0] with ContainerStateMachine:uninitialized
2022-10-18 06:30:24,995 [pool-145-thread-1] INFO  server.RaftServerConfigKeys (ConfUtils.java:logGet(46)) - raft.server.rpc.timeout.min = 5s (custom)
2022-10-18 06:30:24,995 [pool-145-thread-1] INFO  server.RaftServerConfigKeys (ConfUtils.java:logGet(46)) - raft.server.rpc.timeout.max = 5200ms (custom)
2022-10-18 06:30:24,995 [pool-145-thread-1] INFO  server.RaftServerConfigKeys (ConfUtils.java:logGet(46)) - raft.server.rpc.sleep.time = 25ms (default)
2022-10-18 06:30:24,995 [pool-145-thread-1] INFO  server.RaftServerConfigKeys (ConfUtils.java:logGet(46)) - raft.server.rpc.slowness.timeout = 300s (custom)
2022-10-18 06:30:24,995 [pool-145-thread-1] INFO  server.RaftServerConfigKeys (ConfUtils.java:logGet(46)) - raft.server.leaderelection.leader.step-down.wait-time = 10s (default)
2022-10-18 06:30:24,995 [pool-145-thread-1] INFO  server.RaftServerConfigKeys (ConfUtils.java:logGet(46)) - raft.server.sleep.deviation.threshold = 300ms (default)
2022-10-18 06:30:24,995 [pool-145-thread-1] INFO  server.RaftServer$Division (ServerState.java:<init>(107)) - 8d40dd4f-9fd4-4768-a502-00d88259605f@group-B134B5651726: ConfigurationManager, init=-1: [333fb9a0-223e-4e03-84f2-9b3e3da077bc|rpc:10.1.1.164:38805|dataStream:|priority:1, 8d40dd4f-9fd4-4768-a502-00d88259605f|rpc:10.1.1.164:44335|dataStream:|priority:0, f912eaa7-674f-48b0-9650-7db3a734b84f|rpc:10.1.1.164:37695|dataStream:|priority:0], old=null, confs=<EMPTY_MAP>
2022-10-18 06:30:24,995 [pool-145-thread-1] INFO  server.RaftServerConfigKeys (ConfUtils.java:logGet(46)) - raft.server.storage.dir = [/home/runner/work/ozone/ozone/hadoop-ozone/integration-test/target/test-dir/MiniOzoneClusterImpl-489ebd61-a341-4d14-a135-ade311a26152/datanode-1/data/ratis] (custom)
2022-10-18 06:30:24,995 [pool-145-thread-1] INFO  server.RaftServerConfigKeys (ConfUtils.java:logGet(46)) - raft.server.log.corruption.policy = EXCEPTION (default)
2022-10-18 06:30:24,995 [pool-145-thread-1] INFO  server.RaftServerConfigKeys (ConfUtils.java:logGet(46)) - raft.server.storage.free-space.min = 0MB (=0) (default)
2022-10-18 06:30:24,996 [pool-145-thread-1] INFO  storage.RaftStorageDirectory (RaftStorageDirectoryImpl.java:analyzeStorage(135)) - The storage directory /home/runner/work/ozone/ozone/hadoop-ozone/integration-test/target/test-dir/MiniOzoneClusterImpl-489ebd61-a341-4d14-a135-ade311a26152/datanode-1/data/ratis/2404f025-ddc8-46cf-97bb-b134b5651726 does not exist. Creating ...
2022-10-18 06:30:24,998 [pool-145-thread-1] INFO  storage.RaftStorageDirectory (RaftStorageDirectoryImpl.java:tryLock(230)) - Lock on /home/runner/work/ozone/ozone/hadoop-ozone/integration-test/target/test-dir/MiniOzoneClusterImpl-489ebd61-a341-4d14-a135-ade311a26152/datanode-1/data/ratis/2404f025-ddc8-46cf-97bb-b134b5651726/in_use.lock acquired by nodename 30337@fv-az241-838
2022-10-18 06:30:25,001 [pool-145-thread-1] INFO  storage.RaftStorage (RaftStorageImpl.java:format(89)) - Storage directory /home/runner/work/ozone/ozone/hadoop-ozone/integration-test/target/test-dir/MiniOzoneClusterImpl-489ebd61-a341-4d14-a135-ade311a26152/datanode-1/data/ratis/2404f025-ddc8-46cf-97bb-b134b5651726 has been successfully formatted.
2022-10-18 06:30:25,002 [pool-145-thread-1] INFO  ratis.ContainerStateMachine (ContainerStateMachine.java:loadSnapshot(236)) - group-B134B5651726: The snapshot info is null. Setting the last applied indexto:(t:0, i:~)
2022-10-18 06:30:25,002 [pool-145-thread-1] INFO  server.RaftServerConfigKeys (ConfUtils.java:logGet(46)) - raft.server.notification.no-leader.timeout = 300s (custom)
2022-10-18 06:30:25,003 [pool-145-thread-1] INFO  server.RaftServerConfigKeys (ConfUtils.java:logGet(46)) - raft.server.log.use.memory = false (default)
2022-10-18 06:30:25,003 [pool-145-thread-1] INFO  server.RaftServerConfigKeys (ConfUtils.java:logGet(46)) - raft.server.log.purge.gap = 1000000 (custom)
2022-10-18 06:30:25,003 [pool-145-thread-1] INFO  server.RaftServerConfigKeys (ConfUtils.java:logGet(46)) - raft.server.log.appender.buffer.byte-limit = 33554432 (custom)
2022-10-18 06:30:25,003 [pool-145-thread-1] INFO  server.RaftServerConfigKeys (ConfUtils.java:logGet(46)) - raft.server.log.statemachine.data.read.timeout = 1000ms (default)
2022-10-18 06:30:25,003 [pool-145-thread-1] INFO  server.RaftServerConfigKeys (ConfUtils.java:logGet(46)) - raft.server.log.segment.size.max = 1048576 (custom)
2022-10-18 06:30:25,003 [pool-145-thread-1] INFO  server.RaftServerConfigKeys (ConfUtils.java:logGet(46)) - raft.server.log.segment.cache.num.max = 2 (custom)
2022-10-18 06:30:25,003 [pool-145-thread-1] INFO  server.RaftServerConfigKeys (ConfUtils.java:logGet(46)) - raft.server.log.segment.cache.size.max = 200MB (=209715200) (default)
2022-10-18 06:30:25,003 [pool-145-thread-1] INFO  segmented.SegmentedRaftLogWorker (SegmentedRaftLogWorker.java:<init>(187)) - new 8d40dd4f-9fd4-4768-a502-00d88259605f@group-B134B5651726-SegmentedRaftLogWorker for RaftStorageImpl:Storage Directory /home/runner/work/ozone/ozone/hadoop-ozone/integration-test/target/test-dir/MiniOzoneClusterImpl-489ebd61-a341-4d14-a135-ade311a26152/datanode-1/data/ratis/2404f025-ddc8-46cf-97bb-b134b5651726
2022-10-18 06:30:25,003 [pool-145-thread-1] INFO  server.RaftServerConfigKeys (ConfUtils.java:logGet(46)) - raft.server.log.queue.byte-limit = 4294967296 (custom)
2022-10-18 06:30:25,003 [pool-145-thread-1] INFO  server.RaftServerConfigKeys (ConfUtils.java:logGet(46)) - raft.server.log.queue.element-limit = 1024 (custom)
2022-10-18 06:30:25,003 [pool-145-thread-1] INFO  server.RaftServerConfigKeys (ConfUtils.java:logGet(46)) - raft.server.log.segment.size.max = 1048576 (custom)
2022-10-18 06:30:25,003 [pool-145-thread-1] INFO  server.RaftServerConfigKeys (ConfUtils.java:logGet(46)) - raft.server.log.preallocated.size = 16384 (custom)
2022-10-18 06:30:25,003 [pool-145-thread-1] INFO  server.RaftServerConfigKeys (ConfUtils.java:logGet(46)) - raft.server.log.force.sync.num = 128 (default)
2022-10-18 06:30:25,003 [pool-145-thread-1] INFO  server.RaftServerConfigKeys (ConfUtils.java:logGet(46)) - raft.server.log.statemachine.data.sync = true (default)
2022-10-18 06:30:25,004 [pool-145-thread-1] INFO  server.RaftServerConfigKeys (ConfUtils.java:logGet(46)) - raft.server.log.statemachine.data.sync.timeout = 10s (default)
2022-10-18 06:30:25,004 [pool-145-thread-1] INFO  server.RaftServerConfigKeys (ConfUtils.java:logGet(46)) - raft.server.log.statemachine.data.sync.timeout.retry = -1 (default)
2022-10-18 06:30:25,004 [pool-145-thread-1] INFO  server.RaftServerConfigKeys (ConfUtils.java:logGet(46)) - raft.server.log.write.buffer.size = 1048576 (custom)
2022-10-18 06:30:25,005 [pool-145-thread-1] INFO  server.RaftServerConfigKeys (ConfUtils.java:logGet(46)) - raft.server.log.unsafe-flush.enabled = false (default)
2022-10-18 06:30:25,005 [pool-145-thread-1] INFO  server.RaftServerConfigKeys (ConfUtils.java:logGet(46)) - raft.server.log.statemachine.data.caching.enabled = true (custom)
2022-10-18 06:30:25,005 [pool-145-thread-1] INFO  segmented.SegmentedRaftLogWorker (SegmentedRaftLogWorker.java:lambda$new$0(135)) - 8d40dd4f-9fd4-4768-a502-00d88259605f@group-B134B5651726-SegmentedRaftLogWorker: flushIndex: setUnconditionally 0 -> -1
2022-10-18 06:30:25,005 [pool-145-thread-1] INFO  segmented.SegmentedRaftLogWorker (SegmentedRaftLogWorker.java:lambda$new$0(135)) - 8d40dd4f-9fd4-4768-a502-00d88259605f@group-B134B5651726-SegmentedRaftLogWorker: safeCacheEvictIndex: setUnconditionally 0 -> -1
2022-10-18 06:30:25,005 [pool-145-thread-1] INFO  server.RaftServerConfigKeys (ConfUtils.java:logGet(46)) - raft.server.snapshot.auto.trigger.enabled = true (custom)
2022-10-18 06:30:25,005 [pool-145-thread-1] INFO  server.RaftServerConfigKeys (ConfUtils.java:logGet(46)) - raft.server.snapshot.auto.trigger.threshold = 10000 (custom)
2022-10-18 06:30:25,005 [pool-145-thread-1] INFO  server.RaftServerConfigKeys (ConfUtils.java:logGet(46)) - raft.server.snapshot.retention.file.num = 5 (custom)
2022-10-18 06:30:25,005 [pool-145-thread-1] INFO  server.RaftServerConfigKeys (ConfUtils.java:logGet(46)) - raft.server.log.purge.upto.snapshot.index = false (default)
2022-10-18 06:30:25,005 [pool-145-thread-1] INFO  server.RaftServerConfigKeys (ConfUtils.java:logGet(46)) - raft.server.retrycache.expirytime = 600000ms (custom)
2022-10-18 06:30:25,005 [pool-145-thread-1] INFO  server.RaftServerConfigKeys (ConfUtils.java:logGet(46)) - raft.server.retrycache.statistics.expirytime = 100μs (default)
2022-10-18 06:30:25,008 [pool-145-thread-1] INFO  server.RaftServerConfigKeys (ConfUtils.java:logGet(46)) - raft.server.log.appender.install.snapshot.enabled = false (custom)
2022-10-18 06:30:25,008 [pool-145-thread-1] INFO  server.RaftServerConfigKeys (ConfUtils.java:logGet(46)) - raft.server.threadpool.server.cached = true (default)
2022-10-18 06:30:25,008 [pool-145-thread-1] INFO  server.RaftServerConfigKeys (ConfUtils.java:logGet(46)) - raft.server.threadpool.server.size = 0 (default)
2022-10-18 06:30:25,008 [pool-145-thread-1] INFO  server.RaftServerConfigKeys (ConfUtils.java:logGet(46)) - raft.server.threadpool.client.cached = true (default)
2022-10-18 06:30:25,008 [pool-145-thread-1] INFO  server.RaftServerConfigKeys (ConfUtils.java:logGet(46)) - raft.server.threadpool.client.size = 0 (default)
2022-10-18 06:30:25,008 [pool-145-thread-1] INFO  server.RaftServer$Division (RaftServerImpl.java:start(310)) - 8d40dd4f-9fd4-4768-a502-00d88259605f@group-B134B5651726: start as a follower, conf=-1: [333fb9a0-223e-4e03-84f2-9b3e3da077bc|rpc:10.1.1.164:38805|dataStream:|priority:1, 8d40dd4f-9fd4-4768-a502-00d88259605f|rpc:10.1.1.164:44335|dataStream:|priority:0, f912eaa7-674f-48b0-9650-7db3a734b84f|rpc:10.1.1.164:37695|dataStream:|priority:0], old=null
2022-10-18 06:30:25,008 [pool-145-thread-1] INFO  server.RaftServer$Division (RaftServerImpl.java:setRole(299)) - 8d40dd4f-9fd4-4768-a502-00d88259605f@group-B134B5651726: changes role from      null to FOLLOWER at term 0 for startAsFollower
2022-10-18 06:30:25,009 [pool-145-thread-1] INFO  impl.RoleInfo (RoleInfo.java:updateAndGet(139)) - 8d40dd4f-9fd4-4768-a502-00d88259605f: start 8d40dd4f-9fd4-4768-a502-00d88259605f@group-B134B5651726-FollowerState
2022-10-18 06:30:25,010 [pool-145-thread-1] INFO  util.JmxRegister (JmxRegister.java:tryRegister(44)) - Successfully registered JMX Bean with object name Ratis:service=RaftServer,group=group-B134B5651726,id=8d40dd4f-9fd4-4768-a502-00d88259605f
2022-10-18 06:30:25,023 [Command processor thread] INFO  server.RaftServer (RaftServerProxy.java:addNew(96)) - 8d40dd4f-9fd4-4768-a502-00d88259605f: addNew group-E8060E490464:[8d40dd4f-9fd4-4768-a502-00d88259605f|rpc:10.1.1.164:44335|priority:1] returns group-E8060E490464:java.util.concurrent.CompletableFuture@67c74e96[Not completed]
2022-10-18 06:30:25,025 [pool-145-thread-1] INFO  server.RaftServer$Division (RaftServerImpl.java:<init>(190)) - 8d40dd4f-9fd4-4768-a502-00d88259605f: new RaftServerImpl for group-E8060E490464:[8d40dd4f-9fd4-4768-a502-00d88259605f|rpc:10.1.1.164:44335|priority:1] with ContainerStateMachine:uninitialized
2022-10-18 06:30:25,025 [pool-145-thread-1] INFO  server.RaftServerConfigKeys (ConfUtils.java:logGet(46)) - raft.server.rpc.timeout.min = 5s (custom)
2022-10-18 06:30:25,025 [pool-145-thread-1] INFO  server.RaftServerConfigKeys (ConfUtils.java:logGet(46)) - raft.server.rpc.timeout.max = 5200ms (custom)
2022-10-18 06:30:25,025 [pool-145-thread-1] INFO  server.RaftServerConfigKeys (ConfUtils.java:logGet(46)) - raft.server.rpc.sleep.time = 25ms (default)
2022-10-18 06:30:25,025 [pool-145-thread-1] INFO  server.RaftServerConfigKeys (ConfUtils.java:logGet(46)) - raft.server.rpc.slowness.timeout = 300s (custom)
2022-10-18 06:30:25,025 [pool-145-thread-1] INFO  server.RaftServerConfigKeys (ConfUtils.java:logGet(46)) - raft.server.leaderelection.leader.step-down.wait-time = 10s (default)
2022-10-18 06:30:25,025 [pool-145-thread-1] INFO  server.RaftServerConfigKeys (ConfUtils.java:logGet(46)) - raft.server.sleep.deviation.threshold = 300ms (default)
2022-10-18 06:30:25,026 [pool-145-thread-1] INFO  server.RaftServer$Division (ServerState.java:<init>(107)) - 8d40dd4f-9fd4-4768-a502-00d88259605f@group-E8060E490464: ConfigurationManager, init=-1: [8d40dd4f-9fd4-4768-a502-00d88259605f|rpc:10.1.1.164:44335|priority:1], old=null, confs=<EMPTY_MAP>
2022-10-18 06:30:25,026 [pool-145-thread-1] INFO  server.RaftServerConfigKeys (ConfUtils.java:logGet(46)) - raft.server.storage.dir = [/home/runner/work/ozone/ozone/hadoop-ozone/integration-test/target/test-dir/MiniOzoneClusterImpl-489ebd61-a341-4d14-a135-ade311a26152/datanode-1/data/ratis] (custom)
2022-10-18 06:30:25,026 [pool-145-thread-1] INFO  server.RaftServerConfigKeys (ConfUtils.java:logGet(46)) - raft.server.log.corruption.policy = EXCEPTION (default)
2022-10-18 06:30:25,026 [pool-145-thread-1] INFO  server.RaftServerConfigKeys (ConfUtils.java:logGet(46)) - raft.server.storage.free-space.min = 0MB (=0) (default)
2022-10-18 06:30:25,026 [pool-145-thread-1] INFO  storage.RaftStorageDirectory (RaftStorageDirectoryImpl.java:analyzeStorage(135)) - The storage directory /home/runner/work/ozone/ozone/hadoop-ozone/integration-test/target/test-dir/MiniOzoneClusterImpl-489ebd61-a341-4d14-a135-ade311a26152/datanode-1/data/ratis/d033f1a2-8313-423c-b26b-e8060e490464 does not exist. Creating ...
2022-10-18 06:30:25,027 [pool-145-thread-1] INFO  storage.RaftStorageDirectory (RaftStorageDirectoryImpl.java:tryLock(230)) - Lock on /home/runner/work/ozone/ozone/hadoop-ozone/integration-test/target/test-dir/MiniOzoneClusterImpl-489ebd61-a341-4d14-a135-ade311a26152/datanode-1/data/ratis/d033f1a2-8313-423c-b26b-e8060e490464/in_use.lock acquired by nodename 30337@fv-az241-838
2022-10-18 06:30:25,029 [grpc-default-executor-0] INFO  server.RaftServer (RaftServerProxy.java:addNew(96)) - 333fb9a0-223e-4e03-84f2-9b3e3da077bc: addNew group-B134B5651726:[333fb9a0-223e-4e03-84f2-9b3e3da077bc|rpc:10.1.1.164:38805|dataStream:|priority:1, 8d40dd4f-9fd4-4768-a502-00d88259605f|rpc:10.1.1.164:44335|dataStream:|priority:0, f912eaa7-674f-48b0-9650-7db3a734b84f|rpc:10.1.1.164:37695|dataStream:|priority:0] returns group-B134B5651726:java.util.concurrent.CompletableFuture@1f5d68ca[Not completed]
2022-10-18 06:30:25,030 [pool-168-thread-1] INFO  server.RaftServer$Division (RaftServerImpl.java:<init>(190)) - 333fb9a0-223e-4e03-84f2-9b3e3da077bc: new RaftServerImpl for group-B134B5651726:[333fb9a0-223e-4e03-84f2-9b3e3da077bc|rpc:10.1.1.164:38805|dataStream:|priority:1, 8d40dd4f-9fd4-4768-a502-00d88259605f|rpc:10.1.1.164:44335|dataStream:|priority:0, f912eaa7-674f-48b0-9650-7db3a734b84f|rpc:10.1.1.164:37695|dataStream:|priority:0] with ContainerStateMachine:uninitialized
2022-10-18 06:30:25,030 [pool-168-thread-1] INFO  server.RaftServerConfigKeys (ConfUtils.java:logGet(46)) - raft.server.rpc.timeout.min = 5s (custom)
2022-10-18 06:30:25,030 [pool-168-thread-1] INFO  server.RaftServerConfigKeys (ConfUtils.java:logGet(46)) - raft.server.rpc.timeout.max = 5200ms (custom)
2022-10-18 06:30:25,030 [pool-168-thread-1] INFO  server.RaftServerConfigKeys (ConfUtils.java:logGet(46)) - raft.server.rpc.sleep.time = 25ms (default)
2022-10-18 06:30:25,030 [pool-168-thread-1] INFO  server.RaftServerConfigKeys (ConfUtils.java:logGet(46)) - raft.server.rpc.slowness.timeout = 300s (custom)
2022-10-18 06:30:25,030 [pool-168-thread-1] INFO  server.RaftServerConfigKeys (ConfUtils.java:logGet(46)) - raft.server.leaderelection.leader.step-down.wait-time = 10s (default)
2022-10-18 06:30:25,030 [pool-168-thread-1] INFO  server.RaftServerConfigKeys (ConfUtils.java:logGet(46)) - raft.server.sleep.deviation.threshold = 300ms (default)
2022-10-18 06:30:25,030 [pool-168-thread-1] INFO  server.RaftServer$Division (ServerState.java:<init>(107)) - 333fb9a0-223e-4e03-84f2-9b3e3da077bc@group-B134B5651726: ConfigurationManager, init=-1: [333fb9a0-223e-4e03-84f2-9b3e3da077bc|rpc:10.1.1.164:38805|dataStream:|priority:1, 8d40dd4f-9fd4-4768-a502-00d88259605f|rpc:10.1.1.164:44335|dataStream:|priority:0, f912eaa7-674f-48b0-9650-7db3a734b84f|rpc:10.1.1.164:37695|dataStream:|priority:0], old=null, confs=<EMPTY_MAP>
2022-10-18 06:30:25,030 [pool-168-thread-1] INFO  server.RaftServerConfigKeys (ConfUtils.java:logGet(46)) - raft.server.storage.dir = [/home/runner/work/ozone/ozone/hadoop-ozone/integration-test/target/test-dir/MiniOzoneClusterImpl-489ebd61-a341-4d14-a135-ade311a26152/datanode-2/data/ratis] (custom)
2022-10-18 06:30:25,030 [pool-168-thread-1] INFO  server.RaftServerConfigKeys (ConfUtils.java:logGet(46)) - raft.server.log.corruption.policy = EXCEPTION (default)
2022-10-18 06:30:25,030 [pool-168-thread-1] INFO  server.RaftServerConfigKeys (ConfUtils.java:logGet(46)) - raft.server.storage.free-space.min = 0MB (=0) (default)
2022-10-18 06:30:25,030 [pool-168-thread-1] INFO  storage.RaftStorageDirectory (RaftStorageDirectoryImpl.java:analyzeStorage(135)) - The storage directory /home/runner/work/ozone/ozone/hadoop-ozone/integration-test/target/test-dir/MiniOzoneClusterImpl-489ebd61-a341-4d14-a135-ade311a26152/datanode-2/data/ratis/2404f025-ddc8-46cf-97bb-b134b5651726 does not exist. Creating ...
2022-10-18 06:30:25,031 [pool-145-thread-1] INFO  storage.RaftStorage (RaftStorageImpl.java:format(89)) - Storage directory /home/runner/work/ozone/ozone/hadoop-ozone/integration-test/target/test-dir/MiniOzoneClusterImpl-489ebd61-a341-4d14-a135-ade311a26152/datanode-1/data/ratis/d033f1a2-8313-423c-b26b-e8060e490464 has been successfully formatted.
2022-10-18 06:30:25,031 [pool-168-thread-1] INFO  storage.RaftStorageDirectory (RaftStorageDirectoryImpl.java:tryLock(230)) - Lock on /home/runner/work/ozone/ozone/hadoop-ozone/integration-test/target/test-dir/MiniOzoneClusterImpl-489ebd61-a341-4d14-a135-ade311a26152/datanode-2/data/ratis/2404f025-ddc8-46cf-97bb-b134b5651726/in_use.lock acquired by nodename 30337@fv-az241-838
2022-10-18 06:30:25,032 [pool-145-thread-1] INFO  ratis.ContainerStateMachine (ContainerStateMachine.java:loadSnapshot(236)) - group-E8060E490464: The snapshot info is null. Setting the last applied indexto:(t:0, i:~)
2022-10-18 06:30:25,032 [pool-145-thread-1] INFO  server.RaftServerConfigKeys (ConfUtils.java:logGet(46)) - raft.server.notification.no-leader.timeout = 300s (custom)
2022-10-18 06:30:25,032 [pool-145-thread-1] INFO  server.RaftServerConfigKeys (ConfUtils.java:logGet(46)) - raft.server.log.use.memory = false (default)
2022-10-18 06:30:25,032 [pool-145-thread-1] INFO  server.RaftServerConfigKeys (ConfUtils.java:logGet(46)) - raft.server.log.purge.gap = 1000000 (custom)
2022-10-18 06:30:25,032 [pool-145-thread-1] INFO  server.RaftServerConfigKeys (ConfUtils.java:logGet(46)) - raft.server.log.appender.buffer.byte-limit = 33554432 (custom)
2022-10-18 06:30:25,032 [pool-145-thread-1] INFO  server.RaftServerConfigKeys (ConfUtils.java:logGet(46)) - raft.server.log.statemachine.data.read.timeout = 1000ms (default)
2022-10-18 06:30:25,033 [pool-145-thread-1] INFO  server.RaftServerConfigKeys (ConfUtils.java:logGet(46)) - raft.server.log.segment.size.max = 1048576 (custom)
2022-10-18 06:30:25,033 [pool-145-thread-1] INFO  server.RaftServerConfigKeys (ConfUtils.java:logGet(46)) - raft.server.log.segment.cache.num.max = 2 (custom)
2022-10-18 06:30:25,033 [pool-145-thread-1] INFO  server.RaftServerConfigKeys (ConfUtils.java:logGet(46)) - raft.server.log.segment.cache.size.max = 200MB (=209715200) (default)
2022-10-18 06:30:25,033 [pool-145-thread-1] INFO  segmented.SegmentedRaftLogWorker (SegmentedRaftLogWorker.java:<init>(187)) - new 8d40dd4f-9fd4-4768-a502-00d88259605f@group-E8060E490464-SegmentedRaftLogWorker for RaftStorageImpl:Storage Directory /home/runner/work/ozone/ozone/hadoop-ozone/integration-test/target/test-dir/MiniOzoneClusterImpl-489ebd61-a341-4d14-a135-ade311a26152/datanode-1/data/ratis/d033f1a2-8313-423c-b26b-e8060e490464
2022-10-18 06:30:25,033 [pool-168-thread-1] INFO  storage.RaftStorage (RaftStorageImpl.java:format(89)) - Storage directory /home/runner/work/ozone/ozone/hadoop-ozone/integration-test/target/test-dir/MiniOzoneClusterImpl-489ebd61-a341-4d14-a135-ade311a26152/datanode-2/data/ratis/2404f025-ddc8-46cf-97bb-b134b5651726 has been successfully formatted.
2022-10-18 06:30:25,033 [pool-145-thread-1] INFO  server.RaftServerConfigKeys (ConfUtils.java:logGet(46)) - raft.server.log.queue.byte-limit = 4294967296 (custom)
2022-10-18 06:30:25,034 [pool-145-thread-1] INFO  server.RaftServerConfigKeys (ConfUtils.java:logGet(46)) - raft.server.log.queue.element-limit = 1024 (custom)
2022-10-18 06:30:25,034 [pool-145-thread-1] INFO  server.RaftServerConfigKeys (ConfUtils.java:logGet(46)) - raft.server.log.segment.size.max = 1048576 (custom)
2022-10-18 06:30:25,034 [pool-145-thread-1] INFO  server.RaftServerConfigKeys (ConfUtils.java:logGet(46)) - raft.server.log.preallocated.size = 16384 (custom)
2022-10-18 06:30:25,034 [pool-145-thread-1] INFO  server.RaftServerConfigKeys (ConfUtils.java:logGet(46)) - raft.server.log.force.sync.num = 128 (default)
2022-10-18 06:30:25,034 [pool-145-thread-1] INFO  server.RaftServerConfigKeys (ConfUtils.java:logGet(46)) - raft.server.log.statemachine.data.sync = true (default)
2022-10-18 06:30:25,034 [pool-145-thread-1] INFO  server.RaftServerConfigKeys (ConfUtils.java:logGet(46)) - raft.server.log.statemachine.data.sync.timeout = 10s (default)
2022-10-18 06:30:25,034 [pool-145-thread-1] INFO  server.RaftServerConfigKeys (ConfUtils.java:logGet(46)) - raft.server.log.statemachine.data.sync.timeout.retry = -1 (default)
2022-10-18 06:30:25,034 [pool-168-thread-1] INFO  ratis.ContainerStateMachine (ContainerStateMachine.java:loadSnapshot(236)) - group-B134B5651726: The snapshot info is null. Setting the last applied indexto:(t:0, i:~)
2022-10-18 06:30:25,034 [pool-168-thread-1] INFO  server.RaftServerConfigKeys (ConfUtils.java:logGet(46)) - raft.server.notification.no-leader.timeout = 300s (custom)
2022-10-18 06:30:25,034 [pool-168-thread-1] INFO  server.RaftServerConfigKeys (ConfUtils.java:logGet(46)) - raft.server.log.use.memory = false (default)
2022-10-18 06:30:25,034 [pool-168-thread-1] INFO  server.RaftServerConfigKeys (ConfUtils.java:logGet(46)) - raft.server.log.purge.gap = 1000000 (custom)
2022-10-18 06:30:25,034 [pool-168-thread-1] INFO  server.RaftServerConfigKeys (ConfUtils.java:logGet(46)) - raft.server.log.appender.buffer.byte-limit = 33554432 (custom)
2022-10-18 06:30:25,035 [pool-168-thread-1] INFO  server.RaftServerConfigKeys (ConfUtils.java:logGet(46)) - raft.server.log.statemachine.data.read.timeout = 1000ms (default)
2022-10-18 06:30:25,035 [pool-168-thread-1] INFO  server.RaftServerConfigKeys (ConfUtils.java:logGet(46)) - raft.server.log.segment.size.max = 1048576 (custom)
2022-10-18 06:30:25,035 [pool-168-thread-1] INFO  server.RaftServerConfigKeys (ConfUtils.java:logGet(46)) - raft.server.log.segment.cache.num.max = 2 (custom)
2022-10-18 06:30:25,035 [pool-168-thread-1] INFO  server.RaftServerConfigKeys (ConfUtils.java:logGet(46)) - raft.server.log.segment.cache.size.max = 200MB (=209715200) (default)
2022-10-18 06:30:25,035 [pool-168-thread-1] INFO  segmented.SegmentedRaftLogWorker (SegmentedRaftLogWorker.java:<init>(187)) - new 333fb9a0-223e-4e03-84f2-9b3e3da077bc@group-B134B5651726-SegmentedRaftLogWorker for RaftStorageImpl:Storage Directory /home/runner/work/ozone/ozone/hadoop-ozone/integration-test/target/test-dir/MiniOzoneClusterImpl-489ebd61-a341-4d14-a135-ade311a26152/datanode-2/data/ratis/2404f025-ddc8-46cf-97bb-b134b5651726
2022-10-18 06:30:25,035 [pool-168-thread-1] INFO  server.RaftServerConfigKeys (ConfUtils.java:logGet(46)) - raft.server.log.queue.byte-limit = 4294967296 (custom)
2022-10-18 06:30:25,035 [pool-168-thread-1] INFO  server.RaftServerConfigKeys (ConfUtils.java:logGet(46)) - raft.server.log.queue.element-limit = 1024 (custom)
2022-10-18 06:30:25,035 [pool-168-thread-1] INFO  server.RaftServerConfigKeys (ConfUtils.java:logGet(46)) - raft.server.log.segment.size.max = 1048576 (custom)
2022-10-18 06:30:25,035 [pool-168-thread-1] INFO  server.RaftServerConfigKeys (ConfUtils.java:logGet(46)) - raft.server.log.preallocated.size = 16384 (custom)
2022-10-18 06:30:25,035 [pool-168-thread-1] INFO  server.RaftServerConfigKeys (ConfUtils.java:logGet(46)) - raft.server.log.force.sync.num = 128 (default)
2022-10-18 06:30:25,035 [pool-168-thread-1] INFO  server.RaftServerConfigKeys (ConfUtils.java:logGet(46)) - raft.server.log.statemachine.data.sync = true (default)
2022-10-18 06:30:25,035 [pool-168-thread-1] INFO  server.RaftServerConfigKeys (ConfUtils.java:logGet(46)) - raft.server.log.statemachine.data.sync.timeout = 10s (default)
2022-10-18 06:30:25,035 [pool-168-thread-1] INFO  server.RaftServerConfigKeys (ConfUtils.java:logGet(46)) - raft.server.log.statemachine.data.sync.timeout.retry = -1 (default)
2022-10-18 06:30:25,036 [pool-168-thread-1] INFO  server.RaftServerConfigKeys (ConfUtils.java:logGet(46)) - raft.server.log.write.buffer.size = 1048576 (custom)
2022-10-18 06:30:25,036 [pool-168-thread-1] INFO  server.RaftServerConfigKeys (ConfUtils.java:logGet(46)) - raft.server.log.unsafe-flush.enabled = false (default)
2022-10-18 06:30:25,036 [pool-168-thread-1] INFO  server.RaftServerConfigKeys (ConfUtils.java:logGet(46)) - raft.server.log.statemachine.data.caching.enabled = true (custom)
2022-10-18 06:30:25,036 [pool-168-thread-1] INFO  segmented.SegmentedRaftLogWorker (SegmentedRaftLogWorker.java:lambda$new$0(135)) - 333fb9a0-223e-4e03-84f2-9b3e3da077bc@group-B134B5651726-SegmentedRaftLogWorker: flushIndex: setUnconditionally 0 -> -1
2022-10-18 06:30:25,036 [pool-168-thread-1] INFO  segmented.SegmentedRaftLogWorker (SegmentedRaftLogWorker.java:lambda$new$0(135)) - 333fb9a0-223e-4e03-84f2-9b3e3da077bc@group-B134B5651726-SegmentedRaftLogWorker: safeCacheEvictIndex: setUnconditionally 0 -> -1
2022-10-18 06:30:25,037 [EventQueue-PipelineReportForPipelineReportHandler] INFO  pipeline.PipelineManagerImpl (PipelineManagerImpl.java:openPipeline(367)) - Pipeline Pipeline[ Id: d033f1a2-8313-423c-b26b-e8060e490464, Nodes: 8d40dd4f-9fd4-4768-a502-00d88259605f{ip: 10.1.1.164, host: fv-az241-838.2tfxs3cvuluejhi1wdm4o5ef4c.bx.internal.cloudapp.net, ports: [REPLICATION=46333, RATIS=44335, RATIS_ADMIN=44335, RATIS_SERVER=44335, STANDALONE=44949], networkLocation: /default-rack, certSerialId: null, persistedOpState: IN_SERVICE, persistedOpStateExpiryEpochSec: 0}, ReplicationConfig: RATIS/ONE, State:ALLOCATED, leaderId:8d40dd4f-9fd4-4768-a502-00d88259605f, CreationTimestamp2022-10-18T06:30:22.030Z[Etc/UTC]] moved to OPEN state
2022-10-18 06:30:25,038 [EventQueue-OpenPipelineForHealthyPipelineSafeModeRule] INFO  safemode.SCMSafeModeManager (HealthyPipelineSafeModeRule.java:process(137)) - SCM in safe mode. Healthy pipelines reported count is 0, required healthy pipeline reported count is 1
2022-10-18 06:30:25,046 [pool-145-thread-1] INFO  server.RaftServerConfigKeys (ConfUtils.java:logGet(46)) - raft.server.log.write.buffer.size = 1048576 (custom)
2022-10-18 06:30:25,046 [pool-168-thread-1] INFO  server.RaftServerConfigKeys (ConfUtils.java:logGet(46)) - raft.server.snapshot.auto.trigger.enabled = true (custom)
2022-10-18 06:30:25,048 [pool-168-thread-1] INFO  server.RaftServerConfigKeys (ConfUtils.java:logGet(46)) - raft.server.snapshot.auto.trigger.threshold = 10000 (custom)
2022-10-18 06:30:25,048 [pool-168-thread-1] INFO  server.RaftServerConfigKeys (ConfUtils.java:logGet(46)) - raft.server.snapshot.retention.file.num = 5 (custom)
2022-10-18 06:30:25,048 [pool-168-thread-1] INFO  server.RaftServerConfigKeys (ConfUtils.java:logGet(46)) - raft.server.log.purge.upto.snapshot.index = false (default)
2022-10-18 06:30:25,048 [pool-168-thread-1] INFO  server.RaftServerConfigKeys (ConfUtils.java:logGet(46)) - raft.server.retrycache.expirytime = 600000ms (custom)
2022-10-18 06:30:25,048 [pool-168-thread-1] INFO  server.RaftServerConfigKeys (ConfUtils.java:logGet(46)) - raft.server.retrycache.statistics.expirytime = 100μs (default)
2022-10-18 06:30:25,049 [pool-145-thread-1] INFO  server.RaftServerConfigKeys (ConfUtils.java:logGet(46)) - raft.server.log.unsafe-flush.enabled = false (default)
2022-10-18 06:30:25,049 [pool-145-thread-1] INFO  server.RaftServerConfigKeys (ConfUtils.java:logGet(46)) - raft.server.log.statemachine.data.caching.enabled = true (custom)
2022-10-18 06:30:25,049 [pool-145-thread-1] INFO  segmented.SegmentedRaftLogWorker (SegmentedRaftLogWorker.java:lambda$new$0(135)) - 8d40dd4f-9fd4-4768-a502-00d88259605f@group-E8060E490464-SegmentedRaftLogWorker: flushIndex: setUnconditionally 0 -> -1
2022-10-18 06:30:25,049 [pool-145-thread-1] INFO  segmented.SegmentedRaftLogWorker (SegmentedRaftLogWorker.java:lambda$new$0(135)) - 8d40dd4f-9fd4-4768-a502-00d88259605f@group-E8060E490464-SegmentedRaftLogWorker: safeCacheEvictIndex: setUnconditionally 0 -> -1
2022-10-18 06:30:25,049 [pool-145-thread-1] INFO  server.RaftServerConfigKeys (ConfUtils.java:logGet(46)) - raft.server.snapshot.auto.trigger.enabled = true (custom)
2022-10-18 06:30:25,049 [pool-168-thread-1] INFO  server.RaftServerConfigKeys (ConfUtils.java:logGet(46)) - raft.server.log.appender.install.snapshot.enabled = false (custom)
2022-10-18 06:30:25,049 [pool-145-thread-1] INFO  server.RaftServerConfigKeys (ConfUtils.java:logGet(46)) - raft.server.snapshot.auto.trigger.threshold = 10000 (custom)
2022-10-18 06:30:25,049 [pool-145-thread-1] INFO  server.RaftServerConfigKeys (ConfUtils.java:logGet(46)) - raft.server.snapshot.retention.file.num = 5 (custom)
2022-10-18 06:30:25,049 [pool-145-thread-1] INFO  server.RaftServerConfigKeys (ConfUtils.java:logGet(46)) - raft.server.log.purge.upto.snapshot.index = false (default)
2022-10-18 06:30:25,049 [pool-145-thread-1] INFO  server.RaftServerConfigKeys (ConfUtils.java:logGet(46)) - raft.server.retrycache.expirytime = 600000ms (custom)
2022-10-18 06:30:25,050 [pool-145-thread-1] INFO  server.RaftServerConfigKeys (ConfUtils.java:logGet(46)) - raft.server.retrycache.statistics.expirytime = 100μs (default)
2022-10-18 06:30:25,050 [pool-145-thread-1] INFO  server.RaftServerConfigKeys (ConfUtils.java:logGet(46)) - raft.server.log.appender.install.snapshot.enabled = false (custom)
2022-10-18 06:30:25,050 [pool-145-thread-1] INFO  server.RaftServerConfigKeys (ConfUtils.java:logGet(46)) - raft.server.threadpool.server.cached = true (default)
2022-10-18 06:30:25,050 [pool-145-thread-1] INFO  server.RaftServerConfigKeys (ConfUtils.java:logGet(46)) - raft.server.threadpool.server.size = 0 (default)
2022-10-18 06:30:25,050 [pool-145-thread-1] INFO  server.RaftServerConfigKeys (ConfUtils.java:logGet(46)) - raft.server.threadpool.client.cached = true (default)
2022-10-18 06:30:25,050 [pool-145-thread-1] INFO  server.RaftServerConfigKeys (ConfUtils.java:logGet(46)) - raft.server.threadpool.client.size = 0 (default)
2022-10-18 06:30:25,051 [pool-145-thread-1] INFO  server.RaftServer$Division (RaftServerImpl.java:start(310)) - 8d40dd4f-9fd4-4768-a502-00d88259605f@group-E8060E490464: start as a follower, conf=-1: [8d40dd4f-9fd4-4768-a502-00d88259605f|rpc:10.1.1.164:44335|priority:1], old=null
2022-10-18 06:30:25,051 [pool-145-thread-1] INFO  server.RaftServer$Division (RaftServerImpl.java:setRole(299)) - 8d40dd4f-9fd4-4768-a502-00d88259605f@group-E8060E490464: changes role from      null to FOLLOWER at term 0 for startAsFollower
2022-10-18 06:30:25,051 [pool-145-thread-1] INFO  impl.RoleInfo (RoleInfo.java:updateAndGet(139)) - 8d40dd4f-9fd4-4768-a502-00d88259605f: start 8d40dd4f-9fd4-4768-a502-00d88259605f@group-E8060E490464-FollowerState
2022-10-18 06:30:25,049 [pool-168-thread-1] INFO  server.RaftServerConfigKeys (ConfUtils.java:logGet(46)) - raft.server.threadpool.server.cached = true (default)
2022-10-18 06:30:25,051 [pool-168-thread-1] INFO  server.RaftServerConfigKeys (ConfUtils.java:logGet(46)) - raft.server.threadpool.server.size = 0 (default)
2022-10-18 06:30:25,051 [pool-168-thread-1] INFO  server.RaftServerConfigKeys (ConfUtils.java:logGet(46)) - raft.server.threadpool.client.cached = true (default)
2022-10-18 06:30:25,051 [pool-168-thread-1] INFO  server.RaftServerConfigKeys (ConfUtils.java:logGet(46)) - raft.server.threadpool.client.size = 0 (default)
2022-10-18 06:30:25,052 [pool-168-thread-1] INFO  server.RaftServer$Division (RaftServerImpl.java:start(310)) - 333fb9a0-223e-4e03-84f2-9b3e3da077bc@group-B134B5651726: start as a follower, conf=-1: [333fb9a0-223e-4e03-84f2-9b3e3da077bc|rpc:10.1.1.164:38805|dataStream:|priority:1, 8d40dd4f-9fd4-4768-a502-00d88259605f|rpc:10.1.1.164:44335|dataStream:|priority:0, f912eaa7-674f-48b0-9650-7db3a734b84f|rpc:10.1.1.164:37695|dataStream:|priority:0], old=null
2022-10-18 06:30:25,052 [pool-168-thread-1] INFO  server.RaftServer$Division (RaftServerImpl.java:setRole(299)) - 333fb9a0-223e-4e03-84f2-9b3e3da077bc@group-B134B5651726: changes role from      null to FOLLOWER at term 0 for startAsFollower
2022-10-18 06:30:25,052 [pool-145-thread-1] INFO  util.JmxRegister (JmxRegister.java:tryRegister(44)) - Successfully registered JMX Bean with object name Ratis:service=RaftServer,group=group-E8060E490464,id=8d40dd4f-9fd4-4768-a502-00d88259605f
2022-10-18 06:30:25,053 [pool-168-thread-1] INFO  impl.RoleInfo (RoleInfo.java:updateAndGet(139)) - 333fb9a0-223e-4e03-84f2-9b3e3da077bc: start 333fb9a0-223e-4e03-84f2-9b3e3da077bc@group-B134B5651726-FollowerState
2022-10-18 06:30:25,053 [Command processor thread] INFO  ratis.XceiverServerRatis (XceiverServerRatis.java:addGroup(765)) - Created group PipelineID=d033f1a2-8313-423c-b26b-e8060e490464
2022-10-18 06:30:25,053 [Command processor thread] INFO  commandhandler.CreatePipelineCommandHandler (CreatePipelineCommandHandler.java:handle(113)) - Created Pipeline RATIS ONE PipelineID=d033f1a2-8313-423c-b26b-e8060e490464.
2022-10-18 06:30:25,054 [pool-168-thread-1] INFO  util.JmxRegister (JmxRegister.java:tryRegister(44)) - Successfully registered JMX Bean with object name Ratis:service=RaftServer,group=group-B134B5651726,id=333fb9a0-223e-4e03-84f2-9b3e3da077bc
2022-10-18 06:30:25,065 [Command processor thread] INFO  commandhandler.CreatePipelineCommandHandler (CreatePipelineCommandHandler.java:handle(113)) - Created Pipeline RATIS THREE PipelineID=2404f025-ddc8-46cf-97bb-b134b5651726.
2022-10-18 06:30:25,328 [Listener at 127.0.0.1/45465] INFO  ozone.MiniOzoneClusterImpl (MiniOzoneClusterImpl.java:lambda$waitForClusterToBeReady$0(216)) - Nodes are ready. Got 3 of 3 DN Heartbeats.
2022-10-18 06:30:25,328 [Listener at 127.0.0.1/45465] INFO  ozone.MiniOzoneClusterImpl (MiniOzoneClusterImpl.java:lambda$waitForClusterToBeReady$0(219)) - Waiting for cluster to exit safe mode
2022-10-18 06:30:25,328 [Listener at 127.0.0.1/45465] INFO  ozone.MiniOzoneClusterImpl (MiniOzoneClusterImpl.java:lambda$waitForClusterToBeReady$0(221)) - SCM became leader
2022-10-18 06:30:25,332 [Command processor thread] INFO  server.RaftServer (RaftServerProxy.java:addNew(96)) - 333fb9a0-223e-4e03-84f2-9b3e3da077bc: addNew group-05D64046F8CA:[333fb9a0-223e-4e03-84f2-9b3e3da077bc|rpc:10.1.1.164:38805|priority:1] returns group-05D64046F8CA:java.util.concurrent.CompletableFuture@4e394107[Not completed]
2022-10-18 06:30:25,333 [pool-168-thread-1] INFO  server.RaftServer$Division (RaftServerImpl.java:<init>(190)) - 333fb9a0-223e-4e03-84f2-9b3e3da077bc: new RaftServerImpl for group-05D64046F8CA:[333fb9a0-223e-4e03-84f2-9b3e3da077bc|rpc:10.1.1.164:38805|priority:1] with ContainerStateMachine:uninitialized
2022-10-18 06:30:25,334 [pool-168-thread-1] INFO  server.RaftServerConfigKeys (ConfUtils.java:logGet(46)) - raft.server.rpc.timeout.min = 5s (custom)
2022-10-18 06:30:25,334 [pool-168-thread-1] INFO  server.RaftServerConfigKeys (ConfUtils.java:logGet(46)) - raft.server.rpc.timeout.max = 5200ms (custom)
2022-10-18 06:30:25,334 [pool-168-thread-1] INFO  server.RaftServerConfigKeys (ConfUtils.java:logGet(46)) - raft.server.rpc.sleep.time = 25ms (default)
2022-10-18 06:30:25,334 [pool-168-thread-1] INFO  server.RaftServerConfigKeys (ConfUtils.java:logGet(46)) - raft.server.rpc.slowness.timeout = 300s (custom)
2022-10-18 06:30:25,334 [pool-168-thread-1] INFO  server.RaftServerConfigKeys (ConfUtils.java:logGet(46)) - raft.server.leaderelection.leader.step-down.wait-time = 10s (default)
2022-10-18 06:30:25,334 [pool-168-thread-1] INFO  server.RaftServerConfigKeys (ConfUtils.java:logGet(46)) - raft.server.sleep.deviation.threshold = 300ms (default)
2022-10-18 06:30:25,334 [pool-168-thread-1] INFO  server.RaftServer$Division (ServerState.java:<init>(107)) - 333fb9a0-223e-4e03-84f2-9b3e3da077bc@group-05D64046F8CA: ConfigurationManager, init=-1: [333fb9a0-223e-4e03-84f2-9b3e3da077bc|rpc:10.1.1.164:38805|priority:1], old=null, confs=<EMPTY_MAP>
2022-10-18 06:30:25,334 [pool-168-thread-1] INFO  server.RaftServerConfigKeys (ConfUtils.java:logGet(46)) - raft.server.storage.dir = [/home/runner/work/ozone/ozone/hadoop-ozone/integration-test/target/test-dir/MiniOzoneClusterImpl-489ebd61-a341-4d14-a135-ade311a26152/datanode-2/data/ratis] (custom)
2022-10-18 06:30:25,334 [pool-168-thread-1] INFO  server.RaftServerConfigKeys (ConfUtils.java:logGet(46)) - raft.server.log.corruption.policy = EXCEPTION (default)
2022-10-18 06:30:25,334 [pool-168-thread-1] INFO  server.RaftServerConfigKeys (ConfUtils.java:logGet(46)) - raft.server.storage.free-space.min = 0MB (=0) (default)
2022-10-18 06:30:25,334 [pool-168-thread-1] INFO  storage.RaftStorageDirectory (RaftStorageDirectoryImpl.java:analyzeStorage(135)) - The storage directory /home/runner/work/ozone/ozone/hadoop-ozone/integration-test/target/test-dir/MiniOzoneClusterImpl-489ebd61-a341-4d14-a135-ade311a26152/datanode-2/data/ratis/1958a87d-9d39-4434-978e-05d64046f8ca does not exist. Creating ...
2022-10-18 06:30:25,335 [pool-168-thread-1] INFO  storage.RaftStorageDirectory (RaftStorageDirectoryImpl.java:tryLock(230)) - Lock on /home/runner/work/ozone/ozone/hadoop-ozone/integration-test/target/test-dir/MiniOzoneClusterImpl-489ebd61-a341-4d14-a135-ade311a26152/datanode-2/data/ratis/1958a87d-9d39-4434-978e-05d64046f8ca/in_use.lock acquired by nodename 30337@fv-az241-838
2022-10-18 06:30:25,336 [pool-168-thread-1] INFO  storage.RaftStorage (RaftStorageImpl.java:format(89)) - Storage directory /home/runner/work/ozone/ozone/hadoop-ozone/integration-test/target/test-dir/MiniOzoneClusterImpl-489ebd61-a341-4d14-a135-ade311a26152/datanode-2/data/ratis/1958a87d-9d39-4434-978e-05d64046f8ca has been successfully formatted.
2022-10-18 06:30:25,338 [pool-168-thread-1] INFO  ratis.ContainerStateMachine (ContainerStateMachine.java:loadSnapshot(236)) - group-05D64046F8CA: The snapshot info is null. Setting the last applied indexto:(t:0, i:~)
2022-10-18 06:30:25,338 [pool-168-thread-1] INFO  server.RaftServerConfigKeys (ConfUtils.java:logGet(46)) - raft.server.notification.no-leader.timeout = 300s (custom)
2022-10-18 06:30:25,338 [pool-168-thread-1] INFO  server.RaftServerConfigKeys (ConfUtils.java:logGet(46)) - raft.server.log.use.memory = false (default)
2022-10-18 06:30:25,338 [pool-168-thread-1] INFO  server.RaftServerConfigKeys (ConfUtils.java:logGet(46)) - raft.server.log.purge.gap = 1000000 (custom)
2022-10-18 06:30:25,339 [pool-168-thread-1] INFO  server.RaftServerConfigKeys (ConfUtils.java:logGet(46)) - raft.server.log.appender.buffer.byte-limit = 33554432 (custom)
2022-10-18 06:30:25,339 [pool-168-thread-1] INFO  server.RaftServerConfigKeys (ConfUtils.java:logGet(46)) - raft.server.log.statemachine.data.read.timeout = 1000ms (default)
2022-10-18 06:30:25,339 [pool-168-thread-1] INFO  server.RaftServerConfigKeys (ConfUtils.java:logGet(46)) - raft.server.log.segment.size.max = 1048576 (custom)
2022-10-18 06:30:25,339 [pool-168-thread-1] INFO  server.RaftServerConfigKeys (ConfUtils.java:logGet(46)) - raft.server.log.segment.cache.num.max = 2 (custom)
2022-10-18 06:30:25,339 [pool-168-thread-1] INFO  server.RaftServerConfigKeys (ConfUtils.java:logGet(46)) - raft.server.log.segment.cache.size.max = 200MB (=209715200) (default)
2022-10-18 06:30:25,339 [pool-168-thread-1] INFO  segmented.SegmentedRaftLogWorker (SegmentedRaftLogWorker.java:<init>(187)) - new 333fb9a0-223e-4e03-84f2-9b3e3da077bc@group-05D64046F8CA-SegmentedRaftLogWorker for RaftStorageImpl:Storage Directory /home/runner/work/ozone/ozone/hadoop-ozone/integration-test/target/test-dir/MiniOzoneClusterImpl-489ebd61-a341-4d14-a135-ade311a26152/datanode-2/data/ratis/1958a87d-9d39-4434-978e-05d64046f8ca
2022-10-18 06:30:25,339 [pool-168-thread-1] INFO  server.RaftServerConfigKeys (ConfUtils.java:logGet(46)) - raft.server.log.queue.byte-limit = 4294967296 (custom)
2022-10-18 06:30:25,339 [pool-168-thread-1] INFO  server.RaftServerConfigKeys (ConfUtils.java:logGet(46)) - raft.server.log.queue.element-limit = 1024 (custom)
2022-10-18 06:30:25,339 [pool-168-thread-1] INFO  server.RaftServerConfigKeys (ConfUtils.java:logGet(46)) - raft.server.log.segment.size.max = 1048576 (custom)
2022-10-18 06:30:25,339 [pool-168-thread-1] INFO  server.RaftServerConfigKeys (ConfUtils.java:logGet(46)) - raft.server.log.preallocated.size = 16384 (custom)
2022-10-18 06:30:25,340 [pool-168-thread-1] INFO  server.RaftServerConfigKeys (ConfUtils.java:logGet(46)) - raft.server.log.force.sync.num = 128 (default)
2022-10-18 06:30:25,340 [pool-168-thread-1] INFO  server.RaftServerConfigKeys (ConfUtils.java:logGet(46)) - raft.server.log.statemachine.data.sync = true (default)
2022-10-18 06:30:25,340 [pool-168-thread-1] INFO  server.RaftServerConfigKeys (ConfUtils.java:logGet(46)) - raft.server.log.statemachine.data.sync.timeout = 10s (default)
2022-10-18 06:30:25,340 [pool-168-thread-1] INFO  server.RaftServerConfigKeys (ConfUtils.java:logGet(46)) - raft.server.log.statemachine.data.sync.timeout.retry = -1 (default)
2022-10-18 06:30:25,340 [EventQueue-PipelineReportForPipelineReportHandler] INFO  pipeline.PipelineManagerImpl (PipelineManagerImpl.java:openPipeline(367)) - Pipeline Pipeline[ Id: 1958a87d-9d39-4434-978e-05d64046f8ca, Nodes: 333fb9a0-223e-4e03-84f2-9b3e3da077bc{ip: 10.1.1.164, host: fv-az241-838.2tfxs3cvuluejhi1wdm4o5ef4c.bx.internal.cloudapp.net, ports: [REPLICATION=40771, RATIS=38805, RATIS_ADMIN=38805, RATIS_SERVER=38805, STANDALONE=45603], networkLocation: /default-rack, certSerialId: null, persistedOpState: IN_SERVICE, persistedOpStateExpiryEpochSec: 0}, ReplicationConfig: RATIS/ONE, State:ALLOCATED, leaderId:333fb9a0-223e-4e03-84f2-9b3e3da077bc, CreationTimestamp2022-10-18T06:30:22.337Z[Etc/UTC]] moved to OPEN state
2022-10-18 06:30:25,340 [EventQueue-OpenPipelineForHealthyPipelineSafeModeRule] INFO  safemode.SCMSafeModeManager (HealthyPipelineSafeModeRule.java:process(137)) - SCM in safe mode. Healthy pipelines reported count is 0, required healthy pipeline reported count is 1
2022-10-18 06:30:25,340 [pool-168-thread-1] INFO  server.RaftServerConfigKeys (ConfUtils.java:logGet(46)) - raft.server.log.write.buffer.size = 1048576 (custom)
2022-10-18 06:30:25,342 [pool-168-thread-1] INFO  server.RaftServerConfigKeys (ConfUtils.java:logGet(46)) - raft.server.log.unsafe-flush.enabled = false (default)
2022-10-18 06:30:25,342 [pool-168-thread-1] INFO  server.RaftServerConfigKeys (ConfUtils.java:logGet(46)) - raft.server.log.statemachine.data.caching.enabled = true (custom)
2022-10-18 06:30:25,342 [pool-168-thread-1] INFO  segmented.SegmentedRaftLogWorker (SegmentedRaftLogWorker.java:lambda$new$0(135)) - 333fb9a0-223e-4e03-84f2-9b3e3da077bc@group-05D64046F8CA-SegmentedRaftLogWorker: flushIndex: setUnconditionally 0 -> -1
2022-10-18 06:30:25,342 [pool-168-thread-1] INFO  segmented.SegmentedRaftLogWorker (SegmentedRaftLogWorker.java:lambda$new$0(135)) - 333fb9a0-223e-4e03-84f2-9b3e3da077bc@group-05D64046F8CA-SegmentedRaftLogWorker: safeCacheEvictIndex: setUnconditionally 0 -> -1
2022-10-18 06:30:25,343 [pool-168-thread-1] INFO  server.RaftServerConfigKeys (ConfUtils.java:logGet(46)) - raft.server.snapshot.auto.trigger.enabled = true (custom)
2022-10-18 06:30:25,343 [pool-168-thread-1] INFO  server.RaftServerConfigKeys (ConfUtils.java:logGet(46)) - raft.server.snapshot.auto.trigger.threshold = 10000 (custom)
2022-10-18 06:30:25,343 [pool-168-thread-1] INFO  server.RaftServerConfigKeys (ConfUtils.java:logGet(46)) - raft.server.snapshot.retention.file.num = 5 (custom)
2022-10-18 06:30:25,343 [pool-168-thread-1] INFO  server.RaftServerConfigKeys (ConfUtils.java:logGet(46)) - raft.server.log.purge.upto.snapshot.index = false (default)
2022-10-18 06:30:25,343 [pool-168-thread-1] INFO  server.RaftServerConfigKeys (ConfUtils.java:logGet(46)) - raft.server.retrycache.expirytime = 600000ms (custom)
2022-10-18 06:30:25,343 [pool-168-thread-1] INFO  server.RaftServerConfigKeys (ConfUtils.java:logGet(46)) - raft.server.retrycache.statistics.expirytime = 100μs (default)
2022-10-18 06:30:25,344 [pool-168-thread-1] INFO  server.RaftServerConfigKeys (ConfUtils.java:logGet(46)) - raft.server.log.appender.install.snapshot.enabled = false (custom)
2022-10-18 06:30:25,344 [pool-168-thread-1] INFO  server.RaftServerConfigKeys (ConfUtils.java:logGet(46)) - raft.server.threadpool.server.cached = true (default)
2022-10-18 06:30:25,344 [pool-168-thread-1] INFO  server.RaftServerConfigKeys (ConfUtils.java:logGet(46)) - raft.server.threadpool.server.size = 0 (default)
2022-10-18 06:30:25,344 [pool-168-thread-1] INFO  server.RaftServerConfigKeys (ConfUtils.java:logGet(46)) - raft.server.threadpool.client.cached = true (default)
2022-10-18 06:30:25,344 [pool-168-thread-1] INFO  server.RaftServerConfigKeys (ConfUtils.java:logGet(46)) - raft.server.threadpool.client.size = 0 (default)
2022-10-18 06:30:25,344 [pool-168-thread-1] INFO  server.RaftServer$Division (RaftServerImpl.java:start(310)) - 333fb9a0-223e-4e03-84f2-9b3e3da077bc@group-05D64046F8CA: start as a follower, conf=-1: [333fb9a0-223e-4e03-84f2-9b3e3da077bc|rpc:10.1.1.164:38805|priority:1], old=null
2022-10-18 06:30:25,344 [pool-168-thread-1] INFO  server.RaftServer$Division (RaftServerImpl.java:setRole(299)) - 333fb9a0-223e-4e03-84f2-9b3e3da077bc@group-05D64046F8CA: changes role from      null to FOLLOWER at term 0 for startAsFollower
2022-10-18 06:30:25,344 [pool-168-thread-1] INFO  impl.RoleInfo (RoleInfo.java:updateAndGet(139)) - 333fb9a0-223e-4e03-84f2-9b3e3da077bc: start 333fb9a0-223e-4e03-84f2-9b3e3da077bc@group-05D64046F8CA-FollowerState
2022-10-18 06:30:25,344 [pool-168-thread-1] INFO  util.JmxRegister (JmxRegister.java:tryRegister(44)) - Successfully registered JMX Bean with object name Ratis:service=RaftServer,group=group-05D64046F8CA,id=333fb9a0-223e-4e03-84f2-9b3e3da077bc
2022-10-18 06:30:25,346 [Command processor thread] INFO  ratis.XceiverServerRatis (XceiverServerRatis.java:addGroup(765)) - Created group PipelineID=1958a87d-9d39-4434-978e-05d64046f8ca
2022-10-18 06:30:25,346 [Command processor thread] INFO  commandhandler.CreatePipelineCommandHandler (CreatePipelineCommandHandler.java:handle(113)) - Created Pipeline RATIS ONE PipelineID=1958a87d-9d39-4434-978e-05d64046f8ca.
2022-10-18 06:30:26,328 [Listener at 127.0.0.1/45465] INFO  ozone.MiniOzoneClusterImpl (MiniOzoneClusterImpl.java:lambda$waitForClusterToBeReady$0(216)) - Nodes are ready. Got 3 of 3 DN Heartbeats.
2022-10-18 06:30:26,329 [Listener at 127.0.0.1/45465] INFO  ozone.MiniOzoneClusterImpl (MiniOzoneClusterImpl.java:lambda$waitForClusterToBeReady$0(219)) - Waiting for cluster to exit safe mode
2022-10-18 06:30:26,329 [Listener at 127.0.0.1/45465] INFO  ozone.MiniOzoneClusterImpl (MiniOzoneClusterImpl.java:lambda$waitForClusterToBeReady$0(221)) - SCM became leader
2022-10-18 06:30:27,329 [Listener at 127.0.0.1/45465] INFO  ozone.MiniOzoneClusterImpl (MiniOzoneClusterImpl.java:lambda$waitForClusterToBeReady$0(216)) - Nodes are ready. Got 3 of 3 DN Heartbeats.
2022-10-18 06:30:27,329 [Listener at 127.0.0.1/45465] INFO  ozone.MiniOzoneClusterImpl (MiniOzoneClusterImpl.java:lambda$waitForClusterToBeReady$0(219)) - Waiting for cluster to exit safe mode
2022-10-18 06:30:27,329 [Listener at 127.0.0.1/45465] INFO  ozone.MiniOzoneClusterImpl (MiniOzoneClusterImpl.java:lambda$waitForClusterToBeReady$0(221)) - SCM became leader
2022-10-18 06:30:28,330 [Listener at 127.0.0.1/45465] INFO  ozone.MiniOzoneClusterImpl (MiniOzoneClusterImpl.java:lambda$waitForClusterToBeReady$0(216)) - Nodes are ready. Got 3 of 3 DN Heartbeats.
2022-10-18 06:30:28,330 [Listener at 127.0.0.1/45465] INFO  ozone.MiniOzoneClusterImpl (MiniOzoneClusterImpl.java:lambda$waitForClusterToBeReady$0(219)) - Waiting for cluster to exit safe mode
2022-10-18 06:30:28,330 [Listener at 127.0.0.1/45465] INFO  ozone.MiniOzoneClusterImpl (MiniOzoneClusterImpl.java:lambda$waitForClusterToBeReady$0(221)) - SCM became leader
2022-10-18 06:30:29,330 [Listener at 127.0.0.1/45465] INFO  ozone.MiniOzoneClusterImpl (MiniOzoneClusterImpl.java:lambda$waitForClusterToBeReady$0(216)) - Nodes are ready. Got 3 of 3 DN Heartbeats.
2022-10-18 06:30:29,331 [Listener at 127.0.0.1/45465] INFO  ozone.MiniOzoneClusterImpl (MiniOzoneClusterImpl.java:lambda$waitForClusterToBeReady$0(219)) - Waiting for cluster to exit safe mode
2022-10-18 06:30:29,331 [Listener at 127.0.0.1/45465] INFO  ozone.MiniOzoneClusterImpl (MiniOzoneClusterImpl.java:lambda$waitForClusterToBeReady$0(221)) - SCM became leader
2022-10-18 06:30:29,779 [f912eaa7-674f-48b0-9650-7db3a734b84f@group-6617C595C955-FollowerState] INFO  impl.FollowerState (FollowerState.java:run(143)) - f912eaa7-674f-48b0-9650-7db3a734b84f@group-6617C595C955-FollowerState: change to CANDIDATE, lastRpcElapsedTime:5013715846ns, electionTimeout:5005ms
2022-10-18 06:30:29,779 [f912eaa7-674f-48b0-9650-7db3a734b84f@group-6617C595C955-FollowerState] INFO  impl.RoleInfo (RoleInfo.java:shutdownFollowerState(110)) - f912eaa7-674f-48b0-9650-7db3a734b84f: shutdown f912eaa7-674f-48b0-9650-7db3a734b84f@group-6617C595C955-FollowerState
2022-10-18 06:30:29,779 [f912eaa7-674f-48b0-9650-7db3a734b84f@group-6617C595C955-FollowerState] INFO  server.RaftServer$Division (RaftServerImpl.java:setRole(299)) - f912eaa7-674f-48b0-9650-7db3a734b84f@group-6617C595C955: changes role from  FOLLOWER to CANDIDATE at term 0 for changeToCandidate
2022-10-18 06:30:29,779 [f912eaa7-674f-48b0-9650-7db3a734b84f@group-6617C595C955-FollowerState] INFO  server.RaftServerConfigKeys (ConfUtils.java:logGet(46)) - raft.server.leaderelection.pre-vote = false (custom)
2022-10-18 06:30:29,779 [f912eaa7-674f-48b0-9650-7db3a734b84f@group-6617C595C955-FollowerState] INFO  impl.RoleInfo (RoleInfo.java:updateAndGet(139)) - f912eaa7-674f-48b0-9650-7db3a734b84f: start f912eaa7-674f-48b0-9650-7db3a734b84f@group-6617C595C955-LeaderElection2
2022-10-18 06:30:29,782 [f912eaa7-674f-48b0-9650-7db3a734b84f@group-6617C595C955-LeaderElection2] INFO  impl.LeaderElection (LeaderElection.java:askForVotes(310)) - f912eaa7-674f-48b0-9650-7db3a734b84f@group-6617C595C955-LeaderElection2 ELECTION round 0: submit vote requests at term 1 for -1: [f912eaa7-674f-48b0-9650-7db3a734b84f|rpc:10.1.1.164:37695|priority:1], old=null
2022-10-18 06:30:29,783 [f912eaa7-674f-48b0-9650-7db3a734b84f@group-6617C595C955-LeaderElection2] INFO  impl.LeaderElection (LeaderElection.java:askForVotes(312)) - f912eaa7-674f-48b0-9650-7db3a734b84f@group-6617C595C955-LeaderElection2 ELECTION round 0: result PASSED (term=1)
2022-10-18 06:30:29,783 [f912eaa7-674f-48b0-9650-7db3a734b84f@group-6617C595C955-LeaderElection2] INFO  impl.RoleInfo (RoleInfo.java:shutdownLeaderElection(130)) - f912eaa7-674f-48b0-9650-7db3a734b84f: shutdown f912eaa7-674f-48b0-9650-7db3a734b84f@group-6617C595C955-LeaderElection2
2022-10-18 06:30:29,783 [f912eaa7-674f-48b0-9650-7db3a734b84f@group-6617C595C955-LeaderElection2] INFO  server.RaftServer$Division (RaftServerImpl.java:setRole(299)) - f912eaa7-674f-48b0-9650-7db3a734b84f@group-6617C595C955: changes role from CANDIDATE to LEADER at term 1 for changeToLeader
2022-10-18 06:30:29,783 [f912eaa7-674f-48b0-9650-7db3a734b84f@group-6617C595C955-LeaderElection2] INFO  ratis.XceiverServerRatis (XceiverServerRatis.java:handleLeaderChangedNotification(863)) - Leader change notification received for group: group-6617C595C955 with new leaderId: f912eaa7-674f-48b0-9650-7db3a734b84f
2022-10-18 06:30:29,783 [f912eaa7-674f-48b0-9650-7db3a734b84f@group-6617C595C955-LeaderElection2] INFO  server.RaftServer$Division (ServerState.java:setLeader(287)) - f912eaa7-674f-48b0-9650-7db3a734b84f@group-6617C595C955: change Leader from null to f912eaa7-674f-48b0-9650-7db3a734b84f at term 1 for becomeLeader, leader elected after 5054ms
2022-10-18 06:30:29,783 [f912eaa7-674f-48b0-9650-7db3a734b84f@group-6617C595C955-LeaderElection2] INFO  server.RaftServerConfigKeys (ConfUtils.java:logGet(46)) - raft.server.staging.catchup.gap = 1000 (default)
2022-10-18 06:30:29,783 [f912eaa7-674f-48b0-9650-7db3a734b84f@group-6617C595C955-LeaderElection2] INFO  server.RaftServerConfigKeys (ConfUtils.java:logGet(46)) - raft.server.write.element-limit = 1024 (custom)
2022-10-18 06:30:29,783 [f912eaa7-674f-48b0-9650-7db3a734b84f@group-6617C595C955-LeaderElection2] INFO  server.RaftServerConfigKeys (ConfUtils.java:logGet(46)) - raft.server.write.byte-limit = 1024 M (=1073741824) (custom)
2022-10-18 06:30:29,784 [f912eaa7-674f-48b0-9650-7db3a734b84f@group-6617C595C955-LeaderElection2] INFO  server.RaftServerConfigKeys (ConfUtils.java:logGet(46)) - raft.server.watch.timeout = 180s (custom)
2022-10-18 06:30:29,784 [f912eaa7-674f-48b0-9650-7db3a734b84f@group-6617C595C955-LeaderElection2] INFO  server.RaftServerConfigKeys (ConfUtils.java:logGet(46)) - raft.server.watch.timeout.denomination = 1s (default)
2022-10-18 06:30:29,784 [f912eaa7-674f-48b0-9650-7db3a734b84f@group-6617C595C955-LeaderElection2] INFO  server.RaftServerConfigKeys (ConfUtils.java:logGet(46)) - raft.server.watch.element-limit = 65536 (default)
2022-10-18 06:30:29,784 [f912eaa7-674f-48b0-9650-7db3a734b84f@group-6617C595C955-LeaderElection2] INFO  server.RaftServerConfigKeys (ConfUtils.java:logGet(46)) - raft.server.write.element-limit = 1024 (custom)
2022-10-18 06:30:29,787 [EventQueue-OpenPipelineForHealthyPipelineSafeModeRule] INFO  safemode.SCMSafeModeManager (HealthyPipelineSafeModeRule.java:process(137)) - SCM in safe mode. Healthy pipelines reported count is 0, required healthy pipeline reported count is 1
2022-10-18 06:30:29,789 [f912eaa7-674f-48b0-9650-7db3a734b84f@group-6617C595C955-LeaderElection2] INFO  server.RaftServerConfigKeys (ConfUtils.java:logGet(46)) - raft.server.write.follower.gap.ratio.max = -1.0 (default)
2022-10-18 06:30:29,789 [f912eaa7-674f-48b0-9650-7db3a734b84f@group-6617C595C955-LeaderElection2] INFO  impl.RoleInfo (RoleInfo.java:updateAndGet(139)) - f912eaa7-674f-48b0-9650-7db3a734b84f: start f912eaa7-674f-48b0-9650-7db3a734b84f@group-6617C595C955-LeaderStateImpl
2022-10-18 06:30:29,789 [f912eaa7-674f-48b0-9650-7db3a734b84f@group-6617C595C955-LeaderElection2] INFO  segmented.SegmentedRaftLogWorker (SegmentedRaftLogWorker.java:startLogSegment(425)) - f912eaa7-674f-48b0-9650-7db3a734b84f@group-6617C595C955-SegmentedRaftLogWorker: Starting segment from index:0
2022-10-18 06:30:29,791 [f912eaa7-674f-48b0-9650-7db3a734b84f@group-6617C595C955-LeaderElection2] INFO  server.RaftServer$Division (ServerState.java:setRaftConf(393)) - f912eaa7-674f-48b0-9650-7db3a734b84f@group-6617C595C955: set configuration 0: [f912eaa7-674f-48b0-9650-7db3a734b84f|rpc:10.1.1.164:37695|dataStream:|priority:1], old=null
2022-10-18 06:30:29,791 [f912eaa7-674f-48b0-9650-7db3a734b84f@group-6617C595C955-SegmentedRaftLogWorker] INFO  segmented.SegmentedRaftLogWorker (SegmentedRaftLogWorker.java:execute(629)) - f912eaa7-674f-48b0-9650-7db3a734b84f@group-6617C595C955-SegmentedRaftLogWorker: created new log segment /home/runner/work/ozone/ozone/hadoop-ozone/integration-test/target/test-dir/MiniOzoneClusterImpl-489ebd61-a341-4d14-a135-ade311a26152/datanode-0/data/ratis/9ffe2c45-a359-4725-8837-6617c595c955/current/log_inprogress_0
2022-10-18 06:30:29,883 [f912eaa7-674f-48b0-9650-7db3a734b84f@group-7BCAD723620F-FollowerState] INFO  impl.FollowerState (FollowerState.java:run(143)) - f912eaa7-674f-48b0-9650-7db3a734b84f@group-7BCAD723620F-FollowerState: change to CANDIDATE, lastRpcElapsedTime:5076983417ns, electionTimeout:5073ms
2022-10-18 06:30:29,883 [f912eaa7-674f-48b0-9650-7db3a734b84f@group-7BCAD723620F-FollowerState] INFO  impl.RoleInfo (RoleInfo.java:shutdownFollowerState(110)) - f912eaa7-674f-48b0-9650-7db3a734b84f: shutdown f912eaa7-674f-48b0-9650-7db3a734b84f@group-7BCAD723620F-FollowerState
2022-10-18 06:30:29,883 [f912eaa7-674f-48b0-9650-7db3a734b84f@group-7BCAD723620F-FollowerState] INFO  server.RaftServer$Division (RaftServerImpl.java:setRole(299)) - f912eaa7-674f-48b0-9650-7db3a734b84f@group-7BCAD723620F: changes role from  FOLLOWER to CANDIDATE at term 0 for changeToCandidate
2022-10-18 06:30:29,883 [f912eaa7-674f-48b0-9650-7db3a734b84f@group-7BCAD723620F-FollowerState] INFO  server.RaftServerConfigKeys (ConfUtils.java:logGet(46)) - raft.server.leaderelection.pre-vote = false (custom)
2022-10-18 06:30:29,883 [f912eaa7-674f-48b0-9650-7db3a734b84f@group-7BCAD723620F-FollowerState] INFO  impl.RoleInfo (RoleInfo.java:updateAndGet(139)) - f912eaa7-674f-48b0-9650-7db3a734b84f: start f912eaa7-674f-48b0-9650-7db3a734b84f@group-7BCAD723620F-LeaderElection3
2022-10-18 06:30:29,887 [f912eaa7-674f-48b0-9650-7db3a734b84f@group-7BCAD723620F-LeaderElection3] INFO  impl.LeaderElection (LeaderElection.java:askForVotes(310)) - f912eaa7-674f-48b0-9650-7db3a734b84f@group-7BCAD723620F-LeaderElection3 ELECTION round 0: submit vote requests at term 1 for -1: [333fb9a0-223e-4e03-84f2-9b3e3da077bc|rpc:10.1.1.164:38805|priority:0, 8d40dd4f-9fd4-4768-a502-00d88259605f|rpc:10.1.1.164:44335|priority:0, f912eaa7-674f-48b0-9650-7db3a734b84f|rpc:10.1.1.164:37695|priority:1], old=null
2022-10-18 06:30:29,902 [grpc-default-executor-0] INFO  server.RaftServer$Division (RaftServerImpl.java:requestVote(1152)) - 8d40dd4f-9fd4-4768-a502-00d88259605f@group-7BCAD723620F: receive requestVote(ELECTION, f912eaa7-674f-48b0-9650-7db3a734b84f, group-7BCAD723620F, 1, (t:0, i:0))
2022-10-18 06:30:29,903 [grpc-default-executor-0] INFO  impl.VoteContext (VoteContext.java:log(48)) - 8d40dd4f-9fd4-4768-a502-00d88259605f@group-7BCAD723620F-FOLLOWER: accept ELECTION from f912eaa7-674f-48b0-9650-7db3a734b84f: our priority 0 <= candidate's priority 1
2022-10-18 06:30:29,903 [grpc-default-executor-0] INFO  server.RaftServer$Division (RaftServerImpl.java:setRole(299)) - 8d40dd4f-9fd4-4768-a502-00d88259605f@group-7BCAD723620F: changes role from  FOLLOWER to FOLLOWER at term 1 for candidate:f912eaa7-674f-48b0-9650-7db3a734b84f
2022-10-18 06:30:29,903 [grpc-default-executor-0] INFO  impl.RoleInfo (RoleInfo.java:shutdownFollowerState(110)) - 8d40dd4f-9fd4-4768-a502-00d88259605f: shutdown 8d40dd4f-9fd4-4768-a502-00d88259605f@group-7BCAD723620F-FollowerState
2022-10-18 06:30:29,903 [grpc-default-executor-0] INFO  impl.RoleInfo (RoleInfo.java:updateAndGet(139)) - 8d40dd4f-9fd4-4768-a502-00d88259605f: start 8d40dd4f-9fd4-4768-a502-00d88259605f@group-7BCAD723620F-FollowerState
2022-10-18 06:30:29,903 [8d40dd4f-9fd4-4768-a502-00d88259605f@group-7BCAD723620F-FollowerState] INFO  impl.FollowerState (FollowerState.java:run(152)) - 8d40dd4f-9fd4-4768-a502-00d88259605f@group-7BCAD723620F-FollowerState was interrupted
2022-10-18 06:30:29,905 [grpc-default-executor-0] INFO  server.RaftServer$Division (RaftServerImpl.java:requestVote(1184)) - 8d40dd4f-9fd4-4768-a502-00d88259605f@group-7BCAD723620F replies to ELECTION vote request: f912eaa7-674f-48b0-9650-7db3a734b84f<-8d40dd4f-9fd4-4768-a502-00d88259605f#0:OK-t1. Peer's state: 8d40dd4f-9fd4-4768-a502-00d88259605f@group-7BCAD723620F:t1, leader=null, voted=f912eaa7-674f-48b0-9650-7db3a734b84f, raftlog=8d40dd4f-9fd4-4768-a502-00d88259605f@group-7BCAD723620F-SegmentedRaftLog:OPENED:c-1, conf=-1: [333fb9a0-223e-4e03-84f2-9b3e3da077bc|rpc:10.1.1.164:38805|dataStream:|priority:0, 8d40dd4f-9fd4-4768-a502-00d88259605f|rpc:10.1.1.164:44335|dataStream:|priority:0, f912eaa7-674f-48b0-9650-7db3a734b84f|rpc:10.1.1.164:37695|dataStream:|priority:1], old=null
2022-10-18 06:30:29,905 [grpc-default-executor-2] INFO  server.RaftServer$Division (RaftServerImpl.java:requestVote(1152)) - 333fb9a0-223e-4e03-84f2-9b3e3da077bc@group-7BCAD723620F: receive requestVote(ELECTION, f912eaa7-674f-48b0-9650-7db3a734b84f, group-7BCAD723620F, 1, (t:0, i:0))
2022-10-18 06:30:29,905 [grpc-default-executor-2] INFO  impl.VoteContext (VoteContext.java:log(48)) - 333fb9a0-223e-4e03-84f2-9b3e3da077bc@group-7BCAD723620F-FOLLOWER: accept ELECTION from f912eaa7-674f-48b0-9650-7db3a734b84f: our priority 0 <= candidate's priority 1
2022-10-18 06:30:29,906 [grpc-default-executor-2] INFO  server.RaftServer$Division (RaftServerImpl.java:setRole(299)) - 333fb9a0-223e-4e03-84f2-9b3e3da077bc@group-7BCAD723620F: changes role from  FOLLOWER to FOLLOWER at term 1 for candidate:f912eaa7-674f-48b0-9650-7db3a734b84f
2022-10-18 06:30:29,906 [grpc-default-executor-2] INFO  impl.RoleInfo (RoleInfo.java:shutdownFollowerState(110)) - 333fb9a0-223e-4e03-84f2-9b3e3da077bc: shutdown 333fb9a0-223e-4e03-84f2-9b3e3da077bc@group-7BCAD723620F-FollowerState
2022-10-18 06:30:29,906 [grpc-default-executor-2] INFO  impl.RoleInfo (RoleInfo.java:updateAndGet(139)) - 333fb9a0-223e-4e03-84f2-9b3e3da077bc: start 333fb9a0-223e-4e03-84f2-9b3e3da077bc@group-7BCAD723620F-FollowerState
2022-10-18 06:30:29,906 [333fb9a0-223e-4e03-84f2-9b3e3da077bc@group-7BCAD723620F-FollowerState] INFO  impl.FollowerState (FollowerState.java:run(152)) - 333fb9a0-223e-4e03-84f2-9b3e3da077bc@group-7BCAD723620F-FollowerState was interrupted
2022-10-18 06:30:29,908 [grpc-default-executor-2] INFO  server.RaftServer$Division (RaftServerImpl.java:requestVote(1184)) - 333fb9a0-223e-4e03-84f2-9b3e3da077bc@group-7BCAD723620F replies to ELECTION vote request: f912eaa7-674f-48b0-9650-7db3a734b84f<-333fb9a0-223e-4e03-84f2-9b3e3da077bc#0:OK-t1. Peer's state: 333fb9a0-223e-4e03-84f2-9b3e3da077bc@group-7BCAD723620F:t1, leader=null, voted=f912eaa7-674f-48b0-9650-7db3a734b84f, raftlog=333fb9a0-223e-4e03-84f2-9b3e3da077bc@group-7BCAD723620F-SegmentedRaftLog:OPENED:c-1, conf=-1: [333fb9a0-223e-4e03-84f2-9b3e3da077bc|rpc:10.1.1.164:38805|dataStream:|priority:0, 8d40dd4f-9fd4-4768-a502-00d88259605f|rpc:10.1.1.164:44335|dataStream:|priority:0, f912eaa7-674f-48b0-9650-7db3a734b84f|rpc:10.1.1.164:37695|dataStream:|priority:1], old=null
2022-10-18 06:30:29,913 [f912eaa7-674f-48b0-9650-7db3a734b84f@group-7BCAD723620F-LeaderElection3] INFO  impl.LeaderElection (LeaderElection.java:logAndReturn(90)) - f912eaa7-674f-48b0-9650-7db3a734b84f@group-7BCAD723620F-LeaderElection3: ELECTION PASSED received 1 response(s) and 0 exception(s):
2022-10-18 06:30:29,913 [f912eaa7-674f-48b0-9650-7db3a734b84f@group-7BCAD723620F-LeaderElection3] INFO  impl.LeaderElection (LeaderElection.java:logAndReturn(94)) -   Response 0: f912eaa7-674f-48b0-9650-7db3a734b84f<-333fb9a0-223e-4e03-84f2-9b3e3da077bc#0:OK-t1
2022-10-18 06:30:29,914 [f912eaa7-674f-48b0-9650-7db3a734b84f@group-7BCAD723620F-LeaderElection3] INFO  impl.LeaderElection (LeaderElection.java:askForVotes(312)) - f912eaa7-674f-48b0-9650-7db3a734b84f@group-7BCAD723620F-LeaderElection3 ELECTION round 0: result PASSED
2022-10-18 06:30:29,914 [f912eaa7-674f-48b0-9650-7db3a734b84f@group-7BCAD723620F-LeaderElection3] INFO  impl.RoleInfo (RoleInfo.java:shutdownLeaderElection(130)) - f912eaa7-674f-48b0-9650-7db3a734b84f: shutdown f912eaa7-674f-48b0-9650-7db3a734b84f@group-7BCAD723620F-LeaderElection3
2022-10-18 06:30:29,914 [f912eaa7-674f-48b0-9650-7db3a734b84f@group-7BCAD723620F-LeaderElection3] INFO  server.RaftServer$Division (RaftServerImpl.java:setRole(299)) - f912eaa7-674f-48b0-9650-7db3a734b84f@group-7BCAD723620F: changes role from CANDIDATE to LEADER at term 1 for changeToLeader
2022-10-18 06:30:29,914 [f912eaa7-674f-48b0-9650-7db3a734b84f@group-7BCAD723620F-LeaderElection3] INFO  ratis.XceiverServerRatis (XceiverServerRatis.java:handleLeaderChangedNotification(863)) - Leader change notification received for group: group-7BCAD723620F with new leaderId: f912eaa7-674f-48b0-9650-7db3a734b84f
2022-10-18 06:30:29,914 [f912eaa7-674f-48b0-9650-7db3a734b84f@group-7BCAD723620F-LeaderElection3] INFO  server.RaftServer$Division (ServerState.java:setLeader(287)) - f912eaa7-674f-48b0-9650-7db3a734b84f@group-7BCAD723620F: change Leader from null to f912eaa7-674f-48b0-9650-7db3a734b84f at term 1 for becomeLeader, leader elected after 5113ms
2022-10-18 06:30:29,914 [f912eaa7-674f-48b0-9650-7db3a734b84f@group-7BCAD723620F-LeaderElection3] INFO  server.RaftServerConfigKeys (ConfUtils.java:logGet(46)) - raft.server.staging.catchup.gap = 1000 (default)
2022-10-18 06:30:29,915 [f912eaa7-674f-48b0-9650-7db3a734b84f@group-7BCAD723620F-LeaderElection3] INFO  server.RaftServerConfigKeys (ConfUtils.java:logGet(46)) - raft.server.write.element-limit = 1024 (custom)
2022-10-18 06:30:29,915 [f912eaa7-674f-48b0-9650-7db3a734b84f@group-7BCAD723620F-LeaderElection3] INFO  server.RaftServerConfigKeys (ConfUtils.java:logGet(46)) - raft.server.write.byte-limit = 1024 M (=1073741824) (custom)
2022-10-18 06:30:29,915 [f912eaa7-674f-48b0-9650-7db3a734b84f@group-7BCAD723620F-LeaderElection3] INFO  server.RaftServerConfigKeys (ConfUtils.java:logGet(46)) - raft.server.watch.timeout = 180s (custom)
2022-10-18 06:30:29,915 [f912eaa7-674f-48b0-9650-7db3a734b84f@group-7BCAD723620F-LeaderElection3] INFO  server.RaftServerConfigKeys (ConfUtils.java:logGet(46)) - raft.server.watch.timeout.denomination = 1s (default)
2022-10-18 06:30:29,915 [f912eaa7-674f-48b0-9650-7db3a734b84f@group-7BCAD723620F-LeaderElection3] INFO  server.RaftServerConfigKeys (ConfUtils.java:logGet(46)) - raft.server.watch.element-limit = 65536 (default)
2022-10-18 06:30:29,915 [f912eaa7-674f-48b0-9650-7db3a734b84f@group-7BCAD723620F-LeaderElection3] INFO  server.RaftServerConfigKeys (ConfUtils.java:logGet(46)) - raft.server.write.element-limit = 1024 (custom)
2022-10-18 06:30:29,915 [f912eaa7-674f-48b0-9650-7db3a734b84f@group-7BCAD723620F-LeaderElection3] INFO  server.RaftServerConfigKeys (ConfUtils.java:logGet(46)) - raft.server.write.follower.gap.ratio.max = -1.0 (default)
2022-10-18 06:30:29,916 [f912eaa7-674f-48b0-9650-7db3a734b84f@group-7BCAD723620F-LeaderElection3] INFO  server.RaftServerConfigKeys (ConfUtils.java:logGet(46)) - raft.server.log.appender.snapshot.chunk.size.max = 16MB (=16777216) (default)
2022-10-18 06:30:29,916 [f912eaa7-674f-48b0-9650-7db3a734b84f@group-7BCAD723620F-LeaderElection3] INFO  server.RaftServerConfigKeys (ConfUtils.java:logGet(46)) - raft.server.log.appender.buffer.byte-limit = 33554432 (custom)
2022-10-18 06:30:29,916 [f912eaa7-674f-48b0-9650-7db3a734b84f@group-7BCAD723620F-LeaderElection3] INFO  server.RaftServerConfigKeys (ConfUtils.java:logGet(46)) - raft.server.log.appender.buffer.element-limit = 1 (custom)
2022-10-18 06:30:29,916 [f912eaa7-674f-48b0-9650-7db3a734b84f@group-7BCAD723620F-LeaderElection3] INFO  grpc.GrpcConfigKeys (ConfUtils.java:logGet(46)) - raft.grpc.server.leader.outstanding.appends.max = 128 (default)
2022-10-18 06:30:29,916 [f912eaa7-674f-48b0-9650-7db3a734b84f@group-7BCAD723620F-LeaderElection3] INFO  server.RaftServerConfigKeys (ConfUtils.java:logGet(46)) - raft.server.rpc.request.timeout = 60s (custom)
2022-10-18 06:30:29,916 [f912eaa7-674f-48b0-9650-7db3a734b84f@group-7BCAD723620F-LeaderElection3] INFO  server.RaftServerConfigKeys (ConfUtils.java:logGet(46)) - raft.server.log.appender.install.snapshot.enabled = false (custom)
2022-10-18 06:30:29,917 [f912eaa7-674f-48b0-9650-7db3a734b84f@group-7BCAD723620F-LeaderElection3] INFO  server.RaftServerConfigKeys (ConfUtils.java:logGet(46)) - raft.server.log.appender.snapshot.chunk.size.max = 16MB (=16777216) (default)
2022-10-18 06:30:29,917 [f912eaa7-674f-48b0-9650-7db3a734b84f@group-7BCAD723620F-LeaderElection3] INFO  server.RaftServerConfigKeys (ConfUtils.java:logGet(46)) - raft.server.log.appender.buffer.byte-limit = 33554432 (custom)
2022-10-18 06:30:29,917 [f912eaa7-674f-48b0-9650-7db3a734b84f@group-7BCAD723620F-LeaderElection3] INFO  server.RaftServerConfigKeys (ConfUtils.java:logGet(46)) - raft.server.log.appender.buffer.element-limit = 1 (custom)
2022-10-18 06:30:29,919 [EventQueue-PipelineReportForPipelineReportHandler] INFO  pipeline.PipelineManagerImpl (PipelineManagerImpl.java:openPipeline(367)) - Pipeline Pipeline[ Id: 78b5955a-84a3-4c35-8c7c-7bcad723620f, Nodes: f912eaa7-674f-48b0-9650-7db3a734b84f{ip: 10.1.1.164, host: fv-az241-838.2tfxs3cvuluejhi1wdm4o5ef4c.bx.internal.cloudapp.net, ports: [REPLICATION=40223, RATIS=37695, RATIS_ADMIN=37695, RATIS_SERVER=37695, STANDALONE=44421], networkLocation: /default-rack, certSerialId: null, persistedOpState: IN_SERVICE, persistedOpStateExpiryEpochSec: 0}333fb9a0-223e-4e03-84f2-9b3e3da077bc{ip: 10.1.1.164, host: fv-az241-838.2tfxs3cvuluejhi1wdm4o5ef4c.bx.internal.cloudapp.net, ports: [REPLICATION=40771, RATIS=38805, RATIS_ADMIN=38805, RATIS_SERVER=38805, STANDALONE=45603], networkLocation: /default-rack, certSerialId: null, persistedOpState: IN_SERVICE, persistedOpStateExpiryEpochSec: 0}8d40dd4f-9fd4-4768-a502-00d88259605f{ip: 10.1.1.164, host: fv-az241-838.2tfxs3cvuluejhi1wdm4o5ef4c.bx.internal.cloudapp.net, ports: [REPLICATION=46333, RATIS=44335, RATIS_ADMIN=44335, RATIS_SERVER=44335, STANDALONE=44949], networkLocation: /default-rack, certSerialId: null, persistedOpState: IN_SERVICE, persistedOpStateExpiryEpochSec: 0}, ReplicationConfig: RATIS/THREE, State:ALLOCATED, leaderId:f912eaa7-674f-48b0-9650-7db3a734b84f, CreationTimestamp2022-10-18T06:30:22.341Z[Etc/UTC]] moved to OPEN state
2022-10-18 06:30:29,921 [EventQueue-OpenPipelineForHealthyPipelineSafeModeRule] INFO  safemode.SCMSafeModeManager (HealthyPipelineSafeModeRule.java:process(137)) - SCM in safe mode. Healthy pipelines reported count is 1, required healthy pipeline reported count is 1
2022-10-18 06:30:29,921 [EventQueue-OpenPipelineForHealthyPipelineSafeModeRule] INFO  safemode.SCMSafeModeManager (SCMSafeModeManager.java:validateSafeModeExitRules(204)) - HealthyPipelineSafeModeRule rule is successfully validated
2022-10-18 06:30:29,921 [EventQueue-OpenPipelineForHealthyPipelineSafeModeRule] INFO  safemode.SCMSafeModeManager (SCMSafeModeManager.java:validateSafeModeExitRules(219)) - ScmSafeModeManager, all rules are successfully validated
2022-10-18 06:30:29,921 [EventQueue-OpenPipelineForHealthyPipelineSafeModeRule] INFO  safemode.SCMSafeModeManager (SCMSafeModeManager.java:exitSafeMode(248)) - SCM exiting safe mode.
2022-10-18 06:30:29,921 [EventQueue-OpenPipelineForHealthyPipelineSafeModeRule] WARN  events.EventQueue (EventQueue.java:fireEvent(216)) - No event handler registered for event TypedEvent{payloadType=SafeModeStatus, name='Safe mode status'}
2022-10-18 06:30:29,921 [EventQueue-OpenPipelineForHealthyPipelineSafeModeRule] INFO  ha.SCMContext (SCMContext.java:updateSafeModeStatus(228)) - Update SafeModeStatus from SafeModeStatus{safeModeStatus=true, preCheckPassed=true} to SafeModeStatus{safeModeStatus=false, preCheckPassed=true}.
2022-10-18 06:30:29,921 [EventQueue-OpenPipelineForHealthyPipelineSafeModeRule] INFO  pipeline.BackgroundPipelineCreator (BackgroundPipelineCreator.java:notifyStatusChanged(254)) - Service BackgroundPipelineCreator transitions to RUNNING.
2022-10-18 06:30:29,921 [EventQueue-OpenPipelineForHealthyPipelineSafeModeRule] INFO  BackgroundPipelineScrubber (BackgroundSCMService.java:notifyStatusChanged(82)) - Service BackgroundPipelineScrubber transitions to RUNNING.
2022-10-18 06:30:29,921 [EventQueue-OpenPipelineForHealthyPipelineSafeModeRule] INFO  ExpiredContainerReplicaOpScrubber (BackgroundSCMService.java:notifyStatusChanged(82)) - Service ExpiredContainerReplicaOpScrubber transitions to RUNNING.
2022-10-18 06:30:29,921 [EventQueue-OpenPipelineForHealthyPipelineSafeModeRule] INFO  replication.ReplicationManager (ReplicationManager.java:notifyStatusChanged(728)) - Service ReplicationManager transitions to RUNNING.
2022-10-18 06:30:29,924 [EventQueue-OpenPipelineForHealthyPipelineSafeModeRule] WARN  balancer.ContainerBalancer (ContainerBalancer.java:shouldRun(131)) - Could not find persisted configuration for ContainerBalancer when checking if ContainerBalancer should run. ContainerBalancer should not run now.
2022-10-18 06:30:29,925 [f912eaa7-674f-48b0-9650-7db3a734b84f@group-7BCAD723620F-LeaderElection3] INFO  grpc.GrpcConfigKeys (ConfUtils.java:logGet(46)) - raft.grpc.server.leader.outstanding.appends.max = 128 (default)
2022-10-18 06:30:29,927 [f912eaa7-674f-48b0-9650-7db3a734b84f@group-7BCAD723620F-LeaderElection3] INFO  server.RaftServerConfigKeys (ConfUtils.java:logGet(46)) - raft.server.rpc.request.timeout = 60s (custom)
2022-10-18 06:30:29,927 [f912eaa7-674f-48b0-9650-7db3a734b84f@group-7BCAD723620F-LeaderElection3] INFO  server.RaftServerConfigKeys (ConfUtils.java:logGet(46)) - raft.server.log.appender.install.snapshot.enabled = false (custom)
2022-10-18 06:30:29,927 [f912eaa7-674f-48b0-9650-7db3a734b84f@group-7BCAD723620F-LeaderElection3] INFO  impl.RoleInfo (RoleInfo.java:updateAndGet(139)) - f912eaa7-674f-48b0-9650-7db3a734b84f: start f912eaa7-674f-48b0-9650-7db3a734b84f@group-7BCAD723620F-LeaderStateImpl
2022-10-18 06:30:29,928 [f912eaa7-674f-48b0-9650-7db3a734b84f@group-7BCAD723620F-LeaderElection3] INFO  segmented.SegmentedRaftLogWorker (SegmentedRaftLogWorker.java:startLogSegment(425)) - f912eaa7-674f-48b0-9650-7db3a734b84f@group-7BCAD723620F-SegmentedRaftLogWorker: Starting segment from index:0
2022-10-18 06:30:29,929 [f912eaa7-674f-48b0-9650-7db3a734b84f@group-7BCAD723620F-SegmentedRaftLogWorker] INFO  segmented.SegmentedRaftLogWorker (SegmentedRaftLogWorker.java:execute(629)) - f912eaa7-674f-48b0-9650-7db3a734b84f@group-7BCAD723620F-SegmentedRaftLogWorker: created new log segment /home/runner/work/ozone/ozone/hadoop-ozone/integration-test/target/test-dir/MiniOzoneClusterImpl-489ebd61-a341-4d14-a135-ade311a26152/datanode-0/data/ratis/78b5955a-84a3-4c35-8c7c-7bcad723620f/current/log_inprogress_0
2022-10-18 06:30:29,938 [f912eaa7-674f-48b0-9650-7db3a734b84f@group-7BCAD723620F-LeaderElection3] INFO  server.RaftServer$Division (ServerState.java:setRaftConf(393)) - f912eaa7-674f-48b0-9650-7db3a734b84f@group-7BCAD723620F: set configuration 0: [333fb9a0-223e-4e03-84f2-9b3e3da077bc|rpc:10.1.1.164:38805|dataStream:|priority:0, 8d40dd4f-9fd4-4768-a502-00d88259605f|rpc:10.1.1.164:44335|dataStream:|priority:0, f912eaa7-674f-48b0-9650-7db3a734b84f|rpc:10.1.1.164:37695|dataStream:|priority:1], old=null
2022-10-18 06:30:29,942 [333fb9a0-223e-4e03-84f2-9b3e3da077bc-server-thread1] INFO  ratis.XceiverServerRatis (XceiverServerRatis.java:handleLeaderChangedNotification(863)) - Leader change notification received for group: group-7BCAD723620F with new leaderId: f912eaa7-674f-48b0-9650-7db3a734b84f
2022-10-18 06:30:29,942 [333fb9a0-223e-4e03-84f2-9b3e3da077bc-server-thread1] INFO  server.RaftServer$Division (ServerState.java:setLeader(287)) - 333fb9a0-223e-4e03-84f2-9b3e3da077bc@group-7BCAD723620F: change Leader from null to f912eaa7-674f-48b0-9650-7db3a734b84f at term 1 for appendEntries, leader elected after 5058ms
2022-10-18 06:30:29,943 [8d40dd4f-9fd4-4768-a502-00d88259605f-server-thread1] INFO  ratis.XceiverServerRatis (XceiverServerRatis.java:handleLeaderChangedNotification(863)) - Leader change notification received for group: group-7BCAD723620F with new leaderId: f912eaa7-674f-48b0-9650-7db3a734b84f
2022-10-18 06:30:29,944 [8d40dd4f-9fd4-4768-a502-00d88259605f-server-thread1] INFO  server.RaftServer$Division (ServerState.java:setLeader(287)) - 8d40dd4f-9fd4-4768-a502-00d88259605f@group-7BCAD723620F: change Leader from null to f912eaa7-674f-48b0-9650-7db3a734b84f at term 1 for appendEntries, leader elected after 4999ms
2022-10-18 06:30:29,944 [333fb9a0-223e-4e03-84f2-9b3e3da077bc-server-thread1] INFO  server.RaftServer$Division (ServerState.java:setRaftConf(393)) - 333fb9a0-223e-4e03-84f2-9b3e3da077bc@group-7BCAD723620F: set configuration 0: [333fb9a0-223e-4e03-84f2-9b3e3da077bc|rpc:10.1.1.164:38805|dataStream:|priority:0, 8d40dd4f-9fd4-4768-a502-00d88259605f|rpc:10.1.1.164:44335|dataStream:|priority:0, f912eaa7-674f-48b0-9650-7db3a734b84f|rpc:10.1.1.164:37695|dataStream:|priority:1], old=null
2022-10-18 06:30:29,944 [333fb9a0-223e-4e03-84f2-9b3e3da077bc-server-thread1] INFO  segmented.SegmentedRaftLogWorker (SegmentedRaftLogWorker.java:startLogSegment(425)) - 333fb9a0-223e-4e03-84f2-9b3e3da077bc@group-7BCAD723620F-SegmentedRaftLogWorker: Starting segment from index:0
2022-10-18 06:30:29,945 [333fb9a0-223e-4e03-84f2-9b3e3da077bc@group-7BCAD723620F-SegmentedRaftLogWorker] INFO  segmented.SegmentedRaftLogWorker (SegmentedRaftLogWorker.java:execute(629)) - 333fb9a0-223e-4e03-84f2-9b3e3da077bc@group-7BCAD723620F-SegmentedRaftLogWorker: created new log segment /home/runner/work/ozone/ozone/hadoop-ozone/integration-test/target/test-dir/MiniOzoneClusterImpl-489ebd61-a341-4d14-a135-ade311a26152/datanode-2/data/ratis/78b5955a-84a3-4c35-8c7c-7bcad723620f/current/log_inprogress_0
2022-10-18 06:30:29,950 [8d40dd4f-9fd4-4768-a502-00d88259605f-server-thread2] INFO  server.RaftServer$Division (ServerState.java:setRaftConf(393)) - 8d40dd4f-9fd4-4768-a502-00d88259605f@group-7BCAD723620F: set configuration 0: [333fb9a0-223e-4e03-84f2-9b3e3da077bc|rpc:10.1.1.164:38805|dataStream:|priority:0, 8d40dd4f-9fd4-4768-a502-00d88259605f|rpc:10.1.1.164:44335|dataStream:|priority:0, f912eaa7-674f-48b0-9650-7db3a734b84f|rpc:10.1.1.164:37695|dataStream:|priority:1], old=null
2022-10-18 06:30:29,950 [8d40dd4f-9fd4-4768-a502-00d88259605f-server-thread2] INFO  segmented.SegmentedRaftLogWorker (SegmentedRaftLogWorker.java:startLogSegment(425)) - 8d40dd4f-9fd4-4768-a502-00d88259605f@group-7BCAD723620F-SegmentedRaftLogWorker: Starting segment from index:0
2022-10-18 06:30:29,952 [8d40dd4f-9fd4-4768-a502-00d88259605f@group-7BCAD723620F-SegmentedRaftLogWorker] INFO  segmented.SegmentedRaftLogWorker (SegmentedRaftLogWorker.java:execute(629)) - 8d40dd4f-9fd4-4768-a502-00d88259605f@group-7BCAD723620F-SegmentedRaftLogWorker: created new log segment /home/runner/work/ozone/ozone/hadoop-ozone/integration-test/target/test-dir/MiniOzoneClusterImpl-489ebd61-a341-4d14-a135-ade311a26152/datanode-1/data/ratis/78b5955a-84a3-4c35-8c7c-7bcad723620f/current/log_inprogress_0
2022-10-18 06:30:30,027 [f912eaa7-674f-48b0-9650-7db3a734b84f@group-B134B5651726-FollowerState] INFO  impl.FollowerState (FollowerState.java:run(143)) - f912eaa7-674f-48b0-9650-7db3a734b84f@group-B134B5651726-FollowerState: change to CANDIDATE, lastRpcElapsedTime:5044023392ns, electionTimeout:5043ms
2022-10-18 06:30:30,028 [f912eaa7-674f-48b0-9650-7db3a734b84f@group-B134B5651726-FollowerState] INFO  impl.RoleInfo (RoleInfo.java:shutdownFollowerState(110)) - f912eaa7-674f-48b0-9650-7db3a734b84f: shutdown f912eaa7-674f-48b0-9650-7db3a734b84f@group-B134B5651726-FollowerState
2022-10-18 06:30:30,028 [f912eaa7-674f-48b0-9650-7db3a734b84f@group-B134B5651726-FollowerState] INFO  server.RaftServer$Division (RaftServerImpl.java:setRole(299)) - f912eaa7-674f-48b0-9650-7db3a734b84f@group-B134B5651726: changes role from  FOLLOWER to CANDIDATE at term 0 for changeToCandidate
2022-10-18 06:30:30,028 [f912eaa7-674f-48b0-9650-7db3a734b84f@group-B134B5651726-FollowerState] INFO  server.RaftServerConfigKeys (ConfUtils.java:logGet(46)) - raft.server.leaderelection.pre-vote = false (custom)
2022-10-18 06:30:30,028 [f912eaa7-674f-48b0-9650-7db3a734b84f@group-B134B5651726-FollowerState] INFO  impl.RoleInfo (RoleInfo.java:updateAndGet(139)) - f912eaa7-674f-48b0-9650-7db3a734b84f: start f912eaa7-674f-48b0-9650-7db3a734b84f@group-B134B5651726-LeaderElection4
2022-10-18 06:30:30,031 [f912eaa7-674f-48b0-9650-7db3a734b84f@group-B134B5651726-LeaderElection4] INFO  impl.LeaderElection (LeaderElection.java:askForVotes(310)) - f912eaa7-674f-48b0-9650-7db3a734b84f@group-B134B5651726-LeaderElection4 ELECTION round 0: submit vote requests at term 1 for -1: [333fb9a0-223e-4e03-84f2-9b3e3da077bc|rpc:10.1.1.164:38805|priority:1, 8d40dd4f-9fd4-4768-a502-00d88259605f|rpc:10.1.1.164:44335|priority:0, f912eaa7-674f-48b0-9650-7db3a734b84f|rpc:10.1.1.164:37695|priority:0], old=null
2022-10-18 06:30:30,038 [grpc-default-executor-1] INFO  server.RaftServer$Division (RaftServerImpl.java:requestVote(1152)) - 8d40dd4f-9fd4-4768-a502-00d88259605f@group-B134B5651726: receive requestVote(ELECTION, f912eaa7-674f-48b0-9650-7db3a734b84f, group-B134B5651726, 1, (t:0, i:0))
2022-10-18 06:30:30,038 [grpc-default-executor-1] INFO  impl.VoteContext (VoteContext.java:log(48)) - 8d40dd4f-9fd4-4768-a502-00d88259605f@group-B134B5651726-FOLLOWER: accept ELECTION from f912eaa7-674f-48b0-9650-7db3a734b84f: our priority 0 <= candidate's priority 0
2022-10-18 06:30:30,038 [grpc-default-executor-1] INFO  server.RaftServer$Division (RaftServerImpl.java:setRole(299)) - 8d40dd4f-9fd4-4768-a502-00d88259605f@group-B134B5651726: changes role from  FOLLOWER to FOLLOWER at term 1 for candidate:f912eaa7-674f-48b0-9650-7db3a734b84f
2022-10-18 06:30:30,038 [grpc-default-executor-1] INFO  impl.RoleInfo (RoleInfo.java:shutdownFollowerState(110)) - 8d40dd4f-9fd4-4768-a502-00d88259605f: shutdown 8d40dd4f-9fd4-4768-a502-00d88259605f@group-B134B5651726-FollowerState
2022-10-18 06:30:30,038 [grpc-default-executor-1] INFO  impl.RoleInfo (RoleInfo.java:updateAndGet(139)) - 8d40dd4f-9fd4-4768-a502-00d88259605f: start 8d40dd4f-9fd4-4768-a502-00d88259605f@group-B134B5651726-FollowerState
2022-10-18 06:30:30,040 [grpc-default-executor-1] INFO  server.RaftServer$Division (RaftServerImpl.java:requestVote(1184)) - 8d40dd4f-9fd4-4768-a502-00d88259605f@group-B134B5651726 replies to ELECTION vote request: f912eaa7-674f-48b0-9650-7db3a734b84f<-8d40dd4f-9fd4-4768-a502-00d88259605f#0:OK-t1. Peer's state: 8d40dd4f-9fd4-4768-a502-00d88259605f@group-B134B5651726:t1, leader=null, voted=f912eaa7-674f-48b0-9650-7db3a734b84f, raftlog=8d40dd4f-9fd4-4768-a502-00d88259605f@group-B134B5651726-SegmentedRaftLog:OPENED:c-1, conf=-1: [333fb9a0-223e-4e03-84f2-9b3e3da077bc|rpc:10.1.1.164:38805|dataStream:|priority:1, 8d40dd4f-9fd4-4768-a502-00d88259605f|rpc:10.1.1.164:44335|dataStream:|priority:0, f912eaa7-674f-48b0-9650-7db3a734b84f|rpc:10.1.1.164:37695|dataStream:|priority:0], old=null
2022-10-18 06:30:30,040 [8d40dd4f-9fd4-4768-a502-00d88259605f@group-B134B5651726-FollowerState] INFO  impl.FollowerState (FollowerState.java:run(152)) - 8d40dd4f-9fd4-4768-a502-00d88259605f@group-B134B5651726-FollowerState was interrupted
2022-10-18 06:30:30,048 [grpc-default-executor-2] INFO  server.RaftServer$Division (RaftServerImpl.java:requestVote(1152)) - 333fb9a0-223e-4e03-84f2-9b3e3da077bc@group-B134B5651726: receive requestVote(ELECTION, f912eaa7-674f-48b0-9650-7db3a734b84f, group-B134B5651726, 1, (t:0, i:0))
2022-10-18 06:30:30,049 [grpc-default-executor-2] INFO  impl.VoteContext (VoteContext.java:log(48)) - 333fb9a0-223e-4e03-84f2-9b3e3da077bc@group-B134B5651726-FOLLOWER: reject ELECTION from f912eaa7-674f-48b0-9650-7db3a734b84f: our priority 1 > candidate's priority 0
2022-10-18 06:30:30,050 [grpc-default-executor-2] INFO  server.RaftServer$Division (RaftServerImpl.java:setRole(299)) - 333fb9a0-223e-4e03-84f2-9b3e3da077bc@group-B134B5651726: changes role from  FOLLOWER to FOLLOWER at term 1 for candidate:f912eaa7-674f-48b0-9650-7db3a734b84f
2022-10-18 06:30:30,050 [grpc-default-executor-2] INFO  impl.RoleInfo (RoleInfo.java:shutdownFollowerState(110)) - 333fb9a0-223e-4e03-84f2-9b3e3da077bc: shutdown 333fb9a0-223e-4e03-84f2-9b3e3da077bc@group-B134B5651726-FollowerState
2022-10-18 06:30:30,050 [grpc-default-executor-2] INFO  impl.RoleInfo (RoleInfo.java:updateAndGet(139)) - 333fb9a0-223e-4e03-84f2-9b3e3da077bc: start 333fb9a0-223e-4e03-84f2-9b3e3da077bc@group-B134B5651726-FollowerState
2022-10-18 06:30:30,050 [333fb9a0-223e-4e03-84f2-9b3e3da077bc@group-B134B5651726-FollowerState] INFO  impl.FollowerState (FollowerState.java:run(152)) - 333fb9a0-223e-4e03-84f2-9b3e3da077bc@group-B134B5651726-FollowerState was interrupted
2022-10-18 06:30:30,053 [grpc-default-executor-2] INFO  server.RaftServer$Division (RaftServerImpl.java:requestVote(1184)) - 333fb9a0-223e-4e03-84f2-9b3e3da077bc@group-B134B5651726 replies to ELECTION vote request: f912eaa7-674f-48b0-9650-7db3a734b84f<-333fb9a0-223e-4e03-84f2-9b3e3da077bc#0:FAIL-t1. Peer's state: 333fb9a0-223e-4e03-84f2-9b3e3da077bc@group-B134B5651726:t1, leader=null, voted=null, raftlog=333fb9a0-223e-4e03-84f2-9b3e3da077bc@group-B134B5651726-SegmentedRaftLog:OPENED:c-1, conf=-1: [333fb9a0-223e-4e03-84f2-9b3e3da077bc|rpc:10.1.1.164:38805|dataStream:|priority:1, 8d40dd4f-9fd4-4768-a502-00d88259605f|rpc:10.1.1.164:44335|dataStream:|priority:0, f912eaa7-674f-48b0-9650-7db3a734b84f|rpc:10.1.1.164:37695|dataStream:|priority:0], old=null
2022-10-18 06:30:30,057 [f912eaa7-674f-48b0-9650-7db3a734b84f@group-B134B5651726-LeaderElection4] INFO  impl.LeaderElection (LeaderElection.java:logAndReturn(90)) - f912eaa7-674f-48b0-9650-7db3a734b84f@group-B134B5651726-LeaderElection4: ELECTION REJECTED received 2 response(s) and 0 exception(s):
2022-10-18 06:30:30,057 [f912eaa7-674f-48b0-9650-7db3a734b84f@group-B134B5651726-LeaderElection4] INFO  impl.LeaderElection (LeaderElection.java:logAndReturn(94)) -   Response 0: f912eaa7-674f-48b0-9650-7db3a734b84f<-333fb9a0-223e-4e03-84f2-9b3e3da077bc#0:FAIL-t1
2022-10-18 06:30:30,057 [f912eaa7-674f-48b0-9650-7db3a734b84f@group-B134B5651726-LeaderElection4] INFO  impl.LeaderElection (LeaderElection.java:logAndReturn(94)) -   Response 1: f912eaa7-674f-48b0-9650-7db3a734b84f<-8d40dd4f-9fd4-4768-a502-00d88259605f#0:OK-t1
2022-10-18 06:30:30,057 [f912eaa7-674f-48b0-9650-7db3a734b84f@group-B134B5651726-LeaderElection4] INFO  impl.LeaderElection (LeaderElection.java:askForVotes(312)) - f912eaa7-674f-48b0-9650-7db3a734b84f@group-B134B5651726-LeaderElection4 ELECTION round 0: result REJECTED
2022-10-18 06:30:30,057 [f912eaa7-674f-48b0-9650-7db3a734b84f@group-B134B5651726-LeaderElection4] INFO  server.RaftServer$Division (RaftServerImpl.java:setRole(299)) - f912eaa7-674f-48b0-9650-7db3a734b84f@group-B134B5651726: changes role from CANDIDATE to FOLLOWER at term 1 for REJECTED
2022-10-18 06:30:30,058 [f912eaa7-674f-48b0-9650-7db3a734b84f@group-B134B5651726-LeaderElection4] INFO  impl.RoleInfo (RoleInfo.java:shutdownLeaderElection(130)) - f912eaa7-674f-48b0-9650-7db3a734b84f: shutdown f912eaa7-674f-48b0-9650-7db3a734b84f@group-B134B5651726-LeaderElection4
2022-10-18 06:30:30,058 [f912eaa7-674f-48b0-9650-7db3a734b84f@group-B134B5651726-LeaderElection4] INFO  impl.RoleInfo (RoleInfo.java:updateAndGet(139)) - f912eaa7-674f-48b0-9650-7db3a734b84f: start f912eaa7-674f-48b0-9650-7db3a734b84f@group-B134B5651726-FollowerState
2022-10-18 06:30:30,116 [8d40dd4f-9fd4-4768-a502-00d88259605f@group-E8060E490464-FollowerState] INFO  impl.FollowerState (FollowerState.java:run(143)) - 8d40dd4f-9fd4-4768-a502-00d88259605f@group-E8060E490464-FollowerState: change to CANDIDATE, lastRpcElapsedTime:5065442216ns, electionTimeout:5063ms
2022-10-18 06:30:30,117 [8d40dd4f-9fd4-4768-a502-00d88259605f@group-E8060E490464-FollowerState] INFO  impl.RoleInfo (RoleInfo.java:shutdownFollowerState(110)) - 8d40dd4f-9fd4-4768-a502-00d88259605f: shutdown 8d40dd4f-9fd4-4768-a502-00d88259605f@group-E8060E490464-FollowerState
2022-10-18 06:30:30,118 [8d40dd4f-9fd4-4768-a502-00d88259605f@group-E8060E490464-FollowerState] INFO  server.RaftServer$Division (RaftServerImpl.java:setRole(299)) - 8d40dd4f-9fd4-4768-a502-00d88259605f@group-E8060E490464: changes role from  FOLLOWER to CANDIDATE at term 0 for changeToCandidate
2022-10-18 06:30:30,118 [8d40dd4f-9fd4-4768-a502-00d88259605f@group-E8060E490464-FollowerState] INFO  server.RaftServerConfigKeys (ConfUtils.java:logGet(46)) - raft.server.leaderelection.pre-vote = false (custom)
2022-10-18 06:30:30,118 [8d40dd4f-9fd4-4768-a502-00d88259605f@group-E8060E490464-FollowerState] INFO  impl.RoleInfo (RoleInfo.java:updateAndGet(139)) - 8d40dd4f-9fd4-4768-a502-00d88259605f: start 8d40dd4f-9fd4-4768-a502-00d88259605f@group-E8060E490464-LeaderElection5
2022-10-18 06:30:30,123 [8d40dd4f-9fd4-4768-a502-00d88259605f@group-E8060E490464-LeaderElection5] INFO  impl.LeaderElection (LeaderElection.java:askForVotes(310)) - 8d40dd4f-9fd4-4768-a502-00d88259605f@group-E8060E490464-LeaderElection5 ELECTION round 0: submit vote requests at term 1 for -1: [8d40dd4f-9fd4-4768-a502-00d88259605f|rpc:10.1.1.164:44335|priority:1], old=null
2022-10-18 06:30:30,123 [8d40dd4f-9fd4-4768-a502-00d88259605f@group-E8060E490464-LeaderElection5] INFO  impl.LeaderElection (LeaderElection.java:askForVotes(312)) - 8d40dd4f-9fd4-4768-a502-00d88259605f@group-E8060E490464-LeaderElection5 ELECTION round 0: result PASSED (term=1)
2022-10-18 06:30:30,123 [8d40dd4f-9fd4-4768-a502-00d88259605f@group-E8060E490464-LeaderElection5] INFO  impl.RoleInfo (RoleInfo.java:shutdownLeaderElection(130)) - 8d40dd4f-9fd4-4768-a502-00d88259605f: shutdown 8d40dd4f-9fd4-4768-a502-00d88259605f@group-E8060E490464-LeaderElection5
2022-10-18 06:30:30,123 [8d40dd4f-9fd4-4768-a502-00d88259605f@group-E8060E490464-LeaderElection5] INFO  server.RaftServer$Division (RaftServerImpl.java:setRole(299)) - 8d40dd4f-9fd4-4768-a502-00d88259605f@group-E8060E490464: changes role from CANDIDATE to LEADER at term 1 for changeToLeader
2022-10-18 06:30:30,123 [8d40dd4f-9fd4-4768-a502-00d88259605f@group-E8060E490464-LeaderElection5] INFO  ratis.XceiverServerRatis (XceiverServerRatis.java:handleLeaderChangedNotification(863)) - Leader change notification received for group: group-E8060E490464 with new leaderId: 8d40dd4f-9fd4-4768-a502-00d88259605f
2022-10-18 06:30:30,123 [8d40dd4f-9fd4-4768-a502-00d88259605f@group-E8060E490464-LeaderElection5] INFO  server.RaftServer$Division (ServerState.java:setLeader(287)) - 8d40dd4f-9fd4-4768-a502-00d88259605f@group-E8060E490464: change Leader from null to 8d40dd4f-9fd4-4768-a502-00d88259605f at term 1 for becomeLeader, leader elected after 5091ms
2022-10-18 06:30:30,124 [8d40dd4f-9fd4-4768-a502-00d88259605f@group-E8060E490464-LeaderElection5] INFO  server.RaftServerConfigKeys (ConfUtils.java:logGet(46)) - raft.server.staging.catchup.gap = 1000 (default)
2022-10-18 06:30:30,124 [8d40dd4f-9fd4-4768-a502-00d88259605f@group-E8060E490464-LeaderElection5] INFO  server.RaftServerConfigKeys (ConfUtils.java:logGet(46)) - raft.server.write.element-limit = 1024 (custom)
2022-10-18 06:30:30,124 [8d40dd4f-9fd4-4768-a502-00d88259605f@group-E8060E490464-LeaderElection5] INFO  server.RaftServerConfigKeys (ConfUtils.java:logGet(46)) - raft.server.write.byte-limit = 1024 M (=1073741824) (custom)
2022-10-18 06:30:30,124 [8d40dd4f-9fd4-4768-a502-00d88259605f@group-E8060E490464-LeaderElection5] INFO  server.RaftServerConfigKeys (ConfUtils.java:logGet(46)) - raft.server.watch.timeout = 180s (custom)
2022-10-18 06:30:30,124 [8d40dd4f-9fd4-4768-a502-00d88259605f@group-E8060E490464-LeaderElection5] INFO  server.RaftServerConfigKeys (ConfUtils.java:logGet(46)) - raft.server.watch.timeout.denomination = 1s (default)
2022-10-18 06:30:30,124 [8d40dd4f-9fd4-4768-a502-00d88259605f@group-E8060E490464-LeaderElection5] INFO  server.RaftServerConfigKeys (ConfUtils.java:logGet(46)) - raft.server.watch.element-limit = 65536 (default)
2022-10-18 06:30:30,125 [8d40dd4f-9fd4-4768-a502-00d88259605f@group-E8060E490464-LeaderElection5] INFO  server.RaftServerConfigKeys (ConfUtils.java:logGet(46)) - raft.server.write.element-limit = 1024 (custom)
2022-10-18 06:30:30,125 [8d40dd4f-9fd4-4768-a502-00d88259605f@group-E8060E490464-LeaderElection5] INFO  server.RaftServerConfigKeys (ConfUtils.java:logGet(46)) - raft.server.write.follower.gap.ratio.max = -1.0 (default)
2022-10-18 06:30:30,125 [8d40dd4f-9fd4-4768-a502-00d88259605f@group-E8060E490464-LeaderElection5] INFO  impl.RoleInfo (RoleInfo.java:updateAndGet(139)) - 8d40dd4f-9fd4-4768-a502-00d88259605f: start 8d40dd4f-9fd4-4768-a502-00d88259605f@group-E8060E490464-LeaderStateImpl
2022-10-18 06:30:30,125 [8d40dd4f-9fd4-4768-a502-00d88259605f@group-E8060E490464-LeaderElection5] INFO  segmented.SegmentedRaftLogWorker (SegmentedRaftLogWorker.java:startLogSegment(425)) - 8d40dd4f-9fd4-4768-a502-00d88259605f@group-E8060E490464-SegmentedRaftLogWorker: Starting segment from index:0
2022-10-18 06:30:30,126 [8d40dd4f-9fd4-4768-a502-00d88259605f@group-E8060E490464-LeaderElection5] INFO  server.RaftServer$Division (ServerState.java:setRaftConf(393)) - 8d40dd4f-9fd4-4768-a502-00d88259605f@group-E8060E490464: set configuration 0: [8d40dd4f-9fd4-4768-a502-00d88259605f|rpc:10.1.1.164:44335|dataStream:|priority:1], old=null
2022-10-18 06:30:30,126 [8d40dd4f-9fd4-4768-a502-00d88259605f@group-E8060E490464-SegmentedRaftLogWorker] INFO  segmented.SegmentedRaftLogWorker (SegmentedRaftLogWorker.java:execute(629)) - 8d40dd4f-9fd4-4768-a502-00d88259605f@group-E8060E490464-SegmentedRaftLogWorker: created new log segment /home/runner/work/ozone/ozone/hadoop-ozone/integration-test/target/test-dir/MiniOzoneClusterImpl-489ebd61-a341-4d14-a135-ade311a26152/datanode-1/data/ratis/d033f1a2-8313-423c-b26b-e8060e490464/current/log_inprogress_0
2022-10-18 06:30:30,331 [Listener at 127.0.0.1/45465] INFO  ozone.MiniOzoneClusterImpl (MiniOzoneClusterImpl.java:lambda$waitForClusterToBeReady$0(216)) - Nodes are ready. Got 3 of 3 DN Heartbeats.
2022-10-18 06:30:30,331 [Listener at 127.0.0.1/45465] INFO  ozone.MiniOzoneClusterImpl (MiniOzoneClusterImpl.java:lambda$waitForClusterToBeReady$0(219)) - Cluster exits safe mode
2022-10-18 06:30:30,331 [Listener at 127.0.0.1/45465] INFO  ozone.MiniOzoneClusterImpl (MiniOzoneClusterImpl.java:lambda$waitForClusterToBeReady$0(221)) - SCM became leader
2022-10-18 06:30:30,530 [333fb9a0-223e-4e03-84f2-9b3e3da077bc@group-05D64046F8CA-FollowerState] INFO  impl.FollowerState (FollowerState.java:run(143)) - 333fb9a0-223e-4e03-84f2-9b3e3da077bc@group-05D64046F8CA-FollowerState: change to CANDIDATE, lastRpcElapsedTime:5186012034ns, electionTimeout:5185ms
2022-10-18 06:30:30,530 [333fb9a0-223e-4e03-84f2-9b3e3da077bc@group-05D64046F8CA-FollowerState] INFO  impl.RoleInfo (RoleInfo.java:shutdownFollowerState(110)) - 333fb9a0-223e-4e03-84f2-9b3e3da077bc: shutdown 333fb9a0-223e-4e03-84f2-9b3e3da077bc@group-05D64046F8CA-FollowerState
2022-10-18 06:30:30,530 [333fb9a0-223e-4e03-84f2-9b3e3da077bc@group-05D64046F8CA-FollowerState] INFO  server.RaftServer$Division (RaftServerImpl.java:setRole(299)) - 333fb9a0-223e-4e03-84f2-9b3e3da077bc@group-05D64046F8CA: changes role from  FOLLOWER to CANDIDATE at term 0 for changeToCandidate
2022-10-18 06:30:30,531 [333fb9a0-223e-4e03-84f2-9b3e3da077bc@group-05D64046F8CA-FollowerState] INFO  server.RaftServerConfigKeys (ConfUtils.java:logGet(46)) - raft.server.leaderelection.pre-vote = false (custom)
2022-10-18 06:30:30,531 [333fb9a0-223e-4e03-84f2-9b3e3da077bc@group-05D64046F8CA-FollowerState] INFO  impl.RoleInfo (RoleInfo.java:updateAndGet(139)) - 333fb9a0-223e-4e03-84f2-9b3e3da077bc: start 333fb9a0-223e-4e03-84f2-9b3e3da077bc@group-05D64046F8CA-LeaderElection6
2022-10-18 06:30:30,549 [333fb9a0-223e-4e03-84f2-9b3e3da077bc@group-05D64046F8CA-LeaderElection6] INFO  impl.LeaderElection (LeaderElection.java:askForVotes(310)) - 333fb9a0-223e-4e03-84f2-9b3e3da077bc@group-05D64046F8CA-LeaderElection6 ELECTION round 0: submit vote requests at term 1 for -1: [333fb9a0-223e-4e03-84f2-9b3e3da077bc|rpc:10.1.1.164:38805|priority:1], old=null
2022-10-18 06:30:30,549 [333fb9a0-223e-4e03-84f2-9b3e3da077bc@group-05D64046F8CA-LeaderElection6] INFO  impl.LeaderElection (LeaderElection.java:askForVotes(312)) - 333fb9a0-223e-4e03-84f2-9b3e3da077bc@group-05D64046F8CA-LeaderElection6 ELECTION round 0: result PASSED (term=1)
2022-10-18 06:30:30,549 [333fb9a0-223e-4e03-84f2-9b3e3da077bc@group-05D64046F8CA-LeaderElection6] INFO  impl.RoleInfo (RoleInfo.java:shutdownLeaderElection(130)) - 333fb9a0-223e-4e03-84f2-9b3e3da077bc: shutdown 333fb9a0-223e-4e03-84f2-9b3e3da077bc@group-05D64046F8CA-LeaderElection6
2022-10-18 06:30:30,549 [333fb9a0-223e-4e03-84f2-9b3e3da077bc@group-05D64046F8CA-LeaderElection6] INFO  server.RaftServer$Division (RaftServerImpl.java:setRole(299)) - 333fb9a0-223e-4e03-84f2-9b3e3da077bc@group-05D64046F8CA: changes role from CANDIDATE to LEADER at term 1 for changeToLeader
2022-10-18 06:30:30,549 [333fb9a0-223e-4e03-84f2-9b3e3da077bc@group-05D64046F8CA-LeaderElection6] INFO  ratis.XceiverServerRatis (XceiverServerRatis.java:handleLeaderChangedNotification(863)) - Leader change notification received for group: group-05D64046F8CA with new leaderId: 333fb9a0-223e-4e03-84f2-9b3e3da077bc
2022-10-18 06:30:30,552 [333fb9a0-223e-4e03-84f2-9b3e3da077bc@group-05D64046F8CA-LeaderElection6] INFO  server.RaftServer$Division (ServerState.java:setLeader(287)) - 333fb9a0-223e-4e03-84f2-9b3e3da077bc@group-05D64046F8CA: change Leader from null to 333fb9a0-223e-4e03-84f2-9b3e3da077bc at term 1 for becomeLeader, leader elected after 5210ms
2022-10-18 06:30:30,552 [333fb9a0-223e-4e03-84f2-9b3e3da077bc@group-05D64046F8CA-LeaderElection6] INFO  server.RaftServerConfigKeys (ConfUtils.java:logGet(46)) - raft.server.staging.catchup.gap = 1000 (default)
2022-10-18 06:30:30,558 [333fb9a0-223e-4e03-84f2-9b3e3da077bc@group-05D64046F8CA-LeaderElection6] INFO  server.RaftServerConfigKeys (ConfUtils.java:logGet(46)) - raft.server.write.element-limit = 1024 (custom)
2022-10-18 06:30:30,558 [333fb9a0-223e-4e03-84f2-9b3e3da077bc@group-05D64046F8CA-LeaderElection6] INFO  server.RaftServerConfigKeys (ConfUtils.java:logGet(46)) - raft.server.write.byte-limit = 1024 M (=1073741824) (custom)
2022-10-18 06:30:30,558 [333fb9a0-223e-4e03-84f2-9b3e3da077bc@group-05D64046F8CA-LeaderElection6] INFO  server.RaftServerConfigKeys (ConfUtils.java:logGet(46)) - raft.server.watch.timeout = 180s (custom)
2022-10-18 06:30:30,558 [333fb9a0-223e-4e03-84f2-9b3e3da077bc@group-05D64046F8CA-LeaderElection6] INFO  server.RaftServerConfigKeys (ConfUtils.java:logGet(46)) - raft.server.watch.timeout.denomination = 1s (default)
2022-10-18 06:30:30,558 [333fb9a0-223e-4e03-84f2-9b3e3da077bc@group-05D64046F8CA-LeaderElection6] INFO  server.RaftServerConfigKeys (ConfUtils.java:logGet(46)) - raft.server.watch.element-limit = 65536 (default)
2022-10-18 06:30:30,558 [333fb9a0-223e-4e03-84f2-9b3e3da077bc@group-05D64046F8CA-LeaderElection6] INFO  server.RaftServerConfigKeys (ConfUtils.java:logGet(46)) - raft.server.write.element-limit = 1024 (custom)
2022-10-18 06:30:30,558 [333fb9a0-223e-4e03-84f2-9b3e3da077bc@group-05D64046F8CA-LeaderElection6] INFO  server.RaftServerConfigKeys (ConfUtils.java:logGet(46)) - raft.server.write.follower.gap.ratio.max = -1.0 (default)
2022-10-18 06:30:30,558 [333fb9a0-223e-4e03-84f2-9b3e3da077bc@group-05D64046F8CA-LeaderElection6] INFO  impl.RoleInfo (RoleInfo.java:updateAndGet(139)) - 333fb9a0-223e-4e03-84f2-9b3e3da077bc: start 333fb9a0-223e-4e03-84f2-9b3e3da077bc@group-05D64046F8CA-LeaderStateImpl
2022-10-18 06:30:30,559 [333fb9a0-223e-4e03-84f2-9b3e3da077bc@group-05D64046F8CA-LeaderElection6] INFO  segmented.SegmentedRaftLogWorker (SegmentedRaftLogWorker.java:startLogSegment(425)) - 333fb9a0-223e-4e03-84f2-9b3e3da077bc@group-05D64046F8CA-SegmentedRaftLogWorker: Starting segment from index:0
2022-10-18 06:30:30,565 [333fb9a0-223e-4e03-84f2-9b3e3da077bc@group-05D64046F8CA-SegmentedRaftLogWorker] INFO  segmented.SegmentedRaftLogWorker (SegmentedRaftLogWorker.java:execute(629)) - 333fb9a0-223e-4e03-84f2-9b3e3da077bc@group-05D64046F8CA-SegmentedRaftLogWorker: created new log segment /home/runner/work/ozone/ozone/hadoop-ozone/integration-test/target/test-dir/MiniOzoneClusterImpl-489ebd61-a341-4d14-a135-ade311a26152/datanode-2/data/ratis/1958a87d-9d39-4434-978e-05d64046f8ca/current/log_inprogress_0
2022-10-18 06:30:30,566 [333fb9a0-223e-4e03-84f2-9b3e3da077bc@group-05D64046F8CA-LeaderElection6] INFO  server.RaftServer$Division (ServerState.java:setRaftConf(393)) - 333fb9a0-223e-4e03-84f2-9b3e3da077bc@group-05D64046F8CA: set configuration 0: [333fb9a0-223e-4e03-84f2-9b3e3da077bc|rpc:10.1.1.164:38805|dataStream:|priority:1], old=null
2022-10-18 06:30:30,784 [Listener at 127.0.0.1/45465] INFO  rpc.RpcClient (RpcClient.java:createVolume(471)) - Creating Volume: volume50496, with user38931 as owner and space quota set to -1 bytes, counts quota set to -1
2022-10-18 06:30:30,840 [OM StateMachine ApplyTransaction Thread - 0] INFO  volume.OMVolumeCreateRequest (OMVolumeCreateRequest.java:validateAndUpdateCache(195)) - created volume:volume50496 for user:user38931
2022-10-18 06:30:30,842 [OM StateMachine ApplyTransaction Thread - 0] INFO  volume.OMVolumeCreateRequest (OMVolumeCreateRequest.java:validateAndUpdateCache(195)) - created volume:volume50496 for user:user38931
2022-10-18 06:30:30,849 [OM StateMachine ApplyTransaction Thread - 0] INFO  volume.OMVolumeCreateRequest (OMVolumeCreateRequest.java:validateAndUpdateCache(195)) - created volume:volume50496 for user:user38931
2022-10-18 06:30:30,874 [Listener at 127.0.0.1/45465] INFO  rpc.RpcClient (RpcClient.java:createBucket(674)) - Creating Bucket: volume50496/961c56c2-82b3-4620-b03f-55e17009109b, with server-side default bucket layout, runner as owner, Versioning false, Storage Type set to DISK and Encryption set to false 
2022-10-18 06:30:30,892 [OM StateMachine ApplyTransaction Thread - 0] INFO  bucket.OMBucketCreateRequest (OMBucketCreateRequest.java:validateAndUpdateCache(260)) - created bucket: 961c56c2-82b3-4620-b03f-55e17009109b of layout LEGACY in volume: volume50496
2022-10-18 06:30:30,898 [OM StateMachine ApplyTransaction Thread - 0] INFO  bucket.OMBucketCreateRequest (OMBucketCreateRequest.java:validateAndUpdateCache(260)) - created bucket: 961c56c2-82b3-4620-b03f-55e17009109b of layout LEGACY in volume: volume50496
2022-10-18 06:30:30,915 [OM StateMachine ApplyTransaction Thread - 0] INFO  bucket.OMBucketCreateRequest (OMBucketCreateRequest.java:validateAndUpdateCache(260)) - created bucket: 961c56c2-82b3-4620-b03f-55e17009109b of layout LEGACY in volume: volume50496
2022-10-18 06:30:31,013 [IPC Server handler 2 on default port 37351] INFO  ha.SequenceIdGenerator (SequenceIdGenerator.java:getNextId(128)) - Allocate a batch for containerId, change lastId from 0 to 1000.
2022-10-18 06:30:31,021 [IPC Server handler 2 on default port 37351] WARN  ha.SequenceIdGenerator (SequenceIdGenerator.java:allocateBatch(237)) - Failed to allocate a batch for localId, expected lastId is 0, actual lastId is 109611004723200000.
2022-10-18 06:30:31,022 [IPC Server handler 2 on default port 37351] INFO  ha.SequenceIdGenerator (SequenceIdGenerator.java:getNextId(128)) - Allocate a batch for localId, change lastId from 109611004723200000 to 109611004723201000.
2022-10-18 06:30:31,077 [Listener at 127.0.0.1/45465] INFO  impl.MetricsSystemImpl (MetricsSystemImpl.java:init(158)) - XceiverClientMetrics metrics system started (again)
2022-10-18 06:30:31,777 [Listener at 127.0.0.1/45465] INFO  rpc.RpcClient (RpcClient.java:createVolume(471)) - Creating Volume: volume57594, with user18257 as owner and space quota set to -1 bytes, counts quota set to -1
2022-10-18 06:30:31,784 [OM StateMachine ApplyTransaction Thread - 0] INFO  volume.OMVolumeCreateRequest (OMVolumeCreateRequest.java:validateAndUpdateCache(195)) - created volume:volume57594 for user:user18257
2022-10-18 06:30:31,792 [Listener at 127.0.0.1/45465] INFO  rpc.RpcClient (RpcClient.java:createBucket(674)) - Creating Bucket: volume57594/adb41ddd-4db0-454d-882b-ae7bf4bae75a, with server-side default bucket layout, runner as owner, Versioning false, Storage Type set to DISK and Encryption set to false 
2022-10-18 06:30:31,793 [OM StateMachine ApplyTransaction Thread - 0] INFO  volume.OMVolumeCreateRequest (OMVolumeCreateRequest.java:validateAndUpdateCache(195)) - created volume:volume57594 for user:user18257
2022-10-18 06:30:31,799 [OM StateMachine ApplyTransaction Thread - 0] INFO  volume.OMVolumeCreateRequest (OMVolumeCreateRequest.java:validateAndUpdateCache(195)) - created volume:volume57594 for user:user18257
2022-10-18 06:30:31,806 [OM StateMachine ApplyTransaction Thread - 0] INFO  bucket.OMBucketCreateRequest (OMBucketCreateRequest.java:validateAndUpdateCache(260)) - created bucket: adb41ddd-4db0-454d-882b-ae7bf4bae75a of layout LEGACY in volume: volume57594
2022-10-18 06:30:31,813 [OM StateMachine ApplyTransaction Thread - 0] INFO  bucket.OMBucketCreateRequest (OMBucketCreateRequest.java:validateAndUpdateCache(260)) - created bucket: adb41ddd-4db0-454d-882b-ae7bf4bae75a of layout LEGACY in volume: volume57594
2022-10-18 06:30:31,815 [OM StateMachine ApplyTransaction Thread - 0] INFO  bucket.OMBucketCreateRequest (OMBucketCreateRequest.java:validateAndUpdateCache(260)) - created bucket: adb41ddd-4db0-454d-882b-ae7bf4bae75a of layout LEGACY in volume: volume57594
2022-10-18 06:30:31,821 [Listener at 127.0.0.1/45465] INFO  om.OzoneManager (OzoneManager.java:stop(2034)) - omNode-1[localhost:33523]: Stopping Ozone Manager
2022-10-18 06:30:31,821 [Listener at 127.0.0.1/45465] INFO  ipc.Server (Server.java:stop(3428)) - Stopping server on 33523
2022-10-18 06:30:31,840 [IPC Server listener on 33523] INFO  ipc.Server (Server.java:run(1384)) - Stopping IPC Server listener on 33523
2022-10-18 06:30:31,841 [IPC Server Responder] INFO  ipc.Server (Server.java:run(1517)) - Stopping IPC Server Responder
2022-10-18 06:30:31,841 [Listener at 127.0.0.1/45465] INFO  server.RaftServer (RaftServerProxy.java:lambda$close$7(398)) - omNode-1: close
2022-10-18 06:30:31,842 [Listener at 127.0.0.1/45465] INFO  server.RaftServer$Division (RaftServerImpl.java:lambda$close$4(434)) - omNode-1@group-523986131536: shutdown
2022-10-18 06:30:31,842 [Listener at 127.0.0.1/45465] INFO  util.JmxRegister (JmxRegister.java:unregister(73)) - Successfully un-registered JMX Bean with object name Ratis:service=RaftServer,group=group-523986131536,id=omNode-1
2022-10-18 06:30:31,842 [Listener at 127.0.0.1/45465] INFO  impl.RoleInfo (RoleInfo.java:shutdownLeaderState(93)) - omNode-1: shutdown omNode-1@group-523986131536-LeaderStateImpl
2022-10-18 06:30:31,843 [omNode-1@group-523986131536->omNode-3-GrpcLogAppender-LogAppenderDaemon] WARN  server.GrpcLogAppender (GrpcLogAppender.java:mayWait(171)) - omNode-1@group-523986131536->omNode-3-GrpcLogAppender: Wait interrupted by java.lang.InterruptedException
2022-10-18 06:30:31,844 [Listener at 127.0.0.1/45465] INFO  impl.PendingRequests (PendingRequests.java:sendNotLeaderResponses(282)) - omNode-1@group-523986131536-PendingRequests: sendNotLeaderResponses
2022-10-18 06:30:31,844 [grpc-default-executor-1] INFO  server.GrpcServerProtocolService (GrpcServerProtocolService.java:onCompleted(140)) - omNode-3: Completed APPEND_ENTRIES, lastRequest: omNode-1->omNode-3#153-t1,previous=(t:1, i:19),leaderCommit=19,initializing? true,entries: size=1, first=(t:1, i:20), METADATAENTRY(c:19)
2022-10-18 06:30:31,845 [grpc-default-executor-2] INFO  server.GrpcLogAppender (GrpcLogAppender.java:onCompleted(339)) - omNode-1@group-523986131536->omNode-3-AppendLogResponseHandler: follower responses appendEntries COMPLETED
2022-10-18 06:30:31,843 [omNode-1@group-523986131536->omNode-2-GrpcLogAppender-LogAppenderDaemon] WARN  server.GrpcLogAppender (GrpcLogAppender.java:mayWait(171)) - omNode-1@group-523986131536->omNode-2-GrpcLogAppender: Wait interrupted by java.lang.InterruptedException
2022-10-18 06:30:31,846 [grpc-default-executor-2] INFO  leader.FollowerInfo (FollowerInfoImpl.java:lambda$new$0(48)) - omNode-1@group-523986131536->omNode-3: nextIndex: updateUnconditionally 21 -> 20
2022-10-18 06:30:31,846 [grpc-default-executor-0] INFO  server.GrpcServerProtocolService (GrpcServerProtocolService.java:onCompleted(140)) - omNode-2: Completed APPEND_ENTRIES, lastRequest: omNode-1->omNode-2#161-t1,previous=(t:1, i:19),leaderCommit=19,initializing? true,entries: size=1, first=(t:1, i:20), METADATAENTRY(c:19)
2022-10-18 06:30:31,847 [grpc-default-executor-0] INFO  server.GrpcLogAppender (GrpcLogAppender.java:onCompleted(339)) - omNode-1@group-523986131536->omNode-2-AppendLogResponseHandler: follower responses appendEntries COMPLETED
2022-10-18 06:30:31,847 [grpc-default-executor-0] INFO  leader.FollowerInfo (FollowerInfoImpl.java:lambda$new$0(48)) - omNode-1@group-523986131536->omNode-2: nextIndex: updateUnconditionally 21 -> 20
2022-10-18 06:30:31,850 [Listener at 127.0.0.1/45465] INFO  impl.StateMachineUpdater (StateMachineUpdater.java:stopAndJoin(153)) - omNode-1@group-523986131536-StateMachineUpdater: set stopIndex = 20
2022-10-18 06:30:31,850 [omNode-1@group-523986131536-StateMachineUpdater] INFO  ratis.OzoneManagerStateMachine (OzoneManagerStateMachine.java:takeSnapshot(441)) - Current Snapshot Index (t:1, i:20)
2022-10-18 06:30:31,852 [omNode-1@group-523986131536-StateMachineUpdater] INFO  impl.StateMachineUpdater (StateMachineUpdater.java:takeSnapshot(287)) - omNode-1@group-523986131536-StateMachineUpdater: Took a snapshot at index 20
2022-10-18 06:30:31,852 [omNode-1@group-523986131536-StateMachineUpdater] INFO  impl.StateMachineUpdater (StateMachineUpdater.java:lambda$new$0(92)) - omNode-1@group-523986131536-StateMachineUpdater: snapshotIndex: updateIncreasingly -1 -> 20
2022-10-18 06:30:31,852 [omNode-1@group-523986131536-StateMachineUpdater] INFO  ratis.OzoneManagerStateMachine (OzoneManagerStateMachine.java:close(495)) - StateMachine has shutdown. Shutdown OzoneManager if not already shutdown.
2022-10-18 06:30:31,852 [omNode-1@group-523986131536-StateMachineUpdater] INFO  ratis.OzoneManagerDoubleBuffer (OzoneManagerDoubleBuffer.java:stop(466)) - Stopping OMDoubleBuffer flush thread
2022-10-18 06:30:31,852 [OMDoubleBufferFlushThread] INFO  ratis.OzoneManagerDoubleBuffer (OzoneManagerDoubleBuffer.java:flushTransactions(385)) - OMDoubleBuffer flush thread OMDoubleBufferFlushThread is interrupted and will exit.
2022-10-18 06:30:31,854 [Listener at 127.0.0.1/45465] INFO  server.RaftServer$Division (ServerState.java:close(429)) - omNode-1@group-523986131536: closes. applyIndex: 20
2022-10-18 06:30:31,854 [omNode-1@group-523986131536-SegmentedRaftLogWorker] INFO  segmented.SegmentedRaftLogWorker (SegmentedRaftLogWorker.java:run(336)) - omNode-1@group-523986131536-SegmentedRaftLogWorker was interrupted, exiting. There are 0 tasks remaining in the queue.
2022-10-18 06:30:31,856 [Listener at 127.0.0.1/45465] INFO  segmented.SegmentedRaftLogWorker (SegmentedRaftLogWorker.java:close(246)) - omNode-1@group-523986131536-SegmentedRaftLogWorker close()
2022-10-18 06:30:31,858 [Listener at 127.0.0.1/45465] INFO  server.GrpcService (GrpcService.java:closeImpl(269)) - omNode-1: shutdown server with port 46857 now
2022-10-18 06:30:31,868 [Listener at 127.0.0.1/45465] INFO  server.GrpcService (GrpcService.java:closeImpl(278)) - omNode-1: shutdown server with port 46857 successfully
2022-10-18 06:30:31,868 [org.apache.ratis.util.JvmPauseMonitor$$Lambda$703/523629281@3486cb21] INFO  util.JvmPauseMonitor (JvmPauseMonitor.java:run(109)) - JvmPauseMonitor-omNode-1: Stopped
2022-10-18 06:30:31,868 [Listener at 127.0.0.1/45465] INFO  ratis.OzoneManagerStateMachine (OzoneManagerStateMachine.java:close(495)) - StateMachine has shutdown. Shutdown OzoneManager if not already shutdown.
2022-10-18 06:30:31,868 [Listener at 127.0.0.1/45465] INFO  ratis.OzoneManagerDoubleBuffer (OzoneManagerDoubleBuffer.java:stop(478)) - OMDoubleBuffer flush thread is not running.
2022-10-18 06:30:31,869 [Listener at 127.0.0.1/45465] INFO  utils.BackgroundService (BackgroundService.java:shutdown(141)) - Shutting down service KeyDeletingService
2022-10-18 06:30:31,869 [Listener at 127.0.0.1/45465] INFO  utils.BackgroundService (BackgroundService.java:shutdown(141)) - Shutting down service DirectoryDeletingService
2022-10-18 06:30:31,869 [Listener at 127.0.0.1/45465] INFO  utils.BackgroundService (BackgroundService.java:shutdown(141)) - Shutting down service OpenKeyCleanupService
2022-10-18 06:30:31,871 [Listener at 127.0.0.1/45465] INFO  handler.ContextHandler (ContextHandler.java:doStop(1153)) - Stopped o.e.j.w.WebAppContext@4b885032{ozoneManager,/,null,STOPPED}{file:/home/runner/work/ozone/ozone/hadoop-ozone/integration-test/target/test-classes/webapps/ozoneManager}
2022-10-18 06:30:31,907 [Listener at 127.0.0.1/45465] INFO  server.AbstractConnector (AbstractConnector.java:doStop(381)) - Stopped ServerConnector@67d62e17{HTTP/1.1, (http/1.1)}{0.0.0.0:34657}
2022-10-18 06:30:31,908 [Listener at 127.0.0.1/45465] INFO  server.session (HouseKeeper.java:stopScavenging(149)) - node0 Stopped scavenging
2022-10-18 06:30:31,908 [Listener at 127.0.0.1/45465] INFO  handler.ContextHandler (ContextHandler.java:doStop(1153)) - Stopped o.e.j.s.ServletContextHandler@2f83346f{static,/static,file:///home/runner/work/ozone/ozone/hadoop-ozone/integration-test/target/test-classes/webapps/static,STOPPED}
2022-10-18 06:30:31,908 [Listener at 127.0.0.1/45465] INFO  handler.ContextHandler (ContextHandler.java:doStop(1153)) - Stopped o.e.j.s.ServletContextHandler@4e637cdf{logs,/logs,file:///home/runner/work/ozone/ozone/hadoop-ozone/integration-test/target/log,STOPPED}
2022-10-18 06:30:33,076 [omNode-2@group-523986131536-FollowerState] INFO  impl.FollowerState (FollowerState.java:run(143)) - omNode-2@group-523986131536-FollowerState: change to CANDIDATE, lastRpcElapsedTime:1250828250ns, electionTimeout:1056ms
2022-10-18 06:30:33,076 [omNode-2@group-523986131536-FollowerState] INFO  impl.RoleInfo (RoleInfo.java:shutdownFollowerState(110)) - omNode-2: shutdown omNode-2@group-523986131536-FollowerState
2022-10-18 06:30:33,076 [omNode-2@group-523986131536-FollowerState] INFO  server.RaftServer$Division (RaftServerImpl.java:setRole(299)) - omNode-2@group-523986131536: changes role from  FOLLOWER to CANDIDATE at term 1 for changeToCandidate
2022-10-18 06:30:33,077 [omNode-2@group-523986131536-FollowerState] INFO  server.RaftServerConfigKeys (ConfUtils.java:logGet(46)) - raft.server.leaderelection.pre-vote = false (custom)
2022-10-18 06:30:33,077 [omNode-2@group-523986131536-FollowerState] INFO  impl.RoleInfo (RoleInfo.java:updateAndGet(139)) - omNode-2: start omNode-2@group-523986131536-LeaderElection7
2022-10-18 06:30:33,078 [omNode-2@group-523986131536-LeaderElection7] INFO  server.RaftServer$Division (ServerState.java:setLeader(287)) - omNode-2@group-523986131536: change Leader from omNode-1 to null at term 1 for ELECTION
2022-10-18 06:30:33,080 [omNode-2@group-523986131536-LeaderElection7] INFO  impl.LeaderElection (LeaderElection.java:askForVotes(310)) - omNode-2@group-523986131536-LeaderElection7 ELECTION round 0: submit vote requests at term 2 for 0: [omNode-3|rpc:localhost:36149|admin:|client:|dataStream:|priority:0, omNode-1|rpc:localhost:46857|admin:|client:|dataStream:|priority:0, omNode-2|rpc:localhost:34021|admin:|client:|dataStream:|priority:0], old=null
2022-10-18 06:30:33,091 [omNode-2@group-523986131536-LeaderElection7] INFO  impl.LeaderElection (LogUtils.java:infoOrTrace(137)) - omNode-2@group-523986131536-LeaderElection7 got exception when requesting votes: java.util.concurrent.ExecutionException: org.apache.ratis.thirdparty.io.grpc.StatusRuntimeException: UNAVAILABLE: io exception
2022-10-18 06:30:33,093 [grpc-default-executor-0] INFO  server.RaftServer$Division (RaftServerImpl.java:requestVote(1152)) - omNode-3@group-523986131536: receive requestVote(ELECTION, omNode-2, group-523986131536, 2, (t:1, i:20))
2022-10-18 06:30:33,093 [grpc-default-executor-0] INFO  impl.VoteContext (VoteContext.java:log(48)) - omNode-3@group-523986131536-FOLLOWER: accept ELECTION from omNode-2: our priority 0 <= candidate's priority 0
2022-10-18 06:30:33,093 [grpc-default-executor-0] INFO  server.RaftServer$Division (ServerState.java:setLeader(287)) - omNode-3@group-523986131536: change Leader from omNode-1 to null at term 2 for updateCurrentTerm
2022-10-18 06:30:33,093 [grpc-default-executor-0] INFO  server.RaftServer$Division (RaftServerImpl.java:setRole(299)) - omNode-3@group-523986131536: changes role from  FOLLOWER to FOLLOWER at term 2 for candidate:omNode-2
2022-10-18 06:30:33,093 [grpc-default-executor-0] INFO  impl.RoleInfo (RoleInfo.java:shutdownFollowerState(110)) - omNode-3: shutdown omNode-3@group-523986131536-FollowerState
2022-10-18 06:30:33,093 [grpc-default-executor-0] INFO  impl.RoleInfo (RoleInfo.java:updateAndGet(139)) - omNode-3: start omNode-3@group-523986131536-FollowerState
2022-10-18 06:30:33,093 [omNode-3@group-523986131536-FollowerState] INFO  impl.FollowerState (FollowerState.java:run(152)) - omNode-3@group-523986131536-FollowerState was interrupted
2022-10-18 06:30:33,096 [grpc-default-executor-0] INFO  server.RaftServer$Division (RaftServerImpl.java:requestVote(1184)) - omNode-3@group-523986131536 replies to ELECTION vote request: omNode-2<-omNode-3#0:OK-t2. Peer's state: omNode-3@group-523986131536:t2, leader=null, voted=omNode-2, raftlog=omNode-3@group-523986131536-SegmentedRaftLog:OPENED:c19, conf=0: [omNode-3|rpc:localhost:36149|admin:|client:|dataStream:|priority:0, omNode-1|rpc:localhost:46857|admin:|client:|dataStream:|priority:0, omNode-2|rpc:localhost:34021|admin:|client:|dataStream:|priority:0], old=null
2022-10-18 06:30:33,097 [omNode-2@group-523986131536-LeaderElection7] INFO  impl.LeaderElection (LeaderElection.java:logAndReturn(90)) - omNode-2@group-523986131536-LeaderElection7: ELECTION PASSED received 1 response(s) and 1 exception(s):
2022-10-18 06:30:33,097 [omNode-2@group-523986131536-LeaderElection7] INFO  impl.LeaderElection (LeaderElection.java:logAndReturn(94)) -   Response 0: omNode-2<-omNode-3#0:OK-t2
2022-10-18 06:30:33,098 [omNode-2@group-523986131536-LeaderElection7] INFO  impl.LeaderElection (LogUtils.java:infoOrTrace(137)) -   Exception 1: java.util.concurrent.ExecutionException: org.apache.ratis.thirdparty.io.grpc.StatusRuntimeException: UNAVAILABLE: io exception
2022-10-18 06:30:33,098 [omNode-2@group-523986131536-LeaderElection7] INFO  impl.LeaderElection (LeaderElection.java:askForVotes(312)) - omNode-2@group-523986131536-LeaderElection7 ELECTION round 0: result PASSED
2022-10-18 06:30:33,098 [omNode-2@group-523986131536-LeaderElection7] INFO  impl.RoleInfo (RoleInfo.java:shutdownLeaderElection(130)) - omNode-2: shutdown omNode-2@group-523986131536-LeaderElection7
2022-10-18 06:30:33,098 [omNode-2@group-523986131536-LeaderElection7] INFO  server.RaftServer$Division (RaftServerImpl.java:setRole(299)) - omNode-2@group-523986131536: changes role from CANDIDATE to LEADER at term 2 for changeToLeader
2022-10-18 06:30:33,098 [omNode-2@group-523986131536-LeaderElection7] INFO  server.RaftServer$Division (ServerState.java:setLeader(287)) - omNode-2@group-523986131536: change Leader from null to omNode-2 at term 2 for becomeLeader, leader elected after 19ms
2022-10-18 06:30:33,098 [omNode-2@group-523986131536-LeaderElection7] INFO  server.RaftServerConfigKeys (ConfUtils.java:logGet(46)) - raft.server.staging.catchup.gap = 1000 (default)
2022-10-18 06:30:33,098 [omNode-2@group-523986131536-LeaderElection7] INFO  server.RaftServerConfigKeys (ConfUtils.java:logGet(46)) - raft.server.write.element-limit = 4096 (default)
2022-10-18 06:30:33,098 [omNode-2@group-523986131536-LeaderElection7] INFO  server.RaftServerConfigKeys (ConfUtils.java:logGet(46)) - raft.server.write.byte-limit = 64MB (=67108864) (default)
2022-10-18 06:30:33,098 [omNode-2@group-523986131536-LeaderElection7] INFO  server.RaftServerConfigKeys (ConfUtils.java:logGet(46)) - raft.server.watch.timeout = 10s (default)
2022-10-18 06:30:33,098 [omNode-2@group-523986131536-LeaderElection7] INFO  server.RaftServerConfigKeys (ConfUtils.java:logGet(46)) - raft.server.watch.timeout.denomination = 1s (default)
2022-10-18 06:30:33,098 [omNode-2@group-523986131536-LeaderElection7] INFO  server.RaftServerConfigKeys (ConfUtils.java:logGet(46)) - raft.server.watch.element-limit = 65536 (default)
2022-10-18 06:30:33,098 [omNode-2@group-523986131536-LeaderElection7] INFO  server.RaftServerConfigKeys (ConfUtils.java:logGet(46)) - raft.server.write.element-limit = 4096 (default)
2022-10-18 06:30:33,098 [omNode-2@group-523986131536-LeaderElection7] INFO  server.RaftServerConfigKeys (ConfUtils.java:logGet(46)) - raft.server.write.follower.gap.ratio.max = -1.0 (default)
2022-10-18 06:30:33,099 [omNode-2@group-523986131536-LeaderElection7] INFO  server.RaftServerConfigKeys (ConfUtils.java:logGet(46)) - raft.server.log.appender.snapshot.chunk.size.max = 16MB (=16777216) (default)
2022-10-18 06:30:33,099 [omNode-2@group-523986131536-LeaderElection7] INFO  server.RaftServerConfigKeys (ConfUtils.java:logGet(46)) - raft.server.log.appender.buffer.byte-limit = 33554432 (custom)
2022-10-18 06:30:33,099 [omNode-2@group-523986131536-LeaderElection7] INFO  server.RaftServerConfigKeys (ConfUtils.java:logGet(46)) - raft.server.log.appender.buffer.element-limit = 1024 (custom)
2022-10-18 06:30:33,099 [omNode-2@group-523986131536-LeaderElection7] INFO  grpc.GrpcConfigKeys (ConfUtils.java:logGet(46)) - raft.grpc.server.leader.outstanding.appends.max = 128 (default)
2022-10-18 06:30:33,099 [omNode-2@group-523986131536-LeaderElection7] INFO  server.RaftServerConfigKeys (ConfUtils.java:logGet(46)) - raft.server.rpc.request.timeout = 3000ms (default)
2022-10-18 06:30:33,099 [omNode-2@group-523986131536-LeaderElection7] INFO  server.RaftServerConfigKeys (ConfUtils.java:logGet(46)) - raft.server.log.appender.install.snapshot.enabled = false (custom)
2022-10-18 06:30:33,101 [omNode-2@group-523986131536-LeaderElection7] INFO  server.RaftServerConfigKeys (ConfUtils.java:logGet(46)) - raft.server.log.appender.snapshot.chunk.size.max = 16MB (=16777216) (default)
2022-10-18 06:30:33,102 [omNode-2@group-523986131536-LeaderElection7] INFO  server.RaftServerConfigKeys (ConfUtils.java:logGet(46)) - raft.server.log.appender.buffer.byte-limit = 33554432 (custom)
2022-10-18 06:30:33,102 [omNode-2@group-523986131536-LeaderElection7] INFO  server.RaftServerConfigKeys (ConfUtils.java:logGet(46)) - raft.server.log.appender.buffer.element-limit = 1024 (custom)
2022-10-18 06:30:33,102 [omNode-2@group-523986131536-LeaderElection7] INFO  grpc.GrpcConfigKeys (ConfUtils.java:logGet(46)) - raft.grpc.server.leader.outstanding.appends.max = 128 (default)
2022-10-18 06:30:33,102 [omNode-2@group-523986131536-LeaderElection7] INFO  server.RaftServerConfigKeys (ConfUtils.java:logGet(46)) - raft.server.rpc.request.timeout = 3000ms (default)
2022-10-18 06:30:33,102 [omNode-2@group-523986131536-LeaderElection7] INFO  server.RaftServerConfigKeys (ConfUtils.java:logGet(46)) - raft.server.log.appender.install.snapshot.enabled = false (custom)
2022-10-18 06:30:33,102 [omNode-2@group-523986131536-LeaderElection7] INFO  impl.RoleInfo (RoleInfo.java:updateAndGet(139)) - omNode-2: start omNode-2@group-523986131536-LeaderStateImpl
2022-10-18 06:30:33,103 [omNode-2@group-523986131536-LeaderElection7] INFO  segmented.SegmentedRaftLogWorker (SegmentedRaftLogWorker.java:rollLogSegment(430)) - omNode-2@group-523986131536-SegmentedRaftLogWorker: Rolling segment log-0_20 to index:20
2022-10-18 06:30:33,104 [omNode-2@group-523986131536-SegmentedRaftLogWorker] INFO  segmented.SegmentedRaftLogWorker (SegmentedRaftLogWorker.java:execute(586)) - omNode-2@group-523986131536-SegmentedRaftLogWorker: Rolled log segment from /home/runner/work/ozone/ozone/hadoop-ozone/integration-test/target/test-dir/MiniOzoneClusterImpl-489ebd61-a341-4d14-a135-ade311a26152/omNode-2/ratis/c9bc4cf4-3bc3-3c60-a66b-523986131536/current/log_inprogress_0 to /home/runner/work/ozone/ozone/hadoop-ozone/integration-test/target/test-dir/MiniOzoneClusterImpl-489ebd61-a341-4d14-a135-ade311a26152/omNode-2/ratis/c9bc4cf4-3bc3-3c60-a66b-523986131536/current/log_0-20
2022-10-18 06:30:33,109 [omNode-2@group-523986131536-LeaderElection7] INFO  server.RaftServer$Division (ServerState.java:setRaftConf(393)) - omNode-2@group-523986131536: set configuration 21: [omNode-3|rpc:localhost:36149|admin:|client:|dataStream:|priority:0, omNode-1|rpc:localhost:46857|admin:|client:|dataStream:|priority:0, omNode-2|rpc:localhost:34021|admin:|client:|dataStream:|priority:0], old=null
2022-10-18 06:30:33,113 [grpc-default-executor-1] WARN  server.GrpcLogAppender (LogUtils.java:warn(122)) - omNode-2@group-523986131536->omNode-1-AppendLogResponseHandler: Failed appendEntries: org.apache.ratis.thirdparty.io.grpc.StatusRuntimeException: UNAVAILABLE: io exception
2022-10-18 06:30:33,114 [omNode-3-server-thread1] INFO  server.RaftServer$Division (ServerState.java:setLeader(287)) - omNode-3@group-523986131536: change Leader from null to omNode-2 at term 2 for appendEntries, leader elected after 21ms
2022-10-18 06:30:33,115 [grpc-default-executor-1] WARN  server.GrpcLogAppender (GrpcLogAppender.java:resetClient(111)) - omNode-2@group-523986131536->omNode-1-GrpcLogAppender: Leader has not got in touch with Follower omNode-2@group-523986131536->omNode-1(c-1,m0,n21, attendVote=true, lastRpcSendTime=1216, lastRpcResponseTime=1216) yet, just keep nextIndex unchanged and retry.
2022-10-18 06:30:33,125 [omNode-3-server-thread1] INFO  server.RaftServer$Division (ServerState.java:setRaftConf(393)) - omNode-3@group-523986131536: set configuration 21: [omNode-3|rpc:localhost:36149|admin:|client:|dataStream:|priority:0, omNode-1|rpc:localhost:46857|admin:|client:|dataStream:|priority:0, omNode-2|rpc:localhost:34021|admin:|client:|dataStream:|priority:0], old=null
2022-10-18 06:30:33,125 [omNode-3-server-thread1] INFO  segmented.SegmentedRaftLogWorker (SegmentedRaftLogWorker.java:rollLogSegment(430)) - omNode-3@group-523986131536-SegmentedRaftLogWorker: Rolling segment log-0_20 to index:20
2022-10-18 06:30:33,126 [omNode-3@group-523986131536-SegmentedRaftLogWorker] INFO  segmented.SegmentedRaftLogWorker (SegmentedRaftLogWorker.java:execute(586)) - omNode-3@group-523986131536-SegmentedRaftLogWorker: Rolled log segment from /home/runner/work/ozone/ozone/hadoop-ozone/integration-test/target/test-dir/MiniOzoneClusterImpl-489ebd61-a341-4d14-a135-ade311a26152/omNode-3/ratis/c9bc4cf4-3bc3-3c60-a66b-523986131536/current/log_inprogress_0 to /home/runner/work/ozone/ozone/hadoop-ozone/integration-test/target/test-dir/MiniOzoneClusterImpl-489ebd61-a341-4d14-a135-ade311a26152/omNode-3/ratis/c9bc4cf4-3bc3-3c60-a66b-523986131536/current/log_0-20
2022-10-18 06:30:33,129 [grpc-default-executor-3] WARN  server.GrpcLogAppender (LogUtils.java:warn(122)) - omNode-2@group-523986131536->omNode-1-AppendLogResponseHandler: Failed appendEntries: org.apache.ratis.thirdparty.io.grpc.StatusRuntimeException: UNAVAILABLE: io exception
2022-10-18 06:30:33,131 [omNode-2@group-523986131536-SegmentedRaftLogWorker] INFO  segmented.SegmentedRaftLogWorker (SegmentedRaftLogWorker.java:execute(629)) - omNode-2@group-523986131536-SegmentedRaftLogWorker: created new log segment /home/runner/work/ozone/ozone/hadoop-ozone/integration-test/target/test-dir/MiniOzoneClusterImpl-489ebd61-a341-4d14-a135-ade311a26152/omNode-2/ratis/c9bc4cf4-3bc3-3c60-a66b-523986131536/current/log_inprogress_21
2022-10-18 06:30:33,138 [grpc-default-executor-3] WARN  server.GrpcLogAppender (GrpcLogAppender.java:resetClient(111)) - omNode-2@group-523986131536->omNode-1-GrpcLogAppender: Leader has not got in touch with Follower omNode-2@group-523986131536->omNode-1(c-1,m0,n22, attendVote=true, lastRpcSendTime=8, lastRpcResponseTime=1239) yet, just keep nextIndex unchanged and retry.
2022-10-18 06:30:33,145 [omNode-3@group-523986131536-SegmentedRaftLogWorker] INFO  segmented.SegmentedRaftLogWorker (SegmentedRaftLogWorker.java:execute(629)) - omNode-3@group-523986131536-SegmentedRaftLogWorker: created new log segment /home/runner/work/ozone/ozone/hadoop-ozone/integration-test/target/test-dir/MiniOzoneClusterImpl-489ebd61-a341-4d14-a135-ade311a26152/omNode-3/ratis/c9bc4cf4-3bc3-3c60-a66b-523986131536/current/log_inprogress_21
2022-10-18 06:30:33,149 [grpc-default-executor-3] WARN  server.GrpcLogAppender (LogUtils.java:warn(122)) - omNode-2@group-523986131536->omNode-1-AppendLogResponseHandler: Failed appendEntries: org.apache.ratis.thirdparty.io.grpc.StatusRuntimeException: UNAVAILABLE: io exception
2022-10-18 06:30:33,150 [grpc-default-executor-3] WARN  server.GrpcLogAppender (GrpcLogAppender.java:resetClient(111)) - omNode-2@group-523986131536->omNode-1-GrpcLogAppender: Leader has not got in touch with Follower omNode-2@group-523986131536->omNode-1(c-1,m0,n23, attendVote=true, lastRpcSendTime=0, lastRpcResponseTime=1251) yet, just keep nextIndex unchanged and retry.
2022-10-18 06:30:33,150 [omNode-2@group-523986131536-StateMachineUpdater] INFO  ratis.OzoneManagerStateMachine (OzoneManagerStateMachine.java:notifyConfigurationChanged(192)) - Received Configuration change notification from Ratis. New Peer list:
[id: "omNode-3"
address: "localhost:36149"
, id: "omNode-1"
address: "localhost:46857"
, id: "omNode-2"
address: "localhost:34021"
]
2022-10-18 06:30:33,157 [omNode-3@group-523986131536-StateMachineUpdater] INFO  ratis.OzoneManagerStateMachine (OzoneManagerStateMachine.java:notifyConfigurationChanged(192)) - Received Configuration change notification from Ratis. New Peer list:
[id: "omNode-3"
address: "localhost:36149"
, id: "omNode-1"
address: "localhost:46857"
, id: "omNode-2"
address: "localhost:34021"
]
2022-10-18 06:30:33,400 [grpc-default-executor-3] WARN  server.GrpcLogAppender (LogUtils.java:warn(122)) - omNode-2@group-523986131536->omNode-1-AppendLogResponseHandler: Failed appendEntries: org.apache.ratis.thirdparty.io.grpc.StatusRuntimeException: UNAVAILABLE: io exception
2022-10-18 06:30:33,401 [grpc-default-executor-3] WARN  server.GrpcLogAppender (GrpcLogAppender.java:resetClient(111)) - omNode-2@group-523986131536->omNode-1-GrpcLogAppender: Leader has not got in touch with Follower omNode-2@group-523986131536->omNode-1(c-1,m0,n23, attendVote=true, lastRpcSendTime=251, lastRpcResponseTime=1502) yet, just keep nextIndex unchanged and retry.
2022-10-18 06:30:33,654 [grpc-default-executor-3] WARN  server.GrpcLogAppender (LogUtils.java:warn(122)) - omNode-2@group-523986131536->omNode-1-AppendLogResponseHandler: Failed appendEntries: org.apache.ratis.thirdparty.io.grpc.StatusRuntimeException: UNAVAILABLE: io exception
2022-10-18 06:30:33,655 [grpc-default-executor-3] WARN  server.GrpcLogAppender (GrpcLogAppender.java:resetClient(111)) - omNode-2@group-523986131536->omNode-1-GrpcLogAppender: Leader has not got in touch with Follower omNode-2@group-523986131536->omNode-1(c-1,m0,n23, attendVote=true, lastRpcSendTime=0, lastRpcResponseTime=1756) yet, just keep nextIndex unchanged and retry.
2022-10-18 06:30:33,906 [grpc-default-executor-3] WARN  server.GrpcLogAppender (LogUtils.java:warn(122)) - omNode-2@group-523986131536->omNode-1-AppendLogResponseHandler: Failed appendEntries: org.apache.ratis.thirdparty.io.grpc.StatusRuntimeException: UNAVAILABLE: io exception
2022-10-18 06:30:33,907 [grpc-default-executor-3] WARN  server.GrpcLogAppender (GrpcLogAppender.java:resetClient(111)) - omNode-2@group-523986131536->omNode-1-GrpcLogAppender: Leader has not got in touch with Follower omNode-2@group-523986131536->omNode-1(c-1,m0,n23, attendVote=true, lastRpcSendTime=252, lastRpcResponseTime=2008) yet, just keep nextIndex unchanged and retry.
2022-10-18 06:30:34,163 [grpc-default-executor-2] WARN  server.GrpcLogAppender (LogUtils.java:warn(122)) - omNode-2@group-523986131536->omNode-1-AppendLogResponseHandler: Failed appendEntries: org.apache.ratis.thirdparty.io.grpc.StatusRuntimeException: UNAVAILABLE: io exception
2022-10-18 06:30:34,163 [grpc-default-executor-2] WARN  server.GrpcLogAppender (GrpcLogAppender.java:resetClient(111)) - omNode-2@group-523986131536->omNode-1-GrpcLogAppender: Leader has not got in touch with Follower omNode-2@group-523986131536->omNode-1(c-1,m0,n23, attendVote=true, lastRpcSendTime=0, lastRpcResponseTime=2265) yet, just keep nextIndex unchanged and retry.
2022-10-18 06:30:34,413 [grpc-default-executor-2] WARN  server.GrpcLogAppender (LogUtils.java:warn(122)) - omNode-2@group-523986131536->omNode-1-AppendLogResponseHandler: Failed appendEntries: org.apache.ratis.thirdparty.io.grpc.StatusRuntimeException: UNAVAILABLE: io exception
2022-10-18 06:30:34,415 [grpc-default-executor-2] WARN  server.GrpcLogAppender (GrpcLogAppender.java:resetClient(111)) - omNode-2@group-523986131536->omNode-1-GrpcLogAppender: Leader has not got in touch with Follower omNode-2@group-523986131536->omNode-1(c-1,m0,n23, attendVote=true, lastRpcSendTime=1, lastRpcResponseTime=2516) yet, just keep nextIndex unchanged and retry.
2022-10-18 06:30:34,663 [grpc-default-executor-2] WARN  server.GrpcLogAppender (LogUtils.java:warn(122)) - omNode-2@group-523986131536->omNode-1-AppendLogResponseHandler: Failed appendEntries: org.apache.ratis.thirdparty.io.grpc.StatusRuntimeException: UNAVAILABLE: io exception
2022-10-18 06:30:34,664 [grpc-default-executor-2] WARN  server.GrpcLogAppender (GrpcLogAppender.java:resetClient(111)) - omNode-2@group-523986131536->omNode-1-GrpcLogAppender: Leader has not got in touch with Follower omNode-2@group-523986131536->omNode-1(c-1,m0,n23, attendVote=true, lastRpcSendTime=0, lastRpcResponseTime=2765) yet, just keep nextIndex unchanged and retry.
2022-10-18 06:30:34,914 [grpc-default-executor-2] WARN  server.GrpcLogAppender (LogUtils.java:warn(122)) - omNode-2@group-523986131536->omNode-1-AppendLogResponseHandler: Failed appendEntries: org.apache.ratis.thirdparty.io.grpc.StatusRuntimeException: UNAVAILABLE: io exception
2022-10-18 06:30:34,915 [grpc-default-executor-2] WARN  server.GrpcLogAppender (GrpcLogAppender.java:resetClient(111)) - omNode-2@group-523986131536->omNode-1-GrpcLogAppender: Leader has not got in touch with Follower omNode-2@group-523986131536->omNode-1(c-1,m0,n23, attendVote=true, lastRpcSendTime=0, lastRpcResponseTime=3016) yet, just keep nextIndex unchanged and retry.
2022-10-18 06:30:35,092 [333fb9a0-223e-4e03-84f2-9b3e3da077bc@group-B134B5651726-FollowerState] INFO  impl.FollowerState (FollowerState.java:run(143)) - 333fb9a0-223e-4e03-84f2-9b3e3da077bc@group-B134B5651726-FollowerState: change to CANDIDATE, lastRpcElapsedTime:5042455534ns, electionTimeout:5038ms
2022-10-18 06:30:35,092 [333fb9a0-223e-4e03-84f2-9b3e3da077bc@group-B134B5651726-FollowerState] INFO  impl.RoleInfo (RoleInfo.java:shutdownFollowerState(110)) - 333fb9a0-223e-4e03-84f2-9b3e3da077bc: shutdown 333fb9a0-223e-4e03-84f2-9b3e3da077bc@group-B134B5651726-FollowerState
2022-10-18 06:30:35,092 [333fb9a0-223e-4e03-84f2-9b3e3da077bc@group-B134B5651726-FollowerState] INFO  server.RaftServer$Division (RaftServerImpl.java:setRole(299)) - 333fb9a0-223e-4e03-84f2-9b3e3da077bc@group-B134B5651726: changes role from  FOLLOWER to CANDIDATE at term 1 for changeToCandidate
2022-10-18 06:30:35,093 [333fb9a0-223e-4e03-84f2-9b3e3da077bc@group-B134B5651726-FollowerState] INFO  server.RaftServerConfigKeys (ConfUtils.java:logGet(46)) - raft.server.leaderelection.pre-vote = false (custom)
2022-10-18 06:30:35,093 [333fb9a0-223e-4e03-84f2-9b3e3da077bc@group-B134B5651726-FollowerState] INFO  impl.RoleInfo (RoleInfo.java:updateAndGet(139)) - 333fb9a0-223e-4e03-84f2-9b3e3da077bc: start 333fb9a0-223e-4e03-84f2-9b3e3da077bc@group-B134B5651726-LeaderElection8
2022-10-18 06:30:35,097 [333fb9a0-223e-4e03-84f2-9b3e3da077bc@group-B134B5651726-LeaderElection8] INFO  impl.LeaderElection (LeaderElection.java:askForVotes(310)) - 333fb9a0-223e-4e03-84f2-9b3e3da077bc@group-B134B5651726-LeaderElection8 ELECTION round 0: submit vote requests at term 2 for -1: [333fb9a0-223e-4e03-84f2-9b3e3da077bc|rpc:10.1.1.164:38805|dataStream:|priority:1, 8d40dd4f-9fd4-4768-a502-00d88259605f|rpc:10.1.1.164:44335|dataStream:|priority:0, f912eaa7-674f-48b0-9650-7db3a734b84f|rpc:10.1.1.164:37695|dataStream:|priority:0], old=null
2022-10-18 06:30:35,110 [grpc-default-executor-2] INFO  server.RaftServer$Division (RaftServerImpl.java:requestVote(1152)) - 8d40dd4f-9fd4-4768-a502-00d88259605f@group-B134B5651726: receive requestVote(ELECTION, 333fb9a0-223e-4e03-84f2-9b3e3da077bc, group-B134B5651726, 2, (t:0, i:0))
2022-10-18 06:30:35,110 [grpc-default-executor-2] INFO  impl.VoteContext (VoteContext.java:log(48)) - 8d40dd4f-9fd4-4768-a502-00d88259605f@group-B134B5651726-FOLLOWER: accept ELECTION from 333fb9a0-223e-4e03-84f2-9b3e3da077bc: our priority 0 <= candidate's priority 1
2022-10-18 06:30:35,110 [grpc-default-executor-2] INFO  server.RaftServer$Division (RaftServerImpl.java:setRole(299)) - 8d40dd4f-9fd4-4768-a502-00d88259605f@group-B134B5651726: changes role from  FOLLOWER to FOLLOWER at term 2 for candidate:333fb9a0-223e-4e03-84f2-9b3e3da077bc
2022-10-18 06:30:35,111 [grpc-default-executor-2] INFO  impl.RoleInfo (RoleInfo.java:shutdownFollowerState(110)) - 8d40dd4f-9fd4-4768-a502-00d88259605f: shutdown 8d40dd4f-9fd4-4768-a502-00d88259605f@group-B134B5651726-FollowerState
2022-10-18 06:30:35,111 [grpc-default-executor-2] INFO  impl.RoleInfo (RoleInfo.java:updateAndGet(139)) - 8d40dd4f-9fd4-4768-a502-00d88259605f: start 8d40dd4f-9fd4-4768-a502-00d88259605f@group-B134B5651726-FollowerState
2022-10-18 06:30:35,111 [8d40dd4f-9fd4-4768-a502-00d88259605f@group-B134B5651726-FollowerState] INFO  impl.FollowerState (FollowerState.java:run(152)) - 8d40dd4f-9fd4-4768-a502-00d88259605f@group-B134B5651726-FollowerState was interrupted
2022-10-18 06:30:35,113 [grpc-default-executor-2] INFO  server.RaftServer$Division (RaftServerImpl.java:requestVote(1184)) - 8d40dd4f-9fd4-4768-a502-00d88259605f@group-B134B5651726 replies to ELECTION vote request: 333fb9a0-223e-4e03-84f2-9b3e3da077bc<-8d40dd4f-9fd4-4768-a502-00d88259605f#0:OK-t2. Peer's state: 8d40dd4f-9fd4-4768-a502-00d88259605f@group-B134B5651726:t2, leader=null, voted=333fb9a0-223e-4e03-84f2-9b3e3da077bc, raftlog=8d40dd4f-9fd4-4768-a502-00d88259605f@group-B134B5651726-SegmentedRaftLog:OPENED:c-1, conf=-1: [333fb9a0-223e-4e03-84f2-9b3e3da077bc|rpc:10.1.1.164:38805|dataStream:|priority:1, 8d40dd4f-9fd4-4768-a502-00d88259605f|rpc:10.1.1.164:44335|dataStream:|priority:0, f912eaa7-674f-48b0-9650-7db3a734b84f|rpc:10.1.1.164:37695|dataStream:|priority:0], old=null
2022-10-18 06:30:35,122 [333fb9a0-223e-4e03-84f2-9b3e3da077bc@group-B134B5651726-LeaderElection8] INFO  impl.LeaderElection (LeaderElection.java:logAndReturn(90)) - 333fb9a0-223e-4e03-84f2-9b3e3da077bc@group-B134B5651726-LeaderElection8: ELECTION PASSED received 1 response(s) and 0 exception(s):
2022-10-18 06:30:35,122 [333fb9a0-223e-4e03-84f2-9b3e3da077bc@group-B134B5651726-LeaderElection8] INFO  impl.LeaderElection (LeaderElection.java:logAndReturn(94)) -   Response 0: 333fb9a0-223e-4e03-84f2-9b3e3da077bc<-8d40dd4f-9fd4-4768-a502-00d88259605f#0:OK-t2
2022-10-18 06:30:35,122 [333fb9a0-223e-4e03-84f2-9b3e3da077bc@group-B134B5651726-LeaderElection8] INFO  impl.LeaderElection (LeaderElection.java:askForVotes(312)) - 333fb9a0-223e-4e03-84f2-9b3e3da077bc@group-B134B5651726-LeaderElection8 ELECTION round 0: result PASSED
2022-10-18 06:30:35,122 [333fb9a0-223e-4e03-84f2-9b3e3da077bc@group-B134B5651726-LeaderElection8] INFO  impl.RoleInfo (RoleInfo.java:shutdownLeaderElection(130)) - 333fb9a0-223e-4e03-84f2-9b3e3da077bc: shutdown 333fb9a0-223e-4e03-84f2-9b3e3da077bc@group-B134B5651726-LeaderElection8
2022-10-18 06:30:35,122 [333fb9a0-223e-4e03-84f2-9b3e3da077bc@group-B134B5651726-LeaderElection8] INFO  server.RaftServer$Division (RaftServerImpl.java:setRole(299)) - 333fb9a0-223e-4e03-84f2-9b3e3da077bc@group-B134B5651726: changes role from CANDIDATE to LEADER at term 2 for changeToLeader
2022-10-18 06:30:35,122 [333fb9a0-223e-4e03-84f2-9b3e3da077bc@group-B134B5651726-LeaderElection8] INFO  ratis.XceiverServerRatis (XceiverServerRatis.java:handleLeaderChangedNotification(863)) - Leader change notification received for group: group-B134B5651726 with new leaderId: 333fb9a0-223e-4e03-84f2-9b3e3da077bc
2022-10-18 06:30:35,126 [grpc-default-executor-3] INFO  server.RaftServer$Division (RaftServerImpl.java:requestVote(1152)) - f912eaa7-674f-48b0-9650-7db3a734b84f@group-B134B5651726: receive requestVote(ELECTION, 333fb9a0-223e-4e03-84f2-9b3e3da077bc, group-B134B5651726, 2, (t:0, i:0))
2022-10-18 06:30:35,127 [grpc-default-executor-3] INFO  impl.VoteContext (VoteContext.java:log(48)) - f912eaa7-674f-48b0-9650-7db3a734b84f@group-B134B5651726-FOLLOWER: accept ELECTION from 333fb9a0-223e-4e03-84f2-9b3e3da077bc: our priority 0 <= candidate's priority 1
2022-10-18 06:30:35,127 [grpc-default-executor-3] INFO  server.RaftServer$Division (RaftServerImpl.java:setRole(299)) - f912eaa7-674f-48b0-9650-7db3a734b84f@group-B134B5651726: changes role from  FOLLOWER to FOLLOWER at term 2 for candidate:333fb9a0-223e-4e03-84f2-9b3e3da077bc
2022-10-18 06:30:35,127 [grpc-default-executor-3] INFO  impl.RoleInfo (RoleInfo.java:shutdownFollowerState(110)) - f912eaa7-674f-48b0-9650-7db3a734b84f: shutdown f912eaa7-674f-48b0-9650-7db3a734b84f@group-B134B5651726-FollowerState
2022-10-18 06:30:35,127 [grpc-default-executor-3] INFO  impl.RoleInfo (RoleInfo.java:updateAndGet(139)) - f912eaa7-674f-48b0-9650-7db3a734b84f: start f912eaa7-674f-48b0-9650-7db3a734b84f@group-B134B5651726-FollowerState
2022-10-18 06:30:35,127 [f912eaa7-674f-48b0-9650-7db3a734b84f@group-B134B5651726-FollowerState] INFO  impl.FollowerState (FollowerState.java:run(152)) - f912eaa7-674f-48b0-9650-7db3a734b84f@group-B134B5651726-FollowerState was interrupted
2022-10-18 06:30:35,128 [333fb9a0-223e-4e03-84f2-9b3e3da077bc@group-B134B5651726-LeaderElection8] INFO  server.RaftServer$Division (ServerState.java:setLeader(287)) - 333fb9a0-223e-4e03-84f2-9b3e3da077bc@group-B134B5651726: change Leader from null to 333fb9a0-223e-4e03-84f2-9b3e3da077bc at term 2 for becomeLeader, leader elected after 10087ms
2022-10-18 06:30:35,129 [333fb9a0-223e-4e03-84f2-9b3e3da077bc@group-B134B5651726-LeaderElection8] INFO  server.RaftServerConfigKeys (ConfUtils.java:logGet(46)) - raft.server.staging.catchup.gap = 1000 (default)
2022-10-18 06:30:35,130 [333fb9a0-223e-4e03-84f2-9b3e3da077bc@group-B134B5651726-LeaderElection8] INFO  server.RaftServerConfigKeys (ConfUtils.java:logGet(46)) - raft.server.write.element-limit = 1024 (custom)
2022-10-18 06:30:35,130 [333fb9a0-223e-4e03-84f2-9b3e3da077bc@group-B134B5651726-LeaderElection8] INFO  server.RaftServerConfigKeys (ConfUtils.java:logGet(46)) - raft.server.write.byte-limit = 1024 M (=1073741824) (custom)
2022-10-18 06:30:35,130 [333fb9a0-223e-4e03-84f2-9b3e3da077bc@group-B134B5651726-LeaderElection8] INFO  server.RaftServerConfigKeys (ConfUtils.java:logGet(46)) - raft.server.watch.timeout = 180s (custom)
2022-10-18 06:30:35,130 [333fb9a0-223e-4e03-84f2-9b3e3da077bc@group-B134B5651726-LeaderElection8] INFO  server.RaftServerConfigKeys (ConfUtils.java:logGet(46)) - raft.server.watch.timeout.denomination = 1s (default)
2022-10-18 06:30:35,130 [333fb9a0-223e-4e03-84f2-9b3e3da077bc@group-B134B5651726-LeaderElection8] INFO  server.RaftServerConfigKeys (ConfUtils.java:logGet(46)) - raft.server.watch.element-limit = 65536 (default)
2022-10-18 06:30:35,130 [333fb9a0-223e-4e03-84f2-9b3e3da077bc@group-B134B5651726-LeaderElection8] INFO  server.RaftServerConfigKeys (ConfUtils.java:logGet(46)) - raft.server.write.element-limit = 1024 (custom)
2022-10-18 06:30:35,130 [333fb9a0-223e-4e03-84f2-9b3e3da077bc@group-B134B5651726-LeaderElection8] INFO  server.RaftServerConfigKeys (ConfUtils.java:logGet(46)) - raft.server.write.follower.gap.ratio.max = -1.0 (default)
2022-10-18 06:30:35,131 [333fb9a0-223e-4e03-84f2-9b3e3da077bc@group-B134B5651726-LeaderElection8] INFO  server.RaftServerConfigKeys (ConfUtils.java:logGet(46)) - raft.server.log.appender.snapshot.chunk.size.max = 16MB (=16777216) (default)
2022-10-18 06:30:35,131 [333fb9a0-223e-4e03-84f2-9b3e3da077bc@group-B134B5651726-LeaderElection8] INFO  server.RaftServerConfigKeys (ConfUtils.java:logGet(46)) - raft.server.log.appender.buffer.byte-limit = 33554432 (custom)
2022-10-18 06:30:35,131 [333fb9a0-223e-4e03-84f2-9b3e3da077bc@group-B134B5651726-LeaderElection8] INFO  server.RaftServerConfigKeys (ConfUtils.java:logGet(46)) - raft.server.log.appender.buffer.element-limit = 1 (custom)
2022-10-18 06:30:35,131 [333fb9a0-223e-4e03-84f2-9b3e3da077bc@group-B134B5651726-LeaderElection8] INFO  grpc.GrpcConfigKeys (ConfUtils.java:logGet(46)) - raft.grpc.server.leader.outstanding.appends.max = 128 (default)
2022-10-18 06:30:35,131 [333fb9a0-223e-4e03-84f2-9b3e3da077bc@group-B134B5651726-LeaderElection8] INFO  server.RaftServerConfigKeys (ConfUtils.java:logGet(46)) - raft.server.rpc.request.timeout = 60s (custom)
2022-10-18 06:30:35,131 [333fb9a0-223e-4e03-84f2-9b3e3da077bc@group-B134B5651726-LeaderElection8] INFO  server.RaftServerConfigKeys (ConfUtils.java:logGet(46)) - raft.server.log.appender.install.snapshot.enabled = false (custom)
2022-10-18 06:30:35,132 [333fb9a0-223e-4e03-84f2-9b3e3da077bc@group-B134B5651726-LeaderElection8] INFO  server.RaftServerConfigKeys (ConfUtils.java:logGet(46)) - raft.server.log.appender.snapshot.chunk.size.max = 16MB (=16777216) (default)
2022-10-18 06:30:35,132 [333fb9a0-223e-4e03-84f2-9b3e3da077bc@group-B134B5651726-LeaderElection8] INFO  server.RaftServerConfigKeys (ConfUtils.java:logGet(46)) - raft.server.log.appender.buffer.byte-limit = 33554432 (custom)
2022-10-18 06:30:35,132 [333fb9a0-223e-4e03-84f2-9b3e3da077bc@group-B134B5651726-LeaderElection8] INFO  server.RaftServerConfigKeys (ConfUtils.java:logGet(46)) - raft.server.log.appender.buffer.element-limit = 1 (custom)
2022-10-18 06:30:35,132 [333fb9a0-223e-4e03-84f2-9b3e3da077bc@group-B134B5651726-LeaderElection8] INFO  grpc.GrpcConfigKeys (ConfUtils.java:logGet(46)) - raft.grpc.server.leader.outstanding.appends.max = 128 (default)
2022-10-18 06:30:35,132 [333fb9a0-223e-4e03-84f2-9b3e3da077bc@group-B134B5651726-LeaderElection8] INFO  server.RaftServerConfigKeys (ConfUtils.java:logGet(46)) - raft.server.rpc.request.timeout = 60s (custom)
2022-10-18 06:30:35,132 [333fb9a0-223e-4e03-84f2-9b3e3da077bc@group-B134B5651726-LeaderElection8] INFO  server.RaftServerConfigKeys (ConfUtils.java:logGet(46)) - raft.server.log.appender.install.snapshot.enabled = false (custom)
2022-10-18 06:30:35,132 [333fb9a0-223e-4e03-84f2-9b3e3da077bc@group-B134B5651726-LeaderElection8] INFO  impl.RoleInfo (RoleInfo.java:updateAndGet(139)) - 333fb9a0-223e-4e03-84f2-9b3e3da077bc: start 333fb9a0-223e-4e03-84f2-9b3e3da077bc@group-B134B5651726-LeaderStateImpl
2022-10-18 06:30:35,132 [333fb9a0-223e-4e03-84f2-9b3e3da077bc@group-B134B5651726-LeaderElection8] INFO  segmented.SegmentedRaftLogWorker (SegmentedRaftLogWorker.java:startLogSegment(425)) - 333fb9a0-223e-4e03-84f2-9b3e3da077bc@group-B134B5651726-SegmentedRaftLogWorker: Starting segment from index:0
2022-10-18 06:30:35,134 [333fb9a0-223e-4e03-84f2-9b3e3da077bc@group-B134B5651726-SegmentedRaftLogWorker] INFO  segmented.SegmentedRaftLogWorker (SegmentedRaftLogWorker.java:execute(629)) - 333fb9a0-223e-4e03-84f2-9b3e3da077bc@group-B134B5651726-SegmentedRaftLogWorker: created new log segment /home/runner/work/ozone/ozone/hadoop-ozone/integration-test/target/test-dir/MiniOzoneClusterImpl-489ebd61-a341-4d14-a135-ade311a26152/datanode-2/data/ratis/2404f025-ddc8-46cf-97bb-b134b5651726/current/log_inprogress_0
2022-10-18 06:30:35,166 [333fb9a0-223e-4e03-84f2-9b3e3da077bc@group-B134B5651726-LeaderElection8] INFO  server.RaftServer$Division (ServerState.java:setRaftConf(393)) - 333fb9a0-223e-4e03-84f2-9b3e3da077bc@group-B134B5651726: set configuration 0: [333fb9a0-223e-4e03-84f2-9b3e3da077bc|rpc:10.1.1.164:38805|dataStream:|priority:1, 8d40dd4f-9fd4-4768-a502-00d88259605f|rpc:10.1.1.164:44335|dataStream:|priority:0, f912eaa7-674f-48b0-9650-7db3a734b84f|rpc:10.1.1.164:37695|dataStream:|priority:0], old=null
2022-10-18 06:30:35,166 [grpc-default-executor-3] INFO  server.RaftServer$Division (RaftServerImpl.java:requestVote(1184)) - f912eaa7-674f-48b0-9650-7db3a734b84f@group-B134B5651726 replies to ELECTION vote request: 333fb9a0-223e-4e03-84f2-9b3e3da077bc<-f912eaa7-674f-48b0-9650-7db3a734b84f#0:OK-t2. Peer's state: f912eaa7-674f-48b0-9650-7db3a734b84f@group-B134B5651726:t2, leader=null, voted=333fb9a0-223e-4e03-84f2-9b3e3da077bc, raftlog=f912eaa7-674f-48b0-9650-7db3a734b84f@group-B134B5651726-SegmentedRaftLog:OPENED:c-1, conf=-1: [333fb9a0-223e-4e03-84f2-9b3e3da077bc|rpc:10.1.1.164:38805|priority:1, 8d40dd4f-9fd4-4768-a502-00d88259605f|rpc:10.1.1.164:44335|priority:0, f912eaa7-674f-48b0-9650-7db3a734b84f|rpc:10.1.1.164:37695|priority:0], old=null
2022-10-18 06:30:35,167 [grpc-default-executor-2] WARN  server.GrpcLogAppender (LogUtils.java:warn(122)) - omNode-2@group-523986131536->omNode-1-AppendLogResponseHandler: Failed appendEntries: org.apache.ratis.thirdparty.io.grpc.StatusRuntimeException: UNAVAILABLE: io exception
2022-10-18 06:30:35,168 [grpc-default-executor-2] WARN  server.GrpcLogAppender (GrpcLogAppender.java:resetClient(111)) - omNode-2@group-523986131536->omNode-1-GrpcLogAppender: Leader has not got in touch with Follower omNode-2@group-523986131536->omNode-1(c-1,m0,n23, attendVote=true, lastRpcSendTime=1, lastRpcResponseTime=3269) yet, just keep nextIndex unchanged and retry.
2022-10-18 06:30:35,172 [EventQueue-PipelineReportForPipelineReportHandler] INFO  pipeline.PipelineManagerImpl (PipelineManagerImpl.java:openPipeline(367)) - Pipeline Pipeline[ Id: 2404f025-ddc8-46cf-97bb-b134b5651726, Nodes: 8d40dd4f-9fd4-4768-a502-00d88259605f{ip: 10.1.1.164, host: fv-az241-838.2tfxs3cvuluejhi1wdm4o5ef4c.bx.internal.cloudapp.net, ports: [REPLICATION=46333, RATIS=44335, RATIS_ADMIN=44335, RATIS_SERVER=44335, STANDALONE=44949], networkLocation: /default-rack, certSerialId: null, persistedOpState: IN_SERVICE, persistedOpStateExpiryEpochSec: 0}f912eaa7-674f-48b0-9650-7db3a734b84f{ip: 10.1.1.164, host: fv-az241-838.2tfxs3cvuluejhi1wdm4o5ef4c.bx.internal.cloudapp.net, ports: [REPLICATION=40223, RATIS=37695, RATIS_ADMIN=37695, RATIS_SERVER=37695, STANDALONE=44421], networkLocation: /default-rack, certSerialId: null, persistedOpState: IN_SERVICE, persistedOpStateExpiryEpochSec: 0}333fb9a0-223e-4e03-84f2-9b3e3da077bc{ip: 10.1.1.164, host: fv-az241-838.2tfxs3cvuluejhi1wdm4o5ef4c.bx.internal.cloudapp.net, ports: [REPLICATION=40771, RATIS=38805, RATIS_ADMIN=38805, RATIS_SERVER=38805, STANDALONE=45603], networkLocation: /default-rack, certSerialId: null, persistedOpState: IN_SERVICE, persistedOpStateExpiryEpochSec: 0}, ReplicationConfig: RATIS/THREE, State:ALLOCATED, leaderId:333fb9a0-223e-4e03-84f2-9b3e3da077bc, CreationTimestamp2022-10-18T06:30:22.343Z[Etc/UTC]] moved to OPEN state
2022-10-18 06:30:35,179 [8d40dd4f-9fd4-4768-a502-00d88259605f-server-thread1] INFO  ratis.XceiverServerRatis (XceiverServerRatis.java:handleLeaderChangedNotification(863)) - Leader change notification received for group: group-B134B5651726 with new leaderId: 333fb9a0-223e-4e03-84f2-9b3e3da077bc
2022-10-18 06:30:35,179 [8d40dd4f-9fd4-4768-a502-00d88259605f-server-thread1] INFO  server.RaftServer$Division (ServerState.java:setLeader(287)) - 8d40dd4f-9fd4-4768-a502-00d88259605f@group-B134B5651726: change Leader from null to 333fb9a0-223e-4e03-84f2-9b3e3da077bc at term 2 for appendEntries, leader elected after 10176ms
2022-10-18 06:30:35,181 [f912eaa7-674f-48b0-9650-7db3a734b84f-server-thread1] INFO  ratis.XceiverServerRatis (XceiverServerRatis.java:handleLeaderChangedNotification(863)) - Leader change notification received for group: group-B134B5651726 with new leaderId: 333fb9a0-223e-4e03-84f2-9b3e3da077bc
2022-10-18 06:30:35,185 [8d40dd4f-9fd4-4768-a502-00d88259605f-server-thread1] INFO  server.RaftServer$Division (ServerState.java:setRaftConf(393)) - 8d40dd4f-9fd4-4768-a502-00d88259605f@group-B134B5651726: set configuration 0: [333fb9a0-223e-4e03-84f2-9b3e3da077bc|rpc:10.1.1.164:38805|dataStream:|priority:1, 8d40dd4f-9fd4-4768-a502-00d88259605f|rpc:10.1.1.164:44335|dataStream:|priority:0, f912eaa7-674f-48b0-9650-7db3a734b84f|rpc:10.1.1.164:37695|dataStream:|priority:0], old=null
2022-10-18 06:30:35,186 [8d40dd4f-9fd4-4768-a502-00d88259605f-server-thread1] INFO  segmented.SegmentedRaftLogWorker (SegmentedRaftLogWorker.java:startLogSegment(425)) - 8d40dd4f-9fd4-4768-a502-00d88259605f@group-B134B5651726-SegmentedRaftLogWorker: Starting segment from index:0
2022-10-18 06:30:35,189 [8d40dd4f-9fd4-4768-a502-00d88259605f@group-B134B5651726-SegmentedRaftLogWorker] INFO  segmented.SegmentedRaftLogWorker (SegmentedRaftLogWorker.java:execute(629)) - 8d40dd4f-9fd4-4768-a502-00d88259605f@group-B134B5651726-SegmentedRaftLogWorker: created new log segment /home/runner/work/ozone/ozone/hadoop-ozone/integration-test/target/test-dir/MiniOzoneClusterImpl-489ebd61-a341-4d14-a135-ade311a26152/datanode-1/data/ratis/2404f025-ddc8-46cf-97bb-b134b5651726/current/log_inprogress_0
2022-10-18 06:30:35,200 [f912eaa7-674f-48b0-9650-7db3a734b84f-server-thread1] INFO  server.RaftServer$Division (ServerState.java:setLeader(287)) - f912eaa7-674f-48b0-9650-7db3a734b84f@group-B134B5651726: change Leader from null to 333fb9a0-223e-4e03-84f2-9b3e3da077bc at term 2 for appendEntries, leader elected after 10208ms
2022-10-18 06:30:35,208 [f912eaa7-674f-48b0-9650-7db3a734b84f-server-thread1] INFO  server.RaftServer$Division (ServerState.java:setRaftConf(393)) - f912eaa7-674f-48b0-9650-7db3a734b84f@group-B134B5651726: set configuration 0: [333fb9a0-223e-4e03-84f2-9b3e3da077bc|rpc:10.1.1.164:38805|dataStream:|priority:1, 8d40dd4f-9fd4-4768-a502-00d88259605f|rpc:10.1.1.164:44335|dataStream:|priority:0, f912eaa7-674f-48b0-9650-7db3a734b84f|rpc:10.1.1.164:37695|dataStream:|priority:0], old=null
2022-10-18 06:30:35,208 [f912eaa7-674f-48b0-9650-7db3a734b84f-server-thread1] INFO  segmented.SegmentedRaftLogWorker (SegmentedRaftLogWorker.java:startLogSegment(425)) - f912eaa7-674f-48b0-9650-7db3a734b84f@group-B134B5651726-SegmentedRaftLogWorker: Starting segment from index:0
2022-10-18 06:30:35,211 [f912eaa7-674f-48b0-9650-7db3a734b84f@group-B134B5651726-SegmentedRaftLogWorker] INFO  segmented.SegmentedRaftLogWorker (SegmentedRaftLogWorker.java:execute(629)) - f912eaa7-674f-48b0-9650-7db3a734b84f@group-B134B5651726-SegmentedRaftLogWorker: created new log segment /home/runner/work/ozone/ozone/hadoop-ozone/integration-test/target/test-dir/MiniOzoneClusterImpl-489ebd61-a341-4d14-a135-ade311a26152/datanode-0/data/ratis/2404f025-ddc8-46cf-97bb-b134b5651726/current/log_inprogress_0
2022-10-18 06:30:35,417 [grpc-default-executor-1] WARN  server.GrpcLogAppender (LogUtils.java:warn(122)) - omNode-2@group-523986131536->omNode-1-AppendLogResponseHandler: Failed appendEntries: org.apache.ratis.thirdparty.io.grpc.StatusRuntimeException: UNAVAILABLE: io exception
2022-10-18 06:30:35,418 [grpc-default-executor-1] WARN  server.GrpcLogAppender (GrpcLogAppender.java:resetClient(111)) - omNode-2@group-523986131536->omNode-1-GrpcLogAppender: Leader has not got in touch with Follower omNode-2@group-523986131536->omNode-1(c-1,m0,n23, attendVote=true, lastRpcSendTime=0, lastRpcResponseTime=3519) yet, just keep nextIndex unchanged and retry.
2022-10-18 06:30:35,668 [grpc-default-executor-1] WARN  server.GrpcLogAppender (LogUtils.java:warn(122)) - omNode-2@group-523986131536->omNode-1-AppendLogResponseHandler: Failed appendEntries: org.apache.ratis.thirdparty.io.grpc.StatusRuntimeException: UNAVAILABLE: io exception
2022-10-18 06:30:35,668 [grpc-default-executor-1] WARN  server.GrpcLogAppender (GrpcLogAppender.java:resetClient(111)) - omNode-2@group-523986131536->omNode-1-GrpcLogAppender: Leader has not got in touch with Follower omNode-2@group-523986131536->omNode-1(c-1,m0,n23, attendVote=true, lastRpcSendTime=1, lastRpcResponseTime=3769) yet, just keep nextIndex unchanged and retry.
2022-10-18 06:30:35,918 [grpc-default-executor-1] WARN  server.GrpcLogAppender (LogUtils.java:warn(122)) - omNode-2@group-523986131536->omNode-1-AppendLogResponseHandler: Failed appendEntries: org.apache.ratis.thirdparty.io.grpc.StatusRuntimeException: UNAVAILABLE: io exception
2022-10-18 06:30:35,918 [grpc-default-executor-1] WARN  server.GrpcLogAppender (GrpcLogAppender.java:resetClient(111)) - omNode-2@group-523986131536->omNode-1-GrpcLogAppender: Leader has not got in touch with Follower omNode-2@group-523986131536->omNode-1(c-1,m0,n23, attendVote=true, lastRpcSendTime=0, lastRpcResponseTime=4020) yet, just keep nextIndex unchanged and retry.
2022-10-18 06:30:36,168 [grpc-default-executor-1] WARN  server.GrpcLogAppender (LogUtils.java:warn(122)) - omNode-2@group-523986131536->omNode-1-AppendLogResponseHandler: Failed appendEntries: org.apache.ratis.thirdparty.io.grpc.StatusRuntimeException: UNAVAILABLE: io exception
2022-10-18 06:30:36,169 [grpc-default-executor-1] WARN  server.GrpcLogAppender (GrpcLogAppender.java:resetClient(111)) - omNode-2@group-523986131536->omNode-1-GrpcLogAppender: Leader has not got in touch with Follower omNode-2@group-523986131536->omNode-1(c-1,m0,n23, attendVote=true, lastRpcSendTime=0, lastRpcResponseTime=4270) yet, just keep nextIndex unchanged and retry.
2022-10-18 06:30:36,419 [grpc-default-executor-1] WARN  server.GrpcLogAppender (LogUtils.java:warn(122)) - omNode-2@group-523986131536->omNode-1-AppendLogResponseHandler: Failed appendEntries: org.apache.ratis.thirdparty.io.grpc.StatusRuntimeException: UNAVAILABLE: io exception
2022-10-18 06:30:36,419 [grpc-default-executor-1] WARN  server.GrpcLogAppender (GrpcLogAppender.java:resetClient(111)) - omNode-2@group-523986131536->omNode-1-GrpcLogAppender: Leader has not got in touch with Follower omNode-2@group-523986131536->omNode-1(c-1,m0,n23, attendVote=true, lastRpcSendTime=0, lastRpcResponseTime=4520) yet, just keep nextIndex unchanged and retry.
2022-10-18 06:30:36,669 [grpc-default-executor-1] WARN  server.GrpcLogAppender (LogUtils.java:warn(122)) - omNode-2@group-523986131536->omNode-1-AppendLogResponseHandler: Failed appendEntries: org.apache.ratis.thirdparty.io.grpc.StatusRuntimeException: UNAVAILABLE: io exception
2022-10-18 06:30:36,670 [grpc-default-executor-1] WARN  server.GrpcLogAppender (GrpcLogAppender.java:resetClient(111)) - omNode-2@group-523986131536->omNode-1-GrpcLogAppender: Leader has not got in touch with Follower omNode-2@group-523986131536->omNode-1(c-1,m0,n23, attendVote=true, lastRpcSendTime=0, lastRpcResponseTime=4771) yet, just keep nextIndex unchanged and retry.
2022-10-18 06:30:36,920 [grpc-default-executor-1] WARN  server.GrpcLogAppender (LogUtils.java:warn(122)) - omNode-2@group-523986131536->omNode-1-AppendLogResponseHandler: Failed appendEntries: org.apache.ratis.thirdparty.io.grpc.StatusRuntimeException: UNAVAILABLE: io exception
2022-10-18 06:30:36,920 [grpc-default-executor-1] WARN  server.GrpcLogAppender (GrpcLogAppender.java:resetClient(111)) - omNode-2@group-523986131536->omNode-1-GrpcLogAppender: Leader has not got in touch with Follower omNode-2@group-523986131536->omNode-1(c-1,m0,n23, attendVote=true, lastRpcSendTime=0, lastRpcResponseTime=5021) yet, just keep nextIndex unchanged and retry.
2022-10-18 06:30:37,170 [grpc-default-executor-1] WARN  server.GrpcLogAppender (LogUtils.java:warn(122)) - omNode-2@group-523986131536->omNode-1-AppendLogResponseHandler: Failed appendEntries: org.apache.ratis.thirdparty.io.grpc.StatusRuntimeException: UNAVAILABLE: io exception
2022-10-18 06:30:37,171 [grpc-default-executor-1] WARN  server.GrpcLogAppender (GrpcLogAppender.java:resetClient(111)) - omNode-2@group-523986131536->omNode-1-GrpcLogAppender: Leader has not got in touch with Follower omNode-2@group-523986131536->omNode-1(c-1,m0,n23, attendVote=true, lastRpcSendTime=0, lastRpcResponseTime=5272) yet, just keep nextIndex unchanged and retry.
2022-10-18 06:30:37,420 [grpc-default-executor-1] WARN  server.GrpcLogAppender (LogUtils.java:warn(122)) - omNode-2@group-523986131536->omNode-1-AppendLogResponseHandler: Failed appendEntries: org.apache.ratis.thirdparty.io.grpc.StatusRuntimeException: UNAVAILABLE: io exception
2022-10-18 06:30:37,421 [grpc-default-executor-1] WARN  server.GrpcLogAppender (GrpcLogAppender.java:resetClient(111)) - omNode-2@group-523986131536->omNode-1-GrpcLogAppender: Leader has not got in touch with Follower omNode-2@group-523986131536->omNode-1(c-1,m0,n23, attendVote=true, lastRpcSendTime=0, lastRpcResponseTime=5522) yet, just keep nextIndex unchanged and retry.
2022-10-18 06:30:37,671 [grpc-default-executor-3] WARN  server.GrpcLogAppender (LogUtils.java:warn(122)) - omNode-2@group-523986131536->omNode-1-AppendLogResponseHandler: Failed appendEntries: org.apache.ratis.thirdparty.io.grpc.StatusRuntimeException: UNAVAILABLE: io exception
2022-10-18 06:30:37,672 [grpc-default-executor-3] WARN  server.GrpcLogAppender (GrpcLogAppender.java:resetClient(111)) - omNode-2@group-523986131536->omNode-1-GrpcLogAppender: Leader has not got in touch with Follower omNode-2@group-523986131536->omNode-1(c-1,m0,n23, attendVote=true, lastRpcSendTime=0, lastRpcResponseTime=5773) yet, just keep nextIndex unchanged and retry.
2022-10-18 06:30:37,921 [grpc-default-executor-3] WARN  server.GrpcLogAppender (LogUtils.java:warn(122)) - omNode-2@group-523986131536->omNode-1-AppendLogResponseHandler: Failed appendEntries: org.apache.ratis.thirdparty.io.grpc.StatusRuntimeException: UNAVAILABLE: io exception
2022-10-18 06:30:37,922 [grpc-default-executor-3] WARN  server.GrpcLogAppender (GrpcLogAppender.java:resetClient(111)) - omNode-2@group-523986131536->omNode-1-GrpcLogAppender: Leader has not got in touch with Follower omNode-2@group-523986131536->omNode-1(c-1,m0,n23, attendVote=true, lastRpcSendTime=0, lastRpcResponseTime=6023) yet, just keep nextIndex unchanged and retry.
2022-10-18 06:30:38,171 [grpc-default-executor-3] WARN  server.GrpcLogAppender (LogUtils.java:warn(122)) - omNode-2@group-523986131536->omNode-1-AppendLogResponseHandler: Failed appendEntries: org.apache.ratis.thirdparty.io.grpc.StatusRuntimeException: UNAVAILABLE: io exception
2022-10-18 06:30:38,172 [grpc-default-executor-3] WARN  server.GrpcLogAppender (GrpcLogAppender.java:resetClient(111)) - omNode-2@group-523986131536->omNode-1-GrpcLogAppender: Leader has not got in touch with Follower omNode-2@group-523986131536->omNode-1(c-1,m0,n23, attendVote=true, lastRpcSendTime=0, lastRpcResponseTime=6273) yet, just keep nextIndex unchanged and retry.
2022-10-18 06:30:38,422 [grpc-default-executor-3] WARN  server.GrpcLogAppender (LogUtils.java:warn(122)) - omNode-2@group-523986131536->omNode-1-AppendLogResponseHandler: Failed appendEntries: org.apache.ratis.thirdparty.io.grpc.StatusRuntimeException: UNAVAILABLE: io exception
2022-10-18 06:30:38,423 [grpc-default-executor-3] WARN  server.GrpcLogAppender (GrpcLogAppender.java:resetClient(111)) - omNode-2@group-523986131536->omNode-1-GrpcLogAppender: Leader has not got in touch with Follower omNode-2@group-523986131536->omNode-1(c-1,m0,n23, attendVote=true, lastRpcSendTime=0, lastRpcResponseTime=6524) yet, just keep nextIndex unchanged and retry.
2022-10-18 06:30:38,672 [grpc-default-executor-3] WARN  server.GrpcLogAppender (LogUtils.java:warn(122)) - omNode-2@group-523986131536->omNode-1-AppendLogResponseHandler: Failed appendEntries: org.apache.ratis.thirdparty.io.grpc.StatusRuntimeException: UNAVAILABLE: io exception
2022-10-18 06:30:38,673 [grpc-default-executor-3] WARN  server.GrpcLogAppender (GrpcLogAppender.java:resetClient(111)) - omNode-2@group-523986131536->omNode-1-GrpcLogAppender: Leader has not got in touch with Follower omNode-2@group-523986131536->omNode-1(c-1,m0,n23, attendVote=true, lastRpcSendTime=251, lastRpcResponseTime=6774) yet, just keep nextIndex unchanged and retry.
2022-10-18 06:30:38,923 [grpc-default-executor-3] WARN  server.GrpcLogAppender (LogUtils.java:warn(122)) - omNode-2@group-523986131536->omNode-1-AppendLogResponseHandler: Failed appendEntries: org.apache.ratis.thirdparty.io.grpc.StatusRuntimeException: UNAVAILABLE: io exception
2022-10-18 06:30:38,924 [grpc-default-executor-3] WARN  server.GrpcLogAppender (GrpcLogAppender.java:resetClient(111)) - omNode-2@group-523986131536->omNode-1-GrpcLogAppender: Leader has not got in touch with Follower omNode-2@group-523986131536->omNode-1(c-1,m0,n23, attendVote=true, lastRpcSendTime=0, lastRpcResponseTime=7025) yet, just keep nextIndex unchanged and retry.
2022-10-18 06:30:39,174 [grpc-default-executor-3] WARN  server.GrpcLogAppender (LogUtils.java:warn(122)) - omNode-2@group-523986131536->omNode-1-AppendLogResponseHandler: Failed appendEntries: org.apache.ratis.thirdparty.io.grpc.StatusRuntimeException: UNAVAILABLE: io exception
2022-10-18 06:30:39,175 [grpc-default-executor-3] WARN  server.GrpcLogAppender (GrpcLogAppender.java:resetClient(111)) - omNode-2@group-523986131536->omNode-1-GrpcLogAppender: Leader has not got in touch with Follower omNode-2@group-523986131536->omNode-1(c-1,m0,n23, attendVote=true, lastRpcSendTime=0, lastRpcResponseTime=7276) yet, just keep nextIndex unchanged and retry.
2022-10-18 06:30:39,424 [grpc-default-executor-3] WARN  server.GrpcLogAppender (LogUtils.java:warn(122)) - omNode-2@group-523986131536->omNode-1-AppendLogResponseHandler: Failed appendEntries: org.apache.ratis.thirdparty.io.grpc.StatusRuntimeException: UNAVAILABLE: io exception
2022-10-18 06:30:39,425 [grpc-default-executor-3] WARN  server.GrpcLogAppender (GrpcLogAppender.java:resetClient(111)) - omNode-2@group-523986131536->omNode-1-GrpcLogAppender: Leader has not got in touch with Follower omNode-2@group-523986131536->omNode-1(c-1,m0,n23, attendVote=true, lastRpcSendTime=0, lastRpcResponseTime=7526) yet, just keep nextIndex unchanged and retry.
2022-10-18 06:30:39,675 [grpc-default-executor-3] WARN  server.GrpcLogAppender (LogUtils.java:warn(122)) - omNode-2@group-523986131536->omNode-1-AppendLogResponseHandler: Failed appendEntries: org.apache.ratis.thirdparty.io.grpc.StatusRuntimeException: UNAVAILABLE: io exception
2022-10-18 06:30:39,676 [grpc-default-executor-3] WARN  server.GrpcLogAppender (GrpcLogAppender.java:resetClient(111)) - omNode-2@group-523986131536->omNode-1-GrpcLogAppender: Leader has not got in touch with Follower omNode-2@group-523986131536->omNode-1(c-1,m0,n23, attendVote=true, lastRpcSendTime=0, lastRpcResponseTime=7777) yet, just keep nextIndex unchanged and retry.
2022-10-18 06:30:39,926 [grpc-default-executor-3] WARN  server.GrpcLogAppender (LogUtils.java:warn(122)) - omNode-2@group-523986131536->omNode-1-AppendLogResponseHandler: Failed appendEntries: org.apache.ratis.thirdparty.io.grpc.StatusRuntimeException: UNAVAILABLE: io exception
2022-10-18 06:30:39,927 [grpc-default-executor-3] WARN  server.GrpcLogAppender (GrpcLogAppender.java:resetClient(111)) - omNode-2@group-523986131536->omNode-1-GrpcLogAppender: Leader has not got in touch with Follower omNode-2@group-523986131536->omNode-1(c-1,m0,n23, attendVote=true, lastRpcSendTime=0, lastRpcResponseTime=8028) yet, just keep nextIndex unchanged and retry.
2022-10-18 06:30:39,928 [Listener at 127.0.0.1/45465] INFO  retry.RetryInvocationHandler (RetryInvocationHandler.java:log(411)) - com.google.protobuf.ServiceException: java.io.EOFException: End of File Exception between local host is: "fv-az241-838/10.1.1.164"; destination host is: "localhost":33523; : java.io.EOFException; For more details see:  http://wiki.apache.org/hadoop/EOFException, while invoking $Proxy55.submitRequest over nodeId=omNode-1,nodeAddress=127.0.0.1:33523. Trying to failover immediately.
2022-10-18 06:30:39,937 [grpc-default-executor-1] WARN  server.GrpcLogAppender (LogUtils.java:warn(122)) - omNode-2@group-523986131536->omNode-1-AppendLogResponseHandler: Failed appendEntries: org.apache.ratis.thirdparty.io.grpc.StatusRuntimeException: UNAVAILABLE: io exception
2022-10-18 06:30:39,937 [grpc-default-executor-1] WARN  server.GrpcLogAppender (GrpcLogAppender.java:resetClient(111)) - omNode-2@group-523986131536->omNode-1-GrpcLogAppender: Leader has not got in touch with Follower omNode-2@group-523986131536->omNode-1(c-1,m0,n24, attendVote=true, lastRpcSendTime=0, lastRpcResponseTime=8039) yet, just keep nextIndex unchanged and retry.
2022-10-18 06:30:39,942 [grpc-default-executor-3] WARN  server.GrpcLogAppender (LogUtils.java:warn(122)) - omNode-2@group-523986131536->omNode-1-AppendLogResponseHandler: Failed appendEntries: org.apache.ratis.thirdparty.io.grpc.StatusRuntimeException: UNAVAILABLE: io exception
2022-10-18 06:30:39,943 [grpc-default-executor-3] WARN  server.GrpcLogAppender (GrpcLogAppender.java:resetClient(111)) - omNode-2@group-523986131536->omNode-1-GrpcLogAppender: Leader has not got in touch with Follower omNode-2@group-523986131536->omNode-1(c-1,m0,n25, attendVote=true, lastRpcSendTime=0, lastRpcResponseTime=8044) yet, just keep nextIndex unchanged and retry.
2022-10-18 06:30:39,963 [grpc-default-executor-3] WARN  server.GrpcLogAppender (LogUtils.java:warn(122)) - omNode-2@group-523986131536->omNode-1-AppendLogResponseHandler: Failed appendEntries: org.apache.ratis.thirdparty.io.grpc.StatusRuntimeException: UNAVAILABLE: io exception
2022-10-18 06:30:39,963 [grpc-default-executor-3] WARN  server.GrpcLogAppender (GrpcLogAppender.java:resetClient(111)) - omNode-2@group-523986131536->omNode-1-GrpcLogAppender: Leader has not got in touch with Follower omNode-2@group-523986131536->omNode-1(c-1,m0,n26, attendVote=true, lastRpcSendTime=0, lastRpcResponseTime=8064) yet, just keep nextIndex unchanged and retry.
2022-10-18 06:30:39,970 [grpc-default-executor-3] WARN  server.GrpcLogAppender (LogUtils.java:warn(122)) - omNode-2@group-523986131536->omNode-1-AppendLogResponseHandler: Failed appendEntries: org.apache.ratis.thirdparty.io.grpc.StatusRuntimeException: UNAVAILABLE: io exception
2022-10-18 06:30:39,971 [grpc-default-executor-3] WARN  server.GrpcLogAppender (GrpcLogAppender.java:resetClient(111)) - omNode-2@group-523986131536->omNode-1-GrpcLogAppender: Leader has not got in touch with Follower omNode-2@group-523986131536->omNode-1(c-1,m0,n27, attendVote=true, lastRpcSendTime=0, lastRpcResponseTime=8072) yet, just keep nextIndex unchanged and retry.
2022-10-18 06:30:40,051 [grpc-default-executor-1] WARN  server.GrpcLogAppender (LogUtils.java:warn(122)) - omNode-2@group-523986131536->omNode-1-AppendLogResponseHandler: Failed appendEntries: org.apache.ratis.thirdparty.io.grpc.StatusRuntimeException: UNAVAILABLE: io exception
2022-10-18 06:30:40,051 [grpc-default-executor-1] WARN  server.GrpcLogAppender (GrpcLogAppender.java:resetClient(111)) - omNode-2@group-523986131536->omNode-1-GrpcLogAppender: Leader has not got in touch with Follower omNode-2@group-523986131536->omNode-1(c-1,m0,n28, attendVote=true, lastRpcSendTime=81, lastRpcResponseTime=8152) yet, just keep nextIndex unchanged and retry.
2022-10-18 06:30:40,054 [grpc-default-executor-1] WARN  server.GrpcLogAppender (LogUtils.java:warn(122)) - omNode-2@group-523986131536->omNode-1-AppendLogResponseHandler: Failed appendEntries: org.apache.ratis.thirdparty.io.grpc.StatusRuntimeException: UNAVAILABLE: io exception
2022-10-18 06:30:40,054 [grpc-default-executor-1] WARN  server.GrpcLogAppender (GrpcLogAppender.java:resetClient(111)) - omNode-2@group-523986131536->omNode-1-GrpcLogAppender: Leader has not got in touch with Follower omNode-2@group-523986131536->omNode-1(c-1,m0,n29, attendVote=true, lastRpcSendTime=0, lastRpcResponseTime=8156) yet, just keep nextIndex unchanged and retry.
2022-10-18 06:30:40,061 [grpc-default-executor-3] WARN  server.GrpcLogAppender (LogUtils.java:warn(122)) - omNode-2@group-523986131536->omNode-1-AppendLogResponseHandler: Failed appendEntries: org.apache.ratis.thirdparty.io.grpc.StatusRuntimeException: UNAVAILABLE: io exception
2022-10-18 06:30:40,061 [grpc-default-executor-3] WARN  server.GrpcLogAppender (GrpcLogAppender.java:resetClient(111)) - omNode-2@group-523986131536->omNode-1-GrpcLogAppender: Leader has not got in touch with Follower omNode-2@group-523986131536->omNode-1(c-1,m0,n30, attendVote=true, lastRpcSendTime=0, lastRpcResponseTime=8162) yet, just keep nextIndex unchanged and retry.
2022-10-18 06:30:40,068 [grpc-default-executor-3] WARN  server.GrpcLogAppender (LogUtils.java:warn(122)) - omNode-2@group-523986131536->omNode-1-AppendLogResponseHandler: Failed appendEntries: org.apache.ratis.thirdparty.io.grpc.StatusRuntimeException: UNAVAILABLE: io exception
2022-10-18 06:30:40,068 [grpc-default-executor-3] WARN  server.GrpcLogAppender (GrpcLogAppender.java:resetClient(111)) - omNode-2@group-523986131536->omNode-1-GrpcLogAppender: Leader has not got in touch with Follower omNode-2@group-523986131536->omNode-1(c-1,m0,n31, attendVote=true, lastRpcSendTime=0, lastRpcResponseTime=8169) yet, just keep nextIndex unchanged and retry.
2022-10-18 06:30:40,133 [Listener at 127.0.0.1/45465] INFO  om.OzoneManager (OzoneManager.java:stop(2034)) - omNode-3[localhost:45465]: Stopping Ozone Manager
2022-10-18 06:30:40,134 [Listener at 127.0.0.1/45465] INFO  ipc.Server (Server.java:stop(3428)) - Stopping server on 45465
2022-10-18 06:30:40,136 [IPC Server listener on 45465] INFO  ipc.Server (Server.java:run(1384)) - Stopping IPC Server listener on 45465
2022-10-18 06:30:40,137 [IPC Server Responder] INFO  ipc.Server (Server.java:run(1517)) - Stopping IPC Server Responder
2022-10-18 06:30:40,138 [Listener at 127.0.0.1/45465] INFO  server.RaftServer (RaftServerProxy.java:lambda$close$7(398)) - omNode-3: close
2022-10-18 06:30:40,138 [Listener at 127.0.0.1/45465] INFO  server.RaftServer$Division (RaftServerImpl.java:lambda$close$4(434)) - omNode-3@group-523986131536: shutdown
2022-10-18 06:30:40,138 [Listener at 127.0.0.1/45465] INFO  util.JmxRegister (JmxRegister.java:unregister(73)) - Successfully un-registered JMX Bean with object name Ratis:service=RaftServer,group=group-523986131536,id=omNode-3
2022-10-18 06:30:40,138 [Listener at 127.0.0.1/45465] INFO  impl.RoleInfo (RoleInfo.java:shutdownFollowerState(110)) - omNode-3: shutdown omNode-3@group-523986131536-FollowerState
2022-10-18 06:30:40,139 [Listener at 127.0.0.1/45465] INFO  impl.StateMachineUpdater (StateMachineUpdater.java:stopAndJoin(153)) - omNode-3@group-523986131536-StateMachineUpdater: set stopIndex = 29
2022-10-18 06:30:40,139 [omNode-3@group-523986131536-StateMachineUpdater] INFO  ratis.OzoneManagerStateMachine (OzoneManagerStateMachine.java:takeSnapshot(441)) - Current Snapshot Index (t:2, i:29)
2022-10-18 06:30:40,139 [omNode-3@group-523986131536-StateMachineUpdater] INFO  impl.StateMachineUpdater (StateMachineUpdater.java:takeSnapshot(287)) - omNode-3@group-523986131536-StateMachineUpdater: Took a snapshot at index 29
2022-10-18 06:30:40,139 [omNode-3@group-523986131536-StateMachineUpdater] INFO  impl.StateMachineUpdater (StateMachineUpdater.java:lambda$new$0(92)) - omNode-3@group-523986131536-StateMachineUpdater: snapshotIndex: updateIncreasingly -1 -> 29
2022-10-18 06:30:40,139 [omNode-3@group-523986131536-StateMachineUpdater] INFO  ratis.OzoneManagerStateMachine (OzoneManagerStateMachine.java:close(495)) - StateMachine has shutdown. Shutdown OzoneManager if not already shutdown.
2022-10-18 06:30:40,139 [omNode-3@group-523986131536-StateMachineUpdater] INFO  ratis.OzoneManagerDoubleBuffer (OzoneManagerDoubleBuffer.java:stop(466)) - Stopping OMDoubleBuffer flush thread
2022-10-18 06:30:40,139 [omNode-3@group-523986131536-FollowerState] INFO  impl.FollowerState (FollowerState.java:run(152)) - omNode-3@group-523986131536-FollowerState was interrupted
2022-10-18 06:30:40,139 [OMDoubleBufferFlushThread] INFO  ratis.OzoneManagerDoubleBuffer (OzoneManagerDoubleBuffer.java:flushTransactions(385)) - OMDoubleBuffer flush thread OMDoubleBufferFlushThread is interrupted and will exit.
2022-10-18 06:30:40,140 [Listener at 127.0.0.1/45465] INFO  server.RaftServer$Division (ServerState.java:close(429)) - omNode-3@group-523986131536: closes. applyIndex: 29
2022-10-18 06:30:40,141 [omNode-3@group-523986131536-SegmentedRaftLogWorker] INFO  segmented.SegmentedRaftLogWorker (SegmentedRaftLogWorker.java:run(336)) - omNode-3@group-523986131536-SegmentedRaftLogWorker was interrupted, exiting. There are 0 tasks remaining in the queue.
2022-10-18 06:30:40,142 [Listener at 127.0.0.1/45465] INFO  segmented.SegmentedRaftLogWorker (SegmentedRaftLogWorker.java:close(246)) - omNode-3@group-523986131536-SegmentedRaftLogWorker close()
2022-10-18 06:30:40,143 [Listener at 127.0.0.1/45465] INFO  server.GrpcService (GrpcService.java:closeImpl(269)) - omNode-3: shutdown server with port 36149 now
2022-10-18 06:30:40,156 [grpc-default-executor-3] WARN  server.GrpcServerProtocolService (LogUtils.java:warn(122)) - omNode-3: installSnapshot onError, lastRequest: omNode-2->omNode-3#84-t2,previous=(t:2, i:29),leaderCommit=29,initializing? true,entries: size=1, first=(t:2, i:30), METADATAENTRY(c:29): org.apache.ratis.thirdparty.io.grpc.StatusRuntimeException: CANCELLED: client cancelled
2022-10-18 06:30:40,158 [grpc-default-executor-3] WARN  server.GrpcLogAppender (LogUtils.java:warn(122)) - omNode-2@group-523986131536->omNode-3-AppendLogResponseHandler: Failed appendEntries: org.apache.ratis.thirdparty.io.grpc.StatusRuntimeException: CANCELLED: RST_STREAM closed stream. HTTP/2 error code: CANCEL
2022-10-18 06:30:40,158 [grpc-default-executor-3] INFO  leader.FollowerInfo (FollowerInfoImpl.java:lambda$new$0(48)) - omNode-2@group-523986131536->omNode-3: nextIndex: updateUnconditionally 31 -> 30
2022-10-18 06:30:40,158 [Listener at 127.0.0.1/45465] INFO  server.GrpcService (GrpcService.java:closeImpl(278)) - omNode-3: shutdown server with port 36149 successfully
2022-10-18 06:30:40,159 [org.apache.ratis.util.JvmPauseMonitor$$Lambda$703/523629281@5286aa41] INFO  util.JvmPauseMonitor (JvmPauseMonitor.java:run(109)) - JvmPauseMonitor-omNode-3: Stopped
2022-10-18 06:30:40,159 [Listener at 127.0.0.1/45465] INFO  ratis.OzoneManagerStateMachine (OzoneManagerStateMachine.java:close(495)) - StateMachine has shutdown. Shutdown OzoneManager if not already shutdown.
2022-10-18 06:30:40,159 [Listener at 127.0.0.1/45465] INFO  ratis.OzoneManagerDoubleBuffer (OzoneManagerDoubleBuffer.java:stop(478)) - OMDoubleBuffer flush thread is not running.
2022-10-18 06:30:40,159 [Listener at 127.0.0.1/45465] INFO  utils.BackgroundService (BackgroundService.java:shutdown(141)) - Shutting down service KeyDeletingService
2022-10-18 06:30:40,159 [Listener at 127.0.0.1/45465] INFO  utils.BackgroundService (BackgroundService.java:shutdown(141)) - Shutting down service DirectoryDeletingService
2022-10-18 06:30:40,160 [Listener at 127.0.0.1/45465] INFO  utils.BackgroundService (BackgroundService.java:shutdown(141)) - Shutting down service OpenKeyCleanupService
2022-10-18 06:30:40,160 [Listener at 127.0.0.1/45465] INFO  handler.ContextHandler (ContextHandler.java:doStop(1153)) - Stopped o.e.j.w.WebAppContext@29f4d42{ozoneManager,/,null,STOPPED}{file:/home/runner/work/ozone/ozone/hadoop-ozone/integration-test/target/test-classes/webapps/ozoneManager}
2022-10-18 06:30:40,167 [Listener at 127.0.0.1/45465] INFO  server.AbstractConnector (AbstractConnector.java:doStop(381)) - Stopped ServerConnector@2126610{HTTP/1.1, (http/1.1)}{0.0.0.0:45739}
2022-10-18 06:30:40,167 [Listener at 127.0.0.1/45465] INFO  server.session (HouseKeeper.java:stopScavenging(149)) - node0 Stopped scavenging
2022-10-18 06:30:40,167 [Listener at 127.0.0.1/45465] INFO  handler.ContextHandler (ContextHandler.java:doStop(1153)) - Stopped o.e.j.s.ServletContextHandler@7fabe964{static,/static,file:///home/runner/work/ozone/ozone/hadoop-ozone/integration-test/target/test-classes/webapps/static,STOPPED}
2022-10-18 06:30:40,168 [Listener at 127.0.0.1/45465] INFO  handler.ContextHandler (ContextHandler.java:doStop(1153)) - Stopped o.e.j.s.ServletContextHandler@549426d8{logs,/logs,file:///home/runner/work/ozone/ozone/hadoop-ozone/integration-test/target/log,STOPPED}
2022-10-18 06:30:40,176 [grpc-default-executor-3] WARN  server.GrpcLogAppender (LogUtils.java:warn(122)) - omNode-2@group-523986131536->omNode-1-AppendLogResponseHandler: Failed appendEntries: org.apache.ratis.thirdparty.io.grpc.StatusRuntimeException: UNAVAILABLE: io exception
2022-10-18 06:30:40,177 [grpc-default-executor-3] WARN  server.GrpcLogAppender (GrpcLogAppender.java:resetClient(111)) - omNode-2@group-523986131536->omNode-1-GrpcLogAppender: Leader has not got in touch with Follower omNode-2@group-523986131536->omNode-1(c-1,m0,n31, attendVote=true, lastRpcSendTime=0, lastRpcResponseTime=8278) yet, just keep nextIndex unchanged and retry.
2022-10-18 06:30:40,179 [grpc-default-executor-1] WARN  server.GrpcLogAppender (LogUtils.java:warn(122)) - omNode-2@group-523986131536->omNode-3-AppendLogResponseHandler: Failed appendEntries: org.apache.ratis.thirdparty.io.grpc.StatusRuntimeException: UNAVAILABLE: io exception
2022-10-18 06:30:40,179 [grpc-default-executor-1] INFO  leader.FollowerInfo (FollowerInfoImpl.java:lambda$new$0(48)) - omNode-2@group-523986131536->omNode-3: nextIndex: updateUnconditionally 31 -> 30
2022-10-18 06:30:40,179 [Listener at 127.0.0.1/45465] INFO  om.OzoneManager (OzoneManager.java:restart(1571)) - OzoneManager RPC server is listening at localhost/127.0.0.1:45465
2022-10-18 06:30:40,179 [Listener at 127.0.0.1/45465] INFO  impl.MetricsSystemImpl (MetricsSystemImpl.java:init(158)) - OzoneManager metrics system started (again)
2022-10-18 06:30:40,206 [Listener at 127.0.0.1/45465] WARN  server.ServerUtils (ServerUtils.java:getDBPath(225)) - ozone.om.db.dirs is not configured. We recommend adding this setting. Falling back to ozone.metadata.dirs instead.
2022-10-18 06:30:40,207 [Listener at 127.0.0.1/45465] INFO  codec.OmKeyInfoCodec (OmKeyInfoCodec.java:<init>(49)) - OmKeyInfoCodec ignorePipeline = true
2022-10-18 06:30:40,207 [Listener at 127.0.0.1/45465] INFO  codec.RepeatedOmKeyInfoCodec (RepeatedOmKeyInfoCodec.java:<init>(41)) - RepeatedOmKeyInfoCodec ignorePipeline = true
2022-10-18 06:30:40,273 [Listener at 127.0.0.1/45465] INFO  om.OzoneManager (OzoneManager.java:instantiateServices(712)) - S3 Multi-Tenancy is disabled
2022-10-18 06:30:40,289 [Listener at 127.0.0.1/45465] WARN  server.ServerUtils (ServerUtils.java:getDefaultRatisDirectory(237)) - Storage directory for Ratis is not configured. It is a good idea to map this to an SSD disk. Falling back to ozone.metadata.dirs
2022-10-18 06:30:40,290 [Listener at 127.0.0.1/45465] INFO  ratis.OzoneManagerRatisServer (OzoneManagerRatisServer.java:<init>(160)) - Instantiating OM Ratis server with groupID: om-service-test1 and peers: localhost:36149, localhost:46857, localhost:34021
2022-10-18 06:30:40,291 [Listener at 127.0.0.1/45465] INFO  ratis.OzoneManagerStateMachine (OzoneManagerStateMachine.java:loadSnapshotInfoFromDB(632)) - LastAppliedIndex is set from TransactionInfo from OM DB as (t:2, i:29)
2022-10-18 06:30:40,293 [Listener at 127.0.0.1/45465] INFO  server.RaftServer (ConfUtils.java:logGet(46)) - raft.rpc.type = GRPC (default)
2022-10-18 06:30:40,293 [Listener at 127.0.0.1/45465] INFO  grpc.GrpcFactory (GrpcFactory.java:checkPooledByteBufAllocatorUseCacheForAllThreads(48)) - PERFORMANCE WARNING: useCacheForAllThreads is true that may cause Netty to create a lot garbage objects and, as a result, trigger GC.
	It is recommended to disable useCacheForAllThreads by setting -Dorg.apache.ratis.thirdparty.io.netty.allocator.useCacheForAllThreads=false in command line.
2022-10-18 06:30:40,293 [Listener at 127.0.0.1/45465] INFO  grpc.GrpcConfigKeys (ConfUtils.java:logGet(46)) - raft.grpc.admin.port = -1 (default)
2022-10-18 06:30:40,294 [Listener at 127.0.0.1/45465] INFO  grpc.GrpcConfigKeys (ConfUtils.java:logGet(46)) - raft.grpc.server.port = 36149 (custom)
2022-10-18 06:30:40,294 [Listener at 127.0.0.1/45465] INFO  grpc.GrpcConfigKeys (ConfUtils.java:logGet(46)) - raft.grpc.client.port = -1 (default)
2022-10-18 06:30:40,294 [Listener at 127.0.0.1/45465] INFO  grpc.GrpcConfigKeys (ConfUtils.java:logGet(46)) - raft.grpc.server.port = 36149 (custom)
2022-10-18 06:30:40,294 [Listener at 127.0.0.1/45465] INFO  grpc.GrpcConfigKeys (ConfUtils.java:logGet(46)) - raft.grpc.server.port = 36149 (custom)
2022-10-18 06:30:40,294 [Listener at 127.0.0.1/45465] INFO  server.GrpcService (ConfUtils.java:logGet(46)) - raft.grpc.message.size.max = 33554432 (custom)
2022-10-18 06:30:40,294 [Listener at 127.0.0.1/45465] INFO  server.RaftServerConfigKeys (ConfUtils.java:logGet(46)) - raft.server.log.appender.buffer.byte-limit = 33554432 (custom)
2022-10-18 06:30:40,295 [Listener at 127.0.0.1/45465] INFO  server.GrpcService (ConfUtils.java:logGet(46)) - raft.grpc.flow.control.window = 1MB (=1048576) (default)
2022-10-18 06:30:40,295 [Listener at 127.0.0.1/45465] INFO  server.RaftServerConfigKeys (ConfUtils.java:logGet(46)) - raft.server.rpc.request.timeout = 3000ms (default)
2022-10-18 06:30:40,295 [Listener at 127.0.0.1/45465] INFO  grpc.GrpcConfigKeys (ConfUtils.java:logGet(46)) - raft.grpc.server.async.request.thread.pool.cached = true (default)
2022-10-18 06:30:40,295 [Listener at 127.0.0.1/45465] INFO  grpc.GrpcConfigKeys (ConfUtils.java:logGet(46)) - raft.grpc.server.async.request.thread.pool.size = 32 (default)
2022-10-18 06:30:40,296 [Listener at 127.0.0.1/45465] INFO  impl.DataStreamServerImpl (ConfUtils.java:logGet(46)) - raft.datastream.type = DISABLED (default)
2022-10-18 06:30:40,296 [Listener at 127.0.0.1/45465] INFO  server.RaftServerConfigKeys (ConfUtils.java:logGet(46)) - raft.server.threadpool.proxy.cached = true (default)
2022-10-18 06:30:40,296 [Listener at 127.0.0.1/45465] INFO  server.RaftServerConfigKeys (ConfUtils.java:logGet(46)) - raft.server.threadpool.proxy.size = 0 (default)
2022-10-18 06:30:40,297 [Listener at 127.0.0.1/45465] INFO  server.RaftServerConfigKeys (ConfUtils.java:logGet(46)) - raft.server.rpc.slowness.timeout = 2s (custom)
2022-10-18 06:30:40,297 [Listener at 127.0.0.1/45465] INFO  server.RaftServerConfigKeys (ConfUtils.java:logGet(46)) - raft.server.leaderelection.leader.step-down.wait-time = 10s (default)
2022-10-18 06:30:40,298 [Listener at 127.0.0.1/45465] INFO  server.RaftServerConfigKeys (ConfUtils.java:logGet(46)) - raft.server.storage.dir = [/home/runner/work/ozone/ozone/hadoop-ozone/integration-test/target/test-dir/MiniOzoneClusterImpl-489ebd61-a341-4d14-a135-ade311a26152/omNode-3/ratis] (custom)
2022-10-18 06:30:40,298 [omNode-3-impl-thread1] INFO  server.RaftServer (RaftServerProxy.java:initGroupDir(247)) - omNode-3: found a subdirectory /home/runner/work/ozone/ozone/hadoop-ozone/integration-test/target/test-dir/MiniOzoneClusterImpl-489ebd61-a341-4d14-a135-ade311a26152/omNode-3/ratis/c9bc4cf4-3bc3-3c60-a66b-523986131536
2022-10-18 06:30:40,298 [Listener at 127.0.0.1/45465] INFO  server.RaftServer (RaftServerProxy.java:addNew(96)) - omNode-3: addNew group-523986131536:[omNode-3|rpc:localhost:36149|priority:0, omNode-1|rpc:localhost:46857|priority:0, omNode-2|rpc:localhost:34021|priority:0] returns group-523986131536:java.util.concurrent.CompletableFuture@2ca39a8b[Not completed]
2022-10-18 06:30:40,299 [Listener at 127.0.0.1/45465] INFO  om.OzoneManager (OzoneManager.java:initializeRatisServer(1975)) - OzoneManager Ratis server initialized at port 36149
2022-10-18 06:30:40,299 [Listener at 127.0.0.1/45465] INFO  ratis.OzoneManagerRatisServer (OzoneManagerRatisServer.java:start(555)) - Starting OzoneManagerRatisServer omNode-3 at port 36149
2022-10-18 06:30:40,299 [pool-232-thread-1] INFO  server.RaftServer$Division (RaftServerImpl.java:<init>(190)) - omNode-3: new RaftServerImpl for group-523986131536:[omNode-3|rpc:localhost:36149|priority:0, omNode-1|rpc:localhost:46857|priority:0, omNode-2|rpc:localhost:34021|priority:0] with OzoneManagerStateMachine:uninitialized
2022-10-18 06:30:40,299 [pool-232-thread-1] INFO  server.RaftServerConfigKeys (ConfUtils.java:logGet(46)) - raft.server.rpc.timeout.min = 1s (custom)
2022-10-18 06:30:40,299 [pool-232-thread-1] INFO  server.RaftServerConfigKeys (ConfUtils.java:logGet(46)) - raft.server.rpc.timeout.max = 1200ms (custom)
2022-10-18 06:30:40,299 [pool-232-thread-1] INFO  server.RaftServerConfigKeys (ConfUtils.java:logGet(46)) - raft.server.rpc.sleep.time = 25ms (default)
2022-10-18 06:30:40,299 [pool-232-thread-1] INFO  server.RaftServerConfigKeys (ConfUtils.java:logGet(46)) - raft.server.rpc.slowness.timeout = 2s (custom)
2022-10-18 06:30:40,299 [pool-232-thread-1] INFO  server.RaftServerConfigKeys (ConfUtils.java:logGet(46)) - raft.server.leaderelection.leader.step-down.wait-time = 10s (default)
2022-10-18 06:30:40,299 [pool-232-thread-1] INFO  server.RaftServerConfigKeys (ConfUtils.java:logGet(46)) - raft.server.sleep.deviation.threshold = 300ms (default)
2022-10-18 06:30:40,299 [pool-232-thread-1] INFO  server.RaftServer$Division (ServerState.java:<init>(107)) - omNode-3@group-523986131536: ConfigurationManager, init=-1: [omNode-3|rpc:localhost:36149|priority:0, omNode-1|rpc:localhost:46857|priority:0, omNode-2|rpc:localhost:34021|priority:0], old=null, confs=<EMPTY_MAP>
2022-10-18 06:30:40,299 [pool-232-thread-1] INFO  server.RaftServerConfigKeys (ConfUtils.java:logGet(46)) - raft.server.storage.dir = [/home/runner/work/ozone/ozone/hadoop-ozone/integration-test/target/test-dir/MiniOzoneClusterImpl-489ebd61-a341-4d14-a135-ade311a26152/omNode-3/ratis] (custom)
2022-10-18 06:30:40,300 [pool-232-thread-1] INFO  server.RaftServerConfigKeys (ConfUtils.java:logGet(46)) - raft.server.log.corruption.policy = EXCEPTION (default)
2022-10-18 06:30:40,300 [pool-232-thread-1] INFO  server.RaftServerConfigKeys (ConfUtils.java:logGet(46)) - raft.server.storage.free-space.min = 0MB (=0) (default)
2022-10-18 06:30:40,300 [pool-232-thread-1] INFO  storage.RaftStorageDirectory (RaftStorageDirectoryImpl.java:tryLock(230)) - Lock on /home/runner/work/ozone/ozone/hadoop-ozone/integration-test/target/test-dir/MiniOzoneClusterImpl-489ebd61-a341-4d14-a135-ade311a26152/omNode-3/ratis/c9bc4cf4-3bc3-3c60-a66b-523986131536/in_use.lock acquired by nodename 30337@fv-az241-838
2022-10-18 06:30:40,301 [pool-232-thread-1] INFO  storage.RaftStorage (RaftStorageImpl.java:analyzeAndRecoverStorage(110)) - Read RaftStorageMetadata{term=2, votedFor=omNode-2} from /home/runner/work/ozone/ozone/hadoop-ozone/integration-test/target/test-dir/MiniOzoneClusterImpl-489ebd61-a341-4d14-a135-ade311a26152/omNode-3/ratis/c9bc4cf4-3bc3-3c60-a66b-523986131536/current/raft-meta
2022-10-18 06:30:40,302 [pool-232-thread-1] INFO  server.RaftServer$Division (ServerState.java:setRaftConf(393)) - omNode-3@group-523986131536: set configuration 21: [omNode-3|rpc:localhost:36149|admin:|client:|dataStream:|priority:0, omNode-1|rpc:localhost:46857|admin:|client:|dataStream:|priority:0, omNode-2|rpc:localhost:34021|admin:|client:|dataStream:|priority:0], old=null
2022-10-18 06:30:40,302 [pool-232-thread-1] INFO  server.RaftServerConfigKeys (ConfUtils.java:logGet(46)) - raft.server.notification.no-leader.timeout = 2s (custom)
2022-10-18 06:30:40,302 [pool-232-thread-1] INFO  server.RaftServerConfigKeys (ConfUtils.java:logGet(46)) - raft.server.log.use.memory = false (default)
2022-10-18 06:30:40,302 [pool-232-thread-1] INFO  server.RaftServerConfigKeys (ConfUtils.java:logGet(46)) - raft.server.log.purge.gap = 50 (custom)
2022-10-18 06:30:40,302 [pool-232-thread-1] INFO  server.RaftServerConfigKeys (ConfUtils.java:logGet(46)) - raft.server.log.appender.buffer.byte-limit = 33554432 (custom)
2022-10-18 06:30:40,302 [pool-232-thread-1] INFO  server.RaftServerConfigKeys (ConfUtils.java:logGet(46)) - raft.server.log.statemachine.data.read.timeout = 1000ms (default)
2022-10-18 06:30:40,303 [pool-232-thread-1] INFO  server.RaftServerConfigKeys (ConfUtils.java:logGet(46)) - raft.server.log.segment.size.max = 4194304 (custom)
2022-10-18 06:30:40,303 [pool-232-thread-1] INFO  server.RaftServerConfigKeys (ConfUtils.java:logGet(46)) - raft.server.log.segment.cache.num.max = 2 (custom)
2022-10-18 06:30:40,303 [pool-232-thread-1] INFO  server.RaftServerConfigKeys (ConfUtils.java:logGet(46)) - raft.server.log.segment.cache.size.max = 200MB (=209715200) (default)
2022-10-18 06:30:40,303 [pool-232-thread-1] INFO  segmented.SegmentedRaftLogWorker (SegmentedRaftLogWorker.java:<init>(187)) - new omNode-3@group-523986131536-SegmentedRaftLogWorker for RaftStorageImpl:Storage Directory /home/runner/work/ozone/ozone/hadoop-ozone/integration-test/target/test-dir/MiniOzoneClusterImpl-489ebd61-a341-4d14-a135-ade311a26152/omNode-3/ratis/c9bc4cf4-3bc3-3c60-a66b-523986131536
2022-10-18 06:30:40,303 [pool-232-thread-1] INFO  server.RaftServerConfigKeys (ConfUtils.java:logGet(46)) - raft.server.log.queue.byte-limit = 64MB (=67108864) (default)
2022-10-18 06:30:40,303 [pool-232-thread-1] INFO  server.RaftServerConfigKeys (ConfUtils.java:logGet(46)) - raft.server.log.queue.element-limit = 4096 (default)
2022-10-18 06:30:40,303 [pool-232-thread-1] INFO  server.RaftServerConfigKeys (ConfUtils.java:logGet(46)) - raft.server.log.segment.size.max = 4194304 (custom)
2022-10-18 06:30:40,303 [pool-232-thread-1] INFO  server.RaftServerConfigKeys (ConfUtils.java:logGet(46)) - raft.server.log.preallocated.size = 4194304 (custom)
2022-10-18 06:30:40,303 [pool-232-thread-1] INFO  server.RaftServerConfigKeys (ConfUtils.java:logGet(46)) - raft.server.log.force.sync.num = 128 (default)
2022-10-18 06:30:40,303 [pool-232-thread-1] INFO  server.RaftServerConfigKeys (ConfUtils.java:logGet(46)) - raft.server.log.statemachine.data.sync = true (default)
2022-10-18 06:30:40,303 [pool-232-thread-1] INFO  server.RaftServerConfigKeys (ConfUtils.java:logGet(46)) - raft.server.log.statemachine.data.sync.timeout = 10s (default)
2022-10-18 06:30:40,303 [pool-232-thread-1] INFO  server.RaftServerConfigKeys (ConfUtils.java:logGet(46)) - raft.server.log.statemachine.data.sync.timeout.retry = -1 (default)
2022-10-18 06:30:40,304 [pool-232-thread-1] INFO  server.RaftServerConfigKeys (ConfUtils.java:logGet(46)) - raft.server.log.write.buffer.size = 64KB (=65536) (default)
2022-10-18 06:30:40,304 [pool-232-thread-1] INFO  server.RaftServerConfigKeys (ConfUtils.java:logGet(46)) - raft.server.log.unsafe-flush.enabled = false (default)
2022-10-18 06:30:40,304 [pool-232-thread-1] INFO  server.RaftServerConfigKeys (ConfUtils.java:logGet(46)) - raft.server.log.statemachine.data.caching.enabled = false (default)
2022-10-18 06:30:40,309 [pool-232-thread-1] INFO  server.RaftServer$Division (ServerState.java:setRaftConf(393)) - omNode-3@group-523986131536: set configuration 0: [omNode-3|rpc:localhost:36149|admin:|client:|dataStream:|priority:0, omNode-1|rpc:localhost:46857|admin:|client:|dataStream:|priority:0, omNode-2|rpc:localhost:34021|admin:|client:|dataStream:|priority:0], old=null
2022-10-18 06:30:40,310 [pool-232-thread-1] INFO  segmented.LogSegment (LogSegment.java:loadSegment(173)) - Successfully read 21 entries from segment file /home/runner/work/ozone/ozone/hadoop-ozone/integration-test/target/test-dir/MiniOzoneClusterImpl-489ebd61-a341-4d14-a135-ade311a26152/omNode-3/ratis/c9bc4cf4-3bc3-3c60-a66b-523986131536/current/log_0-20
2022-10-18 06:30:40,311 [pool-232-thread-1] INFO  server.RaftServer$Division (ServerState.java:setRaftConf(393)) - omNode-3@group-523986131536: set configuration 21: [omNode-3|rpc:localhost:36149|admin:|client:|dataStream:|priority:0, omNode-1|rpc:localhost:46857|admin:|client:|dataStream:|priority:0, omNode-2|rpc:localhost:34021|admin:|client:|dataStream:|priority:0], old=null
2022-10-18 06:30:40,311 [pool-232-thread-1] INFO  segmented.LogSegment (LogSegment.java:loadSegment(173)) - Successfully read 10 entries from segment file /home/runner/work/ozone/ozone/hadoop-ozone/integration-test/target/test-dir/MiniOzoneClusterImpl-489ebd61-a341-4d14-a135-ade311a26152/omNode-3/ratis/c9bc4cf4-3bc3-3c60-a66b-523986131536/current/log_inprogress_21
2022-10-18 06:30:40,312 [pool-232-thread-1] INFO  segmented.SegmentedRaftLogWorker (SegmentedRaftLogWorker.java:lambda$new$0(135)) - omNode-3@group-523986131536-SegmentedRaftLogWorker: flushIndex: setUnconditionally 0 -> 30
2022-10-18 06:30:40,312 [pool-232-thread-1] INFO  segmented.SegmentedRaftLogWorker (SegmentedRaftLogWorker.java:lambda$new$0(135)) - omNode-3@group-523986131536-SegmentedRaftLogWorker: safeCacheEvictIndex: setUnconditionally 0 -> 20
2022-10-18 06:30:40,312 [pool-232-thread-1] INFO  raftlog.RaftLog (RaftLogBase.java:lambda$new$0(53)) - omNode-3@group-523986131536-SegmentedRaftLog: commitIndex: updateToMax old=29, new=29, updated? false
2022-10-18 06:30:40,312 [pool-232-thread-1] INFO  server.RaftServerConfigKeys (ConfUtils.java:logGet(46)) - raft.server.snapshot.auto.trigger.enabled = true (custom)
2022-10-18 06:30:40,312 [pool-232-thread-1] INFO  server.RaftServerConfigKeys (ConfUtils.java:logGet(46)) - raft.server.snapshot.auto.trigger.threshold = 50 (custom)
2022-10-18 06:30:40,312 [pool-232-thread-1] INFO  server.RaftServerConfigKeys (ConfUtils.java:logGet(46)) - raft.server.snapshot.retention.file.num = -1 (default)
2022-10-18 06:30:40,312 [pool-232-thread-1] INFO  server.RaftServerConfigKeys (ConfUtils.java:logGet(46)) - raft.server.log.purge.upto.snapshot.index = true (custom)
2022-10-18 06:30:40,312 [pool-232-thread-1] INFO  server.RaftServerConfigKeys (ConfUtils.java:logGet(46)) - raft.server.retrycache.expirytime = 30000ms (custom)
2022-10-18 06:30:40,312 [pool-232-thread-1] INFO  server.RaftServerConfigKeys (ConfUtils.java:logGet(46)) - raft.server.retrycache.statistics.expirytime = 100μs (default)
2022-10-18 06:30:40,313 [pool-232-thread-1] INFO  server.RaftServerConfigKeys (ConfUtils.java:logGet(46)) - raft.server.log.appender.install.snapshot.enabled = false (custom)
2022-10-18 06:30:40,313 [pool-232-thread-1] INFO  server.RaftServerConfigKeys (ConfUtils.java:logGet(46)) - raft.server.threadpool.server.cached = true (default)
2022-10-18 06:30:40,313 [pool-232-thread-1] INFO  server.RaftServerConfigKeys (ConfUtils.java:logGet(46)) - raft.server.threadpool.server.size = 0 (default)
2022-10-18 06:30:40,313 [pool-232-thread-1] INFO  server.RaftServerConfigKeys (ConfUtils.java:logGet(46)) - raft.server.threadpool.client.cached = true (default)
2022-10-18 06:30:40,313 [pool-232-thread-1] INFO  server.RaftServerConfigKeys (ConfUtils.java:logGet(46)) - raft.server.threadpool.client.size = 0 (default)
2022-10-18 06:30:40,313 [omNode-3-impl-thread1] INFO  server.RaftServer$Division (RaftServerImpl.java:start(310)) - omNode-3@group-523986131536: start as a follower, conf=21: [omNode-3|rpc:localhost:36149|admin:|client:|dataStream:|priority:0, omNode-1|rpc:localhost:46857|admin:|client:|dataStream:|priority:0, omNode-2|rpc:localhost:34021|admin:|client:|dataStream:|priority:0], old=null
2022-10-18 06:30:40,313 [omNode-3-impl-thread1] INFO  server.RaftServer$Division (RaftServerImpl.java:setRole(299)) - omNode-3@group-523986131536: changes role from      null to FOLLOWER at term 2 for startAsFollower
2022-10-18 06:30:40,314 [omNode-3-impl-thread1] INFO  impl.RoleInfo (RoleInfo.java:updateAndGet(139)) - omNode-3: start omNode-3@group-523986131536-FollowerState
2022-10-18 06:30:40,314 [omNode-3-impl-thread1] INFO  util.JmxRegister (JmxRegister.java:tryRegister(44)) - Successfully registered JMX Bean with object name Ratis:service=RaftServer,group=group-523986131536,id=omNode-3
2022-10-18 06:30:40,318 [Listener at 127.0.0.1/45465] INFO  server.RaftServer (RaftServerProxy.java:lambda$start$6(382)) - omNode-3: start RPC server
2022-10-18 06:30:40,326 [Listener at 127.0.0.1/45465] INFO  server.GrpcService (GrpcService.java:startImpl(260)) - omNode-3: GrpcService started, listening on 36149
2022-10-18 06:30:40,326 [Listener at 127.0.0.1/45465] INFO  om.OzoneManager (OzoneManager.java:getRpcServer(1101)) - Creating RPC Server
2022-10-18 06:30:40,329 [org.apache.ratis.util.JvmPauseMonitor$$Lambda$703/523629281@6a736908] INFO  util.JvmPauseMonitor (JvmPauseMonitor.java:run(103)) - JvmPauseMonitor-omNode-3: Started
2022-10-18 06:30:40,427 [grpc-default-executor-1] WARN  server.GrpcLogAppender (LogUtils.java:warn(122)) - omNode-2@group-523986131536->omNode-1-AppendLogResponseHandler: Failed appendEntries: org.apache.ratis.thirdparty.io.grpc.StatusRuntimeException: UNAVAILABLE: io exception
2022-10-18 06:30:40,427 [grpc-default-executor-1] WARN  server.GrpcLogAppender (GrpcLogAppender.java:resetClient(111)) - omNode-2@group-523986131536->omNode-1-GrpcLogAppender: Leader has not got in touch with Follower omNode-2@group-523986131536->omNode-1(c-1,m0,n31, attendVote=true, lastRpcSendTime=251, lastRpcResponseTime=8528) yet, just keep nextIndex unchanged and retry.
2022-10-18 06:30:40,586 [grpc-default-executor-1] WARN  server.GrpcLogAppender (LogUtils.java:warn(122)) - omNode-2@group-523986131536->omNode-3-AppendLogResponseHandler: Failed appendEntries: org.apache.ratis.thirdparty.io.grpc.StatusRuntimeException: UNAVAILABLE: io exception
2022-10-18 06:30:40,587 [grpc-default-executor-1] INFO  leader.FollowerInfo (FollowerInfoImpl.java:lambda$new$0(48)) - omNode-2@group-523986131536->omNode-3: nextIndex: updateUnconditionally 31 -> 30
2022-10-18 06:30:40,679 [grpc-default-executor-1] WARN  server.GrpcLogAppender (LogUtils.java:warn(122)) - omNode-2@group-523986131536->omNode-1-AppendLogResponseHandler: Failed appendEntries: org.apache.ratis.thirdparty.io.grpc.StatusRuntimeException: UNAVAILABLE: io exception
2022-10-18 06:30:40,680 [grpc-default-executor-1] WARN  server.GrpcLogAppender (GrpcLogAppender.java:resetClient(111)) - omNode-2@group-523986131536->omNode-1-GrpcLogAppender: Leader has not got in touch with Follower omNode-2@group-523986131536->omNode-1(c-1,m0,n31, attendVote=true, lastRpcSendTime=251, lastRpcResponseTime=8781) yet, just keep nextIndex unchanged and retry.
2022-10-18 06:30:40,749 [Listener at 127.0.0.1/45465] INFO  reflections.Reflections (Reflections.java:scan(232)) - Reflections took 422 ms to scan 19 urls, producing 67 keys and 4238 values [using 2 cores]
2022-10-18 06:30:40,750 [Listener at 127.0.0.1/45465] INFO  ipc.CallQueueManager (CallQueueManager.java:<init>(90)) - Using callQueue: class java.util.concurrent.LinkedBlockingQueue, queueCapacity: 2000, scheduler: class org.apache.hadoop.ipc.DefaultRpcScheduler, ipcBackoff: false.
2022-10-18 06:30:40,751 [Socket Reader #1 for port 45465] INFO  ipc.Server (Server.java:run(1273)) - Starting Socket Reader #1 for port 45465
2022-10-18 06:30:40,754 [Listener at localhost/45465] INFO  http.BaseHttpServer (BaseHttpServer.java:newHttpServer2BuilderForOzone(213)) - Starting Web-server for ozoneManager at: http://0.0.0.0:45739
2022-10-18 06:30:40,754 [Listener at localhost/45465] INFO  http.BaseHttpServer (BaseHttpServer.java:<init>(108)) - Hadoop Security Enabled: false Ozone Security Enabled: false Ozone HTTP Security Enabled: false 
2022-10-18 06:30:40,756 [Listener at localhost/45465] WARN  server.AuthenticationFilter (AuthenticationFilter.java:constructSecretProvider(240)) - Unable to initialize FileSignerSecretProvider, falling back to use random secrets. Reason: Could not read signature secret file: /home/runner/hadoop-http-auth-signature-secret
2022-10-18 06:30:40,757 [Listener at localhost/45465] WARN  http.HttpRequestLog (HttpRequestLog.java:getRequestLog(103)) - Jetty request log can only be enabled using Log4j
2022-10-18 06:30:40,759 [Listener at localhost/45465] INFO  http.HttpServer2 (HttpServer2.java:addGlobalFilter(1031)) - Added global filter 'safety' (class=org.apache.hadoop.hdds.server.http.HttpServer2$QuotingInputFilter)
2022-10-18 06:30:40,760 [Listener at localhost/45465] INFO  http.HttpServer2 (HttpServer2.java:addFilter(1007)) - Added filter static_user_filter (class=org.apache.hadoop.http.lib.StaticUserWebFilter$StaticUserFilter) to context ozoneManager
2022-10-18 06:30:40,760 [Listener at localhost/45465] INFO  http.HttpServer2 (HttpServer2.java:addFilter(1015)) - Added filter static_user_filter (class=org.apache.hadoop.http.lib.StaticUserWebFilter$StaticUserFilter) to context static
2022-10-18 06:30:40,760 [Listener at localhost/45465] INFO  http.HttpServer2 (HttpServer2.java:addFilter(1015)) - Added filter static_user_filter (class=org.apache.hadoop.http.lib.StaticUserWebFilter$StaticUserFilter) to context logs
2022-10-18 06:30:40,761 [Listener at localhost/45465] INFO  http.HttpServer2 (HttpServer2.java:bindListener(1250)) - Jetty bound to port 45739
2022-10-18 06:30:40,761 [Listener at localhost/45465] INFO  server.Server (Server.java:doStart(375)) - jetty-9.4.43.v20210629; built: 2021-06-30T11:07:22.254Z; git: 526006ecfa3af7f1a27ef3a288e2bef7ea9dd7e8; jvm 1.8.0_345-b01
2022-10-18 06:30:40,763 [Listener at localhost/45465] INFO  server.session (DefaultSessionIdManager.java:doStart(334)) - DefaultSessionIdManager workerName=node0
2022-10-18 06:30:40,763 [Listener at localhost/45465] INFO  server.session (DefaultSessionIdManager.java:doStart(339)) - No SessionScavenger set, using defaults
2022-10-18 06:30:40,763 [Listener at localhost/45465] INFO  server.session (HouseKeeper.java:startScavenging(132)) - node0 Scavenging every 600000ms
2022-10-18 06:30:40,764 [Listener at localhost/45465] INFO  handler.ContextHandler (ContextHandler.java:doStart(915)) - Started o.e.j.s.ServletContextHandler@ceeae10{logs,/logs,file:///home/runner/work/ozone/ozone/hadoop-ozone/integration-test/target/log,AVAILABLE}
2022-10-18 06:30:40,764 [Listener at localhost/45465] INFO  handler.ContextHandler (ContextHandler.java:doStart(915)) - Started o.e.j.s.ServletContextHandler@35a97ec0{static,/static,file:///home/runner/work/ozone/ozone/hadoop-ozone/integration-test/target/test-classes/webapps/static,AVAILABLE}
2022-10-18 06:30:40,768 [Listener at localhost/45465] INFO  handler.ContextHandler (ContextHandler.java:doStart(915)) - Started o.e.j.w.WebAppContext@390b0862{ozoneManager,/,file:///home/runner/work/ozone/ozone/hadoop-ozone/integration-test/target/test-classes/webapps/ozoneManager/,AVAILABLE}{file:/home/runner/work/ozone/ozone/hadoop-ozone/integration-test/target/test-classes/webapps/ozoneManager}
2022-10-18 06:30:40,770 [Listener at localhost/45465] INFO  server.AbstractConnector (AbstractConnector.java:doStart(331)) - Started ServerConnector@5accea91{HTTP/1.1, (http/1.1)}{0.0.0.0:45739}
2022-10-18 06:30:40,770 [Listener at localhost/45465] INFO  server.Server (Server.java:doStart(415)) - Started @32954ms
2022-10-18 06:30:40,770 [Listener at localhost/45465] WARN  impl.MetricsSystemImpl (MetricsSystemImpl.java:register(279)) - Sink prometheus already exists!
2022-10-18 06:30:40,771 [Listener at localhost/45465] INFO  http.BaseHttpServer (BaseHttpServer.java:updateConnectorAddress(333)) - HTTP server of ozoneManager listening at http://0.0.0.0:45739
2022-10-18 06:30:40,771 [IPC Server Responder] INFO  ipc.Server (Server.java:run(1512)) - IPC Server Responder: starting
2022-10-18 06:30:40,773 [IPC Server listener on 45465] INFO  ipc.Server (Server.java:run(1352)) - IPC Server listener on 45465: starting
2022-10-18 06:30:40,775 [Listener at localhost/45465] INFO  om.OzoneManager (OzoneManager.java:startTrashEmptier(1919)) - Trash Interval set to 0. Files deleted won't move to trash
2022-10-18 06:30:40,789 [Listener at localhost/45465] INFO  om.OzoneManager (OzoneManager.java:stop(2034)) - omNode-1[localhost:33523]: Stopping Ozone Manager
2022-10-18 06:30:40,789 [Listener at localhost/45465] INFO  om.OzoneManager (OzoneManager.java:restart(1571)) - OzoneManager RPC server is listening at localhost/127.0.0.1:33523
2022-10-18 06:30:40,789 [Listener at localhost/45465] INFO  impl.MetricsSystemImpl (MetricsSystemImpl.java:init(158)) - OzoneManager metrics system started (again)
2022-10-18 06:30:40,793 [org.apache.hadoop.util.JvmPauseMonitor$Monitor@368f3392] INFO  util.JvmPauseMonitor (JvmPauseMonitor.java:run(188)) - Starting JVM pause monitor
2022-10-18 06:30:40,974 [org.apache.ratis.util.JvmPauseMonitor$$Lambda$703/523629281@6a736908] WARN  util.JvmPauseMonitor (JvmPauseMonitor.java:detectPause(124)) - JvmPauseMonitor-omNode-3: Detected pause in JVM or host machine (eg GC): pause of approximately 144977977ns.
GC pool 'PS MarkSweep' had collection(s): count=1 time=145ms
GC pool 'PS Scavenge' had collection(s): count=2 time=39ms
2022-10-18 06:30:40,975 [Over Replicated Processor] INFO  replication.OverReplicatedProcessor (OverReplicatedProcessor.java:processAll(90)) - Processed 0 over replicated containers, failed processing 0
2022-10-18 06:30:40,975 [Under Replicated Processor] INFO  replication.UnderReplicatedProcessor (UnderReplicatedProcessor.java:processAll(92)) - Processed 0 under replicated containers, failed processing 0
2022-10-18 06:30:40,976 [grpc-default-executor-1] WARN  server.GrpcLogAppender (LogUtils.java:warn(122)) - omNode-2@group-523986131536->omNode-1-AppendLogResponseHandler: Failed appendEntries: org.apache.ratis.thirdparty.io.grpc.StatusRuntimeException: UNAVAILABLE: io exception
2022-10-18 06:30:40,977 [grpc-default-executor-1] WARN  server.GrpcLogAppender (GrpcLogAppender.java:resetClient(111)) - omNode-2@group-523986131536->omNode-1-GrpcLogAppender: Leader has not got in touch with Follower omNode-2@group-523986131536->omNode-1(c-1,m0,n31, attendVote=true, lastRpcSendTime=0, lastRpcResponseTime=9078) yet, just keep nextIndex unchanged and retry.
2022-10-18 06:30:40,987 [Listener at localhost/45465] WARN  server.ServerUtils (ServerUtils.java:getDBPath(225)) - ozone.om.db.dirs is not configured. We recommend adding this setting. Falling back to ozone.metadata.dirs instead.
2022-10-18 06:30:40,990 [Listener at localhost/45465] INFO  codec.OmKeyInfoCodec (OmKeyInfoCodec.java:<init>(49)) - OmKeyInfoCodec ignorePipeline = true
2022-10-18 06:30:40,990 [Listener at localhost/45465] INFO  codec.RepeatedOmKeyInfoCodec (RepeatedOmKeyInfoCodec.java:<init>(41)) - RepeatedOmKeyInfoCodec ignorePipeline = true
2022-10-18 06:30:40,997 [omNode-3-server-thread1] INFO  server.RaftServer$Division (ServerState.java:setLeader(287)) - omNode-3@group-523986131536: change Leader from null to omNode-2 at term 2 for appendEntries, leader elected after 694ms
2022-10-18 06:30:41,046 [Listener at localhost/45465] INFO  om.OzoneManager (OzoneManager.java:instantiateServices(712)) - S3 Multi-Tenancy is disabled
2022-10-18 06:30:41,053 [Listener at localhost/45465] WARN  impl.MetricRegistriesImpl (MetricRegistriesImpl.java:addReporterRegistration(111)) - New reporters are added after registries were created. Some metrics will be missing from the reporter. Please add reporter before adding any new registry.
2022-10-18 06:30:41,053 [Listener at localhost/45465] WARN  impl.MetricRegistriesImpl (MetricRegistriesImpl.java:addReporterRegistration(111)) - New reporters are added after registries were created. Some metrics will be missing from the reporter. Please add reporter before adding any new registry.
2022-10-18 06:30:41,053 [Listener at localhost/45465] WARN  server.ServerUtils (ServerUtils.java:getDefaultRatisDirectory(237)) - Storage directory for Ratis is not configured. It is a good idea to map this to an SSD disk. Falling back to ozone.metadata.dirs
2022-10-18 06:30:41,055 [Listener at localhost/45465] INFO  ratis.OzoneManagerRatisServer (OzoneManagerRatisServer.java:<init>(160)) - Instantiating OM Ratis server with groupID: om-service-test1 and peers: localhost:46857, localhost:36149, localhost:34021
2022-10-18 06:30:41,055 [Listener at localhost/45465] INFO  ratis.OzoneManagerStateMachine (OzoneManagerStateMachine.java:loadSnapshotInfoFromDB(632)) - LastAppliedIndex is set from TransactionInfo from OM DB as (t:1, i:20)
2022-10-18 06:30:41,056 [Listener at localhost/45465] INFO  server.RaftServer (ConfUtils.java:logGet(46)) - raft.rpc.type = GRPC (default)
2022-10-18 06:30:41,059 [Listener at localhost/45465] INFO  grpc.GrpcFactory (GrpcFactory.java:checkPooledByteBufAllocatorUseCacheForAllThreads(48)) - PERFORMANCE WARNING: useCacheForAllThreads is true that may cause Netty to create a lot garbage objects and, as a result, trigger GC.
	It is recommended to disable useCacheForAllThreads by setting -Dorg.apache.ratis.thirdparty.io.netty.allocator.useCacheForAllThreads=false in command line.
2022-10-18 06:30:41,059 [Listener at localhost/45465] INFO  grpc.GrpcConfigKeys (ConfUtils.java:logGet(46)) - raft.grpc.admin.port = -1 (default)
2022-10-18 06:30:41,059 [Listener at localhost/45465] INFO  grpc.GrpcConfigKeys (ConfUtils.java:logGet(46)) - raft.grpc.server.port = 46857 (custom)
2022-10-18 06:30:41,059 [Listener at localhost/45465] INFO  grpc.GrpcConfigKeys (ConfUtils.java:logGet(46)) - raft.grpc.client.port = -1 (default)
2022-10-18 06:30:41,059 [Listener at localhost/45465] INFO  grpc.GrpcConfigKeys (ConfUtils.java:logGet(46)) - raft.grpc.server.port = 46857 (custom)
2022-10-18 06:30:41,060 [Listener at localhost/45465] INFO  grpc.GrpcConfigKeys (ConfUtils.java:logGet(46)) - raft.grpc.server.port = 46857 (custom)
2022-10-18 06:30:41,060 [Listener at localhost/45465] INFO  server.GrpcService (ConfUtils.java:logGet(46)) - raft.grpc.message.size.max = 33554432 (custom)
2022-10-18 06:30:41,060 [Listener at localhost/45465] INFO  server.RaftServerConfigKeys (ConfUtils.java:logGet(46)) - raft.server.log.appender.buffer.byte-limit = 33554432 (custom)
2022-10-18 06:30:41,060 [Listener at localhost/45465] INFO  server.GrpcService (ConfUtils.java:logGet(46)) - raft.grpc.flow.control.window = 1MB (=1048576) (default)
2022-10-18 06:30:41,061 [Listener at localhost/45465] INFO  server.RaftServerConfigKeys (ConfUtils.java:logGet(46)) - raft.server.rpc.request.timeout = 3000ms (default)
2022-10-18 06:30:41,061 [Listener at localhost/45465] INFO  grpc.GrpcConfigKeys (ConfUtils.java:logGet(46)) - raft.grpc.server.async.request.thread.pool.cached = true (default)
2022-10-18 06:30:41,061 [Listener at localhost/45465] INFO  grpc.GrpcConfigKeys (ConfUtils.java:logGet(46)) - raft.grpc.server.async.request.thread.pool.size = 32 (default)
2022-10-18 06:30:41,063 [Listener at localhost/45465] INFO  impl.DataStreamServerImpl (ConfUtils.java:logGet(46)) - raft.datastream.type = DISABLED (default)
2022-10-18 06:30:41,064 [Listener at localhost/45465] INFO  server.RaftServerConfigKeys (ConfUtils.java:logGet(46)) - raft.server.threadpool.proxy.cached = true (default)
2022-10-18 06:30:41,064 [Listener at localhost/45465] INFO  server.RaftServerConfigKeys (ConfUtils.java:logGet(46)) - raft.server.threadpool.proxy.size = 0 (default)
2022-10-18 06:30:41,064 [Listener at localhost/45465] INFO  server.RaftServerConfigKeys (ConfUtils.java:logGet(46)) - raft.server.rpc.slowness.timeout = 2s (custom)
2022-10-18 06:30:41,064 [Listener at localhost/45465] INFO  server.RaftServerConfigKeys (ConfUtils.java:logGet(46)) - raft.server.leaderelection.leader.step-down.wait-time = 10s (default)
2022-10-18 06:30:41,064 [Listener at localhost/45465] INFO  server.RaftServerConfigKeys (ConfUtils.java:logGet(46)) - raft.server.storage.dir = [/home/runner/work/ozone/ozone/hadoop-ozone/integration-test/target/test-dir/MiniOzoneClusterImpl-489ebd61-a341-4d14-a135-ade311a26152/omNode-1/ratis] (custom)
2022-10-18 06:30:41,065 [omNode-1-impl-thread1] INFO  server.RaftServer (RaftServerProxy.java:initGroupDir(247)) - omNode-1: found a subdirectory /home/runner/work/ozone/ozone/hadoop-ozone/integration-test/target/test-dir/MiniOzoneClusterImpl-489ebd61-a341-4d14-a135-ade311a26152/omNode-1/ratis/c9bc4cf4-3bc3-3c60-a66b-523986131536
2022-10-18 06:30:41,066 [Listener at localhost/45465] INFO  server.RaftServer (RaftServerProxy.java:addNew(96)) - omNode-1: addNew group-523986131536:[omNode-3|rpc:localhost:36149|priority:0, omNode-1|rpc:localhost:46857|priority:0, omNode-2|rpc:localhost:34021|priority:0] returns group-523986131536:java.util.concurrent.CompletableFuture@66e35af9[Not completed]
2022-10-18 06:30:41,066 [Listener at localhost/45465] INFO  om.OzoneManager (OzoneManager.java:initializeRatisServer(1975)) - OzoneManager Ratis server initialized at port 46857
2022-10-18 06:30:41,066 [Listener at localhost/45465] INFO  ratis.OzoneManagerRatisServer (OzoneManagerRatisServer.java:start(555)) - Starting OzoneManagerRatisServer omNode-1 at port 46857
2022-10-18 06:30:41,068 [pool-256-thread-1] INFO  server.RaftServer$Division (RaftServerImpl.java:<init>(190)) - omNode-1: new RaftServerImpl for group-523986131536:[omNode-3|rpc:localhost:36149|priority:0, omNode-1|rpc:localhost:46857|priority:0, omNode-2|rpc:localhost:34021|priority:0] with OzoneManagerStateMachine:uninitialized
2022-10-18 06:30:41,068 [pool-256-thread-1] INFO  server.RaftServerConfigKeys (ConfUtils.java:logGet(46)) - raft.server.rpc.timeout.min = 1s (custom)
2022-10-18 06:30:41,068 [pool-256-thread-1] INFO  server.RaftServerConfigKeys (ConfUtils.java:logGet(46)) - raft.server.rpc.timeout.max = 1200ms (custom)
2022-10-18 06:30:41,068 [pool-256-thread-1] INFO  server.RaftServerConfigKeys (ConfUtils.java:logGet(46)) - raft.server.rpc.sleep.time = 25ms (default)
2022-10-18 06:30:41,068 [pool-256-thread-1] INFO  server.RaftServerConfigKeys (ConfUtils.java:logGet(46)) - raft.server.rpc.slowness.timeout = 2s (custom)
2022-10-18 06:30:41,068 [pool-256-thread-1] INFO  server.RaftServerConfigKeys (ConfUtils.java:logGet(46)) - raft.server.leaderelection.leader.step-down.wait-time = 10s (default)
2022-10-18 06:30:41,068 [pool-256-thread-1] INFO  server.RaftServerConfigKeys (ConfUtils.java:logGet(46)) - raft.server.sleep.deviation.threshold = 300ms (default)
2022-10-18 06:30:41,068 [pool-256-thread-1] INFO  server.RaftServer$Division (ServerState.java:<init>(107)) - omNode-1@group-523986131536: ConfigurationManager, init=-1: [omNode-3|rpc:localhost:36149|priority:0, omNode-1|rpc:localhost:46857|priority:0, omNode-2|rpc:localhost:34021|priority:0], old=null, confs=<EMPTY_MAP>
2022-10-18 06:30:41,069 [pool-256-thread-1] INFO  server.RaftServerConfigKeys (ConfUtils.java:logGet(46)) - raft.server.storage.dir = [/home/runner/work/ozone/ozone/hadoop-ozone/integration-test/target/test-dir/MiniOzoneClusterImpl-489ebd61-a341-4d14-a135-ade311a26152/omNode-1/ratis] (custom)
2022-10-18 06:30:41,069 [pool-256-thread-1] INFO  server.RaftServerConfigKeys (ConfUtils.java:logGet(46)) - raft.server.log.corruption.policy = EXCEPTION (default)
2022-10-18 06:30:41,069 [pool-256-thread-1] INFO  server.RaftServerConfigKeys (ConfUtils.java:logGet(46)) - raft.server.storage.free-space.min = 0MB (=0) (default)
2022-10-18 06:30:41,070 [pool-256-thread-1] INFO  storage.RaftStorageDirectory (RaftStorageDirectoryImpl.java:tryLock(230)) - Lock on /home/runner/work/ozone/ozone/hadoop-ozone/integration-test/target/test-dir/MiniOzoneClusterImpl-489ebd61-a341-4d14-a135-ade311a26152/omNode-1/ratis/c9bc4cf4-3bc3-3c60-a66b-523986131536/in_use.lock acquired by nodename 30337@fv-az241-838
2022-10-18 06:30:41,070 [pool-256-thread-1] INFO  storage.RaftStorage (RaftStorageImpl.java:analyzeAndRecoverStorage(110)) - Read RaftStorageMetadata{term=1, votedFor=omNode-1} from /home/runner/work/ozone/ozone/hadoop-ozone/integration-test/target/test-dir/MiniOzoneClusterImpl-489ebd61-a341-4d14-a135-ade311a26152/omNode-1/ratis/c9bc4cf4-3bc3-3c60-a66b-523986131536/current/raft-meta
2022-10-18 06:30:41,070 [pool-256-thread-1] INFO  server.RaftServer$Division (ServerState.java:setRaftConf(393)) - omNode-1@group-523986131536: set configuration 0: [omNode-3|rpc:localhost:36149|admin:|client:|dataStream:|priority:0, omNode-1|rpc:localhost:46857|admin:|client:|dataStream:|priority:0, omNode-2|rpc:localhost:34021|admin:|client:|dataStream:|priority:0], old=null
2022-10-18 06:30:41,070 [pool-256-thread-1] INFO  server.RaftServerConfigKeys (ConfUtils.java:logGet(46)) - raft.server.notification.no-leader.timeout = 2s (custom)
2022-10-18 06:30:41,070 [pool-256-thread-1] INFO  server.RaftServerConfigKeys (ConfUtils.java:logGet(46)) - raft.server.log.use.memory = false (default)
2022-10-18 06:30:41,070 [pool-256-thread-1] INFO  server.RaftServerConfigKeys (ConfUtils.java:logGet(46)) - raft.server.log.purge.gap = 50 (custom)
2022-10-18 06:30:41,070 [pool-256-thread-1] INFO  server.RaftServerConfigKeys (ConfUtils.java:logGet(46)) - raft.server.log.appender.buffer.byte-limit = 33554432 (custom)
2022-10-18 06:30:41,071 [pool-256-thread-1] INFO  server.RaftServerConfigKeys (ConfUtils.java:logGet(46)) - raft.server.log.statemachine.data.read.timeout = 1000ms (default)
2022-10-18 06:30:41,071 [pool-256-thread-1] INFO  server.RaftServerConfigKeys (ConfUtils.java:logGet(46)) - raft.server.log.segment.size.max = 4194304 (custom)
2022-10-18 06:30:41,071 [pool-256-thread-1] INFO  server.RaftServerConfigKeys (ConfUtils.java:logGet(46)) - raft.server.log.segment.cache.num.max = 2 (custom)
2022-10-18 06:30:41,071 [pool-256-thread-1] INFO  server.RaftServerConfigKeys (ConfUtils.java:logGet(46)) - raft.server.log.segment.cache.size.max = 200MB (=209715200) (default)
2022-10-18 06:30:41,071 [pool-256-thread-1] INFO  segmented.SegmentedRaftLogWorker (SegmentedRaftLogWorker.java:<init>(187)) - new omNode-1@group-523986131536-SegmentedRaftLogWorker for RaftStorageImpl:Storage Directory /home/runner/work/ozone/ozone/hadoop-ozone/integration-test/target/test-dir/MiniOzoneClusterImpl-489ebd61-a341-4d14-a135-ade311a26152/omNode-1/ratis/c9bc4cf4-3bc3-3c60-a66b-523986131536
2022-10-18 06:30:41,071 [pool-256-thread-1] INFO  server.RaftServerConfigKeys (ConfUtils.java:logGet(46)) - raft.server.log.queue.byte-limit = 64MB (=67108864) (default)
2022-10-18 06:30:41,071 [pool-256-thread-1] INFO  server.RaftServerConfigKeys (ConfUtils.java:logGet(46)) - raft.server.log.queue.element-limit = 4096 (default)
2022-10-18 06:30:41,071 [pool-256-thread-1] INFO  server.RaftServerConfigKeys (ConfUtils.java:logGet(46)) - raft.server.log.segment.size.max = 4194304 (custom)
2022-10-18 06:30:41,071 [pool-256-thread-1] INFO  server.RaftServerConfigKeys (ConfUtils.java:logGet(46)) - raft.server.log.preallocated.size = 4194304 (custom)
2022-10-18 06:30:41,071 [pool-256-thread-1] INFO  server.RaftServerConfigKeys (ConfUtils.java:logGet(46)) - raft.server.log.force.sync.num = 128 (default)
2022-10-18 06:30:41,071 [pool-256-thread-1] INFO  server.RaftServerConfigKeys (ConfUtils.java:logGet(46)) - raft.server.log.statemachine.data.sync = true (default)
2022-10-18 06:30:41,071 [pool-256-thread-1] INFO  server.RaftServerConfigKeys (ConfUtils.java:logGet(46)) - raft.server.log.statemachine.data.sync.timeout = 10s (default)
2022-10-18 06:30:41,072 [pool-256-thread-1] INFO  server.RaftServerConfigKeys (ConfUtils.java:logGet(46)) - raft.server.log.statemachine.data.sync.timeout.retry = -1 (default)
2022-10-18 06:30:41,072 [pool-256-thread-1] INFO  server.RaftServerConfigKeys (ConfUtils.java:logGet(46)) - raft.server.log.write.buffer.size = 64KB (=65536) (default)
2022-10-18 06:30:41,072 [pool-256-thread-1] INFO  server.RaftServerConfigKeys (ConfUtils.java:logGet(46)) - raft.server.log.unsafe-flush.enabled = false (default)
2022-10-18 06:30:41,072 [pool-256-thread-1] INFO  server.RaftServerConfigKeys (ConfUtils.java:logGet(46)) - raft.server.log.statemachine.data.caching.enabled = false (default)
2022-10-18 06:30:41,073 [pool-256-thread-1] INFO  server.RaftServer$Division (ServerState.java:setRaftConf(393)) - omNode-1@group-523986131536: set configuration 0: [omNode-3|rpc:localhost:36149|admin:|client:|dataStream:|priority:0, omNode-1|rpc:localhost:46857|admin:|client:|dataStream:|priority:0, omNode-2|rpc:localhost:34021|admin:|client:|dataStream:|priority:0], old=null
2022-10-18 06:30:41,076 [pool-256-thread-1] INFO  segmented.LogSegment (LogSegment.java:loadSegment(173)) - Successfully read 21 entries from segment file /home/runner/work/ozone/ozone/hadoop-ozone/integration-test/target/test-dir/MiniOzoneClusterImpl-489ebd61-a341-4d14-a135-ade311a26152/omNode-1/ratis/c9bc4cf4-3bc3-3c60-a66b-523986131536/current/log_inprogress_0
2022-10-18 06:30:41,077 [pool-256-thread-1] INFO  segmented.SegmentedRaftLogWorker (SegmentedRaftLogWorker.java:lambda$new$0(135)) - omNode-1@group-523986131536-SegmentedRaftLogWorker: flushIndex: setUnconditionally 0 -> 20
2022-10-18 06:30:41,078 [pool-256-thread-1] INFO  segmented.SegmentedRaftLogWorker (SegmentedRaftLogWorker.java:lambda$new$0(135)) - omNode-1@group-523986131536-SegmentedRaftLogWorker: safeCacheEvictIndex: setUnconditionally 0 -> -1
2022-10-18 06:30:41,081 [pool-256-thread-1] INFO  raftlog.RaftLog (RaftLogBase.java:lambda$new$0(53)) - omNode-1@group-523986131536-SegmentedRaftLog: commitIndex: updateToMax old=20, new=19, updated? false
2022-10-18 06:30:41,083 [pool-256-thread-1] INFO  server.RaftServerConfigKeys (ConfUtils.java:logGet(46)) - raft.server.snapshot.auto.trigger.enabled = true (custom)
2022-10-18 06:30:41,083 [pool-256-thread-1] INFO  server.RaftServerConfigKeys (ConfUtils.java:logGet(46)) - raft.server.snapshot.auto.trigger.threshold = 50 (custom)
2022-10-18 06:30:41,083 [pool-256-thread-1] INFO  server.RaftServerConfigKeys (ConfUtils.java:logGet(46)) - raft.server.snapshot.retention.file.num = -1 (default)
2022-10-18 06:30:41,083 [pool-256-thread-1] INFO  server.RaftServerConfigKeys (ConfUtils.java:logGet(46)) - raft.server.log.purge.upto.snapshot.index = true (custom)
2022-10-18 06:30:41,083 [pool-256-thread-1] INFO  server.RaftServerConfigKeys (ConfUtils.java:logGet(46)) - raft.server.retrycache.expirytime = 30000ms (custom)
2022-10-18 06:30:41,083 [pool-256-thread-1] INFO  server.RaftServerConfigKeys (ConfUtils.java:logGet(46)) - raft.server.retrycache.statistics.expirytime = 100μs (default)
2022-10-18 06:30:41,086 [pool-256-thread-1] INFO  server.RaftServerConfigKeys (ConfUtils.java:logGet(46)) - raft.server.log.appender.install.snapshot.enabled = false (custom)
2022-10-18 06:30:41,087 [pool-256-thread-1] INFO  server.RaftServerConfigKeys (ConfUtils.java:logGet(46)) - raft.server.threadpool.server.cached = true (default)
2022-10-18 06:30:41,087 [pool-256-thread-1] INFO  server.RaftServerConfigKeys (ConfUtils.java:logGet(46)) - raft.server.threadpool.server.size = 0 (default)
2022-10-18 06:30:41,087 [pool-256-thread-1] INFO  server.RaftServerConfigKeys (ConfUtils.java:logGet(46)) - raft.server.threadpool.client.cached = true (default)
2022-10-18 06:30:41,088 [pool-256-thread-1] INFO  server.RaftServerConfigKeys (ConfUtils.java:logGet(46)) - raft.server.threadpool.client.size = 0 (default)
2022-10-18 06:30:41,089 [omNode-1-impl-thread1] INFO  server.RaftServer$Division (RaftServerImpl.java:start(310)) - omNode-1@group-523986131536: start as a follower, conf=0: [omNode-3|rpc:localhost:36149|admin:|client:|dataStream:|priority:0, omNode-1|rpc:localhost:46857|admin:|client:|dataStream:|priority:0, omNode-2|rpc:localhost:34021|admin:|client:|dataStream:|priority:0], old=null
2022-10-18 06:30:41,089 [omNode-1-impl-thread1] INFO  server.RaftServer$Division (RaftServerImpl.java:setRole(299)) - omNode-1@group-523986131536: changes role from      null to FOLLOWER at term 1 for startAsFollower
2022-10-18 06:30:41,089 [omNode-1-impl-thread1] INFO  impl.RoleInfo (RoleInfo.java:updateAndGet(139)) - omNode-1: start omNode-1@group-523986131536-FollowerState
2022-10-18 06:30:41,089 [omNode-1-impl-thread1] INFO  util.JmxRegister (JmxRegister.java:tryRegister(44)) - Successfully registered JMX Bean with object name Ratis:service=RaftServer,group=group-523986131536,id=omNode-1
2022-10-18 06:30:41,092 [Listener at localhost/45465] INFO  server.RaftServer (RaftServerProxy.java:lambda$start$6(382)) - omNode-1: start RPC server
2022-10-18 06:30:41,094 [Listener at localhost/45465] INFO  server.GrpcService (GrpcService.java:startImpl(260)) - omNode-1: GrpcService started, listening on 46857
2022-10-18 06:30:41,095 [Listener at localhost/45465] INFO  om.OzoneManager (OzoneManager.java:getRpcServer(1101)) - Creating RPC Server
2022-10-18 06:30:41,099 [org.apache.ratis.util.JvmPauseMonitor$$Lambda$703/523629281@4c59aafa] INFO  util.JvmPauseMonitor (JvmPauseMonitor.java:run(103)) - JvmPauseMonitor-omNode-1: Started
2022-10-18 06:30:41,229 [grpc-default-executor-1] WARN  server.GrpcLogAppender (LogUtils.java:warn(122)) - omNode-2@group-523986131536->omNode-1-AppendLogResponseHandler: Failed appendEntries: org.apache.ratis.thirdparty.io.grpc.StatusRuntimeException: UNAVAILABLE: io exception
2022-10-18 06:30:41,230 [grpc-default-executor-1] WARN  server.GrpcLogAppender (GrpcLogAppender.java:resetClient(111)) - omNode-2@group-523986131536->omNode-1-GrpcLogAppender: Leader has not got in touch with Follower omNode-2@group-523986131536->omNode-1(c-1,m0,n31, attendVote=true, lastRpcSendTime=254, lastRpcResponseTime=9331) yet, just keep nextIndex unchanged and retry.
2022-10-18 06:30:41,490 [omNode-1-server-thread1] INFO  server.RaftServer$Division (ServerState.java:setLeader(287)) - omNode-1@group-523986131536: change Leader from null to omNode-2 at term 2 for appendEntries, leader elected after 419ms
2022-10-18 06:30:41,491 [omNode-1-server-thread1] INFO  server.RaftServer$Division (RaftServerImpl.java:checkInconsistentAppendEntries(1424)) - omNode-1@group-523986131536: Failed appendEntries as previous log entry ((t:2, i:30)) is not found
2022-10-18 06:30:41,491 [omNode-1-server-thread1] INFO  server.RaftServer$Division (RaftServerImpl.java:checkInconsistentAppendEntries(1394)) - omNode-1@group-523986131536: inconsistency entries. Reply:omNode-2<-omNode-1#7154103:FAIL-t1,INCONSISTENCY,nextIndex=21,followerCommit=20
2022-10-18 06:30:41,492 [grpc-default-executor-1] INFO  leader.FollowerInfo (FollowerInfoImpl.java:lambda$new$0(48)) - omNode-2@group-523986131536->omNode-1: nextIndex: updateUnconditionally 31 -> 21
2022-10-18 06:30:41,498 [omNode-1-server-thread2] INFO  server.RaftServer$Division (ServerState.java:setRaftConf(393)) - omNode-1@group-523986131536: set configuration 21: [omNode-3|rpc:localhost:36149|admin:|client:|dataStream:|priority:0, omNode-1|rpc:localhost:46857|admin:|client:|dataStream:|priority:0, omNode-2|rpc:localhost:34021|admin:|client:|dataStream:|priority:0], old=null
2022-10-18 06:30:41,498 [omNode-1-server-thread2] INFO  segmented.SegmentedRaftLogWorker (SegmentedRaftLogWorker.java:rollLogSegment(430)) - omNode-1@group-523986131536-SegmentedRaftLogWorker: Rolling segment log-0_20 to index:20
2022-10-18 06:30:41,499 [omNode-1@group-523986131536-SegmentedRaftLogWorker] INFO  segmented.SegmentedRaftLogWorker (SegmentedRaftLogWorker.java:execute(586)) - omNode-1@group-523986131536-SegmentedRaftLogWorker: Rolled log segment from /home/runner/work/ozone/ozone/hadoop-ozone/integration-test/target/test-dir/MiniOzoneClusterImpl-489ebd61-a341-4d14-a135-ade311a26152/omNode-1/ratis/c9bc4cf4-3bc3-3c60-a66b-523986131536/current/log_inprogress_0 to /home/runner/work/ozone/ozone/hadoop-ozone/integration-test/target/test-dir/MiniOzoneClusterImpl-489ebd61-a341-4d14-a135-ade311a26152/omNode-1/ratis/c9bc4cf4-3bc3-3c60-a66b-523986131536/current/log_0-20
2022-10-18 06:30:41,509 [omNode-1@group-523986131536-SegmentedRaftLogWorker] INFO  segmented.SegmentedRaftLogWorker (SegmentedRaftLogWorker.java:execute(629)) - omNode-1@group-523986131536-SegmentedRaftLogWorker: created new log segment /home/runner/work/ozone/ozone/hadoop-ozone/integration-test/target/test-dir/MiniOzoneClusterImpl-489ebd61-a341-4d14-a135-ade311a26152/omNode-1/ratis/c9bc4cf4-3bc3-3c60-a66b-523986131536/current/log_inprogress_21
2022-10-18 06:30:41,511 [omNode-1@group-523986131536-StateMachineUpdater] INFO  ratis.OzoneManagerStateMachine (OzoneManagerStateMachine.java:notifyConfigurationChanged(192)) - Received Configuration change notification from Ratis. New Peer list:
[id: "omNode-3"
address: "localhost:36149"
, id: "omNode-1"
address: "localhost:46857"
, id: "omNode-2"
address: "localhost:34021"
]
2022-10-18 06:30:41,605 [Listener at localhost/45465] INFO  reflections.Reflections (Reflections.java:scan(232)) - Reflections took 509 ms to scan 19 urls, producing 67 keys and 4238 values [using 2 cores]
2022-10-18 06:30:41,606 [Listener at localhost/45465] INFO  ipc.CallQueueManager (CallQueueManager.java:<init>(90)) - Using callQueue: class java.util.concurrent.LinkedBlockingQueue, queueCapacity: 2000, scheduler: class org.apache.hadoop.ipc.DefaultRpcScheduler, ipcBackoff: false.
2022-10-18 06:30:41,617 [Socket Reader #1 for port 33523] INFO  ipc.Server (Server.java:run(1273)) - Starting Socket Reader #1 for port 33523
2022-10-18 06:30:41,621 [Listener at localhost/33523] INFO  http.BaseHttpServer (BaseHttpServer.java:newHttpServer2BuilderForOzone(213)) - Starting Web-server for ozoneManager at: http://0.0.0.0:34657
2022-10-18 06:30:41,621 [Listener at localhost/33523] INFO  http.BaseHttpServer (BaseHttpServer.java:<init>(108)) - Hadoop Security Enabled: false Ozone Security Enabled: false Ozone HTTP Security Enabled: false 
2022-10-18 06:30:41,623 [Listener at localhost/33523] WARN  server.AuthenticationFilter (AuthenticationFilter.java:constructSecretProvider(240)) - Unable to initialize FileSignerSecretProvider, falling back to use random secrets. Reason: Could not read signature secret file: /home/runner/hadoop-http-auth-signature-secret
2022-10-18 06:30:41,623 [Listener at localhost/33523] WARN  http.HttpRequestLog (HttpRequestLog.java:getRequestLog(103)) - Jetty request log can only be enabled using Log4j
2022-10-18 06:30:41,625 [Listener at localhost/33523] INFO  http.HttpServer2 (HttpServer2.java:addGlobalFilter(1031)) - Added global filter 'safety' (class=org.apache.hadoop.hdds.server.http.HttpServer2$QuotingInputFilter)
2022-10-18 06:30:41,626 [Listener at localhost/33523] INFO  http.HttpServer2 (HttpServer2.java:addFilter(1007)) - Added filter static_user_filter (class=org.apache.hadoop.http.lib.StaticUserWebFilter$StaticUserFilter) to context ozoneManager
2022-10-18 06:30:41,626 [Listener at localhost/33523] INFO  http.HttpServer2 (HttpServer2.java:addFilter(1015)) - Added filter static_user_filter (class=org.apache.hadoop.http.lib.StaticUserWebFilter$StaticUserFilter) to context logs
2022-10-18 06:30:41,626 [Listener at localhost/33523] INFO  http.HttpServer2 (HttpServer2.java:addFilter(1015)) - Added filter static_user_filter (class=org.apache.hadoop.http.lib.StaticUserWebFilter$StaticUserFilter) to context static
2022-10-18 06:30:41,627 [Listener at localhost/33523] INFO  http.HttpServer2 (HttpServer2.java:bindListener(1250)) - Jetty bound to port 34657
2022-10-18 06:30:41,627 [Listener at localhost/33523] INFO  server.Server (Server.java:doStart(375)) - jetty-9.4.43.v20210629; built: 2021-06-30T11:07:22.254Z; git: 526006ecfa3af7f1a27ef3a288e2bef7ea9dd7e8; jvm 1.8.0_345-b01
2022-10-18 06:30:41,631 [Listener at localhost/33523] INFO  server.session (DefaultSessionIdManager.java:doStart(334)) - DefaultSessionIdManager workerName=node0
2022-10-18 06:30:41,631 [Listener at localhost/33523] INFO  server.session (DefaultSessionIdManager.java:doStart(339)) - No SessionScavenger set, using defaults
2022-10-18 06:30:41,631 [Listener at localhost/33523] INFO  server.session (HouseKeeper.java:startScavenging(132)) - node0 Scavenging every 600000ms
2022-10-18 06:30:41,632 [Listener at localhost/33523] INFO  handler.ContextHandler (ContextHandler.java:doStart(915)) - Started o.e.j.s.ServletContextHandler@1e5a2318{logs,/logs,file:///home/runner/work/ozone/ozone/hadoop-ozone/integration-test/target/log,AVAILABLE}
2022-10-18 06:30:41,633 [Listener at localhost/33523] INFO  handler.ContextHandler (ContextHandler.java:doStart(915)) - Started o.e.j.s.ServletContextHandler@9ee368{static,/static,file:///home/runner/work/ozone/ozone/hadoop-ozone/integration-test/target/test-classes/webapps/static,AVAILABLE}
2022-10-18 06:30:41,636 [Listener at localhost/33523] INFO  handler.ContextHandler (ContextHandler.java:doStart(915)) - Started o.e.j.w.WebAppContext@695fd7e{ozoneManager,/,file:///home/runner/work/ozone/ozone/hadoop-ozone/integration-test/target/test-classes/webapps/ozoneManager/,AVAILABLE}{file:/home/runner/work/ozone/ozone/hadoop-ozone/integration-test/target/test-classes/webapps/ozoneManager}
2022-10-18 06:30:41,651 [Listener at localhost/33523] INFO  server.AbstractConnector (AbstractConnector.java:doStart(331)) - Started ServerConnector@6b1d60b3{HTTP/1.1, (http/1.1)}{0.0.0.0:34657}
2022-10-18 06:30:41,651 [Listener at localhost/33523] INFO  server.Server (Server.java:doStart(415)) - Started @33835ms
2022-10-18 06:30:41,651 [Listener at localhost/33523] WARN  impl.MetricsSystemImpl (MetricsSystemImpl.java:register(279)) - Sink prometheus already exists!
2022-10-18 06:30:41,652 [Listener at localhost/33523] INFO  http.BaseHttpServer (BaseHttpServer.java:updateConnectorAddress(333)) - HTTP server of ozoneManager listening at http://0.0.0.0:34657
2022-10-18 06:30:41,652 [IPC Server Responder] INFO  ipc.Server (Server.java:run(1512)) - IPC Server Responder: starting
2022-10-18 06:30:41,652 [IPC Server listener on 33523] INFO  ipc.Server (Server.java:run(1352)) - IPC Server listener on 33523: starting
2022-10-18 06:30:41,655 [Listener at localhost/33523] INFO  om.OzoneManager (OzoneManager.java:startTrashEmptier(1919)) - Trash Interval set to 0. Files deleted won't move to trash
2022-10-18 06:30:41,655 [Listener at localhost/33523] INFO  om.OzoneManager (OzoneManager.java:stop(2034)) - omNode-2[localhost:39045]: Stopping Ozone Manager
2022-10-18 06:30:41,655 [Listener at localhost/33523] INFO  ipc.Server (Server.java:stop(3428)) - Stopping server on 39045
2022-10-18 06:30:41,667 [org.apache.hadoop.util.JvmPauseMonitor$Monitor@50b0f441] INFO  util.JvmPauseMonitor (JvmPauseMonitor.java:run(188)) - Starting JVM pause monitor
2022-10-18 06:30:41,668 [IPC Server Responder] INFO  ipc.Server (Server.java:run(1517)) - Stopping IPC Server Responder
2022-10-18 06:30:41,668 [IPC Server listener on 39045] INFO  ipc.Server (Server.java:run(1384)) - Stopping IPC Server listener on 39045
2022-10-18 06:30:41,669 [Listener at localhost/33523] INFO  server.RaftServer (RaftServerProxy.java:lambda$close$7(398)) - omNode-2: close
2022-10-18 06:30:41,669 [Listener at localhost/33523] INFO  server.RaftServer$Division (RaftServerImpl.java:lambda$close$4(434)) - omNode-2@group-523986131536: shutdown
2022-10-18 06:30:41,669 [Listener at localhost/33523] INFO  util.JmxRegister (JmxRegister.java:unregister(73)) - Successfully un-registered JMX Bean with object name Ratis:service=RaftServer,group=group-523986131536,id=omNode-2
2022-10-18 06:30:41,669 [Listener at localhost/33523] INFO  impl.RoleInfo (RoleInfo.java:shutdownLeaderState(93)) - omNode-2: shutdown omNode-2@group-523986131536-LeaderStateImpl
2022-10-18 06:30:41,670 [Listener at localhost/33523] INFO  impl.PendingRequests (PendingRequests.java:sendNotLeaderResponses(282)) - omNode-2@group-523986131536-PendingRequests: sendNotLeaderResponses
2022-10-18 06:30:41,670 [omNode-2@group-523986131536->omNode-1-GrpcLogAppender-LogAppenderDaemon] WARN  server.GrpcLogAppender (GrpcLogAppender.java:mayWait(171)) - omNode-2@group-523986131536->omNode-1-GrpcLogAppender: Wait interrupted by java.lang.InterruptedException
2022-10-18 06:30:41,670 [omNode-2@group-523986131536->omNode-3-GrpcLogAppender-LogAppenderDaemon] WARN  server.GrpcLogAppender (GrpcLogAppender.java:mayWait(171)) - omNode-2@group-523986131536->omNode-3-GrpcLogAppender: Wait interrupted by java.lang.InterruptedException
2022-10-18 06:30:41,672 [Listener at localhost/33523] INFO  impl.StateMachineUpdater (StateMachineUpdater.java:stopAndJoin(153)) - omNode-2@group-523986131536-StateMachineUpdater: set stopIndex = 30
2022-10-18 06:30:41,672 [omNode-2@group-523986131536-StateMachineUpdater] INFO  ratis.OzoneManagerStateMachine (OzoneManagerStateMachine.java:takeSnapshot(441)) - Current Snapshot Index (t:2, i:30)
2022-10-18 06:30:41,672 [omNode-2@group-523986131536-StateMachineUpdater] INFO  impl.StateMachineUpdater (StateMachineUpdater.java:takeSnapshot(287)) - omNode-2@group-523986131536-StateMachineUpdater: Took a snapshot at index 30
2022-10-18 06:30:41,672 [omNode-2@group-523986131536-StateMachineUpdater] INFO  impl.StateMachineUpdater (StateMachineUpdater.java:lambda$new$0(92)) - omNode-2@group-523986131536-StateMachineUpdater: snapshotIndex: updateIncreasingly -1 -> 30
2022-10-18 06:30:41,672 [omNode-2@group-523986131536-StateMachineUpdater] INFO  ratis.OzoneManagerStateMachine (OzoneManagerStateMachine.java:close(495)) - StateMachine has shutdown. Shutdown OzoneManager if not already shutdown.
2022-10-18 06:30:41,672 [omNode-2@group-523986131536-StateMachineUpdater] INFO  ratis.OzoneManagerDoubleBuffer (OzoneManagerDoubleBuffer.java:stop(466)) - Stopping OMDoubleBuffer flush thread
2022-10-18 06:30:41,672 [OMDoubleBufferFlushThread] INFO  ratis.OzoneManagerDoubleBuffer (OzoneManagerDoubleBuffer.java:flushTransactions(385)) - OMDoubleBuffer flush thread OMDoubleBufferFlushThread is interrupted and will exit.
2022-10-18 06:30:41,673 [grpc-default-executor-3] INFO  server.GrpcServerProtocolService (GrpcServerProtocolService.java:onCompleted(140)) - omNode-3: Completed APPEND_ENTRIES, lastRequest: omNode-2->omNode-3#97-t2,previous=(t:2, i:29),leaderCommit=30,initializing? true,entries: size=1, first=(t:2, i:30), METADATAENTRY(c:29)
2022-10-18 06:30:41,672 [grpc-default-executor-1] INFO  server.GrpcServerProtocolService (GrpcServerProtocolService.java:onCompleted(140)) - omNode-1: Completed APPEND_ENTRIES, lastRequest: omNode-2->omNode-1#7154104-t2,previous=(t:1, i:20),leaderCommit=30,initializing? true,entries: size=10, first=(t:2, i:21), CONFIGURATIONENTRY
2022-10-18 06:30:41,674 [grpc-default-executor-2] INFO  server.GrpcLogAppender (GrpcLogAppender.java:onCompleted(339)) - omNode-2@group-523986131536->omNode-3-AppendLogResponseHandler: follower responses appendEntries COMPLETED
2022-10-18 06:30:41,674 [grpc-default-executor-2] INFO  leader.FollowerInfo (FollowerInfoImpl.java:lambda$new$0(48)) - omNode-2@group-523986131536->omNode-3: nextIndex: updateUnconditionally 31 -> 30
2022-10-18 06:30:41,674 [grpc-default-executor-0] INFO  server.GrpcLogAppender (GrpcLogAppender.java:onCompleted(339)) - omNode-2@group-523986131536->omNode-1-AppendLogResponseHandler: follower responses appendEntries COMPLETED
2022-10-18 06:30:41,674 [grpc-default-executor-0] INFO  leader.FollowerInfo (FollowerInfoImpl.java:lambda$new$0(48)) - omNode-2@group-523986131536->omNode-1: nextIndex: updateUnconditionally 31 -> 30
2022-10-18 06:30:41,676 [Listener at localhost/33523] INFO  server.RaftServer$Division (ServerState.java:close(429)) - omNode-2@group-523986131536: closes. applyIndex: 30
2022-10-18 06:30:41,677 [omNode-2@group-523986131536-SegmentedRaftLogWorker] INFO  segmented.SegmentedRaftLogWorker (SegmentedRaftLogWorker.java:run(336)) - omNode-2@group-523986131536-SegmentedRaftLogWorker was interrupted, exiting. There are 0 tasks remaining in the queue.
2022-10-18 06:30:41,678 [Listener at localhost/33523] INFO  segmented.SegmentedRaftLogWorker (SegmentedRaftLogWorker.java:close(246)) - omNode-2@group-523986131536-SegmentedRaftLogWorker close()
2022-10-18 06:30:41,680 [Listener at localhost/33523] INFO  server.GrpcService (GrpcService.java:closeImpl(269)) - omNode-2: shutdown server with port 34021 now
2022-10-18 06:30:41,684 [Listener at localhost/33523] INFO  server.GrpcService (GrpcService.java:closeImpl(278)) - omNode-2: shutdown server with port 34021 successfully
2022-10-18 06:30:41,684 [org.apache.ratis.util.JvmPauseMonitor$$Lambda$703/523629281@52d710e2] INFO  util.JvmPauseMonitor (JvmPauseMonitor.java:run(109)) - JvmPauseMonitor-omNode-2: Stopped
2022-10-18 06:30:41,685 [Listener at localhost/33523] INFO  ratis.OzoneManagerStateMachine (OzoneManagerStateMachine.java:close(495)) - StateMachine has shutdown. Shutdown OzoneManager if not already shutdown.
2022-10-18 06:30:41,685 [Listener at localhost/33523] INFO  ratis.OzoneManagerDoubleBuffer (OzoneManagerDoubleBuffer.java:stop(478)) - OMDoubleBuffer flush thread is not running.
2022-10-18 06:30:41,685 [Listener at localhost/33523] INFO  utils.BackgroundService (BackgroundService.java:shutdown(141)) - Shutting down service KeyDeletingService
2022-10-18 06:30:41,685 [Listener at localhost/33523] INFO  utils.BackgroundService (BackgroundService.java:shutdown(141)) - Shutting down service DirectoryDeletingService
2022-10-18 06:30:41,685 [Listener at localhost/33523] INFO  utils.BackgroundService (BackgroundService.java:shutdown(141)) - Shutting down service OpenKeyCleanupService
2022-10-18 06:30:41,686 [Listener at localhost/33523] INFO  handler.ContextHandler (ContextHandler.java:doStop(1153)) - Stopped o.e.j.w.WebAppContext@2cf97fb4{ozoneManager,/,null,STOPPED}{file:/home/runner/work/ozone/ozone/hadoop-ozone/integration-test/target/test-classes/webapps/ozoneManager}
2022-10-18 06:30:41,687 [Listener at localhost/33523] INFO  server.AbstractConnector (AbstractConnector.java:doStop(381)) - Stopped ServerConnector@6e8123dd{HTTP/1.1, (http/1.1)}{0.0.0.0:35391}
2022-10-18 06:30:41,687 [Listener at localhost/33523] INFO  server.session (HouseKeeper.java:stopScavenging(149)) - node0 Stopped scavenging
2022-10-18 06:30:41,687 [Listener at localhost/33523] INFO  handler.ContextHandler (ContextHandler.java:doStop(1153)) - Stopped o.e.j.s.ServletContextHandler@4467fbd8{static,/static,file:///home/runner/work/ozone/ozone/hadoop-ozone/integration-test/target/test-classes/webapps/static,STOPPED}
2022-10-18 06:30:41,687 [Listener at localhost/33523] INFO  handler.ContextHandler (ContextHandler.java:doStop(1153)) - Stopped o.e.j.s.ServletContextHandler@263f26b3{logs,/logs,file:///home/runner/work/ozone/ozone/hadoop-ozone/integration-test/target/log,STOPPED}
2022-10-18 06:30:41,689 [Listener at localhost/33523] INFO  om.OzoneManager (OzoneManager.java:restart(1571)) - OzoneManager RPC server is listening at localhost/127.0.0.1:39045
2022-10-18 06:30:41,689 [Listener at localhost/33523] INFO  impl.MetricsSystemImpl (MetricsSystemImpl.java:init(158)) - OzoneManager metrics system started (again)
2022-10-18 06:30:41,701 [Listener at localhost/33523] WARN  server.ServerUtils (ServerUtils.java:getDBPath(225)) - ozone.om.db.dirs is not configured. We recommend adding this setting. Falling back to ozone.metadata.dirs instead.
2022-10-18 06:30:41,701 [Listener at localhost/33523] INFO  codec.OmKeyInfoCodec (OmKeyInfoCodec.java:<init>(49)) - OmKeyInfoCodec ignorePipeline = true
2022-10-18 06:30:41,701 [Listener at localhost/33523] INFO  codec.RepeatedOmKeyInfoCodec (RepeatedOmKeyInfoCodec.java:<init>(41)) - RepeatedOmKeyInfoCodec ignorePipeline = true
2022-10-18 06:30:41,744 [Listener at localhost/33523] INFO  om.OzoneManager (OzoneManager.java:instantiateServices(712)) - S3 Multi-Tenancy is disabled
2022-10-18 06:30:41,749 [Listener at localhost/33523] WARN  server.ServerUtils (ServerUtils.java:getDefaultRatisDirectory(237)) - Storage directory for Ratis is not configured. It is a good idea to map this to an SSD disk. Falling back to ozone.metadata.dirs
2022-10-18 06:30:41,750 [Listener at localhost/33523] INFO  ratis.OzoneManagerRatisServer (OzoneManagerRatisServer.java:<init>(160)) - Instantiating OM Ratis server with groupID: om-service-test1 and peers: localhost:34021, localhost:36149, localhost:46857
2022-10-18 06:30:41,751 [Listener at localhost/33523] INFO  ratis.OzoneManagerStateMachine (OzoneManagerStateMachine.java:loadSnapshotInfoFromDB(632)) - LastAppliedIndex is set from TransactionInfo from OM DB as (t:2, i:30)
2022-10-18 06:30:41,751 [Listener at localhost/33523] INFO  server.RaftServer (ConfUtils.java:logGet(46)) - raft.rpc.type = GRPC (default)
2022-10-18 06:30:41,751 [Listener at localhost/33523] INFO  grpc.GrpcFactory (GrpcFactory.java:checkPooledByteBufAllocatorUseCacheForAllThreads(48)) - PERFORMANCE WARNING: useCacheForAllThreads is true that may cause Netty to create a lot garbage objects and, as a result, trigger GC.
	It is recommended to disable useCacheForAllThreads by setting -Dorg.apache.ratis.thirdparty.io.netty.allocator.useCacheForAllThreads=false in command line.
2022-10-18 06:30:41,752 [Listener at localhost/33523] INFO  grpc.GrpcConfigKeys (ConfUtils.java:logGet(46)) - raft.grpc.admin.port = -1 (default)
2022-10-18 06:30:41,752 [Listener at localhost/33523] INFO  grpc.GrpcConfigKeys (ConfUtils.java:logGet(46)) - raft.grpc.server.port = 34021 (custom)
2022-10-18 06:30:41,752 [Listener at localhost/33523] INFO  grpc.GrpcConfigKeys (ConfUtils.java:logGet(46)) - raft.grpc.client.port = -1 (default)
2022-10-18 06:30:41,752 [Listener at localhost/33523] INFO  grpc.GrpcConfigKeys (ConfUtils.java:logGet(46)) - raft.grpc.server.port = 34021 (custom)
2022-10-18 06:30:41,752 [Listener at localhost/33523] INFO  grpc.GrpcConfigKeys (ConfUtils.java:logGet(46)) - raft.grpc.server.port = 34021 (custom)
2022-10-18 06:30:41,752 [Listener at localhost/33523] INFO  server.GrpcService (ConfUtils.java:logGet(46)) - raft.grpc.message.size.max = 33554432 (custom)
2022-10-18 06:30:41,752 [Listener at localhost/33523] INFO  server.RaftServerConfigKeys (ConfUtils.java:logGet(46)) - raft.server.log.appender.buffer.byte-limit = 33554432 (custom)
2022-10-18 06:30:41,752 [Listener at localhost/33523] INFO  server.GrpcService (ConfUtils.java:logGet(46)) - raft.grpc.flow.control.window = 1MB (=1048576) (default)
2022-10-18 06:30:41,753 [Listener at localhost/33523] INFO  server.RaftServerConfigKeys (ConfUtils.java:logGet(46)) - raft.server.rpc.request.timeout = 3000ms (default)
2022-10-18 06:30:41,753 [Listener at localhost/33523] INFO  grpc.GrpcConfigKeys (ConfUtils.java:logGet(46)) - raft.grpc.server.async.request.thread.pool.cached = true (default)
2022-10-18 06:30:41,753 [Listener at localhost/33523] INFO  grpc.GrpcConfigKeys (ConfUtils.java:logGet(46)) - raft.grpc.server.async.request.thread.pool.size = 32 (default)
2022-10-18 06:30:41,754 [Listener at localhost/33523] INFO  impl.DataStreamServerImpl (ConfUtils.java:logGet(46)) - raft.datastream.type = DISABLED (default)
2022-10-18 06:30:41,754 [Listener at localhost/33523] INFO  server.RaftServerConfigKeys (ConfUtils.java:logGet(46)) - raft.server.threadpool.proxy.cached = true (default)
2022-10-18 06:30:41,754 [Listener at localhost/33523] INFO  server.RaftServerConfigKeys (ConfUtils.java:logGet(46)) - raft.server.threadpool.proxy.size = 0 (default)
2022-10-18 06:30:41,754 [Listener at localhost/33523] INFO  server.RaftServerConfigKeys (ConfUtils.java:logGet(46)) - raft.server.rpc.slowness.timeout = 2s (custom)
2022-10-18 06:30:41,755 [Listener at localhost/33523] INFO  server.RaftServerConfigKeys (ConfUtils.java:logGet(46)) - raft.server.leaderelection.leader.step-down.wait-time = 10s (default)
2022-10-18 06:30:41,755 [Listener at localhost/33523] INFO  server.RaftServerConfigKeys (ConfUtils.java:logGet(46)) - raft.server.storage.dir = [/home/runner/work/ozone/ozone/hadoop-ozone/integration-test/target/test-dir/MiniOzoneClusterImpl-489ebd61-a341-4d14-a135-ade311a26152/omNode-2/ratis] (custom)
2022-10-18 06:30:41,755 [omNode-2-impl-thread1] INFO  server.RaftServer (RaftServerProxy.java:initGroupDir(247)) - omNode-2: found a subdirectory /home/runner/work/ozone/ozone/hadoop-ozone/integration-test/target/test-dir/MiniOzoneClusterImpl-489ebd61-a341-4d14-a135-ade311a26152/omNode-2/ratis/c9bc4cf4-3bc3-3c60-a66b-523986131536
2022-10-18 06:30:41,755 [Listener at localhost/33523] INFO  server.RaftServer (RaftServerProxy.java:addNew(96)) - omNode-2: addNew group-523986131536:[omNode-3|rpc:localhost:36149|priority:0, omNode-1|rpc:localhost:46857|priority:0, omNode-2|rpc:localhost:34021|priority:0] returns group-523986131536:java.util.concurrent.CompletableFuture@213b1d6d[Not completed]
2022-10-18 06:30:41,756 [Listener at localhost/33523] INFO  om.OzoneManager (OzoneManager.java:initializeRatisServer(1975)) - OzoneManager Ratis server initialized at port 34021
2022-10-18 06:30:41,756 [Listener at localhost/33523] INFO  ratis.OzoneManagerRatisServer (OzoneManagerRatisServer.java:start(555)) - Starting OzoneManagerRatisServer omNode-2 at port 34021
2022-10-18 06:30:41,756 [pool-280-thread-1] INFO  server.RaftServer$Division (RaftServerImpl.java:<init>(190)) - omNode-2: new RaftServerImpl for group-523986131536:[omNode-3|rpc:localhost:36149|priority:0, omNode-1|rpc:localhost:46857|priority:0, omNode-2|rpc:localhost:34021|priority:0] with OzoneManagerStateMachine:uninitialized
2022-10-18 06:30:41,756 [pool-280-thread-1] INFO  server.RaftServerConfigKeys (ConfUtils.java:logGet(46)) - raft.server.rpc.timeout.min = 1s (custom)
2022-10-18 06:30:41,756 [pool-280-thread-1] INFO  server.RaftServerConfigKeys (ConfUtils.java:logGet(46)) - raft.server.rpc.timeout.max = 1200ms (custom)
2022-10-18 06:30:41,756 [pool-280-thread-1] INFO  server.RaftServerConfigKeys (ConfUtils.java:logGet(46)) - raft.server.rpc.sleep.time = 25ms (default)
2022-10-18 06:30:41,756 [pool-280-thread-1] INFO  server.RaftServerConfigKeys (ConfUtils.java:logGet(46)) - raft.server.rpc.slowness.timeout = 2s (custom)
2022-10-18 06:30:41,756 [pool-280-thread-1] INFO  server.RaftServerConfigKeys (ConfUtils.java:logGet(46)) - raft.server.leaderelection.leader.step-down.wait-time = 10s (default)
2022-10-18 06:30:41,756 [pool-280-thread-1] INFO  server.RaftServerConfigKeys (ConfUtils.java:logGet(46)) - raft.server.sleep.deviation.threshold = 300ms (default)
2022-10-18 06:30:41,756 [pool-280-thread-1] INFO  server.RaftServer$Division (ServerState.java:<init>(107)) - omNode-2@group-523986131536: ConfigurationManager, init=-1: [omNode-3|rpc:localhost:36149|priority:0, omNode-1|rpc:localhost:46857|priority:0, omNode-2|rpc:localhost:34021|priority:0], old=null, confs=<EMPTY_MAP>
2022-10-18 06:30:41,756 [pool-280-thread-1] INFO  server.RaftServerConfigKeys (ConfUtils.java:logGet(46)) - raft.server.storage.dir = [/home/runner/work/ozone/ozone/hadoop-ozone/integration-test/target/test-dir/MiniOzoneClusterImpl-489ebd61-a341-4d14-a135-ade311a26152/omNode-2/ratis] (custom)
2022-10-18 06:30:41,757 [pool-280-thread-1] INFO  server.RaftServerConfigKeys (ConfUtils.java:logGet(46)) - raft.server.log.corruption.policy = EXCEPTION (default)
2022-10-18 06:30:41,757 [pool-280-thread-1] INFO  server.RaftServerConfigKeys (ConfUtils.java:logGet(46)) - raft.server.storage.free-space.min = 0MB (=0) (default)
2022-10-18 06:30:41,758 [pool-280-thread-1] INFO  storage.RaftStorageDirectory (RaftStorageDirectoryImpl.java:tryLock(230)) - Lock on /home/runner/work/ozone/ozone/hadoop-ozone/integration-test/target/test-dir/MiniOzoneClusterImpl-489ebd61-a341-4d14-a135-ade311a26152/omNode-2/ratis/c9bc4cf4-3bc3-3c60-a66b-523986131536/in_use.lock acquired by nodename 30337@fv-az241-838
2022-10-18 06:30:41,759 [pool-280-thread-1] INFO  storage.RaftStorage (RaftStorageImpl.java:analyzeAndRecoverStorage(110)) - Read RaftStorageMetadata{term=2, votedFor=omNode-2} from /home/runner/work/ozone/ozone/hadoop-ozone/integration-test/target/test-dir/MiniOzoneClusterImpl-489ebd61-a341-4d14-a135-ade311a26152/omNode-2/ratis/c9bc4cf4-3bc3-3c60-a66b-523986131536/current/raft-meta
2022-10-18 06:30:41,760 [pool-280-thread-1] INFO  server.RaftServer$Division (ServerState.java:setRaftConf(393)) - omNode-2@group-523986131536: set configuration 21: [omNode-3|rpc:localhost:36149|admin:|client:|dataStream:|priority:0, omNode-1|rpc:localhost:46857|admin:|client:|dataStream:|priority:0, omNode-2|rpc:localhost:34021|admin:|client:|dataStream:|priority:0], old=null
2022-10-18 06:30:41,760 [pool-280-thread-1] INFO  server.RaftServerConfigKeys (ConfUtils.java:logGet(46)) - raft.server.notification.no-leader.timeout = 2s (custom)
2022-10-18 06:30:41,761 [pool-280-thread-1] INFO  server.RaftServerConfigKeys (ConfUtils.java:logGet(46)) - raft.server.log.use.memory = false (default)
2022-10-18 06:30:41,761 [pool-280-thread-1] INFO  server.RaftServerConfigKeys (ConfUtils.java:logGet(46)) - raft.server.log.purge.gap = 50 (custom)
2022-10-18 06:30:41,761 [pool-280-thread-1] INFO  server.RaftServerConfigKeys (ConfUtils.java:logGet(46)) - raft.server.log.appender.buffer.byte-limit = 33554432 (custom)
2022-10-18 06:30:41,761 [pool-280-thread-1] INFO  server.RaftServerConfigKeys (ConfUtils.java:logGet(46)) - raft.server.log.statemachine.data.read.timeout = 1000ms (default)
2022-10-18 06:30:41,764 [pool-280-thread-1] INFO  server.RaftServerConfigKeys (ConfUtils.java:logGet(46)) - raft.server.log.segment.size.max = 4194304 (custom)
2022-10-18 06:30:41,764 [pool-280-thread-1] INFO  server.RaftServerConfigKeys (ConfUtils.java:logGet(46)) - raft.server.log.segment.cache.num.max = 2 (custom)
2022-10-18 06:30:41,764 [pool-280-thread-1] INFO  server.RaftServerConfigKeys (ConfUtils.java:logGet(46)) - raft.server.log.segment.cache.size.max = 200MB (=209715200) (default)
2022-10-18 06:30:41,764 [pool-280-thread-1] INFO  segmented.SegmentedRaftLogWorker (SegmentedRaftLogWorker.java:<init>(187)) - new omNode-2@group-523986131536-SegmentedRaftLogWorker for RaftStorageImpl:Storage Directory /home/runner/work/ozone/ozone/hadoop-ozone/integration-test/target/test-dir/MiniOzoneClusterImpl-489ebd61-a341-4d14-a135-ade311a26152/omNode-2/ratis/c9bc4cf4-3bc3-3c60-a66b-523986131536
2022-10-18 06:30:41,764 [pool-280-thread-1] INFO  server.RaftServerConfigKeys (ConfUtils.java:logGet(46)) - raft.server.log.queue.byte-limit = 64MB (=67108864) (default)
2022-10-18 06:30:41,764 [pool-280-thread-1] INFO  server.RaftServerConfigKeys (ConfUtils.java:logGet(46)) - raft.server.log.queue.element-limit = 4096 (default)
2022-10-18 06:30:41,764 [pool-280-thread-1] INFO  server.RaftServerConfigKeys (ConfUtils.java:logGet(46)) - raft.server.log.segment.size.max = 4194304 (custom)
2022-10-18 06:30:41,764 [pool-280-thread-1] INFO  server.RaftServerConfigKeys (ConfUtils.java:logGet(46)) - raft.server.log.preallocated.size = 4194304 (custom)
2022-10-18 06:30:41,764 [pool-280-thread-1] INFO  server.RaftServerConfigKeys (ConfUtils.java:logGet(46)) - raft.server.log.force.sync.num = 128 (default)
2022-10-18 06:30:41,764 [pool-280-thread-1] INFO  server.RaftServerConfigKeys (ConfUtils.java:logGet(46)) - raft.server.log.statemachine.data.sync = true (default)
2022-10-18 06:30:41,764 [pool-280-thread-1] INFO  server.RaftServerConfigKeys (ConfUtils.java:logGet(46)) - raft.server.log.statemachine.data.sync.timeout = 10s (default)
2022-10-18 06:30:41,765 [pool-280-thread-1] INFO  server.RaftServerConfigKeys (ConfUtils.java:logGet(46)) - raft.server.log.statemachine.data.sync.timeout.retry = -1 (default)
2022-10-18 06:30:41,766 [pool-280-thread-1] INFO  server.RaftServerConfigKeys (ConfUtils.java:logGet(46)) - raft.server.log.write.buffer.size = 64KB (=65536) (default)
2022-10-18 06:30:41,766 [pool-280-thread-1] INFO  server.RaftServerConfigKeys (ConfUtils.java:logGet(46)) - raft.server.log.unsafe-flush.enabled = false (default)
2022-10-18 06:30:41,766 [pool-280-thread-1] INFO  server.RaftServerConfigKeys (ConfUtils.java:logGet(46)) - raft.server.log.statemachine.data.caching.enabled = false (default)
2022-10-18 06:30:41,767 [pool-280-thread-1] INFO  server.RaftServer$Division (ServerState.java:setRaftConf(393)) - omNode-2@group-523986131536: set configuration 0: [omNode-3|rpc:localhost:36149|admin:|client:|dataStream:|priority:0, omNode-1|rpc:localhost:46857|admin:|client:|dataStream:|priority:0, omNode-2|rpc:localhost:34021|admin:|client:|dataStream:|priority:0], old=null
2022-10-18 06:30:41,768 [pool-280-thread-1] INFO  segmented.LogSegment (LogSegment.java:loadSegment(173)) - Successfully read 21 entries from segment file /home/runner/work/ozone/ozone/hadoop-ozone/integration-test/target/test-dir/MiniOzoneClusterImpl-489ebd61-a341-4d14-a135-ade311a26152/omNode-2/ratis/c9bc4cf4-3bc3-3c60-a66b-523986131536/current/log_0-20
2022-10-18 06:30:41,769 [pool-280-thread-1] INFO  server.RaftServer$Division (ServerState.java:setRaftConf(393)) - omNode-2@group-523986131536: set configuration 21: [omNode-3|rpc:localhost:36149|admin:|client:|dataStream:|priority:0, omNode-1|rpc:localhost:46857|admin:|client:|dataStream:|priority:0, omNode-2|rpc:localhost:34021|admin:|client:|dataStream:|priority:0], old=null
2022-10-18 06:30:41,770 [pool-280-thread-1] INFO  segmented.LogSegment (LogSegment.java:loadSegment(173)) - Successfully read 10 entries from segment file /home/runner/work/ozone/ozone/hadoop-ozone/integration-test/target/test-dir/MiniOzoneClusterImpl-489ebd61-a341-4d14-a135-ade311a26152/omNode-2/ratis/c9bc4cf4-3bc3-3c60-a66b-523986131536/current/log_inprogress_21
2022-10-18 06:30:41,770 [pool-280-thread-1] INFO  segmented.SegmentedRaftLogWorker (SegmentedRaftLogWorker.java:lambda$new$0(135)) - omNode-2@group-523986131536-SegmentedRaftLogWorker: flushIndex: setUnconditionally 0 -> 30
2022-10-18 06:30:41,770 [pool-280-thread-1] INFO  segmented.SegmentedRaftLogWorker (SegmentedRaftLogWorker.java:lambda$new$0(135)) - omNode-2@group-523986131536-SegmentedRaftLogWorker: safeCacheEvictIndex: setUnconditionally 0 -> 20
2022-10-18 06:30:41,772 [pool-280-thread-1] INFO  raftlog.RaftLog (RaftLogBase.java:lambda$new$0(53)) - omNode-2@group-523986131536-SegmentedRaftLog: commitIndex: updateToMax old=30, new=29, updated? false
2022-10-18 06:30:41,772 [pool-280-thread-1] INFO  server.RaftServerConfigKeys (ConfUtils.java:logGet(46)) - raft.server.snapshot.auto.trigger.enabled = true (custom)
2022-10-18 06:30:41,772 [pool-280-thread-1] INFO  server.RaftServerConfigKeys (ConfUtils.java:logGet(46)) - raft.server.snapshot.auto.trigger.threshold = 50 (custom)
2022-10-18 06:30:41,772 [pool-280-thread-1] INFO  server.RaftServerConfigKeys (ConfUtils.java:logGet(46)) - raft.server.snapshot.retention.file.num = -1 (default)
2022-10-18 06:30:41,772 [pool-280-thread-1] INFO  server.RaftServerConfigKeys (ConfUtils.java:logGet(46)) - raft.server.log.purge.upto.snapshot.index = true (custom)
2022-10-18 06:30:41,772 [pool-280-thread-1] INFO  server.RaftServerConfigKeys (ConfUtils.java:logGet(46)) - raft.server.retrycache.expirytime = 30000ms (custom)
2022-10-18 06:30:41,772 [pool-280-thread-1] INFO  server.RaftServerConfigKeys (ConfUtils.java:logGet(46)) - raft.server.retrycache.statistics.expirytime = 100μs (default)
2022-10-18 06:30:41,773 [pool-280-thread-1] INFO  server.RaftServerConfigKeys (ConfUtils.java:logGet(46)) - raft.server.log.appender.install.snapshot.enabled = false (custom)
2022-10-18 06:30:41,773 [pool-280-thread-1] INFO  server.RaftServerConfigKeys (ConfUtils.java:logGet(46)) - raft.server.threadpool.server.cached = true (default)
2022-10-18 06:30:41,773 [pool-280-thread-1] INFO  server.RaftServerConfigKeys (ConfUtils.java:logGet(46)) - raft.server.threadpool.server.size = 0 (default)
2022-10-18 06:30:41,773 [pool-280-thread-1] INFO  server.RaftServerConfigKeys (ConfUtils.java:logGet(46)) - raft.server.threadpool.client.cached = true (default)
2022-10-18 06:30:41,773 [pool-280-thread-1] INFO  server.RaftServerConfigKeys (ConfUtils.java:logGet(46)) - raft.server.threadpool.client.size = 0 (default)
2022-10-18 06:30:41,773 [omNode-2-impl-thread1] INFO  server.RaftServer$Division (RaftServerImpl.java:start(310)) - omNode-2@group-523986131536: start as a follower, conf=21: [omNode-3|rpc:localhost:36149|admin:|client:|dataStream:|priority:0, omNode-1|rpc:localhost:46857|admin:|client:|dataStream:|priority:0, omNode-2|rpc:localhost:34021|admin:|client:|dataStream:|priority:0], old=null
2022-10-18 06:30:41,773 [omNode-2-impl-thread1] INFO  server.RaftServer$Division (RaftServerImpl.java:setRole(299)) - omNode-2@group-523986131536: changes role from      null to FOLLOWER at term 2 for startAsFollower
2022-10-18 06:30:41,773 [omNode-2-impl-thread1] INFO  impl.RoleInfo (RoleInfo.java:updateAndGet(139)) - omNode-2: start omNode-2@group-523986131536-FollowerState
2022-10-18 06:30:41,773 [omNode-2-impl-thread1] INFO  util.JmxRegister (JmxRegister.java:tryRegister(44)) - Successfully registered JMX Bean with object name Ratis:service=RaftServer,group=group-523986131536,id=omNode-2
2022-10-18 06:30:41,775 [Listener at localhost/33523] INFO  server.RaftServer (RaftServerProxy.java:lambda$start$6(382)) - omNode-2: start RPC server
2022-10-18 06:30:41,777 [Listener at localhost/33523] INFO  server.GrpcService (GrpcService.java:startImpl(260)) - omNode-2: GrpcService started, listening on 34021
2022-10-18 06:30:41,780 [Listener at localhost/33523] INFO  om.OzoneManager (OzoneManager.java:getRpcServer(1101)) - Creating RPC Server
2022-10-18 06:30:41,780 [org.apache.ratis.util.JvmPauseMonitor$$Lambda$703/523629281@2221e3df] INFO  util.JvmPauseMonitor (JvmPauseMonitor.java:run(103)) - JvmPauseMonitor-omNode-2: Started
2022-10-18 06:30:42,113 [Listener at localhost/33523] INFO  reflections.Reflections (Reflections.java:scan(232)) - Reflections took 332 ms to scan 19 urls, producing 67 keys and 4238 values [using 2 cores]
2022-10-18 06:30:42,114 [Listener at localhost/33523] INFO  ipc.CallQueueManager (CallQueueManager.java:<init>(90)) - Using callQueue: class java.util.concurrent.LinkedBlockingQueue, queueCapacity: 2000, scheduler: class org.apache.hadoop.ipc.DefaultRpcScheduler, ipcBackoff: false.
2022-10-18 06:30:42,115 [Socket Reader #1 for port 39045] INFO  ipc.Server (Server.java:run(1273)) - Starting Socket Reader #1 for port 39045
2022-10-18 06:30:42,120 [Listener at localhost/39045] INFO  http.BaseHttpServer (BaseHttpServer.java:newHttpServer2BuilderForOzone(213)) - Starting Web-server for ozoneManager at: http://0.0.0.0:35391
2022-10-18 06:30:42,120 [Listener at localhost/39045] INFO  http.BaseHttpServer (BaseHttpServer.java:<init>(108)) - Hadoop Security Enabled: false Ozone Security Enabled: false Ozone HTTP Security Enabled: false 
2022-10-18 06:30:42,121 [Listener at localhost/39045] WARN  server.AuthenticationFilter (AuthenticationFilter.java:constructSecretProvider(240)) - Unable to initialize FileSignerSecretProvider, falling back to use random secrets. Reason: Could not read signature secret file: /home/runner/hadoop-http-auth-signature-secret
2022-10-18 06:30:42,122 [Listener at localhost/39045] WARN  http.HttpRequestLog (HttpRequestLog.java:getRequestLog(103)) - Jetty request log can only be enabled using Log4j
2022-10-18 06:30:42,124 [Listener at localhost/39045] INFO  http.HttpServer2 (HttpServer2.java:addGlobalFilter(1031)) - Added global filter 'safety' (class=org.apache.hadoop.hdds.server.http.HttpServer2$QuotingInputFilter)
2022-10-18 06:30:42,124 [Listener at localhost/39045] INFO  http.HttpServer2 (HttpServer2.java:addFilter(1007)) - Added filter static_user_filter (class=org.apache.hadoop.http.lib.StaticUserWebFilter$StaticUserFilter) to context ozoneManager
2022-10-18 06:30:42,125 [Listener at localhost/39045] INFO  http.HttpServer2 (HttpServer2.java:addFilter(1015)) - Added filter static_user_filter (class=org.apache.hadoop.http.lib.StaticUserWebFilter$StaticUserFilter) to context logs
2022-10-18 06:30:42,125 [Listener at localhost/39045] INFO  http.HttpServer2 (HttpServer2.java:addFilter(1015)) - Added filter static_user_filter (class=org.apache.hadoop.http.lib.StaticUserWebFilter$StaticUserFilter) to context static
2022-10-18 06:30:42,125 [Listener at localhost/39045] INFO  http.HttpServer2 (HttpServer2.java:bindListener(1250)) - Jetty bound to port 35391
2022-10-18 06:30:42,127 [Listener at localhost/39045] INFO  server.Server (Server.java:doStart(375)) - jetty-9.4.43.v20210629; built: 2021-06-30T11:07:22.254Z; git: 526006ecfa3af7f1a27ef3a288e2bef7ea9dd7e8; jvm 1.8.0_345-b01
2022-10-18 06:30:42,128 [Listener at localhost/39045] INFO  server.session (DefaultSessionIdManager.java:doStart(334)) - DefaultSessionIdManager workerName=node0
2022-10-18 06:30:42,128 [Listener at localhost/39045] INFO  server.session (DefaultSessionIdManager.java:doStart(339)) - No SessionScavenger set, using defaults
2022-10-18 06:30:42,129 [Listener at localhost/39045] INFO  server.session (HouseKeeper.java:startScavenging(132)) - node0 Scavenging every 660000ms
2022-10-18 06:30:42,129 [Listener at localhost/39045] INFO  handler.ContextHandler (ContextHandler.java:doStart(915)) - Started o.e.j.s.ServletContextHandler@5a68eeda{logs,/logs,file:///home/runner/work/ozone/ozone/hadoop-ozone/integration-test/target/log,AVAILABLE}
2022-10-18 06:30:42,130 [Listener at localhost/39045] INFO  handler.ContextHandler (ContextHandler.java:doStart(915)) - Started o.e.j.s.ServletContextHandler@1efc0d01{static,/static,file:///home/runner/work/ozone/ozone/hadoop-ozone/integration-test/target/test-classes/webapps/static,AVAILABLE}
2022-10-18 06:30:42,133 [Listener at localhost/39045] INFO  handler.ContextHandler (ContextHandler.java:doStart(915)) - Started o.e.j.w.WebAppContext@7f0c153b{ozoneManager,/,file:///home/runner/work/ozone/ozone/hadoop-ozone/integration-test/target/test-classes/webapps/ozoneManager/,AVAILABLE}{file:/home/runner/work/ozone/ozone/hadoop-ozone/integration-test/target/test-classes/webapps/ozoneManager}
2022-10-18 06:30:42,134 [Listener at localhost/39045] INFO  server.AbstractConnector (AbstractConnector.java:doStart(331)) - Started ServerConnector@26abbeef{HTTP/1.1, (http/1.1)}{0.0.0.0:35391}
2022-10-18 06:30:42,134 [Listener at localhost/39045] INFO  server.Server (Server.java:doStart(415)) - Started @34318ms
2022-10-18 06:30:42,135 [Listener at localhost/39045] WARN  impl.MetricsSystemImpl (MetricsSystemImpl.java:register(279)) - Sink prometheus already exists!
2022-10-18 06:30:42,135 [Listener at localhost/39045] INFO  http.BaseHttpServer (BaseHttpServer.java:updateConnectorAddress(333)) - HTTP server of ozoneManager listening at http://0.0.0.0:35391
2022-10-18 06:30:42,135 [IPC Server listener on 39045] INFO  ipc.Server (Server.java:run(1352)) - IPC Server listener on 39045: starting
2022-10-18 06:30:42,143 [IPC Server Responder] INFO  ipc.Server (Server.java:run(1512)) - IPC Server Responder: starting
2022-10-18 06:30:42,144 [Listener at localhost/39045] INFO  om.OzoneManager (OzoneManager.java:startTrashEmptier(1919)) - Trash Interval set to 0. Files deleted won't move to trash
2022-10-18 06:30:42,146 [org.apache.hadoop.util.JvmPauseMonitor$Monitor@63a8998e] INFO  util.JvmPauseMonitor (JvmPauseMonitor.java:run(188)) - Starting JVM pause monitor
]]></system-out>
  </testcase>
  <testcase name="testListParts" classname="org.apache.hadoop.ozone.om.TestOzoneManagerHAWithData" time="12.196">
    <system-out><![CDATA[2022-10-18 06:30:42,164 [Listener at localhost/39045] INFO  rpc.RpcClient (RpcClient.java:createVolume(471)) - Creating Volume: volume98777, with user43607 as owner and space quota set to -1 bytes, counts quota set to -1
2022-10-18 06:30:42,165 [Listener at localhost/39045] INFO  retry.RetryInvocationHandler (RetryInvocationHandler.java:log(411)) - com.google.protobuf.ServiceException: java.io.EOFException: End of File Exception between local host is: "fv-az241-838/10.1.1.164"; destination host is: "localhost":39045; : java.io.EOFException; For more details see:  http://wiki.apache.org/hadoop/EOFException, while invoking $Proxy55.submitRequest over nodeId=omNode-2,nodeAddress=127.0.0.1:39045. Trying to failover immediately.
2022-10-18 06:30:42,173 [Listener at localhost/39045] INFO  retry.RetryInvocationHandler (RetryInvocationHandler.java:log(411)) - com.google.protobuf.ServiceException: org.apache.hadoop.ipc.RemoteException(org.apache.hadoop.ozone.om.exceptions.OMNotLeaderException): OM:omNode-3 is not the leader. Could not determine the leader node.
	at org.apache.hadoop.ozone.om.OzoneManager.checkLeaderStatus(OzoneManager.java:4115)
	at org.apache.hadoop.ozone.om.ratis.utils.OzoneManagerRatisUtils.checkLeaderStatus(OzoneManagerRatisUtils.java:446)
	at org.apache.hadoop.ozone.protocolPB.OzoneManagerProtocolServerSideTranslatorPB.processRequest(OzoneManagerProtocolServerSideTranslatorPB.java:181)
	at org.apache.hadoop.hdds.server.OzoneProtocolMessageDispatcher.processRequest(OzoneProtocolMessageDispatcher.java:87)
	at org.apache.hadoop.ozone.protocolPB.OzoneManagerProtocolServerSideTranslatorPB.submitRequest(OzoneManagerProtocolServerSideTranslatorPB.java:147)
	at org.apache.hadoop.ozone.protocol.proto.OzoneManagerProtocolProtos$OzoneManagerService$2.callBlockingMethod(OzoneManagerProtocolProtos.java)
	at org.apache.hadoop.ipc.ProtobufRpcEngine$Server.processCall(ProtobufRpcEngine.java:465)
	at org.apache.hadoop.ipc.ProtobufRpcEngine2$Server$ProtoBufRpcInvoker.call(ProtobufRpcEngine2.java:578)
	at org.apache.hadoop.ipc.ProtobufRpcEngine2$Server$ProtoBufRpcInvoker.call(ProtobufRpcEngine2.java:556)
	at org.apache.hadoop.ipc.RPC$Server.call(RPC.java:1093)
	at org.apache.hadoop.ipc.Server$RpcCall.run(Server.java:1043)
	at org.apache.hadoop.ipc.Server$RpcCall.run(Server.java:971)
	at java.security.AccessController.doPrivileged(Native Method)
	at javax.security.auth.Subject.doAs(Subject.java:422)
	at org.apache.hadoop.security.UserGroupInformation.doAs(UserGroupInformation.java:1878)
	at org.apache.hadoop.ipc.Server$Handler.run(Server.java:2976)
, while invoking $Proxy55.submitRequest over nodeId=omNode-3,nodeAddress=127.0.0.1:45465 after 1 failover attempts. Trying to failover after sleeping for 2000ms.
2022-10-18 06:30:42,834 [omNode-2@group-523986131536-FollowerState] INFO  impl.FollowerState (FollowerState.java:run(143)) - omNode-2@group-523986131536-FollowerState: change to CANDIDATE, lastRpcElapsedTime:1060928121ns, electionTimeout:1060ms
2022-10-18 06:30:42,834 [omNode-2@group-523986131536-FollowerState] INFO  impl.RoleInfo (RoleInfo.java:shutdownFollowerState(110)) - omNode-2: shutdown omNode-2@group-523986131536-FollowerState
2022-10-18 06:30:42,835 [omNode-2@group-523986131536-FollowerState] INFO  server.RaftServer$Division (RaftServerImpl.java:setRole(299)) - omNode-2@group-523986131536: changes role from  FOLLOWER to CANDIDATE at term 2 for changeToCandidate
2022-10-18 06:30:42,835 [omNode-2@group-523986131536-FollowerState] INFO  server.RaftServerConfigKeys (ConfUtils.java:logGet(46)) - raft.server.leaderelection.pre-vote = false (custom)
2022-10-18 06:30:42,835 [omNode-2@group-523986131536-FollowerState] INFO  impl.RoleInfo (RoleInfo.java:updateAndGet(139)) - omNode-2: start omNode-2@group-523986131536-LeaderElection9
2022-10-18 06:30:42,837 [omNode-2@group-523986131536-LeaderElection9] INFO  impl.LeaderElection (LeaderElection.java:askForVotes(310)) - omNode-2@group-523986131536-LeaderElection9 ELECTION round 0: submit vote requests at term 3 for 21: [omNode-3|rpc:localhost:36149|admin:|client:|dataStream:|priority:0, omNode-1|rpc:localhost:46857|admin:|client:|dataStream:|priority:0, omNode-2|rpc:localhost:34021|admin:|client:|dataStream:|priority:0], old=null
2022-10-18 06:30:42,854 [grpc-default-executor-1] INFO  server.RaftServer$Division (RaftServerImpl.java:requestVote(1152)) - omNode-1@group-523986131536: receive requestVote(ELECTION, omNode-2, group-523986131536, 3, (t:2, i:30))
2022-10-18 06:30:42,854 [grpc-default-executor-1] INFO  impl.VoteContext (VoteContext.java:log(48)) - omNode-1@group-523986131536-FOLLOWER: accept ELECTION from omNode-2: our priority 0 <= candidate's priority 0
2022-10-18 06:30:42,855 [grpc-default-executor-1] INFO  server.RaftServer$Division (ServerState.java:setLeader(287)) - omNode-1@group-523986131536: change Leader from omNode-2 to null at term 3 for updateCurrentTerm
2022-10-18 06:30:42,855 [grpc-default-executor-1] INFO  server.RaftServer$Division (RaftServerImpl.java:setRole(299)) - omNode-1@group-523986131536: changes role from  FOLLOWER to FOLLOWER at term 3 for candidate:omNode-2
2022-10-18 06:30:42,855 [grpc-default-executor-1] INFO  impl.RoleInfo (RoleInfo.java:shutdownFollowerState(110)) - omNode-1: shutdown omNode-1@group-523986131536-FollowerState
2022-10-18 06:30:42,855 [grpc-default-executor-1] INFO  impl.RoleInfo (RoleInfo.java:updateAndGet(139)) - omNode-1: start omNode-1@group-523986131536-FollowerState
2022-10-18 06:30:42,855 [omNode-1@group-523986131536-FollowerState] INFO  impl.FollowerState (FollowerState.java:run(152)) - omNode-1@group-523986131536-FollowerState was interrupted
2022-10-18 06:30:42,855 [grpc-default-executor-3] INFO  server.RaftServer$Division (RaftServerImpl.java:requestVote(1152)) - omNode-3@group-523986131536: receive requestVote(ELECTION, omNode-2, group-523986131536, 3, (t:2, i:30))
2022-10-18 06:30:42,855 [grpc-default-executor-3] INFO  impl.VoteContext (VoteContext.java:log(48)) - omNode-3@group-523986131536-FOLLOWER: accept ELECTION from omNode-2: our priority 0 <= candidate's priority 0
2022-10-18 06:30:42,855 [grpc-default-executor-3] INFO  server.RaftServer$Division (ServerState.java:setLeader(287)) - omNode-3@group-523986131536: change Leader from omNode-2 to null at term 3 for updateCurrentTerm
2022-10-18 06:30:42,855 [grpc-default-executor-3] INFO  server.RaftServer$Division (RaftServerImpl.java:setRole(299)) - omNode-3@group-523986131536: changes role from  FOLLOWER to FOLLOWER at term 3 for candidate:omNode-2
2022-10-18 06:30:42,856 [grpc-default-executor-3] INFO  impl.RoleInfo (RoleInfo.java:shutdownFollowerState(110)) - omNode-3: shutdown omNode-3@group-523986131536-FollowerState
2022-10-18 06:30:42,856 [grpc-default-executor-3] INFO  impl.RoleInfo (RoleInfo.java:updateAndGet(139)) - omNode-3: start omNode-3@group-523986131536-FollowerState
2022-10-18 06:30:42,856 [omNode-3@group-523986131536-FollowerState] INFO  impl.FollowerState (FollowerState.java:run(152)) - omNode-3@group-523986131536-FollowerState was interrupted
2022-10-18 06:30:42,859 [grpc-default-executor-1] INFO  server.RaftServer$Division (RaftServerImpl.java:requestVote(1184)) - omNode-1@group-523986131536 replies to ELECTION vote request: omNode-2<-omNode-1#0:OK-t3. Peer's state: omNode-1@group-523986131536:t3, leader=null, voted=omNode-2, raftlog=omNode-1@group-523986131536-SegmentedRaftLog:OPENED:c30, conf=21: [omNode-3|rpc:localhost:36149|admin:|client:|dataStream:|priority:0, omNode-1|rpc:localhost:46857|admin:|client:|dataStream:|priority:0, omNode-2|rpc:localhost:34021|admin:|client:|dataStream:|priority:0], old=null
2022-10-18 06:30:42,860 [grpc-default-executor-3] INFO  server.RaftServer$Division (RaftServerImpl.java:requestVote(1184)) - omNode-3@group-523986131536 replies to ELECTION vote request: omNode-2<-omNode-3#0:OK-t3. Peer's state: omNode-3@group-523986131536:t3, leader=null, voted=omNode-2, raftlog=omNode-3@group-523986131536-SegmentedRaftLog:OPENED:c30, conf=21: [omNode-3|rpc:localhost:36149|admin:|client:|dataStream:|priority:0, omNode-1|rpc:localhost:46857|admin:|client:|dataStream:|priority:0, omNode-2|rpc:localhost:34021|admin:|client:|dataStream:|priority:0], old=null
2022-10-18 06:30:42,861 [omNode-2@group-523986131536-LeaderElection9] INFO  impl.LeaderElection (LeaderElection.java:logAndReturn(90)) - omNode-2@group-523986131536-LeaderElection9: ELECTION PASSED received 1 response(s) and 0 exception(s):
2022-10-18 06:30:42,861 [omNode-2@group-523986131536-LeaderElection9] INFO  impl.LeaderElection (LeaderElection.java:logAndReturn(94)) -   Response 0: omNode-2<-omNode-3#0:OK-t3
2022-10-18 06:30:42,861 [omNode-2@group-523986131536-LeaderElection9] INFO  impl.LeaderElection (LeaderElection.java:askForVotes(312)) - omNode-2@group-523986131536-LeaderElection9 ELECTION round 0: result PASSED
2022-10-18 06:30:42,861 [omNode-2@group-523986131536-LeaderElection9] INFO  impl.RoleInfo (RoleInfo.java:shutdownLeaderElection(130)) - omNode-2: shutdown omNode-2@group-523986131536-LeaderElection9
2022-10-18 06:30:42,861 [omNode-2@group-523986131536-LeaderElection9] INFO  server.RaftServer$Division (RaftServerImpl.java:setRole(299)) - omNode-2@group-523986131536: changes role from CANDIDATE to LEADER at term 3 for changeToLeader
2022-10-18 06:30:42,861 [omNode-2@group-523986131536-LeaderElection9] INFO  server.RaftServer$Division (ServerState.java:setLeader(287)) - omNode-2@group-523986131536: change Leader from null to omNode-2 at term 3 for becomeLeader, leader elected after 1101ms
2022-10-18 06:30:42,862 [omNode-2@group-523986131536-LeaderElection9] INFO  server.RaftServerConfigKeys (ConfUtils.java:logGet(46)) - raft.server.staging.catchup.gap = 1000 (default)
2022-10-18 06:30:42,862 [omNode-2@group-523986131536-LeaderElection9] INFO  server.RaftServerConfigKeys (ConfUtils.java:logGet(46)) - raft.server.write.element-limit = 4096 (default)
2022-10-18 06:30:42,862 [omNode-2@group-523986131536-LeaderElection9] INFO  server.RaftServerConfigKeys (ConfUtils.java:logGet(46)) - raft.server.write.byte-limit = 64MB (=67108864) (default)
2022-10-18 06:30:42,862 [omNode-2@group-523986131536-LeaderElection9] INFO  server.RaftServerConfigKeys (ConfUtils.java:logGet(46)) - raft.server.watch.timeout = 10s (default)
2022-10-18 06:30:42,862 [omNode-2@group-523986131536-LeaderElection9] INFO  server.RaftServerConfigKeys (ConfUtils.java:logGet(46)) - raft.server.watch.timeout.denomination = 1s (default)
2022-10-18 06:30:42,862 [omNode-2@group-523986131536-LeaderElection9] INFO  server.RaftServerConfigKeys (ConfUtils.java:logGet(46)) - raft.server.watch.element-limit = 65536 (default)
2022-10-18 06:30:42,862 [omNode-2@group-523986131536-LeaderElection9] INFO  server.RaftServerConfigKeys (ConfUtils.java:logGet(46)) - raft.server.write.element-limit = 4096 (default)
2022-10-18 06:30:42,862 [omNode-2@group-523986131536-LeaderElection9] INFO  server.RaftServerConfigKeys (ConfUtils.java:logGet(46)) - raft.server.write.follower.gap.ratio.max = -1.0 (default)
2022-10-18 06:30:42,863 [omNode-2@group-523986131536-LeaderElection9] INFO  server.RaftServerConfigKeys (ConfUtils.java:logGet(46)) - raft.server.log.appender.snapshot.chunk.size.max = 16MB (=16777216) (default)
2022-10-18 06:30:42,863 [omNode-2@group-523986131536-LeaderElection9] INFO  server.RaftServerConfigKeys (ConfUtils.java:logGet(46)) - raft.server.log.appender.buffer.byte-limit = 33554432 (custom)
2022-10-18 06:30:42,863 [omNode-2@group-523986131536-LeaderElection9] INFO  server.RaftServerConfigKeys (ConfUtils.java:logGet(46)) - raft.server.log.appender.buffer.element-limit = 1024 (custom)
2022-10-18 06:30:42,863 [omNode-2@group-523986131536-LeaderElection9] INFO  grpc.GrpcConfigKeys (ConfUtils.java:logGet(46)) - raft.grpc.server.leader.outstanding.appends.max = 128 (default)
2022-10-18 06:30:42,863 [omNode-2@group-523986131536-LeaderElection9] INFO  server.RaftServerConfigKeys (ConfUtils.java:logGet(46)) - raft.server.rpc.request.timeout = 3000ms (default)
2022-10-18 06:30:42,863 [omNode-2@group-523986131536-LeaderElection9] INFO  server.RaftServerConfigKeys (ConfUtils.java:logGet(46)) - raft.server.log.appender.install.snapshot.enabled = false (custom)
2022-10-18 06:30:42,864 [omNode-2@group-523986131536-LeaderElection9] INFO  server.RaftServerConfigKeys (ConfUtils.java:logGet(46)) - raft.server.log.appender.snapshot.chunk.size.max = 16MB (=16777216) (default)
2022-10-18 06:30:42,864 [omNode-2@group-523986131536-LeaderElection9] INFO  server.RaftServerConfigKeys (ConfUtils.java:logGet(46)) - raft.server.log.appender.buffer.byte-limit = 33554432 (custom)
2022-10-18 06:30:42,864 [omNode-2@group-523986131536-LeaderElection9] INFO  server.RaftServerConfigKeys (ConfUtils.java:logGet(46)) - raft.server.log.appender.buffer.element-limit = 1024 (custom)
2022-10-18 06:30:42,864 [omNode-2@group-523986131536-LeaderElection9] INFO  grpc.GrpcConfigKeys (ConfUtils.java:logGet(46)) - raft.grpc.server.leader.outstanding.appends.max = 128 (default)
2022-10-18 06:30:42,864 [omNode-2@group-523986131536-LeaderElection9] INFO  server.RaftServerConfigKeys (ConfUtils.java:logGet(46)) - raft.server.rpc.request.timeout = 3000ms (default)
2022-10-18 06:30:42,864 [omNode-2@group-523986131536-LeaderElection9] INFO  server.RaftServerConfigKeys (ConfUtils.java:logGet(46)) - raft.server.log.appender.install.snapshot.enabled = false (custom)
2022-10-18 06:30:42,864 [omNode-2@group-523986131536-LeaderElection9] INFO  impl.RoleInfo (RoleInfo.java:updateAndGet(139)) - omNode-2: start omNode-2@group-523986131536-LeaderStateImpl
2022-10-18 06:30:42,864 [omNode-2@group-523986131536-LeaderElection9] INFO  segmented.SegmentedRaftLogWorker (SegmentedRaftLogWorker.java:rollLogSegment(430)) - omNode-2@group-523986131536-SegmentedRaftLogWorker: Rolling segment log-21_30 to index:30
2022-10-18 06:30:42,866 [omNode-3-server-thread1] INFO  server.RaftServer$Division (ServerState.java:setLeader(287)) - omNode-3@group-523986131536: change Leader from null to omNode-2 at term 3 for appendEntries, leader elected after 11ms
2022-10-18 06:30:42,872 [omNode-2@group-523986131536-LeaderElection9] INFO  server.RaftServer$Division (ServerState.java:setRaftConf(393)) - omNode-2@group-523986131536: set configuration 31: [omNode-3|rpc:localhost:36149|admin:|client:|dataStream:|priority:0, omNode-1|rpc:localhost:46857|admin:|client:|dataStream:|priority:0, omNode-2|rpc:localhost:34021|admin:|client:|dataStream:|priority:0], old=null
2022-10-18 06:30:42,873 [omNode-2@group-523986131536-SegmentedRaftLogWorker] INFO  segmented.SegmentedRaftLogWorker (SegmentedRaftLogWorker.java:execute(586)) - omNode-2@group-523986131536-SegmentedRaftLogWorker: Rolled log segment from /home/runner/work/ozone/ozone/hadoop-ozone/integration-test/target/test-dir/MiniOzoneClusterImpl-489ebd61-a341-4d14-a135-ade311a26152/omNode-2/ratis/c9bc4cf4-3bc3-3c60-a66b-523986131536/current/log_inprogress_21 to /home/runner/work/ozone/ozone/hadoop-ozone/integration-test/target/test-dir/MiniOzoneClusterImpl-489ebd61-a341-4d14-a135-ade311a26152/omNode-2/ratis/c9bc4cf4-3bc3-3c60-a66b-523986131536/current/log_21-30
2022-10-18 06:30:42,880 [omNode-3-server-thread1] INFO  server.RaftServer$Division (ServerState.java:setRaftConf(393)) - omNode-3@group-523986131536: set configuration 31: [omNode-3|rpc:localhost:36149|admin:|client:|dataStream:|priority:0, omNode-1|rpc:localhost:46857|admin:|client:|dataStream:|priority:0, omNode-2|rpc:localhost:34021|admin:|client:|dataStream:|priority:0], old=null
2022-10-18 06:30:42,881 [omNode-3-server-thread1] INFO  segmented.SegmentedRaftLogWorker (SegmentedRaftLogWorker.java:rollLogSegment(430)) - omNode-3@group-523986131536-SegmentedRaftLogWorker: Rolling segment log-21_30 to index:30
2022-10-18 06:30:42,883 [omNode-3@group-523986131536-SegmentedRaftLogWorker] INFO  segmented.SegmentedRaftLogWorker (SegmentedRaftLogWorker.java:execute(586)) - omNode-3@group-523986131536-SegmentedRaftLogWorker: Rolled log segment from /home/runner/work/ozone/ozone/hadoop-ozone/integration-test/target/test-dir/MiniOzoneClusterImpl-489ebd61-a341-4d14-a135-ade311a26152/omNode-3/ratis/c9bc4cf4-3bc3-3c60-a66b-523986131536/current/log_inprogress_21 to /home/runner/work/ozone/ozone/hadoop-ozone/integration-test/target/test-dir/MiniOzoneClusterImpl-489ebd61-a341-4d14-a135-ade311a26152/omNode-3/ratis/c9bc4cf4-3bc3-3c60-a66b-523986131536/current/log_21-30
2022-10-18 06:30:42,887 [omNode-2@group-523986131536-SegmentedRaftLogWorker] INFO  segmented.SegmentedRaftLogWorker (SegmentedRaftLogWorker.java:execute(629)) - omNode-2@group-523986131536-SegmentedRaftLogWorker: created new log segment /home/runner/work/ozone/ozone/hadoop-ozone/integration-test/target/test-dir/MiniOzoneClusterImpl-489ebd61-a341-4d14-a135-ade311a26152/omNode-2/ratis/c9bc4cf4-3bc3-3c60-a66b-523986131536/current/log_inprogress_31
2022-10-18 06:30:42,887 [omNode-1-server-thread2] INFO  server.RaftServer$Division (ServerState.java:setLeader(287)) - omNode-1@group-523986131536: change Leader from null to omNode-2 at term 3 for appendEntries, leader elected after 32ms
2022-10-18 06:30:42,890 [omNode-1-server-thread2] INFO  server.RaftServer$Division (ServerState.java:setRaftConf(393)) - omNode-1@group-523986131536: set configuration 31: [omNode-3|rpc:localhost:36149|admin:|client:|dataStream:|priority:0, omNode-1|rpc:localhost:46857|admin:|client:|dataStream:|priority:0, omNode-2|rpc:localhost:34021|admin:|client:|dataStream:|priority:0], old=null
2022-10-18 06:30:42,890 [omNode-1-server-thread2] INFO  segmented.SegmentedRaftLogWorker (SegmentedRaftLogWorker.java:rollLogSegment(430)) - omNode-1@group-523986131536-SegmentedRaftLogWorker: Rolling segment log-21_30 to index:30
2022-10-18 06:30:42,891 [omNode-1@group-523986131536-SegmentedRaftLogWorker] INFO  segmented.SegmentedRaftLogWorker (SegmentedRaftLogWorker.java:execute(586)) - omNode-1@group-523986131536-SegmentedRaftLogWorker: Rolled log segment from /home/runner/work/ozone/ozone/hadoop-ozone/integration-test/target/test-dir/MiniOzoneClusterImpl-489ebd61-a341-4d14-a135-ade311a26152/omNode-1/ratis/c9bc4cf4-3bc3-3c60-a66b-523986131536/current/log_inprogress_21 to /home/runner/work/ozone/ozone/hadoop-ozone/integration-test/target/test-dir/MiniOzoneClusterImpl-489ebd61-a341-4d14-a135-ade311a26152/omNode-1/ratis/c9bc4cf4-3bc3-3c60-a66b-523986131536/current/log_21-30
2022-10-18 06:30:42,893 [omNode-3@group-523986131536-SegmentedRaftLogWorker] INFO  segmented.SegmentedRaftLogWorker (SegmentedRaftLogWorker.java:execute(629)) - omNode-3@group-523986131536-SegmentedRaftLogWorker: created new log segment /home/runner/work/ozone/ozone/hadoop-ozone/integration-test/target/test-dir/MiniOzoneClusterImpl-489ebd61-a341-4d14-a135-ade311a26152/omNode-3/ratis/c9bc4cf4-3bc3-3c60-a66b-523986131536/current/log_inprogress_31
2022-10-18 06:30:42,897 [omNode-2@group-523986131536-StateMachineUpdater] INFO  ratis.OzoneManagerStateMachine (OzoneManagerStateMachine.java:notifyConfigurationChanged(192)) - Received Configuration change notification from Ratis. New Peer list:
[id: "omNode-3"
address: "localhost:36149"
, id: "omNode-1"
address: "localhost:46857"
, id: "omNode-2"
address: "localhost:34021"
]
2022-10-18 06:30:42,902 [omNode-3@group-523986131536-StateMachineUpdater] INFO  ratis.OzoneManagerStateMachine (OzoneManagerStateMachine.java:notifyConfigurationChanged(192)) - Received Configuration change notification from Ratis. New Peer list:
[id: "omNode-3"
address: "localhost:36149"
, id: "omNode-1"
address: "localhost:46857"
, id: "omNode-2"
address: "localhost:34021"
]
2022-10-18 06:30:42,902 [omNode-1@group-523986131536-SegmentedRaftLogWorker] INFO  segmented.SegmentedRaftLogWorker (SegmentedRaftLogWorker.java:execute(629)) - omNode-1@group-523986131536-SegmentedRaftLogWorker: created new log segment /home/runner/work/ozone/ozone/hadoop-ozone/integration-test/target/test-dir/MiniOzoneClusterImpl-489ebd61-a341-4d14-a135-ade311a26152/omNode-1/ratis/c9bc4cf4-3bc3-3c60-a66b-523986131536/current/log_inprogress_31
2022-10-18 06:30:42,907 [omNode-1@group-523986131536-StateMachineUpdater] INFO  ratis.OzoneManagerStateMachine (OzoneManagerStateMachine.java:notifyConfigurationChanged(192)) - Received Configuration change notification from Ratis. New Peer list:
[id: "omNode-3"
address: "localhost:36149"
, id: "omNode-1"
address: "localhost:46857"
, id: "omNode-2"
address: "localhost:34021"
]
2022-10-18 06:30:44,182 [Listener at localhost/39045] INFO  retry.RetryInvocationHandler (RetryInvocationHandler.java:log(411)) - com.google.protobuf.ServiceException: org.apache.hadoop.ipc.RemoteException(org.apache.hadoop.ozone.om.exceptions.OMNotLeaderException): OM:omNode-1 is not the leader. Could not determine the leader node.
	at org.apache.hadoop.ozone.om.OzoneManager.checkLeaderStatus(OzoneManager.java:4115)
	at org.apache.hadoop.ozone.om.ratis.utils.OzoneManagerRatisUtils.checkLeaderStatus(OzoneManagerRatisUtils.java:446)
	at org.apache.hadoop.ozone.protocolPB.OzoneManagerProtocolServerSideTranslatorPB.processRequest(OzoneManagerProtocolServerSideTranslatorPB.java:181)
	at org.apache.hadoop.hdds.server.OzoneProtocolMessageDispatcher.processRequest(OzoneProtocolMessageDispatcher.java:87)
	at org.apache.hadoop.ozone.protocolPB.OzoneManagerProtocolServerSideTranslatorPB.submitRequest(OzoneManagerProtocolServerSideTranslatorPB.java:147)
	at org.apache.hadoop.ozone.protocol.proto.OzoneManagerProtocolProtos$OzoneManagerService$2.callBlockingMethod(OzoneManagerProtocolProtos.java)
	at org.apache.hadoop.ipc.ProtobufRpcEngine$Server.processCall(ProtobufRpcEngine.java:465)
	at org.apache.hadoop.ipc.ProtobufRpcEngine2$Server$ProtoBufRpcInvoker.call(ProtobufRpcEngine2.java:578)
	at org.apache.hadoop.ipc.ProtobufRpcEngine2$Server$ProtoBufRpcInvoker.call(ProtobufRpcEngine2.java:556)
	at org.apache.hadoop.ipc.RPC$Server.call(RPC.java:1093)
	at org.apache.hadoop.ipc.Server$RpcCall.run(Server.java:1043)
	at org.apache.hadoop.ipc.Server$RpcCall.run(Server.java:971)
	at java.security.AccessController.doPrivileged(Native Method)
	at javax.security.auth.Subject.doAs(Subject.java:422)
	at org.apache.hadoop.security.UserGroupInformation.doAs(UserGroupInformation.java:1878)
	at org.apache.hadoop.ipc.Server$Handler.run(Server.java:2976)
, while invoking $Proxy55.submitRequest over nodeId=omNode-1,nodeAddress=127.0.0.1:33523 after 2 failover attempts. Trying to failover immediately.
2022-10-18 06:30:44,199 [OM StateMachine ApplyTransaction Thread - 0] INFO  volume.OMVolumeCreateRequest (OMVolumeCreateRequest.java:validateAndUpdateCache(195)) - created volume:volume98777 for user:user43607
2022-10-18 06:30:44,202 [OM StateMachine ApplyTransaction Thread - 0] INFO  volume.OMVolumeCreateRequest (OMVolumeCreateRequest.java:validateAndUpdateCache(195)) - created volume:volume98777 for user:user43607
2022-10-18 06:30:44,214 [OM StateMachine ApplyTransaction Thread - 0] INFO  volume.OMVolumeCreateRequest (OMVolumeCreateRequest.java:validateAndUpdateCache(195)) - created volume:volume98777 for user:user43607
2022-10-18 06:30:44,214 [Listener at localhost/39045] INFO  rpc.RpcClient (RpcClient.java:createBucket(674)) - Creating Bucket: volume98777/ecb2bea7-4ed8-4d33-b8c5-f925c926053a, with server-side default bucket layout, runner as owner, Versioning false, Storage Type set to DISK and Encryption set to false 
2022-10-18 06:30:44,224 [OM StateMachine ApplyTransaction Thread - 0] INFO  bucket.OMBucketCreateRequest (OMBucketCreateRequest.java:validateAndUpdateCache(260)) - created bucket: ecb2bea7-4ed8-4d33-b8c5-f925c926053a of layout LEGACY in volume: volume98777
2022-10-18 06:30:44,229 [OM StateMachine ApplyTransaction Thread - 0] INFO  bucket.OMBucketCreateRequest (OMBucketCreateRequest.java:validateAndUpdateCache(260)) - created bucket: ecb2bea7-4ed8-4d33-b8c5-f925c926053a of layout LEGACY in volume: volume98777
2022-10-18 06:30:44,232 [OM StateMachine ApplyTransaction Thread - 0] INFO  bucket.OMBucketCreateRequest (OMBucketCreateRequest.java:validateAndUpdateCache(260)) - created bucket: ecb2bea7-4ed8-4d33-b8c5-f925c926053a of layout LEGACY in volume: volume98777
2022-10-18 06:30:44,535 [Listener at localhost/39045] INFO  om.OzoneManager (OzoneManager.java:stop(2034)) - omNode-2[localhost:39045]: Stopping Ozone Manager
2022-10-18 06:30:44,535 [Listener at localhost/39045] INFO  ipc.Server (Server.java:stop(3428)) - Stopping server on 39045
2022-10-18 06:30:44,540 [IPC Server listener on 39045] INFO  ipc.Server (Server.java:run(1384)) - Stopping IPC Server listener on 39045
2022-10-18 06:30:44,544 [IPC Server Responder] INFO  ipc.Server (Server.java:run(1517)) - Stopping IPC Server Responder
2022-10-18 06:30:44,544 [Listener at localhost/39045] INFO  server.RaftServer (RaftServerProxy.java:lambda$close$7(398)) - omNode-2: close
2022-10-18 06:30:44,544 [Listener at localhost/39045] INFO  server.RaftServer$Division (RaftServerImpl.java:lambda$close$4(434)) - omNode-2@group-523986131536: shutdown
2022-10-18 06:30:44,544 [Listener at localhost/39045] INFO  util.JmxRegister (JmxRegister.java:unregister(73)) - Successfully un-registered JMX Bean with object name Ratis:service=RaftServer,group=group-523986131536,id=omNode-2
2022-10-18 06:30:44,544 [Listener at localhost/39045] INFO  impl.RoleInfo (RoleInfo.java:shutdownLeaderState(93)) - omNode-2: shutdown omNode-2@group-523986131536-LeaderStateImpl
2022-10-18 06:30:44,545 [omNode-2@group-523986131536->omNode-3-GrpcLogAppender-LogAppenderDaemon] WARN  server.GrpcLogAppender (GrpcLogAppender.java:mayWait(171)) - omNode-2@group-523986131536->omNode-3-GrpcLogAppender: Wait interrupted by java.lang.InterruptedException
2022-10-18 06:30:44,545 [omNode-2@group-523986131536->omNode-1-GrpcLogAppender-LogAppenderDaemon] WARN  server.GrpcLogAppender (GrpcLogAppender.java:mayWait(171)) - omNode-2@group-523986131536->omNode-1-GrpcLogAppender: Wait interrupted by java.lang.InterruptedException
2022-10-18 06:30:44,546 [grpc-default-executor-3] INFO  server.GrpcServerProtocolService (GrpcServerProtocolService.java:onCompleted(140)) - omNode-1: Completed APPEND_ENTRIES, lastRequest: omNode-2->omNode-1#128-t3,previous=(t:3, i:55),leaderCommit=55,initializing? true,entries: size=1, first=(t:3, i:56), METADATAENTRY(c:55)
2022-10-18 06:30:44,546 [grpc-default-executor-0] INFO  server.GrpcServerProtocolService (GrpcServerProtocolService.java:onCompleted(140)) - omNode-3: Completed APPEND_ENTRIES, lastRequest: omNode-2->omNode-3#130-t3,previous=(t:3, i:55),leaderCommit=55,initializing? true,entries: size=1, first=(t:3, i:56), METADATAENTRY(c:55)
2022-10-18 06:30:44,547 [grpc-default-executor-1] INFO  server.GrpcLogAppender (GrpcLogAppender.java:onCompleted(339)) - omNode-2@group-523986131536->omNode-1-AppendLogResponseHandler: follower responses appendEntries COMPLETED
2022-10-18 06:30:44,547 [grpc-default-executor-1] INFO  leader.FollowerInfo (FollowerInfoImpl.java:lambda$new$0(48)) - omNode-2@group-523986131536->omNode-1: nextIndex: updateUnconditionally 57 -> 56
2022-10-18 06:30:44,547 [grpc-default-executor-1] INFO  server.GrpcLogAppender (GrpcLogAppender.java:onCompleted(339)) - omNode-2@group-523986131536->omNode-3-AppendLogResponseHandler: follower responses appendEntries COMPLETED
2022-10-18 06:30:44,547 [Listener at localhost/39045] INFO  impl.PendingRequests (PendingRequests.java:sendNotLeaderResponses(282)) - omNode-2@group-523986131536-PendingRequests: sendNotLeaderResponses
2022-10-18 06:30:44,547 [grpc-default-executor-1] INFO  leader.FollowerInfo (FollowerInfoImpl.java:lambda$new$0(48)) - omNode-2@group-523986131536->omNode-3: nextIndex: updateUnconditionally 57 -> 56
2022-10-18 06:30:44,549 [Listener at localhost/39045] INFO  impl.StateMachineUpdater (StateMachineUpdater.java:stopAndJoin(153)) - omNode-2@group-523986131536-StateMachineUpdater: set stopIndex = 56
2022-10-18 06:30:44,549 [omNode-2@group-523986131536-StateMachineUpdater] INFO  ratis.OzoneManagerStateMachine (OzoneManagerStateMachine.java:takeSnapshot(441)) - Current Snapshot Index (t:3, i:56)
2022-10-18 06:30:44,549 [omNode-2@group-523986131536-StateMachineUpdater] INFO  impl.StateMachineUpdater (StateMachineUpdater.java:takeSnapshot(287)) - omNode-2@group-523986131536-StateMachineUpdater: Took a snapshot at index 56
2022-10-18 06:30:44,549 [omNode-2@group-523986131536-StateMachineUpdater] INFO  impl.StateMachineUpdater (StateMachineUpdater.java:lambda$new$0(92)) - omNode-2@group-523986131536-StateMachineUpdater: snapshotIndex: updateIncreasingly 30 -> 56
2022-10-18 06:30:44,549 [omNode-2@group-523986131536-StateMachineUpdater] INFO  raftlog.RaftLog (RaftLogBase.java:purge(308)) - omNode-2@group-523986131536-SegmentedRaftLog: purge 56
2022-10-18 06:30:44,551 [omNode-2@group-523986131536-StateMachineUpdater] INFO  raftlog.RaftLog (RaftLogBase.java:lambda$new$0(53)) - omNode-2@group-523986131536-SegmentedRaftLog: snapshotIndex: updateIncreasingly 30 -> 56
2022-10-18 06:30:44,552 [omNode-2@group-523986131536-StateMachineUpdater] INFO  raftlog.RaftLog (RaftLogBase.java:lambda$new$0(53)) - omNode-2@group-523986131536-SegmentedRaftLog: purgeIndex: updateToMax old=-1, new=30, updated? true
2022-10-18 06:30:44,552 [omNode-2@group-523986131536-StateMachineUpdater] INFO  ratis.OzoneManagerStateMachine (OzoneManagerStateMachine.java:close(495)) - StateMachine has shutdown. Shutdown OzoneManager if not already shutdown.
2022-10-18 06:30:44,552 [omNode-2@group-523986131536-StateMachineUpdater] INFO  ratis.OzoneManagerDoubleBuffer (OzoneManagerDoubleBuffer.java:stop(466)) - Stopping OMDoubleBuffer flush thread
2022-10-18 06:30:44,552 [OMDoubleBufferFlushThread] INFO  ratis.OzoneManagerDoubleBuffer (OzoneManagerDoubleBuffer.java:flushTransactions(385)) - OMDoubleBuffer flush thread OMDoubleBufferFlushThread is interrupted and will exit.
2022-10-18 06:30:44,553 [Listener at localhost/39045] INFO  server.RaftServer$Division (ServerState.java:close(429)) - omNode-2@group-523986131536: closes. applyIndex: 56
2022-10-18 06:30:44,553 [omNode-2@group-523986131536-SegmentedRaftLogWorker] INFO  segmented.SegmentedRaftLogWorker (SegmentedRaftLogWorker.java:run(336)) - omNode-2@group-523986131536-SegmentedRaftLogWorker was interrupted, exiting. There are 0 tasks remaining in the queue.
2022-10-18 06:30:44,555 [Listener at localhost/39045] INFO  segmented.SegmentedRaftLogWorker (SegmentedRaftLogWorker.java:close(246)) - omNode-2@group-523986131536-SegmentedRaftLogWorker close()
2022-10-18 06:30:44,556 [Listener at localhost/39045] INFO  server.GrpcService (GrpcService.java:closeImpl(269)) - omNode-2: shutdown server with port 34021 now
2022-10-18 06:30:44,563 [Listener at localhost/39045] INFO  server.GrpcService (GrpcService.java:closeImpl(278)) - omNode-2: shutdown server with port 34021 successfully
2022-10-18 06:30:44,564 [org.apache.ratis.util.JvmPauseMonitor$$Lambda$703/523629281@2221e3df] INFO  util.JvmPauseMonitor (JvmPauseMonitor.java:run(109)) - JvmPauseMonitor-omNode-2: Stopped
2022-10-18 06:30:44,564 [Listener at localhost/39045] INFO  ratis.OzoneManagerStateMachine (OzoneManagerStateMachine.java:close(495)) - StateMachine has shutdown. Shutdown OzoneManager if not already shutdown.
2022-10-18 06:30:44,564 [Listener at localhost/39045] INFO  ratis.OzoneManagerDoubleBuffer (OzoneManagerDoubleBuffer.java:stop(478)) - OMDoubleBuffer flush thread is not running.
2022-10-18 06:30:44,565 [Listener at localhost/39045] INFO  handler.ContextHandler (ContextHandler.java:doStop(1153)) - Stopped o.e.j.w.WebAppContext@7f0c153b{ozoneManager,/,null,STOPPED}{file:/home/runner/work/ozone/ozone/hadoop-ozone/integration-test/target/test-classes/webapps/ozoneManager}
2022-10-18 06:30:44,565 [Listener at localhost/39045] INFO  server.AbstractConnector (AbstractConnector.java:doStop(381)) - Stopped ServerConnector@26abbeef{HTTP/1.1, (http/1.1)}{0.0.0.0:35391}
2022-10-18 06:30:44,565 [Listener at localhost/39045] INFO  server.session (HouseKeeper.java:stopScavenging(149)) - node0 Stopped scavenging
2022-10-18 06:30:44,565 [Listener at localhost/39045] INFO  handler.ContextHandler (ContextHandler.java:doStop(1153)) - Stopped o.e.j.s.ServletContextHandler@1efc0d01{static,/static,file:///home/runner/work/ozone/ozone/hadoop-ozone/integration-test/target/test-classes/webapps/static,STOPPED}
2022-10-18 06:30:44,566 [Listener at localhost/39045] INFO  handler.ContextHandler (ContextHandler.java:doStop(1153)) - Stopped o.e.j.s.ServletContextHandler@5a68eeda{logs,/logs,file:///home/runner/work/ozone/ozone/hadoop-ozone/integration-test/target/log,STOPPED}
2022-10-18 06:30:46,058 [omNode-3@group-523986131536-FollowerState] INFO  impl.FollowerState (FollowerState.java:run(143)) - omNode-3@group-523986131536-FollowerState: change to CANDIDATE, lastRpcElapsedTime:1526587878ns, electionTimeout:1030ms
2022-10-18 06:30:46,058 [omNode-3@group-523986131536-FollowerState] INFO  impl.RoleInfo (RoleInfo.java:shutdownFollowerState(110)) - omNode-3: shutdown omNode-3@group-523986131536-FollowerState
2022-10-18 06:30:46,058 [omNode-3@group-523986131536-FollowerState] INFO  server.RaftServer$Division (RaftServerImpl.java:setRole(299)) - omNode-3@group-523986131536: changes role from  FOLLOWER to CANDIDATE at term 3 for changeToCandidate
2022-10-18 06:30:46,058 [omNode-3@group-523986131536-FollowerState] INFO  server.RaftServerConfigKeys (ConfUtils.java:logGet(46)) - raft.server.leaderelection.pre-vote = false (custom)
2022-10-18 06:30:46,058 [omNode-3@group-523986131536-FollowerState] INFO  impl.RoleInfo (RoleInfo.java:updateAndGet(139)) - omNode-3: start omNode-3@group-523986131536-LeaderElection10
2022-10-18 06:30:46,059 [omNode-3@group-523986131536-LeaderElection10] INFO  server.RaftServer$Division (ServerState.java:setLeader(287)) - omNode-3@group-523986131536: change Leader from omNode-2 to null at term 3 for ELECTION
2022-10-18 06:30:46,060 [omNode-3@group-523986131536-LeaderElection10] INFO  impl.LeaderElection (LeaderElection.java:askForVotes(310)) - omNode-3@group-523986131536-LeaderElection10 ELECTION round 0: submit vote requests at term 4 for 31: [omNode-3|rpc:localhost:36149|admin:|client:|dataStream:|priority:0, omNode-1|rpc:localhost:46857|admin:|client:|dataStream:|priority:0, omNode-2|rpc:localhost:34021|admin:|client:|dataStream:|priority:0], old=null
2022-10-18 06:30:46,066 [grpc-default-executor-1] INFO  server.RaftServer$Division (RaftServerImpl.java:requestVote(1152)) - omNode-1@group-523986131536: receive requestVote(ELECTION, omNode-3, group-523986131536, 4, (t:3, i:56))
2022-10-18 06:30:46,066 [grpc-default-executor-1] INFO  impl.VoteContext (VoteContext.java:log(48)) - omNode-1@group-523986131536-FOLLOWER: accept ELECTION from omNode-3: our priority 0 <= candidate's priority 0
2022-10-18 06:30:46,066 [grpc-default-executor-1] INFO  server.RaftServer$Division (ServerState.java:setLeader(287)) - omNode-1@group-523986131536: change Leader from omNode-2 to null at term 4 for updateCurrentTerm
2022-10-18 06:30:46,067 [grpc-default-executor-1] INFO  server.RaftServer$Division (RaftServerImpl.java:setRole(299)) - omNode-1@group-523986131536: changes role from  FOLLOWER to FOLLOWER at term 4 for candidate:omNode-3
2022-10-18 06:30:46,067 [grpc-default-executor-1] INFO  impl.RoleInfo (RoleInfo.java:shutdownFollowerState(110)) - omNode-1: shutdown omNode-1@group-523986131536-FollowerState
2022-10-18 06:30:46,067 [grpc-default-executor-1] INFO  impl.RoleInfo (RoleInfo.java:updateAndGet(139)) - omNode-1: start omNode-1@group-523986131536-FollowerState
2022-10-18 06:30:46,067 [omNode-1@group-523986131536-FollowerState] INFO  impl.FollowerState (FollowerState.java:run(152)) - omNode-1@group-523986131536-FollowerState was interrupted
2022-10-18 06:30:46,068 [grpc-default-executor-1] INFO  server.RaftServer$Division (RaftServerImpl.java:requestVote(1184)) - omNode-1@group-523986131536 replies to ELECTION vote request: omNode-3<-omNode-1#0:OK-t4. Peer's state: omNode-1@group-523986131536:t4, leader=null, voted=omNode-3, raftlog=omNode-1@group-523986131536-SegmentedRaftLog:OPENED:c55, conf=31: [omNode-3|rpc:localhost:36149|admin:|client:|dataStream:|priority:0, omNode-1|rpc:localhost:46857|admin:|client:|dataStream:|priority:0, omNode-2|rpc:localhost:34021|admin:|client:|dataStream:|priority:0], old=null
2022-10-18 06:30:46,070 [omNode-3@group-523986131536-LeaderElection10] INFO  impl.LeaderElection (LeaderElection.java:logAndReturn(90)) - omNode-3@group-523986131536-LeaderElection10: ELECTION PASSED received 1 response(s) and 0 exception(s):
2022-10-18 06:30:46,070 [omNode-3@group-523986131536-LeaderElection10] INFO  impl.LeaderElection (LeaderElection.java:logAndReturn(94)) -   Response 0: omNode-3<-omNode-1#0:OK-t4
2022-10-18 06:30:46,070 [omNode-3@group-523986131536-LeaderElection10] INFO  impl.LeaderElection (LeaderElection.java:askForVotes(312)) - omNode-3@group-523986131536-LeaderElection10 ELECTION round 0: result PASSED
2022-10-18 06:30:46,070 [omNode-3@group-523986131536-LeaderElection10] INFO  impl.RoleInfo (RoleInfo.java:shutdownLeaderElection(130)) - omNode-3: shutdown omNode-3@group-523986131536-LeaderElection10
2022-10-18 06:30:46,070 [omNode-3@group-523986131536-LeaderElection10] INFO  server.RaftServer$Division (RaftServerImpl.java:setRole(299)) - omNode-3@group-523986131536: changes role from CANDIDATE to LEADER at term 4 for changeToLeader
2022-10-18 06:30:46,070 [omNode-3@group-523986131536-LeaderElection10] INFO  server.RaftServer$Division (ServerState.java:setLeader(287)) - omNode-3@group-523986131536: change Leader from null to omNode-3 at term 4 for becomeLeader, leader elected after 11ms
2022-10-18 06:30:46,070 [omNode-3@group-523986131536-LeaderElection10] INFO  server.RaftServerConfigKeys (ConfUtils.java:logGet(46)) - raft.server.staging.catchup.gap = 1000 (default)
2022-10-18 06:30:46,070 [omNode-3@group-523986131536-LeaderElection10] INFO  server.RaftServerConfigKeys (ConfUtils.java:logGet(46)) - raft.server.write.element-limit = 4096 (default)
2022-10-18 06:30:46,071 [omNode-3@group-523986131536-LeaderElection10] INFO  server.RaftServerConfigKeys (ConfUtils.java:logGet(46)) - raft.server.write.byte-limit = 64MB (=67108864) (default)
2022-10-18 06:30:46,071 [omNode-3@group-523986131536-LeaderElection10] INFO  server.RaftServerConfigKeys (ConfUtils.java:logGet(46)) - raft.server.watch.timeout = 10s (default)
2022-10-18 06:30:46,071 [omNode-3@group-523986131536-LeaderElection10] INFO  server.RaftServerConfigKeys (ConfUtils.java:logGet(46)) - raft.server.watch.timeout.denomination = 1s (default)
2022-10-18 06:30:46,071 [omNode-3@group-523986131536-LeaderElection10] INFO  server.RaftServerConfigKeys (ConfUtils.java:logGet(46)) - raft.server.watch.element-limit = 65536 (default)
2022-10-18 06:30:46,071 [omNode-3@group-523986131536-LeaderElection10] INFO  server.RaftServerConfigKeys (ConfUtils.java:logGet(46)) - raft.server.write.element-limit = 4096 (default)
2022-10-18 06:30:46,071 [omNode-3@group-523986131536-LeaderElection10] INFO  server.RaftServerConfigKeys (ConfUtils.java:logGet(46)) - raft.server.write.follower.gap.ratio.max = -1.0 (default)
2022-10-18 06:30:46,071 [omNode-3@group-523986131536-LeaderElection10] INFO  server.RaftServerConfigKeys (ConfUtils.java:logGet(46)) - raft.server.log.appender.snapshot.chunk.size.max = 16MB (=16777216) (default)
2022-10-18 06:30:46,072 [omNode-3@group-523986131536-LeaderElection10] INFO  server.RaftServerConfigKeys (ConfUtils.java:logGet(46)) - raft.server.log.appender.buffer.byte-limit = 33554432 (custom)
2022-10-18 06:30:46,072 [omNode-3@group-523986131536-LeaderElection10] INFO  server.RaftServerConfigKeys (ConfUtils.java:logGet(46)) - raft.server.log.appender.buffer.element-limit = 1024 (custom)
2022-10-18 06:30:46,073 [omNode-3@group-523986131536-LeaderElection10] INFO  grpc.GrpcConfigKeys (ConfUtils.java:logGet(46)) - raft.grpc.server.leader.outstanding.appends.max = 128 (default)
2022-10-18 06:30:46,073 [omNode-3@group-523986131536-LeaderElection10] INFO  server.RaftServerConfigKeys (ConfUtils.java:logGet(46)) - raft.server.rpc.request.timeout = 3000ms (default)
2022-10-18 06:30:46,073 [omNode-3@group-523986131536-LeaderElection10] INFO  server.RaftServerConfigKeys (ConfUtils.java:logGet(46)) - raft.server.log.appender.install.snapshot.enabled = false (custom)
2022-10-18 06:30:46,074 [omNode-3@group-523986131536-LeaderElection10] INFO  server.RaftServerConfigKeys (ConfUtils.java:logGet(46)) - raft.server.log.appender.snapshot.chunk.size.max = 16MB (=16777216) (default)
2022-10-18 06:30:46,074 [omNode-3@group-523986131536-LeaderElection10] INFO  server.RaftServerConfigKeys (ConfUtils.java:logGet(46)) - raft.server.log.appender.buffer.byte-limit = 33554432 (custom)
2022-10-18 06:30:46,074 [omNode-3@group-523986131536-LeaderElection10] INFO  server.RaftServerConfigKeys (ConfUtils.java:logGet(46)) - raft.server.log.appender.buffer.element-limit = 1024 (custom)
2022-10-18 06:30:46,074 [omNode-3@group-523986131536-LeaderElection10] INFO  grpc.GrpcConfigKeys (ConfUtils.java:logGet(46)) - raft.grpc.server.leader.outstanding.appends.max = 128 (default)
2022-10-18 06:30:46,074 [omNode-3@group-523986131536-LeaderElection10] INFO  server.RaftServerConfigKeys (ConfUtils.java:logGet(46)) - raft.server.rpc.request.timeout = 3000ms (default)
2022-10-18 06:30:46,074 [omNode-3@group-523986131536-LeaderElection10] INFO  server.RaftServerConfigKeys (ConfUtils.java:logGet(46)) - raft.server.log.appender.install.snapshot.enabled = false (custom)
2022-10-18 06:30:46,074 [omNode-3@group-523986131536-LeaderElection10] INFO  impl.RoleInfo (RoleInfo.java:updateAndGet(139)) - omNode-3: start omNode-3@group-523986131536-LeaderStateImpl
2022-10-18 06:30:46,074 [omNode-3@group-523986131536-LeaderElection10] INFO  segmented.SegmentedRaftLogWorker (SegmentedRaftLogWorker.java:rollLogSegment(430)) - omNode-3@group-523986131536-SegmentedRaftLogWorker: Rolling segment log-31_56 to index:56
2022-10-18 06:30:46,075 [omNode-3@group-523986131536-SegmentedRaftLogWorker] INFO  segmented.SegmentedRaftLogWorker (SegmentedRaftLogWorker.java:execute(586)) - omNode-3@group-523986131536-SegmentedRaftLogWorker: Rolled log segment from /home/runner/work/ozone/ozone/hadoop-ozone/integration-test/target/test-dir/MiniOzoneClusterImpl-489ebd61-a341-4d14-a135-ade311a26152/omNode-3/ratis/c9bc4cf4-3bc3-3c60-a66b-523986131536/current/log_inprogress_31 to /home/runner/work/ozone/ozone/hadoop-ozone/integration-test/target/test-dir/MiniOzoneClusterImpl-489ebd61-a341-4d14-a135-ade311a26152/omNode-3/ratis/c9bc4cf4-3bc3-3c60-a66b-523986131536/current/log_31-56
2022-10-18 06:30:46,082 [omNode-3@group-523986131536-LeaderElection10] INFO  server.RaftServer$Division (ServerState.java:setRaftConf(393)) - omNode-3@group-523986131536: set configuration 57: [omNode-3|rpc:localhost:36149|admin:|client:|dataStream:|priority:0, omNode-1|rpc:localhost:46857|admin:|client:|dataStream:|priority:0, omNode-2|rpc:localhost:34021|admin:|client:|dataStream:|priority:0], old=null
2022-10-18 06:30:46,083 [omNode-1-server-thread2] INFO  server.RaftServer$Division (ServerState.java:setLeader(287)) - omNode-1@group-523986131536: change Leader from null to omNode-3 at term 4 for appendEntries, leader elected after 16ms
2022-10-18 06:30:46,084 [grpc-default-executor-1] WARN  server.GrpcLogAppender (LogUtils.java:warn(122)) - omNode-3@group-523986131536->omNode-2-AppendLogResponseHandler: Failed appendEntries: org.apache.ratis.thirdparty.io.grpc.StatusRuntimeException: UNAVAILABLE: io exception
2022-10-18 06:30:46,084 [omNode-1-server-thread2] INFO  server.RaftServer$Division (ServerState.java:setRaftConf(393)) - omNode-1@group-523986131536: set configuration 57: [omNode-3|rpc:localhost:36149|admin:|client:|dataStream:|priority:0, omNode-1|rpc:localhost:46857|admin:|client:|dataStream:|priority:0, omNode-2|rpc:localhost:34021|admin:|client:|dataStream:|priority:0], old=null
2022-10-18 06:30:46,084 [omNode-1-server-thread2] INFO  segmented.SegmentedRaftLogWorker (SegmentedRaftLogWorker.java:rollLogSegment(430)) - omNode-1@group-523986131536-SegmentedRaftLogWorker: Rolling segment log-31_56 to index:56
2022-10-18 06:30:46,084 [grpc-default-executor-1] WARN  server.GrpcLogAppender (GrpcLogAppender.java:resetClient(111)) - omNode-3@group-523986131536->omNode-2-GrpcLogAppender: Leader has not got in touch with Follower omNode-3@group-523986131536->omNode-2(c-1,m0,n57, attendVote=true, lastRpcSendTime=1213, lastRpcResponseTime=1213) yet, just keep nextIndex unchanged and retry.
2022-10-18 06:30:46,085 [omNode-1@group-523986131536-SegmentedRaftLogWorker] INFO  segmented.SegmentedRaftLogWorker (SegmentedRaftLogWorker.java:execute(586)) - omNode-1@group-523986131536-SegmentedRaftLogWorker: Rolled log segment from /home/runner/work/ozone/ozone/hadoop-ozone/integration-test/target/test-dir/MiniOzoneClusterImpl-489ebd61-a341-4d14-a135-ade311a26152/omNode-1/ratis/c9bc4cf4-3bc3-3c60-a66b-523986131536/current/log_inprogress_31 to /home/runner/work/ozone/ozone/hadoop-ozone/integration-test/target/test-dir/MiniOzoneClusterImpl-489ebd61-a341-4d14-a135-ade311a26152/omNode-1/ratis/c9bc4cf4-3bc3-3c60-a66b-523986131536/current/log_31-56
2022-10-18 06:30:46,087 [grpc-default-executor-1] WARN  server.GrpcLogAppender (LogUtils.java:warn(122)) - omNode-3@group-523986131536->omNode-2-AppendLogResponseHandler: Failed appendEntries: org.apache.ratis.thirdparty.io.grpc.StatusRuntimeException: UNAVAILABLE: io exception
2022-10-18 06:30:46,087 [grpc-default-executor-1] WARN  server.GrpcLogAppender (GrpcLogAppender.java:resetClient(111)) - omNode-3@group-523986131536->omNode-2-GrpcLogAppender: Leader has not got in touch with Follower omNode-3@group-523986131536->omNode-2(c-1,m0,n58, attendVote=true, lastRpcSendTime=0, lastRpcResponseTime=1216) yet, just keep nextIndex unchanged and retry.
2022-10-18 06:30:46,087 [omNode-3@group-523986131536-SegmentedRaftLogWorker] INFO  segmented.SegmentedRaftLogWorker (SegmentedRaftLogWorker.java:execute(629)) - omNode-3@group-523986131536-SegmentedRaftLogWorker: created new log segment /home/runner/work/ozone/ozone/hadoop-ozone/integration-test/target/test-dir/MiniOzoneClusterImpl-489ebd61-a341-4d14-a135-ade311a26152/omNode-3/ratis/c9bc4cf4-3bc3-3c60-a66b-523986131536/current/log_inprogress_57
2022-10-18 06:30:46,105 [omNode-1@group-523986131536-SegmentedRaftLogWorker] INFO  segmented.SegmentedRaftLogWorker (SegmentedRaftLogWorker.java:execute(629)) - omNode-1@group-523986131536-SegmentedRaftLogWorker: created new log segment /home/runner/work/ozone/ozone/hadoop-ozone/integration-test/target/test-dir/MiniOzoneClusterImpl-489ebd61-a341-4d14-a135-ade311a26152/omNode-1/ratis/c9bc4cf4-3bc3-3c60-a66b-523986131536/current/log_inprogress_57
2022-10-18 06:30:46,118 [omNode-3@group-523986131536-StateMachineUpdater] INFO  ratis.OzoneManagerStateMachine (OzoneManagerStateMachine.java:notifyConfigurationChanged(192)) - Received Configuration change notification from Ratis. New Peer list:
[id: "omNode-3"
address: "localhost:36149"
, id: "omNode-1"
address: "localhost:46857"
, id: "omNode-2"
address: "localhost:34021"
]
2022-10-18 06:30:46,118 [grpc-default-executor-1] WARN  server.GrpcLogAppender (LogUtils.java:warn(122)) - omNode-3@group-523986131536->omNode-2-AppendLogResponseHandler: Failed appendEntries: org.apache.ratis.thirdparty.io.grpc.StatusRuntimeException: UNAVAILABLE: io exception
2022-10-18 06:30:46,122 [grpc-default-executor-1] WARN  server.GrpcLogAppender (GrpcLogAppender.java:resetClient(111)) - omNode-3@group-523986131536->omNode-2-GrpcLogAppender: Leader has not got in touch with Follower omNode-3@group-523986131536->omNode-2(c-1,m0,n59, attendVote=true, lastRpcSendTime=30, lastRpcResponseTime=1250) yet, just keep nextIndex unchanged and retry.
2022-10-18 06:30:46,128 [omNode-1@group-523986131536-StateMachineUpdater] INFO  ratis.OzoneManagerStateMachine (OzoneManagerStateMachine.java:notifyConfigurationChanged(192)) - Received Configuration change notification from Ratis. New Peer list:
[id: "omNode-3"
address: "localhost:36149"
, id: "omNode-1"
address: "localhost:46857"
, id: "omNode-2"
address: "localhost:34021"
]
2022-10-18 06:30:46,337 [grpc-default-executor-1] WARN  server.GrpcLogAppender (LogUtils.java:warn(122)) - omNode-3@group-523986131536->omNode-2-AppendLogResponseHandler: Failed appendEntries: org.apache.ratis.thirdparty.io.grpc.StatusRuntimeException: UNAVAILABLE: io exception
2022-10-18 06:30:46,338 [grpc-default-executor-1] WARN  server.GrpcLogAppender (GrpcLogAppender.java:resetClient(111)) - omNode-3@group-523986131536->omNode-2-GrpcLogAppender: Leader has not got in touch with Follower omNode-3@group-523986131536->omNode-2(c-1,m0,n59, attendVote=true, lastRpcSendTime=1, lastRpcResponseTime=1466) yet, just keep nextIndex unchanged and retry.
2022-10-18 06:30:46,587 [grpc-default-executor-1] WARN  server.GrpcLogAppender (LogUtils.java:warn(122)) - omNode-3@group-523986131536->omNode-2-AppendLogResponseHandler: Failed appendEntries: org.apache.ratis.thirdparty.io.grpc.StatusRuntimeException: UNAVAILABLE: io exception
2022-10-18 06:30:46,588 [grpc-default-executor-1] WARN  server.GrpcLogAppender (GrpcLogAppender.java:resetClient(111)) - omNode-3@group-523986131536->omNode-2-GrpcLogAppender: Leader has not got in touch with Follower omNode-3@group-523986131536->omNode-2(c-1,m0,n59, attendVote=true, lastRpcSendTime=0, lastRpcResponseTime=1716) yet, just keep nextIndex unchanged and retry.
2022-10-18 06:30:46,837 [grpc-default-executor-1] WARN  server.GrpcLogAppender (LogUtils.java:warn(122)) - omNode-3@group-523986131536->omNode-2-AppendLogResponseHandler: Failed appendEntries: org.apache.ratis.thirdparty.io.grpc.StatusRuntimeException: UNAVAILABLE: io exception
2022-10-18 06:30:46,838 [grpc-default-executor-1] WARN  server.GrpcLogAppender (GrpcLogAppender.java:resetClient(111)) - omNode-3@group-523986131536->omNode-2-GrpcLogAppender: Leader has not got in touch with Follower omNode-3@group-523986131536->omNode-2(c-1,m0,n59, attendVote=true, lastRpcSendTime=0, lastRpcResponseTime=1967) yet, just keep nextIndex unchanged and retry.
2022-10-18 06:30:47,088 [grpc-default-executor-1] WARN  server.GrpcLogAppender (LogUtils.java:warn(122)) - omNode-3@group-523986131536->omNode-2-AppendLogResponseHandler: Failed appendEntries: org.apache.ratis.thirdparty.io.grpc.StatusRuntimeException: UNAVAILABLE: io exception
2022-10-18 06:30:47,088 [grpc-default-executor-1] WARN  server.GrpcLogAppender (GrpcLogAppender.java:resetClient(111)) - omNode-3@group-523986131536->omNode-2-GrpcLogAppender: Leader has not got in touch with Follower omNode-3@group-523986131536->omNode-2(c-1,m0,n59, attendVote=true, lastRpcSendTime=251, lastRpcResponseTime=2217) yet, just keep nextIndex unchanged and retry.
2022-10-18 06:30:47,339 [grpc-default-executor-1] WARN  server.GrpcLogAppender (LogUtils.java:warn(122)) - omNode-3@group-523986131536->omNode-2-AppendLogResponseHandler: Failed appendEntries: org.apache.ratis.thirdparty.io.grpc.StatusRuntimeException: UNAVAILABLE: io exception
2022-10-18 06:30:47,340 [grpc-default-executor-1] WARN  server.GrpcLogAppender (GrpcLogAppender.java:resetClient(111)) - omNode-3@group-523986131536->omNode-2-GrpcLogAppender: Leader has not got in touch with Follower omNode-3@group-523986131536->omNode-2(c-1,m0,n59, attendVote=true, lastRpcSendTime=0, lastRpcResponseTime=2468) yet, just keep nextIndex unchanged and retry.
2022-10-18 06:30:47,589 [grpc-default-executor-1] WARN  server.GrpcLogAppender (LogUtils.java:warn(122)) - omNode-3@group-523986131536->omNode-2-AppendLogResponseHandler: Failed appendEntries: org.apache.ratis.thirdparty.io.grpc.StatusRuntimeException: UNAVAILABLE: io exception
2022-10-18 06:30:47,590 [grpc-default-executor-1] WARN  server.GrpcLogAppender (GrpcLogAppender.java:resetClient(111)) - omNode-3@group-523986131536->omNode-2-GrpcLogAppender: Leader has not got in touch with Follower omNode-3@group-523986131536->omNode-2(c-1,m0,n59, attendVote=true, lastRpcSendTime=0, lastRpcResponseTime=2719) yet, just keep nextIndex unchanged and retry.
2022-10-18 06:30:47,840 [grpc-default-executor-1] WARN  server.GrpcLogAppender (LogUtils.java:warn(122)) - omNode-3@group-523986131536->omNode-2-AppendLogResponseHandler: Failed appendEntries: org.apache.ratis.thirdparty.io.grpc.StatusRuntimeException: UNAVAILABLE: io exception
2022-10-18 06:30:47,840 [grpc-default-executor-1] WARN  server.GrpcLogAppender (GrpcLogAppender.java:resetClient(111)) - omNode-3@group-523986131536->omNode-2-GrpcLogAppender: Leader has not got in touch with Follower omNode-3@group-523986131536->omNode-2(c-1,m0,n59, attendVote=true, lastRpcSendTime=0, lastRpcResponseTime=2969) yet, just keep nextIndex unchanged and retry.
2022-10-18 06:30:48,090 [grpc-default-executor-1] WARN  server.GrpcLogAppender (LogUtils.java:warn(122)) - omNode-3@group-523986131536->omNode-2-AppendLogResponseHandler: Failed appendEntries: org.apache.ratis.thirdparty.io.grpc.StatusRuntimeException: UNAVAILABLE: io exception
2022-10-18 06:30:48,091 [grpc-default-executor-1] WARN  server.GrpcLogAppender (GrpcLogAppender.java:resetClient(111)) - omNode-3@group-523986131536->omNode-2-GrpcLogAppender: Leader has not got in touch with Follower omNode-3@group-523986131536->omNode-2(c-1,m0,n59, attendVote=true, lastRpcSendTime=0, lastRpcResponseTime=3219) yet, just keep nextIndex unchanged and retry.
2022-10-18 06:30:48,340 [grpc-default-executor-1] WARN  server.GrpcLogAppender (LogUtils.java:warn(122)) - omNode-3@group-523986131536->omNode-2-AppendLogResponseHandler: Failed appendEntries: org.apache.ratis.thirdparty.io.grpc.StatusRuntimeException: UNAVAILABLE: io exception
2022-10-18 06:30:48,341 [grpc-default-executor-1] WARN  server.GrpcLogAppender (GrpcLogAppender.java:resetClient(111)) - omNode-3@group-523986131536->omNode-2-GrpcLogAppender: Leader has not got in touch with Follower omNode-3@group-523986131536->omNode-2(c-1,m0,n59, attendVote=true, lastRpcSendTime=0, lastRpcResponseTime=3470) yet, just keep nextIndex unchanged and retry.
2022-10-18 06:30:48,591 [grpc-default-executor-1] WARN  server.GrpcLogAppender (LogUtils.java:warn(122)) - omNode-3@group-523986131536->omNode-2-AppendLogResponseHandler: Failed appendEntries: org.apache.ratis.thirdparty.io.grpc.StatusRuntimeException: UNAVAILABLE: io exception
2022-10-18 06:30:48,591 [grpc-default-executor-1] WARN  server.GrpcLogAppender (GrpcLogAppender.java:resetClient(111)) - omNode-3@group-523986131536->omNode-2-GrpcLogAppender: Leader has not got in touch with Follower omNode-3@group-523986131536->omNode-2(c-1,m0,n59, attendVote=true, lastRpcSendTime=0, lastRpcResponseTime=3720) yet, just keep nextIndex unchanged and retry.
2022-10-18 06:30:48,841 [grpc-default-executor-1] WARN  server.GrpcLogAppender (LogUtils.java:warn(122)) - omNode-3@group-523986131536->omNode-2-AppendLogResponseHandler: Failed appendEntries: org.apache.ratis.thirdparty.io.grpc.StatusRuntimeException: UNAVAILABLE: io exception
2022-10-18 06:30:48,842 [grpc-default-executor-1] WARN  server.GrpcLogAppender (GrpcLogAppender.java:resetClient(111)) - omNode-3@group-523986131536->omNode-2-GrpcLogAppender: Leader has not got in touch with Follower omNode-3@group-523986131536->omNode-2(c-1,m0,n59, attendVote=true, lastRpcSendTime=0, lastRpcResponseTime=3970) yet, just keep nextIndex unchanged and retry.
2022-10-18 06:30:49,091 [grpc-default-executor-1] WARN  server.GrpcLogAppender (LogUtils.java:warn(122)) - omNode-3@group-523986131536->omNode-2-AppendLogResponseHandler: Failed appendEntries: org.apache.ratis.thirdparty.io.grpc.StatusRuntimeException: UNAVAILABLE: io exception
2022-10-18 06:30:49,092 [grpc-default-executor-1] WARN  server.GrpcLogAppender (GrpcLogAppender.java:resetClient(111)) - omNode-3@group-523986131536->omNode-2-GrpcLogAppender: Leader has not got in touch with Follower omNode-3@group-523986131536->omNode-2(c-1,m0,n59, attendVote=true, lastRpcSendTime=0, lastRpcResponseTime=4221) yet, just keep nextIndex unchanged and retry.
2022-10-18 06:30:49,342 [grpc-default-executor-1] WARN  server.GrpcLogAppender (LogUtils.java:warn(122)) - omNode-3@group-523986131536->omNode-2-AppendLogResponseHandler: Failed appendEntries: org.apache.ratis.thirdparty.io.grpc.StatusRuntimeException: UNAVAILABLE: io exception
2022-10-18 06:30:49,342 [grpc-default-executor-1] WARN  server.GrpcLogAppender (GrpcLogAppender.java:resetClient(111)) - omNode-3@group-523986131536->omNode-2-GrpcLogAppender: Leader has not got in touch with Follower omNode-3@group-523986131536->omNode-2(c-1,m0,n59, attendVote=true, lastRpcSendTime=0, lastRpcResponseTime=4471) yet, just keep nextIndex unchanged and retry.
2022-10-18 06:30:49,592 [grpc-default-executor-1] WARN  server.GrpcLogAppender (LogUtils.java:warn(122)) - omNode-3@group-523986131536->omNode-2-AppendLogResponseHandler: Failed appendEntries: org.apache.ratis.thirdparty.io.grpc.StatusRuntimeException: UNAVAILABLE: io exception
2022-10-18 06:30:49,593 [grpc-default-executor-1] WARN  server.GrpcLogAppender (GrpcLogAppender.java:resetClient(111)) - omNode-3@group-523986131536->omNode-2-GrpcLogAppender: Leader has not got in touch with Follower omNode-3@group-523986131536->omNode-2(c-1,m0,n59, attendVote=true, lastRpcSendTime=0, lastRpcResponseTime=4721) yet, just keep nextIndex unchanged and retry.
2022-10-18 06:30:49,842 [grpc-default-executor-1] WARN  server.GrpcLogAppender (LogUtils.java:warn(122)) - omNode-3@group-523986131536->omNode-2-AppendLogResponseHandler: Failed appendEntries: org.apache.ratis.thirdparty.io.grpc.StatusRuntimeException: UNAVAILABLE: io exception
2022-10-18 06:30:49,843 [grpc-default-executor-1] WARN  server.GrpcLogAppender (GrpcLogAppender.java:resetClient(111)) - omNode-3@group-523986131536->omNode-2-GrpcLogAppender: Leader has not got in touch with Follower omNode-3@group-523986131536->omNode-2(c-1,m0,n59, attendVote=true, lastRpcSendTime=0, lastRpcResponseTime=4972) yet, just keep nextIndex unchanged and retry.
2022-10-18 06:30:50,093 [grpc-default-executor-1] WARN  server.GrpcLogAppender (LogUtils.java:warn(122)) - omNode-3@group-523986131536->omNode-2-AppendLogResponseHandler: Failed appendEntries: org.apache.ratis.thirdparty.io.grpc.StatusRuntimeException: UNAVAILABLE: io exception
2022-10-18 06:30:50,094 [grpc-default-executor-1] WARN  server.GrpcLogAppender (GrpcLogAppender.java:resetClient(111)) - omNode-3@group-523986131536->omNode-2-GrpcLogAppender: Leader has not got in touch with Follower omNode-3@group-523986131536->omNode-2(c-1,m0,n59, attendVote=true, lastRpcSendTime=0, lastRpcResponseTime=5222) yet, just keep nextIndex unchanged and retry.
2022-10-18 06:30:50,343 [grpc-default-executor-1] WARN  server.GrpcLogAppender (LogUtils.java:warn(122)) - omNode-3@group-523986131536->omNode-2-AppendLogResponseHandler: Failed appendEntries: org.apache.ratis.thirdparty.io.grpc.StatusRuntimeException: UNAVAILABLE: io exception
2022-10-18 06:30:50,344 [grpc-default-executor-1] WARN  server.GrpcLogAppender (GrpcLogAppender.java:resetClient(111)) - omNode-3@group-523986131536->omNode-2-GrpcLogAppender: Leader has not got in touch with Follower omNode-3@group-523986131536->omNode-2(c-1,m0,n59, attendVote=true, lastRpcSendTime=0, lastRpcResponseTime=5472) yet, just keep nextIndex unchanged and retry.
2022-10-18 06:30:50,593 [grpc-default-executor-1] WARN  server.GrpcLogAppender (LogUtils.java:warn(122)) - omNode-3@group-523986131536->omNode-2-AppendLogResponseHandler: Failed appendEntries: org.apache.ratis.thirdparty.io.grpc.StatusRuntimeException: UNAVAILABLE: io exception
2022-10-18 06:30:50,594 [grpc-default-executor-1] WARN  server.GrpcLogAppender (GrpcLogAppender.java:resetClient(111)) - omNode-3@group-523986131536->omNode-2-GrpcLogAppender: Leader has not got in touch with Follower omNode-3@group-523986131536->omNode-2(c-1,m0,n59, attendVote=true, lastRpcSendTime=0, lastRpcResponseTime=5723) yet, just keep nextIndex unchanged and retry.
2022-10-18 06:30:50,844 [grpc-default-executor-1] WARN  server.GrpcLogAppender (LogUtils.java:warn(122)) - omNode-3@group-523986131536->omNode-2-AppendLogResponseHandler: Failed appendEntries: org.apache.ratis.thirdparty.io.grpc.StatusRuntimeException: UNAVAILABLE: io exception
2022-10-18 06:30:50,844 [grpc-default-executor-1] WARN  server.GrpcLogAppender (GrpcLogAppender.java:resetClient(111)) - omNode-3@group-523986131536->omNode-2-GrpcLogAppender: Leader has not got in touch with Follower omNode-3@group-523986131536->omNode-2(c-1,m0,n59, attendVote=true, lastRpcSendTime=0, lastRpcResponseTime=5973) yet, just keep nextIndex unchanged and retry.
2022-10-18 06:30:51,094 [grpc-default-executor-1] WARN  server.GrpcLogAppender (LogUtils.java:warn(122)) - omNode-3@group-523986131536->omNode-2-AppendLogResponseHandler: Failed appendEntries: org.apache.ratis.thirdparty.io.grpc.StatusRuntimeException: UNAVAILABLE: io exception
2022-10-18 06:30:51,095 [grpc-default-executor-1] WARN  server.GrpcLogAppender (GrpcLogAppender.java:resetClient(111)) - omNode-3@group-523986131536->omNode-2-GrpcLogAppender: Leader has not got in touch with Follower omNode-3@group-523986131536->omNode-2(c-1,m0,n59, attendVote=true, lastRpcSendTime=0, lastRpcResponseTime=6223) yet, just keep nextIndex unchanged and retry.
2022-10-18 06:30:51,344 [grpc-default-executor-1] WARN  server.GrpcLogAppender (LogUtils.java:warn(122)) - omNode-3@group-523986131536->omNode-2-AppendLogResponseHandler: Failed appendEntries: org.apache.ratis.thirdparty.io.grpc.StatusRuntimeException: UNAVAILABLE: io exception
2022-10-18 06:30:51,345 [grpc-default-executor-1] WARN  server.GrpcLogAppender (GrpcLogAppender.java:resetClient(111)) - omNode-3@group-523986131536->omNode-2-GrpcLogAppender: Leader has not got in touch with Follower omNode-3@group-523986131536->omNode-2(c-1,m0,n59, attendVote=true, lastRpcSendTime=0, lastRpcResponseTime=6474) yet, just keep nextIndex unchanged and retry.
2022-10-18 06:30:51,595 [grpc-default-executor-1] WARN  server.GrpcLogAppender (LogUtils.java:warn(122)) - omNode-3@group-523986131536->omNode-2-AppendLogResponseHandler: Failed appendEntries: org.apache.ratis.thirdparty.io.grpc.StatusRuntimeException: UNAVAILABLE: io exception
2022-10-18 06:30:51,595 [grpc-default-executor-1] WARN  server.GrpcLogAppender (GrpcLogAppender.java:resetClient(111)) - omNode-3@group-523986131536->omNode-2-GrpcLogAppender: Leader has not got in touch with Follower omNode-3@group-523986131536->omNode-2(c-1,m0,n59, attendVote=true, lastRpcSendTime=0, lastRpcResponseTime=6724) yet, just keep nextIndex unchanged and retry.
2022-10-18 06:30:51,845 [grpc-default-executor-1] WARN  server.GrpcLogAppender (LogUtils.java:warn(122)) - omNode-3@group-523986131536->omNode-2-AppendLogResponseHandler: Failed appendEntries: org.apache.ratis.thirdparty.io.grpc.StatusRuntimeException: UNAVAILABLE: io exception
2022-10-18 06:30:51,846 [grpc-default-executor-1] WARN  server.GrpcLogAppender (GrpcLogAppender.java:resetClient(111)) - omNode-3@group-523986131536->omNode-2-GrpcLogAppender: Leader has not got in touch with Follower omNode-3@group-523986131536->omNode-2(c-1,m0,n59, attendVote=true, lastRpcSendTime=0, lastRpcResponseTime=6974) yet, just keep nextIndex unchanged and retry.
2022-10-18 06:30:52,095 [grpc-default-executor-1] WARN  server.GrpcLogAppender (LogUtils.java:warn(122)) - omNode-3@group-523986131536->omNode-2-AppendLogResponseHandler: Failed appendEntries: org.apache.ratis.thirdparty.io.grpc.StatusRuntimeException: UNAVAILABLE: io exception
2022-10-18 06:30:52,096 [grpc-default-executor-1] WARN  server.GrpcLogAppender (GrpcLogAppender.java:resetClient(111)) - omNode-3@group-523986131536->omNode-2-GrpcLogAppender: Leader has not got in touch with Follower omNode-3@group-523986131536->omNode-2(c-1,m0,n59, attendVote=true, lastRpcSendTime=0, lastRpcResponseTime=7225) yet, just keep nextIndex unchanged and retry.
2022-10-18 06:30:52,346 [grpc-default-executor-1] WARN  server.GrpcLogAppender (LogUtils.java:warn(122)) - omNode-3@group-523986131536->omNode-2-AppendLogResponseHandler: Failed appendEntries: org.apache.ratis.thirdparty.io.grpc.StatusRuntimeException: UNAVAILABLE: io exception
2022-10-18 06:30:52,346 [grpc-default-executor-1] WARN  server.GrpcLogAppender (GrpcLogAppender.java:resetClient(111)) - omNode-3@group-523986131536->omNode-2-GrpcLogAppender: Leader has not got in touch with Follower omNode-3@group-523986131536->omNode-2(c-1,m0,n59, attendVote=true, lastRpcSendTime=0, lastRpcResponseTime=7475) yet, just keep nextIndex unchanged and retry.
2022-10-18 06:30:52,573 [Listener at localhost/39045] INFO  retry.RetryInvocationHandler (RetryInvocationHandler.java:log(411)) - com.google.protobuf.ServiceException: java.io.EOFException: End of File Exception between local host is: "fv-az241-838/10.1.1.164"; destination host is: "localhost":39045; : java.io.EOFException; For more details see:  http://wiki.apache.org/hadoop/EOFException, while invoking $Proxy55.submitRequest over nodeId=omNode-2,nodeAddress=127.0.0.1:39045. Trying to failover immediately.
2022-10-18 06:30:52,585 [Listener at localhost/39045] INFO  om.OzoneManager (OzoneManager.java:stop(2034)) - omNode-3[localhost:45465]: Stopping Ozone Manager
2022-10-18 06:30:52,585 [Listener at localhost/39045] INFO  ipc.Server (Server.java:stop(3428)) - Stopping server on 45465
2022-10-18 06:30:52,588 [IPC Server Responder] INFO  ipc.Server (Server.java:run(1517)) - Stopping IPC Server Responder
2022-10-18 06:30:52,588 [IPC Server listener on 45465] INFO  ipc.Server (Server.java:run(1384)) - Stopping IPC Server listener on 45465
2022-10-18 06:30:52,588 [Listener at localhost/39045] INFO  server.RaftServer (RaftServerProxy.java:lambda$close$7(398)) - omNode-3: close
2022-10-18 06:30:52,589 [Listener at localhost/39045] INFO  server.RaftServer$Division (RaftServerImpl.java:lambda$close$4(434)) - omNode-3@group-523986131536: shutdown
2022-10-18 06:30:52,589 [Listener at localhost/39045] INFO  util.JmxRegister (JmxRegister.java:unregister(73)) - Successfully un-registered JMX Bean with object name Ratis:service=RaftServer,group=group-523986131536,id=omNode-3
2022-10-18 06:30:52,589 [Listener at localhost/39045] INFO  impl.RoleInfo (RoleInfo.java:shutdownLeaderState(93)) - omNode-3: shutdown omNode-3@group-523986131536-LeaderStateImpl
2022-10-18 06:30:52,589 [omNode-3@group-523986131536->omNode-1-GrpcLogAppender-LogAppenderDaemon] WARN  server.GrpcLogAppender (GrpcLogAppender.java:mayWait(171)) - omNode-3@group-523986131536->omNode-1-GrpcLogAppender: Wait interrupted by java.lang.InterruptedException
2022-10-18 06:30:52,589 [Listener at localhost/39045] INFO  impl.PendingRequests (PendingRequests.java:sendNotLeaderResponses(282)) - omNode-3@group-523986131536-PendingRequests: sendNotLeaderResponses
2022-10-18 06:30:52,590 [grpc-default-executor-1] INFO  server.GrpcServerProtocolService (GrpcServerProtocolService.java:onCompleted(140)) - omNode-1: Completed APPEND_ENTRIES, lastRequest: omNode-3->omNode-1#3-t4,previous=(t:4, i:57),leaderCommit=57,initializing? true,entries: size=1, first=(t:4, i:58), METADATAENTRY(c:57)
2022-10-18 06:30:52,592 [Listener at localhost/39045] INFO  impl.StateMachineUpdater (StateMachineUpdater.java:stopAndJoin(153)) - omNode-3@group-523986131536-StateMachineUpdater: set stopIndex = 58
2022-10-18 06:30:52,593 [grpc-default-executor-3] INFO  server.GrpcLogAppender (GrpcLogAppender.java:onCompleted(339)) - omNode-3@group-523986131536->omNode-1-AppendLogResponseHandler: follower responses appendEntries COMPLETED
2022-10-18 06:30:52,593 [grpc-default-executor-3] INFO  leader.FollowerInfo (FollowerInfoImpl.java:lambda$new$0(48)) - omNode-3@group-523986131536->omNode-1: nextIndex: updateUnconditionally 59 -> 58
2022-10-18 06:30:52,593 [omNode-3@group-523986131536-StateMachineUpdater] INFO  ratis.OzoneManagerStateMachine (OzoneManagerStateMachine.java:takeSnapshot(441)) - Current Snapshot Index (t:4, i:58)
2022-10-18 06:30:52,593 [omNode-3@group-523986131536-StateMachineUpdater] INFO  impl.StateMachineUpdater (StateMachineUpdater.java:takeSnapshot(287)) - omNode-3@group-523986131536-StateMachineUpdater: Took a snapshot at index 58
2022-10-18 06:30:52,593 [omNode-3@group-523986131536-StateMachineUpdater] INFO  impl.StateMachineUpdater (StateMachineUpdater.java:lambda$new$0(92)) - omNode-3@group-523986131536-StateMachineUpdater: snapshotIndex: updateIncreasingly 29 -> 58
2022-10-18 06:30:52,593 [omNode-3@group-523986131536-StateMachineUpdater] INFO  raftlog.RaftLog (RaftLogBase.java:purge(308)) - omNode-3@group-523986131536-SegmentedRaftLog: purge 58
2022-10-18 06:30:52,593 [omNode-3@group-523986131536-StateMachineUpdater] INFO  raftlog.RaftLog (RaftLogBase.java:lambda$new$0(53)) - omNode-3@group-523986131536-SegmentedRaftLog: snapshotIndex: updateIncreasingly 29 -> 58
2022-10-18 06:30:52,593 [omNode-3@group-523986131536-StateMachineUpdater] INFO  ratis.OzoneManagerStateMachine (OzoneManagerStateMachine.java:close(495)) - StateMachine has shutdown. Shutdown OzoneManager if not already shutdown.
2022-10-18 06:30:52,593 [omNode-3@group-523986131536-StateMachineUpdater] INFO  ratis.OzoneManagerDoubleBuffer (OzoneManagerDoubleBuffer.java:stop(466)) - Stopping OMDoubleBuffer flush thread
2022-10-18 06:30:52,594 [OMDoubleBufferFlushThread] INFO  ratis.OzoneManagerDoubleBuffer (OzoneManagerDoubleBuffer.java:flushTransactions(385)) - OMDoubleBuffer flush thread OMDoubleBufferFlushThread is interrupted and will exit.
2022-10-18 06:30:52,594 [omNode-3@group-523986131536-SegmentedRaftLogWorker] INFO  raftlog.RaftLog (RaftLogBase.java:lambda$new$0(53)) - omNode-3@group-523986131536-SegmentedRaftLog: purgeIndex: updateToMax old=-1, new=56, updated? true
2022-10-18 06:30:52,595 [Listener at localhost/39045] INFO  server.RaftServer$Division (ServerState.java:close(429)) - omNode-3@group-523986131536: closes. applyIndex: 58
2022-10-18 06:30:52,595 [omNode-3@group-523986131536-SegmentedRaftLogWorker] INFO  segmented.SegmentedRaftLogWorker (SegmentedRaftLogWorker.java:run(336)) - omNode-3@group-523986131536-SegmentedRaftLogWorker was interrupted, exiting. There are 0 tasks remaining in the queue.
2022-10-18 06:30:52,597 [Listener at localhost/39045] INFO  segmented.SegmentedRaftLogWorker (SegmentedRaftLogWorker.java:close(246)) - omNode-3@group-523986131536-SegmentedRaftLogWorker close()
2022-10-18 06:30:52,598 [Listener at localhost/39045] INFO  server.GrpcService (GrpcService.java:closeImpl(269)) - omNode-3: shutdown server with port 36149 now
2022-10-18 06:30:52,603 [Listener at localhost/39045] INFO  server.GrpcService (GrpcService.java:closeImpl(278)) - omNode-3: shutdown server with port 36149 successfully
2022-10-18 06:30:52,603 [org.apache.ratis.util.JvmPauseMonitor$$Lambda$703/523629281@6a736908] INFO  util.JvmPauseMonitor (JvmPauseMonitor.java:run(109)) - JvmPauseMonitor-omNode-3: Stopped
2022-10-18 06:30:52,603 [Listener at localhost/39045] INFO  ratis.OzoneManagerStateMachine (OzoneManagerStateMachine.java:close(495)) - StateMachine has shutdown. Shutdown OzoneManager if not already shutdown.
2022-10-18 06:30:52,603 [Listener at localhost/39045] INFO  ratis.OzoneManagerDoubleBuffer (OzoneManagerDoubleBuffer.java:stop(478)) - OMDoubleBuffer flush thread is not running.
2022-10-18 06:30:52,604 [Listener at localhost/39045] INFO  handler.ContextHandler (ContextHandler.java:doStop(1153)) - Stopped o.e.j.w.WebAppContext@390b0862{ozoneManager,/,null,STOPPED}{file:/home/runner/work/ozone/ozone/hadoop-ozone/integration-test/target/test-classes/webapps/ozoneManager}
2022-10-18 06:30:52,604 [Listener at localhost/39045] INFO  server.AbstractConnector (AbstractConnector.java:doStop(381)) - Stopped ServerConnector@5accea91{HTTP/1.1, (http/1.1)}{0.0.0.0:45739}
2022-10-18 06:30:52,604 [Listener at localhost/39045] INFO  server.session (HouseKeeper.java:stopScavenging(149)) - node0 Stopped scavenging
2022-10-18 06:30:52,605 [Listener at localhost/39045] INFO  handler.ContextHandler (ContextHandler.java:doStop(1153)) - Stopped o.e.j.s.ServletContextHandler@35a97ec0{static,/static,file:///home/runner/work/ozone/ozone/hadoop-ozone/integration-test/target/test-classes/webapps/static,STOPPED}
2022-10-18 06:30:52,605 [Listener at localhost/39045] INFO  handler.ContextHandler (ContextHandler.java:doStop(1153)) - Stopped o.e.j.s.ServletContextHandler@ceeae10{logs,/logs,file:///home/runner/work/ozone/ozone/hadoop-ozone/integration-test/target/log,STOPPED}
2022-10-18 06:30:52,607 [Listener at localhost/39045] INFO  om.OzoneManager (OzoneManager.java:restart(1571)) - OzoneManager RPC server is listening at localhost/127.0.0.1:45465
2022-10-18 06:30:52,607 [Listener at localhost/39045] INFO  impl.MetricsSystemImpl (MetricsSystemImpl.java:init(158)) - OzoneManager metrics system started (again)
2022-10-18 06:30:52,627 [Listener at localhost/39045] WARN  server.ServerUtils (ServerUtils.java:getDBPath(225)) - ozone.om.db.dirs is not configured. We recommend adding this setting. Falling back to ozone.metadata.dirs instead.
2022-10-18 06:30:52,627 [Listener at localhost/39045] INFO  codec.OmKeyInfoCodec (OmKeyInfoCodec.java:<init>(49)) - OmKeyInfoCodec ignorePipeline = true
2022-10-18 06:30:52,628 [Listener at localhost/39045] INFO  codec.RepeatedOmKeyInfoCodec (RepeatedOmKeyInfoCodec.java:<init>(41)) - RepeatedOmKeyInfoCodec ignorePipeline = true
2022-10-18 06:30:52,665 [Listener at localhost/39045] INFO  om.OzoneManager (OzoneManager.java:instantiateServices(712)) - S3 Multi-Tenancy is disabled
2022-10-18 06:30:52,667 [Listener at localhost/39045] WARN  server.ServerUtils (ServerUtils.java:getDefaultRatisDirectory(237)) - Storage directory for Ratis is not configured. It is a good idea to map this to an SSD disk. Falling back to ozone.metadata.dirs
2022-10-18 06:30:52,668 [Listener at localhost/39045] INFO  ratis.OzoneManagerRatisServer (OzoneManagerRatisServer.java:<init>(160)) - Instantiating OM Ratis server with groupID: om-service-test1 and peers: localhost:36149, localhost:46857, localhost:34021
2022-10-18 06:30:52,668 [Listener at localhost/39045] INFO  ratis.OzoneManagerStateMachine (OzoneManagerStateMachine.java:loadSnapshotInfoFromDB(632)) - LastAppliedIndex is set from TransactionInfo from OM DB as (t:4, i:58)
2022-10-18 06:30:52,668 [Listener at localhost/39045] INFO  server.RaftServer (ConfUtils.java:logGet(46)) - raft.rpc.type = GRPC (default)
2022-10-18 06:30:52,669 [Listener at localhost/39045] INFO  grpc.GrpcFactory (GrpcFactory.java:checkPooledByteBufAllocatorUseCacheForAllThreads(48)) - PERFORMANCE WARNING: useCacheForAllThreads is true that may cause Netty to create a lot garbage objects and, as a result, trigger GC.
	It is recommended to disable useCacheForAllThreads by setting -Dorg.apache.ratis.thirdparty.io.netty.allocator.useCacheForAllThreads=false in command line.
2022-10-18 06:30:52,669 [Listener at localhost/39045] INFO  grpc.GrpcConfigKeys (ConfUtils.java:logGet(46)) - raft.grpc.admin.port = -1 (default)
2022-10-18 06:30:52,669 [Listener at localhost/39045] INFO  grpc.GrpcConfigKeys (ConfUtils.java:logGet(46)) - raft.grpc.server.port = 36149 (custom)
2022-10-18 06:30:52,669 [Listener at localhost/39045] INFO  grpc.GrpcConfigKeys (ConfUtils.java:logGet(46)) - raft.grpc.client.port = -1 (default)
2022-10-18 06:30:52,669 [Listener at localhost/39045] INFO  grpc.GrpcConfigKeys (ConfUtils.java:logGet(46)) - raft.grpc.server.port = 36149 (custom)
2022-10-18 06:30:52,669 [Listener at localhost/39045] INFO  grpc.GrpcConfigKeys (ConfUtils.java:logGet(46)) - raft.grpc.server.port = 36149 (custom)
2022-10-18 06:30:52,669 [Listener at localhost/39045] INFO  server.GrpcService (ConfUtils.java:logGet(46)) - raft.grpc.message.size.max = 33554432 (custom)
2022-10-18 06:30:52,670 [Listener at localhost/39045] INFO  server.RaftServerConfigKeys (ConfUtils.java:logGet(46)) - raft.server.log.appender.buffer.byte-limit = 33554432 (custom)
2022-10-18 06:30:52,670 [Listener at localhost/39045] INFO  server.GrpcService (ConfUtils.java:logGet(46)) - raft.grpc.flow.control.window = 1MB (=1048576) (default)
2022-10-18 06:30:52,670 [Listener at localhost/39045] INFO  server.RaftServerConfigKeys (ConfUtils.java:logGet(46)) - raft.server.rpc.request.timeout = 3000ms (default)
2022-10-18 06:30:52,670 [Listener at localhost/39045] INFO  grpc.GrpcConfigKeys (ConfUtils.java:logGet(46)) - raft.grpc.server.async.request.thread.pool.cached = true (default)
2022-10-18 06:30:52,670 [Listener at localhost/39045] INFO  grpc.GrpcConfigKeys (ConfUtils.java:logGet(46)) - raft.grpc.server.async.request.thread.pool.size = 32 (default)
2022-10-18 06:30:52,671 [Listener at localhost/39045] INFO  impl.DataStreamServerImpl (ConfUtils.java:logGet(46)) - raft.datastream.type = DISABLED (default)
2022-10-18 06:30:52,671 [Listener at localhost/39045] INFO  server.RaftServerConfigKeys (ConfUtils.java:logGet(46)) - raft.server.threadpool.proxy.cached = true (default)
2022-10-18 06:30:52,671 [Listener at localhost/39045] INFO  server.RaftServerConfigKeys (ConfUtils.java:logGet(46)) - raft.server.threadpool.proxy.size = 0 (default)
2022-10-18 06:30:52,672 [Listener at localhost/39045] INFO  server.RaftServerConfigKeys (ConfUtils.java:logGet(46)) - raft.server.rpc.slowness.timeout = 2s (custom)
2022-10-18 06:30:52,672 [Listener at localhost/39045] INFO  server.RaftServerConfigKeys (ConfUtils.java:logGet(46)) - raft.server.leaderelection.leader.step-down.wait-time = 10s (default)
2022-10-18 06:30:52,672 [Listener at localhost/39045] INFO  server.RaftServerConfigKeys (ConfUtils.java:logGet(46)) - raft.server.storage.dir = [/home/runner/work/ozone/ozone/hadoop-ozone/integration-test/target/test-dir/MiniOzoneClusterImpl-489ebd61-a341-4d14-a135-ade311a26152/omNode-3/ratis] (custom)
2022-10-18 06:30:52,672 [omNode-3-impl-thread1] INFO  server.RaftServer (RaftServerProxy.java:initGroupDir(247)) - omNode-3: found a subdirectory /home/runner/work/ozone/ozone/hadoop-ozone/integration-test/target/test-dir/MiniOzoneClusterImpl-489ebd61-a341-4d14-a135-ade311a26152/omNode-3/ratis/c9bc4cf4-3bc3-3c60-a66b-523986131536
2022-10-18 06:30:52,677 [Listener at localhost/39045] INFO  server.RaftServer (RaftServerProxy.java:addNew(96)) - omNode-3: addNew group-523986131536:[omNode-3|rpc:localhost:36149|priority:0, omNode-1|rpc:localhost:46857|priority:0, omNode-2|rpc:localhost:34021|priority:0] returns group-523986131536:java.util.concurrent.CompletableFuture@35922b09[Not completed]
2022-10-18 06:30:52,677 [Listener at localhost/39045] INFO  om.OzoneManager (OzoneManager.java:initializeRatisServer(1975)) - OzoneManager Ratis server initialized at port 36149
2022-10-18 06:30:52,677 [Listener at localhost/39045] INFO  ratis.OzoneManagerRatisServer (OzoneManagerRatisServer.java:start(555)) - Starting OzoneManagerRatisServer omNode-3 at port 36149
2022-10-18 06:30:52,677 [pool-319-thread-1] INFO  server.RaftServer$Division (RaftServerImpl.java:<init>(190)) - omNode-3: new RaftServerImpl for group-523986131536:[omNode-3|rpc:localhost:36149|priority:0, omNode-1|rpc:localhost:46857|priority:0, omNode-2|rpc:localhost:34021|priority:0] with OzoneManagerStateMachine:uninitialized
2022-10-18 06:30:52,678 [pool-319-thread-1] INFO  server.RaftServerConfigKeys (ConfUtils.java:logGet(46)) - raft.server.rpc.timeout.min = 1s (custom)
2022-10-18 06:30:52,678 [pool-319-thread-1] INFO  server.RaftServerConfigKeys (ConfUtils.java:logGet(46)) - raft.server.rpc.timeout.max = 1200ms (custom)
2022-10-18 06:30:52,678 [pool-319-thread-1] INFO  server.RaftServerConfigKeys (ConfUtils.java:logGet(46)) - raft.server.rpc.sleep.time = 25ms (default)
2022-10-18 06:30:52,678 [pool-319-thread-1] INFO  server.RaftServerConfigKeys (ConfUtils.java:logGet(46)) - raft.server.rpc.slowness.timeout = 2s (custom)
2022-10-18 06:30:52,678 [pool-319-thread-1] INFO  server.RaftServerConfigKeys (ConfUtils.java:logGet(46)) - raft.server.leaderelection.leader.step-down.wait-time = 10s (default)
2022-10-18 06:30:52,678 [pool-319-thread-1] INFO  server.RaftServerConfigKeys (ConfUtils.java:logGet(46)) - raft.server.sleep.deviation.threshold = 300ms (default)
2022-10-18 06:30:52,678 [pool-319-thread-1] INFO  server.RaftServer$Division (ServerState.java:<init>(107)) - omNode-3@group-523986131536: ConfigurationManager, init=-1: [omNode-3|rpc:localhost:36149|priority:0, omNode-1|rpc:localhost:46857|priority:0, omNode-2|rpc:localhost:34021|priority:0], old=null, confs=<EMPTY_MAP>
2022-10-18 06:30:52,678 [pool-319-thread-1] INFO  server.RaftServerConfigKeys (ConfUtils.java:logGet(46)) - raft.server.storage.dir = [/home/runner/work/ozone/ozone/hadoop-ozone/integration-test/target/test-dir/MiniOzoneClusterImpl-489ebd61-a341-4d14-a135-ade311a26152/omNode-3/ratis] (custom)
2022-10-18 06:30:52,678 [pool-319-thread-1] INFO  server.RaftServerConfigKeys (ConfUtils.java:logGet(46)) - raft.server.log.corruption.policy = EXCEPTION (default)
2022-10-18 06:30:52,678 [pool-319-thread-1] INFO  server.RaftServerConfigKeys (ConfUtils.java:logGet(46)) - raft.server.storage.free-space.min = 0MB (=0) (default)
2022-10-18 06:30:52,679 [pool-319-thread-1] INFO  storage.RaftStorageDirectory (RaftStorageDirectoryImpl.java:tryLock(230)) - Lock on /home/runner/work/ozone/ozone/hadoop-ozone/integration-test/target/test-dir/MiniOzoneClusterImpl-489ebd61-a341-4d14-a135-ade311a26152/omNode-3/ratis/c9bc4cf4-3bc3-3c60-a66b-523986131536/in_use.lock acquired by nodename 30337@fv-az241-838
2022-10-18 06:30:52,679 [pool-319-thread-1] INFO  storage.RaftStorage (RaftStorageImpl.java:analyzeAndRecoverStorage(110)) - Read RaftStorageMetadata{term=4, votedFor=omNode-3} from /home/runner/work/ozone/ozone/hadoop-ozone/integration-test/target/test-dir/MiniOzoneClusterImpl-489ebd61-a341-4d14-a135-ade311a26152/omNode-3/ratis/c9bc4cf4-3bc3-3c60-a66b-523986131536/current/raft-meta
2022-10-18 06:30:52,679 [pool-319-thread-1] INFO  server.RaftServer$Division (ServerState.java:setRaftConf(393)) - omNode-3@group-523986131536: set configuration 57: [omNode-3|rpc:localhost:36149|admin:|client:|dataStream:|priority:0, omNode-1|rpc:localhost:46857|admin:|client:|dataStream:|priority:0, omNode-2|rpc:localhost:34021|admin:|client:|dataStream:|priority:0], old=null
2022-10-18 06:30:52,679 [pool-319-thread-1] INFO  server.RaftServerConfigKeys (ConfUtils.java:logGet(46)) - raft.server.notification.no-leader.timeout = 2s (custom)
2022-10-18 06:30:52,679 [pool-319-thread-1] INFO  server.RaftServerConfigKeys (ConfUtils.java:logGet(46)) - raft.server.log.use.memory = false (default)
2022-10-18 06:30:52,680 [pool-319-thread-1] INFO  server.RaftServerConfigKeys (ConfUtils.java:logGet(46)) - raft.server.log.purge.gap = 50 (custom)
2022-10-18 06:30:52,680 [pool-319-thread-1] INFO  server.RaftServerConfigKeys (ConfUtils.java:logGet(46)) - raft.server.log.appender.buffer.byte-limit = 33554432 (custom)
2022-10-18 06:30:52,680 [pool-319-thread-1] INFO  server.RaftServerConfigKeys (ConfUtils.java:logGet(46)) - raft.server.log.statemachine.data.read.timeout = 1000ms (default)
2022-10-18 06:30:52,680 [pool-319-thread-1] INFO  server.RaftServerConfigKeys (ConfUtils.java:logGet(46)) - raft.server.log.segment.size.max = 4194304 (custom)
2022-10-18 06:30:52,680 [pool-319-thread-1] INFO  server.RaftServerConfigKeys (ConfUtils.java:logGet(46)) - raft.server.log.segment.cache.num.max = 2 (custom)
2022-10-18 06:30:52,680 [pool-319-thread-1] INFO  server.RaftServerConfigKeys (ConfUtils.java:logGet(46)) - raft.server.log.segment.cache.size.max = 200MB (=209715200) (default)
2022-10-18 06:30:52,680 [pool-319-thread-1] INFO  segmented.SegmentedRaftLogWorker (SegmentedRaftLogWorker.java:<init>(187)) - new omNode-3@group-523986131536-SegmentedRaftLogWorker for RaftStorageImpl:Storage Directory /home/runner/work/ozone/ozone/hadoop-ozone/integration-test/target/test-dir/MiniOzoneClusterImpl-489ebd61-a341-4d14-a135-ade311a26152/omNode-3/ratis/c9bc4cf4-3bc3-3c60-a66b-523986131536
2022-10-18 06:30:52,680 [pool-319-thread-1] INFO  server.RaftServerConfigKeys (ConfUtils.java:logGet(46)) - raft.server.log.queue.byte-limit = 64MB (=67108864) (default)
2022-10-18 06:30:52,680 [pool-319-thread-1] INFO  server.RaftServerConfigKeys (ConfUtils.java:logGet(46)) - raft.server.log.queue.element-limit = 4096 (default)
2022-10-18 06:30:52,680 [pool-319-thread-1] INFO  server.RaftServerConfigKeys (ConfUtils.java:logGet(46)) - raft.server.log.segment.size.max = 4194304 (custom)
2022-10-18 06:30:52,682 [pool-319-thread-1] INFO  server.RaftServerConfigKeys (ConfUtils.java:logGet(46)) - raft.server.log.preallocated.size = 4194304 (custom)
2022-10-18 06:30:52,682 [pool-319-thread-1] INFO  server.RaftServerConfigKeys (ConfUtils.java:logGet(46)) - raft.server.log.force.sync.num = 128 (default)
2022-10-18 06:30:52,682 [pool-319-thread-1] INFO  server.RaftServerConfigKeys (ConfUtils.java:logGet(46)) - raft.server.log.statemachine.data.sync = true (default)
2022-10-18 06:30:52,682 [pool-319-thread-1] INFO  server.RaftServerConfigKeys (ConfUtils.java:logGet(46)) - raft.server.log.statemachine.data.sync.timeout = 10s (default)
2022-10-18 06:30:52,682 [pool-319-thread-1] INFO  server.RaftServerConfigKeys (ConfUtils.java:logGet(46)) - raft.server.log.statemachine.data.sync.timeout.retry = -1 (default)
2022-10-18 06:30:52,683 [pool-319-thread-1] INFO  server.RaftServerConfigKeys (ConfUtils.java:logGet(46)) - raft.server.log.write.buffer.size = 64KB (=65536) (default)
2022-10-18 06:30:52,683 [pool-319-thread-1] INFO  server.RaftServerConfigKeys (ConfUtils.java:logGet(46)) - raft.server.log.unsafe-flush.enabled = false (default)
2022-10-18 06:30:52,683 [pool-319-thread-1] INFO  server.RaftServerConfigKeys (ConfUtils.java:logGet(46)) - raft.server.log.statemachine.data.caching.enabled = false (default)
2022-10-18 06:30:52,684 [pool-319-thread-1] INFO  server.RaftServer$Division (ServerState.java:setRaftConf(393)) - omNode-3@group-523986131536: set configuration 57: [omNode-3|rpc:localhost:36149|admin:|client:|dataStream:|priority:0, omNode-1|rpc:localhost:46857|admin:|client:|dataStream:|priority:0, omNode-2|rpc:localhost:34021|admin:|client:|dataStream:|priority:0], old=null
2022-10-18 06:30:52,684 [pool-319-thread-1] INFO  segmented.LogSegment (LogSegment.java:loadSegment(173)) - Successfully read 2 entries from segment file /home/runner/work/ozone/ozone/hadoop-ozone/integration-test/target/test-dir/MiniOzoneClusterImpl-489ebd61-a341-4d14-a135-ade311a26152/omNode-3/ratis/c9bc4cf4-3bc3-3c60-a66b-523986131536/current/log_inprogress_57
2022-10-18 06:30:52,684 [pool-319-thread-1] INFO  segmented.SegmentedRaftLogWorker (SegmentedRaftLogWorker.java:lambda$new$0(135)) - omNode-3@group-523986131536-SegmentedRaftLogWorker: flushIndex: setUnconditionally 0 -> 58
2022-10-18 06:30:52,684 [pool-319-thread-1] INFO  segmented.SegmentedRaftLogWorker (SegmentedRaftLogWorker.java:lambda$new$0(135)) - omNode-3@group-523986131536-SegmentedRaftLogWorker: safeCacheEvictIndex: setUnconditionally 0 -> -1
2022-10-18 06:30:52,684 [pool-319-thread-1] INFO  raftlog.RaftLog (RaftLogBase.java:lambda$new$0(53)) - omNode-3@group-523986131536-SegmentedRaftLog: commitIndex: updateToMax old=58, new=57, updated? false
2022-10-18 06:30:52,684 [pool-319-thread-1] INFO  raftlog.RaftLog (RaftLogBase.java:lambda$new$0(53)) - omNode-3@group-523986131536-SegmentedRaftLog: purgeIndex: updateIncreasingly -1 -> 56
2022-10-18 06:30:52,684 [pool-319-thread-1] INFO  server.RaftServerConfigKeys (ConfUtils.java:logGet(46)) - raft.server.snapshot.auto.trigger.enabled = true (custom)
2022-10-18 06:30:52,684 [pool-319-thread-1] INFO  server.RaftServerConfigKeys (ConfUtils.java:logGet(46)) - raft.server.snapshot.auto.trigger.threshold = 50 (custom)
2022-10-18 06:30:52,684 [pool-319-thread-1] INFO  server.RaftServerConfigKeys (ConfUtils.java:logGet(46)) - raft.server.snapshot.retention.file.num = -1 (default)
2022-10-18 06:30:52,684 [pool-319-thread-1] INFO  server.RaftServerConfigKeys (ConfUtils.java:logGet(46)) - raft.server.log.purge.upto.snapshot.index = true (custom)
2022-10-18 06:30:52,684 [pool-319-thread-1] INFO  server.RaftServerConfigKeys (ConfUtils.java:logGet(46)) - raft.server.retrycache.expirytime = 30000ms (custom)
2022-10-18 06:30:52,684 [pool-319-thread-1] INFO  server.RaftServerConfigKeys (ConfUtils.java:logGet(46)) - raft.server.retrycache.statistics.expirytime = 100μs (default)
2022-10-18 06:30:52,685 [pool-319-thread-1] INFO  server.RaftServerConfigKeys (ConfUtils.java:logGet(46)) - raft.server.log.appender.install.snapshot.enabled = false (custom)
2022-10-18 06:30:52,685 [pool-319-thread-1] INFO  server.RaftServerConfigKeys (ConfUtils.java:logGet(46)) - raft.server.threadpool.server.cached = true (default)
2022-10-18 06:30:52,686 [pool-319-thread-1] INFO  server.RaftServerConfigKeys (ConfUtils.java:logGet(46)) - raft.server.threadpool.server.size = 0 (default)
2022-10-18 06:30:52,686 [pool-319-thread-1] INFO  server.RaftServerConfigKeys (ConfUtils.java:logGet(46)) - raft.server.threadpool.client.cached = true (default)
2022-10-18 06:30:52,686 [pool-319-thread-1] INFO  server.RaftServerConfigKeys (ConfUtils.java:logGet(46)) - raft.server.threadpool.client.size = 0 (default)
2022-10-18 06:30:52,686 [omNode-3-impl-thread1] INFO  server.RaftServer$Division (RaftServerImpl.java:start(310)) - omNode-3@group-523986131536: start as a follower, conf=57: [omNode-3|rpc:localhost:36149|admin:|client:|dataStream:|priority:0, omNode-1|rpc:localhost:46857|admin:|client:|dataStream:|priority:0, omNode-2|rpc:localhost:34021|admin:|client:|dataStream:|priority:0], old=null
2022-10-18 06:30:52,686 [omNode-3-impl-thread1] INFO  server.RaftServer$Division (RaftServerImpl.java:setRole(299)) - omNode-3@group-523986131536: changes role from      null to FOLLOWER at term 4 for startAsFollower
2022-10-18 06:30:52,686 [omNode-3-impl-thread1] INFO  impl.RoleInfo (RoleInfo.java:updateAndGet(139)) - omNode-3: start omNode-3@group-523986131536-FollowerState
2022-10-18 06:30:52,689 [omNode-3-impl-thread1] INFO  util.JmxRegister (JmxRegister.java:tryRegister(44)) - Successfully registered JMX Bean with object name Ratis:service=RaftServer,group=group-523986131536,id=omNode-3
2022-10-18 06:30:52,689 [Listener at localhost/39045] INFO  server.RaftServer (RaftServerProxy.java:lambda$start$6(382)) - omNode-3: start RPC server
2022-10-18 06:30:52,698 [Listener at localhost/39045] INFO  server.GrpcService (GrpcService.java:startImpl(260)) - omNode-3: GrpcService started, listening on 36149
2022-10-18 06:30:52,701 [Listener at localhost/39045] INFO  om.OzoneManager (OzoneManager.java:getRpcServer(1101)) - Creating RPC Server
2022-10-18 06:30:52,702 [org.apache.ratis.util.JvmPauseMonitor$$Lambda$703/523629281@fc74fa5] INFO  util.JvmPauseMonitor (JvmPauseMonitor.java:run(103)) - JvmPauseMonitor-omNode-3: Started
2022-10-18 06:30:53,100 [Listener at localhost/39045] INFO  reflections.Reflections (Reflections.java:scan(232)) - Reflections took 397 ms to scan 19 urls, producing 67 keys and 4238 values [using 2 cores]
2022-10-18 06:30:53,101 [Listener at localhost/39045] INFO  ipc.CallQueueManager (CallQueueManager.java:<init>(90)) - Using callQueue: class java.util.concurrent.LinkedBlockingQueue, queueCapacity: 2000, scheduler: class org.apache.hadoop.ipc.DefaultRpcScheduler, ipcBackoff: false.
2022-10-18 06:30:53,101 [Socket Reader #1 for port 45465] INFO  ipc.Server (Server.java:run(1273)) - Starting Socket Reader #1 for port 45465
2022-10-18 06:30:53,105 [Listener at localhost/45465] INFO  http.BaseHttpServer (BaseHttpServer.java:newHttpServer2BuilderForOzone(213)) - Starting Web-server for ozoneManager at: http://0.0.0.0:45739
2022-10-18 06:30:53,105 [Listener at localhost/45465] INFO  http.BaseHttpServer (BaseHttpServer.java:<init>(108)) - Hadoop Security Enabled: false Ozone Security Enabled: false Ozone HTTP Security Enabled: false 
2022-10-18 06:30:53,106 [Listener at localhost/45465] WARN  server.AuthenticationFilter (AuthenticationFilter.java:constructSecretProvider(240)) - Unable to initialize FileSignerSecretProvider, falling back to use random secrets. Reason: Could not read signature secret file: /home/runner/hadoop-http-auth-signature-secret
2022-10-18 06:30:53,107 [Listener at localhost/45465] WARN  http.HttpRequestLog (HttpRequestLog.java:getRequestLog(103)) - Jetty request log can only be enabled using Log4j
2022-10-18 06:30:53,108 [Listener at localhost/45465] INFO  http.HttpServer2 (HttpServer2.java:addGlobalFilter(1031)) - Added global filter 'safety' (class=org.apache.hadoop.hdds.server.http.HttpServer2$QuotingInputFilter)
2022-10-18 06:30:53,109 [Listener at localhost/45465] INFO  http.HttpServer2 (HttpServer2.java:addFilter(1007)) - Added filter static_user_filter (class=org.apache.hadoop.http.lib.StaticUserWebFilter$StaticUserFilter) to context ozoneManager
2022-10-18 06:30:53,109 [Listener at localhost/45465] INFO  http.HttpServer2 (HttpServer2.java:addFilter(1015)) - Added filter static_user_filter (class=org.apache.hadoop.http.lib.StaticUserWebFilter$StaticUserFilter) to context logs
2022-10-18 06:30:53,109 [Listener at localhost/45465] INFO  http.HttpServer2 (HttpServer2.java:addFilter(1015)) - Added filter static_user_filter (class=org.apache.hadoop.http.lib.StaticUserWebFilter$StaticUserFilter) to context static
2022-10-18 06:30:53,110 [Listener at localhost/45465] INFO  http.HttpServer2 (HttpServer2.java:bindListener(1250)) - Jetty bound to port 45739
2022-10-18 06:30:53,110 [Listener at localhost/45465] INFO  server.Server (Server.java:doStart(375)) - jetty-9.4.43.v20210629; built: 2021-06-30T11:07:22.254Z; git: 526006ecfa3af7f1a27ef3a288e2bef7ea9dd7e8; jvm 1.8.0_345-b01
2022-10-18 06:30:53,111 [Listener at localhost/45465] INFO  server.session (DefaultSessionIdManager.java:doStart(334)) - DefaultSessionIdManager workerName=node0
2022-10-18 06:30:53,111 [Listener at localhost/45465] INFO  server.session (DefaultSessionIdManager.java:doStart(339)) - No SessionScavenger set, using defaults
2022-10-18 06:30:53,112 [Listener at localhost/45465] INFO  server.session (HouseKeeper.java:startScavenging(132)) - node0 Scavenging every 600000ms
2022-10-18 06:30:53,112 [Listener at localhost/45465] INFO  handler.ContextHandler (ContextHandler.java:doStart(915)) - Started o.e.j.s.ServletContextHandler@3769634b{logs,/logs,file:///home/runner/work/ozone/ozone/hadoop-ozone/integration-test/target/log,AVAILABLE}
2022-10-18 06:30:53,113 [Listener at localhost/45465] INFO  handler.ContextHandler (ContextHandler.java:doStart(915)) - Started o.e.j.s.ServletContextHandler@62694fae{static,/static,file:///home/runner/work/ozone/ozone/hadoop-ozone/integration-test/target/test-classes/webapps/static,AVAILABLE}
2022-10-18 06:30:53,122 [Listener at localhost/45465] INFO  handler.ContextHandler (ContextHandler.java:doStart(915)) - Started o.e.j.w.WebAppContext@61a2721d{ozoneManager,/,file:///home/runner/work/ozone/ozone/hadoop-ozone/integration-test/target/test-classes/webapps/ozoneManager/,AVAILABLE}{file:/home/runner/work/ozone/ozone/hadoop-ozone/integration-test/target/test-classes/webapps/ozoneManager}
2022-10-18 06:30:53,123 [Listener at localhost/45465] INFO  server.AbstractConnector (AbstractConnector.java:doStart(331)) - Started ServerConnector@3a383b9e{HTTP/1.1, (http/1.1)}{0.0.0.0:45739}
2022-10-18 06:30:53,124 [Listener at localhost/45465] INFO  server.Server (Server.java:doStart(415)) - Started @45307ms
2022-10-18 06:30:53,124 [Listener at localhost/45465] WARN  impl.MetricsSystemImpl (MetricsSystemImpl.java:register(279)) - Sink prometheus already exists!
2022-10-18 06:30:53,124 [Listener at localhost/45465] INFO  http.BaseHttpServer (BaseHttpServer.java:updateConnectorAddress(333)) - HTTP server of ozoneManager listening at http://0.0.0.0:45739
2022-10-18 06:30:53,124 [IPC Server Responder] INFO  ipc.Server (Server.java:run(1512)) - IPC Server Responder: starting
2022-10-18 06:30:53,130 [Listener at localhost/45465] INFO  om.OzoneManager (OzoneManager.java:startTrashEmptier(1919)) - Trash Interval set to 0. Files deleted won't move to trash
2022-10-18 06:30:53,130 [IPC Server listener on 45465] INFO  ipc.Server (Server.java:run(1352)) - IPC Server listener on 45465: starting
2022-10-18 06:30:53,131 [org.apache.hadoop.util.JvmPauseMonitor$Monitor@5e95eec0] INFO  util.JvmPauseMonitor (JvmPauseMonitor.java:run(188)) - Starting JVM pause monitor
2022-10-18 06:30:53,132 [Listener at localhost/45465] INFO  om.OzoneManager (OzoneManager.java:stop(2034)) - omNode-1[localhost:33523]: Stopping Ozone Manager
2022-10-18 06:30:53,132 [Listener at localhost/45465] INFO  ipc.Server (Server.java:stop(3428)) - Stopping server on 33523
2022-10-18 06:30:53,134 [IPC Server Responder] INFO  ipc.Server (Server.java:run(1517)) - Stopping IPC Server Responder
2022-10-18 06:30:53,134 [IPC Server listener on 33523] INFO  ipc.Server (Server.java:run(1384)) - Stopping IPC Server listener on 33523
2022-10-18 06:30:53,134 [Listener at localhost/45465] INFO  server.RaftServer (RaftServerProxy.java:lambda$close$7(398)) - omNode-1: close
2022-10-18 06:30:53,135 [Listener at localhost/45465] INFO  server.RaftServer$Division (RaftServerImpl.java:lambda$close$4(434)) - omNode-1@group-523986131536: shutdown
2022-10-18 06:30:53,135 [Listener at localhost/45465] INFO  util.JmxRegister (JmxRegister.java:unregister(73)) - Successfully un-registered JMX Bean with object name Ratis:service=RaftServer,group=group-523986131536,id=omNode-1
2022-10-18 06:30:53,135 [Listener at localhost/45465] INFO  impl.RoleInfo (RoleInfo.java:shutdownFollowerState(110)) - omNode-1: shutdown omNode-1@group-523986131536-FollowerState
2022-10-18 06:30:53,135 [Listener at localhost/45465] INFO  impl.StateMachineUpdater (StateMachineUpdater.java:stopAndJoin(153)) - omNode-1@group-523986131536-StateMachineUpdater: set stopIndex = 58
2022-10-18 06:30:53,136 [omNode-1@group-523986131536-StateMachineUpdater] INFO  ratis.OzoneManagerStateMachine (OzoneManagerStateMachine.java:takeSnapshot(441)) - Current Snapshot Index (t:4, i:58)
2022-10-18 06:30:53,136 [omNode-1@group-523986131536-StateMachineUpdater] INFO  impl.StateMachineUpdater (StateMachineUpdater.java:takeSnapshot(287)) - omNode-1@group-523986131536-StateMachineUpdater: Took a snapshot at index 58
2022-10-18 06:30:53,136 [omNode-1@group-523986131536-StateMachineUpdater] INFO  impl.StateMachineUpdater (StateMachineUpdater.java:lambda$new$0(92)) - omNode-1@group-523986131536-StateMachineUpdater: snapshotIndex: updateIncreasingly 20 -> 58
2022-10-18 06:30:53,136 [omNode-1@group-523986131536-StateMachineUpdater] INFO  raftlog.RaftLog (RaftLogBase.java:purge(308)) - omNode-1@group-523986131536-SegmentedRaftLog: purge 58
2022-10-18 06:30:53,136 [omNode-1@group-523986131536-StateMachineUpdater] INFO  raftlog.RaftLog (RaftLogBase.java:lambda$new$0(53)) - omNode-1@group-523986131536-SegmentedRaftLog: snapshotIndex: updateIncreasingly 20 -> 58
2022-10-18 06:30:53,136 [omNode-1@group-523986131536-StateMachineUpdater] INFO  ratis.OzoneManagerStateMachine (OzoneManagerStateMachine.java:close(495)) - StateMachine has shutdown. Shutdown OzoneManager if not already shutdown.
2022-10-18 06:30:53,136 [omNode-1@group-523986131536-StateMachineUpdater] INFO  ratis.OzoneManagerDoubleBuffer (OzoneManagerDoubleBuffer.java:stop(466)) - Stopping OMDoubleBuffer flush thread
2022-10-18 06:30:53,136 [OMDoubleBufferFlushThread] INFO  ratis.OzoneManagerDoubleBuffer (OzoneManagerDoubleBuffer.java:flushTransactions(385)) - OMDoubleBuffer flush thread OMDoubleBufferFlushThread is interrupted and will exit.
2022-10-18 06:30:53,135 [omNode-1@group-523986131536-FollowerState] INFO  impl.FollowerState (FollowerState.java:run(152)) - omNode-1@group-523986131536-FollowerState was interrupted
2022-10-18 06:30:53,137 [omNode-1@group-523986131536-SegmentedRaftLogWorker] INFO  raftlog.RaftLog (RaftLogBase.java:lambda$new$0(53)) - omNode-1@group-523986131536-SegmentedRaftLog: purgeIndex: updateToMax old=-1, new=56, updated? true
2022-10-18 06:30:53,138 [Listener at localhost/45465] INFO  server.RaftServer$Division (ServerState.java:close(429)) - omNode-1@group-523986131536: closes. applyIndex: 58
2022-10-18 06:30:53,139 [omNode-1@group-523986131536-SegmentedRaftLogWorker] INFO  segmented.SegmentedRaftLogWorker (SegmentedRaftLogWorker.java:run(336)) - omNode-1@group-523986131536-SegmentedRaftLogWorker was interrupted, exiting. There are 0 tasks remaining in the queue.
2022-10-18 06:30:53,140 [Listener at localhost/45465] INFO  segmented.SegmentedRaftLogWorker (SegmentedRaftLogWorker.java:close(246)) - omNode-1@group-523986131536-SegmentedRaftLogWorker close()
2022-10-18 06:30:53,143 [Listener at localhost/45465] INFO  server.GrpcService (GrpcService.java:closeImpl(269)) - omNode-1: shutdown server with port 46857 now
2022-10-18 06:30:53,144 [Listener at localhost/45465] INFO  server.GrpcService (GrpcService.java:closeImpl(278)) - omNode-1: shutdown server with port 46857 successfully
2022-10-18 06:30:53,144 [org.apache.ratis.util.JvmPauseMonitor$$Lambda$703/523629281@4c59aafa] INFO  util.JvmPauseMonitor (JvmPauseMonitor.java:run(109)) - JvmPauseMonitor-omNode-1: Stopped
2022-10-18 06:30:53,144 [Listener at localhost/45465] INFO  ratis.OzoneManagerStateMachine (OzoneManagerStateMachine.java:close(495)) - StateMachine has shutdown. Shutdown OzoneManager if not already shutdown.
2022-10-18 06:30:53,145 [Listener at localhost/45465] INFO  ratis.OzoneManagerDoubleBuffer (OzoneManagerDoubleBuffer.java:stop(478)) - OMDoubleBuffer flush thread is not running.
2022-10-18 06:30:53,145 [Listener at localhost/45465] INFO  handler.ContextHandler (ContextHandler.java:doStop(1153)) - Stopped o.e.j.w.WebAppContext@695fd7e{ozoneManager,/,null,STOPPED}{file:/home/runner/work/ozone/ozone/hadoop-ozone/integration-test/target/test-classes/webapps/ozoneManager}
2022-10-18 06:30:53,146 [Listener at localhost/45465] INFO  server.AbstractConnector (AbstractConnector.java:doStop(381)) - Stopped ServerConnector@6b1d60b3{HTTP/1.1, (http/1.1)}{0.0.0.0:34657}
2022-10-18 06:30:53,146 [Listener at localhost/45465] INFO  server.session (HouseKeeper.java:stopScavenging(149)) - node0 Stopped scavenging
2022-10-18 06:30:53,146 [Listener at localhost/45465] INFO  handler.ContextHandler (ContextHandler.java:doStop(1153)) - Stopped o.e.j.s.ServletContextHandler@9ee368{static,/static,file:///home/runner/work/ozone/ozone/hadoop-ozone/integration-test/target/test-classes/webapps/static,STOPPED}
2022-10-18 06:30:53,146 [Listener at localhost/45465] INFO  handler.ContextHandler (ContextHandler.java:doStop(1153)) - Stopped o.e.j.s.ServletContextHandler@1e5a2318{logs,/logs,file:///home/runner/work/ozone/ozone/hadoop-ozone/integration-test/target/log,STOPPED}
2022-10-18 06:30:53,150 [Listener at localhost/45465] INFO  om.OzoneManager (OzoneManager.java:restart(1571)) - OzoneManager RPC server is listening at localhost/127.0.0.1:33523
2022-10-18 06:30:53,150 [Listener at localhost/45465] INFO  impl.MetricsSystemImpl (MetricsSystemImpl.java:init(158)) - OzoneManager metrics system started (again)
2022-10-18 06:30:53,162 [Listener at localhost/45465] WARN  server.ServerUtils (ServerUtils.java:getDBPath(225)) - ozone.om.db.dirs is not configured. We recommend adding this setting. Falling back to ozone.metadata.dirs instead.
2022-10-18 06:30:53,162 [Listener at localhost/45465] INFO  codec.OmKeyInfoCodec (OmKeyInfoCodec.java:<init>(49)) - OmKeyInfoCodec ignorePipeline = true
2022-10-18 06:30:53,162 [Listener at localhost/45465] INFO  codec.RepeatedOmKeyInfoCodec (RepeatedOmKeyInfoCodec.java:<init>(41)) - RepeatedOmKeyInfoCodec ignorePipeline = true
2022-10-18 06:30:53,199 [Listener at localhost/45465] INFO  om.OzoneManager (OzoneManager.java:instantiateServices(712)) - S3 Multi-Tenancy is disabled
2022-10-18 06:30:53,200 [Listener at localhost/45465] WARN  server.ServerUtils (ServerUtils.java:getDefaultRatisDirectory(237)) - Storage directory for Ratis is not configured. It is a good idea to map this to an SSD disk. Falling back to ozone.metadata.dirs
2022-10-18 06:30:53,201 [Listener at localhost/45465] INFO  ratis.OzoneManagerRatisServer (OzoneManagerRatisServer.java:<init>(160)) - Instantiating OM Ratis server with groupID: om-service-test1 and peers: localhost:46857, localhost:36149, localhost:34021
2022-10-18 06:30:53,202 [Listener at localhost/45465] INFO  ratis.OzoneManagerStateMachine (OzoneManagerStateMachine.java:loadSnapshotInfoFromDB(632)) - LastAppliedIndex is set from TransactionInfo from OM DB as (t:4, i:58)
2022-10-18 06:30:53,202 [Listener at localhost/45465] INFO  server.RaftServer (ConfUtils.java:logGet(46)) - raft.rpc.type = GRPC (default)
2022-10-18 06:30:53,202 [Listener at localhost/45465] INFO  grpc.GrpcFactory (GrpcFactory.java:checkPooledByteBufAllocatorUseCacheForAllThreads(48)) - PERFORMANCE WARNING: useCacheForAllThreads is true that may cause Netty to create a lot garbage objects and, as a result, trigger GC.
	It is recommended to disable useCacheForAllThreads by setting -Dorg.apache.ratis.thirdparty.io.netty.allocator.useCacheForAllThreads=false in command line.
2022-10-18 06:30:53,202 [Listener at localhost/45465] INFO  grpc.GrpcConfigKeys (ConfUtils.java:logGet(46)) - raft.grpc.admin.port = -1 (default)
2022-10-18 06:30:53,202 [Listener at localhost/45465] INFO  grpc.GrpcConfigKeys (ConfUtils.java:logGet(46)) - raft.grpc.server.port = 46857 (custom)
2022-10-18 06:30:53,203 [Listener at localhost/45465] INFO  grpc.GrpcConfigKeys (ConfUtils.java:logGet(46)) - raft.grpc.client.port = -1 (default)
2022-10-18 06:30:53,203 [Listener at localhost/45465] INFO  grpc.GrpcConfigKeys (ConfUtils.java:logGet(46)) - raft.grpc.server.port = 46857 (custom)
2022-10-18 06:30:53,203 [Listener at localhost/45465] INFO  grpc.GrpcConfigKeys (ConfUtils.java:logGet(46)) - raft.grpc.server.port = 46857 (custom)
2022-10-18 06:30:53,203 [Listener at localhost/45465] INFO  server.GrpcService (ConfUtils.java:logGet(46)) - raft.grpc.message.size.max = 33554432 (custom)
2022-10-18 06:30:53,203 [Listener at localhost/45465] INFO  server.RaftServerConfigKeys (ConfUtils.java:logGet(46)) - raft.server.log.appender.buffer.byte-limit = 33554432 (custom)
2022-10-18 06:30:53,203 [Listener at localhost/45465] INFO  server.GrpcService (ConfUtils.java:logGet(46)) - raft.grpc.flow.control.window = 1MB (=1048576) (default)
2022-10-18 06:30:53,203 [Listener at localhost/45465] INFO  server.RaftServerConfigKeys (ConfUtils.java:logGet(46)) - raft.server.rpc.request.timeout = 3000ms (default)
2022-10-18 06:30:53,203 [Listener at localhost/45465] INFO  grpc.GrpcConfigKeys (ConfUtils.java:logGet(46)) - raft.grpc.server.async.request.thread.pool.cached = true (default)
2022-10-18 06:30:53,204 [Listener at localhost/45465] INFO  grpc.GrpcConfigKeys (ConfUtils.java:logGet(46)) - raft.grpc.server.async.request.thread.pool.size = 32 (default)
2022-10-18 06:30:53,205 [Listener at localhost/45465] INFO  impl.DataStreamServerImpl (ConfUtils.java:logGet(46)) - raft.datastream.type = DISABLED (default)
2022-10-18 06:30:53,205 [Listener at localhost/45465] INFO  server.RaftServerConfigKeys (ConfUtils.java:logGet(46)) - raft.server.threadpool.proxy.cached = true (default)
2022-10-18 06:30:53,205 [Listener at localhost/45465] INFO  server.RaftServerConfigKeys (ConfUtils.java:logGet(46)) - raft.server.threadpool.proxy.size = 0 (default)
2022-10-18 06:30:53,205 [Listener at localhost/45465] INFO  server.RaftServerConfigKeys (ConfUtils.java:logGet(46)) - raft.server.rpc.slowness.timeout = 2s (custom)
2022-10-18 06:30:53,205 [Listener at localhost/45465] INFO  server.RaftServerConfigKeys (ConfUtils.java:logGet(46)) - raft.server.leaderelection.leader.step-down.wait-time = 10s (default)
2022-10-18 06:30:53,205 [Listener at localhost/45465] INFO  server.RaftServerConfigKeys (ConfUtils.java:logGet(46)) - raft.server.storage.dir = [/home/runner/work/ozone/ozone/hadoop-ozone/integration-test/target/test-dir/MiniOzoneClusterImpl-489ebd61-a341-4d14-a135-ade311a26152/omNode-1/ratis] (custom)
2022-10-18 06:30:53,206 [omNode-1-impl-thread1] INFO  server.RaftServer (RaftServerProxy.java:initGroupDir(247)) - omNode-1: found a subdirectory /home/runner/work/ozone/ozone/hadoop-ozone/integration-test/target/test-dir/MiniOzoneClusterImpl-489ebd61-a341-4d14-a135-ade311a26152/omNode-1/ratis/c9bc4cf4-3bc3-3c60-a66b-523986131536
2022-10-18 06:30:53,206 [Listener at localhost/45465] INFO  server.RaftServer (RaftServerProxy.java:addNew(96)) - omNode-1: addNew group-523986131536:[omNode-3|rpc:localhost:36149|priority:0, omNode-1|rpc:localhost:46857|priority:0, omNode-2|rpc:localhost:34021|priority:0] returns group-523986131536:java.util.concurrent.CompletableFuture@2f815223[Not completed]
2022-10-18 06:30:53,206 [Listener at localhost/45465] INFO  om.OzoneManager (OzoneManager.java:initializeRatisServer(1975)) - OzoneManager Ratis server initialized at port 46857
2022-10-18 06:30:53,206 [pool-343-thread-1] INFO  server.RaftServer$Division (RaftServerImpl.java:<init>(190)) - omNode-1: new RaftServerImpl for group-523986131536:[omNode-3|rpc:localhost:36149|priority:0, omNode-1|rpc:localhost:46857|priority:0, omNode-2|rpc:localhost:34021|priority:0] with OzoneManagerStateMachine:uninitialized
2022-10-18 06:30:53,207 [Listener at localhost/45465] INFO  ratis.OzoneManagerRatisServer (OzoneManagerRatisServer.java:start(555)) - Starting OzoneManagerRatisServer omNode-1 at port 46857
2022-10-18 06:30:53,207 [pool-343-thread-1] INFO  server.RaftServerConfigKeys (ConfUtils.java:logGet(46)) - raft.server.rpc.timeout.min = 1s (custom)
2022-10-18 06:30:53,207 [pool-343-thread-1] INFO  server.RaftServerConfigKeys (ConfUtils.java:logGet(46)) - raft.server.rpc.timeout.max = 1200ms (custom)
2022-10-18 06:30:53,207 [pool-343-thread-1] INFO  server.RaftServerConfigKeys (ConfUtils.java:logGet(46)) - raft.server.rpc.sleep.time = 25ms (default)
2022-10-18 06:30:53,207 [pool-343-thread-1] INFO  server.RaftServerConfigKeys (ConfUtils.java:logGet(46)) - raft.server.rpc.slowness.timeout = 2s (custom)
2022-10-18 06:30:53,207 [pool-343-thread-1] INFO  server.RaftServerConfigKeys (ConfUtils.java:logGet(46)) - raft.server.leaderelection.leader.step-down.wait-time = 10s (default)
2022-10-18 06:30:53,207 [pool-343-thread-1] INFO  server.RaftServerConfigKeys (ConfUtils.java:logGet(46)) - raft.server.sleep.deviation.threshold = 300ms (default)
2022-10-18 06:30:53,207 [pool-343-thread-1] INFO  server.RaftServer$Division (ServerState.java:<init>(107)) - omNode-1@group-523986131536: ConfigurationManager, init=-1: [omNode-3|rpc:localhost:36149|priority:0, omNode-1|rpc:localhost:46857|priority:0, omNode-2|rpc:localhost:34021|priority:0], old=null, confs=<EMPTY_MAP>
2022-10-18 06:30:53,207 [pool-343-thread-1] INFO  server.RaftServerConfigKeys (ConfUtils.java:logGet(46)) - raft.server.storage.dir = [/home/runner/work/ozone/ozone/hadoop-ozone/integration-test/target/test-dir/MiniOzoneClusterImpl-489ebd61-a341-4d14-a135-ade311a26152/omNode-1/ratis] (custom)
2022-10-18 06:30:53,207 [pool-343-thread-1] INFO  server.RaftServerConfigKeys (ConfUtils.java:logGet(46)) - raft.server.log.corruption.policy = EXCEPTION (default)
2022-10-18 06:30:53,207 [pool-343-thread-1] INFO  server.RaftServerConfigKeys (ConfUtils.java:logGet(46)) - raft.server.storage.free-space.min = 0MB (=0) (default)
2022-10-18 06:30:53,208 [pool-343-thread-1] INFO  storage.RaftStorageDirectory (RaftStorageDirectoryImpl.java:tryLock(230)) - Lock on /home/runner/work/ozone/ozone/hadoop-ozone/integration-test/target/test-dir/MiniOzoneClusterImpl-489ebd61-a341-4d14-a135-ade311a26152/omNode-1/ratis/c9bc4cf4-3bc3-3c60-a66b-523986131536/in_use.lock acquired by nodename 30337@fv-az241-838
2022-10-18 06:30:53,208 [pool-343-thread-1] INFO  storage.RaftStorage (RaftStorageImpl.java:analyzeAndRecoverStorage(110)) - Read RaftStorageMetadata{term=4, votedFor=omNode-3} from /home/runner/work/ozone/ozone/hadoop-ozone/integration-test/target/test-dir/MiniOzoneClusterImpl-489ebd61-a341-4d14-a135-ade311a26152/omNode-1/ratis/c9bc4cf4-3bc3-3c60-a66b-523986131536/current/raft-meta
2022-10-18 06:30:53,209 [pool-343-thread-1] INFO  server.RaftServer$Division (ServerState.java:setRaftConf(393)) - omNode-1@group-523986131536: set configuration 57: [omNode-3|rpc:localhost:36149|admin:|client:|dataStream:|priority:0, omNode-1|rpc:localhost:46857|admin:|client:|dataStream:|priority:0, omNode-2|rpc:localhost:34021|admin:|client:|dataStream:|priority:0], old=null
2022-10-18 06:30:53,209 [pool-343-thread-1] INFO  server.RaftServerConfigKeys (ConfUtils.java:logGet(46)) - raft.server.notification.no-leader.timeout = 2s (custom)
2022-10-18 06:30:53,209 [pool-343-thread-1] INFO  server.RaftServerConfigKeys (ConfUtils.java:logGet(46)) - raft.server.log.use.memory = false (default)
2022-10-18 06:30:53,209 [pool-343-thread-1] INFO  server.RaftServerConfigKeys (ConfUtils.java:logGet(46)) - raft.server.log.purge.gap = 50 (custom)
2022-10-18 06:30:53,209 [pool-343-thread-1] INFO  server.RaftServerConfigKeys (ConfUtils.java:logGet(46)) - raft.server.log.appender.buffer.byte-limit = 33554432 (custom)
2022-10-18 06:30:53,209 [pool-343-thread-1] INFO  server.RaftServerConfigKeys (ConfUtils.java:logGet(46)) - raft.server.log.statemachine.data.read.timeout = 1000ms (default)
2022-10-18 06:30:53,209 [pool-343-thread-1] INFO  server.RaftServerConfigKeys (ConfUtils.java:logGet(46)) - raft.server.log.segment.size.max = 4194304 (custom)
2022-10-18 06:30:53,210 [pool-343-thread-1] INFO  server.RaftServerConfigKeys (ConfUtils.java:logGet(46)) - raft.server.log.segment.cache.num.max = 2 (custom)
2022-10-18 06:30:53,210 [pool-343-thread-1] INFO  server.RaftServerConfigKeys (ConfUtils.java:logGet(46)) - raft.server.log.segment.cache.size.max = 200MB (=209715200) (default)
2022-10-18 06:30:53,210 [pool-343-thread-1] INFO  segmented.SegmentedRaftLogWorker (SegmentedRaftLogWorker.java:<init>(187)) - new omNode-1@group-523986131536-SegmentedRaftLogWorker for RaftStorageImpl:Storage Directory /home/runner/work/ozone/ozone/hadoop-ozone/integration-test/target/test-dir/MiniOzoneClusterImpl-489ebd61-a341-4d14-a135-ade311a26152/omNode-1/ratis/c9bc4cf4-3bc3-3c60-a66b-523986131536
2022-10-18 06:30:53,210 [pool-343-thread-1] INFO  server.RaftServerConfigKeys (ConfUtils.java:logGet(46)) - raft.server.log.queue.byte-limit = 64MB (=67108864) (default)
2022-10-18 06:30:53,210 [pool-343-thread-1] INFO  server.RaftServerConfigKeys (ConfUtils.java:logGet(46)) - raft.server.log.queue.element-limit = 4096 (default)
2022-10-18 06:30:53,210 [pool-343-thread-1] INFO  server.RaftServerConfigKeys (ConfUtils.java:logGet(46)) - raft.server.log.segment.size.max = 4194304 (custom)
2022-10-18 06:30:53,210 [pool-343-thread-1] INFO  server.RaftServerConfigKeys (ConfUtils.java:logGet(46)) - raft.server.log.preallocated.size = 4194304 (custom)
2022-10-18 06:30:53,210 [pool-343-thread-1] INFO  server.RaftServerConfigKeys (ConfUtils.java:logGet(46)) - raft.server.log.force.sync.num = 128 (default)
2022-10-18 06:30:53,210 [pool-343-thread-1] INFO  server.RaftServerConfigKeys (ConfUtils.java:logGet(46)) - raft.server.log.statemachine.data.sync = true (default)
2022-10-18 06:30:53,210 [pool-343-thread-1] INFO  server.RaftServerConfigKeys (ConfUtils.java:logGet(46)) - raft.server.log.statemachine.data.sync.timeout = 10s (default)
2022-10-18 06:30:53,210 [pool-343-thread-1] INFO  server.RaftServerConfigKeys (ConfUtils.java:logGet(46)) - raft.server.log.statemachine.data.sync.timeout.retry = -1 (default)
2022-10-18 06:30:53,211 [pool-343-thread-1] INFO  server.RaftServerConfigKeys (ConfUtils.java:logGet(46)) - raft.server.log.write.buffer.size = 64KB (=65536) (default)
2022-10-18 06:30:53,211 [pool-343-thread-1] INFO  server.RaftServerConfigKeys (ConfUtils.java:logGet(46)) - raft.server.log.unsafe-flush.enabled = false (default)
2022-10-18 06:30:53,211 [pool-343-thread-1] INFO  server.RaftServerConfigKeys (ConfUtils.java:logGet(46)) - raft.server.log.statemachine.data.caching.enabled = false (default)
2022-10-18 06:30:53,211 [pool-343-thread-1] INFO  server.RaftServer$Division (ServerState.java:setRaftConf(393)) - omNode-1@group-523986131536: set configuration 57: [omNode-3|rpc:localhost:36149|admin:|client:|dataStream:|priority:0, omNode-1|rpc:localhost:46857|admin:|client:|dataStream:|priority:0, omNode-2|rpc:localhost:34021|admin:|client:|dataStream:|priority:0], old=null
2022-10-18 06:30:53,211 [pool-343-thread-1] INFO  segmented.LogSegment (LogSegment.java:loadSegment(173)) - Successfully read 2 entries from segment file /home/runner/work/ozone/ozone/hadoop-ozone/integration-test/target/test-dir/MiniOzoneClusterImpl-489ebd61-a341-4d14-a135-ade311a26152/omNode-1/ratis/c9bc4cf4-3bc3-3c60-a66b-523986131536/current/log_inprogress_57
2022-10-18 06:30:53,211 [pool-343-thread-1] INFO  segmented.SegmentedRaftLogWorker (SegmentedRaftLogWorker.java:lambda$new$0(135)) - omNode-1@group-523986131536-SegmentedRaftLogWorker: flushIndex: setUnconditionally 0 -> 58
2022-10-18 06:30:53,212 [pool-343-thread-1] INFO  segmented.SegmentedRaftLogWorker (SegmentedRaftLogWorker.java:lambda$new$0(135)) - omNode-1@group-523986131536-SegmentedRaftLogWorker: safeCacheEvictIndex: setUnconditionally 0 -> -1
2022-10-18 06:30:53,212 [pool-343-thread-1] INFO  raftlog.RaftLog (RaftLogBase.java:lambda$new$0(53)) - omNode-1@group-523986131536-SegmentedRaftLog: commitIndex: updateToMax old=58, new=57, updated? false
2022-10-18 06:30:53,212 [pool-343-thread-1] INFO  raftlog.RaftLog (RaftLogBase.java:lambda$new$0(53)) - omNode-1@group-523986131536-SegmentedRaftLog: purgeIndex: updateIncreasingly -1 -> 56
2022-10-18 06:30:53,212 [pool-343-thread-1] INFO  server.RaftServerConfigKeys (ConfUtils.java:logGet(46)) - raft.server.snapshot.auto.trigger.enabled = true (custom)
2022-10-18 06:30:53,212 [pool-343-thread-1] INFO  server.RaftServerConfigKeys (ConfUtils.java:logGet(46)) - raft.server.snapshot.auto.trigger.threshold = 50 (custom)
2022-10-18 06:30:53,212 [pool-343-thread-1] INFO  server.RaftServerConfigKeys (ConfUtils.java:logGet(46)) - raft.server.snapshot.retention.file.num = -1 (default)
2022-10-18 06:30:53,212 [pool-343-thread-1] INFO  server.RaftServerConfigKeys (ConfUtils.java:logGet(46)) - raft.server.log.purge.upto.snapshot.index = true (custom)
2022-10-18 06:30:53,212 [pool-343-thread-1] INFO  server.RaftServerConfigKeys (ConfUtils.java:logGet(46)) - raft.server.retrycache.expirytime = 30000ms (custom)
2022-10-18 06:30:53,212 [pool-343-thread-1] INFO  server.RaftServerConfigKeys (ConfUtils.java:logGet(46)) - raft.server.retrycache.statistics.expirytime = 100μs (default)
2022-10-18 06:30:53,213 [pool-343-thread-1] INFO  server.RaftServerConfigKeys (ConfUtils.java:logGet(46)) - raft.server.log.appender.install.snapshot.enabled = false (custom)
2022-10-18 06:30:53,213 [pool-343-thread-1] INFO  server.RaftServerConfigKeys (ConfUtils.java:logGet(46)) - raft.server.threadpool.server.cached = true (default)
2022-10-18 06:30:53,213 [pool-343-thread-1] INFO  server.RaftServerConfigKeys (ConfUtils.java:logGet(46)) - raft.server.threadpool.server.size = 0 (default)
2022-10-18 06:30:53,213 [pool-343-thread-1] INFO  server.RaftServerConfigKeys (ConfUtils.java:logGet(46)) - raft.server.threadpool.client.cached = true (default)
2022-10-18 06:30:53,213 [pool-343-thread-1] INFO  server.RaftServerConfigKeys (ConfUtils.java:logGet(46)) - raft.server.threadpool.client.size = 0 (default)
2022-10-18 06:30:53,217 [omNode-1-impl-thread1] INFO  server.RaftServer$Division (RaftServerImpl.java:start(310)) - omNode-1@group-523986131536: start as a follower, conf=57: [omNode-3|rpc:localhost:36149|admin:|client:|dataStream:|priority:0, omNode-1|rpc:localhost:46857|admin:|client:|dataStream:|priority:0, omNode-2|rpc:localhost:34021|admin:|client:|dataStream:|priority:0], old=null
2022-10-18 06:30:53,217 [omNode-1-impl-thread1] INFO  server.RaftServer$Division (RaftServerImpl.java:setRole(299)) - omNode-1@group-523986131536: changes role from      null to FOLLOWER at term 4 for startAsFollower
2022-10-18 06:30:53,217 [omNode-1-impl-thread1] INFO  impl.RoleInfo (RoleInfo.java:updateAndGet(139)) - omNode-1: start omNode-1@group-523986131536-FollowerState
2022-10-18 06:30:53,217 [omNode-1-impl-thread1] INFO  util.JmxRegister (JmxRegister.java:tryRegister(44)) - Successfully registered JMX Bean with object name Ratis:service=RaftServer,group=group-523986131536,id=omNode-1
2022-10-18 06:30:53,218 [Listener at localhost/45465] INFO  server.RaftServer (RaftServerProxy.java:lambda$start$6(382)) - omNode-1: start RPC server
2022-10-18 06:30:53,220 [Listener at localhost/45465] INFO  server.GrpcService (GrpcService.java:startImpl(260)) - omNode-1: GrpcService started, listening on 46857
2022-10-18 06:30:53,221 [Listener at localhost/45465] INFO  om.OzoneManager (OzoneManager.java:getRpcServer(1101)) - Creating RPC Server
2022-10-18 06:30:53,222 [org.apache.ratis.util.JvmPauseMonitor$$Lambda$703/523629281@2105c149] INFO  util.JvmPauseMonitor (JvmPauseMonitor.java:run(103)) - JvmPauseMonitor-omNode-1: Started
2022-10-18 06:30:53,555 [Listener at localhost/45465] INFO  reflections.Reflections (Reflections.java:scan(232)) - Reflections took 334 ms to scan 19 urls, producing 67 keys and 4238 values [using 2 cores]
2022-10-18 06:30:53,556 [Listener at localhost/45465] INFO  ipc.CallQueueManager (CallQueueManager.java:<init>(90)) - Using callQueue: class java.util.concurrent.LinkedBlockingQueue, queueCapacity: 2000, scheduler: class org.apache.hadoop.ipc.DefaultRpcScheduler, ipcBackoff: false.
2022-10-18 06:30:53,557 [Socket Reader #1 for port 33523] INFO  ipc.Server (Server.java:run(1273)) - Starting Socket Reader #1 for port 33523
2022-10-18 06:30:53,566 [Listener at localhost/33523] INFO  http.BaseHttpServer (BaseHttpServer.java:newHttpServer2BuilderForOzone(213)) - Starting Web-server for ozoneManager at: http://0.0.0.0:34657
2022-10-18 06:30:53,566 [Listener at localhost/33523] INFO  http.BaseHttpServer (BaseHttpServer.java:<init>(108)) - Hadoop Security Enabled: false Ozone Security Enabled: false Ozone HTTP Security Enabled: false 
2022-10-18 06:30:53,567 [Listener at localhost/33523] WARN  server.AuthenticationFilter (AuthenticationFilter.java:constructSecretProvider(240)) - Unable to initialize FileSignerSecretProvider, falling back to use random secrets. Reason: Could not read signature secret file: /home/runner/hadoop-http-auth-signature-secret
2022-10-18 06:30:53,568 [Listener at localhost/33523] WARN  http.HttpRequestLog (HttpRequestLog.java:getRequestLog(103)) - Jetty request log can only be enabled using Log4j
2022-10-18 06:30:53,569 [Listener at localhost/33523] INFO  http.HttpServer2 (HttpServer2.java:addGlobalFilter(1031)) - Added global filter 'safety' (class=org.apache.hadoop.hdds.server.http.HttpServer2$QuotingInputFilter)
2022-10-18 06:30:53,570 [Listener at localhost/33523] INFO  http.HttpServer2 (HttpServer2.java:addFilter(1007)) - Added filter static_user_filter (class=org.apache.hadoop.http.lib.StaticUserWebFilter$StaticUserFilter) to context ozoneManager
2022-10-18 06:30:53,570 [Listener at localhost/33523] INFO  http.HttpServer2 (HttpServer2.java:addFilter(1015)) - Added filter static_user_filter (class=org.apache.hadoop.http.lib.StaticUserWebFilter$StaticUserFilter) to context logs
2022-10-18 06:30:53,570 [Listener at localhost/33523] INFO  http.HttpServer2 (HttpServer2.java:addFilter(1015)) - Added filter static_user_filter (class=org.apache.hadoop.http.lib.StaticUserWebFilter$StaticUserFilter) to context static
2022-10-18 06:30:53,570 [Listener at localhost/33523] INFO  http.HttpServer2 (HttpServer2.java:bindListener(1250)) - Jetty bound to port 34657
2022-10-18 06:30:53,570 [Listener at localhost/33523] INFO  server.Server (Server.java:doStart(375)) - jetty-9.4.43.v20210629; built: 2021-06-30T11:07:22.254Z; git: 526006ecfa3af7f1a27ef3a288e2bef7ea9dd7e8; jvm 1.8.0_345-b01
2022-10-18 06:30:53,574 [Listener at localhost/33523] INFO  server.session (DefaultSessionIdManager.java:doStart(334)) - DefaultSessionIdManager workerName=node0
2022-10-18 06:30:53,574 [Listener at localhost/33523] INFO  server.session (DefaultSessionIdManager.java:doStart(339)) - No SessionScavenger set, using defaults
2022-10-18 06:30:53,574 [Listener at localhost/33523] INFO  server.session (HouseKeeper.java:startScavenging(132)) - node0 Scavenging every 660000ms
2022-10-18 06:30:53,575 [Listener at localhost/33523] INFO  handler.ContextHandler (ContextHandler.java:doStart(915)) - Started o.e.j.s.ServletContextHandler@15f05331{logs,/logs,file:///home/runner/work/ozone/ozone/hadoop-ozone/integration-test/target/log,AVAILABLE}
2022-10-18 06:30:53,575 [Listener at localhost/33523] INFO  handler.ContextHandler (ContextHandler.java:doStart(915)) - Started o.e.j.s.ServletContextHandler@f766aea{static,/static,file:///home/runner/work/ozone/ozone/hadoop-ozone/integration-test/target/test-classes/webapps/static,AVAILABLE}
2022-10-18 06:30:53,578 [Listener at localhost/33523] INFO  handler.ContextHandler (ContextHandler.java:doStart(915)) - Started o.e.j.w.WebAppContext@1ccb535f{ozoneManager,/,file:///home/runner/work/ozone/ozone/hadoop-ozone/integration-test/target/test-classes/webapps/ozoneManager/,AVAILABLE}{file:/home/runner/work/ozone/ozone/hadoop-ozone/integration-test/target/test-classes/webapps/ozoneManager}
2022-10-18 06:30:53,587 [Listener at localhost/33523] INFO  server.AbstractConnector (AbstractConnector.java:doStart(331)) - Started ServerConnector@6e17fc2b{HTTP/1.1, (http/1.1)}{0.0.0.0:34657}
2022-10-18 06:30:53,588 [Listener at localhost/33523] INFO  server.Server (Server.java:doStart(415)) - Started @45772ms
2022-10-18 06:30:53,588 [Listener at localhost/33523] WARN  impl.MetricsSystemImpl (MetricsSystemImpl.java:register(279)) - Sink prometheus already exists!
2022-10-18 06:30:53,588 [Listener at localhost/33523] INFO  http.BaseHttpServer (BaseHttpServer.java:updateConnectorAddress(333)) - HTTP server of ozoneManager listening at http://0.0.0.0:34657
2022-10-18 06:30:53,589 [IPC Server Responder] INFO  ipc.Server (Server.java:run(1512)) - IPC Server Responder: starting
2022-10-18 06:30:53,589 [IPC Server listener on 33523] INFO  ipc.Server (Server.java:run(1352)) - IPC Server listener on 33523: starting
2022-10-18 06:30:53,592 [Listener at localhost/33523] INFO  om.OzoneManager (OzoneManager.java:startTrashEmptier(1919)) - Trash Interval set to 0. Files deleted won't move to trash
2022-10-18 06:30:53,592 [Listener at localhost/33523] INFO  om.OzoneManager (OzoneManager.java:stop(2034)) - omNode-2[localhost:39045]: Stopping Ozone Manager
2022-10-18 06:30:53,592 [Listener at localhost/33523] INFO  om.OzoneManager (OzoneManager.java:restart(1571)) - OzoneManager RPC server is listening at localhost/127.0.0.1:39045
2022-10-18 06:30:53,592 [Listener at localhost/33523] INFO  impl.MetricsSystemImpl (MetricsSystemImpl.java:init(158)) - OzoneManager metrics system started (again)
2022-10-18 06:30:53,602 [org.apache.hadoop.util.JvmPauseMonitor$Monitor@48545dfa] INFO  util.JvmPauseMonitor (JvmPauseMonitor.java:run(188)) - Starting JVM pause monitor
2022-10-18 06:30:53,606 [Listener at localhost/33523] WARN  server.ServerUtils (ServerUtils.java:getDBPath(225)) - ozone.om.db.dirs is not configured. We recommend adding this setting. Falling back to ozone.metadata.dirs instead.
2022-10-18 06:30:53,607 [Listener at localhost/33523] INFO  codec.OmKeyInfoCodec (OmKeyInfoCodec.java:<init>(49)) - OmKeyInfoCodec ignorePipeline = true
2022-10-18 06:30:53,607 [Listener at localhost/33523] INFO  codec.RepeatedOmKeyInfoCodec (RepeatedOmKeyInfoCodec.java:<init>(41)) - RepeatedOmKeyInfoCodec ignorePipeline = true
2022-10-18 06:30:53,642 [Listener at localhost/33523] INFO  om.OzoneManager (OzoneManager.java:instantiateServices(712)) - S3 Multi-Tenancy is disabled
2022-10-18 06:30:53,647 [Listener at localhost/33523] WARN  impl.MetricRegistriesImpl (MetricRegistriesImpl.java:addReporterRegistration(111)) - New reporters are added after registries were created. Some metrics will be missing from the reporter. Please add reporter before adding any new registry.
2022-10-18 06:30:53,647 [Listener at localhost/33523] WARN  impl.MetricRegistriesImpl (MetricRegistriesImpl.java:addReporterRegistration(111)) - New reporters are added after registries were created. Some metrics will be missing from the reporter. Please add reporter before adding any new registry.
2022-10-18 06:30:53,647 [Listener at localhost/33523] WARN  server.ServerUtils (ServerUtils.java:getDefaultRatisDirectory(237)) - Storage directory for Ratis is not configured. It is a good idea to map this to an SSD disk. Falling back to ozone.metadata.dirs
2022-10-18 06:30:53,648 [Listener at localhost/33523] INFO  ratis.OzoneManagerRatisServer (OzoneManagerRatisServer.java:<init>(160)) - Instantiating OM Ratis server with groupID: om-service-test1 and peers: localhost:34021, localhost:36149, localhost:46857
2022-10-18 06:30:53,649 [Listener at localhost/33523] INFO  ratis.OzoneManagerStateMachine (OzoneManagerStateMachine.java:loadSnapshotInfoFromDB(632)) - LastAppliedIndex is set from TransactionInfo from OM DB as (t:3, i:56)
2022-10-18 06:30:53,653 [Listener at localhost/33523] INFO  server.RaftServer (ConfUtils.java:logGet(46)) - raft.rpc.type = GRPC (default)
2022-10-18 06:30:53,653 [Listener at localhost/33523] INFO  grpc.GrpcFactory (GrpcFactory.java:checkPooledByteBufAllocatorUseCacheForAllThreads(48)) - PERFORMANCE WARNING: useCacheForAllThreads is true that may cause Netty to create a lot garbage objects and, as a result, trigger GC.
	It is recommended to disable useCacheForAllThreads by setting -Dorg.apache.ratis.thirdparty.io.netty.allocator.useCacheForAllThreads=false in command line.
2022-10-18 06:30:53,653 [Listener at localhost/33523] INFO  grpc.GrpcConfigKeys (ConfUtils.java:logGet(46)) - raft.grpc.admin.port = -1 (default)
2022-10-18 06:30:53,653 [Listener at localhost/33523] INFO  grpc.GrpcConfigKeys (ConfUtils.java:logGet(46)) - raft.grpc.server.port = 34021 (custom)
2022-10-18 06:30:53,654 [Listener at localhost/33523] INFO  grpc.GrpcConfigKeys (ConfUtils.java:logGet(46)) - raft.grpc.client.port = -1 (default)
2022-10-18 06:30:53,654 [Listener at localhost/33523] INFO  grpc.GrpcConfigKeys (ConfUtils.java:logGet(46)) - raft.grpc.server.port = 34021 (custom)
2022-10-18 06:30:53,654 [Listener at localhost/33523] INFO  grpc.GrpcConfigKeys (ConfUtils.java:logGet(46)) - raft.grpc.server.port = 34021 (custom)
2022-10-18 06:30:53,654 [Listener at localhost/33523] INFO  server.GrpcService (ConfUtils.java:logGet(46)) - raft.grpc.message.size.max = 33554432 (custom)
2022-10-18 06:30:53,654 [Listener at localhost/33523] INFO  server.RaftServerConfigKeys (ConfUtils.java:logGet(46)) - raft.server.log.appender.buffer.byte-limit = 33554432 (custom)
2022-10-18 06:30:53,654 [Listener at localhost/33523] INFO  server.GrpcService (ConfUtils.java:logGet(46)) - raft.grpc.flow.control.window = 1MB (=1048576) (default)
2022-10-18 06:30:53,654 [Listener at localhost/33523] INFO  server.RaftServerConfigKeys (ConfUtils.java:logGet(46)) - raft.server.rpc.request.timeout = 3000ms (default)
2022-10-18 06:30:53,654 [Listener at localhost/33523] INFO  grpc.GrpcConfigKeys (ConfUtils.java:logGet(46)) - raft.grpc.server.async.request.thread.pool.cached = true (default)
2022-10-18 06:30:53,655 [Listener at localhost/33523] INFO  grpc.GrpcConfigKeys (ConfUtils.java:logGet(46)) - raft.grpc.server.async.request.thread.pool.size = 32 (default)
2022-10-18 06:30:53,656 [Listener at localhost/33523] INFO  impl.DataStreamServerImpl (ConfUtils.java:logGet(46)) - raft.datastream.type = DISABLED (default)
2022-10-18 06:30:53,656 [Listener at localhost/33523] INFO  server.RaftServerConfigKeys (ConfUtils.java:logGet(46)) - raft.server.threadpool.proxy.cached = true (default)
2022-10-18 06:30:53,656 [Listener at localhost/33523] INFO  server.RaftServerConfigKeys (ConfUtils.java:logGet(46)) - raft.server.threadpool.proxy.size = 0 (default)
2022-10-18 06:30:53,656 [Listener at localhost/33523] INFO  server.RaftServerConfigKeys (ConfUtils.java:logGet(46)) - raft.server.rpc.slowness.timeout = 2s (custom)
2022-10-18 06:30:53,656 [Listener at localhost/33523] INFO  server.RaftServerConfigKeys (ConfUtils.java:logGet(46)) - raft.server.leaderelection.leader.step-down.wait-time = 10s (default)
2022-10-18 06:30:53,656 [Listener at localhost/33523] INFO  server.RaftServerConfigKeys (ConfUtils.java:logGet(46)) - raft.server.storage.dir = [/home/runner/work/ozone/ozone/hadoop-ozone/integration-test/target/test-dir/MiniOzoneClusterImpl-489ebd61-a341-4d14-a135-ade311a26152/omNode-2/ratis] (custom)
2022-10-18 06:30:53,657 [omNode-2-impl-thread1] INFO  server.RaftServer (RaftServerProxy.java:initGroupDir(247)) - omNode-2: found a subdirectory /home/runner/work/ozone/ozone/hadoop-ozone/integration-test/target/test-dir/MiniOzoneClusterImpl-489ebd61-a341-4d14-a135-ade311a26152/omNode-2/ratis/c9bc4cf4-3bc3-3c60-a66b-523986131536
2022-10-18 06:30:53,657 [Listener at localhost/33523] INFO  server.RaftServer (RaftServerProxy.java:addNew(96)) - omNode-2: addNew group-523986131536:[omNode-3|rpc:localhost:36149|priority:0, omNode-1|rpc:localhost:46857|priority:0, omNode-2|rpc:localhost:34021|priority:0] returns group-523986131536:java.util.concurrent.CompletableFuture@5adfa95c[Not completed]
2022-10-18 06:30:53,657 [Listener at localhost/33523] INFO  om.OzoneManager (OzoneManager.java:initializeRatisServer(1975)) - OzoneManager Ratis server initialized at port 34021
2022-10-18 06:30:53,657 [Listener at localhost/33523] INFO  ratis.OzoneManagerRatisServer (OzoneManagerRatisServer.java:start(555)) - Starting OzoneManagerRatisServer omNode-2 at port 34021
2022-10-18 06:30:53,658 [pool-367-thread-1] INFO  server.RaftServer$Division (RaftServerImpl.java:<init>(190)) - omNode-2: new RaftServerImpl for group-523986131536:[omNode-3|rpc:localhost:36149|priority:0, omNode-1|rpc:localhost:46857|priority:0, omNode-2|rpc:localhost:34021|priority:0] with OzoneManagerStateMachine:uninitialized
2022-10-18 06:30:53,658 [pool-367-thread-1] INFO  server.RaftServerConfigKeys (ConfUtils.java:logGet(46)) - raft.server.rpc.timeout.min = 1s (custom)
2022-10-18 06:30:53,658 [pool-367-thread-1] INFO  server.RaftServerConfigKeys (ConfUtils.java:logGet(46)) - raft.server.rpc.timeout.max = 1200ms (custom)
2022-10-18 06:30:53,658 [pool-367-thread-1] INFO  server.RaftServerConfigKeys (ConfUtils.java:logGet(46)) - raft.server.rpc.sleep.time = 25ms (default)
2022-10-18 06:30:53,658 [pool-367-thread-1] INFO  server.RaftServerConfigKeys (ConfUtils.java:logGet(46)) - raft.server.rpc.slowness.timeout = 2s (custom)
2022-10-18 06:30:53,658 [pool-367-thread-1] INFO  server.RaftServerConfigKeys (ConfUtils.java:logGet(46)) - raft.server.leaderelection.leader.step-down.wait-time = 10s (default)
2022-10-18 06:30:53,658 [pool-367-thread-1] INFO  server.RaftServerConfigKeys (ConfUtils.java:logGet(46)) - raft.server.sleep.deviation.threshold = 300ms (default)
2022-10-18 06:30:53,658 [pool-367-thread-1] INFO  server.RaftServer$Division (ServerState.java:<init>(107)) - omNode-2@group-523986131536: ConfigurationManager, init=-1: [omNode-3|rpc:localhost:36149|priority:0, omNode-1|rpc:localhost:46857|priority:0, omNode-2|rpc:localhost:34021|priority:0], old=null, confs=<EMPTY_MAP>
2022-10-18 06:30:53,658 [pool-367-thread-1] INFO  server.RaftServerConfigKeys (ConfUtils.java:logGet(46)) - raft.server.storage.dir = [/home/runner/work/ozone/ozone/hadoop-ozone/integration-test/target/test-dir/MiniOzoneClusterImpl-489ebd61-a341-4d14-a135-ade311a26152/omNode-2/ratis] (custom)
2022-10-18 06:30:53,658 [pool-367-thread-1] INFO  server.RaftServerConfigKeys (ConfUtils.java:logGet(46)) - raft.server.log.corruption.policy = EXCEPTION (default)
2022-10-18 06:30:53,658 [pool-367-thread-1] INFO  server.RaftServerConfigKeys (ConfUtils.java:logGet(46)) - raft.server.storage.free-space.min = 0MB (=0) (default)
2022-10-18 06:30:53,659 [pool-367-thread-1] INFO  storage.RaftStorageDirectory (RaftStorageDirectoryImpl.java:tryLock(230)) - Lock on /home/runner/work/ozone/ozone/hadoop-ozone/integration-test/target/test-dir/MiniOzoneClusterImpl-489ebd61-a341-4d14-a135-ade311a26152/omNode-2/ratis/c9bc4cf4-3bc3-3c60-a66b-523986131536/in_use.lock acquired by nodename 30337@fv-az241-838
2022-10-18 06:30:53,659 [pool-367-thread-1] INFO  storage.RaftStorage (RaftStorageImpl.java:analyzeAndRecoverStorage(110)) - Read RaftStorageMetadata{term=3, votedFor=omNode-2} from /home/runner/work/ozone/ozone/hadoop-ozone/integration-test/target/test-dir/MiniOzoneClusterImpl-489ebd61-a341-4d14-a135-ade311a26152/omNode-2/ratis/c9bc4cf4-3bc3-3c60-a66b-523986131536/current/raft-meta
2022-10-18 06:30:53,660 [pool-367-thread-1] INFO  server.RaftServer$Division (ServerState.java:setRaftConf(393)) - omNode-2@group-523986131536: set configuration 31: [omNode-3|rpc:localhost:36149|admin:|client:|dataStream:|priority:0, omNode-1|rpc:localhost:46857|admin:|client:|dataStream:|priority:0, omNode-2|rpc:localhost:34021|admin:|client:|dataStream:|priority:0], old=null
2022-10-18 06:30:53,660 [pool-367-thread-1] INFO  server.RaftServerConfigKeys (ConfUtils.java:logGet(46)) - raft.server.notification.no-leader.timeout = 2s (custom)
2022-10-18 06:30:53,660 [pool-367-thread-1] INFO  server.RaftServerConfigKeys (ConfUtils.java:logGet(46)) - raft.server.log.use.memory = false (default)
2022-10-18 06:30:53,660 [pool-367-thread-1] INFO  server.RaftServerConfigKeys (ConfUtils.java:logGet(46)) - raft.server.log.purge.gap = 50 (custom)
2022-10-18 06:30:53,660 [pool-367-thread-1] INFO  server.RaftServerConfigKeys (ConfUtils.java:logGet(46)) - raft.server.log.appender.buffer.byte-limit = 33554432 (custom)
2022-10-18 06:30:53,660 [pool-367-thread-1] INFO  server.RaftServerConfigKeys (ConfUtils.java:logGet(46)) - raft.server.log.statemachine.data.read.timeout = 1000ms (default)
2022-10-18 06:30:53,660 [pool-367-thread-1] INFO  server.RaftServerConfigKeys (ConfUtils.java:logGet(46)) - raft.server.log.segment.size.max = 4194304 (custom)
2022-10-18 06:30:53,660 [pool-367-thread-1] INFO  server.RaftServerConfigKeys (ConfUtils.java:logGet(46)) - raft.server.log.segment.cache.num.max = 2 (custom)
2022-10-18 06:30:53,660 [pool-367-thread-1] INFO  server.RaftServerConfigKeys (ConfUtils.java:logGet(46)) - raft.server.log.segment.cache.size.max = 200MB (=209715200) (default)
2022-10-18 06:30:53,660 [pool-367-thread-1] INFO  segmented.SegmentedRaftLogWorker (SegmentedRaftLogWorker.java:<init>(187)) - new omNode-2@group-523986131536-SegmentedRaftLogWorker for RaftStorageImpl:Storage Directory /home/runner/work/ozone/ozone/hadoop-ozone/integration-test/target/test-dir/MiniOzoneClusterImpl-489ebd61-a341-4d14-a135-ade311a26152/omNode-2/ratis/c9bc4cf4-3bc3-3c60-a66b-523986131536
2022-10-18 06:30:53,660 [pool-367-thread-1] INFO  server.RaftServerConfigKeys (ConfUtils.java:logGet(46)) - raft.server.log.queue.byte-limit = 64MB (=67108864) (default)
2022-10-18 06:30:53,660 [pool-367-thread-1] INFO  server.RaftServerConfigKeys (ConfUtils.java:logGet(46)) - raft.server.log.queue.element-limit = 4096 (default)
2022-10-18 06:30:53,661 [pool-367-thread-1] INFO  server.RaftServerConfigKeys (ConfUtils.java:logGet(46)) - raft.server.log.segment.size.max = 4194304 (custom)
2022-10-18 06:30:53,661 [pool-367-thread-1] INFO  server.RaftServerConfigKeys (ConfUtils.java:logGet(46)) - raft.server.log.preallocated.size = 4194304 (custom)
2022-10-18 06:30:53,661 [pool-367-thread-1] INFO  server.RaftServerConfigKeys (ConfUtils.java:logGet(46)) - raft.server.log.force.sync.num = 128 (default)
2022-10-18 06:30:53,661 [pool-367-thread-1] INFO  server.RaftServerConfigKeys (ConfUtils.java:logGet(46)) - raft.server.log.statemachine.data.sync = true (default)
2022-10-18 06:30:53,661 [pool-367-thread-1] INFO  server.RaftServerConfigKeys (ConfUtils.java:logGet(46)) - raft.server.log.statemachine.data.sync.timeout = 10s (default)
2022-10-18 06:30:53,661 [pool-367-thread-1] INFO  server.RaftServerConfigKeys (ConfUtils.java:logGet(46)) - raft.server.log.statemachine.data.sync.timeout.retry = -1 (default)
2022-10-18 06:30:53,662 [pool-367-thread-1] INFO  server.RaftServerConfigKeys (ConfUtils.java:logGet(46)) - raft.server.log.write.buffer.size = 64KB (=65536) (default)
2022-10-18 06:30:53,662 [pool-367-thread-1] INFO  server.RaftServerConfigKeys (ConfUtils.java:logGet(46)) - raft.server.log.unsafe-flush.enabled = false (default)
2022-10-18 06:30:53,662 [pool-367-thread-1] INFO  server.RaftServerConfigKeys (ConfUtils.java:logGet(46)) - raft.server.log.statemachine.data.caching.enabled = false (default)
2022-10-18 06:30:53,662 [pool-367-thread-1] INFO  server.RaftServer$Division (ServerState.java:setRaftConf(393)) - omNode-2@group-523986131536: set configuration 31: [omNode-3|rpc:localhost:36149|admin:|client:|dataStream:|priority:0, omNode-1|rpc:localhost:46857|admin:|client:|dataStream:|priority:0, omNode-2|rpc:localhost:34021|admin:|client:|dataStream:|priority:0], old=null
2022-10-18 06:30:53,663 [pool-367-thread-1] INFO  segmented.LogSegment (LogSegment.java:loadSegment(173)) - Successfully read 26 entries from segment file /home/runner/work/ozone/ozone/hadoop-ozone/integration-test/target/test-dir/MiniOzoneClusterImpl-489ebd61-a341-4d14-a135-ade311a26152/omNode-2/ratis/c9bc4cf4-3bc3-3c60-a66b-523986131536/current/log_inprogress_31
2022-10-18 06:30:53,663 [pool-367-thread-1] INFO  segmented.SegmentedRaftLogWorker (SegmentedRaftLogWorker.java:lambda$new$0(135)) - omNode-2@group-523986131536-SegmentedRaftLogWorker: flushIndex: setUnconditionally 0 -> 56
2022-10-18 06:30:53,663 [pool-367-thread-1] INFO  segmented.SegmentedRaftLogWorker (SegmentedRaftLogWorker.java:lambda$new$0(135)) - omNode-2@group-523986131536-SegmentedRaftLogWorker: safeCacheEvictIndex: setUnconditionally 0 -> -1
2022-10-18 06:30:53,663 [pool-367-thread-1] INFO  raftlog.RaftLog (RaftLogBase.java:lambda$new$0(53)) - omNode-2@group-523986131536-SegmentedRaftLog: commitIndex: updateToMax old=56, new=55, updated? false
2022-10-18 06:30:53,663 [pool-367-thread-1] INFO  raftlog.RaftLog (RaftLogBase.java:lambda$new$0(53)) - omNode-2@group-523986131536-SegmentedRaftLog: purgeIndex: updateIncreasingly -1 -> 30
2022-10-18 06:30:53,663 [pool-367-thread-1] INFO  server.RaftServerConfigKeys (ConfUtils.java:logGet(46)) - raft.server.snapshot.auto.trigger.enabled = true (custom)
2022-10-18 06:30:53,663 [pool-367-thread-1] INFO  server.RaftServerConfigKeys (ConfUtils.java:logGet(46)) - raft.server.snapshot.auto.trigger.threshold = 50 (custom)
2022-10-18 06:30:53,663 [pool-367-thread-1] INFO  server.RaftServerConfigKeys (ConfUtils.java:logGet(46)) - raft.server.snapshot.retention.file.num = -1 (default)
2022-10-18 06:30:53,663 [pool-367-thread-1] INFO  server.RaftServerConfigKeys (ConfUtils.java:logGet(46)) - raft.server.log.purge.upto.snapshot.index = true (custom)
2022-10-18 06:30:53,663 [pool-367-thread-1] INFO  server.RaftServerConfigKeys (ConfUtils.java:logGet(46)) - raft.server.retrycache.expirytime = 30000ms (custom)
2022-10-18 06:30:53,663 [pool-367-thread-1] INFO  server.RaftServerConfigKeys (ConfUtils.java:logGet(46)) - raft.server.retrycache.statistics.expirytime = 100μs (default)
2022-10-18 06:30:53,664 [pool-367-thread-1] INFO  server.RaftServerConfigKeys (ConfUtils.java:logGet(46)) - raft.server.log.appender.install.snapshot.enabled = false (custom)
2022-10-18 06:30:53,664 [pool-367-thread-1] INFO  server.RaftServerConfigKeys (ConfUtils.java:logGet(46)) - raft.server.threadpool.server.cached = true (default)
2022-10-18 06:30:53,664 [pool-367-thread-1] INFO  server.RaftServerConfigKeys (ConfUtils.java:logGet(46)) - raft.server.threadpool.server.size = 0 (default)
2022-10-18 06:30:53,664 [pool-367-thread-1] INFO  server.RaftServerConfigKeys (ConfUtils.java:logGet(46)) - raft.server.threadpool.client.cached = true (default)
2022-10-18 06:30:53,664 [pool-367-thread-1] INFO  server.RaftServerConfigKeys (ConfUtils.java:logGet(46)) - raft.server.threadpool.client.size = 0 (default)
2022-10-18 06:30:53,665 [omNode-2-impl-thread1] INFO  server.RaftServer$Division (RaftServerImpl.java:start(310)) - omNode-2@group-523986131536: start as a follower, conf=31: [omNode-3|rpc:localhost:36149|admin:|client:|dataStream:|priority:0, omNode-1|rpc:localhost:46857|admin:|client:|dataStream:|priority:0, omNode-2|rpc:localhost:34021|admin:|client:|dataStream:|priority:0], old=null
2022-10-18 06:30:53,665 [omNode-2-impl-thread1] INFO  server.RaftServer$Division (RaftServerImpl.java:setRole(299)) - omNode-2@group-523986131536: changes role from      null to FOLLOWER at term 3 for startAsFollower
2022-10-18 06:30:53,665 [omNode-2-impl-thread1] INFO  impl.RoleInfo (RoleInfo.java:updateAndGet(139)) - omNode-2: start omNode-2@group-523986131536-FollowerState
2022-10-18 06:30:53,665 [omNode-2-impl-thread1] INFO  util.JmxRegister (JmxRegister.java:tryRegister(44)) - Successfully registered JMX Bean with object name Ratis:service=RaftServer,group=group-523986131536,id=omNode-2
2022-10-18 06:30:53,665 [Listener at localhost/33523] INFO  server.RaftServer (RaftServerProxy.java:lambda$start$6(382)) - omNode-2: start RPC server
2022-10-18 06:30:53,675 [Listener at localhost/33523] INFO  server.GrpcService (GrpcService.java:startImpl(260)) - omNode-2: GrpcService started, listening on 34021
2022-10-18 06:30:53,675 [Listener at localhost/33523] INFO  om.OzoneManager (OzoneManager.java:getRpcServer(1101)) - Creating RPC Server
2022-10-18 06:30:53,677 [org.apache.ratis.util.JvmPauseMonitor$$Lambda$703/523629281@2ded5310] INFO  util.JvmPauseMonitor (JvmPauseMonitor.java:run(103)) - JvmPauseMonitor-omNode-2: Started
2022-10-18 06:30:53,804 [omNode-3@group-523986131536-FollowerState] INFO  impl.FollowerState (FollowerState.java:run(143)) - omNode-3@group-523986131536-FollowerState: change to CANDIDATE, lastRpcElapsedTime:1118457280ns, electionTimeout:1115ms
2022-10-18 06:30:53,805 [omNode-3@group-523986131536-FollowerState] INFO  impl.RoleInfo (RoleInfo.java:shutdownFollowerState(110)) - omNode-3: shutdown omNode-3@group-523986131536-FollowerState
2022-10-18 06:30:53,805 [omNode-3@group-523986131536-FollowerState] INFO  server.RaftServer$Division (RaftServerImpl.java:setRole(299)) - omNode-3@group-523986131536: changes role from  FOLLOWER to CANDIDATE at term 4 for changeToCandidate
2022-10-18 06:30:53,805 [omNode-3@group-523986131536-FollowerState] INFO  server.RaftServerConfigKeys (ConfUtils.java:logGet(46)) - raft.server.leaderelection.pre-vote = false (custom)
2022-10-18 06:30:53,805 [omNode-3@group-523986131536-FollowerState] INFO  impl.RoleInfo (RoleInfo.java:updateAndGet(139)) - omNode-3: start omNode-3@group-523986131536-LeaderElection11
2022-10-18 06:30:53,815 [omNode-3@group-523986131536-LeaderElection11] INFO  impl.LeaderElection (LeaderElection.java:askForVotes(310)) - omNode-3@group-523986131536-LeaderElection11 ELECTION round 0: submit vote requests at term 5 for 57: [omNode-3|rpc:localhost:36149|admin:|client:|dataStream:|priority:0, omNode-1|rpc:localhost:46857|admin:|client:|dataStream:|priority:0, omNode-2|rpc:localhost:34021|admin:|client:|dataStream:|priority:0], old=null
2022-10-18 06:30:53,841 [grpc-default-executor-3] INFO  server.RaftServer$Division (RaftServerImpl.java:requestVote(1152)) - omNode-2@group-523986131536: receive requestVote(ELECTION, omNode-3, group-523986131536, 5, (t:4, i:58))
2022-10-18 06:30:53,841 [grpc-default-executor-3] INFO  impl.VoteContext (VoteContext.java:log(48)) - omNode-2@group-523986131536-FOLLOWER: accept ELECTION from omNode-3: our last entry (t:3, i:56) < candidate's last entry (t:4, i:58)
2022-10-18 06:30:53,841 [grpc-default-executor-3] INFO  server.RaftServer$Division (RaftServerImpl.java:setRole(299)) - omNode-2@group-523986131536: changes role from  FOLLOWER to FOLLOWER at term 5 for candidate:omNode-3
2022-10-18 06:30:53,841 [grpc-default-executor-3] INFO  impl.RoleInfo (RoleInfo.java:shutdownFollowerState(110)) - omNode-2: shutdown omNode-2@group-523986131536-FollowerState
2022-10-18 06:30:53,841 [grpc-default-executor-3] INFO  impl.RoleInfo (RoleInfo.java:updateAndGet(139)) - omNode-2: start omNode-2@group-523986131536-FollowerState
2022-10-18 06:30:53,845 [omNode-2@group-523986131536-FollowerState] INFO  impl.FollowerState (FollowerState.java:run(152)) - omNode-2@group-523986131536-FollowerState was interrupted
2022-10-18 06:30:53,850 [grpc-default-executor-3] INFO  server.RaftServer$Division (RaftServerImpl.java:requestVote(1184)) - omNode-2@group-523986131536 replies to ELECTION vote request: omNode-3<-omNode-2#0:OK-t5. Peer's state: omNode-2@group-523986131536:t5, leader=null, voted=omNode-3, raftlog=omNode-2@group-523986131536-SegmentedRaftLog:OPENED:c56, conf=31: [omNode-3|rpc:localhost:36149|admin:|client:|dataStream:|priority:0, omNode-1|rpc:localhost:46857|admin:|client:|dataStream:|priority:0, omNode-2|rpc:localhost:34021|admin:|client:|dataStream:|priority:0], old=null
2022-10-18 06:30:53,856 [omNode-3@group-523986131536-LeaderElection11] INFO  impl.LeaderElection (LeaderElection.java:logAndReturn(90)) - omNode-3@group-523986131536-LeaderElection11: ELECTION PASSED received 1 response(s) and 0 exception(s):
2022-10-18 06:30:53,856 [omNode-3@group-523986131536-LeaderElection11] INFO  impl.LeaderElection (LeaderElection.java:logAndReturn(94)) -   Response 0: omNode-3<-omNode-2#0:OK-t5
2022-10-18 06:30:53,856 [omNode-3@group-523986131536-LeaderElection11] INFO  impl.LeaderElection (LeaderElection.java:askForVotes(312)) - omNode-3@group-523986131536-LeaderElection11 ELECTION round 0: result PASSED
2022-10-18 06:30:53,856 [omNode-3@group-523986131536-LeaderElection11] INFO  impl.RoleInfo (RoleInfo.java:shutdownLeaderElection(130)) - omNode-3: shutdown omNode-3@group-523986131536-LeaderElection11
2022-10-18 06:30:53,856 [omNode-3@group-523986131536-LeaderElection11] INFO  server.RaftServer$Division (RaftServerImpl.java:setRole(299)) - omNode-3@group-523986131536: changes role from CANDIDATE to LEADER at term 5 for changeToLeader
2022-10-18 06:30:53,856 [omNode-3@group-523986131536-LeaderElection11] INFO  server.RaftServer$Division (ServerState.java:setLeader(287)) - omNode-3@group-523986131536: change Leader from null to omNode-3 at term 5 for becomeLeader, leader elected after 1176ms
2022-10-18 06:30:53,856 [omNode-3@group-523986131536-LeaderElection11] INFO  server.RaftServerConfigKeys (ConfUtils.java:logGet(46)) - raft.server.staging.catchup.gap = 1000 (default)
2022-10-18 06:30:53,856 [omNode-3@group-523986131536-LeaderElection11] INFO  server.RaftServerConfigKeys (ConfUtils.java:logGet(46)) - raft.server.write.element-limit = 4096 (default)
2022-10-18 06:30:53,856 [omNode-3@group-523986131536-LeaderElection11] INFO  server.RaftServerConfigKeys (ConfUtils.java:logGet(46)) - raft.server.write.byte-limit = 64MB (=67108864) (default)
2022-10-18 06:30:53,856 [omNode-3@group-523986131536-LeaderElection11] INFO  server.RaftServerConfigKeys (ConfUtils.java:logGet(46)) - raft.server.watch.timeout = 10s (default)
2022-10-18 06:30:53,856 [omNode-3@group-523986131536-LeaderElection11] INFO  server.RaftServerConfigKeys (ConfUtils.java:logGet(46)) - raft.server.watch.timeout.denomination = 1s (default)
2022-10-18 06:30:53,857 [omNode-3@group-523986131536-LeaderElection11] INFO  server.RaftServerConfigKeys (ConfUtils.java:logGet(46)) - raft.server.watch.element-limit = 65536 (default)
2022-10-18 06:30:53,857 [omNode-3@group-523986131536-LeaderElection11] INFO  server.RaftServerConfigKeys (ConfUtils.java:logGet(46)) - raft.server.write.element-limit = 4096 (default)
2022-10-18 06:30:53,857 [omNode-3@group-523986131536-LeaderElection11] INFO  server.RaftServerConfigKeys (ConfUtils.java:logGet(46)) - raft.server.write.follower.gap.ratio.max = -1.0 (default)
2022-10-18 06:30:53,857 [omNode-3@group-523986131536-LeaderElection11] INFO  server.RaftServerConfigKeys (ConfUtils.java:logGet(46)) - raft.server.log.appender.snapshot.chunk.size.max = 16MB (=16777216) (default)
2022-10-18 06:30:53,857 [omNode-3@group-523986131536-LeaderElection11] INFO  server.RaftServerConfigKeys (ConfUtils.java:logGet(46)) - raft.server.log.appender.buffer.byte-limit = 33554432 (custom)
2022-10-18 06:30:53,857 [omNode-3@group-523986131536-LeaderElection11] INFO  server.RaftServerConfigKeys (ConfUtils.java:logGet(46)) - raft.server.log.appender.buffer.element-limit = 1024 (custom)
2022-10-18 06:30:53,857 [omNode-3@group-523986131536-LeaderElection11] INFO  grpc.GrpcConfigKeys (ConfUtils.java:logGet(46)) - raft.grpc.server.leader.outstanding.appends.max = 128 (default)
2022-10-18 06:30:53,857 [omNode-3@group-523986131536-LeaderElection11] INFO  server.RaftServerConfigKeys (ConfUtils.java:logGet(46)) - raft.server.rpc.request.timeout = 3000ms (default)
2022-10-18 06:30:53,858 [omNode-3@group-523986131536-LeaderElection11] INFO  server.RaftServerConfigKeys (ConfUtils.java:logGet(46)) - raft.server.log.appender.install.snapshot.enabled = false (custom)
2022-10-18 06:30:53,858 [omNode-3@group-523986131536-LeaderElection11] INFO  server.RaftServerConfigKeys (ConfUtils.java:logGet(46)) - raft.server.log.appender.snapshot.chunk.size.max = 16MB (=16777216) (default)
2022-10-18 06:30:53,858 [omNode-3@group-523986131536-LeaderElection11] INFO  server.RaftServerConfigKeys (ConfUtils.java:logGet(46)) - raft.server.log.appender.buffer.byte-limit = 33554432 (custom)
2022-10-18 06:30:53,858 [omNode-3@group-523986131536-LeaderElection11] INFO  server.RaftServerConfigKeys (ConfUtils.java:logGet(46)) - raft.server.log.appender.buffer.element-limit = 1024 (custom)
2022-10-18 06:30:53,858 [omNode-3@group-523986131536-LeaderElection11] INFO  grpc.GrpcConfigKeys (ConfUtils.java:logGet(46)) - raft.grpc.server.leader.outstanding.appends.max = 128 (default)
2022-10-18 06:30:53,858 [omNode-3@group-523986131536-LeaderElection11] INFO  server.RaftServerConfigKeys (ConfUtils.java:logGet(46)) - raft.server.rpc.request.timeout = 3000ms (default)
2022-10-18 06:30:53,858 [omNode-3@group-523986131536-LeaderElection11] INFO  server.RaftServerConfigKeys (ConfUtils.java:logGet(46)) - raft.server.log.appender.install.snapshot.enabled = false (custom)
2022-10-18 06:30:53,859 [omNode-3@group-523986131536-LeaderElection11] INFO  impl.RoleInfo (RoleInfo.java:updateAndGet(139)) - omNode-3: start omNode-3@group-523986131536-LeaderStateImpl
2022-10-18 06:30:53,859 [omNode-3@group-523986131536-LeaderElection11] INFO  segmented.SegmentedRaftLogWorker (SegmentedRaftLogWorker.java:rollLogSegment(430)) - omNode-3@group-523986131536-SegmentedRaftLogWorker: Rolling segment log-57_58 to index:58
2022-10-18 06:30:53,885 [grpc-default-executor-1] INFO  server.RaftServer$Division (RaftServerImpl.java:requestVote(1152)) - omNode-1@group-523986131536: receive requestVote(ELECTION, omNode-3, group-523986131536, 5, (t:4, i:58))
2022-10-18 06:30:53,897 [omNode-3@group-523986131536-SegmentedRaftLogWorker] INFO  segmented.SegmentedRaftLogWorker (SegmentedRaftLogWorker.java:execute(586)) - omNode-3@group-523986131536-SegmentedRaftLogWorker: Rolled log segment from /home/runner/work/ozone/ozone/hadoop-ozone/integration-test/target/test-dir/MiniOzoneClusterImpl-489ebd61-a341-4d14-a135-ade311a26152/omNode-3/ratis/c9bc4cf4-3bc3-3c60-a66b-523986131536/current/log_inprogress_57 to /home/runner/work/ozone/ozone/hadoop-ozone/integration-test/target/test-dir/MiniOzoneClusterImpl-489ebd61-a341-4d14-a135-ade311a26152/omNode-3/ratis/c9bc4cf4-3bc3-3c60-a66b-523986131536/current/log_57-58
2022-10-18 06:30:53,894 [omNode-1-server-thread1] INFO  server.RaftServer$Division (ServerState.java:setLeader(287)) - omNode-1@group-523986131536: change Leader from null to omNode-3 at term 5 for appendEntries, leader elected after 684ms
2022-10-18 06:30:53,905 [omNode-3@group-523986131536-LeaderElection11] INFO  server.RaftServer$Division (ServerState.java:setRaftConf(393)) - omNode-3@group-523986131536: set configuration 59: [omNode-3|rpc:localhost:36149|admin:|client:|dataStream:|priority:0, omNode-1|rpc:localhost:46857|admin:|client:|dataStream:|priority:0, omNode-2|rpc:localhost:34021|admin:|client:|dataStream:|priority:0], old=null
2022-10-18 06:30:53,917 [omNode-3@group-523986131536-SegmentedRaftLogWorker] INFO  segmented.SegmentedRaftLogWorker (SegmentedRaftLogWorker.java:execute(629)) - omNode-3@group-523986131536-SegmentedRaftLogWorker: created new log segment /home/runner/work/ozone/ozone/hadoop-ozone/integration-test/target/test-dir/MiniOzoneClusterImpl-489ebd61-a341-4d14-a135-ade311a26152/omNode-3/ratis/c9bc4cf4-3bc3-3c60-a66b-523986131536/current/log_inprogress_59
2022-10-18 06:30:53,910 [omNode-2-server-thread1] INFO  server.RaftServer$Division (ServerState.java:setLeader(287)) - omNode-2@group-523986131536: change Leader from null to omNode-3 at term 5 for appendEntries, leader elected after 243ms
2022-10-18 06:30:53,910 [grpc-default-executor-1] INFO  impl.VoteContext (VoteContext.java:log(48)) - omNode-1@group-523986131536-FOLLOWER: reject ELECTION from omNode-3: this server is a follower and still has a valid leader omNode-3
2022-10-18 06:30:53,926 [omNode-2-server-thread1] INFO  server.RaftServer$Division (RaftServerImpl.java:checkInconsistentAppendEntries(1424)) - omNode-2@group-523986131536: Failed appendEntries as previous log entry ((t:4, i:58)) is not found
2022-10-18 06:30:53,926 [omNode-2-server-thread1] INFO  server.RaftServer$Division (RaftServerImpl.java:checkInconsistentAppendEntries(1394)) - omNode-2@group-523986131536: inconsistency entries. Reply:omNode-3<-omNode-2#0:FAIL-t5,INCONSISTENCY,nextIndex=57,followerCommit=56
2022-10-18 06:30:53,926 [grpc-default-executor-1] INFO  server.RaftServer$Division (RaftServerImpl.java:requestVote(1184)) - omNode-1@group-523986131536 replies to ELECTION vote request: omNode-3<-omNode-1#0:FAIL-t5. Peer's state: omNode-1@group-523986131536:t5, leader=omNode-3, voted=null, raftlog=omNode-1@group-523986131536-SegmentedRaftLog:OPENED:c58, conf=57: [omNode-3|rpc:localhost:36149|admin:|client:|dataStream:|priority:0, omNode-1|rpc:localhost:46857|admin:|client:|dataStream:|priority:0, omNode-2|rpc:localhost:34021|admin:|client:|dataStream:|priority:0], old=null
2022-10-18 06:30:53,928 [omNode-2-server-thread1] INFO  server.RaftServer$Division (RaftServerImpl.java:checkInconsistentAppendEntries(1424)) - omNode-2@group-523986131536: Failed appendEntries as previous log entry ((t:4, i:58)) is not found
2022-10-18 06:30:53,928 [omNode-2-server-thread1] INFO  server.RaftServer$Division (RaftServerImpl.java:checkInconsistentAppendEntries(1394)) - omNode-2@group-523986131536: inconsistency entries. Reply:omNode-3<-omNode-2#1:FAIL-t5,INCONSISTENCY,nextIndex=57,followerCommit=56
2022-10-18 06:30:53,928 [omNode-1-server-thread1] INFO  server.RaftServer$Division (ServerState.java:setRaftConf(393)) - omNode-1@group-523986131536: set configuration 59: [omNode-3|rpc:localhost:36149|admin:|client:|dataStream:|priority:0, omNode-1|rpc:localhost:46857|admin:|client:|dataStream:|priority:0, omNode-2|rpc:localhost:34021|admin:|client:|dataStream:|priority:0], old=null
2022-10-18 06:30:53,931 [omNode-1-server-thread1] INFO  segmented.SegmentedRaftLogWorker (SegmentedRaftLogWorker.java:rollLogSegment(430)) - omNode-1@group-523986131536-SegmentedRaftLogWorker: Rolling segment log-57_58 to index:58
2022-10-18 06:30:53,932 [grpc-default-executor-2] INFO  leader.FollowerInfo (FollowerInfoImpl.java:lambda$new$0(48)) - omNode-3@group-523986131536->omNode-2: nextIndex: updateUnconditionally 60 -> 57
2022-10-18 06:30:53,933 [omNode-3@group-523986131536->omNode-2-GrpcLogAppender-LogAppenderDaemon] ERROR leader.LogAppenderDaemon (LogAppenderDaemon.java:run(86)) - omNode-3@group-523986131536->omNode-2-GrpcLogAppender-LogAppenderDaemon failed
java.lang.NullPointerException: omNode-3@group-523986131536->omNode-2: Previous TermIndex not found for firstIndex = 57
	at java.util.Objects.requireNonNull(Objects.java:290)
	at org.apache.ratis.server.leader.LogAppenderBase.assertProtos(LogAppenderBase.java:176)
	at org.apache.ratis.server.leader.LogAppenderBase.newAppendEntriesRequest(LogAppenderBase.java:161)
	at org.apache.ratis.grpc.server.GrpcLogAppender.appendLog(GrpcLogAppender.java:206)
	at org.apache.ratis.grpc.server.GrpcLogAppender.run(GrpcLogAppender.java:148)
	at org.apache.ratis.server.leader.LogAppenderDaemon.run(LogAppenderDaemon.java:77)
	at java.lang.Thread.run(Thread.java:750)
2022-10-18 06:30:53,933 [grpc-default-executor-2] INFO  leader.FollowerInfo (FollowerInfoImpl.java:lambda$new$0(48)) - omNode-3@group-523986131536->omNode-2: nextIndex: updateUnconditionally 57 -> 57
2022-10-18 06:30:53,936 [omNode-3@group-523986131536->omNode-2-GrpcLogAppender-LogAppenderDaemon] INFO  server.RaftServer$Division (LeaderStateImpl.java:restart(532)) - omNode-3@group-523986131536-LeaderStateImpl: Restarting GrpcLogAppender for omNode-3@group-523986131536->omNode-2
2022-10-18 06:30:53,936 [omNode-3@group-523986131536->omNode-2-GrpcLogAppender-LogAppenderDaemon] INFO  server.RaftServerConfigKeys (ConfUtils.java:logGet(46)) - raft.server.log.appender.snapshot.chunk.size.max = 16MB (=16777216) (default)
2022-10-18 06:30:53,936 [omNode-3@group-523986131536->omNode-2-GrpcLogAppender-LogAppenderDaemon] INFO  server.RaftServerConfigKeys (ConfUtils.java:logGet(46)) - raft.server.log.appender.buffer.byte-limit = 33554432 (custom)
2022-10-18 06:30:53,936 [omNode-3@group-523986131536->omNode-2-GrpcLogAppender-LogAppenderDaemon] INFO  server.RaftServerConfigKeys (ConfUtils.java:logGet(46)) - raft.server.log.appender.buffer.element-limit = 1024 (custom)
2022-10-18 06:30:53,936 [omNode-3@group-523986131536->omNode-2-GrpcLogAppender-LogAppenderDaemon] INFO  grpc.GrpcConfigKeys (ConfUtils.java:logGet(46)) - raft.grpc.server.leader.outstanding.appends.max = 128 (default)
2022-10-18 06:30:53,936 [omNode-3@group-523986131536->omNode-2-GrpcLogAppender-LogAppenderDaemon] INFO  server.RaftServerConfigKeys (ConfUtils.java:logGet(46)) - raft.server.rpc.request.timeout = 3000ms (default)
2022-10-18 06:30:53,937 [omNode-3@group-523986131536->omNode-2-GrpcLogAppender-LogAppenderDaemon] INFO  server.RaftServerConfigKeys (ConfUtils.java:logGet(46)) - raft.server.log.appender.install.snapshot.enabled = false (custom)
2022-10-18 06:30:53,939 [omNode-1@group-523986131536-SegmentedRaftLogWorker] INFO  segmented.SegmentedRaftLogWorker (SegmentedRaftLogWorker.java:execute(586)) - omNode-1@group-523986131536-SegmentedRaftLogWorker: Rolled log segment from /home/runner/work/ozone/ozone/hadoop-ozone/integration-test/target/test-dir/MiniOzoneClusterImpl-489ebd61-a341-4d14-a135-ade311a26152/omNode-1/ratis/c9bc4cf4-3bc3-3c60-a66b-523986131536/current/log_inprogress_57 to /home/runner/work/ozone/ozone/hadoop-ozone/integration-test/target/test-dir/MiniOzoneClusterImpl-489ebd61-a341-4d14-a135-ade311a26152/omNode-1/ratis/c9bc4cf4-3bc3-3c60-a66b-523986131536/current/log_57-58
2022-10-18 06:30:53,943 [omNode-3@group-523986131536->omNode-2-GrpcLogAppender-LogAppenderDaemon] INFO  server.GrpcLogAppender (GrpcLogAppender.java:installSnapshot(541)) - omNode-3@group-523986131536->omNode-2-GrpcLogAppender: followerNextIndex = 0 but logStartIndex = 57, notify follower to install snapshot-(t:4, i:57)
2022-10-18 06:30:53,950 [omNode-1@group-523986131536-SegmentedRaftLogWorker] INFO  segmented.SegmentedRaftLogWorker (SegmentedRaftLogWorker.java:execute(629)) - omNode-1@group-523986131536-SegmentedRaftLogWorker: created new log segment /home/runner/work/ozone/ozone/hadoop-ozone/integration-test/target/test-dir/MiniOzoneClusterImpl-489ebd61-a341-4d14-a135-ade311a26152/omNode-1/ratis/c9bc4cf4-3bc3-3c60-a66b-523986131536/current/log_inprogress_59
2022-10-18 06:30:53,956 [omNode-3@group-523986131536->omNode-2-GrpcLogAppender-LogAppenderDaemon] INFO  server.GrpcLogAppender (GrpcLogAppender.java:installSnapshot(549)) - omNode-3@group-523986131536->omNode-2-GrpcLogAppender: send omNode-3->omNode-2#0-t5,notify:(t:4, i:57)
2022-10-18 06:30:53,966 [grpc-default-executor-2] INFO  impl.SnapshotInstallationHandler (SnapshotInstallationHandler.java:installSnapshot(84)) - omNode-2@group-523986131536: receive installSnapshot: omNode-3->omNode-2#0-t5,notify:(t:4, i:57)
2022-10-18 06:30:53,966 [grpc-default-executor-2] INFO  impl.SnapshotInstallationHandler (SnapshotInstallationHandler.java:notifyStateMachineToInstallSnapshot(215)) - omNode-2@group-523986131536: Received notification to install snapshot at index 57
2022-10-18 06:30:53,966 [grpc-default-executor-2] INFO  impl.SnapshotInstallationHandler (SnapshotInstallationHandler.java:notifyStateMachineToInstallSnapshot(224)) - omNode-2@group-523986131536: InstallSnapshot notification result: ALREADY_INSTALLED, current snapshot index: 56
2022-10-18 06:30:53,972 [grpc-default-executor-2] INFO  impl.SnapshotInstallationHandler (SnapshotInstallationHandler.java:installSnapshotImpl(129)) - omNode-2@group-523986131536: set new configuration index: 59
configurationEntry {
  peers {
    id: "omNode-3"
    address: "localhost:36149"
  }
  peers {
    id: "omNode-1"
    address: "localhost:46857"
  }
  peers {
    id: "omNode-2"
    address: "localhost:34021"
  }
}
 from snapshot
2022-10-18 06:30:53,973 [grpc-default-executor-2] INFO  server.RaftServer$Division (ServerState.java:setRaftConf(393)) - omNode-2@group-523986131536: set configuration 59: [omNode-3|rpc:localhost:36149|admin:|client:|dataStream:|priority:0, omNode-1|rpc:localhost:46857|admin:|client:|dataStream:|priority:0, omNode-2|rpc:localhost:34021|admin:|client:|dataStream:|priority:0], old=null
2022-10-18 06:30:53,978 [omNode-3@group-523986131536-StateMachineUpdater] INFO  ratis.OzoneManagerStateMachine (OzoneManagerStateMachine.java:notifyConfigurationChanged(192)) - Received Configuration change notification from Ratis. New Peer list:
[id: "omNode-3"
address: "localhost:36149"
, id: "omNode-1"
address: "localhost:46857"
, id: "omNode-2"
address: "localhost:34021"
]
2022-10-18 06:30:53,980 [grpc-default-executor-2] INFO  ratis.OzoneManagerStateMachine (OzoneManagerStateMachine.java:notifyConfigurationChanged(192)) - Received Configuration change notification from Ratis. New Peer list:
[id: "omNode-3"
address: "localhost:36149"
, id: "omNode-1"
address: "localhost:46857"
, id: "omNode-2"
address: "localhost:34021"
]
2022-10-18 06:30:53,982 [grpc-default-executor-2] INFO  impl.SnapshotInstallationHandler (SnapshotInstallationHandler.java:installSnapshot(95)) - omNode-2@group-523986131536: reply installSnapshot: omNode-3<-omNode-2#0:FAIL-t5,ALREADY_INSTALLED,snapshotIndex=56
2022-10-18 06:30:53,983 [grpc-default-executor-2] INFO  server.GrpcServerProtocolService (GrpcServerProtocolService.java:onCompleted(140)) - omNode-2: Completed INSTALL_SNAPSHOT, lastRequest: omNode-3->omNode-2#0-t5,notify:(t:4, i:57)
2022-10-18 06:30:53,983 [grpc-default-executor-0] INFO  server.GrpcLogAppender (GrpcLogAppender.java:onNext(403)) - omNode-3@group-523986131536->omNode-2-InstallSnapshotResponseHandler: received the first reply omNode-3<-omNode-2#0:FAIL-t5,ALREADY_INSTALLED,snapshotIndex=56
2022-10-18 06:30:53,983 [grpc-default-executor-0] INFO  server.GrpcLogAppender (GrpcLogAppender.java:onNext(426)) - omNode-3@group-523986131536->omNode-2-InstallSnapshotResponseHandler: Follower snapshot is already at index 56.
2022-10-18 06:30:53,983 [grpc-default-executor-0] INFO  leader.FollowerInfo (FollowerInfoImpl.java:lambda$new$0(48)) - omNode-3@group-523986131536->omNode-2: snapshotIndex: setUnconditionally 0 -> 56
2022-10-18 06:30:53,983 [grpc-default-executor-0] INFO  leader.FollowerInfo (FollowerInfoImpl.java:lambda$new$0(48)) - omNode-3@group-523986131536->omNode-2: matchIndex: setUnconditionally 0 -> 56
2022-10-18 06:30:53,983 [grpc-default-executor-0] INFO  leader.FollowerInfo (FollowerInfoImpl.java:lambda$new$0(48)) - omNode-3@group-523986131536->omNode-2: nextIndex: setUnconditionally 0 -> 57
2022-10-18 06:30:53,983 [grpc-default-executor-0] INFO  leader.FollowerInfo (FollowerInfoImpl.java:setAttemptedToInstallSnapshot(118)) - Follower omNode-3@group-523986131536->omNode-2 acknowledged installing snapshot
2022-10-18 06:30:53,983 [grpc-default-executor-0] INFO  leader.FollowerInfo (FollowerInfoImpl.java:lambda$new$0(48)) - omNode-3@group-523986131536->omNode-2: nextIndex: updateToMax old=57, new=57, updated? false
2022-10-18 06:30:53,988 [omNode-1@group-523986131536-StateMachineUpdater] INFO  ratis.OzoneManagerStateMachine (OzoneManagerStateMachine.java:notifyConfigurationChanged(192)) - Received Configuration change notification from Ratis. New Peer list:
[id: "omNode-3"
address: "localhost:36149"
, id: "omNode-1"
address: "localhost:46857"
, id: "omNode-2"
address: "localhost:34021"
]
2022-10-18 06:30:54,282 [org.apache.ratis.util.JvmPauseMonitor$$Lambda$703/523629281@3c89f087] WARN  util.JvmPauseMonitor (JvmPauseMonitor.java:detectPause(124)) - JvmPauseMonitor-8d40dd4f-9fd4-4768-a502-00d88259605f: Detected pause in JVM or host machine (eg GC): pause of approximately 186569256ns.
GC pool 'PS MarkSweep' had collection(s): count=1 time=127ms
GC pool 'PS Scavenge' had collection(s): count=1 time=61ms
2022-10-18 06:30:54,325 [Listener at localhost/33523] INFO  reflections.Reflections (Reflections.java:scan(232)) - Reflections took 649 ms to scan 19 urls, producing 67 keys and 4238 values [using 2 cores]
2022-10-18 06:30:54,326 [Listener at localhost/33523] INFO  ipc.CallQueueManager (CallQueueManager.java:<init>(90)) - Using callQueue: class java.util.concurrent.LinkedBlockingQueue, queueCapacity: 2000, scheduler: class org.apache.hadoop.ipc.DefaultRpcScheduler, ipcBackoff: false.
2022-10-18 06:30:54,327 [Socket Reader #1 for port 39045] INFO  ipc.Server (Server.java:run(1273)) - Starting Socket Reader #1 for port 39045
2022-10-18 06:30:54,330 [Listener at localhost/39045] INFO  http.BaseHttpServer (BaseHttpServer.java:newHttpServer2BuilderForOzone(213)) - Starting Web-server for ozoneManager at: http://0.0.0.0:35391
2022-10-18 06:30:54,330 [Listener at localhost/39045] INFO  http.BaseHttpServer (BaseHttpServer.java:<init>(108)) - Hadoop Security Enabled: false Ozone Security Enabled: false Ozone HTTP Security Enabled: false 
2022-10-18 06:30:54,331 [Listener at localhost/39045] WARN  server.AuthenticationFilter (AuthenticationFilter.java:constructSecretProvider(240)) - Unable to initialize FileSignerSecretProvider, falling back to use random secrets. Reason: Could not read signature secret file: /home/runner/hadoop-http-auth-signature-secret
2022-10-18 06:30:54,332 [Listener at localhost/39045] WARN  http.HttpRequestLog (HttpRequestLog.java:getRequestLog(103)) - Jetty request log can only be enabled using Log4j
2022-10-18 06:30:54,333 [Listener at localhost/39045] INFO  http.HttpServer2 (HttpServer2.java:addGlobalFilter(1031)) - Added global filter 'safety' (class=org.apache.hadoop.hdds.server.http.HttpServer2$QuotingInputFilter)
2022-10-18 06:30:54,334 [Listener at localhost/39045] INFO  http.HttpServer2 (HttpServer2.java:addFilter(1007)) - Added filter static_user_filter (class=org.apache.hadoop.http.lib.StaticUserWebFilter$StaticUserFilter) to context ozoneManager
2022-10-18 06:30:54,334 [Listener at localhost/39045] INFO  http.HttpServer2 (HttpServer2.java:addFilter(1015)) - Added filter static_user_filter (class=org.apache.hadoop.http.lib.StaticUserWebFilter$StaticUserFilter) to context logs
2022-10-18 06:30:54,334 [Listener at localhost/39045] INFO  http.HttpServer2 (HttpServer2.java:addFilter(1015)) - Added filter static_user_filter (class=org.apache.hadoop.http.lib.StaticUserWebFilter$StaticUserFilter) to context static
2022-10-18 06:30:54,335 [Listener at localhost/39045] INFO  http.HttpServer2 (HttpServer2.java:bindListener(1250)) - Jetty bound to port 35391
2022-10-18 06:30:54,335 [Listener at localhost/39045] INFO  server.Server (Server.java:doStart(375)) - jetty-9.4.43.v20210629; built: 2021-06-30T11:07:22.254Z; git: 526006ecfa3af7f1a27ef3a288e2bef7ea9dd7e8; jvm 1.8.0_345-b01
2022-10-18 06:30:54,336 [Listener at localhost/39045] INFO  server.session (DefaultSessionIdManager.java:doStart(334)) - DefaultSessionIdManager workerName=node0
2022-10-18 06:30:54,336 [Listener at localhost/39045] INFO  server.session (DefaultSessionIdManager.java:doStart(339)) - No SessionScavenger set, using defaults
2022-10-18 06:30:54,336 [Listener at localhost/39045] INFO  server.session (HouseKeeper.java:startScavenging(132)) - node0 Scavenging every 660000ms
2022-10-18 06:30:54,337 [Listener at localhost/39045] INFO  handler.ContextHandler (ContextHandler.java:doStart(915)) - Started o.e.j.s.ServletContextHandler@7bfab2d2{logs,/logs,file:///home/runner/work/ozone/ozone/hadoop-ozone/integration-test/target/log,AVAILABLE}
2022-10-18 06:30:54,337 [Listener at localhost/39045] INFO  handler.ContextHandler (ContextHandler.java:doStart(915)) - Started o.e.j.s.ServletContextHandler@13ba8120{static,/static,file:///home/runner/work/ozone/ozone/hadoop-ozone/integration-test/target/test-classes/webapps/static,AVAILABLE}
2022-10-18 06:30:54,340 [Listener at localhost/39045] INFO  handler.ContextHandler (ContextHandler.java:doStart(915)) - Started o.e.j.w.WebAppContext@7a49293f{ozoneManager,/,file:///home/runner/work/ozone/ozone/hadoop-ozone/integration-test/target/test-classes/webapps/ozoneManager/,AVAILABLE}{file:/home/runner/work/ozone/ozone/hadoop-ozone/integration-test/target/test-classes/webapps/ozoneManager}
2022-10-18 06:30:54,343 [Listener at localhost/39045] INFO  server.AbstractConnector (AbstractConnector.java:doStart(331)) - Started ServerConnector@5b436d8e{HTTP/1.1, (http/1.1)}{0.0.0.0:35391}
2022-10-18 06:30:54,345 [Listener at localhost/39045] INFO  server.Server (Server.java:doStart(415)) - Started @46528ms
2022-10-18 06:30:54,345 [Listener at localhost/39045] WARN  impl.MetricsSystemImpl (MetricsSystemImpl.java:register(279)) - Sink prometheus already exists!
2022-10-18 06:30:54,345 [Listener at localhost/39045] INFO  http.BaseHttpServer (BaseHttpServer.java:updateConnectorAddress(333)) - HTTP server of ozoneManager listening at http://0.0.0.0:35391
2022-10-18 06:30:54,346 [IPC Server Responder] INFO  ipc.Server (Server.java:run(1512)) - IPC Server Responder: starting
2022-10-18 06:30:54,346 [IPC Server listener on 39045] INFO  ipc.Server (Server.java:run(1352)) - IPC Server listener on 39045: starting
2022-10-18 06:30:54,348 [Listener at localhost/39045] INFO  om.OzoneManager (OzoneManager.java:startTrashEmptier(1919)) - Trash Interval set to 0. Files deleted won't move to trash
]]></system-out>
  </testcase>
  <testcase name="testFileOperationsAndDelete" classname="org.apache.hadoop.ozone.om.TestOzoneManagerHAWithData" time="7.852">
    <system-out><![CDATA[2022-10-18 06:30:54,358 [org.apache.hadoop.util.JvmPauseMonitor$Monitor@4008aa8e] INFO  util.JvmPauseMonitor (JvmPauseMonitor.java:run(188)) - Starting JVM pause monitor
2022-10-18 06:30:54,361 [Listener at localhost/39045] INFO  rpc.RpcClient (RpcClient.java:createVolume(471)) - Creating Volume: volume30154, with user74606 as owner and space quota set to -1 bytes, counts quota set to -1
2022-10-18 06:30:54,363 [Listener at localhost/39045] INFO  retry.RetryInvocationHandler (RetryInvocationHandler.java:log(411)) - com.google.protobuf.ServiceException: java.io.EOFException: End of File Exception between local host is: "fv-az241-838/10.1.1.164"; destination host is: "localhost":45465; : java.io.EOFException; For more details see:  http://wiki.apache.org/hadoop/EOFException, while invoking $Proxy55.submitRequest over nodeId=omNode-3,nodeAddress=127.0.0.1:45465. Trying to failover after sleeping for 2000ms.
2022-10-18 06:30:54,500 [omNode-2-server-thread1] INFO  server.RaftServer$Division (RaftServerImpl.java:checkInconsistentAppendEntries(1424)) - omNode-2@group-523986131536: Failed appendEntries as previous log entry ((t:5, i:60)) is not found
2022-10-18 06:30:54,500 [omNode-2-server-thread1] INFO  server.RaftServer$Division (RaftServerImpl.java:checkInconsistentAppendEntries(1394)) - omNode-2@group-523986131536: inconsistency entries. Reply:omNode-3<-omNode-2#32:FAIL-t5,INCONSISTENCY,nextIndex=57,followerCommit=56
2022-10-18 06:30:54,501 [grpc-default-executor-0] INFO  leader.FollowerInfo (FollowerInfoImpl.java:lambda$new$0(48)) - omNode-3@group-523986131536->omNode-2: nextIndex: updateUnconditionally 61 -> 57
2022-10-18 06:30:55,003 [omNode-2-server-thread1] INFO  server.RaftServer$Division (RaftServerImpl.java:checkInconsistentAppendEntries(1424)) - omNode-2@group-523986131536: Failed appendEntries as previous log entry ((t:5, i:60)) is not found
2022-10-18 06:30:55,003 [omNode-2-server-thread1] INFO  server.RaftServer$Division (RaftServerImpl.java:checkInconsistentAppendEntries(1394)) - omNode-2@group-523986131536: inconsistency entries. Reply:omNode-3<-omNode-2#84:FAIL-t5,INCONSISTENCY,nextIndex=57,followerCommit=56
2022-10-18 06:30:55,003 [grpc-default-executor-0] INFO  leader.FollowerInfo (FollowerInfoImpl.java:lambda$new$0(48)) - omNode-3@group-523986131536->omNode-2: nextIndex: updateUnconditionally 61 -> 57
2022-10-18 06:30:55,504 [omNode-2-server-thread1] INFO  server.RaftServer$Division (RaftServerImpl.java:checkInconsistentAppendEntries(1424)) - omNode-2@group-523986131536: Failed appendEntries as previous log entry ((t:5, i:60)) is not found
2022-10-18 06:30:55,505 [omNode-2-server-thread1] INFO  server.RaftServer$Division (RaftServerImpl.java:checkInconsistentAppendEntries(1394)) - omNode-2@group-523986131536: inconsistency entries. Reply:omNode-3<-omNode-2#135:FAIL-t5,INCONSISTENCY,nextIndex=57,followerCommit=56
2022-10-18 06:30:55,505 [grpc-default-executor-0] INFO  leader.FollowerInfo (FollowerInfoImpl.java:lambda$new$0(48)) - omNode-3@group-523986131536->omNode-2: nextIndex: updateUnconditionally 61 -> 57
2022-10-18 06:30:56,006 [omNode-2-server-thread1] INFO  server.RaftServer$Division (RaftServerImpl.java:checkInconsistentAppendEntries(1424)) - omNode-2@group-523986131536: Failed appendEntries as previous log entry ((t:5, i:60)) is not found
2022-10-18 06:30:56,006 [omNode-2-server-thread1] INFO  server.RaftServer$Division (RaftServerImpl.java:checkInconsistentAppendEntries(1394)) - omNode-2@group-523986131536: inconsistency entries. Reply:omNode-3<-omNode-2#186:FAIL-t5,INCONSISTENCY,nextIndex=57,followerCommit=56
2022-10-18 06:30:56,007 [grpc-default-executor-0] INFO  leader.FollowerInfo (FollowerInfoImpl.java:lambda$new$0(48)) - omNode-3@group-523986131536->omNode-2: nextIndex: updateUnconditionally 61 -> 57
2022-10-18 06:30:56,372 [Listener at localhost/39045] INFO  retry.RetryInvocationHandler (RetryInvocationHandler.java:log(411)) - com.google.protobuf.ServiceException: org.apache.hadoop.ipc.RemoteException(org.apache.hadoop.ozone.om.exceptions.OMNotLeaderException): OM:omNode-1 is not the leader. Could not determine the leader node.
	at org.apache.hadoop.ozone.om.OzoneManager.checkLeaderStatus(OzoneManager.java:4115)
	at org.apache.hadoop.ozone.om.ratis.utils.OzoneManagerRatisUtils.checkLeaderStatus(OzoneManagerRatisUtils.java:446)
	at org.apache.hadoop.ozone.protocolPB.OzoneManagerProtocolServerSideTranslatorPB.processRequest(OzoneManagerProtocolServerSideTranslatorPB.java:181)
	at org.apache.hadoop.hdds.server.OzoneProtocolMessageDispatcher.processRequest(OzoneProtocolMessageDispatcher.java:87)
	at org.apache.hadoop.ozone.protocolPB.OzoneManagerProtocolServerSideTranslatorPB.submitRequest(OzoneManagerProtocolServerSideTranslatorPB.java:147)
	at org.apache.hadoop.ozone.protocol.proto.OzoneManagerProtocolProtos$OzoneManagerService$2.callBlockingMethod(OzoneManagerProtocolProtos.java)
	at org.apache.hadoop.ipc.ProtobufRpcEngine$Server.processCall(ProtobufRpcEngine.java:465)
	at org.apache.hadoop.ipc.ProtobufRpcEngine2$Server$ProtoBufRpcInvoker.call(ProtobufRpcEngine2.java:578)
	at org.apache.hadoop.ipc.ProtobufRpcEngine2$Server$ProtoBufRpcInvoker.call(ProtobufRpcEngine2.java:556)
	at org.apache.hadoop.ipc.RPC$Server.call(RPC.java:1093)
	at org.apache.hadoop.ipc.Server$RpcCall.run(Server.java:1043)
	at org.apache.hadoop.ipc.Server$RpcCall.run(Server.java:971)
	at java.security.AccessController.doPrivileged(Native Method)
	at javax.security.auth.Subject.doAs(Subject.java:422)
	at org.apache.hadoop.security.UserGroupInformation.doAs(UserGroupInformation.java:1878)
	at org.apache.hadoop.ipc.Server$Handler.run(Server.java:2976)
, while invoking $Proxy55.submitRequest over nodeId=omNode-1,nodeAddress=127.0.0.1:33523 after 1 failover attempts. Trying to failover immediately.
2022-10-18 06:30:56,382 [Listener at localhost/39045] INFO  retry.RetryInvocationHandler (RetryInvocationHandler.java:log(411)) - com.google.protobuf.ServiceException: org.apache.hadoop.ipc.RemoteException(org.apache.hadoop.ozone.om.exceptions.OMNotLeaderException): OM:omNode-2 is not the leader. Could not determine the leader node.
	at org.apache.hadoop.ozone.om.OzoneManager.checkLeaderStatus(OzoneManager.java:4115)
	at org.apache.hadoop.ozone.om.ratis.utils.OzoneManagerRatisUtils.checkLeaderStatus(OzoneManagerRatisUtils.java:446)
	at org.apache.hadoop.ozone.protocolPB.OzoneManagerProtocolServerSideTranslatorPB.processRequest(OzoneManagerProtocolServerSideTranslatorPB.java:181)
	at org.apache.hadoop.hdds.server.OzoneProtocolMessageDispatcher.processRequest(OzoneProtocolMessageDispatcher.java:87)
	at org.apache.hadoop.ozone.protocolPB.OzoneManagerProtocolServerSideTranslatorPB.submitRequest(OzoneManagerProtocolServerSideTranslatorPB.java:147)
	at org.apache.hadoop.ozone.protocol.proto.OzoneManagerProtocolProtos$OzoneManagerService$2.callBlockingMethod(OzoneManagerProtocolProtos.java)
	at org.apache.hadoop.ipc.ProtobufRpcEngine$Server.processCall(ProtobufRpcEngine.java:465)
	at org.apache.hadoop.ipc.ProtobufRpcEngine2$Server$ProtoBufRpcInvoker.call(ProtobufRpcEngine2.java:578)
	at org.apache.hadoop.ipc.ProtobufRpcEngine2$Server$ProtoBufRpcInvoker.call(ProtobufRpcEngine2.java:556)
	at org.apache.hadoop.ipc.RPC$Server.call(RPC.java:1093)
	at org.apache.hadoop.ipc.Server$RpcCall.run(Server.java:1043)
	at org.apache.hadoop.ipc.Server$RpcCall.run(Server.java:971)
	at java.security.AccessController.doPrivileged(Native Method)
	at javax.security.auth.Subject.doAs(Subject.java:422)
	at org.apache.hadoop.security.UserGroupInformation.doAs(UserGroupInformation.java:1878)
	at org.apache.hadoop.ipc.Server$Handler.run(Server.java:2976)
, while invoking $Proxy55.submitRequest over nodeId=omNode-2,nodeAddress=127.0.0.1:39045 after 2 failover attempts. Trying to failover immediately.
2022-10-18 06:30:56,392 [omNode-2-server-thread1] INFO  server.RaftServer$Division (RaftServerImpl.java:checkInconsistentAppendEntries(1424)) - omNode-2@group-523986131536: Failed appendEntries as previous log entry ((t:5, i:60)) is not found
2022-10-18 06:30:56,392 [omNode-2-server-thread1] INFO  server.RaftServer$Division (RaftServerImpl.java:checkInconsistentAppendEntries(1394)) - omNode-2@group-523986131536: inconsistency entries. Reply:omNode-3<-omNode-2#225:FAIL-t5,INCONSISTENCY,nextIndex=57,followerCommit=56
2022-10-18 06:30:56,394 [omNode-2-server-thread1] INFO  server.RaftServer$Division (RaftServerImpl.java:checkInconsistentAppendEntries(1424)) - omNode-2@group-523986131536: Failed appendEntries as previous log entry ((t:5, i:61)) is not found
2022-10-18 06:30:56,394 [omNode-2-server-thread1] INFO  server.RaftServer$Division (RaftServerImpl.java:checkInconsistentAppendEntries(1394)) - omNode-2@group-523986131536: inconsistency entries. Reply:omNode-3<-omNode-2#226:FAIL-t5,INCONSISTENCY,nextIndex=57,followerCommit=56
2022-10-18 06:30:56,404 [OM StateMachine ApplyTransaction Thread - 0] INFO  volume.OMVolumeCreateRequest (OMVolumeCreateRequest.java:validateAndUpdateCache(195)) - created volume:volume30154 for user:user74606
2022-10-18 06:30:56,406 [OM StateMachine ApplyTransaction Thread - 0] INFO  volume.OMVolumeCreateRequest (OMVolumeCreateRequest.java:validateAndUpdateCache(195)) - created volume:volume30154 for user:user74606
2022-10-18 06:30:56,410 [Listener at localhost/39045] INFO  rpc.RpcClient (RpcClient.java:createBucket(674)) - Creating Bucket: volume30154/d232e776-d68a-44a7-a306-fff5f62e9efe, with server-side default bucket layout, runner as owner, Versioning false, Storage Type set to DISK and Encryption set to false 
2022-10-18 06:30:56,413 [omNode-2-server-thread1] INFO  server.RaftServer$Division (RaftServerImpl.java:checkInconsistentAppendEntries(1424)) - omNode-2@group-523986131536: Failed appendEntries as previous log entry ((t:5, i:62)) is not found
2022-10-18 06:30:56,413 [omNode-2-server-thread1] INFO  server.RaftServer$Division (RaftServerImpl.java:checkInconsistentAppendEntries(1394)) - omNode-2@group-523986131536: inconsistency entries. Reply:omNode-3<-omNode-2#229:FAIL-t5,INCONSISTENCY,nextIndex=57,followerCommit=56
2022-10-18 06:30:56,415 [OM StateMachine ApplyTransaction Thread - 0] INFO  bucket.OMBucketCreateRequest (OMBucketCreateRequest.java:validateAndUpdateCache(260)) - created bucket: d232e776-d68a-44a7-a306-fff5f62e9efe of layout LEGACY in volume: volume30154
2022-10-18 06:30:56,419 [omNode-2-server-thread1] INFO  server.RaftServer$Division (RaftServerImpl.java:checkInconsistentAppendEntries(1424)) - omNode-2@group-523986131536: Failed appendEntries as previous log entry ((t:5, i:63)) is not found
2022-10-18 06:30:56,419 [omNode-2-server-thread1] INFO  server.RaftServer$Division (RaftServerImpl.java:checkInconsistentAppendEntries(1394)) - omNode-2@group-523986131536: inconsistency entries. Reply:omNode-3<-omNode-2#231:FAIL-t5,INCONSISTENCY,nextIndex=57,followerCommit=56
2022-10-18 06:30:56,435 [OM StateMachine ApplyTransaction Thread - 0] INFO  bucket.OMBucketCreateRequest (OMBucketCreateRequest.java:validateAndUpdateCache(260)) - created bucket: d232e776-d68a-44a7-a306-fff5f62e9efe of layout LEGACY in volume: volume30154
2022-10-18 06:30:56,444 [omNode-2-server-thread1] INFO  server.RaftServer$Division (RaftServerImpl.java:checkInconsistentAppendEntries(1424)) - omNode-2@group-523986131536: Failed appendEntries as previous log entry ((t:5, i:64)) is not found
2022-10-18 06:30:56,444 [omNode-2-server-thread1] INFO  server.RaftServer$Division (RaftServerImpl.java:checkInconsistentAppendEntries(1394)) - omNode-2@group-523986131536: inconsistency entries. Reply:omNode-3<-omNode-2#235:FAIL-t5,INCONSISTENCY,nextIndex=57,followerCommit=56
2022-10-18 06:30:56,449 [omNode-2-server-thread1] INFO  server.RaftServer$Division (RaftServerImpl.java:checkInconsistentAppendEntries(1424)) - omNode-2@group-523986131536: Failed appendEntries as previous log entry ((t:5, i:65)) is not found
2022-10-18 06:30:56,449 [omNode-2-server-thread1] INFO  server.RaftServer$Division (RaftServerImpl.java:checkInconsistentAppendEntries(1394)) - omNode-2@group-523986131536: inconsistency entries. Reply:omNode-3<-omNode-2#236:FAIL-t5,INCONSISTENCY,nextIndex=57,followerCommit=56
2022-10-18 06:30:56,509 [omNode-2-server-thread1] INFO  server.RaftServer$Division (RaftServerImpl.java:checkInconsistentAppendEntries(1424)) - omNode-2@group-523986131536: Failed appendEntries as previous log entry ((t:5, i:66)) is not found
2022-10-18 06:30:56,509 [omNode-2-server-thread1] INFO  server.RaftServer$Division (RaftServerImpl.java:checkInconsistentAppendEntries(1394)) - omNode-2@group-523986131536: inconsistency entries. Reply:omNode-3<-omNode-2#244:FAIL-t5,INCONSISTENCY,nextIndex=57,followerCommit=56
2022-10-18 06:30:56,510 [grpc-default-executor-2] INFO  leader.FollowerInfo (FollowerInfoImpl.java:lambda$new$0(48)) - omNode-3@group-523986131536->omNode-2: nextIndex: updateUnconditionally 67 -> 57
2022-10-18 06:30:56,516 [omNode-2-server-thread1] INFO  server.RaftServer$Division (RaftServerImpl.java:checkInconsistentAppendEntries(1424)) - omNode-2@group-523986131536: Failed appendEntries as previous log entry ((t:5, i:66)) is not found
2022-10-18 06:30:56,516 [omNode-2-server-thread1] INFO  server.RaftServer$Division (RaftServerImpl.java:checkInconsistentAppendEntries(1394)) - omNode-2@group-523986131536: inconsistency entries. Reply:omNode-3<-omNode-2#246:FAIL-t5,INCONSISTENCY,nextIndex=57,followerCommit=56
2022-10-18 06:30:56,526 [omNode-2-server-thread1] INFO  server.RaftServer$Division (RaftServerImpl.java:checkInconsistentAppendEntries(1424)) - omNode-2@group-523986131536: Failed appendEntries as previous log entry ((t:5, i:67)) is not found
2022-10-18 06:30:56,527 [omNode-2-server-thread1] INFO  server.RaftServer$Division (RaftServerImpl.java:checkInconsistentAppendEntries(1394)) - omNode-2@group-523986131536: inconsistency entries. Reply:omNode-3<-omNode-2#248:FAIL-t5,INCONSISTENCY,nextIndex=57,followerCommit=56
2022-10-18 06:30:56,566 [omNode-2-server-thread1] INFO  server.RaftServer$Division (RaftServerImpl.java:checkInconsistentAppendEntries(1424)) - omNode-2@group-523986131536: Failed appendEntries as previous log entry ((t:5, i:68)) is not found
2022-10-18 06:30:56,567 [omNode-2-server-thread1] INFO  server.RaftServer$Division (RaftServerImpl.java:checkInconsistentAppendEntries(1394)) - omNode-2@group-523986131536: inconsistency entries. Reply:omNode-3<-omNode-2#254:FAIL-t5,INCONSISTENCY,nextIndex=57,followerCommit=56
2022-10-18 06:30:56,573 [omNode-2-server-thread1] INFO  server.RaftServer$Division (RaftServerImpl.java:checkInconsistentAppendEntries(1424)) - omNode-2@group-523986131536: Failed appendEntries as previous log entry ((t:5, i:69)) is not found
2022-10-18 06:30:56,573 [omNode-2-server-thread1] INFO  server.RaftServer$Division (RaftServerImpl.java:checkInconsistentAppendEntries(1394)) - omNode-2@group-523986131536: inconsistency entries. Reply:omNode-3<-omNode-2#256:FAIL-t5,INCONSISTENCY,nextIndex=57,followerCommit=56
2022-10-18 06:30:56,623 [omNode-2-server-thread1] INFO  server.RaftServer$Division (RaftServerImpl.java:checkInconsistentAppendEntries(1424)) - omNode-2@group-523986131536: Failed appendEntries as previous log entry ((t:5, i:70)) is not found
2022-10-18 06:30:56,623 [omNode-2-server-thread1] INFO  server.RaftServer$Division (RaftServerImpl.java:checkInconsistentAppendEntries(1394)) - omNode-2@group-523986131536: inconsistency entries. Reply:omNode-3<-omNode-2#262:FAIL-t5,INCONSISTENCY,nextIndex=57,followerCommit=56
2022-10-18 06:30:56,627 [omNode-2-server-thread1] INFO  server.RaftServer$Division (RaftServerImpl.java:checkInconsistentAppendEntries(1424)) - omNode-2@group-523986131536: Failed appendEntries as previous log entry ((t:5, i:71)) is not found
2022-10-18 06:30:56,627 [omNode-2-server-thread1] INFO  server.RaftServer$Division (RaftServerImpl.java:checkInconsistentAppendEntries(1394)) - omNode-2@group-523986131536: inconsistency entries. Reply:omNode-3<-omNode-2#264:FAIL-t5,INCONSISTENCY,nextIndex=57,followerCommit=56
2022-10-18 06:30:56,664 [omNode-2-server-thread1] INFO  server.RaftServer$Division (RaftServerImpl.java:checkInconsistentAppendEntries(1424)) - omNode-2@group-523986131536: Failed appendEntries as previous log entry ((t:5, i:72)) is not found
2022-10-18 06:30:56,665 [omNode-2-server-thread1] INFO  server.RaftServer$Division (RaftServerImpl.java:checkInconsistentAppendEntries(1394)) - omNode-2@group-523986131536: inconsistency entries. Reply:omNode-3<-omNode-2#270:FAIL-t5,INCONSISTENCY,nextIndex=57,followerCommit=56
2022-10-18 06:30:56,669 [omNode-2-server-thread1] INFO  server.RaftServer$Division (RaftServerImpl.java:checkInconsistentAppendEntries(1424)) - omNode-2@group-523986131536: Failed appendEntries as previous log entry ((t:5, i:73)) is not found
2022-10-18 06:30:56,669 [omNode-2-server-thread1] INFO  server.RaftServer$Division (RaftServerImpl.java:checkInconsistentAppendEntries(1394)) - omNode-2@group-523986131536: inconsistency entries. Reply:omNode-3<-omNode-2#272:FAIL-t5,INCONSISTENCY,nextIndex=57,followerCommit=56
2022-10-18 06:30:56,713 [omNode-2-server-thread1] INFO  server.RaftServer$Division (RaftServerImpl.java:checkInconsistentAppendEntries(1424)) - omNode-2@group-523986131536: Failed appendEntries as previous log entry ((t:5, i:74)) is not found
2022-10-18 06:30:56,714 [omNode-2-server-thread1] INFO  server.RaftServer$Division (RaftServerImpl.java:checkInconsistentAppendEntries(1394)) - omNode-2@group-523986131536: inconsistency entries. Reply:omNode-3<-omNode-2#278:FAIL-t5,INCONSISTENCY,nextIndex=57,followerCommit=56
2022-10-18 06:30:56,723 [omNode-2-server-thread1] INFO  server.RaftServer$Division (RaftServerImpl.java:checkInconsistentAppendEntries(1424)) - omNode-2@group-523986131536: Failed appendEntries as previous log entry ((t:5, i:75)) is not found
2022-10-18 06:30:56,723 [omNode-2-server-thread1] INFO  server.RaftServer$Division (RaftServerImpl.java:checkInconsistentAppendEntries(1394)) - omNode-2@group-523986131536: inconsistency entries. Reply:omNode-3<-omNode-2#280:FAIL-t5,INCONSISTENCY,nextIndex=57,followerCommit=56
2022-10-18 06:30:56,747 [omNode-2-server-thread1] INFO  server.RaftServer$Division (RaftServerImpl.java:checkInconsistentAppendEntries(1424)) - omNode-2@group-523986131536: Failed appendEntries as previous log entry ((t:5, i:76)) is not found
2022-10-18 06:30:56,747 [omNode-2-server-thread1] INFO  server.RaftServer$Division (RaftServerImpl.java:checkInconsistentAppendEntries(1394)) - omNode-2@group-523986131536: inconsistency entries. Reply:omNode-3<-omNode-2#284:FAIL-t5,INCONSISTENCY,nextIndex=57,followerCommit=56
2022-10-18 06:30:56,757 [omNode-2-server-thread1] INFO  server.RaftServer$Division (RaftServerImpl.java:checkInconsistentAppendEntries(1424)) - omNode-2@group-523986131536: Failed appendEntries as previous log entry ((t:5, i:77)) is not found
2022-10-18 06:30:56,758 [omNode-2-server-thread1] INFO  server.RaftServer$Division (RaftServerImpl.java:checkInconsistentAppendEntries(1394)) - omNode-2@group-523986131536: inconsistency entries. Reply:omNode-3<-omNode-2#286:FAIL-t5,INCONSISTENCY,nextIndex=57,followerCommit=56
06:30:56.764 [OM StateMachine ApplyTransaction Thread - 0] ERROR OMAudit - user=runner | ip=127.0.0.1 | op=CREATE_FILE {volume=volume30154, bucket=d232e776-d68a-44a7-a306-fff5f62e9efe, key=dir1/dir2/dir3/file1, dataSize=23, replicationType=RATIS, replicationFactor=ONE} | ret=FAILURE
org.apache.hadoop.ozone.om.exceptions.OMException: File dir1/dir2/dir3/file1 already exists
	at org.apache.hadoop.ozone.om.request.file.OMFileCreateRequest.checkDirectoryResult(OMFileCreateRequest.java:360) ~[ozone-manager-1.3.0-SNAPSHOT.jar:?]
	at org.apache.hadoop.ozone.om.request.file.OMFileCreateRequest.validateAndUpdateCache(OMFileCreateRequest.java:240) ~[ozone-manager-1.3.0-SNAPSHOT.jar:?]
	at org.apache.hadoop.ozone.protocolPB.OzoneManagerRequestHandler.handleWriteRequest(OzoneManagerRequestHandler.java:311) ~[ozone-manager-1.3.0-SNAPSHOT.jar:?]
	at org.apache.hadoop.ozone.om.ratis.OzoneManagerStateMachine.runCommand(OzoneManagerStateMachine.java:529) ~[ozone-manager-1.3.0-SNAPSHOT.jar:?]
	at org.apache.hadoop.ozone.om.ratis.OzoneManagerStateMachine.lambda$1(OzoneManagerStateMachine.java:324) ~[ozone-manager-1.3.0-SNAPSHOT.jar:?]
	at java.util.concurrent.CompletableFuture$AsyncSupply.run(CompletableFuture.java:1604) [?:1.8.0_345]
	at java.util.concurrent.ThreadPoolExecutor.runWorker(ThreadPoolExecutor.java:1149) [?:1.8.0_345]
	at java.util.concurrent.ThreadPoolExecutor$Worker.run(ThreadPoolExecutor.java:624) [?:1.8.0_345]
	at java.lang.Thread.run(Thread.java:750) [?:1.8.0_345]
06:30:56.759 [OM StateMachine ApplyTransaction Thread - 0] ERROR OMAudit - user=runner | ip=127.0.0.1 | op=CREATE_FILE {volume=volume30154, bucket=d232e776-d68a-44a7-a306-fff5f62e9efe, key=dir1/dir2/dir3/file1, dataSize=23, replicationType=RATIS, replicationFactor=ONE} | ret=FAILURE
org.apache.hadoop.ozone.om.exceptions.OMException: File dir1/dir2/dir3/file1 already exists
	at org.apache.hadoop.ozone.om.request.file.OMFileCreateRequest.checkDirectoryResult(OMFileCreateRequest.java:360) ~[ozone-manager-1.3.0-SNAPSHOT.jar:?]
	at org.apache.hadoop.ozone.om.request.file.OMFileCreateRequest.validateAndUpdateCache(OMFileCreateRequest.java:240) ~[ozone-manager-1.3.0-SNAPSHOT.jar:?]
	at org.apache.hadoop.ozone.protocolPB.OzoneManagerRequestHandler.handleWriteRequest(OzoneManagerRequestHandler.java:311) ~[ozone-manager-1.3.0-SNAPSHOT.jar:?]
	at org.apache.hadoop.ozone.om.ratis.OzoneManagerStateMachine.runCommand(OzoneManagerStateMachine.java:529) ~[ozone-manager-1.3.0-SNAPSHOT.jar:?]
	at org.apache.hadoop.ozone.om.ratis.OzoneManagerStateMachine.lambda$1(OzoneManagerStateMachine.java:324) ~[ozone-manager-1.3.0-SNAPSHOT.jar:?]
	at java.util.concurrent.CompletableFuture$AsyncSupply.run(CompletableFuture.java:1604) [?:1.8.0_345]
	at java.util.concurrent.ThreadPoolExecutor.runWorker(ThreadPoolExecutor.java:1149) [?:1.8.0_345]
	at java.util.concurrent.ThreadPoolExecutor$Worker.run(ThreadPoolExecutor.java:624) [?:1.8.0_345]
	at java.lang.Thread.run(Thread.java:750) [?:1.8.0_345]
2022-10-18 06:30:56,777 [OM StateMachine ApplyTransaction Thread - 0] ERROR file.OMFileCreateRequest (OMFileCreateRequest.java:validateAndUpdateCache(337)) - File create failed. Volume:volume30154, Bucket:d232e776-d68a-44a7-a306-fff5f62e9efe, Keydir1/dir2/dir3/file1.
FILE_ALREADY_EXISTS org.apache.hadoop.ozone.om.exceptions.OMException: File dir1/dir2/dir3/file1 already exists
	at org.apache.hadoop.ozone.om.request.file.OMFileCreateRequest.checkDirectoryResult(OMFileCreateRequest.java:360)
	at org.apache.hadoop.ozone.om.request.file.OMFileCreateRequest.validateAndUpdateCache(OMFileCreateRequest.java:240)
	at org.apache.hadoop.ozone.protocolPB.OzoneManagerRequestHandler.handleWriteRequest(OzoneManagerRequestHandler.java:311)
	at org.apache.hadoop.ozone.om.ratis.OzoneManagerStateMachine.runCommand(OzoneManagerStateMachine.java:529)
	at org.apache.hadoop.ozone.om.ratis.OzoneManagerStateMachine.lambda$1(OzoneManagerStateMachine.java:324)
	at java.util.concurrent.CompletableFuture$AsyncSupply.run(CompletableFuture.java:1604)
	at java.util.concurrent.ThreadPoolExecutor.runWorker(ThreadPoolExecutor.java:1149)
	at java.util.concurrent.ThreadPoolExecutor$Worker.run(ThreadPoolExecutor.java:624)
	at java.lang.Thread.run(Thread.java:750)
2022-10-18 06:30:56,778 [OM StateMachine ApplyTransaction Thread - 0] ERROR file.OMFileCreateRequest (OMFileCreateRequest.java:validateAndUpdateCache(337)) - File create failed. Volume:volume30154, Bucket:d232e776-d68a-44a7-a306-fff5f62e9efe, Keydir1/dir2/dir3/file1.
FILE_ALREADY_EXISTS org.apache.hadoop.ozone.om.exceptions.OMException: File dir1/dir2/dir3/file1 already exists
	at org.apache.hadoop.ozone.om.request.file.OMFileCreateRequest.checkDirectoryResult(OMFileCreateRequest.java:360)
	at org.apache.hadoop.ozone.om.request.file.OMFileCreateRequest.validateAndUpdateCache(OMFileCreateRequest.java:240)
	at org.apache.hadoop.ozone.protocolPB.OzoneManagerRequestHandler.handleWriteRequest(OzoneManagerRequestHandler.java:311)
	at org.apache.hadoop.ozone.om.ratis.OzoneManagerStateMachine.runCommand(OzoneManagerStateMachine.java:529)
	at org.apache.hadoop.ozone.om.ratis.OzoneManagerStateMachine.lambda$1(OzoneManagerStateMachine.java:324)
	at java.util.concurrent.CompletableFuture$AsyncSupply.run(CompletableFuture.java:1604)
	at java.util.concurrent.ThreadPoolExecutor.runWorker(ThreadPoolExecutor.java:1149)
	at java.util.concurrent.ThreadPoolExecutor$Worker.run(ThreadPoolExecutor.java:624)
	at java.lang.Thread.run(Thread.java:750)
2022-10-18 06:30:56,784 [omNode-2-server-thread1] INFO  server.RaftServer$Division (RaftServerImpl.java:checkInconsistentAppendEntries(1424)) - omNode-2@group-523986131536: Failed appendEntries as previous log entry ((t:5, i:78)) is not found
2022-10-18 06:30:56,785 [omNode-2-server-thread1] INFO  server.RaftServer$Division (RaftServerImpl.java:checkInconsistentAppendEntries(1394)) - omNode-2@group-523986131536: inconsistency entries. Reply:omNode-3<-omNode-2#290:FAIL-t5,INCONSISTENCY,nextIndex=57,followerCommit=56
2022-10-18 06:30:56,791 [omNode-2-server-thread1] INFO  server.RaftServer$Division (RaftServerImpl.java:checkInconsistentAppendEntries(1424)) - omNode-2@group-523986131536: Failed appendEntries as previous log entry ((t:5, i:79)) is not found
2022-10-18 06:30:56,791 [omNode-2-server-thread1] INFO  server.RaftServer$Division (RaftServerImpl.java:checkInconsistentAppendEntries(1394)) - omNode-2@group-523986131536: inconsistency entries. Reply:omNode-3<-omNode-2#292:FAIL-t5,INCONSISTENCY,nextIndex=57,followerCommit=56
2022-10-18 06:30:56,803 [omNode-2-server-thread1] INFO  server.RaftServer$Division (RaftServerImpl.java:checkInconsistentAppendEntries(1424)) - omNode-2@group-523986131536: Failed appendEntries as previous log entry ((t:5, i:80)) is not found
2022-10-18 06:30:56,803 [omNode-2-server-thread1] INFO  server.RaftServer$Division (RaftServerImpl.java:checkInconsistentAppendEntries(1394)) - omNode-2@group-523986131536: inconsistency entries. Reply:omNode-3<-omNode-2#295:FAIL-t5,INCONSISTENCY,nextIndex=57,followerCommit=56
06:30:56.807 [OM StateMachine ApplyTransaction Thread - 0] ERROR OMAudit - user=runner | ip=127.0.0.1 | op=CREATE_FILE {volume=volume30154, bucket=d232e776-d68a-44a7-a306-fff5f62e9efe, key=folder/folder2, dataSize=23, replicationType=RATIS, replicationFactor=ONE} | ret=FAILURE
org.apache.hadoop.ozone.om.exceptions.OMException: Can not write to directory: folder/folder2
	at org.apache.hadoop.ozone.om.request.file.OMFileCreateRequest.checkDirectoryResult(OMFileCreateRequest.java:364) ~[ozone-manager-1.3.0-SNAPSHOT.jar:?]
	at org.apache.hadoop.ozone.om.request.file.OMFileCreateRequest.validateAndUpdateCache(OMFileCreateRequest.java:240) ~[ozone-manager-1.3.0-SNAPSHOT.jar:?]
	at org.apache.hadoop.ozone.protocolPB.OzoneManagerRequestHandler.handleWriteRequest(OzoneManagerRequestHandler.java:311) ~[ozone-manager-1.3.0-SNAPSHOT.jar:?]
	at org.apache.hadoop.ozone.om.ratis.OzoneManagerStateMachine.runCommand(OzoneManagerStateMachine.java:529) ~[ozone-manager-1.3.0-SNAPSHOT.jar:?]
	at org.apache.hadoop.ozone.om.ratis.OzoneManagerStateMachine.lambda$1(OzoneManagerStateMachine.java:324) ~[ozone-manager-1.3.0-SNAPSHOT.jar:?]
	at java.util.concurrent.CompletableFuture$AsyncSupply.run(CompletableFuture.java:1604) [?:1.8.0_345]
	at java.util.concurrent.ThreadPoolExecutor.runWorker(ThreadPoolExecutor.java:1149) [?:1.8.0_345]
	at java.util.concurrent.ThreadPoolExecutor$Worker.run(ThreadPoolExecutor.java:624) [?:1.8.0_345]
	at java.lang.Thread.run(Thread.java:750) [?:1.8.0_345]
2022-10-18 06:30:56,807 [OM StateMachine ApplyTransaction Thread - 0] ERROR file.OMFileCreateRequest (OMFileCreateRequest.java:validateAndUpdateCache(337)) - File create failed. Volume:volume30154, Bucket:d232e776-d68a-44a7-a306-fff5f62e9efe, Keyfolder/folder2.
NOT_A_FILE org.apache.hadoop.ozone.om.exceptions.OMException: Can not write to directory: folder/folder2
	at org.apache.hadoop.ozone.om.request.file.OMFileCreateRequest.checkDirectoryResult(OMFileCreateRequest.java:364)
	at org.apache.hadoop.ozone.om.request.file.OMFileCreateRequest.validateAndUpdateCache(OMFileCreateRequest.java:240)
	at org.apache.hadoop.ozone.protocolPB.OzoneManagerRequestHandler.handleWriteRequest(OzoneManagerRequestHandler.java:311)
	at org.apache.hadoop.ozone.om.ratis.OzoneManagerStateMachine.runCommand(OzoneManagerStateMachine.java:529)
	at org.apache.hadoop.ozone.om.ratis.OzoneManagerStateMachine.lambda$1(OzoneManagerStateMachine.java:324)
	at java.util.concurrent.CompletableFuture$AsyncSupply.run(CompletableFuture.java:1604)
	at java.util.concurrent.ThreadPoolExecutor.runWorker(ThreadPoolExecutor.java:1149)
	at java.util.concurrent.ThreadPoolExecutor$Worker.run(ThreadPoolExecutor.java:624)
	at java.lang.Thread.run(Thread.java:750)
2022-10-18 06:30:56,807 [omNode-2-server-thread1] INFO  server.RaftServer$Division (RaftServerImpl.java:checkInconsistentAppendEntries(1424)) - omNode-2@group-523986131536: Failed appendEntries as previous log entry ((t:5, i:81)) is not found
2022-10-18 06:30:56,807 [omNode-2-server-thread1] INFO  server.RaftServer$Division (RaftServerImpl.java:checkInconsistentAppendEntries(1394)) - omNode-2@group-523986131536: inconsistency entries. Reply:omNode-3<-omNode-2#297:FAIL-t5,INCONSISTENCY,nextIndex=57,followerCommit=56
06:30:56.809 [OM StateMachine ApplyTransaction Thread - 0] ERROR OMAudit - user=runner | ip=127.0.0.1 | op=CREATE_FILE {volume=volume30154, bucket=d232e776-d68a-44a7-a306-fff5f62e9efe, key=folder/folder2, dataSize=23, replicationType=RATIS, replicationFactor=ONE} | ret=FAILURE
org.apache.hadoop.ozone.om.exceptions.OMException: Can not write to directory: folder/folder2
	at org.apache.hadoop.ozone.om.request.file.OMFileCreateRequest.checkDirectoryResult(OMFileCreateRequest.java:364) ~[ozone-manager-1.3.0-SNAPSHOT.jar:?]
	at org.apache.hadoop.ozone.om.request.file.OMFileCreateRequest.validateAndUpdateCache(OMFileCreateRequest.java:240) ~[ozone-manager-1.3.0-SNAPSHOT.jar:?]
	at org.apache.hadoop.ozone.protocolPB.OzoneManagerRequestHandler.handleWriteRequest(OzoneManagerRequestHandler.java:311) ~[ozone-manager-1.3.0-SNAPSHOT.jar:?]
	at org.apache.hadoop.ozone.om.ratis.OzoneManagerStateMachine.runCommand(OzoneManagerStateMachine.java:529) ~[ozone-manager-1.3.0-SNAPSHOT.jar:?]
	at org.apache.hadoop.ozone.om.ratis.OzoneManagerStateMachine.lambda$1(OzoneManagerStateMachine.java:324) ~[ozone-manager-1.3.0-SNAPSHOT.jar:?]
	at java.util.concurrent.CompletableFuture$AsyncSupply.run(CompletableFuture.java:1604) [?:1.8.0_345]
	at java.util.concurrent.ThreadPoolExecutor.runWorker(ThreadPoolExecutor.java:1149) [?:1.8.0_345]
	at java.util.concurrent.ThreadPoolExecutor$Worker.run(ThreadPoolExecutor.java:624) [?:1.8.0_345]
	at java.lang.Thread.run(Thread.java:750) [?:1.8.0_345]
2022-10-18 06:30:56,809 [OM StateMachine ApplyTransaction Thread - 0] ERROR file.OMFileCreateRequest (OMFileCreateRequest.java:validateAndUpdateCache(337)) - File create failed. Volume:volume30154, Bucket:d232e776-d68a-44a7-a306-fff5f62e9efe, Keyfolder/folder2.
NOT_A_FILE org.apache.hadoop.ozone.om.exceptions.OMException: Can not write to directory: folder/folder2
	at org.apache.hadoop.ozone.om.request.file.OMFileCreateRequest.checkDirectoryResult(OMFileCreateRequest.java:364)
	at org.apache.hadoop.ozone.om.request.file.OMFileCreateRequest.validateAndUpdateCache(OMFileCreateRequest.java:240)
	at org.apache.hadoop.ozone.protocolPB.OzoneManagerRequestHandler.handleWriteRequest(OzoneManagerRequestHandler.java:311)
	at org.apache.hadoop.ozone.om.ratis.OzoneManagerStateMachine.runCommand(OzoneManagerStateMachine.java:529)
	at org.apache.hadoop.ozone.om.ratis.OzoneManagerStateMachine.lambda$1(OzoneManagerStateMachine.java:324)
	at java.util.concurrent.CompletableFuture$AsyncSupply.run(CompletableFuture.java:1604)
	at java.util.concurrent.ThreadPoolExecutor.runWorker(ThreadPoolExecutor.java:1149)
	at java.util.concurrent.ThreadPoolExecutor$Worker.run(ThreadPoolExecutor.java:624)
	at java.lang.Thread.run(Thread.java:750)
2022-10-18 06:30:56,822 [Listener at localhost/39045] INFO  rpc.RpcClient (RpcClient.java:createVolume(471)) - Creating Volume: volume44671, with user33228 as owner and space quota set to -1 bytes, counts quota set to -1
2022-10-18 06:30:56,825 [omNode-2-server-thread1] INFO  server.RaftServer$Division (RaftServerImpl.java:checkInconsistentAppendEntries(1424)) - omNode-2@group-523986131536: Failed appendEntries as previous log entry ((t:5, i:82)) is not found
2022-10-18 06:30:56,825 [omNode-2-server-thread1] INFO  server.RaftServer$Division (RaftServerImpl.java:checkInconsistentAppendEntries(1394)) - omNode-2@group-523986131536: inconsistency entries. Reply:omNode-3<-omNode-2#301:FAIL-t5,INCONSISTENCY,nextIndex=57,followerCommit=56
2022-10-18 06:30:56,828 [OM StateMachine ApplyTransaction Thread - 0] INFO  volume.OMVolumeCreateRequest (OMVolumeCreateRequest.java:validateAndUpdateCache(195)) - created volume:volume44671 for user:user33228
2022-10-18 06:30:56,829 [omNode-2-server-thread1] INFO  server.RaftServer$Division (RaftServerImpl.java:checkInconsistentAppendEntries(1424)) - omNode-2@group-523986131536: Failed appendEntries as previous log entry ((t:5, i:83)) is not found
2022-10-18 06:30:56,829 [omNode-2-server-thread1] INFO  server.RaftServer$Division (RaftServerImpl.java:checkInconsistentAppendEntries(1394)) - omNode-2@group-523986131536: inconsistency entries. Reply:omNode-3<-omNode-2#302:FAIL-t5,INCONSISTENCY,nextIndex=57,followerCommit=56
2022-10-18 06:30:56,833 [Listener at localhost/39045] INFO  rpc.RpcClient (RpcClient.java:createBucket(674)) - Creating Bucket: volume44671/9c5e0eae-16b4-41fd-aac8-60a2034fffca, with server-side default bucket layout, runner as owner, Versioning false, Storage Type set to DISK and Encryption set to false 
2022-10-18 06:30:56,834 [OM StateMachine ApplyTransaction Thread - 0] INFO  volume.OMVolumeCreateRequest (OMVolumeCreateRequest.java:validateAndUpdateCache(195)) - created volume:volume44671 for user:user33228
2022-10-18 06:30:56,837 [omNode-2-server-thread1] INFO  server.RaftServer$Division (RaftServerImpl.java:checkInconsistentAppendEntries(1424)) - omNode-2@group-523986131536: Failed appendEntries as previous log entry ((t:5, i:84)) is not found
2022-10-18 06:30:56,837 [omNode-2-server-thread1] INFO  server.RaftServer$Division (RaftServerImpl.java:checkInconsistentAppendEntries(1394)) - omNode-2@group-523986131536: inconsistency entries. Reply:omNode-3<-omNode-2#303:FAIL-t5,INCONSISTENCY,nextIndex=57,followerCommit=56
2022-10-18 06:30:56,839 [OM StateMachine ApplyTransaction Thread - 0] INFO  bucket.OMBucketCreateRequest (OMBucketCreateRequest.java:validateAndUpdateCache(260)) - created bucket: 9c5e0eae-16b4-41fd-aac8-60a2034fffca of layout LEGACY in volume: volume44671
2022-10-18 06:30:56,840 [omNode-2-server-thread1] INFO  server.RaftServer$Division (RaftServerImpl.java:checkInconsistentAppendEntries(1424)) - omNode-2@group-523986131536: Failed appendEntries as previous log entry ((t:5, i:85)) is not found
2022-10-18 06:30:56,840 [omNode-2-server-thread1] INFO  server.RaftServer$Division (RaftServerImpl.java:checkInconsistentAppendEntries(1394)) - omNode-2@group-523986131536: inconsistency entries. Reply:omNode-3<-omNode-2#305:FAIL-t5,INCONSISTENCY,nextIndex=57,followerCommit=56
2022-10-18 06:30:56,846 [omNode-2-server-thread1] INFO  server.RaftServer$Division (RaftServerImpl.java:checkInconsistentAppendEntries(1424)) - omNode-2@group-523986131536: Failed appendEntries as previous log entry ((t:5, i:86)) is not found
2022-10-18 06:30:56,846 [omNode-2-server-thread1] INFO  server.RaftServer$Division (RaftServerImpl.java:checkInconsistentAppendEntries(1394)) - omNode-2@group-523986131536: inconsistency entries. Reply:omNode-3<-omNode-2#306:FAIL-t5,INCONSISTENCY,nextIndex=57,followerCommit=56
2022-10-18 06:30:56,854 [OM StateMachine ApplyTransaction Thread - 0] INFO  bucket.OMBucketCreateRequest (OMBucketCreateRequest.java:validateAndUpdateCache(260)) - created bucket: 9c5e0eae-16b4-41fd-aac8-60a2034fffca of layout LEGACY in volume: volume44671
2022-10-18 06:30:56,856 [omNode-2-server-thread1] INFO  server.RaftServer$Division (RaftServerImpl.java:checkInconsistentAppendEntries(1424)) - omNode-2@group-523986131536: Failed appendEntries as previous log entry ((t:5, i:87)) is not found
2022-10-18 06:30:56,857 [omNode-2-server-thread1] INFO  server.RaftServer$Division (RaftServerImpl.java:checkInconsistentAppendEntries(1394)) - omNode-2@group-523986131536: inconsistency entries. Reply:omNode-3<-omNode-2#309:FAIL-t5,INCONSISTENCY,nextIndex=57,followerCommit=56
2022-10-18 06:30:56,882 [omNode-2-server-thread1] INFO  server.RaftServer$Division (RaftServerImpl.java:checkInconsistentAppendEntries(1424)) - omNode-2@group-523986131536: Failed appendEntries as previous log entry ((t:5, i:88)) is not found
2022-10-18 06:30:56,882 [omNode-2-server-thread1] INFO  server.RaftServer$Division (RaftServerImpl.java:checkInconsistentAppendEntries(1394)) - omNode-2@group-523986131536: inconsistency entries. Reply:omNode-3<-omNode-2#313:FAIL-t5,INCONSISTENCY,nextIndex=57,followerCommit=56
2022-10-18 06:30:56,883 [omNode-2-server-thread1] INFO  server.RaftServer$Division (RaftServerImpl.java:checkInconsistentAppendEntries(1424)) - omNode-2@group-523986131536: Failed appendEntries as previous log entry ((t:5, i:89)) is not found
2022-10-18 06:30:56,883 [omNode-2-server-thread1] INFO  server.RaftServer$Division (RaftServerImpl.java:checkInconsistentAppendEntries(1394)) - omNode-2@group-523986131536: inconsistency entries. Reply:omNode-3<-omNode-2#315:FAIL-t5,INCONSISTENCY,nextIndex=57,followerCommit=56
2022-10-18 06:30:56,902 [omNode-2-server-thread1] INFO  server.RaftServer$Division (RaftServerImpl.java:checkInconsistentAppendEntries(1424)) - omNode-2@group-523986131536: Failed appendEntries as previous log entry ((t:5, i:90)) is not found
2022-10-18 06:30:56,902 [omNode-2-server-thread1] INFO  server.RaftServer$Division (RaftServerImpl.java:checkInconsistentAppendEntries(1394)) - omNode-2@group-523986131536: inconsistency entries. Reply:omNode-3<-omNode-2#318:FAIL-t5,INCONSISTENCY,nextIndex=57,followerCommit=56
06:30:56.907 [OM StateMachine ApplyTransaction Thread - 0] ERROR OMAudit - user=runner | ip=127.0.0.1 | op=CREATE_FILE {volume=volume44671, bucket=9c5e0eae-16b4-41fd-aac8-60a2034fffca, key=dir1/dir2/dir3/file1, dataSize=11, replicationType=RATIS, replicationFactor=ONE} | ret=FAILURE
org.apache.hadoop.ozone.om.exceptions.OMException: Cannot create file : dir1/dir2/dir3/file1 as one of parent directory is not created
	at org.apache.hadoop.ozone.om.request.file.OMFileCreateRequest.checkAllParentsExist(OMFileCreateRequest.java:387) ~[ozone-manager-1.3.0-SNAPSHOT.jar:?]
	at org.apache.hadoop.ozone.om.request.file.OMFileCreateRequest.validateAndUpdateCache(OMFileCreateRequest.java:243) ~[ozone-manager-1.3.0-SNAPSHOT.jar:?]
	at org.apache.hadoop.ozone.protocolPB.OzoneManagerRequestHandler.handleWriteRequest(OzoneManagerRequestHandler.java:311) ~[ozone-manager-1.3.0-SNAPSHOT.jar:?]
	at org.apache.hadoop.ozone.om.ratis.OzoneManagerStateMachine.runCommand(OzoneManagerStateMachine.java:529) ~[ozone-manager-1.3.0-SNAPSHOT.jar:?]
	at org.apache.hadoop.ozone.om.ratis.OzoneManagerStateMachine.lambda$1(OzoneManagerStateMachine.java:324) ~[ozone-manager-1.3.0-SNAPSHOT.jar:?]
	at java.util.concurrent.CompletableFuture$AsyncSupply.run(CompletableFuture.java:1604) [?:1.8.0_345]
	at java.util.concurrent.ThreadPoolExecutor.runWorker(ThreadPoolExecutor.java:1149) [?:1.8.0_345]
	at java.util.concurrent.ThreadPoolExecutor$Worker.run(ThreadPoolExecutor.java:624) [?:1.8.0_345]
	at java.lang.Thread.run(Thread.java:750) [?:1.8.0_345]
2022-10-18 06:30:56,907 [OM StateMachine ApplyTransaction Thread - 0] ERROR file.OMFileCreateRequest (OMFileCreateRequest.java:validateAndUpdateCache(337)) - File create failed. Volume:volume44671, Bucket:9c5e0eae-16b4-41fd-aac8-60a2034fffca, Keydir1/dir2/dir3/file1.
DIRECTORY_NOT_FOUND org.apache.hadoop.ozone.om.exceptions.OMException: Cannot create file : dir1/dir2/dir3/file1 as one of parent directory is not created
	at org.apache.hadoop.ozone.om.request.file.OMFileCreateRequest.checkAllParentsExist(OMFileCreateRequest.java:387)
	at org.apache.hadoop.ozone.om.request.file.OMFileCreateRequest.validateAndUpdateCache(OMFileCreateRequest.java:243)
	at org.apache.hadoop.ozone.protocolPB.OzoneManagerRequestHandler.handleWriteRequest(OzoneManagerRequestHandler.java:311)
	at org.apache.hadoop.ozone.om.ratis.OzoneManagerStateMachine.runCommand(OzoneManagerStateMachine.java:529)
	at org.apache.hadoop.ozone.om.ratis.OzoneManagerStateMachine.lambda$1(OzoneManagerStateMachine.java:324)
	at java.util.concurrent.CompletableFuture$AsyncSupply.run(CompletableFuture.java:1604)
	at java.util.concurrent.ThreadPoolExecutor.runWorker(ThreadPoolExecutor.java:1149)
	at java.util.concurrent.ThreadPoolExecutor$Worker.run(ThreadPoolExecutor.java:624)
	at java.lang.Thread.run(Thread.java:750)
2022-10-18 06:30:56,909 [omNode-2-server-thread1] INFO  server.RaftServer$Division (RaftServerImpl.java:checkInconsistentAppendEntries(1424)) - omNode-2@group-523986131536: Failed appendEntries as previous log entry ((t:5, i:91)) is not found
2022-10-18 06:30:56,909 [omNode-2-server-thread1] INFO  server.RaftServer$Division (RaftServerImpl.java:checkInconsistentAppendEntries(1394)) - omNode-2@group-523986131536: inconsistency entries. Reply:omNode-3<-omNode-2#320:FAIL-t5,INCONSISTENCY,nextIndex=57,followerCommit=56
2022-10-18 06:30:56,911 [omNode-2-server-thread1] INFO  server.RaftServer$Division (RaftServerImpl.java:checkInconsistentAppendEntries(1424)) - omNode-2@group-523986131536: Failed appendEntries as previous log entry ((t:5, i:92)) is not found
2022-10-18 06:30:56,911 [omNode-2-server-thread1] INFO  server.RaftServer$Division (RaftServerImpl.java:checkInconsistentAppendEntries(1394)) - omNode-2@group-523986131536: inconsistency entries. Reply:omNode-3<-omNode-2#321:FAIL-t5,INCONSISTENCY,nextIndex=57,followerCommit=56
06:30:56.914 [OM StateMachine ApplyTransaction Thread - 0] ERROR OMAudit - user=runner | ip=127.0.0.1 | op=CREATE_FILE {volume=volume44671, bucket=9c5e0eae-16b4-41fd-aac8-60a2034fffca, key=dir1/dir2/dir3/file1, dataSize=11, replicationType=RATIS, replicationFactor=ONE} | ret=FAILURE
org.apache.hadoop.ozone.om.exceptions.OMException: Cannot create file : dir1/dir2/dir3/file1 as one of parent directory is not created
	at org.apache.hadoop.ozone.om.request.file.OMFileCreateRequest.checkAllParentsExist(OMFileCreateRequest.java:387) ~[ozone-manager-1.3.0-SNAPSHOT.jar:?]
	at org.apache.hadoop.ozone.om.request.file.OMFileCreateRequest.validateAndUpdateCache(OMFileCreateRequest.java:243) ~[ozone-manager-1.3.0-SNAPSHOT.jar:?]
	at org.apache.hadoop.ozone.protocolPB.OzoneManagerRequestHandler.handleWriteRequest(OzoneManagerRequestHandler.java:311) ~[ozone-manager-1.3.0-SNAPSHOT.jar:?]
	at org.apache.hadoop.ozone.om.ratis.OzoneManagerStateMachine.runCommand(OzoneManagerStateMachine.java:529) ~[ozone-manager-1.3.0-SNAPSHOT.jar:?]
	at org.apache.hadoop.ozone.om.ratis.OzoneManagerStateMachine.lambda$1(OzoneManagerStateMachine.java:324) ~[ozone-manager-1.3.0-SNAPSHOT.jar:?]
	at java.util.concurrent.CompletableFuture$AsyncSupply.run(CompletableFuture.java:1604) [?:1.8.0_345]
	at java.util.concurrent.ThreadPoolExecutor.runWorker(ThreadPoolExecutor.java:1149) [?:1.8.0_345]
	at java.util.concurrent.ThreadPoolExecutor$Worker.run(ThreadPoolExecutor.java:624) [?:1.8.0_345]
	at java.lang.Thread.run(Thread.java:750) [?:1.8.0_345]
2022-10-18 06:30:56,914 [OM StateMachine ApplyTransaction Thread - 0] ERROR file.OMFileCreateRequest (OMFileCreateRequest.java:validateAndUpdateCache(337)) - File create failed. Volume:volume44671, Bucket:9c5e0eae-16b4-41fd-aac8-60a2034fffca, Keydir1/dir2/dir3/file1.
DIRECTORY_NOT_FOUND org.apache.hadoop.ozone.om.exceptions.OMException: Cannot create file : dir1/dir2/dir3/file1 as one of parent directory is not created
	at org.apache.hadoop.ozone.om.request.file.OMFileCreateRequest.checkAllParentsExist(OMFileCreateRequest.java:387)
	at org.apache.hadoop.ozone.om.request.file.OMFileCreateRequest.validateAndUpdateCache(OMFileCreateRequest.java:243)
	at org.apache.hadoop.ozone.protocolPB.OzoneManagerRequestHandler.handleWriteRequest(OzoneManagerRequestHandler.java:311)
	at org.apache.hadoop.ozone.om.ratis.OzoneManagerStateMachine.runCommand(OzoneManagerStateMachine.java:529)
	at org.apache.hadoop.ozone.om.ratis.OzoneManagerStateMachine.lambda$1(OzoneManagerStateMachine.java:324)
	at java.util.concurrent.CompletableFuture$AsyncSupply.run(CompletableFuture.java:1604)
	at java.util.concurrent.ThreadPoolExecutor.runWorker(ThreadPoolExecutor.java:1149)
	at java.util.concurrent.ThreadPoolExecutor$Worker.run(ThreadPoolExecutor.java:624)
	at java.lang.Thread.run(Thread.java:750)
2022-10-18 06:30:56,920 [omNode-2-server-thread1] INFO  server.RaftServer$Division (RaftServerImpl.java:checkInconsistentAppendEntries(1424)) - omNode-2@group-523986131536: Failed appendEntries as previous log entry ((t:5, i:93)) is not found
2022-10-18 06:30:56,920 [omNode-2-server-thread1] INFO  server.RaftServer$Division (RaftServerImpl.java:checkInconsistentAppendEntries(1394)) - omNode-2@group-523986131536: inconsistency entries. Reply:omNode-3<-omNode-2#323:FAIL-t5,INCONSISTENCY,nextIndex=57,followerCommit=56
2022-10-18 06:30:56,925 [omNode-2-server-thread1] INFO  server.RaftServer$Division (RaftServerImpl.java:checkInconsistentAppendEntries(1424)) - omNode-2@group-523986131536: Failed appendEntries as previous log entry ((t:5, i:94)) is not found
2022-10-18 06:30:56,925 [omNode-2-server-thread1] INFO  server.RaftServer$Division (RaftServerImpl.java:checkInconsistentAppendEntries(1394)) - omNode-2@group-523986131536: inconsistency entries. Reply:omNode-3<-omNode-2#324:FAIL-t5,INCONSISTENCY,nextIndex=57,followerCommit=56
2022-10-18 06:30:56,933 [omNode-2-server-thread1] INFO  server.RaftServer$Division (RaftServerImpl.java:checkInconsistentAppendEntries(1424)) - omNode-2@group-523986131536: Failed appendEntries as previous log entry ((t:5, i:95)) is not found
2022-10-18 06:30:56,933 [omNode-2-server-thread1] INFO  server.RaftServer$Division (RaftServerImpl.java:checkInconsistentAppendEntries(1394)) - omNode-2@group-523986131536: inconsistency entries. Reply:omNode-3<-omNode-2#328:FAIL-t5,INCONSISTENCY,nextIndex=57,followerCommit=56
2022-10-18 06:30:56,946 [omNode-2-server-thread1] INFO  server.RaftServer$Division (RaftServerImpl.java:checkInconsistentAppendEntries(1424)) - omNode-2@group-523986131536: Failed appendEntries as previous log entry ((t:5, i:96)) is not found
2022-10-18 06:30:56,946 [omNode-2-server-thread1] INFO  server.RaftServer$Division (RaftServerImpl.java:checkInconsistentAppendEntries(1394)) - omNode-2@group-523986131536: inconsistency entries. Reply:omNode-3<-omNode-2#331:FAIL-t5,INCONSISTENCY,nextIndex=57,followerCommit=56
2022-10-18 06:30:56,951 [omNode-2-server-thread1] INFO  server.RaftServer$Division (RaftServerImpl.java:checkInconsistentAppendEntries(1424)) - omNode-2@group-523986131536: Failed appendEntries as previous log entry ((t:5, i:97)) is not found
2022-10-18 06:30:56,951 [omNode-2-server-thread1] INFO  server.RaftServer$Division (RaftServerImpl.java:checkInconsistentAppendEntries(1394)) - omNode-2@group-523986131536: inconsistency entries. Reply:omNode-3<-omNode-2#333:FAIL-t5,INCONSISTENCY,nextIndex=57,followerCommit=56
2022-10-18 06:30:56,966 [omNode-2-server-thread1] INFO  server.RaftServer$Division (RaftServerImpl.java:checkInconsistentAppendEntries(1424)) - omNode-2@group-523986131536: Failed appendEntries as previous log entry ((t:5, i:98)) is not found
2022-10-18 06:30:56,966 [omNode-2-server-thread1] INFO  server.RaftServer$Division (RaftServerImpl.java:checkInconsistentAppendEntries(1394)) - omNode-2@group-523986131536: inconsistency entries. Reply:omNode-3<-omNode-2#336:FAIL-t5,INCONSISTENCY,nextIndex=57,followerCommit=56
2022-10-18 06:30:56,974 [omNode-2-server-thread1] INFO  server.RaftServer$Division (RaftServerImpl.java:checkInconsistentAppendEntries(1424)) - omNode-2@group-523986131536: Failed appendEntries as previous log entry ((t:5, i:99)) is not found
2022-10-18 06:30:56,974 [omNode-2-server-thread1] INFO  server.RaftServer$Division (RaftServerImpl.java:checkInconsistentAppendEntries(1394)) - omNode-2@group-523986131536: inconsistency entries. Reply:omNode-3<-omNode-2#338:FAIL-t5,INCONSISTENCY,nextIndex=57,followerCommit=56
2022-10-18 06:30:56,998 [omNode-2-server-thread1] INFO  server.RaftServer$Division (RaftServerImpl.java:checkInconsistentAppendEntries(1424)) - omNode-2@group-523986131536: Failed appendEntries as previous log entry ((t:5, i:100)) is not found
2022-10-18 06:30:56,998 [omNode-2-server-thread1] INFO  server.RaftServer$Division (RaftServerImpl.java:checkInconsistentAppendEntries(1394)) - omNode-2@group-523986131536: inconsistency entries. Reply:omNode-3<-omNode-2#344:FAIL-t5,INCONSISTENCY,nextIndex=57,followerCommit=56
2022-10-18 06:30:57,003 [omNode-2-server-thread1] INFO  server.RaftServer$Division (RaftServerImpl.java:checkInconsistentAppendEntries(1424)) - omNode-2@group-523986131536: Failed appendEntries as previous log entry ((t:5, i:101)) is not found
2022-10-18 06:30:57,004 [omNode-2-server-thread1] INFO  server.RaftServer$Division (RaftServerImpl.java:checkInconsistentAppendEntries(1394)) - omNode-2@group-523986131536: inconsistency entries. Reply:omNode-3<-omNode-2#346:FAIL-t5,INCONSISTENCY,nextIndex=57,followerCommit=56
2022-10-18 06:30:57,011 [omNode-2-server-thread1] INFO  server.RaftServer$Division (RaftServerImpl.java:checkInconsistentAppendEntries(1424)) - omNode-2@group-523986131536: Failed appendEntries as previous log entry ((t:5, i:102)) is not found
2022-10-18 06:30:57,011 [omNode-2-server-thread1] INFO  server.RaftServer$Division (RaftServerImpl.java:checkInconsistentAppendEntries(1394)) - omNode-2@group-523986131536: inconsistency entries. Reply:omNode-3<-omNode-2#347:FAIL-t5,INCONSISTENCY,nextIndex=57,followerCommit=56
2022-10-18 06:30:57,012 [grpc-default-executor-1] INFO  leader.FollowerInfo (FollowerInfoImpl.java:lambda$new$0(48)) - omNode-3@group-523986131536->omNode-2: nextIndex: updateUnconditionally 103 -> 57
2022-10-18 06:30:57,024 [omNode-2-server-thread1] INFO  server.RaftServer$Division (RaftServerImpl.java:checkInconsistentAppendEntries(1424)) - omNode-2@group-523986131536: Failed appendEntries as previous log entry ((t:5, i:102)) is not found
2022-10-18 06:30:57,024 [omNode-2-server-thread1] INFO  server.RaftServer$Division (RaftServerImpl.java:checkInconsistentAppendEntries(1394)) - omNode-2@group-523986131536: inconsistency entries. Reply:omNode-3<-omNode-2#352:FAIL-t5,INCONSISTENCY,nextIndex=57,followerCommit=56
06:30:57.027 [OM StateMachine ApplyTransaction Thread - 0] ERROR OMAudit - user=runner | ip=127.0.0.1 | op=CREATE_FILE {volume=volume44671, bucket=9c5e0eae-16b4-41fd-aac8-60a2034fffca, key=dir1/dir2/dir3/file1, dataSize=23, replicationType=RATIS, replicationFactor=ONE} | ret=FAILURE
org.apache.hadoop.ozone.om.exceptions.OMException: File dir1/dir2/dir3/file1 already exists
	at org.apache.hadoop.ozone.om.request.file.OMFileCreateRequest.checkDirectoryResult(OMFileCreateRequest.java:360) ~[ozone-manager-1.3.0-SNAPSHOT.jar:?]
	at org.apache.hadoop.ozone.om.request.file.OMFileCreateRequest.validateAndUpdateCache(OMFileCreateRequest.java:240) ~[ozone-manager-1.3.0-SNAPSHOT.jar:?]
	at org.apache.hadoop.ozone.protocolPB.OzoneManagerRequestHandler.handleWriteRequest(OzoneManagerRequestHandler.java:311) ~[ozone-manager-1.3.0-SNAPSHOT.jar:?]
	at org.apache.hadoop.ozone.om.ratis.OzoneManagerStateMachine.runCommand(OzoneManagerStateMachine.java:529) ~[ozone-manager-1.3.0-SNAPSHOT.jar:?]
	at org.apache.hadoop.ozone.om.ratis.OzoneManagerStateMachine.lambda$1(OzoneManagerStateMachine.java:324) ~[ozone-manager-1.3.0-SNAPSHOT.jar:?]
	at java.util.concurrent.CompletableFuture$AsyncSupply.run(CompletableFuture.java:1604) [?:1.8.0_345]
	at java.util.concurrent.ThreadPoolExecutor.runWorker(ThreadPoolExecutor.java:1149) [?:1.8.0_345]
	at java.util.concurrent.ThreadPoolExecutor$Worker.run(ThreadPoolExecutor.java:624) [?:1.8.0_345]
	at java.lang.Thread.run(Thread.java:750) [?:1.8.0_345]
2022-10-18 06:30:57,027 [OM StateMachine ApplyTransaction Thread - 0] ERROR file.OMFileCreateRequest (OMFileCreateRequest.java:validateAndUpdateCache(337)) - File create failed. Volume:volume44671, Bucket:9c5e0eae-16b4-41fd-aac8-60a2034fffca, Keydir1/dir2/dir3/file1.
FILE_ALREADY_EXISTS org.apache.hadoop.ozone.om.exceptions.OMException: File dir1/dir2/dir3/file1 already exists
	at org.apache.hadoop.ozone.om.request.file.OMFileCreateRequest.checkDirectoryResult(OMFileCreateRequest.java:360)
	at org.apache.hadoop.ozone.om.request.file.OMFileCreateRequest.validateAndUpdateCache(OMFileCreateRequest.java:240)
	at org.apache.hadoop.ozone.protocolPB.OzoneManagerRequestHandler.handleWriteRequest(OzoneManagerRequestHandler.java:311)
	at org.apache.hadoop.ozone.om.ratis.OzoneManagerStateMachine.runCommand(OzoneManagerStateMachine.java:529)
	at org.apache.hadoop.ozone.om.ratis.OzoneManagerStateMachine.lambda$1(OzoneManagerStateMachine.java:324)
	at java.util.concurrent.CompletableFuture$AsyncSupply.run(CompletableFuture.java:1604)
	at java.util.concurrent.ThreadPoolExecutor.runWorker(ThreadPoolExecutor.java:1149)
	at java.util.concurrent.ThreadPoolExecutor$Worker.run(ThreadPoolExecutor.java:624)
	at java.lang.Thread.run(Thread.java:750)
2022-10-18 06:30:57,027 [omNode-2-server-thread1] INFO  server.RaftServer$Division (RaftServerImpl.java:checkInconsistentAppendEntries(1424)) - omNode-2@group-523986131536: Failed appendEntries as previous log entry ((t:5, i:103)) is not found
2022-10-18 06:30:57,027 [omNode-2-server-thread1] INFO  server.RaftServer$Division (RaftServerImpl.java:checkInconsistentAppendEntries(1394)) - omNode-2@group-523986131536: inconsistency entries. Reply:omNode-3<-omNode-2#354:FAIL-t5,INCONSISTENCY,nextIndex=57,followerCommit=56
06:30:57.030 [OM StateMachine ApplyTransaction Thread - 0] ERROR OMAudit - user=runner | ip=127.0.0.1 | op=CREATE_FILE {volume=volume44671, bucket=9c5e0eae-16b4-41fd-aac8-60a2034fffca, key=dir1/dir2/dir3/file1, dataSize=23, replicationType=RATIS, replicationFactor=ONE} | ret=FAILURE
org.apache.hadoop.ozone.om.exceptions.OMException: File dir1/dir2/dir3/file1 already exists
	at org.apache.hadoop.ozone.om.request.file.OMFileCreateRequest.checkDirectoryResult(OMFileCreateRequest.java:360) ~[ozone-manager-1.3.0-SNAPSHOT.jar:?]
	at org.apache.hadoop.ozone.om.request.file.OMFileCreateRequest.validateAndUpdateCache(OMFileCreateRequest.java:240) ~[ozone-manager-1.3.0-SNAPSHOT.jar:?]
	at org.apache.hadoop.ozone.protocolPB.OzoneManagerRequestHandler.handleWriteRequest(OzoneManagerRequestHandler.java:311) ~[ozone-manager-1.3.0-SNAPSHOT.jar:?]
	at org.apache.hadoop.ozone.om.ratis.OzoneManagerStateMachine.runCommand(OzoneManagerStateMachine.java:529) ~[ozone-manager-1.3.0-SNAPSHOT.jar:?]
	at org.apache.hadoop.ozone.om.ratis.OzoneManagerStateMachine.lambda$1(OzoneManagerStateMachine.java:324) ~[ozone-manager-1.3.0-SNAPSHOT.jar:?]
	at java.util.concurrent.CompletableFuture$AsyncSupply.run(CompletableFuture.java:1604) [?:1.8.0_345]
	at java.util.concurrent.ThreadPoolExecutor.runWorker(ThreadPoolExecutor.java:1149) [?:1.8.0_345]
	at java.util.concurrent.ThreadPoolExecutor$Worker.run(ThreadPoolExecutor.java:624) [?:1.8.0_345]
	at java.lang.Thread.run(Thread.java:750) [?:1.8.0_345]
2022-10-18 06:30:57,030 [OM StateMachine ApplyTransaction Thread - 0] ERROR file.OMFileCreateRequest (OMFileCreateRequest.java:validateAndUpdateCache(337)) - File create failed. Volume:volume44671, Bucket:9c5e0eae-16b4-41fd-aac8-60a2034fffca, Keydir1/dir2/dir3/file1.
FILE_ALREADY_EXISTS org.apache.hadoop.ozone.om.exceptions.OMException: File dir1/dir2/dir3/file1 already exists
	at org.apache.hadoop.ozone.om.request.file.OMFileCreateRequest.checkDirectoryResult(OMFileCreateRequest.java:360)
	at org.apache.hadoop.ozone.om.request.file.OMFileCreateRequest.validateAndUpdateCache(OMFileCreateRequest.java:240)
	at org.apache.hadoop.ozone.protocolPB.OzoneManagerRequestHandler.handleWriteRequest(OzoneManagerRequestHandler.java:311)
	at org.apache.hadoop.ozone.om.ratis.OzoneManagerStateMachine.runCommand(OzoneManagerStateMachine.java:529)
	at org.apache.hadoop.ozone.om.ratis.OzoneManagerStateMachine.lambda$1(OzoneManagerStateMachine.java:324)
	at java.util.concurrent.CompletableFuture$AsyncSupply.run(CompletableFuture.java:1604)
	at java.util.concurrent.ThreadPoolExecutor.runWorker(ThreadPoolExecutor.java:1149)
	at java.util.concurrent.ThreadPoolExecutor$Worker.run(ThreadPoolExecutor.java:624)
	at java.lang.Thread.run(Thread.java:750)
2022-10-18 06:30:57,031 [omNode-2-server-thread1] INFO  server.RaftServer$Division (RaftServerImpl.java:checkInconsistentAppendEntries(1424)) - omNode-2@group-523986131536: Failed appendEntries as previous log entry ((t:5, i:104)) is not found
2022-10-18 06:30:57,032 [omNode-2-server-thread1] INFO  server.RaftServer$Division (RaftServerImpl.java:checkInconsistentAppendEntries(1394)) - omNode-2@group-523986131536: inconsistency entries. Reply:omNode-3<-omNode-2#355:FAIL-t5,INCONSISTENCY,nextIndex=57,followerCommit=56
2022-10-18 06:30:57,033 [omNode-2-server-thread1] INFO  server.RaftServer$Division (RaftServerImpl.java:checkInconsistentAppendEntries(1424)) - omNode-2@group-523986131536: Failed appendEntries as previous log entry ((t:5, i:105)) is not found
2022-10-18 06:30:57,033 [omNode-2-server-thread1] INFO  server.RaftServer$Division (RaftServerImpl.java:checkInconsistentAppendEntries(1394)) - omNode-2@group-523986131536: inconsistency entries. Reply:omNode-3<-omNode-2#358:FAIL-t5,INCONSISTENCY,nextIndex=57,followerCommit=56
2022-10-18 06:30:57,039 [omNode-2-server-thread1] INFO  server.RaftServer$Division (RaftServerImpl.java:checkInconsistentAppendEntries(1424)) - omNode-2@group-523986131536: Failed appendEntries as previous log entry ((t:5, i:106)) is not found
2022-10-18 06:30:57,039 [omNode-2-server-thread1] INFO  server.RaftServer$Division (RaftServerImpl.java:checkInconsistentAppendEntries(1394)) - omNode-2@group-523986131536: inconsistency entries. Reply:omNode-3<-omNode-2#359:FAIL-t5,INCONSISTENCY,nextIndex=57,followerCommit=56
2022-10-18 06:30:57,044 [omNode-2-server-thread1] INFO  server.RaftServer$Division (RaftServerImpl.java:checkInconsistentAppendEntries(1424)) - omNode-2@group-523986131536: Failed appendEntries as previous log entry ((t:5, i:107)) is not found
2022-10-18 06:30:57,044 [omNode-2-server-thread1] INFO  server.RaftServer$Division (RaftServerImpl.java:checkInconsistentAppendEntries(1394)) - omNode-2@group-523986131536: inconsistency entries. Reply:omNode-3<-omNode-2#362:FAIL-t5,INCONSISTENCY,nextIndex=57,followerCommit=56
2022-10-18 06:30:57,070 [omNode-3@group-523986131536-StateMachineUpdater] INFO  ratis.OzoneManagerStateMachine (OzoneManagerStateMachine.java:takeSnapshot(441)) - Current Snapshot Index (t:5, i:108)
2022-10-18 06:30:57,070 [omNode-3@group-523986131536-StateMachineUpdater] INFO  impl.StateMachineUpdater (StateMachineUpdater.java:takeSnapshot(287)) - omNode-3@group-523986131536-StateMachineUpdater: Took a snapshot at index 108
2022-10-18 06:30:57,070 [omNode-3@group-523986131536-StateMachineUpdater] INFO  impl.StateMachineUpdater (StateMachineUpdater.java:lambda$new$0(92)) - omNode-3@group-523986131536-StateMachineUpdater: snapshotIndex: updateIncreasingly 58 -> 108
2022-10-18 06:30:57,070 [omNode-3@group-523986131536-StateMachineUpdater] INFO  raftlog.RaftLog (RaftLogBase.java:purge(308)) - omNode-3@group-523986131536-SegmentedRaftLog: purge 108
2022-10-18 06:30:57,070 [omNode-3@group-523986131536-StateMachineUpdater] INFO  raftlog.RaftLog (RaftLogBase.java:lambda$new$0(53)) - omNode-3@group-523986131536-SegmentedRaftLog: snapshotIndex: updateIncreasingly 58 -> 108
2022-10-18 06:30:57,072 [omNode-3@group-523986131536-SegmentedRaftLogWorker] INFO  raftlog.RaftLog (RaftLogBase.java:lambda$new$0(53)) - omNode-3@group-523986131536-SegmentedRaftLog: purgeIndex: updateToMax old=56, new=58, updated? true
2022-10-18 06:30:57,116 [omNode-2-server-thread1] INFO  server.RaftServer$Division (RaftServerImpl.java:checkInconsistentAppendEntries(1424)) - omNode-2@group-523986131536: Failed appendEntries as previous log entry ((t:5, i:108)) is not found
2022-10-18 06:30:57,116 [omNode-2-server-thread1] INFO  server.RaftServer$Division (RaftServerImpl.java:checkInconsistentAppendEntries(1394)) - omNode-2@group-523986131536: inconsistency entries. Reply:omNode-3<-omNode-2#371:FAIL-t5,INCONSISTENCY,nextIndex=57,followerCommit=56
2022-10-18 06:30:57,117 [omNode-1@group-523986131536-StateMachineUpdater] INFO  ratis.OzoneManagerStateMachine (OzoneManagerStateMachine.java:takeSnapshot(441)) - Current Snapshot Index (t:5, i:108)
2022-10-18 06:30:57,117 [omNode-1@group-523986131536-StateMachineUpdater] INFO  impl.StateMachineUpdater (StateMachineUpdater.java:takeSnapshot(287)) - omNode-1@group-523986131536-StateMachineUpdater: Took a snapshot at index 108
2022-10-18 06:30:57,117 [omNode-1@group-523986131536-StateMachineUpdater] INFO  impl.StateMachineUpdater (StateMachineUpdater.java:lambda$new$0(92)) - omNode-1@group-523986131536-StateMachineUpdater: snapshotIndex: updateIncreasingly 58 -> 108
2022-10-18 06:30:57,117 [omNode-1@group-523986131536-StateMachineUpdater] INFO  raftlog.RaftLog (RaftLogBase.java:purge(308)) - omNode-1@group-523986131536-SegmentedRaftLog: purge 108
2022-10-18 06:30:57,117 [omNode-1@group-523986131536-StateMachineUpdater] INFO  raftlog.RaftLog (RaftLogBase.java:lambda$new$0(53)) - omNode-1@group-523986131536-SegmentedRaftLog: snapshotIndex: updateIncreasingly 58 -> 108
2022-10-18 06:30:57,117 [omNode-1@group-523986131536-SegmentedRaftLogWorker] INFO  raftlog.RaftLog (RaftLogBase.java:lambda$new$0(53)) - omNode-1@group-523986131536-SegmentedRaftLog: purgeIndex: updateToMax old=56, new=58, updated? true
2022-10-18 06:30:57,119 [omNode-2-server-thread1] INFO  server.RaftServer$Division (RaftServerImpl.java:checkInconsistentAppendEntries(1424)) - omNode-2@group-523986131536: Failed appendEntries as previous log entry ((t:5, i:109)) is not found
2022-10-18 06:30:57,119 [omNode-2-server-thread1] INFO  server.RaftServer$Division (RaftServerImpl.java:checkInconsistentAppendEntries(1394)) - omNode-2@group-523986131536: inconsistency entries. Reply:omNode-3<-omNode-2#373:FAIL-t5,INCONSISTENCY,nextIndex=57,followerCommit=56
2022-10-18 06:30:57,147 [omNode-2-server-thread1] INFO  server.RaftServer$Division (RaftServerImpl.java:checkInconsistentAppendEntries(1424)) - omNode-2@group-523986131536: Failed appendEntries as previous log entry ((t:5, i:110)) is not found
2022-10-18 06:30:57,147 [omNode-2-server-thread1] INFO  server.RaftServer$Division (RaftServerImpl.java:checkInconsistentAppendEntries(1394)) - omNode-2@group-523986131536: inconsistency entries. Reply:omNode-3<-omNode-2#377:FAIL-t5,INCONSISTENCY,nextIndex=57,followerCommit=56
2022-10-18 06:30:57,148 [omNode-2-server-thread1] INFO  server.RaftServer$Division (RaftServerImpl.java:checkInconsistentAppendEntries(1424)) - omNode-2@group-523986131536: Failed appendEntries as previous log entry ((t:5, i:111)) is not found
2022-10-18 06:30:57,149 [omNode-2-server-thread1] INFO  server.RaftServer$Division (RaftServerImpl.java:checkInconsistentAppendEntries(1394)) - omNode-2@group-523986131536: inconsistency entries. Reply:omNode-3<-omNode-2#379:FAIL-t5,INCONSISTENCY,nextIndex=57,followerCommit=56
2022-10-18 06:30:57,168 [omNode-2-server-thread1] INFO  server.RaftServer$Division (RaftServerImpl.java:checkInconsistentAppendEntries(1424)) - omNode-2@group-523986131536: Failed appendEntries as previous log entry ((t:5, i:112)) is not found
2022-10-18 06:30:57,168 [omNode-2-server-thread1] INFO  server.RaftServer$Division (RaftServerImpl.java:checkInconsistentAppendEntries(1394)) - omNode-2@group-523986131536: inconsistency entries. Reply:omNode-3<-omNode-2#382:FAIL-t5,INCONSISTENCY,nextIndex=57,followerCommit=56
2022-10-18 06:30:57,171 [omNode-2-server-thread1] INFO  server.RaftServer$Division (RaftServerImpl.java:checkInconsistentAppendEntries(1424)) - omNode-2@group-523986131536: Failed appendEntries as previous log entry ((t:5, i:113)) is not found
2022-10-18 06:30:57,171 [omNode-2-server-thread1] INFO  server.RaftServer$Division (RaftServerImpl.java:checkInconsistentAppendEntries(1394)) - omNode-2@group-523986131536: inconsistency entries. Reply:omNode-3<-omNode-2#384:FAIL-t5,INCONSISTENCY,nextIndex=57,followerCommit=56
2022-10-18 06:30:57,186 [omNode-2-server-thread1] INFO  server.RaftServer$Division (RaftServerImpl.java:checkInconsistentAppendEntries(1424)) - omNode-2@group-523986131536: Failed appendEntries as previous log entry ((t:5, i:114)) is not found
2022-10-18 06:30:57,186 [omNode-2-server-thread1] INFO  server.RaftServer$Division (RaftServerImpl.java:checkInconsistentAppendEntries(1394)) - omNode-2@group-523986131536: inconsistency entries. Reply:omNode-3<-omNode-2#386:FAIL-t5,INCONSISTENCY,nextIndex=57,followerCommit=56
2022-10-18 06:30:57,193 [omNode-2-server-thread1] INFO  server.RaftServer$Division (RaftServerImpl.java:checkInconsistentAppendEntries(1424)) - omNode-2@group-523986131536: Failed appendEntries as previous log entry ((t:5, i:115)) is not found
2022-10-18 06:30:57,193 [omNode-2-server-thread1] INFO  server.RaftServer$Division (RaftServerImpl.java:checkInconsistentAppendEntries(1394)) - omNode-2@group-523986131536: inconsistency entries. Reply:omNode-3<-omNode-2#388:FAIL-t5,INCONSISTENCY,nextIndex=57,followerCommit=56
2022-10-18 06:30:57,196 [omNode-2-server-thread1] INFO  server.RaftServer$Division (RaftServerImpl.java:checkInconsistentAppendEntries(1424)) - omNode-2@group-523986131536: Failed appendEntries as previous log entry ((t:5, i:116)) is not found
2022-10-18 06:30:57,196 [omNode-2-server-thread1] INFO  server.RaftServer$Division (RaftServerImpl.java:checkInconsistentAppendEntries(1394)) - omNode-2@group-523986131536: inconsistency entries. Reply:omNode-3<-omNode-2#390:FAIL-t5,INCONSISTENCY,nextIndex=57,followerCommit=56
06:30:57.200 [OM StateMachine ApplyTransaction Thread - 0] ERROR OMAudit - user=runner | ip=127.0.0.1 | op=CREATE_FILE {volume=volume44671, bucket=9c5e0eae-16b4-41fd-aac8-60a2034fffca, key=folder/folder2, dataSize=23, replicationType=RATIS, replicationFactor=ONE} | ret=FAILURE
org.apache.hadoop.ozone.om.exceptions.OMException: Can not write to directory: folder/folder2
	at org.apache.hadoop.ozone.om.request.file.OMFileCreateRequest.checkDirectoryResult(OMFileCreateRequest.java:364) ~[ozone-manager-1.3.0-SNAPSHOT.jar:?]
	at org.apache.hadoop.ozone.om.request.file.OMFileCreateRequest.validateAndUpdateCache(OMFileCreateRequest.java:240) ~[ozone-manager-1.3.0-SNAPSHOT.jar:?]
	at org.apache.hadoop.ozone.protocolPB.OzoneManagerRequestHandler.handleWriteRequest(OzoneManagerRequestHandler.java:311) ~[ozone-manager-1.3.0-SNAPSHOT.jar:?]
	at org.apache.hadoop.ozone.om.ratis.OzoneManagerStateMachine.runCommand(OzoneManagerStateMachine.java:529) ~[ozone-manager-1.3.0-SNAPSHOT.jar:?]
	at org.apache.hadoop.ozone.om.ratis.OzoneManagerStateMachine.lambda$1(OzoneManagerStateMachine.java:324) ~[ozone-manager-1.3.0-SNAPSHOT.jar:?]
	at java.util.concurrent.CompletableFuture$AsyncSupply.run(CompletableFuture.java:1604) [?:1.8.0_345]
	at java.util.concurrent.ThreadPoolExecutor.runWorker(ThreadPoolExecutor.java:1149) [?:1.8.0_345]
	at java.util.concurrent.ThreadPoolExecutor$Worker.run(ThreadPoolExecutor.java:624) [?:1.8.0_345]
	at java.lang.Thread.run(Thread.java:750) [?:1.8.0_345]
2022-10-18 06:30:57,200 [OM StateMachine ApplyTransaction Thread - 0] ERROR file.OMFileCreateRequest (OMFileCreateRequest.java:validateAndUpdateCache(337)) - File create failed. Volume:volume44671, Bucket:9c5e0eae-16b4-41fd-aac8-60a2034fffca, Keyfolder/folder2.
NOT_A_FILE org.apache.hadoop.ozone.om.exceptions.OMException: Can not write to directory: folder/folder2
	at org.apache.hadoop.ozone.om.request.file.OMFileCreateRequest.checkDirectoryResult(OMFileCreateRequest.java:364)
	at org.apache.hadoop.ozone.om.request.file.OMFileCreateRequest.validateAndUpdateCache(OMFileCreateRequest.java:240)
	at org.apache.hadoop.ozone.protocolPB.OzoneManagerRequestHandler.handleWriteRequest(OzoneManagerRequestHandler.java:311)
	at org.apache.hadoop.ozone.om.ratis.OzoneManagerStateMachine.runCommand(OzoneManagerStateMachine.java:529)
	at org.apache.hadoop.ozone.om.ratis.OzoneManagerStateMachine.lambda$1(OzoneManagerStateMachine.java:324)
	at java.util.concurrent.CompletableFuture$AsyncSupply.run(CompletableFuture.java:1604)
	at java.util.concurrent.ThreadPoolExecutor.runWorker(ThreadPoolExecutor.java:1149)
	at java.util.concurrent.ThreadPoolExecutor$Worker.run(ThreadPoolExecutor.java:624)
	at java.lang.Thread.run(Thread.java:750)
2022-10-18 06:30:57,201 [omNode-2-server-thread1] INFO  server.RaftServer$Division (RaftServerImpl.java:checkInconsistentAppendEntries(1424)) - omNode-2@group-523986131536: Failed appendEntries as previous log entry ((t:5, i:117)) is not found
2022-10-18 06:30:57,201 [omNode-2-server-thread1] INFO  server.RaftServer$Division (RaftServerImpl.java:checkInconsistentAppendEntries(1394)) - omNode-2@group-523986131536: inconsistency entries. Reply:omNode-3<-omNode-2#392:FAIL-t5,INCONSISTENCY,nextIndex=57,followerCommit=56
06:30:57.207 [OM StateMachine ApplyTransaction Thread - 0] ERROR OMAudit - user=runner | ip=127.0.0.1 | op=CREATE_FILE {volume=volume44671, bucket=9c5e0eae-16b4-41fd-aac8-60a2034fffca, key=folder/folder2, dataSize=23, replicationType=RATIS, replicationFactor=ONE} | ret=FAILURE
org.apache.hadoop.ozone.om.exceptions.OMException: Can not write to directory: folder/folder2
	at org.apache.hadoop.ozone.om.request.file.OMFileCreateRequest.checkDirectoryResult(OMFileCreateRequest.java:364) ~[ozone-manager-1.3.0-SNAPSHOT.jar:?]
	at org.apache.hadoop.ozone.om.request.file.OMFileCreateRequest.validateAndUpdateCache(OMFileCreateRequest.java:240) ~[ozone-manager-1.3.0-SNAPSHOT.jar:?]
	at org.apache.hadoop.ozone.protocolPB.OzoneManagerRequestHandler.handleWriteRequest(OzoneManagerRequestHandler.java:311) ~[ozone-manager-1.3.0-SNAPSHOT.jar:?]
	at org.apache.hadoop.ozone.om.ratis.OzoneManagerStateMachine.runCommand(OzoneManagerStateMachine.java:529) ~[ozone-manager-1.3.0-SNAPSHOT.jar:?]
	at org.apache.hadoop.ozone.om.ratis.OzoneManagerStateMachine.lambda$1(OzoneManagerStateMachine.java:324) ~[ozone-manager-1.3.0-SNAPSHOT.jar:?]
	at java.util.concurrent.CompletableFuture$AsyncSupply.run(CompletableFuture.java:1604) [?:1.8.0_345]
	at java.util.concurrent.ThreadPoolExecutor.runWorker(ThreadPoolExecutor.java:1149) [?:1.8.0_345]
	at java.util.concurrent.ThreadPoolExecutor$Worker.run(ThreadPoolExecutor.java:624) [?:1.8.0_345]
	at java.lang.Thread.run(Thread.java:750) [?:1.8.0_345]
2022-10-18 06:30:57,207 [OM StateMachine ApplyTransaction Thread - 0] ERROR file.OMFileCreateRequest (OMFileCreateRequest.java:validateAndUpdateCache(337)) - File create failed. Volume:volume44671, Bucket:9c5e0eae-16b4-41fd-aac8-60a2034fffca, Keyfolder/folder2.
NOT_A_FILE org.apache.hadoop.ozone.om.exceptions.OMException: Can not write to directory: folder/folder2
	at org.apache.hadoop.ozone.om.request.file.OMFileCreateRequest.checkDirectoryResult(OMFileCreateRequest.java:364)
	at org.apache.hadoop.ozone.om.request.file.OMFileCreateRequest.validateAndUpdateCache(OMFileCreateRequest.java:240)
	at org.apache.hadoop.ozone.protocolPB.OzoneManagerRequestHandler.handleWriteRequest(OzoneManagerRequestHandler.java:311)
	at org.apache.hadoop.ozone.om.ratis.OzoneManagerStateMachine.runCommand(OzoneManagerStateMachine.java:529)
	at org.apache.hadoop.ozone.om.ratis.OzoneManagerStateMachine.lambda$1(OzoneManagerStateMachine.java:324)
	at java.util.concurrent.CompletableFuture$AsyncSupply.run(CompletableFuture.java:1604)
	at java.util.concurrent.ThreadPoolExecutor.runWorker(ThreadPoolExecutor.java:1149)
	at java.util.concurrent.ThreadPoolExecutor$Worker.run(ThreadPoolExecutor.java:624)
	at java.lang.Thread.run(Thread.java:750)
2022-10-18 06:30:57,221 [Listener at localhost/39045] INFO  rpc.RpcClient (RpcClient.java:createVolume(471)) - Creating Volume: volume26028, with user05221 as owner and space quota set to -1 bytes, counts quota set to -1
2022-10-18 06:30:57,227 [omNode-2-server-thread1] INFO  server.RaftServer$Division (RaftServerImpl.java:checkInconsistentAppendEntries(1424)) - omNode-2@group-523986131536: Failed appendEntries as previous log entry ((t:5, i:118)) is not found
2022-10-18 06:30:57,227 [omNode-2-server-thread1] INFO  server.RaftServer$Division (RaftServerImpl.java:checkInconsistentAppendEntries(1394)) - omNode-2@group-523986131536: inconsistency entries. Reply:omNode-3<-omNode-2#395:FAIL-t5,INCONSISTENCY,nextIndex=57,followerCommit=56
2022-10-18 06:30:57,243 [OM StateMachine ApplyTransaction Thread - 0] INFO  volume.OMVolumeCreateRequest (OMVolumeCreateRequest.java:validateAndUpdateCache(195)) - created volume:volume26028 for user:user05221
2022-10-18 06:30:57,245 [omNode-2-server-thread1] INFO  server.RaftServer$Division (RaftServerImpl.java:checkInconsistentAppendEntries(1424)) - omNode-2@group-523986131536: Failed appendEntries as previous log entry ((t:5, i:119)) is not found
2022-10-18 06:30:57,246 [omNode-2-server-thread1] INFO  server.RaftServer$Division (RaftServerImpl.java:checkInconsistentAppendEntries(1394)) - omNode-2@group-523986131536: inconsistency entries. Reply:omNode-3<-omNode-2#398:FAIL-t5,INCONSISTENCY,nextIndex=57,followerCommit=56
2022-10-18 06:30:57,246 [Listener at localhost/39045] INFO  rpc.RpcClient (RpcClient.java:createBucket(674)) - Creating Bucket: volume26028/00f647bd-0a3b-40ba-92bb-b10e17ac5e6f, with server-side default bucket layout, runner as owner, Versioning false, Storage Type set to DISK and Encryption set to false 
2022-10-18 06:30:57,248 [OM StateMachine ApplyTransaction Thread - 0] INFO  volume.OMVolumeCreateRequest (OMVolumeCreateRequest.java:validateAndUpdateCache(195)) - created volume:volume26028 for user:user05221
2022-10-18 06:30:57,250 [omNode-2-server-thread1] INFO  server.RaftServer$Division (RaftServerImpl.java:checkInconsistentAppendEntries(1424)) - omNode-2@group-523986131536: Failed appendEntries as previous log entry ((t:5, i:120)) is not found
2022-10-18 06:30:57,250 [omNode-2-server-thread1] INFO  server.RaftServer$Division (RaftServerImpl.java:checkInconsistentAppendEntries(1394)) - omNode-2@group-523986131536: inconsistency entries. Reply:omNode-3<-omNode-2#399:FAIL-t5,INCONSISTENCY,nextIndex=57,followerCommit=56
2022-10-18 06:30:57,255 [OM StateMachine ApplyTransaction Thread - 0] INFO  bucket.OMBucketCreateRequest (OMBucketCreateRequest.java:validateAndUpdateCache(260)) - created bucket: 00f647bd-0a3b-40ba-92bb-b10e17ac5e6f of layout LEGACY in volume: volume26028
2022-10-18 06:30:57,256 [omNode-2-server-thread1] INFO  server.RaftServer$Division (RaftServerImpl.java:checkInconsistentAppendEntries(1424)) - omNode-2@group-523986131536: Failed appendEntries as previous log entry ((t:5, i:121)) is not found
2022-10-18 06:30:57,256 [omNode-2-server-thread1] INFO  server.RaftServer$Division (RaftServerImpl.java:checkInconsistentAppendEntries(1394)) - omNode-2@group-523986131536: inconsistency entries. Reply:omNode-3<-omNode-2#402:FAIL-t5,INCONSISTENCY,nextIndex=57,followerCommit=56
2022-10-18 06:30:57,261 [omNode-2-server-thread1] INFO  server.RaftServer$Division (RaftServerImpl.java:checkInconsistentAppendEntries(1424)) - omNode-2@group-523986131536: Failed appendEntries as previous log entry ((t:5, i:122)) is not found
2022-10-18 06:30:57,261 [omNode-2-server-thread1] INFO  server.RaftServer$Division (RaftServerImpl.java:checkInconsistentAppendEntries(1394)) - omNode-2@group-523986131536: inconsistency entries. Reply:omNode-3<-omNode-2#403:FAIL-t5,INCONSISTENCY,nextIndex=57,followerCommit=56
2022-10-18 06:30:57,270 [OM StateMachine ApplyTransaction Thread - 0] INFO  bucket.OMBucketCreateRequest (OMBucketCreateRequest.java:validateAndUpdateCache(260)) - created bucket: 00f647bd-0a3b-40ba-92bb-b10e17ac5e6f of layout LEGACY in volume: volume26028
2022-10-18 06:30:57,278 [omNode-2-server-thread1] INFO  server.RaftServer$Division (RaftServerImpl.java:checkInconsistentAppendEntries(1424)) - omNode-2@group-523986131536: Failed appendEntries as previous log entry ((t:5, i:123)) is not found
2022-10-18 06:30:57,278 [omNode-2-server-thread1] INFO  server.RaftServer$Division (RaftServerImpl.java:checkInconsistentAppendEntries(1394)) - omNode-2@group-523986131536: inconsistency entries. Reply:omNode-3<-omNode-2#407:FAIL-t5,INCONSISTENCY,nextIndex=57,followerCommit=56
2022-10-18 06:30:57,291 [omNode-2-server-thread1] INFO  server.RaftServer$Division (RaftServerImpl.java:checkInconsistentAppendEntries(1424)) - omNode-2@group-523986131536: Failed appendEntries as previous log entry ((t:5, i:124)) is not found
2022-10-18 06:30:57,291 [omNode-2-server-thread1] INFO  server.RaftServer$Division (RaftServerImpl.java:checkInconsistentAppendEntries(1394)) - omNode-2@group-523986131536: inconsistency entries. Reply:omNode-3<-omNode-2#411:FAIL-t5,INCONSISTENCY,nextIndex=57,followerCommit=56
2022-10-18 06:30:57,296 [omNode-2-server-thread1] INFO  server.RaftServer$Division (RaftServerImpl.java:checkInconsistentAppendEntries(1424)) - omNode-2@group-523986131536: Failed appendEntries as previous log entry ((t:5, i:125)) is not found
2022-10-18 06:30:57,296 [omNode-2-server-thread1] INFO  server.RaftServer$Division (RaftServerImpl.java:checkInconsistentAppendEntries(1394)) - omNode-2@group-523986131536: inconsistency entries. Reply:omNode-3<-omNode-2#413:FAIL-t5,INCONSISTENCY,nextIndex=57,followerCommit=56
2022-10-18 06:30:57,310 [omNode-2-server-thread1] INFO  server.RaftServer$Division (RaftServerImpl.java:checkInconsistentAppendEntries(1424)) - omNode-2@group-523986131536: Failed appendEntries as previous log entry ((t:5, i:126)) is not found
2022-10-18 06:30:57,311 [omNode-2-server-thread1] INFO  server.RaftServer$Division (RaftServerImpl.java:checkInconsistentAppendEntries(1394)) - omNode-2@group-523986131536: inconsistency entries. Reply:omNode-3<-omNode-2#416:FAIL-t5,INCONSISTENCY,nextIndex=57,followerCommit=56
2022-10-18 06:30:57,313 [omNode-2-server-thread1] INFO  server.RaftServer$Division (RaftServerImpl.java:checkInconsistentAppendEntries(1424)) - omNode-2@group-523986131536: Failed appendEntries as previous log entry ((t:5, i:127)) is not found
2022-10-18 06:30:57,314 [omNode-2-server-thread1] INFO  server.RaftServer$Division (RaftServerImpl.java:checkInconsistentAppendEntries(1394)) - omNode-2@group-523986131536: inconsistency entries. Reply:omNode-3<-omNode-2#418:FAIL-t5,INCONSISTENCY,nextIndex=57,followerCommit=56
2022-10-18 06:30:57,353 [omNode-2-server-thread1] INFO  server.RaftServer$Division (RaftServerImpl.java:checkInconsistentAppendEntries(1424)) - omNode-2@group-523986131536: Failed appendEntries as previous log entry ((t:5, i:128)) is not found
2022-10-18 06:30:57,353 [omNode-2-server-thread1] INFO  server.RaftServer$Division (RaftServerImpl.java:checkInconsistentAppendEntries(1394)) - omNode-2@group-523986131536: inconsistency entries. Reply:omNode-3<-omNode-2#423:FAIL-t5,INCONSISTENCY,nextIndex=57,followerCommit=56
2022-10-18 06:30:57,356 [omNode-2-server-thread1] INFO  server.RaftServer$Division (RaftServerImpl.java:checkInconsistentAppendEntries(1424)) - omNode-2@group-523986131536: Failed appendEntries as previous log entry ((t:5, i:129)) is not found
2022-10-18 06:30:57,356 [omNode-2-server-thread1] INFO  server.RaftServer$Division (RaftServerImpl.java:checkInconsistentAppendEntries(1394)) - omNode-2@group-523986131536: inconsistency entries. Reply:omNode-3<-omNode-2#425:FAIL-t5,INCONSISTENCY,nextIndex=57,followerCommit=56
2022-10-18 06:30:57,378 [omNode-2-server-thread1] INFO  server.RaftServer$Division (RaftServerImpl.java:checkInconsistentAppendEntries(1424)) - omNode-2@group-523986131536: Failed appendEntries as previous log entry ((t:5, i:130)) is not found
2022-10-18 06:30:57,378 [omNode-2-server-thread1] INFO  server.RaftServer$Division (RaftServerImpl.java:checkInconsistentAppendEntries(1394)) - omNode-2@group-523986131536: inconsistency entries. Reply:omNode-3<-omNode-2#429:FAIL-t5,INCONSISTENCY,nextIndex=57,followerCommit=56
2022-10-18 06:30:57,384 [omNode-2-server-thread1] INFO  server.RaftServer$Division (RaftServerImpl.java:checkInconsistentAppendEntries(1424)) - omNode-2@group-523986131536: Failed appendEntries as previous log entry ((t:5, i:131)) is not found
2022-10-18 06:30:57,384 [omNode-2-server-thread1] INFO  server.RaftServer$Division (RaftServerImpl.java:checkInconsistentAppendEntries(1394)) - omNode-2@group-523986131536: inconsistency entries. Reply:omNode-3<-omNode-2#431:FAIL-t5,INCONSISTENCY,nextIndex=57,followerCommit=56
2022-10-18 06:30:57,402 [omNode-2-server-thread1] INFO  server.RaftServer$Division (RaftServerImpl.java:checkInconsistentAppendEntries(1424)) - omNode-2@group-523986131536: Failed appendEntries as previous log entry ((t:5, i:132)) is not found
2022-10-18 06:30:57,403 [omNode-2-server-thread1] INFO  server.RaftServer$Division (RaftServerImpl.java:checkInconsistentAppendEntries(1394)) - omNode-2@group-523986131536: inconsistency entries. Reply:omNode-3<-omNode-2#435:FAIL-t5,INCONSISTENCY,nextIndex=57,followerCommit=56
2022-10-18 06:30:57,411 [omNode-2-server-thread1] INFO  server.RaftServer$Division (RaftServerImpl.java:checkInconsistentAppendEntries(1424)) - omNode-2@group-523986131536: Failed appendEntries as previous log entry ((t:5, i:133)) is not found
2022-10-18 06:30:57,411 [omNode-2-server-thread1] INFO  server.RaftServer$Division (RaftServerImpl.java:checkInconsistentAppendEntries(1394)) - omNode-2@group-523986131536: inconsistency entries. Reply:omNode-3<-omNode-2#437:FAIL-t5,INCONSISTENCY,nextIndex=57,followerCommit=56
2022-10-18 06:30:57,426 [omNode-2-server-thread1] INFO  server.RaftServer$Division (RaftServerImpl.java:checkInconsistentAppendEntries(1424)) - omNode-2@group-523986131536: Failed appendEntries as previous log entry ((t:5, i:134)) is not found
2022-10-18 06:30:57,426 [omNode-2-server-thread1] INFO  server.RaftServer$Division (RaftServerImpl.java:checkInconsistentAppendEntries(1394)) - omNode-2@group-523986131536: inconsistency entries. Reply:omNode-3<-omNode-2#439:FAIL-t5,INCONSISTENCY,nextIndex=57,followerCommit=56
2022-10-18 06:30:57,434 [omNode-2-server-thread1] INFO  server.RaftServer$Division (RaftServerImpl.java:checkInconsistentAppendEntries(1424)) - omNode-2@group-523986131536: Failed appendEntries as previous log entry ((t:5, i:135)) is not found
2022-10-18 06:30:57,434 [omNode-2-server-thread1] INFO  server.RaftServer$Division (RaftServerImpl.java:checkInconsistentAppendEntries(1394)) - omNode-2@group-523986131536: inconsistency entries. Reply:omNode-3<-omNode-2#441:FAIL-t5,INCONSISTENCY,nextIndex=57,followerCommit=56
2022-10-18 06:30:57,451 [omNode-2-server-thread1] INFO  server.RaftServer$Division (RaftServerImpl.java:checkInconsistentAppendEntries(1424)) - omNode-2@group-523986131536: Failed appendEntries as previous log entry ((t:5, i:136)) is not found
2022-10-18 06:30:57,451 [omNode-2-server-thread1] INFO  server.RaftServer$Division (RaftServerImpl.java:checkInconsistentAppendEntries(1394)) - omNode-2@group-523986131536: inconsistency entries. Reply:omNode-3<-omNode-2#446:FAIL-t5,INCONSISTENCY,nextIndex=57,followerCommit=56
2022-10-18 06:30:57,454 [omNode-2-server-thread1] INFO  server.RaftServer$Division (RaftServerImpl.java:checkInconsistentAppendEntries(1424)) - omNode-2@group-523986131536: Failed appendEntries as previous log entry ((t:5, i:137)) is not found
2022-10-18 06:30:57,454 [omNode-2-server-thread1] INFO  server.RaftServer$Division (RaftServerImpl.java:checkInconsistentAppendEntries(1394)) - omNode-2@group-523986131536: inconsistency entries. Reply:omNode-3<-omNode-2#447:FAIL-t5,INCONSISTENCY,nextIndex=57,followerCommit=56
2022-10-18 06:30:57,470 [omNode-2-server-thread1] INFO  server.RaftServer$Division (RaftServerImpl.java:checkInconsistentAppendEntries(1424)) - omNode-2@group-523986131536: Failed appendEntries as previous log entry ((t:5, i:138)) is not found
2022-10-18 06:30:57,470 [omNode-2-server-thread1] INFO  server.RaftServer$Division (RaftServerImpl.java:checkInconsistentAppendEntries(1394)) - omNode-2@group-523986131536: inconsistency entries. Reply:omNode-3<-omNode-2#450:FAIL-t5,INCONSISTENCY,nextIndex=57,followerCommit=56
2022-10-18 06:30:57,474 [omNode-2-server-thread1] INFO  server.RaftServer$Division (RaftServerImpl.java:checkInconsistentAppendEntries(1424)) - omNode-2@group-523986131536: Failed appendEntries as previous log entry ((t:5, i:139)) is not found
2022-10-18 06:30:57,474 [omNode-2-server-thread1] INFO  server.RaftServer$Division (RaftServerImpl.java:checkInconsistentAppendEntries(1394)) - omNode-2@group-523986131536: inconsistency entries. Reply:omNode-3<-omNode-2#452:FAIL-t5,INCONSISTENCY,nextIndex=57,followerCommit=56
2022-10-18 06:30:57,482 [omNode-2-server-thread1] INFO  server.RaftServer$Division (RaftServerImpl.java:checkInconsistentAppendEntries(1424)) - omNode-2@group-523986131536: Failed appendEntries as previous log entry ((t:5, i:140)) is not found
2022-10-18 06:30:57,482 [omNode-2-server-thread1] INFO  server.RaftServer$Division (RaftServerImpl.java:checkInconsistentAppendEntries(1394)) - omNode-2@group-523986131536: inconsistency entries. Reply:omNode-3<-omNode-2#453:FAIL-t5,INCONSISTENCY,nextIndex=57,followerCommit=56
2022-10-18 06:30:57,490 [omNode-2-server-thread1] INFO  server.RaftServer$Division (RaftServerImpl.java:checkInconsistentAppendEntries(1424)) - omNode-2@group-523986131536: Failed appendEntries as previous log entry ((t:5, i:141)) is not found
2022-10-18 06:30:57,491 [omNode-2-server-thread1] INFO  server.RaftServer$Division (RaftServerImpl.java:checkInconsistentAppendEntries(1394)) - omNode-2@group-523986131536: inconsistency entries. Reply:omNode-3<-omNode-2#456:FAIL-t5,INCONSISTENCY,nextIndex=57,followerCommit=56
2022-10-18 06:30:57,493 [omNode-2-server-thread1] INFO  server.RaftServer$Division (RaftServerImpl.java:checkInconsistentAppendEntries(1424)) - omNode-2@group-523986131536: Failed appendEntries as previous log entry ((t:5, i:142)) is not found
2022-10-18 06:30:57,493 [omNode-2-server-thread1] INFO  server.RaftServer$Division (RaftServerImpl.java:checkInconsistentAppendEntries(1394)) - omNode-2@group-523986131536: inconsistency entries. Reply:omNode-3<-omNode-2#457:FAIL-t5,INCONSISTENCY,nextIndex=57,followerCommit=56
2022-10-18 06:30:57,497 [omNode-2-server-thread1] INFO  server.RaftServer$Division (RaftServerImpl.java:checkInconsistentAppendEntries(1424)) - omNode-2@group-523986131536: Failed appendEntries as previous log entry ((t:5, i:143)) is not found
2022-10-18 06:30:57,497 [omNode-2-server-thread1] INFO  server.RaftServer$Division (RaftServerImpl.java:checkInconsistentAppendEntries(1394)) - omNode-2@group-523986131536: inconsistency entries. Reply:omNode-3<-omNode-2#460:FAIL-t5,INCONSISTENCY,nextIndex=57,followerCommit=56
2022-10-18 06:30:57,499 [OM StateMachine ApplyTransaction Thread - 0] ERROR key.OMKeysDeleteRequest (OMKeysDeleteRequest.java:validateAndUpdateCache(146)) - Received a request to delete a Key does not exist /volume26028/00f647bd-0a3b-40ba-92bb-b10e17ac5e6f/dir/file3
2022-10-18 06:30:57,501 [Listener at localhost/39045] INFO  om.OzoneManager (OzoneManager.java:stop(2034)) - omNode-3[localhost:45465]: Stopping Ozone Manager
2022-10-18 06:30:57,502 [Listener at localhost/39045] INFO  ipc.Server (Server.java:stop(3428)) - Stopping server on 45465
2022-10-18 06:30:57,507 [OM StateMachine ApplyTransaction Thread - 0] ERROR key.OMKeysDeleteRequest (OMKeysDeleteRequest.java:validateAndUpdateCache(146)) - Received a request to delete a Key does not exist /volume26028/00f647bd-0a3b-40ba-92bb-b10e17ac5e6f/dir/file3
2022-10-18 06:30:57,516 [IPC Server Responder] INFO  ipc.Server (Server.java:run(1517)) - Stopping IPC Server Responder
2022-10-18 06:30:57,516 [IPC Server listener on 45465] INFO  ipc.Server (Server.java:run(1384)) - Stopping IPC Server listener on 45465
2022-10-18 06:30:57,516 [omNode-2-server-thread1] INFO  server.RaftServer$Division (RaftServerImpl.java:checkInconsistentAppendEntries(1424)) - omNode-2@group-523986131536: Failed appendEntries as previous log entry ((t:5, i:144)) is not found
2022-10-18 06:30:57,517 [omNode-2-server-thread1] INFO  server.RaftServer$Division (RaftServerImpl.java:checkInconsistentAppendEntries(1394)) - omNode-2@group-523986131536: inconsistency entries. Reply:omNode-3<-omNode-2#463:FAIL-t5,INCONSISTENCY,nextIndex=57,followerCommit=56
2022-10-18 06:30:57,518 [Listener at localhost/39045] INFO  server.RaftServer (RaftServerProxy.java:lambda$close$7(398)) - omNode-3: close
2022-10-18 06:30:57,518 [Listener at localhost/39045] INFO  server.RaftServer$Division (RaftServerImpl.java:lambda$close$4(434)) - omNode-3@group-523986131536: shutdown
2022-10-18 06:30:57,518 [Listener at localhost/39045] INFO  util.JmxRegister (JmxRegister.java:unregister(73)) - Successfully un-registered JMX Bean with object name Ratis:service=RaftServer,group=group-523986131536,id=omNode-3
2022-10-18 06:30:57,518 [Listener at localhost/39045] INFO  impl.RoleInfo (RoleInfo.java:shutdownLeaderState(93)) - omNode-3: shutdown omNode-3@group-523986131536-LeaderStateImpl
2022-10-18 06:30:57,518 [omNode-3@group-523986131536->omNode-1-GrpcLogAppender-LogAppenderDaemon] WARN  server.GrpcLogAppender (GrpcLogAppender.java:mayWait(171)) - omNode-3@group-523986131536->omNode-1-GrpcLogAppender: Wait interrupted by java.lang.InterruptedException
2022-10-18 06:30:57,518 [grpc-default-executor-0] INFO  leader.FollowerInfo (FollowerInfoImpl.java:lambda$new$0(48)) - omNode-3@group-523986131536->omNode-2: nextIndex: updateUnconditionally 145 -> 57
2022-10-18 06:30:57,519 [grpc-default-executor-2] INFO  server.GrpcServerProtocolService (GrpcServerProtocolService.java:onCompleted(140)) - omNode-1: Completed APPEND_ENTRIES, lastRequest: omNode-3->omNode-1#222-t5,previous=(t:5, i:143),leaderCommit=143,initializing? true,entries: size=1, first=(t:5, i:144), METADATAENTRY(c:143)
2022-10-18 06:30:57,519 [grpc-default-executor-0] INFO  server.GrpcServerProtocolService (GrpcServerProtocolService.java:onCompleted(140)) - omNode-2: Completed APPEND_ENTRIES, lastRequest: omNode-3->omNode-2#460-t5,previous=(t:5, i:143),leaderCommit=143,initializing? false,entries: size=1, first=(t:5, i:144), METADATAENTRY(c:143)
2022-10-18 06:30:57,518 [Listener at localhost/39045] INFO  impl.PendingRequests (PendingRequests.java:sendNotLeaderResponses(282)) - omNode-3@group-523986131536-PendingRequests: sendNotLeaderResponses
2022-10-18 06:30:57,521 [grpc-default-executor-1] INFO  server.GrpcLogAppender (GrpcLogAppender.java:onCompleted(339)) - omNode-3@group-523986131536->omNode-1-AppendLogResponseHandler: follower responses appendEntries COMPLETED
2022-10-18 06:30:57,521 [grpc-default-executor-1] INFO  leader.FollowerInfo (FollowerInfoImpl.java:lambda$new$0(48)) - omNode-3@group-523986131536->omNode-1: nextIndex: updateUnconditionally 145 -> 144
2022-10-18 06:30:57,521 [grpc-default-executor-1] INFO  server.GrpcLogAppender (GrpcLogAppender.java:onCompleted(339)) - omNode-3@group-523986131536->omNode-2-AppendLogResponseHandler: follower responses appendEntries COMPLETED
2022-10-18 06:30:57,521 [grpc-default-executor-1] INFO  leader.FollowerInfo (FollowerInfoImpl.java:lambda$new$0(48)) - omNode-3@group-523986131536->omNode-2: nextIndex: updateUnconditionally 57 -> 56
2022-10-18 06:30:57,527 [Listener at localhost/39045] INFO  impl.StateMachineUpdater (StateMachineUpdater.java:stopAndJoin(153)) - omNode-3@group-523986131536-StateMachineUpdater: set stopIndex = 144
2022-10-18 06:30:57,527 [omNode-3@group-523986131536-StateMachineUpdater] INFO  ratis.OzoneManagerStateMachine (OzoneManagerStateMachine.java:takeSnapshot(441)) - Current Snapshot Index (t:5, i:144)
2022-10-18 06:30:57,527 [omNode-3@group-523986131536-StateMachineUpdater] INFO  impl.StateMachineUpdater (StateMachineUpdater.java:takeSnapshot(287)) - omNode-3@group-523986131536-StateMachineUpdater: Took a snapshot at index 144
2022-10-18 06:30:57,527 [omNode-3@group-523986131536-StateMachineUpdater] INFO  impl.StateMachineUpdater (StateMachineUpdater.java:lambda$new$0(92)) - omNode-3@group-523986131536-StateMachineUpdater: snapshotIndex: updateIncreasingly 108 -> 144
2022-10-18 06:30:57,527 [omNode-3@group-523986131536-StateMachineUpdater] INFO  raftlog.RaftLog (RaftLogBase.java:purge(308)) - omNode-3@group-523986131536-SegmentedRaftLog: purge 144
2022-10-18 06:30:57,527 [omNode-3@group-523986131536-StateMachineUpdater] INFO  raftlog.RaftLog (RaftLogBase.java:lambda$new$0(53)) - omNode-3@group-523986131536-SegmentedRaftLog: snapshotIndex: updateIncreasingly 108 -> 144
2022-10-18 06:30:57,528 [omNode-3@group-523986131536-StateMachineUpdater] INFO  raftlog.RaftLog (RaftLogBase.java:lambda$new$0(53)) - omNode-3@group-523986131536-SegmentedRaftLog: purgeIndex: updateToMax old=58, new=144, updated? true
2022-10-18 06:30:57,528 [omNode-3@group-523986131536-StateMachineUpdater] INFO  ratis.OzoneManagerStateMachine (OzoneManagerStateMachine.java:close(495)) - StateMachine has shutdown. Shutdown OzoneManager if not already shutdown.
2022-10-18 06:30:57,528 [omNode-3@group-523986131536-StateMachineUpdater] INFO  ratis.OzoneManagerDoubleBuffer (OzoneManagerDoubleBuffer.java:stop(466)) - Stopping OMDoubleBuffer flush thread
2022-10-18 06:30:57,528 [OMDoubleBufferFlushThread] INFO  ratis.OzoneManagerDoubleBuffer (OzoneManagerDoubleBuffer.java:flushTransactions(385)) - OMDoubleBuffer flush thread OMDoubleBufferFlushThread is interrupted and will exit.
2022-10-18 06:30:57,529 [Listener at localhost/39045] INFO  server.RaftServer$Division (ServerState.java:close(429)) - omNode-3@group-523986131536: closes. applyIndex: 144
2022-10-18 06:30:57,529 [omNode-3@group-523986131536-SegmentedRaftLogWorker] INFO  segmented.SegmentedRaftLogWorker (SegmentedRaftLogWorker.java:run(336)) - omNode-3@group-523986131536-SegmentedRaftLogWorker was interrupted, exiting. There are 0 tasks remaining in the queue.
2022-10-18 06:30:57,531 [Listener at localhost/39045] INFO  segmented.SegmentedRaftLogWorker (SegmentedRaftLogWorker.java:close(246)) - omNode-3@group-523986131536-SegmentedRaftLogWorker close()
2022-10-18 06:30:57,531 [Listener at localhost/39045] INFO  server.GrpcService (GrpcService.java:closeImpl(269)) - omNode-3: shutdown server with port 36149 now
2022-10-18 06:30:58,715 [omNode-1@group-523986131536-FollowerState] INFO  impl.FollowerState (FollowerState.java:run(143)) - omNode-1@group-523986131536-FollowerState: change to CANDIDATE, lastRpcElapsedTime:1208949884ns, electionTimeout:1199ms
2022-10-18 06:30:58,715 [omNode-1@group-523986131536-FollowerState] INFO  impl.RoleInfo (RoleInfo.java:shutdownFollowerState(110)) - omNode-1: shutdown omNode-1@group-523986131536-FollowerState
2022-10-18 06:30:58,715 [omNode-1@group-523986131536-FollowerState] INFO  server.RaftServer$Division (RaftServerImpl.java:setRole(299)) - omNode-1@group-523986131536: changes role from  FOLLOWER to CANDIDATE at term 5 for changeToCandidate
2022-10-18 06:30:58,715 [omNode-1@group-523986131536-FollowerState] INFO  server.RaftServerConfigKeys (ConfUtils.java:logGet(46)) - raft.server.leaderelection.pre-vote = false (custom)
2022-10-18 06:30:58,715 [omNode-1@group-523986131536-FollowerState] INFO  impl.RoleInfo (RoleInfo.java:updateAndGet(139)) - omNode-1: start omNode-1@group-523986131536-LeaderElection12
2022-10-18 06:30:58,718 [omNode-1@group-523986131536-LeaderElection12] INFO  server.RaftServer$Division (ServerState.java:setLeader(287)) - omNode-1@group-523986131536: change Leader from omNode-3 to null at term 5 for ELECTION
2022-10-18 06:30:58,719 [omNode-1@group-523986131536-LeaderElection12] INFO  impl.LeaderElection (LeaderElection.java:askForVotes(310)) - omNode-1@group-523986131536-LeaderElection12 ELECTION round 0: submit vote requests at term 6 for 59: [omNode-3|rpc:localhost:36149|admin:|client:|dataStream:|priority:0, omNode-1|rpc:localhost:46857|admin:|client:|dataStream:|priority:0, omNode-2|rpc:localhost:34021|admin:|client:|dataStream:|priority:0], old=null
2022-10-18 06:30:58,726 [grpc-default-executor-2] INFO  server.RaftServer$Division (RaftServerImpl.java:requestVote(1152)) - omNode-2@group-523986131536: receive requestVote(ELECTION, omNode-1, group-523986131536, 6, (t:5, i:144))
2022-10-18 06:30:58,726 [grpc-default-executor-2] INFO  impl.VoteContext (VoteContext.java:log(48)) - omNode-2@group-523986131536-FOLLOWER: accept ELECTION from omNode-1: our last entry (t:3, i:56) < candidate's last entry (t:5, i:144)
2022-10-18 06:30:58,726 [grpc-default-executor-2] INFO  server.RaftServer$Division (ServerState.java:setLeader(287)) - omNode-2@group-523986131536: change Leader from omNode-3 to null at term 6 for updateCurrentTerm
2022-10-18 06:30:58,726 [grpc-default-executor-2] INFO  server.RaftServer$Division (RaftServerImpl.java:setRole(299)) - omNode-2@group-523986131536: changes role from  FOLLOWER to FOLLOWER at term 6 for candidate:omNode-1
2022-10-18 06:30:58,726 [grpc-default-executor-2] INFO  impl.RoleInfo (RoleInfo.java:shutdownFollowerState(110)) - omNode-2: shutdown omNode-2@group-523986131536-FollowerState
2022-10-18 06:30:58,726 [grpc-default-executor-2] INFO  impl.RoleInfo (RoleInfo.java:updateAndGet(139)) - omNode-2: start omNode-2@group-523986131536-FollowerState
2022-10-18 06:30:58,727 [omNode-2@group-523986131536-FollowerState] INFO  impl.FollowerState (FollowerState.java:run(152)) - omNode-2@group-523986131536-FollowerState was interrupted
2022-10-18 06:30:58,730 [omNode-1@group-523986131536-LeaderElection12] INFO  impl.LeaderElection (LogUtils.java:infoOrTrace(137)) - omNode-1@group-523986131536-LeaderElection12 got exception when requesting votes: java.util.concurrent.ExecutionException: org.apache.ratis.thirdparty.io.grpc.StatusRuntimeException: UNAVAILABLE: io exception
2022-10-18 06:30:58,731 [grpc-default-executor-2] INFO  server.RaftServer$Division (RaftServerImpl.java:requestVote(1184)) - omNode-2@group-523986131536 replies to ELECTION vote request: omNode-1<-omNode-2#0:OK-t6. Peer's state: omNode-2@group-523986131536:t6, leader=null, voted=omNode-1, raftlog=omNode-2@group-523986131536-SegmentedRaftLog:OPENED:c56, conf=59: [omNode-3|rpc:localhost:36149|admin:|client:|dataStream:|priority:0, omNode-1|rpc:localhost:46857|admin:|client:|dataStream:|priority:0, omNode-2|rpc:localhost:34021|admin:|client:|dataStream:|priority:0], old=null
2022-10-18 06:30:58,732 [omNode-1@group-523986131536-LeaderElection12] INFO  impl.LeaderElection (LeaderElection.java:logAndReturn(90)) - omNode-1@group-523986131536-LeaderElection12: ELECTION PASSED received 1 response(s) and 1 exception(s):
2022-10-18 06:30:58,732 [omNode-1@group-523986131536-LeaderElection12] INFO  impl.LeaderElection (LeaderElection.java:logAndReturn(94)) -   Response 0: omNode-1<-omNode-2#0:OK-t6
2022-10-18 06:30:58,732 [omNode-1@group-523986131536-LeaderElection12] INFO  impl.LeaderElection (LogUtils.java:infoOrTrace(137)) -   Exception 1: java.util.concurrent.ExecutionException: org.apache.ratis.thirdparty.io.grpc.StatusRuntimeException: UNAVAILABLE: io exception
2022-10-18 06:30:58,732 [omNode-1@group-523986131536-LeaderElection12] INFO  impl.LeaderElection (LeaderElection.java:askForVotes(312)) - omNode-1@group-523986131536-LeaderElection12 ELECTION round 0: result PASSED
2022-10-18 06:30:58,732 [omNode-1@group-523986131536-LeaderElection12] INFO  impl.RoleInfo (RoleInfo.java:shutdownLeaderElection(130)) - omNode-1: shutdown omNode-1@group-523986131536-LeaderElection12
2022-10-18 06:30:58,732 [omNode-1@group-523986131536-LeaderElection12] INFO  server.RaftServer$Division (RaftServerImpl.java:setRole(299)) - omNode-1@group-523986131536: changes role from CANDIDATE to LEADER at term 6 for changeToLeader
2022-10-18 06:30:58,732 [omNode-1@group-523986131536-LeaderElection12] INFO  server.RaftServer$Division (ServerState.java:setLeader(287)) - omNode-1@group-523986131536: change Leader from null to omNode-1 at term 6 for becomeLeader, leader elected after 14ms
2022-10-18 06:30:58,732 [omNode-1@group-523986131536-LeaderElection12] INFO  server.RaftServerConfigKeys (ConfUtils.java:logGet(46)) - raft.server.staging.catchup.gap = 1000 (default)
2022-10-18 06:30:58,732 [omNode-1@group-523986131536-LeaderElection12] INFO  server.RaftServerConfigKeys (ConfUtils.java:logGet(46)) - raft.server.write.element-limit = 4096 (default)
2022-10-18 06:30:58,732 [omNode-1@group-523986131536-LeaderElection12] INFO  server.RaftServerConfigKeys (ConfUtils.java:logGet(46)) - raft.server.write.byte-limit = 64MB (=67108864) (default)
2022-10-18 06:30:58,733 [omNode-1@group-523986131536-LeaderElection12] INFO  server.RaftServerConfigKeys (ConfUtils.java:logGet(46)) - raft.server.watch.timeout = 10s (default)
2022-10-18 06:30:58,733 [omNode-1@group-523986131536-LeaderElection12] INFO  server.RaftServerConfigKeys (ConfUtils.java:logGet(46)) - raft.server.watch.timeout.denomination = 1s (default)
2022-10-18 06:30:58,733 [omNode-1@group-523986131536-LeaderElection12] INFO  server.RaftServerConfigKeys (ConfUtils.java:logGet(46)) - raft.server.watch.element-limit = 65536 (default)
2022-10-18 06:30:58,733 [omNode-1@group-523986131536-LeaderElection12] INFO  server.RaftServerConfigKeys (ConfUtils.java:logGet(46)) - raft.server.write.element-limit = 4096 (default)
2022-10-18 06:30:58,733 [omNode-1@group-523986131536-LeaderElection12] INFO  server.RaftServerConfigKeys (ConfUtils.java:logGet(46)) - raft.server.write.follower.gap.ratio.max = -1.0 (default)
2022-10-18 06:30:58,733 [omNode-1@group-523986131536-LeaderElection12] INFO  server.RaftServerConfigKeys (ConfUtils.java:logGet(46)) - raft.server.log.appender.snapshot.chunk.size.max = 16MB (=16777216) (default)
2022-10-18 06:30:58,734 [omNode-1@group-523986131536-LeaderElection12] INFO  server.RaftServerConfigKeys (ConfUtils.java:logGet(46)) - raft.server.log.appender.buffer.byte-limit = 33554432 (custom)
2022-10-18 06:30:58,734 [omNode-1@group-523986131536-LeaderElection12] INFO  server.RaftServerConfigKeys (ConfUtils.java:logGet(46)) - raft.server.log.appender.buffer.element-limit = 1024 (custom)
2022-10-18 06:30:58,734 [omNode-1@group-523986131536-LeaderElection12] INFO  grpc.GrpcConfigKeys (ConfUtils.java:logGet(46)) - raft.grpc.server.leader.outstanding.appends.max = 128 (default)
2022-10-18 06:30:58,734 [omNode-1@group-523986131536-LeaderElection12] INFO  server.RaftServerConfigKeys (ConfUtils.java:logGet(46)) - raft.server.rpc.request.timeout = 3000ms (default)
2022-10-18 06:30:58,734 [omNode-1@group-523986131536-LeaderElection12] INFO  server.RaftServerConfigKeys (ConfUtils.java:logGet(46)) - raft.server.log.appender.install.snapshot.enabled = false (custom)
2022-10-18 06:30:58,735 [omNode-1@group-523986131536-LeaderElection12] INFO  server.RaftServerConfigKeys (ConfUtils.java:logGet(46)) - raft.server.log.appender.snapshot.chunk.size.max = 16MB (=16777216) (default)
2022-10-18 06:30:58,735 [omNode-1@group-523986131536-LeaderElection12] INFO  server.RaftServerConfigKeys (ConfUtils.java:logGet(46)) - raft.server.log.appender.buffer.byte-limit = 33554432 (custom)
2022-10-18 06:30:58,735 [omNode-1@group-523986131536-LeaderElection12] INFO  server.RaftServerConfigKeys (ConfUtils.java:logGet(46)) - raft.server.log.appender.buffer.element-limit = 1024 (custom)
2022-10-18 06:30:58,735 [omNode-1@group-523986131536-LeaderElection12] INFO  grpc.GrpcConfigKeys (ConfUtils.java:logGet(46)) - raft.grpc.server.leader.outstanding.appends.max = 128 (default)
2022-10-18 06:30:58,735 [omNode-1@group-523986131536-LeaderElection12] INFO  server.RaftServerConfigKeys (ConfUtils.java:logGet(46)) - raft.server.rpc.request.timeout = 3000ms (default)
2022-10-18 06:30:58,735 [omNode-1@group-523986131536-LeaderElection12] INFO  server.RaftServerConfigKeys (ConfUtils.java:logGet(46)) - raft.server.log.appender.install.snapshot.enabled = false (custom)
2022-10-18 06:30:58,735 [omNode-1@group-523986131536-LeaderElection12] INFO  impl.RoleInfo (RoleInfo.java:updateAndGet(139)) - omNode-1: start omNode-1@group-523986131536-LeaderStateImpl
2022-10-18 06:30:58,735 [omNode-1@group-523986131536-LeaderElection12] INFO  segmented.SegmentedRaftLogWorker (SegmentedRaftLogWorker.java:rollLogSegment(430)) - omNode-1@group-523986131536-SegmentedRaftLogWorker: Rolling segment log-59_144 to index:144
2022-10-18 06:30:58,736 [omNode-1@group-523986131536-SegmentedRaftLogWorker] INFO  segmented.SegmentedRaftLogWorker (SegmentedRaftLogWorker.java:execute(586)) - omNode-1@group-523986131536-SegmentedRaftLogWorker: Rolled log segment from /home/runner/work/ozone/ozone/hadoop-ozone/integration-test/target/test-dir/MiniOzoneClusterImpl-489ebd61-a341-4d14-a135-ade311a26152/omNode-1/ratis/c9bc4cf4-3bc3-3c60-a66b-523986131536/current/log_inprogress_59 to /home/runner/work/ozone/ozone/hadoop-ozone/integration-test/target/test-dir/MiniOzoneClusterImpl-489ebd61-a341-4d14-a135-ade311a26152/omNode-1/ratis/c9bc4cf4-3bc3-3c60-a66b-523986131536/current/log_59-144
2022-10-18 06:30:58,742 [grpc-default-executor-2] WARN  server.GrpcLogAppender (LogUtils.java:warn(122)) - omNode-1@group-523986131536->omNode-3-AppendLogResponseHandler: Failed appendEntries: org.apache.ratis.thirdparty.io.grpc.StatusRuntimeException: UNAVAILABLE: io exception
2022-10-18 06:30:58,743 [grpc-default-executor-2] WARN  server.GrpcLogAppender (GrpcLogAppender.java:resetClient(111)) - omNode-1@group-523986131536->omNode-3-GrpcLogAppender: Leader has not got in touch with Follower omNode-1@group-523986131536->omNode-3(c-1,m0,n145, attendVote=true, lastRpcSendTime=1209, lastRpcResponseTime=1209) yet, just keep nextIndex unchanged and retry.
2022-10-18 06:30:58,744 [omNode-1@group-523986131536-LeaderElection12] INFO  server.RaftServer$Division (ServerState.java:setRaftConf(393)) - omNode-1@group-523986131536: set configuration 145: [omNode-3|rpc:localhost:36149|admin:|client:|dataStream:|priority:0, omNode-1|rpc:localhost:46857|admin:|client:|dataStream:|priority:0, omNode-2|rpc:localhost:34021|admin:|client:|dataStream:|priority:0], old=null
2022-10-18 06:30:58,746 [grpc-default-executor-1] WARN  server.GrpcLogAppender (LogUtils.java:warn(122)) - omNode-1@group-523986131536->omNode-3-AppendLogResponseHandler: Failed appendEntries: org.apache.ratis.thirdparty.io.grpc.StatusRuntimeException: UNAVAILABLE: io exception
2022-10-18 06:30:58,746 [grpc-default-executor-1] WARN  server.GrpcLogAppender (GrpcLogAppender.java:resetClient(111)) - omNode-1@group-523986131536->omNode-3-GrpcLogAppender: Leader has not got in touch with Follower omNode-1@group-523986131536->omNode-3(c-1,m0,n146, attendVote=true, lastRpcSendTime=2, lastRpcResponseTime=1213) yet, just keep nextIndex unchanged and retry.
2022-10-18 06:30:58,748 [omNode-2-server-thread1] INFO  server.RaftServer$Division (ServerState.java:setLeader(287)) - omNode-2@group-523986131536: change Leader from null to omNode-1 at term 6 for appendEntries, leader elected after 21ms
2022-10-18 06:30:58,748 [omNode-2-server-thread1] INFO  server.RaftServer$Division (RaftServerImpl.java:checkInconsistentAppendEntries(1424)) - omNode-2@group-523986131536: Failed appendEntries as previous log entry ((t:5, i:144)) is not found
2022-10-18 06:30:58,748 [omNode-2-server-thread1] INFO  server.RaftServer$Division (RaftServerImpl.java:checkInconsistentAppendEntries(1394)) - omNode-2@group-523986131536: inconsistency entries. Reply:omNode-1<-omNode-2#0:FAIL-t6,INCONSISTENCY,nextIndex=57,followerCommit=56
2022-10-18 06:30:58,749 [omNode-2-server-thread1] INFO  server.RaftServer$Division (RaftServerImpl.java:checkInconsistentAppendEntries(1424)) - omNode-2@group-523986131536: Failed appendEntries as previous log entry ((t:5, i:144)) is not found
2022-10-18 06:30:58,749 [omNode-2-server-thread1] INFO  server.RaftServer$Division (RaftServerImpl.java:checkInconsistentAppendEntries(1394)) - omNode-2@group-523986131536: inconsistency entries. Reply:omNode-1<-omNode-2#1:FAIL-t6,INCONSISTENCY,nextIndex=57,followerCommit=56
2022-10-18 06:30:58,749 [grpc-default-executor-1] INFO  leader.FollowerInfo (FollowerInfoImpl.java:lambda$new$0(48)) - omNode-1@group-523986131536->omNode-2: nextIndex: updateUnconditionally 146 -> 57
2022-10-18 06:30:58,749 [omNode-1@group-523986131536-SegmentedRaftLogWorker] INFO  segmented.SegmentedRaftLogWorker (SegmentedRaftLogWorker.java:execute(629)) - omNode-1@group-523986131536-SegmentedRaftLogWorker: created new log segment /home/runner/work/ozone/ozone/hadoop-ozone/integration-test/target/test-dir/MiniOzoneClusterImpl-489ebd61-a341-4d14-a135-ade311a26152/omNode-1/ratis/c9bc4cf4-3bc3-3c60-a66b-523986131536/current/log_inprogress_145
2022-10-18 06:30:58,749 [omNode-1@group-523986131536->omNode-2-GrpcLogAppender-LogAppenderDaemon] INFO  server.GrpcLogAppender (GrpcLogAppender.java:installSnapshot(541)) - omNode-1@group-523986131536->omNode-2-GrpcLogAppender: followerNextIndex = 57 but logStartIndex = 59, notify follower to install snapshot-(t:5, i:59)
2022-10-18 06:30:58,750 [omNode-1@group-523986131536->omNode-2-GrpcLogAppender-LogAppenderDaemon] INFO  server.GrpcLogAppender (GrpcLogAppender.java:installSnapshot(549)) - omNode-1@group-523986131536->omNode-2-GrpcLogAppender: send omNode-1->omNode-2#0-t6,notify:(t:5, i:59)
2022-10-18 06:30:58,750 [grpc-default-executor-1] INFO  leader.FollowerInfo (FollowerInfoImpl.java:lambda$new$0(48)) - omNode-1@group-523986131536->omNode-2: nextIndex: updateUnconditionally 57 -> 57
2022-10-18 06:30:58,751 [grpc-default-executor-1] INFO  impl.SnapshotInstallationHandler (SnapshotInstallationHandler.java:installSnapshot(84)) - omNode-2@group-523986131536: receive installSnapshot: omNode-1->omNode-2#0-t6,notify:(t:5, i:59)
2022-10-18 06:30:58,752 [grpc-default-executor-1] INFO  impl.SnapshotInstallationHandler (SnapshotInstallationHandler.java:notifyStateMachineToInstallSnapshot(215)) - omNode-2@group-523986131536: Received notification to install snapshot at index 59
2022-10-18 06:30:58,756 [grpc-default-executor-1] INFO  impl.SnapshotInstallationHandler (SnapshotInstallationHandler.java:notifyStateMachineToInstallSnapshot(248)) - omNode-2@group-523986131536: notifyInstallSnapshot: nextIndex is 57 but the leader's first available index is 59.
2022-10-18 06:30:58,756 [grpc-default-executor-1] INFO  ratis.OzoneManagerStateMachine (OzoneManagerStateMachine.java:notifyInstallSnapshotFromLeader(470)) - Received install snapshot notification from OM leader: omNode-1 with term index: (t:5, i:59)
2022-10-18 06:30:58,757 [grpc-default-executor-1] INFO  impl.SnapshotInstallationHandler (SnapshotInstallationHandler.java:installSnapshotImpl(129)) - omNode-2@group-523986131536: set new configuration index: 145
configurationEntry {
  peers {
    id: "omNode-3"
    address: "localhost:36149"
  }
  peers {
    id: "omNode-1"
    address: "localhost:46857"
  }
  peers {
    id: "omNode-2"
    address: "localhost:34021"
  }
}
 from snapshot
2022-10-18 06:30:58,757 [grpc-default-executor-1] INFO  server.RaftServer$Division (ServerState.java:setRaftConf(393)) - omNode-2@group-523986131536: set configuration 145: [omNode-3|rpc:localhost:36149|admin:|client:|dataStream:|priority:0, omNode-1|rpc:localhost:46857|admin:|client:|dataStream:|priority:0, omNode-2|rpc:localhost:34021|admin:|client:|dataStream:|priority:0], old=null
2022-10-18 06:30:58,757 [grpc-default-executor-1] INFO  ratis.OzoneManagerStateMachine (OzoneManagerStateMachine.java:notifyConfigurationChanged(192)) - Received Configuration change notification from Ratis. New Peer list:
[id: "omNode-3"
address: "localhost:36149"
, id: "omNode-1"
address: "localhost:46857"
, id: "omNode-2"
address: "localhost:34021"
]
2022-10-18 06:30:58,757 [grpc-default-executor-1] INFO  impl.SnapshotInstallationHandler (SnapshotInstallationHandler.java:installSnapshot(95)) - omNode-2@group-523986131536: reply installSnapshot: omNode-1<-omNode-2#0:FAIL-t6,IN_PROGRESS
2022-10-18 06:30:58,758 [grpc-default-executor-1] INFO  server.GrpcServerProtocolService (GrpcServerProtocolService.java:onCompleted(140)) - omNode-2: Completed INSTALL_SNAPSHOT, lastRequest: omNode-1->omNode-2#0-t6,notify:(t:5, i:59)
2022-10-18 06:30:58,758 [pool-366-thread-1] INFO  om.OzoneManager (OzoneManager.java:getDBCheckpointFromLeader(3903)) - Downloading checkpoint from leader OM omNode-1 and reloading state from the checkpoint.
2022-10-18 06:30:58,758 [pool-366-thread-1] INFO  snapshot.OzoneManagerSnapshotProvider (OzoneManagerSnapshotProvider.java:getOzoneManagerDBSnapshot(122)) - Downloading latest checkpoint from Leader OM omNode-1. Checkpoint URL: http://127.0.0.1:34657/dbCheckpoint?flushBeforeCheckpoint=true
2022-10-18 06:30:58,759 [grpc-default-executor-1] INFO  server.GrpcLogAppender (GrpcLogAppender.java:onNext(403)) - omNode-1@group-523986131536->omNode-2-InstallSnapshotResponseHandler: received a reply omNode-1<-omNode-2#0:FAIL-t6,IN_PROGRESS
2022-10-18 06:30:58,759 [grpc-default-executor-1] INFO  server.GrpcLogAppender (GrpcLogAppender.java:onNext(421)) - omNode-1@group-523986131536->omNode-2-InstallSnapshotResponseHandler: InstallSnapshot in progress.
2022-10-18 06:30:58,759 [omNode-1@group-523986131536->omNode-2-GrpcLogAppender-LogAppenderDaemon] INFO  server.GrpcLogAppender (GrpcLogAppender.java:installSnapshot(541)) - omNode-1@group-523986131536->omNode-2-GrpcLogAppender: followerNextIndex = 57 but logStartIndex = 59, notify follower to install snapshot-(t:5, i:59)
2022-10-18 06:30:58,759 [omNode-1@group-523986131536->omNode-2-GrpcLogAppender-LogAppenderDaemon] INFO  server.GrpcLogAppender (GrpcLogAppender.java:installSnapshot(549)) - omNode-1@group-523986131536->omNode-2-GrpcLogAppender: send omNode-1->omNode-2#0-t6,notify:(t:5, i:59)
2022-10-18 06:30:58,760 [grpc-default-executor-1] INFO  impl.SnapshotInstallationHandler (SnapshotInstallationHandler.java:installSnapshot(84)) - omNode-2@group-523986131536: receive installSnapshot: omNode-1->omNode-2#0-t6,notify:(t:5, i:59)
2022-10-18 06:30:58,760 [omNode-2-server-thread1] INFO  server.RaftServer$Division (RaftServerImpl.java:checkInconsistentAppendEntries(1402)) - omNode-2@group-523986131536: Failed appendEntries as snapshot (59) installation is in progress
2022-10-18 06:30:58,761 [omNode-2-server-thread1] INFO  server.RaftServer$Division (RaftServerImpl.java:checkInconsistentAppendEntries(1394)) - omNode-2@group-523986131536: inconsistency entries. Reply:omNode-1<-omNode-2#2:FAIL-t6,INCONSISTENCY,nextIndex=57,followerCommit=56
2022-10-18 06:30:58,761 [grpc-default-executor-1] INFO  impl.SnapshotInstallationHandler (SnapshotInstallationHandler.java:installSnapshot(95)) - omNode-2@group-523986131536: reply installSnapshot: omNode-1<-omNode-2#0:FAIL-t6,IN_PROGRESS
2022-10-18 06:30:58,761 [grpc-default-executor-1] INFO  server.GrpcServerProtocolService (GrpcServerProtocolService.java:onCompleted(140)) - omNode-2: Completed INSTALL_SNAPSHOT, lastRequest: omNode-1->omNode-2#0-t6,notify:(t:5, i:59)
2022-10-18 06:30:58,761 [grpc-default-executor-2] INFO  leader.FollowerInfo (FollowerInfoImpl.java:lambda$new$0(48)) - omNode-1@group-523986131536->omNode-2: nextIndex: updateUnconditionally 57 -> 57
2022-10-18 06:30:58,762 [grpc-default-executor-1] INFO  server.GrpcLogAppender (GrpcLogAppender.java:onNext(403)) - omNode-1@group-523986131536->omNode-2-InstallSnapshotResponseHandler: received a reply omNode-1<-omNode-2#0:FAIL-t6,IN_PROGRESS
2022-10-18 06:30:58,762 [grpc-default-executor-1] INFO  server.GrpcLogAppender (GrpcLogAppender.java:onNext(421)) - omNode-1@group-523986131536->omNode-2-InstallSnapshotResponseHandler: InstallSnapshot in progress.
2022-10-18 06:30:58,762 [omNode-1@group-523986131536->omNode-2-GrpcLogAppender-LogAppenderDaemon] INFO  server.GrpcLogAppender (GrpcLogAppender.java:installSnapshot(541)) - omNode-1@group-523986131536->omNode-2-GrpcLogAppender: followerNextIndex = 57 but logStartIndex = 59, notify follower to install snapshot-(t:5, i:59)
2022-10-18 06:30:58,762 [omNode-1@group-523986131536->omNode-2-GrpcLogAppender-LogAppenderDaemon] INFO  server.GrpcLogAppender (GrpcLogAppender.java:installSnapshot(549)) - omNode-1@group-523986131536->omNode-2-GrpcLogAppender: send omNode-1->omNode-2#0-t6,notify:(t:5, i:59)
2022-10-18 06:30:58,763 [omNode-2-server-thread1] INFO  server.RaftServer$Division (RaftServerImpl.java:checkInconsistentAppendEntries(1402)) - omNode-2@group-523986131536: Failed appendEntries as snapshot (59) installation is in progress
2022-10-18 06:30:58,763 [omNode-2-server-thread1] INFO  server.RaftServer$Division (RaftServerImpl.java:checkInconsistentAppendEntries(1394)) - omNode-2@group-523986131536: inconsistency entries. Reply:omNode-1<-omNode-2#3:FAIL-t6,INCONSISTENCY,nextIndex=57,followerCommit=56
2022-10-18 06:30:58,763 [grpc-default-executor-2] INFO  impl.SnapshotInstallationHandler (SnapshotInstallationHandler.java:installSnapshot(84)) - omNode-2@group-523986131536: receive installSnapshot: omNode-1->omNode-2#0-t6,notify:(t:5, i:59)
2022-10-18 06:30:58,763 [grpc-default-executor-2] INFO  impl.SnapshotInstallationHandler (SnapshotInstallationHandler.java:installSnapshot(95)) - omNode-2@group-523986131536: reply installSnapshot: omNode-1<-omNode-2#0:FAIL-t6,IN_PROGRESS
2022-10-18 06:30:58,764 [grpc-default-executor-2] INFO  server.GrpcServerProtocolService (GrpcServerProtocolService.java:onCompleted(140)) - omNode-2: Completed INSTALL_SNAPSHOT, lastRequest: omNode-1->omNode-2#0-t6,notify:(t:5, i:59)
2022-10-18 06:30:58,764 [grpc-default-executor-0] INFO  server.GrpcLogAppender (GrpcLogAppender.java:onNext(403)) - omNode-1@group-523986131536->omNode-2-InstallSnapshotResponseHandler: received a reply omNode-1<-omNode-2#0:FAIL-t6,IN_PROGRESS
2022-10-18 06:30:58,764 [grpc-default-executor-0] INFO  server.GrpcLogAppender (GrpcLogAppender.java:onNext(421)) - omNode-1@group-523986131536->omNode-2-InstallSnapshotResponseHandler: InstallSnapshot in progress.
2022-10-18 06:30:58,765 [omNode-1@group-523986131536->omNode-2-GrpcLogAppender-LogAppenderDaemon] INFO  server.GrpcLogAppender (GrpcLogAppender.java:installSnapshot(541)) - omNode-1@group-523986131536->omNode-2-GrpcLogAppender: followerNextIndex = 57 but logStartIndex = 59, notify follower to install snapshot-(t:5, i:59)
2022-10-18 06:30:58,765 [omNode-1@group-523986131536->omNode-2-GrpcLogAppender-LogAppenderDaemon] INFO  server.GrpcLogAppender (GrpcLogAppender.java:installSnapshot(549)) - omNode-1@group-523986131536->omNode-2-GrpcLogAppender: send omNode-1->omNode-2#0-t6,notify:(t:5, i:59)
2022-10-18 06:30:58,765 [grpc-default-executor-1] INFO  leader.FollowerInfo (FollowerInfoImpl.java:lambda$new$0(48)) - omNode-1@group-523986131536->omNode-2: nextIndex: updateUnconditionally 57 -> 57
2022-10-18 06:30:58,766 [omNode-2-server-thread1] INFO  server.RaftServer$Division (RaftServerImpl.java:checkInconsistentAppendEntries(1402)) - omNode-2@group-523986131536: Failed appendEntries as snapshot (59) installation is in progress
2022-10-18 06:30:58,766 [omNode-2-server-thread1] INFO  server.RaftServer$Division (RaftServerImpl.java:checkInconsistentAppendEntries(1394)) - omNode-2@group-523986131536: inconsistency entries. Reply:omNode-1<-omNode-2#4:FAIL-t6,INCONSISTENCY,nextIndex=57,followerCommit=56
2022-10-18 06:30:58,766 [grpc-default-executor-2] INFO  impl.SnapshotInstallationHandler (SnapshotInstallationHandler.java:installSnapshot(84)) - omNode-2@group-523986131536: receive installSnapshot: omNode-1->omNode-2#0-t6,notify:(t:5, i:59)
2022-10-18 06:30:58,766 [grpc-default-executor-2] INFO  impl.SnapshotInstallationHandler (SnapshotInstallationHandler.java:installSnapshot(95)) - omNode-2@group-523986131536: reply installSnapshot: omNode-1<-omNode-2#0:FAIL-t6,IN_PROGRESS
2022-10-18 06:30:58,766 [grpc-default-executor-2] INFO  server.GrpcServerProtocolService (GrpcServerProtocolService.java:onCompleted(140)) - omNode-2: Completed INSTALL_SNAPSHOT, lastRequest: omNode-1->omNode-2#0-t6,notify:(t:5, i:59)
2022-10-18 06:30:58,767 [grpc-default-executor-0] INFO  server.GrpcLogAppender (GrpcLogAppender.java:onNext(403)) - omNode-1@group-523986131536->omNode-2-InstallSnapshotResponseHandler: received a reply omNode-1<-omNode-2#0:FAIL-t6,IN_PROGRESS
2022-10-18 06:30:58,767 [grpc-default-executor-0] INFO  server.GrpcLogAppender (GrpcLogAppender.java:onNext(421)) - omNode-1@group-523986131536->omNode-2-InstallSnapshotResponseHandler: InstallSnapshot in progress.
2022-10-18 06:30:58,767 [grpc-default-executor-2] INFO  leader.FollowerInfo (FollowerInfoImpl.java:lambda$new$0(48)) - omNode-1@group-523986131536->omNode-2: nextIndex: updateUnconditionally 57 -> 57
2022-10-18 06:30:58,767 [omNode-1@group-523986131536->omNode-2-GrpcLogAppender-LogAppenderDaemon] INFO  server.GrpcLogAppender (GrpcLogAppender.java:installSnapshot(541)) - omNode-1@group-523986131536->omNode-2-GrpcLogAppender: followerNextIndex = 57 but logStartIndex = 59, notify follower to install snapshot-(t:5, i:59)
2022-10-18 06:30:58,767 [omNode-1@group-523986131536->omNode-2-GrpcLogAppender-LogAppenderDaemon] INFO  server.GrpcLogAppender (GrpcLogAppender.java:installSnapshot(549)) - omNode-1@group-523986131536->omNode-2-GrpcLogAppender: send omNode-1->omNode-2#0-t6,notify:(t:5, i:59)
2022-10-18 06:30:58,768 [omNode-2-server-thread1] INFO  server.RaftServer$Division (RaftServerImpl.java:checkInconsistentAppendEntries(1402)) - omNode-2@group-523986131536: Failed appendEntries as snapshot (59) installation is in progress
2022-10-18 06:30:58,768 [omNode-2-server-thread1] INFO  server.RaftServer$Division (RaftServerImpl.java:checkInconsistentAppendEntries(1394)) - omNode-2@group-523986131536: inconsistency entries. Reply:omNode-1<-omNode-2#5:FAIL-t6,INCONSISTENCY,nextIndex=57,followerCommit=56
2022-10-18 06:30:58,768 [grpc-default-executor-0] INFO  impl.SnapshotInstallationHandler (SnapshotInstallationHandler.java:installSnapshot(84)) - omNode-2@group-523986131536: receive installSnapshot: omNode-1->omNode-2#0-t6,notify:(t:5, i:59)
2022-10-18 06:30:58,768 [grpc-default-executor-1] INFO  leader.FollowerInfo (FollowerInfoImpl.java:lambda$new$0(48)) - omNode-1@group-523986131536->omNode-2: nextIndex: updateUnconditionally 57 -> 57
2022-10-18 06:30:58,768 [grpc-default-executor-0] INFO  impl.SnapshotInstallationHandler (SnapshotInstallationHandler.java:installSnapshot(95)) - omNode-2@group-523986131536: reply installSnapshot: omNode-1<-omNode-2#0:FAIL-t6,IN_PROGRESS
2022-10-18 06:30:58,768 [grpc-default-executor-0] INFO  server.GrpcServerProtocolService (GrpcServerProtocolService.java:onCompleted(140)) - omNode-2: Completed INSTALL_SNAPSHOT, lastRequest: omNode-1->omNode-2#0-t6,notify:(t:5, i:59)
2022-10-18 06:30:58,769 [grpc-default-executor-0] INFO  server.GrpcLogAppender (GrpcLogAppender.java:onNext(403)) - omNode-1@group-523986131536->omNode-2-InstallSnapshotResponseHandler: received a reply omNode-1<-omNode-2#0:FAIL-t6,IN_PROGRESS
2022-10-18 06:30:58,769 [grpc-default-executor-0] INFO  server.GrpcLogAppender (GrpcLogAppender.java:onNext(421)) - omNode-1@group-523986131536->omNode-2-InstallSnapshotResponseHandler: InstallSnapshot in progress.
2022-10-18 06:30:58,771 [omNode-1@group-523986131536->omNode-2-GrpcLogAppender-LogAppenderDaemon] INFO  server.GrpcLogAppender (GrpcLogAppender.java:installSnapshot(541)) - omNode-1@group-523986131536->omNode-2-GrpcLogAppender: followerNextIndex = 57 but logStartIndex = 59, notify follower to install snapshot-(t:5, i:59)
2022-10-18 06:30:58,771 [omNode-1@group-523986131536->omNode-2-GrpcLogAppender-LogAppenderDaemon] INFO  server.GrpcLogAppender (GrpcLogAppender.java:installSnapshot(549)) - omNode-1@group-523986131536->omNode-2-GrpcLogAppender: send omNode-1->omNode-2#0-t6,notify:(t:5, i:59)
2022-10-18 06:30:58,775 [omNode-2-server-thread1] INFO  server.RaftServer$Division (RaftServerImpl.java:checkInconsistentAppendEntries(1402)) - omNode-2@group-523986131536: Failed appendEntries as snapshot (59) installation is in progress
2022-10-18 06:30:58,775 [omNode-2-server-thread1] INFO  server.RaftServer$Division (RaftServerImpl.java:checkInconsistentAppendEntries(1394)) - omNode-2@group-523986131536: inconsistency entries. Reply:omNode-1<-omNode-2#6:FAIL-t6,INCONSISTENCY,nextIndex=57,followerCommit=56
2022-10-18 06:30:58,776 [grpc-default-executor-1] INFO  impl.SnapshotInstallationHandler (SnapshotInstallationHandler.java:installSnapshot(84)) - omNode-2@group-523986131536: receive installSnapshot: omNode-1->omNode-2#0-t6,notify:(t:5, i:59)
2022-10-18 06:30:58,776 [grpc-default-executor-1] INFO  impl.SnapshotInstallationHandler (SnapshotInstallationHandler.java:installSnapshot(95)) - omNode-2@group-523986131536: reply installSnapshot: omNode-1<-omNode-2#0:FAIL-t6,IN_PROGRESS
2022-10-18 06:30:58,777 [grpc-default-executor-1] INFO  server.GrpcServerProtocolService (GrpcServerProtocolService.java:onCompleted(140)) - omNode-2: Completed INSTALL_SNAPSHOT, lastRequest: omNode-1->omNode-2#0-t6,notify:(t:5, i:59)
2022-10-18 06:30:58,777 [grpc-default-executor-2] INFO  leader.FollowerInfo (FollowerInfoImpl.java:lambda$new$0(48)) - omNode-1@group-523986131536->omNode-2: nextIndex: updateUnconditionally 57 -> 57
2022-10-18 06:30:58,788 [grpc-default-executor-1] INFO  server.GrpcLogAppender (GrpcLogAppender.java:onNext(403)) - omNode-1@group-523986131536->omNode-2-InstallSnapshotResponseHandler: received a reply omNode-1<-omNode-2#0:FAIL-t6,IN_PROGRESS
2022-10-18 06:30:58,789 [grpc-default-executor-1] INFO  server.GrpcLogAppender (GrpcLogAppender.java:onNext(421)) - omNode-1@group-523986131536->omNode-2-InstallSnapshotResponseHandler: InstallSnapshot in progress.
2022-10-18 06:30:58,789 [omNode-1@group-523986131536->omNode-2-GrpcLogAppender-LogAppenderDaemon] INFO  server.GrpcLogAppender (GrpcLogAppender.java:installSnapshot(541)) - omNode-1@group-523986131536->omNode-2-GrpcLogAppender: followerNextIndex = 57 but logStartIndex = 59, notify follower to install snapshot-(t:5, i:59)
2022-10-18 06:30:58,789 [omNode-1@group-523986131536->omNode-2-GrpcLogAppender-LogAppenderDaemon] INFO  server.GrpcLogAppender (GrpcLogAppender.java:installSnapshot(549)) - omNode-1@group-523986131536->omNode-2-GrpcLogAppender: send omNode-1->omNode-2#0-t6,notify:(t:5, i:59)
2022-10-18 06:30:58,790 [omNode-2-server-thread1] INFO  server.RaftServer$Division (RaftServerImpl.java:checkInconsistentAppendEntries(1402)) - omNode-2@group-523986131536: Failed appendEntries as snapshot (59) installation is in progress
2022-10-18 06:30:58,790 [grpc-default-executor-1] INFO  impl.SnapshotInstallationHandler (SnapshotInstallationHandler.java:installSnapshot(84)) - omNode-2@group-523986131536: receive installSnapshot: omNode-1->omNode-2#0-t6,notify:(t:5, i:59)
2022-10-18 06:30:58,790 [omNode-2-server-thread1] INFO  server.RaftServer$Division (RaftServerImpl.java:checkInconsistentAppendEntries(1394)) - omNode-2@group-523986131536: inconsistency entries. Reply:omNode-1<-omNode-2#7:FAIL-t6,INCONSISTENCY,nextIndex=57,followerCommit=56
2022-10-18 06:30:58,790 [grpc-default-executor-1] INFO  impl.SnapshotInstallationHandler (SnapshotInstallationHandler.java:installSnapshot(95)) - omNode-2@group-523986131536: reply installSnapshot: omNode-1<-omNode-2#0:FAIL-t6,IN_PROGRESS
2022-10-18 06:30:58,790 [grpc-default-executor-1] INFO  server.GrpcServerProtocolService (GrpcServerProtocolService.java:onCompleted(140)) - omNode-2: Completed INSTALL_SNAPSHOT, lastRequest: omNode-1->omNode-2#0-t6,notify:(t:5, i:59)
2022-10-18 06:30:58,791 [grpc-default-executor-0] INFO  leader.FollowerInfo (FollowerInfoImpl.java:lambda$new$0(48)) - omNode-1@group-523986131536->omNode-2: nextIndex: updateUnconditionally 57 -> 57
2022-10-18 06:30:58,791 [grpc-default-executor-2] INFO  server.GrpcLogAppender (GrpcLogAppender.java:onNext(403)) - omNode-1@group-523986131536->omNode-2-InstallSnapshotResponseHandler: received a reply omNode-1<-omNode-2#0:FAIL-t6,IN_PROGRESS
2022-10-18 06:30:58,791 [grpc-default-executor-2] INFO  server.GrpcLogAppender (GrpcLogAppender.java:onNext(421)) - omNode-1@group-523986131536->omNode-2-InstallSnapshotResponseHandler: InstallSnapshot in progress.
2022-10-18 06:30:58,791 [omNode-1@group-523986131536->omNode-2-GrpcLogAppender-LogAppenderDaemon] INFO  server.GrpcLogAppender (GrpcLogAppender.java:installSnapshot(541)) - omNode-1@group-523986131536->omNode-2-GrpcLogAppender: followerNextIndex = 57 but logStartIndex = 59, notify follower to install snapshot-(t:5, i:59)
2022-10-18 06:30:58,791 [omNode-1@group-523986131536->omNode-2-GrpcLogAppender-LogAppenderDaemon] INFO  server.GrpcLogAppender (GrpcLogAppender.java:installSnapshot(549)) - omNode-1@group-523986131536->omNode-2-GrpcLogAppender: send omNode-1->omNode-2#0-t6,notify:(t:5, i:59)
2022-10-18 06:30:58,794 [omNode-2-server-thread1] INFO  server.RaftServer$Division (RaftServerImpl.java:checkInconsistentAppendEntries(1402)) - omNode-2@group-523986131536: Failed appendEntries as snapshot (59) installation is in progress
2022-10-18 06:30:58,794 [grpc-default-executor-1] INFO  impl.SnapshotInstallationHandler (SnapshotInstallationHandler.java:installSnapshot(84)) - omNode-2@group-523986131536: receive installSnapshot: omNode-1->omNode-2#0-t6,notify:(t:5, i:59)
2022-10-18 06:30:58,794 [omNode-2-server-thread1] INFO  server.RaftServer$Division (RaftServerImpl.java:checkInconsistentAppendEntries(1394)) - omNode-2@group-523986131536: inconsistency entries. Reply:omNode-1<-omNode-2#8:FAIL-t6,INCONSISTENCY,nextIndex=57,followerCommit=56
2022-10-18 06:30:58,794 [grpc-default-executor-2] INFO  leader.FollowerInfo (FollowerInfoImpl.java:lambda$new$0(48)) - omNode-1@group-523986131536->omNode-2: nextIndex: updateUnconditionally 57 -> 57
2022-10-18 06:30:58,794 [grpc-default-executor-1] INFO  impl.SnapshotInstallationHandler (SnapshotInstallationHandler.java:installSnapshot(95)) - omNode-2@group-523986131536: reply installSnapshot: omNode-1<-omNode-2#0:FAIL-t6,IN_PROGRESS
2022-10-18 06:30:58,794 [grpc-default-executor-1] INFO  server.GrpcServerProtocolService (GrpcServerProtocolService.java:onCompleted(140)) - omNode-2: Completed INSTALL_SNAPSHOT, lastRequest: omNode-1->omNode-2#0-t6,notify:(t:5, i:59)
2022-10-18 06:30:58,795 [grpc-default-executor-2] INFO  server.GrpcLogAppender (GrpcLogAppender.java:onNext(403)) - omNode-1@group-523986131536->omNode-2-InstallSnapshotResponseHandler: received a reply omNode-1<-omNode-2#0:FAIL-t6,IN_PROGRESS
2022-10-18 06:30:58,795 [grpc-default-executor-2] INFO  server.GrpcLogAppender (GrpcLogAppender.java:onNext(421)) - omNode-1@group-523986131536->omNode-2-InstallSnapshotResponseHandler: InstallSnapshot in progress.
2022-10-18 06:30:58,795 [omNode-1@group-523986131536->omNode-2-GrpcLogAppender-LogAppenderDaemon] INFO  server.GrpcLogAppender (GrpcLogAppender.java:installSnapshot(541)) - omNode-1@group-523986131536->omNode-2-GrpcLogAppender: followerNextIndex = 57 but logStartIndex = 59, notify follower to install snapshot-(t:5, i:59)
2022-10-18 06:30:58,795 [omNode-1@group-523986131536->omNode-2-GrpcLogAppender-LogAppenderDaemon] INFO  server.GrpcLogAppender (GrpcLogAppender.java:installSnapshot(549)) - omNode-1@group-523986131536->omNode-2-GrpcLogAppender: send omNode-1->omNode-2#0-t6,notify:(t:5, i:59)
2022-10-18 06:30:58,796 [omNode-2-server-thread1] INFO  server.RaftServer$Division (RaftServerImpl.java:checkInconsistentAppendEntries(1402)) - omNode-2@group-523986131536: Failed appendEntries as snapshot (59) installation is in progress
2022-10-18 06:30:58,796 [omNode-2-server-thread1] INFO  server.RaftServer$Division (RaftServerImpl.java:checkInconsistentAppendEntries(1394)) - omNode-2@group-523986131536: inconsistency entries. Reply:omNode-1<-omNode-2#9:FAIL-t6,INCONSISTENCY,nextIndex=57,followerCommit=56
2022-10-18 06:30:58,796 [grpc-default-executor-2] INFO  impl.SnapshotInstallationHandler (SnapshotInstallationHandler.java:installSnapshot(84)) - omNode-2@group-523986131536: receive installSnapshot: omNode-1->omNode-2#0-t6,notify:(t:5, i:59)
2022-10-18 06:30:58,797 [grpc-default-executor-2] INFO  impl.SnapshotInstallationHandler (SnapshotInstallationHandler.java:installSnapshot(95)) - omNode-2@group-523986131536: reply installSnapshot: omNode-1<-omNode-2#0:FAIL-t6,IN_PROGRESS
2022-10-18 06:30:58,797 [grpc-default-executor-2] INFO  server.GrpcServerProtocolService (GrpcServerProtocolService.java:onCompleted(140)) - omNode-2: Completed INSTALL_SNAPSHOT, lastRequest: omNode-1->omNode-2#0-t6,notify:(t:5, i:59)
2022-10-18 06:30:58,797 [grpc-default-executor-2] INFO  leader.FollowerInfo (FollowerInfoImpl.java:lambda$new$0(48)) - omNode-1@group-523986131536->omNode-2: nextIndex: updateUnconditionally 57 -> 57
2022-10-18 06:30:58,797 [grpc-default-executor-0] INFO  server.GrpcLogAppender (GrpcLogAppender.java:onNext(403)) - omNode-1@group-523986131536->omNode-2-InstallSnapshotResponseHandler: received a reply omNode-1<-omNode-2#0:FAIL-t6,IN_PROGRESS
2022-10-18 06:30:58,797 [grpc-default-executor-0] INFO  server.GrpcLogAppender (GrpcLogAppender.java:onNext(421)) - omNode-1@group-523986131536->omNode-2-InstallSnapshotResponseHandler: InstallSnapshot in progress.
2022-10-18 06:30:58,798 [omNode-1@group-523986131536->omNode-2-GrpcLogAppender-LogAppenderDaemon] INFO  server.GrpcLogAppender (GrpcLogAppender.java:installSnapshot(541)) - omNode-1@group-523986131536->omNode-2-GrpcLogAppender: followerNextIndex = 57 but logStartIndex = 59, notify follower to install snapshot-(t:5, i:59)
2022-10-18 06:30:58,798 [omNode-1@group-523986131536->omNode-2-GrpcLogAppender-LogAppenderDaemon] INFO  server.GrpcLogAppender (GrpcLogAppender.java:installSnapshot(549)) - omNode-1@group-523986131536->omNode-2-GrpcLogAppender: send omNode-1->omNode-2#0-t6,notify:(t:5, i:59)
2022-10-18 06:30:58,799 [omNode-2-server-thread1] INFO  server.RaftServer$Division (RaftServerImpl.java:checkInconsistentAppendEntries(1402)) - omNode-2@group-523986131536: Failed appendEntries as snapshot (59) installation is in progress
2022-10-18 06:30:58,799 [omNode-2-server-thread1] INFO  server.RaftServer$Division (RaftServerImpl.java:checkInconsistentAppendEntries(1394)) - omNode-2@group-523986131536: inconsistency entries. Reply:omNode-1<-omNode-2#10:FAIL-t6,INCONSISTENCY,nextIndex=57,followerCommit=56
2022-10-18 06:30:58,799 [grpc-default-executor-1] INFO  impl.SnapshotInstallationHandler (SnapshotInstallationHandler.java:installSnapshot(84)) - omNode-2@group-523986131536: receive installSnapshot: omNode-1->omNode-2#0-t6,notify:(t:5, i:59)
2022-10-18 06:30:58,799 [grpc-default-executor-1] INFO  impl.SnapshotInstallationHandler (SnapshotInstallationHandler.java:installSnapshot(95)) - omNode-2@group-523986131536: reply installSnapshot: omNode-1<-omNode-2#0:FAIL-t6,IN_PROGRESS
2022-10-18 06:30:58,799 [grpc-default-executor-1] INFO  server.GrpcServerProtocolService (GrpcServerProtocolService.java:onCompleted(140)) - omNode-2: Completed INSTALL_SNAPSHOT, lastRequest: omNode-1->omNode-2#0-t6,notify:(t:5, i:59)
2022-10-18 06:30:58,800 [grpc-default-executor-0] INFO  leader.FollowerInfo (FollowerInfoImpl.java:lambda$new$0(48)) - omNode-1@group-523986131536->omNode-2: nextIndex: updateUnconditionally 57 -> 57
2022-10-18 06:30:58,800 [grpc-default-executor-1] INFO  server.GrpcLogAppender (GrpcLogAppender.java:onNext(403)) - omNode-1@group-523986131536->omNode-2-InstallSnapshotResponseHandler: received a reply omNode-1<-omNode-2#0:FAIL-t6,IN_PROGRESS
2022-10-18 06:30:58,800 [grpc-default-executor-1] INFO  server.GrpcLogAppender (GrpcLogAppender.java:onNext(421)) - omNode-1@group-523986131536->omNode-2-InstallSnapshotResponseHandler: InstallSnapshot in progress.
2022-10-18 06:30:58,800 [omNode-1@group-523986131536->omNode-2-GrpcLogAppender-LogAppenderDaemon] INFO  server.GrpcLogAppender (GrpcLogAppender.java:installSnapshot(541)) - omNode-1@group-523986131536->omNode-2-GrpcLogAppender: followerNextIndex = 57 but logStartIndex = 59, notify follower to install snapshot-(t:5, i:59)
2022-10-18 06:30:58,801 [omNode-1@group-523986131536->omNode-2-GrpcLogAppender-LogAppenderDaemon] INFO  server.GrpcLogAppender (GrpcLogAppender.java:installSnapshot(549)) - omNode-1@group-523986131536->omNode-2-GrpcLogAppender: send omNode-1->omNode-2#0-t6,notify:(t:5, i:59)
2022-10-18 06:30:58,801 [omNode-2-server-thread1] INFO  server.RaftServer$Division (RaftServerImpl.java:checkInconsistentAppendEntries(1402)) - omNode-2@group-523986131536: Failed appendEntries as snapshot (59) installation is in progress
2022-10-18 06:30:58,801 [omNode-2-server-thread1] INFO  server.RaftServer$Division (RaftServerImpl.java:checkInconsistentAppendEntries(1394)) - omNode-2@group-523986131536: inconsistency entries. Reply:omNode-1<-omNode-2#11:FAIL-t6,INCONSISTENCY,nextIndex=57,followerCommit=56
2022-10-18 06:30:58,802 [grpc-default-executor-2] INFO  impl.SnapshotInstallationHandler (SnapshotInstallationHandler.java:installSnapshot(84)) - omNode-2@group-523986131536: receive installSnapshot: omNode-1->omNode-2#0-t6,notify:(t:5, i:59)
2022-10-18 06:30:58,802 [grpc-default-executor-2] INFO  impl.SnapshotInstallationHandler (SnapshotInstallationHandler.java:installSnapshot(95)) - omNode-2@group-523986131536: reply installSnapshot: omNode-1<-omNode-2#0:FAIL-t6,IN_PROGRESS
2022-10-18 06:30:58,802 [grpc-default-executor-2] INFO  server.GrpcServerProtocolService (GrpcServerProtocolService.java:onCompleted(140)) - omNode-2: Completed INSTALL_SNAPSHOT, lastRequest: omNode-1->omNode-2#0-t6,notify:(t:5, i:59)
2022-10-18 06:30:58,803 [grpc-default-executor-2] INFO  server.GrpcLogAppender (GrpcLogAppender.java:onNext(403)) - omNode-1@group-523986131536->omNode-2-InstallSnapshotResponseHandler: received a reply omNode-1<-omNode-2#0:FAIL-t6,IN_PROGRESS
2022-10-18 06:30:58,803 [grpc-default-executor-2] INFO  server.GrpcLogAppender (GrpcLogAppender.java:onNext(421)) - omNode-1@group-523986131536->omNode-2-InstallSnapshotResponseHandler: InstallSnapshot in progress.
2022-10-18 06:30:58,803 [omNode-1@group-523986131536->omNode-2-GrpcLogAppender-LogAppenderDaemon] INFO  server.GrpcLogAppender (GrpcLogAppender.java:installSnapshot(541)) - omNode-1@group-523986131536->omNode-2-GrpcLogAppender: followerNextIndex = 57 but logStartIndex = 59, notify follower to install snapshot-(t:5, i:59)
2022-10-18 06:30:58,803 [omNode-1@group-523986131536->omNode-2-GrpcLogAppender-LogAppenderDaemon] INFO  server.GrpcLogAppender (GrpcLogAppender.java:installSnapshot(549)) - omNode-1@group-523986131536->omNode-2-GrpcLogAppender: send omNode-1->omNode-2#0-t6,notify:(t:5, i:59)
2022-10-18 06:30:58,803 [grpc-default-executor-1] INFO  leader.FollowerInfo (FollowerInfoImpl.java:lambda$new$0(48)) - omNode-1@group-523986131536->omNode-2: nextIndex: updateUnconditionally 57 -> 57
2022-10-18 06:30:58,804 [omNode-2-server-thread1] INFO  server.RaftServer$Division (RaftServerImpl.java:checkInconsistentAppendEntries(1402)) - omNode-2@group-523986131536: Failed appendEntries as snapshot (59) installation is in progress
2022-10-18 06:30:58,804 [omNode-2-server-thread1] INFO  server.RaftServer$Division (RaftServerImpl.java:checkInconsistentAppendEntries(1394)) - omNode-2@group-523986131536: inconsistency entries. Reply:omNode-1<-omNode-2#12:FAIL-t6,INCONSISTENCY,nextIndex=57,followerCommit=56
2022-10-18 06:30:58,804 [grpc-default-executor-0] INFO  impl.SnapshotInstallationHandler (SnapshotInstallationHandler.java:installSnapshot(84)) - omNode-2@group-523986131536: receive installSnapshot: omNode-1->omNode-2#0-t6,notify:(t:5, i:59)
2022-10-18 06:30:58,804 [grpc-default-executor-0] INFO  impl.SnapshotInstallationHandler (SnapshotInstallationHandler.java:installSnapshot(95)) - omNode-2@group-523986131536: reply installSnapshot: omNode-1<-omNode-2#0:FAIL-t6,IN_PROGRESS
2022-10-18 06:30:58,804 [grpc-default-executor-0] INFO  server.GrpcServerProtocolService (GrpcServerProtocolService.java:onCompleted(140)) - omNode-2: Completed INSTALL_SNAPSHOT, lastRequest: omNode-1->omNode-2#0-t6,notify:(t:5, i:59)
2022-10-18 06:30:58,805 [grpc-default-executor-1] INFO  leader.FollowerInfo (FollowerInfoImpl.java:lambda$new$0(48)) - omNode-1@group-523986131536->omNode-2: nextIndex: updateUnconditionally 57 -> 57
2022-10-18 06:30:58,805 [grpc-default-executor-0] INFO  server.GrpcLogAppender (GrpcLogAppender.java:onNext(403)) - omNode-1@group-523986131536->omNode-2-InstallSnapshotResponseHandler: received a reply omNode-1<-omNode-2#0:FAIL-t6,IN_PROGRESS
2022-10-18 06:30:58,805 [grpc-default-executor-0] INFO  server.GrpcLogAppender (GrpcLogAppender.java:onNext(421)) - omNode-1@group-523986131536->omNode-2-InstallSnapshotResponseHandler: InstallSnapshot in progress.
2022-10-18 06:30:58,805 [omNode-1@group-523986131536->omNode-2-GrpcLogAppender-LogAppenderDaemon] INFO  server.GrpcLogAppender (GrpcLogAppender.java:installSnapshot(541)) - omNode-1@group-523986131536->omNode-2-GrpcLogAppender: followerNextIndex = 57 but logStartIndex = 59, notify follower to install snapshot-(t:5, i:59)
2022-10-18 06:30:58,806 [omNode-1@group-523986131536->omNode-2-GrpcLogAppender-LogAppenderDaemon] INFO  server.GrpcLogAppender (GrpcLogAppender.java:installSnapshot(549)) - omNode-1@group-523986131536->omNode-2-GrpcLogAppender: send omNode-1->omNode-2#0-t6,notify:(t:5, i:59)
2022-10-18 06:30:58,806 [omNode-2-server-thread1] INFO  server.RaftServer$Division (RaftServerImpl.java:checkInconsistentAppendEntries(1402)) - omNode-2@group-523986131536: Failed appendEntries as snapshot (59) installation is in progress
2022-10-18 06:30:58,806 [omNode-2-server-thread1] INFO  server.RaftServer$Division (RaftServerImpl.java:checkInconsistentAppendEntries(1394)) - omNode-2@group-523986131536: inconsistency entries. Reply:omNode-1<-omNode-2#13:FAIL-t6,INCONSISTENCY,nextIndex=57,followerCommit=56
2022-10-18 06:30:58,807 [grpc-default-executor-1] INFO  impl.SnapshotInstallationHandler (SnapshotInstallationHandler.java:installSnapshot(84)) - omNode-2@group-523986131536: receive installSnapshot: omNode-1->omNode-2#0-t6,notify:(t:5, i:59)
2022-10-18 06:30:58,807 [grpc-default-executor-1] INFO  impl.SnapshotInstallationHandler (SnapshotInstallationHandler.java:installSnapshot(95)) - omNode-2@group-523986131536: reply installSnapshot: omNode-1<-omNode-2#0:FAIL-t6,IN_PROGRESS
2022-10-18 06:30:58,807 [grpc-default-executor-1] INFO  server.GrpcServerProtocolService (GrpcServerProtocolService.java:onCompleted(140)) - omNode-2: Completed INSTALL_SNAPSHOT, lastRequest: omNode-1->omNode-2#0-t6,notify:(t:5, i:59)
2022-10-18 06:30:58,807 [grpc-default-executor-0] INFO  leader.FollowerInfo (FollowerInfoImpl.java:lambda$new$0(48)) - omNode-1@group-523986131536->omNode-2: nextIndex: updateUnconditionally 57 -> 57
2022-10-18 06:30:58,808 [grpc-default-executor-0] INFO  server.GrpcLogAppender (GrpcLogAppender.java:onNext(403)) - omNode-1@group-523986131536->omNode-2-InstallSnapshotResponseHandler: received a reply omNode-1<-omNode-2#0:FAIL-t6,IN_PROGRESS
2022-10-18 06:30:58,808 [grpc-default-executor-0] INFO  server.GrpcLogAppender (GrpcLogAppender.java:onNext(421)) - omNode-1@group-523986131536->omNode-2-InstallSnapshotResponseHandler: InstallSnapshot in progress.
2022-10-18 06:30:58,808 [omNode-1@group-523986131536->omNode-2-GrpcLogAppender-LogAppenderDaemon] INFO  server.GrpcLogAppender (GrpcLogAppender.java:installSnapshot(541)) - omNode-1@group-523986131536->omNode-2-GrpcLogAppender: followerNextIndex = 57 but logStartIndex = 59, notify follower to install snapshot-(t:5, i:59)
2022-10-18 06:30:58,808 [omNode-1@group-523986131536->omNode-2-GrpcLogAppender-LogAppenderDaemon] INFO  server.GrpcLogAppender (GrpcLogAppender.java:installSnapshot(549)) - omNode-1@group-523986131536->omNode-2-GrpcLogAppender: send omNode-1->omNode-2#0-t6,notify:(t:5, i:59)
2022-10-18 06:30:58,811 [omNode-2-server-thread1] INFO  server.RaftServer$Division (RaftServerImpl.java:checkInconsistentAppendEntries(1402)) - omNode-2@group-523986131536: Failed appendEntries as snapshot (59) installation is in progress
2022-10-18 06:30:58,811 [omNode-2-server-thread1] INFO  server.RaftServer$Division (RaftServerImpl.java:checkInconsistentAppendEntries(1394)) - omNode-2@group-523986131536: inconsistency entries. Reply:omNode-1<-omNode-2#14:FAIL-t6,INCONSISTENCY,nextIndex=57,followerCommit=56
2022-10-18 06:30:58,811 [grpc-default-executor-0] INFO  impl.SnapshotInstallationHandler (SnapshotInstallationHandler.java:installSnapshot(84)) - omNode-2@group-523986131536: receive installSnapshot: omNode-1->omNode-2#0-t6,notify:(t:5, i:59)
2022-10-18 06:30:58,811 [grpc-default-executor-0] INFO  impl.SnapshotInstallationHandler (SnapshotInstallationHandler.java:installSnapshot(95)) - omNode-2@group-523986131536: reply installSnapshot: omNode-1<-omNode-2#0:FAIL-t6,IN_PROGRESS
2022-10-18 06:30:58,811 [grpc-default-executor-0] INFO  server.GrpcServerProtocolService (GrpcServerProtocolService.java:onCompleted(140)) - omNode-2: Completed INSTALL_SNAPSHOT, lastRequest: omNode-1->omNode-2#0-t6,notify:(t:5, i:59)
2022-10-18 06:30:58,815 [grpc-default-executor-0] INFO  leader.FollowerInfo (FollowerInfoImpl.java:lambda$new$0(48)) - omNode-1@group-523986131536->omNode-2: nextIndex: updateUnconditionally 57 -> 57
2022-10-18 06:30:58,815 [grpc-default-executor-0] INFO  server.GrpcLogAppender (GrpcLogAppender.java:onNext(403)) - omNode-1@group-523986131536->omNode-2-InstallSnapshotResponseHandler: received a reply omNode-1<-omNode-2#0:FAIL-t6,IN_PROGRESS
2022-10-18 06:30:58,816 [grpc-default-executor-0] INFO  server.GrpcLogAppender (GrpcLogAppender.java:onNext(421)) - omNode-1@group-523986131536->omNode-2-InstallSnapshotResponseHandler: InstallSnapshot in progress.
2022-10-18 06:30:58,816 [omNode-1@group-523986131536->omNode-2-GrpcLogAppender-LogAppenderDaemon] INFO  server.GrpcLogAppender (GrpcLogAppender.java:installSnapshot(541)) - omNode-1@group-523986131536->omNode-2-GrpcLogAppender: followerNextIndex = 57 but logStartIndex = 59, notify follower to install snapshot-(t:5, i:59)
2022-10-18 06:30:58,816 [omNode-1@group-523986131536->omNode-2-GrpcLogAppender-LogAppenderDaemon] INFO  server.GrpcLogAppender (GrpcLogAppender.java:installSnapshot(549)) - omNode-1@group-523986131536->omNode-2-GrpcLogAppender: send omNode-1->omNode-2#0-t6,notify:(t:5, i:59)
2022-10-18 06:30:58,817 [omNode-2-server-thread1] INFO  server.RaftServer$Division (RaftServerImpl.java:checkInconsistentAppendEntries(1402)) - omNode-2@group-523986131536: Failed appendEntries as snapshot (59) installation is in progress
2022-10-18 06:30:58,817 [omNode-2-server-thread1] INFO  server.RaftServer$Division (RaftServerImpl.java:checkInconsistentAppendEntries(1394)) - omNode-2@group-523986131536: inconsistency entries. Reply:omNode-1<-omNode-2#15:FAIL-t6,INCONSISTENCY,nextIndex=57,followerCommit=56
2022-10-18 06:30:58,817 [grpc-default-executor-1] INFO  impl.SnapshotInstallationHandler (SnapshotInstallationHandler.java:installSnapshot(84)) - omNode-2@group-523986131536: receive installSnapshot: omNode-1->omNode-2#0-t6,notify:(t:5, i:59)
2022-10-18 06:30:58,817 [grpc-default-executor-1] INFO  impl.SnapshotInstallationHandler (SnapshotInstallationHandler.java:installSnapshot(95)) - omNode-2@group-523986131536: reply installSnapshot: omNode-1<-omNode-2#0:FAIL-t6,IN_PROGRESS
2022-10-18 06:30:58,817 [grpc-default-executor-1] INFO  server.GrpcServerProtocolService (GrpcServerProtocolService.java:onCompleted(140)) - omNode-2: Completed INSTALL_SNAPSHOT, lastRequest: omNode-1->omNode-2#0-t6,notify:(t:5, i:59)
2022-10-18 06:30:58,818 [grpc-default-executor-1] INFO  leader.FollowerInfo (FollowerInfoImpl.java:lambda$new$0(48)) - omNode-1@group-523986131536->omNode-2: nextIndex: updateUnconditionally 57 -> 57
2022-10-18 06:30:58,818 [grpc-default-executor-1] INFO  server.GrpcLogAppender (GrpcLogAppender.java:onNext(403)) - omNode-1@group-523986131536->omNode-2-InstallSnapshotResponseHandler: received a reply omNode-1<-omNode-2#0:FAIL-t6,IN_PROGRESS
2022-10-18 06:30:58,818 [grpc-default-executor-1] INFO  server.GrpcLogAppender (GrpcLogAppender.java:onNext(421)) - omNode-1@group-523986131536->omNode-2-InstallSnapshotResponseHandler: InstallSnapshot in progress.
2022-10-18 06:30:58,818 [omNode-1@group-523986131536->omNode-2-GrpcLogAppender-LogAppenderDaemon] INFO  server.GrpcLogAppender (GrpcLogAppender.java:installSnapshot(541)) - omNode-1@group-523986131536->omNode-2-GrpcLogAppender: followerNextIndex = 57 but logStartIndex = 59, notify follower to install snapshot-(t:5, i:59)
2022-10-18 06:30:58,818 [omNode-1@group-523986131536->omNode-2-GrpcLogAppender-LogAppenderDaemon] INFO  server.GrpcLogAppender (GrpcLogAppender.java:installSnapshot(549)) - omNode-1@group-523986131536->omNode-2-GrpcLogAppender: send omNode-1->omNode-2#0-t6,notify:(t:5, i:59)
2022-10-18 06:30:58,820 [omNode-2-server-thread1] INFO  server.RaftServer$Division (RaftServerImpl.java:checkInconsistentAppendEntries(1402)) - omNode-2@group-523986131536: Failed appendEntries as snapshot (59) installation is in progress
2022-10-18 06:30:58,820 [omNode-2-server-thread1] INFO  server.RaftServer$Division (RaftServerImpl.java:checkInconsistentAppendEntries(1394)) - omNode-2@group-523986131536: inconsistency entries. Reply:omNode-1<-omNode-2#16:FAIL-t6,INCONSISTENCY,nextIndex=57,followerCommit=56
2022-10-18 06:30:58,822 [grpc-default-executor-1] INFO  impl.SnapshotInstallationHandler (SnapshotInstallationHandler.java:installSnapshot(84)) - omNode-2@group-523986131536: receive installSnapshot: omNode-1->omNode-2#0-t6,notify:(t:5, i:59)
2022-10-18 06:30:58,823 [grpc-default-executor-1] INFO  impl.SnapshotInstallationHandler (SnapshotInstallationHandler.java:installSnapshot(95)) - omNode-2@group-523986131536: reply installSnapshot: omNode-1<-omNode-2#0:FAIL-t6,IN_PROGRESS
2022-10-18 06:30:58,823 [grpc-default-executor-1] INFO  server.GrpcServerProtocolService (GrpcServerProtocolService.java:onCompleted(140)) - omNode-2: Completed INSTALL_SNAPSHOT, lastRequest: omNode-1->omNode-2#0-t6,notify:(t:5, i:59)
2022-10-18 06:30:58,823 [grpc-default-executor-1] INFO  leader.FollowerInfo (FollowerInfoImpl.java:lambda$new$0(48)) - omNode-1@group-523986131536->omNode-2: nextIndex: updateUnconditionally 57 -> 57
2022-10-18 06:30:58,824 [grpc-default-executor-1] INFO  server.GrpcLogAppender (GrpcLogAppender.java:onNext(403)) - omNode-1@group-523986131536->omNode-2-InstallSnapshotResponseHandler: received a reply omNode-1<-omNode-2#0:FAIL-t6,IN_PROGRESS
2022-10-18 06:30:58,824 [grpc-default-executor-1] INFO  server.GrpcLogAppender (GrpcLogAppender.java:onNext(421)) - omNode-1@group-523986131536->omNode-2-InstallSnapshotResponseHandler: InstallSnapshot in progress.
2022-10-18 06:30:58,824 [omNode-1@group-523986131536->omNode-2-GrpcLogAppender-LogAppenderDaemon] INFO  server.GrpcLogAppender (GrpcLogAppender.java:installSnapshot(541)) - omNode-1@group-523986131536->omNode-2-GrpcLogAppender: followerNextIndex = 57 but logStartIndex = 59, notify follower to install snapshot-(t:5, i:59)
2022-10-18 06:30:58,824 [omNode-1@group-523986131536->omNode-2-GrpcLogAppender-LogAppenderDaemon] INFO  server.GrpcLogAppender (GrpcLogAppender.java:installSnapshot(549)) - omNode-1@group-523986131536->omNode-2-GrpcLogAppender: send omNode-1->omNode-2#0-t6,notify:(t:5, i:59)
2022-10-18 06:30:58,825 [omNode-2-server-thread1] INFO  server.RaftServer$Division (RaftServerImpl.java:checkInconsistentAppendEntries(1402)) - omNode-2@group-523986131536: Failed appendEntries as snapshot (59) installation is in progress
2022-10-18 06:30:58,825 [omNode-2-server-thread1] INFO  server.RaftServer$Division (RaftServerImpl.java:checkInconsistentAppendEntries(1394)) - omNode-2@group-523986131536: inconsistency entries. Reply:omNode-1<-omNode-2#17:FAIL-t6,INCONSISTENCY,nextIndex=57,followerCommit=56
2022-10-18 06:30:58,825 [grpc-default-executor-1] INFO  impl.SnapshotInstallationHandler (SnapshotInstallationHandler.java:installSnapshot(84)) - omNode-2@group-523986131536: receive installSnapshot: omNode-1->omNode-2#0-t6,notify:(t:5, i:59)
2022-10-18 06:30:58,825 [grpc-default-executor-1] INFO  impl.SnapshotInstallationHandler (SnapshotInstallationHandler.java:installSnapshot(95)) - omNode-2@group-523986131536: reply installSnapshot: omNode-1<-omNode-2#0:FAIL-t6,IN_PROGRESS
2022-10-18 06:30:58,825 [grpc-default-executor-1] INFO  server.GrpcServerProtocolService (GrpcServerProtocolService.java:onCompleted(140)) - omNode-2: Completed INSTALL_SNAPSHOT, lastRequest: omNode-1->omNode-2#0-t6,notify:(t:5, i:59)
2022-10-18 06:30:58,826 [grpc-default-executor-0] INFO  leader.FollowerInfo (FollowerInfoImpl.java:lambda$new$0(48)) - omNode-1@group-523986131536->omNode-2: nextIndex: updateUnconditionally 57 -> 57
2022-10-18 06:30:58,826 [grpc-default-executor-0] INFO  server.GrpcLogAppender (GrpcLogAppender.java:onNext(403)) - omNode-1@group-523986131536->omNode-2-InstallSnapshotResponseHandler: received a reply omNode-1<-omNode-2#0:FAIL-t6,IN_PROGRESS
2022-10-18 06:30:58,826 [grpc-default-executor-0] INFO  server.GrpcLogAppender (GrpcLogAppender.java:onNext(421)) - omNode-1@group-523986131536->omNode-2-InstallSnapshotResponseHandler: InstallSnapshot in progress.
2022-10-18 06:30:58,826 [omNode-1@group-523986131536->omNode-2-GrpcLogAppender-LogAppenderDaemon] INFO  server.GrpcLogAppender (GrpcLogAppender.java:installSnapshot(541)) - omNode-1@group-523986131536->omNode-2-GrpcLogAppender: followerNextIndex = 57 but logStartIndex = 59, notify follower to install snapshot-(t:5, i:59)
2022-10-18 06:30:58,826 [omNode-1@group-523986131536->omNode-2-GrpcLogAppender-LogAppenderDaemon] INFO  server.GrpcLogAppender (GrpcLogAppender.java:installSnapshot(549)) - omNode-1@group-523986131536->omNode-2-GrpcLogAppender: send omNode-1->omNode-2#0-t6,notify:(t:5, i:59)
2022-10-18 06:30:58,827 [omNode-2-server-thread1] INFO  server.RaftServer$Division (RaftServerImpl.java:checkInconsistentAppendEntries(1402)) - omNode-2@group-523986131536: Failed appendEntries as snapshot (59) installation is in progress
2022-10-18 06:30:58,827 [omNode-2-server-thread1] INFO  server.RaftServer$Division (RaftServerImpl.java:checkInconsistentAppendEntries(1394)) - omNode-2@group-523986131536: inconsistency entries. Reply:omNode-1<-omNode-2#18:FAIL-t6,INCONSISTENCY,nextIndex=57,followerCommit=56
2022-10-18 06:30:58,827 [grpc-default-executor-0] INFO  impl.SnapshotInstallationHandler (SnapshotInstallationHandler.java:installSnapshot(84)) - omNode-2@group-523986131536: receive installSnapshot: omNode-1->omNode-2#0-t6,notify:(t:5, i:59)
2022-10-18 06:30:58,828 [grpc-default-executor-0] INFO  impl.SnapshotInstallationHandler (SnapshotInstallationHandler.java:installSnapshot(95)) - omNode-2@group-523986131536: reply installSnapshot: omNode-1<-omNode-2#0:FAIL-t6,IN_PROGRESS
2022-10-18 06:30:58,828 [grpc-default-executor-0] INFO  server.GrpcServerProtocolService (GrpcServerProtocolService.java:onCompleted(140)) - omNode-2: Completed INSTALL_SNAPSHOT, lastRequest: omNode-1->omNode-2#0-t6,notify:(t:5, i:59)
2022-10-18 06:30:58,828 [grpc-default-executor-0] INFO  leader.FollowerInfo (FollowerInfoImpl.java:lambda$new$0(48)) - omNode-1@group-523986131536->omNode-2: nextIndex: updateUnconditionally 57 -> 57
2022-10-18 06:30:58,828 [grpc-default-executor-0] INFO  server.GrpcLogAppender (GrpcLogAppender.java:onNext(403)) - omNode-1@group-523986131536->omNode-2-InstallSnapshotResponseHandler: received a reply omNode-1<-omNode-2#0:FAIL-t6,IN_PROGRESS
2022-10-18 06:30:58,828 [grpc-default-executor-0] INFO  server.GrpcLogAppender (GrpcLogAppender.java:onNext(421)) - omNode-1@group-523986131536->omNode-2-InstallSnapshotResponseHandler: InstallSnapshot in progress.
2022-10-18 06:30:58,829 [omNode-1@group-523986131536->omNode-2-GrpcLogAppender-LogAppenderDaemon] INFO  server.GrpcLogAppender (GrpcLogAppender.java:installSnapshot(541)) - omNode-1@group-523986131536->omNode-2-GrpcLogAppender: followerNextIndex = 57 but logStartIndex = 59, notify follower to install snapshot-(t:5, i:59)
2022-10-18 06:30:58,829 [omNode-1@group-523986131536->omNode-2-GrpcLogAppender-LogAppenderDaemon] INFO  server.GrpcLogAppender (GrpcLogAppender.java:installSnapshot(549)) - omNode-1@group-523986131536->omNode-2-GrpcLogAppender: send omNode-1->omNode-2#0-t6,notify:(t:5, i:59)
2022-10-18 06:30:58,830 [omNode-2-server-thread1] INFO  server.RaftServer$Division (RaftServerImpl.java:checkInconsistentAppendEntries(1402)) - omNode-2@group-523986131536: Failed appendEntries as snapshot (59) installation is in progress
2022-10-18 06:30:58,830 [omNode-2-server-thread1] INFO  server.RaftServer$Division (RaftServerImpl.java:checkInconsistentAppendEntries(1394)) - omNode-2@group-523986131536: inconsistency entries. Reply:omNode-1<-omNode-2#19:FAIL-t6,INCONSISTENCY,nextIndex=57,followerCommit=56
2022-10-18 06:30:58,830 [grpc-default-executor-0] INFO  impl.SnapshotInstallationHandler (SnapshotInstallationHandler.java:installSnapshot(84)) - omNode-2@group-523986131536: receive installSnapshot: omNode-1->omNode-2#0-t6,notify:(t:5, i:59)
2022-10-18 06:30:58,830 [grpc-default-executor-0] INFO  impl.SnapshotInstallationHandler (SnapshotInstallationHandler.java:installSnapshot(95)) - omNode-2@group-523986131536: reply installSnapshot: omNode-1<-omNode-2#0:FAIL-t6,IN_PROGRESS
2022-10-18 06:30:58,830 [grpc-default-executor-0] INFO  server.GrpcServerProtocolService (GrpcServerProtocolService.java:onCompleted(140)) - omNode-2: Completed INSTALL_SNAPSHOT, lastRequest: omNode-1->omNode-2#0-t6,notify:(t:5, i:59)
2022-10-18 06:30:58,832 [grpc-default-executor-0] INFO  leader.FollowerInfo (FollowerInfoImpl.java:lambda$new$0(48)) - omNode-1@group-523986131536->omNode-2: nextIndex: updateUnconditionally 57 -> 57
2022-10-18 06:30:58,832 [grpc-default-executor-0] INFO  server.GrpcLogAppender (GrpcLogAppender.java:onNext(403)) - omNode-1@group-523986131536->omNode-2-InstallSnapshotResponseHandler: received a reply omNode-1<-omNode-2#0:FAIL-t6,IN_PROGRESS
2022-10-18 06:30:58,832 [grpc-default-executor-0] INFO  server.GrpcLogAppender (GrpcLogAppender.java:onNext(421)) - omNode-1@group-523986131536->omNode-2-InstallSnapshotResponseHandler: InstallSnapshot in progress.
2022-10-18 06:30:58,832 [omNode-1@group-523986131536->omNode-2-GrpcLogAppender-LogAppenderDaemon] INFO  server.GrpcLogAppender (GrpcLogAppender.java:installSnapshot(541)) - omNode-1@group-523986131536->omNode-2-GrpcLogAppender: followerNextIndex = 57 but logStartIndex = 59, notify follower to install snapshot-(t:5, i:59)
2022-10-18 06:30:58,832 [omNode-1@group-523986131536->omNode-2-GrpcLogAppender-LogAppenderDaemon] INFO  server.GrpcLogAppender (GrpcLogAppender.java:installSnapshot(549)) - omNode-1@group-523986131536->omNode-2-GrpcLogAppender: send omNode-1->omNode-2#0-t6,notify:(t:5, i:59)
2022-10-18 06:30:58,833 [omNode-2-server-thread1] INFO  server.RaftServer$Division (RaftServerImpl.java:checkInconsistentAppendEntries(1402)) - omNode-2@group-523986131536: Failed appendEntries as snapshot (59) installation is in progress
2022-10-18 06:30:58,833 [omNode-2-server-thread1] INFO  server.RaftServer$Division (RaftServerImpl.java:checkInconsistentAppendEntries(1394)) - omNode-2@group-523986131536: inconsistency entries. Reply:omNode-1<-omNode-2#20:FAIL-t6,INCONSISTENCY,nextIndex=57,followerCommit=56
2022-10-18 06:30:58,833 [grpc-default-executor-1] INFO  impl.SnapshotInstallationHandler (SnapshotInstallationHandler.java:installSnapshot(84)) - omNode-2@group-523986131536: receive installSnapshot: omNode-1->omNode-2#0-t6,notify:(t:5, i:59)
2022-10-18 06:30:58,834 [grpc-default-executor-1] INFO  impl.SnapshotInstallationHandler (SnapshotInstallationHandler.java:installSnapshot(95)) - omNode-2@group-523986131536: reply installSnapshot: omNode-1<-omNode-2#0:FAIL-t6,IN_PROGRESS
2022-10-18 06:30:58,834 [grpc-default-executor-1] INFO  server.GrpcServerProtocolService (GrpcServerProtocolService.java:onCompleted(140)) - omNode-2: Completed INSTALL_SNAPSHOT, lastRequest: omNode-1->omNode-2#0-t6,notify:(t:5, i:59)
2022-10-18 06:30:58,834 [grpc-default-executor-1] INFO  leader.FollowerInfo (FollowerInfoImpl.java:lambda$new$0(48)) - omNode-1@group-523986131536->omNode-2: nextIndex: updateUnconditionally 57 -> 57
2022-10-18 06:30:58,835 [grpc-default-executor-1] INFO  server.GrpcLogAppender (GrpcLogAppender.java:onNext(403)) - omNode-1@group-523986131536->omNode-2-InstallSnapshotResponseHandler: received a reply omNode-1<-omNode-2#0:FAIL-t6,IN_PROGRESS
2022-10-18 06:30:58,835 [grpc-default-executor-1] INFO  server.GrpcLogAppender (GrpcLogAppender.java:onNext(421)) - omNode-1@group-523986131536->omNode-2-InstallSnapshotResponseHandler: InstallSnapshot in progress.
2022-10-18 06:30:58,835 [omNode-1@group-523986131536->omNode-2-GrpcLogAppender-LogAppenderDaemon] INFO  server.GrpcLogAppender (GrpcLogAppender.java:installSnapshot(541)) - omNode-1@group-523986131536->omNode-2-GrpcLogAppender: followerNextIndex = 57 but logStartIndex = 59, notify follower to install snapshot-(t:5, i:59)
2022-10-18 06:30:58,835 [omNode-1@group-523986131536->omNode-2-GrpcLogAppender-LogAppenderDaemon] INFO  server.GrpcLogAppender (GrpcLogAppender.java:installSnapshot(549)) - omNode-1@group-523986131536->omNode-2-GrpcLogAppender: send omNode-1->omNode-2#0-t6,notify:(t:5, i:59)
2022-10-18 06:30:58,839 [omNode-2-server-thread1] INFO  server.RaftServer$Division (RaftServerImpl.java:checkInconsistentAppendEntries(1402)) - omNode-2@group-523986131536: Failed appendEntries as snapshot (59) installation is in progress
2022-10-18 06:30:58,839 [omNode-2-server-thread1] INFO  server.RaftServer$Division (RaftServerImpl.java:checkInconsistentAppendEntries(1394)) - omNode-2@group-523986131536: inconsistency entries. Reply:omNode-1<-omNode-2#21:FAIL-t6,INCONSISTENCY,nextIndex=57,followerCommit=56
2022-10-18 06:30:58,839 [grpc-default-executor-1] INFO  impl.SnapshotInstallationHandler (SnapshotInstallationHandler.java:installSnapshot(84)) - omNode-2@group-523986131536: receive installSnapshot: omNode-1->omNode-2#0-t6,notify:(t:5, i:59)
2022-10-18 06:30:58,839 [grpc-default-executor-1] INFO  impl.SnapshotInstallationHandler (SnapshotInstallationHandler.java:installSnapshot(95)) - omNode-2@group-523986131536: reply installSnapshot: omNode-1<-omNode-2#0:FAIL-t6,IN_PROGRESS
2022-10-18 06:30:58,839 [grpc-default-executor-0] INFO  leader.FollowerInfo (FollowerInfoImpl.java:lambda$new$0(48)) - omNode-1@group-523986131536->omNode-2: nextIndex: updateUnconditionally 57 -> 57
2022-10-18 06:30:58,839 [grpc-default-executor-1] INFO  server.GrpcServerProtocolService (GrpcServerProtocolService.java:onCompleted(140)) - omNode-2: Completed INSTALL_SNAPSHOT, lastRequest: omNode-1->omNode-2#0-t6,notify:(t:5, i:59)
2022-10-18 06:30:58,840 [grpc-default-executor-1] INFO  server.GrpcLogAppender (GrpcLogAppender.java:onNext(403)) - omNode-1@group-523986131536->omNode-2-InstallSnapshotResponseHandler: received a reply omNode-1<-omNode-2#0:FAIL-t6,IN_PROGRESS
2022-10-18 06:30:58,840 [grpc-default-executor-1] INFO  server.GrpcLogAppender (GrpcLogAppender.java:onNext(421)) - omNode-1@group-523986131536->omNode-2-InstallSnapshotResponseHandler: InstallSnapshot in progress.
2022-10-18 06:30:58,840 [omNode-1@group-523986131536->omNode-2-GrpcLogAppender-LogAppenderDaemon] INFO  server.GrpcLogAppender (GrpcLogAppender.java:installSnapshot(541)) - omNode-1@group-523986131536->omNode-2-GrpcLogAppender: followerNextIndex = 57 but logStartIndex = 59, notify follower to install snapshot-(t:5, i:59)
2022-10-18 06:30:58,840 [omNode-1@group-523986131536->omNode-2-GrpcLogAppender-LogAppenderDaemon] INFO  server.GrpcLogAppender (GrpcLogAppender.java:installSnapshot(549)) - omNode-1@group-523986131536->omNode-2-GrpcLogAppender: send omNode-1->omNode-2#0-t6,notify:(t:5, i:59)
2022-10-18 06:30:58,841 [grpc-default-executor-1] INFO  impl.SnapshotInstallationHandler (SnapshotInstallationHandler.java:installSnapshot(84)) - omNode-2@group-523986131536: receive installSnapshot: omNode-1->omNode-2#0-t6,notify:(t:5, i:59)
2022-10-18 06:30:58,841 [omNode-2-server-thread1] INFO  server.RaftServer$Division (RaftServerImpl.java:checkInconsistentAppendEntries(1402)) - omNode-2@group-523986131536: Failed appendEntries as snapshot (59) installation is in progress
2022-10-18 06:30:58,841 [omNode-2-server-thread1] INFO  server.RaftServer$Division (RaftServerImpl.java:checkInconsistentAppendEntries(1394)) - omNode-2@group-523986131536: inconsistency entries. Reply:omNode-1<-omNode-2#22:FAIL-t6,INCONSISTENCY,nextIndex=57,followerCommit=56
2022-10-18 06:30:58,841 [grpc-default-executor-1] INFO  impl.SnapshotInstallationHandler (SnapshotInstallationHandler.java:installSnapshot(95)) - omNode-2@group-523986131536: reply installSnapshot: omNode-1<-omNode-2#0:FAIL-t6,IN_PROGRESS
2022-10-18 06:30:58,841 [grpc-default-executor-1] INFO  server.GrpcServerProtocolService (GrpcServerProtocolService.java:onCompleted(140)) - omNode-2: Completed INSTALL_SNAPSHOT, lastRequest: omNode-1->omNode-2#0-t6,notify:(t:5, i:59)
2022-10-18 06:30:58,841 [grpc-default-executor-0] INFO  leader.FollowerInfo (FollowerInfoImpl.java:lambda$new$0(48)) - omNode-1@group-523986131536->omNode-2: nextIndex: updateUnconditionally 57 -> 57
2022-10-18 06:30:58,842 [grpc-default-executor-0] INFO  server.GrpcLogAppender (GrpcLogAppender.java:onNext(403)) - omNode-1@group-523986131536->omNode-2-InstallSnapshotResponseHandler: received a reply omNode-1<-omNode-2#0:FAIL-t6,IN_PROGRESS
2022-10-18 06:30:58,842 [grpc-default-executor-0] INFO  server.GrpcLogAppender (GrpcLogAppender.java:onNext(421)) - omNode-1@group-523986131536->omNode-2-InstallSnapshotResponseHandler: InstallSnapshot in progress.
2022-10-18 06:30:58,842 [omNode-1@group-523986131536->omNode-2-GrpcLogAppender-LogAppenderDaemon] INFO  server.GrpcLogAppender (GrpcLogAppender.java:installSnapshot(541)) - omNode-1@group-523986131536->omNode-2-GrpcLogAppender: followerNextIndex = 57 but logStartIndex = 59, notify follower to install snapshot-(t:5, i:59)
2022-10-18 06:30:58,842 [omNode-1@group-523986131536->omNode-2-GrpcLogAppender-LogAppenderDaemon] INFO  server.GrpcLogAppender (GrpcLogAppender.java:installSnapshot(549)) - omNode-1@group-523986131536->omNode-2-GrpcLogAppender: send omNode-1->omNode-2#0-t6,notify:(t:5, i:59)
2022-10-18 06:30:58,843 [omNode-2-server-thread1] INFO  server.RaftServer$Division (RaftServerImpl.java:checkInconsistentAppendEntries(1402)) - omNode-2@group-523986131536: Failed appendEntries as snapshot (59) installation is in progress
2022-10-18 06:30:58,843 [omNode-2-server-thread1] INFO  server.RaftServer$Division (RaftServerImpl.java:checkInconsistentAppendEntries(1394)) - omNode-2@group-523986131536: inconsistency entries. Reply:omNode-1<-omNode-2#23:FAIL-t6,INCONSISTENCY,nextIndex=57,followerCommit=56
2022-10-18 06:30:58,843 [grpc-default-executor-0] INFO  impl.SnapshotInstallationHandler (SnapshotInstallationHandler.java:installSnapshot(84)) - omNode-2@group-523986131536: receive installSnapshot: omNode-1->omNode-2#0-t6,notify:(t:5, i:59)
2022-10-18 06:30:58,844 [grpc-default-executor-0] INFO  impl.SnapshotInstallationHandler (SnapshotInstallationHandler.java:installSnapshot(95)) - omNode-2@group-523986131536: reply installSnapshot: omNode-1<-omNode-2#0:FAIL-t6,IN_PROGRESS
2022-10-18 06:30:58,844 [grpc-default-executor-0] INFO  server.GrpcServerProtocolService (GrpcServerProtocolService.java:onCompleted(140)) - omNode-2: Completed INSTALL_SNAPSHOT, lastRequest: omNode-1->omNode-2#0-t6,notify:(t:5, i:59)
2022-10-18 06:30:58,844 [grpc-default-executor-0] INFO  leader.FollowerInfo (FollowerInfoImpl.java:lambda$new$0(48)) - omNode-1@group-523986131536->omNode-2: nextIndex: updateUnconditionally 57 -> 57
2022-10-18 06:30:58,844 [grpc-default-executor-0] INFO  server.GrpcLogAppender (GrpcLogAppender.java:onNext(403)) - omNode-1@group-523986131536->omNode-2-InstallSnapshotResponseHandler: received a reply omNode-1<-omNode-2#0:FAIL-t6,IN_PROGRESS
2022-10-18 06:30:58,844 [grpc-default-executor-0] INFO  server.GrpcLogAppender (GrpcLogAppender.java:onNext(421)) - omNode-1@group-523986131536->omNode-2-InstallSnapshotResponseHandler: InstallSnapshot in progress.
2022-10-18 06:30:58,845 [omNode-1@group-523986131536->omNode-2-GrpcLogAppender-LogAppenderDaemon] INFO  server.GrpcLogAppender (GrpcLogAppender.java:installSnapshot(541)) - omNode-1@group-523986131536->omNode-2-GrpcLogAppender: followerNextIndex = 57 but logStartIndex = 59, notify follower to install snapshot-(t:5, i:59)
2022-10-18 06:30:58,845 [omNode-1@group-523986131536->omNode-2-GrpcLogAppender-LogAppenderDaemon] INFO  server.GrpcLogAppender (GrpcLogAppender.java:installSnapshot(549)) - omNode-1@group-523986131536->omNode-2-GrpcLogAppender: send omNode-1->omNode-2#0-t6,notify:(t:5, i:59)
2022-10-18 06:30:58,846 [omNode-2-server-thread1] INFO  server.RaftServer$Division (RaftServerImpl.java:checkInconsistentAppendEntries(1402)) - omNode-2@group-523986131536: Failed appendEntries as snapshot (59) installation is in progress
2022-10-18 06:30:58,846 [omNode-2-server-thread1] INFO  server.RaftServer$Division (RaftServerImpl.java:checkInconsistentAppendEntries(1394)) - omNode-2@group-523986131536: inconsistency entries. Reply:omNode-1<-omNode-2#24:FAIL-t6,INCONSISTENCY,nextIndex=57,followerCommit=56
2022-10-18 06:30:58,846 [grpc-default-executor-0] INFO  impl.SnapshotInstallationHandler (SnapshotInstallationHandler.java:installSnapshot(84)) - omNode-2@group-523986131536: receive installSnapshot: omNode-1->omNode-2#0-t6,notify:(t:5, i:59)
2022-10-18 06:30:58,846 [grpc-default-executor-0] INFO  impl.SnapshotInstallationHandler (SnapshotInstallationHandler.java:installSnapshot(95)) - omNode-2@group-523986131536: reply installSnapshot: omNode-1<-omNode-2#0:FAIL-t6,IN_PROGRESS
2022-10-18 06:30:58,846 [grpc-default-executor-0] INFO  server.GrpcServerProtocolService (GrpcServerProtocolService.java:onCompleted(140)) - omNode-2: Completed INSTALL_SNAPSHOT, lastRequest: omNode-1->omNode-2#0-t6,notify:(t:5, i:59)
2022-10-18 06:30:58,847 [grpc-default-executor-0] INFO  leader.FollowerInfo (FollowerInfoImpl.java:lambda$new$0(48)) - omNode-1@group-523986131536->omNode-2: nextIndex: updateUnconditionally 57 -> 57
2022-10-18 06:30:58,847 [grpc-default-executor-0] INFO  server.GrpcLogAppender (GrpcLogAppender.java:onNext(403)) - omNode-1@group-523986131536->omNode-2-InstallSnapshotResponseHandler: received a reply omNode-1<-omNode-2#0:FAIL-t6,IN_PROGRESS
2022-10-18 06:30:58,847 [grpc-default-executor-0] INFO  server.GrpcLogAppender (GrpcLogAppender.java:onNext(421)) - omNode-1@group-523986131536->omNode-2-InstallSnapshotResponseHandler: InstallSnapshot in progress.
2022-10-18 06:30:58,849 [omNode-1@group-523986131536->omNode-2-GrpcLogAppender-LogAppenderDaemon] INFO  server.GrpcLogAppender (GrpcLogAppender.java:installSnapshot(541)) - omNode-1@group-523986131536->omNode-2-GrpcLogAppender: followerNextIndex = 57 but logStartIndex = 59, notify follower to install snapshot-(t:5, i:59)
2022-10-18 06:30:58,849 [omNode-1@group-523986131536->omNode-2-GrpcLogAppender-LogAppenderDaemon] INFO  server.GrpcLogAppender (GrpcLogAppender.java:installSnapshot(549)) - omNode-1@group-523986131536->omNode-2-GrpcLogAppender: send omNode-1->omNode-2#0-t6,notify:(t:5, i:59)
2022-10-18 06:30:58,851 [omNode-2-server-thread1] INFO  server.RaftServer$Division (RaftServerImpl.java:checkInconsistentAppendEntries(1402)) - omNode-2@group-523986131536: Failed appendEntries as snapshot (59) installation is in progress
2022-10-18 06:30:58,851 [omNode-2-server-thread1] INFO  server.RaftServer$Division (RaftServerImpl.java:checkInconsistentAppendEntries(1394)) - omNode-2@group-523986131536: inconsistency entries. Reply:omNode-1<-omNode-2#25:FAIL-t6,INCONSISTENCY,nextIndex=57,followerCommit=56
2022-10-18 06:30:58,851 [grpc-default-executor-1] INFO  impl.SnapshotInstallationHandler (SnapshotInstallationHandler.java:installSnapshot(84)) - omNode-2@group-523986131536: receive installSnapshot: omNode-1->omNode-2#0-t6,notify:(t:5, i:59)
2022-10-18 06:30:58,851 [grpc-default-executor-0] INFO  leader.FollowerInfo (FollowerInfoImpl.java:lambda$new$0(48)) - omNode-1@group-523986131536->omNode-2: nextIndex: updateUnconditionally 57 -> 57
2022-10-18 06:30:58,851 [grpc-default-executor-1] INFO  impl.SnapshotInstallationHandler (SnapshotInstallationHandler.java:installSnapshot(95)) - omNode-2@group-523986131536: reply installSnapshot: omNode-1<-omNode-2#0:FAIL-t6,IN_PROGRESS
2022-10-18 06:30:58,852 [grpc-default-executor-1] INFO  server.GrpcServerProtocolService (GrpcServerProtocolService.java:onCompleted(140)) - omNode-2: Completed INSTALL_SNAPSHOT, lastRequest: omNode-1->omNode-2#0-t6,notify:(t:5, i:59)
2022-10-18 06:30:58,852 [grpc-default-executor-1] INFO  server.GrpcLogAppender (GrpcLogAppender.java:onNext(403)) - omNode-1@group-523986131536->omNode-2-InstallSnapshotResponseHandler: received a reply omNode-1<-omNode-2#0:FAIL-t6,IN_PROGRESS
2022-10-18 06:30:58,852 [grpc-default-executor-1] INFO  server.GrpcLogAppender (GrpcLogAppender.java:onNext(421)) - omNode-1@group-523986131536->omNode-2-InstallSnapshotResponseHandler: InstallSnapshot in progress.
2022-10-18 06:30:58,852 [omNode-1@group-523986131536->omNode-2-GrpcLogAppender-LogAppenderDaemon] INFO  server.GrpcLogAppender (GrpcLogAppender.java:installSnapshot(541)) - omNode-1@group-523986131536->omNode-2-GrpcLogAppender: followerNextIndex = 57 but logStartIndex = 59, notify follower to install snapshot-(t:5, i:59)
2022-10-18 06:30:58,852 [omNode-1@group-523986131536->omNode-2-GrpcLogAppender-LogAppenderDaemon] INFO  server.GrpcLogAppender (GrpcLogAppender.java:installSnapshot(549)) - omNode-1@group-523986131536->omNode-2-GrpcLogAppender: send omNode-1->omNode-2#0-t6,notify:(t:5, i:59)
2022-10-18 06:30:58,853 [grpc-default-executor-1] INFO  impl.SnapshotInstallationHandler (SnapshotInstallationHandler.java:installSnapshot(84)) - omNode-2@group-523986131536: receive installSnapshot: omNode-1->omNode-2#0-t6,notify:(t:5, i:59)
2022-10-18 06:30:58,853 [omNode-2-server-thread1] INFO  server.RaftServer$Division (RaftServerImpl.java:checkInconsistentAppendEntries(1402)) - omNode-2@group-523986131536: Failed appendEntries as snapshot (59) installation is in progress
2022-10-18 06:30:58,853 [omNode-2-server-thread1] INFO  server.RaftServer$Division (RaftServerImpl.java:checkInconsistentAppendEntries(1394)) - omNode-2@group-523986131536: inconsistency entries. Reply:omNode-1<-omNode-2#26:FAIL-t6,INCONSISTENCY,nextIndex=57,followerCommit=56
2022-10-18 06:30:58,853 [grpc-default-executor-1] INFO  impl.SnapshotInstallationHandler (SnapshotInstallationHandler.java:installSnapshot(95)) - omNode-2@group-523986131536: reply installSnapshot: omNode-1<-omNode-2#0:FAIL-t6,IN_PROGRESS
2022-10-18 06:30:58,853 [grpc-default-executor-1] INFO  server.GrpcServerProtocolService (GrpcServerProtocolService.java:onCompleted(140)) - omNode-2: Completed INSTALL_SNAPSHOT, lastRequest: omNode-1->omNode-2#0-t6,notify:(t:5, i:59)
2022-10-18 06:30:58,854 [grpc-default-executor-0] INFO  leader.FollowerInfo (FollowerInfoImpl.java:lambda$new$0(48)) - omNode-1@group-523986131536->omNode-2: nextIndex: updateUnconditionally 57 -> 57
2022-10-18 06:30:58,854 [grpc-default-executor-0] INFO  server.GrpcLogAppender (GrpcLogAppender.java:onNext(403)) - omNode-1@group-523986131536->omNode-2-InstallSnapshotResponseHandler: received a reply omNode-1<-omNode-2#0:FAIL-t6,IN_PROGRESS
2022-10-18 06:30:58,854 [grpc-default-executor-0] INFO  server.GrpcLogAppender (GrpcLogAppender.java:onNext(421)) - omNode-1@group-523986131536->omNode-2-InstallSnapshotResponseHandler: InstallSnapshot in progress.
2022-10-18 06:30:58,854 [omNode-1@group-523986131536->omNode-2-GrpcLogAppender-LogAppenderDaemon] INFO  server.GrpcLogAppender (GrpcLogAppender.java:installSnapshot(541)) - omNode-1@group-523986131536->omNode-2-GrpcLogAppender: followerNextIndex = 57 but logStartIndex = 59, notify follower to install snapshot-(t:5, i:59)
2022-10-18 06:30:58,854 [omNode-1@group-523986131536->omNode-2-GrpcLogAppender-LogAppenderDaemon] INFO  server.GrpcLogAppender (GrpcLogAppender.java:installSnapshot(549)) - omNode-1@group-523986131536->omNode-2-GrpcLogAppender: send omNode-1->omNode-2#0-t6,notify:(t:5, i:59)
2022-10-18 06:30:58,855 [omNode-2-server-thread1] INFO  server.RaftServer$Division (RaftServerImpl.java:checkInconsistentAppendEntries(1402)) - omNode-2@group-523986131536: Failed appendEntries as snapshot (59) installation is in progress
2022-10-18 06:30:58,855 [omNode-2-server-thread1] INFO  server.RaftServer$Division (RaftServerImpl.java:checkInconsistentAppendEntries(1394)) - omNode-2@group-523986131536: inconsistency entries. Reply:omNode-1<-omNode-2#27:FAIL-t6,INCONSISTENCY,nextIndex=57,followerCommit=56
2022-10-18 06:30:58,855 [grpc-default-executor-0] INFO  impl.SnapshotInstallationHandler (SnapshotInstallationHandler.java:installSnapshot(84)) - omNode-2@group-523986131536: receive installSnapshot: omNode-1->omNode-2#0-t6,notify:(t:5, i:59)
2022-10-18 06:30:58,856 [grpc-default-executor-0] INFO  impl.SnapshotInstallationHandler (SnapshotInstallationHandler.java:installSnapshot(95)) - omNode-2@group-523986131536: reply installSnapshot: omNode-1<-omNode-2#0:FAIL-t6,IN_PROGRESS
2022-10-18 06:30:58,856 [grpc-default-executor-0] INFO  server.GrpcServerProtocolService (GrpcServerProtocolService.java:onCompleted(140)) - omNode-2: Completed INSTALL_SNAPSHOT, lastRequest: omNode-1->omNode-2#0-t6,notify:(t:5, i:59)
2022-10-18 06:30:58,856 [grpc-default-executor-0] INFO  leader.FollowerInfo (FollowerInfoImpl.java:lambda$new$0(48)) - omNode-1@group-523986131536->omNode-2: nextIndex: updateUnconditionally 57 -> 57
2022-10-18 06:30:58,856 [grpc-default-executor-0] INFO  server.GrpcLogAppender (GrpcLogAppender.java:onNext(403)) - omNode-1@group-523986131536->omNode-2-InstallSnapshotResponseHandler: received a reply omNode-1<-omNode-2#0:FAIL-t6,IN_PROGRESS
2022-10-18 06:30:58,856 [grpc-default-executor-0] INFO  server.GrpcLogAppender (GrpcLogAppender.java:onNext(421)) - omNode-1@group-523986131536->omNode-2-InstallSnapshotResponseHandler: InstallSnapshot in progress.
2022-10-18 06:30:58,857 [omNode-1@group-523986131536->omNode-2-GrpcLogAppender-LogAppenderDaemon] INFO  server.GrpcLogAppender (GrpcLogAppender.java:installSnapshot(541)) - omNode-1@group-523986131536->omNode-2-GrpcLogAppender: followerNextIndex = 57 but logStartIndex = 59, notify follower to install snapshot-(t:5, i:59)
2022-10-18 06:30:58,857 [omNode-1@group-523986131536->omNode-2-GrpcLogAppender-LogAppenderDaemon] INFO  server.GrpcLogAppender (GrpcLogAppender.java:installSnapshot(549)) - omNode-1@group-523986131536->omNode-2-GrpcLogAppender: send omNode-1->omNode-2#0-t6,notify:(t:5, i:59)
2022-10-18 06:30:58,858 [omNode-2-server-thread1] INFO  server.RaftServer$Division (RaftServerImpl.java:checkInconsistentAppendEntries(1402)) - omNode-2@group-523986131536: Failed appendEntries as snapshot (59) installation is in progress
2022-10-18 06:30:58,858 [omNode-2-server-thread1] INFO  server.RaftServer$Division (RaftServerImpl.java:checkInconsistentAppendEntries(1394)) - omNode-2@group-523986131536: inconsistency entries. Reply:omNode-1<-omNode-2#28:FAIL-t6,INCONSISTENCY,nextIndex=57,followerCommit=56
2022-10-18 06:30:58,858 [grpc-default-executor-0] INFO  impl.SnapshotInstallationHandler (SnapshotInstallationHandler.java:installSnapshot(84)) - omNode-2@group-523986131536: receive installSnapshot: omNode-1->omNode-2#0-t6,notify:(t:5, i:59)
2022-10-18 06:30:58,858 [grpc-default-executor-0] INFO  impl.SnapshotInstallationHandler (SnapshotInstallationHandler.java:installSnapshot(95)) - omNode-2@group-523986131536: reply installSnapshot: omNode-1<-omNode-2#0:FAIL-t6,IN_PROGRESS
2022-10-18 06:30:58,858 [grpc-default-executor-0] INFO  server.GrpcServerProtocolService (GrpcServerProtocolService.java:onCompleted(140)) - omNode-2: Completed INSTALL_SNAPSHOT, lastRequest: omNode-1->omNode-2#0-t6,notify:(t:5, i:59)
2022-10-18 06:30:58,859 [grpc-default-executor-0] INFO  leader.FollowerInfo (FollowerInfoImpl.java:lambda$new$0(48)) - omNode-1@group-523986131536->omNode-2: nextIndex: updateUnconditionally 57 -> 57
2022-10-18 06:30:58,859 [grpc-default-executor-0] INFO  server.GrpcLogAppender (GrpcLogAppender.java:onNext(403)) - omNode-1@group-523986131536->omNode-2-InstallSnapshotResponseHandler: received a reply omNode-1<-omNode-2#0:FAIL-t6,IN_PROGRESS
2022-10-18 06:30:58,859 [grpc-default-executor-0] INFO  server.GrpcLogAppender (GrpcLogAppender.java:onNext(421)) - omNode-1@group-523986131536->omNode-2-InstallSnapshotResponseHandler: InstallSnapshot in progress.
2022-10-18 06:30:58,859 [omNode-1@group-523986131536->omNode-2-GrpcLogAppender-LogAppenderDaemon] INFO  server.GrpcLogAppender (GrpcLogAppender.java:installSnapshot(541)) - omNode-1@group-523986131536->omNode-2-GrpcLogAppender: followerNextIndex = 57 but logStartIndex = 59, notify follower to install snapshot-(t:5, i:59)
2022-10-18 06:30:58,859 [omNode-1@group-523986131536->omNode-2-GrpcLogAppender-LogAppenderDaemon] INFO  server.GrpcLogAppender (GrpcLogAppender.java:installSnapshot(549)) - omNode-1@group-523986131536->omNode-2-GrpcLogAppender: send omNode-1->omNode-2#0-t6,notify:(t:5, i:59)
2022-10-18 06:30:58,860 [omNode-2-server-thread1] INFO  server.RaftServer$Division (RaftServerImpl.java:checkInconsistentAppendEntries(1402)) - omNode-2@group-523986131536: Failed appendEntries as snapshot (59) installation is in progress
2022-10-18 06:30:58,860 [omNode-2-server-thread1] INFO  server.RaftServer$Division (RaftServerImpl.java:checkInconsistentAppendEntries(1394)) - omNode-2@group-523986131536: inconsistency entries. Reply:omNode-1<-omNode-2#29:FAIL-t6,INCONSISTENCY,nextIndex=57,followerCommit=56
2022-10-18 06:30:58,860 [grpc-default-executor-0] INFO  impl.SnapshotInstallationHandler (SnapshotInstallationHandler.java:installSnapshot(84)) - omNode-2@group-523986131536: receive installSnapshot: omNode-1->omNode-2#0-t6,notify:(t:5, i:59)
2022-10-18 06:30:58,860 [grpc-default-executor-0] INFO  impl.SnapshotInstallationHandler (SnapshotInstallationHandler.java:installSnapshot(95)) - omNode-2@group-523986131536: reply installSnapshot: omNode-1<-omNode-2#0:FAIL-t6,IN_PROGRESS
2022-10-18 06:30:58,860 [grpc-default-executor-0] INFO  server.GrpcServerProtocolService (GrpcServerProtocolService.java:onCompleted(140)) - omNode-2: Completed INSTALL_SNAPSHOT, lastRequest: omNode-1->omNode-2#0-t6,notify:(t:5, i:59)
2022-10-18 06:30:58,861 [grpc-default-executor-0] INFO  leader.FollowerInfo (FollowerInfoImpl.java:lambda$new$0(48)) - omNode-1@group-523986131536->omNode-2: nextIndex: updateUnconditionally 57 -> 57
2022-10-18 06:30:58,861 [grpc-default-executor-0] INFO  server.GrpcLogAppender (GrpcLogAppender.java:onNext(403)) - omNode-1@group-523986131536->omNode-2-InstallSnapshotResponseHandler: received a reply omNode-1<-omNode-2#0:FAIL-t6,IN_PROGRESS
2022-10-18 06:30:58,861 [grpc-default-executor-0] INFO  server.GrpcLogAppender (GrpcLogAppender.java:onNext(421)) - omNode-1@group-523986131536->omNode-2-InstallSnapshotResponseHandler: InstallSnapshot in progress.
2022-10-18 06:30:58,861 [omNode-1@group-523986131536->omNode-2-GrpcLogAppender-LogAppenderDaemon] INFO  server.GrpcLogAppender (GrpcLogAppender.java:installSnapshot(541)) - omNode-1@group-523986131536->omNode-2-GrpcLogAppender: followerNextIndex = 57 but logStartIndex = 59, notify follower to install snapshot-(t:5, i:59)
2022-10-18 06:30:58,861 [omNode-1@group-523986131536->omNode-2-GrpcLogAppender-LogAppenderDaemon] INFO  server.GrpcLogAppender (GrpcLogAppender.java:installSnapshot(549)) - omNode-1@group-523986131536->omNode-2-GrpcLogAppender: send omNode-1->omNode-2#0-t6,notify:(t:5, i:59)
2022-10-18 06:30:58,869 [omNode-2-server-thread1] INFO  server.RaftServer$Division (RaftServerImpl.java:checkInconsistentAppendEntries(1402)) - omNode-2@group-523986131536: Failed appendEntries as snapshot (59) installation is in progress
2022-10-18 06:30:58,869 [omNode-2-server-thread1] INFO  server.RaftServer$Division (RaftServerImpl.java:checkInconsistentAppendEntries(1394)) - omNode-2@group-523986131536: inconsistency entries. Reply:omNode-1<-omNode-2#30:FAIL-t6,INCONSISTENCY,nextIndex=57,followerCommit=56
2022-10-18 06:30:58,870 [grpc-default-executor-0] INFO  impl.SnapshotInstallationHandler (SnapshotInstallationHandler.java:installSnapshot(84)) - omNode-2@group-523986131536: receive installSnapshot: omNode-1->omNode-2#0-t6,notify:(t:5, i:59)
2022-10-18 06:30:58,870 [grpc-default-executor-0] INFO  impl.SnapshotInstallationHandler (SnapshotInstallationHandler.java:installSnapshot(95)) - omNode-2@group-523986131536: reply installSnapshot: omNode-1<-omNode-2#0:FAIL-t6,IN_PROGRESS
2022-10-18 06:30:58,870 [grpc-default-executor-0] INFO  server.GrpcServerProtocolService (GrpcServerProtocolService.java:onCompleted(140)) - omNode-2: Completed INSTALL_SNAPSHOT, lastRequest: omNode-1->omNode-2#0-t6,notify:(t:5, i:59)
2022-10-18 06:30:58,870 [grpc-default-executor-0] INFO  leader.FollowerInfo (FollowerInfoImpl.java:lambda$new$0(48)) - omNode-1@group-523986131536->omNode-2: nextIndex: updateUnconditionally 57 -> 57
2022-10-18 06:30:58,871 [grpc-default-executor-0] INFO  server.GrpcLogAppender (GrpcLogAppender.java:onNext(403)) - omNode-1@group-523986131536->omNode-2-InstallSnapshotResponseHandler: received a reply omNode-1<-omNode-2#0:FAIL-t6,IN_PROGRESS
2022-10-18 06:30:58,871 [grpc-default-executor-0] INFO  server.GrpcLogAppender (GrpcLogAppender.java:onNext(421)) - omNode-1@group-523986131536->omNode-2-InstallSnapshotResponseHandler: InstallSnapshot in progress.
2022-10-18 06:30:58,872 [omNode-1@group-523986131536->omNode-2-GrpcLogAppender-LogAppenderDaemon] INFO  server.GrpcLogAppender (GrpcLogAppender.java:installSnapshot(541)) - omNode-1@group-523986131536->omNode-2-GrpcLogAppender: followerNextIndex = 57 but logStartIndex = 59, notify follower to install snapshot-(t:5, i:59)
2022-10-18 06:30:58,872 [omNode-1@group-523986131536->omNode-2-GrpcLogAppender-LogAppenderDaemon] INFO  server.GrpcLogAppender (GrpcLogAppender.java:installSnapshot(549)) - omNode-1@group-523986131536->omNode-2-GrpcLogAppender: send omNode-1->omNode-2#0-t6,notify:(t:5, i:59)
2022-10-18 06:30:58,873 [omNode-2-server-thread1] INFO  server.RaftServer$Division (RaftServerImpl.java:checkInconsistentAppendEntries(1402)) - omNode-2@group-523986131536: Failed appendEntries as snapshot (59) installation is in progress
2022-10-18 06:30:58,873 [omNode-2-server-thread1] INFO  server.RaftServer$Division (RaftServerImpl.java:checkInconsistentAppendEntries(1394)) - omNode-2@group-523986131536: inconsistency entries. Reply:omNode-1<-omNode-2#31:FAIL-t6,INCONSISTENCY,nextIndex=57,followerCommit=56
2022-10-18 06:30:58,873 [grpc-default-executor-0] INFO  impl.SnapshotInstallationHandler (SnapshotInstallationHandler.java:installSnapshot(84)) - omNode-2@group-523986131536: receive installSnapshot: omNode-1->omNode-2#0-t6,notify:(t:5, i:59)
2022-10-18 06:30:58,873 [grpc-default-executor-0] INFO  impl.SnapshotInstallationHandler (SnapshotInstallationHandler.java:installSnapshot(95)) - omNode-2@group-523986131536: reply installSnapshot: omNode-1<-omNode-2#0:FAIL-t6,IN_PROGRESS
2022-10-18 06:30:58,873 [grpc-default-executor-0] INFO  server.GrpcServerProtocolService (GrpcServerProtocolService.java:onCompleted(140)) - omNode-2: Completed INSTALL_SNAPSHOT, lastRequest: omNode-1->omNode-2#0-t6,notify:(t:5, i:59)
2022-10-18 06:30:58,874 [grpc-default-executor-0] INFO  leader.FollowerInfo (FollowerInfoImpl.java:lambda$new$0(48)) - omNode-1@group-523986131536->omNode-2: nextIndex: updateUnconditionally 57 -> 57
2022-10-18 06:30:58,874 [grpc-default-executor-0] INFO  server.GrpcLogAppender (GrpcLogAppender.java:onNext(403)) - omNode-1@group-523986131536->omNode-2-InstallSnapshotResponseHandler: received a reply omNode-1<-omNode-2#0:FAIL-t6,IN_PROGRESS
2022-10-18 06:30:58,874 [grpc-default-executor-0] INFO  server.GrpcLogAppender (GrpcLogAppender.java:onNext(421)) - omNode-1@group-523986131536->omNode-2-InstallSnapshotResponseHandler: InstallSnapshot in progress.
2022-10-18 06:30:58,874 [omNode-1@group-523986131536->omNode-2-GrpcLogAppender-LogAppenderDaemon] INFO  server.GrpcLogAppender (GrpcLogAppender.java:installSnapshot(541)) - omNode-1@group-523986131536->omNode-2-GrpcLogAppender: followerNextIndex = 57 but logStartIndex = 59, notify follower to install snapshot-(t:5, i:59)
2022-10-18 06:30:58,875 [omNode-1@group-523986131536->omNode-2-GrpcLogAppender-LogAppenderDaemon] INFO  server.GrpcLogAppender (GrpcLogAppender.java:installSnapshot(549)) - omNode-1@group-523986131536->omNode-2-GrpcLogAppender: send omNode-1->omNode-2#0-t6,notify:(t:5, i:59)
2022-10-18 06:30:58,875 [omNode-2-server-thread1] INFO  server.RaftServer$Division (RaftServerImpl.java:checkInconsistentAppendEntries(1402)) - omNode-2@group-523986131536: Failed appendEntries as snapshot (59) installation is in progress
2022-10-18 06:30:58,875 [omNode-2-server-thread1] INFO  server.RaftServer$Division (RaftServerImpl.java:checkInconsistentAppendEntries(1394)) - omNode-2@group-523986131536: inconsistency entries. Reply:omNode-1<-omNode-2#32:FAIL-t6,INCONSISTENCY,nextIndex=57,followerCommit=56
2022-10-18 06:30:58,876 [grpc-default-executor-0] INFO  impl.SnapshotInstallationHandler (SnapshotInstallationHandler.java:installSnapshot(84)) - omNode-2@group-523986131536: receive installSnapshot: omNode-1->omNode-2#0-t6,notify:(t:5, i:59)
2022-10-18 06:30:58,876 [grpc-default-executor-0] INFO  impl.SnapshotInstallationHandler (SnapshotInstallationHandler.java:installSnapshot(95)) - omNode-2@group-523986131536: reply installSnapshot: omNode-1<-omNode-2#0:FAIL-t6,IN_PROGRESS
2022-10-18 06:30:58,876 [grpc-default-executor-0] INFO  server.GrpcServerProtocolService (GrpcServerProtocolService.java:onCompleted(140)) - omNode-2: Completed INSTALL_SNAPSHOT, lastRequest: omNode-1->omNode-2#0-t6,notify:(t:5, i:59)
2022-10-18 06:30:58,876 [grpc-default-executor-0] INFO  leader.FollowerInfo (FollowerInfoImpl.java:lambda$new$0(48)) - omNode-1@group-523986131536->omNode-2: nextIndex: updateUnconditionally 57 -> 57
2022-10-18 06:30:58,877 [grpc-default-executor-0] INFO  server.GrpcLogAppender (GrpcLogAppender.java:onNext(403)) - omNode-1@group-523986131536->omNode-2-InstallSnapshotResponseHandler: received a reply omNode-1<-omNode-2#0:FAIL-t6,IN_PROGRESS
2022-10-18 06:30:58,877 [grpc-default-executor-0] INFO  server.GrpcLogAppender (GrpcLogAppender.java:onNext(421)) - omNode-1@group-523986131536->omNode-2-InstallSnapshotResponseHandler: InstallSnapshot in progress.
2022-10-18 06:30:58,877 [omNode-1@group-523986131536->omNode-2-GrpcLogAppender-LogAppenderDaemon] INFO  server.GrpcLogAppender (GrpcLogAppender.java:installSnapshot(541)) - omNode-1@group-523986131536->omNode-2-GrpcLogAppender: followerNextIndex = 57 but logStartIndex = 59, notify follower to install snapshot-(t:5, i:59)
2022-10-18 06:30:58,877 [omNode-1@group-523986131536->omNode-2-GrpcLogAppender-LogAppenderDaemon] INFO  server.GrpcLogAppender (GrpcLogAppender.java:installSnapshot(549)) - omNode-1@group-523986131536->omNode-2-GrpcLogAppender: send omNode-1->omNode-2#0-t6,notify:(t:5, i:59)
2022-10-18 06:30:58,878 [omNode-2-server-thread1] INFO  server.RaftServer$Division (RaftServerImpl.java:checkInconsistentAppendEntries(1402)) - omNode-2@group-523986131536: Failed appendEntries as snapshot (59) installation is in progress
2022-10-18 06:30:58,878 [omNode-2-server-thread1] INFO  server.RaftServer$Division (RaftServerImpl.java:checkInconsistentAppendEntries(1394)) - omNode-2@group-523986131536: inconsistency entries. Reply:omNode-1<-omNode-2#33:FAIL-t6,INCONSISTENCY,nextIndex=57,followerCommit=56
2022-10-18 06:30:58,878 [grpc-default-executor-0] INFO  impl.SnapshotInstallationHandler (SnapshotInstallationHandler.java:installSnapshot(84)) - omNode-2@group-523986131536: receive installSnapshot: omNode-1->omNode-2#0-t6,notify:(t:5, i:59)
2022-10-18 06:30:58,878 [grpc-default-executor-0] INFO  impl.SnapshotInstallationHandler (SnapshotInstallationHandler.java:installSnapshot(95)) - omNode-2@group-523986131536: reply installSnapshot: omNode-1<-omNode-2#0:FAIL-t6,IN_PROGRESS
2022-10-18 06:30:58,878 [grpc-default-executor-0] INFO  server.GrpcServerProtocolService (GrpcServerProtocolService.java:onCompleted(140)) - omNode-2: Completed INSTALL_SNAPSHOT, lastRequest: omNode-1->omNode-2#0-t6,notify:(t:5, i:59)
2022-10-18 06:30:58,879 [grpc-default-executor-0] INFO  leader.FollowerInfo (FollowerInfoImpl.java:lambda$new$0(48)) - omNode-1@group-523986131536->omNode-2: nextIndex: updateUnconditionally 57 -> 57
2022-10-18 06:30:58,881 [grpc-default-executor-0] INFO  server.GrpcLogAppender (GrpcLogAppender.java:onNext(403)) - omNode-1@group-523986131536->omNode-2-InstallSnapshotResponseHandler: received a reply omNode-1<-omNode-2#0:FAIL-t6,IN_PROGRESS
2022-10-18 06:30:58,881 [grpc-default-executor-0] INFO  server.GrpcLogAppender (GrpcLogAppender.java:onNext(421)) - omNode-1@group-523986131536->omNode-2-InstallSnapshotResponseHandler: InstallSnapshot in progress.
2022-10-18 06:30:58,881 [omNode-1@group-523986131536->omNode-2-GrpcLogAppender-LogAppenderDaemon] INFO  server.GrpcLogAppender (GrpcLogAppender.java:installSnapshot(541)) - omNode-1@group-523986131536->omNode-2-GrpcLogAppender: followerNextIndex = 57 but logStartIndex = 59, notify follower to install snapshot-(t:5, i:59)
2022-10-18 06:30:58,881 [omNode-1@group-523986131536->omNode-2-GrpcLogAppender-LogAppenderDaemon] INFO  server.GrpcLogAppender (GrpcLogAppender.java:installSnapshot(549)) - omNode-1@group-523986131536->omNode-2-GrpcLogAppender: send omNode-1->omNode-2#0-t6,notify:(t:5, i:59)
2022-10-18 06:30:58,882 [omNode-2-server-thread1] INFO  server.RaftServer$Division (RaftServerImpl.java:checkInconsistentAppendEntries(1402)) - omNode-2@group-523986131536: Failed appendEntries as snapshot (59) installation is in progress
2022-10-18 06:30:58,882 [omNode-2-server-thread1] INFO  server.RaftServer$Division (RaftServerImpl.java:checkInconsistentAppendEntries(1394)) - omNode-2@group-523986131536: inconsistency entries. Reply:omNode-1<-omNode-2#34:FAIL-t6,INCONSISTENCY,nextIndex=57,followerCommit=56
2022-10-18 06:30:58,882 [grpc-default-executor-0] INFO  impl.SnapshotInstallationHandler (SnapshotInstallationHandler.java:installSnapshot(84)) - omNode-2@group-523986131536: receive installSnapshot: omNode-1->omNode-2#0-t6,notify:(t:5, i:59)
2022-10-18 06:30:58,882 [grpc-default-executor-0] INFO  impl.SnapshotInstallationHandler (SnapshotInstallationHandler.java:installSnapshot(95)) - omNode-2@group-523986131536: reply installSnapshot: omNode-1<-omNode-2#0:FAIL-t6,IN_PROGRESS
2022-10-18 06:30:58,882 [grpc-default-executor-0] INFO  server.GrpcServerProtocolService (GrpcServerProtocolService.java:onCompleted(140)) - omNode-2: Completed INSTALL_SNAPSHOT, lastRequest: omNode-1->omNode-2#0-t6,notify:(t:5, i:59)
2022-10-18 06:30:58,883 [grpc-default-executor-0] INFO  leader.FollowerInfo (FollowerInfoImpl.java:lambda$new$0(48)) - omNode-1@group-523986131536->omNode-2: nextIndex: updateUnconditionally 57 -> 57
2022-10-18 06:30:58,883 [grpc-default-executor-0] INFO  server.GrpcLogAppender (GrpcLogAppender.java:onNext(403)) - omNode-1@group-523986131536->omNode-2-InstallSnapshotResponseHandler: received a reply omNode-1<-omNode-2#0:FAIL-t6,IN_PROGRESS
2022-10-18 06:30:58,883 [grpc-default-executor-0] INFO  server.GrpcLogAppender (GrpcLogAppender.java:onNext(421)) - omNode-1@group-523986131536->omNode-2-InstallSnapshotResponseHandler: InstallSnapshot in progress.
2022-10-18 06:30:58,883 [omNode-1@group-523986131536->omNode-2-GrpcLogAppender-LogAppenderDaemon] INFO  server.GrpcLogAppender (GrpcLogAppender.java:installSnapshot(541)) - omNode-1@group-523986131536->omNode-2-GrpcLogAppender: followerNextIndex = 57 but logStartIndex = 59, notify follower to install snapshot-(t:5, i:59)
2022-10-18 06:30:58,884 [omNode-1@group-523986131536->omNode-2-GrpcLogAppender-LogAppenderDaemon] INFO  server.GrpcLogAppender (GrpcLogAppender.java:installSnapshot(549)) - omNode-1@group-523986131536->omNode-2-GrpcLogAppender: send omNode-1->omNode-2#0-t6,notify:(t:5, i:59)
2022-10-18 06:30:58,884 [omNode-2-server-thread1] INFO  server.RaftServer$Division (RaftServerImpl.java:checkInconsistentAppendEntries(1402)) - omNode-2@group-523986131536: Failed appendEntries as snapshot (59) installation is in progress
2022-10-18 06:30:58,884 [omNode-2-server-thread1] INFO  server.RaftServer$Division (RaftServerImpl.java:checkInconsistentAppendEntries(1394)) - omNode-2@group-523986131536: inconsistency entries. Reply:omNode-1<-omNode-2#35:FAIL-t6,INCONSISTENCY,nextIndex=57,followerCommit=56
2022-10-18 06:30:58,885 [grpc-default-executor-0] INFO  impl.SnapshotInstallationHandler (SnapshotInstallationHandler.java:installSnapshot(84)) - omNode-2@group-523986131536: receive installSnapshot: omNode-1->omNode-2#0-t6,notify:(t:5, i:59)
2022-10-18 06:30:58,885 [grpc-default-executor-0] INFO  impl.SnapshotInstallationHandler (SnapshotInstallationHandler.java:installSnapshot(95)) - omNode-2@group-523986131536: reply installSnapshot: omNode-1<-omNode-2#0:FAIL-t6,IN_PROGRESS
2022-10-18 06:30:58,885 [grpc-default-executor-0] INFO  server.GrpcServerProtocolService (GrpcServerProtocolService.java:onCompleted(140)) - omNode-2: Completed INSTALL_SNAPSHOT, lastRequest: omNode-1->omNode-2#0-t6,notify:(t:5, i:59)
2022-10-18 06:30:58,885 [grpc-default-executor-0] INFO  leader.FollowerInfo (FollowerInfoImpl.java:lambda$new$0(48)) - omNode-1@group-523986131536->omNode-2: nextIndex: updateUnconditionally 57 -> 57
2022-10-18 06:30:58,885 [grpc-default-executor-0] INFO  server.GrpcLogAppender (GrpcLogAppender.java:onNext(403)) - omNode-1@group-523986131536->omNode-2-InstallSnapshotResponseHandler: received a reply omNode-1<-omNode-2#0:FAIL-t6,IN_PROGRESS
2022-10-18 06:30:58,886 [grpc-default-executor-0] INFO  server.GrpcLogAppender (GrpcLogAppender.java:onNext(421)) - omNode-1@group-523986131536->omNode-2-InstallSnapshotResponseHandler: InstallSnapshot in progress.
2022-10-18 06:30:58,886 [omNode-1@group-523986131536->omNode-2-GrpcLogAppender-LogAppenderDaemon] INFO  server.GrpcLogAppender (GrpcLogAppender.java:installSnapshot(541)) - omNode-1@group-523986131536->omNode-2-GrpcLogAppender: followerNextIndex = 57 but logStartIndex = 59, notify follower to install snapshot-(t:5, i:59)
2022-10-18 06:30:58,886 [omNode-1@group-523986131536->omNode-2-GrpcLogAppender-LogAppenderDaemon] INFO  server.GrpcLogAppender (GrpcLogAppender.java:installSnapshot(549)) - omNode-1@group-523986131536->omNode-2-GrpcLogAppender: send omNode-1->omNode-2#0-t6,notify:(t:5, i:59)
2022-10-18 06:30:58,887 [omNode-2-server-thread1] INFO  server.RaftServer$Division (RaftServerImpl.java:checkInconsistentAppendEntries(1402)) - omNode-2@group-523986131536: Failed appendEntries as snapshot (59) installation is in progress
2022-10-18 06:30:58,887 [omNode-2-server-thread1] INFO  server.RaftServer$Division (RaftServerImpl.java:checkInconsistentAppendEntries(1394)) - omNode-2@group-523986131536: inconsistency entries. Reply:omNode-1<-omNode-2#36:FAIL-t6,INCONSISTENCY,nextIndex=57,followerCommit=56
2022-10-18 06:30:58,887 [grpc-default-executor-0] INFO  impl.SnapshotInstallationHandler (SnapshotInstallationHandler.java:installSnapshot(84)) - omNode-2@group-523986131536: receive installSnapshot: omNode-1->omNode-2#0-t6,notify:(t:5, i:59)
2022-10-18 06:30:58,887 [grpc-default-executor-0] INFO  impl.SnapshotInstallationHandler (SnapshotInstallationHandler.java:installSnapshot(95)) - omNode-2@group-523986131536: reply installSnapshot: omNode-1<-omNode-2#0:FAIL-t6,IN_PROGRESS
2022-10-18 06:30:58,887 [grpc-default-executor-0] INFO  server.GrpcServerProtocolService (GrpcServerProtocolService.java:onCompleted(140)) - omNode-2: Completed INSTALL_SNAPSHOT, lastRequest: omNode-1->omNode-2#0-t6,notify:(t:5, i:59)
2022-10-18 06:30:58,888 [grpc-default-executor-0] INFO  server.GrpcLogAppender (GrpcLogAppender.java:onNext(403)) - omNode-1@group-523986131536->omNode-2-InstallSnapshotResponseHandler: received a reply omNode-1<-omNode-2#0:FAIL-t6,IN_PROGRESS
2022-10-18 06:30:58,888 [grpc-default-executor-0] INFO  server.GrpcLogAppender (GrpcLogAppender.java:onNext(421)) - omNode-1@group-523986131536->omNode-2-InstallSnapshotResponseHandler: InstallSnapshot in progress.
2022-10-18 06:30:58,889 [omNode-1@group-523986131536->omNode-2-GrpcLogAppender-LogAppenderDaemon] INFO  server.GrpcLogAppender (GrpcLogAppender.java:installSnapshot(541)) - omNode-1@group-523986131536->omNode-2-GrpcLogAppender: followerNextIndex = 57 but logStartIndex = 59, notify follower to install snapshot-(t:5, i:59)
2022-10-18 06:30:58,889 [omNode-1@group-523986131536->omNode-2-GrpcLogAppender-LogAppenderDaemon] INFO  server.GrpcLogAppender (GrpcLogAppender.java:installSnapshot(549)) - omNode-1@group-523986131536->omNode-2-GrpcLogAppender: send omNode-1->omNode-2#0-t6,notify:(t:5, i:59)
2022-10-18 06:30:58,889 [grpc-default-executor-0] INFO  leader.FollowerInfo (FollowerInfoImpl.java:lambda$new$0(48)) - omNode-1@group-523986131536->omNode-2: nextIndex: updateUnconditionally 57 -> 57
2022-10-18 06:30:58,890 [omNode-2-server-thread1] INFO  server.RaftServer$Division (RaftServerImpl.java:checkInconsistentAppendEntries(1402)) - omNode-2@group-523986131536: Failed appendEntries as snapshot (59) installation is in progress
2022-10-18 06:30:58,890 [omNode-2-server-thread1] INFO  server.RaftServer$Division (RaftServerImpl.java:checkInconsistentAppendEntries(1394)) - omNode-2@group-523986131536: inconsistency entries. Reply:omNode-1<-omNode-2#37:FAIL-t6,INCONSISTENCY,nextIndex=57,followerCommit=56
2022-10-18 06:30:58,890 [grpc-default-executor-0] INFO  impl.SnapshotInstallationHandler (SnapshotInstallationHandler.java:installSnapshot(84)) - omNode-2@group-523986131536: receive installSnapshot: omNode-1->omNode-2#0-t6,notify:(t:5, i:59)
2022-10-18 06:30:58,890 [grpc-default-executor-0] INFO  impl.SnapshotInstallationHandler (SnapshotInstallationHandler.java:installSnapshot(95)) - omNode-2@group-523986131536: reply installSnapshot: omNode-1<-omNode-2#0:FAIL-t6,IN_PROGRESS
2022-10-18 06:30:58,890 [grpc-default-executor-0] INFO  server.GrpcServerProtocolService (GrpcServerProtocolService.java:onCompleted(140)) - omNode-2: Completed INSTALL_SNAPSHOT, lastRequest: omNode-1->omNode-2#0-t6,notify:(t:5, i:59)
2022-10-18 06:30:58,892 [grpc-default-executor-0] INFO  leader.FollowerInfo (FollowerInfoImpl.java:lambda$new$0(48)) - omNode-1@group-523986131536->omNode-2: nextIndex: updateUnconditionally 57 -> 57
2022-10-18 06:30:58,892 [grpc-default-executor-0] INFO  server.GrpcLogAppender (GrpcLogAppender.java:onNext(403)) - omNode-1@group-523986131536->omNode-2-InstallSnapshotResponseHandler: received a reply omNode-1<-omNode-2#0:FAIL-t6,IN_PROGRESS
2022-10-18 06:30:58,892 [grpc-default-executor-0] INFO  server.GrpcLogAppender (GrpcLogAppender.java:onNext(421)) - omNode-1@group-523986131536->omNode-2-InstallSnapshotResponseHandler: InstallSnapshot in progress.
2022-10-18 06:30:58,892 [omNode-1@group-523986131536->omNode-2-GrpcLogAppender-LogAppenderDaemon] INFO  server.GrpcLogAppender (GrpcLogAppender.java:installSnapshot(541)) - omNode-1@group-523986131536->omNode-2-GrpcLogAppender: followerNextIndex = 57 but logStartIndex = 59, notify follower to install snapshot-(t:5, i:59)
2022-10-18 06:30:58,892 [omNode-1@group-523986131536->omNode-2-GrpcLogAppender-LogAppenderDaemon] INFO  server.GrpcLogAppender (GrpcLogAppender.java:installSnapshot(549)) - omNode-1@group-523986131536->omNode-2-GrpcLogAppender: send omNode-1->omNode-2#0-t6,notify:(t:5, i:59)
2022-10-18 06:30:58,893 [omNode-2-server-thread1] INFO  server.RaftServer$Division (RaftServerImpl.java:checkInconsistentAppendEntries(1402)) - omNode-2@group-523986131536: Failed appendEntries as snapshot (59) installation is in progress
2022-10-18 06:30:58,893 [omNode-2-server-thread1] INFO  server.RaftServer$Division (RaftServerImpl.java:checkInconsistentAppendEntries(1394)) - omNode-2@group-523986131536: inconsistency entries. Reply:omNode-1<-omNode-2#38:FAIL-t6,INCONSISTENCY,nextIndex=57,followerCommit=56
2022-10-18 06:30:58,894 [grpc-default-executor-1] INFO  impl.SnapshotInstallationHandler (SnapshotInstallationHandler.java:installSnapshot(84)) - omNode-2@group-523986131536: receive installSnapshot: omNode-1->omNode-2#0-t6,notify:(t:5, i:59)
2022-10-18 06:30:58,894 [grpc-default-executor-0] INFO  leader.FollowerInfo (FollowerInfoImpl.java:lambda$new$0(48)) - omNode-1@group-523986131536->omNode-2: nextIndex: updateUnconditionally 57 -> 57
2022-10-18 06:30:58,894 [grpc-default-executor-1] INFO  impl.SnapshotInstallationHandler (SnapshotInstallationHandler.java:installSnapshot(95)) - omNode-2@group-523986131536: reply installSnapshot: omNode-1<-omNode-2#0:FAIL-t6,IN_PROGRESS
2022-10-18 06:30:58,894 [grpc-default-executor-1] INFO  server.GrpcServerProtocolService (GrpcServerProtocolService.java:onCompleted(140)) - omNode-2: Completed INSTALL_SNAPSHOT, lastRequest: omNode-1->omNode-2#0-t6,notify:(t:5, i:59)
2022-10-18 06:30:58,894 [grpc-default-executor-1] INFO  server.GrpcLogAppender (GrpcLogAppender.java:onNext(403)) - omNode-1@group-523986131536->omNode-2-InstallSnapshotResponseHandler: received a reply omNode-1<-omNode-2#0:FAIL-t6,IN_PROGRESS
2022-10-18 06:30:58,894 [grpc-default-executor-1] INFO  server.GrpcLogAppender (GrpcLogAppender.java:onNext(421)) - omNode-1@group-523986131536->omNode-2-InstallSnapshotResponseHandler: InstallSnapshot in progress.
2022-10-18 06:30:58,895 [omNode-1@group-523986131536->omNode-2-GrpcLogAppender-LogAppenderDaemon] INFO  server.GrpcLogAppender (GrpcLogAppender.java:installSnapshot(541)) - omNode-1@group-523986131536->omNode-2-GrpcLogAppender: followerNextIndex = 57 but logStartIndex = 59, notify follower to install snapshot-(t:5, i:59)
2022-10-18 06:30:58,895 [omNode-1@group-523986131536->omNode-2-GrpcLogAppender-LogAppenderDaemon] INFO  server.GrpcLogAppender (GrpcLogAppender.java:installSnapshot(549)) - omNode-1@group-523986131536->omNode-2-GrpcLogAppender: send omNode-1->omNode-2#0-t6,notify:(t:5, i:59)
2022-10-18 06:30:58,897 [grpc-default-executor-1] INFO  impl.SnapshotInstallationHandler (SnapshotInstallationHandler.java:installSnapshot(84)) - omNode-2@group-523986131536: receive installSnapshot: omNode-1->omNode-2#0-t6,notify:(t:5, i:59)
2022-10-18 06:30:58,897 [omNode-2-server-thread1] INFO  server.RaftServer$Division (RaftServerImpl.java:checkInconsistentAppendEntries(1402)) - omNode-2@group-523986131536: Failed appendEntries as snapshot (59) installation is in progress
2022-10-18 06:30:58,897 [omNode-2-server-thread1] INFO  server.RaftServer$Division (RaftServerImpl.java:checkInconsistentAppendEntries(1394)) - omNode-2@group-523986131536: inconsistency entries. Reply:omNode-1<-omNode-2#39:FAIL-t6,INCONSISTENCY,nextIndex=57,followerCommit=56
2022-10-18 06:30:58,897 [grpc-default-executor-1] INFO  impl.SnapshotInstallationHandler (SnapshotInstallationHandler.java:installSnapshot(95)) - omNode-2@group-523986131536: reply installSnapshot: omNode-1<-omNode-2#0:FAIL-t6,IN_PROGRESS
2022-10-18 06:30:58,897 [grpc-default-executor-1] INFO  server.GrpcServerProtocolService (GrpcServerProtocolService.java:onCompleted(140)) - omNode-2: Completed INSTALL_SNAPSHOT, lastRequest: omNode-1->omNode-2#0-t6,notify:(t:5, i:59)
2022-10-18 06:30:58,897 [grpc-default-executor-0] INFO  leader.FollowerInfo (FollowerInfoImpl.java:lambda$new$0(48)) - omNode-1@group-523986131536->omNode-2: nextIndex: updateUnconditionally 57 -> 57
2022-10-18 06:30:58,898 [grpc-default-executor-0] INFO  server.GrpcLogAppender (GrpcLogAppender.java:onNext(403)) - omNode-1@group-523986131536->omNode-2-InstallSnapshotResponseHandler: received a reply omNode-1<-omNode-2#0:FAIL-t6,IN_PROGRESS
2022-10-18 06:30:58,898 [grpc-default-executor-0] INFO  server.GrpcLogAppender (GrpcLogAppender.java:onNext(421)) - omNode-1@group-523986131536->omNode-2-InstallSnapshotResponseHandler: InstallSnapshot in progress.
2022-10-18 06:30:58,898 [omNode-1@group-523986131536->omNode-2-GrpcLogAppender-LogAppenderDaemon] INFO  server.GrpcLogAppender (GrpcLogAppender.java:installSnapshot(541)) - omNode-1@group-523986131536->omNode-2-GrpcLogAppender: followerNextIndex = 57 but logStartIndex = 59, notify follower to install snapshot-(t:5, i:59)
2022-10-18 06:30:58,898 [omNode-1@group-523986131536->omNode-2-GrpcLogAppender-LogAppenderDaemon] INFO  server.GrpcLogAppender (GrpcLogAppender.java:installSnapshot(549)) - omNode-1@group-523986131536->omNode-2-GrpcLogAppender: send omNode-1->omNode-2#0-t6,notify:(t:5, i:59)
2022-10-18 06:30:58,900 [omNode-2-server-thread1] INFO  server.RaftServer$Division (RaftServerImpl.java:checkInconsistentAppendEntries(1402)) - omNode-2@group-523986131536: Failed appendEntries as snapshot (59) installation is in progress
2022-10-18 06:30:58,901 [omNode-2-server-thread1] INFO  server.RaftServer$Division (RaftServerImpl.java:checkInconsistentAppendEntries(1394)) - omNode-2@group-523986131536: inconsistency entries. Reply:omNode-1<-omNode-2#40:FAIL-t6,INCONSISTENCY,nextIndex=57,followerCommit=56
2022-10-18 06:30:58,901 [grpc-default-executor-0] INFO  impl.SnapshotInstallationHandler (SnapshotInstallationHandler.java:installSnapshot(84)) - omNode-2@group-523986131536: receive installSnapshot: omNode-1->omNode-2#0-t6,notify:(t:5, i:59)
2022-10-18 06:30:58,901 [grpc-default-executor-0] INFO  impl.SnapshotInstallationHandler (SnapshotInstallationHandler.java:installSnapshot(95)) - omNode-2@group-523986131536: reply installSnapshot: omNode-1<-omNode-2#0:FAIL-t6,IN_PROGRESS
2022-10-18 06:30:58,901 [grpc-default-executor-0] INFO  server.GrpcServerProtocolService (GrpcServerProtocolService.java:onCompleted(140)) - omNode-2: Completed INSTALL_SNAPSHOT, lastRequest: omNode-1->omNode-2#0-t6,notify:(t:5, i:59)
2022-10-18 06:30:58,902 [grpc-default-executor-0] INFO  leader.FollowerInfo (FollowerInfoImpl.java:lambda$new$0(48)) - omNode-1@group-523986131536->omNode-2: nextIndex: updateUnconditionally 57 -> 57
2022-10-18 06:30:58,902 [grpc-default-executor-0] INFO  server.GrpcLogAppender (GrpcLogAppender.java:onNext(403)) - omNode-1@group-523986131536->omNode-2-InstallSnapshotResponseHandler: received a reply omNode-1<-omNode-2#0:FAIL-t6,IN_PROGRESS
2022-10-18 06:30:58,902 [grpc-default-executor-0] INFO  server.GrpcLogAppender (GrpcLogAppender.java:onNext(421)) - omNode-1@group-523986131536->omNode-2-InstallSnapshotResponseHandler: InstallSnapshot in progress.
2022-10-18 06:30:58,902 [omNode-1@group-523986131536->omNode-2-GrpcLogAppender-LogAppenderDaemon] INFO  server.GrpcLogAppender (GrpcLogAppender.java:installSnapshot(541)) - omNode-1@group-523986131536->omNode-2-GrpcLogAppender: followerNextIndex = 57 but logStartIndex = 59, notify follower to install snapshot-(t:5, i:59)
2022-10-18 06:30:58,902 [omNode-1@group-523986131536->omNode-2-GrpcLogAppender-LogAppenderDaemon] INFO  server.GrpcLogAppender (GrpcLogAppender.java:installSnapshot(549)) - omNode-1@group-523986131536->omNode-2-GrpcLogAppender: send omNode-1->omNode-2#0-t6,notify:(t:5, i:59)
2022-10-18 06:30:58,902 [omNode-2-server-thread1] INFO  server.RaftServer$Division (RaftServerImpl.java:checkInconsistentAppendEntries(1402)) - omNode-2@group-523986131536: Failed appendEntries as snapshot (59) installation is in progress
2022-10-18 06:30:58,902 [omNode-2-server-thread1] INFO  server.RaftServer$Division (RaftServerImpl.java:checkInconsistentAppendEntries(1394)) - omNode-2@group-523986131536: inconsistency entries. Reply:omNode-1<-omNode-2#41:FAIL-t6,INCONSISTENCY,nextIndex=57,followerCommit=56
2022-10-18 06:30:58,903 [grpc-default-executor-0] INFO  impl.SnapshotInstallationHandler (SnapshotInstallationHandler.java:installSnapshot(84)) - omNode-2@group-523986131536: receive installSnapshot: omNode-1->omNode-2#0-t6,notify:(t:5, i:59)
2022-10-18 06:30:58,903 [grpc-default-executor-1] INFO  leader.FollowerInfo (FollowerInfoImpl.java:lambda$new$0(48)) - omNode-1@group-523986131536->omNode-2: nextIndex: updateUnconditionally 57 -> 57
2022-10-18 06:30:58,903 [grpc-default-executor-0] INFO  impl.SnapshotInstallationHandler (SnapshotInstallationHandler.java:installSnapshot(95)) - omNode-2@group-523986131536: reply installSnapshot: omNode-1<-omNode-2#0:FAIL-t6,IN_PROGRESS
2022-10-18 06:30:58,903 [grpc-default-executor-0] INFO  server.GrpcServerProtocolService (GrpcServerProtocolService.java:onCompleted(140)) - omNode-2: Completed INSTALL_SNAPSHOT, lastRequest: omNode-1->omNode-2#0-t6,notify:(t:5, i:59)
2022-10-18 06:30:58,905 [grpc-default-executor-0] INFO  server.GrpcLogAppender (GrpcLogAppender.java:onNext(403)) - omNode-1@group-523986131536->omNode-2-InstallSnapshotResponseHandler: received a reply omNode-1<-omNode-2#0:FAIL-t6,IN_PROGRESS
2022-10-18 06:30:58,905 [grpc-default-executor-0] INFO  server.GrpcLogAppender (GrpcLogAppender.java:onNext(421)) - omNode-1@group-523986131536->omNode-2-InstallSnapshotResponseHandler: InstallSnapshot in progress.
2022-10-18 06:30:58,906 [omNode-1@group-523986131536->omNode-2-GrpcLogAppender-LogAppenderDaemon] INFO  server.GrpcLogAppender (GrpcLogAppender.java:installSnapshot(541)) - omNode-1@group-523986131536->omNode-2-GrpcLogAppender: followerNextIndex = 57 but logStartIndex = 59, notify follower to install snapshot-(t:5, i:59)
2022-10-18 06:30:58,906 [omNode-1@group-523986131536->omNode-2-GrpcLogAppender-LogAppenderDaemon] INFO  server.GrpcLogAppender (GrpcLogAppender.java:installSnapshot(549)) - omNode-1@group-523986131536->omNode-2-GrpcLogAppender: send omNode-1->omNode-2#0-t6,notify:(t:5, i:59)
2022-10-18 06:30:58,906 [omNode-2-server-thread1] INFO  server.RaftServer$Division (RaftServerImpl.java:checkInconsistentAppendEntries(1402)) - omNode-2@group-523986131536: Failed appendEntries as snapshot (59) installation is in progress
2022-10-18 06:30:58,906 [omNode-2-server-thread1] INFO  server.RaftServer$Division (RaftServerImpl.java:checkInconsistentAppendEntries(1394)) - omNode-2@group-523986131536: inconsistency entries. Reply:omNode-1<-omNode-2#42:FAIL-t6,INCONSISTENCY,nextIndex=57,followerCommit=56
2022-10-18 06:30:58,907 [grpc-default-executor-0] INFO  impl.SnapshotInstallationHandler (SnapshotInstallationHandler.java:installSnapshot(84)) - omNode-2@group-523986131536: receive installSnapshot: omNode-1->omNode-2#0-t6,notify:(t:5, i:59)
2022-10-18 06:30:58,907 [grpc-default-executor-0] INFO  impl.SnapshotInstallationHandler (SnapshotInstallationHandler.java:installSnapshot(95)) - omNode-2@group-523986131536: reply installSnapshot: omNode-1<-omNode-2#0:FAIL-t6,IN_PROGRESS
2022-10-18 06:30:58,907 [grpc-default-executor-0] INFO  server.GrpcServerProtocolService (GrpcServerProtocolService.java:onCompleted(140)) - omNode-2: Completed INSTALL_SNAPSHOT, lastRequest: omNode-1->omNode-2#0-t6,notify:(t:5, i:59)
2022-10-18 06:30:58,907 [grpc-default-executor-0] INFO  leader.FollowerInfo (FollowerInfoImpl.java:lambda$new$0(48)) - omNode-1@group-523986131536->omNode-2: nextIndex: updateUnconditionally 57 -> 57
2022-10-18 06:30:58,908 [grpc-default-executor-0] INFO  server.GrpcLogAppender (GrpcLogAppender.java:onNext(403)) - omNode-1@group-523986131536->omNode-2-InstallSnapshotResponseHandler: received a reply omNode-1<-omNode-2#0:FAIL-t6,IN_PROGRESS
2022-10-18 06:30:58,908 [grpc-default-executor-0] INFO  server.GrpcLogAppender (GrpcLogAppender.java:onNext(421)) - omNode-1@group-523986131536->omNode-2-InstallSnapshotResponseHandler: InstallSnapshot in progress.
2022-10-18 06:30:58,908 [omNode-1@group-523986131536->omNode-2-GrpcLogAppender-LogAppenderDaemon] INFO  server.GrpcLogAppender (GrpcLogAppender.java:installSnapshot(541)) - omNode-1@group-523986131536->omNode-2-GrpcLogAppender: followerNextIndex = 57 but logStartIndex = 59, notify follower to install snapshot-(t:5, i:59)
2022-10-18 06:30:58,908 [omNode-1@group-523986131536->omNode-2-GrpcLogAppender-LogAppenderDaemon] INFO  server.GrpcLogAppender (GrpcLogAppender.java:installSnapshot(549)) - omNode-1@group-523986131536->omNode-2-GrpcLogAppender: send omNode-1->omNode-2#0-t6,notify:(t:5, i:59)
2022-10-18 06:30:58,909 [omNode-2-server-thread1] INFO  server.RaftServer$Division (RaftServerImpl.java:checkInconsistentAppendEntries(1402)) - omNode-2@group-523986131536: Failed appendEntries as snapshot (59) installation is in progress
2022-10-18 06:30:58,909 [omNode-2-server-thread1] INFO  server.RaftServer$Division (RaftServerImpl.java:checkInconsistentAppendEntries(1394)) - omNode-2@group-523986131536: inconsistency entries. Reply:omNode-1<-omNode-2#43:FAIL-t6,INCONSISTENCY,nextIndex=57,followerCommit=56
2022-10-18 06:30:58,909 [grpc-default-executor-0] INFO  impl.SnapshotInstallationHandler (SnapshotInstallationHandler.java:installSnapshot(84)) - omNode-2@group-523986131536: receive installSnapshot: omNode-1->omNode-2#0-t6,notify:(t:5, i:59)
2022-10-18 06:30:58,909 [grpc-default-executor-0] INFO  impl.SnapshotInstallationHandler (SnapshotInstallationHandler.java:installSnapshot(95)) - omNode-2@group-523986131536: reply installSnapshot: omNode-1<-omNode-2#0:FAIL-t6,IN_PROGRESS
2022-10-18 06:30:58,909 [grpc-default-executor-0] INFO  server.GrpcServerProtocolService (GrpcServerProtocolService.java:onCompleted(140)) - omNode-2: Completed INSTALL_SNAPSHOT, lastRequest: omNode-1->omNode-2#0-t6,notify:(t:5, i:59)
2022-10-18 06:30:58,910 [grpc-default-executor-0] INFO  leader.FollowerInfo (FollowerInfoImpl.java:lambda$new$0(48)) - omNode-1@group-523986131536->omNode-2: nextIndex: updateUnconditionally 57 -> 57
2022-10-18 06:30:58,910 [grpc-default-executor-0] INFO  server.GrpcLogAppender (GrpcLogAppender.java:onNext(403)) - omNode-1@group-523986131536->omNode-2-InstallSnapshotResponseHandler: received a reply omNode-1<-omNode-2#0:FAIL-t6,IN_PROGRESS
2022-10-18 06:30:58,910 [grpc-default-executor-0] INFO  server.GrpcLogAppender (GrpcLogAppender.java:onNext(421)) - omNode-1@group-523986131536->omNode-2-InstallSnapshotResponseHandler: InstallSnapshot in progress.
2022-10-18 06:30:58,910 [omNode-1@group-523986131536->omNode-2-GrpcLogAppender-LogAppenderDaemon] INFO  server.GrpcLogAppender (GrpcLogAppender.java:installSnapshot(541)) - omNode-1@group-523986131536->omNode-2-GrpcLogAppender: followerNextIndex = 57 but logStartIndex = 59, notify follower to install snapshot-(t:5, i:59)
2022-10-18 06:30:58,911 [omNode-1@group-523986131536->omNode-2-GrpcLogAppender-LogAppenderDaemon] INFO  server.GrpcLogAppender (GrpcLogAppender.java:installSnapshot(549)) - omNode-1@group-523986131536->omNode-2-GrpcLogAppender: send omNode-1->omNode-2#0-t6,notify:(t:5, i:59)
2022-10-18 06:30:58,911 [omNode-2-server-thread1] INFO  server.RaftServer$Division (RaftServerImpl.java:checkInconsistentAppendEntries(1402)) - omNode-2@group-523986131536: Failed appendEntries as snapshot (59) installation is in progress
2022-10-18 06:30:58,911 [omNode-2-server-thread1] INFO  server.RaftServer$Division (RaftServerImpl.java:checkInconsistentAppendEntries(1394)) - omNode-2@group-523986131536: inconsistency entries. Reply:omNode-1<-omNode-2#44:FAIL-t6,INCONSISTENCY,nextIndex=57,followerCommit=56
2022-10-18 06:30:58,912 [grpc-default-executor-0] INFO  impl.SnapshotInstallationHandler (SnapshotInstallationHandler.java:installSnapshot(84)) - omNode-2@group-523986131536: receive installSnapshot: omNode-1->omNode-2#0-t6,notify:(t:5, i:59)
2022-10-18 06:30:58,912 [grpc-default-executor-0] INFO  impl.SnapshotInstallationHandler (SnapshotInstallationHandler.java:installSnapshot(95)) - omNode-2@group-523986131536: reply installSnapshot: omNode-1<-omNode-2#0:FAIL-t6,IN_PROGRESS
2022-10-18 06:30:58,912 [grpc-default-executor-0] INFO  server.GrpcServerProtocolService (GrpcServerProtocolService.java:onCompleted(140)) - omNode-2: Completed INSTALL_SNAPSHOT, lastRequest: omNode-1->omNode-2#0-t6,notify:(t:5, i:59)
2022-10-18 06:30:58,912 [grpc-default-executor-0] INFO  leader.FollowerInfo (FollowerInfoImpl.java:lambda$new$0(48)) - omNode-1@group-523986131536->omNode-2: nextIndex: updateUnconditionally 57 -> 57
2022-10-18 06:30:58,913 [grpc-default-executor-0] INFO  server.GrpcLogAppender (GrpcLogAppender.java:onNext(403)) - omNode-1@group-523986131536->omNode-2-InstallSnapshotResponseHandler: received a reply omNode-1<-omNode-2#0:FAIL-t6,IN_PROGRESS
2022-10-18 06:30:58,913 [grpc-default-executor-0] INFO  server.GrpcLogAppender (GrpcLogAppender.java:onNext(421)) - omNode-1@group-523986131536->omNode-2-InstallSnapshotResponseHandler: InstallSnapshot in progress.
2022-10-18 06:30:58,913 [omNode-1@group-523986131536->omNode-2-GrpcLogAppender-LogAppenderDaemon] INFO  server.GrpcLogAppender (GrpcLogAppender.java:installSnapshot(541)) - omNode-1@group-523986131536->omNode-2-GrpcLogAppender: followerNextIndex = 57 but logStartIndex = 59, notify follower to install snapshot-(t:5, i:59)
2022-10-18 06:30:58,913 [omNode-1@group-523986131536->omNode-2-GrpcLogAppender-LogAppenderDaemon] INFO  server.GrpcLogAppender (GrpcLogAppender.java:installSnapshot(549)) - omNode-1@group-523986131536->omNode-2-GrpcLogAppender: send omNode-1->omNode-2#0-t6,notify:(t:5, i:59)
2022-10-18 06:30:58,914 [omNode-2-server-thread1] INFO  server.RaftServer$Division (RaftServerImpl.java:checkInconsistentAppendEntries(1402)) - omNode-2@group-523986131536: Failed appendEntries as snapshot (59) installation is in progress
2022-10-18 06:30:58,914 [omNode-2-server-thread1] INFO  server.RaftServer$Division (RaftServerImpl.java:checkInconsistentAppendEntries(1394)) - omNode-2@group-523986131536: inconsistency entries. Reply:omNode-1<-omNode-2#45:FAIL-t6,INCONSISTENCY,nextIndex=57,followerCommit=56
2022-10-18 06:30:58,914 [grpc-default-executor-0] INFO  impl.SnapshotInstallationHandler (SnapshotInstallationHandler.java:installSnapshot(84)) - omNode-2@group-523986131536: receive installSnapshot: omNode-1->omNode-2#0-t6,notify:(t:5, i:59)
2022-10-18 06:30:58,914 [grpc-default-executor-0] INFO  impl.SnapshotInstallationHandler (SnapshotInstallationHandler.java:installSnapshot(95)) - omNode-2@group-523986131536: reply installSnapshot: omNode-1<-omNode-2#0:FAIL-t6,IN_PROGRESS
2022-10-18 06:30:58,914 [grpc-default-executor-0] INFO  server.GrpcServerProtocolService (GrpcServerProtocolService.java:onCompleted(140)) - omNode-2: Completed INSTALL_SNAPSHOT, lastRequest: omNode-1->omNode-2#0-t6,notify:(t:5, i:59)
2022-10-18 06:30:58,915 [grpc-default-executor-0] INFO  leader.FollowerInfo (FollowerInfoImpl.java:lambda$new$0(48)) - omNode-1@group-523986131536->omNode-2: nextIndex: updateUnconditionally 57 -> 57
2022-10-18 06:30:58,915 [grpc-default-executor-0] INFO  server.GrpcLogAppender (GrpcLogAppender.java:onNext(403)) - omNode-1@group-523986131536->omNode-2-InstallSnapshotResponseHandler: received a reply omNode-1<-omNode-2#0:FAIL-t6,IN_PROGRESS
2022-10-18 06:30:58,915 [grpc-default-executor-0] INFO  server.GrpcLogAppender (GrpcLogAppender.java:onNext(421)) - omNode-1@group-523986131536->omNode-2-InstallSnapshotResponseHandler: InstallSnapshot in progress.
2022-10-18 06:30:58,915 [omNode-1@group-523986131536->omNode-2-GrpcLogAppender-LogAppenderDaemon] INFO  server.GrpcLogAppender (GrpcLogAppender.java:installSnapshot(541)) - omNode-1@group-523986131536->omNode-2-GrpcLogAppender: followerNextIndex = 57 but logStartIndex = 59, notify follower to install snapshot-(t:5, i:59)
2022-10-18 06:30:58,916 [omNode-1@group-523986131536->omNode-2-GrpcLogAppender-LogAppenderDaemon] INFO  server.GrpcLogAppender (GrpcLogAppender.java:installSnapshot(549)) - omNode-1@group-523986131536->omNode-2-GrpcLogAppender: send omNode-1->omNode-2#0-t6,notify:(t:5, i:59)
2022-10-18 06:30:58,916 [omNode-2-server-thread1] INFO  server.RaftServer$Division (RaftServerImpl.java:checkInconsistentAppendEntries(1402)) - omNode-2@group-523986131536: Failed appendEntries as snapshot (59) installation is in progress
2022-10-18 06:30:58,916 [omNode-2-server-thread1] INFO  server.RaftServer$Division (RaftServerImpl.java:checkInconsistentAppendEntries(1394)) - omNode-2@group-523986131536: inconsistency entries. Reply:omNode-1<-omNode-2#46:FAIL-t6,INCONSISTENCY,nextIndex=57,followerCommit=56
2022-10-18 06:30:58,917 [grpc-default-executor-0] INFO  impl.SnapshotInstallationHandler (SnapshotInstallationHandler.java:installSnapshot(84)) - omNode-2@group-523986131536: receive installSnapshot: omNode-1->omNode-2#0-t6,notify:(t:5, i:59)
2022-10-18 06:30:58,917 [grpc-default-executor-0] INFO  impl.SnapshotInstallationHandler (SnapshotInstallationHandler.java:installSnapshot(95)) - omNode-2@group-523986131536: reply installSnapshot: omNode-1<-omNode-2#0:FAIL-t6,IN_PROGRESS
2022-10-18 06:30:58,917 [grpc-default-executor-0] INFO  server.GrpcServerProtocolService (GrpcServerProtocolService.java:onCompleted(140)) - omNode-2: Completed INSTALL_SNAPSHOT, lastRequest: omNode-1->omNode-2#0-t6,notify:(t:5, i:59)
2022-10-18 06:30:58,917 [grpc-default-executor-0] INFO  leader.FollowerInfo (FollowerInfoImpl.java:lambda$new$0(48)) - omNode-1@group-523986131536->omNode-2: nextIndex: updateUnconditionally 57 -> 57
2022-10-18 06:30:58,918 [grpc-default-executor-0] INFO  server.GrpcLogAppender (GrpcLogAppender.java:onNext(403)) - omNode-1@group-523986131536->omNode-2-InstallSnapshotResponseHandler: received a reply omNode-1<-omNode-2#0:FAIL-t6,IN_PROGRESS
2022-10-18 06:30:58,918 [grpc-default-executor-0] INFO  server.GrpcLogAppender (GrpcLogAppender.java:onNext(421)) - omNode-1@group-523986131536->omNode-2-InstallSnapshotResponseHandler: InstallSnapshot in progress.
2022-10-18 06:30:58,918 [omNode-1@group-523986131536->omNode-2-GrpcLogAppender-LogAppenderDaemon] INFO  server.GrpcLogAppender (GrpcLogAppender.java:installSnapshot(541)) - omNode-1@group-523986131536->omNode-2-GrpcLogAppender: followerNextIndex = 57 but logStartIndex = 59, notify follower to install snapshot-(t:5, i:59)
2022-10-18 06:30:58,918 [omNode-1@group-523986131536->omNode-2-GrpcLogAppender-LogAppenderDaemon] INFO  server.GrpcLogAppender (GrpcLogAppender.java:installSnapshot(549)) - omNode-1@group-523986131536->omNode-2-GrpcLogAppender: send omNode-1->omNode-2#0-t6,notify:(t:5, i:59)
2022-10-18 06:30:58,919 [omNode-2-server-thread1] INFO  server.RaftServer$Division (RaftServerImpl.java:checkInconsistentAppendEntries(1402)) - omNode-2@group-523986131536: Failed appendEntries as snapshot (59) installation is in progress
2022-10-18 06:30:58,919 [omNode-2-server-thread1] INFO  server.RaftServer$Division (RaftServerImpl.java:checkInconsistentAppendEntries(1394)) - omNode-2@group-523986131536: inconsistency entries. Reply:omNode-1<-omNode-2#47:FAIL-t6,INCONSISTENCY,nextIndex=57,followerCommit=56
2022-10-18 06:30:58,919 [grpc-default-executor-0] INFO  impl.SnapshotInstallationHandler (SnapshotInstallationHandler.java:installSnapshot(84)) - omNode-2@group-523986131536: receive installSnapshot: omNode-1->omNode-2#0-t6,notify:(t:5, i:59)
2022-10-18 06:30:58,919 [grpc-default-executor-0] INFO  impl.SnapshotInstallationHandler (SnapshotInstallationHandler.java:installSnapshot(95)) - omNode-2@group-523986131536: reply installSnapshot: omNode-1<-omNode-2#0:FAIL-t6,IN_PROGRESS
2022-10-18 06:30:58,920 [grpc-default-executor-0] INFO  server.GrpcServerProtocolService (GrpcServerProtocolService.java:onCompleted(140)) - omNode-2: Completed INSTALL_SNAPSHOT, lastRequest: omNode-1->omNode-2#0-t6,notify:(t:5, i:59)
2022-10-18 06:30:58,920 [grpc-default-executor-1] INFO  leader.FollowerInfo (FollowerInfoImpl.java:lambda$new$0(48)) - omNode-1@group-523986131536->omNode-2: nextIndex: updateUnconditionally 57 -> 57
2022-10-18 06:30:58,920 [grpc-default-executor-1] INFO  server.GrpcLogAppender (GrpcLogAppender.java:onNext(403)) - omNode-1@group-523986131536->omNode-2-InstallSnapshotResponseHandler: received a reply omNode-1<-omNode-2#0:FAIL-t6,IN_PROGRESS
2022-10-18 06:30:58,920 [grpc-default-executor-1] INFO  server.GrpcLogAppender (GrpcLogAppender.java:onNext(421)) - omNode-1@group-523986131536->omNode-2-InstallSnapshotResponseHandler: InstallSnapshot in progress.
2022-10-18 06:30:58,921 [omNode-1@group-523986131536->omNode-2-GrpcLogAppender-LogAppenderDaemon] INFO  server.GrpcLogAppender (GrpcLogAppender.java:installSnapshot(541)) - omNode-1@group-523986131536->omNode-2-GrpcLogAppender: followerNextIndex = 57 but logStartIndex = 59, notify follower to install snapshot-(t:5, i:59)
2022-10-18 06:30:58,921 [omNode-1@group-523986131536->omNode-2-GrpcLogAppender-LogAppenderDaemon] INFO  server.GrpcLogAppender (GrpcLogAppender.java:installSnapshot(549)) - omNode-1@group-523986131536->omNode-2-GrpcLogAppender: send omNode-1->omNode-2#0-t6,notify:(t:5, i:59)
2022-10-18 06:30:58,921 [grpc-default-executor-1] INFO  impl.SnapshotInstallationHandler (SnapshotInstallationHandler.java:installSnapshot(84)) - omNode-2@group-523986131536: receive installSnapshot: omNode-1->omNode-2#0-t6,notify:(t:5, i:59)
2022-10-18 06:30:58,922 [grpc-default-executor-1] INFO  impl.SnapshotInstallationHandler (SnapshotInstallationHandler.java:installSnapshot(95)) - omNode-2@group-523986131536: reply installSnapshot: omNode-1<-omNode-2#0:FAIL-t6,IN_PROGRESS
2022-10-18 06:30:58,922 [grpc-default-executor-1] INFO  server.GrpcServerProtocolService (GrpcServerProtocolService.java:onCompleted(140)) - omNode-2: Completed INSTALL_SNAPSHOT, lastRequest: omNode-1->omNode-2#0-t6,notify:(t:5, i:59)
2022-10-18 06:30:58,922 [omNode-2-server-thread1] INFO  server.RaftServer$Division (RaftServerImpl.java:checkInconsistentAppendEntries(1402)) - omNode-2@group-523986131536: Failed appendEntries as snapshot (59) installation is in progress
2022-10-18 06:30:58,922 [omNode-2-server-thread1] INFO  server.RaftServer$Division (RaftServerImpl.java:checkInconsistentAppendEntries(1394)) - omNode-2@group-523986131536: inconsistency entries. Reply:omNode-1<-omNode-2#48:FAIL-t6,INCONSISTENCY,nextIndex=57,followerCommit=56
2022-10-18 06:30:58,923 [grpc-default-executor-0] INFO  server.GrpcLogAppender (GrpcLogAppender.java:onNext(403)) - omNode-1@group-523986131536->omNode-2-InstallSnapshotResponseHandler: received a reply omNode-1<-omNode-2#0:FAIL-t6,IN_PROGRESS
2022-10-18 06:30:58,923 [grpc-default-executor-0] INFO  server.GrpcLogAppender (GrpcLogAppender.java:onNext(421)) - omNode-1@group-523986131536->omNode-2-InstallSnapshotResponseHandler: InstallSnapshot in progress.
2022-10-18 06:30:58,923 [omNode-1@group-523986131536->omNode-2-GrpcLogAppender-LogAppenderDaemon] INFO  server.GrpcLogAppender (GrpcLogAppender.java:installSnapshot(541)) - omNode-1@group-523986131536->omNode-2-GrpcLogAppender: followerNextIndex = 57 but logStartIndex = 59, notify follower to install snapshot-(t:5, i:59)
2022-10-18 06:30:58,923 [omNode-1@group-523986131536->omNode-2-GrpcLogAppender-LogAppenderDaemon] INFO  server.GrpcLogAppender (GrpcLogAppender.java:installSnapshot(549)) - omNode-1@group-523986131536->omNode-2-GrpcLogAppender: send omNode-1->omNode-2#0-t6,notify:(t:5, i:59)
2022-10-18 06:30:58,923 [grpc-default-executor-0] INFO  leader.FollowerInfo (FollowerInfoImpl.java:lambda$new$0(48)) - omNode-1@group-523986131536->omNode-2: nextIndex: updateUnconditionally 57 -> 57
2022-10-18 06:30:58,924 [omNode-2-server-thread1] INFO  server.RaftServer$Division (RaftServerImpl.java:checkInconsistentAppendEntries(1402)) - omNode-2@group-523986131536: Failed appendEntries as snapshot (59) installation is in progress
2022-10-18 06:30:58,924 [omNode-2-server-thread1] INFO  server.RaftServer$Division (RaftServerImpl.java:checkInconsistentAppendEntries(1394)) - omNode-2@group-523986131536: inconsistency entries. Reply:omNode-1<-omNode-2#49:FAIL-t6,INCONSISTENCY,nextIndex=57,followerCommit=56
2022-10-18 06:30:58,924 [grpc-default-executor-0] INFO  impl.SnapshotInstallationHandler (SnapshotInstallationHandler.java:installSnapshot(84)) - omNode-2@group-523986131536: receive installSnapshot: omNode-1->omNode-2#0-t6,notify:(t:5, i:59)
2022-10-18 06:30:58,925 [grpc-default-executor-0] INFO  impl.SnapshotInstallationHandler (SnapshotInstallationHandler.java:installSnapshot(95)) - omNode-2@group-523986131536: reply installSnapshot: omNode-1<-omNode-2#0:FAIL-t6,IN_PROGRESS
2022-10-18 06:30:58,925 [grpc-default-executor-0] INFO  server.GrpcServerProtocolService (GrpcServerProtocolService.java:onCompleted(140)) - omNode-2: Completed INSTALL_SNAPSHOT, lastRequest: omNode-1->omNode-2#0-t6,notify:(t:5, i:59)
2022-10-18 06:30:58,925 [grpc-default-executor-1] INFO  leader.FollowerInfo (FollowerInfoImpl.java:lambda$new$0(48)) - omNode-1@group-523986131536->omNode-2: nextIndex: updateUnconditionally 57 -> 57
2022-10-18 06:30:58,925 [grpc-default-executor-1] INFO  server.GrpcLogAppender (GrpcLogAppender.java:onNext(403)) - omNode-1@group-523986131536->omNode-2-InstallSnapshotResponseHandler: received a reply omNode-1<-omNode-2#0:FAIL-t6,IN_PROGRESS
2022-10-18 06:30:58,926 [grpc-default-executor-1] INFO  server.GrpcLogAppender (GrpcLogAppender.java:onNext(421)) - omNode-1@group-523986131536->omNode-2-InstallSnapshotResponseHandler: InstallSnapshot in progress.
2022-10-18 06:30:58,926 [omNode-1@group-523986131536->omNode-2-GrpcLogAppender-LogAppenderDaemon] INFO  server.GrpcLogAppender (GrpcLogAppender.java:installSnapshot(541)) - omNode-1@group-523986131536->omNode-2-GrpcLogAppender: followerNextIndex = 57 but logStartIndex = 59, notify follower to install snapshot-(t:5, i:59)
2022-10-18 06:30:58,926 [omNode-1@group-523986131536->omNode-2-GrpcLogAppender-LogAppenderDaemon] INFO  server.GrpcLogAppender (GrpcLogAppender.java:installSnapshot(549)) - omNode-1@group-523986131536->omNode-2-GrpcLogAppender: send omNode-1->omNode-2#0-t6,notify:(t:5, i:59)
2022-10-18 06:30:58,927 [grpc-default-executor-1] INFO  impl.SnapshotInstallationHandler (SnapshotInstallationHandler.java:installSnapshot(84)) - omNode-2@group-523986131536: receive installSnapshot: omNode-1->omNode-2#0-t6,notify:(t:5, i:59)
2022-10-18 06:30:58,927 [grpc-default-executor-1] INFO  impl.SnapshotInstallationHandler (SnapshotInstallationHandler.java:installSnapshot(95)) - omNode-2@group-523986131536: reply installSnapshot: omNode-1<-omNode-2#0:FAIL-t6,IN_PROGRESS
2022-10-18 06:30:58,927 [grpc-default-executor-1] INFO  server.GrpcServerProtocolService (GrpcServerProtocolService.java:onCompleted(140)) - omNode-2: Completed INSTALL_SNAPSHOT, lastRequest: omNode-1->omNode-2#0-t6,notify:(t:5, i:59)
2022-10-18 06:30:58,927 [omNode-2-server-thread1] INFO  server.RaftServer$Division (RaftServerImpl.java:checkInconsistentAppendEntries(1402)) - omNode-2@group-523986131536: Failed appendEntries as snapshot (59) installation is in progress
2022-10-18 06:30:58,927 [omNode-2-server-thread1] INFO  server.RaftServer$Division (RaftServerImpl.java:checkInconsistentAppendEntries(1394)) - omNode-2@group-523986131536: inconsistency entries. Reply:omNode-1<-omNode-2#50:FAIL-t6,INCONSISTENCY,nextIndex=57,followerCommit=56
2022-10-18 06:30:58,928 [grpc-default-executor-0] INFO  server.GrpcLogAppender (GrpcLogAppender.java:onNext(403)) - omNode-1@group-523986131536->omNode-2-InstallSnapshotResponseHandler: received a reply omNode-1<-omNode-2#0:FAIL-t6,IN_PROGRESS
2022-10-18 06:30:58,928 [grpc-default-executor-0] INFO  server.GrpcLogAppender (GrpcLogAppender.java:onNext(421)) - omNode-1@group-523986131536->omNode-2-InstallSnapshotResponseHandler: InstallSnapshot in progress.
2022-10-18 06:30:58,928 [omNode-1@group-523986131536->omNode-2-GrpcLogAppender-LogAppenderDaemon] INFO  server.GrpcLogAppender (GrpcLogAppender.java:installSnapshot(541)) - omNode-1@group-523986131536->omNode-2-GrpcLogAppender: followerNextIndex = 57 but logStartIndex = 59, notify follower to install snapshot-(t:5, i:59)
2022-10-18 06:30:58,928 [omNode-1@group-523986131536->omNode-2-GrpcLogAppender-LogAppenderDaemon] INFO  server.GrpcLogAppender (GrpcLogAppender.java:installSnapshot(549)) - omNode-1@group-523986131536->omNode-2-GrpcLogAppender: send omNode-1->omNode-2#0-t6,notify:(t:5, i:59)
2022-10-18 06:30:58,928 [grpc-default-executor-0] INFO  leader.FollowerInfo (FollowerInfoImpl.java:lambda$new$0(48)) - omNode-1@group-523986131536->omNode-2: nextIndex: updateUnconditionally 57 -> 57
2022-10-18 06:30:58,929 [omNode-2-server-thread1] INFO  server.RaftServer$Division (RaftServerImpl.java:checkInconsistentAppendEntries(1402)) - omNode-2@group-523986131536: Failed appendEntries as snapshot (59) installation is in progress
2022-10-18 06:30:58,929 [omNode-2-server-thread1] INFO  server.RaftServer$Division (RaftServerImpl.java:checkInconsistentAppendEntries(1394)) - omNode-2@group-523986131536: inconsistency entries. Reply:omNode-1<-omNode-2#51:FAIL-t6,INCONSISTENCY,nextIndex=57,followerCommit=56
2022-10-18 06:30:58,929 [grpc-default-executor-0] INFO  impl.SnapshotInstallationHandler (SnapshotInstallationHandler.java:installSnapshot(84)) - omNode-2@group-523986131536: receive installSnapshot: omNode-1->omNode-2#0-t6,notify:(t:5, i:59)
2022-10-18 06:30:58,930 [grpc-default-executor-0] INFO  impl.SnapshotInstallationHandler (SnapshotInstallationHandler.java:installSnapshot(95)) - omNode-2@group-523986131536: reply installSnapshot: omNode-1<-omNode-2#0:FAIL-t6,IN_PROGRESS
2022-10-18 06:30:58,930 [grpc-default-executor-0] INFO  server.GrpcServerProtocolService (GrpcServerProtocolService.java:onCompleted(140)) - omNode-2: Completed INSTALL_SNAPSHOT, lastRequest: omNode-1->omNode-2#0-t6,notify:(t:5, i:59)
2022-10-18 06:30:58,930 [grpc-default-executor-1] INFO  leader.FollowerInfo (FollowerInfoImpl.java:lambda$new$0(48)) - omNode-1@group-523986131536->omNode-2: nextIndex: updateUnconditionally 57 -> 57
2022-10-18 06:30:58,930 [grpc-default-executor-1] INFO  server.GrpcLogAppender (GrpcLogAppender.java:onNext(403)) - omNode-1@group-523986131536->omNode-2-InstallSnapshotResponseHandler: received a reply omNode-1<-omNode-2#0:FAIL-t6,IN_PROGRESS
2022-10-18 06:30:58,931 [grpc-default-executor-1] INFO  server.GrpcLogAppender (GrpcLogAppender.java:onNext(421)) - omNode-1@group-523986131536->omNode-2-InstallSnapshotResponseHandler: InstallSnapshot in progress.
2022-10-18 06:30:58,931 [omNode-1@group-523986131536->omNode-2-GrpcLogAppender-LogAppenderDaemon] INFO  server.GrpcLogAppender (GrpcLogAppender.java:installSnapshot(541)) - omNode-1@group-523986131536->omNode-2-GrpcLogAppender: followerNextIndex = 57 but logStartIndex = 59, notify follower to install snapshot-(t:5, i:59)
2022-10-18 06:30:58,931 [omNode-1@group-523986131536->omNode-2-GrpcLogAppender-LogAppenderDaemon] INFO  server.GrpcLogAppender (GrpcLogAppender.java:installSnapshot(549)) - omNode-1@group-523986131536->omNode-2-GrpcLogAppender: send omNode-1->omNode-2#0-t6,notify:(t:5, i:59)
2022-10-18 06:30:58,930 [qtp28362777-1046] INFO  utils.DBCheckpointServlet (DBCheckpointServlet.java:doGet(109)) - Received request to obtain DB checkpoint snapshot
2022-10-18 06:30:58,932 [grpc-default-executor-1] INFO  impl.SnapshotInstallationHandler (SnapshotInstallationHandler.java:installSnapshot(84)) - omNode-2@group-523986131536: receive installSnapshot: omNode-1->omNode-2#0-t6,notify:(t:5, i:59)
2022-10-18 06:30:58,932 [grpc-default-executor-1] INFO  impl.SnapshotInstallationHandler (SnapshotInstallationHandler.java:installSnapshot(95)) - omNode-2@group-523986131536: reply installSnapshot: omNode-1<-omNode-2#0:FAIL-t6,IN_PROGRESS
2022-10-18 06:30:58,932 [grpc-default-executor-1] INFO  server.GrpcServerProtocolService (GrpcServerProtocolService.java:onCompleted(140)) - omNode-2: Completed INSTALL_SNAPSHOT, lastRequest: omNode-1->omNode-2#0-t6,notify:(t:5, i:59)
2022-10-18 06:30:58,932 [omNode-2-server-thread1] INFO  server.RaftServer$Division (RaftServerImpl.java:checkInconsistentAppendEntries(1402)) - omNode-2@group-523986131536: Failed appendEntries as snapshot (59) installation is in progress
2022-10-18 06:30:58,932 [omNode-2-server-thread1] INFO  server.RaftServer$Division (RaftServerImpl.java:checkInconsistentAppendEntries(1394)) - omNode-2@group-523986131536: inconsistency entries. Reply:omNode-1<-omNode-2#52:FAIL-t6,INCONSISTENCY,nextIndex=57,followerCommit=56
2022-10-18 06:30:58,933 [grpc-default-executor-0] INFO  server.GrpcLogAppender (GrpcLogAppender.java:onNext(403)) - omNode-1@group-523986131536->omNode-2-InstallSnapshotResponseHandler: received a reply omNode-1<-omNode-2#0:FAIL-t6,IN_PROGRESS
2022-10-18 06:30:58,933 [grpc-default-executor-0] INFO  server.GrpcLogAppender (GrpcLogAppender.java:onNext(421)) - omNode-1@group-523986131536->omNode-2-InstallSnapshotResponseHandler: InstallSnapshot in progress.
2022-10-18 06:30:58,933 [omNode-1@group-523986131536->omNode-2-GrpcLogAppender-LogAppenderDaemon] INFO  server.GrpcLogAppender (GrpcLogAppender.java:installSnapshot(541)) - omNode-1@group-523986131536->omNode-2-GrpcLogAppender: followerNextIndex = 57 but logStartIndex = 59, notify follower to install snapshot-(t:5, i:59)
2022-10-18 06:30:58,933 [omNode-1@group-523986131536->omNode-2-GrpcLogAppender-LogAppenderDaemon] INFO  server.GrpcLogAppender (GrpcLogAppender.java:installSnapshot(549)) - omNode-1@group-523986131536->omNode-2-GrpcLogAppender: send omNode-1->omNode-2#0-t6,notify:(t:5, i:59)
2022-10-18 06:30:58,934 [grpc-default-executor-0] INFO  leader.FollowerInfo (FollowerInfoImpl.java:lambda$new$0(48)) - omNode-1@group-523986131536->omNode-2: nextIndex: updateUnconditionally 57 -> 57
2022-10-18 06:30:58,934 [omNode-2-server-thread1] INFO  server.RaftServer$Division (RaftServerImpl.java:checkInconsistentAppendEntries(1402)) - omNode-2@group-523986131536: Failed appendEntries as snapshot (59) installation is in progress
2022-10-18 06:30:58,934 [omNode-2-server-thread1] INFO  server.RaftServer$Division (RaftServerImpl.java:checkInconsistentAppendEntries(1394)) - omNode-2@group-523986131536: inconsistency entries. Reply:omNode-1<-omNode-2#53:FAIL-t6,INCONSISTENCY,nextIndex=57,followerCommit=56
2022-10-18 06:30:58,934 [grpc-default-executor-0] INFO  impl.SnapshotInstallationHandler (SnapshotInstallationHandler.java:installSnapshot(84)) - omNode-2@group-523986131536: receive installSnapshot: omNode-1->omNode-2#0-t6,notify:(t:5, i:59)
2022-10-18 06:30:58,935 [grpc-default-executor-0] INFO  impl.SnapshotInstallationHandler (SnapshotInstallationHandler.java:installSnapshot(95)) - omNode-2@group-523986131536: reply installSnapshot: omNode-1<-omNode-2#0:FAIL-t6,IN_PROGRESS
2022-10-18 06:30:58,935 [grpc-default-executor-0] INFO  server.GrpcServerProtocolService (GrpcServerProtocolService.java:onCompleted(140)) - omNode-2: Completed INSTALL_SNAPSHOT, lastRequest: omNode-1->omNode-2#0-t6,notify:(t:5, i:59)
2022-10-18 06:30:58,935 [grpc-default-executor-0] INFO  leader.FollowerInfo (FollowerInfoImpl.java:lambda$new$0(48)) - omNode-1@group-523986131536->omNode-2: nextIndex: updateUnconditionally 57 -> 57
2022-10-18 06:30:58,936 [grpc-default-executor-1] INFO  server.GrpcLogAppender (GrpcLogAppender.java:onNext(403)) - omNode-1@group-523986131536->omNode-2-InstallSnapshotResponseHandler: received a reply omNode-1<-omNode-2#0:FAIL-t6,IN_PROGRESS
2022-10-18 06:30:58,936 [grpc-default-executor-1] INFO  server.GrpcLogAppender (GrpcLogAppender.java:onNext(421)) - omNode-1@group-523986131536->omNode-2-InstallSnapshotResponseHandler: InstallSnapshot in progress.
2022-10-18 06:30:58,936 [omNode-1@group-523986131536->omNode-2-GrpcLogAppender-LogAppenderDaemon] INFO  server.GrpcLogAppender (GrpcLogAppender.java:installSnapshot(541)) - omNode-1@group-523986131536->omNode-2-GrpcLogAppender: followerNextIndex = 57 but logStartIndex = 59, notify follower to install snapshot-(t:5, i:59)
2022-10-18 06:30:58,936 [omNode-1@group-523986131536->omNode-2-GrpcLogAppender-LogAppenderDaemon] INFO  server.GrpcLogAppender (GrpcLogAppender.java:installSnapshot(549)) - omNode-1@group-523986131536->omNode-2-GrpcLogAppender: send omNode-1->omNode-2#0-t6,notify:(t:5, i:59)
2022-10-18 06:30:58,938 [omNode-2-server-thread1] INFO  server.RaftServer$Division (RaftServerImpl.java:checkInconsistentAppendEntries(1402)) - omNode-2@group-523986131536: Failed appendEntries as snapshot (59) installation is in progress
2022-10-18 06:30:58,938 [omNode-2-server-thread1] INFO  server.RaftServer$Division (RaftServerImpl.java:checkInconsistentAppendEntries(1394)) - omNode-2@group-523986131536: inconsistency entries. Reply:omNode-1<-omNode-2#54:FAIL-t6,INCONSISTENCY,nextIndex=57,followerCommit=56
2022-10-18 06:30:58,938 [grpc-default-executor-0] INFO  impl.SnapshotInstallationHandler (SnapshotInstallationHandler.java:installSnapshot(84)) - omNode-2@group-523986131536: receive installSnapshot: omNode-1->omNode-2#0-t6,notify:(t:5, i:59)
2022-10-18 06:30:58,938 [grpc-default-executor-0] INFO  impl.SnapshotInstallationHandler (SnapshotInstallationHandler.java:installSnapshot(95)) - omNode-2@group-523986131536: reply installSnapshot: omNode-1<-omNode-2#0:FAIL-t6,IN_PROGRESS
2022-10-18 06:30:58,939 [grpc-default-executor-0] INFO  server.GrpcServerProtocolService (GrpcServerProtocolService.java:onCompleted(140)) - omNode-2: Completed INSTALL_SNAPSHOT, lastRequest: omNode-1->omNode-2#0-t6,notify:(t:5, i:59)
2022-10-18 06:30:58,939 [grpc-default-executor-0] INFO  leader.FollowerInfo (FollowerInfoImpl.java:lambda$new$0(48)) - omNode-1@group-523986131536->omNode-2: nextIndex: updateUnconditionally 57 -> 57
2022-10-18 06:30:58,943 [grpc-default-executor-1] INFO  server.GrpcLogAppender (GrpcLogAppender.java:onNext(403)) - omNode-1@group-523986131536->omNode-2-InstallSnapshotResponseHandler: received a reply omNode-1<-omNode-2#0:FAIL-t6,IN_PROGRESS
2022-10-18 06:30:58,943 [grpc-default-executor-1] INFO  server.GrpcLogAppender (GrpcLogAppender.java:onNext(421)) - omNode-1@group-523986131536->omNode-2-InstallSnapshotResponseHandler: InstallSnapshot in progress.
2022-10-18 06:30:58,943 [omNode-1@group-523986131536->omNode-2-GrpcLogAppender-LogAppenderDaemon] INFO  server.GrpcLogAppender (GrpcLogAppender.java:installSnapshot(541)) - omNode-1@group-523986131536->omNode-2-GrpcLogAppender: followerNextIndex = 57 but logStartIndex = 59, notify follower to install snapshot-(t:5, i:59)
2022-10-18 06:30:58,943 [omNode-1@group-523986131536->omNode-2-GrpcLogAppender-LogAppenderDaemon] INFO  server.GrpcLogAppender (GrpcLogAppender.java:installSnapshot(549)) - omNode-1@group-523986131536->omNode-2-GrpcLogAppender: send omNode-1->omNode-2#0-t6,notify:(t:5, i:59)
2022-10-18 06:30:58,944 [omNode-2-server-thread1] INFO  server.RaftServer$Division (RaftServerImpl.java:checkInconsistentAppendEntries(1402)) - omNode-2@group-523986131536: Failed appendEntries as snapshot (59) installation is in progress
2022-10-18 06:30:58,944 [omNode-2-server-thread1] INFO  server.RaftServer$Division (RaftServerImpl.java:checkInconsistentAppendEntries(1394)) - omNode-2@group-523986131536: inconsistency entries. Reply:omNode-1<-omNode-2#55:FAIL-t6,INCONSISTENCY,nextIndex=57,followerCommit=56
2022-10-18 06:30:58,944 [grpc-default-executor-1] INFO  impl.SnapshotInstallationHandler (SnapshotInstallationHandler.java:installSnapshot(84)) - omNode-2@group-523986131536: receive installSnapshot: omNode-1->omNode-2#0-t6,notify:(t:5, i:59)
2022-10-18 06:30:58,944 [grpc-default-executor-1] INFO  impl.SnapshotInstallationHandler (SnapshotInstallationHandler.java:installSnapshot(95)) - omNode-2@group-523986131536: reply installSnapshot: omNode-1<-omNode-2#0:FAIL-t6,IN_PROGRESS
2022-10-18 06:30:58,944 [grpc-default-executor-1] INFO  server.GrpcServerProtocolService (GrpcServerProtocolService.java:onCompleted(140)) - omNode-2: Completed INSTALL_SNAPSHOT, lastRequest: omNode-1->omNode-2#0-t6,notify:(t:5, i:59)
2022-10-18 06:30:58,945 [grpc-default-executor-1] INFO  leader.FollowerInfo (FollowerInfoImpl.java:lambda$new$0(48)) - omNode-1@group-523986131536->omNode-2: nextIndex: updateUnconditionally 57 -> 57
2022-10-18 06:30:58,945 [grpc-default-executor-1] INFO  server.GrpcLogAppender (GrpcLogAppender.java:onNext(403)) - omNode-1@group-523986131536->omNode-2-InstallSnapshotResponseHandler: received a reply omNode-1<-omNode-2#0:FAIL-t6,IN_PROGRESS
2022-10-18 06:30:58,945 [grpc-default-executor-1] INFO  server.GrpcLogAppender (GrpcLogAppender.java:onNext(421)) - omNode-1@group-523986131536->omNode-2-InstallSnapshotResponseHandler: InstallSnapshot in progress.
2022-10-18 06:30:58,946 [omNode-1@group-523986131536->omNode-2-GrpcLogAppender-LogAppenderDaemon] INFO  server.GrpcLogAppender (GrpcLogAppender.java:installSnapshot(541)) - omNode-1@group-523986131536->omNode-2-GrpcLogAppender: followerNextIndex = 57 but logStartIndex = 59, notify follower to install snapshot-(t:5, i:59)
2022-10-18 06:30:58,946 [omNode-1@group-523986131536->omNode-2-GrpcLogAppender-LogAppenderDaemon] INFO  server.GrpcLogAppender (GrpcLogAppender.java:installSnapshot(549)) - omNode-1@group-523986131536->omNode-2-GrpcLogAppender: send omNode-1->omNode-2#0-t6,notify:(t:5, i:59)
2022-10-18 06:30:58,946 [grpc-default-executor-1] INFO  impl.SnapshotInstallationHandler (SnapshotInstallationHandler.java:installSnapshot(84)) - omNode-2@group-523986131536: receive installSnapshot: omNode-1->omNode-2#0-t6,notify:(t:5, i:59)
2022-10-18 06:30:58,947 [grpc-default-executor-1] INFO  impl.SnapshotInstallationHandler (SnapshotInstallationHandler.java:installSnapshot(95)) - omNode-2@group-523986131536: reply installSnapshot: omNode-1<-omNode-2#0:FAIL-t6,IN_PROGRESS
2022-10-18 06:30:58,947 [grpc-default-executor-1] INFO  server.GrpcServerProtocolService (GrpcServerProtocolService.java:onCompleted(140)) - omNode-2: Completed INSTALL_SNAPSHOT, lastRequest: omNode-1->omNode-2#0-t6,notify:(t:5, i:59)
2022-10-18 06:30:58,947 [omNode-2-server-thread1] INFO  server.RaftServer$Division (RaftServerImpl.java:checkInconsistentAppendEntries(1402)) - omNode-2@group-523986131536: Failed appendEntries as snapshot (59) installation is in progress
2022-10-18 06:30:58,947 [omNode-2-server-thread1] INFO  server.RaftServer$Division (RaftServerImpl.java:checkInconsistentAppendEntries(1394)) - omNode-2@group-523986131536: inconsistency entries. Reply:omNode-1<-omNode-2#56:FAIL-t6,INCONSISTENCY,nextIndex=57,followerCommit=56
2022-10-18 06:30:58,948 [grpc-default-executor-0] INFO  server.GrpcLogAppender (GrpcLogAppender.java:onNext(403)) - omNode-1@group-523986131536->omNode-2-InstallSnapshotResponseHandler: received a reply omNode-1<-omNode-2#0:FAIL-t6,IN_PROGRESS
2022-10-18 06:30:58,948 [grpc-default-executor-0] INFO  server.GrpcLogAppender (GrpcLogAppender.java:onNext(421)) - omNode-1@group-523986131536->omNode-2-InstallSnapshotResponseHandler: InstallSnapshot in progress.
2022-10-18 06:30:58,948 [omNode-1@group-523986131536->omNode-2-GrpcLogAppender-LogAppenderDaemon] INFO  server.GrpcLogAppender (GrpcLogAppender.java:installSnapshot(541)) - omNode-1@group-523986131536->omNode-2-GrpcLogAppender: followerNextIndex = 57 but logStartIndex = 59, notify follower to install snapshot-(t:5, i:59)
2022-10-18 06:30:58,948 [omNode-1@group-523986131536->omNode-2-GrpcLogAppender-LogAppenderDaemon] INFO  server.GrpcLogAppender (GrpcLogAppender.java:installSnapshot(549)) - omNode-1@group-523986131536->omNode-2-GrpcLogAppender: send omNode-1->omNode-2#0-t6,notify:(t:5, i:59)
2022-10-18 06:30:58,948 [grpc-default-executor-0] INFO  leader.FollowerInfo (FollowerInfoImpl.java:lambda$new$0(48)) - omNode-1@group-523986131536->omNode-2: nextIndex: updateUnconditionally 57 -> 57
2022-10-18 06:30:58,949 [omNode-2-server-thread1] INFO  server.RaftServer$Division (RaftServerImpl.java:checkInconsistentAppendEntries(1402)) - omNode-2@group-523986131536: Failed appendEntries as snapshot (59) installation is in progress
2022-10-18 06:30:58,949 [omNode-2-server-thread1] INFO  server.RaftServer$Division (RaftServerImpl.java:checkInconsistentAppendEntries(1394)) - omNode-2@group-523986131536: inconsistency entries. Reply:omNode-1<-omNode-2#57:FAIL-t6,INCONSISTENCY,nextIndex=57,followerCommit=56
2022-10-18 06:30:58,949 [grpc-default-executor-0] INFO  impl.SnapshotInstallationHandler (SnapshotInstallationHandler.java:installSnapshot(84)) - omNode-2@group-523986131536: receive installSnapshot: omNode-1->omNode-2#0-t6,notify:(t:5, i:59)
2022-10-18 06:30:58,950 [grpc-default-executor-0] INFO  impl.SnapshotInstallationHandler (SnapshotInstallationHandler.java:installSnapshot(95)) - omNode-2@group-523986131536: reply installSnapshot: omNode-1<-omNode-2#0:FAIL-t6,IN_PROGRESS
2022-10-18 06:30:58,950 [grpc-default-executor-0] INFO  server.GrpcServerProtocolService (GrpcServerProtocolService.java:onCompleted(140)) - omNode-2: Completed INSTALL_SNAPSHOT, lastRequest: omNode-1->omNode-2#0-t6,notify:(t:5, i:59)
2022-10-18 06:30:58,950 [grpc-default-executor-1] INFO  leader.FollowerInfo (FollowerInfoImpl.java:lambda$new$0(48)) - omNode-1@group-523986131536->omNode-2: nextIndex: updateUnconditionally 57 -> 57
2022-10-18 06:30:58,950 [grpc-default-executor-1] INFO  server.GrpcLogAppender (GrpcLogAppender.java:onNext(403)) - omNode-1@group-523986131536->omNode-2-InstallSnapshotResponseHandler: received a reply omNode-1<-omNode-2#0:FAIL-t6,IN_PROGRESS
2022-10-18 06:30:58,951 [grpc-default-executor-1] INFO  server.GrpcLogAppender (GrpcLogAppender.java:onNext(421)) - omNode-1@group-523986131536->omNode-2-InstallSnapshotResponseHandler: InstallSnapshot in progress.
2022-10-18 06:30:58,951 [omNode-1@group-523986131536->omNode-2-GrpcLogAppender-LogAppenderDaemon] INFO  server.GrpcLogAppender (GrpcLogAppender.java:installSnapshot(541)) - omNode-1@group-523986131536->omNode-2-GrpcLogAppender: followerNextIndex = 57 but logStartIndex = 59, notify follower to install snapshot-(t:5, i:59)
2022-10-18 06:30:58,951 [omNode-1@group-523986131536->omNode-2-GrpcLogAppender-LogAppenderDaemon] INFO  server.GrpcLogAppender (GrpcLogAppender.java:installSnapshot(549)) - omNode-1@group-523986131536->omNode-2-GrpcLogAppender: send omNode-1->omNode-2#0-t6,notify:(t:5, i:59)
2022-10-18 06:30:58,952 [grpc-default-executor-1] INFO  impl.SnapshotInstallationHandler (SnapshotInstallationHandler.java:installSnapshot(84)) - omNode-2@group-523986131536: receive installSnapshot: omNode-1->omNode-2#0-t6,notify:(t:5, i:59)
2022-10-18 06:30:58,952 [grpc-default-executor-1] INFO  impl.SnapshotInstallationHandler (SnapshotInstallationHandler.java:installSnapshot(95)) - omNode-2@group-523986131536: reply installSnapshot: omNode-1<-omNode-2#0:FAIL-t6,IN_PROGRESS
2022-10-18 06:30:58,952 [grpc-default-executor-1] INFO  server.GrpcServerProtocolService (GrpcServerProtocolService.java:onCompleted(140)) - omNode-2: Completed INSTALL_SNAPSHOT, lastRequest: omNode-1->omNode-2#0-t6,notify:(t:5, i:59)
2022-10-18 06:30:58,954 [qtp28362777-1046] INFO  db.RDBCheckpointManager (RDBCheckpointManager.java:createCheckpoint(81)) - Created checkpoint at /home/runner/work/ozone/ozone/hadoop-ozone/integration-test/target/test-dir/MiniOzoneClusterImpl-489ebd61-a341-4d14-a135-ade311a26152/omNode-1/db.checkpoints/om.db_checkpoint_1666074658934 in 19 milliseconds
2022-10-18 06:30:58,954 [omNode-2-server-thread1] INFO  server.RaftServer$Division (RaftServerImpl.java:checkInconsistentAppendEntries(1402)) - omNode-2@group-523986131536: Failed appendEntries as snapshot (59) installation is in progress
2022-10-18 06:30:58,954 [omNode-2-server-thread1] INFO  server.RaftServer$Division (RaftServerImpl.java:checkInconsistentAppendEntries(1394)) - omNode-2@group-523986131536: inconsistency entries. Reply:omNode-1<-omNode-2#58:FAIL-t6,INCONSISTENCY,nextIndex=57,followerCommit=56
2022-10-18 06:30:58,955 [grpc-default-executor-0] INFO  server.GrpcLogAppender (GrpcLogAppender.java:onNext(403)) - omNode-1@group-523986131536->omNode-2-InstallSnapshotResponseHandler: received a reply omNode-1<-omNode-2#0:FAIL-t6,IN_PROGRESS
2022-10-18 06:30:58,955 [grpc-default-executor-0] INFO  server.GrpcLogAppender (GrpcLogAppender.java:onNext(421)) - omNode-1@group-523986131536->omNode-2-InstallSnapshotResponseHandler: InstallSnapshot in progress.
2022-10-18 06:30:58,955 [omNode-1@group-523986131536->omNode-2-GrpcLogAppender-LogAppenderDaemon] INFO  server.GrpcLogAppender (GrpcLogAppender.java:installSnapshot(541)) - omNode-1@group-523986131536->omNode-2-GrpcLogAppender: followerNextIndex = 57 but logStartIndex = 59, notify follower to install snapshot-(t:5, i:59)
2022-10-18 06:30:58,955 [omNode-1@group-523986131536->omNode-2-GrpcLogAppender-LogAppenderDaemon] INFO  server.GrpcLogAppender (GrpcLogAppender.java:installSnapshot(549)) - omNode-1@group-523986131536->omNode-2-GrpcLogAppender: send omNode-1->omNode-2#0-t6,notify:(t:5, i:59)
2022-10-18 06:30:58,955 [grpc-default-executor-0] INFO  leader.FollowerInfo (FollowerInfoImpl.java:lambda$new$0(48)) - omNode-1@group-523986131536->omNode-2: nextIndex: updateUnconditionally 57 -> 57
2022-10-18 06:30:58,956 [omNode-2-server-thread1] INFO  server.RaftServer$Division (RaftServerImpl.java:checkInconsistentAppendEntries(1402)) - omNode-2@group-523986131536: Failed appendEntries as snapshot (59) installation is in progress
2022-10-18 06:30:58,956 [omNode-2-server-thread1] INFO  server.RaftServer$Division (RaftServerImpl.java:checkInconsistentAppendEntries(1394)) - omNode-2@group-523986131536: inconsistency entries. Reply:omNode-1<-omNode-2#59:FAIL-t6,INCONSISTENCY,nextIndex=57,followerCommit=56
2022-10-18 06:30:58,956 [grpc-default-executor-0] INFO  impl.SnapshotInstallationHandler (SnapshotInstallationHandler.java:installSnapshot(84)) - omNode-2@group-523986131536: receive installSnapshot: omNode-1->omNode-2#0-t6,notify:(t:5, i:59)
2022-10-18 06:30:58,957 [grpc-default-executor-0] INFO  impl.SnapshotInstallationHandler (SnapshotInstallationHandler.java:installSnapshot(95)) - omNode-2@group-523986131536: reply installSnapshot: omNode-1<-omNode-2#0:FAIL-t6,IN_PROGRESS
2022-10-18 06:30:58,957 [grpc-default-executor-0] INFO  server.GrpcServerProtocolService (GrpcServerProtocolService.java:onCompleted(140)) - omNode-2: Completed INSTALL_SNAPSHOT, lastRequest: omNode-1->omNode-2#0-t6,notify:(t:5, i:59)
2022-10-18 06:30:58,957 [grpc-default-executor-0] INFO  leader.FollowerInfo (FollowerInfoImpl.java:lambda$new$0(48)) - omNode-1@group-523986131536->omNode-2: nextIndex: updateUnconditionally 57 -> 57
2022-10-18 06:30:58,957 [grpc-default-executor-0] INFO  server.GrpcLogAppender (GrpcLogAppender.java:onNext(403)) - omNode-1@group-523986131536->omNode-2-InstallSnapshotResponseHandler: received a reply omNode-1<-omNode-2#0:FAIL-t6,IN_PROGRESS
2022-10-18 06:30:58,958 [grpc-default-executor-0] INFO  server.GrpcLogAppender (GrpcLogAppender.java:onNext(421)) - omNode-1@group-523986131536->omNode-2-InstallSnapshotResponseHandler: InstallSnapshot in progress.
2022-10-18 06:30:58,958 [omNode-1@group-523986131536->omNode-2-GrpcLogAppender-LogAppenderDaemon] INFO  server.GrpcLogAppender (GrpcLogAppender.java:installSnapshot(541)) - omNode-1@group-523986131536->omNode-2-GrpcLogAppender: followerNextIndex = 57 but logStartIndex = 59, notify follower to install snapshot-(t:5, i:59)
2022-10-18 06:30:58,958 [omNode-1@group-523986131536->omNode-2-GrpcLogAppender-LogAppenderDaemon] INFO  server.GrpcLogAppender (GrpcLogAppender.java:installSnapshot(549)) - omNode-1@group-523986131536->omNode-2-GrpcLogAppender: send omNode-1->omNode-2#0-t6,notify:(t:5, i:59)
2022-10-18 06:30:58,959 [omNode-2-server-thread1] INFO  server.RaftServer$Division (RaftServerImpl.java:checkInconsistentAppendEntries(1402)) - omNode-2@group-523986131536: Failed appendEntries as snapshot (59) installation is in progress
2022-10-18 06:30:58,959 [omNode-2-server-thread1] INFO  server.RaftServer$Division (RaftServerImpl.java:checkInconsistentAppendEntries(1394)) - omNode-2@group-523986131536: inconsistency entries. Reply:omNode-1<-omNode-2#60:FAIL-t6,INCONSISTENCY,nextIndex=57,followerCommit=56
2022-10-18 06:30:58,959 [grpc-default-executor-0] INFO  impl.SnapshotInstallationHandler (SnapshotInstallationHandler.java:installSnapshot(84)) - omNode-2@group-523986131536: receive installSnapshot: omNode-1->omNode-2#0-t6,notify:(t:5, i:59)
2022-10-18 06:30:58,959 [grpc-default-executor-0] INFO  impl.SnapshotInstallationHandler (SnapshotInstallationHandler.java:installSnapshot(95)) - omNode-2@group-523986131536: reply installSnapshot: omNode-1<-omNode-2#0:FAIL-t6,IN_PROGRESS
2022-10-18 06:30:58,959 [grpc-default-executor-0] INFO  server.GrpcServerProtocolService (GrpcServerProtocolService.java:onCompleted(140)) - omNode-2: Completed INSTALL_SNAPSHOT, lastRequest: omNode-1->omNode-2#0-t6,notify:(t:5, i:59)
2022-10-18 06:30:58,960 [grpc-default-executor-1] INFO  leader.FollowerInfo (FollowerInfoImpl.java:lambda$new$0(48)) - omNode-1@group-523986131536->omNode-2: nextIndex: updateUnconditionally 57 -> 57
2022-10-18 06:30:58,960 [grpc-default-executor-1] INFO  server.GrpcLogAppender (GrpcLogAppender.java:onNext(403)) - omNode-1@group-523986131536->omNode-2-InstallSnapshotResponseHandler: received a reply omNode-1<-omNode-2#0:FAIL-t6,IN_PROGRESS
2022-10-18 06:30:58,960 [grpc-default-executor-1] INFO  server.GrpcLogAppender (GrpcLogAppender.java:onNext(421)) - omNode-1@group-523986131536->omNode-2-InstallSnapshotResponseHandler: InstallSnapshot in progress.
2022-10-18 06:30:58,960 [omNode-1@group-523986131536->omNode-2-GrpcLogAppender-LogAppenderDaemon] INFO  server.GrpcLogAppender (GrpcLogAppender.java:installSnapshot(541)) - omNode-1@group-523986131536->omNode-2-GrpcLogAppender: followerNextIndex = 57 but logStartIndex = 59, notify follower to install snapshot-(t:5, i:59)
2022-10-18 06:30:58,960 [omNode-1@group-523986131536->omNode-2-GrpcLogAppender-LogAppenderDaemon] INFO  server.GrpcLogAppender (GrpcLogAppender.java:installSnapshot(549)) - omNode-1@group-523986131536->omNode-2-GrpcLogAppender: send omNode-1->omNode-2#0-t6,notify:(t:5, i:59)
2022-10-18 06:30:58,961 [omNode-2-server-thread1] INFO  server.RaftServer$Division (RaftServerImpl.java:checkInconsistentAppendEntries(1402)) - omNode-2@group-523986131536: Failed appendEntries as snapshot (59) installation is in progress
2022-10-18 06:30:58,961 [omNode-2-server-thread1] INFO  server.RaftServer$Division (RaftServerImpl.java:checkInconsistentAppendEntries(1394)) - omNode-2@group-523986131536: inconsistency entries. Reply:omNode-1<-omNode-2#61:FAIL-t6,INCONSISTENCY,nextIndex=57,followerCommit=56
2022-10-18 06:30:58,961 [grpc-default-executor-1] INFO  impl.SnapshotInstallationHandler (SnapshotInstallationHandler.java:installSnapshot(84)) - omNode-2@group-523986131536: receive installSnapshot: omNode-1->omNode-2#0-t6,notify:(t:5, i:59)
2022-10-18 06:30:58,961 [grpc-default-executor-1] INFO  impl.SnapshotInstallationHandler (SnapshotInstallationHandler.java:installSnapshot(95)) - omNode-2@group-523986131536: reply installSnapshot: omNode-1<-omNode-2#0:FAIL-t6,IN_PROGRESS
2022-10-18 06:30:58,962 [grpc-default-executor-1] INFO  server.GrpcServerProtocolService (GrpcServerProtocolService.java:onCompleted(140)) - omNode-2: Completed INSTALL_SNAPSHOT, lastRequest: omNode-1->omNode-2#0-t6,notify:(t:5, i:59)
2022-10-18 06:30:58,962 [grpc-default-executor-1] INFO  leader.FollowerInfo (FollowerInfoImpl.java:lambda$new$0(48)) - omNode-1@group-523986131536->omNode-2: nextIndex: updateUnconditionally 57 -> 57
2022-10-18 06:30:58,962 [grpc-default-executor-1] INFO  server.GrpcLogAppender (GrpcLogAppender.java:onNext(403)) - omNode-1@group-523986131536->omNode-2-InstallSnapshotResponseHandler: received a reply omNode-1<-omNode-2#0:FAIL-t6,IN_PROGRESS
2022-10-18 06:30:58,962 [grpc-default-executor-1] INFO  server.GrpcLogAppender (GrpcLogAppender.java:onNext(421)) - omNode-1@group-523986131536->omNode-2-InstallSnapshotResponseHandler: InstallSnapshot in progress.
2022-10-18 06:30:58,963 [omNode-1@group-523986131536->omNode-2-GrpcLogAppender-LogAppenderDaemon] INFO  server.GrpcLogAppender (GrpcLogAppender.java:installSnapshot(541)) - omNode-1@group-523986131536->omNode-2-GrpcLogAppender: followerNextIndex = 57 but logStartIndex = 59, notify follower to install snapshot-(t:5, i:59)
2022-10-18 06:30:58,963 [omNode-1@group-523986131536->omNode-2-GrpcLogAppender-LogAppenderDaemon] INFO  server.GrpcLogAppender (GrpcLogAppender.java:installSnapshot(549)) - omNode-1@group-523986131536->omNode-2-GrpcLogAppender: send omNode-1->omNode-2#0-t6,notify:(t:5, i:59)
2022-10-18 06:30:58,963 [grpc-default-executor-1] INFO  impl.SnapshotInstallationHandler (SnapshotInstallationHandler.java:installSnapshot(84)) - omNode-2@group-523986131536: receive installSnapshot: omNode-1->omNode-2#0-t6,notify:(t:5, i:59)
2022-10-18 06:30:58,964 [grpc-default-executor-1] INFO  impl.SnapshotInstallationHandler (SnapshotInstallationHandler.java:installSnapshot(95)) - omNode-2@group-523986131536: reply installSnapshot: omNode-1<-omNode-2#0:FAIL-t6,IN_PROGRESS
2022-10-18 06:30:58,964 [grpc-default-executor-1] INFO  server.GrpcServerProtocolService (GrpcServerProtocolService.java:onCompleted(140)) - omNode-2: Completed INSTALL_SNAPSHOT, lastRequest: omNode-1->omNode-2#0-t6,notify:(t:5, i:59)
2022-10-18 06:30:58,964 [omNode-2-server-thread1] INFO  server.RaftServer$Division (RaftServerImpl.java:checkInconsistentAppendEntries(1402)) - omNode-2@group-523986131536: Failed appendEntries as snapshot (59) installation is in progress
2022-10-18 06:30:58,964 [omNode-2-server-thread1] INFO  server.RaftServer$Division (RaftServerImpl.java:checkInconsistentAppendEntries(1394)) - omNode-2@group-523986131536: inconsistency entries. Reply:omNode-1<-omNode-2#62:FAIL-t6,INCONSISTENCY,nextIndex=57,followerCommit=56
2022-10-18 06:30:58,965 [grpc-default-executor-0] INFO  server.GrpcLogAppender (GrpcLogAppender.java:onNext(403)) - omNode-1@group-523986131536->omNode-2-InstallSnapshotResponseHandler: received a reply omNode-1<-omNode-2#0:FAIL-t6,IN_PROGRESS
2022-10-18 06:30:58,965 [grpc-default-executor-0] INFO  server.GrpcLogAppender (GrpcLogAppender.java:onNext(421)) - omNode-1@group-523986131536->omNode-2-InstallSnapshotResponseHandler: InstallSnapshot in progress.
2022-10-18 06:30:58,965 [omNode-1@group-523986131536->omNode-2-GrpcLogAppender-LogAppenderDaemon] INFO  server.GrpcLogAppender (GrpcLogAppender.java:installSnapshot(541)) - omNode-1@group-523986131536->omNode-2-GrpcLogAppender: followerNextIndex = 57 but logStartIndex = 59, notify follower to install snapshot-(t:5, i:59)
2022-10-18 06:30:58,965 [omNode-1@group-523986131536->omNode-2-GrpcLogAppender-LogAppenderDaemon] INFO  server.GrpcLogAppender (GrpcLogAppender.java:installSnapshot(549)) - omNode-1@group-523986131536->omNode-2-GrpcLogAppender: send omNode-1->omNode-2#0-t6,notify:(t:5, i:59)
2022-10-18 06:30:58,965 [grpc-default-executor-0] INFO  leader.FollowerInfo (FollowerInfoImpl.java:lambda$new$0(48)) - omNode-1@group-523986131536->omNode-2: nextIndex: updateUnconditionally 57 -> 57
2022-10-18 06:30:58,966 [omNode-2-server-thread1] INFO  server.RaftServer$Division (RaftServerImpl.java:checkInconsistentAppendEntries(1402)) - omNode-2@group-523986131536: Failed appendEntries as snapshot (59) installation is in progress
2022-10-18 06:30:58,966 [omNode-2-server-thread1] INFO  server.RaftServer$Division (RaftServerImpl.java:checkInconsistentAppendEntries(1394)) - omNode-2@group-523986131536: inconsistency entries. Reply:omNode-1<-omNode-2#63:FAIL-t6,INCONSISTENCY,nextIndex=57,followerCommit=56
2022-10-18 06:30:58,966 [grpc-default-executor-0] INFO  impl.SnapshotInstallationHandler (SnapshotInstallationHandler.java:installSnapshot(84)) - omNode-2@group-523986131536: receive installSnapshot: omNode-1->omNode-2#0-t6,notify:(t:5, i:59)
2022-10-18 06:30:58,966 [grpc-default-executor-0] INFO  impl.SnapshotInstallationHandler (SnapshotInstallationHandler.java:installSnapshot(95)) - omNode-2@group-523986131536: reply installSnapshot: omNode-1<-omNode-2#0:FAIL-t6,IN_PROGRESS
2022-10-18 06:30:58,967 [grpc-default-executor-0] INFO  server.GrpcServerProtocolService (GrpcServerProtocolService.java:onCompleted(140)) - omNode-2: Completed INSTALL_SNAPSHOT, lastRequest: omNode-1->omNode-2#0-t6,notify:(t:5, i:59)
2022-10-18 06:30:58,967 [grpc-default-executor-0] INFO  leader.FollowerInfo (FollowerInfoImpl.java:lambda$new$0(48)) - omNode-1@group-523986131536->omNode-2: nextIndex: updateUnconditionally 57 -> 57
2022-10-18 06:30:58,967 [grpc-default-executor-0] INFO  server.GrpcLogAppender (GrpcLogAppender.java:onNext(403)) - omNode-1@group-523986131536->omNode-2-InstallSnapshotResponseHandler: received a reply omNode-1<-omNode-2#0:FAIL-t6,IN_PROGRESS
2022-10-18 06:30:58,967 [grpc-default-executor-0] INFO  server.GrpcLogAppender (GrpcLogAppender.java:onNext(421)) - omNode-1@group-523986131536->omNode-2-InstallSnapshotResponseHandler: InstallSnapshot in progress.
2022-10-18 06:30:58,968 [omNode-1@group-523986131536->omNode-2-GrpcLogAppender-LogAppenderDaemon] INFO  server.GrpcLogAppender (GrpcLogAppender.java:installSnapshot(541)) - omNode-1@group-523986131536->omNode-2-GrpcLogAppender: followerNextIndex = 57 but logStartIndex = 59, notify follower to install snapshot-(t:5, i:59)
2022-10-18 06:30:58,968 [omNode-1@group-523986131536->omNode-2-GrpcLogAppender-LogAppenderDaemon] INFO  server.GrpcLogAppender (GrpcLogAppender.java:installSnapshot(549)) - omNode-1@group-523986131536->omNode-2-GrpcLogAppender: send omNode-1->omNode-2#0-t6,notify:(t:5, i:59)
2022-10-18 06:30:58,968 [omNode-2-server-thread1] INFO  server.RaftServer$Division (RaftServerImpl.java:checkInconsistentAppendEntries(1402)) - omNode-2@group-523986131536: Failed appendEntries as snapshot (59) installation is in progress
2022-10-18 06:30:58,968 [omNode-2-server-thread1] INFO  server.RaftServer$Division (RaftServerImpl.java:checkInconsistentAppendEntries(1394)) - omNode-2@group-523986131536: inconsistency entries. Reply:omNode-1<-omNode-2#64:FAIL-t6,INCONSISTENCY,nextIndex=57,followerCommit=56
2022-10-18 06:30:58,969 [grpc-default-executor-0] INFO  impl.SnapshotInstallationHandler (SnapshotInstallationHandler.java:installSnapshot(84)) - omNode-2@group-523986131536: receive installSnapshot: omNode-1->omNode-2#0-t6,notify:(t:5, i:59)
2022-10-18 06:30:58,969 [grpc-default-executor-0] INFO  impl.SnapshotInstallationHandler (SnapshotInstallationHandler.java:installSnapshot(95)) - omNode-2@group-523986131536: reply installSnapshot: omNode-1<-omNode-2#0:FAIL-t6,IN_PROGRESS
2022-10-18 06:30:58,969 [grpc-default-executor-0] INFO  server.GrpcServerProtocolService (GrpcServerProtocolService.java:onCompleted(140)) - omNode-2: Completed INSTALL_SNAPSHOT, lastRequest: omNode-1->omNode-2#0-t6,notify:(t:5, i:59)
2022-10-18 06:30:58,969 [grpc-default-executor-1] INFO  leader.FollowerInfo (FollowerInfoImpl.java:lambda$new$0(48)) - omNode-1@group-523986131536->omNode-2: nextIndex: updateUnconditionally 57 -> 57
2022-10-18 06:30:58,970 [grpc-default-executor-1] INFO  server.GrpcLogAppender (GrpcLogAppender.java:onNext(403)) - omNode-1@group-523986131536->omNode-2-InstallSnapshotResponseHandler: received a reply omNode-1<-omNode-2#0:FAIL-t6,IN_PROGRESS
2022-10-18 06:30:58,970 [grpc-default-executor-1] INFO  server.GrpcLogAppender (GrpcLogAppender.java:onNext(421)) - omNode-1@group-523986131536->omNode-2-InstallSnapshotResponseHandler: InstallSnapshot in progress.
2022-10-18 06:30:58,970 [omNode-1@group-523986131536->omNode-2-GrpcLogAppender-LogAppenderDaemon] INFO  server.GrpcLogAppender (GrpcLogAppender.java:installSnapshot(541)) - omNode-1@group-523986131536->omNode-2-GrpcLogAppender: followerNextIndex = 57 but logStartIndex = 59, notify follower to install snapshot-(t:5, i:59)
2022-10-18 06:30:58,970 [omNode-1@group-523986131536->omNode-2-GrpcLogAppender-LogAppenderDaemon] INFO  server.GrpcLogAppender (GrpcLogAppender.java:installSnapshot(549)) - omNode-1@group-523986131536->omNode-2-GrpcLogAppender: send omNode-1->omNode-2#0-t6,notify:(t:5, i:59)
2022-10-18 06:30:58,971 [omNode-2-server-thread1] INFO  server.RaftServer$Division (RaftServerImpl.java:checkInconsistentAppendEntries(1402)) - omNode-2@group-523986131536: Failed appendEntries as snapshot (59) installation is in progress
2022-10-18 06:30:58,971 [omNode-2-server-thread1] INFO  server.RaftServer$Division (RaftServerImpl.java:checkInconsistentAppendEntries(1394)) - omNode-2@group-523986131536: inconsistency entries. Reply:omNode-1<-omNode-2#65:FAIL-t6,INCONSISTENCY,nextIndex=57,followerCommit=56
2022-10-18 06:30:58,971 [grpc-default-executor-1] INFO  impl.SnapshotInstallationHandler (SnapshotInstallationHandler.java:installSnapshot(84)) - omNode-2@group-523986131536: receive installSnapshot: omNode-1->omNode-2#0-t6,notify:(t:5, i:59)
2022-10-18 06:30:58,971 [grpc-default-executor-1] INFO  impl.SnapshotInstallationHandler (SnapshotInstallationHandler.java:installSnapshot(95)) - omNode-2@group-523986131536: reply installSnapshot: omNode-1<-omNode-2#0:FAIL-t6,IN_PROGRESS
2022-10-18 06:30:58,972 [grpc-default-executor-1] INFO  server.GrpcServerProtocolService (GrpcServerProtocolService.java:onCompleted(140)) - omNode-2: Completed INSTALL_SNAPSHOT, lastRequest: omNode-1->omNode-2#0-t6,notify:(t:5, i:59)
2022-10-18 06:30:58,972 [grpc-default-executor-1] INFO  leader.FollowerInfo (FollowerInfoImpl.java:lambda$new$0(48)) - omNode-1@group-523986131536->omNode-2: nextIndex: updateUnconditionally 57 -> 57
2022-10-18 06:30:58,972 [grpc-default-executor-1] INFO  server.GrpcLogAppender (GrpcLogAppender.java:onNext(403)) - omNode-1@group-523986131536->omNode-2-InstallSnapshotResponseHandler: received a reply omNode-1<-omNode-2#0:FAIL-t6,IN_PROGRESS
2022-10-18 06:30:58,972 [grpc-default-executor-1] INFO  server.GrpcLogAppender (GrpcLogAppender.java:onNext(421)) - omNode-1@group-523986131536->omNode-2-InstallSnapshotResponseHandler: InstallSnapshot in progress.
2022-10-18 06:30:58,972 [omNode-1@group-523986131536->omNode-2-GrpcLogAppender-LogAppenderDaemon] INFO  server.GrpcLogAppender (GrpcLogAppender.java:installSnapshot(541)) - omNode-1@group-523986131536->omNode-2-GrpcLogAppender: followerNextIndex = 57 but logStartIndex = 59, notify follower to install snapshot-(t:5, i:59)
2022-10-18 06:30:58,973 [omNode-1@group-523986131536->omNode-2-GrpcLogAppender-LogAppenderDaemon] INFO  server.GrpcLogAppender (GrpcLogAppender.java:installSnapshot(549)) - omNode-1@group-523986131536->omNode-2-GrpcLogAppender: send omNode-1->omNode-2#0-t6,notify:(t:5, i:59)
2022-10-18 06:30:58,973 [grpc-default-executor-1] INFO  impl.SnapshotInstallationHandler (SnapshotInstallationHandler.java:installSnapshot(84)) - omNode-2@group-523986131536: receive installSnapshot: omNode-1->omNode-2#0-t6,notify:(t:5, i:59)
2022-10-18 06:30:58,974 [grpc-default-executor-1] INFO  impl.SnapshotInstallationHandler (SnapshotInstallationHandler.java:installSnapshot(95)) - omNode-2@group-523986131536: reply installSnapshot: omNode-1<-omNode-2#0:FAIL-t6,IN_PROGRESS
2022-10-18 06:30:58,974 [grpc-default-executor-1] INFO  server.GrpcServerProtocolService (GrpcServerProtocolService.java:onCompleted(140)) - omNode-2: Completed INSTALL_SNAPSHOT, lastRequest: omNode-1->omNode-2#0-t6,notify:(t:5, i:59)
2022-10-18 06:30:58,974 [omNode-2-server-thread1] INFO  server.RaftServer$Division (RaftServerImpl.java:checkInconsistentAppendEntries(1402)) - omNode-2@group-523986131536: Failed appendEntries as snapshot (59) installation is in progress
2022-10-18 06:30:58,974 [omNode-2-server-thread1] INFO  server.RaftServer$Division (RaftServerImpl.java:checkInconsistentAppendEntries(1394)) - omNode-2@group-523986131536: inconsistency entries. Reply:omNode-1<-omNode-2#66:FAIL-t6,INCONSISTENCY,nextIndex=57,followerCommit=56
2022-10-18 06:30:58,974 [grpc-default-executor-0] INFO  server.GrpcLogAppender (GrpcLogAppender.java:onNext(403)) - omNode-1@group-523986131536->omNode-2-InstallSnapshotResponseHandler: received a reply omNode-1<-omNode-2#0:FAIL-t6,IN_PROGRESS
2022-10-18 06:30:58,975 [grpc-default-executor-0] INFO  server.GrpcLogAppender (GrpcLogAppender.java:onNext(421)) - omNode-1@group-523986131536->omNode-2-InstallSnapshotResponseHandler: InstallSnapshot in progress.
2022-10-18 06:30:58,975 [omNode-1@group-523986131536->omNode-2-GrpcLogAppender-LogAppenderDaemon] INFO  server.GrpcLogAppender (GrpcLogAppender.java:installSnapshot(541)) - omNode-1@group-523986131536->omNode-2-GrpcLogAppender: followerNextIndex = 57 but logStartIndex = 59, notify follower to install snapshot-(t:5, i:59)
2022-10-18 06:30:58,975 [omNode-1@group-523986131536->omNode-2-GrpcLogAppender-LogAppenderDaemon] INFO  server.GrpcLogAppender (GrpcLogAppender.java:installSnapshot(549)) - omNode-1@group-523986131536->omNode-2-GrpcLogAppender: send omNode-1->omNode-2#0-t6,notify:(t:5, i:59)
2022-10-18 06:30:58,975 [grpc-default-executor-0] INFO  leader.FollowerInfo (FollowerInfoImpl.java:lambda$new$0(48)) - omNode-1@group-523986131536->omNode-2: nextIndex: updateUnconditionally 57 -> 57
2022-10-18 06:30:58,976 [omNode-2-server-thread1] INFO  server.RaftServer$Division (RaftServerImpl.java:checkInconsistentAppendEntries(1402)) - omNode-2@group-523986131536: Failed appendEntries as snapshot (59) installation is in progress
2022-10-18 06:30:58,976 [omNode-2-server-thread1] INFO  server.RaftServer$Division (RaftServerImpl.java:checkInconsistentAppendEntries(1394)) - omNode-2@group-523986131536: inconsistency entries. Reply:omNode-1<-omNode-2#67:FAIL-t6,INCONSISTENCY,nextIndex=57,followerCommit=56
2022-10-18 06:30:58,976 [grpc-default-executor-0] INFO  impl.SnapshotInstallationHandler (SnapshotInstallationHandler.java:installSnapshot(84)) - omNode-2@group-523986131536: receive installSnapshot: omNode-1->omNode-2#0-t6,notify:(t:5, i:59)
2022-10-18 06:30:58,976 [grpc-default-executor-0] INFO  impl.SnapshotInstallationHandler (SnapshotInstallationHandler.java:installSnapshot(95)) - omNode-2@group-523986131536: reply installSnapshot: omNode-1<-omNode-2#0:FAIL-t6,IN_PROGRESS
2022-10-18 06:30:58,976 [grpc-default-executor-0] INFO  server.GrpcServerProtocolService (GrpcServerProtocolService.java:onCompleted(140)) - omNode-2: Completed INSTALL_SNAPSHOT, lastRequest: omNode-1->omNode-2#0-t6,notify:(t:5, i:59)
2022-10-18 06:30:58,977 [grpc-default-executor-0] INFO  leader.FollowerInfo (FollowerInfoImpl.java:lambda$new$0(48)) - omNode-1@group-523986131536->omNode-2: nextIndex: updateUnconditionally 57 -> 57
2022-10-18 06:30:58,977 [grpc-default-executor-0] INFO  server.GrpcLogAppender (GrpcLogAppender.java:onNext(403)) - omNode-1@group-523986131536->omNode-2-InstallSnapshotResponseHandler: received a reply omNode-1<-omNode-2#0:FAIL-t6,IN_PROGRESS
2022-10-18 06:30:58,977 [grpc-default-executor-0] INFO  server.GrpcLogAppender (GrpcLogAppender.java:onNext(421)) - omNode-1@group-523986131536->omNode-2-InstallSnapshotResponseHandler: InstallSnapshot in progress.
2022-10-18 06:30:58,977 [omNode-1@group-523986131536->omNode-2-GrpcLogAppender-LogAppenderDaemon] INFO  server.GrpcLogAppender (GrpcLogAppender.java:installSnapshot(541)) - omNode-1@group-523986131536->omNode-2-GrpcLogAppender: followerNextIndex = 57 but logStartIndex = 59, notify follower to install snapshot-(t:5, i:59)
2022-10-18 06:30:58,978 [omNode-1@group-523986131536->omNode-2-GrpcLogAppender-LogAppenderDaemon] INFO  server.GrpcLogAppender (GrpcLogAppender.java:installSnapshot(549)) - omNode-1@group-523986131536->omNode-2-GrpcLogAppender: send omNode-1->omNode-2#0-t6,notify:(t:5, i:59)
2022-10-18 06:30:58,978 [omNode-2-server-thread1] INFO  server.RaftServer$Division (RaftServerImpl.java:checkInconsistentAppendEntries(1402)) - omNode-2@group-523986131536: Failed appendEntries as snapshot (59) installation is in progress
2022-10-18 06:30:58,978 [omNode-2-server-thread1] INFO  server.RaftServer$Division (RaftServerImpl.java:checkInconsistentAppendEntries(1394)) - omNode-2@group-523986131536: inconsistency entries. Reply:omNode-1<-omNode-2#68:FAIL-t6,INCONSISTENCY,nextIndex=57,followerCommit=56
2022-10-18 06:30:58,979 [grpc-default-executor-0] INFO  impl.SnapshotInstallationHandler (SnapshotInstallationHandler.java:installSnapshot(84)) - omNode-2@group-523986131536: receive installSnapshot: omNode-1->omNode-2#0-t6,notify:(t:5, i:59)
2022-10-18 06:30:58,979 [grpc-default-executor-0] INFO  impl.SnapshotInstallationHandler (SnapshotInstallationHandler.java:installSnapshot(95)) - omNode-2@group-523986131536: reply installSnapshot: omNode-1<-omNode-2#0:FAIL-t6,IN_PROGRESS
2022-10-18 06:30:58,979 [grpc-default-executor-0] INFO  server.GrpcServerProtocolService (GrpcServerProtocolService.java:onCompleted(140)) - omNode-2: Completed INSTALL_SNAPSHOT, lastRequest: omNode-1->omNode-2#0-t6,notify:(t:5, i:59)
2022-10-18 06:30:58,980 [grpc-default-executor-1] INFO  leader.FollowerInfo (FollowerInfoImpl.java:lambda$new$0(48)) - omNode-1@group-523986131536->omNode-2: nextIndex: updateUnconditionally 57 -> 57
2022-10-18 06:30:58,980 [grpc-default-executor-1] INFO  server.GrpcLogAppender (GrpcLogAppender.java:onNext(403)) - omNode-1@group-523986131536->omNode-2-InstallSnapshotResponseHandler: received a reply omNode-1<-omNode-2#0:FAIL-t6,IN_PROGRESS
2022-10-18 06:30:58,980 [grpc-default-executor-1] INFO  server.GrpcLogAppender (GrpcLogAppender.java:onNext(421)) - omNode-1@group-523986131536->omNode-2-InstallSnapshotResponseHandler: InstallSnapshot in progress.
2022-10-18 06:30:58,980 [omNode-1@group-523986131536->omNode-2-GrpcLogAppender-LogAppenderDaemon] INFO  server.GrpcLogAppender (GrpcLogAppender.java:installSnapshot(541)) - omNode-1@group-523986131536->omNode-2-GrpcLogAppender: followerNextIndex = 57 but logStartIndex = 59, notify follower to install snapshot-(t:5, i:59)
2022-10-18 06:30:58,980 [omNode-1@group-523986131536->omNode-2-GrpcLogAppender-LogAppenderDaemon] INFO  server.GrpcLogAppender (GrpcLogAppender.java:installSnapshot(549)) - omNode-1@group-523986131536->omNode-2-GrpcLogAppender: send omNode-1->omNode-2#0-t6,notify:(t:5, i:59)
2022-10-18 06:30:58,981 [omNode-2-server-thread1] INFO  server.RaftServer$Division (RaftServerImpl.java:checkInconsistentAppendEntries(1402)) - omNode-2@group-523986131536: Failed appendEntries as snapshot (59) installation is in progress
2022-10-18 06:30:58,981 [omNode-2-server-thread1] INFO  server.RaftServer$Division (RaftServerImpl.java:checkInconsistentAppendEntries(1394)) - omNode-2@group-523986131536: inconsistency entries. Reply:omNode-1<-omNode-2#69:FAIL-t6,INCONSISTENCY,nextIndex=57,followerCommit=56
2022-10-18 06:30:58,981 [grpc-default-executor-1] INFO  impl.SnapshotInstallationHandler (SnapshotInstallationHandler.java:installSnapshot(84)) - omNode-2@group-523986131536: receive installSnapshot: omNode-1->omNode-2#0-t6,notify:(t:5, i:59)
2022-10-18 06:30:58,981 [grpc-default-executor-1] INFO  impl.SnapshotInstallationHandler (SnapshotInstallationHandler.java:installSnapshot(95)) - omNode-2@group-523986131536: reply installSnapshot: omNode-1<-omNode-2#0:FAIL-t6,IN_PROGRESS
2022-10-18 06:30:58,982 [grpc-default-executor-1] INFO  server.GrpcServerProtocolService (GrpcServerProtocolService.java:onCompleted(140)) - omNode-2: Completed INSTALL_SNAPSHOT, lastRequest: omNode-1->omNode-2#0-t6,notify:(t:5, i:59)
2022-10-18 06:30:58,982 [grpc-default-executor-1] INFO  leader.FollowerInfo (FollowerInfoImpl.java:lambda$new$0(48)) - omNode-1@group-523986131536->omNode-2: nextIndex: updateUnconditionally 57 -> 57
2022-10-18 06:30:58,982 [grpc-default-executor-1] INFO  server.GrpcLogAppender (GrpcLogAppender.java:onNext(403)) - omNode-1@group-523986131536->omNode-2-InstallSnapshotResponseHandler: received a reply omNode-1<-omNode-2#0:FAIL-t6,IN_PROGRESS
2022-10-18 06:30:58,982 [grpc-default-executor-1] INFO  server.GrpcLogAppender (GrpcLogAppender.java:onNext(421)) - omNode-1@group-523986131536->omNode-2-InstallSnapshotResponseHandler: InstallSnapshot in progress.
2022-10-18 06:30:58,983 [omNode-1@group-523986131536->omNode-2-GrpcLogAppender-LogAppenderDaemon] INFO  server.GrpcLogAppender (GrpcLogAppender.java:installSnapshot(541)) - omNode-1@group-523986131536->omNode-2-GrpcLogAppender: followerNextIndex = 57 but logStartIndex = 59, notify follower to install snapshot-(t:5, i:59)
2022-10-18 06:30:58,983 [omNode-1@group-523986131536->omNode-2-GrpcLogAppender-LogAppenderDaemon] INFO  server.GrpcLogAppender (GrpcLogAppender.java:installSnapshot(549)) - omNode-1@group-523986131536->omNode-2-GrpcLogAppender: send omNode-1->omNode-2#0-t6,notify:(t:5, i:59)
2022-10-18 06:30:58,984 [grpc-default-executor-1] INFO  impl.SnapshotInstallationHandler (SnapshotInstallationHandler.java:installSnapshot(84)) - omNode-2@group-523986131536: receive installSnapshot: omNode-1->omNode-2#0-t6,notify:(t:5, i:59)
2022-10-18 06:30:58,984 [grpc-default-executor-1] INFO  impl.SnapshotInstallationHandler (SnapshotInstallationHandler.java:installSnapshot(95)) - omNode-2@group-523986131536: reply installSnapshot: omNode-1<-omNode-2#0:FAIL-t6,IN_PROGRESS
2022-10-18 06:30:58,984 [grpc-default-executor-1] INFO  server.GrpcServerProtocolService (GrpcServerProtocolService.java:onCompleted(140)) - omNode-2: Completed INSTALL_SNAPSHOT, lastRequest: omNode-1->omNode-2#0-t6,notify:(t:5, i:59)
2022-10-18 06:30:58,984 [omNode-2-server-thread1] INFO  server.RaftServer$Division (RaftServerImpl.java:checkInconsistentAppendEntries(1402)) - omNode-2@group-523986131536: Failed appendEntries as snapshot (59) installation is in progress
2022-10-18 06:30:58,984 [omNode-2-server-thread1] INFO  server.RaftServer$Division (RaftServerImpl.java:checkInconsistentAppendEntries(1394)) - omNode-2@group-523986131536: inconsistency entries. Reply:omNode-1<-omNode-2#70:FAIL-t6,INCONSISTENCY,nextIndex=57,followerCommit=56
2022-10-18 06:30:58,985 [grpc-default-executor-0] INFO  server.GrpcLogAppender (GrpcLogAppender.java:onNext(403)) - omNode-1@group-523986131536->omNode-2-InstallSnapshotResponseHandler: received a reply omNode-1<-omNode-2#0:FAIL-t6,IN_PROGRESS
2022-10-18 06:30:58,985 [grpc-default-executor-0] INFO  server.GrpcLogAppender (GrpcLogAppender.java:onNext(421)) - omNode-1@group-523986131536->omNode-2-InstallSnapshotResponseHandler: InstallSnapshot in progress.
2022-10-18 06:30:58,985 [omNode-1@group-523986131536->omNode-2-GrpcLogAppender-LogAppenderDaemon] INFO  server.GrpcLogAppender (GrpcLogAppender.java:installSnapshot(541)) - omNode-1@group-523986131536->omNode-2-GrpcLogAppender: followerNextIndex = 57 but logStartIndex = 59, notify follower to install snapshot-(t:5, i:59)
2022-10-18 06:30:58,985 [omNode-1@group-523986131536->omNode-2-GrpcLogAppender-LogAppenderDaemon] INFO  server.GrpcLogAppender (GrpcLogAppender.java:installSnapshot(549)) - omNode-1@group-523986131536->omNode-2-GrpcLogAppender: send omNode-1->omNode-2#0-t6,notify:(t:5, i:59)
2022-10-18 06:30:58,985 [grpc-default-executor-0] INFO  leader.FollowerInfo (FollowerInfoImpl.java:lambda$new$0(48)) - omNode-1@group-523986131536->omNode-2: nextIndex: updateUnconditionally 57 -> 57
2022-10-18 06:30:58,986 [omNode-2-server-thread1] INFO  server.RaftServer$Division (RaftServerImpl.java:checkInconsistentAppendEntries(1402)) - omNode-2@group-523986131536: Failed appendEntries as snapshot (59) installation is in progress
2022-10-18 06:30:58,986 [omNode-2-server-thread1] INFO  server.RaftServer$Division (RaftServerImpl.java:checkInconsistentAppendEntries(1394)) - omNode-2@group-523986131536: inconsistency entries. Reply:omNode-1<-omNode-2#71:FAIL-t6,INCONSISTENCY,nextIndex=57,followerCommit=56
2022-10-18 06:30:58,986 [grpc-default-executor-0] INFO  impl.SnapshotInstallationHandler (SnapshotInstallationHandler.java:installSnapshot(84)) - omNode-2@group-523986131536: receive installSnapshot: omNode-1->omNode-2#0-t6,notify:(t:5, i:59)
2022-10-18 06:30:58,986 [grpc-default-executor-0] INFO  impl.SnapshotInstallationHandler (SnapshotInstallationHandler.java:installSnapshot(95)) - omNode-2@group-523986131536: reply installSnapshot: omNode-1<-omNode-2#0:FAIL-t6,IN_PROGRESS
2022-10-18 06:30:58,987 [grpc-default-executor-0] INFO  server.GrpcServerProtocolService (GrpcServerProtocolService.java:onCompleted(140)) - omNode-2: Completed INSTALL_SNAPSHOT, lastRequest: omNode-1->omNode-2#0-t6,notify:(t:5, i:59)
2022-10-18 06:30:58,987 [grpc-default-executor-0] INFO  leader.FollowerInfo (FollowerInfoImpl.java:lambda$new$0(48)) - omNode-1@group-523986131536->omNode-2: nextIndex: updateUnconditionally 57 -> 57
2022-10-18 06:30:58,987 [grpc-default-executor-0] INFO  server.GrpcLogAppender (GrpcLogAppender.java:onNext(403)) - omNode-1@group-523986131536->omNode-2-InstallSnapshotResponseHandler: received a reply omNode-1<-omNode-2#0:FAIL-t6,IN_PROGRESS
2022-10-18 06:30:58,987 [grpc-default-executor-0] INFO  server.GrpcLogAppender (GrpcLogAppender.java:onNext(421)) - omNode-1@group-523986131536->omNode-2-InstallSnapshotResponseHandler: InstallSnapshot in progress.
2022-10-18 06:30:58,988 [omNode-1@group-523986131536->omNode-2-GrpcLogAppender-LogAppenderDaemon] INFO  server.GrpcLogAppender (GrpcLogAppender.java:installSnapshot(541)) - omNode-1@group-523986131536->omNode-2-GrpcLogAppender: followerNextIndex = 57 but logStartIndex = 59, notify follower to install snapshot-(t:5, i:59)
2022-10-18 06:30:58,988 [omNode-1@group-523986131536->omNode-2-GrpcLogAppender-LogAppenderDaemon] INFO  server.GrpcLogAppender (GrpcLogAppender.java:installSnapshot(549)) - omNode-1@group-523986131536->omNode-2-GrpcLogAppender: send omNode-1->omNode-2#0-t6,notify:(t:5, i:59)
2022-10-18 06:30:58,988 [omNode-2-server-thread1] INFO  server.RaftServer$Division (RaftServerImpl.java:checkInconsistentAppendEntries(1402)) - omNode-2@group-523986131536: Failed appendEntries as snapshot (59) installation is in progress
2022-10-18 06:30:58,988 [omNode-2-server-thread1] INFO  server.RaftServer$Division (RaftServerImpl.java:checkInconsistentAppendEntries(1394)) - omNode-2@group-523986131536: inconsistency entries. Reply:omNode-1<-omNode-2#72:FAIL-t6,INCONSISTENCY,nextIndex=57,followerCommit=56
2022-10-18 06:30:58,989 [grpc-default-executor-0] INFO  impl.SnapshotInstallationHandler (SnapshotInstallationHandler.java:installSnapshot(84)) - omNode-2@group-523986131536: receive installSnapshot: omNode-1->omNode-2#0-t6,notify:(t:5, i:59)
2022-10-18 06:30:58,989 [grpc-default-executor-0] INFO  impl.SnapshotInstallationHandler (SnapshotInstallationHandler.java:installSnapshot(95)) - omNode-2@group-523986131536: reply installSnapshot: omNode-1<-omNode-2#0:FAIL-t6,IN_PROGRESS
2022-10-18 06:30:58,989 [grpc-default-executor-0] INFO  server.GrpcServerProtocolService (GrpcServerProtocolService.java:onCompleted(140)) - omNode-2: Completed INSTALL_SNAPSHOT, lastRequest: omNode-1->omNode-2#0-t6,notify:(t:5, i:59)
2022-10-18 06:30:58,990 [grpc-default-executor-0] INFO  leader.FollowerInfo (FollowerInfoImpl.java:lambda$new$0(48)) - omNode-1@group-523986131536->omNode-2: nextIndex: updateUnconditionally 57 -> 57
2022-10-18 06:30:58,990 [grpc-default-executor-0] INFO  server.GrpcLogAppender (GrpcLogAppender.java:onNext(403)) - omNode-1@group-523986131536->omNode-2-InstallSnapshotResponseHandler: received a reply omNode-1<-omNode-2#0:FAIL-t6,IN_PROGRESS
2022-10-18 06:30:58,990 [grpc-default-executor-0] INFO  server.GrpcLogAppender (GrpcLogAppender.java:onNext(421)) - omNode-1@group-523986131536->omNode-2-InstallSnapshotResponseHandler: InstallSnapshot in progress.
2022-10-18 06:30:58,990 [omNode-1@group-523986131536->omNode-2-GrpcLogAppender-LogAppenderDaemon] INFO  server.GrpcLogAppender (GrpcLogAppender.java:installSnapshot(541)) - omNode-1@group-523986131536->omNode-2-GrpcLogAppender: followerNextIndex = 57 but logStartIndex = 59, notify follower to install snapshot-(t:5, i:59)
2022-10-18 06:30:58,990 [omNode-1@group-523986131536->omNode-2-GrpcLogAppender-LogAppenderDaemon] INFO  server.GrpcLogAppender (GrpcLogAppender.java:installSnapshot(549)) - omNode-1@group-523986131536->omNode-2-GrpcLogAppender: send omNode-1->omNode-2#0-t6,notify:(t:5, i:59)
2022-10-18 06:30:58,991 [omNode-2-server-thread1] INFO  server.RaftServer$Division (RaftServerImpl.java:checkInconsistentAppendEntries(1402)) - omNode-2@group-523986131536: Failed appendEntries as snapshot (59) installation is in progress
2022-10-18 06:30:58,991 [omNode-2-server-thread1] INFO  server.RaftServer$Division (RaftServerImpl.java:checkInconsistentAppendEntries(1394)) - omNode-2@group-523986131536: inconsistency entries. Reply:omNode-1<-omNode-2#73:FAIL-t6,INCONSISTENCY,nextIndex=57,followerCommit=56
2022-10-18 06:30:58,991 [grpc-default-executor-0] INFO  impl.SnapshotInstallationHandler (SnapshotInstallationHandler.java:installSnapshot(84)) - omNode-2@group-523986131536: receive installSnapshot: omNode-1->omNode-2#0-t6,notify:(t:5, i:59)
2022-10-18 06:30:58,991 [grpc-default-executor-0] INFO  impl.SnapshotInstallationHandler (SnapshotInstallationHandler.java:installSnapshot(95)) - omNode-2@group-523986131536: reply installSnapshot: omNode-1<-omNode-2#0:FAIL-t6,IN_PROGRESS
2022-10-18 06:30:58,992 [grpc-default-executor-0] INFO  server.GrpcServerProtocolService (GrpcServerProtocolService.java:onCompleted(140)) - omNode-2: Completed INSTALL_SNAPSHOT, lastRequest: omNode-1->omNode-2#0-t6,notify:(t:5, i:59)
2022-10-18 06:30:58,992 [grpc-default-executor-1] INFO  leader.FollowerInfo (FollowerInfoImpl.java:lambda$new$0(48)) - omNode-1@group-523986131536->omNode-2: nextIndex: updateUnconditionally 57 -> 57
2022-10-18 06:30:58,992 [grpc-default-executor-1] INFO  server.GrpcLogAppender (GrpcLogAppender.java:onNext(403)) - omNode-1@group-523986131536->omNode-2-InstallSnapshotResponseHandler: received a reply omNode-1<-omNode-2#0:FAIL-t6,IN_PROGRESS
2022-10-18 06:30:58,992 [grpc-default-executor-1] INFO  server.GrpcLogAppender (GrpcLogAppender.java:onNext(421)) - omNode-1@group-523986131536->omNode-2-InstallSnapshotResponseHandler: InstallSnapshot in progress.
2022-10-18 06:30:58,992 [omNode-1@group-523986131536->omNode-2-GrpcLogAppender-LogAppenderDaemon] INFO  server.GrpcLogAppender (GrpcLogAppender.java:installSnapshot(541)) - omNode-1@group-523986131536->omNode-2-GrpcLogAppender: followerNextIndex = 57 but logStartIndex = 59, notify follower to install snapshot-(t:5, i:59)
2022-10-18 06:30:58,993 [omNode-1@group-523986131536->omNode-2-GrpcLogAppender-LogAppenderDaemon] INFO  server.GrpcLogAppender (GrpcLogAppender.java:installSnapshot(549)) - omNode-1@group-523986131536->omNode-2-GrpcLogAppender: send omNode-1->omNode-2#0-t6,notify:(t:5, i:59)
2022-10-18 06:30:58,994 [grpc-default-executor-1] WARN  server.GrpcLogAppender (LogUtils.java:warn(122)) - omNode-1@group-523986131536->omNode-3-AppendLogResponseHandler: Failed appendEntries: org.apache.ratis.thirdparty.io.grpc.StatusRuntimeException: UNAVAILABLE: io exception
2022-10-18 06:30:58,994 [grpc-default-executor-1] WARN  server.GrpcLogAppender (GrpcLogAppender.java:resetClient(111)) - omNode-1@group-523986131536->omNode-3-GrpcLogAppender: Leader has not got in touch with Follower omNode-1@group-523986131536->omNode-3(c-1,m0,n146, attendVote=true, lastRpcSendTime=0, lastRpcResponseTime=1461) yet, just keep nextIndex unchanged and retry.
2022-10-18 06:30:58,998 [grpc-default-executor-1] INFO  impl.SnapshotInstallationHandler (SnapshotInstallationHandler.java:installSnapshot(84)) - omNode-2@group-523986131536: receive installSnapshot: omNode-1->omNode-2#0-t6,notify:(t:5, i:59)
2022-10-18 06:30:58,998 [grpc-default-executor-1] INFO  impl.SnapshotInstallationHandler (SnapshotInstallationHandler.java:installSnapshot(95)) - omNode-2@group-523986131536: reply installSnapshot: omNode-1<-omNode-2#0:FAIL-t6,IN_PROGRESS
2022-10-18 06:30:58,998 [grpc-default-executor-1] INFO  server.GrpcServerProtocolService (GrpcServerProtocolService.java:onCompleted(140)) - omNode-2: Completed INSTALL_SNAPSHOT, lastRequest: omNode-1->omNode-2#0-t6,notify:(t:5, i:59)
2022-10-18 06:30:58,999 [omNode-2-server-thread1] INFO  server.RaftServer$Division (RaftServerImpl.java:checkInconsistentAppendEntries(1402)) - omNode-2@group-523986131536: Failed appendEntries as snapshot (59) installation is in progress
2022-10-18 06:30:58,999 [omNode-2-server-thread1] INFO  server.RaftServer$Division (RaftServerImpl.java:checkInconsistentAppendEntries(1394)) - omNode-2@group-523986131536: inconsistency entries. Reply:omNode-1<-omNode-2#74:FAIL-t6,INCONSISTENCY,nextIndex=57,followerCommit=56
2022-10-18 06:30:58,999 [grpc-default-executor-0] INFO  server.GrpcLogAppender (GrpcLogAppender.java:onNext(403)) - omNode-1@group-523986131536->omNode-2-InstallSnapshotResponseHandler: received a reply omNode-1<-omNode-2#0:FAIL-t6,IN_PROGRESS
2022-10-18 06:30:58,999 [grpc-default-executor-0] INFO  server.GrpcLogAppender (GrpcLogAppender.java:onNext(421)) - omNode-1@group-523986131536->omNode-2-InstallSnapshotResponseHandler: InstallSnapshot in progress.
2022-10-18 06:30:59,001 [omNode-1@group-523986131536->omNode-2-GrpcLogAppender-LogAppenderDaemon] INFO  server.GrpcLogAppender (GrpcLogAppender.java:installSnapshot(541)) - omNode-1@group-523986131536->omNode-2-GrpcLogAppender: followerNextIndex = 57 but logStartIndex = 59, notify follower to install snapshot-(t:5, i:59)
2022-10-18 06:30:59,001 [omNode-1@group-523986131536->omNode-2-GrpcLogAppender-LogAppenderDaemon] INFO  server.GrpcLogAppender (GrpcLogAppender.java:installSnapshot(549)) - omNode-1@group-523986131536->omNode-2-GrpcLogAppender: send omNode-1->omNode-2#0-t6,notify:(t:5, i:59)
2022-10-18 06:30:59,001 [grpc-default-executor-0] INFO  leader.FollowerInfo (FollowerInfoImpl.java:lambda$new$0(48)) - omNode-1@group-523986131536->omNode-2: nextIndex: updateUnconditionally 57 -> 57
2022-10-18 06:30:59,003 [omNode-2-server-thread1] INFO  server.RaftServer$Division (RaftServerImpl.java:checkInconsistentAppendEntries(1402)) - omNode-2@group-523986131536: Failed appendEntries as snapshot (59) installation is in progress
2022-10-18 06:30:59,003 [omNode-2-server-thread1] INFO  server.RaftServer$Division (RaftServerImpl.java:checkInconsistentAppendEntries(1394)) - omNode-2@group-523986131536: inconsistency entries. Reply:omNode-1<-omNode-2#75:FAIL-t6,INCONSISTENCY,nextIndex=57,followerCommit=56
2022-10-18 06:30:59,003 [grpc-default-executor-0] INFO  impl.SnapshotInstallationHandler (SnapshotInstallationHandler.java:installSnapshot(84)) - omNode-2@group-523986131536: receive installSnapshot: omNode-1->omNode-2#0-t6,notify:(t:5, i:59)
2022-10-18 06:30:59,003 [grpc-default-executor-0] INFO  impl.SnapshotInstallationHandler (SnapshotInstallationHandler.java:installSnapshot(95)) - omNode-2@group-523986131536: reply installSnapshot: omNode-1<-omNode-2#0:FAIL-t6,IN_PROGRESS
2022-10-18 06:30:59,017 [grpc-default-executor-0] INFO  server.GrpcServerProtocolService (GrpcServerProtocolService.java:onCompleted(140)) - omNode-2: Completed INSTALL_SNAPSHOT, lastRequest: omNode-1->omNode-2#0-t6,notify:(t:5, i:59)
2022-10-18 06:30:59,018 [grpc-default-executor-1] INFO  leader.FollowerInfo (FollowerInfoImpl.java:lambda$new$0(48)) - omNode-1@group-523986131536->omNode-2: nextIndex: updateUnconditionally 57 -> 57
2022-10-18 06:30:59,018 [grpc-default-executor-1] INFO  server.GrpcLogAppender (GrpcLogAppender.java:onNext(403)) - omNode-1@group-523986131536->omNode-2-InstallSnapshotResponseHandler: received a reply omNode-1<-omNode-2#0:FAIL-t6,IN_PROGRESS
2022-10-18 06:30:59,018 [grpc-default-executor-1] INFO  server.GrpcLogAppender (GrpcLogAppender.java:onNext(421)) - omNode-1@group-523986131536->omNode-2-InstallSnapshotResponseHandler: InstallSnapshot in progress.
2022-10-18 06:30:59,018 [omNode-1@group-523986131536->omNode-2-GrpcLogAppender-LogAppenderDaemon] INFO  server.GrpcLogAppender (GrpcLogAppender.java:installSnapshot(541)) - omNode-1@group-523986131536->omNode-2-GrpcLogAppender: followerNextIndex = 57 but logStartIndex = 59, notify follower to install snapshot-(t:5, i:59)
2022-10-18 06:30:59,018 [omNode-1@group-523986131536->omNode-2-GrpcLogAppender-LogAppenderDaemon] INFO  server.GrpcLogAppender (GrpcLogAppender.java:installSnapshot(549)) - omNode-1@group-523986131536->omNode-2-GrpcLogAppender: send omNode-1->omNode-2#0-t6,notify:(t:5, i:59)
2022-10-18 06:30:59,019 [grpc-default-executor-1] INFO  impl.SnapshotInstallationHandler (SnapshotInstallationHandler.java:installSnapshot(84)) - omNode-2@group-523986131536: receive installSnapshot: omNode-1->omNode-2#0-t6,notify:(t:5, i:59)
2022-10-18 06:30:59,019 [grpc-default-executor-1] INFO  impl.SnapshotInstallationHandler (SnapshotInstallationHandler.java:installSnapshot(95)) - omNode-2@group-523986131536: reply installSnapshot: omNode-1<-omNode-2#0:FAIL-t6,IN_PROGRESS
2022-10-18 06:30:59,020 [grpc-default-executor-1] INFO  server.GrpcServerProtocolService (GrpcServerProtocolService.java:onCompleted(140)) - omNode-2: Completed INSTALL_SNAPSHOT, lastRequest: omNode-1->omNode-2#0-t6,notify:(t:5, i:59)
2022-10-18 06:30:59,020 [omNode-2-server-thread1] INFO  server.RaftServer$Division (RaftServerImpl.java:checkInconsistentAppendEntries(1402)) - omNode-2@group-523986131536: Failed appendEntries as snapshot (59) installation is in progress
2022-10-18 06:30:59,020 [omNode-2-server-thread1] INFO  server.RaftServer$Division (RaftServerImpl.java:checkInconsistentAppendEntries(1394)) - omNode-2@group-523986131536: inconsistency entries. Reply:omNode-1<-omNode-2#76:FAIL-t6,INCONSISTENCY,nextIndex=57,followerCommit=56
2022-10-18 06:30:59,020 [grpc-default-executor-0] INFO  server.GrpcLogAppender (GrpcLogAppender.java:onNext(403)) - omNode-1@group-523986131536->omNode-2-InstallSnapshotResponseHandler: received a reply omNode-1<-omNode-2#0:FAIL-t6,IN_PROGRESS
2022-10-18 06:30:59,020 [grpc-default-executor-0] INFO  server.GrpcLogAppender (GrpcLogAppender.java:onNext(421)) - omNode-1@group-523986131536->omNode-2-InstallSnapshotResponseHandler: InstallSnapshot in progress.
2022-10-18 06:30:59,021 [omNode-1@group-523986131536->omNode-2-GrpcLogAppender-LogAppenderDaemon] INFO  server.GrpcLogAppender (GrpcLogAppender.java:installSnapshot(541)) - omNode-1@group-523986131536->omNode-2-GrpcLogAppender: followerNextIndex = 57 but logStartIndex = 59, notify follower to install snapshot-(t:5, i:59)
2022-10-18 06:30:59,021 [omNode-1@group-523986131536->omNode-2-GrpcLogAppender-LogAppenderDaemon] INFO  server.GrpcLogAppender (GrpcLogAppender.java:installSnapshot(549)) - omNode-1@group-523986131536->omNode-2-GrpcLogAppender: send omNode-1->omNode-2#0-t6,notify:(t:5, i:59)
2022-10-18 06:30:59,021 [grpc-default-executor-0] INFO  leader.FollowerInfo (FollowerInfoImpl.java:lambda$new$0(48)) - omNode-1@group-523986131536->omNode-2: nextIndex: updateUnconditionally 57 -> 57
2022-10-18 06:30:59,022 [omNode-2-server-thread1] INFO  server.RaftServer$Division (RaftServerImpl.java:checkInconsistentAppendEntries(1402)) - omNode-2@group-523986131536: Failed appendEntries as snapshot (59) installation is in progress
2022-10-18 06:30:59,022 [omNode-2-server-thread1] INFO  server.RaftServer$Division (RaftServerImpl.java:checkInconsistentAppendEntries(1394)) - omNode-2@group-523986131536: inconsistency entries. Reply:omNode-1<-omNode-2#77:FAIL-t6,INCONSISTENCY,nextIndex=57,followerCommit=56
2022-10-18 06:30:59,022 [grpc-default-executor-0] INFO  impl.SnapshotInstallationHandler (SnapshotInstallationHandler.java:installSnapshot(84)) - omNode-2@group-523986131536: receive installSnapshot: omNode-1->omNode-2#0-t6,notify:(t:5, i:59)
2022-10-18 06:30:59,022 [grpc-default-executor-0] INFO  impl.SnapshotInstallationHandler (SnapshotInstallationHandler.java:installSnapshot(95)) - omNode-2@group-523986131536: reply installSnapshot: omNode-1<-omNode-2#0:FAIL-t6,IN_PROGRESS
2022-10-18 06:30:59,022 [grpc-default-executor-0] INFO  server.GrpcServerProtocolService (GrpcServerProtocolService.java:onCompleted(140)) - omNode-2: Completed INSTALL_SNAPSHOT, lastRequest: omNode-1->omNode-2#0-t6,notify:(t:5, i:59)
2022-10-18 06:30:59,023 [grpc-default-executor-1] INFO  leader.FollowerInfo (FollowerInfoImpl.java:lambda$new$0(48)) - omNode-1@group-523986131536->omNode-2: nextIndex: updateUnconditionally 57 -> 57
2022-10-18 06:30:59,023 [grpc-default-executor-1] INFO  server.GrpcLogAppender (GrpcLogAppender.java:onNext(403)) - omNode-1@group-523986131536->omNode-2-InstallSnapshotResponseHandler: received a reply omNode-1<-omNode-2#0:FAIL-t6,IN_PROGRESS
2022-10-18 06:30:59,023 [grpc-default-executor-1] INFO  server.GrpcLogAppender (GrpcLogAppender.java:onNext(421)) - omNode-1@group-523986131536->omNode-2-InstallSnapshotResponseHandler: InstallSnapshot in progress.
2022-10-18 06:30:59,023 [omNode-1@group-523986131536->omNode-2-GrpcLogAppender-LogAppenderDaemon] INFO  server.GrpcLogAppender (GrpcLogAppender.java:installSnapshot(541)) - omNode-1@group-523986131536->omNode-2-GrpcLogAppender: followerNextIndex = 57 but logStartIndex = 59, notify follower to install snapshot-(t:5, i:59)
2022-10-18 06:30:59,024 [omNode-1@group-523986131536->omNode-2-GrpcLogAppender-LogAppenderDaemon] INFO  server.GrpcLogAppender (GrpcLogAppender.java:installSnapshot(549)) - omNode-1@group-523986131536->omNode-2-GrpcLogAppender: send omNode-1->omNode-2#0-t6,notify:(t:5, i:59)
2022-10-18 06:30:59,024 [grpc-default-executor-1] INFO  impl.SnapshotInstallationHandler (SnapshotInstallationHandler.java:installSnapshot(84)) - omNode-2@group-523986131536: receive installSnapshot: omNode-1->omNode-2#0-t6,notify:(t:5, i:59)
2022-10-18 06:30:59,025 [grpc-default-executor-1] INFO  impl.SnapshotInstallationHandler (SnapshotInstallationHandler.java:installSnapshot(95)) - omNode-2@group-523986131536: reply installSnapshot: omNode-1<-omNode-2#0:FAIL-t6,IN_PROGRESS
2022-10-18 06:30:59,025 [grpc-default-executor-1] INFO  server.GrpcServerProtocolService (GrpcServerProtocolService.java:onCompleted(140)) - omNode-2: Completed INSTALL_SNAPSHOT, lastRequest: omNode-1->omNode-2#0-t6,notify:(t:5, i:59)
2022-10-18 06:30:59,025 [omNode-2-server-thread1] INFO  server.RaftServer$Division (RaftServerImpl.java:checkInconsistentAppendEntries(1402)) - omNode-2@group-523986131536: Failed appendEntries as snapshot (59) installation is in progress
2022-10-18 06:30:59,025 [omNode-2-server-thread1] INFO  server.RaftServer$Division (RaftServerImpl.java:checkInconsistentAppendEntries(1394)) - omNode-2@group-523986131536: inconsistency entries. Reply:omNode-1<-omNode-2#78:FAIL-t6,INCONSISTENCY,nextIndex=57,followerCommit=56
2022-10-18 06:30:59,029 [grpc-default-executor-0] INFO  server.GrpcLogAppender (GrpcLogAppender.java:onNext(403)) - omNode-1@group-523986131536->omNode-2-InstallSnapshotResponseHandler: received a reply omNode-1<-omNode-2#0:FAIL-t6,IN_PROGRESS
2022-10-18 06:30:59,029 [grpc-default-executor-0] INFO  server.GrpcLogAppender (GrpcLogAppender.java:onNext(421)) - omNode-1@group-523986131536->omNode-2-InstallSnapshotResponseHandler: InstallSnapshot in progress.
2022-10-18 06:30:59,030 [omNode-1@group-523986131536->omNode-2-GrpcLogAppender-LogAppenderDaemon] INFO  server.GrpcLogAppender (GrpcLogAppender.java:installSnapshot(541)) - omNode-1@group-523986131536->omNode-2-GrpcLogAppender: followerNextIndex = 57 but logStartIndex = 59, notify follower to install snapshot-(t:5, i:59)
2022-10-18 06:30:59,030 [omNode-1@group-523986131536->omNode-2-GrpcLogAppender-LogAppenderDaemon] INFO  server.GrpcLogAppender (GrpcLogAppender.java:installSnapshot(549)) - omNode-1@group-523986131536->omNode-2-GrpcLogAppender: send omNode-1->omNode-2#0-t6,notify:(t:5, i:59)
2022-10-18 06:30:59,030 [grpc-default-executor-0] INFO  leader.FollowerInfo (FollowerInfoImpl.java:lambda$new$0(48)) - omNode-1@group-523986131536->omNode-2: nextIndex: updateUnconditionally 57 -> 57
2022-10-18 06:30:59,031 [omNode-2-server-thread1] INFO  server.RaftServer$Division (RaftServerImpl.java:checkInconsistentAppendEntries(1402)) - omNode-2@group-523986131536: Failed appendEntries as snapshot (59) installation is in progress
2022-10-18 06:30:59,031 [omNode-2-server-thread1] INFO  server.RaftServer$Division (RaftServerImpl.java:checkInconsistentAppendEntries(1394)) - omNode-2@group-523986131536: inconsistency entries. Reply:omNode-1<-omNode-2#79:FAIL-t6,INCONSISTENCY,nextIndex=57,followerCommit=56
2022-10-18 06:30:59,031 [grpc-default-executor-1] INFO  impl.SnapshotInstallationHandler (SnapshotInstallationHandler.java:installSnapshot(84)) - omNode-2@group-523986131536: receive installSnapshot: omNode-1->omNode-2#0-t6,notify:(t:5, i:59)
2022-10-18 06:30:59,031 [grpc-default-executor-1] INFO  impl.SnapshotInstallationHandler (SnapshotInstallationHandler.java:installSnapshot(95)) - omNode-2@group-523986131536: reply installSnapshot: omNode-1<-omNode-2#0:FAIL-t6,IN_PROGRESS
2022-10-18 06:30:59,031 [grpc-default-executor-1] INFO  server.GrpcServerProtocolService (GrpcServerProtocolService.java:onCompleted(140)) - omNode-2: Completed INSTALL_SNAPSHOT, lastRequest: omNode-1->omNode-2#0-t6,notify:(t:5, i:59)
2022-10-18 06:30:59,032 [grpc-default-executor-1] INFO  leader.FollowerInfo (FollowerInfoImpl.java:lambda$new$0(48)) - omNode-1@group-523986131536->omNode-2: nextIndex: updateUnconditionally 57 -> 57
2022-10-18 06:30:59,032 [grpc-default-executor-0] INFO  server.GrpcLogAppender (GrpcLogAppender.java:onNext(403)) - omNode-1@group-523986131536->omNode-2-InstallSnapshotResponseHandler: received a reply omNode-1<-omNode-2#0:FAIL-t6,IN_PROGRESS
2022-10-18 06:30:59,032 [grpc-default-executor-0] INFO  server.GrpcLogAppender (GrpcLogAppender.java:onNext(421)) - omNode-1@group-523986131536->omNode-2-InstallSnapshotResponseHandler: InstallSnapshot in progress.
2022-10-18 06:30:59,032 [omNode-1@group-523986131536->omNode-2-GrpcLogAppender-LogAppenderDaemon] INFO  server.GrpcLogAppender (GrpcLogAppender.java:installSnapshot(541)) - omNode-1@group-523986131536->omNode-2-GrpcLogAppender: followerNextIndex = 57 but logStartIndex = 59, notify follower to install snapshot-(t:5, i:59)
2022-10-18 06:30:59,032 [omNode-1@group-523986131536->omNode-2-GrpcLogAppender-LogAppenderDaemon] INFO  server.GrpcLogAppender (GrpcLogAppender.java:installSnapshot(549)) - omNode-1@group-523986131536->omNode-2-GrpcLogAppender: send omNode-1->omNode-2#0-t6,notify:(t:5, i:59)
2022-10-18 06:30:59,033 [omNode-2-server-thread1] INFO  server.RaftServer$Division (RaftServerImpl.java:checkInconsistentAppendEntries(1402)) - omNode-2@group-523986131536: Failed appendEntries as snapshot (59) installation is in progress
2022-10-18 06:30:59,033 [omNode-2-server-thread1] INFO  server.RaftServer$Division (RaftServerImpl.java:checkInconsistentAppendEntries(1394)) - omNode-2@group-523986131536: inconsistency entries. Reply:omNode-1<-omNode-2#80:FAIL-t6,INCONSISTENCY,nextIndex=57,followerCommit=56
2022-10-18 06:30:59,034 [grpc-default-executor-0] INFO  leader.FollowerInfo (FollowerInfoImpl.java:lambda$new$0(48)) - omNode-1@group-523986131536->omNode-2: nextIndex: updateUnconditionally 57 -> 57
2022-10-18 06:30:59,034 [grpc-default-executor-1] INFO  impl.SnapshotInstallationHandler (SnapshotInstallationHandler.java:installSnapshot(84)) - omNode-2@group-523986131536: receive installSnapshot: omNode-1->omNode-2#0-t6,notify:(t:5, i:59)
2022-10-18 06:30:59,034 [grpc-default-executor-1] INFO  impl.SnapshotInstallationHandler (SnapshotInstallationHandler.java:installSnapshot(95)) - omNode-2@group-523986131536: reply installSnapshot: omNode-1<-omNode-2#0:FAIL-t6,IN_PROGRESS
2022-10-18 06:30:59,034 [grpc-default-executor-1] INFO  server.GrpcServerProtocolService (GrpcServerProtocolService.java:onCompleted(140)) - omNode-2: Completed INSTALL_SNAPSHOT, lastRequest: omNode-1->omNode-2#0-t6,notify:(t:5, i:59)
2022-10-18 06:30:59,034 [grpc-default-executor-1] INFO  server.GrpcLogAppender (GrpcLogAppender.java:onNext(403)) - omNode-1@group-523986131536->omNode-2-InstallSnapshotResponseHandler: received a reply omNode-1<-omNode-2#0:FAIL-t6,IN_PROGRESS
2022-10-18 06:30:59,034 [grpc-default-executor-1] INFO  server.GrpcLogAppender (GrpcLogAppender.java:onNext(421)) - omNode-1@group-523986131536->omNode-2-InstallSnapshotResponseHandler: InstallSnapshot in progress.
2022-10-18 06:30:59,035 [omNode-1@group-523986131536->omNode-2-GrpcLogAppender-LogAppenderDaemon] INFO  server.GrpcLogAppender (GrpcLogAppender.java:installSnapshot(541)) - omNode-1@group-523986131536->omNode-2-GrpcLogAppender: followerNextIndex = 57 but logStartIndex = 59, notify follower to install snapshot-(t:5, i:59)
2022-10-18 06:30:59,035 [omNode-1@group-523986131536->omNode-2-GrpcLogAppender-LogAppenderDaemon] INFO  server.GrpcLogAppender (GrpcLogAppender.java:installSnapshot(549)) - omNode-1@group-523986131536->omNode-2-GrpcLogAppender: send omNode-1->omNode-2#0-t6,notify:(t:5, i:59)
2022-10-18 06:30:59,036 [omNode-2-server-thread1] INFO  server.RaftServer$Division (RaftServerImpl.java:checkInconsistentAppendEntries(1402)) - omNode-2@group-523986131536: Failed appendEntries as snapshot (59) installation is in progress
2022-10-18 06:30:59,036 [omNode-2-server-thread1] INFO  server.RaftServer$Division (RaftServerImpl.java:checkInconsistentAppendEntries(1394)) - omNode-2@group-523986131536: inconsistency entries. Reply:omNode-1<-omNode-2#81:FAIL-t6,INCONSISTENCY,nextIndex=57,followerCommit=56
2022-10-18 06:30:59,036 [grpc-default-executor-1] INFO  impl.SnapshotInstallationHandler (SnapshotInstallationHandler.java:installSnapshot(84)) - omNode-2@group-523986131536: receive installSnapshot: omNode-1->omNode-2#0-t6,notify:(t:5, i:59)
2022-10-18 06:30:59,036 [grpc-default-executor-1] INFO  impl.SnapshotInstallationHandler (SnapshotInstallationHandler.java:installSnapshot(95)) - omNode-2@group-523986131536: reply installSnapshot: omNode-1<-omNode-2#0:FAIL-t6,IN_PROGRESS
2022-10-18 06:30:59,036 [grpc-default-executor-1] INFO  server.GrpcServerProtocolService (GrpcServerProtocolService.java:onCompleted(140)) - omNode-2: Completed INSTALL_SNAPSHOT, lastRequest: omNode-1->omNode-2#0-t6,notify:(t:5, i:59)
2022-10-18 06:30:59,037 [grpc-default-executor-0] INFO  leader.FollowerInfo (FollowerInfoImpl.java:lambda$new$0(48)) - omNode-1@group-523986131536->omNode-2: nextIndex: updateUnconditionally 57 -> 57
2022-10-18 06:30:59,037 [grpc-default-executor-1] INFO  server.GrpcLogAppender (GrpcLogAppender.java:onNext(403)) - omNode-1@group-523986131536->omNode-2-InstallSnapshotResponseHandler: received a reply omNode-1<-omNode-2#0:FAIL-t6,IN_PROGRESS
2022-10-18 06:30:59,037 [grpc-default-executor-1] INFO  server.GrpcLogAppender (GrpcLogAppender.java:onNext(421)) - omNode-1@group-523986131536->omNode-2-InstallSnapshotResponseHandler: InstallSnapshot in progress.
2022-10-18 06:30:59,037 [omNode-1@group-523986131536->omNode-2-GrpcLogAppender-LogAppenderDaemon] INFO  server.GrpcLogAppender (GrpcLogAppender.java:installSnapshot(541)) - omNode-1@group-523986131536->omNode-2-GrpcLogAppender: followerNextIndex = 57 but logStartIndex = 59, notify follower to install snapshot-(t:5, i:59)
2022-10-18 06:30:59,037 [omNode-1@group-523986131536->omNode-2-GrpcLogAppender-LogAppenderDaemon] INFO  server.GrpcLogAppender (GrpcLogAppender.java:installSnapshot(549)) - omNode-1@group-523986131536->omNode-2-GrpcLogAppender: send omNode-1->omNode-2#0-t6,notify:(t:5, i:59)
2022-10-18 06:30:59,038 [omNode-2-server-thread1] INFO  server.RaftServer$Division (RaftServerImpl.java:checkInconsistentAppendEntries(1402)) - omNode-2@group-523986131536: Failed appendEntries as snapshot (59) installation is in progress
2022-10-18 06:30:59,038 [omNode-2-server-thread1] INFO  server.RaftServer$Division (RaftServerImpl.java:checkInconsistentAppendEntries(1394)) - omNode-2@group-523986131536: inconsistency entries. Reply:omNode-1<-omNode-2#82:FAIL-t6,INCONSISTENCY,nextIndex=57,followerCommit=56
2022-10-18 06:30:59,038 [grpc-default-executor-1] INFO  leader.FollowerInfo (FollowerInfoImpl.java:lambda$new$0(48)) - omNode-1@group-523986131536->omNode-2: nextIndex: updateUnconditionally 57 -> 57
2022-10-18 06:30:59,039 [grpc-default-executor-2] INFO  impl.SnapshotInstallationHandler (SnapshotInstallationHandler.java:installSnapshot(84)) - omNode-2@group-523986131536: receive installSnapshot: omNode-1->omNode-2#0-t6,notify:(t:5, i:59)
2022-10-18 06:30:59,039 [grpc-default-executor-2] INFO  impl.SnapshotInstallationHandler (SnapshotInstallationHandler.java:installSnapshot(95)) - omNode-2@group-523986131536: reply installSnapshot: omNode-1<-omNode-2#0:FAIL-t6,IN_PROGRESS
2022-10-18 06:30:59,039 [grpc-default-executor-2] INFO  server.GrpcServerProtocolService (GrpcServerProtocolService.java:onCompleted(140)) - omNode-2: Completed INSTALL_SNAPSHOT, lastRequest: omNode-1->omNode-2#0-t6,notify:(t:5, i:59)
2022-10-18 06:30:59,039 [grpc-default-executor-1] INFO  server.GrpcLogAppender (GrpcLogAppender.java:onNext(403)) - omNode-1@group-523986131536->omNode-2-InstallSnapshotResponseHandler: received a reply omNode-1<-omNode-2#0:FAIL-t6,IN_PROGRESS
2022-10-18 06:30:59,039 [grpc-default-executor-1] INFO  server.GrpcLogAppender (GrpcLogAppender.java:onNext(421)) - omNode-1@group-523986131536->omNode-2-InstallSnapshotResponseHandler: InstallSnapshot in progress.
2022-10-18 06:30:59,040 [omNode-1@group-523986131536->omNode-2-GrpcLogAppender-LogAppenderDaemon] INFO  server.GrpcLogAppender (GrpcLogAppender.java:installSnapshot(541)) - omNode-1@group-523986131536->omNode-2-GrpcLogAppender: followerNextIndex = 57 but logStartIndex = 59, notify follower to install snapshot-(t:5, i:59)
2022-10-18 06:30:59,040 [omNode-1@group-523986131536->omNode-2-GrpcLogAppender-LogAppenderDaemon] INFO  server.GrpcLogAppender (GrpcLogAppender.java:installSnapshot(549)) - omNode-1@group-523986131536->omNode-2-GrpcLogAppender: send omNode-1->omNode-2#0-t6,notify:(t:5, i:59)
2022-10-18 06:30:59,041 [omNode-2-server-thread1] INFO  server.RaftServer$Division (RaftServerImpl.java:checkInconsistentAppendEntries(1402)) - omNode-2@group-523986131536: Failed appendEntries as snapshot (59) installation is in progress
2022-10-18 06:30:59,041 [omNode-2-server-thread1] INFO  server.RaftServer$Division (RaftServerImpl.java:checkInconsistentAppendEntries(1394)) - omNode-2@group-523986131536: inconsistency entries. Reply:omNode-1<-omNode-2#83:FAIL-t6,INCONSISTENCY,nextIndex=57,followerCommit=56
2022-10-18 06:30:59,041 [grpc-default-executor-2] INFO  impl.SnapshotInstallationHandler (SnapshotInstallationHandler.java:installSnapshot(84)) - omNode-2@group-523986131536: receive installSnapshot: omNode-1->omNode-2#0-t6,notify:(t:5, i:59)
2022-10-18 06:30:59,041 [grpc-default-executor-2] INFO  impl.SnapshotInstallationHandler (SnapshotInstallationHandler.java:installSnapshot(95)) - omNode-2@group-523986131536: reply installSnapshot: omNode-1<-omNode-2#0:FAIL-t6,IN_PROGRESS
2022-10-18 06:30:59,041 [grpc-default-executor-2] INFO  server.GrpcServerProtocolService (GrpcServerProtocolService.java:onCompleted(140)) - omNode-2: Completed INSTALL_SNAPSHOT, lastRequest: omNode-1->omNode-2#0-t6,notify:(t:5, i:59)
2022-10-18 06:30:59,042 [grpc-default-executor-1] INFO  leader.FollowerInfo (FollowerInfoImpl.java:lambda$new$0(48)) - omNode-1@group-523986131536->omNode-2: nextIndex: updateUnconditionally 57 -> 57
2022-10-18 06:30:59,042 [grpc-default-executor-1] INFO  server.GrpcLogAppender (GrpcLogAppender.java:onNext(403)) - omNode-1@group-523986131536->omNode-2-InstallSnapshotResponseHandler: received a reply omNode-1<-omNode-2#0:FAIL-t6,IN_PROGRESS
2022-10-18 06:30:59,042 [grpc-default-executor-1] INFO  server.GrpcLogAppender (GrpcLogAppender.java:onNext(421)) - omNode-1@group-523986131536->omNode-2-InstallSnapshotResponseHandler: InstallSnapshot in progress.
2022-10-18 06:30:59,042 [omNode-1@group-523986131536->omNode-2-GrpcLogAppender-LogAppenderDaemon] INFO  server.GrpcLogAppender (GrpcLogAppender.java:installSnapshot(541)) - omNode-1@group-523986131536->omNode-2-GrpcLogAppender: followerNextIndex = 57 but logStartIndex = 59, notify follower to install snapshot-(t:5, i:59)
2022-10-18 06:30:59,042 [omNode-1@group-523986131536->omNode-2-GrpcLogAppender-LogAppenderDaemon] INFO  server.GrpcLogAppender (GrpcLogAppender.java:installSnapshot(549)) - omNode-1@group-523986131536->omNode-2-GrpcLogAppender: send omNode-1->omNode-2#0-t6,notify:(t:5, i:59)
2022-10-18 06:30:59,043 [omNode-2-server-thread1] INFO  server.RaftServer$Division (RaftServerImpl.java:checkInconsistentAppendEntries(1402)) - omNode-2@group-523986131536: Failed appendEntries as snapshot (59) installation is in progress
2022-10-18 06:30:59,043 [omNode-2-server-thread1] INFO  server.RaftServer$Division (RaftServerImpl.java:checkInconsistentAppendEntries(1394)) - omNode-2@group-523986131536: inconsistency entries. Reply:omNode-1<-omNode-2#84:FAIL-t6,INCONSISTENCY,nextIndex=57,followerCommit=56
2022-10-18 06:30:59,043 [grpc-default-executor-2] INFO  impl.SnapshotInstallationHandler (SnapshotInstallationHandler.java:installSnapshot(84)) - omNode-2@group-523986131536: receive installSnapshot: omNode-1->omNode-2#0-t6,notify:(t:5, i:59)
2022-10-18 06:30:59,043 [grpc-default-executor-2] INFO  impl.SnapshotInstallationHandler (SnapshotInstallationHandler.java:installSnapshot(95)) - omNode-2@group-523986131536: reply installSnapshot: omNode-1<-omNode-2#0:FAIL-t6,IN_PROGRESS
2022-10-18 06:30:59,044 [grpc-default-executor-2] INFO  server.GrpcServerProtocolService (GrpcServerProtocolService.java:onCompleted(140)) - omNode-2: Completed INSTALL_SNAPSHOT, lastRequest: omNode-1->omNode-2#0-t6,notify:(t:5, i:59)
2022-10-18 06:30:59,044 [grpc-default-executor-1] INFO  leader.FollowerInfo (FollowerInfoImpl.java:lambda$new$0(48)) - omNode-1@group-523986131536->omNode-2: nextIndex: updateUnconditionally 57 -> 57
2022-10-18 06:30:59,044 [grpc-default-executor-1] INFO  server.GrpcLogAppender (GrpcLogAppender.java:onNext(403)) - omNode-1@group-523986131536->omNode-2-InstallSnapshotResponseHandler: received a reply omNode-1<-omNode-2#0:FAIL-t6,IN_PROGRESS
2022-10-18 06:30:59,044 [grpc-default-executor-1] INFO  server.GrpcLogAppender (GrpcLogAppender.java:onNext(421)) - omNode-1@group-523986131536->omNode-2-InstallSnapshotResponseHandler: InstallSnapshot in progress.
2022-10-18 06:30:59,045 [omNode-1@group-523986131536->omNode-2-GrpcLogAppender-LogAppenderDaemon] INFO  server.GrpcLogAppender (GrpcLogAppender.java:installSnapshot(541)) - omNode-1@group-523986131536->omNode-2-GrpcLogAppender: followerNextIndex = 57 but logStartIndex = 59, notify follower to install snapshot-(t:5, i:59)
2022-10-18 06:30:59,045 [omNode-1@group-523986131536->omNode-2-GrpcLogAppender-LogAppenderDaemon] INFO  server.GrpcLogAppender (GrpcLogAppender.java:installSnapshot(549)) - omNode-1@group-523986131536->omNode-2-GrpcLogAppender: send omNode-1->omNode-2#0-t6,notify:(t:5, i:59)
2022-10-18 06:30:59,046 [omNode-2-server-thread1] INFO  server.RaftServer$Division (RaftServerImpl.java:checkInconsistentAppendEntries(1402)) - omNode-2@group-523986131536: Failed appendEntries as snapshot (59) installation is in progress
2022-10-18 06:30:59,046 [omNode-2-server-thread1] INFO  server.RaftServer$Division (RaftServerImpl.java:checkInconsistentAppendEntries(1394)) - omNode-2@group-523986131536: inconsistency entries. Reply:omNode-1<-omNode-2#85:FAIL-t6,INCONSISTENCY,nextIndex=57,followerCommit=56
2022-10-18 06:30:59,046 [grpc-default-executor-2] INFO  impl.SnapshotInstallationHandler (SnapshotInstallationHandler.java:installSnapshot(84)) - omNode-2@group-523986131536: receive installSnapshot: omNode-1->omNode-2#0-t6,notify:(t:5, i:59)
2022-10-18 06:30:59,046 [grpc-default-executor-2] INFO  impl.SnapshotInstallationHandler (SnapshotInstallationHandler.java:installSnapshot(95)) - omNode-2@group-523986131536: reply installSnapshot: omNode-1<-omNode-2#0:FAIL-t6,IN_PROGRESS
2022-10-18 06:30:59,046 [grpc-default-executor-2] INFO  server.GrpcServerProtocolService (GrpcServerProtocolService.java:onCompleted(140)) - omNode-2: Completed INSTALL_SNAPSHOT, lastRequest: omNode-1->omNode-2#0-t6,notify:(t:5, i:59)
2022-10-18 06:30:59,047 [grpc-default-executor-1] INFO  leader.FollowerInfo (FollowerInfoImpl.java:lambda$new$0(48)) - omNode-1@group-523986131536->omNode-2: nextIndex: updateUnconditionally 57 -> 57
2022-10-18 06:30:59,047 [grpc-default-executor-1] INFO  server.GrpcLogAppender (GrpcLogAppender.java:onNext(403)) - omNode-1@group-523986131536->omNode-2-InstallSnapshotResponseHandler: received a reply omNode-1<-omNode-2#0:FAIL-t6,IN_PROGRESS
2022-10-18 06:30:59,047 [grpc-default-executor-1] INFO  server.GrpcLogAppender (GrpcLogAppender.java:onNext(421)) - omNode-1@group-523986131536->omNode-2-InstallSnapshotResponseHandler: InstallSnapshot in progress.
2022-10-18 06:30:59,049 [omNode-1@group-523986131536->omNode-2-GrpcLogAppender-LogAppenderDaemon] INFO  server.GrpcLogAppender (GrpcLogAppender.java:installSnapshot(541)) - omNode-1@group-523986131536->omNode-2-GrpcLogAppender: followerNextIndex = 57 but logStartIndex = 59, notify follower to install snapshot-(t:5, i:59)
2022-10-18 06:30:59,049 [omNode-1@group-523986131536->omNode-2-GrpcLogAppender-LogAppenderDaemon] INFO  server.GrpcLogAppender (GrpcLogAppender.java:installSnapshot(549)) - omNode-1@group-523986131536->omNode-2-GrpcLogAppender: send omNode-1->omNode-2#0-t6,notify:(t:5, i:59)
2022-10-18 06:30:59,050 [omNode-2-server-thread1] INFO  server.RaftServer$Division (RaftServerImpl.java:checkInconsistentAppendEntries(1402)) - omNode-2@group-523986131536: Failed appendEntries as snapshot (59) installation is in progress
2022-10-18 06:30:59,050 [omNode-2-server-thread1] INFO  server.RaftServer$Division (RaftServerImpl.java:checkInconsistentAppendEntries(1394)) - omNode-2@group-523986131536: inconsistency entries. Reply:omNode-1<-omNode-2#86:FAIL-t6,INCONSISTENCY,nextIndex=57,followerCommit=56
2022-10-18 06:30:59,050 [grpc-default-executor-1] INFO  impl.SnapshotInstallationHandler (SnapshotInstallationHandler.java:installSnapshot(84)) - omNode-2@group-523986131536: receive installSnapshot: omNode-1->omNode-2#0-t6,notify:(t:5, i:59)
2022-10-18 06:30:59,051 [grpc-default-executor-1] INFO  impl.SnapshotInstallationHandler (SnapshotInstallationHandler.java:installSnapshot(95)) - omNode-2@group-523986131536: reply installSnapshot: omNode-1<-omNode-2#0:FAIL-t6,IN_PROGRESS
2022-10-18 06:30:59,051 [grpc-default-executor-1] INFO  server.GrpcServerProtocolService (GrpcServerProtocolService.java:onCompleted(140)) - omNode-2: Completed INSTALL_SNAPSHOT, lastRequest: omNode-1->omNode-2#0-t6,notify:(t:5, i:59)
2022-10-18 06:30:59,051 [grpc-default-executor-2] INFO  leader.FollowerInfo (FollowerInfoImpl.java:lambda$new$0(48)) - omNode-1@group-523986131536->omNode-2: nextIndex: updateUnconditionally 57 -> 57
2022-10-18 06:30:59,051 [grpc-default-executor-2] INFO  server.GrpcLogAppender (GrpcLogAppender.java:onNext(403)) - omNode-1@group-523986131536->omNode-2-InstallSnapshotResponseHandler: received a reply omNode-1<-omNode-2#0:FAIL-t6,IN_PROGRESS
2022-10-18 06:30:59,051 [grpc-default-executor-2] INFO  server.GrpcLogAppender (GrpcLogAppender.java:onNext(421)) - omNode-1@group-523986131536->omNode-2-InstallSnapshotResponseHandler: InstallSnapshot in progress.
2022-10-18 06:30:59,052 [omNode-1@group-523986131536->omNode-2-GrpcLogAppender-LogAppenderDaemon] INFO  server.GrpcLogAppender (GrpcLogAppender.java:installSnapshot(541)) - omNode-1@group-523986131536->omNode-2-GrpcLogAppender: followerNextIndex = 57 but logStartIndex = 59, notify follower to install snapshot-(t:5, i:59)
2022-10-18 06:30:59,052 [omNode-1@group-523986131536->omNode-2-GrpcLogAppender-LogAppenderDaemon] INFO  server.GrpcLogAppender (GrpcLogAppender.java:installSnapshot(549)) - omNode-1@group-523986131536->omNode-2-GrpcLogAppender: send omNode-1->omNode-2#0-t6,notify:(t:5, i:59)
2022-10-18 06:30:59,052 [omNode-2-server-thread1] INFO  server.RaftServer$Division (RaftServerImpl.java:checkInconsistentAppendEntries(1402)) - omNode-2@group-523986131536: Failed appendEntries as snapshot (59) installation is in progress
2022-10-18 06:30:59,052 [omNode-2-server-thread1] INFO  server.RaftServer$Division (RaftServerImpl.java:checkInconsistentAppendEntries(1394)) - omNode-2@group-523986131536: inconsistency entries. Reply:omNode-1<-omNode-2#87:FAIL-t6,INCONSISTENCY,nextIndex=57,followerCommit=56
2022-10-18 06:30:59,053 [grpc-default-executor-1] INFO  impl.SnapshotInstallationHandler (SnapshotInstallationHandler.java:installSnapshot(84)) - omNode-2@group-523986131536: receive installSnapshot: omNode-1->omNode-2#0-t6,notify:(t:5, i:59)
2022-10-18 06:30:59,053 [grpc-default-executor-1] INFO  impl.SnapshotInstallationHandler (SnapshotInstallationHandler.java:installSnapshot(95)) - omNode-2@group-523986131536: reply installSnapshot: omNode-1<-omNode-2#0:FAIL-t6,IN_PROGRESS
2022-10-18 06:30:59,053 [grpc-default-executor-1] INFO  server.GrpcServerProtocolService (GrpcServerProtocolService.java:onCompleted(140)) - omNode-2: Completed INSTALL_SNAPSHOT, lastRequest: omNode-1->omNode-2#0-t6,notify:(t:5, i:59)
2022-10-18 06:30:59,054 [grpc-default-executor-2] INFO  leader.FollowerInfo (FollowerInfoImpl.java:lambda$new$0(48)) - omNode-1@group-523986131536->omNode-2: nextIndex: updateUnconditionally 57 -> 57
2022-10-18 06:30:59,054 [grpc-default-executor-2] INFO  server.GrpcLogAppender (GrpcLogAppender.java:onNext(403)) - omNode-1@group-523986131536->omNode-2-InstallSnapshotResponseHandler: received a reply omNode-1<-omNode-2#0:FAIL-t6,IN_PROGRESS
2022-10-18 06:30:59,054 [grpc-default-executor-2] INFO  server.GrpcLogAppender (GrpcLogAppender.java:onNext(421)) - omNode-1@group-523986131536->omNode-2-InstallSnapshotResponseHandler: InstallSnapshot in progress.
2022-10-18 06:30:59,054 [omNode-1@group-523986131536->omNode-2-GrpcLogAppender-LogAppenderDaemon] INFO  server.GrpcLogAppender (GrpcLogAppender.java:installSnapshot(541)) - omNode-1@group-523986131536->omNode-2-GrpcLogAppender: followerNextIndex = 57 but logStartIndex = 59, notify follower to install snapshot-(t:5, i:59)
2022-10-18 06:30:59,054 [omNode-1@group-523986131536->omNode-2-GrpcLogAppender-LogAppenderDaemon] INFO  server.GrpcLogAppender (GrpcLogAppender.java:installSnapshot(549)) - omNode-1@group-523986131536->omNode-2-GrpcLogAppender: send omNode-1->omNode-2#0-t6,notify:(t:5, i:59)
2022-10-18 06:30:59,055 [omNode-2-server-thread1] INFO  server.RaftServer$Division (RaftServerImpl.java:checkInconsistentAppendEntries(1402)) - omNode-2@group-523986131536: Failed appendEntries as snapshot (59) installation is in progress
2022-10-18 06:30:59,055 [omNode-2-server-thread1] INFO  server.RaftServer$Division (RaftServerImpl.java:checkInconsistentAppendEntries(1394)) - omNode-2@group-523986131536: inconsistency entries. Reply:omNode-1<-omNode-2#88:FAIL-t6,INCONSISTENCY,nextIndex=57,followerCommit=56
2022-10-18 06:30:59,055 [grpc-default-executor-1] INFO  impl.SnapshotInstallationHandler (SnapshotInstallationHandler.java:installSnapshot(84)) - omNode-2@group-523986131536: receive installSnapshot: omNode-1->omNode-2#0-t6,notify:(t:5, i:59)
2022-10-18 06:30:59,055 [grpc-default-executor-1] INFO  impl.SnapshotInstallationHandler (SnapshotInstallationHandler.java:installSnapshot(95)) - omNode-2@group-523986131536: reply installSnapshot: omNode-1<-omNode-2#0:FAIL-t6,IN_PROGRESS
2022-10-18 06:30:59,056 [grpc-default-executor-1] INFO  server.GrpcServerProtocolService (GrpcServerProtocolService.java:onCompleted(140)) - omNode-2: Completed INSTALL_SNAPSHOT, lastRequest: omNode-1->omNode-2#0-t6,notify:(t:5, i:59)
2022-10-18 06:30:59,059 [grpc-default-executor-2] INFO  leader.FollowerInfo (FollowerInfoImpl.java:lambda$new$0(48)) - omNode-1@group-523986131536->omNode-2: nextIndex: updateUnconditionally 57 -> 57
2022-10-18 06:30:59,060 [grpc-default-executor-2] INFO  server.GrpcLogAppender (GrpcLogAppender.java:onNext(403)) - omNode-1@group-523986131536->omNode-2-InstallSnapshotResponseHandler: received a reply omNode-1<-omNode-2#0:FAIL-t6,IN_PROGRESS
2022-10-18 06:30:59,060 [grpc-default-executor-2] INFO  server.GrpcLogAppender (GrpcLogAppender.java:onNext(421)) - omNode-1@group-523986131536->omNode-2-InstallSnapshotResponseHandler: InstallSnapshot in progress.
2022-10-18 06:30:59,060 [omNode-1@group-523986131536->omNode-2-GrpcLogAppender-LogAppenderDaemon] INFO  server.GrpcLogAppender (GrpcLogAppender.java:installSnapshot(541)) - omNode-1@group-523986131536->omNode-2-GrpcLogAppender: followerNextIndex = 57 but logStartIndex = 59, notify follower to install snapshot-(t:5, i:59)
2022-10-18 06:30:59,060 [omNode-1@group-523986131536->omNode-2-GrpcLogAppender-LogAppenderDaemon] INFO  server.GrpcLogAppender (GrpcLogAppender.java:installSnapshot(549)) - omNode-1@group-523986131536->omNode-2-GrpcLogAppender: send omNode-1->omNode-2#0-t6,notify:(t:5, i:59)
2022-10-18 06:30:59,061 [omNode-2-server-thread1] INFO  server.RaftServer$Division (RaftServerImpl.java:checkInconsistentAppendEntries(1402)) - omNode-2@group-523986131536: Failed appendEntries as snapshot (59) installation is in progress
2022-10-18 06:30:59,061 [omNode-2-server-thread1] INFO  server.RaftServer$Division (RaftServerImpl.java:checkInconsistentAppendEntries(1394)) - omNode-2@group-523986131536: inconsistency entries. Reply:omNode-1<-omNode-2#89:FAIL-t6,INCONSISTENCY,nextIndex=57,followerCommit=56
2022-10-18 06:30:59,061 [grpc-default-executor-1] INFO  impl.SnapshotInstallationHandler (SnapshotInstallationHandler.java:installSnapshot(84)) - omNode-2@group-523986131536: receive installSnapshot: omNode-1->omNode-2#0-t6,notify:(t:5, i:59)
2022-10-18 06:30:59,061 [grpc-default-executor-1] INFO  impl.SnapshotInstallationHandler (SnapshotInstallationHandler.java:installSnapshot(95)) - omNode-2@group-523986131536: reply installSnapshot: omNode-1<-omNode-2#0:FAIL-t6,IN_PROGRESS
2022-10-18 06:30:59,061 [grpc-default-executor-1] INFO  server.GrpcServerProtocolService (GrpcServerProtocolService.java:onCompleted(140)) - omNode-2: Completed INSTALL_SNAPSHOT, lastRequest: omNode-1->omNode-2#0-t6,notify:(t:5, i:59)
2022-10-18 06:30:59,062 [grpc-default-executor-2] INFO  leader.FollowerInfo (FollowerInfoImpl.java:lambda$new$0(48)) - omNode-1@group-523986131536->omNode-2: nextIndex: updateUnconditionally 57 -> 57
2022-10-18 06:30:59,062 [grpc-default-executor-2] INFO  server.GrpcLogAppender (GrpcLogAppender.java:onNext(403)) - omNode-1@group-523986131536->omNode-2-InstallSnapshotResponseHandler: received a reply omNode-1<-omNode-2#0:FAIL-t6,IN_PROGRESS
2022-10-18 06:30:59,062 [grpc-default-executor-2] INFO  server.GrpcLogAppender (GrpcLogAppender.java:onNext(421)) - omNode-1@group-523986131536->omNode-2-InstallSnapshotResponseHandler: InstallSnapshot in progress.
2022-10-18 06:30:59,062 [omNode-1@group-523986131536->omNode-2-GrpcLogAppender-LogAppenderDaemon] INFO  server.GrpcLogAppender (GrpcLogAppender.java:installSnapshot(541)) - omNode-1@group-523986131536->omNode-2-GrpcLogAppender: followerNextIndex = 57 but logStartIndex = 59, notify follower to install snapshot-(t:5, i:59)
2022-10-18 06:30:59,062 [omNode-1@group-523986131536->omNode-2-GrpcLogAppender-LogAppenderDaemon] INFO  server.GrpcLogAppender (GrpcLogAppender.java:installSnapshot(549)) - omNode-1@group-523986131536->omNode-2-GrpcLogAppender: send omNode-1->omNode-2#0-t6,notify:(t:5, i:59)
2022-10-18 06:30:59,063 [omNode-2-server-thread1] INFO  server.RaftServer$Division (RaftServerImpl.java:checkInconsistentAppendEntries(1402)) - omNode-2@group-523986131536: Failed appendEntries as snapshot (59) installation is in progress
2022-10-18 06:30:59,063 [omNode-2-server-thread1] INFO  server.RaftServer$Division (RaftServerImpl.java:checkInconsistentAppendEntries(1394)) - omNode-2@group-523986131536: inconsistency entries. Reply:omNode-1<-omNode-2#90:FAIL-t6,INCONSISTENCY,nextIndex=57,followerCommit=56
2022-10-18 06:30:59,063 [grpc-default-executor-1] INFO  impl.SnapshotInstallationHandler (SnapshotInstallationHandler.java:installSnapshot(84)) - omNode-2@group-523986131536: receive installSnapshot: omNode-1->omNode-2#0-t6,notify:(t:5, i:59)
2022-10-18 06:30:59,064 [grpc-default-executor-1] INFO  impl.SnapshotInstallationHandler (SnapshotInstallationHandler.java:installSnapshot(95)) - omNode-2@group-523986131536: reply installSnapshot: omNode-1<-omNode-2#0:FAIL-t6,IN_PROGRESS
2022-10-18 06:30:59,064 [grpc-default-executor-1] INFO  server.GrpcServerProtocolService (GrpcServerProtocolService.java:onCompleted(140)) - omNode-2: Completed INSTALL_SNAPSHOT, lastRequest: omNode-1->omNode-2#0-t6,notify:(t:5, i:59)
2022-10-18 06:30:59,064 [grpc-default-executor-2] INFO  leader.FollowerInfo (FollowerInfoImpl.java:lambda$new$0(48)) - omNode-1@group-523986131536->omNode-2: nextIndex: updateUnconditionally 57 -> 57
2022-10-18 06:30:59,064 [grpc-default-executor-2] INFO  server.GrpcLogAppender (GrpcLogAppender.java:onNext(403)) - omNode-1@group-523986131536->omNode-2-InstallSnapshotResponseHandler: received a reply omNode-1<-omNode-2#0:FAIL-t6,IN_PROGRESS
2022-10-18 06:30:59,064 [grpc-default-executor-2] INFO  server.GrpcLogAppender (GrpcLogAppender.java:onNext(421)) - omNode-1@group-523986131536->omNode-2-InstallSnapshotResponseHandler: InstallSnapshot in progress.
2022-10-18 06:30:59,066 [omNode-1@group-523986131536->omNode-2-GrpcLogAppender-LogAppenderDaemon] INFO  server.GrpcLogAppender (GrpcLogAppender.java:installSnapshot(541)) - omNode-1@group-523986131536->omNode-2-GrpcLogAppender: followerNextIndex = 57 but logStartIndex = 59, notify follower to install snapshot-(t:5, i:59)
2022-10-18 06:30:59,066 [omNode-1@group-523986131536->omNode-2-GrpcLogAppender-LogAppenderDaemon] INFO  server.GrpcLogAppender (GrpcLogAppender.java:installSnapshot(549)) - omNode-1@group-523986131536->omNode-2-GrpcLogAppender: send omNode-1->omNode-2#0-t6,notify:(t:5, i:59)
2022-10-18 06:30:59,067 [omNode-2-server-thread1] INFO  server.RaftServer$Division (RaftServerImpl.java:checkInconsistentAppendEntries(1402)) - omNode-2@group-523986131536: Failed appendEntries as snapshot (59) installation is in progress
2022-10-18 06:30:59,067 [omNode-2-server-thread1] INFO  server.RaftServer$Division (RaftServerImpl.java:checkInconsistentAppendEntries(1394)) - omNode-2@group-523986131536: inconsistency entries. Reply:omNode-1<-omNode-2#91:FAIL-t6,INCONSISTENCY,nextIndex=57,followerCommit=56
2022-10-18 06:30:59,067 [grpc-default-executor-1] INFO  impl.SnapshotInstallationHandler (SnapshotInstallationHandler.java:installSnapshot(84)) - omNode-2@group-523986131536: receive installSnapshot: omNode-1->omNode-2#0-t6,notify:(t:5, i:59)
2022-10-18 06:30:59,068 [grpc-default-executor-1] INFO  impl.SnapshotInstallationHandler (SnapshotInstallationHandler.java:installSnapshot(95)) - omNode-2@group-523986131536: reply installSnapshot: omNode-1<-omNode-2#0:FAIL-t6,IN_PROGRESS
2022-10-18 06:30:59,068 [grpc-default-executor-1] INFO  server.GrpcServerProtocolService (GrpcServerProtocolService.java:onCompleted(140)) - omNode-2: Completed INSTALL_SNAPSHOT, lastRequest: omNode-1->omNode-2#0-t6,notify:(t:5, i:59)
2022-10-18 06:30:59,070 [grpc-default-executor-2] INFO  leader.FollowerInfo (FollowerInfoImpl.java:lambda$new$0(48)) - omNode-1@group-523986131536->omNode-2: nextIndex: updateUnconditionally 57 -> 57
2022-10-18 06:30:59,070 [grpc-default-executor-2] INFO  server.GrpcLogAppender (GrpcLogAppender.java:onNext(403)) - omNode-1@group-523986131536->omNode-2-InstallSnapshotResponseHandler: received a reply omNode-1<-omNode-2#0:FAIL-t6,IN_PROGRESS
2022-10-18 06:30:59,070 [grpc-default-executor-2] INFO  server.GrpcLogAppender (GrpcLogAppender.java:onNext(421)) - omNode-1@group-523986131536->omNode-2-InstallSnapshotResponseHandler: InstallSnapshot in progress.
2022-10-18 06:30:59,070 [omNode-1@group-523986131536->omNode-2-GrpcLogAppender-LogAppenderDaemon] INFO  server.GrpcLogAppender (GrpcLogAppender.java:installSnapshot(541)) - omNode-1@group-523986131536->omNode-2-GrpcLogAppender: followerNextIndex = 57 but logStartIndex = 59, notify follower to install snapshot-(t:5, i:59)
2022-10-18 06:30:59,070 [omNode-1@group-523986131536->omNode-2-GrpcLogAppender-LogAppenderDaemon] INFO  server.GrpcLogAppender (GrpcLogAppender.java:installSnapshot(549)) - omNode-1@group-523986131536->omNode-2-GrpcLogAppender: send omNode-1->omNode-2#0-t6,notify:(t:5, i:59)
2022-10-18 06:30:59,071 [omNode-2-server-thread1] INFO  server.RaftServer$Division (RaftServerImpl.java:checkInconsistentAppendEntries(1402)) - omNode-2@group-523986131536: Failed appendEntries as snapshot (59) installation is in progress
2022-10-18 06:30:59,071 [omNode-2-server-thread1] INFO  server.RaftServer$Division (RaftServerImpl.java:checkInconsistentAppendEntries(1394)) - omNode-2@group-523986131536: inconsistency entries. Reply:omNode-1<-omNode-2#92:FAIL-t6,INCONSISTENCY,nextIndex=57,followerCommit=56
2022-10-18 06:30:59,071 [grpc-default-executor-1] INFO  impl.SnapshotInstallationHandler (SnapshotInstallationHandler.java:installSnapshot(84)) - omNode-2@group-523986131536: receive installSnapshot: omNode-1->omNode-2#0-t6,notify:(t:5, i:59)
2022-10-18 06:30:59,072 [grpc-default-executor-1] INFO  impl.SnapshotInstallationHandler (SnapshotInstallationHandler.java:installSnapshot(95)) - omNode-2@group-523986131536: reply installSnapshot: omNode-1<-omNode-2#0:FAIL-t6,IN_PROGRESS
2022-10-18 06:30:59,072 [grpc-default-executor-1] INFO  server.GrpcServerProtocolService (GrpcServerProtocolService.java:onCompleted(140)) - omNode-2: Completed INSTALL_SNAPSHOT, lastRequest: omNode-1->omNode-2#0-t6,notify:(t:5, i:59)
2022-10-18 06:30:59,072 [grpc-default-executor-2] INFO  leader.FollowerInfo (FollowerInfoImpl.java:lambda$new$0(48)) - omNode-1@group-523986131536->omNode-2: nextIndex: updateUnconditionally 57 -> 57
2022-10-18 06:30:59,072 [grpc-default-executor-2] INFO  server.GrpcLogAppender (GrpcLogAppender.java:onNext(403)) - omNode-1@group-523986131536->omNode-2-InstallSnapshotResponseHandler: received a reply omNode-1<-omNode-2#0:FAIL-t6,IN_PROGRESS
2022-10-18 06:30:59,073 [grpc-default-executor-2] INFO  server.GrpcLogAppender (GrpcLogAppender.java:onNext(421)) - omNode-1@group-523986131536->omNode-2-InstallSnapshotResponseHandler: InstallSnapshot in progress.
2022-10-18 06:30:59,073 [omNode-1@group-523986131536->omNode-2-GrpcLogAppender-LogAppenderDaemon] INFO  server.GrpcLogAppender (GrpcLogAppender.java:installSnapshot(541)) - omNode-1@group-523986131536->omNode-2-GrpcLogAppender: followerNextIndex = 57 but logStartIndex = 59, notify follower to install snapshot-(t:5, i:59)
2022-10-18 06:30:59,073 [omNode-1@group-523986131536->omNode-2-GrpcLogAppender-LogAppenderDaemon] INFO  server.GrpcLogAppender (GrpcLogAppender.java:installSnapshot(549)) - omNode-1@group-523986131536->omNode-2-GrpcLogAppender: send omNode-1->omNode-2#0-t6,notify:(t:5, i:59)
2022-10-18 06:30:59,074 [omNode-2-server-thread1] INFO  server.RaftServer$Division (RaftServerImpl.java:checkInconsistentAppendEntries(1402)) - omNode-2@group-523986131536: Failed appendEntries as snapshot (59) installation is in progress
2022-10-18 06:30:59,074 [omNode-2-server-thread1] INFO  server.RaftServer$Division (RaftServerImpl.java:checkInconsistentAppendEntries(1394)) - omNode-2@group-523986131536: inconsistency entries. Reply:omNode-1<-omNode-2#93:FAIL-t6,INCONSISTENCY,nextIndex=57,followerCommit=56
2022-10-18 06:30:59,074 [grpc-default-executor-1] INFO  impl.SnapshotInstallationHandler (SnapshotInstallationHandler.java:installSnapshot(84)) - omNode-2@group-523986131536: receive installSnapshot: omNode-1->omNode-2#0-t6,notify:(t:5, i:59)
2022-10-18 06:30:59,074 [grpc-default-executor-1] INFO  impl.SnapshotInstallationHandler (SnapshotInstallationHandler.java:installSnapshot(95)) - omNode-2@group-523986131536: reply installSnapshot: omNode-1<-omNode-2#0:FAIL-t6,IN_PROGRESS
2022-10-18 06:30:59,074 [grpc-default-executor-1] INFO  server.GrpcServerProtocolService (GrpcServerProtocolService.java:onCompleted(140)) - omNode-2: Completed INSTALL_SNAPSHOT, lastRequest: omNode-1->omNode-2#0-t6,notify:(t:5, i:59)
2022-10-18 06:30:59,075 [grpc-default-executor-2] INFO  leader.FollowerInfo (FollowerInfoImpl.java:lambda$new$0(48)) - omNode-1@group-523986131536->omNode-2: nextIndex: updateUnconditionally 57 -> 57
2022-10-18 06:30:59,075 [grpc-default-executor-2] INFO  server.GrpcLogAppender (GrpcLogAppender.java:onNext(403)) - omNode-1@group-523986131536->omNode-2-InstallSnapshotResponseHandler: received a reply omNode-1<-omNode-2#0:FAIL-t6,IN_PROGRESS
2022-10-18 06:30:59,075 [grpc-default-executor-2] INFO  server.GrpcLogAppender (GrpcLogAppender.java:onNext(421)) - omNode-1@group-523986131536->omNode-2-InstallSnapshotResponseHandler: InstallSnapshot in progress.
2022-10-18 06:30:59,075 [omNode-1@group-523986131536->omNode-2-GrpcLogAppender-LogAppenderDaemon] INFO  server.GrpcLogAppender (GrpcLogAppender.java:installSnapshot(541)) - omNode-1@group-523986131536->omNode-2-GrpcLogAppender: followerNextIndex = 57 but logStartIndex = 59, notify follower to install snapshot-(t:5, i:59)
2022-10-18 06:30:59,075 [omNode-1@group-523986131536->omNode-2-GrpcLogAppender-LogAppenderDaemon] INFO  server.GrpcLogAppender (GrpcLogAppender.java:installSnapshot(549)) - omNode-1@group-523986131536->omNode-2-GrpcLogAppender: send omNode-1->omNode-2#0-t6,notify:(t:5, i:59)
2022-10-18 06:30:59,076 [omNode-2-server-thread1] INFO  server.RaftServer$Division (RaftServerImpl.java:checkInconsistentAppendEntries(1402)) - omNode-2@group-523986131536: Failed appendEntries as snapshot (59) installation is in progress
2022-10-18 06:30:59,076 [omNode-2-server-thread1] INFO  server.RaftServer$Division (RaftServerImpl.java:checkInconsistentAppendEntries(1394)) - omNode-2@group-523986131536: inconsistency entries. Reply:omNode-1<-omNode-2#94:FAIL-t6,INCONSISTENCY,nextIndex=57,followerCommit=56
2022-10-18 06:30:59,080 [grpc-default-executor-1] INFO  impl.SnapshotInstallationHandler (SnapshotInstallationHandler.java:installSnapshot(84)) - omNode-2@group-523986131536: receive installSnapshot: omNode-1->omNode-2#0-t6,notify:(t:5, i:59)
2022-10-18 06:30:59,080 [grpc-default-executor-1] INFO  impl.SnapshotInstallationHandler (SnapshotInstallationHandler.java:installSnapshot(95)) - omNode-2@group-523986131536: reply installSnapshot: omNode-1<-omNode-2#0:FAIL-t6,IN_PROGRESS
2022-10-18 06:30:59,080 [grpc-default-executor-1] INFO  server.GrpcServerProtocolService (GrpcServerProtocolService.java:onCompleted(140)) - omNode-2: Completed INSTALL_SNAPSHOT, lastRequest: omNode-1->omNode-2#0-t6,notify:(t:5, i:59)
2022-10-18 06:30:59,081 [grpc-default-executor-1] INFO  leader.FollowerInfo (FollowerInfoImpl.java:lambda$new$0(48)) - omNode-1@group-523986131536->omNode-2: nextIndex: updateUnconditionally 57 -> 57
2022-10-18 06:30:59,081 [grpc-default-executor-1] INFO  server.GrpcLogAppender (GrpcLogAppender.java:onNext(403)) - omNode-1@group-523986131536->omNode-2-InstallSnapshotResponseHandler: received a reply omNode-1<-omNode-2#0:FAIL-t6,IN_PROGRESS
2022-10-18 06:30:59,081 [grpc-default-executor-1] INFO  server.GrpcLogAppender (GrpcLogAppender.java:onNext(421)) - omNode-1@group-523986131536->omNode-2-InstallSnapshotResponseHandler: InstallSnapshot in progress.
2022-10-18 06:30:59,081 [omNode-1@group-523986131536->omNode-2-GrpcLogAppender-LogAppenderDaemon] INFO  server.GrpcLogAppender (GrpcLogAppender.java:installSnapshot(541)) - omNode-1@group-523986131536->omNode-2-GrpcLogAppender: followerNextIndex = 57 but logStartIndex = 59, notify follower to install snapshot-(t:5, i:59)
2022-10-18 06:30:59,081 [omNode-1@group-523986131536->omNode-2-GrpcLogAppender-LogAppenderDaemon] INFO  server.GrpcLogAppender (GrpcLogAppender.java:installSnapshot(549)) - omNode-1@group-523986131536->omNode-2-GrpcLogAppender: send omNode-1->omNode-2#0-t6,notify:(t:5, i:59)
2022-10-18 06:30:59,082 [omNode-2-server-thread1] INFO  server.RaftServer$Division (RaftServerImpl.java:checkInconsistentAppendEntries(1402)) - omNode-2@group-523986131536: Failed appendEntries as snapshot (59) installation is in progress
2022-10-18 06:30:59,082 [omNode-2-server-thread1] INFO  server.RaftServer$Division (RaftServerImpl.java:checkInconsistentAppendEntries(1394)) - omNode-2@group-523986131536: inconsistency entries. Reply:omNode-1<-omNode-2#95:FAIL-t6,INCONSISTENCY,nextIndex=57,followerCommit=56
2022-10-18 06:30:59,082 [grpc-default-executor-2] INFO  impl.SnapshotInstallationHandler (SnapshotInstallationHandler.java:installSnapshot(84)) - omNode-2@group-523986131536: receive installSnapshot: omNode-1->omNode-2#0-t6,notify:(t:5, i:59)
2022-10-18 06:30:59,082 [grpc-default-executor-2] INFO  impl.SnapshotInstallationHandler (SnapshotInstallationHandler.java:installSnapshot(95)) - omNode-2@group-523986131536: reply installSnapshot: omNode-1<-omNode-2#0:FAIL-t6,IN_PROGRESS
2022-10-18 06:30:59,082 [grpc-default-executor-2] INFO  server.GrpcServerProtocolService (GrpcServerProtocolService.java:onCompleted(140)) - omNode-2: Completed INSTALL_SNAPSHOT, lastRequest: omNode-1->omNode-2#0-t6,notify:(t:5, i:59)
2022-10-18 06:30:59,083 [grpc-default-executor-1] INFO  leader.FollowerInfo (FollowerInfoImpl.java:lambda$new$0(48)) - omNode-1@group-523986131536->omNode-2: nextIndex: updateUnconditionally 57 -> 57
2022-10-18 06:30:59,083 [grpc-default-executor-1] INFO  server.GrpcLogAppender (GrpcLogAppender.java:onNext(403)) - omNode-1@group-523986131536->omNode-2-InstallSnapshotResponseHandler: received a reply omNode-1<-omNode-2#0:FAIL-t6,IN_PROGRESS
2022-10-18 06:30:59,083 [grpc-default-executor-1] INFO  server.GrpcLogAppender (GrpcLogAppender.java:onNext(421)) - omNode-1@group-523986131536->omNode-2-InstallSnapshotResponseHandler: InstallSnapshot in progress.
2022-10-18 06:30:59,083 [omNode-1@group-523986131536->omNode-2-GrpcLogAppender-LogAppenderDaemon] INFO  server.GrpcLogAppender (GrpcLogAppender.java:installSnapshot(541)) - omNode-1@group-523986131536->omNode-2-GrpcLogAppender: followerNextIndex = 57 but logStartIndex = 59, notify follower to install snapshot-(t:5, i:59)
2022-10-18 06:30:59,084 [omNode-1@group-523986131536->omNode-2-GrpcLogAppender-LogAppenderDaemon] INFO  server.GrpcLogAppender (GrpcLogAppender.java:installSnapshot(549)) - omNode-1@group-523986131536->omNode-2-GrpcLogAppender: send omNode-1->omNode-2#0-t6,notify:(t:5, i:59)
2022-10-18 06:30:59,090 [omNode-2-server-thread1] INFO  server.RaftServer$Division (RaftServerImpl.java:checkInconsistentAppendEntries(1402)) - omNode-2@group-523986131536: Failed appendEntries as snapshot (59) installation is in progress
2022-10-18 06:30:59,090 [omNode-2-server-thread1] INFO  server.RaftServer$Division (RaftServerImpl.java:checkInconsistentAppendEntries(1394)) - omNode-2@group-523986131536: inconsistency entries. Reply:omNode-1<-omNode-2#96:FAIL-t6,INCONSISTENCY,nextIndex=57,followerCommit=56
2022-10-18 06:30:59,091 [grpc-default-executor-2] INFO  impl.SnapshotInstallationHandler (SnapshotInstallationHandler.java:installSnapshot(84)) - omNode-2@group-523986131536: receive installSnapshot: omNode-1->omNode-2#0-t6,notify:(t:5, i:59)
2022-10-18 06:30:59,091 [grpc-default-executor-2] INFO  impl.SnapshotInstallationHandler (SnapshotInstallationHandler.java:installSnapshot(95)) - omNode-2@group-523986131536: reply installSnapshot: omNode-1<-omNode-2#0:FAIL-t6,IN_PROGRESS
2022-10-18 06:30:59,091 [grpc-default-executor-2] INFO  server.GrpcServerProtocolService (GrpcServerProtocolService.java:onCompleted(140)) - omNode-2: Completed INSTALL_SNAPSHOT, lastRequest: omNode-1->omNode-2#0-t6,notify:(t:5, i:59)
2022-10-18 06:30:59,091 [grpc-default-executor-2] INFO  leader.FollowerInfo (FollowerInfoImpl.java:lambda$new$0(48)) - omNode-1@group-523986131536->omNode-2: nextIndex: updateUnconditionally 57 -> 57
2022-10-18 06:30:59,091 [grpc-default-executor-2] INFO  server.GrpcLogAppender (GrpcLogAppender.java:onNext(403)) - omNode-1@group-523986131536->omNode-2-InstallSnapshotResponseHandler: received a reply omNode-1<-omNode-2#0:FAIL-t6,IN_PROGRESS
2022-10-18 06:30:59,091 [grpc-default-executor-2] INFO  server.GrpcLogAppender (GrpcLogAppender.java:onNext(421)) - omNode-1@group-523986131536->omNode-2-InstallSnapshotResponseHandler: InstallSnapshot in progress.
2022-10-18 06:30:59,092 [omNode-1@group-523986131536->omNode-2-GrpcLogAppender-LogAppenderDaemon] INFO  server.GrpcLogAppender (GrpcLogAppender.java:installSnapshot(541)) - omNode-1@group-523986131536->omNode-2-GrpcLogAppender: followerNextIndex = 57 but logStartIndex = 59, notify follower to install snapshot-(t:5, i:59)
2022-10-18 06:30:59,092 [omNode-1@group-523986131536->omNode-2-GrpcLogAppender-LogAppenderDaemon] INFO  server.GrpcLogAppender (GrpcLogAppender.java:installSnapshot(549)) - omNode-1@group-523986131536->omNode-2-GrpcLogAppender: send omNode-1->omNode-2#0-t6,notify:(t:5, i:59)
2022-10-18 06:30:59,093 [omNode-2-server-thread1] INFO  server.RaftServer$Division (RaftServerImpl.java:checkInconsistentAppendEntries(1402)) - omNode-2@group-523986131536: Failed appendEntries as snapshot (59) installation is in progress
2022-10-18 06:30:59,093 [omNode-2-server-thread1] INFO  server.RaftServer$Division (RaftServerImpl.java:checkInconsistentAppendEntries(1394)) - omNode-2@group-523986131536: inconsistency entries. Reply:omNode-1<-omNode-2#97:FAIL-t6,INCONSISTENCY,nextIndex=57,followerCommit=56
2022-10-18 06:30:59,094 [grpc-default-executor-1] INFO  leader.FollowerInfo (FollowerInfoImpl.java:lambda$new$0(48)) - omNode-1@group-523986131536->omNode-2: nextIndex: updateUnconditionally 57 -> 57
2022-10-18 06:30:59,094 [grpc-default-executor-2] INFO  impl.SnapshotInstallationHandler (SnapshotInstallationHandler.java:installSnapshot(84)) - omNode-2@group-523986131536: receive installSnapshot: omNode-1->omNode-2#0-t6,notify:(t:5, i:59)
2022-10-18 06:30:59,094 [grpc-default-executor-2] INFO  impl.SnapshotInstallationHandler (SnapshotInstallationHandler.java:installSnapshot(95)) - omNode-2@group-523986131536: reply installSnapshot: omNode-1<-omNode-2#0:FAIL-t6,IN_PROGRESS
2022-10-18 06:30:59,095 [grpc-default-executor-2] INFO  server.GrpcServerProtocolService (GrpcServerProtocolService.java:onCompleted(140)) - omNode-2: Completed INSTALL_SNAPSHOT, lastRequest: omNode-1->omNode-2#0-t6,notify:(t:5, i:59)
2022-10-18 06:30:59,095 [grpc-default-executor-2] INFO  server.GrpcLogAppender (GrpcLogAppender.java:onNext(403)) - omNode-1@group-523986131536->omNode-2-InstallSnapshotResponseHandler: received a reply omNode-1<-omNode-2#0:FAIL-t6,IN_PROGRESS
2022-10-18 06:30:59,095 [grpc-default-executor-2] INFO  server.GrpcLogAppender (GrpcLogAppender.java:onNext(421)) - omNode-1@group-523986131536->omNode-2-InstallSnapshotResponseHandler: InstallSnapshot in progress.
2022-10-18 06:30:59,095 [omNode-1@group-523986131536->omNode-2-GrpcLogAppender-LogAppenderDaemon] INFO  server.GrpcLogAppender (GrpcLogAppender.java:installSnapshot(541)) - omNode-1@group-523986131536->omNode-2-GrpcLogAppender: followerNextIndex = 57 but logStartIndex = 59, notify follower to install snapshot-(t:5, i:59)
2022-10-18 06:30:59,095 [omNode-1@group-523986131536->omNode-2-GrpcLogAppender-LogAppenderDaemon] INFO  server.GrpcLogAppender (GrpcLogAppender.java:installSnapshot(549)) - omNode-1@group-523986131536->omNode-2-GrpcLogAppender: send omNode-1->omNode-2#0-t6,notify:(t:5, i:59)
2022-10-18 06:30:59,096 [omNode-2-server-thread1] INFO  server.RaftServer$Division (RaftServerImpl.java:checkInconsistentAppendEntries(1402)) - omNode-2@group-523986131536: Failed appendEntries as snapshot (59) installation is in progress
2022-10-18 06:30:59,096 [omNode-2-server-thread1] INFO  server.RaftServer$Division (RaftServerImpl.java:checkInconsistentAppendEntries(1394)) - omNode-2@group-523986131536: inconsistency entries. Reply:omNode-1<-omNode-2#98:FAIL-t6,INCONSISTENCY,nextIndex=57,followerCommit=56
2022-10-18 06:30:59,096 [grpc-default-executor-2] INFO  impl.SnapshotInstallationHandler (SnapshotInstallationHandler.java:installSnapshot(84)) - omNode-2@group-523986131536: receive installSnapshot: omNode-1->omNode-2#0-t6,notify:(t:5, i:59)
2022-10-18 06:30:59,096 [grpc-default-executor-1] INFO  leader.FollowerInfo (FollowerInfoImpl.java:lambda$new$0(48)) - omNode-1@group-523986131536->omNode-2: nextIndex: updateUnconditionally 57 -> 57
2022-10-18 06:30:59,096 [grpc-default-executor-2] INFO  impl.SnapshotInstallationHandler (SnapshotInstallationHandler.java:installSnapshot(95)) - omNode-2@group-523986131536: reply installSnapshot: omNode-1<-omNode-2#0:FAIL-t6,IN_PROGRESS
2022-10-18 06:30:59,096 [grpc-default-executor-2] INFO  server.GrpcServerProtocolService (GrpcServerProtocolService.java:onCompleted(140)) - omNode-2: Completed INSTALL_SNAPSHOT, lastRequest: omNode-1->omNode-2#0-t6,notify:(t:5, i:59)
2022-10-18 06:30:59,096 [grpc-default-executor-2] INFO  server.GrpcLogAppender (GrpcLogAppender.java:onNext(403)) - omNode-1@group-523986131536->omNode-2-InstallSnapshotResponseHandler: received a reply omNode-1<-omNode-2#0:FAIL-t6,IN_PROGRESS
2022-10-18 06:30:59,097 [grpc-default-executor-2] INFO  server.GrpcLogAppender (GrpcLogAppender.java:onNext(421)) - omNode-1@group-523986131536->omNode-2-InstallSnapshotResponseHandler: InstallSnapshot in progress.
2022-10-18 06:30:59,097 [omNode-1@group-523986131536->omNode-2-GrpcLogAppender-LogAppenderDaemon] INFO  server.GrpcLogAppender (GrpcLogAppender.java:installSnapshot(541)) - omNode-1@group-523986131536->omNode-2-GrpcLogAppender: followerNextIndex = 57 but logStartIndex = 59, notify follower to install snapshot-(t:5, i:59)
2022-10-18 06:30:59,097 [omNode-1@group-523986131536->omNode-2-GrpcLogAppender-LogAppenderDaemon] INFO  server.GrpcLogAppender (GrpcLogAppender.java:installSnapshot(549)) - omNode-1@group-523986131536->omNode-2-GrpcLogAppender: send omNode-1->omNode-2#0-t6,notify:(t:5, i:59)
2022-10-18 06:30:59,097 [omNode-2-server-thread1] INFO  server.RaftServer$Division (RaftServerImpl.java:checkInconsistentAppendEntries(1402)) - omNode-2@group-523986131536: Failed appendEntries as snapshot (59) installation is in progress
2022-10-18 06:30:59,097 [omNode-2-server-thread1] INFO  server.RaftServer$Division (RaftServerImpl.java:checkInconsistentAppendEntries(1394)) - omNode-2@group-523986131536: inconsistency entries. Reply:omNode-1<-omNode-2#99:FAIL-t6,INCONSISTENCY,nextIndex=57,followerCommit=56
2022-10-18 06:30:59,098 [grpc-default-executor-2] INFO  leader.FollowerInfo (FollowerInfoImpl.java:lambda$new$0(48)) - omNode-1@group-523986131536->omNode-2: nextIndex: updateUnconditionally 57 -> 57
2022-10-18 06:30:59,098 [grpc-default-executor-1] INFO  impl.SnapshotInstallationHandler (SnapshotInstallationHandler.java:installSnapshot(84)) - omNode-2@group-523986131536: receive installSnapshot: omNode-1->omNode-2#0-t6,notify:(t:5, i:59)
2022-10-18 06:30:59,098 [grpc-default-executor-1] INFO  impl.SnapshotInstallationHandler (SnapshotInstallationHandler.java:installSnapshot(95)) - omNode-2@group-523986131536: reply installSnapshot: omNode-1<-omNode-2#0:FAIL-t6,IN_PROGRESS
2022-10-18 06:30:59,098 [grpc-default-executor-1] INFO  server.GrpcServerProtocolService (GrpcServerProtocolService.java:onCompleted(140)) - omNode-2: Completed INSTALL_SNAPSHOT, lastRequest: omNode-1->omNode-2#0-t6,notify:(t:5, i:59)
2022-10-18 06:30:59,099 [grpc-default-executor-2] INFO  server.GrpcLogAppender (GrpcLogAppender.java:onNext(403)) - omNode-1@group-523986131536->omNode-2-InstallSnapshotResponseHandler: received a reply omNode-1<-omNode-2#0:FAIL-t6,IN_PROGRESS
2022-10-18 06:30:59,099 [grpc-default-executor-2] INFO  server.GrpcLogAppender (GrpcLogAppender.java:onNext(421)) - omNode-1@group-523986131536->omNode-2-InstallSnapshotResponseHandler: InstallSnapshot in progress.
2022-10-18 06:30:59,099 [omNode-1@group-523986131536->omNode-2-GrpcLogAppender-LogAppenderDaemon] INFO  server.GrpcLogAppender (GrpcLogAppender.java:installSnapshot(541)) - omNode-1@group-523986131536->omNode-2-GrpcLogAppender: followerNextIndex = 57 but logStartIndex = 59, notify follower to install snapshot-(t:5, i:59)
2022-10-18 06:30:59,099 [omNode-1@group-523986131536->omNode-2-GrpcLogAppender-LogAppenderDaemon] INFO  server.GrpcLogAppender (GrpcLogAppender.java:installSnapshot(549)) - omNode-1@group-523986131536->omNode-2-GrpcLogAppender: send omNode-1->omNode-2#0-t6,notify:(t:5, i:59)
2022-10-18 06:30:59,099 [omNode-2-server-thread1] INFO  server.RaftServer$Division (RaftServerImpl.java:checkInconsistentAppendEntries(1402)) - omNode-2@group-523986131536: Failed appendEntries as snapshot (59) installation is in progress
2022-10-18 06:30:59,099 [omNode-2-server-thread1] INFO  server.RaftServer$Division (RaftServerImpl.java:checkInconsistentAppendEntries(1394)) - omNode-2@group-523986131536: inconsistency entries. Reply:omNode-1<-omNode-2#100:FAIL-t6,INCONSISTENCY,nextIndex=57,followerCommit=56
2022-10-18 06:30:59,100 [grpc-default-executor-1] INFO  impl.SnapshotInstallationHandler (SnapshotInstallationHandler.java:installSnapshot(84)) - omNode-2@group-523986131536: receive installSnapshot: omNode-1->omNode-2#0-t6,notify:(t:5, i:59)
2022-10-18 06:30:59,100 [grpc-default-executor-1] INFO  impl.SnapshotInstallationHandler (SnapshotInstallationHandler.java:installSnapshot(95)) - omNode-2@group-523986131536: reply installSnapshot: omNode-1<-omNode-2#0:FAIL-t6,IN_PROGRESS
2022-10-18 06:30:59,100 [grpc-default-executor-1] INFO  server.GrpcServerProtocolService (GrpcServerProtocolService.java:onCompleted(140)) - omNode-2: Completed INSTALL_SNAPSHOT, lastRequest: omNode-1->omNode-2#0-t6,notify:(t:5, i:59)
2022-10-18 06:30:59,100 [grpc-default-executor-0] INFO  leader.FollowerInfo (FollowerInfoImpl.java:lambda$new$0(48)) - omNode-1@group-523986131536->omNode-2: nextIndex: updateUnconditionally 57 -> 57
2022-10-18 06:30:59,103 [grpc-default-executor-2] INFO  server.GrpcLogAppender (GrpcLogAppender.java:onNext(403)) - omNode-1@group-523986131536->omNode-2-InstallSnapshotResponseHandler: received a reply omNode-1<-omNode-2#0:FAIL-t6,IN_PROGRESS
2022-10-18 06:30:59,103 [grpc-default-executor-2] INFO  server.GrpcLogAppender (GrpcLogAppender.java:onNext(421)) - omNode-1@group-523986131536->omNode-2-InstallSnapshotResponseHandler: InstallSnapshot in progress.
2022-10-18 06:30:59,103 [omNode-1@group-523986131536->omNode-2-GrpcLogAppender-LogAppenderDaemon] INFO  server.GrpcLogAppender (GrpcLogAppender.java:installSnapshot(541)) - omNode-1@group-523986131536->omNode-2-GrpcLogAppender: followerNextIndex = 57 but logStartIndex = 59, notify follower to install snapshot-(t:5, i:59)
2022-10-18 06:30:59,103 [omNode-1@group-523986131536->omNode-2-GrpcLogAppender-LogAppenderDaemon] INFO  server.GrpcLogAppender (GrpcLogAppender.java:installSnapshot(549)) - omNode-1@group-523986131536->omNode-2-GrpcLogAppender: send omNode-1->omNode-2#0-t6,notify:(t:5, i:59)
2022-10-18 06:30:59,103 [omNode-2-server-thread1] INFO  server.RaftServer$Division (RaftServerImpl.java:checkInconsistentAppendEntries(1402)) - omNode-2@group-523986131536: Failed appendEntries as snapshot (59) installation is in progress
2022-10-18 06:30:59,103 [omNode-2-server-thread1] INFO  server.RaftServer$Division (RaftServerImpl.java:checkInconsistentAppendEntries(1394)) - omNode-2@group-523986131536: inconsistency entries. Reply:omNode-1<-omNode-2#101:FAIL-t6,INCONSISTENCY,nextIndex=57,followerCommit=56
2022-10-18 06:30:59,104 [grpc-default-executor-2] INFO  impl.SnapshotInstallationHandler (SnapshotInstallationHandler.java:installSnapshot(84)) - omNode-2@group-523986131536: receive installSnapshot: omNode-1->omNode-2#0-t6,notify:(t:5, i:59)
2022-10-18 06:30:59,104 [grpc-default-executor-1] INFO  leader.FollowerInfo (FollowerInfoImpl.java:lambda$new$0(48)) - omNode-1@group-523986131536->omNode-2: nextIndex: updateUnconditionally 57 -> 57
2022-10-18 06:30:59,104 [grpc-default-executor-2] INFO  impl.SnapshotInstallationHandler (SnapshotInstallationHandler.java:installSnapshot(95)) - omNode-2@group-523986131536: reply installSnapshot: omNode-1<-omNode-2#0:FAIL-t6,IN_PROGRESS
2022-10-18 06:30:59,104 [grpc-default-executor-2] INFO  server.GrpcServerProtocolService (GrpcServerProtocolService.java:onCompleted(140)) - omNode-2: Completed INSTALL_SNAPSHOT, lastRequest: omNode-1->omNode-2#0-t6,notify:(t:5, i:59)
2022-10-18 06:30:59,104 [grpc-default-executor-2] INFO  server.GrpcLogAppender (GrpcLogAppender.java:onNext(403)) - omNode-1@group-523986131536->omNode-2-InstallSnapshotResponseHandler: received a reply omNode-1<-omNode-2#0:FAIL-t6,IN_PROGRESS
2022-10-18 06:30:59,105 [grpc-default-executor-2] INFO  server.GrpcLogAppender (GrpcLogAppender.java:onNext(421)) - omNode-1@group-523986131536->omNode-2-InstallSnapshotResponseHandler: InstallSnapshot in progress.
2022-10-18 06:30:59,105 [omNode-1@group-523986131536->omNode-2-GrpcLogAppender-LogAppenderDaemon] INFO  server.GrpcLogAppender (GrpcLogAppender.java:installSnapshot(541)) - omNode-1@group-523986131536->omNode-2-GrpcLogAppender: followerNextIndex = 57 but logStartIndex = 59, notify follower to install snapshot-(t:5, i:59)
2022-10-18 06:30:59,105 [omNode-1@group-523986131536->omNode-2-GrpcLogAppender-LogAppenderDaemon] INFO  server.GrpcLogAppender (GrpcLogAppender.java:installSnapshot(549)) - omNode-1@group-523986131536->omNode-2-GrpcLogAppender: send omNode-1->omNode-2#0-t6,notify:(t:5, i:59)
2022-10-18 06:30:59,105 [omNode-2-server-thread1] INFO  server.RaftServer$Division (RaftServerImpl.java:checkInconsistentAppendEntries(1402)) - omNode-2@group-523986131536: Failed appendEntries as snapshot (59) installation is in progress
2022-10-18 06:30:59,105 [omNode-2-server-thread1] INFO  server.RaftServer$Division (RaftServerImpl.java:checkInconsistentAppendEntries(1394)) - omNode-2@group-523986131536: inconsistency entries. Reply:omNode-1<-omNode-2#102:FAIL-t6,INCONSISTENCY,nextIndex=57,followerCommit=56
2022-10-18 06:30:59,106 [grpc-default-executor-1] INFO  leader.FollowerInfo (FollowerInfoImpl.java:lambda$new$0(48)) - omNode-1@group-523986131536->omNode-2: nextIndex: updateUnconditionally 57 -> 57
2022-10-18 06:30:59,106 [grpc-default-executor-2] INFO  impl.SnapshotInstallationHandler (SnapshotInstallationHandler.java:installSnapshot(84)) - omNode-2@group-523986131536: receive installSnapshot: omNode-1->omNode-2#0-t6,notify:(t:5, i:59)
2022-10-18 06:30:59,107 [grpc-default-executor-2] INFO  impl.SnapshotInstallationHandler (SnapshotInstallationHandler.java:installSnapshot(95)) - omNode-2@group-523986131536: reply installSnapshot: omNode-1<-omNode-2#0:FAIL-t6,IN_PROGRESS
2022-10-18 06:30:59,107 [grpc-default-executor-2] INFO  server.GrpcServerProtocolService (GrpcServerProtocolService.java:onCompleted(140)) - omNode-2: Completed INSTALL_SNAPSHOT, lastRequest: omNode-1->omNode-2#0-t6,notify:(t:5, i:59)
2022-10-18 06:30:59,107 [grpc-default-executor-2] INFO  server.GrpcLogAppender (GrpcLogAppender.java:onNext(403)) - omNode-1@group-523986131536->omNode-2-InstallSnapshotResponseHandler: received a reply omNode-1<-omNode-2#0:FAIL-t6,IN_PROGRESS
2022-10-18 06:30:59,107 [grpc-default-executor-2] INFO  server.GrpcLogAppender (GrpcLogAppender.java:onNext(421)) - omNode-1@group-523986131536->omNode-2-InstallSnapshotResponseHandler: InstallSnapshot in progress.
2022-10-18 06:30:59,107 [omNode-1@group-523986131536->omNode-2-GrpcLogAppender-LogAppenderDaemon] INFO  server.GrpcLogAppender (GrpcLogAppender.java:installSnapshot(541)) - omNode-1@group-523986131536->omNode-2-GrpcLogAppender: followerNextIndex = 57 but logStartIndex = 59, notify follower to install snapshot-(t:5, i:59)
2022-10-18 06:30:59,107 [omNode-1@group-523986131536->omNode-2-GrpcLogAppender-LogAppenderDaemon] INFO  server.GrpcLogAppender (GrpcLogAppender.java:installSnapshot(549)) - omNode-1@group-523986131536->omNode-2-GrpcLogAppender: send omNode-1->omNode-2#0-t6,notify:(t:5, i:59)
2022-10-18 06:30:59,108 [omNode-2-server-thread1] INFO  server.RaftServer$Division (RaftServerImpl.java:checkInconsistentAppendEntries(1402)) - omNode-2@group-523986131536: Failed appendEntries as snapshot (59) installation is in progress
2022-10-18 06:30:59,108 [omNode-2-server-thread1] INFO  server.RaftServer$Division (RaftServerImpl.java:checkInconsistentAppendEntries(1394)) - omNode-2@group-523986131536: inconsistency entries. Reply:omNode-1<-omNode-2#103:FAIL-t6,INCONSISTENCY,nextIndex=57,followerCommit=56
2022-10-18 06:30:59,108 [grpc-default-executor-2] INFO  leader.FollowerInfo (FollowerInfoImpl.java:lambda$new$0(48)) - omNode-1@group-523986131536->omNode-2: nextIndex: updateUnconditionally 57 -> 57
2022-10-18 06:30:59,108 [grpc-default-executor-1] INFO  impl.SnapshotInstallationHandler (SnapshotInstallationHandler.java:installSnapshot(84)) - omNode-2@group-523986131536: receive installSnapshot: omNode-1->omNode-2#0-t6,notify:(t:5, i:59)
2022-10-18 06:30:59,109 [grpc-default-executor-1] INFO  impl.SnapshotInstallationHandler (SnapshotInstallationHandler.java:installSnapshot(95)) - omNode-2@group-523986131536: reply installSnapshot: omNode-1<-omNode-2#0:FAIL-t6,IN_PROGRESS
2022-10-18 06:30:59,109 [grpc-default-executor-1] INFO  server.GrpcServerProtocolService (GrpcServerProtocolService.java:onCompleted(140)) - omNode-2: Completed INSTALL_SNAPSHOT, lastRequest: omNode-1->omNode-2#0-t6,notify:(t:5, i:59)
2022-10-18 06:30:59,109 [grpc-default-executor-1] INFO  server.GrpcLogAppender (GrpcLogAppender.java:onNext(403)) - omNode-1@group-523986131536->omNode-2-InstallSnapshotResponseHandler: received a reply omNode-1<-omNode-2#0:FAIL-t6,IN_PROGRESS
2022-10-18 06:30:59,109 [grpc-default-executor-1] INFO  server.GrpcLogAppender (GrpcLogAppender.java:onNext(421)) - omNode-1@group-523986131536->omNode-2-InstallSnapshotResponseHandler: InstallSnapshot in progress.
2022-10-18 06:30:59,109 [omNode-1@group-523986131536->omNode-2-GrpcLogAppender-LogAppenderDaemon] INFO  server.GrpcLogAppender (GrpcLogAppender.java:installSnapshot(541)) - omNode-1@group-523986131536->omNode-2-GrpcLogAppender: followerNextIndex = 57 but logStartIndex = 59, notify follower to install snapshot-(t:5, i:59)
2022-10-18 06:30:59,110 [omNode-1@group-523986131536->omNode-2-GrpcLogAppender-LogAppenderDaemon] INFO  server.GrpcLogAppender (GrpcLogAppender.java:installSnapshot(549)) - omNode-1@group-523986131536->omNode-2-GrpcLogAppender: send omNode-1->omNode-2#0-t6,notify:(t:5, i:59)
2022-10-18 06:30:59,110 [omNode-2-server-thread1] INFO  server.RaftServer$Division (RaftServerImpl.java:checkInconsistentAppendEntries(1402)) - omNode-2@group-523986131536: Failed appendEntries as snapshot (59) installation is in progress
2022-10-18 06:30:59,110 [omNode-2-server-thread1] INFO  server.RaftServer$Division (RaftServerImpl.java:checkInconsistentAppendEntries(1394)) - omNode-2@group-523986131536: inconsistency entries. Reply:omNode-1<-omNode-2#104:FAIL-t6,INCONSISTENCY,nextIndex=57,followerCommit=56
2022-10-18 06:30:59,110 [grpc-default-executor-1] INFO  leader.FollowerInfo (FollowerInfoImpl.java:lambda$new$0(48)) - omNode-1@group-523986131536->omNode-2: nextIndex: updateUnconditionally 57 -> 57
2022-10-18 06:30:59,121 [grpc-default-executor-2] INFO  impl.SnapshotInstallationHandler (SnapshotInstallationHandler.java:installSnapshot(84)) - omNode-2@group-523986131536: receive installSnapshot: omNode-1->omNode-2#0-t6,notify:(t:5, i:59)
2022-10-18 06:30:59,121 [grpc-default-executor-2] INFO  impl.SnapshotInstallationHandler (SnapshotInstallationHandler.java:installSnapshot(95)) - omNode-2@group-523986131536: reply installSnapshot: omNode-1<-omNode-2#0:FAIL-t6,IN_PROGRESS
2022-10-18 06:30:59,121 [grpc-default-executor-2] INFO  server.GrpcServerProtocolService (GrpcServerProtocolService.java:onCompleted(140)) - omNode-2: Completed INSTALL_SNAPSHOT, lastRequest: omNode-1->omNode-2#0-t6,notify:(t:5, i:59)
2022-10-18 06:30:59,121 [grpc-default-executor-2] INFO  server.GrpcLogAppender (GrpcLogAppender.java:onNext(403)) - omNode-1@group-523986131536->omNode-2-InstallSnapshotResponseHandler: received a reply omNode-1<-omNode-2#0:FAIL-t6,IN_PROGRESS
2022-10-18 06:30:59,121 [grpc-default-executor-2] INFO  server.GrpcLogAppender (GrpcLogAppender.java:onNext(421)) - omNode-1@group-523986131536->omNode-2-InstallSnapshotResponseHandler: InstallSnapshot in progress.
2022-10-18 06:30:59,121 [omNode-1@group-523986131536->omNode-2-GrpcLogAppender-LogAppenderDaemon] INFO  server.GrpcLogAppender (GrpcLogAppender.java:installSnapshot(541)) - omNode-1@group-523986131536->omNode-2-GrpcLogAppender: followerNextIndex = 57 but logStartIndex = 59, notify follower to install snapshot-(t:5, i:59)
2022-10-18 06:30:59,122 [omNode-1@group-523986131536->omNode-2-GrpcLogAppender-LogAppenderDaemon] INFO  server.GrpcLogAppender (GrpcLogAppender.java:installSnapshot(549)) - omNode-1@group-523986131536->omNode-2-GrpcLogAppender: send omNode-1->omNode-2#0-t6,notify:(t:5, i:59)
2022-10-18 06:30:59,122 [omNode-2-server-thread1] INFO  server.RaftServer$Division (RaftServerImpl.java:checkInconsistentAppendEntries(1402)) - omNode-2@group-523986131536: Failed appendEntries as snapshot (59) installation is in progress
2022-10-18 06:30:59,122 [omNode-2-server-thread1] INFO  server.RaftServer$Division (RaftServerImpl.java:checkInconsistentAppendEntries(1394)) - omNode-2@group-523986131536: inconsistency entries. Reply:omNode-1<-omNode-2#105:FAIL-t6,INCONSISTENCY,nextIndex=57,followerCommit=56
2022-10-18 06:30:59,122 [grpc-default-executor-1] INFO  leader.FollowerInfo (FollowerInfoImpl.java:lambda$new$0(48)) - omNode-1@group-523986131536->omNode-2: nextIndex: updateUnconditionally 57 -> 57
2022-10-18 06:30:59,123 [qtp28362777-1046] INFO  utils.DBCheckpointServlet (DBCheckpointServlet.java:doGet(182)) - Time taken to write the checkpoint to response output stream: 168 milliseconds
2022-10-18 06:30:59,123 [grpc-default-executor-1] INFO  impl.SnapshotInstallationHandler (SnapshotInstallationHandler.java:installSnapshot(84)) - omNode-2@group-523986131536: receive installSnapshot: omNode-1->omNode-2#0-t6,notify:(t:5, i:59)
2022-10-18 06:30:59,123 [grpc-default-executor-1] INFO  impl.SnapshotInstallationHandler (SnapshotInstallationHandler.java:installSnapshot(95)) - omNode-2@group-523986131536: reply installSnapshot: omNode-1<-omNode-2#0:FAIL-t6,IN_PROGRESS
2022-10-18 06:30:59,123 [grpc-default-executor-1] INFO  server.GrpcServerProtocolService (GrpcServerProtocolService.java:onCompleted(140)) - omNode-2: Completed INSTALL_SNAPSHOT, lastRequest: omNode-1->omNode-2#0-t6,notify:(t:5, i:59)
2022-10-18 06:30:59,123 [qtp28362777-1046] INFO  db.RocksDBCheckpoint (RocksDBCheckpoint.java:cleanupCheckpoint(78)) - Cleaning up RocksDB checkpoint at /home/runner/work/ozone/ozone/hadoop-ozone/integration-test/target/test-dir/MiniOzoneClusterImpl-489ebd61-a341-4d14-a135-ade311a26152/omNode-1/db.checkpoints/om.db_checkpoint_1666074658934
2022-10-18 06:30:59,124 [grpc-default-executor-0] INFO  server.GrpcLogAppender (GrpcLogAppender.java:onNext(403)) - omNode-1@group-523986131536->omNode-2-InstallSnapshotResponseHandler: received a reply omNode-1<-omNode-2#0:FAIL-t6,IN_PROGRESS
2022-10-18 06:30:59,124 [grpc-default-executor-0] INFO  server.GrpcLogAppender (GrpcLogAppender.java:onNext(421)) - omNode-1@group-523986131536->omNode-2-InstallSnapshotResponseHandler: InstallSnapshot in progress.
2022-10-18 06:30:59,124 [omNode-1@group-523986131536->omNode-2-GrpcLogAppender-LogAppenderDaemon] INFO  server.GrpcLogAppender (GrpcLogAppender.java:installSnapshot(541)) - omNode-1@group-523986131536->omNode-2-GrpcLogAppender: followerNextIndex = 57 but logStartIndex = 59, notify follower to install snapshot-(t:5, i:59)
2022-10-18 06:30:59,124 [omNode-1@group-523986131536->omNode-2-GrpcLogAppender-LogAppenderDaemon] INFO  server.GrpcLogAppender (GrpcLogAppender.java:installSnapshot(549)) - omNode-1@group-523986131536->omNode-2-GrpcLogAppender: send omNode-1->omNode-2#0-t6,notify:(t:5, i:59)
2022-10-18 06:30:59,125 [omNode-2-server-thread1] INFO  server.RaftServer$Division (RaftServerImpl.java:checkInconsistentAppendEntries(1402)) - omNode-2@group-523986131536: Failed appendEntries as snapshot (59) installation is in progress
2022-10-18 06:30:59,125 [omNode-2-server-thread1] INFO  server.RaftServer$Division (RaftServerImpl.java:checkInconsistentAppendEntries(1394)) - omNode-2@group-523986131536: inconsistency entries. Reply:omNode-1<-omNode-2#106:FAIL-t6,INCONSISTENCY,nextIndex=57,followerCommit=56
2022-10-18 06:30:59,125 [grpc-default-executor-1] INFO  impl.SnapshotInstallationHandler (SnapshotInstallationHandler.java:installSnapshot(84)) - omNode-2@group-523986131536: receive installSnapshot: omNode-1->omNode-2#0-t6,notify:(t:5, i:59)
2022-10-18 06:30:59,125 [grpc-default-executor-1] INFO  impl.SnapshotInstallationHandler (SnapshotInstallationHandler.java:installSnapshot(95)) - omNode-2@group-523986131536: reply installSnapshot: omNode-1<-omNode-2#0:FAIL-t6,IN_PROGRESS
2022-10-18 06:30:59,125 [grpc-default-executor-1] INFO  server.GrpcServerProtocolService (GrpcServerProtocolService.java:onCompleted(140)) - omNode-2: Completed INSTALL_SNAPSHOT, lastRequest: omNode-1->omNode-2#0-t6,notify:(t:5, i:59)
2022-10-18 06:30:59,125 [grpc-default-executor-2] INFO  leader.FollowerInfo (FollowerInfoImpl.java:lambda$new$0(48)) - omNode-1@group-523986131536->omNode-2: nextIndex: updateUnconditionally 57 -> 57
2022-10-18 06:30:59,126 [grpc-default-executor-0] INFO  server.GrpcLogAppender (GrpcLogAppender.java:onNext(403)) - omNode-1@group-523986131536->omNode-2-InstallSnapshotResponseHandler: received a reply omNode-1<-omNode-2#0:FAIL-t6,IN_PROGRESS
2022-10-18 06:30:59,126 [grpc-default-executor-0] INFO  server.GrpcLogAppender (GrpcLogAppender.java:onNext(421)) - omNode-1@group-523986131536->omNode-2-InstallSnapshotResponseHandler: InstallSnapshot in progress.
2022-10-18 06:30:59,126 [omNode-1@group-523986131536->omNode-2-GrpcLogAppender-LogAppenderDaemon] INFO  server.GrpcLogAppender (GrpcLogAppender.java:installSnapshot(541)) - omNode-1@group-523986131536->omNode-2-GrpcLogAppender: followerNextIndex = 57 but logStartIndex = 59, notify follower to install snapshot-(t:5, i:59)
2022-10-18 06:30:59,126 [omNode-1@group-523986131536->omNode-2-GrpcLogAppender-LogAppenderDaemon] INFO  server.GrpcLogAppender (GrpcLogAppender.java:installSnapshot(549)) - omNode-1@group-523986131536->omNode-2-GrpcLogAppender: send omNode-1->omNode-2#0-t6,notify:(t:5, i:59)
2022-10-18 06:30:59,127 [omNode-2-server-thread1] INFO  server.RaftServer$Division (RaftServerImpl.java:checkInconsistentAppendEntries(1402)) - omNode-2@group-523986131536: Failed appendEntries as snapshot (59) installation is in progress
2022-10-18 06:30:59,127 [omNode-2-server-thread1] INFO  server.RaftServer$Division (RaftServerImpl.java:checkInconsistentAppendEntries(1394)) - omNode-2@group-523986131536: inconsistency entries. Reply:omNode-1<-omNode-2#107:FAIL-t6,INCONSISTENCY,nextIndex=57,followerCommit=56
2022-10-18 06:30:59,127 [grpc-default-executor-1] INFO  impl.SnapshotInstallationHandler (SnapshotInstallationHandler.java:installSnapshot(84)) - omNode-2@group-523986131536: receive installSnapshot: omNode-1->omNode-2#0-t6,notify:(t:5, i:59)
2022-10-18 06:30:59,127 [grpc-default-executor-1] INFO  impl.SnapshotInstallationHandler (SnapshotInstallationHandler.java:installSnapshot(95)) - omNode-2@group-523986131536: reply installSnapshot: omNode-1<-omNode-2#0:FAIL-t6,IN_PROGRESS
2022-10-18 06:30:59,127 [grpc-default-executor-1] INFO  server.GrpcServerProtocolService (GrpcServerProtocolService.java:onCompleted(140)) - omNode-2: Completed INSTALL_SNAPSHOT, lastRequest: omNode-1->omNode-2#0-t6,notify:(t:5, i:59)
2022-10-18 06:30:59,127 [grpc-default-executor-2] INFO  leader.FollowerInfo (FollowerInfoImpl.java:lambda$new$0(48)) - omNode-1@group-523986131536->omNode-2: nextIndex: updateUnconditionally 57 -> 57
2022-10-18 06:30:59,127 [grpc-default-executor-0] INFO  server.GrpcLogAppender (GrpcLogAppender.java:onNext(403)) - omNode-1@group-523986131536->omNode-2-InstallSnapshotResponseHandler: received a reply omNode-1<-omNode-2#0:FAIL-t6,IN_PROGRESS
2022-10-18 06:30:59,127 [grpc-default-executor-0] INFO  server.GrpcLogAppender (GrpcLogAppender.java:onNext(421)) - omNode-1@group-523986131536->omNode-2-InstallSnapshotResponseHandler: InstallSnapshot in progress.
2022-10-18 06:30:59,128 [omNode-1@group-523986131536->omNode-2-GrpcLogAppender-LogAppenderDaemon] INFO  server.GrpcLogAppender (GrpcLogAppender.java:installSnapshot(541)) - omNode-1@group-523986131536->omNode-2-GrpcLogAppender: followerNextIndex = 57 but logStartIndex = 59, notify follower to install snapshot-(t:5, i:59)
2022-10-18 06:30:59,128 [omNode-1@group-523986131536->omNode-2-GrpcLogAppender-LogAppenderDaemon] INFO  server.GrpcLogAppender (GrpcLogAppender.java:installSnapshot(549)) - omNode-1@group-523986131536->omNode-2-GrpcLogAppender: send omNode-1->omNode-2#0-t6,notify:(t:5, i:59)
2022-10-18 06:30:59,128 [omNode-2-server-thread1] INFO  server.RaftServer$Division (RaftServerImpl.java:checkInconsistentAppendEntries(1402)) - omNode-2@group-523986131536: Failed appendEntries as snapshot (59) installation is in progress
2022-10-18 06:30:59,129 [grpc-default-executor-1] INFO  impl.SnapshotInstallationHandler (SnapshotInstallationHandler.java:installSnapshot(84)) - omNode-2@group-523986131536: receive installSnapshot: omNode-1->omNode-2#0-t6,notify:(t:5, i:59)
2022-10-18 06:30:59,129 [omNode-2-server-thread1] INFO  server.RaftServer$Division (RaftServerImpl.java:checkInconsistentAppendEntries(1394)) - omNode-2@group-523986131536: inconsistency entries. Reply:omNode-1<-omNode-2#108:FAIL-t6,INCONSISTENCY,nextIndex=57,followerCommit=56
2022-10-18 06:30:59,130 [grpc-default-executor-1] INFO  impl.SnapshotInstallationHandler (SnapshotInstallationHandler.java:installSnapshot(95)) - omNode-2@group-523986131536: reply installSnapshot: omNode-1<-omNode-2#0:FAIL-t6,IN_PROGRESS
2022-10-18 06:30:59,131 [grpc-default-executor-1] INFO  server.GrpcServerProtocolService (GrpcServerProtocolService.java:onCompleted(140)) - omNode-2: Completed INSTALL_SNAPSHOT, lastRequest: omNode-1->omNode-2#0-t6,notify:(t:5, i:59)
2022-10-18 06:30:59,131 [grpc-default-executor-2] INFO  leader.FollowerInfo (FollowerInfoImpl.java:lambda$new$0(48)) - omNode-1@group-523986131536->omNode-2: nextIndex: updateUnconditionally 57 -> 57
2022-10-18 06:30:59,131 [grpc-default-executor-0] INFO  server.GrpcLogAppender (GrpcLogAppender.java:onNext(403)) - omNode-1@group-523986131536->omNode-2-InstallSnapshotResponseHandler: received a reply omNode-1<-omNode-2#0:FAIL-t6,IN_PROGRESS
2022-10-18 06:30:59,131 [grpc-default-executor-0] INFO  server.GrpcLogAppender (GrpcLogAppender.java:onNext(421)) - omNode-1@group-523986131536->omNode-2-InstallSnapshotResponseHandler: InstallSnapshot in progress.
2022-10-18 06:30:59,131 [omNode-1@group-523986131536->omNode-2-GrpcLogAppender-LogAppenderDaemon] INFO  server.GrpcLogAppender (GrpcLogAppender.java:installSnapshot(541)) - omNode-1@group-523986131536->omNode-2-GrpcLogAppender: followerNextIndex = 57 but logStartIndex = 59, notify follower to install snapshot-(t:5, i:59)
2022-10-18 06:30:59,131 [omNode-1@group-523986131536->omNode-2-GrpcLogAppender-LogAppenderDaemon] INFO  server.GrpcLogAppender (GrpcLogAppender.java:installSnapshot(549)) - omNode-1@group-523986131536->omNode-2-GrpcLogAppender: send omNode-1->omNode-2#0-t6,notify:(t:5, i:59)
2022-10-18 06:30:59,132 [omNode-2-server-thread1] INFO  server.RaftServer$Division (RaftServerImpl.java:checkInconsistentAppendEntries(1402)) - omNode-2@group-523986131536: Failed appendEntries as snapshot (59) installation is in progress
2022-10-18 06:30:59,132 [omNode-2-server-thread1] INFO  server.RaftServer$Division (RaftServerImpl.java:checkInconsistentAppendEntries(1394)) - omNode-2@group-523986131536: inconsistency entries. Reply:omNode-1<-omNode-2#109:FAIL-t6,INCONSISTENCY,nextIndex=57,followerCommit=56
2022-10-18 06:30:59,132 [grpc-default-executor-0] INFO  impl.SnapshotInstallationHandler (SnapshotInstallationHandler.java:installSnapshot(84)) - omNode-2@group-523986131536: receive installSnapshot: omNode-1->omNode-2#0-t6,notify:(t:5, i:59)
2022-10-18 06:30:59,132 [grpc-default-executor-0] INFO  impl.SnapshotInstallationHandler (SnapshotInstallationHandler.java:installSnapshot(95)) - omNode-2@group-523986131536: reply installSnapshot: omNode-1<-omNode-2#0:FAIL-t6,IN_PROGRESS
2022-10-18 06:30:59,132 [grpc-default-executor-0] INFO  server.GrpcServerProtocolService (GrpcServerProtocolService.java:onCompleted(140)) - omNode-2: Completed INSTALL_SNAPSHOT, lastRequest: omNode-1->omNode-2#0-t6,notify:(t:5, i:59)
2022-10-18 06:30:59,133 [grpc-default-executor-0] INFO  leader.FollowerInfo (FollowerInfoImpl.java:lambda$new$0(48)) - omNode-1@group-523986131536->omNode-2: nextIndex: updateUnconditionally 57 -> 57
2022-10-18 06:30:59,133 [grpc-default-executor-1] INFO  server.GrpcLogAppender (GrpcLogAppender.java:onNext(403)) - omNode-1@group-523986131536->omNode-2-InstallSnapshotResponseHandler: received a reply omNode-1<-omNode-2#0:FAIL-t6,IN_PROGRESS
2022-10-18 06:30:59,133 [grpc-default-executor-1] INFO  server.GrpcLogAppender (GrpcLogAppender.java:onNext(421)) - omNode-1@group-523986131536->omNode-2-InstallSnapshotResponseHandler: InstallSnapshot in progress.
2022-10-18 06:30:59,133 [omNode-1@group-523986131536->omNode-2-GrpcLogAppender-LogAppenderDaemon] INFO  server.GrpcLogAppender (GrpcLogAppender.java:installSnapshot(541)) - omNode-1@group-523986131536->omNode-2-GrpcLogAppender: followerNextIndex = 57 but logStartIndex = 59, notify follower to install snapshot-(t:5, i:59)
2022-10-18 06:30:59,133 [omNode-1@group-523986131536->omNode-2-GrpcLogAppender-LogAppenderDaemon] INFO  server.GrpcLogAppender (GrpcLogAppender.java:installSnapshot(549)) - omNode-1@group-523986131536->omNode-2-GrpcLogAppender: send omNode-1->omNode-2#0-t6,notify:(t:5, i:59)
2022-10-18 06:30:59,134 [omNode-2-server-thread1] INFO  server.RaftServer$Division (RaftServerImpl.java:checkInconsistentAppendEntries(1402)) - omNode-2@group-523986131536: Failed appendEntries as snapshot (59) installation is in progress
2022-10-18 06:30:59,134 [omNode-2-server-thread1] INFO  server.RaftServer$Division (RaftServerImpl.java:checkInconsistentAppendEntries(1394)) - omNode-2@group-523986131536: inconsistency entries. Reply:omNode-1<-omNode-2#110:FAIL-t6,INCONSISTENCY,nextIndex=57,followerCommit=56
2022-10-18 06:30:59,134 [grpc-default-executor-1] INFO  impl.SnapshotInstallationHandler (SnapshotInstallationHandler.java:installSnapshot(84)) - omNode-2@group-523986131536: receive installSnapshot: omNode-1->omNode-2#0-t6,notify:(t:5, i:59)
2022-10-18 06:30:59,134 [grpc-default-executor-1] INFO  impl.SnapshotInstallationHandler (SnapshotInstallationHandler.java:installSnapshot(95)) - omNode-2@group-523986131536: reply installSnapshot: omNode-1<-omNode-2#0:FAIL-t6,IN_PROGRESS
2022-10-18 06:30:59,135 [grpc-default-executor-1] INFO  server.GrpcServerProtocolService (GrpcServerProtocolService.java:onCompleted(140)) - omNode-2: Completed INSTALL_SNAPSHOT, lastRequest: omNode-1->omNode-2#0-t6,notify:(t:5, i:59)
2022-10-18 06:30:59,135 [grpc-default-executor-0] INFO  server.GrpcLogAppender (GrpcLogAppender.java:onNext(403)) - omNode-1@group-523986131536->omNode-2-InstallSnapshotResponseHandler: received a reply omNode-1<-omNode-2#0:FAIL-t6,IN_PROGRESS
2022-10-18 06:30:59,135 [grpc-default-executor-0] INFO  server.GrpcLogAppender (GrpcLogAppender.java:onNext(421)) - omNode-1@group-523986131536->omNode-2-InstallSnapshotResponseHandler: InstallSnapshot in progress.
2022-10-18 06:30:59,135 [omNode-1@group-523986131536->omNode-2-GrpcLogAppender-LogAppenderDaemon] INFO  server.GrpcLogAppender (GrpcLogAppender.java:installSnapshot(541)) - omNode-1@group-523986131536->omNode-2-GrpcLogAppender: followerNextIndex = 57 but logStartIndex = 59, notify follower to install snapshot-(t:5, i:59)
2022-10-18 06:30:59,135 [omNode-1@group-523986131536->omNode-2-GrpcLogAppender-LogAppenderDaemon] INFO  server.GrpcLogAppender (GrpcLogAppender.java:installSnapshot(549)) - omNode-1@group-523986131536->omNode-2-GrpcLogAppender: send omNode-1->omNode-2#0-t6,notify:(t:5, i:59)
2022-10-18 06:30:59,136 [omNode-2-server-thread1] INFO  server.RaftServer$Division (RaftServerImpl.java:checkInconsistentAppendEntries(1402)) - omNode-2@group-523986131536: Failed appendEntries as snapshot (59) installation is in progress
2022-10-18 06:30:59,136 [grpc-default-executor-1] INFO  leader.FollowerInfo (FollowerInfoImpl.java:lambda$new$0(48)) - omNode-1@group-523986131536->omNode-2: nextIndex: updateUnconditionally 57 -> 57
2022-10-18 06:30:59,136 [omNode-2-server-thread1] INFO  server.RaftServer$Division (RaftServerImpl.java:checkInconsistentAppendEntries(1394)) - omNode-2@group-523986131536: inconsistency entries. Reply:omNode-1<-omNode-2#111:FAIL-t6,INCONSISTENCY,nextIndex=57,followerCommit=56
2022-10-18 06:30:59,136 [grpc-default-executor-1] INFO  impl.SnapshotInstallationHandler (SnapshotInstallationHandler.java:installSnapshot(84)) - omNode-2@group-523986131536: receive installSnapshot: omNode-1->omNode-2#0-t6,notify:(t:5, i:59)
2022-10-18 06:30:59,136 [grpc-default-executor-1] INFO  impl.SnapshotInstallationHandler (SnapshotInstallationHandler.java:installSnapshot(95)) - omNode-2@group-523986131536: reply installSnapshot: omNode-1<-omNode-2#0:FAIL-t6,IN_PROGRESS
2022-10-18 06:30:59,137 [grpc-default-executor-1] INFO  server.GrpcServerProtocolService (GrpcServerProtocolService.java:onCompleted(140)) - omNode-2: Completed INSTALL_SNAPSHOT, lastRequest: omNode-1->omNode-2#0-t6,notify:(t:5, i:59)
2022-10-18 06:30:59,137 [grpc-default-executor-2] INFO  server.GrpcLogAppender (GrpcLogAppender.java:onNext(403)) - omNode-1@group-523986131536->omNode-2-InstallSnapshotResponseHandler: received a reply omNode-1<-omNode-2#0:FAIL-t6,IN_PROGRESS
2022-10-18 06:30:59,137 [grpc-default-executor-2] INFO  server.GrpcLogAppender (GrpcLogAppender.java:onNext(421)) - omNode-1@group-523986131536->omNode-2-InstallSnapshotResponseHandler: InstallSnapshot in progress.
2022-10-18 06:30:59,137 [grpc-default-executor-0] INFO  leader.FollowerInfo (FollowerInfoImpl.java:lambda$new$0(48)) - omNode-1@group-523986131536->omNode-2: nextIndex: updateUnconditionally 57 -> 57
2022-10-18 06:30:59,145 [omNode-2-server-thread1] INFO  server.RaftServer$Division (RaftServerImpl.java:checkInconsistentAppendEntries(1402)) - omNode-2@group-523986131536: Failed appendEntries as snapshot (59) installation is in progress
2022-10-18 06:30:59,145 [omNode-2-server-thread1] INFO  server.RaftServer$Division (RaftServerImpl.java:checkInconsistentAppendEntries(1394)) - omNode-2@group-523986131536: inconsistency entries. Reply:omNode-1<-omNode-2#112:FAIL-t6,INCONSISTENCY,nextIndex=57,followerCommit=56
2022-10-18 06:30:59,145 [grpc-default-executor-0] INFO  leader.FollowerInfo (FollowerInfoImpl.java:lambda$new$0(48)) - omNode-1@group-523986131536->omNode-2: nextIndex: updateUnconditionally 57 -> 57
2022-10-18 06:30:59,157 [omNode-1@group-523986131536->omNode-2-GrpcLogAppender-LogAppenderDaemon] INFO  server.GrpcLogAppender (GrpcLogAppender.java:installSnapshot(541)) - omNode-1@group-523986131536->omNode-2-GrpcLogAppender: followerNextIndex = 57 but logStartIndex = 59, notify follower to install snapshot-(t:5, i:59)
2022-10-18 06:30:59,157 [omNode-1@group-523986131536->omNode-2-GrpcLogAppender-LogAppenderDaemon] INFO  server.GrpcLogAppender (GrpcLogAppender.java:installSnapshot(549)) - omNode-1@group-523986131536->omNode-2-GrpcLogAppender: send omNode-1->omNode-2#0-t6,notify:(t:5, i:59)
2022-10-18 06:30:59,161 [grpc-default-executor-0] INFO  impl.SnapshotInstallationHandler (SnapshotInstallationHandler.java:installSnapshot(84)) - omNode-2@group-523986131536: receive installSnapshot: omNode-1->omNode-2#0-t6,notify:(t:5, i:59)
2022-10-18 06:30:59,161 [grpc-default-executor-0] INFO  impl.SnapshotInstallationHandler (SnapshotInstallationHandler.java:installSnapshot(95)) - omNode-2@group-523986131536: reply installSnapshot: omNode-1<-omNode-2#0:FAIL-t6,IN_PROGRESS
2022-10-18 06:30:59,162 [grpc-default-executor-0] INFO  server.GrpcServerProtocolService (GrpcServerProtocolService.java:onCompleted(140)) - omNode-2: Completed INSTALL_SNAPSHOT, lastRequest: omNode-1->omNode-2#0-t6,notify:(t:5, i:59)
2022-10-18 06:30:59,162 [grpc-default-executor-2] INFO  server.GrpcLogAppender (GrpcLogAppender.java:onNext(403)) - omNode-1@group-523986131536->omNode-2-InstallSnapshotResponseHandler: received a reply omNode-1<-omNode-2#0:FAIL-t6,IN_PROGRESS
2022-10-18 06:30:59,162 [grpc-default-executor-2] INFO  server.GrpcLogAppender (GrpcLogAppender.java:onNext(421)) - omNode-1@group-523986131536->omNode-2-InstallSnapshotResponseHandler: InstallSnapshot in progress.
2022-10-18 06:30:59,162 [omNode-1@group-523986131536->omNode-2-GrpcLogAppender-LogAppenderDaemon] INFO  server.GrpcLogAppender (GrpcLogAppender.java:installSnapshot(541)) - omNode-1@group-523986131536->omNode-2-GrpcLogAppender: followerNextIndex = 57 but logStartIndex = 59, notify follower to install snapshot-(t:5, i:59)
2022-10-18 06:30:59,162 [omNode-1@group-523986131536->omNode-2-GrpcLogAppender-LogAppenderDaemon] INFO  server.GrpcLogAppender (GrpcLogAppender.java:installSnapshot(549)) - omNode-1@group-523986131536->omNode-2-GrpcLogAppender: send omNode-1->omNode-2#0-t6,notify:(t:5, i:59)
2022-10-18 06:30:59,163 [omNode-2-server-thread1] INFO  server.RaftServer$Division (RaftServerImpl.java:checkInconsistentAppendEntries(1402)) - omNode-2@group-523986131536: Failed appendEntries as snapshot (59) installation is in progress
2022-10-18 06:30:59,163 [omNode-2-server-thread1] INFO  server.RaftServer$Division (RaftServerImpl.java:checkInconsistentAppendEntries(1394)) - omNode-2@group-523986131536: inconsistency entries. Reply:omNode-1<-omNode-2#113:FAIL-t6,INCONSISTENCY,nextIndex=57,followerCommit=56
2022-10-18 06:30:59,164 [grpc-default-executor-2] INFO  leader.FollowerInfo (FollowerInfoImpl.java:lambda$new$0(48)) - omNode-1@group-523986131536->omNode-2: nextIndex: updateUnconditionally 57 -> 57
2022-10-18 06:30:59,164 [grpc-default-executor-0] INFO  impl.SnapshotInstallationHandler (SnapshotInstallationHandler.java:installSnapshot(84)) - omNode-2@group-523986131536: receive installSnapshot: omNode-1->omNode-2#0-t6,notify:(t:5, i:59)
2022-10-18 06:30:59,164 [grpc-default-executor-0] INFO  impl.SnapshotInstallationHandler (SnapshotInstallationHandler.java:installSnapshot(95)) - omNode-2@group-523986131536: reply installSnapshot: omNode-1<-omNode-2#0:FAIL-t6,IN_PROGRESS
2022-10-18 06:30:59,164 [grpc-default-executor-0] INFO  server.GrpcServerProtocolService (GrpcServerProtocolService.java:onCompleted(140)) - omNode-2: Completed INSTALL_SNAPSHOT, lastRequest: omNode-1->omNode-2#0-t6,notify:(t:5, i:59)
2022-10-18 06:30:59,164 [grpc-default-executor-2] INFO  server.GrpcLogAppender (GrpcLogAppender.java:onNext(403)) - omNode-1@group-523986131536->omNode-2-InstallSnapshotResponseHandler: received a reply omNode-1<-omNode-2#0:FAIL-t6,IN_PROGRESS
2022-10-18 06:30:59,164 [grpc-default-executor-2] INFO  server.GrpcLogAppender (GrpcLogAppender.java:onNext(421)) - omNode-1@group-523986131536->omNode-2-InstallSnapshotResponseHandler: InstallSnapshot in progress.
2022-10-18 06:30:59,165 [omNode-1@group-523986131536->omNode-2-GrpcLogAppender-LogAppenderDaemon] INFO  server.GrpcLogAppender (GrpcLogAppender.java:installSnapshot(541)) - omNode-1@group-523986131536->omNode-2-GrpcLogAppender: followerNextIndex = 57 but logStartIndex = 59, notify follower to install snapshot-(t:5, i:59)
2022-10-18 06:30:59,165 [omNode-1@group-523986131536->omNode-2-GrpcLogAppender-LogAppenderDaemon] INFO  server.GrpcLogAppender (GrpcLogAppender.java:installSnapshot(549)) - omNode-1@group-523986131536->omNode-2-GrpcLogAppender: send omNode-1->omNode-2#0-t6,notify:(t:5, i:59)
2022-10-18 06:30:59,165 [omNode-2-server-thread1] INFO  server.RaftServer$Division (RaftServerImpl.java:checkInconsistentAppendEntries(1402)) - omNode-2@group-523986131536: Failed appendEntries as snapshot (59) installation is in progress
2022-10-18 06:30:59,165 [omNode-2-server-thread1] INFO  server.RaftServer$Division (RaftServerImpl.java:checkInconsistentAppendEntries(1394)) - omNode-2@group-523986131536: inconsistency entries. Reply:omNode-1<-omNode-2#114:FAIL-t6,INCONSISTENCY,nextIndex=57,followerCommit=56
2022-10-18 06:30:59,166 [grpc-default-executor-2] INFO  leader.FollowerInfo (FollowerInfoImpl.java:lambda$new$0(48)) - omNode-1@group-523986131536->omNode-2: nextIndex: updateUnconditionally 57 -> 57
2022-10-18 06:30:59,166 [grpc-default-executor-0] INFO  impl.SnapshotInstallationHandler (SnapshotInstallationHandler.java:installSnapshot(84)) - omNode-2@group-523986131536: receive installSnapshot: omNode-1->omNode-2#0-t6,notify:(t:5, i:59)
2022-10-18 06:30:59,166 [grpc-default-executor-0] INFO  impl.SnapshotInstallationHandler (SnapshotInstallationHandler.java:installSnapshot(95)) - omNode-2@group-523986131536: reply installSnapshot: omNode-1<-omNode-2#0:FAIL-t6,IN_PROGRESS
2022-10-18 06:30:59,166 [grpc-default-executor-0] INFO  server.GrpcServerProtocolService (GrpcServerProtocolService.java:onCompleted(140)) - omNode-2: Completed INSTALL_SNAPSHOT, lastRequest: omNode-1->omNode-2#0-t6,notify:(t:5, i:59)
2022-10-18 06:30:59,167 [grpc-default-executor-2] INFO  server.GrpcLogAppender (GrpcLogAppender.java:onNext(403)) - omNode-1@group-523986131536->omNode-2-InstallSnapshotResponseHandler: received a reply omNode-1<-omNode-2#0:FAIL-t6,IN_PROGRESS
2022-10-18 06:30:59,167 [grpc-default-executor-2] INFO  server.GrpcLogAppender (GrpcLogAppender.java:onNext(421)) - omNode-1@group-523986131536->omNode-2-InstallSnapshotResponseHandler: InstallSnapshot in progress.
2022-10-18 06:30:59,167 [omNode-1@group-523986131536->omNode-2-GrpcLogAppender-LogAppenderDaemon] INFO  server.GrpcLogAppender (GrpcLogAppender.java:installSnapshot(541)) - omNode-1@group-523986131536->omNode-2-GrpcLogAppender: followerNextIndex = 57 but logStartIndex = 59, notify follower to install snapshot-(t:5, i:59)
2022-10-18 06:30:59,167 [omNode-1@group-523986131536->omNode-2-GrpcLogAppender-LogAppenderDaemon] INFO  server.GrpcLogAppender (GrpcLogAppender.java:installSnapshot(549)) - omNode-1@group-523986131536->omNode-2-GrpcLogAppender: send omNode-1->omNode-2#0-t6,notify:(t:5, i:59)
2022-10-18 06:30:59,168 [omNode-2-server-thread1] INFO  server.RaftServer$Division (RaftServerImpl.java:checkInconsistentAppendEntries(1402)) - omNode-2@group-523986131536: Failed appendEntries as snapshot (59) installation is in progress
2022-10-18 06:30:59,168 [omNode-2-server-thread1] INFO  server.RaftServer$Division (RaftServerImpl.java:checkInconsistentAppendEntries(1394)) - omNode-2@group-523986131536: inconsistency entries. Reply:omNode-1<-omNode-2#115:FAIL-t6,INCONSISTENCY,nextIndex=57,followerCommit=56
2022-10-18 06:30:59,168 [grpc-default-executor-2] INFO  leader.FollowerInfo (FollowerInfoImpl.java:lambda$new$0(48)) - omNode-1@group-523986131536->omNode-2: nextIndex: updateUnconditionally 57 -> 57
2022-10-18 06:30:59,168 [grpc-default-executor-0] INFO  impl.SnapshotInstallationHandler (SnapshotInstallationHandler.java:installSnapshot(84)) - omNode-2@group-523986131536: receive installSnapshot: omNode-1->omNode-2#0-t6,notify:(t:5, i:59)
2022-10-18 06:30:59,168 [grpc-default-executor-0] INFO  impl.SnapshotInstallationHandler (SnapshotInstallationHandler.java:installSnapshot(95)) - omNode-2@group-523986131536: reply installSnapshot: omNode-1<-omNode-2#0:FAIL-t6,IN_PROGRESS
2022-10-18 06:30:59,169 [grpc-default-executor-0] INFO  server.GrpcServerProtocolService (GrpcServerProtocolService.java:onCompleted(140)) - omNode-2: Completed INSTALL_SNAPSHOT, lastRequest: omNode-1->omNode-2#0-t6,notify:(t:5, i:59)
2022-10-18 06:30:59,169 [grpc-default-executor-2] INFO  server.GrpcLogAppender (GrpcLogAppender.java:onNext(403)) - omNode-1@group-523986131536->omNode-2-InstallSnapshotResponseHandler: received a reply omNode-1<-omNode-2#0:FAIL-t6,IN_PROGRESS
2022-10-18 06:30:59,169 [grpc-default-executor-2] INFO  server.GrpcLogAppender (GrpcLogAppender.java:onNext(421)) - omNode-1@group-523986131536->omNode-2-InstallSnapshotResponseHandler: InstallSnapshot in progress.
2022-10-18 06:30:59,169 [omNode-1@group-523986131536->omNode-2-GrpcLogAppender-LogAppenderDaemon] INFO  server.GrpcLogAppender (GrpcLogAppender.java:installSnapshot(541)) - omNode-1@group-523986131536->omNode-2-GrpcLogAppender: followerNextIndex = 57 but logStartIndex = 59, notify follower to install snapshot-(t:5, i:59)
2022-10-18 06:30:59,169 [omNode-1@group-523986131536->omNode-2-GrpcLogAppender-LogAppenderDaemon] INFO  server.GrpcLogAppender (GrpcLogAppender.java:installSnapshot(549)) - omNode-1@group-523986131536->omNode-2-GrpcLogAppender: send omNode-1->omNode-2#0-t6,notify:(t:5, i:59)
2022-10-18 06:30:59,170 [omNode-2-server-thread1] INFO  server.RaftServer$Division (RaftServerImpl.java:checkInconsistentAppendEntries(1402)) - omNode-2@group-523986131536: Failed appendEntries as snapshot (59) installation is in progress
2022-10-18 06:30:59,170 [omNode-2-server-thread1] INFO  server.RaftServer$Division (RaftServerImpl.java:checkInconsistentAppendEntries(1394)) - omNode-2@group-523986131536: inconsistency entries. Reply:omNode-1<-omNode-2#116:FAIL-t6,INCONSISTENCY,nextIndex=57,followerCommit=56
2022-10-18 06:30:59,170 [grpc-default-executor-0] INFO  impl.SnapshotInstallationHandler (SnapshotInstallationHandler.java:installSnapshot(84)) - omNode-2@group-523986131536: receive installSnapshot: omNode-1->omNode-2#0-t6,notify:(t:5, i:59)
2022-10-18 06:30:59,171 [grpc-default-executor-0] INFO  impl.SnapshotInstallationHandler (SnapshotInstallationHandler.java:installSnapshot(95)) - omNode-2@group-523986131536: reply installSnapshot: omNode-1<-omNode-2#0:FAIL-t6,IN_PROGRESS
2022-10-18 06:30:59,171 [grpc-default-executor-0] INFO  server.GrpcServerProtocolService (GrpcServerProtocolService.java:onCompleted(140)) - omNode-2: Completed INSTALL_SNAPSHOT, lastRequest: omNode-1->omNode-2#0-t6,notify:(t:5, i:59)
2022-10-18 06:30:59,171 [grpc-default-executor-2] INFO  server.GrpcLogAppender (GrpcLogAppender.java:onNext(403)) - omNode-1@group-523986131536->omNode-2-InstallSnapshotResponseHandler: received a reply omNode-1<-omNode-2#0:FAIL-t6,IN_PROGRESS
2022-10-18 06:30:59,171 [grpc-default-executor-2] INFO  server.GrpcLogAppender (GrpcLogAppender.java:onNext(421)) - omNode-1@group-523986131536->omNode-2-InstallSnapshotResponseHandler: InstallSnapshot in progress.
2022-10-18 06:30:59,171 [omNode-1@group-523986131536->omNode-2-GrpcLogAppender-LogAppenderDaemon] INFO  server.GrpcLogAppender (GrpcLogAppender.java:installSnapshot(541)) - omNode-1@group-523986131536->omNode-2-GrpcLogAppender: followerNextIndex = 57 but logStartIndex = 59, notify follower to install snapshot-(t:5, i:59)
2022-10-18 06:30:59,172 [omNode-1@group-523986131536->omNode-2-GrpcLogAppender-LogAppenderDaemon] INFO  server.GrpcLogAppender (GrpcLogAppender.java:installSnapshot(549)) - omNode-1@group-523986131536->omNode-2-GrpcLogAppender: send omNode-1->omNode-2#0-t6,notify:(t:5, i:59)
2022-10-18 06:30:59,172 [grpc-default-executor-0] INFO  leader.FollowerInfo (FollowerInfoImpl.java:lambda$new$0(48)) - omNode-1@group-523986131536->omNode-2: nextIndex: updateUnconditionally 57 -> 57
2022-10-18 06:30:59,172 [omNode-2-server-thread1] INFO  server.RaftServer$Division (RaftServerImpl.java:checkInconsistentAppendEntries(1402)) - omNode-2@group-523986131536: Failed appendEntries as snapshot (59) installation is in progress
2022-10-18 06:30:59,172 [omNode-2-server-thread1] INFO  server.RaftServer$Division (RaftServerImpl.java:checkInconsistentAppendEntries(1394)) - omNode-2@group-523986131536: inconsistency entries. Reply:omNode-1<-omNode-2#117:FAIL-t6,INCONSISTENCY,nextIndex=57,followerCommit=56
2022-10-18 06:30:59,173 [grpc-default-executor-2] INFO  leader.FollowerInfo (FollowerInfoImpl.java:lambda$new$0(48)) - omNode-1@group-523986131536->omNode-2: nextIndex: updateUnconditionally 57 -> 57
2022-10-18 06:30:59,173 [grpc-default-executor-0] INFO  impl.SnapshotInstallationHandler (SnapshotInstallationHandler.java:installSnapshot(84)) - omNode-2@group-523986131536: receive installSnapshot: omNode-1->omNode-2#0-t6,notify:(t:5, i:59)
2022-10-18 06:30:59,173 [grpc-default-executor-0] INFO  impl.SnapshotInstallationHandler (SnapshotInstallationHandler.java:installSnapshot(95)) - omNode-2@group-523986131536: reply installSnapshot: omNode-1<-omNode-2#0:FAIL-t6,IN_PROGRESS
2022-10-18 06:30:59,173 [grpc-default-executor-0] INFO  server.GrpcServerProtocolService (GrpcServerProtocolService.java:onCompleted(140)) - omNode-2: Completed INSTALL_SNAPSHOT, lastRequest: omNode-1->omNode-2#0-t6,notify:(t:5, i:59)
2022-10-18 06:30:59,174 [grpc-default-executor-2] INFO  server.GrpcLogAppender (GrpcLogAppender.java:onNext(403)) - omNode-1@group-523986131536->omNode-2-InstallSnapshotResponseHandler: received a reply omNode-1<-omNode-2#0:FAIL-t6,IN_PROGRESS
2022-10-18 06:30:59,174 [grpc-default-executor-2] INFO  server.GrpcLogAppender (GrpcLogAppender.java:onNext(421)) - omNode-1@group-523986131536->omNode-2-InstallSnapshotResponseHandler: InstallSnapshot in progress.
2022-10-18 06:30:59,174 [omNode-1@group-523986131536->omNode-2-GrpcLogAppender-LogAppenderDaemon] INFO  server.GrpcLogAppender (GrpcLogAppender.java:installSnapshot(541)) - omNode-1@group-523986131536->omNode-2-GrpcLogAppender: followerNextIndex = 57 but logStartIndex = 59, notify follower to install snapshot-(t:5, i:59)
2022-10-18 06:30:59,174 [omNode-1@group-523986131536->omNode-2-GrpcLogAppender-LogAppenderDaemon] INFO  server.GrpcLogAppender (GrpcLogAppender.java:installSnapshot(549)) - omNode-1@group-523986131536->omNode-2-GrpcLogAppender: send omNode-1->omNode-2#0-t6,notify:(t:5, i:59)
2022-10-18 06:30:59,175 [omNode-2-server-thread1] INFO  server.RaftServer$Division (RaftServerImpl.java:checkInconsistentAppendEntries(1402)) - omNode-2@group-523986131536: Failed appendEntries as snapshot (59) installation is in progress
2022-10-18 06:30:59,175 [omNode-2-server-thread1] INFO  server.RaftServer$Division (RaftServerImpl.java:checkInconsistentAppendEntries(1394)) - omNode-2@group-523986131536: inconsistency entries. Reply:omNode-1<-omNode-2#118:FAIL-t6,INCONSISTENCY,nextIndex=57,followerCommit=56
2022-10-18 06:30:59,175 [grpc-default-executor-1] INFO  impl.SnapshotInstallationHandler (SnapshotInstallationHandler.java:installSnapshot(84)) - omNode-2@group-523986131536: receive installSnapshot: omNode-1->omNode-2#0-t6,notify:(t:5, i:59)
2022-10-18 06:30:59,175 [grpc-default-executor-0] INFO  leader.FollowerInfo (FollowerInfoImpl.java:lambda$new$0(48)) - omNode-1@group-523986131536->omNode-2: nextIndex: updateUnconditionally 57 -> 57
2022-10-18 06:30:59,175 [grpc-default-executor-1] INFO  impl.SnapshotInstallationHandler (SnapshotInstallationHandler.java:installSnapshot(95)) - omNode-2@group-523986131536: reply installSnapshot: omNode-1<-omNode-2#0:FAIL-t6,IN_PROGRESS
2022-10-18 06:30:59,175 [grpc-default-executor-1] INFO  server.GrpcServerProtocolService (GrpcServerProtocolService.java:onCompleted(140)) - omNode-2: Completed INSTALL_SNAPSHOT, lastRequest: omNode-1->omNode-2#0-t6,notify:(t:5, i:59)
2022-10-18 06:30:59,178 [grpc-default-executor-1] INFO  server.GrpcLogAppender (GrpcLogAppender.java:onNext(403)) - omNode-1@group-523986131536->omNode-2-InstallSnapshotResponseHandler: received a reply omNode-1<-omNode-2#0:FAIL-t6,IN_PROGRESS
2022-10-18 06:30:59,178 [grpc-default-executor-1] INFO  server.GrpcLogAppender (GrpcLogAppender.java:onNext(421)) - omNode-1@group-523986131536->omNode-2-InstallSnapshotResponseHandler: InstallSnapshot in progress.
2022-10-18 06:30:59,178 [omNode-1@group-523986131536->omNode-2-GrpcLogAppender-LogAppenderDaemon] INFO  server.GrpcLogAppender (GrpcLogAppender.java:installSnapshot(541)) - omNode-1@group-523986131536->omNode-2-GrpcLogAppender: followerNextIndex = 57 but logStartIndex = 59, notify follower to install snapshot-(t:5, i:59)
2022-10-18 06:30:59,178 [omNode-1@group-523986131536->omNode-2-GrpcLogAppender-LogAppenderDaemon] INFO  server.GrpcLogAppender (GrpcLogAppender.java:installSnapshot(549)) - omNode-1@group-523986131536->omNode-2-GrpcLogAppender: send omNode-1->omNode-2#0-t6,notify:(t:5, i:59)
2022-10-18 06:30:59,185 [grpc-default-executor-1] INFO  impl.SnapshotInstallationHandler (SnapshotInstallationHandler.java:installSnapshot(84)) - omNode-2@group-523986131536: receive installSnapshot: omNode-1->omNode-2#0-t6,notify:(t:5, i:59)
2022-10-18 06:30:59,185 [omNode-2-server-thread1] INFO  server.RaftServer$Division (RaftServerImpl.java:checkInconsistentAppendEntries(1402)) - omNode-2@group-523986131536: Failed appendEntries as snapshot (59) installation is in progress
2022-10-18 06:30:59,186 [omNode-2-server-thread1] INFO  server.RaftServer$Division (RaftServerImpl.java:checkInconsistentAppendEntries(1394)) - omNode-2@group-523986131536: inconsistency entries. Reply:omNode-1<-omNode-2#119:FAIL-t6,INCONSISTENCY,nextIndex=57,followerCommit=56
2022-10-18 06:30:59,186 [grpc-default-executor-1] INFO  impl.SnapshotInstallationHandler (SnapshotInstallationHandler.java:installSnapshot(95)) - omNode-2@group-523986131536: reply installSnapshot: omNode-1<-omNode-2#0:FAIL-t6,IN_PROGRESS
2022-10-18 06:30:59,186 [grpc-default-executor-1] INFO  server.GrpcServerProtocolService (GrpcServerProtocolService.java:onCompleted(140)) - omNode-2: Completed INSTALL_SNAPSHOT, lastRequest: omNode-1->omNode-2#0-t6,notify:(t:5, i:59)
2022-10-18 06:30:59,186 [grpc-default-executor-0] INFO  leader.FollowerInfo (FollowerInfoImpl.java:lambda$new$0(48)) - omNode-1@group-523986131536->omNode-2: nextIndex: updateUnconditionally 57 -> 57
2022-10-18 06:30:59,186 [grpc-default-executor-0] INFO  server.GrpcLogAppender (GrpcLogAppender.java:onNext(403)) - omNode-1@group-523986131536->omNode-2-InstallSnapshotResponseHandler: received a reply omNode-1<-omNode-2#0:FAIL-t6,IN_PROGRESS
2022-10-18 06:30:59,186 [grpc-default-executor-0] INFO  server.GrpcLogAppender (GrpcLogAppender.java:onNext(421)) - omNode-1@group-523986131536->omNode-2-InstallSnapshotResponseHandler: InstallSnapshot in progress.
2022-10-18 06:30:59,187 [omNode-1@group-523986131536->omNode-2-GrpcLogAppender-LogAppenderDaemon] INFO  server.GrpcLogAppender (GrpcLogAppender.java:installSnapshot(541)) - omNode-1@group-523986131536->omNode-2-GrpcLogAppender: followerNextIndex = 57 but logStartIndex = 59, notify follower to install snapshot-(t:5, i:59)
2022-10-18 06:30:59,187 [omNode-1@group-523986131536->omNode-2-GrpcLogAppender-LogAppenderDaemon] INFO  server.GrpcLogAppender (GrpcLogAppender.java:installSnapshot(549)) - omNode-1@group-523986131536->omNode-2-GrpcLogAppender: send omNode-1->omNode-2#0-t6,notify:(t:5, i:59)
2022-10-18 06:30:59,187 [omNode-2-server-thread1] INFO  server.RaftServer$Division (RaftServerImpl.java:checkInconsistentAppendEntries(1402)) - omNode-2@group-523986131536: Failed appendEntries as snapshot (59) installation is in progress
2022-10-18 06:30:59,187 [omNode-2-server-thread1] INFO  server.RaftServer$Division (RaftServerImpl.java:checkInconsistentAppendEntries(1394)) - omNode-2@group-523986131536: inconsistency entries. Reply:omNode-1<-omNode-2#120:FAIL-t6,INCONSISTENCY,nextIndex=57,followerCommit=56
2022-10-18 06:30:59,188 [grpc-default-executor-0] INFO  leader.FollowerInfo (FollowerInfoImpl.java:lambda$new$0(48)) - omNode-1@group-523986131536->omNode-2: nextIndex: updateUnconditionally 57 -> 57
2022-10-18 06:30:59,188 [grpc-default-executor-0] INFO  impl.SnapshotInstallationHandler (SnapshotInstallationHandler.java:installSnapshot(84)) - omNode-2@group-523986131536: receive installSnapshot: omNode-1->omNode-2#0-t6,notify:(t:5, i:59)
2022-10-18 06:30:59,188 [grpc-default-executor-0] INFO  impl.SnapshotInstallationHandler (SnapshotInstallationHandler.java:installSnapshot(95)) - omNode-2@group-523986131536: reply installSnapshot: omNode-1<-omNode-2#0:FAIL-t6,IN_PROGRESS
2022-10-18 06:30:59,188 [grpc-default-executor-0] INFO  server.GrpcServerProtocolService (GrpcServerProtocolService.java:onCompleted(140)) - omNode-2: Completed INSTALL_SNAPSHOT, lastRequest: omNode-1->omNode-2#0-t6,notify:(t:5, i:59)
2022-10-18 06:30:59,188 [grpc-default-executor-1] INFO  server.GrpcLogAppender (GrpcLogAppender.java:onNext(403)) - omNode-1@group-523986131536->omNode-2-InstallSnapshotResponseHandler: received a reply omNode-1<-omNode-2#0:FAIL-t6,IN_PROGRESS
2022-10-18 06:30:59,189 [grpc-default-executor-1] INFO  server.GrpcLogAppender (GrpcLogAppender.java:onNext(421)) - omNode-1@group-523986131536->omNode-2-InstallSnapshotResponseHandler: InstallSnapshot in progress.
2022-10-18 06:30:59,189 [omNode-1@group-523986131536->omNode-2-GrpcLogAppender-LogAppenderDaemon] INFO  server.GrpcLogAppender (GrpcLogAppender.java:installSnapshot(541)) - omNode-1@group-523986131536->omNode-2-GrpcLogAppender: followerNextIndex = 57 but logStartIndex = 59, notify follower to install snapshot-(t:5, i:59)
2022-10-18 06:30:59,189 [omNode-1@group-523986131536->omNode-2-GrpcLogAppender-LogAppenderDaemon] INFO  server.GrpcLogAppender (GrpcLogAppender.java:installSnapshot(549)) - omNode-1@group-523986131536->omNode-2-GrpcLogAppender: send omNode-1->omNode-2#0-t6,notify:(t:5, i:59)
2022-10-18 06:30:59,189 [omNode-2-server-thread1] INFO  server.RaftServer$Division (RaftServerImpl.java:checkInconsistentAppendEntries(1402)) - omNode-2@group-523986131536: Failed appendEntries as snapshot (59) installation is in progress
2022-10-18 06:30:59,189 [omNode-2-server-thread1] INFO  server.RaftServer$Division (RaftServerImpl.java:checkInconsistentAppendEntries(1394)) - omNode-2@group-523986131536: inconsistency entries. Reply:omNode-1<-omNode-2#121:FAIL-t6,INCONSISTENCY,nextIndex=57,followerCommit=56
2022-10-18 06:30:59,189 [grpc-default-executor-0] INFO  leader.FollowerInfo (FollowerInfoImpl.java:lambda$new$0(48)) - omNode-1@group-523986131536->omNode-2: nextIndex: updateUnconditionally 57 -> 57
2022-10-18 06:30:59,190 [grpc-default-executor-1] INFO  impl.SnapshotInstallationHandler (SnapshotInstallationHandler.java:installSnapshot(84)) - omNode-2@group-523986131536: receive installSnapshot: omNode-1->omNode-2#0-t6,notify:(t:5, i:59)
2022-10-18 06:30:59,190 [grpc-default-executor-1] INFO  impl.SnapshotInstallationHandler (SnapshotInstallationHandler.java:installSnapshot(95)) - omNode-2@group-523986131536: reply installSnapshot: omNode-1<-omNode-2#0:FAIL-t6,IN_PROGRESS
2022-10-18 06:30:59,190 [grpc-default-executor-1] INFO  server.GrpcServerProtocolService (GrpcServerProtocolService.java:onCompleted(140)) - omNode-2: Completed INSTALL_SNAPSHOT, lastRequest: omNode-1->omNode-2#0-t6,notify:(t:5, i:59)
2022-10-18 06:30:59,191 [grpc-default-executor-0] INFO  server.GrpcLogAppender (GrpcLogAppender.java:onNext(403)) - omNode-1@group-523986131536->omNode-2-InstallSnapshotResponseHandler: received a reply omNode-1<-omNode-2#0:FAIL-t6,IN_PROGRESS
2022-10-18 06:30:59,191 [grpc-default-executor-0] INFO  server.GrpcLogAppender (GrpcLogAppender.java:onNext(421)) - omNode-1@group-523986131536->omNode-2-InstallSnapshotResponseHandler: InstallSnapshot in progress.
2022-10-18 06:30:59,191 [omNode-1@group-523986131536->omNode-2-GrpcLogAppender-LogAppenderDaemon] INFO  server.GrpcLogAppender (GrpcLogAppender.java:installSnapshot(541)) - omNode-1@group-523986131536->omNode-2-GrpcLogAppender: followerNextIndex = 57 but logStartIndex = 59, notify follower to install snapshot-(t:5, i:59)
2022-10-18 06:30:59,191 [omNode-1@group-523986131536->omNode-2-GrpcLogAppender-LogAppenderDaemon] INFO  server.GrpcLogAppender (GrpcLogAppender.java:installSnapshot(549)) - omNode-1@group-523986131536->omNode-2-GrpcLogAppender: send omNode-1->omNode-2#0-t6,notify:(t:5, i:59)
2022-10-18 06:30:59,191 [omNode-2-server-thread1] INFO  server.RaftServer$Division (RaftServerImpl.java:checkInconsistentAppendEntries(1402)) - omNode-2@group-523986131536: Failed appendEntries as snapshot (59) installation is in progress
2022-10-18 06:30:59,191 [omNode-2-server-thread1] INFO  server.RaftServer$Division (RaftServerImpl.java:checkInconsistentAppendEntries(1394)) - omNode-2@group-523986131536: inconsistency entries. Reply:omNode-1<-omNode-2#122:FAIL-t6,INCONSISTENCY,nextIndex=57,followerCommit=56
2022-10-18 06:30:59,191 [grpc-default-executor-1] INFO  leader.FollowerInfo (FollowerInfoImpl.java:lambda$new$0(48)) - omNode-1@group-523986131536->omNode-2: nextIndex: updateUnconditionally 57 -> 57
2022-10-18 06:30:59,192 [grpc-default-executor-1] INFO  impl.SnapshotInstallationHandler (SnapshotInstallationHandler.java:installSnapshot(84)) - omNode-2@group-523986131536: receive installSnapshot: omNode-1->omNode-2#0-t6,notify:(t:5, i:59)
2022-10-18 06:30:59,192 [grpc-default-executor-1] INFO  impl.SnapshotInstallationHandler (SnapshotInstallationHandler.java:installSnapshot(95)) - omNode-2@group-523986131536: reply installSnapshot: omNode-1<-omNode-2#0:FAIL-t6,IN_PROGRESS
2022-10-18 06:30:59,192 [grpc-default-executor-1] INFO  server.GrpcServerProtocolService (GrpcServerProtocolService.java:onCompleted(140)) - omNode-2: Completed INSTALL_SNAPSHOT, lastRequest: omNode-1->omNode-2#0-t6,notify:(t:5, i:59)
2022-10-18 06:30:59,194 [grpc-default-executor-1] INFO  server.GrpcLogAppender (GrpcLogAppender.java:onNext(403)) - omNode-1@group-523986131536->omNode-2-InstallSnapshotResponseHandler: received a reply omNode-1<-omNode-2#0:FAIL-t6,IN_PROGRESS
2022-10-18 06:30:59,194 [grpc-default-executor-1] INFO  server.GrpcLogAppender (GrpcLogAppender.java:onNext(421)) - omNode-1@group-523986131536->omNode-2-InstallSnapshotResponseHandler: InstallSnapshot in progress.
2022-10-18 06:30:59,194 [omNode-1@group-523986131536->omNode-2-GrpcLogAppender-LogAppenderDaemon] INFO  server.GrpcLogAppender (GrpcLogAppender.java:installSnapshot(541)) - omNode-1@group-523986131536->omNode-2-GrpcLogAppender: followerNextIndex = 57 but logStartIndex = 59, notify follower to install snapshot-(t:5, i:59)
2022-10-18 06:30:59,194 [omNode-1@group-523986131536->omNode-2-GrpcLogAppender-LogAppenderDaemon] INFO  server.GrpcLogAppender (GrpcLogAppender.java:installSnapshot(549)) - omNode-1@group-523986131536->omNode-2-GrpcLogAppender: send omNode-1->omNode-2#0-t6,notify:(t:5, i:59)
2022-10-18 06:30:59,195 [omNode-2-server-thread1] INFO  server.RaftServer$Division (RaftServerImpl.java:checkInconsistentAppendEntries(1402)) - omNode-2@group-523986131536: Failed appendEntries as snapshot (59) installation is in progress
2022-10-18 06:30:59,195 [omNode-2-server-thread1] INFO  server.RaftServer$Division (RaftServerImpl.java:checkInconsistentAppendEntries(1394)) - omNode-2@group-523986131536: inconsistency entries. Reply:omNode-1<-omNode-2#123:FAIL-t6,INCONSISTENCY,nextIndex=57,followerCommit=56
2022-10-18 06:30:59,195 [grpc-default-executor-2] INFO  impl.SnapshotInstallationHandler (SnapshotInstallationHandler.java:installSnapshot(84)) - omNode-2@group-523986131536: receive installSnapshot: omNode-1->omNode-2#0-t6,notify:(t:5, i:59)
2022-10-18 06:30:59,195 [grpc-default-executor-2] INFO  impl.SnapshotInstallationHandler (SnapshotInstallationHandler.java:installSnapshot(95)) - omNode-2@group-523986131536: reply installSnapshot: omNode-1<-omNode-2#0:FAIL-t6,IN_PROGRESS
2022-10-18 06:30:59,196 [grpc-default-executor-2] INFO  server.GrpcServerProtocolService (GrpcServerProtocolService.java:onCompleted(140)) - omNode-2: Completed INSTALL_SNAPSHOT, lastRequest: omNode-1->omNode-2#0-t6,notify:(t:5, i:59)
2022-10-18 06:30:59,196 [grpc-default-executor-1] INFO  leader.FollowerInfo (FollowerInfoImpl.java:lambda$new$0(48)) - omNode-1@group-523986131536->omNode-2: nextIndex: updateUnconditionally 57 -> 57
2022-10-18 06:30:59,196 [grpc-default-executor-1] INFO  server.GrpcLogAppender (GrpcLogAppender.java:onNext(403)) - omNode-1@group-523986131536->omNode-2-InstallSnapshotResponseHandler: received a reply omNode-1<-omNode-2#0:FAIL-t6,IN_PROGRESS
2022-10-18 06:30:59,196 [grpc-default-executor-1] INFO  server.GrpcLogAppender (GrpcLogAppender.java:onNext(421)) - omNode-1@group-523986131536->omNode-2-InstallSnapshotResponseHandler: InstallSnapshot in progress.
2022-10-18 06:30:59,196 [omNode-1@group-523986131536->omNode-2-GrpcLogAppender-LogAppenderDaemon] INFO  server.GrpcLogAppender (GrpcLogAppender.java:installSnapshot(541)) - omNode-1@group-523986131536->omNode-2-GrpcLogAppender: followerNextIndex = 57 but logStartIndex = 59, notify follower to install snapshot-(t:5, i:59)
2022-10-18 06:30:59,197 [omNode-1@group-523986131536->omNode-2-GrpcLogAppender-LogAppenderDaemon] INFO  server.GrpcLogAppender (GrpcLogAppender.java:installSnapshot(549)) - omNode-1@group-523986131536->omNode-2-GrpcLogAppender: send omNode-1->omNode-2#0-t6,notify:(t:5, i:59)
2022-10-18 06:30:59,198 [omNode-2-server-thread1] INFO  server.RaftServer$Division (RaftServerImpl.java:checkInconsistentAppendEntries(1402)) - omNode-2@group-523986131536: Failed appendEntries as snapshot (59) installation is in progress
2022-10-18 06:30:59,198 [omNode-2-server-thread1] INFO  server.RaftServer$Division (RaftServerImpl.java:checkInconsistentAppendEntries(1394)) - omNode-2@group-523986131536: inconsistency entries. Reply:omNode-1<-omNode-2#124:FAIL-t6,INCONSISTENCY,nextIndex=57,followerCommit=56
2022-10-18 06:30:59,198 [grpc-default-executor-2] INFO  impl.SnapshotInstallationHandler (SnapshotInstallationHandler.java:installSnapshot(84)) - omNode-2@group-523986131536: receive installSnapshot: omNode-1->omNode-2#0-t6,notify:(t:5, i:59)
2022-10-18 06:30:59,199 [grpc-default-executor-2] INFO  impl.SnapshotInstallationHandler (SnapshotInstallationHandler.java:installSnapshot(95)) - omNode-2@group-523986131536: reply installSnapshot: omNode-1<-omNode-2#0:FAIL-t6,IN_PROGRESS
2022-10-18 06:30:59,199 [grpc-default-executor-2] INFO  server.GrpcServerProtocolService (GrpcServerProtocolService.java:onCompleted(140)) - omNode-2: Completed INSTALL_SNAPSHOT, lastRequest: omNode-1->omNode-2#0-t6,notify:(t:5, i:59)
2022-10-18 06:30:59,199 [grpc-default-executor-1] INFO  leader.FollowerInfo (FollowerInfoImpl.java:lambda$new$0(48)) - omNode-1@group-523986131536->omNode-2: nextIndex: updateUnconditionally 57 -> 57
2022-10-18 06:30:59,199 [grpc-default-executor-1] INFO  server.GrpcLogAppender (GrpcLogAppender.java:onNext(403)) - omNode-1@group-523986131536->omNode-2-InstallSnapshotResponseHandler: received a reply omNode-1<-omNode-2#0:FAIL-t6,IN_PROGRESS
2022-10-18 06:30:59,199 [grpc-default-executor-1] INFO  server.GrpcLogAppender (GrpcLogAppender.java:onNext(421)) - omNode-1@group-523986131536->omNode-2-InstallSnapshotResponseHandler: InstallSnapshot in progress.
2022-10-18 06:30:59,200 [omNode-1@group-523986131536->omNode-2-GrpcLogAppender-LogAppenderDaemon] INFO  server.GrpcLogAppender (GrpcLogAppender.java:installSnapshot(541)) - omNode-1@group-523986131536->omNode-2-GrpcLogAppender: followerNextIndex = 57 but logStartIndex = 59, notify follower to install snapshot-(t:5, i:59)
2022-10-18 06:30:59,200 [omNode-1@group-523986131536->omNode-2-GrpcLogAppender-LogAppenderDaemon] INFO  server.GrpcLogAppender (GrpcLogAppender.java:installSnapshot(549)) - omNode-1@group-523986131536->omNode-2-GrpcLogAppender: send omNode-1->omNode-2#0-t6,notify:(t:5, i:59)
2022-10-18 06:30:59,201 [omNode-2-server-thread1] INFO  server.RaftServer$Division (RaftServerImpl.java:checkInconsistentAppendEntries(1402)) - omNode-2@group-523986131536: Failed appendEntries as snapshot (59) installation is in progress
2022-10-18 06:30:59,201 [omNode-2-server-thread1] INFO  server.RaftServer$Division (RaftServerImpl.java:checkInconsistentAppendEntries(1394)) - omNode-2@group-523986131536: inconsistency entries. Reply:omNode-1<-omNode-2#125:FAIL-t6,INCONSISTENCY,nextIndex=57,followerCommit=56
2022-10-18 06:30:59,202 [grpc-default-executor-1] INFO  leader.FollowerInfo (FollowerInfoImpl.java:lambda$new$0(48)) - omNode-1@group-523986131536->omNode-2: nextIndex: updateUnconditionally 57 -> 57
2022-10-18 06:30:59,202 [grpc-default-executor-2] INFO  impl.SnapshotInstallationHandler (SnapshotInstallationHandler.java:installSnapshot(84)) - omNode-2@group-523986131536: receive installSnapshot: omNode-1->omNode-2#0-t6,notify:(t:5, i:59)
2022-10-18 06:30:59,205 [grpc-default-executor-2] INFO  impl.SnapshotInstallationHandler (SnapshotInstallationHandler.java:installSnapshot(95)) - omNode-2@group-523986131536: reply installSnapshot: omNode-1<-omNode-2#0:FAIL-t6,IN_PROGRESS
2022-10-18 06:30:59,205 [grpc-default-executor-2] INFO  server.GrpcServerProtocolService (GrpcServerProtocolService.java:onCompleted(140)) - omNode-2: Completed INSTALL_SNAPSHOT, lastRequest: omNode-1->omNode-2#0-t6,notify:(t:5, i:59)
2022-10-18 06:30:59,205 [grpc-default-executor-1] INFO  server.GrpcLogAppender (GrpcLogAppender.java:onNext(403)) - omNode-1@group-523986131536->omNode-2-InstallSnapshotResponseHandler: received a reply omNode-1<-omNode-2#0:FAIL-t6,IN_PROGRESS
2022-10-18 06:30:59,205 [grpc-default-executor-1] INFO  server.GrpcLogAppender (GrpcLogAppender.java:onNext(421)) - omNode-1@group-523986131536->omNode-2-InstallSnapshotResponseHandler: InstallSnapshot in progress.
2022-10-18 06:30:59,206 [omNode-1@group-523986131536->omNode-2-GrpcLogAppender-LogAppenderDaemon] INFO  server.GrpcLogAppender (GrpcLogAppender.java:installSnapshot(541)) - omNode-1@group-523986131536->omNode-2-GrpcLogAppender: followerNextIndex = 57 but logStartIndex = 59, notify follower to install snapshot-(t:5, i:59)
2022-10-18 06:30:59,206 [omNode-1@group-523986131536->omNode-2-GrpcLogAppender-LogAppenderDaemon] INFO  server.GrpcLogAppender (GrpcLogAppender.java:installSnapshot(549)) - omNode-1@group-523986131536->omNode-2-GrpcLogAppender: send omNode-1->omNode-2#0-t6,notify:(t:5, i:59)
2022-10-18 06:30:59,206 [omNode-2-server-thread1] INFO  server.RaftServer$Division (RaftServerImpl.java:checkInconsistentAppendEntries(1402)) - omNode-2@group-523986131536: Failed appendEntries as snapshot (59) installation is in progress
2022-10-18 06:30:59,207 [omNode-2-server-thread1] INFO  server.RaftServer$Division (RaftServerImpl.java:checkInconsistentAppendEntries(1394)) - omNode-2@group-523986131536: inconsistency entries. Reply:omNode-1<-omNode-2#126:FAIL-t6,INCONSISTENCY,nextIndex=57,followerCommit=56
2022-10-18 06:30:59,207 [grpc-default-executor-2] INFO  impl.SnapshotInstallationHandler (SnapshotInstallationHandler.java:installSnapshot(84)) - omNode-2@group-523986131536: receive installSnapshot: omNode-1->omNode-2#0-t6,notify:(t:5, i:59)
2022-10-18 06:30:59,207 [grpc-default-executor-2] INFO  impl.SnapshotInstallationHandler (SnapshotInstallationHandler.java:installSnapshot(95)) - omNode-2@group-523986131536: reply installSnapshot: omNode-1<-omNode-2#0:FAIL-t6,IN_PROGRESS
2022-10-18 06:30:59,207 [grpc-default-executor-2] INFO  server.GrpcServerProtocolService (GrpcServerProtocolService.java:onCompleted(140)) - omNode-2: Completed INSTALL_SNAPSHOT, lastRequest: omNode-1->omNode-2#0-t6,notify:(t:5, i:59)
2022-10-18 06:30:59,208 [grpc-default-executor-1] INFO  leader.FollowerInfo (FollowerInfoImpl.java:lambda$new$0(48)) - omNode-1@group-523986131536->omNode-2: nextIndex: updateUnconditionally 57 -> 57
2022-10-18 06:30:59,208 [grpc-default-executor-1] INFO  server.GrpcLogAppender (GrpcLogAppender.java:onNext(403)) - omNode-1@group-523986131536->omNode-2-InstallSnapshotResponseHandler: received a reply omNode-1<-omNode-2#0:FAIL-t6,IN_PROGRESS
2022-10-18 06:30:59,208 [grpc-default-executor-1] INFO  server.GrpcLogAppender (GrpcLogAppender.java:onNext(421)) - omNode-1@group-523986131536->omNode-2-InstallSnapshotResponseHandler: InstallSnapshot in progress.
2022-10-18 06:30:59,208 [omNode-1@group-523986131536->omNode-2-GrpcLogAppender-LogAppenderDaemon] INFO  server.GrpcLogAppender (GrpcLogAppender.java:installSnapshot(541)) - omNode-1@group-523986131536->omNode-2-GrpcLogAppender: followerNextIndex = 57 but logStartIndex = 59, notify follower to install snapshot-(t:5, i:59)
2022-10-18 06:30:59,208 [omNode-1@group-523986131536->omNode-2-GrpcLogAppender-LogAppenderDaemon] INFO  server.GrpcLogAppender (GrpcLogAppender.java:installSnapshot(549)) - omNode-1@group-523986131536->omNode-2-GrpcLogAppender: send omNode-1->omNode-2#0-t6,notify:(t:5, i:59)
2022-10-18 06:30:59,209 [omNode-2-server-thread1] INFO  server.RaftServer$Division (RaftServerImpl.java:checkInconsistentAppendEntries(1402)) - omNode-2@group-523986131536: Failed appendEntries as snapshot (59) installation is in progress
2022-10-18 06:30:59,209 [omNode-2-server-thread1] INFO  server.RaftServer$Division (RaftServerImpl.java:checkInconsistentAppendEntries(1394)) - omNode-2@group-523986131536: inconsistency entries. Reply:omNode-1<-omNode-2#127:FAIL-t6,INCONSISTENCY,nextIndex=57,followerCommit=56
2022-10-18 06:30:59,210 [grpc-default-executor-2] INFO  impl.SnapshotInstallationHandler (SnapshotInstallationHandler.java:installSnapshot(84)) - omNode-2@group-523986131536: receive installSnapshot: omNode-1->omNode-2#0-t6,notify:(t:5, i:59)
2022-10-18 06:30:59,210 [grpc-default-executor-2] INFO  impl.SnapshotInstallationHandler (SnapshotInstallationHandler.java:installSnapshot(95)) - omNode-2@group-523986131536: reply installSnapshot: omNode-1<-omNode-2#0:FAIL-t6,IN_PROGRESS
2022-10-18 06:30:59,210 [grpc-default-executor-2] INFO  server.GrpcServerProtocolService (GrpcServerProtocolService.java:onCompleted(140)) - omNode-2: Completed INSTALL_SNAPSHOT, lastRequest: omNode-1->omNode-2#0-t6,notify:(t:5, i:59)
2022-10-18 06:30:59,210 [grpc-default-executor-1] INFO  leader.FollowerInfo (FollowerInfoImpl.java:lambda$new$0(48)) - omNode-1@group-523986131536->omNode-2: nextIndex: updateUnconditionally 57 -> 57
2022-10-18 06:30:59,211 [grpc-default-executor-1] INFO  server.GrpcLogAppender (GrpcLogAppender.java:onNext(403)) - omNode-1@group-523986131536->omNode-2-InstallSnapshotResponseHandler: received a reply omNode-1<-omNode-2#0:FAIL-t6,IN_PROGRESS
2022-10-18 06:30:59,211 [grpc-default-executor-1] INFO  server.GrpcLogAppender (GrpcLogAppender.java:onNext(421)) - omNode-1@group-523986131536->omNode-2-InstallSnapshotResponseHandler: InstallSnapshot in progress.
2022-10-18 06:30:59,211 [omNode-1@group-523986131536->omNode-2-GrpcLogAppender-LogAppenderDaemon] INFO  server.GrpcLogAppender (GrpcLogAppender.java:installSnapshot(541)) - omNode-1@group-523986131536->omNode-2-GrpcLogAppender: followerNextIndex = 57 but logStartIndex = 59, notify follower to install snapshot-(t:5, i:59)
2022-10-18 06:30:59,211 [omNode-1@group-523986131536->omNode-2-GrpcLogAppender-LogAppenderDaemon] INFO  server.GrpcLogAppender (GrpcLogAppender.java:installSnapshot(549)) - omNode-1@group-523986131536->omNode-2-GrpcLogAppender: send omNode-1->omNode-2#0-t6,notify:(t:5, i:59)
2022-10-18 06:30:59,211 [omNode-2-server-thread1] INFO  server.RaftServer$Division (RaftServerImpl.java:checkInconsistentAppendEntries(1402)) - omNode-2@group-523986131536: Failed appendEntries as snapshot (59) installation is in progress
2022-10-18 06:30:59,211 [omNode-2-server-thread1] INFO  server.RaftServer$Division (RaftServerImpl.java:checkInconsistentAppendEntries(1394)) - omNode-2@group-523986131536: inconsistency entries. Reply:omNode-1<-omNode-2#128:FAIL-t6,INCONSISTENCY,nextIndex=57,followerCommit=56
2022-10-18 06:30:59,211 [grpc-default-executor-1] INFO  leader.FollowerInfo (FollowerInfoImpl.java:lambda$new$0(48)) - omNode-1@group-523986131536->omNode-2: nextIndex: updateUnconditionally 57 -> 57
2022-10-18 06:30:59,212 [grpc-default-executor-2] INFO  impl.SnapshotInstallationHandler (SnapshotInstallationHandler.java:installSnapshot(84)) - omNode-2@group-523986131536: receive installSnapshot: omNode-1->omNode-2#0-t6,notify:(t:5, i:59)
2022-10-18 06:30:59,212 [grpc-default-executor-2] INFO  impl.SnapshotInstallationHandler (SnapshotInstallationHandler.java:installSnapshot(95)) - omNode-2@group-523986131536: reply installSnapshot: omNode-1<-omNode-2#0:FAIL-t6,IN_PROGRESS
2022-10-18 06:30:59,212 [grpc-default-executor-2] INFO  server.GrpcServerProtocolService (GrpcServerProtocolService.java:onCompleted(140)) - omNode-2: Completed INSTALL_SNAPSHOT, lastRequest: omNode-1->omNode-2#0-t6,notify:(t:5, i:59)
2022-10-18 06:30:59,213 [grpc-default-executor-1] INFO  server.GrpcLogAppender (GrpcLogAppender.java:onNext(403)) - omNode-1@group-523986131536->omNode-2-InstallSnapshotResponseHandler: received a reply omNode-1<-omNode-2#0:FAIL-t6,IN_PROGRESS
2022-10-18 06:30:59,213 [grpc-default-executor-1] INFO  server.GrpcLogAppender (GrpcLogAppender.java:onNext(421)) - omNode-1@group-523986131536->omNode-2-InstallSnapshotResponseHandler: InstallSnapshot in progress.
2022-10-18 06:30:59,213 [omNode-1@group-523986131536->omNode-2-GrpcLogAppender-LogAppenderDaemon] INFO  server.GrpcLogAppender (GrpcLogAppender.java:installSnapshot(541)) - omNode-1@group-523986131536->omNode-2-GrpcLogAppender: followerNextIndex = 57 but logStartIndex = 59, notify follower to install snapshot-(t:5, i:59)
2022-10-18 06:30:59,213 [omNode-1@group-523986131536->omNode-2-GrpcLogAppender-LogAppenderDaemon] INFO  server.GrpcLogAppender (GrpcLogAppender.java:installSnapshot(549)) - omNode-1@group-523986131536->omNode-2-GrpcLogAppender: send omNode-1->omNode-2#0-t6,notify:(t:5, i:59)
2022-10-18 06:30:59,213 [omNode-2-server-thread1] INFO  server.RaftServer$Division (RaftServerImpl.java:checkInconsistentAppendEntries(1402)) - omNode-2@group-523986131536: Failed appendEntries as snapshot (59) installation is in progress
2022-10-18 06:30:59,213 [omNode-2-server-thread1] INFO  server.RaftServer$Division (RaftServerImpl.java:checkInconsistentAppendEntries(1394)) - omNode-2@group-523986131536: inconsistency entries. Reply:omNode-1<-omNode-2#129:FAIL-t6,INCONSISTENCY,nextIndex=57,followerCommit=56
2022-10-18 06:30:59,213 [grpc-default-executor-1] INFO  leader.FollowerInfo (FollowerInfoImpl.java:lambda$new$0(48)) - omNode-1@group-523986131536->omNode-2: nextIndex: updateUnconditionally 57 -> 57
2022-10-18 06:30:59,214 [grpc-default-executor-2] INFO  impl.SnapshotInstallationHandler (SnapshotInstallationHandler.java:installSnapshot(84)) - omNode-2@group-523986131536: receive installSnapshot: omNode-1->omNode-2#0-t6,notify:(t:5, i:59)
2022-10-18 06:30:59,214 [grpc-default-executor-2] INFO  impl.SnapshotInstallationHandler (SnapshotInstallationHandler.java:installSnapshot(95)) - omNode-2@group-523986131536: reply installSnapshot: omNode-1<-omNode-2#0:FAIL-t6,IN_PROGRESS
2022-10-18 06:30:59,214 [grpc-default-executor-2] INFO  server.GrpcServerProtocolService (GrpcServerProtocolService.java:onCompleted(140)) - omNode-2: Completed INSTALL_SNAPSHOT, lastRequest: omNode-1->omNode-2#0-t6,notify:(t:5, i:59)
2022-10-18 06:30:59,215 [grpc-default-executor-1] INFO  server.GrpcLogAppender (GrpcLogAppender.java:onNext(403)) - omNode-1@group-523986131536->omNode-2-InstallSnapshotResponseHandler: received a reply omNode-1<-omNode-2#0:FAIL-t6,IN_PROGRESS
2022-10-18 06:30:59,215 [grpc-default-executor-1] INFO  server.GrpcLogAppender (GrpcLogAppender.java:onNext(421)) - omNode-1@group-523986131536->omNode-2-InstallSnapshotResponseHandler: InstallSnapshot in progress.
2022-10-18 06:30:59,215 [omNode-1@group-523986131536->omNode-2-GrpcLogAppender-LogAppenderDaemon] INFO  server.GrpcLogAppender (GrpcLogAppender.java:installSnapshot(541)) - omNode-1@group-523986131536->omNode-2-GrpcLogAppender: followerNextIndex = 57 but logStartIndex = 59, notify follower to install snapshot-(t:5, i:59)
2022-10-18 06:30:59,215 [omNode-1@group-523986131536->omNode-2-GrpcLogAppender-LogAppenderDaemon] INFO  server.GrpcLogAppender (GrpcLogAppender.java:installSnapshot(549)) - omNode-1@group-523986131536->omNode-2-GrpcLogAppender: send omNode-1->omNode-2#0-t6,notify:(t:5, i:59)
2022-10-18 06:30:59,216 [omNode-2-server-thread1] INFO  server.RaftServer$Division (RaftServerImpl.java:checkInconsistentAppendEntries(1402)) - omNode-2@group-523986131536: Failed appendEntries as snapshot (59) installation is in progress
2022-10-18 06:30:59,217 [omNode-2-server-thread1] INFO  server.RaftServer$Division (RaftServerImpl.java:checkInconsistentAppendEntries(1394)) - omNode-2@group-523986131536: inconsistency entries. Reply:omNode-1<-omNode-2#130:FAIL-t6,INCONSISTENCY,nextIndex=57,followerCommit=56
2022-10-18 06:30:59,217 [grpc-default-executor-2] INFO  impl.SnapshotInstallationHandler (SnapshotInstallationHandler.java:installSnapshot(84)) - omNode-2@group-523986131536: receive installSnapshot: omNode-1->omNode-2#0-t6,notify:(t:5, i:59)
2022-10-18 06:30:59,217 [grpc-default-executor-2] INFO  impl.SnapshotInstallationHandler (SnapshotInstallationHandler.java:installSnapshot(95)) - omNode-2@group-523986131536: reply installSnapshot: omNode-1<-omNode-2#0:FAIL-t6,IN_PROGRESS
2022-10-18 06:30:59,217 [grpc-default-executor-2] INFO  server.GrpcServerProtocolService (GrpcServerProtocolService.java:onCompleted(140)) - omNode-2: Completed INSTALL_SNAPSHOT, lastRequest: omNode-1->omNode-2#0-t6,notify:(t:5, i:59)
2022-10-18 06:30:59,218 [grpc-default-executor-1] INFO  leader.FollowerInfo (FollowerInfoImpl.java:lambda$new$0(48)) - omNode-1@group-523986131536->omNode-2: nextIndex: updateUnconditionally 57 -> 57
2022-10-18 06:30:59,218 [grpc-default-executor-1] INFO  server.GrpcLogAppender (GrpcLogAppender.java:onNext(403)) - omNode-1@group-523986131536->omNode-2-InstallSnapshotResponseHandler: received a reply omNode-1<-omNode-2#0:FAIL-t6,IN_PROGRESS
2022-10-18 06:30:59,218 [grpc-default-executor-1] INFO  server.GrpcLogAppender (GrpcLogAppender.java:onNext(421)) - omNode-1@group-523986131536->omNode-2-InstallSnapshotResponseHandler: InstallSnapshot in progress.
2022-10-18 06:30:59,218 [omNode-1@group-523986131536->omNode-2-GrpcLogAppender-LogAppenderDaemon] INFO  server.GrpcLogAppender (GrpcLogAppender.java:installSnapshot(541)) - omNode-1@group-523986131536->omNode-2-GrpcLogAppender: followerNextIndex = 57 but logStartIndex = 59, notify follower to install snapshot-(t:5, i:59)
2022-10-18 06:30:59,218 [omNode-1@group-523986131536->omNode-2-GrpcLogAppender-LogAppenderDaemon] INFO  server.GrpcLogAppender (GrpcLogAppender.java:installSnapshot(549)) - omNode-1@group-523986131536->omNode-2-GrpcLogAppender: send omNode-1->omNode-2#0-t6,notify:(t:5, i:59)
2022-10-18 06:30:59,218 [omNode-2-server-thread1] INFO  server.RaftServer$Division (RaftServerImpl.java:checkInconsistentAppendEntries(1402)) - omNode-2@group-523986131536: Failed appendEntries as snapshot (59) installation is in progress
2022-10-18 06:30:59,218 [omNode-2-server-thread1] INFO  server.RaftServer$Division (RaftServerImpl.java:checkInconsistentAppendEntries(1394)) - omNode-2@group-523986131536: inconsistency entries. Reply:omNode-1<-omNode-2#131:FAIL-t6,INCONSISTENCY,nextIndex=57,followerCommit=56
2022-10-18 06:30:59,219 [grpc-default-executor-1] INFO  leader.FollowerInfo (FollowerInfoImpl.java:lambda$new$0(48)) - omNode-1@group-523986131536->omNode-2: nextIndex: updateUnconditionally 57 -> 57
2022-10-18 06:30:59,219 [grpc-default-executor-2] INFO  impl.SnapshotInstallationHandler (SnapshotInstallationHandler.java:installSnapshot(84)) - omNode-2@group-523986131536: receive installSnapshot: omNode-1->omNode-2#0-t6,notify:(t:5, i:59)
2022-10-18 06:30:59,219 [grpc-default-executor-2] INFO  impl.SnapshotInstallationHandler (SnapshotInstallationHandler.java:installSnapshot(95)) - omNode-2@group-523986131536: reply installSnapshot: omNode-1<-omNode-2#0:FAIL-t6,IN_PROGRESS
2022-10-18 06:30:59,220 [grpc-default-executor-2] INFO  server.GrpcServerProtocolService (GrpcServerProtocolService.java:onCompleted(140)) - omNode-2: Completed INSTALL_SNAPSHOT, lastRequest: omNode-1->omNode-2#0-t6,notify:(t:5, i:59)
2022-10-18 06:30:59,220 [grpc-default-executor-1] INFO  server.GrpcLogAppender (GrpcLogAppender.java:onNext(403)) - omNode-1@group-523986131536->omNode-2-InstallSnapshotResponseHandler: received a reply omNode-1<-omNode-2#0:FAIL-t6,IN_PROGRESS
2022-10-18 06:30:59,220 [grpc-default-executor-1] INFO  server.GrpcLogAppender (GrpcLogAppender.java:onNext(421)) - omNode-1@group-523986131536->omNode-2-InstallSnapshotResponseHandler: InstallSnapshot in progress.
2022-10-18 06:30:59,220 [omNode-1@group-523986131536->omNode-2-GrpcLogAppender-LogAppenderDaemon] INFO  server.GrpcLogAppender (GrpcLogAppender.java:installSnapshot(541)) - omNode-1@group-523986131536->omNode-2-GrpcLogAppender: followerNextIndex = 57 but logStartIndex = 59, notify follower to install snapshot-(t:5, i:59)
2022-10-18 06:30:59,220 [omNode-1@group-523986131536->omNode-2-GrpcLogAppender-LogAppenderDaemon] INFO  server.GrpcLogAppender (GrpcLogAppender.java:installSnapshot(549)) - omNode-1@group-523986131536->omNode-2-GrpcLogAppender: send omNode-1->omNode-2#0-t6,notify:(t:5, i:59)
2022-10-18 06:30:59,222 [omNode-2-server-thread1] INFO  server.RaftServer$Division (RaftServerImpl.java:checkInconsistentAppendEntries(1402)) - omNode-2@group-523986131536: Failed appendEntries as snapshot (59) installation is in progress
2022-10-18 06:30:59,222 [omNode-2-server-thread1] INFO  server.RaftServer$Division (RaftServerImpl.java:checkInconsistentAppendEntries(1394)) - omNode-2@group-523986131536: inconsistency entries. Reply:omNode-1<-omNode-2#132:FAIL-t6,INCONSISTENCY,nextIndex=57,followerCommit=56
2022-10-18 06:30:59,222 [grpc-default-executor-2] INFO  impl.SnapshotInstallationHandler (SnapshotInstallationHandler.java:installSnapshot(84)) - omNode-2@group-523986131536: receive installSnapshot: omNode-1->omNode-2#0-t6,notify:(t:5, i:59)
2022-10-18 06:30:59,222 [grpc-default-executor-2] INFO  impl.SnapshotInstallationHandler (SnapshotInstallationHandler.java:installSnapshot(95)) - omNode-2@group-523986131536: reply installSnapshot: omNode-1<-omNode-2#0:FAIL-t6,IN_PROGRESS
2022-10-18 06:30:59,222 [grpc-default-executor-2] INFO  server.GrpcServerProtocolService (GrpcServerProtocolService.java:onCompleted(140)) - omNode-2: Completed INSTALL_SNAPSHOT, lastRequest: omNode-1->omNode-2#0-t6,notify:(t:5, i:59)
2022-10-18 06:30:59,223 [grpc-default-executor-1] INFO  leader.FollowerInfo (FollowerInfoImpl.java:lambda$new$0(48)) - omNode-1@group-523986131536->omNode-2: nextIndex: updateUnconditionally 57 -> 57
2022-10-18 06:30:59,223 [grpc-default-executor-1] INFO  server.GrpcLogAppender (GrpcLogAppender.java:onNext(403)) - omNode-1@group-523986131536->omNode-2-InstallSnapshotResponseHandler: received a reply omNode-1<-omNode-2#0:FAIL-t6,IN_PROGRESS
2022-10-18 06:30:59,223 [grpc-default-executor-1] INFO  server.GrpcLogAppender (GrpcLogAppender.java:onNext(421)) - omNode-1@group-523986131536->omNode-2-InstallSnapshotResponseHandler: InstallSnapshot in progress.
2022-10-18 06:30:59,223 [omNode-1@group-523986131536->omNode-2-GrpcLogAppender-LogAppenderDaemon] INFO  server.GrpcLogAppender (GrpcLogAppender.java:installSnapshot(541)) - omNode-1@group-523986131536->omNode-2-GrpcLogAppender: followerNextIndex = 57 but logStartIndex = 59, notify follower to install snapshot-(t:5, i:59)
2022-10-18 06:30:59,223 [omNode-1@group-523986131536->omNode-2-GrpcLogAppender-LogAppenderDaemon] INFO  server.GrpcLogAppender (GrpcLogAppender.java:installSnapshot(549)) - omNode-1@group-523986131536->omNode-2-GrpcLogAppender: send omNode-1->omNode-2#0-t6,notify:(t:5, i:59)
2022-10-18 06:30:59,230 [pool-366-thread-1] INFO  snapshot.OzoneManagerSnapshotProvider (OzoneManagerSnapshotProvider.java:getOzoneManagerDBSnapshot(154)) - Successfully downloaded latest checkpoint from leader OM: omNode-1
2022-10-18 06:30:59,230 [pool-366-thread-1] INFO  om.OzoneManager (OzoneManager.java:installSnapshotFromLeader(3720)) - Downloaded checkpoint from Leader omNode-1 to the location /home/runner/work/ozone/ozone/hadoop-ozone/integration-test/target/test-dir/MiniOzoneClusterImpl-489ebd61-a341-4d14-a135-ade311a26152/omNode-2/snapshot/om.db-omNode-1-1666074658758
2022-10-18 06:30:59,231 [pool-366-thread-1] INFO  codec.RepeatedOmKeyInfoCodec (RepeatedOmKeyInfoCodec.java:<init>(41)) - RepeatedOmKeyInfoCodec ignorePipeline = true
2022-10-18 06:30:59,232 [pool-366-thread-1] INFO  codec.OmKeyInfoCodec (OmKeyInfoCodec.java:<init>(49)) - OmKeyInfoCodec ignorePipeline = true
2022-10-18 06:30:59,232 [pool-366-thread-1] INFO  codec.OmKeyInfoCodec (OmKeyInfoCodec.java:<init>(49)) - OmKeyInfoCodec ignorePipeline = true
2022-10-18 06:30:59,232 [pool-366-thread-1] INFO  codec.OmKeyInfoCodec (OmKeyInfoCodec.java:<init>(49)) - OmKeyInfoCodec ignorePipeline = true
2022-10-18 06:30:59,232 [pool-366-thread-1] INFO  codec.OmKeyInfoCodec (OmKeyInfoCodec.java:<init>(49)) - OmKeyInfoCodec ignorePipeline = true
2022-10-18 06:30:59,232 [pool-366-thread-1] INFO  codec.OmKeyInfoCodec (OmKeyInfoCodec.java:<init>(49)) - OmKeyInfoCodec ignorePipeline = true
2022-10-18 06:30:59,237 [omNode-2-server-thread1] INFO  server.RaftServer$Division (RaftServerImpl.java:checkInconsistentAppendEntries(1402)) - omNode-2@group-523986131536: Failed appendEntries as snapshot (59) installation is in progress
2022-10-18 06:30:59,237 [omNode-2-server-thread1] INFO  server.RaftServer$Division (RaftServerImpl.java:checkInconsistentAppendEntries(1394)) - omNode-2@group-523986131536: inconsistency entries. Reply:omNode-1<-omNode-2#133:FAIL-t6,INCONSISTENCY,nextIndex=57,followerCommit=56
2022-10-18 06:30:59,238 [grpc-default-executor-1] INFO  impl.SnapshotInstallationHandler (SnapshotInstallationHandler.java:installSnapshot(84)) - omNode-2@group-523986131536: receive installSnapshot: omNode-1->omNode-2#0-t6,notify:(t:5, i:59)
2022-10-18 06:30:59,238 [grpc-default-executor-1] INFO  impl.SnapshotInstallationHandler (SnapshotInstallationHandler.java:installSnapshot(95)) - omNode-2@group-523986131536: reply installSnapshot: omNode-1<-omNode-2#0:FAIL-t6,IN_PROGRESS
2022-10-18 06:30:59,238 [grpc-default-executor-1] INFO  server.GrpcServerProtocolService (GrpcServerProtocolService.java:onCompleted(140)) - omNode-2: Completed INSTALL_SNAPSHOT, lastRequest: omNode-1->omNode-2#0-t6,notify:(t:5, i:59)
2022-10-18 06:30:59,242 [grpc-default-executor-1] INFO  leader.FollowerInfo (FollowerInfoImpl.java:lambda$new$0(48)) - omNode-1@group-523986131536->omNode-2: nextIndex: updateUnconditionally 57 -> 57
2022-10-18 06:30:59,242 [grpc-default-executor-2] INFO  server.GrpcLogAppender (GrpcLogAppender.java:onNext(403)) - omNode-1@group-523986131536->omNode-2-InstallSnapshotResponseHandler: received a reply omNode-1<-omNode-2#0:FAIL-t6,IN_PROGRESS
2022-10-18 06:30:59,242 [grpc-default-executor-2] INFO  server.GrpcLogAppender (GrpcLogAppender.java:onNext(421)) - omNode-1@group-523986131536->omNode-2-InstallSnapshotResponseHandler: InstallSnapshot in progress.
2022-10-18 06:30:59,242 [omNode-1@group-523986131536->omNode-2-GrpcLogAppender-LogAppenderDaemon] INFO  server.GrpcLogAppender (GrpcLogAppender.java:installSnapshot(541)) - omNode-1@group-523986131536->omNode-2-GrpcLogAppender: followerNextIndex = 57 but logStartIndex = 59, notify follower to install snapshot-(t:5, i:59)
2022-10-18 06:30:59,242 [omNode-1@group-523986131536->omNode-2-GrpcLogAppender-LogAppenderDaemon] INFO  server.GrpcLogAppender (GrpcLogAppender.java:installSnapshot(549)) - omNode-1@group-523986131536->omNode-2-GrpcLogAppender: send omNode-1->omNode-2#0-t6,notify:(t:5, i:59)
2022-10-18 06:30:59,243 [omNode-2-server-thread1] INFO  server.RaftServer$Division (RaftServerImpl.java:checkInconsistentAppendEntries(1402)) - omNode-2@group-523986131536: Failed appendEntries as snapshot (59) installation is in progress
2022-10-18 06:30:59,243 [omNode-2-server-thread1] INFO  server.RaftServer$Division (RaftServerImpl.java:checkInconsistentAppendEntries(1394)) - omNode-2@group-523986131536: inconsistency entries. Reply:omNode-1<-omNode-2#134:FAIL-t6,INCONSISTENCY,nextIndex=57,followerCommit=56
2022-10-18 06:30:59,243 [grpc-default-executor-2] INFO  impl.SnapshotInstallationHandler (SnapshotInstallationHandler.java:installSnapshot(84)) - omNode-2@group-523986131536: receive installSnapshot: omNode-1->omNode-2#0-t6,notify:(t:5, i:59)
2022-10-18 06:30:59,243 [grpc-default-executor-2] INFO  impl.SnapshotInstallationHandler (SnapshotInstallationHandler.java:installSnapshot(95)) - omNode-2@group-523986131536: reply installSnapshot: omNode-1<-omNode-2#0:FAIL-t6,IN_PROGRESS
2022-10-18 06:30:59,243 [grpc-default-executor-2] INFO  server.GrpcServerProtocolService (GrpcServerProtocolService.java:onCompleted(140)) - omNode-2: Completed INSTALL_SNAPSHOT, lastRequest: omNode-1->omNode-2#0-t6,notify:(t:5, i:59)
2022-10-18 06:30:59,244 [grpc-default-executor-1] INFO  server.GrpcLogAppender (GrpcLogAppender.java:onNext(403)) - omNode-1@group-523986131536->omNode-2-InstallSnapshotResponseHandler: received a reply omNode-1<-omNode-2#0:FAIL-t6,IN_PROGRESS
2022-10-18 06:30:59,244 [grpc-default-executor-1] INFO  server.GrpcLogAppender (GrpcLogAppender.java:onNext(421)) - omNode-1@group-523986131536->omNode-2-InstallSnapshotResponseHandler: InstallSnapshot in progress.
2022-10-18 06:30:59,244 [omNode-1@group-523986131536->omNode-2-GrpcLogAppender-LogAppenderDaemon] INFO  server.GrpcLogAppender (GrpcLogAppender.java:installSnapshot(541)) - omNode-1@group-523986131536->omNode-2-GrpcLogAppender: followerNextIndex = 57 but logStartIndex = 59, notify follower to install snapshot-(t:5, i:59)
2022-10-18 06:30:59,244 [omNode-1@group-523986131536->omNode-2-GrpcLogAppender-LogAppenderDaemon] INFO  server.GrpcLogAppender (GrpcLogAppender.java:installSnapshot(549)) - omNode-1@group-523986131536->omNode-2-GrpcLogAppender: send omNode-1->omNode-2#0-t6,notify:(t:5, i:59)
2022-10-18 06:30:59,244 [grpc-default-executor-1] INFO  leader.FollowerInfo (FollowerInfoImpl.java:lambda$new$0(48)) - omNode-1@group-523986131536->omNode-2: nextIndex: updateUnconditionally 57 -> 57
2022-10-18 06:30:59,245 [omNode-2-server-thread1] INFO  server.RaftServer$Division (RaftServerImpl.java:checkInconsistentAppendEntries(1402)) - omNode-2@group-523986131536: Failed appendEntries as snapshot (59) installation is in progress
2022-10-18 06:30:59,245 [omNode-2-server-thread1] INFO  server.RaftServer$Division (RaftServerImpl.java:checkInconsistentAppendEntries(1394)) - omNode-2@group-523986131536: inconsistency entries. Reply:omNode-1<-omNode-2#135:FAIL-t6,INCONSISTENCY,nextIndex=57,followerCommit=56
2022-10-18 06:30:59,245 [grpc-default-executor-2] INFO  leader.FollowerInfo (FollowerInfoImpl.java:lambda$new$0(48)) - omNode-1@group-523986131536->omNode-2: nextIndex: updateUnconditionally 57 -> 57
2022-10-18 06:30:59,245 [grpc-default-executor-1] INFO  impl.SnapshotInstallationHandler (SnapshotInstallationHandler.java:installSnapshot(84)) - omNode-2@group-523986131536: receive installSnapshot: omNode-1->omNode-2#0-t6,notify:(t:5, i:59)
2022-10-18 06:30:59,245 [grpc-default-executor-0] WARN  server.GrpcLogAppender (LogUtils.java:warn(122)) - omNode-1@group-523986131536->omNode-3-AppendLogResponseHandler: Failed appendEntries: org.apache.ratis.thirdparty.io.grpc.StatusRuntimeException: UNAVAILABLE: io exception
2022-10-18 06:30:59,246 [grpc-default-executor-1] INFO  impl.SnapshotInstallationHandler (SnapshotInstallationHandler.java:installSnapshot(95)) - omNode-2@group-523986131536: reply installSnapshot: omNode-1<-omNode-2#0:FAIL-t6,IN_PROGRESS
2022-10-18 06:30:59,246 [grpc-default-executor-1] INFO  server.GrpcServerProtocolService (GrpcServerProtocolService.java:onCompleted(140)) - omNode-2: Completed INSTALL_SNAPSHOT, lastRequest: omNode-1->omNode-2#0-t6,notify:(t:5, i:59)
2022-10-18 06:30:59,246 [grpc-default-executor-0] WARN  server.GrpcLogAppender (GrpcLogAppender.java:resetClient(111)) - omNode-1@group-523986131536->omNode-3-GrpcLogAppender: Leader has not got in touch with Follower omNode-1@group-523986131536->omNode-3(c-1,m0,n146, attendVote=true, lastRpcSendTime=0, lastRpcResponseTime=1712) yet, just keep nextIndex unchanged and retry.
2022-10-18 06:30:59,247 [grpc-default-executor-0] INFO  server.GrpcLogAppender (GrpcLogAppender.java:onNext(403)) - omNode-1@group-523986131536->omNode-2-InstallSnapshotResponseHandler: received a reply omNode-1<-omNode-2#0:FAIL-t6,IN_PROGRESS
2022-10-18 06:30:59,247 [grpc-default-executor-0] INFO  server.GrpcLogAppender (GrpcLogAppender.java:onNext(421)) - omNode-1@group-523986131536->omNode-2-InstallSnapshotResponseHandler: InstallSnapshot in progress.
2022-10-18 06:30:59,248 [omNode-1@group-523986131536->omNode-2-GrpcLogAppender-LogAppenderDaemon] INFO  server.GrpcLogAppender (GrpcLogAppender.java:installSnapshot(541)) - omNode-1@group-523986131536->omNode-2-GrpcLogAppender: followerNextIndex = 57 but logStartIndex = 59, notify follower to install snapshot-(t:5, i:59)
2022-10-18 06:30:59,248 [omNode-1@group-523986131536->omNode-2-GrpcLogAppender-LogAppenderDaemon] INFO  server.GrpcLogAppender (GrpcLogAppender.java:installSnapshot(549)) - omNode-1@group-523986131536->omNode-2-GrpcLogAppender: send omNode-1->omNode-2#0-t6,notify:(t:5, i:59)
2022-10-18 06:30:59,248 [omNode-2-server-thread1] INFO  server.RaftServer$Division (RaftServerImpl.java:checkInconsistentAppendEntries(1402)) - omNode-2@group-523986131536: Failed appendEntries as snapshot (59) installation is in progress
2022-10-18 06:30:59,248 [omNode-2-server-thread1] INFO  server.RaftServer$Division (RaftServerImpl.java:checkInconsistentAppendEntries(1394)) - omNode-2@group-523986131536: inconsistency entries. Reply:omNode-1<-omNode-2#136:FAIL-t6,INCONSISTENCY,nextIndex=57,followerCommit=56
2022-10-18 06:30:59,248 [grpc-default-executor-0] INFO  leader.FollowerInfo (FollowerInfoImpl.java:lambda$new$0(48)) - omNode-1@group-523986131536->omNode-2: nextIndex: updateUnconditionally 57 -> 57
2022-10-18 06:30:59,249 [grpc-default-executor-0] INFO  impl.SnapshotInstallationHandler (SnapshotInstallationHandler.java:installSnapshot(84)) - omNode-2@group-523986131536: receive installSnapshot: omNode-1->omNode-2#0-t6,notify:(t:5, i:59)
2022-10-18 06:30:59,249 [grpc-default-executor-0] INFO  impl.SnapshotInstallationHandler (SnapshotInstallationHandler.java:installSnapshot(95)) - omNode-2@group-523986131536: reply installSnapshot: omNode-1<-omNode-2#0:FAIL-t6,IN_PROGRESS
2022-10-18 06:30:59,249 [grpc-default-executor-0] INFO  server.GrpcServerProtocolService (GrpcServerProtocolService.java:onCompleted(140)) - omNode-2: Completed INSTALL_SNAPSHOT, lastRequest: omNode-1->omNode-2#0-t6,notify:(t:5, i:59)
2022-10-18 06:30:59,250 [grpc-default-executor-0] INFO  server.GrpcLogAppender (GrpcLogAppender.java:onNext(403)) - omNode-1@group-523986131536->omNode-2-InstallSnapshotResponseHandler: received a reply omNode-1<-omNode-2#0:FAIL-t6,IN_PROGRESS
2022-10-18 06:30:59,250 [grpc-default-executor-0] INFO  server.GrpcLogAppender (GrpcLogAppender.java:onNext(421)) - omNode-1@group-523986131536->omNode-2-InstallSnapshotResponseHandler: InstallSnapshot in progress.
2022-10-18 06:30:59,250 [omNode-1@group-523986131536->omNode-2-GrpcLogAppender-LogAppenderDaemon] INFO  server.GrpcLogAppender (GrpcLogAppender.java:installSnapshot(541)) - omNode-1@group-523986131536->omNode-2-GrpcLogAppender: followerNextIndex = 57 but logStartIndex = 59, notify follower to install snapshot-(t:5, i:59)
2022-10-18 06:30:59,250 [omNode-1@group-523986131536->omNode-2-GrpcLogAppender-LogAppenderDaemon] INFO  server.GrpcLogAppender (GrpcLogAppender.java:installSnapshot(549)) - omNode-1@group-523986131536->omNode-2-GrpcLogAppender: send omNode-1->omNode-2#0-t6,notify:(t:5, i:59)
2022-10-18 06:30:59,250 [omNode-2-server-thread1] INFO  server.RaftServer$Division (RaftServerImpl.java:checkInconsistentAppendEntries(1402)) - omNode-2@group-523986131536: Failed appendEntries as snapshot (59) installation is in progress
2022-10-18 06:30:59,250 [omNode-2-server-thread1] INFO  server.RaftServer$Division (RaftServerImpl.java:checkInconsistentAppendEntries(1394)) - omNode-2@group-523986131536: inconsistency entries. Reply:omNode-1<-omNode-2#137:FAIL-t6,INCONSISTENCY,nextIndex=57,followerCommit=56
2022-10-18 06:30:59,251 [grpc-default-executor-0] INFO  impl.SnapshotInstallationHandler (SnapshotInstallationHandler.java:installSnapshot(84)) - omNode-2@group-523986131536: receive installSnapshot: omNode-1->omNode-2#0-t6,notify:(t:5, i:59)
2022-10-18 06:30:59,251 [grpc-default-executor-0] INFO  impl.SnapshotInstallationHandler (SnapshotInstallationHandler.java:installSnapshot(95)) - omNode-2@group-523986131536: reply installSnapshot: omNode-1<-omNode-2#0:FAIL-t6,IN_PROGRESS
2022-10-18 06:30:59,251 [grpc-default-executor-0] INFO  server.GrpcServerProtocolService (GrpcServerProtocolService.java:onCompleted(140)) - omNode-2: Completed INSTALL_SNAPSHOT, lastRequest: omNode-1->omNode-2#0-t6,notify:(t:5, i:59)
2022-10-18 06:30:59,252 [grpc-default-executor-0] INFO  leader.FollowerInfo (FollowerInfoImpl.java:lambda$new$0(48)) - omNode-1@group-523986131536->omNode-2: nextIndex: updateUnconditionally 57 -> 57
2022-10-18 06:30:59,252 [grpc-default-executor-0] INFO  server.GrpcLogAppender (GrpcLogAppender.java:onNext(403)) - omNode-1@group-523986131536->omNode-2-InstallSnapshotResponseHandler: received a reply omNode-1<-omNode-2#0:FAIL-t6,IN_PROGRESS
2022-10-18 06:30:59,252 [grpc-default-executor-0] INFO  server.GrpcLogAppender (GrpcLogAppender.java:onNext(421)) - omNode-1@group-523986131536->omNode-2-InstallSnapshotResponseHandler: InstallSnapshot in progress.
2022-10-18 06:30:59,252 [omNode-1@group-523986131536->omNode-2-GrpcLogAppender-LogAppenderDaemon] INFO  server.GrpcLogAppender (GrpcLogAppender.java:installSnapshot(541)) - omNode-1@group-523986131536->omNode-2-GrpcLogAppender: followerNextIndex = 57 but logStartIndex = 59, notify follower to install snapshot-(t:5, i:59)
2022-10-18 06:30:59,252 [omNode-1@group-523986131536->omNode-2-GrpcLogAppender-LogAppenderDaemon] INFO  server.GrpcLogAppender (GrpcLogAppender.java:installSnapshot(549)) - omNode-1@group-523986131536->omNode-2-GrpcLogAppender: send omNode-1->omNode-2#0-t6,notify:(t:5, i:59)
2022-10-18 06:30:59,253 [omNode-2-server-thread1] INFO  server.RaftServer$Division (RaftServerImpl.java:checkInconsistentAppendEntries(1402)) - omNode-2@group-523986131536: Failed appendEntries as snapshot (59) installation is in progress
2022-10-18 06:30:59,253 [omNode-2-server-thread1] INFO  server.RaftServer$Division (RaftServerImpl.java:checkInconsistentAppendEntries(1394)) - omNode-2@group-523986131536: inconsistency entries. Reply:omNode-1<-omNode-2#138:FAIL-t6,INCONSISTENCY,nextIndex=57,followerCommit=56
2022-10-18 06:30:59,253 [grpc-default-executor-1] INFO  impl.SnapshotInstallationHandler (SnapshotInstallationHandler.java:installSnapshot(84)) - omNode-2@group-523986131536: receive installSnapshot: omNode-1->omNode-2#0-t6,notify:(t:5, i:59)
2022-10-18 06:30:59,253 [grpc-default-executor-1] INFO  impl.SnapshotInstallationHandler (SnapshotInstallationHandler.java:installSnapshot(95)) - omNode-2@group-523986131536: reply installSnapshot: omNode-1<-omNode-2#0:FAIL-t6,IN_PROGRESS
2022-10-18 06:30:59,253 [grpc-default-executor-1] INFO  server.GrpcServerProtocolService (GrpcServerProtocolService.java:onCompleted(140)) - omNode-2: Completed INSTALL_SNAPSHOT, lastRequest: omNode-1->omNode-2#0-t6,notify:(t:5, i:59)
2022-10-18 06:30:59,255 [grpc-default-executor-0] INFO  server.GrpcLogAppender (GrpcLogAppender.java:onNext(403)) - omNode-1@group-523986131536->omNode-2-InstallSnapshotResponseHandler: received a reply omNode-1<-omNode-2#0:FAIL-t6,IN_PROGRESS
2022-10-18 06:30:59,255 [grpc-default-executor-0] INFO  server.GrpcLogAppender (GrpcLogAppender.java:onNext(421)) - omNode-1@group-523986131536->omNode-2-InstallSnapshotResponseHandler: InstallSnapshot in progress.
2022-10-18 06:30:59,255 [omNode-1@group-523986131536->omNode-2-GrpcLogAppender-LogAppenderDaemon] INFO  server.GrpcLogAppender (GrpcLogAppender.java:installSnapshot(541)) - omNode-1@group-523986131536->omNode-2-GrpcLogAppender: followerNextIndex = 57 but logStartIndex = 59, notify follower to install snapshot-(t:5, i:59)
2022-10-18 06:30:59,255 [grpc-default-executor-0] INFO  leader.FollowerInfo (FollowerInfoImpl.java:lambda$new$0(48)) - omNode-1@group-523986131536->omNode-2: nextIndex: updateUnconditionally 57 -> 57
2022-10-18 06:30:59,255 [omNode-1@group-523986131536->omNode-2-GrpcLogAppender-LogAppenderDaemon] INFO  server.GrpcLogAppender (GrpcLogAppender.java:installSnapshot(549)) - omNode-1@group-523986131536->omNode-2-GrpcLogAppender: send omNode-1->omNode-2#0-t6,notify:(t:5, i:59)
2022-10-18 06:30:59,255 [omNode-2-server-thread1] INFO  server.RaftServer$Division (RaftServerImpl.java:checkInconsistentAppendEntries(1402)) - omNode-2@group-523986131536: Failed appendEntries as snapshot (59) installation is in progress
2022-10-18 06:30:59,255 [omNode-2-server-thread1] INFO  server.RaftServer$Division (RaftServerImpl.java:checkInconsistentAppendEntries(1394)) - omNode-2@group-523986131536: inconsistency entries. Reply:omNode-1<-omNode-2#139:FAIL-t6,INCONSISTENCY,nextIndex=57,followerCommit=56
2022-10-18 06:30:59,261 [grpc-default-executor-0] INFO  impl.SnapshotInstallationHandler (SnapshotInstallationHandler.java:installSnapshot(84)) - omNode-2@group-523986131536: receive installSnapshot: omNode-1->omNode-2#0-t6,notify:(t:5, i:59)
2022-10-18 06:30:59,261 [grpc-default-executor-0] INFO  impl.SnapshotInstallationHandler (SnapshotInstallationHandler.java:installSnapshot(95)) - omNode-2@group-523986131536: reply installSnapshot: omNode-1<-omNode-2#0:FAIL-t6,IN_PROGRESS
2022-10-18 06:30:59,261 [grpc-default-executor-0] INFO  server.GrpcServerProtocolService (GrpcServerProtocolService.java:onCompleted(140)) - omNode-2: Completed INSTALL_SNAPSHOT, lastRequest: omNode-1->omNode-2#0-t6,notify:(t:5, i:59)
2022-10-18 06:30:59,262 [grpc-default-executor-0] INFO  leader.FollowerInfo (FollowerInfoImpl.java:lambda$new$0(48)) - omNode-1@group-523986131536->omNode-2: nextIndex: updateUnconditionally 57 -> 57
2022-10-18 06:30:59,262 [grpc-default-executor-0] INFO  server.GrpcLogAppender (GrpcLogAppender.java:onNext(403)) - omNode-1@group-523986131536->omNode-2-InstallSnapshotResponseHandler: received a reply omNode-1<-omNode-2#0:FAIL-t6,IN_PROGRESS
2022-10-18 06:30:59,262 [grpc-default-executor-0] INFO  server.GrpcLogAppender (GrpcLogAppender.java:onNext(421)) - omNode-1@group-523986131536->omNode-2-InstallSnapshotResponseHandler: InstallSnapshot in progress.
2022-10-18 06:30:59,262 [omNode-1@group-523986131536->omNode-2-GrpcLogAppender-LogAppenderDaemon] INFO  server.GrpcLogAppender (GrpcLogAppender.java:installSnapshot(541)) - omNode-1@group-523986131536->omNode-2-GrpcLogAppender: followerNextIndex = 57 but logStartIndex = 59, notify follower to install snapshot-(t:5, i:59)
2022-10-18 06:30:59,262 [omNode-1@group-523986131536->omNode-2-GrpcLogAppender-LogAppenderDaemon] INFO  server.GrpcLogAppender (GrpcLogAppender.java:installSnapshot(549)) - omNode-1@group-523986131536->omNode-2-GrpcLogAppender: send omNode-1->omNode-2#0-t6,notify:(t:5, i:59)
2022-10-18 06:30:59,263 [omNode-2-server-thread1] INFO  server.RaftServer$Division (RaftServerImpl.java:checkInconsistentAppendEntries(1402)) - omNode-2@group-523986131536: Failed appendEntries as snapshot (59) installation is in progress
2022-10-18 06:30:59,263 [omNode-2-server-thread1] INFO  server.RaftServer$Division (RaftServerImpl.java:checkInconsistentAppendEntries(1394)) - omNode-2@group-523986131536: inconsistency entries. Reply:omNode-1<-omNode-2#140:FAIL-t6,INCONSISTENCY,nextIndex=57,followerCommit=56
2022-10-18 06:30:59,263 [grpc-default-executor-0] INFO  impl.SnapshotInstallationHandler (SnapshotInstallationHandler.java:installSnapshot(84)) - omNode-2@group-523986131536: receive installSnapshot: omNode-1->omNode-2#0-t6,notify:(t:5, i:59)
2022-10-18 06:30:59,263 [grpc-default-executor-0] INFO  impl.SnapshotInstallationHandler (SnapshotInstallationHandler.java:installSnapshot(95)) - omNode-2@group-523986131536: reply installSnapshot: omNode-1<-omNode-2#0:FAIL-t6,IN_PROGRESS
2022-10-18 06:30:59,263 [grpc-default-executor-0] INFO  server.GrpcServerProtocolService (GrpcServerProtocolService.java:onCompleted(140)) - omNode-2: Completed INSTALL_SNAPSHOT, lastRequest: omNode-1->omNode-2#0-t6,notify:(t:5, i:59)
2022-10-18 06:30:59,264 [grpc-default-executor-1] INFO  server.GrpcLogAppender (GrpcLogAppender.java:onNext(403)) - omNode-1@group-523986131536->omNode-2-InstallSnapshotResponseHandler: received a reply omNode-1<-omNode-2#0:FAIL-t6,IN_PROGRESS
2022-10-18 06:30:59,264 [grpc-default-executor-1] INFO  server.GrpcLogAppender (GrpcLogAppender.java:onNext(421)) - omNode-1@group-523986131536->omNode-2-InstallSnapshotResponseHandler: InstallSnapshot in progress.
2022-10-18 06:30:59,264 [omNode-1@group-523986131536->omNode-2-GrpcLogAppender-LogAppenderDaemon] INFO  server.GrpcLogAppender (GrpcLogAppender.java:installSnapshot(541)) - omNode-1@group-523986131536->omNode-2-GrpcLogAppender: followerNextIndex = 57 but logStartIndex = 59, notify follower to install snapshot-(t:5, i:59)
2022-10-18 06:30:59,264 [omNode-1@group-523986131536->omNode-2-GrpcLogAppender-LogAppenderDaemon] INFO  server.GrpcLogAppender (GrpcLogAppender.java:installSnapshot(549)) - omNode-1@group-523986131536->omNode-2-GrpcLogAppender: send omNode-1->omNode-2#0-t6,notify:(t:5, i:59)
2022-10-18 06:30:59,265 [grpc-default-executor-1] INFO  leader.FollowerInfo (FollowerInfoImpl.java:lambda$new$0(48)) - omNode-1@group-523986131536->omNode-2: nextIndex: updateUnconditionally 57 -> 57
2022-10-18 06:30:59,265 [grpc-default-executor-1] INFO  impl.SnapshotInstallationHandler (SnapshotInstallationHandler.java:installSnapshot(84)) - omNode-2@group-523986131536: receive installSnapshot: omNode-1->omNode-2#0-t6,notify:(t:5, i:59)
2022-10-18 06:30:59,266 [grpc-default-executor-1] INFO  impl.SnapshotInstallationHandler (SnapshotInstallationHandler.java:installSnapshot(95)) - omNode-2@group-523986131536: reply installSnapshot: omNode-1<-omNode-2#0:FAIL-t6,IN_PROGRESS
2022-10-18 06:30:59,266 [grpc-default-executor-1] INFO  server.GrpcServerProtocolService (GrpcServerProtocolService.java:onCompleted(140)) - omNode-2: Completed INSTALL_SNAPSHOT, lastRequest: omNode-1->omNode-2#0-t6,notify:(t:5, i:59)
2022-10-18 06:30:59,266 [omNode-2-server-thread1] INFO  server.RaftServer$Division (RaftServerImpl.java:checkInconsistentAppendEntries(1402)) - omNode-2@group-523986131536: Failed appendEntries as snapshot (59) installation is in progress
2022-10-18 06:30:59,266 [omNode-2-server-thread1] INFO  server.RaftServer$Division (RaftServerImpl.java:checkInconsistentAppendEntries(1394)) - omNode-2@group-523986131536: inconsistency entries. Reply:omNode-1<-omNode-2#141:FAIL-t6,INCONSISTENCY,nextIndex=57,followerCommit=56
2022-10-18 06:30:59,267 [grpc-default-executor-0] INFO  server.GrpcLogAppender (GrpcLogAppender.java:onNext(403)) - omNode-1@group-523986131536->omNode-2-InstallSnapshotResponseHandler: received a reply omNode-1<-omNode-2#0:FAIL-t6,IN_PROGRESS
2022-10-18 06:30:59,267 [grpc-default-executor-0] INFO  server.GrpcLogAppender (GrpcLogAppender.java:onNext(421)) - omNode-1@group-523986131536->omNode-2-InstallSnapshotResponseHandler: InstallSnapshot in progress.
2022-10-18 06:30:59,268 [omNode-1@group-523986131536->omNode-2-GrpcLogAppender-LogAppenderDaemon] INFO  server.GrpcLogAppender (GrpcLogAppender.java:installSnapshot(541)) - omNode-1@group-523986131536->omNode-2-GrpcLogAppender: followerNextIndex = 57 but logStartIndex = 59, notify follower to install snapshot-(t:5, i:59)
2022-10-18 06:30:59,268 [grpc-default-executor-0] INFO  leader.FollowerInfo (FollowerInfoImpl.java:lambda$new$0(48)) - omNode-1@group-523986131536->omNode-2: nextIndex: updateUnconditionally 57 -> 57
2022-10-18 06:30:59,268 [omNode-2-server-thread1] INFO  server.RaftServer$Division (RaftServerImpl.java:checkInconsistentAppendEntries(1402)) - omNode-2@group-523986131536: Failed appendEntries as snapshot (59) installation is in progress
2022-10-18 06:30:59,268 [omNode-2-server-thread1] INFO  server.RaftServer$Division (RaftServerImpl.java:checkInconsistentAppendEntries(1394)) - omNode-2@group-523986131536: inconsistency entries. Reply:omNode-1<-omNode-2#142:FAIL-t6,INCONSISTENCY,nextIndex=57,followerCommit=56
2022-10-18 06:30:59,268 [omNode-1@group-523986131536->omNode-2-GrpcLogAppender-LogAppenderDaemon] INFO  server.GrpcLogAppender (GrpcLogAppender.java:installSnapshot(549)) - omNode-1@group-523986131536->omNode-2-GrpcLogAppender: send omNode-1->omNode-2#0-t6,notify:(t:5, i:59)
2022-10-18 06:30:59,269 [grpc-default-executor-0] INFO  leader.FollowerInfo (FollowerInfoImpl.java:lambda$new$0(48)) - omNode-1@group-523986131536->omNode-2: nextIndex: updateUnconditionally 57 -> 57
2022-10-18 06:30:59,269 [grpc-default-executor-0] INFO  impl.SnapshotInstallationHandler (SnapshotInstallationHandler.java:installSnapshot(84)) - omNode-2@group-523986131536: receive installSnapshot: omNode-1->omNode-2#0-t6,notify:(t:5, i:59)
2022-10-18 06:30:59,270 [grpc-default-executor-0] INFO  impl.SnapshotInstallationHandler (SnapshotInstallationHandler.java:installSnapshot(95)) - omNode-2@group-523986131536: reply installSnapshot: omNode-1<-omNode-2#0:FAIL-t6,IN_PROGRESS
2022-10-18 06:30:59,270 [grpc-default-executor-0] INFO  server.GrpcServerProtocolService (GrpcServerProtocolService.java:onCompleted(140)) - omNode-2: Completed INSTALL_SNAPSHOT, lastRequest: omNode-1->omNode-2#0-t6,notify:(t:5, i:59)
2022-10-18 06:30:59,275 [grpc-default-executor-0] INFO  server.GrpcLogAppender (GrpcLogAppender.java:onNext(403)) - omNode-1@group-523986131536->omNode-2-InstallSnapshotResponseHandler: received a reply omNode-1<-omNode-2#0:FAIL-t6,IN_PROGRESS
2022-10-18 06:30:59,275 [grpc-default-executor-0] INFO  server.GrpcLogAppender (GrpcLogAppender.java:onNext(421)) - omNode-1@group-523986131536->omNode-2-InstallSnapshotResponseHandler: InstallSnapshot in progress.
2022-10-18 06:30:59,275 [omNode-1@group-523986131536->omNode-2-GrpcLogAppender-LogAppenderDaemon] INFO  server.GrpcLogAppender (GrpcLogAppender.java:installSnapshot(541)) - omNode-1@group-523986131536->omNode-2-GrpcLogAppender: followerNextIndex = 57 but logStartIndex = 59, notify follower to install snapshot-(t:5, i:59)
2022-10-18 06:30:59,275 [omNode-1@group-523986131536->omNode-2-GrpcLogAppender-LogAppenderDaemon] INFO  server.GrpcLogAppender (GrpcLogAppender.java:installSnapshot(549)) - omNode-1@group-523986131536->omNode-2-GrpcLogAppender: send omNode-1->omNode-2#0-t6,notify:(t:5, i:59)
2022-10-18 06:30:59,276 [omNode-2-server-thread1] INFO  server.RaftServer$Division (RaftServerImpl.java:checkInconsistentAppendEntries(1402)) - omNode-2@group-523986131536: Failed appendEntries as snapshot (59) installation is in progress
2022-10-18 06:30:59,276 [omNode-2-server-thread1] INFO  server.RaftServer$Division (RaftServerImpl.java:checkInconsistentAppendEntries(1394)) - omNode-2@group-523986131536: inconsistency entries. Reply:omNode-1<-omNode-2#143:FAIL-t6,INCONSISTENCY,nextIndex=57,followerCommit=56
2022-10-18 06:30:59,276 [grpc-default-executor-0] INFO  impl.SnapshotInstallationHandler (SnapshotInstallationHandler.java:installSnapshot(84)) - omNode-2@group-523986131536: receive installSnapshot: omNode-1->omNode-2#0-t6,notify:(t:5, i:59)
2022-10-18 06:30:59,276 [grpc-default-executor-0] INFO  impl.SnapshotInstallationHandler (SnapshotInstallationHandler.java:installSnapshot(95)) - omNode-2@group-523986131536: reply installSnapshot: omNode-1<-omNode-2#0:FAIL-t6,IN_PROGRESS
2022-10-18 06:30:59,276 [grpc-default-executor-0] INFO  server.GrpcServerProtocolService (GrpcServerProtocolService.java:onCompleted(140)) - omNode-2: Completed INSTALL_SNAPSHOT, lastRequest: omNode-1->omNode-2#0-t6,notify:(t:5, i:59)
2022-10-18 06:30:59,277 [grpc-default-executor-0] INFO  leader.FollowerInfo (FollowerInfoImpl.java:lambda$new$0(48)) - omNode-1@group-523986131536->omNode-2: nextIndex: updateUnconditionally 57 -> 57
2022-10-18 06:30:59,277 [grpc-default-executor-0] INFO  server.GrpcLogAppender (GrpcLogAppender.java:onNext(403)) - omNode-1@group-523986131536->omNode-2-InstallSnapshotResponseHandler: received a reply omNode-1<-omNode-2#0:FAIL-t6,IN_PROGRESS
2022-10-18 06:30:59,277 [grpc-default-executor-0] INFO  server.GrpcLogAppender (GrpcLogAppender.java:onNext(421)) - omNode-1@group-523986131536->omNode-2-InstallSnapshotResponseHandler: InstallSnapshot in progress.
2022-10-18 06:30:59,277 [omNode-1@group-523986131536->omNode-2-GrpcLogAppender-LogAppenderDaemon] INFO  server.GrpcLogAppender (GrpcLogAppender.java:installSnapshot(541)) - omNode-1@group-523986131536->omNode-2-GrpcLogAppender: followerNextIndex = 57 but logStartIndex = 59, notify follower to install snapshot-(t:5, i:59)
2022-10-18 06:30:59,277 [omNode-1@group-523986131536->omNode-2-GrpcLogAppender-LogAppenderDaemon] INFO  server.GrpcLogAppender (GrpcLogAppender.java:installSnapshot(549)) - omNode-1@group-523986131536->omNode-2-GrpcLogAppender: send omNode-1->omNode-2#0-t6,notify:(t:5, i:59)
2022-10-18 06:30:59,279 [omNode-2-server-thread1] INFO  server.RaftServer$Division (RaftServerImpl.java:checkInconsistentAppendEntries(1402)) - omNode-2@group-523986131536: Failed appendEntries as snapshot (59) installation is in progress
2022-10-18 06:30:59,279 [omNode-2-server-thread1] INFO  server.RaftServer$Division (RaftServerImpl.java:checkInconsistentAppendEntries(1394)) - omNode-2@group-523986131536: inconsistency entries. Reply:omNode-1<-omNode-2#144:FAIL-t6,INCONSISTENCY,nextIndex=57,followerCommit=56
2022-10-18 06:30:59,279 [grpc-default-executor-0] INFO  impl.SnapshotInstallationHandler (SnapshotInstallationHandler.java:installSnapshot(84)) - omNode-2@group-523986131536: receive installSnapshot: omNode-1->omNode-2#0-t6,notify:(t:5, i:59)
2022-10-18 06:30:59,279 [grpc-default-executor-0] INFO  impl.SnapshotInstallationHandler (SnapshotInstallationHandler.java:installSnapshot(95)) - omNode-2@group-523986131536: reply installSnapshot: omNode-1<-omNode-2#0:FAIL-t6,IN_PROGRESS
2022-10-18 06:30:59,279 [grpc-default-executor-0] INFO  server.GrpcServerProtocolService (GrpcServerProtocolService.java:onCompleted(140)) - omNode-2: Completed INSTALL_SNAPSHOT, lastRequest: omNode-1->omNode-2#0-t6,notify:(t:5, i:59)
2022-10-18 06:30:59,280 [grpc-default-executor-0] INFO  leader.FollowerInfo (FollowerInfoImpl.java:lambda$new$0(48)) - omNode-1@group-523986131536->omNode-2: nextIndex: updateUnconditionally 57 -> 57
2022-10-18 06:30:59,280 [grpc-default-executor-0] INFO  server.GrpcLogAppender (GrpcLogAppender.java:onNext(403)) - omNode-1@group-523986131536->omNode-2-InstallSnapshotResponseHandler: received a reply omNode-1<-omNode-2#0:FAIL-t6,IN_PROGRESS
2022-10-18 06:30:59,280 [grpc-default-executor-0] INFO  server.GrpcLogAppender (GrpcLogAppender.java:onNext(421)) - omNode-1@group-523986131536->omNode-2-InstallSnapshotResponseHandler: InstallSnapshot in progress.
2022-10-18 06:30:59,280 [omNode-1@group-523986131536->omNode-2-GrpcLogAppender-LogAppenderDaemon] INFO  server.GrpcLogAppender (GrpcLogAppender.java:installSnapshot(541)) - omNode-1@group-523986131536->omNode-2-GrpcLogAppender: followerNextIndex = 57 but logStartIndex = 59, notify follower to install snapshot-(t:5, i:59)
2022-10-18 06:30:59,281 [omNode-1@group-523986131536->omNode-2-GrpcLogAppender-LogAppenderDaemon] INFO  server.GrpcLogAppender (GrpcLogAppender.java:installSnapshot(549)) - omNode-1@group-523986131536->omNode-2-GrpcLogAppender: send omNode-1->omNode-2#0-t6,notify:(t:5, i:59)
2022-10-18 06:30:59,281 [omNode-2-server-thread1] INFO  server.RaftServer$Division (RaftServerImpl.java:checkInconsistentAppendEntries(1402)) - omNode-2@group-523986131536: Failed appendEntries as snapshot (59) installation is in progress
2022-10-18 06:30:59,281 [omNode-2-server-thread1] INFO  server.RaftServer$Division (RaftServerImpl.java:checkInconsistentAppendEntries(1394)) - omNode-2@group-523986131536: inconsistency entries. Reply:omNode-1<-omNode-2#145:FAIL-t6,INCONSISTENCY,nextIndex=57,followerCommit=56
2022-10-18 06:30:59,281 [grpc-default-executor-0] INFO  impl.SnapshotInstallationHandler (SnapshotInstallationHandler.java:installSnapshot(84)) - omNode-2@group-523986131536: receive installSnapshot: omNode-1->omNode-2#0-t6,notify:(t:5, i:59)
2022-10-18 06:30:59,281 [grpc-default-executor-0] INFO  impl.SnapshotInstallationHandler (SnapshotInstallationHandler.java:installSnapshot(95)) - omNode-2@group-523986131536: reply installSnapshot: omNode-1<-omNode-2#0:FAIL-t6,IN_PROGRESS
2022-10-18 06:30:59,282 [grpc-default-executor-0] INFO  server.GrpcServerProtocolService (GrpcServerProtocolService.java:onCompleted(140)) - omNode-2: Completed INSTALL_SNAPSHOT, lastRequest: omNode-1->omNode-2#0-t6,notify:(t:5, i:59)
2022-10-18 06:30:59,282 [grpc-default-executor-0] INFO  leader.FollowerInfo (FollowerInfoImpl.java:lambda$new$0(48)) - omNode-1@group-523986131536->omNode-2: nextIndex: updateUnconditionally 57 -> 57
2022-10-18 06:30:59,282 [grpc-default-executor-0] INFO  server.GrpcLogAppender (GrpcLogAppender.java:onNext(403)) - omNode-1@group-523986131536->omNode-2-InstallSnapshotResponseHandler: received a reply omNode-1<-omNode-2#0:FAIL-t6,IN_PROGRESS
2022-10-18 06:30:59,282 [grpc-default-executor-0] INFO  server.GrpcLogAppender (GrpcLogAppender.java:onNext(421)) - omNode-1@group-523986131536->omNode-2-InstallSnapshotResponseHandler: InstallSnapshot in progress.
2022-10-18 06:30:59,283 [omNode-1@group-523986131536->omNode-2-GrpcLogAppender-LogAppenderDaemon] INFO  server.GrpcLogAppender (GrpcLogAppender.java:installSnapshot(541)) - omNode-1@group-523986131536->omNode-2-GrpcLogAppender: followerNextIndex = 57 but logStartIndex = 59, notify follower to install snapshot-(t:5, i:59)
2022-10-18 06:30:59,283 [omNode-1@group-523986131536->omNode-2-GrpcLogAppender-LogAppenderDaemon] INFO  server.GrpcLogAppender (GrpcLogAppender.java:installSnapshot(549)) - omNode-1@group-523986131536->omNode-2-GrpcLogAppender: send omNode-1->omNode-2#0-t6,notify:(t:5, i:59)
2022-10-18 06:30:59,283 [omNode-2-server-thread1] INFO  server.RaftServer$Division (RaftServerImpl.java:checkInconsistentAppendEntries(1402)) - omNode-2@group-523986131536: Failed appendEntries as snapshot (59) installation is in progress
2022-10-18 06:30:59,283 [omNode-2-server-thread1] INFO  server.RaftServer$Division (RaftServerImpl.java:checkInconsistentAppendEntries(1394)) - omNode-2@group-523986131536: inconsistency entries. Reply:omNode-1<-omNode-2#146:FAIL-t6,INCONSISTENCY,nextIndex=57,followerCommit=56
2022-10-18 06:30:59,283 [grpc-default-executor-1] INFO  impl.SnapshotInstallationHandler (SnapshotInstallationHandler.java:installSnapshot(84)) - omNode-2@group-523986131536: receive installSnapshot: omNode-1->omNode-2#0-t6,notify:(t:5, i:59)
2022-10-18 06:30:59,283 [grpc-default-executor-1] INFO  impl.SnapshotInstallationHandler (SnapshotInstallationHandler.java:installSnapshot(95)) - omNode-2@group-523986131536: reply installSnapshot: omNode-1<-omNode-2#0:FAIL-t6,IN_PROGRESS
2022-10-18 06:30:59,284 [grpc-default-executor-1] INFO  server.GrpcServerProtocolService (GrpcServerProtocolService.java:onCompleted(140)) - omNode-2: Completed INSTALL_SNAPSHOT, lastRequest: omNode-1->omNode-2#0-t6,notify:(t:5, i:59)
2022-10-18 06:30:59,284 [grpc-default-executor-0] INFO  server.GrpcLogAppender (GrpcLogAppender.java:onNext(403)) - omNode-1@group-523986131536->omNode-2-InstallSnapshotResponseHandler: received a reply omNode-1<-omNode-2#0:FAIL-t6,IN_PROGRESS
2022-10-18 06:30:59,284 [grpc-default-executor-0] INFO  server.GrpcLogAppender (GrpcLogAppender.java:onNext(421)) - omNode-1@group-523986131536->omNode-2-InstallSnapshotResponseHandler: InstallSnapshot in progress.
2022-10-18 06:30:59,284 [omNode-1@group-523986131536->omNode-2-GrpcLogAppender-LogAppenderDaemon] INFO  server.GrpcLogAppender (GrpcLogAppender.java:installSnapshot(541)) - omNode-1@group-523986131536->omNode-2-GrpcLogAppender: followerNextIndex = 57 but logStartIndex = 59, notify follower to install snapshot-(t:5, i:59)
2022-10-18 06:30:59,284 [grpc-default-executor-0] INFO  leader.FollowerInfo (FollowerInfoImpl.java:lambda$new$0(48)) - omNode-1@group-523986131536->omNode-2: nextIndex: updateUnconditionally 57 -> 57
2022-10-18 06:30:59,285 [omNode-1@group-523986131536->omNode-2-GrpcLogAppender-LogAppenderDaemon] INFO  server.GrpcLogAppender (GrpcLogAppender.java:installSnapshot(549)) - omNode-1@group-523986131536->omNode-2-GrpcLogAppender: send omNode-1->omNode-2#0-t6,notify:(t:5, i:59)
2022-10-18 06:30:59,285 [omNode-2-server-thread1] INFO  server.RaftServer$Division (RaftServerImpl.java:checkInconsistentAppendEntries(1402)) - omNode-2@group-523986131536: Failed appendEntries as snapshot (59) installation is in progress
2022-10-18 06:30:59,285 [omNode-2-server-thread1] INFO  server.RaftServer$Division (RaftServerImpl.java:checkInconsistentAppendEntries(1394)) - omNode-2@group-523986131536: inconsistency entries. Reply:omNode-1<-omNode-2#147:FAIL-t6,INCONSISTENCY,nextIndex=57,followerCommit=56
2022-10-18 06:30:59,286 [grpc-default-executor-0] INFO  impl.SnapshotInstallationHandler (SnapshotInstallationHandler.java:installSnapshot(84)) - omNode-2@group-523986131536: receive installSnapshot: omNode-1->omNode-2#0-t6,notify:(t:5, i:59)
2022-10-18 06:30:59,286 [grpc-default-executor-0] INFO  impl.SnapshotInstallationHandler (SnapshotInstallationHandler.java:installSnapshot(95)) - omNode-2@group-523986131536: reply installSnapshot: omNode-1<-omNode-2#0:FAIL-t6,IN_PROGRESS
2022-10-18 06:30:59,286 [grpc-default-executor-0] INFO  server.GrpcServerProtocolService (GrpcServerProtocolService.java:onCompleted(140)) - omNode-2: Completed INSTALL_SNAPSHOT, lastRequest: omNode-1->omNode-2#0-t6,notify:(t:5, i:59)
2022-10-18 06:30:59,286 [grpc-default-executor-0] INFO  leader.FollowerInfo (FollowerInfoImpl.java:lambda$new$0(48)) - omNode-1@group-523986131536->omNode-2: nextIndex: updateUnconditionally 57 -> 57
2022-10-18 06:30:59,287 [grpc-default-executor-0] INFO  server.GrpcLogAppender (GrpcLogAppender.java:onNext(403)) - omNode-1@group-523986131536->omNode-2-InstallSnapshotResponseHandler: received a reply omNode-1<-omNode-2#0:FAIL-t6,IN_PROGRESS
2022-10-18 06:30:59,287 [grpc-default-executor-0] INFO  server.GrpcLogAppender (GrpcLogAppender.java:onNext(421)) - omNode-1@group-523986131536->omNode-2-InstallSnapshotResponseHandler: InstallSnapshot in progress.
2022-10-18 06:30:59,287 [omNode-1@group-523986131536->omNode-2-GrpcLogAppender-LogAppenderDaemon] INFO  server.GrpcLogAppender (GrpcLogAppender.java:installSnapshot(541)) - omNode-1@group-523986131536->omNode-2-GrpcLogAppender: followerNextIndex = 57 but logStartIndex = 59, notify follower to install snapshot-(t:5, i:59)
2022-10-18 06:30:59,287 [omNode-1@group-523986131536->omNode-2-GrpcLogAppender-LogAppenderDaemon] INFO  server.GrpcLogAppender (GrpcLogAppender.java:installSnapshot(549)) - omNode-1@group-523986131536->omNode-2-GrpcLogAppender: send omNode-1->omNode-2#0-t6,notify:(t:5, i:59)
2022-10-18 06:30:59,289 [omNode-2-server-thread1] INFO  server.RaftServer$Division (RaftServerImpl.java:checkInconsistentAppendEntries(1402)) - omNode-2@group-523986131536: Failed appendEntries as snapshot (59) installation is in progress
2022-10-18 06:30:59,289 [omNode-2-server-thread1] INFO  server.RaftServer$Division (RaftServerImpl.java:checkInconsistentAppendEntries(1394)) - omNode-2@group-523986131536: inconsistency entries. Reply:omNode-1<-omNode-2#148:FAIL-t6,INCONSISTENCY,nextIndex=57,followerCommit=56
2022-10-18 06:30:59,289 [grpc-default-executor-0] INFO  impl.SnapshotInstallationHandler (SnapshotInstallationHandler.java:installSnapshot(84)) - omNode-2@group-523986131536: receive installSnapshot: omNode-1->omNode-2#0-t6,notify:(t:5, i:59)
2022-10-18 06:30:59,290 [grpc-default-executor-0] INFO  impl.SnapshotInstallationHandler (SnapshotInstallationHandler.java:installSnapshot(95)) - omNode-2@group-523986131536: reply installSnapshot: omNode-1<-omNode-2#0:FAIL-t6,IN_PROGRESS
2022-10-18 06:30:59,290 [grpc-default-executor-0] INFO  server.GrpcServerProtocolService (GrpcServerProtocolService.java:onCompleted(140)) - omNode-2: Completed INSTALL_SNAPSHOT, lastRequest: omNode-1->omNode-2#0-t6,notify:(t:5, i:59)
2022-10-18 06:30:59,290 [grpc-default-executor-2] INFO  server.GrpcLogAppender (GrpcLogAppender.java:onNext(403)) - omNode-1@group-523986131536->omNode-2-InstallSnapshotResponseHandler: received a reply omNode-1<-omNode-2#0:FAIL-t6,IN_PROGRESS
2022-10-18 06:30:59,290 [grpc-default-executor-2] INFO  server.GrpcLogAppender (GrpcLogAppender.java:onNext(421)) - omNode-1@group-523986131536->omNode-2-InstallSnapshotResponseHandler: InstallSnapshot in progress.
2022-10-18 06:30:59,290 [grpc-default-executor-1] INFO  leader.FollowerInfo (FollowerInfoImpl.java:lambda$new$0(48)) - omNode-1@group-523986131536->omNode-2: nextIndex: updateUnconditionally 57 -> 57
2022-10-18 06:30:59,291 [omNode-1@group-523986131536->omNode-2-GrpcLogAppender-LogAppenderDaemon] INFO  server.GrpcLogAppender (GrpcLogAppender.java:installSnapshot(541)) - omNode-1@group-523986131536->omNode-2-GrpcLogAppender: followerNextIndex = 57 but logStartIndex = 59, notify follower to install snapshot-(t:5, i:59)
2022-10-18 06:30:59,291 [omNode-1@group-523986131536->omNode-2-GrpcLogAppender-LogAppenderDaemon] INFO  server.GrpcLogAppender (GrpcLogAppender.java:installSnapshot(549)) - omNode-1@group-523986131536->omNode-2-GrpcLogAppender: send omNode-1->omNode-2#0-t6,notify:(t:5, i:59)
2022-10-18 06:30:59,291 [omNode-2-server-thread1] INFO  server.RaftServer$Division (RaftServerImpl.java:checkInconsistentAppendEntries(1402)) - omNode-2@group-523986131536: Failed appendEntries as snapshot (59) installation is in progress
2022-10-18 06:30:59,291 [grpc-default-executor-2] INFO  impl.SnapshotInstallationHandler (SnapshotInstallationHandler.java:installSnapshot(84)) - omNode-2@group-523986131536: receive installSnapshot: omNode-1->omNode-2#0-t6,notify:(t:5, i:59)
2022-10-18 06:30:59,292 [omNode-2-server-thread1] INFO  server.RaftServer$Division (RaftServerImpl.java:checkInconsistentAppendEntries(1394)) - omNode-2@group-523986131536: inconsistency entries. Reply:omNode-1<-omNode-2#149:FAIL-t6,INCONSISTENCY,nextIndex=57,followerCommit=56
2022-10-18 06:30:59,292 [grpc-default-executor-2] INFO  impl.SnapshotInstallationHandler (SnapshotInstallationHandler.java:installSnapshot(95)) - omNode-2@group-523986131536: reply installSnapshot: omNode-1<-omNode-2#0:FAIL-t6,IN_PROGRESS
2022-10-18 06:30:59,292 [grpc-default-executor-2] INFO  server.GrpcServerProtocolService (GrpcServerProtocolService.java:onCompleted(140)) - omNode-2: Completed INSTALL_SNAPSHOT, lastRequest: omNode-1->omNode-2#0-t6,notify:(t:5, i:59)
2022-10-18 06:30:59,292 [grpc-default-executor-1] INFO  server.GrpcLogAppender (GrpcLogAppender.java:onNext(403)) - omNode-1@group-523986131536->omNode-2-InstallSnapshotResponseHandler: received a reply omNode-1<-omNode-2#0:FAIL-t6,IN_PROGRESS
2022-10-18 06:30:59,292 [grpc-default-executor-1] INFO  server.GrpcLogAppender (GrpcLogAppender.java:onNext(421)) - omNode-1@group-523986131536->omNode-2-InstallSnapshotResponseHandler: InstallSnapshot in progress.
2022-10-18 06:30:59,293 [omNode-1@group-523986131536->omNode-2-GrpcLogAppender-LogAppenderDaemon] INFO  server.GrpcLogAppender (GrpcLogAppender.java:installSnapshot(541)) - omNode-1@group-523986131536->omNode-2-GrpcLogAppender: followerNextIndex = 57 but logStartIndex = 59, notify follower to install snapshot-(t:5, i:59)
2022-10-18 06:30:59,293 [omNode-1@group-523986131536->omNode-2-GrpcLogAppender-LogAppenderDaemon] INFO  server.GrpcLogAppender (GrpcLogAppender.java:installSnapshot(549)) - omNode-1@group-523986131536->omNode-2-GrpcLogAppender: send omNode-1->omNode-2#0-t6,notify:(t:5, i:59)
2022-10-18 06:30:59,294 [grpc-default-executor-1] INFO  leader.FollowerInfo (FollowerInfoImpl.java:lambda$new$0(48)) - omNode-1@group-523986131536->omNode-2: nextIndex: updateUnconditionally 57 -> 57
2022-10-18 06:30:59,295 [omNode-2-server-thread1] INFO  server.RaftServer$Division (RaftServerImpl.java:checkInconsistentAppendEntries(1402)) - omNode-2@group-523986131536: Failed appendEntries as snapshot (59) installation is in progress
2022-10-18 06:30:59,295 [omNode-2-server-thread1] INFO  server.RaftServer$Division (RaftServerImpl.java:checkInconsistentAppendEntries(1394)) - omNode-2@group-523986131536: inconsistency entries. Reply:omNode-1<-omNode-2#150:FAIL-t6,INCONSISTENCY,nextIndex=57,followerCommit=56
2022-10-18 06:30:59,295 [grpc-default-executor-1] INFO  impl.SnapshotInstallationHandler (SnapshotInstallationHandler.java:installSnapshot(84)) - omNode-2@group-523986131536: receive installSnapshot: omNode-1->omNode-2#0-t6,notify:(t:5, i:59)
2022-10-18 06:30:59,295 [grpc-default-executor-1] INFO  impl.SnapshotInstallationHandler (SnapshotInstallationHandler.java:installSnapshot(95)) - omNode-2@group-523986131536: reply installSnapshot: omNode-1<-omNode-2#0:FAIL-t6,IN_PROGRESS
2022-10-18 06:30:59,295 [grpc-default-executor-1] INFO  server.GrpcServerProtocolService (GrpcServerProtocolService.java:onCompleted(140)) - omNode-2: Completed INSTALL_SNAPSHOT, lastRequest: omNode-1->omNode-2#0-t6,notify:(t:5, i:59)
2022-10-18 06:30:59,296 [grpc-default-executor-2] INFO  server.GrpcLogAppender (GrpcLogAppender.java:onNext(403)) - omNode-1@group-523986131536->omNode-2-InstallSnapshotResponseHandler: received a reply omNode-1<-omNode-2#0:FAIL-t6,IN_PROGRESS
2022-10-18 06:30:59,296 [grpc-default-executor-2] INFO  server.GrpcLogAppender (GrpcLogAppender.java:onNext(421)) - omNode-1@group-523986131536->omNode-2-InstallSnapshotResponseHandler: InstallSnapshot in progress.
2022-10-18 06:30:59,296 [omNode-1@group-523986131536->omNode-2-GrpcLogAppender-LogAppenderDaemon] INFO  server.GrpcLogAppender (GrpcLogAppender.java:installSnapshot(541)) - omNode-1@group-523986131536->omNode-2-GrpcLogAppender: followerNextIndex = 57 but logStartIndex = 59, notify follower to install snapshot-(t:5, i:59)
2022-10-18 06:30:59,296 [omNode-1@group-523986131536->omNode-2-GrpcLogAppender-LogAppenderDaemon] INFO  server.GrpcLogAppender (GrpcLogAppender.java:installSnapshot(549)) - omNode-1@group-523986131536->omNode-2-GrpcLogAppender: send omNode-1->omNode-2#0-t6,notify:(t:5, i:59)
2022-10-18 06:30:59,296 [grpc-default-executor-2] INFO  leader.FollowerInfo (FollowerInfoImpl.java:lambda$new$0(48)) - omNode-1@group-523986131536->omNode-2: nextIndex: updateUnconditionally 57 -> 57
2022-10-18 06:30:59,297 [omNode-2-server-thread1] INFO  server.RaftServer$Division (RaftServerImpl.java:checkInconsistentAppendEntries(1402)) - omNode-2@group-523986131536: Failed appendEntries as snapshot (59) installation is in progress
2022-10-18 06:30:59,297 [grpc-default-executor-2] INFO  impl.SnapshotInstallationHandler (SnapshotInstallationHandler.java:installSnapshot(84)) - omNode-2@group-523986131536: receive installSnapshot: omNode-1->omNode-2#0-t6,notify:(t:5, i:59)
2022-10-18 06:30:59,297 [omNode-2-server-thread1] INFO  server.RaftServer$Division (RaftServerImpl.java:checkInconsistentAppendEntries(1394)) - omNode-2@group-523986131536: inconsistency entries. Reply:omNode-1<-omNode-2#151:FAIL-t6,INCONSISTENCY,nextIndex=57,followerCommit=56
2022-10-18 06:30:59,297 [grpc-default-executor-2] INFO  impl.SnapshotInstallationHandler (SnapshotInstallationHandler.java:installSnapshot(95)) - omNode-2@group-523986131536: reply installSnapshot: omNode-1<-omNode-2#0:FAIL-t6,IN_PROGRESS
2022-10-18 06:30:59,297 [grpc-default-executor-2] INFO  server.GrpcServerProtocolService (GrpcServerProtocolService.java:onCompleted(140)) - omNode-2: Completed INSTALL_SNAPSHOT, lastRequest: omNode-1->omNode-2#0-t6,notify:(t:5, i:59)
2022-10-18 06:30:59,298 [grpc-default-executor-0] INFO  server.GrpcLogAppender (GrpcLogAppender.java:onNext(403)) - omNode-1@group-523986131536->omNode-2-InstallSnapshotResponseHandler: received a reply omNode-1<-omNode-2#0:FAIL-t6,IN_PROGRESS
2022-10-18 06:30:59,298 [grpc-default-executor-0] INFO  server.GrpcLogAppender (GrpcLogAppender.java:onNext(421)) - omNode-1@group-523986131536->omNode-2-InstallSnapshotResponseHandler: InstallSnapshot in progress.
2022-10-18 06:30:59,298 [omNode-1@group-523986131536->omNode-2-GrpcLogAppender-LogAppenderDaemon] INFO  server.GrpcLogAppender (GrpcLogAppender.java:installSnapshot(541)) - omNode-1@group-523986131536->omNode-2-GrpcLogAppender: followerNextIndex = 57 but logStartIndex = 59, notify follower to install snapshot-(t:5, i:59)
2022-10-18 06:30:59,298 [omNode-1@group-523986131536->omNode-2-GrpcLogAppender-LogAppenderDaemon] INFO  server.GrpcLogAppender (GrpcLogAppender.java:installSnapshot(549)) - omNode-1@group-523986131536->omNode-2-GrpcLogAppender: send omNode-1->omNode-2#0-t6,notify:(t:5, i:59)
2022-10-18 06:30:59,299 [grpc-default-executor-0] INFO  leader.FollowerInfo (FollowerInfoImpl.java:lambda$new$0(48)) - omNode-1@group-523986131536->omNode-2: nextIndex: updateUnconditionally 57 -> 57
2022-10-18 06:30:59,299 [omNode-2-server-thread1] INFO  server.RaftServer$Division (RaftServerImpl.java:checkInconsistentAppendEntries(1402)) - omNode-2@group-523986131536: Failed appendEntries as snapshot (59) installation is in progress
2022-10-18 06:30:59,299 [omNode-2-server-thread1] INFO  server.RaftServer$Division (RaftServerImpl.java:checkInconsistentAppendEntries(1394)) - omNode-2@group-523986131536: inconsistency entries. Reply:omNode-1<-omNode-2#152:FAIL-t6,INCONSISTENCY,nextIndex=57,followerCommit=56
2022-10-18 06:30:59,299 [grpc-default-executor-0] INFO  impl.SnapshotInstallationHandler (SnapshotInstallationHandler.java:installSnapshot(84)) - omNode-2@group-523986131536: receive installSnapshot: omNode-1->omNode-2#0-t6,notify:(t:5, i:59)
2022-10-18 06:30:59,299 [grpc-default-executor-0] INFO  impl.SnapshotInstallationHandler (SnapshotInstallationHandler.java:installSnapshot(95)) - omNode-2@group-523986131536: reply installSnapshot: omNode-1<-omNode-2#0:FAIL-t6,IN_PROGRESS
2022-10-18 06:30:59,300 [grpc-default-executor-0] INFO  server.GrpcServerProtocolService (GrpcServerProtocolService.java:onCompleted(140)) - omNode-2: Completed INSTALL_SNAPSHOT, lastRequest: omNode-1->omNode-2#0-t6,notify:(t:5, i:59)
2022-10-18 06:30:59,300 [grpc-default-executor-1] INFO  server.GrpcLogAppender (GrpcLogAppender.java:onNext(403)) - omNode-1@group-523986131536->omNode-2-InstallSnapshotResponseHandler: received a reply omNode-1<-omNode-2#0:FAIL-t6,IN_PROGRESS
2022-10-18 06:30:59,300 [grpc-default-executor-1] INFO  server.GrpcLogAppender (GrpcLogAppender.java:onNext(421)) - omNode-1@group-523986131536->omNode-2-InstallSnapshotResponseHandler: InstallSnapshot in progress.
2022-10-18 06:30:59,300 [omNode-1@group-523986131536->omNode-2-GrpcLogAppender-LogAppenderDaemon] INFO  server.GrpcLogAppender (GrpcLogAppender.java:installSnapshot(541)) - omNode-1@group-523986131536->omNode-2-GrpcLogAppender: followerNextIndex = 57 but logStartIndex = 59, notify follower to install snapshot-(t:5, i:59)
2022-10-18 06:30:59,300 [omNode-1@group-523986131536->omNode-2-GrpcLogAppender-LogAppenderDaemon] INFO  server.GrpcLogAppender (GrpcLogAppender.java:installSnapshot(549)) - omNode-1@group-523986131536->omNode-2-GrpcLogAppender: send omNode-1->omNode-2#0-t6,notify:(t:5, i:59)
2022-10-18 06:30:59,301 [grpc-default-executor-1] INFO  leader.FollowerInfo (FollowerInfoImpl.java:lambda$new$0(48)) - omNode-1@group-523986131536->omNode-2: nextIndex: updateUnconditionally 57 -> 57
2022-10-18 06:30:59,301 [grpc-default-executor-1] INFO  impl.SnapshotInstallationHandler (SnapshotInstallationHandler.java:installSnapshot(84)) - omNode-2@group-523986131536: receive installSnapshot: omNode-1->omNode-2#0-t6,notify:(t:5, i:59)
2022-10-18 06:30:59,302 [grpc-default-executor-1] INFO  impl.SnapshotInstallationHandler (SnapshotInstallationHandler.java:installSnapshot(95)) - omNode-2@group-523986131536: reply installSnapshot: omNode-1<-omNode-2#0:FAIL-t6,IN_PROGRESS
2022-10-18 06:30:59,302 [grpc-default-executor-1] INFO  server.GrpcServerProtocolService (GrpcServerProtocolService.java:onCompleted(140)) - omNode-2: Completed INSTALL_SNAPSHOT, lastRequest: omNode-1->omNode-2#0-t6,notify:(t:5, i:59)
2022-10-18 06:30:59,302 [omNode-2-server-thread1] INFO  server.RaftServer$Division (RaftServerImpl.java:checkInconsistentAppendEntries(1402)) - omNode-2@group-523986131536: Failed appendEntries as snapshot (59) installation is in progress
2022-10-18 06:30:59,302 [omNode-2-server-thread1] INFO  server.RaftServer$Division (RaftServerImpl.java:checkInconsistentAppendEntries(1394)) - omNode-2@group-523986131536: inconsistency entries. Reply:omNode-1<-omNode-2#153:FAIL-t6,INCONSISTENCY,nextIndex=57,followerCommit=56
2022-10-18 06:30:59,302 [grpc-default-executor-0] INFO  server.GrpcLogAppender (GrpcLogAppender.java:onNext(403)) - omNode-1@group-523986131536->omNode-2-InstallSnapshotResponseHandler: received a reply omNode-1<-omNode-2#0:FAIL-t6,IN_PROGRESS
2022-10-18 06:30:59,302 [grpc-default-executor-0] INFO  server.GrpcLogAppender (GrpcLogAppender.java:onNext(421)) - omNode-1@group-523986131536->omNode-2-InstallSnapshotResponseHandler: InstallSnapshot in progress.
2022-10-18 06:30:59,303 [omNode-1@group-523986131536->omNode-2-GrpcLogAppender-LogAppenderDaemon] INFO  server.GrpcLogAppender (GrpcLogAppender.java:installSnapshot(541)) - omNode-1@group-523986131536->omNode-2-GrpcLogAppender: followerNextIndex = 57 but logStartIndex = 59, notify follower to install snapshot-(t:5, i:59)
2022-10-18 06:30:59,303 [omNode-1@group-523986131536->omNode-2-GrpcLogAppender-LogAppenderDaemon] INFO  server.GrpcLogAppender (GrpcLogAppender.java:installSnapshot(549)) - omNode-1@group-523986131536->omNode-2-GrpcLogAppender: send omNode-1->omNode-2#0-t6,notify:(t:5, i:59)
2022-10-18 06:30:59,303 [omNode-2-server-thread1] INFO  server.RaftServer$Division (RaftServerImpl.java:checkInconsistentAppendEntries(1402)) - omNode-2@group-523986131536: Failed appendEntries as snapshot (59) installation is in progress
2022-10-18 06:30:59,303 [omNode-2-server-thread1] INFO  server.RaftServer$Division (RaftServerImpl.java:checkInconsistentAppendEntries(1394)) - omNode-2@group-523986131536: inconsistency entries. Reply:omNode-1<-omNode-2#154:FAIL-t6,INCONSISTENCY,nextIndex=57,followerCommit=56
2022-10-18 06:30:59,303 [grpc-default-executor-0] INFO  impl.SnapshotInstallationHandler (SnapshotInstallationHandler.java:installSnapshot(84)) - omNode-2@group-523986131536: receive installSnapshot: omNode-1->omNode-2#0-t6,notify:(t:5, i:59)
2022-10-18 06:30:59,304 [grpc-default-executor-0] INFO  impl.SnapshotInstallationHandler (SnapshotInstallationHandler.java:installSnapshot(95)) - omNode-2@group-523986131536: reply installSnapshot: omNode-1<-omNode-2#0:FAIL-t6,IN_PROGRESS
2022-10-18 06:30:59,304 [grpc-default-executor-0] INFO  server.GrpcServerProtocolService (GrpcServerProtocolService.java:onCompleted(140)) - omNode-2: Completed INSTALL_SNAPSHOT, lastRequest: omNode-1->omNode-2#0-t6,notify:(t:5, i:59)
2022-10-18 06:30:59,304 [grpc-default-executor-1] INFO  leader.FollowerInfo (FollowerInfoImpl.java:lambda$new$0(48)) - omNode-1@group-523986131536->omNode-2: nextIndex: updateUnconditionally 57 -> 57
2022-10-18 06:30:59,304 [grpc-default-executor-1] INFO  server.GrpcLogAppender (GrpcLogAppender.java:onNext(403)) - omNode-1@group-523986131536->omNode-2-InstallSnapshotResponseHandler: received a reply omNode-1<-omNode-2#0:FAIL-t6,IN_PROGRESS
2022-10-18 06:30:59,304 [grpc-default-executor-1] INFO  server.GrpcLogAppender (GrpcLogAppender.java:onNext(421)) - omNode-1@group-523986131536->omNode-2-InstallSnapshotResponseHandler: InstallSnapshot in progress.
2022-10-18 06:30:59,305 [omNode-1@group-523986131536->omNode-2-GrpcLogAppender-LogAppenderDaemon] INFO  server.GrpcLogAppender (GrpcLogAppender.java:installSnapshot(541)) - omNode-1@group-523986131536->omNode-2-GrpcLogAppender: followerNextIndex = 57 but logStartIndex = 59, notify follower to install snapshot-(t:5, i:59)
2022-10-18 06:30:59,305 [omNode-1@group-523986131536->omNode-2-GrpcLogAppender-LogAppenderDaemon] INFO  server.GrpcLogAppender (GrpcLogAppender.java:installSnapshot(549)) - omNode-1@group-523986131536->omNode-2-GrpcLogAppender: send omNode-1->omNode-2#0-t6,notify:(t:5, i:59)
2022-10-18 06:30:59,306 [grpc-default-executor-1] INFO  impl.SnapshotInstallationHandler (SnapshotInstallationHandler.java:installSnapshot(84)) - omNode-2@group-523986131536: receive installSnapshot: omNode-1->omNode-2#0-t6,notify:(t:5, i:59)
2022-10-18 06:30:59,306 [grpc-default-executor-1] INFO  impl.SnapshotInstallationHandler (SnapshotInstallationHandler.java:installSnapshot(95)) - omNode-2@group-523986131536: reply installSnapshot: omNode-1<-omNode-2#0:FAIL-t6,IN_PROGRESS
2022-10-18 06:30:59,306 [grpc-default-executor-1] INFO  server.GrpcServerProtocolService (GrpcServerProtocolService.java:onCompleted(140)) - omNode-2: Completed INSTALL_SNAPSHOT, lastRequest: omNode-1->omNode-2#0-t6,notify:(t:5, i:59)
2022-10-18 06:30:59,306 [omNode-2-server-thread1] INFO  server.RaftServer$Division (RaftServerImpl.java:checkInconsistentAppendEntries(1402)) - omNode-2@group-523986131536: Failed appendEntries as snapshot (59) installation is in progress
2022-10-18 06:30:59,306 [grpc-default-executor-1] INFO  leader.FollowerInfo (FollowerInfoImpl.java:lambda$new$0(48)) - omNode-1@group-523986131536->omNode-2: nextIndex: updateUnconditionally 57 -> 57
2022-10-18 06:30:59,306 [omNode-2-server-thread1] INFO  server.RaftServer$Division (RaftServerImpl.java:checkInconsistentAppendEntries(1394)) - omNode-2@group-523986131536: inconsistency entries. Reply:omNode-1<-omNode-2#155:FAIL-t6,INCONSISTENCY,nextIndex=57,followerCommit=56
2022-10-18 06:30:59,307 [grpc-default-executor-0] INFO  server.GrpcLogAppender (GrpcLogAppender.java:onNext(403)) - omNode-1@group-523986131536->omNode-2-InstallSnapshotResponseHandler: received a reply omNode-1<-omNode-2#0:FAIL-t6,IN_PROGRESS
2022-10-18 06:30:59,307 [grpc-default-executor-0] INFO  server.GrpcLogAppender (GrpcLogAppender.java:onNext(421)) - omNode-1@group-523986131536->omNode-2-InstallSnapshotResponseHandler: InstallSnapshot in progress.
2022-10-18 06:30:59,308 [omNode-1@group-523986131536->omNode-2-GrpcLogAppender-LogAppenderDaemon] INFO  server.GrpcLogAppender (GrpcLogAppender.java:installSnapshot(541)) - omNode-1@group-523986131536->omNode-2-GrpcLogAppender: followerNextIndex = 57 but logStartIndex = 59, notify follower to install snapshot-(t:5, i:59)
2022-10-18 06:30:59,308 [omNode-1@group-523986131536->omNode-2-GrpcLogAppender-LogAppenderDaemon] INFO  server.GrpcLogAppender (GrpcLogAppender.java:installSnapshot(549)) - omNode-1@group-523986131536->omNode-2-GrpcLogAppender: send omNode-1->omNode-2#0-t6,notify:(t:5, i:59)
2022-10-18 06:30:59,309 [omNode-2-server-thread1] INFO  server.RaftServer$Division (RaftServerImpl.java:checkInconsistentAppendEntries(1402)) - omNode-2@group-523986131536: Failed appendEntries as snapshot (59) installation is in progress
2022-10-18 06:30:59,309 [grpc-default-executor-0] INFO  impl.SnapshotInstallationHandler (SnapshotInstallationHandler.java:installSnapshot(84)) - omNode-2@group-523986131536: receive installSnapshot: omNode-1->omNode-2#0-t6,notify:(t:5, i:59)
2022-10-18 06:30:59,309 [omNode-2-server-thread1] INFO  server.RaftServer$Division (RaftServerImpl.java:checkInconsistentAppendEntries(1394)) - omNode-2@group-523986131536: inconsistency entries. Reply:omNode-1<-omNode-2#156:FAIL-t6,INCONSISTENCY,nextIndex=57,followerCommit=56
2022-10-18 06:30:59,309 [grpc-default-executor-0] INFO  impl.SnapshotInstallationHandler (SnapshotInstallationHandler.java:installSnapshot(95)) - omNode-2@group-523986131536: reply installSnapshot: omNode-1<-omNode-2#0:FAIL-t6,IN_PROGRESS
2022-10-18 06:30:59,309 [grpc-default-executor-0] INFO  server.GrpcServerProtocolService (GrpcServerProtocolService.java:onCompleted(140)) - omNode-2: Completed INSTALL_SNAPSHOT, lastRequest: omNode-1->omNode-2#0-t6,notify:(t:5, i:59)
2022-10-18 06:30:59,310 [grpc-default-executor-0] INFO  leader.FollowerInfo (FollowerInfoImpl.java:lambda$new$0(48)) - omNode-1@group-523986131536->omNode-2: nextIndex: updateUnconditionally 57 -> 57
2022-10-18 06:30:59,310 [grpc-default-executor-0] INFO  server.GrpcLogAppender (GrpcLogAppender.java:onNext(403)) - omNode-1@group-523986131536->omNode-2-InstallSnapshotResponseHandler: received a reply omNode-1<-omNode-2#0:FAIL-t6,IN_PROGRESS
2022-10-18 06:30:59,310 [grpc-default-executor-0] INFO  server.GrpcLogAppender (GrpcLogAppender.java:onNext(421)) - omNode-1@group-523986131536->omNode-2-InstallSnapshotResponseHandler: InstallSnapshot in progress.
2022-10-18 06:30:59,310 [omNode-1@group-523986131536->omNode-2-GrpcLogAppender-LogAppenderDaemon] INFO  server.GrpcLogAppender (GrpcLogAppender.java:installSnapshot(541)) - omNode-1@group-523986131536->omNode-2-GrpcLogAppender: followerNextIndex = 57 but logStartIndex = 59, notify follower to install snapshot-(t:5, i:59)
2022-10-18 06:30:59,310 [omNode-1@group-523986131536->omNode-2-GrpcLogAppender-LogAppenderDaemon] INFO  server.GrpcLogAppender (GrpcLogAppender.java:installSnapshot(549)) - omNode-1@group-523986131536->omNode-2-GrpcLogAppender: send omNode-1->omNode-2#0-t6,notify:(t:5, i:59)
2022-10-18 06:30:59,311 [omNode-2-server-thread1] INFO  server.RaftServer$Division (RaftServerImpl.java:checkInconsistentAppendEntries(1402)) - omNode-2@group-523986131536: Failed appendEntries as snapshot (59) installation is in progress
2022-10-18 06:30:59,311 [omNode-2-server-thread1] INFO  server.RaftServer$Division (RaftServerImpl.java:checkInconsistentAppendEntries(1394)) - omNode-2@group-523986131536: inconsistency entries. Reply:omNode-1<-omNode-2#157:FAIL-t6,INCONSISTENCY,nextIndex=57,followerCommit=56
2022-10-18 06:30:59,311 [grpc-default-executor-0] INFO  impl.SnapshotInstallationHandler (SnapshotInstallationHandler.java:installSnapshot(84)) - omNode-2@group-523986131536: receive installSnapshot: omNode-1->omNode-2#0-t6,notify:(t:5, i:59)
2022-10-18 06:30:59,311 [grpc-default-executor-0] INFO  impl.SnapshotInstallationHandler (SnapshotInstallationHandler.java:installSnapshot(95)) - omNode-2@group-523986131536: reply installSnapshot: omNode-1<-omNode-2#0:FAIL-t6,IN_PROGRESS
2022-10-18 06:30:59,311 [grpc-default-executor-0] INFO  server.GrpcServerProtocolService (GrpcServerProtocolService.java:onCompleted(140)) - omNode-2: Completed INSTALL_SNAPSHOT, lastRequest: omNode-1->omNode-2#0-t6,notify:(t:5, i:59)
2022-10-18 06:30:59,312 [grpc-default-executor-1] INFO  leader.FollowerInfo (FollowerInfoImpl.java:lambda$new$0(48)) - omNode-1@group-523986131536->omNode-2: nextIndex: updateUnconditionally 57 -> 57
2022-10-18 06:30:59,312 [grpc-default-executor-1] INFO  server.GrpcLogAppender (GrpcLogAppender.java:onNext(403)) - omNode-1@group-523986131536->omNode-2-InstallSnapshotResponseHandler: received a reply omNode-1<-omNode-2#0:FAIL-t6,IN_PROGRESS
2022-10-18 06:30:59,312 [grpc-default-executor-1] INFO  server.GrpcLogAppender (GrpcLogAppender.java:onNext(421)) - omNode-1@group-523986131536->omNode-2-InstallSnapshotResponseHandler: InstallSnapshot in progress.
2022-10-18 06:30:59,312 [omNode-1@group-523986131536->omNode-2-GrpcLogAppender-LogAppenderDaemon] INFO  server.GrpcLogAppender (GrpcLogAppender.java:installSnapshot(541)) - omNode-1@group-523986131536->omNode-2-GrpcLogAppender: followerNextIndex = 57 but logStartIndex = 59, notify follower to install snapshot-(t:5, i:59)
2022-10-18 06:30:59,312 [omNode-1@group-523986131536->omNode-2-GrpcLogAppender-LogAppenderDaemon] INFO  server.GrpcLogAppender (GrpcLogAppender.java:installSnapshot(549)) - omNode-1@group-523986131536->omNode-2-GrpcLogAppender: send omNode-1->omNode-2#0-t6,notify:(t:5, i:59)
2022-10-18 06:30:59,316 [grpc-default-executor-1] INFO  leader.FollowerInfo (FollowerInfoImpl.java:lambda$new$0(48)) - omNode-1@group-523986131536->omNode-2: nextIndex: updateUnconditionally 57 -> 57
2022-10-18 06:30:59,316 [grpc-default-executor-1] INFO  impl.SnapshotInstallationHandler (SnapshotInstallationHandler.java:installSnapshot(84)) - omNode-2@group-523986131536: receive installSnapshot: omNode-1->omNode-2#0-t6,notify:(t:5, i:59)
2022-10-18 06:30:59,317 [grpc-default-executor-1] INFO  impl.SnapshotInstallationHandler (SnapshotInstallationHandler.java:installSnapshot(95)) - omNode-2@group-523986131536: reply installSnapshot: omNode-1<-omNode-2#0:FAIL-t6,IN_PROGRESS
2022-10-18 06:30:59,317 [grpc-default-executor-1] INFO  server.GrpcServerProtocolService (GrpcServerProtocolService.java:onCompleted(140)) - omNode-2: Completed INSTALL_SNAPSHOT, lastRequest: omNode-1->omNode-2#0-t6,notify:(t:5, i:59)
2022-10-18 06:30:59,317 [omNode-2-server-thread1] INFO  server.RaftServer$Division (RaftServerImpl.java:checkInconsistentAppendEntries(1402)) - omNode-2@group-523986131536: Failed appendEntries as snapshot (59) installation is in progress
2022-10-18 06:30:59,317 [omNode-2-server-thread1] INFO  server.RaftServer$Division (RaftServerImpl.java:checkInconsistentAppendEntries(1394)) - omNode-2@group-523986131536: inconsistency entries. Reply:omNode-1<-omNode-2#158:FAIL-t6,INCONSISTENCY,nextIndex=57,followerCommit=56
2022-10-18 06:30:59,318 [grpc-default-executor-0] INFO  server.GrpcLogAppender (GrpcLogAppender.java:onNext(403)) - omNode-1@group-523986131536->omNode-2-InstallSnapshotResponseHandler: received a reply omNode-1<-omNode-2#0:FAIL-t6,IN_PROGRESS
2022-10-18 06:30:59,318 [grpc-default-executor-0] INFO  server.GrpcLogAppender (GrpcLogAppender.java:onNext(421)) - omNode-1@group-523986131536->omNode-2-InstallSnapshotResponseHandler: InstallSnapshot in progress.
2022-10-18 06:30:59,318 [omNode-1@group-523986131536->omNode-2-GrpcLogAppender-LogAppenderDaemon] INFO  server.GrpcLogAppender (GrpcLogAppender.java:installSnapshot(541)) - omNode-1@group-523986131536->omNode-2-GrpcLogAppender: followerNextIndex = 57 but logStartIndex = 59, notify follower to install snapshot-(t:5, i:59)
2022-10-18 06:30:59,318 [omNode-1@group-523986131536->omNode-2-GrpcLogAppender-LogAppenderDaemon] INFO  server.GrpcLogAppender (GrpcLogAppender.java:installSnapshot(549)) - omNode-1@group-523986131536->omNode-2-GrpcLogAppender: send omNode-1->omNode-2#0-t6,notify:(t:5, i:59)
2022-10-18 06:30:59,320 [omNode-2-server-thread1] INFO  server.RaftServer$Division (RaftServerImpl.java:checkInconsistentAppendEntries(1402)) - omNode-2@group-523986131536: Failed appendEntries as snapshot (59) installation is in progress
2022-10-18 06:30:59,320 [omNode-2-server-thread1] INFO  server.RaftServer$Division (RaftServerImpl.java:checkInconsistentAppendEntries(1394)) - omNode-2@group-523986131536: inconsistency entries. Reply:omNode-1<-omNode-2#159:FAIL-t6,INCONSISTENCY,nextIndex=57,followerCommit=56
2022-10-18 06:30:59,320 [grpc-default-executor-0] INFO  impl.SnapshotInstallationHandler (SnapshotInstallationHandler.java:installSnapshot(84)) - omNode-2@group-523986131536: receive installSnapshot: omNode-1->omNode-2#0-t6,notify:(t:5, i:59)
2022-10-18 06:30:59,321 [grpc-default-executor-0] INFO  impl.SnapshotInstallationHandler (SnapshotInstallationHandler.java:installSnapshot(95)) - omNode-2@group-523986131536: reply installSnapshot: omNode-1<-omNode-2#0:FAIL-t6,IN_PROGRESS
2022-10-18 06:30:59,321 [grpc-default-executor-0] INFO  server.GrpcServerProtocolService (GrpcServerProtocolService.java:onCompleted(140)) - omNode-2: Completed INSTALL_SNAPSHOT, lastRequest: omNode-1->omNode-2#0-t6,notify:(t:5, i:59)
2022-10-18 06:30:59,321 [grpc-default-executor-1] INFO  leader.FollowerInfo (FollowerInfoImpl.java:lambda$new$0(48)) - omNode-1@group-523986131536->omNode-2: nextIndex: updateUnconditionally 57 -> 57
2022-10-18 06:30:59,328 [grpc-default-executor-1] INFO  server.GrpcLogAppender (GrpcLogAppender.java:onNext(403)) - omNode-1@group-523986131536->omNode-2-InstallSnapshotResponseHandler: received a reply omNode-1<-omNode-2#0:FAIL-t6,IN_PROGRESS
2022-10-18 06:30:59,328 [grpc-default-executor-1] INFO  server.GrpcLogAppender (GrpcLogAppender.java:onNext(421)) - omNode-1@group-523986131536->omNode-2-InstallSnapshotResponseHandler: InstallSnapshot in progress.
2022-10-18 06:30:59,328 [omNode-1@group-523986131536->omNode-2-GrpcLogAppender-LogAppenderDaemon] INFO  server.GrpcLogAppender (GrpcLogAppender.java:installSnapshot(541)) - omNode-1@group-523986131536->omNode-2-GrpcLogAppender: followerNextIndex = 57 but logStartIndex = 59, notify follower to install snapshot-(t:5, i:59)
2022-10-18 06:30:59,328 [omNode-1@group-523986131536->omNode-2-GrpcLogAppender-LogAppenderDaemon] INFO  server.GrpcLogAppender (GrpcLogAppender.java:installSnapshot(549)) - omNode-1@group-523986131536->omNode-2-GrpcLogAppender: send omNode-1->omNode-2#0-t6,notify:(t:5, i:59)
2022-10-18 06:30:59,329 [grpc-default-executor-1] INFO  leader.FollowerInfo (FollowerInfoImpl.java:lambda$new$0(48)) - omNode-1@group-523986131536->omNode-2: nextIndex: updateUnconditionally 57 -> 57
2022-10-18 06:30:59,329 [omNode-2-server-thread1] INFO  server.RaftServer$Division (RaftServerImpl.java:checkInconsistentAppendEntries(1402)) - omNode-2@group-523986131536: Failed appendEntries as snapshot (59) installation is in progress
2022-10-18 06:30:59,329 [omNode-2-server-thread1] INFO  server.RaftServer$Division (RaftServerImpl.java:checkInconsistentAppendEntries(1394)) - omNode-2@group-523986131536: inconsistency entries. Reply:omNode-1<-omNode-2#160:FAIL-t6,INCONSISTENCY,nextIndex=57,followerCommit=56
2022-10-18 06:30:59,329 [grpc-default-executor-2] INFO  impl.SnapshotInstallationHandler (SnapshotInstallationHandler.java:installSnapshot(84)) - omNode-2@group-523986131536: receive installSnapshot: omNode-1->omNode-2#0-t6,notify:(t:5, i:59)
2022-10-18 06:30:59,329 [grpc-default-executor-2] INFO  impl.SnapshotInstallationHandler (SnapshotInstallationHandler.java:installSnapshot(95)) - omNode-2@group-523986131536: reply installSnapshot: omNode-1<-omNode-2#0:FAIL-t6,IN_PROGRESS
2022-10-18 06:30:59,329 [grpc-default-executor-2] INFO  server.GrpcServerProtocolService (GrpcServerProtocolService.java:onCompleted(140)) - omNode-2: Completed INSTALL_SNAPSHOT, lastRequest: omNode-1->omNode-2#0-t6,notify:(t:5, i:59)
2022-10-18 06:30:59,329 [grpc-default-executor-2] INFO  leader.FollowerInfo (FollowerInfoImpl.java:lambda$new$0(48)) - omNode-1@group-523986131536->omNode-2: nextIndex: updateUnconditionally 57 -> 57
2022-10-18 06:30:59,330 [grpc-default-executor-2] INFO  server.GrpcLogAppender (GrpcLogAppender.java:onNext(403)) - omNode-1@group-523986131536->omNode-2-InstallSnapshotResponseHandler: received a reply omNode-1<-omNode-2#0:FAIL-t6,IN_PROGRESS
2022-10-18 06:30:59,330 [grpc-default-executor-2] INFO  server.GrpcLogAppender (GrpcLogAppender.java:onNext(421)) - omNode-1@group-523986131536->omNode-2-InstallSnapshotResponseHandler: InstallSnapshot in progress.
2022-10-18 06:30:59,330 [omNode-1@group-523986131536->omNode-2-GrpcLogAppender-LogAppenderDaemon] INFO  server.GrpcLogAppender (GrpcLogAppender.java:installSnapshot(541)) - omNode-1@group-523986131536->omNode-2-GrpcLogAppender: followerNextIndex = 57 but logStartIndex = 59, notify follower to install snapshot-(t:5, i:59)
2022-10-18 06:30:59,330 [omNode-1@group-523986131536->omNode-2-GrpcLogAppender-LogAppenderDaemon] INFO  server.GrpcLogAppender (GrpcLogAppender.java:installSnapshot(549)) - omNode-1@group-523986131536->omNode-2-GrpcLogAppender: send omNode-1->omNode-2#0-t6,notify:(t:5, i:59)
2022-10-18 06:30:59,331 [grpc-default-executor-2] INFO  impl.SnapshotInstallationHandler (SnapshotInstallationHandler.java:installSnapshot(84)) - omNode-2@group-523986131536: receive installSnapshot: omNode-1->omNode-2#0-t6,notify:(t:5, i:59)
2022-10-18 06:30:59,331 [grpc-default-executor-2] INFO  impl.SnapshotInstallationHandler (SnapshotInstallationHandler.java:installSnapshot(95)) - omNode-2@group-523986131536: reply installSnapshot: omNode-1<-omNode-2#0:FAIL-t6,IN_PROGRESS
2022-10-18 06:30:59,331 [grpc-default-executor-2] INFO  server.GrpcServerProtocolService (GrpcServerProtocolService.java:onCompleted(140)) - omNode-2: Completed INSTALL_SNAPSHOT, lastRequest: omNode-1->omNode-2#0-t6,notify:(t:5, i:59)
2022-10-18 06:30:59,331 [omNode-2-server-thread1] INFO  server.RaftServer$Division (RaftServerImpl.java:checkInconsistentAppendEntries(1402)) - omNode-2@group-523986131536: Failed appendEntries as snapshot (59) installation is in progress
2022-10-18 06:30:59,331 [omNode-2-server-thread1] INFO  server.RaftServer$Division (RaftServerImpl.java:checkInconsistentAppendEntries(1394)) - omNode-2@group-523986131536: inconsistency entries. Reply:omNode-1<-omNode-2#161:FAIL-t6,INCONSISTENCY,nextIndex=57,followerCommit=56
2022-10-18 06:30:59,333 [grpc-default-executor-0] INFO  server.GrpcLogAppender (GrpcLogAppender.java:onNext(403)) - omNode-1@group-523986131536->omNode-2-InstallSnapshotResponseHandler: received a reply omNode-1<-omNode-2#0:FAIL-t6,IN_PROGRESS
2022-10-18 06:30:59,333 [grpc-default-executor-0] INFO  server.GrpcLogAppender (GrpcLogAppender.java:onNext(421)) - omNode-1@group-523986131536->omNode-2-InstallSnapshotResponseHandler: InstallSnapshot in progress.
2022-10-18 06:30:59,333 [omNode-1@group-523986131536->omNode-2-GrpcLogAppender-LogAppenderDaemon] INFO  server.GrpcLogAppender (GrpcLogAppender.java:installSnapshot(541)) - omNode-1@group-523986131536->omNode-2-GrpcLogAppender: followerNextIndex = 57 but logStartIndex = 59, notify follower to install snapshot-(t:5, i:59)
2022-10-18 06:30:59,333 [omNode-1@group-523986131536->omNode-2-GrpcLogAppender-LogAppenderDaemon] INFO  server.GrpcLogAppender (GrpcLogAppender.java:installSnapshot(549)) - omNode-1@group-523986131536->omNode-2-GrpcLogAppender: send omNode-1->omNode-2#0-t6,notify:(t:5, i:59)
2022-10-18 06:30:59,333 [grpc-default-executor-0] INFO  leader.FollowerInfo (FollowerInfoImpl.java:lambda$new$0(48)) - omNode-1@group-523986131536->omNode-2: nextIndex: updateUnconditionally 57 -> 57
2022-10-18 06:30:59,334 [omNode-2-server-thread1] INFO  server.RaftServer$Division (RaftServerImpl.java:checkInconsistentAppendEntries(1402)) - omNode-2@group-523986131536: Failed appendEntries as snapshot (59) installation is in progress
2022-10-18 06:30:59,334 [omNode-2-server-thread1] INFO  server.RaftServer$Division (RaftServerImpl.java:checkInconsistentAppendEntries(1394)) - omNode-2@group-523986131536: inconsistency entries. Reply:omNode-1<-omNode-2#162:FAIL-t6,INCONSISTENCY,nextIndex=57,followerCommit=56
2022-10-18 06:30:59,334 [grpc-default-executor-0] INFO  impl.SnapshotInstallationHandler (SnapshotInstallationHandler.java:installSnapshot(84)) - omNode-2@group-523986131536: receive installSnapshot: omNode-1->omNode-2#0-t6,notify:(t:5, i:59)
2022-10-18 06:30:59,334 [grpc-default-executor-0] INFO  impl.SnapshotInstallationHandler (SnapshotInstallationHandler.java:installSnapshot(95)) - omNode-2@group-523986131536: reply installSnapshot: omNode-1<-omNode-2#0:FAIL-t6,IN_PROGRESS
2022-10-18 06:30:59,334 [grpc-default-executor-0] INFO  server.GrpcServerProtocolService (GrpcServerProtocolService.java:onCompleted(140)) - omNode-2: Completed INSTALL_SNAPSHOT, lastRequest: omNode-1->omNode-2#0-t6,notify:(t:5, i:59)
2022-10-18 06:30:59,335 [grpc-default-executor-0] INFO  leader.FollowerInfo (FollowerInfoImpl.java:lambda$new$0(48)) - omNode-1@group-523986131536->omNode-2: nextIndex: updateUnconditionally 57 -> 57
2022-10-18 06:30:59,335 [grpc-default-executor-0] INFO  server.GrpcLogAppender (GrpcLogAppender.java:onNext(403)) - omNode-1@group-523986131536->omNode-2-InstallSnapshotResponseHandler: received a reply omNode-1<-omNode-2#0:FAIL-t6,IN_PROGRESS
2022-10-18 06:30:59,335 [grpc-default-executor-0] INFO  server.GrpcLogAppender (GrpcLogAppender.java:onNext(421)) - omNode-1@group-523986131536->omNode-2-InstallSnapshotResponseHandler: InstallSnapshot in progress.
2022-10-18 06:30:59,335 [omNode-1@group-523986131536->omNode-2-GrpcLogAppender-LogAppenderDaemon] INFO  server.GrpcLogAppender (GrpcLogAppender.java:installSnapshot(541)) - omNode-1@group-523986131536->omNode-2-GrpcLogAppender: followerNextIndex = 57 but logStartIndex = 59, notify follower to install snapshot-(t:5, i:59)
2022-10-18 06:30:59,335 [omNode-1@group-523986131536->omNode-2-GrpcLogAppender-LogAppenderDaemon] INFO  server.GrpcLogAppender (GrpcLogAppender.java:installSnapshot(549)) - omNode-1@group-523986131536->omNode-2-GrpcLogAppender: send omNode-1->omNode-2#0-t6,notify:(t:5, i:59)
2022-10-18 06:30:59,336 [omNode-2-server-thread1] INFO  server.RaftServer$Division (RaftServerImpl.java:checkInconsistentAppendEntries(1402)) - omNode-2@group-523986131536: Failed appendEntries as snapshot (59) installation is in progress
2022-10-18 06:30:59,336 [grpc-default-executor-0] INFO  impl.SnapshotInstallationHandler (SnapshotInstallationHandler.java:installSnapshot(84)) - omNode-2@group-523986131536: receive installSnapshot: omNode-1->omNode-2#0-t6,notify:(t:5, i:59)
2022-10-18 06:30:59,336 [omNode-2-server-thread1] INFO  server.RaftServer$Division (RaftServerImpl.java:checkInconsistentAppendEntries(1394)) - omNode-2@group-523986131536: inconsistency entries. Reply:omNode-1<-omNode-2#163:FAIL-t6,INCONSISTENCY,nextIndex=57,followerCommit=56
2022-10-18 06:30:59,336 [grpc-default-executor-0] INFO  impl.SnapshotInstallationHandler (SnapshotInstallationHandler.java:installSnapshot(95)) - omNode-2@group-523986131536: reply installSnapshot: omNode-1<-omNode-2#0:FAIL-t6,IN_PROGRESS
2022-10-18 06:30:59,337 [grpc-default-executor-0] INFO  server.GrpcServerProtocolService (GrpcServerProtocolService.java:onCompleted(140)) - omNode-2: Completed INSTALL_SNAPSHOT, lastRequest: omNode-1->omNode-2#0-t6,notify:(t:5, i:59)
2022-10-18 06:30:59,337 [grpc-default-executor-2] INFO  leader.FollowerInfo (FollowerInfoImpl.java:lambda$new$0(48)) - omNode-1@group-523986131536->omNode-2: nextIndex: updateUnconditionally 57 -> 57
2022-10-18 06:30:59,338 [grpc-default-executor-2] INFO  server.GrpcLogAppender (GrpcLogAppender.java:onNext(403)) - omNode-1@group-523986131536->omNode-2-InstallSnapshotResponseHandler: received a reply omNode-1<-omNode-2#0:FAIL-t6,IN_PROGRESS
2022-10-18 06:30:59,338 [grpc-default-executor-2] INFO  server.GrpcLogAppender (GrpcLogAppender.java:onNext(421)) - omNode-1@group-523986131536->omNode-2-InstallSnapshotResponseHandler: InstallSnapshot in progress.
2022-10-18 06:30:59,338 [omNode-1@group-523986131536->omNode-2-GrpcLogAppender-LogAppenderDaemon] INFO  server.GrpcLogAppender (GrpcLogAppender.java:installSnapshot(541)) - omNode-1@group-523986131536->omNode-2-GrpcLogAppender: followerNextIndex = 57 but logStartIndex = 59, notify follower to install snapshot-(t:5, i:59)
2022-10-18 06:30:59,338 [omNode-1@group-523986131536->omNode-2-GrpcLogAppender-LogAppenderDaemon] INFO  server.GrpcLogAppender (GrpcLogAppender.java:installSnapshot(549)) - omNode-1@group-523986131536->omNode-2-GrpcLogAppender: send omNode-1->omNode-2#0-t6,notify:(t:5, i:59)
2022-10-18 06:30:59,339 [grpc-default-executor-2] INFO  impl.SnapshotInstallationHandler (SnapshotInstallationHandler.java:installSnapshot(84)) - omNode-2@group-523986131536: receive installSnapshot: omNode-1->omNode-2#0-t6,notify:(t:5, i:59)
2022-10-18 06:30:59,339 [grpc-default-executor-2] INFO  impl.SnapshotInstallationHandler (SnapshotInstallationHandler.java:installSnapshot(95)) - omNode-2@group-523986131536: reply installSnapshot: omNode-1<-omNode-2#0:FAIL-t6,IN_PROGRESS
2022-10-18 06:30:59,339 [grpc-default-executor-2] INFO  server.GrpcServerProtocolService (GrpcServerProtocolService.java:onCompleted(140)) - omNode-2: Completed INSTALL_SNAPSHOT, lastRequest: omNode-1->omNode-2#0-t6,notify:(t:5, i:59)
2022-10-18 06:30:59,340 [omNode-2-server-thread1] INFO  server.RaftServer$Division (RaftServerImpl.java:checkInconsistentAppendEntries(1402)) - omNode-2@group-523986131536: Failed appendEntries as snapshot (59) installation is in progress
2022-10-18 06:30:59,340 [omNode-2-server-thread1] INFO  server.RaftServer$Division (RaftServerImpl.java:checkInconsistentAppendEntries(1394)) - omNode-2@group-523986131536: inconsistency entries. Reply:omNode-1<-omNode-2#164:FAIL-t6,INCONSISTENCY,nextIndex=57,followerCommit=56
2022-10-18 06:30:59,340 [grpc-default-executor-0] INFO  server.GrpcLogAppender (GrpcLogAppender.java:onNext(403)) - omNode-1@group-523986131536->omNode-2-InstallSnapshotResponseHandler: received a reply omNode-1<-omNode-2#0:FAIL-t6,IN_PROGRESS
2022-10-18 06:30:59,340 [grpc-default-executor-0] INFO  server.GrpcLogAppender (GrpcLogAppender.java:onNext(421)) - omNode-1@group-523986131536->omNode-2-InstallSnapshotResponseHandler: InstallSnapshot in progress.
2022-10-18 06:30:59,340 [omNode-1@group-523986131536->omNode-2-GrpcLogAppender-LogAppenderDaemon] INFO  server.GrpcLogAppender (GrpcLogAppender.java:installSnapshot(541)) - omNode-1@group-523986131536->omNode-2-GrpcLogAppender: followerNextIndex = 57 but logStartIndex = 59, notify follower to install snapshot-(t:5, i:59)
2022-10-18 06:30:59,340 [omNode-1@group-523986131536->omNode-2-GrpcLogAppender-LogAppenderDaemon] INFO  server.GrpcLogAppender (GrpcLogAppender.java:installSnapshot(549)) - omNode-1@group-523986131536->omNode-2-GrpcLogAppender: send omNode-1->omNode-2#0-t6,notify:(t:5, i:59)
2022-10-18 06:30:59,341 [omNode-2-server-thread1] INFO  server.RaftServer$Division (RaftServerImpl.java:checkInconsistentAppendEntries(1402)) - omNode-2@group-523986131536: Failed appendEntries as snapshot (59) installation is in progress
2022-10-18 06:30:59,341 [omNode-2-server-thread1] INFO  server.RaftServer$Division (RaftServerImpl.java:checkInconsistentAppendEntries(1394)) - omNode-2@group-523986131536: inconsistency entries. Reply:omNode-1<-omNode-2#165:FAIL-t6,INCONSISTENCY,nextIndex=57,followerCommit=56
2022-10-18 06:30:59,341 [grpc-default-executor-0] INFO  impl.SnapshotInstallationHandler (SnapshotInstallationHandler.java:installSnapshot(84)) - omNode-2@group-523986131536: receive installSnapshot: omNode-1->omNode-2#0-t6,notify:(t:5, i:59)
2022-10-18 06:30:59,341 [grpc-default-executor-0] INFO  impl.SnapshotInstallationHandler (SnapshotInstallationHandler.java:installSnapshot(95)) - omNode-2@group-523986131536: reply installSnapshot: omNode-1<-omNode-2#0:FAIL-t6,IN_PROGRESS
2022-10-18 06:30:59,342 [grpc-default-executor-0] INFO  server.GrpcServerProtocolService (GrpcServerProtocolService.java:onCompleted(140)) - omNode-2: Completed INSTALL_SNAPSHOT, lastRequest: omNode-1->omNode-2#0-t6,notify:(t:5, i:59)
2022-10-18 06:30:59,342 [grpc-default-executor-2] INFO  leader.FollowerInfo (FollowerInfoImpl.java:lambda$new$0(48)) - omNode-1@group-523986131536->omNode-2: nextIndex: updateUnconditionally 57 -> 57
2022-10-18 06:30:59,342 [grpc-default-executor-2] INFO  server.GrpcLogAppender (GrpcLogAppender.java:onNext(403)) - omNode-1@group-523986131536->omNode-2-InstallSnapshotResponseHandler: received a reply omNode-1<-omNode-2#0:FAIL-t6,IN_PROGRESS
2022-10-18 06:30:59,342 [grpc-default-executor-2] INFO  server.GrpcLogAppender (GrpcLogAppender.java:onNext(421)) - omNode-1@group-523986131536->omNode-2-InstallSnapshotResponseHandler: InstallSnapshot in progress.
2022-10-18 06:30:59,343 [omNode-1@group-523986131536->omNode-2-GrpcLogAppender-LogAppenderDaemon] INFO  server.GrpcLogAppender (GrpcLogAppender.java:installSnapshot(541)) - omNode-1@group-523986131536->omNode-2-GrpcLogAppender: followerNextIndex = 57 but logStartIndex = 59, notify follower to install snapshot-(t:5, i:59)
2022-10-18 06:30:59,343 [omNode-1@group-523986131536->omNode-2-GrpcLogAppender-LogAppenderDaemon] INFO  server.GrpcLogAppender (GrpcLogAppender.java:installSnapshot(549)) - omNode-1@group-523986131536->omNode-2-GrpcLogAppender: send omNode-1->omNode-2#0-t6,notify:(t:5, i:59)
2022-10-18 06:30:59,344 [grpc-default-executor-2] INFO  impl.SnapshotInstallationHandler (SnapshotInstallationHandler.java:installSnapshot(84)) - omNode-2@group-523986131536: receive installSnapshot: omNode-1->omNode-2#0-t6,notify:(t:5, i:59)
2022-10-18 06:30:59,344 [grpc-default-executor-2] INFO  impl.SnapshotInstallationHandler (SnapshotInstallationHandler.java:installSnapshot(95)) - omNode-2@group-523986131536: reply installSnapshot: omNode-1<-omNode-2#0:FAIL-t6,IN_PROGRESS
2022-10-18 06:30:59,344 [grpc-default-executor-2] INFO  server.GrpcServerProtocolService (GrpcServerProtocolService.java:onCompleted(140)) - omNode-2: Completed INSTALL_SNAPSHOT, lastRequest: omNode-1->omNode-2#0-t6,notify:(t:5, i:59)
2022-10-18 06:30:59,344 [omNode-2-server-thread1] INFO  server.RaftServer$Division (RaftServerImpl.java:checkInconsistentAppendEntries(1402)) - omNode-2@group-523986131536: Failed appendEntries as snapshot (59) installation is in progress
2022-10-18 06:30:59,345 [omNode-2-server-thread1] INFO  server.RaftServer$Division (RaftServerImpl.java:checkInconsistentAppendEntries(1394)) - omNode-2@group-523986131536: inconsistency entries. Reply:omNode-1<-omNode-2#166:FAIL-t6,INCONSISTENCY,nextIndex=57,followerCommit=56
2022-10-18 06:30:59,345 [grpc-default-executor-0] INFO  leader.FollowerInfo (FollowerInfoImpl.java:lambda$new$0(48)) - omNode-1@group-523986131536->omNode-2: nextIndex: updateUnconditionally 57 -> 57
2022-10-18 06:30:59,346 [grpc-default-executor-0] INFO  server.GrpcLogAppender (GrpcLogAppender.java:onNext(403)) - omNode-1@group-523986131536->omNode-2-InstallSnapshotResponseHandler: received a reply omNode-1<-omNode-2#0:FAIL-t6,IN_PROGRESS
2022-10-18 06:30:59,346 [grpc-default-executor-0] INFO  server.GrpcLogAppender (GrpcLogAppender.java:onNext(421)) - omNode-1@group-523986131536->omNode-2-InstallSnapshotResponseHandler: InstallSnapshot in progress.
2022-10-18 06:30:59,346 [omNode-1@group-523986131536->omNode-2-GrpcLogAppender-LogAppenderDaemon] INFO  server.GrpcLogAppender (GrpcLogAppender.java:installSnapshot(541)) - omNode-1@group-523986131536->omNode-2-GrpcLogAppender: followerNextIndex = 57 but logStartIndex = 59, notify follower to install snapshot-(t:5, i:59)
2022-10-18 06:30:59,346 [omNode-1@group-523986131536->omNode-2-GrpcLogAppender-LogAppenderDaemon] INFO  server.GrpcLogAppender (GrpcLogAppender.java:installSnapshot(549)) - omNode-1@group-523986131536->omNode-2-GrpcLogAppender: send omNode-1->omNode-2#0-t6,notify:(t:5, i:59)
2022-10-18 06:30:59,346 [grpc-default-executor-0] INFO  leader.FollowerInfo (FollowerInfoImpl.java:lambda$new$0(48)) - omNode-1@group-523986131536->omNode-2: nextIndex: updateUnconditionally 57 -> 57
2022-10-18 06:30:59,347 [omNode-2-server-thread1] INFO  server.RaftServer$Division (RaftServerImpl.java:checkInconsistentAppendEntries(1402)) - omNode-2@group-523986131536: Failed appendEntries as snapshot (59) installation is in progress
2022-10-18 06:30:59,347 [omNode-2-server-thread1] INFO  server.RaftServer$Division (RaftServerImpl.java:checkInconsistentAppendEntries(1394)) - omNode-2@group-523986131536: inconsistency entries. Reply:omNode-1<-omNode-2#167:FAIL-t6,INCONSISTENCY,nextIndex=57,followerCommit=56
2022-10-18 06:30:59,348 [grpc-default-executor-0] INFO  impl.SnapshotInstallationHandler (SnapshotInstallationHandler.java:installSnapshot(84)) - omNode-2@group-523986131536: receive installSnapshot: omNode-1->omNode-2#0-t6,notify:(t:5, i:59)
2022-10-18 06:30:59,348 [grpc-default-executor-0] INFO  impl.SnapshotInstallationHandler (SnapshotInstallationHandler.java:installSnapshot(95)) - omNode-2@group-523986131536: reply installSnapshot: omNode-1<-omNode-2#0:FAIL-t6,IN_PROGRESS
2022-10-18 06:30:59,348 [grpc-default-executor-0] INFO  server.GrpcServerProtocolService (GrpcServerProtocolService.java:onCompleted(140)) - omNode-2: Completed INSTALL_SNAPSHOT, lastRequest: omNode-1->omNode-2#0-t6,notify:(t:5, i:59)
2022-10-18 06:30:59,348 [grpc-default-executor-2] INFO  leader.FollowerInfo (FollowerInfoImpl.java:lambda$new$0(48)) - omNode-1@group-523986131536->omNode-2: nextIndex: updateUnconditionally 57 -> 57
2022-10-18 06:30:59,349 [grpc-default-executor-0] INFO  server.GrpcLogAppender (GrpcLogAppender.java:onNext(403)) - omNode-1@group-523986131536->omNode-2-InstallSnapshotResponseHandler: received a reply omNode-1<-omNode-2#0:FAIL-t6,IN_PROGRESS
2022-10-18 06:30:59,349 [grpc-default-executor-0] INFO  server.GrpcLogAppender (GrpcLogAppender.java:onNext(421)) - omNode-1@group-523986131536->omNode-2-InstallSnapshotResponseHandler: InstallSnapshot in progress.
2022-10-18 06:30:59,349 [omNode-1@group-523986131536->omNode-2-GrpcLogAppender-LogAppenderDaemon] INFO  server.GrpcLogAppender (GrpcLogAppender.java:installSnapshot(541)) - omNode-1@group-523986131536->omNode-2-GrpcLogAppender: followerNextIndex = 57 but logStartIndex = 59, notify follower to install snapshot-(t:5, i:59)
2022-10-18 06:30:59,349 [omNode-1@group-523986131536->omNode-2-GrpcLogAppender-LogAppenderDaemon] INFO  server.GrpcLogAppender (GrpcLogAppender.java:installSnapshot(549)) - omNode-1@group-523986131536->omNode-2-GrpcLogAppender: send omNode-1->omNode-2#0-t6,notify:(t:5, i:59)
2022-10-18 06:30:59,350 [omNode-2-server-thread1] INFO  server.RaftServer$Division (RaftServerImpl.java:checkInconsistentAppendEntries(1402)) - omNode-2@group-523986131536: Failed appendEntries as snapshot (59) installation is in progress
2022-10-18 06:30:59,350 [omNode-2-server-thread1] INFO  server.RaftServer$Division (RaftServerImpl.java:checkInconsistentAppendEntries(1394)) - omNode-2@group-523986131536: inconsistency entries. Reply:omNode-1<-omNode-2#168:FAIL-t6,INCONSISTENCY,nextIndex=57,followerCommit=56
2022-10-18 06:30:59,350 [grpc-default-executor-0] INFO  impl.SnapshotInstallationHandler (SnapshotInstallationHandler.java:installSnapshot(84)) - omNode-2@group-523986131536: receive installSnapshot: omNode-1->omNode-2#0-t6,notify:(t:5, i:59)
2022-10-18 06:30:59,350 [grpc-default-executor-0] INFO  impl.SnapshotInstallationHandler (SnapshotInstallationHandler.java:installSnapshot(95)) - omNode-2@group-523986131536: reply installSnapshot: omNode-1<-omNode-2#0:FAIL-t6,IN_PROGRESS
2022-10-18 06:30:59,351 [grpc-default-executor-0] INFO  server.GrpcServerProtocolService (GrpcServerProtocolService.java:onCompleted(140)) - omNode-2: Completed INSTALL_SNAPSHOT, lastRequest: omNode-1->omNode-2#0-t6,notify:(t:5, i:59)
2022-10-18 06:30:59,351 [grpc-default-executor-2] INFO  leader.FollowerInfo (FollowerInfoImpl.java:lambda$new$0(48)) - omNode-1@group-523986131536->omNode-2: nextIndex: updateUnconditionally 57 -> 57
2022-10-18 06:30:59,351 [grpc-default-executor-2] INFO  server.GrpcLogAppender (GrpcLogAppender.java:onNext(403)) - omNode-1@group-523986131536->omNode-2-InstallSnapshotResponseHandler: received a reply omNode-1<-omNode-2#0:FAIL-t6,IN_PROGRESS
2022-10-18 06:30:59,351 [grpc-default-executor-2] INFO  server.GrpcLogAppender (GrpcLogAppender.java:onNext(421)) - omNode-1@group-523986131536->omNode-2-InstallSnapshotResponseHandler: InstallSnapshot in progress.
2022-10-18 06:30:59,351 [omNode-1@group-523986131536->omNode-2-GrpcLogAppender-LogAppenderDaemon] INFO  server.GrpcLogAppender (GrpcLogAppender.java:installSnapshot(541)) - omNode-1@group-523986131536->omNode-2-GrpcLogAppender: followerNextIndex = 57 but logStartIndex = 59, notify follower to install snapshot-(t:5, i:59)
2022-10-18 06:30:59,352 [omNode-1@group-523986131536->omNode-2-GrpcLogAppender-LogAppenderDaemon] INFO  server.GrpcLogAppender (GrpcLogAppender.java:installSnapshot(549)) - omNode-1@group-523986131536->omNode-2-GrpcLogAppender: send omNode-1->omNode-2#0-t6,notify:(t:5, i:59)
2022-10-18 06:30:59,352 [grpc-default-executor-2] INFO  impl.SnapshotInstallationHandler (SnapshotInstallationHandler.java:installSnapshot(84)) - omNode-2@group-523986131536: receive installSnapshot: omNode-1->omNode-2#0-t6,notify:(t:5, i:59)
2022-10-18 06:30:59,352 [grpc-default-executor-2] INFO  impl.SnapshotInstallationHandler (SnapshotInstallationHandler.java:installSnapshot(95)) - omNode-2@group-523986131536: reply installSnapshot: omNode-1<-omNode-2#0:FAIL-t6,IN_PROGRESS
2022-10-18 06:30:59,353 [grpc-default-executor-2] INFO  server.GrpcServerProtocolService (GrpcServerProtocolService.java:onCompleted(140)) - omNode-2: Completed INSTALL_SNAPSHOT, lastRequest: omNode-1->omNode-2#0-t6,notify:(t:5, i:59)
2022-10-18 06:30:59,353 [omNode-2-server-thread1] INFO  server.RaftServer$Division (RaftServerImpl.java:checkInconsistentAppendEntries(1402)) - omNode-2@group-523986131536: Failed appendEntries as snapshot (59) installation is in progress
2022-10-18 06:30:59,353 [omNode-2-server-thread1] INFO  server.RaftServer$Division (RaftServerImpl.java:checkInconsistentAppendEntries(1394)) - omNode-2@group-523986131536: inconsistency entries. Reply:omNode-1<-omNode-2#169:FAIL-t6,INCONSISTENCY,nextIndex=57,followerCommit=56
2022-10-18 06:30:59,353 [grpc-default-executor-2] INFO  server.GrpcLogAppender (GrpcLogAppender.java:onNext(403)) - omNode-1@group-523986131536->omNode-2-InstallSnapshotResponseHandler: received a reply omNode-1<-omNode-2#0:FAIL-t6,IN_PROGRESS
2022-10-18 06:30:59,353 [grpc-default-executor-2] INFO  server.GrpcLogAppender (GrpcLogAppender.java:onNext(421)) - omNode-1@group-523986131536->omNode-2-InstallSnapshotResponseHandler: InstallSnapshot in progress.
2022-10-18 06:30:59,354 [omNode-1@group-523986131536->omNode-2-GrpcLogAppender-LogAppenderDaemon] INFO  server.GrpcLogAppender (GrpcLogAppender.java:installSnapshot(541)) - omNode-1@group-523986131536->omNode-2-GrpcLogAppender: followerNextIndex = 57 but logStartIndex = 59, notify follower to install snapshot-(t:5, i:59)
2022-10-18 06:30:59,354 [omNode-1@group-523986131536->omNode-2-GrpcLogAppender-LogAppenderDaemon] INFO  server.GrpcLogAppender (GrpcLogAppender.java:installSnapshot(549)) - omNode-1@group-523986131536->omNode-2-GrpcLogAppender: send omNode-1->omNode-2#0-t6,notify:(t:5, i:59)
2022-10-18 06:30:59,354 [grpc-default-executor-2] INFO  leader.FollowerInfo (FollowerInfoImpl.java:lambda$new$0(48)) - omNode-1@group-523986131536->omNode-2: nextIndex: updateUnconditionally 57 -> 57
2022-10-18 06:30:59,354 [grpc-default-executor-2] INFO  impl.SnapshotInstallationHandler (SnapshotInstallationHandler.java:installSnapshot(84)) - omNode-2@group-523986131536: receive installSnapshot: omNode-1->omNode-2#0-t6,notify:(t:5, i:59)
2022-10-18 06:30:59,355 [grpc-default-executor-2] INFO  impl.SnapshotInstallationHandler (SnapshotInstallationHandler.java:installSnapshot(95)) - omNode-2@group-523986131536: reply installSnapshot: omNode-1<-omNode-2#0:FAIL-t6,IN_PROGRESS
2022-10-18 06:30:59,355 [grpc-default-executor-2] INFO  server.GrpcServerProtocolService (GrpcServerProtocolService.java:onCompleted(140)) - omNode-2: Completed INSTALL_SNAPSHOT, lastRequest: omNode-1->omNode-2#0-t6,notify:(t:5, i:59)
2022-10-18 06:30:59,355 [omNode-2-server-thread1] INFO  server.RaftServer$Division (RaftServerImpl.java:checkInconsistentAppendEntries(1402)) - omNode-2@group-523986131536: Failed appendEntries as snapshot (59) installation is in progress
2022-10-18 06:30:59,355 [omNode-2-server-thread1] INFO  server.RaftServer$Division (RaftServerImpl.java:checkInconsistentAppendEntries(1394)) - omNode-2@group-523986131536: inconsistency entries. Reply:omNode-1<-omNode-2#170:FAIL-t6,INCONSISTENCY,nextIndex=57,followerCommit=56
2022-10-18 06:30:59,355 [grpc-default-executor-0] INFO  server.GrpcLogAppender (GrpcLogAppender.java:onNext(403)) - omNode-1@group-523986131536->omNode-2-InstallSnapshotResponseHandler: received a reply omNode-1<-omNode-2#0:FAIL-t6,IN_PROGRESS
2022-10-18 06:30:59,356 [grpc-default-executor-0] INFO  server.GrpcLogAppender (GrpcLogAppender.java:onNext(421)) - omNode-1@group-523986131536->omNode-2-InstallSnapshotResponseHandler: InstallSnapshot in progress.
2022-10-18 06:30:59,356 [omNode-1@group-523986131536->omNode-2-GrpcLogAppender-LogAppenderDaemon] INFO  server.GrpcLogAppender (GrpcLogAppender.java:installSnapshot(541)) - omNode-1@group-523986131536->omNode-2-GrpcLogAppender: followerNextIndex = 57 but logStartIndex = 59, notify follower to install snapshot-(t:5, i:59)
2022-10-18 06:30:59,356 [omNode-1@group-523986131536->omNode-2-GrpcLogAppender-LogAppenderDaemon] INFO  server.GrpcLogAppender (GrpcLogAppender.java:installSnapshot(549)) - omNode-1@group-523986131536->omNode-2-GrpcLogAppender: send omNode-1->omNode-2#0-t6,notify:(t:5, i:59)
2022-10-18 06:30:59,360 [grpc-default-executor-0] INFO  leader.FollowerInfo (FollowerInfoImpl.java:lambda$new$0(48)) - omNode-1@group-523986131536->omNode-2: nextIndex: updateUnconditionally 57 -> 57
2022-10-18 06:30:59,361 [omNode-2-server-thread1] INFO  server.RaftServer$Division (RaftServerImpl.java:checkInconsistentAppendEntries(1402)) - omNode-2@group-523986131536: Failed appendEntries as snapshot (59) installation is in progress
2022-10-18 06:30:59,361 [omNode-2-server-thread1] INFO  server.RaftServer$Division (RaftServerImpl.java:checkInconsistentAppendEntries(1394)) - omNode-2@group-523986131536: inconsistency entries. Reply:omNode-1<-omNode-2#171:FAIL-t6,INCONSISTENCY,nextIndex=57,followerCommit=56
2022-10-18 06:30:59,361 [grpc-default-executor-0] INFO  impl.SnapshotInstallationHandler (SnapshotInstallationHandler.java:installSnapshot(84)) - omNode-2@group-523986131536: receive installSnapshot: omNode-1->omNode-2#0-t6,notify:(t:5, i:59)
2022-10-18 06:30:59,361 [grpc-default-executor-0] INFO  impl.SnapshotInstallationHandler (SnapshotInstallationHandler.java:installSnapshot(95)) - omNode-2@group-523986131536: reply installSnapshot: omNode-1<-omNode-2#0:FAIL-t6,IN_PROGRESS
2022-10-18 06:30:59,362 [grpc-default-executor-0] INFO  server.GrpcServerProtocolService (GrpcServerProtocolService.java:onCompleted(140)) - omNode-2: Completed INSTALL_SNAPSHOT, lastRequest: omNode-1->omNode-2#0-t6,notify:(t:5, i:59)
2022-10-18 06:30:59,362 [grpc-default-executor-2] INFO  leader.FollowerInfo (FollowerInfoImpl.java:lambda$new$0(48)) - omNode-1@group-523986131536->omNode-2: nextIndex: updateUnconditionally 57 -> 57
2022-10-18 06:30:59,362 [grpc-default-executor-2] INFO  server.GrpcLogAppender (GrpcLogAppender.java:onNext(403)) - omNode-1@group-523986131536->omNode-2-InstallSnapshotResponseHandler: received a reply omNode-1<-omNode-2#0:FAIL-t6,IN_PROGRESS
2022-10-18 06:30:59,362 [grpc-default-executor-2] INFO  server.GrpcLogAppender (GrpcLogAppender.java:onNext(421)) - omNode-1@group-523986131536->omNode-2-InstallSnapshotResponseHandler: InstallSnapshot in progress.
2022-10-18 06:30:59,362 [omNode-1@group-523986131536->omNode-2-GrpcLogAppender-LogAppenderDaemon] INFO  server.GrpcLogAppender (GrpcLogAppender.java:installSnapshot(541)) - omNode-1@group-523986131536->omNode-2-GrpcLogAppender: followerNextIndex = 57 but logStartIndex = 59, notify follower to install snapshot-(t:5, i:59)
2022-10-18 06:30:59,363 [omNode-1@group-523986131536->omNode-2-GrpcLogAppender-LogAppenderDaemon] INFO  server.GrpcLogAppender (GrpcLogAppender.java:installSnapshot(549)) - omNode-1@group-523986131536->omNode-2-GrpcLogAppender: send omNode-1->omNode-2#0-t6,notify:(t:5, i:59)
2022-10-18 06:30:59,363 [grpc-default-executor-2] INFO  impl.SnapshotInstallationHandler (SnapshotInstallationHandler.java:installSnapshot(84)) - omNode-2@group-523986131536: receive installSnapshot: omNode-1->omNode-2#0-t6,notify:(t:5, i:59)
2022-10-18 06:30:59,363 [grpc-default-executor-2] INFO  impl.SnapshotInstallationHandler (SnapshotInstallationHandler.java:installSnapshot(95)) - omNode-2@group-523986131536: reply installSnapshot: omNode-1<-omNode-2#0:FAIL-t6,IN_PROGRESS
2022-10-18 06:30:59,364 [grpc-default-executor-2] INFO  server.GrpcServerProtocolService (GrpcServerProtocolService.java:onCompleted(140)) - omNode-2: Completed INSTALL_SNAPSHOT, lastRequest: omNode-1->omNode-2#0-t6,notify:(t:5, i:59)
2022-10-18 06:30:59,364 [omNode-2-server-thread1] INFO  server.RaftServer$Division (RaftServerImpl.java:checkInconsistentAppendEntries(1402)) - omNode-2@group-523986131536: Failed appendEntries as snapshot (59) installation is in progress
2022-10-18 06:30:59,364 [omNode-2-server-thread1] INFO  server.RaftServer$Division (RaftServerImpl.java:checkInconsistentAppendEntries(1394)) - omNode-2@group-523986131536: inconsistency entries. Reply:omNode-1<-omNode-2#172:FAIL-t6,INCONSISTENCY,nextIndex=57,followerCommit=56
2022-10-18 06:30:59,364 [grpc-default-executor-0] INFO  server.GrpcLogAppender (GrpcLogAppender.java:onNext(403)) - omNode-1@group-523986131536->omNode-2-InstallSnapshotResponseHandler: received a reply omNode-1<-omNode-2#0:FAIL-t6,IN_PROGRESS
2022-10-18 06:30:59,364 [grpc-default-executor-0] INFO  server.GrpcLogAppender (GrpcLogAppender.java:onNext(421)) - omNode-1@group-523986131536->omNode-2-InstallSnapshotResponseHandler: InstallSnapshot in progress.
2022-10-18 06:30:59,365 [omNode-1@group-523986131536->omNode-2-GrpcLogAppender-LogAppenderDaemon] INFO  server.GrpcLogAppender (GrpcLogAppender.java:installSnapshot(541)) - omNode-1@group-523986131536->omNode-2-GrpcLogAppender: followerNextIndex = 57 but logStartIndex = 59, notify follower to install snapshot-(t:5, i:59)
2022-10-18 06:30:59,365 [omNode-1@group-523986131536->omNode-2-GrpcLogAppender-LogAppenderDaemon] INFO  server.GrpcLogAppender (GrpcLogAppender.java:installSnapshot(549)) - omNode-1@group-523986131536->omNode-2-GrpcLogAppender: send omNode-1->omNode-2#0-t6,notify:(t:5, i:59)
2022-10-18 06:30:59,365 [grpc-default-executor-0] INFO  leader.FollowerInfo (FollowerInfoImpl.java:lambda$new$0(48)) - omNode-1@group-523986131536->omNode-2: nextIndex: updateUnconditionally 57 -> 57
2022-10-18 06:30:59,365 [omNode-2-server-thread1] INFO  server.RaftServer$Division (RaftServerImpl.java:checkInconsistentAppendEntries(1402)) - omNode-2@group-523986131536: Failed appendEntries as snapshot (59) installation is in progress
2022-10-18 06:30:59,366 [omNode-2-server-thread1] INFO  server.RaftServer$Division (RaftServerImpl.java:checkInconsistentAppendEntries(1394)) - omNode-2@group-523986131536: inconsistency entries. Reply:omNode-1<-omNode-2#173:FAIL-t6,INCONSISTENCY,nextIndex=57,followerCommit=56
2022-10-18 06:30:59,366 [grpc-default-executor-0] INFO  impl.SnapshotInstallationHandler (SnapshotInstallationHandler.java:installSnapshot(84)) - omNode-2@group-523986131536: receive installSnapshot: omNode-1->omNode-2#0-t6,notify:(t:5, i:59)
2022-10-18 06:30:59,366 [grpc-default-executor-0] INFO  impl.SnapshotInstallationHandler (SnapshotInstallationHandler.java:installSnapshot(95)) - omNode-2@group-523986131536: reply installSnapshot: omNode-1<-omNode-2#0:FAIL-t6,IN_PROGRESS
2022-10-18 06:30:59,366 [grpc-default-executor-0] INFO  server.GrpcServerProtocolService (GrpcServerProtocolService.java:onCompleted(140)) - omNode-2: Completed INSTALL_SNAPSHOT, lastRequest: omNode-1->omNode-2#0-t6,notify:(t:5, i:59)
2022-10-18 06:30:59,367 [grpc-default-executor-2] INFO  leader.FollowerInfo (FollowerInfoImpl.java:lambda$new$0(48)) - omNode-1@group-523986131536->omNode-2: nextIndex: updateUnconditionally 57 -> 57
2022-10-18 06:30:59,367 [grpc-default-executor-0] INFO  server.GrpcLogAppender (GrpcLogAppender.java:onNext(403)) - omNode-1@group-523986131536->omNode-2-InstallSnapshotResponseHandler: received a reply omNode-1<-omNode-2#0:FAIL-t6,IN_PROGRESS
2022-10-18 06:30:59,367 [grpc-default-executor-0] INFO  server.GrpcLogAppender (GrpcLogAppender.java:onNext(421)) - omNode-1@group-523986131536->omNode-2-InstallSnapshotResponseHandler: InstallSnapshot in progress.
2022-10-18 06:30:59,367 [omNode-1@group-523986131536->omNode-2-GrpcLogAppender-LogAppenderDaemon] INFO  server.GrpcLogAppender (GrpcLogAppender.java:installSnapshot(541)) - omNode-1@group-523986131536->omNode-2-GrpcLogAppender: followerNextIndex = 57 but logStartIndex = 59, notify follower to install snapshot-(t:5, i:59)
2022-10-18 06:30:59,367 [omNode-1@group-523986131536->omNode-2-GrpcLogAppender-LogAppenderDaemon] INFO  server.GrpcLogAppender (GrpcLogAppender.java:installSnapshot(549)) - omNode-1@group-523986131536->omNode-2-GrpcLogAppender: send omNode-1->omNode-2#0-t6,notify:(t:5, i:59)
2022-10-18 06:30:59,368 [omNode-2-server-thread1] INFO  server.RaftServer$Division (RaftServerImpl.java:checkInconsistentAppendEntries(1402)) - omNode-2@group-523986131536: Failed appendEntries as snapshot (59) installation is in progress
2022-10-18 06:30:59,368 [omNode-2-server-thread1] INFO  server.RaftServer$Division (RaftServerImpl.java:checkInconsistentAppendEntries(1394)) - omNode-2@group-523986131536: inconsistency entries. Reply:omNode-1<-omNode-2#174:FAIL-t6,INCONSISTENCY,nextIndex=57,followerCommit=56
2022-10-18 06:30:59,368 [grpc-default-executor-0] INFO  impl.SnapshotInstallationHandler (SnapshotInstallationHandler.java:installSnapshot(84)) - omNode-2@group-523986131536: receive installSnapshot: omNode-1->omNode-2#0-t6,notify:(t:5, i:59)
2022-10-18 06:30:59,368 [grpc-default-executor-0] INFO  impl.SnapshotInstallationHandler (SnapshotInstallationHandler.java:installSnapshot(95)) - omNode-2@group-523986131536: reply installSnapshot: omNode-1<-omNode-2#0:FAIL-t6,IN_PROGRESS
2022-10-18 06:30:59,369 [grpc-default-executor-0] INFO  server.GrpcServerProtocolService (GrpcServerProtocolService.java:onCompleted(140)) - omNode-2: Completed INSTALL_SNAPSHOT, lastRequest: omNode-1->omNode-2#0-t6,notify:(t:5, i:59)
2022-10-18 06:30:59,369 [grpc-default-executor-2] INFO  leader.FollowerInfo (FollowerInfoImpl.java:lambda$new$0(48)) - omNode-1@group-523986131536->omNode-2: nextIndex: updateUnconditionally 57 -> 57
2022-10-18 06:30:59,369 [grpc-default-executor-2] INFO  server.GrpcLogAppender (GrpcLogAppender.java:onNext(403)) - omNode-1@group-523986131536->omNode-2-InstallSnapshotResponseHandler: received a reply omNode-1<-omNode-2#0:FAIL-t6,IN_PROGRESS
2022-10-18 06:30:59,369 [grpc-default-executor-2] INFO  server.GrpcLogAppender (GrpcLogAppender.java:onNext(421)) - omNode-1@group-523986131536->omNode-2-InstallSnapshotResponseHandler: InstallSnapshot in progress.
2022-10-18 06:30:59,369 [omNode-1@group-523986131536->omNode-2-GrpcLogAppender-LogAppenderDaemon] INFO  server.GrpcLogAppender (GrpcLogAppender.java:installSnapshot(541)) - omNode-1@group-523986131536->omNode-2-GrpcLogAppender: followerNextIndex = 57 but logStartIndex = 59, notify follower to install snapshot-(t:5, i:59)
2022-10-18 06:30:59,370 [omNode-1@group-523986131536->omNode-2-GrpcLogAppender-LogAppenderDaemon] INFO  server.GrpcLogAppender (GrpcLogAppender.java:installSnapshot(549)) - omNode-1@group-523986131536->omNode-2-GrpcLogAppender: send omNode-1->omNode-2#0-t6,notify:(t:5, i:59)
2022-10-18 06:30:59,370 [grpc-default-executor-2] INFO  impl.SnapshotInstallationHandler (SnapshotInstallationHandler.java:installSnapshot(84)) - omNode-2@group-523986131536: receive installSnapshot: omNode-1->omNode-2#0-t6,notify:(t:5, i:59)
2022-10-18 06:30:59,370 [grpc-default-executor-2] INFO  impl.SnapshotInstallationHandler (SnapshotInstallationHandler.java:installSnapshot(95)) - omNode-2@group-523986131536: reply installSnapshot: omNode-1<-omNode-2#0:FAIL-t6,IN_PROGRESS
2022-10-18 06:30:59,370 [grpc-default-executor-2] INFO  server.GrpcServerProtocolService (GrpcServerProtocolService.java:onCompleted(140)) - omNode-2: Completed INSTALL_SNAPSHOT, lastRequest: omNode-1->omNode-2#0-t6,notify:(t:5, i:59)
2022-10-18 06:30:59,371 [omNode-2-server-thread1] INFO  server.RaftServer$Division (RaftServerImpl.java:checkInconsistentAppendEntries(1402)) - omNode-2@group-523986131536: Failed appendEntries as snapshot (59) installation is in progress
2022-10-18 06:30:59,371 [omNode-2-server-thread1] INFO  server.RaftServer$Division (RaftServerImpl.java:checkInconsistentAppendEntries(1394)) - omNode-2@group-523986131536: inconsistency entries. Reply:omNode-1<-omNode-2#175:FAIL-t6,INCONSISTENCY,nextIndex=57,followerCommit=56
2022-10-18 06:30:59,371 [grpc-default-executor-2] INFO  server.GrpcLogAppender (GrpcLogAppender.java:onNext(403)) - omNode-1@group-523986131536->omNode-2-InstallSnapshotResponseHandler: received a reply omNode-1<-omNode-2#0:FAIL-t6,IN_PROGRESS
2022-10-18 06:30:59,371 [grpc-default-executor-2] INFO  server.GrpcLogAppender (GrpcLogAppender.java:onNext(421)) - omNode-1@group-523986131536->omNode-2-InstallSnapshotResponseHandler: InstallSnapshot in progress.
2022-10-18 06:30:59,372 [omNode-1@group-523986131536->omNode-2-GrpcLogAppender-LogAppenderDaemon] INFO  server.GrpcLogAppender (GrpcLogAppender.java:installSnapshot(541)) - omNode-1@group-523986131536->omNode-2-GrpcLogAppender: followerNextIndex = 57 but logStartIndex = 59, notify follower to install snapshot-(t:5, i:59)
2022-10-18 06:30:59,372 [omNode-1@group-523986131536->omNode-2-GrpcLogAppender-LogAppenderDaemon] INFO  server.GrpcLogAppender (GrpcLogAppender.java:installSnapshot(549)) - omNode-1@group-523986131536->omNode-2-GrpcLogAppender: send omNode-1->omNode-2#0-t6,notify:(t:5, i:59)
2022-10-18 06:30:59,372 [grpc-default-executor-2] INFO  impl.SnapshotInstallationHandler (SnapshotInstallationHandler.java:installSnapshot(84)) - omNode-2@group-523986131536: receive installSnapshot: omNode-1->omNode-2#0-t6,notify:(t:5, i:59)
2022-10-18 06:30:59,372 [grpc-default-executor-2] INFO  impl.SnapshotInstallationHandler (SnapshotInstallationHandler.java:installSnapshot(95)) - omNode-2@group-523986131536: reply installSnapshot: omNode-1<-omNode-2#0:FAIL-t6,IN_PROGRESS
2022-10-18 06:30:59,373 [grpc-default-executor-2] INFO  server.GrpcServerProtocolService (GrpcServerProtocolService.java:onCompleted(140)) - omNode-2: Completed INSTALL_SNAPSHOT, lastRequest: omNode-1->omNode-2#0-t6,notify:(t:5, i:59)
2022-10-18 06:30:59,373 [omNode-2-server-thread1] INFO  server.RaftServer$Division (RaftServerImpl.java:checkInconsistentAppendEntries(1402)) - omNode-2@group-523986131536: Failed appendEntries as snapshot (59) installation is in progress
2022-10-18 06:30:59,373 [omNode-2-server-thread1] INFO  server.RaftServer$Division (RaftServerImpl.java:checkInconsistentAppendEntries(1394)) - omNode-2@group-523986131536: inconsistency entries. Reply:omNode-1<-omNode-2#176:FAIL-t6,INCONSISTENCY,nextIndex=57,followerCommit=56
2022-10-18 06:30:59,373 [grpc-default-executor-0] INFO  leader.FollowerInfo (FollowerInfoImpl.java:lambda$new$0(48)) - omNode-1@group-523986131536->omNode-2: nextIndex: updateUnconditionally 57 -> 57
2022-10-18 06:30:59,374 [grpc-default-executor-0] INFO  server.GrpcLogAppender (GrpcLogAppender.java:onNext(403)) - omNode-1@group-523986131536->omNode-2-InstallSnapshotResponseHandler: received a reply omNode-1<-omNode-2#0:FAIL-t6,IN_PROGRESS
2022-10-18 06:30:59,374 [grpc-default-executor-0] INFO  server.GrpcLogAppender (GrpcLogAppender.java:onNext(421)) - omNode-1@group-523986131536->omNode-2-InstallSnapshotResponseHandler: InstallSnapshot in progress.
2022-10-18 06:30:59,374 [omNode-1@group-523986131536->omNode-2-GrpcLogAppender-LogAppenderDaemon] INFO  server.GrpcLogAppender (GrpcLogAppender.java:installSnapshot(541)) - omNode-1@group-523986131536->omNode-2-GrpcLogAppender: followerNextIndex = 57 but logStartIndex = 59, notify follower to install snapshot-(t:5, i:59)
2022-10-18 06:30:59,374 [omNode-1@group-523986131536->omNode-2-GrpcLogAppender-LogAppenderDaemon] INFO  server.GrpcLogAppender (GrpcLogAppender.java:installSnapshot(549)) - omNode-1@group-523986131536->omNode-2-GrpcLogAppender: send omNode-1->omNode-2#0-t6,notify:(t:5, i:59)
2022-10-18 06:30:59,375 [omNode-2-server-thread1] INFO  server.RaftServer$Division (RaftServerImpl.java:checkInconsistentAppendEntries(1402)) - omNode-2@group-523986131536: Failed appendEntries as snapshot (59) installation is in progress
2022-10-18 06:30:59,375 [omNode-2-server-thread1] INFO  server.RaftServer$Division (RaftServerImpl.java:checkInconsistentAppendEntries(1394)) - omNode-2@group-523986131536: inconsistency entries. Reply:omNode-1<-omNode-2#177:FAIL-t6,INCONSISTENCY,nextIndex=57,followerCommit=56
2022-10-18 06:30:59,375 [grpc-default-executor-0] INFO  impl.SnapshotInstallationHandler (SnapshotInstallationHandler.java:installSnapshot(84)) - omNode-2@group-523986131536: receive installSnapshot: omNode-1->omNode-2#0-t6,notify:(t:5, i:59)
2022-10-18 06:30:59,375 [grpc-default-executor-0] INFO  impl.SnapshotInstallationHandler (SnapshotInstallationHandler.java:installSnapshot(95)) - omNode-2@group-523986131536: reply installSnapshot: omNode-1<-omNode-2#0:FAIL-t6,IN_PROGRESS
2022-10-18 06:30:59,375 [grpc-default-executor-0] INFO  server.GrpcServerProtocolService (GrpcServerProtocolService.java:onCompleted(140)) - omNode-2: Completed INSTALL_SNAPSHOT, lastRequest: omNode-1->omNode-2#0-t6,notify:(t:5, i:59)
2022-10-18 06:30:59,375 [grpc-default-executor-2] INFO  leader.FollowerInfo (FollowerInfoImpl.java:lambda$new$0(48)) - omNode-1@group-523986131536->omNode-2: nextIndex: updateUnconditionally 57 -> 57
2022-10-18 06:30:59,376 [grpc-default-executor-2] INFO  leader.FollowerInfo (FollowerInfoImpl.java:lambda$new$0(48)) - omNode-1@group-523986131536->omNode-2: nextIndex: updateUnconditionally 57 -> 57
2022-10-18 06:30:59,376 [grpc-default-executor-2] INFO  server.GrpcLogAppender (GrpcLogAppender.java:onNext(403)) - omNode-1@group-523986131536->omNode-2-InstallSnapshotResponseHandler: received a reply omNode-1<-omNode-2#0:FAIL-t6,IN_PROGRESS
2022-10-18 06:30:59,376 [grpc-default-executor-2] INFO  server.GrpcLogAppender (GrpcLogAppender.java:onNext(421)) - omNode-1@group-523986131536->omNode-2-InstallSnapshotResponseHandler: InstallSnapshot in progress.
2022-10-18 06:30:59,376 [omNode-1@group-523986131536->omNode-2-GrpcLogAppender-LogAppenderDaemon] INFO  server.GrpcLogAppender (GrpcLogAppender.java:installSnapshot(541)) - omNode-1@group-523986131536->omNode-2-GrpcLogAppender: followerNextIndex = 57 but logStartIndex = 59, notify follower to install snapshot-(t:5, i:59)
2022-10-18 06:30:59,376 [omNode-1@group-523986131536->omNode-2-GrpcLogAppender-LogAppenderDaemon] INFO  server.GrpcLogAppender (GrpcLogAppender.java:installSnapshot(549)) - omNode-1@group-523986131536->omNode-2-GrpcLogAppender: send omNode-1->omNode-2#0-t6,notify:(t:5, i:59)
2022-10-18 06:30:59,377 [grpc-default-executor-2] INFO  impl.SnapshotInstallationHandler (SnapshotInstallationHandler.java:installSnapshot(84)) - omNode-2@group-523986131536: receive installSnapshot: omNode-1->omNode-2#0-t6,notify:(t:5, i:59)
2022-10-18 06:30:59,377 [grpc-default-executor-2] INFO  impl.SnapshotInstallationHandler (SnapshotInstallationHandler.java:installSnapshot(95)) - omNode-2@group-523986131536: reply installSnapshot: omNode-1<-omNode-2#0:FAIL-t6,IN_PROGRESS
2022-10-18 06:30:59,377 [grpc-default-executor-2] INFO  server.GrpcServerProtocolService (GrpcServerProtocolService.java:onCompleted(140)) - omNode-2: Completed INSTALL_SNAPSHOT, lastRequest: omNode-1->omNode-2#0-t6,notify:(t:5, i:59)
2022-10-18 06:30:59,378 [omNode-2-server-thread1] INFO  server.RaftServer$Division (RaftServerImpl.java:checkInconsistentAppendEntries(1402)) - omNode-2@group-523986131536: Failed appendEntries as snapshot (59) installation is in progress
2022-10-18 06:30:59,378 [omNode-2-server-thread1] INFO  server.RaftServer$Division (RaftServerImpl.java:checkInconsistentAppendEntries(1394)) - omNode-2@group-523986131536: inconsistency entries. Reply:omNode-1<-omNode-2#178:FAIL-t6,INCONSISTENCY,nextIndex=57,followerCommit=56
2022-10-18 06:30:59,379 [grpc-default-executor-0] INFO  server.GrpcLogAppender (GrpcLogAppender.java:onNext(403)) - omNode-1@group-523986131536->omNode-2-InstallSnapshotResponseHandler: received a reply omNode-1<-omNode-2#0:FAIL-t6,IN_PROGRESS
2022-10-18 06:30:59,379 [grpc-default-executor-0] INFO  server.GrpcLogAppender (GrpcLogAppender.java:onNext(421)) - omNode-1@group-523986131536->omNode-2-InstallSnapshotResponseHandler: InstallSnapshot in progress.
2022-10-18 06:30:59,379 [omNode-1@group-523986131536->omNode-2-GrpcLogAppender-LogAppenderDaemon] INFO  server.GrpcLogAppender (GrpcLogAppender.java:installSnapshot(541)) - omNode-1@group-523986131536->omNode-2-GrpcLogAppender: followerNextIndex = 57 but logStartIndex = 59, notify follower to install snapshot-(t:5, i:59)
2022-10-18 06:30:59,379 [omNode-1@group-523986131536->omNode-2-GrpcLogAppender-LogAppenderDaemon] INFO  server.GrpcLogAppender (GrpcLogAppender.java:installSnapshot(549)) - omNode-1@group-523986131536->omNode-2-GrpcLogAppender: send omNode-1->omNode-2#0-t6,notify:(t:5, i:59)
2022-10-18 06:30:59,379 [grpc-default-executor-0] INFO  leader.FollowerInfo (FollowerInfoImpl.java:lambda$new$0(48)) - omNode-1@group-523986131536->omNode-2: nextIndex: updateUnconditionally 57 -> 57
2022-10-18 06:30:59,380 [omNode-2-server-thread1] INFO  server.RaftServer$Division (RaftServerImpl.java:checkInconsistentAppendEntries(1402)) - omNode-2@group-523986131536: Failed appendEntries as snapshot (59) installation is in progress
2022-10-18 06:30:59,380 [omNode-2-server-thread1] INFO  server.RaftServer$Division (RaftServerImpl.java:checkInconsistentAppendEntries(1394)) - omNode-2@group-523986131536: inconsistency entries. Reply:omNode-1<-omNode-2#179:FAIL-t6,INCONSISTENCY,nextIndex=57,followerCommit=56
2022-10-18 06:30:59,380 [grpc-default-executor-0] INFO  impl.SnapshotInstallationHandler (SnapshotInstallationHandler.java:installSnapshot(84)) - omNode-2@group-523986131536: receive installSnapshot: omNode-1->omNode-2#0-t6,notify:(t:5, i:59)
2022-10-18 06:30:59,380 [grpc-default-executor-0] INFO  impl.SnapshotInstallationHandler (SnapshotInstallationHandler.java:installSnapshot(95)) - omNode-2@group-523986131536: reply installSnapshot: omNode-1<-omNode-2#0:FAIL-t6,IN_PROGRESS
2022-10-18 06:30:59,380 [grpc-default-executor-0] INFO  server.GrpcServerProtocolService (GrpcServerProtocolService.java:onCompleted(140)) - omNode-2: Completed INSTALL_SNAPSHOT, lastRequest: omNode-1->omNode-2#0-t6,notify:(t:5, i:59)
2022-10-18 06:30:59,381 [grpc-default-executor-2] INFO  leader.FollowerInfo (FollowerInfoImpl.java:lambda$new$0(48)) - omNode-1@group-523986131536->omNode-2: nextIndex: updateUnconditionally 57 -> 57
2022-10-18 06:30:59,381 [grpc-default-executor-2] INFO  server.GrpcLogAppender (GrpcLogAppender.java:onNext(403)) - omNode-1@group-523986131536->omNode-2-InstallSnapshotResponseHandler: received a reply omNode-1<-omNode-2#0:FAIL-t6,IN_PROGRESS
2022-10-18 06:30:59,381 [grpc-default-executor-2] INFO  server.GrpcLogAppender (GrpcLogAppender.java:onNext(421)) - omNode-1@group-523986131536->omNode-2-InstallSnapshotResponseHandler: InstallSnapshot in progress.
2022-10-18 06:30:59,381 [omNode-1@group-523986131536->omNode-2-GrpcLogAppender-LogAppenderDaemon] INFO  server.GrpcLogAppender (GrpcLogAppender.java:installSnapshot(541)) - omNode-1@group-523986131536->omNode-2-GrpcLogAppender: followerNextIndex = 57 but logStartIndex = 59, notify follower to install snapshot-(t:5, i:59)
2022-10-18 06:30:59,381 [omNode-1@group-523986131536->omNode-2-GrpcLogAppender-LogAppenderDaemon] INFO  server.GrpcLogAppender (GrpcLogAppender.java:installSnapshot(549)) - omNode-1@group-523986131536->omNode-2-GrpcLogAppender: send omNode-1->omNode-2#0-t6,notify:(t:5, i:59)
2022-10-18 06:30:59,382 [grpc-default-executor-2] INFO  impl.SnapshotInstallationHandler (SnapshotInstallationHandler.java:installSnapshot(84)) - omNode-2@group-523986131536: receive installSnapshot: omNode-1->omNode-2#0-t6,notify:(t:5, i:59)
2022-10-18 06:30:59,382 [grpc-default-executor-2] INFO  impl.SnapshotInstallationHandler (SnapshotInstallationHandler.java:installSnapshot(95)) - omNode-2@group-523986131536: reply installSnapshot: omNode-1<-omNode-2#0:FAIL-t6,IN_PROGRESS
2022-10-18 06:30:59,382 [grpc-default-executor-2] INFO  server.GrpcServerProtocolService (GrpcServerProtocolService.java:onCompleted(140)) - omNode-2: Completed INSTALL_SNAPSHOT, lastRequest: omNode-1->omNode-2#0-t6,notify:(t:5, i:59)
2022-10-18 06:30:59,383 [omNode-2-server-thread1] INFO  server.RaftServer$Division (RaftServerImpl.java:checkInconsistentAppendEntries(1402)) - omNode-2@group-523986131536: Failed appendEntries as snapshot (59) installation is in progress
2022-10-18 06:30:59,383 [omNode-2-server-thread1] INFO  server.RaftServer$Division (RaftServerImpl.java:checkInconsistentAppendEntries(1394)) - omNode-2@group-523986131536: inconsistency entries. Reply:omNode-1<-omNode-2#180:FAIL-t6,INCONSISTENCY,nextIndex=57,followerCommit=56
2022-10-18 06:30:59,383 [grpc-default-executor-0] INFO  server.GrpcLogAppender (GrpcLogAppender.java:onNext(403)) - omNode-1@group-523986131536->omNode-2-InstallSnapshotResponseHandler: received a reply omNode-1<-omNode-2#0:FAIL-t6,IN_PROGRESS
2022-10-18 06:30:59,383 [grpc-default-executor-0] INFO  server.GrpcLogAppender (GrpcLogAppender.java:onNext(421)) - omNode-1@group-523986131536->omNode-2-InstallSnapshotResponseHandler: InstallSnapshot in progress.
2022-10-18 06:30:59,383 [omNode-1@group-523986131536->omNode-2-GrpcLogAppender-LogAppenderDaemon] INFO  server.GrpcLogAppender (GrpcLogAppender.java:installSnapshot(541)) - omNode-1@group-523986131536->omNode-2-GrpcLogAppender: followerNextIndex = 57 but logStartIndex = 59, notify follower to install snapshot-(t:5, i:59)
2022-10-18 06:30:59,383 [omNode-1@group-523986131536->omNode-2-GrpcLogAppender-LogAppenderDaemon] INFO  server.GrpcLogAppender (GrpcLogAppender.java:installSnapshot(549)) - omNode-1@group-523986131536->omNode-2-GrpcLogAppender: send omNode-1->omNode-2#0-t6,notify:(t:5, i:59)
2022-10-18 06:30:59,384 [grpc-default-executor-0] INFO  leader.FollowerInfo (FollowerInfoImpl.java:lambda$new$0(48)) - omNode-1@group-523986131536->omNode-2: nextIndex: updateUnconditionally 57 -> 57
2022-10-18 06:30:59,384 [omNode-2-server-thread1] INFO  server.RaftServer$Division (RaftServerImpl.java:checkInconsistentAppendEntries(1402)) - omNode-2@group-523986131536: Failed appendEntries as snapshot (59) installation is in progress
2022-10-18 06:30:59,384 [omNode-2-server-thread1] INFO  server.RaftServer$Division (RaftServerImpl.java:checkInconsistentAppendEntries(1394)) - omNode-2@group-523986131536: inconsistency entries. Reply:omNode-1<-omNode-2#181:FAIL-t6,INCONSISTENCY,nextIndex=57,followerCommit=56
2022-10-18 06:30:59,385 [grpc-default-executor-0] INFO  impl.SnapshotInstallationHandler (SnapshotInstallationHandler.java:installSnapshot(84)) - omNode-2@group-523986131536: receive installSnapshot: omNode-1->omNode-2#0-t6,notify:(t:5, i:59)
2022-10-18 06:30:59,385 [grpc-default-executor-0] INFO  impl.SnapshotInstallationHandler (SnapshotInstallationHandler.java:installSnapshot(95)) - omNode-2@group-523986131536: reply installSnapshot: omNode-1<-omNode-2#0:FAIL-t6,IN_PROGRESS
2022-10-18 06:30:59,385 [grpc-default-executor-0] INFO  server.GrpcServerProtocolService (GrpcServerProtocolService.java:onCompleted(140)) - omNode-2: Completed INSTALL_SNAPSHOT, lastRequest: omNode-1->omNode-2#0-t6,notify:(t:5, i:59)
2022-10-18 06:30:59,385 [grpc-default-executor-2] INFO  leader.FollowerInfo (FollowerInfoImpl.java:lambda$new$0(48)) - omNode-1@group-523986131536->omNode-2: nextIndex: updateUnconditionally 57 -> 57
2022-10-18 06:30:59,386 [grpc-default-executor-2] INFO  server.GrpcLogAppender (GrpcLogAppender.java:onNext(403)) - omNode-1@group-523986131536->omNode-2-InstallSnapshotResponseHandler: received a reply omNode-1<-omNode-2#0:FAIL-t6,IN_PROGRESS
2022-10-18 06:30:59,386 [grpc-default-executor-2] INFO  server.GrpcLogAppender (GrpcLogAppender.java:onNext(421)) - omNode-1@group-523986131536->omNode-2-InstallSnapshotResponseHandler: InstallSnapshot in progress.
2022-10-18 06:30:59,386 [omNode-1@group-523986131536->omNode-2-GrpcLogAppender-LogAppenderDaemon] INFO  server.GrpcLogAppender (GrpcLogAppender.java:installSnapshot(541)) - omNode-1@group-523986131536->omNode-2-GrpcLogAppender: followerNextIndex = 57 but logStartIndex = 59, notify follower to install snapshot-(t:5, i:59)
2022-10-18 06:30:59,386 [omNode-1@group-523986131536->omNode-2-GrpcLogAppender-LogAppenderDaemon] INFO  server.GrpcLogAppender (GrpcLogAppender.java:installSnapshot(549)) - omNode-1@group-523986131536->omNode-2-GrpcLogAppender: send omNode-1->omNode-2#0-t6,notify:(t:5, i:59)
2022-10-18 06:30:59,387 [grpc-default-executor-2] INFO  impl.SnapshotInstallationHandler (SnapshotInstallationHandler.java:installSnapshot(84)) - omNode-2@group-523986131536: receive installSnapshot: omNode-1->omNode-2#0-t6,notify:(t:5, i:59)
2022-10-18 06:30:59,387 [grpc-default-executor-2] INFO  impl.SnapshotInstallationHandler (SnapshotInstallationHandler.java:installSnapshot(95)) - omNode-2@group-523986131536: reply installSnapshot: omNode-1<-omNode-2#0:FAIL-t6,IN_PROGRESS
2022-10-18 06:30:59,387 [grpc-default-executor-2] INFO  server.GrpcServerProtocolService (GrpcServerProtocolService.java:onCompleted(140)) - omNode-2: Completed INSTALL_SNAPSHOT, lastRequest: omNode-1->omNode-2#0-t6,notify:(t:5, i:59)
2022-10-18 06:30:59,387 [omNode-2-server-thread1] INFO  server.RaftServer$Division (RaftServerImpl.java:checkInconsistentAppendEntries(1402)) - omNode-2@group-523986131536: Failed appendEntries as snapshot (59) installation is in progress
2022-10-18 06:30:59,387 [omNode-2-server-thread1] INFO  server.RaftServer$Division (RaftServerImpl.java:checkInconsistentAppendEntries(1394)) - omNode-2@group-523986131536: inconsistency entries. Reply:omNode-1<-omNode-2#182:FAIL-t6,INCONSISTENCY,nextIndex=57,followerCommit=56
2022-10-18 06:30:59,388 [grpc-default-executor-0] INFO  server.GrpcLogAppender (GrpcLogAppender.java:onNext(403)) - omNode-1@group-523986131536->omNode-2-InstallSnapshotResponseHandler: received a reply omNode-1<-omNode-2#0:FAIL-t6,IN_PROGRESS
2022-10-18 06:30:59,388 [grpc-default-executor-0] INFO  server.GrpcLogAppender (GrpcLogAppender.java:onNext(421)) - omNode-1@group-523986131536->omNode-2-InstallSnapshotResponseHandler: InstallSnapshot in progress.
2022-10-18 06:30:59,388 [omNode-1@group-523986131536->omNode-2-GrpcLogAppender-LogAppenderDaemon] INFO  server.GrpcLogAppender (GrpcLogAppender.java:installSnapshot(541)) - omNode-1@group-523986131536->omNode-2-GrpcLogAppender: followerNextIndex = 57 but logStartIndex = 59, notify follower to install snapshot-(t:5, i:59)
2022-10-18 06:30:59,388 [omNode-1@group-523986131536->omNode-2-GrpcLogAppender-LogAppenderDaemon] INFO  server.GrpcLogAppender (GrpcLogAppender.java:installSnapshot(549)) - omNode-1@group-523986131536->omNode-2-GrpcLogAppender: send omNode-1->omNode-2#0-t6,notify:(t:5, i:59)
2022-10-18 06:30:59,389 [grpc-default-executor-0] INFO  leader.FollowerInfo (FollowerInfoImpl.java:lambda$new$0(48)) - omNode-1@group-523986131536->omNode-2: nextIndex: updateUnconditionally 57 -> 57
2022-10-18 06:30:59,389 [omNode-2-server-thread1] INFO  server.RaftServer$Division (RaftServerImpl.java:checkInconsistentAppendEntries(1402)) - omNode-2@group-523986131536: Failed appendEntries as snapshot (59) installation is in progress
2022-10-18 06:30:59,389 [omNode-2-server-thread1] INFO  server.RaftServer$Division (RaftServerImpl.java:checkInconsistentAppendEntries(1394)) - omNode-2@group-523986131536: inconsistency entries. Reply:omNode-1<-omNode-2#183:FAIL-t6,INCONSISTENCY,nextIndex=57,followerCommit=56
2022-10-18 06:30:59,389 [grpc-default-executor-0] INFO  impl.SnapshotInstallationHandler (SnapshotInstallationHandler.java:installSnapshot(84)) - omNode-2@group-523986131536: receive installSnapshot: omNode-1->omNode-2#0-t6,notify:(t:5, i:59)
2022-10-18 06:30:59,390 [grpc-default-executor-0] INFO  impl.SnapshotInstallationHandler (SnapshotInstallationHandler.java:installSnapshot(95)) - omNode-2@group-523986131536: reply installSnapshot: omNode-1<-omNode-2#0:FAIL-t6,IN_PROGRESS
2022-10-18 06:30:59,390 [grpc-default-executor-0] INFO  server.GrpcServerProtocolService (GrpcServerProtocolService.java:onCompleted(140)) - omNode-2: Completed INSTALL_SNAPSHOT, lastRequest: omNode-1->omNode-2#0-t6,notify:(t:5, i:59)
2022-10-18 06:30:59,390 [grpc-default-executor-2] INFO  leader.FollowerInfo (FollowerInfoImpl.java:lambda$new$0(48)) - omNode-1@group-523986131536->omNode-2: nextIndex: updateUnconditionally 57 -> 57
2022-10-18 06:30:59,390 [grpc-default-executor-2] INFO  server.GrpcLogAppender (GrpcLogAppender.java:onNext(403)) - omNode-1@group-523986131536->omNode-2-InstallSnapshotResponseHandler: received a reply omNode-1<-omNode-2#0:FAIL-t6,IN_PROGRESS
2022-10-18 06:30:59,390 [grpc-default-executor-2] INFO  server.GrpcLogAppender (GrpcLogAppender.java:onNext(421)) - omNode-1@group-523986131536->omNode-2-InstallSnapshotResponseHandler: InstallSnapshot in progress.
2022-10-18 06:30:59,391 [omNode-1@group-523986131536->omNode-2-GrpcLogAppender-LogAppenderDaemon] INFO  server.GrpcLogAppender (GrpcLogAppender.java:installSnapshot(541)) - omNode-1@group-523986131536->omNode-2-GrpcLogAppender: followerNextIndex = 57 but logStartIndex = 59, notify follower to install snapshot-(t:5, i:59)
2022-10-18 06:30:59,391 [omNode-1@group-523986131536->omNode-2-GrpcLogAppender-LogAppenderDaemon] INFO  server.GrpcLogAppender (GrpcLogAppender.java:installSnapshot(549)) - omNode-1@group-523986131536->omNode-2-GrpcLogAppender: send omNode-1->omNode-2#0-t6,notify:(t:5, i:59)
2022-10-18 06:30:59,391 [grpc-default-executor-2] INFO  impl.SnapshotInstallationHandler (SnapshotInstallationHandler.java:installSnapshot(84)) - omNode-2@group-523986131536: receive installSnapshot: omNode-1->omNode-2#0-t6,notify:(t:5, i:59)
2022-10-18 06:30:59,392 [grpc-default-executor-2] INFO  impl.SnapshotInstallationHandler (SnapshotInstallationHandler.java:installSnapshot(95)) - omNode-2@group-523986131536: reply installSnapshot: omNode-1<-omNode-2#0:FAIL-t6,IN_PROGRESS
2022-10-18 06:30:59,392 [grpc-default-executor-2] INFO  server.GrpcServerProtocolService (GrpcServerProtocolService.java:onCompleted(140)) - omNode-2: Completed INSTALL_SNAPSHOT, lastRequest: omNode-1->omNode-2#0-t6,notify:(t:5, i:59)
2022-10-18 06:30:59,392 [omNode-2-server-thread1] INFO  server.RaftServer$Division (RaftServerImpl.java:checkInconsistentAppendEntries(1402)) - omNode-2@group-523986131536: Failed appendEntries as snapshot (59) installation is in progress
2022-10-18 06:30:59,392 [omNode-2-server-thread1] INFO  server.RaftServer$Division (RaftServerImpl.java:checkInconsistentAppendEntries(1394)) - omNode-2@group-523986131536: inconsistency entries. Reply:omNode-1<-omNode-2#184:FAIL-t6,INCONSISTENCY,nextIndex=57,followerCommit=56
2022-10-18 06:30:59,392 [grpc-default-executor-0] INFO  server.GrpcLogAppender (GrpcLogAppender.java:onNext(403)) - omNode-1@group-523986131536->omNode-2-InstallSnapshotResponseHandler: received a reply omNode-1<-omNode-2#0:FAIL-t6,IN_PROGRESS
2022-10-18 06:30:59,393 [grpc-default-executor-0] INFO  server.GrpcLogAppender (GrpcLogAppender.java:onNext(421)) - omNode-1@group-523986131536->omNode-2-InstallSnapshotResponseHandler: InstallSnapshot in progress.
2022-10-18 06:30:59,393 [omNode-1@group-523986131536->omNode-2-GrpcLogAppender-LogAppenderDaemon] INFO  server.GrpcLogAppender (GrpcLogAppender.java:installSnapshot(541)) - omNode-1@group-523986131536->omNode-2-GrpcLogAppender: followerNextIndex = 57 but logStartIndex = 59, notify follower to install snapshot-(t:5, i:59)
2022-10-18 06:30:59,393 [omNode-1@group-523986131536->omNode-2-GrpcLogAppender-LogAppenderDaemon] INFO  server.GrpcLogAppender (GrpcLogAppender.java:installSnapshot(549)) - omNode-1@group-523986131536->omNode-2-GrpcLogAppender: send omNode-1->omNode-2#0-t6,notify:(t:5, i:59)
2022-10-18 06:30:59,394 [grpc-default-executor-0] INFO  leader.FollowerInfo (FollowerInfoImpl.java:lambda$new$0(48)) - omNode-1@group-523986131536->omNode-2: nextIndex: updateUnconditionally 57 -> 57
2022-10-18 06:30:59,394 [omNode-2-server-thread1] INFO  server.RaftServer$Division (RaftServerImpl.java:checkInconsistentAppendEntries(1402)) - omNode-2@group-523986131536: Failed appendEntries as snapshot (59) installation is in progress
2022-10-18 06:30:59,394 [omNode-2-server-thread1] INFO  server.RaftServer$Division (RaftServerImpl.java:checkInconsistentAppendEntries(1394)) - omNode-2@group-523986131536: inconsistency entries. Reply:omNode-1<-omNode-2#185:FAIL-t6,INCONSISTENCY,nextIndex=57,followerCommit=56
2022-10-18 06:30:59,395 [grpc-default-executor-0] INFO  impl.SnapshotInstallationHandler (SnapshotInstallationHandler.java:installSnapshot(84)) - omNode-2@group-523986131536: receive installSnapshot: omNode-1->omNode-2#0-t6,notify:(t:5, i:59)
2022-10-18 06:30:59,395 [grpc-default-executor-0] INFO  impl.SnapshotInstallationHandler (SnapshotInstallationHandler.java:installSnapshot(95)) - omNode-2@group-523986131536: reply installSnapshot: omNode-1<-omNode-2#0:FAIL-t6,IN_PROGRESS
2022-10-18 06:30:59,395 [grpc-default-executor-0] INFO  server.GrpcServerProtocolService (GrpcServerProtocolService.java:onCompleted(140)) - omNode-2: Completed INSTALL_SNAPSHOT, lastRequest: omNode-1->omNode-2#0-t6,notify:(t:5, i:59)
2022-10-18 06:30:59,395 [grpc-default-executor-2] INFO  leader.FollowerInfo (FollowerInfoImpl.java:lambda$new$0(48)) - omNode-1@group-523986131536->omNode-2: nextIndex: updateUnconditionally 57 -> 57
2022-10-18 06:30:59,396 [grpc-default-executor-2] INFO  server.GrpcLogAppender (GrpcLogAppender.java:onNext(403)) - omNode-1@group-523986131536->omNode-2-InstallSnapshotResponseHandler: received a reply omNode-1<-omNode-2#0:FAIL-t6,IN_PROGRESS
2022-10-18 06:30:59,396 [grpc-default-executor-2] INFO  server.GrpcLogAppender (GrpcLogAppender.java:onNext(421)) - omNode-1@group-523986131536->omNode-2-InstallSnapshotResponseHandler: InstallSnapshot in progress.
2022-10-18 06:30:59,396 [omNode-1@group-523986131536->omNode-2-GrpcLogAppender-LogAppenderDaemon] INFO  server.GrpcLogAppender (GrpcLogAppender.java:installSnapshot(541)) - omNode-1@group-523986131536->omNode-2-GrpcLogAppender: followerNextIndex = 57 but logStartIndex = 59, notify follower to install snapshot-(t:5, i:59)
2022-10-18 06:30:59,396 [omNode-1@group-523986131536->omNode-2-GrpcLogAppender-LogAppenderDaemon] INFO  server.GrpcLogAppender (GrpcLogAppender.java:installSnapshot(549)) - omNode-1@group-523986131536->omNode-2-GrpcLogAppender: send omNode-1->omNode-2#0-t6,notify:(t:5, i:59)
2022-10-18 06:30:59,397 [grpc-default-executor-2] INFO  impl.SnapshotInstallationHandler (SnapshotInstallationHandler.java:installSnapshot(84)) - omNode-2@group-523986131536: receive installSnapshot: omNode-1->omNode-2#0-t6,notify:(t:5, i:59)
2022-10-18 06:30:59,397 [grpc-default-executor-2] INFO  impl.SnapshotInstallationHandler (SnapshotInstallationHandler.java:installSnapshot(95)) - omNode-2@group-523986131536: reply installSnapshot: omNode-1<-omNode-2#0:FAIL-t6,IN_PROGRESS
2022-10-18 06:30:59,397 [grpc-default-executor-2] INFO  server.GrpcServerProtocolService (GrpcServerProtocolService.java:onCompleted(140)) - omNode-2: Completed INSTALL_SNAPSHOT, lastRequest: omNode-1->omNode-2#0-t6,notify:(t:5, i:59)
2022-10-18 06:30:59,397 [omNode-2-server-thread1] INFO  server.RaftServer$Division (RaftServerImpl.java:checkInconsistentAppendEntries(1402)) - omNode-2@group-523986131536: Failed appendEntries as snapshot (59) installation is in progress
2022-10-18 06:30:59,398 [omNode-2-server-thread1] INFO  server.RaftServer$Division (RaftServerImpl.java:checkInconsistentAppendEntries(1394)) - omNode-2@group-523986131536: inconsistency entries. Reply:omNode-1<-omNode-2#186:FAIL-t6,INCONSISTENCY,nextIndex=57,followerCommit=56
2022-10-18 06:30:59,399 [grpc-default-executor-0] INFO  server.GrpcLogAppender (GrpcLogAppender.java:onNext(403)) - omNode-1@group-523986131536->omNode-2-InstallSnapshotResponseHandler: received a reply omNode-1<-omNode-2#0:FAIL-t6,IN_PROGRESS
2022-10-18 06:30:59,399 [grpc-default-executor-0] INFO  server.GrpcLogAppender (GrpcLogAppender.java:onNext(421)) - omNode-1@group-523986131536->omNode-2-InstallSnapshotResponseHandler: InstallSnapshot in progress.
2022-10-18 06:30:59,399 [omNode-1@group-523986131536->omNode-2-GrpcLogAppender-LogAppenderDaemon] INFO  server.GrpcLogAppender (GrpcLogAppender.java:installSnapshot(541)) - omNode-1@group-523986131536->omNode-2-GrpcLogAppender: followerNextIndex = 57 but logStartIndex = 59, notify follower to install snapshot-(t:5, i:59)
2022-10-18 06:30:59,399 [omNode-1@group-523986131536->omNode-2-GrpcLogAppender-LogAppenderDaemon] INFO  server.GrpcLogAppender (GrpcLogAppender.java:installSnapshot(549)) - omNode-1@group-523986131536->omNode-2-GrpcLogAppender: send omNode-1->omNode-2#0-t6,notify:(t:5, i:59)
2022-10-18 06:30:59,400 [grpc-default-executor-0] INFO  leader.FollowerInfo (FollowerInfoImpl.java:lambda$new$0(48)) - omNode-1@group-523986131536->omNode-2: nextIndex: updateUnconditionally 57 -> 57
2022-10-18 06:30:59,400 [omNode-2-server-thread1] INFO  server.RaftServer$Division (RaftServerImpl.java:checkInconsistentAppendEntries(1402)) - omNode-2@group-523986131536: Failed appendEntries as snapshot (59) installation is in progress
2022-10-18 06:30:59,400 [omNode-2-server-thread1] INFO  server.RaftServer$Division (RaftServerImpl.java:checkInconsistentAppendEntries(1394)) - omNode-2@group-523986131536: inconsistency entries. Reply:omNode-1<-omNode-2#187:FAIL-t6,INCONSISTENCY,nextIndex=57,followerCommit=56
2022-10-18 06:30:59,401 [grpc-default-executor-0] INFO  impl.SnapshotInstallationHandler (SnapshotInstallationHandler.java:installSnapshot(84)) - omNode-2@group-523986131536: receive installSnapshot: omNode-1->omNode-2#0-t6,notify:(t:5, i:59)
2022-10-18 06:30:59,401 [grpc-default-executor-0] INFO  impl.SnapshotInstallationHandler (SnapshotInstallationHandler.java:installSnapshot(95)) - omNode-2@group-523986131536: reply installSnapshot: omNode-1<-omNode-2#0:FAIL-t6,IN_PROGRESS
2022-10-18 06:30:59,401 [grpc-default-executor-0] INFO  server.GrpcServerProtocolService (GrpcServerProtocolService.java:onCompleted(140)) - omNode-2: Completed INSTALL_SNAPSHOT, lastRequest: omNode-1->omNode-2#0-t6,notify:(t:5, i:59)
2022-10-18 06:30:59,401 [grpc-default-executor-2] INFO  leader.FollowerInfo (FollowerInfoImpl.java:lambda$new$0(48)) - omNode-1@group-523986131536->omNode-2: nextIndex: updateUnconditionally 57 -> 57
2022-10-18 06:30:59,402 [grpc-default-executor-2] INFO  server.GrpcLogAppender (GrpcLogAppender.java:onNext(403)) - omNode-1@group-523986131536->omNode-2-InstallSnapshotResponseHandler: received a reply omNode-1<-omNode-2#0:FAIL-t6,IN_PROGRESS
2022-10-18 06:30:59,402 [grpc-default-executor-2] INFO  server.GrpcLogAppender (GrpcLogAppender.java:onNext(421)) - omNode-1@group-523986131536->omNode-2-InstallSnapshotResponseHandler: InstallSnapshot in progress.
2022-10-18 06:30:59,402 [omNode-1@group-523986131536->omNode-2-GrpcLogAppender-LogAppenderDaemon] INFO  server.GrpcLogAppender (GrpcLogAppender.java:installSnapshot(541)) - omNode-1@group-523986131536->omNode-2-GrpcLogAppender: followerNextIndex = 57 but logStartIndex = 59, notify follower to install snapshot-(t:5, i:59)
2022-10-18 06:30:59,402 [omNode-1@group-523986131536->omNode-2-GrpcLogAppender-LogAppenderDaemon] INFO  server.GrpcLogAppender (GrpcLogAppender.java:installSnapshot(549)) - omNode-1@group-523986131536->omNode-2-GrpcLogAppender: send omNode-1->omNode-2#0-t6,notify:(t:5, i:59)
2022-10-18 06:30:59,403 [grpc-default-executor-2] INFO  impl.SnapshotInstallationHandler (SnapshotInstallationHandler.java:installSnapshot(84)) - omNode-2@group-523986131536: receive installSnapshot: omNode-1->omNode-2#0-t6,notify:(t:5, i:59)
2022-10-18 06:30:59,403 [grpc-default-executor-2] INFO  impl.SnapshotInstallationHandler (SnapshotInstallationHandler.java:installSnapshot(95)) - omNode-2@group-523986131536: reply installSnapshot: omNode-1<-omNode-2#0:FAIL-t6,IN_PROGRESS
2022-10-18 06:30:59,403 [grpc-default-executor-2] INFO  server.GrpcServerProtocolService (GrpcServerProtocolService.java:onCompleted(140)) - omNode-2: Completed INSTALL_SNAPSHOT, lastRequest: omNode-1->omNode-2#0-t6,notify:(t:5, i:59)
2022-10-18 06:30:59,403 [omNode-2-server-thread1] INFO  server.RaftServer$Division (RaftServerImpl.java:checkInconsistentAppendEntries(1402)) - omNode-2@group-523986131536: Failed appendEntries as snapshot (59) installation is in progress
2022-10-18 06:30:59,403 [omNode-2-server-thread1] INFO  server.RaftServer$Division (RaftServerImpl.java:checkInconsistentAppendEntries(1394)) - omNode-2@group-523986131536: inconsistency entries. Reply:omNode-1<-omNode-2#188:FAIL-t6,INCONSISTENCY,nextIndex=57,followerCommit=56
2022-10-18 06:30:59,406 [grpc-default-executor-0] INFO  server.GrpcLogAppender (GrpcLogAppender.java:onNext(403)) - omNode-1@group-523986131536->omNode-2-InstallSnapshotResponseHandler: received a reply omNode-1<-omNode-2#0:FAIL-t6,IN_PROGRESS
2022-10-18 06:30:59,406 [grpc-default-executor-0] INFO  server.GrpcLogAppender (GrpcLogAppender.java:onNext(421)) - omNode-1@group-523986131536->omNode-2-InstallSnapshotResponseHandler: InstallSnapshot in progress.
2022-10-18 06:30:59,406 [omNode-1@group-523986131536->omNode-2-GrpcLogAppender-LogAppenderDaemon] INFO  server.GrpcLogAppender (GrpcLogAppender.java:installSnapshot(541)) - omNode-1@group-523986131536->omNode-2-GrpcLogAppender: followerNextIndex = 57 but logStartIndex = 59, notify follower to install snapshot-(t:5, i:59)
2022-10-18 06:30:59,406 [omNode-1@group-523986131536->omNode-2-GrpcLogAppender-LogAppenderDaemon] INFO  server.GrpcLogAppender (GrpcLogAppender.java:installSnapshot(549)) - omNode-1@group-523986131536->omNode-2-GrpcLogAppender: send omNode-1->omNode-2#0-t6,notify:(t:5, i:59)
2022-10-18 06:30:59,407 [grpc-default-executor-0] INFO  leader.FollowerInfo (FollowerInfoImpl.java:lambda$new$0(48)) - omNode-1@group-523986131536->omNode-2: nextIndex: updateUnconditionally 57 -> 57
2022-10-18 06:30:59,407 [omNode-2-server-thread1] INFO  server.RaftServer$Division (RaftServerImpl.java:checkInconsistentAppendEntries(1402)) - omNode-2@group-523986131536: Failed appendEntries as snapshot (59) installation is in progress
2022-10-18 06:30:59,407 [omNode-2-server-thread1] INFO  server.RaftServer$Division (RaftServerImpl.java:checkInconsistentAppendEntries(1394)) - omNode-2@group-523986131536: inconsistency entries. Reply:omNode-1<-omNode-2#189:FAIL-t6,INCONSISTENCY,nextIndex=57,followerCommit=56
2022-10-18 06:30:59,407 [grpc-default-executor-0] INFO  impl.SnapshotInstallationHandler (SnapshotInstallationHandler.java:installSnapshot(84)) - omNode-2@group-523986131536: receive installSnapshot: omNode-1->omNode-2#0-t6,notify:(t:5, i:59)
2022-10-18 06:30:59,408 [grpc-default-executor-0] INFO  impl.SnapshotInstallationHandler (SnapshotInstallationHandler.java:installSnapshot(95)) - omNode-2@group-523986131536: reply installSnapshot: omNode-1<-omNode-2#0:FAIL-t6,IN_PROGRESS
2022-10-18 06:30:59,408 [grpc-default-executor-0] INFO  server.GrpcServerProtocolService (GrpcServerProtocolService.java:onCompleted(140)) - omNode-2: Completed INSTALL_SNAPSHOT, lastRequest: omNode-1->omNode-2#0-t6,notify:(t:5, i:59)
2022-10-18 06:30:59,408 [grpc-default-executor-2] INFO  leader.FollowerInfo (FollowerInfoImpl.java:lambda$new$0(48)) - omNode-1@group-523986131536->omNode-2: nextIndex: updateUnconditionally 57 -> 57
2022-10-18 06:30:59,408 [grpc-default-executor-2] INFO  server.GrpcLogAppender (GrpcLogAppender.java:onNext(403)) - omNode-1@group-523986131536->omNode-2-InstallSnapshotResponseHandler: received a reply omNode-1<-omNode-2#0:FAIL-t6,IN_PROGRESS
2022-10-18 06:30:59,408 [grpc-default-executor-2] INFO  server.GrpcLogAppender (GrpcLogAppender.java:onNext(421)) - omNode-1@group-523986131536->omNode-2-InstallSnapshotResponseHandler: InstallSnapshot in progress.
2022-10-18 06:30:59,409 [omNode-1@group-523986131536->omNode-2-GrpcLogAppender-LogAppenderDaemon] INFO  server.GrpcLogAppender (GrpcLogAppender.java:installSnapshot(541)) - omNode-1@group-523986131536->omNode-2-GrpcLogAppender: followerNextIndex = 57 but logStartIndex = 59, notify follower to install snapshot-(t:5, i:59)
2022-10-18 06:30:59,409 [omNode-1@group-523986131536->omNode-2-GrpcLogAppender-LogAppenderDaemon] INFO  server.GrpcLogAppender (GrpcLogAppender.java:installSnapshot(549)) - omNode-1@group-523986131536->omNode-2-GrpcLogAppender: send omNode-1->omNode-2#0-t6,notify:(t:5, i:59)
2022-10-18 06:30:59,410 [grpc-default-executor-2] INFO  impl.SnapshotInstallationHandler (SnapshotInstallationHandler.java:installSnapshot(84)) - omNode-2@group-523986131536: receive installSnapshot: omNode-1->omNode-2#0-t6,notify:(t:5, i:59)
2022-10-18 06:30:59,410 [grpc-default-executor-2] INFO  impl.SnapshotInstallationHandler (SnapshotInstallationHandler.java:installSnapshot(95)) - omNode-2@group-523986131536: reply installSnapshot: omNode-1<-omNode-2#0:FAIL-t6,IN_PROGRESS
2022-10-18 06:30:59,410 [grpc-default-executor-2] INFO  server.GrpcServerProtocolService (GrpcServerProtocolService.java:onCompleted(140)) - omNode-2: Completed INSTALL_SNAPSHOT, lastRequest: omNode-1->omNode-2#0-t6,notify:(t:5, i:59)
2022-10-18 06:30:59,410 [omNode-2-server-thread1] INFO  server.RaftServer$Division (RaftServerImpl.java:checkInconsistentAppendEntries(1402)) - omNode-2@group-523986131536: Failed appendEntries as snapshot (59) installation is in progress
2022-10-18 06:30:59,411 [omNode-2-server-thread1] INFO  server.RaftServer$Division (RaftServerImpl.java:checkInconsistentAppendEntries(1394)) - omNode-2@group-523986131536: inconsistency entries. Reply:omNode-1<-omNode-2#190:FAIL-t6,INCONSISTENCY,nextIndex=57,followerCommit=56
2022-10-18 06:30:59,411 [grpc-default-executor-0] INFO  server.GrpcLogAppender (GrpcLogAppender.java:onNext(403)) - omNode-1@group-523986131536->omNode-2-InstallSnapshotResponseHandler: received a reply omNode-1<-omNode-2#0:FAIL-t6,IN_PROGRESS
2022-10-18 06:30:59,411 [grpc-default-executor-0] INFO  server.GrpcLogAppender (GrpcLogAppender.java:onNext(421)) - omNode-1@group-523986131536->omNode-2-InstallSnapshotResponseHandler: InstallSnapshot in progress.
2022-10-18 06:30:59,412 [omNode-1@group-523986131536->omNode-2-GrpcLogAppender-LogAppenderDaemon] INFO  server.GrpcLogAppender (GrpcLogAppender.java:installSnapshot(541)) - omNode-1@group-523986131536->omNode-2-GrpcLogAppender: followerNextIndex = 57 but logStartIndex = 59, notify follower to install snapshot-(t:5, i:59)
2022-10-18 06:30:59,412 [omNode-1@group-523986131536->omNode-2-GrpcLogAppender-LogAppenderDaemon] INFO  server.GrpcLogAppender (GrpcLogAppender.java:installSnapshot(549)) - omNode-1@group-523986131536->omNode-2-GrpcLogAppender: send omNode-1->omNode-2#0-t6,notify:(t:5, i:59)
2022-10-18 06:30:59,412 [grpc-default-executor-0] INFO  leader.FollowerInfo (FollowerInfoImpl.java:lambda$new$0(48)) - omNode-1@group-523986131536->omNode-2: nextIndex: updateUnconditionally 57 -> 57
2022-10-18 06:30:59,412 [omNode-2-server-thread1] INFO  server.RaftServer$Division (RaftServerImpl.java:checkInconsistentAppendEntries(1402)) - omNode-2@group-523986131536: Failed appendEntries as snapshot (59) installation is in progress
2022-10-18 06:30:59,412 [omNode-2-server-thread1] INFO  server.RaftServer$Division (RaftServerImpl.java:checkInconsistentAppendEntries(1394)) - omNode-2@group-523986131536: inconsistency entries. Reply:omNode-1<-omNode-2#191:FAIL-t6,INCONSISTENCY,nextIndex=57,followerCommit=56
2022-10-18 06:30:59,413 [grpc-default-executor-0] INFO  impl.SnapshotInstallationHandler (SnapshotInstallationHandler.java:installSnapshot(84)) - omNode-2@group-523986131536: receive installSnapshot: omNode-1->omNode-2#0-t6,notify:(t:5, i:59)
2022-10-18 06:30:59,413 [grpc-default-executor-0] INFO  impl.SnapshotInstallationHandler (SnapshotInstallationHandler.java:installSnapshot(95)) - omNode-2@group-523986131536: reply installSnapshot: omNode-1<-omNode-2#0:FAIL-t6,IN_PROGRESS
2022-10-18 06:30:59,413 [grpc-default-executor-0] INFO  server.GrpcServerProtocolService (GrpcServerProtocolService.java:onCompleted(140)) - omNode-2: Completed INSTALL_SNAPSHOT, lastRequest: omNode-1->omNode-2#0-t6,notify:(t:5, i:59)
2022-10-18 06:30:59,417 [grpc-default-executor-2] INFO  leader.FollowerInfo (FollowerInfoImpl.java:lambda$new$0(48)) - omNode-1@group-523986131536->omNode-2: nextIndex: updateUnconditionally 57 -> 57
2022-10-18 06:30:59,417 [grpc-default-executor-0] INFO  server.GrpcLogAppender (GrpcLogAppender.java:onNext(403)) - omNode-1@group-523986131536->omNode-2-InstallSnapshotResponseHandler: received a reply omNode-1<-omNode-2#0:FAIL-t6,IN_PROGRESS
2022-10-18 06:30:59,417 [grpc-default-executor-0] INFO  server.GrpcLogAppender (GrpcLogAppender.java:onNext(421)) - omNode-1@group-523986131536->omNode-2-InstallSnapshotResponseHandler: InstallSnapshot in progress.
2022-10-18 06:30:59,418 [omNode-1@group-523986131536->omNode-2-GrpcLogAppender-LogAppenderDaemon] INFO  server.GrpcLogAppender (GrpcLogAppender.java:installSnapshot(541)) - omNode-1@group-523986131536->omNode-2-GrpcLogAppender: followerNextIndex = 57 but logStartIndex = 59, notify follower to install snapshot-(t:5, i:59)
2022-10-18 06:30:59,418 [omNode-1@group-523986131536->omNode-2-GrpcLogAppender-LogAppenderDaemon] INFO  server.GrpcLogAppender (GrpcLogAppender.java:installSnapshot(549)) - omNode-1@group-523986131536->omNode-2-GrpcLogAppender: send omNode-1->omNode-2#0-t6,notify:(t:5, i:59)
2022-10-18 06:30:59,418 [omNode-2-server-thread1] INFO  server.RaftServer$Division (RaftServerImpl.java:checkInconsistentAppendEntries(1402)) - omNode-2@group-523986131536: Failed appendEntries as snapshot (59) installation is in progress
2022-10-18 06:30:59,418 [omNode-2-server-thread1] INFO  server.RaftServer$Division (RaftServerImpl.java:checkInconsistentAppendEntries(1394)) - omNode-2@group-523986131536: inconsistency entries. Reply:omNode-1<-omNode-2#192:FAIL-t6,INCONSISTENCY,nextIndex=57,followerCommit=56
2022-10-18 06:30:59,419 [grpc-default-executor-0] INFO  impl.SnapshotInstallationHandler (SnapshotInstallationHandler.java:installSnapshot(84)) - omNode-2@group-523986131536: receive installSnapshot: omNode-1->omNode-2#0-t6,notify:(t:5, i:59)
2022-10-18 06:30:59,419 [grpc-default-executor-0] INFO  impl.SnapshotInstallationHandler (SnapshotInstallationHandler.java:installSnapshot(95)) - omNode-2@group-523986131536: reply installSnapshot: omNode-1<-omNode-2#0:FAIL-t6,IN_PROGRESS
2022-10-18 06:30:59,419 [grpc-default-executor-0] INFO  server.GrpcServerProtocolService (GrpcServerProtocolService.java:onCompleted(140)) - omNode-2: Completed INSTALL_SNAPSHOT, lastRequest: omNode-1->omNode-2#0-t6,notify:(t:5, i:59)
2022-10-18 06:30:59,419 [grpc-default-executor-2] INFO  leader.FollowerInfo (FollowerInfoImpl.java:lambda$new$0(48)) - omNode-1@group-523986131536->omNode-2: nextIndex: updateUnconditionally 57 -> 57
2022-10-18 06:30:59,420 [grpc-default-executor-2] INFO  server.GrpcLogAppender (GrpcLogAppender.java:onNext(403)) - omNode-1@group-523986131536->omNode-2-InstallSnapshotResponseHandler: received a reply omNode-1<-omNode-2#0:FAIL-t6,IN_PROGRESS
2022-10-18 06:30:59,420 [grpc-default-executor-2] INFO  server.GrpcLogAppender (GrpcLogAppender.java:onNext(421)) - omNode-1@group-523986131536->omNode-2-InstallSnapshotResponseHandler: InstallSnapshot in progress.
2022-10-18 06:30:59,420 [omNode-1@group-523986131536->omNode-2-GrpcLogAppender-LogAppenderDaemon] INFO  server.GrpcLogAppender (GrpcLogAppender.java:installSnapshot(541)) - omNode-1@group-523986131536->omNode-2-GrpcLogAppender: followerNextIndex = 57 but logStartIndex = 59, notify follower to install snapshot-(t:5, i:59)
2022-10-18 06:30:59,420 [omNode-1@group-523986131536->omNode-2-GrpcLogAppender-LogAppenderDaemon] INFO  server.GrpcLogAppender (GrpcLogAppender.java:installSnapshot(549)) - omNode-1@group-523986131536->omNode-2-GrpcLogAppender: send omNode-1->omNode-2#0-t6,notify:(t:5, i:59)
2022-10-18 06:30:59,421 [grpc-default-executor-2] INFO  impl.SnapshotInstallationHandler (SnapshotInstallationHandler.java:installSnapshot(84)) - omNode-2@group-523986131536: receive installSnapshot: omNode-1->omNode-2#0-t6,notify:(t:5, i:59)
2022-10-18 06:30:59,421 [grpc-default-executor-2] INFO  impl.SnapshotInstallationHandler (SnapshotInstallationHandler.java:installSnapshot(95)) - omNode-2@group-523986131536: reply installSnapshot: omNode-1<-omNode-2#0:FAIL-t6,IN_PROGRESS
2022-10-18 06:30:59,421 [grpc-default-executor-2] INFO  server.GrpcServerProtocolService (GrpcServerProtocolService.java:onCompleted(140)) - omNode-2: Completed INSTALL_SNAPSHOT, lastRequest: omNode-1->omNode-2#0-t6,notify:(t:5, i:59)
2022-10-18 06:30:59,421 [omNode-2-server-thread1] INFO  server.RaftServer$Division (RaftServerImpl.java:checkInconsistentAppendEntries(1402)) - omNode-2@group-523986131536: Failed appendEntries as snapshot (59) installation is in progress
2022-10-18 06:30:59,421 [omNode-2-server-thread1] INFO  server.RaftServer$Division (RaftServerImpl.java:checkInconsistentAppendEntries(1394)) - omNode-2@group-523986131536: inconsistency entries. Reply:omNode-1<-omNode-2#193:FAIL-t6,INCONSISTENCY,nextIndex=57,followerCommit=56
2022-10-18 06:30:59,422 [grpc-default-executor-2] INFO  server.GrpcLogAppender (GrpcLogAppender.java:onNext(403)) - omNode-1@group-523986131536->omNode-2-InstallSnapshotResponseHandler: received a reply omNode-1<-omNode-2#0:FAIL-t6,IN_PROGRESS
2022-10-18 06:30:59,422 [grpc-default-executor-2] INFO  server.GrpcLogAppender (GrpcLogAppender.java:onNext(421)) - omNode-1@group-523986131536->omNode-2-InstallSnapshotResponseHandler: InstallSnapshot in progress.
2022-10-18 06:30:59,422 [omNode-1@group-523986131536->omNode-2-GrpcLogAppender-LogAppenderDaemon] INFO  server.GrpcLogAppender (GrpcLogAppender.java:installSnapshot(541)) - omNode-1@group-523986131536->omNode-2-GrpcLogAppender: followerNextIndex = 57 but logStartIndex = 59, notify follower to install snapshot-(t:5, i:59)
2022-10-18 06:30:59,422 [omNode-1@group-523986131536->omNode-2-GrpcLogAppender-LogAppenderDaemon] INFO  server.GrpcLogAppender (GrpcLogAppender.java:installSnapshot(549)) - omNode-1@group-523986131536->omNode-2-GrpcLogAppender: send omNode-1->omNode-2#0-t6,notify:(t:5, i:59)
2022-10-18 06:30:59,423 [grpc-default-executor-2] INFO  impl.SnapshotInstallationHandler (SnapshotInstallationHandler.java:installSnapshot(84)) - omNode-2@group-523986131536: receive installSnapshot: omNode-1->omNode-2#0-t6,notify:(t:5, i:59)
2022-10-18 06:30:59,423 [grpc-default-executor-2] INFO  impl.SnapshotInstallationHandler (SnapshotInstallationHandler.java:installSnapshot(95)) - omNode-2@group-523986131536: reply installSnapshot: omNode-1<-omNode-2#0:FAIL-t6,IN_PROGRESS
2022-10-18 06:30:59,423 [grpc-default-executor-2] INFO  server.GrpcServerProtocolService (GrpcServerProtocolService.java:onCompleted(140)) - omNode-2: Completed INSTALL_SNAPSHOT, lastRequest: omNode-1->omNode-2#0-t6,notify:(t:5, i:59)
2022-10-18 06:30:59,423 [omNode-2-server-thread1] INFO  server.RaftServer$Division (RaftServerImpl.java:checkInconsistentAppendEntries(1402)) - omNode-2@group-523986131536: Failed appendEntries as snapshot (59) installation is in progress
2022-10-18 06:30:59,423 [omNode-2-server-thread1] INFO  server.RaftServer$Division (RaftServerImpl.java:checkInconsistentAppendEntries(1394)) - omNode-2@group-523986131536: inconsistency entries. Reply:omNode-1<-omNode-2#194:FAIL-t6,INCONSISTENCY,nextIndex=57,followerCommit=56
2022-10-18 06:30:59,424 [grpc-default-executor-0] INFO  leader.FollowerInfo (FollowerInfoImpl.java:lambda$new$0(48)) - omNode-1@group-523986131536->omNode-2: nextIndex: updateUnconditionally 57 -> 57
2022-10-18 06:30:59,424 [grpc-default-executor-0] INFO  server.GrpcLogAppender (GrpcLogAppender.java:onNext(403)) - omNode-1@group-523986131536->omNode-2-InstallSnapshotResponseHandler: received a reply omNode-1<-omNode-2#0:FAIL-t6,IN_PROGRESS
2022-10-18 06:30:59,424 [grpc-default-executor-0] INFO  server.GrpcLogAppender (GrpcLogAppender.java:onNext(421)) - omNode-1@group-523986131536->omNode-2-InstallSnapshotResponseHandler: InstallSnapshot in progress.
2022-10-18 06:30:59,424 [omNode-1@group-523986131536->omNode-2-GrpcLogAppender-LogAppenderDaemon] INFO  server.GrpcLogAppender (GrpcLogAppender.java:installSnapshot(541)) - omNode-1@group-523986131536->omNode-2-GrpcLogAppender: followerNextIndex = 57 but logStartIndex = 59, notify follower to install snapshot-(t:5, i:59)
2022-10-18 06:30:59,424 [omNode-1@group-523986131536->omNode-2-GrpcLogAppender-LogAppenderDaemon] INFO  server.GrpcLogAppender (GrpcLogAppender.java:installSnapshot(549)) - omNode-1@group-523986131536->omNode-2-GrpcLogAppender: send omNode-1->omNode-2#0-t6,notify:(t:5, i:59)
2022-10-18 06:30:59,425 [omNode-2-server-thread1] INFO  server.RaftServer$Division (RaftServerImpl.java:checkInconsistentAppendEntries(1402)) - omNode-2@group-523986131536: Failed appendEntries as snapshot (59) installation is in progress
2022-10-18 06:30:59,425 [omNode-2-server-thread1] INFO  server.RaftServer$Division (RaftServerImpl.java:checkInconsistentAppendEntries(1394)) - omNode-2@group-523986131536: inconsistency entries. Reply:omNode-1<-omNode-2#195:FAIL-t6,INCONSISTENCY,nextIndex=57,followerCommit=56
2022-10-18 06:30:59,425 [grpc-default-executor-0] INFO  impl.SnapshotInstallationHandler (SnapshotInstallationHandler.java:installSnapshot(84)) - omNode-2@group-523986131536: receive installSnapshot: omNode-1->omNode-2#0-t6,notify:(t:5, i:59)
2022-10-18 06:30:59,426 [grpc-default-executor-0] INFO  impl.SnapshotInstallationHandler (SnapshotInstallationHandler.java:installSnapshot(95)) - omNode-2@group-523986131536: reply installSnapshot: omNode-1<-omNode-2#0:FAIL-t6,IN_PROGRESS
2022-10-18 06:30:59,426 [grpc-default-executor-0] INFO  server.GrpcServerProtocolService (GrpcServerProtocolService.java:onCompleted(140)) - omNode-2: Completed INSTALL_SNAPSHOT, lastRequest: omNode-1->omNode-2#0-t6,notify:(t:5, i:59)
2022-10-18 06:30:59,426 [grpc-default-executor-2] INFO  leader.FollowerInfo (FollowerInfoImpl.java:lambda$new$0(48)) - omNode-1@group-523986131536->omNode-2: nextIndex: updateUnconditionally 57 -> 57
2022-10-18 06:30:59,426 [grpc-default-executor-2] INFO  leader.FollowerInfo (FollowerInfoImpl.java:lambda$new$0(48)) - omNode-1@group-523986131536->omNode-2: nextIndex: updateUnconditionally 57 -> 57
2022-10-18 06:30:59,427 [grpc-default-executor-2] INFO  server.GrpcLogAppender (GrpcLogAppender.java:onNext(403)) - omNode-1@group-523986131536->omNode-2-InstallSnapshotResponseHandler: received a reply omNode-1<-omNode-2#0:FAIL-t6,IN_PROGRESS
2022-10-18 06:30:59,427 [grpc-default-executor-2] INFO  server.GrpcLogAppender (GrpcLogAppender.java:onNext(421)) - omNode-1@group-523986131536->omNode-2-InstallSnapshotResponseHandler: InstallSnapshot in progress.
2022-10-18 06:30:59,427 [omNode-1@group-523986131536->omNode-2-GrpcLogAppender-LogAppenderDaemon] INFO  server.GrpcLogAppender (GrpcLogAppender.java:installSnapshot(541)) - omNode-1@group-523986131536->omNode-2-GrpcLogAppender: followerNextIndex = 57 but logStartIndex = 59, notify follower to install snapshot-(t:5, i:59)
2022-10-18 06:30:59,427 [omNode-1@group-523986131536->omNode-2-GrpcLogAppender-LogAppenderDaemon] INFO  server.GrpcLogAppender (GrpcLogAppender.java:installSnapshot(549)) - omNode-1@group-523986131536->omNode-2-GrpcLogAppender: send omNode-1->omNode-2#0-t6,notify:(t:5, i:59)
2022-10-18 06:30:59,428 [grpc-default-executor-2] INFO  impl.SnapshotInstallationHandler (SnapshotInstallationHandler.java:installSnapshot(84)) - omNode-2@group-523986131536: receive installSnapshot: omNode-1->omNode-2#0-t6,notify:(t:5, i:59)
2022-10-18 06:30:59,428 [grpc-default-executor-2] INFO  impl.SnapshotInstallationHandler (SnapshotInstallationHandler.java:installSnapshot(95)) - omNode-2@group-523986131536: reply installSnapshot: omNode-1<-omNode-2#0:FAIL-t6,IN_PROGRESS
2022-10-18 06:30:59,428 [grpc-default-executor-2] INFO  server.GrpcServerProtocolService (GrpcServerProtocolService.java:onCompleted(140)) - omNode-2: Completed INSTALL_SNAPSHOT, lastRequest: omNode-1->omNode-2#0-t6,notify:(t:5, i:59)
2022-10-18 06:30:59,428 [omNode-2-server-thread1] INFO  server.RaftServer$Division (RaftServerImpl.java:checkInconsistentAppendEntries(1402)) - omNode-2@group-523986131536: Failed appendEntries as snapshot (59) installation is in progress
2022-10-18 06:30:59,428 [omNode-2-server-thread1] INFO  server.RaftServer$Division (RaftServerImpl.java:checkInconsistentAppendEntries(1394)) - omNode-2@group-523986131536: inconsistency entries. Reply:omNode-1<-omNode-2#196:FAIL-t6,INCONSISTENCY,nextIndex=57,followerCommit=56
2022-10-18 06:30:59,433 [grpc-default-executor-0] INFO  server.GrpcLogAppender (GrpcLogAppender.java:onNext(403)) - omNode-1@group-523986131536->omNode-2-InstallSnapshotResponseHandler: received a reply omNode-1<-omNode-2#0:FAIL-t6,IN_PROGRESS
2022-10-18 06:30:59,433 [grpc-default-executor-0] INFO  server.GrpcLogAppender (GrpcLogAppender.java:onNext(421)) - omNode-1@group-523986131536->omNode-2-InstallSnapshotResponseHandler: InstallSnapshot in progress.
2022-10-18 06:30:59,433 [omNode-1@group-523986131536->omNode-2-GrpcLogAppender-LogAppenderDaemon] INFO  server.GrpcLogAppender (GrpcLogAppender.java:installSnapshot(541)) - omNode-1@group-523986131536->omNode-2-GrpcLogAppender: followerNextIndex = 57 but logStartIndex = 59, notify follower to install snapshot-(t:5, i:59)
2022-10-18 06:30:59,433 [omNode-1@group-523986131536->omNode-2-GrpcLogAppender-LogAppenderDaemon] INFO  server.GrpcLogAppender (GrpcLogAppender.java:installSnapshot(549)) - omNode-1@group-523986131536->omNode-2-GrpcLogAppender: send omNode-1->omNode-2#0-t6,notify:(t:5, i:59)
2022-10-18 06:30:59,434 [grpc-default-executor-0] INFO  leader.FollowerInfo (FollowerInfoImpl.java:lambda$new$0(48)) - omNode-1@group-523986131536->omNode-2: nextIndex: updateUnconditionally 57 -> 57
2022-10-18 06:30:59,434 [omNode-2-server-thread1] INFO  server.RaftServer$Division (RaftServerImpl.java:checkInconsistentAppendEntries(1402)) - omNode-2@group-523986131536: Failed appendEntries as snapshot (59) installation is in progress
2022-10-18 06:30:59,434 [omNode-2-server-thread1] INFO  server.RaftServer$Division (RaftServerImpl.java:checkInconsistentAppendEntries(1394)) - omNode-2@group-523986131536: inconsistency entries. Reply:omNode-1<-omNode-2#197:FAIL-t6,INCONSISTENCY,nextIndex=57,followerCommit=56
2022-10-18 06:30:59,435 [grpc-default-executor-0] INFO  impl.SnapshotInstallationHandler (SnapshotInstallationHandler.java:installSnapshot(84)) - omNode-2@group-523986131536: receive installSnapshot: omNode-1->omNode-2#0-t6,notify:(t:5, i:59)
2022-10-18 06:30:59,435 [grpc-default-executor-0] INFO  impl.SnapshotInstallationHandler (SnapshotInstallationHandler.java:installSnapshot(95)) - omNode-2@group-523986131536: reply installSnapshot: omNode-1<-omNode-2#0:FAIL-t6,IN_PROGRESS
2022-10-18 06:30:59,435 [grpc-default-executor-0] INFO  server.GrpcServerProtocolService (GrpcServerProtocolService.java:onCompleted(140)) - omNode-2: Completed INSTALL_SNAPSHOT, lastRequest: omNode-1->omNode-2#0-t6,notify:(t:5, i:59)
2022-10-18 06:30:59,435 [grpc-default-executor-0] INFO  leader.FollowerInfo (FollowerInfoImpl.java:lambda$new$0(48)) - omNode-1@group-523986131536->omNode-2: nextIndex: updateUnconditionally 57 -> 57
2022-10-18 06:30:59,435 [grpc-default-executor-0] INFO  server.GrpcLogAppender (GrpcLogAppender.java:onNext(403)) - omNode-1@group-523986131536->omNode-2-InstallSnapshotResponseHandler: received a reply omNode-1<-omNode-2#0:FAIL-t6,IN_PROGRESS
2022-10-18 06:30:59,436 [grpc-default-executor-0] INFO  server.GrpcLogAppender (GrpcLogAppender.java:onNext(421)) - omNode-1@group-523986131536->omNode-2-InstallSnapshotResponseHandler: InstallSnapshot in progress.
2022-10-18 06:30:59,436 [omNode-1@group-523986131536->omNode-2-GrpcLogAppender-LogAppenderDaemon] INFO  server.GrpcLogAppender (GrpcLogAppender.java:installSnapshot(541)) - omNode-1@group-523986131536->omNode-2-GrpcLogAppender: followerNextIndex = 57 but logStartIndex = 59, notify follower to install snapshot-(t:5, i:59)
2022-10-18 06:30:59,436 [omNode-1@group-523986131536->omNode-2-GrpcLogAppender-LogAppenderDaemon] INFO  server.GrpcLogAppender (GrpcLogAppender.java:installSnapshot(549)) - omNode-1@group-523986131536->omNode-2-GrpcLogAppender: send omNode-1->omNode-2#0-t6,notify:(t:5, i:59)
2022-10-18 06:30:59,436 [omNode-2-server-thread1] INFO  server.RaftServer$Division (RaftServerImpl.java:checkInconsistentAppendEntries(1402)) - omNode-2@group-523986131536: Failed appendEntries as snapshot (59) installation is in progress
2022-10-18 06:30:59,436 [omNode-2-server-thread1] INFO  server.RaftServer$Division (RaftServerImpl.java:checkInconsistentAppendEntries(1394)) - omNode-2@group-523986131536: inconsistency entries. Reply:omNode-1<-omNode-2#198:FAIL-t6,INCONSISTENCY,nextIndex=57,followerCommit=56
2022-10-18 06:30:59,437 [grpc-default-executor-0] INFO  impl.SnapshotInstallationHandler (SnapshotInstallationHandler.java:installSnapshot(84)) - omNode-2@group-523986131536: receive installSnapshot: omNode-1->omNode-2#0-t6,notify:(t:5, i:59)
2022-10-18 06:30:59,437 [grpc-default-executor-0] INFO  impl.SnapshotInstallationHandler (SnapshotInstallationHandler.java:installSnapshot(95)) - omNode-2@group-523986131536: reply installSnapshot: omNode-1<-omNode-2#0:FAIL-t6,IN_PROGRESS
2022-10-18 06:30:59,437 [grpc-default-executor-0] INFO  server.GrpcServerProtocolService (GrpcServerProtocolService.java:onCompleted(140)) - omNode-2: Completed INSTALL_SNAPSHOT, lastRequest: omNode-1->omNode-2#0-t6,notify:(t:5, i:59)
2022-10-18 06:30:59,438 [grpc-default-executor-2] INFO  leader.FollowerInfo (FollowerInfoImpl.java:lambda$new$0(48)) - omNode-1@group-523986131536->omNode-2: nextIndex: updateUnconditionally 57 -> 57
2022-10-18 06:30:59,438 [grpc-default-executor-2] INFO  server.GrpcLogAppender (GrpcLogAppender.java:onNext(403)) - omNode-1@group-523986131536->omNode-2-InstallSnapshotResponseHandler: received a reply omNode-1<-omNode-2#0:FAIL-t6,IN_PROGRESS
2022-10-18 06:30:59,438 [grpc-default-executor-2] INFO  server.GrpcLogAppender (GrpcLogAppender.java:onNext(421)) - omNode-1@group-523986131536->omNode-2-InstallSnapshotResponseHandler: InstallSnapshot in progress.
2022-10-18 06:30:59,438 [omNode-1@group-523986131536->omNode-2-GrpcLogAppender-LogAppenderDaemon] INFO  server.GrpcLogAppender (GrpcLogAppender.java:installSnapshot(541)) - omNode-1@group-523986131536->omNode-2-GrpcLogAppender: followerNextIndex = 57 but logStartIndex = 59, notify follower to install snapshot-(t:5, i:59)
2022-10-18 06:30:59,438 [omNode-1@group-523986131536->omNode-2-GrpcLogAppender-LogAppenderDaemon] INFO  server.GrpcLogAppender (GrpcLogAppender.java:installSnapshot(549)) - omNode-1@group-523986131536->omNode-2-GrpcLogAppender: send omNode-1->omNode-2#0-t6,notify:(t:5, i:59)
2022-10-18 06:30:59,439 [grpc-default-executor-2] INFO  impl.SnapshotInstallationHandler (SnapshotInstallationHandler.java:installSnapshot(84)) - omNode-2@group-523986131536: receive installSnapshot: omNode-1->omNode-2#0-t6,notify:(t:5, i:59)
2022-10-18 06:30:59,439 [grpc-default-executor-2] INFO  impl.SnapshotInstallationHandler (SnapshotInstallationHandler.java:installSnapshot(95)) - omNode-2@group-523986131536: reply installSnapshot: omNode-1<-omNode-2#0:FAIL-t6,IN_PROGRESS
2022-10-18 06:30:59,439 [grpc-default-executor-2] INFO  server.GrpcServerProtocolService (GrpcServerProtocolService.java:onCompleted(140)) - omNode-2: Completed INSTALL_SNAPSHOT, lastRequest: omNode-1->omNode-2#0-t6,notify:(t:5, i:59)
2022-10-18 06:30:59,439 [omNode-2-server-thread1] INFO  server.RaftServer$Division (RaftServerImpl.java:checkInconsistentAppendEntries(1402)) - omNode-2@group-523986131536: Failed appendEntries as snapshot (59) installation is in progress
2022-10-18 06:30:59,440 [omNode-2-server-thread1] INFO  server.RaftServer$Division (RaftServerImpl.java:checkInconsistentAppendEntries(1394)) - omNode-2@group-523986131536: inconsistency entries. Reply:omNode-1<-omNode-2#199:FAIL-t6,INCONSISTENCY,nextIndex=57,followerCommit=56
2022-10-18 06:30:59,440 [grpc-default-executor-0] INFO  server.GrpcLogAppender (GrpcLogAppender.java:onNext(403)) - omNode-1@group-523986131536->omNode-2-InstallSnapshotResponseHandler: received a reply omNode-1<-omNode-2#0:FAIL-t6,IN_PROGRESS
2022-10-18 06:30:59,440 [grpc-default-executor-0] INFO  server.GrpcLogAppender (GrpcLogAppender.java:onNext(421)) - omNode-1@group-523986131536->omNode-2-InstallSnapshotResponseHandler: InstallSnapshot in progress.
2022-10-18 06:30:59,440 [omNode-1@group-523986131536->omNode-2-GrpcLogAppender-LogAppenderDaemon] INFO  server.GrpcLogAppender (GrpcLogAppender.java:installSnapshot(541)) - omNode-1@group-523986131536->omNode-2-GrpcLogAppender: followerNextIndex = 57 but logStartIndex = 59, notify follower to install snapshot-(t:5, i:59)
2022-10-18 06:30:59,440 [omNode-1@group-523986131536->omNode-2-GrpcLogAppender-LogAppenderDaemon] INFO  server.GrpcLogAppender (GrpcLogAppender.java:installSnapshot(549)) - omNode-1@group-523986131536->omNode-2-GrpcLogAppender: send omNode-1->omNode-2#0-t6,notify:(t:5, i:59)
2022-10-18 06:30:59,440 [grpc-default-executor-2] INFO  leader.FollowerInfo (FollowerInfoImpl.java:lambda$new$0(48)) - omNode-1@group-523986131536->omNode-2: nextIndex: updateUnconditionally 57 -> 57
2022-10-18 06:30:59,441 [omNode-2-server-thread1] INFO  server.RaftServer$Division (RaftServerImpl.java:checkInconsistentAppendEntries(1402)) - omNode-2@group-523986131536: Failed appendEntries as snapshot (59) installation is in progress
2022-10-18 06:30:59,441 [omNode-2-server-thread1] INFO  server.RaftServer$Division (RaftServerImpl.java:checkInconsistentAppendEntries(1394)) - omNode-2@group-523986131536: inconsistency entries. Reply:omNode-1<-omNode-2#200:FAIL-t6,INCONSISTENCY,nextIndex=57,followerCommit=56
2022-10-18 06:30:59,441 [grpc-default-executor-0] INFO  impl.SnapshotInstallationHandler (SnapshotInstallationHandler.java:installSnapshot(84)) - omNode-2@group-523986131536: receive installSnapshot: omNode-1->omNode-2#0-t6,notify:(t:5, i:59)
2022-10-18 06:30:59,442 [grpc-default-executor-0] INFO  impl.SnapshotInstallationHandler (SnapshotInstallationHandler.java:installSnapshot(95)) - omNode-2@group-523986131536: reply installSnapshot: omNode-1<-omNode-2#0:FAIL-t6,IN_PROGRESS
2022-10-18 06:30:59,442 [grpc-default-executor-0] INFO  server.GrpcServerProtocolService (GrpcServerProtocolService.java:onCompleted(140)) - omNode-2: Completed INSTALL_SNAPSHOT, lastRequest: omNode-1->omNode-2#0-t6,notify:(t:5, i:59)
2022-10-18 06:30:59,442 [grpc-default-executor-2] INFO  leader.FollowerInfo (FollowerInfoImpl.java:lambda$new$0(48)) - omNode-1@group-523986131536->omNode-2: nextIndex: updateUnconditionally 57 -> 57
2022-10-18 06:30:59,442 [grpc-default-executor-0] INFO  server.GrpcLogAppender (GrpcLogAppender.java:onNext(403)) - omNode-1@group-523986131536->omNode-2-InstallSnapshotResponseHandler: received a reply omNode-1<-omNode-2#0:FAIL-t6,IN_PROGRESS
2022-10-18 06:30:59,442 [grpc-default-executor-0] INFO  server.GrpcLogAppender (GrpcLogAppender.java:onNext(421)) - omNode-1@group-523986131536->omNode-2-InstallSnapshotResponseHandler: InstallSnapshot in progress.
2022-10-18 06:30:59,443 [omNode-1@group-523986131536->omNode-2-GrpcLogAppender-LogAppenderDaemon] INFO  server.GrpcLogAppender (GrpcLogAppender.java:installSnapshot(541)) - omNode-1@group-523986131536->omNode-2-GrpcLogAppender: followerNextIndex = 57 but logStartIndex = 59, notify follower to install snapshot-(t:5, i:59)
2022-10-18 06:30:59,443 [omNode-1@group-523986131536->omNode-2-GrpcLogAppender-LogAppenderDaemon] INFO  server.GrpcLogAppender (GrpcLogAppender.java:installSnapshot(549)) - omNode-1@group-523986131536->omNode-2-GrpcLogAppender: send omNode-1->omNode-2#0-t6,notify:(t:5, i:59)
2022-10-18 06:30:59,443 [omNode-2-server-thread1] INFO  server.RaftServer$Division (RaftServerImpl.java:checkInconsistentAppendEntries(1402)) - omNode-2@group-523986131536: Failed appendEntries as snapshot (59) installation is in progress
2022-10-18 06:30:59,443 [omNode-2-server-thread1] INFO  server.RaftServer$Division (RaftServerImpl.java:checkInconsistentAppendEntries(1394)) - omNode-2@group-523986131536: inconsistency entries. Reply:omNode-1<-omNode-2#201:FAIL-t6,INCONSISTENCY,nextIndex=57,followerCommit=56
2022-10-18 06:30:59,444 [grpc-default-executor-0] INFO  impl.SnapshotInstallationHandler (SnapshotInstallationHandler.java:installSnapshot(84)) - omNode-2@group-523986131536: receive installSnapshot: omNode-1->omNode-2#0-t6,notify:(t:5, i:59)
2022-10-18 06:30:59,444 [grpc-default-executor-0] INFO  impl.SnapshotInstallationHandler (SnapshotInstallationHandler.java:installSnapshot(95)) - omNode-2@group-523986131536: reply installSnapshot: omNode-1<-omNode-2#0:FAIL-t6,IN_PROGRESS
2022-10-18 06:30:59,444 [grpc-default-executor-0] INFO  server.GrpcServerProtocolService (GrpcServerProtocolService.java:onCompleted(140)) - omNode-2: Completed INSTALL_SNAPSHOT, lastRequest: omNode-1->omNode-2#0-t6,notify:(t:5, i:59)
2022-10-18 06:30:59,444 [grpc-default-executor-2] INFO  leader.FollowerInfo (FollowerInfoImpl.java:lambda$new$0(48)) - omNode-1@group-523986131536->omNode-2: nextIndex: updateUnconditionally 57 -> 57
2022-10-18 06:30:59,445 [grpc-default-executor-0] INFO  server.GrpcLogAppender (GrpcLogAppender.java:onNext(403)) - omNode-1@group-523986131536->omNode-2-InstallSnapshotResponseHandler: received a reply omNode-1<-omNode-2#0:FAIL-t6,IN_PROGRESS
2022-10-18 06:30:59,445 [grpc-default-executor-0] INFO  server.GrpcLogAppender (GrpcLogAppender.java:onNext(421)) - omNode-1@group-523986131536->omNode-2-InstallSnapshotResponseHandler: InstallSnapshot in progress.
2022-10-18 06:30:59,445 [omNode-1@group-523986131536->omNode-2-GrpcLogAppender-LogAppenderDaemon] INFO  server.GrpcLogAppender (GrpcLogAppender.java:installSnapshot(541)) - omNode-1@group-523986131536->omNode-2-GrpcLogAppender: followerNextIndex = 57 but logStartIndex = 59, notify follower to install snapshot-(t:5, i:59)
2022-10-18 06:30:59,445 [omNode-1@group-523986131536->omNode-2-GrpcLogAppender-LogAppenderDaemon] INFO  server.GrpcLogAppender (GrpcLogAppender.java:installSnapshot(549)) - omNode-1@group-523986131536->omNode-2-GrpcLogAppender: send omNode-1->omNode-2#0-t6,notify:(t:5, i:59)
2022-10-18 06:30:59,445 [omNode-2-server-thread1] INFO  server.RaftServer$Division (RaftServerImpl.java:checkInconsistentAppendEntries(1402)) - omNode-2@group-523986131536: Failed appendEntries as snapshot (59) installation is in progress
2022-10-18 06:30:59,446 [omNode-2-server-thread1] INFO  server.RaftServer$Division (RaftServerImpl.java:checkInconsistentAppendEntries(1394)) - omNode-2@group-523986131536: inconsistency entries. Reply:omNode-1<-omNode-2#202:FAIL-t6,INCONSISTENCY,nextIndex=57,followerCommit=56
2022-10-18 06:30:59,446 [grpc-default-executor-0] INFO  impl.SnapshotInstallationHandler (SnapshotInstallationHandler.java:installSnapshot(84)) - omNode-2@group-523986131536: receive installSnapshot: omNode-1->omNode-2#0-t6,notify:(t:5, i:59)
2022-10-18 06:30:59,446 [grpc-default-executor-0] INFO  impl.SnapshotInstallationHandler (SnapshotInstallationHandler.java:installSnapshot(95)) - omNode-2@group-523986131536: reply installSnapshot: omNode-1<-omNode-2#0:FAIL-t6,IN_PROGRESS
2022-10-18 06:30:59,446 [grpc-default-executor-0] INFO  server.GrpcServerProtocolService (GrpcServerProtocolService.java:onCompleted(140)) - omNode-2: Completed INSTALL_SNAPSHOT, lastRequest: omNode-1->omNode-2#0-t6,notify:(t:5, i:59)
2022-10-18 06:30:59,447 [grpc-default-executor-2] INFO  leader.FollowerInfo (FollowerInfoImpl.java:lambda$new$0(48)) - omNode-1@group-523986131536->omNode-2: nextIndex: updateUnconditionally 57 -> 57
2022-10-18 06:30:59,447 [grpc-default-executor-0] INFO  server.GrpcLogAppender (GrpcLogAppender.java:onNext(403)) - omNode-1@group-523986131536->omNode-2-InstallSnapshotResponseHandler: received a reply omNode-1<-omNode-2#0:FAIL-t6,IN_PROGRESS
2022-10-18 06:30:59,447 [grpc-default-executor-0] INFO  server.GrpcLogAppender (GrpcLogAppender.java:onNext(421)) - omNode-1@group-523986131536->omNode-2-InstallSnapshotResponseHandler: InstallSnapshot in progress.
2022-10-18 06:30:59,447 [omNode-1@group-523986131536->omNode-2-GrpcLogAppender-LogAppenderDaemon] INFO  server.GrpcLogAppender (GrpcLogAppender.java:installSnapshot(541)) - omNode-1@group-523986131536->omNode-2-GrpcLogAppender: followerNextIndex = 57 but logStartIndex = 59, notify follower to install snapshot-(t:5, i:59)
2022-10-18 06:30:59,447 [omNode-1@group-523986131536->omNode-2-GrpcLogAppender-LogAppenderDaemon] INFO  server.GrpcLogAppender (GrpcLogAppender.java:installSnapshot(549)) - omNode-1@group-523986131536->omNode-2-GrpcLogAppender: send omNode-1->omNode-2#0-t6,notify:(t:5, i:59)
2022-10-18 06:30:59,448 [omNode-2-server-thread1] INFO  server.RaftServer$Division (RaftServerImpl.java:checkInconsistentAppendEntries(1402)) - omNode-2@group-523986131536: Failed appendEntries as snapshot (59) installation is in progress
2022-10-18 06:30:59,448 [omNode-2-server-thread1] INFO  server.RaftServer$Division (RaftServerImpl.java:checkInconsistentAppendEntries(1394)) - omNode-2@group-523986131536: inconsistency entries. Reply:omNode-1<-omNode-2#203:FAIL-t6,INCONSISTENCY,nextIndex=57,followerCommit=56
2022-10-18 06:30:59,448 [grpc-default-executor-0] INFO  impl.SnapshotInstallationHandler (SnapshotInstallationHandler.java:installSnapshot(84)) - omNode-2@group-523986131536: receive installSnapshot: omNode-1->omNode-2#0-t6,notify:(t:5, i:59)
2022-10-18 06:30:59,448 [grpc-default-executor-0] INFO  impl.SnapshotInstallationHandler (SnapshotInstallationHandler.java:installSnapshot(95)) - omNode-2@group-523986131536: reply installSnapshot: omNode-1<-omNode-2#0:FAIL-t6,IN_PROGRESS
2022-10-18 06:30:59,448 [grpc-default-executor-0] INFO  server.GrpcServerProtocolService (GrpcServerProtocolService.java:onCompleted(140)) - omNode-2: Completed INSTALL_SNAPSHOT, lastRequest: omNode-1->omNode-2#0-t6,notify:(t:5, i:59)
2022-10-18 06:30:59,449 [grpc-default-executor-2] INFO  leader.FollowerInfo (FollowerInfoImpl.java:lambda$new$0(48)) - omNode-1@group-523986131536->omNode-2: nextIndex: updateUnconditionally 57 -> 57
2022-10-18 06:30:59,449 [grpc-default-executor-0] INFO  server.GrpcLogAppender (GrpcLogAppender.java:onNext(403)) - omNode-1@group-523986131536->omNode-2-InstallSnapshotResponseHandler: received a reply omNode-1<-omNode-2#0:FAIL-t6,IN_PROGRESS
2022-10-18 06:30:59,449 [grpc-default-executor-0] INFO  server.GrpcLogAppender (GrpcLogAppender.java:onNext(421)) - omNode-1@group-523986131536->omNode-2-InstallSnapshotResponseHandler: InstallSnapshot in progress.
2022-10-18 06:30:59,449 [omNode-1@group-523986131536->omNode-2-GrpcLogAppender-LogAppenderDaemon] INFO  server.GrpcLogAppender (GrpcLogAppender.java:installSnapshot(541)) - omNode-1@group-523986131536->omNode-2-GrpcLogAppender: followerNextIndex = 57 but logStartIndex = 59, notify follower to install snapshot-(t:5, i:59)
2022-10-18 06:30:59,449 [omNode-1@group-523986131536->omNode-2-GrpcLogAppender-LogAppenderDaemon] INFO  server.GrpcLogAppender (GrpcLogAppender.java:installSnapshot(549)) - omNode-1@group-523986131536->omNode-2-GrpcLogAppender: send omNode-1->omNode-2#0-t6,notify:(t:5, i:59)
2022-10-18 06:30:59,450 [omNode-2-server-thread1] INFO  server.RaftServer$Division (RaftServerImpl.java:checkInconsistentAppendEntries(1402)) - omNode-2@group-523986131536: Failed appendEntries as snapshot (59) installation is in progress
2022-10-18 06:30:59,450 [omNode-2-server-thread1] INFO  server.RaftServer$Division (RaftServerImpl.java:checkInconsistentAppendEntries(1394)) - omNode-2@group-523986131536: inconsistency entries. Reply:omNode-1<-omNode-2#204:FAIL-t6,INCONSISTENCY,nextIndex=57,followerCommit=56
2022-10-18 06:30:59,450 [grpc-default-executor-0] INFO  impl.SnapshotInstallationHandler (SnapshotInstallationHandler.java:installSnapshot(84)) - omNode-2@group-523986131536: receive installSnapshot: omNode-1->omNode-2#0-t6,notify:(t:5, i:59)
2022-10-18 06:30:59,450 [grpc-default-executor-0] INFO  impl.SnapshotInstallationHandler (SnapshotInstallationHandler.java:installSnapshot(95)) - omNode-2@group-523986131536: reply installSnapshot: omNode-1<-omNode-2#0:FAIL-t6,IN_PROGRESS
2022-10-18 06:30:59,451 [grpc-default-executor-0] INFO  server.GrpcServerProtocolService (GrpcServerProtocolService.java:onCompleted(140)) - omNode-2: Completed INSTALL_SNAPSHOT, lastRequest: omNode-1->omNode-2#0-t6,notify:(t:5, i:59)
2022-10-18 06:30:59,451 [grpc-default-executor-2] INFO  leader.FollowerInfo (FollowerInfoImpl.java:lambda$new$0(48)) - omNode-1@group-523986131536->omNode-2: nextIndex: updateUnconditionally 57 -> 57
2022-10-18 06:30:59,451 [grpc-default-executor-0] INFO  server.GrpcLogAppender (GrpcLogAppender.java:onNext(403)) - omNode-1@group-523986131536->omNode-2-InstallSnapshotResponseHandler: received a reply omNode-1<-omNode-2#0:FAIL-t6,IN_PROGRESS
2022-10-18 06:30:59,451 [grpc-default-executor-0] INFO  server.GrpcLogAppender (GrpcLogAppender.java:onNext(421)) - omNode-1@group-523986131536->omNode-2-InstallSnapshotResponseHandler: InstallSnapshot in progress.
2022-10-18 06:30:59,451 [omNode-1@group-523986131536->omNode-2-GrpcLogAppender-LogAppenderDaemon] INFO  server.GrpcLogAppender (GrpcLogAppender.java:installSnapshot(541)) - omNode-1@group-523986131536->omNode-2-GrpcLogAppender: followerNextIndex = 57 but logStartIndex = 59, notify follower to install snapshot-(t:5, i:59)
2022-10-18 06:30:59,451 [omNode-1@group-523986131536->omNode-2-GrpcLogAppender-LogAppenderDaemon] INFO  server.GrpcLogAppender (GrpcLogAppender.java:installSnapshot(549)) - omNode-1@group-523986131536->omNode-2-GrpcLogAppender: send omNode-1->omNode-2#0-t6,notify:(t:5, i:59)
2022-10-18 06:30:59,452 [omNode-2-server-thread1] INFO  server.RaftServer$Division (RaftServerImpl.java:checkInconsistentAppendEntries(1402)) - omNode-2@group-523986131536: Failed appendEntries as snapshot (59) installation is in progress
2022-10-18 06:30:59,452 [omNode-2-server-thread1] INFO  server.RaftServer$Division (RaftServerImpl.java:checkInconsistentAppendEntries(1394)) - omNode-2@group-523986131536: inconsistency entries. Reply:omNode-1<-omNode-2#205:FAIL-t6,INCONSISTENCY,nextIndex=57,followerCommit=56
2022-10-18 06:30:59,453 [grpc-default-executor-0] INFO  impl.SnapshotInstallationHandler (SnapshotInstallationHandler.java:installSnapshot(84)) - omNode-2@group-523986131536: receive installSnapshot: omNode-1->omNode-2#0-t6,notify:(t:5, i:59)
2022-10-18 06:30:59,453 [grpc-default-executor-0] INFO  impl.SnapshotInstallationHandler (SnapshotInstallationHandler.java:installSnapshot(95)) - omNode-2@group-523986131536: reply installSnapshot: omNode-1<-omNode-2#0:FAIL-t6,IN_PROGRESS
2022-10-18 06:30:59,453 [grpc-default-executor-0] INFO  server.GrpcServerProtocolService (GrpcServerProtocolService.java:onCompleted(140)) - omNode-2: Completed INSTALL_SNAPSHOT, lastRequest: omNode-1->omNode-2#0-t6,notify:(t:5, i:59)
2022-10-18 06:30:59,453 [grpc-default-executor-2] INFO  leader.FollowerInfo (FollowerInfoImpl.java:lambda$new$0(48)) - omNode-1@group-523986131536->omNode-2: nextIndex: updateUnconditionally 57 -> 57
2022-10-18 06:30:59,454 [grpc-default-executor-2] INFO  server.GrpcLogAppender (GrpcLogAppender.java:onNext(403)) - omNode-1@group-523986131536->omNode-2-InstallSnapshotResponseHandler: received a reply omNode-1<-omNode-2#0:FAIL-t6,IN_PROGRESS
2022-10-18 06:30:59,454 [grpc-default-executor-2] INFO  server.GrpcLogAppender (GrpcLogAppender.java:onNext(421)) - omNode-1@group-523986131536->omNode-2-InstallSnapshotResponseHandler: InstallSnapshot in progress.
2022-10-18 06:30:59,454 [omNode-1@group-523986131536->omNode-2-GrpcLogAppender-LogAppenderDaemon] INFO  server.GrpcLogAppender (GrpcLogAppender.java:installSnapshot(541)) - omNode-1@group-523986131536->omNode-2-GrpcLogAppender: followerNextIndex = 57 but logStartIndex = 59, notify follower to install snapshot-(t:5, i:59)
2022-10-18 06:30:59,454 [omNode-1@group-523986131536->omNode-2-GrpcLogAppender-LogAppenderDaemon] INFO  server.GrpcLogAppender (GrpcLogAppender.java:installSnapshot(549)) - omNode-1@group-523986131536->omNode-2-GrpcLogAppender: send omNode-1->omNode-2#0-t6,notify:(t:5, i:59)
2022-10-18 06:30:59,455 [omNode-2-server-thread1] INFO  server.RaftServer$Division (RaftServerImpl.java:checkInconsistentAppendEntries(1402)) - omNode-2@group-523986131536: Failed appendEntries as snapshot (59) installation is in progress
2022-10-18 06:30:59,455 [omNode-2-server-thread1] INFO  server.RaftServer$Division (RaftServerImpl.java:checkInconsistentAppendEntries(1394)) - omNode-2@group-523986131536: inconsistency entries. Reply:omNode-1<-omNode-2#206:FAIL-t6,INCONSISTENCY,nextIndex=57,followerCommit=56
2022-10-18 06:30:59,455 [grpc-default-executor-2] INFO  impl.SnapshotInstallationHandler (SnapshotInstallationHandler.java:installSnapshot(84)) - omNode-2@group-523986131536: receive installSnapshot: omNode-1->omNode-2#0-t6,notify:(t:5, i:59)
2022-10-18 06:30:59,455 [grpc-default-executor-2] INFO  impl.SnapshotInstallationHandler (SnapshotInstallationHandler.java:installSnapshot(95)) - omNode-2@group-523986131536: reply installSnapshot: omNode-1<-omNode-2#0:FAIL-t6,IN_PROGRESS
2022-10-18 06:30:59,455 [grpc-default-executor-2] INFO  server.GrpcServerProtocolService (GrpcServerProtocolService.java:onCompleted(140)) - omNode-2: Completed INSTALL_SNAPSHOT, lastRequest: omNode-1->omNode-2#0-t6,notify:(t:5, i:59)
2022-10-18 06:30:59,456 [grpc-default-executor-2] INFO  leader.FollowerInfo (FollowerInfoImpl.java:lambda$new$0(48)) - omNode-1@group-523986131536->omNode-2: nextIndex: updateUnconditionally 57 -> 57
2022-10-18 06:30:59,456 [grpc-default-executor-2] INFO  server.GrpcLogAppender (GrpcLogAppender.java:onNext(403)) - omNode-1@group-523986131536->omNode-2-InstallSnapshotResponseHandler: received a reply omNode-1<-omNode-2#0:FAIL-t6,IN_PROGRESS
2022-10-18 06:30:59,456 [grpc-default-executor-2] INFO  server.GrpcLogAppender (GrpcLogAppender.java:onNext(421)) - omNode-1@group-523986131536->omNode-2-InstallSnapshotResponseHandler: InstallSnapshot in progress.
2022-10-18 06:30:59,456 [omNode-1@group-523986131536->omNode-2-GrpcLogAppender-LogAppenderDaemon] INFO  server.GrpcLogAppender (GrpcLogAppender.java:installSnapshot(541)) - omNode-1@group-523986131536->omNode-2-GrpcLogAppender: followerNextIndex = 57 but logStartIndex = 59, notify follower to install snapshot-(t:5, i:59)
2022-10-18 06:30:59,456 [omNode-1@group-523986131536->omNode-2-GrpcLogAppender-LogAppenderDaemon] INFO  server.GrpcLogAppender (GrpcLogAppender.java:installSnapshot(549)) - omNode-1@group-523986131536->omNode-2-GrpcLogAppender: send omNode-1->omNode-2#0-t6,notify:(t:5, i:59)
2022-10-18 06:30:59,457 [grpc-default-executor-2] INFO  impl.SnapshotInstallationHandler (SnapshotInstallationHandler.java:installSnapshot(84)) - omNode-2@group-523986131536: receive installSnapshot: omNode-1->omNode-2#0-t6,notify:(t:5, i:59)
2022-10-18 06:30:59,457 [grpc-default-executor-2] INFO  impl.SnapshotInstallationHandler (SnapshotInstallationHandler.java:installSnapshot(95)) - omNode-2@group-523986131536: reply installSnapshot: omNode-1<-omNode-2#0:FAIL-t6,IN_PROGRESS
2022-10-18 06:30:59,457 [grpc-default-executor-2] INFO  server.GrpcServerProtocolService (GrpcServerProtocolService.java:onCompleted(140)) - omNode-2: Completed INSTALL_SNAPSHOT, lastRequest: omNode-1->omNode-2#0-t6,notify:(t:5, i:59)
2022-10-18 06:30:59,458 [omNode-2-server-thread1] INFO  server.RaftServer$Division (RaftServerImpl.java:checkInconsistentAppendEntries(1402)) - omNode-2@group-523986131536: Failed appendEntries as snapshot (59) installation is in progress
2022-10-18 06:30:59,458 [omNode-2-server-thread1] INFO  server.RaftServer$Division (RaftServerImpl.java:checkInconsistentAppendEntries(1394)) - omNode-2@group-523986131536: inconsistency entries. Reply:omNode-1<-omNode-2#207:FAIL-t6,INCONSISTENCY,nextIndex=57,followerCommit=56
2022-10-18 06:30:59,462 [grpc-default-executor-2] INFO  leader.FollowerInfo (FollowerInfoImpl.java:lambda$new$0(48)) - omNode-1@group-523986131536->omNode-2: nextIndex: updateUnconditionally 57 -> 57
2022-10-18 06:30:59,462 [grpc-default-executor-0] INFO  server.GrpcLogAppender (GrpcLogAppender.java:onNext(403)) - omNode-1@group-523986131536->omNode-2-InstallSnapshotResponseHandler: received a reply omNode-1<-omNode-2#0:FAIL-t6,IN_PROGRESS
2022-10-18 06:30:59,462 [grpc-default-executor-0] INFO  server.GrpcLogAppender (GrpcLogAppender.java:onNext(421)) - omNode-1@group-523986131536->omNode-2-InstallSnapshotResponseHandler: InstallSnapshot in progress.
2022-10-18 06:30:59,462 [omNode-1@group-523986131536->omNode-2-GrpcLogAppender-LogAppenderDaemon] INFO  server.GrpcLogAppender (GrpcLogAppender.java:installSnapshot(541)) - omNode-1@group-523986131536->omNode-2-GrpcLogAppender: followerNextIndex = 57 but logStartIndex = 59, notify follower to install snapshot-(t:5, i:59)
2022-10-18 06:30:59,463 [omNode-1@group-523986131536->omNode-2-GrpcLogAppender-LogAppenderDaemon] INFO  server.GrpcLogAppender (GrpcLogAppender.java:installSnapshot(549)) - omNode-1@group-523986131536->omNode-2-GrpcLogAppender: send omNode-1->omNode-2#0-t6,notify:(t:5, i:59)
2022-10-18 06:30:59,463 [omNode-2-server-thread1] INFO  server.RaftServer$Division (RaftServerImpl.java:checkInconsistentAppendEntries(1402)) - omNode-2@group-523986131536: Failed appendEntries as snapshot (59) installation is in progress
2022-10-18 06:30:59,463 [omNode-2-server-thread1] INFO  server.RaftServer$Division (RaftServerImpl.java:checkInconsistentAppendEntries(1394)) - omNode-2@group-523986131536: inconsistency entries. Reply:omNode-1<-omNode-2#208:FAIL-t6,INCONSISTENCY,nextIndex=57,followerCommit=56
2022-10-18 06:30:59,464 [grpc-default-executor-2] INFO  leader.FollowerInfo (FollowerInfoImpl.java:lambda$new$0(48)) - omNode-1@group-523986131536->omNode-2: nextIndex: updateUnconditionally 57 -> 57
2022-10-18 06:30:59,464 [grpc-default-executor-0] INFO  impl.SnapshotInstallationHandler (SnapshotInstallationHandler.java:installSnapshot(84)) - omNode-2@group-523986131536: receive installSnapshot: omNode-1->omNode-2#0-t6,notify:(t:5, i:59)
2022-10-18 06:30:59,464 [grpc-default-executor-0] INFO  impl.SnapshotInstallationHandler (SnapshotInstallationHandler.java:installSnapshot(95)) - omNode-2@group-523986131536: reply installSnapshot: omNode-1<-omNode-2#0:FAIL-t6,IN_PROGRESS
2022-10-18 06:30:59,464 [grpc-default-executor-0] INFO  server.GrpcServerProtocolService (GrpcServerProtocolService.java:onCompleted(140)) - omNode-2: Completed INSTALL_SNAPSHOT, lastRequest: omNode-1->omNode-2#0-t6,notify:(t:5, i:59)
2022-10-18 06:30:59,465 [grpc-default-executor-0] INFO  server.GrpcLogAppender (GrpcLogAppender.java:onNext(403)) - omNode-1@group-523986131536->omNode-2-InstallSnapshotResponseHandler: received a reply omNode-1<-omNode-2#0:FAIL-t6,IN_PROGRESS
2022-10-18 06:30:59,465 [grpc-default-executor-0] INFO  server.GrpcLogAppender (GrpcLogAppender.java:onNext(421)) - omNode-1@group-523986131536->omNode-2-InstallSnapshotResponseHandler: InstallSnapshot in progress.
2022-10-18 06:30:59,465 [omNode-1@group-523986131536->omNode-2-GrpcLogAppender-LogAppenderDaemon] INFO  server.GrpcLogAppender (GrpcLogAppender.java:installSnapshot(541)) - omNode-1@group-523986131536->omNode-2-GrpcLogAppender: followerNextIndex = 57 but logStartIndex = 59, notify follower to install snapshot-(t:5, i:59)
2022-10-18 06:30:59,465 [omNode-1@group-523986131536->omNode-2-GrpcLogAppender-LogAppenderDaemon] INFO  server.GrpcLogAppender (GrpcLogAppender.java:installSnapshot(549)) - omNode-1@group-523986131536->omNode-2-GrpcLogAppender: send omNode-1->omNode-2#0-t6,notify:(t:5, i:59)
2022-10-18 06:30:59,466 [omNode-2-server-thread1] INFO  server.RaftServer$Division (RaftServerImpl.java:checkInconsistentAppendEntries(1402)) - omNode-2@group-523986131536: Failed appendEntries as snapshot (59) installation is in progress
2022-10-18 06:30:59,466 [omNode-2-server-thread1] INFO  server.RaftServer$Division (RaftServerImpl.java:checkInconsistentAppendEntries(1394)) - omNode-2@group-523986131536: inconsistency entries. Reply:omNode-1<-omNode-2#209:FAIL-t6,INCONSISTENCY,nextIndex=57,followerCommit=56
2022-10-18 06:30:59,466 [grpc-default-executor-0] INFO  impl.SnapshotInstallationHandler (SnapshotInstallationHandler.java:installSnapshot(84)) - omNode-2@group-523986131536: receive installSnapshot: omNode-1->omNode-2#0-t6,notify:(t:5, i:59)
2022-10-18 06:30:59,466 [grpc-default-executor-0] INFO  impl.SnapshotInstallationHandler (SnapshotInstallationHandler.java:installSnapshot(95)) - omNode-2@group-523986131536: reply installSnapshot: omNode-1<-omNode-2#0:FAIL-t6,IN_PROGRESS
2022-10-18 06:30:59,466 [grpc-default-executor-0] INFO  server.GrpcServerProtocolService (GrpcServerProtocolService.java:onCompleted(140)) - omNode-2: Completed INSTALL_SNAPSHOT, lastRequest: omNode-1->omNode-2#0-t6,notify:(t:5, i:59)
2022-10-18 06:30:59,467 [grpc-default-executor-2] INFO  leader.FollowerInfo (FollowerInfoImpl.java:lambda$new$0(48)) - omNode-1@group-523986131536->omNode-2: nextIndex: updateUnconditionally 57 -> 57
2022-10-18 06:30:59,467 [grpc-default-executor-2] INFO  server.GrpcLogAppender (GrpcLogAppender.java:onNext(403)) - omNode-1@group-523986131536->omNode-2-InstallSnapshotResponseHandler: received a reply omNode-1<-omNode-2#0:FAIL-t6,IN_PROGRESS
2022-10-18 06:30:59,467 [grpc-default-executor-2] INFO  server.GrpcLogAppender (GrpcLogAppender.java:onNext(421)) - omNode-1@group-523986131536->omNode-2-InstallSnapshotResponseHandler: InstallSnapshot in progress.
2022-10-18 06:30:59,467 [omNode-1@group-523986131536->omNode-2-GrpcLogAppender-LogAppenderDaemon] INFO  server.GrpcLogAppender (GrpcLogAppender.java:installSnapshot(541)) - omNode-1@group-523986131536->omNode-2-GrpcLogAppender: followerNextIndex = 57 but logStartIndex = 59, notify follower to install snapshot-(t:5, i:59)
2022-10-18 06:30:59,467 [omNode-1@group-523986131536->omNode-2-GrpcLogAppender-LogAppenderDaemon] INFO  server.GrpcLogAppender (GrpcLogAppender.java:installSnapshot(549)) - omNode-1@group-523986131536->omNode-2-GrpcLogAppender: send omNode-1->omNode-2#0-t6,notify:(t:5, i:59)
2022-10-18 06:30:59,468 [omNode-2-server-thread1] INFO  server.RaftServer$Division (RaftServerImpl.java:checkInconsistentAppendEntries(1402)) - omNode-2@group-523986131536: Failed appendEntries as snapshot (59) installation is in progress
2022-10-18 06:30:59,468 [omNode-2-server-thread1] INFO  server.RaftServer$Division (RaftServerImpl.java:checkInconsistentAppendEntries(1394)) - omNode-2@group-523986131536: inconsistency entries. Reply:omNode-1<-omNode-2#210:FAIL-t6,INCONSISTENCY,nextIndex=57,followerCommit=56
2022-10-18 06:30:59,468 [grpc-default-executor-2] INFO  impl.SnapshotInstallationHandler (SnapshotInstallationHandler.java:installSnapshot(84)) - omNode-2@group-523986131536: receive installSnapshot: omNode-1->omNode-2#0-t6,notify:(t:5, i:59)
2022-10-18 06:30:59,468 [grpc-default-executor-2] INFO  impl.SnapshotInstallationHandler (SnapshotInstallationHandler.java:installSnapshot(95)) - omNode-2@group-523986131536: reply installSnapshot: omNode-1<-omNode-2#0:FAIL-t6,IN_PROGRESS
2022-10-18 06:30:59,469 [grpc-default-executor-2] INFO  server.GrpcServerProtocolService (GrpcServerProtocolService.java:onCompleted(140)) - omNode-2: Completed INSTALL_SNAPSHOT, lastRequest: omNode-1->omNode-2#0-t6,notify:(t:5, i:59)
2022-10-18 06:30:59,469 [grpc-default-executor-2] INFO  leader.FollowerInfo (FollowerInfoImpl.java:lambda$new$0(48)) - omNode-1@group-523986131536->omNode-2: nextIndex: updateUnconditionally 57 -> 57
2022-10-18 06:30:59,469 [grpc-default-executor-2] INFO  server.GrpcLogAppender (GrpcLogAppender.java:onNext(403)) - omNode-1@group-523986131536->omNode-2-InstallSnapshotResponseHandler: received a reply omNode-1<-omNode-2#0:FAIL-t6,IN_PROGRESS
2022-10-18 06:30:59,469 [grpc-default-executor-2] INFO  server.GrpcLogAppender (GrpcLogAppender.java:onNext(421)) - omNode-1@group-523986131536->omNode-2-InstallSnapshotResponseHandler: InstallSnapshot in progress.
2022-10-18 06:30:59,469 [omNode-1@group-523986131536->omNode-2-GrpcLogAppender-LogAppenderDaemon] INFO  server.GrpcLogAppender (GrpcLogAppender.java:installSnapshot(541)) - omNode-1@group-523986131536->omNode-2-GrpcLogAppender: followerNextIndex = 57 but logStartIndex = 59, notify follower to install snapshot-(t:5, i:59)
2022-10-18 06:30:59,470 [omNode-1@group-523986131536->omNode-2-GrpcLogAppender-LogAppenderDaemon] INFO  server.GrpcLogAppender (GrpcLogAppender.java:installSnapshot(549)) - omNode-1@group-523986131536->omNode-2-GrpcLogAppender: send omNode-1->omNode-2#0-t6,notify:(t:5, i:59)
2022-10-18 06:30:59,470 [grpc-default-executor-2] INFO  impl.SnapshotInstallationHandler (SnapshotInstallationHandler.java:installSnapshot(84)) - omNode-2@group-523986131536: receive installSnapshot: omNode-1->omNode-2#0-t6,notify:(t:5, i:59)
2022-10-18 06:30:59,470 [grpc-default-executor-2] INFO  impl.SnapshotInstallationHandler (SnapshotInstallationHandler.java:installSnapshot(95)) - omNode-2@group-523986131536: reply installSnapshot: omNode-1<-omNode-2#0:FAIL-t6,IN_PROGRESS
2022-10-18 06:30:59,470 [grpc-default-executor-2] INFO  server.GrpcServerProtocolService (GrpcServerProtocolService.java:onCompleted(140)) - omNode-2: Completed INSTALL_SNAPSHOT, lastRequest: omNode-1->omNode-2#0-t6,notify:(t:5, i:59)
2022-10-18 06:30:59,471 [grpc-default-executor-2] INFO  server.GrpcLogAppender (GrpcLogAppender.java:onNext(403)) - omNode-1@group-523986131536->omNode-2-InstallSnapshotResponseHandler: received a reply omNode-1<-omNode-2#0:FAIL-t6,IN_PROGRESS
2022-10-18 06:30:59,471 [grpc-default-executor-2] INFO  server.GrpcLogAppender (GrpcLogAppender.java:onNext(421)) - omNode-1@group-523986131536->omNode-2-InstallSnapshotResponseHandler: InstallSnapshot in progress.
2022-10-18 06:30:59,471 [omNode-1@group-523986131536->omNode-2-GrpcLogAppender-LogAppenderDaemon] INFO  server.GrpcLogAppender (GrpcLogAppender.java:installSnapshot(541)) - omNode-1@group-523986131536->omNode-2-GrpcLogAppender: followerNextIndex = 57 but logStartIndex = 59, notify follower to install snapshot-(t:5, i:59)
2022-10-18 06:30:59,471 [omNode-1@group-523986131536->omNode-2-GrpcLogAppender-LogAppenderDaemon] INFO  server.GrpcLogAppender (GrpcLogAppender.java:installSnapshot(549)) - omNode-1@group-523986131536->omNode-2-GrpcLogAppender: send omNode-1->omNode-2#0-t6,notify:(t:5, i:59)
2022-10-18 06:30:59,472 [grpc-default-executor-2] INFO  impl.SnapshotInstallationHandler (SnapshotInstallationHandler.java:installSnapshot(84)) - omNode-2@group-523986131536: receive installSnapshot: omNode-1->omNode-2#0-t6,notify:(t:5, i:59)
2022-10-18 06:30:59,472 [grpc-default-executor-2] INFO  impl.SnapshotInstallationHandler (SnapshotInstallationHandler.java:installSnapshot(95)) - omNode-2@group-523986131536: reply installSnapshot: omNode-1<-omNode-2#0:FAIL-t6,IN_PROGRESS
2022-10-18 06:30:59,472 [grpc-default-executor-2] INFO  server.GrpcServerProtocolService (GrpcServerProtocolService.java:onCompleted(140)) - omNode-2: Completed INSTALL_SNAPSHOT, lastRequest: omNode-1->omNode-2#0-t6,notify:(t:5, i:59)
2022-10-18 06:30:59,472 [omNode-2-server-thread1] INFO  server.RaftServer$Division (RaftServerImpl.java:checkInconsistentAppendEntries(1402)) - omNode-2@group-523986131536: Failed appendEntries as snapshot (59) installation is in progress
2022-10-18 06:30:59,472 [omNode-2-server-thread1] INFO  server.RaftServer$Division (RaftServerImpl.java:checkInconsistentAppendEntries(1394)) - omNode-2@group-523986131536: inconsistency entries. Reply:omNode-1<-omNode-2#211:FAIL-t6,INCONSISTENCY,nextIndex=57,followerCommit=56
2022-10-18 06:30:59,473 [omNode-2-server-thread1] INFO  server.RaftServer$Division (RaftServerImpl.java:checkInconsistentAppendEntries(1402)) - omNode-2@group-523986131536: Failed appendEntries as snapshot (59) installation is in progress
2022-10-18 06:30:59,473 [omNode-2-server-thread1] INFO  server.RaftServer$Division (RaftServerImpl.java:checkInconsistentAppendEntries(1394)) - omNode-2@group-523986131536: inconsistency entries. Reply:omNode-1<-omNode-2#212:FAIL-t6,INCONSISTENCY,nextIndex=57,followerCommit=56
2022-10-18 06:30:59,473 [grpc-default-executor-0] INFO  server.GrpcLogAppender (GrpcLogAppender.java:onNext(403)) - omNode-1@group-523986131536->omNode-2-InstallSnapshotResponseHandler: received a reply omNode-1<-omNode-2#0:FAIL-t6,IN_PROGRESS
2022-10-18 06:30:59,473 [grpc-default-executor-0] INFO  server.GrpcLogAppender (GrpcLogAppender.java:onNext(421)) - omNode-1@group-523986131536->omNode-2-InstallSnapshotResponseHandler: InstallSnapshot in progress.
2022-10-18 06:30:59,473 [omNode-1@group-523986131536->omNode-2-GrpcLogAppender-LogAppenderDaemon] INFO  server.GrpcLogAppender (GrpcLogAppender.java:installSnapshot(541)) - omNode-1@group-523986131536->omNode-2-GrpcLogAppender: followerNextIndex = 57 but logStartIndex = 59, notify follower to install snapshot-(t:5, i:59)
2022-10-18 06:30:59,473 [omNode-1@group-523986131536->omNode-2-GrpcLogAppender-LogAppenderDaemon] INFO  server.GrpcLogAppender (GrpcLogAppender.java:installSnapshot(549)) - omNode-1@group-523986131536->omNode-2-GrpcLogAppender: send omNode-1->omNode-2#0-t6,notify:(t:5, i:59)
2022-10-18 06:30:59,474 [grpc-default-executor-2] INFO  leader.FollowerInfo (FollowerInfoImpl.java:lambda$new$0(48)) - omNode-1@group-523986131536->omNode-2: nextIndex: updateUnconditionally 57 -> 57
2022-10-18 06:30:59,474 [grpc-default-executor-2] INFO  impl.SnapshotInstallationHandler (SnapshotInstallationHandler.java:installSnapshot(84)) - omNode-2@group-523986131536: receive installSnapshot: omNode-1->omNode-2#0-t6,notify:(t:5, i:59)
2022-10-18 06:30:59,474 [grpc-default-executor-2] INFO  impl.SnapshotInstallationHandler (SnapshotInstallationHandler.java:installSnapshot(95)) - omNode-2@group-523986131536: reply installSnapshot: omNode-1<-omNode-2#0:FAIL-t6,IN_PROGRESS
2022-10-18 06:30:59,474 [grpc-default-executor-2] INFO  server.GrpcServerProtocolService (GrpcServerProtocolService.java:onCompleted(140)) - omNode-2: Completed INSTALL_SNAPSHOT, lastRequest: omNode-1->omNode-2#0-t6,notify:(t:5, i:59)
2022-10-18 06:30:59,475 [omNode-2-server-thread1] INFO  server.RaftServer$Division (RaftServerImpl.java:checkInconsistentAppendEntries(1402)) - omNode-2@group-523986131536: Failed appendEntries as snapshot (59) installation is in progress
2022-10-18 06:30:59,475 [omNode-2-server-thread1] INFO  server.RaftServer$Division (RaftServerImpl.java:checkInconsistentAppendEntries(1394)) - omNode-2@group-523986131536: inconsistency entries. Reply:omNode-1<-omNode-2#213:FAIL-t6,INCONSISTENCY,nextIndex=57,followerCommit=56
2022-10-18 06:30:59,475 [grpc-default-executor-0] INFO  leader.FollowerInfo (FollowerInfoImpl.java:lambda$new$0(48)) - omNode-1@group-523986131536->omNode-2: nextIndex: updateUnconditionally 57 -> 57
2022-10-18 06:30:59,475 [grpc-default-executor-0] INFO  server.GrpcLogAppender (GrpcLogAppender.java:onNext(403)) - omNode-1@group-523986131536->omNode-2-InstallSnapshotResponseHandler: received a reply omNode-1<-omNode-2#0:FAIL-t6,IN_PROGRESS
2022-10-18 06:30:59,475 [grpc-default-executor-0] INFO  server.GrpcLogAppender (GrpcLogAppender.java:onNext(421)) - omNode-1@group-523986131536->omNode-2-InstallSnapshotResponseHandler: InstallSnapshot in progress.
2022-10-18 06:30:59,476 [omNode-1@group-523986131536->omNode-2-GrpcLogAppender-LogAppenderDaemon] INFO  server.GrpcLogAppender (GrpcLogAppender.java:installSnapshot(541)) - omNode-1@group-523986131536->omNode-2-GrpcLogAppender: followerNextIndex = 57 but logStartIndex = 59, notify follower to install snapshot-(t:5, i:59)
2022-10-18 06:30:59,476 [omNode-1@group-523986131536->omNode-2-GrpcLogAppender-LogAppenderDaemon] INFO  server.GrpcLogAppender (GrpcLogAppender.java:installSnapshot(549)) - omNode-1@group-523986131536->omNode-2-GrpcLogAppender: send omNode-1->omNode-2#0-t6,notify:(t:5, i:59)
2022-10-18 06:30:59,476 [grpc-default-executor-0] INFO  leader.FollowerInfo (FollowerInfoImpl.java:lambda$new$0(48)) - omNode-1@group-523986131536->omNode-2: nextIndex: updateUnconditionally 57 -> 57
2022-10-18 06:30:59,476 [omNode-2-server-thread1] INFO  server.RaftServer$Division (RaftServerImpl.java:checkInconsistentAppendEntries(1402)) - omNode-2@group-523986131536: Failed appendEntries as snapshot (59) installation is in progress
2022-10-18 06:30:59,477 [omNode-2-server-thread1] INFO  server.RaftServer$Division (RaftServerImpl.java:checkInconsistentAppendEntries(1394)) - omNode-2@group-523986131536: inconsistency entries. Reply:omNode-1<-omNode-2#214:FAIL-t6,INCONSISTENCY,nextIndex=57,followerCommit=56
2022-10-18 06:30:59,477 [grpc-default-executor-0] INFO  impl.SnapshotInstallationHandler (SnapshotInstallationHandler.java:installSnapshot(84)) - omNode-2@group-523986131536: receive installSnapshot: omNode-1->omNode-2#0-t6,notify:(t:5, i:59)
2022-10-18 06:30:59,477 [grpc-default-executor-0] INFO  impl.SnapshotInstallationHandler (SnapshotInstallationHandler.java:installSnapshot(95)) - omNode-2@group-523986131536: reply installSnapshot: omNode-1<-omNode-2#0:FAIL-t6,IN_PROGRESS
2022-10-18 06:30:59,477 [grpc-default-executor-0] INFO  server.GrpcServerProtocolService (GrpcServerProtocolService.java:onCompleted(140)) - omNode-2: Completed INSTALL_SNAPSHOT, lastRequest: omNode-1->omNode-2#0-t6,notify:(t:5, i:59)
2022-10-18 06:30:59,477 [grpc-default-executor-2] INFO  leader.FollowerInfo (FollowerInfoImpl.java:lambda$new$0(48)) - omNode-1@group-523986131536->omNode-2: nextIndex: updateUnconditionally 57 -> 57
2022-10-18 06:30:59,478 [grpc-default-executor-2] INFO  server.GrpcLogAppender (GrpcLogAppender.java:onNext(403)) - omNode-1@group-523986131536->omNode-2-InstallSnapshotResponseHandler: received a reply omNode-1<-omNode-2#0:FAIL-t6,IN_PROGRESS
2022-10-18 06:30:59,478 [grpc-default-executor-2] INFO  server.GrpcLogAppender (GrpcLogAppender.java:onNext(421)) - omNode-1@group-523986131536->omNode-2-InstallSnapshotResponseHandler: InstallSnapshot in progress.
2022-10-18 06:30:59,478 [omNode-1@group-523986131536->omNode-2-GrpcLogAppender-LogAppenderDaemon] INFO  server.GrpcLogAppender (GrpcLogAppender.java:installSnapshot(541)) - omNode-1@group-523986131536->omNode-2-GrpcLogAppender: followerNextIndex = 57 but logStartIndex = 59, notify follower to install snapshot-(t:5, i:59)
2022-10-18 06:30:59,478 [omNode-1@group-523986131536->omNode-2-GrpcLogAppender-LogAppenderDaemon] INFO  server.GrpcLogAppender (GrpcLogAppender.java:installSnapshot(549)) - omNode-1@group-523986131536->omNode-2-GrpcLogAppender: send omNode-1->omNode-2#0-t6,notify:(t:5, i:59)
2022-10-18 06:30:59,479 [omNode-2-server-thread1] INFO  server.RaftServer$Division (RaftServerImpl.java:checkInconsistentAppendEntries(1402)) - omNode-2@group-523986131536: Failed appendEntries as snapshot (59) installation is in progress
2022-10-18 06:30:59,479 [omNode-2-server-thread1] INFO  server.RaftServer$Division (RaftServerImpl.java:checkInconsistentAppendEntries(1394)) - omNode-2@group-523986131536: inconsistency entries. Reply:omNode-1<-omNode-2#215:FAIL-t6,INCONSISTENCY,nextIndex=57,followerCommit=56
2022-10-18 06:30:59,479 [grpc-default-executor-2] INFO  impl.SnapshotInstallationHandler (SnapshotInstallationHandler.java:installSnapshot(84)) - omNode-2@group-523986131536: receive installSnapshot: omNode-1->omNode-2#0-t6,notify:(t:5, i:59)
2022-10-18 06:30:59,479 [grpc-default-executor-2] INFO  impl.SnapshotInstallationHandler (SnapshotInstallationHandler.java:installSnapshot(95)) - omNode-2@group-523986131536: reply installSnapshot: omNode-1<-omNode-2#0:FAIL-t6,IN_PROGRESS
2022-10-18 06:30:59,479 [grpc-default-executor-2] INFO  server.GrpcServerProtocolService (GrpcServerProtocolService.java:onCompleted(140)) - omNode-2: Completed INSTALL_SNAPSHOT, lastRequest: omNode-1->omNode-2#0-t6,notify:(t:5, i:59)
2022-10-18 06:30:59,480 [grpc-default-executor-0] INFO  leader.FollowerInfo (FollowerInfoImpl.java:lambda$new$0(48)) - omNode-1@group-523986131536->omNode-2: nextIndex: updateUnconditionally 57 -> 57
2022-10-18 06:30:59,480 [grpc-default-executor-0] INFO  server.GrpcLogAppender (GrpcLogAppender.java:onNext(403)) - omNode-1@group-523986131536->omNode-2-InstallSnapshotResponseHandler: received a reply omNode-1<-omNode-2#0:FAIL-t6,IN_PROGRESS
2022-10-18 06:30:59,480 [grpc-default-executor-0] INFO  server.GrpcLogAppender (GrpcLogAppender.java:onNext(421)) - omNode-1@group-523986131536->omNode-2-InstallSnapshotResponseHandler: InstallSnapshot in progress.
2022-10-18 06:30:59,480 [omNode-1@group-523986131536->omNode-2-GrpcLogAppender-LogAppenderDaemon] INFO  server.GrpcLogAppender (GrpcLogAppender.java:installSnapshot(541)) - omNode-1@group-523986131536->omNode-2-GrpcLogAppender: followerNextIndex = 57 but logStartIndex = 59, notify follower to install snapshot-(t:5, i:59)
2022-10-18 06:30:59,480 [omNode-1@group-523986131536->omNode-2-GrpcLogAppender-LogAppenderDaemon] INFO  server.GrpcLogAppender (GrpcLogAppender.java:installSnapshot(549)) - omNode-1@group-523986131536->omNode-2-GrpcLogAppender: send omNode-1->omNode-2#0-t6,notify:(t:5, i:59)
2022-10-18 06:30:59,481 [omNode-2-server-thread1] INFO  server.RaftServer$Division (RaftServerImpl.java:checkInconsistentAppendEntries(1402)) - omNode-2@group-523986131536: Failed appendEntries as snapshot (59) installation is in progress
2022-10-18 06:30:59,481 [omNode-2-server-thread1] INFO  server.RaftServer$Division (RaftServerImpl.java:checkInconsistentAppendEntries(1394)) - omNode-2@group-523986131536: inconsistency entries. Reply:omNode-1<-omNode-2#216:FAIL-t6,INCONSISTENCY,nextIndex=57,followerCommit=56
2022-10-18 06:30:59,482 [grpc-default-executor-0] INFO  impl.SnapshotInstallationHandler (SnapshotInstallationHandler.java:installSnapshot(84)) - omNode-2@group-523986131536: receive installSnapshot: omNode-1->omNode-2#0-t6,notify:(t:5, i:59)
2022-10-18 06:30:59,482 [grpc-default-executor-0] INFO  impl.SnapshotInstallationHandler (SnapshotInstallationHandler.java:installSnapshot(95)) - omNode-2@group-523986131536: reply installSnapshot: omNode-1<-omNode-2#0:FAIL-t6,IN_PROGRESS
2022-10-18 06:30:59,482 [grpc-default-executor-0] INFO  server.GrpcServerProtocolService (GrpcServerProtocolService.java:onCompleted(140)) - omNode-2: Completed INSTALL_SNAPSHOT, lastRequest: omNode-1->omNode-2#0-t6,notify:(t:5, i:59)
2022-10-18 06:30:59,482 [grpc-default-executor-2] INFO  leader.FollowerInfo (FollowerInfoImpl.java:lambda$new$0(48)) - omNode-1@group-523986131536->omNode-2: nextIndex: updateUnconditionally 57 -> 57
2022-10-18 06:30:59,482 [grpc-default-executor-0] INFO  server.GrpcLogAppender (GrpcLogAppender.java:onNext(403)) - omNode-1@group-523986131536->omNode-2-InstallSnapshotResponseHandler: received a reply omNode-1<-omNode-2#0:FAIL-t6,IN_PROGRESS
2022-10-18 06:30:59,483 [grpc-default-executor-0] INFO  server.GrpcLogAppender (GrpcLogAppender.java:onNext(421)) - omNode-1@group-523986131536->omNode-2-InstallSnapshotResponseHandler: InstallSnapshot in progress.
2022-10-18 06:30:59,483 [omNode-1@group-523986131536->omNode-2-GrpcLogAppender-LogAppenderDaemon] INFO  server.GrpcLogAppender (GrpcLogAppender.java:installSnapshot(541)) - omNode-1@group-523986131536->omNode-2-GrpcLogAppender: followerNextIndex = 57 but logStartIndex = 59, notify follower to install snapshot-(t:5, i:59)
2022-10-18 06:30:59,483 [omNode-1@group-523986131536->omNode-2-GrpcLogAppender-LogAppenderDaemon] INFO  server.GrpcLogAppender (GrpcLogAppender.java:installSnapshot(549)) - omNode-1@group-523986131536->omNode-2-GrpcLogAppender: send omNode-1->omNode-2#0-t6,notify:(t:5, i:59)
2022-10-18 06:30:59,483 [omNode-2-server-thread1] INFO  server.RaftServer$Division (RaftServerImpl.java:checkInconsistentAppendEntries(1402)) - omNode-2@group-523986131536: Failed appendEntries as snapshot (59) installation is in progress
2022-10-18 06:30:59,483 [omNode-2-server-thread1] INFO  server.RaftServer$Division (RaftServerImpl.java:checkInconsistentAppendEntries(1394)) - omNode-2@group-523986131536: inconsistency entries. Reply:omNode-1<-omNode-2#217:FAIL-t6,INCONSISTENCY,nextIndex=57,followerCommit=56
2022-10-18 06:30:59,484 [grpc-default-executor-2] INFO  leader.FollowerInfo (FollowerInfoImpl.java:lambda$new$0(48)) - omNode-1@group-523986131536->omNode-2: nextIndex: updateUnconditionally 57 -> 57
2022-10-18 06:30:59,484 [grpc-default-executor-0] INFO  impl.SnapshotInstallationHandler (SnapshotInstallationHandler.java:installSnapshot(84)) - omNode-2@group-523986131536: receive installSnapshot: omNode-1->omNode-2#0-t6,notify:(t:5, i:59)
2022-10-18 06:30:59,484 [grpc-default-executor-0] INFO  impl.SnapshotInstallationHandler (SnapshotInstallationHandler.java:installSnapshot(95)) - omNode-2@group-523986131536: reply installSnapshot: omNode-1<-omNode-2#0:FAIL-t6,IN_PROGRESS
2022-10-18 06:30:59,484 [grpc-default-executor-0] INFO  server.GrpcServerProtocolService (GrpcServerProtocolService.java:onCompleted(140)) - omNode-2: Completed INSTALL_SNAPSHOT, lastRequest: omNode-1->omNode-2#0-t6,notify:(t:5, i:59)
2022-10-18 06:30:59,485 [grpc-default-executor-0] INFO  server.GrpcLogAppender (GrpcLogAppender.java:onNext(403)) - omNode-1@group-523986131536->omNode-2-InstallSnapshotResponseHandler: received a reply omNode-1<-omNode-2#0:FAIL-t6,IN_PROGRESS
2022-10-18 06:30:59,485 [grpc-default-executor-0] INFO  server.GrpcLogAppender (GrpcLogAppender.java:onNext(421)) - omNode-1@group-523986131536->omNode-2-InstallSnapshotResponseHandler: InstallSnapshot in progress.
2022-10-18 06:30:59,485 [omNode-1@group-523986131536->omNode-2-GrpcLogAppender-LogAppenderDaemon] INFO  server.GrpcLogAppender (GrpcLogAppender.java:installSnapshot(541)) - omNode-1@group-523986131536->omNode-2-GrpcLogAppender: followerNextIndex = 57 but logStartIndex = 59, notify follower to install snapshot-(t:5, i:59)
2022-10-18 06:30:59,485 [omNode-1@group-523986131536->omNode-2-GrpcLogAppender-LogAppenderDaemon] INFO  server.GrpcLogAppender (GrpcLogAppender.java:installSnapshot(549)) - omNode-1@group-523986131536->omNode-2-GrpcLogAppender: send omNode-1->omNode-2#0-t6,notify:(t:5, i:59)
2022-10-18 06:30:59,485 [omNode-2-server-thread1] INFO  server.RaftServer$Division (RaftServerImpl.java:checkInconsistentAppendEntries(1402)) - omNode-2@group-523986131536: Failed appendEntries as snapshot (59) installation is in progress
2022-10-18 06:30:59,486 [omNode-2-server-thread1] INFO  server.RaftServer$Division (RaftServerImpl.java:checkInconsistentAppendEntries(1394)) - omNode-2@group-523986131536: inconsistency entries. Reply:omNode-1<-omNode-2#218:FAIL-t6,INCONSISTENCY,nextIndex=57,followerCommit=56
2022-10-18 06:30:59,486 [grpc-default-executor-2] INFO  leader.FollowerInfo (FollowerInfoImpl.java:lambda$new$0(48)) - omNode-1@group-523986131536->omNode-2: nextIndex: updateUnconditionally 57 -> 57
2022-10-18 06:30:59,486 [grpc-default-executor-0] INFO  impl.SnapshotInstallationHandler (SnapshotInstallationHandler.java:installSnapshot(84)) - omNode-2@group-523986131536: receive installSnapshot: omNode-1->omNode-2#0-t6,notify:(t:5, i:59)
2022-10-18 06:30:59,486 [grpc-default-executor-0] INFO  impl.SnapshotInstallationHandler (SnapshotInstallationHandler.java:installSnapshot(95)) - omNode-2@group-523986131536: reply installSnapshot: omNode-1<-omNode-2#0:FAIL-t6,IN_PROGRESS
2022-10-18 06:30:59,486 [grpc-default-executor-0] INFO  server.GrpcServerProtocolService (GrpcServerProtocolService.java:onCompleted(140)) - omNode-2: Completed INSTALL_SNAPSHOT, lastRequest: omNode-1->omNode-2#0-t6,notify:(t:5, i:59)
2022-10-18 06:30:59,487 [grpc-default-executor-0] INFO  server.GrpcLogAppender (GrpcLogAppender.java:onNext(403)) - omNode-1@group-523986131536->omNode-2-InstallSnapshotResponseHandler: received a reply omNode-1<-omNode-2#0:FAIL-t6,IN_PROGRESS
2022-10-18 06:30:59,487 [grpc-default-executor-0] INFO  server.GrpcLogAppender (GrpcLogAppender.java:onNext(421)) - omNode-1@group-523986131536->omNode-2-InstallSnapshotResponseHandler: InstallSnapshot in progress.
2022-10-18 06:30:59,487 [omNode-1@group-523986131536->omNode-2-GrpcLogAppender-LogAppenderDaemon] INFO  server.GrpcLogAppender (GrpcLogAppender.java:installSnapshot(541)) - omNode-1@group-523986131536->omNode-2-GrpcLogAppender: followerNextIndex = 57 but logStartIndex = 59, notify follower to install snapshot-(t:5, i:59)
2022-10-18 06:30:59,487 [omNode-1@group-523986131536->omNode-2-GrpcLogAppender-LogAppenderDaemon] INFO  server.GrpcLogAppender (GrpcLogAppender.java:installSnapshot(549)) - omNode-1@group-523986131536->omNode-2-GrpcLogAppender: send omNode-1->omNode-2#0-t6,notify:(t:5, i:59)
2022-10-18 06:30:59,488 [omNode-2-server-thread1] INFO  server.RaftServer$Division (RaftServerImpl.java:checkInconsistentAppendEntries(1402)) - omNode-2@group-523986131536: Failed appendEntries as snapshot (59) installation is in progress
2022-10-18 06:30:59,488 [omNode-2-server-thread1] INFO  server.RaftServer$Division (RaftServerImpl.java:checkInconsistentAppendEntries(1394)) - omNode-2@group-523986131536: inconsistency entries. Reply:omNode-1<-omNode-2#219:FAIL-t6,INCONSISTENCY,nextIndex=57,followerCommit=56
2022-10-18 06:30:59,488 [grpc-default-executor-2] INFO  leader.FollowerInfo (FollowerInfoImpl.java:lambda$new$0(48)) - omNode-1@group-523986131536->omNode-2: nextIndex: updateUnconditionally 57 -> 57
2022-10-18 06:30:59,488 [grpc-default-executor-0] INFO  impl.SnapshotInstallationHandler (SnapshotInstallationHandler.java:installSnapshot(84)) - omNode-2@group-523986131536: receive installSnapshot: omNode-1->omNode-2#0-t6,notify:(t:5, i:59)
2022-10-18 06:30:59,488 [grpc-default-executor-0] INFO  impl.SnapshotInstallationHandler (SnapshotInstallationHandler.java:installSnapshot(95)) - omNode-2@group-523986131536: reply installSnapshot: omNode-1<-omNode-2#0:FAIL-t6,IN_PROGRESS
2022-10-18 06:30:59,489 [grpc-default-executor-0] INFO  server.GrpcServerProtocolService (GrpcServerProtocolService.java:onCompleted(140)) - omNode-2: Completed INSTALL_SNAPSHOT, lastRequest: omNode-1->omNode-2#0-t6,notify:(t:5, i:59)
2022-10-18 06:30:59,489 [grpc-default-executor-0] INFO  server.GrpcLogAppender (GrpcLogAppender.java:onNext(403)) - omNode-1@group-523986131536->omNode-2-InstallSnapshotResponseHandler: received a reply omNode-1<-omNode-2#0:FAIL-t6,IN_PROGRESS
2022-10-18 06:30:59,489 [grpc-default-executor-0] INFO  server.GrpcLogAppender (GrpcLogAppender.java:onNext(421)) - omNode-1@group-523986131536->omNode-2-InstallSnapshotResponseHandler: InstallSnapshot in progress.
2022-10-18 06:30:59,489 [omNode-1@group-523986131536->omNode-2-GrpcLogAppender-LogAppenderDaemon] INFO  server.GrpcLogAppender (GrpcLogAppender.java:installSnapshot(541)) - omNode-1@group-523986131536->omNode-2-GrpcLogAppender: followerNextIndex = 57 but logStartIndex = 59, notify follower to install snapshot-(t:5, i:59)
2022-10-18 06:30:59,489 [omNode-1@group-523986131536->omNode-2-GrpcLogAppender-LogAppenderDaemon] INFO  server.GrpcLogAppender (GrpcLogAppender.java:installSnapshot(549)) - omNode-1@group-523986131536->omNode-2-GrpcLogAppender: send omNode-1->omNode-2#0-t6,notify:(t:5, i:59)
2022-10-18 06:30:59,490 [omNode-2-server-thread1] INFO  server.RaftServer$Division (RaftServerImpl.java:checkInconsistentAppendEntries(1402)) - omNode-2@group-523986131536: Failed appendEntries as snapshot (59) installation is in progress
2022-10-18 06:30:59,490 [omNode-2-server-thread1] INFO  server.RaftServer$Division (RaftServerImpl.java:checkInconsistentAppendEntries(1394)) - omNode-2@group-523986131536: inconsistency entries. Reply:omNode-1<-omNode-2#220:FAIL-t6,INCONSISTENCY,nextIndex=57,followerCommit=56
2022-10-18 06:30:59,490 [grpc-default-executor-0] INFO  impl.SnapshotInstallationHandler (SnapshotInstallationHandler.java:installSnapshot(84)) - omNode-2@group-523986131536: receive installSnapshot: omNode-1->omNode-2#0-t6,notify:(t:5, i:59)
2022-10-18 06:30:59,491 [grpc-default-executor-0] INFO  impl.SnapshotInstallationHandler (SnapshotInstallationHandler.java:installSnapshot(95)) - omNode-2@group-523986131536: reply installSnapshot: omNode-1<-omNode-2#0:FAIL-t6,IN_PROGRESS
2022-10-18 06:30:59,491 [grpc-default-executor-0] INFO  server.GrpcServerProtocolService (GrpcServerProtocolService.java:onCompleted(140)) - omNode-2: Completed INSTALL_SNAPSHOT, lastRequest: omNode-1->omNode-2#0-t6,notify:(t:5, i:59)
2022-10-18 06:30:59,491 [grpc-default-executor-2] INFO  leader.FollowerInfo (FollowerInfoImpl.java:lambda$new$0(48)) - omNode-1@group-523986131536->omNode-2: nextIndex: updateUnconditionally 57 -> 57
2022-10-18 06:30:59,491 [grpc-default-executor-0] INFO  server.GrpcLogAppender (GrpcLogAppender.java:onNext(403)) - omNode-1@group-523986131536->omNode-2-InstallSnapshotResponseHandler: received a reply omNode-1<-omNode-2#0:FAIL-t6,IN_PROGRESS
2022-10-18 06:30:59,492 [grpc-default-executor-0] INFO  server.GrpcLogAppender (GrpcLogAppender.java:onNext(421)) - omNode-1@group-523986131536->omNode-2-InstallSnapshotResponseHandler: InstallSnapshot in progress.
2022-10-18 06:30:59,492 [omNode-1@group-523986131536->omNode-2-GrpcLogAppender-LogAppenderDaemon] INFO  server.GrpcLogAppender (GrpcLogAppender.java:installSnapshot(541)) - omNode-1@group-523986131536->omNode-2-GrpcLogAppender: followerNextIndex = 57 but logStartIndex = 59, notify follower to install snapshot-(t:5, i:59)
2022-10-18 06:30:59,492 [omNode-1@group-523986131536->omNode-2-GrpcLogAppender-LogAppenderDaemon] INFO  server.GrpcLogAppender (GrpcLogAppender.java:installSnapshot(549)) - omNode-1@group-523986131536->omNode-2-GrpcLogAppender: send omNode-1->omNode-2#0-t6,notify:(t:5, i:59)
2022-10-18 06:30:59,492 [omNode-2-server-thread1] INFO  server.RaftServer$Division (RaftServerImpl.java:checkInconsistentAppendEntries(1402)) - omNode-2@group-523986131536: Failed appendEntries as snapshot (59) installation is in progress
2022-10-18 06:30:59,493 [omNode-2-server-thread1] INFO  server.RaftServer$Division (RaftServerImpl.java:checkInconsistentAppendEntries(1394)) - omNode-2@group-523986131536: inconsistency entries. Reply:omNode-1<-omNode-2#221:FAIL-t6,INCONSISTENCY,nextIndex=57,followerCommit=56
2022-10-18 06:30:59,493 [grpc-default-executor-0] INFO  impl.SnapshotInstallationHandler (SnapshotInstallationHandler.java:installSnapshot(84)) - omNode-2@group-523986131536: receive installSnapshot: omNode-1->omNode-2#0-t6,notify:(t:5, i:59)
2022-10-18 06:30:59,493 [grpc-default-executor-0] INFO  impl.SnapshotInstallationHandler (SnapshotInstallationHandler.java:installSnapshot(95)) - omNode-2@group-523986131536: reply installSnapshot: omNode-1<-omNode-2#0:FAIL-t6,IN_PROGRESS
2022-10-18 06:30:59,493 [grpc-default-executor-0] INFO  server.GrpcServerProtocolService (GrpcServerProtocolService.java:onCompleted(140)) - omNode-2: Completed INSTALL_SNAPSHOT, lastRequest: omNode-1->omNode-2#0-t6,notify:(t:5, i:59)
2022-10-18 06:30:59,494 [grpc-default-executor-2] INFO  leader.FollowerInfo (FollowerInfoImpl.java:lambda$new$0(48)) - omNode-1@group-523986131536->omNode-2: nextIndex: updateUnconditionally 57 -> 57
2022-10-18 06:30:59,494 [grpc-default-executor-0] INFO  server.GrpcLogAppender (GrpcLogAppender.java:onNext(403)) - omNode-1@group-523986131536->omNode-2-InstallSnapshotResponseHandler: received a reply omNode-1<-omNode-2#0:FAIL-t6,IN_PROGRESS
2022-10-18 06:30:59,494 [grpc-default-executor-0] INFO  server.GrpcLogAppender (GrpcLogAppender.java:onNext(421)) - omNode-1@group-523986131536->omNode-2-InstallSnapshotResponseHandler: InstallSnapshot in progress.
2022-10-18 06:30:59,494 [omNode-1@group-523986131536->omNode-2-GrpcLogAppender-LogAppenderDaemon] INFO  server.GrpcLogAppender (GrpcLogAppender.java:installSnapshot(541)) - omNode-1@group-523986131536->omNode-2-GrpcLogAppender: followerNextIndex = 57 but logStartIndex = 59, notify follower to install snapshot-(t:5, i:59)
2022-10-18 06:30:59,494 [omNode-1@group-523986131536->omNode-2-GrpcLogAppender-LogAppenderDaemon] INFO  server.GrpcLogAppender (GrpcLogAppender.java:installSnapshot(549)) - omNode-1@group-523986131536->omNode-2-GrpcLogAppender: send omNode-1->omNode-2#0-t6,notify:(t:5, i:59)
2022-10-18 06:30:59,495 [omNode-2-server-thread1] INFO  server.RaftServer$Division (RaftServerImpl.java:checkInconsistentAppendEntries(1402)) - omNode-2@group-523986131536: Failed appendEntries as snapshot (59) installation is in progress
2022-10-18 06:30:59,495 [omNode-2-server-thread1] INFO  server.RaftServer$Division (RaftServerImpl.java:checkInconsistentAppendEntries(1394)) - omNode-2@group-523986131536: inconsistency entries. Reply:omNode-1<-omNode-2#222:FAIL-t6,INCONSISTENCY,nextIndex=57,followerCommit=56
2022-10-18 06:30:59,495 [grpc-default-executor-0] INFO  impl.SnapshotInstallationHandler (SnapshotInstallationHandler.java:installSnapshot(84)) - omNode-2@group-523986131536: receive installSnapshot: omNode-1->omNode-2#0-t6,notify:(t:5, i:59)
2022-10-18 06:30:59,495 [grpc-default-executor-0] INFO  impl.SnapshotInstallationHandler (SnapshotInstallationHandler.java:installSnapshot(95)) - omNode-2@group-523986131536: reply installSnapshot: omNode-1<-omNode-2#0:FAIL-t6,IN_PROGRESS
2022-10-18 06:30:59,495 [grpc-default-executor-0] INFO  server.GrpcServerProtocolService (GrpcServerProtocolService.java:onCompleted(140)) - omNode-2: Completed INSTALL_SNAPSHOT, lastRequest: omNode-1->omNode-2#0-t6,notify:(t:5, i:59)
2022-10-18 06:30:59,496 [grpc-default-executor-2] INFO  leader.FollowerInfo (FollowerInfoImpl.java:lambda$new$0(48)) - omNode-1@group-523986131536->omNode-2: nextIndex: updateUnconditionally 57 -> 57
2022-10-18 06:30:59,496 [grpc-default-executor-0] INFO  server.GrpcLogAppender (GrpcLogAppender.java:onNext(403)) - omNode-1@group-523986131536->omNode-2-InstallSnapshotResponseHandler: received a reply omNode-1<-omNode-2#0:FAIL-t6,IN_PROGRESS
2022-10-18 06:30:59,496 [grpc-default-executor-0] INFO  server.GrpcLogAppender (GrpcLogAppender.java:onNext(421)) - omNode-1@group-523986131536->omNode-2-InstallSnapshotResponseHandler: InstallSnapshot in progress.
2022-10-18 06:30:59,496 [omNode-1@group-523986131536->omNode-2-GrpcLogAppender-LogAppenderDaemon] INFO  server.GrpcLogAppender (GrpcLogAppender.java:installSnapshot(541)) - omNode-1@group-523986131536->omNode-2-GrpcLogAppender: followerNextIndex = 57 but logStartIndex = 59, notify follower to install snapshot-(t:5, i:59)
2022-10-18 06:30:59,496 [omNode-1@group-523986131536->omNode-2-GrpcLogAppender-LogAppenderDaemon] INFO  server.GrpcLogAppender (GrpcLogAppender.java:installSnapshot(549)) - omNode-1@group-523986131536->omNode-2-GrpcLogAppender: send omNode-1->omNode-2#0-t6,notify:(t:5, i:59)
2022-10-18 06:30:59,497 [omNode-2-server-thread1] INFO  server.RaftServer$Division (RaftServerImpl.java:checkInconsistentAppendEntries(1402)) - omNode-2@group-523986131536: Failed appendEntries as snapshot (59) installation is in progress
2022-10-18 06:30:59,497 [omNode-2-server-thread1] INFO  server.RaftServer$Division (RaftServerImpl.java:checkInconsistentAppendEntries(1394)) - omNode-2@group-523986131536: inconsistency entries. Reply:omNode-1<-omNode-2#223:FAIL-t6,INCONSISTENCY,nextIndex=57,followerCommit=56
2022-10-18 06:30:59,497 [grpc-default-executor-2] INFO  impl.SnapshotInstallationHandler (SnapshotInstallationHandler.java:installSnapshot(84)) - omNode-2@group-523986131536: receive installSnapshot: omNode-1->omNode-2#0-t6,notify:(t:5, i:59)
2022-10-18 06:30:59,497 [grpc-default-executor-2] INFO  impl.SnapshotInstallationHandler (SnapshotInstallationHandler.java:installSnapshot(95)) - omNode-2@group-523986131536: reply installSnapshot: omNode-1<-omNode-2#0:FAIL-t6,IN_PROGRESS
2022-10-18 06:30:59,497 [grpc-default-executor-2] INFO  server.GrpcServerProtocolService (GrpcServerProtocolService.java:onCompleted(140)) - omNode-2: Completed INSTALL_SNAPSHOT, lastRequest: omNode-1->omNode-2#0-t6,notify:(t:5, i:59)
2022-10-18 06:30:59,498 [grpc-default-executor-0] WARN  server.GrpcLogAppender (LogUtils.java:warn(122)) - omNode-1@group-523986131536->omNode-3-AppendLogResponseHandler: Failed appendEntries: org.apache.ratis.thirdparty.io.grpc.StatusRuntimeException: UNAVAILABLE: io exception
2022-10-18 06:30:59,498 [grpc-default-executor-0] WARN  server.GrpcLogAppender (GrpcLogAppender.java:resetClient(111)) - omNode-1@group-523986131536->omNode-3-GrpcLogAppender: Leader has not got in touch with Follower omNode-1@group-523986131536->omNode-3(c-1,m0,n146, attendVote=true, lastRpcSendTime=1, lastRpcResponseTime=1965) yet, just keep nextIndex unchanged and retry.
2022-10-18 06:30:59,499 [grpc-default-executor-2] INFO  leader.FollowerInfo (FollowerInfoImpl.java:lambda$new$0(48)) - omNode-1@group-523986131536->omNode-2: nextIndex: updateUnconditionally 57 -> 57
2022-10-18 06:30:59,500 [grpc-default-executor-0] INFO  server.GrpcLogAppender (GrpcLogAppender.java:onNext(403)) - omNode-1@group-523986131536->omNode-2-InstallSnapshotResponseHandler: received a reply omNode-1<-omNode-2#0:FAIL-t6,IN_PROGRESS
2022-10-18 06:30:59,500 [grpc-default-executor-0] INFO  server.GrpcLogAppender (GrpcLogAppender.java:onNext(421)) - omNode-1@group-523986131536->omNode-2-InstallSnapshotResponseHandler: InstallSnapshot in progress.
2022-10-18 06:30:59,500 [omNode-1@group-523986131536->omNode-2-GrpcLogAppender-LogAppenderDaemon] INFO  server.GrpcLogAppender (GrpcLogAppender.java:installSnapshot(541)) - omNode-1@group-523986131536->omNode-2-GrpcLogAppender: followerNextIndex = 57 but logStartIndex = 59, notify follower to install snapshot-(t:5, i:59)
2022-10-18 06:30:59,500 [omNode-1@group-523986131536->omNode-2-GrpcLogAppender-LogAppenderDaemon] INFO  server.GrpcLogAppender (GrpcLogAppender.java:installSnapshot(549)) - omNode-1@group-523986131536->omNode-2-GrpcLogAppender: send omNode-1->omNode-2#0-t6,notify:(t:5, i:59)
2022-10-18 06:30:59,501 [omNode-2-server-thread1] INFO  server.RaftServer$Division (RaftServerImpl.java:checkInconsistentAppendEntries(1402)) - omNode-2@group-523986131536: Failed appendEntries as snapshot (59) installation is in progress
2022-10-18 06:30:59,501 [omNode-2-server-thread1] INFO  server.RaftServer$Division (RaftServerImpl.java:checkInconsistentAppendEntries(1394)) - omNode-2@group-523986131536: inconsistency entries. Reply:omNode-1<-omNode-2#224:FAIL-t6,INCONSISTENCY,nextIndex=57,followerCommit=56
2022-10-18 06:30:59,501 [grpc-default-executor-0] INFO  impl.SnapshotInstallationHandler (SnapshotInstallationHandler.java:installSnapshot(84)) - omNode-2@group-523986131536: receive installSnapshot: omNode-1->omNode-2#0-t6,notify:(t:5, i:59)
2022-10-18 06:30:59,501 [grpc-default-executor-0] INFO  impl.SnapshotInstallationHandler (SnapshotInstallationHandler.java:installSnapshot(95)) - omNode-2@group-523986131536: reply installSnapshot: omNode-1<-omNode-2#0:FAIL-t6,IN_PROGRESS
2022-10-18 06:30:59,502 [grpc-default-executor-0] INFO  server.GrpcServerProtocolService (GrpcServerProtocolService.java:onCompleted(140)) - omNode-2: Completed INSTALL_SNAPSHOT, lastRequest: omNode-1->omNode-2#0-t6,notify:(t:5, i:59)
2022-10-18 06:30:59,502 [grpc-default-executor-2] INFO  leader.FollowerInfo (FollowerInfoImpl.java:lambda$new$0(48)) - omNode-1@group-523986131536->omNode-2: nextIndex: updateUnconditionally 57 -> 57
2022-10-18 06:30:59,502 [grpc-default-executor-2] INFO  server.GrpcLogAppender (GrpcLogAppender.java:onNext(403)) - omNode-1@group-523986131536->omNode-2-InstallSnapshotResponseHandler: received a reply omNode-1<-omNode-2#0:FAIL-t6,IN_PROGRESS
2022-10-18 06:30:59,502 [grpc-default-executor-2] INFO  server.GrpcLogAppender (GrpcLogAppender.java:onNext(421)) - omNode-1@group-523986131536->omNode-2-InstallSnapshotResponseHandler: InstallSnapshot in progress.
2022-10-18 06:30:59,502 [omNode-1@group-523986131536->omNode-2-GrpcLogAppender-LogAppenderDaemon] INFO  server.GrpcLogAppender (GrpcLogAppender.java:installSnapshot(541)) - omNode-1@group-523986131536->omNode-2-GrpcLogAppender: followerNextIndex = 57 but logStartIndex = 59, notify follower to install snapshot-(t:5, i:59)
2022-10-18 06:30:59,502 [omNode-1@group-523986131536->omNode-2-GrpcLogAppender-LogAppenderDaemon] INFO  server.GrpcLogAppender (GrpcLogAppender.java:installSnapshot(549)) - omNode-1@group-523986131536->omNode-2-GrpcLogAppender: send omNode-1->omNode-2#0-t6,notify:(t:5, i:59)
2022-10-18 06:30:59,503 [omNode-2-server-thread1] INFO  server.RaftServer$Division (RaftServerImpl.java:checkInconsistentAppendEntries(1402)) - omNode-2@group-523986131536: Failed appendEntries as snapshot (59) installation is in progress
2022-10-18 06:30:59,503 [omNode-2-server-thread1] INFO  server.RaftServer$Division (RaftServerImpl.java:checkInconsistentAppendEntries(1394)) - omNode-2@group-523986131536: inconsistency entries. Reply:omNode-1<-omNode-2#225:FAIL-t6,INCONSISTENCY,nextIndex=57,followerCommit=56
2022-10-18 06:30:59,503 [grpc-default-executor-2] INFO  impl.SnapshotInstallationHandler (SnapshotInstallationHandler.java:installSnapshot(84)) - omNode-2@group-523986131536: receive installSnapshot: omNode-1->omNode-2#0-t6,notify:(t:5, i:59)
2022-10-18 06:30:59,504 [grpc-default-executor-2] INFO  impl.SnapshotInstallationHandler (SnapshotInstallationHandler.java:installSnapshot(95)) - omNode-2@group-523986131536: reply installSnapshot: omNode-1<-omNode-2#0:FAIL-t6,IN_PROGRESS
2022-10-18 06:30:59,504 [grpc-default-executor-2] INFO  server.GrpcServerProtocolService (GrpcServerProtocolService.java:onCompleted(140)) - omNode-2: Completed INSTALL_SNAPSHOT, lastRequest: omNode-1->omNode-2#0-t6,notify:(t:5, i:59)
2022-10-18 06:30:59,504 [grpc-default-executor-2] INFO  leader.FollowerInfo (FollowerInfoImpl.java:lambda$new$0(48)) - omNode-1@group-523986131536->omNode-2: nextIndex: updateUnconditionally 57 -> 57
2022-10-18 06:30:59,504 [grpc-default-executor-2] INFO  server.GrpcLogAppender (GrpcLogAppender.java:onNext(403)) - omNode-1@group-523986131536->omNode-2-InstallSnapshotResponseHandler: received a reply omNode-1<-omNode-2#0:FAIL-t6,IN_PROGRESS
2022-10-18 06:30:59,504 [grpc-default-executor-2] INFO  server.GrpcLogAppender (GrpcLogAppender.java:onNext(421)) - omNode-1@group-523986131536->omNode-2-InstallSnapshotResponseHandler: InstallSnapshot in progress.
2022-10-18 06:30:59,504 [omNode-1@group-523986131536->omNode-2-GrpcLogAppender-LogAppenderDaemon] INFO  server.GrpcLogAppender (GrpcLogAppender.java:installSnapshot(541)) - omNode-1@group-523986131536->omNode-2-GrpcLogAppender: followerNextIndex = 57 but logStartIndex = 59, notify follower to install snapshot-(t:5, i:59)
2022-10-18 06:30:59,505 [omNode-1@group-523986131536->omNode-2-GrpcLogAppender-LogAppenderDaemon] INFO  server.GrpcLogAppender (GrpcLogAppender.java:installSnapshot(549)) - omNode-1@group-523986131536->omNode-2-GrpcLogAppender: send omNode-1->omNode-2#0-t6,notify:(t:5, i:59)
2022-10-18 06:30:59,505 [omNode-2-server-thread1] INFO  server.RaftServer$Division (RaftServerImpl.java:checkInconsistentAppendEntries(1402)) - omNode-2@group-523986131536: Failed appendEntries as snapshot (59) installation is in progress
2022-10-18 06:30:59,505 [omNode-2-server-thread1] INFO  server.RaftServer$Division (RaftServerImpl.java:checkInconsistentAppendEntries(1394)) - omNode-2@group-523986131536: inconsistency entries. Reply:omNode-1<-omNode-2#226:FAIL-t6,INCONSISTENCY,nextIndex=57,followerCommit=56
2022-10-18 06:30:59,505 [grpc-default-executor-2] INFO  impl.SnapshotInstallationHandler (SnapshotInstallationHandler.java:installSnapshot(84)) - omNode-2@group-523986131536: receive installSnapshot: omNode-1->omNode-2#0-t6,notify:(t:5, i:59)
2022-10-18 06:30:59,506 [grpc-default-executor-2] INFO  impl.SnapshotInstallationHandler (SnapshotInstallationHandler.java:installSnapshot(95)) - omNode-2@group-523986131536: reply installSnapshot: omNode-1<-omNode-2#0:FAIL-t6,IN_PROGRESS
2022-10-18 06:30:59,506 [grpc-default-executor-2] INFO  server.GrpcServerProtocolService (GrpcServerProtocolService.java:onCompleted(140)) - omNode-2: Completed INSTALL_SNAPSHOT, lastRequest: omNode-1->omNode-2#0-t6,notify:(t:5, i:59)
2022-10-18 06:30:59,506 [grpc-default-executor-2] INFO  leader.FollowerInfo (FollowerInfoImpl.java:lambda$new$0(48)) - omNode-1@group-523986131536->omNode-2: nextIndex: updateUnconditionally 57 -> 57
2022-10-18 06:30:59,506 [grpc-default-executor-2] INFO  server.GrpcLogAppender (GrpcLogAppender.java:onNext(403)) - omNode-1@group-523986131536->omNode-2-InstallSnapshotResponseHandler: received a reply omNode-1<-omNode-2#0:FAIL-t6,IN_PROGRESS
2022-10-18 06:30:59,506 [grpc-default-executor-2] INFO  server.GrpcLogAppender (GrpcLogAppender.java:onNext(421)) - omNode-1@group-523986131536->omNode-2-InstallSnapshotResponseHandler: InstallSnapshot in progress.
2022-10-18 06:30:59,507 [omNode-1@group-523986131536->omNode-2-GrpcLogAppender-LogAppenderDaemon] INFO  server.GrpcLogAppender (GrpcLogAppender.java:installSnapshot(541)) - omNode-1@group-523986131536->omNode-2-GrpcLogAppender: followerNextIndex = 57 but logStartIndex = 59, notify follower to install snapshot-(t:5, i:59)
2022-10-18 06:30:59,507 [omNode-1@group-523986131536->omNode-2-GrpcLogAppender-LogAppenderDaemon] INFO  server.GrpcLogAppender (GrpcLogAppender.java:installSnapshot(549)) - omNode-1@group-523986131536->omNode-2-GrpcLogAppender: send omNode-1->omNode-2#0-t6,notify:(t:5, i:59)
2022-10-18 06:30:59,507 [grpc-default-executor-2] INFO  impl.SnapshotInstallationHandler (SnapshotInstallationHandler.java:installSnapshot(84)) - omNode-2@group-523986131536: receive installSnapshot: omNode-1->omNode-2#0-t6,notify:(t:5, i:59)
2022-10-18 06:30:59,508 [grpc-default-executor-2] INFO  impl.SnapshotInstallationHandler (SnapshotInstallationHandler.java:installSnapshot(95)) - omNode-2@group-523986131536: reply installSnapshot: omNode-1<-omNode-2#0:FAIL-t6,IN_PROGRESS
2022-10-18 06:30:59,508 [grpc-default-executor-2] INFO  server.GrpcServerProtocolService (GrpcServerProtocolService.java:onCompleted(140)) - omNode-2: Completed INSTALL_SNAPSHOT, lastRequest: omNode-1->omNode-2#0-t6,notify:(t:5, i:59)
2022-10-18 06:30:59,508 [omNode-2-server-thread1] INFO  server.RaftServer$Division (RaftServerImpl.java:checkInconsistentAppendEntries(1402)) - omNode-2@group-523986131536: Failed appendEntries as snapshot (59) installation is in progress
2022-10-18 06:30:59,508 [omNode-2-server-thread1] INFO  server.RaftServer$Division (RaftServerImpl.java:checkInconsistentAppendEntries(1394)) - omNode-2@group-523986131536: inconsistency entries. Reply:omNode-1<-omNode-2#227:FAIL-t6,INCONSISTENCY,nextIndex=57,followerCommit=56
2022-10-18 06:30:59,509 [grpc-default-executor-2] INFO  leader.FollowerInfo (FollowerInfoImpl.java:lambda$new$0(48)) - omNode-1@group-523986131536->omNode-2: nextIndex: updateUnconditionally 57 -> 57
2022-10-18 06:30:59,510 [grpc-default-executor-0] INFO  server.GrpcLogAppender (GrpcLogAppender.java:onNext(403)) - omNode-1@group-523986131536->omNode-2-InstallSnapshotResponseHandler: received a reply omNode-1<-omNode-2#0:FAIL-t6,IN_PROGRESS
2022-10-18 06:30:59,510 [grpc-default-executor-0] INFO  server.GrpcLogAppender (GrpcLogAppender.java:onNext(421)) - omNode-1@group-523986131536->omNode-2-InstallSnapshotResponseHandler: InstallSnapshot in progress.
2022-10-18 06:30:59,510 [omNode-1@group-523986131536->omNode-2-GrpcLogAppender-LogAppenderDaemon] INFO  server.GrpcLogAppender (GrpcLogAppender.java:installSnapshot(541)) - omNode-1@group-523986131536->omNode-2-GrpcLogAppender: followerNextIndex = 57 but logStartIndex = 59, notify follower to install snapshot-(t:5, i:59)
2022-10-18 06:30:59,510 [omNode-1@group-523986131536->omNode-2-GrpcLogAppender-LogAppenderDaemon] INFO  server.GrpcLogAppender (GrpcLogAppender.java:installSnapshot(549)) - omNode-1@group-523986131536->omNode-2-GrpcLogAppender: send omNode-1->omNode-2#0-t6,notify:(t:5, i:59)
2022-10-18 06:30:59,510 [omNode-2-server-thread1] INFO  server.RaftServer$Division (RaftServerImpl.java:checkInconsistentAppendEntries(1402)) - omNode-2@group-523986131536: Failed appendEntries as snapshot (59) installation is in progress
2022-10-18 06:30:59,511 [omNode-2-server-thread1] INFO  server.RaftServer$Division (RaftServerImpl.java:checkInconsistentAppendEntries(1394)) - omNode-2@group-523986131536: inconsistency entries. Reply:omNode-1<-omNode-2#228:FAIL-t6,INCONSISTENCY,nextIndex=57,followerCommit=56
2022-10-18 06:30:59,511 [grpc-default-executor-2] INFO  leader.FollowerInfo (FollowerInfoImpl.java:lambda$new$0(48)) - omNode-1@group-523986131536->omNode-2: nextIndex: updateUnconditionally 57 -> 57
2022-10-18 06:30:59,511 [grpc-default-executor-0] INFO  impl.SnapshotInstallationHandler (SnapshotInstallationHandler.java:installSnapshot(84)) - omNode-2@group-523986131536: receive installSnapshot: omNode-1->omNode-2#0-t6,notify:(t:5, i:59)
2022-10-18 06:30:59,511 [grpc-default-executor-0] INFO  impl.SnapshotInstallationHandler (SnapshotInstallationHandler.java:installSnapshot(95)) - omNode-2@group-523986131536: reply installSnapshot: omNode-1<-omNode-2#0:FAIL-t6,IN_PROGRESS
2022-10-18 06:30:59,511 [grpc-default-executor-0] INFO  server.GrpcServerProtocolService (GrpcServerProtocolService.java:onCompleted(140)) - omNode-2: Completed INSTALL_SNAPSHOT, lastRequest: omNode-1->omNode-2#0-t6,notify:(t:5, i:59)
2022-10-18 06:30:59,512 [grpc-default-executor-0] INFO  server.GrpcLogAppender (GrpcLogAppender.java:onNext(403)) - omNode-1@group-523986131536->omNode-2-InstallSnapshotResponseHandler: received a reply omNode-1<-omNode-2#0:FAIL-t6,IN_PROGRESS
2022-10-18 06:30:59,512 [grpc-default-executor-0] INFO  server.GrpcLogAppender (GrpcLogAppender.java:onNext(421)) - omNode-1@group-523986131536->omNode-2-InstallSnapshotResponseHandler: InstallSnapshot in progress.
2022-10-18 06:30:59,512 [omNode-1@group-523986131536->omNode-2-GrpcLogAppender-LogAppenderDaemon] INFO  server.GrpcLogAppender (GrpcLogAppender.java:installSnapshot(541)) - omNode-1@group-523986131536->omNode-2-GrpcLogAppender: followerNextIndex = 57 but logStartIndex = 59, notify follower to install snapshot-(t:5, i:59)
2022-10-18 06:30:59,512 [omNode-1@group-523986131536->omNode-2-GrpcLogAppender-LogAppenderDaemon] INFO  server.GrpcLogAppender (GrpcLogAppender.java:installSnapshot(549)) - omNode-1@group-523986131536->omNode-2-GrpcLogAppender: send omNode-1->omNode-2#0-t6,notify:(t:5, i:59)
2022-10-18 06:30:59,513 [omNode-2-server-thread1] INFO  server.RaftServer$Division (RaftServerImpl.java:checkInconsistentAppendEntries(1402)) - omNode-2@group-523986131536: Failed appendEntries as snapshot (59) installation is in progress
2022-10-18 06:30:59,513 [omNode-2-server-thread1] INFO  server.RaftServer$Division (RaftServerImpl.java:checkInconsistentAppendEntries(1394)) - omNode-2@group-523986131536: inconsistency entries. Reply:omNode-1<-omNode-2#229:FAIL-t6,INCONSISTENCY,nextIndex=57,followerCommit=56
2022-10-18 06:30:59,513 [grpc-default-executor-0] INFO  impl.SnapshotInstallationHandler (SnapshotInstallationHandler.java:installSnapshot(84)) - omNode-2@group-523986131536: receive installSnapshot: omNode-1->omNode-2#0-t6,notify:(t:5, i:59)
2022-10-18 06:30:59,513 [grpc-default-executor-0] INFO  impl.SnapshotInstallationHandler (SnapshotInstallationHandler.java:installSnapshot(95)) - omNode-2@group-523986131536: reply installSnapshot: omNode-1<-omNode-2#0:FAIL-t6,IN_PROGRESS
2022-10-18 06:30:59,514 [grpc-default-executor-0] INFO  server.GrpcServerProtocolService (GrpcServerProtocolService.java:onCompleted(140)) - omNode-2: Completed INSTALL_SNAPSHOT, lastRequest: omNode-1->omNode-2#0-t6,notify:(t:5, i:59)
2022-10-18 06:30:59,514 [grpc-default-executor-2] INFO  server.GrpcLogAppender (GrpcLogAppender.java:onNext(403)) - omNode-1@group-523986131536->omNode-2-InstallSnapshotResponseHandler: received a reply omNode-1<-omNode-2#0:FAIL-t6,IN_PROGRESS
2022-10-18 06:30:59,514 [grpc-default-executor-2] INFO  server.GrpcLogAppender (GrpcLogAppender.java:onNext(421)) - omNode-1@group-523986131536->omNode-2-InstallSnapshotResponseHandler: InstallSnapshot in progress.
2022-10-18 06:30:59,514 [omNode-1@group-523986131536->omNode-2-GrpcLogAppender-LogAppenderDaemon] INFO  server.GrpcLogAppender (GrpcLogAppender.java:installSnapshot(541)) - omNode-1@group-523986131536->omNode-2-GrpcLogAppender: followerNextIndex = 57 but logStartIndex = 59, notify follower to install snapshot-(t:5, i:59)
2022-10-18 06:30:59,514 [omNode-1@group-523986131536->omNode-2-GrpcLogAppender-LogAppenderDaemon] INFO  server.GrpcLogAppender (GrpcLogAppender.java:installSnapshot(549)) - omNode-1@group-523986131536->omNode-2-GrpcLogAppender: send omNode-1->omNode-2#0-t6,notify:(t:5, i:59)
2022-10-18 06:30:59,515 [omNode-2-server-thread1] INFO  server.RaftServer$Division (RaftServerImpl.java:checkInconsistentAppendEntries(1402)) - omNode-2@group-523986131536: Failed appendEntries as snapshot (59) installation is in progress
2022-10-18 06:30:59,515 [omNode-2-server-thread1] INFO  server.RaftServer$Division (RaftServerImpl.java:checkInconsistentAppendEntries(1394)) - omNode-2@group-523986131536: inconsistency entries. Reply:omNode-1<-omNode-2#230:FAIL-t6,INCONSISTENCY,nextIndex=57,followerCommit=56
2022-10-18 06:30:59,515 [grpc-default-executor-2] INFO  impl.SnapshotInstallationHandler (SnapshotInstallationHandler.java:installSnapshot(84)) - omNode-2@group-523986131536: receive installSnapshot: omNode-1->omNode-2#0-t6,notify:(t:5, i:59)
2022-10-18 06:30:59,515 [grpc-default-executor-2] INFO  impl.SnapshotInstallationHandler (SnapshotInstallationHandler.java:installSnapshot(95)) - omNode-2@group-523986131536: reply installSnapshot: omNode-1<-omNode-2#0:FAIL-t6,IN_PROGRESS
2022-10-18 06:30:59,516 [grpc-default-executor-2] INFO  server.GrpcServerProtocolService (GrpcServerProtocolService.java:onCompleted(140)) - omNode-2: Completed INSTALL_SNAPSHOT, lastRequest: omNode-1->omNode-2#0-t6,notify:(t:5, i:59)
2022-10-18 06:30:59,516 [grpc-default-executor-0] INFO  leader.FollowerInfo (FollowerInfoImpl.java:lambda$new$0(48)) - omNode-1@group-523986131536->omNode-2: nextIndex: updateUnconditionally 57 -> 57
2022-10-18 06:30:59,516 [grpc-default-executor-2] INFO  leader.FollowerInfo (FollowerInfoImpl.java:lambda$new$0(48)) - omNode-1@group-523986131536->omNode-2: nextIndex: updateUnconditionally 57 -> 57
2022-10-18 06:30:59,516 [grpc-default-executor-0] INFO  server.GrpcLogAppender (GrpcLogAppender.java:onNext(403)) - omNode-1@group-523986131536->omNode-2-InstallSnapshotResponseHandler: received a reply omNode-1<-omNode-2#0:FAIL-t6,IN_PROGRESS
2022-10-18 06:30:59,516 [grpc-default-executor-0] INFO  server.GrpcLogAppender (GrpcLogAppender.java:onNext(421)) - omNode-1@group-523986131536->omNode-2-InstallSnapshotResponseHandler: InstallSnapshot in progress.
2022-10-18 06:30:59,517 [omNode-1@group-523986131536->omNode-2-GrpcLogAppender-LogAppenderDaemon] INFO  server.GrpcLogAppender (GrpcLogAppender.java:installSnapshot(541)) - omNode-1@group-523986131536->omNode-2-GrpcLogAppender: followerNextIndex = 57 but logStartIndex = 59, notify follower to install snapshot-(t:5, i:59)
2022-10-18 06:30:59,517 [omNode-1@group-523986131536->omNode-2-GrpcLogAppender-LogAppenderDaemon] INFO  server.GrpcLogAppender (GrpcLogAppender.java:installSnapshot(549)) - omNode-1@group-523986131536->omNode-2-GrpcLogAppender: send omNode-1->omNode-2#0-t6,notify:(t:5, i:59)
2022-10-18 06:30:59,517 [omNode-2-server-thread1] INFO  server.RaftServer$Division (RaftServerImpl.java:checkInconsistentAppendEntries(1402)) - omNode-2@group-523986131536: Failed appendEntries as snapshot (59) installation is in progress
2022-10-18 06:30:59,517 [omNode-2-server-thread1] INFO  server.RaftServer$Division (RaftServerImpl.java:checkInconsistentAppendEntries(1394)) - omNode-2@group-523986131536: inconsistency entries. Reply:omNode-1<-omNode-2#231:FAIL-t6,INCONSISTENCY,nextIndex=57,followerCommit=56
2022-10-18 06:30:59,518 [grpc-default-executor-0] INFO  impl.SnapshotInstallationHandler (SnapshotInstallationHandler.java:installSnapshot(84)) - omNode-2@group-523986131536: receive installSnapshot: omNode-1->omNode-2#0-t6,notify:(t:5, i:59)
2022-10-18 06:30:59,518 [grpc-default-executor-0] INFO  impl.SnapshotInstallationHandler (SnapshotInstallationHandler.java:installSnapshot(95)) - omNode-2@group-523986131536: reply installSnapshot: omNode-1<-omNode-2#0:FAIL-t6,IN_PROGRESS
2022-10-18 06:30:59,518 [grpc-default-executor-0] INFO  server.GrpcServerProtocolService (GrpcServerProtocolService.java:onCompleted(140)) - omNode-2: Completed INSTALL_SNAPSHOT, lastRequest: omNode-1->omNode-2#0-t6,notify:(t:5, i:59)
2022-10-18 06:30:59,518 [grpc-default-executor-2] INFO  leader.FollowerInfo (FollowerInfoImpl.java:lambda$new$0(48)) - omNode-1@group-523986131536->omNode-2: nextIndex: updateUnconditionally 57 -> 57
2022-10-18 06:30:59,519 [grpc-default-executor-2] INFO  server.GrpcLogAppender (GrpcLogAppender.java:onNext(403)) - omNode-1@group-523986131536->omNode-2-InstallSnapshotResponseHandler: received a reply omNode-1<-omNode-2#0:FAIL-t6,IN_PROGRESS
2022-10-18 06:30:59,519 [grpc-default-executor-2] INFO  server.GrpcLogAppender (GrpcLogAppender.java:onNext(421)) - omNode-1@group-523986131536->omNode-2-InstallSnapshotResponseHandler: InstallSnapshot in progress.
2022-10-18 06:30:59,519 [omNode-1@group-523986131536->omNode-2-GrpcLogAppender-LogAppenderDaemon] INFO  server.GrpcLogAppender (GrpcLogAppender.java:installSnapshot(541)) - omNode-1@group-523986131536->omNode-2-GrpcLogAppender: followerNextIndex = 57 but logStartIndex = 59, notify follower to install snapshot-(t:5, i:59)
2022-10-18 06:30:59,519 [omNode-1@group-523986131536->omNode-2-GrpcLogAppender-LogAppenderDaemon] INFO  server.GrpcLogAppender (GrpcLogAppender.java:installSnapshot(549)) - omNode-1@group-523986131536->omNode-2-GrpcLogAppender: send omNode-1->omNode-2#0-t6,notify:(t:5, i:59)
2022-10-18 06:30:59,520 [grpc-default-executor-2] INFO  impl.SnapshotInstallationHandler (SnapshotInstallationHandler.java:installSnapshot(84)) - omNode-2@group-523986131536: receive installSnapshot: omNode-1->omNode-2#0-t6,notify:(t:5, i:59)
2022-10-18 06:30:59,520 [grpc-default-executor-2] INFO  impl.SnapshotInstallationHandler (SnapshotInstallationHandler.java:installSnapshot(95)) - omNode-2@group-523986131536: reply installSnapshot: omNode-1<-omNode-2#0:FAIL-t6,IN_PROGRESS
2022-10-18 06:30:59,520 [grpc-default-executor-2] INFO  server.GrpcServerProtocolService (GrpcServerProtocolService.java:onCompleted(140)) - omNode-2: Completed INSTALL_SNAPSHOT, lastRequest: omNode-1->omNode-2#0-t6,notify:(t:5, i:59)
2022-10-18 06:30:59,520 [omNode-2-server-thread1] INFO  server.RaftServer$Division (RaftServerImpl.java:checkInconsistentAppendEntries(1402)) - omNode-2@group-523986131536: Failed appendEntries as snapshot (59) installation is in progress
2022-10-18 06:30:59,520 [omNode-2-server-thread1] INFO  server.RaftServer$Division (RaftServerImpl.java:checkInconsistentAppendEntries(1394)) - omNode-2@group-523986131536: inconsistency entries. Reply:omNode-1<-omNode-2#232:FAIL-t6,INCONSISTENCY,nextIndex=57,followerCommit=56
2022-10-18 06:30:59,521 [grpc-default-executor-0] INFO  server.GrpcLogAppender (GrpcLogAppender.java:onNext(403)) - omNode-1@group-523986131536->omNode-2-InstallSnapshotResponseHandler: received a reply omNode-1<-omNode-2#0:FAIL-t6,IN_PROGRESS
2022-10-18 06:30:59,521 [grpc-default-executor-0] INFO  server.GrpcLogAppender (GrpcLogAppender.java:onNext(421)) - omNode-1@group-523986131536->omNode-2-InstallSnapshotResponseHandler: InstallSnapshot in progress.
2022-10-18 06:30:59,521 [omNode-1@group-523986131536->omNode-2-GrpcLogAppender-LogAppenderDaemon] INFO  server.GrpcLogAppender (GrpcLogAppender.java:installSnapshot(541)) - omNode-1@group-523986131536->omNode-2-GrpcLogAppender: followerNextIndex = 57 but logStartIndex = 59, notify follower to install snapshot-(t:5, i:59)
2022-10-18 06:30:59,521 [omNode-1@group-523986131536->omNode-2-GrpcLogAppender-LogAppenderDaemon] INFO  server.GrpcLogAppender (GrpcLogAppender.java:installSnapshot(549)) - omNode-1@group-523986131536->omNode-2-GrpcLogAppender: send omNode-1->omNode-2#0-t6,notify:(t:5, i:59)
2022-10-18 06:30:59,521 [grpc-default-executor-2] INFO  leader.FollowerInfo (FollowerInfoImpl.java:lambda$new$0(48)) - omNode-1@group-523986131536->omNode-2: nextIndex: updateUnconditionally 57 -> 57
2022-10-18 06:30:59,522 [grpc-default-executor-2] INFO  impl.SnapshotInstallationHandler (SnapshotInstallationHandler.java:installSnapshot(84)) - omNode-2@group-523986131536: receive installSnapshot: omNode-1->omNode-2#0-t6,notify:(t:5, i:59)
2022-10-18 06:30:59,522 [grpc-default-executor-2] INFO  impl.SnapshotInstallationHandler (SnapshotInstallationHandler.java:installSnapshot(95)) - omNode-2@group-523986131536: reply installSnapshot: omNode-1<-omNode-2#0:FAIL-t6,IN_PROGRESS
2022-10-18 06:30:59,522 [grpc-default-executor-2] INFO  server.GrpcServerProtocolService (GrpcServerProtocolService.java:onCompleted(140)) - omNode-2: Completed INSTALL_SNAPSHOT, lastRequest: omNode-1->omNode-2#0-t6,notify:(t:5, i:59)
2022-10-18 06:30:59,522 [omNode-2-server-thread1] INFO  server.RaftServer$Division (RaftServerImpl.java:checkInconsistentAppendEntries(1402)) - omNode-2@group-523986131536: Failed appendEntries as snapshot (59) installation is in progress
2022-10-18 06:30:59,523 [omNode-2-server-thread1] INFO  server.RaftServer$Division (RaftServerImpl.java:checkInconsistentAppendEntries(1394)) - omNode-2@group-523986131536: inconsistency entries. Reply:omNode-1<-omNode-2#233:FAIL-t6,INCONSISTENCY,nextIndex=57,followerCommit=56
2022-10-18 06:30:59,523 [grpc-default-executor-0] INFO  server.GrpcLogAppender (GrpcLogAppender.java:onNext(403)) - omNode-1@group-523986131536->omNode-2-InstallSnapshotResponseHandler: received a reply omNode-1<-omNode-2#0:FAIL-t6,IN_PROGRESS
2022-10-18 06:30:59,523 [grpc-default-executor-0] INFO  server.GrpcLogAppender (GrpcLogAppender.java:onNext(421)) - omNode-1@group-523986131536->omNode-2-InstallSnapshotResponseHandler: InstallSnapshot in progress.
2022-10-18 06:30:59,523 [omNode-1@group-523986131536->omNode-2-GrpcLogAppender-LogAppenderDaemon] INFO  server.GrpcLogAppender (GrpcLogAppender.java:installSnapshot(541)) - omNode-1@group-523986131536->omNode-2-GrpcLogAppender: followerNextIndex = 57 but logStartIndex = 59, notify follower to install snapshot-(t:5, i:59)
2022-10-18 06:30:59,523 [omNode-1@group-523986131536->omNode-2-GrpcLogAppender-LogAppenderDaemon] INFO  server.GrpcLogAppender (GrpcLogAppender.java:installSnapshot(549)) - omNode-1@group-523986131536->omNode-2-GrpcLogAppender: send omNode-1->omNode-2#0-t6,notify:(t:5, i:59)
2022-10-18 06:30:59,524 [grpc-default-executor-2] INFO  leader.FollowerInfo (FollowerInfoImpl.java:lambda$new$0(48)) - omNode-1@group-523986131536->omNode-2: nextIndex: updateUnconditionally 57 -> 57
2022-10-18 06:30:59,524 [grpc-default-executor-2] INFO  impl.SnapshotInstallationHandler (SnapshotInstallationHandler.java:installSnapshot(84)) - omNode-2@group-523986131536: receive installSnapshot: omNode-1->omNode-2#0-t6,notify:(t:5, i:59)
2022-10-18 06:30:59,524 [grpc-default-executor-2] INFO  impl.SnapshotInstallationHandler (SnapshotInstallationHandler.java:installSnapshot(95)) - omNode-2@group-523986131536: reply installSnapshot: omNode-1<-omNode-2#0:FAIL-t6,IN_PROGRESS
2022-10-18 06:30:59,524 [grpc-default-executor-2] INFO  server.GrpcServerProtocolService (GrpcServerProtocolService.java:onCompleted(140)) - omNode-2: Completed INSTALL_SNAPSHOT, lastRequest: omNode-1->omNode-2#0-t6,notify:(t:5, i:59)
2022-10-18 06:30:59,525 [omNode-2-server-thread1] INFO  server.RaftServer$Division (RaftServerImpl.java:checkInconsistentAppendEntries(1402)) - omNode-2@group-523986131536: Failed appendEntries as snapshot (59) installation is in progress
2022-10-18 06:30:59,525 [omNode-2-server-thread1] INFO  server.RaftServer$Division (RaftServerImpl.java:checkInconsistentAppendEntries(1394)) - omNode-2@group-523986131536: inconsistency entries. Reply:omNode-1<-omNode-2#234:FAIL-t6,INCONSISTENCY,nextIndex=57,followerCommit=56
2022-10-18 06:30:59,526 [grpc-default-executor-0] INFO  server.GrpcLogAppender (GrpcLogAppender.java:onNext(403)) - omNode-1@group-523986131536->omNode-2-InstallSnapshotResponseHandler: received a reply omNode-1<-omNode-2#0:FAIL-t6,IN_PROGRESS
2022-10-18 06:30:59,526 [grpc-default-executor-0] INFO  server.GrpcLogAppender (GrpcLogAppender.java:onNext(421)) - omNode-1@group-523986131536->omNode-2-InstallSnapshotResponseHandler: InstallSnapshot in progress.
2022-10-18 06:30:59,526 [omNode-1@group-523986131536->omNode-2-GrpcLogAppender-LogAppenderDaemon] INFO  server.GrpcLogAppender (GrpcLogAppender.java:installSnapshot(541)) - omNode-1@group-523986131536->omNode-2-GrpcLogAppender: followerNextIndex = 57 but logStartIndex = 59, notify follower to install snapshot-(t:5, i:59)
2022-10-18 06:30:59,526 [omNode-1@group-523986131536->omNode-2-GrpcLogAppender-LogAppenderDaemon] INFO  server.GrpcLogAppender (GrpcLogAppender.java:installSnapshot(549)) - omNode-1@group-523986131536->omNode-2-GrpcLogAppender: send omNode-1->omNode-2#0-t6,notify:(t:5, i:59)
2022-10-18 06:30:59,526 [grpc-default-executor-2] INFO  leader.FollowerInfo (FollowerInfoImpl.java:lambda$new$0(48)) - omNode-1@group-523986131536->omNode-2: nextIndex: updateUnconditionally 57 -> 57
2022-10-18 06:30:59,527 [grpc-default-executor-2] INFO  impl.SnapshotInstallationHandler (SnapshotInstallationHandler.java:installSnapshot(84)) - omNode-2@group-523986131536: receive installSnapshot: omNode-1->omNode-2#0-t6,notify:(t:5, i:59)
2022-10-18 06:30:59,527 [grpc-default-executor-2] INFO  impl.SnapshotInstallationHandler (SnapshotInstallationHandler.java:installSnapshot(95)) - omNode-2@group-523986131536: reply installSnapshot: omNode-1<-omNode-2#0:FAIL-t6,IN_PROGRESS
2022-10-18 06:30:59,527 [grpc-default-executor-2] INFO  server.GrpcServerProtocolService (GrpcServerProtocolService.java:onCompleted(140)) - omNode-2: Completed INSTALL_SNAPSHOT, lastRequest: omNode-1->omNode-2#0-t6,notify:(t:5, i:59)
2022-10-18 06:30:59,527 [omNode-2-server-thread1] INFO  server.RaftServer$Division (RaftServerImpl.java:checkInconsistentAppendEntries(1402)) - omNode-2@group-523986131536: Failed appendEntries as snapshot (59) installation is in progress
2022-10-18 06:30:59,528 [omNode-2-server-thread1] INFO  server.RaftServer$Division (RaftServerImpl.java:checkInconsistentAppendEntries(1394)) - omNode-2@group-523986131536: inconsistency entries. Reply:omNode-1<-omNode-2#235:FAIL-t6,INCONSISTENCY,nextIndex=57,followerCommit=56
2022-10-18 06:30:59,528 [grpc-default-executor-0] INFO  server.GrpcLogAppender (GrpcLogAppender.java:onNext(403)) - omNode-1@group-523986131536->omNode-2-InstallSnapshotResponseHandler: received a reply omNode-1<-omNode-2#0:FAIL-t6,IN_PROGRESS
2022-10-18 06:30:59,528 [grpc-default-executor-0] INFO  server.GrpcLogAppender (GrpcLogAppender.java:onNext(421)) - omNode-1@group-523986131536->omNode-2-InstallSnapshotResponseHandler: InstallSnapshot in progress.
2022-10-18 06:30:59,528 [omNode-1@group-523986131536->omNode-2-GrpcLogAppender-LogAppenderDaemon] INFO  server.GrpcLogAppender (GrpcLogAppender.java:installSnapshot(541)) - omNode-1@group-523986131536->omNode-2-GrpcLogAppender: followerNextIndex = 57 but logStartIndex = 59, notify follower to install snapshot-(t:5, i:59)
2022-10-18 06:30:59,528 [omNode-1@group-523986131536->omNode-2-GrpcLogAppender-LogAppenderDaemon] INFO  server.GrpcLogAppender (GrpcLogAppender.java:installSnapshot(549)) - omNode-1@group-523986131536->omNode-2-GrpcLogAppender: send omNode-1->omNode-2#0-t6,notify:(t:5, i:59)
2022-10-18 06:30:59,528 [grpc-default-executor-2] INFO  leader.FollowerInfo (FollowerInfoImpl.java:lambda$new$0(48)) - omNode-1@group-523986131536->omNode-2: nextIndex: updateUnconditionally 57 -> 57
2022-10-18 06:30:59,529 [grpc-default-executor-2] INFO  impl.SnapshotInstallationHandler (SnapshotInstallationHandler.java:installSnapshot(84)) - omNode-2@group-523986131536: receive installSnapshot: omNode-1->omNode-2#0-t6,notify:(t:5, i:59)
2022-10-18 06:30:59,529 [grpc-default-executor-2] INFO  impl.SnapshotInstallationHandler (SnapshotInstallationHandler.java:installSnapshot(95)) - omNode-2@group-523986131536: reply installSnapshot: omNode-1<-omNode-2#0:FAIL-t6,IN_PROGRESS
2022-10-18 06:30:59,529 [grpc-default-executor-2] INFO  server.GrpcServerProtocolService (GrpcServerProtocolService.java:onCompleted(140)) - omNode-2: Completed INSTALL_SNAPSHOT, lastRequest: omNode-1->omNode-2#0-t6,notify:(t:5, i:59)
2022-10-18 06:30:59,530 [omNode-2-server-thread1] INFO  server.RaftServer$Division (RaftServerImpl.java:checkInconsistentAppendEntries(1402)) - omNode-2@group-523986131536: Failed appendEntries as snapshot (59) installation is in progress
2022-10-18 06:30:59,530 [omNode-2-server-thread1] INFO  server.RaftServer$Division (RaftServerImpl.java:checkInconsistentAppendEntries(1394)) - omNode-2@group-523986131536: inconsistency entries. Reply:omNode-1<-omNode-2#236:FAIL-t6,INCONSISTENCY,nextIndex=57,followerCommit=56
2022-10-18 06:30:59,530 [grpc-default-executor-0] INFO  server.GrpcLogAppender (GrpcLogAppender.java:onNext(403)) - omNode-1@group-523986131536->omNode-2-InstallSnapshotResponseHandler: received a reply omNode-1<-omNode-2#0:FAIL-t6,IN_PROGRESS
2022-10-18 06:30:59,530 [grpc-default-executor-0] INFO  server.GrpcLogAppender (GrpcLogAppender.java:onNext(421)) - omNode-1@group-523986131536->omNode-2-InstallSnapshotResponseHandler: InstallSnapshot in progress.
2022-10-18 06:30:59,530 [omNode-1@group-523986131536->omNode-2-GrpcLogAppender-LogAppenderDaemon] INFO  server.GrpcLogAppender (GrpcLogAppender.java:installSnapshot(541)) - omNode-1@group-523986131536->omNode-2-GrpcLogAppender: followerNextIndex = 57 but logStartIndex = 59, notify follower to install snapshot-(t:5, i:59)
2022-10-18 06:30:59,530 [omNode-1@group-523986131536->omNode-2-GrpcLogAppender-LogAppenderDaemon] INFO  server.GrpcLogAppender (GrpcLogAppender.java:installSnapshot(549)) - omNode-1@group-523986131536->omNode-2-GrpcLogAppender: send omNode-1->omNode-2#0-t6,notify:(t:5, i:59)
2022-10-18 06:30:59,530 [grpc-default-executor-2] INFO  leader.FollowerInfo (FollowerInfoImpl.java:lambda$new$0(48)) - omNode-1@group-523986131536->omNode-2: nextIndex: updateUnconditionally 57 -> 57
2022-10-18 06:30:59,531 [grpc-default-executor-2] INFO  impl.SnapshotInstallationHandler (SnapshotInstallationHandler.java:installSnapshot(84)) - omNode-2@group-523986131536: receive installSnapshot: omNode-1->omNode-2#0-t6,notify:(t:5, i:59)
2022-10-18 06:30:59,531 [grpc-default-executor-2] INFO  impl.SnapshotInstallationHandler (SnapshotInstallationHandler.java:installSnapshot(95)) - omNode-2@group-523986131536: reply installSnapshot: omNode-1<-omNode-2#0:FAIL-t6,IN_PROGRESS
2022-10-18 06:30:59,531 [grpc-default-executor-2] INFO  server.GrpcServerProtocolService (GrpcServerProtocolService.java:onCompleted(140)) - omNode-2: Completed INSTALL_SNAPSHOT, lastRequest: omNode-1->omNode-2#0-t6,notify:(t:5, i:59)
2022-10-18 06:30:59,532 [omNode-2-server-thread1] INFO  server.RaftServer$Division (RaftServerImpl.java:checkInconsistentAppendEntries(1402)) - omNode-2@group-523986131536: Failed appendEntries as snapshot (59) installation is in progress
2022-10-18 06:30:59,532 [omNode-2-server-thread1] INFO  server.RaftServer$Division (RaftServerImpl.java:checkInconsistentAppendEntries(1394)) - omNode-2@group-523986131536: inconsistency entries. Reply:omNode-1<-omNode-2#237:FAIL-t6,INCONSISTENCY,nextIndex=57,followerCommit=56
2022-10-18 06:30:59,532 [grpc-default-executor-0] INFO  server.GrpcLogAppender (GrpcLogAppender.java:onNext(403)) - omNode-1@group-523986131536->omNode-2-InstallSnapshotResponseHandler: received a reply omNode-1<-omNode-2#0:FAIL-t6,IN_PROGRESS
2022-10-18 06:30:59,532 [grpc-default-executor-0] INFO  server.GrpcLogAppender (GrpcLogAppender.java:onNext(421)) - omNode-1@group-523986131536->omNode-2-InstallSnapshotResponseHandler: InstallSnapshot in progress.
2022-10-18 06:30:59,532 [omNode-1@group-523986131536->omNode-2-GrpcLogAppender-LogAppenderDaemon] INFO  server.GrpcLogAppender (GrpcLogAppender.java:installSnapshot(541)) - omNode-1@group-523986131536->omNode-2-GrpcLogAppender: followerNextIndex = 57 but logStartIndex = 59, notify follower to install snapshot-(t:5, i:59)
2022-10-18 06:30:59,532 [omNode-1@group-523986131536->omNode-2-GrpcLogAppender-LogAppenderDaemon] INFO  server.GrpcLogAppender (GrpcLogAppender.java:installSnapshot(549)) - omNode-1@group-523986131536->omNode-2-GrpcLogAppender: send omNode-1->omNode-2#0-t6,notify:(t:5, i:59)
2022-10-18 06:30:59,537 [grpc-default-executor-2] INFO  leader.FollowerInfo (FollowerInfoImpl.java:lambda$new$0(48)) - omNode-1@group-523986131536->omNode-2: nextIndex: updateUnconditionally 57 -> 57
2022-10-18 06:30:59,538 [omNode-2-server-thread1] INFO  server.RaftServer$Division (RaftServerImpl.java:checkInconsistentAppendEntries(1402)) - omNode-2@group-523986131536: Failed appendEntries as snapshot (59) installation is in progress
2022-10-18 06:30:59,538 [omNode-2-server-thread1] INFO  server.RaftServer$Division (RaftServerImpl.java:checkInconsistentAppendEntries(1394)) - omNode-2@group-523986131536: inconsistency entries. Reply:omNode-1<-omNode-2#238:FAIL-t6,INCONSISTENCY,nextIndex=57,followerCommit=56
2022-10-18 06:30:59,538 [grpc-default-executor-2] INFO  leader.FollowerInfo (FollowerInfoImpl.java:lambda$new$0(48)) - omNode-1@group-523986131536->omNode-2: nextIndex: updateUnconditionally 57 -> 57
2022-10-18 06:30:59,538 [grpc-default-executor-1] INFO  impl.SnapshotInstallationHandler (SnapshotInstallationHandler.java:installSnapshot(84)) - omNode-2@group-523986131536: receive installSnapshot: omNode-1->omNode-2#0-t6,notify:(t:5, i:59)
2022-10-18 06:30:59,539 [grpc-default-executor-1] INFO  impl.SnapshotInstallationHandler (SnapshotInstallationHandler.java:installSnapshot(95)) - omNode-2@group-523986131536: reply installSnapshot: omNode-1<-omNode-2#0:FAIL-t6,IN_PROGRESS
2022-10-18 06:30:59,539 [grpc-default-executor-1] INFO  server.GrpcServerProtocolService (GrpcServerProtocolService.java:onCompleted(140)) - omNode-2: Completed INSTALL_SNAPSHOT, lastRequest: omNode-1->omNode-2#0-t6,notify:(t:5, i:59)
2022-10-18 06:30:59,541 [grpc-default-executor-1] INFO  server.GrpcLogAppender (GrpcLogAppender.java:onNext(403)) - omNode-1@group-523986131536->omNode-2-InstallSnapshotResponseHandler: received a reply omNode-1<-omNode-2#0:FAIL-t6,IN_PROGRESS
2022-10-18 06:30:59,541 [grpc-default-executor-1] INFO  server.GrpcLogAppender (GrpcLogAppender.java:onNext(421)) - omNode-1@group-523986131536->omNode-2-InstallSnapshotResponseHandler: InstallSnapshot in progress.
2022-10-18 06:30:59,541 [omNode-1@group-523986131536->omNode-2-GrpcLogAppender-LogAppenderDaemon] INFO  server.GrpcLogAppender (GrpcLogAppender.java:installSnapshot(541)) - omNode-1@group-523986131536->omNode-2-GrpcLogAppender: followerNextIndex = 57 but logStartIndex = 59, notify follower to install snapshot-(t:5, i:59)
2022-10-18 06:30:59,541 [omNode-1@group-523986131536->omNode-2-GrpcLogAppender-LogAppenderDaemon] INFO  server.GrpcLogAppender (GrpcLogAppender.java:installSnapshot(549)) - omNode-1@group-523986131536->omNode-2-GrpcLogAppender: send omNode-1->omNode-2#0-t6,notify:(t:5, i:59)
2022-10-18 06:30:59,542 [omNode-2-server-thread1] INFO  server.RaftServer$Division (RaftServerImpl.java:checkInconsistentAppendEntries(1402)) - omNode-2@group-523986131536: Failed appendEntries as snapshot (59) installation is in progress
2022-10-18 06:30:59,542 [omNode-2-server-thread1] INFO  server.RaftServer$Division (RaftServerImpl.java:checkInconsistentAppendEntries(1394)) - omNode-2@group-523986131536: inconsistency entries. Reply:omNode-1<-omNode-2#239:FAIL-t6,INCONSISTENCY,nextIndex=57,followerCommit=56
2022-10-18 06:30:59,542 [grpc-default-executor-1] INFO  impl.SnapshotInstallationHandler (SnapshotInstallationHandler.java:installSnapshot(84)) - omNode-2@group-523986131536: receive installSnapshot: omNode-1->omNode-2#0-t6,notify:(t:5, i:59)
2022-10-18 06:30:59,542 [grpc-default-executor-1] INFO  impl.SnapshotInstallationHandler (SnapshotInstallationHandler.java:installSnapshot(95)) - omNode-2@group-523986131536: reply installSnapshot: omNode-1<-omNode-2#0:FAIL-t6,IN_PROGRESS
2022-10-18 06:30:59,542 [grpc-default-executor-1] INFO  server.GrpcServerProtocolService (GrpcServerProtocolService.java:onCompleted(140)) - omNode-2: Completed INSTALL_SNAPSHOT, lastRequest: omNode-1->omNode-2#0-t6,notify:(t:5, i:59)
2022-10-18 06:30:59,543 [grpc-default-executor-2] INFO  server.GrpcLogAppender (GrpcLogAppender.java:onNext(403)) - omNode-1@group-523986131536->omNode-2-InstallSnapshotResponseHandler: received a reply omNode-1<-omNode-2#0:FAIL-t6,IN_PROGRESS
2022-10-18 06:30:59,543 [grpc-default-executor-2] INFO  server.GrpcLogAppender (GrpcLogAppender.java:onNext(421)) - omNode-1@group-523986131536->omNode-2-InstallSnapshotResponseHandler: InstallSnapshot in progress.
2022-10-18 06:30:59,543 [omNode-1@group-523986131536->omNode-2-GrpcLogAppender-LogAppenderDaemon] INFO  server.GrpcLogAppender (GrpcLogAppender.java:installSnapshot(541)) - omNode-1@group-523986131536->omNode-2-GrpcLogAppender: followerNextIndex = 57 but logStartIndex = 59, notify follower to install snapshot-(t:5, i:59)
2022-10-18 06:30:59,543 [omNode-1@group-523986131536->omNode-2-GrpcLogAppender-LogAppenderDaemon] INFO  server.GrpcLogAppender (GrpcLogAppender.java:installSnapshot(549)) - omNode-1@group-523986131536->omNode-2-GrpcLogAppender: send omNode-1->omNode-2#0-t6,notify:(t:5, i:59)
2022-10-18 06:30:59,544 [omNode-2-server-thread1] INFO  server.RaftServer$Division (RaftServerImpl.java:checkInconsistentAppendEntries(1402)) - omNode-2@group-523986131536: Failed appendEntries as snapshot (59) installation is in progress
2022-10-18 06:30:59,544 [omNode-2-server-thread1] INFO  server.RaftServer$Division (RaftServerImpl.java:checkInconsistentAppendEntries(1394)) - omNode-2@group-523986131536: inconsistency entries. Reply:omNode-1<-omNode-2#240:FAIL-t6,INCONSISTENCY,nextIndex=57,followerCommit=56
2022-10-18 06:30:59,544 [grpc-default-executor-1] INFO  impl.SnapshotInstallationHandler (SnapshotInstallationHandler.java:installSnapshot(84)) - omNode-2@group-523986131536: receive installSnapshot: omNode-1->omNode-2#0-t6,notify:(t:5, i:59)
2022-10-18 06:30:59,544 [grpc-default-executor-1] INFO  impl.SnapshotInstallationHandler (SnapshotInstallationHandler.java:installSnapshot(95)) - omNode-2@group-523986131536: reply installSnapshot: omNode-1<-omNode-2#0:FAIL-t6,IN_PROGRESS
2022-10-18 06:30:59,544 [grpc-default-executor-1] INFO  server.GrpcServerProtocolService (GrpcServerProtocolService.java:onCompleted(140)) - omNode-2: Completed INSTALL_SNAPSHOT, lastRequest: omNode-1->omNode-2#0-t6,notify:(t:5, i:59)
2022-10-18 06:30:59,545 [grpc-default-executor-2] INFO  server.GrpcLogAppender (GrpcLogAppender.java:onNext(403)) - omNode-1@group-523986131536->omNode-2-InstallSnapshotResponseHandler: received a reply omNode-1<-omNode-2#0:FAIL-t6,IN_PROGRESS
2022-10-18 06:30:59,545 [grpc-default-executor-2] INFO  server.GrpcLogAppender (GrpcLogAppender.java:onNext(421)) - omNode-1@group-523986131536->omNode-2-InstallSnapshotResponseHandler: InstallSnapshot in progress.
2022-10-18 06:30:59,545 [omNode-1@group-523986131536->omNode-2-GrpcLogAppender-LogAppenderDaemon] INFO  server.GrpcLogAppender (GrpcLogAppender.java:installSnapshot(541)) - omNode-1@group-523986131536->omNode-2-GrpcLogAppender: followerNextIndex = 57 but logStartIndex = 59, notify follower to install snapshot-(t:5, i:59)
2022-10-18 06:30:59,545 [omNode-1@group-523986131536->omNode-2-GrpcLogAppender-LogAppenderDaemon] INFO  server.GrpcLogAppender (GrpcLogAppender.java:installSnapshot(549)) - omNode-1@group-523986131536->omNode-2-GrpcLogAppender: send omNode-1->omNode-2#0-t6,notify:(t:5, i:59)
2022-10-18 06:30:59,546 [omNode-2-server-thread1] INFO  server.RaftServer$Division (RaftServerImpl.java:checkInconsistentAppendEntries(1402)) - omNode-2@group-523986131536: Failed appendEntries as snapshot (59) installation is in progress
2022-10-18 06:30:59,546 [omNode-2-server-thread1] INFO  server.RaftServer$Division (RaftServerImpl.java:checkInconsistentAppendEntries(1394)) - omNode-2@group-523986131536: inconsistency entries. Reply:omNode-1<-omNode-2#241:FAIL-t6,INCONSISTENCY,nextIndex=57,followerCommit=56
2022-10-18 06:30:59,546 [grpc-default-executor-1] INFO  impl.SnapshotInstallationHandler (SnapshotInstallationHandler.java:installSnapshot(84)) - omNode-2@group-523986131536: receive installSnapshot: omNode-1->omNode-2#0-t6,notify:(t:5, i:59)
2022-10-18 06:30:59,546 [grpc-default-executor-1] INFO  impl.SnapshotInstallationHandler (SnapshotInstallationHandler.java:installSnapshot(95)) - omNode-2@group-523986131536: reply installSnapshot: omNode-1<-omNode-2#0:FAIL-t6,IN_PROGRESS
2022-10-18 06:30:59,557 [grpc-default-executor-1] INFO  server.GrpcServerProtocolService (GrpcServerProtocolService.java:onCompleted(140)) - omNode-2: Completed INSTALL_SNAPSHOT, lastRequest: omNode-1->omNode-2#0-t6,notify:(t:5, i:59)
2022-10-18 06:30:59,549 [grpc-default-executor-0] INFO  leader.FollowerInfo (FollowerInfoImpl.java:lambda$new$0(48)) - omNode-1@group-523986131536->omNode-2: nextIndex: updateUnconditionally 57 -> 57
2022-10-18 06:30:59,559 [grpc-default-executor-0] INFO  server.GrpcLogAppender (GrpcLogAppender.java:onNext(403)) - omNode-1@group-523986131536->omNode-2-InstallSnapshotResponseHandler: received a reply omNode-1<-omNode-2#0:FAIL-t6,IN_PROGRESS
2022-10-18 06:30:59,559 [grpc-default-executor-0] INFO  server.GrpcLogAppender (GrpcLogAppender.java:onNext(421)) - omNode-1@group-523986131536->omNode-2-InstallSnapshotResponseHandler: InstallSnapshot in progress.
2022-10-18 06:30:59,559 [grpc-default-executor-1] INFO  leader.FollowerInfo (FollowerInfoImpl.java:lambda$new$0(48)) - omNode-1@group-523986131536->omNode-2: nextIndex: updateUnconditionally 57 -> 57
2022-10-18 06:30:59,559 [omNode-1@group-523986131536->omNode-2-GrpcLogAppender-LogAppenderDaemon] INFO  server.GrpcLogAppender (GrpcLogAppender.java:installSnapshot(541)) - omNode-1@group-523986131536->omNode-2-GrpcLogAppender: followerNextIndex = 57 but logStartIndex = 59, notify follower to install snapshot-(t:5, i:59)
2022-10-18 06:30:59,559 [omNode-1@group-523986131536->omNode-2-GrpcLogAppender-LogAppenderDaemon] INFO  server.GrpcLogAppender (GrpcLogAppender.java:installSnapshot(549)) - omNode-1@group-523986131536->omNode-2-GrpcLogAppender: send omNode-1->omNode-2#0-t6,notify:(t:5, i:59)
2022-10-18 06:30:59,560 [grpc-default-executor-0] INFO  leader.FollowerInfo (FollowerInfoImpl.java:lambda$new$0(48)) - omNode-1@group-523986131536->omNode-2: nextIndex: updateUnconditionally 57 -> 57
2022-10-18 06:30:59,564 [grpc-default-executor-0] INFO  impl.SnapshotInstallationHandler (SnapshotInstallationHandler.java:installSnapshot(84)) - omNode-2@group-523986131536: receive installSnapshot: omNode-1->omNode-2#0-t6,notify:(t:5, i:59)
2022-10-18 06:30:59,564 [grpc-default-executor-0] INFO  impl.SnapshotInstallationHandler (SnapshotInstallationHandler.java:installSnapshot(95)) - omNode-2@group-523986131536: reply installSnapshot: omNode-1<-omNode-2#0:FAIL-t6,IN_PROGRESS
2022-10-18 06:30:59,564 [grpc-default-executor-0] INFO  server.GrpcServerProtocolService (GrpcServerProtocolService.java:onCompleted(140)) - omNode-2: Completed INSTALL_SNAPSHOT, lastRequest: omNode-1->omNode-2#0-t6,notify:(t:5, i:59)
2022-10-18 06:30:59,564 [grpc-default-executor-0] INFO  server.GrpcLogAppender (GrpcLogAppender.java:onNext(403)) - omNode-1@group-523986131536->omNode-2-InstallSnapshotResponseHandler: received a reply omNode-1<-omNode-2#0:FAIL-t6,IN_PROGRESS
2022-10-18 06:30:59,564 [grpc-default-executor-0] INFO  server.GrpcLogAppender (GrpcLogAppender.java:onNext(421)) - omNode-1@group-523986131536->omNode-2-InstallSnapshotResponseHandler: InstallSnapshot in progress.
2022-10-18 06:30:59,564 [omNode-2-server-thread1] INFO  server.RaftServer$Division (RaftServerImpl.java:checkInconsistentAppendEntries(1402)) - omNode-2@group-523986131536: Failed appendEntries as snapshot (59) installation is in progress
2022-10-18 06:30:59,564 [omNode-2-server-thread1] INFO  server.RaftServer$Division (RaftServerImpl.java:checkInconsistentAppendEntries(1394)) - omNode-2@group-523986131536: inconsistency entries. Reply:omNode-1<-omNode-2#242:FAIL-t6,INCONSISTENCY,nextIndex=57,followerCommit=56
2022-10-18 06:30:59,564 [omNode-1@group-523986131536->omNode-2-GrpcLogAppender-LogAppenderDaemon] INFO  server.GrpcLogAppender (GrpcLogAppender.java:installSnapshot(541)) - omNode-1@group-523986131536->omNode-2-GrpcLogAppender: followerNextIndex = 57 but logStartIndex = 59, notify follower to install snapshot-(t:5, i:59)
2022-10-18 06:30:59,565 [omNode-1@group-523986131536->omNode-2-GrpcLogAppender-LogAppenderDaemon] INFO  server.GrpcLogAppender (GrpcLogAppender.java:installSnapshot(549)) - omNode-1@group-523986131536->omNode-2-GrpcLogAppender: send omNode-1->omNode-2#0-t6,notify:(t:5, i:59)
2022-10-18 06:30:59,565 [omNode-2-server-thread1] INFO  server.RaftServer$Division (RaftServerImpl.java:checkInconsistentAppendEntries(1402)) - omNode-2@group-523986131536: Failed appendEntries as snapshot (59) installation is in progress
2022-10-18 06:30:59,565 [omNode-2-server-thread1] INFO  server.RaftServer$Division (RaftServerImpl.java:checkInconsistentAppendEntries(1394)) - omNode-2@group-523986131536: inconsistency entries. Reply:omNode-1<-omNode-2#243:FAIL-t6,INCONSISTENCY,nextIndex=57,followerCommit=56
2022-10-18 06:30:59,565 [grpc-default-executor-0] INFO  leader.FollowerInfo (FollowerInfoImpl.java:lambda$new$0(48)) - omNode-1@group-523986131536->omNode-2: nextIndex: updateUnconditionally 57 -> 57
2022-10-18 06:30:59,566 [grpc-default-executor-0] INFO  impl.SnapshotInstallationHandler (SnapshotInstallationHandler.java:installSnapshot(84)) - omNode-2@group-523986131536: receive installSnapshot: omNode-1->omNode-2#0-t6,notify:(t:5, i:59)
2022-10-18 06:30:59,566 [grpc-default-executor-1] INFO  leader.FollowerInfo (FollowerInfoImpl.java:lambda$new$0(48)) - omNode-1@group-523986131536->omNode-2: nextIndex: updateUnconditionally 57 -> 57
2022-10-18 06:30:59,566 [grpc-default-executor-0] INFO  impl.SnapshotInstallationHandler (SnapshotInstallationHandler.java:installSnapshot(95)) - omNode-2@group-523986131536: reply installSnapshot: omNode-1<-omNode-2#0:FAIL-t6,IN_PROGRESS
2022-10-18 06:30:59,566 [grpc-default-executor-0] INFO  server.GrpcServerProtocolService (GrpcServerProtocolService.java:onCompleted(140)) - omNode-2: Completed INSTALL_SNAPSHOT, lastRequest: omNode-1->omNode-2#0-t6,notify:(t:5, i:59)
2022-10-18 06:30:59,566 [grpc-default-executor-0] INFO  server.GrpcLogAppender (GrpcLogAppender.java:onNext(403)) - omNode-1@group-523986131536->omNode-2-InstallSnapshotResponseHandler: received a reply omNode-1<-omNode-2#0:FAIL-t6,IN_PROGRESS
2022-10-18 06:30:59,566 [grpc-default-executor-0] INFO  server.GrpcLogAppender (GrpcLogAppender.java:onNext(421)) - omNode-1@group-523986131536->omNode-2-InstallSnapshotResponseHandler: InstallSnapshot in progress.
2022-10-18 06:30:59,566 [omNode-1@group-523986131536->omNode-2-GrpcLogAppender-LogAppenderDaemon] INFO  server.GrpcLogAppender (GrpcLogAppender.java:installSnapshot(541)) - omNode-1@group-523986131536->omNode-2-GrpcLogAppender: followerNextIndex = 57 but logStartIndex = 59, notify follower to install snapshot-(t:5, i:59)
2022-10-18 06:30:59,567 [omNode-1@group-523986131536->omNode-2-GrpcLogAppender-LogAppenderDaemon] INFO  server.GrpcLogAppender (GrpcLogAppender.java:installSnapshot(549)) - omNode-1@group-523986131536->omNode-2-GrpcLogAppender: send omNode-1->omNode-2#0-t6,notify:(t:5, i:59)
2022-10-18 06:30:59,567 [omNode-2-server-thread1] INFO  server.RaftServer$Division (RaftServerImpl.java:checkInconsistentAppendEntries(1402)) - omNode-2@group-523986131536: Failed appendEntries as snapshot (59) installation is in progress
2022-10-18 06:30:59,567 [omNode-2-server-thread1] INFO  server.RaftServer$Division (RaftServerImpl.java:checkInconsistentAppendEntries(1394)) - omNode-2@group-523986131536: inconsistency entries. Reply:omNode-1<-omNode-2#244:FAIL-t6,INCONSISTENCY,nextIndex=57,followerCommit=56
2022-10-18 06:30:59,567 [grpc-default-executor-1] INFO  impl.SnapshotInstallationHandler (SnapshotInstallationHandler.java:installSnapshot(84)) - omNode-2@group-523986131536: receive installSnapshot: omNode-1->omNode-2#0-t6,notify:(t:5, i:59)
2022-10-18 06:30:59,567 [grpc-default-executor-1] INFO  impl.SnapshotInstallationHandler (SnapshotInstallationHandler.java:installSnapshot(95)) - omNode-2@group-523986131536: reply installSnapshot: omNode-1<-omNode-2#0:FAIL-t6,IN_PROGRESS
2022-10-18 06:30:59,568 [grpc-default-executor-1] INFO  server.GrpcServerProtocolService (GrpcServerProtocolService.java:onCompleted(140)) - omNode-2: Completed INSTALL_SNAPSHOT, lastRequest: omNode-1->omNode-2#0-t6,notify:(t:5, i:59)
2022-10-18 06:30:59,568 [grpc-default-executor-0] INFO  leader.FollowerInfo (FollowerInfoImpl.java:lambda$new$0(48)) - omNode-1@group-523986131536->omNode-2: nextIndex: updateUnconditionally 57 -> 57
2022-10-18 06:30:59,568 [grpc-default-executor-2] INFO  server.GrpcLogAppender (GrpcLogAppender.java:onNext(403)) - omNode-1@group-523986131536->omNode-2-InstallSnapshotResponseHandler: received a reply omNode-1<-omNode-2#0:FAIL-t6,IN_PROGRESS
2022-10-18 06:30:59,568 [grpc-default-executor-2] INFO  server.GrpcLogAppender (GrpcLogAppender.java:onNext(421)) - omNode-1@group-523986131536->omNode-2-InstallSnapshotResponseHandler: InstallSnapshot in progress.
2022-10-18 06:30:59,568 [omNode-1@group-523986131536->omNode-2-GrpcLogAppender-LogAppenderDaemon] INFO  server.GrpcLogAppender (GrpcLogAppender.java:installSnapshot(541)) - omNode-1@group-523986131536->omNode-2-GrpcLogAppender: followerNextIndex = 57 but logStartIndex = 59, notify follower to install snapshot-(t:5, i:59)
2022-10-18 06:30:59,568 [omNode-1@group-523986131536->omNode-2-GrpcLogAppender-LogAppenderDaemon] INFO  server.GrpcLogAppender (GrpcLogAppender.java:installSnapshot(549)) - omNode-1@group-523986131536->omNode-2-GrpcLogAppender: send omNode-1->omNode-2#0-t6,notify:(t:5, i:59)
2022-10-18 06:30:59,569 [omNode-2-server-thread1] INFO  server.RaftServer$Division (RaftServerImpl.java:checkInconsistentAppendEntries(1402)) - omNode-2@group-523986131536: Failed appendEntries as snapshot (59) installation is in progress
2022-10-18 06:30:59,569 [omNode-2-server-thread1] INFO  server.RaftServer$Division (RaftServerImpl.java:checkInconsistentAppendEntries(1394)) - omNode-2@group-523986131536: inconsistency entries. Reply:omNode-1<-omNode-2#245:FAIL-t6,INCONSISTENCY,nextIndex=57,followerCommit=56
2022-10-18 06:30:59,569 [grpc-default-executor-2] INFO  impl.SnapshotInstallationHandler (SnapshotInstallationHandler.java:installSnapshot(84)) - omNode-2@group-523986131536: receive installSnapshot: omNode-1->omNode-2#0-t6,notify:(t:5, i:59)
2022-10-18 06:30:59,569 [grpc-default-executor-1] INFO  leader.FollowerInfo (FollowerInfoImpl.java:lambda$new$0(48)) - omNode-1@group-523986131536->omNode-2: nextIndex: updateUnconditionally 57 -> 57
2022-10-18 06:30:59,569 [grpc-default-executor-2] INFO  impl.SnapshotInstallationHandler (SnapshotInstallationHandler.java:installSnapshot(95)) - omNode-2@group-523986131536: reply installSnapshot: omNode-1<-omNode-2#0:FAIL-t6,IN_PROGRESS
2022-10-18 06:30:59,569 [grpc-default-executor-2] INFO  server.GrpcServerProtocolService (GrpcServerProtocolService.java:onCompleted(140)) - omNode-2: Completed INSTALL_SNAPSHOT, lastRequest: omNode-1->omNode-2#0-t6,notify:(t:5, i:59)
2022-10-18 06:30:59,570 [grpc-default-executor-1] INFO  server.GrpcLogAppender (GrpcLogAppender.java:onNext(403)) - omNode-1@group-523986131536->omNode-2-InstallSnapshotResponseHandler: received a reply omNode-1<-omNode-2#0:FAIL-t6,IN_PROGRESS
2022-10-18 06:30:59,570 [grpc-default-executor-1] INFO  server.GrpcLogAppender (GrpcLogAppender.java:onNext(421)) - omNode-1@group-523986131536->omNode-2-InstallSnapshotResponseHandler: InstallSnapshot in progress.
2022-10-18 06:30:59,570 [omNode-1@group-523986131536->omNode-2-GrpcLogAppender-LogAppenderDaemon] INFO  server.GrpcLogAppender (GrpcLogAppender.java:installSnapshot(541)) - omNode-1@group-523986131536->omNode-2-GrpcLogAppender: followerNextIndex = 57 but logStartIndex = 59, notify follower to install snapshot-(t:5, i:59)
2022-10-18 06:30:59,570 [omNode-1@group-523986131536->omNode-2-GrpcLogAppender-LogAppenderDaemon] INFO  server.GrpcLogAppender (GrpcLogAppender.java:installSnapshot(549)) - omNode-1@group-523986131536->omNode-2-GrpcLogAppender: send omNode-1->omNode-2#0-t6,notify:(t:5, i:59)
2022-10-18 06:30:59,570 [omNode-2-server-thread1] INFO  server.RaftServer$Division (RaftServerImpl.java:checkInconsistentAppendEntries(1402)) - omNode-2@group-523986131536: Failed appendEntries as snapshot (59) installation is in progress
2022-10-18 06:30:59,571 [omNode-2-server-thread1] INFO  server.RaftServer$Division (RaftServerImpl.java:checkInconsistentAppendEntries(1394)) - omNode-2@group-523986131536: inconsistency entries. Reply:omNode-1<-omNode-2#246:FAIL-t6,INCONSISTENCY,nextIndex=57,followerCommit=56
2022-10-18 06:30:59,571 [grpc-default-executor-0] INFO  impl.SnapshotInstallationHandler (SnapshotInstallationHandler.java:installSnapshot(84)) - omNode-2@group-523986131536: receive installSnapshot: omNode-1->omNode-2#0-t6,notify:(t:5, i:59)
2022-10-18 06:30:59,571 [grpc-default-executor-1] INFO  leader.FollowerInfo (FollowerInfoImpl.java:lambda$new$0(48)) - omNode-1@group-523986131536->omNode-2: nextIndex: updateUnconditionally 57 -> 57
2022-10-18 06:30:59,571 [grpc-default-executor-0] INFO  impl.SnapshotInstallationHandler (SnapshotInstallationHandler.java:installSnapshot(95)) - omNode-2@group-523986131536: reply installSnapshot: omNode-1<-omNode-2#0:FAIL-t6,IN_PROGRESS
2022-10-18 06:30:59,571 [grpc-default-executor-0] INFO  server.GrpcServerProtocolService (GrpcServerProtocolService.java:onCompleted(140)) - omNode-2: Completed INSTALL_SNAPSHOT, lastRequest: omNode-1->omNode-2#0-t6,notify:(t:5, i:59)
2022-10-18 06:30:59,571 [grpc-default-executor-0] INFO  server.GrpcLogAppender (GrpcLogAppender.java:onNext(403)) - omNode-1@group-523986131536->omNode-2-InstallSnapshotResponseHandler: received a reply omNode-1<-omNode-2#0:FAIL-t6,IN_PROGRESS
2022-10-18 06:30:59,572 [grpc-default-executor-0] INFO  server.GrpcLogAppender (GrpcLogAppender.java:onNext(421)) - omNode-1@group-523986131536->omNode-2-InstallSnapshotResponseHandler: InstallSnapshot in progress.
2022-10-18 06:30:59,572 [omNode-1@group-523986131536->omNode-2-GrpcLogAppender-LogAppenderDaemon] INFO  server.GrpcLogAppender (GrpcLogAppender.java:installSnapshot(541)) - omNode-1@group-523986131536->omNode-2-GrpcLogAppender: followerNextIndex = 57 but logStartIndex = 59, notify follower to install snapshot-(t:5, i:59)
2022-10-18 06:30:59,572 [omNode-1@group-523986131536->omNode-2-GrpcLogAppender-LogAppenderDaemon] INFO  server.GrpcLogAppender (GrpcLogAppender.java:installSnapshot(549)) - omNode-1@group-523986131536->omNode-2-GrpcLogAppender: send omNode-1->omNode-2#0-t6,notify:(t:5, i:59)
2022-10-18 06:30:59,572 [omNode-2-server-thread1] INFO  server.RaftServer$Division (RaftServerImpl.java:checkInconsistentAppendEntries(1402)) - omNode-2@group-523986131536: Failed appendEntries as snapshot (59) installation is in progress
2022-10-18 06:30:59,572 [omNode-2-server-thread1] INFO  server.RaftServer$Division (RaftServerImpl.java:checkInconsistentAppendEntries(1394)) - omNode-2@group-523986131536: inconsistency entries. Reply:omNode-1<-omNode-2#247:FAIL-t6,INCONSISTENCY,nextIndex=57,followerCommit=56
2022-10-18 06:30:59,573 [grpc-default-executor-0] INFO  impl.SnapshotInstallationHandler (SnapshotInstallationHandler.java:installSnapshot(84)) - omNode-2@group-523986131536: receive installSnapshot: omNode-1->omNode-2#0-t6,notify:(t:5, i:59)
2022-10-18 06:30:59,573 [grpc-default-executor-1] INFO  leader.FollowerInfo (FollowerInfoImpl.java:lambda$new$0(48)) - omNode-1@group-523986131536->omNode-2: nextIndex: updateUnconditionally 57 -> 57
2022-10-18 06:30:59,573 [grpc-default-executor-0] INFO  impl.SnapshotInstallationHandler (SnapshotInstallationHandler.java:installSnapshot(95)) - omNode-2@group-523986131536: reply installSnapshot: omNode-1<-omNode-2#0:FAIL-t6,IN_PROGRESS
2022-10-18 06:30:59,573 [grpc-default-executor-0] INFO  server.GrpcServerProtocolService (GrpcServerProtocolService.java:onCompleted(140)) - omNode-2: Completed INSTALL_SNAPSHOT, lastRequest: omNode-1->omNode-2#0-t6,notify:(t:5, i:59)
2022-10-18 06:30:59,573 [grpc-default-executor-0] INFO  server.GrpcLogAppender (GrpcLogAppender.java:onNext(403)) - omNode-1@group-523986131536->omNode-2-InstallSnapshotResponseHandler: received a reply omNode-1<-omNode-2#0:FAIL-t6,IN_PROGRESS
2022-10-18 06:30:59,573 [grpc-default-executor-0] INFO  server.GrpcLogAppender (GrpcLogAppender.java:onNext(421)) - omNode-1@group-523986131536->omNode-2-InstallSnapshotResponseHandler: InstallSnapshot in progress.
2022-10-18 06:30:59,573 [omNode-1@group-523986131536->omNode-2-GrpcLogAppender-LogAppenderDaemon] INFO  server.GrpcLogAppender (GrpcLogAppender.java:installSnapshot(541)) - omNode-1@group-523986131536->omNode-2-GrpcLogAppender: followerNextIndex = 57 but logStartIndex = 59, notify follower to install snapshot-(t:5, i:59)
2022-10-18 06:30:59,573 [omNode-1@group-523986131536->omNode-2-GrpcLogAppender-LogAppenderDaemon] INFO  server.GrpcLogAppender (GrpcLogAppender.java:installSnapshot(549)) - omNode-1@group-523986131536->omNode-2-GrpcLogAppender: send omNode-1->omNode-2#0-t6,notify:(t:5, i:59)
2022-10-18 06:30:59,574 [omNode-2-server-thread1] INFO  server.RaftServer$Division (RaftServerImpl.java:checkInconsistentAppendEntries(1402)) - omNode-2@group-523986131536: Failed appendEntries as snapshot (59) installation is in progress
2022-10-18 06:30:59,574 [omNode-2-server-thread1] INFO  server.RaftServer$Division (RaftServerImpl.java:checkInconsistentAppendEntries(1394)) - omNode-2@group-523986131536: inconsistency entries. Reply:omNode-1<-omNode-2#248:FAIL-t6,INCONSISTENCY,nextIndex=57,followerCommit=56
2022-10-18 06:30:59,574 [grpc-default-executor-0] INFO  impl.SnapshotInstallationHandler (SnapshotInstallationHandler.java:installSnapshot(84)) - omNode-2@group-523986131536: receive installSnapshot: omNode-1->omNode-2#0-t6,notify:(t:5, i:59)
2022-10-18 06:30:59,574 [grpc-default-executor-1] INFO  leader.FollowerInfo (FollowerInfoImpl.java:lambda$new$0(48)) - omNode-1@group-523986131536->omNode-2: nextIndex: updateUnconditionally 57 -> 57
2022-10-18 06:30:59,574 [grpc-default-executor-0] INFO  impl.SnapshotInstallationHandler (SnapshotInstallationHandler.java:installSnapshot(95)) - omNode-2@group-523986131536: reply installSnapshot: omNode-1<-omNode-2#0:FAIL-t6,IN_PROGRESS
2022-10-18 06:30:59,575 [grpc-default-executor-0] INFO  server.GrpcServerProtocolService (GrpcServerProtocolService.java:onCompleted(140)) - omNode-2: Completed INSTALL_SNAPSHOT, lastRequest: omNode-1->omNode-2#0-t6,notify:(t:5, i:59)
2022-10-18 06:30:59,577 [grpc-default-executor-0] INFO  server.GrpcLogAppender (GrpcLogAppender.java:onNext(403)) - omNode-1@group-523986131536->omNode-2-InstallSnapshotResponseHandler: received a reply omNode-1<-omNode-2#0:FAIL-t6,IN_PROGRESS
2022-10-18 06:30:59,577 [grpc-default-executor-0] INFO  server.GrpcLogAppender (GrpcLogAppender.java:onNext(421)) - omNode-1@group-523986131536->omNode-2-InstallSnapshotResponseHandler: InstallSnapshot in progress.
2022-10-18 06:30:59,577 [omNode-1@group-523986131536->omNode-2-GrpcLogAppender-LogAppenderDaemon] INFO  server.GrpcLogAppender (GrpcLogAppender.java:installSnapshot(541)) - omNode-1@group-523986131536->omNode-2-GrpcLogAppender: followerNextIndex = 57 but logStartIndex = 59, notify follower to install snapshot-(t:5, i:59)
2022-10-18 06:30:59,577 [omNode-1@group-523986131536->omNode-2-GrpcLogAppender-LogAppenderDaemon] INFO  server.GrpcLogAppender (GrpcLogAppender.java:installSnapshot(549)) - omNode-1@group-523986131536->omNode-2-GrpcLogAppender: send omNode-1->omNode-2#0-t6,notify:(t:5, i:59)
2022-10-18 06:30:59,578 [omNode-2-server-thread1] INFO  server.RaftServer$Division (RaftServerImpl.java:checkInconsistentAppendEntries(1402)) - omNode-2@group-523986131536: Failed appendEntries as snapshot (59) installation is in progress
2022-10-18 06:30:59,578 [omNode-2-server-thread1] INFO  server.RaftServer$Division (RaftServerImpl.java:checkInconsistentAppendEntries(1394)) - omNode-2@group-523986131536: inconsistency entries. Reply:omNode-1<-omNode-2#249:FAIL-t6,INCONSISTENCY,nextIndex=57,followerCommit=56
2022-10-18 06:30:59,578 [grpc-default-executor-0] INFO  impl.SnapshotInstallationHandler (SnapshotInstallationHandler.java:installSnapshot(84)) - omNode-2@group-523986131536: receive installSnapshot: omNode-1->omNode-2#0-t6,notify:(t:5, i:59)
2022-10-18 06:30:59,578 [grpc-default-executor-1] INFO  leader.FollowerInfo (FollowerInfoImpl.java:lambda$new$0(48)) - omNode-1@group-523986131536->omNode-2: nextIndex: updateUnconditionally 57 -> 57
2022-10-18 06:30:59,578 [grpc-default-executor-0] INFO  impl.SnapshotInstallationHandler (SnapshotInstallationHandler.java:installSnapshot(95)) - omNode-2@group-523986131536: reply installSnapshot: omNode-1<-omNode-2#0:FAIL-t6,IN_PROGRESS
2022-10-18 06:30:59,578 [grpc-default-executor-0] INFO  server.GrpcServerProtocolService (GrpcServerProtocolService.java:onCompleted(140)) - omNode-2: Completed INSTALL_SNAPSHOT, lastRequest: omNode-1->omNode-2#0-t6,notify:(t:5, i:59)
2022-10-18 06:30:59,579 [grpc-default-executor-1] INFO  server.GrpcLogAppender (GrpcLogAppender.java:onNext(403)) - omNode-1@group-523986131536->omNode-2-InstallSnapshotResponseHandler: received a reply omNode-1<-omNode-2#0:FAIL-t6,IN_PROGRESS
2022-10-18 06:30:59,579 [grpc-default-executor-1] INFO  server.GrpcLogAppender (GrpcLogAppender.java:onNext(421)) - omNode-1@group-523986131536->omNode-2-InstallSnapshotResponseHandler: InstallSnapshot in progress.
2022-10-18 06:30:59,579 [omNode-1@group-523986131536->omNode-2-GrpcLogAppender-LogAppenderDaemon] INFO  server.GrpcLogAppender (GrpcLogAppender.java:installSnapshot(541)) - omNode-1@group-523986131536->omNode-2-GrpcLogAppender: followerNextIndex = 57 but logStartIndex = 59, notify follower to install snapshot-(t:5, i:59)
2022-10-18 06:30:59,579 [omNode-1@group-523986131536->omNode-2-GrpcLogAppender-LogAppenderDaemon] INFO  server.GrpcLogAppender (GrpcLogAppender.java:installSnapshot(549)) - omNode-1@group-523986131536->omNode-2-GrpcLogAppender: send omNode-1->omNode-2#0-t6,notify:(t:5, i:59)
2022-10-18 06:30:59,579 [omNode-2-server-thread1] INFO  server.RaftServer$Division (RaftServerImpl.java:checkInconsistentAppendEntries(1402)) - omNode-2@group-523986131536: Failed appendEntries as snapshot (59) installation is in progress
2022-10-18 06:30:59,579 [omNode-2-server-thread1] INFO  server.RaftServer$Division (RaftServerImpl.java:checkInconsistentAppendEntries(1394)) - omNode-2@group-523986131536: inconsistency entries. Reply:omNode-1<-omNode-2#250:FAIL-t6,INCONSISTENCY,nextIndex=57,followerCommit=56
2022-10-18 06:30:59,580 [grpc-default-executor-1] INFO  impl.SnapshotInstallationHandler (SnapshotInstallationHandler.java:installSnapshot(84)) - omNode-2@group-523986131536: receive installSnapshot: omNode-1->omNode-2#0-t6,notify:(t:5, i:59)
2022-10-18 06:30:59,580 [grpc-default-executor-0] INFO  leader.FollowerInfo (FollowerInfoImpl.java:lambda$new$0(48)) - omNode-1@group-523986131536->omNode-2: nextIndex: updateUnconditionally 57 -> 57
2022-10-18 06:30:59,580 [grpc-default-executor-1] INFO  impl.SnapshotInstallationHandler (SnapshotInstallationHandler.java:installSnapshot(95)) - omNode-2@group-523986131536: reply installSnapshot: omNode-1<-omNode-2#0:FAIL-t6,IN_PROGRESS
2022-10-18 06:30:59,580 [grpc-default-executor-1] INFO  server.GrpcServerProtocolService (GrpcServerProtocolService.java:onCompleted(140)) - omNode-2: Completed INSTALL_SNAPSHOT, lastRequest: omNode-1->omNode-2#0-t6,notify:(t:5, i:59)
2022-10-18 06:30:59,580 [grpc-default-executor-1] INFO  server.GrpcLogAppender (GrpcLogAppender.java:onNext(403)) - omNode-1@group-523986131536->omNode-2-InstallSnapshotResponseHandler: received a reply omNode-1<-omNode-2#0:FAIL-t6,IN_PROGRESS
2022-10-18 06:30:59,580 [grpc-default-executor-1] INFO  server.GrpcLogAppender (GrpcLogAppender.java:onNext(421)) - omNode-1@group-523986131536->omNode-2-InstallSnapshotResponseHandler: InstallSnapshot in progress.
2022-10-18 06:30:59,580 [omNode-1@group-523986131536->omNode-2-GrpcLogAppender-LogAppenderDaemon] INFO  server.GrpcLogAppender (GrpcLogAppender.java:installSnapshot(541)) - omNode-1@group-523986131536->omNode-2-GrpcLogAppender: followerNextIndex = 57 but logStartIndex = 59, notify follower to install snapshot-(t:5, i:59)
2022-10-18 06:30:59,580 [omNode-1@group-523986131536->omNode-2-GrpcLogAppender-LogAppenderDaemon] INFO  server.GrpcLogAppender (GrpcLogAppender.java:installSnapshot(549)) - omNode-1@group-523986131536->omNode-2-GrpcLogAppender: send omNode-1->omNode-2#0-t6,notify:(t:5, i:59)
2022-10-18 06:30:59,581 [omNode-2-server-thread1] INFO  server.RaftServer$Division (RaftServerImpl.java:checkInconsistentAppendEntries(1402)) - omNode-2@group-523986131536: Failed appendEntries as snapshot (59) installation is in progress
2022-10-18 06:30:59,581 [omNode-2-server-thread1] INFO  server.RaftServer$Division (RaftServerImpl.java:checkInconsistentAppendEntries(1394)) - omNode-2@group-523986131536: inconsistency entries. Reply:omNode-1<-omNode-2#251:FAIL-t6,INCONSISTENCY,nextIndex=57,followerCommit=56
2022-10-18 06:30:59,581 [grpc-default-executor-1] INFO  leader.FollowerInfo (FollowerInfoImpl.java:lambda$new$0(48)) - omNode-1@group-523986131536->omNode-2: nextIndex: updateUnconditionally 57 -> 57
2022-10-18 06:30:59,581 [grpc-default-executor-0] INFO  impl.SnapshotInstallationHandler (SnapshotInstallationHandler.java:installSnapshot(84)) - omNode-2@group-523986131536: receive installSnapshot: omNode-1->omNode-2#0-t6,notify:(t:5, i:59)
2022-10-18 06:30:59,582 [grpc-default-executor-0] INFO  impl.SnapshotInstallationHandler (SnapshotInstallationHandler.java:installSnapshot(95)) - omNode-2@group-523986131536: reply installSnapshot: omNode-1<-omNode-2#0:FAIL-t6,IN_PROGRESS
2022-10-18 06:30:59,582 [grpc-default-executor-0] INFO  server.GrpcServerProtocolService (GrpcServerProtocolService.java:onCompleted(140)) - omNode-2: Completed INSTALL_SNAPSHOT, lastRequest: omNode-1->omNode-2#0-t6,notify:(t:5, i:59)
2022-10-18 06:30:59,582 [grpc-default-executor-1] INFO  server.GrpcLogAppender (GrpcLogAppender.java:onNext(403)) - omNode-1@group-523986131536->omNode-2-InstallSnapshotResponseHandler: received a reply omNode-1<-omNode-2#0:FAIL-t6,IN_PROGRESS
2022-10-18 06:30:59,582 [grpc-default-executor-1] INFO  server.GrpcLogAppender (GrpcLogAppender.java:onNext(421)) - omNode-1@group-523986131536->omNode-2-InstallSnapshotResponseHandler: InstallSnapshot in progress.
2022-10-18 06:30:59,582 [omNode-1@group-523986131536->omNode-2-GrpcLogAppender-LogAppenderDaemon] INFO  server.GrpcLogAppender (GrpcLogAppender.java:installSnapshot(541)) - omNode-1@group-523986131536->omNode-2-GrpcLogAppender: followerNextIndex = 57 but logStartIndex = 59, notify follower to install snapshot-(t:5, i:59)
2022-10-18 06:30:59,582 [omNode-1@group-523986131536->omNode-2-GrpcLogAppender-LogAppenderDaemon] INFO  server.GrpcLogAppender (GrpcLogAppender.java:installSnapshot(549)) - omNode-1@group-523986131536->omNode-2-GrpcLogAppender: send omNode-1->omNode-2#0-t6,notify:(t:5, i:59)
2022-10-18 06:30:59,583 [omNode-2-server-thread1] INFO  server.RaftServer$Division (RaftServerImpl.java:checkInconsistentAppendEntries(1402)) - omNode-2@group-523986131536: Failed appendEntries as snapshot (59) installation is in progress
2022-10-18 06:30:59,583 [omNode-2-server-thread1] INFO  server.RaftServer$Division (RaftServerImpl.java:checkInconsistentAppendEntries(1394)) - omNode-2@group-523986131536: inconsistency entries. Reply:omNode-1<-omNode-2#252:FAIL-t6,INCONSISTENCY,nextIndex=57,followerCommit=56
2022-10-18 06:30:59,583 [grpc-default-executor-1] INFO  leader.FollowerInfo (FollowerInfoImpl.java:lambda$new$0(48)) - omNode-1@group-523986131536->omNode-2: nextIndex: updateUnconditionally 57 -> 57
2022-10-18 06:30:59,583 [grpc-default-executor-0] INFO  impl.SnapshotInstallationHandler (SnapshotInstallationHandler.java:installSnapshot(84)) - omNode-2@group-523986131536: receive installSnapshot: omNode-1->omNode-2#0-t6,notify:(t:5, i:59)
2022-10-18 06:30:59,583 [grpc-default-executor-0] INFO  impl.SnapshotInstallationHandler (SnapshotInstallationHandler.java:installSnapshot(95)) - omNode-2@group-523986131536: reply installSnapshot: omNode-1<-omNode-2#0:FAIL-t6,IN_PROGRESS
2022-10-18 06:30:59,584 [grpc-default-executor-0] INFO  server.GrpcServerProtocolService (GrpcServerProtocolService.java:onCompleted(140)) - omNode-2: Completed INSTALL_SNAPSHOT, lastRequest: omNode-1->omNode-2#0-t6,notify:(t:5, i:59)
2022-10-18 06:30:59,584 [grpc-default-executor-1] INFO  server.GrpcLogAppender (GrpcLogAppender.java:onNext(403)) - omNode-1@group-523986131536->omNode-2-InstallSnapshotResponseHandler: received a reply omNode-1<-omNode-2#0:FAIL-t6,IN_PROGRESS
2022-10-18 06:30:59,584 [grpc-default-executor-1] INFO  server.GrpcLogAppender (GrpcLogAppender.java:onNext(421)) - omNode-1@group-523986131536->omNode-2-InstallSnapshotResponseHandler: InstallSnapshot in progress.
2022-10-18 06:30:59,584 [omNode-1@group-523986131536->omNode-2-GrpcLogAppender-LogAppenderDaemon] INFO  server.GrpcLogAppender (GrpcLogAppender.java:installSnapshot(541)) - omNode-1@group-523986131536->omNode-2-GrpcLogAppender: followerNextIndex = 57 but logStartIndex = 59, notify follower to install snapshot-(t:5, i:59)
2022-10-18 06:30:59,584 [omNode-1@group-523986131536->omNode-2-GrpcLogAppender-LogAppenderDaemon] INFO  server.GrpcLogAppender (GrpcLogAppender.java:installSnapshot(549)) - omNode-1@group-523986131536->omNode-2-GrpcLogAppender: send omNode-1->omNode-2#0-t6,notify:(t:5, i:59)
2022-10-18 06:30:59,585 [grpc-default-executor-1] INFO  impl.SnapshotInstallationHandler (SnapshotInstallationHandler.java:installSnapshot(84)) - omNode-2@group-523986131536: receive installSnapshot: omNode-1->omNode-2#0-t6,notify:(t:5, i:59)
2022-10-18 06:30:59,585 [omNode-2-server-thread1] INFO  server.RaftServer$Division (RaftServerImpl.java:checkInconsistentAppendEntries(1402)) - omNode-2@group-523986131536: Failed appendEntries as snapshot (59) installation is in progress
2022-10-18 06:30:59,585 [omNode-2-server-thread1] INFO  server.RaftServer$Division (RaftServerImpl.java:checkInconsistentAppendEntries(1394)) - omNode-2@group-523986131536: inconsistency entries. Reply:omNode-1<-omNode-2#253:FAIL-t6,INCONSISTENCY,nextIndex=57,followerCommit=56
2022-10-18 06:30:59,585 [grpc-default-executor-1] INFO  impl.SnapshotInstallationHandler (SnapshotInstallationHandler.java:installSnapshot(95)) - omNode-2@group-523986131536: reply installSnapshot: omNode-1<-omNode-2#0:FAIL-t6,IN_PROGRESS
2022-10-18 06:30:59,586 [grpc-default-executor-1] INFO  server.GrpcServerProtocolService (GrpcServerProtocolService.java:onCompleted(140)) - omNode-2: Completed INSTALL_SNAPSHOT, lastRequest: omNode-1->omNode-2#0-t6,notify:(t:5, i:59)
2022-10-18 06:30:59,586 [grpc-default-executor-1] INFO  server.GrpcLogAppender (GrpcLogAppender.java:onNext(403)) - omNode-1@group-523986131536->omNode-2-InstallSnapshotResponseHandler: received a reply omNode-1<-omNode-2#0:FAIL-t6,IN_PROGRESS
2022-10-18 06:30:59,586 [grpc-default-executor-0] INFO  leader.FollowerInfo (FollowerInfoImpl.java:lambda$new$0(48)) - omNode-1@group-523986131536->omNode-2: nextIndex: updateUnconditionally 57 -> 57
2022-10-18 06:30:59,586 [grpc-default-executor-1] INFO  server.GrpcLogAppender (GrpcLogAppender.java:onNext(421)) - omNode-1@group-523986131536->omNode-2-InstallSnapshotResponseHandler: InstallSnapshot in progress.
2022-10-18 06:30:59,586 [omNode-1@group-523986131536->omNode-2-GrpcLogAppender-LogAppenderDaemon] INFO  server.GrpcLogAppender (GrpcLogAppender.java:installSnapshot(541)) - omNode-1@group-523986131536->omNode-2-GrpcLogAppender: followerNextIndex = 57 but logStartIndex = 59, notify follower to install snapshot-(t:5, i:59)
2022-10-18 06:30:59,586 [omNode-1@group-523986131536->omNode-2-GrpcLogAppender-LogAppenderDaemon] INFO  server.GrpcLogAppender (GrpcLogAppender.java:installSnapshot(549)) - omNode-1@group-523986131536->omNode-2-GrpcLogAppender: send omNode-1->omNode-2#0-t6,notify:(t:5, i:59)
2022-10-18 06:30:59,587 [omNode-2-server-thread1] INFO  server.RaftServer$Division (RaftServerImpl.java:checkInconsistentAppendEntries(1402)) - omNode-2@group-523986131536: Failed appendEntries as snapshot (59) installation is in progress
2022-10-18 06:30:59,587 [omNode-2-server-thread1] INFO  server.RaftServer$Division (RaftServerImpl.java:checkInconsistentAppendEntries(1394)) - omNode-2@group-523986131536: inconsistency entries. Reply:omNode-1<-omNode-2#254:FAIL-t6,INCONSISTENCY,nextIndex=57,followerCommit=56
2022-10-18 06:30:59,587 [grpc-default-executor-1] INFO  impl.SnapshotInstallationHandler (SnapshotInstallationHandler.java:installSnapshot(84)) - omNode-2@group-523986131536: receive installSnapshot: omNode-1->omNode-2#0-t6,notify:(t:5, i:59)
2022-10-18 06:30:59,587 [grpc-default-executor-0] INFO  leader.FollowerInfo (FollowerInfoImpl.java:lambda$new$0(48)) - omNode-1@group-523986131536->omNode-2: nextIndex: updateUnconditionally 57 -> 57
2022-10-18 06:30:59,587 [grpc-default-executor-1] INFO  impl.SnapshotInstallationHandler (SnapshotInstallationHandler.java:installSnapshot(95)) - omNode-2@group-523986131536: reply installSnapshot: omNode-1<-omNode-2#0:FAIL-t6,IN_PROGRESS
2022-10-18 06:30:59,589 [grpc-default-executor-1] INFO  server.GrpcServerProtocolService (GrpcServerProtocolService.java:onCompleted(140)) - omNode-2: Completed INSTALL_SNAPSHOT, lastRequest: omNode-1->omNode-2#0-t6,notify:(t:5, i:59)
2022-10-18 06:30:59,589 [grpc-default-executor-0] INFO  server.GrpcLogAppender (GrpcLogAppender.java:onNext(403)) - omNode-1@group-523986131536->omNode-2-InstallSnapshotResponseHandler: received a reply omNode-1<-omNode-2#0:FAIL-t6,IN_PROGRESS
2022-10-18 06:30:59,590 [grpc-default-executor-0] INFO  server.GrpcLogAppender (GrpcLogAppender.java:onNext(421)) - omNode-1@group-523986131536->omNode-2-InstallSnapshotResponseHandler: InstallSnapshot in progress.
2022-10-18 06:30:59,590 [omNode-1@group-523986131536->omNode-2-GrpcLogAppender-LogAppenderDaemon] INFO  server.GrpcLogAppender (GrpcLogAppender.java:installSnapshot(541)) - omNode-1@group-523986131536->omNode-2-GrpcLogAppender: followerNextIndex = 57 but logStartIndex = 59, notify follower to install snapshot-(t:5, i:59)
2022-10-18 06:30:59,591 [omNode-1@group-523986131536->omNode-2-GrpcLogAppender-LogAppenderDaemon] INFO  server.GrpcLogAppender (GrpcLogAppender.java:installSnapshot(549)) - omNode-1@group-523986131536->omNode-2-GrpcLogAppender: send omNode-1->omNode-2#0-t6,notify:(t:5, i:59)
2022-10-18 06:30:59,591 [omNode-2-server-thread1] INFO  server.RaftServer$Division (RaftServerImpl.java:checkInconsistentAppendEntries(1402)) - omNode-2@group-523986131536: Failed appendEntries as snapshot (59) installation is in progress
2022-10-18 06:30:59,591 [omNode-2-server-thread1] INFO  server.RaftServer$Division (RaftServerImpl.java:checkInconsistentAppendEntries(1394)) - omNode-2@group-523986131536: inconsistency entries. Reply:omNode-1<-omNode-2#255:FAIL-t6,INCONSISTENCY,nextIndex=57,followerCommit=56
2022-10-18 06:30:59,591 [grpc-default-executor-0] INFO  leader.FollowerInfo (FollowerInfoImpl.java:lambda$new$0(48)) - omNode-1@group-523986131536->omNode-2: nextIndex: updateUnconditionally 57 -> 57
2022-10-18 06:30:59,592 [grpc-default-executor-1] INFO  impl.SnapshotInstallationHandler (SnapshotInstallationHandler.java:installSnapshot(84)) - omNode-2@group-523986131536: receive installSnapshot: omNode-1->omNode-2#0-t6,notify:(t:5, i:59)
2022-10-18 06:30:59,592 [grpc-default-executor-1] INFO  impl.SnapshotInstallationHandler (SnapshotInstallationHandler.java:installSnapshot(95)) - omNode-2@group-523986131536: reply installSnapshot: omNode-1<-omNode-2#0:FAIL-t6,IN_PROGRESS
2022-10-18 06:30:59,592 [grpc-default-executor-1] INFO  server.GrpcServerProtocolService (GrpcServerProtocolService.java:onCompleted(140)) - omNode-2: Completed INSTALL_SNAPSHOT, lastRequest: omNode-1->omNode-2#0-t6,notify:(t:5, i:59)
2022-10-18 06:30:59,592 [grpc-default-executor-1] INFO  server.GrpcLogAppender (GrpcLogAppender.java:onNext(403)) - omNode-1@group-523986131536->omNode-2-InstallSnapshotResponseHandler: received a reply omNode-1<-omNode-2#0:FAIL-t6,IN_PROGRESS
2022-10-18 06:30:59,592 [grpc-default-executor-1] INFO  server.GrpcLogAppender (GrpcLogAppender.java:onNext(421)) - omNode-1@group-523986131536->omNode-2-InstallSnapshotResponseHandler: InstallSnapshot in progress.
2022-10-18 06:30:59,593 [omNode-1@group-523986131536->omNode-2-GrpcLogAppender-LogAppenderDaemon] INFO  server.GrpcLogAppender (GrpcLogAppender.java:installSnapshot(541)) - omNode-1@group-523986131536->omNode-2-GrpcLogAppender: followerNextIndex = 57 but logStartIndex = 59, notify follower to install snapshot-(t:5, i:59)
2022-10-18 06:30:59,593 [omNode-1@group-523986131536->omNode-2-GrpcLogAppender-LogAppenderDaemon] INFO  server.GrpcLogAppender (GrpcLogAppender.java:installSnapshot(549)) - omNode-1@group-523986131536->omNode-2-GrpcLogAppender: send omNode-1->omNode-2#0-t6,notify:(t:5, i:59)
2022-10-18 06:30:59,593 [omNode-2-server-thread1] INFO  server.RaftServer$Division (RaftServerImpl.java:checkInconsistentAppendEntries(1402)) - omNode-2@group-523986131536: Failed appendEntries as snapshot (59) installation is in progress
2022-10-18 06:30:59,593 [omNode-2-server-thread1] INFO  server.RaftServer$Division (RaftServerImpl.java:checkInconsistentAppendEntries(1394)) - omNode-2@group-523986131536: inconsistency entries. Reply:omNode-1<-omNode-2#256:FAIL-t6,INCONSISTENCY,nextIndex=57,followerCommit=56
2022-10-18 06:30:59,594 [grpc-default-executor-0] INFO  leader.FollowerInfo (FollowerInfoImpl.java:lambda$new$0(48)) - omNode-1@group-523986131536->omNode-2: nextIndex: updateUnconditionally 57 -> 57
2022-10-18 06:30:59,594 [grpc-default-executor-1] INFO  impl.SnapshotInstallationHandler (SnapshotInstallationHandler.java:installSnapshot(84)) - omNode-2@group-523986131536: receive installSnapshot: omNode-1->omNode-2#0-t6,notify:(t:5, i:59)
2022-10-18 06:30:59,594 [grpc-default-executor-1] INFO  impl.SnapshotInstallationHandler (SnapshotInstallationHandler.java:installSnapshot(95)) - omNode-2@group-523986131536: reply installSnapshot: omNode-1<-omNode-2#0:FAIL-t6,IN_PROGRESS
2022-10-18 06:30:59,594 [grpc-default-executor-1] INFO  server.GrpcServerProtocolService (GrpcServerProtocolService.java:onCompleted(140)) - omNode-2: Completed INSTALL_SNAPSHOT, lastRequest: omNode-1->omNode-2#0-t6,notify:(t:5, i:59)
2022-10-18 06:30:59,595 [grpc-default-executor-0] INFO  server.GrpcLogAppender (GrpcLogAppender.java:onNext(403)) - omNode-1@group-523986131536->omNode-2-InstallSnapshotResponseHandler: received a reply omNode-1<-omNode-2#0:FAIL-t6,IN_PROGRESS
2022-10-18 06:30:59,595 [grpc-default-executor-0] INFO  server.GrpcLogAppender (GrpcLogAppender.java:onNext(421)) - omNode-1@group-523986131536->omNode-2-InstallSnapshotResponseHandler: InstallSnapshot in progress.
2022-10-18 06:30:59,595 [omNode-1@group-523986131536->omNode-2-GrpcLogAppender-LogAppenderDaemon] INFO  server.GrpcLogAppender (GrpcLogAppender.java:installSnapshot(541)) - omNode-1@group-523986131536->omNode-2-GrpcLogAppender: followerNextIndex = 57 but logStartIndex = 59, notify follower to install snapshot-(t:5, i:59)
2022-10-18 06:30:59,595 [omNode-1@group-523986131536->omNode-2-GrpcLogAppender-LogAppenderDaemon] INFO  server.GrpcLogAppender (GrpcLogAppender.java:installSnapshot(549)) - omNode-1@group-523986131536->omNode-2-GrpcLogAppender: send omNode-1->omNode-2#0-t6,notify:(t:5, i:59)
2022-10-18 06:30:59,596 [pool-366-thread-1] INFO  om.OzoneManager (OzoneManager.java:installCheckpoint(3745)) - Installing checkpoint with OMTransactionInfo 5#143
2022-10-18 06:30:59,596 [pool-366-thread-1] INFO  ratis.OzoneManagerStateMachine (OzoneManagerStateMachine.java:pause(389)) - OzoneManagerStateMachine is pausing
2022-10-18 06:30:59,596 [pool-366-thread-1] INFO  ratis.OzoneManagerDoubleBuffer (OzoneManagerDoubleBuffer.java:stop(466)) - Stopping OMDoubleBuffer flush thread
2022-10-18 06:30:59,596 [OMDoubleBufferFlushThread] INFO  ratis.OzoneManagerDoubleBuffer (OzoneManagerDoubleBuffer.java:flushTransactions(385)) - OMDoubleBuffer flush thread OMDoubleBufferFlushThread is interrupted and will exit.
2022-10-18 06:30:59,602 [grpc-default-executor-1] INFO  impl.SnapshotInstallationHandler (SnapshotInstallationHandler.java:installSnapshot(84)) - omNode-2@group-523986131536: receive installSnapshot: omNode-1->omNode-2#0-t6,notify:(t:5, i:59)
2022-10-18 06:30:59,602 [grpc-default-executor-1] INFO  impl.SnapshotInstallationHandler (SnapshotInstallationHandler.java:installSnapshot(95)) - omNode-2@group-523986131536: reply installSnapshot: omNode-1<-omNode-2#0:FAIL-t6,IN_PROGRESS
2022-10-18 06:30:59,602 [grpc-default-executor-1] INFO  server.GrpcServerProtocolService (GrpcServerProtocolService.java:onCompleted(140)) - omNode-2: Completed INSTALL_SNAPSHOT, lastRequest: omNode-1->omNode-2#0-t6,notify:(t:5, i:59)
2022-10-18 06:30:59,603 [omNode-2-server-thread1] INFO  server.RaftServer$Division (RaftServerImpl.java:checkInconsistentAppendEntries(1402)) - omNode-2@group-523986131536: Failed appendEntries as snapshot (59) installation is in progress
2022-10-18 06:30:59,603 [omNode-2-server-thread1] INFO  server.RaftServer$Division (RaftServerImpl.java:checkInconsistentAppendEntries(1394)) - omNode-2@group-523986131536: inconsistency entries. Reply:omNode-1<-omNode-2#257:FAIL-t6,INCONSISTENCY,nextIndex=57,followerCommit=56
2022-10-18 06:30:59,603 [grpc-default-executor-2] INFO  server.GrpcLogAppender (GrpcLogAppender.java:onNext(403)) - omNode-1@group-523986131536->omNode-2-InstallSnapshotResponseHandler: received a reply omNode-1<-omNode-2#0:FAIL-t6,IN_PROGRESS
2022-10-18 06:30:59,603 [grpc-default-executor-2] INFO  server.GrpcLogAppender (GrpcLogAppender.java:onNext(421)) - omNode-1@group-523986131536->omNode-2-InstallSnapshotResponseHandler: InstallSnapshot in progress.
2022-10-18 06:30:59,604 [omNode-1@group-523986131536->omNode-2-GrpcLogAppender-LogAppenderDaemon] INFO  server.GrpcLogAppender (GrpcLogAppender.java:installSnapshot(541)) - omNode-1@group-523986131536->omNode-2-GrpcLogAppender: followerNextIndex = 57 but logStartIndex = 59, notify follower to install snapshot-(t:5, i:59)
2022-10-18 06:30:59,604 [omNode-1@group-523986131536->omNode-2-GrpcLogAppender-LogAppenderDaemon] INFO  server.GrpcLogAppender (GrpcLogAppender.java:installSnapshot(549)) - omNode-1@group-523986131536->omNode-2-GrpcLogAppender: send omNode-1->omNode-2#0-t6,notify:(t:5, i:59)
2022-10-18 06:30:59,605 [grpc-default-executor-2] INFO  impl.SnapshotInstallationHandler (SnapshotInstallationHandler.java:installSnapshot(84)) - omNode-2@group-523986131536: receive installSnapshot: omNode-1->omNode-2#0-t6,notify:(t:5, i:59)
2022-10-18 06:30:59,606 [grpc-default-executor-2] INFO  impl.SnapshotInstallationHandler (SnapshotInstallationHandler.java:installSnapshot(95)) - omNode-2@group-523986131536: reply installSnapshot: omNode-1<-omNode-2#0:FAIL-t6,IN_PROGRESS
2022-10-18 06:30:59,606 [grpc-default-executor-2] INFO  server.GrpcServerProtocolService (GrpcServerProtocolService.java:onCompleted(140)) - omNode-2: Completed INSTALL_SNAPSHOT, lastRequest: omNode-1->omNode-2#0-t6,notify:(t:5, i:59)
2022-10-18 06:30:59,606 [omNode-2-server-thread1] INFO  server.RaftServer$Division (RaftServerImpl.java:checkInconsistentAppendEntries(1402)) - omNode-2@group-523986131536: Failed appendEntries as snapshot (59) installation is in progress
2022-10-18 06:30:59,606 [omNode-2-server-thread1] INFO  server.RaftServer$Division (RaftServerImpl.java:checkInconsistentAppendEntries(1394)) - omNode-2@group-523986131536: inconsistency entries. Reply:omNode-1<-omNode-2#258:FAIL-t6,INCONSISTENCY,nextIndex=57,followerCommit=56
2022-10-18 06:30:59,606 [grpc-default-executor-2] INFO  server.GrpcLogAppender (GrpcLogAppender.java:onNext(403)) - omNode-1@group-523986131536->omNode-2-InstallSnapshotResponseHandler: received a reply omNode-1<-omNode-2#0:FAIL-t6,IN_PROGRESS
2022-10-18 06:30:59,606 [grpc-default-executor-2] INFO  server.GrpcLogAppender (GrpcLogAppender.java:onNext(421)) - omNode-1@group-523986131536->omNode-2-InstallSnapshotResponseHandler: InstallSnapshot in progress.
2022-10-18 06:30:59,605 [grpc-default-executor-0] INFO  leader.FollowerInfo (FollowerInfoImpl.java:lambda$new$0(48)) - omNode-1@group-523986131536->omNode-2: nextIndex: updateUnconditionally 57 -> 57
2022-10-18 06:30:59,606 [omNode-1@group-523986131536->omNode-2-GrpcLogAppender-LogAppenderDaemon] INFO  server.GrpcLogAppender (GrpcLogAppender.java:installSnapshot(541)) - omNode-1@group-523986131536->omNode-2-GrpcLogAppender: followerNextIndex = 57 but logStartIndex = 59, notify follower to install snapshot-(t:5, i:59)
2022-10-18 06:30:59,606 [omNode-1@group-523986131536->omNode-2-GrpcLogAppender-LogAppenderDaemon] INFO  server.GrpcLogAppender (GrpcLogAppender.java:installSnapshot(549)) - omNode-1@group-523986131536->omNode-2-GrpcLogAppender: send omNode-1->omNode-2#0-t6,notify:(t:5, i:59)
2022-10-18 06:30:59,606 [omNode-2-server-thread1] INFO  server.RaftServer$Division (RaftServerImpl.java:checkInconsistentAppendEntries(1402)) - omNode-2@group-523986131536: Failed appendEntries as snapshot (59) installation is in progress
2022-10-18 06:30:59,607 [omNode-2-server-thread1] INFO  server.RaftServer$Division (RaftServerImpl.java:checkInconsistentAppendEntries(1394)) - omNode-2@group-523986131536: inconsistency entries. Reply:omNode-1<-omNode-2#259:FAIL-t6,INCONSISTENCY,nextIndex=57,followerCommit=56
2022-10-18 06:30:59,607 [grpc-default-executor-0] INFO  impl.SnapshotInstallationHandler (SnapshotInstallationHandler.java:installSnapshot(84)) - omNode-2@group-523986131536: receive installSnapshot: omNode-1->omNode-2#0-t6,notify:(t:5, i:59)
2022-10-18 06:30:59,607 [grpc-default-executor-0] INFO  impl.SnapshotInstallationHandler (SnapshotInstallationHandler.java:installSnapshot(95)) - omNode-2@group-523986131536: reply installSnapshot: omNode-1<-omNode-2#0:FAIL-t6,IN_PROGRESS
2022-10-18 06:30:59,607 [grpc-default-executor-0] INFO  server.GrpcServerProtocolService (GrpcServerProtocolService.java:onCompleted(140)) - omNode-2: Completed INSTALL_SNAPSHOT, lastRequest: omNode-1->omNode-2#0-t6,notify:(t:5, i:59)
2022-10-18 06:30:59,607 [grpc-default-executor-0] INFO  server.GrpcLogAppender (GrpcLogAppender.java:onNext(403)) - omNode-1@group-523986131536->omNode-2-InstallSnapshotResponseHandler: received a reply omNode-1<-omNode-2#0:FAIL-t6,IN_PROGRESS
2022-10-18 06:30:59,606 [pool-366-thread-1] INFO  ipc.Server (Server.java:stop(3428)) - Stopping server on 39045
2022-10-18 06:30:59,608 [grpc-default-executor-0] INFO  server.GrpcLogAppender (GrpcLogAppender.java:onNext(421)) - omNode-1@group-523986131536->omNode-2-InstallSnapshotResponseHandler: InstallSnapshot in progress.
2022-10-18 06:30:59,607 [grpc-default-executor-2] INFO  leader.FollowerInfo (FollowerInfoImpl.java:lambda$new$0(48)) - omNode-1@group-523986131536->omNode-2: nextIndex: updateUnconditionally 57 -> 57
2022-10-18 06:30:59,608 [omNode-1@group-523986131536->omNode-2-GrpcLogAppender-LogAppenderDaemon] INFO  server.GrpcLogAppender (GrpcLogAppender.java:installSnapshot(541)) - omNode-1@group-523986131536->omNode-2-GrpcLogAppender: followerNextIndex = 57 but logStartIndex = 59, notify follower to install snapshot-(t:5, i:59)
2022-10-18 06:30:59,608 [omNode-1@group-523986131536->omNode-2-GrpcLogAppender-LogAppenderDaemon] INFO  server.GrpcLogAppender (GrpcLogAppender.java:installSnapshot(549)) - omNode-1@group-523986131536->omNode-2-GrpcLogAppender: send omNode-1->omNode-2#0-t6,notify:(t:5, i:59)
2022-10-18 06:30:59,608 [omNode-2-server-thread1] INFO  server.RaftServer$Division (RaftServerImpl.java:checkInconsistentAppendEntries(1402)) - omNode-2@group-523986131536: Failed appendEntries as snapshot (59) installation is in progress
2022-10-18 06:30:59,608 [omNode-2-server-thread1] INFO  server.RaftServer$Division (RaftServerImpl.java:checkInconsistentAppendEntries(1394)) - omNode-2@group-523986131536: inconsistency entries. Reply:omNode-1<-omNode-2#260:FAIL-t6,INCONSISTENCY,nextIndex=57,followerCommit=56
2022-10-18 06:30:59,608 [grpc-default-executor-2] INFO  leader.FollowerInfo (FollowerInfoImpl.java:lambda$new$0(48)) - omNode-1@group-523986131536->omNode-2: nextIndex: updateUnconditionally 57 -> 57
2022-10-18 06:30:59,609 [grpc-default-executor-0] INFO  leader.FollowerInfo (FollowerInfoImpl.java:lambda$new$0(48)) - omNode-1@group-523986131536->omNode-2: nextIndex: updateUnconditionally 57 -> 57
2022-10-18 06:30:59,609 [grpc-default-executor-3] INFO  impl.SnapshotInstallationHandler (SnapshotInstallationHandler.java:installSnapshot(84)) - omNode-2@group-523986131536: receive installSnapshot: omNode-1->omNode-2#0-t6,notify:(t:5, i:59)
2022-10-18 06:30:59,609 [grpc-default-executor-3] INFO  impl.SnapshotInstallationHandler (SnapshotInstallationHandler.java:installSnapshot(95)) - omNode-2@group-523986131536: reply installSnapshot: omNode-1<-omNode-2#0:FAIL-t6,IN_PROGRESS
2022-10-18 06:30:59,609 [grpc-default-executor-3] INFO  server.GrpcServerProtocolService (GrpcServerProtocolService.java:onCompleted(140)) - omNode-2: Completed INSTALL_SNAPSHOT, lastRequest: omNode-1->omNode-2#0-t6,notify:(t:5, i:59)
2022-10-18 06:30:59,609 [grpc-default-executor-0] INFO  server.GrpcLogAppender (GrpcLogAppender.java:onNext(403)) - omNode-1@group-523986131536->omNode-2-InstallSnapshotResponseHandler: received a reply omNode-1<-omNode-2#0:FAIL-t6,IN_PROGRESS
2022-10-18 06:30:59,609 [grpc-default-executor-0] INFO  server.GrpcLogAppender (GrpcLogAppender.java:onNext(421)) - omNode-1@group-523986131536->omNode-2-InstallSnapshotResponseHandler: InstallSnapshot in progress.
2022-10-18 06:30:59,610 [omNode-1@group-523986131536->omNode-2-GrpcLogAppender-LogAppenderDaemon] INFO  server.GrpcLogAppender (GrpcLogAppender.java:installSnapshot(541)) - omNode-1@group-523986131536->omNode-2-GrpcLogAppender: followerNextIndex = 57 but logStartIndex = 59, notify follower to install snapshot-(t:5, i:59)
2022-10-18 06:30:59,610 [omNode-1@group-523986131536->omNode-2-GrpcLogAppender-LogAppenderDaemon] INFO  server.GrpcLogAppender (GrpcLogAppender.java:installSnapshot(549)) - omNode-1@group-523986131536->omNode-2-GrpcLogAppender: send omNode-1->omNode-2#0-t6,notify:(t:5, i:59)
2022-10-18 06:30:59,610 [omNode-2-server-thread1] INFO  server.RaftServer$Division (RaftServerImpl.java:checkInconsistentAppendEntries(1402)) - omNode-2@group-523986131536: Failed appendEntries as snapshot (59) installation is in progress
2022-10-18 06:30:59,610 [omNode-2-server-thread1] INFO  server.RaftServer$Division (RaftServerImpl.java:checkInconsistentAppendEntries(1394)) - omNode-2@group-523986131536: inconsistency entries. Reply:omNode-1<-omNode-2#261:FAIL-t6,INCONSISTENCY,nextIndex=57,followerCommit=56
2022-10-18 06:30:59,611 [grpc-default-executor-3] INFO  impl.SnapshotInstallationHandler (SnapshotInstallationHandler.java:installSnapshot(84)) - omNode-2@group-523986131536: receive installSnapshot: omNode-1->omNode-2#0-t6,notify:(t:5, i:59)
2022-10-18 06:30:59,611 [grpc-default-executor-0] INFO  leader.FollowerInfo (FollowerInfoImpl.java:lambda$new$0(48)) - omNode-1@group-523986131536->omNode-2: nextIndex: updateUnconditionally 57 -> 57
2022-10-18 06:30:59,612 [grpc-default-executor-3] INFO  impl.SnapshotInstallationHandler (SnapshotInstallationHandler.java:installSnapshot(95)) - omNode-2@group-523986131536: reply installSnapshot: omNode-1<-omNode-2#0:FAIL-t6,IN_PROGRESS
2022-10-18 06:30:59,612 [grpc-default-executor-3] INFO  server.GrpcServerProtocolService (GrpcServerProtocolService.java:onCompleted(140)) - omNode-2: Completed INSTALL_SNAPSHOT, lastRequest: omNode-1->omNode-2#0-t6,notify:(t:5, i:59)
2022-10-18 06:30:59,612 [grpc-default-executor-0] INFO  server.GrpcLogAppender (GrpcLogAppender.java:onNext(403)) - omNode-1@group-523986131536->omNode-2-InstallSnapshotResponseHandler: received a reply omNode-1<-omNode-2#0:FAIL-t6,IN_PROGRESS
2022-10-18 06:30:59,612 [grpc-default-executor-0] INFO  server.GrpcLogAppender (GrpcLogAppender.java:onNext(421)) - omNode-1@group-523986131536->omNode-2-InstallSnapshotResponseHandler: InstallSnapshot in progress.
2022-10-18 06:30:59,612 [omNode-1@group-523986131536->omNode-2-GrpcLogAppender-LogAppenderDaemon] INFO  server.GrpcLogAppender (GrpcLogAppender.java:installSnapshot(541)) - omNode-1@group-523986131536->omNode-2-GrpcLogAppender: followerNextIndex = 57 but logStartIndex = 59, notify follower to install snapshot-(t:5, i:59)
2022-10-18 06:30:59,612 [omNode-1@group-523986131536->omNode-2-GrpcLogAppender-LogAppenderDaemon] INFO  server.GrpcLogAppender (GrpcLogAppender.java:installSnapshot(549)) - omNode-1@group-523986131536->omNode-2-GrpcLogAppender: send omNode-1->omNode-2#0-t6,notify:(t:5, i:59)
2022-10-18 06:30:59,613 [omNode-2-server-thread1] INFO  server.RaftServer$Division (RaftServerImpl.java:checkInconsistentAppendEntries(1402)) - omNode-2@group-523986131536: Failed appendEntries as snapshot (59) installation is in progress
2022-10-18 06:30:59,613 [omNode-2-server-thread1] INFO  server.RaftServer$Division (RaftServerImpl.java:checkInconsistentAppendEntries(1394)) - omNode-2@group-523986131536: inconsistency entries. Reply:omNode-1<-omNode-2#262:FAIL-t6,INCONSISTENCY,nextIndex=57,followerCommit=56
2022-10-18 06:30:59,616 [grpc-default-executor-0] INFO  impl.SnapshotInstallationHandler (SnapshotInstallationHandler.java:installSnapshot(84)) - omNode-2@group-523986131536: receive installSnapshot: omNode-1->omNode-2#0-t6,notify:(t:5, i:59)
2022-10-18 06:30:59,616 [IPC Server listener on 39045] INFO  ipc.Server (Server.java:run(1384)) - Stopping IPC Server listener on 39045
2022-10-18 06:30:59,617 [grpc-default-executor-0] INFO  impl.SnapshotInstallationHandler (SnapshotInstallationHandler.java:installSnapshot(95)) - omNode-2@group-523986131536: reply installSnapshot: omNode-1<-omNode-2#0:FAIL-t6,IN_PROGRESS
2022-10-18 06:30:59,617 [grpc-default-executor-0] INFO  server.GrpcServerProtocolService (GrpcServerProtocolService.java:onCompleted(140)) - omNode-2: Completed INSTALL_SNAPSHOT, lastRequest: omNode-1->omNode-2#0-t6,notify:(t:5, i:59)
2022-10-18 06:30:59,620 [IPC Server Responder] INFO  ipc.Server (Server.java:run(1517)) - Stopping IPC Server Responder
2022-10-18 06:30:59,629 [grpc-default-executor-2] INFO  leader.FollowerInfo (FollowerInfoImpl.java:lambda$new$0(48)) - omNode-1@group-523986131536->omNode-2: nextIndex: updateUnconditionally 57 -> 57
2022-10-18 06:30:59,629 [grpc-default-executor-3] INFO  server.GrpcLogAppender (GrpcLogAppender.java:onNext(403)) - omNode-1@group-523986131536->omNode-2-InstallSnapshotResponseHandler: received a reply omNode-1<-omNode-2#0:FAIL-t6,IN_PROGRESS
2022-10-18 06:30:59,629 [grpc-default-executor-3] INFO  server.GrpcLogAppender (GrpcLogAppender.java:onNext(421)) - omNode-1@group-523986131536->omNode-2-InstallSnapshotResponseHandler: InstallSnapshot in progress.
2022-10-18 06:30:59,630 [omNode-1@group-523986131536->omNode-2-GrpcLogAppender-LogAppenderDaemon] INFO  server.GrpcLogAppender (GrpcLogAppender.java:installSnapshot(541)) - omNode-1@group-523986131536->omNode-2-GrpcLogAppender: followerNextIndex = 57 but logStartIndex = 59, notify follower to install snapshot-(t:5, i:59)
2022-10-18 06:30:59,630 [omNode-1@group-523986131536->omNode-2-GrpcLogAppender-LogAppenderDaemon] INFO  server.GrpcLogAppender (GrpcLogAppender.java:installSnapshot(549)) - omNode-1@group-523986131536->omNode-2-GrpcLogAppender: send omNode-1->omNode-2#0-t6,notify:(t:5, i:59)
2022-10-18 06:30:59,634 [pool-366-thread-1] INFO  om.OzoneManager (OzoneManager.java:installCheckpoint(3796)) - RPC server is stopped. Spend 33 ms.
2022-10-18 06:30:59,637 [pool-366-thread-1] INFO  om.OzoneManager (OzoneManager.java:installCheckpoint(3803)) - metadataManager is stopped. Spend 3 ms.
2022-10-18 06:30:59,640 [grpc-default-executor-0] INFO  impl.SnapshotInstallationHandler (SnapshotInstallationHandler.java:installSnapshot(84)) - omNode-2@group-523986131536: receive installSnapshot: omNode-1->omNode-2#0-t6,notify:(t:5, i:59)
2022-10-18 06:30:59,640 [omNode-2-server-thread1] INFO  server.RaftServer$Division (RaftServerImpl.java:checkInconsistentAppendEntries(1402)) - omNode-2@group-523986131536: Failed appendEntries as snapshot (59) installation is in progress
2022-10-18 06:30:59,641 [omNode-2-server-thread1] INFO  server.RaftServer$Division (RaftServerImpl.java:checkInconsistentAppendEntries(1394)) - omNode-2@group-523986131536: inconsistency entries. Reply:omNode-1<-omNode-2#263:FAIL-t6,INCONSISTENCY,nextIndex=57,followerCommit=56
2022-10-18 06:30:59,641 [grpc-default-executor-0] INFO  impl.SnapshotInstallationHandler (SnapshotInstallationHandler.java:installSnapshot(95)) - omNode-2@group-523986131536: reply installSnapshot: omNode-1<-omNode-2#0:FAIL-t6,IN_PROGRESS
2022-10-18 06:30:59,641 [grpc-default-executor-0] INFO  server.GrpcServerProtocolService (GrpcServerProtocolService.java:onCompleted(140)) - omNode-2: Completed INSTALL_SNAPSHOT, lastRequest: omNode-1->omNode-2#0-t6,notify:(t:5, i:59)
2022-10-18 06:30:59,641 [grpc-default-executor-2] INFO  leader.FollowerInfo (FollowerInfoImpl.java:lambda$new$0(48)) - omNode-1@group-523986131536->omNode-2: nextIndex: updateUnconditionally 57 -> 57
2022-10-18 06:30:59,641 [grpc-default-executor-0] INFO  server.GrpcLogAppender (GrpcLogAppender.java:onNext(403)) - omNode-1@group-523986131536->omNode-2-InstallSnapshotResponseHandler: received a reply omNode-1<-omNode-2#0:FAIL-t6,IN_PROGRESS
2022-10-18 06:30:59,641 [grpc-default-executor-0] INFO  server.GrpcLogAppender (GrpcLogAppender.java:onNext(421)) - omNode-1@group-523986131536->omNode-2-InstallSnapshotResponseHandler: InstallSnapshot in progress.
2022-10-18 06:30:59,641 [omNode-1@group-523986131536->omNode-2-GrpcLogAppender-LogAppenderDaemon] INFO  server.GrpcLogAppender (GrpcLogAppender.java:installSnapshot(541)) - omNode-1@group-523986131536->omNode-2-GrpcLogAppender: followerNextIndex = 57 but logStartIndex = 59, notify follower to install snapshot-(t:5, i:59)
2022-10-18 06:30:59,642 [omNode-1@group-523986131536->omNode-2-GrpcLogAppender-LogAppenderDaemon] INFO  server.GrpcLogAppender (GrpcLogAppender.java:installSnapshot(549)) - omNode-1@group-523986131536->omNode-2-GrpcLogAppender: send omNode-1->omNode-2#0-t6,notify:(t:5, i:59)
2022-10-18 06:30:59,642 [omNode-2-server-thread1] INFO  server.RaftServer$Division (RaftServerImpl.java:checkInconsistentAppendEntries(1402)) - omNode-2@group-523986131536: Failed appendEntries as snapshot (59) installation is in progress
2022-10-18 06:30:59,642 [grpc-default-executor-0] INFO  impl.SnapshotInstallationHandler (SnapshotInstallationHandler.java:installSnapshot(84)) - omNode-2@group-523986131536: receive installSnapshot: omNode-1->omNode-2#0-t6,notify:(t:5, i:59)
2022-10-18 06:30:59,642 [omNode-2-server-thread1] INFO  server.RaftServer$Division (RaftServerImpl.java:checkInconsistentAppendEntries(1394)) - omNode-2@group-523986131536: inconsistency entries. Reply:omNode-1<-omNode-2#264:FAIL-t6,INCONSISTENCY,nextIndex=57,followerCommit=56
2022-10-18 06:30:59,642 [grpc-default-executor-0] INFO  impl.SnapshotInstallationHandler (SnapshotInstallationHandler.java:installSnapshot(95)) - omNode-2@group-523986131536: reply installSnapshot: omNode-1<-omNode-2#0:FAIL-t6,IN_PROGRESS
2022-10-18 06:30:59,643 [grpc-default-executor-0] INFO  server.GrpcServerProtocolService (GrpcServerProtocolService.java:onCompleted(140)) - omNode-2: Completed INSTALL_SNAPSHOT, lastRequest: omNode-1->omNode-2#0-t6,notify:(t:5, i:59)
2022-10-18 06:30:59,643 [grpc-default-executor-0] INFO  leader.FollowerInfo (FollowerInfoImpl.java:lambda$new$0(48)) - omNode-1@group-523986131536->omNode-2: nextIndex: updateUnconditionally 57 -> 57
2022-10-18 06:30:59,643 [grpc-default-executor-2] INFO  server.GrpcLogAppender (GrpcLogAppender.java:onNext(403)) - omNode-1@group-523986131536->omNode-2-InstallSnapshotResponseHandler: received a reply omNode-1<-omNode-2#0:FAIL-t6,IN_PROGRESS
2022-10-18 06:30:59,643 [grpc-default-executor-2] INFO  server.GrpcLogAppender (GrpcLogAppender.java:onNext(421)) - omNode-1@group-523986131536->omNode-2-InstallSnapshotResponseHandler: InstallSnapshot in progress.
2022-10-18 06:30:59,643 [omNode-1@group-523986131536->omNode-2-GrpcLogAppender-LogAppenderDaemon] INFO  server.GrpcLogAppender (GrpcLogAppender.java:installSnapshot(541)) - omNode-1@group-523986131536->omNode-2-GrpcLogAppender: followerNextIndex = 57 but logStartIndex = 59, notify follower to install snapshot-(t:5, i:59)
2022-10-18 06:30:59,643 [omNode-1@group-523986131536->omNode-2-GrpcLogAppender-LogAppenderDaemon] INFO  server.GrpcLogAppender (GrpcLogAppender.java:installSnapshot(549)) - omNode-1@group-523986131536->omNode-2-GrpcLogAppender: send omNode-1->omNode-2#0-t6,notify:(t:5, i:59)
2022-10-18 06:30:59,644 [grpc-default-executor-2] INFO  impl.SnapshotInstallationHandler (SnapshotInstallationHandler.java:installSnapshot(84)) - omNode-2@group-523986131536: receive installSnapshot: omNode-1->omNode-2#0-t6,notify:(t:5, i:59)
2022-10-18 06:30:59,644 [grpc-default-executor-2] INFO  impl.SnapshotInstallationHandler (SnapshotInstallationHandler.java:installSnapshot(95)) - omNode-2@group-523986131536: reply installSnapshot: omNode-1<-omNode-2#0:FAIL-t6,IN_PROGRESS
2022-10-18 06:30:59,644 [grpc-default-executor-2] INFO  server.GrpcServerProtocolService (GrpcServerProtocolService.java:onCompleted(140)) - omNode-2: Completed INSTALL_SNAPSHOT, lastRequest: omNode-1->omNode-2#0-t6,notify:(t:5, i:59)
2022-10-18 06:30:59,644 [omNode-2-server-thread1] INFO  server.RaftServer$Division (RaftServerImpl.java:checkInconsistentAppendEntries(1402)) - omNode-2@group-523986131536: Failed appendEntries as snapshot (59) installation is in progress
2022-10-18 06:30:59,644 [omNode-2-server-thread1] INFO  server.RaftServer$Division (RaftServerImpl.java:checkInconsistentAppendEntries(1394)) - omNode-2@group-523986131536: inconsistency entries. Reply:omNode-1<-omNode-2#265:FAIL-t6,INCONSISTENCY,nextIndex=57,followerCommit=56
2022-10-18 06:30:59,644 [grpc-default-executor-0] INFO  server.GrpcLogAppender (GrpcLogAppender.java:onNext(403)) - omNode-1@group-523986131536->omNode-2-InstallSnapshotResponseHandler: received a reply omNode-1<-omNode-2#0:FAIL-t6,IN_PROGRESS
2022-10-18 06:30:59,645 [grpc-default-executor-0] INFO  server.GrpcLogAppender (GrpcLogAppender.java:onNext(421)) - omNode-1@group-523986131536->omNode-2-InstallSnapshotResponseHandler: InstallSnapshot in progress.
2022-10-18 06:30:59,645 [grpc-default-executor-3] INFO  leader.FollowerInfo (FollowerInfoImpl.java:lambda$new$0(48)) - omNode-1@group-523986131536->omNode-2: nextIndex: updateUnconditionally 57 -> 57
2022-10-18 06:30:59,650 [pool-366-thread-1] INFO  om.OzoneManager (OzoneManager.java:installCheckpoint(3817)) - Replaced DB with checkpoint from OM: omNode-1, term: 5, index: 143, time: 12 ms
2022-10-18 06:30:59,651 [pool-366-thread-1] WARN  server.ServerUtils (ServerUtils.java:getDBPath(225)) - ozone.om.db.dirs is not configured. We recommend adding this setting. Falling back to ozone.metadata.dirs instead.
2022-10-18 06:30:59,651 [pool-366-thread-1] INFO  codec.OmKeyInfoCodec (OmKeyInfoCodec.java:<init>(49)) - OmKeyInfoCodec ignorePipeline = true
2022-10-18 06:30:59,651 [pool-366-thread-1] INFO  codec.RepeatedOmKeyInfoCodec (RepeatedOmKeyInfoCodec.java:<init>(41)) - RepeatedOmKeyInfoCodec ignorePipeline = true
2022-10-18 06:30:59,731 [pool-366-thread-1] INFO  om.OzoneManager (OzoneManager.java:instantiateServices(712)) - S3 Multi-Tenancy is disabled
2022-10-18 06:30:59,733 [pool-366-thread-1] INFO  om.OzoneManager (OzoneManager.java:startTrashEmptier(1919)) - Trash Interval set to 0. Files deleted won't move to trash
2022-10-18 06:30:59,734 [pool-366-thread-1] INFO  ratis.OzoneManagerStateMachine (OzoneManagerStateMachine.java:unpause(406)) - OzoneManagerStateMachine is un-pausing
2022-10-18 06:30:59,735 [pool-366-thread-1] INFO  om.OzoneManager (OzoneManager.java:installCheckpoint(3839)) - Reloaded OM state with Term: 5 and Index: 143. Spend 85 ms
2022-10-18 06:30:59,735 [pool-366-thread-1] INFO  om.OzoneManager (OzoneManager.java:getRpcServer(1101)) - Creating RPC Server
2022-10-18 06:30:59,748 [grpc-default-executor-3] WARN  server.GrpcLogAppender (LogUtils.java:warn(122)) - omNode-1@group-523986131536->omNode-3-AppendLogResponseHandler: Failed appendEntries: org.apache.ratis.thirdparty.io.grpc.StatusRuntimeException: UNAVAILABLE: io exception
2022-10-18 06:30:59,749 [grpc-default-executor-3] WARN  server.GrpcLogAppender (GrpcLogAppender.java:resetClient(111)) - omNode-1@group-523986131536->omNode-3-GrpcLogAppender: Leader has not got in touch with Follower omNode-1@group-523986131536->omNode-3(c-1,m0,n146, attendVote=true, lastRpcSendTime=0, lastRpcResponseTime=2215) yet, just keep nextIndex unchanged and retry.
2022-10-18 06:30:59,998 [grpc-default-executor-0] WARN  server.GrpcLogAppender (LogUtils.java:warn(122)) - omNode-1@group-523986131536->omNode-3-AppendLogResponseHandler: Failed appendEntries: org.apache.ratis.thirdparty.io.grpc.StatusRuntimeException: UNAVAILABLE: io exception
2022-10-18 06:30:59,999 [grpc-default-executor-0] WARN  server.GrpcLogAppender (GrpcLogAppender.java:resetClient(111)) - omNode-1@group-523986131536->omNode-3-GrpcLogAppender: Leader has not got in touch with Follower omNode-1@group-523986131536->omNode-3(c-1,m0,n146, attendVote=true, lastRpcSendTime=250, lastRpcResponseTime=2465) yet, just keep nextIndex unchanged and retry.
2022-10-18 06:31:00,128 [pool-366-thread-1] INFO  reflections.Reflections (Reflections.java:scan(232)) - Reflections took 391 ms to scan 19 urls, producing 67 keys and 4238 values [using 2 cores]
2022-10-18 06:31:00,129 [pool-366-thread-1] INFO  ipc.CallQueueManager (CallQueueManager.java:<init>(90)) - Using callQueue: class java.util.concurrent.LinkedBlockingQueue, queueCapacity: 2000, scheduler: class org.apache.hadoop.ipc.DefaultRpcScheduler, ipcBackoff: false.
2022-10-18 06:31:00,135 [Socket Reader #1 for port 39045] INFO  ipc.Server (Server.java:run(1273)) - Starting Socket Reader #1 for port 39045
2022-10-18 06:31:00,140 [IPC Server Responder] INFO  ipc.Server (Server.java:run(1512)) - IPC Server Responder: starting
2022-10-18 06:31:00,140 [IPC Server listener on 39045] INFO  ipc.Server (Server.java:run(1352)) - IPC Server listener on 39045: starting
2022-10-18 06:31:00,151 [Listener at localhost/39045] INFO  om.OzoneManager (OzoneManager.java:installCheckpoint(3863)) - RPC server is re-started. Spend 416 ms.
2022-10-18 06:31:00,152 [Listener at localhost/39045] INFO  om.OzoneManager (OzoneManager.java:installCheckpoint(3889)) - Install Checkpoint is finished with Term: 5 and Index: 143. Spend 556 ms.
2022-10-18 06:31:00,152 [Listener at localhost/39045] INFO  impl.SnapshotInstallationHandler (SnapshotInstallationHandler.java:lambda$notifyStateMachineToInstallSnapshot$2(271)) - omNode-2@group-523986131536: StateMachine successfully installed snapshot index 143. Reloading the StateMachine.
2022-10-18 06:31:00,250 [grpc-default-executor-3] WARN  server.GrpcLogAppender (LogUtils.java:warn(122)) - omNode-1@group-523986131536->omNode-3-AppendLogResponseHandler: Failed appendEntries: org.apache.ratis.thirdparty.io.grpc.StatusRuntimeException: UNAVAILABLE: io exception
2022-10-18 06:31:00,251 [grpc-default-executor-3] WARN  server.GrpcLogAppender (GrpcLogAppender.java:resetClient(111)) - omNode-1@group-523986131536->omNode-3-GrpcLogAppender: Leader has not got in touch with Follower omNode-1@group-523986131536->omNode-3(c-1,m0,n146, attendVote=true, lastRpcSendTime=0, lastRpcResponseTime=2717) yet, just keep nextIndex unchanged and retry.
2022-10-18 06:31:00,500 [grpc-default-executor-0] WARN  server.GrpcLogAppender (LogUtils.java:warn(122)) - omNode-1@group-523986131536->omNode-3-AppendLogResponseHandler: Failed appendEntries: org.apache.ratis.thirdparty.io.grpc.StatusRuntimeException: UNAVAILABLE: io exception
2022-10-18 06:31:00,501 [grpc-default-executor-0] WARN  server.GrpcLogAppender (GrpcLogAppender.java:resetClient(111)) - omNode-1@group-523986131536->omNode-3-GrpcLogAppender: Leader has not got in touch with Follower omNode-1@group-523986131536->omNode-3(c-1,m0,n146, attendVote=true, lastRpcSendTime=0, lastRpcResponseTime=2968) yet, just keep nextIndex unchanged and retry.
2022-10-18 06:31:00,539 [Listener at localhost/39045] WARN  grpc.GrpcUtil (GrpcUtil.java:shutdownManagedChannel(216)) - Timed out gracefully shutting down connection: ManagedChannelOrphanWrapper{delegate=ManagedChannelImpl{logId=305, target=localhost:34021}}. 
2022-10-18 06:31:00,546 [Listener at localhost/39045] INFO  server.GrpcService (GrpcService.java:closeImpl(278)) - omNode-3: shutdown server with port 36149 successfully
2022-10-18 06:31:00,546 [grpc-default-executor-2] WARN  server.GrpcServerProtocolService (LogUtils.java:warn(122)) - omNode-2: installSnapshot onError, lastRequest: omNode-3->omNode-2#1-t5,previous=(t:4, i:58),leaderCommit=58,initializing? true,entries: size=1, first=(t:5, i:59), CONFIGURATIONENTRY: org.apache.ratis.thirdparty.io.grpc.StatusRuntimeException: CANCELLED: client cancelled
2022-10-18 06:31:00,546 [grpc-default-executor-0] INFO  server.GrpcLogAppender (GrpcLogAppender.java:onError(328)) - omNode-3@group-523986131536->omNode-2-GrpcLogAppender is stopped
2022-10-18 06:31:00,547 [org.apache.ratis.util.JvmPauseMonitor$$Lambda$703/523629281@fc74fa5] INFO  util.JvmPauseMonitor (JvmPauseMonitor.java:run(109)) - JvmPauseMonitor-omNode-3: Stopped
2022-10-18 06:31:00,547 [Listener at localhost/39045] INFO  ratis.OzoneManagerStateMachine (OzoneManagerStateMachine.java:close(495)) - StateMachine has shutdown. Shutdown OzoneManager if not already shutdown.
2022-10-18 06:31:00,547 [Listener at localhost/39045] INFO  ratis.OzoneManagerDoubleBuffer (OzoneManagerDoubleBuffer.java:stop(478)) - OMDoubleBuffer flush thread is not running.
2022-10-18 06:31:00,549 [Listener at localhost/39045] INFO  handler.ContextHandler (ContextHandler.java:doStop(1153)) - Stopped o.e.j.w.WebAppContext@61a2721d{ozoneManager,/,null,STOPPED}{file:/home/runner/work/ozone/ozone/hadoop-ozone/integration-test/target/test-classes/webapps/ozoneManager}
2022-10-18 06:31:00,550 [Listener at localhost/39045] INFO  server.AbstractConnector (AbstractConnector.java:doStop(381)) - Stopped ServerConnector@3a383b9e{HTTP/1.1, (http/1.1)}{0.0.0.0:45739}
2022-10-18 06:31:00,550 [Listener at localhost/39045] INFO  server.session (HouseKeeper.java:stopScavenging(149)) - node0 Stopped scavenging
2022-10-18 06:31:00,551 [Listener at localhost/39045] INFO  handler.ContextHandler (ContextHandler.java:doStop(1153)) - Stopped o.e.j.s.ServletContextHandler@62694fae{static,/static,file:///home/runner/work/ozone/ozone/hadoop-ozone/integration-test/target/test-classes/webapps/static,STOPPED}
2022-10-18 06:31:00,551 [Listener at localhost/39045] INFO  handler.ContextHandler (ContextHandler.java:doStop(1153)) - Stopped o.e.j.s.ServletContextHandler@3769634b{logs,/logs,file:///home/runner/work/ozone/ozone/hadoop-ozone/integration-test/target/log,STOPPED}
2022-10-18 06:31:00,556 [Listener at localhost/39045] INFO  om.OzoneManager (OzoneManager.java:restart(1571)) - OzoneManager RPC server is listening at localhost/127.0.0.1:45465
2022-10-18 06:31:00,556 [Listener at localhost/39045] INFO  impl.MetricsSystemImpl (MetricsSystemImpl.java:init(158)) - OzoneManager metrics system started (again)
2022-10-18 06:31:00,570 [Listener at localhost/39045] WARN  server.ServerUtils (ServerUtils.java:getDBPath(225)) - ozone.om.db.dirs is not configured. We recommend adding this setting. Falling back to ozone.metadata.dirs instead.
2022-10-18 06:31:00,571 [Listener at localhost/39045] INFO  codec.OmKeyInfoCodec (OmKeyInfoCodec.java:<init>(49)) - OmKeyInfoCodec ignorePipeline = true
2022-10-18 06:31:00,571 [Listener at localhost/39045] INFO  codec.RepeatedOmKeyInfoCodec (RepeatedOmKeyInfoCodec.java:<init>(41)) - RepeatedOmKeyInfoCodec ignorePipeline = true
2022-10-18 06:31:00,614 [Listener at localhost/39045] INFO  om.OzoneManager (OzoneManager.java:instantiateServices(712)) - S3 Multi-Tenancy is disabled
2022-10-18 06:31:00,621 [Listener at localhost/39045] WARN  server.ServerUtils (ServerUtils.java:getDefaultRatisDirectory(237)) - Storage directory for Ratis is not configured. It is a good idea to map this to an SSD disk. Falling back to ozone.metadata.dirs
2022-10-18 06:31:00,622 [Listener at localhost/39045] INFO  ratis.OzoneManagerRatisServer (OzoneManagerRatisServer.java:<init>(160)) - Instantiating OM Ratis server with groupID: om-service-test1 and peers: localhost:36149, localhost:46857, localhost:34021
2022-10-18 06:31:00,622 [Listener at localhost/39045] INFO  ratis.OzoneManagerStateMachine (OzoneManagerStateMachine.java:loadSnapshotInfoFromDB(632)) - LastAppliedIndex is set from TransactionInfo from OM DB as (t:5, i:144)
2022-10-18 06:31:00,625 [Listener at localhost/39045] INFO  server.RaftServer (ConfUtils.java:logGet(46)) - raft.rpc.type = GRPC (default)
2022-10-18 06:31:00,625 [Listener at localhost/39045] INFO  grpc.GrpcFactory (GrpcFactory.java:checkPooledByteBufAllocatorUseCacheForAllThreads(48)) - PERFORMANCE WARNING: useCacheForAllThreads is true that may cause Netty to create a lot garbage objects and, as a result, trigger GC.
	It is recommended to disable useCacheForAllThreads by setting -Dorg.apache.ratis.thirdparty.io.netty.allocator.useCacheForAllThreads=false in command line.
2022-10-18 06:31:00,625 [Listener at localhost/39045] INFO  grpc.GrpcConfigKeys (ConfUtils.java:logGet(46)) - raft.grpc.admin.port = -1 (default)
2022-10-18 06:31:00,626 [Listener at localhost/39045] INFO  grpc.GrpcConfigKeys (ConfUtils.java:logGet(46)) - raft.grpc.server.port = 36149 (custom)
2022-10-18 06:31:00,626 [Listener at localhost/39045] INFO  grpc.GrpcConfigKeys (ConfUtils.java:logGet(46)) - raft.grpc.client.port = -1 (default)
2022-10-18 06:31:00,626 [Listener at localhost/39045] INFO  grpc.GrpcConfigKeys (ConfUtils.java:logGet(46)) - raft.grpc.server.port = 36149 (custom)
2022-10-18 06:31:00,626 [Listener at localhost/39045] INFO  grpc.GrpcConfigKeys (ConfUtils.java:logGet(46)) - raft.grpc.server.port = 36149 (custom)
2022-10-18 06:31:00,626 [Listener at localhost/39045] INFO  server.GrpcService (ConfUtils.java:logGet(46)) - raft.grpc.message.size.max = 33554432 (custom)
2022-10-18 06:31:00,626 [Listener at localhost/39045] INFO  server.RaftServerConfigKeys (ConfUtils.java:logGet(46)) - raft.server.log.appender.buffer.byte-limit = 33554432 (custom)
2022-10-18 06:31:00,626 [Listener at localhost/39045] INFO  server.GrpcService (ConfUtils.java:logGet(46)) - raft.grpc.flow.control.window = 1MB (=1048576) (default)
2022-10-18 06:31:00,626 [Listener at localhost/39045] INFO  server.RaftServerConfigKeys (ConfUtils.java:logGet(46)) - raft.server.rpc.request.timeout = 3000ms (default)
2022-10-18 06:31:00,626 [Listener at localhost/39045] INFO  grpc.GrpcConfigKeys (ConfUtils.java:logGet(46)) - raft.grpc.server.async.request.thread.pool.cached = true (default)
2022-10-18 06:31:00,627 [Listener at localhost/39045] INFO  grpc.GrpcConfigKeys (ConfUtils.java:logGet(46)) - raft.grpc.server.async.request.thread.pool.size = 32 (default)
2022-10-18 06:31:00,628 [Listener at localhost/39045] INFO  impl.DataStreamServerImpl (ConfUtils.java:logGet(46)) - raft.datastream.type = DISABLED (default)
2022-10-18 06:31:00,628 [Listener at localhost/39045] INFO  server.RaftServerConfigKeys (ConfUtils.java:logGet(46)) - raft.server.threadpool.proxy.cached = true (default)
2022-10-18 06:31:00,628 [Listener at localhost/39045] INFO  server.RaftServerConfigKeys (ConfUtils.java:logGet(46)) - raft.server.threadpool.proxy.size = 0 (default)
2022-10-18 06:31:00,628 [Listener at localhost/39045] INFO  server.RaftServerConfigKeys (ConfUtils.java:logGet(46)) - raft.server.rpc.slowness.timeout = 2s (custom)
2022-10-18 06:31:00,628 [Listener at localhost/39045] INFO  server.RaftServerConfigKeys (ConfUtils.java:logGet(46)) - raft.server.leaderelection.leader.step-down.wait-time = 10s (default)
2022-10-18 06:31:00,630 [Listener at localhost/39045] INFO  server.RaftServerConfigKeys (ConfUtils.java:logGet(46)) - raft.server.storage.dir = [/home/runner/work/ozone/ozone/hadoop-ozone/integration-test/target/test-dir/MiniOzoneClusterImpl-489ebd61-a341-4d14-a135-ade311a26152/omNode-3/ratis] (custom)
2022-10-18 06:31:00,633 [omNode-3-impl-thread1] INFO  server.RaftServer (RaftServerProxy.java:initGroupDir(247)) - omNode-3: found a subdirectory /home/runner/work/ozone/ozone/hadoop-ozone/integration-test/target/test-dir/MiniOzoneClusterImpl-489ebd61-a341-4d14-a135-ade311a26152/omNode-3/ratis/c9bc4cf4-3bc3-3c60-a66b-523986131536
2022-10-18 06:31:00,633 [Listener at localhost/39045] INFO  server.RaftServer (RaftServerProxy.java:addNew(96)) - omNode-3: addNew group-523986131536:[omNode-3|rpc:localhost:36149|priority:0, omNode-1|rpc:localhost:46857|priority:0, omNode-2|rpc:localhost:34021|priority:0] returns group-523986131536:java.util.concurrent.CompletableFuture@37b4ef1d[Not completed]
2022-10-18 06:31:00,634 [Listener at localhost/39045] INFO  om.OzoneManager (OzoneManager.java:initializeRatisServer(1975)) - OzoneManager Ratis server initialized at port 36149
2022-10-18 06:31:00,634 [Listener at localhost/39045] INFO  ratis.OzoneManagerRatisServer (OzoneManagerRatisServer.java:start(555)) - Starting OzoneManagerRatisServer omNode-3 at port 36149
2022-10-18 06:31:00,634 [pool-444-thread-1] INFO  server.RaftServer$Division (RaftServerImpl.java:<init>(190)) - omNode-3: new RaftServerImpl for group-523986131536:[omNode-3|rpc:localhost:36149|priority:0, omNode-1|rpc:localhost:46857|priority:0, omNode-2|rpc:localhost:34021|priority:0] with OzoneManagerStateMachine:uninitialized
2022-10-18 06:31:00,634 [pool-444-thread-1] INFO  server.RaftServerConfigKeys (ConfUtils.java:logGet(46)) - raft.server.rpc.timeout.min = 1s (custom)
2022-10-18 06:31:00,634 [pool-444-thread-1] INFO  server.RaftServerConfigKeys (ConfUtils.java:logGet(46)) - raft.server.rpc.timeout.max = 1200ms (custom)
2022-10-18 06:31:00,634 [pool-444-thread-1] INFO  server.RaftServerConfigKeys (ConfUtils.java:logGet(46)) - raft.server.rpc.sleep.time = 25ms (default)
2022-10-18 06:31:00,634 [pool-444-thread-1] INFO  server.RaftServerConfigKeys (ConfUtils.java:logGet(46)) - raft.server.rpc.slowness.timeout = 2s (custom)
2022-10-18 06:31:00,634 [pool-444-thread-1] INFO  server.RaftServerConfigKeys (ConfUtils.java:logGet(46)) - raft.server.leaderelection.leader.step-down.wait-time = 10s (default)
2022-10-18 06:31:00,634 [pool-444-thread-1] INFO  server.RaftServerConfigKeys (ConfUtils.java:logGet(46)) - raft.server.sleep.deviation.threshold = 300ms (default)
2022-10-18 06:31:00,634 [pool-444-thread-1] INFO  server.RaftServer$Division (ServerState.java:<init>(107)) - omNode-3@group-523986131536: ConfigurationManager, init=-1: [omNode-3|rpc:localhost:36149|priority:0, omNode-1|rpc:localhost:46857|priority:0, omNode-2|rpc:localhost:34021|priority:0], old=null, confs=<EMPTY_MAP>
2022-10-18 06:31:00,634 [pool-444-thread-1] INFO  server.RaftServerConfigKeys (ConfUtils.java:logGet(46)) - raft.server.storage.dir = [/home/runner/work/ozone/ozone/hadoop-ozone/integration-test/target/test-dir/MiniOzoneClusterImpl-489ebd61-a341-4d14-a135-ade311a26152/omNode-3/ratis] (custom)
2022-10-18 06:31:00,634 [pool-444-thread-1] INFO  server.RaftServerConfigKeys (ConfUtils.java:logGet(46)) - raft.server.log.corruption.policy = EXCEPTION (default)
2022-10-18 06:31:00,635 [pool-444-thread-1] INFO  server.RaftServerConfigKeys (ConfUtils.java:logGet(46)) - raft.server.storage.free-space.min = 0MB (=0) (default)
2022-10-18 06:31:00,635 [pool-444-thread-1] INFO  storage.RaftStorageDirectory (RaftStorageDirectoryImpl.java:tryLock(230)) - Lock on /home/runner/work/ozone/ozone/hadoop-ozone/integration-test/target/test-dir/MiniOzoneClusterImpl-489ebd61-a341-4d14-a135-ade311a26152/omNode-3/ratis/c9bc4cf4-3bc3-3c60-a66b-523986131536/in_use.lock acquired by nodename 30337@fv-az241-838
2022-10-18 06:31:00,636 [pool-444-thread-1] INFO  storage.RaftStorage (RaftStorageImpl.java:analyzeAndRecoverStorage(110)) - Read RaftStorageMetadata{term=5, votedFor=omNode-3} from /home/runner/work/ozone/ozone/hadoop-ozone/integration-test/target/test-dir/MiniOzoneClusterImpl-489ebd61-a341-4d14-a135-ade311a26152/omNode-3/ratis/c9bc4cf4-3bc3-3c60-a66b-523986131536/current/raft-meta
2022-10-18 06:31:00,636 [pool-444-thread-1] INFO  server.RaftServer$Division (ServerState.java:setRaftConf(393)) - omNode-3@group-523986131536: set configuration 59: [omNode-3|rpc:localhost:36149|admin:|client:|dataStream:|priority:0, omNode-1|rpc:localhost:46857|admin:|client:|dataStream:|priority:0, omNode-2|rpc:localhost:34021|admin:|client:|dataStream:|priority:0], old=null
2022-10-18 06:31:00,636 [pool-444-thread-1] INFO  server.RaftServerConfigKeys (ConfUtils.java:logGet(46)) - raft.server.notification.no-leader.timeout = 2s (custom)
2022-10-18 06:31:00,636 [pool-444-thread-1] INFO  server.RaftServerConfigKeys (ConfUtils.java:logGet(46)) - raft.server.log.use.memory = false (default)
2022-10-18 06:31:00,636 [pool-444-thread-1] INFO  server.RaftServerConfigKeys (ConfUtils.java:logGet(46)) - raft.server.log.purge.gap = 50 (custom)
2022-10-18 06:31:00,636 [pool-444-thread-1] INFO  server.RaftServerConfigKeys (ConfUtils.java:logGet(46)) - raft.server.log.appender.buffer.byte-limit = 33554432 (custom)
2022-10-18 06:31:00,636 [pool-444-thread-1] INFO  server.RaftServerConfigKeys (ConfUtils.java:logGet(46)) - raft.server.log.statemachine.data.read.timeout = 1000ms (default)
2022-10-18 06:31:00,636 [pool-444-thread-1] INFO  server.RaftServerConfigKeys (ConfUtils.java:logGet(46)) - raft.server.log.segment.size.max = 4194304 (custom)
2022-10-18 06:31:00,637 [pool-444-thread-1] INFO  server.RaftServerConfigKeys (ConfUtils.java:logGet(46)) - raft.server.log.segment.cache.num.max = 2 (custom)
2022-10-18 06:31:00,637 [pool-444-thread-1] INFO  server.RaftServerConfigKeys (ConfUtils.java:logGet(46)) - raft.server.log.segment.cache.size.max = 200MB (=209715200) (default)
2022-10-18 06:31:00,637 [pool-444-thread-1] INFO  segmented.SegmentedRaftLogWorker (SegmentedRaftLogWorker.java:<init>(187)) - new omNode-3@group-523986131536-SegmentedRaftLogWorker for RaftStorageImpl:Storage Directory /home/runner/work/ozone/ozone/hadoop-ozone/integration-test/target/test-dir/MiniOzoneClusterImpl-489ebd61-a341-4d14-a135-ade311a26152/omNode-3/ratis/c9bc4cf4-3bc3-3c60-a66b-523986131536
2022-10-18 06:31:00,637 [pool-444-thread-1] INFO  server.RaftServerConfigKeys (ConfUtils.java:logGet(46)) - raft.server.log.queue.byte-limit = 64MB (=67108864) (default)
2022-10-18 06:31:00,637 [pool-444-thread-1] INFO  server.RaftServerConfigKeys (ConfUtils.java:logGet(46)) - raft.server.log.queue.element-limit = 4096 (default)
2022-10-18 06:31:00,637 [pool-444-thread-1] INFO  server.RaftServerConfigKeys (ConfUtils.java:logGet(46)) - raft.server.log.segment.size.max = 4194304 (custom)
2022-10-18 06:31:00,639 [pool-444-thread-1] INFO  server.RaftServerConfigKeys (ConfUtils.java:logGet(46)) - raft.server.log.preallocated.size = 4194304 (custom)
2022-10-18 06:31:00,639 [pool-444-thread-1] INFO  server.RaftServerConfigKeys (ConfUtils.java:logGet(46)) - raft.server.log.force.sync.num = 128 (default)
2022-10-18 06:31:00,639 [pool-444-thread-1] INFO  server.RaftServerConfigKeys (ConfUtils.java:logGet(46)) - raft.server.log.statemachine.data.sync = true (default)
2022-10-18 06:31:00,639 [pool-444-thread-1] INFO  server.RaftServerConfigKeys (ConfUtils.java:logGet(46)) - raft.server.log.statemachine.data.sync.timeout = 10s (default)
2022-10-18 06:31:00,639 [pool-444-thread-1] INFO  server.RaftServerConfigKeys (ConfUtils.java:logGet(46)) - raft.server.log.statemachine.data.sync.timeout.retry = -1 (default)
2022-10-18 06:31:00,640 [pool-444-thread-1] INFO  server.RaftServerConfigKeys (ConfUtils.java:logGet(46)) - raft.server.log.write.buffer.size = 64KB (=65536) (default)
2022-10-18 06:31:00,640 [pool-444-thread-1] INFO  server.RaftServerConfigKeys (ConfUtils.java:logGet(46)) - raft.server.log.unsafe-flush.enabled = false (default)
2022-10-18 06:31:00,640 [pool-444-thread-1] INFO  server.RaftServerConfigKeys (ConfUtils.java:logGet(46)) - raft.server.log.statemachine.data.caching.enabled = false (default)
2022-10-18 06:31:00,642 [pool-444-thread-1] INFO  server.RaftServer$Division (ServerState.java:setRaftConf(393)) - omNode-3@group-523986131536: set configuration 59: [omNode-3|rpc:localhost:36149|admin:|client:|dataStream:|priority:0, omNode-1|rpc:localhost:46857|admin:|client:|dataStream:|priority:0, omNode-2|rpc:localhost:34021|admin:|client:|dataStream:|priority:0], old=null
2022-10-18 06:31:00,647 [pool-444-thread-1] INFO  segmented.LogSegment (LogSegment.java:loadSegment(173)) - Successfully read 86 entries from segment file /home/runner/work/ozone/ozone/hadoop-ozone/integration-test/target/test-dir/MiniOzoneClusterImpl-489ebd61-a341-4d14-a135-ade311a26152/omNode-3/ratis/c9bc4cf4-3bc3-3c60-a66b-523986131536/current/log_inprogress_59
2022-10-18 06:31:00,647 [pool-444-thread-1] INFO  segmented.SegmentedRaftLogWorker (SegmentedRaftLogWorker.java:lambda$new$0(135)) - omNode-3@group-523986131536-SegmentedRaftLogWorker: flushIndex: setUnconditionally 0 -> 144
2022-10-18 06:31:00,647 [pool-444-thread-1] INFO  segmented.SegmentedRaftLogWorker (SegmentedRaftLogWorker.java:lambda$new$0(135)) - omNode-3@group-523986131536-SegmentedRaftLogWorker: safeCacheEvictIndex: setUnconditionally 0 -> -1
2022-10-18 06:31:00,656 [pool-444-thread-1] INFO  raftlog.RaftLog (RaftLogBase.java:lambda$new$0(53)) - omNode-3@group-523986131536-SegmentedRaftLog: commitIndex: updateToMax old=144, new=143, updated? false
2022-10-18 06:31:00,656 [pool-444-thread-1] INFO  raftlog.RaftLog (RaftLogBase.java:lambda$new$0(53)) - omNode-3@group-523986131536-SegmentedRaftLog: purgeIndex: updateIncreasingly -1 -> 58
2022-10-18 06:31:00,657 [pool-444-thread-1] INFO  server.RaftServerConfigKeys (ConfUtils.java:logGet(46)) - raft.server.snapshot.auto.trigger.enabled = true (custom)
2022-10-18 06:31:00,669 [pool-444-thread-1] INFO  server.RaftServerConfigKeys (ConfUtils.java:logGet(46)) - raft.server.snapshot.auto.trigger.threshold = 50 (custom)
2022-10-18 06:31:00,669 [pool-444-thread-1] INFO  server.RaftServerConfigKeys (ConfUtils.java:logGet(46)) - raft.server.snapshot.retention.file.num = -1 (default)
2022-10-18 06:31:00,669 [pool-444-thread-1] INFO  server.RaftServerConfigKeys (ConfUtils.java:logGet(46)) - raft.server.log.purge.upto.snapshot.index = true (custom)
2022-10-18 06:31:00,669 [pool-444-thread-1] INFO  server.RaftServerConfigKeys (ConfUtils.java:logGet(46)) - raft.server.retrycache.expirytime = 30000ms (custom)
2022-10-18 06:31:00,669 [pool-444-thread-1] INFO  server.RaftServerConfigKeys (ConfUtils.java:logGet(46)) - raft.server.retrycache.statistics.expirytime = 100μs (default)
2022-10-18 06:31:00,670 [pool-444-thread-1] INFO  server.RaftServerConfigKeys (ConfUtils.java:logGet(46)) - raft.server.log.appender.install.snapshot.enabled = false (custom)
2022-10-18 06:31:00,670 [pool-444-thread-1] INFO  server.RaftServerConfigKeys (ConfUtils.java:logGet(46)) - raft.server.threadpool.server.cached = true (default)
2022-10-18 06:31:00,670 [pool-444-thread-1] INFO  server.RaftServerConfigKeys (ConfUtils.java:logGet(46)) - raft.server.threadpool.server.size = 0 (default)
2022-10-18 06:31:00,670 [pool-444-thread-1] INFO  server.RaftServerConfigKeys (ConfUtils.java:logGet(46)) - raft.server.threadpool.client.cached = true (default)
2022-10-18 06:31:00,670 [pool-444-thread-1] INFO  server.RaftServerConfigKeys (ConfUtils.java:logGet(46)) - raft.server.threadpool.client.size = 0 (default)
2022-10-18 06:31:00,670 [omNode-3-impl-thread1] INFO  server.RaftServer$Division (RaftServerImpl.java:start(310)) - omNode-3@group-523986131536: start as a follower, conf=59: [omNode-3|rpc:localhost:36149|admin:|client:|dataStream:|priority:0, omNode-1|rpc:localhost:46857|admin:|client:|dataStream:|priority:0, omNode-2|rpc:localhost:34021|admin:|client:|dataStream:|priority:0], old=null
2022-10-18 06:31:00,670 [omNode-3-impl-thread1] INFO  server.RaftServer$Division (RaftServerImpl.java:setRole(299)) - omNode-3@group-523986131536: changes role from      null to FOLLOWER at term 5 for startAsFollower
2022-10-18 06:31:00,670 [omNode-3-impl-thread1] INFO  impl.RoleInfo (RoleInfo.java:updateAndGet(139)) - omNode-3: start omNode-3@group-523986131536-FollowerState
2022-10-18 06:31:00,671 [omNode-3-impl-thread1] INFO  util.JmxRegister (JmxRegister.java:tryRegister(44)) - Successfully registered JMX Bean with object name Ratis:service=RaftServer,group=group-523986131536,id=omNode-3
2022-10-18 06:31:00,673 [Listener at localhost/39045] INFO  server.RaftServer (RaftServerProxy.java:lambda$start$6(382)) - omNode-3: start RPC server
2022-10-18 06:31:00,679 [Listener at localhost/39045] INFO  server.GrpcService (GrpcService.java:startImpl(260)) - omNode-3: GrpcService started, listening on 36149
2022-10-18 06:31:00,680 [Listener at localhost/39045] INFO  om.OzoneManager (OzoneManager.java:getRpcServer(1101)) - Creating RPC Server
2022-10-18 06:31:00,686 [org.apache.ratis.util.JvmPauseMonitor$$Lambda$703/523629281@5e8811a1] INFO  util.JvmPauseMonitor (JvmPauseMonitor.java:run(103)) - JvmPauseMonitor-omNode-3: Started
2022-10-18 06:31:00,757 [grpc-default-executor-0] WARN  server.GrpcLogAppender (LogUtils.java:warn(122)) - omNode-1@group-523986131536->omNode-3-AppendLogResponseHandler: Failed appendEntries: org.apache.ratis.thirdparty.io.grpc.StatusRuntimeException: UNAVAILABLE: io exception
2022-10-18 06:31:00,758 [grpc-default-executor-0] WARN  server.GrpcLogAppender (GrpcLogAppender.java:resetClient(111)) - omNode-1@group-523986131536->omNode-3-GrpcLogAppender: Leader has not got in touch with Follower omNode-1@group-523986131536->omNode-3(c-1,m0,n146, attendVote=true, lastRpcSendTime=257, lastRpcResponseTime=3224) yet, just keep nextIndex unchanged and retry.
2022-10-18 06:31:00,961 [omNode-2@group-523986131536-FollowerState] INFO  impl.FollowerState (FollowerState.java:run(143)) - omNode-2@group-523986131536-FollowerState: change to CANDIDATE, lastRpcElapsedTime:1316266393ns, electionTimeout:1060ms
2022-10-18 06:31:00,961 [omNode-2@group-523986131536-FollowerState] INFO  impl.RoleInfo (RoleInfo.java:shutdownFollowerState(110)) - omNode-2: shutdown omNode-2@group-523986131536-FollowerState
2022-10-18 06:31:00,961 [omNode-2@group-523986131536-FollowerState] INFO  server.RaftServer$Division (RaftServerImpl.java:setRole(299)) - omNode-2@group-523986131536: changes role from  FOLLOWER to CANDIDATE at term 6 for changeToCandidate
2022-10-18 06:31:00,961 [omNode-2@group-523986131536-FollowerState] INFO  server.RaftServerConfigKeys (ConfUtils.java:logGet(46)) - raft.server.leaderelection.pre-vote = false (custom)
2022-10-18 06:31:00,961 [omNode-2@group-523986131536-FollowerState] INFO  impl.RoleInfo (RoleInfo.java:updateAndGet(139)) - omNode-2: start omNode-2@group-523986131536-LeaderElection13
2022-10-18 06:31:00,981 [omNode-2@group-523986131536-LeaderElection13] INFO  server.RaftServer$Division (ServerState.java:setLeader(287)) - omNode-2@group-523986131536: change Leader from omNode-1 to null at term 6 for ELECTION
2022-10-18 06:31:00,983 [omNode-2@group-523986131536-LeaderElection13] INFO  impl.LeaderElection (LeaderElection.java:askForVotes(310)) - omNode-2@group-523986131536-LeaderElection13 ELECTION round 0: submit vote requests at term 7 for 145: [omNode-3|rpc:localhost:36149|admin:|client:|dataStream:|priority:0, omNode-1|rpc:localhost:46857|admin:|client:|dataStream:|priority:0, omNode-2|rpc:localhost:34021|admin:|client:|dataStream:|priority:0], old=null
2022-10-18 06:31:00,994 [grpc-default-executor-2] INFO  server.RaftServer$Division (RaftServerImpl.java:requestVote(1152)) - omNode-3@group-523986131536: receive requestVote(ELECTION, omNode-2, group-523986131536, 7, (t:3, i:56))
2022-10-18 06:31:00,994 [grpc-default-executor-2] INFO  impl.VoteContext (VoteContext.java:log(48)) - omNode-3@group-523986131536-FOLLOWER: reject ELECTION from omNode-2: our last entry (t:5, i:144) > candidate's last entry (t:3, i:56)
2022-10-18 06:31:00,994 [grpc-default-executor-2] INFO  server.RaftServer$Division (RaftServerImpl.java:setRole(299)) - omNode-3@group-523986131536: changes role from  FOLLOWER to FOLLOWER at term 7 for candidate:omNode-2
2022-10-18 06:31:00,994 [grpc-default-executor-2] INFO  impl.RoleInfo (RoleInfo.java:shutdownFollowerState(110)) - omNode-3: shutdown omNode-3@group-523986131536-FollowerState
2022-10-18 06:31:00,994 [grpc-default-executor-2] INFO  impl.RoleInfo (RoleInfo.java:updateAndGet(139)) - omNode-3: start omNode-3@group-523986131536-FollowerState
2022-10-18 06:31:00,994 [omNode-3@group-523986131536-FollowerState] INFO  impl.FollowerState (FollowerState.java:run(152)) - omNode-3@group-523986131536-FollowerState was interrupted
2022-10-18 06:31:01,017 [grpc-default-executor-2] INFO  server.RaftServer$Division (RaftServerImpl.java:requestVote(1184)) - omNode-3@group-523986131536 replies to ELECTION vote request: omNode-2<-omNode-3#0:FAIL-t7. Peer's state: omNode-3@group-523986131536:t7, leader=null, voted=null, raftlog=omNode-3@group-523986131536-SegmentedRaftLog:OPENED:c144, conf=59: [omNode-3|rpc:localhost:36149|admin:|client:|dataStream:|priority:0, omNode-1|rpc:localhost:46857|admin:|client:|dataStream:|priority:0, omNode-2|rpc:localhost:34021|admin:|client:|dataStream:|priority:0], old=null
2022-10-18 06:31:01,036 [grpc-default-executor-0] INFO  server.RaftServer$Division (RaftServerImpl.java:requestVote(1152)) - omNode-1@group-523986131536: receive requestVote(ELECTION, omNode-2, group-523986131536, 7, (t:3, i:56))
2022-10-18 06:31:01,037 [grpc-default-executor-0] INFO  impl.VoteContext (VoteContext.java:log(48)) - omNode-1@group-523986131536-LEADER: reject ELECTION from omNode-2: our last entry (t:6, i:145) > candidate's last entry (t:3, i:56)
2022-10-18 06:31:01,037 [grpc-default-executor-0] INFO  server.RaftServer$Division (ServerState.java:setLeader(287)) - omNode-1@group-523986131536: change Leader from omNode-1 to null at term 7 for updateCurrentTerm
2022-10-18 06:31:01,037 [grpc-default-executor-0] INFO  server.RaftServer$Division (RaftServerImpl.java:setRole(299)) - omNode-1@group-523986131536: changes role from    LEADER to FOLLOWER at term 7 for candidate:omNode-2
2022-10-18 06:31:01,037 [grpc-default-executor-0] INFO  impl.RoleInfo (RoleInfo.java:shutdownLeaderState(93)) - omNode-1: shutdown omNode-1@group-523986131536-LeaderStateImpl
2022-10-18 06:31:01,037 [omNode-1@group-523986131536->omNode-3-GrpcLogAppender-LogAppenderDaemon] WARN  server.GrpcLogAppender (GrpcLogAppender.java:mayWait(171)) - omNode-1@group-523986131536->omNode-3-GrpcLogAppender: Wait interrupted by java.lang.InterruptedException
2022-10-18 06:31:01,037 [grpc-default-executor-0] INFO  impl.PendingRequests (PendingRequests.java:sendNotLeaderResponses(282)) - omNode-1@group-523986131536-PendingRequests: sendNotLeaderResponses
2022-10-18 06:31:01,038 [grpc-default-executor-0] INFO  impl.RoleInfo (RoleInfo.java:updateAndGet(139)) - omNode-1: start omNode-1@group-523986131536-FollowerState
2022-10-18 06:31:01,038 [grpc-default-executor-2] INFO  server.GrpcServerProtocolService (GrpcServerProtocolService.java:onCompleted(140)) - omNode-3: Completed APPEND_ENTRIES, lastRequest: null
2022-10-18 06:31:01,040 [grpc-default-executor-2] INFO  server.GrpcServerProtocolService (GrpcServerProtocolService.java:onCompleted(140)) - omNode-2: Completed APPEND_ENTRIES, lastRequest: omNode-1->omNode-2#1-t6,previous=(t:5, i:144),leaderCommit=143,initializing? true,entries: size=1, first=(t:6, i:145), CONFIGURATIONENTRY
2022-10-18 06:31:01,040 [grpc-default-executor-2] INFO  server.GrpcLogAppender (GrpcLogAppender.java:onCompleted(339)) - omNode-1@group-523986131536->omNode-2-AppendLogResponseHandler: follower responses appendEntries COMPLETED
2022-10-18 06:31:01,040 [grpc-default-executor-2] INFO  leader.FollowerInfo (FollowerInfoImpl.java:lambda$new$0(48)) - omNode-1@group-523986131536->omNode-2: nextIndex: updateUnconditionally 57 -> 1
2022-10-18 06:31:01,040 [grpc-default-executor-0] INFO  server.RaftServer$Division (RaftServerImpl.java:requestVote(1184)) - omNode-1@group-523986131536 replies to ELECTION vote request: omNode-2<-omNode-1#0:FAIL-t7. Peer's state: omNode-1@group-523986131536:t7, leader=null, voted=null, raftlog=omNode-1@group-523986131536-SegmentedRaftLog:OPENED:c143, conf=145: [omNode-3|rpc:localhost:36149|admin:|client:|dataStream:|priority:0, omNode-1|rpc:localhost:46857|admin:|client:|dataStream:|priority:0, omNode-2|rpc:localhost:34021|admin:|client:|dataStream:|priority:0], old=null
2022-10-18 06:31:01,041 [grpc-default-executor-3] INFO  server.GrpcLogAppender (GrpcLogAppender.java:onCompleted(339)) - omNode-1@group-523986131536->omNode-3-AppendLogResponseHandler: follower responses appendEntries COMPLETED
2022-10-18 06:31:01,041 [grpc-default-executor-3] INFO  leader.FollowerInfo (FollowerInfoImpl.java:lambda$new$0(48)) - omNode-1@group-523986131536->omNode-3: nextIndex: updateUnconditionally 146 -> 1
2022-10-18 06:31:01,042 [omNode-2@group-523986131536-LeaderElection13] INFO  impl.LeaderElection (LeaderElection.java:logAndReturn(90)) - omNode-2@group-523986131536-LeaderElection13: ELECTION REJECTED received 2 response(s) and 0 exception(s):
2022-10-18 06:31:01,042 [omNode-2@group-523986131536-LeaderElection13] INFO  impl.LeaderElection (LeaderElection.java:logAndReturn(94)) -   Response 0: omNode-2<-omNode-3#0:FAIL-t7
2022-10-18 06:31:01,042 [omNode-2@group-523986131536-LeaderElection13] INFO  impl.LeaderElection (LeaderElection.java:logAndReturn(94)) -   Response 1: omNode-2<-omNode-1#0:FAIL-t7
2022-10-18 06:31:01,042 [omNode-2@group-523986131536-LeaderElection13] INFO  impl.LeaderElection (LeaderElection.java:askForVotes(312)) - omNode-2@group-523986131536-LeaderElection13 ELECTION round 0: result REJECTED
2022-10-18 06:31:01,042 [omNode-2@group-523986131536-LeaderElection13] INFO  server.RaftServer$Division (RaftServerImpl.java:setRole(299)) - omNode-2@group-523986131536: changes role from CANDIDATE to FOLLOWER at term 7 for REJECTED
2022-10-18 06:31:01,042 [omNode-2@group-523986131536-LeaderElection13] INFO  impl.RoleInfo (RoleInfo.java:shutdownLeaderElection(130)) - omNode-2: shutdown omNode-2@group-523986131536-LeaderElection13
2022-10-18 06:31:01,042 [omNode-2@group-523986131536-LeaderElection13] INFO  impl.RoleInfo (RoleInfo.java:updateAndGet(139)) - omNode-2: start omNode-2@group-523986131536-FollowerState
2022-10-18 06:31:01,165 [Listener at localhost/39045] INFO  reflections.Reflections (Reflections.java:scan(232)) - Reflections took 484 ms to scan 19 urls, producing 67 keys and 4238 values [using 2 cores]
2022-10-18 06:31:01,166 [Listener at localhost/39045] INFO  ipc.CallQueueManager (CallQueueManager.java:<init>(90)) - Using callQueue: class java.util.concurrent.LinkedBlockingQueue, queueCapacity: 2000, scheduler: class org.apache.hadoop.ipc.DefaultRpcScheduler, ipcBackoff: false.
2022-10-18 06:31:01,167 [Socket Reader #1 for port 45465] INFO  ipc.Server (Server.java:run(1273)) - Starting Socket Reader #1 for port 45465
2022-10-18 06:31:01,173 [Listener at localhost/45465] INFO  http.BaseHttpServer (BaseHttpServer.java:newHttpServer2BuilderForOzone(213)) - Starting Web-server for ozoneManager at: http://0.0.0.0:45739
2022-10-18 06:31:01,173 [Listener at localhost/45465] INFO  http.BaseHttpServer (BaseHttpServer.java:<init>(108)) - Hadoop Security Enabled: false Ozone Security Enabled: false Ozone HTTP Security Enabled: false 
2022-10-18 06:31:01,175 [Listener at localhost/45465] WARN  server.AuthenticationFilter (AuthenticationFilter.java:constructSecretProvider(240)) - Unable to initialize FileSignerSecretProvider, falling back to use random secrets. Reason: Could not read signature secret file: /home/runner/hadoop-http-auth-signature-secret
2022-10-18 06:31:01,178 [Listener at localhost/45465] WARN  http.HttpRequestLog (HttpRequestLog.java:getRequestLog(103)) - Jetty request log can only be enabled using Log4j
2022-10-18 06:31:01,179 [Listener at localhost/45465] INFO  http.HttpServer2 (HttpServer2.java:addGlobalFilter(1031)) - Added global filter 'safety' (class=org.apache.hadoop.hdds.server.http.HttpServer2$QuotingInputFilter)
2022-10-18 06:31:01,180 [Listener at localhost/45465] INFO  http.HttpServer2 (HttpServer2.java:addFilter(1007)) - Added filter static_user_filter (class=org.apache.hadoop.http.lib.StaticUserWebFilter$StaticUserFilter) to context ozoneManager
2022-10-18 06:31:01,180 [Listener at localhost/45465] INFO  http.HttpServer2 (HttpServer2.java:addFilter(1015)) - Added filter static_user_filter (class=org.apache.hadoop.http.lib.StaticUserWebFilter$StaticUserFilter) to context logs
2022-10-18 06:31:01,180 [Listener at localhost/45465] INFO  http.HttpServer2 (HttpServer2.java:addFilter(1015)) - Added filter static_user_filter (class=org.apache.hadoop.http.lib.StaticUserWebFilter$StaticUserFilter) to context static
2022-10-18 06:31:01,180 [Listener at localhost/45465] INFO  http.HttpServer2 (HttpServer2.java:bindListener(1250)) - Jetty bound to port 45739
2022-10-18 06:31:01,181 [Listener at localhost/45465] INFO  server.Server (Server.java:doStart(375)) - jetty-9.4.43.v20210629; built: 2021-06-30T11:07:22.254Z; git: 526006ecfa3af7f1a27ef3a288e2bef7ea9dd7e8; jvm 1.8.0_345-b01
2022-10-18 06:31:01,182 [Listener at localhost/45465] INFO  server.session (DefaultSessionIdManager.java:doStart(334)) - DefaultSessionIdManager workerName=node0
2022-10-18 06:31:01,182 [Listener at localhost/45465] INFO  server.session (DefaultSessionIdManager.java:doStart(339)) - No SessionScavenger set, using defaults
2022-10-18 06:31:01,183 [Listener at localhost/45465] INFO  server.session (HouseKeeper.java:startScavenging(132)) - node0 Scavenging every 600000ms
2022-10-18 06:31:01,185 [Listener at localhost/45465] INFO  handler.ContextHandler (ContextHandler.java:doStart(915)) - Started o.e.j.s.ServletContextHandler@70ff6257{logs,/logs,file:///home/runner/work/ozone/ozone/hadoop-ozone/integration-test/target/log,AVAILABLE}
2022-10-18 06:31:01,186 [Listener at localhost/45465] INFO  handler.ContextHandler (ContextHandler.java:doStart(915)) - Started o.e.j.s.ServletContextHandler@5a68cb53{static,/static,file:///home/runner/work/ozone/ozone/hadoop-ozone/integration-test/target/test-classes/webapps/static,AVAILABLE}
2022-10-18 06:31:01,189 [Listener at localhost/45465] INFO  handler.ContextHandler (ContextHandler.java:doStart(915)) - Started o.e.j.w.WebAppContext@2f4094f8{ozoneManager,/,file:///home/runner/work/ozone/ozone/hadoop-ozone/integration-test/target/test-classes/webapps/ozoneManager/,AVAILABLE}{file:/home/runner/work/ozone/ozone/hadoop-ozone/integration-test/target/test-classes/webapps/ozoneManager}
2022-10-18 06:31:01,191 [Listener at localhost/45465] INFO  server.AbstractConnector (AbstractConnector.java:doStart(331)) - Started ServerConnector@577a1f29{HTTP/1.1, (http/1.1)}{0.0.0.0:45739}
2022-10-18 06:31:01,191 [Listener at localhost/45465] INFO  server.Server (Server.java:doStart(415)) - Started @53375ms
2022-10-18 06:31:01,191 [Listener at localhost/45465] WARN  impl.MetricsSystemImpl (MetricsSystemImpl.java:register(279)) - Sink prometheus already exists!
2022-10-18 06:31:01,192 [Listener at localhost/45465] INFO  http.BaseHttpServer (BaseHttpServer.java:updateConnectorAddress(333)) - HTTP server of ozoneManager listening at http://0.0.0.0:45739
2022-10-18 06:31:01,192 [IPC Server Responder] INFO  ipc.Server (Server.java:run(1512)) - IPC Server Responder: starting
2022-10-18 06:31:01,192 [IPC Server listener on 45465] INFO  ipc.Server (Server.java:run(1352)) - IPC Server listener on 45465: starting
2022-10-18 06:31:01,195 [Listener at localhost/45465] INFO  om.OzoneManager (OzoneManager.java:startTrashEmptier(1919)) - Trash Interval set to 0. Files deleted won't move to trash
2022-10-18 06:31:01,196 [Listener at localhost/45465] INFO  om.OzoneManager (OzoneManager.java:stop(2034)) - omNode-1[localhost:33523]: Stopping Ozone Manager
2022-10-18 06:31:01,196 [org.apache.hadoop.util.JvmPauseMonitor$Monitor@2ef35e7d] INFO  util.JvmPauseMonitor (JvmPauseMonitor.java:run(188)) - Starting JVM pause monitor
2022-10-18 06:31:01,196 [Listener at localhost/45465] INFO  ipc.Server (Server.java:stop(3428)) - Stopping server on 33523
2022-10-18 06:31:01,198 [IPC Server listener on 33523] INFO  ipc.Server (Server.java:run(1384)) - Stopping IPC Server listener on 33523
2022-10-18 06:31:01,199 [IPC Server Responder] INFO  ipc.Server (Server.java:run(1517)) - Stopping IPC Server Responder
2022-10-18 06:31:01,199 [Listener at localhost/45465] INFO  server.RaftServer (RaftServerProxy.java:lambda$close$7(398)) - omNode-1: close
2022-10-18 06:31:01,200 [Listener at localhost/45465] INFO  server.RaftServer$Division (RaftServerImpl.java:lambda$close$4(434)) - omNode-1@group-523986131536: shutdown
2022-10-18 06:31:01,200 [Listener at localhost/45465] INFO  util.JmxRegister (JmxRegister.java:unregister(73)) - Successfully un-registered JMX Bean with object name Ratis:service=RaftServer,group=group-523986131536,id=omNode-1
2022-10-18 06:31:01,200 [Listener at localhost/45465] INFO  impl.RoleInfo (RoleInfo.java:shutdownFollowerState(110)) - omNode-1: shutdown omNode-1@group-523986131536-FollowerState
2022-10-18 06:31:01,200 [omNode-1@group-523986131536-FollowerState] INFO  impl.FollowerState (FollowerState.java:run(152)) - omNode-1@group-523986131536-FollowerState was interrupted
2022-10-18 06:31:01,200 [Listener at localhost/45465] INFO  impl.StateMachineUpdater (StateMachineUpdater.java:stopAndJoin(153)) - omNode-1@group-523986131536-StateMachineUpdater: set stopIndex = 143
2022-10-18 06:31:01,201 [omNode-1@group-523986131536-StateMachineUpdater] INFO  ratis.OzoneManagerStateMachine (OzoneManagerStateMachine.java:takeSnapshot(441)) - Current Snapshot Index (t:5, i:143)
2022-10-18 06:31:01,201 [omNode-1@group-523986131536-StateMachineUpdater] INFO  impl.StateMachineUpdater (StateMachineUpdater.java:takeSnapshot(287)) - omNode-1@group-523986131536-StateMachineUpdater: Took a snapshot at index 143
2022-10-18 06:31:01,201 [omNode-1@group-523986131536-StateMachineUpdater] INFO  impl.StateMachineUpdater (StateMachineUpdater.java:lambda$new$0(92)) - omNode-1@group-523986131536-StateMachineUpdater: snapshotIndex: updateIncreasingly 108 -> 143
2022-10-18 06:31:01,201 [omNode-1@group-523986131536-StateMachineUpdater] INFO  raftlog.RaftLog (RaftLogBase.java:purge(308)) - omNode-1@group-523986131536-SegmentedRaftLog: purge 143
2022-10-18 06:31:01,201 [omNode-1@group-523986131536-StateMachineUpdater] INFO  raftlog.RaftLog (RaftLogBase.java:lambda$new$0(53)) - omNode-1@group-523986131536-SegmentedRaftLog: snapshotIndex: updateIncreasingly 108 -> 143
2022-10-18 06:31:01,201 [omNode-1@group-523986131536-StateMachineUpdater] INFO  raftlog.RaftLog (RaftLogBase.java:lambda$new$0(53)) - omNode-1@group-523986131536-SegmentedRaftLog: purgeIndex: updateToMax old=58, new=143, updated? true
2022-10-18 06:31:01,201 [omNode-1@group-523986131536-StateMachineUpdater] INFO  ratis.OzoneManagerStateMachine (OzoneManagerStateMachine.java:close(495)) - StateMachine has shutdown. Shutdown OzoneManager if not already shutdown.
2022-10-18 06:31:01,201 [omNode-1@group-523986131536-StateMachineUpdater] INFO  ratis.OzoneManagerDoubleBuffer (OzoneManagerDoubleBuffer.java:stop(466)) - Stopping OMDoubleBuffer flush thread
2022-10-18 06:31:01,202 [OMDoubleBufferFlushThread] INFO  ratis.OzoneManagerDoubleBuffer (OzoneManagerDoubleBuffer.java:flushTransactions(385)) - OMDoubleBuffer flush thread OMDoubleBufferFlushThread is interrupted and will exit.
2022-10-18 06:31:01,202 [Listener at localhost/45465] INFO  server.RaftServer$Division (ServerState.java:close(429)) - omNode-1@group-523986131536: closes. applyIndex: 143
2022-10-18 06:31:01,202 [omNode-1@group-523986131536-SegmentedRaftLogWorker] INFO  segmented.SegmentedRaftLogWorker (SegmentedRaftLogWorker.java:run(336)) - omNode-1@group-523986131536-SegmentedRaftLogWorker was interrupted, exiting. There are 0 tasks remaining in the queue.
2022-10-18 06:31:01,203 [Listener at localhost/45465] INFO  segmented.SegmentedRaftLogWorker (SegmentedRaftLogWorker.java:close(246)) - omNode-1@group-523986131536-SegmentedRaftLogWorker close()
2022-10-18 06:31:01,205 [Listener at localhost/45465] INFO  server.GrpcService (GrpcService.java:closeImpl(269)) - omNode-1: shutdown server with port 46857 now
2022-10-18 06:31:01,212 [Listener at localhost/45465] INFO  server.GrpcService (GrpcService.java:closeImpl(278)) - omNode-1: shutdown server with port 46857 successfully
2022-10-18 06:31:01,212 [org.apache.ratis.util.JvmPauseMonitor$$Lambda$703/523629281@2105c149] INFO  util.JvmPauseMonitor (JvmPauseMonitor.java:run(109)) - JvmPauseMonitor-omNode-1: Stopped
2022-10-18 06:31:01,212 [Listener at localhost/45465] INFO  ratis.OzoneManagerStateMachine (OzoneManagerStateMachine.java:close(495)) - StateMachine has shutdown. Shutdown OzoneManager if not already shutdown.
2022-10-18 06:31:01,212 [Listener at localhost/45465] INFO  ratis.OzoneManagerDoubleBuffer (OzoneManagerDoubleBuffer.java:stop(478)) - OMDoubleBuffer flush thread is not running.
2022-10-18 06:31:01,213 [Listener at localhost/45465] INFO  handler.ContextHandler (ContextHandler.java:doStop(1153)) - Stopped o.e.j.w.WebAppContext@1ccb535f{ozoneManager,/,null,STOPPED}{file:/home/runner/work/ozone/ozone/hadoop-ozone/integration-test/target/test-classes/webapps/ozoneManager}
2022-10-18 06:31:01,215 [Listener at localhost/45465] INFO  server.AbstractConnector (AbstractConnector.java:doStop(381)) - Stopped ServerConnector@6e17fc2b{HTTP/1.1, (http/1.1)}{0.0.0.0:34657}
2022-10-18 06:31:01,215 [Listener at localhost/45465] INFO  server.session (HouseKeeper.java:stopScavenging(149)) - node0 Stopped scavenging
2022-10-18 06:31:01,215 [Listener at localhost/45465] INFO  handler.ContextHandler (ContextHandler.java:doStop(1153)) - Stopped o.e.j.s.ServletContextHandler@f766aea{static,/static,file:///home/runner/work/ozone/ozone/hadoop-ozone/integration-test/target/test-classes/webapps/static,STOPPED}
2022-10-18 06:31:01,215 [Listener at localhost/45465] INFO  handler.ContextHandler (ContextHandler.java:doStop(1153)) - Stopped o.e.j.s.ServletContextHandler@15f05331{logs,/logs,file:///home/runner/work/ozone/ozone/hadoop-ozone/integration-test/target/log,STOPPED}
2022-10-18 06:31:01,217 [Listener at localhost/45465] INFO  om.OzoneManager (OzoneManager.java:restart(1571)) - OzoneManager RPC server is listening at localhost/127.0.0.1:33523
2022-10-18 06:31:01,218 [Listener at localhost/45465] INFO  impl.MetricsSystemImpl (MetricsSystemImpl.java:init(158)) - OzoneManager metrics system started (again)
2022-10-18 06:31:01,229 [Listener at localhost/45465] WARN  server.ServerUtils (ServerUtils.java:getDBPath(225)) - ozone.om.db.dirs is not configured. We recommend adding this setting. Falling back to ozone.metadata.dirs instead.
2022-10-18 06:31:01,229 [Listener at localhost/45465] INFO  codec.OmKeyInfoCodec (OmKeyInfoCodec.java:<init>(49)) - OmKeyInfoCodec ignorePipeline = true
2022-10-18 06:31:01,229 [Listener at localhost/45465] INFO  codec.RepeatedOmKeyInfoCodec (RepeatedOmKeyInfoCodec.java:<init>(41)) - RepeatedOmKeyInfoCodec ignorePipeline = true
2022-10-18 06:31:01,258 [Listener at localhost/45465] INFO  om.OzoneManager (OzoneManager.java:instantiateServices(712)) - S3 Multi-Tenancy is disabled
2022-10-18 06:31:01,264 [Listener at localhost/45465] WARN  server.ServerUtils (ServerUtils.java:getDefaultRatisDirectory(237)) - Storage directory for Ratis is not configured. It is a good idea to map this to an SSD disk. Falling back to ozone.metadata.dirs
2022-10-18 06:31:01,265 [Listener at localhost/45465] INFO  ratis.OzoneManagerRatisServer (OzoneManagerRatisServer.java:<init>(160)) - Instantiating OM Ratis server with groupID: om-service-test1 and peers: localhost:46857, localhost:36149, localhost:34021
2022-10-18 06:31:01,266 [Listener at localhost/45465] INFO  ratis.OzoneManagerStateMachine (OzoneManagerStateMachine.java:loadSnapshotInfoFromDB(632)) - LastAppliedIndex is set from TransactionInfo from OM DB as (t:5, i:143)
2022-10-18 06:31:01,266 [Listener at localhost/45465] INFO  server.RaftServer (ConfUtils.java:logGet(46)) - raft.rpc.type = GRPC (default)
2022-10-18 06:31:01,266 [Listener at localhost/45465] INFO  grpc.GrpcFactory (GrpcFactory.java:checkPooledByteBufAllocatorUseCacheForAllThreads(48)) - PERFORMANCE WARNING: useCacheForAllThreads is true that may cause Netty to create a lot garbage objects and, as a result, trigger GC.
	It is recommended to disable useCacheForAllThreads by setting -Dorg.apache.ratis.thirdparty.io.netty.allocator.useCacheForAllThreads=false in command line.
2022-10-18 06:31:01,266 [Listener at localhost/45465] INFO  grpc.GrpcConfigKeys (ConfUtils.java:logGet(46)) - raft.grpc.admin.port = -1 (default)
2022-10-18 06:31:01,266 [Listener at localhost/45465] INFO  grpc.GrpcConfigKeys (ConfUtils.java:logGet(46)) - raft.grpc.server.port = 46857 (custom)
2022-10-18 06:31:01,266 [Listener at localhost/45465] INFO  grpc.GrpcConfigKeys (ConfUtils.java:logGet(46)) - raft.grpc.client.port = -1 (default)
2022-10-18 06:31:01,266 [Listener at localhost/45465] INFO  grpc.GrpcConfigKeys (ConfUtils.java:logGet(46)) - raft.grpc.server.port = 46857 (custom)
2022-10-18 06:31:01,267 [Listener at localhost/45465] INFO  grpc.GrpcConfigKeys (ConfUtils.java:logGet(46)) - raft.grpc.server.port = 46857 (custom)
2022-10-18 06:31:01,267 [Listener at localhost/45465] INFO  server.GrpcService (ConfUtils.java:logGet(46)) - raft.grpc.message.size.max = 33554432 (custom)
2022-10-18 06:31:01,267 [Listener at localhost/45465] INFO  server.RaftServerConfigKeys (ConfUtils.java:logGet(46)) - raft.server.log.appender.buffer.byte-limit = 33554432 (custom)
2022-10-18 06:31:01,267 [Listener at localhost/45465] INFO  server.GrpcService (ConfUtils.java:logGet(46)) - raft.grpc.flow.control.window = 1MB (=1048576) (default)
2022-10-18 06:31:01,267 [Listener at localhost/45465] INFO  server.RaftServerConfigKeys (ConfUtils.java:logGet(46)) - raft.server.rpc.request.timeout = 3000ms (default)
2022-10-18 06:31:01,267 [Listener at localhost/45465] INFO  grpc.GrpcConfigKeys (ConfUtils.java:logGet(46)) - raft.grpc.server.async.request.thread.pool.cached = true (default)
2022-10-18 06:31:01,267 [Listener at localhost/45465] INFO  grpc.GrpcConfigKeys (ConfUtils.java:logGet(46)) - raft.grpc.server.async.request.thread.pool.size = 32 (default)
2022-10-18 06:31:01,268 [Listener at localhost/45465] INFO  impl.DataStreamServerImpl (ConfUtils.java:logGet(46)) - raft.datastream.type = DISABLED (default)
2022-10-18 06:31:01,269 [Listener at localhost/45465] INFO  server.RaftServerConfigKeys (ConfUtils.java:logGet(46)) - raft.server.threadpool.proxy.cached = true (default)
2022-10-18 06:31:01,269 [Listener at localhost/45465] INFO  server.RaftServerConfigKeys (ConfUtils.java:logGet(46)) - raft.server.threadpool.proxy.size = 0 (default)
2022-10-18 06:31:01,269 [Listener at localhost/45465] INFO  server.RaftServerConfigKeys (ConfUtils.java:logGet(46)) - raft.server.rpc.slowness.timeout = 2s (custom)
2022-10-18 06:31:01,269 [Listener at localhost/45465] INFO  server.RaftServerConfigKeys (ConfUtils.java:logGet(46)) - raft.server.leaderelection.leader.step-down.wait-time = 10s (default)
2022-10-18 06:31:01,269 [Listener at localhost/45465] INFO  server.RaftServerConfigKeys (ConfUtils.java:logGet(46)) - raft.server.storage.dir = [/home/runner/work/ozone/ozone/hadoop-ozone/integration-test/target/test-dir/MiniOzoneClusterImpl-489ebd61-a341-4d14-a135-ade311a26152/omNode-1/ratis] (custom)
2022-10-18 06:31:01,270 [omNode-1-impl-thread1] INFO  server.RaftServer (RaftServerProxy.java:initGroupDir(247)) - omNode-1: found a subdirectory /home/runner/work/ozone/ozone/hadoop-ozone/integration-test/target/test-dir/MiniOzoneClusterImpl-489ebd61-a341-4d14-a135-ade311a26152/omNode-1/ratis/c9bc4cf4-3bc3-3c60-a66b-523986131536
2022-10-18 06:31:01,270 [Listener at localhost/45465] INFO  server.RaftServer (RaftServerProxy.java:addNew(96)) - omNode-1: addNew group-523986131536:[omNode-3|rpc:localhost:36149|priority:0, omNode-1|rpc:localhost:46857|priority:0, omNode-2|rpc:localhost:34021|priority:0] returns group-523986131536:java.util.concurrent.CompletableFuture@af644de[Not completed]
2022-10-18 06:31:01,270 [pool-468-thread-1] INFO  server.RaftServer$Division (RaftServerImpl.java:<init>(190)) - omNode-1: new RaftServerImpl for group-523986131536:[omNode-3|rpc:localhost:36149|priority:0, omNode-1|rpc:localhost:46857|priority:0, omNode-2|rpc:localhost:34021|priority:0] with OzoneManagerStateMachine:uninitialized
2022-10-18 06:31:01,270 [Listener at localhost/45465] INFO  om.OzoneManager (OzoneManager.java:initializeRatisServer(1975)) - OzoneManager Ratis server initialized at port 46857
2022-10-18 06:31:01,270 [pool-468-thread-1] INFO  server.RaftServerConfigKeys (ConfUtils.java:logGet(46)) - raft.server.rpc.timeout.min = 1s (custom)
2022-10-18 06:31:01,270 [Listener at localhost/45465] INFO  ratis.OzoneManagerRatisServer (OzoneManagerRatisServer.java:start(555)) - Starting OzoneManagerRatisServer omNode-1 at port 46857
2022-10-18 06:31:01,270 [pool-468-thread-1] INFO  server.RaftServerConfigKeys (ConfUtils.java:logGet(46)) - raft.server.rpc.timeout.max = 1200ms (custom)
2022-10-18 06:31:01,270 [pool-468-thread-1] INFO  server.RaftServerConfigKeys (ConfUtils.java:logGet(46)) - raft.server.rpc.sleep.time = 25ms (default)
2022-10-18 06:31:01,270 [pool-468-thread-1] INFO  server.RaftServerConfigKeys (ConfUtils.java:logGet(46)) - raft.server.rpc.slowness.timeout = 2s (custom)
2022-10-18 06:31:01,270 [pool-468-thread-1] INFO  server.RaftServerConfigKeys (ConfUtils.java:logGet(46)) - raft.server.leaderelection.leader.step-down.wait-time = 10s (default)
2022-10-18 06:31:01,270 [pool-468-thread-1] INFO  server.RaftServerConfigKeys (ConfUtils.java:logGet(46)) - raft.server.sleep.deviation.threshold = 300ms (default)
2022-10-18 06:31:01,270 [pool-468-thread-1] INFO  server.RaftServer$Division (ServerState.java:<init>(107)) - omNode-1@group-523986131536: ConfigurationManager, init=-1: [omNode-3|rpc:localhost:36149|priority:0, omNode-1|rpc:localhost:46857|priority:0, omNode-2|rpc:localhost:34021|priority:0], old=null, confs=<EMPTY_MAP>
2022-10-18 06:31:01,271 [pool-468-thread-1] INFO  server.RaftServerConfigKeys (ConfUtils.java:logGet(46)) - raft.server.storage.dir = [/home/runner/work/ozone/ozone/hadoop-ozone/integration-test/target/test-dir/MiniOzoneClusterImpl-489ebd61-a341-4d14-a135-ade311a26152/omNode-1/ratis] (custom)
2022-10-18 06:31:01,271 [pool-468-thread-1] INFO  server.RaftServerConfigKeys (ConfUtils.java:logGet(46)) - raft.server.log.corruption.policy = EXCEPTION (default)
2022-10-18 06:31:01,271 [pool-468-thread-1] INFO  server.RaftServerConfigKeys (ConfUtils.java:logGet(46)) - raft.server.storage.free-space.min = 0MB (=0) (default)
2022-10-18 06:31:01,271 [pool-468-thread-1] INFO  storage.RaftStorageDirectory (RaftStorageDirectoryImpl.java:tryLock(230)) - Lock on /home/runner/work/ozone/ozone/hadoop-ozone/integration-test/target/test-dir/MiniOzoneClusterImpl-489ebd61-a341-4d14-a135-ade311a26152/omNode-1/ratis/c9bc4cf4-3bc3-3c60-a66b-523986131536/in_use.lock acquired by nodename 30337@fv-az241-838
2022-10-18 06:31:01,272 [pool-468-thread-1] INFO  storage.RaftStorage (RaftStorageImpl.java:analyzeAndRecoverStorage(110)) - Read RaftStorageMetadata{term=7, votedFor=} from /home/runner/work/ozone/ozone/hadoop-ozone/integration-test/target/test-dir/MiniOzoneClusterImpl-489ebd61-a341-4d14-a135-ade311a26152/omNode-1/ratis/c9bc4cf4-3bc3-3c60-a66b-523986131536/current/raft-meta
2022-10-18 06:31:01,272 [pool-468-thread-1] INFO  server.RaftServer$Division (ServerState.java:setRaftConf(393)) - omNode-1@group-523986131536: set configuration 59: [omNode-3|rpc:localhost:36149|admin:|client:|dataStream:|priority:0, omNode-1|rpc:localhost:46857|admin:|client:|dataStream:|priority:0, omNode-2|rpc:localhost:34021|admin:|client:|dataStream:|priority:0], old=null
2022-10-18 06:31:01,272 [pool-468-thread-1] INFO  server.RaftServerConfigKeys (ConfUtils.java:logGet(46)) - raft.server.notification.no-leader.timeout = 2s (custom)
2022-10-18 06:31:01,272 [pool-468-thread-1] INFO  server.RaftServerConfigKeys (ConfUtils.java:logGet(46)) - raft.server.log.use.memory = false (default)
2022-10-18 06:31:01,272 [pool-468-thread-1] INFO  server.RaftServerConfigKeys (ConfUtils.java:logGet(46)) - raft.server.log.purge.gap = 50 (custom)
2022-10-18 06:31:01,272 [pool-468-thread-1] INFO  server.RaftServerConfigKeys (ConfUtils.java:logGet(46)) - raft.server.log.appender.buffer.byte-limit = 33554432 (custom)
2022-10-18 06:31:01,272 [pool-468-thread-1] INFO  server.RaftServerConfigKeys (ConfUtils.java:logGet(46)) - raft.server.log.statemachine.data.read.timeout = 1000ms (default)
2022-10-18 06:31:01,272 [pool-468-thread-1] INFO  server.RaftServerConfigKeys (ConfUtils.java:logGet(46)) - raft.server.log.segment.size.max = 4194304 (custom)
2022-10-18 06:31:01,273 [pool-468-thread-1] INFO  server.RaftServerConfigKeys (ConfUtils.java:logGet(46)) - raft.server.log.segment.cache.num.max = 2 (custom)
2022-10-18 06:31:01,273 [pool-468-thread-1] INFO  server.RaftServerConfigKeys (ConfUtils.java:logGet(46)) - raft.server.log.segment.cache.size.max = 200MB (=209715200) (default)
2022-10-18 06:31:01,273 [pool-468-thread-1] INFO  segmented.SegmentedRaftLogWorker (SegmentedRaftLogWorker.java:<init>(187)) - new omNode-1@group-523986131536-SegmentedRaftLogWorker for RaftStorageImpl:Storage Directory /home/runner/work/ozone/ozone/hadoop-ozone/integration-test/target/test-dir/MiniOzoneClusterImpl-489ebd61-a341-4d14-a135-ade311a26152/omNode-1/ratis/c9bc4cf4-3bc3-3c60-a66b-523986131536
2022-10-18 06:31:01,273 [pool-468-thread-1] INFO  server.RaftServerConfigKeys (ConfUtils.java:logGet(46)) - raft.server.log.queue.byte-limit = 64MB (=67108864) (default)
2022-10-18 06:31:01,273 [pool-468-thread-1] INFO  server.RaftServerConfigKeys (ConfUtils.java:logGet(46)) - raft.server.log.queue.element-limit = 4096 (default)
2022-10-18 06:31:01,273 [pool-468-thread-1] INFO  server.RaftServerConfigKeys (ConfUtils.java:logGet(46)) - raft.server.log.segment.size.max = 4194304 (custom)
2022-10-18 06:31:01,273 [pool-468-thread-1] INFO  server.RaftServerConfigKeys (ConfUtils.java:logGet(46)) - raft.server.log.preallocated.size = 4194304 (custom)
2022-10-18 06:31:01,273 [pool-468-thread-1] INFO  server.RaftServerConfigKeys (ConfUtils.java:logGet(46)) - raft.server.log.force.sync.num = 128 (default)
2022-10-18 06:31:01,273 [pool-468-thread-1] INFO  server.RaftServerConfigKeys (ConfUtils.java:logGet(46)) - raft.server.log.statemachine.data.sync = true (default)
2022-10-18 06:31:01,273 [pool-468-thread-1] INFO  server.RaftServerConfigKeys (ConfUtils.java:logGet(46)) - raft.server.log.statemachine.data.sync.timeout = 10s (default)
2022-10-18 06:31:01,273 [pool-468-thread-1] INFO  server.RaftServerConfigKeys (ConfUtils.java:logGet(46)) - raft.server.log.statemachine.data.sync.timeout.retry = -1 (default)
2022-10-18 06:31:01,274 [pool-468-thread-1] INFO  server.RaftServerConfigKeys (ConfUtils.java:logGet(46)) - raft.server.log.write.buffer.size = 64KB (=65536) (default)
2022-10-18 06:31:01,274 [pool-468-thread-1] INFO  server.RaftServerConfigKeys (ConfUtils.java:logGet(46)) - raft.server.log.unsafe-flush.enabled = false (default)
2022-10-18 06:31:01,276 [pool-468-thread-1] INFO  server.RaftServerConfigKeys (ConfUtils.java:logGet(46)) - raft.server.log.statemachine.data.caching.enabled = false (default)
2022-10-18 06:31:01,276 [pool-468-thread-1] INFO  server.RaftServer$Division (ServerState.java:setRaftConf(393)) - omNode-1@group-523986131536: set configuration 59: [omNode-3|rpc:localhost:36149|admin:|client:|dataStream:|priority:0, omNode-1|rpc:localhost:46857|admin:|client:|dataStream:|priority:0, omNode-2|rpc:localhost:34021|admin:|client:|dataStream:|priority:0], old=null
2022-10-18 06:31:01,277 [pool-468-thread-1] INFO  segmented.LogSegment (LogSegment.java:loadSegment(173)) - Successfully read 86 entries from segment file /home/runner/work/ozone/ozone/hadoop-ozone/integration-test/target/test-dir/MiniOzoneClusterImpl-489ebd61-a341-4d14-a135-ade311a26152/omNode-1/ratis/c9bc4cf4-3bc3-3c60-a66b-523986131536/current/log_59-144
2022-10-18 06:31:01,277 [pool-468-thread-1] INFO  server.RaftServer$Division (ServerState.java:setRaftConf(393)) - omNode-1@group-523986131536: set configuration 145: [omNode-3|rpc:localhost:36149|admin:|client:|dataStream:|priority:0, omNode-1|rpc:localhost:46857|admin:|client:|dataStream:|priority:0, omNode-2|rpc:localhost:34021|admin:|client:|dataStream:|priority:0], old=null
2022-10-18 06:31:01,278 [pool-468-thread-1] INFO  segmented.LogSegment (LogSegment.java:loadSegment(173)) - Successfully read 1 entries from segment file /home/runner/work/ozone/ozone/hadoop-ozone/integration-test/target/test-dir/MiniOzoneClusterImpl-489ebd61-a341-4d14-a135-ade311a26152/omNode-1/ratis/c9bc4cf4-3bc3-3c60-a66b-523986131536/current/log_inprogress_145
2022-10-18 06:31:01,278 [pool-468-thread-1] INFO  segmented.SegmentedRaftLogWorker (SegmentedRaftLogWorker.java:lambda$new$0(135)) - omNode-1@group-523986131536-SegmentedRaftLogWorker: flushIndex: setUnconditionally 0 -> 145
2022-10-18 06:31:01,278 [pool-468-thread-1] INFO  segmented.SegmentedRaftLogWorker (SegmentedRaftLogWorker.java:lambda$new$0(135)) - omNode-1@group-523986131536-SegmentedRaftLogWorker: safeCacheEvictIndex: setUnconditionally 0 -> 143
2022-10-18 06:31:01,278 [pool-468-thread-1] INFO  raftlog.RaftLog (RaftLogBase.java:lambda$new$0(53)) - omNode-1@group-523986131536-SegmentedRaftLog: commitIndex: updateToMax old=143, new=143, updated? false
2022-10-18 06:31:01,278 [pool-468-thread-1] INFO  raftlog.RaftLog (RaftLogBase.java:lambda$new$0(53)) - omNode-1@group-523986131536-SegmentedRaftLog: purgeIndex: updateIncreasingly -1 -> 58
2022-10-18 06:31:01,278 [pool-468-thread-1] INFO  server.RaftServerConfigKeys (ConfUtils.java:logGet(46)) - raft.server.snapshot.auto.trigger.enabled = true (custom)
2022-10-18 06:31:01,278 [pool-468-thread-1] INFO  server.RaftServerConfigKeys (ConfUtils.java:logGet(46)) - raft.server.snapshot.auto.trigger.threshold = 50 (custom)
2022-10-18 06:31:01,278 [pool-468-thread-1] INFO  server.RaftServerConfigKeys (ConfUtils.java:logGet(46)) - raft.server.snapshot.retention.file.num = -1 (default)
2022-10-18 06:31:01,278 [pool-468-thread-1] INFO  server.RaftServerConfigKeys (ConfUtils.java:logGet(46)) - raft.server.log.purge.upto.snapshot.index = true (custom)
2022-10-18 06:31:01,278 [pool-468-thread-1] INFO  server.RaftServerConfigKeys (ConfUtils.java:logGet(46)) - raft.server.retrycache.expirytime = 30000ms (custom)
2022-10-18 06:31:01,278 [pool-468-thread-1] INFO  server.RaftServerConfigKeys (ConfUtils.java:logGet(46)) - raft.server.retrycache.statistics.expirytime = 100μs (default)
2022-10-18 06:31:01,279 [pool-468-thread-1] INFO  server.RaftServerConfigKeys (ConfUtils.java:logGet(46)) - raft.server.log.appender.install.snapshot.enabled = false (custom)
2022-10-18 06:31:01,279 [pool-468-thread-1] INFO  server.RaftServerConfigKeys (ConfUtils.java:logGet(46)) - raft.server.threadpool.server.cached = true (default)
2022-10-18 06:31:01,279 [pool-468-thread-1] INFO  server.RaftServerConfigKeys (ConfUtils.java:logGet(46)) - raft.server.threadpool.server.size = 0 (default)
2022-10-18 06:31:01,279 [pool-468-thread-1] INFO  server.RaftServerConfigKeys (ConfUtils.java:logGet(46)) - raft.server.threadpool.client.cached = true (default)
2022-10-18 06:31:01,279 [pool-468-thread-1] INFO  server.RaftServerConfigKeys (ConfUtils.java:logGet(46)) - raft.server.threadpool.client.size = 0 (default)
2022-10-18 06:31:01,281 [omNode-1-impl-thread1] INFO  server.RaftServer$Division (RaftServerImpl.java:start(310)) - omNode-1@group-523986131536: start as a follower, conf=145: [omNode-3|rpc:localhost:36149|admin:|client:|dataStream:|priority:0, omNode-1|rpc:localhost:46857|admin:|client:|dataStream:|priority:0, omNode-2|rpc:localhost:34021|admin:|client:|dataStream:|priority:0], old=null
2022-10-18 06:31:01,281 [omNode-1-impl-thread1] INFO  server.RaftServer$Division (RaftServerImpl.java:setRole(299)) - omNode-1@group-523986131536: changes role from      null to FOLLOWER at term 7 for startAsFollower
2022-10-18 06:31:01,281 [omNode-1-impl-thread1] INFO  impl.RoleInfo (RoleInfo.java:updateAndGet(139)) - omNode-1: start omNode-1@group-523986131536-FollowerState
2022-10-18 06:31:01,294 [omNode-1-impl-thread1] INFO  util.JmxRegister (JmxRegister.java:tryRegister(44)) - Successfully registered JMX Bean with object name Ratis:service=RaftServer,group=group-523986131536,id=omNode-1
2022-10-18 06:31:01,295 [Listener at localhost/45465] INFO  server.RaftServer (RaftServerProxy.java:lambda$start$6(382)) - omNode-1: start RPC server
2022-10-18 06:31:01,298 [Listener at localhost/45465] INFO  server.GrpcService (GrpcService.java:startImpl(260)) - omNode-1: GrpcService started, listening on 46857
2022-10-18 06:31:01,299 [Listener at localhost/45465] INFO  om.OzoneManager (OzoneManager.java:getRpcServer(1101)) - Creating RPC Server
2022-10-18 06:31:01,300 [org.apache.ratis.util.JvmPauseMonitor$$Lambda$703/523629281@7b08eb4] INFO  util.JvmPauseMonitor (JvmPauseMonitor.java:run(103)) - JvmPauseMonitor-omNode-1: Started
2022-10-18 06:31:01,632 [Listener at localhost/45465] INFO  reflections.Reflections (Reflections.java:scan(232)) - Reflections took 332 ms to scan 19 urls, producing 67 keys and 4238 values [using 2 cores]
2022-10-18 06:31:01,633 [Listener at localhost/45465] INFO  ipc.CallQueueManager (CallQueueManager.java:<init>(90)) - Using callQueue: class java.util.concurrent.LinkedBlockingQueue, queueCapacity: 2000, scheduler: class org.apache.hadoop.ipc.DefaultRpcScheduler, ipcBackoff: false.
2022-10-18 06:31:01,634 [Socket Reader #1 for port 33523] INFO  ipc.Server (Server.java:run(1273)) - Starting Socket Reader #1 for port 33523
2022-10-18 06:31:01,639 [Listener at localhost/33523] INFO  http.BaseHttpServer (BaseHttpServer.java:newHttpServer2BuilderForOzone(213)) - Starting Web-server for ozoneManager at: http://0.0.0.0:34657
2022-10-18 06:31:01,640 [Listener at localhost/33523] INFO  http.BaseHttpServer (BaseHttpServer.java:<init>(108)) - Hadoop Security Enabled: false Ozone Security Enabled: false Ozone HTTP Security Enabled: false 
2022-10-18 06:31:01,641 [Listener at localhost/33523] WARN  server.AuthenticationFilter (AuthenticationFilter.java:constructSecretProvider(240)) - Unable to initialize FileSignerSecretProvider, falling back to use random secrets. Reason: Could not read signature secret file: /home/runner/hadoop-http-auth-signature-secret
2022-10-18 06:31:01,641 [Listener at localhost/33523] WARN  http.HttpRequestLog (HttpRequestLog.java:getRequestLog(103)) - Jetty request log can only be enabled using Log4j
2022-10-18 06:31:01,643 [Listener at localhost/33523] INFO  http.HttpServer2 (HttpServer2.java:addGlobalFilter(1031)) - Added global filter 'safety' (class=org.apache.hadoop.hdds.server.http.HttpServer2$QuotingInputFilter)
2022-10-18 06:31:01,643 [Listener at localhost/33523] INFO  http.HttpServer2 (HttpServer2.java:addFilter(1007)) - Added filter static_user_filter (class=org.apache.hadoop.http.lib.StaticUserWebFilter$StaticUserFilter) to context ozoneManager
2022-10-18 06:31:01,644 [Listener at localhost/33523] INFO  http.HttpServer2 (HttpServer2.java:addFilter(1015)) - Added filter static_user_filter (class=org.apache.hadoop.http.lib.StaticUserWebFilter$StaticUserFilter) to context static
2022-10-18 06:31:01,644 [Listener at localhost/33523] INFO  http.HttpServer2 (HttpServer2.java:addFilter(1015)) - Added filter static_user_filter (class=org.apache.hadoop.http.lib.StaticUserWebFilter$StaticUserFilter) to context logs
2022-10-18 06:31:01,644 [Listener at localhost/33523] INFO  http.HttpServer2 (HttpServer2.java:bindListener(1250)) - Jetty bound to port 34657
2022-10-18 06:31:01,644 [Listener at localhost/33523] INFO  server.Server (Server.java:doStart(375)) - jetty-9.4.43.v20210629; built: 2021-06-30T11:07:22.254Z; git: 526006ecfa3af7f1a27ef3a288e2bef7ea9dd7e8; jvm 1.8.0_345-b01
2022-10-18 06:31:01,648 [Listener at localhost/33523] INFO  server.session (DefaultSessionIdManager.java:doStart(334)) - DefaultSessionIdManager workerName=node0
2022-10-18 06:31:01,648 [Listener at localhost/33523] INFO  server.session (DefaultSessionIdManager.java:doStart(339)) - No SessionScavenger set, using defaults
2022-10-18 06:31:01,648 [Listener at localhost/33523] INFO  server.session (HouseKeeper.java:startScavenging(132)) - node0 Scavenging every 660000ms
2022-10-18 06:31:01,649 [Listener at localhost/33523] INFO  handler.ContextHandler (ContextHandler.java:doStart(915)) - Started o.e.j.s.ServletContextHandler@540dbfe{logs,/logs,file:///home/runner/work/ozone/ozone/hadoop-ozone/integration-test/target/log,AVAILABLE}
2022-10-18 06:31:01,649 [Listener at localhost/33523] INFO  handler.ContextHandler (ContextHandler.java:doStart(915)) - Started o.e.j.s.ServletContextHandler@4fdcff18{static,/static,file:///home/runner/work/ozone/ozone/hadoop-ozone/integration-test/target/test-classes/webapps/static,AVAILABLE}
2022-10-18 06:31:01,654 [Listener at localhost/33523] INFO  handler.ContextHandler (ContextHandler.java:doStart(915)) - Started o.e.j.w.WebAppContext@6a7cd14c{ozoneManager,/,file:///home/runner/work/ozone/ozone/hadoop-ozone/integration-test/target/test-classes/webapps/ozoneManager/,AVAILABLE}{file:/home/runner/work/ozone/ozone/hadoop-ozone/integration-test/target/test-classes/webapps/ozoneManager}
2022-10-18 06:31:01,656 [Listener at localhost/33523] INFO  server.AbstractConnector (AbstractConnector.java:doStart(331)) - Started ServerConnector@62f4e37f{HTTP/1.1, (http/1.1)}{0.0.0.0:34657}
2022-10-18 06:31:01,657 [Listener at localhost/33523] INFO  server.Server (Server.java:doStart(415)) - Started @53841ms
2022-10-18 06:31:01,657 [Listener at localhost/33523] WARN  impl.MetricsSystemImpl (MetricsSystemImpl.java:register(279)) - Sink prometheus already exists!
2022-10-18 06:31:01,658 [Listener at localhost/33523] INFO  http.BaseHttpServer (BaseHttpServer.java:updateConnectorAddress(333)) - HTTP server of ozoneManager listening at http://0.0.0.0:34657
2022-10-18 06:31:01,658 [IPC Server Responder] INFO  ipc.Server (Server.java:run(1512)) - IPC Server Responder: starting
2022-10-18 06:31:01,658 [IPC Server listener on 33523] INFO  ipc.Server (Server.java:run(1352)) - IPC Server listener on 33523: starting
2022-10-18 06:31:01,660 [Listener at localhost/33523] INFO  om.OzoneManager (OzoneManager.java:startTrashEmptier(1919)) - Trash Interval set to 0. Files deleted won't move to trash
2022-10-18 06:31:01,660 [Listener at localhost/33523] INFO  om.OzoneManager (OzoneManager.java:stop(2034)) - omNode-2[localhost:39045]: Stopping Ozone Manager
2022-10-18 06:31:01,666 [Listener at localhost/33523] INFO  ipc.Server (Server.java:stop(3428)) - Stopping server on 39045
2022-10-18 06:31:01,667 [IPC Server Responder] INFO  ipc.Server (Server.java:run(1517)) - Stopping IPC Server Responder
2022-10-18 06:31:01,668 [Listener at localhost/33523] INFO  server.RaftServer (RaftServerProxy.java:lambda$close$7(398)) - omNode-2: close
2022-10-18 06:31:01,668 [org.apache.hadoop.util.JvmPauseMonitor$Monitor@5236aa4a] INFO  util.JvmPauseMonitor (JvmPauseMonitor.java:run(188)) - Starting JVM pause monitor
2022-10-18 06:31:01,668 [Listener at localhost/33523] INFO  server.RaftServer$Division (RaftServerImpl.java:lambda$close$4(434)) - omNode-2@group-523986131536: shutdown
2022-10-18 06:31:01,669 [Listener at localhost/33523] INFO  util.JmxRegister (JmxRegister.java:unregister(73)) - Successfully un-registered JMX Bean with object name Ratis:service=RaftServer,group=group-523986131536,id=omNode-2
2022-10-18 06:31:01,669 [Listener at localhost/33523] INFO  impl.RoleInfo (RoleInfo.java:shutdownFollowerState(110)) - omNode-2: shutdown omNode-2@group-523986131536-FollowerState
2022-10-18 06:31:01,669 [Listener at localhost/33523] INFO  impl.StateMachineUpdater (StateMachineUpdater.java:stopAndJoin(153)) - omNode-2@group-523986131536-StateMachineUpdater: set stopIndex = 56
2022-10-18 06:31:01,669 [omNode-2@group-523986131536-FollowerState] INFO  impl.FollowerState (FollowerState.java:run(152)) - omNode-2@group-523986131536-FollowerState was interrupted
2022-10-18 06:31:01,669 [omNode-2@group-523986131536-StateMachineUpdater] INFO  ratis.OzoneManagerStateMachine (OzoneManagerStateMachine.java:close(495)) - StateMachine has shutdown. Shutdown OzoneManager if not already shutdown.
2022-10-18 06:31:01,669 [omNode-2@group-523986131536-StateMachineUpdater] INFO  ratis.OzoneManagerDoubleBuffer (OzoneManagerDoubleBuffer.java:stop(466)) - Stopping OMDoubleBuffer flush thread
2022-10-18 06:31:01,669 [OMDoubleBufferFlushThread] INFO  ratis.OzoneManagerDoubleBuffer (OzoneManagerDoubleBuffer.java:flushTransactions(385)) - OMDoubleBuffer flush thread OMDoubleBufferFlushThread is interrupted and will exit.
2022-10-18 06:31:01,669 [IPC Server listener on 39045] INFO  ipc.Server (Server.java:run(1384)) - Stopping IPC Server listener on 39045
2022-10-18 06:31:01,674 [Listener at localhost/33523] INFO  server.RaftServer$Division (ServerState.java:close(429)) - omNode-2@group-523986131536: closes. applyIndex: 143
2022-10-18 06:31:01,674 [omNode-2@group-523986131536-SegmentedRaftLogWorker] INFO  segmented.SegmentedRaftLogWorker (SegmentedRaftLogWorker.java:run(336)) - omNode-2@group-523986131536-SegmentedRaftLogWorker was interrupted, exiting. There are 0 tasks remaining in the queue.
2022-10-18 06:31:01,675 [Listener at localhost/33523] INFO  segmented.SegmentedRaftLogWorker (SegmentedRaftLogWorker.java:close(246)) - omNode-2@group-523986131536-SegmentedRaftLogWorker close()
2022-10-18 06:31:01,676 [Listener at localhost/33523] INFO  server.GrpcService (GrpcService.java:closeImpl(269)) - omNode-2: shutdown server with port 34021 now
2022-10-18 06:31:01,682 [Listener at localhost/33523] INFO  server.GrpcService (GrpcService.java:closeImpl(278)) - omNode-2: shutdown server with port 34021 successfully
2022-10-18 06:31:01,682 [org.apache.ratis.util.JvmPauseMonitor$$Lambda$703/523629281@2ded5310] INFO  util.JvmPauseMonitor (JvmPauseMonitor.java:run(109)) - JvmPauseMonitor-omNode-2: Stopped
2022-10-18 06:31:01,683 [Listener at localhost/33523] INFO  ratis.OzoneManagerStateMachine (OzoneManagerStateMachine.java:close(495)) - StateMachine has shutdown. Shutdown OzoneManager if not already shutdown.
2022-10-18 06:31:01,683 [Listener at localhost/33523] INFO  ratis.OzoneManagerDoubleBuffer (OzoneManagerDoubleBuffer.java:stop(478)) - OMDoubleBuffer flush thread is not running.
2022-10-18 06:31:01,683 [Listener at localhost/33523] INFO  utils.BackgroundService (BackgroundService.java:shutdown(141)) - Shutting down service KeyDeletingService
2022-10-18 06:31:01,683 [Listener at localhost/33523] INFO  utils.BackgroundService (BackgroundService.java:shutdown(141)) - Shutting down service DirectoryDeletingService
2022-10-18 06:31:01,683 [Listener at localhost/33523] INFO  utils.BackgroundService (BackgroundService.java:shutdown(141)) - Shutting down service OpenKeyCleanupService
2022-10-18 06:31:01,684 [Listener at localhost/33523] INFO  handler.ContextHandler (ContextHandler.java:doStop(1153)) - Stopped o.e.j.w.WebAppContext@7a49293f{ozoneManager,/,null,STOPPED}{file:/home/runner/work/ozone/ozone/hadoop-ozone/integration-test/target/test-classes/webapps/ozoneManager}
2022-10-18 06:31:01,684 [Listener at localhost/33523] INFO  server.AbstractConnector (AbstractConnector.java:doStop(381)) - Stopped ServerConnector@5b436d8e{HTTP/1.1, (http/1.1)}{0.0.0.0:35391}
2022-10-18 06:31:01,684 [Listener at localhost/33523] INFO  server.session (HouseKeeper.java:stopScavenging(149)) - node0 Stopped scavenging
2022-10-18 06:31:01,685 [Listener at localhost/33523] INFO  handler.ContextHandler (ContextHandler.java:doStop(1153)) - Stopped o.e.j.s.ServletContextHandler@13ba8120{static,/static,file:///home/runner/work/ozone/ozone/hadoop-ozone/integration-test/target/test-classes/webapps/static,STOPPED}
2022-10-18 06:31:01,685 [Listener at localhost/33523] INFO  handler.ContextHandler (ContextHandler.java:doStop(1153)) - Stopped o.e.j.s.ServletContextHandler@7bfab2d2{logs,/logs,file:///home/runner/work/ozone/ozone/hadoop-ozone/integration-test/target/log,STOPPED}
2022-10-18 06:31:01,690 [Listener at localhost/33523] INFO  om.OzoneManager (OzoneManager.java:restart(1571)) - OzoneManager RPC server is listening at localhost/127.0.0.1:39045
2022-10-18 06:31:01,690 [Listener at localhost/33523] INFO  impl.MetricsSystemImpl (MetricsSystemImpl.java:init(158)) - OzoneManager metrics system started (again)
2022-10-18 06:31:01,702 [Listener at localhost/33523] WARN  server.ServerUtils (ServerUtils.java:getDBPath(225)) - ozone.om.db.dirs is not configured. We recommend adding this setting. Falling back to ozone.metadata.dirs instead.
2022-10-18 06:31:01,702 [Listener at localhost/33523] INFO  codec.OmKeyInfoCodec (OmKeyInfoCodec.java:<init>(49)) - OmKeyInfoCodec ignorePipeline = true
2022-10-18 06:31:01,702 [Listener at localhost/33523] INFO  codec.RepeatedOmKeyInfoCodec (RepeatedOmKeyInfoCodec.java:<init>(41)) - RepeatedOmKeyInfoCodec ignorePipeline = true
2022-10-18 06:31:01,728 [Listener at localhost/33523] INFO  om.OzoneManager (OzoneManager.java:instantiateServices(712)) - S3 Multi-Tenancy is disabled
2022-10-18 06:31:01,733 [Listener at localhost/33523] WARN  server.ServerUtils (ServerUtils.java:getDefaultRatisDirectory(237)) - Storage directory for Ratis is not configured. It is a good idea to map this to an SSD disk. Falling back to ozone.metadata.dirs
2022-10-18 06:31:01,734 [Listener at localhost/33523] INFO  ratis.OzoneManagerRatisServer (OzoneManagerRatisServer.java:<init>(160)) - Instantiating OM Ratis server with groupID: om-service-test1 and peers: localhost:34021, localhost:36149, localhost:46857
2022-10-18 06:31:01,734 [Listener at localhost/33523] INFO  ratis.OzoneManagerStateMachine (OzoneManagerStateMachine.java:loadSnapshotInfoFromDB(632)) - LastAppliedIndex is set from TransactionInfo from OM DB as (t:5, i:143)
2022-10-18 06:31:01,734 [Listener at localhost/33523] INFO  server.RaftServer (ConfUtils.java:logGet(46)) - raft.rpc.type = GRPC (default)
2022-10-18 06:31:01,735 [Listener at localhost/33523] INFO  grpc.GrpcFactory (GrpcFactory.java:checkPooledByteBufAllocatorUseCacheForAllThreads(48)) - PERFORMANCE WARNING: useCacheForAllThreads is true that may cause Netty to create a lot garbage objects and, as a result, trigger GC.
	It is recommended to disable useCacheForAllThreads by setting -Dorg.apache.ratis.thirdparty.io.netty.allocator.useCacheForAllThreads=false in command line.
2022-10-18 06:31:01,735 [Listener at localhost/33523] INFO  grpc.GrpcConfigKeys (ConfUtils.java:logGet(46)) - raft.grpc.admin.port = -1 (default)
2022-10-18 06:31:01,735 [Listener at localhost/33523] INFO  grpc.GrpcConfigKeys (ConfUtils.java:logGet(46)) - raft.grpc.server.port = 34021 (custom)
2022-10-18 06:31:01,735 [Listener at localhost/33523] INFO  grpc.GrpcConfigKeys (ConfUtils.java:logGet(46)) - raft.grpc.client.port = -1 (default)
2022-10-18 06:31:01,735 [Listener at localhost/33523] INFO  grpc.GrpcConfigKeys (ConfUtils.java:logGet(46)) - raft.grpc.server.port = 34021 (custom)
2022-10-18 06:31:01,735 [Listener at localhost/33523] INFO  grpc.GrpcConfigKeys (ConfUtils.java:logGet(46)) - raft.grpc.server.port = 34021 (custom)
2022-10-18 06:31:01,735 [Listener at localhost/33523] INFO  server.GrpcService (ConfUtils.java:logGet(46)) - raft.grpc.message.size.max = 33554432 (custom)
2022-10-18 06:31:01,735 [Listener at localhost/33523] INFO  server.RaftServerConfigKeys (ConfUtils.java:logGet(46)) - raft.server.log.appender.buffer.byte-limit = 33554432 (custom)
2022-10-18 06:31:01,736 [Listener at localhost/33523] INFO  server.GrpcService (ConfUtils.java:logGet(46)) - raft.grpc.flow.control.window = 1MB (=1048576) (default)
2022-10-18 06:31:01,736 [Listener at localhost/33523] INFO  server.RaftServerConfigKeys (ConfUtils.java:logGet(46)) - raft.server.rpc.request.timeout = 3000ms (default)
2022-10-18 06:31:01,736 [Listener at localhost/33523] INFO  grpc.GrpcConfigKeys (ConfUtils.java:logGet(46)) - raft.grpc.server.async.request.thread.pool.cached = true (default)
2022-10-18 06:31:01,736 [Listener at localhost/33523] INFO  grpc.GrpcConfigKeys (ConfUtils.java:logGet(46)) - raft.grpc.server.async.request.thread.pool.size = 32 (default)
2022-10-18 06:31:01,737 [Listener at localhost/33523] INFO  impl.DataStreamServerImpl (ConfUtils.java:logGet(46)) - raft.datastream.type = DISABLED (default)
2022-10-18 06:31:01,737 [Listener at localhost/33523] INFO  server.RaftServerConfigKeys (ConfUtils.java:logGet(46)) - raft.server.threadpool.proxy.cached = true (default)
2022-10-18 06:31:01,737 [Listener at localhost/33523] INFO  server.RaftServerConfigKeys (ConfUtils.java:logGet(46)) - raft.server.threadpool.proxy.size = 0 (default)
2022-10-18 06:31:01,737 [Listener at localhost/33523] INFO  server.RaftServerConfigKeys (ConfUtils.java:logGet(46)) - raft.server.rpc.slowness.timeout = 2s (custom)
2022-10-18 06:31:01,737 [Listener at localhost/33523] INFO  server.RaftServerConfigKeys (ConfUtils.java:logGet(46)) - raft.server.leaderelection.leader.step-down.wait-time = 10s (default)
2022-10-18 06:31:01,738 [Listener at localhost/33523] INFO  server.RaftServerConfigKeys (ConfUtils.java:logGet(46)) - raft.server.storage.dir = [/home/runner/work/ozone/ozone/hadoop-ozone/integration-test/target/test-dir/MiniOzoneClusterImpl-489ebd61-a341-4d14-a135-ade311a26152/omNode-2/ratis] (custom)
2022-10-18 06:31:01,738 [omNode-2-impl-thread1] INFO  server.RaftServer (RaftServerProxy.java:initGroupDir(247)) - omNode-2: found a subdirectory /home/runner/work/ozone/ozone/hadoop-ozone/integration-test/target/test-dir/MiniOzoneClusterImpl-489ebd61-a341-4d14-a135-ade311a26152/omNode-2/ratis/c9bc4cf4-3bc3-3c60-a66b-523986131536
2022-10-18 06:31:01,738 [Listener at localhost/33523] INFO  server.RaftServer (RaftServerProxy.java:addNew(96)) - omNode-2: addNew group-523986131536:[omNode-3|rpc:localhost:36149|priority:0, omNode-1|rpc:localhost:46857|priority:0, omNode-2|rpc:localhost:34021|priority:0] returns group-523986131536:java.util.concurrent.CompletableFuture@6982cb46[Not completed]
2022-10-18 06:31:01,738 [Listener at localhost/33523] INFO  om.OzoneManager (OzoneManager.java:initializeRatisServer(1975)) - OzoneManager Ratis server initialized at port 34021
2022-10-18 06:31:01,739 [Listener at localhost/33523] INFO  ratis.OzoneManagerRatisServer (OzoneManagerRatisServer.java:start(555)) - Starting OzoneManagerRatisServer omNode-2 at port 34021
2022-10-18 06:31:01,739 [pool-492-thread-1] INFO  server.RaftServer$Division (RaftServerImpl.java:<init>(190)) - omNode-2: new RaftServerImpl for group-523986131536:[omNode-3|rpc:localhost:36149|priority:0, omNode-1|rpc:localhost:46857|priority:0, omNode-2|rpc:localhost:34021|priority:0] with OzoneManagerStateMachine:uninitialized
2022-10-18 06:31:01,739 [pool-492-thread-1] INFO  server.RaftServerConfigKeys (ConfUtils.java:logGet(46)) - raft.server.rpc.timeout.min = 1s (custom)
2022-10-18 06:31:01,739 [pool-492-thread-1] INFO  server.RaftServerConfigKeys (ConfUtils.java:logGet(46)) - raft.server.rpc.timeout.max = 1200ms (custom)
2022-10-18 06:31:01,739 [pool-492-thread-1] INFO  server.RaftServerConfigKeys (ConfUtils.java:logGet(46)) - raft.server.rpc.sleep.time = 25ms (default)
2022-10-18 06:31:01,739 [pool-492-thread-1] INFO  server.RaftServerConfigKeys (ConfUtils.java:logGet(46)) - raft.server.rpc.slowness.timeout = 2s (custom)
2022-10-18 06:31:01,739 [pool-492-thread-1] INFO  server.RaftServerConfigKeys (ConfUtils.java:logGet(46)) - raft.server.leaderelection.leader.step-down.wait-time = 10s (default)
2022-10-18 06:31:01,739 [pool-492-thread-1] INFO  server.RaftServerConfigKeys (ConfUtils.java:logGet(46)) - raft.server.sleep.deviation.threshold = 300ms (default)
2022-10-18 06:31:01,739 [pool-492-thread-1] INFO  server.RaftServer$Division (ServerState.java:<init>(107)) - omNode-2@group-523986131536: ConfigurationManager, init=-1: [omNode-3|rpc:localhost:36149|priority:0, omNode-1|rpc:localhost:46857|priority:0, omNode-2|rpc:localhost:34021|priority:0], old=null, confs=<EMPTY_MAP>
2022-10-18 06:31:01,739 [pool-492-thread-1] INFO  server.RaftServerConfigKeys (ConfUtils.java:logGet(46)) - raft.server.storage.dir = [/home/runner/work/ozone/ozone/hadoop-ozone/integration-test/target/test-dir/MiniOzoneClusterImpl-489ebd61-a341-4d14-a135-ade311a26152/omNode-2/ratis] (custom)
2022-10-18 06:31:01,739 [pool-492-thread-1] INFO  server.RaftServerConfigKeys (ConfUtils.java:logGet(46)) - raft.server.log.corruption.policy = EXCEPTION (default)
2022-10-18 06:31:01,739 [pool-492-thread-1] INFO  server.RaftServerConfigKeys (ConfUtils.java:logGet(46)) - raft.server.storage.free-space.min = 0MB (=0) (default)
2022-10-18 06:31:01,740 [pool-492-thread-1] INFO  storage.RaftStorageDirectory (RaftStorageDirectoryImpl.java:tryLock(230)) - Lock on /home/runner/work/ozone/ozone/hadoop-ozone/integration-test/target/test-dir/MiniOzoneClusterImpl-489ebd61-a341-4d14-a135-ade311a26152/omNode-2/ratis/c9bc4cf4-3bc3-3c60-a66b-523986131536/in_use.lock acquired by nodename 30337@fv-az241-838
2022-10-18 06:31:01,740 [pool-492-thread-1] INFO  storage.RaftStorage (RaftStorageImpl.java:analyzeAndRecoverStorage(110)) - Read RaftStorageMetadata{term=7, votedFor=omNode-2} from /home/runner/work/ozone/ozone/hadoop-ozone/integration-test/target/test-dir/MiniOzoneClusterImpl-489ebd61-a341-4d14-a135-ade311a26152/omNode-2/ratis/c9bc4cf4-3bc3-3c60-a66b-523986131536/current/raft-meta
2022-10-18 06:31:01,741 [pool-492-thread-1] INFO  server.RaftServer$Division (ServerState.java:setRaftConf(393)) - omNode-2@group-523986131536: set configuration 145: [omNode-3|rpc:localhost:36149|admin:|client:|dataStream:|priority:0, omNode-1|rpc:localhost:46857|admin:|client:|dataStream:|priority:0, omNode-2|rpc:localhost:34021|admin:|client:|dataStream:|priority:0], old=null
2022-10-18 06:31:01,741 [pool-492-thread-1] INFO  server.RaftServerConfigKeys (ConfUtils.java:logGet(46)) - raft.server.notification.no-leader.timeout = 2s (custom)
2022-10-18 06:31:01,741 [pool-492-thread-1] INFO  server.RaftServerConfigKeys (ConfUtils.java:logGet(46)) - raft.server.log.use.memory = false (default)
2022-10-18 06:31:01,741 [pool-492-thread-1] INFO  server.RaftServerConfigKeys (ConfUtils.java:logGet(46)) - raft.server.log.purge.gap = 50 (custom)
2022-10-18 06:31:01,741 [pool-492-thread-1] INFO  server.RaftServerConfigKeys (ConfUtils.java:logGet(46)) - raft.server.log.appender.buffer.byte-limit = 33554432 (custom)
2022-10-18 06:31:01,741 [pool-492-thread-1] INFO  server.RaftServerConfigKeys (ConfUtils.java:logGet(46)) - raft.server.log.statemachine.data.read.timeout = 1000ms (default)
2022-10-18 06:31:01,741 [pool-492-thread-1] INFO  server.RaftServerConfigKeys (ConfUtils.java:logGet(46)) - raft.server.log.segment.size.max = 4194304 (custom)
2022-10-18 06:31:01,741 [pool-492-thread-1] INFO  server.RaftServerConfigKeys (ConfUtils.java:logGet(46)) - raft.server.log.segment.cache.num.max = 2 (custom)
2022-10-18 06:31:01,741 [pool-492-thread-1] INFO  server.RaftServerConfigKeys (ConfUtils.java:logGet(46)) - raft.server.log.segment.cache.size.max = 200MB (=209715200) (default)
2022-10-18 06:31:01,742 [pool-492-thread-1] INFO  segmented.SegmentedRaftLogWorker (SegmentedRaftLogWorker.java:<init>(187)) - new omNode-2@group-523986131536-SegmentedRaftLogWorker for RaftStorageImpl:Storage Directory /home/runner/work/ozone/ozone/hadoop-ozone/integration-test/target/test-dir/MiniOzoneClusterImpl-489ebd61-a341-4d14-a135-ade311a26152/omNode-2/ratis/c9bc4cf4-3bc3-3c60-a66b-523986131536
2022-10-18 06:31:01,742 [pool-492-thread-1] INFO  server.RaftServerConfigKeys (ConfUtils.java:logGet(46)) - raft.server.log.queue.byte-limit = 64MB (=67108864) (default)
2022-10-18 06:31:01,742 [pool-492-thread-1] INFO  server.RaftServerConfigKeys (ConfUtils.java:logGet(46)) - raft.server.log.queue.element-limit = 4096 (default)
2022-10-18 06:31:01,742 [pool-492-thread-1] INFO  server.RaftServerConfigKeys (ConfUtils.java:logGet(46)) - raft.server.log.segment.size.max = 4194304 (custom)
2022-10-18 06:31:01,742 [pool-492-thread-1] INFO  server.RaftServerConfigKeys (ConfUtils.java:logGet(46)) - raft.server.log.preallocated.size = 4194304 (custom)
2022-10-18 06:31:01,742 [pool-492-thread-1] INFO  server.RaftServerConfigKeys (ConfUtils.java:logGet(46)) - raft.server.log.force.sync.num = 128 (default)
2022-10-18 06:31:01,742 [pool-492-thread-1] INFO  server.RaftServerConfigKeys (ConfUtils.java:logGet(46)) - raft.server.log.statemachine.data.sync = true (default)
2022-10-18 06:31:01,742 [pool-492-thread-1] INFO  server.RaftServerConfigKeys (ConfUtils.java:logGet(46)) - raft.server.log.statemachine.data.sync.timeout = 10s (default)
2022-10-18 06:31:01,742 [pool-492-thread-1] INFO  server.RaftServerConfigKeys (ConfUtils.java:logGet(46)) - raft.server.log.statemachine.data.sync.timeout.retry = -1 (default)
2022-10-18 06:31:01,743 [pool-492-thread-1] INFO  server.RaftServerConfigKeys (ConfUtils.java:logGet(46)) - raft.server.log.write.buffer.size = 64KB (=65536) (default)
2022-10-18 06:31:01,743 [pool-492-thread-1] INFO  server.RaftServerConfigKeys (ConfUtils.java:logGet(46)) - raft.server.log.unsafe-flush.enabled = false (default)
2022-10-18 06:31:01,743 [pool-492-thread-1] INFO  server.RaftServerConfigKeys (ConfUtils.java:logGet(46)) - raft.server.log.statemachine.data.caching.enabled = false (default)
2022-10-18 06:31:01,743 [pool-492-thread-1] INFO  server.RaftServer$Division (ServerState.java:setRaftConf(393)) - omNode-2@group-523986131536: set configuration 31: [omNode-3|rpc:localhost:36149|admin:|client:|dataStream:|priority:0, omNode-1|rpc:localhost:46857|admin:|client:|dataStream:|priority:0, omNode-2|rpc:localhost:34021|admin:|client:|dataStream:|priority:0], old=null
2022-10-18 06:31:01,744 [pool-492-thread-1] INFO  segmented.LogSegment (LogSegment.java:loadSegment(173)) - Successfully read 26 entries from segment file /home/runner/work/ozone/ozone/hadoop-ozone/integration-test/target/test-dir/MiniOzoneClusterImpl-489ebd61-a341-4d14-a135-ade311a26152/omNode-2/ratis/c9bc4cf4-3bc3-3c60-a66b-523986131536/current/log_inprogress_31
2022-10-18 06:31:01,744 [pool-492-thread-1] WARN  raftlog.RaftLog (SegmentedRaftLog.java:loadLogSegments(250)) - End log index 56 is smaller than last index in snapshot 143
2022-10-18 06:31:01,744 [pool-492-thread-1] INFO  segmented.SegmentedRaftLogWorker (SegmentedRaftLogWorker.java:lambda$new$0(135)) - omNode-2@group-523986131536-SegmentedRaftLogWorker: flushIndex: setUnconditionally 0 -> 143
2022-10-18 06:31:01,744 [pool-492-thread-1] INFO  segmented.SegmentedRaftLogWorker (SegmentedRaftLogWorker.java:lambda$new$0(135)) - omNode-2@group-523986131536-SegmentedRaftLogWorker: safeCacheEvictIndex: setUnconditionally 0 -> -1
2022-10-18 06:31:01,744 [pool-492-thread-1] INFO  raftlog.RaftLog (RaftLogBase.java:lambda$new$0(53)) - omNode-2@group-523986131536-SegmentedRaftLog: commitIndex: updateToMax old=143, new=55, updated? false
2022-10-18 06:31:01,744 [pool-492-thread-1] INFO  raftlog.RaftLog (RaftLogBase.java:lambda$new$0(53)) - omNode-2@group-523986131536-SegmentedRaftLog: purgeIndex: updateIncreasingly -1 -> 30
2022-10-18 06:31:01,744 [pool-492-thread-1] INFO  server.RaftServerConfigKeys (ConfUtils.java:logGet(46)) - raft.server.snapshot.auto.trigger.enabled = true (custom)
2022-10-18 06:31:01,744 [pool-492-thread-1] INFO  server.RaftServerConfigKeys (ConfUtils.java:logGet(46)) - raft.server.snapshot.auto.trigger.threshold = 50 (custom)
2022-10-18 06:31:01,744 [pool-492-thread-1] INFO  server.RaftServerConfigKeys (ConfUtils.java:logGet(46)) - raft.server.snapshot.retention.file.num = -1 (default)
2022-10-18 06:31:01,744 [pool-492-thread-1] INFO  server.RaftServerConfigKeys (ConfUtils.java:logGet(46)) - raft.server.log.purge.upto.snapshot.index = true (custom)
2022-10-18 06:31:01,744 [pool-492-thread-1] INFO  server.RaftServerConfigKeys (ConfUtils.java:logGet(46)) - raft.server.retrycache.expirytime = 30000ms (custom)
2022-10-18 06:31:01,744 [pool-492-thread-1] INFO  server.RaftServerConfigKeys (ConfUtils.java:logGet(46)) - raft.server.retrycache.statistics.expirytime = 100μs (default)
2022-10-18 06:31:01,745 [pool-492-thread-1] INFO  server.RaftServerConfigKeys (ConfUtils.java:logGet(46)) - raft.server.log.appender.install.snapshot.enabled = false (custom)
2022-10-18 06:31:01,745 [pool-492-thread-1] INFO  server.RaftServerConfigKeys (ConfUtils.java:logGet(46)) - raft.server.threadpool.server.cached = true (default)
2022-10-18 06:31:01,745 [pool-492-thread-1] INFO  server.RaftServerConfigKeys (ConfUtils.java:logGet(46)) - raft.server.threadpool.server.size = 0 (default)
2022-10-18 06:31:01,746 [pool-492-thread-1] INFO  server.RaftServerConfigKeys (ConfUtils.java:logGet(46)) - raft.server.threadpool.client.cached = true (default)
2022-10-18 06:31:01,746 [pool-492-thread-1] INFO  server.RaftServerConfigKeys (ConfUtils.java:logGet(46)) - raft.server.threadpool.client.size = 0 (default)
2022-10-18 06:31:01,746 [omNode-2-impl-thread1] INFO  server.RaftServer$Division (RaftServerImpl.java:start(310)) - omNode-2@group-523986131536: start as a follower, conf=145: [omNode-3|rpc:localhost:36149|admin:|client:|dataStream:|priority:0, omNode-1|rpc:localhost:46857|admin:|client:|dataStream:|priority:0, omNode-2|rpc:localhost:34021|admin:|client:|dataStream:|priority:0], old=null
2022-10-18 06:31:01,746 [omNode-2-impl-thread1] INFO  server.RaftServer$Division (RaftServerImpl.java:setRole(299)) - omNode-2@group-523986131536: changes role from      null to FOLLOWER at term 7 for startAsFollower
2022-10-18 06:31:01,746 [omNode-2-impl-thread1] INFO  impl.RoleInfo (RoleInfo.java:updateAndGet(139)) - omNode-2: start omNode-2@group-523986131536-FollowerState
2022-10-18 06:31:01,749 [omNode-2-impl-thread1] INFO  util.JmxRegister (JmxRegister.java:tryRegister(44)) - Successfully registered JMX Bean with object name Ratis:service=RaftServer,group=group-523986131536,id=omNode-2
2022-10-18 06:31:01,751 [Listener at localhost/33523] INFO  server.RaftServer (RaftServerProxy.java:lambda$start$6(382)) - omNode-2: start RPC server
2022-10-18 06:31:01,758 [Listener at localhost/33523] INFO  server.GrpcService (GrpcService.java:startImpl(260)) - omNode-2: GrpcService started, listening on 34021
2022-10-18 06:31:01,758 [Listener at localhost/33523] INFO  om.OzoneManager (OzoneManager.java:getRpcServer(1101)) - Creating RPC Server
2022-10-18 06:31:01,759 [org.apache.ratis.util.JvmPauseMonitor$$Lambda$703/523629281@69bc985d] INFO  util.JvmPauseMonitor (JvmPauseMonitor.java:run(103)) - JvmPauseMonitor-omNode-2: Started
2022-10-18 06:31:02,143 [Listener at localhost/33523] INFO  reflections.Reflections (Reflections.java:scan(232)) - Reflections took 384 ms to scan 19 urls, producing 67 keys and 4238 values [using 2 cores]
2022-10-18 06:31:02,145 [Listener at localhost/33523] INFO  ipc.CallQueueManager (CallQueueManager.java:<init>(90)) - Using callQueue: class java.util.concurrent.LinkedBlockingQueue, queueCapacity: 2000, scheduler: class org.apache.hadoop.ipc.DefaultRpcScheduler, ipcBackoff: false.
2022-10-18 06:31:02,146 [Socket Reader #1 for port 39045] INFO  ipc.Server (Server.java:run(1273)) - Starting Socket Reader #1 for port 39045
2022-10-18 06:31:02,150 [Listener at localhost/39045] INFO  http.BaseHttpServer (BaseHttpServer.java:newHttpServer2BuilderForOzone(213)) - Starting Web-server for ozoneManager at: http://0.0.0.0:35391
2022-10-18 06:31:02,150 [Listener at localhost/39045] INFO  http.BaseHttpServer (BaseHttpServer.java:<init>(108)) - Hadoop Security Enabled: false Ozone Security Enabled: false Ozone HTTP Security Enabled: false 
2022-10-18 06:31:02,152 [Listener at localhost/39045] WARN  server.AuthenticationFilter (AuthenticationFilter.java:constructSecretProvider(240)) - Unable to initialize FileSignerSecretProvider, falling back to use random secrets. Reason: Could not read signature secret file: /home/runner/hadoop-http-auth-signature-secret
2022-10-18 06:31:02,152 [Listener at localhost/39045] WARN  http.HttpRequestLog (HttpRequestLog.java:getRequestLog(103)) - Jetty request log can only be enabled using Log4j
2022-10-18 06:31:02,154 [Listener at localhost/39045] INFO  http.HttpServer2 (HttpServer2.java:addGlobalFilter(1031)) - Added global filter 'safety' (class=org.apache.hadoop.hdds.server.http.HttpServer2$QuotingInputFilter)
2022-10-18 06:31:02,155 [Listener at localhost/39045] INFO  http.HttpServer2 (HttpServer2.java:addFilter(1007)) - Added filter static_user_filter (class=org.apache.hadoop.http.lib.StaticUserWebFilter$StaticUserFilter) to context ozoneManager
2022-10-18 06:31:02,155 [Listener at localhost/39045] INFO  http.HttpServer2 (HttpServer2.java:addFilter(1015)) - Added filter static_user_filter (class=org.apache.hadoop.http.lib.StaticUserWebFilter$StaticUserFilter) to context logs
2022-10-18 06:31:02,155 [Listener at localhost/39045] INFO  http.HttpServer2 (HttpServer2.java:addFilter(1015)) - Added filter static_user_filter (class=org.apache.hadoop.http.lib.StaticUserWebFilter$StaticUserFilter) to context static
2022-10-18 06:31:02,155 [Listener at localhost/39045] INFO  http.HttpServer2 (HttpServer2.java:bindListener(1250)) - Jetty bound to port 35391
2022-10-18 06:31:02,156 [Listener at localhost/39045] INFO  server.Server (Server.java:doStart(375)) - jetty-9.4.43.v20210629; built: 2021-06-30T11:07:22.254Z; git: 526006ecfa3af7f1a27ef3a288e2bef7ea9dd7e8; jvm 1.8.0_345-b01
2022-10-18 06:31:02,157 [Listener at localhost/39045] INFO  server.session (DefaultSessionIdManager.java:doStart(334)) - DefaultSessionIdManager workerName=node0
2022-10-18 06:31:02,157 [Listener at localhost/39045] INFO  server.session (DefaultSessionIdManager.java:doStart(339)) - No SessionScavenger set, using defaults
2022-10-18 06:31:02,157 [Listener at localhost/39045] INFO  server.session (HouseKeeper.java:startScavenging(132)) - node0 Scavenging every 600000ms
2022-10-18 06:31:02,161 [Listener at localhost/39045] INFO  handler.ContextHandler (ContextHandler.java:doStart(915)) - Started o.e.j.s.ServletContextHandler@67c784a6{logs,/logs,file:///home/runner/work/ozone/ozone/hadoop-ozone/integration-test/target/log,AVAILABLE}
2022-10-18 06:31:02,161 [omNode-3@group-523986131536-FollowerState] INFO  impl.FollowerState (FollowerState.java:run(143)) - omNode-3@group-523986131536-FollowerState: change to CANDIDATE, lastRpcElapsedTime:1167357676ns, electionTimeout:1148ms
2022-10-18 06:31:02,161 [Listener at localhost/39045] INFO  handler.ContextHandler (ContextHandler.java:doStart(915)) - Started o.e.j.s.ServletContextHandler@4ca2e82d{static,/static,file:///home/runner/work/ozone/ozone/hadoop-ozone/integration-test/target/test-classes/webapps/static,AVAILABLE}
2022-10-18 06:31:02,161 [omNode-3@group-523986131536-FollowerState] INFO  impl.RoleInfo (RoleInfo.java:shutdownFollowerState(110)) - omNode-3: shutdown omNode-3@group-523986131536-FollowerState
2022-10-18 06:31:02,162 [omNode-3@group-523986131536-FollowerState] INFO  server.RaftServer$Division (RaftServerImpl.java:setRole(299)) - omNode-3@group-523986131536: changes role from  FOLLOWER to CANDIDATE at term 7 for changeToCandidate
2022-10-18 06:31:02,162 [omNode-3@group-523986131536-FollowerState] INFO  server.RaftServerConfigKeys (ConfUtils.java:logGet(46)) - raft.server.leaderelection.pre-vote = false (custom)
2022-10-18 06:31:02,162 [omNode-3@group-523986131536-FollowerState] INFO  impl.RoleInfo (RoleInfo.java:updateAndGet(139)) - omNode-3: start omNode-3@group-523986131536-LeaderElection14
2022-10-18 06:31:02,167 [Listener at localhost/39045] INFO  handler.ContextHandler (ContextHandler.java:doStart(915)) - Started o.e.j.w.WebAppContext@26e388a2{ozoneManager,/,file:///home/runner/work/ozone/ozone/hadoop-ozone/integration-test/target/test-classes/webapps/ozoneManager/,AVAILABLE}{file:/home/runner/work/ozone/ozone/hadoop-ozone/integration-test/target/test-classes/webapps/ozoneManager}
2022-10-18 06:31:02,169 [Listener at localhost/39045] INFO  server.AbstractConnector (AbstractConnector.java:doStart(331)) - Started ServerConnector@250db31d{HTTP/1.1, (http/1.1)}{0.0.0.0:35391}
2022-10-18 06:31:02,169 [Listener at localhost/39045] INFO  server.Server (Server.java:doStart(415)) - Started @54353ms
2022-10-18 06:31:02,169 [Listener at localhost/39045] WARN  impl.MetricsSystemImpl (MetricsSystemImpl.java:register(279)) - Sink prometheus already exists!
2022-10-18 06:31:02,170 [Listener at localhost/39045] INFO  http.BaseHttpServer (BaseHttpServer.java:updateConnectorAddress(333)) - HTTP server of ozoneManager listening at http://0.0.0.0:35391
2022-10-18 06:31:02,170 [IPC Server Responder] INFO  ipc.Server (Server.java:run(1512)) - IPC Server Responder: starting
2022-10-18 06:31:02,171 [omNode-3@group-523986131536-LeaderElection14] INFO  impl.LeaderElection (LeaderElection.java:askForVotes(310)) - omNode-3@group-523986131536-LeaderElection14 ELECTION round 0: submit vote requests at term 8 for 59: [omNode-3|rpc:localhost:36149|admin:|client:|dataStream:|priority:0, omNode-1|rpc:localhost:46857|admin:|client:|dataStream:|priority:0, omNode-2|rpc:localhost:34021|admin:|client:|dataStream:|priority:0], old=null
2022-10-18 06:31:02,171 [IPC Server listener on 39045] INFO  ipc.Server (Server.java:run(1352)) - IPC Server listener on 39045: starting
2022-10-18 06:31:02,178 [grpc-default-executor-3] INFO  server.RaftServer$Division (RaftServerImpl.java:requestVote(1152)) - omNode-1@group-523986131536: receive requestVote(ELECTION, omNode-3, group-523986131536, 8, (t:5, i:144))
2022-10-18 06:31:02,179 [grpc-default-executor-3] INFO  impl.VoteContext (VoteContext.java:log(48)) - omNode-1@group-523986131536-FOLLOWER: reject ELECTION from omNode-3: our last entry (t:6, i:145) > candidate's last entry (t:5, i:144)
2022-10-18 06:31:02,179 [grpc-default-executor-3] INFO  server.RaftServer$Division (RaftServerImpl.java:setRole(299)) - omNode-1@group-523986131536: changes role from  FOLLOWER to FOLLOWER at term 8 for candidate:omNode-3
2022-10-18 06:31:02,179 [grpc-default-executor-3] INFO  impl.RoleInfo (RoleInfo.java:shutdownFollowerState(110)) - omNode-1: shutdown omNode-1@group-523986131536-FollowerState
2022-10-18 06:31:02,185 [grpc-default-executor-3] INFO  impl.RoleInfo (RoleInfo.java:updateAndGet(139)) - omNode-1: start omNode-1@group-523986131536-FollowerState
2022-10-18 06:31:02,185 [omNode-1@group-523986131536-FollowerState] INFO  impl.FollowerState (FollowerState.java:run(152)) - omNode-1@group-523986131536-FollowerState was interrupted
2022-10-18 06:31:02,188 [grpc-default-executor-3] INFO  server.RaftServer$Division (RaftServerImpl.java:requestVote(1184)) - omNode-1@group-523986131536 replies to ELECTION vote request: omNode-3<-omNode-1#0:FAIL-t8. Peer's state: omNode-1@group-523986131536:t8, leader=null, voted=null, raftlog=omNode-1@group-523986131536-SegmentedRaftLog:OPENED:c143, conf=145: [omNode-3|rpc:localhost:36149|admin:|client:|dataStream:|priority:0, omNode-1|rpc:localhost:46857|admin:|client:|dataStream:|priority:0, omNode-2|rpc:localhost:34021|admin:|client:|dataStream:|priority:0], old=null
2022-10-18 06:31:02,192 [grpc-default-executor-3] INFO  server.RaftServer$Division (RaftServerImpl.java:requestVote(1152)) - omNode-2@group-523986131536: receive requestVote(ELECTION, omNode-3, group-523986131536, 8, (t:5, i:144))
2022-10-18 06:31:02,192 [grpc-default-executor-3] INFO  impl.VoteContext (VoteContext.java:log(48)) - omNode-2@group-523986131536-FOLLOWER: accept ELECTION from omNode-3: our last entry (t:3, i:56) < candidate's last entry (t:5, i:144)
2022-10-18 06:31:02,192 [grpc-default-executor-3] INFO  server.RaftServer$Division (RaftServerImpl.java:setRole(299)) - omNode-2@group-523986131536: changes role from  FOLLOWER to FOLLOWER at term 8 for candidate:omNode-3
2022-10-18 06:31:02,192 [grpc-default-executor-3] INFO  impl.RoleInfo (RoleInfo.java:shutdownFollowerState(110)) - omNode-2: shutdown omNode-2@group-523986131536-FollowerState
2022-10-18 06:31:02,193 [omNode-2@group-523986131536-FollowerState] INFO  impl.FollowerState (FollowerState.java:run(152)) - omNode-2@group-523986131536-FollowerState was interrupted
2022-10-18 06:31:02,193 [grpc-default-executor-3] INFO  impl.RoleInfo (RoleInfo.java:updateAndGet(139)) - omNode-2: start omNode-2@group-523986131536-FollowerState
2022-10-18 06:31:02,193 [Listener at localhost/39045] INFO  om.OzoneManager (OzoneManager.java:startTrashEmptier(1919)) - Trash Interval set to 0. Files deleted won't move to trash
2022-10-18 06:31:02,202 [org.apache.hadoop.util.JvmPauseMonitor$Monitor@4e79f3ea] INFO  util.JvmPauseMonitor (JvmPauseMonitor.java:run(188)) - Starting JVM pause monitor
2022-10-18 06:31:02,202 [grpc-default-executor-3] INFO  server.RaftServer$Division (RaftServerImpl.java:requestVote(1184)) - omNode-2@group-523986131536 replies to ELECTION vote request: omNode-3<-omNode-2#0:OK-t8. Peer's state: omNode-2@group-523986131536:t8, leader=null, voted=omNode-3, raftlog=omNode-2@group-523986131536-SegmentedRaftLog:OPENED:c143, conf=145: [omNode-3|rpc:localhost:36149|admin:|client:|dataStream:|priority:0, omNode-1|rpc:localhost:46857|admin:|client:|dataStream:|priority:0, omNode-2|rpc:localhost:34021|admin:|client:|dataStream:|priority:0], old=null
2022-10-18 06:31:02,210 [omNode-3@group-523986131536-LeaderElection14] INFO  impl.LeaderElection (LeaderElection.java:logAndReturn(90)) - omNode-3@group-523986131536-LeaderElection14: ELECTION PASSED received 2 response(s) and 0 exception(s):
2022-10-18 06:31:02,210 [omNode-3@group-523986131536-LeaderElection14] INFO  impl.LeaderElection (LeaderElection.java:logAndReturn(94)) -   Response 0: omNode-3<-omNode-1#0:FAIL-t8
]]></system-out>
  </testcase>
  <testcase name="testTwoOMNodesDown" classname="org.apache.hadoop.ozone.om.TestOzoneManagerHAWithData" time="17.137">
    <error type="java.io.IOException"><![CDATA[java.io.IOException: java.lang.IllegalStateException: gap between start index 57 and first entry to append 144
	at org.apache.ratis.util.IOUtils.asIOException(IOUtils.java:56)
	at org.apache.ratis.util.IOUtils.toIOException(IOUtils.java:61)
	at org.apache.ratis.util.IOUtils.getFromFuture(IOUtils.java:71)
	at org.apache.ratis.server.impl.RaftServerProxy.getImpls(RaftServerProxy.java:362)
	at org.apache.ratis.server.impl.RaftServerProxy.start(RaftServerProxy.java:379)
	at org.apache.hadoop.ozone.om.ratis.OzoneManagerRatisServer.start(OzoneManagerRatisServer.java:557)
	at org.apache.hadoop.ozone.om.OzoneManager.restart(OzoneManager.java:1606)
	at org.apache.hadoop.ozone.MiniOzoneHAClusterImpl.restartOzoneManager(MiniOzoneHAClusterImpl.java:229)
	at org.apache.hadoop.ozone.om.TestOzoneManagerHA.resetCluster(TestOzoneManagerHA.java:188)
	at sun.reflect.NativeMethodAccessorImpl.invoke0(Native Method)
	at sun.reflect.NativeMethodAccessorImpl.invoke(NativeMethodAccessorImpl.java:62)
	at sun.reflect.DelegatingMethodAccessorImpl.invoke(DelegatingMethodAccessorImpl.java:43)
	at java.lang.reflect.Method.invoke(Method.java:498)
	at org.junit.platform.commons.util.ReflectionUtils.invokeMethod(ReflectionUtils.java:725)
	at org.junit.jupiter.engine.execution.MethodInvocation.proceed(MethodInvocation.java:60)
	at org.junit.jupiter.engine.execution.InvocationInterceptorChain$ValidatingInvocation.proceed(InvocationInterceptorChain.java:131)
	at org.junit.jupiter.engine.extension.TimeoutExtension.intercept(TimeoutExtension.java:149)
	at org.junit.jupiter.engine.extension.TimeoutExtension.interceptLifecycleMethod(TimeoutExtension.java:126)
	at org.junit.jupiter.engine.extension.TimeoutExtension.interceptAfterEachMethod(TimeoutExtension.java:108)
	at org.junit.jupiter.engine.execution.ExecutableInvoker$ReflectiveInterceptorCall.lambda$ofVoidMethod$0(ExecutableInvoker.java:115)
	at org.junit.jupiter.engine.execution.ExecutableInvoker.lambda$invoke$0(ExecutableInvoker.java:105)
	at org.junit.jupiter.engine.execution.InvocationInterceptorChain$InterceptedInvocation.proceed(InvocationInterceptorChain.java:106)
	at org.junit.jupiter.engine.execution.InvocationInterceptorChain.proceed(InvocationInterceptorChain.java:64)
	at org.junit.jupiter.engine.execution.InvocationInterceptorChain.chainAndInvoke(InvocationInterceptorChain.java:45)
	at org.junit.jupiter.engine.execution.InvocationInterceptorChain.invoke(InvocationInterceptorChain.java:37)
	at org.junit.jupiter.engine.execution.ExecutableInvoker.invoke(ExecutableInvoker.java:104)
	at org.junit.jupiter.engine.execution.ExecutableInvoker.invoke(ExecutableInvoker.java:98)
	at org.junit.jupiter.engine.descriptor.ClassBasedTestDescriptor.invokeMethodInExtensionContext(ClassBasedTestDescriptor.java:506)
	at org.junit.jupiter.engine.descriptor.ClassBasedTestDescriptor.lambda$synthesizeAfterEachMethodAdapter$22(ClassBasedTestDescriptor.java:496)
	at org.junit.jupiter.engine.descriptor.TestMethodTestDescriptor.lambda$invokeAfterEachMethods$10(TestMethodTestDescriptor.java:240)
	at org.junit.jupiter.engine.descriptor.TestMethodTestDescriptor.lambda$invokeAllAfterMethodsOrCallbacks$13(TestMethodTestDescriptor.java:273)
	at org.junit.platform.engine.support.hierarchical.ThrowableCollector.execute(ThrowableCollector.java:73)
	at org.junit.jupiter.engine.descriptor.TestMethodTestDescriptor.lambda$invokeAllAfterMethodsOrCallbacks$14(TestMethodTestDescriptor.java:273)
	at java.util.ArrayList.forEach(ArrayList.java:1259)
	at org.junit.jupiter.engine.descriptor.TestMethodTestDescriptor.invokeAllAfterMethodsOrCallbacks(TestMethodTestDescriptor.java:272)
	at org.junit.jupiter.engine.descriptor.TestMethodTestDescriptor.invokeAfterEachMethods(TestMethodTestDescriptor.java:238)
	at org.junit.jupiter.engine.descriptor.TestMethodTestDescriptor.execute(TestMethodTestDescriptor.java:139)
	at org.junit.jupiter.engine.descriptor.TestMethodTestDescriptor.execute(TestMethodTestDescriptor.java:66)
	at org.junit.platform.engine.support.hierarchical.NodeTestTask.lambda$executeRecursively$6(NodeTestTask.java:151)
	at org.junit.platform.engine.support.hierarchical.ThrowableCollector.execute(ThrowableCollector.java:73)
	at org.junit.platform.engine.support.hierarchical.NodeTestTask.lambda$executeRecursively$8(NodeTestTask.java:141)
	at org.junit.platform.engine.support.hierarchical.Node.around(Node.java:137)
	at org.junit.platform.engine.support.hierarchical.NodeTestTask.lambda$executeRecursively$9(NodeTestTask.java:139)
	at org.junit.platform.engine.support.hierarchical.ThrowableCollector.execute(ThrowableCollector.java:73)
	at org.junit.platform.engine.support.hierarchical.NodeTestTask.executeRecursively(NodeTestTask.java:138)
	at org.junit.platform.engine.support.hierarchical.NodeTestTask.execute(NodeTestTask.java:95)
	at java.util.ArrayList.forEach(ArrayList.java:1259)
	at org.junit.platform.engine.support.hierarchical.SameThreadHierarchicalTestExecutorService.invokeAll(SameThreadHierarchicalTestExecutorService.java:41)
	at org.junit.platform.engine.support.hierarchical.NodeTestTask.lambda$executeRecursively$6(NodeTestTask.java:155)
	at org.junit.platform.engine.support.hierarchical.ThrowableCollector.execute(ThrowableCollector.java:73)
	at org.junit.platform.engine.support.hierarchical.NodeTestTask.lambda$executeRecursively$8(NodeTestTask.java:141)
	at org.junit.platform.engine.support.hierarchical.Node.around(Node.java:137)
	at org.junit.platform.engine.support.hierarchical.NodeTestTask.lambda$executeRecursively$9(NodeTestTask.java:139)
	at org.junit.platform.engine.support.hierarchical.ThrowableCollector.execute(ThrowableCollector.java:73)
	at org.junit.platform.engine.support.hierarchical.NodeTestTask.executeRecursively(NodeTestTask.java:138)
	at org.junit.platform.engine.support.hierarchical.NodeTestTask.execute(NodeTestTask.java:95)
	at java.util.ArrayList.forEach(ArrayList.java:1259)
	at org.junit.platform.engine.support.hierarchical.SameThreadHierarchicalTestExecutorService.invokeAll(SameThreadHierarchicalTestExecutorService.java:41)
	at org.junit.platform.engine.support.hierarchical.NodeTestTask.lambda$executeRecursively$6(NodeTestTask.java:155)
	at org.junit.platform.engine.support.hierarchical.ThrowableCollector.execute(ThrowableCollector.java:73)
	at org.junit.platform.engine.support.hierarchical.NodeTestTask.lambda$executeRecursively$8(NodeTestTask.java:141)
	at org.junit.platform.engine.support.hierarchical.Node.around(Node.java:137)
	at org.junit.platform.engine.support.hierarchical.NodeTestTask.lambda$executeRecursively$9(NodeTestTask.java:139)
	at org.junit.platform.engine.support.hierarchical.ThrowableCollector.execute(ThrowableCollector.java:73)
	at org.junit.platform.engine.support.hierarchical.NodeTestTask.executeRecursively(NodeTestTask.java:138)
	at org.junit.platform.engine.support.hierarchical.NodeTestTask.execute(NodeTestTask.java:95)
	at org.junit.platform.engine.support.hierarchical.SameThreadHierarchicalTestExecutorService.submit(SameThreadHierarchicalTestExecutorService.java:35)
	at org.junit.platform.engine.support.hierarchical.HierarchicalTestExecutor.execute(HierarchicalTestExecutor.java:57)
	at org.junit.platform.engine.support.hierarchical.HierarchicalTestEngine.execute(HierarchicalTestEngine.java:54)
	at org.junit.platform.launcher.core.EngineExecutionOrchestrator.execute(EngineExecutionOrchestrator.java:107)
	at org.junit.platform.launcher.core.EngineExecutionOrchestrator.execute(EngineExecutionOrchestrator.java:88)
	at org.junit.platform.launcher.core.EngineExecutionOrchestrator.lambda$execute$0(EngineExecutionOrchestrator.java:54)
	at org.junit.platform.launcher.core.EngineExecutionOrchestrator.withInterceptedStreams(EngineExecutionOrchestrator.java:67)
	at org.junit.platform.launcher.core.EngineExecutionOrchestrator.execute(EngineExecutionOrchestrator.java:52)
	at org.junit.platform.launcher.core.DefaultLauncher.execute(DefaultLauncher.java:114)
	at org.junit.platform.launcher.core.DefaultLauncher.execute(DefaultLauncher.java:86)
	at org.junit.platform.launcher.core.DefaultLauncherSession$DelegatingLauncher.execute(DefaultLauncherSession.java:86)
	at org.junit.platform.launcher.core.SessionPerRequestLauncher.execute(SessionPerRequestLauncher.java:53)
	at org.apache.maven.surefire.junitplatform.JUnitPlatformProvider.execute(JUnitPlatformProvider.java:188)
	at org.apache.maven.surefire.junitplatform.JUnitPlatformProvider.invokeAllTests(JUnitPlatformProvider.java:154)
	at org.apache.maven.surefire.junitplatform.JUnitPlatformProvider.invoke(JUnitPlatformProvider.java:124)
	at org.apache.maven.surefire.booter.ForkedBooter.runSuitesInProcess(ForkedBooter.java:428)
	at org.apache.maven.surefire.booter.ForkedBooter.execute(ForkedBooter.java:162)
	at org.apache.maven.surefire.booter.ForkedBooter.run(ForkedBooter.java:562)
	at org.apache.maven.surefire.booter.ForkedBooter.main(ForkedBooter.java:548)
Caused by: java.lang.IllegalStateException: gap between start index 57 and first entry to append 144
	at org.apache.ratis.util.Preconditions.assertTrue(Preconditions.java:60)
	at org.apache.ratis.server.raftlog.segmented.LogSegment.append(LogSegment.java:312)
	at org.apache.ratis.server.raftlog.segmented.LogSegment.lambda$loadSegment$2(LogSegment.java:168)
	at org.apache.ratis.server.raftlog.segmented.LogSegment.readSegmentFile(LogSegment.java:141)
	at org.apache.ratis.server.raftlog.segmented.LogSegment.readSegmentFile(LogSegment.java:125)
	at org.apache.ratis.server.raftlog.segmented.LogSegment.loadSegment(LogSegment.java:167)
	at org.apache.ratis.server.raftlog.segmented.SegmentedRaftLogCache.loadSegment(SegmentedRaftLogCache.java:387)
	at org.apache.ratis.server.raftlog.segmented.SegmentedRaftLog.loadLogSegments(SegmentedRaftLog.java:241)
	at org.apache.ratis.server.raftlog.segmented.SegmentedRaftLog.openImpl(SegmentedRaftLog.java:214)
	at org.apache.ratis.server.raftlog.RaftLogBase.open(RaftLogBase.java:249)
	at org.apache.ratis.server.impl.ServerState.initRaftLog(ServerState.java:210)
	at org.apache.ratis.server.impl.ServerState.<init>(ServerState.java:152)
	at org.apache.ratis.server.impl.RaftServerImpl.<init>(RaftServerImpl.java:201)
	at org.apache.ratis.server.impl.RaftServerProxy.lambda$newRaftServerImpl$5(RaftServerProxy.java:274)
	at java.util.concurrent.CompletableFuture$AsyncSupply.run(CompletableFuture.java:1604)
	at java.util.concurrent.ThreadPoolExecutor.runWorker(ThreadPoolExecutor.java:1149)
	at java.util.concurrent.ThreadPoolExecutor$Worker.run(ThreadPoolExecutor.java:624)
	at java.lang.Thread.run(Thread.java:750)
]]></error>
    <system-out><![CDATA[2022-10-18 06:31:02,210 [omNode-3@group-523986131536-LeaderElection14] INFO  impl.LeaderElection (LeaderElection.java:logAndReturn(94)) -   Response 1: omNode-3<-omNode-2#0:OK-t8
2022-10-18 06:31:02,210 [omNode-3@group-523986131536-LeaderElection14] INFO  impl.LeaderElection (LeaderElection.java:askForVotes(312)) - omNode-3@group-523986131536-LeaderElection14 ELECTION round 0: result PASSED
2022-10-18 06:31:02,210 [omNode-3@group-523986131536-LeaderElection14] INFO  impl.RoleInfo (RoleInfo.java:shutdownLeaderElection(130)) - omNode-3: shutdown omNode-3@group-523986131536-LeaderElection14
2022-10-18 06:31:02,210 [omNode-3@group-523986131536-LeaderElection14] INFO  server.RaftServer$Division (RaftServerImpl.java:setRole(299)) - omNode-3@group-523986131536: changes role from CANDIDATE to LEADER at term 8 for changeToLeader
2022-10-18 06:31:02,210 [omNode-3@group-523986131536-LeaderElection14] INFO  server.RaftServer$Division (ServerState.java:setLeader(287)) - omNode-3@group-523986131536: change Leader from null to omNode-3 at term 8 for becomeLeader, leader elected after 1573ms
2022-10-18 06:31:02,210 [omNode-3@group-523986131536-LeaderElection14] INFO  server.RaftServerConfigKeys (ConfUtils.java:logGet(46)) - raft.server.staging.catchup.gap = 1000 (default)
2022-10-18 06:31:02,210 [omNode-3@group-523986131536-LeaderElection14] INFO  server.RaftServerConfigKeys (ConfUtils.java:logGet(46)) - raft.server.write.element-limit = 4096 (default)
2022-10-18 06:31:02,210 [omNode-3@group-523986131536-LeaderElection14] INFO  server.RaftServerConfigKeys (ConfUtils.java:logGet(46)) - raft.server.write.byte-limit = 64MB (=67108864) (default)
2022-10-18 06:31:02,210 [omNode-3@group-523986131536-LeaderElection14] INFO  server.RaftServerConfigKeys (ConfUtils.java:logGet(46)) - raft.server.watch.timeout = 10s (default)
2022-10-18 06:31:02,210 [omNode-3@group-523986131536-LeaderElection14] INFO  server.RaftServerConfigKeys (ConfUtils.java:logGet(46)) - raft.server.watch.timeout.denomination = 1s (default)
2022-10-18 06:31:02,211 [omNode-3@group-523986131536-LeaderElection14] INFO  server.RaftServerConfigKeys (ConfUtils.java:logGet(46)) - raft.server.watch.element-limit = 65536 (default)
2022-10-18 06:31:02,211 [omNode-3@group-523986131536-LeaderElection14] INFO  server.RaftServerConfigKeys (ConfUtils.java:logGet(46)) - raft.server.write.element-limit = 4096 (default)
2022-10-18 06:31:02,211 [omNode-3@group-523986131536-LeaderElection14] INFO  server.RaftServerConfigKeys (ConfUtils.java:logGet(46)) - raft.server.write.follower.gap.ratio.max = -1.0 (default)
2022-10-18 06:31:02,211 [Listener at localhost/39045] INFO  om.OzoneManager (OzoneManager.java:stop(2034)) - omNode-1[localhost:33523]: Stopping Ozone Manager
2022-10-18 06:31:02,211 [omNode-3@group-523986131536-LeaderElection14] INFO  server.RaftServerConfigKeys (ConfUtils.java:logGet(46)) - raft.server.log.appender.snapshot.chunk.size.max = 16MB (=16777216) (default)
2022-10-18 06:31:02,211 [omNode-3@group-523986131536-LeaderElection14] INFO  server.RaftServerConfigKeys (ConfUtils.java:logGet(46)) - raft.server.log.appender.buffer.byte-limit = 33554432 (custom)
2022-10-18 06:31:02,211 [omNode-3@group-523986131536-LeaderElection14] INFO  server.RaftServerConfigKeys (ConfUtils.java:logGet(46)) - raft.server.log.appender.buffer.element-limit = 1024 (custom)
2022-10-18 06:31:02,211 [omNode-3@group-523986131536-LeaderElection14] INFO  grpc.GrpcConfigKeys (ConfUtils.java:logGet(46)) - raft.grpc.server.leader.outstanding.appends.max = 128 (default)
2022-10-18 06:31:02,211 [omNode-3@group-523986131536-LeaderElection14] INFO  server.RaftServerConfigKeys (ConfUtils.java:logGet(46)) - raft.server.rpc.request.timeout = 3000ms (default)
2022-10-18 06:31:02,212 [omNode-3@group-523986131536-LeaderElection14] INFO  server.RaftServerConfigKeys (ConfUtils.java:logGet(46)) - raft.server.log.appender.install.snapshot.enabled = false (custom)
2022-10-18 06:31:02,212 [omNode-3@group-523986131536-LeaderElection14] INFO  server.RaftServerConfigKeys (ConfUtils.java:logGet(46)) - raft.server.log.appender.snapshot.chunk.size.max = 16MB (=16777216) (default)
2022-10-18 06:31:02,212 [omNode-3@group-523986131536-LeaderElection14] INFO  server.RaftServerConfigKeys (ConfUtils.java:logGet(46)) - raft.server.log.appender.buffer.byte-limit = 33554432 (custom)
2022-10-18 06:31:02,212 [omNode-3@group-523986131536-LeaderElection14] INFO  server.RaftServerConfigKeys (ConfUtils.java:logGet(46)) - raft.server.log.appender.buffer.element-limit = 1024 (custom)
2022-10-18 06:31:02,212 [omNode-3@group-523986131536-LeaderElection14] INFO  grpc.GrpcConfigKeys (ConfUtils.java:logGet(46)) - raft.grpc.server.leader.outstanding.appends.max = 128 (default)
2022-10-18 06:31:02,212 [omNode-3@group-523986131536-LeaderElection14] INFO  server.RaftServerConfigKeys (ConfUtils.java:logGet(46)) - raft.server.rpc.request.timeout = 3000ms (default)
2022-10-18 06:31:02,213 [omNode-3@group-523986131536-LeaderElection14] INFO  server.RaftServerConfigKeys (ConfUtils.java:logGet(46)) - raft.server.log.appender.install.snapshot.enabled = false (custom)
2022-10-18 06:31:02,213 [omNode-3@group-523986131536-LeaderElection14] INFO  impl.RoleInfo (RoleInfo.java:updateAndGet(139)) - omNode-3: start omNode-3@group-523986131536-LeaderStateImpl
2022-10-18 06:31:02,214 [omNode-3@group-523986131536-LeaderElection14] INFO  segmented.SegmentedRaftLogWorker (SegmentedRaftLogWorker.java:rollLogSegment(430)) - omNode-3@group-523986131536-SegmentedRaftLogWorker: Rolling segment log-59_144 to index:144
2022-10-18 06:31:02,214 [Listener at localhost/39045] INFO  ipc.Server (Server.java:stop(3428)) - Stopping server on 33523
2022-10-18 06:31:02,219 [omNode-3@group-523986131536-LeaderElection14] INFO  server.RaftServer$Division (ServerState.java:setRaftConf(393)) - omNode-3@group-523986131536: set configuration 145: [omNode-3|rpc:localhost:36149|admin:|client:|dataStream:|priority:0, omNode-1|rpc:localhost:46857|admin:|client:|dataStream:|priority:0, omNode-2|rpc:localhost:34021|admin:|client:|dataStream:|priority:0], old=null
2022-10-18 06:31:02,219 [omNode-3@group-523986131536-SegmentedRaftLogWorker] INFO  segmented.SegmentedRaftLogWorker (SegmentedRaftLogWorker.java:execute(586)) - omNode-3@group-523986131536-SegmentedRaftLogWorker: Rolled log segment from /home/runner/work/ozone/ozone/hadoop-ozone/integration-test/target/test-dir/MiniOzoneClusterImpl-489ebd61-a341-4d14-a135-ade311a26152/omNode-3/ratis/c9bc4cf4-3bc3-3c60-a66b-523986131536/current/log_inprogress_59 to /home/runner/work/ozone/ozone/hadoop-ozone/integration-test/target/test-dir/MiniOzoneClusterImpl-489ebd61-a341-4d14-a135-ade311a26152/omNode-3/ratis/c9bc4cf4-3bc3-3c60-a66b-523986131536/current/log_59-144
2022-10-18 06:31:02,226 [IPC Server listener on 33523] INFO  ipc.Server (Server.java:run(1384)) - Stopping IPC Server listener on 33523
2022-10-18 06:31:02,230 [IPC Server Responder] INFO  ipc.Server (Server.java:run(1517)) - Stopping IPC Server Responder
2022-10-18 06:31:02,231 [Listener at localhost/39045] INFO  server.RaftServer (RaftServerProxy.java:lambda$close$7(398)) - omNode-1: close
2022-10-18 06:31:02,231 [Listener at localhost/39045] INFO  server.RaftServer$Division (RaftServerImpl.java:lambda$close$4(434)) - omNode-1@group-523986131536: shutdown
2022-10-18 06:31:02,231 [Listener at localhost/39045] INFO  util.JmxRegister (JmxRegister.java:unregister(73)) - Successfully un-registered JMX Bean with object name Ratis:service=RaftServer,group=group-523986131536,id=omNode-1
2022-10-18 06:31:02,231 [Listener at localhost/39045] INFO  impl.RoleInfo (RoleInfo.java:shutdownFollowerState(110)) - omNode-1: shutdown omNode-1@group-523986131536-FollowerState
2022-10-18 06:31:02,231 [omNode-3@group-523986131536-SegmentedRaftLogWorker] INFO  segmented.SegmentedRaftLogWorker (SegmentedRaftLogWorker.java:execute(629)) - omNode-3@group-523986131536-SegmentedRaftLogWorker: created new log segment /home/runner/work/ozone/ozone/hadoop-ozone/integration-test/target/test-dir/MiniOzoneClusterImpl-489ebd61-a341-4d14-a135-ade311a26152/omNode-3/ratis/c9bc4cf4-3bc3-3c60-a66b-523986131536/current/log_inprogress_145
2022-10-18 06:31:02,233 [Listener at localhost/39045] INFO  impl.StateMachineUpdater (StateMachineUpdater.java:stopAndJoin(153)) - omNode-1@group-523986131536-StateMachineUpdater: set stopIndex = 143
2022-10-18 06:31:02,233 [omNode-1@group-523986131536-StateMachineUpdater] INFO  ratis.OzoneManagerStateMachine (OzoneManagerStateMachine.java:close(495)) - StateMachine has shutdown. Shutdown OzoneManager if not already shutdown.
2022-10-18 06:31:02,233 [omNode-1@group-523986131536-FollowerState] INFO  impl.FollowerState (FollowerState.java:run(152)) - omNode-1@group-523986131536-FollowerState was interrupted
2022-10-18 06:31:02,236 [omNode-1@group-523986131536-StateMachineUpdater] INFO  ratis.OzoneManagerDoubleBuffer (OzoneManagerDoubleBuffer.java:stop(466)) - Stopping OMDoubleBuffer flush thread
2022-10-18 06:31:02,236 [omNode-2-server-thread1] INFO  server.RaftServer$Division (ServerState.java:setLeader(287)) - omNode-2@group-523986131536: change Leader from null to omNode-3 at term 8 for appendEntries, leader elected after 495ms
2022-10-18 06:31:02,237 [OMDoubleBufferFlushThread] INFO  ratis.OzoneManagerDoubleBuffer (OzoneManagerDoubleBuffer.java:flushTransactions(385)) - OMDoubleBuffer flush thread OMDoubleBufferFlushThread is interrupted and will exit.
2022-10-18 06:31:02,237 [Listener at localhost/39045] INFO  server.RaftServer$Division (ServerState.java:close(429)) - omNode-1@group-523986131536: closes. applyIndex: 143
2022-10-18 06:31:02,237 [omNode-1@group-523986131536-SegmentedRaftLogWorker] INFO  segmented.SegmentedRaftLogWorker (SegmentedRaftLogWorker.java:run(336)) - omNode-1@group-523986131536-SegmentedRaftLogWorker was interrupted, exiting. There are 0 tasks remaining in the queue.
2022-10-18 06:31:02,239 [Listener at localhost/39045] INFO  segmented.SegmentedRaftLogWorker (SegmentedRaftLogWorker.java:close(246)) - omNode-1@group-523986131536-SegmentedRaftLogWorker close()
2022-10-18 06:31:02,240 [omNode-2-server-thread1] INFO  server.RaftServer$Division (RaftServerImpl.java:checkInconsistentAppendEntries(1424)) - omNode-2@group-523986131536: Failed appendEntries as previous log entry ((t:5, i:144)) is not found
2022-10-18 06:31:02,240 [omNode-2-server-thread1] INFO  server.RaftServer$Division (RaftServerImpl.java:checkInconsistentAppendEntries(1394)) - omNode-2@group-523986131536: inconsistency entries. Reply:omNode-3<-omNode-2#0:FAIL-t8,INCONSISTENCY,nextIndex=144,followerCommit=143
2022-10-18 06:31:02,240 [grpc-default-executor-0] INFO  leader.FollowerInfo (FollowerInfoImpl.java:lambda$new$0(48)) - omNode-3@group-523986131536->omNode-2: nextIndex: updateUnconditionally 146 -> 144
2022-10-18 06:31:02,242 [Listener at localhost/39045] INFO  server.GrpcService (GrpcService.java:closeImpl(269)) - omNode-1: shutdown server with port 46857 now
2022-10-18 06:31:02,243 [omNode-2-server-thread2] INFO  server.RaftServer$Division (RaftServerImpl.java:checkInconsistentAppendEntries(1424)) - omNode-2@group-523986131536: Failed appendEntries as previous log entry ((t:5, i:144)) is not found
2022-10-18 06:31:02,243 [omNode-2-server-thread2] INFO  server.RaftServer$Division (RaftServerImpl.java:checkInconsistentAppendEntries(1394)) - omNode-2@group-523986131536: inconsistency entries. Reply:omNode-3<-omNode-2#1:FAIL-t8,INCONSISTENCY,nextIndex=144,followerCommit=143
2022-10-18 06:31:02,243 [grpc-default-executor-0] INFO  leader.FollowerInfo (FollowerInfoImpl.java:lambda$new$0(48)) - omNode-3@group-523986131536->omNode-2: nextIndex: updateUnconditionally 146 -> 144
2022-10-18 06:31:02,249 [omNode-2-server-thread1] INFO  server.RaftServer$Division (ServerState.java:setRaftConf(393)) - omNode-2@group-523986131536: set configuration 145: [omNode-3|rpc:localhost:36149|admin:|client:|dataStream:|priority:0, omNode-1|rpc:localhost:46857|admin:|client:|dataStream:|priority:0, omNode-2|rpc:localhost:34021|admin:|client:|dataStream:|priority:0], old=null
2022-10-18 06:31:02,250 [omNode-2-server-thread1] INFO  segmented.SegmentedRaftLogWorker (SegmentedRaftLogWorker.java:rollLogSegment(430)) - omNode-2@group-523986131536-SegmentedRaftLogWorker: Rolling segment log-31_56 to index:56
2022-10-18 06:31:02,250 [omNode-2-server-thread1] ERROR raftlog.RaftLog (SegmentedRaftLog.java:appendEntryImpl(418)) - omNode-2@group-523986131536-SegmentedRaftLog: Failed to append (t:5, i:144), METADATAENTRY(c:143)
java.lang.IllegalStateException: gap between start index 57 and first entry to append 144
	at org.apache.ratis.util.Preconditions.assertTrue(Preconditions.java:60)
	at org.apache.ratis.server.raftlog.segmented.LogSegment.append(LogSegment.java:312)
	at org.apache.ratis.server.raftlog.segmented.LogSegment.appendToOpenSegment(LogSegment.java:306)
	at org.apache.ratis.server.raftlog.segmented.SegmentedRaftLogCache.appendEntry(SegmentedRaftLogCache.java:554)
	at org.apache.ratis.server.raftlog.segmented.SegmentedRaftLog.appendEntryImpl(SegmentedRaftLog.java:414)
	at org.apache.ratis.server.raftlog.RaftLogBase.lambda$appendEntry$10(RaftLogBase.java:323)
	at org.apache.ratis.server.raftlog.RaftLogSequentialOps$Runner.runSequentially(RaftLogSequentialOps.java:77)
	at org.apache.ratis.server.raftlog.RaftLogBase.appendEntry(RaftLogBase.java:323)
	at org.apache.ratis.server.raftlog.segmented.SegmentedRaftLog.appendImpl(SegmentedRaftLog.java:457)
	at org.apache.ratis.server.raftlog.RaftLogBase.lambda$append$11(RaftLogBase.java:330)
	at org.apache.ratis.server.raftlog.RaftLogSequentialOps$Runner.runSequentially(RaftLogSequentialOps.java:68)
	at org.apache.ratis.server.raftlog.RaftLogBase.append(RaftLogBase.java:330)
	at org.apache.ratis.server.impl.RaftServerImpl.appendEntriesAsync(RaftServerImpl.java:1356)
	at org.apache.ratis.server.impl.RaftServerImpl.appendEntriesAsync(RaftServerImpl.java:1243)
	at org.apache.ratis.server.impl.RaftServerProxy.lambda$null$26(RaftServerProxy.java:615)
	at org.apache.ratis.util.JavaUtils.callAsUnchecked(JavaUtils.java:115)
	at org.apache.ratis.server.impl.RaftServerImpl.lambda$executeSubmitServerRequestAsync$11(RaftServerImpl.java:777)
	at java.util.concurrent.CompletableFuture$AsyncSupply.run(CompletableFuture.java:1604)
	at java.util.concurrent.ThreadPoolExecutor.runWorker(ThreadPoolExecutor.java:1149)
	at java.util.concurrent.ThreadPoolExecutor$Worker.run(ThreadPoolExecutor.java:624)
	at java.lang.Thread.run(Thread.java:750)
2022-10-18 06:31:02,250 [omNode-2@group-523986131536-SegmentedRaftLogWorker] INFO  segmented.SegmentedRaftLogWorker (SegmentedRaftLogWorker.java:execute(586)) - omNode-2@group-523986131536-SegmentedRaftLogWorker: Rolled log segment from /home/runner/work/ozone/ozone/hadoop-ozone/integration-test/target/test-dir/MiniOzoneClusterImpl-489ebd61-a341-4d14-a135-ade311a26152/omNode-2/ratis/c9bc4cf4-3bc3-3c60-a66b-523986131536/current/log_inprogress_31 to /home/runner/work/ozone/ozone/hadoop-ozone/integration-test/target/test-dir/MiniOzoneClusterImpl-489ebd61-a341-4d14-a135-ade311a26152/omNode-2/ratis/c9bc4cf4-3bc3-3c60-a66b-523986131536/current/log_31-56
2022-10-18 06:31:02,255 [Listener at localhost/39045] INFO  server.GrpcService (GrpcService.java:closeImpl(278)) - omNode-1: shutdown server with port 46857 successfully
2022-10-18 06:31:02,257 [org.apache.ratis.util.JvmPauseMonitor$$Lambda$703/523629281@7b08eb4] INFO  util.JvmPauseMonitor (JvmPauseMonitor.java:run(109)) - JvmPauseMonitor-omNode-1: Stopped
2022-10-18 06:31:02,257 [Listener at localhost/39045] INFO  ratis.OzoneManagerStateMachine (OzoneManagerStateMachine.java:close(495)) - StateMachine has shutdown. Shutdown OzoneManager if not already shutdown.
2022-10-18 06:31:02,257 [Listener at localhost/39045] INFO  ratis.OzoneManagerDoubleBuffer (OzoneManagerDoubleBuffer.java:stop(478)) - OMDoubleBuffer flush thread is not running.
2022-10-18 06:31:02,258 [Listener at localhost/39045] INFO  handler.ContextHandler (ContextHandler.java:doStop(1153)) - Stopped o.e.j.w.WebAppContext@6a7cd14c{ozoneManager,/,null,STOPPED}{file:/home/runner/work/ozone/ozone/hadoop-ozone/integration-test/target/test-classes/webapps/ozoneManager}
2022-10-18 06:31:02,258 [grpc-default-executor-2] WARN  server.GrpcServerProtocolService (LogUtils.java:warn(122)) - omNode-1: installSnapshot onError, lastRequest: omNode-3->omNode-1#1-t8,previous=(t:5, i:144),leaderCommit=144,initializing? true,entries: size=1, first=(t:8, i:145), CONFIGURATIONENTRY: org.apache.ratis.thirdparty.io.grpc.StatusRuntimeException: CANCELLED: client cancelled
2022-10-18 06:31:02,258 [grpc-default-executor-1] WARN  server.GrpcLogAppender (LogUtils.java:warn(122)) - omNode-3@group-523986131536->omNode-1-AppendLogResponseHandler: Failed appendEntries: org.apache.ratis.thirdparty.io.grpc.StatusRuntimeException: CANCELLED: RST_STREAM closed stream. HTTP/2 error code: CANCEL
2022-10-18 06:31:02,258 [Listener at localhost/39045] INFO  server.AbstractConnector (AbstractConnector.java:doStop(381)) - Stopped ServerConnector@62f4e37f{HTTP/1.1, (http/1.1)}{0.0.0.0:34657}
2022-10-18 06:31:02,259 [grpc-default-executor-1] WARN  server.GrpcLogAppender (GrpcLogAppender.java:resetClient(111)) - omNode-3@group-523986131536->omNode-1-GrpcLogAppender: Leader has not got in touch with Follower omNode-3@group-523986131536->omNode-1(c-1,m0,n146, attendVote=true, lastRpcSendTime=25, lastRpcResponseTime=1247) yet, just keep nextIndex unchanged and retry.
2022-10-18 06:31:02,259 [Listener at localhost/39045] INFO  server.session (HouseKeeper.java:stopScavenging(149)) - node0 Stopped scavenging
2022-10-18 06:31:02,259 [Listener at localhost/39045] INFO  handler.ContextHandler (ContextHandler.java:doStop(1153)) - Stopped o.e.j.s.ServletContextHandler@4fdcff18{static,/static,file:///home/runner/work/ozone/ozone/hadoop-ozone/integration-test/target/test-classes/webapps/static,STOPPED}
2022-10-18 06:31:02,259 [Listener at localhost/39045] INFO  handler.ContextHandler (ContextHandler.java:doStop(1153)) - Stopped o.e.j.s.ServletContextHandler@540dbfe{logs,/logs,file:///home/runner/work/ozone/ozone/hadoop-ozone/integration-test/target/log,STOPPED}
2022-10-18 06:31:02,267 [Listener at localhost/39045] INFO  om.OzoneManager (OzoneManager.java:stop(2034)) - omNode-2[localhost:39045]: Stopping Ozone Manager
2022-10-18 06:31:02,268 [omNode-2@group-523986131536-SegmentedRaftLogWorker] INFO  segmented.SegmentedRaftLogWorker (SegmentedRaftLogWorker.java:execute(629)) - omNode-2@group-523986131536-SegmentedRaftLogWorker: created new log segment /home/runner/work/ozone/ozone/hadoop-ozone/integration-test/target/test-dir/MiniOzoneClusterImpl-489ebd61-a341-4d14-a135-ade311a26152/omNode-2/ratis/c9bc4cf4-3bc3-3c60-a66b-523986131536/current/log_inprogress_57
2022-10-18 06:31:02,268 [Listener at localhost/39045] INFO  ipc.Server (Server.java:stop(3428)) - Stopping server on 39045
2022-10-18 06:31:02,271 [omNode-2-server-thread1] ERROR server.RaftServer$Division (RaftServerImpl.java:appendEntriesAsync(1246)) - omNode-2@group-523986131536: Failed appendEntriesAsync serverRequest {
  requestorId: "omNode-3"
  replyId: "omNode-2"
  raftGroupId {
    id: "\311\274L\364;\303<`\246kR9\206\023\0256"
  }
  callId: 2
  slidingWindowEntry {
  }
}
leaderTerm: 8
previousLog {
  term: 5
  index: 143
}
entries {
  term: 5
  index: 144
  metadataEntry {
    commitIndex: 143
  }
}
entries {
  term: 8
  index: 145
  configurationEntry {
    peers {
      id: "omNode-3"
      address: "localhost:36149"
    }
    peers {
      id: "omNode-1"
      address: "localhost:46857"
    }
    peers {
      id: "omNode-2"
      address: "localhost:34021"
    }
  }
}
leaderCommit: 144
initializing: true
commitInfos {
  server {
    id: "omNode-3"
    address: "localhost:36149"
  }
  commitIndex: 144
}
commitInfos {
  server {
    id: "omNode-1"
    address: "localhost:46857"
  }
  commitIndex: 18446744073709551615
}
commitInfos {
  server {
    id: "omNode-2"
    address: "localhost:34021"
  }
  commitIndex: 18446744073709551615
}

java.lang.IllegalStateException: gap between start index 57 and first entry to append 144
	at org.apache.ratis.util.Preconditions.assertTrue(Preconditions.java:60)
	at org.apache.ratis.server.raftlog.segmented.LogSegment.append(LogSegment.java:312)
	at org.apache.ratis.server.raftlog.segmented.LogSegment.appendToOpenSegment(LogSegment.java:306)
	at org.apache.ratis.server.raftlog.segmented.SegmentedRaftLogCache.appendEntry(SegmentedRaftLogCache.java:554)
	at org.apache.ratis.server.raftlog.segmented.SegmentedRaftLog.appendEntryImpl(SegmentedRaftLog.java:414)
	at org.apache.ratis.server.raftlog.RaftLogBase.lambda$appendEntry$10(RaftLogBase.java:323)
	at org.apache.ratis.server.raftlog.RaftLogSequentialOps$Runner.runSequentially(RaftLogSequentialOps.java:77)
	at org.apache.ratis.server.raftlog.RaftLogBase.appendEntry(RaftLogBase.java:323)
	at org.apache.ratis.server.raftlog.segmented.SegmentedRaftLog.appendImpl(SegmentedRaftLog.java:457)
	at org.apache.ratis.server.raftlog.RaftLogBase.lambda$append$11(RaftLogBase.java:330)
	at org.apache.ratis.server.raftlog.RaftLogSequentialOps$Runner.runSequentially(RaftLogSequentialOps.java:68)
	at org.apache.ratis.server.raftlog.RaftLogBase.append(RaftLogBase.java:330)
	at org.apache.ratis.server.impl.RaftServerImpl.appendEntriesAsync(RaftServerImpl.java:1356)
	at org.apache.ratis.server.impl.RaftServerImpl.appendEntriesAsync(RaftServerImpl.java:1243)
	at org.apache.ratis.server.impl.RaftServerProxy.lambda$null$26(RaftServerProxy.java:615)
	at org.apache.ratis.util.JavaUtils.callAsUnchecked(JavaUtils.java:115)
	at org.apache.ratis.server.impl.RaftServerImpl.lambda$executeSubmitServerRequestAsync$11(RaftServerImpl.java:777)
	at java.util.concurrent.CompletableFuture$AsyncSupply.run(CompletableFuture.java:1604)
	at java.util.concurrent.ThreadPoolExecutor.runWorker(ThreadPoolExecutor.java:1149)
	at java.util.concurrent.ThreadPoolExecutor$Worker.run(ThreadPoolExecutor.java:624)
	at java.lang.Thread.run(Thread.java:750)
2022-10-18 06:31:02,272 [IPC Server listener on 39045] INFO  ipc.Server (Server.java:run(1384)) - Stopping IPC Server listener on 39045
2022-10-18 06:31:02,274 [IPC Server Responder] INFO  ipc.Server (Server.java:run(1517)) - Stopping IPC Server Responder
2022-10-18 06:31:02,275 [Listener at localhost/39045] INFO  server.RaftServer (RaftServerProxy.java:lambda$close$7(398)) - omNode-2: close
2022-10-18 06:31:02,275 [Listener at localhost/39045] INFO  server.RaftServer$Division (RaftServerImpl.java:lambda$close$4(434)) - omNode-2@group-523986131536: shutdown
2022-10-18 06:31:02,275 [Listener at localhost/39045] INFO  util.JmxRegister (JmxRegister.java:unregister(73)) - Successfully un-registered JMX Bean with object name Ratis:service=RaftServer,group=group-523986131536,id=omNode-2
2022-10-18 06:31:02,275 [Listener at localhost/39045] INFO  impl.RoleInfo (RoleInfo.java:shutdownFollowerState(110)) - omNode-2: shutdown omNode-2@group-523986131536-FollowerState
2022-10-18 06:31:02,275 [omNode-2@group-523986131536-StateMachineUpdater] INFO  ratis.OzoneManagerStateMachine (OzoneManagerStateMachine.java:close(495)) - StateMachine has shutdown. Shutdown OzoneManager if not already shutdown.
2022-10-18 06:31:02,275 [omNode-2@group-523986131536-FollowerState] INFO  impl.FollowerState (FollowerState.java:run(152)) - omNode-2@group-523986131536-FollowerState was interrupted
2022-10-18 06:31:02,275 [Listener at localhost/39045] INFO  impl.StateMachineUpdater (StateMachineUpdater.java:stopAndJoin(153)) - omNode-2@group-523986131536-StateMachineUpdater: set stopIndex = 143
2022-10-18 06:31:02,275 [omNode-2@group-523986131536-StateMachineUpdater] INFO  ratis.OzoneManagerDoubleBuffer (OzoneManagerDoubleBuffer.java:stop(466)) - Stopping OMDoubleBuffer flush thread
2022-10-18 06:31:02,276 [OMDoubleBufferFlushThread] INFO  ratis.OzoneManagerDoubleBuffer (OzoneManagerDoubleBuffer.java:flushTransactions(385)) - OMDoubleBuffer flush thread OMDoubleBufferFlushThread is interrupted and will exit.
2022-10-18 06:31:02,282 [omNode-2-server-thread2] INFO  server.RaftServer$Division (ServerState.java:setRaftConf(393)) - omNode-2@group-523986131536: set configuration 145: [omNode-3|rpc:localhost:36149|admin:|client:|dataStream:|priority:0, omNode-1|rpc:localhost:46857|admin:|client:|dataStream:|priority:0, omNode-2|rpc:localhost:34021|admin:|client:|dataStream:|priority:0], old=null
2022-10-18 06:31:02,282 [omNode-2-server-thread2] ERROR raftlog.RaftLog (SegmentedRaftLog.java:appendEntryImpl(418)) - omNode-2@group-523986131536-SegmentedRaftLog: Failed to append (t:5, i:144), METADATAENTRY(c:143)
java.lang.IllegalStateException: gap between start index 57 and first entry to append 144
	at org.apache.ratis.util.Preconditions.assertTrue(Preconditions.java:60)
	at org.apache.ratis.server.raftlog.segmented.LogSegment.append(LogSegment.java:312)
	at org.apache.ratis.server.raftlog.segmented.LogSegment.appendToOpenSegment(LogSegment.java:306)
	at org.apache.ratis.server.raftlog.segmented.SegmentedRaftLogCache.appendEntry(SegmentedRaftLogCache.java:554)
	at org.apache.ratis.server.raftlog.segmented.SegmentedRaftLog.appendEntryImpl(SegmentedRaftLog.java:414)
	at org.apache.ratis.server.raftlog.RaftLogBase.lambda$appendEntry$10(RaftLogBase.java:323)
	at org.apache.ratis.server.raftlog.RaftLogSequentialOps$Runner.runSequentially(RaftLogSequentialOps.java:77)
	at org.apache.ratis.server.raftlog.RaftLogBase.appendEntry(RaftLogBase.java:323)
	at org.apache.ratis.server.raftlog.segmented.SegmentedRaftLog.appendImpl(SegmentedRaftLog.java:457)
	at org.apache.ratis.server.raftlog.RaftLogBase.lambda$append$11(RaftLogBase.java:330)
	at org.apache.ratis.server.raftlog.RaftLogSequentialOps$Runner.runSequentially(RaftLogSequentialOps.java:68)
	at org.apache.ratis.server.raftlog.RaftLogBase.append(RaftLogBase.java:330)
	at org.apache.ratis.server.impl.RaftServerImpl.appendEntriesAsync(RaftServerImpl.java:1356)
	at org.apache.ratis.server.impl.RaftServerImpl.appendEntriesAsync(RaftServerImpl.java:1243)
	at org.apache.ratis.server.impl.RaftServerProxy.lambda$null$26(RaftServerProxy.java:615)
	at org.apache.ratis.util.JavaUtils.callAsUnchecked(JavaUtils.java:115)
	at org.apache.ratis.server.impl.RaftServerImpl.lambda$executeSubmitServerRequestAsync$11(RaftServerImpl.java:777)
	at java.util.concurrent.CompletableFuture$AsyncSupply.run(CompletableFuture.java:1604)
	at java.util.concurrent.ThreadPoolExecutor.runWorker(ThreadPoolExecutor.java:1149)
	at java.util.concurrent.ThreadPoolExecutor$Worker.run(ThreadPoolExecutor.java:624)
	at java.lang.Thread.run(Thread.java:750)
2022-10-18 06:31:02,283 [omNode-2@group-523986131536-SegmentedRaftLogWorker] ERROR segmented.SegmentedRaftLogWorker (SegmentedRaftLogWorker.java:run(345)) - omNode-2@group-523986131536-SegmentedRaftLogWorker hit exception
java.lang.IllegalStateException: lastWrittenIndex == 144, entry == term: 5
index: 144
metadataEntry {
  commitIndex: 143
}

	at org.apache.ratis.util.Preconditions.assertTrue(Preconditions.java:60)
	at org.apache.ratis.server.raftlog.segmented.SegmentedRaftLogWorker$WriteLog.execute(SegmentedRaftLogWorker.java:539)
	at org.apache.ratis.server.raftlog.segmented.SegmentedRaftLogWorker.run(SegmentedRaftLogWorker.java:310)
	at java.lang.Thread.run(Thread.java:750)
2022-10-18 06:31:02,283 [omNode-2-server-thread2] ERROR server.RaftServer$Division (RaftServerImpl.java:appendEntriesAsync(1246)) - omNode-2@group-523986131536: Failed appendEntriesAsync serverRequest {
  requestorId: "omNode-3"
  replyId: "omNode-2"
  raftGroupId {
    id: "\311\274L\364;\303<`\246kR9\206\023\0256"
  }
  callId: 3
  slidingWindowEntry {
  }
}
leaderTerm: 8
previousLog {
  term: 5
  index: 143
}
entries {
  term: 5
  index: 144
  metadataEntry {
    commitIndex: 143
  }
}
entries {
  term: 8
  index: 145
  configurationEntry {
    peers {
      id: "omNode-3"
      address: "localhost:36149"
    }
    peers {
      id: "omNode-1"
      address: "localhost:46857"
    }
    peers {
      id: "omNode-2"
      address: "localhost:34021"
    }
  }
}
leaderCommit: 144
initializing: true
commitInfos {
  server {
    id: "omNode-3"
    address: "localhost:36149"
  }
  commitIndex: 144
}
commitInfos {
  server {
    id: "omNode-1"
    address: "localhost:46857"
  }
  commitIndex: 18446744073709551615
}
commitInfos {
  server {
    id: "omNode-2"
    address: "localhost:34021"
  }
  commitIndex: 18446744073709551615
}

java.lang.IllegalStateException: gap between start index 57 and first entry to append 144
	at org.apache.ratis.util.Preconditions.assertTrue(Preconditions.java:60)
	at org.apache.ratis.server.raftlog.segmented.LogSegment.append(LogSegment.java:312)
	at org.apache.ratis.server.raftlog.segmented.LogSegment.appendToOpenSegment(LogSegment.java:306)
	at org.apache.ratis.server.raftlog.segmented.SegmentedRaftLogCache.appendEntry(SegmentedRaftLogCache.java:554)
	at org.apache.ratis.server.raftlog.segmented.SegmentedRaftLog.appendEntryImpl(SegmentedRaftLog.java:414)
	at org.apache.ratis.server.raftlog.RaftLogBase.lambda$appendEntry$10(RaftLogBase.java:323)
	at org.apache.ratis.server.raftlog.RaftLogSequentialOps$Runner.runSequentially(RaftLogSequentialOps.java:77)
	at org.apache.ratis.server.raftlog.RaftLogBase.appendEntry(RaftLogBase.java:323)
	at org.apache.ratis.server.raftlog.segmented.SegmentedRaftLog.appendImpl(SegmentedRaftLog.java:457)
	at org.apache.ratis.server.raftlog.RaftLogBase.lambda$append$11(RaftLogBase.java:330)
	at org.apache.ratis.server.raftlog.RaftLogSequentialOps$Runner.runSequentially(RaftLogSequentialOps.java:68)
	at org.apache.ratis.server.raftlog.RaftLogBase.append(RaftLogBase.java:330)
	at org.apache.ratis.server.impl.RaftServerImpl.appendEntriesAsync(RaftServerImpl.java:1356)
	at org.apache.ratis.server.impl.RaftServerImpl.appendEntriesAsync(RaftServerImpl.java:1243)
	at org.apache.ratis.server.impl.RaftServerProxy.lambda$null$26(RaftServerProxy.java:615)
	at org.apache.ratis.util.JavaUtils.callAsUnchecked(JavaUtils.java:115)
	at org.apache.ratis.server.impl.RaftServerImpl.lambda$executeSubmitServerRequestAsync$11(RaftServerImpl.java:777)
	at java.util.concurrent.CompletableFuture$AsyncSupply.run(CompletableFuture.java:1604)
	at java.util.concurrent.ThreadPoolExecutor.runWorker(ThreadPoolExecutor.java:1149)
	at java.util.concurrent.ThreadPoolExecutor$Worker.run(ThreadPoolExecutor.java:624)
	at java.lang.Thread.run(Thread.java:750)
2022-10-18 06:31:02,284 [Listener at localhost/39045] INFO  server.RaftServer$Division (ServerState.java:close(429)) - omNode-2@group-523986131536: closes. applyIndex: 143
2022-10-18 06:31:02,284 [omNode-2@group-523986131536-SegmentedRaftLogWorker] INFO  segmented.SegmentedRaftLogWorker (SegmentedRaftLogWorker.java:run(336)) - omNode-2@group-523986131536-SegmentedRaftLogWorker was interrupted, exiting. There are 0 tasks remaining in the queue.
2022-10-18 06:31:02,285 [Listener at localhost/39045] INFO  segmented.SegmentedRaftLogWorker (SegmentedRaftLogWorker.java:close(246)) - omNode-2@group-523986131536-SegmentedRaftLogWorker close()
2022-10-18 06:31:02,285 [Listener at localhost/39045] INFO  server.GrpcService (GrpcService.java:closeImpl(269)) - omNode-2: shutdown server with port 34021 now
2022-10-18 06:31:02,287 [grpc-default-executor-1] WARN  server.GrpcServerProtocolService (LogUtils.java:warn(122)) - omNode-2: installSnapshot onError, lastRequest: omNode-3->omNode-2#3-t8,previous=(t:5, i:143),leaderCommit=144,initializing? true,entries: size=2, first=(t:5, i:144), METADATAENTRY(c:143): org.apache.ratis.thirdparty.io.grpc.StatusRuntimeException: CANCELLED: client cancelled
2022-10-18 06:31:02,287 [grpc-default-executor-1] WARN  server.GrpcLogAppender (LogUtils.java:warn(122)) - omNode-3@group-523986131536->omNode-2-AppendLogResponseHandler: Failed appendEntries: org.apache.ratis.thirdparty.io.grpc.StatusRuntimeException: CANCELLED: RST_STREAM closed stream. HTTP/2 error code: CANCEL
2022-10-18 06:31:02,287 [grpc-default-executor-1] WARN  server.GrpcLogAppender (GrpcLogAppender.java:resetClient(111)) - omNode-3@group-523986131536->omNode-2-GrpcLogAppender: Leader has not got in touch with Follower omNode-3@group-523986131536->omNode-2(c-1,m0,n146, attendVote=true, lastRpcSendTime=43, lastRpcResponseTime=43) yet, just keep nextIndex unchanged and retry.
2022-10-18 06:31:02,287 [Listener at localhost/39045] INFO  server.GrpcService (GrpcService.java:closeImpl(278)) - omNode-2: shutdown server with port 34021 successfully
2022-10-18 06:31:02,287 [org.apache.ratis.util.JvmPauseMonitor$$Lambda$703/523629281@69bc985d] INFO  util.JvmPauseMonitor (JvmPauseMonitor.java:run(109)) - JvmPauseMonitor-omNode-2: Stopped
2022-10-18 06:31:02,288 [Listener at localhost/39045] INFO  ratis.OzoneManagerStateMachine (OzoneManagerStateMachine.java:close(495)) - StateMachine has shutdown. Shutdown OzoneManager if not already shutdown.
2022-10-18 06:31:02,288 [Listener at localhost/39045] INFO  ratis.OzoneManagerDoubleBuffer (OzoneManagerDoubleBuffer.java:stop(478)) - OMDoubleBuffer flush thread is not running.
2022-10-18 06:31:02,288 [Listener at localhost/39045] INFO  handler.ContextHandler (ContextHandler.java:doStop(1153)) - Stopped o.e.j.w.WebAppContext@26e388a2{ozoneManager,/,null,STOPPED}{file:/home/runner/work/ozone/ozone/hadoop-ozone/integration-test/target/test-classes/webapps/ozoneManager}
2022-10-18 06:31:02,289 [Listener at localhost/39045] INFO  server.AbstractConnector (AbstractConnector.java:doStop(381)) - Stopped ServerConnector@250db31d{HTTP/1.1, (http/1.1)}{0.0.0.0:35391}
2022-10-18 06:31:02,289 [Listener at localhost/39045] INFO  server.session (HouseKeeper.java:stopScavenging(149)) - node0 Stopped scavenging
2022-10-18 06:31:02,289 [Listener at localhost/39045] INFO  handler.ContextHandler (ContextHandler.java:doStop(1153)) - Stopped o.e.j.s.ServletContextHandler@4ca2e82d{static,/static,file:///home/runner/work/ozone/ozone/hadoop-ozone/integration-test/target/test-classes/webapps/static,STOPPED}
2022-10-18 06:31:02,289 [Listener at localhost/39045] INFO  handler.ContextHandler (ContextHandler.java:doStop(1153)) - Stopped o.e.j.s.ServletContextHandler@67c784a6{logs,/logs,file:///home/runner/work/ozone/ozone/hadoop-ozone/integration-test/target/log,STOPPED}
2022-10-18 06:31:02,514 [grpc-default-executor-3] WARN  server.GrpcLogAppender (LogUtils.java:warn(122)) - omNode-3@group-523986131536->omNode-1-AppendLogResponseHandler: Failed appendEntries: org.apache.ratis.thirdparty.io.grpc.StatusRuntimeException: UNAVAILABLE: io exception
2022-10-18 06:31:02,514 [grpc-default-executor-3] WARN  server.GrpcLogAppender (GrpcLogAppender.java:resetClient(111)) - omNode-3@group-523986131536->omNode-1-GrpcLogAppender: Leader has not got in touch with Follower omNode-3@group-523986131536->omNode-1(c-1,m0,n146, attendVote=true, lastRpcSendTime=7, lastRpcResponseTime=1503) yet, just keep nextIndex unchanged and retry.
2022-10-18 06:31:02,747 [grpc-default-executor-3] WARN  server.GrpcLogAppender (LogUtils.java:warn(122)) - omNode-3@group-523986131536->omNode-2-AppendLogResponseHandler: Failed appendEntries: org.apache.ratis.thirdparty.io.grpc.StatusRuntimeException: UNAVAILABLE: io exception
2022-10-18 06:31:02,747 [grpc-default-executor-3] WARN  server.GrpcLogAppender (GrpcLogAppender.java:resetClient(111)) - omNode-3@group-523986131536->omNode-2-GrpcLogAppender: Leader has not got in touch with Follower omNode-3@group-523986131536->omNode-2(c-1,m0,n146, attendVote=true, lastRpcSendTime=0, lastRpcResponseTime=503) yet, just keep nextIndex unchanged and retry.
2022-10-18 06:31:02,757 [grpc-default-executor-2] WARN  server.GrpcLogAppender (LogUtils.java:warn(122)) - omNode-3@group-523986131536->omNode-1-AppendLogResponseHandler: Failed appendEntries: org.apache.ratis.thirdparty.io.grpc.StatusRuntimeException: UNAVAILABLE: io exception
2022-10-18 06:31:02,758 [grpc-default-executor-2] WARN  server.GrpcLogAppender (GrpcLogAppender.java:resetClient(111)) - omNode-3@group-523986131536->omNode-1-GrpcLogAppender: Leader has not got in touch with Follower omNode-3@group-523986131536->omNode-1(c-1,m0,n146, attendVote=true, lastRpcSendTime=250, lastRpcResponseTime=1747) yet, just keep nextIndex unchanged and retry.
2022-10-18 06:31:02,997 [grpc-default-executor-1] WARN  server.GrpcLogAppender (LogUtils.java:warn(122)) - omNode-3@group-523986131536->omNode-2-AppendLogResponseHandler: Failed appendEntries: org.apache.ratis.thirdparty.io.grpc.StatusRuntimeException: UNAVAILABLE: io exception
2022-10-18 06:31:02,998 [grpc-default-executor-1] WARN  server.GrpcLogAppender (GrpcLogAppender.java:resetClient(111)) - omNode-3@group-523986131536->omNode-2-GrpcLogAppender: Leader has not got in touch with Follower omNode-3@group-523986131536->omNode-2(c-1,m0,n146, attendVote=true, lastRpcSendTime=251, lastRpcResponseTime=754) yet, just keep nextIndex unchanged and retry.
2022-10-18 06:31:03,008 [grpc-default-executor-1] WARN  server.GrpcLogAppender (LogUtils.java:warn(122)) - omNode-3@group-523986131536->omNode-1-AppendLogResponseHandler: Failed appendEntries: org.apache.ratis.thirdparty.io.grpc.StatusRuntimeException: UNAVAILABLE: io exception
2022-10-18 06:31:03,009 [grpc-default-executor-1] WARN  server.GrpcLogAppender (GrpcLogAppender.java:resetClient(111)) - omNode-3@group-523986131536->omNode-1-GrpcLogAppender: Leader has not got in touch with Follower omNode-3@group-523986131536->omNode-1(c-1,m0,n146, attendVote=true, lastRpcSendTime=250, lastRpcResponseTime=1997) yet, just keep nextIndex unchanged and retry.
2022-10-18 06:31:03,251 [grpc-default-executor-1] WARN  server.GrpcLogAppender (LogUtils.java:warn(122)) - omNode-3@group-523986131536->omNode-2-AppendLogResponseHandler: Failed appendEntries: org.apache.ratis.thirdparty.io.grpc.StatusRuntimeException: UNAVAILABLE: io exception
2022-10-18 06:31:03,251 [grpc-default-executor-1] WARN  server.GrpcLogAppender (GrpcLogAppender.java:resetClient(111)) - omNode-3@group-523986131536->omNode-2-GrpcLogAppender: Leader has not got in touch with Follower omNode-3@group-523986131536->omNode-2(c-1,m0,n146, attendVote=true, lastRpcSendTime=0, lastRpcResponseTime=1007) yet, just keep nextIndex unchanged and retry.
2022-10-18 06:31:03,259 [grpc-default-executor-1] WARN  server.GrpcLogAppender (LogUtils.java:warn(122)) - omNode-3@group-523986131536->omNode-1-AppendLogResponseHandler: Failed appendEntries: org.apache.ratis.thirdparty.io.grpc.StatusRuntimeException: UNAVAILABLE: io exception
2022-10-18 06:31:03,260 [grpc-default-executor-1] WARN  server.GrpcLogAppender (GrpcLogAppender.java:resetClient(111)) - omNode-3@group-523986131536->omNode-1-GrpcLogAppender: Leader has not got in touch with Follower omNode-3@group-523986131536->omNode-1(c-1,m0,n146, attendVote=true, lastRpcSendTime=0, lastRpcResponseTime=2249) yet, just keep nextIndex unchanged and retry.
2022-10-18 06:31:03,501 [grpc-default-executor-1] WARN  server.GrpcLogAppender (LogUtils.java:warn(122)) - omNode-3@group-523986131536->omNode-2-AppendLogResponseHandler: Failed appendEntries: org.apache.ratis.thirdparty.io.grpc.StatusRuntimeException: UNAVAILABLE: io exception
2022-10-18 06:31:03,502 [grpc-default-executor-1] WARN  server.GrpcLogAppender (GrpcLogAppender.java:resetClient(111)) - omNode-3@group-523986131536->omNode-2-GrpcLogAppender: Leader has not got in touch with Follower omNode-3@group-523986131536->omNode-2(c-1,m0,n146, attendVote=true, lastRpcSendTime=0, lastRpcResponseTime=1258) yet, just keep nextIndex unchanged and retry.
2022-10-18 06:31:03,510 [grpc-default-executor-1] WARN  server.GrpcLogAppender (LogUtils.java:warn(122)) - omNode-3@group-523986131536->omNode-1-AppendLogResponseHandler: Failed appendEntries: org.apache.ratis.thirdparty.io.grpc.StatusRuntimeException: UNAVAILABLE: io exception
2022-10-18 06:31:03,510 [grpc-default-executor-1] WARN  server.GrpcLogAppender (GrpcLogAppender.java:resetClient(111)) - omNode-3@group-523986131536->omNode-1-GrpcLogAppender: Leader has not got in touch with Follower omNode-3@group-523986131536->omNode-1(c-1,m0,n146, attendVote=true, lastRpcSendTime=0, lastRpcResponseTime=2499) yet, just keep nextIndex unchanged and retry.
2022-10-18 06:31:03,751 [grpc-default-executor-1] WARN  server.GrpcLogAppender (LogUtils.java:warn(122)) - omNode-3@group-523986131536->omNode-2-AppendLogResponseHandler: Failed appendEntries: org.apache.ratis.thirdparty.io.grpc.StatusRuntimeException: UNAVAILABLE: io exception
2022-10-18 06:31:03,752 [grpc-default-executor-1] WARN  server.GrpcLogAppender (GrpcLogAppender.java:resetClient(111)) - omNode-3@group-523986131536->omNode-2-GrpcLogAppender: Leader has not got in touch with Follower omNode-3@group-523986131536->omNode-2(c-1,m0,n146, attendVote=true, lastRpcSendTime=250, lastRpcResponseTime=1508) yet, just keep nextIndex unchanged and retry.
2022-10-18 06:31:03,760 [grpc-default-executor-1] WARN  server.GrpcLogAppender (LogUtils.java:warn(122)) - omNode-3@group-523986131536->omNode-1-AppendLogResponseHandler: Failed appendEntries: org.apache.ratis.thirdparty.io.grpc.StatusRuntimeException: UNAVAILABLE: io exception
2022-10-18 06:31:03,760 [grpc-default-executor-1] WARN  server.GrpcLogAppender (GrpcLogAppender.java:resetClient(111)) - omNode-3@group-523986131536->omNode-1-GrpcLogAppender: Leader has not got in touch with Follower omNode-3@group-523986131536->omNode-1(c-1,m0,n146, attendVote=true, lastRpcSendTime=0, lastRpcResponseTime=2749) yet, just keep nextIndex unchanged and retry.
2022-10-18 06:31:04,003 [grpc-default-executor-1] WARN  server.GrpcLogAppender (LogUtils.java:warn(122)) - omNode-3@group-523986131536->omNode-2-AppendLogResponseHandler: Failed appendEntries: org.apache.ratis.thirdparty.io.grpc.StatusRuntimeException: UNAVAILABLE: io exception
2022-10-18 06:31:04,003 [grpc-default-executor-1] WARN  server.GrpcLogAppender (GrpcLogAppender.java:resetClient(111)) - omNode-3@group-523986131536->omNode-2-GrpcLogAppender: Leader has not got in touch with Follower omNode-3@group-523986131536->omNode-2(c-1,m0,n146, attendVote=true, lastRpcSendTime=250, lastRpcResponseTime=1759) yet, just keep nextIndex unchanged and retry.
2022-10-18 06:31:04,010 [grpc-default-executor-1] WARN  server.GrpcLogAppender (LogUtils.java:warn(122)) - omNode-3@group-523986131536->omNode-1-AppendLogResponseHandler: Failed appendEntries: org.apache.ratis.thirdparty.io.grpc.StatusRuntimeException: UNAVAILABLE: io exception
2022-10-18 06:31:04,010 [grpc-default-executor-1] WARN  server.GrpcLogAppender (GrpcLogAppender.java:resetClient(111)) - omNode-3@group-523986131536->omNode-1-GrpcLogAppender: Leader has not got in touch with Follower omNode-3@group-523986131536->omNode-1(c-1,m0,n146, attendVote=true, lastRpcSendTime=0, lastRpcResponseTime=2999) yet, just keep nextIndex unchanged and retry.
2022-10-18 06:31:04,254 [grpc-default-executor-1] WARN  server.GrpcLogAppender (LogUtils.java:warn(122)) - omNode-3@group-523986131536->omNode-2-AppendLogResponseHandler: Failed appendEntries: org.apache.ratis.thirdparty.io.grpc.StatusRuntimeException: UNAVAILABLE: io exception
2022-10-18 06:31:04,254 [grpc-default-executor-1] WARN  server.GrpcLogAppender (GrpcLogAppender.java:resetClient(111)) - omNode-3@group-523986131536->omNode-2-GrpcLogAppender: Leader has not got in touch with Follower omNode-3@group-523986131536->omNode-2(c-1,m0,n146, attendVote=true, lastRpcSendTime=250, lastRpcResponseTime=2010) yet, just keep nextIndex unchanged and retry.
2022-10-18 06:31:04,260 [grpc-default-executor-1] WARN  server.GrpcLogAppender (LogUtils.java:warn(122)) - omNode-3@group-523986131536->omNode-1-AppendLogResponseHandler: Failed appendEntries: org.apache.ratis.thirdparty.io.grpc.StatusRuntimeException: UNAVAILABLE: io exception
2022-10-18 06:31:04,260 [grpc-default-executor-1] WARN  server.GrpcLogAppender (GrpcLogAppender.java:resetClient(111)) - omNode-3@group-523986131536->omNode-1-GrpcLogAppender: Leader has not got in touch with Follower omNode-3@group-523986131536->omNode-1(c-1,m0,n146, attendVote=true, lastRpcSendTime=0, lastRpcResponseTime=3249) yet, just keep nextIndex unchanged and retry.
2022-10-18 06:31:04,506 [grpc-default-executor-1] WARN  server.GrpcLogAppender (LogUtils.java:warn(122)) - omNode-3@group-523986131536->omNode-2-AppendLogResponseHandler: Failed appendEntries: org.apache.ratis.thirdparty.io.grpc.StatusRuntimeException: UNAVAILABLE: io exception
2022-10-18 06:31:04,507 [grpc-default-executor-1] WARN  server.GrpcLogAppender (GrpcLogAppender.java:resetClient(111)) - omNode-3@group-523986131536->omNode-2-GrpcLogAppender: Leader has not got in touch with Follower omNode-3@group-523986131536->omNode-2(c-1,m0,n146, attendVote=true, lastRpcSendTime=0, lastRpcResponseTime=2263) yet, just keep nextIndex unchanged and retry.
2022-10-18 06:31:04,510 [grpc-default-executor-1] WARN  server.GrpcLogAppender (LogUtils.java:warn(122)) - omNode-3@group-523986131536->omNode-1-AppendLogResponseHandler: Failed appendEntries: org.apache.ratis.thirdparty.io.grpc.StatusRuntimeException: UNAVAILABLE: io exception
2022-10-18 06:31:04,511 [grpc-default-executor-1] WARN  server.GrpcLogAppender (GrpcLogAppender.java:resetClient(111)) - omNode-3@group-523986131536->omNode-1-GrpcLogAppender: Leader has not got in touch with Follower omNode-3@group-523986131536->omNode-1(c-1,m0,n146, attendVote=true, lastRpcSendTime=0, lastRpcResponseTime=3500) yet, just keep nextIndex unchanged and retry.
2022-10-18 06:31:04,633 [omNode-3@group-523986131536-LeaderStateImpl] WARN  server.RaftServer$Division (LeaderStateImpl.java:checkLeadership(1018)) - omNode-3@group-523986131536-LeaderStateImpl: Lost leadership on term: 8. Election timeout: 1200ms. In charge for: 2423ms. Conf: 145: [omNode-3|rpc:localhost:36149|admin:|client:|dataStream:|priority:0, omNode-1|rpc:localhost:46857|admin:|client:|dataStream:|priority:0, omNode-2|rpc:localhost:34021|admin:|client:|dataStream:|priority:0], old=null
2022-10-18 06:31:04,634 [omNode-3@group-523986131536-LeaderStateImpl] WARN  server.RaftServer$Division (LeaderStateImpl.java:lambda$checkLeadership$17(1022)) - Follower omNode-3@group-523986131536->omNode-1(c-1,m0,n146, attendVote=true, lastRpcSendTime=123, lastRpcResponseTime=3623)
2022-10-18 06:31:04,634 [omNode-3@group-523986131536-LeaderStateImpl] WARN  server.RaftServer$Division (LeaderStateImpl.java:lambda$checkLeadership$17(1022)) - Follower omNode-3@group-523986131536->omNode-2(c-1,m0,n146, attendVote=true, lastRpcSendTime=128, lastRpcResponseTime=2390)
2022-10-18 06:31:04,634 [omNode-3@group-523986131536-LeaderStateImpl] INFO  server.RaftServer$Division (RaftServerImpl.java:setRole(299)) - omNode-3@group-523986131536: changes role from    LEADER to FOLLOWER at term 8 for StepDownReason:LOST_MAJORITY_HEARTBEATS
2022-10-18 06:31:04,634 [omNode-3@group-523986131536-LeaderStateImpl] INFO  impl.RoleInfo (RoleInfo.java:shutdownLeaderState(93)) - omNode-3: shutdown omNode-3@group-523986131536-LeaderStateImpl
2022-10-18 06:31:04,634 [omNode-3@group-523986131536-LeaderStateImpl] INFO  impl.PendingRequests (PendingRequests.java:sendNotLeaderResponses(282)) - omNode-3@group-523986131536-PendingRequests: sendNotLeaderResponses
2022-10-18 06:31:04,635 [omNode-3@group-523986131536-LeaderStateImpl] INFO  impl.RoleInfo (RoleInfo.java:updateAndGet(139)) - omNode-3: start omNode-3@group-523986131536-FollowerState
2022-10-18 06:31:05,760 [omNode-3@group-523986131536-FollowerState] INFO  impl.FollowerState (FollowerState.java:lostMajorityHeartbeatsRecently(108)) - omNode-3@group-523986131536-FollowerState: Skipping leader election since it stepped down recently (elapsed = 1125ms < waitTime = 10s)
2022-10-18 06:31:06,893 [omNode-3@group-523986131536-FollowerState] INFO  impl.FollowerState (FollowerState.java:lostMajorityHeartbeatsRecently(108)) - omNode-3@group-523986131536-FollowerState: Skipping leader election since it stepped down recently (elapsed = 2258ms < waitTime = 10s)
2022-10-18 06:31:07,953 [omNode-3@group-523986131536-FollowerState] INFO  impl.FollowerState (FollowerState.java:lostMajorityHeartbeatsRecently(108)) - omNode-3@group-523986131536-FollowerState: Skipping leader election since it stepped down recently (elapsed = 3317ms < waitTime = 10s)
2022-10-18 06:31:09,150 [omNode-3@group-523986131536-FollowerState] INFO  impl.FollowerState (FollowerState.java:lostMajorityHeartbeatsRecently(108)) - omNode-3@group-523986131536-FollowerState: Skipping leader election since it stepped down recently (elapsed = 4515ms < waitTime = 10s)
2022-10-18 06:31:10,299 [omNode-3@group-523986131536-FollowerState] INFO  impl.FollowerState (FollowerState.java:lostMajorityHeartbeatsRecently(108)) - omNode-3@group-523986131536-FollowerState: Skipping leader election since it stepped down recently (elapsed = 5664ms < waitTime = 10s)
2022-10-18 06:31:10,303 [Listener at localhost/39045] INFO  rpc.RpcClient (RpcClient.java:createVolume(471)) - Creating Volume: volume94866, with user47545 as owner and space quota set to -1 bytes, counts quota set to -1
2022-10-18 06:31:10,312 [Listener at localhost/39045] INFO  retry.RetryInvocationHandler (RetryInvocationHandler.java:log(411)) - com.google.protobuf.ServiceException: org.apache.hadoop.ipc.RemoteException(org.apache.hadoop.ozone.om.exceptions.OMNotLeaderException): OM:omNode-3 is not the leader. Could not determine the leader node.
	at org.apache.hadoop.ozone.om.OzoneManager.checkLeaderStatus(OzoneManager.java:4115)
	at org.apache.hadoop.ozone.om.ratis.utils.OzoneManagerRatisUtils.checkLeaderStatus(OzoneManagerRatisUtils.java:446)
	at org.apache.hadoop.ozone.protocolPB.OzoneManagerProtocolServerSideTranslatorPB.processRequest(OzoneManagerProtocolServerSideTranslatorPB.java:181)
	at org.apache.hadoop.hdds.server.OzoneProtocolMessageDispatcher.processRequest(OzoneProtocolMessageDispatcher.java:87)
	at org.apache.hadoop.ozone.protocolPB.OzoneManagerProtocolServerSideTranslatorPB.submitRequest(OzoneManagerProtocolServerSideTranslatorPB.java:147)
	at org.apache.hadoop.ozone.protocol.proto.OzoneManagerProtocolProtos$OzoneManagerService$2.callBlockingMethod(OzoneManagerProtocolProtos.java)
	at org.apache.hadoop.ipc.ProtobufRpcEngine$Server.processCall(ProtobufRpcEngine.java:465)
	at org.apache.hadoop.ipc.ProtobufRpcEngine2$Server$ProtoBufRpcInvoker.call(ProtobufRpcEngine2.java:578)
	at org.apache.hadoop.ipc.ProtobufRpcEngine2$Server$ProtoBufRpcInvoker.call(ProtobufRpcEngine2.java:556)
	at org.apache.hadoop.ipc.RPC$Server.call(RPC.java:1093)
	at org.apache.hadoop.ipc.Server$RpcCall.run(Server.java:1043)
	at org.apache.hadoop.ipc.Server$RpcCall.run(Server.java:971)
	at java.security.AccessController.doPrivileged(Native Method)
	at javax.security.auth.Subject.doAs(Subject.java:422)
	at org.apache.hadoop.security.UserGroupInformation.doAs(UserGroupInformation.java:1878)
	at org.apache.hadoop.ipc.Server$Handler.run(Server.java:2976)
, while invoking $Proxy55.submitRequest over nodeId=omNode-3,nodeAddress=127.0.0.1:45465. Trying to failover after sleeping for 2000ms.
2022-10-18 06:31:10,975 [Over Replicated Processor] INFO  replication.OverReplicatedProcessor (OverReplicatedProcessor.java:processAll(90)) - Processed 0 over replicated containers, failed processing 0
2022-10-18 06:31:10,975 [Under Replicated Processor] INFO  replication.UnderReplicatedProcessor (UnderReplicatedProcessor.java:processAll(92)) - Processed 0 under replicated containers, failed processing 0
2022-10-18 06:31:11,466 [omNode-3@group-523986131536-FollowerState] INFO  impl.FollowerState (FollowerState.java:lostMajorityHeartbeatsRecently(108)) - omNode-3@group-523986131536-FollowerState: Skipping leader election since it stepped down recently (elapsed = 6830ms < waitTime = 10s)
2022-10-18 06:31:12,314 [Listener at localhost/39045] INFO  retry.RetryInvocationHandler (RetryInvocationHandler.java:log(411)) - com.google.protobuf.ServiceException: java.net.ConnectException: Call From fv-az241-838/10.1.1.164 to localhost:33523 failed on connection exception: java.net.ConnectException: Connection refused; For more details see:  http://wiki.apache.org/hadoop/ConnectionRefused, while invoking $Proxy55.submitRequest over nodeId=omNode-1,nodeAddress=127.0.0.1:33523 after 1 failover attempts. Trying to failover immediately.
2022-10-18 06:31:12,315 [Listener at localhost/39045] INFO  retry.RetryInvocationHandler (RetryInvocationHandler.java:log(411)) - com.google.protobuf.ServiceException: java.net.ConnectException: Call From fv-az241-838/10.1.1.164 to localhost:39045 failed on connection exception: java.net.ConnectException: Connection refused; For more details see:  http://wiki.apache.org/hadoop/ConnectionRefused, while invoking $Proxy55.submitRequest over nodeId=omNode-2,nodeAddress=127.0.0.1:39045 after 2 failover attempts. Trying to failover immediately.
2022-10-18 06:31:12,318 [Listener at localhost/39045] INFO  retry.RetryInvocationHandler (RetryInvocationHandler.java:log(411)) - com.google.protobuf.ServiceException: org.apache.hadoop.ipc.RemoteException(org.apache.hadoop.ozone.om.exceptions.OMNotLeaderException): OM:omNode-3 is not the leader. Could not determine the leader node.
	at org.apache.hadoop.ozone.om.OzoneManager.checkLeaderStatus(OzoneManager.java:4115)
	at org.apache.hadoop.ozone.om.ratis.utils.OzoneManagerRatisUtils.checkLeaderStatus(OzoneManagerRatisUtils.java:446)
	at org.apache.hadoop.ozone.protocolPB.OzoneManagerProtocolServerSideTranslatorPB.processRequest(OzoneManagerProtocolServerSideTranslatorPB.java:181)
	at org.apache.hadoop.hdds.server.OzoneProtocolMessageDispatcher.processRequest(OzoneProtocolMessageDispatcher.java:87)
	at org.apache.hadoop.ozone.protocolPB.OzoneManagerProtocolServerSideTranslatorPB.submitRequest(OzoneManagerProtocolServerSideTranslatorPB.java:147)
	at org.apache.hadoop.ozone.protocol.proto.OzoneManagerProtocolProtos$OzoneManagerService$2.callBlockingMethod(OzoneManagerProtocolProtos.java)
	at org.apache.hadoop.ipc.ProtobufRpcEngine$Server.processCall(ProtobufRpcEngine.java:465)
	at org.apache.hadoop.ipc.ProtobufRpcEngine2$Server$ProtoBufRpcInvoker.call(ProtobufRpcEngine2.java:578)
	at org.apache.hadoop.ipc.ProtobufRpcEngine2$Server$ProtoBufRpcInvoker.call(ProtobufRpcEngine2.java:556)
	at org.apache.hadoop.ipc.RPC$Server.call(RPC.java:1093)
	at org.apache.hadoop.ipc.Server$RpcCall.run(Server.java:1043)
	at org.apache.hadoop.ipc.Server$RpcCall.run(Server.java:971)
	at java.security.AccessController.doPrivileged(Native Method)
	at javax.security.auth.Subject.doAs(Subject.java:422)
	at org.apache.hadoop.security.UserGroupInformation.doAs(UserGroupInformation.java:1878)
	at org.apache.hadoop.ipc.Server$Handler.run(Server.java:2976)
, while invoking $Proxy55.submitRequest over nodeId=omNode-3,nodeAddress=127.0.0.1:45465 after 3 failover attempts. Trying to failover after sleeping for 2000ms.
2022-10-18 06:31:12,496 [omNode-3@group-523986131536-FollowerState] INFO  impl.FollowerState (FollowerState.java:lostMajorityHeartbeatsRecently(108)) - omNode-3@group-523986131536-FollowerState: Skipping leader election since it stepped down recently (elapsed = 7861ms < waitTime = 10s)
2022-10-18 06:31:13,675 [omNode-3@group-523986131536-FollowerState] INFO  impl.FollowerState (FollowerState.java:lostMajorityHeartbeatsRecently(108)) - omNode-3@group-523986131536-FollowerState: Skipping leader election since it stepped down recently (elapsed = 9040ms < waitTime = 10s)
2022-10-18 06:31:14,320 [Listener at localhost/39045] INFO  retry.RetryInvocationHandler (RetryInvocationHandler.java:log(411)) - com.google.protobuf.ServiceException: java.net.ConnectException: Call From fv-az241-838/10.1.1.164 to localhost:33523 failed on connection exception: java.net.ConnectException: Connection refused; For more details see:  http://wiki.apache.org/hadoop/ConnectionRefused, while invoking $Proxy55.submitRequest over nodeId=omNode-1,nodeAddress=127.0.0.1:33523 after 4 failover attempts. Trying to failover immediately.
2022-10-18 06:31:14,321 [Listener at localhost/39045] ERROR ha.OMFailoverProxyProviderBase (OMFailoverProxyProviderBase.java:getRetryAction(211)) - Failed to connect to OMs: [omNode-1, omNode-2, omNode-3]. Attempted 5 failovers.
2022-10-18 06:31:14,347 [Listener at localhost/39045] INFO  rpc.RpcClient (RpcClient.java:createVolume(471)) - Creating Volume: volume50747, with user34333 as owner and space quota set to -1 bytes, counts quota set to -1
2022-10-18 06:31:14,347 [Listener at localhost/39045] INFO  retry.RetryInvocationHandler (RetryInvocationHandler.java:log(411)) - com.google.protobuf.ServiceException: java.net.ConnectException: Call From fv-az241-838/10.1.1.164 to localhost:39045 failed on connection exception: java.net.ConnectException: Connection refused; For more details see:  http://wiki.apache.org/hadoop/ConnectionRefused, while invoking $Proxy55.submitRequest over nodeId=omNode-2,nodeAddress=127.0.0.1:39045. Trying to failover immediately.
2022-10-18 06:31:14,352 [Listener at localhost/39045] INFO  retry.RetryInvocationHandler (RetryInvocationHandler.java:log(411)) - com.google.protobuf.ServiceException: org.apache.hadoop.ipc.RemoteException(org.apache.hadoop.ozone.om.exceptions.OMNotLeaderException): OM:omNode-3 is not the leader. Could not determine the leader node.
	at org.apache.hadoop.ozone.om.OzoneManager.checkLeaderStatus(OzoneManager.java:4115)
	at org.apache.hadoop.ozone.om.ratis.utils.OzoneManagerRatisUtils.checkLeaderStatus(OzoneManagerRatisUtils.java:446)
	at org.apache.hadoop.ozone.protocolPB.OzoneManagerProtocolServerSideTranslatorPB.processRequest(OzoneManagerProtocolServerSideTranslatorPB.java:181)
	at org.apache.hadoop.hdds.server.OzoneProtocolMessageDispatcher.processRequest(OzoneProtocolMessageDispatcher.java:87)
	at org.apache.hadoop.ozone.protocolPB.OzoneManagerProtocolServerSideTranslatorPB.submitRequest(OzoneManagerProtocolServerSideTranslatorPB.java:147)
	at org.apache.hadoop.ozone.protocol.proto.OzoneManagerProtocolProtos$OzoneManagerService$2.callBlockingMethod(OzoneManagerProtocolProtos.java)
	at org.apache.hadoop.ipc.ProtobufRpcEngine$Server.processCall(ProtobufRpcEngine.java:465)
	at org.apache.hadoop.ipc.ProtobufRpcEngine2$Server$ProtoBufRpcInvoker.call(ProtobufRpcEngine2.java:578)
	at org.apache.hadoop.ipc.ProtobufRpcEngine2$Server$ProtoBufRpcInvoker.call(ProtobufRpcEngine2.java:556)
	at org.apache.hadoop.ipc.RPC$Server.call(RPC.java:1093)
	at org.apache.hadoop.ipc.Server$RpcCall.run(Server.java:1043)
	at org.apache.hadoop.ipc.Server$RpcCall.run(Server.java:971)
	at java.security.AccessController.doPrivileged(Native Method)
	at javax.security.auth.Subject.doAs(Subject.java:422)
	at org.apache.hadoop.security.UserGroupInformation.doAs(UserGroupInformation.java:1878)
	at org.apache.hadoop.ipc.Server$Handler.run(Server.java:2976)
, while invoking $Proxy55.submitRequest over nodeId=omNode-3,nodeAddress=127.0.0.1:45465 after 1 failover attempts. Trying to failover after sleeping for 2000ms.
2022-10-18 06:31:14,727 [omNode-3@group-523986131536-FollowerState] INFO  impl.FollowerState (FollowerState.java:run(143)) - omNode-3@group-523986131536-FollowerState: change to CANDIDATE, lastRpcElapsedTime:10092624050ns, electionTimeout:1052ms
2022-10-18 06:31:14,728 [omNode-3@group-523986131536-FollowerState] INFO  impl.RoleInfo (RoleInfo.java:shutdownFollowerState(110)) - omNode-3: shutdown omNode-3@group-523986131536-FollowerState
2022-10-18 06:31:14,728 [omNode-3@group-523986131536-FollowerState] INFO  server.RaftServer$Division (RaftServerImpl.java:setRole(299)) - omNode-3@group-523986131536: changes role from  FOLLOWER to CANDIDATE at term 8 for changeToCandidate
2022-10-18 06:31:14,728 [omNode-3@group-523986131536-FollowerState] INFO  server.RaftServerConfigKeys (ConfUtils.java:logGet(46)) - raft.server.leaderelection.pre-vote = false (custom)
2022-10-18 06:31:14,728 [omNode-3@group-523986131536-FollowerState] INFO  impl.RoleInfo (RoleInfo.java:updateAndGet(139)) - omNode-3: start omNode-3@group-523986131536-LeaderElection15
2022-10-18 06:31:14,729 [omNode-3@group-523986131536-LeaderElection15] INFO  server.RaftServer$Division (ServerState.java:setLeader(287)) - omNode-3@group-523986131536: change Leader from omNode-3 to null at term 8 for ELECTION
2022-10-18 06:31:14,731 [omNode-3@group-523986131536-LeaderElection15] INFO  impl.LeaderElection (LeaderElection.java:askForVotes(310)) - omNode-3@group-523986131536-LeaderElection15 ELECTION round 0: submit vote requests at term 9 for 145: [omNode-3|rpc:localhost:36149|admin:|client:|dataStream:|priority:0, omNode-1|rpc:localhost:46857|admin:|client:|dataStream:|priority:0, omNode-2|rpc:localhost:34021|admin:|client:|dataStream:|priority:0], old=null
2022-10-18 06:31:14,731 [omNode-3@group-523986131536-LeaderElection15] INFO  impl.LeaderElection (LogUtils.java:infoOrTrace(137)) - omNode-3@group-523986131536-LeaderElection15 got exception when requesting votes: java.util.concurrent.ExecutionException: org.apache.ratis.thirdparty.io.grpc.StatusRuntimeException: UNAVAILABLE: io exception
2022-10-18 06:31:14,732 [omNode-3@group-523986131536-LeaderElection15] INFO  impl.LeaderElection (LogUtils.java:infoOrTrace(137)) - omNode-3@group-523986131536-LeaderElection15 got exception when requesting votes: java.util.concurrent.ExecutionException: org.apache.ratis.thirdparty.io.grpc.StatusRuntimeException: UNAVAILABLE: io exception
2022-10-18 06:31:14,732 [omNode-3@group-523986131536-LeaderElection15] INFO  impl.LeaderElection (LeaderElection.java:logAndReturn(90)) - omNode-3@group-523986131536-LeaderElection15: ELECTION REJECTED received 0 response(s) and 2 exception(s):
2022-10-18 06:31:14,732 [omNode-3@group-523986131536-LeaderElection15] INFO  impl.LeaderElection (LogUtils.java:infoOrTrace(137)) -   Exception 0: java.util.concurrent.ExecutionException: org.apache.ratis.thirdparty.io.grpc.StatusRuntimeException: UNAVAILABLE: io exception
2022-10-18 06:31:14,732 [omNode-3@group-523986131536-LeaderElection15] INFO  impl.LeaderElection (LogUtils.java:infoOrTrace(137)) -   Exception 1: java.util.concurrent.ExecutionException: org.apache.ratis.thirdparty.io.grpc.StatusRuntimeException: UNAVAILABLE: io exception
2022-10-18 06:31:14,732 [omNode-3@group-523986131536-LeaderElection15] INFO  impl.LeaderElection (LeaderElection.java:askForVotes(312)) - omNode-3@group-523986131536-LeaderElection15 ELECTION round 0: result REJECTED
2022-10-18 06:31:14,732 [omNode-3@group-523986131536-LeaderElection15] INFO  server.RaftServer$Division (RaftServerImpl.java:setRole(299)) - omNode-3@group-523986131536: changes role from CANDIDATE to FOLLOWER at term 9 for REJECTED
2022-10-18 06:31:14,732 [omNode-3@group-523986131536-LeaderElection15] INFO  impl.RoleInfo (RoleInfo.java:shutdownLeaderElection(130)) - omNode-3: shutdown omNode-3@group-523986131536-LeaderElection15
2022-10-18 06:31:14,732 [omNode-3@group-523986131536-LeaderElection15] INFO  impl.RoleInfo (RoleInfo.java:updateAndGet(139)) - omNode-3: start omNode-3@group-523986131536-FollowerState
2022-10-18 06:31:15,758 [omNode-3@group-523986131536-FollowerState] INFO  impl.FollowerState (FollowerState.java:run(143)) - omNode-3@group-523986131536-FollowerState: change to CANDIDATE, lastRpcElapsedTime:1025567353ns, electionTimeout:1022ms
2022-10-18 06:31:15,758 [omNode-3@group-523986131536-FollowerState] INFO  impl.RoleInfo (RoleInfo.java:shutdownFollowerState(110)) - omNode-3: shutdown omNode-3@group-523986131536-FollowerState
2022-10-18 06:31:15,758 [omNode-3@group-523986131536-FollowerState] INFO  server.RaftServer$Division (RaftServerImpl.java:setRole(299)) - omNode-3@group-523986131536: changes role from  FOLLOWER to CANDIDATE at term 9 for changeToCandidate
2022-10-18 06:31:15,758 [omNode-3@group-523986131536-FollowerState] INFO  server.RaftServerConfigKeys (ConfUtils.java:logGet(46)) - raft.server.leaderelection.pre-vote = false (custom)
2022-10-18 06:31:15,758 [omNode-3@group-523986131536-FollowerState] INFO  impl.RoleInfo (RoleInfo.java:updateAndGet(139)) - omNode-3: start omNode-3@group-523986131536-LeaderElection16
2022-10-18 06:31:15,760 [omNode-3@group-523986131536-LeaderElection16] INFO  impl.LeaderElection (LeaderElection.java:askForVotes(310)) - omNode-3@group-523986131536-LeaderElection16 ELECTION round 0: submit vote requests at term 10 for 145: [omNode-3|rpc:localhost:36149|admin:|client:|dataStream:|priority:0, omNode-1|rpc:localhost:46857|admin:|client:|dataStream:|priority:0, omNode-2|rpc:localhost:34021|admin:|client:|dataStream:|priority:0], old=null
2022-10-18 06:31:15,761 [omNode-3@group-523986131536-LeaderElection16] INFO  impl.LeaderElection (LogUtils.java:infoOrTrace(137)) - omNode-3@group-523986131536-LeaderElection16 got exception when requesting votes: java.util.concurrent.ExecutionException: org.apache.ratis.thirdparty.io.grpc.StatusRuntimeException: UNAVAILABLE: io exception
2022-10-18 06:31:15,761 [omNode-3@group-523986131536-LeaderElection16] INFO  impl.LeaderElection (LogUtils.java:infoOrTrace(137)) - omNode-3@group-523986131536-LeaderElection16 got exception when requesting votes: java.util.concurrent.ExecutionException: org.apache.ratis.thirdparty.io.grpc.StatusRuntimeException: UNAVAILABLE: io exception
2022-10-18 06:31:15,761 [omNode-3@group-523986131536-LeaderElection16] INFO  impl.LeaderElection (LeaderElection.java:logAndReturn(90)) - omNode-3@group-523986131536-LeaderElection16: ELECTION REJECTED received 0 response(s) and 2 exception(s):
2022-10-18 06:31:15,761 [omNode-3@group-523986131536-LeaderElection16] INFO  impl.LeaderElection (LogUtils.java:infoOrTrace(137)) -   Exception 0: java.util.concurrent.ExecutionException: org.apache.ratis.thirdparty.io.grpc.StatusRuntimeException: UNAVAILABLE: io exception
2022-10-18 06:31:15,761 [omNode-3@group-523986131536-LeaderElection16] INFO  impl.LeaderElection (LogUtils.java:infoOrTrace(137)) -   Exception 1: java.util.concurrent.ExecutionException: org.apache.ratis.thirdparty.io.grpc.StatusRuntimeException: UNAVAILABLE: io exception
2022-10-18 06:31:15,762 [omNode-3@group-523986131536-LeaderElection16] INFO  impl.LeaderElection (LeaderElection.java:askForVotes(312)) - omNode-3@group-523986131536-LeaderElection16 ELECTION round 0: result REJECTED
2022-10-18 06:31:15,762 [omNode-3@group-523986131536-LeaderElection16] INFO  server.RaftServer$Division (RaftServerImpl.java:setRole(299)) - omNode-3@group-523986131536: changes role from CANDIDATE to FOLLOWER at term 10 for REJECTED
2022-10-18 06:31:15,762 [omNode-3@group-523986131536-LeaderElection16] INFO  impl.RoleInfo (RoleInfo.java:shutdownLeaderElection(130)) - omNode-3: shutdown omNode-3@group-523986131536-LeaderElection16
2022-10-18 06:31:15,762 [omNode-3@group-523986131536-LeaderElection16] INFO  impl.RoleInfo (RoleInfo.java:updateAndGet(139)) - omNode-3: start omNode-3@group-523986131536-FollowerState
2022-10-18 06:31:16,353 [Listener at localhost/39045] INFO  retry.RetryInvocationHandler (RetryInvocationHandler.java:log(411)) - com.google.protobuf.ServiceException: java.net.ConnectException: Call From fv-az241-838/10.1.1.164 to localhost:33523 failed on connection exception: java.net.ConnectException: Connection refused; For more details see:  http://wiki.apache.org/hadoop/ConnectionRefused, while invoking $Proxy55.submitRequest over nodeId=omNode-1,nodeAddress=127.0.0.1:33523 after 2 failover attempts. Trying to failover immediately.
2022-10-18 06:31:16,354 [Listener at localhost/39045] INFO  retry.RetryInvocationHandler (RetryInvocationHandler.java:log(411)) - com.google.protobuf.ServiceException: java.net.ConnectException: Call From fv-az241-838/10.1.1.164 to localhost:39045 failed on connection exception: java.net.ConnectException: Connection refused; For more details see:  http://wiki.apache.org/hadoop/ConnectionRefused, while invoking $Proxy55.submitRequest over nodeId=omNode-2,nodeAddress=127.0.0.1:39045 after 3 failover attempts. Trying to failover immediately.
2022-10-18 06:31:16,357 [Listener at localhost/39045] INFO  retry.RetryInvocationHandler (RetryInvocationHandler.java:log(411)) - com.google.protobuf.ServiceException: org.apache.hadoop.ipc.RemoteException(org.apache.hadoop.ozone.om.exceptions.OMNotLeaderException): OM:omNode-3 is not the leader. Could not determine the leader node.
	at org.apache.hadoop.ozone.om.OzoneManager.checkLeaderStatus(OzoneManager.java:4115)
	at org.apache.hadoop.ozone.om.ratis.utils.OzoneManagerRatisUtils.checkLeaderStatus(OzoneManagerRatisUtils.java:446)
	at org.apache.hadoop.ozone.protocolPB.OzoneManagerProtocolServerSideTranslatorPB.processRequest(OzoneManagerProtocolServerSideTranslatorPB.java:181)
	at org.apache.hadoop.hdds.server.OzoneProtocolMessageDispatcher.processRequest(OzoneProtocolMessageDispatcher.java:87)
	at org.apache.hadoop.ozone.protocolPB.OzoneManagerProtocolServerSideTranslatorPB.submitRequest(OzoneManagerProtocolServerSideTranslatorPB.java:147)
	at org.apache.hadoop.ozone.protocol.proto.OzoneManagerProtocolProtos$OzoneManagerService$2.callBlockingMethod(OzoneManagerProtocolProtos.java)
	at org.apache.hadoop.ipc.ProtobufRpcEngine$Server.processCall(ProtobufRpcEngine.java:465)
	at org.apache.hadoop.ipc.ProtobufRpcEngine2$Server$ProtoBufRpcInvoker.call(ProtobufRpcEngine2.java:578)
	at org.apache.hadoop.ipc.ProtobufRpcEngine2$Server$ProtoBufRpcInvoker.call(ProtobufRpcEngine2.java:556)
	at org.apache.hadoop.ipc.RPC$Server.call(RPC.java:1093)
	at org.apache.hadoop.ipc.Server$RpcCall.run(Server.java:1043)
	at org.apache.hadoop.ipc.Server$RpcCall.run(Server.java:971)
	at java.security.AccessController.doPrivileged(Native Method)
	at javax.security.auth.Subject.doAs(Subject.java:422)
	at org.apache.hadoop.security.UserGroupInformation.doAs(UserGroupInformation.java:1878)
	at org.apache.hadoop.ipc.Server$Handler.run(Server.java:2976)
, while invoking $Proxy55.submitRequest over nodeId=omNode-3,nodeAddress=127.0.0.1:45465 after 4 failover attempts. Trying to failover after sleeping for 2000ms.
2022-10-18 06:31:16,787 [omNode-3@group-523986131536-FollowerState] INFO  impl.FollowerState (FollowerState.java:run(143)) - omNode-3@group-523986131536-FollowerState: change to CANDIDATE, lastRpcElapsedTime:1025435849ns, electionTimeout:1025ms
2022-10-18 06:31:16,787 [omNode-3@group-523986131536-FollowerState] INFO  impl.RoleInfo (RoleInfo.java:shutdownFollowerState(110)) - omNode-3: shutdown omNode-3@group-523986131536-FollowerState
2022-10-18 06:31:16,787 [omNode-3@group-523986131536-FollowerState] INFO  server.RaftServer$Division (RaftServerImpl.java:setRole(299)) - omNode-3@group-523986131536: changes role from  FOLLOWER to CANDIDATE at term 10 for changeToCandidate
2022-10-18 06:31:16,788 [omNode-3@group-523986131536-FollowerState] INFO  server.RaftServerConfigKeys (ConfUtils.java:logGet(46)) - raft.server.leaderelection.pre-vote = false (custom)
2022-10-18 06:31:16,788 [omNode-3@group-523986131536-FollowerState] INFO  impl.RoleInfo (RoleInfo.java:updateAndGet(139)) - omNode-3: start omNode-3@group-523986131536-LeaderElection17
2022-10-18 06:31:16,791 [omNode-3@group-523986131536-LeaderElection17] INFO  impl.LeaderElection (LeaderElection.java:askForVotes(310)) - omNode-3@group-523986131536-LeaderElection17 ELECTION round 0: submit vote requests at term 11 for 145: [omNode-3|rpc:localhost:36149|admin:|client:|dataStream:|priority:0, omNode-1|rpc:localhost:46857|admin:|client:|dataStream:|priority:0, omNode-2|rpc:localhost:34021|admin:|client:|dataStream:|priority:0], old=null
2022-10-18 06:31:16,792 [omNode-3@group-523986131536-LeaderElection17] INFO  impl.LeaderElection (LogUtils.java:infoOrTrace(137)) - omNode-3@group-523986131536-LeaderElection17 got exception when requesting votes: java.util.concurrent.ExecutionException: org.apache.ratis.thirdparty.io.grpc.StatusRuntimeException: UNAVAILABLE: io exception
2022-10-18 06:31:16,792 [omNode-3@group-523986131536-LeaderElection17] INFO  impl.LeaderElection (LogUtils.java:infoOrTrace(137)) - omNode-3@group-523986131536-LeaderElection17 got exception when requesting votes: java.util.concurrent.ExecutionException: org.apache.ratis.thirdparty.io.grpc.StatusRuntimeException: UNAVAILABLE: io exception
2022-10-18 06:31:16,792 [omNode-3@group-523986131536-LeaderElection17] INFO  impl.LeaderElection (LeaderElection.java:logAndReturn(90)) - omNode-3@group-523986131536-LeaderElection17: ELECTION REJECTED received 0 response(s) and 2 exception(s):
2022-10-18 06:31:16,792 [omNode-3@group-523986131536-LeaderElection17] INFO  impl.LeaderElection (LogUtils.java:infoOrTrace(137)) -   Exception 0: java.util.concurrent.ExecutionException: org.apache.ratis.thirdparty.io.grpc.StatusRuntimeException: UNAVAILABLE: io exception
2022-10-18 06:31:16,792 [omNode-3@group-523986131536-LeaderElection17] INFO  impl.LeaderElection (LogUtils.java:infoOrTrace(137)) -   Exception 1: java.util.concurrent.ExecutionException: org.apache.ratis.thirdparty.io.grpc.StatusRuntimeException: UNAVAILABLE: io exception
2022-10-18 06:31:16,792 [omNode-3@group-523986131536-LeaderElection17] INFO  impl.LeaderElection (LeaderElection.java:askForVotes(312)) - omNode-3@group-523986131536-LeaderElection17 ELECTION round 0: result REJECTED
2022-10-18 06:31:16,792 [omNode-3@group-523986131536-LeaderElection17] INFO  server.RaftServer$Division (RaftServerImpl.java:setRole(299)) - omNode-3@group-523986131536: changes role from CANDIDATE to FOLLOWER at term 11 for REJECTED
2022-10-18 06:31:16,792 [omNode-3@group-523986131536-LeaderElection17] INFO  impl.RoleInfo (RoleInfo.java:shutdownLeaderElection(130)) - omNode-3: shutdown omNode-3@group-523986131536-LeaderElection17
2022-10-18 06:31:16,792 [omNode-3@group-523986131536-LeaderElection17] INFO  impl.RoleInfo (RoleInfo.java:updateAndGet(139)) - omNode-3: start omNode-3@group-523986131536-FollowerState
2022-10-18 06:31:17,853 [omNode-3@group-523986131536-FollowerState] INFO  impl.FollowerState (FollowerState.java:run(143)) - omNode-3@group-523986131536-FollowerState: change to CANDIDATE, lastRpcElapsedTime:1060436517ns, electionTimeout:1060ms
2022-10-18 06:31:17,853 [omNode-3@group-523986131536-FollowerState] INFO  impl.RoleInfo (RoleInfo.java:shutdownFollowerState(110)) - omNode-3: shutdown omNode-3@group-523986131536-FollowerState
2022-10-18 06:31:17,853 [omNode-3@group-523986131536-FollowerState] INFO  server.RaftServer$Division (RaftServerImpl.java:setRole(299)) - omNode-3@group-523986131536: changes role from  FOLLOWER to CANDIDATE at term 11 for changeToCandidate
2022-10-18 06:31:17,853 [omNode-3@group-523986131536-FollowerState] INFO  server.RaftServerConfigKeys (ConfUtils.java:logGet(46)) - raft.server.leaderelection.pre-vote = false (custom)
2022-10-18 06:31:17,853 [omNode-3@group-523986131536-FollowerState] INFO  impl.RoleInfo (RoleInfo.java:updateAndGet(139)) - omNode-3: start omNode-3@group-523986131536-LeaderElection18
2022-10-18 06:31:17,856 [omNode-3@group-523986131536-LeaderElection18] INFO  impl.LeaderElection (LeaderElection.java:askForVotes(310)) - omNode-3@group-523986131536-LeaderElection18 ELECTION round 0: submit vote requests at term 12 for 145: [omNode-3|rpc:localhost:36149|admin:|client:|dataStream:|priority:0, omNode-1|rpc:localhost:46857|admin:|client:|dataStream:|priority:0, omNode-2|rpc:localhost:34021|admin:|client:|dataStream:|priority:0], old=null
2022-10-18 06:31:17,856 [omNode-3@group-523986131536-LeaderElection18] INFO  impl.LeaderElection (LogUtils.java:infoOrTrace(137)) - omNode-3@group-523986131536-LeaderElection18 got exception when requesting votes: java.util.concurrent.ExecutionException: org.apache.ratis.thirdparty.io.grpc.StatusRuntimeException: UNAVAILABLE: io exception
2022-10-18 06:31:17,856 [omNode-3@group-523986131536-LeaderElection18] INFO  impl.LeaderElection (LogUtils.java:infoOrTrace(137)) - omNode-3@group-523986131536-LeaderElection18 got exception when requesting votes: java.util.concurrent.ExecutionException: org.apache.ratis.thirdparty.io.grpc.StatusRuntimeException: UNAVAILABLE: io exception
2022-10-18 06:31:17,856 [omNode-3@group-523986131536-LeaderElection18] INFO  impl.LeaderElection (LeaderElection.java:logAndReturn(90)) - omNode-3@group-523986131536-LeaderElection18: ELECTION REJECTED received 0 response(s) and 2 exception(s):
2022-10-18 06:31:17,856 [omNode-3@group-523986131536-LeaderElection18] INFO  impl.LeaderElection (LogUtils.java:infoOrTrace(137)) -   Exception 0: java.util.concurrent.ExecutionException: org.apache.ratis.thirdparty.io.grpc.StatusRuntimeException: UNAVAILABLE: io exception
2022-10-18 06:31:17,856 [omNode-3@group-523986131536-LeaderElection18] INFO  impl.LeaderElection (LogUtils.java:infoOrTrace(137)) -   Exception 1: java.util.concurrent.ExecutionException: org.apache.ratis.thirdparty.io.grpc.StatusRuntimeException: UNAVAILABLE: io exception
2022-10-18 06:31:17,857 [omNode-3@group-523986131536-LeaderElection18] INFO  impl.LeaderElection (LeaderElection.java:askForVotes(312)) - omNode-3@group-523986131536-LeaderElection18 ELECTION round 0: result REJECTED
2022-10-18 06:31:17,857 [omNode-3@group-523986131536-LeaderElection18] INFO  server.RaftServer$Division (RaftServerImpl.java:setRole(299)) - omNode-3@group-523986131536: changes role from CANDIDATE to FOLLOWER at term 12 for REJECTED
2022-10-18 06:31:17,857 [omNode-3@group-523986131536-LeaderElection18] INFO  impl.RoleInfo (RoleInfo.java:shutdownLeaderElection(130)) - omNode-3: shutdown omNode-3@group-523986131536-LeaderElection18
2022-10-18 06:31:17,857 [omNode-3@group-523986131536-LeaderElection18] INFO  impl.RoleInfo (RoleInfo.java:updateAndGet(139)) - omNode-3: start omNode-3@group-523986131536-FollowerState
2022-10-18 06:31:18,358 [Listener at localhost/39045] ERROR ha.OMFailoverProxyProviderBase (OMFailoverProxyProviderBase.java:getRetryAction(211)) - Failed to connect to OMs: [omNode-1, omNode-2, omNode-3]. Attempted 5 failovers.
2022-10-18 06:31:18,358 [Listener at localhost/39045] INFO  om.OzoneManager (OzoneManager.java:stop(2034)) - omNode-3[localhost:45465]: Stopping Ozone Manager
2022-10-18 06:31:18,358 [Listener at localhost/39045] INFO  ipc.Server (Server.java:stop(3428)) - Stopping server on 45465
2022-10-18 06:31:18,362 [IPC Server Responder] INFO  ipc.Server (Server.java:run(1517)) - Stopping IPC Server Responder
2022-10-18 06:31:18,362 [IPC Server listener on 45465] INFO  ipc.Server (Server.java:run(1384)) - Stopping IPC Server listener on 45465
2022-10-18 06:31:18,362 [Listener at localhost/39045] INFO  server.RaftServer (RaftServerProxy.java:lambda$close$7(398)) - omNode-3: close
2022-10-18 06:31:18,363 [Listener at localhost/39045] INFO  server.RaftServer$Division (RaftServerImpl.java:lambda$close$4(434)) - omNode-3@group-523986131536: shutdown
2022-10-18 06:31:18,363 [Listener at localhost/39045] INFO  util.JmxRegister (JmxRegister.java:unregister(73)) - Successfully un-registered JMX Bean with object name Ratis:service=RaftServer,group=group-523986131536,id=omNode-3
2022-10-18 06:31:18,363 [Listener at localhost/39045] INFO  impl.RoleInfo (RoleInfo.java:shutdownFollowerState(110)) - omNode-3: shutdown omNode-3@group-523986131536-FollowerState
2022-10-18 06:31:18,363 [Listener at localhost/39045] INFO  impl.StateMachineUpdater (StateMachineUpdater.java:stopAndJoin(153)) - omNode-3@group-523986131536-StateMachineUpdater: set stopIndex = 144
2022-10-18 06:31:18,363 [omNode-3@group-523986131536-FollowerState] INFO  impl.FollowerState (FollowerState.java:run(152)) - omNode-3@group-523986131536-FollowerState was interrupted
2022-10-18 06:31:18,363 [omNode-3@group-523986131536-StateMachineUpdater] INFO  ratis.OzoneManagerStateMachine (OzoneManagerStateMachine.java:close(495)) - StateMachine has shutdown. Shutdown OzoneManager if not already shutdown.
2022-10-18 06:31:18,364 [omNode-3@group-523986131536-StateMachineUpdater] INFO  ratis.OzoneManagerDoubleBuffer (OzoneManagerDoubleBuffer.java:stop(466)) - Stopping OMDoubleBuffer flush thread
2022-10-18 06:31:18,365 [OMDoubleBufferFlushThread] INFO  ratis.OzoneManagerDoubleBuffer (OzoneManagerDoubleBuffer.java:flushTransactions(385)) - OMDoubleBuffer flush thread OMDoubleBufferFlushThread is interrupted and will exit.
2022-10-18 06:31:18,365 [Listener at localhost/39045] INFO  server.RaftServer$Division (ServerState.java:close(429)) - omNode-3@group-523986131536: closes. applyIndex: 144
2022-10-18 06:31:18,365 [omNode-3@group-523986131536-SegmentedRaftLogWorker] INFO  segmented.SegmentedRaftLogWorker (SegmentedRaftLogWorker.java:run(336)) - omNode-3@group-523986131536-SegmentedRaftLogWorker was interrupted, exiting. There are 0 tasks remaining in the queue.
2022-10-18 06:31:18,366 [Listener at localhost/39045] INFO  segmented.SegmentedRaftLogWorker (SegmentedRaftLogWorker.java:close(246)) - omNode-3@group-523986131536-SegmentedRaftLogWorker close()
2022-10-18 06:31:18,367 [Listener at localhost/39045] INFO  server.GrpcService (GrpcService.java:closeImpl(269)) - omNode-3: shutdown server with port 36149 now
2022-10-18 06:31:18,369 [Listener at localhost/39045] INFO  server.GrpcService (GrpcService.java:closeImpl(278)) - omNode-3: shutdown server with port 36149 successfully
2022-10-18 06:31:18,370 [org.apache.ratis.util.JvmPauseMonitor$$Lambda$703/523629281@5e8811a1] INFO  util.JvmPauseMonitor (JvmPauseMonitor.java:run(109)) - JvmPauseMonitor-omNode-3: Stopped
2022-10-18 06:31:18,370 [Listener at localhost/39045] INFO  ratis.OzoneManagerStateMachine (OzoneManagerStateMachine.java:close(495)) - StateMachine has shutdown. Shutdown OzoneManager if not already shutdown.
2022-10-18 06:31:18,370 [Listener at localhost/39045] INFO  ratis.OzoneManagerDoubleBuffer (OzoneManagerDoubleBuffer.java:stop(478)) - OMDoubleBuffer flush thread is not running.
2022-10-18 06:31:18,370 [Listener at localhost/39045] INFO  handler.ContextHandler (ContextHandler.java:doStop(1153)) - Stopped o.e.j.w.WebAppContext@2f4094f8{ozoneManager,/,null,STOPPED}{file:/home/runner/work/ozone/ozone/hadoop-ozone/integration-test/target/test-classes/webapps/ozoneManager}
2022-10-18 06:31:18,371 [Listener at localhost/39045] INFO  server.AbstractConnector (AbstractConnector.java:doStop(381)) - Stopped ServerConnector@577a1f29{HTTP/1.1, (http/1.1)}{0.0.0.0:45739}
2022-10-18 06:31:18,371 [Listener at localhost/39045] INFO  server.session (HouseKeeper.java:stopScavenging(149)) - node0 Stopped scavenging
2022-10-18 06:31:18,371 [Listener at localhost/39045] INFO  handler.ContextHandler (ContextHandler.java:doStop(1153)) - Stopped o.e.j.s.ServletContextHandler@5a68cb53{static,/static,file:///home/runner/work/ozone/ozone/hadoop-ozone/integration-test/target/test-classes/webapps/static,STOPPED}
2022-10-18 06:31:18,371 [Listener at localhost/39045] INFO  handler.ContextHandler (ContextHandler.java:doStop(1153)) - Stopped o.e.j.s.ServletContextHandler@70ff6257{logs,/logs,file:///home/runner/work/ozone/ozone/hadoop-ozone/integration-test/target/log,STOPPED}
2022-10-18 06:31:18,374 [Listener at localhost/39045] INFO  om.OzoneManager (OzoneManager.java:restart(1571)) - OzoneManager RPC server is listening at localhost/127.0.0.1:45465
2022-10-18 06:31:18,374 [Listener at localhost/39045] INFO  impl.MetricsSystemImpl (MetricsSystemImpl.java:init(158)) - OzoneManager metrics system started (again)
2022-10-18 06:31:18,387 [Listener at localhost/39045] WARN  server.ServerUtils (ServerUtils.java:getDBPath(225)) - ozone.om.db.dirs is not configured. We recommend adding this setting. Falling back to ozone.metadata.dirs instead.
2022-10-18 06:31:18,387 [Listener at localhost/39045] INFO  codec.OmKeyInfoCodec (OmKeyInfoCodec.java:<init>(49)) - OmKeyInfoCodec ignorePipeline = true
2022-10-18 06:31:18,387 [Listener at localhost/39045] INFO  codec.RepeatedOmKeyInfoCodec (RepeatedOmKeyInfoCodec.java:<init>(41)) - RepeatedOmKeyInfoCodec ignorePipeline = true
2022-10-18 06:31:18,416 [Listener at localhost/39045] INFO  om.OzoneManager (OzoneManager.java:instantiateServices(712)) - S3 Multi-Tenancy is disabled
2022-10-18 06:31:18,421 [Listener at localhost/39045] WARN  server.ServerUtils (ServerUtils.java:getDefaultRatisDirectory(237)) - Storage directory for Ratis is not configured. It is a good idea to map this to an SSD disk. Falling back to ozone.metadata.dirs
2022-10-18 06:31:18,422 [Listener at localhost/39045] INFO  ratis.OzoneManagerRatisServer (OzoneManagerRatisServer.java:<init>(160)) - Instantiating OM Ratis server with groupID: om-service-test1 and peers: localhost:36149, localhost:46857, localhost:34021
2022-10-18 06:31:18,422 [Listener at localhost/39045] INFO  ratis.OzoneManagerStateMachine (OzoneManagerStateMachine.java:loadSnapshotInfoFromDB(632)) - LastAppliedIndex is set from TransactionInfo from OM DB as (t:5, i:144)
2022-10-18 06:31:18,425 [Listener at localhost/39045] INFO  server.RaftServer (ConfUtils.java:logGet(46)) - raft.rpc.type = GRPC (default)
2022-10-18 06:31:18,426 [Listener at localhost/39045] INFO  grpc.GrpcFactory (GrpcFactory.java:checkPooledByteBufAllocatorUseCacheForAllThreads(48)) - PERFORMANCE WARNING: useCacheForAllThreads is true that may cause Netty to create a lot garbage objects and, as a result, trigger GC.
	It is recommended to disable useCacheForAllThreads by setting -Dorg.apache.ratis.thirdparty.io.netty.allocator.useCacheForAllThreads=false in command line.
2022-10-18 06:31:18,426 [Listener at localhost/39045] INFO  grpc.GrpcConfigKeys (ConfUtils.java:logGet(46)) - raft.grpc.admin.port = -1 (default)
2022-10-18 06:31:18,426 [Listener at localhost/39045] INFO  grpc.GrpcConfigKeys (ConfUtils.java:logGet(46)) - raft.grpc.server.port = 36149 (custom)
2022-10-18 06:31:18,426 [Listener at localhost/39045] INFO  grpc.GrpcConfigKeys (ConfUtils.java:logGet(46)) - raft.grpc.client.port = -1 (default)
2022-10-18 06:31:18,426 [Listener at localhost/39045] INFO  grpc.GrpcConfigKeys (ConfUtils.java:logGet(46)) - raft.grpc.server.port = 36149 (custom)
2022-10-18 06:31:18,426 [Listener at localhost/39045] INFO  grpc.GrpcConfigKeys (ConfUtils.java:logGet(46)) - raft.grpc.server.port = 36149 (custom)
2022-10-18 06:31:18,427 [Listener at localhost/39045] INFO  server.GrpcService (ConfUtils.java:logGet(46)) - raft.grpc.message.size.max = 33554432 (custom)
2022-10-18 06:31:18,427 [Listener at localhost/39045] INFO  server.RaftServerConfigKeys (ConfUtils.java:logGet(46)) - raft.server.log.appender.buffer.byte-limit = 33554432 (custom)
2022-10-18 06:31:18,427 [Listener at localhost/39045] INFO  server.GrpcService (ConfUtils.java:logGet(46)) - raft.grpc.flow.control.window = 1MB (=1048576) (default)
2022-10-18 06:31:18,427 [Listener at localhost/39045] INFO  server.RaftServerConfigKeys (ConfUtils.java:logGet(46)) - raft.server.rpc.request.timeout = 3000ms (default)
2022-10-18 06:31:18,427 [Listener at localhost/39045] INFO  grpc.GrpcConfigKeys (ConfUtils.java:logGet(46)) - raft.grpc.server.async.request.thread.pool.cached = true (default)
2022-10-18 06:31:18,427 [Listener at localhost/39045] INFO  grpc.GrpcConfigKeys (ConfUtils.java:logGet(46)) - raft.grpc.server.async.request.thread.pool.size = 32 (default)
2022-10-18 06:31:18,428 [Listener at localhost/39045] INFO  impl.DataStreamServerImpl (ConfUtils.java:logGet(46)) - raft.datastream.type = DISABLED (default)
2022-10-18 06:31:18,429 [Listener at localhost/39045] INFO  server.RaftServerConfigKeys (ConfUtils.java:logGet(46)) - raft.server.threadpool.proxy.cached = true (default)
2022-10-18 06:31:18,429 [Listener at localhost/39045] INFO  server.RaftServerConfigKeys (ConfUtils.java:logGet(46)) - raft.server.threadpool.proxy.size = 0 (default)
2022-10-18 06:31:18,429 [Listener at localhost/39045] INFO  server.RaftServerConfigKeys (ConfUtils.java:logGet(46)) - raft.server.rpc.slowness.timeout = 2s (custom)
2022-10-18 06:31:18,429 [Listener at localhost/39045] INFO  server.RaftServerConfigKeys (ConfUtils.java:logGet(46)) - raft.server.leaderelection.leader.step-down.wait-time = 10s (default)
2022-10-18 06:31:18,429 [Listener at localhost/39045] INFO  server.RaftServerConfigKeys (ConfUtils.java:logGet(46)) - raft.server.storage.dir = [/home/runner/work/ozone/ozone/hadoop-ozone/integration-test/target/test-dir/MiniOzoneClusterImpl-489ebd61-a341-4d14-a135-ade311a26152/omNode-3/ratis] (custom)
2022-10-18 06:31:18,430 [omNode-3-impl-thread1] INFO  server.RaftServer (RaftServerProxy.java:initGroupDir(247)) - omNode-3: found a subdirectory /home/runner/work/ozone/ozone/hadoop-ozone/integration-test/target/test-dir/MiniOzoneClusterImpl-489ebd61-a341-4d14-a135-ade311a26152/omNode-3/ratis/c9bc4cf4-3bc3-3c60-a66b-523986131536
2022-10-18 06:31:18,430 [Listener at localhost/39045] INFO  server.RaftServer (RaftServerProxy.java:addNew(96)) - omNode-3: addNew group-523986131536:[omNode-3|rpc:localhost:36149|priority:0, omNode-1|rpc:localhost:46857|priority:0, omNode-2|rpc:localhost:34021|priority:0] returns group-523986131536:java.util.concurrent.CompletableFuture@66249c29[Not completed]
2022-10-18 06:31:18,430 [Listener at localhost/39045] INFO  om.OzoneManager (OzoneManager.java:initializeRatisServer(1975)) - OzoneManager Ratis server initialized at port 36149
2022-10-18 06:31:18,431 [Listener at localhost/39045] INFO  ratis.OzoneManagerRatisServer (OzoneManagerRatisServer.java:start(555)) - Starting OzoneManagerRatisServer omNode-3 at port 36149
2022-10-18 06:31:18,431 [pool-516-thread-1] INFO  server.RaftServer$Division (RaftServerImpl.java:<init>(190)) - omNode-3: new RaftServerImpl for group-523986131536:[omNode-3|rpc:localhost:36149|priority:0, omNode-1|rpc:localhost:46857|priority:0, omNode-2|rpc:localhost:34021|priority:0] with OzoneManagerStateMachine:uninitialized
2022-10-18 06:31:18,431 [pool-516-thread-1] INFO  server.RaftServerConfigKeys (ConfUtils.java:logGet(46)) - raft.server.rpc.timeout.min = 1s (custom)
2022-10-18 06:31:18,431 [pool-516-thread-1] INFO  server.RaftServerConfigKeys (ConfUtils.java:logGet(46)) - raft.server.rpc.timeout.max = 1200ms (custom)
2022-10-18 06:31:18,431 [pool-516-thread-1] INFO  server.RaftServerConfigKeys (ConfUtils.java:logGet(46)) - raft.server.rpc.sleep.time = 25ms (default)
2022-10-18 06:31:18,431 [pool-516-thread-1] INFO  server.RaftServerConfigKeys (ConfUtils.java:logGet(46)) - raft.server.rpc.slowness.timeout = 2s (custom)
2022-10-18 06:31:18,431 [pool-516-thread-1] INFO  server.RaftServerConfigKeys (ConfUtils.java:logGet(46)) - raft.server.leaderelection.leader.step-down.wait-time = 10s (default)
2022-10-18 06:31:18,431 [pool-516-thread-1] INFO  server.RaftServerConfigKeys (ConfUtils.java:logGet(46)) - raft.server.sleep.deviation.threshold = 300ms (default)
2022-10-18 06:31:18,431 [pool-516-thread-1] INFO  server.RaftServer$Division (ServerState.java:<init>(107)) - omNode-3@group-523986131536: ConfigurationManager, init=-1: [omNode-3|rpc:localhost:36149|priority:0, omNode-1|rpc:localhost:46857|priority:0, omNode-2|rpc:localhost:34021|priority:0], old=null, confs=<EMPTY_MAP>
2022-10-18 06:31:18,431 [pool-516-thread-1] INFO  server.RaftServerConfigKeys (ConfUtils.java:logGet(46)) - raft.server.storage.dir = [/home/runner/work/ozone/ozone/hadoop-ozone/integration-test/target/test-dir/MiniOzoneClusterImpl-489ebd61-a341-4d14-a135-ade311a26152/omNode-3/ratis] (custom)
2022-10-18 06:31:18,431 [pool-516-thread-1] INFO  server.RaftServerConfigKeys (ConfUtils.java:logGet(46)) - raft.server.log.corruption.policy = EXCEPTION (default)
2022-10-18 06:31:18,431 [pool-516-thread-1] INFO  server.RaftServerConfigKeys (ConfUtils.java:logGet(46)) - raft.server.storage.free-space.min = 0MB (=0) (default)
2022-10-18 06:31:18,432 [pool-516-thread-1] INFO  storage.RaftStorageDirectory (RaftStorageDirectoryImpl.java:tryLock(230)) - Lock on /home/runner/work/ozone/ozone/hadoop-ozone/integration-test/target/test-dir/MiniOzoneClusterImpl-489ebd61-a341-4d14-a135-ade311a26152/omNode-3/ratis/c9bc4cf4-3bc3-3c60-a66b-523986131536/in_use.lock acquired by nodename 30337@fv-az241-838
2022-10-18 06:31:18,432 [pool-516-thread-1] INFO  storage.RaftStorage (RaftStorageImpl.java:analyzeAndRecoverStorage(110)) - Read RaftStorageMetadata{term=12, votedFor=omNode-3} from /home/runner/work/ozone/ozone/hadoop-ozone/integration-test/target/test-dir/MiniOzoneClusterImpl-489ebd61-a341-4d14-a135-ade311a26152/omNode-3/ratis/c9bc4cf4-3bc3-3c60-a66b-523986131536/current/raft-meta
2022-10-18 06:31:18,433 [pool-516-thread-1] INFO  server.RaftServer$Division (ServerState.java:setRaftConf(393)) - omNode-3@group-523986131536: set configuration 59: [omNode-3|rpc:localhost:36149|admin:|client:|dataStream:|priority:0, omNode-1|rpc:localhost:46857|admin:|client:|dataStream:|priority:0, omNode-2|rpc:localhost:34021|admin:|client:|dataStream:|priority:0], old=null
2022-10-18 06:31:18,433 [pool-516-thread-1] INFO  server.RaftServerConfigKeys (ConfUtils.java:logGet(46)) - raft.server.notification.no-leader.timeout = 2s (custom)
2022-10-18 06:31:18,433 [pool-516-thread-1] INFO  server.RaftServerConfigKeys (ConfUtils.java:logGet(46)) - raft.server.log.use.memory = false (default)
2022-10-18 06:31:18,433 [pool-516-thread-1] INFO  server.RaftServerConfigKeys (ConfUtils.java:logGet(46)) - raft.server.log.purge.gap = 50 (custom)
2022-10-18 06:31:18,433 [pool-516-thread-1] INFO  server.RaftServerConfigKeys (ConfUtils.java:logGet(46)) - raft.server.log.appender.buffer.byte-limit = 33554432 (custom)
2022-10-18 06:31:18,433 [pool-516-thread-1] INFO  server.RaftServerConfigKeys (ConfUtils.java:logGet(46)) - raft.server.log.statemachine.data.read.timeout = 1000ms (default)
2022-10-18 06:31:18,433 [pool-516-thread-1] INFO  server.RaftServerConfigKeys (ConfUtils.java:logGet(46)) - raft.server.log.segment.size.max = 4194304 (custom)
2022-10-18 06:31:18,434 [pool-516-thread-1] INFO  server.RaftServerConfigKeys (ConfUtils.java:logGet(46)) - raft.server.log.segment.cache.num.max = 2 (custom)
2022-10-18 06:31:18,434 [pool-516-thread-1] INFO  server.RaftServerConfigKeys (ConfUtils.java:logGet(46)) - raft.server.log.segment.cache.size.max = 200MB (=209715200) (default)
2022-10-18 06:31:18,434 [pool-516-thread-1] INFO  segmented.SegmentedRaftLogWorker (SegmentedRaftLogWorker.java:<init>(187)) - new omNode-3@group-523986131536-SegmentedRaftLogWorker for RaftStorageImpl:Storage Directory /home/runner/work/ozone/ozone/hadoop-ozone/integration-test/target/test-dir/MiniOzoneClusterImpl-489ebd61-a341-4d14-a135-ade311a26152/omNode-3/ratis/c9bc4cf4-3bc3-3c60-a66b-523986131536
2022-10-18 06:31:18,434 [pool-516-thread-1] INFO  server.RaftServerConfigKeys (ConfUtils.java:logGet(46)) - raft.server.log.queue.byte-limit = 64MB (=67108864) (default)
2022-10-18 06:31:18,434 [pool-516-thread-1] INFO  server.RaftServerConfigKeys (ConfUtils.java:logGet(46)) - raft.server.log.queue.element-limit = 4096 (default)
2022-10-18 06:31:18,434 [pool-516-thread-1] INFO  server.RaftServerConfigKeys (ConfUtils.java:logGet(46)) - raft.server.log.segment.size.max = 4194304 (custom)
2022-10-18 06:31:18,434 [pool-516-thread-1] INFO  server.RaftServerConfigKeys (ConfUtils.java:logGet(46)) - raft.server.log.preallocated.size = 4194304 (custom)
2022-10-18 06:31:18,434 [pool-516-thread-1] INFO  server.RaftServerConfigKeys (ConfUtils.java:logGet(46)) - raft.server.log.force.sync.num = 128 (default)
2022-10-18 06:31:18,434 [pool-516-thread-1] INFO  server.RaftServerConfigKeys (ConfUtils.java:logGet(46)) - raft.server.log.statemachine.data.sync = true (default)
2022-10-18 06:31:18,434 [pool-516-thread-1] INFO  server.RaftServerConfigKeys (ConfUtils.java:logGet(46)) - raft.server.log.statemachine.data.sync.timeout = 10s (default)
2022-10-18 06:31:18,434 [pool-516-thread-1] INFO  server.RaftServerConfigKeys (ConfUtils.java:logGet(46)) - raft.server.log.statemachine.data.sync.timeout.retry = -1 (default)
2022-10-18 06:31:18,435 [pool-516-thread-1] INFO  server.RaftServerConfigKeys (ConfUtils.java:logGet(46)) - raft.server.log.write.buffer.size = 64KB (=65536) (default)
2022-10-18 06:31:18,435 [pool-516-thread-1] INFO  server.RaftServerConfigKeys (ConfUtils.java:logGet(46)) - raft.server.log.unsafe-flush.enabled = false (default)
2022-10-18 06:31:18,435 [pool-516-thread-1] INFO  server.RaftServerConfigKeys (ConfUtils.java:logGet(46)) - raft.server.log.statemachine.data.caching.enabled = false (default)
2022-10-18 06:31:18,435 [pool-516-thread-1] INFO  server.RaftServer$Division (ServerState.java:setRaftConf(393)) - omNode-3@group-523986131536: set configuration 59: [omNode-3|rpc:localhost:36149|admin:|client:|dataStream:|priority:0, omNode-1|rpc:localhost:46857|admin:|client:|dataStream:|priority:0, omNode-2|rpc:localhost:34021|admin:|client:|dataStream:|priority:0], old=null
2022-10-18 06:31:18,436 [pool-516-thread-1] INFO  segmented.LogSegment (LogSegment.java:loadSegment(173)) - Successfully read 86 entries from segment file /home/runner/work/ozone/ozone/hadoop-ozone/integration-test/target/test-dir/MiniOzoneClusterImpl-489ebd61-a341-4d14-a135-ade311a26152/omNode-3/ratis/c9bc4cf4-3bc3-3c60-a66b-523986131536/current/log_59-144
2022-10-18 06:31:18,436 [pool-516-thread-1] INFO  server.RaftServer$Division (ServerState.java:setRaftConf(393)) - omNode-3@group-523986131536: set configuration 145: [omNode-3|rpc:localhost:36149|admin:|client:|dataStream:|priority:0, omNode-1|rpc:localhost:46857|admin:|client:|dataStream:|priority:0, omNode-2|rpc:localhost:34021|admin:|client:|dataStream:|priority:0], old=null
2022-10-18 06:31:18,436 [pool-516-thread-1] INFO  segmented.LogSegment (LogSegment.java:loadSegment(173)) - Successfully read 1 entries from segment file /home/runner/work/ozone/ozone/hadoop-ozone/integration-test/target/test-dir/MiniOzoneClusterImpl-489ebd61-a341-4d14-a135-ade311a26152/omNode-3/ratis/c9bc4cf4-3bc3-3c60-a66b-523986131536/current/log_inprogress_145
2022-10-18 06:31:18,437 [pool-516-thread-1] INFO  segmented.SegmentedRaftLogWorker (SegmentedRaftLogWorker.java:lambda$new$0(135)) - omNode-3@group-523986131536-SegmentedRaftLogWorker: flushIndex: setUnconditionally 0 -> 145
2022-10-18 06:31:18,437 [pool-516-thread-1] INFO  segmented.SegmentedRaftLogWorker (SegmentedRaftLogWorker.java:lambda$new$0(135)) - omNode-3@group-523986131536-SegmentedRaftLogWorker: safeCacheEvictIndex: setUnconditionally 0 -> 144
2022-10-18 06:31:18,440 [pool-516-thread-1] INFO  raftlog.RaftLog (RaftLogBase.java:lambda$new$0(53)) - omNode-3@group-523986131536-SegmentedRaftLog: commitIndex: updateToMax old=144, new=143, updated? false
2022-10-18 06:31:18,440 [pool-516-thread-1] INFO  raftlog.RaftLog (RaftLogBase.java:lambda$new$0(53)) - omNode-3@group-523986131536-SegmentedRaftLog: purgeIndex: updateIncreasingly -1 -> 58
2022-10-18 06:31:18,441 [pool-516-thread-1] INFO  server.RaftServerConfigKeys (ConfUtils.java:logGet(46)) - raft.server.snapshot.auto.trigger.enabled = true (custom)
2022-10-18 06:31:18,441 [pool-516-thread-1] INFO  server.RaftServerConfigKeys (ConfUtils.java:logGet(46)) - raft.server.snapshot.auto.trigger.threshold = 50 (custom)
2022-10-18 06:31:18,441 [pool-516-thread-1] INFO  server.RaftServerConfigKeys (ConfUtils.java:logGet(46)) - raft.server.snapshot.retention.file.num = -1 (default)
2022-10-18 06:31:18,441 [pool-516-thread-1] INFO  server.RaftServerConfigKeys (ConfUtils.java:logGet(46)) - raft.server.log.purge.upto.snapshot.index = true (custom)
2022-10-18 06:31:18,441 [pool-516-thread-1] INFO  server.RaftServerConfigKeys (ConfUtils.java:logGet(46)) - raft.server.retrycache.expirytime = 30000ms (custom)
2022-10-18 06:31:18,441 [pool-516-thread-1] INFO  server.RaftServerConfigKeys (ConfUtils.java:logGet(46)) - raft.server.retrycache.statistics.expirytime = 100μs (default)
2022-10-18 06:31:18,442 [pool-516-thread-1] INFO  server.RaftServerConfigKeys (ConfUtils.java:logGet(46)) - raft.server.log.appender.install.snapshot.enabled = false (custom)
2022-10-18 06:31:18,442 [pool-516-thread-1] INFO  server.RaftServerConfigKeys (ConfUtils.java:logGet(46)) - raft.server.threadpool.server.cached = true (default)
2022-10-18 06:31:18,442 [pool-516-thread-1] INFO  server.RaftServerConfigKeys (ConfUtils.java:logGet(46)) - raft.server.threadpool.server.size = 0 (default)
2022-10-18 06:31:18,442 [pool-516-thread-1] INFO  server.RaftServerConfigKeys (ConfUtils.java:logGet(46)) - raft.server.threadpool.client.cached = true (default)
2022-10-18 06:31:18,442 [pool-516-thread-1] INFO  server.RaftServerConfigKeys (ConfUtils.java:logGet(46)) - raft.server.threadpool.client.size = 0 (default)
2022-10-18 06:31:18,443 [omNode-3-impl-thread1] INFO  server.RaftServer$Division (RaftServerImpl.java:start(310)) - omNode-3@group-523986131536: start as a follower, conf=145: [omNode-3|rpc:localhost:36149|admin:|client:|dataStream:|priority:0, omNode-1|rpc:localhost:46857|admin:|client:|dataStream:|priority:0, omNode-2|rpc:localhost:34021|admin:|client:|dataStream:|priority:0], old=null
2022-10-18 06:31:18,443 [omNode-3-impl-thread1] INFO  server.RaftServer$Division (RaftServerImpl.java:setRole(299)) - omNode-3@group-523986131536: changes role from      null to FOLLOWER at term 12 for startAsFollower
2022-10-18 06:31:18,443 [omNode-3-impl-thread1] INFO  impl.RoleInfo (RoleInfo.java:updateAndGet(139)) - omNode-3: start omNode-3@group-523986131536-FollowerState
2022-10-18 06:31:18,449 [omNode-3-impl-thread1] INFO  util.JmxRegister (JmxRegister.java:tryRegister(44)) - Successfully registered JMX Bean with object name Ratis:service=RaftServer,group=group-523986131536,id=omNode-3
2022-10-18 06:31:18,450 [Listener at localhost/39045] INFO  server.RaftServer (RaftServerProxy.java:lambda$start$6(382)) - omNode-3: start RPC server
2022-10-18 06:31:18,452 [Listener at localhost/39045] INFO  server.GrpcService (GrpcService.java:startImpl(260)) - omNode-3: GrpcService started, listening on 36149
2022-10-18 06:31:18,452 [Listener at localhost/39045] INFO  om.OzoneManager (OzoneManager.java:getRpcServer(1101)) - Creating RPC Server
2022-10-18 06:31:18,454 [org.apache.ratis.util.JvmPauseMonitor$$Lambda$703/523629281@55b45415] INFO  util.JvmPauseMonitor (JvmPauseMonitor.java:run(103)) - JvmPauseMonitor-omNode-3: Started
2022-10-18 06:31:18,846 [Listener at localhost/39045] INFO  reflections.Reflections (Reflections.java:scan(232)) - Reflections took 391 ms to scan 19 urls, producing 67 keys and 4238 values [using 2 cores]
2022-10-18 06:31:18,847 [Listener at localhost/39045] INFO  ipc.CallQueueManager (CallQueueManager.java:<init>(90)) - Using callQueue: class java.util.concurrent.LinkedBlockingQueue, queueCapacity: 2000, scheduler: class org.apache.hadoop.ipc.DefaultRpcScheduler, ipcBackoff: false.
2022-10-18 06:31:18,848 [Socket Reader #1 for port 45465] INFO  ipc.Server (Server.java:run(1273)) - Starting Socket Reader #1 for port 45465
2022-10-18 06:31:18,851 [Listener at localhost/45465] INFO  http.BaseHttpServer (BaseHttpServer.java:newHttpServer2BuilderForOzone(213)) - Starting Web-server for ozoneManager at: http://0.0.0.0:45739
2022-10-18 06:31:18,851 [Listener at localhost/45465] INFO  http.BaseHttpServer (BaseHttpServer.java:<init>(108)) - Hadoop Security Enabled: false Ozone Security Enabled: false Ozone HTTP Security Enabled: false 
2022-10-18 06:31:18,853 [Listener at localhost/45465] WARN  server.AuthenticationFilter (AuthenticationFilter.java:constructSecretProvider(240)) - Unable to initialize FileSignerSecretProvider, falling back to use random secrets. Reason: Could not read signature secret file: /home/runner/hadoop-http-auth-signature-secret
2022-10-18 06:31:18,853 [Listener at localhost/45465] WARN  http.HttpRequestLog (HttpRequestLog.java:getRequestLog(103)) - Jetty request log can only be enabled using Log4j
2022-10-18 06:31:18,855 [Listener at localhost/45465] INFO  http.HttpServer2 (HttpServer2.java:addGlobalFilter(1031)) - Added global filter 'safety' (class=org.apache.hadoop.hdds.server.http.HttpServer2$QuotingInputFilter)
2022-10-18 06:31:18,855 [Listener at localhost/45465] INFO  http.HttpServer2 (HttpServer2.java:addFilter(1007)) - Added filter static_user_filter (class=org.apache.hadoop.http.lib.StaticUserWebFilter$StaticUserFilter) to context ozoneManager
2022-10-18 06:31:18,855 [Listener at localhost/45465] INFO  http.HttpServer2 (HttpServer2.java:addFilter(1015)) - Added filter static_user_filter (class=org.apache.hadoop.http.lib.StaticUserWebFilter$StaticUserFilter) to context logs
2022-10-18 06:31:18,856 [Listener at localhost/45465] INFO  http.HttpServer2 (HttpServer2.java:addFilter(1015)) - Added filter static_user_filter (class=org.apache.hadoop.http.lib.StaticUserWebFilter$StaticUserFilter) to context static
2022-10-18 06:31:18,856 [Listener at localhost/45465] INFO  http.HttpServer2 (HttpServer2.java:bindListener(1250)) - Jetty bound to port 45739
2022-10-18 06:31:18,856 [Listener at localhost/45465] INFO  server.Server (Server.java:doStart(375)) - jetty-9.4.43.v20210629; built: 2021-06-30T11:07:22.254Z; git: 526006ecfa3af7f1a27ef3a288e2bef7ea9dd7e8; jvm 1.8.0_345-b01
2022-10-18 06:31:18,862 [Listener at localhost/45465] INFO  server.session (DefaultSessionIdManager.java:doStart(334)) - DefaultSessionIdManager workerName=node0
2022-10-18 06:31:18,862 [Listener at localhost/45465] INFO  server.session (DefaultSessionIdManager.java:doStart(339)) - No SessionScavenger set, using defaults
2022-10-18 06:31:18,862 [Listener at localhost/45465] INFO  server.session (HouseKeeper.java:startScavenging(132)) - node0 Scavenging every 660000ms
2022-10-18 06:31:18,863 [Listener at localhost/45465] INFO  handler.ContextHandler (ContextHandler.java:doStart(915)) - Started o.e.j.s.ServletContextHandler@4a00533a{logs,/logs,file:///home/runner/work/ozone/ozone/hadoop-ozone/integration-test/target/log,AVAILABLE}
2022-10-18 06:31:18,863 [Listener at localhost/45465] INFO  handler.ContextHandler (ContextHandler.java:doStart(915)) - Started o.e.j.s.ServletContextHandler@12c1371e{static,/static,file:///home/runner/work/ozone/ozone/hadoop-ozone/integration-test/target/test-classes/webapps/static,AVAILABLE}
2022-10-18 06:31:18,866 [Listener at localhost/45465] INFO  handler.ContextHandler (ContextHandler.java:doStart(915)) - Started o.e.j.w.WebAppContext@18c6e3ac{ozoneManager,/,file:///home/runner/work/ozone/ozone/hadoop-ozone/integration-test/target/test-classes/webapps/ozoneManager/,AVAILABLE}{file:/home/runner/work/ozone/ozone/hadoop-ozone/integration-test/target/test-classes/webapps/ozoneManager}
2022-10-18 06:31:18,874 [Listener at localhost/45465] INFO  server.AbstractConnector (AbstractConnector.java:doStart(331)) - Started ServerConnector@3b688205{HTTP/1.1, (http/1.1)}{0.0.0.0:45739}
2022-10-18 06:31:18,875 [Listener at localhost/45465] INFO  server.Server (Server.java:doStart(415)) - Started @71058ms
2022-10-18 06:31:18,875 [Listener at localhost/45465] WARN  impl.MetricsSystemImpl (MetricsSystemImpl.java:register(279)) - Sink prometheus already exists!
2022-10-18 06:31:18,875 [Listener at localhost/45465] INFO  http.BaseHttpServer (BaseHttpServer.java:updateConnectorAddress(333)) - HTTP server of ozoneManager listening at http://0.0.0.0:45739
2022-10-18 06:31:18,876 [IPC Server Responder] INFO  ipc.Server (Server.java:run(1512)) - IPC Server Responder: starting
2022-10-18 06:31:18,876 [IPC Server listener on 45465] INFO  ipc.Server (Server.java:run(1352)) - IPC Server listener on 45465: starting
2022-10-18 06:31:18,883 [Listener at localhost/45465] INFO  om.OzoneManager (OzoneManager.java:startTrashEmptier(1919)) - Trash Interval set to 0. Files deleted won't move to trash
2022-10-18 06:31:18,884 [Listener at localhost/45465] INFO  om.OzoneManager (OzoneManager.java:stop(2034)) - omNode-1[localhost:33523]: Stopping Ozone Manager
2022-10-18 06:31:18,884 [Listener at localhost/45465] INFO  om.OzoneManager (OzoneManager.java:restart(1571)) - OzoneManager RPC server is listening at localhost/127.0.0.1:33523
2022-10-18 06:31:18,885 [Listener at localhost/45465] INFO  impl.MetricsSystemImpl (MetricsSystemImpl.java:init(158)) - OzoneManager metrics system started (again)
2022-10-18 06:31:18,894 [org.apache.hadoop.util.JvmPauseMonitor$Monitor@7c83eff1] INFO  util.JvmPauseMonitor (JvmPauseMonitor.java:run(188)) - Starting JVM pause monitor
2022-10-18 06:31:18,897 [Listener at localhost/45465] WARN  server.ServerUtils (ServerUtils.java:getDBPath(225)) - ozone.om.db.dirs is not configured. We recommend adding this setting. Falling back to ozone.metadata.dirs instead.
2022-10-18 06:31:18,897 [Listener at localhost/45465] INFO  codec.OmKeyInfoCodec (OmKeyInfoCodec.java:<init>(49)) - OmKeyInfoCodec ignorePipeline = true
2022-10-18 06:31:18,897 [Listener at localhost/45465] INFO  codec.RepeatedOmKeyInfoCodec (RepeatedOmKeyInfoCodec.java:<init>(41)) - RepeatedOmKeyInfoCodec ignorePipeline = true
2022-10-18 06:31:18,930 [Listener at localhost/45465] INFO  om.OzoneManager (OzoneManager.java:instantiateServices(712)) - S3 Multi-Tenancy is disabled
2022-10-18 06:31:18,931 [Listener at localhost/45465] WARN  impl.MetricRegistriesImpl (MetricRegistriesImpl.java:addReporterRegistration(111)) - New reporters are added after registries were created. Some metrics will be missing from the reporter. Please add reporter before adding any new registry.
2022-10-18 06:31:18,931 [Listener at localhost/45465] WARN  impl.MetricRegistriesImpl (MetricRegistriesImpl.java:addReporterRegistration(111)) - New reporters are added after registries were created. Some metrics will be missing from the reporter. Please add reporter before adding any new registry.
2022-10-18 06:31:18,931 [Listener at localhost/45465] WARN  server.ServerUtils (ServerUtils.java:getDefaultRatisDirectory(237)) - Storage directory for Ratis is not configured. It is a good idea to map this to an SSD disk. Falling back to ozone.metadata.dirs
2022-10-18 06:31:18,932 [Listener at localhost/45465] INFO  ratis.OzoneManagerRatisServer (OzoneManagerRatisServer.java:<init>(160)) - Instantiating OM Ratis server with groupID: om-service-test1 and peers: localhost:46857, localhost:36149, localhost:34021
2022-10-18 06:31:18,933 [Listener at localhost/45465] INFO  ratis.OzoneManagerStateMachine (OzoneManagerStateMachine.java:loadSnapshotInfoFromDB(632)) - LastAppliedIndex is set from TransactionInfo from OM DB as (t:5, i:143)
2022-10-18 06:31:18,933 [Listener at localhost/45465] INFO  server.RaftServer (ConfUtils.java:logGet(46)) - raft.rpc.type = GRPC (default)
2022-10-18 06:31:18,933 [Listener at localhost/45465] INFO  grpc.GrpcFactory (GrpcFactory.java:checkPooledByteBufAllocatorUseCacheForAllThreads(48)) - PERFORMANCE WARNING: useCacheForAllThreads is true that may cause Netty to create a lot garbage objects and, as a result, trigger GC.
	It is recommended to disable useCacheForAllThreads by setting -Dorg.apache.ratis.thirdparty.io.netty.allocator.useCacheForAllThreads=false in command line.
2022-10-18 06:31:18,933 [Listener at localhost/45465] INFO  grpc.GrpcConfigKeys (ConfUtils.java:logGet(46)) - raft.grpc.admin.port = -1 (default)
2022-10-18 06:31:18,933 [Listener at localhost/45465] INFO  grpc.GrpcConfigKeys (ConfUtils.java:logGet(46)) - raft.grpc.server.port = 46857 (custom)
2022-10-18 06:31:18,934 [Listener at localhost/45465] INFO  grpc.GrpcConfigKeys (ConfUtils.java:logGet(46)) - raft.grpc.client.port = -1 (default)
2022-10-18 06:31:18,934 [Listener at localhost/45465] INFO  grpc.GrpcConfigKeys (ConfUtils.java:logGet(46)) - raft.grpc.server.port = 46857 (custom)
2022-10-18 06:31:18,934 [Listener at localhost/45465] INFO  grpc.GrpcConfigKeys (ConfUtils.java:logGet(46)) - raft.grpc.server.port = 46857 (custom)
2022-10-18 06:31:18,934 [Listener at localhost/45465] INFO  server.GrpcService (ConfUtils.java:logGet(46)) - raft.grpc.message.size.max = 33554432 (custom)
2022-10-18 06:31:18,934 [Listener at localhost/45465] INFO  server.RaftServerConfigKeys (ConfUtils.java:logGet(46)) - raft.server.log.appender.buffer.byte-limit = 33554432 (custom)
2022-10-18 06:31:18,934 [Listener at localhost/45465] INFO  server.GrpcService (ConfUtils.java:logGet(46)) - raft.grpc.flow.control.window = 1MB (=1048576) (default)
2022-10-18 06:31:18,934 [Listener at localhost/45465] INFO  server.RaftServerConfigKeys (ConfUtils.java:logGet(46)) - raft.server.rpc.request.timeout = 3000ms (default)
2022-10-18 06:31:18,934 [Listener at localhost/45465] INFO  grpc.GrpcConfigKeys (ConfUtils.java:logGet(46)) - raft.grpc.server.async.request.thread.pool.cached = true (default)
2022-10-18 06:31:18,935 [Listener at localhost/45465] INFO  grpc.GrpcConfigKeys (ConfUtils.java:logGet(46)) - raft.grpc.server.async.request.thread.pool.size = 32 (default)
2022-10-18 06:31:18,936 [Listener at localhost/45465] INFO  impl.DataStreamServerImpl (ConfUtils.java:logGet(46)) - raft.datastream.type = DISABLED (default)
2022-10-18 06:31:18,936 [Listener at localhost/45465] INFO  server.RaftServerConfigKeys (ConfUtils.java:logGet(46)) - raft.server.threadpool.proxy.cached = true (default)
2022-10-18 06:31:18,936 [Listener at localhost/45465] INFO  server.RaftServerConfigKeys (ConfUtils.java:logGet(46)) - raft.server.threadpool.proxy.size = 0 (default)
2022-10-18 06:31:18,936 [Listener at localhost/45465] INFO  server.RaftServerConfigKeys (ConfUtils.java:logGet(46)) - raft.server.rpc.slowness.timeout = 2s (custom)
2022-10-18 06:31:18,936 [Listener at localhost/45465] INFO  server.RaftServerConfigKeys (ConfUtils.java:logGet(46)) - raft.server.leaderelection.leader.step-down.wait-time = 10s (default)
2022-10-18 06:31:18,937 [Listener at localhost/45465] INFO  server.RaftServerConfigKeys (ConfUtils.java:logGet(46)) - raft.server.storage.dir = [/home/runner/work/ozone/ozone/hadoop-ozone/integration-test/target/test-dir/MiniOzoneClusterImpl-489ebd61-a341-4d14-a135-ade311a26152/omNode-1/ratis] (custom)
2022-10-18 06:31:18,937 [omNode-1-impl-thread1] INFO  server.RaftServer (RaftServerProxy.java:initGroupDir(247)) - omNode-1: found a subdirectory /home/runner/work/ozone/ozone/hadoop-ozone/integration-test/target/test-dir/MiniOzoneClusterImpl-489ebd61-a341-4d14-a135-ade311a26152/omNode-1/ratis/c9bc4cf4-3bc3-3c60-a66b-523986131536
2022-10-18 06:31:18,937 [Listener at localhost/45465] INFO  server.RaftServer (RaftServerProxy.java:addNew(96)) - omNode-1: addNew group-523986131536:[omNode-3|rpc:localhost:36149|priority:0, omNode-1|rpc:localhost:46857|priority:0, omNode-2|rpc:localhost:34021|priority:0] returns group-523986131536:java.util.concurrent.CompletableFuture@12dda1b8[Not completed]
2022-10-18 06:31:18,937 [pool-540-thread-1] INFO  server.RaftServer$Division (RaftServerImpl.java:<init>(190)) - omNode-1: new RaftServerImpl for group-523986131536:[omNode-3|rpc:localhost:36149|priority:0, omNode-1|rpc:localhost:46857|priority:0, omNode-2|rpc:localhost:34021|priority:0] with OzoneManagerStateMachine:uninitialized
2022-10-18 06:31:18,937 [Listener at localhost/45465] INFO  om.OzoneManager (OzoneManager.java:initializeRatisServer(1975)) - OzoneManager Ratis server initialized at port 46857
2022-10-18 06:31:18,937 [pool-540-thread-1] INFO  server.RaftServerConfigKeys (ConfUtils.java:logGet(46)) - raft.server.rpc.timeout.min = 1s (custom)
2022-10-18 06:31:18,938 [Listener at localhost/45465] INFO  ratis.OzoneManagerRatisServer (OzoneManagerRatisServer.java:start(555)) - Starting OzoneManagerRatisServer omNode-1 at port 46857
2022-10-18 06:31:18,938 [pool-540-thread-1] INFO  server.RaftServerConfigKeys (ConfUtils.java:logGet(46)) - raft.server.rpc.timeout.max = 1200ms (custom)
2022-10-18 06:31:18,938 [pool-540-thread-1] INFO  server.RaftServerConfigKeys (ConfUtils.java:logGet(46)) - raft.server.rpc.sleep.time = 25ms (default)
2022-10-18 06:31:18,938 [pool-540-thread-1] INFO  server.RaftServerConfigKeys (ConfUtils.java:logGet(46)) - raft.server.rpc.slowness.timeout = 2s (custom)
2022-10-18 06:31:18,938 [pool-540-thread-1] INFO  server.RaftServerConfigKeys (ConfUtils.java:logGet(46)) - raft.server.leaderelection.leader.step-down.wait-time = 10s (default)
2022-10-18 06:31:18,938 [pool-540-thread-1] INFO  server.RaftServerConfigKeys (ConfUtils.java:logGet(46)) - raft.server.sleep.deviation.threshold = 300ms (default)
2022-10-18 06:31:18,938 [pool-540-thread-1] INFO  server.RaftServer$Division (ServerState.java:<init>(107)) - omNode-1@group-523986131536: ConfigurationManager, init=-1: [omNode-3|rpc:localhost:36149|priority:0, omNode-1|rpc:localhost:46857|priority:0, omNode-2|rpc:localhost:34021|priority:0], old=null, confs=<EMPTY_MAP>
2022-10-18 06:31:18,938 [pool-540-thread-1] INFO  server.RaftServerConfigKeys (ConfUtils.java:logGet(46)) - raft.server.storage.dir = [/home/runner/work/ozone/ozone/hadoop-ozone/integration-test/target/test-dir/MiniOzoneClusterImpl-489ebd61-a341-4d14-a135-ade311a26152/omNode-1/ratis] (custom)
2022-10-18 06:31:18,938 [pool-540-thread-1] INFO  server.RaftServerConfigKeys (ConfUtils.java:logGet(46)) - raft.server.log.corruption.policy = EXCEPTION (default)
2022-10-18 06:31:18,938 [pool-540-thread-1] INFO  server.RaftServerConfigKeys (ConfUtils.java:logGet(46)) - raft.server.storage.free-space.min = 0MB (=0) (default)
2022-10-18 06:31:18,939 [pool-540-thread-1] INFO  storage.RaftStorageDirectory (RaftStorageDirectoryImpl.java:tryLock(230)) - Lock on /home/runner/work/ozone/ozone/hadoop-ozone/integration-test/target/test-dir/MiniOzoneClusterImpl-489ebd61-a341-4d14-a135-ade311a26152/omNode-1/ratis/c9bc4cf4-3bc3-3c60-a66b-523986131536/in_use.lock acquired by nodename 30337@fv-az241-838
2022-10-18 06:31:18,939 [pool-540-thread-1] INFO  storage.RaftStorage (RaftStorageImpl.java:analyzeAndRecoverStorage(110)) - Read RaftStorageMetadata{term=8, votedFor=} from /home/runner/work/ozone/ozone/hadoop-ozone/integration-test/target/test-dir/MiniOzoneClusterImpl-489ebd61-a341-4d14-a135-ade311a26152/omNode-1/ratis/c9bc4cf4-3bc3-3c60-a66b-523986131536/current/raft-meta
2022-10-18 06:31:18,940 [pool-540-thread-1] INFO  server.RaftServer$Division (ServerState.java:setRaftConf(393)) - omNode-1@group-523986131536: set configuration 59: [omNode-3|rpc:localhost:36149|admin:|client:|dataStream:|priority:0, omNode-1|rpc:localhost:46857|admin:|client:|dataStream:|priority:0, omNode-2|rpc:localhost:34021|admin:|client:|dataStream:|priority:0], old=null
2022-10-18 06:31:18,940 [pool-540-thread-1] INFO  server.RaftServerConfigKeys (ConfUtils.java:logGet(46)) - raft.server.notification.no-leader.timeout = 2s (custom)
2022-10-18 06:31:18,940 [pool-540-thread-1] INFO  server.RaftServerConfigKeys (ConfUtils.java:logGet(46)) - raft.server.log.use.memory = false (default)
2022-10-18 06:31:18,940 [pool-540-thread-1] INFO  server.RaftServerConfigKeys (ConfUtils.java:logGet(46)) - raft.server.log.purge.gap = 50 (custom)
2022-10-18 06:31:18,940 [pool-540-thread-1] INFO  server.RaftServerConfigKeys (ConfUtils.java:logGet(46)) - raft.server.log.appender.buffer.byte-limit = 33554432 (custom)
2022-10-18 06:31:18,940 [pool-540-thread-1] INFO  server.RaftServerConfigKeys (ConfUtils.java:logGet(46)) - raft.server.log.statemachine.data.read.timeout = 1000ms (default)
2022-10-18 06:31:18,940 [pool-540-thread-1] INFO  server.RaftServerConfigKeys (ConfUtils.java:logGet(46)) - raft.server.log.segment.size.max = 4194304 (custom)
2022-10-18 06:31:18,941 [pool-540-thread-1] INFO  server.RaftServerConfigKeys (ConfUtils.java:logGet(46)) - raft.server.log.segment.cache.num.max = 2 (custom)
2022-10-18 06:31:18,941 [pool-540-thread-1] INFO  server.RaftServerConfigKeys (ConfUtils.java:logGet(46)) - raft.server.log.segment.cache.size.max = 200MB (=209715200) (default)
2022-10-18 06:31:18,941 [pool-540-thread-1] INFO  segmented.SegmentedRaftLogWorker (SegmentedRaftLogWorker.java:<init>(187)) - new omNode-1@group-523986131536-SegmentedRaftLogWorker for RaftStorageImpl:Storage Directory /home/runner/work/ozone/ozone/hadoop-ozone/integration-test/target/test-dir/MiniOzoneClusterImpl-489ebd61-a341-4d14-a135-ade311a26152/omNode-1/ratis/c9bc4cf4-3bc3-3c60-a66b-523986131536
2022-10-18 06:31:18,941 [pool-540-thread-1] INFO  server.RaftServerConfigKeys (ConfUtils.java:logGet(46)) - raft.server.log.queue.byte-limit = 64MB (=67108864) (default)
2022-10-18 06:31:18,941 [pool-540-thread-1] INFO  server.RaftServerConfigKeys (ConfUtils.java:logGet(46)) - raft.server.log.queue.element-limit = 4096 (default)
2022-10-18 06:31:18,941 [pool-540-thread-1] INFO  server.RaftServerConfigKeys (ConfUtils.java:logGet(46)) - raft.server.log.segment.size.max = 4194304 (custom)
2022-10-18 06:31:18,941 [pool-540-thread-1] INFO  server.RaftServerConfigKeys (ConfUtils.java:logGet(46)) - raft.server.log.preallocated.size = 4194304 (custom)
2022-10-18 06:31:18,941 [pool-540-thread-1] INFO  server.RaftServerConfigKeys (ConfUtils.java:logGet(46)) - raft.server.log.force.sync.num = 128 (default)
2022-10-18 06:31:18,941 [pool-540-thread-1] INFO  server.RaftServerConfigKeys (ConfUtils.java:logGet(46)) - raft.server.log.statemachine.data.sync = true (default)
2022-10-18 06:31:18,941 [pool-540-thread-1] INFO  server.RaftServerConfigKeys (ConfUtils.java:logGet(46)) - raft.server.log.statemachine.data.sync.timeout = 10s (default)
2022-10-18 06:31:18,941 [pool-540-thread-1] INFO  server.RaftServerConfigKeys (ConfUtils.java:logGet(46)) - raft.server.log.statemachine.data.sync.timeout.retry = -1 (default)
2022-10-18 06:31:18,942 [pool-540-thread-1] INFO  server.RaftServerConfigKeys (ConfUtils.java:logGet(46)) - raft.server.log.write.buffer.size = 64KB (=65536) (default)
2022-10-18 06:31:18,942 [pool-540-thread-1] INFO  server.RaftServerConfigKeys (ConfUtils.java:logGet(46)) - raft.server.log.unsafe-flush.enabled = false (default)
2022-10-18 06:31:18,942 [pool-540-thread-1] INFO  server.RaftServerConfigKeys (ConfUtils.java:logGet(46)) - raft.server.log.statemachine.data.caching.enabled = false (default)
2022-10-18 06:31:18,944 [pool-540-thread-1] INFO  server.RaftServer$Division (ServerState.java:setRaftConf(393)) - omNode-1@group-523986131536: set configuration 59: [omNode-3|rpc:localhost:36149|admin:|client:|dataStream:|priority:0, omNode-1|rpc:localhost:46857|admin:|client:|dataStream:|priority:0, omNode-2|rpc:localhost:34021|admin:|client:|dataStream:|priority:0], old=null
2022-10-18 06:31:18,945 [pool-540-thread-1] INFO  segmented.LogSegment (LogSegment.java:loadSegment(173)) - Successfully read 86 entries from segment file /home/runner/work/ozone/ozone/hadoop-ozone/integration-test/target/test-dir/MiniOzoneClusterImpl-489ebd61-a341-4d14-a135-ade311a26152/omNode-1/ratis/c9bc4cf4-3bc3-3c60-a66b-523986131536/current/log_59-144
2022-10-18 06:31:18,946 [pool-540-thread-1] INFO  server.RaftServer$Division (ServerState.java:setRaftConf(393)) - omNode-1@group-523986131536: set configuration 145: [omNode-3|rpc:localhost:36149|admin:|client:|dataStream:|priority:0, omNode-1|rpc:localhost:46857|admin:|client:|dataStream:|priority:0, omNode-2|rpc:localhost:34021|admin:|client:|dataStream:|priority:0], old=null
2022-10-18 06:31:18,946 [pool-540-thread-1] INFO  segmented.LogSegment (LogSegment.java:loadSegment(173)) - Successfully read 1 entries from segment file /home/runner/work/ozone/ozone/hadoop-ozone/integration-test/target/test-dir/MiniOzoneClusterImpl-489ebd61-a341-4d14-a135-ade311a26152/omNode-1/ratis/c9bc4cf4-3bc3-3c60-a66b-523986131536/current/log_inprogress_145
2022-10-18 06:31:18,946 [pool-540-thread-1] INFO  segmented.SegmentedRaftLogWorker (SegmentedRaftLogWorker.java:lambda$new$0(135)) - omNode-1@group-523986131536-SegmentedRaftLogWorker: flushIndex: setUnconditionally 0 -> 145
2022-10-18 06:31:18,946 [pool-540-thread-1] INFO  segmented.SegmentedRaftLogWorker (SegmentedRaftLogWorker.java:lambda$new$0(135)) - omNode-1@group-523986131536-SegmentedRaftLogWorker: safeCacheEvictIndex: setUnconditionally 0 -> 143
2022-10-18 06:31:18,946 [pool-540-thread-1] INFO  raftlog.RaftLog (RaftLogBase.java:lambda$new$0(53)) - omNode-1@group-523986131536-SegmentedRaftLog: commitIndex: updateToMax old=143, new=143, updated? false
2022-10-18 06:31:18,946 [pool-540-thread-1] INFO  raftlog.RaftLog (RaftLogBase.java:lambda$new$0(53)) - omNode-1@group-523986131536-SegmentedRaftLog: purgeIndex: updateIncreasingly -1 -> 58
2022-10-18 06:31:18,946 [pool-540-thread-1] INFO  server.RaftServerConfigKeys (ConfUtils.java:logGet(46)) - raft.server.snapshot.auto.trigger.enabled = true (custom)
2022-10-18 06:31:18,946 [pool-540-thread-1] INFO  server.RaftServerConfigKeys (ConfUtils.java:logGet(46)) - raft.server.snapshot.auto.trigger.threshold = 50 (custom)
2022-10-18 06:31:18,946 [pool-540-thread-1] INFO  server.RaftServerConfigKeys (ConfUtils.java:logGet(46)) - raft.server.snapshot.retention.file.num = -1 (default)
2022-10-18 06:31:18,946 [pool-540-thread-1] INFO  server.RaftServerConfigKeys (ConfUtils.java:logGet(46)) - raft.server.log.purge.upto.snapshot.index = true (custom)
2022-10-18 06:31:18,946 [pool-540-thread-1] INFO  server.RaftServerConfigKeys (ConfUtils.java:logGet(46)) - raft.server.retrycache.expirytime = 30000ms (custom)
2022-10-18 06:31:18,946 [pool-540-thread-1] INFO  server.RaftServerConfigKeys (ConfUtils.java:logGet(46)) - raft.server.retrycache.statistics.expirytime = 100μs (default)
2022-10-18 06:31:18,947 [pool-540-thread-1] INFO  server.RaftServerConfigKeys (ConfUtils.java:logGet(46)) - raft.server.log.appender.install.snapshot.enabled = false (custom)
2022-10-18 06:31:18,947 [pool-540-thread-1] INFO  server.RaftServerConfigKeys (ConfUtils.java:logGet(46)) - raft.server.threadpool.server.cached = true (default)
2022-10-18 06:31:18,947 [pool-540-thread-1] INFO  server.RaftServerConfigKeys (ConfUtils.java:logGet(46)) - raft.server.threadpool.server.size = 0 (default)
2022-10-18 06:31:18,947 [pool-540-thread-1] INFO  server.RaftServerConfigKeys (ConfUtils.java:logGet(46)) - raft.server.threadpool.client.cached = true (default)
2022-10-18 06:31:18,947 [pool-540-thread-1] INFO  server.RaftServerConfigKeys (ConfUtils.java:logGet(46)) - raft.server.threadpool.client.size = 0 (default)
2022-10-18 06:31:18,948 [omNode-1-impl-thread1] INFO  server.RaftServer$Division (RaftServerImpl.java:start(310)) - omNode-1@group-523986131536: start as a follower, conf=145: [omNode-3|rpc:localhost:36149|admin:|client:|dataStream:|priority:0, omNode-1|rpc:localhost:46857|admin:|client:|dataStream:|priority:0, omNode-2|rpc:localhost:34021|admin:|client:|dataStream:|priority:0], old=null
2022-10-18 06:31:18,948 [omNode-1-impl-thread1] INFO  server.RaftServer$Division (RaftServerImpl.java:setRole(299)) - omNode-1@group-523986131536: changes role from      null to FOLLOWER at term 8 for startAsFollower
2022-10-18 06:31:18,948 [omNode-1-impl-thread1] INFO  impl.RoleInfo (RoleInfo.java:updateAndGet(139)) - omNode-1: start omNode-1@group-523986131536-FollowerState
2022-10-18 06:31:18,949 [omNode-1-impl-thread1] INFO  util.JmxRegister (JmxRegister.java:tryRegister(44)) - Successfully registered JMX Bean with object name Ratis:service=RaftServer,group=group-523986131536,id=omNode-1
2022-10-18 06:31:18,952 [Listener at localhost/45465] INFO  server.RaftServer (RaftServerProxy.java:lambda$start$6(382)) - omNode-1: start RPC server
2022-10-18 06:31:18,954 [Listener at localhost/45465] INFO  server.GrpcService (GrpcService.java:startImpl(260)) - omNode-1: GrpcService started, listening on 46857
2022-10-18 06:31:18,955 [Listener at localhost/45465] INFO  om.OzoneManager (OzoneManager.java:getRpcServer(1101)) - Creating RPC Server
2022-10-18 06:31:18,956 [org.apache.ratis.util.JvmPauseMonitor$$Lambda$703/523629281@26971d7c] INFO  util.JvmPauseMonitor (JvmPauseMonitor.java:run(103)) - JvmPauseMonitor-omNode-1: Started
2022-10-18 06:31:19,260 [Listener at localhost/45465] INFO  reflections.Reflections (Reflections.java:scan(232)) - Reflections took 304 ms to scan 19 urls, producing 67 keys and 4238 values [using 2 cores]
2022-10-18 06:31:19,261 [Listener at localhost/45465] INFO  ipc.CallQueueManager (CallQueueManager.java:<init>(90)) - Using callQueue: class java.util.concurrent.LinkedBlockingQueue, queueCapacity: 2000, scheduler: class org.apache.hadoop.ipc.DefaultRpcScheduler, ipcBackoff: false.
2022-10-18 06:31:19,262 [Socket Reader #1 for port 33523] INFO  ipc.Server (Server.java:run(1273)) - Starting Socket Reader #1 for port 33523
2022-10-18 06:31:19,264 [Listener at localhost/33523] INFO  http.BaseHttpServer (BaseHttpServer.java:newHttpServer2BuilderForOzone(213)) - Starting Web-server for ozoneManager at: http://0.0.0.0:34657
2022-10-18 06:31:19,264 [Listener at localhost/33523] INFO  http.BaseHttpServer (BaseHttpServer.java:<init>(108)) - Hadoop Security Enabled: false Ozone Security Enabled: false Ozone HTTP Security Enabled: false 
2022-10-18 06:31:19,266 [Listener at localhost/33523] WARN  server.AuthenticationFilter (AuthenticationFilter.java:constructSecretProvider(240)) - Unable to initialize FileSignerSecretProvider, falling back to use random secrets. Reason: Could not read signature secret file: /home/runner/hadoop-http-auth-signature-secret
2022-10-18 06:31:19,268 [Listener at localhost/33523] WARN  http.HttpRequestLog (HttpRequestLog.java:getRequestLog(103)) - Jetty request log can only be enabled using Log4j
2022-10-18 06:31:19,270 [Listener at localhost/33523] INFO  http.HttpServer2 (HttpServer2.java:addGlobalFilter(1031)) - Added global filter 'safety' (class=org.apache.hadoop.hdds.server.http.HttpServer2$QuotingInputFilter)
2022-10-18 06:31:19,270 [Listener at localhost/33523] INFO  http.HttpServer2 (HttpServer2.java:addFilter(1007)) - Added filter static_user_filter (class=org.apache.hadoop.http.lib.StaticUserWebFilter$StaticUserFilter) to context ozoneManager
2022-10-18 06:31:19,271 [Listener at localhost/33523] INFO  http.HttpServer2 (HttpServer2.java:addFilter(1015)) - Added filter static_user_filter (class=org.apache.hadoop.http.lib.StaticUserWebFilter$StaticUserFilter) to context logs
2022-10-18 06:31:19,271 [Listener at localhost/33523] INFO  http.HttpServer2 (HttpServer2.java:addFilter(1015)) - Added filter static_user_filter (class=org.apache.hadoop.http.lib.StaticUserWebFilter$StaticUserFilter) to context static
2022-10-18 06:31:19,271 [Listener at localhost/33523] INFO  http.HttpServer2 (HttpServer2.java:bindListener(1250)) - Jetty bound to port 34657
2022-10-18 06:31:19,271 [Listener at localhost/33523] INFO  server.Server (Server.java:doStart(375)) - jetty-9.4.43.v20210629; built: 2021-06-30T11:07:22.254Z; git: 526006ecfa3af7f1a27ef3a288e2bef7ea9dd7e8; jvm 1.8.0_345-b01
2022-10-18 06:31:19,275 [Listener at localhost/33523] INFO  server.session (DefaultSessionIdManager.java:doStart(334)) - DefaultSessionIdManager workerName=node0
2022-10-18 06:31:19,275 [Listener at localhost/33523] INFO  server.session (DefaultSessionIdManager.java:doStart(339)) - No SessionScavenger set, using defaults
2022-10-18 06:31:19,276 [Listener at localhost/33523] INFO  server.session (HouseKeeper.java:startScavenging(132)) - node0 Scavenging every 660000ms
2022-10-18 06:31:19,276 [Listener at localhost/33523] INFO  handler.ContextHandler (ContextHandler.java:doStart(915)) - Started o.e.j.s.ServletContextHandler@3769c728{logs,/logs,file:///home/runner/work/ozone/ozone/hadoop-ozone/integration-test/target/log,AVAILABLE}
2022-10-18 06:31:19,277 [Listener at localhost/33523] INFO  handler.ContextHandler (ContextHandler.java:doStart(915)) - Started o.e.j.s.ServletContextHandler@17f3d5e2{static,/static,file:///home/runner/work/ozone/ozone/hadoop-ozone/integration-test/target/test-classes/webapps/static,AVAILABLE}
2022-10-18 06:31:19,279 [Listener at localhost/33523] INFO  handler.ContextHandler (ContextHandler.java:doStart(915)) - Started o.e.j.w.WebAppContext@6a0f48e1{ozoneManager,/,file:///home/runner/work/ozone/ozone/hadoop-ozone/integration-test/target/test-classes/webapps/ozoneManager/,AVAILABLE}{file:/home/runner/work/ozone/ozone/hadoop-ozone/integration-test/target/test-classes/webapps/ozoneManager}
2022-10-18 06:31:19,281 [Listener at localhost/33523] INFO  server.AbstractConnector (AbstractConnector.java:doStart(331)) - Started ServerConnector@6f32f21e{HTTP/1.1, (http/1.1)}{0.0.0.0:34657}
2022-10-18 06:31:19,281 [Listener at localhost/33523] INFO  server.Server (Server.java:doStart(415)) - Started @71465ms
2022-10-18 06:31:19,281 [Listener at localhost/33523] WARN  impl.MetricsSystemImpl (MetricsSystemImpl.java:register(279)) - Sink prometheus already exists!
2022-10-18 06:31:19,282 [Listener at localhost/33523] INFO  http.BaseHttpServer (BaseHttpServer.java:updateConnectorAddress(333)) - HTTP server of ozoneManager listening at http://0.0.0.0:34657
2022-10-18 06:31:19,282 [IPC Server Responder] INFO  ipc.Server (Server.java:run(1512)) - IPC Server Responder: starting
2022-10-18 06:31:19,282 [IPC Server listener on 33523] INFO  ipc.Server (Server.java:run(1352)) - IPC Server listener on 33523: starting
2022-10-18 06:31:19,283 [Listener at localhost/33523] INFO  om.OzoneManager (OzoneManager.java:startTrashEmptier(1919)) - Trash Interval set to 0. Files deleted won't move to trash
2022-10-18 06:31:19,285 [Listener at localhost/33523] INFO  om.OzoneManager (OzoneManager.java:stop(2034)) - omNode-2[localhost:39045]: Stopping Ozone Manager
2022-10-18 06:31:19,285 [Listener at localhost/33523] INFO  om.OzoneManager (OzoneManager.java:restart(1571)) - OzoneManager RPC server is listening at localhost/127.0.0.1:39045
2022-10-18 06:31:19,285 [Listener at localhost/33523] INFO  impl.MetricsSystemImpl (MetricsSystemImpl.java:init(158)) - OzoneManager metrics system started (again)
2022-10-18 06:31:19,288 [org.apache.hadoop.util.JvmPauseMonitor$Monitor@257dc264] INFO  util.JvmPauseMonitor (JvmPauseMonitor.java:run(188)) - Starting JVM pause monitor
2022-10-18 06:31:19,297 [Listener at localhost/33523] WARN  server.ServerUtils (ServerUtils.java:getDBPath(225)) - ozone.om.db.dirs is not configured. We recommend adding this setting. Falling back to ozone.metadata.dirs instead.
2022-10-18 06:31:19,298 [Listener at localhost/33523] INFO  codec.OmKeyInfoCodec (OmKeyInfoCodec.java:<init>(49)) - OmKeyInfoCodec ignorePipeline = true
2022-10-18 06:31:19,298 [Listener at localhost/33523] INFO  codec.RepeatedOmKeyInfoCodec (RepeatedOmKeyInfoCodec.java:<init>(41)) - RepeatedOmKeyInfoCodec ignorePipeline = true
2022-10-18 06:31:19,324 [Listener at localhost/33523] INFO  om.OzoneManager (OzoneManager.java:instantiateServices(712)) - S3 Multi-Tenancy is disabled
2022-10-18 06:31:19,329 [Listener at localhost/33523] WARN  impl.MetricRegistriesImpl (MetricRegistriesImpl.java:addReporterRegistration(111)) - New reporters are added after registries were created. Some metrics will be missing from the reporter. Please add reporter before adding any new registry.
2022-10-18 06:31:19,329 [Listener at localhost/33523] WARN  impl.MetricRegistriesImpl (MetricRegistriesImpl.java:addReporterRegistration(111)) - New reporters are added after registries were created. Some metrics will be missing from the reporter. Please add reporter before adding any new registry.
2022-10-18 06:31:19,329 [Listener at localhost/33523] WARN  server.ServerUtils (ServerUtils.java:getDefaultRatisDirectory(237)) - Storage directory for Ratis is not configured. It is a good idea to map this to an SSD disk. Falling back to ozone.metadata.dirs
2022-10-18 06:31:19,330 [Listener at localhost/33523] INFO  ratis.OzoneManagerRatisServer (OzoneManagerRatisServer.java:<init>(160)) - Instantiating OM Ratis server with groupID: om-service-test1 and peers: localhost:34021, localhost:36149, localhost:46857
2022-10-18 06:31:19,331 [Listener at localhost/33523] INFO  ratis.OzoneManagerStateMachine (OzoneManagerStateMachine.java:loadSnapshotInfoFromDB(632)) - LastAppliedIndex is set from TransactionInfo from OM DB as (t:5, i:143)
2022-10-18 06:31:19,331 [Listener at localhost/33523] INFO  server.RaftServer (ConfUtils.java:logGet(46)) - raft.rpc.type = GRPC (default)
2022-10-18 06:31:19,331 [Listener at localhost/33523] INFO  grpc.GrpcFactory (GrpcFactory.java:checkPooledByteBufAllocatorUseCacheForAllThreads(48)) - PERFORMANCE WARNING: useCacheForAllThreads is true that may cause Netty to create a lot garbage objects and, as a result, trigger GC.
	It is recommended to disable useCacheForAllThreads by setting -Dorg.apache.ratis.thirdparty.io.netty.allocator.useCacheForAllThreads=false in command line.
2022-10-18 06:31:19,331 [Listener at localhost/33523] INFO  grpc.GrpcConfigKeys (ConfUtils.java:logGet(46)) - raft.grpc.admin.port = -1 (default)
2022-10-18 06:31:19,331 [Listener at localhost/33523] INFO  grpc.GrpcConfigKeys (ConfUtils.java:logGet(46)) - raft.grpc.server.port = 34021 (custom)
2022-10-18 06:31:19,331 [Listener at localhost/33523] INFO  grpc.GrpcConfigKeys (ConfUtils.java:logGet(46)) - raft.grpc.client.port = -1 (default)
2022-10-18 06:31:19,332 [Listener at localhost/33523] INFO  grpc.GrpcConfigKeys (ConfUtils.java:logGet(46)) - raft.grpc.server.port = 34021 (custom)
2022-10-18 06:31:19,332 [Listener at localhost/33523] INFO  grpc.GrpcConfigKeys (ConfUtils.java:logGet(46)) - raft.grpc.server.port = 34021 (custom)
2022-10-18 06:31:19,332 [Listener at localhost/33523] INFO  server.GrpcService (ConfUtils.java:logGet(46)) - raft.grpc.message.size.max = 33554432 (custom)
2022-10-18 06:31:19,332 [Listener at localhost/33523] INFO  server.RaftServerConfigKeys (ConfUtils.java:logGet(46)) - raft.server.log.appender.buffer.byte-limit = 33554432 (custom)
2022-10-18 06:31:19,332 [Listener at localhost/33523] INFO  server.GrpcService (ConfUtils.java:logGet(46)) - raft.grpc.flow.control.window = 1MB (=1048576) (default)
2022-10-18 06:31:19,332 [Listener at localhost/33523] INFO  server.RaftServerConfigKeys (ConfUtils.java:logGet(46)) - raft.server.rpc.request.timeout = 3000ms (default)
2022-10-18 06:31:19,332 [Listener at localhost/33523] INFO  grpc.GrpcConfigKeys (ConfUtils.java:logGet(46)) - raft.grpc.server.async.request.thread.pool.cached = true (default)
2022-10-18 06:31:19,332 [Listener at localhost/33523] INFO  grpc.GrpcConfigKeys (ConfUtils.java:logGet(46)) - raft.grpc.server.async.request.thread.pool.size = 32 (default)
2022-10-18 06:31:19,334 [Listener at localhost/33523] INFO  impl.DataStreamServerImpl (ConfUtils.java:logGet(46)) - raft.datastream.type = DISABLED (default)
2022-10-18 06:31:19,334 [Listener at localhost/33523] INFO  server.RaftServerConfigKeys (ConfUtils.java:logGet(46)) - raft.server.threadpool.proxy.cached = true (default)
2022-10-18 06:31:19,334 [Listener at localhost/33523] INFO  server.RaftServerConfigKeys (ConfUtils.java:logGet(46)) - raft.server.threadpool.proxy.size = 0 (default)
2022-10-18 06:31:19,334 [Listener at localhost/33523] INFO  server.RaftServerConfigKeys (ConfUtils.java:logGet(46)) - raft.server.rpc.slowness.timeout = 2s (custom)
2022-10-18 06:31:19,334 [Listener at localhost/33523] INFO  server.RaftServerConfigKeys (ConfUtils.java:logGet(46)) - raft.server.leaderelection.leader.step-down.wait-time = 10s (default)
2022-10-18 06:31:19,334 [Listener at localhost/33523] INFO  server.RaftServerConfigKeys (ConfUtils.java:logGet(46)) - raft.server.storage.dir = [/home/runner/work/ozone/ozone/hadoop-ozone/integration-test/target/test-dir/MiniOzoneClusterImpl-489ebd61-a341-4d14-a135-ade311a26152/omNode-2/ratis] (custom)
2022-10-18 06:31:19,335 [omNode-2-impl-thread1] INFO  server.RaftServer (RaftServerProxy.java:initGroupDir(247)) - omNode-2: found a subdirectory /home/runner/work/ozone/ozone/hadoop-ozone/integration-test/target/test-dir/MiniOzoneClusterImpl-489ebd61-a341-4d14-a135-ade311a26152/omNode-2/ratis/c9bc4cf4-3bc3-3c60-a66b-523986131536
2022-10-18 06:31:19,335 [Listener at localhost/33523] INFO  server.RaftServer (RaftServerProxy.java:addNew(96)) - omNode-2: addNew group-523986131536:[omNode-3|rpc:localhost:36149|priority:0, omNode-1|rpc:localhost:46857|priority:0, omNode-2|rpc:localhost:34021|priority:0] returns group-523986131536:java.util.concurrent.CompletableFuture@654a5635[Not completed]
2022-10-18 06:31:19,335 [Listener at localhost/33523] INFO  om.OzoneManager (OzoneManager.java:initializeRatisServer(1975)) - OzoneManager Ratis server initialized at port 34021
2022-10-18 06:31:19,335 [pool-564-thread-1] INFO  server.RaftServer$Division (RaftServerImpl.java:<init>(190)) - omNode-2: new RaftServerImpl for group-523986131536:[omNode-3|rpc:localhost:36149|priority:0, omNode-1|rpc:localhost:46857|priority:0, omNode-2|rpc:localhost:34021|priority:0] with OzoneManagerStateMachine:uninitialized
2022-10-18 06:31:19,335 [Listener at localhost/33523] INFO  ratis.OzoneManagerRatisServer (OzoneManagerRatisServer.java:start(555)) - Starting OzoneManagerRatisServer omNode-2 at port 34021
2022-10-18 06:31:19,336 [pool-564-thread-1] INFO  server.RaftServerConfigKeys (ConfUtils.java:logGet(46)) - raft.server.rpc.timeout.min = 1s (custom)
2022-10-18 06:31:19,336 [pool-564-thread-1] INFO  server.RaftServerConfigKeys (ConfUtils.java:logGet(46)) - raft.server.rpc.timeout.max = 1200ms (custom)
2022-10-18 06:31:19,336 [pool-564-thread-1] INFO  server.RaftServerConfigKeys (ConfUtils.java:logGet(46)) - raft.server.rpc.sleep.time = 25ms (default)
2022-10-18 06:31:19,336 [pool-564-thread-1] INFO  server.RaftServerConfigKeys (ConfUtils.java:logGet(46)) - raft.server.rpc.slowness.timeout = 2s (custom)
2022-10-18 06:31:19,336 [pool-564-thread-1] INFO  server.RaftServerConfigKeys (ConfUtils.java:logGet(46)) - raft.server.leaderelection.leader.step-down.wait-time = 10s (default)
2022-10-18 06:31:19,336 [pool-564-thread-1] INFO  server.RaftServerConfigKeys (ConfUtils.java:logGet(46)) - raft.server.sleep.deviation.threshold = 300ms (default)
2022-10-18 06:31:19,336 [pool-564-thread-1] INFO  server.RaftServer$Division (ServerState.java:<init>(107)) - omNode-2@group-523986131536: ConfigurationManager, init=-1: [omNode-3|rpc:localhost:36149|priority:0, omNode-1|rpc:localhost:46857|priority:0, omNode-2|rpc:localhost:34021|priority:0], old=null, confs=<EMPTY_MAP>
2022-10-18 06:31:19,336 [pool-564-thread-1] INFO  server.RaftServerConfigKeys (ConfUtils.java:logGet(46)) - raft.server.storage.dir = [/home/runner/work/ozone/ozone/hadoop-ozone/integration-test/target/test-dir/MiniOzoneClusterImpl-489ebd61-a341-4d14-a135-ade311a26152/omNode-2/ratis] (custom)
2022-10-18 06:31:19,336 [pool-564-thread-1] INFO  server.RaftServerConfigKeys (ConfUtils.java:logGet(46)) - raft.server.log.corruption.policy = EXCEPTION (default)
2022-10-18 06:31:19,336 [pool-564-thread-1] INFO  server.RaftServerConfigKeys (ConfUtils.java:logGet(46)) - raft.server.storage.free-space.min = 0MB (=0) (default)
2022-10-18 06:31:19,337 [pool-564-thread-1] INFO  storage.RaftStorageDirectory (RaftStorageDirectoryImpl.java:tryLock(230)) - Lock on /home/runner/work/ozone/ozone/hadoop-ozone/integration-test/target/test-dir/MiniOzoneClusterImpl-489ebd61-a341-4d14-a135-ade311a26152/omNode-2/ratis/c9bc4cf4-3bc3-3c60-a66b-523986131536/in_use.lock acquired by nodename 30337@fv-az241-838
2022-10-18 06:31:19,337 [pool-564-thread-1] INFO  storage.RaftStorage (RaftStorageImpl.java:analyzeAndRecoverStorage(110)) - Read RaftStorageMetadata{term=8, votedFor=omNode-3} from /home/runner/work/ozone/ozone/hadoop-ozone/integration-test/target/test-dir/MiniOzoneClusterImpl-489ebd61-a341-4d14-a135-ade311a26152/omNode-2/ratis/c9bc4cf4-3bc3-3c60-a66b-523986131536/current/raft-meta
2022-10-18 06:31:19,337 [pool-564-thread-1] INFO  server.RaftServer$Division (ServerState.java:setRaftConf(393)) - omNode-2@group-523986131536: set configuration 145: [omNode-3|rpc:localhost:36149|admin:|client:|dataStream:|priority:0, omNode-1|rpc:localhost:46857|admin:|client:|dataStream:|priority:0, omNode-2|rpc:localhost:34021|admin:|client:|dataStream:|priority:0], old=null
2022-10-18 06:31:19,337 [pool-564-thread-1] INFO  server.RaftServerConfigKeys (ConfUtils.java:logGet(46)) - raft.server.notification.no-leader.timeout = 2s (custom)
2022-10-18 06:31:19,337 [pool-564-thread-1] INFO  server.RaftServerConfigKeys (ConfUtils.java:logGet(46)) - raft.server.log.use.memory = false (default)
2022-10-18 06:31:19,338 [pool-564-thread-1] INFO  server.RaftServerConfigKeys (ConfUtils.java:logGet(46)) - raft.server.log.purge.gap = 50 (custom)
2022-10-18 06:31:19,338 [pool-564-thread-1] INFO  server.RaftServerConfigKeys (ConfUtils.java:logGet(46)) - raft.server.log.appender.buffer.byte-limit = 33554432 (custom)
2022-10-18 06:31:19,338 [pool-564-thread-1] INFO  server.RaftServerConfigKeys (ConfUtils.java:logGet(46)) - raft.server.log.statemachine.data.read.timeout = 1000ms (default)
2022-10-18 06:31:19,338 [pool-564-thread-1] INFO  server.RaftServerConfigKeys (ConfUtils.java:logGet(46)) - raft.server.log.segment.size.max = 4194304 (custom)
2022-10-18 06:31:19,338 [pool-564-thread-1] INFO  server.RaftServerConfigKeys (ConfUtils.java:logGet(46)) - raft.server.log.segment.cache.num.max = 2 (custom)
2022-10-18 06:31:19,338 [pool-564-thread-1] INFO  server.RaftServerConfigKeys (ConfUtils.java:logGet(46)) - raft.server.log.segment.cache.size.max = 200MB (=209715200) (default)
2022-10-18 06:31:19,338 [pool-564-thread-1] INFO  segmented.SegmentedRaftLogWorker (SegmentedRaftLogWorker.java:<init>(187)) - new omNode-2@group-523986131536-SegmentedRaftLogWorker for RaftStorageImpl:Storage Directory /home/runner/work/ozone/ozone/hadoop-ozone/integration-test/target/test-dir/MiniOzoneClusterImpl-489ebd61-a341-4d14-a135-ade311a26152/omNode-2/ratis/c9bc4cf4-3bc3-3c60-a66b-523986131536
2022-10-18 06:31:19,338 [pool-564-thread-1] INFO  server.RaftServerConfigKeys (ConfUtils.java:logGet(46)) - raft.server.log.queue.byte-limit = 64MB (=67108864) (default)
2022-10-18 06:31:19,338 [pool-564-thread-1] INFO  server.RaftServerConfigKeys (ConfUtils.java:logGet(46)) - raft.server.log.queue.element-limit = 4096 (default)
2022-10-18 06:31:19,338 [pool-564-thread-1] INFO  server.RaftServerConfigKeys (ConfUtils.java:logGet(46)) - raft.server.log.segment.size.max = 4194304 (custom)
2022-10-18 06:31:19,338 [pool-564-thread-1] INFO  server.RaftServerConfigKeys (ConfUtils.java:logGet(46)) - raft.server.log.preallocated.size = 4194304 (custom)
2022-10-18 06:31:19,338 [pool-564-thread-1] INFO  server.RaftServerConfigKeys (ConfUtils.java:logGet(46)) - raft.server.log.force.sync.num = 128 (default)
2022-10-18 06:31:19,338 [pool-564-thread-1] INFO  server.RaftServerConfigKeys (ConfUtils.java:logGet(46)) - raft.server.log.statemachine.data.sync = true (default)
2022-10-18 06:31:19,338 [pool-564-thread-1] INFO  server.RaftServerConfigKeys (ConfUtils.java:logGet(46)) - raft.server.log.statemachine.data.sync.timeout = 10s (default)
2022-10-18 06:31:19,338 [pool-564-thread-1] INFO  server.RaftServerConfigKeys (ConfUtils.java:logGet(46)) - raft.server.log.statemachine.data.sync.timeout.retry = -1 (default)
2022-10-18 06:31:19,339 [pool-564-thread-1] INFO  server.RaftServerConfigKeys (ConfUtils.java:logGet(46)) - raft.server.log.write.buffer.size = 64KB (=65536) (default)
2022-10-18 06:31:19,339 [pool-564-thread-1] INFO  server.RaftServerConfigKeys (ConfUtils.java:logGet(46)) - raft.server.log.unsafe-flush.enabled = false (default)
2022-10-18 06:31:19,339 [pool-564-thread-1] INFO  server.RaftServerConfigKeys (ConfUtils.java:logGet(46)) - raft.server.log.statemachine.data.caching.enabled = false (default)
2022-10-18 06:31:19,340 [pool-564-thread-1] INFO  server.RaftServer$Division (ServerState.java:setRaftConf(393)) - omNode-2@group-523986131536: set configuration 31: [omNode-3|rpc:localhost:36149|admin:|client:|dataStream:|priority:0, omNode-1|rpc:localhost:46857|admin:|client:|dataStream:|priority:0, omNode-2|rpc:localhost:34021|admin:|client:|dataStream:|priority:0], old=null
2022-10-18 06:31:19,340 [pool-564-thread-1] INFO  segmented.LogSegment (LogSegment.java:loadSegment(173)) - Successfully read 26 entries from segment file /home/runner/work/ozone/ozone/hadoop-ozone/integration-test/target/test-dir/MiniOzoneClusterImpl-489ebd61-a341-4d14-a135-ade311a26152/omNode-2/ratis/c9bc4cf4-3bc3-3c60-a66b-523986131536/current/log_31-56
]]></system-out>
  </testcase>
  <testcase name="testOMRestart" classname="org.apache.hadoop.ozone.om.TestOzoneManagerHAWithData" time="27.66">
    <system-out><![CDATA[2022-10-18 06:31:19,353 [Listener at localhost/33523] INFO  ozone.MiniOzoneClusterImpl (MiniOzoneClusterImpl.java:shutdown(448)) - Shutting down the Mini Ozone Cluster
2022-10-18 06:31:19,353 [Listener at localhost/33523] INFO  ozone.MiniOzoneHAClusterImpl (MiniOzoneHAClusterImpl.java:stop(312)) - Stopping the OzoneManager omNode-3
2022-10-18 06:31:19,354 [Listener at localhost/33523] INFO  om.OzoneManager (OzoneManager.java:stop(2034)) - omNode-3[localhost:45465]: Stopping Ozone Manager
2022-10-18 06:31:19,354 [Listener at localhost/33523] INFO  ipc.Server (Server.java:stop(3428)) - Stopping server on 45465
2022-10-18 06:31:19,356 [IPC Server Responder] INFO  ipc.Server (Server.java:run(1517)) - Stopping IPC Server Responder
2022-10-18 06:31:19,357 [Listener at localhost/33523] INFO  server.RaftServer (RaftServerProxy.java:lambda$close$7(398)) - omNode-3: close
2022-10-18 06:31:19,357 [IPC Server listener on 45465] INFO  ipc.Server (Server.java:run(1384)) - Stopping IPC Server listener on 45465
2022-10-18 06:31:19,357 [Listener at localhost/33523] INFO  server.RaftServer$Division (RaftServerImpl.java:lambda$close$4(434)) - omNode-3@group-523986131536: shutdown
2022-10-18 06:31:19,358 [Listener at localhost/33523] INFO  util.JmxRegister (JmxRegister.java:unregister(73)) - Successfully un-registered JMX Bean with object name Ratis:service=RaftServer,group=group-523986131536,id=omNode-3
2022-10-18 06:31:19,358 [Listener at localhost/33523] INFO  impl.RoleInfo (RoleInfo.java:shutdownFollowerState(110)) - omNode-3: shutdown omNode-3@group-523986131536-FollowerState
2022-10-18 06:31:19,358 [omNode-3@group-523986131536-StateMachineUpdater] INFO  ratis.OzoneManagerStateMachine (OzoneManagerStateMachine.java:close(495)) - StateMachine has shutdown. Shutdown OzoneManager if not already shutdown.
2022-10-18 06:31:19,358 [omNode-3@group-523986131536-StateMachineUpdater] INFO  ratis.OzoneManagerDoubleBuffer (OzoneManagerDoubleBuffer.java:stop(466)) - Stopping OMDoubleBuffer flush thread
2022-10-18 06:31:19,358 [omNode-3@group-523986131536-FollowerState] INFO  impl.FollowerState (FollowerState.java:run(152)) - omNode-3@group-523986131536-FollowerState was interrupted
2022-10-18 06:31:19,359 [Listener at localhost/33523] INFO  impl.StateMachineUpdater (StateMachineUpdater.java:stopAndJoin(153)) - omNode-3@group-523986131536-StateMachineUpdater: set stopIndex = 144
2022-10-18 06:31:19,359 [OMDoubleBufferFlushThread] INFO  ratis.OzoneManagerDoubleBuffer (OzoneManagerDoubleBuffer.java:flushTransactions(385)) - OMDoubleBuffer flush thread OMDoubleBufferFlushThread is interrupted and will exit.
2022-10-18 06:31:19,360 [Listener at localhost/33523] INFO  server.RaftServer$Division (ServerState.java:close(429)) - omNode-3@group-523986131536: closes. applyIndex: 144
2022-10-18 06:31:19,360 [omNode-3@group-523986131536-SegmentedRaftLogWorker] INFO  segmented.SegmentedRaftLogWorker (SegmentedRaftLogWorker.java:run(336)) - omNode-3@group-523986131536-SegmentedRaftLogWorker was interrupted, exiting. There are 0 tasks remaining in the queue.
2022-10-18 06:31:19,360 [Listener at localhost/33523] INFO  segmented.SegmentedRaftLogWorker (SegmentedRaftLogWorker.java:close(246)) - omNode-3@group-523986131536-SegmentedRaftLogWorker close()
2022-10-18 06:31:19,361 [Listener at localhost/33523] INFO  server.GrpcService (GrpcService.java:closeImpl(269)) - omNode-3: shutdown server with port 36149 now
2022-10-18 06:31:19,361 [Listener at localhost/33523] INFO  server.GrpcService (GrpcService.java:closeImpl(278)) - omNode-3: shutdown server with port 36149 successfully
2022-10-18 06:31:19,361 [org.apache.ratis.util.JvmPauseMonitor$$Lambda$703/523629281@55b45415] INFO  util.JvmPauseMonitor (JvmPauseMonitor.java:run(109)) - JvmPauseMonitor-omNode-3: Stopped
2022-10-18 06:31:19,362 [Listener at localhost/33523] INFO  ratis.OzoneManagerStateMachine (OzoneManagerStateMachine.java:close(495)) - StateMachine has shutdown. Shutdown OzoneManager if not already shutdown.
2022-10-18 06:31:19,362 [Listener at localhost/33523] INFO  ratis.OzoneManagerDoubleBuffer (OzoneManagerDoubleBuffer.java:stop(478)) - OMDoubleBuffer flush thread is not running.
2022-10-18 06:31:19,362 [Listener at localhost/33523] INFO  handler.ContextHandler (ContextHandler.java:doStop(1153)) - Stopped o.e.j.w.WebAppContext@18c6e3ac{ozoneManager,/,null,STOPPED}{file:/home/runner/work/ozone/ozone/hadoop-ozone/integration-test/target/test-classes/webapps/ozoneManager}
2022-10-18 06:31:19,363 [Listener at localhost/33523] INFO  server.AbstractConnector (AbstractConnector.java:doStop(381)) - Stopped ServerConnector@3b688205{HTTP/1.1, (http/1.1)}{0.0.0.0:45739}
2022-10-18 06:31:19,363 [Listener at localhost/33523] INFO  server.session (HouseKeeper.java:stopScavenging(149)) - node0 Stopped scavenging
2022-10-18 06:31:19,363 [Listener at localhost/33523] INFO  handler.ContextHandler (ContextHandler.java:doStop(1153)) - Stopped o.e.j.s.ServletContextHandler@12c1371e{static,/static,file:///home/runner/work/ozone/ozone/hadoop-ozone/integration-test/target/test-classes/webapps/static,STOPPED}
2022-10-18 06:31:19,363 [Listener at localhost/33523] INFO  handler.ContextHandler (ContextHandler.java:doStop(1153)) - Stopped o.e.j.s.ServletContextHandler@4a00533a{logs,/logs,file:///home/runner/work/ozone/ozone/hadoop-ozone/integration-test/target/log,STOPPED}
2022-10-18 06:31:19,365 [Listener at localhost/33523] INFO  ozone.MiniOzoneHAClusterImpl (MiniOzoneHAClusterImpl.java:stop(312)) - Stopping the OzoneManager omNode-1
2022-10-18 06:31:19,365 [Listener at localhost/33523] INFO  om.OzoneManager (OzoneManager.java:stop(2034)) - omNode-1[localhost:33523]: Stopping Ozone Manager
2022-10-18 06:31:19,366 [Listener at localhost/33523] INFO  ipc.Server (Server.java:stop(3428)) - Stopping server on 33523
2022-10-18 06:31:19,368 [IPC Server listener on 33523] INFO  ipc.Server (Server.java:run(1384)) - Stopping IPC Server listener on 33523
2022-10-18 06:31:19,369 [IPC Server Responder] INFO  ipc.Server (Server.java:run(1517)) - Stopping IPC Server Responder
2022-10-18 06:31:19,369 [Listener at localhost/33523] INFO  server.RaftServer (RaftServerProxy.java:lambda$close$7(398)) - omNode-1: close
2022-10-18 06:31:19,369 [Listener at localhost/33523] INFO  server.RaftServer$Division (RaftServerImpl.java:lambda$close$4(434)) - omNode-1@group-523986131536: shutdown
2022-10-18 06:31:19,369 [Listener at localhost/33523] INFO  util.JmxRegister (JmxRegister.java:unregister(73)) - Successfully un-registered JMX Bean with object name Ratis:service=RaftServer,group=group-523986131536,id=omNode-1
2022-10-18 06:31:19,369 [Listener at localhost/33523] INFO  impl.RoleInfo (RoleInfo.java:shutdownFollowerState(110)) - omNode-1: shutdown omNode-1@group-523986131536-FollowerState
2022-10-18 06:31:19,370 [omNode-1@group-523986131536-FollowerState] INFO  impl.FollowerState (FollowerState.java:run(152)) - omNode-1@group-523986131536-FollowerState was interrupted
2022-10-18 06:31:19,370 [omNode-1@group-523986131536-StateMachineUpdater] INFO  ratis.OzoneManagerStateMachine (OzoneManagerStateMachine.java:close(495)) - StateMachine has shutdown. Shutdown OzoneManager if not already shutdown.
2022-10-18 06:31:19,370 [omNode-1@group-523986131536-StateMachineUpdater] INFO  ratis.OzoneManagerDoubleBuffer (OzoneManagerDoubleBuffer.java:stop(466)) - Stopping OMDoubleBuffer flush thread
2022-10-18 06:31:19,370 [OMDoubleBufferFlushThread] INFO  ratis.OzoneManagerDoubleBuffer (OzoneManagerDoubleBuffer.java:flushTransactions(385)) - OMDoubleBuffer flush thread OMDoubleBufferFlushThread is interrupted and will exit.
2022-10-18 06:31:19,370 [Listener at localhost/33523] INFO  impl.StateMachineUpdater (StateMachineUpdater.java:stopAndJoin(153)) - omNode-1@group-523986131536-StateMachineUpdater: set stopIndex = 143
2022-10-18 06:31:19,371 [Listener at localhost/33523] INFO  server.RaftServer$Division (ServerState.java:close(429)) - omNode-1@group-523986131536: closes. applyIndex: 143
2022-10-18 06:31:19,371 [omNode-1@group-523986131536-SegmentedRaftLogWorker] INFO  segmented.SegmentedRaftLogWorker (SegmentedRaftLogWorker.java:run(336)) - omNode-1@group-523986131536-SegmentedRaftLogWorker was interrupted, exiting. There are 0 tasks remaining in the queue.
2022-10-18 06:31:19,373 [Listener at localhost/33523] INFO  segmented.SegmentedRaftLogWorker (SegmentedRaftLogWorker.java:close(246)) - omNode-1@group-523986131536-SegmentedRaftLogWorker close()
2022-10-18 06:31:19,374 [Listener at localhost/33523] INFO  server.GrpcService (GrpcService.java:closeImpl(269)) - omNode-1: shutdown server with port 46857 now
2022-10-18 06:31:19,375 [Listener at localhost/33523] INFO  server.GrpcService (GrpcService.java:closeImpl(278)) - omNode-1: shutdown server with port 46857 successfully
2022-10-18 06:31:19,375 [org.apache.ratis.util.JvmPauseMonitor$$Lambda$703/523629281@26971d7c] INFO  util.JvmPauseMonitor (JvmPauseMonitor.java:run(109)) - JvmPauseMonitor-omNode-1: Stopped
2022-10-18 06:31:19,375 [Listener at localhost/33523] INFO  ratis.OzoneManagerStateMachine (OzoneManagerStateMachine.java:close(495)) - StateMachine has shutdown. Shutdown OzoneManager if not already shutdown.
2022-10-18 06:31:19,375 [Listener at localhost/33523] INFO  ratis.OzoneManagerDoubleBuffer (OzoneManagerDoubleBuffer.java:stop(478)) - OMDoubleBuffer flush thread is not running.
2022-10-18 06:31:19,379 [Listener at localhost/33523] INFO  handler.ContextHandler (ContextHandler.java:doStop(1153)) - Stopped o.e.j.w.WebAppContext@6a0f48e1{ozoneManager,/,null,STOPPED}{file:/home/runner/work/ozone/ozone/hadoop-ozone/integration-test/target/test-classes/webapps/ozoneManager}
2022-10-18 06:31:19,380 [Listener at localhost/33523] INFO  server.AbstractConnector (AbstractConnector.java:doStop(381)) - Stopped ServerConnector@6f32f21e{HTTP/1.1, (http/1.1)}{0.0.0.0:34657}
2022-10-18 06:31:19,380 [Listener at localhost/33523] INFO  server.session (HouseKeeper.java:stopScavenging(149)) - node0 Stopped scavenging
2022-10-18 06:31:19,380 [Listener at localhost/33523] INFO  handler.ContextHandler (ContextHandler.java:doStop(1153)) - Stopped o.e.j.s.ServletContextHandler@17f3d5e2{static,/static,file:///home/runner/work/ozone/ozone/hadoop-ozone/integration-test/target/test-classes/webapps/static,STOPPED}
2022-10-18 06:31:19,380 [Listener at localhost/33523] INFO  handler.ContextHandler (ContextHandler.java:doStop(1153)) - Stopped o.e.j.s.ServletContextHandler@3769c728{logs,/logs,file:///home/runner/work/ozone/ozone/hadoop-ozone/integration-test/target/log,STOPPED}
2022-10-18 06:31:19,384 [Listener at localhost/33523] INFO  ozone.MiniOzoneHAClusterImpl (MiniOzoneHAClusterImpl.java:stop(312)) - Stopping the OzoneManager omNode-2
2022-10-18 06:31:19,384 [Listener at localhost/33523] INFO  om.OzoneManager (OzoneManager.java:stop(2034)) - omNode-2[localhost:39045]: Stopping Ozone Manager
2022-10-18 06:31:19,384 [Listener at localhost/33523] INFO  ozone.MiniOzoneHAClusterImpl (MiniOzoneHAClusterImpl.java:stop(320)) - Stopping the StorageContainerManager 4a167ba8-d49d-4226-a918-7c104ff47887
2022-10-18 06:31:19,384 [Listener at localhost/33523] INFO  server.StorageContainerManager (StorageContainerManager.java:stop(1528)) - Container Balancer is not running.
2022-10-18 06:31:19,384 [Listener at localhost/33523] INFO  server.StorageContainerManager (StorageContainerManager.java:stop(1535)) - Stopping Replication Manager Service.
2022-10-18 06:31:19,384 [Listener at localhost/33523] INFO  replication.ReplicationManager (ReplicationManager.java:stop(257)) - Stopping Replication Monitor Thread.
2022-10-18 06:31:19,384 [Under Replicated Processor] WARN  replication.UnderReplicatedProcessor (UnderReplicatedProcessor.java:run(148)) - Under Replicated Processor interrupted. Exiting...
2022-10-18 06:31:19,385 [ReplicationMonitor] INFO  replication.ReplicationManager (ReplicationManager.java:run(509)) - Replication Monitor Thread is stopped
2022-10-18 06:31:19,385 [Listener at localhost/33523] INFO  server.StorageContainerManager (StorageContainerManager.java:stop(1542)) - Stopping the Datanode Admin Monitor.
2022-10-18 06:31:19,385 [Listener at localhost/33523] INFO  server.StorageContainerManager (StorageContainerManager.java:stop(1549)) - Stopping Lease Manager of the command watchers
2022-10-18 06:31:19,385 [Over Replicated Processor] WARN  replication.OverReplicatedProcessor (OverReplicatedProcessor.java:run(137)) - Over Replicated Processor interrupted. Exiting...
2022-10-18 06:31:19,386 [Listener at localhost/33523] INFO  server.StorageContainerManager (StorageContainerManager.java:stop(1556)) - Stopping datanode service RPC server
2022-10-18 06:31:19,386 [Listener at localhost/33523] INFO  server.SCMDatanodeProtocolServer (SCMDatanodeProtocolServer.java:stop(414)) - Stopping the RPC server for DataNodes
2022-10-18 06:31:19,386 [Listener at localhost/33523] INFO  ipc.Server (Server.java:stop(3428)) - Stopping server on 34663
2022-10-18 06:31:19,388 [IPC Server listener on 0] INFO  ipc.Server (Server.java:run(1384)) - Stopping IPC Server listener on 0
2022-10-18 06:31:19,388 [IPC Server Responder] INFO  ipc.Server (Server.java:run(1517)) - Stopping IPC Server Responder
2022-10-18 06:31:19,436 [SCM Heartbeat Processing Thread - 0] WARN  node.NodeStateManager (NodeStateManager.java:scheduleNextHealthCheck(870)) - Current Thread is interrupted, shutting down HB processing thread for Node Manager.
2022-10-18 06:31:19,437 [Listener at localhost/33523] INFO  server.StorageContainerManager (StorageContainerManager.java:stop(1564)) - Stopping block service RPC server
2022-10-18 06:31:19,437 [Listener at localhost/33523] INFO  server.SCMBlockProtocolServer (SCMBlockProtocolServer.java:stop(161)) - Stopping the RPC server for Block Protocol
2022-10-18 06:31:19,437 [Listener at localhost/33523] INFO  ipc.Server (Server.java:stop(3428)) - Stopping server on 37351
2022-10-18 06:31:19,437 [IPC Server listener on 0] INFO  ipc.Server (Server.java:run(1384)) - Stopping IPC Server listener on 0
2022-10-18 06:31:19,439 [IPC Server Responder] INFO  ipc.Server (Server.java:run(1517)) - Stopping IPC Server Responder
2022-10-18 06:31:19,439 [Listener at localhost/33523] INFO  server.StorageContainerManager (StorageContainerManager.java:stop(1571)) - Stopping the StorageContainerLocationProtocol RPC server
2022-10-18 06:31:19,440 [Listener at localhost/33523] INFO  server.SCMClientProtocolServer (SCMClientProtocolServer.java:stop(179)) - Stopping the RPC server for Client Protocol
2022-10-18 06:31:19,441 [Listener at localhost/33523] INFO  ipc.Server (Server.java:stop(3428)) - Stopping server on 36933
2022-10-18 06:31:19,445 [IPC Server listener on 0] INFO  ipc.Server (Server.java:run(1384)) - Stopping IPC Server listener on 0
2022-10-18 06:31:19,445 [IPC Server Responder] INFO  ipc.Server (Server.java:run(1517)) - Stopping IPC Server Responder
2022-10-18 06:31:19,445 [Listener at localhost/33523] INFO  server.StorageContainerManager (StorageContainerManager.java:stop(1578)) - Stopping Storage Container Manager HTTP server.
2022-10-18 06:31:19,446 [Listener at localhost/33523] INFO  handler.ContextHandler (ContextHandler.java:doStop(1153)) - Stopped o.e.j.w.WebAppContext@46baac0d{scm,/,null,STOPPED}{file:/home/runner/work/ozone/ozone/hadoop-ozone/integration-test/target/test-classes/webapps/scm}
2022-10-18 06:31:19,446 [Listener at localhost/33523] INFO  server.AbstractConnector (AbstractConnector.java:doStop(381)) - Stopped ServerConnector@1f4b8027{HTTP/1.1, (http/1.1)}{0.0.0.0:0}
2022-10-18 06:31:19,446 [Listener at localhost/33523] INFO  server.session (HouseKeeper.java:stopScavenging(149)) - node0 Stopped scavenging
2022-10-18 06:31:19,447 [Listener at localhost/33523] INFO  handler.ContextHandler (ContextHandler.java:doStop(1153)) - Stopped o.e.j.s.ServletContextHandler@14b9817b{static,/static,file:///home/runner/work/ozone/ozone/hadoop-ozone/integration-test/target/test-classes/webapps/static,STOPPED}
2022-10-18 06:31:19,447 [Listener at localhost/33523] INFO  handler.ContextHandler (ContextHandler.java:doStop(1153)) - Stopped o.e.j.s.ServletContextHandler@1a59500b{logs,/logs,file:///home/runner/work/ozone/ozone/hadoop-ozone/integration-test/target/log,STOPPED}
2022-10-18 06:31:19,447 [Listener at localhost/33523] INFO  server.StorageContainerManager (StorageContainerManager.java:stop(1584)) - Stopping SCM LayoutVersionManager Service.
2022-10-18 06:31:19,447 [Listener at localhost/33523] INFO  server.StorageContainerManager (StorageContainerManager.java:stop(1592)) - Stopping Block Manager Service.
2022-10-18 06:31:19,448 [Listener at localhost/33523] INFO  utils.BackgroundService (BackgroundService.java:shutdown(141)) - Shutting down service SCMBlockDeletingService
2022-10-18 06:31:19,448 [Listener at localhost/33523] INFO  utils.BackgroundService (BackgroundService.java:shutdown(141)) - Shutting down service SCMBlockDeletingService
2022-10-18 06:31:19,448 [Listener at localhost/33523] INFO  server.StorageContainerManager (StorageContainerManager.java:stop(1619)) - Stopping SCM Event Queue.
2022-10-18 06:31:19,450 [Listener at localhost/33523] INFO  server.StorageContainerManager (StorageContainerManager.java:stop(1630)) - Stopping SCM HA services.
2022-10-18 06:31:19,450 [Listener at localhost/33523] INFO  pipeline.BackgroundPipelineCreator (BackgroundPipelineCreator.java:stop(149)) - Stopping RatisPipelineUtilsThread.
2022-10-18 06:31:19,450 [RatisPipelineUtilsThread - 0] WARN  pipeline.BackgroundPipelineCreator (BackgroundPipelineCreator.java:run(180)) - RatisPipelineUtilsThread is interrupted.
2022-10-18 06:31:19,451 [BackgroundPipelineScrubberThread] WARN  BackgroundPipelineScrubber (BackgroundSCMService.java:run(115)) - BackgroundPipelineScrubber is interrupted, exit
2022-10-18 06:31:19,451 [Listener at localhost/33523] INFO  BackgroundPipelineScrubber (BackgroundSCMService.java:stop(131)) - Stopping BackgroundPipelineScrubber Service.
2022-10-18 06:31:19,451 [Listener at localhost/33523] INFO  impl.MetricsSystemImpl (MetricsSystemImpl.java:stop(210)) - Stopping OzoneManager metrics system...
2022-10-18 06:31:19,458 [prometheus] INFO  impl.MetricsSinkAdapter (MetricsSinkAdapter.java:publishMetricsFromQueue(141)) - prometheus thread interrupted.
2022-10-18 06:31:19,458 [Listener at localhost/33523] INFO  impl.MetricsSystemImpl (MetricsSystemImpl.java:stop(216)) - OzoneManager metrics system stopped.
2022-10-18 06:31:19,458 [Listener at localhost/33523] WARN  pipeline.BackgroundPipelineCreator (BackgroundPipelineCreator.java:stop(145)) - RatisPipelineUtilsThread is not running, just ignore.
2022-10-18 06:31:19,458 [Listener at localhost/33523] INFO  BackgroundPipelineScrubber (BackgroundSCMService.java:stop(126)) - BackgroundPipelineScrubber Service is not running, skip stop.
2022-10-18 06:31:19,458 [Listener at localhost/33523] INFO  ExpiredContainerReplicaOpScrubber (BackgroundSCMService.java:stop(131)) - Stopping ExpiredContainerReplicaOpScrubber Service.
2022-10-18 06:31:19,458 [ExpiredContainerReplicaOpScrubberThread] WARN  ExpiredContainerReplicaOpScrubber (BackgroundSCMService.java:run(115)) - ExpiredContainerReplicaOpScrubber is interrupted, exit
2022-10-18 06:31:19,459 [Listener at localhost/33523] INFO  utils.BackgroundService (BackgroundService.java:shutdown(141)) - Shutting down service SCMBlockDeletingService
2022-10-18 06:31:19,459 [Listener at localhost/33523] INFO  replication.ReplicationManager (ReplicationManager.java:stop(265)) - Replication Monitor Thread is not running.
2022-10-18 06:31:19,459 [Listener at localhost/33523] WARN  balancer.ContainerBalancer (ContainerBalancer.java:stop(322)) - Cannot stop Container Balancer because it's not running or stopping
2022-10-18 06:31:19,459 [Listener at localhost/33523] INFO  server.StorageContainerManager (StorageContainerManager.java:stop(1648)) - Stopping SCM MetadataStore.
2022-10-18 06:31:19,460 [Listener at localhost/33523] INFO  ozone.MiniOzoneClusterImpl (MiniOzoneClusterImpl.java:stop(463)) - Stopping the Mini Ozone Cluster
2022-10-18 06:31:19,460 [Listener at localhost/33523] INFO  ozone.MiniOzoneClusterImpl (MiniOzoneClusterImpl.java:stopDatanodes(522)) - Stopping the HddsDatanodes
2022-10-18 06:31:19,462 [ForkJoinPool.commonPool-worker-1] INFO  ozoneimpl.OzoneContainer (OzoneContainer.java:stop(400)) - Attempting to stop container services.
2022-10-18 06:31:19,463 [ForkJoinPool.commonPool-worker-1] INFO  server.RaftServer (RaftServerProxy.java:lambda$close$7(398)) - f912eaa7-674f-48b0-9650-7db3a734b84f: close
2022-10-18 06:31:19,463 [ForkJoinPool.commonPool-worker-1] INFO  server.RaftServer$Division (RaftServerImpl.java:lambda$close$4(434)) - f912eaa7-674f-48b0-9650-7db3a734b84f@group-7BCAD723620F: shutdown
2022-10-18 06:31:19,463 [ForkJoinPool.commonPool-worker-1] INFO  util.JmxRegister (JmxRegister.java:unregister(73)) - Successfully un-registered JMX Bean with object name Ratis:service=RaftServer,group=group-7BCAD723620F,id=f912eaa7-674f-48b0-9650-7db3a734b84f
2022-10-18 06:31:19,463 [ForkJoinPool.commonPool-worker-1] INFO  impl.RoleInfo (RoleInfo.java:shutdownLeaderState(93)) - f912eaa7-674f-48b0-9650-7db3a734b84f: shutdown f912eaa7-674f-48b0-9650-7db3a734b84f@group-7BCAD723620F-LeaderStateImpl
2022-10-18 06:31:19,464 [f912eaa7-674f-48b0-9650-7db3a734b84f@group-7BCAD723620F->333fb9a0-223e-4e03-84f2-9b3e3da077bc-GrpcLogAppender-LogAppenderDaemon] WARN  server.GrpcLogAppender (GrpcLogAppender.java:mayWait(171)) - f912eaa7-674f-48b0-9650-7db3a734b84f@group-7BCAD723620F->333fb9a0-223e-4e03-84f2-9b3e3da077bc-GrpcLogAppender: Wait interrupted by java.lang.InterruptedException
2022-10-18 06:31:19,464 [ForkJoinPool.commonPool-worker-1] INFO  impl.PendingRequests (PendingRequests.java:sendNotLeaderResponses(282)) - f912eaa7-674f-48b0-9650-7db3a734b84f@group-7BCAD723620F-PendingRequests: sendNotLeaderResponses
2022-10-18 06:31:19,464 [ForkJoinPool.commonPool-worker-1] INFO  impl.StateMachineUpdater (StateMachineUpdater.java:stopAndJoin(153)) - f912eaa7-674f-48b0-9650-7db3a734b84f@group-7BCAD723620F-StateMachineUpdater: set stopIndex = 0
2022-10-18 06:31:19,464 [f912eaa7-674f-48b0-9650-7db3a734b84f@group-7BCAD723620F->8d40dd4f-9fd4-4768-a502-00d88259605f-GrpcLogAppender-LogAppenderDaemon] WARN  server.GrpcLogAppender (GrpcLogAppender.java:mayWait(171)) - f912eaa7-674f-48b0-9650-7db3a734b84f@group-7BCAD723620F->8d40dd4f-9fd4-4768-a502-00d88259605f-GrpcLogAppender: Wait interrupted by java.lang.InterruptedException
2022-10-18 06:31:19,464 [grpc-default-executor-1] INFO  server.GrpcServerProtocolService (GrpcServerProtocolService.java:onCompleted(140)) - 333fb9a0-223e-4e03-84f2-9b3e3da077bc: Completed APPEND_ENTRIES, lastRequest: f912eaa7-674f-48b0-9650-7db3a734b84f->333fb9a0-223e-4e03-84f2-9b3e3da077bc#1-t1,previous=(t:0, i:0),leaderCommit=-1,initializing? true,entries: size=1, first=(t:1, i:0), CONFIGURATIONENTRY
2022-10-18 06:31:19,465 [f912eaa7-674f-48b0-9650-7db3a734b84f@group-7BCAD723620F-StateMachineUpdater] INFO  ratis.ContainerStateMachine (ContainerStateMachine.java:takeSnapshot(304)) - group-7BCAD723620F: Taking a snapshot at:(t:1, i:0) file /home/runner/work/ozone/ozone/hadoop-ozone/integration-test/target/test-dir/MiniOzoneClusterImpl-489ebd61-a341-4d14-a135-ade311a26152/datanode-0/data/ratis/78b5955a-84a3-4c35-8c7c-7bcad723620f/sm/snapshot.1_0
2022-10-18 06:31:19,465 [grpc-default-executor-2] INFO  server.GrpcLogAppender (GrpcLogAppender.java:onCompleted(339)) - f912eaa7-674f-48b0-9650-7db3a734b84f@group-7BCAD723620F->333fb9a0-223e-4e03-84f2-9b3e3da077bc-AppendLogResponseHandler: follower responses appendEntries COMPLETED
2022-10-18 06:31:19,469 [grpc-default-executor-2] INFO  leader.FollowerInfo (FollowerInfoImpl.java:lambda$new$0(48)) - f912eaa7-674f-48b0-9650-7db3a734b84f@group-7BCAD723620F->333fb9a0-223e-4e03-84f2-9b3e3da077bc: nextIndex: updateUnconditionally 1 -> 0
2022-10-18 06:31:19,465 [grpc-default-executor-3] INFO  server.GrpcServerProtocolService (GrpcServerProtocolService.java:onCompleted(140)) - 8d40dd4f-9fd4-4768-a502-00d88259605f: Completed APPEND_ENTRIES, lastRequest: f912eaa7-674f-48b0-9650-7db3a734b84f->8d40dd4f-9fd4-4768-a502-00d88259605f#1-t1,previous=(t:0, i:0),leaderCommit=0,initializing? true,entries: size=1, first=(t:1, i:0), CONFIGURATIONENTRY
2022-10-18 06:31:19,470 [grpc-default-executor-1] INFO  server.GrpcLogAppender (GrpcLogAppender.java:onCompleted(339)) - f912eaa7-674f-48b0-9650-7db3a734b84f@group-7BCAD723620F->8d40dd4f-9fd4-4768-a502-00d88259605f-AppendLogResponseHandler: follower responses appendEntries COMPLETED
2022-10-18 06:31:19,470 [grpc-default-executor-1] INFO  leader.FollowerInfo (FollowerInfoImpl.java:lambda$new$0(48)) - f912eaa7-674f-48b0-9650-7db3a734b84f@group-7BCAD723620F->8d40dd4f-9fd4-4768-a502-00d88259605f: nextIndex: updateUnconditionally 1 -> 0
2022-10-18 06:31:19,505 [Listener at localhost/33523] INFO  ozoneimpl.OzoneContainer (OzoneContainer.java:stop(400)) - Attempting to stop container services.
2022-10-18 06:31:19,507 [Listener at localhost/33523] INFO  server.RaftServer (RaftServerProxy.java:lambda$close$7(398)) - 8d40dd4f-9fd4-4768-a502-00d88259605f: close
2022-10-18 06:31:19,507 [Listener at localhost/33523] INFO  server.RaftServer$Division (RaftServerImpl.java:lambda$close$4(434)) - 8d40dd4f-9fd4-4768-a502-00d88259605f@group-7BCAD723620F: shutdown
2022-10-18 06:31:19,507 [Listener at localhost/33523] INFO  util.JmxRegister (JmxRegister.java:unregister(73)) - Successfully un-registered JMX Bean with object name Ratis:service=RaftServer,group=group-7BCAD723620F,id=8d40dd4f-9fd4-4768-a502-00d88259605f
2022-10-18 06:31:19,507 [Listener at localhost/33523] INFO  impl.RoleInfo (RoleInfo.java:shutdownFollowerState(110)) - 8d40dd4f-9fd4-4768-a502-00d88259605f: shutdown 8d40dd4f-9fd4-4768-a502-00d88259605f@group-7BCAD723620F-FollowerState
2022-10-18 06:31:19,508 [Listener at localhost/33523] INFO  impl.StateMachineUpdater (StateMachineUpdater.java:stopAndJoin(153)) - 8d40dd4f-9fd4-4768-a502-00d88259605f@group-7BCAD723620F-StateMachineUpdater: set stopIndex = 0
2022-10-18 06:31:19,508 [8d40dd4f-9fd4-4768-a502-00d88259605f@group-7BCAD723620F-StateMachineUpdater] INFO  ratis.ContainerStateMachine (ContainerStateMachine.java:takeSnapshot(304)) - group-7BCAD723620F: Taking a snapshot at:(t:1, i:0) file /home/runner/work/ozone/ozone/hadoop-ozone/integration-test/target/test-dir/MiniOzoneClusterImpl-489ebd61-a341-4d14-a135-ade311a26152/datanode-1/data/ratis/78b5955a-84a3-4c35-8c7c-7bcad723620f/sm/snapshot.1_0
2022-10-18 06:31:19,508 [8d40dd4f-9fd4-4768-a502-00d88259605f@group-7BCAD723620F-FollowerState] INFO  impl.FollowerState (FollowerState.java:run(152)) - 8d40dd4f-9fd4-4768-a502-00d88259605f@group-7BCAD723620F-FollowerState was interrupted
2022-10-18 06:31:19,509 [8d40dd4f-9fd4-4768-a502-00d88259605f@group-7BCAD723620F-StateMachineUpdater] INFO  ratis.ContainerStateMachine (ContainerStateMachine.java:takeSnapshot(315)) - group-7BCAD723620F: Finished taking a snapshot at:(t:1, i:0) file:/home/runner/work/ozone/ozone/hadoop-ozone/integration-test/target/test-dir/MiniOzoneClusterImpl-489ebd61-a341-4d14-a135-ade311a26152/datanode-1/data/ratis/78b5955a-84a3-4c35-8c7c-7bcad723620f/sm/snapshot.1_0 took: 2 ms
2022-10-18 06:31:19,509 [f912eaa7-674f-48b0-9650-7db3a734b84f@group-7BCAD723620F-StateMachineUpdater] INFO  ratis.ContainerStateMachine (ContainerStateMachine.java:takeSnapshot(315)) - group-7BCAD723620F: Finished taking a snapshot at:(t:1, i:0) file:/home/runner/work/ozone/ozone/hadoop-ozone/integration-test/target/test-dir/MiniOzoneClusterImpl-489ebd61-a341-4d14-a135-ade311a26152/datanode-0/data/ratis/78b5955a-84a3-4c35-8c7c-7bcad723620f/sm/snapshot.1_0 took: 45 ms
2022-10-18 06:31:19,511 [8d40dd4f-9fd4-4768-a502-00d88259605f@group-7BCAD723620F-StateMachineUpdater] INFO  impl.StateMachineUpdater (StateMachineUpdater.java:takeSnapshot(287)) - 8d40dd4f-9fd4-4768-a502-00d88259605f@group-7BCAD723620F-StateMachineUpdater: Took a snapshot at index 0
2022-10-18 06:31:19,511 [f912eaa7-674f-48b0-9650-7db3a734b84f@group-7BCAD723620F-StateMachineUpdater] INFO  impl.StateMachineUpdater (StateMachineUpdater.java:takeSnapshot(287)) - f912eaa7-674f-48b0-9650-7db3a734b84f@group-7BCAD723620F-StateMachineUpdater: Took a snapshot at index 0
2022-10-18 06:31:19,511 [8d40dd4f-9fd4-4768-a502-00d88259605f@group-7BCAD723620F-StateMachineUpdater] INFO  impl.StateMachineUpdater (StateMachineUpdater.java:lambda$new$0(92)) - 8d40dd4f-9fd4-4768-a502-00d88259605f@group-7BCAD723620F-StateMachineUpdater: snapshotIndex: updateIncreasingly -1 -> 0
2022-10-18 06:31:19,511 [f912eaa7-674f-48b0-9650-7db3a734b84f@group-7BCAD723620F-StateMachineUpdater] INFO  impl.StateMachineUpdater (StateMachineUpdater.java:lambda$new$0(92)) - f912eaa7-674f-48b0-9650-7db3a734b84f@group-7BCAD723620F-StateMachineUpdater: snapshotIndex: updateIncreasingly -1 -> 0
2022-10-18 06:31:19,513 [Listener at localhost/33523] INFO  server.RaftServer$Division (ServerState.java:close(429)) - 8d40dd4f-9fd4-4768-a502-00d88259605f@group-7BCAD723620F: closes. applyIndex: 0
2022-10-18 06:31:19,514 [ForkJoinPool.commonPool-worker-1] INFO  server.RaftServer$Division (ServerState.java:close(429)) - f912eaa7-674f-48b0-9650-7db3a734b84f@group-7BCAD723620F: closes. applyIndex: 0
2022-10-18 06:31:19,514 [8d40dd4f-9fd4-4768-a502-00d88259605f@group-7BCAD723620F-SegmentedRaftLogWorker] INFO  segmented.SegmentedRaftLogWorker (SegmentedRaftLogWorker.java:run(336)) - 8d40dd4f-9fd4-4768-a502-00d88259605f@group-7BCAD723620F-SegmentedRaftLogWorker was interrupted, exiting. There are 0 tasks remaining in the queue.
2022-10-18 06:31:19,514 [f912eaa7-674f-48b0-9650-7db3a734b84f@group-7BCAD723620F-SegmentedRaftLogWorker] INFO  segmented.SegmentedRaftLogWorker (SegmentedRaftLogWorker.java:run(336)) - f912eaa7-674f-48b0-9650-7db3a734b84f@group-7BCAD723620F-SegmentedRaftLogWorker was interrupted, exiting. There are 0 tasks remaining in the queue.
2022-10-18 06:31:19,514 [ForkJoinPool.commonPool-worker-1] INFO  segmented.SegmentedRaftLogWorker (SegmentedRaftLogWorker.java:close(246)) - f912eaa7-674f-48b0-9650-7db3a734b84f@group-7BCAD723620F-SegmentedRaftLogWorker close()
2022-10-18 06:31:19,514 [Listener at localhost/33523] INFO  segmented.SegmentedRaftLogWorker (SegmentedRaftLogWorker.java:close(246)) - 8d40dd4f-9fd4-4768-a502-00d88259605f@group-7BCAD723620F-SegmentedRaftLogWorker close()
2022-10-18 06:31:19,515 [ForkJoinPool.commonPool-worker-1] INFO  server.RaftServer$Division (RaftServerImpl.java:lambda$close$4(434)) - f912eaa7-674f-48b0-9650-7db3a734b84f@group-6617C595C955: shutdown
2022-10-18 06:31:19,515 [ForkJoinPool.commonPool-worker-1] INFO  util.JmxRegister (JmxRegister.java:unregister(73)) - Successfully un-registered JMX Bean with object name Ratis:service=RaftServer,group=group-6617C595C955,id=f912eaa7-674f-48b0-9650-7db3a734b84f
2022-10-18 06:31:19,515 [ForkJoinPool.commonPool-worker-1] INFO  impl.RoleInfo (RoleInfo.java:shutdownLeaderState(93)) - f912eaa7-674f-48b0-9650-7db3a734b84f: shutdown f912eaa7-674f-48b0-9650-7db3a734b84f@group-6617C595C955-LeaderStateImpl
2022-10-18 06:31:19,515 [ForkJoinPool.commonPool-worker-1] INFO  impl.PendingRequests (PendingRequests.java:sendNotLeaderResponses(282)) - f912eaa7-674f-48b0-9650-7db3a734b84f@group-6617C595C955-PendingRequests: sendNotLeaderResponses
2022-10-18 06:31:19,516 [Listener at localhost/33523] INFO  server.RaftServer$Division (RaftServerImpl.java:lambda$close$4(434)) - 8d40dd4f-9fd4-4768-a502-00d88259605f@group-B134B5651726: shutdown
2022-10-18 06:31:19,516 [Listener at localhost/33523] INFO  util.JmxRegister (JmxRegister.java:unregister(73)) - Successfully un-registered JMX Bean with object name Ratis:service=RaftServer,group=group-B134B5651726,id=8d40dd4f-9fd4-4768-a502-00d88259605f
2022-10-18 06:31:19,516 [Listener at localhost/33523] INFO  impl.RoleInfo (RoleInfo.java:shutdownFollowerState(110)) - 8d40dd4f-9fd4-4768-a502-00d88259605f: shutdown 8d40dd4f-9fd4-4768-a502-00d88259605f@group-B134B5651726-FollowerState
2022-10-18 06:31:19,517 [Listener at localhost/33523] INFO  impl.StateMachineUpdater (StateMachineUpdater.java:stopAndJoin(153)) - 8d40dd4f-9fd4-4768-a502-00d88259605f@group-B134B5651726-StateMachineUpdater: set stopIndex = 0
2022-10-18 06:31:19,517 [8d40dd4f-9fd4-4768-a502-00d88259605f@group-B134B5651726-StateMachineUpdater] INFO  ratis.ContainerStateMachine (ContainerStateMachine.java:takeSnapshot(304)) - group-B134B5651726: Taking a snapshot at:(t:2, i:0) file /home/runner/work/ozone/ozone/hadoop-ozone/integration-test/target/test-dir/MiniOzoneClusterImpl-489ebd61-a341-4d14-a135-ade311a26152/datanode-1/data/ratis/2404f025-ddc8-46cf-97bb-b134b5651726/sm/snapshot.2_0
2022-10-18 06:31:19,517 [8d40dd4f-9fd4-4768-a502-00d88259605f@group-B134B5651726-FollowerState] INFO  impl.FollowerState (FollowerState.java:run(152)) - 8d40dd4f-9fd4-4768-a502-00d88259605f@group-B134B5651726-FollowerState was interrupted
2022-10-18 06:31:19,517 [8d40dd4f-9fd4-4768-a502-00d88259605f@group-B134B5651726-StateMachineUpdater] INFO  ratis.ContainerStateMachine (ContainerStateMachine.java:takeSnapshot(315)) - group-B134B5651726: Finished taking a snapshot at:(t:2, i:0) file:/home/runner/work/ozone/ozone/hadoop-ozone/integration-test/target/test-dir/MiniOzoneClusterImpl-489ebd61-a341-4d14-a135-ade311a26152/datanode-1/data/ratis/2404f025-ddc8-46cf-97bb-b134b5651726/sm/snapshot.2_0 took: 1 ms
2022-10-18 06:31:19,519 [ForkJoinPool.commonPool-worker-1] INFO  impl.StateMachineUpdater (StateMachineUpdater.java:stopAndJoin(153)) - f912eaa7-674f-48b0-9650-7db3a734b84f@group-6617C595C955-StateMachineUpdater: set stopIndex = 16
2022-10-18 06:31:19,519 [f912eaa7-674f-48b0-9650-7db3a734b84f@group-6617C595C955-StateMachineUpdater] INFO  ratis.ContainerStateMachine (ContainerStateMachine.java:takeSnapshot(304)) - group-6617C595C955: Taking a snapshot at:(t:1, i:16) file /home/runner/work/ozone/ozone/hadoop-ozone/integration-test/target/test-dir/MiniOzoneClusterImpl-489ebd61-a341-4d14-a135-ade311a26152/datanode-0/data/ratis/9ffe2c45-a359-4725-8837-6617c595c955/sm/snapshot.1_16
2022-10-18 06:31:19,520 [8d40dd4f-9fd4-4768-a502-00d88259605f@group-B134B5651726-StateMachineUpdater] INFO  impl.StateMachineUpdater (StateMachineUpdater.java:takeSnapshot(287)) - 8d40dd4f-9fd4-4768-a502-00d88259605f@group-B134B5651726-StateMachineUpdater: Took a snapshot at index 0
2022-10-18 06:31:19,520 [8d40dd4f-9fd4-4768-a502-00d88259605f@group-B134B5651726-StateMachineUpdater] INFO  impl.StateMachineUpdater (StateMachineUpdater.java:lambda$new$0(92)) - 8d40dd4f-9fd4-4768-a502-00d88259605f@group-B134B5651726-StateMachineUpdater: snapshotIndex: updateIncreasingly -1 -> 0
2022-10-18 06:31:19,523 [Listener at localhost/33523] INFO  server.RaftServer$Division (ServerState.java:close(429)) - 8d40dd4f-9fd4-4768-a502-00d88259605f@group-B134B5651726: closes. applyIndex: 0
2022-10-18 06:31:19,523 [8d40dd4f-9fd4-4768-a502-00d88259605f@group-B134B5651726-SegmentedRaftLogWorker] INFO  segmented.SegmentedRaftLogWorker (SegmentedRaftLogWorker.java:run(336)) - 8d40dd4f-9fd4-4768-a502-00d88259605f@group-B134B5651726-SegmentedRaftLogWorker was interrupted, exiting. There are 0 tasks remaining in the queue.
2022-10-18 06:31:19,523 [Listener at localhost/33523] INFO  segmented.SegmentedRaftLogWorker (SegmentedRaftLogWorker.java:close(246)) - 8d40dd4f-9fd4-4768-a502-00d88259605f@group-B134B5651726-SegmentedRaftLogWorker close()
2022-10-18 06:31:19,523 [f912eaa7-674f-48b0-9650-7db3a734b84f@group-6617C595C955-StateMachineUpdater] INFO  ratis.ContainerStateMachine (ContainerStateMachine.java:takeSnapshot(315)) - group-6617C595C955: Finished taking a snapshot at:(t:1, i:16) file:/home/runner/work/ozone/ozone/hadoop-ozone/integration-test/target/test-dir/MiniOzoneClusterImpl-489ebd61-a341-4d14-a135-ade311a26152/datanode-0/data/ratis/9ffe2c45-a359-4725-8837-6617c595c955/sm/snapshot.1_16 took: 4 ms
2022-10-18 06:31:19,523 [f912eaa7-674f-48b0-9650-7db3a734b84f@group-6617C595C955-StateMachineUpdater] INFO  impl.StateMachineUpdater (StateMachineUpdater.java:takeSnapshot(287)) - f912eaa7-674f-48b0-9650-7db3a734b84f@group-6617C595C955-StateMachineUpdater: Took a snapshot at index 16
2022-10-18 06:31:19,524 [f912eaa7-674f-48b0-9650-7db3a734b84f@group-6617C595C955-StateMachineUpdater] INFO  impl.StateMachineUpdater (StateMachineUpdater.java:lambda$new$0(92)) - f912eaa7-674f-48b0-9650-7db3a734b84f@group-6617C595C955-StateMachineUpdater: snapshotIndex: updateIncreasingly -1 -> 16
2022-10-18 06:31:19,524 [ForkJoinPool.commonPool-worker-1] INFO  server.RaftServer$Division (ServerState.java:close(429)) - f912eaa7-674f-48b0-9650-7db3a734b84f@group-6617C595C955: closes. applyIndex: 16
2022-10-18 06:31:19,524 [f912eaa7-674f-48b0-9650-7db3a734b84f@group-6617C595C955-SegmentedRaftLogWorker] INFO  segmented.SegmentedRaftLogWorker (SegmentedRaftLogWorker.java:run(336)) - f912eaa7-674f-48b0-9650-7db3a734b84f@group-6617C595C955-SegmentedRaftLogWorker was interrupted, exiting. There are 0 tasks remaining in the queue.
2022-10-18 06:31:19,525 [ForkJoinPool.commonPool-worker-1] INFO  segmented.SegmentedRaftLogWorker (SegmentedRaftLogWorker.java:close(246)) - f912eaa7-674f-48b0-9650-7db3a734b84f@group-6617C595C955-SegmentedRaftLogWorker close()
2022-10-18 06:31:19,525 [Listener at localhost/33523] INFO  server.RaftServer$Division (RaftServerImpl.java:lambda$close$4(434)) - 8d40dd4f-9fd4-4768-a502-00d88259605f@group-E8060E490464: shutdown
2022-10-18 06:31:19,525 [ForkJoinPool.commonPool-worker-1] INFO  server.RaftServer$Division (RaftServerImpl.java:lambda$close$4(434)) - f912eaa7-674f-48b0-9650-7db3a734b84f@group-B134B5651726: shutdown
2022-10-18 06:31:19,526 [Listener at localhost/33523] INFO  util.JmxRegister (JmxRegister.java:unregister(73)) - Successfully un-registered JMX Bean with object name Ratis:service=RaftServer,group=group-E8060E490464,id=8d40dd4f-9fd4-4768-a502-00d88259605f
2022-10-18 06:31:19,526 [Listener at localhost/33523] INFO  impl.RoleInfo (RoleInfo.java:shutdownLeaderState(93)) - 8d40dd4f-9fd4-4768-a502-00d88259605f: shutdown 8d40dd4f-9fd4-4768-a502-00d88259605f@group-E8060E490464-LeaderStateImpl
2022-10-18 06:31:19,526 [ForkJoinPool.commonPool-worker-1] INFO  util.JmxRegister (JmxRegister.java:unregister(73)) - Successfully un-registered JMX Bean with object name Ratis:service=RaftServer,group=group-B134B5651726,id=f912eaa7-674f-48b0-9650-7db3a734b84f
2022-10-18 06:31:19,526 [ForkJoinPool.commonPool-worker-1] INFO  impl.RoleInfo (RoleInfo.java:shutdownFollowerState(110)) - f912eaa7-674f-48b0-9650-7db3a734b84f: shutdown f912eaa7-674f-48b0-9650-7db3a734b84f@group-B134B5651726-FollowerState
2022-10-18 06:31:19,526 [Listener at localhost/33523] INFO  impl.PendingRequests (PendingRequests.java:sendNotLeaderResponses(282)) - 8d40dd4f-9fd4-4768-a502-00d88259605f@group-E8060E490464-PendingRequests: sendNotLeaderResponses
2022-10-18 06:31:19,526 [f912eaa7-674f-48b0-9650-7db3a734b84f@group-B134B5651726-FollowerState] INFO  impl.FollowerState (FollowerState.java:run(152)) - f912eaa7-674f-48b0-9650-7db3a734b84f@group-B134B5651726-FollowerState was interrupted
2022-10-18 06:31:19,526 [f912eaa7-674f-48b0-9650-7db3a734b84f@group-B134B5651726-StateMachineUpdater] INFO  ratis.ContainerStateMachine (ContainerStateMachine.java:takeSnapshot(304)) - group-B134B5651726: Taking a snapshot at:(t:2, i:0) file /home/runner/work/ozone/ozone/hadoop-ozone/integration-test/target/test-dir/MiniOzoneClusterImpl-489ebd61-a341-4d14-a135-ade311a26152/datanode-0/data/ratis/2404f025-ddc8-46cf-97bb-b134b5651726/sm/snapshot.2_0
2022-10-18 06:31:19,526 [ForkJoinPool.commonPool-worker-1] INFO  impl.StateMachineUpdater (StateMachineUpdater.java:stopAndJoin(153)) - f912eaa7-674f-48b0-9650-7db3a734b84f@group-B134B5651726-StateMachineUpdater: set stopIndex = 0
2022-10-18 06:31:19,527 [f912eaa7-674f-48b0-9650-7db3a734b84f@group-B134B5651726-StateMachineUpdater] INFO  ratis.ContainerStateMachine (ContainerStateMachine.java:takeSnapshot(315)) - group-B134B5651726: Finished taking a snapshot at:(t:2, i:0) file:/home/runner/work/ozone/ozone/hadoop-ozone/integration-test/target/test-dir/MiniOzoneClusterImpl-489ebd61-a341-4d14-a135-ade311a26152/datanode-0/data/ratis/2404f025-ddc8-46cf-97bb-b134b5651726/sm/snapshot.2_0 took: 1 ms
2022-10-18 06:31:19,527 [f912eaa7-674f-48b0-9650-7db3a734b84f@group-B134B5651726-StateMachineUpdater] INFO  impl.StateMachineUpdater (StateMachineUpdater.java:takeSnapshot(287)) - f912eaa7-674f-48b0-9650-7db3a734b84f@group-B134B5651726-StateMachineUpdater: Took a snapshot at index 0
2022-10-18 06:31:19,528 [f912eaa7-674f-48b0-9650-7db3a734b84f@group-B134B5651726-StateMachineUpdater] INFO  impl.StateMachineUpdater (StateMachineUpdater.java:lambda$new$0(92)) - f912eaa7-674f-48b0-9650-7db3a734b84f@group-B134B5651726-StateMachineUpdater: snapshotIndex: updateIncreasingly -1 -> 0
2022-10-18 06:31:19,528 [ForkJoinPool.commonPool-worker-1] INFO  server.RaftServer$Division (ServerState.java:close(429)) - f912eaa7-674f-48b0-9650-7db3a734b84f@group-B134B5651726: closes. applyIndex: 0
2022-10-18 06:31:19,528 [f912eaa7-674f-48b0-9650-7db3a734b84f@group-B134B5651726-SegmentedRaftLogWorker] INFO  segmented.SegmentedRaftLogWorker (SegmentedRaftLogWorker.java:run(336)) - f912eaa7-674f-48b0-9650-7db3a734b84f@group-B134B5651726-SegmentedRaftLogWorker was interrupted, exiting. There are 0 tasks remaining in the queue.
2022-10-18 06:31:19,528 [Listener at localhost/33523] INFO  impl.StateMachineUpdater (StateMachineUpdater.java:stopAndJoin(153)) - 8d40dd4f-9fd4-4768-a502-00d88259605f@group-E8060E490464-StateMachineUpdater: set stopIndex = 36
2022-10-18 06:31:19,528 [8d40dd4f-9fd4-4768-a502-00d88259605f@group-E8060E490464-StateMachineUpdater] INFO  ratis.ContainerStateMachine (ContainerStateMachine.java:takeSnapshot(304)) - group-E8060E490464: Taking a snapshot at:(t:1, i:36) file /home/runner/work/ozone/ozone/hadoop-ozone/integration-test/target/test-dir/MiniOzoneClusterImpl-489ebd61-a341-4d14-a135-ade311a26152/datanode-1/data/ratis/d033f1a2-8313-423c-b26b-e8060e490464/sm/snapshot.1_36
2022-10-18 06:31:19,533 [ForkJoinPool.commonPool-worker-1] INFO  segmented.SegmentedRaftLogWorker (SegmentedRaftLogWorker.java:close(246)) - f912eaa7-674f-48b0-9650-7db3a734b84f@group-B134B5651726-SegmentedRaftLogWorker close()
2022-10-18 06:31:19,534 [8d40dd4f-9fd4-4768-a502-00d88259605f@group-E8060E490464-StateMachineUpdater] INFO  ratis.ContainerStateMachine (ContainerStateMachine.java:takeSnapshot(315)) - group-E8060E490464: Finished taking a snapshot at:(t:1, i:36) file:/home/runner/work/ozone/ozone/hadoop-ozone/integration-test/target/test-dir/MiniOzoneClusterImpl-489ebd61-a341-4d14-a135-ade311a26152/datanode-1/data/ratis/d033f1a2-8313-423c-b26b-e8060e490464/sm/snapshot.1_36 took: 6 ms
2022-10-18 06:31:19,534 [8d40dd4f-9fd4-4768-a502-00d88259605f@group-E8060E490464-StateMachineUpdater] INFO  impl.StateMachineUpdater (StateMachineUpdater.java:takeSnapshot(287)) - 8d40dd4f-9fd4-4768-a502-00d88259605f@group-E8060E490464-StateMachineUpdater: Took a snapshot at index 36
2022-10-18 06:31:19,535 [8d40dd4f-9fd4-4768-a502-00d88259605f@group-E8060E490464-StateMachineUpdater] INFO  impl.StateMachineUpdater (StateMachineUpdater.java:lambda$new$0(92)) - 8d40dd4f-9fd4-4768-a502-00d88259605f@group-E8060E490464-StateMachineUpdater: snapshotIndex: updateIncreasingly -1 -> 36
2022-10-18 06:31:19,535 [Listener at localhost/33523] INFO  server.RaftServer$Division (ServerState.java:close(429)) - 8d40dd4f-9fd4-4768-a502-00d88259605f@group-E8060E490464: closes. applyIndex: 36
2022-10-18 06:31:19,535 [8d40dd4f-9fd4-4768-a502-00d88259605f@group-E8060E490464-SegmentedRaftLogWorker] INFO  segmented.SegmentedRaftLogWorker (SegmentedRaftLogWorker.java:run(336)) - 8d40dd4f-9fd4-4768-a502-00d88259605f@group-E8060E490464-SegmentedRaftLogWorker was interrupted, exiting. There are 0 tasks remaining in the queue.
2022-10-18 06:31:19,535 [Listener at localhost/33523] INFO  segmented.SegmentedRaftLogWorker (SegmentedRaftLogWorker.java:close(246)) - 8d40dd4f-9fd4-4768-a502-00d88259605f@group-E8060E490464-SegmentedRaftLogWorker close()
2022-10-18 06:31:19,536 [ForkJoinPool.commonPool-worker-1] INFO  server.GrpcService (GrpcService.java:closeImpl(269)) - f912eaa7-674f-48b0-9650-7db3a734b84f: shutdown server with port 37695 now
2022-10-18 06:31:19,537 [grpc-default-executor-1] WARN  server.GrpcServerProtocolService (LogUtils.java:warn(122)) - f912eaa7-674f-48b0-9650-7db3a734b84f: installSnapshot onError, lastRequest: 333fb9a0-223e-4e03-84f2-9b3e3da077bc->f912eaa7-674f-48b0-9650-7db3a734b84f#1-t2,previous=(t:0, i:0),leaderCommit=0,initializing? true,entries: size=1, first=(t:2, i:0), CONFIGURATIONENTRY: org.apache.ratis.thirdparty.io.grpc.StatusRuntimeException: CANCELLED: client cancelled
2022-10-18 06:31:19,538 [grpc-default-executor-3] WARN  server.GrpcLogAppender (LogUtils.java:warn(122)) - 333fb9a0-223e-4e03-84f2-9b3e3da077bc@group-B134B5651726->f912eaa7-674f-48b0-9650-7db3a734b84f-AppendLogResponseHandler: Failed appendEntries: org.apache.ratis.thirdparty.io.grpc.StatusRuntimeException: CANCELLED: RST_STREAM closed stream. HTTP/2 error code: CANCEL
2022-10-18 06:31:19,539 [Listener at localhost/33523] INFO  server.GrpcService (GrpcService.java:closeImpl(269)) - 8d40dd4f-9fd4-4768-a502-00d88259605f: shutdown server with port 44335 now
2022-10-18 06:31:19,539 [grpc-default-executor-3] WARN  server.GrpcLogAppender (GrpcLogAppender.java:resetClient(111)) - 333fb9a0-223e-4e03-84f2-9b3e3da077bc@group-B134B5651726->f912eaa7-674f-48b0-9650-7db3a734b84f-GrpcLogAppender: Leader has not got in touch with Follower 333fb9a0-223e-4e03-84f2-9b3e3da077bc@group-B134B5651726->f912eaa7-674f-48b0-9650-7db3a734b84f(c0,m0,n1, attendVote=true, lastRpcSendTime=1761, lastRpcResponseTime=1760) yet, just keep nextIndex unchanged and retry.
2022-10-18 06:31:19,542 [grpc-default-executor-2] WARN  server.GrpcServerProtocolService (LogUtils.java:warn(122)) - 8d40dd4f-9fd4-4768-a502-00d88259605f: installSnapshot onError, lastRequest: 333fb9a0-223e-4e03-84f2-9b3e3da077bc->8d40dd4f-9fd4-4768-a502-00d88259605f#1-t2,previous=(t:0, i:0),leaderCommit=-1,initializing? true,entries: size=1, first=(t:2, i:0), CONFIGURATIONENTRY: org.apache.ratis.thirdparty.io.grpc.StatusRuntimeException: CANCELLED: client cancelled
2022-10-18 06:31:19,542 [Listener at localhost/33523] INFO  server.GrpcService (GrpcService.java:closeImpl(278)) - 8d40dd4f-9fd4-4768-a502-00d88259605f: shutdown server with port 44335 successfully
2022-10-18 06:31:19,542 [grpc-default-executor-3] WARN  server.GrpcLogAppender (LogUtils.java:warn(122)) - 333fb9a0-223e-4e03-84f2-9b3e3da077bc@group-B134B5651726->8d40dd4f-9fd4-4768-a502-00d88259605f-AppendLogResponseHandler: Failed appendEntries: org.apache.ratis.thirdparty.io.grpc.StatusRuntimeException: CANCELLED: RST_STREAM closed stream. HTTP/2 error code: CANCEL
2022-10-18 06:31:19,543 [grpc-default-executor-3] WARN  server.GrpcLogAppender (GrpcLogAppender.java:resetClient(111)) - 333fb9a0-223e-4e03-84f2-9b3e3da077bc@group-B134B5651726->8d40dd4f-9fd4-4768-a502-00d88259605f-GrpcLogAppender: Leader has not got in touch with Follower 333fb9a0-223e-4e03-84f2-9b3e3da077bc@group-B134B5651726->8d40dd4f-9fd4-4768-a502-00d88259605f(c0,m0,n1, attendVote=true, lastRpcSendTime=1760, lastRpcResponseTime=1760) yet, just keep nextIndex unchanged and retry.
2022-10-18 06:31:19,543 [org.apache.ratis.util.JvmPauseMonitor$$Lambda$703/523629281@3c89f087] INFO  util.JvmPauseMonitor (JvmPauseMonitor.java:run(109)) - JvmPauseMonitor-8d40dd4f-9fd4-4768-a502-00d88259605f: Stopped
2022-10-18 06:31:19,557 [ForkJoinPool.commonPool-worker-1] INFO  server.GrpcService (GrpcService.java:closeImpl(278)) - f912eaa7-674f-48b0-9650-7db3a734b84f: shutdown server with port 37695 successfully
2022-10-18 06:31:19,557 [org.apache.ratis.util.JvmPauseMonitor$$Lambda$703/523629281@523ad1a5] INFO  util.JvmPauseMonitor (JvmPauseMonitor.java:run(109)) - JvmPauseMonitor-f912eaa7-674f-48b0-9650-7db3a734b84f: Stopped
2022-10-18 06:31:19,617 [EndpointStateMachine task thread for /0.0.0.0:34663 - 0 ] WARN  statemachine.EndpointStateMachine (EndpointStateMachine.java:logIfNeeded(242)) - Unable to communicate to SCM server at 0.0.0.0:34663 for past 0 seconds.
java.io.EOFException: End of File Exception between local host is: "fv-az241-838/10.1.1.164"; destination host is: "0.0.0.0":34663; : java.io.EOFException; For more details see:  http://wiki.apache.org/hadoop/EOFException
	at sun.reflect.NativeConstructorAccessorImpl.newInstance0(Native Method)
	at sun.reflect.NativeConstructorAccessorImpl.newInstance(NativeConstructorAccessorImpl.java:62)
	at sun.reflect.DelegatingConstructorAccessorImpl.newInstance(DelegatingConstructorAccessorImpl.java:45)
	at java.lang.reflect.Constructor.newInstance(Constructor.java:423)
	at org.apache.hadoop.net.NetUtils.wrapWithMessage(NetUtils.java:913)
	at org.apache.hadoop.net.NetUtils.wrapException(NetUtils.java:862)
	at org.apache.hadoop.ipc.Client.getRpcResponse(Client.java:1616)
	at org.apache.hadoop.ipc.Client.call(Client.java:1558)
	at org.apache.hadoop.ipc.Client.call(Client.java:1455)
	at org.apache.hadoop.ipc.ProtobufRpcEngine$Invoker.invoke(ProtobufRpcEngine.java:235)
	at org.apache.hadoop.ipc.ProtobufRpcEngine$Invoker.invoke(ProtobufRpcEngine.java:122)
	at com.sun.proxy.$Proxy54.submitRequest(Unknown Source)
	at org.apache.hadoop.ozone.protocolPB.StorageContainerDatanodeProtocolClientSideTranslatorPB.submitRequest(StorageContainerDatanodeProtocolClientSideTranslatorPB.java:117)
	at org.apache.hadoop.ozone.protocolPB.StorageContainerDatanodeProtocolClientSideTranslatorPB.sendHeartbeat(StorageContainerDatanodeProtocolClientSideTranslatorPB.java:149)
	at org.apache.hadoop.ozone.container.common.states.endpoint.HeartbeatEndpointTask.call(HeartbeatEndpointTask.java:185)
	at org.apache.hadoop.ozone.container.common.states.endpoint.HeartbeatEndpointTask.call(HeartbeatEndpointTask.java:87)
	at java.util.concurrent.FutureTask.run(FutureTask.java:266)
	at java.util.concurrent.ThreadPoolExecutor.runWorker(ThreadPoolExecutor.java:1149)
	at java.util.concurrent.ThreadPoolExecutor$Worker.run(ThreadPoolExecutor.java:624)
	at java.lang.Thread.run(Thread.java:750)
Caused by: java.io.EOFException
	at java.io.DataInputStream.readInt(DataInputStream.java:392)
	at org.apache.hadoop.ipc.Client$IpcStreams.readResponse(Client.java:1922)
	at org.apache.hadoop.ipc.Client$Connection.receiveRpcResponse(Client.java:1238)
	at org.apache.hadoop.ipc.Client$Connection.run(Client.java:1134)
2022-10-18 06:31:20,280 [grpc-default-executor-3] WARN  server.GrpcLogAppender (LogUtils.java:warn(122)) - 333fb9a0-223e-4e03-84f2-9b3e3da077bc@group-B134B5651726->f912eaa7-674f-48b0-9650-7db3a734b84f-AppendLogResponseHandler: Failed appendEntries: org.apache.ratis.thirdparty.io.grpc.StatusRuntimeException: UNAVAILABLE: io exception
2022-10-18 06:31:20,281 [grpc-default-executor-3] WARN  server.GrpcLogAppender (GrpcLogAppender.java:resetClient(111)) - 333fb9a0-223e-4e03-84f2-9b3e3da077bc@group-B134B5651726->f912eaa7-674f-48b0-9650-7db3a734b84f-GrpcLogAppender: Leader has not got in touch with Follower 333fb9a0-223e-4e03-84f2-9b3e3da077bc@group-B134B5651726->f912eaa7-674f-48b0-9650-7db3a734b84f(c0,m0,n1, attendVote=true, lastRpcSendTime=2503, lastRpcResponseTime=2502) yet, just keep nextIndex unchanged and retry.
2022-10-18 06:31:20,288 [grpc-default-executor-2] WARN  server.GrpcLogAppender (LogUtils.java:warn(122)) - 333fb9a0-223e-4e03-84f2-9b3e3da077bc@group-B134B5651726->8d40dd4f-9fd4-4768-a502-00d88259605f-AppendLogResponseHandler: Failed appendEntries: org.apache.ratis.thirdparty.io.grpc.StatusRuntimeException: UNAVAILABLE: io exception
2022-10-18 06:31:20,288 [grpc-default-executor-2] WARN  server.GrpcLogAppender (GrpcLogAppender.java:resetClient(111)) - 333fb9a0-223e-4e03-84f2-9b3e3da077bc@group-B134B5651726->8d40dd4f-9fd4-4768-a502-00d88259605f-GrpcLogAppender: Leader has not got in touch with Follower 333fb9a0-223e-4e03-84f2-9b3e3da077bc@group-B134B5651726->8d40dd4f-9fd4-4768-a502-00d88259605f(c0,m0,n1, attendVote=true, lastRpcSendTime=5, lastRpcResponseTime=2505) yet, just keep nextIndex unchanged and retry.
2022-10-18 06:31:21,533 [grpc-default-executor-2] WARN  server.GrpcLogAppender (LogUtils.java:warn(122)) - 333fb9a0-223e-4e03-84f2-9b3e3da077bc@group-B134B5651726->f912eaa7-674f-48b0-9650-7db3a734b84f-AppendLogResponseHandler: Failed appendEntries: org.apache.ratis.thirdparty.io.grpc.StatusRuntimeException: UNAVAILABLE: io exception
2022-10-18 06:31:21,534 [grpc-default-executor-2] WARN  server.GrpcLogAppender (GrpcLogAppender.java:resetClient(111)) - 333fb9a0-223e-4e03-84f2-9b3e3da077bc@group-B134B5651726->f912eaa7-674f-48b0-9650-7db3a734b84f-GrpcLogAppender: Leader has not got in touch with Follower 333fb9a0-223e-4e03-84f2-9b3e3da077bc@group-B134B5651726->f912eaa7-674f-48b0-9650-7db3a734b84f(c0,m0,n1, attendVote=true, lastRpcSendTime=0, lastRpcResponseTime=3755) yet, just keep nextIndex unchanged and retry.
2022-10-18 06:31:21,534 [grpc-default-executor-3] WARN  server.GrpcLogAppender (LogUtils.java:warn(122)) - 333fb9a0-223e-4e03-84f2-9b3e3da077bc@group-B134B5651726->8d40dd4f-9fd4-4768-a502-00d88259605f-AppendLogResponseHandler: Failed appendEntries: org.apache.ratis.thirdparty.io.grpc.StatusRuntimeException: UNAVAILABLE: io exception
2022-10-18 06:31:21,534 [grpc-default-executor-3] WARN  server.GrpcLogAppender (GrpcLogAppender.java:resetClient(111)) - 333fb9a0-223e-4e03-84f2-9b3e3da077bc@group-B134B5651726->8d40dd4f-9fd4-4768-a502-00d88259605f-GrpcLogAppender: Leader has not got in touch with Follower 333fb9a0-223e-4e03-84f2-9b3e3da077bc@group-B134B5651726->8d40dd4f-9fd4-4768-a502-00d88259605f(c0,m0,n1, attendVote=true, lastRpcSendTime=1, lastRpcResponseTime=3751) yet, just keep nextIndex unchanged and retry.
2022-10-18 06:31:21,575 [Listener at localhost/33523] INFO  utils.BackgroundService (BackgroundService.java:shutdown(141)) - Shutting down service BlockDeletingService
2022-10-18 06:31:21,577 [Listener at localhost/33523] INFO  utils.BackgroundService (BackgroundService.java:shutdown(141)) - Shutting down service StaleRecoveringContainerScrubbingService
2022-10-18 06:31:21,581 [ForkJoinPool.commonPool-worker-1] INFO  utils.BackgroundService (BackgroundService.java:shutdown(141)) - Shutting down service BlockDeletingService
2022-10-18 06:31:21,590 [ForkJoinPool.commonPool-worker-1] INFO  utils.BackgroundService (BackgroundService.java:shutdown(141)) - Shutting down service StaleRecoveringContainerScrubbingService
2022-10-18 06:31:21,594 [Listener at localhost/33523] INFO  statemachine.DatanodeStateMachine (DatanodeStateMachine.java:stopDaemon(580)) - Ozone container server stopped.
2022-10-18 06:31:21,604 [ForkJoinPool.commonPool-worker-1] INFO  statemachine.DatanodeStateMachine (DatanodeStateMachine.java:stopDaemon(580)) - Ozone container server stopped.
2022-10-18 06:31:21,622 [EndpointStateMachine task thread for /0.0.0.0:34663 - 0 ] INFO  ipc.Client (Client.java:handleConnectionFailure(1010)) - Retrying connect to server: 0.0.0.0/0.0.0.0:34663. Already tried 0 time(s); retry policy is RetryUpToMaximumCountWithFixedSleep(maxRetries=15, sleepTime=1000 MILLISECONDS)
2022-10-18 06:31:21,626 [Listener at localhost/33523] INFO  handler.ContextHandler (ContextHandler.java:doStop(1153)) - Stopped o.e.j.w.WebAppContext@76c6ded8{hddsDatanode,/,null,STOPPED}{jar:file:/home/runner/.m2/repository/org/apache/ozone/hdds-container-service/1.3.0-SNAPSHOT/hdds-container-service-1.3.0-SNAPSHOT.jar!/webapps/hddsDatanode}
2022-10-18 06:31:21,634 [Listener at localhost/33523] INFO  server.AbstractConnector (AbstractConnector.java:doStop(381)) - Stopped ServerConnector@1bae1991{HTTP/1.1, (http/1.1)}{0.0.0.0:0}
2022-10-18 06:31:21,634 [Listener at localhost/33523] INFO  server.session (HouseKeeper.java:stopScavenging(149)) - node0 Stopped scavenging
2022-10-18 06:31:21,635 [Listener at localhost/33523] INFO  handler.ContextHandler (ContextHandler.java:doStop(1153)) - Stopped o.e.j.s.ServletContextHandler@5e5eaa7f{static,/static,jar:file:/home/runner/.m2/repository/org/apache/ozone/hdds-container-service/1.3.0-SNAPSHOT/hdds-container-service-1.3.0-SNAPSHOT.jar!/webapps/static,STOPPED}
2022-10-18 06:31:21,635 [Listener at localhost/33523] INFO  handler.ContextHandler (ContextHandler.java:doStop(1153)) - Stopped o.e.j.s.ServletContextHandler@351ac4c7{logs,/logs,file:///home/runner/work/ozone/ozone/hadoop-ozone/integration-test/target/log,STOPPED}
2022-10-18 06:31:21,638 [ForkJoinPool.commonPool-worker-1] INFO  handler.ContextHandler (ContextHandler.java:doStop(1153)) - Stopped o.e.j.w.WebAppContext@39648b7f{hddsDatanode,/,null,STOPPED}{jar:file:/home/runner/.m2/repository/org/apache/ozone/hdds-container-service/1.3.0-SNAPSHOT/hdds-container-service-1.3.0-SNAPSHOT.jar!/webapps/hddsDatanode}
2022-10-18 06:31:21,638 [ForkJoinPool.commonPool-worker-1] INFO  server.AbstractConnector (AbstractConnector.java:doStop(381)) - Stopped ServerConnector@16987824{HTTP/1.1, (http/1.1)}{0.0.0.0:0}
2022-10-18 06:31:21,639 [ForkJoinPool.commonPool-worker-1] INFO  server.session (HouseKeeper.java:stopScavenging(149)) - node0 Stopped scavenging
2022-10-18 06:31:21,641 [ForkJoinPool.commonPool-worker-1] INFO  handler.ContextHandler (ContextHandler.java:doStop(1153)) - Stopped o.e.j.s.ServletContextHandler@2ba83c41{static,/static,jar:file:/home/runner/.m2/repository/org/apache/ozone/hdds-container-service/1.3.0-SNAPSHOT/hdds-container-service-1.3.0-SNAPSHOT.jar!/webapps/static,STOPPED}
2022-10-18 06:31:21,642 [ForkJoinPool.commonPool-worker-1] INFO  handler.ContextHandler (ContextHandler.java:doStop(1153)) - Stopped o.e.j.s.ServletContextHandler@57b2e99{logs,/logs,file:///home/runner/work/ozone/ozone/hadoop-ozone/integration-test/target/log,STOPPED}
2022-10-18 06:31:22,621 [Listener at localhost/33523] INFO  ozoneimpl.OzoneContainer (OzoneContainer.java:stop(400)) - Attempting to stop container services.
2022-10-18 06:31:22,623 [EndpointStateMachine task thread for /0.0.0.0:34663 - 0 ] INFO  ipc.Client (Client.java:handleConnectionFailure(1010)) - Retrying connect to server: 0.0.0.0/0.0.0.0:34663. Already tried 1 time(s); retry policy is RetryUpToMaximumCountWithFixedSleep(maxRetries=15, sleepTime=1000 MILLISECONDS)
2022-10-18 06:31:22,623 [Listener at localhost/33523] INFO  server.RaftServer (RaftServerProxy.java:lambda$close$7(398)) - 333fb9a0-223e-4e03-84f2-9b3e3da077bc: close
2022-10-18 06:31:22,624 [Listener at localhost/33523] INFO  server.RaftServer$Division (RaftServerImpl.java:lambda$close$4(434)) - 333fb9a0-223e-4e03-84f2-9b3e3da077bc@group-7BCAD723620F: shutdown
2022-10-18 06:31:22,624 [Listener at localhost/33523] INFO  util.JmxRegister (JmxRegister.java:unregister(73)) - Successfully un-registered JMX Bean with object name Ratis:service=RaftServer,group=group-7BCAD723620F,id=333fb9a0-223e-4e03-84f2-9b3e3da077bc
2022-10-18 06:31:22,624 [Listener at localhost/33523] INFO  impl.RoleInfo (RoleInfo.java:shutdownFollowerState(110)) - 333fb9a0-223e-4e03-84f2-9b3e3da077bc: shutdown 333fb9a0-223e-4e03-84f2-9b3e3da077bc@group-7BCAD723620F-FollowerState
2022-10-18 06:31:22,624 [Listener at localhost/33523] INFO  impl.StateMachineUpdater (StateMachineUpdater.java:stopAndJoin(153)) - 333fb9a0-223e-4e03-84f2-9b3e3da077bc@group-7BCAD723620F-StateMachineUpdater: set stopIndex = 0
2022-10-18 06:31:22,624 [333fb9a0-223e-4e03-84f2-9b3e3da077bc@group-7BCAD723620F-FollowerState] INFO  impl.FollowerState (FollowerState.java:run(152)) - 333fb9a0-223e-4e03-84f2-9b3e3da077bc@group-7BCAD723620F-FollowerState was interrupted
2022-10-18 06:31:22,625 [333fb9a0-223e-4e03-84f2-9b3e3da077bc@group-7BCAD723620F-StateMachineUpdater] INFO  ratis.ContainerStateMachine (ContainerStateMachine.java:takeSnapshot(304)) - group-7BCAD723620F: Taking a snapshot at:(t:1, i:0) file /home/runner/work/ozone/ozone/hadoop-ozone/integration-test/target/test-dir/MiniOzoneClusterImpl-489ebd61-a341-4d14-a135-ade311a26152/datanode-2/data/ratis/78b5955a-84a3-4c35-8c7c-7bcad723620f/sm/snapshot.1_0
2022-10-18 06:31:22,624 [ForkJoinPool.commonPool-worker-1] INFO  server.RaftServer$Division (RaftServerImpl.java:lambda$close$4(434)) - 333fb9a0-223e-4e03-84f2-9b3e3da077bc@group-B134B5651726: shutdown
2022-10-18 06:31:22,625 [ForkJoinPool.commonPool-worker-1] INFO  util.JmxRegister (JmxRegister.java:unregister(73)) - Successfully un-registered JMX Bean with object name Ratis:service=RaftServer,group=group-B134B5651726,id=333fb9a0-223e-4e03-84f2-9b3e3da077bc
2022-10-18 06:31:22,625 [ForkJoinPool.commonPool-worker-1] INFO  impl.RoleInfo (RoleInfo.java:shutdownLeaderState(93)) - 333fb9a0-223e-4e03-84f2-9b3e3da077bc: shutdown 333fb9a0-223e-4e03-84f2-9b3e3da077bc@group-B134B5651726-LeaderStateImpl
2022-10-18 06:31:22,625 [ForkJoinPool.commonPool-worker-1] INFO  impl.PendingRequests (PendingRequests.java:sendNotLeaderResponses(282)) - 333fb9a0-223e-4e03-84f2-9b3e3da077bc@group-B134B5651726-PendingRequests: sendNotLeaderResponses
2022-10-18 06:31:22,626 [ForkJoinPool.commonPool-worker-1] INFO  impl.StateMachineUpdater (StateMachineUpdater.java:stopAndJoin(153)) - 333fb9a0-223e-4e03-84f2-9b3e3da077bc@group-B134B5651726-StateMachineUpdater: set stopIndex = 0
2022-10-18 06:31:22,626 [333fb9a0-223e-4e03-84f2-9b3e3da077bc@group-B134B5651726-StateMachineUpdater] INFO  ratis.ContainerStateMachine (ContainerStateMachine.java:takeSnapshot(304)) - group-B134B5651726: Taking a snapshot at:(t:2, i:0) file /home/runner/work/ozone/ozone/hadoop-ozone/integration-test/target/test-dir/MiniOzoneClusterImpl-489ebd61-a341-4d14-a135-ade311a26152/datanode-2/data/ratis/2404f025-ddc8-46cf-97bb-b134b5651726/sm/snapshot.2_0
2022-10-18 06:31:22,627 [333fb9a0-223e-4e03-84f2-9b3e3da077bc@group-7BCAD723620F-StateMachineUpdater] INFO  ratis.ContainerStateMachine (ContainerStateMachine.java:takeSnapshot(315)) - group-7BCAD723620F: Finished taking a snapshot at:(t:1, i:0) file:/home/runner/work/ozone/ozone/hadoop-ozone/integration-test/target/test-dir/MiniOzoneClusterImpl-489ebd61-a341-4d14-a135-ade311a26152/datanode-2/data/ratis/78b5955a-84a3-4c35-8c7c-7bcad723620f/sm/snapshot.1_0 took: 2 ms
2022-10-18 06:31:22,627 [333fb9a0-223e-4e03-84f2-9b3e3da077bc@group-B134B5651726-StateMachineUpdater] INFO  ratis.ContainerStateMachine (ContainerStateMachine.java:takeSnapshot(315)) - group-B134B5651726: Finished taking a snapshot at:(t:2, i:0) file:/home/runner/work/ozone/ozone/hadoop-ozone/integration-test/target/test-dir/MiniOzoneClusterImpl-489ebd61-a341-4d14-a135-ade311a26152/datanode-2/data/ratis/2404f025-ddc8-46cf-97bb-b134b5651726/sm/snapshot.2_0 took: 1 ms
2022-10-18 06:31:22,627 [333fb9a0-223e-4e03-84f2-9b3e3da077bc@group-7BCAD723620F-StateMachineUpdater] INFO  impl.StateMachineUpdater (StateMachineUpdater.java:takeSnapshot(287)) - 333fb9a0-223e-4e03-84f2-9b3e3da077bc@group-7BCAD723620F-StateMachineUpdater: Took a snapshot at index 0
2022-10-18 06:31:22,627 [333fb9a0-223e-4e03-84f2-9b3e3da077bc@group-7BCAD723620F-StateMachineUpdater] INFO  impl.StateMachineUpdater (StateMachineUpdater.java:lambda$new$0(92)) - 333fb9a0-223e-4e03-84f2-9b3e3da077bc@group-7BCAD723620F-StateMachineUpdater: snapshotIndex: updateIncreasingly -1 -> 0
2022-10-18 06:31:22,627 [333fb9a0-223e-4e03-84f2-9b3e3da077bc@group-B134B5651726-StateMachineUpdater] INFO  impl.StateMachineUpdater (StateMachineUpdater.java:takeSnapshot(287)) - 333fb9a0-223e-4e03-84f2-9b3e3da077bc@group-B134B5651726-StateMachineUpdater: Took a snapshot at index 0
2022-10-18 06:31:22,627 [333fb9a0-223e-4e03-84f2-9b3e3da077bc@group-B134B5651726-StateMachineUpdater] INFO  impl.StateMachineUpdater (StateMachineUpdater.java:lambda$new$0(92)) - 333fb9a0-223e-4e03-84f2-9b3e3da077bc@group-B134B5651726-StateMachineUpdater: snapshotIndex: updateIncreasingly -1 -> 0
2022-10-18 06:31:22,628 [ForkJoinPool.commonPool-worker-1] INFO  server.RaftServer$Division (ServerState.java:close(429)) - 333fb9a0-223e-4e03-84f2-9b3e3da077bc@group-B134B5651726: closes. applyIndex: 0
2022-10-18 06:31:22,628 [333fb9a0-223e-4e03-84f2-9b3e3da077bc@group-B134B5651726-SegmentedRaftLogWorker] INFO  segmented.SegmentedRaftLogWorker (SegmentedRaftLogWorker.java:run(336)) - 333fb9a0-223e-4e03-84f2-9b3e3da077bc@group-B134B5651726-SegmentedRaftLogWorker was interrupted, exiting. There are 0 tasks remaining in the queue.
2022-10-18 06:31:22,628 [Listener at localhost/33523] INFO  server.RaftServer$Division (ServerState.java:close(429)) - 333fb9a0-223e-4e03-84f2-9b3e3da077bc@group-7BCAD723620F: closes. applyIndex: 0
2022-10-18 06:31:22,628 [333fb9a0-223e-4e03-84f2-9b3e3da077bc@group-7BCAD723620F-SegmentedRaftLogWorker] INFO  segmented.SegmentedRaftLogWorker (SegmentedRaftLogWorker.java:run(336)) - 333fb9a0-223e-4e03-84f2-9b3e3da077bc@group-7BCAD723620F-SegmentedRaftLogWorker was interrupted, exiting. There are 0 tasks remaining in the queue.
2022-10-18 06:31:22,628 [ForkJoinPool.commonPool-worker-1] INFO  segmented.SegmentedRaftLogWorker (SegmentedRaftLogWorker.java:close(246)) - 333fb9a0-223e-4e03-84f2-9b3e3da077bc@group-B134B5651726-SegmentedRaftLogWorker close()
2022-10-18 06:31:22,629 [ForkJoinPool.commonPool-worker-1] INFO  server.RaftServer$Division (RaftServerImpl.java:lambda$close$4(434)) - 333fb9a0-223e-4e03-84f2-9b3e3da077bc@group-05D64046F8CA: shutdown
2022-10-18 06:31:22,629 [ForkJoinPool.commonPool-worker-1] INFO  util.JmxRegister (JmxRegister.java:unregister(73)) - Successfully un-registered JMX Bean with object name Ratis:service=RaftServer,group=group-05D64046F8CA,id=333fb9a0-223e-4e03-84f2-9b3e3da077bc
2022-10-18 06:31:22,629 [ForkJoinPool.commonPool-worker-1] INFO  impl.RoleInfo (RoleInfo.java:shutdownLeaderState(93)) - 333fb9a0-223e-4e03-84f2-9b3e3da077bc: shutdown 333fb9a0-223e-4e03-84f2-9b3e3da077bc@group-05D64046F8CA-LeaderStateImpl
2022-10-18 06:31:22,629 [ForkJoinPool.commonPool-worker-1] INFO  impl.PendingRequests (PendingRequests.java:sendNotLeaderResponses(282)) - 333fb9a0-223e-4e03-84f2-9b3e3da077bc@group-05D64046F8CA-PendingRequests: sendNotLeaderResponses
2022-10-18 06:31:22,630 [ForkJoinPool.commonPool-worker-1] INFO  impl.StateMachineUpdater (StateMachineUpdater.java:stopAndJoin(153)) - 333fb9a0-223e-4e03-84f2-9b3e3da077bc@group-05D64046F8CA-StateMachineUpdater: set stopIndex = 6
2022-10-18 06:31:22,630 [333fb9a0-223e-4e03-84f2-9b3e3da077bc@group-05D64046F8CA-StateMachineUpdater] INFO  ratis.ContainerStateMachine (ContainerStateMachine.java:takeSnapshot(304)) - group-05D64046F8CA: Taking a snapshot at:(t:1, i:6) file /home/runner/work/ozone/ozone/hadoop-ozone/integration-test/target/test-dir/MiniOzoneClusterImpl-489ebd61-a341-4d14-a135-ade311a26152/datanode-2/data/ratis/1958a87d-9d39-4434-978e-05d64046f8ca/sm/snapshot.1_6
2022-10-18 06:31:22,630 [Listener at localhost/33523] INFO  segmented.SegmentedRaftLogWorker (SegmentedRaftLogWorker.java:close(246)) - 333fb9a0-223e-4e03-84f2-9b3e3da077bc@group-7BCAD723620F-SegmentedRaftLogWorker close()
2022-10-18 06:31:22,631 [333fb9a0-223e-4e03-84f2-9b3e3da077bc@group-05D64046F8CA-StateMachineUpdater] INFO  ratis.ContainerStateMachine (ContainerStateMachine.java:takeSnapshot(315)) - group-05D64046F8CA: Finished taking a snapshot at:(t:1, i:6) file:/home/runner/work/ozone/ozone/hadoop-ozone/integration-test/target/test-dir/MiniOzoneClusterImpl-489ebd61-a341-4d14-a135-ade311a26152/datanode-2/data/ratis/1958a87d-9d39-4434-978e-05d64046f8ca/sm/snapshot.1_6 took: 2 ms
2022-10-18 06:31:22,631 [333fb9a0-223e-4e03-84f2-9b3e3da077bc@group-05D64046F8CA-StateMachineUpdater] INFO  impl.StateMachineUpdater (StateMachineUpdater.java:takeSnapshot(287)) - 333fb9a0-223e-4e03-84f2-9b3e3da077bc@group-05D64046F8CA-StateMachineUpdater: Took a snapshot at index 6
2022-10-18 06:31:22,631 [333fb9a0-223e-4e03-84f2-9b3e3da077bc@group-05D64046F8CA-StateMachineUpdater] INFO  impl.StateMachineUpdater (StateMachineUpdater.java:lambda$new$0(92)) - 333fb9a0-223e-4e03-84f2-9b3e3da077bc@group-05D64046F8CA-StateMachineUpdater: snapshotIndex: updateIncreasingly -1 -> 6
2022-10-18 06:31:22,632 [ForkJoinPool.commonPool-worker-1] INFO  server.RaftServer$Division (ServerState.java:close(429)) - 333fb9a0-223e-4e03-84f2-9b3e3da077bc@group-05D64046F8CA: closes. applyIndex: 6
2022-10-18 06:31:22,632 [333fb9a0-223e-4e03-84f2-9b3e3da077bc@group-05D64046F8CA-SegmentedRaftLogWorker] INFO  segmented.SegmentedRaftLogWorker (SegmentedRaftLogWorker.java:run(336)) - 333fb9a0-223e-4e03-84f2-9b3e3da077bc@group-05D64046F8CA-SegmentedRaftLogWorker was interrupted, exiting. There are 0 tasks remaining in the queue.
2022-10-18 06:31:22,632 [ForkJoinPool.commonPool-worker-1] INFO  segmented.SegmentedRaftLogWorker (SegmentedRaftLogWorker.java:close(246)) - 333fb9a0-223e-4e03-84f2-9b3e3da077bc@group-05D64046F8CA-SegmentedRaftLogWorker close()
2022-10-18 06:31:22,633 [Listener at localhost/33523] INFO  server.GrpcService (GrpcService.java:closeImpl(269)) - 333fb9a0-223e-4e03-84f2-9b3e3da077bc: shutdown server with port 38805 now
2022-10-18 06:31:22,636 [Listener at localhost/33523] INFO  server.GrpcService (GrpcService.java:closeImpl(278)) - 333fb9a0-223e-4e03-84f2-9b3e3da077bc: shutdown server with port 38805 successfully
2022-10-18 06:31:22,636 [org.apache.ratis.util.JvmPauseMonitor$$Lambda$703/523629281@40125fad] INFO  util.JvmPauseMonitor (JvmPauseMonitor.java:run(109)) - JvmPauseMonitor-333fb9a0-223e-4e03-84f2-9b3e3da077bc: Stopped
2022-10-18 06:31:23,623 [EndpointStateMachine task thread for /0.0.0.0:34663 - 0 ] INFO  ipc.Client (Client.java:handleConnectionFailure(1010)) - Retrying connect to server: 0.0.0.0/0.0.0.0:34663. Already tried 2 time(s); retry policy is RetryUpToMaximumCountWithFixedSleep(maxRetries=15, sleepTime=1000 MILLISECONDS)
2022-10-18 06:31:24,624 [EndpointStateMachine task thread for /0.0.0.0:34663 - 0 ] INFO  ipc.Client (Client.java:handleConnectionFailure(1010)) - Retrying connect to server: 0.0.0.0/0.0.0.0:34663. Already tried 3 time(s); retry policy is RetryUpToMaximumCountWithFixedSleep(maxRetries=15, sleepTime=1000 MILLISECONDS)
2022-10-18 06:31:24,649 [Listener at localhost/33523] INFO  utils.BackgroundService (BackgroundService.java:shutdown(141)) - Shutting down service BlockDeletingService
2022-10-18 06:31:24,650 [Listener at localhost/33523] INFO  utils.BackgroundService (BackgroundService.java:shutdown(141)) - Shutting down service StaleRecoveringContainerScrubbingService
2022-10-18 06:31:24,651 [Listener at localhost/33523] INFO  statemachine.DatanodeStateMachine (DatanodeStateMachine.java:stopDaemon(580)) - Ozone container server stopped.
2022-10-18 06:31:24,659 [Listener at localhost/33523] INFO  handler.ContextHandler (ContextHandler.java:doStop(1153)) - Stopped o.e.j.w.WebAppContext@2d921c9{hddsDatanode,/,null,STOPPED}{jar:file:/home/runner/.m2/repository/org/apache/ozone/hdds-container-service/1.3.0-SNAPSHOT/hdds-container-service-1.3.0-SNAPSHOT.jar!/webapps/hddsDatanode}
2022-10-18 06:31:24,659 [Listener at localhost/33523] INFO  server.AbstractConnector (AbstractConnector.java:doStop(381)) - Stopped ServerConnector@1855b845{HTTP/1.1, (http/1.1)}{0.0.0.0:0}
2022-10-18 06:31:24,659 [Listener at localhost/33523] INFO  server.session (HouseKeeper.java:stopScavenging(149)) - node0 Stopped scavenging
2022-10-18 06:31:24,660 [Listener at localhost/33523] INFO  handler.ContextHandler (ContextHandler.java:doStop(1153)) - Stopped o.e.j.s.ServletContextHandler@238aff5d{static,/static,jar:file:/home/runner/.m2/repository/org/apache/ozone/hdds-container-service/1.3.0-SNAPSHOT/hdds-container-service-1.3.0-SNAPSHOT.jar!/webapps/static,STOPPED}
2022-10-18 06:31:24,660 [Listener at localhost/33523] INFO  handler.ContextHandler (ContextHandler.java:doStop(1153)) - Stopped o.e.j.s.ServletContextHandler@25b20814{logs,/logs,file:///home/runner/work/ozone/ozone/hadoop-ozone/integration-test/target/log,STOPPED}
2022-10-18 06:31:24,721 [Listener at localhost/33523] WARN  server.ServerUtils (ServerUtils.java:getScmDbDir(148)) - ozone.scm.db.dirs is not configured. We recommend adding this setting. Falling back to ozone.metadata.dirs instead.
2022-10-18 06:31:24,723 [Listener at localhost/33523] WARN  server.ServerUtils (ServerUtils.java:getScmDbDir(148)) - ozone.scm.db.dirs is not configured. We recommend adding this setting. Falling back to ozone.metadata.dirs instead.
2022-10-18 06:31:24,724 [Listener at localhost/33523] INFO  ha.SCMHANodeDetails (SCMHANodeDetails.java:loadSCMHAConfig(209)) - ServiceID for StorageContainerManager is null
2022-10-18 06:31:24,724 [Listener at localhost/33523] INFO  ha.SCMHANodeDetails (SCMHANodeDetails.java:loadSCMHAConfig(214)) - ozone.scm.default.service.id is not defined, falling back to ozone.scm.service.ids to find serviceID for StorageContainerManager if it is HA enabled cluster
2022-10-18 06:31:24,724 [Listener at localhost/33523] WARN  utils.HAUtils (HAUtils.java:getMetaDir(342)) - ozone.scm.db.dirs is not configured. We recommend adding this setting. Falling back to ozone.metadata.dirs instead.
2022-10-18 06:31:24,725 [Listener at localhost/33523] WARN  db.DBStoreBuilder (DBStoreBuilder.java:applyDBDefinition(144)) - ozone.scm.db.dirs is not configured. We recommend adding this setting. Falling back to ozone.metadata.dirs instead.
2022-10-18 06:31:24,812 [Listener at localhost/33523] INFO  net.NodeSchemaLoader (NodeSchemaLoader.java:loadSchemaFromFile(129)) - Loading schema from [jar:file:/home/runner/.m2/repository/org/apache/ozone/hdds-common/1.3.0-SNAPSHOT/hdds-common-1.3.0-SNAPSHOT.jar!/network-topology-default.xml]
2022-10-18 06:31:24,812 [Listener at localhost/33523] INFO  net.NodeSchemaLoader (NodeSchemaLoader.java:loadSchema(176)) - Loading network topology layer schema file
2022-10-18 06:31:24,814 [Listener at localhost/33523] INFO  upgrade.AbstractLayoutVersionManager (AbstractLayoutVersionManager.java:init(83)) - Initializing Layout version manager with metadata layout = DATANODE_SCHEMA_V3 (version = 4), software layout = DATANODE_SCHEMA_V3 (version = 4)
2022-10-18 06:31:24,855 [Listener at localhost/33523] INFO  reflections.Reflections (Reflections.java:scan(232)) - Reflections took 40 ms to scan 7 urls, producing 137 keys and 328 values 
2022-10-18 06:31:24,857 [Listener at localhost/33523] INFO  ha.SequenceIdGenerator (SequenceIdGenerator.java:upgradeToSequenceId(349)) - upgrade localId to 109611004723200000
2022-10-18 06:31:24,858 [Listener at localhost/33523] INFO  ha.SequenceIdGenerator (SequenceIdGenerator.java:upgradeToSequenceId(359)) - upgrade delTxnId to 0
2022-10-18 06:31:24,858 [Listener at localhost/33523] INFO  ha.SequenceIdGenerator (SequenceIdGenerator.java:upgradeToSequenceId(376)) - upgrade containerId to 0
2022-10-18 06:31:24,858 [Listener at localhost/33523] INFO  ha.SequenceIdGenerator (SequenceIdGenerator.java:<init>(220)) - Init the HA SequenceIdGenerator.
2022-10-18 06:31:24,858 [Listener at localhost/33523] WARN  server.ServerUtils (ServerUtils.java:sanitizeUserArgs(73)) - ozone.scm.stale.node.interval value = 300000 is larger than max = 100000 based on the key value of ozone.scm.heartbeat.thread.interval, reset to the max value 100000.
2022-10-18 06:31:24,858 [Listener at localhost/33523] WARN  server.ServerUtils (ServerUtils.java:sanitizeUserArgs(73)) - ozone.scm.stale.node.interval value = 300000 is larger than max = 100000 based on the key value of ozone.scm.heartbeat.thread.interval, reset to the max value 100000.
2022-10-18 06:31:24,859 [Listener at localhost/33523] INFO  node.SCMNodeManager (SCMNodeManager.java:<init>(149)) - Entering startup safe mode.
2022-10-18 06:31:24,860 [Listener at localhost/33523] INFO  algorithms.ContainerPlacementPolicyFactory (ContainerPlacementPolicyFactory.java:getPolicyInternal(86)) - Create container placement policy of type org.apache.hadoop.hdds.scm.container.placement.algorithms.SCMContainerPlacementRandom
2022-10-18 06:31:24,860 [Listener at localhost/33523] INFO  algorithms.ContainerPlacementPolicyFactory (ContainerPlacementPolicyFactory.java:getPolicyInternal(86)) - Create container placement policy of type org.apache.hadoop.hdds.scm.container.placement.algorithms.SCMContainerPlacementRackScatter
2022-10-18 06:31:24,860 [Listener at localhost/33523] INFO  pipeline.PipelineStateManagerImpl (PipelineStateManagerImpl.java:initialize(78)) - No pipeline exists in current db
2022-10-18 06:31:24,860 [Listener at localhost/33523] INFO  algorithms.LeaderChoosePolicyFactory (LeaderChoosePolicyFactory.java:getPolicy(57)) - Create leader choose policy of type org.apache.hadoop.hdds.scm.pipeline.leader.choose.algorithms.MinLeaderCountChoosePolicy
2022-10-18 06:31:24,860 [Listener at localhost/33523] INFO  algorithms.ContainerPlacementPolicyFactory (ContainerPlacementPolicyFactory.java:getPolicyInternal(86)) - Create container placement policy of type org.apache.hadoop.hdds.scm.container.placement.algorithms.SCMContainerPlacementRackScatter
2022-10-18 06:31:24,861 [Listener at localhost/33523] INFO  ha.SCMServiceManager (SCMServiceManager.java:register(42)) - Registering service BackgroundPipelineCreator.
2022-10-18 06:31:24,861 [Listener at localhost/33523] INFO  pipeline.BackgroundPipelineCreator (BackgroundPipelineCreator.java:start(124)) - Starting RatisPipelineUtilsThread.
2022-10-18 06:31:24,864 [Listener at localhost/33523] INFO  BackgroundPipelineScrubber (BackgroundSCMService.java:start(68)) - Starting BackgroundPipelineScrubber Service.
2022-10-18 06:31:24,864 [Listener at localhost/33523] INFO  ha.SCMServiceManager (SCMServiceManager.java:register(42)) - Registering service BackgroundPipelineScrubber.
2022-10-18 06:31:24,864 [Listener at localhost/33523] INFO  ExpiredContainerReplicaOpScrubber (BackgroundSCMService.java:start(68)) - Starting ExpiredContainerReplicaOpScrubber Service.
2022-10-18 06:31:24,864 [Listener at localhost/33523] INFO  ha.SCMServiceManager (SCMServiceManager.java:register(42)) - Registering service ExpiredContainerReplicaOpScrubber.
2022-10-18 06:31:24,866 [Listener at localhost/33523] INFO  algorithms.PipelineChoosePolicyFactory (PipelineChoosePolicyFactory.java:createPipelineChoosePolicyFromClass(73)) - Create pipeline choose policy of type org.apache.hadoop.hdds.scm.pipeline.choose.algorithms.RandomPipelineChoosePolicy
2022-10-18 06:31:24,866 [Listener at localhost/33523] INFO  ha.SCMServiceManager (SCMServiceManager.java:register(42)) - Registering service SCMBlockDeletingService.
2022-10-18 06:31:24,867 [Listener at localhost/33523] INFO  replication.ReplicationManager (ReplicationManager.java:start(223)) - Starting Replication Monitor Thread.
2022-10-18 06:31:24,868 [Listener at localhost/33523] INFO  ha.SCMServiceManager (SCMServiceManager.java:register(42)) - Registering service ReplicationManager.
2022-10-18 06:31:24,868 [Listener at localhost/33523] INFO  safemode.ContainerSafeModeRule (ContainerSafeModeRule.java:<init>(89)) - containers with one replica threshold count 0
2022-10-18 06:31:24,869 [Listener at localhost/33523] INFO  safemode.HealthyPipelineSafeModeRule (HealthyPipelineSafeModeRule.java:initializeRule(169)) - Total pipeline count is 0, healthy pipeline threshold count is 1
2022-10-18 06:31:24,869 [Listener at localhost/33523] INFO  safemode.OneReplicaPipelineSafeModeRule (OneReplicaPipelineSafeModeRule.java:initializeRule(180)) - Total pipeline count is 0, pipeline's with at least one datanode reported threshold count is 0
2022-10-18 06:31:24,869 [ReplicationMonitor] INFO  replication.ReplicationManager (ReplicationManager.java:processAll(291)) - Replication Manager is not ready to run until 3000ms after safemode exit
2022-10-18 06:31:24,870 [Listener at localhost/33523] INFO  ipc.CallQueueManager (CallQueueManager.java:<init>(90)) - Using callQueue: class java.util.concurrent.LinkedBlockingQueue, queueCapacity: 2000, scheduler: class org.apache.hadoop.ipc.DefaultRpcScheduler, ipcBackoff: false.
2022-10-18 06:31:24,872 [Listener at 0.0.0.0/40199] INFO  ipc.CallQueueManager (CallQueueManager.java:<init>(90)) - Using callQueue: class java.util.concurrent.LinkedBlockingQueue, queueCapacity: 2000, scheduler: class org.apache.hadoop.ipc.DefaultRpcScheduler, ipcBackoff: false.
2022-10-18 06:31:24,872 [Socket Reader #1 for port 0] INFO  ipc.Server (Server.java:run(1273)) - Starting Socket Reader #1 for port 0
2022-10-18 06:31:24,872 [Socket Reader #1 for port 0] INFO  ipc.Server (Server.java:run(1273)) - Starting Socket Reader #1 for port 0
2022-10-18 06:31:24,874 [Listener at 0.0.0.0/36531] INFO  ipc.CallQueueManager (CallQueueManager.java:<init>(90)) - Using callQueue: class java.util.concurrent.LinkedBlockingQueue, queueCapacity: 2000, scheduler: class org.apache.hadoop.ipc.DefaultRpcScheduler, ipcBackoff: false.
2022-10-18 06:31:24,874 [Socket Reader #1 for port 0] INFO  ipc.Server (Server.java:run(1273)) - Starting Socket Reader #1 for port 0
2022-10-18 06:31:24,890 [Listener at 0.0.0.0/44991] INFO  ha.SCMServiceManager (SCMServiceManager.java:register(42)) - Registering service ContainerBalancer.
2022-10-18 06:31:24,891 [Listener at 0.0.0.0/44991] INFO  server.StorageContainerManager (StorageContainerManager.java:<init>(410)) - 
Container Balancer status:
Key                            Value
Running                        true
Container Balancer Configuration values:
Key                                                Value
Threshold                                          10
Max Datanodes to Involve per Iteration(percent)    20
Max Size to Move per Iteration                     500GB
Max Size Entering Target per Iteration             26GB
Max Size Leaving Source per Iteration              26GB

2022-10-18 06:31:24,891 [Listener at 0.0.0.0/44991] WARN  events.EventQueue (EventQueue.java:fireEvent(216)) - No event handler registered for event TypedEvent{payloadType=SafeModeStatus, name='Safe mode status'}
2022-10-18 06:31:24,891 [Listener at 0.0.0.0/44991] INFO  ha.SCMContext (SCMContext.java:updateSafeModeStatus(228)) - Update SafeModeStatus from SafeModeStatus{safeModeStatus=true, preCheckPassed=false} to SafeModeStatus{safeModeStatus=true, preCheckPassed=false}.
2022-10-18 06:31:24,891 [Listener at 0.0.0.0/44991] INFO  server.StorageContainerManager (StorageContainerManager.java:start(1436)) - StorageContainerLocationProtocol RPC server is listening at /0.0.0.0:44991
2022-10-18 06:31:24,892 [Listener at 0.0.0.0/44991] WARN  impl.MetricsConfig (MetricsConfig.java:loadFirst(136)) - Cannot locate configuration: tried hadoop-metrics2-storagecontainermanager.properties,hadoop-metrics2.properties
2022-10-18 06:31:24,893 [Listener at 0.0.0.0/44991] INFO  impl.MetricsSystemImpl (MetricsSystemImpl.java:startTimer(378)) - Scheduled Metric snapshot period at 10 second(s).
2022-10-18 06:31:24,893 [Listener at 0.0.0.0/44991] INFO  impl.MetricsSystemImpl (MetricsSystemImpl.java:start(191)) - StorageContainerManager metrics system started
2022-10-18 06:31:24,912 [Listener at 0.0.0.0/44991] INFO  impl.MetricsSinkAdapter (MetricsSinkAdapter.java:start(204)) - Sink prometheus started
2022-10-18 06:31:24,912 [Listener at 0.0.0.0/44991] INFO  impl.MetricsSystemImpl (MetricsSystemImpl.java:registerSink(305)) - Registered sink prometheus
2022-10-18 06:31:24,923 [Listener at 0.0.0.0/44991] INFO  server.SCMClientProtocolServer (SCMClientProtocolServer.java:start(170)) - RPC server for Client  is listening at /0.0.0.0:44991
2022-10-18 06:31:24,924 [IPC Server Responder] INFO  ipc.Server (Server.java:run(1512)) - IPC Server Responder: starting
2022-10-18 06:31:24,924 [IPC Server listener on 0] INFO  ipc.Server (Server.java:run(1352)) - IPC Server listener on 0: starting
2022-10-18 06:31:24,930 [Listener at 0.0.0.0/44991] INFO  server.StorageContainerManager (StorageContainerManager.java:start(1451)) - ScmBlockLocationProtocol RPC server is listening at /0.0.0.0:36531
2022-10-18 06:31:24,930 [Listener at 0.0.0.0/44991] INFO  server.SCMBlockProtocolServer (SCMBlockProtocolServer.java:start(152)) - RPC server for Block Protocol is listening at /0.0.0.0:36531
2022-10-18 06:31:24,930 [IPC Server Responder] INFO  ipc.Server (Server.java:run(1512)) - IPC Server Responder: starting
2022-10-18 06:31:24,930 [IPC Server listener on 0] INFO  ipc.Server (Server.java:run(1352)) - IPC Server listener on 0: starting
2022-10-18 06:31:24,939 [Listener at 0.0.0.0/44991] INFO  server.SCMDatanodeProtocolServer (SCMDatanodeProtocolServer.java:start(186)) - ScmDatanodeProtocol RPC server for DataNodes is listening at /0.0.0.0:40199
2022-10-18 06:31:24,941 [IPC Server Responder] INFO  ipc.Server (Server.java:run(1512)) - IPC Server Responder: starting
2022-10-18 06:31:24,941 [IPC Server listener on 0] INFO  ipc.Server (Server.java:run(1352)) - IPC Server listener on 0: starting
2022-10-18 06:31:24,947 [org.apache.hadoop.util.JvmPauseMonitor$Monitor@38e3de9e] INFO  util.JvmPauseMonitor (JvmPauseMonitor.java:run(188)) - Starting JVM pause monitor
2022-10-18 06:31:24,948 [Listener at 0.0.0.0/44991] INFO  http.BaseHttpServer (BaseHttpServer.java:newHttpServer2BuilderForOzone(213)) - Starting Web-server for scm at: http://0.0.0.0:0
2022-10-18 06:31:24,948 [Listener at 0.0.0.0/44991] INFO  http.BaseHttpServer (BaseHttpServer.java:<init>(108)) - Hadoop Security Enabled: false Ozone Security Enabled: false Ozone HTTP Security Enabled: false 
2022-10-18 06:31:24,949 [Listener at 0.0.0.0/44991] WARN  server.AuthenticationFilter (AuthenticationFilter.java:constructSecretProvider(240)) - Unable to initialize FileSignerSecretProvider, falling back to use random secrets. Reason: Could not read signature secret file: /home/runner/hadoop-http-auth-signature-secret
2022-10-18 06:31:24,949 [Listener at 0.0.0.0/44991] WARN  http.HttpRequestLog (HttpRequestLog.java:getRequestLog(103)) - Jetty request log can only be enabled using Log4j
2022-10-18 06:31:24,951 [Listener at 0.0.0.0/44991] INFO  http.HttpServer2 (HttpServer2.java:addGlobalFilter(1031)) - Added global filter 'safety' (class=org.apache.hadoop.hdds.server.http.HttpServer2$QuotingInputFilter)
2022-10-18 06:31:24,951 [Listener at 0.0.0.0/44991] INFO  http.HttpServer2 (HttpServer2.java:addFilter(1007)) - Added filter static_user_filter (class=org.apache.hadoop.http.lib.StaticUserWebFilter$StaticUserFilter) to context scm
2022-10-18 06:31:24,951 [Listener at 0.0.0.0/44991] INFO  http.HttpServer2 (HttpServer2.java:addFilter(1015)) - Added filter static_user_filter (class=org.apache.hadoop.http.lib.StaticUserWebFilter$StaticUserFilter) to context static
2022-10-18 06:31:24,952 [Listener at 0.0.0.0/44991] INFO  http.HttpServer2 (HttpServer2.java:addFilter(1015)) - Added filter static_user_filter (class=org.apache.hadoop.http.lib.StaticUserWebFilter$StaticUserFilter) to context logs
2022-10-18 06:31:24,952 [Listener at 0.0.0.0/44991] INFO  http.HttpServer2 (HttpServer2.java:bindListener(1250)) - Jetty bound to port 34563
2022-10-18 06:31:24,952 [Listener at 0.0.0.0/44991] INFO  server.Server (Server.java:doStart(375)) - jetty-9.4.43.v20210629; built: 2021-06-30T11:07:22.254Z; git: 526006ecfa3af7f1a27ef3a288e2bef7ea9dd7e8; jvm 1.8.0_345-b01
2022-10-18 06:31:24,955 [Listener at 0.0.0.0/44991] INFO  server.session (DefaultSessionIdManager.java:doStart(334)) - DefaultSessionIdManager workerName=node0
2022-10-18 06:31:24,956 [Listener at 0.0.0.0/44991] INFO  server.session (DefaultSessionIdManager.java:doStart(339)) - No SessionScavenger set, using defaults
2022-10-18 06:31:24,956 [Listener at 0.0.0.0/44991] INFO  server.session (HouseKeeper.java:startScavenging(132)) - node0 Scavenging every 660000ms
2022-10-18 06:31:24,958 [Listener at 0.0.0.0/44991] INFO  handler.ContextHandler (ContextHandler.java:doStart(915)) - Started o.e.j.s.ServletContextHandler@c8c78a3{logs,/logs,file:///home/runner/work/ozone/ozone/hadoop-ozone/integration-test/target/log,AVAILABLE}
2022-10-18 06:31:24,959 [Listener at 0.0.0.0/44991] INFO  handler.ContextHandler (ContextHandler.java:doStart(915)) - Started o.e.j.s.ServletContextHandler@3a4f4ec9{static,/static,file:///home/runner/work/ozone/ozone/hadoop-ozone/integration-test/target/test-classes/webapps/static,AVAILABLE}
2022-10-18 06:31:24,961 [Listener at 0.0.0.0/44991] INFO  handler.ContextHandler (ContextHandler.java:doStart(915)) - Started o.e.j.w.WebAppContext@7669a108{scm,/,file:///home/runner/work/ozone/ozone/hadoop-ozone/integration-test/target/test-classes/webapps/scm/,AVAILABLE}{file:/home/runner/work/ozone/ozone/hadoop-ozone/integration-test/target/test-classes/webapps/scm}
2022-10-18 06:31:24,966 [Listener at 0.0.0.0/44991] INFO  server.AbstractConnector (AbstractConnector.java:doStart(331)) - Started ServerConnector@4b6c92d1{HTTP/1.1, (http/1.1)}{0.0.0.0:34563}
2022-10-18 06:31:24,966 [Listener at 0.0.0.0/44991] INFO  server.Server (Server.java:doStart(415)) - Started @77150ms
2022-10-18 06:31:24,966 [Listener at 0.0.0.0/44991] WARN  impl.MetricsSystemImpl (MetricsSystemImpl.java:register(279)) - Sink prometheus already exists!
2022-10-18 06:31:24,967 [Listener at 0.0.0.0/44991] INFO  http.BaseHttpServer (BaseHttpServer.java:updateConnectorAddress(333)) - HTTP server of scm listening at http://0.0.0.0:34563
2022-10-18 06:31:24,970 [Listener at 0.0.0.0/44991] INFO  ha.OMHANodeDetails (OMHANodeDetails.java:loadOMHAConfig(121)) - ServiceID for OzoneManager is om-service-test1
2022-10-18 06:31:24,971 [Listener at 0.0.0.0/44991] INFO  ha.OMHANodeDetails (OMHANodeDetails.java:loadOMHAConfig(201)) - Found matching OM address with OMServiceId: om-service-test1, OMNodeId: omNode-1, RPC Address: localhost:45657 and Ratis port: 46015
2022-10-18 06:31:24,971 [Listener at 0.0.0.0/44991] INFO  ha.OMHANodeDetails (ConfUtils.java:setNodeSpecificConfigs(97)) - Setting configuration key ozone.om.http-address with value of key ozone.om.http-address.om-service-test1.omNode-1: 127.0.0.1:36153
2022-10-18 06:31:24,971 [Listener at 0.0.0.0/44991] INFO  ha.OMHANodeDetails (ConfUtils.java:setNodeSpecificConfigs(97)) - Setting configuration key ozone.om.https-address with value of key ozone.om.https-address.om-service-test1.omNode-1: 127.0.0.1:42395
2022-10-18 06:31:24,971 [Listener at 0.0.0.0/44991] INFO  ha.OMHANodeDetails (ConfUtils.java:setNodeSpecificConfigs(97)) - Setting configuration key ozone.om.address with value of key ozone.om.address.om-service-test1.omNode-1: 127.0.0.1:45657
2022-10-18 06:31:24,971 [Listener at 0.0.0.0/44991] WARN  server.ServerUtils (ServerUtils.java:getDBPath(225)) - ozone.om.db.dirs is not configured. We recommend adding this setting. Falling back to ozone.metadata.dirs instead.
2022-10-18 06:31:24,972 [Listener at 0.0.0.0/44991] INFO  proxy.SCMBlockLocationFailoverProxyProvider (SCMBlockLocationFailoverProxyProvider.java:<init>(114)) - Created block location fail-over proxy with 1 nodes: [nodeId=scmNodeId,nodeAddress=/0.0.0.0:36531]
OM initialization succeeded.Current cluster id for sd=/home/runner/work/ozone/ozone/hadoop-ozone/integration-test/target/test-dir/MiniOzoneClusterImpl-06b5c26c-5174-482c-8dea-daeaa88de3bb/omNode-1/om;cid=06b5c26c-5174-482c-8dea-daeaa88de3bb;layoutVersion=3
2022-10-18 06:31:24,979 [Listener at 0.0.0.0/44991] INFO  ha.OMHANodeDetails (OMHANodeDetails.java:loadOMHAConfig(121)) - ServiceID for OzoneManager is om-service-test1
2022-10-18 06:31:24,979 [Listener at 0.0.0.0/44991] INFO  ha.OMHANodeDetails (OMHANodeDetails.java:loadOMHAConfig(201)) - Found matching OM address with OMServiceId: om-service-test1, OMNodeId: omNode-1, RPC Address: localhost:45657 and Ratis port: 46015
2022-10-18 06:31:24,979 [Listener at 0.0.0.0/44991] INFO  ha.OMHANodeDetails (ConfUtils.java:setNodeSpecificConfigs(97)) - Setting configuration key ozone.om.http-address with value of key ozone.om.http-address.om-service-test1.omNode-1: 127.0.0.1:36153
2022-10-18 06:31:24,979 [Listener at 0.0.0.0/44991] INFO  ha.OMHANodeDetails (ConfUtils.java:setNodeSpecificConfigs(97)) - Setting configuration key ozone.om.https-address with value of key ozone.om.https-address.om-service-test1.omNode-1: 127.0.0.1:42395
2022-10-18 06:31:24,979 [Listener at 0.0.0.0/44991] INFO  ha.OMHANodeDetails (ConfUtils.java:setNodeSpecificConfigs(97)) - Setting configuration key ozone.om.address with value of key ozone.om.address.om-service-test1.omNode-1: 127.0.0.1:45657
2022-10-18 06:31:24,980 [Listener at 0.0.0.0/44991] WARN  server.ServerUtils (ServerUtils.java:getDBPath(225)) - ozone.om.db.dirs is not configured. We recommend adding this setting. Falling back to ozone.metadata.dirs instead.
2022-10-18 06:31:24,980 [Listener at 0.0.0.0/44991] INFO  upgrade.AbstractLayoutVersionManager (AbstractLayoutVersionManager.java:init(83)) - Initializing Layout version manager with metadata layout = MULTITENANCY_SCHEMA (version = 3), software layout = MULTITENANCY_SCHEMA (version = 3)
2022-10-18 06:31:25,044 [Listener at 0.0.0.0/44991] INFO  reflections.Reflections (Reflections.java:scan(232)) - Reflections took 63 ms to scan 2 urls, producing 154 keys and 428 values [using 2 cores]
2022-10-18 06:31:25,044 [Listener at 0.0.0.0/44991] INFO  upgrade.OMLayoutVersionManager (OMLayoutVersionManager.java:lambda$0(115)) - Skipping Upgrade Action MockOmUpgradeAction since it has been finalized.
2022-10-18 06:31:25,045 [Listener at 0.0.0.0/44991] WARN  server.ServerUtils (ServerUtils.java:getDBPath(225)) - ozone.om.db.dirs is not configured. We recommend adding this setting. Falling back to ozone.metadata.dirs instead.
2022-10-18 06:31:25,046 [Listener at 0.0.0.0/44991] INFO  proxy.SCMBlockLocationFailoverProxyProvider (SCMBlockLocationFailoverProxyProvider.java:<init>(114)) - Created block location fail-over proxy with 1 nodes: [nodeId=scmNodeId,nodeAddress=/0.0.0.0:36531]
2022-10-18 06:31:25,047 [Listener at 0.0.0.0/44991] INFO  proxy.SCMBlockLocationFailoverProxyProvider (SCMBlockLocationFailoverProxyProvider.java:<init>(114)) - Created block location fail-over proxy with 1 nodes: [nodeId=scmNodeId,nodeAddress=/0.0.0.0:36531]
2022-10-18 06:31:25,054 [Listener at 0.0.0.0/44991] WARN  server.ServerUtils (ServerUtils.java:getDBPath(225)) - ozone.om.db.dirs is not configured. We recommend adding this setting. Falling back to ozone.metadata.dirs instead.
2022-10-18 06:31:25,054 [Listener at 0.0.0.0/44991] INFO  codec.OmKeyInfoCodec (OmKeyInfoCodec.java:<init>(49)) - OmKeyInfoCodec ignorePipeline = true
2022-10-18 06:31:25,054 [Listener at 0.0.0.0/44991] INFO  codec.RepeatedOmKeyInfoCodec (RepeatedOmKeyInfoCodec.java:<init>(41)) - RepeatedOmKeyInfoCodec ignorePipeline = true
2022-10-18 06:31:25,184 [Listener at 0.0.0.0/44991] INFO  om.OzoneManager (OzoneManager.java:instantiateServices(712)) - S3 Multi-Tenancy is disabled
2022-10-18 06:31:25,185 [Listener at 0.0.0.0/44991] INFO  om.OzoneManager (OzoneManager.java:addS3GVolumeToDB(4386)) - Created Volume s3v With Owner runner required for S3Gateway operations.
2022-10-18 06:31:25,186 [Listener at 0.0.0.0/44991] WARN  server.ServerUtils (ServerUtils.java:getDefaultRatisDirectory(237)) - Storage directory for Ratis is not configured. It is a good idea to map this to an SSD disk. Falling back to ozone.metadata.dirs
2022-10-18 06:31:25,186 [Listener at 0.0.0.0/44991] WARN  utils.OzoneManagerRatisUtils (OzoneManagerRatisUtils.java:getOMRatisSnapshotDirectory(434)) - ozone.om.ratis.snapshot.dir is not configured. Falling back to ozone.metadata.dirs config
2022-10-18 06:31:25,186 [Listener at 0.0.0.0/44991] INFO  snapshot.OzoneManagerSnapshotProvider (OzoneManagerSnapshotProvider.java:<init>(76)) - Initializing OM Snapshot Provider
2022-10-18 06:31:25,189 [Listener at 0.0.0.0/44991] WARN  server.ServerUtils (ServerUtils.java:getDefaultRatisDirectory(237)) - Storage directory for Ratis is not configured. It is a good idea to map this to an SSD disk. Falling back to ozone.metadata.dirs
2022-10-18 06:31:25,190 [Listener at 0.0.0.0/44991] INFO  ratis.OzoneManagerRatisServer (OzoneManagerRatisServer.java:<init>(160)) - Instantiating OM Ratis server with groupID: om-service-test1 and peers: localhost:46015, localhost:37123, localhost:40971
2022-10-18 06:31:25,190 [Listener at 0.0.0.0/44991] INFO  ratis.OzoneManagerStateMachine (OzoneManagerStateMachine.java:loadSnapshotInfoFromDB(632)) - LastAppliedIndex is set from TransactionInfo from OM DB as (t:0, i:~)
2022-10-18 06:31:25,191 [Listener at 0.0.0.0/44991] INFO  server.RaftServer (ConfUtils.java:logGet(46)) - raft.rpc.type = GRPC (default)
2022-10-18 06:31:25,191 [Listener at 0.0.0.0/44991] INFO  grpc.GrpcFactory (GrpcFactory.java:checkPooledByteBufAllocatorUseCacheForAllThreads(48)) - PERFORMANCE WARNING: useCacheForAllThreads is true that may cause Netty to create a lot garbage objects and, as a result, trigger GC.
	It is recommended to disable useCacheForAllThreads by setting -Dorg.apache.ratis.thirdparty.io.netty.allocator.useCacheForAllThreads=false in command line.
2022-10-18 06:31:25,191 [Listener at 0.0.0.0/44991] INFO  grpc.GrpcConfigKeys (ConfUtils.java:logGet(46)) - raft.grpc.admin.port = -1 (default)
2022-10-18 06:31:25,191 [Listener at 0.0.0.0/44991] INFO  grpc.GrpcConfigKeys (ConfUtils.java:logGet(46)) - raft.grpc.server.port = 46015 (custom)
2022-10-18 06:31:25,191 [Listener at 0.0.0.0/44991] INFO  grpc.GrpcConfigKeys (ConfUtils.java:logGet(46)) - raft.grpc.client.port = -1 (default)
2022-10-18 06:31:25,192 [Listener at 0.0.0.0/44991] INFO  grpc.GrpcConfigKeys (ConfUtils.java:logGet(46)) - raft.grpc.server.port = 46015 (custom)
2022-10-18 06:31:25,192 [Listener at 0.0.0.0/44991] INFO  grpc.GrpcConfigKeys (ConfUtils.java:logGet(46)) - raft.grpc.server.port = 46015 (custom)
2022-10-18 06:31:25,192 [Listener at 0.0.0.0/44991] INFO  server.GrpcService (ConfUtils.java:logGet(46)) - raft.grpc.message.size.max = 33554432 (custom)
2022-10-18 06:31:25,192 [Listener at 0.0.0.0/44991] INFO  server.RaftServerConfigKeys (ConfUtils.java:logGet(46)) - raft.server.log.appender.buffer.byte-limit = 33554432 (custom)
2022-10-18 06:31:25,192 [Listener at 0.0.0.0/44991] INFO  server.GrpcService (ConfUtils.java:logGet(46)) - raft.grpc.flow.control.window = 1MB (=1048576) (default)
2022-10-18 06:31:25,192 [Listener at 0.0.0.0/44991] INFO  server.RaftServerConfigKeys (ConfUtils.java:logGet(46)) - raft.server.rpc.request.timeout = 3000ms (default)
2022-10-18 06:31:25,192 [Listener at 0.0.0.0/44991] INFO  grpc.GrpcConfigKeys (ConfUtils.java:logGet(46)) - raft.grpc.server.async.request.thread.pool.cached = true (default)
2022-10-18 06:31:25,192 [Listener at 0.0.0.0/44991] INFO  grpc.GrpcConfigKeys (ConfUtils.java:logGet(46)) - raft.grpc.server.async.request.thread.pool.size = 32 (default)
2022-10-18 06:31:25,194 [Listener at 0.0.0.0/44991] INFO  impl.DataStreamServerImpl (ConfUtils.java:logGet(46)) - raft.datastream.type = DISABLED (default)
2022-10-18 06:31:25,194 [Listener at 0.0.0.0/44991] INFO  server.RaftServerConfigKeys (ConfUtils.java:logGet(46)) - raft.server.threadpool.proxy.cached = true (default)
2022-10-18 06:31:25,194 [Listener at 0.0.0.0/44991] INFO  server.RaftServerConfigKeys (ConfUtils.java:logGet(46)) - raft.server.threadpool.proxy.size = 0 (default)
2022-10-18 06:31:25,194 [Listener at 0.0.0.0/44991] INFO  server.RaftServerConfigKeys (ConfUtils.java:logGet(46)) - raft.server.rpc.slowness.timeout = 2s (custom)
2022-10-18 06:31:25,194 [Listener at 0.0.0.0/44991] INFO  server.RaftServerConfigKeys (ConfUtils.java:logGet(46)) - raft.server.leaderelection.leader.step-down.wait-time = 10s (default)
2022-10-18 06:31:25,194 [Listener at 0.0.0.0/44991] INFO  server.RaftServerConfigKeys (ConfUtils.java:logGet(46)) - raft.server.storage.dir = [/home/runner/work/ozone/ozone/hadoop-ozone/integration-test/target/test-dir/MiniOzoneClusterImpl-06b5c26c-5174-482c-8dea-daeaa88de3bb/omNode-1/ratis] (custom)
2022-10-18 06:31:25,195 [Listener at 0.0.0.0/44991] INFO  server.RaftServer (RaftServerProxy.java:addNew(96)) - omNode-1: addNew group-523986131536:[omNode-3|rpc:localhost:37123|priority:0, omNode-1|rpc:localhost:46015|priority:0, omNode-2|rpc:localhost:40971|priority:0] returns group-523986131536:java.util.concurrent.CompletableFuture@4127d5b1[Not completed]
2022-10-18 06:31:25,195 [pool-616-thread-1] INFO  server.RaftServer$Division (RaftServerImpl.java:<init>(190)) - omNode-1: new RaftServerImpl for group-523986131536:[omNode-3|rpc:localhost:37123|priority:0, omNode-1|rpc:localhost:46015|priority:0, omNode-2|rpc:localhost:40971|priority:0] with OzoneManagerStateMachine:uninitialized
2022-10-18 06:31:25,195 [Listener at 0.0.0.0/44991] INFO  om.OzoneManager (OzoneManager.java:initializeRatisServer(1975)) - OzoneManager Ratis server initialized at port 46015
2022-10-18 06:31:25,195 [pool-616-thread-1] INFO  server.RaftServerConfigKeys (ConfUtils.java:logGet(46)) - raft.server.rpc.timeout.min = 1s (custom)
2022-10-18 06:31:25,196 [Listener at 0.0.0.0/44991] INFO  om.OzoneManager (OzoneManager.java:getRpcServer(1101)) - Creating RPC Server
2022-10-18 06:31:25,198 [pool-616-thread-1] INFO  server.RaftServerConfigKeys (ConfUtils.java:logGet(46)) - raft.server.rpc.timeout.max = 1200ms (custom)
2022-10-18 06:31:25,198 [pool-616-thread-1] INFO  server.RaftServerConfigKeys (ConfUtils.java:logGet(46)) - raft.server.rpc.sleep.time = 25ms (default)
2022-10-18 06:31:25,198 [pool-616-thread-1] INFO  server.RaftServerConfigKeys (ConfUtils.java:logGet(46)) - raft.server.rpc.slowness.timeout = 2s (custom)
2022-10-18 06:31:25,198 [pool-616-thread-1] INFO  server.RaftServerConfigKeys (ConfUtils.java:logGet(46)) - raft.server.leaderelection.leader.step-down.wait-time = 10s (default)
2022-10-18 06:31:25,198 [pool-616-thread-1] INFO  server.RaftServerConfigKeys (ConfUtils.java:logGet(46)) - raft.server.sleep.deviation.threshold = 300ms (default)
2022-10-18 06:31:25,198 [pool-616-thread-1] INFO  server.RaftServer$Division (ServerState.java:<init>(107)) - omNode-1@group-523986131536: ConfigurationManager, init=-1: [omNode-3|rpc:localhost:37123|priority:0, omNode-1|rpc:localhost:46015|priority:0, omNode-2|rpc:localhost:40971|priority:0], old=null, confs=<EMPTY_MAP>
2022-10-18 06:31:25,198 [pool-616-thread-1] INFO  server.RaftServerConfigKeys (ConfUtils.java:logGet(46)) - raft.server.storage.dir = [/home/runner/work/ozone/ozone/hadoop-ozone/integration-test/target/test-dir/MiniOzoneClusterImpl-06b5c26c-5174-482c-8dea-daeaa88de3bb/omNode-1/ratis] (custom)
2022-10-18 06:31:25,198 [pool-616-thread-1] INFO  server.RaftServerConfigKeys (ConfUtils.java:logGet(46)) - raft.server.log.corruption.policy = EXCEPTION (default)
2022-10-18 06:31:25,198 [pool-616-thread-1] INFO  server.RaftServerConfigKeys (ConfUtils.java:logGet(46)) - raft.server.storage.free-space.min = 0MB (=0) (default)
2022-10-18 06:31:25,198 [pool-616-thread-1] INFO  storage.RaftStorageDirectory (RaftStorageDirectoryImpl.java:analyzeStorage(135)) - The storage directory /home/runner/work/ozone/ozone/hadoop-ozone/integration-test/target/test-dir/MiniOzoneClusterImpl-06b5c26c-5174-482c-8dea-daeaa88de3bb/omNode-1/ratis/c9bc4cf4-3bc3-3c60-a66b-523986131536 does not exist. Creating ...
2022-10-18 06:31:25,199 [pool-616-thread-1] INFO  storage.RaftStorageDirectory (RaftStorageDirectoryImpl.java:tryLock(230)) - Lock on /home/runner/work/ozone/ozone/hadoop-ozone/integration-test/target/test-dir/MiniOzoneClusterImpl-06b5c26c-5174-482c-8dea-daeaa88de3bb/omNode-1/ratis/c9bc4cf4-3bc3-3c60-a66b-523986131536/in_use.lock acquired by nodename 30337@fv-az241-838
2022-10-18 06:31:25,206 [pool-616-thread-1] INFO  storage.RaftStorage (RaftStorageImpl.java:format(89)) - Storage directory /home/runner/work/ozone/ozone/hadoop-ozone/integration-test/target/test-dir/MiniOzoneClusterImpl-06b5c26c-5174-482c-8dea-daeaa88de3bb/omNode-1/ratis/c9bc4cf4-3bc3-3c60-a66b-523986131536 has been successfully formatted.
2022-10-18 06:31:25,206 [pool-616-thread-1] INFO  server.RaftServerConfigKeys (ConfUtils.java:logGet(46)) - raft.server.notification.no-leader.timeout = 2s (custom)
2022-10-18 06:31:25,206 [pool-616-thread-1] INFO  server.RaftServerConfigKeys (ConfUtils.java:logGet(46)) - raft.server.log.use.memory = false (default)
2022-10-18 06:31:25,206 [pool-616-thread-1] INFO  server.RaftServerConfigKeys (ConfUtils.java:logGet(46)) - raft.server.log.purge.gap = 50 (custom)
2022-10-18 06:31:25,206 [pool-616-thread-1] INFO  server.RaftServerConfigKeys (ConfUtils.java:logGet(46)) - raft.server.log.appender.buffer.byte-limit = 33554432 (custom)
2022-10-18 06:31:25,206 [pool-616-thread-1] INFO  server.RaftServerConfigKeys (ConfUtils.java:logGet(46)) - raft.server.log.statemachine.data.read.timeout = 1000ms (default)
2022-10-18 06:31:25,207 [pool-616-thread-1] INFO  server.RaftServerConfigKeys (ConfUtils.java:logGet(46)) - raft.server.log.segment.size.max = 4194304 (custom)
2022-10-18 06:31:25,207 [pool-616-thread-1] INFO  server.RaftServerConfigKeys (ConfUtils.java:logGet(46)) - raft.server.log.segment.cache.num.max = 2 (custom)
2022-10-18 06:31:25,207 [pool-616-thread-1] INFO  server.RaftServerConfigKeys (ConfUtils.java:logGet(46)) - raft.server.log.segment.cache.size.max = 200MB (=209715200) (default)
2022-10-18 06:31:25,207 [pool-616-thread-1] INFO  segmented.SegmentedRaftLogWorker (SegmentedRaftLogWorker.java:<init>(187)) - new omNode-1@group-523986131536-SegmentedRaftLogWorker for RaftStorageImpl:Storage Directory /home/runner/work/ozone/ozone/hadoop-ozone/integration-test/target/test-dir/MiniOzoneClusterImpl-06b5c26c-5174-482c-8dea-daeaa88de3bb/omNode-1/ratis/c9bc4cf4-3bc3-3c60-a66b-523986131536
2022-10-18 06:31:25,207 [pool-616-thread-1] INFO  server.RaftServerConfigKeys (ConfUtils.java:logGet(46)) - raft.server.log.queue.byte-limit = 64MB (=67108864) (default)
2022-10-18 06:31:25,207 [pool-616-thread-1] INFO  server.RaftServerConfigKeys (ConfUtils.java:logGet(46)) - raft.server.log.queue.element-limit = 4096 (default)
2022-10-18 06:31:25,207 [pool-616-thread-1] INFO  server.RaftServerConfigKeys (ConfUtils.java:logGet(46)) - raft.server.log.segment.size.max = 4194304 (custom)
2022-10-18 06:31:25,207 [pool-616-thread-1] INFO  server.RaftServerConfigKeys (ConfUtils.java:logGet(46)) - raft.server.log.preallocated.size = 4194304 (custom)
2022-10-18 06:31:25,207 [pool-616-thread-1] INFO  server.RaftServerConfigKeys (ConfUtils.java:logGet(46)) - raft.server.log.force.sync.num = 128 (default)
2022-10-18 06:31:25,207 [pool-616-thread-1] INFO  server.RaftServerConfigKeys (ConfUtils.java:logGet(46)) - raft.server.log.statemachine.data.sync = true (default)
2022-10-18 06:31:25,207 [pool-616-thread-1] INFO  server.RaftServerConfigKeys (ConfUtils.java:logGet(46)) - raft.server.log.statemachine.data.sync.timeout = 10s (default)
2022-10-18 06:31:25,207 [pool-616-thread-1] INFO  server.RaftServerConfigKeys (ConfUtils.java:logGet(46)) - raft.server.log.statemachine.data.sync.timeout.retry = -1 (default)
2022-10-18 06:31:25,208 [pool-616-thread-1] INFO  server.RaftServerConfigKeys (ConfUtils.java:logGet(46)) - raft.server.log.write.buffer.size = 64KB (=65536) (default)
2022-10-18 06:31:25,208 [pool-616-thread-1] INFO  server.RaftServerConfigKeys (ConfUtils.java:logGet(46)) - raft.server.log.unsafe-flush.enabled = false (default)
2022-10-18 06:31:25,208 [pool-616-thread-1] INFO  server.RaftServerConfigKeys (ConfUtils.java:logGet(46)) - raft.server.log.statemachine.data.caching.enabled = false (default)
2022-10-18 06:31:25,208 [pool-616-thread-1] INFO  segmented.SegmentedRaftLogWorker (SegmentedRaftLogWorker.java:lambda$new$0(135)) - omNode-1@group-523986131536-SegmentedRaftLogWorker: flushIndex: setUnconditionally 0 -> -1
2022-10-18 06:31:25,208 [pool-616-thread-1] INFO  segmented.SegmentedRaftLogWorker (SegmentedRaftLogWorker.java:lambda$new$0(135)) - omNode-1@group-523986131536-SegmentedRaftLogWorker: safeCacheEvictIndex: setUnconditionally 0 -> -1
2022-10-18 06:31:25,213 [pool-616-thread-1] INFO  server.RaftServerConfigKeys (ConfUtils.java:logGet(46)) - raft.server.snapshot.auto.trigger.enabled = true (custom)
2022-10-18 06:31:25,213 [pool-616-thread-1] INFO  server.RaftServerConfigKeys (ConfUtils.java:logGet(46)) - raft.server.snapshot.auto.trigger.threshold = 50 (custom)
2022-10-18 06:31:25,213 [pool-616-thread-1] INFO  server.RaftServerConfigKeys (ConfUtils.java:logGet(46)) - raft.server.snapshot.retention.file.num = -1 (default)
2022-10-18 06:31:25,213 [pool-616-thread-1] INFO  server.RaftServerConfigKeys (ConfUtils.java:logGet(46)) - raft.server.log.purge.upto.snapshot.index = true (custom)
2022-10-18 06:31:25,213 [pool-616-thread-1] INFO  server.RaftServerConfigKeys (ConfUtils.java:logGet(46)) - raft.server.retrycache.expirytime = 30000ms (custom)
2022-10-18 06:31:25,213 [pool-616-thread-1] INFO  server.RaftServerConfigKeys (ConfUtils.java:logGet(46)) - raft.server.retrycache.statistics.expirytime = 100μs (default)
2022-10-18 06:31:25,214 [pool-616-thread-1] INFO  server.RaftServerConfigKeys (ConfUtils.java:logGet(46)) - raft.server.log.appender.install.snapshot.enabled = false (custom)
2022-10-18 06:31:25,214 [pool-616-thread-1] INFO  server.RaftServerConfigKeys (ConfUtils.java:logGet(46)) - raft.server.threadpool.server.cached = true (default)
2022-10-18 06:31:25,214 [pool-616-thread-1] INFO  server.RaftServerConfigKeys (ConfUtils.java:logGet(46)) - raft.server.threadpool.server.size = 0 (default)
2022-10-18 06:31:25,215 [pool-616-thread-1] INFO  server.RaftServerConfigKeys (ConfUtils.java:logGet(46)) - raft.server.threadpool.client.cached = true (default)
2022-10-18 06:31:25,215 [pool-616-thread-1] INFO  server.RaftServerConfigKeys (ConfUtils.java:logGet(46)) - raft.server.threadpool.client.size = 0 (default)
2022-10-18 06:31:25,521 [Listener at 0.0.0.0/44991] INFO  reflections.Reflections (Reflections.java:scan(232)) - Reflections took 323 ms to scan 19 urls, producing 67 keys and 4238 values [using 2 cores]
2022-10-18 06:31:25,523 [Listener at 0.0.0.0/44991] INFO  ipc.CallQueueManager (CallQueueManager.java:<init>(90)) - Using callQueue: class java.util.concurrent.LinkedBlockingQueue, queueCapacity: 2000, scheduler: class org.apache.hadoop.ipc.DefaultRpcScheduler, ipcBackoff: false.
2022-10-18 06:31:25,523 [Socket Reader #1 for port 45657] INFO  ipc.Server (Server.java:run(1273)) - Starting Socket Reader #1 for port 45657
2022-10-18 06:31:25,541 [Listener at 127.0.0.1/45657] INFO  impl.MetricsSystemImpl (MetricsSystemImpl.java:init(158)) - OzoneManager metrics system started (again)
2022-10-18 06:31:25,551 [Listener at 127.0.0.1/45657] INFO  om.OzoneManager (OzoneManager.java:start(1482)) - OzoneManager RPC server is listening at localhost/127.0.0.1:45657
2022-10-18 06:31:25,551 [Listener at 127.0.0.1/45657] INFO  ratis.OzoneManagerRatisServer (OzoneManagerRatisServer.java:start(555)) - Starting OzoneManagerRatisServer omNode-1 at port 46015
2022-10-18 06:31:25,551 [omNode-1-impl-thread1] INFO  server.RaftServer$Division (RaftServerImpl.java:start(310)) - omNode-1@group-523986131536: start as a follower, conf=-1: [omNode-3|rpc:localhost:37123|priority:0, omNode-1|rpc:localhost:46015|priority:0, omNode-2|rpc:localhost:40971|priority:0], old=null
2022-10-18 06:31:25,552 [omNode-1-impl-thread1] INFO  server.RaftServer$Division (RaftServerImpl.java:setRole(299)) - omNode-1@group-523986131536: changes role from      null to FOLLOWER at term 0 for startAsFollower
2022-10-18 06:31:25,552 [omNode-1-impl-thread1] INFO  impl.RoleInfo (RoleInfo.java:updateAndGet(139)) - omNode-1: start omNode-1@group-523986131536-FollowerState
2022-10-18 06:31:25,552 [omNode-1-impl-thread1] INFO  util.JmxRegister (JmxRegister.java:tryRegister(44)) - Successfully registered JMX Bean with object name Ratis:service=RaftServer,group=group-523986131536,id=omNode-1
2022-10-18 06:31:25,553 [Listener at 127.0.0.1/45657] INFO  server.RaftServer (RaftServerProxy.java:lambda$start$6(382)) - omNode-1: start RPC server
2022-10-18 06:31:25,556 [Listener at 127.0.0.1/45657] INFO  server.GrpcService (GrpcService.java:startImpl(260)) - omNode-1: GrpcService started, listening on 46015
2022-10-18 06:31:25,557 [Listener at 127.0.0.1/45657] INFO  om.OzoneManager (OzoneManager.java:start(1498)) - Version File has different layout version (3) than OM DB (null). That is expected if this OM has never been finalized to a newer layout version.
2022-10-18 06:31:25,557 [org.apache.ratis.util.JvmPauseMonitor$$Lambda$703/523629281@37f2dfd6] INFO  util.JvmPauseMonitor (JvmPauseMonitor.java:run(103)) - JvmPauseMonitor-omNode-1: Started
2022-10-18 06:31:25,559 [Listener at 127.0.0.1/45657] INFO  http.BaseHttpServer (BaseHttpServer.java:newHttpServer2BuilderForOzone(213)) - Starting Web-server for ozoneManager at: http://0.0.0.0:36153
2022-10-18 06:31:25,559 [Listener at 127.0.0.1/45657] INFO  http.BaseHttpServer (BaseHttpServer.java:<init>(108)) - Hadoop Security Enabled: false Ozone Security Enabled: false Ozone HTTP Security Enabled: false 
2022-10-18 06:31:25,560 [Listener at 127.0.0.1/45657] WARN  server.AuthenticationFilter (AuthenticationFilter.java:constructSecretProvider(240)) - Unable to initialize FileSignerSecretProvider, falling back to use random secrets. Reason: Could not read signature secret file: /home/runner/hadoop-http-auth-signature-secret
2022-10-18 06:31:25,560 [Listener at 127.0.0.1/45657] WARN  http.HttpRequestLog (HttpRequestLog.java:getRequestLog(103)) - Jetty request log can only be enabled using Log4j
2022-10-18 06:31:25,561 [Listener at 127.0.0.1/45657] INFO  http.HttpServer2 (HttpServer2.java:addGlobalFilter(1031)) - Added global filter 'safety' (class=org.apache.hadoop.hdds.server.http.HttpServer2$QuotingInputFilter)
2022-10-18 06:31:25,562 [Listener at 127.0.0.1/45657] INFO  http.HttpServer2 (HttpServer2.java:addFilter(1007)) - Added filter static_user_filter (class=org.apache.hadoop.http.lib.StaticUserWebFilter$StaticUserFilter) to context ozoneManager
2022-10-18 06:31:25,562 [Listener at 127.0.0.1/45657] INFO  http.HttpServer2 (HttpServer2.java:addFilter(1015)) - Added filter static_user_filter (class=org.apache.hadoop.http.lib.StaticUserWebFilter$StaticUserFilter) to context logs
2022-10-18 06:31:25,562 [Listener at 127.0.0.1/45657] INFO  http.HttpServer2 (HttpServer2.java:addFilter(1015)) - Added filter static_user_filter (class=org.apache.hadoop.http.lib.StaticUserWebFilter$StaticUserFilter) to context static
2022-10-18 06:31:25,562 [Listener at 127.0.0.1/45657] INFO  http.HttpServer2 (HttpServer2.java:bindListener(1250)) - Jetty bound to port 36153
2022-10-18 06:31:25,563 [Listener at 127.0.0.1/45657] INFO  server.Server (Server.java:doStart(375)) - jetty-9.4.43.v20210629; built: 2021-06-30T11:07:22.254Z; git: 526006ecfa3af7f1a27ef3a288e2bef7ea9dd7e8; jvm 1.8.0_345-b01
2022-10-18 06:31:25,564 [Listener at 127.0.0.1/45657] INFO  server.session (DefaultSessionIdManager.java:doStart(334)) - DefaultSessionIdManager workerName=node0
2022-10-18 06:31:25,564 [Listener at 127.0.0.1/45657] INFO  server.session (DefaultSessionIdManager.java:doStart(339)) - No SessionScavenger set, using defaults
2022-10-18 06:31:25,564 [Listener at 127.0.0.1/45657] INFO  server.session (HouseKeeper.java:startScavenging(132)) - node0 Scavenging every 660000ms
2022-10-18 06:31:25,565 [Listener at 127.0.0.1/45657] INFO  handler.ContextHandler (ContextHandler.java:doStart(915)) - Started o.e.j.s.ServletContextHandler@68a482f4{logs,/logs,file:///home/runner/work/ozone/ozone/hadoop-ozone/integration-test/target/log,AVAILABLE}
2022-10-18 06:31:25,565 [Listener at 127.0.0.1/45657] INFO  handler.ContextHandler (ContextHandler.java:doStart(915)) - Started o.e.j.s.ServletContextHandler@60235ace{static,/static,file:///home/runner/work/ozone/ozone/hadoop-ozone/integration-test/target/test-classes/webapps/static,AVAILABLE}
2022-10-18 06:31:25,568 [Listener at 127.0.0.1/45657] INFO  handler.ContextHandler (ContextHandler.java:doStart(915)) - Started o.e.j.w.WebAppContext@4c6ee556{ozoneManager,/,file:///home/runner/work/ozone/ozone/hadoop-ozone/integration-test/target/test-classes/webapps/ozoneManager/,AVAILABLE}{file:/home/runner/work/ozone/ozone/hadoop-ozone/integration-test/target/test-classes/webapps/ozoneManager}
2022-10-18 06:31:25,571 [Listener at 127.0.0.1/45657] INFO  server.AbstractConnector (AbstractConnector.java:doStart(331)) - Started ServerConnector@1b06148b{HTTP/1.1, (http/1.1)}{0.0.0.0:36153}
2022-10-18 06:31:25,572 [Listener at 127.0.0.1/45657] INFO  server.Server (Server.java:doStart(415)) - Started @77756ms
2022-10-18 06:31:25,572 [Listener at 127.0.0.1/45657] WARN  impl.MetricsSystemImpl (MetricsSystemImpl.java:register(279)) - Sink prometheus already exists!
2022-10-18 06:31:25,572 [Listener at 127.0.0.1/45657] INFO  http.BaseHttpServer (BaseHttpServer.java:updateConnectorAddress(333)) - HTTP server of ozoneManager listening at http://0.0.0.0:36153
2022-10-18 06:31:25,577 [IPC Server Responder] INFO  ipc.Server (Server.java:run(1512)) - IPC Server Responder: starting
2022-10-18 06:31:25,578 [IPC Server listener on 45657] INFO  ipc.Server (Server.java:run(1352)) - IPC Server listener on 45657: starting
2022-10-18 06:31:25,582 [Listener at 127.0.0.1/45657] INFO  om.OzoneManager (OzoneManager.java:startTrashEmptier(1919)) - Trash Interval set to 0. Files deleted won't move to trash
2022-10-18 06:31:25,582 [Listener at 127.0.0.1/45657] INFO  ozone.MiniOzoneHAClusterImpl (MiniOzoneHAClusterImpl.java:createOMService(527)) - Started OzoneManager omNode-1 RPC server at localhost/127.0.0.1:45657
2022-10-18 06:31:25,583 [Listener at 127.0.0.1/45657] INFO  ha.OMHANodeDetails (OMHANodeDetails.java:loadOMHAConfig(121)) - ServiceID for OzoneManager is om-service-test1
2022-10-18 06:31:25,583 [Listener at 127.0.0.1/45657] INFO  ha.OMHANodeDetails (OMHANodeDetails.java:loadOMHAConfig(201)) - Found matching OM address with OMServiceId: om-service-test1, OMNodeId: omNode-2, RPC Address: localhost:34015 and Ratis port: 40971
2022-10-18 06:31:25,584 [Listener at 127.0.0.1/45657] INFO  ha.OMHANodeDetails (ConfUtils.java:setNodeSpecificConfigs(97)) - Setting configuration key ozone.om.http-address with value of key ozone.om.http-address.om-service-test1.omNode-2: 127.0.0.1:41893
2022-10-18 06:31:25,584 [Listener at 127.0.0.1/45657] INFO  ha.OMHANodeDetails (ConfUtils.java:setNodeSpecificConfigs(97)) - Setting configuration key ozone.om.https-address with value of key ozone.om.https-address.om-service-test1.omNode-2: 127.0.0.1:43967
2022-10-18 06:31:25,584 [Listener at 127.0.0.1/45657] INFO  ha.OMHANodeDetails (ConfUtils.java:setNodeSpecificConfigs(97)) - Setting configuration key ozone.om.address with value of key ozone.om.address.om-service-test1.omNode-2: 127.0.0.1:34015
2022-10-18 06:31:25,584 [Listener at 127.0.0.1/45657] WARN  server.ServerUtils (ServerUtils.java:getDBPath(225)) - ozone.om.db.dirs is not configured. We recommend adding this setting. Falling back to ozone.metadata.dirs instead.
2022-10-18 06:31:25,586 [Listener at 127.0.0.1/45657] INFO  proxy.SCMBlockLocationFailoverProxyProvider (SCMBlockLocationFailoverProxyProvider.java:<init>(114)) - Created block location fail-over proxy with 1 nodes: [nodeId=scmNodeId,nodeAddress=/0.0.0.0:36531]
2022-10-18 06:31:25,589 [org.apache.hadoop.util.JvmPauseMonitor$Monitor@42d6568e] INFO  util.JvmPauseMonitor (JvmPauseMonitor.java:run(188)) - Starting JVM pause monitor
OM initialization succeeded.Current cluster id for sd=/home/runner/work/ozone/ozone/hadoop-ozone/integration-test/target/test-dir/MiniOzoneClusterImpl-06b5c26c-5174-482c-8dea-daeaa88de3bb/omNode-2/om;cid=06b5c26c-5174-482c-8dea-daeaa88de3bb;layoutVersion=3
2022-10-18 06:31:25,594 [Listener at 127.0.0.1/45657] INFO  ha.OMHANodeDetails (OMHANodeDetails.java:loadOMHAConfig(121)) - ServiceID for OzoneManager is om-service-test1
2022-10-18 06:31:25,595 [Listener at 127.0.0.1/45657] INFO  ha.OMHANodeDetails (OMHANodeDetails.java:loadOMHAConfig(201)) - Found matching OM address with OMServiceId: om-service-test1, OMNodeId: omNode-2, RPC Address: localhost:34015 and Ratis port: 40971
2022-10-18 06:31:25,595 [Listener at 127.0.0.1/45657] INFO  ha.OMHANodeDetails (ConfUtils.java:setNodeSpecificConfigs(97)) - Setting configuration key ozone.om.http-address with value of key ozone.om.http-address.om-service-test1.omNode-2: 127.0.0.1:41893
2022-10-18 06:31:25,595 [Listener at 127.0.0.1/45657] INFO  ha.OMHANodeDetails (ConfUtils.java:setNodeSpecificConfigs(97)) - Setting configuration key ozone.om.https-address with value of key ozone.om.https-address.om-service-test1.omNode-2: 127.0.0.1:43967
2022-10-18 06:31:25,595 [Listener at 127.0.0.1/45657] INFO  ha.OMHANodeDetails (ConfUtils.java:setNodeSpecificConfigs(97)) - Setting configuration key ozone.om.address with value of key ozone.om.address.om-service-test1.omNode-2: 127.0.0.1:34015
2022-10-18 06:31:25,595 [Listener at 127.0.0.1/45657] WARN  server.ServerUtils (ServerUtils.java:getDBPath(225)) - ozone.om.db.dirs is not configured. We recommend adding this setting. Falling back to ozone.metadata.dirs instead.
2022-10-18 06:31:25,596 [Listener at 127.0.0.1/45657] INFO  upgrade.AbstractLayoutVersionManager (AbstractLayoutVersionManager.java:init(83)) - Initializing Layout version manager with metadata layout = MULTITENANCY_SCHEMA (version = 3), software layout = MULTITENANCY_SCHEMA (version = 3)
2022-10-18 06:31:25,625 [EndpointStateMachine task thread for /0.0.0.0:34663 - 0 ] INFO  ipc.Client (Client.java:handleConnectionFailure(1010)) - Retrying connect to server: 0.0.0.0/0.0.0.0:34663. Already tried 4 time(s); retry policy is RetryUpToMaximumCountWithFixedSleep(maxRetries=15, sleepTime=1000 MILLISECONDS)
2022-10-18 06:31:25,662 [Listener at 127.0.0.1/45657] INFO  reflections.Reflections (Reflections.java:scan(232)) - Reflections took 65 ms to scan 2 urls, producing 154 keys and 428 values [using 2 cores]
2022-10-18 06:31:25,662 [Listener at 127.0.0.1/45657] INFO  upgrade.OMLayoutVersionManager (OMLayoutVersionManager.java:lambda$0(115)) - Skipping Upgrade Action MockOmUpgradeAction since it has been finalized.
2022-10-18 06:31:25,662 [Listener at 127.0.0.1/45657] WARN  server.ServerUtils (ServerUtils.java:getDBPath(225)) - ozone.om.db.dirs is not configured. We recommend adding this setting. Falling back to ozone.metadata.dirs instead.
2022-10-18 06:31:25,663 [Listener at 127.0.0.1/45657] INFO  proxy.SCMBlockLocationFailoverProxyProvider (SCMBlockLocationFailoverProxyProvider.java:<init>(114)) - Created block location fail-over proxy with 1 nodes: [nodeId=scmNodeId,nodeAddress=/0.0.0.0:36531]
2022-10-18 06:31:25,664 [Listener at 127.0.0.1/45657] INFO  proxy.SCMBlockLocationFailoverProxyProvider (SCMBlockLocationFailoverProxyProvider.java:<init>(114)) - Created block location fail-over proxy with 1 nodes: [nodeId=scmNodeId,nodeAddress=/0.0.0.0:36531]
2022-10-18 06:31:25,671 [Listener at 127.0.0.1/45657] WARN  server.ServerUtils (ServerUtils.java:getDBPath(225)) - ozone.om.db.dirs is not configured. We recommend adding this setting. Falling back to ozone.metadata.dirs instead.
2022-10-18 06:31:25,672 [Listener at 127.0.0.1/45657] INFO  codec.OmKeyInfoCodec (OmKeyInfoCodec.java:<init>(49)) - OmKeyInfoCodec ignorePipeline = true
2022-10-18 06:31:25,672 [Listener at 127.0.0.1/45657] INFO  codec.RepeatedOmKeyInfoCodec (RepeatedOmKeyInfoCodec.java:<init>(41)) - RepeatedOmKeyInfoCodec ignorePipeline = true
2022-10-18 06:31:25,794 [Listener at 127.0.0.1/45657] INFO  om.OzoneManager (OzoneManager.java:instantiateServices(712)) - S3 Multi-Tenancy is disabled
2022-10-18 06:31:25,795 [Listener at 127.0.0.1/45657] INFO  om.OzoneManager (OzoneManager.java:addS3GVolumeToDB(4386)) - Created Volume s3v With Owner runner required for S3Gateway operations.
2022-10-18 06:31:25,795 [Listener at 127.0.0.1/45657] WARN  server.ServerUtils (ServerUtils.java:getDefaultRatisDirectory(237)) - Storage directory for Ratis is not configured. It is a good idea to map this to an SSD disk. Falling back to ozone.metadata.dirs
2022-10-18 06:31:25,796 [Listener at 127.0.0.1/45657] WARN  utils.OzoneManagerRatisUtils (OzoneManagerRatisUtils.java:getOMRatisSnapshotDirectory(434)) - ozone.om.ratis.snapshot.dir is not configured. Falling back to ozone.metadata.dirs config
2022-10-18 06:31:25,796 [Listener at 127.0.0.1/45657] INFO  snapshot.OzoneManagerSnapshotProvider (OzoneManagerSnapshotProvider.java:<init>(76)) - Initializing OM Snapshot Provider
2022-10-18 06:31:25,797 [Listener at 127.0.0.1/45657] WARN  impl.MetricRegistriesImpl (MetricRegistriesImpl.java:addReporterRegistration(111)) - New reporters are added after registries were created. Some metrics will be missing from the reporter. Please add reporter before adding any new registry.
2022-10-18 06:31:25,797 [Listener at 127.0.0.1/45657] WARN  impl.MetricRegistriesImpl (MetricRegistriesImpl.java:addReporterRegistration(111)) - New reporters are added after registries were created. Some metrics will be missing from the reporter. Please add reporter before adding any new registry.
2022-10-18 06:31:25,797 [Listener at 127.0.0.1/45657] WARN  server.ServerUtils (ServerUtils.java:getDefaultRatisDirectory(237)) - Storage directory for Ratis is not configured. It is a good idea to map this to an SSD disk. Falling back to ozone.metadata.dirs
2022-10-18 06:31:25,798 [Listener at 127.0.0.1/45657] INFO  ratis.OzoneManagerRatisServer (OzoneManagerRatisServer.java:<init>(160)) - Instantiating OM Ratis server with groupID: om-service-test1 and peers: localhost:40971, localhost:37123, localhost:46015
2022-10-18 06:31:25,798 [Listener at 127.0.0.1/45657] INFO  ratis.OzoneManagerStateMachine (OzoneManagerStateMachine.java:loadSnapshotInfoFromDB(632)) - LastAppliedIndex is set from TransactionInfo from OM DB as (t:0, i:~)
2022-10-18 06:31:25,799 [Listener at 127.0.0.1/45657] INFO  server.RaftServer (ConfUtils.java:logGet(46)) - raft.rpc.type = GRPC (default)
2022-10-18 06:31:25,799 [Listener at 127.0.0.1/45657] INFO  grpc.GrpcFactory (GrpcFactory.java:checkPooledByteBufAllocatorUseCacheForAllThreads(48)) - PERFORMANCE WARNING: useCacheForAllThreads is true that may cause Netty to create a lot garbage objects and, as a result, trigger GC.
	It is recommended to disable useCacheForAllThreads by setting -Dorg.apache.ratis.thirdparty.io.netty.allocator.useCacheForAllThreads=false in command line.
2022-10-18 06:31:25,799 [Listener at 127.0.0.1/45657] INFO  grpc.GrpcConfigKeys (ConfUtils.java:logGet(46)) - raft.grpc.admin.port = -1 (default)
2022-10-18 06:31:25,799 [Listener at 127.0.0.1/45657] INFO  grpc.GrpcConfigKeys (ConfUtils.java:logGet(46)) - raft.grpc.server.port = 40971 (custom)
2022-10-18 06:31:25,799 [Listener at 127.0.0.1/45657] INFO  grpc.GrpcConfigKeys (ConfUtils.java:logGet(46)) - raft.grpc.client.port = -1 (default)
2022-10-18 06:31:25,800 [Listener at 127.0.0.1/45657] INFO  grpc.GrpcConfigKeys (ConfUtils.java:logGet(46)) - raft.grpc.server.port = 40971 (custom)
2022-10-18 06:31:25,800 [Listener at 127.0.0.1/45657] INFO  grpc.GrpcConfigKeys (ConfUtils.java:logGet(46)) - raft.grpc.server.port = 40971 (custom)
2022-10-18 06:31:25,800 [Listener at 127.0.0.1/45657] INFO  server.GrpcService (ConfUtils.java:logGet(46)) - raft.grpc.message.size.max = 33554432 (custom)
2022-10-18 06:31:25,800 [Listener at 127.0.0.1/45657] INFO  server.RaftServerConfigKeys (ConfUtils.java:logGet(46)) - raft.server.log.appender.buffer.byte-limit = 33554432 (custom)
2022-10-18 06:31:25,800 [Listener at 127.0.0.1/45657] INFO  server.GrpcService (ConfUtils.java:logGet(46)) - raft.grpc.flow.control.window = 1MB (=1048576) (default)
2022-10-18 06:31:25,800 [Listener at 127.0.0.1/45657] INFO  server.RaftServerConfigKeys (ConfUtils.java:logGet(46)) - raft.server.rpc.request.timeout = 3000ms (default)
2022-10-18 06:31:25,800 [Listener at 127.0.0.1/45657] INFO  grpc.GrpcConfigKeys (ConfUtils.java:logGet(46)) - raft.grpc.server.async.request.thread.pool.cached = true (default)
2022-10-18 06:31:25,800 [Listener at 127.0.0.1/45657] INFO  grpc.GrpcConfigKeys (ConfUtils.java:logGet(46)) - raft.grpc.server.async.request.thread.pool.size = 32 (default)
2022-10-18 06:31:25,802 [Listener at 127.0.0.1/45657] INFO  impl.DataStreamServerImpl (ConfUtils.java:logGet(46)) - raft.datastream.type = DISABLED (default)
2022-10-18 06:31:25,802 [Listener at 127.0.0.1/45657] INFO  server.RaftServerConfigKeys (ConfUtils.java:logGet(46)) - raft.server.threadpool.proxy.cached = true (default)
2022-10-18 06:31:25,802 [Listener at 127.0.0.1/45657] INFO  server.RaftServerConfigKeys (ConfUtils.java:logGet(46)) - raft.server.threadpool.proxy.size = 0 (default)
2022-10-18 06:31:25,802 [Listener at 127.0.0.1/45657] INFO  server.RaftServerConfigKeys (ConfUtils.java:logGet(46)) - raft.server.rpc.slowness.timeout = 2s (custom)
2022-10-18 06:31:25,802 [Listener at 127.0.0.1/45657] INFO  server.RaftServerConfigKeys (ConfUtils.java:logGet(46)) - raft.server.leaderelection.leader.step-down.wait-time = 10s (default)
2022-10-18 06:31:25,802 [Listener at 127.0.0.1/45657] INFO  server.RaftServerConfigKeys (ConfUtils.java:logGet(46)) - raft.server.storage.dir = [/home/runner/work/ozone/ozone/hadoop-ozone/integration-test/target/test-dir/MiniOzoneClusterImpl-06b5c26c-5174-482c-8dea-daeaa88de3bb/omNode-2/ratis] (custom)
2022-10-18 06:31:25,809 [Listener at 127.0.0.1/45657] INFO  server.RaftServer (RaftServerProxy.java:addNew(96)) - omNode-2: addNew group-523986131536:[omNode-3|rpc:localhost:37123|priority:0, omNode-1|rpc:localhost:46015|priority:0, omNode-2|rpc:localhost:40971|priority:0] returns group-523986131536:java.util.concurrent.CompletableFuture@2275c82e[Not completed]
2022-10-18 06:31:25,809 [Listener at 127.0.0.1/45657] INFO  om.OzoneManager (OzoneManager.java:initializeRatisServer(1975)) - OzoneManager Ratis server initialized at port 40971
2022-10-18 06:31:25,810 [Listener at 127.0.0.1/45657] INFO  om.OzoneManager (OzoneManager.java:getRpcServer(1101)) - Creating RPC Server
2022-10-18 06:31:25,812 [pool-641-thread-1] INFO  server.RaftServer$Division (RaftServerImpl.java:<init>(190)) - omNode-2: new RaftServerImpl for group-523986131536:[omNode-3|rpc:localhost:37123|priority:0, omNode-1|rpc:localhost:46015|priority:0, omNode-2|rpc:localhost:40971|priority:0] with OzoneManagerStateMachine:uninitialized
2022-10-18 06:31:25,812 [pool-641-thread-1] INFO  server.RaftServerConfigKeys (ConfUtils.java:logGet(46)) - raft.server.rpc.timeout.min = 1s (custom)
2022-10-18 06:31:25,812 [pool-641-thread-1] INFO  server.RaftServerConfigKeys (ConfUtils.java:logGet(46)) - raft.server.rpc.timeout.max = 1200ms (custom)
2022-10-18 06:31:25,812 [pool-641-thread-1] INFO  server.RaftServerConfigKeys (ConfUtils.java:logGet(46)) - raft.server.rpc.sleep.time = 25ms (default)
2022-10-18 06:31:25,812 [pool-641-thread-1] INFO  server.RaftServerConfigKeys (ConfUtils.java:logGet(46)) - raft.server.rpc.slowness.timeout = 2s (custom)
2022-10-18 06:31:25,812 [pool-641-thread-1] INFO  server.RaftServerConfigKeys (ConfUtils.java:logGet(46)) - raft.server.leaderelection.leader.step-down.wait-time = 10s (default)
2022-10-18 06:31:25,812 [pool-641-thread-1] INFO  server.RaftServerConfigKeys (ConfUtils.java:logGet(46)) - raft.server.sleep.deviation.threshold = 300ms (default)
2022-10-18 06:31:25,812 [pool-641-thread-1] INFO  server.RaftServer$Division (ServerState.java:<init>(107)) - omNode-2@group-523986131536: ConfigurationManager, init=-1: [omNode-3|rpc:localhost:37123|priority:0, omNode-1|rpc:localhost:46015|priority:0, omNode-2|rpc:localhost:40971|priority:0], old=null, confs=<EMPTY_MAP>
2022-10-18 06:31:25,812 [pool-641-thread-1] INFO  server.RaftServerConfigKeys (ConfUtils.java:logGet(46)) - raft.server.storage.dir = [/home/runner/work/ozone/ozone/hadoop-ozone/integration-test/target/test-dir/MiniOzoneClusterImpl-06b5c26c-5174-482c-8dea-daeaa88de3bb/omNode-2/ratis] (custom)
2022-10-18 06:31:25,812 [pool-641-thread-1] INFO  server.RaftServerConfigKeys (ConfUtils.java:logGet(46)) - raft.server.log.corruption.policy = EXCEPTION (default)
2022-10-18 06:31:25,812 [pool-641-thread-1] INFO  server.RaftServerConfigKeys (ConfUtils.java:logGet(46)) - raft.server.storage.free-space.min = 0MB (=0) (default)
2022-10-18 06:31:25,812 [pool-641-thread-1] INFO  storage.RaftStorageDirectory (RaftStorageDirectoryImpl.java:analyzeStorage(135)) - The storage directory /home/runner/work/ozone/ozone/hadoop-ozone/integration-test/target/test-dir/MiniOzoneClusterImpl-06b5c26c-5174-482c-8dea-daeaa88de3bb/omNode-2/ratis/c9bc4cf4-3bc3-3c60-a66b-523986131536 does not exist. Creating ...
2022-10-18 06:31:25,818 [pool-641-thread-1] INFO  storage.RaftStorageDirectory (RaftStorageDirectoryImpl.java:tryLock(230)) - Lock on /home/runner/work/ozone/ozone/hadoop-ozone/integration-test/target/test-dir/MiniOzoneClusterImpl-06b5c26c-5174-482c-8dea-daeaa88de3bb/omNode-2/ratis/c9bc4cf4-3bc3-3c60-a66b-523986131536/in_use.lock acquired by nodename 30337@fv-az241-838
2022-10-18 06:31:25,820 [pool-641-thread-1] INFO  storage.RaftStorage (RaftStorageImpl.java:format(89)) - Storage directory /home/runner/work/ozone/ozone/hadoop-ozone/integration-test/target/test-dir/MiniOzoneClusterImpl-06b5c26c-5174-482c-8dea-daeaa88de3bb/omNode-2/ratis/c9bc4cf4-3bc3-3c60-a66b-523986131536 has been successfully formatted.
2022-10-18 06:31:25,820 [pool-641-thread-1] INFO  server.RaftServerConfigKeys (ConfUtils.java:logGet(46)) - raft.server.notification.no-leader.timeout = 2s (custom)
2022-10-18 06:31:25,820 [pool-641-thread-1] INFO  server.RaftServerConfigKeys (ConfUtils.java:logGet(46)) - raft.server.log.use.memory = false (default)
2022-10-18 06:31:25,820 [pool-641-thread-1] INFO  server.RaftServerConfigKeys (ConfUtils.java:logGet(46)) - raft.server.log.purge.gap = 50 (custom)
2022-10-18 06:31:25,820 [pool-641-thread-1] INFO  server.RaftServerConfigKeys (ConfUtils.java:logGet(46)) - raft.server.log.appender.buffer.byte-limit = 33554432 (custom)
2022-10-18 06:31:25,820 [pool-641-thread-1] INFO  server.RaftServerConfigKeys (ConfUtils.java:logGet(46)) - raft.server.log.statemachine.data.read.timeout = 1000ms (default)
2022-10-18 06:31:25,821 [pool-641-thread-1] INFO  server.RaftServerConfigKeys (ConfUtils.java:logGet(46)) - raft.server.log.segment.size.max = 4194304 (custom)
2022-10-18 06:31:25,821 [pool-641-thread-1] INFO  server.RaftServerConfigKeys (ConfUtils.java:logGet(46)) - raft.server.log.segment.cache.num.max = 2 (custom)
2022-10-18 06:31:25,821 [pool-641-thread-1] INFO  server.RaftServerConfigKeys (ConfUtils.java:logGet(46)) - raft.server.log.segment.cache.size.max = 200MB (=209715200) (default)
2022-10-18 06:31:25,821 [pool-641-thread-1] INFO  segmented.SegmentedRaftLogWorker (SegmentedRaftLogWorker.java:<init>(187)) - new omNode-2@group-523986131536-SegmentedRaftLogWorker for RaftStorageImpl:Storage Directory /home/runner/work/ozone/ozone/hadoop-ozone/integration-test/target/test-dir/MiniOzoneClusterImpl-06b5c26c-5174-482c-8dea-daeaa88de3bb/omNode-2/ratis/c9bc4cf4-3bc3-3c60-a66b-523986131536
2022-10-18 06:31:25,821 [pool-641-thread-1] INFO  server.RaftServerConfigKeys (ConfUtils.java:logGet(46)) - raft.server.log.queue.byte-limit = 64MB (=67108864) (default)
2022-10-18 06:31:25,821 [pool-641-thread-1] INFO  server.RaftServerConfigKeys (ConfUtils.java:logGet(46)) - raft.server.log.queue.element-limit = 4096 (default)
2022-10-18 06:31:25,821 [pool-641-thread-1] INFO  server.RaftServerConfigKeys (ConfUtils.java:logGet(46)) - raft.server.log.segment.size.max = 4194304 (custom)
2022-10-18 06:31:25,821 [pool-641-thread-1] INFO  server.RaftServerConfigKeys (ConfUtils.java:logGet(46)) - raft.server.log.preallocated.size = 4194304 (custom)
2022-10-18 06:31:25,821 [pool-641-thread-1] INFO  server.RaftServerConfigKeys (ConfUtils.java:logGet(46)) - raft.server.log.force.sync.num = 128 (default)
2022-10-18 06:31:25,821 [pool-641-thread-1] INFO  server.RaftServerConfigKeys (ConfUtils.java:logGet(46)) - raft.server.log.statemachine.data.sync = true (default)
2022-10-18 06:31:25,821 [pool-641-thread-1] INFO  server.RaftServerConfigKeys (ConfUtils.java:logGet(46)) - raft.server.log.statemachine.data.sync.timeout = 10s (default)
2022-10-18 06:31:25,821 [pool-641-thread-1] INFO  server.RaftServerConfigKeys (ConfUtils.java:logGet(46)) - raft.server.log.statemachine.data.sync.timeout.retry = -1 (default)
2022-10-18 06:31:25,822 [pool-641-thread-1] INFO  server.RaftServerConfigKeys (ConfUtils.java:logGet(46)) - raft.server.log.write.buffer.size = 64KB (=65536) (default)
2022-10-18 06:31:25,822 [pool-641-thread-1] INFO  server.RaftServerConfigKeys (ConfUtils.java:logGet(46)) - raft.server.log.unsafe-flush.enabled = false (default)
2022-10-18 06:31:25,823 [pool-641-thread-1] INFO  server.RaftServerConfigKeys (ConfUtils.java:logGet(46)) - raft.server.log.statemachine.data.caching.enabled = false (default)
2022-10-18 06:31:25,823 [pool-641-thread-1] INFO  segmented.SegmentedRaftLogWorker (SegmentedRaftLogWorker.java:lambda$new$0(135)) - omNode-2@group-523986131536-SegmentedRaftLogWorker: flushIndex: setUnconditionally 0 -> -1
2022-10-18 06:31:25,823 [pool-641-thread-1] INFO  segmented.SegmentedRaftLogWorker (SegmentedRaftLogWorker.java:lambda$new$0(135)) - omNode-2@group-523986131536-SegmentedRaftLogWorker: safeCacheEvictIndex: setUnconditionally 0 -> -1
2022-10-18 06:31:25,823 [pool-641-thread-1] INFO  server.RaftServerConfigKeys (ConfUtils.java:logGet(46)) - raft.server.snapshot.auto.trigger.enabled = true (custom)
2022-10-18 06:31:25,823 [pool-641-thread-1] INFO  server.RaftServerConfigKeys (ConfUtils.java:logGet(46)) - raft.server.snapshot.auto.trigger.threshold = 50 (custom)
2022-10-18 06:31:25,823 [pool-641-thread-1] INFO  server.RaftServerConfigKeys (ConfUtils.java:logGet(46)) - raft.server.snapshot.retention.file.num = -1 (default)
2022-10-18 06:31:25,823 [pool-641-thread-1] INFO  server.RaftServerConfigKeys (ConfUtils.java:logGet(46)) - raft.server.log.purge.upto.snapshot.index = true (custom)
2022-10-18 06:31:25,823 [pool-641-thread-1] INFO  server.RaftServerConfigKeys (ConfUtils.java:logGet(46)) - raft.server.retrycache.expirytime = 30000ms (custom)
2022-10-18 06:31:25,823 [pool-641-thread-1] INFO  server.RaftServerConfigKeys (ConfUtils.java:logGet(46)) - raft.server.retrycache.statistics.expirytime = 100μs (default)
2022-10-18 06:31:25,825 [pool-641-thread-1] INFO  server.RaftServerConfigKeys (ConfUtils.java:logGet(46)) - raft.server.log.appender.install.snapshot.enabled = false (custom)
2022-10-18 06:31:25,825 [pool-641-thread-1] INFO  server.RaftServerConfigKeys (ConfUtils.java:logGet(46)) - raft.server.threadpool.server.cached = true (default)
2022-10-18 06:31:25,825 [pool-641-thread-1] INFO  server.RaftServerConfigKeys (ConfUtils.java:logGet(46)) - raft.server.threadpool.server.size = 0 (default)
2022-10-18 06:31:25,825 [pool-641-thread-1] INFO  server.RaftServerConfigKeys (ConfUtils.java:logGet(46)) - raft.server.threadpool.client.cached = true (default)
2022-10-18 06:31:25,825 [pool-641-thread-1] INFO  server.RaftServerConfigKeys (ConfUtils.java:logGet(46)) - raft.server.threadpool.client.size = 0 (default)
2022-10-18 06:31:26,176 [Listener at 127.0.0.1/45657] INFO  reflections.Reflections (Reflections.java:scan(232)) - Reflections took 365 ms to scan 19 urls, producing 67 keys and 4238 values [using 2 cores]
2022-10-18 06:31:26,177 [Listener at 127.0.0.1/45657] INFO  ipc.CallQueueManager (CallQueueManager.java:<init>(90)) - Using callQueue: class java.util.concurrent.LinkedBlockingQueue, queueCapacity: 2000, scheduler: class org.apache.hadoop.ipc.DefaultRpcScheduler, ipcBackoff: false.
2022-10-18 06:31:26,178 [Socket Reader #1 for port 34015] INFO  ipc.Server (Server.java:run(1273)) - Starting Socket Reader #1 for port 34015
2022-10-18 06:31:26,196 [Listener at 127.0.0.1/34015] INFO  impl.MetricsSystemImpl (MetricsSystemImpl.java:init(158)) - OzoneManager metrics system started (again)
2022-10-18 06:31:26,205 [Listener at 127.0.0.1/34015] INFO  om.OzoneManager (OzoneManager.java:start(1482)) - OzoneManager RPC server is listening at localhost/127.0.0.1:34015
2022-10-18 06:31:26,205 [Listener at 127.0.0.1/34015] INFO  ratis.OzoneManagerRatisServer (OzoneManagerRatisServer.java:start(555)) - Starting OzoneManagerRatisServer omNode-2 at port 40971
2022-10-18 06:31:26,206 [omNode-2-impl-thread1] INFO  server.RaftServer$Division (RaftServerImpl.java:start(310)) - omNode-2@group-523986131536: start as a follower, conf=-1: [omNode-3|rpc:localhost:37123|priority:0, omNode-1|rpc:localhost:46015|priority:0, omNode-2|rpc:localhost:40971|priority:0], old=null
2022-10-18 06:31:26,206 [omNode-2-impl-thread1] INFO  server.RaftServer$Division (RaftServerImpl.java:setRole(299)) - omNode-2@group-523986131536: changes role from      null to FOLLOWER at term 0 for startAsFollower
2022-10-18 06:31:26,206 [omNode-2-impl-thread1] INFO  impl.RoleInfo (RoleInfo.java:updateAndGet(139)) - omNode-2: start omNode-2@group-523986131536-FollowerState
2022-10-18 06:31:26,206 [omNode-2-impl-thread1] INFO  util.JmxRegister (JmxRegister.java:tryRegister(44)) - Successfully registered JMX Bean with object name Ratis:service=RaftServer,group=group-523986131536,id=omNode-2
2022-10-18 06:31:26,207 [Listener at 127.0.0.1/34015] INFO  server.RaftServer (RaftServerProxy.java:lambda$start$6(382)) - omNode-2: start RPC server
2022-10-18 06:31:26,211 [Listener at 127.0.0.1/34015] INFO  server.GrpcService (GrpcService.java:startImpl(260)) - omNode-2: GrpcService started, listening on 40971
2022-10-18 06:31:26,211 [Listener at 127.0.0.1/34015] INFO  om.OzoneManager (OzoneManager.java:start(1498)) - Version File has different layout version (3) than OM DB (null). That is expected if this OM has never been finalized to a newer layout version.
2022-10-18 06:31:26,212 [org.apache.ratis.util.JvmPauseMonitor$$Lambda$703/523629281@12b4f3a6] INFO  util.JvmPauseMonitor (JvmPauseMonitor.java:run(103)) - JvmPauseMonitor-omNode-2: Started
2022-10-18 06:31:26,215 [Listener at 127.0.0.1/34015] INFO  http.BaseHttpServer (BaseHttpServer.java:newHttpServer2BuilderForOzone(213)) - Starting Web-server for ozoneManager at: http://0.0.0.0:41893
2022-10-18 06:31:26,215 [Listener at 127.0.0.1/34015] INFO  http.BaseHttpServer (BaseHttpServer.java:<init>(108)) - Hadoop Security Enabled: false Ozone Security Enabled: false Ozone HTTP Security Enabled: false 
2022-10-18 06:31:26,218 [Listener at 127.0.0.1/34015] WARN  server.AuthenticationFilter (AuthenticationFilter.java:constructSecretProvider(240)) - Unable to initialize FileSignerSecretProvider, falling back to use random secrets. Reason: Could not read signature secret file: /home/runner/hadoop-http-auth-signature-secret
2022-10-18 06:31:26,219 [Listener at 127.0.0.1/34015] WARN  http.HttpRequestLog (HttpRequestLog.java:getRequestLog(103)) - Jetty request log can only be enabled using Log4j
2022-10-18 06:31:26,220 [Listener at 127.0.0.1/34015] INFO  http.HttpServer2 (HttpServer2.java:addGlobalFilter(1031)) - Added global filter 'safety' (class=org.apache.hadoop.hdds.server.http.HttpServer2$QuotingInputFilter)
2022-10-18 06:31:26,220 [Listener at 127.0.0.1/34015] INFO  http.HttpServer2 (HttpServer2.java:addFilter(1007)) - Added filter static_user_filter (class=org.apache.hadoop.http.lib.StaticUserWebFilter$StaticUserFilter) to context ozoneManager
2022-10-18 06:31:26,220 [Listener at 127.0.0.1/34015] INFO  http.HttpServer2 (HttpServer2.java:addFilter(1015)) - Added filter static_user_filter (class=org.apache.hadoop.http.lib.StaticUserWebFilter$StaticUserFilter) to context logs
2022-10-18 06:31:26,221 [Listener at 127.0.0.1/34015] INFO  http.HttpServer2 (HttpServer2.java:addFilter(1015)) - Added filter static_user_filter (class=org.apache.hadoop.http.lib.StaticUserWebFilter$StaticUserFilter) to context static
2022-10-18 06:31:26,222 [Listener at 127.0.0.1/34015] INFO  http.HttpServer2 (HttpServer2.java:bindListener(1250)) - Jetty bound to port 41893
2022-10-18 06:31:26,222 [Listener at 127.0.0.1/34015] INFO  server.Server (Server.java:doStart(375)) - jetty-9.4.43.v20210629; built: 2021-06-30T11:07:22.254Z; git: 526006ecfa3af7f1a27ef3a288e2bef7ea9dd7e8; jvm 1.8.0_345-b01
2022-10-18 06:31:26,223 [Listener at 127.0.0.1/34015] INFO  server.session (DefaultSessionIdManager.java:doStart(334)) - DefaultSessionIdManager workerName=node0
2022-10-18 06:31:26,223 [Listener at 127.0.0.1/34015] INFO  server.session (DefaultSessionIdManager.java:doStart(339)) - No SessionScavenger set, using defaults
2022-10-18 06:31:26,229 [Listener at 127.0.0.1/34015] INFO  server.session (HouseKeeper.java:startScavenging(132)) - node0 Scavenging every 660000ms
2022-10-18 06:31:26,230 [Listener at 127.0.0.1/34015] INFO  handler.ContextHandler (ContextHandler.java:doStart(915)) - Started o.e.j.s.ServletContextHandler@2d55df70{logs,/logs,file:///home/runner/work/ozone/ozone/hadoop-ozone/integration-test/target/log,AVAILABLE}
2022-10-18 06:31:26,230 [Listener at 127.0.0.1/34015] INFO  handler.ContextHandler (ContextHandler.java:doStart(915)) - Started o.e.j.s.ServletContextHandler@2af5511b{static,/static,file:///home/runner/work/ozone/ozone/hadoop-ozone/integration-test/target/test-classes/webapps/static,AVAILABLE}
2022-10-18 06:31:26,233 [Listener at 127.0.0.1/34015] INFO  handler.ContextHandler (ContextHandler.java:doStart(915)) - Started o.e.j.w.WebAppContext@113ea6f0{ozoneManager,/,file:///home/runner/work/ozone/ozone/hadoop-ozone/integration-test/target/test-classes/webapps/ozoneManager/,AVAILABLE}{file:/home/runner/work/ozone/ozone/hadoop-ozone/integration-test/target/test-classes/webapps/ozoneManager}
2022-10-18 06:31:26,239 [Listener at 127.0.0.1/34015] INFO  server.AbstractConnector (AbstractConnector.java:doStart(331)) - Started ServerConnector@3bcff419{HTTP/1.1, (http/1.1)}{0.0.0.0:41893}
2022-10-18 06:31:26,240 [Listener at 127.0.0.1/34015] INFO  server.Server (Server.java:doStart(415)) - Started @78423ms
2022-10-18 06:31:26,240 [Listener at 127.0.0.1/34015] WARN  impl.MetricsSystemImpl (MetricsSystemImpl.java:register(279)) - Sink prometheus already exists!
2022-10-18 06:31:26,240 [Listener at 127.0.0.1/34015] INFO  http.BaseHttpServer (BaseHttpServer.java:updateConnectorAddress(333)) - HTTP server of ozoneManager listening at http://0.0.0.0:41893
2022-10-18 06:31:26,240 [IPC Server Responder] INFO  ipc.Server (Server.java:run(1512)) - IPC Server Responder: starting
2022-10-18 06:31:26,241 [IPC Server listener on 34015] INFO  ipc.Server (Server.java:run(1352)) - IPC Server listener on 34015: starting
2022-10-18 06:31:26,242 [Listener at 127.0.0.1/34015] INFO  om.OzoneManager (OzoneManager.java:startTrashEmptier(1919)) - Trash Interval set to 0. Files deleted won't move to trash
2022-10-18 06:31:26,243 [Listener at 127.0.0.1/34015] INFO  ozone.MiniOzoneHAClusterImpl (MiniOzoneHAClusterImpl.java:createOMService(527)) - Started OzoneManager omNode-2 RPC server at localhost/127.0.0.1:34015
2022-10-18 06:31:26,243 [Listener at 127.0.0.1/34015] INFO  ha.OMHANodeDetails (OMHANodeDetails.java:loadOMHAConfig(121)) - ServiceID for OzoneManager is om-service-test1
2022-10-18 06:31:26,244 [Listener at 127.0.0.1/34015] INFO  ha.OMHANodeDetails (OMHANodeDetails.java:loadOMHAConfig(201)) - Found matching OM address with OMServiceId: om-service-test1, OMNodeId: omNode-3, RPC Address: localhost:33175 and Ratis port: 37123
2022-10-18 06:31:26,244 [Listener at 127.0.0.1/34015] INFO  ha.OMHANodeDetails (ConfUtils.java:setNodeSpecificConfigs(97)) - Setting configuration key ozone.om.http-address with value of key ozone.om.http-address.om-service-test1.omNode-3: 127.0.0.1:34333
2022-10-18 06:31:26,244 [Listener at 127.0.0.1/34015] INFO  ha.OMHANodeDetails (ConfUtils.java:setNodeSpecificConfigs(97)) - Setting configuration key ozone.om.https-address with value of key ozone.om.https-address.om-service-test1.omNode-3: 127.0.0.1:36349
2022-10-18 06:31:26,244 [Listener at 127.0.0.1/34015] INFO  ha.OMHANodeDetails (ConfUtils.java:setNodeSpecificConfigs(97)) - Setting configuration key ozone.om.address with value of key ozone.om.address.om-service-test1.omNode-3: 127.0.0.1:33175
2022-10-18 06:31:26,244 [Listener at 127.0.0.1/34015] WARN  server.ServerUtils (ServerUtils.java:getDBPath(225)) - ozone.om.db.dirs is not configured. We recommend adding this setting. Falling back to ozone.metadata.dirs instead.
2022-10-18 06:31:26,245 [Listener at 127.0.0.1/34015] INFO  proxy.SCMBlockLocationFailoverProxyProvider (SCMBlockLocationFailoverProxyProvider.java:<init>(114)) - Created block location fail-over proxy with 1 nodes: [nodeId=scmNodeId,nodeAddress=/0.0.0.0:36531]
2022-10-18 06:31:26,251 [org.apache.hadoop.util.JvmPauseMonitor$Monitor@7c8f7a3d] INFO  util.JvmPauseMonitor (JvmPauseMonitor.java:run(188)) - Starting JVM pause monitor
OM initialization succeeded.Current cluster id for sd=/home/runner/work/ozone/ozone/hadoop-ozone/integration-test/target/test-dir/MiniOzoneClusterImpl-06b5c26c-5174-482c-8dea-daeaa88de3bb/omNode-3/om;cid=06b5c26c-5174-482c-8dea-daeaa88de3bb;layoutVersion=3
2022-10-18 06:31:26,254 [Listener at 127.0.0.1/34015] INFO  ha.OMHANodeDetails (OMHANodeDetails.java:loadOMHAConfig(121)) - ServiceID for OzoneManager is om-service-test1
2022-10-18 06:31:26,254 [Listener at 127.0.0.1/34015] INFO  ha.OMHANodeDetails (OMHANodeDetails.java:loadOMHAConfig(201)) - Found matching OM address with OMServiceId: om-service-test1, OMNodeId: omNode-3, RPC Address: localhost:33175 and Ratis port: 37123
2022-10-18 06:31:26,255 [Listener at 127.0.0.1/34015] INFO  ha.OMHANodeDetails (ConfUtils.java:setNodeSpecificConfigs(97)) - Setting configuration key ozone.om.http-address with value of key ozone.om.http-address.om-service-test1.omNode-3: 127.0.0.1:34333
2022-10-18 06:31:26,255 [Listener at 127.0.0.1/34015] INFO  ha.OMHANodeDetails (ConfUtils.java:setNodeSpecificConfigs(97)) - Setting configuration key ozone.om.https-address with value of key ozone.om.https-address.om-service-test1.omNode-3: 127.0.0.1:36349
2022-10-18 06:31:26,255 [Listener at 127.0.0.1/34015] INFO  ha.OMHANodeDetails (ConfUtils.java:setNodeSpecificConfigs(97)) - Setting configuration key ozone.om.address with value of key ozone.om.address.om-service-test1.omNode-3: 127.0.0.1:33175
2022-10-18 06:31:26,255 [Listener at 127.0.0.1/34015] WARN  server.ServerUtils (ServerUtils.java:getDBPath(225)) - ozone.om.db.dirs is not configured. We recommend adding this setting. Falling back to ozone.metadata.dirs instead.
2022-10-18 06:31:26,255 [Listener at 127.0.0.1/34015] INFO  upgrade.AbstractLayoutVersionManager (AbstractLayoutVersionManager.java:init(83)) - Initializing Layout version manager with metadata layout = MULTITENANCY_SCHEMA (version = 3), software layout = MULTITENANCY_SCHEMA (version = 3)
2022-10-18 06:31:26,328 [Listener at 127.0.0.1/34015] INFO  reflections.Reflections (Reflections.java:scan(232)) - Reflections took 71 ms to scan 2 urls, producing 154 keys and 428 values [using 2 cores]
2022-10-18 06:31:26,328 [Listener at 127.0.0.1/34015] INFO  upgrade.OMLayoutVersionManager (OMLayoutVersionManager.java:lambda$0(115)) - Skipping Upgrade Action MockOmUpgradeAction since it has been finalized.
2022-10-18 06:31:26,328 [Listener at 127.0.0.1/34015] WARN  server.ServerUtils (ServerUtils.java:getDBPath(225)) - ozone.om.db.dirs is not configured. We recommend adding this setting. Falling back to ozone.metadata.dirs instead.
2022-10-18 06:31:26,329 [Listener at 127.0.0.1/34015] INFO  proxy.SCMBlockLocationFailoverProxyProvider (SCMBlockLocationFailoverProxyProvider.java:<init>(114)) - Created block location fail-over proxy with 1 nodes: [nodeId=scmNodeId,nodeAddress=/0.0.0.0:36531]
2022-10-18 06:31:26,331 [Listener at 127.0.0.1/34015] INFO  proxy.SCMBlockLocationFailoverProxyProvider (SCMBlockLocationFailoverProxyProvider.java:<init>(114)) - Created block location fail-over proxy with 1 nodes: [nodeId=scmNodeId,nodeAddress=/0.0.0.0:36531]
2022-10-18 06:31:26,340 [Listener at 127.0.0.1/34015] WARN  server.ServerUtils (ServerUtils.java:getDBPath(225)) - ozone.om.db.dirs is not configured. We recommend adding this setting. Falling back to ozone.metadata.dirs instead.
2022-10-18 06:31:26,340 [Listener at 127.0.0.1/34015] INFO  codec.OmKeyInfoCodec (OmKeyInfoCodec.java:<init>(49)) - OmKeyInfoCodec ignorePipeline = true
2022-10-18 06:31:26,340 [Listener at 127.0.0.1/34015] INFO  codec.RepeatedOmKeyInfoCodec (RepeatedOmKeyInfoCodec.java:<init>(41)) - RepeatedOmKeyInfoCodec ignorePipeline = true
2022-10-18 06:31:26,462 [Listener at 127.0.0.1/34015] INFO  om.OzoneManager (OzoneManager.java:instantiateServices(712)) - S3 Multi-Tenancy is disabled
2022-10-18 06:31:26,463 [Listener at 127.0.0.1/34015] INFO  om.OzoneManager (OzoneManager.java:addS3GVolumeToDB(4386)) - Created Volume s3v With Owner runner required for S3Gateway operations.
2022-10-18 06:31:26,463 [Listener at 127.0.0.1/34015] WARN  server.ServerUtils (ServerUtils.java:getDefaultRatisDirectory(237)) - Storage directory for Ratis is not configured. It is a good idea to map this to an SSD disk. Falling back to ozone.metadata.dirs
2022-10-18 06:31:26,463 [Listener at 127.0.0.1/34015] WARN  utils.OzoneManagerRatisUtils (OzoneManagerRatisUtils.java:getOMRatisSnapshotDirectory(434)) - ozone.om.ratis.snapshot.dir is not configured. Falling back to ozone.metadata.dirs config
2022-10-18 06:31:26,463 [Listener at 127.0.0.1/34015] INFO  snapshot.OzoneManagerSnapshotProvider (OzoneManagerSnapshotProvider.java:<init>(76)) - Initializing OM Snapshot Provider
2022-10-18 06:31:26,465 [Listener at 127.0.0.1/34015] WARN  impl.MetricRegistriesImpl (MetricRegistriesImpl.java:addReporterRegistration(111)) - New reporters are added after registries were created. Some metrics will be missing from the reporter. Please add reporter before adding any new registry.
2022-10-18 06:31:26,465 [Listener at 127.0.0.1/34015] WARN  impl.MetricRegistriesImpl (MetricRegistriesImpl.java:addReporterRegistration(111)) - New reporters are added after registries were created. Some metrics will be missing from the reporter. Please add reporter before adding any new registry.
2022-10-18 06:31:26,465 [Listener at 127.0.0.1/34015] WARN  server.ServerUtils (ServerUtils.java:getDefaultRatisDirectory(237)) - Storage directory for Ratis is not configured. It is a good idea to map this to an SSD disk. Falling back to ozone.metadata.dirs
2022-10-18 06:31:26,466 [Listener at 127.0.0.1/34015] INFO  ratis.OzoneManagerRatisServer (OzoneManagerRatisServer.java:<init>(160)) - Instantiating OM Ratis server with groupID: om-service-test1 and peers: localhost:37123, localhost:46015, localhost:40971
2022-10-18 06:31:26,466 [Listener at 127.0.0.1/34015] INFO  ratis.OzoneManagerStateMachine (OzoneManagerStateMachine.java:loadSnapshotInfoFromDB(632)) - LastAppliedIndex is set from TransactionInfo from OM DB as (t:0, i:~)
2022-10-18 06:31:26,466 [Listener at 127.0.0.1/34015] INFO  server.RaftServer (ConfUtils.java:logGet(46)) - raft.rpc.type = GRPC (default)
2022-10-18 06:31:26,467 [Listener at 127.0.0.1/34015] INFO  grpc.GrpcFactory (GrpcFactory.java:checkPooledByteBufAllocatorUseCacheForAllThreads(48)) - PERFORMANCE WARNING: useCacheForAllThreads is true that may cause Netty to create a lot garbage objects and, as a result, trigger GC.
	It is recommended to disable useCacheForAllThreads by setting -Dorg.apache.ratis.thirdparty.io.netty.allocator.useCacheForAllThreads=false in command line.
2022-10-18 06:31:26,467 [Listener at 127.0.0.1/34015] INFO  grpc.GrpcConfigKeys (ConfUtils.java:logGet(46)) - raft.grpc.admin.port = -1 (default)
2022-10-18 06:31:26,467 [Listener at 127.0.0.1/34015] INFO  grpc.GrpcConfigKeys (ConfUtils.java:logGet(46)) - raft.grpc.server.port = 37123 (custom)
2022-10-18 06:31:26,467 [Listener at 127.0.0.1/34015] INFO  grpc.GrpcConfigKeys (ConfUtils.java:logGet(46)) - raft.grpc.client.port = -1 (default)
2022-10-18 06:31:26,467 [Listener at 127.0.0.1/34015] INFO  grpc.GrpcConfigKeys (ConfUtils.java:logGet(46)) - raft.grpc.server.port = 37123 (custom)
2022-10-18 06:31:26,467 [Listener at 127.0.0.1/34015] INFO  grpc.GrpcConfigKeys (ConfUtils.java:logGet(46)) - raft.grpc.server.port = 37123 (custom)
2022-10-18 06:31:26,467 [Listener at 127.0.0.1/34015] INFO  server.GrpcService (ConfUtils.java:logGet(46)) - raft.grpc.message.size.max = 33554432 (custom)
2022-10-18 06:31:26,467 [Listener at 127.0.0.1/34015] INFO  server.RaftServerConfigKeys (ConfUtils.java:logGet(46)) - raft.server.log.appender.buffer.byte-limit = 33554432 (custom)
2022-10-18 06:31:26,468 [Listener at 127.0.0.1/34015] INFO  server.GrpcService (ConfUtils.java:logGet(46)) - raft.grpc.flow.control.window = 1MB (=1048576) (default)
2022-10-18 06:31:26,468 [Listener at 127.0.0.1/34015] INFO  server.RaftServerConfigKeys (ConfUtils.java:logGet(46)) - raft.server.rpc.request.timeout = 3000ms (default)
2022-10-18 06:31:26,468 [Listener at 127.0.0.1/34015] INFO  grpc.GrpcConfigKeys (ConfUtils.java:logGet(46)) - raft.grpc.server.async.request.thread.pool.cached = true (default)
2022-10-18 06:31:26,468 [Listener at 127.0.0.1/34015] INFO  grpc.GrpcConfigKeys (ConfUtils.java:logGet(46)) - raft.grpc.server.async.request.thread.pool.size = 32 (default)
2022-10-18 06:31:26,469 [Listener at 127.0.0.1/34015] INFO  impl.DataStreamServerImpl (ConfUtils.java:logGet(46)) - raft.datastream.type = DISABLED (default)
2022-10-18 06:31:26,469 [Listener at 127.0.0.1/34015] INFO  server.RaftServerConfigKeys (ConfUtils.java:logGet(46)) - raft.server.threadpool.proxy.cached = true (default)
2022-10-18 06:31:26,469 [Listener at 127.0.0.1/34015] INFO  server.RaftServerConfigKeys (ConfUtils.java:logGet(46)) - raft.server.threadpool.proxy.size = 0 (default)
2022-10-18 06:31:26,470 [Listener at 127.0.0.1/34015] INFO  server.RaftServerConfigKeys (ConfUtils.java:logGet(46)) - raft.server.rpc.slowness.timeout = 2s (custom)
2022-10-18 06:31:26,470 [Listener at 127.0.0.1/34015] INFO  server.RaftServerConfigKeys (ConfUtils.java:logGet(46)) - raft.server.leaderelection.leader.step-down.wait-time = 10s (default)
2022-10-18 06:31:26,470 [Listener at 127.0.0.1/34015] INFO  server.RaftServerConfigKeys (ConfUtils.java:logGet(46)) - raft.server.storage.dir = [/home/runner/work/ozone/ozone/hadoop-ozone/integration-test/target/test-dir/MiniOzoneClusterImpl-06b5c26c-5174-482c-8dea-daeaa88de3bb/omNode-3/ratis] (custom)
2022-10-18 06:31:26,470 [Listener at 127.0.0.1/34015] INFO  server.RaftServer (RaftServerProxy.java:addNew(96)) - omNode-3: addNew group-523986131536:[omNode-3|rpc:localhost:37123|priority:0, omNode-1|rpc:localhost:46015|priority:0, omNode-2|rpc:localhost:40971|priority:0] returns group-523986131536:java.util.concurrent.CompletableFuture@3a47d7d4[Not completed]
2022-10-18 06:31:26,471 [Listener at 127.0.0.1/34015] INFO  om.OzoneManager (OzoneManager.java:initializeRatisServer(1975)) - OzoneManager Ratis server initialized at port 37123
2022-10-18 06:31:26,471 [Listener at 127.0.0.1/34015] INFO  om.OzoneManager (OzoneManager.java:getRpcServer(1101)) - Creating RPC Server
2022-10-18 06:31:26,480 [pool-666-thread-1] INFO  server.RaftServer$Division (RaftServerImpl.java:<init>(190)) - omNode-3: new RaftServerImpl for group-523986131536:[omNode-3|rpc:localhost:37123|priority:0, omNode-1|rpc:localhost:46015|priority:0, omNode-2|rpc:localhost:40971|priority:0] with OzoneManagerStateMachine:uninitialized
2022-10-18 06:31:26,481 [pool-666-thread-1] INFO  server.RaftServerConfigKeys (ConfUtils.java:logGet(46)) - raft.server.rpc.timeout.min = 1s (custom)
2022-10-18 06:31:26,481 [pool-666-thread-1] INFO  server.RaftServerConfigKeys (ConfUtils.java:logGet(46)) - raft.server.rpc.timeout.max = 1200ms (custom)
2022-10-18 06:31:26,481 [pool-666-thread-1] INFO  server.RaftServerConfigKeys (ConfUtils.java:logGet(46)) - raft.server.rpc.sleep.time = 25ms (default)
2022-10-18 06:31:26,481 [pool-666-thread-1] INFO  server.RaftServerConfigKeys (ConfUtils.java:logGet(46)) - raft.server.rpc.slowness.timeout = 2s (custom)
2022-10-18 06:31:26,481 [pool-666-thread-1] INFO  server.RaftServerConfigKeys (ConfUtils.java:logGet(46)) - raft.server.leaderelection.leader.step-down.wait-time = 10s (default)
2022-10-18 06:31:26,481 [pool-666-thread-1] INFO  server.RaftServerConfigKeys (ConfUtils.java:logGet(46)) - raft.server.sleep.deviation.threshold = 300ms (default)
2022-10-18 06:31:26,481 [pool-666-thread-1] INFO  server.RaftServer$Division (ServerState.java:<init>(107)) - omNode-3@group-523986131536: ConfigurationManager, init=-1: [omNode-3|rpc:localhost:37123|priority:0, omNode-1|rpc:localhost:46015|priority:0, omNode-2|rpc:localhost:40971|priority:0], old=null, confs=<EMPTY_MAP>
2022-10-18 06:31:26,481 [pool-666-thread-1] INFO  server.RaftServerConfigKeys (ConfUtils.java:logGet(46)) - raft.server.storage.dir = [/home/runner/work/ozone/ozone/hadoop-ozone/integration-test/target/test-dir/MiniOzoneClusterImpl-06b5c26c-5174-482c-8dea-daeaa88de3bb/omNode-3/ratis] (custom)
2022-10-18 06:31:26,481 [pool-666-thread-1] INFO  server.RaftServerConfigKeys (ConfUtils.java:logGet(46)) - raft.server.log.corruption.policy = EXCEPTION (default)
2022-10-18 06:31:26,481 [pool-666-thread-1] INFO  server.RaftServerConfigKeys (ConfUtils.java:logGet(46)) - raft.server.storage.free-space.min = 0MB (=0) (default)
2022-10-18 06:31:26,481 [pool-666-thread-1] INFO  storage.RaftStorageDirectory (RaftStorageDirectoryImpl.java:analyzeStorage(135)) - The storage directory /home/runner/work/ozone/ozone/hadoop-ozone/integration-test/target/test-dir/MiniOzoneClusterImpl-06b5c26c-5174-482c-8dea-daeaa88de3bb/omNode-3/ratis/c9bc4cf4-3bc3-3c60-a66b-523986131536 does not exist. Creating ...
2022-10-18 06:31:26,482 [pool-666-thread-1] INFO  storage.RaftStorageDirectory (RaftStorageDirectoryImpl.java:tryLock(230)) - Lock on /home/runner/work/ozone/ozone/hadoop-ozone/integration-test/target/test-dir/MiniOzoneClusterImpl-06b5c26c-5174-482c-8dea-daeaa88de3bb/omNode-3/ratis/c9bc4cf4-3bc3-3c60-a66b-523986131536/in_use.lock acquired by nodename 30337@fv-az241-838
2022-10-18 06:31:26,485 [pool-666-thread-1] INFO  storage.RaftStorage (RaftStorageImpl.java:format(89)) - Storage directory /home/runner/work/ozone/ozone/hadoop-ozone/integration-test/target/test-dir/MiniOzoneClusterImpl-06b5c26c-5174-482c-8dea-daeaa88de3bb/omNode-3/ratis/c9bc4cf4-3bc3-3c60-a66b-523986131536 has been successfully formatted.
2022-10-18 06:31:26,486 [pool-666-thread-1] INFO  server.RaftServerConfigKeys (ConfUtils.java:logGet(46)) - raft.server.notification.no-leader.timeout = 2s (custom)
2022-10-18 06:31:26,486 [pool-666-thread-1] INFO  server.RaftServerConfigKeys (ConfUtils.java:logGet(46)) - raft.server.log.use.memory = false (default)
2022-10-18 06:31:26,486 [pool-666-thread-1] INFO  server.RaftServerConfigKeys (ConfUtils.java:logGet(46)) - raft.server.log.purge.gap = 50 (custom)
2022-10-18 06:31:26,486 [pool-666-thread-1] INFO  server.RaftServerConfigKeys (ConfUtils.java:logGet(46)) - raft.server.log.appender.buffer.byte-limit = 33554432 (custom)
2022-10-18 06:31:26,486 [pool-666-thread-1] INFO  server.RaftServerConfigKeys (ConfUtils.java:logGet(46)) - raft.server.log.statemachine.data.read.timeout = 1000ms (default)
2022-10-18 06:31:26,486 [pool-666-thread-1] INFO  server.RaftServerConfigKeys (ConfUtils.java:logGet(46)) - raft.server.log.segment.size.max = 4194304 (custom)
2022-10-18 06:31:26,529 [pool-666-thread-1] INFO  server.RaftServerConfigKeys (ConfUtils.java:logGet(46)) - raft.server.log.segment.cache.num.max = 2 (custom)
2022-10-18 06:31:26,529 [pool-666-thread-1] INFO  server.RaftServerConfigKeys (ConfUtils.java:logGet(46)) - raft.server.log.segment.cache.size.max = 200MB (=209715200) (default)
2022-10-18 06:31:26,529 [pool-666-thread-1] INFO  segmented.SegmentedRaftLogWorker (SegmentedRaftLogWorker.java:<init>(187)) - new omNode-3@group-523986131536-SegmentedRaftLogWorker for RaftStorageImpl:Storage Directory /home/runner/work/ozone/ozone/hadoop-ozone/integration-test/target/test-dir/MiniOzoneClusterImpl-06b5c26c-5174-482c-8dea-daeaa88de3bb/omNode-3/ratis/c9bc4cf4-3bc3-3c60-a66b-523986131536
2022-10-18 06:31:26,530 [pool-666-thread-1] INFO  server.RaftServerConfigKeys (ConfUtils.java:logGet(46)) - raft.server.log.queue.byte-limit = 64MB (=67108864) (default)
2022-10-18 06:31:26,530 [pool-666-thread-1] INFO  server.RaftServerConfigKeys (ConfUtils.java:logGet(46)) - raft.server.log.queue.element-limit = 4096 (default)
2022-10-18 06:31:26,530 [pool-666-thread-1] INFO  server.RaftServerConfigKeys (ConfUtils.java:logGet(46)) - raft.server.log.segment.size.max = 4194304 (custom)
2022-10-18 06:31:26,530 [pool-666-thread-1] INFO  server.RaftServerConfigKeys (ConfUtils.java:logGet(46)) - raft.server.log.preallocated.size = 4194304 (custom)
2022-10-18 06:31:26,530 [pool-666-thread-1] INFO  server.RaftServerConfigKeys (ConfUtils.java:logGet(46)) - raft.server.log.force.sync.num = 128 (default)
2022-10-18 06:31:26,530 [pool-666-thread-1] INFO  server.RaftServerConfigKeys (ConfUtils.java:logGet(46)) - raft.server.log.statemachine.data.sync = true (default)
2022-10-18 06:31:26,530 [pool-666-thread-1] INFO  server.RaftServerConfigKeys (ConfUtils.java:logGet(46)) - raft.server.log.statemachine.data.sync.timeout = 10s (default)
2022-10-18 06:31:26,530 [pool-666-thread-1] INFO  server.RaftServerConfigKeys (ConfUtils.java:logGet(46)) - raft.server.log.statemachine.data.sync.timeout.retry = -1 (default)
2022-10-18 06:31:26,531 [pool-666-thread-1] INFO  server.RaftServerConfigKeys (ConfUtils.java:logGet(46)) - raft.server.log.write.buffer.size = 64KB (=65536) (default)
2022-10-18 06:31:26,531 [pool-666-thread-1] INFO  server.RaftServerConfigKeys (ConfUtils.java:logGet(46)) - raft.server.log.unsafe-flush.enabled = false (default)
2022-10-18 06:31:26,531 [pool-666-thread-1] INFO  server.RaftServerConfigKeys (ConfUtils.java:logGet(46)) - raft.server.log.statemachine.data.caching.enabled = false (default)
2022-10-18 06:31:26,531 [pool-666-thread-1] INFO  segmented.SegmentedRaftLogWorker (SegmentedRaftLogWorker.java:lambda$new$0(135)) - omNode-3@group-523986131536-SegmentedRaftLogWorker: flushIndex: setUnconditionally 0 -> -1
2022-10-18 06:31:26,531 [pool-666-thread-1] INFO  segmented.SegmentedRaftLogWorker (SegmentedRaftLogWorker.java:lambda$new$0(135)) - omNode-3@group-523986131536-SegmentedRaftLogWorker: safeCacheEvictIndex: setUnconditionally 0 -> -1
2022-10-18 06:31:26,557 [pool-666-thread-1] INFO  server.RaftServerConfigKeys (ConfUtils.java:logGet(46)) - raft.server.snapshot.auto.trigger.enabled = true (custom)
2022-10-18 06:31:26,557 [pool-666-thread-1] INFO  server.RaftServerConfigKeys (ConfUtils.java:logGet(46)) - raft.server.snapshot.auto.trigger.threshold = 50 (custom)
2022-10-18 06:31:26,557 [pool-666-thread-1] INFO  server.RaftServerConfigKeys (ConfUtils.java:logGet(46)) - raft.server.snapshot.retention.file.num = -1 (default)
2022-10-18 06:31:26,557 [pool-666-thread-1] INFO  server.RaftServerConfigKeys (ConfUtils.java:logGet(46)) - raft.server.log.purge.upto.snapshot.index = true (custom)
2022-10-18 06:31:26,557 [pool-666-thread-1] INFO  server.RaftServerConfigKeys (ConfUtils.java:logGet(46)) - raft.server.retrycache.expirytime = 30000ms (custom)
2022-10-18 06:31:26,557 [pool-666-thread-1] INFO  server.RaftServerConfigKeys (ConfUtils.java:logGet(46)) - raft.server.retrycache.statistics.expirytime = 100μs (default)
2022-10-18 06:31:26,559 [pool-666-thread-1] INFO  server.RaftServerConfigKeys (ConfUtils.java:logGet(46)) - raft.server.log.appender.install.snapshot.enabled = false (custom)
2022-10-18 06:31:26,559 [pool-666-thread-1] INFO  server.RaftServerConfigKeys (ConfUtils.java:logGet(46)) - raft.server.threadpool.server.cached = true (default)
2022-10-18 06:31:26,559 [pool-666-thread-1] INFO  server.RaftServerConfigKeys (ConfUtils.java:logGet(46)) - raft.server.threadpool.server.size = 0 (default)
2022-10-18 06:31:26,559 [pool-666-thread-1] INFO  server.RaftServerConfigKeys (ConfUtils.java:logGet(46)) - raft.server.threadpool.client.cached = true (default)
2022-10-18 06:31:26,559 [pool-666-thread-1] INFO  server.RaftServerConfigKeys (ConfUtils.java:logGet(46)) - raft.server.threadpool.client.size = 0 (default)
2022-10-18 06:31:26,625 [EndpointStateMachine task thread for /0.0.0.0:34663 - 0 ] INFO  ipc.Client (Client.java:handleConnectionFailure(1010)) - Retrying connect to server: 0.0.0.0/0.0.0.0:34663. Already tried 5 time(s); retry policy is RetryUpToMaximumCountWithFixedSleep(maxRetries=15, sleepTime=1000 MILLISECONDS)
2022-10-18 06:31:26,656 [omNode-1@group-523986131536-FollowerState] INFO  impl.FollowerState (FollowerState.java:run(143)) - omNode-1@group-523986131536-FollowerState: change to CANDIDATE, lastRpcElapsedTime:1104352302ns, electionTimeout:1104ms
2022-10-18 06:31:26,656 [omNode-1@group-523986131536-FollowerState] INFO  impl.RoleInfo (RoleInfo.java:shutdownFollowerState(110)) - omNode-1: shutdown omNode-1@group-523986131536-FollowerState
2022-10-18 06:31:26,656 [omNode-1@group-523986131536-FollowerState] INFO  server.RaftServer$Division (RaftServerImpl.java:setRole(299)) - omNode-1@group-523986131536: changes role from  FOLLOWER to CANDIDATE at term 0 for changeToCandidate
2022-10-18 06:31:26,656 [omNode-1@group-523986131536-FollowerState] INFO  server.RaftServerConfigKeys (ConfUtils.java:logGet(46)) - raft.server.leaderelection.pre-vote = false (custom)
2022-10-18 06:31:26,656 [omNode-1@group-523986131536-FollowerState] INFO  impl.RoleInfo (RoleInfo.java:updateAndGet(139)) - omNode-1: start omNode-1@group-523986131536-LeaderElection19
2022-10-18 06:31:26,671 [omNode-1@group-523986131536-LeaderElection19] INFO  impl.LeaderElection (LeaderElection.java:askForVotes(310)) - omNode-1@group-523986131536-LeaderElection19 ELECTION round 0: submit vote requests at term 1 for -1: [omNode-3|rpc:localhost:37123|priority:0, omNode-1|rpc:localhost:46015|priority:0, omNode-2|rpc:localhost:40971|priority:0], old=null
2022-10-18 06:31:26,696 [omNode-1@group-523986131536-LeaderElection19] INFO  impl.LeaderElection (LogUtils.java:infoOrTrace(137)) - omNode-1@group-523986131536-LeaderElection19 got exception when requesting votes: java.util.concurrent.ExecutionException: org.apache.ratis.thirdparty.io.grpc.StatusRuntimeException: UNAVAILABLE: io exception
2022-10-18 06:31:26,702 [grpc-default-executor-3] INFO  server.RaftServer$Division (RaftServerImpl.java:requestVote(1152)) - omNode-2@group-523986131536: receive requestVote(ELECTION, omNode-1, group-523986131536, 1, (t:0, i:~))
2022-10-18 06:31:26,703 [grpc-default-executor-3] INFO  impl.VoteContext (VoteContext.java:log(48)) - omNode-2@group-523986131536-FOLLOWER: accept ELECTION from omNode-1: our priority 0 <= candidate's priority 0
2022-10-18 06:31:26,703 [grpc-default-executor-3] INFO  server.RaftServer$Division (RaftServerImpl.java:setRole(299)) - omNode-2@group-523986131536: changes role from  FOLLOWER to FOLLOWER at term 1 for candidate:omNode-1
2022-10-18 06:31:26,703 [grpc-default-executor-3] INFO  impl.RoleInfo (RoleInfo.java:shutdownFollowerState(110)) - omNode-2: shutdown omNode-2@group-523986131536-FollowerState
2022-10-18 06:31:26,703 [grpc-default-executor-3] INFO  impl.RoleInfo (RoleInfo.java:updateAndGet(139)) - omNode-2: start omNode-2@group-523986131536-FollowerState
2022-10-18 06:31:26,703 [omNode-2@group-523986131536-FollowerState] INFO  impl.FollowerState (FollowerState.java:run(152)) - omNode-2@group-523986131536-FollowerState was interrupted
2022-10-18 06:31:26,705 [grpc-default-executor-3] INFO  server.RaftServer$Division (RaftServerImpl.java:requestVote(1184)) - omNode-2@group-523986131536 replies to ELECTION vote request: omNode-1<-omNode-2#0:OK-t1. Peer's state: omNode-2@group-523986131536:t1, leader=null, voted=omNode-1, raftlog=omNode-2@group-523986131536-SegmentedRaftLog:OPENED:c-1, conf=-1: [omNode-3|rpc:localhost:37123|priority:0, omNode-1|rpc:localhost:46015|priority:0, omNode-2|rpc:localhost:40971|priority:0], old=null
2022-10-18 06:31:26,706 [omNode-1@group-523986131536-LeaderElection19] INFO  impl.LeaderElection (LeaderElection.java:logAndReturn(90)) - omNode-1@group-523986131536-LeaderElection19: ELECTION PASSED received 1 response(s) and 1 exception(s):
2022-10-18 06:31:26,706 [omNode-1@group-523986131536-LeaderElection19] INFO  impl.LeaderElection (LeaderElection.java:logAndReturn(94)) -   Response 0: omNode-1<-omNode-2#0:OK-t1
2022-10-18 06:31:26,706 [omNode-1@group-523986131536-LeaderElection19] INFO  impl.LeaderElection (LogUtils.java:infoOrTrace(137)) -   Exception 1: java.util.concurrent.ExecutionException: org.apache.ratis.thirdparty.io.grpc.StatusRuntimeException: UNAVAILABLE: io exception
2022-10-18 06:31:26,707 [omNode-1@group-523986131536-LeaderElection19] INFO  impl.LeaderElection (LeaderElection.java:askForVotes(312)) - omNode-1@group-523986131536-LeaderElection19 ELECTION round 0: result PASSED
2022-10-18 06:31:26,707 [omNode-1@group-523986131536-LeaderElection19] INFO  impl.RoleInfo (RoleInfo.java:shutdownLeaderElection(130)) - omNode-1: shutdown omNode-1@group-523986131536-LeaderElection19
2022-10-18 06:31:26,707 [omNode-1@group-523986131536-LeaderElection19] INFO  server.RaftServer$Division (RaftServerImpl.java:setRole(299)) - omNode-1@group-523986131536: changes role from CANDIDATE to LEADER at term 1 for changeToLeader
2022-10-18 06:31:26,707 [omNode-1@group-523986131536-LeaderElection19] INFO  server.RaftServer$Division (ServerState.java:setLeader(287)) - omNode-1@group-523986131536: change Leader from null to omNode-1 at term 1 for becomeLeader, leader elected after 1500ms
2022-10-18 06:31:26,707 [omNode-1@group-523986131536-LeaderElection19] INFO  server.RaftServerConfigKeys (ConfUtils.java:logGet(46)) - raft.server.staging.catchup.gap = 1000 (default)
2022-10-18 06:31:26,707 [omNode-1@group-523986131536-LeaderElection19] INFO  server.RaftServerConfigKeys (ConfUtils.java:logGet(46)) - raft.server.write.element-limit = 4096 (default)
2022-10-18 06:31:26,707 [omNode-1@group-523986131536-LeaderElection19] INFO  server.RaftServerConfigKeys (ConfUtils.java:logGet(46)) - raft.server.write.byte-limit = 64MB (=67108864) (default)
2022-10-18 06:31:26,707 [omNode-1@group-523986131536-LeaderElection19] INFO  server.RaftServerConfigKeys (ConfUtils.java:logGet(46)) - raft.server.watch.timeout = 10s (default)
2022-10-18 06:31:26,707 [omNode-1@group-523986131536-LeaderElection19] INFO  server.RaftServerConfigKeys (ConfUtils.java:logGet(46)) - raft.server.watch.timeout.denomination = 1s (default)
2022-10-18 06:31:26,707 [omNode-1@group-523986131536-LeaderElection19] INFO  server.RaftServerConfigKeys (ConfUtils.java:logGet(46)) - raft.server.watch.element-limit = 65536 (default)
2022-10-18 06:31:26,707 [omNode-1@group-523986131536-LeaderElection19] INFO  server.RaftServerConfigKeys (ConfUtils.java:logGet(46)) - raft.server.write.element-limit = 4096 (default)
2022-10-18 06:31:26,707 [omNode-1@group-523986131536-LeaderElection19] INFO  server.RaftServerConfigKeys (ConfUtils.java:logGet(46)) - raft.server.write.follower.gap.ratio.max = -1.0 (default)
2022-10-18 06:31:26,708 [omNode-1@group-523986131536-LeaderElection19] INFO  server.RaftServerConfigKeys (ConfUtils.java:logGet(46)) - raft.server.log.appender.snapshot.chunk.size.max = 16MB (=16777216) (default)
2022-10-18 06:31:26,708 [omNode-1@group-523986131536-LeaderElection19] INFO  server.RaftServerConfigKeys (ConfUtils.java:logGet(46)) - raft.server.log.appender.buffer.byte-limit = 33554432 (custom)
2022-10-18 06:31:26,708 [omNode-1@group-523986131536-LeaderElection19] INFO  server.RaftServerConfigKeys (ConfUtils.java:logGet(46)) - raft.server.log.appender.buffer.element-limit = 1024 (custom)
2022-10-18 06:31:26,708 [omNode-1@group-523986131536-LeaderElection19] INFO  grpc.GrpcConfigKeys (ConfUtils.java:logGet(46)) - raft.grpc.server.leader.outstanding.appends.max = 128 (default)
2022-10-18 06:31:26,708 [omNode-1@group-523986131536-LeaderElection19] INFO  server.RaftServerConfigKeys (ConfUtils.java:logGet(46)) - raft.server.rpc.request.timeout = 3000ms (default)
2022-10-18 06:31:26,708 [omNode-1@group-523986131536-LeaderElection19] INFO  server.RaftServerConfigKeys (ConfUtils.java:logGet(46)) - raft.server.log.appender.install.snapshot.enabled = false (custom)
2022-10-18 06:31:26,709 [omNode-1@group-523986131536-LeaderElection19] INFO  server.RaftServerConfigKeys (ConfUtils.java:logGet(46)) - raft.server.log.appender.snapshot.chunk.size.max = 16MB (=16777216) (default)
2022-10-18 06:31:26,709 [omNode-1@group-523986131536-LeaderElection19] INFO  server.RaftServerConfigKeys (ConfUtils.java:logGet(46)) - raft.server.log.appender.buffer.byte-limit = 33554432 (custom)
2022-10-18 06:31:26,709 [omNode-1@group-523986131536-LeaderElection19] INFO  server.RaftServerConfigKeys (ConfUtils.java:logGet(46)) - raft.server.log.appender.buffer.element-limit = 1024 (custom)
2022-10-18 06:31:26,709 [omNode-1@group-523986131536-LeaderElection19] INFO  grpc.GrpcConfigKeys (ConfUtils.java:logGet(46)) - raft.grpc.server.leader.outstanding.appends.max = 128 (default)
2022-10-18 06:31:26,709 [omNode-1@group-523986131536-LeaderElection19] INFO  server.RaftServerConfigKeys (ConfUtils.java:logGet(46)) - raft.server.rpc.request.timeout = 3000ms (default)
2022-10-18 06:31:26,710 [omNode-1@group-523986131536-LeaderElection19] INFO  server.RaftServerConfigKeys (ConfUtils.java:logGet(46)) - raft.server.log.appender.install.snapshot.enabled = false (custom)
2022-10-18 06:31:26,710 [omNode-1@group-523986131536-LeaderElection19] INFO  impl.RoleInfo (RoleInfo.java:updateAndGet(139)) - omNode-1: start omNode-1@group-523986131536-LeaderStateImpl
2022-10-18 06:31:26,710 [omNode-1@group-523986131536-LeaderElection19] INFO  segmented.SegmentedRaftLogWorker (SegmentedRaftLogWorker.java:startLogSegment(425)) - omNode-1@group-523986131536-SegmentedRaftLogWorker: Starting segment from index:0
2022-10-18 06:31:26,720 [omNode-1@group-523986131536-SegmentedRaftLogWorker] INFO  segmented.SegmentedRaftLogWorker (SegmentedRaftLogWorker.java:execute(629)) - omNode-1@group-523986131536-SegmentedRaftLogWorker: created new log segment /home/runner/work/ozone/ozone/hadoop-ozone/integration-test/target/test-dir/MiniOzoneClusterImpl-06b5c26c-5174-482c-8dea-daeaa88de3bb/omNode-1/ratis/c9bc4cf4-3bc3-3c60-a66b-523986131536/current/log_inprogress_0
2022-10-18 06:31:26,730 [grpc-default-executor-3] WARN  server.GrpcLogAppender (LogUtils.java:warn(122)) - omNode-1@group-523986131536->omNode-3-AppendLogResponseHandler: Failed appendEntries: org.apache.ratis.thirdparty.io.grpc.StatusRuntimeException: UNAVAILABLE: io exception
2022-10-18 06:31:26,730 [grpc-default-executor-3] WARN  server.GrpcLogAppender (GrpcLogAppender.java:resetClient(111)) - omNode-1@group-523986131536->omNode-3-GrpcLogAppender: Leader has not got in touch with Follower omNode-1@group-523986131536->omNode-3(c-1,m0,n0, attendVote=true, lastRpcSendTime=1222, lastRpcResponseTime=1222) yet, just keep nextIndex unchanged and retry.
2022-10-18 06:31:26,735 [omNode-1@group-523986131536-LeaderElection19] INFO  server.RaftServer$Division (ServerState.java:setRaftConf(393)) - omNode-1@group-523986131536: set configuration 0: [omNode-3|rpc:localhost:37123|admin:|client:|dataStream:|priority:0, omNode-1|rpc:localhost:46015|admin:|client:|dataStream:|priority:0, omNode-2|rpc:localhost:40971|admin:|client:|dataStream:|priority:0], old=null
2022-10-18 06:31:26,736 [grpc-default-executor-3] WARN  server.GrpcLogAppender (LogUtils.java:warn(122)) - omNode-1@group-523986131536->omNode-3-AppendLogResponseHandler: Failed appendEntries: org.apache.ratis.thirdparty.io.grpc.StatusRuntimeException: UNAVAILABLE: io exception
2022-10-18 06:31:26,736 [omNode-1@group-523986131536-StateMachineUpdater] INFO  ratis.OzoneManagerStateMachine (OzoneManagerStateMachine.java:notifyConfigurationChanged(192)) - Received Configuration change notification from Ratis. New Peer list:
[id: "omNode-3"
address: "localhost:37123"
, id: "omNode-1"
address: "localhost:46015"
, id: "omNode-2"
address: "localhost:40971"
]
2022-10-18 06:31:26,736 [grpc-default-executor-3] WARN  server.GrpcLogAppender (GrpcLogAppender.java:resetClient(111)) - omNode-1@group-523986131536->omNode-3-GrpcLogAppender: Leader has not got in touch with Follower omNode-1@group-523986131536->omNode-3(c-1,m0,n1, attendVote=true, lastRpcSendTime=1, lastRpcResponseTime=1228) yet, just keep nextIndex unchanged and retry.
2022-10-18 06:31:26,738 [grpc-default-executor-2] WARN  server.GrpcLogAppender (LogUtils.java:warn(122)) - omNode-1@group-523986131536->omNode-3-AppendLogResponseHandler: Failed appendEntries: org.apache.ratis.thirdparty.io.grpc.StatusRuntimeException: UNAVAILABLE: io exception
2022-10-18 06:31:26,738 [grpc-default-executor-2] WARN  server.GrpcLogAppender (GrpcLogAppender.java:resetClient(111)) - omNode-1@group-523986131536->omNode-3-GrpcLogAppender: Leader has not got in touch with Follower omNode-1@group-523986131536->omNode-3(c-1,m0,n1, attendVote=true, lastRpcSendTime=2, lastRpcResponseTime=1230) yet, just keep nextIndex unchanged and retry.
2022-10-18 06:31:26,742 [omNode-2-server-thread1] INFO  server.RaftServer$Division (ServerState.java:setLeader(287)) - omNode-2@group-523986131536: change Leader from null to omNode-1 at term 1 for appendEntries, leader elected after 921ms
2022-10-18 06:31:26,743 [omNode-2-server-thread1] INFO  server.RaftServer$Division (ServerState.java:setRaftConf(393)) - omNode-2@group-523986131536: set configuration 0: [omNode-3|rpc:localhost:37123|admin:|client:|dataStream:|priority:0, omNode-1|rpc:localhost:46015|admin:|client:|dataStream:|priority:0, omNode-2|rpc:localhost:40971|admin:|client:|dataStream:|priority:0], old=null
2022-10-18 06:31:26,743 [omNode-2-server-thread1] INFO  segmented.SegmentedRaftLogWorker (SegmentedRaftLogWorker.java:startLogSegment(425)) - omNode-2@group-523986131536-SegmentedRaftLogWorker: Starting segment from index:0
2022-10-18 06:31:26,753 [omNode-2@group-523986131536-SegmentedRaftLogWorker] INFO  segmented.SegmentedRaftLogWorker (SegmentedRaftLogWorker.java:execute(629)) - omNode-2@group-523986131536-SegmentedRaftLogWorker: created new log segment /home/runner/work/ozone/ozone/hadoop-ozone/integration-test/target/test-dir/MiniOzoneClusterImpl-06b5c26c-5174-482c-8dea-daeaa88de3bb/omNode-2/ratis/c9bc4cf4-3bc3-3c60-a66b-523986131536/current/log_inprogress_0
2022-10-18 06:31:26,765 [omNode-2@group-523986131536-StateMachineUpdater] INFO  ratis.OzoneManagerStateMachine (OzoneManagerStateMachine.java:notifyConfigurationChanged(192)) - Received Configuration change notification from Ratis. New Peer list:
[id: "omNode-3"
address: "localhost:37123"
, id: "omNode-1"
address: "localhost:46015"
, id: "omNode-2"
address: "localhost:40971"
]
2022-10-18 06:31:26,937 [Listener at 127.0.0.1/34015] INFO  reflections.Reflections (Reflections.java:scan(232)) - Reflections took 465 ms to scan 19 urls, producing 67 keys and 4238 values [using 2 cores]
2022-10-18 06:31:26,938 [Listener at 127.0.0.1/34015] INFO  ipc.CallQueueManager (CallQueueManager.java:<init>(90)) - Using callQueue: class java.util.concurrent.LinkedBlockingQueue, queueCapacity: 2000, scheduler: class org.apache.hadoop.ipc.DefaultRpcScheduler, ipcBackoff: false.
2022-10-18 06:31:26,939 [Socket Reader #1 for port 33175] INFO  ipc.Server (Server.java:run(1273)) - Starting Socket Reader #1 for port 33175
2022-10-18 06:31:26,960 [Listener at 127.0.0.1/33175] INFO  impl.MetricsSystemImpl (MetricsSystemImpl.java:init(158)) - OzoneManager metrics system started (again)
2022-10-18 06:31:27,003 [grpc-default-executor-1] WARN  server.GrpcLogAppender (LogUtils.java:warn(122)) - omNode-1@group-523986131536->omNode-3-AppendLogResponseHandler: Failed appendEntries: org.apache.ratis.thirdparty.io.grpc.StatusRuntimeException: UNAVAILABLE: io exception
2022-10-18 06:31:27,004 [grpc-default-executor-1] WARN  server.GrpcLogAppender (GrpcLogAppender.java:resetClient(111)) - omNode-1@group-523986131536->omNode-3-GrpcLogAppender: Leader has not got in touch with Follower omNode-1@group-523986131536->omNode-3(c-1,m0,n1, attendVote=true, lastRpcSendTime=2, lastRpcResponseTime=1496) yet, just keep nextIndex unchanged and retry.
2022-10-18 06:31:27,015 [Listener at 127.0.0.1/33175] INFO  om.OzoneManager (OzoneManager.java:start(1482)) - OzoneManager RPC server is listening at localhost/127.0.0.1:33175
2022-10-18 06:31:27,016 [Listener at 127.0.0.1/33175] INFO  ratis.OzoneManagerRatisServer (OzoneManagerRatisServer.java:start(555)) - Starting OzoneManagerRatisServer omNode-3 at port 37123
2022-10-18 06:31:27,016 [omNode-3-impl-thread1] INFO  server.RaftServer$Division (RaftServerImpl.java:start(310)) - omNode-3@group-523986131536: start as a follower, conf=-1: [omNode-3|rpc:localhost:37123|priority:0, omNode-1|rpc:localhost:46015|priority:0, omNode-2|rpc:localhost:40971|priority:0], old=null
2022-10-18 06:31:27,016 [omNode-3-impl-thread1] INFO  server.RaftServer$Division (RaftServerImpl.java:setRole(299)) - omNode-3@group-523986131536: changes role from      null to FOLLOWER at term 0 for startAsFollower
2022-10-18 06:31:27,016 [omNode-3-impl-thread1] INFO  impl.RoleInfo (RoleInfo.java:updateAndGet(139)) - omNode-3: start omNode-3@group-523986131536-FollowerState
2022-10-18 06:31:27,025 [omNode-3-impl-thread1] INFO  util.JmxRegister (JmxRegister.java:tryRegister(44)) - Successfully registered JMX Bean with object name Ratis:service=RaftServer,group=group-523986131536,id=omNode-3
2022-10-18 06:31:27,031 [Listener at 127.0.0.1/33175] INFO  server.RaftServer (RaftServerProxy.java:lambda$start$6(382)) - omNode-3: start RPC server
2022-10-18 06:31:27,034 [Listener at 127.0.0.1/33175] INFO  server.GrpcService (GrpcService.java:startImpl(260)) - omNode-3: GrpcService started, listening on 37123
2022-10-18 06:31:27,035 [Listener at 127.0.0.1/33175] INFO  om.OzoneManager (OzoneManager.java:start(1498)) - Version File has different layout version (3) than OM DB (null). That is expected if this OM has never been finalized to a newer layout version.
2022-10-18 06:31:27,035 [org.apache.ratis.util.JvmPauseMonitor$$Lambda$703/523629281@697cbc92] INFO  util.JvmPauseMonitor (JvmPauseMonitor.java:run(103)) - JvmPauseMonitor-omNode-3: Started
2022-10-18 06:31:27,041 [Listener at 127.0.0.1/33175] INFO  http.BaseHttpServer (BaseHttpServer.java:newHttpServer2BuilderForOzone(213)) - Starting Web-server for ozoneManager at: http://0.0.0.0:34333
2022-10-18 06:31:27,041 [Listener at 127.0.0.1/33175] INFO  http.BaseHttpServer (BaseHttpServer.java:<init>(108)) - Hadoop Security Enabled: false Ozone Security Enabled: false Ozone HTTP Security Enabled: false 
2022-10-18 06:31:27,042 [Listener at 127.0.0.1/33175] WARN  server.AuthenticationFilter (AuthenticationFilter.java:constructSecretProvider(240)) - Unable to initialize FileSignerSecretProvider, falling back to use random secrets. Reason: Could not read signature secret file: /home/runner/hadoop-http-auth-signature-secret
2022-10-18 06:31:27,045 [Listener at 127.0.0.1/33175] WARN  http.HttpRequestLog (HttpRequestLog.java:getRequestLog(103)) - Jetty request log can only be enabled using Log4j
2022-10-18 06:31:27,046 [Listener at 127.0.0.1/33175] INFO  http.HttpServer2 (HttpServer2.java:addGlobalFilter(1031)) - Added global filter 'safety' (class=org.apache.hadoop.hdds.server.http.HttpServer2$QuotingInputFilter)
2022-10-18 06:31:27,047 [Listener at 127.0.0.1/33175] INFO  http.HttpServer2 (HttpServer2.java:addFilter(1007)) - Added filter static_user_filter (class=org.apache.hadoop.http.lib.StaticUserWebFilter$StaticUserFilter) to context ozoneManager
2022-10-18 06:31:27,047 [Listener at 127.0.0.1/33175] INFO  http.HttpServer2 (HttpServer2.java:addFilter(1015)) - Added filter static_user_filter (class=org.apache.hadoop.http.lib.StaticUserWebFilter$StaticUserFilter) to context logs
2022-10-18 06:31:27,047 [Listener at 127.0.0.1/33175] INFO  http.HttpServer2 (HttpServer2.java:addFilter(1015)) - Added filter static_user_filter (class=org.apache.hadoop.http.lib.StaticUserWebFilter$StaticUserFilter) to context static
2022-10-18 06:31:27,053 [Listener at 127.0.0.1/33175] INFO  http.HttpServer2 (HttpServer2.java:bindListener(1250)) - Jetty bound to port 34333
2022-10-18 06:31:27,053 [Listener at 127.0.0.1/33175] INFO  server.Server (Server.java:doStart(375)) - jetty-9.4.43.v20210629; built: 2021-06-30T11:07:22.254Z; git: 526006ecfa3af7f1a27ef3a288e2bef7ea9dd7e8; jvm 1.8.0_345-b01
2022-10-18 06:31:27,109 [Listener at 127.0.0.1/33175] INFO  server.session (DefaultSessionIdManager.java:doStart(334)) - DefaultSessionIdManager workerName=node0
2022-10-18 06:31:27,109 [Listener at 127.0.0.1/33175] INFO  server.session (DefaultSessionIdManager.java:doStart(339)) - No SessionScavenger set, using defaults
2022-10-18 06:31:27,110 [Listener at 127.0.0.1/33175] INFO  server.session (HouseKeeper.java:startScavenging(132)) - node0 Scavenging every 660000ms
2022-10-18 06:31:27,117 [Listener at 127.0.0.1/33175] INFO  handler.ContextHandler (ContextHandler.java:doStart(915)) - Started o.e.j.s.ServletContextHandler@52458842{logs,/logs,file:///home/runner/work/ozone/ozone/hadoop-ozone/integration-test/target/log,AVAILABLE}
2022-10-18 06:31:27,118 [Listener at 127.0.0.1/33175] INFO  handler.ContextHandler (ContextHandler.java:doStart(915)) - Started o.e.j.s.ServletContextHandler@2bbb9812{static,/static,file:///home/runner/work/ozone/ozone/hadoop-ozone/integration-test/target/test-classes/webapps/static,AVAILABLE}
2022-10-18 06:31:27,120 [Listener at 127.0.0.1/33175] INFO  handler.ContextHandler (ContextHandler.java:doStart(915)) - Started o.e.j.w.WebAppContext@7d81d3ac{ozoneManager,/,file:///home/runner/work/ozone/ozone/hadoop-ozone/integration-test/target/test-classes/webapps/ozoneManager/,AVAILABLE}{file:/home/runner/work/ozone/ozone/hadoop-ozone/integration-test/target/test-classes/webapps/ozoneManager}
2022-10-18 06:31:27,127 [Listener at 127.0.0.1/33175] INFO  server.AbstractConnector (AbstractConnector.java:doStart(331)) - Started ServerConnector@8f6d59{HTTP/1.1, (http/1.1)}{0.0.0.0:34333}
2022-10-18 06:31:27,127 [Listener at 127.0.0.1/33175] INFO  server.Server (Server.java:doStart(415)) - Started @79311ms
2022-10-18 06:31:27,127 [Listener at 127.0.0.1/33175] WARN  impl.MetricsSystemImpl (MetricsSystemImpl.java:register(279)) - Sink prometheus already exists!
2022-10-18 06:31:27,128 [Listener at 127.0.0.1/33175] INFO  http.BaseHttpServer (BaseHttpServer.java:updateConnectorAddress(333)) - HTTP server of ozoneManager listening at http://0.0.0.0:34333
2022-10-18 06:31:27,136 [IPC Server Responder] INFO  ipc.Server (Server.java:run(1512)) - IPC Server Responder: starting
2022-10-18 06:31:27,145 [IPC Server listener on 33175] INFO  ipc.Server (Server.java:run(1352)) - IPC Server listener on 33175: starting
2022-10-18 06:31:27,159 [Listener at 127.0.0.1/33175] INFO  om.OzoneManager (OzoneManager.java:startTrashEmptier(1919)) - Trash Interval set to 0. Files deleted won't move to trash
2022-10-18 06:31:27,159 [Listener at 127.0.0.1/33175] INFO  ozone.MiniOzoneHAClusterImpl (MiniOzoneHAClusterImpl.java:createOMService(527)) - Started OzoneManager omNode-3 RPC server at localhost/127.0.0.1:33175
2022-10-18 06:31:27,185 [Listener at 127.0.0.1/33175] WARN  impl.MetricRegistriesImpl (MetricRegistriesImpl.java:addReporterRegistration(111)) - New reporters are added after registries were created. Some metrics will be missing from the reporter. Please add reporter before adding any new registry.
2022-10-18 06:31:27,190 [Listener at 127.0.0.1/33175] WARN  impl.MetricRegistriesImpl (MetricRegistriesImpl.java:addReporterRegistration(111)) - New reporters are added after registries were created. Some metrics will be missing from the reporter. Please add reporter before adding any new registry.
2022-10-18 06:31:27,190 [Listener at 127.0.0.1/33175] INFO  impl.MetricsSystemImpl (MetricsSystemImpl.java:init(158)) - HddsDatanode metrics system started (again)
2022-10-18 06:31:27,189 [org.apache.hadoop.util.JvmPauseMonitor$Monitor@64d7a2d8] INFO  util.JvmPauseMonitor (JvmPauseMonitor.java:run(188)) - Starting JVM pause monitor
2022-10-18 06:31:27,212 [Listener at 127.0.0.1/33175] INFO  ozone.HddsDatanodeService (HddsDatanodeService.java:start(236)) - HddsDatanodeService host:fv-az241-838.2tfxs3cvuluejhi1wdm4o5ef4c.bx.internal.cloudapp.net ip:10.1.1.164
2022-10-18 06:31:27,237 [Listener at 127.0.0.1/33175] INFO  upgrade.AbstractLayoutVersionManager (AbstractLayoutVersionManager.java:init(83)) - Initializing Layout version manager with metadata layout = DATANODE_SCHEMA_V3 (version = 4), software layout = DATANODE_SCHEMA_V3 (version = 4)
2022-10-18 06:31:27,251 [grpc-default-executor-1] WARN  server.GrpcLogAppender (LogUtils.java:warn(122)) - omNode-1@group-523986131536->omNode-3-AppendLogResponseHandler: Failed appendEntries: org.apache.ratis.thirdparty.io.grpc.StatusRuntimeException: UNAVAILABLE: io exception
2022-10-18 06:31:27,252 [grpc-default-executor-1] WARN  server.GrpcLogAppender (GrpcLogAppender.java:resetClient(111)) - omNode-1@group-523986131536->omNode-3-GrpcLogAppender: Leader has not got in touch with Follower omNode-1@group-523986131536->omNode-3(c-1,m0,n1, attendVote=true, lastRpcSendTime=0, lastRpcResponseTime=1744) yet, just keep nextIndex unchanged and retry.
2022-10-18 06:31:27,280 [Listener at 127.0.0.1/33175] INFO  reflections.Reflections (Reflections.java:scan(232)) - Reflections took 42 ms to scan 7 urls, producing 137 keys and 328 values 
2022-10-18 06:31:27,281 [Listener at 127.0.0.1/33175] INFO  statemachine.DatanodeStateMachine (DatanodeStateMachine.java:getEndPointTaskThreadPoolSize(237)) - Datanode State Machine Task Thread Pool size 2
2022-10-18 06:31:27,282 [Listener at 127.0.0.1/33175] INFO  volume.HddsVolume (HddsVolume.java:<init>(117)) - Creating HddsVolume: /home/runner/work/ozone/ozone/hadoop-ozone/integration-test/target/test-dir/MiniOzoneClusterImpl-06b5c26c-5174-482c-8dea-daeaa88de3bb/datanode-0/data-0/containers/hdds of storage type : DISK capacity : 9223372036854775807
2022-10-18 06:31:27,283 [Listener at 127.0.0.1/33175] INFO  volume.MutableVolumeSet (MutableVolumeSet.java:initializeVolumeSet(174)) - Added Volume : /home/runner/work/ozone/ozone/hadoop-ozone/integration-test/target/test-dir/MiniOzoneClusterImpl-06b5c26c-5174-482c-8dea-daeaa88de3bb/datanode-0/data-0/containers/hdds to VolumeSet
2022-10-18 06:31:27,283 [Listener at 127.0.0.1/33175] INFO  volume.ThrottledAsyncChecker (ThrottledAsyncChecker.java:schedule(141)) - Scheduling a check for /home/runner/work/ozone/ozone/hadoop-ozone/integration-test/target/test-dir/MiniOzoneClusterImpl-06b5c26c-5174-482c-8dea-daeaa88de3bb/datanode-0/data-0/containers/hdds
2022-10-18 06:31:27,288 [Listener at 127.0.0.1/33175] INFO  volume.StorageVolumeChecker (StorageVolumeChecker.java:checkAllVolumes(202)) - Scheduled health check for volume /home/runner/work/ozone/ozone/hadoop-ozone/integration-test/target/test-dir/MiniOzoneClusterImpl-06b5c26c-5174-482c-8dea-daeaa88de3bb/datanode-0/data-0/containers/hdds
2022-10-18 06:31:27,299 [Listener at 127.0.0.1/33175] INFO  volume.MutableVolumeSet (MutableVolumeSet.java:initializeVolumeSet(174)) - Added Volume : /home/runner/work/ozone/ozone/hadoop-ozone/integration-test/target/test-dir/MiniOzoneClusterImpl-06b5c26c-5174-482c-8dea-daeaa88de3bb/datanode-0/data/ratis to VolumeSet
2022-10-18 06:31:27,299 [Listener at 127.0.0.1/33175] INFO  volume.ThrottledAsyncChecker (ThrottledAsyncChecker.java:schedule(141)) - Scheduling a check for /home/runner/work/ozone/ozone/hadoop-ozone/integration-test/target/test-dir/MiniOzoneClusterImpl-06b5c26c-5174-482c-8dea-daeaa88de3bb/datanode-0/data/ratis
2022-10-18 06:31:27,299 [Listener at 127.0.0.1/33175] INFO  volume.StorageVolumeChecker (StorageVolumeChecker.java:checkAllVolumes(202)) - Scheduled health check for volume /home/runner/work/ozone/ozone/hadoop-ozone/integration-test/target/test-dir/MiniOzoneClusterImpl-06b5c26c-5174-482c-8dea-daeaa88de3bb/datanode-0/data/ratis
2022-10-18 06:31:27,309 [Thread-1540] INFO  ozoneimpl.ContainerReader (ContainerReader.java:readVolume(175)) - Finish verifying containers on volume /home/runner/work/ozone/ozone/hadoop-ozone/integration-test/target/test-dir/MiniOzoneClusterImpl-06b5c26c-5174-482c-8dea-daeaa88de3bb/datanode-0/data-0/containers/hdds
2022-10-18 06:31:27,309 [Listener at 127.0.0.1/33175] INFO  ozoneimpl.OzoneContainer (OzoneContainer.java:buildContainerSet(300)) - Build ContainerSet costs 0s
2022-10-18 06:31:27,311 [Listener at 127.0.0.1/33175] INFO  server.RaftServer (ConfUtils.java:logGet(46)) - raft.rpc.type = GRPC (default)
2022-10-18 06:31:27,311 [Listener at 127.0.0.1/33175] INFO  grpc.GrpcFactory (GrpcFactory.java:checkPooledByteBufAllocatorUseCacheForAllThreads(48)) - PERFORMANCE WARNING: useCacheForAllThreads is true that may cause Netty to create a lot garbage objects and, as a result, trigger GC.
	It is recommended to disable useCacheForAllThreads by setting -Dorg.apache.ratis.thirdparty.io.netty.allocator.useCacheForAllThreads=false in command line.
2022-10-18 06:31:27,311 [Listener at 127.0.0.1/33175] INFO  grpc.GrpcConfigKeys (ConfUtils.java:logGet(46)) - raft.grpc.admin.port = 0 (custom)
2022-10-18 06:31:27,311 [Listener at 127.0.0.1/33175] INFO  grpc.GrpcConfigKeys (ConfUtils.java:logGet(46)) - raft.grpc.client.port = 0 (custom)
2022-10-18 06:31:27,311 [Listener at 127.0.0.1/33175] INFO  grpc.GrpcConfigKeys (ConfUtils.java:logGet(46)) - raft.grpc.server.port = 0 (default)
2022-10-18 06:31:27,312 [Listener at 127.0.0.1/33175] INFO  server.GrpcService (ConfUtils.java:logGet(46)) - raft.grpc.message.size.max = 32MB (=33554432) (custom)
2022-10-18 06:31:27,312 [Listener at 127.0.0.1/33175] INFO  server.RaftServerConfigKeys (ConfUtils.java:logGet(46)) - raft.server.log.appender.buffer.byte-limit = 33554432 (custom)
2022-10-18 06:31:27,312 [Listener at 127.0.0.1/33175] INFO  server.GrpcService (ConfUtils.java:logGet(46)) - raft.grpc.flow.control.window = 5MB (=5242880) (custom)
2022-10-18 06:31:27,312 [Listener at 127.0.0.1/33175] INFO  server.RaftServerConfigKeys (ConfUtils.java:logGet(46)) - raft.server.rpc.request.timeout = 60s (custom)
2022-10-18 06:31:27,312 [Listener at 127.0.0.1/33175] INFO  grpc.GrpcConfigKeys (ConfUtils.java:logGet(46)) - raft.grpc.server.async.request.thread.pool.cached = true (default)
2022-10-18 06:31:27,312 [Listener at 127.0.0.1/33175] INFO  grpc.GrpcConfigKeys (ConfUtils.java:logGet(46)) - raft.grpc.server.async.request.thread.pool.size = 32 (default)
2022-10-18 06:31:27,313 [Listener at 127.0.0.1/33175] INFO  impl.DataStreamServerImpl (ConfUtils.java:logGet(46)) - raft.datastream.type = DISABLED (default)
2022-10-18 06:31:27,313 [Listener at 127.0.0.1/33175] INFO  server.RaftServerConfigKeys (ConfUtils.java:logGet(46)) - raft.server.threadpool.proxy.cached = true (default)
2022-10-18 06:31:27,313 [Listener at 127.0.0.1/33175] INFO  server.RaftServerConfigKeys (ConfUtils.java:logGet(46)) - raft.server.threadpool.proxy.size = 0 (default)
2022-10-18 06:31:27,314 [Listener at 127.0.0.1/33175] INFO  server.RaftServerConfigKeys (ConfUtils.java:logGet(46)) - raft.server.rpc.slowness.timeout = 300s (custom)
2022-10-18 06:31:27,314 [Listener at 127.0.0.1/33175] INFO  server.RaftServerConfigKeys (ConfUtils.java:logGet(46)) - raft.server.leaderelection.leader.step-down.wait-time = 10s (default)
2022-10-18 06:31:27,314 [Listener at 127.0.0.1/33175] INFO  server.RaftServerConfigKeys (ConfUtils.java:logGet(46)) - raft.server.storage.dir = [/home/runner/work/ozone/ozone/hadoop-ozone/integration-test/target/test-dir/MiniOzoneClusterImpl-06b5c26c-5174-482c-8dea-daeaa88de3bb/datanode-0/data/ratis] (custom)
2022-10-18 06:31:27,315 [Listener at 127.0.0.1/33175] INFO  server.XceiverServerGrpc (XceiverServerGrpc.java:<init>(132)) - GrpcServer channel type EpollServerSocketChannel
2022-10-18 06:31:27,326 [Listener at 127.0.0.1/33175] INFO  http.BaseHttpServer (BaseHttpServer.java:newHttpServer2BuilderForOzone(213)) - Starting Web-server for hddsDatanode at: http://0.0.0.0:0
2022-10-18 06:31:27,326 [Listener at 127.0.0.1/33175] INFO  http.BaseHttpServer (BaseHttpServer.java:<init>(108)) - Hadoop Security Enabled: false Ozone Security Enabled: false Ozone HTTP Security Enabled: false 
2022-10-18 06:31:27,327 [Listener at 127.0.0.1/33175] WARN  server.AuthenticationFilter (AuthenticationFilter.java:constructSecretProvider(240)) - Unable to initialize FileSignerSecretProvider, falling back to use random secrets. Reason: Could not read signature secret file: /home/runner/hadoop-http-auth-signature-secret
2022-10-18 06:31:27,333 [Listener at 127.0.0.1/33175] WARN  http.HttpRequestLog (HttpRequestLog.java:getRequestLog(103)) - Jetty request log can only be enabled using Log4j
2022-10-18 06:31:27,334 [Listener at 127.0.0.1/33175] INFO  http.HttpServer2 (HttpServer2.java:addGlobalFilter(1031)) - Added global filter 'safety' (class=org.apache.hadoop.hdds.server.http.HttpServer2$QuotingInputFilter)
2022-10-18 06:31:27,335 [Listener at 127.0.0.1/33175] INFO  http.HttpServer2 (HttpServer2.java:addFilter(1007)) - Added filter static_user_filter (class=org.apache.hadoop.http.lib.StaticUserWebFilter$StaticUserFilter) to context hddsDatanode
2022-10-18 06:31:27,335 [Listener at 127.0.0.1/33175] INFO  http.HttpServer2 (HttpServer2.java:addFilter(1015)) - Added filter static_user_filter (class=org.apache.hadoop.http.lib.StaticUserWebFilter$StaticUserFilter) to context logs
2022-10-18 06:31:27,335 [Listener at 127.0.0.1/33175] INFO  http.HttpServer2 (HttpServer2.java:addFilter(1015)) - Added filter static_user_filter (class=org.apache.hadoop.http.lib.StaticUserWebFilter$StaticUserFilter) to context static
2022-10-18 06:31:27,335 [Listener at 127.0.0.1/33175] INFO  http.HttpServer2 (HttpServer2.java:bindListener(1250)) - Jetty bound to port 34945
2022-10-18 06:31:27,335 [Listener at 127.0.0.1/33175] INFO  server.Server (Server.java:doStart(375)) - jetty-9.4.43.v20210629; built: 2021-06-30T11:07:22.254Z; git: 526006ecfa3af7f1a27ef3a288e2bef7ea9dd7e8; jvm 1.8.0_345-b01
2022-10-18 06:31:27,372 [Listener at 127.0.0.1/33175] INFO  server.session (DefaultSessionIdManager.java:doStart(334)) - DefaultSessionIdManager workerName=node0
2022-10-18 06:31:27,372 [Listener at 127.0.0.1/33175] INFO  server.session (DefaultSessionIdManager.java:doStart(339)) - No SessionScavenger set, using defaults
2022-10-18 06:31:27,373 [Listener at 127.0.0.1/33175] INFO  server.session (HouseKeeper.java:startScavenging(132)) - node0 Scavenging every 600000ms
2022-10-18 06:31:27,373 [Listener at 127.0.0.1/33175] INFO  handler.ContextHandler (ContextHandler.java:doStart(915)) - Started o.e.j.s.ServletContextHandler@7b9528a7{logs,/logs,file:///home/runner/work/ozone/ozone/hadoop-ozone/integration-test/target/log,AVAILABLE}
2022-10-18 06:31:27,374 [Listener at 127.0.0.1/33175] INFO  handler.ContextHandler (ContextHandler.java:doStart(915)) - Started o.e.j.s.ServletContextHandler@3f17e012{static,/static,jar:file:/home/runner/.m2/repository/org/apache/ozone/hdds-container-service/1.3.0-SNAPSHOT/hdds-container-service-1.3.0-SNAPSHOT.jar!/webapps/static,AVAILABLE}
2022-10-18 06:31:27,514 [omNode-3-server-thread1] INFO  server.RaftServer$Division (ServerState.java:setLeader(287)) - omNode-3@group-523986131536: change Leader from null to omNode-1 at term 1 for appendEntries, leader elected after 1028ms
2022-10-18 06:31:27,514 [omNode-3-server-thread1] INFO  server.RaftServer$Division (RaftServerImpl.java:checkInconsistentAppendEntries(1424)) - omNode-3@group-523986131536: Failed appendEntries as previous log entry ((t:1, i:0)) is not found
2022-10-18 06:31:27,514 [omNode-3-server-thread1] INFO  server.RaftServer$Division (RaftServerImpl.java:checkInconsistentAppendEntries(1394)) - omNode-3@group-523986131536: inconsistency entries. Reply:omNode-1<-omNode-3#1121581:FAIL-t0,INCONSISTENCY,nextIndex=0,followerCommit=-1
2022-10-18 06:31:27,515 [grpc-default-executor-2] INFO  leader.FollowerInfo (FollowerInfoImpl.java:lambda$new$0(48)) - omNode-1@group-523986131536->omNode-3: nextIndex: updateUnconditionally 1 -> 0
2022-10-18 06:31:27,524 [omNode-3-server-thread1] INFO  server.RaftServer$Division (ServerState.java:setRaftConf(393)) - omNode-3@group-523986131536: set configuration 0: [omNode-3|rpc:localhost:37123|admin:|client:|dataStream:|priority:0, omNode-1|rpc:localhost:46015|admin:|client:|dataStream:|priority:0, omNode-2|rpc:localhost:40971|admin:|client:|dataStream:|priority:0], old=null
2022-10-18 06:31:27,524 [omNode-3-server-thread1] INFO  segmented.SegmentedRaftLogWorker (SegmentedRaftLogWorker.java:startLogSegment(425)) - omNode-3@group-523986131536-SegmentedRaftLogWorker: Starting segment from index:0
2022-10-18 06:31:27,534 [omNode-3@group-523986131536-SegmentedRaftLogWorker] INFO  segmented.SegmentedRaftLogWorker (SegmentedRaftLogWorker.java:execute(629)) - omNode-3@group-523986131536-SegmentedRaftLogWorker: created new log segment /home/runner/work/ozone/ozone/hadoop-ozone/integration-test/target/test-dir/MiniOzoneClusterImpl-06b5c26c-5174-482c-8dea-daeaa88de3bb/omNode-3/ratis/c9bc4cf4-3bc3-3c60-a66b-523986131536/current/log_inprogress_0
2022-10-18 06:31:27,542 [omNode-3@group-523986131536-StateMachineUpdater] INFO  ratis.OzoneManagerStateMachine (OzoneManagerStateMachine.java:notifyConfigurationChanged(192)) - Received Configuration change notification from Ratis. New Peer list:
[id: "omNode-3"
address: "localhost:37123"
, id: "omNode-1"
address: "localhost:46015"
, id: "omNode-2"
address: "localhost:40971"
]
2022-10-18 06:31:27,570 [Listener at 127.0.0.1/33175] INFO  handler.ContextHandler (ContextHandler.java:doStart(915)) - Started o.e.j.w.WebAppContext@57c5c818{hddsDatanode,/,file:///tmp/jetty-0_0_0_0-34945-hdds-container-service-1_3_0-SNAPSHOT_jar-_-any-9185981105680674087/webapp/,AVAILABLE}{jar:file:/home/runner/.m2/repository/org/apache/ozone/hdds-container-service/1.3.0-SNAPSHOT/hdds-container-service-1.3.0-SNAPSHOT.jar!/webapps/hddsDatanode}
2022-10-18 06:31:27,571 [Listener at 127.0.0.1/33175] INFO  server.AbstractConnector (AbstractConnector.java:doStart(331)) - Started ServerConnector@5d88617d{HTTP/1.1, (http/1.1)}{0.0.0.0:34945}
2022-10-18 06:31:27,572 [Listener at 127.0.0.1/33175] INFO  server.Server (Server.java:doStart(415)) - Started @79755ms
2022-10-18 06:31:27,572 [Listener at 127.0.0.1/33175] WARN  impl.MetricsSystemImpl (MetricsSystemImpl.java:register(279)) - Sink prometheus already exists!
2022-10-18 06:31:27,572 [Listener at 127.0.0.1/33175] INFO  http.BaseHttpServer (BaseHttpServer.java:updateConnectorAddress(333)) - HTTP server of hddsDatanode listening at http://0.0.0.0:34945
2022-10-18 06:31:27,575 [Datanode State Machine Daemon Thread] INFO  statemachine.DatanodeStateMachine (DatanodeStateMachine.java:lambda$startDaemon$0(492)) - Ozone container server started.
2022-10-18 06:31:27,575 [Listener at 127.0.0.1/33175] WARN  impl.MetricRegistriesImpl (MetricRegistriesImpl.java:addReporterRegistration(111)) - New reporters are added after registries were created. Some metrics will be missing from the reporter. Please add reporter before adding any new registry.
2022-10-18 06:31:27,576 [Listener at 127.0.0.1/33175] WARN  impl.MetricRegistriesImpl (MetricRegistriesImpl.java:addReporterRegistration(111)) - New reporters are added after registries were created. Some metrics will be missing from the reporter. Please add reporter before adding any new registry.
2022-10-18 06:31:27,576 [Listener at 127.0.0.1/33175] INFO  impl.MetricsSystemImpl (MetricsSystemImpl.java:init(158)) - HddsDatanode metrics system started (again)
2022-10-18 06:31:27,587 [Listener at 127.0.0.1/33175] INFO  ozone.HddsDatanodeService (HddsDatanodeService.java:start(236)) - HddsDatanodeService host:fv-az241-838.2tfxs3cvuluejhi1wdm4o5ef4c.bx.internal.cloudapp.net ip:10.1.1.164
2022-10-18 06:31:27,588 [org.apache.hadoop.util.JvmPauseMonitor$Monitor@7278f7e4] INFO  util.JvmPauseMonitor (JvmPauseMonitor.java:run(188)) - Starting JVM pause monitor
2022-10-18 06:31:27,593 [Datanode State Machine Task Thread - 0] INFO  datanode.InitDatanodeState (InitDatanodeState.java:persistContainerDatanodeDetails(138)) - DatanodeDetails is persisted to /home/runner/work/ozone/ozone/hadoop-ozone/integration-test/target/test-dir/MiniOzoneClusterImpl-06b5c26c-5174-482c-8dea-daeaa88de3bb/datanode-0/meta/datanode.id
2022-10-18 06:31:27,603 [Listener at 127.0.0.1/33175] INFO  upgrade.AbstractLayoutVersionManager (AbstractLayoutVersionManager.java:init(83)) - Initializing Layout version manager with metadata layout = DATANODE_SCHEMA_V3 (version = 4), software layout = DATANODE_SCHEMA_V3 (version = 4)
2022-10-18 06:31:27,626 [EndpointStateMachine task thread for /0.0.0.0:34663 - 0 ] INFO  ipc.Client (Client.java:handleConnectionFailure(1010)) - Retrying connect to server: 0.0.0.0/0.0.0.0:34663. Already tried 6 time(s); retry policy is RetryUpToMaximumCountWithFixedSleep(maxRetries=15, sleepTime=1000 MILLISECONDS)
2022-10-18 06:31:27,643 [Listener at 127.0.0.1/33175] INFO  reflections.Reflections (Reflections.java:scan(232)) - Reflections took 39 ms to scan 7 urls, producing 137 keys and 328 values 
2022-10-18 06:31:27,645 [Listener at 127.0.0.1/33175] INFO  statemachine.DatanodeStateMachine (DatanodeStateMachine.java:getEndPointTaskThreadPoolSize(237)) - Datanode State Machine Task Thread Pool size 2
2022-10-18 06:31:27,646 [Listener at 127.0.0.1/33175] INFO  volume.HddsVolume (HddsVolume.java:<init>(117)) - Creating HddsVolume: /home/runner/work/ozone/ozone/hadoop-ozone/integration-test/target/test-dir/MiniOzoneClusterImpl-06b5c26c-5174-482c-8dea-daeaa88de3bb/datanode-1/data-0/containers/hdds of storage type : DISK capacity : 9223372036854775807
2022-10-18 06:31:27,646 [Listener at 127.0.0.1/33175] INFO  volume.MutableVolumeSet (MutableVolumeSet.java:initializeVolumeSet(174)) - Added Volume : /home/runner/work/ozone/ozone/hadoop-ozone/integration-test/target/test-dir/MiniOzoneClusterImpl-06b5c26c-5174-482c-8dea-daeaa88de3bb/datanode-1/data-0/containers/hdds to VolumeSet
2022-10-18 06:31:27,647 [Listener at 127.0.0.1/33175] INFO  volume.ThrottledAsyncChecker (ThrottledAsyncChecker.java:schedule(141)) - Scheduling a check for /home/runner/work/ozone/ozone/hadoop-ozone/integration-test/target/test-dir/MiniOzoneClusterImpl-06b5c26c-5174-482c-8dea-daeaa88de3bb/datanode-1/data-0/containers/hdds
2022-10-18 06:31:27,653 [Listener at 127.0.0.1/33175] INFO  volume.StorageVolumeChecker (StorageVolumeChecker.java:checkAllVolumes(202)) - Scheduled health check for volume /home/runner/work/ozone/ozone/hadoop-ozone/integration-test/target/test-dir/MiniOzoneClusterImpl-06b5c26c-5174-482c-8dea-daeaa88de3bb/datanode-1/data-0/containers/hdds
2022-10-18 06:31:27,664 [Listener at 127.0.0.1/33175] INFO  volume.MutableVolumeSet (MutableVolumeSet.java:initializeVolumeSet(174)) - Added Volume : /home/runner/work/ozone/ozone/hadoop-ozone/integration-test/target/test-dir/MiniOzoneClusterImpl-06b5c26c-5174-482c-8dea-daeaa88de3bb/datanode-1/data/ratis to VolumeSet
2022-10-18 06:31:27,664 [Listener at 127.0.0.1/33175] INFO  volume.ThrottledAsyncChecker (ThrottledAsyncChecker.java:schedule(141)) - Scheduling a check for /home/runner/work/ozone/ozone/hadoop-ozone/integration-test/target/test-dir/MiniOzoneClusterImpl-06b5c26c-5174-482c-8dea-daeaa88de3bb/datanode-1/data/ratis
2022-10-18 06:31:27,664 [Listener at 127.0.0.1/33175] INFO  volume.StorageVolumeChecker (StorageVolumeChecker.java:checkAllVolumes(202)) - Scheduled health check for volume /home/runner/work/ozone/ozone/hadoop-ozone/integration-test/target/test-dir/MiniOzoneClusterImpl-06b5c26c-5174-482c-8dea-daeaa88de3bb/datanode-1/data/ratis
2022-10-18 06:31:27,674 [Thread-1555] INFO  ozoneimpl.ContainerReader (ContainerReader.java:readVolume(175)) - Finish verifying containers on volume /home/runner/work/ozone/ozone/hadoop-ozone/integration-test/target/test-dir/MiniOzoneClusterImpl-06b5c26c-5174-482c-8dea-daeaa88de3bb/datanode-1/data-0/containers/hdds
2022-10-18 06:31:27,674 [Listener at 127.0.0.1/33175] INFO  ozoneimpl.OzoneContainer (OzoneContainer.java:buildContainerSet(300)) - Build ContainerSet costs 0s
2022-10-18 06:31:27,675 [Listener at 127.0.0.1/33175] INFO  server.RaftServer (ConfUtils.java:logGet(46)) - raft.rpc.type = GRPC (default)
2022-10-18 06:31:27,676 [Listener at 127.0.0.1/33175] INFO  grpc.GrpcFactory (GrpcFactory.java:checkPooledByteBufAllocatorUseCacheForAllThreads(48)) - PERFORMANCE WARNING: useCacheForAllThreads is true that may cause Netty to create a lot garbage objects and, as a result, trigger GC.
	It is recommended to disable useCacheForAllThreads by setting -Dorg.apache.ratis.thirdparty.io.netty.allocator.useCacheForAllThreads=false in command line.
2022-10-18 06:31:27,676 [Listener at 127.0.0.1/33175] INFO  grpc.GrpcConfigKeys (ConfUtils.java:logGet(46)) - raft.grpc.admin.port = 0 (custom)
2022-10-18 06:31:27,676 [Listener at 127.0.0.1/33175] INFO  grpc.GrpcConfigKeys (ConfUtils.java:logGet(46)) - raft.grpc.client.port = 0 (custom)
2022-10-18 06:31:27,676 [Listener at 127.0.0.1/33175] INFO  grpc.GrpcConfigKeys (ConfUtils.java:logGet(46)) - raft.grpc.server.port = 0 (default)
2022-10-18 06:31:27,676 [Listener at 127.0.0.1/33175] INFO  server.GrpcService (ConfUtils.java:logGet(46)) - raft.grpc.message.size.max = 32MB (=33554432) (custom)
2022-10-18 06:31:27,676 [Listener at 127.0.0.1/33175] INFO  server.RaftServerConfigKeys (ConfUtils.java:logGet(46)) - raft.server.log.appender.buffer.byte-limit = 33554432 (custom)
2022-10-18 06:31:27,676 [Listener at 127.0.0.1/33175] INFO  server.GrpcService (ConfUtils.java:logGet(46)) - raft.grpc.flow.control.window = 5MB (=5242880) (custom)
2022-10-18 06:31:27,676 [Listener at 127.0.0.1/33175] INFO  server.RaftServerConfigKeys (ConfUtils.java:logGet(46)) - raft.server.rpc.request.timeout = 60s (custom)
2022-10-18 06:31:27,677 [Listener at 127.0.0.1/33175] INFO  grpc.GrpcConfigKeys (ConfUtils.java:logGet(46)) - raft.grpc.server.async.request.thread.pool.cached = true (default)
2022-10-18 06:31:27,677 [Listener at 127.0.0.1/33175] INFO  grpc.GrpcConfigKeys (ConfUtils.java:logGet(46)) - raft.grpc.server.async.request.thread.pool.size = 32 (default)
2022-10-18 06:31:27,678 [Listener at 127.0.0.1/33175] INFO  impl.DataStreamServerImpl (ConfUtils.java:logGet(46)) - raft.datastream.type = DISABLED (default)
2022-10-18 06:31:27,678 [Listener at 127.0.0.1/33175] INFO  server.RaftServerConfigKeys (ConfUtils.java:logGet(46)) - raft.server.threadpool.proxy.cached = true (default)
2022-10-18 06:31:27,678 [Listener at 127.0.0.1/33175] INFO  server.RaftServerConfigKeys (ConfUtils.java:logGet(46)) - raft.server.threadpool.proxy.size = 0 (default)
2022-10-18 06:31:27,678 [Listener at 127.0.0.1/33175] INFO  server.RaftServerConfigKeys (ConfUtils.java:logGet(46)) - raft.server.rpc.slowness.timeout = 300s (custom)
2022-10-18 06:31:27,678 [Listener at 127.0.0.1/33175] INFO  server.RaftServerConfigKeys (ConfUtils.java:logGet(46)) - raft.server.leaderelection.leader.step-down.wait-time = 10s (default)
2022-10-18 06:31:27,678 [Listener at 127.0.0.1/33175] INFO  server.RaftServerConfigKeys (ConfUtils.java:logGet(46)) - raft.server.storage.dir = [/home/runner/work/ozone/ozone/hadoop-ozone/integration-test/target/test-dir/MiniOzoneClusterImpl-06b5c26c-5174-482c-8dea-daeaa88de3bb/datanode-1/data/ratis] (custom)
2022-10-18 06:31:27,680 [Listener at 127.0.0.1/33175] INFO  server.XceiverServerGrpc (XceiverServerGrpc.java:<init>(132)) - GrpcServer channel type EpollServerSocketChannel
2022-10-18 06:31:27,686 [Listener at 127.0.0.1/33175] INFO  http.BaseHttpServer (BaseHttpServer.java:newHttpServer2BuilderForOzone(213)) - Starting Web-server for hddsDatanode at: http://0.0.0.0:0
2022-10-18 06:31:27,686 [Listener at 127.0.0.1/33175] INFO  http.BaseHttpServer (BaseHttpServer.java:<init>(108)) - Hadoop Security Enabled: false Ozone Security Enabled: false Ozone HTTP Security Enabled: false 
2022-10-18 06:31:27,687 [Listener at 127.0.0.1/33175] WARN  server.AuthenticationFilter (AuthenticationFilter.java:constructSecretProvider(240)) - Unable to initialize FileSignerSecretProvider, falling back to use random secrets. Reason: Could not read signature secret file: /home/runner/hadoop-http-auth-signature-secret
2022-10-18 06:31:27,687 [Listener at 127.0.0.1/33175] WARN  http.HttpRequestLog (HttpRequestLog.java:getRequestLog(103)) - Jetty request log can only be enabled using Log4j
2022-10-18 06:31:27,688 [Listener at 127.0.0.1/33175] INFO  http.HttpServer2 (HttpServer2.java:addGlobalFilter(1031)) - Added global filter 'safety' (class=org.apache.hadoop.hdds.server.http.HttpServer2$QuotingInputFilter)
2022-10-18 06:31:27,689 [Listener at 127.0.0.1/33175] INFO  http.HttpServer2 (HttpServer2.java:addFilter(1007)) - Added filter static_user_filter (class=org.apache.hadoop.http.lib.StaticUserWebFilter$StaticUserFilter) to context hddsDatanode
2022-10-18 06:31:27,689 [Listener at 127.0.0.1/33175] INFO  http.HttpServer2 (HttpServer2.java:addFilter(1015)) - Added filter static_user_filter (class=org.apache.hadoop.http.lib.StaticUserWebFilter$StaticUserFilter) to context logs
2022-10-18 06:31:27,689 [Listener at 127.0.0.1/33175] INFO  http.HttpServer2 (HttpServer2.java:addFilter(1015)) - Added filter static_user_filter (class=org.apache.hadoop.http.lib.StaticUserWebFilter$StaticUserFilter) to context static
2022-10-18 06:31:27,689 [Listener at 127.0.0.1/33175] INFO  http.HttpServer2 (HttpServer2.java:bindListener(1250)) - Jetty bound to port 33855
2022-10-18 06:31:27,689 [Listener at 127.0.0.1/33175] INFO  server.Server (Server.java:doStart(375)) - jetty-9.4.43.v20210629; built: 2021-06-30T11:07:22.254Z; git: 526006ecfa3af7f1a27ef3a288e2bef7ea9dd7e8; jvm 1.8.0_345-b01
2022-10-18 06:31:27,690 [Listener at 127.0.0.1/33175] INFO  server.session (DefaultSessionIdManager.java:doStart(334)) - DefaultSessionIdManager workerName=node0
2022-10-18 06:31:27,691 [Listener at 127.0.0.1/33175] INFO  server.session (DefaultSessionIdManager.java:doStart(339)) - No SessionScavenger set, using defaults
2022-10-18 06:31:27,691 [Listener at 127.0.0.1/33175] INFO  server.session (HouseKeeper.java:startScavenging(132)) - node0 Scavenging every 600000ms
2022-10-18 06:31:27,691 [Listener at 127.0.0.1/33175] INFO  handler.ContextHandler (ContextHandler.java:doStart(915)) - Started o.e.j.s.ServletContextHandler@6db9772a{logs,/logs,file:///home/runner/work/ozone/ozone/hadoop-ozone/integration-test/target/log,AVAILABLE}
2022-10-18 06:31:27,692 [Listener at 127.0.0.1/33175] INFO  handler.ContextHandler (ContextHandler.java:doStart(915)) - Started o.e.j.s.ServletContextHandler@b19ceae{static,/static,jar:file:/home/runner/.m2/repository/org/apache/ozone/hdds-container-service/1.3.0-SNAPSHOT/hdds-container-service-1.3.0-SNAPSHOT.jar!/webapps/static,AVAILABLE}
2022-10-18 06:31:27,858 [Listener at 127.0.0.1/33175] INFO  handler.ContextHandler (ContextHandler.java:doStart(915)) - Started o.e.j.w.WebAppContext@3b5d8fb7{hddsDatanode,/,file:///tmp/jetty-0_0_0_0-33855-hdds-container-service-1_3_0-SNAPSHOT_jar-_-any-1399715517164850280/webapp/,AVAILABLE}{jar:file:/home/runner/.m2/repository/org/apache/ozone/hdds-container-service/1.3.0-SNAPSHOT/hdds-container-service-1.3.0-SNAPSHOT.jar!/webapps/hddsDatanode}
2022-10-18 06:31:27,859 [Listener at 127.0.0.1/33175] INFO  server.AbstractConnector (AbstractConnector.java:doStart(331)) - Started ServerConnector@265d560b{HTTP/1.1, (http/1.1)}{0.0.0.0:33855}
2022-10-18 06:31:27,860 [Listener at 127.0.0.1/33175] INFO  server.Server (Server.java:doStart(415)) - Started @80044ms
2022-10-18 06:31:27,860 [Listener at 127.0.0.1/33175] WARN  impl.MetricsSystemImpl (MetricsSystemImpl.java:register(279)) - Sink prometheus already exists!
2022-10-18 06:31:27,860 [Listener at 127.0.0.1/33175] INFO  http.BaseHttpServer (BaseHttpServer.java:updateConnectorAddress(333)) - HTTP server of hddsDatanode listening at http://0.0.0.0:33855
2022-10-18 06:31:27,861 [Datanode State Machine Daemon Thread] INFO  statemachine.DatanodeStateMachine (DatanodeStateMachine.java:lambda$startDaemon$0(492)) - Ozone container server started.
2022-10-18 06:31:27,861 [Listener at 127.0.0.1/33175] WARN  impl.MetricRegistriesImpl (MetricRegistriesImpl.java:addReporterRegistration(111)) - New reporters are added after registries were created. Some metrics will be missing from the reporter. Please add reporter before adding any new registry.
2022-10-18 06:31:27,862 [Listener at 127.0.0.1/33175] WARN  impl.MetricRegistriesImpl (MetricRegistriesImpl.java:addReporterRegistration(111)) - New reporters are added after registries were created. Some metrics will be missing from the reporter. Please add reporter before adding any new registry.
2022-10-18 06:31:27,862 [Listener at 127.0.0.1/33175] INFO  impl.MetricsSystemImpl (MetricsSystemImpl.java:init(158)) - HddsDatanode metrics system started (again)
2022-10-18 06:31:27,873 [org.apache.hadoop.util.JvmPauseMonitor$Monitor@4964fb2c] INFO  util.JvmPauseMonitor (JvmPauseMonitor.java:run(188)) - Starting JVM pause monitor
2022-10-18 06:31:27,874 [Datanode State Machine Task Thread - 0] INFO  datanode.InitDatanodeState (InitDatanodeState.java:persistContainerDatanodeDetails(138)) - DatanodeDetails is persisted to /home/runner/work/ozone/ozone/hadoop-ozone/integration-test/target/test-dir/MiniOzoneClusterImpl-06b5c26c-5174-482c-8dea-daeaa88de3bb/datanode-1/meta/datanode.id
2022-10-18 06:31:27,874 [Listener at 127.0.0.1/33175] INFO  ozone.HddsDatanodeService (HddsDatanodeService.java:start(236)) - HddsDatanodeService host:fv-az241-838.2tfxs3cvuluejhi1wdm4o5ef4c.bx.internal.cloudapp.net ip:10.1.1.164
2022-10-18 06:31:27,891 [Listener at 127.0.0.1/33175] INFO  upgrade.AbstractLayoutVersionManager (AbstractLayoutVersionManager.java:init(83)) - Initializing Layout version manager with metadata layout = DATANODE_SCHEMA_V3 (version = 4), software layout = DATANODE_SCHEMA_V3 (version = 4)
2022-10-18 06:31:27,931 [Listener at 127.0.0.1/33175] INFO  reflections.Reflections (Reflections.java:scan(232)) - Reflections took 39 ms to scan 7 urls, producing 137 keys and 328 values 
2022-10-18 06:31:27,932 [Listener at 127.0.0.1/33175] INFO  statemachine.DatanodeStateMachine (DatanodeStateMachine.java:getEndPointTaskThreadPoolSize(237)) - Datanode State Machine Task Thread Pool size 2
2022-10-18 06:31:27,940 [Listener at 127.0.0.1/33175] INFO  volume.HddsVolume (HddsVolume.java:<init>(117)) - Creating HddsVolume: /home/runner/work/ozone/ozone/hadoop-ozone/integration-test/target/test-dir/MiniOzoneClusterImpl-06b5c26c-5174-482c-8dea-daeaa88de3bb/datanode-2/data-0/containers/hdds of storage type : DISK capacity : 9223372036854775807
2022-10-18 06:31:27,941 [Listener at 127.0.0.1/33175] INFO  volume.MutableVolumeSet (MutableVolumeSet.java:initializeVolumeSet(174)) - Added Volume : /home/runner/work/ozone/ozone/hadoop-ozone/integration-test/target/test-dir/MiniOzoneClusterImpl-06b5c26c-5174-482c-8dea-daeaa88de3bb/datanode-2/data-0/containers/hdds to VolumeSet
2022-10-18 06:31:27,941 [Listener at 127.0.0.1/33175] INFO  volume.ThrottledAsyncChecker (ThrottledAsyncChecker.java:schedule(141)) - Scheduling a check for /home/runner/work/ozone/ozone/hadoop-ozone/integration-test/target/test-dir/MiniOzoneClusterImpl-06b5c26c-5174-482c-8dea-daeaa88de3bb/datanode-2/data-0/containers/hdds
2022-10-18 06:31:27,941 [Listener at 127.0.0.1/33175] INFO  volume.StorageVolumeChecker (StorageVolumeChecker.java:checkAllVolumes(202)) - Scheduled health check for volume /home/runner/work/ozone/ozone/hadoop-ozone/integration-test/target/test-dir/MiniOzoneClusterImpl-06b5c26c-5174-482c-8dea-daeaa88de3bb/datanode-2/data-0/containers/hdds
2022-10-18 06:31:27,952 [Listener at 127.0.0.1/33175] INFO  volume.MutableVolumeSet (MutableVolumeSet.java:initializeVolumeSet(174)) - Added Volume : /home/runner/work/ozone/ozone/hadoop-ozone/integration-test/target/test-dir/MiniOzoneClusterImpl-06b5c26c-5174-482c-8dea-daeaa88de3bb/datanode-2/data/ratis to VolumeSet
2022-10-18 06:31:27,952 [Listener at 127.0.0.1/33175] INFO  volume.ThrottledAsyncChecker (ThrottledAsyncChecker.java:schedule(141)) - Scheduling a check for /home/runner/work/ozone/ozone/hadoop-ozone/integration-test/target/test-dir/MiniOzoneClusterImpl-06b5c26c-5174-482c-8dea-daeaa88de3bb/datanode-2/data/ratis
2022-10-18 06:31:27,952 [Listener at 127.0.0.1/33175] INFO  volume.StorageVolumeChecker (StorageVolumeChecker.java:checkAllVolumes(202)) - Scheduled health check for volume /home/runner/work/ozone/ozone/hadoop-ozone/integration-test/target/test-dir/MiniOzoneClusterImpl-06b5c26c-5174-482c-8dea-daeaa88de3bb/datanode-2/data/ratis
2022-10-18 06:31:27,963 [Thread-1569] INFO  ozoneimpl.ContainerReader (ContainerReader.java:readVolume(175)) - Finish verifying containers on volume /home/runner/work/ozone/ozone/hadoop-ozone/integration-test/target/test-dir/MiniOzoneClusterImpl-06b5c26c-5174-482c-8dea-daeaa88de3bb/datanode-2/data-0/containers/hdds
2022-10-18 06:31:27,963 [Listener at 127.0.0.1/33175] INFO  ozoneimpl.OzoneContainer (OzoneContainer.java:buildContainerSet(300)) - Build ContainerSet costs 0s
2022-10-18 06:31:27,964 [Listener at 127.0.0.1/33175] INFO  server.RaftServer (ConfUtils.java:logGet(46)) - raft.rpc.type = GRPC (default)
2022-10-18 06:31:27,965 [Listener at 127.0.0.1/33175] INFO  grpc.GrpcFactory (GrpcFactory.java:checkPooledByteBufAllocatorUseCacheForAllThreads(48)) - PERFORMANCE WARNING: useCacheForAllThreads is true that may cause Netty to create a lot garbage objects and, as a result, trigger GC.
	It is recommended to disable useCacheForAllThreads by setting -Dorg.apache.ratis.thirdparty.io.netty.allocator.useCacheForAllThreads=false in command line.
2022-10-18 06:31:27,965 [Listener at 127.0.0.1/33175] INFO  grpc.GrpcConfigKeys (ConfUtils.java:logGet(46)) - raft.grpc.admin.port = 0 (custom)
2022-10-18 06:31:27,965 [Listener at 127.0.0.1/33175] INFO  grpc.GrpcConfigKeys (ConfUtils.java:logGet(46)) - raft.grpc.client.port = 0 (custom)
2022-10-18 06:31:27,965 [Listener at 127.0.0.1/33175] INFO  grpc.GrpcConfigKeys (ConfUtils.java:logGet(46)) - raft.grpc.server.port = 0 (default)
2022-10-18 06:31:27,965 [Listener at 127.0.0.1/33175] INFO  server.GrpcService (ConfUtils.java:logGet(46)) - raft.grpc.message.size.max = 32MB (=33554432) (custom)
2022-10-18 06:31:27,965 [Listener at 127.0.0.1/33175] INFO  server.RaftServerConfigKeys (ConfUtils.java:logGet(46)) - raft.server.log.appender.buffer.byte-limit = 33554432 (custom)
2022-10-18 06:31:27,965 [Listener at 127.0.0.1/33175] INFO  server.GrpcService (ConfUtils.java:logGet(46)) - raft.grpc.flow.control.window = 5MB (=5242880) (custom)
2022-10-18 06:31:27,965 [Listener at 127.0.0.1/33175] INFO  server.RaftServerConfigKeys (ConfUtils.java:logGet(46)) - raft.server.rpc.request.timeout = 60s (custom)
2022-10-18 06:31:27,966 [Listener at 127.0.0.1/33175] INFO  grpc.GrpcConfigKeys (ConfUtils.java:logGet(46)) - raft.grpc.server.async.request.thread.pool.cached = true (default)
2022-10-18 06:31:27,966 [Listener at 127.0.0.1/33175] INFO  grpc.GrpcConfigKeys (ConfUtils.java:logGet(46)) - raft.grpc.server.async.request.thread.pool.size = 32 (default)
2022-10-18 06:31:27,967 [Listener at 127.0.0.1/33175] INFO  impl.DataStreamServerImpl (ConfUtils.java:logGet(46)) - raft.datastream.type = DISABLED (default)
2022-10-18 06:31:27,967 [Listener at 127.0.0.1/33175] INFO  server.RaftServerConfigKeys (ConfUtils.java:logGet(46)) - raft.server.threadpool.proxy.cached = true (default)
2022-10-18 06:31:27,967 [Listener at 127.0.0.1/33175] INFO  server.RaftServerConfigKeys (ConfUtils.java:logGet(46)) - raft.server.threadpool.proxy.size = 0 (default)
2022-10-18 06:31:27,967 [Listener at 127.0.0.1/33175] INFO  server.RaftServerConfigKeys (ConfUtils.java:logGet(46)) - raft.server.rpc.slowness.timeout = 300s (custom)
2022-10-18 06:31:27,967 [Listener at 127.0.0.1/33175] INFO  server.RaftServerConfigKeys (ConfUtils.java:logGet(46)) - raft.server.leaderelection.leader.step-down.wait-time = 10s (default)
2022-10-18 06:31:27,967 [Listener at 127.0.0.1/33175] INFO  server.RaftServerConfigKeys (ConfUtils.java:logGet(46)) - raft.server.storage.dir = [/home/runner/work/ozone/ozone/hadoop-ozone/integration-test/target/test-dir/MiniOzoneClusterImpl-06b5c26c-5174-482c-8dea-daeaa88de3bb/datanode-2/data/ratis] (custom)
2022-10-18 06:31:27,970 [Listener at 127.0.0.1/33175] INFO  server.XceiverServerGrpc (XceiverServerGrpc.java:<init>(132)) - GrpcServer channel type EpollServerSocketChannel
2022-10-18 06:31:27,973 [Listener at 127.0.0.1/33175] INFO  http.BaseHttpServer (BaseHttpServer.java:newHttpServer2BuilderForOzone(213)) - Starting Web-server for hddsDatanode at: http://0.0.0.0:0
2022-10-18 06:31:27,973 [Listener at 127.0.0.1/33175] INFO  http.BaseHttpServer (BaseHttpServer.java:<init>(108)) - Hadoop Security Enabled: false Ozone Security Enabled: false Ozone HTTP Security Enabled: false 
2022-10-18 06:31:27,974 [Listener at 127.0.0.1/33175] WARN  server.AuthenticationFilter (AuthenticationFilter.java:constructSecretProvider(240)) - Unable to initialize FileSignerSecretProvider, falling back to use random secrets. Reason: Could not read signature secret file: /home/runner/hadoop-http-auth-signature-secret
2022-10-18 06:31:27,974 [Listener at 127.0.0.1/33175] WARN  http.HttpRequestLog (HttpRequestLog.java:getRequestLog(103)) - Jetty request log can only be enabled using Log4j
2022-10-18 06:31:27,975 [Listener at 127.0.0.1/33175] INFO  http.HttpServer2 (HttpServer2.java:addGlobalFilter(1031)) - Added global filter 'safety' (class=org.apache.hadoop.hdds.server.http.HttpServer2$QuotingInputFilter)
2022-10-18 06:31:27,975 [Listener at 127.0.0.1/33175] INFO  http.HttpServer2 (HttpServer2.java:addFilter(1007)) - Added filter static_user_filter (class=org.apache.hadoop.http.lib.StaticUserWebFilter$StaticUserFilter) to context hddsDatanode
2022-10-18 06:31:27,976 [Listener at 127.0.0.1/33175] INFO  http.HttpServer2 (HttpServer2.java:addFilter(1015)) - Added filter static_user_filter (class=org.apache.hadoop.http.lib.StaticUserWebFilter$StaticUserFilter) to context logs
2022-10-18 06:31:27,976 [Listener at 127.0.0.1/33175] INFO  http.HttpServer2 (HttpServer2.java:addFilter(1015)) - Added filter static_user_filter (class=org.apache.hadoop.http.lib.StaticUserWebFilter$StaticUserFilter) to context static
2022-10-18 06:31:27,976 [Listener at 127.0.0.1/33175] INFO  http.HttpServer2 (HttpServer2.java:bindListener(1250)) - Jetty bound to port 44219
2022-10-18 06:31:27,976 [Listener at 127.0.0.1/33175] INFO  server.Server (Server.java:doStart(375)) - jetty-9.4.43.v20210629; built: 2021-06-30T11:07:22.254Z; git: 526006ecfa3af7f1a27ef3a288e2bef7ea9dd7e8; jvm 1.8.0_345-b01
2022-10-18 06:31:27,978 [Listener at 127.0.0.1/33175] INFO  server.session (DefaultSessionIdManager.java:doStart(334)) - DefaultSessionIdManager workerName=node0
2022-10-18 06:31:27,978 [Listener at 127.0.0.1/33175] INFO  server.session (DefaultSessionIdManager.java:doStart(339)) - No SessionScavenger set, using defaults
2022-10-18 06:31:27,979 [Listener at 127.0.0.1/33175] INFO  server.session (HouseKeeper.java:startScavenging(132)) - node0 Scavenging every 660000ms
2022-10-18 06:31:27,979 [Listener at 127.0.0.1/33175] INFO  handler.ContextHandler (ContextHandler.java:doStart(915)) - Started o.e.j.s.ServletContextHandler@20a9bd6d{logs,/logs,file:///home/runner/work/ozone/ozone/hadoop-ozone/integration-test/target/log,AVAILABLE}
2022-10-18 06:31:27,979 [Listener at 127.0.0.1/33175] INFO  handler.ContextHandler (ContextHandler.java:doStart(915)) - Started o.e.j.s.ServletContextHandler@7646dfd9{static,/static,jar:file:/home/runner/.m2/repository/org/apache/ozone/hdds-container-service/1.3.0-SNAPSHOT/hdds-container-service-1.3.0-SNAPSHOT.jar!/webapps/static,AVAILABLE}
2022-10-18 06:31:28,142 [Listener at 127.0.0.1/33175] INFO  handler.ContextHandler (ContextHandler.java:doStart(915)) - Started o.e.j.w.WebAppContext@60df2fb7{hddsDatanode,/,file:///tmp/jetty-0_0_0_0-44219-hdds-container-service-1_3_0-SNAPSHOT_jar-_-any-2015192964245075023/webapp/,AVAILABLE}{jar:file:/home/runner/.m2/repository/org/apache/ozone/hdds-container-service/1.3.0-SNAPSHOT/hdds-container-service-1.3.0-SNAPSHOT.jar!/webapps/hddsDatanode}
2022-10-18 06:31:28,144 [Listener at 127.0.0.1/33175] INFO  server.AbstractConnector (AbstractConnector.java:doStart(331)) - Started ServerConnector@4b7c1779{HTTP/1.1, (http/1.1)}{0.0.0.0:44219}
2022-10-18 06:31:28,144 [Listener at 127.0.0.1/33175] INFO  server.Server (Server.java:doStart(415)) - Started @80328ms
2022-10-18 06:31:28,144 [Listener at 127.0.0.1/33175] WARN  impl.MetricsSystemImpl (MetricsSystemImpl.java:register(279)) - Sink prometheus already exists!
2022-10-18 06:31:28,145 [Listener at 127.0.0.1/33175] INFO  http.BaseHttpServer (BaseHttpServer.java:updateConnectorAddress(333)) - HTTP server of hddsDatanode listening at http://0.0.0.0:44219
2022-10-18 06:31:28,146 [Datanode State Machine Daemon Thread] INFO  statemachine.DatanodeStateMachine (DatanodeStateMachine.java:lambda$startDaemon$0(492)) - Ozone container server started.
2022-10-18 06:31:28,146 [Listener at 127.0.0.1/33175] INFO  ozone.MiniOzoneClusterImpl (MiniOzoneClusterImpl.java:lambda$waitForClusterToBeReady$0(216)) - Waiting for nodes to be ready. Got 0 of 3 DN Heartbeats.
2022-10-18 06:31:28,147 [Listener at 127.0.0.1/33175] INFO  ozone.MiniOzoneClusterImpl (MiniOzoneClusterImpl.java:lambda$waitForClusterToBeReady$0(219)) - Waiting for cluster to exit safe mode
2022-10-18 06:31:28,147 [Listener at 127.0.0.1/33175] INFO  ozone.MiniOzoneClusterImpl (MiniOzoneClusterImpl.java:lambda$waitForClusterToBeReady$0(221)) - SCM became leader
2022-10-18 06:31:28,159 [org.apache.hadoop.util.JvmPauseMonitor$Monitor@10f34c4c] INFO  util.JvmPauseMonitor (JvmPauseMonitor.java:run(188)) - Starting JVM pause monitor
2022-10-18 06:31:28,162 [Datanode State Machine Task Thread - 0] INFO  datanode.InitDatanodeState (InitDatanodeState.java:persistContainerDatanodeDetails(138)) - DatanodeDetails is persisted to /home/runner/work/ozone/ozone/hadoop-ozone/integration-test/target/test-dir/MiniOzoneClusterImpl-06b5c26c-5174-482c-8dea-daeaa88de3bb/datanode-2/meta/datanode.id
2022-10-18 06:31:28,627 [EndpointStateMachine task thread for /0.0.0.0:34663 - 0 ] INFO  ipc.Client (Client.java:handleConnectionFailure(1010)) - Retrying connect to server: 0.0.0.0/0.0.0.0:34663. Already tried 7 time(s); retry policy is RetryUpToMaximumCountWithFixedSleep(maxRetries=15, sleepTime=1000 MILLISECONDS)
2022-10-18 06:31:29,148 [Listener at 127.0.0.1/33175] INFO  ozone.MiniOzoneClusterImpl (MiniOzoneClusterImpl.java:lambda$waitForClusterToBeReady$0(216)) - Waiting for nodes to be ready. Got 0 of 3 DN Heartbeats.
2022-10-18 06:31:29,149 [Listener at 127.0.0.1/33175] INFO  ozone.MiniOzoneClusterImpl (MiniOzoneClusterImpl.java:lambda$waitForClusterToBeReady$0(219)) - Waiting for cluster to exit safe mode
2022-10-18 06:31:29,149 [Listener at 127.0.0.1/33175] INFO  ozone.MiniOzoneClusterImpl (MiniOzoneClusterImpl.java:lambda$waitForClusterToBeReady$0(221)) - SCM became leader
2022-10-18 06:31:29,618 [EndpointStateMachine task thread for /0.0.0.0:40199 - 0 ] INFO  volume.HddsVolume (HddsVolume.java:createDbStore(307)) - SchemaV3 db is created and loaded at /home/runner/work/ozone/ozone/hadoop-ozone/integration-test/target/test-dir/MiniOzoneClusterImpl-06b5c26c-5174-482c-8dea-daeaa88de3bb/datanode-0/data-0/containers/hdds/06b5c26c-5174-482c-8dea-daeaa88de3bb/DS-b9df63d9-69a6-44ac-9249-4d0c97ed7df3/container.db for volume DS-b9df63d9-69a6-44ac-9249-4d0c97ed7df3
2022-10-18 06:31:29,619 [EndpointStateMachine task thread for /0.0.0.0:40199 - 0 ] INFO  volume.HddsVolume (HddsVolume.java:closeDbStore(338)) - SchemaV3 db is stopped at /home/runner/work/ozone/ozone/hadoop-ozone/integration-test/target/test-dir/MiniOzoneClusterImpl-06b5c26c-5174-482c-8dea-daeaa88de3bb/datanode-0/data-0/containers/hdds/06b5c26c-5174-482c-8dea-daeaa88de3bb/DS-b9df63d9-69a6-44ac-9249-4d0c97ed7df3/container.db for volume DS-b9df63d9-69a6-44ac-9249-4d0c97ed7df3
2022-10-18 06:31:29,619 [EndpointStateMachine task thread for /0.0.0.0:40199 - 0 ] INFO  ozoneimpl.OzoneContainer (OzoneContainer.java:start(378)) - Attempting to start container services.
2022-10-18 06:31:29,619 [EndpointStateMachine task thread for /0.0.0.0:40199 - 0 ] INFO  ozoneimpl.OzoneContainer (OzoneContainer.java:startContainerScrub(313)) - Background container scanner has been disabled.
2022-10-18 06:31:29,621 [EndpointStateMachine task thread for /0.0.0.0:40199 - 0 ] INFO  replication.ReplicationServer (ReplicationServer.java:start(111)) - ReplicationServer is started using port 35943
2022-10-18 06:31:29,622 [EndpointStateMachine task thread for /0.0.0.0:40199 - 0 ] INFO  ratis.XceiverServerRatis (XceiverServerRatis.java:start(481)) - Starting XceiverServerRatis 2b76223f-58f9-4cd2-9f7f-000dbc1ba401
2022-10-18 06:31:29,622 [EndpointStateMachine task thread for /0.0.0.0:40199 - 0 ] INFO  server.RaftServer (RaftServerProxy.java:lambda$start$6(382)) - 2b76223f-58f9-4cd2-9f7f-000dbc1ba401: start RPC server
2022-10-18 06:31:29,624 [EndpointStateMachine task thread for /0.0.0.0:40199 - 0 ] INFO  server.GrpcService (GrpcService.java:startImpl(260)) - 2b76223f-58f9-4cd2-9f7f-000dbc1ba401: GrpcService started, listening on 34831
2022-10-18 06:31:29,624 [EndpointStateMachine task thread for /0.0.0.0:40199 - 0 ] INFO  ratis.XceiverServerRatis (XceiverServerRatis.java:getRealPort(502)) - XceiverServerRatis 2b76223f-58f9-4cd2-9f7f-000dbc1ba401 is started using port 34831 for RATIS
2022-10-18 06:31:29,624 [EndpointStateMachine task thread for /0.0.0.0:40199 - 0 ] INFO  ratis.XceiverServerRatis (XceiverServerRatis.java:getRealPort(502)) - XceiverServerRatis 2b76223f-58f9-4cd2-9f7f-000dbc1ba401 is started using port 34831 for RATIS_ADMIN
2022-10-18 06:31:29,624 [org.apache.ratis.util.JvmPauseMonitor$$Lambda$703/523629281@3340d7f3] INFO  util.JvmPauseMonitor (JvmPauseMonitor.java:run(103)) - JvmPauseMonitor-2b76223f-58f9-4cd2-9f7f-000dbc1ba401: Started
2022-10-18 06:31:29,624 [EndpointStateMachine task thread for /0.0.0.0:40199 - 0 ] INFO  ratis.XceiverServerRatis (XceiverServerRatis.java:getRealPort(502)) - XceiverServerRatis 2b76223f-58f9-4cd2-9f7f-000dbc1ba401 is started using port 34831 for RATIS_SERVER
2022-10-18 06:31:29,626 [EndpointStateMachine task thread for /0.0.0.0:40199 - 0 ] INFO  server.XceiverServerGrpc (XceiverServerGrpc.java:start(180)) - XceiverServerGrpc 2b76223f-58f9-4cd2-9f7f-000dbc1ba401 is started using port 43689
2022-10-18 06:31:29,628 [EndpointStateMachine task thread for /0.0.0.0:34663 - 0 ] INFO  ipc.Client (Client.java:handleConnectionFailure(1010)) - Retrying connect to server: 0.0.0.0/0.0.0.0:34663. Already tried 8 time(s); retry policy is RetryUpToMaximumCountWithFixedSleep(maxRetries=15, sleepTime=1000 MILLISECONDS)
2022-10-18 06:31:29,895 [EndpointStateMachine task thread for /0.0.0.0:40199 - 0 ] INFO  volume.HddsVolume (HddsVolume.java:createDbStore(307)) - SchemaV3 db is created and loaded at /home/runner/work/ozone/ozone/hadoop-ozone/integration-test/target/test-dir/MiniOzoneClusterImpl-06b5c26c-5174-482c-8dea-daeaa88de3bb/datanode-1/data-0/containers/hdds/06b5c26c-5174-482c-8dea-daeaa88de3bb/DS-5d71a52b-0efc-4e13-a5bd-e7d9ec3b2df4/container.db for volume DS-5d71a52b-0efc-4e13-a5bd-e7d9ec3b2df4
2022-10-18 06:31:29,896 [EndpointStateMachine task thread for /0.0.0.0:40199 - 0 ] INFO  volume.HddsVolume (HddsVolume.java:closeDbStore(338)) - SchemaV3 db is stopped at /home/runner/work/ozone/ozone/hadoop-ozone/integration-test/target/test-dir/MiniOzoneClusterImpl-06b5c26c-5174-482c-8dea-daeaa88de3bb/datanode-1/data-0/containers/hdds/06b5c26c-5174-482c-8dea-daeaa88de3bb/DS-5d71a52b-0efc-4e13-a5bd-e7d9ec3b2df4/container.db for volume DS-5d71a52b-0efc-4e13-a5bd-e7d9ec3b2df4
2022-10-18 06:31:29,896 [EndpointStateMachine task thread for /0.0.0.0:40199 - 0 ] INFO  ozoneimpl.OzoneContainer (OzoneContainer.java:start(378)) - Attempting to start container services.
2022-10-18 06:31:29,896 [EndpointStateMachine task thread for /0.0.0.0:40199 - 0 ] INFO  ozoneimpl.OzoneContainer (OzoneContainer.java:startContainerScrub(313)) - Background container scanner has been disabled.
2022-10-18 06:31:29,898 [EndpointStateMachine task thread for /0.0.0.0:40199 - 0 ] INFO  replication.ReplicationServer (ReplicationServer.java:start(111)) - ReplicationServer is started using port 45587
2022-10-18 06:31:29,899 [EndpointStateMachine task thread for /0.0.0.0:40199 - 0 ] INFO  ratis.XceiverServerRatis (XceiverServerRatis.java:start(481)) - Starting XceiverServerRatis 8f793f0f-c5f3-467b-8d0b-cdd09a0930a8
2022-10-18 06:31:29,899 [EndpointStateMachine task thread for /0.0.0.0:40199 - 0 ] INFO  server.RaftServer (RaftServerProxy.java:lambda$start$6(382)) - 8f793f0f-c5f3-467b-8d0b-cdd09a0930a8: start RPC server
2022-10-18 06:31:29,901 [EndpointStateMachine task thread for /0.0.0.0:40199 - 0 ] INFO  server.GrpcService (GrpcService.java:startImpl(260)) - 8f793f0f-c5f3-467b-8d0b-cdd09a0930a8: GrpcService started, listening on 33639
2022-10-18 06:31:29,901 [EndpointStateMachine task thread for /0.0.0.0:40199 - 0 ] INFO  ratis.XceiverServerRatis (XceiverServerRatis.java:getRealPort(502)) - XceiverServerRatis 8f793f0f-c5f3-467b-8d0b-cdd09a0930a8 is started using port 33639 for RATIS
2022-10-18 06:31:29,901 [EndpointStateMachine task thread for /0.0.0.0:40199 - 0 ] INFO  ratis.XceiverServerRatis (XceiverServerRatis.java:getRealPort(502)) - XceiverServerRatis 8f793f0f-c5f3-467b-8d0b-cdd09a0930a8 is started using port 33639 for RATIS_ADMIN
2022-10-18 06:31:29,901 [org.apache.ratis.util.JvmPauseMonitor$$Lambda$703/523629281@2bbd6b51] INFO  util.JvmPauseMonitor (JvmPauseMonitor.java:run(103)) - JvmPauseMonitor-8f793f0f-c5f3-467b-8d0b-cdd09a0930a8: Started
2022-10-18 06:31:29,901 [EndpointStateMachine task thread for /0.0.0.0:40199 - 0 ] INFO  ratis.XceiverServerRatis (XceiverServerRatis.java:getRealPort(502)) - XceiverServerRatis 8f793f0f-c5f3-467b-8d0b-cdd09a0930a8 is started using port 33639 for RATIS_SERVER
2022-10-18 06:31:29,905 [EndpointStateMachine task thread for /0.0.0.0:40199 - 0 ] INFO  server.XceiverServerGrpc (XceiverServerGrpc.java:start(180)) - XceiverServerGrpc 8f793f0f-c5f3-467b-8d0b-cdd09a0930a8 is started using port 42191
2022-10-18 06:31:30,149 [Listener at 127.0.0.1/33175] INFO  ozone.MiniOzoneClusterImpl (MiniOzoneClusterImpl.java:lambda$waitForClusterToBeReady$0(216)) - Waiting for nodes to be ready. Got 0 of 3 DN Heartbeats.
2022-10-18 06:31:30,149 [Listener at 127.0.0.1/33175] INFO  ozone.MiniOzoneClusterImpl (MiniOzoneClusterImpl.java:lambda$waitForClusterToBeReady$0(219)) - Waiting for cluster to exit safe mode
2022-10-18 06:31:30,149 [Listener at 127.0.0.1/33175] INFO  ozone.MiniOzoneClusterImpl (MiniOzoneClusterImpl.java:lambda$waitForClusterToBeReady$0(221)) - SCM became leader
2022-10-18 06:31:30,184 [EndpointStateMachine task thread for /0.0.0.0:40199 - 0 ] INFO  volume.HddsVolume (HddsVolume.java:createDbStore(307)) - SchemaV3 db is created and loaded at /home/runner/work/ozone/ozone/hadoop-ozone/integration-test/target/test-dir/MiniOzoneClusterImpl-06b5c26c-5174-482c-8dea-daeaa88de3bb/datanode-2/data-0/containers/hdds/06b5c26c-5174-482c-8dea-daeaa88de3bb/DS-913d40d3-facc-4eb2-b487-874fbd50bb59/container.db for volume DS-913d40d3-facc-4eb2-b487-874fbd50bb59
2022-10-18 06:31:30,184 [EndpointStateMachine task thread for /0.0.0.0:40199 - 0 ] INFO  volume.HddsVolume (HddsVolume.java:closeDbStore(338)) - SchemaV3 db is stopped at /home/runner/work/ozone/ozone/hadoop-ozone/integration-test/target/test-dir/MiniOzoneClusterImpl-06b5c26c-5174-482c-8dea-daeaa88de3bb/datanode-2/data-0/containers/hdds/06b5c26c-5174-482c-8dea-daeaa88de3bb/DS-913d40d3-facc-4eb2-b487-874fbd50bb59/container.db for volume DS-913d40d3-facc-4eb2-b487-874fbd50bb59
2022-10-18 06:31:30,185 [EndpointStateMachine task thread for /0.0.0.0:40199 - 0 ] INFO  ozoneimpl.OzoneContainer (OzoneContainer.java:start(378)) - Attempting to start container services.
2022-10-18 06:31:30,185 [EndpointStateMachine task thread for /0.0.0.0:40199 - 0 ] INFO  ozoneimpl.OzoneContainer (OzoneContainer.java:startContainerScrub(313)) - Background container scanner has been disabled.
2022-10-18 06:31:30,187 [EndpointStateMachine task thread for /0.0.0.0:40199 - 0 ] INFO  replication.ReplicationServer (ReplicationServer.java:start(111)) - ReplicationServer is started using port 46679
2022-10-18 06:31:30,188 [EndpointStateMachine task thread for /0.0.0.0:40199 - 0 ] INFO  ratis.XceiverServerRatis (XceiverServerRatis.java:start(481)) - Starting XceiverServerRatis ad9bea1d-9774-4e82-9b2d-afdcccbaa8d7
2022-10-18 06:31:30,188 [EndpointStateMachine task thread for /0.0.0.0:40199 - 0 ] INFO  server.RaftServer (RaftServerProxy.java:lambda$start$6(382)) - ad9bea1d-9774-4e82-9b2d-afdcccbaa8d7: start RPC server
2022-10-18 06:31:30,195 [EndpointStateMachine task thread for /0.0.0.0:40199 - 0 ] INFO  server.GrpcService (GrpcService.java:startImpl(260)) - ad9bea1d-9774-4e82-9b2d-afdcccbaa8d7: GrpcService started, listening on 33755
2022-10-18 06:31:30,195 [EndpointStateMachine task thread for /0.0.0.0:40199 - 0 ] INFO  ratis.XceiverServerRatis (XceiverServerRatis.java:getRealPort(502)) - XceiverServerRatis ad9bea1d-9774-4e82-9b2d-afdcccbaa8d7 is started using port 33755 for RATIS
2022-10-18 06:31:30,195 [EndpointStateMachine task thread for /0.0.0.0:40199 - 0 ] INFO  ratis.XceiverServerRatis (XceiverServerRatis.java:getRealPort(502)) - XceiverServerRatis ad9bea1d-9774-4e82-9b2d-afdcccbaa8d7 is started using port 33755 for RATIS_ADMIN
2022-10-18 06:31:30,195 [org.apache.ratis.util.JvmPauseMonitor$$Lambda$703/523629281@6567f926] INFO  util.JvmPauseMonitor (JvmPauseMonitor.java:run(103)) - JvmPauseMonitor-ad9bea1d-9774-4e82-9b2d-afdcccbaa8d7: Started
2022-10-18 06:31:30,195 [EndpointStateMachine task thread for /0.0.0.0:40199 - 0 ] INFO  ratis.XceiverServerRatis (XceiverServerRatis.java:getRealPort(502)) - XceiverServerRatis ad9bea1d-9774-4e82-9b2d-afdcccbaa8d7 is started using port 33755 for RATIS_SERVER
2022-10-18 06:31:30,199 [EndpointStateMachine task thread for /0.0.0.0:40199 - 0 ] INFO  server.XceiverServerGrpc (XceiverServerGrpc.java:start(180)) - XceiverServerGrpc ad9bea1d-9774-4e82-9b2d-afdcccbaa8d7 is started using port 37501
2022-10-18 06:31:30,628 [EndpointStateMachine task thread for /0.0.0.0:34663 - 0 ] INFO  ipc.Client (Client.java:handleConnectionFailure(1010)) - Retrying connect to server: 0.0.0.0/0.0.0.0:34663. Already tried 9 time(s); retry policy is RetryUpToMaximumCountWithFixedSleep(maxRetries=15, sleepTime=1000 MILLISECONDS)
2022-10-18 06:31:31,150 [Listener at 127.0.0.1/33175] INFO  ozone.MiniOzoneClusterImpl (MiniOzoneClusterImpl.java:lambda$waitForClusterToBeReady$0(216)) - Waiting for nodes to be ready. Got 0 of 3 DN Heartbeats.
2022-10-18 06:31:31,150 [Listener at 127.0.0.1/33175] INFO  ozone.MiniOzoneClusterImpl (MiniOzoneClusterImpl.java:lambda$waitForClusterToBeReady$0(219)) - Waiting for cluster to exit safe mode
2022-10-18 06:31:31,150 [Listener at 127.0.0.1/33175] INFO  ozone.MiniOzoneClusterImpl (MiniOzoneClusterImpl.java:lambda$waitForClusterToBeReady$0(221)) - SCM became leader
2022-10-18 06:31:31,589 [IPC Server handler 3 on default port 40199] INFO  net.NetworkTopologyImpl (NetworkTopologyImpl.java:add(112)) - Added a new node: /default-rack/2b76223f-58f9-4cd2-9f7f-000dbc1ba401
2022-10-18 06:31:31,589 [IPC Server handler 3 on default port 40199] INFO  node.SCMNodeManager (SCMNodeManager.java:register(397)) - Registered Data node : 2b76223f-58f9-4cd2-9f7f-000dbc1ba401{ip: 10.1.1.164, host: fv-az241-838.2tfxs3cvuluejhi1wdm4o5ef4c.bx.internal.cloudapp.net, ports: [REPLICATION=35943, RATIS=34831, RATIS_ADMIN=34831, RATIS_SERVER=34831, STANDALONE=43689], networkLocation: /default-rack, certSerialId: null, persistedOpState: null, persistedOpStateExpiryEpochSec: 0}
2022-10-18 06:31:31,593 [EventQueue-NewNodeForNewNodeHandler] INFO  pipeline.BackgroundPipelineCreator (BackgroundPipelineCreator.java:notifyEventTriggered(276)) - trigger a one-shot run on RatisPipelineUtilsThread.
2022-10-18 06:31:31,594 [RatisPipelineUtilsThread - 0] INFO  pipeline.RatisPipelineProvider (RatisPipelineProvider.java:lambda$create$0(195)) - Sending CreatePipelineCommand for pipeline:PipelineID=0fdfac7f-1e21-472f-a62e-b827cf848cbe to datanode:2b76223f-58f9-4cd2-9f7f-000dbc1ba401
2022-10-18 06:31:31,594 [EventQueue-NodeRegistrationContainerReportForContainerSafeModeRule] INFO  safemode.SCMSafeModeManager (SCMSafeModeManager.java:validateSafeModeExitRules(204)) - ContainerSafeModeRule rule is successfully validated
2022-10-18 06:31:31,594 [EventQueue-NodeRegistrationContainerReportForDataNodeSafeModeRule] INFO  safemode.SCMSafeModeManager (DataNodeSafeModeRule.java:process(71)) - SCM in safe mode. 1 DataNodes registered, 3 required.
2022-10-18 06:31:31,600 [RatisPipelineUtilsThread - 0] INFO  pipeline.PipelineStateManagerImpl (PipelineStateManagerImpl.java:addPipeline(103)) - Created pipeline Pipeline[ Id: 0fdfac7f-1e21-472f-a62e-b827cf848cbe, Nodes: 2b76223f-58f9-4cd2-9f7f-000dbc1ba401{ip: 10.1.1.164, host: fv-az241-838.2tfxs3cvuluejhi1wdm4o5ef4c.bx.internal.cloudapp.net, ports: [REPLICATION=35943, RATIS=34831, RATIS_ADMIN=34831, RATIS_SERVER=34831, STANDALONE=43689], networkLocation: /default-rack, certSerialId: null, persistedOpState: IN_SERVICE, persistedOpStateExpiryEpochSec: 0}, ReplicationConfig: RATIS/ONE, State:ALLOCATED, leaderId:, CreationTimestamp2022-10-18T06:31:31.594Z[Etc/UTC]].
2022-10-18 06:31:31,600 [EventQueue-PipelineReportForOneReplicaPipelineSafeModeRule] INFO  safemode.SCMSafeModeManager (SCMSafeModeManager.java:validateSafeModeExitRules(204)) - AtleastOneDatanodeReportedRule rule is successfully validated
2022-10-18 06:31:31,629 [EndpointStateMachine task thread for /0.0.0.0:34663 - 0 ] INFO  ipc.Client (Client.java:handleConnectionFailure(1010)) - Retrying connect to server: 0.0.0.0/0.0.0.0:34663. Already tried 10 time(s); retry policy is RetryUpToMaximumCountWithFixedSleep(maxRetries=15, sleepTime=1000 MILLISECONDS)
2022-10-18 06:31:31,871 [IPC Server handler 4 on default port 40199] INFO  net.NetworkTopologyImpl (NetworkTopologyImpl.java:add(112)) - Added a new node: /default-rack/8f793f0f-c5f3-467b-8d0b-cdd09a0930a8
2022-10-18 06:31:31,871 [IPC Server handler 4 on default port 40199] INFO  node.SCMNodeManager (SCMNodeManager.java:register(397)) - Registered Data node : 8f793f0f-c5f3-467b-8d0b-cdd09a0930a8{ip: 10.1.1.164, host: fv-az241-838.2tfxs3cvuluejhi1wdm4o5ef4c.bx.internal.cloudapp.net, ports: [REPLICATION=45587, RATIS=33639, RATIS_ADMIN=33639, RATIS_SERVER=33639, STANDALONE=42191], networkLocation: /default-rack, certSerialId: null, persistedOpState: null, persistedOpStateExpiryEpochSec: 0}
2022-10-18 06:31:31,871 [EventQueue-NewNodeForNewNodeHandler] INFO  pipeline.BackgroundPipelineCreator (BackgroundPipelineCreator.java:notifyEventTriggered(276)) - trigger a one-shot run on RatisPipelineUtilsThread.
2022-10-18 06:31:31,872 [EventQueue-NodeRegistrationContainerReportForDataNodeSafeModeRule] INFO  safemode.SCMSafeModeManager (DataNodeSafeModeRule.java:process(71)) - SCM in safe mode. 2 DataNodes registered, 3 required.
2022-10-18 06:31:31,872 [RatisPipelineUtilsThread - 0] INFO  pipeline.RatisPipelineProvider (RatisPipelineProvider.java:lambda$create$0(195)) - Sending CreatePipelineCommand for pipeline:PipelineID=2adca5aa-8962-4b96-b40c-fddb399eb1b0 to datanode:8f793f0f-c5f3-467b-8d0b-cdd09a0930a8
2022-10-18 06:31:31,873 [RatisPipelineUtilsThread - 0] INFO  pipeline.PipelineStateManagerImpl (PipelineStateManagerImpl.java:addPipeline(103)) - Created pipeline Pipeline[ Id: 2adca5aa-8962-4b96-b40c-fddb399eb1b0, Nodes: 8f793f0f-c5f3-467b-8d0b-cdd09a0930a8{ip: 10.1.1.164, host: fv-az241-838.2tfxs3cvuluejhi1wdm4o5ef4c.bx.internal.cloudapp.net, ports: [REPLICATION=45587, RATIS=33639, RATIS_ADMIN=33639, RATIS_SERVER=33639, STANDALONE=42191], networkLocation: /default-rack, certSerialId: null, persistedOpState: IN_SERVICE, persistedOpStateExpiryEpochSec: 0}, ReplicationConfig: RATIS/ONE, State:ALLOCATED, leaderId:, CreationTimestamp2022-10-18T06:31:31.872Z[Etc/UTC]].
2022-10-18 06:31:32,151 [Listener at 127.0.0.1/33175] INFO  ozone.MiniOzoneClusterImpl (MiniOzoneClusterImpl.java:lambda$waitForClusterToBeReady$0(216)) - Waiting for nodes to be ready. Got 2 of 3 DN Heartbeats.
2022-10-18 06:31:32,151 [Listener at 127.0.0.1/33175] INFO  ozone.MiniOzoneClusterImpl (MiniOzoneClusterImpl.java:lambda$waitForClusterToBeReady$0(219)) - Waiting for cluster to exit safe mode
2022-10-18 06:31:32,151 [Listener at 127.0.0.1/33175] INFO  ozone.MiniOzoneClusterImpl (MiniOzoneClusterImpl.java:lambda$waitForClusterToBeReady$0(221)) - SCM became leader
2022-10-18 06:31:32,161 [IPC Server handler 6 on default port 40199] INFO  net.NetworkTopologyImpl (NetworkTopologyImpl.java:add(112)) - Added a new node: /default-rack/ad9bea1d-9774-4e82-9b2d-afdcccbaa8d7
2022-10-18 06:31:32,161 [IPC Server handler 6 on default port 40199] INFO  node.SCMNodeManager (SCMNodeManager.java:register(397)) - Registered Data node : ad9bea1d-9774-4e82-9b2d-afdcccbaa8d7{ip: 10.1.1.164, host: fv-az241-838.2tfxs3cvuluejhi1wdm4o5ef4c.bx.internal.cloudapp.net, ports: [REPLICATION=46679, RATIS=33755, RATIS_ADMIN=33755, RATIS_SERVER=33755, STANDALONE=37501], networkLocation: /default-rack, certSerialId: null, persistedOpState: null, persistedOpStateExpiryEpochSec: 0}
2022-10-18 06:31:32,161 [EventQueue-NewNodeForNewNodeHandler] INFO  pipeline.BackgroundPipelineCreator (BackgroundPipelineCreator.java:notifyEventTriggered(276)) - trigger a one-shot run on RatisPipelineUtilsThread.
2022-10-18 06:31:32,162 [RatisPipelineUtilsThread - 0] INFO  pipeline.RatisPipelineProvider (RatisPipelineProvider.java:lambda$create$0(195)) - Sending CreatePipelineCommand for pipeline:PipelineID=89bab94e-3e2e-4556-a846-ff43b2c2da43 to datanode:ad9bea1d-9774-4e82-9b2d-afdcccbaa8d7
2022-10-18 06:31:32,162 [EventQueue-NodeRegistrationContainerReportForDataNodeSafeModeRule] INFO  safemode.SCMSafeModeManager (DataNodeSafeModeRule.java:process(71)) - SCM in safe mode. 3 DataNodes registered, 3 required.
2022-10-18 06:31:32,162 [EventQueue-NodeRegistrationContainerReportForDataNodeSafeModeRule] INFO  safemode.SCMSafeModeManager (SCMSafeModeManager.java:validateSafeModeExitRules(204)) - DataNodeSafeModeRule rule is successfully validated
2022-10-18 06:31:32,162 [EventQueue-NodeRegistrationContainerReportForDataNodeSafeModeRule] INFO  safemode.SCMSafeModeManager (SCMSafeModeManager.java:completePreCheck(233)) - All SCM safe mode pre check rules have passed
2022-10-18 06:31:32,162 [EventQueue-NodeRegistrationContainerReportForDataNodeSafeModeRule] WARN  events.EventQueue (EventQueue.java:fireEvent(216)) - No event handler registered for event TypedEvent{payloadType=SafeModeStatus, name='Safe mode status'}
2022-10-18 06:31:32,162 [EventQueue-NodeRegistrationContainerReportForDataNodeSafeModeRule] INFO  ha.SCMContext (SCMContext.java:updateSafeModeStatus(228)) - Update SafeModeStatus from SafeModeStatus{safeModeStatus=true, preCheckPassed=false} to SafeModeStatus{safeModeStatus=true, preCheckPassed=true}.
2022-10-18 06:31:32,162 [EventQueue-NodeRegistrationContainerReportForDataNodeSafeModeRule] INFO  pipeline.BackgroundPipelineCreator (BackgroundPipelineCreator.java:notifyEventTriggered(276)) - trigger a one-shot run on RatisPipelineUtilsThread.
2022-10-18 06:31:32,162 [RatisPipelineUtilsThread - 0] INFO  pipeline.PipelineStateManagerImpl (PipelineStateManagerImpl.java:addPipeline(103)) - Created pipeline Pipeline[ Id: 89bab94e-3e2e-4556-a846-ff43b2c2da43, Nodes: ad9bea1d-9774-4e82-9b2d-afdcccbaa8d7{ip: 10.1.1.164, host: fv-az241-838.2tfxs3cvuluejhi1wdm4o5ef4c.bx.internal.cloudapp.net, ports: [REPLICATION=46679, RATIS=33755, RATIS_ADMIN=33755, RATIS_SERVER=33755, STANDALONE=37501], networkLocation: /default-rack, certSerialId: null, persistedOpState: IN_SERVICE, persistedOpStateExpiryEpochSec: 0}, ReplicationConfig: RATIS/ONE, State:ALLOCATED, leaderId:, CreationTimestamp2022-10-18T06:31:32.161Z[Etc/UTC]].
2022-10-18 06:31:32,162 [RatisPipelineUtilsThread - 0] INFO  pipeline.RatisPipelineProvider (RatisPipelineProvider.java:lambda$create$0(195)) - Sending CreatePipelineCommand for pipeline:PipelineID=e3909457-a16f-4aeb-bd5e-e1a78069126f to datanode:ad9bea1d-9774-4e82-9b2d-afdcccbaa8d7
2022-10-18 06:31:32,162 [RatisPipelineUtilsThread - 0] INFO  pipeline.RatisPipelineProvider (RatisPipelineProvider.java:lambda$create$0(195)) - Sending CreatePipelineCommand for pipeline:PipelineID=e3909457-a16f-4aeb-bd5e-e1a78069126f to datanode:8f793f0f-c5f3-467b-8d0b-cdd09a0930a8
2022-10-18 06:31:32,162 [RatisPipelineUtilsThread - 0] INFO  pipeline.RatisPipelineProvider (RatisPipelineProvider.java:lambda$create$0(195)) - Sending CreatePipelineCommand for pipeline:PipelineID=e3909457-a16f-4aeb-bd5e-e1a78069126f to datanode:2b76223f-58f9-4cd2-9f7f-000dbc1ba401
2022-10-18 06:31:32,163 [RatisPipelineUtilsThread - 0] INFO  pipeline.PipelineStateManagerImpl (PipelineStateManagerImpl.java:addPipeline(103)) - Created pipeline Pipeline[ Id: e3909457-a16f-4aeb-bd5e-e1a78069126f, Nodes: ad9bea1d-9774-4e82-9b2d-afdcccbaa8d7{ip: 10.1.1.164, host: fv-az241-838.2tfxs3cvuluejhi1wdm4o5ef4c.bx.internal.cloudapp.net, ports: [REPLICATION=46679, RATIS=33755, RATIS_ADMIN=33755, RATIS_SERVER=33755, STANDALONE=37501], networkLocation: /default-rack, certSerialId: null, persistedOpState: IN_SERVICE, persistedOpStateExpiryEpochSec: 0}8f793f0f-c5f3-467b-8d0b-cdd09a0930a8{ip: 10.1.1.164, host: fv-az241-838.2tfxs3cvuluejhi1wdm4o5ef4c.bx.internal.cloudapp.net, ports: [REPLICATION=45587, RATIS=33639, RATIS_ADMIN=33639, RATIS_SERVER=33639, STANDALONE=42191], networkLocation: /default-rack, certSerialId: null, persistedOpState: IN_SERVICE, persistedOpStateExpiryEpochSec: 0}2b76223f-58f9-4cd2-9f7f-000dbc1ba401{ip: 10.1.1.164, host: fv-az241-838.2tfxs3cvuluejhi1wdm4o5ef4c.bx.internal.cloudapp.net, ports: [REPLICATION=35943, RATIS=34831, RATIS_ADMIN=34831, RATIS_SERVER=34831, STANDALONE=43689], networkLocation: /default-rack, certSerialId: null, persistedOpState: IN_SERVICE, persistedOpStateExpiryEpochSec: 0}, ReplicationConfig: RATIS/THREE, State:ALLOCATED, leaderId:, CreationTimestamp2022-10-18T06:31:32.162Z[Etc/UTC]].
2022-10-18 06:31:32,163 [RatisPipelineUtilsThread - 0] INFO  pipeline.RatisPipelineProvider (RatisPipelineProvider.java:lambda$create$0(195)) - Sending CreatePipelineCommand for pipeline:PipelineID=db0c2de2-aab7-45f7-93ce-8a05d5eade4d to datanode:8f793f0f-c5f3-467b-8d0b-cdd09a0930a8
2022-10-18 06:31:32,163 [RatisPipelineUtilsThread - 0] INFO  pipeline.RatisPipelineProvider (RatisPipelineProvider.java:lambda$create$0(195)) - Sending CreatePipelineCommand for pipeline:PipelineID=db0c2de2-aab7-45f7-93ce-8a05d5eade4d to datanode:2b76223f-58f9-4cd2-9f7f-000dbc1ba401
2022-10-18 06:31:32,163 [RatisPipelineUtilsThread - 0] INFO  pipeline.RatisPipelineProvider (RatisPipelineProvider.java:lambda$create$0(195)) - Sending CreatePipelineCommand for pipeline:PipelineID=db0c2de2-aab7-45f7-93ce-8a05d5eade4d to datanode:ad9bea1d-9774-4e82-9b2d-afdcccbaa8d7
2022-10-18 06:31:32,164 [RatisPipelineUtilsThread - 0] INFO  pipeline.PipelineStateManagerImpl (PipelineStateManagerImpl.java:addPipeline(103)) - Created pipeline Pipeline[ Id: db0c2de2-aab7-45f7-93ce-8a05d5eade4d, Nodes: 8f793f0f-c5f3-467b-8d0b-cdd09a0930a8{ip: 10.1.1.164, host: fv-az241-838.2tfxs3cvuluejhi1wdm4o5ef4c.bx.internal.cloudapp.net, ports: [REPLICATION=45587, RATIS=33639, RATIS_ADMIN=33639, RATIS_SERVER=33639, STANDALONE=42191], networkLocation: /default-rack, certSerialId: null, persistedOpState: IN_SERVICE, persistedOpStateExpiryEpochSec: 0}2b76223f-58f9-4cd2-9f7f-000dbc1ba401{ip: 10.1.1.164, host: fv-az241-838.2tfxs3cvuluejhi1wdm4o5ef4c.bx.internal.cloudapp.net, ports: [REPLICATION=35943, RATIS=34831, RATIS_ADMIN=34831, RATIS_SERVER=34831, STANDALONE=43689], networkLocation: /default-rack, certSerialId: null, persistedOpState: IN_SERVICE, persistedOpStateExpiryEpochSec: 0}ad9bea1d-9774-4e82-9b2d-afdcccbaa8d7{ip: 10.1.1.164, host: fv-az241-838.2tfxs3cvuluejhi1wdm4o5ef4c.bx.internal.cloudapp.net, ports: [REPLICATION=46679, RATIS=33755, RATIS_ADMIN=33755, RATIS_SERVER=33755, STANDALONE=37501], networkLocation: /default-rack, certSerialId: null, persistedOpState: IN_SERVICE, persistedOpStateExpiryEpochSec: 0}, ReplicationConfig: RATIS/THREE, State:ALLOCATED, leaderId:, CreationTimestamp2022-10-18T06:31:32.163Z[Etc/UTC]].
2022-10-18 06:31:32,164 [RatisPipelineUtilsThread - 0] INFO  pipeline.PipelineManagerImpl (PipelineManagerImpl.java:recordMetricsForPipeline(796)) - Pipeline: PipelineID=db0c2de2-aab7-45f7-93ce-8a05d5eade4d contains same datanodes as previous pipelines: PipelineID=e3909457-a16f-4aeb-bd5e-e1a78069126f nodeIds: 8f793f0f-c5f3-467b-8d0b-cdd09a0930a8, 2b76223f-58f9-4cd2-9f7f-000dbc1ba401, ad9bea1d-9774-4e82-9b2d-afdcccbaa8d7
2022-10-18 06:31:32,629 [EndpointStateMachine task thread for /0.0.0.0:34663 - 0 ] INFO  ipc.Client (Client.java:handleConnectionFailure(1010)) - Retrying connect to server: 0.0.0.0/0.0.0.0:34663. Already tried 11 time(s); retry policy is RetryUpToMaximumCountWithFixedSleep(maxRetries=15, sleepTime=1000 MILLISECONDS)
2022-10-18 06:31:33,151 [Listener at 127.0.0.1/33175] INFO  ozone.MiniOzoneClusterImpl (MiniOzoneClusterImpl.java:lambda$waitForClusterToBeReady$0(216)) - Nodes are ready. Got 3 of 3 DN Heartbeats.
2022-10-18 06:31:33,152 [Listener at 127.0.0.1/33175] INFO  ozone.MiniOzoneClusterImpl (MiniOzoneClusterImpl.java:lambda$waitForClusterToBeReady$0(219)) - Waiting for cluster to exit safe mode
2022-10-18 06:31:33,152 [Listener at 127.0.0.1/33175] INFO  ozone.MiniOzoneClusterImpl (MiniOzoneClusterImpl.java:lambda$waitForClusterToBeReady$0(221)) - SCM became leader
2022-10-18 06:31:33,630 [EndpointStateMachine task thread for /0.0.0.0:34663 - 0 ] INFO  ipc.Client (Client.java:handleConnectionFailure(1010)) - Retrying connect to server: 0.0.0.0/0.0.0.0:34663. Already tried 12 time(s); retry policy is RetryUpToMaximumCountWithFixedSleep(maxRetries=15, sleepTime=1000 MILLISECONDS)
2022-10-18 06:31:34,152 [Listener at 127.0.0.1/33175] INFO  ozone.MiniOzoneClusterImpl (MiniOzoneClusterImpl.java:lambda$waitForClusterToBeReady$0(216)) - Nodes are ready. Got 3 of 3 DN Heartbeats.
2022-10-18 06:31:34,152 [Listener at 127.0.0.1/33175] INFO  ozone.MiniOzoneClusterImpl (MiniOzoneClusterImpl.java:lambda$waitForClusterToBeReady$0(219)) - Waiting for cluster to exit safe mode
2022-10-18 06:31:34,152 [Listener at 127.0.0.1/33175] INFO  ozone.MiniOzoneClusterImpl (MiniOzoneClusterImpl.java:lambda$waitForClusterToBeReady$0(221)) - SCM became leader
2022-10-18 06:31:34,590 [Command processor thread] INFO  server.RaftServer (RaftServerProxy.java:addNew(96)) - 2b76223f-58f9-4cd2-9f7f-000dbc1ba401: addNew group-B827CF848CBE:[2b76223f-58f9-4cd2-9f7f-000dbc1ba401|rpc:10.1.1.164:34831|priority:1] returns group-B827CF848CBE:java.util.concurrent.CompletableFuture@60f88056[Not completed]
2022-10-18 06:31:34,591 [pool-680-thread-1] INFO  server.RaftServer$Division (RaftServerImpl.java:<init>(190)) - 2b76223f-58f9-4cd2-9f7f-000dbc1ba401: new RaftServerImpl for group-B827CF848CBE:[2b76223f-58f9-4cd2-9f7f-000dbc1ba401|rpc:10.1.1.164:34831|priority:1] with ContainerStateMachine:uninitialized
2022-10-18 06:31:34,591 [pool-680-thread-1] INFO  server.RaftServerConfigKeys (ConfUtils.java:logGet(46)) - raft.server.rpc.timeout.min = 5s (custom)
2022-10-18 06:31:34,591 [pool-680-thread-1] INFO  server.RaftServerConfigKeys (ConfUtils.java:logGet(46)) - raft.server.rpc.timeout.max = 5200ms (custom)
2022-10-18 06:31:34,591 [pool-680-thread-1] INFO  server.RaftServerConfigKeys (ConfUtils.java:logGet(46)) - raft.server.rpc.sleep.time = 25ms (default)
2022-10-18 06:31:34,591 [pool-680-thread-1] INFO  server.RaftServerConfigKeys (ConfUtils.java:logGet(46)) - raft.server.rpc.slowness.timeout = 300s (custom)
2022-10-18 06:31:34,591 [pool-680-thread-1] INFO  server.RaftServerConfigKeys (ConfUtils.java:logGet(46)) - raft.server.leaderelection.leader.step-down.wait-time = 10s (default)
2022-10-18 06:31:34,591 [pool-680-thread-1] INFO  server.RaftServerConfigKeys (ConfUtils.java:logGet(46)) - raft.server.sleep.deviation.threshold = 300ms (default)
2022-10-18 06:31:34,591 [pool-680-thread-1] INFO  server.RaftServer$Division (ServerState.java:<init>(107)) - 2b76223f-58f9-4cd2-9f7f-000dbc1ba401@group-B827CF848CBE: ConfigurationManager, init=-1: [2b76223f-58f9-4cd2-9f7f-000dbc1ba401|rpc:10.1.1.164:34831|priority:1], old=null, confs=<EMPTY_MAP>
2022-10-18 06:31:34,591 [pool-680-thread-1] INFO  server.RaftServerConfigKeys (ConfUtils.java:logGet(46)) - raft.server.storage.dir = [/home/runner/work/ozone/ozone/hadoop-ozone/integration-test/target/test-dir/MiniOzoneClusterImpl-06b5c26c-5174-482c-8dea-daeaa88de3bb/datanode-0/data/ratis] (custom)
2022-10-18 06:31:34,592 [pool-680-thread-1] INFO  server.RaftServerConfigKeys (ConfUtils.java:logGet(46)) - raft.server.log.corruption.policy = EXCEPTION (default)
2022-10-18 06:31:34,592 [pool-680-thread-1] INFO  server.RaftServerConfigKeys (ConfUtils.java:logGet(46)) - raft.server.storage.free-space.min = 0MB (=0) (default)
2022-10-18 06:31:34,592 [pool-680-thread-1] INFO  storage.RaftStorageDirectory (RaftStorageDirectoryImpl.java:analyzeStorage(135)) - The storage directory /home/runner/work/ozone/ozone/hadoop-ozone/integration-test/target/test-dir/MiniOzoneClusterImpl-06b5c26c-5174-482c-8dea-daeaa88de3bb/datanode-0/data/ratis/0fdfac7f-1e21-472f-a62e-b827cf848cbe does not exist. Creating ...
2022-10-18 06:31:34,593 [pool-680-thread-1] INFO  storage.RaftStorageDirectory (RaftStorageDirectoryImpl.java:tryLock(230)) - Lock on /home/runner/work/ozone/ozone/hadoop-ozone/integration-test/target/test-dir/MiniOzoneClusterImpl-06b5c26c-5174-482c-8dea-daeaa88de3bb/datanode-0/data/ratis/0fdfac7f-1e21-472f-a62e-b827cf848cbe/in_use.lock acquired by nodename 30337@fv-az241-838
2022-10-18 06:31:34,594 [pool-680-thread-1] INFO  storage.RaftStorage (RaftStorageImpl.java:format(89)) - Storage directory /home/runner/work/ozone/ozone/hadoop-ozone/integration-test/target/test-dir/MiniOzoneClusterImpl-06b5c26c-5174-482c-8dea-daeaa88de3bb/datanode-0/data/ratis/0fdfac7f-1e21-472f-a62e-b827cf848cbe has been successfully formatted.
2022-10-18 06:31:34,595 [pool-680-thread-1] INFO  ratis.ContainerStateMachine (ContainerStateMachine.java:loadSnapshot(236)) - group-B827CF848CBE: The snapshot info is null. Setting the last applied indexto:(t:0, i:~)
2022-10-18 06:31:34,595 [pool-680-thread-1] INFO  server.RaftServerConfigKeys (ConfUtils.java:logGet(46)) - raft.server.notification.no-leader.timeout = 300s (custom)
2022-10-18 06:31:34,595 [pool-680-thread-1] INFO  server.RaftServerConfigKeys (ConfUtils.java:logGet(46)) - raft.server.log.use.memory = false (default)
2022-10-18 06:31:34,595 [pool-680-thread-1] INFO  server.RaftServerConfigKeys (ConfUtils.java:logGet(46)) - raft.server.log.purge.gap = 1000000 (custom)
2022-10-18 06:31:34,595 [pool-680-thread-1] INFO  server.RaftServerConfigKeys (ConfUtils.java:logGet(46)) - raft.server.log.appender.buffer.byte-limit = 33554432 (custom)
2022-10-18 06:31:34,595 [pool-680-thread-1] INFO  server.RaftServerConfigKeys (ConfUtils.java:logGet(46)) - raft.server.log.statemachine.data.read.timeout = 1000ms (default)
2022-10-18 06:31:34,596 [pool-680-thread-1] INFO  server.RaftServerConfigKeys (ConfUtils.java:logGet(46)) - raft.server.log.segment.size.max = 1048576 (custom)
2022-10-18 06:31:34,596 [EventQueue-PipelineReportForPipelineReportHandler] INFO  pipeline.PipelineManagerImpl (PipelineManagerImpl.java:openPipeline(367)) - Pipeline Pipeline[ Id: 0fdfac7f-1e21-472f-a62e-b827cf848cbe, Nodes: 2b76223f-58f9-4cd2-9f7f-000dbc1ba401{ip: 10.1.1.164, host: fv-az241-838.2tfxs3cvuluejhi1wdm4o5ef4c.bx.internal.cloudapp.net, ports: [REPLICATION=35943, RATIS=34831, RATIS_ADMIN=34831, RATIS_SERVER=34831, STANDALONE=43689], networkLocation: /default-rack, certSerialId: null, persistedOpState: IN_SERVICE, persistedOpStateExpiryEpochSec: 0}, ReplicationConfig: RATIS/ONE, State:ALLOCATED, leaderId:2b76223f-58f9-4cd2-9f7f-000dbc1ba401, CreationTimestamp2022-10-18T06:31:31.594Z[Etc/UTC]] moved to OPEN state
2022-10-18 06:31:34,596 [pool-680-thread-1] INFO  server.RaftServerConfigKeys (ConfUtils.java:logGet(46)) - raft.server.log.segment.cache.num.max = 2 (custom)
2022-10-18 06:31:34,596 [pool-680-thread-1] INFO  server.RaftServerConfigKeys (ConfUtils.java:logGet(46)) - raft.server.log.segment.cache.size.max = 200MB (=209715200) (default)
2022-10-18 06:31:34,596 [pool-680-thread-1] INFO  segmented.SegmentedRaftLogWorker (SegmentedRaftLogWorker.java:<init>(187)) - new 2b76223f-58f9-4cd2-9f7f-000dbc1ba401@group-B827CF848CBE-SegmentedRaftLogWorker for RaftStorageImpl:Storage Directory /home/runner/work/ozone/ozone/hadoop-ozone/integration-test/target/test-dir/MiniOzoneClusterImpl-06b5c26c-5174-482c-8dea-daeaa88de3bb/datanode-0/data/ratis/0fdfac7f-1e21-472f-a62e-b827cf848cbe
2022-10-18 06:31:34,596 [pool-680-thread-1] INFO  server.RaftServerConfigKeys (ConfUtils.java:logGet(46)) - raft.server.log.queue.byte-limit = 4294967296 (custom)
2022-10-18 06:31:34,597 [pool-680-thread-1] INFO  server.RaftServerConfigKeys (ConfUtils.java:logGet(46)) - raft.server.log.queue.element-limit = 1024 (custom)
2022-10-18 06:31:34,597 [pool-680-thread-1] INFO  server.RaftServerConfigKeys (ConfUtils.java:logGet(46)) - raft.server.log.segment.size.max = 1048576 (custom)
2022-10-18 06:31:34,597 [pool-680-thread-1] INFO  server.RaftServerConfigKeys (ConfUtils.java:logGet(46)) - raft.server.log.preallocated.size = 16384 (custom)
2022-10-18 06:31:34,597 [pool-680-thread-1] INFO  server.RaftServerConfigKeys (ConfUtils.java:logGet(46)) - raft.server.log.force.sync.num = 128 (default)
2022-10-18 06:31:34,597 [pool-680-thread-1] INFO  server.RaftServerConfigKeys (ConfUtils.java:logGet(46)) - raft.server.log.statemachine.data.sync = true (default)
2022-10-18 06:31:34,597 [pool-680-thread-1] INFO  server.RaftServerConfigKeys (ConfUtils.java:logGet(46)) - raft.server.log.statemachine.data.sync.timeout = 10s (default)
2022-10-18 06:31:34,597 [pool-680-thread-1] INFO  server.RaftServerConfigKeys (ConfUtils.java:logGet(46)) - raft.server.log.statemachine.data.sync.timeout.retry = -1 (default)
2022-10-18 06:31:34,598 [pool-680-thread-1] INFO  server.RaftServerConfigKeys (ConfUtils.java:logGet(46)) - raft.server.log.write.buffer.size = 1048576 (custom)
2022-10-18 06:31:34,599 [pool-680-thread-1] INFO  server.RaftServerConfigKeys (ConfUtils.java:logGet(46)) - raft.server.log.unsafe-flush.enabled = false (default)
2022-10-18 06:31:34,599 [pool-680-thread-1] INFO  server.RaftServerConfigKeys (ConfUtils.java:logGet(46)) - raft.server.log.statemachine.data.caching.enabled = true (custom)
2022-10-18 06:31:34,599 [pool-680-thread-1] INFO  segmented.SegmentedRaftLogWorker (SegmentedRaftLogWorker.java:lambda$new$0(135)) - 2b76223f-58f9-4cd2-9f7f-000dbc1ba401@group-B827CF848CBE-SegmentedRaftLogWorker: flushIndex: setUnconditionally 0 -> -1
2022-10-18 06:31:34,599 [pool-680-thread-1] INFO  segmented.SegmentedRaftLogWorker (SegmentedRaftLogWorker.java:lambda$new$0(135)) - 2b76223f-58f9-4cd2-9f7f-000dbc1ba401@group-B827CF848CBE-SegmentedRaftLogWorker: safeCacheEvictIndex: setUnconditionally 0 -> -1
2022-10-18 06:31:34,599 [pool-680-thread-1] INFO  server.RaftServerConfigKeys (ConfUtils.java:logGet(46)) - raft.server.snapshot.auto.trigger.enabled = true (custom)
2022-10-18 06:31:34,599 [pool-680-thread-1] INFO  server.RaftServerConfigKeys (ConfUtils.java:logGet(46)) - raft.server.snapshot.auto.trigger.threshold = 10000 (custom)
2022-10-18 06:31:34,599 [pool-680-thread-1] INFO  server.RaftServerConfigKeys (ConfUtils.java:logGet(46)) - raft.server.snapshot.retention.file.num = 5 (custom)
2022-10-18 06:31:34,599 [pool-680-thread-1] INFO  server.RaftServerConfigKeys (ConfUtils.java:logGet(46)) - raft.server.log.purge.upto.snapshot.index = false (default)
2022-10-18 06:31:34,599 [pool-680-thread-1] INFO  server.RaftServerConfigKeys (ConfUtils.java:logGet(46)) - raft.server.retrycache.expirytime = 600000ms (custom)
2022-10-18 06:31:34,599 [pool-680-thread-1] INFO  server.RaftServerConfigKeys (ConfUtils.java:logGet(46)) - raft.server.retrycache.statistics.expirytime = 100μs (default)
2022-10-18 06:31:34,601 [EventQueue-OpenPipelineForHealthyPipelineSafeModeRule] INFO  safemode.SCMSafeModeManager (HealthyPipelineSafeModeRule.java:process(137)) - SCM in safe mode. Healthy pipelines reported count is 0, required healthy pipeline reported count is 1
2022-10-18 06:31:34,601 [pool-680-thread-1] INFO  server.RaftServerConfigKeys (ConfUtils.java:logGet(46)) - raft.server.log.appender.install.snapshot.enabled = false (custom)
2022-10-18 06:31:34,601 [pool-680-thread-1] INFO  server.RaftServerConfigKeys (ConfUtils.java:logGet(46)) - raft.server.threadpool.server.cached = true (default)
2022-10-18 06:31:34,601 [pool-680-thread-1] INFO  server.RaftServerConfigKeys (ConfUtils.java:logGet(46)) - raft.server.threadpool.server.size = 0 (default)
2022-10-18 06:31:34,602 [pool-680-thread-1] INFO  server.RaftServerConfigKeys (ConfUtils.java:logGet(46)) - raft.server.threadpool.client.cached = true (default)
2022-10-18 06:31:34,602 [pool-680-thread-1] INFO  server.RaftServerConfigKeys (ConfUtils.java:logGet(46)) - raft.server.threadpool.client.size = 0 (default)
2022-10-18 06:31:34,602 [pool-680-thread-1] INFO  server.RaftServer$Division (RaftServerImpl.java:start(310)) - 2b76223f-58f9-4cd2-9f7f-000dbc1ba401@group-B827CF848CBE: start as a follower, conf=-1: [2b76223f-58f9-4cd2-9f7f-000dbc1ba401|rpc:10.1.1.164:34831|priority:1], old=null
2022-10-18 06:31:34,602 [pool-680-thread-1] INFO  server.RaftServer$Division (RaftServerImpl.java:setRole(299)) - 2b76223f-58f9-4cd2-9f7f-000dbc1ba401@group-B827CF848CBE: changes role from      null to FOLLOWER at term 0 for startAsFollower
2022-10-18 06:31:34,602 [pool-680-thread-1] INFO  impl.RoleInfo (RoleInfo.java:updateAndGet(139)) - 2b76223f-58f9-4cd2-9f7f-000dbc1ba401: start 2b76223f-58f9-4cd2-9f7f-000dbc1ba401@group-B827CF848CBE-FollowerState
2022-10-18 06:31:34,602 [pool-680-thread-1] INFO  util.JmxRegister (JmxRegister.java:tryRegister(44)) - Successfully registered JMX Bean with object name Ratis:service=RaftServer,group=group-B827CF848CBE,id=2b76223f-58f9-4cd2-9f7f-000dbc1ba401
2022-10-18 06:31:34,603 [Command processor thread] INFO  ratis.XceiverServerRatis (XceiverServerRatis.java:addGroup(765)) - Created group PipelineID=0fdfac7f-1e21-472f-a62e-b827cf848cbe
2022-10-18 06:31:34,603 [Command processor thread] INFO  commandhandler.CreatePipelineCommandHandler (CreatePipelineCommandHandler.java:handle(113)) - Created Pipeline RATIS ONE PipelineID=0fdfac7f-1e21-472f-a62e-b827cf848cbe.
2022-10-18 06:31:34,603 [Command processor thread] INFO  server.RaftServer (RaftServerProxy.java:addNew(96)) - 2b76223f-58f9-4cd2-9f7f-000dbc1ba401: addNew group-E1A78069126F:[2b76223f-58f9-4cd2-9f7f-000dbc1ba401|rpc:10.1.1.164:34831|priority:0, 8f793f0f-c5f3-467b-8d0b-cdd09a0930a8|rpc:10.1.1.164:33639|priority:1, ad9bea1d-9774-4e82-9b2d-afdcccbaa8d7|rpc:10.1.1.164:33755|priority:0] returns group-E1A78069126F:java.util.concurrent.CompletableFuture@64c70891[Not completed]
2022-10-18 06:31:34,604 [pool-680-thread-1] INFO  server.RaftServer$Division (RaftServerImpl.java:<init>(190)) - 2b76223f-58f9-4cd2-9f7f-000dbc1ba401: new RaftServerImpl for group-E1A78069126F:[2b76223f-58f9-4cd2-9f7f-000dbc1ba401|rpc:10.1.1.164:34831|priority:0, 8f793f0f-c5f3-467b-8d0b-cdd09a0930a8|rpc:10.1.1.164:33639|priority:1, ad9bea1d-9774-4e82-9b2d-afdcccbaa8d7|rpc:10.1.1.164:33755|priority:0] with ContainerStateMachine:uninitialized
2022-10-18 06:31:34,604 [pool-680-thread-1] INFO  server.RaftServerConfigKeys (ConfUtils.java:logGet(46)) - raft.server.rpc.timeout.min = 5s (custom)
2022-10-18 06:31:34,604 [pool-680-thread-1] INFO  server.RaftServerConfigKeys (ConfUtils.java:logGet(46)) - raft.server.rpc.timeout.max = 5200ms (custom)
2022-10-18 06:31:34,604 [pool-680-thread-1] INFO  server.RaftServerConfigKeys (ConfUtils.java:logGet(46)) - raft.server.rpc.sleep.time = 25ms (default)
2022-10-18 06:31:34,604 [pool-680-thread-1] INFO  server.RaftServerConfigKeys (ConfUtils.java:logGet(46)) - raft.server.rpc.slowness.timeout = 300s (custom)
2022-10-18 06:31:34,604 [pool-680-thread-1] INFO  server.RaftServerConfigKeys (ConfUtils.java:logGet(46)) - raft.server.leaderelection.leader.step-down.wait-time = 10s (default)
2022-10-18 06:31:34,604 [pool-680-thread-1] INFO  server.RaftServerConfigKeys (ConfUtils.java:logGet(46)) - raft.server.sleep.deviation.threshold = 300ms (default)
2022-10-18 06:31:34,604 [pool-680-thread-1] INFO  server.RaftServer$Division (ServerState.java:<init>(107)) - 2b76223f-58f9-4cd2-9f7f-000dbc1ba401@group-E1A78069126F: ConfigurationManager, init=-1: [2b76223f-58f9-4cd2-9f7f-000dbc1ba401|rpc:10.1.1.164:34831|priority:0, 8f793f0f-c5f3-467b-8d0b-cdd09a0930a8|rpc:10.1.1.164:33639|priority:1, ad9bea1d-9774-4e82-9b2d-afdcccbaa8d7|rpc:10.1.1.164:33755|priority:0], old=null, confs=<EMPTY_MAP>
2022-10-18 06:31:34,604 [pool-680-thread-1] INFO  server.RaftServerConfigKeys (ConfUtils.java:logGet(46)) - raft.server.storage.dir = [/home/runner/work/ozone/ozone/hadoop-ozone/integration-test/target/test-dir/MiniOzoneClusterImpl-06b5c26c-5174-482c-8dea-daeaa88de3bb/datanode-0/data/ratis] (custom)
2022-10-18 06:31:34,604 [pool-680-thread-1] INFO  server.RaftServerConfigKeys (ConfUtils.java:logGet(46)) - raft.server.log.corruption.policy = EXCEPTION (default)
2022-10-18 06:31:34,604 [pool-680-thread-1] INFO  server.RaftServerConfigKeys (ConfUtils.java:logGet(46)) - raft.server.storage.free-space.min = 0MB (=0) (default)
2022-10-18 06:31:34,604 [pool-680-thread-1] INFO  storage.RaftStorageDirectory (RaftStorageDirectoryImpl.java:analyzeStorage(135)) - The storage directory /home/runner/work/ozone/ozone/hadoop-ozone/integration-test/target/test-dir/MiniOzoneClusterImpl-06b5c26c-5174-482c-8dea-daeaa88de3bb/datanode-0/data/ratis/e3909457-a16f-4aeb-bd5e-e1a78069126f does not exist. Creating ...
2022-10-18 06:31:34,607 [pool-680-thread-1] INFO  storage.RaftStorageDirectory (RaftStorageDirectoryImpl.java:tryLock(230)) - Lock on /home/runner/work/ozone/ozone/hadoop-ozone/integration-test/target/test-dir/MiniOzoneClusterImpl-06b5c26c-5174-482c-8dea-daeaa88de3bb/datanode-0/data/ratis/e3909457-a16f-4aeb-bd5e-e1a78069126f/in_use.lock acquired by nodename 30337@fv-az241-838
2022-10-18 06:31:34,608 [pool-680-thread-1] INFO  storage.RaftStorage (RaftStorageImpl.java:format(89)) - Storage directory /home/runner/work/ozone/ozone/hadoop-ozone/integration-test/target/test-dir/MiniOzoneClusterImpl-06b5c26c-5174-482c-8dea-daeaa88de3bb/datanode-0/data/ratis/e3909457-a16f-4aeb-bd5e-e1a78069126f has been successfully formatted.
2022-10-18 06:31:34,611 [EventQueue-OpenPipelineForHealthyPipelineSafeModeRule] INFO  safemode.SCMSafeModeManager (HealthyPipelineSafeModeRule.java:process(137)) - SCM in safe mode. Healthy pipelines reported count is 0, required healthy pipeline reported count is 1
2022-10-18 06:31:34,611 [pool-680-thread-1] INFO  ratis.ContainerStateMachine (ContainerStateMachine.java:loadSnapshot(236)) - group-E1A78069126F: The snapshot info is null. Setting the last applied indexto:(t:0, i:~)
2022-10-18 06:31:34,611 [pool-680-thread-1] INFO  server.RaftServerConfigKeys (ConfUtils.java:logGet(46)) - raft.server.notification.no-leader.timeout = 300s (custom)
2022-10-18 06:31:34,611 [pool-680-thread-1] INFO  server.RaftServerConfigKeys (ConfUtils.java:logGet(46)) - raft.server.log.use.memory = false (default)
2022-10-18 06:31:34,611 [pool-680-thread-1] INFO  server.RaftServerConfigKeys (ConfUtils.java:logGet(46)) - raft.server.log.purge.gap = 1000000 (custom)
2022-10-18 06:31:34,611 [pool-680-thread-1] INFO  server.RaftServerConfigKeys (ConfUtils.java:logGet(46)) - raft.server.log.appender.buffer.byte-limit = 33554432 (custom)
2022-10-18 06:31:34,611 [pool-680-thread-1] INFO  server.RaftServerConfigKeys (ConfUtils.java:logGet(46)) - raft.server.log.statemachine.data.read.timeout = 1000ms (default)
2022-10-18 06:31:34,612 [pool-680-thread-1] INFO  server.RaftServerConfigKeys (ConfUtils.java:logGet(46)) - raft.server.log.segment.size.max = 1048576 (custom)
2022-10-18 06:31:34,612 [pool-680-thread-1] INFO  server.RaftServerConfigKeys (ConfUtils.java:logGet(46)) - raft.server.log.segment.cache.num.max = 2 (custom)
2022-10-18 06:31:34,612 [pool-680-thread-1] INFO  server.RaftServerConfigKeys (ConfUtils.java:logGet(46)) - raft.server.log.segment.cache.size.max = 200MB (=209715200) (default)
2022-10-18 06:31:34,612 [pool-680-thread-1] INFO  segmented.SegmentedRaftLogWorker (SegmentedRaftLogWorker.java:<init>(187)) - new 2b76223f-58f9-4cd2-9f7f-000dbc1ba401@group-E1A78069126F-SegmentedRaftLogWorker for RaftStorageImpl:Storage Directory /home/runner/work/ozone/ozone/hadoop-ozone/integration-test/target/test-dir/MiniOzoneClusterImpl-06b5c26c-5174-482c-8dea-daeaa88de3bb/datanode-0/data/ratis/e3909457-a16f-4aeb-bd5e-e1a78069126f
2022-10-18 06:31:34,612 [pool-680-thread-1] INFO  server.RaftServerConfigKeys (ConfUtils.java:logGet(46)) - raft.server.log.queue.byte-limit = 4294967296 (custom)
2022-10-18 06:31:34,612 [pool-680-thread-1] INFO  server.RaftServerConfigKeys (ConfUtils.java:logGet(46)) - raft.server.log.queue.element-limit = 1024 (custom)
2022-10-18 06:31:34,612 [pool-680-thread-1] INFO  server.RaftServerConfigKeys (ConfUtils.java:logGet(46)) - raft.server.log.segment.size.max = 1048576 (custom)
2022-10-18 06:31:34,612 [pool-680-thread-1] INFO  server.RaftServerConfigKeys (ConfUtils.java:logGet(46)) - raft.server.log.preallocated.size = 16384 (custom)
2022-10-18 06:31:34,612 [pool-680-thread-1] INFO  server.RaftServerConfigKeys (ConfUtils.java:logGet(46)) - raft.server.log.force.sync.num = 128 (default)
2022-10-18 06:31:34,612 [pool-680-thread-1] INFO  server.RaftServerConfigKeys (ConfUtils.java:logGet(46)) - raft.server.log.statemachine.data.sync = true (default)
2022-10-18 06:31:34,612 [pool-680-thread-1] INFO  server.RaftServerConfigKeys (ConfUtils.java:logGet(46)) - raft.server.log.statemachine.data.sync.timeout = 10s (default)
2022-10-18 06:31:34,612 [pool-680-thread-1] INFO  server.RaftServerConfigKeys (ConfUtils.java:logGet(46)) - raft.server.log.statemachine.data.sync.timeout.retry = -1 (default)
2022-10-18 06:31:34,613 [pool-680-thread-1] INFO  server.RaftServerConfigKeys (ConfUtils.java:logGet(46)) - raft.server.log.write.buffer.size = 1048576 (custom)
2022-10-18 06:31:34,614 [pool-680-thread-1] INFO  server.RaftServerConfigKeys (ConfUtils.java:logGet(46)) - raft.server.log.unsafe-flush.enabled = false (default)
2022-10-18 06:31:34,614 [pool-680-thread-1] INFO  server.RaftServerConfigKeys (ConfUtils.java:logGet(46)) - raft.server.log.statemachine.data.caching.enabled = true (custom)
2022-10-18 06:31:34,614 [pool-680-thread-1] INFO  segmented.SegmentedRaftLogWorker (SegmentedRaftLogWorker.java:lambda$new$0(135)) - 2b76223f-58f9-4cd2-9f7f-000dbc1ba401@group-E1A78069126F-SegmentedRaftLogWorker: flushIndex: setUnconditionally 0 -> -1
2022-10-18 06:31:34,614 [pool-680-thread-1] INFO  segmented.SegmentedRaftLogWorker (SegmentedRaftLogWorker.java:lambda$new$0(135)) - 2b76223f-58f9-4cd2-9f7f-000dbc1ba401@group-E1A78069126F-SegmentedRaftLogWorker: safeCacheEvictIndex: setUnconditionally 0 -> -1
2022-10-18 06:31:34,618 [pool-680-thread-1] INFO  server.RaftServerConfigKeys (ConfUtils.java:logGet(46)) - raft.server.snapshot.auto.trigger.enabled = true (custom)
2022-10-18 06:31:34,618 [pool-680-thread-1] INFO  server.RaftServerConfigKeys (ConfUtils.java:logGet(46)) - raft.server.snapshot.auto.trigger.threshold = 10000 (custom)
2022-10-18 06:31:34,618 [pool-680-thread-1] INFO  server.RaftServerConfigKeys (ConfUtils.java:logGet(46)) - raft.server.snapshot.retention.file.num = 5 (custom)
2022-10-18 06:31:34,618 [pool-680-thread-1] INFO  server.RaftServerConfigKeys (ConfUtils.java:logGet(46)) - raft.server.log.purge.upto.snapshot.index = false (default)
2022-10-18 06:31:34,618 [pool-680-thread-1] INFO  server.RaftServerConfigKeys (ConfUtils.java:logGet(46)) - raft.server.retrycache.expirytime = 600000ms (custom)
2022-10-18 06:31:34,619 [pool-680-thread-1] INFO  server.RaftServerConfigKeys (ConfUtils.java:logGet(46)) - raft.server.retrycache.statistics.expirytime = 100μs (default)
2022-10-18 06:31:34,620 [pool-680-thread-1] INFO  server.RaftServerConfigKeys (ConfUtils.java:logGet(46)) - raft.server.log.appender.install.snapshot.enabled = false (custom)
2022-10-18 06:31:34,620 [pool-680-thread-1] INFO  server.RaftServerConfigKeys (ConfUtils.java:logGet(46)) - raft.server.threadpool.server.cached = true (default)
2022-10-18 06:31:34,620 [pool-680-thread-1] INFO  server.RaftServerConfigKeys (ConfUtils.java:logGet(46)) - raft.server.threadpool.server.size = 0 (default)
2022-10-18 06:31:34,620 [pool-680-thread-1] INFO  server.RaftServerConfigKeys (ConfUtils.java:logGet(46)) - raft.server.threadpool.client.cached = true (default)
2022-10-18 06:31:34,620 [pool-680-thread-1] INFO  server.RaftServerConfigKeys (ConfUtils.java:logGet(46)) - raft.server.threadpool.client.size = 0 (default)
2022-10-18 06:31:34,620 [pool-680-thread-1] INFO  server.RaftServer$Division (RaftServerImpl.java:start(310)) - 2b76223f-58f9-4cd2-9f7f-000dbc1ba401@group-E1A78069126F: start as a follower, conf=-1: [2b76223f-58f9-4cd2-9f7f-000dbc1ba401|rpc:10.1.1.164:34831|priority:0, 8f793f0f-c5f3-467b-8d0b-cdd09a0930a8|rpc:10.1.1.164:33639|priority:1, ad9bea1d-9774-4e82-9b2d-afdcccbaa8d7|rpc:10.1.1.164:33755|priority:0], old=null
2022-10-18 06:31:34,620 [pool-680-thread-1] INFO  server.RaftServer$Division (RaftServerImpl.java:setRole(299)) - 2b76223f-58f9-4cd2-9f7f-000dbc1ba401@group-E1A78069126F: changes role from      null to FOLLOWER at term 0 for startAsFollower
2022-10-18 06:31:34,620 [pool-680-thread-1] INFO  impl.RoleInfo (RoleInfo.java:updateAndGet(139)) - 2b76223f-58f9-4cd2-9f7f-000dbc1ba401: start 2b76223f-58f9-4cd2-9f7f-000dbc1ba401@group-E1A78069126F-FollowerState
2022-10-18 06:31:34,624 [pool-680-thread-1] INFO  util.JmxRegister (JmxRegister.java:tryRegister(44)) - Successfully registered JMX Bean with object name Ratis:service=RaftServer,group=group-E1A78069126F,id=2b76223f-58f9-4cd2-9f7f-000dbc1ba401
2022-10-18 06:31:34,625 [Command processor thread] INFO  ratis.XceiverServerRatis (XceiverServerRatis.java:addGroup(765)) - Created group PipelineID=e3909457-a16f-4aeb-bd5e-e1a78069126f
2022-10-18 06:31:34,632 [grpc-default-executor-2] INFO  server.RaftServer (RaftServerProxy.java:addNew(96)) - ad9bea1d-9774-4e82-9b2d-afdcccbaa8d7: addNew group-E1A78069126F:[2b76223f-58f9-4cd2-9f7f-000dbc1ba401|rpc:10.1.1.164:34831|dataStream:|priority:0, 8f793f0f-c5f3-467b-8d0b-cdd09a0930a8|rpc:10.1.1.164:33639|dataStream:|priority:1, ad9bea1d-9774-4e82-9b2d-afdcccbaa8d7|rpc:10.1.1.164:33755|dataStream:|priority:0] returns group-E1A78069126F:java.util.concurrent.CompletableFuture@48c910d[Not completed]
2022-10-18 06:31:34,632 [EndpointStateMachine task thread for /0.0.0.0:34663 - 0 ] INFO  ipc.Client (Client.java:handleConnectionFailure(1010)) - Retrying connect to server: 0.0.0.0/0.0.0.0:34663. Already tried 13 time(s); retry policy is RetryUpToMaximumCountWithFixedSleep(maxRetries=15, sleepTime=1000 MILLISECONDS)
2022-10-18 06:31:34,633 [pool-726-thread-1] INFO  server.RaftServer$Division (RaftServerImpl.java:<init>(190)) - ad9bea1d-9774-4e82-9b2d-afdcccbaa8d7: new RaftServerImpl for group-E1A78069126F:[2b76223f-58f9-4cd2-9f7f-000dbc1ba401|rpc:10.1.1.164:34831|dataStream:|priority:0, 8f793f0f-c5f3-467b-8d0b-cdd09a0930a8|rpc:10.1.1.164:33639|dataStream:|priority:1, ad9bea1d-9774-4e82-9b2d-afdcccbaa8d7|rpc:10.1.1.164:33755|dataStream:|priority:0] with ContainerStateMachine:uninitialized
2022-10-18 06:31:34,633 [pool-726-thread-1] INFO  server.RaftServerConfigKeys (ConfUtils.java:logGet(46)) - raft.server.rpc.timeout.min = 5s (custom)
2022-10-18 06:31:34,633 [pool-726-thread-1] INFO  server.RaftServerConfigKeys (ConfUtils.java:logGet(46)) - raft.server.rpc.timeout.max = 5200ms (custom)
2022-10-18 06:31:34,633 [pool-726-thread-1] INFO  server.RaftServerConfigKeys (ConfUtils.java:logGet(46)) - raft.server.rpc.sleep.time = 25ms (default)
2022-10-18 06:31:34,633 [pool-726-thread-1] INFO  server.RaftServerConfigKeys (ConfUtils.java:logGet(46)) - raft.server.rpc.slowness.timeout = 300s (custom)
2022-10-18 06:31:34,633 [pool-726-thread-1] INFO  server.RaftServerConfigKeys (ConfUtils.java:logGet(46)) - raft.server.leaderelection.leader.step-down.wait-time = 10s (default)
2022-10-18 06:31:34,633 [pool-726-thread-1] INFO  server.RaftServerConfigKeys (ConfUtils.java:logGet(46)) - raft.server.sleep.deviation.threshold = 300ms (default)
2022-10-18 06:31:34,633 [pool-726-thread-1] INFO  server.RaftServer$Division (ServerState.java:<init>(107)) - ad9bea1d-9774-4e82-9b2d-afdcccbaa8d7@group-E1A78069126F: ConfigurationManager, init=-1: [2b76223f-58f9-4cd2-9f7f-000dbc1ba401|rpc:10.1.1.164:34831|dataStream:|priority:0, 8f793f0f-c5f3-467b-8d0b-cdd09a0930a8|rpc:10.1.1.164:33639|dataStream:|priority:1, ad9bea1d-9774-4e82-9b2d-afdcccbaa8d7|rpc:10.1.1.164:33755|dataStream:|priority:0], old=null, confs=<EMPTY_MAP>
2022-10-18 06:31:34,633 [pool-726-thread-1] INFO  server.RaftServerConfigKeys (ConfUtils.java:logGet(46)) - raft.server.storage.dir = [/home/runner/work/ozone/ozone/hadoop-ozone/integration-test/target/test-dir/MiniOzoneClusterImpl-06b5c26c-5174-482c-8dea-daeaa88de3bb/datanode-2/data/ratis] (custom)
2022-10-18 06:31:34,633 [pool-726-thread-1] INFO  server.RaftServerConfigKeys (ConfUtils.java:logGet(46)) - raft.server.log.corruption.policy = EXCEPTION (default)
2022-10-18 06:31:34,633 [pool-726-thread-1] INFO  server.RaftServerConfigKeys (ConfUtils.java:logGet(46)) - raft.server.storage.free-space.min = 0MB (=0) (default)
2022-10-18 06:31:34,633 [pool-726-thread-1] INFO  storage.RaftStorageDirectory (RaftStorageDirectoryImpl.java:analyzeStorage(135)) - The storage directory /home/runner/work/ozone/ozone/hadoop-ozone/integration-test/target/test-dir/MiniOzoneClusterImpl-06b5c26c-5174-482c-8dea-daeaa88de3bb/datanode-2/data/ratis/e3909457-a16f-4aeb-bd5e-e1a78069126f does not exist. Creating ...
2022-10-18 06:31:34,634 [pool-726-thread-1] INFO  storage.RaftStorageDirectory (RaftStorageDirectoryImpl.java:tryLock(230)) - Lock on /home/runner/work/ozone/ozone/hadoop-ozone/integration-test/target/test-dir/MiniOzoneClusterImpl-06b5c26c-5174-482c-8dea-daeaa88de3bb/datanode-2/data/ratis/e3909457-a16f-4aeb-bd5e-e1a78069126f/in_use.lock acquired by nodename 30337@fv-az241-838
2022-10-18 06:31:34,636 [pool-726-thread-1] INFO  storage.RaftStorage (RaftStorageImpl.java:format(89)) - Storage directory /home/runner/work/ozone/ozone/hadoop-ozone/integration-test/target/test-dir/MiniOzoneClusterImpl-06b5c26c-5174-482c-8dea-daeaa88de3bb/datanode-2/data/ratis/e3909457-a16f-4aeb-bd5e-e1a78069126f has been successfully formatted.
2022-10-18 06:31:34,637 [pool-726-thread-1] INFO  ratis.ContainerStateMachine (ContainerStateMachine.java:loadSnapshot(236)) - group-E1A78069126F: The snapshot info is null. Setting the last applied indexto:(t:0, i:~)
2022-10-18 06:31:34,637 [pool-726-thread-1] INFO  server.RaftServerConfigKeys (ConfUtils.java:logGet(46)) - raft.server.notification.no-leader.timeout = 300s (custom)
2022-10-18 06:31:34,637 [pool-726-thread-1] INFO  server.RaftServerConfigKeys (ConfUtils.java:logGet(46)) - raft.server.log.use.memory = false (default)
2022-10-18 06:31:34,637 [pool-726-thread-1] INFO  server.RaftServerConfigKeys (ConfUtils.java:logGet(46)) - raft.server.log.purge.gap = 1000000 (custom)
2022-10-18 06:31:34,637 [pool-726-thread-1] INFO  server.RaftServerConfigKeys (ConfUtils.java:logGet(46)) - raft.server.log.appender.buffer.byte-limit = 33554432 (custom)
2022-10-18 06:31:34,637 [pool-726-thread-1] INFO  server.RaftServerConfigKeys (ConfUtils.java:logGet(46)) - raft.server.log.statemachine.data.read.timeout = 1000ms (default)
2022-10-18 06:31:34,638 [pool-726-thread-1] INFO  server.RaftServerConfigKeys (ConfUtils.java:logGet(46)) - raft.server.log.segment.size.max = 1048576 (custom)
2022-10-18 06:31:34,638 [pool-726-thread-1] INFO  server.RaftServerConfigKeys (ConfUtils.java:logGet(46)) - raft.server.log.segment.cache.num.max = 2 (custom)
2022-10-18 06:31:34,638 [pool-726-thread-1] INFO  server.RaftServerConfigKeys (ConfUtils.java:logGet(46)) - raft.server.log.segment.cache.size.max = 200MB (=209715200) (default)
2022-10-18 06:31:34,638 [pool-726-thread-1] INFO  segmented.SegmentedRaftLogWorker (SegmentedRaftLogWorker.java:<init>(187)) - new ad9bea1d-9774-4e82-9b2d-afdcccbaa8d7@group-E1A78069126F-SegmentedRaftLogWorker for RaftStorageImpl:Storage Directory /home/runner/work/ozone/ozone/hadoop-ozone/integration-test/target/test-dir/MiniOzoneClusterImpl-06b5c26c-5174-482c-8dea-daeaa88de3bb/datanode-2/data/ratis/e3909457-a16f-4aeb-bd5e-e1a78069126f
2022-10-18 06:31:34,638 [pool-726-thread-1] INFO  server.RaftServerConfigKeys (ConfUtils.java:logGet(46)) - raft.server.log.queue.byte-limit = 4294967296 (custom)
2022-10-18 06:31:34,638 [pool-726-thread-1] INFO  server.RaftServerConfigKeys (ConfUtils.java:logGet(46)) - raft.server.log.queue.element-limit = 1024 (custom)
2022-10-18 06:31:34,638 [pool-726-thread-1] INFO  server.RaftServerConfigKeys (ConfUtils.java:logGet(46)) - raft.server.log.segment.size.max = 1048576 (custom)
2022-10-18 06:31:34,638 [pool-726-thread-1] INFO  server.RaftServerConfigKeys (ConfUtils.java:logGet(46)) - raft.server.log.preallocated.size = 16384 (custom)
2022-10-18 06:31:34,639 [pool-726-thread-1] INFO  server.RaftServerConfigKeys (ConfUtils.java:logGet(46)) - raft.server.log.force.sync.num = 128 (default)
2022-10-18 06:31:34,639 [pool-726-thread-1] INFO  server.RaftServerConfigKeys (ConfUtils.java:logGet(46)) - raft.server.log.statemachine.data.sync = true (default)
2022-10-18 06:31:34,639 [pool-726-thread-1] INFO  server.RaftServerConfigKeys (ConfUtils.java:logGet(46)) - raft.server.log.statemachine.data.sync.timeout = 10s (default)
2022-10-18 06:31:34,639 [pool-726-thread-1] INFO  server.RaftServerConfigKeys (ConfUtils.java:logGet(46)) - raft.server.log.statemachine.data.sync.timeout.retry = -1 (default)
2022-10-18 06:31:34,640 [pool-726-thread-1] INFO  server.RaftServerConfigKeys (ConfUtils.java:logGet(46)) - raft.server.log.write.buffer.size = 1048576 (custom)
2022-10-18 06:31:34,640 [pool-726-thread-1] INFO  server.RaftServerConfigKeys (ConfUtils.java:logGet(46)) - raft.server.log.unsafe-flush.enabled = false (default)
2022-10-18 06:31:34,640 [pool-726-thread-1] INFO  server.RaftServerConfigKeys (ConfUtils.java:logGet(46)) - raft.server.log.statemachine.data.caching.enabled = true (custom)
2022-10-18 06:31:34,640 [pool-726-thread-1] INFO  segmented.SegmentedRaftLogWorker (SegmentedRaftLogWorker.java:lambda$new$0(135)) - ad9bea1d-9774-4e82-9b2d-afdcccbaa8d7@group-E1A78069126F-SegmentedRaftLogWorker: flushIndex: setUnconditionally 0 -> -1
2022-10-18 06:31:34,640 [pool-726-thread-1] INFO  segmented.SegmentedRaftLogWorker (SegmentedRaftLogWorker.java:lambda$new$0(135)) - ad9bea1d-9774-4e82-9b2d-afdcccbaa8d7@group-E1A78069126F-SegmentedRaftLogWorker: safeCacheEvictIndex: setUnconditionally 0 -> -1
2022-10-18 06:31:34,641 [pool-726-thread-1] INFO  server.RaftServerConfigKeys (ConfUtils.java:logGet(46)) - raft.server.snapshot.auto.trigger.enabled = true (custom)
2022-10-18 06:31:34,641 [pool-726-thread-1] INFO  server.RaftServerConfigKeys (ConfUtils.java:logGet(46)) - raft.server.snapshot.auto.trigger.threshold = 10000 (custom)
2022-10-18 06:31:34,641 [pool-726-thread-1] INFO  server.RaftServerConfigKeys (ConfUtils.java:logGet(46)) - raft.server.snapshot.retention.file.num = 5 (custom)
2022-10-18 06:31:34,641 [pool-726-thread-1] INFO  server.RaftServerConfigKeys (ConfUtils.java:logGet(46)) - raft.server.log.purge.upto.snapshot.index = false (default)
2022-10-18 06:31:34,641 [pool-726-thread-1] INFO  server.RaftServerConfigKeys (ConfUtils.java:logGet(46)) - raft.server.retrycache.expirytime = 600000ms (custom)
2022-10-18 06:31:34,641 [pool-726-thread-1] INFO  server.RaftServerConfigKeys (ConfUtils.java:logGet(46)) - raft.server.retrycache.statistics.expirytime = 100μs (default)
2022-10-18 06:31:34,642 [pool-726-thread-1] INFO  server.RaftServerConfigKeys (ConfUtils.java:logGet(46)) - raft.server.log.appender.install.snapshot.enabled = false (custom)
2022-10-18 06:31:34,642 [pool-726-thread-1] INFO  server.RaftServerConfigKeys (ConfUtils.java:logGet(46)) - raft.server.threadpool.server.cached = true (default)
2022-10-18 06:31:34,642 [pool-726-thread-1] INFO  server.RaftServerConfigKeys (ConfUtils.java:logGet(46)) - raft.server.threadpool.server.size = 0 (default)
2022-10-18 06:31:34,642 [pool-726-thread-1] INFO  server.RaftServerConfigKeys (ConfUtils.java:logGet(46)) - raft.server.threadpool.client.cached = true (default)
2022-10-18 06:31:34,642 [pool-726-thread-1] INFO  server.RaftServerConfigKeys (ConfUtils.java:logGet(46)) - raft.server.threadpool.client.size = 0 (default)
2022-10-18 06:31:34,642 [pool-726-thread-1] INFO  server.RaftServer$Division (RaftServerImpl.java:start(310)) - ad9bea1d-9774-4e82-9b2d-afdcccbaa8d7@group-E1A78069126F: start as a follower, conf=-1: [2b76223f-58f9-4cd2-9f7f-000dbc1ba401|rpc:10.1.1.164:34831|dataStream:|priority:0, 8f793f0f-c5f3-467b-8d0b-cdd09a0930a8|rpc:10.1.1.164:33639|dataStream:|priority:1, ad9bea1d-9774-4e82-9b2d-afdcccbaa8d7|rpc:10.1.1.164:33755|dataStream:|priority:0], old=null
2022-10-18 06:31:34,642 [pool-726-thread-1] INFO  server.RaftServer$Division (RaftServerImpl.java:setRole(299)) - ad9bea1d-9774-4e82-9b2d-afdcccbaa8d7@group-E1A78069126F: changes role from      null to FOLLOWER at term 0 for startAsFollower
2022-10-18 06:31:34,643 [pool-726-thread-1] INFO  impl.RoleInfo (RoleInfo.java:updateAndGet(139)) - ad9bea1d-9774-4e82-9b2d-afdcccbaa8d7: start ad9bea1d-9774-4e82-9b2d-afdcccbaa8d7@group-E1A78069126F-FollowerState
2022-10-18 06:31:34,643 [pool-726-thread-1] INFO  util.JmxRegister (JmxRegister.java:tryRegister(44)) - Successfully registered JMX Bean with object name Ratis:service=RaftServer,group=group-E1A78069126F,id=ad9bea1d-9774-4e82-9b2d-afdcccbaa8d7
2022-10-18 06:31:34,657 [grpc-default-executor-2] INFO  server.RaftServer (RaftServerProxy.java:addNew(96)) - 8f793f0f-c5f3-467b-8d0b-cdd09a0930a8: addNew group-E1A78069126F:[2b76223f-58f9-4cd2-9f7f-000dbc1ba401|rpc:10.1.1.164:34831|dataStream:|priority:0, 8f793f0f-c5f3-467b-8d0b-cdd09a0930a8|rpc:10.1.1.164:33639|dataStream:|priority:1, ad9bea1d-9774-4e82-9b2d-afdcccbaa8d7|rpc:10.1.1.164:33755|dataStream:|priority:0] returns group-E1A78069126F:java.util.concurrent.CompletableFuture@5eda9f1a[Not completed]
2022-10-18 06:31:34,659 [pool-703-thread-1] INFO  server.RaftServer$Division (RaftServerImpl.java:<init>(190)) - 8f793f0f-c5f3-467b-8d0b-cdd09a0930a8: new RaftServerImpl for group-E1A78069126F:[2b76223f-58f9-4cd2-9f7f-000dbc1ba401|rpc:10.1.1.164:34831|dataStream:|priority:0, 8f793f0f-c5f3-467b-8d0b-cdd09a0930a8|rpc:10.1.1.164:33639|dataStream:|priority:1, ad9bea1d-9774-4e82-9b2d-afdcccbaa8d7|rpc:10.1.1.164:33755|dataStream:|priority:0] with ContainerStateMachine:uninitialized
2022-10-18 06:31:34,659 [pool-703-thread-1] INFO  server.RaftServerConfigKeys (ConfUtils.java:logGet(46)) - raft.server.rpc.timeout.min = 5s (custom)
2022-10-18 06:31:34,659 [pool-703-thread-1] INFO  server.RaftServerConfigKeys (ConfUtils.java:logGet(46)) - raft.server.rpc.timeout.max = 5200ms (custom)
2022-10-18 06:31:34,660 [pool-703-thread-1] INFO  server.RaftServerConfigKeys (ConfUtils.java:logGet(46)) - raft.server.rpc.sleep.time = 25ms (default)
2022-10-18 06:31:34,660 [pool-703-thread-1] INFO  server.RaftServerConfigKeys (ConfUtils.java:logGet(46)) - raft.server.rpc.slowness.timeout = 300s (custom)
2022-10-18 06:31:34,660 [pool-703-thread-1] INFO  server.RaftServerConfigKeys (ConfUtils.java:logGet(46)) - raft.server.leaderelection.leader.step-down.wait-time = 10s (default)
2022-10-18 06:31:34,660 [pool-703-thread-1] INFO  server.RaftServerConfigKeys (ConfUtils.java:logGet(46)) - raft.server.sleep.deviation.threshold = 300ms (default)
2022-10-18 06:31:34,660 [pool-703-thread-1] INFO  server.RaftServer$Division (ServerState.java:<init>(107)) - 8f793f0f-c5f3-467b-8d0b-cdd09a0930a8@group-E1A78069126F: ConfigurationManager, init=-1: [2b76223f-58f9-4cd2-9f7f-000dbc1ba401|rpc:10.1.1.164:34831|dataStream:|priority:0, 8f793f0f-c5f3-467b-8d0b-cdd09a0930a8|rpc:10.1.1.164:33639|dataStream:|priority:1, ad9bea1d-9774-4e82-9b2d-afdcccbaa8d7|rpc:10.1.1.164:33755|dataStream:|priority:0], old=null, confs=<EMPTY_MAP>
2022-10-18 06:31:34,660 [pool-703-thread-1] INFO  server.RaftServerConfigKeys (ConfUtils.java:logGet(46)) - raft.server.storage.dir = [/home/runner/work/ozone/ozone/hadoop-ozone/integration-test/target/test-dir/MiniOzoneClusterImpl-06b5c26c-5174-482c-8dea-daeaa88de3bb/datanode-1/data/ratis] (custom)
2022-10-18 06:31:34,660 [pool-703-thread-1] INFO  server.RaftServerConfigKeys (ConfUtils.java:logGet(46)) - raft.server.log.corruption.policy = EXCEPTION (default)
2022-10-18 06:31:34,660 [pool-703-thread-1] INFO  server.RaftServerConfigKeys (ConfUtils.java:logGet(46)) - raft.server.storage.free-space.min = 0MB (=0) (default)
2022-10-18 06:31:34,660 [pool-703-thread-1] INFO  storage.RaftStorageDirectory (RaftStorageDirectoryImpl.java:analyzeStorage(135)) - The storage directory /home/runner/work/ozone/ozone/hadoop-ozone/integration-test/target/test-dir/MiniOzoneClusterImpl-06b5c26c-5174-482c-8dea-daeaa88de3bb/datanode-1/data/ratis/e3909457-a16f-4aeb-bd5e-e1a78069126f does not exist. Creating ...
2022-10-18 06:31:34,661 [pool-703-thread-1] INFO  storage.RaftStorageDirectory (RaftStorageDirectoryImpl.java:tryLock(230)) - Lock on /home/runner/work/ozone/ozone/hadoop-ozone/integration-test/target/test-dir/MiniOzoneClusterImpl-06b5c26c-5174-482c-8dea-daeaa88de3bb/datanode-1/data/ratis/e3909457-a16f-4aeb-bd5e-e1a78069126f/in_use.lock acquired by nodename 30337@fv-az241-838
2022-10-18 06:31:34,662 [pool-703-thread-1] INFO  storage.RaftStorage (RaftStorageImpl.java:format(89)) - Storage directory /home/runner/work/ozone/ozone/hadoop-ozone/integration-test/target/test-dir/MiniOzoneClusterImpl-06b5c26c-5174-482c-8dea-daeaa88de3bb/datanode-1/data/ratis/e3909457-a16f-4aeb-bd5e-e1a78069126f has been successfully formatted.
2022-10-18 06:31:34,662 [pool-703-thread-1] INFO  ratis.ContainerStateMachine (ContainerStateMachine.java:loadSnapshot(236)) - group-E1A78069126F: The snapshot info is null. Setting the last applied indexto:(t:0, i:~)
2022-10-18 06:31:34,663 [pool-703-thread-1] INFO  server.RaftServerConfigKeys (ConfUtils.java:logGet(46)) - raft.server.notification.no-leader.timeout = 300s (custom)
2022-10-18 06:31:34,663 [pool-703-thread-1] INFO  server.RaftServerConfigKeys (ConfUtils.java:logGet(46)) - raft.server.log.use.memory = false (default)
2022-10-18 06:31:34,663 [pool-703-thread-1] INFO  server.RaftServerConfigKeys (ConfUtils.java:logGet(46)) - raft.server.log.purge.gap = 1000000 (custom)
2022-10-18 06:31:34,663 [pool-703-thread-1] INFO  server.RaftServerConfigKeys (ConfUtils.java:logGet(46)) - raft.server.log.appender.buffer.byte-limit = 33554432 (custom)
2022-10-18 06:31:34,663 [pool-703-thread-1] INFO  server.RaftServerConfigKeys (ConfUtils.java:logGet(46)) - raft.server.log.statemachine.data.read.timeout = 1000ms (default)
2022-10-18 06:31:34,663 [pool-703-thread-1] INFO  server.RaftServerConfigKeys (ConfUtils.java:logGet(46)) - raft.server.log.segment.size.max = 1048576 (custom)
2022-10-18 06:31:34,664 [pool-703-thread-1] INFO  server.RaftServerConfigKeys (ConfUtils.java:logGet(46)) - raft.server.log.segment.cache.num.max = 2 (custom)
2022-10-18 06:31:34,664 [pool-703-thread-1] INFO  server.RaftServerConfigKeys (ConfUtils.java:logGet(46)) - raft.server.log.segment.cache.size.max = 200MB (=209715200) (default)
2022-10-18 06:31:34,664 [pool-703-thread-1] INFO  segmented.SegmentedRaftLogWorker (SegmentedRaftLogWorker.java:<init>(187)) - new 8f793f0f-c5f3-467b-8d0b-cdd09a0930a8@group-E1A78069126F-SegmentedRaftLogWorker for RaftStorageImpl:Storage Directory /home/runner/work/ozone/ozone/hadoop-ozone/integration-test/target/test-dir/MiniOzoneClusterImpl-06b5c26c-5174-482c-8dea-daeaa88de3bb/datanode-1/data/ratis/e3909457-a16f-4aeb-bd5e-e1a78069126f
2022-10-18 06:31:34,664 [pool-703-thread-1] INFO  server.RaftServerConfigKeys (ConfUtils.java:logGet(46)) - raft.server.log.queue.byte-limit = 4294967296 (custom)
2022-10-18 06:31:34,664 [pool-703-thread-1] INFO  server.RaftServerConfigKeys (ConfUtils.java:logGet(46)) - raft.server.log.queue.element-limit = 1024 (custom)
2022-10-18 06:31:34,664 [pool-703-thread-1] INFO  server.RaftServerConfigKeys (ConfUtils.java:logGet(46)) - raft.server.log.segment.size.max = 1048576 (custom)
2022-10-18 06:31:34,664 [pool-703-thread-1] INFO  server.RaftServerConfigKeys (ConfUtils.java:logGet(46)) - raft.server.log.preallocated.size = 16384 (custom)
2022-10-18 06:31:34,664 [pool-703-thread-1] INFO  server.RaftServerConfigKeys (ConfUtils.java:logGet(46)) - raft.server.log.force.sync.num = 128 (default)
2022-10-18 06:31:34,664 [pool-703-thread-1] INFO  server.RaftServerConfigKeys (ConfUtils.java:logGet(46)) - raft.server.log.statemachine.data.sync = true (default)
2022-10-18 06:31:34,664 [pool-703-thread-1] INFO  server.RaftServerConfigKeys (ConfUtils.java:logGet(46)) - raft.server.log.statemachine.data.sync.timeout = 10s (default)
2022-10-18 06:31:34,664 [pool-703-thread-1] INFO  server.RaftServerConfigKeys (ConfUtils.java:logGet(46)) - raft.server.log.statemachine.data.sync.timeout.retry = -1 (default)
2022-10-18 06:31:34,665 [pool-703-thread-1] INFO  server.RaftServerConfigKeys (ConfUtils.java:logGet(46)) - raft.server.log.write.buffer.size = 1048576 (custom)
2022-10-18 06:31:34,666 [pool-703-thread-1] INFO  server.RaftServerConfigKeys (ConfUtils.java:logGet(46)) - raft.server.log.unsafe-flush.enabled = false (default)
2022-10-18 06:31:34,666 [pool-703-thread-1] INFO  server.RaftServerConfigKeys (ConfUtils.java:logGet(46)) - raft.server.log.statemachine.data.caching.enabled = true (custom)
2022-10-18 06:31:34,666 [pool-703-thread-1] INFO  segmented.SegmentedRaftLogWorker (SegmentedRaftLogWorker.java:lambda$new$0(135)) - 8f793f0f-c5f3-467b-8d0b-cdd09a0930a8@group-E1A78069126F-SegmentedRaftLogWorker: flushIndex: setUnconditionally 0 -> -1
2022-10-18 06:31:34,666 [pool-703-thread-1] INFO  segmented.SegmentedRaftLogWorker (SegmentedRaftLogWorker.java:lambda$new$0(135)) - 8f793f0f-c5f3-467b-8d0b-cdd09a0930a8@group-E1A78069126F-SegmentedRaftLogWorker: safeCacheEvictIndex: setUnconditionally 0 -> -1
2022-10-18 06:31:34,666 [pool-703-thread-1] INFO  server.RaftServerConfigKeys (ConfUtils.java:logGet(46)) - raft.server.snapshot.auto.trigger.enabled = true (custom)
2022-10-18 06:31:34,666 [pool-703-thread-1] INFO  server.RaftServerConfigKeys (ConfUtils.java:logGet(46)) - raft.server.snapshot.auto.trigger.threshold = 10000 (custom)
2022-10-18 06:31:34,666 [pool-703-thread-1] INFO  server.RaftServerConfigKeys (ConfUtils.java:logGet(46)) - raft.server.snapshot.retention.file.num = 5 (custom)
2022-10-18 06:31:34,666 [pool-703-thread-1] INFO  server.RaftServerConfigKeys (ConfUtils.java:logGet(46)) - raft.server.log.purge.upto.snapshot.index = false (default)
2022-10-18 06:31:34,666 [pool-703-thread-1] INFO  server.RaftServerConfigKeys (ConfUtils.java:logGet(46)) - raft.server.retrycache.expirytime = 600000ms (custom)
2022-10-18 06:31:34,666 [pool-703-thread-1] INFO  server.RaftServerConfigKeys (ConfUtils.java:logGet(46)) - raft.server.retrycache.statistics.expirytime = 100μs (default)
2022-10-18 06:31:34,667 [pool-703-thread-1] INFO  server.RaftServerConfigKeys (ConfUtils.java:logGet(46)) - raft.server.log.appender.install.snapshot.enabled = false (custom)
2022-10-18 06:31:34,667 [pool-703-thread-1] INFO  server.RaftServerConfigKeys (ConfUtils.java:logGet(46)) - raft.server.threadpool.server.cached = true (default)
2022-10-18 06:31:34,667 [pool-703-thread-1] INFO  server.RaftServerConfigKeys (ConfUtils.java:logGet(46)) - raft.server.threadpool.server.size = 0 (default)
2022-10-18 06:31:34,668 [pool-703-thread-1] INFO  server.RaftServerConfigKeys (ConfUtils.java:logGet(46)) - raft.server.threadpool.client.cached = true (default)
2022-10-18 06:31:34,668 [pool-703-thread-1] INFO  server.RaftServerConfigKeys (ConfUtils.java:logGet(46)) - raft.server.threadpool.client.size = 0 (default)
2022-10-18 06:31:34,668 [pool-703-thread-1] INFO  server.RaftServer$Division (RaftServerImpl.java:start(310)) - 8f793f0f-c5f3-467b-8d0b-cdd09a0930a8@group-E1A78069126F: start as a follower, conf=-1: [2b76223f-58f9-4cd2-9f7f-000dbc1ba401|rpc:10.1.1.164:34831|dataStream:|priority:0, 8f793f0f-c5f3-467b-8d0b-cdd09a0930a8|rpc:10.1.1.164:33639|dataStream:|priority:1, ad9bea1d-9774-4e82-9b2d-afdcccbaa8d7|rpc:10.1.1.164:33755|dataStream:|priority:0], old=null
2022-10-18 06:31:34,668 [pool-703-thread-1] INFO  server.RaftServer$Division (RaftServerImpl.java:setRole(299)) - 8f793f0f-c5f3-467b-8d0b-cdd09a0930a8@group-E1A78069126F: changes role from      null to FOLLOWER at term 0 for startAsFollower
2022-10-18 06:31:34,668 [pool-703-thread-1] INFO  impl.RoleInfo (RoleInfo.java:updateAndGet(139)) - 8f793f0f-c5f3-467b-8d0b-cdd09a0930a8: start 8f793f0f-c5f3-467b-8d0b-cdd09a0930a8@group-E1A78069126F-FollowerState
2022-10-18 06:31:34,670 [pool-703-thread-1] INFO  util.JmxRegister (JmxRegister.java:tryRegister(44)) - Successfully registered JMX Bean with object name Ratis:service=RaftServer,group=group-E1A78069126F,id=8f793f0f-c5f3-467b-8d0b-cdd09a0930a8
2022-10-18 06:31:34,673 [Command processor thread] INFO  commandhandler.CreatePipelineCommandHandler (CreatePipelineCommandHandler.java:handle(113)) - Created Pipeline RATIS THREE PipelineID=e3909457-a16f-4aeb-bd5e-e1a78069126f.
2022-10-18 06:31:34,674 [Command processor thread] INFO  server.RaftServer (RaftServerProxy.java:addNew(96)) - 2b76223f-58f9-4cd2-9f7f-000dbc1ba401: addNew group-8A05D5EADE4D:[2b76223f-58f9-4cd2-9f7f-000dbc1ba401|rpc:10.1.1.164:34831|priority:1, 8f793f0f-c5f3-467b-8d0b-cdd09a0930a8|rpc:10.1.1.164:33639|priority:0, ad9bea1d-9774-4e82-9b2d-afdcccbaa8d7|rpc:10.1.1.164:33755|priority:0] returns group-8A05D5EADE4D:java.util.concurrent.CompletableFuture@714abcbd[Not completed]
2022-10-18 06:31:34,675 [pool-680-thread-1] INFO  server.RaftServer$Division (RaftServerImpl.java:<init>(190)) - 2b76223f-58f9-4cd2-9f7f-000dbc1ba401: new RaftServerImpl for group-8A05D5EADE4D:[2b76223f-58f9-4cd2-9f7f-000dbc1ba401|rpc:10.1.1.164:34831|priority:1, 8f793f0f-c5f3-467b-8d0b-cdd09a0930a8|rpc:10.1.1.164:33639|priority:0, ad9bea1d-9774-4e82-9b2d-afdcccbaa8d7|rpc:10.1.1.164:33755|priority:0] with ContainerStateMachine:uninitialized
2022-10-18 06:31:34,675 [pool-680-thread-1] INFO  server.RaftServerConfigKeys (ConfUtils.java:logGet(46)) - raft.server.rpc.timeout.min = 5s (custom)
2022-10-18 06:31:34,675 [pool-680-thread-1] INFO  server.RaftServerConfigKeys (ConfUtils.java:logGet(46)) - raft.server.rpc.timeout.max = 5200ms (custom)
2022-10-18 06:31:34,675 [pool-680-thread-1] INFO  server.RaftServerConfigKeys (ConfUtils.java:logGet(46)) - raft.server.rpc.sleep.time = 25ms (default)
2022-10-18 06:31:34,675 [pool-680-thread-1] INFO  server.RaftServerConfigKeys (ConfUtils.java:logGet(46)) - raft.server.rpc.slowness.timeout = 300s (custom)
2022-10-18 06:31:34,675 [pool-680-thread-1] INFO  server.RaftServerConfigKeys (ConfUtils.java:logGet(46)) - raft.server.leaderelection.leader.step-down.wait-time = 10s (default)
2022-10-18 06:31:34,675 [pool-680-thread-1] INFO  server.RaftServerConfigKeys (ConfUtils.java:logGet(46)) - raft.server.sleep.deviation.threshold = 300ms (default)
2022-10-18 06:31:34,675 [pool-680-thread-1] INFO  server.RaftServer$Division (ServerState.java:<init>(107)) - 2b76223f-58f9-4cd2-9f7f-000dbc1ba401@group-8A05D5EADE4D: ConfigurationManager, init=-1: [2b76223f-58f9-4cd2-9f7f-000dbc1ba401|rpc:10.1.1.164:34831|priority:1, 8f793f0f-c5f3-467b-8d0b-cdd09a0930a8|rpc:10.1.1.164:33639|priority:0, ad9bea1d-9774-4e82-9b2d-afdcccbaa8d7|rpc:10.1.1.164:33755|priority:0], old=null, confs=<EMPTY_MAP>
2022-10-18 06:31:34,675 [pool-680-thread-1] INFO  server.RaftServerConfigKeys (ConfUtils.java:logGet(46)) - raft.server.storage.dir = [/home/runner/work/ozone/ozone/hadoop-ozone/integration-test/target/test-dir/MiniOzoneClusterImpl-06b5c26c-5174-482c-8dea-daeaa88de3bb/datanode-0/data/ratis] (custom)
2022-10-18 06:31:34,675 [pool-680-thread-1] INFO  server.RaftServerConfigKeys (ConfUtils.java:logGet(46)) - raft.server.log.corruption.policy = EXCEPTION (default)
2022-10-18 06:31:34,675 [pool-680-thread-1] INFO  server.RaftServerConfigKeys (ConfUtils.java:logGet(46)) - raft.server.storage.free-space.min = 0MB (=0) (default)
2022-10-18 06:31:34,675 [pool-680-thread-1] INFO  storage.RaftStorageDirectory (RaftStorageDirectoryImpl.java:analyzeStorage(135)) - The storage directory /home/runner/work/ozone/ozone/hadoop-ozone/integration-test/target/test-dir/MiniOzoneClusterImpl-06b5c26c-5174-482c-8dea-daeaa88de3bb/datanode-0/data/ratis/db0c2de2-aab7-45f7-93ce-8a05d5eade4d does not exist. Creating ...
2022-10-18 06:31:34,676 [pool-680-thread-1] INFO  storage.RaftStorageDirectory (RaftStorageDirectoryImpl.java:tryLock(230)) - Lock on /home/runner/work/ozone/ozone/hadoop-ozone/integration-test/target/test-dir/MiniOzoneClusterImpl-06b5c26c-5174-482c-8dea-daeaa88de3bb/datanode-0/data/ratis/db0c2de2-aab7-45f7-93ce-8a05d5eade4d/in_use.lock acquired by nodename 30337@fv-az241-838
2022-10-18 06:31:34,677 [pool-680-thread-1] INFO  storage.RaftStorage (RaftStorageImpl.java:format(89)) - Storage directory /home/runner/work/ozone/ozone/hadoop-ozone/integration-test/target/test-dir/MiniOzoneClusterImpl-06b5c26c-5174-482c-8dea-daeaa88de3bb/datanode-0/data/ratis/db0c2de2-aab7-45f7-93ce-8a05d5eade4d has been successfully formatted.
2022-10-18 06:31:34,677 [pool-680-thread-1] INFO  ratis.ContainerStateMachine (ContainerStateMachine.java:loadSnapshot(236)) - group-8A05D5EADE4D: The snapshot info is null. Setting the last applied indexto:(t:0, i:~)
2022-10-18 06:31:34,677 [pool-680-thread-1] INFO  server.RaftServerConfigKeys (ConfUtils.java:logGet(46)) - raft.server.notification.no-leader.timeout = 300s (custom)
2022-10-18 06:31:34,678 [pool-680-thread-1] INFO  server.RaftServerConfigKeys (ConfUtils.java:logGet(46)) - raft.server.log.use.memory = false (default)
2022-10-18 06:31:34,678 [pool-680-thread-1] INFO  server.RaftServerConfigKeys (ConfUtils.java:logGet(46)) - raft.server.log.purge.gap = 1000000 (custom)
2022-10-18 06:31:34,678 [pool-680-thread-1] INFO  server.RaftServerConfigKeys (ConfUtils.java:logGet(46)) - raft.server.log.appender.buffer.byte-limit = 33554432 (custom)
2022-10-18 06:31:34,678 [pool-680-thread-1] INFO  server.RaftServerConfigKeys (ConfUtils.java:logGet(46)) - raft.server.log.statemachine.data.read.timeout = 1000ms (default)
2022-10-18 06:31:34,678 [pool-680-thread-1] INFO  server.RaftServerConfigKeys (ConfUtils.java:logGet(46)) - raft.server.log.segment.size.max = 1048576 (custom)
2022-10-18 06:31:34,679 [pool-680-thread-1] INFO  server.RaftServerConfigKeys (ConfUtils.java:logGet(46)) - raft.server.log.segment.cache.num.max = 2 (custom)
2022-10-18 06:31:34,679 [pool-680-thread-1] INFO  server.RaftServerConfigKeys (ConfUtils.java:logGet(46)) - raft.server.log.segment.cache.size.max = 200MB (=209715200) (default)
2022-10-18 06:31:34,679 [pool-680-thread-1] INFO  segmented.SegmentedRaftLogWorker (SegmentedRaftLogWorker.java:<init>(187)) - new 2b76223f-58f9-4cd2-9f7f-000dbc1ba401@group-8A05D5EADE4D-SegmentedRaftLogWorker for RaftStorageImpl:Storage Directory /home/runner/work/ozone/ozone/hadoop-ozone/integration-test/target/test-dir/MiniOzoneClusterImpl-06b5c26c-5174-482c-8dea-daeaa88de3bb/datanode-0/data/ratis/db0c2de2-aab7-45f7-93ce-8a05d5eade4d
2022-10-18 06:31:34,679 [pool-680-thread-1] INFO  server.RaftServerConfigKeys (ConfUtils.java:logGet(46)) - raft.server.log.queue.byte-limit = 4294967296 (custom)
2022-10-18 06:31:34,679 [pool-680-thread-1] INFO  server.RaftServerConfigKeys (ConfUtils.java:logGet(46)) - raft.server.log.queue.element-limit = 1024 (custom)
2022-10-18 06:31:34,679 [pool-680-thread-1] INFO  server.RaftServerConfigKeys (ConfUtils.java:logGet(46)) - raft.server.log.segment.size.max = 1048576 (custom)
2022-10-18 06:31:34,679 [pool-680-thread-1] INFO  server.RaftServerConfigKeys (ConfUtils.java:logGet(46)) - raft.server.log.preallocated.size = 16384 (custom)
2022-10-18 06:31:34,679 [pool-680-thread-1] INFO  server.RaftServerConfigKeys (ConfUtils.java:logGet(46)) - raft.server.log.force.sync.num = 128 (default)
2022-10-18 06:31:34,679 [pool-680-thread-1] INFO  server.RaftServerConfigKeys (ConfUtils.java:logGet(46)) - raft.server.log.statemachine.data.sync = true (default)
2022-10-18 06:31:34,679 [pool-680-thread-1] INFO  server.RaftServerConfigKeys (ConfUtils.java:logGet(46)) - raft.server.log.statemachine.data.sync.timeout = 10s (default)
2022-10-18 06:31:34,679 [pool-680-thread-1] INFO  server.RaftServerConfigKeys (ConfUtils.java:logGet(46)) - raft.server.log.statemachine.data.sync.timeout.retry = -1 (default)
2022-10-18 06:31:34,680 [pool-680-thread-1] INFO  server.RaftServerConfigKeys (ConfUtils.java:logGet(46)) - raft.server.log.write.buffer.size = 1048576 (custom)
2022-10-18 06:31:34,681 [pool-680-thread-1] INFO  server.RaftServerConfigKeys (ConfUtils.java:logGet(46)) - raft.server.log.unsafe-flush.enabled = false (default)
2022-10-18 06:31:34,681 [EventQueue-OpenPipelineForHealthyPipelineSafeModeRule] INFO  safemode.SCMSafeModeManager (HealthyPipelineSafeModeRule.java:process(137)) - SCM in safe mode. Healthy pipelines reported count is 0, required healthy pipeline reported count is 1
2022-10-18 06:31:34,681 [pool-680-thread-1] INFO  server.RaftServerConfigKeys (ConfUtils.java:logGet(46)) - raft.server.log.statemachine.data.caching.enabled = true (custom)
2022-10-18 06:31:34,681 [pool-680-thread-1] INFO  segmented.SegmentedRaftLogWorker (SegmentedRaftLogWorker.java:lambda$new$0(135)) - 2b76223f-58f9-4cd2-9f7f-000dbc1ba401@group-8A05D5EADE4D-SegmentedRaftLogWorker: flushIndex: setUnconditionally 0 -> -1
2022-10-18 06:31:34,681 [pool-680-thread-1] INFO  segmented.SegmentedRaftLogWorker (SegmentedRaftLogWorker.java:lambda$new$0(135)) - 2b76223f-58f9-4cd2-9f7f-000dbc1ba401@group-8A05D5EADE4D-SegmentedRaftLogWorker: safeCacheEvictIndex: setUnconditionally 0 -> -1
2022-10-18 06:31:34,681 [pool-680-thread-1] INFO  server.RaftServerConfigKeys (ConfUtils.java:logGet(46)) - raft.server.snapshot.auto.trigger.enabled = true (custom)
2022-10-18 06:31:34,682 [pool-680-thread-1] INFO  server.RaftServerConfigKeys (ConfUtils.java:logGet(46)) - raft.server.snapshot.auto.trigger.threshold = 10000 (custom)
2022-10-18 06:31:34,682 [pool-680-thread-1] INFO  server.RaftServerConfigKeys (ConfUtils.java:logGet(46)) - raft.server.snapshot.retention.file.num = 5 (custom)
2022-10-18 06:31:34,682 [pool-680-thread-1] INFO  server.RaftServerConfigKeys (ConfUtils.java:logGet(46)) - raft.server.log.purge.upto.snapshot.index = false (default)
2022-10-18 06:31:34,682 [pool-680-thread-1] INFO  server.RaftServerConfigKeys (ConfUtils.java:logGet(46)) - raft.server.retrycache.expirytime = 600000ms (custom)
2022-10-18 06:31:34,682 [pool-680-thread-1] INFO  server.RaftServerConfigKeys (ConfUtils.java:logGet(46)) - raft.server.retrycache.statistics.expirytime = 100μs (default)
2022-10-18 06:31:34,686 [pool-680-thread-1] INFO  server.RaftServerConfigKeys (ConfUtils.java:logGet(46)) - raft.server.log.appender.install.snapshot.enabled = false (custom)
2022-10-18 06:31:34,686 [pool-680-thread-1] INFO  server.RaftServerConfigKeys (ConfUtils.java:logGet(46)) - raft.server.threadpool.server.cached = true (default)
2022-10-18 06:31:34,686 [pool-680-thread-1] INFO  server.RaftServerConfigKeys (ConfUtils.java:logGet(46)) - raft.server.threadpool.server.size = 0 (default)
2022-10-18 06:31:34,686 [pool-680-thread-1] INFO  server.RaftServerConfigKeys (ConfUtils.java:logGet(46)) - raft.server.threadpool.client.cached = true (default)
2022-10-18 06:31:34,686 [pool-680-thread-1] INFO  server.RaftServerConfigKeys (ConfUtils.java:logGet(46)) - raft.server.threadpool.client.size = 0 (default)
2022-10-18 06:31:34,686 [pool-680-thread-1] INFO  server.RaftServer$Division (RaftServerImpl.java:start(310)) - 2b76223f-58f9-4cd2-9f7f-000dbc1ba401@group-8A05D5EADE4D: start as a follower, conf=-1: [2b76223f-58f9-4cd2-9f7f-000dbc1ba401|rpc:10.1.1.164:34831|priority:1, 8f793f0f-c5f3-467b-8d0b-cdd09a0930a8|rpc:10.1.1.164:33639|priority:0, ad9bea1d-9774-4e82-9b2d-afdcccbaa8d7|rpc:10.1.1.164:33755|priority:0], old=null
2022-10-18 06:31:34,686 [pool-680-thread-1] INFO  server.RaftServer$Division (RaftServerImpl.java:setRole(299)) - 2b76223f-58f9-4cd2-9f7f-000dbc1ba401@group-8A05D5EADE4D: changes role from      null to FOLLOWER at term 0 for startAsFollower
2022-10-18 06:31:34,686 [pool-680-thread-1] INFO  impl.RoleInfo (RoleInfo.java:updateAndGet(139)) - 2b76223f-58f9-4cd2-9f7f-000dbc1ba401: start 2b76223f-58f9-4cd2-9f7f-000dbc1ba401@group-8A05D5EADE4D-FollowerState
2022-10-18 06:31:34,689 [pool-680-thread-1] INFO  util.JmxRegister (JmxRegister.java:tryRegister(44)) - Successfully registered JMX Bean with object name Ratis:service=RaftServer,group=group-8A05D5EADE4D,id=2b76223f-58f9-4cd2-9f7f-000dbc1ba401
2022-10-18 06:31:34,689 [Command processor thread] INFO  ratis.XceiverServerRatis (XceiverServerRatis.java:addGroup(765)) - Created group PipelineID=db0c2de2-aab7-45f7-93ce-8a05d5eade4d
2022-10-18 06:31:34,698 [grpc-default-executor-2] INFO  server.RaftServer (RaftServerProxy.java:addNew(96)) - 8f793f0f-c5f3-467b-8d0b-cdd09a0930a8: addNew group-8A05D5EADE4D:[2b76223f-58f9-4cd2-9f7f-000dbc1ba401|rpc:10.1.1.164:34831|dataStream:|priority:1, 8f793f0f-c5f3-467b-8d0b-cdd09a0930a8|rpc:10.1.1.164:33639|dataStream:|priority:0, ad9bea1d-9774-4e82-9b2d-afdcccbaa8d7|rpc:10.1.1.164:33755|dataStream:|priority:0] returns group-8A05D5EADE4D:java.util.concurrent.CompletableFuture@37644cda[Not completed]
2022-10-18 06:31:34,698 [pool-703-thread-1] INFO  server.RaftServer$Division (RaftServerImpl.java:<init>(190)) - 8f793f0f-c5f3-467b-8d0b-cdd09a0930a8: new RaftServerImpl for group-8A05D5EADE4D:[2b76223f-58f9-4cd2-9f7f-000dbc1ba401|rpc:10.1.1.164:34831|dataStream:|priority:1, 8f793f0f-c5f3-467b-8d0b-cdd09a0930a8|rpc:10.1.1.164:33639|dataStream:|priority:0, ad9bea1d-9774-4e82-9b2d-afdcccbaa8d7|rpc:10.1.1.164:33755|dataStream:|priority:0] with ContainerStateMachine:uninitialized
2022-10-18 06:31:34,698 [pool-703-thread-1] INFO  server.RaftServerConfigKeys (ConfUtils.java:logGet(46)) - raft.server.rpc.timeout.min = 5s (custom)
2022-10-18 06:31:34,699 [pool-703-thread-1] INFO  server.RaftServerConfigKeys (ConfUtils.java:logGet(46)) - raft.server.rpc.timeout.max = 5200ms (custom)
2022-10-18 06:31:34,699 [pool-703-thread-1] INFO  server.RaftServerConfigKeys (ConfUtils.java:logGet(46)) - raft.server.rpc.sleep.time = 25ms (default)
2022-10-18 06:31:34,699 [pool-703-thread-1] INFO  server.RaftServerConfigKeys (ConfUtils.java:logGet(46)) - raft.server.rpc.slowness.timeout = 300s (custom)
2022-10-18 06:31:34,699 [pool-703-thread-1] INFO  server.RaftServerConfigKeys (ConfUtils.java:logGet(46)) - raft.server.leaderelection.leader.step-down.wait-time = 10s (default)
2022-10-18 06:31:34,699 [pool-703-thread-1] INFO  server.RaftServerConfigKeys (ConfUtils.java:logGet(46)) - raft.server.sleep.deviation.threshold = 300ms (default)
2022-10-18 06:31:34,699 [pool-703-thread-1] INFO  server.RaftServer$Division (ServerState.java:<init>(107)) - 8f793f0f-c5f3-467b-8d0b-cdd09a0930a8@group-8A05D5EADE4D: ConfigurationManager, init=-1: [2b76223f-58f9-4cd2-9f7f-000dbc1ba401|rpc:10.1.1.164:34831|dataStream:|priority:1, 8f793f0f-c5f3-467b-8d0b-cdd09a0930a8|rpc:10.1.1.164:33639|dataStream:|priority:0, ad9bea1d-9774-4e82-9b2d-afdcccbaa8d7|rpc:10.1.1.164:33755|dataStream:|priority:0], old=null, confs=<EMPTY_MAP>
2022-10-18 06:31:34,699 [pool-703-thread-1] INFO  server.RaftServerConfigKeys (ConfUtils.java:logGet(46)) - raft.server.storage.dir = [/home/runner/work/ozone/ozone/hadoop-ozone/integration-test/target/test-dir/MiniOzoneClusterImpl-06b5c26c-5174-482c-8dea-daeaa88de3bb/datanode-1/data/ratis] (custom)
2022-10-18 06:31:34,699 [pool-703-thread-1] INFO  server.RaftServerConfigKeys (ConfUtils.java:logGet(46)) - raft.server.log.corruption.policy = EXCEPTION (default)
2022-10-18 06:31:34,699 [pool-703-thread-1] INFO  server.RaftServerConfigKeys (ConfUtils.java:logGet(46)) - raft.server.storage.free-space.min = 0MB (=0) (default)
2022-10-18 06:31:34,699 [pool-703-thread-1] INFO  storage.RaftStorageDirectory (RaftStorageDirectoryImpl.java:analyzeStorage(135)) - The storage directory /home/runner/work/ozone/ozone/hadoop-ozone/integration-test/target/test-dir/MiniOzoneClusterImpl-06b5c26c-5174-482c-8dea-daeaa88de3bb/datanode-1/data/ratis/db0c2de2-aab7-45f7-93ce-8a05d5eade4d does not exist. Creating ...
2022-10-18 06:31:34,700 [pool-703-thread-1] INFO  storage.RaftStorageDirectory (RaftStorageDirectoryImpl.java:tryLock(230)) - Lock on /home/runner/work/ozone/ozone/hadoop-ozone/integration-test/target/test-dir/MiniOzoneClusterImpl-06b5c26c-5174-482c-8dea-daeaa88de3bb/datanode-1/data/ratis/db0c2de2-aab7-45f7-93ce-8a05d5eade4d/in_use.lock acquired by nodename 30337@fv-az241-838
2022-10-18 06:31:34,701 [pool-703-thread-1] INFO  storage.RaftStorage (RaftStorageImpl.java:format(89)) - Storage directory /home/runner/work/ozone/ozone/hadoop-ozone/integration-test/target/test-dir/MiniOzoneClusterImpl-06b5c26c-5174-482c-8dea-daeaa88de3bb/datanode-1/data/ratis/db0c2de2-aab7-45f7-93ce-8a05d5eade4d has been successfully formatted.
2022-10-18 06:31:34,701 [pool-703-thread-1] INFO  ratis.ContainerStateMachine (ContainerStateMachine.java:loadSnapshot(236)) - group-8A05D5EADE4D: The snapshot info is null. Setting the last applied indexto:(t:0, i:~)
2022-10-18 06:31:34,701 [pool-703-thread-1] INFO  server.RaftServerConfigKeys (ConfUtils.java:logGet(46)) - raft.server.notification.no-leader.timeout = 300s (custom)
2022-10-18 06:31:34,701 [pool-703-thread-1] INFO  server.RaftServerConfigKeys (ConfUtils.java:logGet(46)) - raft.server.log.use.memory = false (default)
2022-10-18 06:31:34,701 [pool-703-thread-1] INFO  server.RaftServerConfigKeys (ConfUtils.java:logGet(46)) - raft.server.log.purge.gap = 1000000 (custom)
2022-10-18 06:31:34,701 [pool-703-thread-1] INFO  server.RaftServerConfigKeys (ConfUtils.java:logGet(46)) - raft.server.log.appender.buffer.byte-limit = 33554432 (custom)
2022-10-18 06:31:34,701 [pool-703-thread-1] INFO  server.RaftServerConfigKeys (ConfUtils.java:logGet(46)) - raft.server.log.statemachine.data.read.timeout = 1000ms (default)
2022-10-18 06:31:34,701 [pool-703-thread-1] INFO  server.RaftServerConfigKeys (ConfUtils.java:logGet(46)) - raft.server.log.segment.size.max = 1048576 (custom)
2022-10-18 06:31:34,702 [pool-703-thread-1] INFO  server.RaftServerConfigKeys (ConfUtils.java:logGet(46)) - raft.server.log.segment.cache.num.max = 2 (custom)
2022-10-18 06:31:34,702 [pool-703-thread-1] INFO  server.RaftServerConfigKeys (ConfUtils.java:logGet(46)) - raft.server.log.segment.cache.size.max = 200MB (=209715200) (default)
2022-10-18 06:31:34,702 [pool-703-thread-1] INFO  segmented.SegmentedRaftLogWorker (SegmentedRaftLogWorker.java:<init>(187)) - new 8f793f0f-c5f3-467b-8d0b-cdd09a0930a8@group-8A05D5EADE4D-SegmentedRaftLogWorker for RaftStorageImpl:Storage Directory /home/runner/work/ozone/ozone/hadoop-ozone/integration-test/target/test-dir/MiniOzoneClusterImpl-06b5c26c-5174-482c-8dea-daeaa88de3bb/datanode-1/data/ratis/db0c2de2-aab7-45f7-93ce-8a05d5eade4d
2022-10-18 06:31:34,702 [pool-703-thread-1] INFO  server.RaftServerConfigKeys (ConfUtils.java:logGet(46)) - raft.server.log.queue.byte-limit = 4294967296 (custom)
2022-10-18 06:31:34,702 [pool-703-thread-1] INFO  server.RaftServerConfigKeys (ConfUtils.java:logGet(46)) - raft.server.log.queue.element-limit = 1024 (custom)
2022-10-18 06:31:34,702 [pool-703-thread-1] INFO  server.RaftServerConfigKeys (ConfUtils.java:logGet(46)) - raft.server.log.segment.size.max = 1048576 (custom)
2022-10-18 06:31:34,702 [pool-703-thread-1] INFO  server.RaftServerConfigKeys (ConfUtils.java:logGet(46)) - raft.server.log.preallocated.size = 16384 (custom)
2022-10-18 06:31:34,702 [pool-703-thread-1] INFO  server.RaftServerConfigKeys (ConfUtils.java:logGet(46)) - raft.server.log.force.sync.num = 128 (default)
2022-10-18 06:31:34,702 [pool-703-thread-1] INFO  server.RaftServerConfigKeys (ConfUtils.java:logGet(46)) - raft.server.log.statemachine.data.sync = true (default)
2022-10-18 06:31:34,702 [pool-703-thread-1] INFO  server.RaftServerConfigKeys (ConfUtils.java:logGet(46)) - raft.server.log.statemachine.data.sync.timeout = 10s (default)
2022-10-18 06:31:34,702 [pool-703-thread-1] INFO  server.RaftServerConfigKeys (ConfUtils.java:logGet(46)) - raft.server.log.statemachine.data.sync.timeout.retry = -1 (default)
2022-10-18 06:31:34,703 [pool-703-thread-1] INFO  server.RaftServerConfigKeys (ConfUtils.java:logGet(46)) - raft.server.log.write.buffer.size = 1048576 (custom)
2022-10-18 06:31:34,704 [pool-703-thread-1] INFO  server.RaftServerConfigKeys (ConfUtils.java:logGet(46)) - raft.server.log.unsafe-flush.enabled = false (default)
2022-10-18 06:31:34,704 [pool-703-thread-1] INFO  server.RaftServerConfigKeys (ConfUtils.java:logGet(46)) - raft.server.log.statemachine.data.caching.enabled = true (custom)
2022-10-18 06:31:34,704 [pool-703-thread-1] INFO  segmented.SegmentedRaftLogWorker (SegmentedRaftLogWorker.java:lambda$new$0(135)) - 8f793f0f-c5f3-467b-8d0b-cdd09a0930a8@group-8A05D5EADE4D-SegmentedRaftLogWorker: flushIndex: setUnconditionally 0 -> -1
2022-10-18 06:31:34,704 [pool-703-thread-1] INFO  segmented.SegmentedRaftLogWorker (SegmentedRaftLogWorker.java:lambda$new$0(135)) - 8f793f0f-c5f3-467b-8d0b-cdd09a0930a8@group-8A05D5EADE4D-SegmentedRaftLogWorker: safeCacheEvictIndex: setUnconditionally 0 -> -1
2022-10-18 06:31:34,704 [pool-703-thread-1] INFO  server.RaftServerConfigKeys (ConfUtils.java:logGet(46)) - raft.server.snapshot.auto.trigger.enabled = true (custom)
2022-10-18 06:31:34,705 [pool-703-thread-1] INFO  server.RaftServerConfigKeys (ConfUtils.java:logGet(46)) - raft.server.snapshot.auto.trigger.threshold = 10000 (custom)
2022-10-18 06:31:34,705 [pool-703-thread-1] INFO  server.RaftServerConfigKeys (ConfUtils.java:logGet(46)) - raft.server.snapshot.retention.file.num = 5 (custom)
2022-10-18 06:31:34,705 [pool-703-thread-1] INFO  server.RaftServerConfigKeys (ConfUtils.java:logGet(46)) - raft.server.log.purge.upto.snapshot.index = false (default)
2022-10-18 06:31:34,707 [pool-703-thread-1] INFO  server.RaftServerConfigKeys (ConfUtils.java:logGet(46)) - raft.server.retrycache.expirytime = 600000ms (custom)
2022-10-18 06:31:34,707 [pool-703-thread-1] INFO  server.RaftServerConfigKeys (ConfUtils.java:logGet(46)) - raft.server.retrycache.statistics.expirytime = 100μs (default)
2022-10-18 06:31:34,708 [pool-703-thread-1] INFO  server.RaftServerConfigKeys (ConfUtils.java:logGet(46)) - raft.server.log.appender.install.snapshot.enabled = false (custom)
2022-10-18 06:31:34,709 [pool-703-thread-1] INFO  server.RaftServerConfigKeys (ConfUtils.java:logGet(46)) - raft.server.threadpool.server.cached = true (default)
2022-10-18 06:31:34,709 [pool-703-thread-1] INFO  server.RaftServerConfigKeys (ConfUtils.java:logGet(46)) - raft.server.threadpool.server.size = 0 (default)
2022-10-18 06:31:34,709 [pool-703-thread-1] INFO  server.RaftServerConfigKeys (ConfUtils.java:logGet(46)) - raft.server.threadpool.client.cached = true (default)
2022-10-18 06:31:34,709 [pool-703-thread-1] INFO  server.RaftServerConfigKeys (ConfUtils.java:logGet(46)) - raft.server.threadpool.client.size = 0 (default)
2022-10-18 06:31:34,709 [pool-703-thread-1] INFO  server.RaftServer$Division (RaftServerImpl.java:start(310)) - 8f793f0f-c5f3-467b-8d0b-cdd09a0930a8@group-8A05D5EADE4D: start as a follower, conf=-1: [2b76223f-58f9-4cd2-9f7f-000dbc1ba401|rpc:10.1.1.164:34831|dataStream:|priority:1, 8f793f0f-c5f3-467b-8d0b-cdd09a0930a8|rpc:10.1.1.164:33639|dataStream:|priority:0, ad9bea1d-9774-4e82-9b2d-afdcccbaa8d7|rpc:10.1.1.164:33755|dataStream:|priority:0], old=null
2022-10-18 06:31:34,709 [pool-703-thread-1] INFO  server.RaftServer$Division (RaftServerImpl.java:setRole(299)) - 8f793f0f-c5f3-467b-8d0b-cdd09a0930a8@group-8A05D5EADE4D: changes role from      null to FOLLOWER at term 0 for startAsFollower
2022-10-18 06:31:34,709 [pool-703-thread-1] INFO  impl.RoleInfo (RoleInfo.java:updateAndGet(139)) - 8f793f0f-c5f3-467b-8d0b-cdd09a0930a8: start 8f793f0f-c5f3-467b-8d0b-cdd09a0930a8@group-8A05D5EADE4D-FollowerState
2022-10-18 06:31:34,713 [pool-703-thread-1] INFO  util.JmxRegister (JmxRegister.java:tryRegister(44)) - Successfully registered JMX Bean with object name Ratis:service=RaftServer,group=group-8A05D5EADE4D,id=8f793f0f-c5f3-467b-8d0b-cdd09a0930a8
2022-10-18 06:31:34,725 [grpc-default-executor-2] INFO  server.RaftServer (RaftServerProxy.java:addNew(96)) - ad9bea1d-9774-4e82-9b2d-afdcccbaa8d7: addNew group-8A05D5EADE4D:[2b76223f-58f9-4cd2-9f7f-000dbc1ba401|rpc:10.1.1.164:34831|dataStream:|priority:1, 8f793f0f-c5f3-467b-8d0b-cdd09a0930a8|rpc:10.1.1.164:33639|dataStream:|priority:0, ad9bea1d-9774-4e82-9b2d-afdcccbaa8d7|rpc:10.1.1.164:33755|dataStream:|priority:0] returns group-8A05D5EADE4D:java.util.concurrent.CompletableFuture@1f6e9e94[Not completed]
2022-10-18 06:31:34,726 [pool-726-thread-1] INFO  server.RaftServer$Division (RaftServerImpl.java:<init>(190)) - ad9bea1d-9774-4e82-9b2d-afdcccbaa8d7: new RaftServerImpl for group-8A05D5EADE4D:[2b76223f-58f9-4cd2-9f7f-000dbc1ba401|rpc:10.1.1.164:34831|dataStream:|priority:1, 8f793f0f-c5f3-467b-8d0b-cdd09a0930a8|rpc:10.1.1.164:33639|dataStream:|priority:0, ad9bea1d-9774-4e82-9b2d-afdcccbaa8d7|rpc:10.1.1.164:33755|dataStream:|priority:0] with ContainerStateMachine:uninitialized
2022-10-18 06:31:34,726 [pool-726-thread-1] INFO  server.RaftServerConfigKeys (ConfUtils.java:logGet(46)) - raft.server.rpc.timeout.min = 5s (custom)
2022-10-18 06:31:34,726 [pool-726-thread-1] INFO  server.RaftServerConfigKeys (ConfUtils.java:logGet(46)) - raft.server.rpc.timeout.max = 5200ms (custom)
2022-10-18 06:31:34,726 [pool-726-thread-1] INFO  server.RaftServerConfigKeys (ConfUtils.java:logGet(46)) - raft.server.rpc.sleep.time = 25ms (default)
2022-10-18 06:31:34,726 [pool-726-thread-1] INFO  server.RaftServerConfigKeys (ConfUtils.java:logGet(46)) - raft.server.rpc.slowness.timeout = 300s (custom)
2022-10-18 06:31:34,726 [pool-726-thread-1] INFO  server.RaftServerConfigKeys (ConfUtils.java:logGet(46)) - raft.server.leaderelection.leader.step-down.wait-time = 10s (default)
2022-10-18 06:31:34,726 [pool-726-thread-1] INFO  server.RaftServerConfigKeys (ConfUtils.java:logGet(46)) - raft.server.sleep.deviation.threshold = 300ms (default)
2022-10-18 06:31:34,726 [pool-726-thread-1] INFO  server.RaftServer$Division (ServerState.java:<init>(107)) - ad9bea1d-9774-4e82-9b2d-afdcccbaa8d7@group-8A05D5EADE4D: ConfigurationManager, init=-1: [2b76223f-58f9-4cd2-9f7f-000dbc1ba401|rpc:10.1.1.164:34831|dataStream:|priority:1, 8f793f0f-c5f3-467b-8d0b-cdd09a0930a8|rpc:10.1.1.164:33639|dataStream:|priority:0, ad9bea1d-9774-4e82-9b2d-afdcccbaa8d7|rpc:10.1.1.164:33755|dataStream:|priority:0], old=null, confs=<EMPTY_MAP>
2022-10-18 06:31:34,726 [pool-726-thread-1] INFO  server.RaftServerConfigKeys (ConfUtils.java:logGet(46)) - raft.server.storage.dir = [/home/runner/work/ozone/ozone/hadoop-ozone/integration-test/target/test-dir/MiniOzoneClusterImpl-06b5c26c-5174-482c-8dea-daeaa88de3bb/datanode-2/data/ratis] (custom)
2022-10-18 06:31:34,726 [pool-726-thread-1] INFO  server.RaftServerConfigKeys (ConfUtils.java:logGet(46)) - raft.server.log.corruption.policy = EXCEPTION (default)
2022-10-18 06:31:34,727 [pool-726-thread-1] INFO  server.RaftServerConfigKeys (ConfUtils.java:logGet(46)) - raft.server.storage.free-space.min = 0MB (=0) (default)
2022-10-18 06:31:34,727 [pool-726-thread-1] INFO  storage.RaftStorageDirectory (RaftStorageDirectoryImpl.java:analyzeStorage(135)) - The storage directory /home/runner/work/ozone/ozone/hadoop-ozone/integration-test/target/test-dir/MiniOzoneClusterImpl-06b5c26c-5174-482c-8dea-daeaa88de3bb/datanode-2/data/ratis/db0c2de2-aab7-45f7-93ce-8a05d5eade4d does not exist. Creating ...
2022-10-18 06:31:34,728 [pool-726-thread-1] INFO  storage.RaftStorageDirectory (RaftStorageDirectoryImpl.java:tryLock(230)) - Lock on /home/runner/work/ozone/ozone/hadoop-ozone/integration-test/target/test-dir/MiniOzoneClusterImpl-06b5c26c-5174-482c-8dea-daeaa88de3bb/datanode-2/data/ratis/db0c2de2-aab7-45f7-93ce-8a05d5eade4d/in_use.lock acquired by nodename 30337@fv-az241-838
2022-10-18 06:31:34,729 [pool-726-thread-1] INFO  storage.RaftStorage (RaftStorageImpl.java:format(89)) - Storage directory /home/runner/work/ozone/ozone/hadoop-ozone/integration-test/target/test-dir/MiniOzoneClusterImpl-06b5c26c-5174-482c-8dea-daeaa88de3bb/datanode-2/data/ratis/db0c2de2-aab7-45f7-93ce-8a05d5eade4d has been successfully formatted.
2022-10-18 06:31:34,729 [pool-726-thread-1] INFO  ratis.ContainerStateMachine (ContainerStateMachine.java:loadSnapshot(236)) - group-8A05D5EADE4D: The snapshot info is null. Setting the last applied indexto:(t:0, i:~)
2022-10-18 06:31:34,730 [pool-726-thread-1] INFO  server.RaftServerConfigKeys (ConfUtils.java:logGet(46)) - raft.server.notification.no-leader.timeout = 300s (custom)
2022-10-18 06:31:34,730 [pool-726-thread-1] INFO  server.RaftServerConfigKeys (ConfUtils.java:logGet(46)) - raft.server.log.use.memory = false (default)
2022-10-18 06:31:34,731 [pool-726-thread-1] INFO  server.RaftServerConfigKeys (ConfUtils.java:logGet(46)) - raft.server.log.purge.gap = 1000000 (custom)
2022-10-18 06:31:34,731 [pool-726-thread-1] INFO  server.RaftServerConfigKeys (ConfUtils.java:logGet(46)) - raft.server.log.appender.buffer.byte-limit = 33554432 (custom)
2022-10-18 06:31:34,731 [pool-726-thread-1] INFO  server.RaftServerConfigKeys (ConfUtils.java:logGet(46)) - raft.server.log.statemachine.data.read.timeout = 1000ms (default)
2022-10-18 06:31:34,731 [pool-726-thread-1] INFO  server.RaftServerConfigKeys (ConfUtils.java:logGet(46)) - raft.server.log.segment.size.max = 1048576 (custom)
2022-10-18 06:31:34,731 [pool-726-thread-1] INFO  server.RaftServerConfigKeys (ConfUtils.java:logGet(46)) - raft.server.log.segment.cache.num.max = 2 (custom)
2022-10-18 06:31:34,731 [pool-726-thread-1] INFO  server.RaftServerConfigKeys (ConfUtils.java:logGet(46)) - raft.server.log.segment.cache.size.max = 200MB (=209715200) (default)
2022-10-18 06:31:34,731 [pool-726-thread-1] INFO  segmented.SegmentedRaftLogWorker (SegmentedRaftLogWorker.java:<init>(187)) - new ad9bea1d-9774-4e82-9b2d-afdcccbaa8d7@group-8A05D5EADE4D-SegmentedRaftLogWorker for RaftStorageImpl:Storage Directory /home/runner/work/ozone/ozone/hadoop-ozone/integration-test/target/test-dir/MiniOzoneClusterImpl-06b5c26c-5174-482c-8dea-daeaa88de3bb/datanode-2/data/ratis/db0c2de2-aab7-45f7-93ce-8a05d5eade4d
2022-10-18 06:31:34,731 [pool-726-thread-1] INFO  server.RaftServerConfigKeys (ConfUtils.java:logGet(46)) - raft.server.log.queue.byte-limit = 4294967296 (custom)
2022-10-18 06:31:34,731 [pool-726-thread-1] INFO  server.RaftServerConfigKeys (ConfUtils.java:logGet(46)) - raft.server.log.queue.element-limit = 1024 (custom)
2022-10-18 06:31:34,731 [pool-726-thread-1] INFO  server.RaftServerConfigKeys (ConfUtils.java:logGet(46)) - raft.server.log.segment.size.max = 1048576 (custom)
2022-10-18 06:31:34,731 [pool-726-thread-1] INFO  server.RaftServerConfigKeys (ConfUtils.java:logGet(46)) - raft.server.log.preallocated.size = 16384 (custom)
2022-10-18 06:31:34,731 [pool-726-thread-1] INFO  server.RaftServerConfigKeys (ConfUtils.java:logGet(46)) - raft.server.log.force.sync.num = 128 (default)
2022-10-18 06:31:34,731 [pool-726-thread-1] INFO  server.RaftServerConfigKeys (ConfUtils.java:logGet(46)) - raft.server.log.statemachine.data.sync = true (default)
2022-10-18 06:31:34,732 [pool-726-thread-1] INFO  server.RaftServerConfigKeys (ConfUtils.java:logGet(46)) - raft.server.log.statemachine.data.sync.timeout = 10s (default)
2022-10-18 06:31:34,732 [pool-726-thread-1] INFO  server.RaftServerConfigKeys (ConfUtils.java:logGet(46)) - raft.server.log.statemachine.data.sync.timeout.retry = -1 (default)
2022-10-18 06:31:34,732 [pool-726-thread-1] INFO  server.RaftServerConfigKeys (ConfUtils.java:logGet(46)) - raft.server.log.write.buffer.size = 1048576 (custom)
2022-10-18 06:31:34,733 [pool-726-thread-1] INFO  server.RaftServerConfigKeys (ConfUtils.java:logGet(46)) - raft.server.log.unsafe-flush.enabled = false (default)
2022-10-18 06:31:34,733 [pool-726-thread-1] INFO  server.RaftServerConfigKeys (ConfUtils.java:logGet(46)) - raft.server.log.statemachine.data.caching.enabled = true (custom)
2022-10-18 06:31:34,733 [pool-726-thread-1] INFO  segmented.SegmentedRaftLogWorker (SegmentedRaftLogWorker.java:lambda$new$0(135)) - ad9bea1d-9774-4e82-9b2d-afdcccbaa8d7@group-8A05D5EADE4D-SegmentedRaftLogWorker: flushIndex: setUnconditionally 0 -> -1
2022-10-18 06:31:34,733 [pool-726-thread-1] INFO  segmented.SegmentedRaftLogWorker (SegmentedRaftLogWorker.java:lambda$new$0(135)) - ad9bea1d-9774-4e82-9b2d-afdcccbaa8d7@group-8A05D5EADE4D-SegmentedRaftLogWorker: safeCacheEvictIndex: setUnconditionally 0 -> -1
2022-10-18 06:31:34,741 [pool-726-thread-1] INFO  server.RaftServerConfigKeys (ConfUtils.java:logGet(46)) - raft.server.snapshot.auto.trigger.enabled = true (custom)
2022-10-18 06:31:34,741 [pool-726-thread-1] INFO  server.RaftServerConfigKeys (ConfUtils.java:logGet(46)) - raft.server.snapshot.auto.trigger.threshold = 10000 (custom)
2022-10-18 06:31:34,741 [pool-726-thread-1] INFO  server.RaftServerConfigKeys (ConfUtils.java:logGet(46)) - raft.server.snapshot.retention.file.num = 5 (custom)
2022-10-18 06:31:34,741 [pool-726-thread-1] INFO  server.RaftServerConfigKeys (ConfUtils.java:logGet(46)) - raft.server.log.purge.upto.snapshot.index = false (default)
2022-10-18 06:31:34,741 [pool-726-thread-1] INFO  server.RaftServerConfigKeys (ConfUtils.java:logGet(46)) - raft.server.retrycache.expirytime = 600000ms (custom)
2022-10-18 06:31:34,741 [pool-726-thread-1] INFO  server.RaftServerConfigKeys (ConfUtils.java:logGet(46)) - raft.server.retrycache.statistics.expirytime = 100μs (default)
2022-10-18 06:31:34,742 [pool-726-thread-1] INFO  server.RaftServerConfigKeys (ConfUtils.java:logGet(46)) - raft.server.log.appender.install.snapshot.enabled = false (custom)
2022-10-18 06:31:34,742 [pool-726-thread-1] INFO  server.RaftServerConfigKeys (ConfUtils.java:logGet(46)) - raft.server.threadpool.server.cached = true (default)
2022-10-18 06:31:34,742 [pool-726-thread-1] INFO  server.RaftServerConfigKeys (ConfUtils.java:logGet(46)) - raft.server.threadpool.server.size = 0 (default)
2022-10-18 06:31:34,742 [pool-726-thread-1] INFO  server.RaftServerConfigKeys (ConfUtils.java:logGet(46)) - raft.server.threadpool.client.cached = true (default)
2022-10-18 06:31:34,742 [pool-726-thread-1] INFO  server.RaftServerConfigKeys (ConfUtils.java:logGet(46)) - raft.server.threadpool.client.size = 0 (default)
2022-10-18 06:31:34,742 [pool-726-thread-1] INFO  server.RaftServer$Division (RaftServerImpl.java:start(310)) - ad9bea1d-9774-4e82-9b2d-afdcccbaa8d7@group-8A05D5EADE4D: start as a follower, conf=-1: [2b76223f-58f9-4cd2-9f7f-000dbc1ba401|rpc:10.1.1.164:34831|dataStream:|priority:1, 8f793f0f-c5f3-467b-8d0b-cdd09a0930a8|rpc:10.1.1.164:33639|dataStream:|priority:0, ad9bea1d-9774-4e82-9b2d-afdcccbaa8d7|rpc:10.1.1.164:33755|dataStream:|priority:0], old=null
2022-10-18 06:31:34,742 [pool-726-thread-1] INFO  server.RaftServer$Division (RaftServerImpl.java:setRole(299)) - ad9bea1d-9774-4e82-9b2d-afdcccbaa8d7@group-8A05D5EADE4D: changes role from      null to FOLLOWER at term 0 for startAsFollower
2022-10-18 06:31:34,742 [pool-726-thread-1] INFO  impl.RoleInfo (RoleInfo.java:updateAndGet(139)) - ad9bea1d-9774-4e82-9b2d-afdcccbaa8d7: start ad9bea1d-9774-4e82-9b2d-afdcccbaa8d7@group-8A05D5EADE4D-FollowerState
2022-10-18 06:31:34,743 [pool-726-thread-1] INFO  util.JmxRegister (JmxRegister.java:tryRegister(44)) - Successfully registered JMX Bean with object name Ratis:service=RaftServer,group=group-8A05D5EADE4D,id=ad9bea1d-9774-4e82-9b2d-afdcccbaa8d7
2022-10-18 06:31:34,751 [Command processor thread] INFO  commandhandler.CreatePipelineCommandHandler (CreatePipelineCommandHandler.java:handle(113)) - Created Pipeline RATIS THREE PipelineID=db0c2de2-aab7-45f7-93ce-8a05d5eade4d.
2022-10-18 06:31:34,870 [Command processor thread] INFO  server.RaftServer (RaftServerProxy.java:addNew(96)) - 8f793f0f-c5f3-467b-8d0b-cdd09a0930a8: addNew group-FDDB399EB1B0:[8f793f0f-c5f3-467b-8d0b-cdd09a0930a8|rpc:10.1.1.164:33639|priority:1] returns group-FDDB399EB1B0:java.util.concurrent.CompletableFuture@12fd3cc[Not completed]
2022-10-18 06:31:34,870 [pool-703-thread-1] INFO  server.RaftServer$Division (RaftServerImpl.java:<init>(190)) - 8f793f0f-c5f3-467b-8d0b-cdd09a0930a8: new RaftServerImpl for group-FDDB399EB1B0:[8f793f0f-c5f3-467b-8d0b-cdd09a0930a8|rpc:10.1.1.164:33639|priority:1] with ContainerStateMachine:uninitialized
2022-10-18 06:31:34,871 [pool-703-thread-1] INFO  server.RaftServerConfigKeys (ConfUtils.java:logGet(46)) - raft.server.rpc.timeout.min = 5s (custom)
2022-10-18 06:31:34,871 [pool-703-thread-1] INFO  server.RaftServerConfigKeys (ConfUtils.java:logGet(46)) - raft.server.rpc.timeout.max = 5200ms (custom)
2022-10-18 06:31:34,871 [pool-703-thread-1] INFO  server.RaftServerConfigKeys (ConfUtils.java:logGet(46)) - raft.server.rpc.sleep.time = 25ms (default)
2022-10-18 06:31:34,871 [pool-703-thread-1] INFO  server.RaftServerConfigKeys (ConfUtils.java:logGet(46)) - raft.server.rpc.slowness.timeout = 300s (custom)
2022-10-18 06:31:34,871 [pool-703-thread-1] INFO  server.RaftServerConfigKeys (ConfUtils.java:logGet(46)) - raft.server.leaderelection.leader.step-down.wait-time = 10s (default)
2022-10-18 06:31:34,871 [pool-703-thread-1] INFO  server.RaftServerConfigKeys (ConfUtils.java:logGet(46)) - raft.server.sleep.deviation.threshold = 300ms (default)
2022-10-18 06:31:34,871 [pool-703-thread-1] INFO  server.RaftServer$Division (ServerState.java:<init>(107)) - 8f793f0f-c5f3-467b-8d0b-cdd09a0930a8@group-FDDB399EB1B0: ConfigurationManager, init=-1: [8f793f0f-c5f3-467b-8d0b-cdd09a0930a8|rpc:10.1.1.164:33639|priority:1], old=null, confs=<EMPTY_MAP>
2022-10-18 06:31:34,871 [pool-703-thread-1] INFO  server.RaftServerConfigKeys (ConfUtils.java:logGet(46)) - raft.server.storage.dir = [/home/runner/work/ozone/ozone/hadoop-ozone/integration-test/target/test-dir/MiniOzoneClusterImpl-06b5c26c-5174-482c-8dea-daeaa88de3bb/datanode-1/data/ratis] (custom)
2022-10-18 06:31:34,871 [pool-703-thread-1] INFO  server.RaftServerConfigKeys (ConfUtils.java:logGet(46)) - raft.server.log.corruption.policy = EXCEPTION (default)
2022-10-18 06:31:34,871 [pool-703-thread-1] INFO  server.RaftServerConfigKeys (ConfUtils.java:logGet(46)) - raft.server.storage.free-space.min = 0MB (=0) (default)
2022-10-18 06:31:34,871 [pool-703-thread-1] INFO  storage.RaftStorageDirectory (RaftStorageDirectoryImpl.java:analyzeStorage(135)) - The storage directory /home/runner/work/ozone/ozone/hadoop-ozone/integration-test/target/test-dir/MiniOzoneClusterImpl-06b5c26c-5174-482c-8dea-daeaa88de3bb/datanode-1/data/ratis/2adca5aa-8962-4b96-b40c-fddb399eb1b0 does not exist. Creating ...
2022-10-18 06:31:34,872 [pool-703-thread-1] INFO  storage.RaftStorageDirectory (RaftStorageDirectoryImpl.java:tryLock(230)) - Lock on /home/runner/work/ozone/ozone/hadoop-ozone/integration-test/target/test-dir/MiniOzoneClusterImpl-06b5c26c-5174-482c-8dea-daeaa88de3bb/datanode-1/data/ratis/2adca5aa-8962-4b96-b40c-fddb399eb1b0/in_use.lock acquired by nodename 30337@fv-az241-838
2022-10-18 06:31:34,873 [pool-703-thread-1] INFO  storage.RaftStorage (RaftStorageImpl.java:format(89)) - Storage directory /home/runner/work/ozone/ozone/hadoop-ozone/integration-test/target/test-dir/MiniOzoneClusterImpl-06b5c26c-5174-482c-8dea-daeaa88de3bb/datanode-1/data/ratis/2adca5aa-8962-4b96-b40c-fddb399eb1b0 has been successfully formatted.
2022-10-18 06:31:34,874 [pool-703-thread-1] INFO  ratis.ContainerStateMachine (ContainerStateMachine.java:loadSnapshot(236)) - group-FDDB399EB1B0: The snapshot info is null. Setting the last applied indexto:(t:0, i:~)
2022-10-18 06:31:34,874 [pool-703-thread-1] INFO  server.RaftServerConfigKeys (ConfUtils.java:logGet(46)) - raft.server.notification.no-leader.timeout = 300s (custom)
2022-10-18 06:31:34,874 [pool-703-thread-1] INFO  server.RaftServerConfigKeys (ConfUtils.java:logGet(46)) - raft.server.log.use.memory = false (default)
2022-10-18 06:31:34,874 [pool-703-thread-1] INFO  server.RaftServerConfigKeys (ConfUtils.java:logGet(46)) - raft.server.log.purge.gap = 1000000 (custom)
2022-10-18 06:31:34,874 [pool-703-thread-1] INFO  server.RaftServerConfigKeys (ConfUtils.java:logGet(46)) - raft.server.log.appender.buffer.byte-limit = 33554432 (custom)
2022-10-18 06:31:34,874 [pool-703-thread-1] INFO  server.RaftServerConfigKeys (ConfUtils.java:logGet(46)) - raft.server.log.statemachine.data.read.timeout = 1000ms (default)
2022-10-18 06:31:34,874 [pool-703-thread-1] INFO  server.RaftServerConfigKeys (ConfUtils.java:logGet(46)) - raft.server.log.segment.size.max = 1048576 (custom)
2022-10-18 06:31:34,875 [pool-703-thread-1] INFO  server.RaftServerConfigKeys (ConfUtils.java:logGet(46)) - raft.server.log.segment.cache.num.max = 2 (custom)
2022-10-18 06:31:34,875 [pool-703-thread-1] INFO  server.RaftServerConfigKeys (ConfUtils.java:logGet(46)) - raft.server.log.segment.cache.size.max = 200MB (=209715200) (default)
2022-10-18 06:31:34,875 [EventQueue-PipelineReportForPipelineReportHandler] INFO  pipeline.PipelineManagerImpl (PipelineManagerImpl.java:openPipeline(367)) - Pipeline Pipeline[ Id: 2adca5aa-8962-4b96-b40c-fddb399eb1b0, Nodes: 8f793f0f-c5f3-467b-8d0b-cdd09a0930a8{ip: 10.1.1.164, host: fv-az241-838.2tfxs3cvuluejhi1wdm4o5ef4c.bx.internal.cloudapp.net, ports: [REPLICATION=45587, RATIS=33639, RATIS_ADMIN=33639, RATIS_SERVER=33639, STANDALONE=42191], networkLocation: /default-rack, certSerialId: null, persistedOpState: IN_SERVICE, persistedOpStateExpiryEpochSec: 0}, ReplicationConfig: RATIS/ONE, State:ALLOCATED, leaderId:8f793f0f-c5f3-467b-8d0b-cdd09a0930a8, CreationTimestamp2022-10-18T06:31:31.872Z[Etc/UTC]] moved to OPEN state
2022-10-18 06:31:34,876 [EventQueue-OpenPipelineForHealthyPipelineSafeModeRule] INFO  safemode.SCMSafeModeManager (HealthyPipelineSafeModeRule.java:process(137)) - SCM in safe mode. Healthy pipelines reported count is 0, required healthy pipeline reported count is 1
2022-10-18 06:31:34,876 [pool-703-thread-1] INFO  segmented.SegmentedRaftLogWorker (SegmentedRaftLogWorker.java:<init>(187)) - new 8f793f0f-c5f3-467b-8d0b-cdd09a0930a8@group-FDDB399EB1B0-SegmentedRaftLogWorker for RaftStorageImpl:Storage Directory /home/runner/work/ozone/ozone/hadoop-ozone/integration-test/target/test-dir/MiniOzoneClusterImpl-06b5c26c-5174-482c-8dea-daeaa88de3bb/datanode-1/data/ratis/2adca5aa-8962-4b96-b40c-fddb399eb1b0
2022-10-18 06:31:34,876 [pool-703-thread-1] INFO  server.RaftServerConfigKeys (ConfUtils.java:logGet(46)) - raft.server.log.queue.byte-limit = 4294967296 (custom)
2022-10-18 06:31:34,876 [pool-703-thread-1] INFO  server.RaftServerConfigKeys (ConfUtils.java:logGet(46)) - raft.server.log.queue.element-limit = 1024 (custom)
2022-10-18 06:31:34,876 [pool-703-thread-1] INFO  server.RaftServerConfigKeys (ConfUtils.java:logGet(46)) - raft.server.log.segment.size.max = 1048576 (custom)
2022-10-18 06:31:34,876 [pool-703-thread-1] INFO  server.RaftServerConfigKeys (ConfUtils.java:logGet(46)) - raft.server.log.preallocated.size = 16384 (custom)
2022-10-18 06:31:34,876 [pool-703-thread-1] INFO  server.RaftServerConfigKeys (ConfUtils.java:logGet(46)) - raft.server.log.force.sync.num = 128 (default)
2022-10-18 06:31:34,876 [pool-703-thread-1] INFO  server.RaftServerConfigKeys (ConfUtils.java:logGet(46)) - raft.server.log.statemachine.data.sync = true (default)
2022-10-18 06:31:34,876 [pool-703-thread-1] INFO  server.RaftServerConfigKeys (ConfUtils.java:logGet(46)) - raft.server.log.statemachine.data.sync.timeout = 10s (default)
2022-10-18 06:31:34,876 [pool-703-thread-1] INFO  server.RaftServerConfigKeys (ConfUtils.java:logGet(46)) - raft.server.log.statemachine.data.sync.timeout.retry = -1 (default)
2022-10-18 06:31:34,877 [pool-703-thread-1] INFO  server.RaftServerConfigKeys (ConfUtils.java:logGet(46)) - raft.server.log.write.buffer.size = 1048576 (custom)
2022-10-18 06:31:34,878 [pool-703-thread-1] INFO  server.RaftServerConfigKeys (ConfUtils.java:logGet(46)) - raft.server.log.unsafe-flush.enabled = false (default)
2022-10-18 06:31:34,878 [pool-703-thread-1] INFO  server.RaftServerConfigKeys (ConfUtils.java:logGet(46)) - raft.server.log.statemachine.data.caching.enabled = true (custom)
2022-10-18 06:31:34,878 [pool-703-thread-1] INFO  segmented.SegmentedRaftLogWorker (SegmentedRaftLogWorker.java:lambda$new$0(135)) - 8f793f0f-c5f3-467b-8d0b-cdd09a0930a8@group-FDDB399EB1B0-SegmentedRaftLogWorker: flushIndex: setUnconditionally 0 -> -1
2022-10-18 06:31:34,878 [pool-703-thread-1] INFO  segmented.SegmentedRaftLogWorker (SegmentedRaftLogWorker.java:lambda$new$0(135)) - 8f793f0f-c5f3-467b-8d0b-cdd09a0930a8@group-FDDB399EB1B0-SegmentedRaftLogWorker: safeCacheEvictIndex: setUnconditionally 0 -> -1
2022-10-18 06:31:34,878 [pool-703-thread-1] INFO  server.RaftServerConfigKeys (ConfUtils.java:logGet(46)) - raft.server.snapshot.auto.trigger.enabled = true (custom)
2022-10-18 06:31:34,878 [pool-703-thread-1] INFO  server.RaftServerConfigKeys (ConfUtils.java:logGet(46)) - raft.server.snapshot.auto.trigger.threshold = 10000 (custom)
2022-10-18 06:31:34,879 [pool-703-thread-1] INFO  server.RaftServerConfigKeys (ConfUtils.java:logGet(46)) - raft.server.snapshot.retention.file.num = 5 (custom)
2022-10-18 06:31:34,879 [pool-703-thread-1] INFO  server.RaftServerConfigKeys (ConfUtils.java:logGet(46)) - raft.server.log.purge.upto.snapshot.index = false (default)
2022-10-18 06:31:34,879 [pool-703-thread-1] INFO  server.RaftServerConfigKeys (ConfUtils.java:logGet(46)) - raft.server.retrycache.expirytime = 600000ms (custom)
2022-10-18 06:31:34,879 [pool-703-thread-1] INFO  server.RaftServerConfigKeys (ConfUtils.java:logGet(46)) - raft.server.retrycache.statistics.expirytime = 100μs (default)
2022-10-18 06:31:34,880 [pool-703-thread-1] INFO  server.RaftServerConfigKeys (ConfUtils.java:logGet(46)) - raft.server.log.appender.install.snapshot.enabled = false (custom)
2022-10-18 06:31:34,880 [pool-703-thread-1] INFO  server.RaftServerConfigKeys (ConfUtils.java:logGet(46)) - raft.server.threadpool.server.cached = true (default)
2022-10-18 06:31:34,880 [pool-703-thread-1] INFO  server.RaftServerConfigKeys (ConfUtils.java:logGet(46)) - raft.server.threadpool.server.size = 0 (default)
2022-10-18 06:31:34,880 [pool-703-thread-1] INFO  server.RaftServerConfigKeys (ConfUtils.java:logGet(46)) - raft.server.threadpool.client.cached = true (default)
2022-10-18 06:31:34,880 [pool-703-thread-1] INFO  server.RaftServerConfigKeys (ConfUtils.java:logGet(46)) - raft.server.threadpool.client.size = 0 (default)
2022-10-18 06:31:34,880 [pool-703-thread-1] INFO  server.RaftServer$Division (RaftServerImpl.java:start(310)) - 8f793f0f-c5f3-467b-8d0b-cdd09a0930a8@group-FDDB399EB1B0: start as a follower, conf=-1: [8f793f0f-c5f3-467b-8d0b-cdd09a0930a8|rpc:10.1.1.164:33639|priority:1], old=null
2022-10-18 06:31:34,880 [pool-703-thread-1] INFO  server.RaftServer$Division (RaftServerImpl.java:setRole(299)) - 8f793f0f-c5f3-467b-8d0b-cdd09a0930a8@group-FDDB399EB1B0: changes role from      null to FOLLOWER at term 0 for startAsFollower
2022-10-18 06:31:34,880 [pool-703-thread-1] INFO  impl.RoleInfo (RoleInfo.java:updateAndGet(139)) - 8f793f0f-c5f3-467b-8d0b-cdd09a0930a8: start 8f793f0f-c5f3-467b-8d0b-cdd09a0930a8@group-FDDB399EB1B0-FollowerState
2022-10-18 06:31:34,881 [pool-703-thread-1] INFO  util.JmxRegister (JmxRegister.java:tryRegister(44)) - Successfully registered JMX Bean with object name Ratis:service=RaftServer,group=group-FDDB399EB1B0,id=8f793f0f-c5f3-467b-8d0b-cdd09a0930a8
2022-10-18 06:31:34,881 [Command processor thread] INFO  ratis.XceiverServerRatis (XceiverServerRatis.java:addGroup(765)) - Created group PipelineID=2adca5aa-8962-4b96-b40c-fddb399eb1b0
2022-10-18 06:31:34,881 [Command processor thread] INFO  commandhandler.CreatePipelineCommandHandler (CreatePipelineCommandHandler.java:handle(113)) - Created Pipeline RATIS ONE PipelineID=2adca5aa-8962-4b96-b40c-fddb399eb1b0.
2022-10-18 06:31:35,153 [Listener at 127.0.0.1/33175] INFO  ozone.MiniOzoneClusterImpl (MiniOzoneClusterImpl.java:lambda$waitForClusterToBeReady$0(216)) - Nodes are ready. Got 3 of 3 DN Heartbeats.
2022-10-18 06:31:35,153 [Listener at 127.0.0.1/33175] INFO  ozone.MiniOzoneClusterImpl (MiniOzoneClusterImpl.java:lambda$waitForClusterToBeReady$0(219)) - Waiting for cluster to exit safe mode
2022-10-18 06:31:35,153 [Listener at 127.0.0.1/33175] INFO  ozone.MiniOzoneClusterImpl (MiniOzoneClusterImpl.java:lambda$waitForClusterToBeReady$0(221)) - SCM became leader
2022-10-18 06:31:35,160 [Command processor thread] INFO  server.RaftServer (RaftServerProxy.java:addNew(96)) - ad9bea1d-9774-4e82-9b2d-afdcccbaa8d7: addNew group-FF43B2C2DA43:[ad9bea1d-9774-4e82-9b2d-afdcccbaa8d7|rpc:10.1.1.164:33755|priority:1] returns group-FF43B2C2DA43:java.util.concurrent.CompletableFuture@252dfe1c[Not completed]
2022-10-18 06:31:35,161 [pool-726-thread-1] INFO  server.RaftServer$Division (RaftServerImpl.java:<init>(190)) - ad9bea1d-9774-4e82-9b2d-afdcccbaa8d7: new RaftServerImpl for group-FF43B2C2DA43:[ad9bea1d-9774-4e82-9b2d-afdcccbaa8d7|rpc:10.1.1.164:33755|priority:1] with ContainerStateMachine:uninitialized
2022-10-18 06:31:35,161 [pool-726-thread-1] INFO  server.RaftServerConfigKeys (ConfUtils.java:logGet(46)) - raft.server.rpc.timeout.min = 5s (custom)
2022-10-18 06:31:35,161 [pool-726-thread-1] INFO  server.RaftServerConfigKeys (ConfUtils.java:logGet(46)) - raft.server.rpc.timeout.max = 5200ms (custom)
2022-10-18 06:31:35,161 [pool-726-thread-1] INFO  server.RaftServerConfigKeys (ConfUtils.java:logGet(46)) - raft.server.rpc.sleep.time = 25ms (default)
2022-10-18 06:31:35,161 [pool-726-thread-1] INFO  server.RaftServerConfigKeys (ConfUtils.java:logGet(46)) - raft.server.rpc.slowness.timeout = 300s (custom)
2022-10-18 06:31:35,161 [pool-726-thread-1] INFO  server.RaftServerConfigKeys (ConfUtils.java:logGet(46)) - raft.server.leaderelection.leader.step-down.wait-time = 10s (default)
2022-10-18 06:31:35,162 [pool-726-thread-1] INFO  server.RaftServerConfigKeys (ConfUtils.java:logGet(46)) - raft.server.sleep.deviation.threshold = 300ms (default)
2022-10-18 06:31:35,162 [pool-726-thread-1] INFO  server.RaftServer$Division (ServerState.java:<init>(107)) - ad9bea1d-9774-4e82-9b2d-afdcccbaa8d7@group-FF43B2C2DA43: ConfigurationManager, init=-1: [ad9bea1d-9774-4e82-9b2d-afdcccbaa8d7|rpc:10.1.1.164:33755|priority:1], old=null, confs=<EMPTY_MAP>
2022-10-18 06:31:35,162 [pool-726-thread-1] INFO  server.RaftServerConfigKeys (ConfUtils.java:logGet(46)) - raft.server.storage.dir = [/home/runner/work/ozone/ozone/hadoop-ozone/integration-test/target/test-dir/MiniOzoneClusterImpl-06b5c26c-5174-482c-8dea-daeaa88de3bb/datanode-2/data/ratis] (custom)
2022-10-18 06:31:35,162 [pool-726-thread-1] INFO  server.RaftServerConfigKeys (ConfUtils.java:logGet(46)) - raft.server.log.corruption.policy = EXCEPTION (default)
2022-10-18 06:31:35,162 [pool-726-thread-1] INFO  server.RaftServerConfigKeys (ConfUtils.java:logGet(46)) - raft.server.storage.free-space.min = 0MB (=0) (default)
2022-10-18 06:31:35,162 [pool-726-thread-1] INFO  storage.RaftStorageDirectory (RaftStorageDirectoryImpl.java:analyzeStorage(135)) - The storage directory /home/runner/work/ozone/ozone/hadoop-ozone/integration-test/target/test-dir/MiniOzoneClusterImpl-06b5c26c-5174-482c-8dea-daeaa88de3bb/datanode-2/data/ratis/89bab94e-3e2e-4556-a846-ff43b2c2da43 does not exist. Creating ...
2022-10-18 06:31:35,163 [pool-726-thread-1] INFO  storage.RaftStorageDirectory (RaftStorageDirectoryImpl.java:tryLock(230)) - Lock on /home/runner/work/ozone/ozone/hadoop-ozone/integration-test/target/test-dir/MiniOzoneClusterImpl-06b5c26c-5174-482c-8dea-daeaa88de3bb/datanode-2/data/ratis/89bab94e-3e2e-4556-a846-ff43b2c2da43/in_use.lock acquired by nodename 30337@fv-az241-838
2022-10-18 06:31:35,164 [pool-726-thread-1] INFO  storage.RaftStorage (RaftStorageImpl.java:format(89)) - Storage directory /home/runner/work/ozone/ozone/hadoop-ozone/integration-test/target/test-dir/MiniOzoneClusterImpl-06b5c26c-5174-482c-8dea-daeaa88de3bb/datanode-2/data/ratis/89bab94e-3e2e-4556-a846-ff43b2c2da43 has been successfully formatted.
2022-10-18 06:31:35,165 [pool-726-thread-1] INFO  ratis.ContainerStateMachine (ContainerStateMachine.java:loadSnapshot(236)) - group-FF43B2C2DA43: The snapshot info is null. Setting the last applied indexto:(t:0, i:~)
2022-10-18 06:31:35,165 [pool-726-thread-1] INFO  server.RaftServerConfigKeys (ConfUtils.java:logGet(46)) - raft.server.notification.no-leader.timeout = 300s (custom)
2022-10-18 06:31:35,165 [pool-726-thread-1] INFO  server.RaftServerConfigKeys (ConfUtils.java:logGet(46)) - raft.server.log.use.memory = false (default)
2022-10-18 06:31:35,165 [pool-726-thread-1] INFO  server.RaftServerConfigKeys (ConfUtils.java:logGet(46)) - raft.server.log.purge.gap = 1000000 (custom)
2022-10-18 06:31:35,165 [pool-726-thread-1] INFO  server.RaftServerConfigKeys (ConfUtils.java:logGet(46)) - raft.server.log.appender.buffer.byte-limit = 33554432 (custom)
2022-10-18 06:31:35,165 [pool-726-thread-1] INFO  server.RaftServerConfigKeys (ConfUtils.java:logGet(46)) - raft.server.log.statemachine.data.read.timeout = 1000ms (default)
2022-10-18 06:31:35,165 [pool-726-thread-1] INFO  server.RaftServerConfigKeys (ConfUtils.java:logGet(46)) - raft.server.log.segment.size.max = 1048576 (custom)
2022-10-18 06:31:35,166 [pool-726-thread-1] INFO  server.RaftServerConfigKeys (ConfUtils.java:logGet(46)) - raft.server.log.segment.cache.num.max = 2 (custom)
2022-10-18 06:31:35,166 [pool-726-thread-1] INFO  server.RaftServerConfigKeys (ConfUtils.java:logGet(46)) - raft.server.log.segment.cache.size.max = 200MB (=209715200) (default)
2022-10-18 06:31:35,166 [pool-726-thread-1] INFO  segmented.SegmentedRaftLogWorker (SegmentedRaftLogWorker.java:<init>(187)) - new ad9bea1d-9774-4e82-9b2d-afdcccbaa8d7@group-FF43B2C2DA43-SegmentedRaftLogWorker for RaftStorageImpl:Storage Directory /home/runner/work/ozone/ozone/hadoop-ozone/integration-test/target/test-dir/MiniOzoneClusterImpl-06b5c26c-5174-482c-8dea-daeaa88de3bb/datanode-2/data/ratis/89bab94e-3e2e-4556-a846-ff43b2c2da43
2022-10-18 06:31:35,166 [pool-726-thread-1] INFO  server.RaftServerConfigKeys (ConfUtils.java:logGet(46)) - raft.server.log.queue.byte-limit = 4294967296 (custom)
2022-10-18 06:31:35,166 [EventQueue-PipelineReportForPipelineReportHandler] INFO  pipeline.PipelineManagerImpl (PipelineManagerImpl.java:openPipeline(367)) - Pipeline Pipeline[ Id: 89bab94e-3e2e-4556-a846-ff43b2c2da43, Nodes: ad9bea1d-9774-4e82-9b2d-afdcccbaa8d7{ip: 10.1.1.164, host: fv-az241-838.2tfxs3cvuluejhi1wdm4o5ef4c.bx.internal.cloudapp.net, ports: [REPLICATION=46679, RATIS=33755, RATIS_ADMIN=33755, RATIS_SERVER=33755, STANDALONE=37501], networkLocation: /default-rack, certSerialId: null, persistedOpState: IN_SERVICE, persistedOpStateExpiryEpochSec: 0}, ReplicationConfig: RATIS/ONE, State:ALLOCATED, leaderId:ad9bea1d-9774-4e82-9b2d-afdcccbaa8d7, CreationTimestamp2022-10-18T06:31:32.161Z[Etc/UTC]] moved to OPEN state
2022-10-18 06:31:35,166 [EventQueue-OpenPipelineForHealthyPipelineSafeModeRule] INFO  safemode.SCMSafeModeManager (HealthyPipelineSafeModeRule.java:process(137)) - SCM in safe mode. Healthy pipelines reported count is 0, required healthy pipeline reported count is 1
2022-10-18 06:31:35,167 [pool-726-thread-1] INFO  server.RaftServerConfigKeys (ConfUtils.java:logGet(46)) - raft.server.log.queue.element-limit = 1024 (custom)
2022-10-18 06:31:35,167 [pool-726-thread-1] INFO  server.RaftServerConfigKeys (ConfUtils.java:logGet(46)) - raft.server.log.segment.size.max = 1048576 (custom)
2022-10-18 06:31:35,167 [pool-726-thread-1] INFO  server.RaftServerConfigKeys (ConfUtils.java:logGet(46)) - raft.server.log.preallocated.size = 16384 (custom)
2022-10-18 06:31:35,167 [pool-726-thread-1] INFO  server.RaftServerConfigKeys (ConfUtils.java:logGet(46)) - raft.server.log.force.sync.num = 128 (default)
2022-10-18 06:31:35,167 [pool-726-thread-1] INFO  server.RaftServerConfigKeys (ConfUtils.java:logGet(46)) - raft.server.log.statemachine.data.sync = true (default)
2022-10-18 06:31:35,167 [pool-726-thread-1] INFO  server.RaftServerConfigKeys (ConfUtils.java:logGet(46)) - raft.server.log.statemachine.data.sync.timeout = 10s (default)
2022-10-18 06:31:35,167 [pool-726-thread-1] INFO  server.RaftServerConfigKeys (ConfUtils.java:logGet(46)) - raft.server.log.statemachine.data.sync.timeout.retry = -1 (default)
2022-10-18 06:31:35,168 [pool-726-thread-1] INFO  server.RaftServerConfigKeys (ConfUtils.java:logGet(46)) - raft.server.log.write.buffer.size = 1048576 (custom)
2022-10-18 06:31:35,168 [pool-726-thread-1] INFO  server.RaftServerConfigKeys (ConfUtils.java:logGet(46)) - raft.server.log.unsafe-flush.enabled = false (default)
2022-10-18 06:31:35,169 [pool-726-thread-1] INFO  server.RaftServerConfigKeys (ConfUtils.java:logGet(46)) - raft.server.log.statemachine.data.caching.enabled = true (custom)
2022-10-18 06:31:35,169 [pool-726-thread-1] INFO  segmented.SegmentedRaftLogWorker (SegmentedRaftLogWorker.java:lambda$new$0(135)) - ad9bea1d-9774-4e82-9b2d-afdcccbaa8d7@group-FF43B2C2DA43-SegmentedRaftLogWorker: flushIndex: setUnconditionally 0 -> -1
2022-10-18 06:31:35,169 [pool-726-thread-1] INFO  segmented.SegmentedRaftLogWorker (SegmentedRaftLogWorker.java:lambda$new$0(135)) - ad9bea1d-9774-4e82-9b2d-afdcccbaa8d7@group-FF43B2C2DA43-SegmentedRaftLogWorker: safeCacheEvictIndex: setUnconditionally 0 -> -1
2022-10-18 06:31:35,169 [pool-726-thread-1] INFO  server.RaftServerConfigKeys (ConfUtils.java:logGet(46)) - raft.server.snapshot.auto.trigger.enabled = true (custom)
2022-10-18 06:31:35,169 [pool-726-thread-1] INFO  server.RaftServerConfigKeys (ConfUtils.java:logGet(46)) - raft.server.snapshot.auto.trigger.threshold = 10000 (custom)
2022-10-18 06:31:35,169 [pool-726-thread-1] INFO  server.RaftServerConfigKeys (ConfUtils.java:logGet(46)) - raft.server.snapshot.retention.file.num = 5 (custom)
2022-10-18 06:31:35,169 [pool-726-thread-1] INFO  server.RaftServerConfigKeys (ConfUtils.java:logGet(46)) - raft.server.log.purge.upto.snapshot.index = false (default)
2022-10-18 06:31:35,169 [pool-726-thread-1] INFO  server.RaftServerConfigKeys (ConfUtils.java:logGet(46)) - raft.server.retrycache.expirytime = 600000ms (custom)
2022-10-18 06:31:35,169 [pool-726-thread-1] INFO  server.RaftServerConfigKeys (ConfUtils.java:logGet(46)) - raft.server.retrycache.statistics.expirytime = 100μs (default)
2022-10-18 06:31:35,170 [pool-726-thread-1] INFO  server.RaftServerConfigKeys (ConfUtils.java:logGet(46)) - raft.server.log.appender.install.snapshot.enabled = false (custom)
2022-10-18 06:31:35,170 [pool-726-thread-1] INFO  server.RaftServerConfigKeys (ConfUtils.java:logGet(46)) - raft.server.threadpool.server.cached = true (default)
2022-10-18 06:31:35,170 [pool-726-thread-1] INFO  server.RaftServerConfigKeys (ConfUtils.java:logGet(46)) - raft.server.threadpool.server.size = 0 (default)
2022-10-18 06:31:35,170 [pool-726-thread-1] INFO  server.RaftServerConfigKeys (ConfUtils.java:logGet(46)) - raft.server.threadpool.client.cached = true (default)
2022-10-18 06:31:35,170 [pool-726-thread-1] INFO  server.RaftServerConfigKeys (ConfUtils.java:logGet(46)) - raft.server.threadpool.client.size = 0 (default)
2022-10-18 06:31:35,171 [pool-726-thread-1] INFO  server.RaftServer$Division (RaftServerImpl.java:start(310)) - ad9bea1d-9774-4e82-9b2d-afdcccbaa8d7@group-FF43B2C2DA43: start as a follower, conf=-1: [ad9bea1d-9774-4e82-9b2d-afdcccbaa8d7|rpc:10.1.1.164:33755|priority:1], old=null
2022-10-18 06:31:35,171 [pool-726-thread-1] INFO  server.RaftServer$Division (RaftServerImpl.java:setRole(299)) - ad9bea1d-9774-4e82-9b2d-afdcccbaa8d7@group-FF43B2C2DA43: changes role from      null to FOLLOWER at term 0 for startAsFollower
2022-10-18 06:31:35,171 [pool-726-thread-1] INFO  impl.RoleInfo (RoleInfo.java:updateAndGet(139)) - ad9bea1d-9774-4e82-9b2d-afdcccbaa8d7: start ad9bea1d-9774-4e82-9b2d-afdcccbaa8d7@group-FF43B2C2DA43-FollowerState
2022-10-18 06:31:35,171 [pool-726-thread-1] INFO  util.JmxRegister (JmxRegister.java:tryRegister(44)) - Successfully registered JMX Bean with object name Ratis:service=RaftServer,group=group-FF43B2C2DA43,id=ad9bea1d-9774-4e82-9b2d-afdcccbaa8d7
2022-10-18 06:31:35,171 [Command processor thread] INFO  ratis.XceiverServerRatis (XceiverServerRatis.java:addGroup(765)) - Created group PipelineID=89bab94e-3e2e-4556-a846-ff43b2c2da43
2022-10-18 06:31:35,172 [Command processor thread] INFO  commandhandler.CreatePipelineCommandHandler (CreatePipelineCommandHandler.java:handle(113)) - Created Pipeline RATIS ONE PipelineID=89bab94e-3e2e-4556-a846-ff43b2c2da43.
2022-10-18 06:31:35,632 [EndpointStateMachine task thread for /0.0.0.0:34663 - 0 ] INFO  ipc.Client (Client.java:handleConnectionFailure(1010)) - Retrying connect to server: 0.0.0.0/0.0.0.0:34663. Already tried 14 time(s); retry policy is RetryUpToMaximumCountWithFixedSleep(maxRetries=15, sleepTime=1000 MILLISECONDS)
2022-10-18 06:31:36,153 [Listener at 127.0.0.1/33175] INFO  ozone.MiniOzoneClusterImpl (MiniOzoneClusterImpl.java:lambda$waitForClusterToBeReady$0(216)) - Nodes are ready. Got 3 of 3 DN Heartbeats.
2022-10-18 06:31:36,154 [Listener at 127.0.0.1/33175] INFO  ozone.MiniOzoneClusterImpl (MiniOzoneClusterImpl.java:lambda$waitForClusterToBeReady$0(219)) - Waiting for cluster to exit safe mode
2022-10-18 06:31:36,154 [Listener at 127.0.0.1/33175] INFO  ozone.MiniOzoneClusterImpl (MiniOzoneClusterImpl.java:lambda$waitForClusterToBeReady$0(221)) - SCM became leader
2022-10-18 06:31:36,634 [EndpointStateMachine task thread for /0.0.0.0:34663 - 0 ] INFO  ipc.Client (Client.java:handleConnectionFailure(1010)) - Retrying connect to server: 0.0.0.0/0.0.0.0:34663. Already tried 0 time(s); retry policy is RetryUpToMaximumCountWithFixedSleep(maxRetries=15, sleepTime=1000 MILLISECONDS)
2022-10-18 06:31:37,154 [Listener at 127.0.0.1/33175] INFO  ozone.MiniOzoneClusterImpl (MiniOzoneClusterImpl.java:lambda$waitForClusterToBeReady$0(216)) - Nodes are ready. Got 3 of 3 DN Heartbeats.
2022-10-18 06:31:37,154 [Listener at 127.0.0.1/33175] INFO  ozone.MiniOzoneClusterImpl (MiniOzoneClusterImpl.java:lambda$waitForClusterToBeReady$0(219)) - Waiting for cluster to exit safe mode
2022-10-18 06:31:37,155 [Listener at 127.0.0.1/33175] INFO  ozone.MiniOzoneClusterImpl (MiniOzoneClusterImpl.java:lambda$waitForClusterToBeReady$0(221)) - SCM became leader
2022-10-18 06:31:37,634 [EndpointStateMachine task thread for /0.0.0.0:34663 - 0 ] INFO  ipc.Client (Client.java:handleConnectionFailure(1010)) - Retrying connect to server: 0.0.0.0/0.0.0.0:34663. Already tried 1 time(s); retry policy is RetryUpToMaximumCountWithFixedSleep(maxRetries=15, sleepTime=1000 MILLISECONDS)
2022-10-18 06:31:38,155 [Listener at 127.0.0.1/33175] INFO  ozone.MiniOzoneClusterImpl (MiniOzoneClusterImpl.java:lambda$waitForClusterToBeReady$0(216)) - Nodes are ready. Got 3 of 3 DN Heartbeats.
2022-10-18 06:31:38,155 [Listener at 127.0.0.1/33175] INFO  ozone.MiniOzoneClusterImpl (MiniOzoneClusterImpl.java:lambda$waitForClusterToBeReady$0(219)) - Waiting for cluster to exit safe mode
2022-10-18 06:31:38,155 [Listener at 127.0.0.1/33175] INFO  ozone.MiniOzoneClusterImpl (MiniOzoneClusterImpl.java:lambda$waitForClusterToBeReady$0(221)) - SCM became leader
2022-10-18 06:31:38,635 [EndpointStateMachine task thread for /0.0.0.0:34663 - 0 ] INFO  ipc.Client (Client.java:handleConnectionFailure(1010)) - Retrying connect to server: 0.0.0.0/0.0.0.0:34663. Already tried 2 time(s); retry policy is RetryUpToMaximumCountWithFixedSleep(maxRetries=15, sleepTime=1000 MILLISECONDS)
2022-10-18 06:31:39,156 [Listener at 127.0.0.1/33175] INFO  ozone.MiniOzoneClusterImpl (MiniOzoneClusterImpl.java:lambda$waitForClusterToBeReady$0(216)) - Nodes are ready. Got 3 of 3 DN Heartbeats.
2022-10-18 06:31:39,156 [Listener at 127.0.0.1/33175] INFO  ozone.MiniOzoneClusterImpl (MiniOzoneClusterImpl.java:lambda$waitForClusterToBeReady$0(219)) - Waiting for cluster to exit safe mode
2022-10-18 06:31:39,156 [Listener at 127.0.0.1/33175] INFO  ozone.MiniOzoneClusterImpl (MiniOzoneClusterImpl.java:lambda$waitForClusterToBeReady$0(221)) - SCM became leader
2022-10-18 06:31:39,636 [EndpointStateMachine task thread for /0.0.0.0:34663 - 0 ] INFO  ipc.Client (Client.java:handleConnectionFailure(1010)) - Retrying connect to server: 0.0.0.0/0.0.0.0:34663. Already tried 3 time(s); retry policy is RetryUpToMaximumCountWithFixedSleep(maxRetries=15, sleepTime=1000 MILLISECONDS)
2022-10-18 06:31:39,643 [2b76223f-58f9-4cd2-9f7f-000dbc1ba401@group-E1A78069126F-FollowerState] INFO  impl.FollowerState (FollowerState.java:run(143)) - 2b76223f-58f9-4cd2-9f7f-000dbc1ba401@group-E1A78069126F-FollowerState: change to CANDIDATE, lastRpcElapsedTime:5022394971ns, electionTimeout:5018ms
2022-10-18 06:31:39,643 [2b76223f-58f9-4cd2-9f7f-000dbc1ba401@group-E1A78069126F-FollowerState] INFO  impl.RoleInfo (RoleInfo.java:shutdownFollowerState(110)) - 2b76223f-58f9-4cd2-9f7f-000dbc1ba401: shutdown 2b76223f-58f9-4cd2-9f7f-000dbc1ba401@group-E1A78069126F-FollowerState
2022-10-18 06:31:39,643 [2b76223f-58f9-4cd2-9f7f-000dbc1ba401@group-E1A78069126F-FollowerState] INFO  server.RaftServer$Division (RaftServerImpl.java:setRole(299)) - 2b76223f-58f9-4cd2-9f7f-000dbc1ba401@group-E1A78069126F: changes role from  FOLLOWER to CANDIDATE at term 0 for changeToCandidate
2022-10-18 06:31:39,643 [2b76223f-58f9-4cd2-9f7f-000dbc1ba401@group-E1A78069126F-FollowerState] INFO  server.RaftServerConfigKeys (ConfUtils.java:logGet(46)) - raft.server.leaderelection.pre-vote = false (custom)
2022-10-18 06:31:39,643 [2b76223f-58f9-4cd2-9f7f-000dbc1ba401@group-E1A78069126F-FollowerState] INFO  impl.RoleInfo (RoleInfo.java:updateAndGet(139)) - 2b76223f-58f9-4cd2-9f7f-000dbc1ba401: start 2b76223f-58f9-4cd2-9f7f-000dbc1ba401@group-E1A78069126F-LeaderElection20
2022-10-18 06:31:39,648 [2b76223f-58f9-4cd2-9f7f-000dbc1ba401@group-E1A78069126F-LeaderElection20] INFO  impl.LeaderElection (LeaderElection.java:askForVotes(310)) - 2b76223f-58f9-4cd2-9f7f-000dbc1ba401@group-E1A78069126F-LeaderElection20 ELECTION round 0: submit vote requests at term 1 for -1: [2b76223f-58f9-4cd2-9f7f-000dbc1ba401|rpc:10.1.1.164:34831|priority:0, 8f793f0f-c5f3-467b-8d0b-cdd09a0930a8|rpc:10.1.1.164:33639|priority:1, ad9bea1d-9774-4e82-9b2d-afdcccbaa8d7|rpc:10.1.1.164:33755|priority:0], old=null
2022-10-18 06:31:39,653 [grpc-default-executor-2] INFO  server.RaftServer$Division (RaftServerImpl.java:requestVote(1152)) - 8f793f0f-c5f3-467b-8d0b-cdd09a0930a8@group-E1A78069126F: receive requestVote(ELECTION, 2b76223f-58f9-4cd2-9f7f-000dbc1ba401, group-E1A78069126F, 1, (t:0, i:0))
2022-10-18 06:31:39,653 [grpc-default-executor-2] INFO  impl.VoteContext (VoteContext.java:log(48)) - 8f793f0f-c5f3-467b-8d0b-cdd09a0930a8@group-E1A78069126F-FOLLOWER: reject ELECTION from 2b76223f-58f9-4cd2-9f7f-000dbc1ba401: our priority 1 > candidate's priority 0
2022-10-18 06:31:39,653 [grpc-default-executor-2] INFO  server.RaftServer$Division (RaftServerImpl.java:setRole(299)) - 8f793f0f-c5f3-467b-8d0b-cdd09a0930a8@group-E1A78069126F: changes role from  FOLLOWER to FOLLOWER at term 1 for candidate:2b76223f-58f9-4cd2-9f7f-000dbc1ba401
2022-10-18 06:31:39,653 [grpc-default-executor-2] INFO  impl.RoleInfo (RoleInfo.java:shutdownFollowerState(110)) - 8f793f0f-c5f3-467b-8d0b-cdd09a0930a8: shutdown 8f793f0f-c5f3-467b-8d0b-cdd09a0930a8@group-E1A78069126F-FollowerState
2022-10-18 06:31:39,654 [grpc-default-executor-2] INFO  impl.RoleInfo (RoleInfo.java:updateAndGet(139)) - 8f793f0f-c5f3-467b-8d0b-cdd09a0930a8: start 8f793f0f-c5f3-467b-8d0b-cdd09a0930a8@group-E1A78069126F-FollowerState
2022-10-18 06:31:39,654 [8f793f0f-c5f3-467b-8d0b-cdd09a0930a8@group-E1A78069126F-FollowerState] INFO  impl.FollowerState (FollowerState.java:run(152)) - 8f793f0f-c5f3-467b-8d0b-cdd09a0930a8@group-E1A78069126F-FollowerState was interrupted
2022-10-18 06:31:39,658 [grpc-default-executor-2] INFO  server.RaftServer$Division (RaftServerImpl.java:requestVote(1184)) - 8f793f0f-c5f3-467b-8d0b-cdd09a0930a8@group-E1A78069126F replies to ELECTION vote request: 2b76223f-58f9-4cd2-9f7f-000dbc1ba401<-8f793f0f-c5f3-467b-8d0b-cdd09a0930a8#0:FAIL-t1. Peer's state: 8f793f0f-c5f3-467b-8d0b-cdd09a0930a8@group-E1A78069126F:t1, leader=null, voted=null, raftlog=8f793f0f-c5f3-467b-8d0b-cdd09a0930a8@group-E1A78069126F-SegmentedRaftLog:OPENED:c-1, conf=-1: [2b76223f-58f9-4cd2-9f7f-000dbc1ba401|rpc:10.1.1.164:34831|dataStream:|priority:0, 8f793f0f-c5f3-467b-8d0b-cdd09a0930a8|rpc:10.1.1.164:33639|dataStream:|priority:1, ad9bea1d-9774-4e82-9b2d-afdcccbaa8d7|rpc:10.1.1.164:33755|dataStream:|priority:0], old=null
2022-10-18 06:31:39,658 [2b76223f-58f9-4cd2-9f7f-000dbc1ba401@group-E1A78069126F-LeaderElection20] INFO  impl.LeaderElection (LeaderElection.java:logAndReturn(90)) - 2b76223f-58f9-4cd2-9f7f-000dbc1ba401@group-E1A78069126F-LeaderElection20: ELECTION REJECTED received 1 response(s) and 0 exception(s):
2022-10-18 06:31:39,659 [2b76223f-58f9-4cd2-9f7f-000dbc1ba401@group-E1A78069126F-LeaderElection20] INFO  impl.LeaderElection (LeaderElection.java:logAndReturn(94)) -   Response 0: 2b76223f-58f9-4cd2-9f7f-000dbc1ba401<-8f793f0f-c5f3-467b-8d0b-cdd09a0930a8#0:FAIL-t1
2022-10-18 06:31:39,659 [2b76223f-58f9-4cd2-9f7f-000dbc1ba401@group-E1A78069126F-LeaderElection20] INFO  impl.LeaderElection (LeaderElection.java:askForVotes(312)) - 2b76223f-58f9-4cd2-9f7f-000dbc1ba401@group-E1A78069126F-LeaderElection20 ELECTION round 0: result REJECTED
2022-10-18 06:31:39,659 [2b76223f-58f9-4cd2-9f7f-000dbc1ba401@group-E1A78069126F-LeaderElection20] INFO  server.RaftServer$Division (RaftServerImpl.java:setRole(299)) - 2b76223f-58f9-4cd2-9f7f-000dbc1ba401@group-E1A78069126F: changes role from CANDIDATE to FOLLOWER at term 1 for REJECTED
2022-10-18 06:31:39,659 [2b76223f-58f9-4cd2-9f7f-000dbc1ba401@group-E1A78069126F-LeaderElection20] INFO  impl.RoleInfo (RoleInfo.java:shutdownLeaderElection(130)) - 2b76223f-58f9-4cd2-9f7f-000dbc1ba401: shutdown 2b76223f-58f9-4cd2-9f7f-000dbc1ba401@group-E1A78069126F-LeaderElection20
2022-10-18 06:31:39,659 [2b76223f-58f9-4cd2-9f7f-000dbc1ba401@group-E1A78069126F-LeaderElection20] INFO  impl.RoleInfo (RoleInfo.java:updateAndGet(139)) - 2b76223f-58f9-4cd2-9f7f-000dbc1ba401: start 2b76223f-58f9-4cd2-9f7f-000dbc1ba401@group-E1A78069126F-FollowerState
2022-10-18 06:31:39,659 [grpc-default-executor-1] INFO  server.RaftServer$Division (RaftServerImpl.java:requestVote(1152)) - ad9bea1d-9774-4e82-9b2d-afdcccbaa8d7@group-E1A78069126F: receive requestVote(ELECTION, 2b76223f-58f9-4cd2-9f7f-000dbc1ba401, group-E1A78069126F, 1, (t:0, i:0))
2022-10-18 06:31:39,659 [grpc-default-executor-1] INFO  impl.VoteContext (VoteContext.java:log(48)) - ad9bea1d-9774-4e82-9b2d-afdcccbaa8d7@group-E1A78069126F-FOLLOWER: accept ELECTION from 2b76223f-58f9-4cd2-9f7f-000dbc1ba401: our priority 0 <= candidate's priority 0
2022-10-18 06:31:39,659 [grpc-default-executor-1] INFO  server.RaftServer$Division (RaftServerImpl.java:setRole(299)) - ad9bea1d-9774-4e82-9b2d-afdcccbaa8d7@group-E1A78069126F: changes role from  FOLLOWER to FOLLOWER at term 1 for candidate:2b76223f-58f9-4cd2-9f7f-000dbc1ba401
2022-10-18 06:31:39,659 [grpc-default-executor-1] INFO  impl.RoleInfo (RoleInfo.java:shutdownFollowerState(110)) - ad9bea1d-9774-4e82-9b2d-afdcccbaa8d7: shutdown ad9bea1d-9774-4e82-9b2d-afdcccbaa8d7@group-E1A78069126F-FollowerState
2022-10-18 06:31:39,661 [grpc-default-executor-1] INFO  impl.RoleInfo (RoleInfo.java:updateAndGet(139)) - ad9bea1d-9774-4e82-9b2d-afdcccbaa8d7: start ad9bea1d-9774-4e82-9b2d-afdcccbaa8d7@group-E1A78069126F-FollowerState
2022-10-18 06:31:39,661 [ad9bea1d-9774-4e82-9b2d-afdcccbaa8d7@group-E1A78069126F-FollowerState] INFO  impl.FollowerState (FollowerState.java:run(152)) - ad9bea1d-9774-4e82-9b2d-afdcccbaa8d7@group-E1A78069126F-FollowerState was interrupted
2022-10-18 06:31:39,664 [grpc-default-executor-1] INFO  server.RaftServer$Division (RaftServerImpl.java:requestVote(1184)) - ad9bea1d-9774-4e82-9b2d-afdcccbaa8d7@group-E1A78069126F replies to ELECTION vote request: 2b76223f-58f9-4cd2-9f7f-000dbc1ba401<-ad9bea1d-9774-4e82-9b2d-afdcccbaa8d7#0:OK-t1. Peer's state: ad9bea1d-9774-4e82-9b2d-afdcccbaa8d7@group-E1A78069126F:t1, leader=null, voted=2b76223f-58f9-4cd2-9f7f-000dbc1ba401, raftlog=ad9bea1d-9774-4e82-9b2d-afdcccbaa8d7@group-E1A78069126F-SegmentedRaftLog:OPENED:c-1, conf=-1: [2b76223f-58f9-4cd2-9f7f-000dbc1ba401|rpc:10.1.1.164:34831|dataStream:|priority:0, 8f793f0f-c5f3-467b-8d0b-cdd09a0930a8|rpc:10.1.1.164:33639|dataStream:|priority:1, ad9bea1d-9774-4e82-9b2d-afdcccbaa8d7|rpc:10.1.1.164:33755|dataStream:|priority:0], old=null
2022-10-18 06:31:39,689 [2b76223f-58f9-4cd2-9f7f-000dbc1ba401@group-8A05D5EADE4D-FollowerState] INFO  impl.FollowerState (FollowerState.java:run(143)) - 2b76223f-58f9-4cd2-9f7f-000dbc1ba401@group-8A05D5EADE4D-FollowerState: change to CANDIDATE, lastRpcElapsedTime:5003135434ns, electionTimeout:5000ms
2022-10-18 06:31:39,689 [2b76223f-58f9-4cd2-9f7f-000dbc1ba401@group-8A05D5EADE4D-FollowerState] INFO  impl.RoleInfo (RoleInfo.java:shutdownFollowerState(110)) - 2b76223f-58f9-4cd2-9f7f-000dbc1ba401: shutdown 2b76223f-58f9-4cd2-9f7f-000dbc1ba401@group-8A05D5EADE4D-FollowerState
2022-10-18 06:31:39,689 [2b76223f-58f9-4cd2-9f7f-000dbc1ba401@group-8A05D5EADE4D-FollowerState] INFO  server.RaftServer$Division (RaftServerImpl.java:setRole(299)) - 2b76223f-58f9-4cd2-9f7f-000dbc1ba401@group-8A05D5EADE4D: changes role from  FOLLOWER to CANDIDATE at term 0 for changeToCandidate
2022-10-18 06:31:39,689 [2b76223f-58f9-4cd2-9f7f-000dbc1ba401@group-8A05D5EADE4D-FollowerState] INFO  server.RaftServerConfigKeys (ConfUtils.java:logGet(46)) - raft.server.leaderelection.pre-vote = false (custom)
2022-10-18 06:31:39,690 [2b76223f-58f9-4cd2-9f7f-000dbc1ba401@group-8A05D5EADE4D-FollowerState] INFO  impl.RoleInfo (RoleInfo.java:updateAndGet(139)) - 2b76223f-58f9-4cd2-9f7f-000dbc1ba401: start 2b76223f-58f9-4cd2-9f7f-000dbc1ba401@group-8A05D5EADE4D-LeaderElection21
2022-10-18 06:31:39,692 [2b76223f-58f9-4cd2-9f7f-000dbc1ba401@group-8A05D5EADE4D-LeaderElection21] INFO  impl.LeaderElection (LeaderElection.java:askForVotes(310)) - 2b76223f-58f9-4cd2-9f7f-000dbc1ba401@group-8A05D5EADE4D-LeaderElection21 ELECTION round 0: submit vote requests at term 1 for -1: [2b76223f-58f9-4cd2-9f7f-000dbc1ba401|rpc:10.1.1.164:34831|priority:1, 8f793f0f-c5f3-467b-8d0b-cdd09a0930a8|rpc:10.1.1.164:33639|priority:0, ad9bea1d-9774-4e82-9b2d-afdcccbaa8d7|rpc:10.1.1.164:33755|priority:0], old=null
2022-10-18 06:31:39,694 [grpc-default-executor-1] INFO  server.RaftServer$Division (RaftServerImpl.java:requestVote(1152)) - 8f793f0f-c5f3-467b-8d0b-cdd09a0930a8@group-8A05D5EADE4D: receive requestVote(ELECTION, 2b76223f-58f9-4cd2-9f7f-000dbc1ba401, group-8A05D5EADE4D, 1, (t:0, i:0))
2022-10-18 06:31:39,694 [grpc-default-executor-1] INFO  impl.VoteContext (VoteContext.java:log(48)) - 8f793f0f-c5f3-467b-8d0b-cdd09a0930a8@group-8A05D5EADE4D-FOLLOWER: accept ELECTION from 2b76223f-58f9-4cd2-9f7f-000dbc1ba401: our priority 0 <= candidate's priority 1
2022-10-18 06:31:39,694 [grpc-default-executor-1] INFO  server.RaftServer$Division (RaftServerImpl.java:setRole(299)) - 8f793f0f-c5f3-467b-8d0b-cdd09a0930a8@group-8A05D5EADE4D: changes role from  FOLLOWER to FOLLOWER at term 1 for candidate:2b76223f-58f9-4cd2-9f7f-000dbc1ba401
2022-10-18 06:31:39,694 [grpc-default-executor-1] INFO  impl.RoleInfo (RoleInfo.java:shutdownFollowerState(110)) - 8f793f0f-c5f3-467b-8d0b-cdd09a0930a8: shutdown 8f793f0f-c5f3-467b-8d0b-cdd09a0930a8@group-8A05D5EADE4D-FollowerState
2022-10-18 06:31:39,694 [grpc-default-executor-1] INFO  impl.RoleInfo (RoleInfo.java:updateAndGet(139)) - 8f793f0f-c5f3-467b-8d0b-cdd09a0930a8: start 8f793f0f-c5f3-467b-8d0b-cdd09a0930a8@group-8A05D5EADE4D-FollowerState
2022-10-18 06:31:39,694 [8f793f0f-c5f3-467b-8d0b-cdd09a0930a8@group-8A05D5EADE4D-FollowerState] INFO  impl.FollowerState (FollowerState.java:run(152)) - 8f793f0f-c5f3-467b-8d0b-cdd09a0930a8@group-8A05D5EADE4D-FollowerState was interrupted
2022-10-18 06:31:39,697 [grpc-default-executor-2] INFO  server.RaftServer$Division (RaftServerImpl.java:requestVote(1152)) - ad9bea1d-9774-4e82-9b2d-afdcccbaa8d7@group-8A05D5EADE4D: receive requestVote(ELECTION, 2b76223f-58f9-4cd2-9f7f-000dbc1ba401, group-8A05D5EADE4D, 1, (t:0, i:0))
2022-10-18 06:31:39,697 [grpc-default-executor-2] INFO  impl.VoteContext (VoteContext.java:log(48)) - ad9bea1d-9774-4e82-9b2d-afdcccbaa8d7@group-8A05D5EADE4D-FOLLOWER: accept ELECTION from 2b76223f-58f9-4cd2-9f7f-000dbc1ba401: our priority 0 <= candidate's priority 1
2022-10-18 06:31:39,697 [grpc-default-executor-2] INFO  server.RaftServer$Division (RaftServerImpl.java:setRole(299)) - ad9bea1d-9774-4e82-9b2d-afdcccbaa8d7@group-8A05D5EADE4D: changes role from  FOLLOWER to FOLLOWER at term 1 for candidate:2b76223f-58f9-4cd2-9f7f-000dbc1ba401
2022-10-18 06:31:39,697 [grpc-default-executor-2] INFO  impl.RoleInfo (RoleInfo.java:shutdownFollowerState(110)) - ad9bea1d-9774-4e82-9b2d-afdcccbaa8d7: shutdown ad9bea1d-9774-4e82-9b2d-afdcccbaa8d7@group-8A05D5EADE4D-FollowerState
2022-10-18 06:31:39,698 [grpc-default-executor-2] INFO  impl.RoleInfo (RoleInfo.java:updateAndGet(139)) - ad9bea1d-9774-4e82-9b2d-afdcccbaa8d7: start ad9bea1d-9774-4e82-9b2d-afdcccbaa8d7@group-8A05D5EADE4D-FollowerState
2022-10-18 06:31:39,698 [ad9bea1d-9774-4e82-9b2d-afdcccbaa8d7@group-8A05D5EADE4D-FollowerState] INFO  impl.FollowerState (FollowerState.java:run(152)) - ad9bea1d-9774-4e82-9b2d-afdcccbaa8d7@group-8A05D5EADE4D-FollowerState was interrupted
2022-10-18 06:31:39,703 [grpc-default-executor-1] INFO  server.RaftServer$Division (RaftServerImpl.java:requestVote(1184)) - 8f793f0f-c5f3-467b-8d0b-cdd09a0930a8@group-8A05D5EADE4D replies to ELECTION vote request: 2b76223f-58f9-4cd2-9f7f-000dbc1ba401<-8f793f0f-c5f3-467b-8d0b-cdd09a0930a8#0:OK-t1. Peer's state: 8f793f0f-c5f3-467b-8d0b-cdd09a0930a8@group-8A05D5EADE4D:t1, leader=null, voted=2b76223f-58f9-4cd2-9f7f-000dbc1ba401, raftlog=8f793f0f-c5f3-467b-8d0b-cdd09a0930a8@group-8A05D5EADE4D-SegmentedRaftLog:OPENED:c-1, conf=-1: [2b76223f-58f9-4cd2-9f7f-000dbc1ba401|rpc:10.1.1.164:34831|dataStream:|priority:1, 8f793f0f-c5f3-467b-8d0b-cdd09a0930a8|rpc:10.1.1.164:33639|dataStream:|priority:0, ad9bea1d-9774-4e82-9b2d-afdcccbaa8d7|rpc:10.1.1.164:33755|dataStream:|priority:0], old=null
2022-10-18 06:31:39,704 [2b76223f-58f9-4cd2-9f7f-000dbc1ba401@group-8A05D5EADE4D-LeaderElection21] INFO  impl.LeaderElection (LeaderElection.java:logAndReturn(90)) - 2b76223f-58f9-4cd2-9f7f-000dbc1ba401@group-8A05D5EADE4D-LeaderElection21: ELECTION PASSED received 1 response(s) and 0 exception(s):
2022-10-18 06:31:39,704 [2b76223f-58f9-4cd2-9f7f-000dbc1ba401@group-8A05D5EADE4D-LeaderElection21] INFO  impl.LeaderElection (LeaderElection.java:logAndReturn(94)) -   Response 0: 2b76223f-58f9-4cd2-9f7f-000dbc1ba401<-8f793f0f-c5f3-467b-8d0b-cdd09a0930a8#0:OK-t1
2022-10-18 06:31:39,704 [2b76223f-58f9-4cd2-9f7f-000dbc1ba401@group-8A05D5EADE4D-LeaderElection21] INFO  impl.LeaderElection (LeaderElection.java:askForVotes(312)) - 2b76223f-58f9-4cd2-9f7f-000dbc1ba401@group-8A05D5EADE4D-LeaderElection21 ELECTION round 0: result PASSED
2022-10-18 06:31:39,704 [2b76223f-58f9-4cd2-9f7f-000dbc1ba401@group-8A05D5EADE4D-LeaderElection21] INFO  impl.RoleInfo (RoleInfo.java:shutdownLeaderElection(130)) - 2b76223f-58f9-4cd2-9f7f-000dbc1ba401: shutdown 2b76223f-58f9-4cd2-9f7f-000dbc1ba401@group-8A05D5EADE4D-LeaderElection21
2022-10-18 06:31:39,704 [2b76223f-58f9-4cd2-9f7f-000dbc1ba401@group-8A05D5EADE4D-LeaderElection21] INFO  server.RaftServer$Division (RaftServerImpl.java:setRole(299)) - 2b76223f-58f9-4cd2-9f7f-000dbc1ba401@group-8A05D5EADE4D: changes role from CANDIDATE to LEADER at term 1 for changeToLeader
2022-10-18 06:31:39,704 [2b76223f-58f9-4cd2-9f7f-000dbc1ba401@group-8A05D5EADE4D-LeaderElection21] INFO  ratis.XceiverServerRatis (XceiverServerRatis.java:handleLeaderChangedNotification(863)) - Leader change notification received for group: group-8A05D5EADE4D with new leaderId: 2b76223f-58f9-4cd2-9f7f-000dbc1ba401
2022-10-18 06:31:39,704 [2b76223f-58f9-4cd2-9f7f-000dbc1ba401@group-8A05D5EADE4D-LeaderElection21] INFO  server.RaftServer$Division (ServerState.java:setLeader(287)) - 2b76223f-58f9-4cd2-9f7f-000dbc1ba401@group-8A05D5EADE4D: change Leader from null to 2b76223f-58f9-4cd2-9f7f-000dbc1ba401 at term 1 for becomeLeader, leader elected after 5026ms
2022-10-18 06:31:39,704 [2b76223f-58f9-4cd2-9f7f-000dbc1ba401@group-8A05D5EADE4D-LeaderElection21] INFO  server.RaftServerConfigKeys (ConfUtils.java:logGet(46)) - raft.server.staging.catchup.gap = 1000 (default)
2022-10-18 06:31:39,705 [2b76223f-58f9-4cd2-9f7f-000dbc1ba401@group-8A05D5EADE4D-LeaderElection21] INFO  server.RaftServerConfigKeys (ConfUtils.java:logGet(46)) - raft.server.write.element-limit = 1024 (custom)
2022-10-18 06:31:39,705 [2b76223f-58f9-4cd2-9f7f-000dbc1ba401@group-8A05D5EADE4D-LeaderElection21] INFO  server.RaftServerConfigKeys (ConfUtils.java:logGet(46)) - raft.server.write.byte-limit = 1024 M (=1073741824) (custom)
2022-10-18 06:31:39,705 [2b76223f-58f9-4cd2-9f7f-000dbc1ba401@group-8A05D5EADE4D-LeaderElection21] INFO  server.RaftServerConfigKeys (ConfUtils.java:logGet(46)) - raft.server.watch.timeout = 180s (custom)
2022-10-18 06:31:39,705 [2b76223f-58f9-4cd2-9f7f-000dbc1ba401@group-8A05D5EADE4D-LeaderElection21] INFO  server.RaftServerConfigKeys (ConfUtils.java:logGet(46)) - raft.server.watch.timeout.denomination = 1s (default)
2022-10-18 06:31:39,705 [2b76223f-58f9-4cd2-9f7f-000dbc1ba401@group-8A05D5EADE4D-LeaderElection21] INFO  server.RaftServerConfigKeys (ConfUtils.java:logGet(46)) - raft.server.watch.element-limit = 65536 (default)
2022-10-18 06:31:39,705 [2b76223f-58f9-4cd2-9f7f-000dbc1ba401@group-8A05D5EADE4D-LeaderElection21] INFO  server.RaftServerConfigKeys (ConfUtils.java:logGet(46)) - raft.server.write.element-limit = 1024 (custom)
2022-10-18 06:31:39,705 [2b76223f-58f9-4cd2-9f7f-000dbc1ba401@group-8A05D5EADE4D-LeaderElection21] INFO  server.RaftServerConfigKeys (ConfUtils.java:logGet(46)) - raft.server.write.follower.gap.ratio.max = -1.0 (default)
2022-10-18 06:31:39,706 [2b76223f-58f9-4cd2-9f7f-000dbc1ba401@group-8A05D5EADE4D-LeaderElection21] INFO  server.RaftServerConfigKeys (ConfUtils.java:logGet(46)) - raft.server.log.appender.snapshot.chunk.size.max = 16MB (=16777216) (default)
2022-10-18 06:31:39,706 [2b76223f-58f9-4cd2-9f7f-000dbc1ba401@group-8A05D5EADE4D-LeaderElection21] INFO  server.RaftServerConfigKeys (ConfUtils.java:logGet(46)) - raft.server.log.appender.buffer.byte-limit = 33554432 (custom)
2022-10-18 06:31:39,706 [2b76223f-58f9-4cd2-9f7f-000dbc1ba401@group-8A05D5EADE4D-LeaderElection21] INFO  server.RaftServerConfigKeys (ConfUtils.java:logGet(46)) - raft.server.log.appender.buffer.element-limit = 1 (custom)
2022-10-18 06:31:39,706 [2b76223f-58f9-4cd2-9f7f-000dbc1ba401@group-8A05D5EADE4D-LeaderElection21] INFO  grpc.GrpcConfigKeys (ConfUtils.java:logGet(46)) - raft.grpc.server.leader.outstanding.appends.max = 128 (default)
2022-10-18 06:31:39,706 [2b76223f-58f9-4cd2-9f7f-000dbc1ba401@group-8A05D5EADE4D-LeaderElection21] INFO  server.RaftServerConfigKeys (ConfUtils.java:logGet(46)) - raft.server.rpc.request.timeout = 60s (custom)
2022-10-18 06:31:39,706 [2b76223f-58f9-4cd2-9f7f-000dbc1ba401@group-8A05D5EADE4D-LeaderElection21] INFO  server.RaftServerConfigKeys (ConfUtils.java:logGet(46)) - raft.server.log.appender.install.snapshot.enabled = false (custom)
2022-10-18 06:31:39,706 [grpc-default-executor-2] INFO  server.RaftServer$Division (RaftServerImpl.java:requestVote(1184)) - ad9bea1d-9774-4e82-9b2d-afdcccbaa8d7@group-8A05D5EADE4D replies to ELECTION vote request: 2b76223f-58f9-4cd2-9f7f-000dbc1ba401<-ad9bea1d-9774-4e82-9b2d-afdcccbaa8d7#0:OK-t1. Peer's state: ad9bea1d-9774-4e82-9b2d-afdcccbaa8d7@group-8A05D5EADE4D:t1, leader=null, voted=2b76223f-58f9-4cd2-9f7f-000dbc1ba401, raftlog=ad9bea1d-9774-4e82-9b2d-afdcccbaa8d7@group-8A05D5EADE4D-SegmentedRaftLog:OPENED:c-1, conf=-1: [2b76223f-58f9-4cd2-9f7f-000dbc1ba401|rpc:10.1.1.164:34831|dataStream:|priority:1, 8f793f0f-c5f3-467b-8d0b-cdd09a0930a8|rpc:10.1.1.164:33639|dataStream:|priority:0, ad9bea1d-9774-4e82-9b2d-afdcccbaa8d7|rpc:10.1.1.164:33755|dataStream:|priority:0], old=null
2022-10-18 06:31:39,706 [EventQueue-PipelineReportForPipelineReportHandler] INFO  pipeline.PipelineManagerImpl (PipelineManagerImpl.java:openPipeline(367)) - Pipeline Pipeline[ Id: db0c2de2-aab7-45f7-93ce-8a05d5eade4d, Nodes: 8f793f0f-c5f3-467b-8d0b-cdd09a0930a8{ip: 10.1.1.164, host: fv-az241-838.2tfxs3cvuluejhi1wdm4o5ef4c.bx.internal.cloudapp.net, ports: [REPLICATION=45587, RATIS=33639, RATIS_ADMIN=33639, RATIS_SERVER=33639, STANDALONE=42191], networkLocation: /default-rack, certSerialId: null, persistedOpState: IN_SERVICE, persistedOpStateExpiryEpochSec: 0}2b76223f-58f9-4cd2-9f7f-000dbc1ba401{ip: 10.1.1.164, host: fv-az241-838.2tfxs3cvuluejhi1wdm4o5ef4c.bx.internal.cloudapp.net, ports: [REPLICATION=35943, RATIS=34831, RATIS_ADMIN=34831, RATIS_SERVER=34831, STANDALONE=43689], networkLocation: /default-rack, certSerialId: null, persistedOpState: IN_SERVICE, persistedOpStateExpiryEpochSec: 0}ad9bea1d-9774-4e82-9b2d-afdcccbaa8d7{ip: 10.1.1.164, host: fv-az241-838.2tfxs3cvuluejhi1wdm4o5ef4c.bx.internal.cloudapp.net, ports: [REPLICATION=46679, RATIS=33755, RATIS_ADMIN=33755, RATIS_SERVER=33755, STANDALONE=37501], networkLocation: /default-rack, certSerialId: null, persistedOpState: IN_SERVICE, persistedOpStateExpiryEpochSec: 0}, ReplicationConfig: RATIS/THREE, State:ALLOCATED, leaderId:2b76223f-58f9-4cd2-9f7f-000dbc1ba401, CreationTimestamp2022-10-18T06:31:32.163Z[Etc/UTC]] moved to OPEN state
2022-10-18 06:31:39,707 [EventQueue-OpenPipelineForHealthyPipelineSafeModeRule] INFO  safemode.SCMSafeModeManager (HealthyPipelineSafeModeRule.java:process(137)) - SCM in safe mode. Healthy pipelines reported count is 1, required healthy pipeline reported count is 1
2022-10-18 06:31:39,707 [EventQueue-OpenPipelineForHealthyPipelineSafeModeRule] INFO  safemode.SCMSafeModeManager (SCMSafeModeManager.java:validateSafeModeExitRules(204)) - HealthyPipelineSafeModeRule rule is successfully validated
2022-10-18 06:31:39,707 [EventQueue-OpenPipelineForHealthyPipelineSafeModeRule] INFO  safemode.SCMSafeModeManager (SCMSafeModeManager.java:validateSafeModeExitRules(219)) - ScmSafeModeManager, all rules are successfully validated
2022-10-18 06:31:39,707 [EventQueue-OpenPipelineForHealthyPipelineSafeModeRule] INFO  safemode.SCMSafeModeManager (SCMSafeModeManager.java:exitSafeMode(248)) - SCM exiting safe mode.
2022-10-18 06:31:39,707 [EventQueue-OpenPipelineForHealthyPipelineSafeModeRule] WARN  events.EventQueue (EventQueue.java:fireEvent(216)) - No event handler registered for event TypedEvent{payloadType=SafeModeStatus, name='Safe mode status'}
2022-10-18 06:31:39,707 [EventQueue-OpenPipelineForHealthyPipelineSafeModeRule] INFO  ha.SCMContext (SCMContext.java:updateSafeModeStatus(228)) - Update SafeModeStatus from SafeModeStatus{safeModeStatus=true, preCheckPassed=true} to SafeModeStatus{safeModeStatus=false, preCheckPassed=true}.
2022-10-18 06:31:39,707 [EventQueue-OpenPipelineForHealthyPipelineSafeModeRule] INFO  pipeline.BackgroundPipelineCreator (BackgroundPipelineCreator.java:notifyStatusChanged(254)) - Service BackgroundPipelineCreator transitions to RUNNING.
2022-10-18 06:31:39,707 [EventQueue-OpenPipelineForHealthyPipelineSafeModeRule] INFO  BackgroundPipelineScrubber (BackgroundSCMService.java:notifyStatusChanged(82)) - Service BackgroundPipelineScrubber transitions to RUNNING.
2022-10-18 06:31:39,707 [EventQueue-OpenPipelineForHealthyPipelineSafeModeRule] INFO  ExpiredContainerReplicaOpScrubber (BackgroundSCMService.java:notifyStatusChanged(82)) - Service ExpiredContainerReplicaOpScrubber transitions to RUNNING.
2022-10-18 06:31:39,707 [EventQueue-OpenPipelineForHealthyPipelineSafeModeRule] INFO  replication.ReplicationManager (ReplicationManager.java:notifyStatusChanged(728)) - Service ReplicationManager transitions to RUNNING.
2022-10-18 06:31:39,707 [2b76223f-58f9-4cd2-9f7f-000dbc1ba401@group-8A05D5EADE4D-LeaderElection21] INFO  server.RaftServerConfigKeys (ConfUtils.java:logGet(46)) - raft.server.log.appender.snapshot.chunk.size.max = 16MB (=16777216) (default)
2022-10-18 06:31:39,707 [2b76223f-58f9-4cd2-9f7f-000dbc1ba401@group-8A05D5EADE4D-LeaderElection21] INFO  server.RaftServerConfigKeys (ConfUtils.java:logGet(46)) - raft.server.log.appender.buffer.byte-limit = 33554432 (custom)
2022-10-18 06:31:39,707 [2b76223f-58f9-4cd2-9f7f-000dbc1ba401@group-8A05D5EADE4D-LeaderElection21] INFO  server.RaftServerConfigKeys (ConfUtils.java:logGet(46)) - raft.server.log.appender.buffer.element-limit = 1 (custom)
2022-10-18 06:31:39,708 [2b76223f-58f9-4cd2-9f7f-000dbc1ba401@group-8A05D5EADE4D-LeaderElection21] INFO  grpc.GrpcConfigKeys (ConfUtils.java:logGet(46)) - raft.grpc.server.leader.outstanding.appends.max = 128 (default)
2022-10-18 06:31:39,709 [2b76223f-58f9-4cd2-9f7f-000dbc1ba401@group-8A05D5EADE4D-LeaderElection21] INFO  server.RaftServerConfigKeys (ConfUtils.java:logGet(46)) - raft.server.rpc.request.timeout = 60s (custom)
2022-10-18 06:31:39,709 [2b76223f-58f9-4cd2-9f7f-000dbc1ba401@group-8A05D5EADE4D-LeaderElection21] INFO  server.RaftServerConfigKeys (ConfUtils.java:logGet(46)) - raft.server.log.appender.install.snapshot.enabled = false (custom)
2022-10-18 06:31:39,709 [2b76223f-58f9-4cd2-9f7f-000dbc1ba401@group-8A05D5EADE4D-LeaderElection21] INFO  impl.RoleInfo (RoleInfo.java:updateAndGet(139)) - 2b76223f-58f9-4cd2-9f7f-000dbc1ba401: start 2b76223f-58f9-4cd2-9f7f-000dbc1ba401@group-8A05D5EADE4D-LeaderStateImpl
2022-10-18 06:31:39,710 [2b76223f-58f9-4cd2-9f7f-000dbc1ba401@group-8A05D5EADE4D-LeaderElection21] INFO  segmented.SegmentedRaftLogWorker (SegmentedRaftLogWorker.java:startLogSegment(425)) - 2b76223f-58f9-4cd2-9f7f-000dbc1ba401@group-8A05D5EADE4D-SegmentedRaftLogWorker: Starting segment from index:0
2022-10-18 06:31:39,711 [2b76223f-58f9-4cd2-9f7f-000dbc1ba401@group-8A05D5EADE4D-SegmentedRaftLogWorker] INFO  segmented.SegmentedRaftLogWorker (SegmentedRaftLogWorker.java:execute(629)) - 2b76223f-58f9-4cd2-9f7f-000dbc1ba401@group-8A05D5EADE4D-SegmentedRaftLogWorker: created new log segment /home/runner/work/ozone/ozone/hadoop-ozone/integration-test/target/test-dir/MiniOzoneClusterImpl-06b5c26c-5174-482c-8dea-daeaa88de3bb/datanode-0/data/ratis/db0c2de2-aab7-45f7-93ce-8a05d5eade4d/current/log_inprogress_0
2022-10-18 06:31:39,707 [EventQueue-OpenPipelineForHealthyPipelineSafeModeRule] WARN  balancer.ContainerBalancer (ContainerBalancer.java:shouldRun(131)) - Could not find persisted configuration for ContainerBalancer when checking if ContainerBalancer should run. ContainerBalancer should not run now.
2022-10-18 06:31:39,721 [2b76223f-58f9-4cd2-9f7f-000dbc1ba401@group-8A05D5EADE4D-LeaderElection21] INFO  server.RaftServer$Division (ServerState.java:setRaftConf(393)) - 2b76223f-58f9-4cd2-9f7f-000dbc1ba401@group-8A05D5EADE4D: set configuration 0: [2b76223f-58f9-4cd2-9f7f-000dbc1ba401|rpc:10.1.1.164:34831|dataStream:|priority:1, 8f793f0f-c5f3-467b-8d0b-cdd09a0930a8|rpc:10.1.1.164:33639|dataStream:|priority:0, ad9bea1d-9774-4e82-9b2d-afdcccbaa8d7|rpc:10.1.1.164:33755|dataStream:|priority:0], old=null
2022-10-18 06:31:39,733 [2b76223f-58f9-4cd2-9f7f-000dbc1ba401@group-B827CF848CBE-FollowerState] INFO  impl.FollowerState (FollowerState.java:run(143)) - 2b76223f-58f9-4cd2-9f7f-000dbc1ba401@group-B827CF848CBE-FollowerState: change to CANDIDATE, lastRpcElapsedTime:5131334780ns, electionTimeout:5131ms
2022-10-18 06:31:39,733 [2b76223f-58f9-4cd2-9f7f-000dbc1ba401@group-B827CF848CBE-FollowerState] INFO  impl.RoleInfo (RoleInfo.java:shutdownFollowerState(110)) - 2b76223f-58f9-4cd2-9f7f-000dbc1ba401: shutdown 2b76223f-58f9-4cd2-9f7f-000dbc1ba401@group-B827CF848CBE-FollowerState
2022-10-18 06:31:39,733 [2b76223f-58f9-4cd2-9f7f-000dbc1ba401@group-B827CF848CBE-FollowerState] INFO  server.RaftServer$Division (RaftServerImpl.java:setRole(299)) - 2b76223f-58f9-4cd2-9f7f-000dbc1ba401@group-B827CF848CBE: changes role from  FOLLOWER to CANDIDATE at term 0 for changeToCandidate
2022-10-18 06:31:39,736 [8f793f0f-c5f3-467b-8d0b-cdd09a0930a8-server-thread1] INFO  ratis.XceiverServerRatis (XceiverServerRatis.java:handleLeaderChangedNotification(863)) - Leader change notification received for group: group-8A05D5EADE4D with new leaderId: 2b76223f-58f9-4cd2-9f7f-000dbc1ba401
2022-10-18 06:31:39,736 [8f793f0f-c5f3-467b-8d0b-cdd09a0930a8-server-thread1] INFO  server.RaftServer$Division (ServerState.java:setLeader(287)) - 8f793f0f-c5f3-467b-8d0b-cdd09a0930a8@group-8A05D5EADE4D: change Leader from null to 2b76223f-58f9-4cd2-9f7f-000dbc1ba401 at term 1 for appendEntries, leader elected after 5034ms
2022-10-18 06:31:39,736 [2b76223f-58f9-4cd2-9f7f-000dbc1ba401@group-B827CF848CBE-FollowerState] INFO  server.RaftServerConfigKeys (ConfUtils.java:logGet(46)) - raft.server.leaderelection.pre-vote = false (custom)
2022-10-18 06:31:39,736 [2b76223f-58f9-4cd2-9f7f-000dbc1ba401@group-B827CF848CBE-FollowerState] INFO  impl.RoleInfo (RoleInfo.java:updateAndGet(139)) - 2b76223f-58f9-4cd2-9f7f-000dbc1ba401: start 2b76223f-58f9-4cd2-9f7f-000dbc1ba401@group-B827CF848CBE-LeaderElection22
2022-10-18 06:31:39,737 [8f793f0f-c5f3-467b-8d0b-cdd09a0930a8-server-thread1] INFO  server.RaftServer$Division (ServerState.java:setRaftConf(393)) - 8f793f0f-c5f3-467b-8d0b-cdd09a0930a8@group-8A05D5EADE4D: set configuration 0: [2b76223f-58f9-4cd2-9f7f-000dbc1ba401|rpc:10.1.1.164:34831|dataStream:|priority:1, 8f793f0f-c5f3-467b-8d0b-cdd09a0930a8|rpc:10.1.1.164:33639|dataStream:|priority:0, ad9bea1d-9774-4e82-9b2d-afdcccbaa8d7|rpc:10.1.1.164:33755|dataStream:|priority:0], old=null
2022-10-18 06:31:39,738 [8f793f0f-c5f3-467b-8d0b-cdd09a0930a8-server-thread1] INFO  segmented.SegmentedRaftLogWorker (SegmentedRaftLogWorker.java:startLogSegment(425)) - 8f793f0f-c5f3-467b-8d0b-cdd09a0930a8@group-8A05D5EADE4D-SegmentedRaftLogWorker: Starting segment from index:0
2022-10-18 06:31:39,740 [8f793f0f-c5f3-467b-8d0b-cdd09a0930a8@group-8A05D5EADE4D-SegmentedRaftLogWorker] INFO  segmented.SegmentedRaftLogWorker (SegmentedRaftLogWorker.java:execute(629)) - 8f793f0f-c5f3-467b-8d0b-cdd09a0930a8@group-8A05D5EADE4D-SegmentedRaftLogWorker: created new log segment /home/runner/work/ozone/ozone/hadoop-ozone/integration-test/target/test-dir/MiniOzoneClusterImpl-06b5c26c-5174-482c-8dea-daeaa88de3bb/datanode-1/data/ratis/db0c2de2-aab7-45f7-93ce-8a05d5eade4d/current/log_inprogress_0
2022-10-18 06:31:39,740 [ad9bea1d-9774-4e82-9b2d-afdcccbaa8d7-server-thread1] INFO  ratis.XceiverServerRatis (XceiverServerRatis.java:handleLeaderChangedNotification(863)) - Leader change notification received for group: group-8A05D5EADE4D with new leaderId: 2b76223f-58f9-4cd2-9f7f-000dbc1ba401
2022-10-18 06:31:39,740 [ad9bea1d-9774-4e82-9b2d-afdcccbaa8d7-server-thread1] INFO  server.RaftServer$Division (ServerState.java:setLeader(287)) - ad9bea1d-9774-4e82-9b2d-afdcccbaa8d7@group-8A05D5EADE4D: change Leader from null to 2b76223f-58f9-4cd2-9f7f-000dbc1ba401 at term 1 for appendEntries, leader elected after 5009ms
2022-10-18 06:31:39,750 [ad9bea1d-9774-4e82-9b2d-afdcccbaa8d7-server-thread1] INFO  server.RaftServer$Division (ServerState.java:setRaftConf(393)) - ad9bea1d-9774-4e82-9b2d-afdcccbaa8d7@group-8A05D5EADE4D: set configuration 0: [2b76223f-58f9-4cd2-9f7f-000dbc1ba401|rpc:10.1.1.164:34831|dataStream:|priority:1, 8f793f0f-c5f3-467b-8d0b-cdd09a0930a8|rpc:10.1.1.164:33639|dataStream:|priority:0, ad9bea1d-9774-4e82-9b2d-afdcccbaa8d7|rpc:10.1.1.164:33755|dataStream:|priority:0], old=null
2022-10-18 06:31:39,750 [ad9bea1d-9774-4e82-9b2d-afdcccbaa8d7-server-thread1] INFO  segmented.SegmentedRaftLogWorker (SegmentedRaftLogWorker.java:startLogSegment(425)) - ad9bea1d-9774-4e82-9b2d-afdcccbaa8d7@group-8A05D5EADE4D-SegmentedRaftLogWorker: Starting segment from index:0
2022-10-18 06:31:39,753 [ad9bea1d-9774-4e82-9b2d-afdcccbaa8d7@group-8A05D5EADE4D-SegmentedRaftLogWorker] INFO  segmented.SegmentedRaftLogWorker (SegmentedRaftLogWorker.java:execute(629)) - ad9bea1d-9774-4e82-9b2d-afdcccbaa8d7@group-8A05D5EADE4D-SegmentedRaftLogWorker: created new log segment /home/runner/work/ozone/ozone/hadoop-ozone/integration-test/target/test-dir/MiniOzoneClusterImpl-06b5c26c-5174-482c-8dea-daeaa88de3bb/datanode-2/data/ratis/db0c2de2-aab7-45f7-93ce-8a05d5eade4d/current/log_inprogress_0
2022-10-18 06:31:39,756 [2b76223f-58f9-4cd2-9f7f-000dbc1ba401@group-B827CF848CBE-LeaderElection22] INFO  impl.LeaderElection (LeaderElection.java:askForVotes(310)) - 2b76223f-58f9-4cd2-9f7f-000dbc1ba401@group-B827CF848CBE-LeaderElection22 ELECTION round 0: submit vote requests at term 1 for -1: [2b76223f-58f9-4cd2-9f7f-000dbc1ba401|rpc:10.1.1.164:34831|priority:1], old=null
2022-10-18 06:31:39,756 [2b76223f-58f9-4cd2-9f7f-000dbc1ba401@group-B827CF848CBE-LeaderElection22] INFO  impl.LeaderElection (LeaderElection.java:askForVotes(312)) - 2b76223f-58f9-4cd2-9f7f-000dbc1ba401@group-B827CF848CBE-LeaderElection22 ELECTION round 0: result PASSED (term=1)
2022-10-18 06:31:39,756 [2b76223f-58f9-4cd2-9f7f-000dbc1ba401@group-B827CF848CBE-LeaderElection22] INFO  impl.RoleInfo (RoleInfo.java:shutdownLeaderElection(130)) - 2b76223f-58f9-4cd2-9f7f-000dbc1ba401: shutdown 2b76223f-58f9-4cd2-9f7f-000dbc1ba401@group-B827CF848CBE-LeaderElection22
2022-10-18 06:31:39,756 [2b76223f-58f9-4cd2-9f7f-000dbc1ba401@group-B827CF848CBE-LeaderElection22] INFO  server.RaftServer$Division (RaftServerImpl.java:setRole(299)) - 2b76223f-58f9-4cd2-9f7f-000dbc1ba401@group-B827CF848CBE: changes role from CANDIDATE to LEADER at term 1 for changeToLeader
2022-10-18 06:31:39,756 [2b76223f-58f9-4cd2-9f7f-000dbc1ba401@group-B827CF848CBE-LeaderElection22] INFO  ratis.XceiverServerRatis (XceiverServerRatis.java:handleLeaderChangedNotification(863)) - Leader change notification received for group: group-B827CF848CBE with new leaderId: 2b76223f-58f9-4cd2-9f7f-000dbc1ba401
2022-10-18 06:31:39,759 [2b76223f-58f9-4cd2-9f7f-000dbc1ba401@group-B827CF848CBE-LeaderElection22] INFO  server.RaftServer$Division (ServerState.java:setLeader(287)) - 2b76223f-58f9-4cd2-9f7f-000dbc1ba401@group-B827CF848CBE: change Leader from null to 2b76223f-58f9-4cd2-9f7f-000dbc1ba401 at term 1 for becomeLeader, leader elected after 5161ms
2022-10-18 06:31:39,759 [2b76223f-58f9-4cd2-9f7f-000dbc1ba401@group-B827CF848CBE-LeaderElection22] INFO  server.RaftServerConfigKeys (ConfUtils.java:logGet(46)) - raft.server.staging.catchup.gap = 1000 (default)
2022-10-18 06:31:39,759 [2b76223f-58f9-4cd2-9f7f-000dbc1ba401@group-B827CF848CBE-LeaderElection22] INFO  server.RaftServerConfigKeys (ConfUtils.java:logGet(46)) - raft.server.write.element-limit = 1024 (custom)
2022-10-18 06:31:39,759 [2b76223f-58f9-4cd2-9f7f-000dbc1ba401@group-B827CF848CBE-LeaderElection22] INFO  server.RaftServerConfigKeys (ConfUtils.java:logGet(46)) - raft.server.write.byte-limit = 1024 M (=1073741824) (custom)
2022-10-18 06:31:39,760 [2b76223f-58f9-4cd2-9f7f-000dbc1ba401@group-B827CF848CBE-LeaderElection22] INFO  server.RaftServerConfigKeys (ConfUtils.java:logGet(46)) - raft.server.watch.timeout = 180s (custom)
2022-10-18 06:31:39,760 [2b76223f-58f9-4cd2-9f7f-000dbc1ba401@group-B827CF848CBE-LeaderElection22] INFO  server.RaftServerConfigKeys (ConfUtils.java:logGet(46)) - raft.server.watch.timeout.denomination = 1s (default)
2022-10-18 06:31:39,760 [2b76223f-58f9-4cd2-9f7f-000dbc1ba401@group-B827CF848CBE-LeaderElection22] INFO  server.RaftServerConfigKeys (ConfUtils.java:logGet(46)) - raft.server.watch.element-limit = 65536 (default)
2022-10-18 06:31:39,760 [2b76223f-58f9-4cd2-9f7f-000dbc1ba401@group-B827CF848CBE-LeaderElection22] INFO  server.RaftServerConfigKeys (ConfUtils.java:logGet(46)) - raft.server.write.element-limit = 1024 (custom)
2022-10-18 06:31:39,761 [2b76223f-58f9-4cd2-9f7f-000dbc1ba401@group-B827CF848CBE-LeaderElection22] INFO  server.RaftServerConfigKeys (ConfUtils.java:logGet(46)) - raft.server.write.follower.gap.ratio.max = -1.0 (default)
2022-10-18 06:31:39,761 [2b76223f-58f9-4cd2-9f7f-000dbc1ba401@group-B827CF848CBE-LeaderElection22] INFO  impl.RoleInfo (RoleInfo.java:updateAndGet(139)) - 2b76223f-58f9-4cd2-9f7f-000dbc1ba401: start 2b76223f-58f9-4cd2-9f7f-000dbc1ba401@group-B827CF848CBE-LeaderStateImpl
2022-10-18 06:31:39,761 [2b76223f-58f9-4cd2-9f7f-000dbc1ba401@group-B827CF848CBE-LeaderElection22] INFO  segmented.SegmentedRaftLogWorker (SegmentedRaftLogWorker.java:startLogSegment(425)) - 2b76223f-58f9-4cd2-9f7f-000dbc1ba401@group-B827CF848CBE-SegmentedRaftLogWorker: Starting segment from index:0
2022-10-18 06:31:39,762 [2b76223f-58f9-4cd2-9f7f-000dbc1ba401@group-B827CF848CBE-SegmentedRaftLogWorker] INFO  segmented.SegmentedRaftLogWorker (SegmentedRaftLogWorker.java:execute(629)) - 2b76223f-58f9-4cd2-9f7f-000dbc1ba401@group-B827CF848CBE-SegmentedRaftLogWorker: created new log segment /home/runner/work/ozone/ozone/hadoop-ozone/integration-test/target/test-dir/MiniOzoneClusterImpl-06b5c26c-5174-482c-8dea-daeaa88de3bb/datanode-0/data/ratis/0fdfac7f-1e21-472f-a62e-b827cf848cbe/current/log_inprogress_0
2022-10-18 06:31:39,769 [2b76223f-58f9-4cd2-9f7f-000dbc1ba401@group-B827CF848CBE-LeaderElection22] INFO  server.RaftServer$Division (ServerState.java:setRaftConf(393)) - 2b76223f-58f9-4cd2-9f7f-000dbc1ba401@group-B827CF848CBE: set configuration 0: [2b76223f-58f9-4cd2-9f7f-000dbc1ba401|rpc:10.1.1.164:34831|dataStream:|priority:1], old=null
2022-10-18 06:31:39,974 [8f793f0f-c5f3-467b-8d0b-cdd09a0930a8@group-FDDB399EB1B0-FollowerState] INFO  impl.FollowerState (FollowerState.java:run(143)) - 8f793f0f-c5f3-467b-8d0b-cdd09a0930a8@group-FDDB399EB1B0-FollowerState: change to CANDIDATE, lastRpcElapsedTime:5094032229ns, electionTimeout:5093ms
2022-10-18 06:31:39,975 [8f793f0f-c5f3-467b-8d0b-cdd09a0930a8@group-FDDB399EB1B0-FollowerState] INFO  impl.RoleInfo (RoleInfo.java:shutdownFollowerState(110)) - 8f793f0f-c5f3-467b-8d0b-cdd09a0930a8: shutdown 8f793f0f-c5f3-467b-8d0b-cdd09a0930a8@group-FDDB399EB1B0-FollowerState
2022-10-18 06:31:39,975 [8f793f0f-c5f3-467b-8d0b-cdd09a0930a8@group-FDDB399EB1B0-FollowerState] INFO  server.RaftServer$Division (RaftServerImpl.java:setRole(299)) - 8f793f0f-c5f3-467b-8d0b-cdd09a0930a8@group-FDDB399EB1B0: changes role from  FOLLOWER to CANDIDATE at term 0 for changeToCandidate
2022-10-18 06:31:39,975 [8f793f0f-c5f3-467b-8d0b-cdd09a0930a8@group-FDDB399EB1B0-FollowerState] INFO  server.RaftServerConfigKeys (ConfUtils.java:logGet(46)) - raft.server.leaderelection.pre-vote = false (custom)
2022-10-18 06:31:39,975 [8f793f0f-c5f3-467b-8d0b-cdd09a0930a8@group-FDDB399EB1B0-FollowerState] INFO  impl.RoleInfo (RoleInfo.java:updateAndGet(139)) - 8f793f0f-c5f3-467b-8d0b-cdd09a0930a8: start 8f793f0f-c5f3-467b-8d0b-cdd09a0930a8@group-FDDB399EB1B0-LeaderElection23
2022-10-18 06:31:39,979 [8f793f0f-c5f3-467b-8d0b-cdd09a0930a8@group-FDDB399EB1B0-LeaderElection23] INFO  impl.LeaderElection (LeaderElection.java:askForVotes(310)) - 8f793f0f-c5f3-467b-8d0b-cdd09a0930a8@group-FDDB399EB1B0-LeaderElection23 ELECTION round 0: submit vote requests at term 1 for -1: [8f793f0f-c5f3-467b-8d0b-cdd09a0930a8|rpc:10.1.1.164:33639|priority:1], old=null
2022-10-18 06:31:39,979 [8f793f0f-c5f3-467b-8d0b-cdd09a0930a8@group-FDDB399EB1B0-LeaderElection23] INFO  impl.LeaderElection (LeaderElection.java:askForVotes(312)) - 8f793f0f-c5f3-467b-8d0b-cdd09a0930a8@group-FDDB399EB1B0-LeaderElection23 ELECTION round 0: result PASSED (term=1)
2022-10-18 06:31:39,979 [8f793f0f-c5f3-467b-8d0b-cdd09a0930a8@group-FDDB399EB1B0-LeaderElection23] INFO  impl.RoleInfo (RoleInfo.java:shutdownLeaderElection(130)) - 8f793f0f-c5f3-467b-8d0b-cdd09a0930a8: shutdown 8f793f0f-c5f3-467b-8d0b-cdd09a0930a8@group-FDDB399EB1B0-LeaderElection23
2022-10-18 06:31:39,979 [8f793f0f-c5f3-467b-8d0b-cdd09a0930a8@group-FDDB399EB1B0-LeaderElection23] INFO  server.RaftServer$Division (RaftServerImpl.java:setRole(299)) - 8f793f0f-c5f3-467b-8d0b-cdd09a0930a8@group-FDDB399EB1B0: changes role from CANDIDATE to LEADER at term 1 for changeToLeader
2022-10-18 06:31:39,979 [8f793f0f-c5f3-467b-8d0b-cdd09a0930a8@group-FDDB399EB1B0-LeaderElection23] INFO  ratis.XceiverServerRatis (XceiverServerRatis.java:handleLeaderChangedNotification(863)) - Leader change notification received for group: group-FDDB399EB1B0 with new leaderId: 8f793f0f-c5f3-467b-8d0b-cdd09a0930a8
2022-10-18 06:31:39,979 [8f793f0f-c5f3-467b-8d0b-cdd09a0930a8@group-FDDB399EB1B0-LeaderElection23] INFO  server.RaftServer$Division (ServerState.java:setLeader(287)) - 8f793f0f-c5f3-467b-8d0b-cdd09a0930a8@group-FDDB399EB1B0: change Leader from null to 8f793f0f-c5f3-467b-8d0b-cdd09a0930a8 at term 1 for becomeLeader, leader elected after 5105ms
2022-10-18 06:31:39,979 [8f793f0f-c5f3-467b-8d0b-cdd09a0930a8@group-FDDB399EB1B0-LeaderElection23] INFO  server.RaftServerConfigKeys (ConfUtils.java:logGet(46)) - raft.server.staging.catchup.gap = 1000 (default)
2022-10-18 06:31:39,979 [8f793f0f-c5f3-467b-8d0b-cdd09a0930a8@group-FDDB399EB1B0-LeaderElection23] INFO  server.RaftServerConfigKeys (ConfUtils.java:logGet(46)) - raft.server.write.element-limit = 1024 (custom)
2022-10-18 06:31:39,979 [8f793f0f-c5f3-467b-8d0b-cdd09a0930a8@group-FDDB399EB1B0-LeaderElection23] INFO  server.RaftServerConfigKeys (ConfUtils.java:logGet(46)) - raft.server.write.byte-limit = 1024 M (=1073741824) (custom)
2022-10-18 06:31:39,980 [8f793f0f-c5f3-467b-8d0b-cdd09a0930a8@group-FDDB399EB1B0-LeaderElection23] INFO  server.RaftServerConfigKeys (ConfUtils.java:logGet(46)) - raft.server.watch.timeout = 180s (custom)
2022-10-18 06:31:39,980 [8f793f0f-c5f3-467b-8d0b-cdd09a0930a8@group-FDDB399EB1B0-LeaderElection23] INFO  server.RaftServerConfigKeys (ConfUtils.java:logGet(46)) - raft.server.watch.timeout.denomination = 1s (default)
2022-10-18 06:31:39,980 [8f793f0f-c5f3-467b-8d0b-cdd09a0930a8@group-FDDB399EB1B0-LeaderElection23] INFO  server.RaftServerConfigKeys (ConfUtils.java:logGet(46)) - raft.server.watch.element-limit = 65536 (default)
2022-10-18 06:31:39,980 [8f793f0f-c5f3-467b-8d0b-cdd09a0930a8@group-FDDB399EB1B0-LeaderElection23] INFO  server.RaftServerConfigKeys (ConfUtils.java:logGet(46)) - raft.server.write.element-limit = 1024 (custom)
2022-10-18 06:31:39,980 [8f793f0f-c5f3-467b-8d0b-cdd09a0930a8@group-FDDB399EB1B0-LeaderElection23] INFO  server.RaftServerConfigKeys (ConfUtils.java:logGet(46)) - raft.server.write.follower.gap.ratio.max = -1.0 (default)
2022-10-18 06:31:39,980 [8f793f0f-c5f3-467b-8d0b-cdd09a0930a8@group-FDDB399EB1B0-LeaderElection23] INFO  impl.RoleInfo (RoleInfo.java:updateAndGet(139)) - 8f793f0f-c5f3-467b-8d0b-cdd09a0930a8: start 8f793f0f-c5f3-467b-8d0b-cdd09a0930a8@group-FDDB399EB1B0-LeaderStateImpl
2022-10-18 06:31:39,980 [8f793f0f-c5f3-467b-8d0b-cdd09a0930a8@group-FDDB399EB1B0-LeaderElection23] INFO  segmented.SegmentedRaftLogWorker (SegmentedRaftLogWorker.java:startLogSegment(425)) - 8f793f0f-c5f3-467b-8d0b-cdd09a0930a8@group-FDDB399EB1B0-SegmentedRaftLogWorker: Starting segment from index:0
2022-10-18 06:31:39,986 [8f793f0f-c5f3-467b-8d0b-cdd09a0930a8@group-FDDB399EB1B0-LeaderElection23] INFO  server.RaftServer$Division (ServerState.java:setRaftConf(393)) - 8f793f0f-c5f3-467b-8d0b-cdd09a0930a8@group-FDDB399EB1B0: set configuration 0: [8f793f0f-c5f3-467b-8d0b-cdd09a0930a8|rpc:10.1.1.164:33639|dataStream:|priority:1], old=null
2022-10-18 06:31:39,986 [8f793f0f-c5f3-467b-8d0b-cdd09a0930a8@group-FDDB399EB1B0-SegmentedRaftLogWorker] INFO  segmented.SegmentedRaftLogWorker (SegmentedRaftLogWorker.java:execute(629)) - 8f793f0f-c5f3-467b-8d0b-cdd09a0930a8@group-FDDB399EB1B0-SegmentedRaftLogWorker: created new log segment /home/runner/work/ozone/ozone/hadoop-ozone/integration-test/target/test-dir/MiniOzoneClusterImpl-06b5c26c-5174-482c-8dea-daeaa88de3bb/datanode-1/data/ratis/2adca5aa-8962-4b96-b40c-fddb399eb1b0/current/log_inprogress_0
2022-10-18 06:31:40,156 [Listener at 127.0.0.1/33175] INFO  ozone.MiniOzoneClusterImpl (MiniOzoneClusterImpl.java:lambda$waitForClusterToBeReady$0(216)) - Nodes are ready. Got 3 of 3 DN Heartbeats.
2022-10-18 06:31:40,157 [Listener at 127.0.0.1/33175] INFO  ozone.MiniOzoneClusterImpl (MiniOzoneClusterImpl.java:lambda$waitForClusterToBeReady$0(219)) - Cluster exits safe mode
2022-10-18 06:31:40,157 [Listener at 127.0.0.1/33175] INFO  ozone.MiniOzoneClusterImpl (MiniOzoneClusterImpl.java:lambda$waitForClusterToBeReady$0(221)) - SCM became leader
2022-10-18 06:31:40,176 [Listener at 127.0.0.1/33175] INFO  rpc.RpcClient (RpcClient.java:createVolume(471)) - Creating Volume: volume96256, with user88807 as owner and space quota set to -1 bytes, counts quota set to -1
2022-10-18 06:31:40,192 [OM StateMachine ApplyTransaction Thread - 0] INFO  volume.OMVolumeCreateRequest (OMVolumeCreateRequest.java:validateAndUpdateCache(195)) - created volume:volume96256 for user:user88807
2022-10-18 06:31:40,202 [OM StateMachine ApplyTransaction Thread - 0] INFO  volume.OMVolumeCreateRequest (OMVolumeCreateRequest.java:validateAndUpdateCache(195)) - created volume:volume96256 for user:user88807
2022-10-18 06:31:40,212 [OM StateMachine ApplyTransaction Thread - 0] INFO  volume.OMVolumeCreateRequest (OMVolumeCreateRequest.java:validateAndUpdateCache(195)) - created volume:volume96256 for user:user88807
2022-10-18 06:31:40,216 [Listener at 127.0.0.1/33175] INFO  rpc.RpcClient (RpcClient.java:createBucket(674)) - Creating Bucket: volume96256/bucket11780, with server-side default bucket layout, runner as owner, Versioning false, Storage Type set to DISK and Encryption set to false 
2022-10-18 06:31:40,221 [OM StateMachine ApplyTransaction Thread - 0] INFO  bucket.OMBucketCreateRequest (OMBucketCreateRequest.java:validateAndUpdateCache(260)) - created bucket: bucket11780 of layout LEGACY in volume: volume96256
2022-10-18 06:31:40,224 [OM StateMachine ApplyTransaction Thread - 0] INFO  bucket.OMBucketCreateRequest (OMBucketCreateRequest.java:validateAndUpdateCache(260)) - created bucket: bucket11780 of layout LEGACY in volume: volume96256
2022-10-18 06:31:40,236 [IPC Server handler 2 on default port 36531] INFO  ha.SequenceIdGenerator (SequenceIdGenerator.java:getNextId(128)) - Allocate a batch for containerId, change lastId from 0 to 1000.
2022-10-18 06:31:40,236 [OM StateMachine ApplyTransaction Thread - 0] INFO  bucket.OMBucketCreateRequest (OMBucketCreateRequest.java:validateAndUpdateCache(260)) - created bucket: bucket11780 of layout LEGACY in volume: volume96256
2022-10-18 06:31:40,237 [IPC Server handler 2 on default port 36531] WARN  ha.SequenceIdGenerator (SequenceIdGenerator.java:allocateBatch(237)) - Failed to allocate a batch for localId, expected lastId is 0, actual lastId is 109611004723200000.
2022-10-18 06:31:40,237 [IPC Server handler 2 on default port 36531] INFO  ha.SequenceIdGenerator (SequenceIdGenerator.java:getNextId(128)) - Allocate a batch for localId, change lastId from 109611004723200000 to 109611004723201000.
2022-10-18 06:31:40,368 [ad9bea1d-9774-4e82-9b2d-afdcccbaa8d7@group-FF43B2C2DA43-FollowerState] INFO  impl.FollowerState (FollowerState.java:run(143)) - ad9bea1d-9774-4e82-9b2d-afdcccbaa8d7@group-FF43B2C2DA43-FollowerState: change to CANDIDATE, lastRpcElapsedTime:5197295959ns, electionTimeout:5197ms
2022-10-18 06:31:40,368 [ad9bea1d-9774-4e82-9b2d-afdcccbaa8d7@group-FF43B2C2DA43-FollowerState] INFO  impl.RoleInfo (RoleInfo.java:shutdownFollowerState(110)) - ad9bea1d-9774-4e82-9b2d-afdcccbaa8d7: shutdown ad9bea1d-9774-4e82-9b2d-afdcccbaa8d7@group-FF43B2C2DA43-FollowerState
2022-10-18 06:31:40,368 [ad9bea1d-9774-4e82-9b2d-afdcccbaa8d7@group-FF43B2C2DA43-FollowerState] INFO  server.RaftServer$Division (RaftServerImpl.java:setRole(299)) - ad9bea1d-9774-4e82-9b2d-afdcccbaa8d7@group-FF43B2C2DA43: changes role from  FOLLOWER to CANDIDATE at term 0 for changeToCandidate
2022-10-18 06:31:40,368 [ad9bea1d-9774-4e82-9b2d-afdcccbaa8d7@group-FF43B2C2DA43-FollowerState] INFO  server.RaftServerConfigKeys (ConfUtils.java:logGet(46)) - raft.server.leaderelection.pre-vote = false (custom)
2022-10-18 06:31:40,368 [ad9bea1d-9774-4e82-9b2d-afdcccbaa8d7@group-FF43B2C2DA43-FollowerState] INFO  impl.RoleInfo (RoleInfo.java:updateAndGet(139)) - ad9bea1d-9774-4e82-9b2d-afdcccbaa8d7: start ad9bea1d-9774-4e82-9b2d-afdcccbaa8d7@group-FF43B2C2DA43-LeaderElection24
2022-10-18 06:31:40,381 [ad9bea1d-9774-4e82-9b2d-afdcccbaa8d7@group-FF43B2C2DA43-LeaderElection24] INFO  impl.LeaderElection (LeaderElection.java:askForVotes(310)) - ad9bea1d-9774-4e82-9b2d-afdcccbaa8d7@group-FF43B2C2DA43-LeaderElection24 ELECTION round 0: submit vote requests at term 1 for -1: [ad9bea1d-9774-4e82-9b2d-afdcccbaa8d7|rpc:10.1.1.164:33755|priority:1], old=null
2022-10-18 06:31:40,381 [ad9bea1d-9774-4e82-9b2d-afdcccbaa8d7@group-FF43B2C2DA43-LeaderElection24] INFO  impl.LeaderElection (LeaderElection.java:askForVotes(312)) - ad9bea1d-9774-4e82-9b2d-afdcccbaa8d7@group-FF43B2C2DA43-LeaderElection24 ELECTION round 0: result PASSED (term=1)
2022-10-18 06:31:40,381 [ad9bea1d-9774-4e82-9b2d-afdcccbaa8d7@group-FF43B2C2DA43-LeaderElection24] INFO  impl.RoleInfo (RoleInfo.java:shutdownLeaderElection(130)) - ad9bea1d-9774-4e82-9b2d-afdcccbaa8d7: shutdown ad9bea1d-9774-4e82-9b2d-afdcccbaa8d7@group-FF43B2C2DA43-LeaderElection24
2022-10-18 06:31:40,381 [ad9bea1d-9774-4e82-9b2d-afdcccbaa8d7@group-FF43B2C2DA43-LeaderElection24] INFO  server.RaftServer$Division (RaftServerImpl.java:setRole(299)) - ad9bea1d-9774-4e82-9b2d-afdcccbaa8d7@group-FF43B2C2DA43: changes role from CANDIDATE to LEADER at term 1 for changeToLeader
2022-10-18 06:31:40,381 [ad9bea1d-9774-4e82-9b2d-afdcccbaa8d7@group-FF43B2C2DA43-LeaderElection24] INFO  ratis.XceiverServerRatis (XceiverServerRatis.java:handleLeaderChangedNotification(863)) - Leader change notification received for group: group-FF43B2C2DA43 with new leaderId: ad9bea1d-9774-4e82-9b2d-afdcccbaa8d7
2022-10-18 06:31:40,381 [ad9bea1d-9774-4e82-9b2d-afdcccbaa8d7@group-FF43B2C2DA43-LeaderElection24] INFO  server.RaftServer$Division (ServerState.java:setLeader(287)) - ad9bea1d-9774-4e82-9b2d-afdcccbaa8d7@group-FF43B2C2DA43: change Leader from null to ad9bea1d-9774-4e82-9b2d-afdcccbaa8d7 at term 1 for becomeLeader, leader elected after 5216ms
2022-10-18 06:31:40,381 [ad9bea1d-9774-4e82-9b2d-afdcccbaa8d7@group-FF43B2C2DA43-LeaderElection24] INFO  server.RaftServerConfigKeys (ConfUtils.java:logGet(46)) - raft.server.staging.catchup.gap = 1000 (default)
2022-10-18 06:31:40,382 [ad9bea1d-9774-4e82-9b2d-afdcccbaa8d7@group-FF43B2C2DA43-LeaderElection24] INFO  server.RaftServerConfigKeys (ConfUtils.java:logGet(46)) - raft.server.write.element-limit = 1024 (custom)
2022-10-18 06:31:40,382 [ad9bea1d-9774-4e82-9b2d-afdcccbaa8d7@group-FF43B2C2DA43-LeaderElection24] INFO  server.RaftServerConfigKeys (ConfUtils.java:logGet(46)) - raft.server.write.byte-limit = 1024 M (=1073741824) (custom)
2022-10-18 06:31:40,383 [ad9bea1d-9774-4e82-9b2d-afdcccbaa8d7@group-FF43B2C2DA43-LeaderElection24] INFO  server.RaftServerConfigKeys (ConfUtils.java:logGet(46)) - raft.server.watch.timeout = 180s (custom)
2022-10-18 06:31:40,383 [ad9bea1d-9774-4e82-9b2d-afdcccbaa8d7@group-FF43B2C2DA43-LeaderElection24] INFO  server.RaftServerConfigKeys (ConfUtils.java:logGet(46)) - raft.server.watch.timeout.denomination = 1s (default)
2022-10-18 06:31:40,383 [ad9bea1d-9774-4e82-9b2d-afdcccbaa8d7@group-FF43B2C2DA43-LeaderElection24] INFO  server.RaftServerConfigKeys (ConfUtils.java:logGet(46)) - raft.server.watch.element-limit = 65536 (default)
2022-10-18 06:31:40,383 [ad9bea1d-9774-4e82-9b2d-afdcccbaa8d7@group-FF43B2C2DA43-LeaderElection24] INFO  server.RaftServerConfigKeys (ConfUtils.java:logGet(46)) - raft.server.write.element-limit = 1024 (custom)
2022-10-18 06:31:40,383 [ad9bea1d-9774-4e82-9b2d-afdcccbaa8d7@group-FF43B2C2DA43-LeaderElection24] INFO  server.RaftServerConfigKeys (ConfUtils.java:logGet(46)) - raft.server.write.follower.gap.ratio.max = -1.0 (default)
2022-10-18 06:31:40,383 [ad9bea1d-9774-4e82-9b2d-afdcccbaa8d7@group-FF43B2C2DA43-LeaderElection24] INFO  impl.RoleInfo (RoleInfo.java:updateAndGet(139)) - ad9bea1d-9774-4e82-9b2d-afdcccbaa8d7: start ad9bea1d-9774-4e82-9b2d-afdcccbaa8d7@group-FF43B2C2DA43-LeaderStateImpl
2022-10-18 06:31:40,383 [ad9bea1d-9774-4e82-9b2d-afdcccbaa8d7@group-FF43B2C2DA43-LeaderElection24] INFO  segmented.SegmentedRaftLogWorker (SegmentedRaftLogWorker.java:startLogSegment(425)) - ad9bea1d-9774-4e82-9b2d-afdcccbaa8d7@group-FF43B2C2DA43-SegmentedRaftLogWorker: Starting segment from index:0
2022-10-18 06:31:40,393 [ad9bea1d-9774-4e82-9b2d-afdcccbaa8d7@group-FF43B2C2DA43-LeaderElection24] INFO  server.RaftServer$Division (ServerState.java:setRaftConf(393)) - ad9bea1d-9774-4e82-9b2d-afdcccbaa8d7@group-FF43B2C2DA43: set configuration 0: [ad9bea1d-9774-4e82-9b2d-afdcccbaa8d7|rpc:10.1.1.164:33755|dataStream:|priority:1], old=null
2022-10-18 06:31:40,395 [ad9bea1d-9774-4e82-9b2d-afdcccbaa8d7@group-FF43B2C2DA43-SegmentedRaftLogWorker] INFO  segmented.SegmentedRaftLogWorker (SegmentedRaftLogWorker.java:execute(629)) - ad9bea1d-9774-4e82-9b2d-afdcccbaa8d7@group-FF43B2C2DA43-SegmentedRaftLogWorker: created new log segment /home/runner/work/ozone/ozone/hadoop-ozone/integration-test/target/test-dir/MiniOzoneClusterImpl-06b5c26c-5174-482c-8dea-daeaa88de3bb/datanode-2/data/ratis/89bab94e-3e2e-4556-a846-ff43b2c2da43/current/log_inprogress_0
2022-10-18 06:31:40,637 [EndpointStateMachine task thread for /0.0.0.0:34663 - 0 ] INFO  ipc.Client (Client.java:handleConnectionFailure(1010)) - Retrying connect to server: 0.0.0.0/0.0.0.0:34663. Already tried 4 time(s); retry policy is RetryUpToMaximumCountWithFixedSleep(maxRetries=15, sleepTime=1000 MILLISECONDS)
2022-10-18 06:31:40,808 [Listener at 127.0.0.1/33175] INFO  om.OzoneManager (OzoneManager.java:stop(2034)) - omNode-3[localhost:33175]: Stopping Ozone Manager
2022-10-18 06:31:40,809 [Listener at 127.0.0.1/33175] INFO  ipc.Server (Server.java:stop(3428)) - Stopping server on 33175
2022-10-18 06:31:40,818 [IPC Server Responder] INFO  ipc.Server (Server.java:run(1517)) - Stopping IPC Server Responder
2022-10-18 06:31:40,818 [IPC Server listener on 33175] INFO  ipc.Server (Server.java:run(1384)) - Stopping IPC Server listener on 33175
2022-10-18 06:31:40,818 [Listener at 127.0.0.1/33175] INFO  server.RaftServer (RaftServerProxy.java:lambda$close$7(398)) - omNode-3: close
2022-10-18 06:31:40,818 [Listener at 127.0.0.1/33175] INFO  server.RaftServer$Division (RaftServerImpl.java:lambda$close$4(434)) - omNode-3@group-523986131536: shutdown
2022-10-18 06:31:40,818 [Listener at 127.0.0.1/33175] INFO  util.JmxRegister (JmxRegister.java:unregister(73)) - Successfully un-registered JMX Bean with object name Ratis:service=RaftServer,group=group-523986131536,id=omNode-3
2022-10-18 06:31:40,818 [Listener at 127.0.0.1/33175] INFO  impl.RoleInfo (RoleInfo.java:shutdownFollowerState(110)) - omNode-3: shutdown omNode-3@group-523986131536-FollowerState
2022-10-18 06:31:40,819 [Listener at 127.0.0.1/33175] INFO  impl.StateMachineUpdater (StateMachineUpdater.java:stopAndJoin(153)) - omNode-3@group-523986131536-StateMachineUpdater: set stopIndex = 43
2022-10-18 06:31:40,819 [omNode-3@group-523986131536-FollowerState] INFO  impl.FollowerState (FollowerState.java:run(152)) - omNode-3@group-523986131536-FollowerState was interrupted
2022-10-18 06:31:40,819 [omNode-3@group-523986131536-StateMachineUpdater] INFO  ratis.OzoneManagerStateMachine (OzoneManagerStateMachine.java:takeSnapshot(441)) - Current Snapshot Index (t:1, i:43)
2022-10-18 06:31:40,819 [omNode-3@group-523986131536-StateMachineUpdater] INFO  impl.StateMachineUpdater (StateMachineUpdater.java:takeSnapshot(287)) - omNode-3@group-523986131536-StateMachineUpdater: Took a snapshot at index 43
2022-10-18 06:31:40,819 [omNode-3@group-523986131536-StateMachineUpdater] INFO  impl.StateMachineUpdater (StateMachineUpdater.java:lambda$new$0(92)) - omNode-3@group-523986131536-StateMachineUpdater: snapshotIndex: updateIncreasingly -1 -> 43
2022-10-18 06:31:40,819 [omNode-3@group-523986131536-StateMachineUpdater] INFO  ratis.OzoneManagerStateMachine (OzoneManagerStateMachine.java:close(495)) - StateMachine has shutdown. Shutdown OzoneManager if not already shutdown.
2022-10-18 06:31:40,819 [omNode-3@group-523986131536-StateMachineUpdater] INFO  ratis.OzoneManagerDoubleBuffer (OzoneManagerDoubleBuffer.java:stop(466)) - Stopping OMDoubleBuffer flush thread
2022-10-18 06:31:40,820 [OMDoubleBufferFlushThread] INFO  ratis.OzoneManagerDoubleBuffer (OzoneManagerDoubleBuffer.java:flushTransactions(385)) - OMDoubleBuffer flush thread OMDoubleBufferFlushThread is interrupted and will exit.
2022-10-18 06:31:40,820 [Listener at 127.0.0.1/33175] INFO  server.RaftServer$Division (ServerState.java:close(429)) - omNode-3@group-523986131536: closes. applyIndex: 43
2022-10-18 06:31:40,821 [omNode-3@group-523986131536-SegmentedRaftLogWorker] INFO  segmented.SegmentedRaftLogWorker (SegmentedRaftLogWorker.java:run(336)) - omNode-3@group-523986131536-SegmentedRaftLogWorker was interrupted, exiting. There are 0 tasks remaining in the queue.
2022-10-18 06:31:40,821 [Listener at 127.0.0.1/33175] INFO  segmented.SegmentedRaftLogWorker (SegmentedRaftLogWorker.java:close(246)) - omNode-3@group-523986131536-SegmentedRaftLogWorker close()
2022-10-18 06:31:40,823 [Listener at 127.0.0.1/33175] INFO  server.GrpcService (GrpcService.java:closeImpl(269)) - omNode-3: shutdown server with port 37123 now
2022-10-18 06:31:40,826 [grpc-default-executor-3] WARN  server.GrpcServerProtocolService (LogUtils.java:warn(122)) - omNode-3: installSnapshot onError, lastRequest: omNode-1->omNode-3#1121751-t1,previous=(t:1, i:43),leaderCommit=43,initializing? true,entries: size=1, first=(t:1, i:44), METADATAENTRY(c:43): org.apache.ratis.thirdparty.io.grpc.StatusRuntimeException: CANCELLED: client cancelled
2022-10-18 06:31:40,826 [grpc-default-executor-1] WARN  server.GrpcLogAppender (LogUtils.java:warn(122)) - omNode-1@group-523986131536->omNode-3-AppendLogResponseHandler: Failed appendEntries: org.apache.ratis.thirdparty.io.grpc.StatusRuntimeException: CANCELLED: RST_STREAM closed stream. HTTP/2 error code: CANCEL
2022-10-18 06:31:40,826 [grpc-default-executor-1] INFO  leader.FollowerInfo (FollowerInfoImpl.java:lambda$new$0(48)) - omNode-1@group-523986131536->omNode-3: nextIndex: updateUnconditionally 45 -> 44
2022-10-18 06:31:40,826 [Listener at 127.0.0.1/33175] INFO  server.GrpcService (GrpcService.java:closeImpl(278)) - omNode-3: shutdown server with port 37123 successfully
2022-10-18 06:31:40,827 [org.apache.ratis.util.JvmPauseMonitor$$Lambda$703/523629281@697cbc92] INFO  util.JvmPauseMonitor (JvmPauseMonitor.java:run(109)) - JvmPauseMonitor-omNode-3: Stopped
2022-10-18 06:31:40,827 [Listener at 127.0.0.1/33175] INFO  ratis.OzoneManagerStateMachine (OzoneManagerStateMachine.java:close(495)) - StateMachine has shutdown. Shutdown OzoneManager if not already shutdown.
2022-10-18 06:31:40,827 [Listener at 127.0.0.1/33175] INFO  ratis.OzoneManagerDoubleBuffer (OzoneManagerDoubleBuffer.java:stop(478)) - OMDoubleBuffer flush thread is not running.
2022-10-18 06:31:40,828 [Listener at 127.0.0.1/33175] INFO  utils.BackgroundService (BackgroundService.java:shutdown(141)) - Shutting down service KeyDeletingService
2022-10-18 06:31:40,829 [grpc-default-executor-3] WARN  server.GrpcLogAppender (LogUtils.java:warn(122)) - omNode-1@group-523986131536->omNode-3-AppendLogResponseHandler: Failed appendEntries: org.apache.ratis.thirdparty.io.grpc.StatusRuntimeException: UNAVAILABLE: io exception
2022-10-18 06:31:40,829 [grpc-default-executor-3] INFO  leader.FollowerInfo (FollowerInfoImpl.java:lambda$new$0(48)) - omNode-1@group-523986131536->omNode-3: nextIndex: updateUnconditionally 45 -> 44
2022-10-18 06:31:40,830 [Listener at 127.0.0.1/33175] INFO  utils.BackgroundService (BackgroundService.java:shutdown(141)) - Shutting down service DirectoryDeletingService
2022-10-18 06:31:40,831 [Listener at 127.0.0.1/33175] INFO  utils.BackgroundService (BackgroundService.java:shutdown(141)) - Shutting down service OpenKeyCleanupService
2022-10-18 06:31:40,832 [Listener at 127.0.0.1/33175] INFO  handler.ContextHandler (ContextHandler.java:doStop(1153)) - Stopped o.e.j.w.WebAppContext@7d81d3ac{ozoneManager,/,null,STOPPED}{file:/home/runner/work/ozone/ozone/hadoop-ozone/integration-test/target/test-classes/webapps/ozoneManager}
2022-10-18 06:31:40,833 [Listener at 127.0.0.1/33175] INFO  server.AbstractConnector (AbstractConnector.java:doStop(381)) - Stopped ServerConnector@8f6d59{HTTP/1.1, (http/1.1)}{0.0.0.0:34333}
2022-10-18 06:31:40,833 [Listener at 127.0.0.1/33175] INFO  server.session (HouseKeeper.java:stopScavenging(149)) - node0 Stopped scavenging
2022-10-18 06:31:40,833 [Listener at 127.0.0.1/33175] INFO  handler.ContextHandler (ContextHandler.java:doStop(1153)) - Stopped o.e.j.s.ServletContextHandler@2bbb9812{static,/static,file:///home/runner/work/ozone/ozone/hadoop-ozone/integration-test/target/test-classes/webapps/static,STOPPED}
2022-10-18 06:31:40,833 [Listener at 127.0.0.1/33175] INFO  handler.ContextHandler (ContextHandler.java:doStop(1153)) - Stopped o.e.j.s.ServletContextHandler@52458842{logs,/logs,file:///home/runner/work/ozone/ozone/hadoop-ozone/integration-test/target/log,STOPPED}
2022-10-18 06:31:40,842 [grpc-default-executor-3] WARN  server.GrpcLogAppender (LogUtils.java:warn(122)) - omNode-1@group-523986131536->omNode-3-AppendLogResponseHandler: Failed appendEntries: org.apache.ratis.thirdparty.io.grpc.StatusRuntimeException: UNAVAILABLE: io exception
2022-10-18 06:31:40,842 [grpc-default-executor-3] INFO  leader.FollowerInfo (FollowerInfoImpl.java:lambda$new$0(48)) - omNode-1@group-523986131536->omNode-3: nextIndex: updateUnconditionally 46 -> 45
2022-10-18 06:31:40,844 [grpc-default-executor-3] WARN  server.GrpcLogAppender (LogUtils.java:warn(122)) - omNode-1@group-523986131536->omNode-3-AppendLogResponseHandler: Failed appendEntries: org.apache.ratis.thirdparty.io.grpc.StatusRuntimeException: UNAVAILABLE: io exception
2022-10-18 06:31:40,844 [grpc-default-executor-3] INFO  leader.FollowerInfo (FollowerInfoImpl.java:lambda$new$0(48)) - omNode-1@group-523986131536->omNode-3: nextIndex: updateUnconditionally 46 -> 45
2022-10-18 06:31:40,852 [grpc-default-executor-3] WARN  server.GrpcLogAppender (LogUtils.java:warn(122)) - omNode-1@group-523986131536->omNode-3-AppendLogResponseHandler: Failed appendEntries: org.apache.ratis.thirdparty.io.grpc.StatusRuntimeException: UNAVAILABLE: io exception
2022-10-18 06:31:40,853 [grpc-default-executor-3] INFO  leader.FollowerInfo (FollowerInfoImpl.java:lambda$new$0(48)) - omNode-1@group-523986131536->omNode-3: nextIndex: updateUnconditionally 47 -> 45
2022-10-18 06:31:40,857 [grpc-default-executor-3] WARN  server.GrpcLogAppender (LogUtils.java:warn(122)) - omNode-1@group-523986131536->omNode-3-AppendLogResponseHandler: Failed appendEntries: org.apache.ratis.thirdparty.io.grpc.StatusRuntimeException: UNAVAILABLE: io exception
2022-10-18 06:31:40,857 [grpc-default-executor-3] INFO  leader.FollowerInfo (FollowerInfoImpl.java:lambda$new$0(48)) - omNode-1@group-523986131536->omNode-3: nextIndex: updateUnconditionally 48 -> 45
2022-10-18 06:31:40,861 [grpc-default-executor-3] WARN  server.GrpcLogAppender (LogUtils.java:warn(122)) - omNode-1@group-523986131536->omNode-3-AppendLogResponseHandler: Failed appendEntries: org.apache.ratis.thirdparty.io.grpc.StatusRuntimeException: UNAVAILABLE: io exception
2022-10-18 06:31:40,861 [grpc-default-executor-3] INFO  leader.FollowerInfo (FollowerInfoImpl.java:lambda$new$0(48)) - omNode-1@group-523986131536->omNode-3: nextIndex: updateUnconditionally 48 -> 45
2022-10-18 06:31:40,866 [grpc-default-executor-3] WARN  server.GrpcLogAppender (LogUtils.java:warn(122)) - omNode-1@group-523986131536->omNode-3-AppendLogResponseHandler: Failed appendEntries: org.apache.ratis.thirdparty.io.grpc.StatusRuntimeException: UNAVAILABLE: io exception
2022-10-18 06:31:40,866 [grpc-default-executor-3] INFO  leader.FollowerInfo (FollowerInfoImpl.java:lambda$new$0(48)) - omNode-1@group-523986131536->omNode-3: nextIndex: updateUnconditionally 50 -> 45
2022-10-18 06:31:40,871 [grpc-default-executor-3] WARN  server.GrpcLogAppender (LogUtils.java:warn(122)) - omNode-1@group-523986131536->omNode-3-AppendLogResponseHandler: Failed appendEntries: org.apache.ratis.thirdparty.io.grpc.StatusRuntimeException: UNAVAILABLE: io exception
2022-10-18 06:31:40,872 [grpc-default-executor-3] INFO  leader.FollowerInfo (FollowerInfoImpl.java:lambda$new$0(48)) - omNode-1@group-523986131536->omNode-3: nextIndex: updateUnconditionally 50 -> 45
2022-10-18 06:31:40,874 [grpc-default-executor-1] WARN  server.GrpcLogAppender (LogUtils.java:warn(122)) - omNode-1@group-523986131536->omNode-3-AppendLogResponseHandler: Failed appendEntries: org.apache.ratis.thirdparty.io.grpc.StatusRuntimeException: UNAVAILABLE: io exception
2022-10-18 06:31:40,874 [grpc-default-executor-1] INFO  leader.FollowerInfo (FollowerInfoImpl.java:lambda$new$0(48)) - omNode-1@group-523986131536->omNode-3: nextIndex: updateUnconditionally 51 -> 45
2022-10-18 06:31:40,876 [omNode-1@group-523986131536-StateMachineUpdater] INFO  ratis.OzoneManagerStateMachine (OzoneManagerStateMachine.java:takeSnapshot(441)) - Current Snapshot Index (t:1, i:50)
2022-10-18 06:31:40,876 [omNode-1@group-523986131536-StateMachineUpdater] INFO  impl.StateMachineUpdater (StateMachineUpdater.java:takeSnapshot(287)) - omNode-1@group-523986131536-StateMachineUpdater: Took a snapshot at index 50
2022-10-18 06:31:40,876 [omNode-1@group-523986131536-StateMachineUpdater] INFO  impl.StateMachineUpdater (StateMachineUpdater.java:lambda$new$0(92)) - omNode-1@group-523986131536-StateMachineUpdater: snapshotIndex: updateIncreasingly -1 -> 50
2022-10-18 06:31:40,876 [omNode-1@group-523986131536-StateMachineUpdater] INFO  raftlog.RaftLog (RaftLogBase.java:purge(308)) - omNode-1@group-523986131536-SegmentedRaftLog: purge 50
2022-10-18 06:31:40,876 [omNode-1@group-523986131536-StateMachineUpdater] INFO  raftlog.RaftLog (RaftLogBase.java:lambda$new$0(53)) - omNode-1@group-523986131536-SegmentedRaftLog: snapshotIndex: updateIncreasingly -1 -> 50
2022-10-18 06:31:40,876 [omNode-1@group-523986131536-StateMachineUpdater] INFO  raftlog.RaftLog (RaftLogBase.java:lambda$new$0(53)) - omNode-1@group-523986131536-SegmentedRaftLog: purgeIndex: updateToMax old=-1, new=50, updated? true
2022-10-18 06:31:40,877 [grpc-default-executor-1] WARN  server.GrpcLogAppender (LogUtils.java:warn(122)) - omNode-1@group-523986131536->omNode-3-AppendLogResponseHandler: Failed appendEntries: org.apache.ratis.thirdparty.io.grpc.StatusRuntimeException: UNAVAILABLE: io exception
2022-10-18 06:31:40,877 [grpc-default-executor-1] INFO  leader.FollowerInfo (FollowerInfoImpl.java:lambda$new$0(48)) - omNode-1@group-523986131536->omNode-3: nextIndex: updateUnconditionally 51 -> 45
2022-10-18 06:31:40,894 [grpc-default-executor-1] WARN  server.GrpcLogAppender (LogUtils.java:warn(122)) - omNode-1@group-523986131536->omNode-3-AppendLogResponseHandler: Failed appendEntries: org.apache.ratis.thirdparty.io.grpc.StatusRuntimeException: UNAVAILABLE: io exception
2022-10-18 06:31:40,894 [grpc-default-executor-1] INFO  leader.FollowerInfo (FollowerInfoImpl.java:lambda$new$0(48)) - omNode-1@group-523986131536->omNode-3: nextIndex: updateUnconditionally 52 -> 45
2022-10-18 06:31:40,896 [omNode-2@group-523986131536-StateMachineUpdater] INFO  ratis.OzoneManagerStateMachine (OzoneManagerStateMachine.java:takeSnapshot(441)) - Current Snapshot Index (t:1, i:50)
2022-10-18 06:31:40,897 [omNode-2@group-523986131536-StateMachineUpdater] INFO  impl.StateMachineUpdater (StateMachineUpdater.java:takeSnapshot(287)) - omNode-2@group-523986131536-StateMachineUpdater: Took a snapshot at index 50
2022-10-18 06:31:40,897 [omNode-2@group-523986131536-StateMachineUpdater] INFO  impl.StateMachineUpdater (StateMachineUpdater.java:lambda$new$0(92)) - omNode-2@group-523986131536-StateMachineUpdater: snapshotIndex: updateIncreasingly -1 -> 50
2022-10-18 06:31:40,897 [omNode-2@group-523986131536-StateMachineUpdater] INFO  raftlog.RaftLog (RaftLogBase.java:purge(308)) - omNode-2@group-523986131536-SegmentedRaftLog: purge 50
2022-10-18 06:31:40,897 [omNode-2@group-523986131536-StateMachineUpdater] INFO  raftlog.RaftLog (RaftLogBase.java:lambda$new$0(53)) - omNode-2@group-523986131536-SegmentedRaftLog: snapshotIndex: updateIncreasingly -1 -> 50
2022-10-18 06:31:40,897 [omNode-2@group-523986131536-StateMachineUpdater] INFO  raftlog.RaftLog (RaftLogBase.java:lambda$new$0(53)) - omNode-2@group-523986131536-SegmentedRaftLog: purgeIndex: updateToMax old=-1, new=50, updated? true
2022-10-18 06:31:40,900 [grpc-default-executor-1] WARN  server.GrpcLogAppender (LogUtils.java:warn(122)) - omNode-1@group-523986131536->omNode-3-AppendLogResponseHandler: Failed appendEntries: org.apache.ratis.thirdparty.io.grpc.StatusRuntimeException: UNAVAILABLE: io exception
2022-10-18 06:31:40,900 [grpc-default-executor-1] INFO  leader.FollowerInfo (FollowerInfoImpl.java:lambda$new$0(48)) - omNode-1@group-523986131536->omNode-3: nextIndex: updateUnconditionally 52 -> 45
2022-10-18 06:31:40,903 [grpc-default-executor-1] WARN  server.GrpcLogAppender (LogUtils.java:warn(122)) - omNode-1@group-523986131536->omNode-3-AppendLogResponseHandler: Failed appendEntries: org.apache.ratis.thirdparty.io.grpc.StatusRuntimeException: UNAVAILABLE: io exception
2022-10-18 06:31:40,903 [grpc-default-executor-1] INFO  leader.FollowerInfo (FollowerInfoImpl.java:lambda$new$0(48)) - omNode-1@group-523986131536->omNode-3: nextIndex: updateUnconditionally 53 -> 45
2022-10-18 06:31:40,905 [grpc-default-executor-1] WARN  server.GrpcLogAppender (LogUtils.java:warn(122)) - omNode-1@group-523986131536->omNode-3-AppendLogResponseHandler: Failed appendEntries: org.apache.ratis.thirdparty.io.grpc.StatusRuntimeException: UNAVAILABLE: io exception
2022-10-18 06:31:40,905 [grpc-default-executor-1] INFO  leader.FollowerInfo (FollowerInfoImpl.java:lambda$new$0(48)) - omNode-1@group-523986131536->omNode-3: nextIndex: updateUnconditionally 53 -> 45
2022-10-18 06:31:40,907 [grpc-default-executor-1] WARN  server.GrpcLogAppender (LogUtils.java:warn(122)) - omNode-1@group-523986131536->omNode-3-AppendLogResponseHandler: Failed appendEntries: org.apache.ratis.thirdparty.io.grpc.StatusRuntimeException: UNAVAILABLE: io exception
2022-10-18 06:31:40,907 [grpc-default-executor-1] INFO  leader.FollowerInfo (FollowerInfoImpl.java:lambda$new$0(48)) - omNode-1@group-523986131536->omNode-3: nextIndex: updateUnconditionally 54 -> 45
2022-10-18 06:31:40,910 [grpc-default-executor-3] WARN  server.GrpcLogAppender (LogUtils.java:warn(122)) - omNode-1@group-523986131536->omNode-3-AppendLogResponseHandler: Failed appendEntries: org.apache.ratis.thirdparty.io.grpc.StatusRuntimeException: UNAVAILABLE: io exception
2022-10-18 06:31:40,910 [grpc-default-executor-3] INFO  leader.FollowerInfo (FollowerInfoImpl.java:lambda$new$0(48)) - omNode-1@group-523986131536->omNode-3: nextIndex: updateUnconditionally 54 -> 45
2022-10-18 06:31:40,915 [grpc-default-executor-1] WARN  server.GrpcLogAppender (LogUtils.java:warn(122)) - omNode-1@group-523986131536->omNode-3-AppendLogResponseHandler: Failed appendEntries: org.apache.ratis.thirdparty.io.grpc.StatusRuntimeException: UNAVAILABLE: io exception
2022-10-18 06:31:40,915 [grpc-default-executor-1] INFO  leader.FollowerInfo (FollowerInfoImpl.java:lambda$new$0(48)) - omNode-1@group-523986131536->omNode-3: nextIndex: updateUnconditionally 55 -> 45
2022-10-18 06:31:40,918 [grpc-default-executor-3] WARN  server.GrpcLogAppender (LogUtils.java:warn(122)) - omNode-1@group-523986131536->omNode-3-AppendLogResponseHandler: Failed appendEntries: org.apache.ratis.thirdparty.io.grpc.StatusRuntimeException: UNAVAILABLE: io exception
2022-10-18 06:31:40,918 [grpc-default-executor-3] INFO  leader.FollowerInfo (FollowerInfoImpl.java:lambda$new$0(48)) - omNode-1@group-523986131536->omNode-3: nextIndex: updateUnconditionally 55 -> 45
2022-10-18 06:31:40,933 [grpc-default-executor-3] WARN  server.GrpcLogAppender (LogUtils.java:warn(122)) - omNode-1@group-523986131536->omNode-3-AppendLogResponseHandler: Failed appendEntries: org.apache.ratis.thirdparty.io.grpc.StatusRuntimeException: UNAVAILABLE: io exception
2022-10-18 06:31:40,933 [grpc-default-executor-3] INFO  leader.FollowerInfo (FollowerInfoImpl.java:lambda$new$0(48)) - omNode-1@group-523986131536->omNode-3: nextIndex: updateUnconditionally 56 -> 45
2022-10-18 06:31:40,938 [grpc-default-executor-3] WARN  server.GrpcLogAppender (LogUtils.java:warn(122)) - omNode-1@group-523986131536->omNode-3-AppendLogResponseHandler: Failed appendEntries: org.apache.ratis.thirdparty.io.grpc.StatusRuntimeException: UNAVAILABLE: io exception
2022-10-18 06:31:40,938 [grpc-default-executor-3] INFO  leader.FollowerInfo (FollowerInfoImpl.java:lambda$new$0(48)) - omNode-1@group-523986131536->omNode-3: nextIndex: updateUnconditionally 56 -> 45
2022-10-18 06:31:40,942 [grpc-default-executor-3] WARN  server.GrpcLogAppender (LogUtils.java:warn(122)) - omNode-1@group-523986131536->omNode-3-AppendLogResponseHandler: Failed appendEntries: org.apache.ratis.thirdparty.io.grpc.StatusRuntimeException: UNAVAILABLE: io exception
2022-10-18 06:31:40,942 [grpc-default-executor-3] INFO  leader.FollowerInfo (FollowerInfoImpl.java:lambda$new$0(48)) - omNode-1@group-523986131536->omNode-3: nextIndex: updateUnconditionally 57 -> 45
2022-10-18 06:31:40,944 [grpc-default-executor-1] WARN  server.GrpcLogAppender (LogUtils.java:warn(122)) - omNode-1@group-523986131536->omNode-3-AppendLogResponseHandler: Failed appendEntries: org.apache.ratis.thirdparty.io.grpc.StatusRuntimeException: UNAVAILABLE: io exception
2022-10-18 06:31:40,944 [grpc-default-executor-1] INFO  leader.FollowerInfo (FollowerInfoImpl.java:lambda$new$0(48)) - omNode-1@group-523986131536->omNode-3: nextIndex: updateUnconditionally 57 -> 45
2022-10-18 06:31:40,961 [grpc-default-executor-1] WARN  server.GrpcLogAppender (LogUtils.java:warn(122)) - omNode-1@group-523986131536->omNode-3-AppendLogResponseHandler: Failed appendEntries: org.apache.ratis.thirdparty.io.grpc.StatusRuntimeException: UNAVAILABLE: io exception
2022-10-18 06:31:40,962 [grpc-default-executor-1] INFO  leader.FollowerInfo (FollowerInfoImpl.java:lambda$new$0(48)) - omNode-1@group-523986131536->omNode-3: nextIndex: updateUnconditionally 58 -> 45
2022-10-18 06:31:40,963 [grpc-default-executor-1] WARN  server.GrpcLogAppender (LogUtils.java:warn(122)) - omNode-1@group-523986131536->omNode-3-AppendLogResponseHandler: Failed appendEntries: org.apache.ratis.thirdparty.io.grpc.StatusRuntimeException: UNAVAILABLE: io exception
2022-10-18 06:31:40,963 [grpc-default-executor-1] INFO  leader.FollowerInfo (FollowerInfoImpl.java:lambda$new$0(48)) - omNode-1@group-523986131536->omNode-3: nextIndex: updateUnconditionally 58 -> 45
2022-10-18 06:31:40,967 [grpc-default-executor-1] WARN  server.GrpcLogAppender (LogUtils.java:warn(122)) - omNode-1@group-523986131536->omNode-3-AppendLogResponseHandler: Failed appendEntries: org.apache.ratis.thirdparty.io.grpc.StatusRuntimeException: UNAVAILABLE: io exception
2022-10-18 06:31:40,968 [grpc-default-executor-1] INFO  leader.FollowerInfo (FollowerInfoImpl.java:lambda$new$0(48)) - omNode-1@group-523986131536->omNode-3: nextIndex: updateUnconditionally 59 -> 45
2022-10-18 06:31:40,970 [grpc-default-executor-0] WARN  server.GrpcLogAppender (LogUtils.java:warn(122)) - omNode-1@group-523986131536->omNode-3-AppendLogResponseHandler: Failed appendEntries: org.apache.ratis.thirdparty.io.grpc.StatusRuntimeException: UNAVAILABLE: io exception
2022-10-18 06:31:40,970 [grpc-default-executor-0] INFO  leader.FollowerInfo (FollowerInfoImpl.java:lambda$new$0(48)) - omNode-1@group-523986131536->omNode-3: nextIndex: updateUnconditionally 59 -> 45
2022-10-18 06:31:40,980 [grpc-default-executor-3] WARN  server.GrpcLogAppender (LogUtils.java:warn(122)) - omNode-1@group-523986131536->omNode-3-AppendLogResponseHandler: Failed appendEntries: org.apache.ratis.thirdparty.io.grpc.StatusRuntimeException: UNAVAILABLE: io exception
2022-10-18 06:31:40,980 [grpc-default-executor-3] INFO  leader.FollowerInfo (FollowerInfoImpl.java:lambda$new$0(48)) - omNode-1@group-523986131536->omNode-3: nextIndex: updateUnconditionally 60 -> 45
2022-10-18 06:31:40,987 [grpc-default-executor-3] WARN  server.GrpcLogAppender (LogUtils.java:warn(122)) - omNode-1@group-523986131536->omNode-3-AppendLogResponseHandler: Failed appendEntries: org.apache.ratis.thirdparty.io.grpc.StatusRuntimeException: UNAVAILABLE: io exception
2022-10-18 06:31:40,987 [grpc-default-executor-3] INFO  leader.FollowerInfo (FollowerInfoImpl.java:lambda$new$0(48)) - omNode-1@group-523986131536->omNode-3: nextIndex: updateUnconditionally 60 -> 45
2022-10-18 06:31:40,991 [grpc-default-executor-3] WARN  server.GrpcLogAppender (LogUtils.java:warn(122)) - omNode-1@group-523986131536->omNode-3-AppendLogResponseHandler: Failed appendEntries: org.apache.ratis.thirdparty.io.grpc.StatusRuntimeException: UNAVAILABLE: io exception
2022-10-18 06:31:40,991 [grpc-default-executor-3] INFO  leader.FollowerInfo (FollowerInfoImpl.java:lambda$new$0(48)) - omNode-1@group-523986131536->omNode-3: nextIndex: updateUnconditionally 62 -> 45
2022-10-18 06:31:40,993 [grpc-default-executor-3] WARN  server.GrpcLogAppender (LogUtils.java:warn(122)) - omNode-1@group-523986131536->omNode-3-AppendLogResponseHandler: Failed appendEntries: org.apache.ratis.thirdparty.io.grpc.StatusRuntimeException: UNAVAILABLE: io exception
2022-10-18 06:31:40,993 [grpc-default-executor-3] INFO  leader.FollowerInfo (FollowerInfoImpl.java:lambda$new$0(48)) - omNode-1@group-523986131536->omNode-3: nextIndex: updateUnconditionally 63 -> 45
2022-10-18 06:31:41,008 [grpc-default-executor-0] WARN  server.GrpcLogAppender (LogUtils.java:warn(122)) - omNode-1@group-523986131536->omNode-3-AppendLogResponseHandler: Failed appendEntries: org.apache.ratis.thirdparty.io.grpc.StatusRuntimeException: UNAVAILABLE: io exception
2022-10-18 06:31:41,008 [grpc-default-executor-0] INFO  leader.FollowerInfo (FollowerInfoImpl.java:lambda$new$0(48)) - omNode-1@group-523986131536->omNode-3: nextIndex: updateUnconditionally 63 -> 45
2022-10-18 06:31:41,012 [grpc-default-executor-3] WARN  server.GrpcLogAppender (LogUtils.java:warn(122)) - omNode-1@group-523986131536->omNode-3-AppendLogResponseHandler: Failed appendEntries: org.apache.ratis.thirdparty.io.grpc.StatusRuntimeException: UNAVAILABLE: io exception
2022-10-18 06:31:41,012 [grpc-default-executor-3] INFO  leader.FollowerInfo (FollowerInfoImpl.java:lambda$new$0(48)) - omNode-1@group-523986131536->omNode-3: nextIndex: updateUnconditionally 64 -> 45
2022-10-18 06:31:41,018 [grpc-default-executor-0] WARN  server.GrpcLogAppender (LogUtils.java:warn(122)) - omNode-1@group-523986131536->omNode-3-AppendLogResponseHandler: Failed appendEntries: org.apache.ratis.thirdparty.io.grpc.StatusRuntimeException: UNAVAILABLE: io exception
2022-10-18 06:31:41,019 [grpc-default-executor-0] INFO  leader.FollowerInfo (FollowerInfoImpl.java:lambda$new$0(48)) - omNode-1@group-523986131536->omNode-3: nextIndex: updateUnconditionally 64 -> 45
2022-10-18 06:31:41,023 [grpc-default-executor-3] WARN  server.GrpcLogAppender (LogUtils.java:warn(122)) - omNode-1@group-523986131536->omNode-3-AppendLogResponseHandler: Failed appendEntries: org.apache.ratis.thirdparty.io.grpc.StatusRuntimeException: UNAVAILABLE: io exception
2022-10-18 06:31:41,024 [grpc-default-executor-3] INFO  leader.FollowerInfo (FollowerInfoImpl.java:lambda$new$0(48)) - omNode-1@group-523986131536->omNode-3: nextIndex: updateUnconditionally 66 -> 45
2022-10-18 06:31:41,026 [grpc-default-executor-3] WARN  server.GrpcLogAppender (LogUtils.java:warn(122)) - omNode-1@group-523986131536->omNode-3-AppendLogResponseHandler: Failed appendEntries: org.apache.ratis.thirdparty.io.grpc.StatusRuntimeException: UNAVAILABLE: io exception
2022-10-18 06:31:41,027 [grpc-default-executor-3] INFO  leader.FollowerInfo (FollowerInfoImpl.java:lambda$new$0(48)) - omNode-1@group-523986131536->omNode-3: nextIndex: updateUnconditionally 67 -> 45
2022-10-18 06:31:41,031 [grpc-default-executor-3] WARN  server.GrpcLogAppender (LogUtils.java:warn(122)) - omNode-1@group-523986131536->omNode-3-AppendLogResponseHandler: Failed appendEntries: org.apache.ratis.thirdparty.io.grpc.StatusRuntimeException: UNAVAILABLE: io exception
2022-10-18 06:31:41,032 [grpc-default-executor-3] INFO  leader.FollowerInfo (FollowerInfoImpl.java:lambda$new$0(48)) - omNode-1@group-523986131536->omNode-3: nextIndex: updateUnconditionally 67 -> 45
2022-10-18 06:31:41,049 [grpc-default-executor-3] WARN  server.GrpcLogAppender (LogUtils.java:warn(122)) - omNode-1@group-523986131536->omNode-3-AppendLogResponseHandler: Failed appendEntries: org.apache.ratis.thirdparty.io.grpc.StatusRuntimeException: UNAVAILABLE: io exception
2022-10-18 06:31:41,049 [grpc-default-executor-3] INFO  leader.FollowerInfo (FollowerInfoImpl.java:lambda$new$0(48)) - omNode-1@group-523986131536->omNode-3: nextIndex: updateUnconditionally 68 -> 45
2022-10-18 06:31:41,051 [grpc-default-executor-3] WARN  server.GrpcLogAppender (LogUtils.java:warn(122)) - omNode-1@group-523986131536->omNode-3-AppendLogResponseHandler: Failed appendEntries: org.apache.ratis.thirdparty.io.grpc.StatusRuntimeException: UNAVAILABLE: io exception
2022-10-18 06:31:41,052 [grpc-default-executor-3] INFO  leader.FollowerInfo (FollowerInfoImpl.java:lambda$new$0(48)) - omNode-1@group-523986131536->omNode-3: nextIndex: updateUnconditionally 68 -> 45
2022-10-18 06:31:41,056 [grpc-default-executor-3] WARN  server.GrpcLogAppender (LogUtils.java:warn(122)) - omNode-1@group-523986131536->omNode-3-AppendLogResponseHandler: Failed appendEntries: org.apache.ratis.thirdparty.io.grpc.StatusRuntimeException: UNAVAILABLE: io exception
2022-10-18 06:31:41,057 [grpc-default-executor-3] INFO  leader.FollowerInfo (FollowerInfoImpl.java:lambda$new$0(48)) - omNode-1@group-523986131536->omNode-3: nextIndex: updateUnconditionally 70 -> 45
2022-10-18 06:31:41,059 [grpc-default-executor-3] WARN  server.GrpcLogAppender (LogUtils.java:warn(122)) - omNode-1@group-523986131536->omNode-3-AppendLogResponseHandler: Failed appendEntries: org.apache.ratis.thirdparty.io.grpc.StatusRuntimeException: UNAVAILABLE: io exception
2022-10-18 06:31:41,059 [grpc-default-executor-3] INFO  leader.FollowerInfo (FollowerInfoImpl.java:lambda$new$0(48)) - omNode-1@group-523986131536->omNode-3: nextIndex: updateUnconditionally 70 -> 45
2022-10-18 06:31:41,066 [grpc-default-executor-0] WARN  server.GrpcLogAppender (LogUtils.java:warn(122)) - omNode-1@group-523986131536->omNode-3-AppendLogResponseHandler: Failed appendEntries: org.apache.ratis.thirdparty.io.grpc.StatusRuntimeException: UNAVAILABLE: io exception
2022-10-18 06:31:41,066 [grpc-default-executor-0] INFO  leader.FollowerInfo (FollowerInfoImpl.java:lambda$new$0(48)) - omNode-1@group-523986131536->omNode-3: nextIndex: updateUnconditionally 71 -> 45
2022-10-18 06:31:41,081 [grpc-default-executor-3] WARN  server.GrpcLogAppender (LogUtils.java:warn(122)) - omNode-1@group-523986131536->omNode-3-AppendLogResponseHandler: Failed appendEntries: org.apache.ratis.thirdparty.io.grpc.StatusRuntimeException: UNAVAILABLE: io exception
2022-10-18 06:31:41,081 [grpc-default-executor-3] INFO  leader.FollowerInfo (FollowerInfoImpl.java:lambda$new$0(48)) - omNode-1@group-523986131536->omNode-3: nextIndex: updateUnconditionally 72 -> 45
2022-10-18 06:31:41,087 [grpc-default-executor-3] WARN  server.GrpcLogAppender (LogUtils.java:warn(122)) - omNode-1@group-523986131536->omNode-3-AppendLogResponseHandler: Failed appendEntries: org.apache.ratis.thirdparty.io.grpc.StatusRuntimeException: UNAVAILABLE: io exception
2022-10-18 06:31:41,087 [grpc-default-executor-3] INFO  leader.FollowerInfo (FollowerInfoImpl.java:lambda$new$0(48)) - omNode-1@group-523986131536->omNode-3: nextIndex: updateUnconditionally 72 -> 45
2022-10-18 06:31:41,089 [grpc-default-executor-3] WARN  server.GrpcLogAppender (LogUtils.java:warn(122)) - omNode-1@group-523986131536->omNode-3-AppendLogResponseHandler: Failed appendEntries: org.apache.ratis.thirdparty.io.grpc.StatusRuntimeException: UNAVAILABLE: io exception
2022-10-18 06:31:41,090 [grpc-default-executor-3] INFO  leader.FollowerInfo (FollowerInfoImpl.java:lambda$new$0(48)) - omNode-1@group-523986131536->omNode-3: nextIndex: updateUnconditionally 74 -> 45
2022-10-18 06:31:41,094 [grpc-default-executor-0] WARN  server.GrpcLogAppender (LogUtils.java:warn(122)) - omNode-1@group-523986131536->omNode-3-AppendLogResponseHandler: Failed appendEntries: org.apache.ratis.thirdparty.io.grpc.StatusRuntimeException: UNAVAILABLE: io exception
2022-10-18 06:31:41,094 [grpc-default-executor-0] INFO  leader.FollowerInfo (FollowerInfoImpl.java:lambda$new$0(48)) - omNode-1@group-523986131536->omNode-3: nextIndex: updateUnconditionally 74 -> 45
2022-10-18 06:31:41,096 [grpc-default-executor-3] WARN  server.GrpcLogAppender (LogUtils.java:warn(122)) - omNode-1@group-523986131536->omNode-3-AppendLogResponseHandler: Failed appendEntries: org.apache.ratis.thirdparty.io.grpc.StatusRuntimeException: UNAVAILABLE: io exception
2022-10-18 06:31:41,096 [grpc-default-executor-3] INFO  leader.FollowerInfo (FollowerInfoImpl.java:lambda$new$0(48)) - omNode-1@group-523986131536->omNode-3: nextIndex: updateUnconditionally 75 -> 45
2022-10-18 06:31:41,099 [grpc-default-executor-0] WARN  server.GrpcLogAppender (LogUtils.java:warn(122)) - omNode-1@group-523986131536->omNode-3-AppendLogResponseHandler: Failed appendEntries: org.apache.ratis.thirdparty.io.grpc.StatusRuntimeException: UNAVAILABLE: io exception
2022-10-18 06:31:41,099 [grpc-default-executor-0] INFO  leader.FollowerInfo (FollowerInfoImpl.java:lambda$new$0(48)) - omNode-1@group-523986131536->omNode-3: nextIndex: updateUnconditionally 75 -> 45
2022-10-18 06:31:41,101 [grpc-default-executor-3] WARN  server.GrpcLogAppender (LogUtils.java:warn(122)) - omNode-1@group-523986131536->omNode-3-AppendLogResponseHandler: Failed appendEntries: org.apache.ratis.thirdparty.io.grpc.StatusRuntimeException: UNAVAILABLE: io exception
2022-10-18 06:31:41,101 [grpc-default-executor-3] INFO  leader.FollowerInfo (FollowerInfoImpl.java:lambda$new$0(48)) - omNode-1@group-523986131536->omNode-3: nextIndex: updateUnconditionally 75 -> 45
2022-10-18 06:31:41,111 [grpc-default-executor-3] WARN  server.GrpcLogAppender (LogUtils.java:warn(122)) - omNode-1@group-523986131536->omNode-3-AppendLogResponseHandler: Failed appendEntries: org.apache.ratis.thirdparty.io.grpc.StatusRuntimeException: UNAVAILABLE: io exception
2022-10-18 06:31:41,111 [grpc-default-executor-3] INFO  leader.FollowerInfo (FollowerInfoImpl.java:lambda$new$0(48)) - omNode-1@group-523986131536->omNode-3: nextIndex: updateUnconditionally 76 -> 45
2022-10-18 06:31:41,118 [grpc-default-executor-3] WARN  server.GrpcLogAppender (LogUtils.java:warn(122)) - omNode-1@group-523986131536->omNode-3-AppendLogResponseHandler: Failed appendEntries: org.apache.ratis.thirdparty.io.grpc.StatusRuntimeException: UNAVAILABLE: io exception
2022-10-18 06:31:41,118 [grpc-default-executor-3] INFO  leader.FollowerInfo (FollowerInfoImpl.java:lambda$new$0(48)) - omNode-1@group-523986131536->omNode-3: nextIndex: updateUnconditionally 76 -> 45
2022-10-18 06:31:41,124 [grpc-default-executor-1] WARN  server.GrpcLogAppender (LogUtils.java:warn(122)) - omNode-1@group-523986131536->omNode-3-AppendLogResponseHandler: Failed appendEntries: org.apache.ratis.thirdparty.io.grpc.StatusRuntimeException: UNAVAILABLE: io exception
2022-10-18 06:31:41,124 [grpc-default-executor-1] INFO  leader.FollowerInfo (FollowerInfoImpl.java:lambda$new$0(48)) - omNode-1@group-523986131536->omNode-3: nextIndex: updateUnconditionally 77 -> 45
2022-10-18 06:31:41,127 [grpc-default-executor-3] WARN  server.GrpcLogAppender (LogUtils.java:warn(122)) - omNode-1@group-523986131536->omNode-3-AppendLogResponseHandler: Failed appendEntries: org.apache.ratis.thirdparty.io.grpc.StatusRuntimeException: UNAVAILABLE: io exception
2022-10-18 06:31:41,128 [grpc-default-executor-3] INFO  leader.FollowerInfo (FollowerInfoImpl.java:lambda$new$0(48)) - omNode-1@group-523986131536->omNode-3: nextIndex: updateUnconditionally 78 -> 45
2022-10-18 06:31:41,132 [grpc-default-executor-3] WARN  server.GrpcLogAppender (LogUtils.java:warn(122)) - omNode-1@group-523986131536->omNode-3-AppendLogResponseHandler: Failed appendEntries: org.apache.ratis.thirdparty.io.grpc.StatusRuntimeException: UNAVAILABLE: io exception
2022-10-18 06:31:41,132 [grpc-default-executor-3] INFO  leader.FollowerInfo (FollowerInfoImpl.java:lambda$new$0(48)) - omNode-1@group-523986131536->omNode-3: nextIndex: updateUnconditionally 79 -> 45
2022-10-18 06:31:41,143 [grpc-default-executor-1] WARN  server.GrpcLogAppender (LogUtils.java:warn(122)) - omNode-1@group-523986131536->omNode-3-AppendLogResponseHandler: Failed appendEntries: org.apache.ratis.thirdparty.io.grpc.StatusRuntimeException: UNAVAILABLE: io exception
2022-10-18 06:31:41,144 [grpc-default-executor-1] INFO  leader.FollowerInfo (FollowerInfoImpl.java:lambda$new$0(48)) - omNode-1@group-523986131536->omNode-3: nextIndex: updateUnconditionally 79 -> 45
2022-10-18 06:31:41,152 [grpc-default-executor-1] WARN  server.GrpcLogAppender (LogUtils.java:warn(122)) - omNode-1@group-523986131536->omNode-3-AppendLogResponseHandler: Failed appendEntries: org.apache.ratis.thirdparty.io.grpc.StatusRuntimeException: UNAVAILABLE: io exception
2022-10-18 06:31:41,153 [grpc-default-executor-1] INFO  leader.FollowerInfo (FollowerInfoImpl.java:lambda$new$0(48)) - omNode-1@group-523986131536->omNode-3: nextIndex: updateUnconditionally 80 -> 45
2022-10-18 06:31:41,154 [grpc-default-executor-1] WARN  server.GrpcLogAppender (LogUtils.java:warn(122)) - omNode-1@group-523986131536->omNode-3-AppendLogResponseHandler: Failed appendEntries: org.apache.ratis.thirdparty.io.grpc.StatusRuntimeException: UNAVAILABLE: io exception
2022-10-18 06:31:41,155 [grpc-default-executor-1] INFO  leader.FollowerInfo (FollowerInfoImpl.java:lambda$new$0(48)) - omNode-1@group-523986131536->omNode-3: nextIndex: updateUnconditionally 80 -> 45
2022-10-18 06:31:41,158 [grpc-default-executor-3] WARN  server.GrpcLogAppender (LogUtils.java:warn(122)) - omNode-1@group-523986131536->omNode-3-AppendLogResponseHandler: Failed appendEntries: org.apache.ratis.thirdparty.io.grpc.StatusRuntimeException: UNAVAILABLE: io exception
2022-10-18 06:31:41,158 [grpc-default-executor-3] INFO  leader.FollowerInfo (FollowerInfoImpl.java:lambda$new$0(48)) - omNode-1@group-523986131536->omNode-3: nextIndex: updateUnconditionally 81 -> 45
2022-10-18 06:31:41,160 [grpc-default-executor-3] WARN  server.GrpcLogAppender (LogUtils.java:warn(122)) - omNode-1@group-523986131536->omNode-3-AppendLogResponseHandler: Failed appendEntries: org.apache.ratis.thirdparty.io.grpc.StatusRuntimeException: UNAVAILABLE: io exception
2022-10-18 06:31:41,160 [grpc-default-executor-3] INFO  leader.FollowerInfo (FollowerInfoImpl.java:lambda$new$0(48)) - omNode-1@group-523986131536->omNode-3: nextIndex: updateUnconditionally 82 -> 45
2022-10-18 06:31:41,167 [grpc-default-executor-1] WARN  server.GrpcLogAppender (LogUtils.java:warn(122)) - omNode-1@group-523986131536->omNode-3-AppendLogResponseHandler: Failed appendEntries: org.apache.ratis.thirdparty.io.grpc.StatusRuntimeException: UNAVAILABLE: io exception
2022-10-18 06:31:41,167 [grpc-default-executor-1] INFO  leader.FollowerInfo (FollowerInfoImpl.java:lambda$new$0(48)) - omNode-1@group-523986131536->omNode-3: nextIndex: updateUnconditionally 82 -> 45
2022-10-18 06:31:41,168 [grpc-default-executor-1] WARN  server.GrpcLogAppender (LogUtils.java:warn(122)) - omNode-1@group-523986131536->omNode-3-AppendLogResponseHandler: Failed appendEntries: org.apache.ratis.thirdparty.io.grpc.StatusRuntimeException: UNAVAILABLE: io exception
2022-10-18 06:31:41,169 [grpc-default-executor-1] INFO  leader.FollowerInfo (FollowerInfoImpl.java:lambda$new$0(48)) - omNode-1@group-523986131536->omNode-3: nextIndex: updateUnconditionally 82 -> 45
2022-10-18 06:31:41,175 [grpc-default-executor-1] WARN  server.GrpcLogAppender (LogUtils.java:warn(122)) - omNode-1@group-523986131536->omNode-3-AppendLogResponseHandler: Failed appendEntries: org.apache.ratis.thirdparty.io.grpc.StatusRuntimeException: UNAVAILABLE: io exception
2022-10-18 06:31:41,175 [grpc-default-executor-1] INFO  leader.FollowerInfo (FollowerInfoImpl.java:lambda$new$0(48)) - omNode-1@group-523986131536->omNode-3: nextIndex: updateUnconditionally 83 -> 45
2022-10-18 06:31:41,182 [grpc-default-executor-3] WARN  server.GrpcLogAppender (LogUtils.java:warn(122)) - omNode-1@group-523986131536->omNode-3-AppendLogResponseHandler: Failed appendEntries: org.apache.ratis.thirdparty.io.grpc.StatusRuntimeException: UNAVAILABLE: io exception
2022-10-18 06:31:41,182 [grpc-default-executor-3] INFO  leader.FollowerInfo (FollowerInfoImpl.java:lambda$new$0(48)) - omNode-1@group-523986131536->omNode-3: nextIndex: updateUnconditionally 83 -> 45
2022-10-18 06:31:41,184 [grpc-default-executor-1] WARN  server.GrpcLogAppender (LogUtils.java:warn(122)) - omNode-1@group-523986131536->omNode-3-AppendLogResponseHandler: Failed appendEntries: org.apache.ratis.thirdparty.io.grpc.StatusRuntimeException: UNAVAILABLE: io exception
2022-10-18 06:31:41,184 [grpc-default-executor-1] INFO  leader.FollowerInfo (FollowerInfoImpl.java:lambda$new$0(48)) - omNode-1@group-523986131536->omNode-3: nextIndex: updateUnconditionally 83 -> 45
2022-10-18 06:31:41,191 [grpc-default-executor-3] WARN  server.GrpcLogAppender (LogUtils.java:warn(122)) - omNode-1@group-523986131536->omNode-3-AppendLogResponseHandler: Failed appendEntries: org.apache.ratis.thirdparty.io.grpc.StatusRuntimeException: UNAVAILABLE: io exception
2022-10-18 06:31:41,191 [grpc-default-executor-3] INFO  leader.FollowerInfo (FollowerInfoImpl.java:lambda$new$0(48)) - omNode-1@group-523986131536->omNode-3: nextIndex: updateUnconditionally 84 -> 45
2022-10-18 06:31:41,194 [grpc-default-executor-3] WARN  server.GrpcLogAppender (LogUtils.java:warn(122)) - omNode-1@group-523986131536->omNode-3-AppendLogResponseHandler: Failed appendEntries: org.apache.ratis.thirdparty.io.grpc.StatusRuntimeException: UNAVAILABLE: io exception
2022-10-18 06:31:41,194 [grpc-default-executor-3] INFO  leader.FollowerInfo (FollowerInfoImpl.java:lambda$new$0(48)) - omNode-1@group-523986131536->omNode-3: nextIndex: updateUnconditionally 84 -> 45
2022-10-18 06:31:41,199 [grpc-default-executor-3] WARN  server.GrpcLogAppender (LogUtils.java:warn(122)) - omNode-1@group-523986131536->omNode-3-AppendLogResponseHandler: Failed appendEntries: org.apache.ratis.thirdparty.io.grpc.StatusRuntimeException: UNAVAILABLE: io exception
2022-10-18 06:31:41,200 [grpc-default-executor-3] INFO  leader.FollowerInfo (FollowerInfoImpl.java:lambda$new$0(48)) - omNode-1@group-523986131536->omNode-3: nextIndex: updateUnconditionally 86 -> 45
2022-10-18 06:31:41,203 [grpc-default-executor-3] WARN  server.GrpcLogAppender (LogUtils.java:warn(122)) - omNode-1@group-523986131536->omNode-3-AppendLogResponseHandler: Failed appendEntries: org.apache.ratis.thirdparty.io.grpc.StatusRuntimeException: UNAVAILABLE: io exception
2022-10-18 06:31:41,203 [grpc-default-executor-3] INFO  leader.FollowerInfo (FollowerInfoImpl.java:lambda$new$0(48)) - omNode-1@group-523986131536->omNode-3: nextIndex: updateUnconditionally 86 -> 45
2022-10-18 06:31:41,211 [grpc-default-executor-3] WARN  server.GrpcLogAppender (LogUtils.java:warn(122)) - omNode-1@group-523986131536->omNode-3-AppendLogResponseHandler: Failed appendEntries: org.apache.ratis.thirdparty.io.grpc.StatusRuntimeException: UNAVAILABLE: io exception
2022-10-18 06:31:41,211 [grpc-default-executor-3] INFO  leader.FollowerInfo (FollowerInfoImpl.java:lambda$new$0(48)) - omNode-1@group-523986131536->omNode-3: nextIndex: updateUnconditionally 87 -> 45
2022-10-18 06:31:41,222 [grpc-default-executor-3] WARN  server.GrpcLogAppender (LogUtils.java:warn(122)) - omNode-1@group-523986131536->omNode-3-AppendLogResponseHandler: Failed appendEntries: org.apache.ratis.thirdparty.io.grpc.StatusRuntimeException: UNAVAILABLE: io exception
2022-10-18 06:31:41,222 [grpc-default-executor-3] INFO  leader.FollowerInfo (FollowerInfoImpl.java:lambda$new$0(48)) - omNode-1@group-523986131536->omNode-3: nextIndex: updateUnconditionally 87 -> 45
2022-10-18 06:31:41,223 [grpc-default-executor-3] WARN  server.GrpcLogAppender (LogUtils.java:warn(122)) - omNode-1@group-523986131536->omNode-3-AppendLogResponseHandler: Failed appendEntries: org.apache.ratis.thirdparty.io.grpc.StatusRuntimeException: UNAVAILABLE: io exception
2022-10-18 06:31:41,224 [grpc-default-executor-3] INFO  leader.FollowerInfo (FollowerInfoImpl.java:lambda$new$0(48)) - omNode-1@group-523986131536->omNode-3: nextIndex: updateUnconditionally 88 -> 45
2022-10-18 06:31:41,231 [grpc-default-executor-3] WARN  server.GrpcLogAppender (LogUtils.java:warn(122)) - omNode-1@group-523986131536->omNode-3-AppendLogResponseHandler: Failed appendEntries: org.apache.ratis.thirdparty.io.grpc.StatusRuntimeException: UNAVAILABLE: io exception
2022-10-18 06:31:41,232 [grpc-default-executor-3] INFO  leader.FollowerInfo (FollowerInfoImpl.java:lambda$new$0(48)) - omNode-1@group-523986131536->omNode-3: nextIndex: updateUnconditionally 88 -> 45
2022-10-18 06:31:41,236 [grpc-default-executor-3] WARN  server.GrpcLogAppender (LogUtils.java:warn(122)) - omNode-1@group-523986131536->omNode-3-AppendLogResponseHandler: Failed appendEntries: org.apache.ratis.thirdparty.io.grpc.StatusRuntimeException: UNAVAILABLE: io exception
2022-10-18 06:31:41,236 [grpc-default-executor-3] INFO  leader.FollowerInfo (FollowerInfoImpl.java:lambda$new$0(48)) - omNode-1@group-523986131536->omNode-3: nextIndex: updateUnconditionally 90 -> 45
2022-10-18 06:31:41,241 [grpc-default-executor-3] WARN  server.GrpcLogAppender (LogUtils.java:warn(122)) - omNode-1@group-523986131536->omNode-3-AppendLogResponseHandler: Failed appendEntries: org.apache.ratis.thirdparty.io.grpc.StatusRuntimeException: UNAVAILABLE: io exception
2022-10-18 06:31:41,242 [grpc-default-executor-3] INFO  leader.FollowerInfo (FollowerInfoImpl.java:lambda$new$0(48)) - omNode-1@group-523986131536->omNode-3: nextIndex: updateUnconditionally 90 -> 45
2022-10-18 06:31:41,243 [grpc-default-executor-1] WARN  server.GrpcLogAppender (LogUtils.java:warn(122)) - omNode-1@group-523986131536->omNode-3-AppendLogResponseHandler: Failed appendEntries: org.apache.ratis.thirdparty.io.grpc.StatusRuntimeException: UNAVAILABLE: io exception
2022-10-18 06:31:41,243 [grpc-default-executor-1] INFO  leader.FollowerInfo (FollowerInfoImpl.java:lambda$new$0(48)) - omNode-1@group-523986131536->omNode-3: nextIndex: updateUnconditionally 91 -> 45
2022-10-18 06:31:41,251 [grpc-default-executor-1] WARN  server.GrpcLogAppender (LogUtils.java:warn(122)) - omNode-1@group-523986131536->omNode-3-AppendLogResponseHandler: Failed appendEntries: org.apache.ratis.thirdparty.io.grpc.StatusRuntimeException: UNAVAILABLE: io exception
2022-10-18 06:31:41,253 [grpc-default-executor-1] INFO  leader.FollowerInfo (FollowerInfoImpl.java:lambda$new$0(48)) - omNode-1@group-523986131536->omNode-3: nextIndex: updateUnconditionally 91 -> 45
2022-10-18 06:31:41,256 [grpc-default-executor-1] WARN  server.GrpcLogAppender (LogUtils.java:warn(122)) - omNode-1@group-523986131536->omNode-3-AppendLogResponseHandler: Failed appendEntries: org.apache.ratis.thirdparty.io.grpc.StatusRuntimeException: UNAVAILABLE: io exception
2022-10-18 06:31:41,256 [grpc-default-executor-1] INFO  leader.FollowerInfo (FollowerInfoImpl.java:lambda$new$0(48)) - omNode-1@group-523986131536->omNode-3: nextIndex: updateUnconditionally 92 -> 45
2022-10-18 06:31:41,258 [grpc-default-executor-3] WARN  server.GrpcLogAppender (LogUtils.java:warn(122)) - omNode-1@group-523986131536->omNode-3-AppendLogResponseHandler: Failed appendEntries: org.apache.ratis.thirdparty.io.grpc.StatusRuntimeException: UNAVAILABLE: io exception
2022-10-18 06:31:41,258 [grpc-default-executor-3] INFO  leader.FollowerInfo (FollowerInfoImpl.java:lambda$new$0(48)) - omNode-1@group-523986131536->omNode-3: nextIndex: updateUnconditionally 92 -> 45
2022-10-18 06:31:41,259 [grpc-default-executor-3] WARN  server.GrpcLogAppender (LogUtils.java:warn(122)) - omNode-1@group-523986131536->omNode-3-AppendLogResponseHandler: Failed appendEntries: org.apache.ratis.thirdparty.io.grpc.StatusRuntimeException: UNAVAILABLE: io exception
2022-10-18 06:31:41,260 [grpc-default-executor-3] INFO  leader.FollowerInfo (FollowerInfoImpl.java:lambda$new$0(48)) - omNode-1@group-523986131536->omNode-3: nextIndex: updateUnconditionally 93 -> 45
2022-10-18 06:31:41,262 [grpc-default-executor-3] WARN  server.GrpcLogAppender (LogUtils.java:warn(122)) - omNode-1@group-523986131536->omNode-3-AppendLogResponseHandler: Failed appendEntries: org.apache.ratis.thirdparty.io.grpc.StatusRuntimeException: UNAVAILABLE: io exception
2022-10-18 06:31:41,263 [grpc-default-executor-3] INFO  leader.FollowerInfo (FollowerInfoImpl.java:lambda$new$0(48)) - omNode-1@group-523986131536->omNode-3: nextIndex: updateUnconditionally 94 -> 45
2022-10-18 06:31:41,264 [grpc-default-executor-1] WARN  server.GrpcLogAppender (LogUtils.java:warn(122)) - omNode-1@group-523986131536->omNode-3-AppendLogResponseHandler: Failed appendEntries: org.apache.ratis.thirdparty.io.grpc.StatusRuntimeException: UNAVAILABLE: io exception
2022-10-18 06:31:41,265 [grpc-default-executor-1] INFO  leader.FollowerInfo (FollowerInfoImpl.java:lambda$new$0(48)) - omNode-1@group-523986131536->omNode-3: nextIndex: updateUnconditionally 94 -> 45
2022-10-18 06:31:41,266 [grpc-default-executor-1] WARN  server.GrpcLogAppender (LogUtils.java:warn(122)) - omNode-1@group-523986131536->omNode-3-AppendLogResponseHandler: Failed appendEntries: org.apache.ratis.thirdparty.io.grpc.StatusRuntimeException: UNAVAILABLE: io exception
2022-10-18 06:31:41,266 [grpc-default-executor-1] INFO  leader.FollowerInfo (FollowerInfoImpl.java:lambda$new$0(48)) - omNode-1@group-523986131536->omNode-3: nextIndex: updateUnconditionally 94 -> 45
2022-10-18 06:31:41,267 [grpc-default-executor-1] WARN  server.GrpcLogAppender (LogUtils.java:warn(122)) - omNode-1@group-523986131536->omNode-3-AppendLogResponseHandler: Failed appendEntries: org.apache.ratis.thirdparty.io.grpc.StatusRuntimeException: UNAVAILABLE: io exception
2022-10-18 06:31:41,268 [grpc-default-executor-1] INFO  leader.FollowerInfo (FollowerInfoImpl.java:lambda$new$0(48)) - omNode-1@group-523986131536->omNode-3: nextIndex: updateUnconditionally 95 -> 45
2022-10-18 06:31:41,271 [grpc-default-executor-1] WARN  server.GrpcLogAppender (LogUtils.java:warn(122)) - omNode-1@group-523986131536->omNode-3-AppendLogResponseHandler: Failed appendEntries: org.apache.ratis.thirdparty.io.grpc.StatusRuntimeException: UNAVAILABLE: io exception
2022-10-18 06:31:41,271 [grpc-default-executor-1] INFO  leader.FollowerInfo (FollowerInfoImpl.java:lambda$new$0(48)) - omNode-1@group-523986131536->omNode-3: nextIndex: updateUnconditionally 95 -> 45
2022-10-18 06:31:41,274 [grpc-default-executor-3] WARN  server.GrpcLogAppender (LogUtils.java:warn(122)) - omNode-1@group-523986131536->omNode-3-AppendLogResponseHandler: Failed appendEntries: org.apache.ratis.thirdparty.io.grpc.StatusRuntimeException: UNAVAILABLE: io exception
2022-10-18 06:31:41,274 [grpc-default-executor-3] INFO  leader.FollowerInfo (FollowerInfoImpl.java:lambda$new$0(48)) - omNode-1@group-523986131536->omNode-3: nextIndex: updateUnconditionally 95 -> 45
2022-10-18 06:31:41,287 [grpc-default-executor-0] WARN  server.GrpcLogAppender (LogUtils.java:warn(122)) - omNode-1@group-523986131536->omNode-3-AppendLogResponseHandler: Failed appendEntries: org.apache.ratis.thirdparty.io.grpc.StatusRuntimeException: UNAVAILABLE: io exception
2022-10-18 06:31:41,287 [grpc-default-executor-0] INFO  leader.FollowerInfo (FollowerInfoImpl.java:lambda$new$0(48)) - omNode-1@group-523986131536->omNode-3: nextIndex: updateUnconditionally 96 -> 45
2022-10-18 06:31:41,289 [grpc-default-executor-1] WARN  server.GrpcLogAppender (LogUtils.java:warn(122)) - omNode-1@group-523986131536->omNode-3-AppendLogResponseHandler: Failed appendEntries: org.apache.ratis.thirdparty.io.grpc.StatusRuntimeException: UNAVAILABLE: io exception
2022-10-18 06:31:41,289 [grpc-default-executor-1] INFO  leader.FollowerInfo (FollowerInfoImpl.java:lambda$new$0(48)) - omNode-1@group-523986131536->omNode-3: nextIndex: updateUnconditionally 96 -> 45
2022-10-18 06:31:41,290 [grpc-default-executor-1] WARN  server.GrpcLogAppender (LogUtils.java:warn(122)) - omNode-1@group-523986131536->omNode-3-AppendLogResponseHandler: Failed appendEntries: org.apache.ratis.thirdparty.io.grpc.StatusRuntimeException: UNAVAILABLE: io exception
2022-10-18 06:31:41,290 [grpc-default-executor-1] INFO  leader.FollowerInfo (FollowerInfoImpl.java:lambda$new$0(48)) - omNode-1@group-523986131536->omNode-3: nextIndex: updateUnconditionally 97 -> 45
2022-10-18 06:31:41,294 [grpc-default-executor-1] WARN  server.GrpcLogAppender (LogUtils.java:warn(122)) - omNode-1@group-523986131536->omNode-3-AppendLogResponseHandler: Failed appendEntries: org.apache.ratis.thirdparty.io.grpc.StatusRuntimeException: UNAVAILABLE: io exception
2022-10-18 06:31:41,294 [grpc-default-executor-1] INFO  leader.FollowerInfo (FollowerInfoImpl.java:lambda$new$0(48)) - omNode-1@group-523986131536->omNode-3: nextIndex: updateUnconditionally 98 -> 45
2022-10-18 06:31:41,299 [grpc-default-executor-1] WARN  server.GrpcLogAppender (LogUtils.java:warn(122)) - omNode-1@group-523986131536->omNode-3-AppendLogResponseHandler: Failed appendEntries: org.apache.ratis.thirdparty.io.grpc.StatusRuntimeException: UNAVAILABLE: io exception
2022-10-18 06:31:41,300 [grpc-default-executor-1] INFO  leader.FollowerInfo (FollowerInfoImpl.java:lambda$new$0(48)) - omNode-1@group-523986131536->omNode-3: nextIndex: updateUnconditionally 98 -> 45
2022-10-18 06:31:41,303 [grpc-default-executor-1] WARN  server.GrpcLogAppender (LogUtils.java:warn(122)) - omNode-1@group-523986131536->omNode-3-AppendLogResponseHandler: Failed appendEntries: org.apache.ratis.thirdparty.io.grpc.StatusRuntimeException: UNAVAILABLE: io exception
2022-10-18 06:31:41,303 [grpc-default-executor-1] INFO  leader.FollowerInfo (FollowerInfoImpl.java:lambda$new$0(48)) - omNode-1@group-523986131536->omNode-3: nextIndex: updateUnconditionally 99 -> 45
2022-10-18 06:31:41,305 [grpc-default-executor-1] WARN  server.GrpcLogAppender (LogUtils.java:warn(122)) - omNode-1@group-523986131536->omNode-3-AppendLogResponseHandler: Failed appendEntries: org.apache.ratis.thirdparty.io.grpc.StatusRuntimeException: UNAVAILABLE: io exception
2022-10-18 06:31:41,305 [grpc-default-executor-1] INFO  leader.FollowerInfo (FollowerInfoImpl.java:lambda$new$0(48)) - omNode-1@group-523986131536->omNode-3: nextIndex: updateUnconditionally 99 -> 45
2022-10-18 06:31:41,306 [grpc-default-executor-1] WARN  server.GrpcLogAppender (LogUtils.java:warn(122)) - omNode-1@group-523986131536->omNode-3-AppendLogResponseHandler: Failed appendEntries: org.apache.ratis.thirdparty.io.grpc.StatusRuntimeException: UNAVAILABLE: io exception
2022-10-18 06:31:41,306 [grpc-default-executor-1] INFO  leader.FollowerInfo (FollowerInfoImpl.java:lambda$new$0(48)) - omNode-1@group-523986131536->omNode-3: nextIndex: updateUnconditionally 99 -> 45
2022-10-18 06:31:41,316 [grpc-default-executor-0] WARN  server.GrpcLogAppender (LogUtils.java:warn(122)) - omNode-1@group-523986131536->omNode-3-AppendLogResponseHandler: Failed appendEntries: org.apache.ratis.thirdparty.io.grpc.StatusRuntimeException: UNAVAILABLE: io exception
2022-10-18 06:31:41,317 [grpc-default-executor-0] INFO  leader.FollowerInfo (FollowerInfoImpl.java:lambda$new$0(48)) - omNode-1@group-523986131536->omNode-3: nextIndex: updateUnconditionally 100 -> 45
2022-10-18 06:31:41,319 [grpc-default-executor-0] WARN  server.GrpcLogAppender (LogUtils.java:warn(122)) - omNode-1@group-523986131536->omNode-3-AppendLogResponseHandler: Failed appendEntries: org.apache.ratis.thirdparty.io.grpc.StatusRuntimeException: UNAVAILABLE: io exception
2022-10-18 06:31:41,319 [grpc-default-executor-0] INFO  leader.FollowerInfo (FollowerInfoImpl.java:lambda$new$0(48)) - omNode-1@group-523986131536->omNode-3: nextIndex: updateUnconditionally 100 -> 45
2022-10-18 06:31:41,321 [grpc-default-executor-0] WARN  server.GrpcLogAppender (LogUtils.java:warn(122)) - omNode-1@group-523986131536->omNode-3-AppendLogResponseHandler: Failed appendEntries: org.apache.ratis.thirdparty.io.grpc.StatusRuntimeException: UNAVAILABLE: io exception
2022-10-18 06:31:41,322 [grpc-default-executor-0] INFO  leader.FollowerInfo (FollowerInfoImpl.java:lambda$new$0(48)) - omNode-1@group-523986131536->omNode-3: nextIndex: updateUnconditionally 101 -> 45
2022-10-18 06:31:41,328 [grpc-default-executor-1] WARN  server.GrpcLogAppender (LogUtils.java:warn(122)) - omNode-1@group-523986131536->omNode-3-AppendLogResponseHandler: Failed appendEntries: org.apache.ratis.thirdparty.io.grpc.StatusRuntimeException: UNAVAILABLE: io exception
2022-10-18 06:31:41,328 [grpc-default-executor-1] INFO  leader.FollowerInfo (FollowerInfoImpl.java:lambda$new$0(48)) - omNode-1@group-523986131536->omNode-3: nextIndex: updateUnconditionally 102 -> 45
2022-10-18 06:31:41,329 [omNode-1@group-523986131536-StateMachineUpdater] INFO  ratis.OzoneManagerStateMachine (OzoneManagerStateMachine.java:takeSnapshot(441)) - Current Snapshot Index (t:1, i:100)
2022-10-18 06:31:41,330 [omNode-1@group-523986131536-StateMachineUpdater] INFO  impl.StateMachineUpdater (StateMachineUpdater.java:takeSnapshot(287)) - omNode-1@group-523986131536-StateMachineUpdater: Took a snapshot at index 100
2022-10-18 06:31:41,330 [omNode-1@group-523986131536-StateMachineUpdater] INFO  impl.StateMachineUpdater (StateMachineUpdater.java:lambda$new$0(92)) - omNode-1@group-523986131536-StateMachineUpdater: snapshotIndex: updateIncreasingly 50 -> 100
2022-10-18 06:31:41,330 [omNode-1@group-523986131536-StateMachineUpdater] INFO  raftlog.RaftLog (RaftLogBase.java:purge(308)) - omNode-1@group-523986131536-SegmentedRaftLog: purge 100
2022-10-18 06:31:41,330 [grpc-default-executor-1] WARN  server.GrpcLogAppender (LogUtils.java:warn(122)) - omNode-1@group-523986131536->omNode-3-AppendLogResponseHandler: Failed appendEntries: org.apache.ratis.thirdparty.io.grpc.StatusRuntimeException: UNAVAILABLE: io exception
2022-10-18 06:31:41,330 [omNode-1@group-523986131536-StateMachineUpdater] INFO  raftlog.RaftLog (RaftLogBase.java:lambda$new$0(53)) - omNode-1@group-523986131536-SegmentedRaftLog: snapshotIndex: updateIncreasingly 50 -> 100
2022-10-18 06:31:41,330 [omNode-1@group-523986131536-StateMachineUpdater] INFO  raftlog.RaftLog (RaftLogBase.java:lambda$new$0(53)) - omNode-1@group-523986131536-SegmentedRaftLog: purgeIndex: updateToMax old=50, new=100, updated? true
2022-10-18 06:31:41,330 [grpc-default-executor-1] INFO  leader.FollowerInfo (FollowerInfoImpl.java:lambda$new$0(48)) - omNode-1@group-523986131536->omNode-3: nextIndex: updateUnconditionally 102 -> 45
2022-10-18 06:31:41,332 [grpc-default-executor-1] WARN  server.GrpcLogAppender (LogUtils.java:warn(122)) - omNode-1@group-523986131536->omNode-3-AppendLogResponseHandler: Failed appendEntries: org.apache.ratis.thirdparty.io.grpc.StatusRuntimeException: UNAVAILABLE: io exception
2022-10-18 06:31:41,332 [grpc-default-executor-1] INFO  leader.FollowerInfo (FollowerInfoImpl.java:lambda$new$0(48)) - omNode-1@group-523986131536->omNode-3: nextIndex: updateUnconditionally 103 -> 45
2022-10-18 06:31:41,340 [grpc-default-executor-1] WARN  server.GrpcLogAppender (LogUtils.java:warn(122)) - omNode-1@group-523986131536->omNode-3-AppendLogResponseHandler: Failed appendEntries: org.apache.ratis.thirdparty.io.grpc.StatusRuntimeException: UNAVAILABLE: io exception
2022-10-18 06:31:41,341 [grpc-default-executor-1] INFO  leader.FollowerInfo (FollowerInfoImpl.java:lambda$new$0(48)) - omNode-1@group-523986131536->omNode-3: nextIndex: updateUnconditionally 103 -> 45
2022-10-18 06:31:41,341 [omNode-2@group-523986131536-StateMachineUpdater] INFO  ratis.OzoneManagerStateMachine (OzoneManagerStateMachine.java:takeSnapshot(441)) - Current Snapshot Index (t:1, i:101)
2022-10-18 06:31:41,341 [omNode-2@group-523986131536-StateMachineUpdater] INFO  impl.StateMachineUpdater (StateMachineUpdater.java:takeSnapshot(287)) - omNode-2@group-523986131536-StateMachineUpdater: Took a snapshot at index 101
2022-10-18 06:31:41,341 [omNode-2@group-523986131536-StateMachineUpdater] INFO  impl.StateMachineUpdater (StateMachineUpdater.java:lambda$new$0(92)) - omNode-2@group-523986131536-StateMachineUpdater: snapshotIndex: updateIncreasingly 50 -> 101
2022-10-18 06:31:41,341 [omNode-2@group-523986131536-StateMachineUpdater] INFO  raftlog.RaftLog (RaftLogBase.java:purge(308)) - omNode-2@group-523986131536-SegmentedRaftLog: purge 101
2022-10-18 06:31:41,341 [omNode-2@group-523986131536-StateMachineUpdater] INFO  raftlog.RaftLog (RaftLogBase.java:lambda$new$0(53)) - omNode-2@group-523986131536-SegmentedRaftLog: snapshotIndex: updateIncreasingly 50 -> 101
2022-10-18 06:31:41,341 [omNode-2@group-523986131536-StateMachineUpdater] INFO  raftlog.RaftLog (RaftLogBase.java:lambda$new$0(53)) - omNode-2@group-523986131536-SegmentedRaftLog: purgeIndex: updateToMax old=50, new=101, updated? true
2022-10-18 06:31:41,343 [grpc-default-executor-3] WARN  server.GrpcLogAppender (LogUtils.java:warn(122)) - omNode-1@group-523986131536->omNode-3-AppendLogResponseHandler: Failed appendEntries: org.apache.ratis.thirdparty.io.grpc.StatusRuntimeException: UNAVAILABLE: io exception
2022-10-18 06:31:41,343 [grpc-default-executor-3] INFO  leader.FollowerInfo (FollowerInfoImpl.java:lambda$new$0(48)) - omNode-1@group-523986131536->omNode-3: nextIndex: updateUnconditionally 103 -> 45
2022-10-18 06:31:41,346 [grpc-default-executor-3] WARN  server.GrpcLogAppender (LogUtils.java:warn(122)) - omNode-1@group-523986131536->omNode-3-AppendLogResponseHandler: Failed appendEntries: org.apache.ratis.thirdparty.io.grpc.StatusRuntimeException: UNAVAILABLE: io exception
2022-10-18 06:31:41,346 [grpc-default-executor-3] INFO  leader.FollowerInfo (FollowerInfoImpl.java:lambda$new$0(48)) - omNode-1@group-523986131536->omNode-3: nextIndex: updateUnconditionally 104 -> 45
2022-10-18 06:31:41,348 [grpc-default-executor-0] WARN  server.GrpcLogAppender (LogUtils.java:warn(122)) - omNode-1@group-523986131536->omNode-3-AppendLogResponseHandler: Failed appendEntries: org.apache.ratis.thirdparty.io.grpc.StatusRuntimeException: UNAVAILABLE: io exception
2022-10-18 06:31:41,348 [grpc-default-executor-0] INFO  leader.FollowerInfo (FollowerInfoImpl.java:lambda$new$0(48)) - omNode-1@group-523986131536->omNode-3: nextIndex: updateUnconditionally 104 -> 45
2022-10-18 06:31:41,351 [grpc-default-executor-3] WARN  server.GrpcLogAppender (LogUtils.java:warn(122)) - omNode-1@group-523986131536->omNode-3-AppendLogResponseHandler: Failed appendEntries: org.apache.ratis.thirdparty.io.grpc.StatusRuntimeException: UNAVAILABLE: io exception
2022-10-18 06:31:41,352 [grpc-default-executor-3] INFO  leader.FollowerInfo (FollowerInfoImpl.java:lambda$new$0(48)) - omNode-1@group-523986131536->omNode-3: nextIndex: updateUnconditionally 105 -> 45
2022-10-18 06:31:41,352 [grpc-default-executor-3] WARN  server.GrpcLogAppender (LogUtils.java:warn(122)) - omNode-1@group-523986131536->omNode-3-AppendLogResponseHandler: Failed appendEntries: org.apache.ratis.thirdparty.io.grpc.StatusRuntimeException: UNAVAILABLE: io exception
2022-10-18 06:31:41,353 [grpc-default-executor-3] INFO  leader.FollowerInfo (FollowerInfoImpl.java:lambda$new$0(48)) - omNode-1@group-523986131536->omNode-3: nextIndex: updateUnconditionally 106 -> 45
2022-10-18 06:31:41,355 [grpc-default-executor-3] WARN  server.GrpcLogAppender (LogUtils.java:warn(122)) - omNode-1@group-523986131536->omNode-3-AppendLogResponseHandler: Failed appendEntries: org.apache.ratis.thirdparty.io.grpc.StatusRuntimeException: UNAVAILABLE: io exception
2022-10-18 06:31:41,355 [grpc-default-executor-3] INFO  leader.FollowerInfo (FollowerInfoImpl.java:lambda$new$0(48)) - omNode-1@group-523986131536->omNode-3: nextIndex: updateUnconditionally 106 -> 45
2022-10-18 06:31:41,364 [grpc-default-executor-0] WARN  server.GrpcLogAppender (LogUtils.java:warn(122)) - omNode-1@group-523986131536->omNode-3-AppendLogResponseHandler: Failed appendEntries: org.apache.ratis.thirdparty.io.grpc.StatusRuntimeException: UNAVAILABLE: io exception
2022-10-18 06:31:41,364 [grpc-default-executor-0] INFO  leader.FollowerInfo (FollowerInfoImpl.java:lambda$new$0(48)) - omNode-1@group-523986131536->omNode-3: nextIndex: updateUnconditionally 107 -> 45
2022-10-18 06:31:41,365 [grpc-default-executor-0] WARN  server.GrpcLogAppender (LogUtils.java:warn(122)) - omNode-1@group-523986131536->omNode-3-AppendLogResponseHandler: Failed appendEntries: org.apache.ratis.thirdparty.io.grpc.StatusRuntimeException: UNAVAILABLE: io exception
2022-10-18 06:31:41,365 [grpc-default-executor-0] INFO  leader.FollowerInfo (FollowerInfoImpl.java:lambda$new$0(48)) - omNode-1@group-523986131536->omNode-3: nextIndex: updateUnconditionally 107 -> 45
2022-10-18 06:31:41,372 [grpc-default-executor-3] WARN  server.GrpcLogAppender (LogUtils.java:warn(122)) - omNode-1@group-523986131536->omNode-3-AppendLogResponseHandler: Failed appendEntries: org.apache.ratis.thirdparty.io.grpc.StatusRuntimeException: UNAVAILABLE: io exception
2022-10-18 06:31:41,372 [grpc-default-executor-3] INFO  leader.FollowerInfo (FollowerInfoImpl.java:lambda$new$0(48)) - omNode-1@group-523986131536->omNode-3: nextIndex: updateUnconditionally 108 -> 45
2022-10-18 06:31:41,375 [grpc-default-executor-3] WARN  server.GrpcLogAppender (LogUtils.java:warn(122)) - omNode-1@group-523986131536->omNode-3-AppendLogResponseHandler: Failed appendEntries: org.apache.ratis.thirdparty.io.grpc.StatusRuntimeException: UNAVAILABLE: io exception
2022-10-18 06:31:41,376 [grpc-default-executor-3] INFO  leader.FollowerInfo (FollowerInfoImpl.java:lambda$new$0(48)) - omNode-1@group-523986131536->omNode-3: nextIndex: updateUnconditionally 108 -> 45
2022-10-18 06:31:41,379 [grpc-default-executor-3] WARN  server.GrpcLogAppender (LogUtils.java:warn(122)) - omNode-1@group-523986131536->omNode-3-AppendLogResponseHandler: Failed appendEntries: org.apache.ratis.thirdparty.io.grpc.StatusRuntimeException: UNAVAILABLE: io exception
2022-10-18 06:31:41,379 [grpc-default-executor-3] INFO  leader.FollowerInfo (FollowerInfoImpl.java:lambda$new$0(48)) - omNode-1@group-523986131536->omNode-3: nextIndex: updateUnconditionally 109 -> 45
2022-10-18 06:31:41,385 [grpc-default-executor-3] WARN  server.GrpcLogAppender (LogUtils.java:warn(122)) - omNode-1@group-523986131536->omNode-3-AppendLogResponseHandler: Failed appendEntries: org.apache.ratis.thirdparty.io.grpc.StatusRuntimeException: UNAVAILABLE: io exception
2022-10-18 06:31:41,386 [grpc-default-executor-3] INFO  leader.FollowerInfo (FollowerInfoImpl.java:lambda$new$0(48)) - omNode-1@group-523986131536->omNode-3: nextIndex: updateUnconditionally 110 -> 45
2022-10-18 06:31:41,394 [grpc-default-executor-3] WARN  server.GrpcLogAppender (LogUtils.java:warn(122)) - omNode-1@group-523986131536->omNode-3-AppendLogResponseHandler: Failed appendEntries: org.apache.ratis.thirdparty.io.grpc.StatusRuntimeException: UNAVAILABLE: io exception
2022-10-18 06:31:41,394 [grpc-default-executor-3] INFO  leader.FollowerInfo (FollowerInfoImpl.java:lambda$new$0(48)) - omNode-1@group-523986131536->omNode-3: nextIndex: updateUnconditionally 110 -> 45
2022-10-18 06:31:41,396 [grpc-default-executor-0] WARN  server.GrpcLogAppender (LogUtils.java:warn(122)) - omNode-1@group-523986131536->omNode-3-AppendLogResponseHandler: Failed appendEntries: org.apache.ratis.thirdparty.io.grpc.StatusRuntimeException: UNAVAILABLE: io exception
2022-10-18 06:31:41,396 [grpc-default-executor-0] INFO  leader.FollowerInfo (FollowerInfoImpl.java:lambda$new$0(48)) - omNode-1@group-523986131536->omNode-3: nextIndex: updateUnconditionally 111 -> 45
2022-10-18 06:31:41,419 [grpc-default-executor-0] WARN  server.GrpcLogAppender (LogUtils.java:warn(122)) - omNode-1@group-523986131536->omNode-3-AppendLogResponseHandler: Failed appendEntries: org.apache.ratis.thirdparty.io.grpc.StatusRuntimeException: UNAVAILABLE: io exception
2022-10-18 06:31:41,420 [grpc-default-executor-0] INFO  leader.FollowerInfo (FollowerInfoImpl.java:lambda$new$0(48)) - omNode-1@group-523986131536->omNode-3: nextIndex: updateUnconditionally 111 -> 45
2022-10-18 06:31:41,421 [grpc-default-executor-0] WARN  server.GrpcLogAppender (LogUtils.java:warn(122)) - omNode-1@group-523986131536->omNode-3-AppendLogResponseHandler: Failed appendEntries: org.apache.ratis.thirdparty.io.grpc.StatusRuntimeException: UNAVAILABLE: io exception
2022-10-18 06:31:41,421 [grpc-default-executor-0] INFO  leader.FollowerInfo (FollowerInfoImpl.java:lambda$new$0(48)) - omNode-1@group-523986131536->omNode-3: nextIndex: updateUnconditionally 111 -> 45
2022-10-18 06:31:41,424 [grpc-default-executor-0] WARN  server.GrpcLogAppender (LogUtils.java:warn(122)) - omNode-1@group-523986131536->omNode-3-AppendLogResponseHandler: Failed appendEntries: org.apache.ratis.thirdparty.io.grpc.StatusRuntimeException: UNAVAILABLE: io exception
2022-10-18 06:31:41,425 [grpc-default-executor-0] INFO  leader.FollowerInfo (FollowerInfoImpl.java:lambda$new$0(48)) - omNode-1@group-523986131536->omNode-3: nextIndex: updateUnconditionally 112 -> 45
2022-10-18 06:31:41,429 [grpc-default-executor-3] WARN  server.GrpcLogAppender (LogUtils.java:warn(122)) - omNode-1@group-523986131536->omNode-3-AppendLogResponseHandler: Failed appendEntries: org.apache.ratis.thirdparty.io.grpc.StatusRuntimeException: UNAVAILABLE: io exception
2022-10-18 06:31:41,429 [grpc-default-executor-3] INFO  leader.FollowerInfo (FollowerInfoImpl.java:lambda$new$0(48)) - omNode-1@group-523986131536->omNode-3: nextIndex: updateUnconditionally 112 -> 45
2022-10-18 06:31:41,432 [grpc-default-executor-0] WARN  server.GrpcLogAppender (LogUtils.java:warn(122)) - omNode-1@group-523986131536->omNode-3-AppendLogResponseHandler: Failed appendEntries: org.apache.ratis.thirdparty.io.grpc.StatusRuntimeException: UNAVAILABLE: io exception
2022-10-18 06:31:41,432 [grpc-default-executor-0] INFO  leader.FollowerInfo (FollowerInfoImpl.java:lambda$new$0(48)) - omNode-1@group-523986131536->omNode-3: nextIndex: updateUnconditionally 114 -> 45
2022-10-18 06:31:41,434 [grpc-default-executor-0] WARN  server.GrpcLogAppender (LogUtils.java:warn(122)) - omNode-1@group-523986131536->omNode-3-AppendLogResponseHandler: Failed appendEntries: org.apache.ratis.thirdparty.io.grpc.StatusRuntimeException: UNAVAILABLE: io exception
2022-10-18 06:31:41,435 [grpc-default-executor-0] INFO  leader.FollowerInfo (FollowerInfoImpl.java:lambda$new$0(48)) - omNode-1@group-523986131536->omNode-3: nextIndex: updateUnconditionally 114 -> 45
2022-10-18 06:31:41,436 [grpc-default-executor-0] WARN  server.GrpcLogAppender (LogUtils.java:warn(122)) - omNode-1@group-523986131536->omNode-3-AppendLogResponseHandler: Failed appendEntries: org.apache.ratis.thirdparty.io.grpc.StatusRuntimeException: UNAVAILABLE: io exception
2022-10-18 06:31:41,436 [grpc-default-executor-0] INFO  leader.FollowerInfo (FollowerInfoImpl.java:lambda$new$0(48)) - omNode-1@group-523986131536->omNode-3: nextIndex: updateUnconditionally 114 -> 45
2022-10-18 06:31:41,438 [grpc-default-executor-0] WARN  server.GrpcLogAppender (LogUtils.java:warn(122)) - omNode-1@group-523986131536->omNode-3-AppendLogResponseHandler: Failed appendEntries: org.apache.ratis.thirdparty.io.grpc.StatusRuntimeException: UNAVAILABLE: io exception
2022-10-18 06:31:41,439 [grpc-default-executor-0] INFO  leader.FollowerInfo (FollowerInfoImpl.java:lambda$new$0(48)) - omNode-1@group-523986131536->omNode-3: nextIndex: updateUnconditionally 115 -> 45
2022-10-18 06:31:41,450 [grpc-default-executor-3] WARN  server.GrpcLogAppender (LogUtils.java:warn(122)) - omNode-1@group-523986131536->omNode-3-AppendLogResponseHandler: Failed appendEntries: org.apache.ratis.thirdparty.io.grpc.StatusRuntimeException: UNAVAILABLE: io exception
2022-10-18 06:31:41,451 [grpc-default-executor-3] INFO  leader.FollowerInfo (FollowerInfoImpl.java:lambda$new$0(48)) - omNode-1@group-523986131536->omNode-3: nextIndex: updateUnconditionally 116 -> 45
2022-10-18 06:31:41,452 [grpc-default-executor-0] WARN  server.GrpcLogAppender (LogUtils.java:warn(122)) - omNode-1@group-523986131536->omNode-3-AppendLogResponseHandler: Failed appendEntries: org.apache.ratis.thirdparty.io.grpc.StatusRuntimeException: UNAVAILABLE: io exception
2022-10-18 06:31:41,453 [grpc-default-executor-0] INFO  leader.FollowerInfo (FollowerInfoImpl.java:lambda$new$0(48)) - omNode-1@group-523986131536->omNode-3: nextIndex: updateUnconditionally 116 -> 45
2022-10-18 06:31:41,458 [grpc-default-executor-0] WARN  server.GrpcLogAppender (LogUtils.java:warn(122)) - omNode-1@group-523986131536->omNode-3-AppendLogResponseHandler: Failed appendEntries: org.apache.ratis.thirdparty.io.grpc.StatusRuntimeException: UNAVAILABLE: io exception
2022-10-18 06:31:41,458 [grpc-default-executor-0] INFO  leader.FollowerInfo (FollowerInfoImpl.java:lambda$new$0(48)) - omNode-1@group-523986131536->omNode-3: nextIndex: updateUnconditionally 117 -> 45
2022-10-18 06:31:41,460 [grpc-default-executor-3] WARN  server.GrpcLogAppender (LogUtils.java:warn(122)) - omNode-1@group-523986131536->omNode-3-AppendLogResponseHandler: Failed appendEntries: org.apache.ratis.thirdparty.io.grpc.StatusRuntimeException: UNAVAILABLE: io exception
2022-10-18 06:31:41,460 [grpc-default-executor-3] INFO  leader.FollowerInfo (FollowerInfoImpl.java:lambda$new$0(48)) - omNode-1@group-523986131536->omNode-3: nextIndex: updateUnconditionally 118 -> 45
2022-10-18 06:31:41,464 [grpc-default-executor-0] WARN  server.GrpcLogAppender (LogUtils.java:warn(122)) - omNode-1@group-523986131536->omNode-3-AppendLogResponseHandler: Failed appendEntries: org.apache.ratis.thirdparty.io.grpc.StatusRuntimeException: UNAVAILABLE: io exception
2022-10-18 06:31:41,464 [grpc-default-executor-0] INFO  leader.FollowerInfo (FollowerInfoImpl.java:lambda$new$0(48)) - omNode-1@group-523986131536->omNode-3: nextIndex: updateUnconditionally 118 -> 45
2022-10-18 06:31:41,465 [grpc-default-executor-0] WARN  server.GrpcLogAppender (LogUtils.java:warn(122)) - omNode-1@group-523986131536->omNode-3-AppendLogResponseHandler: Failed appendEntries: org.apache.ratis.thirdparty.io.grpc.StatusRuntimeException: UNAVAILABLE: io exception
2022-10-18 06:31:41,465 [grpc-default-executor-0] INFO  leader.FollowerInfo (FollowerInfoImpl.java:lambda$new$0(48)) - omNode-1@group-523986131536->omNode-3: nextIndex: updateUnconditionally 118 -> 45
2022-10-18 06:31:41,473 [grpc-default-executor-3] WARN  server.GrpcLogAppender (LogUtils.java:warn(122)) - omNode-1@group-523986131536->omNode-3-AppendLogResponseHandler: Failed appendEntries: org.apache.ratis.thirdparty.io.grpc.StatusRuntimeException: UNAVAILABLE: io exception
2022-10-18 06:31:41,473 [grpc-default-executor-3] INFO  leader.FollowerInfo (FollowerInfoImpl.java:lambda$new$0(48)) - omNode-1@group-523986131536->omNode-3: nextIndex: updateUnconditionally 119 -> 45
2022-10-18 06:31:41,489 [grpc-default-executor-0] WARN  server.GrpcLogAppender (LogUtils.java:warn(122)) - omNode-1@group-523986131536->omNode-3-AppendLogResponseHandler: Failed appendEntries: org.apache.ratis.thirdparty.io.grpc.StatusRuntimeException: UNAVAILABLE: io exception
2022-10-18 06:31:41,489 [grpc-default-executor-0] INFO  leader.FollowerInfo (FollowerInfoImpl.java:lambda$new$0(48)) - omNode-1@group-523986131536->omNode-3: nextIndex: updateUnconditionally 119 -> 45
2022-10-18 06:31:41,495 [grpc-default-executor-0] WARN  server.GrpcLogAppender (LogUtils.java:warn(122)) - omNode-1@group-523986131536->omNode-3-AppendLogResponseHandler: Failed appendEntries: org.apache.ratis.thirdparty.io.grpc.StatusRuntimeException: UNAVAILABLE: io exception
2022-10-18 06:31:41,495 [grpc-default-executor-0] INFO  leader.FollowerInfo (FollowerInfoImpl.java:lambda$new$0(48)) - omNode-1@group-523986131536->omNode-3: nextIndex: updateUnconditionally 120 -> 45
2022-10-18 06:31:41,502 [grpc-default-executor-3] WARN  server.GrpcLogAppender (LogUtils.java:warn(122)) - omNode-1@group-523986131536->omNode-3-AppendLogResponseHandler: Failed appendEntries: org.apache.ratis.thirdparty.io.grpc.StatusRuntimeException: UNAVAILABLE: io exception
2022-10-18 06:31:41,503 [grpc-default-executor-3] INFO  leader.FollowerInfo (FollowerInfoImpl.java:lambda$new$0(48)) - omNode-1@group-523986131536->omNode-3: nextIndex: updateUnconditionally 120 -> 45
2022-10-18 06:31:41,504 [grpc-default-executor-3] WARN  server.GrpcLogAppender (LogUtils.java:warn(122)) - omNode-1@group-523986131536->omNode-3-AppendLogResponseHandler: Failed appendEntries: org.apache.ratis.thirdparty.io.grpc.StatusRuntimeException: UNAVAILABLE: io exception
2022-10-18 06:31:41,504 [grpc-default-executor-3] INFO  leader.FollowerInfo (FollowerInfoImpl.java:lambda$new$0(48)) - omNode-1@group-523986131536->omNode-3: nextIndex: updateUnconditionally 121 -> 45
2022-10-18 06:31:41,508 [grpc-default-executor-0] WARN  server.GrpcLogAppender (LogUtils.java:warn(122)) - omNode-1@group-523986131536->omNode-3-AppendLogResponseHandler: Failed appendEntries: org.apache.ratis.thirdparty.io.grpc.StatusRuntimeException: UNAVAILABLE: io exception
2022-10-18 06:31:41,508 [grpc-default-executor-0] INFO  leader.FollowerInfo (FollowerInfoImpl.java:lambda$new$0(48)) - omNode-1@group-523986131536->omNode-3: nextIndex: updateUnconditionally 122 -> 45
2022-10-18 06:31:41,514 [grpc-default-executor-3] WARN  server.GrpcLogAppender (LogUtils.java:warn(122)) - omNode-1@group-523986131536->omNode-3-AppendLogResponseHandler: Failed appendEntries: org.apache.ratis.thirdparty.io.grpc.StatusRuntimeException: UNAVAILABLE: io exception
2022-10-18 06:31:41,514 [grpc-default-executor-3] INFO  leader.FollowerInfo (FollowerInfoImpl.java:lambda$new$0(48)) - omNode-1@group-523986131536->omNode-3: nextIndex: updateUnconditionally 122 -> 45
2022-10-18 06:31:41,515 [grpc-default-executor-3] WARN  server.GrpcLogAppender (LogUtils.java:warn(122)) - omNode-1@group-523986131536->omNode-3-AppendLogResponseHandler: Failed appendEntries: org.apache.ratis.thirdparty.io.grpc.StatusRuntimeException: UNAVAILABLE: io exception
2022-10-18 06:31:41,516 [grpc-default-executor-3] INFO  leader.FollowerInfo (FollowerInfoImpl.java:lambda$new$0(48)) - omNode-1@group-523986131536->omNode-3: nextIndex: updateUnconditionally 122 -> 45
2022-10-18 06:31:41,521 [grpc-default-executor-3] WARN  server.GrpcLogAppender (LogUtils.java:warn(122)) - omNode-1@group-523986131536->omNode-3-AppendLogResponseHandler: Failed appendEntries: org.apache.ratis.thirdparty.io.grpc.StatusRuntimeException: UNAVAILABLE: io exception
2022-10-18 06:31:41,522 [grpc-default-executor-3] INFO  leader.FollowerInfo (FollowerInfoImpl.java:lambda$new$0(48)) - omNode-1@group-523986131536->omNode-3: nextIndex: updateUnconditionally 123 -> 45
2022-10-18 06:31:41,526 [grpc-default-executor-3] WARN  server.GrpcLogAppender (LogUtils.java:warn(122)) - omNode-1@group-523986131536->omNode-3-AppendLogResponseHandler: Failed appendEntries: org.apache.ratis.thirdparty.io.grpc.StatusRuntimeException: UNAVAILABLE: io exception
2022-10-18 06:31:41,526 [grpc-default-executor-3] INFO  leader.FollowerInfo (FollowerInfoImpl.java:lambda$new$0(48)) - omNode-1@group-523986131536->omNode-3: nextIndex: updateUnconditionally 123 -> 45
2022-10-18 06:31:41,530 [grpc-default-executor-1] WARN  server.GrpcLogAppender (LogUtils.java:warn(122)) - omNode-1@group-523986131536->omNode-3-AppendLogResponseHandler: Failed appendEntries: org.apache.ratis.thirdparty.io.grpc.StatusRuntimeException: UNAVAILABLE: io exception
2022-10-18 06:31:41,530 [grpc-default-executor-1] INFO  leader.FollowerInfo (FollowerInfoImpl.java:lambda$new$0(48)) - omNode-1@group-523986131536->omNode-3: nextIndex: updateUnconditionally 123 -> 45
2022-10-18 06:31:41,539 [grpc-default-executor-1] WARN  server.GrpcLogAppender (LogUtils.java:warn(122)) - omNode-1@group-523986131536->omNode-3-AppendLogResponseHandler: Failed appendEntries: org.apache.ratis.thirdparty.io.grpc.StatusRuntimeException: UNAVAILABLE: io exception
2022-10-18 06:31:41,539 [grpc-default-executor-1] INFO  leader.FollowerInfo (FollowerInfoImpl.java:lambda$new$0(48)) - omNode-1@group-523986131536->omNode-3: nextIndex: updateUnconditionally 124 -> 45
2022-10-18 06:31:41,546 [grpc-default-executor-0] WARN  server.GrpcLogAppender (LogUtils.java:warn(122)) - omNode-1@group-523986131536->omNode-3-AppendLogResponseHandler: Failed appendEntries: org.apache.ratis.thirdparty.io.grpc.StatusRuntimeException: UNAVAILABLE: io exception
2022-10-18 06:31:41,546 [grpc-default-executor-0] INFO  leader.FollowerInfo (FollowerInfoImpl.java:lambda$new$0(48)) - omNode-1@group-523986131536->omNode-3: nextIndex: updateUnconditionally 124 -> 45
2022-10-18 06:31:41,550 [grpc-default-executor-3] WARN  server.GrpcLogAppender (LogUtils.java:warn(122)) - omNode-1@group-523986131536->omNode-3-AppendLogResponseHandler: Failed appendEntries: org.apache.ratis.thirdparty.io.grpc.StatusRuntimeException: UNAVAILABLE: io exception
2022-10-18 06:31:41,550 [grpc-default-executor-3] INFO  leader.FollowerInfo (FollowerInfoImpl.java:lambda$new$0(48)) - omNode-1@group-523986131536->omNode-3: nextIndex: updateUnconditionally 125 -> 45
2022-10-18 06:31:41,553 [grpc-default-executor-1] WARN  server.GrpcLogAppender (LogUtils.java:warn(122)) - omNode-1@group-523986131536->omNode-3-AppendLogResponseHandler: Failed appendEntries: org.apache.ratis.thirdparty.io.grpc.StatusRuntimeException: UNAVAILABLE: io exception
2022-10-18 06:31:41,553 [grpc-default-executor-1] INFO  leader.FollowerInfo (FollowerInfoImpl.java:lambda$new$0(48)) - omNode-1@group-523986131536->omNode-3: nextIndex: updateUnconditionally 126 -> 45
2022-10-18 06:31:41,555 [grpc-default-executor-3] WARN  server.GrpcLogAppender (LogUtils.java:warn(122)) - omNode-1@group-523986131536->omNode-3-AppendLogResponseHandler: Failed appendEntries: org.apache.ratis.thirdparty.io.grpc.StatusRuntimeException: UNAVAILABLE: io exception
2022-10-18 06:31:41,555 [grpc-default-executor-3] INFO  leader.FollowerInfo (FollowerInfoImpl.java:lambda$new$0(48)) - omNode-1@group-523986131536->omNode-3: nextIndex: updateUnconditionally 126 -> 45
2022-10-18 06:31:41,567 [grpc-default-executor-0] WARN  server.GrpcLogAppender (LogUtils.java:warn(122)) - omNode-1@group-523986131536->omNode-3-AppendLogResponseHandler: Failed appendEntries: org.apache.ratis.thirdparty.io.grpc.StatusRuntimeException: UNAVAILABLE: io exception
2022-10-18 06:31:41,568 [grpc-default-executor-0] INFO  leader.FollowerInfo (FollowerInfoImpl.java:lambda$new$0(48)) - omNode-1@group-523986131536->omNode-3: nextIndex: updateUnconditionally 127 -> 45
2022-10-18 06:31:41,575 [grpc-default-executor-0] WARN  server.GrpcLogAppender (LogUtils.java:warn(122)) - omNode-1@group-523986131536->omNode-3-AppendLogResponseHandler: Failed appendEntries: org.apache.ratis.thirdparty.io.grpc.StatusRuntimeException: UNAVAILABLE: io exception
2022-10-18 06:31:41,575 [grpc-default-executor-0] INFO  leader.FollowerInfo (FollowerInfoImpl.java:lambda$new$0(48)) - omNode-1@group-523986131536->omNode-3: nextIndex: updateUnconditionally 127 -> 45
2022-10-18 06:31:41,583 [grpc-default-executor-3] WARN  server.GrpcLogAppender (LogUtils.java:warn(122)) - omNode-1@group-523986131536->omNode-3-AppendLogResponseHandler: Failed appendEntries: org.apache.ratis.thirdparty.io.grpc.StatusRuntimeException: UNAVAILABLE: io exception
2022-10-18 06:31:41,583 [grpc-default-executor-3] INFO  leader.FollowerInfo (FollowerInfoImpl.java:lambda$new$0(48)) - omNode-1@group-523986131536->omNode-3: nextIndex: updateUnconditionally 127 -> 45
2022-10-18 06:31:41,586 [grpc-default-executor-3] WARN  server.GrpcLogAppender (LogUtils.java:warn(122)) - omNode-1@group-523986131536->omNode-3-AppendLogResponseHandler: Failed appendEntries: org.apache.ratis.thirdparty.io.grpc.StatusRuntimeException: UNAVAILABLE: io exception
2022-10-18 06:31:41,586 [grpc-default-executor-3] INFO  leader.FollowerInfo (FollowerInfoImpl.java:lambda$new$0(48)) - omNode-1@group-523986131536->omNode-3: nextIndex: updateUnconditionally 128 -> 45
2022-10-18 06:31:41,591 [grpc-default-executor-3] WARN  server.GrpcLogAppender (LogUtils.java:warn(122)) - omNode-1@group-523986131536->omNode-3-AppendLogResponseHandler: Failed appendEntries: org.apache.ratis.thirdparty.io.grpc.StatusRuntimeException: UNAVAILABLE: io exception
2022-10-18 06:31:41,591 [grpc-default-executor-3] INFO  leader.FollowerInfo (FollowerInfoImpl.java:lambda$new$0(48)) - omNode-1@group-523986131536->omNode-3: nextIndex: updateUnconditionally 128 -> 45
2022-10-18 06:31:41,602 [grpc-default-executor-0] WARN  server.GrpcLogAppender (LogUtils.java:warn(122)) - omNode-1@group-523986131536->omNode-3-AppendLogResponseHandler: Failed appendEntries: org.apache.ratis.thirdparty.io.grpc.StatusRuntimeException: UNAVAILABLE: io exception
2022-10-18 06:31:41,602 [grpc-default-executor-0] INFO  leader.FollowerInfo (FollowerInfoImpl.java:lambda$new$0(48)) - omNode-1@group-523986131536->omNode-3: nextIndex: updateUnconditionally 130 -> 45
2022-10-18 06:31:41,605 [grpc-default-executor-0] WARN  server.GrpcLogAppender (LogUtils.java:warn(122)) - omNode-1@group-523986131536->omNode-3-AppendLogResponseHandler: Failed appendEntries: org.apache.ratis.thirdparty.io.grpc.StatusRuntimeException: UNAVAILABLE: io exception
2022-10-18 06:31:41,605 [grpc-default-executor-0] INFO  leader.FollowerInfo (FollowerInfoImpl.java:lambda$new$0(48)) - omNode-1@group-523986131536->omNode-3: nextIndex: updateUnconditionally 130 -> 45
2022-10-18 06:31:41,609 [grpc-default-executor-0] WARN  server.GrpcLogAppender (LogUtils.java:warn(122)) - omNode-1@group-523986131536->omNode-3-AppendLogResponseHandler: Failed appendEntries: org.apache.ratis.thirdparty.io.grpc.StatusRuntimeException: UNAVAILABLE: io exception
2022-10-18 06:31:41,609 [grpc-default-executor-0] INFO  leader.FollowerInfo (FollowerInfoImpl.java:lambda$new$0(48)) - omNode-1@group-523986131536->omNode-3: nextIndex: updateUnconditionally 131 -> 45
2022-10-18 06:31:41,617 [grpc-default-executor-0] WARN  server.GrpcLogAppender (LogUtils.java:warn(122)) - omNode-1@group-523986131536->omNode-3-AppendLogResponseHandler: Failed appendEntries: org.apache.ratis.thirdparty.io.grpc.StatusRuntimeException: UNAVAILABLE: io exception
2022-10-18 06:31:41,618 [grpc-default-executor-0] INFO  leader.FollowerInfo (FollowerInfoImpl.java:lambda$new$0(48)) - omNode-1@group-523986131536->omNode-3: nextIndex: updateUnconditionally 132 -> 45
2022-10-18 06:31:41,619 [grpc-default-executor-0] WARN  server.GrpcLogAppender (LogUtils.java:warn(122)) - omNode-1@group-523986131536->omNode-3-AppendLogResponseHandler: Failed appendEntries: org.apache.ratis.thirdparty.io.grpc.StatusRuntimeException: UNAVAILABLE: io exception
2022-10-18 06:31:41,619 [grpc-default-executor-0] INFO  leader.FollowerInfo (FollowerInfoImpl.java:lambda$new$0(48)) - omNode-1@group-523986131536->omNode-3: nextIndex: updateUnconditionally 133 -> 45
2022-10-18 06:31:41,622 [grpc-default-executor-0] WARN  server.GrpcLogAppender (LogUtils.java:warn(122)) - omNode-1@group-523986131536->omNode-3-AppendLogResponseHandler: Failed appendEntries: org.apache.ratis.thirdparty.io.grpc.StatusRuntimeException: UNAVAILABLE: io exception
2022-10-18 06:31:41,622 [grpc-default-executor-0] INFO  leader.FollowerInfo (FollowerInfoImpl.java:lambda$new$0(48)) - omNode-1@group-523986131536->omNode-3: nextIndex: updateUnconditionally 133 -> 45
2022-10-18 06:31:41,625 [grpc-default-executor-3] WARN  server.GrpcLogAppender (LogUtils.java:warn(122)) - omNode-1@group-523986131536->omNode-3-AppendLogResponseHandler: Failed appendEntries: org.apache.ratis.thirdparty.io.grpc.StatusRuntimeException: UNAVAILABLE: io exception
2022-10-18 06:31:41,625 [grpc-default-executor-3] INFO  leader.FollowerInfo (FollowerInfoImpl.java:lambda$new$0(48)) - omNode-1@group-523986131536->omNode-3: nextIndex: updateUnconditionally 133 -> 45
2022-10-18 06:31:41,632 [grpc-default-executor-0] WARN  server.GrpcLogAppender (LogUtils.java:warn(122)) - omNode-1@group-523986131536->omNode-3-AppendLogResponseHandler: Failed appendEntries: org.apache.ratis.thirdparty.io.grpc.StatusRuntimeException: UNAVAILABLE: io exception
2022-10-18 06:31:41,632 [grpc-default-executor-0] INFO  leader.FollowerInfo (FollowerInfoImpl.java:lambda$new$0(48)) - omNode-1@group-523986131536->omNode-3: nextIndex: updateUnconditionally 134 -> 45
2022-10-18 06:31:41,636 [grpc-default-executor-3] WARN  server.GrpcLogAppender (LogUtils.java:warn(122)) - omNode-1@group-523986131536->omNode-3-AppendLogResponseHandler: Failed appendEntries: org.apache.ratis.thirdparty.io.grpc.StatusRuntimeException: UNAVAILABLE: io exception
2022-10-18 06:31:41,637 [grpc-default-executor-3] INFO  leader.FollowerInfo (FollowerInfoImpl.java:lambda$new$0(48)) - omNode-1@group-523986131536->omNode-3: nextIndex: updateUnconditionally 135 -> 45
2022-10-18 06:31:41,637 [EndpointStateMachine task thread for /0.0.0.0:34663 - 0 ] INFO  ipc.Client (Client.java:handleConnectionFailure(1010)) - Retrying connect to server: 0.0.0.0/0.0.0.0:34663. Already tried 5 time(s); retry policy is RetryUpToMaximumCountWithFixedSleep(maxRetries=15, sleepTime=1000 MILLISECONDS)
2022-10-18 06:31:41,643 [grpc-default-executor-0] WARN  server.GrpcLogAppender (LogUtils.java:warn(122)) - omNode-1@group-523986131536->omNode-3-AppendLogResponseHandler: Failed appendEntries: org.apache.ratis.thirdparty.io.grpc.StatusRuntimeException: UNAVAILABLE: io exception
2022-10-18 06:31:41,644 [grpc-default-executor-0] INFO  leader.FollowerInfo (FollowerInfoImpl.java:lambda$new$0(48)) - omNode-1@group-523986131536->omNode-3: nextIndex: updateUnconditionally 136 -> 45
2022-10-18 06:31:41,652 [grpc-default-executor-0] WARN  server.GrpcLogAppender (LogUtils.java:warn(122)) - omNode-1@group-523986131536->omNode-3-AppendLogResponseHandler: Failed appendEntries: org.apache.ratis.thirdparty.io.grpc.StatusRuntimeException: UNAVAILABLE: io exception
2022-10-18 06:31:41,652 [grpc-default-executor-0] INFO  leader.FollowerInfo (FollowerInfoImpl.java:lambda$new$0(48)) - omNode-1@group-523986131536->omNode-3: nextIndex: updateUnconditionally 136 -> 45
2022-10-18 06:31:41,656 [grpc-default-executor-0] WARN  server.GrpcLogAppender (LogUtils.java:warn(122)) - omNode-1@group-523986131536->omNode-3-AppendLogResponseHandler: Failed appendEntries: org.apache.ratis.thirdparty.io.grpc.StatusRuntimeException: UNAVAILABLE: io exception
2022-10-18 06:31:41,656 [grpc-default-executor-0] INFO  leader.FollowerInfo (FollowerInfoImpl.java:lambda$new$0(48)) - omNode-1@group-523986131536->omNode-3: nextIndex: updateUnconditionally 138 -> 45
2022-10-18 06:31:41,665 [grpc-default-executor-3] WARN  server.GrpcLogAppender (LogUtils.java:warn(122)) - omNode-1@group-523986131536->omNode-3-AppendLogResponseHandler: Failed appendEntries: org.apache.ratis.thirdparty.io.grpc.StatusRuntimeException: UNAVAILABLE: io exception
2022-10-18 06:31:41,665 [grpc-default-executor-3] INFO  leader.FollowerInfo (FollowerInfoImpl.java:lambda$new$0(48)) - omNode-1@group-523986131536->omNode-3: nextIndex: updateUnconditionally 138 -> 45
2022-10-18 06:31:41,669 [grpc-default-executor-3] WARN  server.GrpcLogAppender (LogUtils.java:warn(122)) - omNode-1@group-523986131536->omNode-3-AppendLogResponseHandler: Failed appendEntries: org.apache.ratis.thirdparty.io.grpc.StatusRuntimeException: UNAVAILABLE: io exception
2022-10-18 06:31:41,669 [grpc-default-executor-3] INFO  leader.FollowerInfo (FollowerInfoImpl.java:lambda$new$0(48)) - omNode-1@group-523986131536->omNode-3: nextIndex: updateUnconditionally 139 -> 45
2022-10-18 06:31:41,672 [grpc-default-executor-0] WARN  server.GrpcLogAppender (LogUtils.java:warn(122)) - omNode-1@group-523986131536->omNode-3-AppendLogResponseHandler: Failed appendEntries: org.apache.ratis.thirdparty.io.grpc.StatusRuntimeException: UNAVAILABLE: io exception
2022-10-18 06:31:41,673 [grpc-default-executor-0] INFO  leader.FollowerInfo (FollowerInfoImpl.java:lambda$new$0(48)) - omNode-1@group-523986131536->omNode-3: nextIndex: updateUnconditionally 139 -> 45
2022-10-18 06:31:41,679 [grpc-default-executor-3] WARN  server.GrpcLogAppender (LogUtils.java:warn(122)) - omNode-1@group-523986131536->omNode-3-AppendLogResponseHandler: Failed appendEntries: org.apache.ratis.thirdparty.io.grpc.StatusRuntimeException: UNAVAILABLE: io exception
2022-10-18 06:31:41,679 [grpc-default-executor-3] INFO  leader.FollowerInfo (FollowerInfoImpl.java:lambda$new$0(48)) - omNode-1@group-523986131536->omNode-3: nextIndex: updateUnconditionally 140 -> 45
2022-10-18 06:31:41,683 [grpc-default-executor-3] WARN  server.GrpcLogAppender (LogUtils.java:warn(122)) - omNode-1@group-523986131536->omNode-3-AppendLogResponseHandler: Failed appendEntries: org.apache.ratis.thirdparty.io.grpc.StatusRuntimeException: UNAVAILABLE: io exception
2022-10-18 06:31:41,683 [grpc-default-executor-3] INFO  leader.FollowerInfo (FollowerInfoImpl.java:lambda$new$0(48)) - omNode-1@group-523986131536->omNode-3: nextIndex: updateUnconditionally 140 -> 45
2022-10-18 06:31:41,685 [grpc-default-executor-3] WARN  server.GrpcLogAppender (LogUtils.java:warn(122)) - omNode-1@group-523986131536->omNode-3-AppendLogResponseHandler: Failed appendEntries: org.apache.ratis.thirdparty.io.grpc.StatusRuntimeException: UNAVAILABLE: io exception
2022-10-18 06:31:41,686 [grpc-default-executor-3] INFO  leader.FollowerInfo (FollowerInfoImpl.java:lambda$new$0(48)) - omNode-1@group-523986131536->omNode-3: nextIndex: updateUnconditionally 142 -> 45
2022-10-18 06:31:41,688 [grpc-default-executor-3] WARN  server.GrpcLogAppender (LogUtils.java:warn(122)) - omNode-1@group-523986131536->omNode-3-AppendLogResponseHandler: Failed appendEntries: org.apache.ratis.thirdparty.io.grpc.StatusRuntimeException: UNAVAILABLE: io exception
2022-10-18 06:31:41,688 [grpc-default-executor-3] INFO  leader.FollowerInfo (FollowerInfoImpl.java:lambda$new$0(48)) - omNode-1@group-523986131536->omNode-3: nextIndex: updateUnconditionally 142 -> 45
2022-10-18 06:31:41,692 [grpc-default-executor-3] WARN  server.GrpcLogAppender (LogUtils.java:warn(122)) - omNode-1@group-523986131536->omNode-3-AppendLogResponseHandler: Failed appendEntries: org.apache.ratis.thirdparty.io.grpc.StatusRuntimeException: UNAVAILABLE: io exception
2022-10-18 06:31:41,692 [grpc-default-executor-3] INFO  leader.FollowerInfo (FollowerInfoImpl.java:lambda$new$0(48)) - omNode-1@group-523986131536->omNode-3: nextIndex: updateUnconditionally 143 -> 45
2022-10-18 06:31:41,698 [grpc-default-executor-3] WARN  server.GrpcLogAppender (LogUtils.java:warn(122)) - omNode-1@group-523986131536->omNode-3-AppendLogResponseHandler: Failed appendEntries: org.apache.ratis.thirdparty.io.grpc.StatusRuntimeException: UNAVAILABLE: io exception
2022-10-18 06:31:41,698 [grpc-default-executor-3] INFO  leader.FollowerInfo (FollowerInfoImpl.java:lambda$new$0(48)) - omNode-1@group-523986131536->omNode-3: nextIndex: updateUnconditionally 143 -> 45
2022-10-18 06:31:41,699 [grpc-default-executor-3] WARN  server.GrpcLogAppender (LogUtils.java:warn(122)) - omNode-1@group-523986131536->omNode-3-AppendLogResponseHandler: Failed appendEntries: org.apache.ratis.thirdparty.io.grpc.StatusRuntimeException: UNAVAILABLE: io exception
2022-10-18 06:31:41,699 [grpc-default-executor-3] INFO  leader.FollowerInfo (FollowerInfoImpl.java:lambda$new$0(48)) - omNode-1@group-523986131536->omNode-3: nextIndex: updateUnconditionally 143 -> 45
2022-10-18 06:31:41,703 [grpc-default-executor-0] WARN  server.GrpcLogAppender (LogUtils.java:warn(122)) - omNode-1@group-523986131536->omNode-3-AppendLogResponseHandler: Failed appendEntries: org.apache.ratis.thirdparty.io.grpc.StatusRuntimeException: UNAVAILABLE: io exception
2022-10-18 06:31:41,704 [grpc-default-executor-0] INFO  leader.FollowerInfo (FollowerInfoImpl.java:lambda$new$0(48)) - omNode-1@group-523986131536->omNode-3: nextIndex: updateUnconditionally 144 -> 45
2022-10-18 06:31:41,707 [grpc-default-executor-0] WARN  server.GrpcLogAppender (LogUtils.java:warn(122)) - omNode-1@group-523986131536->omNode-3-AppendLogResponseHandler: Failed appendEntries: org.apache.ratis.thirdparty.io.grpc.StatusRuntimeException: UNAVAILABLE: io exception
2022-10-18 06:31:41,707 [grpc-default-executor-0] INFO  leader.FollowerInfo (FollowerInfoImpl.java:lambda$new$0(48)) - omNode-1@group-523986131536->omNode-3: nextIndex: updateUnconditionally 144 -> 45
2022-10-18 06:31:41,708 [grpc-default-executor-0] WARN  server.GrpcLogAppender (LogUtils.java:warn(122)) - omNode-1@group-523986131536->omNode-3-AppendLogResponseHandler: Failed appendEntries: org.apache.ratis.thirdparty.io.grpc.StatusRuntimeException: UNAVAILABLE: io exception
2022-10-18 06:31:41,709 [grpc-default-executor-0] INFO  leader.FollowerInfo (FollowerInfoImpl.java:lambda$new$0(48)) - omNode-1@group-523986131536->omNode-3: nextIndex: updateUnconditionally 145 -> 45
2022-10-18 06:31:41,711 [grpc-default-executor-0] WARN  server.GrpcLogAppender (LogUtils.java:warn(122)) - omNode-1@group-523986131536->omNode-3-AppendLogResponseHandler: Failed appendEntries: org.apache.ratis.thirdparty.io.grpc.StatusRuntimeException: UNAVAILABLE: io exception
2022-10-18 06:31:41,712 [grpc-default-executor-0] INFO  leader.FollowerInfo (FollowerInfoImpl.java:lambda$new$0(48)) - omNode-1@group-523986131536->omNode-3: nextIndex: updateUnconditionally 146 -> 45
2022-10-18 06:31:41,714 [grpc-default-executor-0] WARN  server.GrpcLogAppender (LogUtils.java:warn(122)) - omNode-1@group-523986131536->omNode-3-AppendLogResponseHandler: Failed appendEntries: org.apache.ratis.thirdparty.io.grpc.StatusRuntimeException: UNAVAILABLE: io exception
2022-10-18 06:31:41,715 [grpc-default-executor-0] INFO  leader.FollowerInfo (FollowerInfoImpl.java:lambda$new$0(48)) - omNode-1@group-523986131536->omNode-3: nextIndex: updateUnconditionally 146 -> 45
2022-10-18 06:31:41,717 [grpc-default-executor-0] WARN  server.GrpcLogAppender (LogUtils.java:warn(122)) - omNode-1@group-523986131536->omNode-3-AppendLogResponseHandler: Failed appendEntries: org.apache.ratis.thirdparty.io.grpc.StatusRuntimeException: UNAVAILABLE: io exception
2022-10-18 06:31:41,718 [grpc-default-executor-0] INFO  leader.FollowerInfo (FollowerInfoImpl.java:lambda$new$0(48)) - omNode-1@group-523986131536->omNode-3: nextIndex: updateUnconditionally 147 -> 45
2022-10-18 06:31:41,726 [grpc-default-executor-3] WARN  server.GrpcLogAppender (LogUtils.java:warn(122)) - omNode-1@group-523986131536->omNode-3-AppendLogResponseHandler: Failed appendEntries: org.apache.ratis.thirdparty.io.grpc.StatusRuntimeException: UNAVAILABLE: io exception
2022-10-18 06:31:41,727 [grpc-default-executor-3] INFO  leader.FollowerInfo (FollowerInfoImpl.java:lambda$new$0(48)) - omNode-1@group-523986131536->omNode-3: nextIndex: updateUnconditionally 147 -> 45
2022-10-18 06:31:41,733 [grpc-default-executor-0] WARN  server.GrpcLogAppender (LogUtils.java:warn(122)) - omNode-1@group-523986131536->omNode-3-AppendLogResponseHandler: Failed appendEntries: org.apache.ratis.thirdparty.io.grpc.StatusRuntimeException: UNAVAILABLE: io exception
2022-10-18 06:31:41,733 [grpc-default-executor-0] INFO  leader.FollowerInfo (FollowerInfoImpl.java:lambda$new$0(48)) - omNode-1@group-523986131536->omNode-3: nextIndex: updateUnconditionally 147 -> 45
2022-10-18 06:31:41,738 [grpc-default-executor-0] WARN  server.GrpcLogAppender (LogUtils.java:warn(122)) - omNode-1@group-523986131536->omNode-3-AppendLogResponseHandler: Failed appendEntries: org.apache.ratis.thirdparty.io.grpc.StatusRuntimeException: UNAVAILABLE: io exception
2022-10-18 06:31:41,739 [grpc-default-executor-0] INFO  leader.FollowerInfo (FollowerInfoImpl.java:lambda$new$0(48)) - omNode-1@group-523986131536->omNode-3: nextIndex: updateUnconditionally 148 -> 45
2022-10-18 06:31:41,743 [grpc-default-executor-3] WARN  server.GrpcLogAppender (LogUtils.java:warn(122)) - omNode-1@group-523986131536->omNode-3-AppendLogResponseHandler: Failed appendEntries: org.apache.ratis.thirdparty.io.grpc.StatusRuntimeException: UNAVAILABLE: io exception
2022-10-18 06:31:41,743 [grpc-default-executor-3] INFO  leader.FollowerInfo (FollowerInfoImpl.java:lambda$new$0(48)) - omNode-1@group-523986131536->omNode-3: nextIndex: updateUnconditionally 149 -> 45
2022-10-18 06:31:41,746 [grpc-default-executor-3] WARN  server.GrpcLogAppender (LogUtils.java:warn(122)) - omNode-1@group-523986131536->omNode-3-AppendLogResponseHandler: Failed appendEntries: org.apache.ratis.thirdparty.io.grpc.StatusRuntimeException: UNAVAILABLE: io exception
2022-10-18 06:31:41,746 [grpc-default-executor-3] INFO  leader.FollowerInfo (FollowerInfoImpl.java:lambda$new$0(48)) - omNode-1@group-523986131536->omNode-3: nextIndex: updateUnconditionally 149 -> 45
2022-10-18 06:31:41,748 [grpc-default-executor-3] WARN  server.GrpcLogAppender (LogUtils.java:warn(122)) - omNode-1@group-523986131536->omNode-3-AppendLogResponseHandler: Failed appendEntries: org.apache.ratis.thirdparty.io.grpc.StatusRuntimeException: UNAVAILABLE: io exception
2022-10-18 06:31:41,748 [grpc-default-executor-3] INFO  leader.FollowerInfo (FollowerInfoImpl.java:lambda$new$0(48)) - omNode-1@group-523986131536->omNode-3: nextIndex: updateUnconditionally 150 -> 45
2022-10-18 06:31:41,750 [grpc-default-executor-3] WARN  server.GrpcLogAppender (LogUtils.java:warn(122)) - omNode-1@group-523986131536->omNode-3-AppendLogResponseHandler: Failed appendEntries: org.apache.ratis.thirdparty.io.grpc.StatusRuntimeException: UNAVAILABLE: io exception
2022-10-18 06:31:41,751 [grpc-default-executor-3] INFO  leader.FollowerInfo (FollowerInfoImpl.java:lambda$new$0(48)) - omNode-1@group-523986131536->omNode-3: nextIndex: updateUnconditionally 150 -> 45
2022-10-18 06:31:41,757 [omNode-1@group-523986131536-StateMachineUpdater] INFO  ratis.OzoneManagerStateMachine (OzoneManagerStateMachine.java:takeSnapshot(441)) - Current Snapshot Index (t:1, i:150)
2022-10-18 06:31:41,757 [omNode-1@group-523986131536-StateMachineUpdater] INFO  impl.StateMachineUpdater (StateMachineUpdater.java:takeSnapshot(287)) - omNode-1@group-523986131536-StateMachineUpdater: Took a snapshot at index 150
2022-10-18 06:31:41,757 [grpc-default-executor-0] WARN  server.GrpcLogAppender (LogUtils.java:warn(122)) - omNode-1@group-523986131536->omNode-3-AppendLogResponseHandler: Failed appendEntries: org.apache.ratis.thirdparty.io.grpc.StatusRuntimeException: UNAVAILABLE: io exception
2022-10-18 06:31:41,757 [grpc-default-executor-0] INFO  leader.FollowerInfo (FollowerInfoImpl.java:lambda$new$0(48)) - omNode-1@group-523986131536->omNode-3: nextIndex: updateUnconditionally 151 -> 45
2022-10-18 06:31:41,758 [omNode-1@group-523986131536-StateMachineUpdater] INFO  impl.StateMachineUpdater (StateMachineUpdater.java:lambda$new$0(92)) - omNode-1@group-523986131536-StateMachineUpdater: snapshotIndex: updateIncreasingly 100 -> 150
2022-10-18 06:31:41,758 [omNode-1@group-523986131536-StateMachineUpdater] INFO  raftlog.RaftLog (RaftLogBase.java:purge(308)) - omNode-1@group-523986131536-SegmentedRaftLog: purge 150
2022-10-18 06:31:41,758 [omNode-1@group-523986131536-StateMachineUpdater] INFO  raftlog.RaftLog (RaftLogBase.java:lambda$new$0(53)) - omNode-1@group-523986131536-SegmentedRaftLog: snapshotIndex: updateIncreasingly 100 -> 150
2022-10-18 06:31:41,758 [omNode-1@group-523986131536-StateMachineUpdater] INFO  raftlog.RaftLog (RaftLogBase.java:lambda$new$0(53)) - omNode-1@group-523986131536-SegmentedRaftLog: purgeIndex: updateToMax old=100, new=150, updated? true
2022-10-18 06:31:41,767 [grpc-default-executor-3] WARN  server.GrpcLogAppender (LogUtils.java:warn(122)) - omNode-1@group-523986131536->omNode-3-AppendLogResponseHandler: Failed appendEntries: org.apache.ratis.thirdparty.io.grpc.StatusRuntimeException: UNAVAILABLE: io exception
2022-10-18 06:31:41,768 [grpc-default-executor-3] INFO  leader.FollowerInfo (FollowerInfoImpl.java:lambda$new$0(48)) - omNode-1@group-523986131536->omNode-3: nextIndex: updateUnconditionally 152 -> 45
2022-10-18 06:31:41,771 [grpc-default-executor-3] WARN  server.GrpcLogAppender (LogUtils.java:warn(122)) - omNode-1@group-523986131536->omNode-3-AppendLogResponseHandler: Failed appendEntries: org.apache.ratis.thirdparty.io.grpc.StatusRuntimeException: UNAVAILABLE: io exception
2022-10-18 06:31:41,772 [grpc-default-executor-3] INFO  leader.FollowerInfo (FollowerInfoImpl.java:lambda$new$0(48)) - omNode-1@group-523986131536->omNode-3: nextIndex: updateUnconditionally 152 -> 45
2022-10-18 06:31:41,772 [grpc-default-executor-3] WARN  server.GrpcLogAppender (LogUtils.java:warn(122)) - omNode-1@group-523986131536->omNode-3-AppendLogResponseHandler: Failed appendEntries: org.apache.ratis.thirdparty.io.grpc.StatusRuntimeException: UNAVAILABLE: io exception
2022-10-18 06:31:41,773 [grpc-default-executor-3] INFO  leader.FollowerInfo (FollowerInfoImpl.java:lambda$new$0(48)) - omNode-1@group-523986131536->omNode-3: nextIndex: updateUnconditionally 153 -> 45
2022-10-18 06:31:41,776 [grpc-default-executor-3] WARN  server.GrpcLogAppender (LogUtils.java:warn(122)) - omNode-1@group-523986131536->omNode-3-AppendLogResponseHandler: Failed appendEntries: org.apache.ratis.thirdparty.io.grpc.StatusRuntimeException: UNAVAILABLE: io exception
2022-10-18 06:31:41,776 [grpc-default-executor-3] INFO  leader.FollowerInfo (FollowerInfoImpl.java:lambda$new$0(48)) - omNode-1@group-523986131536->omNode-3: nextIndex: updateUnconditionally 154 -> 45
2022-10-18 06:31:41,782 [grpc-default-executor-3] WARN  server.GrpcLogAppender (LogUtils.java:warn(122)) - omNode-1@group-523986131536->omNode-3-AppendLogResponseHandler: Failed appendEntries: org.apache.ratis.thirdparty.io.grpc.StatusRuntimeException: UNAVAILABLE: io exception
2022-10-18 06:31:41,782 [grpc-default-executor-3] INFO  leader.FollowerInfo (FollowerInfoImpl.java:lambda$new$0(48)) - omNode-1@group-523986131536->omNode-3: nextIndex: updateUnconditionally 154 -> 45
2022-10-18 06:31:41,786 [grpc-default-executor-3] WARN  server.GrpcLogAppender (LogUtils.java:warn(122)) - omNode-1@group-523986131536->omNode-3-AppendLogResponseHandler: Failed appendEntries: org.apache.ratis.thirdparty.io.grpc.StatusRuntimeException: UNAVAILABLE: io exception
2022-10-18 06:31:41,787 [grpc-default-executor-3] INFO  leader.FollowerInfo (FollowerInfoImpl.java:lambda$new$0(48)) - omNode-1@group-523986131536->omNode-3: nextIndex: updateUnconditionally 155 -> 45
2022-10-18 06:31:41,796 [omNode-2@group-523986131536-StateMachineUpdater] INFO  ratis.OzoneManagerStateMachine (OzoneManagerStateMachine.java:takeSnapshot(441)) - Current Snapshot Index (t:1, i:153)
2022-10-18 06:31:41,796 [omNode-2@group-523986131536-StateMachineUpdater] INFO  impl.StateMachineUpdater (StateMachineUpdater.java:takeSnapshot(287)) - omNode-2@group-523986131536-StateMachineUpdater: Took a snapshot at index 153
2022-10-18 06:31:41,796 [omNode-2@group-523986131536-StateMachineUpdater] INFO  impl.StateMachineUpdater (StateMachineUpdater.java:lambda$new$0(92)) - omNode-2@group-523986131536-StateMachineUpdater: snapshotIndex: updateIncreasingly 101 -> 153
2022-10-18 06:31:41,796 [omNode-2@group-523986131536-StateMachineUpdater] INFO  raftlog.RaftLog (RaftLogBase.java:purge(308)) - omNode-2@group-523986131536-SegmentedRaftLog: purge 153
2022-10-18 06:31:41,796 [omNode-2@group-523986131536-StateMachineUpdater] INFO  raftlog.RaftLog (RaftLogBase.java:lambda$new$0(53)) - omNode-2@group-523986131536-SegmentedRaftLog: snapshotIndex: updateIncreasingly 101 -> 153
2022-10-18 06:31:41,796 [omNode-2@group-523986131536-StateMachineUpdater] INFO  raftlog.RaftLog (RaftLogBase.java:lambda$new$0(53)) - omNode-2@group-523986131536-SegmentedRaftLog: purgeIndex: updateToMax old=101, new=153, updated? true
2022-10-18 06:31:41,797 [grpc-default-executor-0] WARN  server.GrpcLogAppender (LogUtils.java:warn(122)) - omNode-1@group-523986131536->omNode-3-AppendLogResponseHandler: Failed appendEntries: org.apache.ratis.thirdparty.io.grpc.StatusRuntimeException: UNAVAILABLE: io exception
2022-10-18 06:31:41,798 [grpc-default-executor-0] INFO  leader.FollowerInfo (FollowerInfoImpl.java:lambda$new$0(48)) - omNode-1@group-523986131536->omNode-3: nextIndex: updateUnconditionally 155 -> 45
2022-10-18 06:31:41,800 [grpc-default-executor-3] WARN  server.GrpcLogAppender (LogUtils.java:warn(122)) - omNode-1@group-523986131536->omNode-3-AppendLogResponseHandler: Failed appendEntries: org.apache.ratis.thirdparty.io.grpc.StatusRuntimeException: UNAVAILABLE: io exception
2022-10-18 06:31:41,800 [grpc-default-executor-3] INFO  leader.FollowerInfo (FollowerInfoImpl.java:lambda$new$0(48)) - omNode-1@group-523986131536->omNode-3: nextIndex: updateUnconditionally 156 -> 45
2022-10-18 06:31:41,805 [grpc-default-executor-0] WARN  server.GrpcLogAppender (LogUtils.java:warn(122)) - omNode-1@group-523986131536->omNode-3-AppendLogResponseHandler: Failed appendEntries: org.apache.ratis.thirdparty.io.grpc.StatusRuntimeException: UNAVAILABLE: io exception
2022-10-18 06:31:41,805 [grpc-default-executor-0] INFO  leader.FollowerInfo (FollowerInfoImpl.java:lambda$new$0(48)) - omNode-1@group-523986131536->omNode-3: nextIndex: updateUnconditionally 156 -> 45
2022-10-18 06:31:41,808 [grpc-default-executor-0] WARN  server.GrpcLogAppender (LogUtils.java:warn(122)) - omNode-1@group-523986131536->omNode-3-AppendLogResponseHandler: Failed appendEntries: org.apache.ratis.thirdparty.io.grpc.StatusRuntimeException: UNAVAILABLE: io exception
2022-10-18 06:31:41,808 [grpc-default-executor-0] INFO  leader.FollowerInfo (FollowerInfoImpl.java:lambda$new$0(48)) - omNode-1@group-523986131536->omNode-3: nextIndex: updateUnconditionally 158 -> 45
2022-10-18 06:31:41,815 [grpc-default-executor-3] WARN  server.GrpcLogAppender (LogUtils.java:warn(122)) - omNode-1@group-523986131536->omNode-3-AppendLogResponseHandler: Failed appendEntries: org.apache.ratis.thirdparty.io.grpc.StatusRuntimeException: UNAVAILABLE: io exception
2022-10-18 06:31:41,816 [grpc-default-executor-3] INFO  leader.FollowerInfo (FollowerInfoImpl.java:lambda$new$0(48)) - omNode-1@group-523986131536->omNode-3: nextIndex: updateUnconditionally 158 -> 45
2022-10-18 06:31:41,822 [grpc-default-executor-3] WARN  server.GrpcLogAppender (LogUtils.java:warn(122)) - omNode-1@group-523986131536->omNode-3-AppendLogResponseHandler: Failed appendEntries: org.apache.ratis.thirdparty.io.grpc.StatusRuntimeException: UNAVAILABLE: io exception
2022-10-18 06:31:41,822 [grpc-default-executor-3] INFO  leader.FollowerInfo (FollowerInfoImpl.java:lambda$new$0(48)) - omNode-1@group-523986131536->omNode-3: nextIndex: updateUnconditionally 159 -> 45
2022-10-18 06:31:41,825 [grpc-default-executor-3] WARN  server.GrpcLogAppender (LogUtils.java:warn(122)) - omNode-1@group-523986131536->omNode-3-AppendLogResponseHandler: Failed appendEntries: org.apache.ratis.thirdparty.io.grpc.StatusRuntimeException: UNAVAILABLE: io exception
2022-10-18 06:31:41,826 [grpc-default-executor-3] INFO  leader.FollowerInfo (FollowerInfoImpl.java:lambda$new$0(48)) - omNode-1@group-523986131536->omNode-3: nextIndex: updateUnconditionally 160 -> 45
2022-10-18 06:31:41,829 [grpc-default-executor-3] WARN  server.GrpcLogAppender (LogUtils.java:warn(122)) - omNode-1@group-523986131536->omNode-3-AppendLogResponseHandler: Failed appendEntries: org.apache.ratis.thirdparty.io.grpc.StatusRuntimeException: UNAVAILABLE: io exception
2022-10-18 06:31:41,829 [grpc-default-executor-3] INFO  leader.FollowerInfo (FollowerInfoImpl.java:lambda$new$0(48)) - omNode-1@group-523986131536->omNode-3: nextIndex: updateUnconditionally 160 -> 45
2022-10-18 06:31:41,835 [grpc-default-executor-3] WARN  server.GrpcLogAppender (LogUtils.java:warn(122)) - omNode-1@group-523986131536->omNode-3-AppendLogResponseHandler: Failed appendEntries: org.apache.ratis.thirdparty.io.grpc.StatusRuntimeException: UNAVAILABLE: io exception
2022-10-18 06:31:41,836 [grpc-default-executor-3] INFO  leader.FollowerInfo (FollowerInfoImpl.java:lambda$new$0(48)) - omNode-1@group-523986131536->omNode-3: nextIndex: updateUnconditionally 161 -> 45
2022-10-18 06:31:41,837 [grpc-default-executor-0] WARN  server.GrpcLogAppender (LogUtils.java:warn(122)) - omNode-1@group-523986131536->omNode-3-AppendLogResponseHandler: Failed appendEntries: org.apache.ratis.thirdparty.io.grpc.StatusRuntimeException: UNAVAILABLE: io exception
2022-10-18 06:31:41,838 [grpc-default-executor-0] INFO  leader.FollowerInfo (FollowerInfoImpl.java:lambda$new$0(48)) - omNode-1@group-523986131536->omNode-3: nextIndex: updateUnconditionally 162 -> 45
2022-10-18 06:31:41,843 [grpc-default-executor-3] WARN  server.GrpcLogAppender (LogUtils.java:warn(122)) - omNode-1@group-523986131536->omNode-3-AppendLogResponseHandler: Failed appendEntries: org.apache.ratis.thirdparty.io.grpc.StatusRuntimeException: UNAVAILABLE: io exception
2022-10-18 06:31:41,843 [grpc-default-executor-3] INFO  leader.FollowerInfo (FollowerInfoImpl.java:lambda$new$0(48)) - omNode-1@group-523986131536->omNode-3: nextIndex: updateUnconditionally 162 -> 45
2022-10-18 06:31:41,849 [grpc-default-executor-3] WARN  server.GrpcLogAppender (LogUtils.java:warn(122)) - omNode-1@group-523986131536->omNode-3-AppendLogResponseHandler: Failed appendEntries: org.apache.ratis.thirdparty.io.grpc.StatusRuntimeException: UNAVAILABLE: io exception
2022-10-18 06:31:41,850 [grpc-default-executor-3] INFO  leader.FollowerInfo (FollowerInfoImpl.java:lambda$new$0(48)) - omNode-1@group-523986131536->omNode-3: nextIndex: updateUnconditionally 163 -> 45
2022-10-18 06:31:41,859 [grpc-default-executor-1] WARN  server.GrpcLogAppender (LogUtils.java:warn(122)) - omNode-1@group-523986131536->omNode-3-AppendLogResponseHandler: Failed appendEntries: org.apache.ratis.thirdparty.io.grpc.StatusRuntimeException: UNAVAILABLE: io exception
2022-10-18 06:31:41,859 [grpc-default-executor-1] INFO  leader.FollowerInfo (FollowerInfoImpl.java:lambda$new$0(48)) - omNode-1@group-523986131536->omNode-3: nextIndex: updateUnconditionally 163 -> 45
2022-10-18 06:31:41,862 [grpc-default-executor-0] WARN  server.GrpcLogAppender (LogUtils.java:warn(122)) - omNode-1@group-523986131536->omNode-3-AppendLogResponseHandler: Failed appendEntries: org.apache.ratis.thirdparty.io.grpc.StatusRuntimeException: UNAVAILABLE: io exception
2022-10-18 06:31:41,862 [grpc-default-executor-0] INFO  leader.FollowerInfo (FollowerInfoImpl.java:lambda$new$0(48)) - omNode-1@group-523986131536->omNode-3: nextIndex: updateUnconditionally 164 -> 45
2022-10-18 06:31:41,867 [grpc-default-executor-1] WARN  server.GrpcLogAppender (LogUtils.java:warn(122)) - omNode-1@group-523986131536->omNode-3-AppendLogResponseHandler: Failed appendEntries: org.apache.ratis.thirdparty.io.grpc.StatusRuntimeException: UNAVAILABLE: io exception
2022-10-18 06:31:41,867 [grpc-default-executor-1] INFO  leader.FollowerInfo (FollowerInfoImpl.java:lambda$new$0(48)) - omNode-1@group-523986131536->omNode-3: nextIndex: updateUnconditionally 164 -> 45
2022-10-18 06:31:41,869 [grpc-default-executor-3] WARN  server.GrpcLogAppender (LogUtils.java:warn(122)) - omNode-1@group-523986131536->omNode-3-AppendLogResponseHandler: Failed appendEntries: org.apache.ratis.thirdparty.io.grpc.StatusRuntimeException: UNAVAILABLE: io exception
2022-10-18 06:31:41,870 [grpc-default-executor-3] INFO  leader.FollowerInfo (FollowerInfoImpl.java:lambda$new$0(48)) - omNode-1@group-523986131536->omNode-3: nextIndex: updateUnconditionally 165 -> 45
2022-10-18 06:31:41,873 [grpc-default-executor-1] WARN  server.GrpcLogAppender (LogUtils.java:warn(122)) - omNode-1@group-523986131536->omNode-3-AppendLogResponseHandler: Failed appendEntries: org.apache.ratis.thirdparty.io.grpc.StatusRuntimeException: UNAVAILABLE: io exception
2022-10-18 06:31:41,873 [grpc-default-executor-1] INFO  leader.FollowerInfo (FollowerInfoImpl.java:lambda$new$0(48)) - omNode-1@group-523986131536->omNode-3: nextIndex: updateUnconditionally 166 -> 45
2022-10-18 06:31:41,876 [grpc-default-executor-1] WARN  server.GrpcLogAppender (LogUtils.java:warn(122)) - omNode-1@group-523986131536->omNode-3-AppendLogResponseHandler: Failed appendEntries: org.apache.ratis.thirdparty.io.grpc.StatusRuntimeException: UNAVAILABLE: io exception
2022-10-18 06:31:41,876 [grpc-default-executor-1] INFO  leader.FollowerInfo (FollowerInfoImpl.java:lambda$new$0(48)) - omNode-1@group-523986131536->omNode-3: nextIndex: updateUnconditionally 166 -> 45
2022-10-18 06:31:41,878 [grpc-default-executor-1] WARN  server.GrpcLogAppender (LogUtils.java:warn(122)) - omNode-1@group-523986131536->omNode-3-AppendLogResponseHandler: Failed appendEntries: org.apache.ratis.thirdparty.io.grpc.StatusRuntimeException: UNAVAILABLE: io exception
2022-10-18 06:31:41,878 [grpc-default-executor-1] INFO  leader.FollowerInfo (FollowerInfoImpl.java:lambda$new$0(48)) - omNode-1@group-523986131536->omNode-3: nextIndex: updateUnconditionally 166 -> 45
2022-10-18 06:31:41,883 [grpc-default-executor-1] WARN  server.GrpcLogAppender (LogUtils.java:warn(122)) - omNode-1@group-523986131536->omNode-3-AppendLogResponseHandler: Failed appendEntries: org.apache.ratis.thirdparty.io.grpc.StatusRuntimeException: UNAVAILABLE: io exception
2022-10-18 06:31:41,883 [grpc-default-executor-1] INFO  leader.FollowerInfo (FollowerInfoImpl.java:lambda$new$0(48)) - omNode-1@group-523986131536->omNode-3: nextIndex: updateUnconditionally 167 -> 45
2022-10-18 06:31:41,894 [grpc-default-executor-3] WARN  server.GrpcLogAppender (LogUtils.java:warn(122)) - omNode-1@group-523986131536->omNode-3-AppendLogResponseHandler: Failed appendEntries: org.apache.ratis.thirdparty.io.grpc.StatusRuntimeException: UNAVAILABLE: io exception
2022-10-18 06:31:41,894 [grpc-default-executor-3] INFO  leader.FollowerInfo (FollowerInfoImpl.java:lambda$new$0(48)) - omNode-1@group-523986131536->omNode-3: nextIndex: updateUnconditionally 167 -> 45
2022-10-18 06:31:41,899 [grpc-default-executor-3] WARN  server.GrpcLogAppender (LogUtils.java:warn(122)) - omNode-1@group-523986131536->omNode-3-AppendLogResponseHandler: Failed appendEntries: org.apache.ratis.thirdparty.io.grpc.StatusRuntimeException: UNAVAILABLE: io exception
2022-10-18 06:31:41,899 [grpc-default-executor-3] INFO  leader.FollowerInfo (FollowerInfoImpl.java:lambda$new$0(48)) - omNode-1@group-523986131536->omNode-3: nextIndex: updateUnconditionally 168 -> 45
2022-10-18 06:31:41,908 [grpc-default-executor-1] WARN  server.GrpcLogAppender (LogUtils.java:warn(122)) - omNode-1@group-523986131536->omNode-3-AppendLogResponseHandler: Failed appendEntries: org.apache.ratis.thirdparty.io.grpc.StatusRuntimeException: UNAVAILABLE: io exception
2022-10-18 06:31:41,909 [grpc-default-executor-1] INFO  leader.FollowerInfo (FollowerInfoImpl.java:lambda$new$0(48)) - omNode-1@group-523986131536->omNode-3: nextIndex: updateUnconditionally 168 -> 45
2022-10-18 06:31:41,911 [grpc-default-executor-3] WARN  server.GrpcLogAppender (LogUtils.java:warn(122)) - omNode-1@group-523986131536->omNode-3-AppendLogResponseHandler: Failed appendEntries: org.apache.ratis.thirdparty.io.grpc.StatusRuntimeException: UNAVAILABLE: io exception
2022-10-18 06:31:41,911 [grpc-default-executor-3] INFO  leader.FollowerInfo (FollowerInfoImpl.java:lambda$new$0(48)) - omNode-1@group-523986131536->omNode-3: nextIndex: updateUnconditionally 170 -> 45
2022-10-18 06:31:41,922 [grpc-default-executor-3] WARN  server.GrpcLogAppender (LogUtils.java:warn(122)) - omNode-1@group-523986131536->omNode-3-AppendLogResponseHandler: Failed appendEntries: org.apache.ratis.thirdparty.io.grpc.StatusRuntimeException: UNAVAILABLE: io exception
2022-10-18 06:31:41,923 [grpc-default-executor-3] INFO  leader.FollowerInfo (FollowerInfoImpl.java:lambda$new$0(48)) - omNode-1@group-523986131536->omNode-3: nextIndex: updateUnconditionally 170 -> 45
2022-10-18 06:31:41,980 [grpc-default-executor-1] WARN  server.GrpcLogAppender (LogUtils.java:warn(122)) - omNode-1@group-523986131536->omNode-3-AppendLogResponseHandler: Failed appendEntries: org.apache.ratis.thirdparty.io.grpc.StatusRuntimeException: UNAVAILABLE: io exception
2022-10-18 06:31:41,980 [grpc-default-executor-1] INFO  leader.FollowerInfo (FollowerInfoImpl.java:lambda$new$0(48)) - omNode-1@group-523986131536->omNode-3: nextIndex: updateUnconditionally 170 -> 45
2022-10-18 06:31:41,985 [grpc-default-executor-3] WARN  server.GrpcLogAppender (LogUtils.java:warn(122)) - omNode-1@group-523986131536->omNode-3-AppendLogResponseHandler: Failed appendEntries: org.apache.ratis.thirdparty.io.grpc.StatusRuntimeException: UNAVAILABLE: io exception
2022-10-18 06:31:41,986 [grpc-default-executor-3] INFO  leader.FollowerInfo (FollowerInfoImpl.java:lambda$new$0(48)) - omNode-1@group-523986131536->omNode-3: nextIndex: updateUnconditionally 171 -> 45
2022-10-18 06:31:41,994 [grpc-default-executor-1] WARN  server.GrpcLogAppender (LogUtils.java:warn(122)) - omNode-1@group-523986131536->omNode-3-AppendLogResponseHandler: Failed appendEntries: org.apache.ratis.thirdparty.io.grpc.StatusRuntimeException: UNAVAILABLE: io exception
2022-10-18 06:31:41,994 [grpc-default-executor-1] INFO  leader.FollowerInfo (FollowerInfoImpl.java:lambda$new$0(48)) - omNode-1@group-523986131536->omNode-3: nextIndex: updateUnconditionally 171 -> 45
2022-10-18 06:31:41,997 [grpc-default-executor-1] WARN  server.GrpcLogAppender (LogUtils.java:warn(122)) - omNode-1@group-523986131536->omNode-3-AppendLogResponseHandler: Failed appendEntries: org.apache.ratis.thirdparty.io.grpc.StatusRuntimeException: UNAVAILABLE: io exception
2022-10-18 06:31:41,997 [grpc-default-executor-1] INFO  leader.FollowerInfo (FollowerInfoImpl.java:lambda$new$0(48)) - omNode-1@group-523986131536->omNode-3: nextIndex: updateUnconditionally 172 -> 45
2022-10-18 06:31:42,001 [grpc-default-executor-3] WARN  server.GrpcLogAppender (LogUtils.java:warn(122)) - omNode-1@group-523986131536->omNode-3-AppendLogResponseHandler: Failed appendEntries: org.apache.ratis.thirdparty.io.grpc.StatusRuntimeException: UNAVAILABLE: io exception
2022-10-18 06:31:42,001 [grpc-default-executor-3] INFO  leader.FollowerInfo (FollowerInfoImpl.java:lambda$new$0(48)) - omNode-1@group-523986131536->omNode-3: nextIndex: updateUnconditionally 172 -> 45
2022-10-18 06:31:42,004 [grpc-default-executor-1] WARN  server.GrpcLogAppender (LogUtils.java:warn(122)) - omNode-1@group-523986131536->omNode-3-AppendLogResponseHandler: Failed appendEntries: org.apache.ratis.thirdparty.io.grpc.StatusRuntimeException: UNAVAILABLE: io exception
2022-10-18 06:31:42,004 [grpc-default-executor-1] INFO  leader.FollowerInfo (FollowerInfoImpl.java:lambda$new$0(48)) - omNode-1@group-523986131536->omNode-3: nextIndex: updateUnconditionally 173 -> 45
2022-10-18 06:31:42,009 [grpc-default-executor-1] WARN  server.GrpcLogAppender (LogUtils.java:warn(122)) - omNode-1@group-523986131536->omNode-3-AppendLogResponseHandler: Failed appendEntries: org.apache.ratis.thirdparty.io.grpc.StatusRuntimeException: UNAVAILABLE: io exception
2022-10-18 06:31:42,010 [grpc-default-executor-1] INFO  leader.FollowerInfo (FollowerInfoImpl.java:lambda$new$0(48)) - omNode-1@group-523986131536->omNode-3: nextIndex: updateUnconditionally 173 -> 45
2022-10-18 06:31:42,019 [grpc-default-executor-3] WARN  server.GrpcLogAppender (LogUtils.java:warn(122)) - omNode-1@group-523986131536->omNode-3-AppendLogResponseHandler: Failed appendEntries: org.apache.ratis.thirdparty.io.grpc.StatusRuntimeException: UNAVAILABLE: io exception
2022-10-18 06:31:42,019 [grpc-default-executor-3] INFO  leader.FollowerInfo (FollowerInfoImpl.java:lambda$new$0(48)) - omNode-1@group-523986131536->omNode-3: nextIndex: updateUnconditionally 174 -> 45
2022-10-18 06:31:42,019 [grpc-default-executor-1] WARN  server.GrpcLogAppender (LogUtils.java:warn(122)) - omNode-1@group-523986131536->omNode-3-AppendLogResponseHandler: Failed appendEntries: org.apache.ratis.thirdparty.io.grpc.StatusRuntimeException: UNAVAILABLE: io exception
2022-10-18 06:31:42,020 [grpc-default-executor-1] INFO  leader.FollowerInfo (FollowerInfoImpl.java:lambda$new$0(48)) - omNode-1@group-523986131536->omNode-3: nextIndex: updateUnconditionally 175 -> 45
2022-10-18 06:31:42,033 [grpc-default-executor-1] WARN  server.GrpcLogAppender (LogUtils.java:warn(122)) - omNode-1@group-523986131536->omNode-3-AppendLogResponseHandler: Failed appendEntries: org.apache.ratis.thirdparty.io.grpc.StatusRuntimeException: UNAVAILABLE: io exception
2022-10-18 06:31:42,034 [grpc-default-executor-1] INFO  leader.FollowerInfo (FollowerInfoImpl.java:lambda$new$0(48)) - omNode-1@group-523986131536->omNode-3: nextIndex: updateUnconditionally 175 -> 45
2022-10-18 06:31:42,039 [grpc-default-executor-1] WARN  server.GrpcLogAppender (LogUtils.java:warn(122)) - omNode-1@group-523986131536->omNode-3-AppendLogResponseHandler: Failed appendEntries: org.apache.ratis.thirdparty.io.grpc.StatusRuntimeException: UNAVAILABLE: io exception
2022-10-18 06:31:42,039 [grpc-default-executor-1] INFO  leader.FollowerInfo (FollowerInfoImpl.java:lambda$new$0(48)) - omNode-1@group-523986131536->omNode-3: nextIndex: updateUnconditionally 176 -> 45
2022-10-18 06:31:42,048 [grpc-default-executor-3] WARN  server.GrpcLogAppender (LogUtils.java:warn(122)) - omNode-1@group-523986131536->omNode-3-AppendLogResponseHandler: Failed appendEntries: org.apache.ratis.thirdparty.io.grpc.StatusRuntimeException: UNAVAILABLE: io exception
2022-10-18 06:31:42,048 [grpc-default-executor-3] INFO  leader.FollowerInfo (FollowerInfoImpl.java:lambda$new$0(48)) - omNode-1@group-523986131536->omNode-3: nextIndex: updateUnconditionally 176 -> 45
2022-10-18 06:31:42,050 [grpc-default-executor-1] WARN  server.GrpcLogAppender (LogUtils.java:warn(122)) - omNode-1@group-523986131536->omNode-3-AppendLogResponseHandler: Failed appendEntries: org.apache.ratis.thirdparty.io.grpc.StatusRuntimeException: UNAVAILABLE: io exception
2022-10-18 06:31:42,050 [grpc-default-executor-1] INFO  leader.FollowerInfo (FollowerInfoImpl.java:lambda$new$0(48)) - omNode-1@group-523986131536->omNode-3: nextIndex: updateUnconditionally 178 -> 45
2022-10-18 06:31:42,061 [grpc-default-executor-1] WARN  server.GrpcLogAppender (LogUtils.java:warn(122)) - omNode-1@group-523986131536->omNode-3-AppendLogResponseHandler: Failed appendEntries: org.apache.ratis.thirdparty.io.grpc.StatusRuntimeException: UNAVAILABLE: io exception
2022-10-18 06:31:42,061 [grpc-default-executor-1] INFO  leader.FollowerInfo (FollowerInfoImpl.java:lambda$new$0(48)) - omNode-1@group-523986131536->omNode-3: nextIndex: updateUnconditionally 178 -> 45
2022-10-18 06:31:42,070 [grpc-default-executor-1] WARN  server.GrpcLogAppender (LogUtils.java:warn(122)) - omNode-1@group-523986131536->omNode-3-AppendLogResponseHandler: Failed appendEntries: org.apache.ratis.thirdparty.io.grpc.StatusRuntimeException: UNAVAILABLE: io exception
2022-10-18 06:31:42,071 [grpc-default-executor-1] INFO  leader.FollowerInfo (FollowerInfoImpl.java:lambda$new$0(48)) - omNode-1@group-523986131536->omNode-3: nextIndex: updateUnconditionally 179 -> 45
2022-10-18 06:31:42,076 [grpc-default-executor-1] WARN  server.GrpcLogAppender (LogUtils.java:warn(122)) - omNode-1@group-523986131536->omNode-3-AppendLogResponseHandler: Failed appendEntries: org.apache.ratis.thirdparty.io.grpc.StatusRuntimeException: UNAVAILABLE: io exception
2022-10-18 06:31:42,076 [grpc-default-executor-1] INFO  leader.FollowerInfo (FollowerInfoImpl.java:lambda$new$0(48)) - omNode-1@group-523986131536->omNode-3: nextIndex: updateUnconditionally 179 -> 45
2022-10-18 06:31:42,078 [grpc-default-executor-1] WARN  server.GrpcLogAppender (LogUtils.java:warn(122)) - omNode-1@group-523986131536->omNode-3-AppendLogResponseHandler: Failed appendEntries: org.apache.ratis.thirdparty.io.grpc.StatusRuntimeException: UNAVAILABLE: io exception
2022-10-18 06:31:42,078 [grpc-default-executor-1] INFO  leader.FollowerInfo (FollowerInfoImpl.java:lambda$new$0(48)) - omNode-1@group-523986131536->omNode-3: nextIndex: updateUnconditionally 180 -> 45
2022-10-18 06:31:42,081 [grpc-default-executor-3] WARN  server.GrpcLogAppender (LogUtils.java:warn(122)) - omNode-1@group-523986131536->omNode-3-AppendLogResponseHandler: Failed appendEntries: org.apache.ratis.thirdparty.io.grpc.StatusRuntimeException: UNAVAILABLE: io exception
2022-10-18 06:31:42,081 [grpc-default-executor-3] INFO  leader.FollowerInfo (FollowerInfoImpl.java:lambda$new$0(48)) - omNode-1@group-523986131536->omNode-3: nextIndex: updateUnconditionally 180 -> 45
2022-10-18 06:31:42,083 [grpc-default-executor-3] WARN  server.GrpcLogAppender (LogUtils.java:warn(122)) - omNode-1@group-523986131536->omNode-3-AppendLogResponseHandler: Failed appendEntries: org.apache.ratis.thirdparty.io.grpc.StatusRuntimeException: UNAVAILABLE: io exception
2022-10-18 06:31:42,083 [grpc-default-executor-3] INFO  leader.FollowerInfo (FollowerInfoImpl.java:lambda$new$0(48)) - omNode-1@group-523986131536->omNode-3: nextIndex: updateUnconditionally 181 -> 45
2022-10-18 06:31:42,086 [grpc-default-executor-3] WARN  server.GrpcLogAppender (LogUtils.java:warn(122)) - omNode-1@group-523986131536->omNode-3-AppendLogResponseHandler: Failed appendEntries: org.apache.ratis.thirdparty.io.grpc.StatusRuntimeException: UNAVAILABLE: io exception
2022-10-18 06:31:42,087 [grpc-default-executor-3] INFO  leader.FollowerInfo (FollowerInfoImpl.java:lambda$new$0(48)) - omNode-1@group-523986131536->omNode-3: nextIndex: updateUnconditionally 182 -> 45
2022-10-18 06:31:42,090 [grpc-default-executor-1] WARN  server.GrpcLogAppender (LogUtils.java:warn(122)) - omNode-1@group-523986131536->omNode-3-AppendLogResponseHandler: Failed appendEntries: org.apache.ratis.thirdparty.io.grpc.StatusRuntimeException: UNAVAILABLE: io exception
2022-10-18 06:31:42,090 [grpc-default-executor-1] INFO  leader.FollowerInfo (FollowerInfoImpl.java:lambda$new$0(48)) - omNode-1@group-523986131536->omNode-3: nextIndex: updateUnconditionally 182 -> 45
2022-10-18 06:31:42,093 [grpc-default-executor-1] WARN  server.GrpcLogAppender (LogUtils.java:warn(122)) - omNode-1@group-523986131536->omNode-3-AppendLogResponseHandler: Failed appendEntries: org.apache.ratis.thirdparty.io.grpc.StatusRuntimeException: UNAVAILABLE: io exception
2022-10-18 06:31:42,094 [grpc-default-executor-1] INFO  leader.FollowerInfo (FollowerInfoImpl.java:lambda$new$0(48)) - omNode-1@group-523986131536->omNode-3: nextIndex: updateUnconditionally 183 -> 45
2022-10-18 06:31:42,097 [grpc-default-executor-1] WARN  server.GrpcLogAppender (LogUtils.java:warn(122)) - omNode-1@group-523986131536->omNode-3-AppendLogResponseHandler: Failed appendEntries: org.apache.ratis.thirdparty.io.grpc.StatusRuntimeException: UNAVAILABLE: io exception
2022-10-18 06:31:42,097 [grpc-default-executor-1] INFO  leader.FollowerInfo (FollowerInfoImpl.java:lambda$new$0(48)) - omNode-1@group-523986131536->omNode-3: nextIndex: updateUnconditionally 183 -> 45
2022-10-18 06:31:42,099 [grpc-default-executor-1] WARN  server.GrpcLogAppender (LogUtils.java:warn(122)) - omNode-1@group-523986131536->omNode-3-AppendLogResponseHandler: Failed appendEntries: org.apache.ratis.thirdparty.io.grpc.StatusRuntimeException: UNAVAILABLE: io exception
2022-10-18 06:31:42,099 [grpc-default-executor-1] INFO  leader.FollowerInfo (FollowerInfoImpl.java:lambda$new$0(48)) - omNode-1@group-523986131536->omNode-3: nextIndex: updateUnconditionally 183 -> 45
2022-10-18 06:31:42,103 [grpc-default-executor-3] WARN  server.GrpcLogAppender (LogUtils.java:warn(122)) - omNode-1@group-523986131536->omNode-3-AppendLogResponseHandler: Failed appendEntries: org.apache.ratis.thirdparty.io.grpc.StatusRuntimeException: UNAVAILABLE: io exception
2022-10-18 06:31:42,103 [grpc-default-executor-3] INFO  leader.FollowerInfo (FollowerInfoImpl.java:lambda$new$0(48)) - omNode-1@group-523986131536->omNode-3: nextIndex: updateUnconditionally 184 -> 45
2022-10-18 06:31:42,107 [grpc-default-executor-3] WARN  server.GrpcLogAppender (LogUtils.java:warn(122)) - omNode-1@group-523986131536->omNode-3-AppendLogResponseHandler: Failed appendEntries: org.apache.ratis.thirdparty.io.grpc.StatusRuntimeException: UNAVAILABLE: io exception
2022-10-18 06:31:42,108 [grpc-default-executor-3] INFO  leader.FollowerInfo (FollowerInfoImpl.java:lambda$new$0(48)) - omNode-1@group-523986131536->omNode-3: nextIndex: updateUnconditionally 184 -> 45
2022-10-18 06:31:42,108 [grpc-default-executor-1] WARN  server.GrpcLogAppender (LogUtils.java:warn(122)) - omNode-1@group-523986131536->omNode-3-AppendLogResponseHandler: Failed appendEntries: org.apache.ratis.thirdparty.io.grpc.StatusRuntimeException: UNAVAILABLE: io exception
2022-10-18 06:31:42,109 [grpc-default-executor-1] INFO  leader.FollowerInfo (FollowerInfoImpl.java:lambda$new$0(48)) - omNode-1@group-523986131536->omNode-3: nextIndex: updateUnconditionally 185 -> 45
2022-10-18 06:31:42,112 [grpc-default-executor-3] WARN  server.GrpcLogAppender (LogUtils.java:warn(122)) - omNode-1@group-523986131536->omNode-3-AppendLogResponseHandler: Failed appendEntries: org.apache.ratis.thirdparty.io.grpc.StatusRuntimeException: UNAVAILABLE: io exception
2022-10-18 06:31:42,112 [grpc-default-executor-3] INFO  leader.FollowerInfo (FollowerInfoImpl.java:lambda$new$0(48)) - omNode-1@group-523986131536->omNode-3: nextIndex: updateUnconditionally 186 -> 45
2022-10-18 06:31:42,118 [grpc-default-executor-3] WARN  server.GrpcLogAppender (LogUtils.java:warn(122)) - omNode-1@group-523986131536->omNode-3-AppendLogResponseHandler: Failed appendEntries: org.apache.ratis.thirdparty.io.grpc.StatusRuntimeException: UNAVAILABLE: io exception
2022-10-18 06:31:42,118 [grpc-default-executor-3] INFO  leader.FollowerInfo (FollowerInfoImpl.java:lambda$new$0(48)) - omNode-1@group-523986131536->omNode-3: nextIndex: updateUnconditionally 186 -> 45
2022-10-18 06:31:42,119 [grpc-default-executor-1] WARN  server.GrpcLogAppender (LogUtils.java:warn(122)) - omNode-1@group-523986131536->omNode-3-AppendLogResponseHandler: Failed appendEntries: org.apache.ratis.thirdparty.io.grpc.StatusRuntimeException: UNAVAILABLE: io exception
2022-10-18 06:31:42,119 [grpc-default-executor-1] INFO  leader.FollowerInfo (FollowerInfoImpl.java:lambda$new$0(48)) - omNode-1@group-523986131536->omNode-3: nextIndex: updateUnconditionally 186 -> 45
2022-10-18 06:31:42,123 [grpc-default-executor-1] WARN  server.GrpcLogAppender (LogUtils.java:warn(122)) - omNode-1@group-523986131536->omNode-3-AppendLogResponseHandler: Failed appendEntries: org.apache.ratis.thirdparty.io.grpc.StatusRuntimeException: UNAVAILABLE: io exception
2022-10-18 06:31:42,123 [grpc-default-executor-1] INFO  leader.FollowerInfo (FollowerInfoImpl.java:lambda$new$0(48)) - omNode-1@group-523986131536->omNode-3: nextIndex: updateUnconditionally 187 -> 45
2022-10-18 06:31:42,128 [grpc-default-executor-3] WARN  server.GrpcLogAppender (LogUtils.java:warn(122)) - omNode-1@group-523986131536->omNode-3-AppendLogResponseHandler: Failed appendEntries: org.apache.ratis.thirdparty.io.grpc.StatusRuntimeException: UNAVAILABLE: io exception
2022-10-18 06:31:42,128 [grpc-default-executor-3] INFO  leader.FollowerInfo (FollowerInfoImpl.java:lambda$new$0(48)) - omNode-1@group-523986131536->omNode-3: nextIndex: updateUnconditionally 187 -> 45
2022-10-18 06:31:42,129 [grpc-default-executor-3] WARN  server.GrpcLogAppender (LogUtils.java:warn(122)) - omNode-1@group-523986131536->omNode-3-AppendLogResponseHandler: Failed appendEntries: org.apache.ratis.thirdparty.io.grpc.StatusRuntimeException: UNAVAILABLE: io exception
2022-10-18 06:31:42,129 [grpc-default-executor-3] INFO  leader.FollowerInfo (FollowerInfoImpl.java:lambda$new$0(48)) - omNode-1@group-523986131536->omNode-3: nextIndex: updateUnconditionally 187 -> 45
2022-10-18 06:31:42,132 [grpc-default-executor-1] WARN  server.GrpcLogAppender (LogUtils.java:warn(122)) - omNode-1@group-523986131536->omNode-3-AppendLogResponseHandler: Failed appendEntries: org.apache.ratis.thirdparty.io.grpc.StatusRuntimeException: UNAVAILABLE: io exception
2022-10-18 06:31:42,132 [grpc-default-executor-1] INFO  leader.FollowerInfo (FollowerInfoImpl.java:lambda$new$0(48)) - omNode-1@group-523986131536->omNode-3: nextIndex: updateUnconditionally 188 -> 45
2022-10-18 06:31:42,137 [grpc-default-executor-3] WARN  server.GrpcLogAppender (LogUtils.java:warn(122)) - omNode-1@group-523986131536->omNode-3-AppendLogResponseHandler: Failed appendEntries: org.apache.ratis.thirdparty.io.grpc.StatusRuntimeException: UNAVAILABLE: io exception
2022-10-18 06:31:42,138 [grpc-default-executor-3] INFO  leader.FollowerInfo (FollowerInfoImpl.java:lambda$new$0(48)) - omNode-1@group-523986131536->omNode-3: nextIndex: updateUnconditionally 188 -> 45
2022-10-18 06:31:42,140 [grpc-default-executor-3] WARN  server.GrpcLogAppender (LogUtils.java:warn(122)) - omNode-1@group-523986131536->omNode-3-AppendLogResponseHandler: Failed appendEntries: org.apache.ratis.thirdparty.io.grpc.StatusRuntimeException: UNAVAILABLE: io exception
2022-10-18 06:31:42,141 [grpc-default-executor-3] INFO  leader.FollowerInfo (FollowerInfoImpl.java:lambda$new$0(48)) - omNode-1@group-523986131536->omNode-3: nextIndex: updateUnconditionally 190 -> 45
2022-10-18 06:31:42,148 [grpc-default-executor-3] WARN  server.GrpcLogAppender (LogUtils.java:warn(122)) - omNode-1@group-523986131536->omNode-3-AppendLogResponseHandler: Failed appendEntries: org.apache.ratis.thirdparty.io.grpc.StatusRuntimeException: UNAVAILABLE: io exception
2022-10-18 06:31:42,148 [grpc-default-executor-3] INFO  leader.FollowerInfo (FollowerInfoImpl.java:lambda$new$0(48)) - omNode-1@group-523986131536->omNode-3: nextIndex: updateUnconditionally 190 -> 45
2022-10-18 06:31:42,150 [grpc-default-executor-3] WARN  server.GrpcLogAppender (LogUtils.java:warn(122)) - omNode-1@group-523986131536->omNode-3-AppendLogResponseHandler: Failed appendEntries: org.apache.ratis.thirdparty.io.grpc.StatusRuntimeException: UNAVAILABLE: io exception
2022-10-18 06:31:42,150 [grpc-default-executor-3] INFO  leader.FollowerInfo (FollowerInfoImpl.java:lambda$new$0(48)) - omNode-1@group-523986131536->omNode-3: nextIndex: updateUnconditionally 191 -> 45
2022-10-18 06:31:42,159 [grpc-default-executor-1] WARN  server.GrpcLogAppender (LogUtils.java:warn(122)) - omNode-1@group-523986131536->omNode-3-AppendLogResponseHandler: Failed appendEntries: org.apache.ratis.thirdparty.io.grpc.StatusRuntimeException: UNAVAILABLE: io exception
2022-10-18 06:31:42,160 [grpc-default-executor-1] INFO  leader.FollowerInfo (FollowerInfoImpl.java:lambda$new$0(48)) - omNode-1@group-523986131536->omNode-3: nextIndex: updateUnconditionally 191 -> 45
2022-10-18 06:31:42,166 [grpc-default-executor-0] WARN  server.GrpcLogAppender (LogUtils.java:warn(122)) - omNode-1@group-523986131536->omNode-3-AppendLogResponseHandler: Failed appendEntries: org.apache.ratis.thirdparty.io.grpc.StatusRuntimeException: UNAVAILABLE: io exception
2022-10-18 06:31:42,166 [grpc-default-executor-0] INFO  leader.FollowerInfo (FollowerInfoImpl.java:lambda$new$0(48)) - omNode-1@group-523986131536->omNode-3: nextIndex: updateUnconditionally 191 -> 45
2022-10-18 06:31:42,171 [grpc-default-executor-3] WARN  server.GrpcLogAppender (LogUtils.java:warn(122)) - omNode-1@group-523986131536->omNode-3-AppendLogResponseHandler: Failed appendEntries: org.apache.ratis.thirdparty.io.grpc.StatusRuntimeException: UNAVAILABLE: io exception
2022-10-18 06:31:42,171 [grpc-default-executor-3] INFO  leader.FollowerInfo (FollowerInfoImpl.java:lambda$new$0(48)) - omNode-1@group-523986131536->omNode-3: nextIndex: updateUnconditionally 192 -> 45
2022-10-18 06:31:42,178 [grpc-default-executor-3] WARN  server.GrpcLogAppender (LogUtils.java:warn(122)) - omNode-1@group-523986131536->omNode-3-AppendLogResponseHandler: Failed appendEntries: org.apache.ratis.thirdparty.io.grpc.StatusRuntimeException: UNAVAILABLE: io exception
2022-10-18 06:31:42,179 [grpc-default-executor-3] INFO  leader.FollowerInfo (FollowerInfoImpl.java:lambda$new$0(48)) - omNode-1@group-523986131536->omNode-3: nextIndex: updateUnconditionally 192 -> 45
2022-10-18 06:31:42,182 [grpc-default-executor-0] WARN  server.GrpcLogAppender (LogUtils.java:warn(122)) - omNode-1@group-523986131536->omNode-3-AppendLogResponseHandler: Failed appendEntries: org.apache.ratis.thirdparty.io.grpc.StatusRuntimeException: UNAVAILABLE: io exception
2022-10-18 06:31:42,183 [grpc-default-executor-0] INFO  leader.FollowerInfo (FollowerInfoImpl.java:lambda$new$0(48)) - omNode-1@group-523986131536->omNode-3: nextIndex: updateUnconditionally 194 -> 45
2022-10-18 06:31:42,189 [grpc-default-executor-3] WARN  server.GrpcLogAppender (LogUtils.java:warn(122)) - omNode-1@group-523986131536->omNode-3-AppendLogResponseHandler: Failed appendEntries: org.apache.ratis.thirdparty.io.grpc.StatusRuntimeException: UNAVAILABLE: io exception
2022-10-18 06:31:42,189 [grpc-default-executor-3] INFO  leader.FollowerInfo (FollowerInfoImpl.java:lambda$new$0(48)) - omNode-1@group-523986131536->omNode-3: nextIndex: updateUnconditionally 194 -> 45
2022-10-18 06:31:42,197 [grpc-default-executor-0] WARN  server.GrpcLogAppender (LogUtils.java:warn(122)) - omNode-1@group-523986131536->omNode-3-AppendLogResponseHandler: Failed appendEntries: org.apache.ratis.thirdparty.io.grpc.StatusRuntimeException: UNAVAILABLE: io exception
2022-10-18 06:31:42,197 [grpc-default-executor-0] INFO  leader.FollowerInfo (FollowerInfoImpl.java:lambda$new$0(48)) - omNode-1@group-523986131536->omNode-3: nextIndex: updateUnconditionally 195 -> 45
2022-10-18 06:31:42,201 [grpc-default-executor-3] WARN  server.GrpcLogAppender (LogUtils.java:warn(122)) - omNode-1@group-523986131536->omNode-3-AppendLogResponseHandler: Failed appendEntries: org.apache.ratis.thirdparty.io.grpc.StatusRuntimeException: UNAVAILABLE: io exception
2022-10-18 06:31:42,201 [grpc-default-executor-3] INFO  leader.FollowerInfo (FollowerInfoImpl.java:lambda$new$0(48)) - omNode-1@group-523986131536->omNode-3: nextIndex: updateUnconditionally 196 -> 45
2022-10-18 06:31:42,203 [grpc-default-executor-3] WARN  server.GrpcLogAppender (LogUtils.java:warn(122)) - omNode-1@group-523986131536->omNode-3-AppendLogResponseHandler: Failed appendEntries: org.apache.ratis.thirdparty.io.grpc.StatusRuntimeException: UNAVAILABLE: io exception
2022-10-18 06:31:42,203 [grpc-default-executor-3] INFO  leader.FollowerInfo (FollowerInfoImpl.java:lambda$new$0(48)) - omNode-1@group-523986131536->omNode-3: nextIndex: updateUnconditionally 196 -> 45
2022-10-18 06:31:42,206 [grpc-default-executor-0] WARN  server.GrpcLogAppender (LogUtils.java:warn(122)) - omNode-1@group-523986131536->omNode-3-AppendLogResponseHandler: Failed appendEntries: org.apache.ratis.thirdparty.io.grpc.StatusRuntimeException: UNAVAILABLE: io exception
2022-10-18 06:31:42,206 [grpc-default-executor-0] INFO  leader.FollowerInfo (FollowerInfoImpl.java:lambda$new$0(48)) - omNode-1@group-523986131536->omNode-3: nextIndex: updateUnconditionally 197 -> 45
2022-10-18 06:31:42,207 [grpc-default-executor-0] WARN  server.GrpcLogAppender (LogUtils.java:warn(122)) - omNode-1@group-523986131536->omNode-3-AppendLogResponseHandler: Failed appendEntries: org.apache.ratis.thirdparty.io.grpc.StatusRuntimeException: UNAVAILABLE: io exception
2022-10-18 06:31:42,207 [grpc-default-executor-0] INFO  leader.FollowerInfo (FollowerInfoImpl.java:lambda$new$0(48)) - omNode-1@group-523986131536->omNode-3: nextIndex: updateUnconditionally 198 -> 45
2022-10-18 06:31:42,210 [grpc-default-executor-0] WARN  server.GrpcLogAppender (LogUtils.java:warn(122)) - omNode-1@group-523986131536->omNode-3-AppendLogResponseHandler: Failed appendEntries: org.apache.ratis.thirdparty.io.grpc.StatusRuntimeException: UNAVAILABLE: io exception
2022-10-18 06:31:42,210 [grpc-default-executor-0] INFO  leader.FollowerInfo (FollowerInfoImpl.java:lambda$new$0(48)) - omNode-1@group-523986131536->omNode-3: nextIndex: updateUnconditionally 199 -> 45
2022-10-18 06:31:42,215 [grpc-default-executor-0] WARN  server.GrpcLogAppender (LogUtils.java:warn(122)) - omNode-1@group-523986131536->omNode-3-AppendLogResponseHandler: Failed appendEntries: org.apache.ratis.thirdparty.io.grpc.StatusRuntimeException: UNAVAILABLE: io exception
2022-10-18 06:31:42,215 [grpc-default-executor-0] INFO  leader.FollowerInfo (FollowerInfoImpl.java:lambda$new$0(48)) - omNode-1@group-523986131536->omNode-3: nextIndex: updateUnconditionally 199 -> 45
2022-10-18 06:31:42,218 [grpc-default-executor-3] WARN  server.GrpcLogAppender (LogUtils.java:warn(122)) - omNode-1@group-523986131536->omNode-3-AppendLogResponseHandler: Failed appendEntries: org.apache.ratis.thirdparty.io.grpc.StatusRuntimeException: UNAVAILABLE: io exception
2022-10-18 06:31:42,218 [grpc-default-executor-3] INFO  leader.FollowerInfo (FollowerInfoImpl.java:lambda$new$0(48)) - omNode-1@group-523986131536->omNode-3: nextIndex: updateUnconditionally 200 -> 45
2022-10-18 06:31:42,221 [grpc-default-executor-0] WARN  server.GrpcLogAppender (LogUtils.java:warn(122)) - omNode-1@group-523986131536->omNode-3-AppendLogResponseHandler: Failed appendEntries: org.apache.ratis.thirdparty.io.grpc.StatusRuntimeException: UNAVAILABLE: io exception
2022-10-18 06:31:42,222 [grpc-default-executor-0] INFO  leader.FollowerInfo (FollowerInfoImpl.java:lambda$new$0(48)) - omNode-1@group-523986131536->omNode-3: nextIndex: updateUnconditionally 201 -> 45
2022-10-18 06:31:42,226 [grpc-default-executor-0] WARN  server.GrpcLogAppender (LogUtils.java:warn(122)) - omNode-1@group-523986131536->omNode-3-AppendLogResponseHandler: Failed appendEntries: org.apache.ratis.thirdparty.io.grpc.StatusRuntimeException: UNAVAILABLE: io exception
2022-10-18 06:31:42,226 [grpc-default-executor-0] INFO  leader.FollowerInfo (FollowerInfoImpl.java:lambda$new$0(48)) - omNode-1@group-523986131536->omNode-3: nextIndex: updateUnconditionally 202 -> 45
2022-10-18 06:31:42,228 [omNode-1@group-523986131536-StateMachineUpdater] INFO  ratis.OzoneManagerStateMachine (OzoneManagerStateMachine.java:takeSnapshot(441)) - Current Snapshot Index (t:1, i:200)
2022-10-18 06:31:42,228 [omNode-1@group-523986131536-StateMachineUpdater] INFO  impl.StateMachineUpdater (StateMachineUpdater.java:takeSnapshot(287)) - omNode-1@group-523986131536-StateMachineUpdater: Took a snapshot at index 200
2022-10-18 06:31:42,228 [grpc-default-executor-0] WARN  server.GrpcLogAppender (LogUtils.java:warn(122)) - omNode-1@group-523986131536->omNode-3-AppendLogResponseHandler: Failed appendEntries: org.apache.ratis.thirdparty.io.grpc.StatusRuntimeException: UNAVAILABLE: io exception
2022-10-18 06:31:42,228 [omNode-1@group-523986131536-StateMachineUpdater] INFO  impl.StateMachineUpdater (StateMachineUpdater.java:lambda$new$0(92)) - omNode-1@group-523986131536-StateMachineUpdater: snapshotIndex: updateIncreasingly 150 -> 200
2022-10-18 06:31:42,228 [omNode-1@group-523986131536-StateMachineUpdater] INFO  raftlog.RaftLog (RaftLogBase.java:purge(308)) - omNode-1@group-523986131536-SegmentedRaftLog: purge 200
2022-10-18 06:31:42,228 [omNode-1@group-523986131536-StateMachineUpdater] INFO  raftlog.RaftLog (RaftLogBase.java:lambda$new$0(53)) - omNode-1@group-523986131536-SegmentedRaftLog: snapshotIndex: updateIncreasingly 150 -> 200
2022-10-18 06:31:42,228 [omNode-1@group-523986131536-StateMachineUpdater] INFO  raftlog.RaftLog (RaftLogBase.java:lambda$new$0(53)) - omNode-1@group-523986131536-SegmentedRaftLog: purgeIndex: updateToMax old=150, new=200, updated? true
2022-10-18 06:31:42,228 [grpc-default-executor-0] INFO  leader.FollowerInfo (FollowerInfoImpl.java:lambda$new$0(48)) - omNode-1@group-523986131536->omNode-3: nextIndex: updateUnconditionally 202 -> 45
2022-10-18 06:31:42,231 [grpc-default-executor-0] WARN  server.GrpcLogAppender (LogUtils.java:warn(122)) - omNode-1@group-523986131536->omNode-3-AppendLogResponseHandler: Failed appendEntries: org.apache.ratis.thirdparty.io.grpc.StatusRuntimeException: UNAVAILABLE: io exception
2022-10-18 06:31:42,231 [grpc-default-executor-0] INFO  leader.FollowerInfo (FollowerInfoImpl.java:lambda$new$0(48)) - omNode-1@group-523986131536->omNode-3: nextIndex: updateUnconditionally 203 -> 45
2022-10-18 06:31:42,237 [grpc-default-executor-3] WARN  server.GrpcLogAppender (LogUtils.java:warn(122)) - omNode-1@group-523986131536->omNode-3-AppendLogResponseHandler: Failed appendEntries: org.apache.ratis.thirdparty.io.grpc.StatusRuntimeException: UNAVAILABLE: io exception
2022-10-18 06:31:42,237 [grpc-default-executor-3] INFO  leader.FollowerInfo (FollowerInfoImpl.java:lambda$new$0(48)) - omNode-1@group-523986131536->omNode-3: nextIndex: updateUnconditionally 203 -> 45
2022-10-18 06:31:42,239 [grpc-default-executor-0] WARN  server.GrpcLogAppender (LogUtils.java:warn(122)) - omNode-1@group-523986131536->omNode-3-AppendLogResponseHandler: Failed appendEntries: org.apache.ratis.thirdparty.io.grpc.StatusRuntimeException: UNAVAILABLE: io exception
2022-10-18 06:31:42,240 [grpc-default-executor-0] INFO  leader.FollowerInfo (FollowerInfoImpl.java:lambda$new$0(48)) - omNode-1@group-523986131536->omNode-3: nextIndex: updateUnconditionally 204 -> 45
2022-10-18 06:31:42,244 [grpc-default-executor-0] WARN  server.GrpcLogAppender (LogUtils.java:warn(122)) - omNode-1@group-523986131536->omNode-3-AppendLogResponseHandler: Failed appendEntries: org.apache.ratis.thirdparty.io.grpc.StatusRuntimeException: UNAVAILABLE: io exception
2022-10-18 06:31:42,244 [grpc-default-executor-0] INFO  leader.FollowerInfo (FollowerInfoImpl.java:lambda$new$0(48)) - omNode-1@group-523986131536->omNode-3: nextIndex: updateUnconditionally 204 -> 45
2022-10-18 06:31:42,246 [grpc-default-executor-3] WARN  server.GrpcLogAppender (LogUtils.java:warn(122)) - omNode-1@group-523986131536->omNode-3-AppendLogResponseHandler: Failed appendEntries: org.apache.ratis.thirdparty.io.grpc.StatusRuntimeException: UNAVAILABLE: io exception
2022-10-18 06:31:42,246 [grpc-default-executor-3] INFO  leader.FollowerInfo (FollowerInfoImpl.java:lambda$new$0(48)) - omNode-1@group-523986131536->omNode-3: nextIndex: updateUnconditionally 206 -> 45
2022-10-18 06:31:42,251 [grpc-default-executor-3] WARN  server.GrpcLogAppender (LogUtils.java:warn(122)) - omNode-1@group-523986131536->omNode-3-AppendLogResponseHandler: Failed appendEntries: org.apache.ratis.thirdparty.io.grpc.StatusRuntimeException: UNAVAILABLE: io exception
2022-10-18 06:31:42,251 [grpc-default-executor-3] INFO  leader.FollowerInfo (FollowerInfoImpl.java:lambda$new$0(48)) - omNode-1@group-523986131536->omNode-3: nextIndex: updateUnconditionally 206 -> 45
2022-10-18 06:31:42,258 [grpc-default-executor-0] WARN  server.GrpcLogAppender (LogUtils.java:warn(122)) - omNode-1@group-523986131536->omNode-3-AppendLogResponseHandler: Failed appendEntries: org.apache.ratis.thirdparty.io.grpc.StatusRuntimeException: UNAVAILABLE: io exception
2022-10-18 06:31:42,258 [grpc-default-executor-0] INFO  leader.FollowerInfo (FollowerInfoImpl.java:lambda$new$0(48)) - omNode-1@group-523986131536->omNode-3: nextIndex: updateUnconditionally 207 -> 45
2022-10-18 06:31:42,265 [grpc-default-executor-3] WARN  server.GrpcLogAppender (LogUtils.java:warn(122)) - omNode-1@group-523986131536->omNode-3-AppendLogResponseHandler: Failed appendEntries: org.apache.ratis.thirdparty.io.grpc.StatusRuntimeException: UNAVAILABLE: io exception
2022-10-18 06:31:42,266 [grpc-default-executor-3] INFO  leader.FollowerInfo (FollowerInfoImpl.java:lambda$new$0(48)) - omNode-1@group-523986131536->omNode-3: nextIndex: updateUnconditionally 207 -> 45
2022-10-18 06:31:42,269 [omNode-2@group-523986131536-StateMachineUpdater] INFO  ratis.OzoneManagerStateMachine (OzoneManagerStateMachine.java:takeSnapshot(441)) - Current Snapshot Index (t:1, i:205)
2022-10-18 06:31:42,269 [omNode-2@group-523986131536-StateMachineUpdater] INFO  impl.StateMachineUpdater (StateMachineUpdater.java:takeSnapshot(287)) - omNode-2@group-523986131536-StateMachineUpdater: Took a snapshot at index 205
2022-10-18 06:31:42,269 [omNode-2@group-523986131536-StateMachineUpdater] INFO  impl.StateMachineUpdater (StateMachineUpdater.java:lambda$new$0(92)) - omNode-2@group-523986131536-StateMachineUpdater: snapshotIndex: updateIncreasingly 153 -> 205
2022-10-18 06:31:42,269 [omNode-2@group-523986131536-StateMachineUpdater] INFO  raftlog.RaftLog (RaftLogBase.java:purge(308)) - omNode-2@group-523986131536-SegmentedRaftLog: purge 205
2022-10-18 06:31:42,269 [omNode-2@group-523986131536-StateMachineUpdater] INFO  raftlog.RaftLog (RaftLogBase.java:lambda$new$0(53)) - omNode-2@group-523986131536-SegmentedRaftLog: snapshotIndex: updateIncreasingly 153 -> 205
2022-10-18 06:31:42,269 [omNode-2@group-523986131536-StateMachineUpdater] INFO  raftlog.RaftLog (RaftLogBase.java:lambda$new$0(53)) - omNode-2@group-523986131536-SegmentedRaftLog: purgeIndex: updateToMax old=153, new=205, updated? true
2022-10-18 06:31:42,276 [grpc-default-executor-0] WARN  server.GrpcLogAppender (LogUtils.java:warn(122)) - omNode-1@group-523986131536->omNode-3-AppendLogResponseHandler: Failed appendEntries: org.apache.ratis.thirdparty.io.grpc.StatusRuntimeException: UNAVAILABLE: io exception
2022-10-18 06:31:42,276 [grpc-default-executor-0] INFO  leader.FollowerInfo (FollowerInfoImpl.java:lambda$new$0(48)) - omNode-1@group-523986131536->omNode-3: nextIndex: updateUnconditionally 208 -> 45
2022-10-18 06:31:42,277 [grpc-default-executor-0] WARN  server.GrpcLogAppender (LogUtils.java:warn(122)) - omNode-1@group-523986131536->omNode-3-AppendLogResponseHandler: Failed appendEntries: org.apache.ratis.thirdparty.io.grpc.StatusRuntimeException: UNAVAILABLE: io exception
2022-10-18 06:31:42,278 [grpc-default-executor-0] INFO  leader.FollowerInfo (FollowerInfoImpl.java:lambda$new$0(48)) - omNode-1@group-523986131536->omNode-3: nextIndex: updateUnconditionally 208 -> 45
2022-10-18 06:31:42,280 [grpc-default-executor-0] WARN  server.GrpcLogAppender (LogUtils.java:warn(122)) - omNode-1@group-523986131536->omNode-3-AppendLogResponseHandler: Failed appendEntries: org.apache.ratis.thirdparty.io.grpc.StatusRuntimeException: UNAVAILABLE: io exception
2022-10-18 06:31:42,281 [grpc-default-executor-0] INFO  leader.FollowerInfo (FollowerInfoImpl.java:lambda$new$0(48)) - omNode-1@group-523986131536->omNode-3: nextIndex: updateUnconditionally 209 -> 45
2022-10-18 06:31:42,286 [grpc-default-executor-3] WARN  server.GrpcLogAppender (LogUtils.java:warn(122)) - omNode-1@group-523986131536->omNode-3-AppendLogResponseHandler: Failed appendEntries: org.apache.ratis.thirdparty.io.grpc.StatusRuntimeException: UNAVAILABLE: io exception
2022-10-18 06:31:42,286 [grpc-default-executor-3] INFO  leader.FollowerInfo (FollowerInfoImpl.java:lambda$new$0(48)) - omNode-1@group-523986131536->omNode-3: nextIndex: updateUnconditionally 210 -> 45
2022-10-18 06:31:42,288 [grpc-default-executor-0] WARN  server.GrpcLogAppender (LogUtils.java:warn(122)) - omNode-1@group-523986131536->omNode-3-AppendLogResponseHandler: Failed appendEntries: org.apache.ratis.thirdparty.io.grpc.StatusRuntimeException: UNAVAILABLE: io exception
2022-10-18 06:31:42,288 [grpc-default-executor-0] INFO  leader.FollowerInfo (FollowerInfoImpl.java:lambda$new$0(48)) - omNode-1@group-523986131536->omNode-3: nextIndex: updateUnconditionally 210 -> 45
2022-10-18 06:31:42,294 [grpc-default-executor-0] WARN  server.GrpcLogAppender (LogUtils.java:warn(122)) - omNode-1@group-523986131536->omNode-3-AppendLogResponseHandler: Failed appendEntries: org.apache.ratis.thirdparty.io.grpc.StatusRuntimeException: UNAVAILABLE: io exception
2022-10-18 06:31:42,294 [grpc-default-executor-0] INFO  leader.FollowerInfo (FollowerInfoImpl.java:lambda$new$0(48)) - omNode-1@group-523986131536->omNode-3: nextIndex: updateUnconditionally 211 -> 45
2022-10-18 06:31:42,304 [grpc-default-executor-0] WARN  server.GrpcLogAppender (LogUtils.java:warn(122)) - omNode-1@group-523986131536->omNode-3-AppendLogResponseHandler: Failed appendEntries: org.apache.ratis.thirdparty.io.grpc.StatusRuntimeException: UNAVAILABLE: io exception
2022-10-18 06:31:42,305 [grpc-default-executor-0] INFO  leader.FollowerInfo (FollowerInfoImpl.java:lambda$new$0(48)) - omNode-1@group-523986131536->omNode-3: nextIndex: updateUnconditionally 211 -> 45
2022-10-18 06:31:42,307 [grpc-default-executor-3] WARN  server.GrpcLogAppender (LogUtils.java:warn(122)) - omNode-1@group-523986131536->omNode-3-AppendLogResponseHandler: Failed appendEntries: org.apache.ratis.thirdparty.io.grpc.StatusRuntimeException: UNAVAILABLE: io exception
2022-10-18 06:31:42,307 [grpc-default-executor-3] INFO  leader.FollowerInfo (FollowerInfoImpl.java:lambda$new$0(48)) - omNode-1@group-523986131536->omNode-3: nextIndex: updateUnconditionally 211 -> 45
2022-10-18 06:31:42,308 [grpc-default-executor-0] WARN  server.GrpcLogAppender (LogUtils.java:warn(122)) - omNode-1@group-523986131536->omNode-3-AppendLogResponseHandler: Failed appendEntries: org.apache.ratis.thirdparty.io.grpc.StatusRuntimeException: UNAVAILABLE: io exception
2022-10-18 06:31:42,309 [grpc-default-executor-0] INFO  leader.FollowerInfo (FollowerInfoImpl.java:lambda$new$0(48)) - omNode-1@group-523986131536->omNode-3: nextIndex: updateUnconditionally 212 -> 45
2022-10-18 06:31:42,310 [grpc-default-executor-0] WARN  server.GrpcLogAppender (LogUtils.java:warn(122)) - omNode-1@group-523986131536->omNode-3-AppendLogResponseHandler: Failed appendEntries: org.apache.ratis.thirdparty.io.grpc.StatusRuntimeException: UNAVAILABLE: io exception
2022-10-18 06:31:42,310 [grpc-default-executor-0] INFO  leader.FollowerInfo (FollowerInfoImpl.java:lambda$new$0(48)) - omNode-1@group-523986131536->omNode-3: nextIndex: updateUnconditionally 212 -> 45
2022-10-18 06:31:42,313 [grpc-default-executor-0] WARN  server.GrpcLogAppender (LogUtils.java:warn(122)) - omNode-1@group-523986131536->omNode-3-AppendLogResponseHandler: Failed appendEntries: org.apache.ratis.thirdparty.io.grpc.StatusRuntimeException: UNAVAILABLE: io exception
2022-10-18 06:31:42,314 [grpc-default-executor-0] INFO  leader.FollowerInfo (FollowerInfoImpl.java:lambda$new$0(48)) - omNode-1@group-523986131536->omNode-3: nextIndex: updateUnconditionally 213 -> 45
2022-10-18 06:31:42,316 [grpc-default-executor-0] WARN  server.GrpcLogAppender (LogUtils.java:warn(122)) - omNode-1@group-523986131536->omNode-3-AppendLogResponseHandler: Failed appendEntries: org.apache.ratis.thirdparty.io.grpc.StatusRuntimeException: UNAVAILABLE: io exception
2022-10-18 06:31:42,316 [grpc-default-executor-0] INFO  leader.FollowerInfo (FollowerInfoImpl.java:lambda$new$0(48)) - omNode-1@group-523986131536->omNode-3: nextIndex: updateUnconditionally 213 -> 45
2022-10-18 06:31:42,318 [grpc-default-executor-0] WARN  server.GrpcLogAppender (LogUtils.java:warn(122)) - omNode-1@group-523986131536->omNode-3-AppendLogResponseHandler: Failed appendEntries: org.apache.ratis.thirdparty.io.grpc.StatusRuntimeException: UNAVAILABLE: io exception
2022-10-18 06:31:42,318 [grpc-default-executor-0] INFO  leader.FollowerInfo (FollowerInfoImpl.java:lambda$new$0(48)) - omNode-1@group-523986131536->omNode-3: nextIndex: updateUnconditionally 214 -> 45
2022-10-18 06:31:42,323 [grpc-default-executor-1] WARN  server.GrpcLogAppender (LogUtils.java:warn(122)) - omNode-1@group-523986131536->omNode-3-AppendLogResponseHandler: Failed appendEntries: org.apache.ratis.thirdparty.io.grpc.StatusRuntimeException: UNAVAILABLE: io exception
2022-10-18 06:31:42,324 [grpc-default-executor-1] INFO  leader.FollowerInfo (FollowerInfoImpl.java:lambda$new$0(48)) - omNode-1@group-523986131536->omNode-3: nextIndex: updateUnconditionally 215 -> 45
2022-10-18 06:31:42,334 [grpc-default-executor-0] WARN  server.GrpcLogAppender (LogUtils.java:warn(122)) - omNode-1@group-523986131536->omNode-3-AppendLogResponseHandler: Failed appendEntries: org.apache.ratis.thirdparty.io.grpc.StatusRuntimeException: UNAVAILABLE: io exception
2022-10-18 06:31:42,335 [grpc-default-executor-0] INFO  leader.FollowerInfo (FollowerInfoImpl.java:lambda$new$0(48)) - omNode-1@group-523986131536->omNode-3: nextIndex: updateUnconditionally 216 -> 45
2022-10-18 06:31:42,337 [grpc-default-executor-0] WARN  server.GrpcLogAppender (LogUtils.java:warn(122)) - omNode-1@group-523986131536->omNode-3-AppendLogResponseHandler: Failed appendEntries: org.apache.ratis.thirdparty.io.grpc.StatusRuntimeException: UNAVAILABLE: io exception
2022-10-18 06:31:42,338 [grpc-default-executor-0] INFO  leader.FollowerInfo (FollowerInfoImpl.java:lambda$new$0(48)) - omNode-1@group-523986131536->omNode-3: nextIndex: updateUnconditionally 216 -> 45
2022-10-18 06:31:42,338 [grpc-default-executor-0] WARN  server.GrpcLogAppender (LogUtils.java:warn(122)) - omNode-1@group-523986131536->omNode-3-AppendLogResponseHandler: Failed appendEntries: org.apache.ratis.thirdparty.io.grpc.StatusRuntimeException: UNAVAILABLE: io exception
2022-10-18 06:31:42,339 [grpc-default-executor-0] INFO  leader.FollowerInfo (FollowerInfoImpl.java:lambda$new$0(48)) - omNode-1@group-523986131536->omNode-3: nextIndex: updateUnconditionally 217 -> 45
2022-10-18 06:31:42,344 [grpc-default-executor-1] WARN  server.GrpcLogAppender (LogUtils.java:warn(122)) - omNode-1@group-523986131536->omNode-3-AppendLogResponseHandler: Failed appendEntries: org.apache.ratis.thirdparty.io.grpc.StatusRuntimeException: UNAVAILABLE: io exception
2022-10-18 06:31:42,344 [grpc-default-executor-1] INFO  leader.FollowerInfo (FollowerInfoImpl.java:lambda$new$0(48)) - omNode-1@group-523986131536->omNode-3: nextIndex: updateUnconditionally 218 -> 45
2022-10-18 06:31:42,348 [grpc-default-executor-1] WARN  server.GrpcLogAppender (LogUtils.java:warn(122)) - omNode-1@group-523986131536->omNode-3-AppendLogResponseHandler: Failed appendEntries: org.apache.ratis.thirdparty.io.grpc.StatusRuntimeException: UNAVAILABLE: io exception
2022-10-18 06:31:42,348 [grpc-default-executor-1] INFO  leader.FollowerInfo (FollowerInfoImpl.java:lambda$new$0(48)) - omNode-1@group-523986131536->omNode-3: nextIndex: updateUnconditionally 218 -> 45
2022-10-18 06:31:42,351 [grpc-default-executor-0] WARN  server.GrpcLogAppender (LogUtils.java:warn(122)) - omNode-1@group-523986131536->omNode-3-AppendLogResponseHandler: Failed appendEntries: org.apache.ratis.thirdparty.io.grpc.StatusRuntimeException: UNAVAILABLE: io exception
2022-10-18 06:31:42,351 [grpc-default-executor-0] INFO  leader.FollowerInfo (FollowerInfoImpl.java:lambda$new$0(48)) - omNode-1@group-523986131536->omNode-3: nextIndex: updateUnconditionally 218 -> 45
2022-10-18 06:31:42,354 [grpc-default-executor-1] WARN  server.GrpcLogAppender (LogUtils.java:warn(122)) - omNode-1@group-523986131536->omNode-3-AppendLogResponseHandler: Failed appendEntries: org.apache.ratis.thirdparty.io.grpc.StatusRuntimeException: UNAVAILABLE: io exception
2022-10-18 06:31:42,354 [grpc-default-executor-1] INFO  leader.FollowerInfo (FollowerInfoImpl.java:lambda$new$0(48)) - omNode-1@group-523986131536->omNode-3: nextIndex: updateUnconditionally 219 -> 45
2022-10-18 06:31:42,357 [grpc-default-executor-1] WARN  server.GrpcLogAppender (LogUtils.java:warn(122)) - omNode-1@group-523986131536->omNode-3-AppendLogResponseHandler: Failed appendEntries: org.apache.ratis.thirdparty.io.grpc.StatusRuntimeException: UNAVAILABLE: io exception
2022-10-18 06:31:42,357 [grpc-default-executor-1] INFO  leader.FollowerInfo (FollowerInfoImpl.java:lambda$new$0(48)) - omNode-1@group-523986131536->omNode-3: nextIndex: updateUnconditionally 219 -> 45
2022-10-18 06:31:42,366 [grpc-default-executor-0] WARN  server.GrpcLogAppender (LogUtils.java:warn(122)) - omNode-1@group-523986131536->omNode-3-AppendLogResponseHandler: Failed appendEntries: org.apache.ratis.thirdparty.io.grpc.StatusRuntimeException: UNAVAILABLE: io exception
2022-10-18 06:31:42,366 [grpc-default-executor-0] INFO  leader.FollowerInfo (FollowerInfoImpl.java:lambda$new$0(48)) - omNode-1@group-523986131536->omNode-3: nextIndex: updateUnconditionally 220 -> 45
2022-10-18 06:31:42,368 [grpc-default-executor-0] WARN  server.GrpcLogAppender (LogUtils.java:warn(122)) - omNode-1@group-523986131536->omNode-3-AppendLogResponseHandler: Failed appendEntries: org.apache.ratis.thirdparty.io.grpc.StatusRuntimeException: UNAVAILABLE: io exception
2022-10-18 06:31:42,368 [grpc-default-executor-0] INFO  leader.FollowerInfo (FollowerInfoImpl.java:lambda$new$0(48)) - omNode-1@group-523986131536->omNode-3: nextIndex: updateUnconditionally 220 -> 45
2022-10-18 06:31:42,371 [grpc-default-executor-0] WARN  server.GrpcLogAppender (LogUtils.java:warn(122)) - omNode-1@group-523986131536->omNode-3-AppendLogResponseHandler: Failed appendEntries: org.apache.ratis.thirdparty.io.grpc.StatusRuntimeException: UNAVAILABLE: io exception
2022-10-18 06:31:42,373 [grpc-default-executor-0] INFO  leader.FollowerInfo (FollowerInfoImpl.java:lambda$new$0(48)) - omNode-1@group-523986131536->omNode-3: nextIndex: updateUnconditionally 222 -> 45
2022-10-18 06:31:42,380 [grpc-default-executor-0] WARN  server.GrpcLogAppender (LogUtils.java:warn(122)) - omNode-1@group-523986131536->omNode-3-AppendLogResponseHandler: Failed appendEntries: org.apache.ratis.thirdparty.io.grpc.StatusRuntimeException: UNAVAILABLE: io exception
2022-10-18 06:31:42,381 [grpc-default-executor-0] INFO  leader.FollowerInfo (FollowerInfoImpl.java:lambda$new$0(48)) - omNode-1@group-523986131536->omNode-3: nextIndex: updateUnconditionally 222 -> 45
2022-10-18 06:31:42,382 [grpc-default-executor-0] WARN  server.GrpcLogAppender (LogUtils.java:warn(122)) - omNode-1@group-523986131536->omNode-3-AppendLogResponseHandler: Failed appendEntries: org.apache.ratis.thirdparty.io.grpc.StatusRuntimeException: UNAVAILABLE: io exception
2022-10-18 06:31:42,382 [grpc-default-executor-0] INFO  leader.FollowerInfo (FollowerInfoImpl.java:lambda$new$0(48)) - omNode-1@group-523986131536->omNode-3: nextIndex: updateUnconditionally 222 -> 45
2022-10-18 06:31:42,384 [grpc-default-executor-0] WARN  server.GrpcLogAppender (LogUtils.java:warn(122)) - omNode-1@group-523986131536->omNode-3-AppendLogResponseHandler: Failed appendEntries: org.apache.ratis.thirdparty.io.grpc.StatusRuntimeException: UNAVAILABLE: io exception
2022-10-18 06:31:42,384 [grpc-default-executor-0] INFO  leader.FollowerInfo (FollowerInfoImpl.java:lambda$new$0(48)) - omNode-1@group-523986131536->omNode-3: nextIndex: updateUnconditionally 223 -> 45
2022-10-18 06:31:42,401 [grpc-default-executor-1] WARN  server.GrpcLogAppender (LogUtils.java:warn(122)) - omNode-1@group-523986131536->omNode-3-AppendLogResponseHandler: Failed appendEntries: org.apache.ratis.thirdparty.io.grpc.StatusRuntimeException: UNAVAILABLE: io exception
2022-10-18 06:31:42,401 [grpc-default-executor-1] INFO  leader.FollowerInfo (FollowerInfoImpl.java:lambda$new$0(48)) - omNode-1@group-523986131536->omNode-3: nextIndex: updateUnconditionally 223 -> 45
2022-10-18 06:31:42,405 [grpc-default-executor-0] WARN  server.GrpcLogAppender (LogUtils.java:warn(122)) - omNode-1@group-523986131536->omNode-3-AppendLogResponseHandler: Failed appendEntries: org.apache.ratis.thirdparty.io.grpc.StatusRuntimeException: UNAVAILABLE: io exception
2022-10-18 06:31:42,405 [grpc-default-executor-0] INFO  leader.FollowerInfo (FollowerInfoImpl.java:lambda$new$0(48)) - omNode-1@group-523986131536->omNode-3: nextIndex: updateUnconditionally 224 -> 45
2022-10-18 06:31:42,410 [grpc-default-executor-0] WARN  server.GrpcLogAppender (LogUtils.java:warn(122)) - omNode-1@group-523986131536->omNode-3-AppendLogResponseHandler: Failed appendEntries: org.apache.ratis.thirdparty.io.grpc.StatusRuntimeException: UNAVAILABLE: io exception
2022-10-18 06:31:42,410 [grpc-default-executor-0] INFO  leader.FollowerInfo (FollowerInfoImpl.java:lambda$new$0(48)) - omNode-1@group-523986131536->omNode-3: nextIndex: updateUnconditionally 224 -> 45
2022-10-18 06:31:42,413 [grpc-default-executor-0] WARN  server.GrpcLogAppender (LogUtils.java:warn(122)) - omNode-1@group-523986131536->omNode-3-AppendLogResponseHandler: Failed appendEntries: org.apache.ratis.thirdparty.io.grpc.StatusRuntimeException: UNAVAILABLE: io exception
2022-10-18 06:31:42,413 [grpc-default-executor-0] INFO  leader.FollowerInfo (FollowerInfoImpl.java:lambda$new$0(48)) - omNode-1@group-523986131536->omNode-3: nextIndex: updateUnconditionally 225 -> 45
2022-10-18 06:31:42,416 [grpc-default-executor-0] WARN  server.GrpcLogAppender (LogUtils.java:warn(122)) - omNode-1@group-523986131536->omNode-3-AppendLogResponseHandler: Failed appendEntries: org.apache.ratis.thirdparty.io.grpc.StatusRuntimeException: UNAVAILABLE: io exception
2022-10-18 06:31:42,416 [grpc-default-executor-0] INFO  leader.FollowerInfo (FollowerInfoImpl.java:lambda$new$0(48)) - omNode-1@group-523986131536->omNode-3: nextIndex: updateUnconditionally 226 -> 45
2022-10-18 06:31:42,423 [grpc-default-executor-0] WARN  server.GrpcLogAppender (LogUtils.java:warn(122)) - omNode-1@group-523986131536->omNode-3-AppendLogResponseHandler: Failed appendEntries: org.apache.ratis.thirdparty.io.grpc.StatusRuntimeException: UNAVAILABLE: io exception
2022-10-18 06:31:42,423 [grpc-default-executor-0] INFO  leader.FollowerInfo (FollowerInfoImpl.java:lambda$new$0(48)) - omNode-1@group-523986131536->omNode-3: nextIndex: updateUnconditionally 226 -> 45
2022-10-18 06:31:42,427 [grpc-default-executor-0] WARN  server.GrpcLogAppender (LogUtils.java:warn(122)) - omNode-1@group-523986131536->omNode-3-AppendLogResponseHandler: Failed appendEntries: org.apache.ratis.thirdparty.io.grpc.StatusRuntimeException: UNAVAILABLE: io exception
2022-10-18 06:31:42,427 [grpc-default-executor-0] INFO  leader.FollowerInfo (FollowerInfoImpl.java:lambda$new$0(48)) - omNode-1@group-523986131536->omNode-3: nextIndex: updateUnconditionally 227 -> 45
2022-10-18 06:31:42,435 [grpc-default-executor-1] WARN  server.GrpcLogAppender (LogUtils.java:warn(122)) - omNode-1@group-523986131536->omNode-3-AppendLogResponseHandler: Failed appendEntries: org.apache.ratis.thirdparty.io.grpc.StatusRuntimeException: UNAVAILABLE: io exception
2022-10-18 06:31:42,435 [grpc-default-executor-1] INFO  leader.FollowerInfo (FollowerInfoImpl.java:lambda$new$0(48)) - omNode-1@group-523986131536->omNode-3: nextIndex: updateUnconditionally 227 -> 45
2022-10-18 06:31:42,436 [grpc-default-executor-1] WARN  server.GrpcLogAppender (LogUtils.java:warn(122)) - omNode-1@group-523986131536->omNode-3-AppendLogResponseHandler: Failed appendEntries: org.apache.ratis.thirdparty.io.grpc.StatusRuntimeException: UNAVAILABLE: io exception
2022-10-18 06:31:42,436 [grpc-default-executor-1] INFO  leader.FollowerInfo (FollowerInfoImpl.java:lambda$new$0(48)) - omNode-1@group-523986131536->omNode-3: nextIndex: updateUnconditionally 227 -> 45
2022-10-18 06:31:42,437 [grpc-default-executor-0] WARN  server.GrpcLogAppender (LogUtils.java:warn(122)) - omNode-1@group-523986131536->omNode-3-AppendLogResponseHandler: Failed appendEntries: org.apache.ratis.thirdparty.io.grpc.StatusRuntimeException: UNAVAILABLE: io exception
2022-10-18 06:31:42,437 [grpc-default-executor-0] INFO  leader.FollowerInfo (FollowerInfoImpl.java:lambda$new$0(48)) - omNode-1@group-523986131536->omNode-3: nextIndex: updateUnconditionally 228 -> 45
2022-10-18 06:31:42,439 [grpc-default-executor-0] WARN  server.GrpcLogAppender (LogUtils.java:warn(122)) - omNode-1@group-523986131536->omNode-3-AppendLogResponseHandler: Failed appendEntries: org.apache.ratis.thirdparty.io.grpc.StatusRuntimeException: UNAVAILABLE: io exception
2022-10-18 06:31:42,439 [grpc-default-executor-0] INFO  leader.FollowerInfo (FollowerInfoImpl.java:lambda$new$0(48)) - omNode-1@group-523986131536->omNode-3: nextIndex: updateUnconditionally 228 -> 45
2022-10-18 06:31:42,441 [grpc-default-executor-0] WARN  server.GrpcLogAppender (LogUtils.java:warn(122)) - omNode-1@group-523986131536->omNode-3-AppendLogResponseHandler: Failed appendEntries: org.apache.ratis.thirdparty.io.grpc.StatusRuntimeException: UNAVAILABLE: io exception
2022-10-18 06:31:42,441 [grpc-default-executor-0] INFO  leader.FollowerInfo (FollowerInfoImpl.java:lambda$new$0(48)) - omNode-1@group-523986131536->omNode-3: nextIndex: updateUnconditionally 229 -> 45
2022-10-18 06:31:42,442 [grpc-default-executor-0] WARN  server.GrpcLogAppender (LogUtils.java:warn(122)) - omNode-1@group-523986131536->omNode-3-AppendLogResponseHandler: Failed appendEntries: org.apache.ratis.thirdparty.io.grpc.StatusRuntimeException: UNAVAILABLE: io exception
2022-10-18 06:31:42,443 [grpc-default-executor-0] INFO  leader.FollowerInfo (FollowerInfoImpl.java:lambda$new$0(48)) - omNode-1@group-523986131536->omNode-3: nextIndex: updateUnconditionally 229 -> 45
2022-10-18 06:31:42,445 [grpc-default-executor-0] WARN  server.GrpcLogAppender (LogUtils.java:warn(122)) - omNode-1@group-523986131536->omNode-3-AppendLogResponseHandler: Failed appendEntries: org.apache.ratis.thirdparty.io.grpc.StatusRuntimeException: UNAVAILABLE: io exception
2022-10-18 06:31:42,445 [grpc-default-executor-0] INFO  leader.FollowerInfo (FollowerInfoImpl.java:lambda$new$0(48)) - omNode-1@group-523986131536->omNode-3: nextIndex: updateUnconditionally 230 -> 45
2022-10-18 06:31:42,450 [grpc-default-executor-0] WARN  server.GrpcLogAppender (LogUtils.java:warn(122)) - omNode-1@group-523986131536->omNode-3-AppendLogResponseHandler: Failed appendEntries: org.apache.ratis.thirdparty.io.grpc.StatusRuntimeException: UNAVAILABLE: io exception
2022-10-18 06:31:42,451 [grpc-default-executor-0] INFO  leader.FollowerInfo (FollowerInfoImpl.java:lambda$new$0(48)) - omNode-1@group-523986131536->omNode-3: nextIndex: updateUnconditionally 231 -> 45
2022-10-18 06:31:42,454 [grpc-default-executor-0] WARN  server.GrpcLogAppender (LogUtils.java:warn(122)) - omNode-1@group-523986131536->omNode-3-AppendLogResponseHandler: Failed appendEntries: org.apache.ratis.thirdparty.io.grpc.StatusRuntimeException: UNAVAILABLE: io exception
2022-10-18 06:31:42,454 [grpc-default-executor-0] INFO  leader.FollowerInfo (FollowerInfoImpl.java:lambda$new$0(48)) - omNode-1@group-523986131536->omNode-3: nextIndex: updateUnconditionally 231 -> 45
2022-10-18 06:31:42,456 [grpc-default-executor-0] WARN  server.GrpcLogAppender (LogUtils.java:warn(122)) - omNode-1@group-523986131536->omNode-3-AppendLogResponseHandler: Failed appendEntries: org.apache.ratis.thirdparty.io.grpc.StatusRuntimeException: UNAVAILABLE: io exception
2022-10-18 06:31:42,457 [grpc-default-executor-0] INFO  leader.FollowerInfo (FollowerInfoImpl.java:lambda$new$0(48)) - omNode-1@group-523986131536->omNode-3: nextIndex: updateUnconditionally 231 -> 45
2022-10-18 06:31:42,460 [grpc-default-executor-1] WARN  server.GrpcLogAppender (LogUtils.java:warn(122)) - omNode-1@group-523986131536->omNode-3-AppendLogResponseHandler: Failed appendEntries: org.apache.ratis.thirdparty.io.grpc.StatusRuntimeException: UNAVAILABLE: io exception
2022-10-18 06:31:42,460 [grpc-default-executor-1] INFO  leader.FollowerInfo (FollowerInfoImpl.java:lambda$new$0(48)) - omNode-1@group-523986131536->omNode-3: nextIndex: updateUnconditionally 232 -> 45
2022-10-18 06:31:42,466 [grpc-default-executor-0] WARN  server.GrpcLogAppender (LogUtils.java:warn(122)) - omNode-1@group-523986131536->omNode-3-AppendLogResponseHandler: Failed appendEntries: org.apache.ratis.thirdparty.io.grpc.StatusRuntimeException: UNAVAILABLE: io exception
2022-10-18 06:31:42,466 [grpc-default-executor-0] INFO  leader.FollowerInfo (FollowerInfoImpl.java:lambda$new$0(48)) - omNode-1@group-523986131536->omNode-3: nextIndex: updateUnconditionally 233 -> 45
2022-10-18 06:31:42,470 [grpc-default-executor-0] WARN  server.GrpcLogAppender (LogUtils.java:warn(122)) - omNode-1@group-523986131536->omNode-3-AppendLogResponseHandler: Failed appendEntries: org.apache.ratis.thirdparty.io.grpc.StatusRuntimeException: UNAVAILABLE: io exception
2022-10-18 06:31:42,471 [grpc-default-executor-0] INFO  leader.FollowerInfo (FollowerInfoImpl.java:lambda$new$0(48)) - omNode-1@group-523986131536->omNode-3: nextIndex: updateUnconditionally 234 -> 45
2022-10-18 06:31:42,473 [grpc-default-executor-0] WARN  server.GrpcLogAppender (LogUtils.java:warn(122)) - omNode-1@group-523986131536->omNode-3-AppendLogResponseHandler: Failed appendEntries: org.apache.ratis.thirdparty.io.grpc.StatusRuntimeException: UNAVAILABLE: io exception
2022-10-18 06:31:42,473 [grpc-default-executor-0] INFO  leader.FollowerInfo (FollowerInfoImpl.java:lambda$new$0(48)) - omNode-1@group-523986131536->omNode-3: nextIndex: updateUnconditionally 235 -> 45
2022-10-18 06:31:42,483 [grpc-default-executor-1] WARN  server.GrpcLogAppender (LogUtils.java:warn(122)) - omNode-1@group-523986131536->omNode-3-AppendLogResponseHandler: Failed appendEntries: org.apache.ratis.thirdparty.io.grpc.StatusRuntimeException: UNAVAILABLE: io exception
2022-10-18 06:31:42,483 [grpc-default-executor-1] INFO  leader.FollowerInfo (FollowerInfoImpl.java:lambda$new$0(48)) - omNode-1@group-523986131536->omNode-3: nextIndex: updateUnconditionally 235 -> 45
2022-10-18 06:31:42,487 [grpc-default-executor-0] WARN  server.GrpcLogAppender (LogUtils.java:warn(122)) - omNode-1@group-523986131536->omNode-3-AppendLogResponseHandler: Failed appendEntries: org.apache.ratis.thirdparty.io.grpc.StatusRuntimeException: UNAVAILABLE: io exception
2022-10-18 06:31:42,488 [grpc-default-executor-0] INFO  leader.FollowerInfo (FollowerInfoImpl.java:lambda$new$0(48)) - omNode-1@group-523986131536->omNode-3: nextIndex: updateUnconditionally 236 -> 45
2022-10-18 06:31:42,491 [grpc-default-executor-1] WARN  server.GrpcLogAppender (LogUtils.java:warn(122)) - omNode-1@group-523986131536->omNode-3-AppendLogResponseHandler: Failed appendEntries: org.apache.ratis.thirdparty.io.grpc.StatusRuntimeException: UNAVAILABLE: io exception
2022-10-18 06:31:42,491 [grpc-default-executor-1] INFO  leader.FollowerInfo (FollowerInfoImpl.java:lambda$new$0(48)) - omNode-1@group-523986131536->omNode-3: nextIndex: updateUnconditionally 236 -> 45
2022-10-18 06:31:42,493 [grpc-default-executor-1] WARN  server.GrpcLogAppender (LogUtils.java:warn(122)) - omNode-1@group-523986131536->omNode-3-AppendLogResponseHandler: Failed appendEntries: org.apache.ratis.thirdparty.io.grpc.StatusRuntimeException: UNAVAILABLE: io exception
2022-10-18 06:31:42,493 [grpc-default-executor-1] INFO  leader.FollowerInfo (FollowerInfoImpl.java:lambda$new$0(48)) - omNode-1@group-523986131536->omNode-3: nextIndex: updateUnconditionally 238 -> 45
2022-10-18 06:31:42,496 [grpc-default-executor-1] WARN  server.GrpcLogAppender (LogUtils.java:warn(122)) - omNode-1@group-523986131536->omNode-3-AppendLogResponseHandler: Failed appendEntries: org.apache.ratis.thirdparty.io.grpc.StatusRuntimeException: UNAVAILABLE: io exception
2022-10-18 06:31:42,496 [grpc-default-executor-1] INFO  leader.FollowerInfo (FollowerInfoImpl.java:lambda$new$0(48)) - omNode-1@group-523986131536->omNode-3: nextIndex: updateUnconditionally 238 -> 45
2022-10-18 06:31:42,511 [grpc-default-executor-0] WARN  server.GrpcLogAppender (LogUtils.java:warn(122)) - omNode-1@group-523986131536->omNode-3-AppendLogResponseHandler: Failed appendEntries: org.apache.ratis.thirdparty.io.grpc.StatusRuntimeException: UNAVAILABLE: io exception
2022-10-18 06:31:42,511 [grpc-default-executor-0] INFO  leader.FollowerInfo (FollowerInfoImpl.java:lambda$new$0(48)) - omNode-1@group-523986131536->omNode-3: nextIndex: updateUnconditionally 238 -> 45
2022-10-18 06:31:42,512 [grpc-default-executor-0] WARN  server.GrpcLogAppender (LogUtils.java:warn(122)) - omNode-1@group-523986131536->omNode-3-AppendLogResponseHandler: Failed appendEntries: org.apache.ratis.thirdparty.io.grpc.StatusRuntimeException: UNAVAILABLE: io exception
2022-10-18 06:31:42,513 [grpc-default-executor-0] INFO  leader.FollowerInfo (FollowerInfoImpl.java:lambda$new$0(48)) - omNode-1@group-523986131536->omNode-3: nextIndex: updateUnconditionally 239 -> 45
2022-10-18 06:31:42,516 [grpc-default-executor-1] WARN  server.GrpcLogAppender (LogUtils.java:warn(122)) - omNode-1@group-523986131536->omNode-3-AppendLogResponseHandler: Failed appendEntries: org.apache.ratis.thirdparty.io.grpc.StatusRuntimeException: UNAVAILABLE: io exception
2022-10-18 06:31:42,516 [grpc-default-executor-1] INFO  leader.FollowerInfo (FollowerInfoImpl.java:lambda$new$0(48)) - omNode-1@group-523986131536->omNode-3: nextIndex: updateUnconditionally 239 -> 45
2022-10-18 06:31:42,518 [grpc-default-executor-0] WARN  server.GrpcLogAppender (LogUtils.java:warn(122)) - omNode-1@group-523986131536->omNode-3-AppendLogResponseHandler: Failed appendEntries: org.apache.ratis.thirdparty.io.grpc.StatusRuntimeException: UNAVAILABLE: io exception
2022-10-18 06:31:42,519 [grpc-default-executor-0] INFO  leader.FollowerInfo (FollowerInfoImpl.java:lambda$new$0(48)) - omNode-1@group-523986131536->omNode-3: nextIndex: updateUnconditionally 239 -> 45
2022-10-18 06:31:42,522 [grpc-default-executor-0] WARN  server.GrpcLogAppender (LogUtils.java:warn(122)) - omNode-1@group-523986131536->omNode-3-AppendLogResponseHandler: Failed appendEntries: org.apache.ratis.thirdparty.io.grpc.StatusRuntimeException: UNAVAILABLE: io exception
2022-10-18 06:31:42,522 [grpc-default-executor-0] INFO  leader.FollowerInfo (FollowerInfoImpl.java:lambda$new$0(48)) - omNode-1@group-523986131536->omNode-3: nextIndex: updateUnconditionally 240 -> 45
2022-10-18 06:31:42,531 [grpc-default-executor-1] WARN  server.GrpcLogAppender (LogUtils.java:warn(122)) - omNode-1@group-523986131536->omNode-3-AppendLogResponseHandler: Failed appendEntries: org.apache.ratis.thirdparty.io.grpc.StatusRuntimeException: UNAVAILABLE: io exception
2022-10-18 06:31:42,531 [grpc-default-executor-1] INFO  leader.FollowerInfo (FollowerInfoImpl.java:lambda$new$0(48)) - omNode-1@group-523986131536->omNode-3: nextIndex: updateUnconditionally 241 -> 45
2022-10-18 06:31:42,536 [grpc-default-executor-1] WARN  server.GrpcLogAppender (LogUtils.java:warn(122)) - omNode-1@group-523986131536->omNode-3-AppendLogResponseHandler: Failed appendEntries: org.apache.ratis.thirdparty.io.grpc.StatusRuntimeException: UNAVAILABLE: io exception
2022-10-18 06:31:42,537 [grpc-default-executor-1] INFO  leader.FollowerInfo (FollowerInfoImpl.java:lambda$new$0(48)) - omNode-1@group-523986131536->omNode-3: nextIndex: updateUnconditionally 242 -> 45
2022-10-18 06:31:42,538 [grpc-default-executor-0] WARN  server.GrpcLogAppender (LogUtils.java:warn(122)) - omNode-1@group-523986131536->omNode-3-AppendLogResponseHandler: Failed appendEntries: org.apache.ratis.thirdparty.io.grpc.StatusRuntimeException: UNAVAILABLE: io exception
2022-10-18 06:31:42,538 [grpc-default-executor-0] INFO  leader.FollowerInfo (FollowerInfoImpl.java:lambda$new$0(48)) - omNode-1@group-523986131536->omNode-3: nextIndex: updateUnconditionally 242 -> 45
2022-10-18 06:31:42,540 [grpc-default-executor-1] WARN  server.GrpcLogAppender (LogUtils.java:warn(122)) - omNode-1@group-523986131536->omNode-3-AppendLogResponseHandler: Failed appendEntries: org.apache.ratis.thirdparty.io.grpc.StatusRuntimeException: UNAVAILABLE: io exception
2022-10-18 06:31:42,540 [grpc-default-executor-1] INFO  leader.FollowerInfo (FollowerInfoImpl.java:lambda$new$0(48)) - omNode-1@group-523986131536->omNode-3: nextIndex: updateUnconditionally 242 -> 45
2022-10-18 06:31:42,543 [grpc-default-executor-1] WARN  server.GrpcLogAppender (LogUtils.java:warn(122)) - omNode-1@group-523986131536->omNode-3-AppendLogResponseHandler: Failed appendEntries: org.apache.ratis.thirdparty.io.grpc.StatusRuntimeException: UNAVAILABLE: io exception
2022-10-18 06:31:42,543 [grpc-default-executor-1] INFO  leader.FollowerInfo (FollowerInfoImpl.java:lambda$new$0(48)) - omNode-1@group-523986131536->omNode-3: nextIndex: updateUnconditionally 243 -> 45
2022-10-18 06:31:42,545 [grpc-default-executor-1] WARN  server.GrpcLogAppender (LogUtils.java:warn(122)) - omNode-1@group-523986131536->omNode-3-AppendLogResponseHandler: Failed appendEntries: org.apache.ratis.thirdparty.io.grpc.StatusRuntimeException: UNAVAILABLE: io exception
2022-10-18 06:31:42,545 [grpc-default-executor-1] INFO  leader.FollowerInfo (FollowerInfoImpl.java:lambda$new$0(48)) - omNode-1@group-523986131536->omNode-3: nextIndex: updateUnconditionally 243 -> 45
2022-10-18 06:31:42,552 [grpc-default-executor-1] WARN  server.GrpcLogAppender (LogUtils.java:warn(122)) - omNode-1@group-523986131536->omNode-3-AppendLogResponseHandler: Failed appendEntries: org.apache.ratis.thirdparty.io.grpc.StatusRuntimeException: UNAVAILABLE: io exception
2022-10-18 06:31:42,552 [grpc-default-executor-1] INFO  leader.FollowerInfo (FollowerInfoImpl.java:lambda$new$0(48)) - omNode-1@group-523986131536->omNode-3: nextIndex: updateUnconditionally 244 -> 45
2022-10-18 06:31:42,554 [grpc-default-executor-1] WARN  server.GrpcLogAppender (LogUtils.java:warn(122)) - omNode-1@group-523986131536->omNode-3-AppendLogResponseHandler: Failed appendEntries: org.apache.ratis.thirdparty.io.grpc.StatusRuntimeException: UNAVAILABLE: io exception
2022-10-18 06:31:42,554 [grpc-default-executor-1] INFO  leader.FollowerInfo (FollowerInfoImpl.java:lambda$new$0(48)) - omNode-1@group-523986131536->omNode-3: nextIndex: updateUnconditionally 244 -> 45
2022-10-18 06:31:42,560 [grpc-default-executor-0] WARN  server.GrpcLogAppender (LogUtils.java:warn(122)) - omNode-1@group-523986131536->omNode-3-AppendLogResponseHandler: Failed appendEntries: org.apache.ratis.thirdparty.io.grpc.StatusRuntimeException: UNAVAILABLE: io exception
2022-10-18 06:31:42,560 [grpc-default-executor-0] INFO  leader.FollowerInfo (FollowerInfoImpl.java:lambda$new$0(48)) - omNode-1@group-523986131536->omNode-3: nextIndex: updateUnconditionally 246 -> 45
2022-10-18 06:31:42,571 [grpc-default-executor-0] WARN  server.GrpcLogAppender (LogUtils.java:warn(122)) - omNode-1@group-523986131536->omNode-3-AppendLogResponseHandler: Failed appendEntries: org.apache.ratis.thirdparty.io.grpc.StatusRuntimeException: UNAVAILABLE: io exception
2022-10-18 06:31:42,571 [grpc-default-executor-0] INFO  leader.FollowerInfo (FollowerInfoImpl.java:lambda$new$0(48)) - omNode-1@group-523986131536->omNode-3: nextIndex: updateUnconditionally 246 -> 45
2022-10-18 06:31:42,578 [grpc-default-executor-0] WARN  server.GrpcLogAppender (LogUtils.java:warn(122)) - omNode-1@group-523986131536->omNode-3-AppendLogResponseHandler: Failed appendEntries: org.apache.ratis.thirdparty.io.grpc.StatusRuntimeException: UNAVAILABLE: io exception
2022-10-18 06:31:42,579 [grpc-default-executor-0] INFO  leader.FollowerInfo (FollowerInfoImpl.java:lambda$new$0(48)) - omNode-1@group-523986131536->omNode-3: nextIndex: updateUnconditionally 247 -> 45
2022-10-18 06:31:42,590 [grpc-default-executor-1] WARN  server.GrpcLogAppender (LogUtils.java:warn(122)) - omNode-1@group-523986131536->omNode-3-AppendLogResponseHandler: Failed appendEntries: org.apache.ratis.thirdparty.io.grpc.StatusRuntimeException: UNAVAILABLE: io exception
2022-10-18 06:31:42,591 [grpc-default-executor-1] INFO  leader.FollowerInfo (FollowerInfoImpl.java:lambda$new$0(48)) - omNode-1@group-523986131536->omNode-3: nextIndex: updateUnconditionally 247 -> 45
2022-10-18 06:31:42,611 [grpc-default-executor-3] WARN  server.GrpcLogAppender (LogUtils.java:warn(122)) - omNode-1@group-523986131536->omNode-3-AppendLogResponseHandler: Failed appendEntries: org.apache.ratis.thirdparty.io.grpc.StatusRuntimeException: UNAVAILABLE: io exception
2022-10-18 06:31:42,611 [grpc-default-executor-3] INFO  leader.FollowerInfo (FollowerInfoImpl.java:lambda$new$0(48)) - omNode-1@group-523986131536->omNode-3: nextIndex: updateUnconditionally 247 -> 45
2022-10-18 06:31:42,615 [grpc-default-executor-0] WARN  server.GrpcLogAppender (LogUtils.java:warn(122)) - omNode-1@group-523986131536->omNode-3-AppendLogResponseHandler: Failed appendEntries: org.apache.ratis.thirdparty.io.grpc.StatusRuntimeException: UNAVAILABLE: io exception
2022-10-18 06:31:42,615 [grpc-default-executor-0] INFO  leader.FollowerInfo (FollowerInfoImpl.java:lambda$new$0(48)) - omNode-1@group-523986131536->omNode-3: nextIndex: updateUnconditionally 248 -> 45
2022-10-18 06:31:42,626 [grpc-default-executor-0] WARN  server.GrpcLogAppender (LogUtils.java:warn(122)) - omNode-1@group-523986131536->omNode-3-AppendLogResponseHandler: Failed appendEntries: org.apache.ratis.thirdparty.io.grpc.StatusRuntimeException: UNAVAILABLE: io exception
2022-10-18 06:31:42,626 [grpc-default-executor-0] INFO  leader.FollowerInfo (FollowerInfoImpl.java:lambda$new$0(48)) - omNode-1@group-523986131536->omNode-3: nextIndex: updateUnconditionally 248 -> 45
2022-10-18 06:31:42,628 [grpc-default-executor-3] WARN  server.GrpcLogAppender (LogUtils.java:warn(122)) - omNode-1@group-523986131536->omNode-3-AppendLogResponseHandler: Failed appendEntries: org.apache.ratis.thirdparty.io.grpc.StatusRuntimeException: UNAVAILABLE: io exception
2022-10-18 06:31:42,628 [grpc-default-executor-3] INFO  leader.FollowerInfo (FollowerInfoImpl.java:lambda$new$0(48)) - omNode-1@group-523986131536->omNode-3: nextIndex: updateUnconditionally 249 -> 45
2022-10-18 06:31:42,630 [grpc-default-executor-3] WARN  server.GrpcLogAppender (LogUtils.java:warn(122)) - omNode-1@group-523986131536->omNode-3-AppendLogResponseHandler: Failed appendEntries: org.apache.ratis.thirdparty.io.grpc.StatusRuntimeException: UNAVAILABLE: io exception
2022-10-18 06:31:42,631 [grpc-default-executor-3] INFO  leader.FollowerInfo (FollowerInfoImpl.java:lambda$new$0(48)) - omNode-1@group-523986131536->omNode-3: nextIndex: updateUnconditionally 250 -> 45
2022-10-18 06:31:42,635 [grpc-default-executor-0] WARN  server.GrpcLogAppender (LogUtils.java:warn(122)) - omNode-1@group-523986131536->omNode-3-AppendLogResponseHandler: Failed appendEntries: org.apache.ratis.thirdparty.io.grpc.StatusRuntimeException: UNAVAILABLE: io exception
2022-10-18 06:31:42,635 [grpc-default-executor-0] INFO  leader.FollowerInfo (FollowerInfoImpl.java:lambda$new$0(48)) - omNode-1@group-523986131536->omNode-3: nextIndex: updateUnconditionally 250 -> 45
2022-10-18 06:31:42,636 [grpc-default-executor-0] WARN  server.GrpcLogAppender (LogUtils.java:warn(122)) - omNode-1@group-523986131536->omNode-3-AppendLogResponseHandler: Failed appendEntries: org.apache.ratis.thirdparty.io.grpc.StatusRuntimeException: UNAVAILABLE: io exception
2022-10-18 06:31:42,636 [grpc-default-executor-0] INFO  leader.FollowerInfo (FollowerInfoImpl.java:lambda$new$0(48)) - omNode-1@group-523986131536->omNode-3: nextIndex: updateUnconditionally 250 -> 45
2022-10-18 06:31:42,637 [EndpointStateMachine task thread for /0.0.0.0:34663 - 0 ] INFO  ipc.Client (Client.java:handleConnectionFailure(1010)) - Retrying connect to server: 0.0.0.0/0.0.0.0:34663. Already tried 6 time(s); retry policy is RetryUpToMaximumCountWithFixedSleep(maxRetries=15, sleepTime=1000 MILLISECONDS)
2022-10-18 06:31:42,642 [grpc-default-executor-0] WARN  server.GrpcLogAppender (LogUtils.java:warn(122)) - omNode-1@group-523986131536->omNode-3-AppendLogResponseHandler: Failed appendEntries: org.apache.ratis.thirdparty.io.grpc.StatusRuntimeException: UNAVAILABLE: io exception
2022-10-18 06:31:42,642 [grpc-default-executor-0] INFO  leader.FollowerInfo (FollowerInfoImpl.java:lambda$new$0(48)) - omNode-1@group-523986131536->omNode-3: nextIndex: updateUnconditionally 251 -> 45
2022-10-18 06:31:42,647 [omNode-1@group-523986131536-StateMachineUpdater] INFO  ratis.OzoneManagerStateMachine (OzoneManagerStateMachine.java:takeSnapshot(441)) - Current Snapshot Index (t:1, i:250)
2022-10-18 06:31:42,647 [omNode-1@group-523986131536-StateMachineUpdater] INFO  impl.StateMachineUpdater (StateMachineUpdater.java:takeSnapshot(287)) - omNode-1@group-523986131536-StateMachineUpdater: Took a snapshot at index 250
2022-10-18 06:31:42,647 [omNode-1@group-523986131536-StateMachineUpdater] INFO  impl.StateMachineUpdater (StateMachineUpdater.java:lambda$new$0(92)) - omNode-1@group-523986131536-StateMachineUpdater: snapshotIndex: updateIncreasingly 200 -> 250
2022-10-18 06:31:42,647 [omNode-1@group-523986131536-StateMachineUpdater] INFO  raftlog.RaftLog (RaftLogBase.java:purge(308)) - omNode-1@group-523986131536-SegmentedRaftLog: purge 250
2022-10-18 06:31:42,647 [omNode-1@group-523986131536-StateMachineUpdater] INFO  raftlog.RaftLog (RaftLogBase.java:lambda$new$0(53)) - omNode-1@group-523986131536-SegmentedRaftLog: snapshotIndex: updateIncreasingly 200 -> 250
2022-10-18 06:31:42,647 [omNode-1@group-523986131536-StateMachineUpdater] INFO  raftlog.RaftLog (RaftLogBase.java:lambda$new$0(53)) - omNode-1@group-523986131536-SegmentedRaftLog: purgeIndex: updateToMax old=200, new=250, updated? true
2022-10-18 06:31:42,647 [grpc-default-executor-0] WARN  server.GrpcLogAppender (LogUtils.java:warn(122)) - omNode-1@group-523986131536->omNode-3-AppendLogResponseHandler: Failed appendEntries: org.apache.ratis.thirdparty.io.grpc.StatusRuntimeException: UNAVAILABLE: io exception
2022-10-18 06:31:42,648 [grpc-default-executor-0] INFO  leader.FollowerInfo (FollowerInfoImpl.java:lambda$new$0(48)) - omNode-1@group-523986131536->omNode-3: nextIndex: updateUnconditionally 251 -> 45
2022-10-18 06:31:42,649 [grpc-default-executor-0] WARN  server.GrpcLogAppender (LogUtils.java:warn(122)) - omNode-1@group-523986131536->omNode-3-AppendLogResponseHandler: Failed appendEntries: org.apache.ratis.thirdparty.io.grpc.StatusRuntimeException: UNAVAILABLE: io exception
2022-10-18 06:31:42,649 [grpc-default-executor-0] INFO  leader.FollowerInfo (FollowerInfoImpl.java:lambda$new$0(48)) - omNode-1@group-523986131536->omNode-3: nextIndex: updateUnconditionally 251 -> 45
2022-10-18 06:31:42,655 [grpc-default-executor-0] WARN  server.GrpcLogAppender (LogUtils.java:warn(122)) - omNode-1@group-523986131536->omNode-3-AppendLogResponseHandler: Failed appendEntries: org.apache.ratis.thirdparty.io.grpc.StatusRuntimeException: UNAVAILABLE: io exception
2022-10-18 06:31:42,655 [grpc-default-executor-0] INFO  leader.FollowerInfo (FollowerInfoImpl.java:lambda$new$0(48)) - omNode-1@group-523986131536->omNode-3: nextIndex: updateUnconditionally 252 -> 45
2022-10-18 06:31:42,656 [grpc-default-executor-0] WARN  server.GrpcLogAppender (LogUtils.java:warn(122)) - omNode-1@group-523986131536->omNode-3-AppendLogResponseHandler: Failed appendEntries: org.apache.ratis.thirdparty.io.grpc.StatusRuntimeException: UNAVAILABLE: io exception
2022-10-18 06:31:42,656 [grpc-default-executor-0] INFO  leader.FollowerInfo (FollowerInfoImpl.java:lambda$new$0(48)) - omNode-1@group-523986131536->omNode-3: nextIndex: updateUnconditionally 252 -> 45
2022-10-18 06:31:42,668 [grpc-default-executor-0] WARN  server.GrpcLogAppender (LogUtils.java:warn(122)) - omNode-1@group-523986131536->omNode-3-AppendLogResponseHandler: Failed appendEntries: org.apache.ratis.thirdparty.io.grpc.StatusRuntimeException: UNAVAILABLE: io exception
2022-10-18 06:31:42,668 [grpc-default-executor-0] INFO  leader.FollowerInfo (FollowerInfoImpl.java:lambda$new$0(48)) - omNode-1@group-523986131536->omNode-3: nextIndex: updateUnconditionally 254 -> 45
2022-10-18 06:31:42,670 [grpc-default-executor-0] WARN  server.GrpcLogAppender (LogUtils.java:warn(122)) - omNode-1@group-523986131536->omNode-3-AppendLogResponseHandler: Failed appendEntries: org.apache.ratis.thirdparty.io.grpc.StatusRuntimeException: UNAVAILABLE: io exception
2022-10-18 06:31:42,670 [grpc-default-executor-0] INFO  leader.FollowerInfo (FollowerInfoImpl.java:lambda$new$0(48)) - omNode-1@group-523986131536->omNode-3: nextIndex: updateUnconditionally 254 -> 45
2022-10-18 06:31:42,677 [grpc-default-executor-0] WARN  server.GrpcLogAppender (LogUtils.java:warn(122)) - omNode-1@group-523986131536->omNode-3-AppendLogResponseHandler: Failed appendEntries: org.apache.ratis.thirdparty.io.grpc.StatusRuntimeException: UNAVAILABLE: io exception
2022-10-18 06:31:42,677 [grpc-default-executor-0] INFO  leader.FollowerInfo (FollowerInfoImpl.java:lambda$new$0(48)) - omNode-1@group-523986131536->omNode-3: nextIndex: updateUnconditionally 255 -> 45
2022-10-18 06:31:42,678 [grpc-default-executor-3] WARN  server.GrpcLogAppender (LogUtils.java:warn(122)) - omNode-1@group-523986131536->omNode-3-AppendLogResponseHandler: Failed appendEntries: org.apache.ratis.thirdparty.io.grpc.StatusRuntimeException: UNAVAILABLE: io exception
2022-10-18 06:31:42,678 [grpc-default-executor-3] INFO  leader.FollowerInfo (FollowerInfoImpl.java:lambda$new$0(48)) - omNode-1@group-523986131536->omNode-3: nextIndex: updateUnconditionally 256 -> 45
2022-10-18 06:31:42,680 [grpc-default-executor-3] WARN  server.GrpcLogAppender (LogUtils.java:warn(122)) - omNode-1@group-523986131536->omNode-3-AppendLogResponseHandler: Failed appendEntries: org.apache.ratis.thirdparty.io.grpc.StatusRuntimeException: UNAVAILABLE: io exception
2022-10-18 06:31:42,680 [grpc-default-executor-3] INFO  leader.FollowerInfo (FollowerInfoImpl.java:lambda$new$0(48)) - omNode-1@group-523986131536->omNode-3: nextIndex: updateUnconditionally 256 -> 45
2022-10-18 06:31:42,684 [grpc-default-executor-3] WARN  server.GrpcLogAppender (LogUtils.java:warn(122)) - omNode-1@group-523986131536->omNode-3-AppendLogResponseHandler: Failed appendEntries: org.apache.ratis.thirdparty.io.grpc.StatusRuntimeException: UNAVAILABLE: io exception
2022-10-18 06:31:42,684 [grpc-default-executor-3] INFO  leader.FollowerInfo (FollowerInfoImpl.java:lambda$new$0(48)) - omNode-1@group-523986131536->omNode-3: nextIndex: updateUnconditionally 257 -> 45
2022-10-18 06:31:42,688 [grpc-default-executor-0] WARN  server.GrpcLogAppender (LogUtils.java:warn(122)) - omNode-1@group-523986131536->omNode-3-AppendLogResponseHandler: Failed appendEntries: org.apache.ratis.thirdparty.io.grpc.StatusRuntimeException: UNAVAILABLE: io exception
2022-10-18 06:31:42,688 [grpc-default-executor-0] INFO  leader.FollowerInfo (FollowerInfoImpl.java:lambda$new$0(48)) - omNode-1@group-523986131536->omNode-3: nextIndex: updateUnconditionally 258 -> 45
2022-10-18 06:31:42,689 [omNode-2@group-523986131536-StateMachineUpdater] INFO  ratis.OzoneManagerStateMachine (OzoneManagerStateMachine.java:takeSnapshot(441)) - Current Snapshot Index (t:1, i:256)
2022-10-18 06:31:42,689 [omNode-2@group-523986131536-StateMachineUpdater] INFO  impl.StateMachineUpdater (StateMachineUpdater.java:takeSnapshot(287)) - omNode-2@group-523986131536-StateMachineUpdater: Took a snapshot at index 256
2022-10-18 06:31:42,689 [omNode-2@group-523986131536-StateMachineUpdater] INFO  impl.StateMachineUpdater (StateMachineUpdater.java:lambda$new$0(92)) - omNode-2@group-523986131536-StateMachineUpdater: snapshotIndex: updateIncreasingly 205 -> 256
2022-10-18 06:31:42,689 [omNode-2@group-523986131536-StateMachineUpdater] INFO  raftlog.RaftLog (RaftLogBase.java:purge(308)) - omNode-2@group-523986131536-SegmentedRaftLog: purge 256
2022-10-18 06:31:42,689 [omNode-2@group-523986131536-StateMachineUpdater] INFO  raftlog.RaftLog (RaftLogBase.java:lambda$new$0(53)) - omNode-2@group-523986131536-SegmentedRaftLog: snapshotIndex: updateIncreasingly 205 -> 256
2022-10-18 06:31:42,689 [omNode-2@group-523986131536-StateMachineUpdater] INFO  raftlog.RaftLog (RaftLogBase.java:lambda$new$0(53)) - omNode-2@group-523986131536-SegmentedRaftLog: purgeIndex: updateToMax old=205, new=256, updated? true
2022-10-18 06:31:42,693 [grpc-default-executor-0] WARN  server.GrpcLogAppender (LogUtils.java:warn(122)) - omNode-1@group-523986131536->omNode-3-AppendLogResponseHandler: Failed appendEntries: org.apache.ratis.thirdparty.io.grpc.StatusRuntimeException: UNAVAILABLE: io exception
2022-10-18 06:31:42,693 [grpc-default-executor-0] INFO  leader.FollowerInfo (FollowerInfoImpl.java:lambda$new$0(48)) - omNode-1@group-523986131536->omNode-3: nextIndex: updateUnconditionally 258 -> 45
2022-10-18 06:31:42,694 [grpc-default-executor-3] WARN  server.GrpcLogAppender (LogUtils.java:warn(122)) - omNode-1@group-523986131536->omNode-3-AppendLogResponseHandler: Failed appendEntries: org.apache.ratis.thirdparty.io.grpc.StatusRuntimeException: UNAVAILABLE: io exception
2022-10-18 06:31:42,694 [grpc-default-executor-3] INFO  leader.FollowerInfo (FollowerInfoImpl.java:lambda$new$0(48)) - omNode-1@group-523986131536->omNode-3: nextIndex: updateUnconditionally 259 -> 45
2022-10-18 06:31:42,699 [grpc-default-executor-3] WARN  server.GrpcLogAppender (LogUtils.java:warn(122)) - omNode-1@group-523986131536->omNode-3-AppendLogResponseHandler: Failed appendEntries: org.apache.ratis.thirdparty.io.grpc.StatusRuntimeException: UNAVAILABLE: io exception
2022-10-18 06:31:42,699 [grpc-default-executor-3] INFO  leader.FollowerInfo (FollowerInfoImpl.java:lambda$new$0(48)) - omNode-1@group-523986131536->omNode-3: nextIndex: updateUnconditionally 259 -> 45
2022-10-18 06:31:42,700 [grpc-default-executor-3] WARN  server.GrpcLogAppender (LogUtils.java:warn(122)) - omNode-1@group-523986131536->omNode-3-AppendLogResponseHandler: Failed appendEntries: org.apache.ratis.thirdparty.io.grpc.StatusRuntimeException: UNAVAILABLE: io exception
2022-10-18 06:31:42,700 [grpc-default-executor-3] INFO  leader.FollowerInfo (FollowerInfoImpl.java:lambda$new$0(48)) - omNode-1@group-523986131536->omNode-3: nextIndex: updateUnconditionally 259 -> 45
2022-10-18 06:31:42,704 [grpc-default-executor-0] WARN  server.GrpcLogAppender (LogUtils.java:warn(122)) - omNode-1@group-523986131536->omNode-3-AppendLogResponseHandler: Failed appendEntries: org.apache.ratis.thirdparty.io.grpc.StatusRuntimeException: UNAVAILABLE: io exception
2022-10-18 06:31:42,705 [grpc-default-executor-0] INFO  leader.FollowerInfo (FollowerInfoImpl.java:lambda$new$0(48)) - omNode-1@group-523986131536->omNode-3: nextIndex: updateUnconditionally 260 -> 45
2022-10-18 06:31:42,709 [grpc-default-executor-0] WARN  server.GrpcLogAppender (LogUtils.java:warn(122)) - omNode-1@group-523986131536->omNode-3-AppendLogResponseHandler: Failed appendEntries: org.apache.ratis.thirdparty.io.grpc.StatusRuntimeException: UNAVAILABLE: io exception
2022-10-18 06:31:42,709 [grpc-default-executor-0] INFO  leader.FollowerInfo (FollowerInfoImpl.java:lambda$new$0(48)) - omNode-1@group-523986131536->omNode-3: nextIndex: updateUnconditionally 261 -> 45
2022-10-18 06:31:42,712 [grpc-default-executor-0] WARN  server.GrpcLogAppender (LogUtils.java:warn(122)) - omNode-1@group-523986131536->omNode-3-AppendLogResponseHandler: Failed appendEntries: org.apache.ratis.thirdparty.io.grpc.StatusRuntimeException: UNAVAILABLE: io exception
2022-10-18 06:31:42,712 [grpc-default-executor-0] INFO  leader.FollowerInfo (FollowerInfoImpl.java:lambda$new$0(48)) - omNode-1@group-523986131536->omNode-3: nextIndex: updateUnconditionally 262 -> 45
2022-10-18 06:31:42,720 [grpc-default-executor-0] WARN  server.GrpcLogAppender (LogUtils.java:warn(122)) - omNode-1@group-523986131536->omNode-3-AppendLogResponseHandler: Failed appendEntries: org.apache.ratis.thirdparty.io.grpc.StatusRuntimeException: UNAVAILABLE: io exception
2022-10-18 06:31:42,720 [grpc-default-executor-0] INFO  leader.FollowerInfo (FollowerInfoImpl.java:lambda$new$0(48)) - omNode-1@group-523986131536->omNode-3: nextIndex: updateUnconditionally 262 -> 45
2022-10-18 06:31:42,721 [grpc-default-executor-0] WARN  server.GrpcLogAppender (LogUtils.java:warn(122)) - omNode-1@group-523986131536->omNode-3-AppendLogResponseHandler: Failed appendEntries: org.apache.ratis.thirdparty.io.grpc.StatusRuntimeException: UNAVAILABLE: io exception
2022-10-18 06:31:42,722 [grpc-default-executor-0] INFO  leader.FollowerInfo (FollowerInfoImpl.java:lambda$new$0(48)) - omNode-1@group-523986131536->omNode-3: nextIndex: updateUnconditionally 263 -> 45
2022-10-18 06:31:42,733 [grpc-default-executor-0] WARN  server.GrpcLogAppender (LogUtils.java:warn(122)) - omNode-1@group-523986131536->omNode-3-AppendLogResponseHandler: Failed appendEntries: org.apache.ratis.thirdparty.io.grpc.StatusRuntimeException: UNAVAILABLE: io exception
2022-10-18 06:31:42,733 [grpc-default-executor-0] INFO  leader.FollowerInfo (FollowerInfoImpl.java:lambda$new$0(48)) - omNode-1@group-523986131536->omNode-3: nextIndex: updateUnconditionally 264 -> 45
2022-10-18 06:31:42,734 [grpc-default-executor-0] WARN  server.GrpcLogAppender (LogUtils.java:warn(122)) - omNode-1@group-523986131536->omNode-3-AppendLogResponseHandler: Failed appendEntries: org.apache.ratis.thirdparty.io.grpc.StatusRuntimeException: UNAVAILABLE: io exception
2022-10-18 06:31:42,734 [grpc-default-executor-0] INFO  leader.FollowerInfo (FollowerInfoImpl.java:lambda$new$0(48)) - omNode-1@group-523986131536->omNode-3: nextIndex: updateUnconditionally 265 -> 45
2022-10-18 06:31:42,742 [grpc-default-executor-0] WARN  server.GrpcLogAppender (LogUtils.java:warn(122)) - omNode-1@group-523986131536->omNode-3-AppendLogResponseHandler: Failed appendEntries: org.apache.ratis.thirdparty.io.grpc.StatusRuntimeException: UNAVAILABLE: io exception
2022-10-18 06:31:42,742 [grpc-default-executor-0] INFO  leader.FollowerInfo (FollowerInfoImpl.java:lambda$new$0(48)) - omNode-1@group-523986131536->omNode-3: nextIndex: updateUnconditionally 266 -> 45
2022-10-18 06:31:42,743 [grpc-default-executor-0] WARN  server.GrpcLogAppender (LogUtils.java:warn(122)) - omNode-1@group-523986131536->omNode-3-AppendLogResponseHandler: Failed appendEntries: org.apache.ratis.thirdparty.io.grpc.StatusRuntimeException: UNAVAILABLE: io exception
2022-10-18 06:31:42,743 [grpc-default-executor-0] INFO  leader.FollowerInfo (FollowerInfoImpl.java:lambda$new$0(48)) - omNode-1@group-523986131536->omNode-3: nextIndex: updateUnconditionally 266 -> 45
2022-10-18 06:31:42,745 [grpc-default-executor-0] WARN  server.GrpcLogAppender (LogUtils.java:warn(122)) - omNode-1@group-523986131536->omNode-3-AppendLogResponseHandler: Failed appendEntries: org.apache.ratis.thirdparty.io.grpc.StatusRuntimeException: UNAVAILABLE: io exception
2022-10-18 06:31:42,746 [grpc-default-executor-0] INFO  leader.FollowerInfo (FollowerInfoImpl.java:lambda$new$0(48)) - omNode-1@group-523986131536->omNode-3: nextIndex: updateUnconditionally 267 -> 45
2022-10-18 06:31:42,752 [grpc-default-executor-3] WARN  server.GrpcLogAppender (LogUtils.java:warn(122)) - omNode-1@group-523986131536->omNode-3-AppendLogResponseHandler: Failed appendEntries: org.apache.ratis.thirdparty.io.grpc.StatusRuntimeException: UNAVAILABLE: io exception
2022-10-18 06:31:42,752 [grpc-default-executor-3] INFO  leader.FollowerInfo (FollowerInfoImpl.java:lambda$new$0(48)) - omNode-1@group-523986131536->omNode-3: nextIndex: updateUnconditionally 267 -> 45
2022-10-18 06:31:42,759 [grpc-default-executor-0] WARN  server.GrpcLogAppender (LogUtils.java:warn(122)) - omNode-1@group-523986131536->omNode-3-AppendLogResponseHandler: Failed appendEntries: org.apache.ratis.thirdparty.io.grpc.StatusRuntimeException: UNAVAILABLE: io exception
2022-10-18 06:31:42,760 [grpc-default-executor-0] INFO  leader.FollowerInfo (FollowerInfoImpl.java:lambda$new$0(48)) - omNode-1@group-523986131536->omNode-3: nextIndex: updateUnconditionally 268 -> 45
2022-10-18 06:31:42,762 [grpc-default-executor-0] WARN  server.GrpcLogAppender (LogUtils.java:warn(122)) - omNode-1@group-523986131536->omNode-3-AppendLogResponseHandler: Failed appendEntries: org.apache.ratis.thirdparty.io.grpc.StatusRuntimeException: UNAVAILABLE: io exception
2022-10-18 06:31:42,762 [grpc-default-executor-0] INFO  leader.FollowerInfo (FollowerInfoImpl.java:lambda$new$0(48)) - omNode-1@group-523986131536->omNode-3: nextIndex: updateUnconditionally 268 -> 45
2022-10-18 06:31:42,767 [grpc-default-executor-3] WARN  server.GrpcLogAppender (LogUtils.java:warn(122)) - omNode-1@group-523986131536->omNode-3-AppendLogResponseHandler: Failed appendEntries: org.apache.ratis.thirdparty.io.grpc.StatusRuntimeException: UNAVAILABLE: io exception
2022-10-18 06:31:42,767 [grpc-default-executor-3] INFO  leader.FollowerInfo (FollowerInfoImpl.java:lambda$new$0(48)) - omNode-1@group-523986131536->omNode-3: nextIndex: updateUnconditionally 270 -> 45
2022-10-18 06:31:42,771 [grpc-default-executor-3] WARN  server.GrpcLogAppender (LogUtils.java:warn(122)) - omNode-1@group-523986131536->omNode-3-AppendLogResponseHandler: Failed appendEntries: org.apache.ratis.thirdparty.io.grpc.StatusRuntimeException: UNAVAILABLE: io exception
2022-10-18 06:31:42,771 [grpc-default-executor-3] INFO  leader.FollowerInfo (FollowerInfoImpl.java:lambda$new$0(48)) - omNode-1@group-523986131536->omNode-3: nextIndex: updateUnconditionally 270 -> 45
2022-10-18 06:31:42,773 [grpc-default-executor-3] WARN  server.GrpcLogAppender (LogUtils.java:warn(122)) - omNode-1@group-523986131536->omNode-3-AppendLogResponseHandler: Failed appendEntries: org.apache.ratis.thirdparty.io.grpc.StatusRuntimeException: UNAVAILABLE: io exception
2022-10-18 06:31:42,773 [grpc-default-executor-3] INFO  leader.FollowerInfo (FollowerInfoImpl.java:lambda$new$0(48)) - omNode-1@group-523986131536->omNode-3: nextIndex: updateUnconditionally 271 -> 45
2022-10-18 06:31:42,779 [grpc-default-executor-0] WARN  server.GrpcLogAppender (LogUtils.java:warn(122)) - omNode-1@group-523986131536->omNode-3-AppendLogResponseHandler: Failed appendEntries: org.apache.ratis.thirdparty.io.grpc.StatusRuntimeException: UNAVAILABLE: io exception
2022-10-18 06:31:42,779 [grpc-default-executor-0] INFO  leader.FollowerInfo (FollowerInfoImpl.java:lambda$new$0(48)) - omNode-1@group-523986131536->omNode-3: nextIndex: updateUnconditionally 271 -> 45
2022-10-18 06:31:42,780 [grpc-default-executor-0] WARN  server.GrpcLogAppender (LogUtils.java:warn(122)) - omNode-1@group-523986131536->omNode-3-AppendLogResponseHandler: Failed appendEntries: org.apache.ratis.thirdparty.io.grpc.StatusRuntimeException: UNAVAILABLE: io exception
2022-10-18 06:31:42,780 [grpc-default-executor-0] INFO  leader.FollowerInfo (FollowerInfoImpl.java:lambda$new$0(48)) - omNode-1@group-523986131536->omNode-3: nextIndex: updateUnconditionally 271 -> 45
2022-10-18 06:31:42,782 [grpc-default-executor-3] WARN  server.GrpcLogAppender (LogUtils.java:warn(122)) - omNode-1@group-523986131536->omNode-3-AppendLogResponseHandler: Failed appendEntries: org.apache.ratis.thirdparty.io.grpc.StatusRuntimeException: UNAVAILABLE: io exception
2022-10-18 06:31:42,782 [grpc-default-executor-3] INFO  leader.FollowerInfo (FollowerInfoImpl.java:lambda$new$0(48)) - omNode-1@group-523986131536->omNode-3: nextIndex: updateUnconditionally 272 -> 45
2022-10-18 06:31:42,784 [grpc-default-executor-3] WARN  server.GrpcLogAppender (LogUtils.java:warn(122)) - omNode-1@group-523986131536->omNode-3-AppendLogResponseHandler: Failed appendEntries: org.apache.ratis.thirdparty.io.grpc.StatusRuntimeException: UNAVAILABLE: io exception
2022-10-18 06:31:42,784 [grpc-default-executor-3] INFO  leader.FollowerInfo (FollowerInfoImpl.java:lambda$new$0(48)) - omNode-1@group-523986131536->omNode-3: nextIndex: updateUnconditionally 272 -> 45
2022-10-18 06:31:42,786 [grpc-default-executor-0] WARN  server.GrpcLogAppender (LogUtils.java:warn(122)) - omNode-1@group-523986131536->omNode-3-AppendLogResponseHandler: Failed appendEntries: org.apache.ratis.thirdparty.io.grpc.StatusRuntimeException: UNAVAILABLE: io exception
2022-10-18 06:31:42,786 [grpc-default-executor-0] INFO  leader.FollowerInfo (FollowerInfoImpl.java:lambda$new$0(48)) - omNode-1@group-523986131536->omNode-3: nextIndex: updateUnconditionally 273 -> 45
2022-10-18 06:31:42,788 [grpc-default-executor-3] WARN  server.GrpcLogAppender (LogUtils.java:warn(122)) - omNode-1@group-523986131536->omNode-3-AppendLogResponseHandler: Failed appendEntries: org.apache.ratis.thirdparty.io.grpc.StatusRuntimeException: UNAVAILABLE: io exception
2022-10-18 06:31:42,789 [grpc-default-executor-3] INFO  leader.FollowerInfo (FollowerInfoImpl.java:lambda$new$0(48)) - omNode-1@group-523986131536->omNode-3: nextIndex: updateUnconditionally 274 -> 45
2022-10-18 06:31:42,790 [grpc-default-executor-0] WARN  server.GrpcLogAppender (LogUtils.java:warn(122)) - omNode-1@group-523986131536->omNode-3-AppendLogResponseHandler: Failed appendEntries: org.apache.ratis.thirdparty.io.grpc.StatusRuntimeException: UNAVAILABLE: io exception
2022-10-18 06:31:42,790 [grpc-default-executor-0] INFO  leader.FollowerInfo (FollowerInfoImpl.java:lambda$new$0(48)) - omNode-1@group-523986131536->omNode-3: nextIndex: updateUnconditionally 274 -> 45
2022-10-18 06:31:42,791 [grpc-default-executor-1] WARN  server.GrpcLogAppender (LogUtils.java:warn(122)) - omNode-1@group-523986131536->omNode-3-AppendLogResponseHandler: Failed appendEntries: org.apache.ratis.thirdparty.io.grpc.StatusRuntimeException: UNAVAILABLE: io exception
2022-10-18 06:31:42,791 [grpc-default-executor-1] INFO  leader.FollowerInfo (FollowerInfoImpl.java:lambda$new$0(48)) - omNode-1@group-523986131536->omNode-3: nextIndex: updateUnconditionally 275 -> 45
2022-10-18 06:31:42,795 [grpc-default-executor-0] WARN  server.GrpcLogAppender (LogUtils.java:warn(122)) - omNode-1@group-523986131536->omNode-3-AppendLogResponseHandler: Failed appendEntries: org.apache.ratis.thirdparty.io.grpc.StatusRuntimeException: UNAVAILABLE: io exception
2022-10-18 06:31:42,796 [grpc-default-executor-0] INFO  leader.FollowerInfo (FollowerInfoImpl.java:lambda$new$0(48)) - omNode-1@group-523986131536->omNode-3: nextIndex: updateUnconditionally 275 -> 45
2022-10-18 06:31:42,797 [grpc-default-executor-0] WARN  server.GrpcLogAppender (LogUtils.java:warn(122)) - omNode-1@group-523986131536->omNode-3-AppendLogResponseHandler: Failed appendEntries: org.apache.ratis.thirdparty.io.grpc.StatusRuntimeException: UNAVAILABLE: io exception
2022-10-18 06:31:42,797 [grpc-default-executor-0] INFO  leader.FollowerInfo (FollowerInfoImpl.java:lambda$new$0(48)) - omNode-1@group-523986131536->omNode-3: nextIndex: updateUnconditionally 275 -> 45
2022-10-18 06:31:42,800 [grpc-default-executor-1] WARN  server.GrpcLogAppender (LogUtils.java:warn(122)) - omNode-1@group-523986131536->omNode-3-AppendLogResponseHandler: Failed appendEntries: org.apache.ratis.thirdparty.io.grpc.StatusRuntimeException: UNAVAILABLE: io exception
2022-10-18 06:31:42,800 [grpc-default-executor-1] INFO  leader.FollowerInfo (FollowerInfoImpl.java:lambda$new$0(48)) - omNode-1@group-523986131536->omNode-3: nextIndex: updateUnconditionally 276 -> 45
2022-10-18 06:31:42,803 [grpc-default-executor-0] WARN  server.GrpcLogAppender (LogUtils.java:warn(122)) - omNode-1@group-523986131536->omNode-3-AppendLogResponseHandler: Failed appendEntries: org.apache.ratis.thirdparty.io.grpc.StatusRuntimeException: UNAVAILABLE: io exception
2022-10-18 06:31:42,803 [grpc-default-executor-0] INFO  leader.FollowerInfo (FollowerInfoImpl.java:lambda$new$0(48)) - omNode-1@group-523986131536->omNode-3: nextIndex: updateUnconditionally 276 -> 45
2022-10-18 06:31:42,804 [grpc-default-executor-0] WARN  server.GrpcLogAppender (LogUtils.java:warn(122)) - omNode-1@group-523986131536->omNode-3-AppendLogResponseHandler: Failed appendEntries: org.apache.ratis.thirdparty.io.grpc.StatusRuntimeException: UNAVAILABLE: io exception
2022-10-18 06:31:42,804 [grpc-default-executor-0] INFO  leader.FollowerInfo (FollowerInfoImpl.java:lambda$new$0(48)) - omNode-1@group-523986131536->omNode-3: nextIndex: updateUnconditionally 277 -> 45
2022-10-18 06:31:42,806 [grpc-default-executor-0] WARN  server.GrpcLogAppender (LogUtils.java:warn(122)) - omNode-1@group-523986131536->omNode-3-AppendLogResponseHandler: Failed appendEntries: org.apache.ratis.thirdparty.io.grpc.StatusRuntimeException: UNAVAILABLE: io exception
2022-10-18 06:31:42,806 [grpc-default-executor-0] INFO  leader.FollowerInfo (FollowerInfoImpl.java:lambda$new$0(48)) - omNode-1@group-523986131536->omNode-3: nextIndex: updateUnconditionally 278 -> 45
2022-10-18 06:31:42,807 [grpc-default-executor-0] WARN  server.GrpcLogAppender (LogUtils.java:warn(122)) - omNode-1@group-523986131536->omNode-3-AppendLogResponseHandler: Failed appendEntries: org.apache.ratis.thirdparty.io.grpc.StatusRuntimeException: UNAVAILABLE: io exception
2022-10-18 06:31:42,807 [grpc-default-executor-0] INFO  leader.FollowerInfo (FollowerInfoImpl.java:lambda$new$0(48)) - omNode-1@group-523986131536->omNode-3: nextIndex: updateUnconditionally 278 -> 45
2022-10-18 06:31:42,814 [grpc-default-executor-0] WARN  server.GrpcLogAppender (LogUtils.java:warn(122)) - omNode-1@group-523986131536->omNode-3-AppendLogResponseHandler: Failed appendEntries: org.apache.ratis.thirdparty.io.grpc.StatusRuntimeException: UNAVAILABLE: io exception
2022-10-18 06:31:42,814 [grpc-default-executor-0] INFO  leader.FollowerInfo (FollowerInfoImpl.java:lambda$new$0(48)) - omNode-1@group-523986131536->omNode-3: nextIndex: updateUnconditionally 279 -> 45
2022-10-18 06:31:42,821 [grpc-default-executor-1] WARN  server.GrpcLogAppender (LogUtils.java:warn(122)) - omNode-1@group-523986131536->omNode-3-AppendLogResponseHandler: Failed appendEntries: org.apache.ratis.thirdparty.io.grpc.StatusRuntimeException: UNAVAILABLE: io exception
2022-10-18 06:31:42,821 [grpc-default-executor-1] INFO  leader.FollowerInfo (FollowerInfoImpl.java:lambda$new$0(48)) - omNode-1@group-523986131536->omNode-3: nextIndex: updateUnconditionally 279 -> 45
2022-10-18 06:31:42,822 [grpc-default-executor-1] WARN  server.GrpcLogAppender (LogUtils.java:warn(122)) - omNode-1@group-523986131536->omNode-3-AppendLogResponseHandler: Failed appendEntries: org.apache.ratis.thirdparty.io.grpc.StatusRuntimeException: UNAVAILABLE: io exception
2022-10-18 06:31:42,822 [grpc-default-executor-1] INFO  leader.FollowerInfo (FollowerInfoImpl.java:lambda$new$0(48)) - omNode-1@group-523986131536->omNode-3: nextIndex: updateUnconditionally 279 -> 45
2022-10-18 06:31:42,824 [grpc-default-executor-0] WARN  server.GrpcLogAppender (LogUtils.java:warn(122)) - omNode-1@group-523986131536->omNode-3-AppendLogResponseHandler: Failed appendEntries: org.apache.ratis.thirdparty.io.grpc.StatusRuntimeException: UNAVAILABLE: io exception
2022-10-18 06:31:42,824 [grpc-default-executor-0] INFO  leader.FollowerInfo (FollowerInfoImpl.java:lambda$new$0(48)) - omNode-1@group-523986131536->omNode-3: nextIndex: updateUnconditionally 280 -> 45
2022-10-18 06:31:42,827 [grpc-default-executor-0] WARN  server.GrpcLogAppender (LogUtils.java:warn(122)) - omNode-1@group-523986131536->omNode-3-AppendLogResponseHandler: Failed appendEntries: org.apache.ratis.thirdparty.io.grpc.StatusRuntimeException: UNAVAILABLE: io exception
2022-10-18 06:31:42,827 [grpc-default-executor-0] INFO  leader.FollowerInfo (FollowerInfoImpl.java:lambda$new$0(48)) - omNode-1@group-523986131536->omNode-3: nextIndex: updateUnconditionally 280 -> 45
2022-10-18 06:31:42,829 [grpc-default-executor-1] WARN  server.GrpcLogAppender (LogUtils.java:warn(122)) - omNode-1@group-523986131536->omNode-3-AppendLogResponseHandler: Failed appendEntries: org.apache.ratis.thirdparty.io.grpc.StatusRuntimeException: UNAVAILABLE: io exception
2022-10-18 06:31:42,829 [grpc-default-executor-1] INFO  leader.FollowerInfo (FollowerInfoImpl.java:lambda$new$0(48)) - omNode-1@group-523986131536->omNode-3: nextIndex: updateUnconditionally 281 -> 45
2022-10-18 06:31:42,835 [grpc-default-executor-0] WARN  server.GrpcLogAppender (LogUtils.java:warn(122)) - omNode-1@group-523986131536->omNode-3-AppendLogResponseHandler: Failed appendEntries: org.apache.ratis.thirdparty.io.grpc.StatusRuntimeException: UNAVAILABLE: io exception
2022-10-18 06:31:42,835 [grpc-default-executor-0] INFO  leader.FollowerInfo (FollowerInfoImpl.java:lambda$new$0(48)) - omNode-1@group-523986131536->omNode-3: nextIndex: updateUnconditionally 282 -> 45
2022-10-18 06:31:42,838 [grpc-default-executor-0] WARN  server.GrpcLogAppender (LogUtils.java:warn(122)) - omNode-1@group-523986131536->omNode-3-AppendLogResponseHandler: Failed appendEntries: org.apache.ratis.thirdparty.io.grpc.StatusRuntimeException: UNAVAILABLE: io exception
2022-10-18 06:31:42,838 [grpc-default-executor-0] INFO  leader.FollowerInfo (FollowerInfoImpl.java:lambda$new$0(48)) - omNode-1@group-523986131536->omNode-3: nextIndex: updateUnconditionally 282 -> 45
2022-10-18 06:31:42,842 [grpc-default-executor-0] WARN  server.GrpcLogAppender (LogUtils.java:warn(122)) - omNode-1@group-523986131536->omNode-3-AppendLogResponseHandler: Failed appendEntries: org.apache.ratis.thirdparty.io.grpc.StatusRuntimeException: UNAVAILABLE: io exception
2022-10-18 06:31:42,842 [grpc-default-executor-0] INFO  leader.FollowerInfo (FollowerInfoImpl.java:lambda$new$0(48)) - omNode-1@group-523986131536->omNode-3: nextIndex: updateUnconditionally 283 -> 45
2022-10-18 06:31:42,847 [grpc-default-executor-1] WARN  server.GrpcLogAppender (LogUtils.java:warn(122)) - omNode-1@group-523986131536->omNode-3-AppendLogResponseHandler: Failed appendEntries: org.apache.ratis.thirdparty.io.grpc.StatusRuntimeException: UNAVAILABLE: io exception
2022-10-18 06:31:42,847 [grpc-default-executor-1] INFO  leader.FollowerInfo (FollowerInfoImpl.java:lambda$new$0(48)) - omNode-1@group-523986131536->omNode-3: nextIndex: updateUnconditionally 283 -> 45
2022-10-18 06:31:42,850 [grpc-default-executor-0] WARN  server.GrpcLogAppender (LogUtils.java:warn(122)) - omNode-1@group-523986131536->omNode-3-AppendLogResponseHandler: Failed appendEntries: org.apache.ratis.thirdparty.io.grpc.StatusRuntimeException: UNAVAILABLE: io exception
2022-10-18 06:31:42,850 [grpc-default-executor-0] INFO  leader.FollowerInfo (FollowerInfoImpl.java:lambda$new$0(48)) - omNode-1@group-523986131536->omNode-3: nextIndex: updateUnconditionally 284 -> 45
2022-10-18 06:31:42,855 [grpc-default-executor-0] WARN  server.GrpcLogAppender (LogUtils.java:warn(122)) - omNode-1@group-523986131536->omNode-3-AppendLogResponseHandler: Failed appendEntries: org.apache.ratis.thirdparty.io.grpc.StatusRuntimeException: UNAVAILABLE: io exception
2022-10-18 06:31:42,855 [grpc-default-executor-0] INFO  leader.FollowerInfo (FollowerInfoImpl.java:lambda$new$0(48)) - omNode-1@group-523986131536->omNode-3: nextIndex: updateUnconditionally 284 -> 45
2022-10-18 06:31:42,858 [grpc-default-executor-1] WARN  server.GrpcLogAppender (LogUtils.java:warn(122)) - omNode-1@group-523986131536->omNode-3-AppendLogResponseHandler: Failed appendEntries: org.apache.ratis.thirdparty.io.grpc.StatusRuntimeException: UNAVAILABLE: io exception
2022-10-18 06:31:42,859 [grpc-default-executor-1] INFO  leader.FollowerInfo (FollowerInfoImpl.java:lambda$new$0(48)) - omNode-1@group-523986131536->omNode-3: nextIndex: updateUnconditionally 286 -> 45
2022-10-18 06:31:42,864 [grpc-default-executor-0] WARN  server.GrpcLogAppender (LogUtils.java:warn(122)) - omNode-1@group-523986131536->omNode-3-AppendLogResponseHandler: Failed appendEntries: org.apache.ratis.thirdparty.io.grpc.StatusRuntimeException: UNAVAILABLE: io exception
2022-10-18 06:31:42,865 [grpc-default-executor-0] INFO  leader.FollowerInfo (FollowerInfoImpl.java:lambda$new$0(48)) - omNode-1@group-523986131536->omNode-3: nextIndex: updateUnconditionally 286 -> 45
2022-10-18 06:31:42,865 [grpc-default-executor-1] WARN  server.GrpcLogAppender (LogUtils.java:warn(122)) - omNode-1@group-523986131536->omNode-3-AppendLogResponseHandler: Failed appendEntries: org.apache.ratis.thirdparty.io.grpc.StatusRuntimeException: UNAVAILABLE: io exception
2022-10-18 06:31:42,865 [grpc-default-executor-1] INFO  leader.FollowerInfo (FollowerInfoImpl.java:lambda$new$0(48)) - omNode-1@group-523986131536->omNode-3: nextIndex: updateUnconditionally 286 -> 45
2022-10-18 06:31:42,869 [grpc-default-executor-1] WARN  server.GrpcLogAppender (LogUtils.java:warn(122)) - omNode-1@group-523986131536->omNode-3-AppendLogResponseHandler: Failed appendEntries: org.apache.ratis.thirdparty.io.grpc.StatusRuntimeException: UNAVAILABLE: io exception
2022-10-18 06:31:42,869 [grpc-default-executor-1] INFO  leader.FollowerInfo (FollowerInfoImpl.java:lambda$new$0(48)) - omNode-1@group-523986131536->omNode-3: nextIndex: updateUnconditionally 287 -> 45
2022-10-18 06:31:42,876 [grpc-default-executor-0] WARN  server.GrpcLogAppender (LogUtils.java:warn(122)) - omNode-1@group-523986131536->omNode-3-AppendLogResponseHandler: Failed appendEntries: org.apache.ratis.thirdparty.io.grpc.StatusRuntimeException: UNAVAILABLE: io exception
2022-10-18 06:31:42,876 [grpc-default-executor-0] INFO  leader.FollowerInfo (FollowerInfoImpl.java:lambda$new$0(48)) - omNode-1@group-523986131536->omNode-3: nextIndex: updateUnconditionally 287 -> 45
2022-10-18 06:31:42,878 [grpc-default-executor-1] WARN  server.GrpcLogAppender (LogUtils.java:warn(122)) - omNode-1@group-523986131536->omNode-3-AppendLogResponseHandler: Failed appendEntries: org.apache.ratis.thirdparty.io.grpc.StatusRuntimeException: UNAVAILABLE: io exception
2022-10-18 06:31:42,878 [grpc-default-executor-1] INFO  leader.FollowerInfo (FollowerInfoImpl.java:lambda$new$0(48)) - omNode-1@group-523986131536->omNode-3: nextIndex: updateUnconditionally 287 -> 45
2022-10-18 06:31:42,879 [grpc-default-executor-3] WARN  server.GrpcLogAppender (LogUtils.java:warn(122)) - omNode-1@group-523986131536->omNode-3-AppendLogResponseHandler: Failed appendEntries: org.apache.ratis.thirdparty.io.grpc.StatusRuntimeException: UNAVAILABLE: io exception
2022-10-18 06:31:42,880 [grpc-default-executor-3] INFO  leader.FollowerInfo (FollowerInfoImpl.java:lambda$new$0(48)) - omNode-1@group-523986131536->omNode-3: nextIndex: updateUnconditionally 288 -> 45
2022-10-18 06:31:42,888 [grpc-default-executor-1] WARN  server.GrpcLogAppender (LogUtils.java:warn(122)) - omNode-1@group-523986131536->omNode-3-AppendLogResponseHandler: Failed appendEntries: org.apache.ratis.thirdparty.io.grpc.StatusRuntimeException: UNAVAILABLE: io exception
2022-10-18 06:31:42,888 [grpc-default-executor-1] INFO  leader.FollowerInfo (FollowerInfoImpl.java:lambda$new$0(48)) - omNode-1@group-523986131536->omNode-3: nextIndex: updateUnconditionally 288 -> 45
2022-10-18 06:31:42,891 [grpc-default-executor-1] WARN  server.GrpcLogAppender (LogUtils.java:warn(122)) - omNode-1@group-523986131536->omNode-3-AppendLogResponseHandler: Failed appendEntries: org.apache.ratis.thirdparty.io.grpc.StatusRuntimeException: UNAVAILABLE: io exception
2022-10-18 06:31:42,892 [grpc-default-executor-1] INFO  leader.FollowerInfo (FollowerInfoImpl.java:lambda$new$0(48)) - omNode-1@group-523986131536->omNode-3: nextIndex: updateUnconditionally 290 -> 45
2022-10-18 06:31:42,894 [grpc-default-executor-1] WARN  server.GrpcLogAppender (LogUtils.java:warn(122)) - omNode-1@group-523986131536->omNode-3-AppendLogResponseHandler: Failed appendEntries: org.apache.ratis.thirdparty.io.grpc.StatusRuntimeException: UNAVAILABLE: io exception
2022-10-18 06:31:42,894 [grpc-default-executor-1] INFO  leader.FollowerInfo (FollowerInfoImpl.java:lambda$new$0(48)) - omNode-1@group-523986131536->omNode-3: nextIndex: updateUnconditionally 291 -> 45
2022-10-18 06:31:42,904 [grpc-default-executor-1] WARN  server.GrpcLogAppender (LogUtils.java:warn(122)) - omNode-1@group-523986131536->omNode-3-AppendLogResponseHandler: Failed appendEntries: org.apache.ratis.thirdparty.io.grpc.StatusRuntimeException: UNAVAILABLE: io exception
2022-10-18 06:31:42,904 [grpc-default-executor-1] INFO  leader.FollowerInfo (FollowerInfoImpl.java:lambda$new$0(48)) - omNode-1@group-523986131536->omNode-3: nextIndex: updateUnconditionally 291 -> 45
2022-10-18 06:31:42,907 [grpc-default-executor-3] WARN  server.GrpcLogAppender (LogUtils.java:warn(122)) - omNode-1@group-523986131536->omNode-3-AppendLogResponseHandler: Failed appendEntries: org.apache.ratis.thirdparty.io.grpc.StatusRuntimeException: UNAVAILABLE: io exception
2022-10-18 06:31:42,907 [grpc-default-executor-3] INFO  leader.FollowerInfo (FollowerInfoImpl.java:lambda$new$0(48)) - omNode-1@group-523986131536->omNode-3: nextIndex: updateUnconditionally 292 -> 45
2022-10-18 06:31:42,908 [grpc-default-executor-3] WARN  server.GrpcLogAppender (LogUtils.java:warn(122)) - omNode-1@group-523986131536->omNode-3-AppendLogResponseHandler: Failed appendEntries: org.apache.ratis.thirdparty.io.grpc.StatusRuntimeException: UNAVAILABLE: io exception
2022-10-18 06:31:42,908 [grpc-default-executor-3] INFO  leader.FollowerInfo (FollowerInfoImpl.java:lambda$new$0(48)) - omNode-1@group-523986131536->omNode-3: nextIndex: updateUnconditionally 292 -> 45
2022-10-18 06:31:42,915 [grpc-default-executor-1] WARN  server.GrpcLogAppender (LogUtils.java:warn(122)) - omNode-1@group-523986131536->omNode-3-AppendLogResponseHandler: Failed appendEntries: org.apache.ratis.thirdparty.io.grpc.StatusRuntimeException: UNAVAILABLE: io exception
2022-10-18 06:31:42,915 [grpc-default-executor-1] INFO  leader.FollowerInfo (FollowerInfoImpl.java:lambda$new$0(48)) - omNode-1@group-523986131536->omNode-3: nextIndex: updateUnconditionally 293 -> 45
2022-10-18 06:31:42,917 [grpc-default-executor-3] WARN  server.GrpcLogAppender (LogUtils.java:warn(122)) - omNode-1@group-523986131536->omNode-3-AppendLogResponseHandler: Failed appendEntries: org.apache.ratis.thirdparty.io.grpc.StatusRuntimeException: UNAVAILABLE: io exception
2022-10-18 06:31:42,917 [grpc-default-executor-3] INFO  leader.FollowerInfo (FollowerInfoImpl.java:lambda$new$0(48)) - omNode-1@group-523986131536->omNode-3: nextIndex: updateUnconditionally 294 -> 45
2022-10-18 06:31:42,920 [grpc-default-executor-3] WARN  server.GrpcLogAppender (LogUtils.java:warn(122)) - omNode-1@group-523986131536->omNode-3-AppendLogResponseHandler: Failed appendEntries: org.apache.ratis.thirdparty.io.grpc.StatusRuntimeException: UNAVAILABLE: io exception
2022-10-18 06:31:42,920 [grpc-default-executor-3] INFO  leader.FollowerInfo (FollowerInfoImpl.java:lambda$new$0(48)) - omNode-1@group-523986131536->omNode-3: nextIndex: updateUnconditionally 295 -> 45
2022-10-18 06:31:42,930 [grpc-default-executor-1] WARN  server.GrpcLogAppender (LogUtils.java:warn(122)) - omNode-1@group-523986131536->omNode-3-AppendLogResponseHandler: Failed appendEntries: org.apache.ratis.thirdparty.io.grpc.StatusRuntimeException: UNAVAILABLE: io exception
2022-10-18 06:31:42,931 [grpc-default-executor-1] INFO  leader.FollowerInfo (FollowerInfoImpl.java:lambda$new$0(48)) - omNode-1@group-523986131536->omNode-3: nextIndex: updateUnconditionally 295 -> 45
2022-10-18 06:31:42,931 [grpc-default-executor-0] WARN  server.GrpcLogAppender (LogUtils.java:warn(122)) - omNode-1@group-523986131536->omNode-3-AppendLogResponseHandler: Failed appendEntries: org.apache.ratis.thirdparty.io.grpc.StatusRuntimeException: UNAVAILABLE: io exception
2022-10-18 06:31:42,931 [grpc-default-executor-0] INFO  leader.FollowerInfo (FollowerInfoImpl.java:lambda$new$0(48)) - omNode-1@group-523986131536->omNode-3: nextIndex: updateUnconditionally 295 -> 45
2022-10-18 06:31:42,935 [grpc-default-executor-0] WARN  server.GrpcLogAppender (LogUtils.java:warn(122)) - omNode-1@group-523986131536->omNode-3-AppendLogResponseHandler: Failed appendEntries: org.apache.ratis.thirdparty.io.grpc.StatusRuntimeException: UNAVAILABLE: io exception
2022-10-18 06:31:42,936 [grpc-default-executor-0] INFO  leader.FollowerInfo (FollowerInfoImpl.java:lambda$new$0(48)) - omNode-1@group-523986131536->omNode-3: nextIndex: updateUnconditionally 296 -> 45
2022-10-18 06:31:42,939 [grpc-default-executor-3] WARN  server.GrpcLogAppender (LogUtils.java:warn(122)) - omNode-1@group-523986131536->omNode-3-AppendLogResponseHandler: Failed appendEntries: org.apache.ratis.thirdparty.io.grpc.StatusRuntimeException: UNAVAILABLE: io exception
2022-10-18 06:31:42,939 [grpc-default-executor-3] INFO  leader.FollowerInfo (FollowerInfoImpl.java:lambda$new$0(48)) - omNode-1@group-523986131536->omNode-3: nextIndex: updateUnconditionally 296 -> 45
2022-10-18 06:31:42,941 [grpc-default-executor-0] WARN  server.GrpcLogAppender (LogUtils.java:warn(122)) - omNode-1@group-523986131536->omNode-3-AppendLogResponseHandler: Failed appendEntries: org.apache.ratis.thirdparty.io.grpc.StatusRuntimeException: UNAVAILABLE: io exception
2022-10-18 06:31:42,941 [grpc-default-executor-0] INFO  leader.FollowerInfo (FollowerInfoImpl.java:lambda$new$0(48)) - omNode-1@group-523986131536->omNode-3: nextIndex: updateUnconditionally 297 -> 45
2022-10-18 06:31:42,942 [grpc-default-executor-3] WARN  server.GrpcLogAppender (LogUtils.java:warn(122)) - omNode-1@group-523986131536->omNode-3-AppendLogResponseHandler: Failed appendEntries: org.apache.ratis.thirdparty.io.grpc.StatusRuntimeException: UNAVAILABLE: io exception
2022-10-18 06:31:42,942 [grpc-default-executor-3] INFO  leader.FollowerInfo (FollowerInfoImpl.java:lambda$new$0(48)) - omNode-1@group-523986131536->omNode-3: nextIndex: updateUnconditionally 298 -> 45
2022-10-18 06:31:42,946 [grpc-default-executor-0] WARN  server.GrpcLogAppender (LogUtils.java:warn(122)) - omNode-1@group-523986131536->omNode-3-AppendLogResponseHandler: Failed appendEntries: org.apache.ratis.thirdparty.io.grpc.StatusRuntimeException: UNAVAILABLE: io exception
2022-10-18 06:31:42,946 [grpc-default-executor-0] INFO  leader.FollowerInfo (FollowerInfoImpl.java:lambda$new$0(48)) - omNode-1@group-523986131536->omNode-3: nextIndex: updateUnconditionally 298 -> 45
2022-10-18 06:31:42,951 [grpc-default-executor-0] WARN  server.GrpcLogAppender (LogUtils.java:warn(122)) - omNode-1@group-523986131536->omNode-3-AppendLogResponseHandler: Failed appendEntries: org.apache.ratis.thirdparty.io.grpc.StatusRuntimeException: UNAVAILABLE: io exception
2022-10-18 06:31:42,951 [grpc-default-executor-0] INFO  leader.FollowerInfo (FollowerInfoImpl.java:lambda$new$0(48)) - omNode-1@group-523986131536->omNode-3: nextIndex: updateUnconditionally 299 -> 45
2022-10-18 06:31:42,957 [grpc-default-executor-3] WARN  server.GrpcLogAppender (LogUtils.java:warn(122)) - omNode-1@group-523986131536->omNode-3-AppendLogResponseHandler: Failed appendEntries: org.apache.ratis.thirdparty.io.grpc.StatusRuntimeException: UNAVAILABLE: io exception
2022-10-18 06:31:42,958 [grpc-default-executor-3] INFO  leader.FollowerInfo (FollowerInfoImpl.java:lambda$new$0(48)) - omNode-1@group-523986131536->omNode-3: nextIndex: updateUnconditionally 299 -> 45
2022-10-18 06:31:42,959 [grpc-default-executor-0] WARN  server.GrpcLogAppender (LogUtils.java:warn(122)) - omNode-1@group-523986131536->omNode-3-AppendLogResponseHandler: Failed appendEntries: org.apache.ratis.thirdparty.io.grpc.StatusRuntimeException: UNAVAILABLE: io exception
2022-10-18 06:31:42,959 [grpc-default-executor-0] INFO  leader.FollowerInfo (FollowerInfoImpl.java:lambda$new$0(48)) - omNode-1@group-523986131536->omNode-3: nextIndex: updateUnconditionally 299 -> 45
2022-10-18 06:31:42,963 [grpc-default-executor-0] WARN  server.GrpcLogAppender (LogUtils.java:warn(122)) - omNode-1@group-523986131536->omNode-3-AppendLogResponseHandler: Failed appendEntries: org.apache.ratis.thirdparty.io.grpc.StatusRuntimeException: UNAVAILABLE: io exception
2022-10-18 06:31:42,963 [grpc-default-executor-0] INFO  leader.FollowerInfo (FollowerInfoImpl.java:lambda$new$0(48)) - omNode-1@group-523986131536->omNode-3: nextIndex: updateUnconditionally 300 -> 45
2022-10-18 06:31:42,966 [grpc-default-executor-0] WARN  server.GrpcLogAppender (LogUtils.java:warn(122)) - omNode-1@group-523986131536->omNode-3-AppendLogResponseHandler: Failed appendEntries: org.apache.ratis.thirdparty.io.grpc.StatusRuntimeException: UNAVAILABLE: io exception
2022-10-18 06:31:42,966 [grpc-default-executor-0] INFO  leader.FollowerInfo (FollowerInfoImpl.java:lambda$new$0(48)) - omNode-1@group-523986131536->omNode-3: nextIndex: updateUnconditionally 302 -> 45
2022-10-18 06:31:42,967 [omNode-1@group-523986131536-StateMachineUpdater] INFO  ratis.OzoneManagerStateMachine (OzoneManagerStateMachine.java:takeSnapshot(441)) - Current Snapshot Index (t:1, i:300)
2022-10-18 06:31:42,967 [omNode-1@group-523986131536-StateMachineUpdater] INFO  impl.StateMachineUpdater (StateMachineUpdater.java:takeSnapshot(287)) - omNode-1@group-523986131536-StateMachineUpdater: Took a snapshot at index 300
2022-10-18 06:31:42,967 [omNode-1@group-523986131536-StateMachineUpdater] INFO  impl.StateMachineUpdater (StateMachineUpdater.java:lambda$new$0(92)) - omNode-1@group-523986131536-StateMachineUpdater: snapshotIndex: updateIncreasingly 250 -> 300
2022-10-18 06:31:42,967 [omNode-1@group-523986131536-StateMachineUpdater] INFO  raftlog.RaftLog (RaftLogBase.java:purge(308)) - omNode-1@group-523986131536-SegmentedRaftLog: purge 300
2022-10-18 06:31:42,967 [omNode-1@group-523986131536-StateMachineUpdater] INFO  raftlog.RaftLog (RaftLogBase.java:lambda$new$0(53)) - omNode-1@group-523986131536-SegmentedRaftLog: snapshotIndex: updateIncreasingly 250 -> 300
2022-10-18 06:31:42,967 [omNode-1@group-523986131536-StateMachineUpdater] INFO  raftlog.RaftLog (RaftLogBase.java:lambda$new$0(53)) - omNode-1@group-523986131536-SegmentedRaftLog: purgeIndex: updateToMax old=250, new=300, updated? true
2022-10-18 06:31:42,968 [grpc-default-executor-3] WARN  server.GrpcLogAppender (LogUtils.java:warn(122)) - omNode-1@group-523986131536->omNode-3-AppendLogResponseHandler: Failed appendEntries: org.apache.ratis.thirdparty.io.grpc.StatusRuntimeException: UNAVAILABLE: io exception
2022-10-18 06:31:42,968 [grpc-default-executor-3] INFO  leader.FollowerInfo (FollowerInfoImpl.java:lambda$new$0(48)) - omNode-1@group-523986131536->omNode-3: nextIndex: updateUnconditionally 302 -> 45
2022-10-18 06:31:42,969 [grpc-default-executor-0] WARN  server.GrpcLogAppender (LogUtils.java:warn(122)) - omNode-1@group-523986131536->omNode-3-AppendLogResponseHandler: Failed appendEntries: org.apache.ratis.thirdparty.io.grpc.StatusRuntimeException: UNAVAILABLE: io exception
2022-10-18 06:31:42,969 [grpc-default-executor-0] INFO  leader.FollowerInfo (FollowerInfoImpl.java:lambda$new$0(48)) - omNode-1@group-523986131536->omNode-3: nextIndex: updateUnconditionally 303 -> 45
2022-10-18 06:31:42,979 [grpc-default-executor-3] WARN  server.GrpcLogAppender (LogUtils.java:warn(122)) - omNode-1@group-523986131536->omNode-3-AppendLogResponseHandler: Failed appendEntries: org.apache.ratis.thirdparty.io.grpc.StatusRuntimeException: UNAVAILABLE: io exception
2022-10-18 06:31:42,980 [grpc-default-executor-3] INFO  leader.FollowerInfo (FollowerInfoImpl.java:lambda$new$0(48)) - omNode-1@group-523986131536->omNode-3: nextIndex: updateUnconditionally 303 -> 45
2022-10-18 06:31:42,982 [grpc-default-executor-0] WARN  server.GrpcLogAppender (LogUtils.java:warn(122)) - omNode-1@group-523986131536->omNode-3-AppendLogResponseHandler: Failed appendEntries: org.apache.ratis.thirdparty.io.grpc.StatusRuntimeException: UNAVAILABLE: io exception
2022-10-18 06:31:42,982 [grpc-default-executor-0] INFO  leader.FollowerInfo (FollowerInfoImpl.java:lambda$new$0(48)) - omNode-1@group-523986131536->omNode-3: nextIndex: updateUnconditionally 304 -> 45
2022-10-18 06:31:42,986 [grpc-default-executor-3] WARN  server.GrpcLogAppender (LogUtils.java:warn(122)) - omNode-1@group-523986131536->omNode-3-AppendLogResponseHandler: Failed appendEntries: org.apache.ratis.thirdparty.io.grpc.StatusRuntimeException: UNAVAILABLE: io exception
2022-10-18 06:31:42,986 [grpc-default-executor-3] INFO  leader.FollowerInfo (FollowerInfoImpl.java:lambda$new$0(48)) - omNode-1@group-523986131536->omNode-3: nextIndex: updateUnconditionally 304 -> 45
2022-10-18 06:31:42,990 [grpc-default-executor-3] WARN  server.GrpcLogAppender (LogUtils.java:warn(122)) - omNode-1@group-523986131536->omNode-3-AppendLogResponseHandler: Failed appendEntries: org.apache.ratis.thirdparty.io.grpc.StatusRuntimeException: UNAVAILABLE: io exception
2022-10-18 06:31:42,990 [grpc-default-executor-3] INFO  leader.FollowerInfo (FollowerInfoImpl.java:lambda$new$0(48)) - omNode-1@group-523986131536->omNode-3: nextIndex: updateUnconditionally 306 -> 45
2022-10-18 06:31:42,992 [grpc-default-executor-3] WARN  server.GrpcLogAppender (LogUtils.java:warn(122)) - omNode-1@group-523986131536->omNode-3-AppendLogResponseHandler: Failed appendEntries: org.apache.ratis.thirdparty.io.grpc.StatusRuntimeException: UNAVAILABLE: io exception
2022-10-18 06:31:42,992 [grpc-default-executor-3] INFO  leader.FollowerInfo (FollowerInfoImpl.java:lambda$new$0(48)) - omNode-1@group-523986131536->omNode-3: nextIndex: updateUnconditionally 306 -> 45
2022-10-18 06:31:42,996 [grpc-default-executor-3] WARN  server.GrpcLogAppender (LogUtils.java:warn(122)) - omNode-1@group-523986131536->omNode-3-AppendLogResponseHandler: Failed appendEntries: org.apache.ratis.thirdparty.io.grpc.StatusRuntimeException: UNAVAILABLE: io exception
2022-10-18 06:31:42,997 [grpc-default-executor-3] INFO  leader.FollowerInfo (FollowerInfoImpl.java:lambda$new$0(48)) - omNode-1@group-523986131536->omNode-3: nextIndex: updateUnconditionally 307 -> 45
2022-10-18 06:31:43,007 [grpc-default-executor-0] WARN  server.GrpcLogAppender (LogUtils.java:warn(122)) - omNode-1@group-523986131536->omNode-3-AppendLogResponseHandler: Failed appendEntries: org.apache.ratis.thirdparty.io.grpc.StatusRuntimeException: UNAVAILABLE: io exception
2022-10-18 06:31:43,007 [grpc-default-executor-0] INFO  leader.FollowerInfo (FollowerInfoImpl.java:lambda$new$0(48)) - omNode-1@group-523986131536->omNode-3: nextIndex: updateUnconditionally 307 -> 45
2022-10-18 06:31:43,011 [grpc-default-executor-3] WARN  server.GrpcLogAppender (LogUtils.java:warn(122)) - omNode-1@group-523986131536->omNode-3-AppendLogResponseHandler: Failed appendEntries: org.apache.ratis.thirdparty.io.grpc.StatusRuntimeException: UNAVAILABLE: io exception
2022-10-18 06:31:43,011 [grpc-default-executor-3] INFO  leader.FollowerInfo (FollowerInfoImpl.java:lambda$new$0(48)) - omNode-1@group-523986131536->omNode-3: nextIndex: updateUnconditionally 308 -> 45
2022-10-18 06:31:43,012 [omNode-2@group-523986131536-StateMachineUpdater] INFO  ratis.OzoneManagerStateMachine (OzoneManagerStateMachine.java:takeSnapshot(441)) - Current Snapshot Index (t:1, i:306)
2022-10-18 06:31:43,012 [omNode-2@group-523986131536-StateMachineUpdater] INFO  impl.StateMachineUpdater (StateMachineUpdater.java:takeSnapshot(287)) - omNode-2@group-523986131536-StateMachineUpdater: Took a snapshot at index 306
2022-10-18 06:31:43,012 [omNode-2@group-523986131536-StateMachineUpdater] INFO  impl.StateMachineUpdater (StateMachineUpdater.java:lambda$new$0(92)) - omNode-2@group-523986131536-StateMachineUpdater: snapshotIndex: updateIncreasingly 256 -> 306
2022-10-18 06:31:43,012 [omNode-2@group-523986131536-StateMachineUpdater] INFO  raftlog.RaftLog (RaftLogBase.java:purge(308)) - omNode-2@group-523986131536-SegmentedRaftLog: purge 306
2022-10-18 06:31:43,012 [omNode-2@group-523986131536-StateMachineUpdater] INFO  raftlog.RaftLog (RaftLogBase.java:lambda$new$0(53)) - omNode-2@group-523986131536-SegmentedRaftLog: snapshotIndex: updateIncreasingly 256 -> 306
2022-10-18 06:31:43,012 [omNode-2@group-523986131536-StateMachineUpdater] INFO  raftlog.RaftLog (RaftLogBase.java:lambda$new$0(53)) - omNode-2@group-523986131536-SegmentedRaftLog: purgeIndex: updateToMax old=256, new=306, updated? true
2022-10-18 06:31:43,015 [grpc-default-executor-3] WARN  server.GrpcLogAppender (LogUtils.java:warn(122)) - omNode-1@group-523986131536->omNode-3-AppendLogResponseHandler: Failed appendEntries: org.apache.ratis.thirdparty.io.grpc.StatusRuntimeException: UNAVAILABLE: io exception
2022-10-18 06:31:43,015 [grpc-default-executor-3] INFO  leader.FollowerInfo (FollowerInfoImpl.java:lambda$new$0(48)) - omNode-1@group-523986131536->omNode-3: nextIndex: updateUnconditionally 308 -> 45
2022-10-18 06:31:43,019 [grpc-default-executor-0] WARN  server.GrpcLogAppender (LogUtils.java:warn(122)) - omNode-1@group-523986131536->omNode-3-AppendLogResponseHandler: Failed appendEntries: org.apache.ratis.thirdparty.io.grpc.StatusRuntimeException: UNAVAILABLE: io exception
2022-10-18 06:31:43,019 [grpc-default-executor-0] INFO  leader.FollowerInfo (FollowerInfoImpl.java:lambda$new$0(48)) - omNode-1@group-523986131536->omNode-3: nextIndex: updateUnconditionally 309 -> 45
2022-10-18 06:31:43,021 [grpc-default-executor-0] WARN  server.GrpcLogAppender (LogUtils.java:warn(122)) - omNode-1@group-523986131536->omNode-3-AppendLogResponseHandler: Failed appendEntries: org.apache.ratis.thirdparty.io.grpc.StatusRuntimeException: UNAVAILABLE: io exception
2022-10-18 06:31:43,021 [grpc-default-executor-0] INFO  leader.FollowerInfo (FollowerInfoImpl.java:lambda$new$0(48)) - omNode-1@group-523986131536->omNode-3: nextIndex: updateUnconditionally 310 -> 45
2022-10-18 06:31:43,022 [grpc-default-executor-0] WARN  server.GrpcLogAppender (LogUtils.java:warn(122)) - omNode-1@group-523986131536->omNode-3-AppendLogResponseHandler: Failed appendEntries: org.apache.ratis.thirdparty.io.grpc.StatusRuntimeException: UNAVAILABLE: io exception
2022-10-18 06:31:43,023 [grpc-default-executor-0] INFO  leader.FollowerInfo (FollowerInfoImpl.java:lambda$new$0(48)) - omNode-1@group-523986131536->omNode-3: nextIndex: updateUnconditionally 310 -> 45
2022-10-18 06:31:43,031 [grpc-default-executor-0] WARN  server.GrpcLogAppender (LogUtils.java:warn(122)) - omNode-1@group-523986131536->omNode-3-AppendLogResponseHandler: Failed appendEntries: org.apache.ratis.thirdparty.io.grpc.StatusRuntimeException: UNAVAILABLE: io exception
2022-10-18 06:31:43,031 [grpc-default-executor-0] INFO  leader.FollowerInfo (FollowerInfoImpl.java:lambda$new$0(48)) - omNode-1@group-523986131536->omNode-3: nextIndex: updateUnconditionally 311 -> 45
2022-10-18 06:31:43,034 [grpc-default-executor-3] WARN  server.GrpcLogAppender (LogUtils.java:warn(122)) - omNode-1@group-523986131536->omNode-3-AppendLogResponseHandler: Failed appendEntries: org.apache.ratis.thirdparty.io.grpc.StatusRuntimeException: UNAVAILABLE: io exception
2022-10-18 06:31:43,034 [grpc-default-executor-3] INFO  leader.FollowerInfo (FollowerInfoImpl.java:lambda$new$0(48)) - omNode-1@group-523986131536->omNode-3: nextIndex: updateUnconditionally 312 -> 45
2022-10-18 06:31:43,038 [grpc-default-executor-3] WARN  server.GrpcLogAppender (LogUtils.java:warn(122)) - omNode-1@group-523986131536->omNode-3-AppendLogResponseHandler: Failed appendEntries: org.apache.ratis.thirdparty.io.grpc.StatusRuntimeException: UNAVAILABLE: io exception
2022-10-18 06:31:43,038 [grpc-default-executor-3] INFO  leader.FollowerInfo (FollowerInfoImpl.java:lambda$new$0(48)) - omNode-1@group-523986131536->omNode-3: nextIndex: updateUnconditionally 312 -> 45
2022-10-18 06:31:43,041 [grpc-default-executor-3] WARN  server.GrpcLogAppender (LogUtils.java:warn(122)) - omNode-1@group-523986131536->omNode-3-AppendLogResponseHandler: Failed appendEntries: org.apache.ratis.thirdparty.io.grpc.StatusRuntimeException: UNAVAILABLE: io exception
2022-10-18 06:31:43,041 [grpc-default-executor-3] INFO  leader.FollowerInfo (FollowerInfoImpl.java:lambda$new$0(48)) - omNode-1@group-523986131536->omNode-3: nextIndex: updateUnconditionally 313 -> 45
2022-10-18 06:31:43,043 [grpc-default-executor-3] WARN  server.GrpcLogAppender (LogUtils.java:warn(122)) - omNode-1@group-523986131536->omNode-3-AppendLogResponseHandler: Failed appendEntries: org.apache.ratis.thirdparty.io.grpc.StatusRuntimeException: UNAVAILABLE: io exception
2022-10-18 06:31:43,043 [grpc-default-executor-3] INFO  leader.FollowerInfo (FollowerInfoImpl.java:lambda$new$0(48)) - omNode-1@group-523986131536->omNode-3: nextIndex: updateUnconditionally 314 -> 45
2022-10-18 06:31:43,045 [grpc-default-executor-0] WARN  server.GrpcLogAppender (LogUtils.java:warn(122)) - omNode-1@group-523986131536->omNode-3-AppendLogResponseHandler: Failed appendEntries: org.apache.ratis.thirdparty.io.grpc.StatusRuntimeException: UNAVAILABLE: io exception
2022-10-18 06:31:43,045 [grpc-default-executor-0] INFO  leader.FollowerInfo (FollowerInfoImpl.java:lambda$new$0(48)) - omNode-1@group-523986131536->omNode-3: nextIndex: updateUnconditionally 314 -> 45
2022-10-18 06:31:43,050 [grpc-default-executor-0] WARN  server.GrpcLogAppender (LogUtils.java:warn(122)) - omNode-1@group-523986131536->omNode-3-AppendLogResponseHandler: Failed appendEntries: org.apache.ratis.thirdparty.io.grpc.StatusRuntimeException: UNAVAILABLE: io exception
2022-10-18 06:31:43,050 [grpc-default-executor-0] INFO  leader.FollowerInfo (FollowerInfoImpl.java:lambda$new$0(48)) - omNode-1@group-523986131536->omNode-3: nextIndex: updateUnconditionally 315 -> 45
2022-10-18 06:31:43,063 [grpc-default-executor-3] WARN  server.GrpcLogAppender (LogUtils.java:warn(122)) - omNode-1@group-523986131536->omNode-3-AppendLogResponseHandler: Failed appendEntries: org.apache.ratis.thirdparty.io.grpc.StatusRuntimeException: UNAVAILABLE: io exception
2022-10-18 06:31:43,063 [grpc-default-executor-3] INFO  leader.FollowerInfo (FollowerInfoImpl.java:lambda$new$0(48)) - omNode-1@group-523986131536->omNode-3: nextIndex: updateUnconditionally 315 -> 45
2022-10-18 06:31:43,067 [grpc-default-executor-0] WARN  server.GrpcLogAppender (LogUtils.java:warn(122)) - omNode-1@group-523986131536->omNode-3-AppendLogResponseHandler: Failed appendEntries: org.apache.ratis.thirdparty.io.grpc.StatusRuntimeException: UNAVAILABLE: io exception
2022-10-18 06:31:43,067 [grpc-default-executor-0] INFO  leader.FollowerInfo (FollowerInfoImpl.java:lambda$new$0(48)) - omNode-1@group-523986131536->omNode-3: nextIndex: updateUnconditionally 316 -> 45
2022-10-18 06:31:43,073 [grpc-default-executor-3] WARN  server.GrpcLogAppender (LogUtils.java:warn(122)) - omNode-1@group-523986131536->omNode-3-AppendLogResponseHandler: Failed appendEntries: org.apache.ratis.thirdparty.io.grpc.StatusRuntimeException: UNAVAILABLE: io exception
2022-10-18 06:31:43,074 [grpc-default-executor-3] INFO  leader.FollowerInfo (FollowerInfoImpl.java:lambda$new$0(48)) - omNode-1@group-523986131536->omNode-3: nextIndex: updateUnconditionally 317 -> 45
2022-10-18 06:31:43,077 [grpc-default-executor-3] WARN  server.GrpcLogAppender (LogUtils.java:warn(122)) - omNode-1@group-523986131536->omNode-3-AppendLogResponseHandler: Failed appendEntries: org.apache.ratis.thirdparty.io.grpc.StatusRuntimeException: UNAVAILABLE: io exception
2022-10-18 06:31:43,077 [grpc-default-executor-3] INFO  leader.FollowerInfo (FollowerInfoImpl.java:lambda$new$0(48)) - omNode-1@group-523986131536->omNode-3: nextIndex: updateUnconditionally 319 -> 45
2022-10-18 06:31:43,084 [grpc-default-executor-3] WARN  server.GrpcLogAppender (LogUtils.java:warn(122)) - omNode-1@group-523986131536->omNode-3-AppendLogResponseHandler: Failed appendEntries: org.apache.ratis.thirdparty.io.grpc.StatusRuntimeException: UNAVAILABLE: io exception
2022-10-18 06:31:43,084 [grpc-default-executor-3] INFO  leader.FollowerInfo (FollowerInfoImpl.java:lambda$new$0(48)) - omNode-1@group-523986131536->omNode-3: nextIndex: updateUnconditionally 319 -> 45
2022-10-18 06:31:43,088 [grpc-default-executor-3] WARN  server.GrpcLogAppender (LogUtils.java:warn(122)) - omNode-1@group-523986131536->omNode-3-AppendLogResponseHandler: Failed appendEntries: org.apache.ratis.thirdparty.io.grpc.StatusRuntimeException: UNAVAILABLE: io exception
2022-10-18 06:31:43,088 [grpc-default-executor-3] INFO  leader.FollowerInfo (FollowerInfoImpl.java:lambda$new$0(48)) - omNode-1@group-523986131536->omNode-3: nextIndex: updateUnconditionally 320 -> 45
2022-10-18 06:31:43,092 [grpc-default-executor-3] WARN  server.GrpcLogAppender (LogUtils.java:warn(122)) - omNode-1@group-523986131536->omNode-3-AppendLogResponseHandler: Failed appendEntries: org.apache.ratis.thirdparty.io.grpc.StatusRuntimeException: UNAVAILABLE: io exception
2022-10-18 06:31:43,092 [grpc-default-executor-3] INFO  leader.FollowerInfo (FollowerInfoImpl.java:lambda$new$0(48)) - omNode-1@group-523986131536->omNode-3: nextIndex: updateUnconditionally 320 -> 45
2022-10-18 06:31:43,094 [grpc-default-executor-1] WARN  server.GrpcLogAppender (LogUtils.java:warn(122)) - omNode-1@group-523986131536->omNode-3-AppendLogResponseHandler: Failed appendEntries: org.apache.ratis.thirdparty.io.grpc.StatusRuntimeException: UNAVAILABLE: io exception
2022-10-18 06:31:43,094 [grpc-default-executor-1] INFO  leader.FollowerInfo (FollowerInfoImpl.java:lambda$new$0(48)) - omNode-1@group-523986131536->omNode-3: nextIndex: updateUnconditionally 321 -> 45
2022-10-18 06:31:43,096 [grpc-default-executor-3] WARN  server.GrpcLogAppender (LogUtils.java:warn(122)) - omNode-1@group-523986131536->omNode-3-AppendLogResponseHandler: Failed appendEntries: org.apache.ratis.thirdparty.io.grpc.StatusRuntimeException: UNAVAILABLE: io exception
2022-10-18 06:31:43,096 [grpc-default-executor-3] INFO  leader.FollowerInfo (FollowerInfoImpl.java:lambda$new$0(48)) - omNode-1@group-523986131536->omNode-3: nextIndex: updateUnconditionally 322 -> 45
2022-10-18 06:31:43,103 [grpc-default-executor-3] WARN  server.GrpcLogAppender (LogUtils.java:warn(122)) - omNode-1@group-523986131536->omNode-3-AppendLogResponseHandler: Failed appendEntries: org.apache.ratis.thirdparty.io.grpc.StatusRuntimeException: UNAVAILABLE: io exception
2022-10-18 06:31:43,103 [grpc-default-executor-3] INFO  leader.FollowerInfo (FollowerInfoImpl.java:lambda$new$0(48)) - omNode-1@group-523986131536->omNode-3: nextIndex: updateUnconditionally 322 -> 45
2022-10-18 06:31:43,103 [grpc-default-executor-3] WARN  server.GrpcLogAppender (LogUtils.java:warn(122)) - omNode-1@group-523986131536->omNode-3-AppendLogResponseHandler: Failed appendEntries: org.apache.ratis.thirdparty.io.grpc.StatusRuntimeException: UNAVAILABLE: io exception
2022-10-18 06:31:43,104 [grpc-default-executor-3] INFO  leader.FollowerInfo (FollowerInfoImpl.java:lambda$new$0(48)) - omNode-1@group-523986131536->omNode-3: nextIndex: updateUnconditionally 322 -> 45
2022-10-18 06:31:43,109 [grpc-default-executor-3] WARN  server.GrpcLogAppender (LogUtils.java:warn(122)) - omNode-1@group-523986131536->omNode-3-AppendLogResponseHandler: Failed appendEntries: org.apache.ratis.thirdparty.io.grpc.StatusRuntimeException: UNAVAILABLE: io exception
2022-10-18 06:31:43,109 [grpc-default-executor-3] INFO  leader.FollowerInfo (FollowerInfoImpl.java:lambda$new$0(48)) - omNode-1@group-523986131536->omNode-3: nextIndex: updateUnconditionally 323 -> 45
2022-10-18 06:31:43,121 [grpc-default-executor-3] WARN  server.GrpcLogAppender (LogUtils.java:warn(122)) - omNode-1@group-523986131536->omNode-3-AppendLogResponseHandler: Failed appendEntries: org.apache.ratis.thirdparty.io.grpc.StatusRuntimeException: UNAVAILABLE: io exception
2022-10-18 06:31:43,121 [grpc-default-executor-3] INFO  leader.FollowerInfo (FollowerInfoImpl.java:lambda$new$0(48)) - omNode-1@group-523986131536->omNode-3: nextIndex: updateUnconditionally 323 -> 45
2022-10-18 06:31:43,123 [grpc-default-executor-1] WARN  server.GrpcLogAppender (LogUtils.java:warn(122)) - omNode-1@group-523986131536->omNode-3-AppendLogResponseHandler: Failed appendEntries: org.apache.ratis.thirdparty.io.grpc.StatusRuntimeException: UNAVAILABLE: io exception
2022-10-18 06:31:43,124 [grpc-default-executor-1] INFO  leader.FollowerInfo (FollowerInfoImpl.java:lambda$new$0(48)) - omNode-1@group-523986131536->omNode-3: nextIndex: updateUnconditionally 324 -> 45
2022-10-18 06:31:43,125 [grpc-default-executor-1] WARN  server.GrpcLogAppender (LogUtils.java:warn(122)) - omNode-1@group-523986131536->omNode-3-AppendLogResponseHandler: Failed appendEntries: org.apache.ratis.thirdparty.io.grpc.StatusRuntimeException: UNAVAILABLE: io exception
2022-10-18 06:31:43,125 [grpc-default-executor-1] INFO  leader.FollowerInfo (FollowerInfoImpl.java:lambda$new$0(48)) - omNode-1@group-523986131536->omNode-3: nextIndex: updateUnconditionally 324 -> 45
2022-10-18 06:31:43,127 [grpc-default-executor-3] WARN  server.GrpcLogAppender (LogUtils.java:warn(122)) - omNode-1@group-523986131536->omNode-3-AppendLogResponseHandler: Failed appendEntries: org.apache.ratis.thirdparty.io.grpc.StatusRuntimeException: UNAVAILABLE: io exception
2022-10-18 06:31:43,127 [grpc-default-executor-3] INFO  leader.FollowerInfo (FollowerInfoImpl.java:lambda$new$0(48)) - omNode-1@group-523986131536->omNode-3: nextIndex: updateUnconditionally 325 -> 45
2022-10-18 06:31:43,130 [grpc-default-executor-3] WARN  server.GrpcLogAppender (LogUtils.java:warn(122)) - omNode-1@group-523986131536->omNode-3-AppendLogResponseHandler: Failed appendEntries: org.apache.ratis.thirdparty.io.grpc.StatusRuntimeException: UNAVAILABLE: io exception
2022-10-18 06:31:43,130 [grpc-default-executor-3] INFO  leader.FollowerInfo (FollowerInfoImpl.java:lambda$new$0(48)) - omNode-1@group-523986131536->omNode-3: nextIndex: updateUnconditionally 326 -> 45
2022-10-18 06:31:43,135 [grpc-default-executor-3] WARN  server.GrpcLogAppender (LogUtils.java:warn(122)) - omNode-1@group-523986131536->omNode-3-AppendLogResponseHandler: Failed appendEntries: org.apache.ratis.thirdparty.io.grpc.StatusRuntimeException: UNAVAILABLE: io exception
2022-10-18 06:31:43,135 [grpc-default-executor-3] INFO  leader.FollowerInfo (FollowerInfoImpl.java:lambda$new$0(48)) - omNode-1@group-523986131536->omNode-3: nextIndex: updateUnconditionally 326 -> 45
2022-10-18 06:31:43,141 [grpc-default-executor-3] WARN  server.GrpcLogAppender (LogUtils.java:warn(122)) - omNode-1@group-523986131536->omNode-3-AppendLogResponseHandler: Failed appendEntries: org.apache.ratis.thirdparty.io.grpc.StatusRuntimeException: UNAVAILABLE: io exception
2022-10-18 06:31:43,141 [grpc-default-executor-3] INFO  leader.FollowerInfo (FollowerInfoImpl.java:lambda$new$0(48)) - omNode-1@group-523986131536->omNode-3: nextIndex: updateUnconditionally 327 -> 45
2022-10-18 06:31:43,145 [grpc-default-executor-1] WARN  server.GrpcLogAppender (LogUtils.java:warn(122)) - omNode-1@group-523986131536->omNode-3-AppendLogResponseHandler: Failed appendEntries: org.apache.ratis.thirdparty.io.grpc.StatusRuntimeException: UNAVAILABLE: io exception
2022-10-18 06:31:43,145 [grpc-default-executor-1] INFO  leader.FollowerInfo (FollowerInfoImpl.java:lambda$new$0(48)) - omNode-1@group-523986131536->omNode-3: nextIndex: updateUnconditionally 328 -> 45
2022-10-18 06:31:43,146 [grpc-default-executor-3] WARN  server.GrpcLogAppender (LogUtils.java:warn(122)) - omNode-1@group-523986131536->omNode-3-AppendLogResponseHandler: Failed appendEntries: org.apache.ratis.thirdparty.io.grpc.StatusRuntimeException: UNAVAILABLE: io exception
2022-10-18 06:31:43,147 [grpc-default-executor-3] INFO  leader.FollowerInfo (FollowerInfoImpl.java:lambda$new$0(48)) - omNode-1@group-523986131536->omNode-3: nextIndex: updateUnconditionally 328 -> 45
2022-10-18 06:31:43,149 [grpc-default-executor-1] WARN  server.GrpcLogAppender (LogUtils.java:warn(122)) - omNode-1@group-523986131536->omNode-3-AppendLogResponseHandler: Failed appendEntries: org.apache.ratis.thirdparty.io.grpc.StatusRuntimeException: UNAVAILABLE: io exception
2022-10-18 06:31:43,149 [grpc-default-executor-1] INFO  leader.FollowerInfo (FollowerInfoImpl.java:lambda$new$0(48)) - omNode-1@group-523986131536->omNode-3: nextIndex: updateUnconditionally 329 -> 45
2022-10-18 06:31:43,150 [grpc-default-executor-3] WARN  server.GrpcLogAppender (LogUtils.java:warn(122)) - omNode-1@group-523986131536->omNode-3-AppendLogResponseHandler: Failed appendEntries: org.apache.ratis.thirdparty.io.grpc.StatusRuntimeException: UNAVAILABLE: io exception
2022-10-18 06:31:43,151 [grpc-default-executor-3] INFO  leader.FollowerInfo (FollowerInfoImpl.java:lambda$new$0(48)) - omNode-1@group-523986131536->omNode-3: nextIndex: updateUnconditionally 330 -> 45
2022-10-18 06:31:43,153 [grpc-default-executor-3] WARN  server.GrpcLogAppender (LogUtils.java:warn(122)) - omNode-1@group-523986131536->omNode-3-AppendLogResponseHandler: Failed appendEntries: org.apache.ratis.thirdparty.io.grpc.StatusRuntimeException: UNAVAILABLE: io exception
2022-10-18 06:31:43,153 [grpc-default-executor-3] INFO  leader.FollowerInfo (FollowerInfoImpl.java:lambda$new$0(48)) - omNode-1@group-523986131536->omNode-3: nextIndex: updateUnconditionally 330 -> 45
2022-10-18 06:31:43,158 [grpc-default-executor-3] WARN  server.GrpcLogAppender (LogUtils.java:warn(122)) - omNode-1@group-523986131536->omNode-3-AppendLogResponseHandler: Failed appendEntries: org.apache.ratis.thirdparty.io.grpc.StatusRuntimeException: UNAVAILABLE: io exception
2022-10-18 06:31:43,158 [grpc-default-executor-3] INFO  leader.FollowerInfo (FollowerInfoImpl.java:lambda$new$0(48)) - omNode-1@group-523986131536->omNode-3: nextIndex: updateUnconditionally 331 -> 45
2022-10-18 06:31:43,166 [grpc-default-executor-1] WARN  server.GrpcLogAppender (LogUtils.java:warn(122)) - omNode-1@group-523986131536->omNode-3-AppendLogResponseHandler: Failed appendEntries: org.apache.ratis.thirdparty.io.grpc.StatusRuntimeException: UNAVAILABLE: io exception
2022-10-18 06:31:43,167 [grpc-default-executor-1] INFO  leader.FollowerInfo (FollowerInfoImpl.java:lambda$new$0(48)) - omNode-1@group-523986131536->omNode-3: nextIndex: updateUnconditionally 331 -> 45
2022-10-18 06:31:43,168 [grpc-default-executor-1] WARN  server.GrpcLogAppender (LogUtils.java:warn(122)) - omNode-1@group-523986131536->omNode-3-AppendLogResponseHandler: Failed appendEntries: org.apache.ratis.thirdparty.io.grpc.StatusRuntimeException: UNAVAILABLE: io exception
2022-10-18 06:31:43,168 [grpc-default-executor-1] INFO  leader.FollowerInfo (FollowerInfoImpl.java:lambda$new$0(48)) - omNode-1@group-523986131536->omNode-3: nextIndex: updateUnconditionally 332 -> 45
2022-10-18 06:31:43,172 [grpc-default-executor-1] WARN  server.GrpcLogAppender (LogUtils.java:warn(122)) - omNode-1@group-523986131536->omNode-3-AppendLogResponseHandler: Failed appendEntries: org.apache.ratis.thirdparty.io.grpc.StatusRuntimeException: UNAVAILABLE: io exception
2022-10-18 06:31:43,173 [grpc-default-executor-1] INFO  leader.FollowerInfo (FollowerInfoImpl.java:lambda$new$0(48)) - omNode-1@group-523986131536->omNode-3: nextIndex: updateUnconditionally 332 -> 45
2022-10-18 06:31:43,175 [grpc-default-executor-3] WARN  server.GrpcLogAppender (LogUtils.java:warn(122)) - omNode-1@group-523986131536->omNode-3-AppendLogResponseHandler: Failed appendEntries: org.apache.ratis.thirdparty.io.grpc.StatusRuntimeException: UNAVAILABLE: io exception
2022-10-18 06:31:43,175 [grpc-default-executor-3] INFO  leader.FollowerInfo (FollowerInfoImpl.java:lambda$new$0(48)) - omNode-1@group-523986131536->omNode-3: nextIndex: updateUnconditionally 334 -> 45
2022-10-18 06:31:43,182 [grpc-default-executor-3] WARN  server.GrpcLogAppender (LogUtils.java:warn(122)) - omNode-1@group-523986131536->omNode-3-AppendLogResponseHandler: Failed appendEntries: org.apache.ratis.thirdparty.io.grpc.StatusRuntimeException: UNAVAILABLE: io exception
2022-10-18 06:31:43,182 [grpc-default-executor-3] INFO  leader.FollowerInfo (FollowerInfoImpl.java:lambda$new$0(48)) - omNode-1@group-523986131536->omNode-3: nextIndex: updateUnconditionally 334 -> 45
2022-10-18 06:31:43,188 [grpc-default-executor-3] WARN  server.GrpcLogAppender (LogUtils.java:warn(122)) - omNode-1@group-523986131536->omNode-3-AppendLogResponseHandler: Failed appendEntries: org.apache.ratis.thirdparty.io.grpc.StatusRuntimeException: UNAVAILABLE: io exception
2022-10-18 06:31:43,189 [grpc-default-executor-3] INFO  leader.FollowerInfo (FollowerInfoImpl.java:lambda$new$0(48)) - omNode-1@group-523986131536->omNode-3: nextIndex: updateUnconditionally 335 -> 45
2022-10-18 06:31:43,194 [grpc-default-executor-1] WARN  server.GrpcLogAppender (LogUtils.java:warn(122)) - omNode-1@group-523986131536->omNode-3-AppendLogResponseHandler: Failed appendEntries: org.apache.ratis.thirdparty.io.grpc.StatusRuntimeException: UNAVAILABLE: io exception
2022-10-18 06:31:43,195 [grpc-default-executor-1] INFO  leader.FollowerInfo (FollowerInfoImpl.java:lambda$new$0(48)) - omNode-1@group-523986131536->omNode-3: nextIndex: updateUnconditionally 335 -> 45
2022-10-18 06:31:43,196 [grpc-default-executor-3] WARN  server.GrpcLogAppender (LogUtils.java:warn(122)) - omNode-1@group-523986131536->omNode-3-AppendLogResponseHandler: Failed appendEntries: org.apache.ratis.thirdparty.io.grpc.StatusRuntimeException: UNAVAILABLE: io exception
2022-10-18 06:31:43,196 [grpc-default-executor-3] INFO  leader.FollowerInfo (FollowerInfoImpl.java:lambda$new$0(48)) - omNode-1@group-523986131536->omNode-3: nextIndex: updateUnconditionally 336 -> 45
2022-10-18 06:31:43,202 [grpc-default-executor-1] WARN  server.GrpcLogAppender (LogUtils.java:warn(122)) - omNode-1@group-523986131536->omNode-3-AppendLogResponseHandler: Failed appendEntries: org.apache.ratis.thirdparty.io.grpc.StatusRuntimeException: UNAVAILABLE: io exception
2022-10-18 06:31:43,202 [grpc-default-executor-1] INFO  leader.FollowerInfo (FollowerInfoImpl.java:lambda$new$0(48)) - omNode-1@group-523986131536->omNode-3: nextIndex: updateUnconditionally 337 -> 45
2022-10-18 06:31:43,204 [grpc-default-executor-1] WARN  server.GrpcLogAppender (LogUtils.java:warn(122)) - omNode-1@group-523986131536->omNode-3-AppendLogResponseHandler: Failed appendEntries: org.apache.ratis.thirdparty.io.grpc.StatusRuntimeException: UNAVAILABLE: io exception
2022-10-18 06:31:43,204 [grpc-default-executor-1] INFO  leader.FollowerInfo (FollowerInfoImpl.java:lambda$new$0(48)) - omNode-1@group-523986131536->omNode-3: nextIndex: updateUnconditionally 337 -> 45
2022-10-18 06:31:43,208 [grpc-default-executor-1] WARN  server.GrpcLogAppender (LogUtils.java:warn(122)) - omNode-1@group-523986131536->omNode-3-AppendLogResponseHandler: Failed appendEntries: org.apache.ratis.thirdparty.io.grpc.StatusRuntimeException: UNAVAILABLE: io exception
2022-10-18 06:31:43,208 [grpc-default-executor-1] INFO  leader.FollowerInfo (FollowerInfoImpl.java:lambda$new$0(48)) - omNode-1@group-523986131536->omNode-3: nextIndex: updateUnconditionally 337 -> 45
2022-10-18 06:31:43,209 [grpc-default-executor-1] WARN  server.GrpcLogAppender (LogUtils.java:warn(122)) - omNode-1@group-523986131536->omNode-3-AppendLogResponseHandler: Failed appendEntries: org.apache.ratis.thirdparty.io.grpc.StatusRuntimeException: UNAVAILABLE: io exception
2022-10-18 06:31:43,210 [grpc-default-executor-1] INFO  leader.FollowerInfo (FollowerInfoImpl.java:lambda$new$0(48)) - omNode-1@group-523986131536->omNode-3: nextIndex: updateUnconditionally 338 -> 45
2022-10-18 06:31:43,211 [grpc-default-executor-3] WARN  server.GrpcLogAppender (LogUtils.java:warn(122)) - omNode-1@group-523986131536->omNode-3-AppendLogResponseHandler: Failed appendEntries: org.apache.ratis.thirdparty.io.grpc.StatusRuntimeException: UNAVAILABLE: io exception
2022-10-18 06:31:43,211 [grpc-default-executor-3] INFO  leader.FollowerInfo (FollowerInfoImpl.java:lambda$new$0(48)) - omNode-1@group-523986131536->omNode-3: nextIndex: updateUnconditionally 338 -> 45
2022-10-18 06:31:43,214 [grpc-default-executor-1] WARN  server.GrpcLogAppender (LogUtils.java:warn(122)) - omNode-1@group-523986131536->omNode-3-AppendLogResponseHandler: Failed appendEntries: org.apache.ratis.thirdparty.io.grpc.StatusRuntimeException: UNAVAILABLE: io exception
2022-10-18 06:31:43,214 [grpc-default-executor-1] INFO  leader.FollowerInfo (FollowerInfoImpl.java:lambda$new$0(48)) - omNode-1@group-523986131536->omNode-3: nextIndex: updateUnconditionally 339 -> 45
2022-10-18 06:31:43,218 [grpc-default-executor-3] WARN  server.GrpcLogAppender (LogUtils.java:warn(122)) - omNode-1@group-523986131536->omNode-3-AppendLogResponseHandler: Failed appendEntries: org.apache.ratis.thirdparty.io.grpc.StatusRuntimeException: UNAVAILABLE: io exception
2022-10-18 06:31:43,218 [grpc-default-executor-3] INFO  leader.FollowerInfo (FollowerInfoImpl.java:lambda$new$0(48)) - omNode-1@group-523986131536->omNode-3: nextIndex: updateUnconditionally 339 -> 45
2022-10-18 06:31:43,219 [grpc-default-executor-3] WARN  server.GrpcLogAppender (LogUtils.java:warn(122)) - omNode-1@group-523986131536->omNode-3-AppendLogResponseHandler: Failed appendEntries: org.apache.ratis.thirdparty.io.grpc.StatusRuntimeException: UNAVAILABLE: io exception
2022-10-18 06:31:43,220 [grpc-default-executor-3] INFO  leader.FollowerInfo (FollowerInfoImpl.java:lambda$new$0(48)) - omNode-1@group-523986131536->omNode-3: nextIndex: updateUnconditionally 339 -> 45
2022-10-18 06:31:43,222 [grpc-default-executor-1] WARN  server.GrpcLogAppender (LogUtils.java:warn(122)) - omNode-1@group-523986131536->omNode-3-AppendLogResponseHandler: Failed appendEntries: org.apache.ratis.thirdparty.io.grpc.StatusRuntimeException: UNAVAILABLE: io exception
2022-10-18 06:31:43,222 [grpc-default-executor-1] INFO  leader.FollowerInfo (FollowerInfoImpl.java:lambda$new$0(48)) - omNode-1@group-523986131536->omNode-3: nextIndex: updateUnconditionally 340 -> 45
2022-10-18 06:31:43,224 [grpc-default-executor-3] WARN  server.GrpcLogAppender (LogUtils.java:warn(122)) - omNode-1@group-523986131536->omNode-3-AppendLogResponseHandler: Failed appendEntries: org.apache.ratis.thirdparty.io.grpc.StatusRuntimeException: UNAVAILABLE: io exception
2022-10-18 06:31:43,224 [grpc-default-executor-3] INFO  leader.FollowerInfo (FollowerInfoImpl.java:lambda$new$0(48)) - omNode-1@group-523986131536->omNode-3: nextIndex: updateUnconditionally 340 -> 45
2022-10-18 06:31:43,227 [grpc-default-executor-3] WARN  server.GrpcLogAppender (LogUtils.java:warn(122)) - omNode-1@group-523986131536->omNode-3-AppendLogResponseHandler: Failed appendEntries: org.apache.ratis.thirdparty.io.grpc.StatusRuntimeException: UNAVAILABLE: io exception
2022-10-18 06:31:43,227 [grpc-default-executor-3] INFO  leader.FollowerInfo (FollowerInfoImpl.java:lambda$new$0(48)) - omNode-1@group-523986131536->omNode-3: nextIndex: updateUnconditionally 341 -> 45
2022-10-18 06:31:43,227 [grpc-default-executor-3] WARN  server.GrpcLogAppender (LogUtils.java:warn(122)) - omNode-1@group-523986131536->omNode-3-AppendLogResponseHandler: Failed appendEntries: org.apache.ratis.thirdparty.io.grpc.StatusRuntimeException: UNAVAILABLE: io exception
2022-10-18 06:31:43,227 [grpc-default-executor-3] INFO  leader.FollowerInfo (FollowerInfoImpl.java:lambda$new$0(48)) - omNode-1@group-523986131536->omNode-3: nextIndex: updateUnconditionally 341 -> 45
2022-10-18 06:31:43,228 [grpc-default-executor-1] WARN  server.GrpcLogAppender (LogUtils.java:warn(122)) - omNode-1@group-523986131536->omNode-3-AppendLogResponseHandler: Failed appendEntries: org.apache.ratis.thirdparty.io.grpc.StatusRuntimeException: UNAVAILABLE: io exception
2022-10-18 06:31:43,229 [grpc-default-executor-1] INFO  leader.FollowerInfo (FollowerInfoImpl.java:lambda$new$0(48)) - omNode-1@group-523986131536->omNode-3: nextIndex: updateUnconditionally 342 -> 45
2022-10-18 06:31:43,230 [grpc-default-executor-3] WARN  server.GrpcLogAppender (LogUtils.java:warn(122)) - omNode-1@group-523986131536->omNode-3-AppendLogResponseHandler: Failed appendEntries: org.apache.ratis.thirdparty.io.grpc.StatusRuntimeException: UNAVAILABLE: io exception
2022-10-18 06:31:43,231 [grpc-default-executor-3] INFO  leader.FollowerInfo (FollowerInfoImpl.java:lambda$new$0(48)) - omNode-1@group-523986131536->omNode-3: nextIndex: updateUnconditionally 343 -> 45
2022-10-18 06:31:43,232 [grpc-default-executor-3] WARN  server.GrpcLogAppender (LogUtils.java:warn(122)) - omNode-1@group-523986131536->omNode-3-AppendLogResponseHandler: Failed appendEntries: org.apache.ratis.thirdparty.io.grpc.StatusRuntimeException: UNAVAILABLE: io exception
2022-10-18 06:31:43,232 [grpc-default-executor-3] INFO  leader.FollowerInfo (FollowerInfoImpl.java:lambda$new$0(48)) - omNode-1@group-523986131536->omNode-3: nextIndex: updateUnconditionally 343 -> 45
2022-10-18 06:31:43,242 [grpc-default-executor-3] WARN  server.GrpcLogAppender (LogUtils.java:warn(122)) - omNode-1@group-523986131536->omNode-3-AppendLogResponseHandler: Failed appendEntries: org.apache.ratis.thirdparty.io.grpc.StatusRuntimeException: UNAVAILABLE: io exception
2022-10-18 06:31:43,242 [grpc-default-executor-3] INFO  leader.FollowerInfo (FollowerInfoImpl.java:lambda$new$0(48)) - omNode-1@group-523986131536->omNode-3: nextIndex: updateUnconditionally 344 -> 45
2022-10-18 06:31:43,252 [grpc-default-executor-1] WARN  server.GrpcLogAppender (LogUtils.java:warn(122)) - omNode-1@group-523986131536->omNode-3-AppendLogResponseHandler: Failed appendEntries: org.apache.ratis.thirdparty.io.grpc.StatusRuntimeException: UNAVAILABLE: io exception
2022-10-18 06:31:43,252 [grpc-default-executor-1] INFO  leader.FollowerInfo (FollowerInfoImpl.java:lambda$new$0(48)) - omNode-1@group-523986131536->omNode-3: nextIndex: updateUnconditionally 344 -> 45
2022-10-18 06:31:43,255 [grpc-default-executor-3] WARN  server.GrpcLogAppender (LogUtils.java:warn(122)) - omNode-1@group-523986131536->omNode-3-AppendLogResponseHandler: Failed appendEntries: org.apache.ratis.thirdparty.io.grpc.StatusRuntimeException: UNAVAILABLE: io exception
2022-10-18 06:31:43,255 [grpc-default-executor-3] INFO  leader.FollowerInfo (FollowerInfoImpl.java:lambda$new$0(48)) - omNode-1@group-523986131536->omNode-3: nextIndex: updateUnconditionally 346 -> 45
2022-10-18 06:31:43,264 [grpc-default-executor-3] WARN  server.GrpcLogAppender (LogUtils.java:warn(122)) - omNode-1@group-523986131536->omNode-3-AppendLogResponseHandler: Failed appendEntries: org.apache.ratis.thirdparty.io.grpc.StatusRuntimeException: UNAVAILABLE: io exception
2022-10-18 06:31:43,264 [grpc-default-executor-3] INFO  leader.FollowerInfo (FollowerInfoImpl.java:lambda$new$0(48)) - omNode-1@group-523986131536->omNode-3: nextIndex: updateUnconditionally 347 -> 45
2022-10-18 06:31:43,268 [grpc-default-executor-3] WARN  server.GrpcLogAppender (LogUtils.java:warn(122)) - omNode-1@group-523986131536->omNode-3-AppendLogResponseHandler: Failed appendEntries: org.apache.ratis.thirdparty.io.grpc.StatusRuntimeException: UNAVAILABLE: io exception
2022-10-18 06:31:43,269 [grpc-default-executor-3] INFO  leader.FollowerInfo (FollowerInfoImpl.java:lambda$new$0(48)) - omNode-1@group-523986131536->omNode-3: nextIndex: updateUnconditionally 347 -> 45
2022-10-18 06:31:43,269 [grpc-default-executor-1] WARN  server.GrpcLogAppender (LogUtils.java:warn(122)) - omNode-1@group-523986131536->omNode-3-AppendLogResponseHandler: Failed appendEntries: org.apache.ratis.thirdparty.io.grpc.StatusRuntimeException: UNAVAILABLE: io exception
2022-10-18 06:31:43,271 [grpc-default-executor-1] INFO  leader.FollowerInfo (FollowerInfoImpl.java:lambda$new$0(48)) - omNode-1@group-523986131536->omNode-3: nextIndex: updateUnconditionally 347 -> 45
2022-10-18 06:31:43,274 [grpc-default-executor-3] WARN  server.GrpcLogAppender (LogUtils.java:warn(122)) - omNode-1@group-523986131536->omNode-3-AppendLogResponseHandler: Failed appendEntries: org.apache.ratis.thirdparty.io.grpc.StatusRuntimeException: UNAVAILABLE: io exception
2022-10-18 06:31:43,274 [grpc-default-executor-3] INFO  leader.FollowerInfo (FollowerInfoImpl.java:lambda$new$0(48)) - omNode-1@group-523986131536->omNode-3: nextIndex: updateUnconditionally 349 -> 45
2022-10-18 06:31:43,277 [grpc-default-executor-3] WARN  server.GrpcLogAppender (LogUtils.java:warn(122)) - omNode-1@group-523986131536->omNode-3-AppendLogResponseHandler: Failed appendEntries: org.apache.ratis.thirdparty.io.grpc.StatusRuntimeException: UNAVAILABLE: io exception
2022-10-18 06:31:43,277 [grpc-default-executor-3] INFO  leader.FollowerInfo (FollowerInfoImpl.java:lambda$new$0(48)) - omNode-1@group-523986131536->omNode-3: nextIndex: updateUnconditionally 350 -> 45
2022-10-18 06:31:43,286 [grpc-default-executor-1] WARN  server.GrpcLogAppender (LogUtils.java:warn(122)) - omNode-1@group-523986131536->omNode-3-AppendLogResponseHandler: Failed appendEntries: org.apache.ratis.thirdparty.io.grpc.StatusRuntimeException: UNAVAILABLE: io exception
2022-10-18 06:31:43,287 [grpc-default-executor-1] INFO  leader.FollowerInfo (FollowerInfoImpl.java:lambda$new$0(48)) - omNode-1@group-523986131536->omNode-3: nextIndex: updateUnconditionally 350 -> 45
2022-10-18 06:31:43,290 [grpc-default-executor-1] WARN  server.GrpcLogAppender (LogUtils.java:warn(122)) - omNode-1@group-523986131536->omNode-3-AppendLogResponseHandler: Failed appendEntries: org.apache.ratis.thirdparty.io.grpc.StatusRuntimeException: UNAVAILABLE: io exception
2022-10-18 06:31:43,290 [grpc-default-executor-1] INFO  leader.FollowerInfo (FollowerInfoImpl.java:lambda$new$0(48)) - omNode-1@group-523986131536->omNode-3: nextIndex: updateUnconditionally 351 -> 45
2022-10-18 06:31:43,302 [grpc-default-executor-1] WARN  server.GrpcLogAppender (LogUtils.java:warn(122)) - omNode-1@group-523986131536->omNode-3-AppendLogResponseHandler: Failed appendEntries: org.apache.ratis.thirdparty.io.grpc.StatusRuntimeException: UNAVAILABLE: io exception
2022-10-18 06:31:43,302 [omNode-1@group-523986131536-StateMachineUpdater] INFO  ratis.OzoneManagerStateMachine (OzoneManagerStateMachine.java:takeSnapshot(441)) - Current Snapshot Index (t:1, i:350)
2022-10-18 06:31:43,302 [grpc-default-executor-1] INFO  leader.FollowerInfo (FollowerInfoImpl.java:lambda$new$0(48)) - omNode-1@group-523986131536->omNode-3: nextIndex: updateUnconditionally 351 -> 45
2022-10-18 06:31:43,302 [omNode-1@group-523986131536-StateMachineUpdater] INFO  impl.StateMachineUpdater (StateMachineUpdater.java:takeSnapshot(287)) - omNode-1@group-523986131536-StateMachineUpdater: Took a snapshot at index 350
2022-10-18 06:31:43,302 [omNode-1@group-523986131536-StateMachineUpdater] INFO  impl.StateMachineUpdater (StateMachineUpdater.java:lambda$new$0(92)) - omNode-1@group-523986131536-StateMachineUpdater: snapshotIndex: updateIncreasingly 300 -> 350
2022-10-18 06:31:43,302 [omNode-1@group-523986131536-StateMachineUpdater] INFO  raftlog.RaftLog (RaftLogBase.java:purge(308)) - omNode-1@group-523986131536-SegmentedRaftLog: purge 350
2022-10-18 06:31:43,302 [omNode-1@group-523986131536-StateMachineUpdater] INFO  raftlog.RaftLog (RaftLogBase.java:lambda$new$0(53)) - omNode-1@group-523986131536-SegmentedRaftLog: snapshotIndex: updateIncreasingly 300 -> 350
2022-10-18 06:31:43,302 [omNode-1@group-523986131536-StateMachineUpdater] INFO  raftlog.RaftLog (RaftLogBase.java:lambda$new$0(53)) - omNode-1@group-523986131536-SegmentedRaftLog: purgeIndex: updateToMax old=300, new=350, updated? true
2022-10-18 06:31:43,303 [grpc-default-executor-1] WARN  server.GrpcLogAppender (LogUtils.java:warn(122)) - omNode-1@group-523986131536->omNode-3-AppendLogResponseHandler: Failed appendEntries: org.apache.ratis.thirdparty.io.grpc.StatusRuntimeException: UNAVAILABLE: io exception
2022-10-18 06:31:43,303 [grpc-default-executor-1] INFO  leader.FollowerInfo (FollowerInfoImpl.java:lambda$new$0(48)) - omNode-1@group-523986131536->omNode-3: nextIndex: updateUnconditionally 351 -> 45
2022-10-18 06:31:43,305 [grpc-default-executor-1] WARN  server.GrpcLogAppender (LogUtils.java:warn(122)) - omNode-1@group-523986131536->omNode-3-AppendLogResponseHandler: Failed appendEntries: org.apache.ratis.thirdparty.io.grpc.StatusRuntimeException: UNAVAILABLE: io exception
2022-10-18 06:31:43,305 [grpc-default-executor-1] INFO  leader.FollowerInfo (FollowerInfoImpl.java:lambda$new$0(48)) - omNode-1@group-523986131536->omNode-3: nextIndex: updateUnconditionally 352 -> 45
2022-10-18 06:31:43,307 [grpc-default-executor-3] WARN  server.GrpcLogAppender (LogUtils.java:warn(122)) - omNode-1@group-523986131536->omNode-3-AppendLogResponseHandler: Failed appendEntries: org.apache.ratis.thirdparty.io.grpc.StatusRuntimeException: UNAVAILABLE: io exception
2022-10-18 06:31:43,307 [grpc-default-executor-3] INFO  leader.FollowerInfo (FollowerInfoImpl.java:lambda$new$0(48)) - omNode-1@group-523986131536->omNode-3: nextIndex: updateUnconditionally 352 -> 45
2022-10-18 06:31:43,308 [grpc-default-executor-1] WARN  server.GrpcLogAppender (LogUtils.java:warn(122)) - omNode-1@group-523986131536->omNode-3-AppendLogResponseHandler: Failed appendEntries: org.apache.ratis.thirdparty.io.grpc.StatusRuntimeException: UNAVAILABLE: io exception
2022-10-18 06:31:43,309 [grpc-default-executor-1] INFO  leader.FollowerInfo (FollowerInfoImpl.java:lambda$new$0(48)) - omNode-1@group-523986131536->omNode-3: nextIndex: updateUnconditionally 353 -> 45
2022-10-18 06:31:43,312 [grpc-default-executor-3] WARN  server.GrpcLogAppender (LogUtils.java:warn(122)) - omNode-1@group-523986131536->omNode-3-AppendLogResponseHandler: Failed appendEntries: org.apache.ratis.thirdparty.io.grpc.StatusRuntimeException: UNAVAILABLE: io exception
2022-10-18 06:31:43,313 [grpc-default-executor-3] INFO  leader.FollowerInfo (FollowerInfoImpl.java:lambda$new$0(48)) - omNode-1@group-523986131536->omNode-3: nextIndex: updateUnconditionally 354 -> 45
2022-10-18 06:31:43,316 [grpc-default-executor-1] WARN  server.GrpcLogAppender (LogUtils.java:warn(122)) - omNode-1@group-523986131536->omNode-3-AppendLogResponseHandler: Failed appendEntries: org.apache.ratis.thirdparty.io.grpc.StatusRuntimeException: UNAVAILABLE: io exception
2022-10-18 06:31:43,316 [grpc-default-executor-1] INFO  leader.FollowerInfo (FollowerInfoImpl.java:lambda$new$0(48)) - omNode-1@group-523986131536->omNode-3: nextIndex: updateUnconditionally 354 -> 45
2022-10-18 06:31:43,317 [grpc-default-executor-1] WARN  server.GrpcLogAppender (LogUtils.java:warn(122)) - omNode-1@group-523986131536->omNode-3-AppendLogResponseHandler: Failed appendEntries: org.apache.ratis.thirdparty.io.grpc.StatusRuntimeException: UNAVAILABLE: io exception
2022-10-18 06:31:43,318 [grpc-default-executor-1] INFO  leader.FollowerInfo (FollowerInfoImpl.java:lambda$new$0(48)) - omNode-1@group-523986131536->omNode-3: nextIndex: updateUnconditionally 355 -> 45
2022-10-18 06:31:43,327 [grpc-default-executor-1] WARN  server.GrpcLogAppender (LogUtils.java:warn(122)) - omNode-1@group-523986131536->omNode-3-AppendLogResponseHandler: Failed appendEntries: org.apache.ratis.thirdparty.io.grpc.StatusRuntimeException: UNAVAILABLE: io exception
2022-10-18 06:31:43,327 [grpc-default-executor-1] INFO  leader.FollowerInfo (FollowerInfoImpl.java:lambda$new$0(48)) - omNode-1@group-523986131536->omNode-3: nextIndex: updateUnconditionally 356 -> 45
2022-10-18 06:31:43,328 [grpc-default-executor-0] WARN  server.GrpcLogAppender (LogUtils.java:warn(122)) - omNode-1@group-523986131536->omNode-3-AppendLogResponseHandler: Failed appendEntries: org.apache.ratis.thirdparty.io.grpc.StatusRuntimeException: UNAVAILABLE: io exception
2022-10-18 06:31:43,328 [grpc-default-executor-0] INFO  leader.FollowerInfo (FollowerInfoImpl.java:lambda$new$0(48)) - omNode-1@group-523986131536->omNode-3: nextIndex: updateUnconditionally 356 -> 45
2022-10-18 06:31:43,329 [grpc-default-executor-1] WARN  server.GrpcLogAppender (LogUtils.java:warn(122)) - omNode-1@group-523986131536->omNode-3-AppendLogResponseHandler: Failed appendEntries: org.apache.ratis.thirdparty.io.grpc.StatusRuntimeException: UNAVAILABLE: io exception
2022-10-18 06:31:43,329 [grpc-default-executor-1] INFO  leader.FollowerInfo (FollowerInfoImpl.java:lambda$new$0(48)) - omNode-1@group-523986131536->omNode-3: nextIndex: updateUnconditionally 357 -> 45
2022-10-18 06:31:43,334 [grpc-default-executor-1] WARN  server.GrpcLogAppender (LogUtils.java:warn(122)) - omNode-1@group-523986131536->omNode-3-AppendLogResponseHandler: Failed appendEntries: org.apache.ratis.thirdparty.io.grpc.StatusRuntimeException: UNAVAILABLE: io exception
2022-10-18 06:31:43,334 [grpc-default-executor-1] INFO  leader.FollowerInfo (FollowerInfoImpl.java:lambda$new$0(48)) - omNode-1@group-523986131536->omNode-3: nextIndex: updateUnconditionally 357 -> 45
2022-10-18 06:31:43,334 [omNode-2@group-523986131536-StateMachineUpdater] INFO  ratis.OzoneManagerStateMachine (OzoneManagerStateMachine.java:takeSnapshot(441)) - Current Snapshot Index (t:1, i:356)
2022-10-18 06:31:43,335 [omNode-2@group-523986131536-StateMachineUpdater] INFO  impl.StateMachineUpdater (StateMachineUpdater.java:takeSnapshot(287)) - omNode-2@group-523986131536-StateMachineUpdater: Took a snapshot at index 356
2022-10-18 06:31:43,335 [omNode-2@group-523986131536-StateMachineUpdater] INFO  impl.StateMachineUpdater (StateMachineUpdater.java:lambda$new$0(92)) - omNode-2@group-523986131536-StateMachineUpdater: snapshotIndex: updateIncreasingly 306 -> 356
2022-10-18 06:31:43,335 [omNode-2@group-523986131536-StateMachineUpdater] INFO  raftlog.RaftLog (RaftLogBase.java:purge(308)) - omNode-2@group-523986131536-SegmentedRaftLog: purge 356
2022-10-18 06:31:43,335 [omNode-2@group-523986131536-StateMachineUpdater] INFO  raftlog.RaftLog (RaftLogBase.java:lambda$new$0(53)) - omNode-2@group-523986131536-SegmentedRaftLog: snapshotIndex: updateIncreasingly 306 -> 356
2022-10-18 06:31:43,335 [omNode-2@group-523986131536-StateMachineUpdater] INFO  raftlog.RaftLog (RaftLogBase.java:lambda$new$0(53)) - omNode-2@group-523986131536-SegmentedRaftLog: purgeIndex: updateToMax old=306, new=356, updated? true
2022-10-18 06:31:43,336 [grpc-default-executor-0] WARN  server.GrpcLogAppender (LogUtils.java:warn(122)) - omNode-1@group-523986131536->omNode-3-AppendLogResponseHandler: Failed appendEntries: org.apache.ratis.thirdparty.io.grpc.StatusRuntimeException: UNAVAILABLE: io exception
2022-10-18 06:31:43,336 [grpc-default-executor-0] INFO  leader.FollowerInfo (FollowerInfoImpl.java:lambda$new$0(48)) - omNode-1@group-523986131536->omNode-3: nextIndex: updateUnconditionally 359 -> 45
2022-10-18 06:31:43,339 [grpc-default-executor-1] WARN  server.GrpcLogAppender (LogUtils.java:warn(122)) - omNode-1@group-523986131536->omNode-3-AppendLogResponseHandler: Failed appendEntries: org.apache.ratis.thirdparty.io.grpc.StatusRuntimeException: UNAVAILABLE: io exception
2022-10-18 06:31:43,339 [grpc-default-executor-1] INFO  leader.FollowerInfo (FollowerInfoImpl.java:lambda$new$0(48)) - omNode-1@group-523986131536->omNode-3: nextIndex: updateUnconditionally 359 -> 45
2022-10-18 06:31:43,340 [grpc-default-executor-1] WARN  server.GrpcLogAppender (LogUtils.java:warn(122)) - omNode-1@group-523986131536->omNode-3-AppendLogResponseHandler: Failed appendEntries: org.apache.ratis.thirdparty.io.grpc.StatusRuntimeException: UNAVAILABLE: io exception
2022-10-18 06:31:43,340 [grpc-default-executor-1] INFO  leader.FollowerInfo (FollowerInfoImpl.java:lambda$new$0(48)) - omNode-1@group-523986131536->omNode-3: nextIndex: updateUnconditionally 359 -> 45
2022-10-18 06:31:43,346 [grpc-default-executor-1] WARN  server.GrpcLogAppender (LogUtils.java:warn(122)) - omNode-1@group-523986131536->omNode-3-AppendLogResponseHandler: Failed appendEntries: org.apache.ratis.thirdparty.io.grpc.StatusRuntimeException: UNAVAILABLE: io exception
2022-10-18 06:31:43,346 [grpc-default-executor-1] INFO  leader.FollowerInfo (FollowerInfoImpl.java:lambda$new$0(48)) - omNode-1@group-523986131536->omNode-3: nextIndex: updateUnconditionally 360 -> 45
2022-10-18 06:31:43,348 [grpc-default-executor-1] WARN  server.GrpcLogAppender (LogUtils.java:warn(122)) - omNode-1@group-523986131536->omNode-3-AppendLogResponseHandler: Failed appendEntries: org.apache.ratis.thirdparty.io.grpc.StatusRuntimeException: UNAVAILABLE: io exception
2022-10-18 06:31:43,348 [grpc-default-executor-1] INFO  leader.FollowerInfo (FollowerInfoImpl.java:lambda$new$0(48)) - omNode-1@group-523986131536->omNode-3: nextIndex: updateUnconditionally 360 -> 45
2022-10-18 06:31:43,353 [grpc-default-executor-0] WARN  server.GrpcLogAppender (LogUtils.java:warn(122)) - omNode-1@group-523986131536->omNode-3-AppendLogResponseHandler: Failed appendEntries: org.apache.ratis.thirdparty.io.grpc.StatusRuntimeException: UNAVAILABLE: io exception
2022-10-18 06:31:43,353 [grpc-default-executor-0] INFO  leader.FollowerInfo (FollowerInfoImpl.java:lambda$new$0(48)) - omNode-1@group-523986131536->omNode-3: nextIndex: updateUnconditionally 361 -> 45
2022-10-18 06:31:43,360 [grpc-default-executor-0] WARN  server.GrpcLogAppender (LogUtils.java:warn(122)) - omNode-1@group-523986131536->omNode-3-AppendLogResponseHandler: Failed appendEntries: org.apache.ratis.thirdparty.io.grpc.StatusRuntimeException: UNAVAILABLE: io exception
2022-10-18 06:31:43,361 [grpc-default-executor-0] INFO  leader.FollowerInfo (FollowerInfoImpl.java:lambda$new$0(48)) - omNode-1@group-523986131536->omNode-3: nextIndex: updateUnconditionally 363 -> 45
2022-10-18 06:31:43,364 [grpc-default-executor-3] WARN  server.GrpcLogAppender (LogUtils.java:warn(122)) - omNode-1@group-523986131536->omNode-3-AppendLogResponseHandler: Failed appendEntries: org.apache.ratis.thirdparty.io.grpc.StatusRuntimeException: UNAVAILABLE: io exception
2022-10-18 06:31:43,364 [grpc-default-executor-3] INFO  leader.FollowerInfo (FollowerInfoImpl.java:lambda$new$0(48)) - omNode-1@group-523986131536->omNode-3: nextIndex: updateUnconditionally 364 -> 45
2022-10-18 06:31:43,366 [grpc-default-executor-3] WARN  server.GrpcLogAppender (LogUtils.java:warn(122)) - omNode-1@group-523986131536->omNode-3-AppendLogResponseHandler: Failed appendEntries: org.apache.ratis.thirdparty.io.grpc.StatusRuntimeException: UNAVAILABLE: io exception
2022-10-18 06:31:43,366 [grpc-default-executor-3] INFO  leader.FollowerInfo (FollowerInfoImpl.java:lambda$new$0(48)) - omNode-1@group-523986131536->omNode-3: nextIndex: updateUnconditionally 364 -> 45
2022-10-18 06:31:43,367 [grpc-default-executor-0] WARN  server.GrpcLogAppender (LogUtils.java:warn(122)) - omNode-1@group-523986131536->omNode-3-AppendLogResponseHandler: Failed appendEntries: org.apache.ratis.thirdparty.io.grpc.StatusRuntimeException: UNAVAILABLE: io exception
2022-10-18 06:31:43,367 [grpc-default-executor-0] INFO  leader.FollowerInfo (FollowerInfoImpl.java:lambda$new$0(48)) - omNode-1@group-523986131536->omNode-3: nextIndex: updateUnconditionally 365 -> 45
2022-10-18 06:31:43,369 [grpc-default-executor-3] WARN  server.GrpcLogAppender (LogUtils.java:warn(122)) - omNode-1@group-523986131536->omNode-3-AppendLogResponseHandler: Failed appendEntries: org.apache.ratis.thirdparty.io.grpc.StatusRuntimeException: UNAVAILABLE: io exception
2022-10-18 06:31:43,370 [grpc-default-executor-3] INFO  leader.FollowerInfo (FollowerInfoImpl.java:lambda$new$0(48)) - omNode-1@group-523986131536->omNode-3: nextIndex: updateUnconditionally 366 -> 45
2022-10-18 06:31:43,373 [grpc-default-executor-3] WARN  server.GrpcLogAppender (LogUtils.java:warn(122)) - omNode-1@group-523986131536->omNode-3-AppendLogResponseHandler: Failed appendEntries: org.apache.ratis.thirdparty.io.grpc.StatusRuntimeException: UNAVAILABLE: io exception
2022-10-18 06:31:43,373 [grpc-default-executor-3] INFO  leader.FollowerInfo (FollowerInfoImpl.java:lambda$new$0(48)) - omNode-1@group-523986131536->omNode-3: nextIndex: updateUnconditionally 366 -> 45
2022-10-18 06:31:43,374 [grpc-default-executor-0] WARN  server.GrpcLogAppender (LogUtils.java:warn(122)) - omNode-1@group-523986131536->omNode-3-AppendLogResponseHandler: Failed appendEntries: org.apache.ratis.thirdparty.io.grpc.StatusRuntimeException: UNAVAILABLE: io exception
2022-10-18 06:31:43,374 [grpc-default-executor-0] INFO  leader.FollowerInfo (FollowerInfoImpl.java:lambda$new$0(48)) - omNode-1@group-523986131536->omNode-3: nextIndex: updateUnconditionally 366 -> 45
2022-10-18 06:31:43,375 [grpc-default-executor-3] WARN  server.GrpcLogAppender (LogUtils.java:warn(122)) - omNode-1@group-523986131536->omNode-3-AppendLogResponseHandler: Failed appendEntries: org.apache.ratis.thirdparty.io.grpc.StatusRuntimeException: UNAVAILABLE: io exception
2022-10-18 06:31:43,375 [grpc-default-executor-3] INFO  leader.FollowerInfo (FollowerInfoImpl.java:lambda$new$0(48)) - omNode-1@group-523986131536->omNode-3: nextIndex: updateUnconditionally 367 -> 45
2022-10-18 06:31:43,381 [grpc-default-executor-0] WARN  server.GrpcLogAppender (LogUtils.java:warn(122)) - omNode-1@group-523986131536->omNode-3-AppendLogResponseHandler: Failed appendEntries: org.apache.ratis.thirdparty.io.grpc.StatusRuntimeException: UNAVAILABLE: io exception
2022-10-18 06:31:43,381 [grpc-default-executor-0] INFO  leader.FollowerInfo (FollowerInfoImpl.java:lambda$new$0(48)) - omNode-1@group-523986131536->omNode-3: nextIndex: updateUnconditionally 367 -> 45
2022-10-18 06:31:43,391 [grpc-default-executor-3] WARN  server.GrpcLogAppender (LogUtils.java:warn(122)) - omNode-1@group-523986131536->omNode-3-AppendLogResponseHandler: Failed appendEntries: org.apache.ratis.thirdparty.io.grpc.StatusRuntimeException: UNAVAILABLE: io exception
2022-10-18 06:31:43,391 [grpc-default-executor-3] INFO  leader.FollowerInfo (FollowerInfoImpl.java:lambda$new$0(48)) - omNode-1@group-523986131536->omNode-3: nextIndex: updateUnconditionally 368 -> 45
2022-10-18 06:31:43,394 [grpc-default-executor-3] WARN  server.GrpcLogAppender (LogUtils.java:warn(122)) - omNode-1@group-523986131536->omNode-3-AppendLogResponseHandler: Failed appendEntries: org.apache.ratis.thirdparty.io.grpc.StatusRuntimeException: UNAVAILABLE: io exception
2022-10-18 06:31:43,394 [grpc-default-executor-3] INFO  leader.FollowerInfo (FollowerInfoImpl.java:lambda$new$0(48)) - omNode-1@group-523986131536->omNode-3: nextIndex: updateUnconditionally 368 -> 45
2022-10-18 06:31:43,399 [grpc-default-executor-3] WARN  server.GrpcLogAppender (LogUtils.java:warn(122)) - omNode-1@group-523986131536->omNode-3-AppendLogResponseHandler: Failed appendEntries: org.apache.ratis.thirdparty.io.grpc.StatusRuntimeException: UNAVAILABLE: io exception
2022-10-18 06:31:43,400 [grpc-default-executor-3] INFO  leader.FollowerInfo (FollowerInfoImpl.java:lambda$new$0(48)) - omNode-1@group-523986131536->omNode-3: nextIndex: updateUnconditionally 369 -> 45
2022-10-18 06:31:43,400 [grpc-default-executor-1] WARN  server.GrpcLogAppender (LogUtils.java:warn(122)) - omNode-1@group-523986131536->omNode-3-AppendLogResponseHandler: Failed appendEntries: org.apache.ratis.thirdparty.io.grpc.StatusRuntimeException: UNAVAILABLE: io exception
2022-10-18 06:31:43,400 [grpc-default-executor-1] INFO  leader.FollowerInfo (FollowerInfoImpl.java:lambda$new$0(48)) - omNode-1@group-523986131536->omNode-3: nextIndex: updateUnconditionally 370 -> 45
2022-10-18 06:31:43,409 [grpc-default-executor-1] WARN  server.GrpcLogAppender (LogUtils.java:warn(122)) - omNode-1@group-523986131536->omNode-3-AppendLogResponseHandler: Failed appendEntries: org.apache.ratis.thirdparty.io.grpc.StatusRuntimeException: UNAVAILABLE: io exception
2022-10-18 06:31:43,409 [grpc-default-executor-1] INFO  leader.FollowerInfo (FollowerInfoImpl.java:lambda$new$0(48)) - omNode-1@group-523986131536->omNode-3: nextIndex: updateUnconditionally 370 -> 45
2022-10-18 06:31:43,413 [grpc-default-executor-3] WARN  server.GrpcLogAppender (LogUtils.java:warn(122)) - omNode-1@group-523986131536->omNode-3-AppendLogResponseHandler: Failed appendEntries: org.apache.ratis.thirdparty.io.grpc.StatusRuntimeException: UNAVAILABLE: io exception
2022-10-18 06:31:43,413 [grpc-default-executor-3] INFO  leader.FollowerInfo (FollowerInfoImpl.java:lambda$new$0(48)) - omNode-1@group-523986131536->omNode-3: nextIndex: updateUnconditionally 371 -> 45
2022-10-18 06:31:43,422 [grpc-default-executor-1] WARN  server.GrpcLogAppender (LogUtils.java:warn(122)) - omNode-1@group-523986131536->omNode-3-AppendLogResponseHandler: Failed appendEntries: org.apache.ratis.thirdparty.io.grpc.StatusRuntimeException: UNAVAILABLE: io exception
2022-10-18 06:31:43,422 [grpc-default-executor-1] INFO  leader.FollowerInfo (FollowerInfoImpl.java:lambda$new$0(48)) - omNode-1@group-523986131536->omNode-3: nextIndex: updateUnconditionally 372 -> 45
2022-10-18 06:31:43,424 [grpc-default-executor-3] WARN  server.GrpcLogAppender (LogUtils.java:warn(122)) - omNode-1@group-523986131536->omNode-3-AppendLogResponseHandler: Failed appendEntries: org.apache.ratis.thirdparty.io.grpc.StatusRuntimeException: UNAVAILABLE: io exception
2022-10-18 06:31:43,425 [grpc-default-executor-3] INFO  leader.FollowerInfo (FollowerInfoImpl.java:lambda$new$0(48)) - omNode-1@group-523986131536->omNode-3: nextIndex: updateUnconditionally 373 -> 45
2022-10-18 06:31:43,427 [grpc-default-executor-3] WARN  server.GrpcLogAppender (LogUtils.java:warn(122)) - omNode-1@group-523986131536->omNode-3-AppendLogResponseHandler: Failed appendEntries: org.apache.ratis.thirdparty.io.grpc.StatusRuntimeException: UNAVAILABLE: io exception
2022-10-18 06:31:43,428 [grpc-default-executor-3] INFO  leader.FollowerInfo (FollowerInfoImpl.java:lambda$new$0(48)) - omNode-1@group-523986131536->omNode-3: nextIndex: updateUnconditionally 374 -> 45
2022-10-18 06:31:43,429 [grpc-default-executor-1] WARN  server.GrpcLogAppender (LogUtils.java:warn(122)) - omNode-1@group-523986131536->omNode-3-AppendLogResponseHandler: Failed appendEntries: org.apache.ratis.thirdparty.io.grpc.StatusRuntimeException: UNAVAILABLE: io exception
2022-10-18 06:31:43,429 [grpc-default-executor-1] INFO  leader.FollowerInfo (FollowerInfoImpl.java:lambda$new$0(48)) - omNode-1@group-523986131536->omNode-3: nextIndex: updateUnconditionally 374 -> 45
2022-10-18 06:31:43,430 [grpc-default-executor-1] WARN  server.GrpcLogAppender (LogUtils.java:warn(122)) - omNode-1@group-523986131536->omNode-3-AppendLogResponseHandler: Failed appendEntries: org.apache.ratis.thirdparty.io.grpc.StatusRuntimeException: UNAVAILABLE: io exception
2022-10-18 06:31:43,431 [grpc-default-executor-1] INFO  leader.FollowerInfo (FollowerInfoImpl.java:lambda$new$0(48)) - omNode-1@group-523986131536->omNode-3: nextIndex: updateUnconditionally 375 -> 45
2022-10-18 06:31:43,437 [grpc-default-executor-3] WARN  server.GrpcLogAppender (LogUtils.java:warn(122)) - omNode-1@group-523986131536->omNode-3-AppendLogResponseHandler: Failed appendEntries: org.apache.ratis.thirdparty.io.grpc.StatusRuntimeException: UNAVAILABLE: io exception
2022-10-18 06:31:43,438 [grpc-default-executor-3] INFO  leader.FollowerInfo (FollowerInfoImpl.java:lambda$new$0(48)) - omNode-1@group-523986131536->omNode-3: nextIndex: updateUnconditionally 375 -> 45
2022-10-18 06:31:43,441 [grpc-default-executor-3] WARN  server.GrpcLogAppender (LogUtils.java:warn(122)) - omNode-1@group-523986131536->omNode-3-AppendLogResponseHandler: Failed appendEntries: org.apache.ratis.thirdparty.io.grpc.StatusRuntimeException: UNAVAILABLE: io exception
2022-10-18 06:31:43,441 [grpc-default-executor-3] INFO  leader.FollowerInfo (FollowerInfoImpl.java:lambda$new$0(48)) - omNode-1@group-523986131536->omNode-3: nextIndex: updateUnconditionally 376 -> 45
2022-10-18 06:31:43,443 [grpc-default-executor-3] WARN  server.GrpcLogAppender (LogUtils.java:warn(122)) - omNode-1@group-523986131536->omNode-3-AppendLogResponseHandler: Failed appendEntries: org.apache.ratis.thirdparty.io.grpc.StatusRuntimeException: UNAVAILABLE: io exception
2022-10-18 06:31:43,444 [grpc-default-executor-3] INFO  leader.FollowerInfo (FollowerInfoImpl.java:lambda$new$0(48)) - omNode-1@group-523986131536->omNode-3: nextIndex: updateUnconditionally 376 -> 45
2022-10-18 06:31:43,447 [grpc-default-executor-3] WARN  server.GrpcLogAppender (LogUtils.java:warn(122)) - omNode-1@group-523986131536->omNode-3-AppendLogResponseHandler: Failed appendEntries: org.apache.ratis.thirdparty.io.grpc.StatusRuntimeException: UNAVAILABLE: io exception
2022-10-18 06:31:43,447 [grpc-default-executor-3] INFO  leader.FollowerInfo (FollowerInfoImpl.java:lambda$new$0(48)) - omNode-1@group-523986131536->omNode-3: nextIndex: updateUnconditionally 378 -> 45
2022-10-18 06:31:43,450 [grpc-default-executor-3] WARN  server.GrpcLogAppender (LogUtils.java:warn(122)) - omNode-1@group-523986131536->omNode-3-AppendLogResponseHandler: Failed appendEntries: org.apache.ratis.thirdparty.io.grpc.StatusRuntimeException: UNAVAILABLE: io exception
2022-10-18 06:31:43,450 [grpc-default-executor-3] INFO  leader.FollowerInfo (FollowerInfoImpl.java:lambda$new$0(48)) - omNode-1@group-523986131536->omNode-3: nextIndex: updateUnconditionally 378 -> 45
2022-10-18 06:31:43,455 [grpc-default-executor-3] WARN  server.GrpcLogAppender (LogUtils.java:warn(122)) - omNode-1@group-523986131536->omNode-3-AppendLogResponseHandler: Failed appendEntries: org.apache.ratis.thirdparty.io.grpc.StatusRuntimeException: UNAVAILABLE: io exception
2022-10-18 06:31:43,455 [grpc-default-executor-3] INFO  leader.FollowerInfo (FollowerInfoImpl.java:lambda$new$0(48)) - omNode-1@group-523986131536->omNode-3: nextIndex: updateUnconditionally 379 -> 45
2022-10-18 06:31:43,462 [grpc-default-executor-3] WARN  server.GrpcLogAppender (LogUtils.java:warn(122)) - omNode-1@group-523986131536->omNode-3-AppendLogResponseHandler: Failed appendEntries: org.apache.ratis.thirdparty.io.grpc.StatusRuntimeException: UNAVAILABLE: io exception
2022-10-18 06:31:43,463 [grpc-default-executor-3] INFO  leader.FollowerInfo (FollowerInfoImpl.java:lambda$new$0(48)) - omNode-1@group-523986131536->omNode-3: nextIndex: updateUnconditionally 379 -> 45
2022-10-18 06:31:43,467 [grpc-default-executor-1] WARN  server.GrpcLogAppender (LogUtils.java:warn(122)) - omNode-1@group-523986131536->omNode-3-AppendLogResponseHandler: Failed appendEntries: org.apache.ratis.thirdparty.io.grpc.StatusRuntimeException: UNAVAILABLE: io exception
2022-10-18 06:31:43,467 [grpc-default-executor-1] INFO  leader.FollowerInfo (FollowerInfoImpl.java:lambda$new$0(48)) - omNode-1@group-523986131536->omNode-3: nextIndex: updateUnconditionally 380 -> 45
2022-10-18 06:31:43,470 [grpc-default-executor-1] WARN  server.GrpcLogAppender (LogUtils.java:warn(122)) - omNode-1@group-523986131536->omNode-3-AppendLogResponseHandler: Failed appendEntries: org.apache.ratis.thirdparty.io.grpc.StatusRuntimeException: UNAVAILABLE: io exception
2022-10-18 06:31:43,470 [grpc-default-executor-1] INFO  leader.FollowerInfo (FollowerInfoImpl.java:lambda$new$0(48)) - omNode-1@group-523986131536->omNode-3: nextIndex: updateUnconditionally 380 -> 45
2022-10-18 06:31:43,471 [grpc-default-executor-1] WARN  server.GrpcLogAppender (LogUtils.java:warn(122)) - omNode-1@group-523986131536->omNode-3-AppendLogResponseHandler: Failed appendEntries: org.apache.ratis.thirdparty.io.grpc.StatusRuntimeException: UNAVAILABLE: io exception
2022-10-18 06:31:43,471 [grpc-default-executor-1] INFO  leader.FollowerInfo (FollowerInfoImpl.java:lambda$new$0(48)) - omNode-1@group-523986131536->omNode-3: nextIndex: updateUnconditionally 381 -> 45
2022-10-18 06:31:43,473 [grpc-default-executor-1] WARN  server.GrpcLogAppender (LogUtils.java:warn(122)) - omNode-1@group-523986131536->omNode-3-AppendLogResponseHandler: Failed appendEntries: org.apache.ratis.thirdparty.io.grpc.StatusRuntimeException: UNAVAILABLE: io exception
2022-10-18 06:31:43,473 [grpc-default-executor-1] INFO  leader.FollowerInfo (FollowerInfoImpl.java:lambda$new$0(48)) - omNode-1@group-523986131536->omNode-3: nextIndex: updateUnconditionally 381 -> 45
2022-10-18 06:31:43,474 [grpc-default-executor-1] WARN  server.GrpcLogAppender (LogUtils.java:warn(122)) - omNode-1@group-523986131536->omNode-3-AppendLogResponseHandler: Failed appendEntries: org.apache.ratis.thirdparty.io.grpc.StatusRuntimeException: UNAVAILABLE: io exception
2022-10-18 06:31:43,474 [grpc-default-executor-1] INFO  leader.FollowerInfo (FollowerInfoImpl.java:lambda$new$0(48)) - omNode-1@group-523986131536->omNode-3: nextIndex: updateUnconditionally 382 -> 45
2022-10-18 06:31:43,476 [grpc-default-executor-1] WARN  server.GrpcLogAppender (LogUtils.java:warn(122)) - omNode-1@group-523986131536->omNode-3-AppendLogResponseHandler: Failed appendEntries: org.apache.ratis.thirdparty.io.grpc.StatusRuntimeException: UNAVAILABLE: io exception
2022-10-18 06:31:43,476 [grpc-default-executor-1] INFO  leader.FollowerInfo (FollowerInfoImpl.java:lambda$new$0(48)) - omNode-1@group-523986131536->omNode-3: nextIndex: updateUnconditionally 382 -> 45
2022-10-18 06:31:43,477 [grpc-default-executor-1] WARN  server.GrpcLogAppender (LogUtils.java:warn(122)) - omNode-1@group-523986131536->omNode-3-AppendLogResponseHandler: Failed appendEntries: org.apache.ratis.thirdparty.io.grpc.StatusRuntimeException: UNAVAILABLE: io exception
2022-10-18 06:31:43,477 [grpc-default-executor-1] INFO  leader.FollowerInfo (FollowerInfoImpl.java:lambda$new$0(48)) - omNode-1@group-523986131536->omNode-3: nextIndex: updateUnconditionally 383 -> 45
2022-10-18 06:31:43,480 [grpc-default-executor-1] WARN  server.GrpcLogAppender (LogUtils.java:warn(122)) - omNode-1@group-523986131536->omNode-3-AppendLogResponseHandler: Failed appendEntries: org.apache.ratis.thirdparty.io.grpc.StatusRuntimeException: UNAVAILABLE: io exception
2022-10-18 06:31:43,480 [grpc-default-executor-1] INFO  leader.FollowerInfo (FollowerInfoImpl.java:lambda$new$0(48)) - omNode-1@group-523986131536->omNode-3: nextIndex: updateUnconditionally 383 -> 45
2022-10-18 06:31:43,481 [grpc-default-executor-1] WARN  server.GrpcLogAppender (LogUtils.java:warn(122)) - omNode-1@group-523986131536->omNode-3-AppendLogResponseHandler: Failed appendEntries: org.apache.ratis.thirdparty.io.grpc.StatusRuntimeException: UNAVAILABLE: io exception
2022-10-18 06:31:43,481 [grpc-default-executor-1] INFO  leader.FollowerInfo (FollowerInfoImpl.java:lambda$new$0(48)) - omNode-1@group-523986131536->omNode-3: nextIndex: updateUnconditionally 383 -> 45
2022-10-18 06:31:43,484 [grpc-default-executor-1] WARN  server.GrpcLogAppender (LogUtils.java:warn(122)) - omNode-1@group-523986131536->omNode-3-AppendLogResponseHandler: Failed appendEntries: org.apache.ratis.thirdparty.io.grpc.StatusRuntimeException: UNAVAILABLE: io exception
2022-10-18 06:31:43,484 [grpc-default-executor-1] INFO  leader.FollowerInfo (FollowerInfoImpl.java:lambda$new$0(48)) - omNode-1@group-523986131536->omNode-3: nextIndex: updateUnconditionally 384 -> 45
2022-10-18 06:31:43,489 [grpc-default-executor-1] WARN  server.GrpcLogAppender (LogUtils.java:warn(122)) - omNode-1@group-523986131536->omNode-3-AppendLogResponseHandler: Failed appendEntries: org.apache.ratis.thirdparty.io.grpc.StatusRuntimeException: UNAVAILABLE: io exception
2022-10-18 06:31:43,489 [grpc-default-executor-1] INFO  leader.FollowerInfo (FollowerInfoImpl.java:lambda$new$0(48)) - omNode-1@group-523986131536->omNode-3: nextIndex: updateUnconditionally 384 -> 45
2022-10-18 06:31:43,490 [grpc-default-executor-1] WARN  server.GrpcLogAppender (LogUtils.java:warn(122)) - omNode-1@group-523986131536->omNode-3-AppendLogResponseHandler: Failed appendEntries: org.apache.ratis.thirdparty.io.grpc.StatusRuntimeException: UNAVAILABLE: io exception
2022-10-18 06:31:43,491 [grpc-default-executor-1] INFO  leader.FollowerInfo (FollowerInfoImpl.java:lambda$new$0(48)) - omNode-1@group-523986131536->omNode-3: nextIndex: updateUnconditionally 385 -> 45
2022-10-18 06:31:43,492 [grpc-default-executor-1] WARN  server.GrpcLogAppender (LogUtils.java:warn(122)) - omNode-1@group-523986131536->omNode-3-AppendLogResponseHandler: Failed appendEntries: org.apache.ratis.thirdparty.io.grpc.StatusRuntimeException: UNAVAILABLE: io exception
2022-10-18 06:31:43,492 [grpc-default-executor-1] INFO  leader.FollowerInfo (FollowerInfoImpl.java:lambda$new$0(48)) - omNode-1@group-523986131536->omNode-3: nextIndex: updateUnconditionally 385 -> 45
2022-10-18 06:31:43,494 [grpc-default-executor-3] WARN  server.GrpcLogAppender (LogUtils.java:warn(122)) - omNode-1@group-523986131536->omNode-3-AppendLogResponseHandler: Failed appendEntries: org.apache.ratis.thirdparty.io.grpc.StatusRuntimeException: UNAVAILABLE: io exception
2022-10-18 06:31:43,494 [grpc-default-executor-3] INFO  leader.FollowerInfo (FollowerInfoImpl.java:lambda$new$0(48)) - omNode-1@group-523986131536->omNode-3: nextIndex: updateUnconditionally 386 -> 45
2022-10-18 06:31:43,496 [grpc-default-executor-1] WARN  server.GrpcLogAppender (LogUtils.java:warn(122)) - omNode-1@group-523986131536->omNode-3-AppendLogResponseHandler: Failed appendEntries: org.apache.ratis.thirdparty.io.grpc.StatusRuntimeException: UNAVAILABLE: io exception
2022-10-18 06:31:43,496 [grpc-default-executor-1] INFO  leader.FollowerInfo (FollowerInfoImpl.java:lambda$new$0(48)) - omNode-1@group-523986131536->omNode-3: nextIndex: updateUnconditionally 386 -> 45
2022-10-18 06:31:43,497 [grpc-default-executor-1] WARN  server.GrpcLogAppender (LogUtils.java:warn(122)) - omNode-1@group-523986131536->omNode-3-AppendLogResponseHandler: Failed appendEntries: org.apache.ratis.thirdparty.io.grpc.StatusRuntimeException: UNAVAILABLE: io exception
2022-10-18 06:31:43,497 [grpc-default-executor-1] INFO  leader.FollowerInfo (FollowerInfoImpl.java:lambda$new$0(48)) - omNode-1@group-523986131536->omNode-3: nextIndex: updateUnconditionally 387 -> 45
2022-10-18 06:31:43,501 [grpc-default-executor-3] WARN  server.GrpcLogAppender (LogUtils.java:warn(122)) - omNode-1@group-523986131536->omNode-3-AppendLogResponseHandler: Failed appendEntries: org.apache.ratis.thirdparty.io.grpc.StatusRuntimeException: UNAVAILABLE: io exception
2022-10-18 06:31:43,502 [grpc-default-executor-3] INFO  leader.FollowerInfo (FollowerInfoImpl.java:lambda$new$0(48)) - omNode-1@group-523986131536->omNode-3: nextIndex: updateUnconditionally 387 -> 45
2022-10-18 06:31:43,502 [grpc-default-executor-3] WARN  server.GrpcLogAppender (LogUtils.java:warn(122)) - omNode-1@group-523986131536->omNode-3-AppendLogResponseHandler: Failed appendEntries: org.apache.ratis.thirdparty.io.grpc.StatusRuntimeException: UNAVAILABLE: io exception
2022-10-18 06:31:43,503 [grpc-default-executor-3] INFO  leader.FollowerInfo (FollowerInfoImpl.java:lambda$new$0(48)) - omNode-1@group-523986131536->omNode-3: nextIndex: updateUnconditionally 387 -> 45
2022-10-18 06:31:43,506 [grpc-default-executor-1] WARN  server.GrpcLogAppender (LogUtils.java:warn(122)) - omNode-1@group-523986131536->omNode-3-AppendLogResponseHandler: Failed appendEntries: org.apache.ratis.thirdparty.io.grpc.StatusRuntimeException: UNAVAILABLE: io exception
2022-10-18 06:31:43,506 [grpc-default-executor-1] INFO  leader.FollowerInfo (FollowerInfoImpl.java:lambda$new$0(48)) - omNode-1@group-523986131536->omNode-3: nextIndex: updateUnconditionally 388 -> 45
2022-10-18 06:31:43,509 [grpc-default-executor-3] WARN  server.GrpcLogAppender (LogUtils.java:warn(122)) - omNode-1@group-523986131536->omNode-3-AppendLogResponseHandler: Failed appendEntries: org.apache.ratis.thirdparty.io.grpc.StatusRuntimeException: UNAVAILABLE: io exception
2022-10-18 06:31:43,509 [grpc-default-executor-3] INFO  leader.FollowerInfo (FollowerInfoImpl.java:lambda$new$0(48)) - omNode-1@group-523986131536->omNode-3: nextIndex: updateUnconditionally 388 -> 45
2022-10-18 06:31:43,511 [grpc-default-executor-3] WARN  server.GrpcLogAppender (LogUtils.java:warn(122)) - omNode-1@group-523986131536->omNode-3-AppendLogResponseHandler: Failed appendEntries: org.apache.ratis.thirdparty.io.grpc.StatusRuntimeException: UNAVAILABLE: io exception
2022-10-18 06:31:43,512 [grpc-default-executor-3] INFO  leader.FollowerInfo (FollowerInfoImpl.java:lambda$new$0(48)) - omNode-1@group-523986131536->omNode-3: nextIndex: updateUnconditionally 389 -> 45
2022-10-18 06:31:43,513 [grpc-default-executor-1] WARN  server.GrpcLogAppender (LogUtils.java:warn(122)) - omNode-1@group-523986131536->omNode-3-AppendLogResponseHandler: Failed appendEntries: org.apache.ratis.thirdparty.io.grpc.StatusRuntimeException: UNAVAILABLE: io exception
2022-10-18 06:31:43,513 [grpc-default-executor-1] INFO  leader.FollowerInfo (FollowerInfoImpl.java:lambda$new$0(48)) - omNode-1@group-523986131536->omNode-3: nextIndex: updateUnconditionally 390 -> 45
2022-10-18 06:31:43,514 [grpc-default-executor-3] WARN  server.GrpcLogAppender (LogUtils.java:warn(122)) - omNode-1@group-523986131536->omNode-3-AppendLogResponseHandler: Failed appendEntries: org.apache.ratis.thirdparty.io.grpc.StatusRuntimeException: UNAVAILABLE: io exception
2022-10-18 06:31:43,514 [grpc-default-executor-3] INFO  leader.FollowerInfo (FollowerInfoImpl.java:lambda$new$0(48)) - omNode-1@group-523986131536->omNode-3: nextIndex: updateUnconditionally 390 -> 45
2022-10-18 06:31:43,524 [grpc-default-executor-1] WARN  server.GrpcLogAppender (LogUtils.java:warn(122)) - omNode-1@group-523986131536->omNode-3-AppendLogResponseHandler: Failed appendEntries: org.apache.ratis.thirdparty.io.grpc.StatusRuntimeException: UNAVAILABLE: io exception
2022-10-18 06:31:43,524 [grpc-default-executor-1] INFO  leader.FollowerInfo (FollowerInfoImpl.java:lambda$new$0(48)) - omNode-1@group-523986131536->omNode-3: nextIndex: updateUnconditionally 391 -> 45
2022-10-18 06:31:43,525 [grpc-default-executor-1] WARN  server.GrpcLogAppender (LogUtils.java:warn(122)) - omNode-1@group-523986131536->omNode-3-AppendLogResponseHandler: Failed appendEntries: org.apache.ratis.thirdparty.io.grpc.StatusRuntimeException: UNAVAILABLE: io exception
2022-10-18 06:31:43,525 [grpc-default-executor-1] INFO  leader.FollowerInfo (FollowerInfoImpl.java:lambda$new$0(48)) - omNode-1@group-523986131536->omNode-3: nextIndex: updateUnconditionally 392 -> 45
2022-10-18 06:31:43,527 [grpc-default-executor-3] WARN  server.GrpcLogAppender (LogUtils.java:warn(122)) - omNode-1@group-523986131536->omNode-3-AppendLogResponseHandler: Failed appendEntries: org.apache.ratis.thirdparty.io.grpc.StatusRuntimeException: UNAVAILABLE: io exception
2022-10-18 06:31:43,527 [grpc-default-executor-3] INFO  leader.FollowerInfo (FollowerInfoImpl.java:lambda$new$0(48)) - omNode-1@group-523986131536->omNode-3: nextIndex: updateUnconditionally 392 -> 45
2022-10-18 06:31:43,529 [grpc-default-executor-3] WARN  server.GrpcLogAppender (LogUtils.java:warn(122)) - omNode-1@group-523986131536->omNode-3-AppendLogResponseHandler: Failed appendEntries: org.apache.ratis.thirdparty.io.grpc.StatusRuntimeException: UNAVAILABLE: io exception
2022-10-18 06:31:43,529 [grpc-default-executor-3] INFO  leader.FollowerInfo (FollowerInfoImpl.java:lambda$new$0(48)) - omNode-1@group-523986131536->omNode-3: nextIndex: updateUnconditionally 394 -> 45
2022-10-18 06:31:43,531 [grpc-default-executor-1] WARN  server.GrpcLogAppender (LogUtils.java:warn(122)) - omNode-1@group-523986131536->omNode-3-AppendLogResponseHandler: Failed appendEntries: org.apache.ratis.thirdparty.io.grpc.StatusRuntimeException: UNAVAILABLE: io exception
2022-10-18 06:31:43,531 [grpc-default-executor-1] INFO  leader.FollowerInfo (FollowerInfoImpl.java:lambda$new$0(48)) - omNode-1@group-523986131536->omNode-3: nextIndex: updateUnconditionally 394 -> 45
2022-10-18 06:31:43,532 [grpc-default-executor-1] WARN  server.GrpcLogAppender (LogUtils.java:warn(122)) - omNode-1@group-523986131536->omNode-3-AppendLogResponseHandler: Failed appendEntries: org.apache.ratis.thirdparty.io.grpc.StatusRuntimeException: UNAVAILABLE: io exception
2022-10-18 06:31:43,532 [grpc-default-executor-1] INFO  leader.FollowerInfo (FollowerInfoImpl.java:lambda$new$0(48)) - omNode-1@group-523986131536->omNode-3: nextIndex: updateUnconditionally 395 -> 45
2022-10-18 06:31:43,538 [grpc-default-executor-1] WARN  server.GrpcLogAppender (LogUtils.java:warn(122)) - omNode-1@group-523986131536->omNode-3-AppendLogResponseHandler: Failed appendEntries: org.apache.ratis.thirdparty.io.grpc.StatusRuntimeException: UNAVAILABLE: io exception
2022-10-18 06:31:43,538 [grpc-default-executor-1] INFO  leader.FollowerInfo (FollowerInfoImpl.java:lambda$new$0(48)) - omNode-1@group-523986131536->omNode-3: nextIndex: updateUnconditionally 395 -> 45
2022-10-18 06:31:43,546 [grpc-default-executor-3] WARN  server.GrpcLogAppender (LogUtils.java:warn(122)) - omNode-1@group-523986131536->omNode-3-AppendLogResponseHandler: Failed appendEntries: org.apache.ratis.thirdparty.io.grpc.StatusRuntimeException: UNAVAILABLE: io exception
2022-10-18 06:31:43,546 [grpc-default-executor-3] INFO  leader.FollowerInfo (FollowerInfoImpl.java:lambda$new$0(48)) - omNode-1@group-523986131536->omNode-3: nextIndex: updateUnconditionally 396 -> 45
2022-10-18 06:31:43,547 [grpc-default-executor-1] WARN  server.GrpcLogAppender (LogUtils.java:warn(122)) - omNode-1@group-523986131536->omNode-3-AppendLogResponseHandler: Failed appendEntries: org.apache.ratis.thirdparty.io.grpc.StatusRuntimeException: UNAVAILABLE: io exception
2022-10-18 06:31:43,547 [grpc-default-executor-1] INFO  leader.FollowerInfo (FollowerInfoImpl.java:lambda$new$0(48)) - omNode-1@group-523986131536->omNode-3: nextIndex: updateUnconditionally 396 -> 45
2022-10-18 06:31:43,551 [grpc-default-executor-1] WARN  server.GrpcLogAppender (LogUtils.java:warn(122)) - omNode-1@group-523986131536->omNode-3-AppendLogResponseHandler: Failed appendEntries: org.apache.ratis.thirdparty.io.grpc.StatusRuntimeException: UNAVAILABLE: io exception
2022-10-18 06:31:43,551 [grpc-default-executor-1] INFO  leader.FollowerInfo (FollowerInfoImpl.java:lambda$new$0(48)) - omNode-1@group-523986131536->omNode-3: nextIndex: updateUnconditionally 398 -> 45
2022-10-18 06:31:43,554 [grpc-default-executor-1] WARN  server.GrpcLogAppender (LogUtils.java:warn(122)) - omNode-1@group-523986131536->omNode-3-AppendLogResponseHandler: Failed appendEntries: org.apache.ratis.thirdparty.io.grpc.StatusRuntimeException: UNAVAILABLE: io exception
2022-10-18 06:31:43,554 [grpc-default-executor-1] INFO  leader.FollowerInfo (FollowerInfoImpl.java:lambda$new$0(48)) - omNode-1@group-523986131536->omNode-3: nextIndex: updateUnconditionally 398 -> 45
2022-10-18 06:31:43,556 [grpc-default-executor-1] WARN  server.GrpcLogAppender (LogUtils.java:warn(122)) - omNode-1@group-523986131536->omNode-3-AppendLogResponseHandler: Failed appendEntries: org.apache.ratis.thirdparty.io.grpc.StatusRuntimeException: UNAVAILABLE: io exception
2022-10-18 06:31:43,556 [grpc-default-executor-1] INFO  leader.FollowerInfo (FollowerInfoImpl.java:lambda$new$0(48)) - omNode-1@group-523986131536->omNode-3: nextIndex: updateUnconditionally 399 -> 45
2022-10-18 06:31:43,559 [grpc-default-executor-3] WARN  server.GrpcLogAppender (LogUtils.java:warn(122)) - omNode-1@group-523986131536->omNode-3-AppendLogResponseHandler: Failed appendEntries: org.apache.ratis.thirdparty.io.grpc.StatusRuntimeException: UNAVAILABLE: io exception
2022-10-18 06:31:43,559 [grpc-default-executor-3] INFO  leader.FollowerInfo (FollowerInfoImpl.java:lambda$new$0(48)) - omNode-1@group-523986131536->omNode-3: nextIndex: updateUnconditionally 399 -> 45
2022-10-18 06:31:43,567 [grpc-default-executor-1] WARN  server.GrpcLogAppender (LogUtils.java:warn(122)) - omNode-1@group-523986131536->omNode-3-AppendLogResponseHandler: Failed appendEntries: org.apache.ratis.thirdparty.io.grpc.StatusRuntimeException: UNAVAILABLE: io exception
2022-10-18 06:31:43,567 [grpc-default-executor-1] INFO  leader.FollowerInfo (FollowerInfoImpl.java:lambda$new$0(48)) - omNode-1@group-523986131536->omNode-3: nextIndex: updateUnconditionally 400 -> 45
2022-10-18 06:31:43,569 [grpc-default-executor-1] WARN  server.GrpcLogAppender (LogUtils.java:warn(122)) - omNode-1@group-523986131536->omNode-3-AppendLogResponseHandler: Failed appendEntries: org.apache.ratis.thirdparty.io.grpc.StatusRuntimeException: UNAVAILABLE: io exception
2022-10-18 06:31:43,569 [grpc-default-executor-1] INFO  leader.FollowerInfo (FollowerInfoImpl.java:lambda$new$0(48)) - omNode-1@group-523986131536->omNode-3: nextIndex: updateUnconditionally 400 -> 45
2022-10-18 06:31:43,572 [grpc-default-executor-3] WARN  server.GrpcLogAppender (LogUtils.java:warn(122)) - omNode-1@group-523986131536->omNode-3-AppendLogResponseHandler: Failed appendEntries: org.apache.ratis.thirdparty.io.grpc.StatusRuntimeException: UNAVAILABLE: io exception
2022-10-18 06:31:43,572 [grpc-default-executor-3] INFO  leader.FollowerInfo (FollowerInfoImpl.java:lambda$new$0(48)) - omNode-1@group-523986131536->omNode-3: nextIndex: updateUnconditionally 401 -> 45
2022-10-18 06:31:43,573 [grpc-default-executor-1] WARN  server.GrpcLogAppender (LogUtils.java:warn(122)) - omNode-1@group-523986131536->omNode-3-AppendLogResponseHandler: Failed appendEntries: org.apache.ratis.thirdparty.io.grpc.StatusRuntimeException: UNAVAILABLE: io exception
2022-10-18 06:31:43,573 [grpc-default-executor-1] INFO  leader.FollowerInfo (FollowerInfoImpl.java:lambda$new$0(48)) - omNode-1@group-523986131536->omNode-3: nextIndex: updateUnconditionally 402 -> 45
2022-10-18 06:31:43,575 [omNode-1@group-523986131536-StateMachineUpdater] INFO  ratis.OzoneManagerStateMachine (OzoneManagerStateMachine.java:takeSnapshot(441)) - Current Snapshot Index (t:1, i:400)
2022-10-18 06:31:43,575 [omNode-1@group-523986131536-StateMachineUpdater] INFO  impl.StateMachineUpdater (StateMachineUpdater.java:takeSnapshot(287)) - omNode-1@group-523986131536-StateMachineUpdater: Took a snapshot at index 400
2022-10-18 06:31:43,575 [omNode-1@group-523986131536-StateMachineUpdater] INFO  impl.StateMachineUpdater (StateMachineUpdater.java:lambda$new$0(92)) - omNode-1@group-523986131536-StateMachineUpdater: snapshotIndex: updateIncreasingly 350 -> 400
2022-10-18 06:31:43,575 [omNode-1@group-523986131536-StateMachineUpdater] INFO  raftlog.RaftLog (RaftLogBase.java:purge(308)) - omNode-1@group-523986131536-SegmentedRaftLog: purge 400
2022-10-18 06:31:43,575 [omNode-1@group-523986131536-StateMachineUpdater] INFO  raftlog.RaftLog (RaftLogBase.java:lambda$new$0(53)) - omNode-1@group-523986131536-SegmentedRaftLog: snapshotIndex: updateIncreasingly 350 -> 400
2022-10-18 06:31:43,575 [omNode-1@group-523986131536-StateMachineUpdater] INFO  raftlog.RaftLog (RaftLogBase.java:lambda$new$0(53)) - omNode-1@group-523986131536-SegmentedRaftLog: purgeIndex: updateToMax old=350, new=400, updated? true
2022-10-18 06:31:43,575 [grpc-default-executor-1] WARN  server.GrpcLogAppender (LogUtils.java:warn(122)) - omNode-1@group-523986131536->omNode-3-AppendLogResponseHandler: Failed appendEntries: org.apache.ratis.thirdparty.io.grpc.StatusRuntimeException: UNAVAILABLE: io exception
2022-10-18 06:31:43,575 [grpc-default-executor-1] INFO  leader.FollowerInfo (FollowerInfoImpl.java:lambda$new$0(48)) - omNode-1@group-523986131536->omNode-3: nextIndex: updateUnconditionally 402 -> 45
2022-10-18 06:31:43,578 [grpc-default-executor-1] WARN  server.GrpcLogAppender (LogUtils.java:warn(122)) - omNode-1@group-523986131536->omNode-3-AppendLogResponseHandler: Failed appendEntries: org.apache.ratis.thirdparty.io.grpc.StatusRuntimeException: UNAVAILABLE: io exception
2022-10-18 06:31:43,578 [grpc-default-executor-1] INFO  leader.FollowerInfo (FollowerInfoImpl.java:lambda$new$0(48)) - omNode-1@group-523986131536->omNode-3: nextIndex: updateUnconditionally 403 -> 45
2022-10-18 06:31:43,586 [grpc-default-executor-1] WARN  server.GrpcLogAppender (LogUtils.java:warn(122)) - omNode-1@group-523986131536->omNode-3-AppendLogResponseHandler: Failed appendEntries: org.apache.ratis.thirdparty.io.grpc.StatusRuntimeException: UNAVAILABLE: io exception
2022-10-18 06:31:43,587 [grpc-default-executor-1] INFO  leader.FollowerInfo (FollowerInfoImpl.java:lambda$new$0(48)) - omNode-1@group-523986131536->omNode-3: nextIndex: updateUnconditionally 403 -> 45
2022-10-18 06:31:43,587 [grpc-default-executor-0] WARN  server.GrpcLogAppender (LogUtils.java:warn(122)) - omNode-1@group-523986131536->omNode-3-AppendLogResponseHandler: Failed appendEntries: org.apache.ratis.thirdparty.io.grpc.StatusRuntimeException: UNAVAILABLE: io exception
2022-10-18 06:31:43,587 [grpc-default-executor-0] INFO  leader.FollowerInfo (FollowerInfoImpl.java:lambda$new$0(48)) - omNode-1@group-523986131536->omNode-3: nextIndex: updateUnconditionally 403 -> 45
2022-10-18 06:31:43,594 [grpc-default-executor-3] WARN  server.GrpcLogAppender (LogUtils.java:warn(122)) - omNode-1@group-523986131536->omNode-3-AppendLogResponseHandler: Failed appendEntries: org.apache.ratis.thirdparty.io.grpc.StatusRuntimeException: UNAVAILABLE: io exception
2022-10-18 06:31:43,594 [grpc-default-executor-3] INFO  leader.FollowerInfo (FollowerInfoImpl.java:lambda$new$0(48)) - omNode-1@group-523986131536->omNode-3: nextIndex: updateUnconditionally 404 -> 45
2022-10-18 06:31:43,596 [grpc-default-executor-3] WARN  server.GrpcLogAppender (LogUtils.java:warn(122)) - omNode-1@group-523986131536->omNode-3-AppendLogResponseHandler: Failed appendEntries: org.apache.ratis.thirdparty.io.grpc.StatusRuntimeException: UNAVAILABLE: io exception
2022-10-18 06:31:43,596 [grpc-default-executor-3] INFO  leader.FollowerInfo (FollowerInfoImpl.java:lambda$new$0(48)) - omNode-1@group-523986131536->omNode-3: nextIndex: updateUnconditionally 404 -> 45
2022-10-18 06:31:43,597 [grpc-default-executor-1] WARN  server.GrpcLogAppender (LogUtils.java:warn(122)) - omNode-1@group-523986131536->omNode-3-AppendLogResponseHandler: Failed appendEntries: org.apache.ratis.thirdparty.io.grpc.StatusRuntimeException: UNAVAILABLE: io exception
2022-10-18 06:31:43,597 [grpc-default-executor-1] INFO  leader.FollowerInfo (FollowerInfoImpl.java:lambda$new$0(48)) - omNode-1@group-523986131536->omNode-3: nextIndex: updateUnconditionally 405 -> 45
2022-10-18 06:31:43,601 [grpc-default-executor-3] WARN  server.GrpcLogAppender (LogUtils.java:warn(122)) - omNode-1@group-523986131536->omNode-3-AppendLogResponseHandler: Failed appendEntries: org.apache.ratis.thirdparty.io.grpc.StatusRuntimeException: UNAVAILABLE: io exception
2022-10-18 06:31:43,601 [grpc-default-executor-3] INFO  leader.FollowerInfo (FollowerInfoImpl.java:lambda$new$0(48)) - omNode-1@group-523986131536->omNode-3: nextIndex: updateUnconditionally 406 -> 45
2022-10-18 06:31:43,602 [grpc-default-executor-0] WARN  server.GrpcLogAppender (LogUtils.java:warn(122)) - omNode-1@group-523986131536->omNode-3-AppendLogResponseHandler: Failed appendEntries: org.apache.ratis.thirdparty.io.grpc.StatusRuntimeException: UNAVAILABLE: io exception
2022-10-18 06:31:43,602 [grpc-default-executor-0] INFO  leader.FollowerInfo (FollowerInfoImpl.java:lambda$new$0(48)) - omNode-1@group-523986131536->omNode-3: nextIndex: updateUnconditionally 406 -> 45
2022-10-18 06:31:43,605 [grpc-default-executor-3] WARN  server.GrpcLogAppender (LogUtils.java:warn(122)) - omNode-1@group-523986131536->omNode-3-AppendLogResponseHandler: Failed appendEntries: org.apache.ratis.thirdparty.io.grpc.StatusRuntimeException: UNAVAILABLE: io exception
2022-10-18 06:31:43,605 [grpc-default-executor-3] INFO  leader.FollowerInfo (FollowerInfoImpl.java:lambda$new$0(48)) - omNode-1@group-523986131536->omNode-3: nextIndex: updateUnconditionally 407 -> 45
2022-10-18 06:31:43,611 [grpc-default-executor-0] WARN  server.GrpcLogAppender (LogUtils.java:warn(122)) - omNode-1@group-523986131536->omNode-3-AppendLogResponseHandler: Failed appendEntries: org.apache.ratis.thirdparty.io.grpc.StatusRuntimeException: UNAVAILABLE: io exception
2022-10-18 06:31:43,611 [grpc-default-executor-0] INFO  leader.FollowerInfo (FollowerInfoImpl.java:lambda$new$0(48)) - omNode-1@group-523986131536->omNode-3: nextIndex: updateUnconditionally 407 -> 45
2022-10-18 06:31:43,616 [grpc-default-executor-3] WARN  server.GrpcLogAppender (LogUtils.java:warn(122)) - omNode-1@group-523986131536->omNode-3-AppendLogResponseHandler: Failed appendEntries: org.apache.ratis.thirdparty.io.grpc.StatusRuntimeException: UNAVAILABLE: io exception
2022-10-18 06:31:43,616 [grpc-default-executor-3] INFO  leader.FollowerInfo (FollowerInfoImpl.java:lambda$new$0(48)) - omNode-1@group-523986131536->omNode-3: nextIndex: updateUnconditionally 408 -> 45
2022-10-18 06:31:43,616 [omNode-2@group-523986131536-StateMachineUpdater] INFO  ratis.OzoneManagerStateMachine (OzoneManagerStateMachine.java:takeSnapshot(441)) - Current Snapshot Index (t:1, i:406)
2022-10-18 06:31:43,616 [omNode-2@group-523986131536-StateMachineUpdater] INFO  impl.StateMachineUpdater (StateMachineUpdater.java:takeSnapshot(287)) - omNode-2@group-523986131536-StateMachineUpdater: Took a snapshot at index 406
2022-10-18 06:31:43,616 [omNode-2@group-523986131536-StateMachineUpdater] INFO  impl.StateMachineUpdater (StateMachineUpdater.java:lambda$new$0(92)) - omNode-2@group-523986131536-StateMachineUpdater: snapshotIndex: updateIncreasingly 356 -> 406
2022-10-18 06:31:43,616 [omNode-2@group-523986131536-StateMachineUpdater] INFO  raftlog.RaftLog (RaftLogBase.java:purge(308)) - omNode-2@group-523986131536-SegmentedRaftLog: purge 406
2022-10-18 06:31:43,616 [omNode-2@group-523986131536-StateMachineUpdater] INFO  raftlog.RaftLog (RaftLogBase.java:lambda$new$0(53)) - omNode-2@group-523986131536-SegmentedRaftLog: snapshotIndex: updateIncreasingly 356 -> 406
2022-10-18 06:31:43,616 [omNode-2@group-523986131536-StateMachineUpdater] INFO  raftlog.RaftLog (RaftLogBase.java:lambda$new$0(53)) - omNode-2@group-523986131536-SegmentedRaftLog: purgeIndex: updateToMax old=356, new=406, updated? true
2022-10-18 06:31:43,618 [grpc-default-executor-0] WARN  server.GrpcLogAppender (LogUtils.java:warn(122)) - omNode-1@group-523986131536->omNode-3-AppendLogResponseHandler: Failed appendEntries: org.apache.ratis.thirdparty.io.grpc.StatusRuntimeException: UNAVAILABLE: io exception
2022-10-18 06:31:43,618 [grpc-default-executor-0] INFO  leader.FollowerInfo (FollowerInfoImpl.java:lambda$new$0(48)) - omNode-1@group-523986131536->omNode-3: nextIndex: updateUnconditionally 408 -> 45
2022-10-18 06:31:43,622 [grpc-default-executor-0] WARN  server.GrpcLogAppender (LogUtils.java:warn(122)) - omNode-1@group-523986131536->omNode-3-AppendLogResponseHandler: Failed appendEntries: org.apache.ratis.thirdparty.io.grpc.StatusRuntimeException: UNAVAILABLE: io exception
2022-10-18 06:31:43,622 [grpc-default-executor-0] INFO  leader.FollowerInfo (FollowerInfoImpl.java:lambda$new$0(48)) - omNode-1@group-523986131536->omNode-3: nextIndex: updateUnconditionally 409 -> 45
2022-10-18 06:31:43,623 [grpc-default-executor-0] WARN  server.GrpcLogAppender (LogUtils.java:warn(122)) - omNode-1@group-523986131536->omNode-3-AppendLogResponseHandler: Failed appendEntries: org.apache.ratis.thirdparty.io.grpc.StatusRuntimeException: UNAVAILABLE: io exception
2022-10-18 06:31:43,623 [grpc-default-executor-0] INFO  leader.FollowerInfo (FollowerInfoImpl.java:lambda$new$0(48)) - omNode-1@group-523986131536->omNode-3: nextIndex: updateUnconditionally 410 -> 45
2022-10-18 06:31:43,624 [grpc-default-executor-0] WARN  server.GrpcLogAppender (LogUtils.java:warn(122)) - omNode-1@group-523986131536->omNode-3-AppendLogResponseHandler: Failed appendEntries: org.apache.ratis.thirdparty.io.grpc.StatusRuntimeException: UNAVAILABLE: io exception
2022-10-18 06:31:43,624 [grpc-default-executor-0] INFO  leader.FollowerInfo (FollowerInfoImpl.java:lambda$new$0(48)) - omNode-1@group-523986131536->omNode-3: nextIndex: updateUnconditionally 410 -> 45
2022-10-18 06:31:43,627 [grpc-default-executor-3] WARN  server.GrpcLogAppender (LogUtils.java:warn(122)) - omNode-1@group-523986131536->omNode-3-AppendLogResponseHandler: Failed appendEntries: org.apache.ratis.thirdparty.io.grpc.StatusRuntimeException: UNAVAILABLE: io exception
2022-10-18 06:31:43,627 [grpc-default-executor-3] INFO  leader.FollowerInfo (FollowerInfoImpl.java:lambda$new$0(48)) - omNode-1@group-523986131536->omNode-3: nextIndex: updateUnconditionally 411 -> 45
2022-10-18 06:31:43,629 [grpc-default-executor-0] WARN  server.GrpcLogAppender (LogUtils.java:warn(122)) - omNode-1@group-523986131536->omNode-3-AppendLogResponseHandler: Failed appendEntries: org.apache.ratis.thirdparty.io.grpc.StatusRuntimeException: UNAVAILABLE: io exception
2022-10-18 06:31:43,629 [grpc-default-executor-0] INFO  leader.FollowerInfo (FollowerInfoImpl.java:lambda$new$0(48)) - omNode-1@group-523986131536->omNode-3: nextIndex: updateUnconditionally 411 -> 45
2022-10-18 06:31:43,633 [grpc-default-executor-2] WARN  server.GrpcLogAppender (LogUtils.java:warn(122)) - omNode-1@group-523986131536->omNode-3-AppendLogResponseHandler: Failed appendEntries: org.apache.ratis.thirdparty.io.grpc.StatusRuntimeException: UNAVAILABLE: io exception
2022-10-18 06:31:43,634 [grpc-default-executor-2] INFO  leader.FollowerInfo (FollowerInfoImpl.java:lambda$new$0(48)) - omNode-1@group-523986131536->omNode-3: nextIndex: updateUnconditionally 411 -> 45
2022-10-18 06:31:43,638 [EndpointStateMachine task thread for /0.0.0.0:34663 - 0 ] INFO  ipc.Client (Client.java:handleConnectionFailure(1010)) - Retrying connect to server: 0.0.0.0/0.0.0.0:34663. Already tried 7 time(s); retry policy is RetryUpToMaximumCountWithFixedSleep(maxRetries=15, sleepTime=1000 MILLISECONDS)
2022-10-18 06:31:43,639 [grpc-default-executor-0] WARN  server.GrpcLogAppender (LogUtils.java:warn(122)) - omNode-1@group-523986131536->omNode-3-AppendLogResponseHandler: Failed appendEntries: org.apache.ratis.thirdparty.io.grpc.StatusRuntimeException: UNAVAILABLE: io exception
2022-10-18 06:31:43,639 [grpc-default-executor-0] INFO  leader.FollowerInfo (FollowerInfoImpl.java:lambda$new$0(48)) - omNode-1@group-523986131536->omNode-3: nextIndex: updateUnconditionally 412 -> 45
2022-10-18 06:31:43,641 [grpc-default-executor-0] WARN  server.GrpcLogAppender (LogUtils.java:warn(122)) - omNode-1@group-523986131536->omNode-3-AppendLogResponseHandler: Failed appendEntries: org.apache.ratis.thirdparty.io.grpc.StatusRuntimeException: UNAVAILABLE: io exception
2022-10-18 06:31:43,642 [grpc-default-executor-0] INFO  leader.FollowerInfo (FollowerInfoImpl.java:lambda$new$0(48)) - omNode-1@group-523986131536->omNode-3: nextIndex: updateUnconditionally 412 -> 45
2022-10-18 06:31:43,646 [grpc-default-executor-0] WARN  server.GrpcLogAppender (LogUtils.java:warn(122)) - omNode-1@group-523986131536->omNode-3-AppendLogResponseHandler: Failed appendEntries: org.apache.ratis.thirdparty.io.grpc.StatusRuntimeException: UNAVAILABLE: io exception
2022-10-18 06:31:43,646 [grpc-default-executor-0] INFO  leader.FollowerInfo (FollowerInfoImpl.java:lambda$new$0(48)) - omNode-1@group-523986131536->omNode-3: nextIndex: updateUnconditionally 414 -> 45
2022-10-18 06:31:43,650 [grpc-default-executor-0] WARN  server.GrpcLogAppender (LogUtils.java:warn(122)) - omNode-1@group-523986131536->omNode-3-AppendLogResponseHandler: Failed appendEntries: org.apache.ratis.thirdparty.io.grpc.StatusRuntimeException: UNAVAILABLE: io exception
2022-10-18 06:31:43,650 [grpc-default-executor-0] INFO  leader.FollowerInfo (FollowerInfoImpl.java:lambda$new$0(48)) - omNode-1@group-523986131536->omNode-3: nextIndex: updateUnconditionally 414 -> 45
2022-10-18 06:31:43,651 [grpc-default-executor-0] WARN  server.GrpcLogAppender (LogUtils.java:warn(122)) - omNode-1@group-523986131536->omNode-3-AppendLogResponseHandler: Failed appendEntries: org.apache.ratis.thirdparty.io.grpc.StatusRuntimeException: UNAVAILABLE: io exception
2022-10-18 06:31:43,651 [grpc-default-executor-0] INFO  leader.FollowerInfo (FollowerInfoImpl.java:lambda$new$0(48)) - omNode-1@group-523986131536->omNode-3: nextIndex: updateUnconditionally 414 -> 45
2022-10-18 06:31:43,658 [grpc-default-executor-3] WARN  server.GrpcLogAppender (LogUtils.java:warn(122)) - omNode-1@group-523986131536->omNode-3-AppendLogResponseHandler: Failed appendEntries: org.apache.ratis.thirdparty.io.grpc.StatusRuntimeException: UNAVAILABLE: io exception
2022-10-18 06:31:43,658 [grpc-default-executor-3] INFO  leader.FollowerInfo (FollowerInfoImpl.java:lambda$new$0(48)) - omNode-1@group-523986131536->omNode-3: nextIndex: updateUnconditionally 415 -> 45
2022-10-18 06:31:43,660 [grpc-default-executor-3] WARN  server.GrpcLogAppender (LogUtils.java:warn(122)) - omNode-1@group-523986131536->omNode-3-AppendLogResponseHandler: Failed appendEntries: org.apache.ratis.thirdparty.io.grpc.StatusRuntimeException: UNAVAILABLE: io exception
2022-10-18 06:31:43,661 [grpc-default-executor-3] INFO  leader.FollowerInfo (FollowerInfoImpl.java:lambda$new$0(48)) - omNode-1@group-523986131536->omNode-3: nextIndex: updateUnconditionally 415 -> 45
2022-10-18 06:31:43,671 [grpc-default-executor-3] WARN  server.GrpcLogAppender (LogUtils.java:warn(122)) - omNode-1@group-523986131536->omNode-3-AppendLogResponseHandler: Failed appendEntries: org.apache.ratis.thirdparty.io.grpc.StatusRuntimeException: UNAVAILABLE: io exception
2022-10-18 06:31:43,671 [grpc-default-executor-3] INFO  leader.FollowerInfo (FollowerInfoImpl.java:lambda$new$0(48)) - omNode-1@group-523986131536->omNode-3: nextIndex: updateUnconditionally 416 -> 45
2022-10-18 06:31:43,673 [grpc-default-executor-3] WARN  server.GrpcLogAppender (LogUtils.java:warn(122)) - omNode-1@group-523986131536->omNode-3-AppendLogResponseHandler: Failed appendEntries: org.apache.ratis.thirdparty.io.grpc.StatusRuntimeException: UNAVAILABLE: io exception
2022-10-18 06:31:43,673 [grpc-default-executor-3] INFO  leader.FollowerInfo (FollowerInfoImpl.java:lambda$new$0(48)) - omNode-1@group-523986131536->omNode-3: nextIndex: updateUnconditionally 416 -> 45
2022-10-18 06:31:43,674 [grpc-default-executor-3] WARN  server.GrpcLogAppender (LogUtils.java:warn(122)) - omNode-1@group-523986131536->omNode-3-AppendLogResponseHandler: Failed appendEntries: org.apache.ratis.thirdparty.io.grpc.StatusRuntimeException: UNAVAILABLE: io exception
2022-10-18 06:31:43,675 [grpc-default-executor-3] INFO  leader.FollowerInfo (FollowerInfoImpl.java:lambda$new$0(48)) - omNode-1@group-523986131536->omNode-3: nextIndex: updateUnconditionally 417 -> 45
2022-10-18 06:31:43,676 [grpc-default-executor-0] WARN  server.GrpcLogAppender (LogUtils.java:warn(122)) - omNode-1@group-523986131536->omNode-3-AppendLogResponseHandler: Failed appendEntries: org.apache.ratis.thirdparty.io.grpc.StatusRuntimeException: UNAVAILABLE: io exception
2022-10-18 06:31:43,676 [grpc-default-executor-0] INFO  leader.FollowerInfo (FollowerInfoImpl.java:lambda$new$0(48)) - omNode-1@group-523986131536->omNode-3: nextIndex: updateUnconditionally 418 -> 45
2022-10-18 06:31:43,679 [grpc-default-executor-3] WARN  server.GrpcLogAppender (LogUtils.java:warn(122)) - omNode-1@group-523986131536->omNode-3-AppendLogResponseHandler: Failed appendEntries: org.apache.ratis.thirdparty.io.grpc.StatusRuntimeException: UNAVAILABLE: io exception
2022-10-18 06:31:43,679 [grpc-default-executor-3] INFO  leader.FollowerInfo (FollowerInfoImpl.java:lambda$new$0(48)) - omNode-1@group-523986131536->omNode-3: nextIndex: updateUnconditionally 418 -> 45
2022-10-18 06:31:43,680 [grpc-default-executor-0] WARN  server.GrpcLogAppender (LogUtils.java:warn(122)) - omNode-1@group-523986131536->omNode-3-AppendLogResponseHandler: Failed appendEntries: org.apache.ratis.thirdparty.io.grpc.StatusRuntimeException: UNAVAILABLE: io exception
2022-10-18 06:31:43,680 [grpc-default-executor-0] INFO  leader.FollowerInfo (FollowerInfoImpl.java:lambda$new$0(48)) - omNode-1@group-523986131536->omNode-3: nextIndex: updateUnconditionally 418 -> 45
2022-10-18 06:31:43,681 [grpc-default-executor-2] WARN  server.GrpcLogAppender (LogUtils.java:warn(122)) - omNode-1@group-523986131536->omNode-3-AppendLogResponseHandler: Failed appendEntries: org.apache.ratis.thirdparty.io.grpc.StatusRuntimeException: UNAVAILABLE: io exception
2022-10-18 06:31:43,682 [grpc-default-executor-2] INFO  leader.FollowerInfo (FollowerInfoImpl.java:lambda$new$0(48)) - omNode-1@group-523986131536->omNode-3: nextIndex: updateUnconditionally 419 -> 45
2022-10-18 06:31:43,686 [grpc-default-executor-0] WARN  server.GrpcLogAppender (LogUtils.java:warn(122)) - omNode-1@group-523986131536->omNode-3-AppendLogResponseHandler: Failed appendEntries: org.apache.ratis.thirdparty.io.grpc.StatusRuntimeException: UNAVAILABLE: io exception
2022-10-18 06:31:43,686 [grpc-default-executor-0] INFO  leader.FollowerInfo (FollowerInfoImpl.java:lambda$new$0(48)) - omNode-1@group-523986131536->omNode-3: nextIndex: updateUnconditionally 419 -> 45
2022-10-18 06:31:43,689 [grpc-default-executor-2] WARN  server.GrpcLogAppender (LogUtils.java:warn(122)) - omNode-1@group-523986131536->omNode-3-AppendLogResponseHandler: Failed appendEntries: org.apache.ratis.thirdparty.io.grpc.StatusRuntimeException: UNAVAILABLE: io exception
2022-10-18 06:31:43,690 [grpc-default-executor-2] INFO  leader.FollowerInfo (FollowerInfoImpl.java:lambda$new$0(48)) - omNode-1@group-523986131536->omNode-3: nextIndex: updateUnconditionally 420 -> 45
2022-10-18 06:31:43,695 [grpc-default-executor-2] WARN  server.GrpcLogAppender (LogUtils.java:warn(122)) - omNode-1@group-523986131536->omNode-3-AppendLogResponseHandler: Failed appendEntries: org.apache.ratis.thirdparty.io.grpc.StatusRuntimeException: UNAVAILABLE: io exception
2022-10-18 06:31:43,696 [grpc-default-executor-2] INFO  leader.FollowerInfo (FollowerInfoImpl.java:lambda$new$0(48)) - omNode-1@group-523986131536->omNode-3: nextIndex: updateUnconditionally 420 -> 45
2022-10-18 06:31:43,699 [grpc-default-executor-2] WARN  server.GrpcLogAppender (LogUtils.java:warn(122)) - omNode-1@group-523986131536->omNode-3-AppendLogResponseHandler: Failed appendEntries: org.apache.ratis.thirdparty.io.grpc.StatusRuntimeException: UNAVAILABLE: io exception
2022-10-18 06:31:43,700 [grpc-default-executor-2] INFO  leader.FollowerInfo (FollowerInfoImpl.java:lambda$new$0(48)) - omNode-1@group-523986131536->omNode-3: nextIndex: updateUnconditionally 422 -> 45
2022-10-18 06:31:43,702 [grpc-default-executor-2] WARN  server.GrpcLogAppender (LogUtils.java:warn(122)) - omNode-1@group-523986131536->omNode-3-AppendLogResponseHandler: Failed appendEntries: org.apache.ratis.thirdparty.io.grpc.StatusRuntimeException: UNAVAILABLE: io exception
2022-10-18 06:31:43,703 [grpc-default-executor-2] INFO  leader.FollowerInfo (FollowerInfoImpl.java:lambda$new$0(48)) - omNode-1@group-523986131536->omNode-3: nextIndex: updateUnconditionally 423 -> 45
2022-10-18 06:31:43,712 [grpc-default-executor-0] WARN  server.GrpcLogAppender (LogUtils.java:warn(122)) - omNode-1@group-523986131536->omNode-3-AppendLogResponseHandler: Failed appendEntries: org.apache.ratis.thirdparty.io.grpc.StatusRuntimeException: UNAVAILABLE: io exception
2022-10-18 06:31:43,712 [grpc-default-executor-0] INFO  leader.FollowerInfo (FollowerInfoImpl.java:lambda$new$0(48)) - omNode-1@group-523986131536->omNode-3: nextIndex: updateUnconditionally 423 -> 45
2022-10-18 06:31:43,713 [grpc-default-executor-0] WARN  server.GrpcLogAppender (LogUtils.java:warn(122)) - omNode-1@group-523986131536->omNode-3-AppendLogResponseHandler: Failed appendEntries: org.apache.ratis.thirdparty.io.grpc.StatusRuntimeException: UNAVAILABLE: io exception
2022-10-18 06:31:43,714 [grpc-default-executor-0] INFO  leader.FollowerInfo (FollowerInfoImpl.java:lambda$new$0(48)) - omNode-1@group-523986131536->omNode-3: nextIndex: updateUnconditionally 424 -> 45
2022-10-18 06:31:43,721 [grpc-default-executor-0] WARN  server.GrpcLogAppender (LogUtils.java:warn(122)) - omNode-1@group-523986131536->omNode-3-AppendLogResponseHandler: Failed appendEntries: org.apache.ratis.thirdparty.io.grpc.StatusRuntimeException: UNAVAILABLE: io exception
2022-10-18 06:31:43,722 [grpc-default-executor-0] INFO  leader.FollowerInfo (FollowerInfoImpl.java:lambda$new$0(48)) - omNode-1@group-523986131536->omNode-3: nextIndex: updateUnconditionally 424 -> 45
2022-10-18 06:31:43,723 [grpc-default-executor-2] WARN  server.GrpcLogAppender (LogUtils.java:warn(122)) - omNode-1@group-523986131536->omNode-3-AppendLogResponseHandler: Failed appendEntries: org.apache.ratis.thirdparty.io.grpc.StatusRuntimeException: UNAVAILABLE: io exception
2022-10-18 06:31:43,724 [grpc-default-executor-2] INFO  leader.FollowerInfo (FollowerInfoImpl.java:lambda$new$0(48)) - omNode-1@group-523986131536->omNode-3: nextIndex: updateUnconditionally 426 -> 45
2022-10-18 06:31:43,731 [grpc-default-executor-2] WARN  server.GrpcLogAppender (LogUtils.java:warn(122)) - omNode-1@group-523986131536->omNode-3-AppendLogResponseHandler: Failed appendEntries: org.apache.ratis.thirdparty.io.grpc.StatusRuntimeException: UNAVAILABLE: io exception
2022-10-18 06:31:43,731 [grpc-default-executor-2] INFO  leader.FollowerInfo (FollowerInfoImpl.java:lambda$new$0(48)) - omNode-1@group-523986131536->omNode-3: nextIndex: updateUnconditionally 426 -> 45
2022-10-18 06:31:43,734 [grpc-default-executor-2] WARN  server.GrpcLogAppender (LogUtils.java:warn(122)) - omNode-1@group-523986131536->omNode-3-AppendLogResponseHandler: Failed appendEntries: org.apache.ratis.thirdparty.io.grpc.StatusRuntimeException: UNAVAILABLE: io exception
2022-10-18 06:31:43,735 [grpc-default-executor-2] INFO  leader.FollowerInfo (FollowerInfoImpl.java:lambda$new$0(48)) - omNode-1@group-523986131536->omNode-3: nextIndex: updateUnconditionally 427 -> 45
2022-10-18 06:31:43,744 [grpc-default-executor-2] WARN  server.GrpcLogAppender (LogUtils.java:warn(122)) - omNode-1@group-523986131536->omNode-3-AppendLogResponseHandler: Failed appendEntries: org.apache.ratis.thirdparty.io.grpc.StatusRuntimeException: UNAVAILABLE: io exception
2022-10-18 06:31:43,744 [grpc-default-executor-2] INFO  leader.FollowerInfo (FollowerInfoImpl.java:lambda$new$0(48)) - omNode-1@group-523986131536->omNode-3: nextIndex: updateUnconditionally 427 -> 45
2022-10-18 06:31:43,746 [grpc-default-executor-0] WARN  server.GrpcLogAppender (LogUtils.java:warn(122)) - omNode-1@group-523986131536->omNode-3-AppendLogResponseHandler: Failed appendEntries: org.apache.ratis.thirdparty.io.grpc.StatusRuntimeException: UNAVAILABLE: io exception
2022-10-18 06:31:43,746 [grpc-default-executor-0] INFO  leader.FollowerInfo (FollowerInfoImpl.java:lambda$new$0(48)) - omNode-1@group-523986131536->omNode-3: nextIndex: updateUnconditionally 428 -> 45
2022-10-18 06:31:43,750 [grpc-default-executor-0] WARN  server.GrpcLogAppender (LogUtils.java:warn(122)) - omNode-1@group-523986131536->omNode-3-AppendLogResponseHandler: Failed appendEntries: org.apache.ratis.thirdparty.io.grpc.StatusRuntimeException: UNAVAILABLE: io exception
2022-10-18 06:31:43,750 [grpc-default-executor-0] INFO  leader.FollowerInfo (FollowerInfoImpl.java:lambda$new$0(48)) - omNode-1@group-523986131536->omNode-3: nextIndex: updateUnconditionally 428 -> 45
2022-10-18 06:31:43,753 [grpc-default-executor-2] WARN  server.GrpcLogAppender (LogUtils.java:warn(122)) - omNode-1@group-523986131536->omNode-3-AppendLogResponseHandler: Failed appendEntries: org.apache.ratis.thirdparty.io.grpc.StatusRuntimeException: UNAVAILABLE: io exception
2022-10-18 06:31:43,753 [grpc-default-executor-2] INFO  leader.FollowerInfo (FollowerInfoImpl.java:lambda$new$0(48)) - omNode-1@group-523986131536->omNode-3: nextIndex: updateUnconditionally 429 -> 45
2022-10-18 06:31:43,755 [grpc-default-executor-0] WARN  server.GrpcLogAppender (LogUtils.java:warn(122)) - omNode-1@group-523986131536->omNode-3-AppendLogResponseHandler: Failed appendEntries: org.apache.ratis.thirdparty.io.grpc.StatusRuntimeException: UNAVAILABLE: io exception
2022-10-18 06:31:43,755 [grpc-default-executor-0] INFO  leader.FollowerInfo (FollowerInfoImpl.java:lambda$new$0(48)) - omNode-1@group-523986131536->omNode-3: nextIndex: updateUnconditionally 430 -> 45
2022-10-18 06:31:43,758 [grpc-default-executor-0] WARN  server.GrpcLogAppender (LogUtils.java:warn(122)) - omNode-1@group-523986131536->omNode-3-AppendLogResponseHandler: Failed appendEntries: org.apache.ratis.thirdparty.io.grpc.StatusRuntimeException: UNAVAILABLE: io exception
2022-10-18 06:31:43,758 [grpc-default-executor-0] INFO  leader.FollowerInfo (FollowerInfoImpl.java:lambda$new$0(48)) - omNode-1@group-523986131536->omNode-3: nextIndex: updateUnconditionally 430 -> 45
2022-10-18 06:31:43,761 [grpc-default-executor-0] WARN  server.GrpcLogAppender (LogUtils.java:warn(122)) - omNode-1@group-523986131536->omNode-3-AppendLogResponseHandler: Failed appendEntries: org.apache.ratis.thirdparty.io.grpc.StatusRuntimeException: UNAVAILABLE: io exception
2022-10-18 06:31:43,761 [grpc-default-executor-0] INFO  leader.FollowerInfo (FollowerInfoImpl.java:lambda$new$0(48)) - omNode-1@group-523986131536->omNode-3: nextIndex: updateUnconditionally 431 -> 45
2022-10-18 06:31:43,767 [grpc-default-executor-2] WARN  server.GrpcLogAppender (LogUtils.java:warn(122)) - omNode-1@group-523986131536->omNode-3-AppendLogResponseHandler: Failed appendEntries: org.apache.ratis.thirdparty.io.grpc.StatusRuntimeException: UNAVAILABLE: io exception
2022-10-18 06:31:43,767 [grpc-default-executor-2] INFO  leader.FollowerInfo (FollowerInfoImpl.java:lambda$new$0(48)) - omNode-1@group-523986131536->omNode-3: nextIndex: updateUnconditionally 431 -> 45
2022-10-18 06:31:43,769 [grpc-default-executor-2] WARN  server.GrpcLogAppender (LogUtils.java:warn(122)) - omNode-1@group-523986131536->omNode-3-AppendLogResponseHandler: Failed appendEntries: org.apache.ratis.thirdparty.io.grpc.StatusRuntimeException: UNAVAILABLE: io exception
2022-10-18 06:31:43,769 [grpc-default-executor-2] INFO  leader.FollowerInfo (FollowerInfoImpl.java:lambda$new$0(48)) - omNode-1@group-523986131536->omNode-3: nextIndex: updateUnconditionally 432 -> 45
2022-10-18 06:31:43,770 [grpc-default-executor-0] WARN  server.GrpcLogAppender (LogUtils.java:warn(122)) - omNode-1@group-523986131536->omNode-3-AppendLogResponseHandler: Failed appendEntries: org.apache.ratis.thirdparty.io.grpc.StatusRuntimeException: UNAVAILABLE: io exception
2022-10-18 06:31:43,771 [grpc-default-executor-0] INFO  leader.FollowerInfo (FollowerInfoImpl.java:lambda$new$0(48)) - omNode-1@group-523986131536->omNode-3: nextIndex: updateUnconditionally 432 -> 45
2022-10-18 06:31:43,774 [grpc-default-executor-2] WARN  server.GrpcLogAppender (LogUtils.java:warn(122)) - omNode-1@group-523986131536->omNode-3-AppendLogResponseHandler: Failed appendEntries: org.apache.ratis.thirdparty.io.grpc.StatusRuntimeException: UNAVAILABLE: io exception
2022-10-18 06:31:43,774 [grpc-default-executor-2] INFO  leader.FollowerInfo (FollowerInfoImpl.java:lambda$new$0(48)) - omNode-1@group-523986131536->omNode-3: nextIndex: updateUnconditionally 433 -> 45
2022-10-18 06:31:43,776 [grpc-default-executor-0] WARN  server.GrpcLogAppender (LogUtils.java:warn(122)) - omNode-1@group-523986131536->omNode-3-AppendLogResponseHandler: Failed appendEntries: org.apache.ratis.thirdparty.io.grpc.StatusRuntimeException: UNAVAILABLE: io exception
2022-10-18 06:31:43,776 [grpc-default-executor-0] INFO  leader.FollowerInfo (FollowerInfoImpl.java:lambda$new$0(48)) - omNode-1@group-523986131536->omNode-3: nextIndex: updateUnconditionally 434 -> 45
2022-10-18 06:31:43,782 [grpc-default-executor-0] WARN  server.GrpcLogAppender (LogUtils.java:warn(122)) - omNode-1@group-523986131536->omNode-3-AppendLogResponseHandler: Failed appendEntries: org.apache.ratis.thirdparty.io.grpc.StatusRuntimeException: UNAVAILABLE: io exception
2022-10-18 06:31:43,782 [grpc-default-executor-0] INFO  leader.FollowerInfo (FollowerInfoImpl.java:lambda$new$0(48)) - omNode-1@group-523986131536->omNode-3: nextIndex: updateUnconditionally 435 -> 45
2022-10-18 06:31:43,785 [grpc-default-executor-2] WARN  server.GrpcLogAppender (LogUtils.java:warn(122)) - omNode-1@group-523986131536->omNode-3-AppendLogResponseHandler: Failed appendEntries: org.apache.ratis.thirdparty.io.grpc.StatusRuntimeException: UNAVAILABLE: io exception
2022-10-18 06:31:43,785 [grpc-default-executor-2] INFO  leader.FollowerInfo (FollowerInfoImpl.java:lambda$new$0(48)) - omNode-1@group-523986131536->omNode-3: nextIndex: updateUnconditionally 435 -> 45
2022-10-18 06:31:43,793 [grpc-default-executor-2] WARN  server.GrpcLogAppender (LogUtils.java:warn(122)) - omNode-1@group-523986131536->omNode-3-AppendLogResponseHandler: Failed appendEntries: org.apache.ratis.thirdparty.io.grpc.StatusRuntimeException: UNAVAILABLE: io exception
2022-10-18 06:31:43,793 [grpc-default-executor-2] INFO  leader.FollowerInfo (FollowerInfoImpl.java:lambda$new$0(48)) - omNode-1@group-523986131536->omNode-3: nextIndex: updateUnconditionally 436 -> 45
2022-10-18 06:31:43,799 [grpc-default-executor-0] WARN  server.GrpcLogAppender (LogUtils.java:warn(122)) - omNode-1@group-523986131536->omNode-3-AppendLogResponseHandler: Failed appendEntries: org.apache.ratis.thirdparty.io.grpc.StatusRuntimeException: UNAVAILABLE: io exception
2022-10-18 06:31:43,800 [grpc-default-executor-0] INFO  leader.FollowerInfo (FollowerInfoImpl.java:lambda$new$0(48)) - omNode-1@group-523986131536->omNode-3: nextIndex: updateUnconditionally 436 -> 45
2022-10-18 06:31:43,804 [grpc-default-executor-0] WARN  server.GrpcLogAppender (LogUtils.java:warn(122)) - omNode-1@group-523986131536->omNode-3-AppendLogResponseHandler: Failed appendEntries: org.apache.ratis.thirdparty.io.grpc.StatusRuntimeException: UNAVAILABLE: io exception
2022-10-18 06:31:43,804 [grpc-default-executor-0] INFO  leader.FollowerInfo (FollowerInfoImpl.java:lambda$new$0(48)) - omNode-1@group-523986131536->omNode-3: nextIndex: updateUnconditionally 438 -> 45
2022-10-18 06:31:43,807 [grpc-default-executor-0] WARN  server.GrpcLogAppender (LogUtils.java:warn(122)) - omNode-1@group-523986131536->omNode-3-AppendLogResponseHandler: Failed appendEntries: org.apache.ratis.thirdparty.io.grpc.StatusRuntimeException: UNAVAILABLE: io exception
2022-10-18 06:31:43,807 [grpc-default-executor-0] INFO  leader.FollowerInfo (FollowerInfoImpl.java:lambda$new$0(48)) - omNode-1@group-523986131536->omNode-3: nextIndex: updateUnconditionally 439 -> 45
2022-10-18 06:31:43,812 [grpc-default-executor-2] WARN  server.GrpcLogAppender (LogUtils.java:warn(122)) - omNode-1@group-523986131536->omNode-3-AppendLogResponseHandler: Failed appendEntries: org.apache.ratis.thirdparty.io.grpc.StatusRuntimeException: UNAVAILABLE: io exception
2022-10-18 06:31:43,812 [grpc-default-executor-2] INFO  leader.FollowerInfo (FollowerInfoImpl.java:lambda$new$0(48)) - omNode-1@group-523986131536->omNode-3: nextIndex: updateUnconditionally 439 -> 45
2022-10-18 06:31:43,819 [grpc-default-executor-2] WARN  server.GrpcLogAppender (LogUtils.java:warn(122)) - omNode-1@group-523986131536->omNode-3-AppendLogResponseHandler: Failed appendEntries: org.apache.ratis.thirdparty.io.grpc.StatusRuntimeException: UNAVAILABLE: io exception
2022-10-18 06:31:43,819 [grpc-default-executor-2] INFO  leader.FollowerInfo (FollowerInfoImpl.java:lambda$new$0(48)) - omNode-1@group-523986131536->omNode-3: nextIndex: updateUnconditionally 440 -> 45
2022-10-18 06:31:43,827 [grpc-default-executor-0] WARN  server.GrpcLogAppender (LogUtils.java:warn(122)) - omNode-1@group-523986131536->omNode-3-AppendLogResponseHandler: Failed appendEntries: org.apache.ratis.thirdparty.io.grpc.StatusRuntimeException: UNAVAILABLE: io exception
2022-10-18 06:31:43,827 [grpc-default-executor-0] INFO  leader.FollowerInfo (FollowerInfoImpl.java:lambda$new$0(48)) - omNode-1@group-523986131536->omNode-3: nextIndex: updateUnconditionally 440 -> 45
2022-10-18 06:31:43,829 [grpc-default-executor-2] WARN  server.GrpcLogAppender (LogUtils.java:warn(122)) - omNode-1@group-523986131536->omNode-3-AppendLogResponseHandler: Failed appendEntries: org.apache.ratis.thirdparty.io.grpc.StatusRuntimeException: UNAVAILABLE: io exception
2022-10-18 06:31:43,829 [grpc-default-executor-2] INFO  leader.FollowerInfo (FollowerInfoImpl.java:lambda$new$0(48)) - omNode-1@group-523986131536->omNode-3: nextIndex: updateUnconditionally 442 -> 45
2022-10-18 06:31:43,834 [grpc-default-executor-0] WARN  server.GrpcLogAppender (LogUtils.java:warn(122)) - omNode-1@group-523986131536->omNode-3-AppendLogResponseHandler: Failed appendEntries: org.apache.ratis.thirdparty.io.grpc.StatusRuntimeException: UNAVAILABLE: io exception
2022-10-18 06:31:43,834 [grpc-default-executor-0] INFO  leader.FollowerInfo (FollowerInfoImpl.java:lambda$new$0(48)) - omNode-1@group-523986131536->omNode-3: nextIndex: updateUnconditionally 442 -> 45
2022-10-18 06:31:43,835 [grpc-default-executor-0] WARN  server.GrpcLogAppender (LogUtils.java:warn(122)) - omNode-1@group-523986131536->omNode-3-AppendLogResponseHandler: Failed appendEntries: org.apache.ratis.thirdparty.io.grpc.StatusRuntimeException: UNAVAILABLE: io exception
2022-10-18 06:31:43,835 [grpc-default-executor-0] INFO  leader.FollowerInfo (FollowerInfoImpl.java:lambda$new$0(48)) - omNode-1@group-523986131536->omNode-3: nextIndex: updateUnconditionally 442 -> 45
2022-10-18 06:31:43,838 [grpc-default-executor-2] WARN  server.GrpcLogAppender (LogUtils.java:warn(122)) - omNode-1@group-523986131536->omNode-3-AppendLogResponseHandler: Failed appendEntries: org.apache.ratis.thirdparty.io.grpc.StatusRuntimeException: UNAVAILABLE: io exception
2022-10-18 06:31:43,838 [grpc-default-executor-2] INFO  leader.FollowerInfo (FollowerInfoImpl.java:lambda$new$0(48)) - omNode-1@group-523986131536->omNode-3: nextIndex: updateUnconditionally 443 -> 45
2022-10-18 06:31:43,841 [grpc-default-executor-2] WARN  server.GrpcLogAppender (LogUtils.java:warn(122)) - omNode-1@group-523986131536->omNode-3-AppendLogResponseHandler: Failed appendEntries: org.apache.ratis.thirdparty.io.grpc.StatusRuntimeException: UNAVAILABLE: io exception
2022-10-18 06:31:43,841 [grpc-default-executor-2] INFO  leader.FollowerInfo (FollowerInfoImpl.java:lambda$new$0(48)) - omNode-1@group-523986131536->omNode-3: nextIndex: updateUnconditionally 443 -> 45
2022-10-18 06:31:43,843 [grpc-default-executor-0] WARN  server.GrpcLogAppender (LogUtils.java:warn(122)) - omNode-1@group-523986131536->omNode-3-AppendLogResponseHandler: Failed appendEntries: org.apache.ratis.thirdparty.io.grpc.StatusRuntimeException: UNAVAILABLE: io exception
2022-10-18 06:31:43,844 [grpc-default-executor-0] INFO  leader.FollowerInfo (FollowerInfoImpl.java:lambda$new$0(48)) - omNode-1@group-523986131536->omNode-3: nextIndex: updateUnconditionally 444 -> 45
2022-10-18 06:31:43,849 [grpc-default-executor-2] WARN  server.GrpcLogAppender (LogUtils.java:warn(122)) - omNode-1@group-523986131536->omNode-3-AppendLogResponseHandler: Failed appendEntries: org.apache.ratis.thirdparty.io.grpc.StatusRuntimeException: UNAVAILABLE: io exception
2022-10-18 06:31:43,849 [grpc-default-executor-2] INFO  leader.FollowerInfo (FollowerInfoImpl.java:lambda$new$0(48)) - omNode-1@group-523986131536->omNode-3: nextIndex: updateUnconditionally 444 -> 45
2022-10-18 06:31:43,852 [grpc-default-executor-2] WARN  server.GrpcLogAppender (LogUtils.java:warn(122)) - omNode-1@group-523986131536->omNode-3-AppendLogResponseHandler: Failed appendEntries: org.apache.ratis.thirdparty.io.grpc.StatusRuntimeException: UNAVAILABLE: io exception
2022-10-18 06:31:43,852 [grpc-default-executor-2] INFO  leader.FollowerInfo (FollowerInfoImpl.java:lambda$new$0(48)) - omNode-1@group-523986131536->omNode-3: nextIndex: updateUnconditionally 446 -> 45
2022-10-18 06:31:43,859 [grpc-default-executor-2] WARN  server.GrpcLogAppender (LogUtils.java:warn(122)) - omNode-1@group-523986131536->omNode-3-AppendLogResponseHandler: Failed appendEntries: org.apache.ratis.thirdparty.io.grpc.StatusRuntimeException: UNAVAILABLE: io exception
2022-10-18 06:31:43,859 [grpc-default-executor-2] INFO  leader.FollowerInfo (FollowerInfoImpl.java:lambda$new$0(48)) - omNode-1@group-523986131536->omNode-3: nextIndex: updateUnconditionally 446 -> 45
2022-10-18 06:31:43,860 [grpc-default-executor-0] WARN  server.GrpcLogAppender (LogUtils.java:warn(122)) - omNode-1@group-523986131536->omNode-3-AppendLogResponseHandler: Failed appendEntries: org.apache.ratis.thirdparty.io.grpc.StatusRuntimeException: UNAVAILABLE: io exception
2022-10-18 06:31:43,861 [grpc-default-executor-0] INFO  leader.FollowerInfo (FollowerInfoImpl.java:lambda$new$0(48)) - omNode-1@group-523986131536->omNode-3: nextIndex: updateUnconditionally 447 -> 45
2022-10-18 06:31:43,868 [grpc-default-executor-0] WARN  server.GrpcLogAppender (LogUtils.java:warn(122)) - omNode-1@group-523986131536->omNode-3-AppendLogResponseHandler: Failed appendEntries: org.apache.ratis.thirdparty.io.grpc.StatusRuntimeException: UNAVAILABLE: io exception
2022-10-18 06:31:43,868 [grpc-default-executor-0] INFO  leader.FollowerInfo (FollowerInfoImpl.java:lambda$new$0(48)) - omNode-1@group-523986131536->omNode-3: nextIndex: updateUnconditionally 447 -> 45
2022-10-18 06:31:43,875 [grpc-default-executor-2] WARN  server.GrpcLogAppender (LogUtils.java:warn(122)) - omNode-1@group-523986131536->omNode-3-AppendLogResponseHandler: Failed appendEntries: org.apache.ratis.thirdparty.io.grpc.StatusRuntimeException: UNAVAILABLE: io exception
2022-10-18 06:31:43,875 [grpc-default-executor-2] INFO  leader.FollowerInfo (FollowerInfoImpl.java:lambda$new$0(48)) - omNode-1@group-523986131536->omNode-3: nextIndex: updateUnconditionally 448 -> 45
2022-10-18 06:31:43,877 [grpc-default-executor-0] WARN  server.GrpcLogAppender (LogUtils.java:warn(122)) - omNode-1@group-523986131536->omNode-3-AppendLogResponseHandler: Failed appendEntries: org.apache.ratis.thirdparty.io.grpc.StatusRuntimeException: UNAVAILABLE: io exception
2022-10-18 06:31:43,877 [grpc-default-executor-0] INFO  leader.FollowerInfo (FollowerInfoImpl.java:lambda$new$0(48)) - omNode-1@group-523986131536->omNode-3: nextIndex: updateUnconditionally 449 -> 45
2022-10-18 06:31:43,885 [grpc-default-executor-0] WARN  server.GrpcLogAppender (LogUtils.java:warn(122)) - omNode-1@group-523986131536->omNode-3-AppendLogResponseHandler: Failed appendEntries: org.apache.ratis.thirdparty.io.grpc.StatusRuntimeException: UNAVAILABLE: io exception
2022-10-18 06:31:43,886 [grpc-default-executor-0] INFO  leader.FollowerInfo (FollowerInfoImpl.java:lambda$new$0(48)) - omNode-1@group-523986131536->omNode-3: nextIndex: updateUnconditionally 450 -> 45
2022-10-18 06:31:43,889 [grpc-default-executor-0] WARN  server.GrpcLogAppender (LogUtils.java:warn(122)) - omNode-1@group-523986131536->omNode-3-AppendLogResponseHandler: Failed appendEntries: org.apache.ratis.thirdparty.io.grpc.StatusRuntimeException: UNAVAILABLE: io exception
2022-10-18 06:31:43,889 [grpc-default-executor-0] INFO  leader.FollowerInfo (FollowerInfoImpl.java:lambda$new$0(48)) - omNode-1@group-523986131536->omNode-3: nextIndex: updateUnconditionally 450 -> 45
2022-10-18 06:31:43,899 [grpc-default-executor-0] WARN  server.GrpcLogAppender (LogUtils.java:warn(122)) - omNode-1@group-523986131536->omNode-3-AppendLogResponseHandler: Failed appendEntries: org.apache.ratis.thirdparty.io.grpc.StatusRuntimeException: UNAVAILABLE: io exception
2022-10-18 06:31:43,899 [grpc-default-executor-0] INFO  leader.FollowerInfo (FollowerInfoImpl.java:lambda$new$0(48)) - omNode-1@group-523986131536->omNode-3: nextIndex: updateUnconditionally 451 -> 45
2022-10-18 06:31:43,904 [grpc-default-executor-0] WARN  server.GrpcLogAppender (LogUtils.java:warn(122)) - omNode-1@group-523986131536->omNode-3-AppendLogResponseHandler: Failed appendEntries: org.apache.ratis.thirdparty.io.grpc.StatusRuntimeException: UNAVAILABLE: io exception
2022-10-18 06:31:43,904 [grpc-default-executor-0] INFO  leader.FollowerInfo (FollowerInfoImpl.java:lambda$new$0(48)) - omNode-1@group-523986131536->omNode-3: nextIndex: updateUnconditionally 451 -> 45
2022-10-18 06:31:43,904 [omNode-1@group-523986131536-StateMachineUpdater] INFO  ratis.OzoneManagerStateMachine (OzoneManagerStateMachine.java:takeSnapshot(441)) - Current Snapshot Index (t:1, i:450)
2022-10-18 06:31:43,904 [omNode-1@group-523986131536-StateMachineUpdater] INFO  impl.StateMachineUpdater (StateMachineUpdater.java:takeSnapshot(287)) - omNode-1@group-523986131536-StateMachineUpdater: Took a snapshot at index 450
2022-10-18 06:31:43,904 [omNode-1@group-523986131536-StateMachineUpdater] INFO  impl.StateMachineUpdater (StateMachineUpdater.java:lambda$new$0(92)) - omNode-1@group-523986131536-StateMachineUpdater: snapshotIndex: updateIncreasingly 400 -> 450
2022-10-18 06:31:43,904 [omNode-1@group-523986131536-StateMachineUpdater] INFO  raftlog.RaftLog (RaftLogBase.java:purge(308)) - omNode-1@group-523986131536-SegmentedRaftLog: purge 450
2022-10-18 06:31:43,904 [omNode-1@group-523986131536-StateMachineUpdater] INFO  raftlog.RaftLog (RaftLogBase.java:lambda$new$0(53)) - omNode-1@group-523986131536-SegmentedRaftLog: snapshotIndex: updateIncreasingly 400 -> 450
2022-10-18 06:31:43,904 [omNode-1@group-523986131536-StateMachineUpdater] INFO  raftlog.RaftLog (RaftLogBase.java:lambda$new$0(53)) - omNode-1@group-523986131536-SegmentedRaftLog: purgeIndex: updateToMax old=400, new=450, updated? true
2022-10-18 06:31:43,904 [grpc-default-executor-0] WARN  server.GrpcLogAppender (LogUtils.java:warn(122)) - omNode-1@group-523986131536->omNode-3-AppendLogResponseHandler: Failed appendEntries: org.apache.ratis.thirdparty.io.grpc.StatusRuntimeException: UNAVAILABLE: io exception
2022-10-18 06:31:43,905 [grpc-default-executor-0] INFO  leader.FollowerInfo (FollowerInfoImpl.java:lambda$new$0(48)) - omNode-1@group-523986131536->omNode-3: nextIndex: updateUnconditionally 451 -> 45
2022-10-18 06:31:43,913 [grpc-default-executor-2] WARN  server.GrpcLogAppender (LogUtils.java:warn(122)) - omNode-1@group-523986131536->omNode-3-AppendLogResponseHandler: Failed appendEntries: org.apache.ratis.thirdparty.io.grpc.StatusRuntimeException: UNAVAILABLE: io exception
2022-10-18 06:31:43,913 [grpc-default-executor-2] INFO  leader.FollowerInfo (FollowerInfoImpl.java:lambda$new$0(48)) - omNode-1@group-523986131536->omNode-3: nextIndex: updateUnconditionally 452 -> 45
2022-10-18 06:31:43,916 [grpc-default-executor-0] WARN  server.GrpcLogAppender (LogUtils.java:warn(122)) - omNode-1@group-523986131536->omNode-3-AppendLogResponseHandler: Failed appendEntries: org.apache.ratis.thirdparty.io.grpc.StatusRuntimeException: UNAVAILABLE: io exception
2022-10-18 06:31:43,916 [grpc-default-executor-0] INFO  leader.FollowerInfo (FollowerInfoImpl.java:lambda$new$0(48)) - omNode-1@group-523986131536->omNode-3: nextIndex: updateUnconditionally 453 -> 45
2022-10-18 06:31:43,919 [grpc-default-executor-0] WARN  server.GrpcLogAppender (LogUtils.java:warn(122)) - omNode-1@group-523986131536->omNode-3-AppendLogResponseHandler: Failed appendEntries: org.apache.ratis.thirdparty.io.grpc.StatusRuntimeException: UNAVAILABLE: io exception
2022-10-18 06:31:43,920 [grpc-default-executor-0] INFO  leader.FollowerInfo (FollowerInfoImpl.java:lambda$new$0(48)) - omNode-1@group-523986131536->omNode-3: nextIndex: updateUnconditionally 454 -> 45
2022-10-18 06:31:43,922 [grpc-default-executor-0] WARN  server.GrpcLogAppender (LogUtils.java:warn(122)) - omNode-1@group-523986131536->omNode-3-AppendLogResponseHandler: Failed appendEntries: org.apache.ratis.thirdparty.io.grpc.StatusRuntimeException: UNAVAILABLE: io exception
2022-10-18 06:31:43,922 [grpc-default-executor-0] INFO  leader.FollowerInfo (FollowerInfoImpl.java:lambda$new$0(48)) - omNode-1@group-523986131536->omNode-3: nextIndex: updateUnconditionally 454 -> 45
2022-10-18 06:31:43,926 [grpc-default-executor-0] WARN  server.GrpcLogAppender (LogUtils.java:warn(122)) - omNode-1@group-523986131536->omNode-3-AppendLogResponseHandler: Failed appendEntries: org.apache.ratis.thirdparty.io.grpc.StatusRuntimeException: UNAVAILABLE: io exception
2022-10-18 06:31:43,926 [grpc-default-executor-0] INFO  leader.FollowerInfo (FollowerInfoImpl.java:lambda$new$0(48)) - omNode-1@group-523986131536->omNode-3: nextIndex: updateUnconditionally 455 -> 45
2022-10-18 06:31:43,929 [grpc-default-executor-2] WARN  server.GrpcLogAppender (LogUtils.java:warn(122)) - omNode-1@group-523986131536->omNode-3-AppendLogResponseHandler: Failed appendEntries: org.apache.ratis.thirdparty.io.grpc.StatusRuntimeException: UNAVAILABLE: io exception
2022-10-18 06:31:43,930 [grpc-default-executor-2] INFO  leader.FollowerInfo (FollowerInfoImpl.java:lambda$new$0(48)) - omNode-1@group-523986131536->omNode-3: nextIndex: updateUnconditionally 455 -> 45
2022-10-18 06:31:43,935 [grpc-default-executor-0] WARN  server.GrpcLogAppender (LogUtils.java:warn(122)) - omNode-1@group-523986131536->omNode-3-AppendLogResponseHandler: Failed appendEntries: org.apache.ratis.thirdparty.io.grpc.StatusRuntimeException: UNAVAILABLE: io exception
2022-10-18 06:31:43,935 [grpc-default-executor-0] INFO  leader.FollowerInfo (FollowerInfoImpl.java:lambda$new$0(48)) - omNode-1@group-523986131536->omNode-3: nextIndex: updateUnconditionally 456 -> 45
2022-10-18 06:31:43,936 [grpc-default-executor-0] WARN  server.GrpcLogAppender (LogUtils.java:warn(122)) - omNode-1@group-523986131536->omNode-3-AppendLogResponseHandler: Failed appendEntries: org.apache.ratis.thirdparty.io.grpc.StatusRuntimeException: UNAVAILABLE: io exception
2022-10-18 06:31:43,936 [grpc-default-executor-0] INFO  leader.FollowerInfo (FollowerInfoImpl.java:lambda$new$0(48)) - omNode-1@group-523986131536->omNode-3: nextIndex: updateUnconditionally 456 -> 45
2022-10-18 06:31:43,938 [grpc-default-executor-2] WARN  server.GrpcLogAppender (LogUtils.java:warn(122)) - omNode-1@group-523986131536->omNode-3-AppendLogResponseHandler: Failed appendEntries: org.apache.ratis.thirdparty.io.grpc.StatusRuntimeException: UNAVAILABLE: io exception
2022-10-18 06:31:43,938 [grpc-default-executor-2] INFO  leader.FollowerInfo (FollowerInfoImpl.java:lambda$new$0(48)) - omNode-1@group-523986131536->omNode-3: nextIndex: updateUnconditionally 457 -> 45
2022-10-18 06:31:43,940 [grpc-default-executor-0] WARN  server.GrpcLogAppender (LogUtils.java:warn(122)) - omNode-1@group-523986131536->omNode-3-AppendLogResponseHandler: Failed appendEntries: org.apache.ratis.thirdparty.io.grpc.StatusRuntimeException: UNAVAILABLE: io exception
2022-10-18 06:31:43,940 [grpc-default-executor-0] INFO  leader.FollowerInfo (FollowerInfoImpl.java:lambda$new$0(48)) - omNode-1@group-523986131536->omNode-3: nextIndex: updateUnconditionally 458 -> 45
2022-10-18 06:31:43,941 [grpc-default-executor-0] WARN  server.GrpcLogAppender (LogUtils.java:warn(122)) - omNode-1@group-523986131536->omNode-3-AppendLogResponseHandler: Failed appendEntries: org.apache.ratis.thirdparty.io.grpc.StatusRuntimeException: UNAVAILABLE: io exception
2022-10-18 06:31:43,942 [grpc-default-executor-0] INFO  leader.FollowerInfo (FollowerInfoImpl.java:lambda$new$0(48)) - omNode-1@group-523986131536->omNode-3: nextIndex: updateUnconditionally 458 -> 45
2022-10-18 06:31:43,943 [grpc-default-executor-0] WARN  server.GrpcLogAppender (LogUtils.java:warn(122)) - omNode-1@group-523986131536->omNode-3-AppendLogResponseHandler: Failed appendEntries: org.apache.ratis.thirdparty.io.grpc.StatusRuntimeException: UNAVAILABLE: io exception
2022-10-18 06:31:43,943 [grpc-default-executor-0] INFO  leader.FollowerInfo (FollowerInfoImpl.java:lambda$new$0(48)) - omNode-1@group-523986131536->omNode-3: nextIndex: updateUnconditionally 459 -> 45
2022-10-18 06:31:43,953 [omNode-2@group-523986131536-StateMachineUpdater] INFO  ratis.OzoneManagerStateMachine (OzoneManagerStateMachine.java:takeSnapshot(441)) - Current Snapshot Index (t:1, i:456)
2022-10-18 06:31:43,953 [omNode-2@group-523986131536-StateMachineUpdater] INFO  impl.StateMachineUpdater (StateMachineUpdater.java:takeSnapshot(287)) - omNode-2@group-523986131536-StateMachineUpdater: Took a snapshot at index 457
2022-10-18 06:31:43,953 [omNode-2@group-523986131536-StateMachineUpdater] INFO  impl.StateMachineUpdater (StateMachineUpdater.java:lambda$new$0(92)) - omNode-2@group-523986131536-StateMachineUpdater: snapshotIndex: updateIncreasingly 406 -> 457
2022-10-18 06:31:43,953 [omNode-2@group-523986131536-StateMachineUpdater] INFO  raftlog.RaftLog (RaftLogBase.java:purge(308)) - omNode-2@group-523986131536-SegmentedRaftLog: purge 457
2022-10-18 06:31:43,953 [omNode-2@group-523986131536-StateMachineUpdater] INFO  raftlog.RaftLog (RaftLogBase.java:lambda$new$0(53)) - omNode-2@group-523986131536-SegmentedRaftLog: snapshotIndex: updateIncreasingly 406 -> 457
2022-10-18 06:31:43,953 [omNode-2@group-523986131536-StateMachineUpdater] INFO  raftlog.RaftLog (RaftLogBase.java:lambda$new$0(53)) - omNode-2@group-523986131536-SegmentedRaftLog: purgeIndex: updateToMax old=406, new=457, updated? true
2022-10-18 06:31:43,954 [grpc-default-executor-2] WARN  server.GrpcLogAppender (LogUtils.java:warn(122)) - omNode-1@group-523986131536->omNode-3-AppendLogResponseHandler: Failed appendEntries: org.apache.ratis.thirdparty.io.grpc.StatusRuntimeException: UNAVAILABLE: io exception
2022-10-18 06:31:43,954 [grpc-default-executor-2] INFO  leader.FollowerInfo (FollowerInfoImpl.java:lambda$new$0(48)) - omNode-1@group-523986131536->omNode-3: nextIndex: updateUnconditionally 459 -> 45
2022-10-18 06:31:43,957 [grpc-default-executor-0] WARN  server.GrpcLogAppender (LogUtils.java:warn(122)) - omNode-1@group-523986131536->omNode-3-AppendLogResponseHandler: Failed appendEntries: org.apache.ratis.thirdparty.io.grpc.StatusRuntimeException: UNAVAILABLE: io exception
2022-10-18 06:31:43,957 [grpc-default-executor-0] INFO  leader.FollowerInfo (FollowerInfoImpl.java:lambda$new$0(48)) - omNode-1@group-523986131536->omNode-3: nextIndex: updateUnconditionally 460 -> 45
2022-10-18 06:31:43,961 [grpc-default-executor-0] WARN  server.GrpcLogAppender (LogUtils.java:warn(122)) - omNode-1@group-523986131536->omNode-3-AppendLogResponseHandler: Failed appendEntries: org.apache.ratis.thirdparty.io.grpc.StatusRuntimeException: UNAVAILABLE: io exception
2022-10-18 06:31:43,961 [grpc-default-executor-0] INFO  leader.FollowerInfo (FollowerInfoImpl.java:lambda$new$0(48)) - omNode-1@group-523986131536->omNode-3: nextIndex: updateUnconditionally 460 -> 45
2022-10-18 06:31:43,963 [grpc-default-executor-0] WARN  server.GrpcLogAppender (LogUtils.java:warn(122)) - omNode-1@group-523986131536->omNode-3-AppendLogResponseHandler: Failed appendEntries: org.apache.ratis.thirdparty.io.grpc.StatusRuntimeException: UNAVAILABLE: io exception
2022-10-18 06:31:43,963 [grpc-default-executor-0] INFO  leader.FollowerInfo (FollowerInfoImpl.java:lambda$new$0(48)) - omNode-1@group-523986131536->omNode-3: nextIndex: updateUnconditionally 461 -> 45
2022-10-18 06:31:43,964 [grpc-default-executor-3] WARN  server.GrpcLogAppender (LogUtils.java:warn(122)) - omNode-1@group-523986131536->omNode-3-AppendLogResponseHandler: Failed appendEntries: org.apache.ratis.thirdparty.io.grpc.StatusRuntimeException: UNAVAILABLE: io exception
2022-10-18 06:31:43,964 [grpc-default-executor-3] INFO  leader.FollowerInfo (FollowerInfoImpl.java:lambda$new$0(48)) - omNode-1@group-523986131536->omNode-3: nextIndex: updateUnconditionally 462 -> 45
2022-10-18 06:31:43,968 [grpc-default-executor-3] WARN  server.GrpcLogAppender (LogUtils.java:warn(122)) - omNode-1@group-523986131536->omNode-3-AppendLogResponseHandler: Failed appendEntries: org.apache.ratis.thirdparty.io.grpc.StatusRuntimeException: UNAVAILABLE: io exception
2022-10-18 06:31:43,968 [grpc-default-executor-3] INFO  leader.FollowerInfo (FollowerInfoImpl.java:lambda$new$0(48)) - omNode-1@group-523986131536->omNode-3: nextIndex: updateUnconditionally 462 -> 45
2022-10-18 06:31:43,975 [grpc-default-executor-0] WARN  server.GrpcLogAppender (LogUtils.java:warn(122)) - omNode-1@group-523986131536->omNode-3-AppendLogResponseHandler: Failed appendEntries: org.apache.ratis.thirdparty.io.grpc.StatusRuntimeException: UNAVAILABLE: io exception
2022-10-18 06:31:43,976 [grpc-default-executor-0] INFO  leader.FollowerInfo (FollowerInfoImpl.java:lambda$new$0(48)) - omNode-1@group-523986131536->omNode-3: nextIndex: updateUnconditionally 463 -> 45
2022-10-18 06:31:43,981 [grpc-default-executor-0] WARN  server.GrpcLogAppender (LogUtils.java:warn(122)) - omNode-1@group-523986131536->omNode-3-AppendLogResponseHandler: Failed appendEntries: org.apache.ratis.thirdparty.io.grpc.StatusRuntimeException: UNAVAILABLE: io exception
2022-10-18 06:31:43,981 [grpc-default-executor-0] INFO  leader.FollowerInfo (FollowerInfoImpl.java:lambda$new$0(48)) - omNode-1@group-523986131536->omNode-3: nextIndex: updateUnconditionally 463 -> 45
2022-10-18 06:31:43,987 [grpc-default-executor-0] WARN  server.GrpcLogAppender (LogUtils.java:warn(122)) - omNode-1@group-523986131536->omNode-3-AppendLogResponseHandler: Failed appendEntries: org.apache.ratis.thirdparty.io.grpc.StatusRuntimeException: UNAVAILABLE: io exception
2022-10-18 06:31:43,987 [grpc-default-executor-0] INFO  leader.FollowerInfo (FollowerInfoImpl.java:lambda$new$0(48)) - omNode-1@group-523986131536->omNode-3: nextIndex: updateUnconditionally 464 -> 45
2022-10-18 06:31:43,988 [grpc-default-executor-3] WARN  server.GrpcLogAppender (LogUtils.java:warn(122)) - omNode-1@group-523986131536->omNode-3-AppendLogResponseHandler: Failed appendEntries: org.apache.ratis.thirdparty.io.grpc.StatusRuntimeException: UNAVAILABLE: io exception
2022-10-18 06:31:43,988 [grpc-default-executor-3] INFO  leader.FollowerInfo (FollowerInfoImpl.java:lambda$new$0(48)) - omNode-1@group-523986131536->omNode-3: nextIndex: updateUnconditionally 464 -> 45
2022-10-18 06:31:43,990 [grpc-default-executor-0] WARN  server.GrpcLogAppender (LogUtils.java:warn(122)) - omNode-1@group-523986131536->omNode-3-AppendLogResponseHandler: Failed appendEntries: org.apache.ratis.thirdparty.io.grpc.StatusRuntimeException: UNAVAILABLE: io exception
2022-10-18 06:31:43,990 [grpc-default-executor-0] INFO  leader.FollowerInfo (FollowerInfoImpl.java:lambda$new$0(48)) - omNode-1@group-523986131536->omNode-3: nextIndex: updateUnconditionally 465 -> 45
2022-10-18 06:31:43,992 [grpc-default-executor-3] WARN  server.GrpcLogAppender (LogUtils.java:warn(122)) - omNode-1@group-523986131536->omNode-3-AppendLogResponseHandler: Failed appendEntries: org.apache.ratis.thirdparty.io.grpc.StatusRuntimeException: UNAVAILABLE: io exception
2022-10-18 06:31:43,992 [grpc-default-executor-3] INFO  leader.FollowerInfo (FollowerInfoImpl.java:lambda$new$0(48)) - omNode-1@group-523986131536->omNode-3: nextIndex: updateUnconditionally 466 -> 45
2022-10-18 06:31:43,994 [grpc-default-executor-3] WARN  server.GrpcLogAppender (LogUtils.java:warn(122)) - omNode-1@group-523986131536->omNode-3-AppendLogResponseHandler: Failed appendEntries: org.apache.ratis.thirdparty.io.grpc.StatusRuntimeException: UNAVAILABLE: io exception
2022-10-18 06:31:43,994 [grpc-default-executor-3] INFO  leader.FollowerInfo (FollowerInfoImpl.java:lambda$new$0(48)) - omNode-1@group-523986131536->omNode-3: nextIndex: updateUnconditionally 466 -> 45
2022-10-18 06:31:43,995 [grpc-default-executor-3] WARN  server.GrpcLogAppender (LogUtils.java:warn(122)) - omNode-1@group-523986131536->omNode-3-AppendLogResponseHandler: Failed appendEntries: org.apache.ratis.thirdparty.io.grpc.StatusRuntimeException: UNAVAILABLE: io exception
2022-10-18 06:31:43,995 [grpc-default-executor-3] INFO  leader.FollowerInfo (FollowerInfoImpl.java:lambda$new$0(48)) - omNode-1@group-523986131536->omNode-3: nextIndex: updateUnconditionally 467 -> 45
2022-10-18 06:31:43,997 [grpc-default-executor-3] WARN  server.GrpcLogAppender (LogUtils.java:warn(122)) - omNode-1@group-523986131536->omNode-3-AppendLogResponseHandler: Failed appendEntries: org.apache.ratis.thirdparty.io.grpc.StatusRuntimeException: UNAVAILABLE: io exception
2022-10-18 06:31:43,997 [grpc-default-executor-3] INFO  leader.FollowerInfo (FollowerInfoImpl.java:lambda$new$0(48)) - omNode-1@group-523986131536->omNode-3: nextIndex: updateUnconditionally 467 -> 45
2022-10-18 06:31:43,998 [grpc-default-executor-3] WARN  server.GrpcLogAppender (LogUtils.java:warn(122)) - omNode-1@group-523986131536->omNode-3-AppendLogResponseHandler: Failed appendEntries: org.apache.ratis.thirdparty.io.grpc.StatusRuntimeException: UNAVAILABLE: io exception
2022-10-18 06:31:43,998 [grpc-default-executor-3] INFO  leader.FollowerInfo (FollowerInfoImpl.java:lambda$new$0(48)) - omNode-1@group-523986131536->omNode-3: nextIndex: updateUnconditionally 467 -> 45
2022-10-18 06:31:44,003 [grpc-default-executor-0] WARN  server.GrpcLogAppender (LogUtils.java:warn(122)) - omNode-1@group-523986131536->omNode-3-AppendLogResponseHandler: Failed appendEntries: org.apache.ratis.thirdparty.io.grpc.StatusRuntimeException: UNAVAILABLE: io exception
2022-10-18 06:31:44,003 [grpc-default-executor-0] INFO  leader.FollowerInfo (FollowerInfoImpl.java:lambda$new$0(48)) - omNode-1@group-523986131536->omNode-3: nextIndex: updateUnconditionally 468 -> 45
2022-10-18 06:31:44,012 [grpc-default-executor-3] WARN  server.GrpcLogAppender (LogUtils.java:warn(122)) - omNode-1@group-523986131536->omNode-3-AppendLogResponseHandler: Failed appendEntries: org.apache.ratis.thirdparty.io.grpc.StatusRuntimeException: UNAVAILABLE: io exception
2022-10-18 06:31:44,012 [grpc-default-executor-3] INFO  leader.FollowerInfo (FollowerInfoImpl.java:lambda$new$0(48)) - omNode-1@group-523986131536->omNode-3: nextIndex: updateUnconditionally 468 -> 45
2022-10-18 06:31:44,013 [grpc-default-executor-3] WARN  server.GrpcLogAppender (LogUtils.java:warn(122)) - omNode-1@group-523986131536->omNode-3-AppendLogResponseHandler: Failed appendEntries: org.apache.ratis.thirdparty.io.grpc.StatusRuntimeException: UNAVAILABLE: io exception
2022-10-18 06:31:44,013 [grpc-default-executor-3] INFO  leader.FollowerInfo (FollowerInfoImpl.java:lambda$new$0(48)) - omNode-1@group-523986131536->omNode-3: nextIndex: updateUnconditionally 469 -> 45
2022-10-18 06:31:44,015 [grpc-default-executor-0] WARN  server.GrpcLogAppender (LogUtils.java:warn(122)) - omNode-1@group-523986131536->omNode-3-AppendLogResponseHandler: Failed appendEntries: org.apache.ratis.thirdparty.io.grpc.StatusRuntimeException: UNAVAILABLE: io exception
2022-10-18 06:31:44,015 [grpc-default-executor-0] INFO  leader.FollowerInfo (FollowerInfoImpl.java:lambda$new$0(48)) - omNode-1@group-523986131536->omNode-3: nextIndex: updateUnconditionally 470 -> 45
2022-10-18 06:31:44,017 [grpc-default-executor-3] WARN  server.GrpcLogAppender (LogUtils.java:warn(122)) - omNode-1@group-523986131536->omNode-3-AppendLogResponseHandler: Failed appendEntries: org.apache.ratis.thirdparty.io.grpc.StatusRuntimeException: UNAVAILABLE: io exception
2022-10-18 06:31:44,017 [grpc-default-executor-3] INFO  leader.FollowerInfo (FollowerInfoImpl.java:lambda$new$0(48)) - omNode-1@group-523986131536->omNode-3: nextIndex: updateUnconditionally 470 -> 45
2022-10-18 06:31:44,023 [grpc-default-executor-3] WARN  server.GrpcLogAppender (LogUtils.java:warn(122)) - omNode-1@group-523986131536->omNode-3-AppendLogResponseHandler: Failed appendEntries: org.apache.ratis.thirdparty.io.grpc.StatusRuntimeException: UNAVAILABLE: io exception
2022-10-18 06:31:44,023 [grpc-default-executor-3] INFO  leader.FollowerInfo (FollowerInfoImpl.java:lambda$new$0(48)) - omNode-1@group-523986131536->omNode-3: nextIndex: updateUnconditionally 471 -> 45
2022-10-18 06:31:44,028 [grpc-default-executor-3] WARN  server.GrpcLogAppender (LogUtils.java:warn(122)) - omNode-1@group-523986131536->omNode-3-AppendLogResponseHandler: Failed appendEntries: org.apache.ratis.thirdparty.io.grpc.StatusRuntimeException: UNAVAILABLE: io exception
2022-10-18 06:31:44,028 [grpc-default-executor-3] INFO  leader.FollowerInfo (FollowerInfoImpl.java:lambda$new$0(48)) - omNode-1@group-523986131536->omNode-3: nextIndex: updateUnconditionally 471 -> 45
2022-10-18 06:31:44,029 [grpc-default-executor-0] WARN  server.GrpcLogAppender (LogUtils.java:warn(122)) - omNode-1@group-523986131536->omNode-3-AppendLogResponseHandler: Failed appendEntries: org.apache.ratis.thirdparty.io.grpc.StatusRuntimeException: UNAVAILABLE: io exception
2022-10-18 06:31:44,030 [grpc-default-executor-0] INFO  leader.FollowerInfo (FollowerInfoImpl.java:lambda$new$0(48)) - omNode-1@group-523986131536->omNode-3: nextIndex: updateUnconditionally 471 -> 45
2022-10-18 06:31:44,034 [grpc-default-executor-0] WARN  server.GrpcLogAppender (LogUtils.java:warn(122)) - omNode-1@group-523986131536->omNode-3-AppendLogResponseHandler: Failed appendEntries: org.apache.ratis.thirdparty.io.grpc.StatusRuntimeException: UNAVAILABLE: io exception
2022-10-18 06:31:44,034 [grpc-default-executor-0] INFO  leader.FollowerInfo (FollowerInfoImpl.java:lambda$new$0(48)) - omNode-1@group-523986131536->omNode-3: nextIndex: updateUnconditionally 472 -> 45
2022-10-18 06:31:44,035 [grpc-default-executor-0] WARN  server.GrpcLogAppender (LogUtils.java:warn(122)) - omNode-1@group-523986131536->omNode-3-AppendLogResponseHandler: Failed appendEntries: org.apache.ratis.thirdparty.io.grpc.StatusRuntimeException: UNAVAILABLE: io exception
2022-10-18 06:31:44,035 [grpc-default-executor-0] INFO  leader.FollowerInfo (FollowerInfoImpl.java:lambda$new$0(48)) - omNode-1@group-523986131536->omNode-3: nextIndex: updateUnconditionally 472 -> 45
2022-10-18 06:31:44,037 [grpc-default-executor-2] WARN  server.GrpcLogAppender (LogUtils.java:warn(122)) - omNode-1@group-523986131536->omNode-3-AppendLogResponseHandler: Failed appendEntries: org.apache.ratis.thirdparty.io.grpc.StatusRuntimeException: UNAVAILABLE: io exception
2022-10-18 06:31:44,037 [grpc-default-executor-2] INFO  leader.FollowerInfo (FollowerInfoImpl.java:lambda$new$0(48)) - omNode-1@group-523986131536->omNode-3: nextIndex: updateUnconditionally 473 -> 45
2022-10-18 06:31:44,040 [grpc-default-executor-0] WARN  server.GrpcLogAppender (LogUtils.java:warn(122)) - omNode-1@group-523986131536->omNode-3-AppendLogResponseHandler: Failed appendEntries: org.apache.ratis.thirdparty.io.grpc.StatusRuntimeException: UNAVAILABLE: io exception
2022-10-18 06:31:44,040 [grpc-default-executor-0] INFO  leader.FollowerInfo (FollowerInfoImpl.java:lambda$new$0(48)) - omNode-1@group-523986131536->omNode-3: nextIndex: updateUnconditionally 474 -> 45
2022-10-18 06:31:44,042 [grpc-default-executor-0] WARN  server.GrpcLogAppender (LogUtils.java:warn(122)) - omNode-1@group-523986131536->omNode-3-AppendLogResponseHandler: Failed appendEntries: org.apache.ratis.thirdparty.io.grpc.StatusRuntimeException: UNAVAILABLE: io exception
2022-10-18 06:31:44,042 [grpc-default-executor-0] INFO  leader.FollowerInfo (FollowerInfoImpl.java:lambda$new$0(48)) - omNode-1@group-523986131536->omNode-3: nextIndex: updateUnconditionally 474 -> 45
2022-10-18 06:31:44,043 [grpc-default-executor-2] WARN  server.GrpcLogAppender (LogUtils.java:warn(122)) - omNode-1@group-523986131536->omNode-3-AppendLogResponseHandler: Failed appendEntries: org.apache.ratis.thirdparty.io.grpc.StatusRuntimeException: UNAVAILABLE: io exception
2022-10-18 06:31:44,043 [grpc-default-executor-2] INFO  leader.FollowerInfo (FollowerInfoImpl.java:lambda$new$0(48)) - omNode-1@group-523986131536->omNode-3: nextIndex: updateUnconditionally 475 -> 45
2022-10-18 06:31:44,049 [grpc-default-executor-2] WARN  server.GrpcLogAppender (LogUtils.java:warn(122)) - omNode-1@group-523986131536->omNode-3-AppendLogResponseHandler: Failed appendEntries: org.apache.ratis.thirdparty.io.grpc.StatusRuntimeException: UNAVAILABLE: io exception
2022-10-18 06:31:44,049 [grpc-default-executor-2] INFO  leader.FollowerInfo (FollowerInfoImpl.java:lambda$new$0(48)) - omNode-1@group-523986131536->omNode-3: nextIndex: updateUnconditionally 475 -> 45
2022-10-18 06:31:44,050 [grpc-default-executor-2] WARN  server.GrpcLogAppender (LogUtils.java:warn(122)) - omNode-1@group-523986131536->omNode-3-AppendLogResponseHandler: Failed appendEntries: org.apache.ratis.thirdparty.io.grpc.StatusRuntimeException: UNAVAILABLE: io exception
2022-10-18 06:31:44,050 [grpc-default-executor-2] INFO  leader.FollowerInfo (FollowerInfoImpl.java:lambda$new$0(48)) - omNode-1@group-523986131536->omNode-3: nextIndex: updateUnconditionally 475 -> 45
2022-10-18 06:31:44,052 [grpc-default-executor-0] WARN  server.GrpcLogAppender (LogUtils.java:warn(122)) - omNode-1@group-523986131536->omNode-3-AppendLogResponseHandler: Failed appendEntries: org.apache.ratis.thirdparty.io.grpc.StatusRuntimeException: UNAVAILABLE: io exception
2022-10-18 06:31:44,052 [grpc-default-executor-0] INFO  leader.FollowerInfo (FollowerInfoImpl.java:lambda$new$0(48)) - omNode-1@group-523986131536->omNode-3: nextIndex: updateUnconditionally 476 -> 45
2022-10-18 06:31:44,054 [grpc-default-executor-0] WARN  server.GrpcLogAppender (LogUtils.java:warn(122)) - omNode-1@group-523986131536->omNode-3-AppendLogResponseHandler: Failed appendEntries: org.apache.ratis.thirdparty.io.grpc.StatusRuntimeException: UNAVAILABLE: io exception
2022-10-18 06:31:44,054 [grpc-default-executor-0] INFO  leader.FollowerInfo (FollowerInfoImpl.java:lambda$new$0(48)) - omNode-1@group-523986131536->omNode-3: nextIndex: updateUnconditionally 476 -> 45
2022-10-18 06:31:44,055 [grpc-default-executor-2] WARN  server.GrpcLogAppender (LogUtils.java:warn(122)) - omNode-1@group-523986131536->omNode-3-AppendLogResponseHandler: Failed appendEntries: org.apache.ratis.thirdparty.io.grpc.StatusRuntimeException: UNAVAILABLE: io exception
2022-10-18 06:31:44,055 [grpc-default-executor-2] INFO  leader.FollowerInfo (FollowerInfoImpl.java:lambda$new$0(48)) - omNode-1@group-523986131536->omNode-3: nextIndex: updateUnconditionally 477 -> 45
2022-10-18 06:31:44,057 [grpc-default-executor-0] WARN  server.GrpcLogAppender (LogUtils.java:warn(122)) - omNode-1@group-523986131536->omNode-3-AppendLogResponseHandler: Failed appendEntries: org.apache.ratis.thirdparty.io.grpc.StatusRuntimeException: UNAVAILABLE: io exception
2022-10-18 06:31:44,057 [grpc-default-executor-0] INFO  leader.FollowerInfo (FollowerInfoImpl.java:lambda$new$0(48)) - omNode-1@group-523986131536->omNode-3: nextIndex: updateUnconditionally 477 -> 45
2022-10-18 06:31:44,059 [grpc-default-executor-2] WARN  server.GrpcLogAppender (LogUtils.java:warn(122)) - omNode-1@group-523986131536->omNode-3-AppendLogResponseHandler: Failed appendEntries: org.apache.ratis.thirdparty.io.grpc.StatusRuntimeException: UNAVAILABLE: io exception
2022-10-18 06:31:44,060 [grpc-default-executor-2] INFO  leader.FollowerInfo (FollowerInfoImpl.java:lambda$new$0(48)) - omNode-1@group-523986131536->omNode-3: nextIndex: updateUnconditionally 478 -> 45
2022-10-18 06:31:44,066 [grpc-default-executor-0] WARN  server.GrpcLogAppender (LogUtils.java:warn(122)) - omNode-1@group-523986131536->omNode-3-AppendLogResponseHandler: Failed appendEntries: org.apache.ratis.thirdparty.io.grpc.StatusRuntimeException: UNAVAILABLE: io exception
2022-10-18 06:31:44,066 [grpc-default-executor-0] INFO  leader.FollowerInfo (FollowerInfoImpl.java:lambda$new$0(48)) - omNode-1@group-523986131536->omNode-3: nextIndex: updateUnconditionally 479 -> 45
2022-10-18 06:31:44,071 [grpc-default-executor-2] WARN  server.GrpcLogAppender (LogUtils.java:warn(122)) - omNode-1@group-523986131536->omNode-3-AppendLogResponseHandler: Failed appendEntries: org.apache.ratis.thirdparty.io.grpc.StatusRuntimeException: UNAVAILABLE: io exception
2022-10-18 06:31:44,072 [grpc-default-executor-2] INFO  leader.FollowerInfo (FollowerInfoImpl.java:lambda$new$0(48)) - omNode-1@group-523986131536->omNode-3: nextIndex: updateUnconditionally 479 -> 45
2022-10-18 06:31:44,072 [grpc-default-executor-2] WARN  server.GrpcLogAppender (LogUtils.java:warn(122)) - omNode-1@group-523986131536->omNode-3-AppendLogResponseHandler: Failed appendEntries: org.apache.ratis.thirdparty.io.grpc.StatusRuntimeException: UNAVAILABLE: io exception
2022-10-18 06:31:44,073 [grpc-default-executor-2] INFO  leader.FollowerInfo (FollowerInfoImpl.java:lambda$new$0(48)) - omNode-1@group-523986131536->omNode-3: nextIndex: updateUnconditionally 479 -> 45
2022-10-18 06:31:44,075 [grpc-default-executor-0] WARN  server.GrpcLogAppender (LogUtils.java:warn(122)) - omNode-1@group-523986131536->omNode-3-AppendLogResponseHandler: Failed appendEntries: org.apache.ratis.thirdparty.io.grpc.StatusRuntimeException: UNAVAILABLE: io exception
2022-10-18 06:31:44,075 [grpc-default-executor-0] INFO  leader.FollowerInfo (FollowerInfoImpl.java:lambda$new$0(48)) - omNode-1@group-523986131536->omNode-3: nextIndex: updateUnconditionally 480 -> 45
2022-10-18 06:31:44,077 [grpc-default-executor-2] WARN  server.GrpcLogAppender (LogUtils.java:warn(122)) - omNode-1@group-523986131536->omNode-3-AppendLogResponseHandler: Failed appendEntries: org.apache.ratis.thirdparty.io.grpc.StatusRuntimeException: UNAVAILABLE: io exception
2022-10-18 06:31:44,078 [grpc-default-executor-2] INFO  leader.FollowerInfo (FollowerInfoImpl.java:lambda$new$0(48)) - omNode-1@group-523986131536->omNode-3: nextIndex: updateUnconditionally 480 -> 45
2022-10-18 06:31:44,080 [grpc-default-executor-2] WARN  server.GrpcLogAppender (LogUtils.java:warn(122)) - omNode-1@group-523986131536->omNode-3-AppendLogResponseHandler: Failed appendEntries: org.apache.ratis.thirdparty.io.grpc.StatusRuntimeException: UNAVAILABLE: io exception
2022-10-18 06:31:44,081 [grpc-default-executor-2] INFO  leader.FollowerInfo (FollowerInfoImpl.java:lambda$new$0(48)) - omNode-1@group-523986131536->omNode-3: nextIndex: updateUnconditionally 481 -> 45
2022-10-18 06:31:44,087 [grpc-default-executor-2] WARN  server.GrpcLogAppender (LogUtils.java:warn(122)) - omNode-1@group-523986131536->omNode-3-AppendLogResponseHandler: Failed appendEntries: org.apache.ratis.thirdparty.io.grpc.StatusRuntimeException: UNAVAILABLE: io exception
2022-10-18 06:31:44,087 [grpc-default-executor-2] INFO  leader.FollowerInfo (FollowerInfoImpl.java:lambda$new$0(48)) - omNode-1@group-523986131536->omNode-3: nextIndex: updateUnconditionally 483 -> 45
2022-10-18 06:31:44,095 [grpc-default-executor-2] WARN  server.GrpcLogAppender (LogUtils.java:warn(122)) - omNode-1@group-523986131536->omNode-3-AppendLogResponseHandler: Failed appendEntries: org.apache.ratis.thirdparty.io.grpc.StatusRuntimeException: UNAVAILABLE: io exception
2022-10-18 06:31:44,095 [grpc-default-executor-2] INFO  leader.FollowerInfo (FollowerInfoImpl.java:lambda$new$0(48)) - omNode-1@group-523986131536->omNode-3: nextIndex: updateUnconditionally 483 -> 45
2022-10-18 06:31:44,097 [grpc-default-executor-0] WARN  server.GrpcLogAppender (LogUtils.java:warn(122)) - omNode-1@group-523986131536->omNode-3-AppendLogResponseHandler: Failed appendEntries: org.apache.ratis.thirdparty.io.grpc.StatusRuntimeException: UNAVAILABLE: io exception
2022-10-18 06:31:44,098 [grpc-default-executor-0] INFO  leader.FollowerInfo (FollowerInfoImpl.java:lambda$new$0(48)) - omNode-1@group-523986131536->omNode-3: nextIndex: updateUnconditionally 484 -> 45
2022-10-18 06:31:44,103 [grpc-default-executor-0] WARN  server.GrpcLogAppender (LogUtils.java:warn(122)) - omNode-1@group-523986131536->omNode-3-AppendLogResponseHandler: Failed appendEntries: org.apache.ratis.thirdparty.io.grpc.StatusRuntimeException: UNAVAILABLE: io exception
2022-10-18 06:31:44,103 [grpc-default-executor-0] INFO  leader.FollowerInfo (FollowerInfoImpl.java:lambda$new$0(48)) - omNode-1@group-523986131536->omNode-3: nextIndex: updateUnconditionally 484 -> 45
2022-10-18 06:31:44,105 [grpc-default-executor-2] WARN  server.GrpcLogAppender (LogUtils.java:warn(122)) - omNode-1@group-523986131536->omNode-3-AppendLogResponseHandler: Failed appendEntries: org.apache.ratis.thirdparty.io.grpc.StatusRuntimeException: UNAVAILABLE: io exception
2022-10-18 06:31:44,105 [grpc-default-executor-2] INFO  leader.FollowerInfo (FollowerInfoImpl.java:lambda$new$0(48)) - omNode-1@group-523986131536->omNode-3: nextIndex: updateUnconditionally 485 -> 45
2022-10-18 06:31:44,107 [grpc-default-executor-0] WARN  server.GrpcLogAppender (LogUtils.java:warn(122)) - omNode-1@group-523986131536->omNode-3-AppendLogResponseHandler: Failed appendEntries: org.apache.ratis.thirdparty.io.grpc.StatusRuntimeException: UNAVAILABLE: io exception
2022-10-18 06:31:44,108 [grpc-default-executor-0] INFO  leader.FollowerInfo (FollowerInfoImpl.java:lambda$new$0(48)) - omNode-1@group-523986131536->omNode-3: nextIndex: updateUnconditionally 486 -> 45
2022-10-18 06:31:44,109 [grpc-default-executor-0] WARN  server.GrpcLogAppender (LogUtils.java:warn(122)) - omNode-1@group-523986131536->omNode-3-AppendLogResponseHandler: Failed appendEntries: org.apache.ratis.thirdparty.io.grpc.StatusRuntimeException: UNAVAILABLE: io exception
2022-10-18 06:31:44,109 [grpc-default-executor-0] INFO  leader.FollowerInfo (FollowerInfoImpl.java:lambda$new$0(48)) - omNode-1@group-523986131536->omNode-3: nextIndex: updateUnconditionally 486 -> 45
2022-10-18 06:31:44,110 [grpc-default-executor-2] WARN  server.GrpcLogAppender (LogUtils.java:warn(122)) - omNode-1@group-523986131536->omNode-3-AppendLogResponseHandler: Failed appendEntries: org.apache.ratis.thirdparty.io.grpc.StatusRuntimeException: UNAVAILABLE: io exception
2022-10-18 06:31:44,110 [grpc-default-executor-2] INFO  leader.FollowerInfo (FollowerInfoImpl.java:lambda$new$0(48)) - omNode-1@group-523986131536->omNode-3: nextIndex: updateUnconditionally 486 -> 45
2022-10-18 06:31:44,111 [grpc-default-executor-2] WARN  server.GrpcLogAppender (LogUtils.java:warn(122)) - omNode-1@group-523986131536->omNode-3-AppendLogResponseHandler: Failed appendEntries: org.apache.ratis.thirdparty.io.grpc.StatusRuntimeException: UNAVAILABLE: io exception
2022-10-18 06:31:44,111 [grpc-default-executor-2] INFO  leader.FollowerInfo (FollowerInfoImpl.java:lambda$new$0(48)) - omNode-1@group-523986131536->omNode-3: nextIndex: updateUnconditionally 487 -> 45
2022-10-18 06:31:44,115 [grpc-default-executor-2] WARN  server.GrpcLogAppender (LogUtils.java:warn(122)) - omNode-1@group-523986131536->omNode-3-AppendLogResponseHandler: Failed appendEntries: org.apache.ratis.thirdparty.io.grpc.StatusRuntimeException: UNAVAILABLE: io exception
2022-10-18 06:31:44,115 [grpc-default-executor-2] INFO  leader.FollowerInfo (FollowerInfoImpl.java:lambda$new$0(48)) - omNode-1@group-523986131536->omNode-3: nextIndex: updateUnconditionally 487 -> 45
2022-10-18 06:31:44,118 [grpc-default-executor-2] WARN  server.GrpcLogAppender (LogUtils.java:warn(122)) - omNode-1@group-523986131536->omNode-3-AppendLogResponseHandler: Failed appendEntries: org.apache.ratis.thirdparty.io.grpc.StatusRuntimeException: UNAVAILABLE: io exception
2022-10-18 06:31:44,118 [grpc-default-executor-2] INFO  leader.FollowerInfo (FollowerInfoImpl.java:lambda$new$0(48)) - omNode-1@group-523986131536->omNode-3: nextIndex: updateUnconditionally 488 -> 45
2022-10-18 06:31:44,120 [grpc-default-executor-0] WARN  server.GrpcLogAppender (LogUtils.java:warn(122)) - omNode-1@group-523986131536->omNode-3-AppendLogResponseHandler: Failed appendEntries: org.apache.ratis.thirdparty.io.grpc.StatusRuntimeException: UNAVAILABLE: io exception
2022-10-18 06:31:44,120 [grpc-default-executor-0] INFO  leader.FollowerInfo (FollowerInfoImpl.java:lambda$new$0(48)) - omNode-1@group-523986131536->omNode-3: nextIndex: updateUnconditionally 488 -> 45
2022-10-18 06:31:44,123 [grpc-default-executor-0] WARN  server.GrpcLogAppender (LogUtils.java:warn(122)) - omNode-1@group-523986131536->omNode-3-AppendLogResponseHandler: Failed appendEntries: org.apache.ratis.thirdparty.io.grpc.StatusRuntimeException: UNAVAILABLE: io exception
2022-10-18 06:31:44,123 [grpc-default-executor-0] INFO  leader.FollowerInfo (FollowerInfoImpl.java:lambda$new$0(48)) - omNode-1@group-523986131536->omNode-3: nextIndex: updateUnconditionally 489 -> 45
2022-10-18 06:31:44,125 [grpc-default-executor-2] WARN  server.GrpcLogAppender (LogUtils.java:warn(122)) - omNode-1@group-523986131536->omNode-3-AppendLogResponseHandler: Failed appendEntries: org.apache.ratis.thirdparty.io.grpc.StatusRuntimeException: UNAVAILABLE: io exception
2022-10-18 06:31:44,125 [grpc-default-executor-2] INFO  leader.FollowerInfo (FollowerInfoImpl.java:lambda$new$0(48)) - omNode-1@group-523986131536->omNode-3: nextIndex: updateUnconditionally 490 -> 45
2022-10-18 06:31:44,129 [grpc-default-executor-0] WARN  server.GrpcLogAppender (LogUtils.java:warn(122)) - omNode-1@group-523986131536->omNode-3-AppendLogResponseHandler: Failed appendEntries: org.apache.ratis.thirdparty.io.grpc.StatusRuntimeException: UNAVAILABLE: io exception
2022-10-18 06:31:44,129 [grpc-default-executor-0] INFO  leader.FollowerInfo (FollowerInfoImpl.java:lambda$new$0(48)) - omNode-1@group-523986131536->omNode-3: nextIndex: updateUnconditionally 491 -> 45
2022-10-18 06:31:44,169 [grpc-default-executor-3] WARN  server.GrpcLogAppender (LogUtils.java:warn(122)) - omNode-1@group-523986131536->omNode-3-AppendLogResponseHandler: Failed appendEntries: org.apache.ratis.thirdparty.io.grpc.StatusRuntimeException: UNAVAILABLE: io exception
2022-10-18 06:31:44,169 [grpc-default-executor-3] INFO  leader.FollowerInfo (FollowerInfoImpl.java:lambda$new$0(48)) - omNode-1@group-523986131536->omNode-3: nextIndex: updateUnconditionally 491 -> 45
2022-10-18 06:31:44,174 [grpc-default-executor-0] WARN  server.GrpcLogAppender (LogUtils.java:warn(122)) - omNode-1@group-523986131536->omNode-3-AppendLogResponseHandler: Failed appendEntries: org.apache.ratis.thirdparty.io.grpc.StatusRuntimeException: UNAVAILABLE: io exception
2022-10-18 06:31:44,175 [grpc-default-executor-0] INFO  leader.FollowerInfo (FollowerInfoImpl.java:lambda$new$0(48)) - omNode-1@group-523986131536->omNode-3: nextIndex: updateUnconditionally 492 -> 45
2022-10-18 06:31:44,176 [grpc-default-executor-2] WARN  server.GrpcLogAppender (LogUtils.java:warn(122)) - omNode-1@group-523986131536->omNode-3-AppendLogResponseHandler: Failed appendEntries: org.apache.ratis.thirdparty.io.grpc.StatusRuntimeException: UNAVAILABLE: io exception
2022-10-18 06:31:44,176 [grpc-default-executor-2] INFO  leader.FollowerInfo (FollowerInfoImpl.java:lambda$new$0(48)) - omNode-1@group-523986131536->omNode-3: nextIndex: updateUnconditionally 492 -> 45
2022-10-18 06:31:44,180 [grpc-default-executor-2] WARN  server.GrpcLogAppender (LogUtils.java:warn(122)) - omNode-1@group-523986131536->omNode-3-AppendLogResponseHandler: Failed appendEntries: org.apache.ratis.thirdparty.io.grpc.StatusRuntimeException: UNAVAILABLE: io exception
2022-10-18 06:31:44,180 [grpc-default-executor-2] INFO  leader.FollowerInfo (FollowerInfoImpl.java:lambda$new$0(48)) - omNode-1@group-523986131536->omNode-3: nextIndex: updateUnconditionally 494 -> 45
2022-10-18 06:31:44,182 [grpc-default-executor-2] WARN  server.GrpcLogAppender (LogUtils.java:warn(122)) - omNode-1@group-523986131536->omNode-3-AppendLogResponseHandler: Failed appendEntries: org.apache.ratis.thirdparty.io.grpc.StatusRuntimeException: UNAVAILABLE: io exception
2022-10-18 06:31:44,183 [grpc-default-executor-2] INFO  leader.FollowerInfo (FollowerInfoImpl.java:lambda$new$0(48)) - omNode-1@group-523986131536->omNode-3: nextIndex: updateUnconditionally 494 -> 45
2022-10-18 06:31:44,189 [grpc-default-executor-0] WARN  server.GrpcLogAppender (LogUtils.java:warn(122)) - omNode-1@group-523986131536->omNode-3-AppendLogResponseHandler: Failed appendEntries: org.apache.ratis.thirdparty.io.grpc.StatusRuntimeException: UNAVAILABLE: io exception
2022-10-18 06:31:44,189 [grpc-default-executor-0] INFO  leader.FollowerInfo (FollowerInfoImpl.java:lambda$new$0(48)) - omNode-1@group-523986131536->omNode-3: nextIndex: updateUnconditionally 495 -> 45
2022-10-18 06:31:44,190 [grpc-default-executor-2] WARN  server.GrpcLogAppender (LogUtils.java:warn(122)) - omNode-1@group-523986131536->omNode-3-AppendLogResponseHandler: Failed appendEntries: org.apache.ratis.thirdparty.io.grpc.StatusRuntimeException: UNAVAILABLE: io exception
2022-10-18 06:31:44,190 [grpc-default-executor-2] INFO  leader.FollowerInfo (FollowerInfoImpl.java:lambda$new$0(48)) - omNode-1@group-523986131536->omNode-3: nextIndex: updateUnconditionally 496 -> 45
2022-10-18 06:31:44,198 [grpc-default-executor-2] WARN  server.GrpcLogAppender (LogUtils.java:warn(122)) - omNode-1@group-523986131536->omNode-3-AppendLogResponseHandler: Failed appendEntries: org.apache.ratis.thirdparty.io.grpc.StatusRuntimeException: UNAVAILABLE: io exception
2022-10-18 06:31:44,199 [grpc-default-executor-2] INFO  leader.FollowerInfo (FollowerInfoImpl.java:lambda$new$0(48)) - omNode-1@group-523986131536->omNode-3: nextIndex: updateUnconditionally 496 -> 45
2022-10-18 06:31:44,202 [grpc-default-executor-2] WARN  server.GrpcLogAppender (LogUtils.java:warn(122)) - omNode-1@group-523986131536->omNode-3-AppendLogResponseHandler: Failed appendEntries: org.apache.ratis.thirdparty.io.grpc.StatusRuntimeException: UNAVAILABLE: io exception
2022-10-18 06:31:44,202 [grpc-default-executor-2] INFO  leader.FollowerInfo (FollowerInfoImpl.java:lambda$new$0(48)) - omNode-1@group-523986131536->omNode-3: nextIndex: updateUnconditionally 498 -> 45
2022-10-18 06:31:44,203 [grpc-default-executor-0] WARN  server.GrpcLogAppender (LogUtils.java:warn(122)) - omNode-1@group-523986131536->omNode-3-AppendLogResponseHandler: Failed appendEntries: org.apache.ratis.thirdparty.io.grpc.StatusRuntimeException: UNAVAILABLE: io exception
2022-10-18 06:31:44,204 [grpc-default-executor-0] INFO  leader.FollowerInfo (FollowerInfoImpl.java:lambda$new$0(48)) - omNode-1@group-523986131536->omNode-3: nextIndex: updateUnconditionally 498 -> 45
2022-10-18 06:31:44,207 [grpc-default-executor-2] WARN  server.GrpcLogAppender (LogUtils.java:warn(122)) - omNode-1@group-523986131536->omNode-3-AppendLogResponseHandler: Failed appendEntries: org.apache.ratis.thirdparty.io.grpc.StatusRuntimeException: UNAVAILABLE: io exception
2022-10-18 06:31:44,207 [grpc-default-executor-2] INFO  leader.FollowerInfo (FollowerInfoImpl.java:lambda$new$0(48)) - omNode-1@group-523986131536->omNode-3: nextIndex: updateUnconditionally 499 -> 45
2022-10-18 06:31:44,210 [grpc-default-executor-0] WARN  server.GrpcLogAppender (LogUtils.java:warn(122)) - omNode-1@group-523986131536->omNode-3-AppendLogResponseHandler: Failed appendEntries: org.apache.ratis.thirdparty.io.grpc.StatusRuntimeException: UNAVAILABLE: io exception
2022-10-18 06:31:44,211 [grpc-default-executor-0] INFO  leader.FollowerInfo (FollowerInfoImpl.java:lambda$new$0(48)) - omNode-1@group-523986131536->omNode-3: nextIndex: updateUnconditionally 499 -> 45
2022-10-18 06:31:44,213 [grpc-default-executor-3] WARN  server.GrpcLogAppender (LogUtils.java:warn(122)) - omNode-1@group-523986131536->omNode-3-AppendLogResponseHandler: Failed appendEntries: org.apache.ratis.thirdparty.io.grpc.StatusRuntimeException: UNAVAILABLE: io exception
2022-10-18 06:31:44,213 [grpc-default-executor-3] INFO  leader.FollowerInfo (FollowerInfoImpl.java:lambda$new$0(48)) - omNode-1@group-523986131536->omNode-3: nextIndex: updateUnconditionally 500 -> 45
2022-10-18 06:31:44,215 [grpc-default-executor-3] WARN  server.GrpcLogAppender (LogUtils.java:warn(122)) - omNode-1@group-523986131536->omNode-3-AppendLogResponseHandler: Failed appendEntries: org.apache.ratis.thirdparty.io.grpc.StatusRuntimeException: UNAVAILABLE: io exception
2022-10-18 06:31:44,215 [grpc-default-executor-3] INFO  leader.FollowerInfo (FollowerInfoImpl.java:lambda$new$0(48)) - omNode-1@group-523986131536->omNode-3: nextIndex: updateUnconditionally 500 -> 45
2022-10-18 06:31:44,217 [grpc-default-executor-3] WARN  server.GrpcLogAppender (LogUtils.java:warn(122)) - omNode-1@group-523986131536->omNode-3-AppendLogResponseHandler: Failed appendEntries: org.apache.ratis.thirdparty.io.grpc.StatusRuntimeException: UNAVAILABLE: io exception
2022-10-18 06:31:44,218 [grpc-default-executor-3] INFO  leader.FollowerInfo (FollowerInfoImpl.java:lambda$new$0(48)) - omNode-1@group-523986131536->omNode-3: nextIndex: updateUnconditionally 502 -> 45
2022-10-18 06:31:44,220 [omNode-1@group-523986131536-StateMachineUpdater] INFO  ratis.OzoneManagerStateMachine (OzoneManagerStateMachine.java:takeSnapshot(441)) - Current Snapshot Index (t:1, i:500)
2022-10-18 06:31:44,220 [omNode-1@group-523986131536-StateMachineUpdater] INFO  impl.StateMachineUpdater (StateMachineUpdater.java:takeSnapshot(287)) - omNode-1@group-523986131536-StateMachineUpdater: Took a snapshot at index 500
2022-10-18 06:31:44,220 [omNode-1@group-523986131536-StateMachineUpdater] INFO  impl.StateMachineUpdater (StateMachineUpdater.java:lambda$new$0(92)) - omNode-1@group-523986131536-StateMachineUpdater: snapshotIndex: updateIncreasingly 450 -> 500
2022-10-18 06:31:44,220 [omNode-1@group-523986131536-StateMachineUpdater] INFO  raftlog.RaftLog (RaftLogBase.java:purge(308)) - omNode-1@group-523986131536-SegmentedRaftLog: purge 500
2022-10-18 06:31:44,220 [omNode-1@group-523986131536-StateMachineUpdater] INFO  raftlog.RaftLog (RaftLogBase.java:lambda$new$0(53)) - omNode-1@group-523986131536-SegmentedRaftLog: snapshotIndex: updateIncreasingly 450 -> 500
2022-10-18 06:31:44,220 [omNode-1@group-523986131536-StateMachineUpdater] INFO  raftlog.RaftLog (RaftLogBase.java:lambda$new$0(53)) - omNode-1@group-523986131536-SegmentedRaftLog: purgeIndex: updateToMax old=450, new=500, updated? true
2022-10-18 06:31:44,221 [grpc-default-executor-3] WARN  server.GrpcLogAppender (LogUtils.java:warn(122)) - omNode-1@group-523986131536->omNode-3-AppendLogResponseHandler: Failed appendEntries: org.apache.ratis.thirdparty.io.grpc.StatusRuntimeException: UNAVAILABLE: io exception
2022-10-18 06:31:44,221 [grpc-default-executor-3] INFO  leader.FollowerInfo (FollowerInfoImpl.java:lambda$new$0(48)) - omNode-1@group-523986131536->omNode-3: nextIndex: updateUnconditionally 502 -> 45
2022-10-18 06:31:44,222 [grpc-default-executor-3] WARN  server.GrpcLogAppender (LogUtils.java:warn(122)) - omNode-1@group-523986131536->omNode-3-AppendLogResponseHandler: Failed appendEntries: org.apache.ratis.thirdparty.io.grpc.StatusRuntimeException: UNAVAILABLE: io exception
2022-10-18 06:31:44,222 [grpc-default-executor-3] INFO  leader.FollowerInfo (FollowerInfoImpl.java:lambda$new$0(48)) - omNode-1@group-523986131536->omNode-3: nextIndex: updateUnconditionally 503 -> 45
2022-10-18 06:31:44,226 [grpc-default-executor-3] WARN  server.GrpcLogAppender (LogUtils.java:warn(122)) - omNode-1@group-523986131536->omNode-3-AppendLogResponseHandler: Failed appendEntries: org.apache.ratis.thirdparty.io.grpc.StatusRuntimeException: UNAVAILABLE: io exception
2022-10-18 06:31:44,226 [grpc-default-executor-3] INFO  leader.FollowerInfo (FollowerInfoImpl.java:lambda$new$0(48)) - omNode-1@group-523986131536->omNode-3: nextIndex: updateUnconditionally 503 -> 45
2022-10-18 06:31:44,229 [grpc-default-executor-0] WARN  server.GrpcLogAppender (LogUtils.java:warn(122)) - omNode-1@group-523986131536->omNode-3-AppendLogResponseHandler: Failed appendEntries: org.apache.ratis.thirdparty.io.grpc.StatusRuntimeException: UNAVAILABLE: io exception
2022-10-18 06:31:44,230 [grpc-default-executor-0] INFO  leader.FollowerInfo (FollowerInfoImpl.java:lambda$new$0(48)) - omNode-1@group-523986131536->omNode-3: nextIndex: updateUnconditionally 504 -> 45
2022-10-18 06:31:44,233 [grpc-default-executor-0] WARN  server.GrpcLogAppender (LogUtils.java:warn(122)) - omNode-1@group-523986131536->omNode-3-AppendLogResponseHandler: Failed appendEntries: org.apache.ratis.thirdparty.io.grpc.StatusRuntimeException: UNAVAILABLE: io exception
2022-10-18 06:31:44,233 [grpc-default-executor-0] INFO  leader.FollowerInfo (FollowerInfoImpl.java:lambda$new$0(48)) - omNode-1@group-523986131536->omNode-3: nextIndex: updateUnconditionally 504 -> 45
2022-10-18 06:31:44,238 [grpc-default-executor-3] WARN  server.GrpcLogAppender (LogUtils.java:warn(122)) - omNode-1@group-523986131536->omNode-3-AppendLogResponseHandler: Failed appendEntries: org.apache.ratis.thirdparty.io.grpc.StatusRuntimeException: UNAVAILABLE: io exception
2022-10-18 06:31:44,238 [grpc-default-executor-3] INFO  leader.FollowerInfo (FollowerInfoImpl.java:lambda$new$0(48)) - omNode-1@group-523986131536->omNode-3: nextIndex: updateUnconditionally 505 -> 45
2022-10-18 06:31:44,239 [grpc-default-executor-0] WARN  server.GrpcLogAppender (LogUtils.java:warn(122)) - omNode-1@group-523986131536->omNode-3-AppendLogResponseHandler: Failed appendEntries: org.apache.ratis.thirdparty.io.grpc.StatusRuntimeException: UNAVAILABLE: io exception
2022-10-18 06:31:44,239 [grpc-default-executor-0] INFO  leader.FollowerInfo (FollowerInfoImpl.java:lambda$new$0(48)) - omNode-1@group-523986131536->omNode-3: nextIndex: updateUnconditionally 506 -> 45
2022-10-18 06:31:44,240 [grpc-default-executor-0] WARN  server.GrpcLogAppender (LogUtils.java:warn(122)) - omNode-1@group-523986131536->omNode-3-AppendLogResponseHandler: Failed appendEntries: org.apache.ratis.thirdparty.io.grpc.StatusRuntimeException: UNAVAILABLE: io exception
2022-10-18 06:31:44,240 [grpc-default-executor-0] INFO  leader.FollowerInfo (FollowerInfoImpl.java:lambda$new$0(48)) - omNode-1@group-523986131536->omNode-3: nextIndex: updateUnconditionally 506 -> 45
2022-10-18 06:31:44,244 [grpc-default-executor-3] WARN  server.GrpcLogAppender (LogUtils.java:warn(122)) - omNode-1@group-523986131536->omNode-3-AppendLogResponseHandler: Failed appendEntries: org.apache.ratis.thirdparty.io.grpc.StatusRuntimeException: UNAVAILABLE: io exception
2022-10-18 06:31:44,244 [grpc-default-executor-3] INFO  leader.FollowerInfo (FollowerInfoImpl.java:lambda$new$0(48)) - omNode-1@group-523986131536->omNode-3: nextIndex: updateUnconditionally 507 -> 45
2022-10-18 06:31:44,250 [grpc-default-executor-3] WARN  server.GrpcLogAppender (LogUtils.java:warn(122)) - omNode-1@group-523986131536->omNode-3-AppendLogResponseHandler: Failed appendEntries: org.apache.ratis.thirdparty.io.grpc.StatusRuntimeException: UNAVAILABLE: io exception
2022-10-18 06:31:44,250 [grpc-default-executor-3] INFO  leader.FollowerInfo (FollowerInfoImpl.java:lambda$new$0(48)) - omNode-1@group-523986131536->omNode-3: nextIndex: updateUnconditionally 508 -> 45
2022-10-18 06:31:44,253 [grpc-default-executor-0] WARN  server.GrpcLogAppender (LogUtils.java:warn(122)) - omNode-1@group-523986131536->omNode-3-AppendLogResponseHandler: Failed appendEntries: org.apache.ratis.thirdparty.io.grpc.StatusRuntimeException: UNAVAILABLE: io exception
2022-10-18 06:31:44,253 [grpc-default-executor-0] INFO  leader.FollowerInfo (FollowerInfoImpl.java:lambda$new$0(48)) - omNode-1@group-523986131536->omNode-3: nextIndex: updateUnconditionally 508 -> 45
2022-10-18 06:31:44,255 [grpc-default-executor-0] WARN  server.GrpcLogAppender (LogUtils.java:warn(122)) - omNode-1@group-523986131536->omNode-3-AppendLogResponseHandler: Failed appendEntries: org.apache.ratis.thirdparty.io.grpc.StatusRuntimeException: UNAVAILABLE: io exception
2022-10-18 06:31:44,255 [grpc-default-executor-0] INFO  leader.FollowerInfo (FollowerInfoImpl.java:lambda$new$0(48)) - omNode-1@group-523986131536->omNode-3: nextIndex: updateUnconditionally 510 -> 45
2022-10-18 06:31:44,256 [grpc-default-executor-3] WARN  server.GrpcLogAppender (LogUtils.java:warn(122)) - omNode-1@group-523986131536->omNode-3-AppendLogResponseHandler: Failed appendEntries: org.apache.ratis.thirdparty.io.grpc.StatusRuntimeException: UNAVAILABLE: io exception
2022-10-18 06:31:44,256 [grpc-default-executor-3] INFO  leader.FollowerInfo (FollowerInfoImpl.java:lambda$new$0(48)) - omNode-1@group-523986131536->omNode-3: nextIndex: updateUnconditionally 510 -> 45
2022-10-18 06:31:44,260 [grpc-default-executor-3] WARN  server.GrpcLogAppender (LogUtils.java:warn(122)) - omNode-1@group-523986131536->omNode-3-AppendLogResponseHandler: Failed appendEntries: org.apache.ratis.thirdparty.io.grpc.StatusRuntimeException: UNAVAILABLE: io exception
2022-10-18 06:31:44,260 [grpc-default-executor-3] INFO  leader.FollowerInfo (FollowerInfoImpl.java:lambda$new$0(48)) - omNode-1@group-523986131536->omNode-3: nextIndex: updateUnconditionally 511 -> 45
2022-10-18 06:31:44,268 [omNode-2@group-523986131536-StateMachineUpdater] INFO  ratis.OzoneManagerStateMachine (OzoneManagerStateMachine.java:takeSnapshot(441)) - Current Snapshot Index (t:1, i:508)
2022-10-18 06:31:44,268 [omNode-2@group-523986131536-StateMachineUpdater] INFO  impl.StateMachineUpdater (StateMachineUpdater.java:takeSnapshot(287)) - omNode-2@group-523986131536-StateMachineUpdater: Took a snapshot at index 508
2022-10-18 06:31:44,268 [grpc-default-executor-0] WARN  server.GrpcLogAppender (LogUtils.java:warn(122)) - omNode-1@group-523986131536->omNode-3-AppendLogResponseHandler: Failed appendEntries: org.apache.ratis.thirdparty.io.grpc.StatusRuntimeException: UNAVAILABLE: io exception
2022-10-18 06:31:44,268 [omNode-2@group-523986131536-StateMachineUpdater] INFO  impl.StateMachineUpdater (StateMachineUpdater.java:lambda$new$0(92)) - omNode-2@group-523986131536-StateMachineUpdater: snapshotIndex: updateIncreasingly 457 -> 508
2022-10-18 06:31:44,268 [omNode-2@group-523986131536-StateMachineUpdater] INFO  raftlog.RaftLog (RaftLogBase.java:purge(308)) - omNode-2@group-523986131536-SegmentedRaftLog: purge 508
2022-10-18 06:31:44,268 [omNode-2@group-523986131536-StateMachineUpdater] INFO  raftlog.RaftLog (RaftLogBase.java:lambda$new$0(53)) - omNode-2@group-523986131536-SegmentedRaftLog: snapshotIndex: updateIncreasingly 457 -> 508
2022-10-18 06:31:44,268 [grpc-default-executor-0] INFO  leader.FollowerInfo (FollowerInfoImpl.java:lambda$new$0(48)) - omNode-1@group-523986131536->omNode-3: nextIndex: updateUnconditionally 511 -> 45
2022-10-18 06:31:44,268 [omNode-2@group-523986131536-StateMachineUpdater] INFO  raftlog.RaftLog (RaftLogBase.java:lambda$new$0(53)) - omNode-2@group-523986131536-SegmentedRaftLog: purgeIndex: updateToMax old=457, new=508, updated? true
2022-10-18 06:31:44,271 [grpc-default-executor-0] WARN  server.GrpcLogAppender (LogUtils.java:warn(122)) - omNode-1@group-523986131536->omNode-3-AppendLogResponseHandler: Failed appendEntries: org.apache.ratis.thirdparty.io.grpc.StatusRuntimeException: UNAVAILABLE: io exception
2022-10-18 06:31:44,271 [grpc-default-executor-0] INFO  leader.FollowerInfo (FollowerInfoImpl.java:lambda$new$0(48)) - omNode-1@group-523986131536->omNode-3: nextIndex: updateUnconditionally 512 -> 45
2022-10-18 06:31:44,274 [grpc-default-executor-3] WARN  server.GrpcLogAppender (LogUtils.java:warn(122)) - omNode-1@group-523986131536->omNode-3-AppendLogResponseHandler: Failed appendEntries: org.apache.ratis.thirdparty.io.grpc.StatusRuntimeException: UNAVAILABLE: io exception
2022-10-18 06:31:44,274 [grpc-default-executor-3] INFO  leader.FollowerInfo (FollowerInfoImpl.java:lambda$new$0(48)) - omNode-1@group-523986131536->omNode-3: nextIndex: updateUnconditionally 512 -> 45
2022-10-18 06:31:44,277 [grpc-default-executor-3] WARN  server.GrpcLogAppender (LogUtils.java:warn(122)) - omNode-1@group-523986131536->omNode-3-AppendLogResponseHandler: Failed appendEntries: org.apache.ratis.thirdparty.io.grpc.StatusRuntimeException: UNAVAILABLE: io exception
2022-10-18 06:31:44,278 [grpc-default-executor-3] INFO  leader.FollowerInfo (FollowerInfoImpl.java:lambda$new$0(48)) - omNode-1@group-523986131536->omNode-3: nextIndex: updateUnconditionally 514 -> 45
2022-10-18 06:31:44,279 [grpc-default-executor-0] WARN  server.GrpcLogAppender (LogUtils.java:warn(122)) - omNode-1@group-523986131536->omNode-3-AppendLogResponseHandler: Failed appendEntries: org.apache.ratis.thirdparty.io.grpc.StatusRuntimeException: UNAVAILABLE: io exception
2022-10-18 06:31:44,279 [grpc-default-executor-0] INFO  leader.FollowerInfo (FollowerInfoImpl.java:lambda$new$0(48)) - omNode-1@group-523986131536->omNode-3: nextIndex: updateUnconditionally 514 -> 45
2022-10-18 06:31:44,282 [grpc-default-executor-0] WARN  server.GrpcLogAppender (LogUtils.java:warn(122)) - omNode-1@group-523986131536->omNode-3-AppendLogResponseHandler: Failed appendEntries: org.apache.ratis.thirdparty.io.grpc.StatusRuntimeException: UNAVAILABLE: io exception
2022-10-18 06:31:44,282 [grpc-default-executor-0] INFO  leader.FollowerInfo (FollowerInfoImpl.java:lambda$new$0(48)) - omNode-1@group-523986131536->omNode-3: nextIndex: updateUnconditionally 515 -> 45
2022-10-18 06:31:44,284 [grpc-default-executor-3] WARN  server.GrpcLogAppender (LogUtils.java:warn(122)) - omNode-1@group-523986131536->omNode-3-AppendLogResponseHandler: Failed appendEntries: org.apache.ratis.thirdparty.io.grpc.StatusRuntimeException: UNAVAILABLE: io exception
2022-10-18 06:31:44,284 [grpc-default-executor-3] INFO  leader.FollowerInfo (FollowerInfoImpl.java:lambda$new$0(48)) - omNode-1@group-523986131536->omNode-3: nextIndex: updateUnconditionally 515 -> 45
2022-10-18 06:31:44,288 [grpc-default-executor-3] WARN  server.GrpcLogAppender (LogUtils.java:warn(122)) - omNode-1@group-523986131536->omNode-3-AppendLogResponseHandler: Failed appendEntries: org.apache.ratis.thirdparty.io.grpc.StatusRuntimeException: UNAVAILABLE: io exception
2022-10-18 06:31:44,288 [grpc-default-executor-3] INFO  leader.FollowerInfo (FollowerInfoImpl.java:lambda$new$0(48)) - omNode-1@group-523986131536->omNode-3: nextIndex: updateUnconditionally 516 -> 45
2022-10-18 06:31:44,290 [grpc-default-executor-3] WARN  server.GrpcLogAppender (LogUtils.java:warn(122)) - omNode-1@group-523986131536->omNode-3-AppendLogResponseHandler: Failed appendEntries: org.apache.ratis.thirdparty.io.grpc.StatusRuntimeException: UNAVAILABLE: io exception
2022-10-18 06:31:44,290 [grpc-default-executor-3] INFO  leader.FollowerInfo (FollowerInfoImpl.java:lambda$new$0(48)) - omNode-1@group-523986131536->omNode-3: nextIndex: updateUnconditionally 516 -> 45
2022-10-18 06:31:44,291 [grpc-default-executor-2] WARN  server.GrpcLogAppender (LogUtils.java:warn(122)) - omNode-1@group-523986131536->omNode-3-AppendLogResponseHandler: Failed appendEntries: org.apache.ratis.thirdparty.io.grpc.StatusRuntimeException: UNAVAILABLE: io exception
2022-10-18 06:31:44,291 [grpc-default-executor-2] INFO  leader.FollowerInfo (FollowerInfoImpl.java:lambda$new$0(48)) - omNode-1@group-523986131536->omNode-3: nextIndex: updateUnconditionally 517 -> 45
2022-10-18 06:31:44,294 [grpc-default-executor-0] WARN  server.GrpcLogAppender (LogUtils.java:warn(122)) - omNode-1@group-523986131536->omNode-3-AppendLogResponseHandler: Failed appendEntries: org.apache.ratis.thirdparty.io.grpc.StatusRuntimeException: UNAVAILABLE: io exception
2022-10-18 06:31:44,294 [grpc-default-executor-0] INFO  leader.FollowerInfo (FollowerInfoImpl.java:lambda$new$0(48)) - omNode-1@group-523986131536->omNode-3: nextIndex: updateUnconditionally 517 -> 45
2022-10-18 06:31:44,295 [grpc-default-executor-0] WARN  server.GrpcLogAppender (LogUtils.java:warn(122)) - omNode-1@group-523986131536->omNode-3-AppendLogResponseHandler: Failed appendEntries: org.apache.ratis.thirdparty.io.grpc.StatusRuntimeException: UNAVAILABLE: io exception
2022-10-18 06:31:44,295 [grpc-default-executor-0] INFO  leader.FollowerInfo (FollowerInfoImpl.java:lambda$new$0(48)) - omNode-1@group-523986131536->omNode-3: nextIndex: updateUnconditionally 518 -> 45
2022-10-18 06:31:44,297 [grpc-default-executor-0] WARN  server.GrpcLogAppender (LogUtils.java:warn(122)) - omNode-1@group-523986131536->omNode-3-AppendLogResponseHandler: Failed appendEntries: org.apache.ratis.thirdparty.io.grpc.StatusRuntimeException: UNAVAILABLE: io exception
2022-10-18 06:31:44,297 [grpc-default-executor-0] INFO  leader.FollowerInfo (FollowerInfoImpl.java:lambda$new$0(48)) - omNode-1@group-523986131536->omNode-3: nextIndex: updateUnconditionally 518 -> 45
2022-10-18 06:31:44,302 [grpc-default-executor-0] WARN  server.GrpcLogAppender (LogUtils.java:warn(122)) - omNode-1@group-523986131536->omNode-3-AppendLogResponseHandler: Failed appendEntries: org.apache.ratis.thirdparty.io.grpc.StatusRuntimeException: UNAVAILABLE: io exception
2022-10-18 06:31:44,302 [grpc-default-executor-0] INFO  leader.FollowerInfo (FollowerInfoImpl.java:lambda$new$0(48)) - omNode-1@group-523986131536->omNode-3: nextIndex: updateUnconditionally 519 -> 45
2022-10-18 06:31:44,303 [grpc-default-executor-3] WARN  server.GrpcLogAppender (LogUtils.java:warn(122)) - omNode-1@group-523986131536->omNode-3-AppendLogResponseHandler: Failed appendEntries: org.apache.ratis.thirdparty.io.grpc.StatusRuntimeException: UNAVAILABLE: io exception
2022-10-18 06:31:44,303 [grpc-default-executor-3] INFO  leader.FollowerInfo (FollowerInfoImpl.java:lambda$new$0(48)) - omNode-1@group-523986131536->omNode-3: nextIndex: updateUnconditionally 520 -> 45
2022-10-18 06:31:44,304 [grpc-default-executor-3] WARN  server.GrpcLogAppender (LogUtils.java:warn(122)) - omNode-1@group-523986131536->omNode-3-AppendLogResponseHandler: Failed appendEntries: org.apache.ratis.thirdparty.io.grpc.StatusRuntimeException: UNAVAILABLE: io exception
2022-10-18 06:31:44,305 [grpc-default-executor-3] INFO  leader.FollowerInfo (FollowerInfoImpl.java:lambda$new$0(48)) - omNode-1@group-523986131536->omNode-3: nextIndex: updateUnconditionally 520 -> 45
2022-10-18 06:31:44,308 [grpc-default-executor-3] WARN  server.GrpcLogAppender (LogUtils.java:warn(122)) - omNode-1@group-523986131536->omNode-3-AppendLogResponseHandler: Failed appendEntries: org.apache.ratis.thirdparty.io.grpc.StatusRuntimeException: UNAVAILABLE: io exception
2022-10-18 06:31:44,308 [grpc-default-executor-3] INFO  leader.FollowerInfo (FollowerInfoImpl.java:lambda$new$0(48)) - omNode-1@group-523986131536->omNode-3: nextIndex: updateUnconditionally 521 -> 45
2022-10-18 06:31:44,309 [grpc-default-executor-3] WARN  server.GrpcLogAppender (LogUtils.java:warn(122)) - omNode-1@group-523986131536->omNode-3-AppendLogResponseHandler: Failed appendEntries: org.apache.ratis.thirdparty.io.grpc.StatusRuntimeException: UNAVAILABLE: io exception
2022-10-18 06:31:44,309 [grpc-default-executor-3] INFO  leader.FollowerInfo (FollowerInfoImpl.java:lambda$new$0(48)) - omNode-1@group-523986131536->omNode-3: nextIndex: updateUnconditionally 522 -> 45
2022-10-18 06:31:44,310 [grpc-default-executor-2] WARN  server.GrpcLogAppender (LogUtils.java:warn(122)) - omNode-1@group-523986131536->omNode-3-AppendLogResponseHandler: Failed appendEntries: org.apache.ratis.thirdparty.io.grpc.StatusRuntimeException: UNAVAILABLE: io exception
2022-10-18 06:31:44,310 [grpc-default-executor-2] INFO  leader.FollowerInfo (FollowerInfoImpl.java:lambda$new$0(48)) - omNode-1@group-523986131536->omNode-3: nextIndex: updateUnconditionally 522 -> 45
2022-10-18 06:31:44,317 [grpc-default-executor-2] WARN  server.GrpcLogAppender (LogUtils.java:warn(122)) - omNode-1@group-523986131536->omNode-3-AppendLogResponseHandler: Failed appendEntries: org.apache.ratis.thirdparty.io.grpc.StatusRuntimeException: UNAVAILABLE: io exception
2022-10-18 06:31:44,318 [grpc-default-executor-2] INFO  leader.FollowerInfo (FollowerInfoImpl.java:lambda$new$0(48)) - omNode-1@group-523986131536->omNode-3: nextIndex: updateUnconditionally 523 -> 45
2022-10-18 06:31:44,320 [grpc-default-executor-3] WARN  server.GrpcLogAppender (LogUtils.java:warn(122)) - omNode-1@group-523986131536->omNode-3-AppendLogResponseHandler: Failed appendEntries: org.apache.ratis.thirdparty.io.grpc.StatusRuntimeException: UNAVAILABLE: io exception
2022-10-18 06:31:44,320 [grpc-default-executor-3] INFO  leader.FollowerInfo (FollowerInfoImpl.java:lambda$new$0(48)) - omNode-1@group-523986131536->omNode-3: nextIndex: updateUnconditionally 524 -> 45
2022-10-18 06:31:44,321 [grpc-default-executor-2] WARN  server.GrpcLogAppender (LogUtils.java:warn(122)) - omNode-1@group-523986131536->omNode-3-AppendLogResponseHandler: Failed appendEntries: org.apache.ratis.thirdparty.io.grpc.StatusRuntimeException: UNAVAILABLE: io exception
2022-10-18 06:31:44,321 [grpc-default-executor-2] INFO  leader.FollowerInfo (FollowerInfoImpl.java:lambda$new$0(48)) - omNode-1@group-523986131536->omNode-3: nextIndex: updateUnconditionally 524 -> 45
2022-10-18 06:31:44,322 [grpc-default-executor-0] WARN  server.GrpcLogAppender (LogUtils.java:warn(122)) - omNode-1@group-523986131536->omNode-3-AppendLogResponseHandler: Failed appendEntries: org.apache.ratis.thirdparty.io.grpc.StatusRuntimeException: UNAVAILABLE: io exception
2022-10-18 06:31:44,322 [grpc-default-executor-0] INFO  leader.FollowerInfo (FollowerInfoImpl.java:lambda$new$0(48)) - omNode-1@group-523986131536->omNode-3: nextIndex: updateUnconditionally 525 -> 45
2022-10-18 06:31:44,326 [grpc-default-executor-2] WARN  server.GrpcLogAppender (LogUtils.java:warn(122)) - omNode-1@group-523986131536->omNode-3-AppendLogResponseHandler: Failed appendEntries: org.apache.ratis.thirdparty.io.grpc.StatusRuntimeException: UNAVAILABLE: io exception
2022-10-18 06:31:44,327 [grpc-default-executor-2] INFO  leader.FollowerInfo (FollowerInfoImpl.java:lambda$new$0(48)) - omNode-1@group-523986131536->omNode-3: nextIndex: updateUnconditionally 526 -> 45
2022-10-18 06:31:44,328 [grpc-default-executor-2] WARN  server.GrpcLogAppender (LogUtils.java:warn(122)) - omNode-1@group-523986131536->omNode-3-AppendLogResponseHandler: Failed appendEntries: org.apache.ratis.thirdparty.io.grpc.StatusRuntimeException: UNAVAILABLE: io exception
2022-10-18 06:31:44,328 [grpc-default-executor-2] INFO  leader.FollowerInfo (FollowerInfoImpl.java:lambda$new$0(48)) - omNode-1@group-523986131536->omNode-3: nextIndex: updateUnconditionally 526 -> 45
2022-10-18 06:31:44,329 [grpc-default-executor-0] WARN  server.GrpcLogAppender (LogUtils.java:warn(122)) - omNode-1@group-523986131536->omNode-3-AppendLogResponseHandler: Failed appendEntries: org.apache.ratis.thirdparty.io.grpc.StatusRuntimeException: UNAVAILABLE: io exception
2022-10-18 06:31:44,329 [grpc-default-executor-0] INFO  leader.FollowerInfo (FollowerInfoImpl.java:lambda$new$0(48)) - omNode-1@group-523986131536->omNode-3: nextIndex: updateUnconditionally 526 -> 45
2022-10-18 06:31:44,337 [grpc-default-executor-0] WARN  server.GrpcLogAppender (LogUtils.java:warn(122)) - omNode-1@group-523986131536->omNode-3-AppendLogResponseHandler: Failed appendEntries: org.apache.ratis.thirdparty.io.grpc.StatusRuntimeException: UNAVAILABLE: io exception
2022-10-18 06:31:44,337 [grpc-default-executor-0] INFO  leader.FollowerInfo (FollowerInfoImpl.java:lambda$new$0(48)) - omNode-1@group-523986131536->omNode-3: nextIndex: updateUnconditionally 527 -> 45
2022-10-18 06:31:44,343 [grpc-default-executor-2] WARN  server.GrpcLogAppender (LogUtils.java:warn(122)) - omNode-1@group-523986131536->omNode-3-AppendLogResponseHandler: Failed appendEntries: org.apache.ratis.thirdparty.io.grpc.StatusRuntimeException: UNAVAILABLE: io exception
2022-10-18 06:31:44,343 [grpc-default-executor-2] INFO  leader.FollowerInfo (FollowerInfoImpl.java:lambda$new$0(48)) - omNode-1@group-523986131536->omNode-3: nextIndex: updateUnconditionally 527 -> 45
2022-10-18 06:31:44,350 [grpc-default-executor-2] WARN  server.GrpcLogAppender (LogUtils.java:warn(122)) - omNode-1@group-523986131536->omNode-3-AppendLogResponseHandler: Failed appendEntries: org.apache.ratis.thirdparty.io.grpc.StatusRuntimeException: UNAVAILABLE: io exception
2022-10-18 06:31:44,350 [grpc-default-executor-2] INFO  leader.FollowerInfo (FollowerInfoImpl.java:lambda$new$0(48)) - omNode-1@group-523986131536->omNode-3: nextIndex: updateUnconditionally 528 -> 45
2022-10-18 06:31:44,352 [grpc-default-executor-0] WARN  server.GrpcLogAppender (LogUtils.java:warn(122)) - omNode-1@group-523986131536->omNode-3-AppendLogResponseHandler: Failed appendEntries: org.apache.ratis.thirdparty.io.grpc.StatusRuntimeException: UNAVAILABLE: io exception
2022-10-18 06:31:44,352 [grpc-default-executor-0] INFO  leader.FollowerInfo (FollowerInfoImpl.java:lambda$new$0(48)) - omNode-1@group-523986131536->omNode-3: nextIndex: updateUnconditionally 528 -> 45
2022-10-18 06:31:44,354 [grpc-default-executor-0] WARN  server.GrpcLogAppender (LogUtils.java:warn(122)) - omNode-1@group-523986131536->omNode-3-AppendLogResponseHandler: Failed appendEntries: org.apache.ratis.thirdparty.io.grpc.StatusRuntimeException: UNAVAILABLE: io exception
2022-10-18 06:31:44,354 [grpc-default-executor-0] INFO  leader.FollowerInfo (FollowerInfoImpl.java:lambda$new$0(48)) - omNode-1@group-523986131536->omNode-3: nextIndex: updateUnconditionally 529 -> 45
2022-10-18 06:31:44,355 [grpc-default-executor-0] WARN  server.GrpcLogAppender (LogUtils.java:warn(122)) - omNode-1@group-523986131536->omNode-3-AppendLogResponseHandler: Failed appendEntries: org.apache.ratis.thirdparty.io.grpc.StatusRuntimeException: UNAVAILABLE: io exception
2022-10-18 06:31:44,356 [grpc-default-executor-0] INFO  leader.FollowerInfo (FollowerInfoImpl.java:lambda$new$0(48)) - omNode-1@group-523986131536->omNode-3: nextIndex: updateUnconditionally 529 -> 45
2022-10-18 06:31:44,357 [grpc-default-executor-0] WARN  server.GrpcLogAppender (LogUtils.java:warn(122)) - omNode-1@group-523986131536->omNode-3-AppendLogResponseHandler: Failed appendEntries: org.apache.ratis.thirdparty.io.grpc.StatusRuntimeException: UNAVAILABLE: io exception
2022-10-18 06:31:44,357 [grpc-default-executor-0] INFO  leader.FollowerInfo (FollowerInfoImpl.java:lambda$new$0(48)) - omNode-1@group-523986131536->omNode-3: nextIndex: updateUnconditionally 530 -> 45
2022-10-18 06:31:44,359 [grpc-default-executor-3] WARN  server.GrpcLogAppender (LogUtils.java:warn(122)) - omNode-1@group-523986131536->omNode-3-AppendLogResponseHandler: Failed appendEntries: org.apache.ratis.thirdparty.io.grpc.StatusRuntimeException: UNAVAILABLE: io exception
2022-10-18 06:31:44,359 [grpc-default-executor-3] INFO  leader.FollowerInfo (FollowerInfoImpl.java:lambda$new$0(48)) - omNode-1@group-523986131536->omNode-3: nextIndex: updateUnconditionally 531 -> 45
2022-10-18 06:31:44,373 [grpc-default-executor-2] WARN  server.GrpcLogAppender (LogUtils.java:warn(122)) - omNode-1@group-523986131536->omNode-3-AppendLogResponseHandler: Failed appendEntries: org.apache.ratis.thirdparty.io.grpc.StatusRuntimeException: UNAVAILABLE: io exception
2022-10-18 06:31:44,373 [grpc-default-executor-2] INFO  leader.FollowerInfo (FollowerInfoImpl.java:lambda$new$0(48)) - omNode-1@group-523986131536->omNode-3: nextIndex: updateUnconditionally 531 -> 45
2022-10-18 06:31:44,376 [grpc-default-executor-2] WARN  server.GrpcLogAppender (LogUtils.java:warn(122)) - omNode-1@group-523986131536->omNode-3-AppendLogResponseHandler: Failed appendEntries: org.apache.ratis.thirdparty.io.grpc.StatusRuntimeException: UNAVAILABLE: io exception
2022-10-18 06:31:44,376 [grpc-default-executor-2] INFO  leader.FollowerInfo (FollowerInfoImpl.java:lambda$new$0(48)) - omNode-1@group-523986131536->omNode-3: nextIndex: updateUnconditionally 535 -> 45
2022-10-18 06:31:44,378 [grpc-default-executor-3] WARN  server.GrpcLogAppender (LogUtils.java:warn(122)) - omNode-1@group-523986131536->omNode-3-AppendLogResponseHandler: Failed appendEntries: org.apache.ratis.thirdparty.io.grpc.StatusRuntimeException: UNAVAILABLE: io exception
2022-10-18 06:31:44,378 [grpc-default-executor-3] INFO  leader.FollowerInfo (FollowerInfoImpl.java:lambda$new$0(48)) - omNode-1@group-523986131536->omNode-3: nextIndex: updateUnconditionally 536 -> 45
2022-10-18 06:31:44,380 [grpc-default-executor-3] WARN  server.GrpcLogAppender (LogUtils.java:warn(122)) - omNode-1@group-523986131536->omNode-3-AppendLogResponseHandler: Failed appendEntries: org.apache.ratis.thirdparty.io.grpc.StatusRuntimeException: UNAVAILABLE: io exception
2022-10-18 06:31:44,380 [grpc-default-executor-3] INFO  leader.FollowerInfo (FollowerInfoImpl.java:lambda$new$0(48)) - omNode-1@group-523986131536->omNode-3: nextIndex: updateUnconditionally 536 -> 45
2022-10-18 06:31:44,382 [grpc-default-executor-0] WARN  server.GrpcLogAppender (LogUtils.java:warn(122)) - omNode-1@group-523986131536->omNode-3-AppendLogResponseHandler: Failed appendEntries: org.apache.ratis.thirdparty.io.grpc.StatusRuntimeException: UNAVAILABLE: io exception
2022-10-18 06:31:44,382 [grpc-default-executor-0] INFO  leader.FollowerInfo (FollowerInfoImpl.java:lambda$new$0(48)) - omNode-1@group-523986131536->omNode-3: nextIndex: updateUnconditionally 537 -> 45
2022-10-18 06:31:44,383 [grpc-default-executor-3] WARN  server.GrpcLogAppender (LogUtils.java:warn(122)) - omNode-1@group-523986131536->omNode-3-AppendLogResponseHandler: Failed appendEntries: org.apache.ratis.thirdparty.io.grpc.StatusRuntimeException: UNAVAILABLE: io exception
2022-10-18 06:31:44,383 [grpc-default-executor-3] INFO  leader.FollowerInfo (FollowerInfoImpl.java:lambda$new$0(48)) - omNode-1@group-523986131536->omNode-3: nextIndex: updateUnconditionally 538 -> 45
2022-10-18 06:31:44,385 [grpc-default-executor-3] WARN  server.GrpcLogAppender (LogUtils.java:warn(122)) - omNode-1@group-523986131536->omNode-3-AppendLogResponseHandler: Failed appendEntries: org.apache.ratis.thirdparty.io.grpc.StatusRuntimeException: UNAVAILABLE: io exception
2022-10-18 06:31:44,385 [grpc-default-executor-3] INFO  leader.FollowerInfo (FollowerInfoImpl.java:lambda$new$0(48)) - omNode-1@group-523986131536->omNode-3: nextIndex: updateUnconditionally 538 -> 45
2022-10-18 06:31:44,386 [grpc-default-executor-3] WARN  server.GrpcLogAppender (LogUtils.java:warn(122)) - omNode-1@group-523986131536->omNode-3-AppendLogResponseHandler: Failed appendEntries: org.apache.ratis.thirdparty.io.grpc.StatusRuntimeException: UNAVAILABLE: io exception
2022-10-18 06:31:44,386 [grpc-default-executor-3] INFO  leader.FollowerInfo (FollowerInfoImpl.java:lambda$new$0(48)) - omNode-1@group-523986131536->omNode-3: nextIndex: updateUnconditionally 539 -> 45
2022-10-18 06:31:44,392 [grpc-default-executor-0] WARN  server.GrpcLogAppender (LogUtils.java:warn(122)) - omNode-1@group-523986131536->omNode-3-AppendLogResponseHandler: Failed appendEntries: org.apache.ratis.thirdparty.io.grpc.StatusRuntimeException: UNAVAILABLE: io exception
2022-10-18 06:31:44,392 [grpc-default-executor-0] INFO  leader.FollowerInfo (FollowerInfoImpl.java:lambda$new$0(48)) - omNode-1@group-523986131536->omNode-3: nextIndex: updateUnconditionally 539 -> 45
2022-10-18 06:31:44,396 [grpc-default-executor-3] WARN  server.GrpcLogAppender (LogUtils.java:warn(122)) - omNode-1@group-523986131536->omNode-3-AppendLogResponseHandler: Failed appendEntries: org.apache.ratis.thirdparty.io.grpc.StatusRuntimeException: UNAVAILABLE: io exception
2022-10-18 06:31:44,396 [grpc-default-executor-3] INFO  leader.FollowerInfo (FollowerInfoImpl.java:lambda$new$0(48)) - omNode-1@group-523986131536->omNode-3: nextIndex: updateUnconditionally 540 -> 45
2022-10-18 06:31:44,403 [grpc-default-executor-0] WARN  server.GrpcLogAppender (LogUtils.java:warn(122)) - omNode-1@group-523986131536->omNode-3-AppendLogResponseHandler: Failed appendEntries: org.apache.ratis.thirdparty.io.grpc.StatusRuntimeException: UNAVAILABLE: io exception
2022-10-18 06:31:44,403 [grpc-default-executor-0] INFO  leader.FollowerInfo (FollowerInfoImpl.java:lambda$new$0(48)) - omNode-1@group-523986131536->omNode-3: nextIndex: updateUnconditionally 540 -> 45
2022-10-18 06:31:44,407 [grpc-default-executor-3] WARN  server.GrpcLogAppender (LogUtils.java:warn(122)) - omNode-1@group-523986131536->omNode-3-AppendLogResponseHandler: Failed appendEntries: org.apache.ratis.thirdparty.io.grpc.StatusRuntimeException: UNAVAILABLE: io exception
2022-10-18 06:31:44,408 [grpc-default-executor-3] INFO  leader.FollowerInfo (FollowerInfoImpl.java:lambda$new$0(48)) - omNode-1@group-523986131536->omNode-3: nextIndex: updateUnconditionally 541 -> 45
2022-10-18 06:31:44,408 [grpc-default-executor-0] WARN  server.GrpcLogAppender (LogUtils.java:warn(122)) - omNode-1@group-523986131536->omNode-3-AppendLogResponseHandler: Failed appendEntries: org.apache.ratis.thirdparty.io.grpc.StatusRuntimeException: UNAVAILABLE: io exception
2022-10-18 06:31:44,408 [grpc-default-executor-0] INFO  leader.FollowerInfo (FollowerInfoImpl.java:lambda$new$0(48)) - omNode-1@group-523986131536->omNode-3: nextIndex: updateUnconditionally 542 -> 45
2022-10-18 06:31:44,414 [grpc-default-executor-0] WARN  server.GrpcLogAppender (LogUtils.java:warn(122)) - omNode-1@group-523986131536->omNode-3-AppendLogResponseHandler: Failed appendEntries: org.apache.ratis.thirdparty.io.grpc.StatusRuntimeException: UNAVAILABLE: io exception
2022-10-18 06:31:44,415 [grpc-default-executor-0] INFO  leader.FollowerInfo (FollowerInfoImpl.java:lambda$new$0(48)) - omNode-1@group-523986131536->omNode-3: nextIndex: updateUnconditionally 542 -> 45
2022-10-18 06:31:44,424 [grpc-default-executor-0] WARN  server.GrpcLogAppender (LogUtils.java:warn(122)) - omNode-1@group-523986131536->omNode-3-AppendLogResponseHandler: Failed appendEntries: org.apache.ratis.thirdparty.io.grpc.StatusRuntimeException: UNAVAILABLE: io exception
2022-10-18 06:31:44,424 [grpc-default-executor-0] INFO  leader.FollowerInfo (FollowerInfoImpl.java:lambda$new$0(48)) - omNode-1@group-523986131536->omNode-3: nextIndex: updateUnconditionally 543 -> 45
2022-10-18 06:31:44,429 [grpc-default-executor-3] WARN  server.GrpcLogAppender (LogUtils.java:warn(122)) - omNode-1@group-523986131536->omNode-3-AppendLogResponseHandler: Failed appendEntries: org.apache.ratis.thirdparty.io.grpc.StatusRuntimeException: UNAVAILABLE: io exception
2022-10-18 06:31:44,430 [grpc-default-executor-3] INFO  leader.FollowerInfo (FollowerInfoImpl.java:lambda$new$0(48)) - omNode-1@group-523986131536->omNode-3: nextIndex: updateUnconditionally 543 -> 45
2022-10-18 06:31:44,434 [grpc-default-executor-0] WARN  server.GrpcLogAppender (LogUtils.java:warn(122)) - omNode-1@group-523986131536->omNode-3-AppendLogResponseHandler: Failed appendEntries: org.apache.ratis.thirdparty.io.grpc.StatusRuntimeException: UNAVAILABLE: io exception
2022-10-18 06:31:44,434 [grpc-default-executor-0] INFO  leader.FollowerInfo (FollowerInfoImpl.java:lambda$new$0(48)) - omNode-1@group-523986131536->omNode-3: nextIndex: updateUnconditionally 544 -> 45
2022-10-18 06:31:44,437 [Listener at 127.0.0.1/33175] INFO  om.OzoneManager (OzoneManager.java:restart(1571)) - OzoneManager RPC server is listening at localhost/127.0.0.1:33175
2022-10-18 06:31:44,437 [Listener at 127.0.0.1/33175] INFO  impl.MetricsSystemImpl (MetricsSystemImpl.java:init(158)) - OzoneManager metrics system started (again)
2022-10-18 06:31:44,437 [grpc-default-executor-0] WARN  server.GrpcLogAppender (LogUtils.java:warn(122)) - omNode-1@group-523986131536->omNode-3-AppendLogResponseHandler: Failed appendEntries: org.apache.ratis.thirdparty.io.grpc.StatusRuntimeException: UNAVAILABLE: io exception
2022-10-18 06:31:44,437 [grpc-default-executor-0] INFO  leader.FollowerInfo (FollowerInfoImpl.java:lambda$new$0(48)) - omNode-1@group-523986131536->omNode-3: nextIndex: updateUnconditionally 544 -> 45
2022-10-18 06:31:44,448 [grpc-default-executor-0] WARN  server.GrpcLogAppender (LogUtils.java:warn(122)) - omNode-1@group-523986131536->omNode-3-AppendLogResponseHandler: Failed appendEntries: org.apache.ratis.thirdparty.io.grpc.StatusRuntimeException: UNAVAILABLE: io exception
2022-10-18 06:31:44,448 [grpc-default-executor-0] INFO  leader.FollowerInfo (FollowerInfoImpl.java:lambda$new$0(48)) - omNode-1@group-523986131536->omNode-3: nextIndex: updateUnconditionally 545 -> 45
2022-10-18 06:31:44,449 [grpc-default-executor-0] WARN  server.GrpcLogAppender (LogUtils.java:warn(122)) - omNode-1@group-523986131536->omNode-3-AppendLogResponseHandler: Failed appendEntries: org.apache.ratis.thirdparty.io.grpc.StatusRuntimeException: UNAVAILABLE: io exception
2022-10-18 06:31:44,449 [grpc-default-executor-0] INFO  leader.FollowerInfo (FollowerInfoImpl.java:lambda$new$0(48)) - omNode-1@group-523986131536->omNode-3: nextIndex: updateUnconditionally 545 -> 45
2022-10-18 06:31:44,466 [Listener at 127.0.0.1/33175] WARN  server.ServerUtils (ServerUtils.java:getDBPath(225)) - ozone.om.db.dirs is not configured. We recommend adding this setting. Falling back to ozone.metadata.dirs instead.
2022-10-18 06:31:44,468 [Listener at 127.0.0.1/33175] INFO  codec.OmKeyInfoCodec (OmKeyInfoCodec.java:<init>(49)) - OmKeyInfoCodec ignorePipeline = true
2022-10-18 06:31:44,468 [Listener at 127.0.0.1/33175] INFO  codec.RepeatedOmKeyInfoCodec (RepeatedOmKeyInfoCodec.java:<init>(41)) - RepeatedOmKeyInfoCodec ignorePipeline = true
2022-10-18 06:31:44,508 [Listener at 127.0.0.1/33175] INFO  om.OzoneManager (OzoneManager.java:instantiateServices(712)) - S3 Multi-Tenancy is disabled
2022-10-18 06:31:44,513 [Listener at 127.0.0.1/33175] WARN  server.ServerUtils (ServerUtils.java:getDefaultRatisDirectory(237)) - Storage directory for Ratis is not configured. It is a good idea to map this to an SSD disk. Falling back to ozone.metadata.dirs
2022-10-18 06:31:44,514 [Listener at 127.0.0.1/33175] INFO  ratis.OzoneManagerRatisServer (OzoneManagerRatisServer.java:<init>(160)) - Instantiating OM Ratis server with groupID: om-service-test1 and peers: localhost:37123, localhost:46015, localhost:40971
2022-10-18 06:31:44,514 [Listener at 127.0.0.1/33175] INFO  ratis.OzoneManagerStateMachine (OzoneManagerStateMachine.java:loadSnapshotInfoFromDB(632)) - LastAppliedIndex is set from TransactionInfo from OM DB as (t:1, i:43)
2022-10-18 06:31:44,515 [Listener at 127.0.0.1/33175] INFO  server.RaftServer (ConfUtils.java:logGet(46)) - raft.rpc.type = GRPC (default)
2022-10-18 06:31:44,515 [Listener at 127.0.0.1/33175] INFO  grpc.GrpcFactory (GrpcFactory.java:checkPooledByteBufAllocatorUseCacheForAllThreads(48)) - PERFORMANCE WARNING: useCacheForAllThreads is true that may cause Netty to create a lot garbage objects and, as a result, trigger GC.
	It is recommended to disable useCacheForAllThreads by setting -Dorg.apache.ratis.thirdparty.io.netty.allocator.useCacheForAllThreads=false in command line.
2022-10-18 06:31:44,515 [Listener at 127.0.0.1/33175] INFO  grpc.GrpcConfigKeys (ConfUtils.java:logGet(46)) - raft.grpc.admin.port = -1 (default)
2022-10-18 06:31:44,515 [Listener at 127.0.0.1/33175] INFO  grpc.GrpcConfigKeys (ConfUtils.java:logGet(46)) - raft.grpc.server.port = 37123 (custom)
2022-10-18 06:31:44,515 [Listener at 127.0.0.1/33175] INFO  grpc.GrpcConfigKeys (ConfUtils.java:logGet(46)) - raft.grpc.client.port = -1 (default)
2022-10-18 06:31:44,515 [Listener at 127.0.0.1/33175] INFO  grpc.GrpcConfigKeys (ConfUtils.java:logGet(46)) - raft.grpc.server.port = 37123 (custom)
2022-10-18 06:31:44,516 [Listener at 127.0.0.1/33175] INFO  grpc.GrpcConfigKeys (ConfUtils.java:logGet(46)) - raft.grpc.server.port = 37123 (custom)
2022-10-18 06:31:44,516 [Listener at 127.0.0.1/33175] INFO  server.GrpcService (ConfUtils.java:logGet(46)) - raft.grpc.message.size.max = 33554432 (custom)
2022-10-18 06:31:44,516 [Listener at 127.0.0.1/33175] INFO  server.RaftServerConfigKeys (ConfUtils.java:logGet(46)) - raft.server.log.appender.buffer.byte-limit = 33554432 (custom)
2022-10-18 06:31:44,516 [Listener at 127.0.0.1/33175] INFO  server.GrpcService (ConfUtils.java:logGet(46)) - raft.grpc.flow.control.window = 1MB (=1048576) (default)
2022-10-18 06:31:44,516 [Listener at 127.0.0.1/33175] INFO  server.RaftServerConfigKeys (ConfUtils.java:logGet(46)) - raft.server.rpc.request.timeout = 3000ms (default)
2022-10-18 06:31:44,516 [Listener at 127.0.0.1/33175] INFO  grpc.GrpcConfigKeys (ConfUtils.java:logGet(46)) - raft.grpc.server.async.request.thread.pool.cached = true (default)
2022-10-18 06:31:44,516 [Listener at 127.0.0.1/33175] INFO  grpc.GrpcConfigKeys (ConfUtils.java:logGet(46)) - raft.grpc.server.async.request.thread.pool.size = 32 (default)
2022-10-18 06:31:44,519 [Listener at 127.0.0.1/33175] INFO  impl.DataStreamServerImpl (ConfUtils.java:logGet(46)) - raft.datastream.type = DISABLED (default)
2022-10-18 06:31:44,519 [Listener at 127.0.0.1/33175] INFO  server.RaftServerConfigKeys (ConfUtils.java:logGet(46)) - raft.server.threadpool.proxy.cached = true (default)
2022-10-18 06:31:44,519 [Listener at 127.0.0.1/33175] INFO  server.RaftServerConfigKeys (ConfUtils.java:logGet(46)) - raft.server.threadpool.proxy.size = 0 (default)
2022-10-18 06:31:44,519 [Listener at 127.0.0.1/33175] INFO  server.RaftServerConfigKeys (ConfUtils.java:logGet(46)) - raft.server.rpc.slowness.timeout = 2s (custom)
2022-10-18 06:31:44,519 [Listener at 127.0.0.1/33175] INFO  server.RaftServerConfigKeys (ConfUtils.java:logGet(46)) - raft.server.leaderelection.leader.step-down.wait-time = 10s (default)
2022-10-18 06:31:44,519 [Listener at 127.0.0.1/33175] INFO  server.RaftServerConfigKeys (ConfUtils.java:logGet(46)) - raft.server.storage.dir = [/home/runner/work/ozone/ozone/hadoop-ozone/integration-test/target/test-dir/MiniOzoneClusterImpl-06b5c26c-5174-482c-8dea-daeaa88de3bb/omNode-3/ratis] (custom)
2022-10-18 06:31:44,529 [omNode-3-impl-thread1] INFO  server.RaftServer (RaftServerProxy.java:initGroupDir(247)) - omNode-3: found a subdirectory /home/runner/work/ozone/ozone/hadoop-ozone/integration-test/target/test-dir/MiniOzoneClusterImpl-06b5c26c-5174-482c-8dea-daeaa88de3bb/omNode-3/ratis/c9bc4cf4-3bc3-3c60-a66b-523986131536
2022-10-18 06:31:44,530 [Listener at 127.0.0.1/33175] INFO  server.RaftServer (RaftServerProxy.java:addNew(96)) - omNode-3: addNew group-523986131536:[omNode-3|rpc:localhost:37123|priority:0, omNode-1|rpc:localhost:46015|priority:0, omNode-2|rpc:localhost:40971|priority:0] returns group-523986131536:java.util.concurrent.CompletableFuture@138c44b3[Not completed]
2022-10-18 06:31:44,530 [Listener at 127.0.0.1/33175] INFO  om.OzoneManager (OzoneManager.java:initializeRatisServer(1975)) - OzoneManager Ratis server initialized at port 37123
2022-10-18 06:31:44,530 [Listener at 127.0.0.1/33175] INFO  ratis.OzoneManagerRatisServer (OzoneManagerRatisServer.java:start(555)) - Starting OzoneManagerRatisServer omNode-3 at port 37123
2022-10-18 06:31:44,532 [pool-939-thread-1] INFO  server.RaftServer$Division (RaftServerImpl.java:<init>(190)) - omNode-3: new RaftServerImpl for group-523986131536:[omNode-3|rpc:localhost:37123|priority:0, omNode-1|rpc:localhost:46015|priority:0, omNode-2|rpc:localhost:40971|priority:0] with OzoneManagerStateMachine:uninitialized
2022-10-18 06:31:44,532 [pool-939-thread-1] INFO  server.RaftServerConfigKeys (ConfUtils.java:logGet(46)) - raft.server.rpc.timeout.min = 1s (custom)
2022-10-18 06:31:44,532 [pool-939-thread-1] INFO  server.RaftServerConfigKeys (ConfUtils.java:logGet(46)) - raft.server.rpc.timeout.max = 1200ms (custom)
2022-10-18 06:31:44,532 [pool-939-thread-1] INFO  server.RaftServerConfigKeys (ConfUtils.java:logGet(46)) - raft.server.rpc.sleep.time = 25ms (default)
2022-10-18 06:31:44,532 [pool-939-thread-1] INFO  server.RaftServerConfigKeys (ConfUtils.java:logGet(46)) - raft.server.rpc.slowness.timeout = 2s (custom)
2022-10-18 06:31:44,532 [pool-939-thread-1] INFO  server.RaftServerConfigKeys (ConfUtils.java:logGet(46)) - raft.server.leaderelection.leader.step-down.wait-time = 10s (default)
2022-10-18 06:31:44,532 [pool-939-thread-1] INFO  server.RaftServerConfigKeys (ConfUtils.java:logGet(46)) - raft.server.sleep.deviation.threshold = 300ms (default)
2022-10-18 06:31:44,532 [pool-939-thread-1] INFO  server.RaftServer$Division (ServerState.java:<init>(107)) - omNode-3@group-523986131536: ConfigurationManager, init=-1: [omNode-3|rpc:localhost:37123|priority:0, omNode-1|rpc:localhost:46015|priority:0, omNode-2|rpc:localhost:40971|priority:0], old=null, confs=<EMPTY_MAP>
2022-10-18 06:31:44,532 [pool-939-thread-1] INFO  server.RaftServerConfigKeys (ConfUtils.java:logGet(46)) - raft.server.storage.dir = [/home/runner/work/ozone/ozone/hadoop-ozone/integration-test/target/test-dir/MiniOzoneClusterImpl-06b5c26c-5174-482c-8dea-daeaa88de3bb/omNode-3/ratis] (custom)
2022-10-18 06:31:44,532 [pool-939-thread-1] INFO  server.RaftServerConfigKeys (ConfUtils.java:logGet(46)) - raft.server.log.corruption.policy = EXCEPTION (default)
2022-10-18 06:31:44,532 [pool-939-thread-1] INFO  server.RaftServerConfigKeys (ConfUtils.java:logGet(46)) - raft.server.storage.free-space.min = 0MB (=0) (default)
2022-10-18 06:31:44,533 [pool-939-thread-1] INFO  storage.RaftStorageDirectory (RaftStorageDirectoryImpl.java:tryLock(230)) - Lock on /home/runner/work/ozone/ozone/hadoop-ozone/integration-test/target/test-dir/MiniOzoneClusterImpl-06b5c26c-5174-482c-8dea-daeaa88de3bb/omNode-3/ratis/c9bc4cf4-3bc3-3c60-a66b-523986131536/in_use.lock acquired by nodename 30337@fv-az241-838
2022-10-18 06:31:44,533 [pool-939-thread-1] INFO  storage.RaftStorage (RaftStorageImpl.java:analyzeAndRecoverStorage(110)) - Read RaftStorageMetadata{term=1, votedFor=} from /home/runner/work/ozone/ozone/hadoop-ozone/integration-test/target/test-dir/MiniOzoneClusterImpl-06b5c26c-5174-482c-8dea-daeaa88de3bb/omNode-3/ratis/c9bc4cf4-3bc3-3c60-a66b-523986131536/current/raft-meta
2022-10-18 06:31:44,534 [pool-939-thread-1] INFO  server.RaftServer$Division (ServerState.java:setRaftConf(393)) - omNode-3@group-523986131536: set configuration 0: [omNode-3|rpc:localhost:37123|admin:|client:|dataStream:|priority:0, omNode-1|rpc:localhost:46015|admin:|client:|dataStream:|priority:0, omNode-2|rpc:localhost:40971|admin:|client:|dataStream:|priority:0], old=null
2022-10-18 06:31:44,534 [pool-939-thread-1] INFO  server.RaftServerConfigKeys (ConfUtils.java:logGet(46)) - raft.server.notification.no-leader.timeout = 2s (custom)
2022-10-18 06:31:44,534 [pool-939-thread-1] INFO  server.RaftServerConfigKeys (ConfUtils.java:logGet(46)) - raft.server.log.use.memory = false (default)
2022-10-18 06:31:44,534 [pool-939-thread-1] INFO  server.RaftServerConfigKeys (ConfUtils.java:logGet(46)) - raft.server.log.purge.gap = 50 (custom)
2022-10-18 06:31:44,534 [pool-939-thread-1] INFO  server.RaftServerConfigKeys (ConfUtils.java:logGet(46)) - raft.server.log.appender.buffer.byte-limit = 33554432 (custom)
2022-10-18 06:31:44,534 [pool-939-thread-1] INFO  server.RaftServerConfigKeys (ConfUtils.java:logGet(46)) - raft.server.log.statemachine.data.read.timeout = 1000ms (default)
2022-10-18 06:31:44,534 [pool-939-thread-1] INFO  server.RaftServerConfigKeys (ConfUtils.java:logGet(46)) - raft.server.log.segment.size.max = 4194304 (custom)
2022-10-18 06:31:44,535 [pool-939-thread-1] INFO  server.RaftServerConfigKeys (ConfUtils.java:logGet(46)) - raft.server.log.segment.cache.num.max = 2 (custom)
2022-10-18 06:31:44,535 [pool-939-thread-1] INFO  server.RaftServerConfigKeys (ConfUtils.java:logGet(46)) - raft.server.log.segment.cache.size.max = 200MB (=209715200) (default)
2022-10-18 06:31:44,535 [pool-939-thread-1] INFO  segmented.SegmentedRaftLogWorker (SegmentedRaftLogWorker.java:<init>(187)) - new omNode-3@group-523986131536-SegmentedRaftLogWorker for RaftStorageImpl:Storage Directory /home/runner/work/ozone/ozone/hadoop-ozone/integration-test/target/test-dir/MiniOzoneClusterImpl-06b5c26c-5174-482c-8dea-daeaa88de3bb/omNode-3/ratis/c9bc4cf4-3bc3-3c60-a66b-523986131536
2022-10-18 06:31:44,535 [pool-939-thread-1] INFO  server.RaftServerConfigKeys (ConfUtils.java:logGet(46)) - raft.server.log.queue.byte-limit = 64MB (=67108864) (default)
2022-10-18 06:31:44,535 [pool-939-thread-1] INFO  server.RaftServerConfigKeys (ConfUtils.java:logGet(46)) - raft.server.log.queue.element-limit = 4096 (default)
2022-10-18 06:31:44,535 [pool-939-thread-1] INFO  server.RaftServerConfigKeys (ConfUtils.java:logGet(46)) - raft.server.log.segment.size.max = 4194304 (custom)
2022-10-18 06:31:44,535 [pool-939-thread-1] INFO  server.RaftServerConfigKeys (ConfUtils.java:logGet(46)) - raft.server.log.preallocated.size = 4194304 (custom)
2022-10-18 06:31:44,535 [pool-939-thread-1] INFO  server.RaftServerConfigKeys (ConfUtils.java:logGet(46)) - raft.server.log.force.sync.num = 128 (default)
2022-10-18 06:31:44,535 [pool-939-thread-1] INFO  server.RaftServerConfigKeys (ConfUtils.java:logGet(46)) - raft.server.log.statemachine.data.sync = true (default)
2022-10-18 06:31:44,535 [pool-939-thread-1] INFO  server.RaftServerConfigKeys (ConfUtils.java:logGet(46)) - raft.server.log.statemachine.data.sync.timeout = 10s (default)
2022-10-18 06:31:44,535 [pool-939-thread-1] INFO  server.RaftServerConfigKeys (ConfUtils.java:logGet(46)) - raft.server.log.statemachine.data.sync.timeout.retry = -1 (default)
2022-10-18 06:31:44,536 [pool-939-thread-1] INFO  server.RaftServerConfigKeys (ConfUtils.java:logGet(46)) - raft.server.log.write.buffer.size = 64KB (=65536) (default)
2022-10-18 06:31:44,536 [pool-939-thread-1] INFO  server.RaftServerConfigKeys (ConfUtils.java:logGet(46)) - raft.server.log.unsafe-flush.enabled = false (default)
2022-10-18 06:31:44,536 [pool-939-thread-1] INFO  server.RaftServerConfigKeys (ConfUtils.java:logGet(46)) - raft.server.log.statemachine.data.caching.enabled = false (default)
2022-10-18 06:31:44,537 [pool-939-thread-1] INFO  server.RaftServer$Division (ServerState.java:setRaftConf(393)) - omNode-3@group-523986131536: set configuration 0: [omNode-3|rpc:localhost:37123|admin:|client:|dataStream:|priority:0, omNode-1|rpc:localhost:46015|admin:|client:|dataStream:|priority:0, omNode-2|rpc:localhost:40971|admin:|client:|dataStream:|priority:0], old=null
2022-10-18 06:31:44,541 [pool-939-thread-1] INFO  segmented.LogSegment (LogSegment.java:loadSegment(173)) - Successfully read 45 entries from segment file /home/runner/work/ozone/ozone/hadoop-ozone/integration-test/target/test-dir/MiniOzoneClusterImpl-06b5c26c-5174-482c-8dea-daeaa88de3bb/omNode-3/ratis/c9bc4cf4-3bc3-3c60-a66b-523986131536/current/log_inprogress_0
2022-10-18 06:31:44,541 [pool-939-thread-1] INFO  segmented.SegmentedRaftLogWorker (SegmentedRaftLogWorker.java:lambda$new$0(135)) - omNode-3@group-523986131536-SegmentedRaftLogWorker: flushIndex: setUnconditionally 0 -> 44
2022-10-18 06:31:44,541 [pool-939-thread-1] INFO  segmented.SegmentedRaftLogWorker (SegmentedRaftLogWorker.java:lambda$new$0(135)) - omNode-3@group-523986131536-SegmentedRaftLogWorker: safeCacheEvictIndex: setUnconditionally 0 -> -1
2022-10-18 06:31:44,545 [pool-939-thread-1] INFO  raftlog.RaftLog (RaftLogBase.java:lambda$new$0(53)) - omNode-3@group-523986131536-SegmentedRaftLog: commitIndex: updateToMax old=43, new=43, updated? false
2022-10-18 06:31:44,545 [pool-939-thread-1] INFO  server.RaftServerConfigKeys (ConfUtils.java:logGet(46)) - raft.server.snapshot.auto.trigger.enabled = true (custom)
2022-10-18 06:31:44,545 [pool-939-thread-1] INFO  server.RaftServerConfigKeys (ConfUtils.java:logGet(46)) - raft.server.snapshot.auto.trigger.threshold = 50 (custom)
2022-10-18 06:31:44,545 [pool-939-thread-1] INFO  server.RaftServerConfigKeys (ConfUtils.java:logGet(46)) - raft.server.snapshot.retention.file.num = -1 (default)
2022-10-18 06:31:44,545 [pool-939-thread-1] INFO  server.RaftServerConfigKeys (ConfUtils.java:logGet(46)) - raft.server.log.purge.upto.snapshot.index = true (custom)
2022-10-18 06:31:44,545 [pool-939-thread-1] INFO  server.RaftServerConfigKeys (ConfUtils.java:logGet(46)) - raft.server.retrycache.expirytime = 30000ms (custom)
2022-10-18 06:31:44,545 [pool-939-thread-1] INFO  server.RaftServerConfigKeys (ConfUtils.java:logGet(46)) - raft.server.retrycache.statistics.expirytime = 100μs (default)
2022-10-18 06:31:44,547 [pool-939-thread-1] INFO  server.RaftServerConfigKeys (ConfUtils.java:logGet(46)) - raft.server.log.appender.install.snapshot.enabled = false (custom)
2022-10-18 06:31:44,547 [pool-939-thread-1] INFO  server.RaftServerConfigKeys (ConfUtils.java:logGet(46)) - raft.server.threadpool.server.cached = true (default)
2022-10-18 06:31:44,547 [pool-939-thread-1] INFO  server.RaftServerConfigKeys (ConfUtils.java:logGet(46)) - raft.server.threadpool.server.size = 0 (default)
2022-10-18 06:31:44,547 [pool-939-thread-1] INFO  server.RaftServerConfigKeys (ConfUtils.java:logGet(46)) - raft.server.threadpool.client.cached = true (default)
2022-10-18 06:31:44,547 [pool-939-thread-1] INFO  server.RaftServerConfigKeys (ConfUtils.java:logGet(46)) - raft.server.threadpool.client.size = 0 (default)
2022-10-18 06:31:44,547 [omNode-3-impl-thread1] INFO  server.RaftServer$Division (RaftServerImpl.java:start(310)) - omNode-3@group-523986131536: start as a follower, conf=0: [omNode-3|rpc:localhost:37123|admin:|client:|dataStream:|priority:0, omNode-1|rpc:localhost:46015|admin:|client:|dataStream:|priority:0, omNode-2|rpc:localhost:40971|admin:|client:|dataStream:|priority:0], old=null
2022-10-18 06:31:44,547 [omNode-3-impl-thread1] INFO  server.RaftServer$Division (RaftServerImpl.java:setRole(299)) - omNode-3@group-523986131536: changes role from      null to FOLLOWER at term 1 for startAsFollower
2022-10-18 06:31:44,547 [omNode-3-impl-thread1] INFO  impl.RoleInfo (RoleInfo.java:updateAndGet(139)) - omNode-3: start omNode-3@group-523986131536-FollowerState
2022-10-18 06:31:44,547 [omNode-3-impl-thread1] INFO  util.JmxRegister (JmxRegister.java:tryRegister(44)) - Successfully registered JMX Bean with object name Ratis:service=RaftServer,group=group-523986131536,id=omNode-3
2022-10-18 06:31:44,548 [Listener at 127.0.0.1/33175] INFO  server.RaftServer (RaftServerProxy.java:lambda$start$6(382)) - omNode-3: start RPC server
2022-10-18 06:31:44,550 [Listener at 127.0.0.1/33175] INFO  server.GrpcService (GrpcService.java:startImpl(260)) - omNode-3: GrpcService started, listening on 37123
2022-10-18 06:31:44,550 [Listener at 127.0.0.1/33175] INFO  om.OzoneManager (OzoneManager.java:getRpcServer(1101)) - Creating RPC Server
2022-10-18 06:31:44,551 [org.apache.ratis.util.JvmPauseMonitor$$Lambda$703/523629281@6799502b] INFO  util.JvmPauseMonitor (JvmPauseMonitor.java:run(103)) - JvmPauseMonitor-omNode-3: Started
2022-10-18 06:31:44,638 [EndpointStateMachine task thread for /0.0.0.0:34663 - 0 ] INFO  ipc.Client (Client.java:handleConnectionFailure(1010)) - Retrying connect to server: 0.0.0.0/0.0.0.0:34663. Already tried 8 time(s); retry policy is RetryUpToMaximumCountWithFixedSleep(maxRetries=15, sleepTime=1000 MILLISECONDS)
2022-10-18 06:31:44,665 [grpc-default-executor-0] WARN  server.GrpcLogAppender (LogUtils.java:warn(122)) - omNode-1@group-523986131536->omNode-3-AppendLogResponseHandler: Failed appendEntries: org.apache.ratis.thirdparty.io.grpc.StatusRuntimeException: UNAVAILABLE: io exception
2022-10-18 06:31:44,666 [grpc-default-executor-0] INFO  leader.FollowerInfo (FollowerInfoImpl.java:lambda$new$0(48)) - omNode-1@group-523986131536->omNode-3: nextIndex: updateUnconditionally 545 -> 45
2022-10-18 06:31:44,669 [2b76223f-58f9-4cd2-9f7f-000dbc1ba401@group-E1A78069126F-FollowerState] INFO  impl.FollowerState (FollowerState.java:run(143)) - 2b76223f-58f9-4cd2-9f7f-000dbc1ba401@group-E1A78069126F-FollowerState: change to CANDIDATE, lastRpcElapsedTime:5010686855ns, electionTimeout:5008ms
2022-10-18 06:31:44,669 [2b76223f-58f9-4cd2-9f7f-000dbc1ba401@group-E1A78069126F-FollowerState] INFO  impl.RoleInfo (RoleInfo.java:shutdownFollowerState(110)) - 2b76223f-58f9-4cd2-9f7f-000dbc1ba401: shutdown 2b76223f-58f9-4cd2-9f7f-000dbc1ba401@group-E1A78069126F-FollowerState
2022-10-18 06:31:44,670 [2b76223f-58f9-4cd2-9f7f-000dbc1ba401@group-E1A78069126F-FollowerState] INFO  server.RaftServer$Division (RaftServerImpl.java:setRole(299)) - 2b76223f-58f9-4cd2-9f7f-000dbc1ba401@group-E1A78069126F: changes role from  FOLLOWER to CANDIDATE at term 1 for changeToCandidate
2022-10-18 06:31:44,670 [2b76223f-58f9-4cd2-9f7f-000dbc1ba401@group-E1A78069126F-FollowerState] INFO  server.RaftServerConfigKeys (ConfUtils.java:logGet(46)) - raft.server.leaderelection.pre-vote = false (custom)
2022-10-18 06:31:44,670 [2b76223f-58f9-4cd2-9f7f-000dbc1ba401@group-E1A78069126F-FollowerState] INFO  impl.RoleInfo (RoleInfo.java:updateAndGet(139)) - 2b76223f-58f9-4cd2-9f7f-000dbc1ba401: start 2b76223f-58f9-4cd2-9f7f-000dbc1ba401@group-E1A78069126F-LeaderElection25
2022-10-18 06:31:44,688 [2b76223f-58f9-4cd2-9f7f-000dbc1ba401@group-E1A78069126F-LeaderElection25] INFO  impl.LeaderElection (LeaderElection.java:askForVotes(310)) - 2b76223f-58f9-4cd2-9f7f-000dbc1ba401@group-E1A78069126F-LeaderElection25 ELECTION round 0: submit vote requests at term 2 for -1: [2b76223f-58f9-4cd2-9f7f-000dbc1ba401|rpc:10.1.1.164:34831|priority:0, 8f793f0f-c5f3-467b-8d0b-cdd09a0930a8|rpc:10.1.1.164:33639|priority:1, ad9bea1d-9774-4e82-9b2d-afdcccbaa8d7|rpc:10.1.1.164:33755|priority:0], old=null
2022-10-18 06:31:44,698 [grpc-default-executor-0] INFO  server.RaftServer$Division (RaftServerImpl.java:requestVote(1152)) - 8f793f0f-c5f3-467b-8d0b-cdd09a0930a8@group-E1A78069126F: receive requestVote(ELECTION, 2b76223f-58f9-4cd2-9f7f-000dbc1ba401, group-E1A78069126F, 2, (t:0, i:0))
2022-10-18 06:31:44,700 [grpc-default-executor-0] INFO  impl.VoteContext (VoteContext.java:log(48)) - 8f793f0f-c5f3-467b-8d0b-cdd09a0930a8@group-E1A78069126F-FOLLOWER: reject ELECTION from 2b76223f-58f9-4cd2-9f7f-000dbc1ba401: our priority 1 > candidate's priority 0
2022-10-18 06:31:44,700 [grpc-default-executor-0] INFO  server.RaftServer$Division (RaftServerImpl.java:setRole(299)) - 8f793f0f-c5f3-467b-8d0b-cdd09a0930a8@group-E1A78069126F: changes role from  FOLLOWER to FOLLOWER at term 2 for candidate:2b76223f-58f9-4cd2-9f7f-000dbc1ba401
2022-10-18 06:31:44,700 [grpc-default-executor-0] INFO  impl.RoleInfo (RoleInfo.java:shutdownFollowerState(110)) - 8f793f0f-c5f3-467b-8d0b-cdd09a0930a8: shutdown 8f793f0f-c5f3-467b-8d0b-cdd09a0930a8@group-E1A78069126F-FollowerState
2022-10-18 06:31:44,700 [grpc-default-executor-0] INFO  impl.RoleInfo (RoleInfo.java:updateAndGet(139)) - 8f793f0f-c5f3-467b-8d0b-cdd09a0930a8: start 8f793f0f-c5f3-467b-8d0b-cdd09a0930a8@group-E1A78069126F-FollowerState
2022-10-18 06:31:44,700 [8f793f0f-c5f3-467b-8d0b-cdd09a0930a8@group-E1A78069126F-FollowerState] INFO  impl.FollowerState (FollowerState.java:run(152)) - 8f793f0f-c5f3-467b-8d0b-cdd09a0930a8@group-E1A78069126F-FollowerState was interrupted
2022-10-18 06:31:44,702 [grpc-default-executor-0] INFO  server.RaftServer$Division (RaftServerImpl.java:requestVote(1184)) - 8f793f0f-c5f3-467b-8d0b-cdd09a0930a8@group-E1A78069126F replies to ELECTION vote request: 2b76223f-58f9-4cd2-9f7f-000dbc1ba401<-8f793f0f-c5f3-467b-8d0b-cdd09a0930a8#0:FAIL-t2. Peer's state: 8f793f0f-c5f3-467b-8d0b-cdd09a0930a8@group-E1A78069126F:t2, leader=null, voted=null, raftlog=8f793f0f-c5f3-467b-8d0b-cdd09a0930a8@group-E1A78069126F-SegmentedRaftLog:OPENED:c-1, conf=-1: [2b76223f-58f9-4cd2-9f7f-000dbc1ba401|rpc:10.1.1.164:34831|dataStream:|priority:0, 8f793f0f-c5f3-467b-8d0b-cdd09a0930a8|rpc:10.1.1.164:33639|dataStream:|priority:1, ad9bea1d-9774-4e82-9b2d-afdcccbaa8d7|rpc:10.1.1.164:33755|dataStream:|priority:0], old=null
2022-10-18 06:31:44,703 [2b76223f-58f9-4cd2-9f7f-000dbc1ba401@group-E1A78069126F-LeaderElection25] INFO  impl.LeaderElection (LeaderElection.java:logAndReturn(90)) - 2b76223f-58f9-4cd2-9f7f-000dbc1ba401@group-E1A78069126F-LeaderElection25: ELECTION REJECTED received 1 response(s) and 0 exception(s):
2022-10-18 06:31:44,703 [2b76223f-58f9-4cd2-9f7f-000dbc1ba401@group-E1A78069126F-LeaderElection25] INFO  impl.LeaderElection (LeaderElection.java:logAndReturn(94)) -   Response 0: 2b76223f-58f9-4cd2-9f7f-000dbc1ba401<-8f793f0f-c5f3-467b-8d0b-cdd09a0930a8#0:FAIL-t2
2022-10-18 06:31:44,703 [2b76223f-58f9-4cd2-9f7f-000dbc1ba401@group-E1A78069126F-LeaderElection25] INFO  impl.LeaderElection (LeaderElection.java:askForVotes(312)) - 2b76223f-58f9-4cd2-9f7f-000dbc1ba401@group-E1A78069126F-LeaderElection25 ELECTION round 0: result REJECTED
2022-10-18 06:31:44,703 [2b76223f-58f9-4cd2-9f7f-000dbc1ba401@group-E1A78069126F-LeaderElection25] INFO  server.RaftServer$Division (RaftServerImpl.java:setRole(299)) - 2b76223f-58f9-4cd2-9f7f-000dbc1ba401@group-E1A78069126F: changes role from CANDIDATE to FOLLOWER at term 2 for REJECTED
2022-10-18 06:31:44,703 [2b76223f-58f9-4cd2-9f7f-000dbc1ba401@group-E1A78069126F-LeaderElection25] INFO  impl.RoleInfo (RoleInfo.java:shutdownLeaderElection(130)) - 2b76223f-58f9-4cd2-9f7f-000dbc1ba401: shutdown 2b76223f-58f9-4cd2-9f7f-000dbc1ba401@group-E1A78069126F-LeaderElection25
2022-10-18 06:31:44,703 [2b76223f-58f9-4cd2-9f7f-000dbc1ba401@group-E1A78069126F-LeaderElection25] INFO  impl.RoleInfo (RoleInfo.java:updateAndGet(139)) - 2b76223f-58f9-4cd2-9f7f-000dbc1ba401: start 2b76223f-58f9-4cd2-9f7f-000dbc1ba401@group-E1A78069126F-FollowerState
2022-10-18 06:31:44,703 [grpc-default-executor-0] INFO  server.RaftServer$Division (RaftServerImpl.java:requestVote(1152)) - ad9bea1d-9774-4e82-9b2d-afdcccbaa8d7@group-E1A78069126F: receive requestVote(ELECTION, 2b76223f-58f9-4cd2-9f7f-000dbc1ba401, group-E1A78069126F, 2, (t:0, i:0))
2022-10-18 06:31:44,706 [grpc-default-executor-0] INFO  impl.VoteContext (VoteContext.java:log(48)) - ad9bea1d-9774-4e82-9b2d-afdcccbaa8d7@group-E1A78069126F-FOLLOWER: accept ELECTION from 2b76223f-58f9-4cd2-9f7f-000dbc1ba401: our priority 0 <= candidate's priority 0
2022-10-18 06:31:44,706 [grpc-default-executor-0] INFO  server.RaftServer$Division (RaftServerImpl.java:setRole(299)) - ad9bea1d-9774-4e82-9b2d-afdcccbaa8d7@group-E1A78069126F: changes role from  FOLLOWER to FOLLOWER at term 2 for candidate:2b76223f-58f9-4cd2-9f7f-000dbc1ba401
2022-10-18 06:31:44,706 [grpc-default-executor-0] INFO  impl.RoleInfo (RoleInfo.java:shutdownFollowerState(110)) - ad9bea1d-9774-4e82-9b2d-afdcccbaa8d7: shutdown ad9bea1d-9774-4e82-9b2d-afdcccbaa8d7@group-E1A78069126F-FollowerState
2022-10-18 06:31:44,706 [grpc-default-executor-0] INFO  impl.RoleInfo (RoleInfo.java:updateAndGet(139)) - ad9bea1d-9774-4e82-9b2d-afdcccbaa8d7: start ad9bea1d-9774-4e82-9b2d-afdcccbaa8d7@group-E1A78069126F-FollowerState
2022-10-18 06:31:44,706 [ad9bea1d-9774-4e82-9b2d-afdcccbaa8d7@group-E1A78069126F-FollowerState] INFO  impl.FollowerState (FollowerState.java:run(152)) - ad9bea1d-9774-4e82-9b2d-afdcccbaa8d7@group-E1A78069126F-FollowerState was interrupted
2022-10-18 06:31:44,707 [grpc-default-executor-0] INFO  server.RaftServer$Division (RaftServerImpl.java:requestVote(1184)) - ad9bea1d-9774-4e82-9b2d-afdcccbaa8d7@group-E1A78069126F replies to ELECTION vote request: 2b76223f-58f9-4cd2-9f7f-000dbc1ba401<-ad9bea1d-9774-4e82-9b2d-afdcccbaa8d7#0:OK-t2. Peer's state: ad9bea1d-9774-4e82-9b2d-afdcccbaa8d7@group-E1A78069126F:t2, leader=null, voted=2b76223f-58f9-4cd2-9f7f-000dbc1ba401, raftlog=ad9bea1d-9774-4e82-9b2d-afdcccbaa8d7@group-E1A78069126F-SegmentedRaftLog:OPENED:c-1, conf=-1: [2b76223f-58f9-4cd2-9f7f-000dbc1ba401|rpc:10.1.1.164:34831|dataStream:|priority:0, 8f793f0f-c5f3-467b-8d0b-cdd09a0930a8|rpc:10.1.1.164:33639|dataStream:|priority:1, ad9bea1d-9774-4e82-9b2d-afdcccbaa8d7|rpc:10.1.1.164:33755|dataStream:|priority:0], old=null
2022-10-18 06:31:44,881 [Listener at 127.0.0.1/33175] INFO  reflections.Reflections (Reflections.java:scan(232)) - Reflections took 330 ms to scan 19 urls, producing 67 keys and 4238 values [using 2 cores]
2022-10-18 06:31:44,882 [Listener at 127.0.0.1/33175] INFO  ipc.CallQueueManager (CallQueueManager.java:<init>(90)) - Using callQueue: class java.util.concurrent.LinkedBlockingQueue, queueCapacity: 2000, scheduler: class org.apache.hadoop.ipc.DefaultRpcScheduler, ipcBackoff: false.
2022-10-18 06:31:44,883 [Socket Reader #1 for port 33175] INFO  ipc.Server (Server.java:run(1273)) - Starting Socket Reader #1 for port 33175
2022-10-18 06:31:44,886 [Listener at localhost/33175] INFO  http.BaseHttpServer (BaseHttpServer.java:newHttpServer2BuilderForOzone(213)) - Starting Web-server for ozoneManager at: http://0.0.0.0:34333
2022-10-18 06:31:44,886 [Listener at localhost/33175] INFO  http.BaseHttpServer (BaseHttpServer.java:<init>(108)) - Hadoop Security Enabled: false Ozone Security Enabled: false Ozone HTTP Security Enabled: false 
2022-10-18 06:31:44,887 [Listener at localhost/33175] WARN  server.AuthenticationFilter (AuthenticationFilter.java:constructSecretProvider(240)) - Unable to initialize FileSignerSecretProvider, falling back to use random secrets. Reason: Could not read signature secret file: /home/runner/hadoop-http-auth-signature-secret
2022-10-18 06:31:44,888 [Listener at localhost/33175] WARN  http.HttpRequestLog (HttpRequestLog.java:getRequestLog(103)) - Jetty request log can only be enabled using Log4j
2022-10-18 06:31:44,889 [Listener at localhost/33175] INFO  http.HttpServer2 (HttpServer2.java:addGlobalFilter(1031)) - Added global filter 'safety' (class=org.apache.hadoop.hdds.server.http.HttpServer2$QuotingInputFilter)
2022-10-18 06:31:44,890 [Listener at localhost/33175] INFO  http.HttpServer2 (HttpServer2.java:addFilter(1007)) - Added filter static_user_filter (class=org.apache.hadoop.http.lib.StaticUserWebFilter$StaticUserFilter) to context ozoneManager
2022-10-18 06:31:44,890 [Listener at localhost/33175] INFO  http.HttpServer2 (HttpServer2.java:addFilter(1015)) - Added filter static_user_filter (class=org.apache.hadoop.http.lib.StaticUserWebFilter$StaticUserFilter) to context static
2022-10-18 06:31:44,890 [Listener at localhost/33175] INFO  http.HttpServer2 (HttpServer2.java:addFilter(1015)) - Added filter static_user_filter (class=org.apache.hadoop.http.lib.StaticUserWebFilter$StaticUserFilter) to context logs
2022-10-18 06:31:44,890 [Listener at localhost/33175] INFO  http.HttpServer2 (HttpServer2.java:bindListener(1250)) - Jetty bound to port 34333
2022-10-18 06:31:44,890 [Listener at localhost/33175] INFO  server.Server (Server.java:doStart(375)) - jetty-9.4.43.v20210629; built: 2021-06-30T11:07:22.254Z; git: 526006ecfa3af7f1a27ef3a288e2bef7ea9dd7e8; jvm 1.8.0_345-b01
2022-10-18 06:31:44,892 [Listener at localhost/33175] INFO  server.session (DefaultSessionIdManager.java:doStart(334)) - DefaultSessionIdManager workerName=node0
2022-10-18 06:31:44,892 [Listener at localhost/33175] INFO  server.session (DefaultSessionIdManager.java:doStart(339)) - No SessionScavenger set, using defaults
2022-10-18 06:31:44,892 [Listener at localhost/33175] INFO  server.session (HouseKeeper.java:startScavenging(132)) - node0 Scavenging every 660000ms
2022-10-18 06:31:44,893 [Listener at localhost/33175] INFO  handler.ContextHandler (ContextHandler.java:doStart(915)) - Started o.e.j.s.ServletContextHandler@67ff5a9{logs,/logs,file:///home/runner/work/ozone/ozone/hadoop-ozone/integration-test/target/log,AVAILABLE}
2022-10-18 06:31:44,893 [Listener at localhost/33175] INFO  handler.ContextHandler (ContextHandler.java:doStart(915)) - Started o.e.j.s.ServletContextHandler@68d60b67{static,/static,file:///home/runner/work/ozone/ozone/hadoop-ozone/integration-test/target/test-classes/webapps/static,AVAILABLE}
2022-10-18 06:31:44,896 [Listener at localhost/33175] INFO  handler.ContextHandler (ContextHandler.java:doStart(915)) - Started o.e.j.w.WebAppContext@76515e7b{ozoneManager,/,file:///home/runner/work/ozone/ozone/hadoop-ozone/integration-test/target/test-classes/webapps/ozoneManager/,AVAILABLE}{file:/home/runner/work/ozone/ozone/hadoop-ozone/integration-test/target/test-classes/webapps/ozoneManager}
2022-10-18 06:31:44,907 [Listener at localhost/33175] INFO  server.AbstractConnector (AbstractConnector.java:doStart(331)) - Started ServerConnector@3b6922c5{HTTP/1.1, (http/1.1)}{0.0.0.0:34333}
2022-10-18 06:31:44,907 [Listener at localhost/33175] INFO  server.Server (Server.java:doStart(415)) - Started @97091ms
2022-10-18 06:31:44,917 [Listener at localhost/33175] WARN  impl.MetricsSystemImpl (MetricsSystemImpl.java:register(279)) - Sink prometheus already exists!
2022-10-18 06:31:44,923 [Listener at localhost/33175] INFO  http.BaseHttpServer (BaseHttpServer.java:updateConnectorAddress(333)) - HTTP server of ozoneManager listening at http://0.0.0.0:34333
2022-10-18 06:31:44,926 [omNode-3-server-thread1] INFO  server.RaftServer$Division (ServerState.java:setLeader(287)) - omNode-3@group-523986131536: change Leader from null to omNode-1 at term 1 for appendEntries, leader elected after 392ms
2022-10-18 06:31:44,927 [IPC Server Responder] INFO  ipc.Server (Server.java:run(1512)) - IPC Server Responder: starting
2022-10-18 06:31:44,929 [IPC Server listener on 33175] INFO  ipc.Server (Server.java:run(1352)) - IPC Server listener on 33175: starting
2022-10-18 06:31:44,934 [Listener at localhost/33175] INFO  om.OzoneManager (OzoneManager.java:startTrashEmptier(1919)) - Trash Interval set to 0. Files deleted won't move to trash
2022-10-18 06:31:44,957 [org.apache.hadoop.util.JvmPauseMonitor$Monitor@6d75874d] INFO  util.JvmPauseMonitor (JvmPauseMonitor.java:run(188)) - Starting JVM pause monitor
2022-10-18 06:31:45,250 [omNode-3@group-523986131536-StateMachineUpdater] INFO  ratis.OzoneManagerStateMachine (OzoneManagerStateMachine.java:takeSnapshot(441)) - Current Snapshot Index (t:1, i:545)
2022-10-18 06:31:45,250 [omNode-3@group-523986131536-StateMachineUpdater] INFO  impl.StateMachineUpdater (StateMachineUpdater.java:takeSnapshot(287)) - omNode-3@group-523986131536-StateMachineUpdater: Took a snapshot at index 545
2022-10-18 06:31:45,250 [omNode-3@group-523986131536-StateMachineUpdater] INFO  impl.StateMachineUpdater (StateMachineUpdater.java:lambda$new$0(92)) - omNode-3@group-523986131536-StateMachineUpdater: snapshotIndex: updateIncreasingly 43 -> 545
2022-10-18 06:31:45,250 [omNode-3@group-523986131536-StateMachineUpdater] INFO  raftlog.RaftLog (RaftLogBase.java:purge(308)) - omNode-3@group-523986131536-SegmentedRaftLog: purge 545
2022-10-18 06:31:45,250 [omNode-3@group-523986131536-StateMachineUpdater] INFO  raftlog.RaftLog (RaftLogBase.java:lambda$new$0(53)) - omNode-3@group-523986131536-SegmentedRaftLog: snapshotIndex: updateIncreasingly 43 -> 545
2022-10-18 06:31:45,250 [omNode-3@group-523986131536-StateMachineUpdater] INFO  raftlog.RaftLog (RaftLogBase.java:lambda$new$0(53)) - omNode-3@group-523986131536-SegmentedRaftLog: purgeIndex: updateToMax old=-1, new=545, updated? true
2022-10-18 06:31:45,278 [omNode-1@group-523986131536-StateMachineUpdater] INFO  ratis.OzoneManagerStateMachine (OzoneManagerStateMachine.java:takeSnapshot(441)) - Current Snapshot Index (t:1, i:550)
2022-10-18 06:31:45,278 [omNode-1@group-523986131536-StateMachineUpdater] INFO  impl.StateMachineUpdater (StateMachineUpdater.java:takeSnapshot(287)) - omNode-1@group-523986131536-StateMachineUpdater: Took a snapshot at index 550
2022-10-18 06:31:45,278 [omNode-1@group-523986131536-StateMachineUpdater] INFO  impl.StateMachineUpdater (StateMachineUpdater.java:lambda$new$0(92)) - omNode-1@group-523986131536-StateMachineUpdater: snapshotIndex: updateIncreasingly 500 -> 550
2022-10-18 06:31:45,278 [omNode-1@group-523986131536-StateMachineUpdater] INFO  raftlog.RaftLog (RaftLogBase.java:purge(308)) - omNode-1@group-523986131536-SegmentedRaftLog: purge 550
2022-10-18 06:31:45,278 [omNode-1@group-523986131536-StateMachineUpdater] INFO  raftlog.RaftLog (RaftLogBase.java:lambda$new$0(53)) - omNode-1@group-523986131536-SegmentedRaftLog: snapshotIndex: updateIncreasingly 500 -> 550
2022-10-18 06:31:45,278 [omNode-1@group-523986131536-StateMachineUpdater] INFO  raftlog.RaftLog (RaftLogBase.java:lambda$new$0(53)) - omNode-1@group-523986131536-SegmentedRaftLog: purgeIndex: updateToMax old=500, new=550, updated? true
2022-10-18 06:31:45,357 [omNode-2@group-523986131536-StateMachineUpdater] INFO  ratis.OzoneManagerStateMachine (OzoneManagerStateMachine.java:takeSnapshot(441)) - Current Snapshot Index (t:1, i:558)
2022-10-18 06:31:45,357 [omNode-2@group-523986131536-StateMachineUpdater] INFO  impl.StateMachineUpdater (StateMachineUpdater.java:takeSnapshot(287)) - omNode-2@group-523986131536-StateMachineUpdater: Took a snapshot at index 558
2022-10-18 06:31:45,357 [omNode-2@group-523986131536-StateMachineUpdater] INFO  impl.StateMachineUpdater (StateMachineUpdater.java:lambda$new$0(92)) - omNode-2@group-523986131536-StateMachineUpdater: snapshotIndex: updateIncreasingly 508 -> 558
2022-10-18 06:31:45,357 [omNode-2@group-523986131536-StateMachineUpdater] INFO  raftlog.RaftLog (RaftLogBase.java:purge(308)) - omNode-2@group-523986131536-SegmentedRaftLog: purge 558
2022-10-18 06:31:45,357 [omNode-2@group-523986131536-StateMachineUpdater] INFO  raftlog.RaftLog (RaftLogBase.java:lambda$new$0(53)) - omNode-2@group-523986131536-SegmentedRaftLog: snapshotIndex: updateIncreasingly 508 -> 558
2022-10-18 06:31:45,358 [omNode-2@group-523986131536-StateMachineUpdater] INFO  raftlog.RaftLog (RaftLogBase.java:lambda$new$0(53)) - omNode-2@group-523986131536-SegmentedRaftLog: purgeIndex: updateToMax old=508, new=558, updated? true
2022-10-18 06:31:45,559 [Listener at localhost/33175] INFO  om.OzoneManager (OzoneManager.java:stop(2034)) - omNode-3[localhost:33175]: Stopping Ozone Manager
2022-10-18 06:31:45,559 [Listener at localhost/33175] INFO  ipc.Server (Server.java:stop(3428)) - Stopping server on 33175
2022-10-18 06:31:45,576 [IPC Server listener on 33175] INFO  ipc.Server (Server.java:run(1384)) - Stopping IPC Server listener on 33175
2022-10-18 06:31:45,576 [IPC Server Responder] INFO  ipc.Server (Server.java:run(1517)) - Stopping IPC Server Responder
2022-10-18 06:31:45,576 [Listener at localhost/33175] INFO  server.RaftServer (RaftServerProxy.java:lambda$close$7(398)) - omNode-3: close
2022-10-18 06:31:45,576 [Listener at localhost/33175] INFO  server.RaftServer$Division (RaftServerImpl.java:lambda$close$4(434)) - omNode-3@group-523986131536: shutdown
2022-10-18 06:31:45,576 [Listener at localhost/33175] INFO  util.JmxRegister (JmxRegister.java:unregister(73)) - Successfully un-registered JMX Bean with object name Ratis:service=RaftServer,group=group-523986131536,id=omNode-3
2022-10-18 06:31:45,577 [Listener at localhost/33175] INFO  impl.RoleInfo (RoleInfo.java:shutdownFollowerState(110)) - omNode-3: shutdown omNode-3@group-523986131536-FollowerState
2022-10-18 06:31:45,577 [Listener at localhost/33175] INFO  impl.StateMachineUpdater (StateMachineUpdater.java:stopAndJoin(153)) - omNode-3@group-523986131536-StateMachineUpdater: set stopIndex = 583
2022-10-18 06:31:45,577 [omNode-3@group-523986131536-FollowerState] INFO  impl.FollowerState (FollowerState.java:run(152)) - omNode-3@group-523986131536-FollowerState was interrupted
2022-10-18 06:31:45,577 [omNode-3@group-523986131536-StateMachineUpdater] INFO  ratis.OzoneManagerStateMachine (OzoneManagerStateMachine.java:takeSnapshot(441)) - Current Snapshot Index (t:1, i:583)
2022-10-18 06:31:45,579 [omNode-3@group-523986131536-StateMachineUpdater] INFO  impl.StateMachineUpdater (StateMachineUpdater.java:takeSnapshot(287)) - omNode-3@group-523986131536-StateMachineUpdater: Took a snapshot at index 583
2022-10-18 06:31:45,579 [omNode-3@group-523986131536-StateMachineUpdater] INFO  impl.StateMachineUpdater (StateMachineUpdater.java:lambda$new$0(92)) - omNode-3@group-523986131536-StateMachineUpdater: snapshotIndex: updateIncreasingly 545 -> 583
2022-10-18 06:31:45,579 [omNode-3@group-523986131536-StateMachineUpdater] INFO  ratis.OzoneManagerStateMachine (OzoneManagerStateMachine.java:close(495)) - StateMachine has shutdown. Shutdown OzoneManager if not already shutdown.
2022-10-18 06:31:45,579 [omNode-3@group-523986131536-StateMachineUpdater] INFO  ratis.OzoneManagerDoubleBuffer (OzoneManagerDoubleBuffer.java:stop(466)) - Stopping OMDoubleBuffer flush thread
2022-10-18 06:31:45,579 [OMDoubleBufferFlushThread] INFO  ratis.OzoneManagerDoubleBuffer (OzoneManagerDoubleBuffer.java:flushTransactions(385)) - OMDoubleBuffer flush thread OMDoubleBufferFlushThread is interrupted and will exit.
2022-10-18 06:31:45,580 [Listener at localhost/33175] INFO  server.RaftServer$Division (ServerState.java:close(429)) - omNode-3@group-523986131536: closes. applyIndex: 583
2022-10-18 06:31:45,580 [omNode-3@group-523986131536-SegmentedRaftLogWorker] INFO  segmented.SegmentedRaftLogWorker (SegmentedRaftLogWorker.java:run(336)) - omNode-3@group-523986131536-SegmentedRaftLogWorker was interrupted, exiting. There are 0 tasks remaining in the queue.
2022-10-18 06:31:45,581 [Listener at localhost/33175] INFO  segmented.SegmentedRaftLogWorker (SegmentedRaftLogWorker.java:close(246)) - omNode-3@group-523986131536-SegmentedRaftLogWorker close()
2022-10-18 06:31:45,582 [Listener at localhost/33175] INFO  server.GrpcService (GrpcService.java:closeImpl(269)) - omNode-3: shutdown server with port 37123 now
2022-10-18 06:31:45,583 [grpc-default-executor-3] WARN  server.GrpcServerProtocolService (LogUtils.java:warn(122)) - omNode-3: installSnapshot onError, lastRequest: omNode-1->omNode-3#1122763-t1,previous=(t:1, i:583),leaderCommit=583,initializing? true,entries: size=1, first=(t:1, i:584), METADATAENTRY(c:583): org.apache.ratis.thirdparty.io.grpc.StatusRuntimeException: CANCELLED: client cancelled
2022-10-18 06:31:45,583 [grpc-default-executor-2] WARN  server.GrpcLogAppender (LogUtils.java:warn(122)) - omNode-1@group-523986131536->omNode-3-AppendLogResponseHandler: Failed appendEntries: org.apache.ratis.thirdparty.io.grpc.StatusRuntimeException: CANCELLED: RST_STREAM closed stream. HTTP/2 error code: CANCEL
2022-10-18 06:31:45,583 [grpc-default-executor-2] INFO  leader.FollowerInfo (FollowerInfoImpl.java:lambda$new$0(48)) - omNode-1@group-523986131536->omNode-3: nextIndex: updateUnconditionally 585 -> 584
2022-10-18 06:31:45,584 [Listener at localhost/33175] INFO  server.GrpcService (GrpcService.java:closeImpl(278)) - omNode-3: shutdown server with port 37123 successfully
2022-10-18 06:31:45,584 [org.apache.ratis.util.JvmPauseMonitor$$Lambda$703/523629281@6799502b] INFO  util.JvmPauseMonitor (JvmPauseMonitor.java:run(109)) - JvmPauseMonitor-omNode-3: Stopped
2022-10-18 06:31:45,584 [Listener at localhost/33175] INFO  ratis.OzoneManagerStateMachine (OzoneManagerStateMachine.java:close(495)) - StateMachine has shutdown. Shutdown OzoneManager if not already shutdown.
2022-10-18 06:31:45,584 [Listener at localhost/33175] INFO  ratis.OzoneManagerDoubleBuffer (OzoneManagerDoubleBuffer.java:stop(478)) - OMDoubleBuffer flush thread is not running.
2022-10-18 06:31:45,585 [Listener at localhost/33175] INFO  handler.ContextHandler (ContextHandler.java:doStop(1153)) - Stopped o.e.j.w.WebAppContext@76515e7b{ozoneManager,/,null,STOPPED}{file:/home/runner/work/ozone/ozone/hadoop-ozone/integration-test/target/test-classes/webapps/ozoneManager}
2022-10-18 06:31:45,585 [Listener at localhost/33175] INFO  server.AbstractConnector (AbstractConnector.java:doStop(381)) - Stopped ServerConnector@3b6922c5{HTTP/1.1, (http/1.1)}{0.0.0.0:34333}
2022-10-18 06:31:45,585 [Listener at localhost/33175] INFO  server.session (HouseKeeper.java:stopScavenging(149)) - node0 Stopped scavenging
2022-10-18 06:31:45,586 [Listener at localhost/33175] INFO  handler.ContextHandler (ContextHandler.java:doStop(1153)) - Stopped o.e.j.s.ServletContextHandler@68d60b67{static,/static,file:///home/runner/work/ozone/ozone/hadoop-ozone/integration-test/target/test-classes/webapps/static,STOPPED}
2022-10-18 06:31:45,586 [Listener at localhost/33175] INFO  handler.ContextHandler (ContextHandler.java:doStop(1153)) - Stopped o.e.j.s.ServletContextHandler@67ff5a9{logs,/logs,file:///home/runner/work/ozone/ozone/hadoop-ozone/integration-test/target/log,STOPPED}
2022-10-18 06:31:45,588 [Listener at localhost/33175] INFO  om.OzoneManager (OzoneManager.java:restart(1571)) - OzoneManager RPC server is listening at localhost/127.0.0.1:33175
2022-10-18 06:31:45,588 [Listener at localhost/33175] INFO  impl.MetricsSystemImpl (MetricsSystemImpl.java:init(158)) - OzoneManager metrics system started (again)
2022-10-18 06:31:45,591 [grpc-default-executor-2] WARN  server.GrpcLogAppender (LogUtils.java:warn(122)) - omNode-1@group-523986131536->omNode-3-AppendLogResponseHandler: Failed appendEntries: org.apache.ratis.thirdparty.io.grpc.StatusRuntimeException: UNAVAILABLE: io exception
2022-10-18 06:31:45,591 [grpc-default-executor-2] INFO  leader.FollowerInfo (FollowerInfoImpl.java:lambda$new$0(48)) - omNode-1@group-523986131536->omNode-3: nextIndex: updateUnconditionally 585 -> 584
2022-10-18 06:31:45,600 [Listener at localhost/33175] WARN  server.ServerUtils (ServerUtils.java:getDBPath(225)) - ozone.om.db.dirs is not configured. We recommend adding this setting. Falling back to ozone.metadata.dirs instead.
2022-10-18 06:31:45,601 [Listener at localhost/33175] INFO  codec.OmKeyInfoCodec (OmKeyInfoCodec.java:<init>(49)) - OmKeyInfoCodec ignorePipeline = true
2022-10-18 06:31:45,601 [Listener at localhost/33175] INFO  codec.RepeatedOmKeyInfoCodec (RepeatedOmKeyInfoCodec.java:<init>(41)) - RepeatedOmKeyInfoCodec ignorePipeline = true
2022-10-18 06:31:45,632 [Listener at localhost/33175] INFO  om.OzoneManager (OzoneManager.java:instantiateServices(712)) - S3 Multi-Tenancy is disabled
2022-10-18 06:31:45,637 [Listener at localhost/33175] WARN  server.ServerUtils (ServerUtils.java:getDefaultRatisDirectory(237)) - Storage directory for Ratis is not configured. It is a good idea to map this to an SSD disk. Falling back to ozone.metadata.dirs
2022-10-18 06:31:45,638 [Listener at localhost/33175] INFO  ratis.OzoneManagerRatisServer (OzoneManagerRatisServer.java:<init>(160)) - Instantiating OM Ratis server with groupID: om-service-test1 and peers: localhost:37123, localhost:46015, localhost:40971
2022-10-18 06:31:45,638 [Listener at localhost/33175] INFO  ratis.OzoneManagerStateMachine (OzoneManagerStateMachine.java:loadSnapshotInfoFromDB(632)) - LastAppliedIndex is set from TransactionInfo from OM DB as (t:1, i:583)
2022-10-18 06:31:45,639 [EndpointStateMachine task thread for /0.0.0.0:34663 - 0 ] INFO  ipc.Client (Client.java:handleConnectionFailure(1010)) - Retrying connect to server: 0.0.0.0/0.0.0.0:34663. Already tried 9 time(s); retry policy is RetryUpToMaximumCountWithFixedSleep(maxRetries=15, sleepTime=1000 MILLISECONDS)
2022-10-18 06:31:45,639 [Listener at localhost/33175] INFO  server.RaftServer (ConfUtils.java:logGet(46)) - raft.rpc.type = GRPC (default)
2022-10-18 06:31:45,639 [Listener at localhost/33175] INFO  grpc.GrpcFactory (GrpcFactory.java:checkPooledByteBufAllocatorUseCacheForAllThreads(48)) - PERFORMANCE WARNING: useCacheForAllThreads is true that may cause Netty to create a lot garbage objects and, as a result, trigger GC.
	It is recommended to disable useCacheForAllThreads by setting -Dorg.apache.ratis.thirdparty.io.netty.allocator.useCacheForAllThreads=false in command line.
2022-10-18 06:31:45,639 [Listener at localhost/33175] INFO  grpc.GrpcConfigKeys (ConfUtils.java:logGet(46)) - raft.grpc.admin.port = -1 (default)
2022-10-18 06:31:45,639 [Listener at localhost/33175] INFO  grpc.GrpcConfigKeys (ConfUtils.java:logGet(46)) - raft.grpc.server.port = 37123 (custom)
2022-10-18 06:31:45,640 [Listener at localhost/33175] INFO  grpc.GrpcConfigKeys (ConfUtils.java:logGet(46)) - raft.grpc.client.port = -1 (default)
2022-10-18 06:31:45,640 [Listener at localhost/33175] INFO  grpc.GrpcConfigKeys (ConfUtils.java:logGet(46)) - raft.grpc.server.port = 37123 (custom)
2022-10-18 06:31:45,640 [Listener at localhost/33175] INFO  grpc.GrpcConfigKeys (ConfUtils.java:logGet(46)) - raft.grpc.server.port = 37123 (custom)
2022-10-18 06:31:45,640 [Listener at localhost/33175] INFO  server.GrpcService (ConfUtils.java:logGet(46)) - raft.grpc.message.size.max = 33554432 (custom)
2022-10-18 06:31:45,641 [Listener at localhost/33175] INFO  server.RaftServerConfigKeys (ConfUtils.java:logGet(46)) - raft.server.log.appender.buffer.byte-limit = 33554432 (custom)
2022-10-18 06:31:45,641 [Listener at localhost/33175] INFO  server.GrpcService (ConfUtils.java:logGet(46)) - raft.grpc.flow.control.window = 1MB (=1048576) (default)
2022-10-18 06:31:45,641 [Listener at localhost/33175] INFO  server.RaftServerConfigKeys (ConfUtils.java:logGet(46)) - raft.server.rpc.request.timeout = 3000ms (default)
2022-10-18 06:31:45,642 [Listener at localhost/33175] INFO  grpc.GrpcConfigKeys (ConfUtils.java:logGet(46)) - raft.grpc.server.async.request.thread.pool.cached = true (default)
2022-10-18 06:31:45,642 [Listener at localhost/33175] INFO  grpc.GrpcConfigKeys (ConfUtils.java:logGet(46)) - raft.grpc.server.async.request.thread.pool.size = 32 (default)
2022-10-18 06:31:45,643 [Listener at localhost/33175] INFO  impl.DataStreamServerImpl (ConfUtils.java:logGet(46)) - raft.datastream.type = DISABLED (default)
2022-10-18 06:31:45,643 [Listener at localhost/33175] INFO  server.RaftServerConfigKeys (ConfUtils.java:logGet(46)) - raft.server.threadpool.proxy.cached = true (default)
2022-10-18 06:31:45,643 [Listener at localhost/33175] INFO  server.RaftServerConfigKeys (ConfUtils.java:logGet(46)) - raft.server.threadpool.proxy.size = 0 (default)
2022-10-18 06:31:45,643 [Listener at localhost/33175] INFO  server.RaftServerConfigKeys (ConfUtils.java:logGet(46)) - raft.server.rpc.slowness.timeout = 2s (custom)
2022-10-18 06:31:45,643 [Listener at localhost/33175] INFO  server.RaftServerConfigKeys (ConfUtils.java:logGet(46)) - raft.server.leaderelection.leader.step-down.wait-time = 10s (default)
2022-10-18 06:31:45,644 [Listener at localhost/33175] INFO  server.RaftServerConfigKeys (ConfUtils.java:logGet(46)) - raft.server.storage.dir = [/home/runner/work/ozone/ozone/hadoop-ozone/integration-test/target/test-dir/MiniOzoneClusterImpl-06b5c26c-5174-482c-8dea-daeaa88de3bb/omNode-3/ratis] (custom)
2022-10-18 06:31:45,644 [omNode-3-impl-thread1] INFO  server.RaftServer (RaftServerProxy.java:initGroupDir(247)) - omNode-3: found a subdirectory /home/runner/work/ozone/ozone/hadoop-ozone/integration-test/target/test-dir/MiniOzoneClusterImpl-06b5c26c-5174-482c-8dea-daeaa88de3bb/omNode-3/ratis/c9bc4cf4-3bc3-3c60-a66b-523986131536
2022-10-18 06:31:45,644 [Listener at localhost/33175] INFO  server.RaftServer (RaftServerProxy.java:addNew(96)) - omNode-3: addNew group-523986131536:[omNode-3|rpc:localhost:37123|priority:0, omNode-1|rpc:localhost:46015|priority:0, omNode-2|rpc:localhost:40971|priority:0] returns group-523986131536:java.util.concurrent.CompletableFuture@b10dd8d[Not completed]
2022-10-18 06:31:45,644 [Listener at localhost/33175] INFO  om.OzoneManager (OzoneManager.java:initializeRatisServer(1975)) - OzoneManager Ratis server initialized at port 37123
2022-10-18 06:31:45,644 [pool-973-thread-1] INFO  server.RaftServer$Division (RaftServerImpl.java:<init>(190)) - omNode-3: new RaftServerImpl for group-523986131536:[omNode-3|rpc:localhost:37123|priority:0, omNode-1|rpc:localhost:46015|priority:0, omNode-2|rpc:localhost:40971|priority:0] with OzoneManagerStateMachine:uninitialized
2022-10-18 06:31:45,644 [Listener at localhost/33175] INFO  ratis.OzoneManagerRatisServer (OzoneManagerRatisServer.java:start(555)) - Starting OzoneManagerRatisServer omNode-3 at port 37123
2022-10-18 06:31:45,645 [pool-973-thread-1] INFO  server.RaftServerConfigKeys (ConfUtils.java:logGet(46)) - raft.server.rpc.timeout.min = 1s (custom)
2022-10-18 06:31:45,645 [pool-973-thread-1] INFO  server.RaftServerConfigKeys (ConfUtils.java:logGet(46)) - raft.server.rpc.timeout.max = 1200ms (custom)
2022-10-18 06:31:45,645 [pool-973-thread-1] INFO  server.RaftServerConfigKeys (ConfUtils.java:logGet(46)) - raft.server.rpc.sleep.time = 25ms (default)
2022-10-18 06:31:45,645 [pool-973-thread-1] INFO  server.RaftServerConfigKeys (ConfUtils.java:logGet(46)) - raft.server.rpc.slowness.timeout = 2s (custom)
2022-10-18 06:31:45,645 [pool-973-thread-1] INFO  server.RaftServerConfigKeys (ConfUtils.java:logGet(46)) - raft.server.leaderelection.leader.step-down.wait-time = 10s (default)
2022-10-18 06:31:45,645 [pool-973-thread-1] INFO  server.RaftServerConfigKeys (ConfUtils.java:logGet(46)) - raft.server.sleep.deviation.threshold = 300ms (default)
2022-10-18 06:31:45,645 [pool-973-thread-1] INFO  server.RaftServer$Division (ServerState.java:<init>(107)) - omNode-3@group-523986131536: ConfigurationManager, init=-1: [omNode-3|rpc:localhost:37123|priority:0, omNode-1|rpc:localhost:46015|priority:0, omNode-2|rpc:localhost:40971|priority:0], old=null, confs=<EMPTY_MAP>
2022-10-18 06:31:45,645 [pool-973-thread-1] INFO  server.RaftServerConfigKeys (ConfUtils.java:logGet(46)) - raft.server.storage.dir = [/home/runner/work/ozone/ozone/hadoop-ozone/integration-test/target/test-dir/MiniOzoneClusterImpl-06b5c26c-5174-482c-8dea-daeaa88de3bb/omNode-3/ratis] (custom)
2022-10-18 06:31:45,645 [pool-973-thread-1] INFO  server.RaftServerConfigKeys (ConfUtils.java:logGet(46)) - raft.server.log.corruption.policy = EXCEPTION (default)
2022-10-18 06:31:45,645 [pool-973-thread-1] INFO  server.RaftServerConfigKeys (ConfUtils.java:logGet(46)) - raft.server.storage.free-space.min = 0MB (=0) (default)
2022-10-18 06:31:45,646 [pool-973-thread-1] INFO  storage.RaftStorageDirectory (RaftStorageDirectoryImpl.java:tryLock(230)) - Lock on /home/runner/work/ozone/ozone/hadoop-ozone/integration-test/target/test-dir/MiniOzoneClusterImpl-06b5c26c-5174-482c-8dea-daeaa88de3bb/omNode-3/ratis/c9bc4cf4-3bc3-3c60-a66b-523986131536/in_use.lock acquired by nodename 30337@fv-az241-838
2022-10-18 06:31:45,646 [pool-973-thread-1] INFO  storage.RaftStorage (RaftStorageImpl.java:analyzeAndRecoverStorage(110)) - Read RaftStorageMetadata{term=1, votedFor=} from /home/runner/work/ozone/ozone/hadoop-ozone/integration-test/target/test-dir/MiniOzoneClusterImpl-06b5c26c-5174-482c-8dea-daeaa88de3bb/omNode-3/ratis/c9bc4cf4-3bc3-3c60-a66b-523986131536/current/raft-meta
2022-10-18 06:31:45,646 [pool-973-thread-1] INFO  server.RaftServer$Division (ServerState.java:setRaftConf(393)) - omNode-3@group-523986131536: set configuration 0: [omNode-3|rpc:localhost:37123|admin:|client:|dataStream:|priority:0, omNode-1|rpc:localhost:46015|admin:|client:|dataStream:|priority:0, omNode-2|rpc:localhost:40971|admin:|client:|dataStream:|priority:0], old=null
2022-10-18 06:31:45,646 [pool-973-thread-1] INFO  server.RaftServerConfigKeys (ConfUtils.java:logGet(46)) - raft.server.notification.no-leader.timeout = 2s (custom)
2022-10-18 06:31:45,647 [pool-973-thread-1] INFO  server.RaftServerConfigKeys (ConfUtils.java:logGet(46)) - raft.server.log.use.memory = false (default)
2022-10-18 06:31:45,647 [pool-973-thread-1] INFO  server.RaftServerConfigKeys (ConfUtils.java:logGet(46)) - raft.server.log.purge.gap = 50 (custom)
2022-10-18 06:31:45,647 [pool-973-thread-1] INFO  server.RaftServerConfigKeys (ConfUtils.java:logGet(46)) - raft.server.log.appender.buffer.byte-limit = 33554432 (custom)
2022-10-18 06:31:45,647 [pool-973-thread-1] INFO  server.RaftServerConfigKeys (ConfUtils.java:logGet(46)) - raft.server.log.statemachine.data.read.timeout = 1000ms (default)
2022-10-18 06:31:45,647 [pool-973-thread-1] INFO  server.RaftServerConfigKeys (ConfUtils.java:logGet(46)) - raft.server.log.segment.size.max = 4194304 (custom)
2022-10-18 06:31:45,647 [pool-973-thread-1] INFO  server.RaftServerConfigKeys (ConfUtils.java:logGet(46)) - raft.server.log.segment.cache.num.max = 2 (custom)
2022-10-18 06:31:45,647 [pool-973-thread-1] INFO  server.RaftServerConfigKeys (ConfUtils.java:logGet(46)) - raft.server.log.segment.cache.size.max = 200MB (=209715200) (default)
2022-10-18 06:31:45,647 [pool-973-thread-1] INFO  segmented.SegmentedRaftLogWorker (SegmentedRaftLogWorker.java:<init>(187)) - new omNode-3@group-523986131536-SegmentedRaftLogWorker for RaftStorageImpl:Storage Directory /home/runner/work/ozone/ozone/hadoop-ozone/integration-test/target/test-dir/MiniOzoneClusterImpl-06b5c26c-5174-482c-8dea-daeaa88de3bb/omNode-3/ratis/c9bc4cf4-3bc3-3c60-a66b-523986131536
2022-10-18 06:31:45,647 [pool-973-thread-1] INFO  server.RaftServerConfigKeys (ConfUtils.java:logGet(46)) - raft.server.log.queue.byte-limit = 64MB (=67108864) (default)
2022-10-18 06:31:45,647 [pool-973-thread-1] INFO  server.RaftServerConfigKeys (ConfUtils.java:logGet(46)) - raft.server.log.queue.element-limit = 4096 (default)
2022-10-18 06:31:45,647 [pool-973-thread-1] INFO  server.RaftServerConfigKeys (ConfUtils.java:logGet(46)) - raft.server.log.segment.size.max = 4194304 (custom)
2022-10-18 06:31:45,647 [pool-973-thread-1] INFO  server.RaftServerConfigKeys (ConfUtils.java:logGet(46)) - raft.server.log.preallocated.size = 4194304 (custom)
2022-10-18 06:31:45,648 [pool-973-thread-1] INFO  server.RaftServerConfigKeys (ConfUtils.java:logGet(46)) - raft.server.log.force.sync.num = 128 (default)
2022-10-18 06:31:45,648 [pool-973-thread-1] INFO  server.RaftServerConfigKeys (ConfUtils.java:logGet(46)) - raft.server.log.statemachine.data.sync = true (default)
2022-10-18 06:31:45,648 [pool-973-thread-1] INFO  server.RaftServerConfigKeys (ConfUtils.java:logGet(46)) - raft.server.log.statemachine.data.sync.timeout = 10s (default)
2022-10-18 06:31:45,648 [pool-973-thread-1] INFO  server.RaftServerConfigKeys (ConfUtils.java:logGet(46)) - raft.server.log.statemachine.data.sync.timeout.retry = -1 (default)
2022-10-18 06:31:45,649 [pool-973-thread-1] INFO  server.RaftServerConfigKeys (ConfUtils.java:logGet(46)) - raft.server.log.write.buffer.size = 64KB (=65536) (default)
2022-10-18 06:31:45,649 [pool-973-thread-1] INFO  server.RaftServerConfigKeys (ConfUtils.java:logGet(46)) - raft.server.log.unsafe-flush.enabled = false (default)
2022-10-18 06:31:45,649 [pool-973-thread-1] INFO  server.RaftServerConfigKeys (ConfUtils.java:logGet(46)) - raft.server.log.statemachine.data.caching.enabled = false (default)
2022-10-18 06:31:45,649 [pool-973-thread-1] INFO  server.RaftServer$Division (ServerState.java:setRaftConf(393)) - omNode-3@group-523986131536: set configuration 0: [omNode-3|rpc:localhost:37123|admin:|client:|dataStream:|priority:0, omNode-1|rpc:localhost:46015|admin:|client:|dataStream:|priority:0, omNode-2|rpc:localhost:40971|admin:|client:|dataStream:|priority:0], old=null
2022-10-18 06:31:45,652 [pool-973-thread-1] INFO  segmented.LogSegment (LogSegment.java:loadSegment(173)) - Successfully read 585 entries from segment file /home/runner/work/ozone/ozone/hadoop-ozone/integration-test/target/test-dir/MiniOzoneClusterImpl-06b5c26c-5174-482c-8dea-daeaa88de3bb/omNode-3/ratis/c9bc4cf4-3bc3-3c60-a66b-523986131536/current/log_inprogress_0
2022-10-18 06:31:45,652 [pool-973-thread-1] INFO  segmented.SegmentedRaftLogWorker (SegmentedRaftLogWorker.java:lambda$new$0(135)) - omNode-3@group-523986131536-SegmentedRaftLogWorker: flushIndex: setUnconditionally 0 -> 584
2022-10-18 06:31:45,652 [pool-973-thread-1] INFO  segmented.SegmentedRaftLogWorker (SegmentedRaftLogWorker.java:lambda$new$0(135)) - omNode-3@group-523986131536-SegmentedRaftLogWorker: safeCacheEvictIndex: setUnconditionally 0 -> -1
2022-10-18 06:31:45,652 [pool-973-thread-1] INFO  raftlog.RaftLog (RaftLogBase.java:lambda$new$0(53)) - omNode-3@group-523986131536-SegmentedRaftLog: commitIndex: updateToMax old=583, new=583, updated? false
2022-10-18 06:31:45,652 [pool-973-thread-1] INFO  server.RaftServerConfigKeys (ConfUtils.java:logGet(46)) - raft.server.snapshot.auto.trigger.enabled = true (custom)
2022-10-18 06:31:45,652 [pool-973-thread-1] INFO  server.RaftServerConfigKeys (ConfUtils.java:logGet(46)) - raft.server.snapshot.auto.trigger.threshold = 50 (custom)
2022-10-18 06:31:45,652 [pool-973-thread-1] INFO  server.RaftServerConfigKeys (ConfUtils.java:logGet(46)) - raft.server.snapshot.retention.file.num = -1 (default)
2022-10-18 06:31:45,652 [pool-973-thread-1] INFO  server.RaftServerConfigKeys (ConfUtils.java:logGet(46)) - raft.server.log.purge.upto.snapshot.index = true (custom)
2022-10-18 06:31:45,652 [pool-973-thread-1] INFO  server.RaftServerConfigKeys (ConfUtils.java:logGet(46)) - raft.server.retrycache.expirytime = 30000ms (custom)
2022-10-18 06:31:45,652 [pool-973-thread-1] INFO  server.RaftServerConfigKeys (ConfUtils.java:logGet(46)) - raft.server.retrycache.statistics.expirytime = 100μs (default)
2022-10-18 06:31:45,653 [pool-973-thread-1] INFO  server.RaftServerConfigKeys (ConfUtils.java:logGet(46)) - raft.server.log.appender.install.snapshot.enabled = false (custom)
2022-10-18 06:31:45,653 [pool-973-thread-1] INFO  server.RaftServerConfigKeys (ConfUtils.java:logGet(46)) - raft.server.threadpool.server.cached = true (default)
2022-10-18 06:31:45,653 [pool-973-thread-1] INFO  server.RaftServerConfigKeys (ConfUtils.java:logGet(46)) - raft.server.threadpool.server.size = 0 (default)
2022-10-18 06:31:45,654 [pool-973-thread-1] INFO  server.RaftServerConfigKeys (ConfUtils.java:logGet(46)) - raft.server.threadpool.client.cached = true (default)
2022-10-18 06:31:45,654 [pool-973-thread-1] INFO  server.RaftServerConfigKeys (ConfUtils.java:logGet(46)) - raft.server.threadpool.client.size = 0 (default)
2022-10-18 06:31:45,657 [omNode-3-impl-thread1] INFO  server.RaftServer$Division (RaftServerImpl.java:start(310)) - omNode-3@group-523986131536: start as a follower, conf=0: [omNode-3|rpc:localhost:37123|admin:|client:|dataStream:|priority:0, omNode-1|rpc:localhost:46015|admin:|client:|dataStream:|priority:0, omNode-2|rpc:localhost:40971|admin:|client:|dataStream:|priority:0], old=null
2022-10-18 06:31:45,657 [omNode-3-impl-thread1] INFO  server.RaftServer$Division (RaftServerImpl.java:setRole(299)) - omNode-3@group-523986131536: changes role from      null to FOLLOWER at term 1 for startAsFollower
2022-10-18 06:31:45,657 [omNode-3-impl-thread1] INFO  impl.RoleInfo (RoleInfo.java:updateAndGet(139)) - omNode-3: start omNode-3@group-523986131536-FollowerState
2022-10-18 06:31:45,661 [omNode-3-impl-thread1] INFO  util.JmxRegister (JmxRegister.java:tryRegister(44)) - Successfully registered JMX Bean with object name Ratis:service=RaftServer,group=group-523986131536,id=omNode-3
2022-10-18 06:31:45,661 [Listener at localhost/33175] INFO  server.RaftServer (RaftServerProxy.java:lambda$start$6(382)) - omNode-3: start RPC server
2022-10-18 06:31:45,663 [Listener at localhost/33175] INFO  server.GrpcService (GrpcService.java:startImpl(260)) - omNode-3: GrpcService started, listening on 37123
2022-10-18 06:31:45,663 [Listener at localhost/33175] INFO  om.OzoneManager (OzoneManager.java:getRpcServer(1101)) - Creating RPC Server
2022-10-18 06:31:45,663 [org.apache.ratis.util.JvmPauseMonitor$$Lambda$703/523629281@151a8228] INFO  util.JvmPauseMonitor (JvmPauseMonitor.java:run(103)) - JvmPauseMonitor-omNode-3: Started
2022-10-18 06:31:45,967 [Listener at localhost/33175] INFO  reflections.Reflections (Reflections.java:scan(232)) - Reflections took 303 ms to scan 19 urls, producing 67 keys and 4238 values [using 2 cores]
2022-10-18 06:31:45,968 [Listener at localhost/33175] INFO  ipc.CallQueueManager (CallQueueManager.java:<init>(90)) - Using callQueue: class java.util.concurrent.LinkedBlockingQueue, queueCapacity: 2000, scheduler: class org.apache.hadoop.ipc.DefaultRpcScheduler, ipcBackoff: false.
2022-10-18 06:31:45,969 [Socket Reader #1 for port 33175] INFO  ipc.Server (Server.java:run(1273)) - Starting Socket Reader #1 for port 33175
2022-10-18 06:31:45,972 [Listener at localhost/33175] INFO  http.BaseHttpServer (BaseHttpServer.java:newHttpServer2BuilderForOzone(213)) - Starting Web-server for ozoneManager at: http://0.0.0.0:34333
2022-10-18 06:31:45,972 [Listener at localhost/33175] INFO  http.BaseHttpServer (BaseHttpServer.java:<init>(108)) - Hadoop Security Enabled: false Ozone Security Enabled: false Ozone HTTP Security Enabled: false 
2022-10-18 06:31:45,973 [Listener at localhost/33175] WARN  server.AuthenticationFilter (AuthenticationFilter.java:constructSecretProvider(240)) - Unable to initialize FileSignerSecretProvider, falling back to use random secrets. Reason: Could not read signature secret file: /home/runner/hadoop-http-auth-signature-secret
2022-10-18 06:31:45,974 [Listener at localhost/33175] WARN  http.HttpRequestLog (HttpRequestLog.java:getRequestLog(103)) - Jetty request log can only be enabled using Log4j
2022-10-18 06:31:45,975 [Listener at localhost/33175] INFO  http.HttpServer2 (HttpServer2.java:addGlobalFilter(1031)) - Added global filter 'safety' (class=org.apache.hadoop.hdds.server.http.HttpServer2$QuotingInputFilter)
2022-10-18 06:31:45,975 [Listener at localhost/33175] INFO  http.HttpServer2 (HttpServer2.java:addFilter(1007)) - Added filter static_user_filter (class=org.apache.hadoop.http.lib.StaticUserWebFilter$StaticUserFilter) to context ozoneManager
2022-10-18 06:31:45,975 [Listener at localhost/33175] INFO  http.HttpServer2 (HttpServer2.java:addFilter(1015)) - Added filter static_user_filter (class=org.apache.hadoop.http.lib.StaticUserWebFilter$StaticUserFilter) to context logs
2022-10-18 06:31:45,976 [Listener at localhost/33175] INFO  http.HttpServer2 (HttpServer2.java:addFilter(1015)) - Added filter static_user_filter (class=org.apache.hadoop.http.lib.StaticUserWebFilter$StaticUserFilter) to context static
2022-10-18 06:31:45,976 [Listener at localhost/33175] INFO  http.HttpServer2 (HttpServer2.java:bindListener(1250)) - Jetty bound to port 34333
2022-10-18 06:31:45,976 [Listener at localhost/33175] INFO  server.Server (Server.java:doStart(375)) - jetty-9.4.43.v20210629; built: 2021-06-30T11:07:22.254Z; git: 526006ecfa3af7f1a27ef3a288e2bef7ea9dd7e8; jvm 1.8.0_345-b01
2022-10-18 06:31:45,980 [Listener at localhost/33175] INFO  server.session (DefaultSessionIdManager.java:doStart(334)) - DefaultSessionIdManager workerName=node0
2022-10-18 06:31:45,981 [Listener at localhost/33175] INFO  server.session (DefaultSessionIdManager.java:doStart(339)) - No SessionScavenger set, using defaults
2022-10-18 06:31:45,981 [Listener at localhost/33175] INFO  server.session (HouseKeeper.java:startScavenging(132)) - node0 Scavenging every 600000ms
2022-10-18 06:31:45,981 [Listener at localhost/33175] INFO  handler.ContextHandler (ContextHandler.java:doStart(915)) - Started o.e.j.s.ServletContextHandler@45860663{logs,/logs,file:///home/runner/work/ozone/ozone/hadoop-ozone/integration-test/target/log,AVAILABLE}
2022-10-18 06:31:45,982 [Listener at localhost/33175] INFO  handler.ContextHandler (ContextHandler.java:doStart(915)) - Started o.e.j.s.ServletContextHandler@43f464b1{static,/static,file:///home/runner/work/ozone/ozone/hadoop-ozone/integration-test/target/test-classes/webapps/static,AVAILABLE}
2022-10-18 06:31:45,984 [Listener at localhost/33175] INFO  handler.ContextHandler (ContextHandler.java:doStart(915)) - Started o.e.j.w.WebAppContext@683cf4c8{ozoneManager,/,file:///home/runner/work/ozone/ozone/hadoop-ozone/integration-test/target/test-classes/webapps/ozoneManager/,AVAILABLE}{file:/home/runner/work/ozone/ozone/hadoop-ozone/integration-test/target/test-classes/webapps/ozoneManager}
2022-10-18 06:31:45,990 [Listener at localhost/33175] INFO  server.AbstractConnector (AbstractConnector.java:doStart(331)) - Started ServerConnector@78556f0f{HTTP/1.1, (http/1.1)}{0.0.0.0:34333}
2022-10-18 06:31:45,990 [Listener at localhost/33175] INFO  server.Server (Server.java:doStart(415)) - Started @98174ms
2022-10-18 06:31:45,990 [Listener at localhost/33175] WARN  impl.MetricsSystemImpl (MetricsSystemImpl.java:register(279)) - Sink prometheus already exists!
2022-10-18 06:31:45,991 [Listener at localhost/33175] INFO  http.BaseHttpServer (BaseHttpServer.java:updateConnectorAddress(333)) - HTTP server of ozoneManager listening at http://0.0.0.0:34333
2022-10-18 06:31:45,991 [IPC Server Responder] INFO  ipc.Server (Server.java:run(1512)) - IPC Server Responder: starting
2022-10-18 06:31:46,000 [IPC Server listener on 33175] INFO  ipc.Server (Server.java:run(1352)) - IPC Server listener on 33175: starting
2022-10-18 06:31:46,008 [Listener at localhost/33175] INFO  om.OzoneManager (OzoneManager.java:startTrashEmptier(1919)) - Trash Interval set to 0. Files deleted won't move to trash
2022-10-18 06:31:46,008 [Listener at localhost/33175] INFO  om.OzoneManager (OzoneManager.java:stop(2034)) - omNode-1[localhost:45657]: Stopping Ozone Manager
2022-10-18 06:31:46,008 [org.apache.hadoop.util.JvmPauseMonitor$Monitor@6bbdff76] INFO  util.JvmPauseMonitor (JvmPauseMonitor.java:run(188)) - Starting JVM pause monitor
2022-10-18 06:31:46,009 [Listener at localhost/33175] INFO  ipc.Server (Server.java:stop(3428)) - Stopping server on 45657
2022-10-18 06:31:46,012 [IPC Server listener on 45657] INFO  ipc.Server (Server.java:run(1384)) - Stopping IPC Server listener on 45657
2022-10-18 06:31:46,014 [IPC Server Responder] INFO  ipc.Server (Server.java:run(1517)) - Stopping IPC Server Responder
2022-10-18 06:31:46,014 [Listener at localhost/33175] INFO  server.RaftServer (RaftServerProxy.java:lambda$close$7(398)) - omNode-1: close
2022-10-18 06:31:46,014 [Listener at localhost/33175] INFO  server.RaftServer$Division (RaftServerImpl.java:lambda$close$4(434)) - omNode-1@group-523986131536: shutdown
2022-10-18 06:31:46,014 [Listener at localhost/33175] INFO  util.JmxRegister (JmxRegister.java:unregister(73)) - Successfully un-registered JMX Bean with object name Ratis:service=RaftServer,group=group-523986131536,id=omNode-1
2022-10-18 06:31:46,015 [Listener at localhost/33175] INFO  impl.RoleInfo (RoleInfo.java:shutdownLeaderState(93)) - omNode-1: shutdown omNode-1@group-523986131536-LeaderStateImpl
2022-10-18 06:31:46,015 [omNode-1@group-523986131536->omNode-3-GrpcLogAppender-LogAppenderDaemon] WARN  server.GrpcLogAppender (GrpcLogAppender.java:mayWait(171)) - omNode-1@group-523986131536->omNode-3-GrpcLogAppender: Wait interrupted by java.lang.InterruptedException
2022-10-18 06:31:46,015 [omNode-1@group-523986131536->omNode-2-GrpcLogAppender-LogAppenderDaemon] WARN  server.GrpcLogAppender (GrpcLogAppender.java:mayWait(171)) - omNode-1@group-523986131536->omNode-2-GrpcLogAppender: Wait interrupted by java.lang.InterruptedException
2022-10-18 06:31:46,015 [Listener at localhost/33175] INFO  impl.PendingRequests (PendingRequests.java:sendNotLeaderResponses(282)) - omNode-1@group-523986131536-PendingRequests: sendNotLeaderResponses
2022-10-18 06:31:46,015 [grpc-default-executor-2] INFO  server.GrpcServerProtocolService (GrpcServerProtocolService.java:onCompleted(140)) - omNode-2: Completed APPEND_ENTRIES, lastRequest: omNode-1->omNode-2#1174-t1,previous=(t:1, i:583),leaderCommit=583,initializing? true,entries: size=1, first=(t:1, i:584), METADATAENTRY(c:583)
2022-10-18 06:31:46,017 [grpc-default-executor-2] INFO  server.GrpcLogAppender (GrpcLogAppender.java:onCompleted(339)) - omNode-1@group-523986131536->omNode-2-AppendLogResponseHandler: follower responses appendEntries COMPLETED
2022-10-18 06:31:46,017 [grpc-default-executor-2] INFO  leader.FollowerInfo (FollowerInfoImpl.java:lambda$new$0(48)) - omNode-1@group-523986131536->omNode-2: nextIndex: updateUnconditionally 585 -> 584
2022-10-18 06:31:46,019 [Listener at localhost/33175] INFO  impl.StateMachineUpdater (StateMachineUpdater.java:stopAndJoin(153)) - omNode-1@group-523986131536-StateMachineUpdater: set stopIndex = 584
2022-10-18 06:31:46,019 [omNode-1@group-523986131536-StateMachineUpdater] INFO  ratis.OzoneManagerStateMachine (OzoneManagerStateMachine.java:takeSnapshot(441)) - Current Snapshot Index (t:1, i:584)
2022-10-18 06:31:46,020 [omNode-1@group-523986131536-StateMachineUpdater] INFO  impl.StateMachineUpdater (StateMachineUpdater.java:takeSnapshot(287)) - omNode-1@group-523986131536-StateMachineUpdater: Took a snapshot at index 584
2022-10-18 06:31:46,020 [omNode-1@group-523986131536-StateMachineUpdater] INFO  impl.StateMachineUpdater (StateMachineUpdater.java:lambda$new$0(92)) - omNode-1@group-523986131536-StateMachineUpdater: snapshotIndex: updateIncreasingly 550 -> 584
2022-10-18 06:31:46,020 [omNode-1@group-523986131536-StateMachineUpdater] INFO  ratis.OzoneManagerStateMachine (OzoneManagerStateMachine.java:close(495)) - StateMachine has shutdown. Shutdown OzoneManager if not already shutdown.
2022-10-18 06:31:46,020 [omNode-1@group-523986131536-StateMachineUpdater] INFO  ratis.OzoneManagerDoubleBuffer (OzoneManagerDoubleBuffer.java:stop(466)) - Stopping OMDoubleBuffer flush thread
2022-10-18 06:31:46,020 [OMDoubleBufferFlushThread] INFO  ratis.OzoneManagerDoubleBuffer (OzoneManagerDoubleBuffer.java:flushTransactions(385)) - OMDoubleBuffer flush thread OMDoubleBufferFlushThread is interrupted and will exit.
2022-10-18 06:31:46,020 [Listener at localhost/33175] INFO  server.RaftServer$Division (ServerState.java:close(429)) - omNode-1@group-523986131536: closes. applyIndex: 584
2022-10-18 06:31:46,021 [omNode-1@group-523986131536-SegmentedRaftLogWorker] INFO  segmented.SegmentedRaftLogWorker (SegmentedRaftLogWorker.java:run(336)) - omNode-1@group-523986131536-SegmentedRaftLogWorker was interrupted, exiting. There are 0 tasks remaining in the queue.
2022-10-18 06:31:46,021 [Listener at localhost/33175] INFO  segmented.SegmentedRaftLogWorker (SegmentedRaftLogWorker.java:close(246)) - omNode-1@group-523986131536-SegmentedRaftLogWorker close()
2022-10-18 06:31:46,022 [Listener at localhost/33175] INFO  server.GrpcService (GrpcService.java:closeImpl(269)) - omNode-1: shutdown server with port 46015 now
2022-10-18 06:31:46,025 [Listener at localhost/33175] INFO  server.GrpcService (GrpcService.java:closeImpl(278)) - omNode-1: shutdown server with port 46015 successfully
2022-10-18 06:31:46,025 [org.apache.ratis.util.JvmPauseMonitor$$Lambda$703/523629281@37f2dfd6] INFO  util.JvmPauseMonitor (JvmPauseMonitor.java:run(109)) - JvmPauseMonitor-omNode-1: Stopped
2022-10-18 06:31:46,025 [Listener at localhost/33175] INFO  ratis.OzoneManagerStateMachine (OzoneManagerStateMachine.java:close(495)) - StateMachine has shutdown. Shutdown OzoneManager if not already shutdown.
2022-10-18 06:31:46,025 [Listener at localhost/33175] INFO  ratis.OzoneManagerDoubleBuffer (OzoneManagerDoubleBuffer.java:stop(478)) - OMDoubleBuffer flush thread is not running.
2022-10-18 06:31:46,026 [Listener at localhost/33175] INFO  utils.BackgroundService (BackgroundService.java:shutdown(141)) - Shutting down service KeyDeletingService
2022-10-18 06:31:46,026 [Listener at localhost/33175] INFO  utils.BackgroundService (BackgroundService.java:shutdown(141)) - Shutting down service DirectoryDeletingService
2022-10-18 06:31:46,026 [Listener at localhost/33175] INFO  utils.BackgroundService (BackgroundService.java:shutdown(141)) - Shutting down service OpenKeyCleanupService
2022-10-18 06:31:46,026 [Listener at localhost/33175] INFO  handler.ContextHandler (ContextHandler.java:doStop(1153)) - Stopped o.e.j.w.WebAppContext@4c6ee556{ozoneManager,/,null,STOPPED}{file:/home/runner/work/ozone/ozone/hadoop-ozone/integration-test/target/test-classes/webapps/ozoneManager}
2022-10-18 06:31:46,029 [Listener at localhost/33175] INFO  server.AbstractConnector (AbstractConnector.java:doStop(381)) - Stopped ServerConnector@1b06148b{HTTP/1.1, (http/1.1)}{0.0.0.0:36153}
2022-10-18 06:31:46,029 [Listener at localhost/33175] INFO  server.session (HouseKeeper.java:stopScavenging(149)) - node0 Stopped scavenging
2022-10-18 06:31:46,029 [Listener at localhost/33175] INFO  handler.ContextHandler (ContextHandler.java:doStop(1153)) - Stopped o.e.j.s.ServletContextHandler@60235ace{static,/static,file:///home/runner/work/ozone/ozone/hadoop-ozone/integration-test/target/test-classes/webapps/static,STOPPED}
2022-10-18 06:31:46,029 [Listener at localhost/33175] INFO  handler.ContextHandler (ContextHandler.java:doStop(1153)) - Stopped o.e.j.s.ServletContextHandler@68a482f4{logs,/logs,file:///home/runner/work/ozone/ozone/hadoop-ozone/integration-test/target/log,STOPPED}
2022-10-18 06:31:46,033 [Listener at localhost/33175] INFO  om.OzoneManager (OzoneManager.java:restart(1571)) - OzoneManager RPC server is listening at localhost/127.0.0.1:45657
2022-10-18 06:31:46,034 [Listener at localhost/33175] INFO  impl.MetricsSystemImpl (MetricsSystemImpl.java:init(158)) - OzoneManager metrics system started (again)
2022-10-18 06:31:46,045 [Listener at localhost/33175] WARN  server.ServerUtils (ServerUtils.java:getDBPath(225)) - ozone.om.db.dirs is not configured. We recommend adding this setting. Falling back to ozone.metadata.dirs instead.
2022-10-18 06:31:46,045 [Listener at localhost/33175] INFO  codec.OmKeyInfoCodec (OmKeyInfoCodec.java:<init>(49)) - OmKeyInfoCodec ignorePipeline = true
2022-10-18 06:31:46,045 [Listener at localhost/33175] INFO  codec.RepeatedOmKeyInfoCodec (RepeatedOmKeyInfoCodec.java:<init>(41)) - RepeatedOmKeyInfoCodec ignorePipeline = true
2022-10-18 06:31:46,089 [Listener at localhost/33175] INFO  om.OzoneManager (OzoneManager.java:instantiateServices(712)) - S3 Multi-Tenancy is disabled
2022-10-18 06:31:46,091 [Listener at localhost/33175] WARN  server.ServerUtils (ServerUtils.java:getDefaultRatisDirectory(237)) - Storage directory for Ratis is not configured. It is a good idea to map this to an SSD disk. Falling back to ozone.metadata.dirs
2022-10-18 06:31:46,091 [Listener at localhost/33175] INFO  ratis.OzoneManagerRatisServer (OzoneManagerRatisServer.java:<init>(160)) - Instantiating OM Ratis server with groupID: om-service-test1 and peers: localhost:46015, localhost:37123, localhost:40971
2022-10-18 06:31:46,092 [Listener at localhost/33175] INFO  ratis.OzoneManagerStateMachine (OzoneManagerStateMachine.java:loadSnapshotInfoFromDB(632)) - LastAppliedIndex is set from TransactionInfo from OM DB as (t:1, i:584)
2022-10-18 06:31:46,092 [Listener at localhost/33175] INFO  server.RaftServer (ConfUtils.java:logGet(46)) - raft.rpc.type = GRPC (default)
2022-10-18 06:31:46,092 [Listener at localhost/33175] INFO  grpc.GrpcFactory (GrpcFactory.java:checkPooledByteBufAllocatorUseCacheForAllThreads(48)) - PERFORMANCE WARNING: useCacheForAllThreads is true that may cause Netty to create a lot garbage objects and, as a result, trigger GC.
	It is recommended to disable useCacheForAllThreads by setting -Dorg.apache.ratis.thirdparty.io.netty.allocator.useCacheForAllThreads=false in command line.
2022-10-18 06:31:46,092 [Listener at localhost/33175] INFO  grpc.GrpcConfigKeys (ConfUtils.java:logGet(46)) - raft.grpc.admin.port = -1 (default)
2022-10-18 06:31:46,092 [Listener at localhost/33175] INFO  grpc.GrpcConfigKeys (ConfUtils.java:logGet(46)) - raft.grpc.server.port = 46015 (custom)
2022-10-18 06:31:46,093 [Listener at localhost/33175] INFO  grpc.GrpcConfigKeys (ConfUtils.java:logGet(46)) - raft.grpc.client.port = -1 (default)
2022-10-18 06:31:46,093 [Listener at localhost/33175] INFO  grpc.GrpcConfigKeys (ConfUtils.java:logGet(46)) - raft.grpc.server.port = 46015 (custom)
2022-10-18 06:31:46,093 [Listener at localhost/33175] INFO  grpc.GrpcConfigKeys (ConfUtils.java:logGet(46)) - raft.grpc.server.port = 46015 (custom)
2022-10-18 06:31:46,093 [Listener at localhost/33175] INFO  server.GrpcService (ConfUtils.java:logGet(46)) - raft.grpc.message.size.max = 33554432 (custom)
2022-10-18 06:31:46,093 [Listener at localhost/33175] INFO  server.RaftServerConfigKeys (ConfUtils.java:logGet(46)) - raft.server.log.appender.buffer.byte-limit = 33554432 (custom)
2022-10-18 06:31:46,093 [Listener at localhost/33175] INFO  server.GrpcService (ConfUtils.java:logGet(46)) - raft.grpc.flow.control.window = 1MB (=1048576) (default)
2022-10-18 06:31:46,093 [Listener at localhost/33175] INFO  server.RaftServerConfigKeys (ConfUtils.java:logGet(46)) - raft.server.rpc.request.timeout = 3000ms (default)
2022-10-18 06:31:46,093 [Listener at localhost/33175] INFO  grpc.GrpcConfigKeys (ConfUtils.java:logGet(46)) - raft.grpc.server.async.request.thread.pool.cached = true (default)
2022-10-18 06:31:46,093 [Listener at localhost/33175] INFO  grpc.GrpcConfigKeys (ConfUtils.java:logGet(46)) - raft.grpc.server.async.request.thread.pool.size = 32 (default)
2022-10-18 06:31:46,095 [Listener at localhost/33175] INFO  impl.DataStreamServerImpl (ConfUtils.java:logGet(46)) - raft.datastream.type = DISABLED (default)
2022-10-18 06:31:46,095 [Listener at localhost/33175] INFO  server.RaftServerConfigKeys (ConfUtils.java:logGet(46)) - raft.server.threadpool.proxy.cached = true (default)
2022-10-18 06:31:46,095 [Listener at localhost/33175] INFO  server.RaftServerConfigKeys (ConfUtils.java:logGet(46)) - raft.server.threadpool.proxy.size = 0 (default)
2022-10-18 06:31:46,095 [Listener at localhost/33175] INFO  server.RaftServerConfigKeys (ConfUtils.java:logGet(46)) - raft.server.rpc.slowness.timeout = 2s (custom)
2022-10-18 06:31:46,095 [Listener at localhost/33175] INFO  server.RaftServerConfigKeys (ConfUtils.java:logGet(46)) - raft.server.leaderelection.leader.step-down.wait-time = 10s (default)
2022-10-18 06:31:46,095 [Listener at localhost/33175] INFO  server.RaftServerConfigKeys (ConfUtils.java:logGet(46)) - raft.server.storage.dir = [/home/runner/work/ozone/ozone/hadoop-ozone/integration-test/target/test-dir/MiniOzoneClusterImpl-06b5c26c-5174-482c-8dea-daeaa88de3bb/omNode-1/ratis] (custom)
2022-10-18 06:31:46,096 [omNode-1-impl-thread1] INFO  server.RaftServer (RaftServerProxy.java:initGroupDir(247)) - omNode-1: found a subdirectory /home/runner/work/ozone/ozone/hadoop-ozone/integration-test/target/test-dir/MiniOzoneClusterImpl-06b5c26c-5174-482c-8dea-daeaa88de3bb/omNode-1/ratis/c9bc4cf4-3bc3-3c60-a66b-523986131536
2022-10-18 06:31:46,096 [Listener at localhost/33175] INFO  server.RaftServer (RaftServerProxy.java:addNew(96)) - omNode-1: addNew group-523986131536:[omNode-3|rpc:localhost:37123|priority:0, omNode-1|rpc:localhost:46015|priority:0, omNode-2|rpc:localhost:40971|priority:0] returns group-523986131536:java.util.concurrent.CompletableFuture@7d59d23d[Not completed]
2022-10-18 06:31:46,096 [Listener at localhost/33175] INFO  om.OzoneManager (OzoneManager.java:initializeRatisServer(1975)) - OzoneManager Ratis server initialized at port 46015
2022-10-18 06:31:46,096 [Listener at localhost/33175] INFO  ratis.OzoneManagerRatisServer (OzoneManagerRatisServer.java:start(555)) - Starting OzoneManagerRatisServer omNode-1 at port 46015
2022-10-18 06:31:46,096 [pool-997-thread-1] INFO  server.RaftServer$Division (RaftServerImpl.java:<init>(190)) - omNode-1: new RaftServerImpl for group-523986131536:[omNode-3|rpc:localhost:37123|priority:0, omNode-1|rpc:localhost:46015|priority:0, omNode-2|rpc:localhost:40971|priority:0] with OzoneManagerStateMachine:uninitialized
2022-10-18 06:31:46,096 [pool-997-thread-1] INFO  server.RaftServerConfigKeys (ConfUtils.java:logGet(46)) - raft.server.rpc.timeout.min = 1s (custom)
2022-10-18 06:31:46,096 [pool-997-thread-1] INFO  server.RaftServerConfigKeys (ConfUtils.java:logGet(46)) - raft.server.rpc.timeout.max = 1200ms (custom)
2022-10-18 06:31:46,096 [pool-997-thread-1] INFO  server.RaftServerConfigKeys (ConfUtils.java:logGet(46)) - raft.server.rpc.sleep.time = 25ms (default)
2022-10-18 06:31:46,096 [pool-997-thread-1] INFO  server.RaftServerConfigKeys (ConfUtils.java:logGet(46)) - raft.server.rpc.slowness.timeout = 2s (custom)
2022-10-18 06:31:46,097 [pool-997-thread-1] INFO  server.RaftServerConfigKeys (ConfUtils.java:logGet(46)) - raft.server.leaderelection.leader.step-down.wait-time = 10s (default)
2022-10-18 06:31:46,097 [pool-997-thread-1] INFO  server.RaftServerConfigKeys (ConfUtils.java:logGet(46)) - raft.server.sleep.deviation.threshold = 300ms (default)
2022-10-18 06:31:46,097 [pool-997-thread-1] INFO  server.RaftServer$Division (ServerState.java:<init>(107)) - omNode-1@group-523986131536: ConfigurationManager, init=-1: [omNode-3|rpc:localhost:37123|priority:0, omNode-1|rpc:localhost:46015|priority:0, omNode-2|rpc:localhost:40971|priority:0], old=null, confs=<EMPTY_MAP>
2022-10-18 06:31:46,097 [pool-997-thread-1] INFO  server.RaftServerConfigKeys (ConfUtils.java:logGet(46)) - raft.server.storage.dir = [/home/runner/work/ozone/ozone/hadoop-ozone/integration-test/target/test-dir/MiniOzoneClusterImpl-06b5c26c-5174-482c-8dea-daeaa88de3bb/omNode-1/ratis] (custom)
2022-10-18 06:31:46,097 [pool-997-thread-1] INFO  server.RaftServerConfigKeys (ConfUtils.java:logGet(46)) - raft.server.log.corruption.policy = EXCEPTION (default)
2022-10-18 06:31:46,097 [pool-997-thread-1] INFO  server.RaftServerConfigKeys (ConfUtils.java:logGet(46)) - raft.server.storage.free-space.min = 0MB (=0) (default)
2022-10-18 06:31:46,097 [pool-997-thread-1] INFO  storage.RaftStorageDirectory (RaftStorageDirectoryImpl.java:tryLock(230)) - Lock on /home/runner/work/ozone/ozone/hadoop-ozone/integration-test/target/test-dir/MiniOzoneClusterImpl-06b5c26c-5174-482c-8dea-daeaa88de3bb/omNode-1/ratis/c9bc4cf4-3bc3-3c60-a66b-523986131536/in_use.lock acquired by nodename 30337@fv-az241-838
2022-10-18 06:31:46,098 [pool-997-thread-1] INFO  storage.RaftStorage (RaftStorageImpl.java:analyzeAndRecoverStorage(110)) - Read RaftStorageMetadata{term=1, votedFor=omNode-1} from /home/runner/work/ozone/ozone/hadoop-ozone/integration-test/target/test-dir/MiniOzoneClusterImpl-06b5c26c-5174-482c-8dea-daeaa88de3bb/omNode-1/ratis/c9bc4cf4-3bc3-3c60-a66b-523986131536/current/raft-meta
2022-10-18 06:31:46,098 [pool-997-thread-1] INFO  server.RaftServer$Division (ServerState.java:setRaftConf(393)) - omNode-1@group-523986131536: set configuration 0: [omNode-3|rpc:localhost:37123|admin:|client:|dataStream:|priority:0, omNode-1|rpc:localhost:46015|admin:|client:|dataStream:|priority:0, omNode-2|rpc:localhost:40971|admin:|client:|dataStream:|priority:0], old=null
2022-10-18 06:31:46,098 [pool-997-thread-1] INFO  server.RaftServerConfigKeys (ConfUtils.java:logGet(46)) - raft.server.notification.no-leader.timeout = 2s (custom)
2022-10-18 06:31:46,098 [pool-997-thread-1] INFO  server.RaftServerConfigKeys (ConfUtils.java:logGet(46)) - raft.server.log.use.memory = false (default)
2022-10-18 06:31:46,098 [pool-997-thread-1] INFO  server.RaftServerConfigKeys (ConfUtils.java:logGet(46)) - raft.server.log.purge.gap = 50 (custom)
2022-10-18 06:31:46,098 [pool-997-thread-1] INFO  server.RaftServerConfigKeys (ConfUtils.java:logGet(46)) - raft.server.log.appender.buffer.byte-limit = 33554432 (custom)
2022-10-18 06:31:46,098 [pool-997-thread-1] INFO  server.RaftServerConfigKeys (ConfUtils.java:logGet(46)) - raft.server.log.statemachine.data.read.timeout = 1000ms (default)
2022-10-18 06:31:46,098 [pool-997-thread-1] INFO  server.RaftServerConfigKeys (ConfUtils.java:logGet(46)) - raft.server.log.segment.size.max = 4194304 (custom)
2022-10-18 06:31:46,099 [pool-997-thread-1] INFO  server.RaftServerConfigKeys (ConfUtils.java:logGet(46)) - raft.server.log.segment.cache.num.max = 2 (custom)
2022-10-18 06:31:46,099 [pool-997-thread-1] INFO  server.RaftServerConfigKeys (ConfUtils.java:logGet(46)) - raft.server.log.segment.cache.size.max = 200MB (=209715200) (default)
2022-10-18 06:31:46,099 [pool-997-thread-1] INFO  segmented.SegmentedRaftLogWorker (SegmentedRaftLogWorker.java:<init>(187)) - new omNode-1@group-523986131536-SegmentedRaftLogWorker for RaftStorageImpl:Storage Directory /home/runner/work/ozone/ozone/hadoop-ozone/integration-test/target/test-dir/MiniOzoneClusterImpl-06b5c26c-5174-482c-8dea-daeaa88de3bb/omNode-1/ratis/c9bc4cf4-3bc3-3c60-a66b-523986131536
2022-10-18 06:31:46,099 [pool-997-thread-1] INFO  server.RaftServerConfigKeys (ConfUtils.java:logGet(46)) - raft.server.log.queue.byte-limit = 64MB (=67108864) (default)
2022-10-18 06:31:46,099 [pool-997-thread-1] INFO  server.RaftServerConfigKeys (ConfUtils.java:logGet(46)) - raft.server.log.queue.element-limit = 4096 (default)
2022-10-18 06:31:46,099 [pool-997-thread-1] INFO  server.RaftServerConfigKeys (ConfUtils.java:logGet(46)) - raft.server.log.segment.size.max = 4194304 (custom)
2022-10-18 06:31:46,099 [pool-997-thread-1] INFO  server.RaftServerConfigKeys (ConfUtils.java:logGet(46)) - raft.server.log.preallocated.size = 4194304 (custom)
2022-10-18 06:31:46,099 [pool-997-thread-1] INFO  server.RaftServerConfigKeys (ConfUtils.java:logGet(46)) - raft.server.log.force.sync.num = 128 (default)
2022-10-18 06:31:46,099 [pool-997-thread-1] INFO  server.RaftServerConfigKeys (ConfUtils.java:logGet(46)) - raft.server.log.statemachine.data.sync = true (default)
2022-10-18 06:31:46,099 [pool-997-thread-1] INFO  server.RaftServerConfigKeys (ConfUtils.java:logGet(46)) - raft.server.log.statemachine.data.sync.timeout = 10s (default)
2022-10-18 06:31:46,099 [pool-997-thread-1] INFO  server.RaftServerConfigKeys (ConfUtils.java:logGet(46)) - raft.server.log.statemachine.data.sync.timeout.retry = -1 (default)
2022-10-18 06:31:46,100 [pool-997-thread-1] INFO  server.RaftServerConfigKeys (ConfUtils.java:logGet(46)) - raft.server.log.write.buffer.size = 64KB (=65536) (default)
2022-10-18 06:31:46,100 [pool-997-thread-1] INFO  server.RaftServerConfigKeys (ConfUtils.java:logGet(46)) - raft.server.log.unsafe-flush.enabled = false (default)
2022-10-18 06:31:46,100 [pool-997-thread-1] INFO  server.RaftServerConfigKeys (ConfUtils.java:logGet(46)) - raft.server.log.statemachine.data.caching.enabled = false (default)
2022-10-18 06:31:46,101 [pool-997-thread-1] INFO  server.RaftServer$Division (ServerState.java:setRaftConf(393)) - omNode-1@group-523986131536: set configuration 0: [omNode-3|rpc:localhost:37123|admin:|client:|dataStream:|priority:0, omNode-1|rpc:localhost:46015|admin:|client:|dataStream:|priority:0, omNode-2|rpc:localhost:40971|admin:|client:|dataStream:|priority:0], old=null
2022-10-18 06:31:46,103 [pool-997-thread-1] INFO  segmented.LogSegment (LogSegment.java:loadSegment(173)) - Successfully read 585 entries from segment file /home/runner/work/ozone/ozone/hadoop-ozone/integration-test/target/test-dir/MiniOzoneClusterImpl-06b5c26c-5174-482c-8dea-daeaa88de3bb/omNode-1/ratis/c9bc4cf4-3bc3-3c60-a66b-523986131536/current/log_inprogress_0
2022-10-18 06:31:46,103 [pool-997-thread-1] INFO  segmented.SegmentedRaftLogWorker (SegmentedRaftLogWorker.java:lambda$new$0(135)) - omNode-1@group-523986131536-SegmentedRaftLogWorker: flushIndex: setUnconditionally 0 -> 584
2022-10-18 06:31:46,103 [pool-997-thread-1] INFO  segmented.SegmentedRaftLogWorker (SegmentedRaftLogWorker.java:lambda$new$0(135)) - omNode-1@group-523986131536-SegmentedRaftLogWorker: safeCacheEvictIndex: setUnconditionally 0 -> -1
2022-10-18 06:31:46,103 [pool-997-thread-1] INFO  raftlog.RaftLog (RaftLogBase.java:lambda$new$0(53)) - omNode-1@group-523986131536-SegmentedRaftLog: commitIndex: updateToMax old=584, new=583, updated? false
2022-10-18 06:31:46,103 [pool-997-thread-1] INFO  server.RaftServerConfigKeys (ConfUtils.java:logGet(46)) - raft.server.snapshot.auto.trigger.enabled = true (custom)
2022-10-18 06:31:46,103 [pool-997-thread-1] INFO  server.RaftServerConfigKeys (ConfUtils.java:logGet(46)) - raft.server.snapshot.auto.trigger.threshold = 50 (custom)
2022-10-18 06:31:46,103 [pool-997-thread-1] INFO  server.RaftServerConfigKeys (ConfUtils.java:logGet(46)) - raft.server.snapshot.retention.file.num = -1 (default)
2022-10-18 06:31:46,103 [pool-997-thread-1] INFO  server.RaftServerConfigKeys (ConfUtils.java:logGet(46)) - raft.server.log.purge.upto.snapshot.index = true (custom)
2022-10-18 06:31:46,103 [pool-997-thread-1] INFO  server.RaftServerConfigKeys (ConfUtils.java:logGet(46)) - raft.server.retrycache.expirytime = 30000ms (custom)
2022-10-18 06:31:46,103 [pool-997-thread-1] INFO  server.RaftServerConfigKeys (ConfUtils.java:logGet(46)) - raft.server.retrycache.statistics.expirytime = 100μs (default)
2022-10-18 06:31:46,105 [pool-997-thread-1] INFO  server.RaftServerConfigKeys (ConfUtils.java:logGet(46)) - raft.server.log.appender.install.snapshot.enabled = false (custom)
2022-10-18 06:31:46,105 [pool-997-thread-1] INFO  server.RaftServerConfigKeys (ConfUtils.java:logGet(46)) - raft.server.threadpool.server.cached = true (default)
2022-10-18 06:31:46,105 [pool-997-thread-1] INFO  server.RaftServerConfigKeys (ConfUtils.java:logGet(46)) - raft.server.threadpool.server.size = 0 (default)
2022-10-18 06:31:46,105 [pool-997-thread-1] INFO  server.RaftServerConfigKeys (ConfUtils.java:logGet(46)) - raft.server.threadpool.client.cached = true (default)
2022-10-18 06:31:46,105 [pool-997-thread-1] INFO  server.RaftServerConfigKeys (ConfUtils.java:logGet(46)) - raft.server.threadpool.client.size = 0 (default)
2022-10-18 06:31:46,105 [omNode-1-impl-thread1] INFO  server.RaftServer$Division (RaftServerImpl.java:start(310)) - omNode-1@group-523986131536: start as a follower, conf=0: [omNode-3|rpc:localhost:37123|admin:|client:|dataStream:|priority:0, omNode-1|rpc:localhost:46015|admin:|client:|dataStream:|priority:0, omNode-2|rpc:localhost:40971|admin:|client:|dataStream:|priority:0], old=null
2022-10-18 06:31:46,105 [omNode-1-impl-thread1] INFO  server.RaftServer$Division (RaftServerImpl.java:setRole(299)) - omNode-1@group-523986131536: changes role from      null to FOLLOWER at term 1 for startAsFollower
2022-10-18 06:31:46,105 [omNode-1-impl-thread1] INFO  impl.RoleInfo (RoleInfo.java:updateAndGet(139)) - omNode-1: start omNode-1@group-523986131536-FollowerState
2022-10-18 06:31:46,105 [omNode-1-impl-thread1] INFO  util.JmxRegister (JmxRegister.java:tryRegister(44)) - Successfully registered JMX Bean with object name Ratis:service=RaftServer,group=group-523986131536,id=omNode-1
2022-10-18 06:31:46,106 [Listener at localhost/33175] INFO  server.RaftServer (RaftServerProxy.java:lambda$start$6(382)) - omNode-1: start RPC server
2022-10-18 06:31:46,107 [Listener at localhost/33175] INFO  server.GrpcService (GrpcService.java:startImpl(260)) - omNode-1: GrpcService started, listening on 46015
2022-10-18 06:31:46,108 [Listener at localhost/33175] INFO  om.OzoneManager (OzoneManager.java:getRpcServer(1101)) - Creating RPC Server
2022-10-18 06:31:46,108 [org.apache.ratis.util.JvmPauseMonitor$$Lambda$703/523629281@4be74ee2] INFO  util.JvmPauseMonitor (JvmPauseMonitor.java:run(103)) - JvmPauseMonitor-omNode-1: Started
2022-10-18 06:31:46,447 [Listener at localhost/33175] INFO  reflections.Reflections (Reflections.java:scan(232)) - Reflections took 338 ms to scan 19 urls, producing 67 keys and 4238 values [using 2 cores]
2022-10-18 06:31:46,448 [Listener at localhost/33175] INFO  ipc.CallQueueManager (CallQueueManager.java:<init>(90)) - Using callQueue: class java.util.concurrent.LinkedBlockingQueue, queueCapacity: 2000, scheduler: class org.apache.hadoop.ipc.DefaultRpcScheduler, ipcBackoff: false.
2022-10-18 06:31:46,448 [Socket Reader #1 for port 45657] INFO  ipc.Server (Server.java:run(1273)) - Starting Socket Reader #1 for port 45657
2022-10-18 06:31:46,451 [Listener at localhost/45657] INFO  http.BaseHttpServer (BaseHttpServer.java:newHttpServer2BuilderForOzone(213)) - Starting Web-server for ozoneManager at: http://0.0.0.0:36153
2022-10-18 06:31:46,451 [Listener at localhost/45657] INFO  http.BaseHttpServer (BaseHttpServer.java:<init>(108)) - Hadoop Security Enabled: false Ozone Security Enabled: false Ozone HTTP Security Enabled: false 
2022-10-18 06:31:46,452 [Listener at localhost/45657] WARN  server.AuthenticationFilter (AuthenticationFilter.java:constructSecretProvider(240)) - Unable to initialize FileSignerSecretProvider, falling back to use random secrets. Reason: Could not read signature secret file: /home/runner/hadoop-http-auth-signature-secret
2022-10-18 06:31:46,453 [Listener at localhost/45657] WARN  http.HttpRequestLog (HttpRequestLog.java:getRequestLog(103)) - Jetty request log can only be enabled using Log4j
2022-10-18 06:31:46,455 [Listener at localhost/45657] INFO  http.HttpServer2 (HttpServer2.java:addGlobalFilter(1031)) - Added global filter 'safety' (class=org.apache.hadoop.hdds.server.http.HttpServer2$QuotingInputFilter)
2022-10-18 06:31:46,456 [Listener at localhost/45657] INFO  http.HttpServer2 (HttpServer2.java:addFilter(1007)) - Added filter static_user_filter (class=org.apache.hadoop.http.lib.StaticUserWebFilter$StaticUserFilter) to context ozoneManager
2022-10-18 06:31:46,456 [Listener at localhost/45657] INFO  http.HttpServer2 (HttpServer2.java:addFilter(1015)) - Added filter static_user_filter (class=org.apache.hadoop.http.lib.StaticUserWebFilter$StaticUserFilter) to context logs
2022-10-18 06:31:46,456 [Listener at localhost/45657] INFO  http.HttpServer2 (HttpServer2.java:addFilter(1015)) - Added filter static_user_filter (class=org.apache.hadoop.http.lib.StaticUserWebFilter$StaticUserFilter) to context static
2022-10-18 06:31:46,456 [Listener at localhost/45657] INFO  http.HttpServer2 (HttpServer2.java:bindListener(1250)) - Jetty bound to port 36153
2022-10-18 06:31:46,456 [Listener at localhost/45657] INFO  server.Server (Server.java:doStart(375)) - jetty-9.4.43.v20210629; built: 2021-06-30T11:07:22.254Z; git: 526006ecfa3af7f1a27ef3a288e2bef7ea9dd7e8; jvm 1.8.0_345-b01
2022-10-18 06:31:46,461 [Listener at localhost/45657] INFO  server.session (DefaultSessionIdManager.java:doStart(334)) - DefaultSessionIdManager workerName=node0
2022-10-18 06:31:46,461 [Listener at localhost/45657] INFO  server.session (DefaultSessionIdManager.java:doStart(339)) - No SessionScavenger set, using defaults
2022-10-18 06:31:46,462 [Listener at localhost/45657] INFO  server.session (HouseKeeper.java:startScavenging(132)) - node0 Scavenging every 600000ms
2022-10-18 06:31:46,462 [Listener at localhost/45657] INFO  handler.ContextHandler (ContextHandler.java:doStart(915)) - Started o.e.j.s.ServletContextHandler@23c0b6b{logs,/logs,file:///home/runner/work/ozone/ozone/hadoop-ozone/integration-test/target/log,AVAILABLE}
2022-10-18 06:31:46,462 [Listener at localhost/45657] INFO  handler.ContextHandler (ContextHandler.java:doStart(915)) - Started o.e.j.s.ServletContextHandler@35626b8c{static,/static,file:///home/runner/work/ozone/ozone/hadoop-ozone/integration-test/target/test-classes/webapps/static,AVAILABLE}
2022-10-18 06:31:46,465 [Listener at localhost/45657] INFO  handler.ContextHandler (ContextHandler.java:doStart(915)) - Started o.e.j.w.WebAppContext@6b0437f9{ozoneManager,/,file:///home/runner/work/ozone/ozone/hadoop-ozone/integration-test/target/test-classes/webapps/ozoneManager/,AVAILABLE}{file:/home/runner/work/ozone/ozone/hadoop-ozone/integration-test/target/test-classes/webapps/ozoneManager}
2022-10-18 06:31:46,466 [Listener at localhost/45657] INFO  server.AbstractConnector (AbstractConnector.java:doStart(331)) - Started ServerConnector@224d6aaf{HTTP/1.1, (http/1.1)}{0.0.0.0:36153}
2022-10-18 06:31:46,466 [Listener at localhost/45657] INFO  server.Server (Server.java:doStart(415)) - Started @98650ms
2022-10-18 06:31:46,467 [Listener at localhost/45657] WARN  impl.MetricsSystemImpl (MetricsSystemImpl.java:register(279)) - Sink prometheus already exists!
2022-10-18 06:31:46,467 [Listener at localhost/45657] INFO  http.BaseHttpServer (BaseHttpServer.java:updateConnectorAddress(333)) - HTTP server of ozoneManager listening at http://0.0.0.0:36153
2022-10-18 06:31:46,467 [IPC Server Responder] INFO  ipc.Server (Server.java:run(1512)) - IPC Server Responder: starting
2022-10-18 06:31:46,468 [IPC Server listener on 45657] INFO  ipc.Server (Server.java:run(1352)) - IPC Server listener on 45657: starting
2022-10-18 06:31:46,469 [Listener at localhost/45657] INFO  om.OzoneManager (OzoneManager.java:startTrashEmptier(1919)) - Trash Interval set to 0. Files deleted won't move to trash
2022-10-18 06:31:46,469 [Listener at localhost/45657] INFO  om.OzoneManager (OzoneManager.java:stop(2034)) - omNode-2[localhost:34015]: Stopping Ozone Manager
2022-10-18 06:31:46,469 [Listener at localhost/45657] INFO  ipc.Server (Server.java:stop(3428)) - Stopping server on 34015
2022-10-18 06:31:46,470 [IPC Server listener on 34015] INFO  ipc.Server (Server.java:run(1384)) - Stopping IPC Server listener on 34015
2022-10-18 06:31:46,475 [IPC Server Responder] INFO  ipc.Server (Server.java:run(1517)) - Stopping IPC Server Responder
2022-10-18 06:31:46,476 [Listener at localhost/45657] INFO  server.RaftServer (RaftServerProxy.java:lambda$close$7(398)) - omNode-2: close
2022-10-18 06:31:46,476 [Listener at localhost/45657] INFO  server.RaftServer$Division (RaftServerImpl.java:lambda$close$4(434)) - omNode-2@group-523986131536: shutdown
2022-10-18 06:31:46,476 [Listener at localhost/45657] INFO  util.JmxRegister (JmxRegister.java:unregister(73)) - Successfully un-registered JMX Bean with object name Ratis:service=RaftServer,group=group-523986131536,id=omNode-2
2022-10-18 06:31:46,476 [Listener at localhost/45657] INFO  impl.RoleInfo (RoleInfo.java:shutdownFollowerState(110)) - omNode-2: shutdown omNode-2@group-523986131536-FollowerState
2022-10-18 06:31:46,476 [Listener at localhost/45657] INFO  impl.StateMachineUpdater (StateMachineUpdater.java:stopAndJoin(153)) - omNode-2@group-523986131536-StateMachineUpdater: set stopIndex = 583
2022-10-18 06:31:46,477 [omNode-2@group-523986131536-StateMachineUpdater] INFO  ratis.OzoneManagerStateMachine (OzoneManagerStateMachine.java:takeSnapshot(441)) - Current Snapshot Index (t:1, i:583)
2022-10-18 06:31:46,477 [omNode-2@group-523986131536-StateMachineUpdater] INFO  impl.StateMachineUpdater (StateMachineUpdater.java:takeSnapshot(287)) - omNode-2@group-523986131536-StateMachineUpdater: Took a snapshot at index 583
2022-10-18 06:31:46,477 [omNode-2@group-523986131536-StateMachineUpdater] INFO  impl.StateMachineUpdater (StateMachineUpdater.java:lambda$new$0(92)) - omNode-2@group-523986131536-StateMachineUpdater: snapshotIndex: updateIncreasingly 558 -> 583
2022-10-18 06:31:46,477 [omNode-2@group-523986131536-StateMachineUpdater] INFO  ratis.OzoneManagerStateMachine (OzoneManagerStateMachine.java:close(495)) - StateMachine has shutdown. Shutdown OzoneManager if not already shutdown.
2022-10-18 06:31:46,477 [omNode-2@group-523986131536-StateMachineUpdater] INFO  ratis.OzoneManagerDoubleBuffer (OzoneManagerDoubleBuffer.java:stop(466)) - Stopping OMDoubleBuffer flush thread
2022-10-18 06:31:46,476 [omNode-2@group-523986131536-FollowerState] INFO  impl.FollowerState (FollowerState.java:run(152)) - omNode-2@group-523986131536-FollowerState was interrupted
2022-10-18 06:31:46,477 [OMDoubleBufferFlushThread] INFO  ratis.OzoneManagerDoubleBuffer (OzoneManagerDoubleBuffer.java:flushTransactions(385)) - OMDoubleBuffer flush thread OMDoubleBufferFlushThread is interrupted and will exit.
2022-10-18 06:31:46,477 [Listener at localhost/45657] INFO  server.RaftServer$Division (ServerState.java:close(429)) - omNode-2@group-523986131536: closes. applyIndex: 583
2022-10-18 06:31:46,478 [omNode-2@group-523986131536-SegmentedRaftLogWorker] INFO  segmented.SegmentedRaftLogWorker (SegmentedRaftLogWorker.java:run(336)) - omNode-2@group-523986131536-SegmentedRaftLogWorker was interrupted, exiting. There are 0 tasks remaining in the queue.
2022-10-18 06:31:46,478 [Listener at localhost/45657] INFO  segmented.SegmentedRaftLogWorker (SegmentedRaftLogWorker.java:close(246)) - omNode-2@group-523986131536-SegmentedRaftLogWorker close()
2022-10-18 06:31:46,479 [Listener at localhost/45657] INFO  server.GrpcService (GrpcService.java:closeImpl(269)) - omNode-2: shutdown server with port 40971 now
2022-10-18 06:31:46,479 [org.apache.hadoop.util.JvmPauseMonitor$Monitor@582c3422] INFO  util.JvmPauseMonitor (JvmPauseMonitor.java:run(188)) - Starting JVM pause monitor
2022-10-18 06:31:46,480 [Listener at localhost/45657] INFO  server.GrpcService (GrpcService.java:closeImpl(278)) - omNode-2: shutdown server with port 40971 successfully
2022-10-18 06:31:46,480 [org.apache.ratis.util.JvmPauseMonitor$$Lambda$703/523629281@12b4f3a6] INFO  util.JvmPauseMonitor (JvmPauseMonitor.java:run(109)) - JvmPauseMonitor-omNode-2: Stopped
2022-10-18 06:31:46,481 [Listener at localhost/45657] INFO  ratis.OzoneManagerStateMachine (OzoneManagerStateMachine.java:close(495)) - StateMachine has shutdown. Shutdown OzoneManager if not already shutdown.
2022-10-18 06:31:46,481 [Listener at localhost/45657] INFO  ratis.OzoneManagerDoubleBuffer (OzoneManagerDoubleBuffer.java:stop(478)) - OMDoubleBuffer flush thread is not running.
2022-10-18 06:31:46,481 [Listener at localhost/45657] INFO  utils.BackgroundService (BackgroundService.java:shutdown(141)) - Shutting down service KeyDeletingService
2022-10-18 06:31:46,481 [Listener at localhost/45657] INFO  utils.BackgroundService (BackgroundService.java:shutdown(141)) - Shutting down service DirectoryDeletingService
2022-10-18 06:31:46,481 [Listener at localhost/45657] INFO  utils.BackgroundService (BackgroundService.java:shutdown(141)) - Shutting down service OpenKeyCleanupService
2022-10-18 06:31:46,482 [Listener at localhost/45657] INFO  handler.ContextHandler (ContextHandler.java:doStop(1153)) - Stopped o.e.j.w.WebAppContext@113ea6f0{ozoneManager,/,null,STOPPED}{file:/home/runner/work/ozone/ozone/hadoop-ozone/integration-test/target/test-classes/webapps/ozoneManager}
2022-10-18 06:31:46,482 [Listener at localhost/45657] INFO  server.AbstractConnector (AbstractConnector.java:doStop(381)) - Stopped ServerConnector@3bcff419{HTTP/1.1, (http/1.1)}{0.0.0.0:41893}
2022-10-18 06:31:46,483 [Listener at localhost/45657] INFO  server.session (HouseKeeper.java:stopScavenging(149)) - node0 Stopped scavenging
2022-10-18 06:31:46,483 [Listener at localhost/45657] INFO  handler.ContextHandler (ContextHandler.java:doStop(1153)) - Stopped o.e.j.s.ServletContextHandler@2af5511b{static,/static,file:///home/runner/work/ozone/ozone/hadoop-ozone/integration-test/target/test-classes/webapps/static,STOPPED}
2022-10-18 06:31:46,483 [Listener at localhost/45657] INFO  handler.ContextHandler (ContextHandler.java:doStop(1153)) - Stopped o.e.j.s.ServletContextHandler@2d55df70{logs,/logs,file:///home/runner/work/ozone/ozone/hadoop-ozone/integration-test/target/log,STOPPED}
2022-10-18 06:31:46,486 [Listener at localhost/45657] INFO  om.OzoneManager (OzoneManager.java:restart(1571)) - OzoneManager RPC server is listening at localhost/127.0.0.1:34015
2022-10-18 06:31:46,486 [Listener at localhost/45657] INFO  impl.MetricsSystemImpl (MetricsSystemImpl.java:init(158)) - OzoneManager metrics system started (again)
2022-10-18 06:31:46,498 [Listener at localhost/45657] WARN  server.ServerUtils (ServerUtils.java:getDBPath(225)) - ozone.om.db.dirs is not configured. We recommend adding this setting. Falling back to ozone.metadata.dirs instead.
2022-10-18 06:31:46,498 [Listener at localhost/45657] INFO  codec.OmKeyInfoCodec (OmKeyInfoCodec.java:<init>(49)) - OmKeyInfoCodec ignorePipeline = true
2022-10-18 06:31:46,498 [Listener at localhost/45657] INFO  codec.RepeatedOmKeyInfoCodec (RepeatedOmKeyInfoCodec.java:<init>(41)) - RepeatedOmKeyInfoCodec ignorePipeline = true
2022-10-18 06:31:46,530 [Listener at localhost/45657] INFO  om.OzoneManager (OzoneManager.java:instantiateServices(712)) - S3 Multi-Tenancy is disabled
2022-10-18 06:31:46,532 [Listener at localhost/45657] WARN  server.ServerUtils (ServerUtils.java:getDefaultRatisDirectory(237)) - Storage directory for Ratis is not configured. It is a good idea to map this to an SSD disk. Falling back to ozone.metadata.dirs
2022-10-18 06:31:46,534 [Listener at localhost/45657] INFO  ratis.OzoneManagerRatisServer (OzoneManagerRatisServer.java:<init>(160)) - Instantiating OM Ratis server with groupID: om-service-test1 and peers: localhost:40971, localhost:37123, localhost:46015
2022-10-18 06:31:46,534 [Listener at localhost/45657] INFO  ratis.OzoneManagerStateMachine (OzoneManagerStateMachine.java:loadSnapshotInfoFromDB(632)) - LastAppliedIndex is set from TransactionInfo from OM DB as (t:1, i:583)
2022-10-18 06:31:46,534 [Listener at localhost/45657] INFO  server.RaftServer (ConfUtils.java:logGet(46)) - raft.rpc.type = GRPC (default)
2022-10-18 06:31:46,534 [Listener at localhost/45657] INFO  grpc.GrpcFactory (GrpcFactory.java:checkPooledByteBufAllocatorUseCacheForAllThreads(48)) - PERFORMANCE WARNING: useCacheForAllThreads is true that may cause Netty to create a lot garbage objects and, as a result, trigger GC.
	It is recommended to disable useCacheForAllThreads by setting -Dorg.apache.ratis.thirdparty.io.netty.allocator.useCacheForAllThreads=false in command line.
2022-10-18 06:31:46,534 [Listener at localhost/45657] INFO  grpc.GrpcConfigKeys (ConfUtils.java:logGet(46)) - raft.grpc.admin.port = -1 (default)
2022-10-18 06:31:46,535 [Listener at localhost/45657] INFO  grpc.GrpcConfigKeys (ConfUtils.java:logGet(46)) - raft.grpc.server.port = 40971 (custom)
2022-10-18 06:31:46,535 [Listener at localhost/45657] INFO  grpc.GrpcConfigKeys (ConfUtils.java:logGet(46)) - raft.grpc.client.port = -1 (default)
2022-10-18 06:31:46,536 [Listener at localhost/45657] INFO  grpc.GrpcConfigKeys (ConfUtils.java:logGet(46)) - raft.grpc.server.port = 40971 (custom)
2022-10-18 06:31:46,536 [Listener at localhost/45657] INFO  grpc.GrpcConfigKeys (ConfUtils.java:logGet(46)) - raft.grpc.server.port = 40971 (custom)
2022-10-18 06:31:46,536 [Listener at localhost/45657] INFO  server.GrpcService (ConfUtils.java:logGet(46)) - raft.grpc.message.size.max = 33554432 (custom)
2022-10-18 06:31:46,537 [Listener at localhost/45657] INFO  server.RaftServerConfigKeys (ConfUtils.java:logGet(46)) - raft.server.log.appender.buffer.byte-limit = 33554432 (custom)
2022-10-18 06:31:46,537 [Listener at localhost/45657] INFO  server.GrpcService (ConfUtils.java:logGet(46)) - raft.grpc.flow.control.window = 1MB (=1048576) (default)
2022-10-18 06:31:46,537 [Listener at localhost/45657] INFO  server.RaftServerConfigKeys (ConfUtils.java:logGet(46)) - raft.server.rpc.request.timeout = 3000ms (default)
2022-10-18 06:31:46,537 [Listener at localhost/45657] INFO  grpc.GrpcConfigKeys (ConfUtils.java:logGet(46)) - raft.grpc.server.async.request.thread.pool.cached = true (default)
2022-10-18 06:31:46,537 [Listener at localhost/45657] INFO  grpc.GrpcConfigKeys (ConfUtils.java:logGet(46)) - raft.grpc.server.async.request.thread.pool.size = 32 (default)
2022-10-18 06:31:46,538 [Listener at localhost/45657] INFO  impl.DataStreamServerImpl (ConfUtils.java:logGet(46)) - raft.datastream.type = DISABLED (default)
2022-10-18 06:31:46,538 [Listener at localhost/45657] INFO  server.RaftServerConfigKeys (ConfUtils.java:logGet(46)) - raft.server.threadpool.proxy.cached = true (default)
2022-10-18 06:31:46,539 [Listener at localhost/45657] INFO  server.RaftServerConfigKeys (ConfUtils.java:logGet(46)) - raft.server.threadpool.proxy.size = 0 (default)
2022-10-18 06:31:46,539 [Listener at localhost/45657] INFO  server.RaftServerConfigKeys (ConfUtils.java:logGet(46)) - raft.server.rpc.slowness.timeout = 2s (custom)
2022-10-18 06:31:46,539 [Listener at localhost/45657] INFO  server.RaftServerConfigKeys (ConfUtils.java:logGet(46)) - raft.server.leaderelection.leader.step-down.wait-time = 10s (default)
2022-10-18 06:31:46,539 [Listener at localhost/45657] INFO  server.RaftServerConfigKeys (ConfUtils.java:logGet(46)) - raft.server.storage.dir = [/home/runner/work/ozone/ozone/hadoop-ozone/integration-test/target/test-dir/MiniOzoneClusterImpl-06b5c26c-5174-482c-8dea-daeaa88de3bb/omNode-2/ratis] (custom)
2022-10-18 06:31:46,539 [omNode-2-impl-thread1] INFO  server.RaftServer (RaftServerProxy.java:initGroupDir(247)) - omNode-2: found a subdirectory /home/runner/work/ozone/ozone/hadoop-ozone/integration-test/target/test-dir/MiniOzoneClusterImpl-06b5c26c-5174-482c-8dea-daeaa88de3bb/omNode-2/ratis/c9bc4cf4-3bc3-3c60-a66b-523986131536
2022-10-18 06:31:46,540 [Listener at localhost/45657] INFO  server.RaftServer (RaftServerProxy.java:addNew(96)) - omNode-2: addNew group-523986131536:[omNode-3|rpc:localhost:37123|priority:0, omNode-1|rpc:localhost:46015|priority:0, omNode-2|rpc:localhost:40971|priority:0] returns group-523986131536:java.util.concurrent.CompletableFuture@50033e95[Not completed]
2022-10-18 06:31:46,540 [Listener at localhost/45657] INFO  om.OzoneManager (OzoneManager.java:initializeRatisServer(1975)) - OzoneManager Ratis server initialized at port 40971
2022-10-18 06:31:46,540 [pool-1021-thread-1] INFO  server.RaftServer$Division (RaftServerImpl.java:<init>(190)) - omNode-2: new RaftServerImpl for group-523986131536:[omNode-3|rpc:localhost:37123|priority:0, omNode-1|rpc:localhost:46015|priority:0, omNode-2|rpc:localhost:40971|priority:0] with OzoneManagerStateMachine:uninitialized
2022-10-18 06:31:46,540 [Listener at localhost/45657] INFO  ratis.OzoneManagerRatisServer (OzoneManagerRatisServer.java:start(555)) - Starting OzoneManagerRatisServer omNode-2 at port 40971
2022-10-18 06:31:46,540 [pool-1021-thread-1] INFO  server.RaftServerConfigKeys (ConfUtils.java:logGet(46)) - raft.server.rpc.timeout.min = 1s (custom)
2022-10-18 06:31:46,540 [pool-1021-thread-1] INFO  server.RaftServerConfigKeys (ConfUtils.java:logGet(46)) - raft.server.rpc.timeout.max = 1200ms (custom)
2022-10-18 06:31:46,540 [pool-1021-thread-1] INFO  server.RaftServerConfigKeys (ConfUtils.java:logGet(46)) - raft.server.rpc.sleep.time = 25ms (default)
2022-10-18 06:31:46,540 [pool-1021-thread-1] INFO  server.RaftServerConfigKeys (ConfUtils.java:logGet(46)) - raft.server.rpc.slowness.timeout = 2s (custom)
2022-10-18 06:31:46,540 [pool-1021-thread-1] INFO  server.RaftServerConfigKeys (ConfUtils.java:logGet(46)) - raft.server.leaderelection.leader.step-down.wait-time = 10s (default)
2022-10-18 06:31:46,540 [pool-1021-thread-1] INFO  server.RaftServerConfigKeys (ConfUtils.java:logGet(46)) - raft.server.sleep.deviation.threshold = 300ms (default)
2022-10-18 06:31:46,540 [pool-1021-thread-1] INFO  server.RaftServer$Division (ServerState.java:<init>(107)) - omNode-2@group-523986131536: ConfigurationManager, init=-1: [omNode-3|rpc:localhost:37123|priority:0, omNode-1|rpc:localhost:46015|priority:0, omNode-2|rpc:localhost:40971|priority:0], old=null, confs=<EMPTY_MAP>
2022-10-18 06:31:46,540 [pool-1021-thread-1] INFO  server.RaftServerConfigKeys (ConfUtils.java:logGet(46)) - raft.server.storage.dir = [/home/runner/work/ozone/ozone/hadoop-ozone/integration-test/target/test-dir/MiniOzoneClusterImpl-06b5c26c-5174-482c-8dea-daeaa88de3bb/omNode-2/ratis] (custom)
2022-10-18 06:31:46,540 [pool-1021-thread-1] INFO  server.RaftServerConfigKeys (ConfUtils.java:logGet(46)) - raft.server.log.corruption.policy = EXCEPTION (default)
2022-10-18 06:31:46,540 [pool-1021-thread-1] INFO  server.RaftServerConfigKeys (ConfUtils.java:logGet(46)) - raft.server.storage.free-space.min = 0MB (=0) (default)
2022-10-18 06:31:46,545 [pool-1021-thread-1] INFO  storage.RaftStorageDirectory (RaftStorageDirectoryImpl.java:tryLock(230)) - Lock on /home/runner/work/ozone/ozone/hadoop-ozone/integration-test/target/test-dir/MiniOzoneClusterImpl-06b5c26c-5174-482c-8dea-daeaa88de3bb/omNode-2/ratis/c9bc4cf4-3bc3-3c60-a66b-523986131536/in_use.lock acquired by nodename 30337@fv-az241-838
2022-10-18 06:31:46,545 [pool-1021-thread-1] INFO  storage.RaftStorage (RaftStorageImpl.java:analyzeAndRecoverStorage(110)) - Read RaftStorageMetadata{term=1, votedFor=omNode-1} from /home/runner/work/ozone/ozone/hadoop-ozone/integration-test/target/test-dir/MiniOzoneClusterImpl-06b5c26c-5174-482c-8dea-daeaa88de3bb/omNode-2/ratis/c9bc4cf4-3bc3-3c60-a66b-523986131536/current/raft-meta
2022-10-18 06:31:46,546 [pool-1021-thread-1] INFO  server.RaftServer$Division (ServerState.java:setRaftConf(393)) - omNode-2@group-523986131536: set configuration 0: [omNode-3|rpc:localhost:37123|admin:|client:|dataStream:|priority:0, omNode-1|rpc:localhost:46015|admin:|client:|dataStream:|priority:0, omNode-2|rpc:localhost:40971|admin:|client:|dataStream:|priority:0], old=null
2022-10-18 06:31:46,546 [pool-1021-thread-1] INFO  server.RaftServerConfigKeys (ConfUtils.java:logGet(46)) - raft.server.notification.no-leader.timeout = 2s (custom)
2022-10-18 06:31:46,546 [pool-1021-thread-1] INFO  server.RaftServerConfigKeys (ConfUtils.java:logGet(46)) - raft.server.log.use.memory = false (default)
2022-10-18 06:31:46,546 [pool-1021-thread-1] INFO  server.RaftServerConfigKeys (ConfUtils.java:logGet(46)) - raft.server.log.purge.gap = 50 (custom)
2022-10-18 06:31:46,546 [pool-1021-thread-1] INFO  server.RaftServerConfigKeys (ConfUtils.java:logGet(46)) - raft.server.log.appender.buffer.byte-limit = 33554432 (custom)
2022-10-18 06:31:46,546 [pool-1021-thread-1] INFO  server.RaftServerConfigKeys (ConfUtils.java:logGet(46)) - raft.server.log.statemachine.data.read.timeout = 1000ms (default)
2022-10-18 06:31:46,546 [pool-1021-thread-1] INFO  server.RaftServerConfigKeys (ConfUtils.java:logGet(46)) - raft.server.log.segment.size.max = 4194304 (custom)
2022-10-18 06:31:46,547 [pool-1021-thread-1] INFO  server.RaftServerConfigKeys (ConfUtils.java:logGet(46)) - raft.server.log.segment.cache.num.max = 2 (custom)
2022-10-18 06:31:46,547 [pool-1021-thread-1] INFO  server.RaftServerConfigKeys (ConfUtils.java:logGet(46)) - raft.server.log.segment.cache.size.max = 200MB (=209715200) (default)
2022-10-18 06:31:46,547 [pool-1021-thread-1] INFO  segmented.SegmentedRaftLogWorker (SegmentedRaftLogWorker.java:<init>(187)) - new omNode-2@group-523986131536-SegmentedRaftLogWorker for RaftStorageImpl:Storage Directory /home/runner/work/ozone/ozone/hadoop-ozone/integration-test/target/test-dir/MiniOzoneClusterImpl-06b5c26c-5174-482c-8dea-daeaa88de3bb/omNode-2/ratis/c9bc4cf4-3bc3-3c60-a66b-523986131536
2022-10-18 06:31:46,547 [pool-1021-thread-1] INFO  server.RaftServerConfigKeys (ConfUtils.java:logGet(46)) - raft.server.log.queue.byte-limit = 64MB (=67108864) (default)
2022-10-18 06:31:46,547 [pool-1021-thread-1] INFO  server.RaftServerConfigKeys (ConfUtils.java:logGet(46)) - raft.server.log.queue.element-limit = 4096 (default)
2022-10-18 06:31:46,547 [pool-1021-thread-1] INFO  server.RaftServerConfigKeys (ConfUtils.java:logGet(46)) - raft.server.log.segment.size.max = 4194304 (custom)
2022-10-18 06:31:46,547 [pool-1021-thread-1] INFO  server.RaftServerConfigKeys (ConfUtils.java:logGet(46)) - raft.server.log.preallocated.size = 4194304 (custom)
2022-10-18 06:31:46,547 [pool-1021-thread-1] INFO  server.RaftServerConfigKeys (ConfUtils.java:logGet(46)) - raft.server.log.force.sync.num = 128 (default)
2022-10-18 06:31:46,547 [pool-1021-thread-1] INFO  server.RaftServerConfigKeys (ConfUtils.java:logGet(46)) - raft.server.log.statemachine.data.sync = true (default)
2022-10-18 06:31:46,547 [pool-1021-thread-1] INFO  server.RaftServerConfigKeys (ConfUtils.java:logGet(46)) - raft.server.log.statemachine.data.sync.timeout = 10s (default)
2022-10-18 06:31:46,547 [pool-1021-thread-1] INFO  server.RaftServerConfigKeys (ConfUtils.java:logGet(46)) - raft.server.log.statemachine.data.sync.timeout.retry = -1 (default)
2022-10-18 06:31:46,548 [pool-1021-thread-1] INFO  server.RaftServerConfigKeys (ConfUtils.java:logGet(46)) - raft.server.log.write.buffer.size = 64KB (=65536) (default)
2022-10-18 06:31:46,548 [pool-1021-thread-1] INFO  server.RaftServerConfigKeys (ConfUtils.java:logGet(46)) - raft.server.log.unsafe-flush.enabled = false (default)
2022-10-18 06:31:46,548 [pool-1021-thread-1] INFO  server.RaftServerConfigKeys (ConfUtils.java:logGet(46)) - raft.server.log.statemachine.data.caching.enabled = false (default)
2022-10-18 06:31:46,549 [pool-1021-thread-1] INFO  server.RaftServer$Division (ServerState.java:setRaftConf(393)) - omNode-2@group-523986131536: set configuration 0: [omNode-3|rpc:localhost:37123|admin:|client:|dataStream:|priority:0, omNode-1|rpc:localhost:46015|admin:|client:|dataStream:|priority:0, omNode-2|rpc:localhost:40971|admin:|client:|dataStream:|priority:0], old=null
2022-10-18 06:31:46,551 [pool-1021-thread-1] INFO  segmented.LogSegment (LogSegment.java:loadSegment(173)) - Successfully read 585 entries from segment file /home/runner/work/ozone/ozone/hadoop-ozone/integration-test/target/test-dir/MiniOzoneClusterImpl-06b5c26c-5174-482c-8dea-daeaa88de3bb/omNode-2/ratis/c9bc4cf4-3bc3-3c60-a66b-523986131536/current/log_inprogress_0
2022-10-18 06:31:46,552 [pool-1021-thread-1] INFO  segmented.SegmentedRaftLogWorker (SegmentedRaftLogWorker.java:lambda$new$0(135)) - omNode-2@group-523986131536-SegmentedRaftLogWorker: flushIndex: setUnconditionally 0 -> 584
2022-10-18 06:31:46,552 [pool-1021-thread-1] INFO  segmented.SegmentedRaftLogWorker (SegmentedRaftLogWorker.java:lambda$new$0(135)) - omNode-2@group-523986131536-SegmentedRaftLogWorker: safeCacheEvictIndex: setUnconditionally 0 -> -1
2022-10-18 06:31:46,552 [pool-1021-thread-1] INFO  raftlog.RaftLog (RaftLogBase.java:lambda$new$0(53)) - omNode-2@group-523986131536-SegmentedRaftLog: commitIndex: updateToMax old=583, new=583, updated? false
2022-10-18 06:31:46,553 [pool-1021-thread-1] INFO  server.RaftServerConfigKeys (ConfUtils.java:logGet(46)) - raft.server.snapshot.auto.trigger.enabled = true (custom)
2022-10-18 06:31:46,553 [pool-1021-thread-1] INFO  server.RaftServerConfigKeys (ConfUtils.java:logGet(46)) - raft.server.snapshot.auto.trigger.threshold = 50 (custom)
2022-10-18 06:31:46,553 [pool-1021-thread-1] INFO  server.RaftServerConfigKeys (ConfUtils.java:logGet(46)) - raft.server.snapshot.retention.file.num = -1 (default)
2022-10-18 06:31:46,553 [pool-1021-thread-1] INFO  server.RaftServerConfigKeys (ConfUtils.java:logGet(46)) - raft.server.log.purge.upto.snapshot.index = true (custom)
2022-10-18 06:31:46,553 [pool-1021-thread-1] INFO  server.RaftServerConfigKeys (ConfUtils.java:logGet(46)) - raft.server.retrycache.expirytime = 30000ms (custom)
2022-10-18 06:31:46,553 [pool-1021-thread-1] INFO  server.RaftServerConfigKeys (ConfUtils.java:logGet(46)) - raft.server.retrycache.statistics.expirytime = 100μs (default)
2022-10-18 06:31:46,554 [pool-1021-thread-1] INFO  server.RaftServerConfigKeys (ConfUtils.java:logGet(46)) - raft.server.log.appender.install.snapshot.enabled = false (custom)
2022-10-18 06:31:46,554 [pool-1021-thread-1] INFO  server.RaftServerConfigKeys (ConfUtils.java:logGet(46)) - raft.server.threadpool.server.cached = true (default)
2022-10-18 06:31:46,554 [pool-1021-thread-1] INFO  server.RaftServerConfigKeys (ConfUtils.java:logGet(46)) - raft.server.threadpool.server.size = 0 (default)
2022-10-18 06:31:46,554 [pool-1021-thread-1] INFO  server.RaftServerConfigKeys (ConfUtils.java:logGet(46)) - raft.server.threadpool.client.cached = true (default)
2022-10-18 06:31:46,554 [pool-1021-thread-1] INFO  server.RaftServerConfigKeys (ConfUtils.java:logGet(46)) - raft.server.threadpool.client.size = 0 (default)
2022-10-18 06:31:46,554 [omNode-2-impl-thread1] INFO  server.RaftServer$Division (RaftServerImpl.java:start(310)) - omNode-2@group-523986131536: start as a follower, conf=0: [omNode-3|rpc:localhost:37123|admin:|client:|dataStream:|priority:0, omNode-1|rpc:localhost:46015|admin:|client:|dataStream:|priority:0, omNode-2|rpc:localhost:40971|admin:|client:|dataStream:|priority:0], old=null
2022-10-18 06:31:46,554 [omNode-2-impl-thread1] INFO  server.RaftServer$Division (RaftServerImpl.java:setRole(299)) - omNode-2@group-523986131536: changes role from      null to FOLLOWER at term 1 for startAsFollower
2022-10-18 06:31:46,554 [omNode-2-impl-thread1] INFO  impl.RoleInfo (RoleInfo.java:updateAndGet(139)) - omNode-2: start omNode-2@group-523986131536-FollowerState
2022-10-18 06:31:46,555 [omNode-2-impl-thread1] INFO  util.JmxRegister (JmxRegister.java:tryRegister(44)) - Successfully registered JMX Bean with object name Ratis:service=RaftServer,group=group-523986131536,id=omNode-2
2022-10-18 06:31:46,555 [Listener at localhost/45657] INFO  server.RaftServer (RaftServerProxy.java:lambda$start$6(382)) - omNode-2: start RPC server
2022-10-18 06:31:46,557 [Listener at localhost/45657] INFO  server.GrpcService (GrpcService.java:startImpl(260)) - omNode-2: GrpcService started, listening on 40971
2022-10-18 06:31:46,557 [Listener at localhost/45657] INFO  om.OzoneManager (OzoneManager.java:getRpcServer(1101)) - Creating RPC Server
2022-10-18 06:31:46,557 [org.apache.ratis.util.JvmPauseMonitor$$Lambda$703/523629281@7cf6679f] INFO  util.JvmPauseMonitor (JvmPauseMonitor.java:run(103)) - JvmPauseMonitor-omNode-2: Started
2022-10-18 06:31:46,639 [EndpointStateMachine task thread for /0.0.0.0:34663 - 0 ] INFO  ipc.Client (Client.java:handleConnectionFailure(1010)) - Retrying connect to server: 0.0.0.0/0.0.0.0:34663. Already tried 10 time(s); retry policy is RetryUpToMaximumCountWithFixedSleep(maxRetries=15, sleepTime=1000 MILLISECONDS)
2022-10-18 06:31:46,723 [omNode-3@group-523986131536-FollowerState] INFO  impl.FollowerState (FollowerState.java:run(143)) - omNode-3@group-523986131536-FollowerState: change to CANDIDATE, lastRpcElapsedTime:1065575422ns, electionTimeout:1062ms
2022-10-18 06:31:46,723 [omNode-3@group-523986131536-FollowerState] INFO  impl.RoleInfo (RoleInfo.java:shutdownFollowerState(110)) - omNode-3: shutdown omNode-3@group-523986131536-FollowerState
2022-10-18 06:31:46,723 [omNode-3@group-523986131536-FollowerState] INFO  server.RaftServer$Division (RaftServerImpl.java:setRole(299)) - omNode-3@group-523986131536: changes role from  FOLLOWER to CANDIDATE at term 1 for changeToCandidate
2022-10-18 06:31:46,723 [omNode-3@group-523986131536-FollowerState] INFO  server.RaftServerConfigKeys (ConfUtils.java:logGet(46)) - raft.server.leaderelection.pre-vote = false (custom)
2022-10-18 06:31:46,723 [omNode-3@group-523986131536-FollowerState] INFO  impl.RoleInfo (RoleInfo.java:updateAndGet(139)) - omNode-3: start omNode-3@group-523986131536-LeaderElection26
2022-10-18 06:31:46,735 [omNode-3@group-523986131536-LeaderElection26] INFO  impl.LeaderElection (LeaderElection.java:askForVotes(310)) - omNode-3@group-523986131536-LeaderElection26 ELECTION round 0: submit vote requests at term 2 for 0: [omNode-3|rpc:localhost:37123|admin:|client:|dataStream:|priority:0, omNode-1|rpc:localhost:46015|admin:|client:|dataStream:|priority:0, omNode-2|rpc:localhost:40971|admin:|client:|dataStream:|priority:0], old=null
2022-10-18 06:31:46,739 [grpc-default-executor-2] INFO  server.RaftServer$Division (RaftServerImpl.java:requestVote(1152)) - omNode-1@group-523986131536: receive requestVote(ELECTION, omNode-3, group-523986131536, 2, (t:1, i:584))
2022-10-18 06:31:46,739 [grpc-default-executor-2] INFO  impl.VoteContext (VoteContext.java:log(48)) - omNode-1@group-523986131536-FOLLOWER: accept ELECTION from omNode-3: our priority 0 <= candidate's priority 0
2022-10-18 06:31:46,739 [grpc-default-executor-2] INFO  server.RaftServer$Division (RaftServerImpl.java:setRole(299)) - omNode-1@group-523986131536: changes role from  FOLLOWER to FOLLOWER at term 2 for candidate:omNode-3
2022-10-18 06:31:46,739 [grpc-default-executor-2] INFO  impl.RoleInfo (RoleInfo.java:shutdownFollowerState(110)) - omNode-1: shutdown omNode-1@group-523986131536-FollowerState
2022-10-18 06:31:46,740 [grpc-default-executor-2] INFO  impl.RoleInfo (RoleInfo.java:updateAndGet(139)) - omNode-1: start omNode-1@group-523986131536-FollowerState
2022-10-18 06:31:46,740 [omNode-1@group-523986131536-FollowerState] INFO  impl.FollowerState (FollowerState.java:run(152)) - omNode-1@group-523986131536-FollowerState was interrupted
2022-10-18 06:31:46,750 [grpc-default-executor-0] INFO  server.RaftServer$Division (RaftServerImpl.java:requestVote(1152)) - omNode-2@group-523986131536: receive requestVote(ELECTION, omNode-3, group-523986131536, 2, (t:1, i:584))
2022-10-18 06:31:46,750 [grpc-default-executor-0] INFO  impl.VoteContext (VoteContext.java:log(48)) - omNode-2@group-523986131536-FOLLOWER: accept ELECTION from omNode-3: our priority 0 <= candidate's priority 0
2022-10-18 06:31:46,750 [grpc-default-executor-0] INFO  server.RaftServer$Division (RaftServerImpl.java:setRole(299)) - omNode-2@group-523986131536: changes role from  FOLLOWER to FOLLOWER at term 2 for candidate:omNode-3
2022-10-18 06:31:46,750 [grpc-default-executor-0] INFO  impl.RoleInfo (RoleInfo.java:shutdownFollowerState(110)) - omNode-2: shutdown omNode-2@group-523986131536-FollowerState
2022-10-18 06:31:46,751 [grpc-default-executor-0] INFO  impl.RoleInfo (RoleInfo.java:updateAndGet(139)) - omNode-2: start omNode-2@group-523986131536-FollowerState
2022-10-18 06:31:46,751 [omNode-2@group-523986131536-FollowerState] INFO  impl.FollowerState (FollowerState.java:run(152)) - omNode-2@group-523986131536-FollowerState was interrupted
2022-10-18 06:31:46,754 [grpc-default-executor-2] INFO  server.RaftServer$Division (RaftServerImpl.java:requestVote(1184)) - omNode-1@group-523986131536 replies to ELECTION vote request: omNode-3<-omNode-1#0:OK-t2. Peer's state: omNode-1@group-523986131536:t2, leader=null, voted=omNode-3, raftlog=omNode-1@group-523986131536-SegmentedRaftLog:OPENED:c584, conf=0: [omNode-3|rpc:localhost:37123|admin:|client:|dataStream:|priority:0, omNode-1|rpc:localhost:46015|admin:|client:|dataStream:|priority:0, omNode-2|rpc:localhost:40971|admin:|client:|dataStream:|priority:0], old=null
2022-10-18 06:31:46,754 [omNode-3@group-523986131536-LeaderElection26] INFO  impl.LeaderElection (LeaderElection.java:logAndReturn(90)) - omNode-3@group-523986131536-LeaderElection26: ELECTION PASSED received 1 response(s) and 0 exception(s):
2022-10-18 06:31:46,754 [omNode-3@group-523986131536-LeaderElection26] INFO  impl.LeaderElection (LeaderElection.java:logAndReturn(94)) -   Response 0: omNode-3<-omNode-1#0:OK-t2
2022-10-18 06:31:46,754 [omNode-3@group-523986131536-LeaderElection26] INFO  impl.LeaderElection (LeaderElection.java:askForVotes(312)) - omNode-3@group-523986131536-LeaderElection26 ELECTION round 0: result PASSED
2022-10-18 06:31:46,754 [omNode-3@group-523986131536-LeaderElection26] INFO  impl.RoleInfo (RoleInfo.java:shutdownLeaderElection(130)) - omNode-3: shutdown omNode-3@group-523986131536-LeaderElection26
2022-10-18 06:31:46,754 [omNode-3@group-523986131536-LeaderElection26] INFO  server.RaftServer$Division (RaftServerImpl.java:setRole(299)) - omNode-3@group-523986131536: changes role from CANDIDATE to LEADER at term 2 for changeToLeader
2022-10-18 06:31:46,754 [omNode-3@group-523986131536-LeaderElection26] INFO  server.RaftServer$Division (ServerState.java:setLeader(287)) - omNode-3@group-523986131536: change Leader from null to omNode-3 at term 2 for becomeLeader, leader elected after 1107ms
2022-10-18 06:31:46,754 [omNode-3@group-523986131536-LeaderElection26] INFO  server.RaftServerConfigKeys (ConfUtils.java:logGet(46)) - raft.server.staging.catchup.gap = 1000 (default)
2022-10-18 06:31:46,755 [omNode-3@group-523986131536-LeaderElection26] INFO  server.RaftServerConfigKeys (ConfUtils.java:logGet(46)) - raft.server.write.element-limit = 4096 (default)
2022-10-18 06:31:46,755 [omNode-3@group-523986131536-LeaderElection26] INFO  server.RaftServerConfigKeys (ConfUtils.java:logGet(46)) - raft.server.write.byte-limit = 64MB (=67108864) (default)
2022-10-18 06:31:46,755 [grpc-default-executor-0] INFO  server.RaftServer$Division (RaftServerImpl.java:requestVote(1184)) - omNode-2@group-523986131536 replies to ELECTION vote request: omNode-3<-omNode-2#0:OK-t2. Peer's state: omNode-2@group-523986131536:t2, leader=null, voted=omNode-3, raftlog=omNode-2@group-523986131536-SegmentedRaftLog:OPENED:c583, conf=0: [omNode-3|rpc:localhost:37123|admin:|client:|dataStream:|priority:0, omNode-1|rpc:localhost:46015|admin:|client:|dataStream:|priority:0, omNode-2|rpc:localhost:40971|admin:|client:|dataStream:|priority:0], old=null
2022-10-18 06:31:46,757 [omNode-3@group-523986131536-LeaderElection26] INFO  server.RaftServerConfigKeys (ConfUtils.java:logGet(46)) - raft.server.watch.timeout = 10s (default)
2022-10-18 06:31:46,757 [omNode-3@group-523986131536-LeaderElection26] INFO  server.RaftServerConfigKeys (ConfUtils.java:logGet(46)) - raft.server.watch.timeout.denomination = 1s (default)
2022-10-18 06:31:46,757 [omNode-3@group-523986131536-LeaderElection26] INFO  server.RaftServerConfigKeys (ConfUtils.java:logGet(46)) - raft.server.watch.element-limit = 65536 (default)
2022-10-18 06:31:46,758 [omNode-3@group-523986131536-LeaderElection26] INFO  server.RaftServerConfigKeys (ConfUtils.java:logGet(46)) - raft.server.write.element-limit = 4096 (default)
2022-10-18 06:31:46,758 [omNode-3@group-523986131536-LeaderElection26] INFO  server.RaftServerConfigKeys (ConfUtils.java:logGet(46)) - raft.server.write.follower.gap.ratio.max = -1.0 (default)
2022-10-18 06:31:46,759 [omNode-3@group-523986131536-LeaderElection26] INFO  server.RaftServerConfigKeys (ConfUtils.java:logGet(46)) - raft.server.log.appender.snapshot.chunk.size.max = 16MB (=16777216) (default)
2022-10-18 06:31:46,759 [omNode-3@group-523986131536-LeaderElection26] INFO  server.RaftServerConfigKeys (ConfUtils.java:logGet(46)) - raft.server.log.appender.buffer.byte-limit = 33554432 (custom)
2022-10-18 06:31:46,759 [omNode-3@group-523986131536-LeaderElection26] INFO  server.RaftServerConfigKeys (ConfUtils.java:logGet(46)) - raft.server.log.appender.buffer.element-limit = 1024 (custom)
2022-10-18 06:31:46,759 [omNode-3@group-523986131536-LeaderElection26] INFO  grpc.GrpcConfigKeys (ConfUtils.java:logGet(46)) - raft.grpc.server.leader.outstanding.appends.max = 128 (default)
2022-10-18 06:31:46,759 [omNode-3@group-523986131536-LeaderElection26] INFO  server.RaftServerConfigKeys (ConfUtils.java:logGet(46)) - raft.server.rpc.request.timeout = 3000ms (default)
2022-10-18 06:31:46,759 [omNode-3@group-523986131536-LeaderElection26] INFO  server.RaftServerConfigKeys (ConfUtils.java:logGet(46)) - raft.server.log.appender.install.snapshot.enabled = false (custom)
2022-10-18 06:31:46,760 [omNode-3@group-523986131536-LeaderElection26] INFO  server.RaftServerConfigKeys (ConfUtils.java:logGet(46)) - raft.server.log.appender.snapshot.chunk.size.max = 16MB (=16777216) (default)
2022-10-18 06:31:46,760 [omNode-3@group-523986131536-LeaderElection26] INFO  server.RaftServerConfigKeys (ConfUtils.java:logGet(46)) - raft.server.log.appender.buffer.byte-limit = 33554432 (custom)
2022-10-18 06:31:46,760 [omNode-3@group-523986131536-LeaderElection26] INFO  server.RaftServerConfigKeys (ConfUtils.java:logGet(46)) - raft.server.log.appender.buffer.element-limit = 1024 (custom)
2022-10-18 06:31:46,760 [omNode-3@group-523986131536-LeaderElection26] INFO  grpc.GrpcConfigKeys (ConfUtils.java:logGet(46)) - raft.grpc.server.leader.outstanding.appends.max = 128 (default)
2022-10-18 06:31:46,760 [omNode-3@group-523986131536-LeaderElection26] INFO  server.RaftServerConfigKeys (ConfUtils.java:logGet(46)) - raft.server.rpc.request.timeout = 3000ms (default)
2022-10-18 06:31:46,760 [omNode-3@group-523986131536-LeaderElection26] INFO  server.RaftServerConfigKeys (ConfUtils.java:logGet(46)) - raft.server.log.appender.install.snapshot.enabled = false (custom)
2022-10-18 06:31:46,761 [omNode-3@group-523986131536-LeaderElection26] INFO  impl.RoleInfo (RoleInfo.java:updateAndGet(139)) - omNode-3: start omNode-3@group-523986131536-LeaderStateImpl
2022-10-18 06:31:46,762 [omNode-3@group-523986131536-LeaderElection26] INFO  segmented.SegmentedRaftLogWorker (SegmentedRaftLogWorker.java:rollLogSegment(430)) - omNode-3@group-523986131536-SegmentedRaftLogWorker: Rolling segment log-0_584 to index:584
2022-10-18 06:31:46,762 [omNode-3@group-523986131536-SegmentedRaftLogWorker] INFO  segmented.SegmentedRaftLogWorker (SegmentedRaftLogWorker.java:execute(586)) - omNode-3@group-523986131536-SegmentedRaftLogWorker: Rolled log segment from /home/runner/work/ozone/ozone/hadoop-ozone/integration-test/target/test-dir/MiniOzoneClusterImpl-06b5c26c-5174-482c-8dea-daeaa88de3bb/omNode-3/ratis/c9bc4cf4-3bc3-3c60-a66b-523986131536/current/log_inprogress_0 to /home/runner/work/ozone/ozone/hadoop-ozone/integration-test/target/test-dir/MiniOzoneClusterImpl-06b5c26c-5174-482c-8dea-daeaa88de3bb/omNode-3/ratis/c9bc4cf4-3bc3-3c60-a66b-523986131536/current/log_0-584
2022-10-18 06:31:46,774 [omNode-3@group-523986131536-SegmentedRaftLogWorker] INFO  segmented.SegmentedRaftLogWorker (SegmentedRaftLogWorker.java:execute(629)) - omNode-3@group-523986131536-SegmentedRaftLogWorker: created new log segment /home/runner/work/ozone/ozone/hadoop-ozone/integration-test/target/test-dir/MiniOzoneClusterImpl-06b5c26c-5174-482c-8dea-daeaa88de3bb/omNode-3/ratis/c9bc4cf4-3bc3-3c60-a66b-523986131536/current/log_inprogress_585
2022-10-18 06:31:46,774 [omNode-3@group-523986131536-LeaderElection26] INFO  server.RaftServer$Division (ServerState.java:setRaftConf(393)) - omNode-3@group-523986131536: set configuration 585: [omNode-3|rpc:localhost:37123|admin:|client:|dataStream:|priority:0, omNode-1|rpc:localhost:46015|admin:|client:|dataStream:|priority:0, omNode-2|rpc:localhost:40971|admin:|client:|dataStream:|priority:0], old=null
2022-10-18 06:31:46,795 [omNode-1-server-thread1] INFO  server.RaftServer$Division (ServerState.java:setLeader(287)) - omNode-1@group-523986131536: change Leader from null to omNode-3 at term 2 for appendEntries, leader elected after 697ms
2022-10-18 06:31:46,798 [omNode-2-server-thread1] INFO  server.RaftServer$Division (ServerState.java:setLeader(287)) - omNode-2@group-523986131536: change Leader from null to omNode-3 at term 2 for appendEntries, leader elected after 251ms
2022-10-18 06:31:46,800 [omNode-1-server-thread1] INFO  server.RaftServer$Division (ServerState.java:setRaftConf(393)) - omNode-1@group-523986131536: set configuration 585: [omNode-3|rpc:localhost:37123|admin:|client:|dataStream:|priority:0, omNode-1|rpc:localhost:46015|admin:|client:|dataStream:|priority:0, omNode-2|rpc:localhost:40971|admin:|client:|dataStream:|priority:0], old=null
2022-10-18 06:31:46,801 [omNode-1-server-thread1] INFO  segmented.SegmentedRaftLogWorker (SegmentedRaftLogWorker.java:rollLogSegment(430)) - omNode-1@group-523986131536-SegmentedRaftLogWorker: Rolling segment log-0_584 to index:584
2022-10-18 06:31:46,801 [omNode-1@group-523986131536-SegmentedRaftLogWorker] INFO  segmented.SegmentedRaftLogWorker (SegmentedRaftLogWorker.java:execute(586)) - omNode-1@group-523986131536-SegmentedRaftLogWorker: Rolled log segment from /home/runner/work/ozone/ozone/hadoop-ozone/integration-test/target/test-dir/MiniOzoneClusterImpl-06b5c26c-5174-482c-8dea-daeaa88de3bb/omNode-1/ratis/c9bc4cf4-3bc3-3c60-a66b-523986131536/current/log_inprogress_0 to /home/runner/work/ozone/ozone/hadoop-ozone/integration-test/target/test-dir/MiniOzoneClusterImpl-06b5c26c-5174-482c-8dea-daeaa88de3bb/omNode-1/ratis/c9bc4cf4-3bc3-3c60-a66b-523986131536/current/log_0-584
2022-10-18 06:31:46,803 [omNode-2-server-thread1] INFO  server.RaftServer$Division (ServerState.java:setRaftConf(393)) - omNode-2@group-523986131536: set configuration 585: [omNode-3|rpc:localhost:37123|admin:|client:|dataStream:|priority:0, omNode-1|rpc:localhost:46015|admin:|client:|dataStream:|priority:0, omNode-2|rpc:localhost:40971|admin:|client:|dataStream:|priority:0], old=null
2022-10-18 06:31:46,803 [omNode-2-server-thread1] INFO  segmented.SegmentedRaftLogWorker (SegmentedRaftLogWorker.java:rollLogSegment(430)) - omNode-2@group-523986131536-SegmentedRaftLogWorker: Rolling segment log-0_584 to index:584
2022-10-18 06:31:46,804 [omNode-2@group-523986131536-SegmentedRaftLogWorker] INFO  segmented.SegmentedRaftLogWorker (SegmentedRaftLogWorker.java:execute(586)) - omNode-2@group-523986131536-SegmentedRaftLogWorker: Rolled log segment from /home/runner/work/ozone/ozone/hadoop-ozone/integration-test/target/test-dir/MiniOzoneClusterImpl-06b5c26c-5174-482c-8dea-daeaa88de3bb/omNode-2/ratis/c9bc4cf4-3bc3-3c60-a66b-523986131536/current/log_inprogress_0 to /home/runner/work/ozone/ozone/hadoop-ozone/integration-test/target/test-dir/MiniOzoneClusterImpl-06b5c26c-5174-482c-8dea-daeaa88de3bb/omNode-2/ratis/c9bc4cf4-3bc3-3c60-a66b-523986131536/current/log_0-584
2022-10-18 06:31:46,819 [omNode-1@group-523986131536-SegmentedRaftLogWorker] INFO  segmented.SegmentedRaftLogWorker (SegmentedRaftLogWorker.java:execute(629)) - omNode-1@group-523986131536-SegmentedRaftLogWorker: created new log segment /home/runner/work/ozone/ozone/hadoop-ozone/integration-test/target/test-dir/MiniOzoneClusterImpl-06b5c26c-5174-482c-8dea-daeaa88de3bb/omNode-1/ratis/c9bc4cf4-3bc3-3c60-a66b-523986131536/current/log_inprogress_585
2022-10-18 06:31:46,819 [omNode-2@group-523986131536-SegmentedRaftLogWorker] INFO  segmented.SegmentedRaftLogWorker (SegmentedRaftLogWorker.java:execute(629)) - omNode-2@group-523986131536-SegmentedRaftLogWorker: created new log segment /home/runner/work/ozone/ozone/hadoop-ozone/integration-test/target/test-dir/MiniOzoneClusterImpl-06b5c26c-5174-482c-8dea-daeaa88de3bb/omNode-2/ratis/c9bc4cf4-3bc3-3c60-a66b-523986131536/current/log_inprogress_585
2022-10-18 06:31:46,828 [omNode-3@group-523986131536-StateMachineUpdater] INFO  ratis.OzoneManagerStateMachine (OzoneManagerStateMachine.java:notifyConfigurationChanged(192)) - Received Configuration change notification from Ratis. New Peer list:
[id: "omNode-3"
address: "localhost:37123"
, id: "omNode-1"
address: "localhost:46015"
, id: "omNode-2"
address: "localhost:40971"
]
2022-10-18 06:31:46,833 [omNode-2@group-523986131536-StateMachineUpdater] INFO  ratis.OzoneManagerStateMachine (OzoneManagerStateMachine.java:notifyConfigurationChanged(192)) - Received Configuration change notification from Ratis. New Peer list:
[id: "omNode-3"
address: "localhost:37123"
, id: "omNode-1"
address: "localhost:46015"
, id: "omNode-2"
address: "localhost:40971"
]
2022-10-18 06:31:46,836 [omNode-1@group-523986131536-StateMachineUpdater] INFO  ratis.OzoneManagerStateMachine (OzoneManagerStateMachine.java:notifyConfigurationChanged(192)) - Received Configuration change notification from Ratis. New Peer list:
[id: "omNode-3"
address: "localhost:37123"
, id: "omNode-1"
address: "localhost:46015"
, id: "omNode-2"
address: "localhost:40971"
]
2022-10-18 06:31:46,971 [Listener at localhost/45657] INFO  reflections.Reflections (Reflections.java:scan(232)) - Reflections took 413 ms to scan 19 urls, producing 67 keys and 4238 values [using 2 cores]
2022-10-18 06:31:46,972 [Listener at localhost/45657] INFO  ipc.CallQueueManager (CallQueueManager.java:<init>(90)) - Using callQueue: class java.util.concurrent.LinkedBlockingQueue, queueCapacity: 2000, scheduler: class org.apache.hadoop.ipc.DefaultRpcScheduler, ipcBackoff: false.
2022-10-18 06:31:46,975 [Socket Reader #1 for port 34015] INFO  ipc.Server (Server.java:run(1273)) - Starting Socket Reader #1 for port 34015
2022-10-18 06:31:46,978 [Listener at localhost/34015] INFO  http.BaseHttpServer (BaseHttpServer.java:newHttpServer2BuilderForOzone(213)) - Starting Web-server for ozoneManager at: http://0.0.0.0:41893
2022-10-18 06:31:46,978 [Listener at localhost/34015] INFO  http.BaseHttpServer (BaseHttpServer.java:<init>(108)) - Hadoop Security Enabled: false Ozone Security Enabled: false Ozone HTTP Security Enabled: false 
2022-10-18 06:31:46,979 [Listener at localhost/34015] WARN  server.AuthenticationFilter (AuthenticationFilter.java:constructSecretProvider(240)) - Unable to initialize FileSignerSecretProvider, falling back to use random secrets. Reason: Could not read signature secret file: /home/runner/hadoop-http-auth-signature-secret
2022-10-18 06:31:46,979 [Listener at localhost/34015] WARN  http.HttpRequestLog (HttpRequestLog.java:getRequestLog(103)) - Jetty request log can only be enabled using Log4j
2022-10-18 06:31:46,981 [Listener at localhost/34015] INFO  http.HttpServer2 (HttpServer2.java:addGlobalFilter(1031)) - Added global filter 'safety' (class=org.apache.hadoop.hdds.server.http.HttpServer2$QuotingInputFilter)
2022-10-18 06:31:46,981 [Listener at localhost/34015] INFO  http.HttpServer2 (HttpServer2.java:addFilter(1007)) - Added filter static_user_filter (class=org.apache.hadoop.http.lib.StaticUserWebFilter$StaticUserFilter) to context ozoneManager
2022-10-18 06:31:46,981 [Listener at localhost/34015] INFO  http.HttpServer2 (HttpServer2.java:addFilter(1015)) - Added filter static_user_filter (class=org.apache.hadoop.http.lib.StaticUserWebFilter$StaticUserFilter) to context logs
2022-10-18 06:31:46,982 [Listener at localhost/34015] INFO  http.HttpServer2 (HttpServer2.java:addFilter(1015)) - Added filter static_user_filter (class=org.apache.hadoop.http.lib.StaticUserWebFilter$StaticUserFilter) to context static
2022-10-18 06:31:46,982 [Listener at localhost/34015] INFO  http.HttpServer2 (HttpServer2.java:bindListener(1250)) - Jetty bound to port 41893
2022-10-18 06:31:46,982 [Listener at localhost/34015] INFO  server.Server (Server.java:doStart(375)) - jetty-9.4.43.v20210629; built: 2021-06-30T11:07:22.254Z; git: 526006ecfa3af7f1a27ef3a288e2bef7ea9dd7e8; jvm 1.8.0_345-b01
2022-10-18 06:31:46,993 [Listener at localhost/34015] INFO  server.session (DefaultSessionIdManager.java:doStart(334)) - DefaultSessionIdManager workerName=node0
2022-10-18 06:31:46,993 [Listener at localhost/34015] INFO  server.session (DefaultSessionIdManager.java:doStart(339)) - No SessionScavenger set, using defaults
2022-10-18 06:31:46,993 [Listener at localhost/34015] INFO  server.session (HouseKeeper.java:startScavenging(132)) - node0 Scavenging every 600000ms
2022-10-18 06:31:46,994 [Listener at localhost/34015] INFO  handler.ContextHandler (ContextHandler.java:doStart(915)) - Started o.e.j.s.ServletContextHandler@5feb63af{logs,/logs,file:///home/runner/work/ozone/ozone/hadoop-ozone/integration-test/target/log,AVAILABLE}
2022-10-18 06:31:46,994 [Listener at localhost/34015] INFO  handler.ContextHandler (ContextHandler.java:doStart(915)) - Started o.e.j.s.ServletContextHandler@2fa3d956{static,/static,file:///home/runner/work/ozone/ozone/hadoop-ozone/integration-test/target/test-classes/webapps/static,AVAILABLE}
2022-10-18 06:31:46,997 [Listener at localhost/34015] INFO  handler.ContextHandler (ContextHandler.java:doStart(915)) - Started o.e.j.w.WebAppContext@7f0f12a9{ozoneManager,/,file:///home/runner/work/ozone/ozone/hadoop-ozone/integration-test/target/test-classes/webapps/ozoneManager/,AVAILABLE}{file:/home/runner/work/ozone/ozone/hadoop-ozone/integration-test/target/test-classes/webapps/ozoneManager}
2022-10-18 06:31:46,998 [Listener at localhost/34015] INFO  server.AbstractConnector (AbstractConnector.java:doStart(331)) - Started ServerConnector@28229b68{HTTP/1.1, (http/1.1)}{0.0.0.0:41893}
2022-10-18 06:31:46,998 [Listener at localhost/34015] INFO  server.Server (Server.java:doStart(415)) - Started @99182ms
2022-10-18 06:31:46,998 [Listener at localhost/34015] WARN  impl.MetricsSystemImpl (MetricsSystemImpl.java:register(279)) - Sink prometheus already exists!
2022-10-18 06:31:46,999 [Listener at localhost/34015] INFO  http.BaseHttpServer (BaseHttpServer.java:updateConnectorAddress(333)) - HTTP server of ozoneManager listening at http://0.0.0.0:41893
2022-10-18 06:31:47,002 [IPC Server Responder] INFO  ipc.Server (Server.java:run(1512)) - IPC Server Responder: starting
2022-10-18 06:31:47,004 [IPC Server listener on 34015] INFO  ipc.Server (Server.java:run(1352)) - IPC Server listener on 34015: starting
2022-10-18 06:31:47,011 [Listener at localhost/34015] INFO  om.OzoneManager (OzoneManager.java:startTrashEmptier(1919)) - Trash Interval set to 0. Files deleted won't move to trash
]]></system-out>
  </testcase>
</testsuite>