<?xml version="1.0" encoding="UTF-8"?>
<testsuite xmlns:xsi="http://www.w3.org/2001/XMLSchema-instance" xsi:noNamespaceSchemaLocation="https://maven.apache.org/surefire/maven-surefire-plugin/xsd/surefire-test-report-3.0.xsd" version="3.0" name="org.apache.hadoop.ozone.om.TestOMUpgradeFinalization" time="26.618" tests="2" errors="1" skipped="0" failures="0">
  <properties>
    <property name="awt.toolkit" value="sun.awt.X11.XToolkit"/>
    <property name="file.encoding.pkg" value="sun.io"/>
    <property name="java.specification.version" value="1.8"/>
    <property name="sun.cpu.isalist" value=""/>
    <property name="sun.jnu.encoding" value="UTF-8"/>
    <property name="java.class.path" value="/home/runner/work/ozone/ozone/hadoop-ozone/integration-test/target/test-classes:/home/runner/work/ozone/ozone/hadoop-ozone/integration-test/target/classes:/home/runner/.m2/repository/org/apache/ozone/ozone-common/1.4.0-SNAPSHOT/ozone-common-1.4.0-SNAPSHOT.jar:/home/runner/.m2/repository/io/grpc/grpc-netty/1.51.1/grpc-netty-1.51.1.jar:/home/runner/.m2/repository/io/grpc/grpc-core/1.51.1/grpc-core-1.51.1.jar:/home/runner/.m2/repository/com/google/android/annotations/4.1.1.4/annotations-4.1.1.4.jar:/home/runner/.m2/repository/org/codehaus/mojo/animal-sniffer-annotations/1.21/animal-sniffer-annotations-1.21.jar:/home/runner/.m2/repository/com/google/errorprone/error_prone_annotations/2.2.0/error_prone_annotations-2.2.0.jar:/home/runner/.m2/repository/io/perfmark/perfmark-api/0.25.0/perfmark-api-0.25.0.jar:/home/runner/.m2/repository/io/netty/netty-codec-http2/4.1.86.Final/netty-codec-http2-4.1.86.Final.jar:/home/runner/.m2/repository/io/netty/netty-common/4.1.86.Final/netty-common-4.1.86.Final.jar:/home/runner/.m2/repository/io/netty/netty-buffer/4.1.86.Final/netty-buffer-4.1.86.Final.jar:/home/runner/.m2/repository/io/netty/netty-codec-http/4.1.86.Final/netty-codec-http-4.1.86.Final.jar:/home/runner/.m2/repository/io/netty/netty-handler-proxy/4.1.86.Final/netty-handler-proxy-4.1.86.Final.jar:/home/runner/.m2/repository/io/netty/netty-codec-socks/4.1.86.Final/netty-codec-socks-4.1.86.Final.jar:/home/runner/.m2/repository/io/netty/netty-tcnative-boringssl-static/2.0.54.Final/netty-tcnative-boringssl-static-2.0.54.Final.jar:/home/runner/.m2/repository/io/netty/netty-tcnative-classes/2.0.54.Final/netty-tcnative-classes-2.0.54.Final.jar:/home/runner/.m2/repository/io/netty/netty-tcnative-boringssl-static/2.0.54.Final/netty-tcnative-boringssl-static-2.0.54.Final-linux-x86_64.jar:/home/runner/.m2/repository/io/netty/netty-tcnative-boringssl-static/2.0.54.Final/netty-tcnative-boringssl-static-2.0.54.Final-linux-aarch_64.jar:/home/runner/.m2/repository/io/netty/netty-tcnative-boringssl-static/2.0.54.Final/netty-tcnative-boringssl-static-2.0.54.Final-osx-x86_64.jar:/home/runner/.m2/repository/io/netty/netty-tcnative-boringssl-static/2.0.54.Final/netty-tcnative-boringssl-static-2.0.54.Final-osx-aarch_64.jar:/home/runner/.m2/repository/io/netty/netty-tcnative-boringssl-static/2.0.54.Final/netty-tcnative-boringssl-static-2.0.54.Final-windows-x86_64.jar:/home/runner/.m2/repository/org/apache/commons/commons-compress/1.21/commons-compress-1.21.jar:/home/runner/.m2/repository/org/apache/ozone/hdds-common/1.4.0-SNAPSHOT/hdds-common-1.4.0-SNAPSHOT.jar:/home/runner/.m2/repository/org/apache/ozone/hdds-client/1.4.0-SNAPSHOT/hdds-client-1.4.0-SNAPSHOT.jar:/home/runner/.m2/repository/org/apache/ozone/ozone-interface-client/1.4.0-SNAPSHOT/ozone-interface-client-1.4.0-SNAPSHOT.jar:/home/runner/.m2/repository/org/apache/ozone/hdds-test-utils/1.4.0-SNAPSHOT/hdds-test-utils-1.4.0-SNAPSHOT.jar:/home/runner/.m2/repository/com/google/guava/guava/31.1-jre/guava-31.1-jre.jar:/home/runner/.m2/repository/com/google/guava/failureaccess/1.0.1/failureaccess-1.0.1.jar:/home/runner/.m2/repository/com/google/guava/listenablefuture/9999.0-empty-to-avoid-conflict-with-guava/listenablefuture-9999.0-empty-to-avoid-conflict-with-guava.jar:/home/runner/.m2/repository/com/google/code/findbugs/jsr305/3.0.0/jsr305-3.0.0.jar:/home/runner/.m2/repository/org/checkerframework/checker-qual/3.12.0/checker-qual-3.12.0.jar:/home/runner/.m2/repository/com/google/j2objc/j2objc-annotations/1.3/j2objc-annotations-1.3.jar:/home/runner/.m2/repository/commons-io/commons-io/2.11.0/commons-io-2.11.0.jar:/home/runner/.m2/repository/commons-logging/commons-logging/1.2/commons-logging-1.2.jar:/home/runner/.m2/repository/ch/qos/reload4j/reload4j/1.2.22/reload4j-1.2.22.jar:/home/runner/.m2/repository/org/slf4j/slf4j-api/1.7.36/slf4j-api-1.7.36.jar:/home/runner/.m2/repository/org/apache/ozone/hdds-server-scm/1.4.0-SNAPSHOT/hdds-server-scm-1.4.0-SNAPSHOT.jar:/home/runner/.m2/repository/org/apache/ozone/hdds-container-service/1.4.0-SNAPSHOT/hdds-container-service-1.4.0-SNAPSHOT.jar:/home/runner/.m2/repository/org/apache/ozone/hdds-hadoop-dependency-server/1.4.0-SNAPSHOT/hdds-hadoop-dependency-server-1.4.0-SNAPSHOT.jar:/home/runner/.m2/repository/org/apache/hadoop/hadoop-hdfs/3.3.4/hadoop-hdfs-3.3.4.jar:/home/runner/.m2/repository/org/eclipse/jetty/jetty-util-ajax/9.4.49.v20220914/jetty-util-ajax-9.4.49.v20220914.jar:/home/runner/.m2/repository/commons-daemon/commons-daemon/1.0.13/commons-daemon-1.0.13.jar:/home/runner/.m2/repository/org/apache/ozone/hdds-server-framework/1.4.0-SNAPSHOT/hdds-server-framework-1.4.0-SNAPSHOT.jar:/home/runner/.m2/repository/org/apache/ozone/hdds-interface-server/1.4.0-SNAPSHOT/hdds-interface-server-1.4.0-SNAPSHOT.jar:/home/runner/.m2/repository/org/apache/commons/commons-configuration2/2.1.1/commons-configuration2-2.1.1.jar:/home/runner/.m2/repository/org/apache/logging/log4j/log4j-core/2.17.1/log4j-core-2.17.1.jar:/home/runner/.m2/repository/com/lmax/disruptor/3.4.2/disruptor-3.4.2.jar:/home/runner/.m2/repository/org/eclipse/jetty/jetty-servlet/9.4.49.v20220914/jetty-servlet-9.4.49.v20220914.jar:/home/runner/.m2/repository/org/eclipse/jetty/jetty-security/9.4.49.v20220914/jetty-security-9.4.49.v20220914.jar:/home/runner/.m2/repository/org/rocksdb/rocksdbjni/7.7.3/rocksdbjni-7.7.3.jar:/home/runner/.m2/repository/io/prometheus/simpleclient_dropwizard/0.7.0/simpleclient_dropwizard-0.7.0.jar:/home/runner/.m2/repository/io/prometheus/simpleclient/0.7.0/simpleclient-0.7.0.jar:/home/runner/.m2/repository/io/prometheus/simpleclient_common/0.7.0/simpleclient_common-0.7.0.jar:/home/runner/.m2/repository/com/github/spotbugs/spotbugs-annotations/3.1.12/spotbugs-annotations-3.1.12.jar:/home/runner/.m2/repository/io/dropwizard/metrics/metrics-core/3.2.4/metrics-core-3.2.4.jar:/home/runner/.m2/repository/org/apache/commons/commons-text/1.4/commons-text-1.4.jar:/home/runner/.m2/repository/org/apache/hadoop/hadoop-hdfs-client/3.3.4/hadoop-hdfs-client-3.3.4.jar:/home/runner/.m2/repository/com/squareup/okhttp3/okhttp/4.9.3/okhttp-4.9.3.jar:/home/runner/.m2/repository/com/squareup/okio/okio/2.8.0/okio-2.8.0.jar:/home/runner/.m2/repository/org/jetbrains/kotlin/kotlin-stdlib-common/1.6.21/kotlin-stdlib-common-1.6.21.jar:/home/runner/.m2/repository/org/bouncycastle/bcprov-jdk15on/1.67/bcprov-jdk15on-1.67.jar:/home/runner/.m2/repository/com/google/protobuf/protobuf-java/2.5.0/protobuf-java-2.5.0.jar:/home/runner/.m2/repository/org/apache/ozone/ozone-manager/1.4.0-SNAPSHOT/ozone-manager-1.4.0-SNAPSHOT.jar:/home/runner/.m2/repository/org/aspectj/aspectjrt/1.9.7/aspectjrt-1.9.7.jar:/home/runner/.m2/repository/org/aspectj/aspectjweaver/1.9.7/aspectjweaver-1.9.7.jar:/home/runner/.m2/repository/org/apache/ozone/hdds-interface-client/1.4.0-SNAPSHOT/hdds-interface-client-1.4.0-SNAPSHOT.jar:/home/runner/.m2/repository/org/apache/hadoop/thirdparty/hadoop-shaded-protobuf_3_7/1.1.1/hadoop-shaded-protobuf_3_7-1.1.1.jar:/home/runner/.m2/repository/org/apache/ratis/ratis-thirdparty-misc/1.0.3/ratis-thirdparty-misc-1.0.3.jar:/home/runner/.m2/repository/org/apache/ozone/ozone-interface-storage/1.4.0-SNAPSHOT/ozone-interface-storage-1.4.0-SNAPSHOT.jar:/home/runner/.m2/repository/org/reflections/reflections/0.9.11/reflections-0.9.11.jar:/home/runner/.m2/repository/com/sun/jersey/jersey-client/1.19/jersey-client-1.19.jar:/home/runner/.m2/repository/org/apache/ranger/ranger-intg/2.3.0/ranger-intg-2.3.0.jar:/home/runner/.m2/repository/org/apache/ranger/ranger-plugins-common/2.3.0/ranger-plugins-common-2.3.0.jar:/home/runner/.m2/repository/commons-lang/commons-lang/2.6/commons-lang-2.6.jar:/home/runner/.m2/repository/org/codehaus/jackson/jackson-jaxrs/1.9.13/jackson-jaxrs-1.9.13.jar:/home/runner/.m2/repository/org/apache/ranger/ranger-plugins-cred/2.3.0/ranger-plugins-cred-2.3.0.jar:/home/runner/.m2/repository/org/apache/ranger/ranger-plugins-audit/2.3.0/ranger-plugins-audit-2.3.0.jar:/home/runner/.m2/repository/org/eclipse/jetty/jetty-client/9.4.49.v20220914/jetty-client-9.4.49.v20220914.jar:/home/runner/.m2/repository/org/apache/httpcomponents/httpmime/4.5.6/httpmime-4.5.6.jar:/home/runner/.m2/repository/org/apache/httpcomponents/httpcore-nio/4.4.6/httpcore-nio-4.4.6.jar:/home/runner/.m2/repository/org/apache/httpcomponents/httpasyncclient/4.1.3/httpasyncclient-4.1.3.jar:/home/runner/.m2/repository/com/carrotsearch/hppc/0.8.0/hppc-0.8.0.jar:/home/runner/.m2/repository/org/apache/orc/orc-core/1.5.8/orc-core-1.5.8.jar:/home/runner/.m2/repository/net/java/dev/jna/jna/5.2.0/jna-5.2.0.jar:/home/runner/.m2/repository/net/java/dev/jna/jna-platform/5.2.0/jna-platform-5.2.0.jar:/home/runner/.m2/repository/com/kstruct/gethostname4j/0.0.2/gethostname4j-0.0.2.jar:/home/runner/.m2/repository/org/apache/ranger/ranger-plugin-classloader/2.3.0/ranger-plugin-classloader-2.3.0.jar:/home/runner/.m2/repository/org/apache/hadoop/hadoop-minikdc/3.3.4/hadoop-minikdc-3.3.4.jar:/home/runner/.m2/repository/org/apache/kerby/kerb-simplekdc/1.0.1/kerb-simplekdc-1.0.1.jar:/home/runner/.m2/repository/org/apache/kerby/kerb-client/1.0.1/kerb-client-1.0.1.jar:/home/runner/.m2/repository/org/apache/kerby/kerby-config/1.0.1/kerby-config-1.0.1.jar:/home/runner/.m2/repository/org/apache/kerby/kerb-common/1.0.1/kerb-common-1.0.1.jar:/home/runner/.m2/repository/org/apache/kerby/kerb-crypto/1.0.1/kerb-crypto-1.0.1.jar:/home/runner/.m2/repository/org/apache/kerby/kerb-util/1.0.1/kerb-util-1.0.1.jar:/home/runner/.m2/repository/org/apache/kerby/token-provider/1.0.1/token-provider-1.0.1.jar:/home/runner/.m2/repository/org/apache/kerby/kerb-admin/1.0.1/kerb-admin-1.0.1.jar:/home/runner/.m2/repository/org/apache/kerby/kerb-server/1.0.1/kerb-server-1.0.1.jar:/home/runner/.m2/repository/org/apache/kerby/kerb-identity/1.0.1/kerb-identity-1.0.1.jar:/home/runner/.m2/repository/org/apache/kerby/kerby-xdr/1.0.1/kerby-xdr-1.0.1.jar:/home/runner/.m2/repository/org/apache/ozone/ozone-s3gateway/1.4.0-SNAPSHOT/ozone-s3gateway-1.4.0-SNAPSHOT.jar:/home/runner/.m2/repository/org/javassist/javassist/3.21.0-GA/javassist-3.21.0-GA.jar:/home/runner/.m2/repository/org/jboss/weld/servlet/weld-servlet/2.4.7.Final/weld-servlet-2.4.7.Final.jar:/home/runner/.m2/repository/org/glassfish/jersey/containers/jersey-container-servlet-core/2.34/jersey-container-servlet-core-2.34.jar:/home/runner/.m2/repository/org/glassfish/hk2/external/jakarta.inject/2.6.1/jakarta.inject-2.6.1.jar:/home/runner/.m2/repository/org/glassfish/jersey/core/jersey-common/2.34/jersey-common-2.34.jar:/home/runner/.m2/repository/jakarta/ws/rs/jakarta.ws.rs-api/2.1.6/jakarta.ws.rs-api-2.1.6.jar:/home/runner/.m2/repository/org/glassfish/jersey/ext/cdi/jersey-cdi1x/2.34/jersey-cdi1x-2.34.jar:/home/runner/.m2/repository/org/glassfish/jersey/inject/jersey-hk2/2.34/jersey-hk2-2.34.jar:/home/runner/.m2/repository/org/glassfish/hk2/hk2-locator/2.6.1/hk2-locator-2.6.1.jar:/home/runner/.m2/repository/org/glassfish/jersey/media/jersey-media-jaxb/2.34/jersey-media-jaxb-2.34.jar:/home/runner/.m2/repository/org/glassfish/hk2/osgi-resource-locator/1.0.3/osgi-resource-locator-1.0.3.jar:/home/runner/.m2/repository/org/glassfish/hk2/hk2-api/2.5.0/hk2-api-2.5.0.jar:/home/runner/.m2/repository/org/glassfish/hk2/hk2-utils/2.5.0/hk2-utils-2.5.0.jar:/home/runner/.m2/repository/org/glassfish/hk2/external/aopalliance-repackaged/2.5.0/aopalliance-repackaged-2.5.0.jar:/home/runner/.m2/repository/com/fasterxml/jackson/dataformat/jackson-dataformat-xml/2.13.4/jackson-dataformat-xml-2.13.4.jar:/home/runner/.m2/repository/com/fasterxml/jackson/core/jackson-core/2.13.4/jackson-core-2.13.4.jar:/home/runner/.m2/repository/org/codehaus/woodstox/stax2-api/4.2.1/stax2-api-4.2.1.jar:/home/runner/.m2/repository/com/fasterxml/woodstox/woodstox-core/5.4.0/woodstox-core-5.4.0.jar:/home/runner/.m2/repository/com/fasterxml/jackson/module/jackson-module-jaxb-annotations/2.13.4/jackson-module-jaxb-annotations-2.13.4.jar:/home/runner/.m2/repository/jakarta/xml/bind/jakarta.xml.bind-api/2.3.3/jakarta.xml.bind-api-2.3.3.jar:/home/runner/.m2/repository/jakarta/activation/jakarta.activation-api/1.2.2/jakarta.activation-api-1.2.2.jar:/home/runner/.m2/repository/javax/enterprise/cdi-api/1.2/cdi-api-1.2.jar:/home/runner/.m2/repository/javax/el/javax.el-api/3.0.0/javax.el-api-3.0.0.jar:/home/runner/.m2/repository/javax/interceptor/javax.interceptor-api/1.2/javax.interceptor-api-1.2.jar:/home/runner/.m2/repository/javax/inject/javax.inject/1/javax.inject-1.jar:/home/runner/.m2/repository/javax/xml/bind/jaxb-api/2.3.0/jaxb-api-2.3.0.jar:/home/runner/.m2/repository/org/glassfish/jaxb/jaxb-runtime/2.3.0.1/jaxb-runtime-2.3.0.1.jar:/home/runner/.m2/repository/org/glassfish/jaxb/jaxb-core/2.3.0.1/jaxb-core-2.3.0.1.jar:/home/runner/.m2/repository/org/glassfish/jaxb/txw2/2.3.0.1/txw2-2.3.0.1.jar:/home/runner/.m2/repository/com/sun/istack/istack-commons-runtime/3.0.5/istack-commons-runtime-3.0.5.jar:/home/runner/.m2/repository/org/jvnet/staxex/stax-ex/1.7.8/stax-ex-1.7.8.jar:/home/runner/.m2/repository/com/sun/xml/fastinfoset/FastInfoset/1.2.13/FastInfoset-1.2.13.jar:/home/runner/.m2/repository/javax/activation/activation/1.1.1/activation-1.1.1.jar:/home/runner/.m2/repository/io/grpc/grpc-protobuf/1.51.1/grpc-protobuf-1.51.1.jar:/home/runner/.m2/repository/io/grpc/grpc-api/1.51.1/grpc-api-1.51.1.jar:/home/runner/.m2/repository/io/grpc/grpc-context/1.51.1/grpc-context-1.51.1.jar:/home/runner/.m2/repository/com/google/api/grpc/proto-google-common-protos/2.9.0/proto-google-common-protos-2.9.0.jar:/home/runner/.m2/repository/io/grpc/grpc-protobuf-lite/1.51.1/grpc-protobuf-lite-1.51.1.jar:/home/runner/.m2/repository/io/grpc/grpc-stub/1.51.1/grpc-stub-1.51.1.jar:/home/runner/.m2/repository/io/netty/netty-transport/4.1.86.Final/netty-transport-4.1.86.Final.jar:/home/runner/.m2/repository/io/netty/netty-resolver/4.1.86.Final/netty-resolver-4.1.86.Final.jar:/home/runner/.m2/repository/org/apache/ozone/ozone-csi/1.4.0-SNAPSHOT/ozone-csi-1.4.0-SNAPSHOT.jar:/home/runner/.m2/repository/com/google/protobuf/protobuf-java-util/3.19.6/protobuf-java-util-3.19.6.jar:/home/runner/.m2/repository/com/google/code/gson/gson/2.9.0/gson-2.9.0.jar:/home/runner/.m2/repository/org/apache/ozone/hdds-config/1.4.0-SNAPSHOT/hdds-config-1.4.0-SNAPSHOT.jar:/home/runner/.m2/repository/io/netty/netty-transport-native-epoll/4.1.86.Final/netty-transport-native-epoll-4.1.86.Final-linux-x86_64.jar:/home/runner/.m2/repository/io/netty/netty-transport-classes-epoll/4.1.86.Final/netty-transport-classes-epoll-4.1.86.Final.jar:/home/runner/.m2/repository/io/netty/netty-transport-native-unix-common/4.1.86.Final/netty-transport-native-unix-common-4.1.86.Final.jar:/home/runner/.m2/repository/org/slf4j/slf4j-reload4j/1.7.36/slf4j-reload4j-1.7.36.jar:/home/runner/.m2/repository/org/apache/ozone/ozone-recon/1.4.0-SNAPSHOT/ozone-recon-1.4.0-SNAPSHOT.jar:/home/runner/.m2/repository/org/apache/ozone/ozone-reconcodegen/1.4.0-SNAPSHOT/ozone-reconcodegen-1.4.0-SNAPSHOT.jar:/home/runner/.m2/repository/com/google/inject/extensions/guice-multibindings/4.0/guice-multibindings-4.0.jar:/home/runner/.m2/repository/com/google/inject/guice/4.0/guice-4.0.jar:/home/runner/.m2/repository/aopalliance/aopalliance/1.0/aopalliance-1.0.jar:/home/runner/.m2/repository/com/google/inject/extensions/guice-assistedinject/4.0/guice-assistedinject-4.0.jar:/home/runner/.m2/repository/com/google/inject/extensions/guice-servlet/4.0/guice-servlet-4.0.jar:/home/runner/.m2/repository/org/glassfish/jersey/containers/jersey-container-servlet/2.34/jersey-container-servlet-2.34.jar:/home/runner/.m2/repository/org/glassfish/hk2/guice-bridge/2.5.0/guice-bridge-2.5.0.jar:/home/runner/.m2/repository/org/glassfish/jersey/core/jersey-server/2.34/jersey-server-2.34.jar:/home/runner/.m2/repository/org/glassfish/jersey/core/jersey-client/2.34/jersey-client-2.34.jar:/home/runner/.m2/repository/jakarta/annotation/jakarta.annotation-api/1.3.5/jakarta.annotation-api-1.3.5.jar:/home/runner/.m2/repository/jakarta/validation/jakarta.validation-api/2.0.2/jakarta.validation-api-2.0.2.jar:/home/runner/.m2/repository/org/glassfish/jersey/media/jersey-media-json-jackson/2.34/jersey-media-json-jackson-2.34.jar:/home/runner/.m2/repository/org/glassfish/jersey/ext/jersey-entity-filtering/2.34/jersey-entity-filtering-2.34.jar:/home/runner/.m2/repository/org/jooq/jooq/3.11.10/jooq-3.11.10.jar:/home/runner/.m2/repository/org/jooq/jooq-meta/3.11.10/jooq-meta-3.11.10.jar:/home/runner/.m2/repository/org/jooq/jooq-codegen/3.11.10/jooq-codegen-3.11.10.jar:/home/runner/.m2/repository/com/jolbox/bonecp/0.8.0.RELEASE/bonecp-0.8.0.RELEASE.jar:/home/runner/.m2/repository/org/apache/derby/derby/10.14.2.0/derby-10.14.2.0.jar:/home/runner/.m2/repository/org/xerial/sqlite-jdbc/3.25.2/sqlite-jdbc-3.25.2.jar:/home/runner/.m2/repository/org/springframework/spring-jdbc/5.3.23/spring-jdbc-5.3.23.jar:/home/runner/.m2/repository/org/springframework/spring-beans/5.3.23/spring-beans-5.3.23.jar:/home/runner/.m2/repository/org/springframework/spring-core/5.3.23/spring-core-5.3.23.jar:/home/runner/.m2/repository/org/springframework/spring-jcl/5.3.23/spring-jcl-5.3.23.jar:/home/runner/.m2/repository/org/springframework/spring-tx/5.3.23/spring-tx-5.3.23.jar:/home/runner/.m2/repository/org/apache/ozone/ozone-client/1.4.0-SNAPSHOT/ozone-client-1.4.0-SNAPSHOT.jar:/home/runner/.m2/repository/org/apache/ozone/hdds-erasurecode/1.4.0-SNAPSHOT/hdds-erasurecode-1.4.0-SNAPSHOT.jar:/home/runner/.m2/repository/org/apache/ozone/ozone-filesystem/1.4.0-SNAPSHOT/ozone-filesystem-1.4.0-SNAPSHOT.jar:/home/runner/.m2/repository/org/apache/ozone/ozone-filesystem-common/1.4.0-SNAPSHOT/ozone-filesystem-common-1.4.0-SNAPSHOT.jar:/home/runner/.m2/repository/org/apache/ozone/ozone-tools/1.4.0-SNAPSHOT/ozone-tools-1.4.0-SNAPSHOT.jar:/home/runner/.m2/repository/com/amazonaws/aws-java-sdk-core/1.12.261/aws-java-sdk-core-1.12.261.jar:/home/runner/.m2/repository/org/apache/httpcomponents/httpclient/4.5.13/httpclient-4.5.13.jar:/home/runner/.m2/repository/org/apache/httpcomponents/httpcore/4.4.13/httpcore-4.4.13.jar:/home/runner/.m2/repository/software/amazon/ion/ion-java/1.0.2/ion-java-1.0.2.jar:/home/runner/.m2/repository/com/fasterxml/jackson/dataformat/jackson-dataformat-cbor/2.13.4/jackson-dataformat-cbor-2.13.4.jar:/home/runner/.m2/repository/joda-time/joda-time/2.10.6/joda-time-2.10.6.jar:/home/runner/.m2/repository/com/amazonaws/aws-java-sdk-s3/1.12.261/aws-java-sdk-s3-1.12.261.jar:/home/runner/.m2/repository/com/amazonaws/aws-java-sdk-kms/1.12.261/aws-java-sdk-kms-1.12.261.jar:/home/runner/.m2/repository/com/amazonaws/jmespath-java/1.12.261/jmespath-java-1.12.261.jar:/home/runner/.m2/repository/org/kohsuke/metainf-services/metainf-services/1.8/metainf-services-1.8.jar:/home/runner/.m2/repository/org/apache/ozone/hdds-tools/1.4.0-SNAPSHOT/hdds-tools-1.4.0-SNAPSHOT.jar:/home/runner/.m2/repository/org/apache/ratis/ratis-tools/2.4.2-8b8bdda-SNAPSHOT/ratis-tools-2.4.2-8b8bdda-SNAPSHOT.jar:/home/runner/.m2/repository/org/apache/ratis/ratis-proto/2.4.2-8b8bdda-SNAPSHOT/ratis-proto-2.4.2-8b8bdda-SNAPSHOT.jar:/home/runner/.m2/repository/org/apache/ratis/ratis-common/2.4.2-8b8bdda-SNAPSHOT/ratis-common-2.4.2-8b8bdda-SNAPSHOT.jar:/home/runner/.m2/repository/commons-cli/commons-cli/1.2/commons-cli-1.2.jar:/home/runner/.m2/repository/org/apache/commons/commons-lang3/3.7/commons-lang3-3.7.jar:/home/runner/.m2/repository/org/apache/ozone/ozone-manager/1.4.0-SNAPSHOT/ozone-manager-1.4.0-SNAPSHOT-tests.jar:/home/runner/.m2/repository/org/apache/ozone/hdds-common/1.4.0-SNAPSHOT/hdds-common-1.4.0-SNAPSHOT-tests.jar:/home/runner/.m2/repository/org/apache/ozone/hdds-hadoop-dependency-client/1.4.0-SNAPSHOT/hdds-hadoop-dependency-client-1.4.0-SNAPSHOT.jar:/home/runner/.m2/repository/info/picocli/picocli/4.6.1/picocli-4.6.1.jar:/home/runner/.m2/repository/com/fasterxml/jackson/core/jackson-annotations/2.13.4/jackson-annotations-2.13.4.jar:/home/runner/.m2/repository/com/fasterxml/jackson/datatype/jackson-datatype-jsr310/2.13.4/jackson-datatype-jsr310-2.13.4.jar:/home/runner/.m2/repository/org/apache/ozone/hdds-annotation-processing/1.4.0-SNAPSHOT/hdds-annotation-processing-1.4.0-SNAPSHOT.jar:/home/runner/.m2/repository/javax/annotation/javax.annotation-api/1.2/javax.annotation-api-1.2.jar:/home/runner/.m2/repository/org/apache/ratis/ratis-server/2.4.2-8b8bdda-SNAPSHOT/ratis-server-2.4.2-8b8bdda-SNAPSHOT.jar:/home/runner/.m2/repository/org/apache/ratis/ratis-client/2.4.2-8b8bdda-SNAPSHOT/ratis-client-2.4.2-8b8bdda-SNAPSHOT.jar:/home/runner/.m2/repository/org/apache/ratis/ratis-server-api/2.4.2-8b8bdda-SNAPSHOT/ratis-server-api-2.4.2-8b8bdda-SNAPSHOT.jar:/home/runner/.m2/repository/org/apache/ratis/ratis-metrics/2.4.2-8b8bdda-SNAPSHOT/ratis-metrics-2.4.2-8b8bdda-SNAPSHOT.jar:/home/runner/.m2/repository/org/apache/ratis/ratis-netty/2.4.2-8b8bdda-SNAPSHOT/ratis-netty-2.4.2-8b8bdda-SNAPSHOT.jar:/home/runner/.m2/repository/org/apache/ratis/ratis-grpc/2.4.2-8b8bdda-SNAPSHOT/ratis-grpc-2.4.2-8b8bdda-SNAPSHOT.jar:/home/runner/.m2/repository/org/apache/logging/log4j/log4j-api/2.17.1/log4j-api-2.17.1.jar:/home/runner/.m2/repository/org/apache/commons/commons-pool2/2.6.0/commons-pool2-2.6.0.jar:/home/runner/.m2/repository/org/bouncycastle/bcpkix-jdk15on/1.67/bcpkix-jdk15on-1.67.jar:/home/runner/.m2/repository/commons-validator/commons-validator/1.6/commons-validator-1.6.jar:/home/runner/.m2/repository/commons-beanutils/commons-beanutils/1.9.4/commons-beanutils-1.9.4.jar:/home/runner/.m2/repository/commons-digester/commons-digester/1.8.1/commons-digester-1.8.1.jar:/home/runner/.m2/repository/commons-collections/commons-collections/3.2.2/commons-collections-3.2.2.jar:/home/runner/.m2/repository/io/jaegertracing/jaeger-client/1.6.0/jaeger-client-1.6.0.jar:/home/runner/.m2/repository/io/jaegertracing/jaeger-thrift/1.6.0/jaeger-thrift-1.6.0.jar:/home/runner/.m2/repository/org/apache/thrift/libthrift/0.14.1/libthrift-0.14.1.jar:/home/runner/.m2/repository/io/jaegertracing/jaeger-core/1.6.0/jaeger-core-1.6.0.jar:/home/runner/.m2/repository/io/jaegertracing/jaeger-tracerresolver/1.6.0/jaeger-tracerresolver-1.6.0.jar:/home/runner/.m2/repository/io/opentracing/contrib/opentracing-tracerresolver/0.1.8/opentracing-tracerresolver-0.1.8.jar:/home/runner/.m2/repository/org/jetbrains/kotlin/kotlin-stdlib/1.6.21/kotlin-stdlib-1.6.21.jar:/home/runner/.m2/repository/org/jetbrains/annotations/13.0/annotations-13.0.jar:/home/runner/.m2/repository/io/opentracing/opentracing-util/0.33.0/opentracing-util-0.33.0.jar:/home/runner/.m2/repository/io/opentracing/opentracing-api/0.33.0/opentracing-api-0.33.0.jar:/home/runner/.m2/repository/io/opentracing/opentracing-noop/0.33.0/opentracing-noop-0.33.0.jar:/home/runner/.m2/repository/org/yaml/snakeyaml/1.33/snakeyaml-1.33.jar:/home/runner/.m2/repository/org/apache/ozone/hdds-interface-admin/1.4.0-SNAPSHOT/hdds-interface-admin-1.4.0-SNAPSHOT.jar:/home/runner/.m2/repository/junit/junit/4.13.1/junit-4.13.1.jar:/home/runner/.m2/repository/org/hamcrest/hamcrest-core/1.3/hamcrest-core-1.3.jar:/home/runner/.m2/repository/org/junit/jupiter/junit-jupiter-api/5.8.2/junit-jupiter-api-5.8.2.jar:/home/runner/.m2/repository/org/opentest4j/opentest4j/1.2.0/opentest4j-1.2.0.jar:/home/runner/.m2/repository/org/junit/platform/junit-platform-commons/1.8.2/junit-platform-commons-1.8.2.jar:/home/runner/.m2/repository/org/apiguardian/apiguardian-api/1.1.2/apiguardian-api-1.1.2.jar:/home/runner/.m2/repository/org/junit/jupiter/junit-jupiter-params/5.8.2/junit-jupiter-params-5.8.2.jar:/home/runner/.m2/repository/org/junit/jupiter/junit-jupiter-migrationsupport/5.8.2/junit-jupiter-migrationsupport-5.8.2.jar:/home/runner/.m2/repository/org/junit/jupiter/junit-jupiter-engine/5.8.2/junit-jupiter-engine-5.8.2.jar:/home/runner/.m2/repository/org/junit/platform/junit-platform-engine/1.8.2/junit-platform-engine-1.8.2.jar:/home/runner/.m2/repository/org/junit/vintage/junit-vintage-engine/5.8.2/junit-vintage-engine-5.8.2.jar:/home/runner/.m2/repository/org/junit/platform/junit-platform-launcher/1.8.2/junit-platform-launcher-1.8.2.jar:/home/runner/.m2/repository/org/mockito/mockito-core/2.28.2/mockito-core-2.28.2.jar:/home/runner/.m2/repository/net/bytebuddy/byte-buddy/1.9.10/byte-buddy-1.9.10.jar:/home/runner/.m2/repository/net/bytebuddy/byte-buddy-agent/1.9.10/byte-buddy-agent-1.9.10.jar:/home/runner/.m2/repository/org/objenesis/objenesis/1.0/objenesis-1.0.jar:/home/runner/.m2/repository/org/apache/hadoop/hadoop-kms/3.3.4/hadoop-kms-3.3.4.jar:/home/runner/.m2/repository/org/apache/hadoop/hadoop-auth/3.3.4/hadoop-auth-3.3.4.jar:/home/runner/.m2/repository/com/nimbusds/nimbus-jose-jwt/9.8.1/nimbus-jose-jwt-9.8.1.jar:/home/runner/.m2/repository/com/github/stephenc/jcip/jcip-annotations/1.0-1/jcip-annotations-1.0-1.jar:/home/runner/.m2/repository/net/minidev/json-smart/2.4.7/json-smart-2.4.7.jar:/home/runner/.m2/repository/net/minidev/accessors-smart/2.4.7/accessors-smart-2.4.7.jar:/home/runner/.m2/repository/org/ow2/asm/asm/5.0.4/asm-5.0.4.jar:/home/runner/.m2/repository/org/apache/zookeeper/zookeeper/3.5.6/zookeeper-3.5.6.jar:/home/runner/.m2/repository/org/apache/zookeeper/zookeeper-jute/3.5.6/zookeeper-jute-3.5.6.jar:/home/runner/.m2/repository/org/apache/yetus/audience-annotations/0.5.0/audience-annotations-0.5.0.jar:/home/runner/.m2/repository/org/apache/curator/curator-framework/4.2.0/curator-framework-4.2.0.jar:/home/runner/.m2/repository/org/apache/hadoop/thirdparty/hadoop-shaded-guava/1.1.1/hadoop-shaded-guava-1.1.1.jar:/home/runner/.m2/repository/com/sun/jersey/jersey-core/1.19/jersey-core-1.19.jar:/home/runner/.m2/repository/javax/ws/rs/jsr311-api/1.1.1/jsr311-api-1.1.1.jar:/home/runner/.m2/repository/com/sun/jersey/jersey-server/1.19/jersey-server-1.19.jar:/home/runner/.m2/repository/javax/servlet/javax.servlet-api/3.1.0/javax.servlet-api-3.1.0.jar:/home/runner/.m2/repository/org/eclipse/jetty/jetty-server/9.4.49.v20220914/jetty-server-9.4.49.v20220914.jar:/home/runner/.m2/repository/org/eclipse/jetty/jetty-http/9.4.49.v20220914/jetty-http-9.4.49.v20220914.jar:/home/runner/.m2/repository/org/eclipse/jetty/jetty-io/9.4.49.v20220914/jetty-io-9.4.49.v20220914.jar:/home/runner/.m2/repository/org/eclipse/jetty/jetty-webapp/9.4.49.v20220914/jetty-webapp-9.4.49.v20220914.jar:/home/runner/.m2/repository/org/eclipse/jetty/jetty-xml/9.4.49.v20220914/jetty-xml-9.4.49.v20220914.jar:/home/runner/.m2/repository/org/apache/hadoop/hadoop-common/3.3.4/hadoop-common-3.3.4.jar:/home/runner/.m2/repository/org/apache/commons/commons-math3/3.1.1/commons-math3-3.1.1.jar:/home/runner/.m2/repository/commons-net/commons-net/3.9.0/commons-net-3.9.0.jar:/home/runner/.m2/repository/com/sun/jersey/jersey-servlet/1.19/jersey-servlet-1.19.jar:/home/runner/.m2/repository/com/sun/jersey/jersey-json/1.19/jersey-json-1.19.jar:/home/runner/.m2/repository/org/codehaus/jettison/jettison/1.1/jettison-1.1.jar:/home/runner/.m2/repository/com/sun/xml/bind/jaxb-impl/2.2.3-1/jaxb-impl-2.2.3-1.jar:/home/runner/.m2/repository/org/codehaus/jackson/jackson-xc/1.9.2/jackson-xc-1.9.2.jar:/home/runner/.m2/repository/com/google/re2j/re2j/1.1/re2j-1.1.jar:/home/runner/.m2/repository/com/jcraft/jsch/0.1.54/jsch-0.1.54.jar:/home/runner/.m2/repository/org/apache/curator/curator-client/4.2.0/curator-client-4.2.0.jar:/home/runner/.m2/repository/org/apache/curator/curator-recipes/4.2.0/curator-recipes-4.2.0.jar:/home/runner/.m2/repository/org/apache/kerby/kerb-core/1.0.1/kerb-core-1.0.1.jar:/home/runner/.m2/repository/org/apache/kerby/kerby-pkix/1.0.1/kerby-pkix-1.0.1.jar:/home/runner/.m2/repository/org/apache/kerby/kerby-asn1/1.0.1/kerby-asn1-1.0.1.jar:/home/runner/.m2/repository/org/apache/kerby/kerby-util/1.0.1/kerby-util-1.0.1.jar:/home/runner/.m2/repository/dnsjava/dnsjava/2.1.7/dnsjava-2.1.7.jar:/home/runner/.m2/repository/org/xerial/snappy/snappy-java/1.1.8.2/snappy-java-1.1.8.2.jar:/home/runner/.m2/repository/org/eclipse/jetty/jetty-util/9.4.49.v20220914/jetty-util-9.4.49.v20220914.jar:/home/runner/.m2/repository/com/fasterxml/jackson/core/jackson-databind/2.13.4.2/jackson-databind-2.13.4.2.jar:/home/runner/.m2/repository/org/apache/hadoop/hadoop-kms/3.3.4/hadoop-kms-3.3.4-tests.jar:/home/runner/.m2/repository/org/apache/ozone/hdds-server-scm/1.4.0-SNAPSHOT/hdds-server-scm-1.4.0-SNAPSHOT-tests.jar:/home/runner/.m2/repository/org/apache/ozone/hdds-container-service/1.4.0-SNAPSHOT/hdds-container-service-1.4.0-SNAPSHOT-tests.jar:/home/runner/.m2/repository/com/github/luben/zstd-jni/1.5.2-5/zstd-jni-1.5.2-5.jar:/home/runner/.m2/repository/commons-codec/commons-codec/1.15/commons-codec-1.15.jar:/home/runner/.m2/repository/io/netty/netty-codec/4.1.86.Final/netty-codec-4.1.86.Final.jar:/home/runner/.m2/repository/io/netty/netty-handler/4.1.86.Final/netty-handler-4.1.86.Final.jar:/home/runner/.m2/repository/org/apache/ozone/hdds-hadoop-dependency-test/1.4.0-SNAPSHOT/hdds-hadoop-dependency-test-1.4.0-SNAPSHOT.jar:/home/runner/.m2/repository/org/apache/hadoop/hadoop-common/3.3.4/hadoop-common-3.3.4-tests.jar:/home/runner/.m2/repository/org/apache/hadoop/hadoop-hdfs/3.3.4/hadoop-hdfs-3.3.4-tests.jar:/home/runner/.m2/repository/org/assertj/assertj-core/3.12.2/assertj-core-3.12.2.jar:/home/runner/.m2/repository/org/apache/hadoop/hadoop-distcp/3.3.4/hadoop-distcp-3.3.4.jar:/home/runner/.m2/repository/org/apache/hadoop/hadoop-mapreduce-client-jobclient/3.3.4/hadoop-mapreduce-client-jobclient-3.3.4.jar:/home/runner/.m2/repository/org/apache/hadoop/hadoop-mapreduce-client-common/3.3.4/hadoop-mapreduce-client-common-3.3.4.jar:/home/runner/.m2/repository/org/apache/hadoop/hadoop-yarn-common/3.3.4/hadoop-yarn-common-3.3.4.jar:/home/runner/.m2/repository/org/apache/hadoop/hadoop-yarn-api/3.3.4/hadoop-yarn-api-3.3.4.jar:/home/runner/.m2/repository/com/sun/jersey/contribs/jersey-guice/1.19/jersey-guice-1.19.jar:/home/runner/.m2/repository/com/fasterxml/jackson/jaxrs/jackson-jaxrs-json-provider/2.13.4/jackson-jaxrs-json-provider-2.13.4.jar:/home/runner/.m2/repository/com/fasterxml/jackson/jaxrs/jackson-jaxrs-base/2.13.4/jackson-jaxrs-base-2.13.4.jar:/home/runner/.m2/repository/org/apache/hadoop/hadoop-yarn-client/3.3.4/hadoop-yarn-client-3.3.4.jar:/home/runner/.m2/repository/org/eclipse/jetty/websocket/websocket-client/9.4.43.v20210629/websocket-client-9.4.43.v20210629.jar:/home/runner/.m2/repository/org/eclipse/jetty/websocket/websocket-common/9.4.43.v20210629/websocket-common-9.4.43.v20210629.jar:/home/runner/.m2/repository/org/eclipse/jetty/websocket/websocket-api/9.4.43.v20210629/websocket-api-9.4.43.v20210629.jar:/home/runner/.m2/repository/org/jline/jline/3.9.0/jline-3.9.0.jar:/home/runner/.m2/repository/org/apache/hadoop/hadoop-mapreduce-client-core/3.3.4/hadoop-mapreduce-client-core-3.3.4.jar:/home/runner/.m2/repository/org/apache/avro/avro/1.7.7/avro-1.7.7.jar:/home/runner/.m2/repository/org/codehaus/jackson/jackson-core-asl/1.9.13/jackson-core-asl-1.9.13.jar:/home/runner/.m2/repository/org/codehaus/jackson/jackson-mapper-asl/1.9.13/jackson-mapper-asl-1.9.13.jar:/home/runner/.m2/repository/com/thoughtworks/paranamer/paranamer/2.3/paranamer-2.3.jar:/home/runner/.m2/repository/org/apache/hadoop/hadoop-annotations/3.3.4/hadoop-annotations-3.3.4.jar:/usr/lib/jvm/temurin-8-jdk-amd64/jre/../lib/tools.jar:/home/runner/.m2/repository/io/netty/netty/3.10.6.Final/netty-3.10.6.Final.jar:/home/runner/.m2/repository/org/apache/hadoop/hadoop-distcp/3.3.4/hadoop-distcp-3.3.4-tests.jar:/home/runner/.m2/repository/org/slf4j/jul-to-slf4j/1.7.36/jul-to-slf4j-1.7.36.jar:"/>
    <property name="java.vm.vendor" value="Temurin"/>
    <property name="sun.arch.data.model" value="64"/>
    <property name="test.build.dir" value="/home/runner/work/ozone/ozone/hadoop-ozone/integration-test/target/test-dir"/>
    <property name="test.cache.data" value=""/>
    <property name="java.vendor.url" value="https://adoptium.net/"/>
    <property name="user.timezone" value="Etc/UTC"/>
    <property name="java.vm.specification.version" value="1.8"/>
    <property name="os.name" value="Linux"/>
    <property name="test.build.data" value="/home/runner/work/ozone/ozone/hadoop-ozone/integration-test/target/test-dir"/>
    <property name="sun.java.launcher" value="SUN_STANDARD"/>
    <property name="sun.boot.library.path" value="/usr/lib/jvm/temurin-8-jdk-amd64/jre/lib/amd64"/>
    <property name="sun.java.command" value="/home/runner/work/ozone/ozone/hadoop-ozone/integration-test/target/surefire/surefirebooter3337832687197445993.jar /home/runner/work/ozone/ozone/hadoop-ozone/integration-test/target/surefire 2023-01-31T14-51-45_818-jvmRun1 surefire6590949341546016988tmp surefire_91426561588072157933tmp"/>
    <property name="surefire.test.class.path" value="/home/runner/work/ozone/ozone/hadoop-ozone/integration-test/target/test-classes:/home/runner/work/ozone/ozone/hadoop-ozone/integration-test/target/classes:/home/runner/.m2/repository/org/apache/ozone/ozone-common/1.4.0-SNAPSHOT/ozone-common-1.4.0-SNAPSHOT.jar:/home/runner/.m2/repository/io/grpc/grpc-netty/1.51.1/grpc-netty-1.51.1.jar:/home/runner/.m2/repository/io/grpc/grpc-core/1.51.1/grpc-core-1.51.1.jar:/home/runner/.m2/repository/com/google/android/annotations/4.1.1.4/annotations-4.1.1.4.jar:/home/runner/.m2/repository/org/codehaus/mojo/animal-sniffer-annotations/1.21/animal-sniffer-annotations-1.21.jar:/home/runner/.m2/repository/com/google/errorprone/error_prone_annotations/2.2.0/error_prone_annotations-2.2.0.jar:/home/runner/.m2/repository/io/perfmark/perfmark-api/0.25.0/perfmark-api-0.25.0.jar:/home/runner/.m2/repository/io/netty/netty-codec-http2/4.1.86.Final/netty-codec-http2-4.1.86.Final.jar:/home/runner/.m2/repository/io/netty/netty-common/4.1.86.Final/netty-common-4.1.86.Final.jar:/home/runner/.m2/repository/io/netty/netty-buffer/4.1.86.Final/netty-buffer-4.1.86.Final.jar:/home/runner/.m2/repository/io/netty/netty-codec-http/4.1.86.Final/netty-codec-http-4.1.86.Final.jar:/home/runner/.m2/repository/io/netty/netty-handler-proxy/4.1.86.Final/netty-handler-proxy-4.1.86.Final.jar:/home/runner/.m2/repository/io/netty/netty-codec-socks/4.1.86.Final/netty-codec-socks-4.1.86.Final.jar:/home/runner/.m2/repository/io/netty/netty-tcnative-boringssl-static/2.0.54.Final/netty-tcnative-boringssl-static-2.0.54.Final.jar:/home/runner/.m2/repository/io/netty/netty-tcnative-classes/2.0.54.Final/netty-tcnative-classes-2.0.54.Final.jar:/home/runner/.m2/repository/io/netty/netty-tcnative-boringssl-static/2.0.54.Final/netty-tcnative-boringssl-static-2.0.54.Final-linux-x86_64.jar:/home/runner/.m2/repository/io/netty/netty-tcnative-boringssl-static/2.0.54.Final/netty-tcnative-boringssl-static-2.0.54.Final-linux-aarch_64.jar:/home/runner/.m2/repository/io/netty/netty-tcnative-boringssl-static/2.0.54.Final/netty-tcnative-boringssl-static-2.0.54.Final-osx-x86_64.jar:/home/runner/.m2/repository/io/netty/netty-tcnative-boringssl-static/2.0.54.Final/netty-tcnative-boringssl-static-2.0.54.Final-osx-aarch_64.jar:/home/runner/.m2/repository/io/netty/netty-tcnative-boringssl-static/2.0.54.Final/netty-tcnative-boringssl-static-2.0.54.Final-windows-x86_64.jar:/home/runner/.m2/repository/org/apache/commons/commons-compress/1.21/commons-compress-1.21.jar:/home/runner/.m2/repository/org/apache/ozone/hdds-common/1.4.0-SNAPSHOT/hdds-common-1.4.0-SNAPSHOT.jar:/home/runner/.m2/repository/org/apache/ozone/hdds-client/1.4.0-SNAPSHOT/hdds-client-1.4.0-SNAPSHOT.jar:/home/runner/.m2/repository/org/apache/ozone/ozone-interface-client/1.4.0-SNAPSHOT/ozone-interface-client-1.4.0-SNAPSHOT.jar:/home/runner/.m2/repository/org/apache/ozone/hdds-test-utils/1.4.0-SNAPSHOT/hdds-test-utils-1.4.0-SNAPSHOT.jar:/home/runner/.m2/repository/com/google/guava/guava/31.1-jre/guava-31.1-jre.jar:/home/runner/.m2/repository/com/google/guava/failureaccess/1.0.1/failureaccess-1.0.1.jar:/home/runner/.m2/repository/com/google/guava/listenablefuture/9999.0-empty-to-avoid-conflict-with-guava/listenablefuture-9999.0-empty-to-avoid-conflict-with-guava.jar:/home/runner/.m2/repository/com/google/code/findbugs/jsr305/3.0.0/jsr305-3.0.0.jar:/home/runner/.m2/repository/org/checkerframework/checker-qual/3.12.0/checker-qual-3.12.0.jar:/home/runner/.m2/repository/com/google/j2objc/j2objc-annotations/1.3/j2objc-annotations-1.3.jar:/home/runner/.m2/repository/commons-io/commons-io/2.11.0/commons-io-2.11.0.jar:/home/runner/.m2/repository/commons-logging/commons-logging/1.2/commons-logging-1.2.jar:/home/runner/.m2/repository/ch/qos/reload4j/reload4j/1.2.22/reload4j-1.2.22.jar:/home/runner/.m2/repository/org/slf4j/slf4j-api/1.7.36/slf4j-api-1.7.36.jar:/home/runner/.m2/repository/org/apache/ozone/hdds-server-scm/1.4.0-SNAPSHOT/hdds-server-scm-1.4.0-SNAPSHOT.jar:/home/runner/.m2/repository/org/apache/ozone/hdds-container-service/1.4.0-SNAPSHOT/hdds-container-service-1.4.0-SNAPSHOT.jar:/home/runner/.m2/repository/org/apache/ozone/hdds-hadoop-dependency-server/1.4.0-SNAPSHOT/hdds-hadoop-dependency-server-1.4.0-SNAPSHOT.jar:/home/runner/.m2/repository/org/apache/hadoop/hadoop-hdfs/3.3.4/hadoop-hdfs-3.3.4.jar:/home/runner/.m2/repository/org/eclipse/jetty/jetty-util-ajax/9.4.49.v20220914/jetty-util-ajax-9.4.49.v20220914.jar:/home/runner/.m2/repository/commons-daemon/commons-daemon/1.0.13/commons-daemon-1.0.13.jar:/home/runner/.m2/repository/org/apache/ozone/hdds-server-framework/1.4.0-SNAPSHOT/hdds-server-framework-1.4.0-SNAPSHOT.jar:/home/runner/.m2/repository/org/apache/ozone/hdds-interface-server/1.4.0-SNAPSHOT/hdds-interface-server-1.4.0-SNAPSHOT.jar:/home/runner/.m2/repository/org/apache/commons/commons-configuration2/2.1.1/commons-configuration2-2.1.1.jar:/home/runner/.m2/repository/org/apache/logging/log4j/log4j-core/2.17.1/log4j-core-2.17.1.jar:/home/runner/.m2/repository/com/lmax/disruptor/3.4.2/disruptor-3.4.2.jar:/home/runner/.m2/repository/org/eclipse/jetty/jetty-servlet/9.4.49.v20220914/jetty-servlet-9.4.49.v20220914.jar:/home/runner/.m2/repository/org/eclipse/jetty/jetty-security/9.4.49.v20220914/jetty-security-9.4.49.v20220914.jar:/home/runner/.m2/repository/org/rocksdb/rocksdbjni/7.7.3/rocksdbjni-7.7.3.jar:/home/runner/.m2/repository/io/prometheus/simpleclient_dropwizard/0.7.0/simpleclient_dropwizard-0.7.0.jar:/home/runner/.m2/repository/io/prometheus/simpleclient/0.7.0/simpleclient-0.7.0.jar:/home/runner/.m2/repository/io/prometheus/simpleclient_common/0.7.0/simpleclient_common-0.7.0.jar:/home/runner/.m2/repository/com/github/spotbugs/spotbugs-annotations/3.1.12/spotbugs-annotations-3.1.12.jar:/home/runner/.m2/repository/io/dropwizard/metrics/metrics-core/3.2.4/metrics-core-3.2.4.jar:/home/runner/.m2/repository/org/apache/commons/commons-text/1.4/commons-text-1.4.jar:/home/runner/.m2/repository/org/apache/hadoop/hadoop-hdfs-client/3.3.4/hadoop-hdfs-client-3.3.4.jar:/home/runner/.m2/repository/com/squareup/okhttp3/okhttp/4.9.3/okhttp-4.9.3.jar:/home/runner/.m2/repository/com/squareup/okio/okio/2.8.0/okio-2.8.0.jar:/home/runner/.m2/repository/org/jetbrains/kotlin/kotlin-stdlib-common/1.6.21/kotlin-stdlib-common-1.6.21.jar:/home/runner/.m2/repository/org/bouncycastle/bcprov-jdk15on/1.67/bcprov-jdk15on-1.67.jar:/home/runner/.m2/repository/com/google/protobuf/protobuf-java/2.5.0/protobuf-java-2.5.0.jar:/home/runner/.m2/repository/org/apache/ozone/ozone-manager/1.4.0-SNAPSHOT/ozone-manager-1.4.0-SNAPSHOT.jar:/home/runner/.m2/repository/org/aspectj/aspectjrt/1.9.7/aspectjrt-1.9.7.jar:/home/runner/.m2/repository/org/aspectj/aspectjweaver/1.9.7/aspectjweaver-1.9.7.jar:/home/runner/.m2/repository/org/apache/ozone/hdds-interface-client/1.4.0-SNAPSHOT/hdds-interface-client-1.4.0-SNAPSHOT.jar:/home/runner/.m2/repository/org/apache/hadoop/thirdparty/hadoop-shaded-protobuf_3_7/1.1.1/hadoop-shaded-protobuf_3_7-1.1.1.jar:/home/runner/.m2/repository/org/apache/ratis/ratis-thirdparty-misc/1.0.3/ratis-thirdparty-misc-1.0.3.jar:/home/runner/.m2/repository/org/apache/ozone/ozone-interface-storage/1.4.0-SNAPSHOT/ozone-interface-storage-1.4.0-SNAPSHOT.jar:/home/runner/.m2/repository/org/reflections/reflections/0.9.11/reflections-0.9.11.jar:/home/runner/.m2/repository/com/sun/jersey/jersey-client/1.19/jersey-client-1.19.jar:/home/runner/.m2/repository/org/apache/ranger/ranger-intg/2.3.0/ranger-intg-2.3.0.jar:/home/runner/.m2/repository/org/apache/ranger/ranger-plugins-common/2.3.0/ranger-plugins-common-2.3.0.jar:/home/runner/.m2/repository/commons-lang/commons-lang/2.6/commons-lang-2.6.jar:/home/runner/.m2/repository/org/codehaus/jackson/jackson-jaxrs/1.9.13/jackson-jaxrs-1.9.13.jar:/home/runner/.m2/repository/org/apache/ranger/ranger-plugins-cred/2.3.0/ranger-plugins-cred-2.3.0.jar:/home/runner/.m2/repository/org/apache/ranger/ranger-plugins-audit/2.3.0/ranger-plugins-audit-2.3.0.jar:/home/runner/.m2/repository/org/eclipse/jetty/jetty-client/9.4.49.v20220914/jetty-client-9.4.49.v20220914.jar:/home/runner/.m2/repository/org/apache/httpcomponents/httpmime/4.5.6/httpmime-4.5.6.jar:/home/runner/.m2/repository/org/apache/httpcomponents/httpcore-nio/4.4.6/httpcore-nio-4.4.6.jar:/home/runner/.m2/repository/org/apache/httpcomponents/httpasyncclient/4.1.3/httpasyncclient-4.1.3.jar:/home/runner/.m2/repository/com/carrotsearch/hppc/0.8.0/hppc-0.8.0.jar:/home/runner/.m2/repository/org/apache/orc/orc-core/1.5.8/orc-core-1.5.8.jar:/home/runner/.m2/repository/net/java/dev/jna/jna/5.2.0/jna-5.2.0.jar:/home/runner/.m2/repository/net/java/dev/jna/jna-platform/5.2.0/jna-platform-5.2.0.jar:/home/runner/.m2/repository/com/kstruct/gethostname4j/0.0.2/gethostname4j-0.0.2.jar:/home/runner/.m2/repository/org/apache/ranger/ranger-plugin-classloader/2.3.0/ranger-plugin-classloader-2.3.0.jar:/home/runner/.m2/repository/org/apache/hadoop/hadoop-minikdc/3.3.4/hadoop-minikdc-3.3.4.jar:/home/runner/.m2/repository/org/apache/kerby/kerb-simplekdc/1.0.1/kerb-simplekdc-1.0.1.jar:/home/runner/.m2/repository/org/apache/kerby/kerb-client/1.0.1/kerb-client-1.0.1.jar:/home/runner/.m2/repository/org/apache/kerby/kerby-config/1.0.1/kerby-config-1.0.1.jar:/home/runner/.m2/repository/org/apache/kerby/kerb-common/1.0.1/kerb-common-1.0.1.jar:/home/runner/.m2/repository/org/apache/kerby/kerb-crypto/1.0.1/kerb-crypto-1.0.1.jar:/home/runner/.m2/repository/org/apache/kerby/kerb-util/1.0.1/kerb-util-1.0.1.jar:/home/runner/.m2/repository/org/apache/kerby/token-provider/1.0.1/token-provider-1.0.1.jar:/home/runner/.m2/repository/org/apache/kerby/kerb-admin/1.0.1/kerb-admin-1.0.1.jar:/home/runner/.m2/repository/org/apache/kerby/kerb-server/1.0.1/kerb-server-1.0.1.jar:/home/runner/.m2/repository/org/apache/kerby/kerb-identity/1.0.1/kerb-identity-1.0.1.jar:/home/runner/.m2/repository/org/apache/kerby/kerby-xdr/1.0.1/kerby-xdr-1.0.1.jar:/home/runner/.m2/repository/org/apache/ozone/ozone-s3gateway/1.4.0-SNAPSHOT/ozone-s3gateway-1.4.0-SNAPSHOT.jar:/home/runner/.m2/repository/org/javassist/javassist/3.21.0-GA/javassist-3.21.0-GA.jar:/home/runner/.m2/repository/org/jboss/weld/servlet/weld-servlet/2.4.7.Final/weld-servlet-2.4.7.Final.jar:/home/runner/.m2/repository/org/glassfish/jersey/containers/jersey-container-servlet-core/2.34/jersey-container-servlet-core-2.34.jar:/home/runner/.m2/repository/org/glassfish/hk2/external/jakarta.inject/2.6.1/jakarta.inject-2.6.1.jar:/home/runner/.m2/repository/org/glassfish/jersey/core/jersey-common/2.34/jersey-common-2.34.jar:/home/runner/.m2/repository/jakarta/ws/rs/jakarta.ws.rs-api/2.1.6/jakarta.ws.rs-api-2.1.6.jar:/home/runner/.m2/repository/org/glassfish/jersey/ext/cdi/jersey-cdi1x/2.34/jersey-cdi1x-2.34.jar:/home/runner/.m2/repository/org/glassfish/jersey/inject/jersey-hk2/2.34/jersey-hk2-2.34.jar:/home/runner/.m2/repository/org/glassfish/hk2/hk2-locator/2.6.1/hk2-locator-2.6.1.jar:/home/runner/.m2/repository/org/glassfish/jersey/media/jersey-media-jaxb/2.34/jersey-media-jaxb-2.34.jar:/home/runner/.m2/repository/org/glassfish/hk2/osgi-resource-locator/1.0.3/osgi-resource-locator-1.0.3.jar:/home/runner/.m2/repository/org/glassfish/hk2/hk2-api/2.5.0/hk2-api-2.5.0.jar:/home/runner/.m2/repository/org/glassfish/hk2/hk2-utils/2.5.0/hk2-utils-2.5.0.jar:/home/runner/.m2/repository/org/glassfish/hk2/external/aopalliance-repackaged/2.5.0/aopalliance-repackaged-2.5.0.jar:/home/runner/.m2/repository/com/fasterxml/jackson/dataformat/jackson-dataformat-xml/2.13.4/jackson-dataformat-xml-2.13.4.jar:/home/runner/.m2/repository/com/fasterxml/jackson/core/jackson-core/2.13.4/jackson-core-2.13.4.jar:/home/runner/.m2/repository/org/codehaus/woodstox/stax2-api/4.2.1/stax2-api-4.2.1.jar:/home/runner/.m2/repository/com/fasterxml/woodstox/woodstox-core/5.4.0/woodstox-core-5.4.0.jar:/home/runner/.m2/repository/com/fasterxml/jackson/module/jackson-module-jaxb-annotations/2.13.4/jackson-module-jaxb-annotations-2.13.4.jar:/home/runner/.m2/repository/jakarta/xml/bind/jakarta.xml.bind-api/2.3.3/jakarta.xml.bind-api-2.3.3.jar:/home/runner/.m2/repository/jakarta/activation/jakarta.activation-api/1.2.2/jakarta.activation-api-1.2.2.jar:/home/runner/.m2/repository/javax/enterprise/cdi-api/1.2/cdi-api-1.2.jar:/home/runner/.m2/repository/javax/el/javax.el-api/3.0.0/javax.el-api-3.0.0.jar:/home/runner/.m2/repository/javax/interceptor/javax.interceptor-api/1.2/javax.interceptor-api-1.2.jar:/home/runner/.m2/repository/javax/inject/javax.inject/1/javax.inject-1.jar:/home/runner/.m2/repository/javax/xml/bind/jaxb-api/2.3.0/jaxb-api-2.3.0.jar:/home/runner/.m2/repository/org/glassfish/jaxb/jaxb-runtime/2.3.0.1/jaxb-runtime-2.3.0.1.jar:/home/runner/.m2/repository/org/glassfish/jaxb/jaxb-core/2.3.0.1/jaxb-core-2.3.0.1.jar:/home/runner/.m2/repository/org/glassfish/jaxb/txw2/2.3.0.1/txw2-2.3.0.1.jar:/home/runner/.m2/repository/com/sun/istack/istack-commons-runtime/3.0.5/istack-commons-runtime-3.0.5.jar:/home/runner/.m2/repository/org/jvnet/staxex/stax-ex/1.7.8/stax-ex-1.7.8.jar:/home/runner/.m2/repository/com/sun/xml/fastinfoset/FastInfoset/1.2.13/FastInfoset-1.2.13.jar:/home/runner/.m2/repository/javax/activation/activation/1.1.1/activation-1.1.1.jar:/home/runner/.m2/repository/io/grpc/grpc-protobuf/1.51.1/grpc-protobuf-1.51.1.jar:/home/runner/.m2/repository/io/grpc/grpc-api/1.51.1/grpc-api-1.51.1.jar:/home/runner/.m2/repository/io/grpc/grpc-context/1.51.1/grpc-context-1.51.1.jar:/home/runner/.m2/repository/com/google/api/grpc/proto-google-common-protos/2.9.0/proto-google-common-protos-2.9.0.jar:/home/runner/.m2/repository/io/grpc/grpc-protobuf-lite/1.51.1/grpc-protobuf-lite-1.51.1.jar:/home/runner/.m2/repository/io/grpc/grpc-stub/1.51.1/grpc-stub-1.51.1.jar:/home/runner/.m2/repository/io/netty/netty-transport/4.1.86.Final/netty-transport-4.1.86.Final.jar:/home/runner/.m2/repository/io/netty/netty-resolver/4.1.86.Final/netty-resolver-4.1.86.Final.jar:/home/runner/.m2/repository/org/apache/ozone/ozone-csi/1.4.0-SNAPSHOT/ozone-csi-1.4.0-SNAPSHOT.jar:/home/runner/.m2/repository/com/google/protobuf/protobuf-java-util/3.19.6/protobuf-java-util-3.19.6.jar:/home/runner/.m2/repository/com/google/code/gson/gson/2.9.0/gson-2.9.0.jar:/home/runner/.m2/repository/org/apache/ozone/hdds-config/1.4.0-SNAPSHOT/hdds-config-1.4.0-SNAPSHOT.jar:/home/runner/.m2/repository/io/netty/netty-transport-native-epoll/4.1.86.Final/netty-transport-native-epoll-4.1.86.Final-linux-x86_64.jar:/home/runner/.m2/repository/io/netty/netty-transport-classes-epoll/4.1.86.Final/netty-transport-classes-epoll-4.1.86.Final.jar:/home/runner/.m2/repository/io/netty/netty-transport-native-unix-common/4.1.86.Final/netty-transport-native-unix-common-4.1.86.Final.jar:/home/runner/.m2/repository/org/slf4j/slf4j-reload4j/1.7.36/slf4j-reload4j-1.7.36.jar:/home/runner/.m2/repository/org/apache/ozone/ozone-recon/1.4.0-SNAPSHOT/ozone-recon-1.4.0-SNAPSHOT.jar:/home/runner/.m2/repository/org/apache/ozone/ozone-reconcodegen/1.4.0-SNAPSHOT/ozone-reconcodegen-1.4.0-SNAPSHOT.jar:/home/runner/.m2/repository/com/google/inject/extensions/guice-multibindings/4.0/guice-multibindings-4.0.jar:/home/runner/.m2/repository/com/google/inject/guice/4.0/guice-4.0.jar:/home/runner/.m2/repository/aopalliance/aopalliance/1.0/aopalliance-1.0.jar:/home/runner/.m2/repository/com/google/inject/extensions/guice-assistedinject/4.0/guice-assistedinject-4.0.jar:/home/runner/.m2/repository/com/google/inject/extensions/guice-servlet/4.0/guice-servlet-4.0.jar:/home/runner/.m2/repository/org/glassfish/jersey/containers/jersey-container-servlet/2.34/jersey-container-servlet-2.34.jar:/home/runner/.m2/repository/org/glassfish/hk2/guice-bridge/2.5.0/guice-bridge-2.5.0.jar:/home/runner/.m2/repository/org/glassfish/jersey/core/jersey-server/2.34/jersey-server-2.34.jar:/home/runner/.m2/repository/org/glassfish/jersey/core/jersey-client/2.34/jersey-client-2.34.jar:/home/runner/.m2/repository/jakarta/annotation/jakarta.annotation-api/1.3.5/jakarta.annotation-api-1.3.5.jar:/home/runner/.m2/repository/jakarta/validation/jakarta.validation-api/2.0.2/jakarta.validation-api-2.0.2.jar:/home/runner/.m2/repository/org/glassfish/jersey/media/jersey-media-json-jackson/2.34/jersey-media-json-jackson-2.34.jar:/home/runner/.m2/repository/org/glassfish/jersey/ext/jersey-entity-filtering/2.34/jersey-entity-filtering-2.34.jar:/home/runner/.m2/repository/org/jooq/jooq/3.11.10/jooq-3.11.10.jar:/home/runner/.m2/repository/org/jooq/jooq-meta/3.11.10/jooq-meta-3.11.10.jar:/home/runner/.m2/repository/org/jooq/jooq-codegen/3.11.10/jooq-codegen-3.11.10.jar:/home/runner/.m2/repository/com/jolbox/bonecp/0.8.0.RELEASE/bonecp-0.8.0.RELEASE.jar:/home/runner/.m2/repository/org/apache/derby/derby/10.14.2.0/derby-10.14.2.0.jar:/home/runner/.m2/repository/org/xerial/sqlite-jdbc/3.25.2/sqlite-jdbc-3.25.2.jar:/home/runner/.m2/repository/org/springframework/spring-jdbc/5.3.23/spring-jdbc-5.3.23.jar:/home/runner/.m2/repository/org/springframework/spring-beans/5.3.23/spring-beans-5.3.23.jar:/home/runner/.m2/repository/org/springframework/spring-core/5.3.23/spring-core-5.3.23.jar:/home/runner/.m2/repository/org/springframework/spring-jcl/5.3.23/spring-jcl-5.3.23.jar:/home/runner/.m2/repository/org/springframework/spring-tx/5.3.23/spring-tx-5.3.23.jar:/home/runner/.m2/repository/org/apache/ozone/ozone-client/1.4.0-SNAPSHOT/ozone-client-1.4.0-SNAPSHOT.jar:/home/runner/.m2/repository/org/apache/ozone/hdds-erasurecode/1.4.0-SNAPSHOT/hdds-erasurecode-1.4.0-SNAPSHOT.jar:/home/runner/.m2/repository/org/apache/ozone/ozone-filesystem/1.4.0-SNAPSHOT/ozone-filesystem-1.4.0-SNAPSHOT.jar:/home/runner/.m2/repository/org/apache/ozone/ozone-filesystem-common/1.4.0-SNAPSHOT/ozone-filesystem-common-1.4.0-SNAPSHOT.jar:/home/runner/.m2/repository/org/apache/ozone/ozone-tools/1.4.0-SNAPSHOT/ozone-tools-1.4.0-SNAPSHOT.jar:/home/runner/.m2/repository/com/amazonaws/aws-java-sdk-core/1.12.261/aws-java-sdk-core-1.12.261.jar:/home/runner/.m2/repository/org/apache/httpcomponents/httpclient/4.5.13/httpclient-4.5.13.jar:/home/runner/.m2/repository/org/apache/httpcomponents/httpcore/4.4.13/httpcore-4.4.13.jar:/home/runner/.m2/repository/software/amazon/ion/ion-java/1.0.2/ion-java-1.0.2.jar:/home/runner/.m2/repository/com/fasterxml/jackson/dataformat/jackson-dataformat-cbor/2.13.4/jackson-dataformat-cbor-2.13.4.jar:/home/runner/.m2/repository/joda-time/joda-time/2.10.6/joda-time-2.10.6.jar:/home/runner/.m2/repository/com/amazonaws/aws-java-sdk-s3/1.12.261/aws-java-sdk-s3-1.12.261.jar:/home/runner/.m2/repository/com/amazonaws/aws-java-sdk-kms/1.12.261/aws-java-sdk-kms-1.12.261.jar:/home/runner/.m2/repository/com/amazonaws/jmespath-java/1.12.261/jmespath-java-1.12.261.jar:/home/runner/.m2/repository/org/kohsuke/metainf-services/metainf-services/1.8/metainf-services-1.8.jar:/home/runner/.m2/repository/org/apache/ozone/hdds-tools/1.4.0-SNAPSHOT/hdds-tools-1.4.0-SNAPSHOT.jar:/home/runner/.m2/repository/org/apache/ratis/ratis-tools/2.4.2-8b8bdda-SNAPSHOT/ratis-tools-2.4.2-8b8bdda-SNAPSHOT.jar:/home/runner/.m2/repository/org/apache/ratis/ratis-proto/2.4.2-8b8bdda-SNAPSHOT/ratis-proto-2.4.2-8b8bdda-SNAPSHOT.jar:/home/runner/.m2/repository/org/apache/ratis/ratis-common/2.4.2-8b8bdda-SNAPSHOT/ratis-common-2.4.2-8b8bdda-SNAPSHOT.jar:/home/runner/.m2/repository/commons-cli/commons-cli/1.2/commons-cli-1.2.jar:/home/runner/.m2/repository/org/apache/commons/commons-lang3/3.7/commons-lang3-3.7.jar:/home/runner/.m2/repository/org/apache/ozone/ozone-manager/1.4.0-SNAPSHOT/ozone-manager-1.4.0-SNAPSHOT-tests.jar:/home/runner/.m2/repository/org/apache/ozone/hdds-common/1.4.0-SNAPSHOT/hdds-common-1.4.0-SNAPSHOT-tests.jar:/home/runner/.m2/repository/org/apache/ozone/hdds-hadoop-dependency-client/1.4.0-SNAPSHOT/hdds-hadoop-dependency-client-1.4.0-SNAPSHOT.jar:/home/runner/.m2/repository/info/picocli/picocli/4.6.1/picocli-4.6.1.jar:/home/runner/.m2/repository/com/fasterxml/jackson/core/jackson-annotations/2.13.4/jackson-annotations-2.13.4.jar:/home/runner/.m2/repository/com/fasterxml/jackson/datatype/jackson-datatype-jsr310/2.13.4/jackson-datatype-jsr310-2.13.4.jar:/home/runner/.m2/repository/org/apache/ozone/hdds-annotation-processing/1.4.0-SNAPSHOT/hdds-annotation-processing-1.4.0-SNAPSHOT.jar:/home/runner/.m2/repository/javax/annotation/javax.annotation-api/1.2/javax.annotation-api-1.2.jar:/home/runner/.m2/repository/org/apache/ratis/ratis-server/2.4.2-8b8bdda-SNAPSHOT/ratis-server-2.4.2-8b8bdda-SNAPSHOT.jar:/home/runner/.m2/repository/org/apache/ratis/ratis-client/2.4.2-8b8bdda-SNAPSHOT/ratis-client-2.4.2-8b8bdda-SNAPSHOT.jar:/home/runner/.m2/repository/org/apache/ratis/ratis-server-api/2.4.2-8b8bdda-SNAPSHOT/ratis-server-api-2.4.2-8b8bdda-SNAPSHOT.jar:/home/runner/.m2/repository/org/apache/ratis/ratis-metrics/2.4.2-8b8bdda-SNAPSHOT/ratis-metrics-2.4.2-8b8bdda-SNAPSHOT.jar:/home/runner/.m2/repository/org/apache/ratis/ratis-netty/2.4.2-8b8bdda-SNAPSHOT/ratis-netty-2.4.2-8b8bdda-SNAPSHOT.jar:/home/runner/.m2/repository/org/apache/ratis/ratis-grpc/2.4.2-8b8bdda-SNAPSHOT/ratis-grpc-2.4.2-8b8bdda-SNAPSHOT.jar:/home/runner/.m2/repository/org/apache/logging/log4j/log4j-api/2.17.1/log4j-api-2.17.1.jar:/home/runner/.m2/repository/org/apache/commons/commons-pool2/2.6.0/commons-pool2-2.6.0.jar:/home/runner/.m2/repository/org/bouncycastle/bcpkix-jdk15on/1.67/bcpkix-jdk15on-1.67.jar:/home/runner/.m2/repository/commons-validator/commons-validator/1.6/commons-validator-1.6.jar:/home/runner/.m2/repository/commons-beanutils/commons-beanutils/1.9.4/commons-beanutils-1.9.4.jar:/home/runner/.m2/repository/commons-digester/commons-digester/1.8.1/commons-digester-1.8.1.jar:/home/runner/.m2/repository/commons-collections/commons-collections/3.2.2/commons-collections-3.2.2.jar:/home/runner/.m2/repository/io/jaegertracing/jaeger-client/1.6.0/jaeger-client-1.6.0.jar:/home/runner/.m2/repository/io/jaegertracing/jaeger-thrift/1.6.0/jaeger-thrift-1.6.0.jar:/home/runner/.m2/repository/org/apache/thrift/libthrift/0.14.1/libthrift-0.14.1.jar:/home/runner/.m2/repository/io/jaegertracing/jaeger-core/1.6.0/jaeger-core-1.6.0.jar:/home/runner/.m2/repository/io/jaegertracing/jaeger-tracerresolver/1.6.0/jaeger-tracerresolver-1.6.0.jar:/home/runner/.m2/repository/io/opentracing/contrib/opentracing-tracerresolver/0.1.8/opentracing-tracerresolver-0.1.8.jar:/home/runner/.m2/repository/org/jetbrains/kotlin/kotlin-stdlib/1.6.21/kotlin-stdlib-1.6.21.jar:/home/runner/.m2/repository/org/jetbrains/annotations/13.0/annotations-13.0.jar:/home/runner/.m2/repository/io/opentracing/opentracing-util/0.33.0/opentracing-util-0.33.0.jar:/home/runner/.m2/repository/io/opentracing/opentracing-api/0.33.0/opentracing-api-0.33.0.jar:/home/runner/.m2/repository/io/opentracing/opentracing-noop/0.33.0/opentracing-noop-0.33.0.jar:/home/runner/.m2/repository/org/yaml/snakeyaml/1.33/snakeyaml-1.33.jar:/home/runner/.m2/repository/org/apache/ozone/hdds-interface-admin/1.4.0-SNAPSHOT/hdds-interface-admin-1.4.0-SNAPSHOT.jar:/home/runner/.m2/repository/junit/junit/4.13.1/junit-4.13.1.jar:/home/runner/.m2/repository/org/hamcrest/hamcrest-core/1.3/hamcrest-core-1.3.jar:/home/runner/.m2/repository/org/junit/jupiter/junit-jupiter-api/5.8.2/junit-jupiter-api-5.8.2.jar:/home/runner/.m2/repository/org/opentest4j/opentest4j/1.2.0/opentest4j-1.2.0.jar:/home/runner/.m2/repository/org/junit/platform/junit-platform-commons/1.8.2/junit-platform-commons-1.8.2.jar:/home/runner/.m2/repository/org/apiguardian/apiguardian-api/1.1.2/apiguardian-api-1.1.2.jar:/home/runner/.m2/repository/org/junit/jupiter/junit-jupiter-params/5.8.2/junit-jupiter-params-5.8.2.jar:/home/runner/.m2/repository/org/junit/jupiter/junit-jupiter-migrationsupport/5.8.2/junit-jupiter-migrationsupport-5.8.2.jar:/home/runner/.m2/repository/org/junit/jupiter/junit-jupiter-engine/5.8.2/junit-jupiter-engine-5.8.2.jar:/home/runner/.m2/repository/org/junit/platform/junit-platform-engine/1.8.2/junit-platform-engine-1.8.2.jar:/home/runner/.m2/repository/org/junit/vintage/junit-vintage-engine/5.8.2/junit-vintage-engine-5.8.2.jar:/home/runner/.m2/repository/org/junit/platform/junit-platform-launcher/1.8.2/junit-platform-launcher-1.8.2.jar:/home/runner/.m2/repository/org/mockito/mockito-core/2.28.2/mockito-core-2.28.2.jar:/home/runner/.m2/repository/net/bytebuddy/byte-buddy/1.9.10/byte-buddy-1.9.10.jar:/home/runner/.m2/repository/net/bytebuddy/byte-buddy-agent/1.9.10/byte-buddy-agent-1.9.10.jar:/home/runner/.m2/repository/org/objenesis/objenesis/1.0/objenesis-1.0.jar:/home/runner/.m2/repository/org/apache/hadoop/hadoop-kms/3.3.4/hadoop-kms-3.3.4.jar:/home/runner/.m2/repository/org/apache/hadoop/hadoop-auth/3.3.4/hadoop-auth-3.3.4.jar:/home/runner/.m2/repository/com/nimbusds/nimbus-jose-jwt/9.8.1/nimbus-jose-jwt-9.8.1.jar:/home/runner/.m2/repository/com/github/stephenc/jcip/jcip-annotations/1.0-1/jcip-annotations-1.0-1.jar:/home/runner/.m2/repository/net/minidev/json-smart/2.4.7/json-smart-2.4.7.jar:/home/runner/.m2/repository/net/minidev/accessors-smart/2.4.7/accessors-smart-2.4.7.jar:/home/runner/.m2/repository/org/ow2/asm/asm/5.0.4/asm-5.0.4.jar:/home/runner/.m2/repository/org/apache/zookeeper/zookeeper/3.5.6/zookeeper-3.5.6.jar:/home/runner/.m2/repository/org/apache/zookeeper/zookeeper-jute/3.5.6/zookeeper-jute-3.5.6.jar:/home/runner/.m2/repository/org/apache/yetus/audience-annotations/0.5.0/audience-annotations-0.5.0.jar:/home/runner/.m2/repository/org/apache/curator/curator-framework/4.2.0/curator-framework-4.2.0.jar:/home/runner/.m2/repository/org/apache/hadoop/thirdparty/hadoop-shaded-guava/1.1.1/hadoop-shaded-guava-1.1.1.jar:/home/runner/.m2/repository/com/sun/jersey/jersey-core/1.19/jersey-core-1.19.jar:/home/runner/.m2/repository/javax/ws/rs/jsr311-api/1.1.1/jsr311-api-1.1.1.jar:/home/runner/.m2/repository/com/sun/jersey/jersey-server/1.19/jersey-server-1.19.jar:/home/runner/.m2/repository/javax/servlet/javax.servlet-api/3.1.0/javax.servlet-api-3.1.0.jar:/home/runner/.m2/repository/org/eclipse/jetty/jetty-server/9.4.49.v20220914/jetty-server-9.4.49.v20220914.jar:/home/runner/.m2/repository/org/eclipse/jetty/jetty-http/9.4.49.v20220914/jetty-http-9.4.49.v20220914.jar:/home/runner/.m2/repository/org/eclipse/jetty/jetty-io/9.4.49.v20220914/jetty-io-9.4.49.v20220914.jar:/home/runner/.m2/repository/org/eclipse/jetty/jetty-webapp/9.4.49.v20220914/jetty-webapp-9.4.49.v20220914.jar:/home/runner/.m2/repository/org/eclipse/jetty/jetty-xml/9.4.49.v20220914/jetty-xml-9.4.49.v20220914.jar:/home/runner/.m2/repository/org/apache/hadoop/hadoop-common/3.3.4/hadoop-common-3.3.4.jar:/home/runner/.m2/repository/org/apache/commons/commons-math3/3.1.1/commons-math3-3.1.1.jar:/home/runner/.m2/repository/commons-net/commons-net/3.9.0/commons-net-3.9.0.jar:/home/runner/.m2/repository/com/sun/jersey/jersey-servlet/1.19/jersey-servlet-1.19.jar:/home/runner/.m2/repository/com/sun/jersey/jersey-json/1.19/jersey-json-1.19.jar:/home/runner/.m2/repository/org/codehaus/jettison/jettison/1.1/jettison-1.1.jar:/home/runner/.m2/repository/com/sun/xml/bind/jaxb-impl/2.2.3-1/jaxb-impl-2.2.3-1.jar:/home/runner/.m2/repository/org/codehaus/jackson/jackson-xc/1.9.2/jackson-xc-1.9.2.jar:/home/runner/.m2/repository/com/google/re2j/re2j/1.1/re2j-1.1.jar:/home/runner/.m2/repository/com/jcraft/jsch/0.1.54/jsch-0.1.54.jar:/home/runner/.m2/repository/org/apache/curator/curator-client/4.2.0/curator-client-4.2.0.jar:/home/runner/.m2/repository/org/apache/curator/curator-recipes/4.2.0/curator-recipes-4.2.0.jar:/home/runner/.m2/repository/org/apache/kerby/kerb-core/1.0.1/kerb-core-1.0.1.jar:/home/runner/.m2/repository/org/apache/kerby/kerby-pkix/1.0.1/kerby-pkix-1.0.1.jar:/home/runner/.m2/repository/org/apache/kerby/kerby-asn1/1.0.1/kerby-asn1-1.0.1.jar:/home/runner/.m2/repository/org/apache/kerby/kerby-util/1.0.1/kerby-util-1.0.1.jar:/home/runner/.m2/repository/dnsjava/dnsjava/2.1.7/dnsjava-2.1.7.jar:/home/runner/.m2/repository/org/xerial/snappy/snappy-java/1.1.8.2/snappy-java-1.1.8.2.jar:/home/runner/.m2/repository/org/eclipse/jetty/jetty-util/9.4.49.v20220914/jetty-util-9.4.49.v20220914.jar:/home/runner/.m2/repository/com/fasterxml/jackson/core/jackson-databind/2.13.4.2/jackson-databind-2.13.4.2.jar:/home/runner/.m2/repository/org/apache/hadoop/hadoop-kms/3.3.4/hadoop-kms-3.3.4-tests.jar:/home/runner/.m2/repository/org/apache/ozone/hdds-server-scm/1.4.0-SNAPSHOT/hdds-server-scm-1.4.0-SNAPSHOT-tests.jar:/home/runner/.m2/repository/org/apache/ozone/hdds-container-service/1.4.0-SNAPSHOT/hdds-container-service-1.4.0-SNAPSHOT-tests.jar:/home/runner/.m2/repository/com/github/luben/zstd-jni/1.5.2-5/zstd-jni-1.5.2-5.jar:/home/runner/.m2/repository/commons-codec/commons-codec/1.15/commons-codec-1.15.jar:/home/runner/.m2/repository/io/netty/netty-codec/4.1.86.Final/netty-codec-4.1.86.Final.jar:/home/runner/.m2/repository/io/netty/netty-handler/4.1.86.Final/netty-handler-4.1.86.Final.jar:/home/runner/.m2/repository/org/apache/ozone/hdds-hadoop-dependency-test/1.4.0-SNAPSHOT/hdds-hadoop-dependency-test-1.4.0-SNAPSHOT.jar:/home/runner/.m2/repository/org/apache/hadoop/hadoop-common/3.3.4/hadoop-common-3.3.4-tests.jar:/home/runner/.m2/repository/org/apache/hadoop/hadoop-hdfs/3.3.4/hadoop-hdfs-3.3.4-tests.jar:/home/runner/.m2/repository/org/assertj/assertj-core/3.12.2/assertj-core-3.12.2.jar:/home/runner/.m2/repository/org/apache/hadoop/hadoop-distcp/3.3.4/hadoop-distcp-3.3.4.jar:/home/runner/.m2/repository/org/apache/hadoop/hadoop-mapreduce-client-jobclient/3.3.4/hadoop-mapreduce-client-jobclient-3.3.4.jar:/home/runner/.m2/repository/org/apache/hadoop/hadoop-mapreduce-client-common/3.3.4/hadoop-mapreduce-client-common-3.3.4.jar:/home/runner/.m2/repository/org/apache/hadoop/hadoop-yarn-common/3.3.4/hadoop-yarn-common-3.3.4.jar:/home/runner/.m2/repository/org/apache/hadoop/hadoop-yarn-api/3.3.4/hadoop-yarn-api-3.3.4.jar:/home/runner/.m2/repository/com/sun/jersey/contribs/jersey-guice/1.19/jersey-guice-1.19.jar:/home/runner/.m2/repository/com/fasterxml/jackson/jaxrs/jackson-jaxrs-json-provider/2.13.4/jackson-jaxrs-json-provider-2.13.4.jar:/home/runner/.m2/repository/com/fasterxml/jackson/jaxrs/jackson-jaxrs-base/2.13.4/jackson-jaxrs-base-2.13.4.jar:/home/runner/.m2/repository/org/apache/hadoop/hadoop-yarn-client/3.3.4/hadoop-yarn-client-3.3.4.jar:/home/runner/.m2/repository/org/eclipse/jetty/websocket/websocket-client/9.4.43.v20210629/websocket-client-9.4.43.v20210629.jar:/home/runner/.m2/repository/org/eclipse/jetty/websocket/websocket-common/9.4.43.v20210629/websocket-common-9.4.43.v20210629.jar:/home/runner/.m2/repository/org/eclipse/jetty/websocket/websocket-api/9.4.43.v20210629/websocket-api-9.4.43.v20210629.jar:/home/runner/.m2/repository/org/jline/jline/3.9.0/jline-3.9.0.jar:/home/runner/.m2/repository/org/apache/hadoop/hadoop-mapreduce-client-core/3.3.4/hadoop-mapreduce-client-core-3.3.4.jar:/home/runner/.m2/repository/org/apache/avro/avro/1.7.7/avro-1.7.7.jar:/home/runner/.m2/repository/org/codehaus/jackson/jackson-core-asl/1.9.13/jackson-core-asl-1.9.13.jar:/home/runner/.m2/repository/org/codehaus/jackson/jackson-mapper-asl/1.9.13/jackson-mapper-asl-1.9.13.jar:/home/runner/.m2/repository/com/thoughtworks/paranamer/paranamer/2.3/paranamer-2.3.jar:/home/runner/.m2/repository/org/apache/hadoop/hadoop-annotations/3.3.4/hadoop-annotations-3.3.4.jar:/usr/lib/jvm/temurin-8-jdk-amd64/jre/../lib/tools.jar:/home/runner/.m2/repository/io/netty/netty/3.10.6.Final/netty-3.10.6.Final.jar:/home/runner/.m2/repository/org/apache/hadoop/hadoop-distcp/3.3.4/hadoop-distcp-3.3.4-tests.jar:/home/runner/.m2/repository/org/slf4j/jul-to-slf4j/1.7.36/jul-to-slf4j-1.7.36.jar:"/>
    <property name="sun.cpu.endian" value="little"/>
    <property name="user.home" value="/home/runner"/>
    <property name="user.language" value="en"/>
    <property name="java.specification.vendor" value="Oracle Corporation"/>
    <property name="java.home" value="/usr/lib/jvm/temurin-8-jdk-amd64/jre"/>
    <property name="java.security.krb5.conf" value="/home/runner/work/ozone/ozone/hadoop-ozone/integration-test/target/test-classes/krb5.conf"/>
    <property name="basedir" value="/home/runner/work/ozone/ozone/hadoop-ozone/integration-test"/>
    <property name="file.separator" value="/"/>
    <property name="line.separator" value="&#10;"/>
    <property name="java.vm.specification.vendor" value="Oracle Corporation"/>
    <property name="java.specification.name" value="Java Platform API Specification"/>
    <property name="java.awt.graphicsenv" value="sun.awt.X11GraphicsEnvironment"/>
    <property name="skip.installnpx" value="true"/>
    <property name="surefire.real.class.path" value="/home/runner/work/ozone/ozone/hadoop-ozone/integration-test/target/surefire/surefirebooter3337832687197445993.jar:/home/runner/.m2/repository/org/jacoco/org.jacoco.agent/0.8.5/org.jacoco.agent-0.8.5-runtime.jar"/>
    <property name="hadoop.log.dir" value="/home/runner/work/ozone/ozone/hadoop-ozone/integration-test/target/log"/>
    <property name="sun.boot.class.path" value="/usr/lib/jvm/temurin-8-jdk-amd64/jre/lib/resources.jar:/usr/lib/jvm/temurin-8-jdk-amd64/jre/lib/rt.jar:/usr/lib/jvm/temurin-8-jdk-amd64/jre/lib/sunrsasign.jar:/usr/lib/jvm/temurin-8-jdk-amd64/jre/lib/jsse.jar:/usr/lib/jvm/temurin-8-jdk-amd64/jre/lib/jce.jar:/usr/lib/jvm/temurin-8-jdk-amd64/jre/lib/charsets.jar:/usr/lib/jvm/temurin-8-jdk-amd64/jre/lib/jfr.jar:/usr/lib/jvm/temurin-8-jdk-amd64/jre/classes"/>
    <property name="sun.management.compiler" value="HotSpot 64-Bit Tiered Compilers"/>
    <property name="skip.npx" value="true"/>
    <property name="java.runtime.version" value="1.8.0_352-b08"/>
    <property name="java.net.preferIPv4Stack" value="true"/>
    <property name="user.name" value="runner"/>
    <property name="path.separator" value=":"/>
    <property name="java.security.egd" value="file:///dev/urandom"/>
    <property name="os.version" value="5.15.0-1031-azure"/>
    <property name="java.endorsed.dirs" value="/usr/lib/jvm/temurin-8-jdk-amd64/jre/lib/endorsed"/>
    <property name="java.runtime.name" value="OpenJDK Runtime Environment"/>
    <property name="file.encoding" value="UTF-8"/>
    <property name="java.vm.name" value="OpenJDK 64-Bit Server VM"/>
    <property name="test.build.webapps" value=""/>
    <property name="localRepository" value="/home/runner/.m2/repository"/>
    <property name="jetty.git.hash" value="4231a3b2e4cb8548a412a789936d640a97b1aa0a"/>
    <property name="java.vendor.url.bug" value="https://github.com/adoptium/adoptium-support/issues"/>
    <property name="java.io.tmpdir" value="/tmp"/>
    <property name="require.test.libhadoop" value=""/>
    <property name="java.version" value="1.8.0_352"/>
    <property name="user.dir" value="/home/runner/work/ozone/ozone/hadoop-ozone/integration-test"/>
    <property name="os.arch" value="amd64"/>
    <property name="java.vm.specification.name" value="Java Virtual Machine Specification"/>
    <property name="test.build.classes" value="/home/runner/work/ozone/ozone/hadoop-ozone/integration-test/target/test-classes"/>
    <property name="java.awt.printerjob" value="sun.print.PSPrinterJob"/>
    <property name="sun.os.patch.level" value="unknown"/>
    <property name="org.apache.ratis.thirdparty.io.netty.allocator.useCacheForAllThreads" value="false"/>
    <property name="hadoop.tmp.dir" value="/home/runner/work/ozone/ozone/hadoop-ozone/integration-test/target/tmp"/>
    <property name="java.library.path" value="/usr/java/packages/lib/amd64:/usr/lib64:/lib64:/lib:/usr/lib"/>
    <property name="java.vm.info" value="mixed mode"/>
    <property name="java.vendor" value="Temurin"/>
    <property name="java.vm.version" value="25.352-b08"/>
    <property name="java.specification.maintenance.version" value="4"/>
    <property name="java.ext.dirs" value="/usr/lib/jvm/temurin-8-jdk-amd64/jre/lib/ext:/usr/java/packages/lib/ext"/>
    <property name="sun.io.unicode.encoding" value="UnicodeLittle"/>
    <property name="java.class.version" value="52.0"/>
  </properties>
  <testcase name="testOmFinalization" classname="TestOMUpgradeFinalization" time="23.553">
    <system-out><![CDATA[2023-01-31 14:59:42,770 [Time-limited test] WARN  server.ServerUtils (ServerUtils.java:getScmDbDir(148)) - ozone.scm.db.dirs is not configured. We recommend adding this setting. Falling back to ozone.metadata.dirs instead.
2023-01-31 14:59:42,875 [Time-limited test] WARN  server.ServerUtils (ServerUtils.java:getScmDbDir(148)) - ozone.scm.db.dirs is not configured. We recommend adding this setting. Falling back to ozone.metadata.dirs instead.
2023-01-31 14:59:42,879 [Time-limited test] INFO  ha.SCMHANodeDetails (SCMHANodeDetails.java:loadSCMHAConfig(209)) - ServiceID for StorageContainerManager is null
2023-01-31 14:59:42,900 [Time-limited test] WARN  ha.SCMHANodeDetails (SCMHANodeDetails.java:validateSCMHAConfig(182)) - Invalid config ozone.scm.ratis.enable. The config was not specified, but the default value true conflicts with the expected config value false. Falling back to the expected value. Current State of SCM: SCM is running in Non-HA without Ratis Ratis SCM -> Non Ratis SCM or Non HA SCM -> HA SCM is not supported
2023-01-31 14:59:42,900 [Time-limited test] INFO  ha.SCMHANodeDetails (SCMHANodeDetails.java:loadSCMHAConfig(214)) - ozone.scm.default.service.id is not defined, falling back to ozone.scm.service.ids to find serviceID for StorageContainerManager if it is HA enabled cluster
2023-01-31 14:59:43,527 [Time-limited test] WARN  utils.HAUtils (HAUtils.java:getMetaDir(342)) - ozone.scm.db.dirs is not configured. We recommend adding this setting. Falling back to ozone.metadata.dirs instead.
2023-01-31 14:59:43,679 [Time-limited test] WARN  db.DBStoreBuilder (DBStoreBuilder.java:applyDBDefinition(144)) - ozone.scm.db.dirs is not configured. We recommend adding this setting. Falling back to ozone.metadata.dirs instead.
2023-01-31 14:59:44,013 [Time-limited test] INFO  net.NodeSchemaLoader (NodeSchemaLoader.java:loadSchemaFromFile(129)) - Loading schema from [jar:file:/home/runner/.m2/repository/org/apache/ozone/hdds-common/1.4.0-SNAPSHOT/hdds-common-1.4.0-SNAPSHOT.jar!/network-topology-default.xml]
2023-01-31 14:59:44,015 [Time-limited test] INFO  net.NodeSchemaLoader (NodeSchemaLoader.java:loadSchema(176)) - Loading network topology layer schema file
2023-01-31 14:59:44,067 [Time-limited test] INFO  metrics.MetricRegistries (MetricRegistriesLoader.java:load(64)) - Loaded MetricRegistries class org.apache.ratis.metrics.impl.MetricRegistriesImpl
2023-01-31 14:59:44,074 [Time-limited test] INFO  upgrade.AbstractLayoutVersionManager (AbstractLayoutVersionManager.java:init(83)) - Initializing Layout version manager with metadata layout = DATANODE_SCHEMA_V3 (version = 4), software layout = DATANODE_SCHEMA_V3 (version = 4)
2023-01-31 14:59:44,305 [Time-limited test] INFO  reflections.Reflections (Reflections.java:scan(232)) - Reflections took 153 ms to scan 7 urls, producing 149 keys and 361 values 
2023-01-31 14:59:44,434 [Time-limited test] INFO  ha.SequenceIdGenerator (SequenceIdGenerator.java:upgradeToSequenceId(349)) - upgrade localId to 111677748019200000
2023-01-31 14:59:44,435 [Time-limited test] INFO  ha.SequenceIdGenerator (SequenceIdGenerator.java:upgradeToSequenceId(359)) - upgrade delTxnId to 0
2023-01-31 14:59:44,446 [Time-limited test] INFO  ha.SequenceIdGenerator (SequenceIdGenerator.java:upgradeToSequenceId(376)) - upgrade containerId to 0
2023-01-31 14:59:44,449 [Time-limited test] INFO  ha.SequenceIdGenerator (SequenceIdGenerator.java:<init>(220)) - Init the HA SequenceIdGenerator.
2023-01-31 14:59:44,510 [Time-limited test] WARN  server.ServerUtils (ServerUtils.java:sanitizeUserArgs(73)) - ozone.scm.stale.node.interval value = 300000 is larger than max = 100000 based on the key value of ozone.scm.heartbeat.thread.interval, reset to the max value 100000.
2023-01-31 14:59:44,511 [Time-limited test] WARN  server.ServerUtils (ServerUtils.java:sanitizeUserArgs(73)) - ozone.scm.stale.node.interval value = 300000 is larger than max = 100000 based on the key value of ozone.scm.heartbeat.thread.interval, reset to the max value 100000.
2023-01-31 14:59:44,518 [Time-limited test] INFO  node.SCMNodeManager (SCMNodeManager.java:<init>(149)) - Entering startup safe mode.
2023-01-31 14:59:44,614 [Time-limited test] INFO  algorithms.ContainerPlacementPolicyFactory (ContainerPlacementPolicyFactory.java:getPolicyInternal(86)) - Create container placement policy of type org.apache.hadoop.hdds.scm.container.placement.algorithms.SCMContainerPlacementRandom
2023-01-31 14:59:44,618 [Time-limited test] INFO  algorithms.ContainerPlacementPolicyFactory (ContainerPlacementPolicyFactory.java:getPolicyInternal(86)) - Create container placement policy of type org.apache.hadoop.hdds.scm.container.placement.algorithms.SCMContainerPlacementRackScatter
2023-01-31 14:59:44,627 [Time-limited test] INFO  pipeline.PipelineStateManagerImpl (PipelineStateManagerImpl.java:initialize(78)) - No pipeline exists in current db
2023-01-31 14:59:44,674 [Time-limited test] INFO  algorithms.LeaderChoosePolicyFactory (LeaderChoosePolicyFactory.java:getPolicy(57)) - Create leader choose policy of type org.apache.hadoop.hdds.scm.pipeline.leader.choose.algorithms.MinLeaderCountChoosePolicy
2023-01-31 14:59:44,674 [Time-limited test] INFO  algorithms.ContainerPlacementPolicyFactory (ContainerPlacementPolicyFactory.java:getPolicyInternal(86)) - Create container placement policy of type org.apache.hadoop.hdds.scm.container.placement.algorithms.SCMContainerPlacementRackScatter
2023-01-31 14:59:44,682 [Time-limited test] INFO  ha.SCMServiceManager (SCMServiceManager.java:register(42)) - Registering service BackgroundPipelineCreator.
2023-01-31 14:59:44,683 [Time-limited test] INFO  pipeline.BackgroundPipelineCreator (BackgroundPipelineCreator.java:start(124)) - Starting RatisPipelineUtilsThread.
2023-01-31 14:59:44,687 [Time-limited test] INFO  BackgroundPipelineScrubber (BackgroundSCMService.java:start(68)) - Starting BackgroundPipelineScrubber Service.
2023-01-31 14:59:44,688 [Time-limited test] INFO  ha.SCMServiceManager (SCMServiceManager.java:register(42)) - Registering service BackgroundPipelineScrubber.
2023-01-31 14:59:44,702 [Time-limited test] INFO  ExpiredContainerReplicaOpScrubber (BackgroundSCMService.java:start(68)) - Starting ExpiredContainerReplicaOpScrubber Service.
2023-01-31 14:59:44,702 [Time-limited test] INFO  ha.SCMServiceManager (SCMServiceManager.java:register(42)) - Registering service ExpiredContainerReplicaOpScrubber.
2023-01-31 14:59:44,765 [Time-limited test] INFO  algorithms.PipelineChoosePolicyFactory (PipelineChoosePolicyFactory.java:createPipelineChoosePolicyFromClass(73)) - Create pipeline choose policy of type org.apache.hadoop.hdds.scm.pipeline.choose.algorithms.RandomPipelineChoosePolicy
2023-01-31 14:59:44,793 [Time-limited test] INFO  ha.SCMServiceManager (SCMServiceManager.java:register(42)) - Registering service SCMBlockDeletingService.
2023-01-31 14:59:44,863 [Time-limited test] INFO  replication.ReplicationManager (ReplicationManager.java:start(263)) - Starting Replication Monitor Thread.
2023-01-31 14:59:44,873 [Time-limited test] INFO  ha.SCMServiceManager (SCMServiceManager.java:register(42)) - Registering service ReplicationManager.
2023-01-31 14:59:44,883 [ReplicationMonitor] INFO  replication.ReplicationManager (ReplicationManager.java:processAll(334)) - Replication Manager is not ready to run until 3000ms after safemode exit
2023-01-31 14:59:44,885 [Time-limited test] INFO  safemode.ContainerSafeModeRule (ContainerSafeModeRule.java:<init>(89)) - containers with one replica threshold count 0
2023-01-31 14:59:44,891 [Time-limited test] INFO  safemode.HealthyPipelineSafeModeRule (HealthyPipelineSafeModeRule.java:initializeRule(169)) - Total pipeline count is 0, healthy pipeline threshold count is 0
2023-01-31 14:59:44,894 [Time-limited test] INFO  safemode.OneReplicaPipelineSafeModeRule (OneReplicaPipelineSafeModeRule.java:initializeRule(180)) - Total pipeline count is 0, pipeline's with at least one datanode reported threshold count is 0
2023-01-31 14:59:45,310 [Time-limited test] INFO  audit.AuditLogger (AuditLogger.java:refreshDebugCmdSet(126)) - Refresh DebugCmdSet for SCMAudit to [].
2023-01-31 14:59:45,351 [Time-limited test] INFO  ipc.CallQueueManager (CallQueueManager.java:<init>(90)) - Using callQueue: class java.util.concurrent.LinkedBlockingQueue, queueCapacity: 2000, scheduler: class org.apache.hadoop.ipc.DefaultRpcScheduler, ipcBackoff: false.
2023-01-31 14:59:45,403 [Socket Reader #1 for port 0] INFO  ipc.Server (Server.java:run(1273)) - Starting Socket Reader #1 for port 0
2023-01-31 14:59:45,465 [Listener at 0.0.0.0/42149] INFO  audit.AuditLogger (AuditLogger.java:refreshDebugCmdSet(126)) - Refresh DebugCmdSet for SCMAudit to [].
2023-01-31 14:59:45,470 [Listener at 0.0.0.0/42149] INFO  ipc.CallQueueManager (CallQueueManager.java:<init>(90)) - Using callQueue: class java.util.concurrent.LinkedBlockingQueue, queueCapacity: 2000, scheduler: class org.apache.hadoop.ipc.DefaultRpcScheduler, ipcBackoff: false.
2023-01-31 14:59:45,472 [Socket Reader #1 for port 0] INFO  ipc.Server (Server.java:run(1273)) - Starting Socket Reader #1 for port 0
2023-01-31 14:59:45,505 [Listener at 0.0.0.0/33153] INFO  audit.AuditLogger (AuditLogger.java:refreshDebugCmdSet(126)) - Refresh DebugCmdSet for SCMAudit to [].
2023-01-31 14:59:45,518 [Listener at 0.0.0.0/33153] INFO  ipc.CallQueueManager (CallQueueManager.java:<init>(90)) - Using callQueue: class java.util.concurrent.LinkedBlockingQueue, queueCapacity: 2000, scheduler: class org.apache.hadoop.ipc.DefaultRpcScheduler, ipcBackoff: false.
2023-01-31 14:59:45,536 [Socket Reader #1 for port 0] INFO  ipc.Server (Server.java:run(1273)) - Starting Socket Reader #1 for port 0
2023-01-31 14:59:45,604 [Listener at 0.0.0.0/37189] INFO  ha.SCMServiceManager (SCMServiceManager.java:register(42)) - Registering service ContainerBalancer.
2023-01-31 14:59:45,609 [Listener at 0.0.0.0/37189] INFO  server.StorageContainerManager (StorageContainerManager.java:<init>(401)) - 
Container Balancer status:
Key                            Value
Running                        true
Container Balancer Configuration values:
Key                                                Value
Threshold                                          10
Max Datanodes to Involve per Iteration(percent)    20
Max Size to Move per Iteration                     500GB
Max Size Entering Target per Iteration             26GB
Max Size Leaving Source per Iteration              26GB

2023-01-31 14:59:45,610 [Listener at 0.0.0.0/37189] INFO  ha.SCMContext (SCMContext.java:updateSafeModeStatus(228)) - Update SafeModeStatus from SafeModeStatus{safeModeStatus=true, preCheckPassed=false} to SafeModeStatus{safeModeStatus=true, preCheckPassed=false}.
2023-01-31 14:59:45,614 [Listener at 0.0.0.0/37189] INFO  server.StorageContainerManager (StorageContainerManager.java:start(1440)) - StorageContainerLocationProtocol RPC server is listening at /0.0.0.0:37189
2023-01-31 14:59:45,755 [Listener at 0.0.0.0/37189] WARN  impl.MetricsConfig (MetricsConfig.java:loadFirst(136)) - Cannot locate configuration: tried hadoop-metrics2-storagecontainermanager.properties,hadoop-metrics2.properties
2023-01-31 14:59:45,771 [Listener at 0.0.0.0/37189] INFO  impl.MetricsSystemImpl (MetricsSystemImpl.java:startTimer(378)) - Scheduled Metric snapshot period at 10 second(s).
2023-01-31 14:59:45,772 [Listener at 0.0.0.0/37189] INFO  impl.MetricsSystemImpl (MetricsSystemImpl.java:start(191)) - StorageContainerManager metrics system started
2023-01-31 14:59:46,055 [Listener at 0.0.0.0/37189] INFO  server.SCMClientProtocolServer (SCMClientProtocolServer.java:start(170)) - RPC server for Client  is listening at /0.0.0.0:37189
2023-01-31 14:59:46,055 [IPC Server Responder] INFO  ipc.Server (Server.java:run(1512)) - IPC Server Responder: starting
2023-01-31 14:59:46,069 [Listener at 0.0.0.0/37189] INFO  server.StorageContainerManager (StorageContainerManager.java:start(1454)) - ScmBlockLocationProtocol RPC server is listening at /0.0.0.0:33153
2023-01-31 14:59:46,073 [Listener at 0.0.0.0/37189] INFO  server.SCMBlockProtocolServer (SCMBlockProtocolServer.java:start(152)) - RPC server for Block Protocol is listening at /0.0.0.0:33153
2023-01-31 14:59:46,060 [IPC Server listener on 0] INFO  ipc.Server (Server.java:run(1352)) - IPC Server listener on 0: starting
2023-01-31 14:59:46,074 [IPC Server Responder] INFO  ipc.Server (Server.java:run(1512)) - IPC Server Responder: starting
2023-01-31 14:59:46,074 [IPC Server listener on 0] INFO  ipc.Server (Server.java:run(1352)) - IPC Server listener on 0: starting
2023-01-31 14:59:46,078 [Listener at 0.0.0.0/37189] INFO  server.SCMDatanodeProtocolServer (SCMDatanodeProtocolServer.java:start(194)) - ScmDatanodeProtocol RPC server for DataNodes is listening at /0.0.0.0:42149
2023-01-31 14:59:46,091 [IPC Server Responder] INFO  ipc.Server (Server.java:run(1512)) - IPC Server Responder: starting
2023-01-31 14:59:46,091 [IPC Server listener on 0] INFO  ipc.Server (Server.java:run(1352)) - IPC Server listener on 0: starting
2023-01-31 14:59:46,112 [org.apache.hadoop.util.JvmPauseMonitor$Monitor@411acb88] INFO  util.JvmPauseMonitor (JvmPauseMonitor.java:run(188)) - Starting JVM pause monitor
2023-01-31 14:59:46,135 [Listener at 0.0.0.0/37189] INFO  http.BaseHttpServer (BaseHttpServer.java:newHttpServer2BuilderForOzone(213)) - Starting Web-server for scm at: http://0.0.0.0:0
2023-01-31 14:59:46,136 [Listener at 0.0.0.0/37189] INFO  http.BaseHttpServer (BaseHttpServer.java:<init>(108)) - Hadoop Security Enabled: false Ozone Security Enabled: false Ozone HTTP Security Enabled: false 
2023-01-31 14:59:46,171 [Listener at 0.0.0.0/37189] INFO  util.log (Log.java:initialized(170)) - Logging initialized @5352ms to org.eclipse.jetty.util.log.Slf4jLog
2023-01-31 14:59:46,335 [Listener at 0.0.0.0/37189] WARN  server.AuthenticationFilter (AuthenticationFilter.java:constructSecretProvider(240)) - Unable to initialize FileSignerSecretProvider, falling back to use random secrets. Reason: Could not read signature secret file: /home/runner/hadoop-http-auth-signature-secret
2023-01-31 14:59:46,347 [Listener at 0.0.0.0/37189] WARN  http.HttpRequestLog (HttpRequestLog.java:getRequestLog(103)) - Jetty request log can only be enabled using Log4j
2023-01-31 14:59:46,357 [Listener at 0.0.0.0/37189] INFO  http.HttpServer2 (HttpServer2.java:addGlobalFilter(1031)) - Added global filter 'safety' (class=org.apache.hadoop.hdds.server.http.HttpServer2$QuotingInputFilter)
2023-01-31 14:59:46,361 [Listener at 0.0.0.0/37189] INFO  http.HttpServer2 (HttpServer2.java:addFilter(1007)) - Added filter static_user_filter (class=org.apache.hadoop.http.lib.StaticUserWebFilter$StaticUserFilter) to context scm
2023-01-31 14:59:46,362 [Listener at 0.0.0.0/37189] INFO  http.HttpServer2 (HttpServer2.java:addFilter(1015)) - Added filter static_user_filter (class=org.apache.hadoop.http.lib.StaticUserWebFilter$StaticUserFilter) to context static
2023-01-31 14:59:46,363 [Listener at 0.0.0.0/37189] INFO  http.HttpServer2 (HttpServer2.java:addFilter(1015)) - Added filter static_user_filter (class=org.apache.hadoop.http.lib.StaticUserWebFilter$StaticUserFilter) to context logs
2023-01-31 14:59:46,428 [Listener at 0.0.0.0/37189] INFO  http.HttpServer2 (HttpServer2.java:bindListener(1250)) - Jetty bound to port 44397
2023-01-31 14:59:46,430 [Listener at 0.0.0.0/37189] INFO  server.Server (Server.java:doStart(375)) - jetty-9.4.49.v20220914; built: 2022-09-14T01:07:36.601Z; git: 4231a3b2e4cb8548a412a789936d640a97b1aa0a; jvm 1.8.0_352-b08
2023-01-31 14:59:46,491 [Listener at 0.0.0.0/37189] INFO  server.session (DefaultSessionIdManager.java:doStart(334)) - DefaultSessionIdManager workerName=node0
2023-01-31 14:59:46,492 [Listener at 0.0.0.0/37189] INFO  server.session (DefaultSessionIdManager.java:doStart(339)) - No SessionScavenger set, using defaults
2023-01-31 14:59:46,495 [Listener at 0.0.0.0/37189] INFO  server.session (HouseKeeper.java:startScavenging(132)) - node0 Scavenging every 600000ms
2023-01-31 14:59:46,529 [Listener at 0.0.0.0/37189] INFO  handler.ContextHandler (ContextHandler.java:doStart(921)) - Started o.e.j.s.ServletContextHandler@150c21cf{logs,/logs,file:///home/runner/work/ozone/ozone/hadoop-ozone/integration-test/target/log,AVAILABLE}
2023-01-31 14:59:46,530 [Listener at 0.0.0.0/37189] INFO  handler.ContextHandler (ContextHandler.java:doStart(921)) - Started o.e.j.s.ServletContextHandler@21713be1{static,/static,file:///home/runner/work/ozone/ozone/hadoop-ozone/integration-test/target/test-classes/webapps/static,AVAILABLE}
2023-01-31 14:59:46,614 [Listener at 0.0.0.0/37189] INFO  handler.ContextHandler (ContextHandler.java:doStart(921)) - Started o.e.j.w.WebAppContext@1504116c{scm,/,file:///home/runner/work/ozone/ozone/hadoop-ozone/integration-test/target/test-classes/webapps/scm/,AVAILABLE}{file:/home/runner/work/ozone/ozone/hadoop-ozone/integration-test/target/test-classes/webapps/scm}
2023-01-31 14:59:46,627 [Listener at 0.0.0.0/37189] INFO  server.AbstractConnector (AbstractConnector.java:doStart(333)) - Started ServerConnector@5246ec44{HTTP/1.1, (http/1.1)}{0.0.0.0:44397}
2023-01-31 14:59:46,629 [Listener at 0.0.0.0/37189] INFO  server.Server (Server.java:doStart(415)) - Started @5810ms
2023-01-31 14:59:46,635 [Listener at 0.0.0.0/37189] INFO  impl.MetricsSinkAdapter (MetricsSinkAdapter.java:start(204)) - Sink prometheus started
2023-01-31 14:59:46,635 [Listener at 0.0.0.0/37189] INFO  impl.MetricsSystemImpl (MetricsSystemImpl.java:registerSink(305)) - Registered sink prometheus
2023-01-31 14:59:46,638 [Listener at 0.0.0.0/37189] INFO  http.BaseHttpServer (BaseHttpServer.java:updateConnectorAddress(333)) - HTTP server of scm listening at http://0.0.0.0:44397
2023-01-31 14:59:46,724 [Listener at 0.0.0.0/37189] INFO  audit.AuditLogger (AuditLogger.java:refreshDebugCmdSet(126)) - Refresh DebugCmdSet for OMAudit to [].
2023-01-31 14:59:46,859 [Listener at 0.0.0.0/37189] INFO  ha.OMHANodeDetails (OMHANodeDetails.java:loadOMHAConfig(121)) - ServiceID for OzoneManager is d7b2e668-8a38-458c-bfca-c69039abe64a
2023-01-31 14:59:46,870 [Listener at 0.0.0.0/37189] INFO  ha.OMHANodeDetails (OMHANodeDetails.java:loadOMHAConfig(201)) - Found matching OM address with OMServiceId: d7b2e668-8a38-458c-bfca-c69039abe64a, OMNodeId: omNode-1, RPC Address: localhost:39325 and Ratis port: 37757
2023-01-31 14:59:46,870 [Listener at 0.0.0.0/37189] INFO  ha.OMHANodeDetails (ConfUtils.java:setNodeSpecificConfigs(97)) - Setting configuration key ozone.om.http-address with value of key ozone.om.http-address.d7b2e668-8a38-458c-bfca-c69039abe64a.omNode-1: 127.0.0.1:39209
2023-01-31 14:59:46,870 [Listener at 0.0.0.0/37189] INFO  ha.OMHANodeDetails (ConfUtils.java:setNodeSpecificConfigs(97)) - Setting configuration key ozone.om.https-address with value of key ozone.om.https-address.d7b2e668-8a38-458c-bfca-c69039abe64a.omNode-1: 127.0.0.1:36703
2023-01-31 14:59:46,872 [Listener at 0.0.0.0/37189] INFO  ha.OMHANodeDetails (ConfUtils.java:setNodeSpecificConfigs(97)) - Setting configuration key ozone.om.address with value of key ozone.om.address.d7b2e668-8a38-458c-bfca-c69039abe64a.omNode-1: 127.0.0.1:39325
2023-01-31 14:59:46,873 [Listener at 0.0.0.0/37189] WARN  server.ServerUtils (ServerUtils.java:getDBPath(225)) - ozone.om.db.dirs is not configured. We recommend adding this setting. Falling back to ozone.metadata.dirs instead.
2023-01-31 14:59:46,888 [Listener at 0.0.0.0/37189] INFO  proxy.SCMBlockLocationFailoverProxyProvider (SCMBlockLocationFailoverProxyProvider.java:<init>(114)) - Created block location fail-over proxy with 1 nodes: [nodeId=scmNodeId,nodeAddress=/0.0.0.0:33153]
OM initialization succeeded.Current cluster id for sd=/home/runner/work/ozone/ozone/hadoop-ozone/integration-test/target/test-dir/MiniOzoneClusterImpl-be07318e-f8fa-49ab-9d84-e0984746a051/omNode-1/om;cid=be07318e-f8fa-49ab-9d84-e0984746a051;layoutVersion=0
2023-01-31 14:59:47,251 [Listener at 0.0.0.0/37189] INFO  ha.OMHANodeDetails (OMHANodeDetails.java:loadOMHAConfig(121)) - ServiceID for OzoneManager is d7b2e668-8a38-458c-bfca-c69039abe64a
2023-01-31 14:59:47,254 [Listener at 0.0.0.0/37189] INFO  ha.OMHANodeDetails (OMHANodeDetails.java:loadOMHAConfig(201)) - Found matching OM address with OMServiceId: d7b2e668-8a38-458c-bfca-c69039abe64a, OMNodeId: omNode-1, RPC Address: localhost:39325 and Ratis port: 37757
2023-01-31 14:59:47,256 [Listener at 0.0.0.0/37189] INFO  ha.OMHANodeDetails (ConfUtils.java:setNodeSpecificConfigs(97)) - Setting configuration key ozone.om.http-address with value of key ozone.om.http-address.d7b2e668-8a38-458c-bfca-c69039abe64a.omNode-1: 127.0.0.1:39209
2023-01-31 14:59:47,256 [Listener at 0.0.0.0/37189] INFO  ha.OMHANodeDetails (ConfUtils.java:setNodeSpecificConfigs(97)) - Setting configuration key ozone.om.https-address with value of key ozone.om.https-address.d7b2e668-8a38-458c-bfca-c69039abe64a.omNode-1: 127.0.0.1:36703
2023-01-31 14:59:47,257 [Listener at 0.0.0.0/37189] INFO  ha.OMHANodeDetails (ConfUtils.java:setNodeSpecificConfigs(97)) - Setting configuration key ozone.om.address with value of key ozone.om.address.d7b2e668-8a38-458c-bfca-c69039abe64a.omNode-1: 127.0.0.1:39325
2023-01-31 14:59:47,258 [Listener at 0.0.0.0/37189] WARN  server.ServerUtils (ServerUtils.java:getDBPath(225)) - ozone.om.db.dirs is not configured. We recommend adding this setting. Falling back to ozone.metadata.dirs instead.
2023-01-31 14:59:47,263 [Listener at 0.0.0.0/37189] INFO  upgrade.AbstractLayoutVersionManager (AbstractLayoutVersionManager.java:init(83)) - Initializing Layout version manager with metadata layout = INITIAL_VERSION (version = 0), software layout = MULTITENANCY_SCHEMA (version = 3)
2023-01-31 14:59:47,392 [Listener at 0.0.0.0/37189] INFO  reflections.Reflections (Reflections.java:scan(232)) - Reflections took 115 ms to scan 2 urls, producing 155 keys and 428 values [using 2 cores]
2023-01-31 14:59:47,401 [Listener at 0.0.0.0/37189] INFO  upgrade.OMLayoutVersionManager (OMLayoutVersionManager.java:lambda$0(115)) - Skipping Upgrade Action MockOmUpgradeAction since it has been finalized.
2023-01-31 14:59:47,402 [Listener at 0.0.0.0/37189] WARN  server.ServerUtils (ServerUtils.java:getDBPath(225)) - ozone.om.db.dirs is not configured. We recommend adding this setting. Falling back to ozone.metadata.dirs instead.
2023-01-31 14:59:47,404 [Listener at 0.0.0.0/37189] WARN  om.OzoneManager (OzoneManager.java:<init>(527)) - ozone.default.bucket.layout configured to non-legacy bucket layout FILE_SYSTEM_OPTIMIZED when Ozone Manager is pre-finalized for bucket layout support. Legacy buckets will be created by default until Ozone Manager is finalized.
2023-01-31 14:59:47,578 [Listener at 0.0.0.0/37189] INFO  proxy.SCMBlockLocationFailoverProxyProvider (SCMBlockLocationFailoverProxyProvider.java:<init>(114)) - Created block location fail-over proxy with 1 nodes: [nodeId=scmNodeId,nodeAddress=/0.0.0.0:33153]
2023-01-31 14:59:47,591 [Listener at 0.0.0.0/37189] INFO  proxy.SCMBlockLocationFailoverProxyProvider (SCMBlockLocationFailoverProxyProvider.java:<init>(114)) - Created block location fail-over proxy with 1 nodes: [nodeId=scmNodeId,nodeAddress=/0.0.0.0:33153]
2023-01-31 14:59:47,623 [Listener at 0.0.0.0/37189] WARN  server.ServerUtils (ServerUtils.java:getDBPath(225)) - ozone.om.db.dirs is not configured. We recommend adding this setting. Falling back to ozone.metadata.dirs instead.
2023-01-31 14:59:47,632 [Listener at 0.0.0.0/37189] INFO  codec.OmKeyInfoCodec (OmKeyInfoCodec.java:<init>(49)) - OmKeyInfoCodec ignorePipeline = true
2023-01-31 14:59:47,633 [Listener at 0.0.0.0/37189] INFO  codec.RepeatedOmKeyInfoCodec (RepeatedOmKeyInfoCodec.java:<init>(41)) - RepeatedOmKeyInfoCodec ignorePipeline = true
2023-01-31 14:59:47,906 [Listener at 0.0.0.0/37189] INFO  om.OzoneManager (OzoneManager.java:instantiateServices(728)) - S3 Multi-Tenancy is disabled
2023-01-31 14:59:48,028 [Listener at 0.0.0.0/37189] INFO  om.OzoneManager (OzoneManager.java:addS3GVolumeToDB(4320)) - Created Volume s3v With Owner runner required for S3Gateway operations.
2023-01-31 14:59:48,097 [Listener at 0.0.0.0/37189] WARN  server.ServerUtils (ServerUtils.java:getDefaultRatisDirectory(237)) - Storage directory for Ratis is not configured. It is a good idea to map this to an SSD disk. Falling back to ozone.metadata.dirs
2023-01-31 14:59:48,098 [Listener at 0.0.0.0/37189] WARN  utils.OzoneManagerRatisUtils (OzoneManagerRatisUtils.java:getOMRatisSnapshotDirectory(431)) - ozone.om.ratis.snapshot.dir is not configured. Falling back to ozone.metadata.dirs config
2023-01-31 14:59:48,110 [Listener at 0.0.0.0/37189] INFO  snapshot.OzoneManagerSnapshotProvider (OzoneManagerSnapshotProvider.java:<init>(76)) - Initializing OM Snapshot Provider
2023-01-31 14:59:48,252 [Listener at 0.0.0.0/37189] WARN  server.ServerUtils (ServerUtils.java:getDefaultRatisDirectory(237)) - Storage directory for Ratis is not configured. It is a good idea to map this to an SSD disk. Falling back to ozone.metadata.dirs
2023-01-31 14:59:48,289 [Listener at 0.0.0.0/37189] INFO  ratis.OzoneManagerRatisServer (OzoneManagerRatisServer.java:<init>(160)) - Instantiating OM Ratis server with groupID: d7b2e668-8a38-458c-bfca-c69039abe64a and peers: localhost:37757, localhost:39323, localhost:39059
2023-01-31 14:59:48,299 [Listener at 0.0.0.0/37189] INFO  ratis.OzoneManagerStateMachine (OzoneManagerStateMachine.java:loadSnapshotInfoFromDB(636)) - LastAppliedIndex is set from TransactionInfo from OM DB as (t:0, i:~)
2023-01-31 14:59:48,367 [Listener at 0.0.0.0/37189] INFO  server.RaftServer (ConfUtils.java:logGet(46)) - raft.rpc.type = GRPC (default)
2023-01-31 14:59:48,452 [Listener at 0.0.0.0/37189] INFO  grpc.GrpcConfigKeys (ConfUtils.java:logFallback(53)) - raft.grpc.admin.host = null (fallback to raft.grpc.server.host)
2023-01-31 14:59:48,453 [Listener at 0.0.0.0/37189] INFO  grpc.GrpcConfigKeys (ConfUtils.java:logFallback(53)) - raft.grpc.admin.port = 37757 (fallback to raft.grpc.server.port)
2023-01-31 14:59:48,454 [Listener at 0.0.0.0/37189] INFO  grpc.GrpcConfigKeys (ConfUtils.java:logFallback(53)) - raft.grpc.client.host = null (fallback to raft.grpc.server.host)
2023-01-31 14:59:48,454 [Listener at 0.0.0.0/37189] INFO  grpc.GrpcConfigKeys (ConfUtils.java:logFallback(53)) - raft.grpc.client.port = 37757 (fallback to raft.grpc.server.port)
2023-01-31 14:59:48,455 [Listener at 0.0.0.0/37189] INFO  grpc.GrpcConfigKeys (ConfUtils.java:logGet(46)) - raft.grpc.server.host = null (default)
2023-01-31 14:59:48,455 [Listener at 0.0.0.0/37189] INFO  grpc.GrpcConfigKeys (ConfUtils.java:logGet(46)) - raft.grpc.server.port = 37757 (custom)
2023-01-31 14:59:48,456 [Listener at 0.0.0.0/37189] INFO  server.GrpcService (ConfUtils.java:logGet(46)) - raft.grpc.message.size.max = 33554432 (custom)
2023-01-31 14:59:48,457 [Listener at 0.0.0.0/37189] INFO  server.RaftServerConfigKeys (ConfUtils.java:logGet(46)) - raft.server.log.appender.buffer.byte-limit = 33554432 (custom)
2023-01-31 14:59:48,457 [Listener at 0.0.0.0/37189] INFO  server.GrpcService (ConfUtils.java:logGet(46)) - raft.grpc.flow.control.window = 1MB (=1048576) (default)
2023-01-31 14:59:48,458 [Listener at 0.0.0.0/37189] INFO  server.RaftServerConfigKeys (ConfUtils.java:logGet(46)) - raft.server.rpc.request.timeout = 3000ms (default)
2023-01-31 14:59:48,474 [Listener at 0.0.0.0/37189] INFO  grpc.GrpcConfigKeys (ConfUtils.java:logGet(46)) - raft.grpc.server.heartbeat.channel = true (default)
2023-01-31 14:59:48,478 [Listener at 0.0.0.0/37189] INFO  grpc.GrpcConfigKeys (ConfUtils.java:logGet(46)) - raft.grpc.server.async.request.thread.pool.cached = true (default)
2023-01-31 14:59:48,479 [Listener at 0.0.0.0/37189] INFO  grpc.GrpcConfigKeys (ConfUtils.java:logGet(46)) - raft.grpc.server.async.request.thread.pool.size = 32 (default)
2023-01-31 14:59:48,766 [Listener at 0.0.0.0/37189] INFO  impl.DataStreamServerImpl (ConfUtils.java:logGet(46)) - raft.datastream.type = NETTY (custom)
2023-01-31 14:59:48,792 [Listener at 0.0.0.0/37189] INFO  server.RaftServerConfigKeys (ConfUtils.java:logGet(46)) - raft.server.data-stream.async.request.thread.pool.cached = false (default)
2023-01-31 14:59:48,793 [Listener at 0.0.0.0/37189] INFO  server.RaftServerConfigKeys (ConfUtils.java:logGet(46)) - raft.server.data-stream.async.request.thread.pool.size = 32 (default)
2023-01-31 14:59:48,794 [Listener at 0.0.0.0/37189] INFO  server.RaftServerConfigKeys (ConfUtils.java:logGet(46)) - raft.server.data-stream.async.write.thread.pool.size = 16 (default)
2023-01-31 14:59:48,795 [Listener at 0.0.0.0/37189] INFO  server.RaftServerConfigKeys (ConfUtils.java:logGet(46)) - raft.server.data-stream.client.pool.size = 10 (default)
2023-01-31 14:59:48,799 [Listener at 0.0.0.0/37189] INFO  netty.NettyConfigKeys$DataStream (ConfUtils.java:logGet(46)) - raft.netty.dataStream.server.use-epoll = false (default)
2023-01-31 14:59:48,800 [Listener at 0.0.0.0/37189] INFO  netty.NettyConfigKeys$DataStream (ConfUtils.java:logGet(46)) - raft.netty.dataStream.server.boss-group.size = 0 (default)
2023-01-31 14:59:48,807 [Listener at 0.0.0.0/37189] INFO  netty.NettyConfigKeys$DataStream (ConfUtils.java:logGet(46)) - raft.netty.dataStream.server.worker-group.size = 0 (default)
2023-01-31 14:59:48,808 [Listener at 0.0.0.0/37189] INFO  netty.NettyConfigKeys$DataStream (ConfUtils.java:logGet(46)) - raft.netty.dataStream.server.tls.conf = null (default)
2023-01-31 14:59:48,810 [Listener at 0.0.0.0/37189] INFO  netty.NettyConfigKeys$DataStream (ConfUtils.java:logGet(46)) - raft.netty.dataStream.host = null (default)
2023-01-31 14:59:48,810 [Listener at 0.0.0.0/37189] INFO  netty.NettyConfigKeys$DataStream (ConfUtils.java:logGet(46)) - raft.netty.dataStream.port = 0 (default)
2023-01-31 14:59:48,862 [Listener at 0.0.0.0/37189] INFO  server.RaftServerConfigKeys (ConfUtils.java:logGet(46)) - raft.server.threadpool.proxy.cached = true (default)
2023-01-31 14:59:48,867 [Listener at 0.0.0.0/37189] INFO  server.RaftServerConfigKeys (ConfUtils.java:logGet(46)) - raft.server.threadpool.proxy.size = 0 (default)
2023-01-31 14:59:48,868 [Listener at 0.0.0.0/37189] INFO  server.RaftServerConfigKeys (ConfUtils.java:logGet(46)) - raft.server.rpc.slowness.timeout = 2s (custom)
2023-01-31 14:59:48,869 [Listener at 0.0.0.0/37189] INFO  server.RaftServerConfigKeys (ConfUtils.java:logGet(46)) - raft.server.leaderelection.leader.step-down.wait-time = 10s (default)
2023-01-31 14:59:48,880 [Listener at 0.0.0.0/37189] INFO  server.RaftServerConfigKeys (ConfUtils.java:logGet(46)) - raft.server.storage.dir = [/home/runner/work/ozone/ozone/hadoop-ozone/integration-test/target/test-dir/MiniOzoneClusterImpl-be07318e-f8fa-49ab-9d84-e0984746a051/omNode-1/ratis] (custom)
2023-01-31 14:59:48,893 [Listener at 0.0.0.0/37189] INFO  server.RaftServer (RaftServerProxy.java:addNew(96)) - omNode-1: addNew group-03019F0B7508:[omNode-3|rpc:localhost:39323|priority:0|startupRole:FOLLOWER, omNode-1|rpc:localhost:37757|priority:0|startupRole:FOLLOWER, omNode-2|rpc:localhost:39059|priority:0|startupRole:FOLLOWER] returns group-03019F0B7508:java.util.concurrent.CompletableFuture@77be5a45[Not completed]
2023-01-31 14:59:48,893 [Listener at 0.0.0.0/37189] INFO  om.OzoneManager (OzoneManager.java:initializeRatisServer(2012)) - OzoneManager Ratis server initialized at port 37757
2023-01-31 14:59:48,893 [omNode-1-NettyServerStreamRpc-bossGroup--thread1] INFO  logging.LoggingHandler (AbstractInternalLogger.java:log(148)) - [id: 0xc6f56835] REGISTERED
2023-01-31 14:59:48,895 [omNode-1-NettyServerStreamRpc-bossGroup--thread1] INFO  logging.LoggingHandler (AbstractInternalLogger.java:log(148)) - [id: 0xc6f56835] BIND: 0.0.0.0/0.0.0.0:0
2023-01-31 14:59:48,901 [omNode-1-NettyServerStreamRpc-bossGroup--thread1] INFO  logging.LoggingHandler (AbstractInternalLogger.java:log(148)) - [id: 0xc6f56835, L:/0:0:0:0:0:0:0:0:37499] ACTIVE
2023-01-31 14:59:48,926 [Listener at 0.0.0.0/37189] INFO  om.OzoneManager (OzoneManager.java:getRpcServer(1135)) - Creating RPC Server
2023-01-31 14:59:48,966 [pool-54-thread-1] INFO  server.RaftServer$Division (RaftServerImpl.java:<init>(195)) - omNode-1: new RaftServerImpl for group-03019F0B7508:[omNode-3|rpc:localhost:39323|priority:0|startupRole:FOLLOWER, omNode-1|rpc:localhost:37757|priority:0|startupRole:FOLLOWER, omNode-2|rpc:localhost:39059|priority:0|startupRole:FOLLOWER] with OzoneManagerStateMachine:uninitialized
2023-01-31 14:59:48,976 [pool-54-thread-1] INFO  server.RaftServerConfigKeys (ConfUtils.java:logGet(46)) - raft.server.rpc.timeout.min = 1s (custom)
2023-01-31 14:59:48,977 [pool-54-thread-1] INFO  server.RaftServerConfigKeys (ConfUtils.java:logGet(46)) - raft.server.rpc.timeout.max = 1200ms (custom)
2023-01-31 14:59:48,978 [pool-54-thread-1] INFO  server.RaftServerConfigKeys (ConfUtils.java:logGet(46)) - raft.server.rpc.sleep.time = 25ms (default)
2023-01-31 14:59:48,978 [pool-54-thread-1] INFO  server.RaftServerConfigKeys (ConfUtils.java:logGet(46)) - raft.server.rpc.slowness.timeout = 2s (custom)
2023-01-31 14:59:48,978 [pool-54-thread-1] INFO  server.RaftServerConfigKeys (ConfUtils.java:logGet(46)) - raft.server.leaderelection.leader.step-down.wait-time = 10s (default)
2023-01-31 14:59:48,978 [pool-54-thread-1] INFO  server.RaftServerConfigKeys (ConfUtils.java:logGet(46)) - raft.server.sleep.deviation.threshold = 300ms (default)
2023-01-31 14:59:49,003 [pool-54-thread-1] INFO  server.RaftServer$Division (ServerState.java:<init>(118)) - omNode-1@group-03019F0B7508: ConfigurationManager, init=-1: peers:[omNode-3|rpc:localhost:39323|priority:0|startupRole:FOLLOWER, omNode-1|rpc:localhost:37757|priority:0|startupRole:FOLLOWER, omNode-2|rpc:localhost:39059|priority:0|startupRole:FOLLOWER]|listeners:[], old=null, confs=<EMPTY_MAP>
2023-01-31 14:59:49,004 [pool-54-thread-1] INFO  server.RaftServerConfigKeys (ConfUtils.java:logGet(46)) - raft.server.storage.dir = [/home/runner/work/ozone/ozone/hadoop-ozone/integration-test/target/test-dir/MiniOzoneClusterImpl-be07318e-f8fa-49ab-9d84-e0984746a051/omNode-1/ratis] (custom)
2023-01-31 14:59:49,019 [pool-54-thread-1] INFO  server.RaftServerConfigKeys (ConfUtils.java:logGet(46)) - raft.server.log.corruption.policy = EXCEPTION (default)
2023-01-31 14:59:49,019 [pool-54-thread-1] INFO  server.RaftServerConfigKeys (ConfUtils.java:logGet(46)) - raft.server.storage.free-space.min = 0MB (=0) (default)
2023-01-31 14:59:49,039 [pool-54-thread-1] INFO  server.RaftServerConfigKeys (ConfUtils.java:logGet(46)) - raft.server.notification.no-leader.timeout = 2s (custom)
2023-01-31 14:59:49,046 [pool-54-thread-1] INFO  server.RaftServerConfigKeys (ConfUtils.java:logGet(46)) - raft.server.retrycache.expirytime = 300s (custom)
2023-01-31 14:59:49,046 [pool-54-thread-1] INFO  server.RaftServerConfigKeys (ConfUtils.java:logGet(46)) - raft.server.retrycache.statistics.expirytime = 100μs (default)
2023-01-31 14:59:49,157 [pool-54-thread-1] INFO  server.RaftServerConfigKeys (ConfUtils.java:logGet(46)) - raft.server.log.appender.install.snapshot.enabled = false (custom)
2023-01-31 14:59:49,159 [pool-54-thread-1] INFO  server.RaftServerConfigKeys (ConfUtils.java:logGet(46)) - raft.server.threadpool.server.cached = true (default)
2023-01-31 14:59:49,159 [pool-54-thread-1] INFO  server.RaftServerConfigKeys (ConfUtils.java:logGet(46)) - raft.server.threadpool.server.size = 0 (default)
2023-01-31 14:59:49,161 [pool-54-thread-1] INFO  server.RaftServerConfigKeys (ConfUtils.java:logGet(46)) - raft.server.threadpool.client.cached = true (default)
2023-01-31 14:59:49,161 [pool-54-thread-1] INFO  server.RaftServerConfigKeys (ConfUtils.java:logGet(46)) - raft.server.threadpool.client.size = 0 (default)
2023-01-31 14:59:49,926 [Listener at 0.0.0.0/37189] INFO  reflections.Reflections (Reflections.java:scan(232)) - Reflections took 905 ms to scan 19 urls, producing 67 keys and 4594 values [using 2 cores]
2023-01-31 14:59:50,152 [Listener at 0.0.0.0/37189] INFO  ipc.CallQueueManager (CallQueueManager.java:<init>(90)) - Using callQueue: class java.util.concurrent.LinkedBlockingQueue, queueCapacity: 2000, scheduler: class org.apache.hadoop.ipc.DefaultRpcScheduler, ipcBackoff: false.
2023-01-31 14:59:50,155 [Socket Reader #1 for port 39325] INFO  ipc.Server (Server.java:run(1273)) - Starting Socket Reader #1 for port 39325
2023-01-31 14:59:50,206 [Listener at 127.0.0.1/39325] INFO  impl.MetricsSystemImpl (MetricsSystemImpl.java:init(158)) - OzoneManager metrics system started (again)
2023-01-31 14:59:50,225 [Listener at 127.0.0.1/39325] INFO  om.OzoneManager (OzoneManager.java:start(1519)) - OzoneManager RPC server is listening at localhost/127.0.0.1:39325
2023-01-31 14:59:50,225 [Listener at 127.0.0.1/39325] INFO  ratis.OzoneManagerRatisServer (OzoneManagerRatisServer.java:start(555)) - Starting OzoneManagerRatisServer omNode-1 at port 37757
2023-01-31 14:59:50,228 [omNode-1-impl-thread1] INFO  storage.RaftStorageDirectory (RaftStorageDirectoryImpl.java:analyzeStorage(137)) - The storage directory /home/runner/work/ozone/ozone/hadoop-ozone/integration-test/target/test-dir/MiniOzoneClusterImpl-be07318e-f8fa-49ab-9d84-e0984746a051/omNode-1/ratis/9784f78e-7f88-3e72-8eda-03019f0b7508 does not exist. Creating ...
2023-01-31 14:59:50,235 [omNode-1-impl-thread1] INFO  storage.RaftStorageDirectory (RaftStorageDirectoryImpl.java:tryLock(231)) - Lock on /home/runner/work/ozone/ozone/hadoop-ozone/integration-test/target/test-dir/MiniOzoneClusterImpl-be07318e-f8fa-49ab-9d84-e0984746a051/omNode-1/ratis/9784f78e-7f88-3e72-8eda-03019f0b7508/in_use.lock acquired by nodename 15060@fv-az83-829
2023-01-31 14:59:50,242 [omNode-1-impl-thread1] INFO  storage.RaftStorage (RaftStorageImpl.java:format(96)) - Storage directory /home/runner/work/ozone/ozone/hadoop-ozone/integration-test/target/test-dir/MiniOzoneClusterImpl-be07318e-f8fa-49ab-9d84-e0984746a051/omNode-1/ratis/9784f78e-7f88-3e72-8eda-03019f0b7508 has been successfully formatted.
2023-01-31 14:59:50,246 [omNode-1-impl-thread1] INFO  server.RaftServerConfigKeys (ConfUtils.java:logGet(46)) - raft.server.log.use.memory = false (default)
2023-01-31 14:59:50,256 [omNode-1-impl-thread1] INFO  server.RaftServerConfigKeys (ConfUtils.java:logGet(46)) - raft.server.log.purge.gap = 1000000 (custom)
2023-01-31 14:59:50,257 [omNode-1-impl-thread1] INFO  server.RaftServerConfigKeys (ConfUtils.java:logGet(46)) - raft.server.log.appender.buffer.byte-limit = 33554432 (custom)
2023-01-31 14:59:50,259 [omNode-1-impl-thread1] INFO  server.RaftServerConfigKeys (ConfUtils.java:logGet(46)) - raft.server.log.statemachine.data.read.timeout = 1000ms (default)
2023-01-31 14:59:50,260 [omNode-1-impl-thread1] INFO  server.RaftServerConfigKeys (ConfUtils.java:logGet(46)) - raft.server.log.purge.preservation.log.num = 0 (default)
2023-01-31 14:59:50,263 [omNode-1-impl-thread1] INFO  server.RaftServerConfigKeys (ConfUtils.java:logGet(46)) - raft.server.log.segment.size.max = 4194304 (custom)
2023-01-31 14:59:50,270 [omNode-1-impl-thread1] INFO  server.RaftServerConfigKeys (ConfUtils.java:logGet(46)) - raft.server.log.segment.cache.num.max = 2 (custom)
2023-01-31 14:59:50,270 [omNode-1-impl-thread1] INFO  server.RaftServerConfigKeys (ConfUtils.java:logGet(46)) - raft.server.log.segment.cache.size.max = 200MB (=209715200) (default)
2023-01-31 14:59:50,278 [omNode-1-impl-thread1] INFO  segmented.SegmentedRaftLogWorker (SegmentedRaftLogWorker.java:<init>(189)) - new omNode-1@group-03019F0B7508-SegmentedRaftLogWorker for RaftStorageImpl:Storage Directory /home/runner/work/ozone/ozone/hadoop-ozone/integration-test/target/test-dir/MiniOzoneClusterImpl-be07318e-f8fa-49ab-9d84-e0984746a051/omNode-1/ratis/9784f78e-7f88-3e72-8eda-03019f0b7508
2023-01-31 14:59:50,279 [omNode-1-impl-thread1] INFO  server.RaftServerConfigKeys (ConfUtils.java:logGet(46)) - raft.server.log.queue.byte-limit = 64MB (=67108864) (default)
2023-01-31 14:59:50,282 [omNode-1-impl-thread1] INFO  server.RaftServerConfigKeys (ConfUtils.java:logGet(46)) - raft.server.log.queue.element-limit = 4096 (default)
2023-01-31 14:59:50,284 [omNode-1-impl-thread1] INFO  server.RaftServerConfigKeys (ConfUtils.java:logGet(46)) - raft.server.log.segment.size.max = 4194304 (custom)
2023-01-31 14:59:50,284 [omNode-1-impl-thread1] INFO  server.RaftServerConfigKeys (ConfUtils.java:logGet(46)) - raft.server.log.preallocated.size = 4194304 (custom)
2023-01-31 14:59:50,285 [omNode-1-impl-thread1] INFO  server.RaftServerConfigKeys (ConfUtils.java:logGet(46)) - raft.server.log.force.sync.num = 128 (default)
2023-01-31 14:59:50,287 [omNode-1-impl-thread1] INFO  server.RaftServerConfigKeys (ConfUtils.java:logGet(46)) - raft.server.log.statemachine.data.sync = true (default)
2023-01-31 14:59:50,289 [omNode-1-impl-thread1] INFO  server.RaftServerConfigKeys (ConfUtils.java:logGet(46)) - raft.server.log.statemachine.data.sync.timeout = 10s (default)
2023-01-31 14:59:50,289 [omNode-1-impl-thread1] INFO  server.RaftServerConfigKeys (ConfUtils.java:logGet(46)) - raft.server.log.statemachine.data.sync.timeout.retry = -1 (default)
2023-01-31 14:59:50,308 [omNode-1-impl-thread1] INFO  server.RaftServerConfigKeys (ConfUtils.java:logGet(46)) - raft.server.log.write.buffer.size = 64KB (=65536) (default)
2023-01-31 14:59:50,308 [omNode-1-impl-thread1] INFO  server.RaftServerConfigKeys (ConfUtils.java:logGet(46)) - raft.server.log.appender.buffer.byte-limit = 33554432 (custom)
2023-01-31 14:59:50,314 [omNode-1-impl-thread1] INFO  server.RaftServerConfigKeys (ConfUtils.java:logGet(46)) - raft.server.log.unsafe-flush.enabled = false (default)
2023-01-31 14:59:50,315 [omNode-1-impl-thread1] INFO  server.RaftServerConfigKeys (ConfUtils.java:logGet(46)) - raft.server.log.async-flush.enabled = false (default)
2023-01-31 14:59:50,315 [omNode-1-impl-thread1] INFO  server.RaftServerConfigKeys (ConfUtils.java:logGet(46)) - raft.server.log.statemachine.data.caching.enabled = false (default)
2023-01-31 14:59:50,323 [omNode-1-impl-thread1] INFO  segmented.SegmentedRaftLogWorker (SegmentedRaftLogWorker.java:lambda$new$0(135)) - omNode-1@group-03019F0B7508-SegmentedRaftLogWorker: flushIndex: setUnconditionally 0 -> -1
2023-01-31 14:59:50,323 [omNode-1-impl-thread1] INFO  segmented.SegmentedRaftLogWorker (SegmentedRaftLogWorker.java:lambda$new$0(135)) - omNode-1@group-03019F0B7508-SegmentedRaftLogWorker: safeCacheEvictIndex: setUnconditionally 0 -> -1
2023-01-31 14:59:50,329 [omNode-1-impl-thread1] INFO  server.RaftServer$Division (RaftServerImpl.java:start(334)) - omNode-1@group-03019F0B7508: start as a follower, conf=-1: peers:[omNode-3|rpc:localhost:39323|priority:0|startupRole:FOLLOWER, omNode-1|rpc:localhost:37757|priority:0|startupRole:FOLLOWER, omNode-2|rpc:localhost:39059|priority:0|startupRole:FOLLOWER]|listeners:[], old=null
2023-01-31 14:59:50,330 [omNode-1-impl-thread1] INFO  server.RaftServer$Division (RaftServerImpl.java:setRole(321)) - omNode-1@group-03019F0B7508: changes role from      null to FOLLOWER at term 0 for startAsFollower
2023-01-31 14:59:50,334 [omNode-1-impl-thread1] INFO  impl.RoleInfo (RoleInfo.java:updateAndGet(139)) - omNode-1: start omNode-1@group-03019F0B7508-FollowerState
2023-01-31 14:59:50,336 [omNode-1-impl-thread1] INFO  util.JmxRegister (JmxRegister.java:tryRegister(44)) - Successfully registered JMX Bean with object name Ratis:service=RaftServer,group=group-03019F0B7508,id=omNode-1
2023-01-31 14:59:50,338 [omNode-1-impl-thread1] INFO  server.RaftServerConfigKeys (ConfUtils.java:logGet(46)) - raft.server.snapshot.auto.trigger.enabled = true (custom)
2023-01-31 14:59:50,342 [omNode-1-impl-thread1] INFO  server.RaftServerConfigKeys (ConfUtils.java:logGet(46)) - raft.server.snapshot.auto.trigger.threshold = 400000 (default)
2023-01-31 14:59:50,343 [omNode-1-impl-thread1] INFO  server.RaftServerConfigKeys (ConfUtils.java:logGet(46)) - raft.server.snapshot.retention.file.num = -1 (default)
2023-01-31 14:59:50,345 [omNode-1@group-03019F0B7508-FollowerState] INFO  server.RaftServerConfigKeys (ConfUtils.java:logFallback(53)) - raft.server.rpc.first-election.timeout.min = 1s (fallback to raft.server.rpc.timeout.min)
2023-01-31 14:59:50,345 [omNode-1@group-03019F0B7508-FollowerState] INFO  server.RaftServerConfigKeys (ConfUtils.java:logFallback(53)) - raft.server.rpc.first-election.timeout.max = 1200ms (fallback to raft.server.rpc.timeout.max)
2023-01-31 14:59:50,346 [omNode-1-impl-thread1] INFO  server.RaftServerConfigKeys (ConfUtils.java:logGet(46)) - raft.server.log.purge.upto.snapshot.index = true (custom)
2023-01-31 14:59:50,351 [Listener at 127.0.0.1/39325] INFO  server.RaftServer (RaftServerProxy.java:startImpl(393)) - omNode-1: start RPC server
2023-01-31 14:59:50,375 [Listener at 127.0.0.1/39325] INFO  server.GrpcService (GrpcService.java:startImpl(262)) - omNode-1: GrpcService started, listening on 37757
2023-01-31 14:59:50,378 [Listener at 127.0.0.1/39325] INFO  upgrade.UpgradeFinalizer (BasicUpgradeFinalizer.java:runPrefinalizeStateActions(282)) - Running pre-finalized state validations for unfinalized layout features.
2023-01-31 14:59:50,380 [Listener at 127.0.0.1/39325] INFO  upgrade.UpgradeFinalizer (BasicUpgradeFinalizer.java:runPrefinalizeStateActions(295)) - Running first upgrade commands for unfinalized layout features.
2023-01-31 14:59:50,380 [Listener at 127.0.0.1/39325] INFO  om.OzoneManager (OzoneManager.java:start(1535)) - Version File has different layout version (0) than OM DB (null). That is expected if this OM has never been finalized to a newer layout version.
2023-01-31 14:59:50,381 [JvmPauseMonitor0] INFO  util.JvmPauseMonitor (JvmPauseMonitor.java:run(105)) - JvmPauseMonitor-omNode-1: Started
2023-01-31 14:59:50,399 [Listener at 127.0.0.1/39325] INFO  http.BaseHttpServer (BaseHttpServer.java:newHttpServer2BuilderForOzone(213)) - Starting Web-server for ozoneManager at: http://0.0.0.0:39209
2023-01-31 14:59:50,399 [Listener at 127.0.0.1/39325] INFO  http.BaseHttpServer (BaseHttpServer.java:<init>(108)) - Hadoop Security Enabled: false Ozone Security Enabled: false Ozone HTTP Security Enabled: false 
2023-01-31 14:59:50,401 [Listener at 127.0.0.1/39325] WARN  server.AuthenticationFilter (AuthenticationFilter.java:constructSecretProvider(240)) - Unable to initialize FileSignerSecretProvider, falling back to use random secrets. Reason: Could not read signature secret file: /home/runner/hadoop-http-auth-signature-secret
2023-01-31 14:59:50,407 [Listener at 127.0.0.1/39325] WARN  http.HttpRequestLog (HttpRequestLog.java:getRequestLog(103)) - Jetty request log can only be enabled using Log4j
2023-01-31 14:59:50,409 [Listener at 127.0.0.1/39325] INFO  http.HttpServer2 (HttpServer2.java:addGlobalFilter(1031)) - Added global filter 'safety' (class=org.apache.hadoop.hdds.server.http.HttpServer2$QuotingInputFilter)
2023-01-31 14:59:50,410 [Listener at 127.0.0.1/39325] INFO  http.HttpServer2 (HttpServer2.java:addFilter(1007)) - Added filter static_user_filter (class=org.apache.hadoop.http.lib.StaticUserWebFilter$StaticUserFilter) to context ozoneManager
2023-01-31 14:59:50,410 [Listener at 127.0.0.1/39325] INFO  http.HttpServer2 (HttpServer2.java:addFilter(1015)) - Added filter static_user_filter (class=org.apache.hadoop.http.lib.StaticUserWebFilter$StaticUserFilter) to context static
2023-01-31 14:59:50,410 [Listener at 127.0.0.1/39325] INFO  http.HttpServer2 (HttpServer2.java:addFilter(1015)) - Added filter static_user_filter (class=org.apache.hadoop.http.lib.StaticUserWebFilter$StaticUserFilter) to context logs
2023-01-31 14:59:50,416 [Listener at 127.0.0.1/39325] INFO  http.HttpServer2 (HttpServer2.java:bindListener(1250)) - Jetty bound to port 39209
2023-01-31 14:59:50,416 [Listener at 127.0.0.1/39325] INFO  server.Server (Server.java:doStart(375)) - jetty-9.4.49.v20220914; built: 2022-09-14T01:07:36.601Z; git: 4231a3b2e4cb8548a412a789936d640a97b1aa0a; jvm 1.8.0_352-b08
2023-01-31 14:59:50,428 [Listener at 127.0.0.1/39325] INFO  server.session (DefaultSessionIdManager.java:doStart(334)) - DefaultSessionIdManager workerName=node0
2023-01-31 14:59:50,429 [Listener at 127.0.0.1/39325] INFO  server.session (DefaultSessionIdManager.java:doStart(339)) - No SessionScavenger set, using defaults
2023-01-31 14:59:50,429 [Listener at 127.0.0.1/39325] INFO  server.session (HouseKeeper.java:startScavenging(132)) - node0 Scavenging every 600000ms
2023-01-31 14:59:50,430 [Listener at 127.0.0.1/39325] INFO  handler.ContextHandler (ContextHandler.java:doStart(921)) - Started o.e.j.s.ServletContextHandler@251b82cf{logs,/logs,file:///home/runner/work/ozone/ozone/hadoop-ozone/integration-test/target/log,AVAILABLE}
2023-01-31 14:59:50,431 [Listener at 127.0.0.1/39325] INFO  handler.ContextHandler (ContextHandler.java:doStart(921)) - Started o.e.j.s.ServletContextHandler@2b79a218{static,/static,file:///home/runner/work/ozone/ozone/hadoop-ozone/integration-test/target/test-classes/webapps/static,AVAILABLE}
2023-01-31 14:59:50,436 [Listener at 127.0.0.1/39325] INFO  handler.ContextHandler (ContextHandler.java:doStart(921)) - Started o.e.j.w.WebAppContext@2fd016c6{ozoneManager,/,file:///home/runner/work/ozone/ozone/hadoop-ozone/integration-test/target/test-classes/webapps/ozoneManager/,AVAILABLE}{file:/home/runner/work/ozone/ozone/hadoop-ozone/integration-test/target/test-classes/webapps/ozoneManager}
2023-01-31 14:59:50,437 [Listener at 127.0.0.1/39325] INFO  server.AbstractConnector (AbstractConnector.java:doStart(333)) - Started ServerConnector@7d4d2969{HTTP/1.1, (http/1.1)}{0.0.0.0:39209}
2023-01-31 14:59:50,438 [Listener at 127.0.0.1/39325] INFO  server.Server (Server.java:doStart(415)) - Started @9619ms
2023-01-31 14:59:50,438 [Listener at 127.0.0.1/39325] WARN  impl.MetricsSystemImpl (MetricsSystemImpl.java:register(279)) - Sink prometheus already exists!
2023-01-31 14:59:50,439 [Listener at 127.0.0.1/39325] INFO  http.BaseHttpServer (BaseHttpServer.java:updateConnectorAddress(333)) - HTTP server of ozoneManager listening at http://0.0.0.0:39209
2023-01-31 14:59:50,439 [IPC Server Responder] INFO  ipc.Server (Server.java:run(1512)) - IPC Server Responder: starting
2023-01-31 14:59:50,439 [IPC Server listener on 39325] INFO  ipc.Server (Server.java:run(1352)) - IPC Server listener on 39325: starting
2023-01-31 14:59:50,446 [Listener at 127.0.0.1/39325] INFO  om.OzoneManager (OzoneManager.java:startTrashEmptier(1956)) - Trash Interval set to 0. Files deleted won't move to trash
2023-01-31 14:59:50,447 [Listener at 127.0.0.1/39325] INFO  ozone.MiniOzoneHAClusterImpl (MiniOzoneHAClusterImpl.java:createOMService(527)) - Started OzoneManager omNode-1 RPC server at localhost/127.0.0.1:39325
2023-01-31 14:59:50,448 [Listener at 127.0.0.1/39325] INFO  ha.OMHANodeDetails (OMHANodeDetails.java:loadOMHAConfig(121)) - ServiceID for OzoneManager is d7b2e668-8a38-458c-bfca-c69039abe64a
2023-01-31 14:59:50,449 [Listener at 127.0.0.1/39325] INFO  ha.OMHANodeDetails (OMHANodeDetails.java:loadOMHAConfig(201)) - Found matching OM address with OMServiceId: d7b2e668-8a38-458c-bfca-c69039abe64a, OMNodeId: omNode-2, RPC Address: localhost:37721 and Ratis port: 39059
2023-01-31 14:59:50,449 [Listener at 127.0.0.1/39325] INFO  ha.OMHANodeDetails (ConfUtils.java:setNodeSpecificConfigs(97)) - Setting configuration key ozone.om.http-address with value of key ozone.om.http-address.d7b2e668-8a38-458c-bfca-c69039abe64a.omNode-2: 127.0.0.1:35261
2023-01-31 14:59:50,449 [Listener at 127.0.0.1/39325] INFO  ha.OMHANodeDetails (ConfUtils.java:setNodeSpecificConfigs(97)) - Setting configuration key ozone.om.https-address with value of key ozone.om.https-address.d7b2e668-8a38-458c-bfca-c69039abe64a.omNode-2: 127.0.0.1:46543
2023-01-31 14:59:50,449 [Listener at 127.0.0.1/39325] INFO  ha.OMHANodeDetails (ConfUtils.java:setNodeSpecificConfigs(97)) - Setting configuration key ozone.om.address with value of key ozone.om.address.d7b2e668-8a38-458c-bfca-c69039abe64a.omNode-2: 127.0.0.1:37721
2023-01-31 14:59:50,450 [Listener at 127.0.0.1/39325] WARN  server.ServerUtils (ServerUtils.java:getDBPath(225)) - ozone.om.db.dirs is not configured. We recommend adding this setting. Falling back to ozone.metadata.dirs instead.
2023-01-31 14:59:50,451 [Listener at 127.0.0.1/39325] INFO  proxy.SCMBlockLocationFailoverProxyProvider (SCMBlockLocationFailoverProxyProvider.java:<init>(114)) - Created block location fail-over proxy with 1 nodes: [nodeId=scmNodeId,nodeAddress=/0.0.0.0:33153]
2023-01-31 14:59:50,452 [org.apache.hadoop.util.JvmPauseMonitor$Monitor@c3f1bda] INFO  util.JvmPauseMonitor (JvmPauseMonitor.java:run(188)) - Starting JVM pause monitor
OM initialization succeeded.Current cluster id for sd=/home/runner/work/ozone/ozone/hadoop-ozone/integration-test/target/test-dir/MiniOzoneClusterImpl-be07318e-f8fa-49ab-9d84-e0984746a051/omNode-2/om;cid=be07318e-f8fa-49ab-9d84-e0984746a051;layoutVersion=0
2023-01-31 14:59:50,461 [Listener at 127.0.0.1/39325] INFO  ha.OMHANodeDetails (OMHANodeDetails.java:loadOMHAConfig(121)) - ServiceID for OzoneManager is d7b2e668-8a38-458c-bfca-c69039abe64a
2023-01-31 14:59:50,462 [Listener at 127.0.0.1/39325] INFO  ha.OMHANodeDetails (OMHANodeDetails.java:loadOMHAConfig(201)) - Found matching OM address with OMServiceId: d7b2e668-8a38-458c-bfca-c69039abe64a, OMNodeId: omNode-2, RPC Address: localhost:37721 and Ratis port: 39059
2023-01-31 14:59:50,462 [Listener at 127.0.0.1/39325] INFO  ha.OMHANodeDetails (ConfUtils.java:setNodeSpecificConfigs(97)) - Setting configuration key ozone.om.http-address with value of key ozone.om.http-address.d7b2e668-8a38-458c-bfca-c69039abe64a.omNode-2: 127.0.0.1:35261
2023-01-31 14:59:50,462 [Listener at 127.0.0.1/39325] INFO  ha.OMHANodeDetails (ConfUtils.java:setNodeSpecificConfigs(97)) - Setting configuration key ozone.om.https-address with value of key ozone.om.https-address.d7b2e668-8a38-458c-bfca-c69039abe64a.omNode-2: 127.0.0.1:46543
2023-01-31 14:59:50,462 [Listener at 127.0.0.1/39325] INFO  ha.OMHANodeDetails (ConfUtils.java:setNodeSpecificConfigs(97)) - Setting configuration key ozone.om.address with value of key ozone.om.address.d7b2e668-8a38-458c-bfca-c69039abe64a.omNode-2: 127.0.0.1:37721
2023-01-31 14:59:50,462 [Listener at 127.0.0.1/39325] WARN  server.ServerUtils (ServerUtils.java:getDBPath(225)) - ozone.om.db.dirs is not configured. We recommend adding this setting. Falling back to ozone.metadata.dirs instead.
2023-01-31 14:59:50,464 [Listener at 127.0.0.1/39325] INFO  upgrade.AbstractLayoutVersionManager (AbstractLayoutVersionManager.java:init(83)) - Initializing Layout version manager with metadata layout = INITIAL_VERSION (version = 0), software layout = MULTITENANCY_SCHEMA (version = 3)
2023-01-31 14:59:50,534 [Listener at 127.0.0.1/39325] INFO  reflections.Reflections (Reflections.java:scan(232)) - Reflections took 69 ms to scan 2 urls, producing 155 keys and 428 values [using 2 cores]
2023-01-31 14:59:50,535 [Listener at 127.0.0.1/39325] INFO  upgrade.OMLayoutVersionManager (OMLayoutVersionManager.java:lambda$0(115)) - Skipping Upgrade Action MockOmUpgradeAction since it has been finalized.
2023-01-31 14:59:50,535 [Listener at 127.0.0.1/39325] WARN  server.ServerUtils (ServerUtils.java:getDBPath(225)) - ozone.om.db.dirs is not configured. We recommend adding this setting. Falling back to ozone.metadata.dirs instead.
2023-01-31 14:59:50,535 [Listener at 127.0.0.1/39325] WARN  om.OzoneManager (OzoneManager.java:<init>(527)) - ozone.default.bucket.layout configured to non-legacy bucket layout FILE_SYSTEM_OPTIMIZED when Ozone Manager is pre-finalized for bucket layout support. Legacy buckets will be created by default until Ozone Manager is finalized.
2023-01-31 14:59:50,536 [Listener at 127.0.0.1/39325] INFO  proxy.SCMBlockLocationFailoverProxyProvider (SCMBlockLocationFailoverProxyProvider.java:<init>(114)) - Created block location fail-over proxy with 1 nodes: [nodeId=scmNodeId,nodeAddress=/0.0.0.0:33153]
2023-01-31 14:59:50,541 [Listener at 127.0.0.1/39325] INFO  proxy.SCMBlockLocationFailoverProxyProvider (SCMBlockLocationFailoverProxyProvider.java:<init>(114)) - Created block location fail-over proxy with 1 nodes: [nodeId=scmNodeId,nodeAddress=/0.0.0.0:33153]
2023-01-31 14:59:50,547 [Listener at 127.0.0.1/39325] WARN  server.ServerUtils (ServerUtils.java:getDBPath(225)) - ozone.om.db.dirs is not configured. We recommend adding this setting. Falling back to ozone.metadata.dirs instead.
2023-01-31 14:59:50,547 [Listener at 127.0.0.1/39325] INFO  codec.OmKeyInfoCodec (OmKeyInfoCodec.java:<init>(49)) - OmKeyInfoCodec ignorePipeline = true
2023-01-31 14:59:50,548 [Listener at 127.0.0.1/39325] INFO  codec.RepeatedOmKeyInfoCodec (RepeatedOmKeyInfoCodec.java:<init>(41)) - RepeatedOmKeyInfoCodec ignorePipeline = true
2023-01-31 14:59:50,784 [Listener at 127.0.0.1/39325] INFO  om.OzoneManager (OzoneManager.java:instantiateServices(728)) - S3 Multi-Tenancy is disabled
2023-01-31 14:59:50,786 [Listener at 127.0.0.1/39325] INFO  om.OzoneManager (OzoneManager.java:addS3GVolumeToDB(4320)) - Created Volume s3v With Owner runner required for S3Gateway operations.
2023-01-31 14:59:50,786 [Listener at 127.0.0.1/39325] WARN  server.ServerUtils (ServerUtils.java:getDefaultRatisDirectory(237)) - Storage directory for Ratis is not configured. It is a good idea to map this to an SSD disk. Falling back to ozone.metadata.dirs
2023-01-31 14:59:50,787 [Listener at 127.0.0.1/39325] WARN  utils.OzoneManagerRatisUtils (OzoneManagerRatisUtils.java:getOMRatisSnapshotDirectory(431)) - ozone.om.ratis.snapshot.dir is not configured. Falling back to ozone.metadata.dirs config
2023-01-31 14:59:50,787 [Listener at 127.0.0.1/39325] INFO  snapshot.OzoneManagerSnapshotProvider (OzoneManagerSnapshotProvider.java:<init>(76)) - Initializing OM Snapshot Provider
2023-01-31 14:59:50,788 [Listener at 127.0.0.1/39325] WARN  impl.MetricRegistriesImpl (MetricRegistriesImpl.java:addReporterRegistration(111)) - New reporters are added after registries were created. Some metrics will be missing from the reporter. Please add reporter before adding any new registry.
2023-01-31 14:59:50,789 [Listener at 127.0.0.1/39325] WARN  impl.MetricRegistriesImpl (MetricRegistriesImpl.java:addReporterRegistration(111)) - New reporters are added after registries were created. Some metrics will be missing from the reporter. Please add reporter before adding any new registry.
2023-01-31 14:59:50,789 [Listener at 127.0.0.1/39325] WARN  server.ServerUtils (ServerUtils.java:getDefaultRatisDirectory(237)) - Storage directory for Ratis is not configured. It is a good idea to map this to an SSD disk. Falling back to ozone.metadata.dirs
2023-01-31 14:59:50,790 [Listener at 127.0.0.1/39325] INFO  ratis.OzoneManagerRatisServer (OzoneManagerRatisServer.java:<init>(160)) - Instantiating OM Ratis server with groupID: d7b2e668-8a38-458c-bfca-c69039abe64a and peers: localhost:39059, localhost:39323, localhost:37757
2023-01-31 14:59:50,791 [Listener at 127.0.0.1/39325] INFO  ratis.OzoneManagerStateMachine (OzoneManagerStateMachine.java:loadSnapshotInfoFromDB(636)) - LastAppliedIndex is set from TransactionInfo from OM DB as (t:0, i:~)
2023-01-31 14:59:50,791 [Listener at 127.0.0.1/39325] INFO  server.RaftServer (ConfUtils.java:logGet(46)) - raft.rpc.type = GRPC (default)
2023-01-31 14:59:50,791 [Listener at 127.0.0.1/39325] INFO  grpc.GrpcConfigKeys (ConfUtils.java:logFallback(53)) - raft.grpc.admin.host = null (fallback to raft.grpc.server.host)
2023-01-31 14:59:50,791 [Listener at 127.0.0.1/39325] INFO  grpc.GrpcConfigKeys (ConfUtils.java:logFallback(53)) - raft.grpc.admin.port = 39059 (fallback to raft.grpc.server.port)
2023-01-31 14:59:50,792 [Listener at 127.0.0.1/39325] INFO  grpc.GrpcConfigKeys (ConfUtils.java:logFallback(53)) - raft.grpc.client.host = null (fallback to raft.grpc.server.host)
2023-01-31 14:59:50,792 [Listener at 127.0.0.1/39325] INFO  grpc.GrpcConfigKeys (ConfUtils.java:logFallback(53)) - raft.grpc.client.port = 39059 (fallback to raft.grpc.server.port)
2023-01-31 14:59:50,792 [Listener at 127.0.0.1/39325] INFO  grpc.GrpcConfigKeys (ConfUtils.java:logGet(46)) - raft.grpc.server.host = null (default)
2023-01-31 14:59:50,792 [Listener at 127.0.0.1/39325] INFO  grpc.GrpcConfigKeys (ConfUtils.java:logGet(46)) - raft.grpc.server.port = 39059 (custom)
2023-01-31 14:59:50,792 [Listener at 127.0.0.1/39325] INFO  server.GrpcService (ConfUtils.java:logGet(46)) - raft.grpc.message.size.max = 33554432 (custom)
2023-01-31 14:59:50,792 [Listener at 127.0.0.1/39325] INFO  server.RaftServerConfigKeys (ConfUtils.java:logGet(46)) - raft.server.log.appender.buffer.byte-limit = 33554432 (custom)
2023-01-31 14:59:50,792 [Listener at 127.0.0.1/39325] INFO  server.GrpcService (ConfUtils.java:logGet(46)) - raft.grpc.flow.control.window = 1MB (=1048576) (default)
2023-01-31 14:59:50,793 [Listener at 127.0.0.1/39325] INFO  server.RaftServerConfigKeys (ConfUtils.java:logGet(46)) - raft.server.rpc.request.timeout = 3000ms (default)
2023-01-31 14:59:50,793 [Listener at 127.0.0.1/39325] INFO  grpc.GrpcConfigKeys (ConfUtils.java:logGet(46)) - raft.grpc.server.heartbeat.channel = true (default)
2023-01-31 14:59:50,793 [Listener at 127.0.0.1/39325] INFO  grpc.GrpcConfigKeys (ConfUtils.java:logGet(46)) - raft.grpc.server.async.request.thread.pool.cached = true (default)
2023-01-31 14:59:50,793 [Listener at 127.0.0.1/39325] INFO  grpc.GrpcConfigKeys (ConfUtils.java:logGet(46)) - raft.grpc.server.async.request.thread.pool.size = 32 (default)
2023-01-31 14:59:50,794 [Listener at 127.0.0.1/39325] INFO  impl.DataStreamServerImpl (ConfUtils.java:logGet(46)) - raft.datastream.type = NETTY (custom)
2023-01-31 14:59:50,795 [Listener at 127.0.0.1/39325] INFO  server.RaftServerConfigKeys (ConfUtils.java:logGet(46)) - raft.server.data-stream.async.request.thread.pool.cached = false (default)
2023-01-31 14:59:50,796 [Listener at 127.0.0.1/39325] INFO  server.RaftServerConfigKeys (ConfUtils.java:logGet(46)) - raft.server.data-stream.async.request.thread.pool.size = 32 (default)
2023-01-31 14:59:50,796 [Listener at 127.0.0.1/39325] INFO  server.RaftServerConfigKeys (ConfUtils.java:logGet(46)) - raft.server.data-stream.async.write.thread.pool.size = 16 (default)
2023-01-31 14:59:50,796 [Listener at 127.0.0.1/39325] INFO  server.RaftServerConfigKeys (ConfUtils.java:logGet(46)) - raft.server.data-stream.client.pool.size = 10 (default)
2023-01-31 14:59:50,796 [Listener at 127.0.0.1/39325] INFO  netty.NettyConfigKeys$DataStream (ConfUtils.java:logGet(46)) - raft.netty.dataStream.server.use-epoll = false (default)
2023-01-31 14:59:50,796 [Listener at 127.0.0.1/39325] INFO  netty.NettyConfigKeys$DataStream (ConfUtils.java:logGet(46)) - raft.netty.dataStream.server.boss-group.size = 0 (default)
2023-01-31 14:59:50,797 [Listener at 127.0.0.1/39325] INFO  netty.NettyConfigKeys$DataStream (ConfUtils.java:logGet(46)) - raft.netty.dataStream.server.worker-group.size = 0 (default)
2023-01-31 14:59:50,797 [Listener at 127.0.0.1/39325] INFO  netty.NettyConfigKeys$DataStream (ConfUtils.java:logGet(46)) - raft.netty.dataStream.server.tls.conf = null (default)
2023-01-31 14:59:50,797 [Listener at 127.0.0.1/39325] INFO  netty.NettyConfigKeys$DataStream (ConfUtils.java:logGet(46)) - raft.netty.dataStream.host = null (default)
2023-01-31 14:59:50,797 [Listener at 127.0.0.1/39325] INFO  netty.NettyConfigKeys$DataStream (ConfUtils.java:logGet(46)) - raft.netty.dataStream.port = 0 (default)
2023-01-31 14:59:50,807 [Listener at 127.0.0.1/39325] INFO  server.RaftServerConfigKeys (ConfUtils.java:logGet(46)) - raft.server.threadpool.proxy.cached = true (default)
2023-01-31 14:59:50,807 [Listener at 127.0.0.1/39325] INFO  server.RaftServerConfigKeys (ConfUtils.java:logGet(46)) - raft.server.threadpool.proxy.size = 0 (default)
2023-01-31 14:59:50,808 [Listener at 127.0.0.1/39325] INFO  server.RaftServerConfigKeys (ConfUtils.java:logGet(46)) - raft.server.rpc.slowness.timeout = 2s (custom)
2023-01-31 14:59:50,808 [Listener at 127.0.0.1/39325] INFO  server.RaftServerConfigKeys (ConfUtils.java:logGet(46)) - raft.server.leaderelection.leader.step-down.wait-time = 10s (default)
2023-01-31 14:59:50,808 [Listener at 127.0.0.1/39325] INFO  server.RaftServerConfigKeys (ConfUtils.java:logGet(46)) - raft.server.storage.dir = [/home/runner/work/ozone/ozone/hadoop-ozone/integration-test/target/test-dir/MiniOzoneClusterImpl-be07318e-f8fa-49ab-9d84-e0984746a051/omNode-2/ratis] (custom)
2023-01-31 14:59:50,817 [omNode-2-NettyServerStreamRpc-bossGroup--thread1] INFO  logging.LoggingHandler (AbstractInternalLogger.java:log(148)) - [id: 0x9ff824bc] REGISTERED
2023-01-31 14:59:50,818 [omNode-2-NettyServerStreamRpc-bossGroup--thread1] INFO  logging.LoggingHandler (AbstractInternalLogger.java:log(148)) - [id: 0x9ff824bc] BIND: 0.0.0.0/0.0.0.0:0
2023-01-31 14:59:50,818 [omNode-2-NettyServerStreamRpc-bossGroup--thread1] INFO  logging.LoggingHandler (AbstractInternalLogger.java:log(148)) - [id: 0x9ff824bc, L:/0:0:0:0:0:0:0:0:43045] ACTIVE
2023-01-31 14:59:50,819 [Listener at 127.0.0.1/39325] INFO  server.RaftServer (RaftServerProxy.java:addNew(96)) - omNode-2: addNew group-03019F0B7508:[omNode-3|rpc:localhost:39323|priority:0|startupRole:FOLLOWER, omNode-1|rpc:localhost:37757|priority:0|startupRole:FOLLOWER, omNode-2|rpc:localhost:39059|priority:0|startupRole:FOLLOWER] returns group-03019F0B7508:java.util.concurrent.CompletableFuture@fb6c9f8[Not completed]
2023-01-31 14:59:50,819 [Listener at 127.0.0.1/39325] INFO  om.OzoneManager (OzoneManager.java:initializeRatisServer(2012)) - OzoneManager Ratis server initialized at port 39059
2023-01-31 14:59:50,819 [pool-81-thread-1] INFO  server.RaftServer$Division (RaftServerImpl.java:<init>(195)) - omNode-2: new RaftServerImpl for group-03019F0B7508:[omNode-3|rpc:localhost:39323|priority:0|startupRole:FOLLOWER, omNode-1|rpc:localhost:37757|priority:0|startupRole:FOLLOWER, omNode-2|rpc:localhost:39059|priority:0|startupRole:FOLLOWER] with OzoneManagerStateMachine:uninitialized
2023-01-31 14:59:50,819 [pool-81-thread-1] INFO  server.RaftServerConfigKeys (ConfUtils.java:logGet(46)) - raft.server.rpc.timeout.min = 1s (custom)
2023-01-31 14:59:50,820 [pool-81-thread-1] INFO  server.RaftServerConfigKeys (ConfUtils.java:logGet(46)) - raft.server.rpc.timeout.max = 1200ms (custom)
2023-01-31 14:59:50,820 [pool-81-thread-1] INFO  server.RaftServerConfigKeys (ConfUtils.java:logGet(46)) - raft.server.rpc.sleep.time = 25ms (default)
2023-01-31 14:59:50,820 [pool-81-thread-1] INFO  server.RaftServerConfigKeys (ConfUtils.java:logGet(46)) - raft.server.rpc.slowness.timeout = 2s (custom)
2023-01-31 14:59:50,820 [pool-81-thread-1] INFO  server.RaftServerConfigKeys (ConfUtils.java:logGet(46)) - raft.server.leaderelection.leader.step-down.wait-time = 10s (default)
2023-01-31 14:59:50,820 [pool-81-thread-1] INFO  server.RaftServerConfigKeys (ConfUtils.java:logGet(46)) - raft.server.sleep.deviation.threshold = 300ms (default)
2023-01-31 14:59:50,820 [pool-81-thread-1] INFO  server.RaftServer$Division (ServerState.java:<init>(118)) - omNode-2@group-03019F0B7508: ConfigurationManager, init=-1: peers:[omNode-3|rpc:localhost:39323|priority:0|startupRole:FOLLOWER, omNode-1|rpc:localhost:37757|priority:0|startupRole:FOLLOWER, omNode-2|rpc:localhost:39059|priority:0|startupRole:FOLLOWER]|listeners:[], old=null, confs=<EMPTY_MAP>
2023-01-31 14:59:50,822 [Listener at 127.0.0.1/39325] INFO  om.OzoneManager (OzoneManager.java:getRpcServer(1135)) - Creating RPC Server
2023-01-31 14:59:50,826 [pool-81-thread-1] INFO  server.RaftServerConfigKeys (ConfUtils.java:logGet(46)) - raft.server.storage.dir = [/home/runner/work/ozone/ozone/hadoop-ozone/integration-test/target/test-dir/MiniOzoneClusterImpl-be07318e-f8fa-49ab-9d84-e0984746a051/omNode-2/ratis] (custom)
2023-01-31 14:59:50,828 [pool-81-thread-1] INFO  server.RaftServerConfigKeys (ConfUtils.java:logGet(46)) - raft.server.log.corruption.policy = EXCEPTION (default)
2023-01-31 14:59:50,828 [pool-81-thread-1] INFO  server.RaftServerConfigKeys (ConfUtils.java:logGet(46)) - raft.server.storage.free-space.min = 0MB (=0) (default)
2023-01-31 14:59:50,828 [pool-81-thread-1] INFO  server.RaftServerConfigKeys (ConfUtils.java:logGet(46)) - raft.server.notification.no-leader.timeout = 2s (custom)
2023-01-31 14:59:50,828 [pool-81-thread-1] INFO  server.RaftServerConfigKeys (ConfUtils.java:logGet(46)) - raft.server.retrycache.expirytime = 300s (custom)
2023-01-31 14:59:50,828 [pool-81-thread-1] INFO  server.RaftServerConfigKeys (ConfUtils.java:logGet(46)) - raft.server.retrycache.statistics.expirytime = 100μs (default)
2023-01-31 14:59:50,832 [pool-81-thread-1] INFO  server.RaftServerConfigKeys (ConfUtils.java:logGet(46)) - raft.server.log.appender.install.snapshot.enabled = false (custom)
2023-01-31 14:59:50,832 [pool-81-thread-1] INFO  server.RaftServerConfigKeys (ConfUtils.java:logGet(46)) - raft.server.threadpool.server.cached = true (default)
2023-01-31 14:59:50,833 [pool-81-thread-1] INFO  server.RaftServerConfigKeys (ConfUtils.java:logGet(46)) - raft.server.threadpool.server.size = 0 (default)
2023-01-31 14:59:50,834 [pool-81-thread-1] INFO  server.RaftServerConfigKeys (ConfUtils.java:logGet(46)) - raft.server.threadpool.client.cached = true (default)
2023-01-31 14:59:50,834 [pool-81-thread-1] INFO  server.RaftServerConfigKeys (ConfUtils.java:logGet(46)) - raft.server.threadpool.client.size = 0 (default)
2023-01-31 14:59:51,398 [omNode-1@group-03019F0B7508-FollowerState] INFO  impl.FollowerState (FollowerState.java:run(143)) - omNode-1@group-03019F0B7508-FollowerState: change to CANDIDATE, lastRpcElapsedTime:1064702234ns, electionTimeout:1051ms
2023-01-31 14:59:51,403 [omNode-1@group-03019F0B7508-FollowerState] INFO  impl.RoleInfo (RoleInfo.java:shutdownFollowerState(110)) - omNode-1: shutdown omNode-1@group-03019F0B7508-FollowerState
2023-01-31 14:59:51,407 [omNode-1@group-03019F0B7508-FollowerState] INFO  server.RaftServer$Division (RaftServerImpl.java:setRole(321)) - omNode-1@group-03019F0B7508: changes role from  FOLLOWER to CANDIDATE at term 0 for changeToCandidate
2023-01-31 14:59:51,425 [Listener at 127.0.0.1/39325] INFO  reflections.Reflections (Reflections.java:scan(232)) - Reflections took 599 ms to scan 19 urls, producing 67 keys and 4594 values [using 2 cores]
2023-01-31 14:59:51,426 [Listener at 127.0.0.1/39325] INFO  ipc.CallQueueManager (CallQueueManager.java:<init>(90)) - Using callQueue: class java.util.concurrent.LinkedBlockingQueue, queueCapacity: 2000, scheduler: class org.apache.hadoop.ipc.DefaultRpcScheduler, ipcBackoff: false.
2023-01-31 14:59:51,436 [Socket Reader #1 for port 37721] INFO  ipc.Server (Server.java:run(1273)) - Starting Socket Reader #1 for port 37721
2023-01-31 14:59:51,442 [omNode-1@group-03019F0B7508-FollowerState] INFO  server.RaftServerConfigKeys (ConfUtils.java:logGet(46)) - raft.server.leaderelection.pre-vote = false (custom)
2023-01-31 14:59:51,442 [omNode-1@group-03019F0B7508-FollowerState] INFO  impl.RoleInfo (RoleInfo.java:updateAndGet(139)) - omNode-1: start omNode-1@group-03019F0B7508-LeaderElection1
2023-01-31 14:59:51,461 [omNode-1@group-03019F0B7508-LeaderElection1] INFO  impl.LeaderElection (LeaderElection.java:askForVotes(312)) - omNode-1@group-03019F0B7508-LeaderElection1 ELECTION round 0: submit vote requests at term 1 for -1: peers:[omNode-3|rpc:localhost:39323|priority:0|startupRole:FOLLOWER, omNode-1|rpc:localhost:37757|priority:0|startupRole:FOLLOWER, omNode-2|rpc:localhost:39059|priority:0|startupRole:FOLLOWER]|listeners:[], old=null
2023-01-31 14:59:51,483 [Listener at 127.0.0.1/37721] INFO  impl.MetricsSystemImpl (MetricsSystemImpl.java:init(158)) - OzoneManager metrics system started (again)
2023-01-31 14:59:51,499 [Listener at 127.0.0.1/37721] INFO  om.OzoneManager (OzoneManager.java:start(1519)) - OzoneManager RPC server is listening at localhost/127.0.0.1:37721
2023-01-31 14:59:51,500 [Listener at 127.0.0.1/37721] INFO  ratis.OzoneManagerRatisServer (OzoneManagerRatisServer.java:start(555)) - Starting OzoneManagerRatisServer omNode-2 at port 39059
2023-01-31 14:59:51,500 [omNode-2-impl-thread1] INFO  storage.RaftStorageDirectory (RaftStorageDirectoryImpl.java:analyzeStorage(137)) - The storage directory /home/runner/work/ozone/ozone/hadoop-ozone/integration-test/target/test-dir/MiniOzoneClusterImpl-be07318e-f8fa-49ab-9d84-e0984746a051/omNode-2/ratis/9784f78e-7f88-3e72-8eda-03019f0b7508 does not exist. Creating ...
2023-01-31 14:59:51,502 [omNode-2-impl-thread1] INFO  storage.RaftStorageDirectory (RaftStorageDirectoryImpl.java:tryLock(231)) - Lock on /home/runner/work/ozone/ozone/hadoop-ozone/integration-test/target/test-dir/MiniOzoneClusterImpl-be07318e-f8fa-49ab-9d84-e0984746a051/omNode-2/ratis/9784f78e-7f88-3e72-8eda-03019f0b7508/in_use.lock acquired by nodename 15060@fv-az83-829
2023-01-31 14:59:51,504 [omNode-2-impl-thread1] INFO  storage.RaftStorage (RaftStorageImpl.java:format(96)) - Storage directory /home/runner/work/ozone/ozone/hadoop-ozone/integration-test/target/test-dir/MiniOzoneClusterImpl-be07318e-f8fa-49ab-9d84-e0984746a051/omNode-2/ratis/9784f78e-7f88-3e72-8eda-03019f0b7508 has been successfully formatted.
2023-01-31 14:59:51,505 [omNode-2-impl-thread1] INFO  server.RaftServerConfigKeys (ConfUtils.java:logGet(46)) - raft.server.log.use.memory = false (default)
2023-01-31 14:59:51,505 [omNode-2-impl-thread1] INFO  server.RaftServerConfigKeys (ConfUtils.java:logGet(46)) - raft.server.log.purge.gap = 1000000 (custom)
2023-01-31 14:59:51,505 [omNode-2-impl-thread1] INFO  server.RaftServerConfigKeys (ConfUtils.java:logGet(46)) - raft.server.log.appender.buffer.byte-limit = 33554432 (custom)
2023-01-31 14:59:51,506 [omNode-2-impl-thread1] INFO  server.RaftServerConfigKeys (ConfUtils.java:logGet(46)) - raft.server.log.statemachine.data.read.timeout = 1000ms (default)
2023-01-31 14:59:51,506 [omNode-2-impl-thread1] INFO  server.RaftServerConfigKeys (ConfUtils.java:logGet(46)) - raft.server.log.purge.preservation.log.num = 0 (default)
2023-01-31 14:59:51,506 [omNode-2-impl-thread1] INFO  server.RaftServerConfigKeys (ConfUtils.java:logGet(46)) - raft.server.log.segment.size.max = 4194304 (custom)
2023-01-31 14:59:51,507 [omNode-2-impl-thread1] INFO  server.RaftServerConfigKeys (ConfUtils.java:logGet(46)) - raft.server.log.segment.cache.num.max = 2 (custom)
2023-01-31 14:59:51,507 [omNode-2-impl-thread1] INFO  server.RaftServerConfigKeys (ConfUtils.java:logGet(46)) - raft.server.log.segment.cache.size.max = 200MB (=209715200) (default)
2023-01-31 14:59:51,507 [omNode-2-impl-thread1] INFO  segmented.SegmentedRaftLogWorker (SegmentedRaftLogWorker.java:<init>(189)) - new omNode-2@group-03019F0B7508-SegmentedRaftLogWorker for RaftStorageImpl:Storage Directory /home/runner/work/ozone/ozone/hadoop-ozone/integration-test/target/test-dir/MiniOzoneClusterImpl-be07318e-f8fa-49ab-9d84-e0984746a051/omNode-2/ratis/9784f78e-7f88-3e72-8eda-03019f0b7508
2023-01-31 14:59:51,511 [omNode-2-impl-thread1] INFO  server.RaftServerConfigKeys (ConfUtils.java:logGet(46)) - raft.server.log.queue.byte-limit = 64MB (=67108864) (default)
2023-01-31 14:59:51,511 [omNode-2-impl-thread1] INFO  server.RaftServerConfigKeys (ConfUtils.java:logGet(46)) - raft.server.log.queue.element-limit = 4096 (default)
2023-01-31 14:59:51,511 [omNode-2-impl-thread1] INFO  server.RaftServerConfigKeys (ConfUtils.java:logGet(46)) - raft.server.log.segment.size.max = 4194304 (custom)
2023-01-31 14:59:51,511 [omNode-2-impl-thread1] INFO  server.RaftServerConfigKeys (ConfUtils.java:logGet(46)) - raft.server.log.preallocated.size = 4194304 (custom)
2023-01-31 14:59:51,512 [omNode-2-impl-thread1] INFO  server.RaftServerConfigKeys (ConfUtils.java:logGet(46)) - raft.server.log.force.sync.num = 128 (default)
2023-01-31 14:59:51,512 [omNode-2-impl-thread1] INFO  server.RaftServerConfigKeys (ConfUtils.java:logGet(46)) - raft.server.log.statemachine.data.sync = true (default)
2023-01-31 14:59:51,512 [omNode-2-impl-thread1] INFO  server.RaftServerConfigKeys (ConfUtils.java:logGet(46)) - raft.server.log.statemachine.data.sync.timeout = 10s (default)
2023-01-31 14:59:51,512 [omNode-2-impl-thread1] INFO  server.RaftServerConfigKeys (ConfUtils.java:logGet(46)) - raft.server.log.statemachine.data.sync.timeout.retry = -1 (default)
2023-01-31 14:59:51,513 [omNode-2-impl-thread1] INFO  server.RaftServerConfigKeys (ConfUtils.java:logGet(46)) - raft.server.log.write.buffer.size = 64KB (=65536) (default)
2023-01-31 14:59:51,513 [omNode-2-impl-thread1] INFO  server.RaftServerConfigKeys (ConfUtils.java:logGet(46)) - raft.server.log.appender.buffer.byte-limit = 33554432 (custom)
2023-01-31 14:59:51,519 [omNode-2-impl-thread1] INFO  server.RaftServerConfigKeys (ConfUtils.java:logGet(46)) - raft.server.log.unsafe-flush.enabled = false (default)
2023-01-31 14:59:51,520 [omNode-2-impl-thread1] INFO  server.RaftServerConfigKeys (ConfUtils.java:logGet(46)) - raft.server.log.async-flush.enabled = false (default)
2023-01-31 14:59:51,520 [omNode-2-impl-thread1] INFO  server.RaftServerConfigKeys (ConfUtils.java:logGet(46)) - raft.server.log.statemachine.data.caching.enabled = false (default)
2023-01-31 14:59:51,520 [omNode-2-impl-thread1] INFO  segmented.SegmentedRaftLogWorker (SegmentedRaftLogWorker.java:lambda$new$0(135)) - omNode-2@group-03019F0B7508-SegmentedRaftLogWorker: flushIndex: setUnconditionally 0 -> -1
2023-01-31 14:59:51,521 [omNode-2-impl-thread1] INFO  segmented.SegmentedRaftLogWorker (SegmentedRaftLogWorker.java:lambda$new$0(135)) - omNode-2@group-03019F0B7508-SegmentedRaftLogWorker: safeCacheEvictIndex: setUnconditionally 0 -> -1
2023-01-31 14:59:51,523 [omNode-1@group-03019F0B7508-LeaderElection1] INFO  server.RaftServerConfigKeys (ConfUtils.java:logFallback(53)) - raft.server.rpc.first-election.timeout.min = 1s (fallback to raft.server.rpc.timeout.min)
2023-01-31 14:59:51,523 [omNode-1@group-03019F0B7508-LeaderElection1] INFO  server.RaftServerConfigKeys (ConfUtils.java:logFallback(53)) - raft.server.rpc.first-election.timeout.max = 1200ms (fallback to raft.server.rpc.timeout.max)
2023-01-31 14:59:51,523 [omNode-2-impl-thread1] INFO  server.RaftServer$Division (RaftServerImpl.java:start(334)) - omNode-2@group-03019F0B7508: start as a follower, conf=-1: peers:[omNode-3|rpc:localhost:39323|priority:0|startupRole:FOLLOWER, omNode-1|rpc:localhost:37757|priority:0|startupRole:FOLLOWER, omNode-2|rpc:localhost:39059|priority:0|startupRole:FOLLOWER]|listeners:[], old=null
2023-01-31 14:59:51,523 [omNode-2-impl-thread1] INFO  server.RaftServer$Division (RaftServerImpl.java:setRole(321)) - omNode-2@group-03019F0B7508: changes role from      null to FOLLOWER at term 0 for startAsFollower
2023-01-31 14:59:51,531 [omNode-2-impl-thread1] INFO  impl.RoleInfo (RoleInfo.java:updateAndGet(139)) - omNode-2: start omNode-2@group-03019F0B7508-FollowerState
2023-01-31 14:59:51,541 [omNode-1@group-03019F0B7508-LeaderElection1-1] INFO  server.GrpcServerProtocolClient (GrpcServerProtocolClient.java:<init>(63)) - Build channel for omNode-3
2023-01-31 14:59:51,541 [omNode-1@group-03019F0B7508-LeaderElection1-2] INFO  server.GrpcServerProtocolClient (GrpcServerProtocolClient.java:<init>(63)) - Build channel for omNode-2
2023-01-31 14:59:51,532 [omNode-2-impl-thread1] INFO  util.JmxRegister (JmxRegister.java:tryRegister(44)) - Successfully registered JMX Bean with object name Ratis:service=RaftServer,group=group-03019F0B7508,id=omNode-2
2023-01-31 14:59:51,547 [omNode-2-impl-thread1] INFO  server.RaftServerConfigKeys (ConfUtils.java:logGet(46)) - raft.server.snapshot.auto.trigger.enabled = true (custom)
2023-01-31 14:59:51,547 [omNode-2-impl-thread1] INFO  server.RaftServerConfigKeys (ConfUtils.java:logGet(46)) - raft.server.snapshot.auto.trigger.threshold = 400000 (default)
2023-01-31 14:59:51,547 [omNode-2-impl-thread1] INFO  server.RaftServerConfigKeys (ConfUtils.java:logGet(46)) - raft.server.snapshot.retention.file.num = -1 (default)
2023-01-31 14:59:51,547 [omNode-2-impl-thread1] INFO  server.RaftServerConfigKeys (ConfUtils.java:logGet(46)) - raft.server.log.purge.upto.snapshot.index = true (custom)
2023-01-31 14:59:51,541 [omNode-2@group-03019F0B7508-FollowerState] INFO  server.RaftServerConfigKeys (ConfUtils.java:logFallback(53)) - raft.server.rpc.first-election.timeout.min = 1s (fallback to raft.server.rpc.timeout.min)
2023-01-31 14:59:51,550 [omNode-2@group-03019F0B7508-FollowerState] INFO  server.RaftServerConfigKeys (ConfUtils.java:logFallback(53)) - raft.server.rpc.first-election.timeout.max = 1200ms (fallback to raft.server.rpc.timeout.max)
2023-01-31 14:59:51,560 [Listener at 127.0.0.1/37721] INFO  server.RaftServer (RaftServerProxy.java:startImpl(393)) - omNode-2: start RPC server
2023-01-31 14:59:51,564 [Listener at 127.0.0.1/37721] INFO  server.GrpcService (GrpcService.java:startImpl(262)) - omNode-2: GrpcService started, listening on 39059
2023-01-31 14:59:51,567 [Listener at 127.0.0.1/37721] INFO  upgrade.UpgradeFinalizer (BasicUpgradeFinalizer.java:runPrefinalizeStateActions(282)) - Running pre-finalized state validations for unfinalized layout features.
2023-01-31 14:59:51,567 [Listener at 127.0.0.1/37721] INFO  upgrade.UpgradeFinalizer (BasicUpgradeFinalizer.java:runPrefinalizeStateActions(295)) - Running first upgrade commands for unfinalized layout features.
2023-01-31 14:59:51,567 [Listener at 127.0.0.1/37721] INFO  om.OzoneManager (OzoneManager.java:start(1535)) - Version File has different layout version (0) than OM DB (null). That is expected if this OM has never been finalized to a newer layout version.
2023-01-31 14:59:51,567 [JvmPauseMonitor1] INFO  util.JvmPauseMonitor (JvmPauseMonitor.java:run(105)) - JvmPauseMonitor-omNode-2: Started
2023-01-31 14:59:51,575 [Listener at 127.0.0.1/37721] INFO  http.BaseHttpServer (BaseHttpServer.java:newHttpServer2BuilderForOzone(213)) - Starting Web-server for ozoneManager at: http://0.0.0.0:35261
2023-01-31 14:59:51,575 [Listener at 127.0.0.1/37721] INFO  http.BaseHttpServer (BaseHttpServer.java:<init>(108)) - Hadoop Security Enabled: false Ozone Security Enabled: false Ozone HTTP Security Enabled: false 
2023-01-31 14:59:51,577 [Listener at 127.0.0.1/37721] WARN  server.AuthenticationFilter (AuthenticationFilter.java:constructSecretProvider(240)) - Unable to initialize FileSignerSecretProvider, falling back to use random secrets. Reason: Could not read signature secret file: /home/runner/hadoop-http-auth-signature-secret
2023-01-31 14:59:51,584 [Listener at 127.0.0.1/37721] WARN  http.HttpRequestLog (HttpRequestLog.java:getRequestLog(103)) - Jetty request log can only be enabled using Log4j
2023-01-31 14:59:51,587 [Listener at 127.0.0.1/37721] INFO  http.HttpServer2 (HttpServer2.java:addGlobalFilter(1031)) - Added global filter 'safety' (class=org.apache.hadoop.hdds.server.http.HttpServer2$QuotingInputFilter)
2023-01-31 14:59:51,588 [Listener at 127.0.0.1/37721] INFO  http.HttpServer2 (HttpServer2.java:addFilter(1007)) - Added filter static_user_filter (class=org.apache.hadoop.http.lib.StaticUserWebFilter$StaticUserFilter) to context ozoneManager
2023-01-31 14:59:51,589 [Listener at 127.0.0.1/37721] INFO  http.HttpServer2 (HttpServer2.java:addFilter(1015)) - Added filter static_user_filter (class=org.apache.hadoop.http.lib.StaticUserWebFilter$StaticUserFilter) to context static
2023-01-31 14:59:51,589 [Listener at 127.0.0.1/37721] INFO  http.HttpServer2 (HttpServer2.java:addFilter(1015)) - Added filter static_user_filter (class=org.apache.hadoop.http.lib.StaticUserWebFilter$StaticUserFilter) to context logs
2023-01-31 14:59:51,590 [Listener at 127.0.0.1/37721] INFO  http.HttpServer2 (HttpServer2.java:bindListener(1250)) - Jetty bound to port 35261
2023-01-31 14:59:51,590 [Listener at 127.0.0.1/37721] INFO  server.Server (Server.java:doStart(375)) - jetty-9.4.49.v20220914; built: 2022-09-14T01:07:36.601Z; git: 4231a3b2e4cb8548a412a789936d640a97b1aa0a; jvm 1.8.0_352-b08
2023-01-31 14:59:51,593 [Listener at 127.0.0.1/37721] INFO  server.session (DefaultSessionIdManager.java:doStart(334)) - DefaultSessionIdManager workerName=node0
2023-01-31 14:59:51,593 [Listener at 127.0.0.1/37721] INFO  server.session (DefaultSessionIdManager.java:doStart(339)) - No SessionScavenger set, using defaults
2023-01-31 14:59:51,593 [Listener at 127.0.0.1/37721] INFO  server.session (HouseKeeper.java:startScavenging(132)) - node0 Scavenging every 600000ms
2023-01-31 14:59:51,595 [Listener at 127.0.0.1/37721] INFO  handler.ContextHandler (ContextHandler.java:doStart(921)) - Started o.e.j.s.ServletContextHandler@d3b088f{logs,/logs,file:///home/runner/work/ozone/ozone/hadoop-ozone/integration-test/target/log,AVAILABLE}
2023-01-31 14:59:51,596 [Listener at 127.0.0.1/37721] INFO  handler.ContextHandler (ContextHandler.java:doStart(921)) - Started o.e.j.s.ServletContextHandler@af4f9a5{static,/static,file:///home/runner/work/ozone/ozone/hadoop-ozone/integration-test/target/test-classes/webapps/static,AVAILABLE}
2023-01-31 14:59:51,608 [Listener at 127.0.0.1/37721] INFO  handler.ContextHandler (ContextHandler.java:doStart(921)) - Started o.e.j.w.WebAppContext@190bb542{ozoneManager,/,file:///home/runner/work/ozone/ozone/hadoop-ozone/integration-test/target/test-classes/webapps/ozoneManager/,AVAILABLE}{file:/home/runner/work/ozone/ozone/hadoop-ozone/integration-test/target/test-classes/webapps/ozoneManager}
2023-01-31 14:59:51,613 [Listener at 127.0.0.1/37721] INFO  server.AbstractConnector (AbstractConnector.java:doStart(333)) - Started ServerConnector@1050dc{HTTP/1.1, (http/1.1)}{0.0.0.0:35261}
2023-01-31 14:59:51,614 [Listener at 127.0.0.1/37721] INFO  server.Server (Server.java:doStart(415)) - Started @10794ms
2023-01-31 14:59:51,614 [Listener at 127.0.0.1/37721] WARN  impl.MetricsSystemImpl (MetricsSystemImpl.java:register(279)) - Sink prometheus already exists!
2023-01-31 14:59:51,615 [Listener at 127.0.0.1/37721] INFO  http.BaseHttpServer (BaseHttpServer.java:updateConnectorAddress(333)) - HTTP server of ozoneManager listening at http://0.0.0.0:35261
2023-01-31 14:59:51,615 [IPC Server Responder] INFO  ipc.Server (Server.java:run(1512)) - IPC Server Responder: starting
2023-01-31 14:59:51,616 [IPC Server listener on 37721] INFO  ipc.Server (Server.java:run(1352)) - IPC Server listener on 37721: starting
2023-01-31 14:59:51,621 [Listener at 127.0.0.1/37721] INFO  om.OzoneManager (OzoneManager.java:startTrashEmptier(1956)) - Trash Interval set to 0. Files deleted won't move to trash
2023-01-31 14:59:51,622 [Listener at 127.0.0.1/37721] INFO  ozone.MiniOzoneHAClusterImpl (MiniOzoneHAClusterImpl.java:createOMService(527)) - Started OzoneManager omNode-2 RPC server at localhost/127.0.0.1:37721
2023-01-31 14:59:51,623 [Listener at 127.0.0.1/37721] INFO  ha.OMHANodeDetails (OMHANodeDetails.java:loadOMHAConfig(121)) - ServiceID for OzoneManager is d7b2e668-8a38-458c-bfca-c69039abe64a
2023-01-31 14:59:51,623 [Listener at 127.0.0.1/37721] INFO  ha.OMHANodeDetails (OMHANodeDetails.java:loadOMHAConfig(201)) - Found matching OM address with OMServiceId: d7b2e668-8a38-458c-bfca-c69039abe64a, OMNodeId: omNode-3, RPC Address: localhost:41117 and Ratis port: 39323
2023-01-31 14:59:51,623 [Listener at 127.0.0.1/37721] INFO  ha.OMHANodeDetails (ConfUtils.java:setNodeSpecificConfigs(97)) - Setting configuration key ozone.om.http-address with value of key ozone.om.http-address.d7b2e668-8a38-458c-bfca-c69039abe64a.omNode-3: 127.0.0.1:46123
2023-01-31 14:59:51,624 [Listener at 127.0.0.1/37721] INFO  ha.OMHANodeDetails (ConfUtils.java:setNodeSpecificConfigs(97)) - Setting configuration key ozone.om.https-address with value of key ozone.om.https-address.d7b2e668-8a38-458c-bfca-c69039abe64a.omNode-3: 127.0.0.1:33461
2023-01-31 14:59:51,624 [Listener at 127.0.0.1/37721] INFO  ha.OMHANodeDetails (ConfUtils.java:setNodeSpecificConfigs(97)) - Setting configuration key ozone.om.address with value of key ozone.om.address.d7b2e668-8a38-458c-bfca-c69039abe64a.omNode-3: 127.0.0.1:41117
2023-01-31 14:59:51,624 [Listener at 127.0.0.1/37721] WARN  server.ServerUtils (ServerUtils.java:getDBPath(225)) - ozone.om.db.dirs is not configured. We recommend adding this setting. Falling back to ozone.metadata.dirs instead.
2023-01-31 14:59:51,626 [Listener at 127.0.0.1/37721] INFO  proxy.SCMBlockLocationFailoverProxyProvider (SCMBlockLocationFailoverProxyProvider.java:<init>(114)) - Created block location fail-over proxy with 1 nodes: [nodeId=scmNodeId,nodeAddress=/0.0.0.0:33153]
2023-01-31 14:59:51,639 [org.apache.hadoop.util.JvmPauseMonitor$Monitor@40897aa4] INFO  util.JvmPauseMonitor (JvmPauseMonitor.java:run(188)) - Starting JVM pause monitor
OM initialization succeeded.Current cluster id for sd=/home/runner/work/ozone/ozone/hadoop-ozone/integration-test/target/test-dir/MiniOzoneClusterImpl-be07318e-f8fa-49ab-9d84-e0984746a051/omNode-3/om;cid=be07318e-f8fa-49ab-9d84-e0984746a051;layoutVersion=0
2023-01-31 14:59:51,654 [Listener at 127.0.0.1/37721] INFO  ha.OMHANodeDetails (OMHANodeDetails.java:loadOMHAConfig(121)) - ServiceID for OzoneManager is d7b2e668-8a38-458c-bfca-c69039abe64a
2023-01-31 14:59:51,655 [Listener at 127.0.0.1/37721] INFO  ha.OMHANodeDetails (OMHANodeDetails.java:loadOMHAConfig(201)) - Found matching OM address with OMServiceId: d7b2e668-8a38-458c-bfca-c69039abe64a, OMNodeId: omNode-3, RPC Address: localhost:41117 and Ratis port: 39323
2023-01-31 14:59:51,655 [Listener at 127.0.0.1/37721] INFO  ha.OMHANodeDetails (ConfUtils.java:setNodeSpecificConfigs(97)) - Setting configuration key ozone.om.http-address with value of key ozone.om.http-address.d7b2e668-8a38-458c-bfca-c69039abe64a.omNode-3: 127.0.0.1:46123
2023-01-31 14:59:51,655 [Listener at 127.0.0.1/37721] INFO  ha.OMHANodeDetails (ConfUtils.java:setNodeSpecificConfigs(97)) - Setting configuration key ozone.om.https-address with value of key ozone.om.https-address.d7b2e668-8a38-458c-bfca-c69039abe64a.omNode-3: 127.0.0.1:33461
2023-01-31 14:59:51,657 [Listener at 127.0.0.1/37721] INFO  ha.OMHANodeDetails (ConfUtils.java:setNodeSpecificConfigs(97)) - Setting configuration key ozone.om.address with value of key ozone.om.address.d7b2e668-8a38-458c-bfca-c69039abe64a.omNode-3: 127.0.0.1:41117
2023-01-31 14:59:51,657 [Listener at 127.0.0.1/37721] WARN  server.ServerUtils (ServerUtils.java:getDBPath(225)) - ozone.om.db.dirs is not configured. We recommend adding this setting. Falling back to ozone.metadata.dirs instead.
2023-01-31 14:59:51,659 [Listener at 127.0.0.1/37721] INFO  upgrade.AbstractLayoutVersionManager (AbstractLayoutVersionManager.java:init(83)) - Initializing Layout version manager with metadata layout = INITIAL_VERSION (version = 0), software layout = MULTITENANCY_SCHEMA (version = 3)
2023-01-31 14:59:51,999 [Listener at 127.0.0.1/37721] INFO  reflections.Reflections (Reflections.java:scan(232)) - Reflections took 338 ms to scan 2 urls, producing 155 keys and 428 values [using 2 cores]
2023-01-31 14:59:52,000 [Listener at 127.0.0.1/37721] INFO  upgrade.OMLayoutVersionManager (OMLayoutVersionManager.java:lambda$0(115)) - Skipping Upgrade Action MockOmUpgradeAction since it has been finalized.
2023-01-31 14:59:52,000 [Listener at 127.0.0.1/37721] WARN  server.ServerUtils (ServerUtils.java:getDBPath(225)) - ozone.om.db.dirs is not configured. We recommend adding this setting. Falling back to ozone.metadata.dirs instead.
2023-01-31 14:59:52,000 [Listener at 127.0.0.1/37721] WARN  om.OzoneManager (OzoneManager.java:<init>(527)) - ozone.default.bucket.layout configured to non-legacy bucket layout FILE_SYSTEM_OPTIMIZED when Ozone Manager is pre-finalized for bucket layout support. Legacy buckets will be created by default until Ozone Manager is finalized.
2023-01-31 14:59:52,001 [Listener at 127.0.0.1/37721] INFO  proxy.SCMBlockLocationFailoverProxyProvider (SCMBlockLocationFailoverProxyProvider.java:<init>(114)) - Created block location fail-over proxy with 1 nodes: [nodeId=scmNodeId,nodeAddress=/0.0.0.0:33153]
2023-01-31 14:59:52,008 [Listener at 127.0.0.1/37721] INFO  proxy.SCMBlockLocationFailoverProxyProvider (SCMBlockLocationFailoverProxyProvider.java:<init>(114)) - Created block location fail-over proxy with 1 nodes: [nodeId=scmNodeId,nodeAddress=/0.0.0.0:33153]
2023-01-31 14:59:52,036 [Listener at 127.0.0.1/37721] WARN  server.ServerUtils (ServerUtils.java:getDBPath(225)) - ozone.om.db.dirs is not configured. We recommend adding this setting. Falling back to ozone.metadata.dirs instead.
2023-01-31 14:59:52,036 [Listener at 127.0.0.1/37721] INFO  codec.OmKeyInfoCodec (OmKeyInfoCodec.java:<init>(49)) - OmKeyInfoCodec ignorePipeline = true
2023-01-31 14:59:52,037 [Listener at 127.0.0.1/37721] INFO  codec.RepeatedOmKeyInfoCodec (RepeatedOmKeyInfoCodec.java:<init>(41)) - RepeatedOmKeyInfoCodec ignorePipeline = true
2023-01-31 14:59:52,324 [omNode-1@group-03019F0B7508-LeaderElection1] INFO  impl.LeaderElection (LogUtils.java:infoOrTrace(137)) - omNode-1@group-03019F0B7508-LeaderElection1 got exception when requesting votes: java.util.concurrent.ExecutionException: org.apache.ratis.thirdparty.io.grpc.StatusRuntimeException: UNAVAILABLE: io exception
2023-01-31 14:59:52,340 [Listener at 127.0.0.1/37721] INFO  om.OzoneManager (OzoneManager.java:instantiateServices(728)) - S3 Multi-Tenancy is disabled
2023-01-31 14:59:52,345 [Listener at 127.0.0.1/37721] INFO  om.OzoneManager (OzoneManager.java:addS3GVolumeToDB(4320)) - Created Volume s3v With Owner runner required for S3Gateway operations.
2023-01-31 14:59:52,345 [Listener at 127.0.0.1/37721] WARN  server.ServerUtils (ServerUtils.java:getDefaultRatisDirectory(237)) - Storage directory for Ratis is not configured. It is a good idea to map this to an SSD disk. Falling back to ozone.metadata.dirs
2023-01-31 14:59:52,345 [Listener at 127.0.0.1/37721] WARN  utils.OzoneManagerRatisUtils (OzoneManagerRatisUtils.java:getOMRatisSnapshotDirectory(431)) - ozone.om.ratis.snapshot.dir is not configured. Falling back to ozone.metadata.dirs config
2023-01-31 14:59:52,346 [Listener at 127.0.0.1/37721] INFO  snapshot.OzoneManagerSnapshotProvider (OzoneManagerSnapshotProvider.java:<init>(76)) - Initializing OM Snapshot Provider
2023-01-31 14:59:52,348 [Listener at 127.0.0.1/37721] WARN  impl.MetricRegistriesImpl (MetricRegistriesImpl.java:addReporterRegistration(111)) - New reporters are added after registries were created. Some metrics will be missing from the reporter. Please add reporter before adding any new registry.
2023-01-31 14:59:52,348 [Listener at 127.0.0.1/37721] WARN  impl.MetricRegistriesImpl (MetricRegistriesImpl.java:addReporterRegistration(111)) - New reporters are added after registries were created. Some metrics will be missing from the reporter. Please add reporter before adding any new registry.
2023-01-31 14:59:52,349 [Listener at 127.0.0.1/37721] WARN  server.ServerUtils (ServerUtils.java:getDefaultRatisDirectory(237)) - Storage directory for Ratis is not configured. It is a good idea to map this to an SSD disk. Falling back to ozone.metadata.dirs
2023-01-31 14:59:52,351 [Listener at 127.0.0.1/37721] INFO  ratis.OzoneManagerRatisServer (OzoneManagerRatisServer.java:<init>(160)) - Instantiating OM Ratis server with groupID: d7b2e668-8a38-458c-bfca-c69039abe64a and peers: localhost:39323, localhost:37757, localhost:39059
2023-01-31 14:59:52,352 [Listener at 127.0.0.1/37721] INFO  ratis.OzoneManagerStateMachine (OzoneManagerStateMachine.java:loadSnapshotInfoFromDB(636)) - LastAppliedIndex is set from TransactionInfo from OM DB as (t:0, i:~)
2023-01-31 14:59:52,354 [Listener at 127.0.0.1/37721] INFO  server.RaftServer (ConfUtils.java:logGet(46)) - raft.rpc.type = GRPC (default)
2023-01-31 14:59:52,363 [Listener at 127.0.0.1/37721] INFO  grpc.GrpcConfigKeys (ConfUtils.java:logFallback(53)) - raft.grpc.admin.host = null (fallback to raft.grpc.server.host)
2023-01-31 14:59:52,363 [Listener at 127.0.0.1/37721] INFO  grpc.GrpcConfigKeys (ConfUtils.java:logFallback(53)) - raft.grpc.admin.port = 39323 (fallback to raft.grpc.server.port)
2023-01-31 14:59:52,363 [Listener at 127.0.0.1/37721] INFO  grpc.GrpcConfigKeys (ConfUtils.java:logFallback(53)) - raft.grpc.client.host = null (fallback to raft.grpc.server.host)
2023-01-31 14:59:52,363 [Listener at 127.0.0.1/37721] INFO  grpc.GrpcConfigKeys (ConfUtils.java:logFallback(53)) - raft.grpc.client.port = 39323 (fallback to raft.grpc.server.port)
2023-01-31 14:59:52,363 [Listener at 127.0.0.1/37721] INFO  grpc.GrpcConfigKeys (ConfUtils.java:logGet(46)) - raft.grpc.server.host = null (default)
2023-01-31 14:59:52,363 [Listener at 127.0.0.1/37721] INFO  grpc.GrpcConfigKeys (ConfUtils.java:logGet(46)) - raft.grpc.server.port = 39323 (custom)
2023-01-31 14:59:52,364 [Listener at 127.0.0.1/37721] INFO  server.GrpcService (ConfUtils.java:logGet(46)) - raft.grpc.message.size.max = 33554432 (custom)
2023-01-31 14:59:52,371 [Listener at 127.0.0.1/37721] INFO  server.RaftServerConfigKeys (ConfUtils.java:logGet(46)) - raft.server.log.appender.buffer.byte-limit = 33554432 (custom)
2023-01-31 14:59:52,371 [Listener at 127.0.0.1/37721] INFO  server.GrpcService (ConfUtils.java:logGet(46)) - raft.grpc.flow.control.window = 1MB (=1048576) (default)
2023-01-31 14:59:52,371 [Listener at 127.0.0.1/37721] INFO  server.RaftServerConfigKeys (ConfUtils.java:logGet(46)) - raft.server.rpc.request.timeout = 3000ms (default)
2023-01-31 14:59:52,371 [Listener at 127.0.0.1/37721] INFO  grpc.GrpcConfigKeys (ConfUtils.java:logGet(46)) - raft.grpc.server.heartbeat.channel = true (default)
2023-01-31 14:59:52,371 [Listener at 127.0.0.1/37721] INFO  grpc.GrpcConfigKeys (ConfUtils.java:logGet(46)) - raft.grpc.server.async.request.thread.pool.cached = true (default)
2023-01-31 14:59:52,371 [Listener at 127.0.0.1/37721] INFO  grpc.GrpcConfigKeys (ConfUtils.java:logGet(46)) - raft.grpc.server.async.request.thread.pool.size = 32 (default)
2023-01-31 14:59:52,373 [Listener at 127.0.0.1/37721] INFO  impl.DataStreamServerImpl (ConfUtils.java:logGet(46)) - raft.datastream.type = NETTY (custom)
2023-01-31 14:59:52,373 [Listener at 127.0.0.1/37721] INFO  server.RaftServerConfigKeys (ConfUtils.java:logGet(46)) - raft.server.data-stream.async.request.thread.pool.cached = false (default)
2023-01-31 14:59:52,373 [Listener at 127.0.0.1/37721] INFO  server.RaftServerConfigKeys (ConfUtils.java:logGet(46)) - raft.server.data-stream.async.request.thread.pool.size = 32 (default)
2023-01-31 14:59:52,374 [Listener at 127.0.0.1/37721] INFO  server.RaftServerConfigKeys (ConfUtils.java:logGet(46)) - raft.server.data-stream.async.write.thread.pool.size = 16 (default)
2023-01-31 14:59:52,374 [Listener at 127.0.0.1/37721] INFO  server.RaftServerConfigKeys (ConfUtils.java:logGet(46)) - raft.server.data-stream.client.pool.size = 10 (default)
2023-01-31 14:59:52,374 [Listener at 127.0.0.1/37721] INFO  netty.NettyConfigKeys$DataStream (ConfUtils.java:logGet(46)) - raft.netty.dataStream.server.use-epoll = false (default)
2023-01-31 14:59:52,374 [Listener at 127.0.0.1/37721] INFO  netty.NettyConfigKeys$DataStream (ConfUtils.java:logGet(46)) - raft.netty.dataStream.server.boss-group.size = 0 (default)
2023-01-31 14:59:52,381 [Listener at 127.0.0.1/37721] INFO  netty.NettyConfigKeys$DataStream (ConfUtils.java:logGet(46)) - raft.netty.dataStream.server.worker-group.size = 0 (default)
2023-01-31 14:59:52,384 [Listener at 127.0.0.1/37721] INFO  netty.NettyConfigKeys$DataStream (ConfUtils.java:logGet(46)) - raft.netty.dataStream.server.tls.conf = null (default)
2023-01-31 14:59:52,384 [Listener at 127.0.0.1/37721] INFO  netty.NettyConfigKeys$DataStream (ConfUtils.java:logGet(46)) - raft.netty.dataStream.host = null (default)
2023-01-31 14:59:52,384 [Listener at 127.0.0.1/37721] INFO  netty.NettyConfigKeys$DataStream (ConfUtils.java:logGet(46)) - raft.netty.dataStream.port = 0 (default)
2023-01-31 14:59:52,386 [Listener at 127.0.0.1/37721] INFO  server.RaftServerConfigKeys (ConfUtils.java:logGet(46)) - raft.server.threadpool.proxy.cached = true (default)
2023-01-31 14:59:52,386 [Listener at 127.0.0.1/37721] INFO  server.RaftServerConfigKeys (ConfUtils.java:logGet(46)) - raft.server.threadpool.proxy.size = 0 (default)
2023-01-31 14:59:52,387 [Listener at 127.0.0.1/37721] INFO  server.RaftServerConfigKeys (ConfUtils.java:logGet(46)) - raft.server.rpc.slowness.timeout = 2s (custom)
2023-01-31 14:59:52,387 [Listener at 127.0.0.1/37721] INFO  server.RaftServerConfigKeys (ConfUtils.java:logGet(46)) - raft.server.leaderelection.leader.step-down.wait-time = 10s (default)
2023-01-31 14:59:52,387 [Listener at 127.0.0.1/37721] INFO  server.RaftServerConfigKeys (ConfUtils.java:logGet(46)) - raft.server.storage.dir = [/home/runner/work/ozone/ozone/hadoop-ozone/integration-test/target/test-dir/MiniOzoneClusterImpl-be07318e-f8fa-49ab-9d84-e0984746a051/omNode-3/ratis] (custom)
2023-01-31 14:59:52,392 [omNode-3-NettyServerStreamRpc-bossGroup--thread1] INFO  logging.LoggingHandler (AbstractInternalLogger.java:log(148)) - [id: 0x7f0122e3] REGISTERED
2023-01-31 14:59:52,392 [omNode-3-NettyServerStreamRpc-bossGroup--thread1] INFO  logging.LoggingHandler (AbstractInternalLogger.java:log(148)) - [id: 0x7f0122e3] BIND: 0.0.0.0/0.0.0.0:0
2023-01-31 14:59:52,392 [omNode-3-NettyServerStreamRpc-bossGroup--thread1] INFO  logging.LoggingHandler (AbstractInternalLogger.java:log(148)) - [id: 0x7f0122e3, L:/0:0:0:0:0:0:0:0:43191] ACTIVE
2023-01-31 14:59:52,396 [Listener at 127.0.0.1/37721] INFO  server.RaftServer (RaftServerProxy.java:addNew(96)) - omNode-3: addNew group-03019F0B7508:[omNode-3|rpc:localhost:39323|priority:0|startupRole:FOLLOWER, omNode-1|rpc:localhost:37757|priority:0|startupRole:FOLLOWER, omNode-2|rpc:localhost:39059|priority:0|startupRole:FOLLOWER] returns group-03019F0B7508:java.util.concurrent.CompletableFuture@789f83c9[Not completed]
2023-01-31 14:59:52,396 [Listener at 127.0.0.1/37721] INFO  om.OzoneManager (OzoneManager.java:initializeRatisServer(2012)) - OzoneManager Ratis server initialized at port 39323
2023-01-31 14:59:52,398 [Listener at 127.0.0.1/37721] INFO  om.OzoneManager (OzoneManager.java:getRpcServer(1135)) - Creating RPC Server
2023-01-31 14:59:52,404 [pool-106-thread-1] INFO  server.RaftServer$Division (RaftServerImpl.java:<init>(195)) - omNode-3: new RaftServerImpl for group-03019F0B7508:[omNode-3|rpc:localhost:39323|priority:0|startupRole:FOLLOWER, omNode-1|rpc:localhost:37757|priority:0|startupRole:FOLLOWER, omNode-2|rpc:localhost:39059|priority:0|startupRole:FOLLOWER] with OzoneManagerStateMachine:uninitialized
2023-01-31 14:59:52,404 [pool-106-thread-1] INFO  server.RaftServerConfigKeys (ConfUtils.java:logGet(46)) - raft.server.rpc.timeout.min = 1s (custom)
2023-01-31 14:59:52,405 [pool-106-thread-1] INFO  server.RaftServerConfigKeys (ConfUtils.java:logGet(46)) - raft.server.rpc.timeout.max = 1200ms (custom)
2023-01-31 14:59:52,408 [pool-106-thread-1] INFO  server.RaftServerConfigKeys (ConfUtils.java:logGet(46)) - raft.server.rpc.sleep.time = 25ms (default)
2023-01-31 14:59:52,408 [pool-106-thread-1] INFO  server.RaftServerConfigKeys (ConfUtils.java:logGet(46)) - raft.server.rpc.slowness.timeout = 2s (custom)
2023-01-31 14:59:52,408 [pool-106-thread-1] INFO  server.RaftServerConfigKeys (ConfUtils.java:logGet(46)) - raft.server.leaderelection.leader.step-down.wait-time = 10s (default)
2023-01-31 14:59:52,409 [pool-106-thread-1] INFO  server.RaftServerConfigKeys (ConfUtils.java:logGet(46)) - raft.server.sleep.deviation.threshold = 300ms (default)
2023-01-31 14:59:52,409 [pool-106-thread-1] INFO  server.RaftServer$Division (ServerState.java:<init>(118)) - omNode-3@group-03019F0B7508: ConfigurationManager, init=-1: peers:[omNode-3|rpc:localhost:39323|priority:0|startupRole:FOLLOWER, omNode-1|rpc:localhost:37757|priority:0|startupRole:FOLLOWER, omNode-2|rpc:localhost:39059|priority:0|startupRole:FOLLOWER]|listeners:[], old=null, confs=<EMPTY_MAP>
2023-01-31 14:59:52,409 [pool-106-thread-1] INFO  server.RaftServerConfigKeys (ConfUtils.java:logGet(46)) - raft.server.storage.dir = [/home/runner/work/ozone/ozone/hadoop-ozone/integration-test/target/test-dir/MiniOzoneClusterImpl-be07318e-f8fa-49ab-9d84-e0984746a051/omNode-3/ratis] (custom)
2023-01-31 14:59:52,410 [pool-106-thread-1] INFO  server.RaftServerConfigKeys (ConfUtils.java:logGet(46)) - raft.server.log.corruption.policy = EXCEPTION (default)
2023-01-31 14:59:52,410 [pool-106-thread-1] INFO  server.RaftServerConfigKeys (ConfUtils.java:logGet(46)) - raft.server.storage.free-space.min = 0MB (=0) (default)
2023-01-31 14:59:52,410 [pool-106-thread-1] INFO  server.RaftServerConfigKeys (ConfUtils.java:logGet(46)) - raft.server.notification.no-leader.timeout = 2s (custom)
2023-01-31 14:59:52,411 [pool-106-thread-1] INFO  server.RaftServerConfigKeys (ConfUtils.java:logGet(46)) - raft.server.retrycache.expirytime = 300s (custom)
2023-01-31 14:59:52,411 [pool-106-thread-1] INFO  server.RaftServerConfigKeys (ConfUtils.java:logGet(46)) - raft.server.retrycache.statistics.expirytime = 100μs (default)
2023-01-31 14:59:52,417 [grpc-default-executor-1] INFO  server.RaftServer$Division (RaftServerImpl.java:requestVote(1218)) - omNode-2@group-03019F0B7508: receive requestVote(ELECTION, omNode-1, group-03019F0B7508, 1, (t:0, i:~))
2023-01-31 14:59:52,417 [pool-106-thread-1] INFO  server.RaftServerConfigKeys (ConfUtils.java:logGet(46)) - raft.server.log.appender.install.snapshot.enabled = false (custom)
2023-01-31 14:59:52,418 [pool-106-thread-1] INFO  server.RaftServerConfigKeys (ConfUtils.java:logGet(46)) - raft.server.threadpool.server.cached = true (default)
2023-01-31 14:59:52,418 [pool-106-thread-1] INFO  server.RaftServerConfigKeys (ConfUtils.java:logGet(46)) - raft.server.threadpool.server.size = 0 (default)
2023-01-31 14:59:52,418 [pool-106-thread-1] INFO  server.RaftServerConfigKeys (ConfUtils.java:logGet(46)) - raft.server.threadpool.client.cached = true (default)
2023-01-31 14:59:52,418 [pool-106-thread-1] INFO  server.RaftServerConfigKeys (ConfUtils.java:logGet(46)) - raft.server.threadpool.client.size = 0 (default)
2023-01-31 14:59:52,429 [grpc-default-executor-1] INFO  impl.VoteContext (VoteContext.java:log(49)) - omNode-2@group-03019F0B7508-FOLLOWER: accept ELECTION from omNode-1: our priority 0 <= candidate's priority 0
2023-01-31 14:59:52,430 [grpc-default-executor-1] INFO  server.RaftServer$Division (RaftServerImpl.java:setRole(321)) - omNode-2@group-03019F0B7508: changes role from  FOLLOWER to FOLLOWER at term 1 for candidate:omNode-1
2023-01-31 14:59:52,433 [grpc-default-executor-1] INFO  impl.RoleInfo (RoleInfo.java:shutdownFollowerState(110)) - omNode-2: shutdown omNode-2@group-03019F0B7508-FollowerState
2023-01-31 14:59:52,433 [grpc-default-executor-1] INFO  impl.RoleInfo (RoleInfo.java:updateAndGet(139)) - omNode-2: start omNode-2@group-03019F0B7508-FollowerState
2023-01-31 14:59:52,433 [omNode-2@group-03019F0B7508-FollowerState] INFO  impl.FollowerState (FollowerState.java:run(152)) - omNode-2@group-03019F0B7508-FollowerState was interrupted
2023-01-31 14:59:52,440 [omNode-2@group-03019F0B7508-FollowerState] INFO  server.RaftServerConfigKeys (ConfUtils.java:logFallback(53)) - raft.server.rpc.first-election.timeout.min = 1s (fallback to raft.server.rpc.timeout.min)
2023-01-31 14:59:52,447 [omNode-2@group-03019F0B7508-FollowerState] INFO  server.RaftServerConfigKeys (ConfUtils.java:logFallback(53)) - raft.server.rpc.first-election.timeout.max = 1200ms (fallback to raft.server.rpc.timeout.max)
2023-01-31 14:59:52,451 [grpc-default-executor-1] INFO  server.RaftServer$Division (RaftServerImpl.java:requestVote(1251)) - omNode-2@group-03019F0B7508 replies to ELECTION vote request: omNode-1<-omNode-2#0:OK-t1. Peer's state: omNode-2@group-03019F0B7508:t1, leader=null, voted=omNode-1, raftlog=Memoized:omNode-2@group-03019F0B7508-SegmentedRaftLog:OPENED:c-1, conf=-1: peers:[omNode-3|rpc:localhost:39323|priority:0|startupRole:FOLLOWER, omNode-1|rpc:localhost:37757|priority:0|startupRole:FOLLOWER, omNode-2|rpc:localhost:39059|priority:0|startupRole:FOLLOWER]|listeners:[], old=null
2023-01-31 14:59:52,467 [omNode-1@group-03019F0B7508-LeaderElection1] INFO  impl.LeaderElection (LeaderElection.java:logAndReturn(90)) - omNode-1@group-03019F0B7508-LeaderElection1: ELECTION PASSED received 1 response(s) and 1 exception(s):
2023-01-31 14:59:52,467 [omNode-1@group-03019F0B7508-LeaderElection1] INFO  impl.LeaderElection (LeaderElection.java:logAndReturn(94)) -   Response 0: omNode-1<-omNode-2#0:OK-t1
2023-01-31 14:59:52,467 [omNode-1@group-03019F0B7508-LeaderElection1] INFO  impl.LeaderElection (LogUtils.java:infoOrTrace(137)) -   Exception 1: java.util.concurrent.ExecutionException: org.apache.ratis.thirdparty.io.grpc.StatusRuntimeException: UNAVAILABLE: io exception
2023-01-31 14:59:52,468 [omNode-1@group-03019F0B7508-LeaderElection1] INFO  impl.LeaderElection (LeaderElection.java:askForVotes(314)) - omNode-1@group-03019F0B7508-LeaderElection1 ELECTION round 0: result PASSED
2023-01-31 14:59:52,468 [omNode-1@group-03019F0B7508-LeaderElection1] INFO  impl.RoleInfo (RoleInfo.java:shutdownLeaderElection(130)) - omNode-1: shutdown omNode-1@group-03019F0B7508-LeaderElection1
2023-01-31 14:59:52,468 [omNode-1@group-03019F0B7508-LeaderElection1] INFO  server.RaftServer$Division (RaftServerImpl.java:setRole(321)) - omNode-1@group-03019F0B7508: changes role from CANDIDATE to LEADER at term 1 for changeToLeader
2023-01-31 14:59:52,469 [omNode-1@group-03019F0B7508-LeaderElection1] INFO  server.RaftServer$Division (ServerState.java:setLeader(313)) - omNode-1@group-03019F0B7508: change Leader from null to omNode-1 at term 1 for becomeLeader, leader elected after 3429ms
2023-01-31 14:59:52,479 [omNode-1@group-03019F0B7508-LeaderElection1] INFO  server.RaftServerConfigKeys (ConfUtils.java:logGet(46)) - raft.server.staging.catchup.gap = 1000 (default)
2023-01-31 14:59:52,487 [omNode-1@group-03019F0B7508-LeaderElection1] INFO  server.RaftServerConfigKeys (ConfUtils.java:logGet(46)) - raft.server.write.element-limit = 4096 (default)
2023-01-31 14:59:52,488 [omNode-1@group-03019F0B7508-LeaderElection1] INFO  server.RaftServerConfigKeys (ConfUtils.java:logGet(46)) - raft.server.write.byte-limit = 64MB (=67108864) (default)
2023-01-31 14:59:52,496 [omNode-1@group-03019F0B7508-LeaderElection1] INFO  server.RaftServerConfigKeys (ConfUtils.java:logGet(46)) - raft.server.watch.timeout = 10s (default)
2023-01-31 14:59:52,496 [omNode-1@group-03019F0B7508-LeaderElection1] INFO  server.RaftServerConfigKeys (ConfUtils.java:logGet(46)) - raft.server.watch.timeout.denomination = 1s (default)
2023-01-31 14:59:52,496 [omNode-1@group-03019F0B7508-LeaderElection1] INFO  server.RaftServerConfigKeys (ConfUtils.java:logGet(46)) - raft.server.watch.element-limit = 65536 (default)
2023-01-31 14:59:52,503 [omNode-1@group-03019F0B7508-LeaderElection1] INFO  server.RaftServerConfigKeys (ConfUtils.java:logGet(46)) - raft.server.write.element-limit = 4096 (default)
2023-01-31 14:59:52,508 [omNode-1@group-03019F0B7508-LeaderElection1] INFO  server.RaftServerConfigKeys (ConfUtils.java:logGet(46)) - raft.server.write.follower.gap.ratio.max = -1.0 (default)
2023-01-31 14:59:52,526 [omNode-1@group-03019F0B7508-LeaderElection1] INFO  server.RaftServerConfigKeys (ConfUtils.java:logGet(46)) - raft.server.log.appender.snapshot.chunk.size.max = 16MB (=16777216) (default)
2023-01-31 14:59:52,526 [omNode-1@group-03019F0B7508-LeaderElection1] INFO  server.RaftServerConfigKeys (ConfUtils.java:logGet(46)) - raft.server.log.appender.buffer.byte-limit = 33554432 (custom)
2023-01-31 14:59:52,527 [omNode-1@group-03019F0B7508-LeaderElection1] INFO  server.RaftServerConfigKeys (ConfUtils.java:logGet(46)) - raft.server.log.appender.buffer.element-limit = 1024 (custom)
2023-01-31 14:59:52,537 [omNode-1@group-03019F0B7508-LeaderElection1] INFO  grpc.GrpcConfigKeys (ConfUtils.java:logGet(46)) - raft.grpc.server.leader.outstanding.appends.max = 128 (default)
2023-01-31 14:59:52,538 [omNode-1@group-03019F0B7508-LeaderElection1] INFO  server.RaftServerConfigKeys (ConfUtils.java:logGet(46)) - raft.server.rpc.request.timeout = 3000ms (default)
2023-01-31 14:59:52,538 [omNode-1@group-03019F0B7508-LeaderElection1] INFO  server.RaftServerConfigKeys (ConfUtils.java:logGet(46)) - raft.server.log.appender.install.snapshot.enabled = false (custom)
2023-01-31 14:59:52,538 [omNode-1@group-03019F0B7508-LeaderElection1] INFO  grpc.GrpcConfigKeys (ConfUtils.java:logGet(46)) - raft.grpc.server.heartbeat.channel = true (default)
2023-01-31 14:59:52,538 [omNode-1@group-03019F0B7508-LeaderElection1] INFO  server.RaftServerConfigKeys (ConfUtils.java:logGet(46)) - raft.server.log.appender.wait-time.min = 10ms (default)
2023-01-31 14:59:52,553 [omNode-1@group-03019F0B7508-LeaderElection1] INFO  server.RaftServerConfigKeys (ConfUtils.java:logGet(46)) - raft.server.log.appender.snapshot.chunk.size.max = 16MB (=16777216) (default)
2023-01-31 14:59:52,556 [omNode-1@group-03019F0B7508-LeaderElection1] INFO  server.RaftServerConfigKeys (ConfUtils.java:logGet(46)) - raft.server.log.appender.buffer.byte-limit = 33554432 (custom)
2023-01-31 14:59:52,556 [omNode-1@group-03019F0B7508-LeaderElection1] INFO  server.RaftServerConfigKeys (ConfUtils.java:logGet(46)) - raft.server.log.appender.buffer.element-limit = 1024 (custom)
2023-01-31 14:59:52,556 [omNode-1@group-03019F0B7508-LeaderElection1] INFO  grpc.GrpcConfigKeys (ConfUtils.java:logGet(46)) - raft.grpc.server.leader.outstanding.appends.max = 128 (default)
2023-01-31 14:59:52,556 [omNode-1@group-03019F0B7508-LeaderElection1] INFO  server.RaftServerConfigKeys (ConfUtils.java:logGet(46)) - raft.server.rpc.request.timeout = 3000ms (default)
2023-01-31 14:59:52,557 [omNode-1@group-03019F0B7508-LeaderElection1] INFO  server.RaftServerConfigKeys (ConfUtils.java:logGet(46)) - raft.server.log.appender.install.snapshot.enabled = false (custom)
2023-01-31 14:59:52,558 [omNode-1@group-03019F0B7508-LeaderElection1] INFO  grpc.GrpcConfigKeys (ConfUtils.java:logGet(46)) - raft.grpc.server.heartbeat.channel = true (default)
2023-01-31 14:59:52,558 [omNode-1@group-03019F0B7508-LeaderElection1] INFO  server.RaftServerConfigKeys (ConfUtils.java:logGet(46)) - raft.server.log.appender.wait-time.min = 10ms (default)
2023-01-31 14:59:52,564 [omNode-1@group-03019F0B7508-LeaderElection1] INFO  impl.RoleInfo (RoleInfo.java:updateAndGet(139)) - omNode-1: start omNode-1@group-03019F0B7508-LeaderStateImpl
2023-01-31 14:59:52,619 [omNode-1@group-03019F0B7508-LeaderElection1] INFO  segmented.SegmentedRaftLogWorker (SegmentedRaftLogWorker.java:startLogSegment(452)) - omNode-1@group-03019F0B7508-SegmentedRaftLogWorker: Starting segment from index:0
2023-01-31 14:59:52,683 [omNode-1@group-03019F0B7508-LeaderElection1] INFO  server.RaftServer$Division (ServerState.java:setRaftConf(430)) - omNode-1@group-03019F0B7508: set configuration 0: peers:[omNode-3|rpc:localhost:39323|admin:|client:|dataStream:|priority:0|startupRole:FOLLOWER, omNode-1|rpc:localhost:37757|admin:|client:|dataStream:|priority:0|startupRole:FOLLOWER, omNode-2|rpc:localhost:39059|admin:|client:|dataStream:|priority:0|startupRole:FOLLOWER]|listeners:[], old=null
2023-01-31 14:59:52,709 [grpc-default-executor-1] WARN  server.GrpcLogAppender (LogUtils.java:warn(122)) - omNode-1@group-03019F0B7508->omNode-3-AppendLogResponseHandler: Failed appendEntries: org.apache.ratis.thirdparty.io.grpc.StatusRuntimeException: UNAVAILABLE: io exception
2023-01-31 14:59:52,729 [grpc-default-executor-1] WARN  server.GrpcLogAppender (GrpcLogAppender.java:resetClient(131)) - omNode-1@group-03019F0B7508->omNode-3-GrpcLogAppender: Leader has not got in touch with Follower omNode-1@group-03019F0B7508->omNode-3(c-1,m0,n0, attendVote=true, lastRpcSendTime=1420, lastRpcResponseTime=1420) yet, just keep nextIndex unchanged and retry.
2023-01-31 14:59:52,821 [grpc-default-executor-1] WARN  server.GrpcLogAppender (LogUtils.java:warn(122)) - omNode-1@group-03019F0B7508->omNode-3-AppendLogResponseHandler: Failed appendEntries: org.apache.ratis.thirdparty.io.grpc.StatusRuntimeException: UNAVAILABLE: io exception
2023-01-31 14:59:52,819 [grpc-default-executor-2] WARN  server.GrpcLogAppender (LogUtils.java:warn(122)) - omNode-1@group-03019F0B7508->omNode-3-AppendLogResponseHandler: Failed appendEntries: org.apache.ratis.thirdparty.io.grpc.StatusRuntimeException: UNAVAILABLE: io exception
2023-01-31 14:59:52,825 [grpc-default-executor-1] WARN  server.GrpcLogAppender (GrpcLogAppender.java:resetClient(131)) - omNode-1@group-03019F0B7508->omNode-3-GrpcLogAppender: Leader has not got in touch with Follower omNode-1@group-03019F0B7508->omNode-3(c-1,m0,n1, attendVote=true, lastRpcSendTime=39, lastRpcResponseTime=1516) yet, just keep nextIndex unchanged and retry.
2023-01-31 14:59:52,827 [grpc-default-executor-2] WARN  server.GrpcLogAppender (GrpcLogAppender.java:resetClient(131)) - omNode-1@group-03019F0B7508->omNode-3-GrpcLogAppender: Leader has not got in touch with Follower omNode-1@group-03019F0B7508->omNode-3(c-1,m0,n1, attendVote=true, lastRpcSendTime=41, lastRpcResponseTime=1518) yet, just keep nextIndex unchanged and retry.
2023-01-31 14:59:52,845 [grpc-default-executor-2] WARN  server.GrpcLogAppender (LogUtils.java:warn(122)) - omNode-1@group-03019F0B7508->omNode-3-AppendLogResponseHandler: Failed appendEntries: org.apache.ratis.thirdparty.io.grpc.StatusRuntimeException: UNAVAILABLE: io exception
2023-01-31 14:59:52,851 [grpc-default-executor-2] WARN  server.GrpcLogAppender (GrpcLogAppender.java:resetClient(131)) - omNode-1@group-03019F0B7508->omNode-3-GrpcLogAppender: Leader has not got in touch with Follower omNode-1@group-03019F0B7508->omNode-3(c-1,m0,n1, attendVote=true, lastRpcSendTime=64, lastRpcResponseTime=1542) yet, just keep nextIndex unchanged and retry.
2023-01-31 14:59:52,879 [omNode-2-server-thread1] INFO  server.RaftServer$Division (ServerState.java:setLeader(313)) - omNode-2@group-03019F0B7508: change Leader from null to omNode-1 at term 1 for appendEntries, leader elected after 2051ms
2023-01-31 14:59:52,882 [omNode-2-server-thread1] INFO  server.RaftServer$Division (ServerState.java:setRaftConf(430)) - omNode-2@group-03019F0B7508: set configuration 0: peers:[omNode-3|rpc:localhost:39323|admin:|client:|dataStream:|priority:0|startupRole:FOLLOWER, omNode-1|rpc:localhost:37757|admin:|client:|dataStream:|priority:0|startupRole:FOLLOWER, omNode-2|rpc:localhost:39059|admin:|client:|dataStream:|priority:0|startupRole:FOLLOWER]|listeners:[], old=null
2023-01-31 14:59:52,882 [omNode-2-server-thread1] INFO  segmented.SegmentedRaftLogWorker (SegmentedRaftLogWorker.java:startLogSegment(452)) - omNode-2@group-03019F0B7508-SegmentedRaftLogWorker: Starting segment from index:0
2023-01-31 14:59:52,970 [omNode-2@group-03019F0B7508-SegmentedRaftLogWorker] INFO  segmented.SegmentedRaftLogWorker (SegmentedRaftLogWorker.java:execute(656)) - omNode-2@group-03019F0B7508-SegmentedRaftLogWorker: created new log segment /home/runner/work/ozone/ozone/hadoop-ozone/integration-test/target/test-dir/MiniOzoneClusterImpl-be07318e-f8fa-49ab-9d84-e0984746a051/omNode-2/ratis/9784f78e-7f88-3e72-8eda-03019f0b7508/current/log_inprogress_0
2023-01-31 14:59:52,973 [omNode-1@group-03019F0B7508-SegmentedRaftLogWorker] INFO  segmented.SegmentedRaftLogWorker (SegmentedRaftLogWorker.java:execute(656)) - omNode-1@group-03019F0B7508-SegmentedRaftLogWorker: created new log segment /home/runner/work/ozone/ozone/hadoop-ozone/integration-test/target/test-dir/MiniOzoneClusterImpl-be07318e-f8fa-49ab-9d84-e0984746a051/omNode-1/ratis/9784f78e-7f88-3e72-8eda-03019f0b7508/current/log_inprogress_0
2023-01-31 14:59:53,025 [grpc-default-executor-2] WARN  server.GrpcLogAppender (LogUtils.java:warn(122)) - omNode-1@group-03019F0B7508->omNode-3-AppendLogResponseHandler: Failed appendEntries: org.apache.ratis.thirdparty.io.grpc.StatusRuntimeException: UNAVAILABLE: io exception
2023-01-31 14:59:53,025 [grpc-default-executor-0] WARN  server.GrpcLogAppender (LogUtils.java:warn(122)) - omNode-1@group-03019F0B7508->omNode-3-AppendLogResponseHandler: Failed appendEntries: org.apache.ratis.thirdparty.io.grpc.StatusRuntimeException: UNAVAILABLE: io exception
2023-01-31 14:59:53,026 [grpc-default-executor-2] WARN  server.GrpcLogAppender (GrpcLogAppender.java:resetClient(131)) - omNode-1@group-03019F0B7508->omNode-3-GrpcLogAppender: Leader has not got in touch with Follower omNode-1@group-03019F0B7508->omNode-3(c-1,m0,n1, attendVote=true, lastRpcSendTime=240, lastRpcResponseTime=1717) yet, just keep nextIndex unchanged and retry.
2023-01-31 14:59:53,028 [grpc-default-executor-0] WARN  server.GrpcLogAppender (GrpcLogAppender.java:resetClient(131)) - omNode-1@group-03019F0B7508->omNode-3-GrpcLogAppender: Leader has not got in touch with Follower omNode-1@group-03019F0B7508->omNode-3(c-1,m0,n1, attendVote=true, lastRpcSendTime=242, lastRpcResponseTime=1719) yet, just keep nextIndex unchanged and retry.
2023-01-31 14:59:53,052 [grpc-default-executor-1] WARN  server.GrpcLogAppender (LogUtils.java:warn(122)) - omNode-1@group-03019F0B7508->omNode-3-AppendLogResponseHandler: Failed appendEntries: org.apache.ratis.thirdparty.io.grpc.StatusRuntimeException: UNAVAILABLE: io exception
2023-01-31 14:59:53,053 [grpc-default-executor-1] WARN  server.GrpcLogAppender (GrpcLogAppender.java:resetClient(131)) - omNode-1@group-03019F0B7508->omNode-3-GrpcLogAppender: Leader has not got in touch with Follower omNode-1@group-03019F0B7508->omNode-3(c-1,m0,n1, attendVote=true, lastRpcSendTime=24, lastRpcResponseTime=1744) yet, just keep nextIndex unchanged and retry.
2023-01-31 14:59:53,059 [grpc-default-executor-1] WARN  server.GrpcLogAppender (LogUtils.java:warn(122)) - omNode-1@group-03019F0B7508->omNode-3-AppendLogResponseHandler: Failed appendEntries: org.apache.ratis.thirdparty.io.grpc.StatusRuntimeException: UNAVAILABLE: io exception
2023-01-31 14:59:53,060 [grpc-default-executor-1] WARN  server.GrpcLogAppender (GrpcLogAppender.java:resetClient(131)) - omNode-1@group-03019F0B7508->omNode-3-GrpcLogAppender: Leader has not got in touch with Follower omNode-1@group-03019F0B7508->omNode-3(c-1,m0,n1, attendVote=true, lastRpcSendTime=31, lastRpcResponseTime=1751) yet, just keep nextIndex unchanged and retry.
2023-01-31 14:59:53,291 [grpc-default-executor-1] WARN  server.GrpcLogAppender (LogUtils.java:warn(122)) - omNode-1@group-03019F0B7508->omNode-3-AppendLogResponseHandler: Failed appendEntries: org.apache.ratis.thirdparty.io.grpc.StatusRuntimeException: UNAVAILABLE: io exception
2023-01-31 14:59:53,293 [grpc-default-executor-0] WARN  server.GrpcLogAppender (LogUtils.java:warn(122)) - omNode-1@group-03019F0B7508->omNode-3-AppendLogResponseHandler: Failed appendEntries: org.apache.ratis.thirdparty.io.grpc.StatusRuntimeException: UNAVAILABLE: io exception
2023-01-31 14:59:53,293 [grpc-default-executor-1] WARN  server.GrpcLogAppender (GrpcLogAppender.java:resetClient(131)) - omNode-1@group-03019F0B7508->omNode-3-GrpcLogAppender: Leader has not got in touch with Follower omNode-1@group-03019F0B7508->omNode-3(c-1,m0,n1, attendVote=true, lastRpcSendTime=264, lastRpcResponseTime=1984) yet, just keep nextIndex unchanged and retry.
2023-01-31 14:59:53,294 [grpc-default-executor-0] WARN  server.GrpcLogAppender (GrpcLogAppender.java:resetClient(131)) - omNode-1@group-03019F0B7508->omNode-3-GrpcLogAppender: Leader has not got in touch with Follower omNode-1@group-03019F0B7508->omNode-3(c-1,m0,n1, attendVote=true, lastRpcSendTime=264, lastRpcResponseTime=1985) yet, just keep nextIndex unchanged and retry.
2023-01-31 14:59:53,302 [grpc-default-executor-0] WARN  server.GrpcLogAppender (LogUtils.java:warn(122)) - omNode-1@group-03019F0B7508->omNode-3-AppendLogResponseHandler: Failed appendEntries: org.apache.ratis.thirdparty.io.grpc.StatusRuntimeException: UNAVAILABLE: io exception
2023-01-31 14:59:53,308 [grpc-default-executor-0] WARN  server.GrpcLogAppender (GrpcLogAppender.java:resetClient(131)) - omNode-1@group-03019F0B7508->omNode-3-GrpcLogAppender: Leader has not got in touch with Follower omNode-1@group-03019F0B7508->omNode-3(c-1,m0,n1, attendVote=true, lastRpcSendTime=279, lastRpcResponseTime=1999) yet, just keep nextIndex unchanged and retry.
2023-01-31 14:59:53,315 [grpc-default-executor-1] WARN  server.GrpcLogAppender (LogUtils.java:warn(122)) - omNode-1@group-03019F0B7508->omNode-3-AppendLogResponseHandler: Failed appendEntries: org.apache.ratis.thirdparty.io.grpc.StatusRuntimeException: UNAVAILABLE: io exception
2023-01-31 14:59:53,316 [grpc-default-executor-1] WARN  server.GrpcLogAppender (GrpcLogAppender.java:resetClient(131)) - omNode-1@group-03019F0B7508->omNode-3-GrpcLogAppender: Leader has not got in touch with Follower omNode-1@group-03019F0B7508->omNode-3(c-1,m0,n1, attendVote=true, lastRpcSendTime=287, lastRpcResponseTime=2007) yet, just keep nextIndex unchanged and retry.
2023-01-31 14:59:53,343 [grpc-default-executor-1] WARN  server.GrpcLogAppender (LogUtils.java:warn(122)) - omNode-1@group-03019F0B7508->omNode-3-AppendLogResponseHandler: Failed appendEntries: org.apache.ratis.thirdparty.io.grpc.StatusRuntimeException: UNAVAILABLE: io exception
2023-01-31 14:59:53,344 [grpc-default-executor-0] WARN  server.GrpcLogAppender (LogUtils.java:warn(122)) - omNode-1@group-03019F0B7508->omNode-3-AppendLogResponseHandler: Failed appendEntries: org.apache.ratis.thirdparty.io.grpc.StatusRuntimeException: UNAVAILABLE: io exception
2023-01-31 14:59:53,345 [grpc-default-executor-1] WARN  server.GrpcLogAppender (GrpcLogAppender.java:resetClient(131)) - omNode-1@group-03019F0B7508->omNode-3-GrpcLogAppender: Leader has not got in touch with Follower omNode-1@group-03019F0B7508->omNode-3(c-1,m0,n1, attendVote=true, lastRpcSendTime=315, lastRpcResponseTime=2036) yet, just keep nextIndex unchanged and retry.
2023-01-31 14:59:53,345 [grpc-default-executor-0] WARN  server.GrpcLogAppender (GrpcLogAppender.java:resetClient(131)) - omNode-1@group-03019F0B7508->omNode-3-GrpcLogAppender: Leader has not got in touch with Follower omNode-1@group-03019F0B7508->omNode-3(c-1,m0,n1, attendVote=true, lastRpcSendTime=315, lastRpcResponseTime=2036) yet, just keep nextIndex unchanged and retry.
2023-01-31 14:59:53,351 [grpc-default-executor-1] WARN  server.GrpcLogAppender (LogUtils.java:warn(122)) - omNode-1@group-03019F0B7508->omNode-3-AppendLogResponseHandler: Failed appendEntries: org.apache.ratis.thirdparty.io.grpc.StatusRuntimeException: UNAVAILABLE: io exception
2023-01-31 14:59:53,352 [grpc-default-executor-1] WARN  server.GrpcLogAppender (GrpcLogAppender.java:resetClient(131)) - omNode-1@group-03019F0B7508->omNode-3-GrpcLogAppender: Leader has not got in touch with Follower omNode-1@group-03019F0B7508->omNode-3(c-1,m0,n1, attendVote=true, lastRpcSendTime=4, lastRpcResponseTime=2043) yet, just keep nextIndex unchanged and retry.
2023-01-31 14:59:53,352 [grpc-default-executor-1] WARN  server.GrpcLogAppender (LogUtils.java:warn(122)) - omNode-1@group-03019F0B7508->omNode-3-AppendLogResponseHandler: Failed appendEntries: org.apache.ratis.thirdparty.io.grpc.StatusRuntimeException: UNAVAILABLE: io exception
2023-01-31 14:59:53,353 [grpc-default-executor-1] WARN  server.GrpcLogAppender (GrpcLogAppender.java:resetClient(131)) - omNode-1@group-03019F0B7508->omNode-3-GrpcLogAppender: Leader has not got in touch with Follower omNode-1@group-03019F0B7508->omNode-3(c-1,m0,n1, attendVote=true, lastRpcSendTime=5, lastRpcResponseTime=2043) yet, just keep nextIndex unchanged and retry.
2023-01-31 14:59:53,460 [omNode-1@group-03019F0B7508-StateMachineUpdater] INFO  ratis.OzoneManagerStateMachine (OzoneManagerStateMachine.java:notifyConfigurationChanged(192)) - Received Configuration change notification from Ratis. New Peer list:
[id: "omNode-3"
address: "localhost:39323"
startupRole: FOLLOWER
, id: "omNode-1"
address: "localhost:37757"
startupRole: FOLLOWER
, id: "omNode-2"
address: "localhost:39059"
startupRole: FOLLOWER
]
2023-01-31 14:59:53,465 [Listener at 127.0.0.1/37721] INFO  reflections.Reflections (Reflections.java:scan(232)) - Reflections took 1058 ms to scan 19 urls, producing 67 keys and 4594 values [using 2 cores]
2023-01-31 14:59:53,467 [Listener at 127.0.0.1/37721] INFO  ipc.CallQueueManager (CallQueueManager.java:<init>(90)) - Using callQueue: class java.util.concurrent.LinkedBlockingQueue, queueCapacity: 2000, scheduler: class org.apache.hadoop.ipc.DefaultRpcScheduler, ipcBackoff: false.
2023-01-31 14:59:53,472 [Socket Reader #1 for port 41117] INFO  ipc.Server (Server.java:run(1273)) - Starting Socket Reader #1 for port 41117
2023-01-31 14:59:53,489 [omNode-2@group-03019F0B7508-StateMachineUpdater] INFO  ratis.OzoneManagerStateMachine (OzoneManagerStateMachine.java:notifyConfigurationChanged(192)) - Received Configuration change notification from Ratis. New Peer list:
[id: "omNode-3"
address: "localhost:39323"
startupRole: FOLLOWER
, id: "omNode-1"
address: "localhost:37757"
startupRole: FOLLOWER
, id: "omNode-2"
address: "localhost:39059"
startupRole: FOLLOWER
]
2023-01-31 14:59:53,504 [Listener at 127.0.0.1/41117] INFO  impl.MetricsSystemImpl (MetricsSystemImpl.java:init(158)) - OzoneManager metrics system started (again)
2023-01-31 14:59:53,518 [Listener at 127.0.0.1/41117] INFO  om.OzoneManager (OzoneManager.java:start(1519)) - OzoneManager RPC server is listening at localhost/127.0.0.1:41117
2023-01-31 14:59:53,518 [Listener at 127.0.0.1/41117] INFO  ratis.OzoneManagerRatisServer (OzoneManagerRatisServer.java:start(555)) - Starting OzoneManagerRatisServer omNode-3 at port 39323
2023-01-31 14:59:53,519 [omNode-3-impl-thread1] INFO  storage.RaftStorageDirectory (RaftStorageDirectoryImpl.java:analyzeStorage(137)) - The storage directory /home/runner/work/ozone/ozone/hadoop-ozone/integration-test/target/test-dir/MiniOzoneClusterImpl-be07318e-f8fa-49ab-9d84-e0984746a051/omNode-3/ratis/9784f78e-7f88-3e72-8eda-03019f0b7508 does not exist. Creating ...
2023-01-31 14:59:53,520 [omNode-3-impl-thread1] INFO  storage.RaftStorageDirectory (RaftStorageDirectoryImpl.java:tryLock(231)) - Lock on /home/runner/work/ozone/ozone/hadoop-ozone/integration-test/target/test-dir/MiniOzoneClusterImpl-be07318e-f8fa-49ab-9d84-e0984746a051/omNode-3/ratis/9784f78e-7f88-3e72-8eda-03019f0b7508/in_use.lock acquired by nodename 15060@fv-az83-829
2023-01-31 14:59:53,522 [omNode-3-impl-thread1] INFO  storage.RaftStorage (RaftStorageImpl.java:format(96)) - Storage directory /home/runner/work/ozone/ozone/hadoop-ozone/integration-test/target/test-dir/MiniOzoneClusterImpl-be07318e-f8fa-49ab-9d84-e0984746a051/omNode-3/ratis/9784f78e-7f88-3e72-8eda-03019f0b7508 has been successfully formatted.
2023-01-31 14:59:53,523 [omNode-3-impl-thread1] INFO  server.RaftServerConfigKeys (ConfUtils.java:logGet(46)) - raft.server.log.use.memory = false (default)
2023-01-31 14:59:53,523 [omNode-3-impl-thread1] INFO  server.RaftServerConfigKeys (ConfUtils.java:logGet(46)) - raft.server.log.purge.gap = 1000000 (custom)
2023-01-31 14:59:53,523 [omNode-3-impl-thread1] INFO  server.RaftServerConfigKeys (ConfUtils.java:logGet(46)) - raft.server.log.appender.buffer.byte-limit = 33554432 (custom)
2023-01-31 14:59:53,523 [omNode-3-impl-thread1] INFO  server.RaftServerConfigKeys (ConfUtils.java:logGet(46)) - raft.server.log.statemachine.data.read.timeout = 1000ms (default)
2023-01-31 14:59:53,523 [omNode-3-impl-thread1] INFO  server.RaftServerConfigKeys (ConfUtils.java:logGet(46)) - raft.server.log.purge.preservation.log.num = 0 (default)
2023-01-31 14:59:53,524 [omNode-3-impl-thread1] INFO  server.RaftServerConfigKeys (ConfUtils.java:logGet(46)) - raft.server.log.segment.size.max = 4194304 (custom)
2023-01-31 14:59:53,525 [omNode-3-impl-thread1] INFO  server.RaftServerConfigKeys (ConfUtils.java:logGet(46)) - raft.server.log.segment.cache.num.max = 2 (custom)
2023-01-31 14:59:53,525 [omNode-3-impl-thread1] INFO  server.RaftServerConfigKeys (ConfUtils.java:logGet(46)) - raft.server.log.segment.cache.size.max = 200MB (=209715200) (default)
2023-01-31 14:59:53,525 [omNode-3-impl-thread1] INFO  segmented.SegmentedRaftLogWorker (SegmentedRaftLogWorker.java:<init>(189)) - new omNode-3@group-03019F0B7508-SegmentedRaftLogWorker for RaftStorageImpl:Storage Directory /home/runner/work/ozone/ozone/hadoop-ozone/integration-test/target/test-dir/MiniOzoneClusterImpl-be07318e-f8fa-49ab-9d84-e0984746a051/omNode-3/ratis/9784f78e-7f88-3e72-8eda-03019f0b7508
2023-01-31 14:59:53,525 [omNode-3-impl-thread1] INFO  server.RaftServerConfigKeys (ConfUtils.java:logGet(46)) - raft.server.log.queue.byte-limit = 64MB (=67108864) (default)
2023-01-31 14:59:53,525 [omNode-3-impl-thread1] INFO  server.RaftServerConfigKeys (ConfUtils.java:logGet(46)) - raft.server.log.queue.element-limit = 4096 (default)
2023-01-31 14:59:53,525 [omNode-3-impl-thread1] INFO  server.RaftServerConfigKeys (ConfUtils.java:logGet(46)) - raft.server.log.segment.size.max = 4194304 (custom)
2023-01-31 14:59:53,525 [omNode-3-impl-thread1] INFO  server.RaftServerConfigKeys (ConfUtils.java:logGet(46)) - raft.server.log.preallocated.size = 4194304 (custom)
2023-01-31 14:59:53,525 [omNode-3-impl-thread1] INFO  server.RaftServerConfigKeys (ConfUtils.java:logGet(46)) - raft.server.log.force.sync.num = 128 (default)
2023-01-31 14:59:53,525 [omNode-3-impl-thread1] INFO  server.RaftServerConfigKeys (ConfUtils.java:logGet(46)) - raft.server.log.statemachine.data.sync = true (default)
2023-01-31 14:59:53,525 [omNode-3-impl-thread1] INFO  server.RaftServerConfigKeys (ConfUtils.java:logGet(46)) - raft.server.log.statemachine.data.sync.timeout = 10s (default)
2023-01-31 14:59:53,526 [omNode-3-impl-thread1] INFO  server.RaftServerConfigKeys (ConfUtils.java:logGet(46)) - raft.server.log.statemachine.data.sync.timeout.retry = -1 (default)
2023-01-31 14:59:53,527 [omNode-3-impl-thread1] INFO  server.RaftServerConfigKeys (ConfUtils.java:logGet(46)) - raft.server.log.write.buffer.size = 64KB (=65536) (default)
2023-01-31 14:59:53,527 [omNode-3-impl-thread1] INFO  server.RaftServerConfigKeys (ConfUtils.java:logGet(46)) - raft.server.log.appender.buffer.byte-limit = 33554432 (custom)
2023-01-31 14:59:53,532 [omNode-3-impl-thread1] INFO  server.RaftServerConfigKeys (ConfUtils.java:logGet(46)) - raft.server.log.unsafe-flush.enabled = false (default)
2023-01-31 14:59:53,532 [omNode-3-impl-thread1] INFO  server.RaftServerConfigKeys (ConfUtils.java:logGet(46)) - raft.server.log.async-flush.enabled = false (default)
2023-01-31 14:59:53,532 [omNode-3-impl-thread1] INFO  server.RaftServerConfigKeys (ConfUtils.java:logGet(46)) - raft.server.log.statemachine.data.caching.enabled = false (default)
2023-01-31 14:59:53,533 [omNode-3-impl-thread1] INFO  segmented.SegmentedRaftLogWorker (SegmentedRaftLogWorker.java:lambda$new$0(135)) - omNode-3@group-03019F0B7508-SegmentedRaftLogWorker: flushIndex: setUnconditionally 0 -> -1
2023-01-31 14:59:53,533 [omNode-3-impl-thread1] INFO  segmented.SegmentedRaftLogWorker (SegmentedRaftLogWorker.java:lambda$new$0(135)) - omNode-3@group-03019F0B7508-SegmentedRaftLogWorker: safeCacheEvictIndex: setUnconditionally 0 -> -1
2023-01-31 14:59:53,533 [omNode-3-impl-thread1] INFO  server.RaftServer$Division (RaftServerImpl.java:start(334)) - omNode-3@group-03019F0B7508: start as a follower, conf=-1: peers:[omNode-3|rpc:localhost:39323|priority:0|startupRole:FOLLOWER, omNode-1|rpc:localhost:37757|priority:0|startupRole:FOLLOWER, omNode-2|rpc:localhost:39059|priority:0|startupRole:FOLLOWER]|listeners:[], old=null
2023-01-31 14:59:53,533 [omNode-3-impl-thread1] INFO  server.RaftServer$Division (RaftServerImpl.java:setRole(321)) - omNode-3@group-03019F0B7508: changes role from      null to FOLLOWER at term 0 for startAsFollower
2023-01-31 14:59:53,539 [omNode-3-impl-thread1] INFO  impl.RoleInfo (RoleInfo.java:updateAndGet(139)) - omNode-3: start omNode-3@group-03019F0B7508-FollowerState
2023-01-31 14:59:53,539 [omNode-3@group-03019F0B7508-FollowerState] INFO  server.RaftServerConfigKeys (ConfUtils.java:logFallback(53)) - raft.server.rpc.first-election.timeout.min = 1s (fallback to raft.server.rpc.timeout.min)
2023-01-31 14:59:53,540 [omNode-3@group-03019F0B7508-FollowerState] INFO  server.RaftServerConfigKeys (ConfUtils.java:logFallback(53)) - raft.server.rpc.first-election.timeout.max = 1200ms (fallback to raft.server.rpc.timeout.max)
2023-01-31 14:59:53,540 [omNode-3-impl-thread1] INFO  util.JmxRegister (JmxRegister.java:tryRegister(44)) - Successfully registered JMX Bean with object name Ratis:service=RaftServer,group=group-03019F0B7508,id=omNode-3
2023-01-31 14:59:53,543 [omNode-3-impl-thread1] INFO  server.RaftServerConfigKeys (ConfUtils.java:logGet(46)) - raft.server.snapshot.auto.trigger.enabled = true (custom)
2023-01-31 14:59:53,544 [omNode-3-impl-thread1] INFO  server.RaftServerConfigKeys (ConfUtils.java:logGet(46)) - raft.server.snapshot.auto.trigger.threshold = 400000 (default)
2023-01-31 14:59:53,544 [omNode-3-impl-thread1] INFO  server.RaftServerConfigKeys (ConfUtils.java:logGet(46)) - raft.server.snapshot.retention.file.num = -1 (default)
2023-01-31 14:59:53,544 [omNode-3-impl-thread1] INFO  server.RaftServerConfigKeys (ConfUtils.java:logGet(46)) - raft.server.log.purge.upto.snapshot.index = true (custom)
2023-01-31 14:59:53,546 [Listener at 127.0.0.1/41117] INFO  server.RaftServer (RaftServerProxy.java:startImpl(393)) - omNode-3: start RPC server
2023-01-31 14:59:53,549 [Listener at 127.0.0.1/41117] INFO  server.GrpcService (GrpcService.java:startImpl(262)) - omNode-3: GrpcService started, listening on 39323
2023-01-31 14:59:53,549 [Listener at 127.0.0.1/41117] INFO  upgrade.UpgradeFinalizer (BasicUpgradeFinalizer.java:runPrefinalizeStateActions(282)) - Running pre-finalized state validations for unfinalized layout features.
2023-01-31 14:59:53,549 [Listener at 127.0.0.1/41117] INFO  upgrade.UpgradeFinalizer (BasicUpgradeFinalizer.java:runPrefinalizeStateActions(295)) - Running first upgrade commands for unfinalized layout features.
2023-01-31 14:59:53,549 [Listener at 127.0.0.1/41117] INFO  om.OzoneManager (OzoneManager.java:start(1535)) - Version File has different layout version (0) than OM DB (null). That is expected if this OM has never been finalized to a newer layout version.
2023-01-31 14:59:53,560 [JvmPauseMonitor2] INFO  util.JvmPauseMonitor (JvmPauseMonitor.java:run(105)) - JvmPauseMonitor-omNode-3: Started
2023-01-31 14:59:53,569 [Listener at 127.0.0.1/41117] INFO  http.BaseHttpServer (BaseHttpServer.java:newHttpServer2BuilderForOzone(213)) - Starting Web-server for ozoneManager at: http://0.0.0.0:46123
2023-01-31 14:59:53,569 [Listener at 127.0.0.1/41117] INFO  http.BaseHttpServer (BaseHttpServer.java:<init>(108)) - Hadoop Security Enabled: false Ozone Security Enabled: false Ozone HTTP Security Enabled: false 
2023-01-31 14:59:53,575 [Listener at 127.0.0.1/41117] WARN  server.AuthenticationFilter (AuthenticationFilter.java:constructSecretProvider(240)) - Unable to initialize FileSignerSecretProvider, falling back to use random secrets. Reason: Could not read signature secret file: /home/runner/hadoop-http-auth-signature-secret
2023-01-31 14:59:53,579 [Listener at 127.0.0.1/41117] WARN  http.HttpRequestLog (HttpRequestLog.java:getRequestLog(103)) - Jetty request log can only be enabled using Log4j
2023-01-31 14:59:53,581 [Listener at 127.0.0.1/41117] INFO  http.HttpServer2 (HttpServer2.java:addGlobalFilter(1031)) - Added global filter 'safety' (class=org.apache.hadoop.hdds.server.http.HttpServer2$QuotingInputFilter)
2023-01-31 14:59:53,582 [Listener at 127.0.0.1/41117] INFO  http.HttpServer2 (HttpServer2.java:addFilter(1007)) - Added filter static_user_filter (class=org.apache.hadoop.http.lib.StaticUserWebFilter$StaticUserFilter) to context ozoneManager
2023-01-31 14:59:53,582 [Listener at 127.0.0.1/41117] INFO  http.HttpServer2 (HttpServer2.java:addFilter(1015)) - Added filter static_user_filter (class=org.apache.hadoop.http.lib.StaticUserWebFilter$StaticUserFilter) to context static
2023-01-31 14:59:53,582 [Listener at 127.0.0.1/41117] INFO  http.HttpServer2 (HttpServer2.java:addFilter(1015)) - Added filter static_user_filter (class=org.apache.hadoop.http.lib.StaticUserWebFilter$StaticUserFilter) to context logs
2023-01-31 14:59:53,583 [Listener at 127.0.0.1/41117] INFO  http.HttpServer2 (HttpServer2.java:bindListener(1250)) - Jetty bound to port 46123
2023-01-31 14:59:53,583 [Listener at 127.0.0.1/41117] INFO  server.Server (Server.java:doStart(375)) - jetty-9.4.49.v20220914; built: 2022-09-14T01:07:36.601Z; git: 4231a3b2e4cb8548a412a789936d640a97b1aa0a; jvm 1.8.0_352-b08
2023-01-31 14:59:53,591 [Listener at 127.0.0.1/41117] INFO  server.session (DefaultSessionIdManager.java:doStart(334)) - DefaultSessionIdManager workerName=node0
2023-01-31 14:59:53,591 [Listener at 127.0.0.1/41117] INFO  server.session (DefaultSessionIdManager.java:doStart(339)) - No SessionScavenger set, using defaults
2023-01-31 14:59:53,591 [Listener at 127.0.0.1/41117] INFO  server.session (HouseKeeper.java:startScavenging(132)) - node0 Scavenging every 600000ms
2023-01-31 14:59:53,592 [Listener at 127.0.0.1/41117] INFO  handler.ContextHandler (ContextHandler.java:doStart(921)) - Started o.e.j.s.ServletContextHandler@22434439{logs,/logs,file:///home/runner/work/ozone/ozone/hadoop-ozone/integration-test/target/log,AVAILABLE}
2023-01-31 14:59:53,593 [Listener at 127.0.0.1/41117] INFO  handler.ContextHandler (ContextHandler.java:doStart(921)) - Started o.e.j.s.ServletContextHandler@5790d2c1{static,/static,file:///home/runner/work/ozone/ozone/hadoop-ozone/integration-test/target/test-classes/webapps/static,AVAILABLE}
2023-01-31 14:59:53,599 [grpc-default-executor-1] WARN  server.GrpcLogAppender (LogUtils.java:warn(122)) - omNode-1@group-03019F0B7508->omNode-3-AppendLogResponseHandler: Failed appendEntries: org.apache.ratis.thirdparty.io.grpc.StatusRuntimeException: UNAVAILABLE: io exception
2023-01-31 14:59:53,599 [grpc-default-executor-0] WARN  server.GrpcLogAppender (LogUtils.java:warn(122)) - omNode-1@group-03019F0B7508->omNode-3-AppendLogResponseHandler: Failed appendEntries: org.apache.ratis.thirdparty.io.grpc.StatusRuntimeException: UNAVAILABLE: io exception
2023-01-31 14:59:53,599 [Listener at 127.0.0.1/41117] INFO  handler.ContextHandler (ContextHandler.java:doStart(921)) - Started o.e.j.w.WebAppContext@b30b03a{ozoneManager,/,file:///home/runner/work/ozone/ozone/hadoop-ozone/integration-test/target/test-classes/webapps/ozoneManager/,AVAILABLE}{file:/home/runner/work/ozone/ozone/hadoop-ozone/integration-test/target/test-classes/webapps/ozoneManager}
2023-01-31 14:59:53,600 [grpc-default-executor-1] WARN  server.GrpcLogAppender (GrpcLogAppender.java:resetClient(131)) - omNode-1@group-03019F0B7508->omNode-3-GrpcLogAppender: Leader has not got in touch with Follower omNode-1@group-03019F0B7508->omNode-3(c-1,m0,n1, attendVote=true, lastRpcSendTime=0, lastRpcResponseTime=2291) yet, just keep nextIndex unchanged and retry.
2023-01-31 14:59:53,605 [Listener at 127.0.0.1/41117] INFO  server.AbstractConnector (AbstractConnector.java:doStart(333)) - Started ServerConnector@350b7121{HTTP/1.1, (http/1.1)}{0.0.0.0:46123}
2023-01-31 14:59:53,605 [Listener at 127.0.0.1/41117] INFO  server.Server (Server.java:doStart(415)) - Started @12786ms
2023-01-31 14:59:53,605 [Listener at 127.0.0.1/41117] WARN  impl.MetricsSystemImpl (MetricsSystemImpl.java:register(279)) - Sink prometheus already exists!
2023-01-31 14:59:53,610 [grpc-default-executor-0] WARN  server.GrpcLogAppender (GrpcLogAppender.java:resetClient(131)) - omNode-1@group-03019F0B7508->omNode-3-GrpcLogAppender: Leader has not got in touch with Follower omNode-1@group-03019F0B7508->omNode-3(c-1,m0,n1, attendVote=true, lastRpcSendTime=10, lastRpcResponseTime=2301) yet, just keep nextIndex unchanged and retry.
2023-01-31 14:59:53,613 [Listener at 127.0.0.1/41117] INFO  http.BaseHttpServer (BaseHttpServer.java:updateConnectorAddress(333)) - HTTP server of ozoneManager listening at http://0.0.0.0:46123
2023-01-31 14:59:53,614 [IPC Server Responder] INFO  ipc.Server (Server.java:run(1512)) - IPC Server Responder: starting
2023-01-31 14:59:53,614 [IPC Server listener on 41117] INFO  ipc.Server (Server.java:run(1352)) - IPC Server listener on 41117: starting
2023-01-31 14:59:53,624 [Listener at 127.0.0.1/41117] INFO  om.OzoneManager (OzoneManager.java:startTrashEmptier(1956)) - Trash Interval set to 0. Files deleted won't move to trash
2023-01-31 14:59:53,625 [Listener at 127.0.0.1/41117] INFO  ozone.MiniOzoneHAClusterImpl (MiniOzoneHAClusterImpl.java:createOMService(527)) - Started OzoneManager omNode-3 RPC server at localhost/127.0.0.1:41117
2023-01-31 14:59:53,625 [org.apache.hadoop.util.JvmPauseMonitor$Monitor@5ef590d7] INFO  util.JvmPauseMonitor (JvmPauseMonitor.java:run(188)) - Starting JVM pause monitor
2023-01-31 14:59:53,776 [Listener at 127.0.0.1/41117] WARN  impl.MetricRegistriesImpl (MetricRegistriesImpl.java:addReporterRegistration(111)) - New reporters are added after registries were created. Some metrics will be missing from the reporter. Please add reporter before adding any new registry.
2023-01-31 14:59:53,776 [Listener at 127.0.0.1/41117] WARN  impl.MetricRegistriesImpl (MetricRegistriesImpl.java:addReporterRegistration(111)) - New reporters are added after registries were created. Some metrics will be missing from the reporter. Please add reporter before adding any new registry.
2023-01-31 14:59:53,776 [Listener at 127.0.0.1/41117] INFO  impl.MetricsSystemImpl (MetricsSystemImpl.java:init(158)) - HddsDatanode metrics system started (again)
2023-01-31 14:59:53,794 [Listener at 127.0.0.1/41117] INFO  ozone.HddsDatanodeService (HddsDatanodeService.java:start(228)) - HddsDatanodeService host:fv-az83-829.pawgbth4qraerhbqawdeo1jfng.dx.internal.cloudapp.net ip:10.1.0.47
2023-01-31 14:59:53,838 [Listener at 127.0.0.1/41117] INFO  upgrade.AbstractLayoutVersionManager (AbstractLayoutVersionManager.java:init(83)) - Initializing Layout version manager with metadata layout = DATANODE_SCHEMA_V3 (version = 4), software layout = DATANODE_SCHEMA_V3 (version = 4)
2023-01-31 14:59:53,869 [omNode-3-server-thread1] INFO  server.RaftServer$Division (ServerState.java:setLeader(313)) - omNode-3@group-03019F0B7508: change Leader from null to omNode-1 at term 1 for appendEntries, leader elected after 1458ms
2023-01-31 14:59:53,869 [omNode-3-server-thread1] INFO  server.RaftServer$Division (RaftServerImpl.java:checkInconsistentAppendEntries(1508)) - omNode-3@group-03019F0B7508: Failed appendEntries as previous log entry ((t:1, i:0)) is not found
2023-01-31 14:59:53,869 [omNode-3-server-thread1] INFO  server.RaftServer$Division (RaftServerImpl.java:checkInconsistentAppendEntries(1478)) - omNode-3@group-03019F0B7508: inconsistency entries. Reply:omNode-1<-omNode-3#5418:FAIL-t0,INCONSISTENCY,nextIndex=0,followerCommit=-1,matchIndex=-1
2023-01-31 14:59:53,873 [grpc-default-executor-2] INFO  leader.FollowerInfo (FollowerInfoImpl.java:lambda$new$0(48)) - omNode-1@group-03019F0B7508->omNode-3: nextIndex: updateUnconditionally 1 -> 0
2023-01-31 14:59:53,876 [omNode-3-server-thread1] INFO  server.RaftServer$Division (ServerState.java:setRaftConf(430)) - omNode-3@group-03019F0B7508: set configuration 0: peers:[omNode-3|rpc:localhost:39323|admin:|client:|dataStream:|priority:0|startupRole:FOLLOWER, omNode-1|rpc:localhost:37757|admin:|client:|dataStream:|priority:0|startupRole:FOLLOWER, omNode-2|rpc:localhost:39059|admin:|client:|dataStream:|priority:0|startupRole:FOLLOWER]|listeners:[], old=null
2023-01-31 14:59:53,877 [omNode-3-server-thread1] INFO  segmented.SegmentedRaftLogWorker (SegmentedRaftLogWorker.java:startLogSegment(452)) - omNode-3@group-03019F0B7508-SegmentedRaftLogWorker: Starting segment from index:0
2023-01-31 14:59:53,891 [omNode-3@group-03019F0B7508-SegmentedRaftLogWorker] INFO  segmented.SegmentedRaftLogWorker (SegmentedRaftLogWorker.java:execute(656)) - omNode-3@group-03019F0B7508-SegmentedRaftLogWorker: created new log segment /home/runner/work/ozone/ozone/hadoop-ozone/integration-test/target/test-dir/MiniOzoneClusterImpl-be07318e-f8fa-49ab-9d84-e0984746a051/omNode-3/ratis/9784f78e-7f88-3e72-8eda-03019f0b7508/current/log_inprogress_0
2023-01-31 14:59:53,895 [omNode-3@group-03019F0B7508-StateMachineUpdater] INFO  ratis.OzoneManagerStateMachine (OzoneManagerStateMachine.java:notifyConfigurationChanged(192)) - Received Configuration change notification from Ratis. New Peer list:
[id: "omNode-3"
address: "localhost:39323"
startupRole: FOLLOWER
, id: "omNode-1"
address: "localhost:37757"
startupRole: FOLLOWER
, id: "omNode-2"
address: "localhost:39059"
startupRole: FOLLOWER
]
2023-01-31 14:59:53,934 [Listener at 127.0.0.1/41117] INFO  reflections.Reflections (Reflections.java:scan(232)) - Reflections took 92 ms to scan 7 urls, producing 149 keys and 361 values 
2023-01-31 14:59:53,944 [Listener at 127.0.0.1/41117] INFO  statemachine.DatanodeStateMachine (DatanodeStateMachine.java:getEndPointTaskThreadPoolSize(261)) - Datanode State Machine Task Thread Pool size 2
2023-01-31 14:59:54,029 [Listener at 127.0.0.1/41117] INFO  volume.HddsVolume (HddsVolume.java:<init>(117)) - Creating HddsVolume: /home/runner/work/ozone/ozone/hadoop-ozone/integration-test/target/test-dir/MiniOzoneClusterImpl-be07318e-f8fa-49ab-9d84-e0984746a051/datanode-0/data-0/containers/hdds of storage type : DISK capacity : 9223372036854775807
2023-01-31 14:59:54,032 [Listener at 127.0.0.1/41117] INFO  volume.MutableVolumeSet (MutableVolumeSet.java:initializeVolumeSet(174)) - Added Volume : /home/runner/work/ozone/ozone/hadoop-ozone/integration-test/target/test-dir/MiniOzoneClusterImpl-be07318e-f8fa-49ab-9d84-e0984746a051/datanode-0/data-0/containers/hdds to VolumeSet
2023-01-31 14:59:54,035 [Listener at 127.0.0.1/41117] INFO  volume.ThrottledAsyncChecker (ThrottledAsyncChecker.java:schedule(141)) - Scheduling a check for /home/runner/work/ozone/ozone/hadoop-ozone/integration-test/target/test-dir/MiniOzoneClusterImpl-be07318e-f8fa-49ab-9d84-e0984746a051/datanode-0/data-0/containers/hdds
2023-01-31 14:59:54,056 [Listener at 127.0.0.1/41117] INFO  volume.StorageVolumeChecker (StorageVolumeChecker.java:checkAllVolumes(202)) - Scheduled health check for volume /home/runner/work/ozone/ozone/hadoop-ozone/integration-test/target/test-dir/MiniOzoneClusterImpl-be07318e-f8fa-49ab-9d84-e0984746a051/datanode-0/data-0/containers/hdds
2023-01-31 14:59:54,083 [Listener at 127.0.0.1/41117] INFO  volume.MutableVolumeSet (MutableVolumeSet.java:initializeVolumeSet(174)) - Added Volume : /home/runner/work/ozone/ozone/hadoop-ozone/integration-test/target/test-dir/MiniOzoneClusterImpl-be07318e-f8fa-49ab-9d84-e0984746a051/datanode-0/data/ratis to VolumeSet
2023-01-31 14:59:54,084 [Listener at 127.0.0.1/41117] INFO  volume.ThrottledAsyncChecker (ThrottledAsyncChecker.java:schedule(141)) - Scheduling a check for /home/runner/work/ozone/ozone/hadoop-ozone/integration-test/target/test-dir/MiniOzoneClusterImpl-be07318e-f8fa-49ab-9d84-e0984746a051/datanode-0/data/ratis
2023-01-31 14:59:54,084 [Listener at 127.0.0.1/41117] INFO  volume.StorageVolumeChecker (StorageVolumeChecker.java:checkAllVolumes(202)) - Scheduled health check for volume /home/runner/work/ozone/ozone/hadoop-ozone/integration-test/target/test-dir/MiniOzoneClusterImpl-be07318e-f8fa-49ab-9d84-e0984746a051/datanode-0/data/ratis
2023-01-31 14:59:54,124 [Thread-246] INFO  ozoneimpl.ContainerReader (ContainerReader.java:readVolume(175)) - Finish verifying containers on volume /home/runner/work/ozone/ozone/hadoop-ozone/integration-test/target/test-dir/MiniOzoneClusterImpl-be07318e-f8fa-49ab-9d84-e0984746a051/datanode-0/data-0/containers/hdds
2023-01-31 14:59:54,124 [Listener at 127.0.0.1/41117] INFO  ozoneimpl.OzoneContainer (OzoneContainer.java:buildContainerSet(305)) - Build ContainerSet costs 0s
2023-01-31 14:59:54,189 [Listener at 127.0.0.1/41117] INFO  audit.AuditLogger (AuditLogger.java:refreshDebugCmdSet(126)) - Refresh DebugCmdSet for DNAudit to [].
2023-01-31 14:59:54,246 [Listener at 127.0.0.1/41117] INFO  server.RaftServer (ConfUtils.java:logGet(46)) - raft.rpc.type = GRPC (default)
2023-01-31 14:59:54,246 [Listener at 127.0.0.1/41117] INFO  grpc.GrpcConfigKeys (ConfUtils.java:logFallback(53)) - raft.grpc.admin.host = null (fallback to raft.grpc.server.host)
2023-01-31 14:59:54,246 [Listener at 127.0.0.1/41117] INFO  grpc.GrpcConfigKeys (ConfUtils.java:logGet(46)) - raft.grpc.admin.port = 0 (custom)
2023-01-31 14:59:54,246 [Listener at 127.0.0.1/41117] INFO  grpc.GrpcConfigKeys (ConfUtils.java:logFallback(53)) - raft.grpc.client.host = null (fallback to raft.grpc.server.host)
2023-01-31 14:59:54,247 [Listener at 127.0.0.1/41117] INFO  grpc.GrpcConfigKeys (ConfUtils.java:logGet(46)) - raft.grpc.client.port = 0 (custom)
2023-01-31 14:59:54,247 [Listener at 127.0.0.1/41117] INFO  grpc.GrpcConfigKeys (ConfUtils.java:logGet(46)) - raft.grpc.server.host = null (default)
2023-01-31 14:59:54,247 [Listener at 127.0.0.1/41117] INFO  grpc.GrpcConfigKeys (ConfUtils.java:logGet(46)) - raft.grpc.server.port = 0 (default)
2023-01-31 14:59:54,247 [Listener at 127.0.0.1/41117] INFO  server.GrpcService (ConfUtils.java:logGet(46)) - raft.grpc.message.size.max = 32MB (=33554432) (custom)
2023-01-31 14:59:54,247 [Listener at 127.0.0.1/41117] INFO  server.RaftServerConfigKeys (ConfUtils.java:logGet(46)) - raft.server.log.appender.buffer.byte-limit = 33554432 (custom)
2023-01-31 14:59:54,248 [Listener at 127.0.0.1/41117] INFO  server.GrpcService (ConfUtils.java:logGet(46)) - raft.grpc.flow.control.window = 5MB (=5242880) (custom)
2023-01-31 14:59:54,248 [Listener at 127.0.0.1/41117] INFO  server.RaftServerConfigKeys (ConfUtils.java:logGet(46)) - raft.server.rpc.request.timeout = 60s (custom)
2023-01-31 14:59:54,248 [Listener at 127.0.0.1/41117] INFO  grpc.GrpcConfigKeys (ConfUtils.java:logGet(46)) - raft.grpc.server.heartbeat.channel = true (default)
2023-01-31 14:59:54,248 [Listener at 127.0.0.1/41117] INFO  grpc.GrpcConfigKeys (ConfUtils.java:logGet(46)) - raft.grpc.server.async.request.thread.pool.cached = true (default)
2023-01-31 14:59:54,249 [Listener at 127.0.0.1/41117] INFO  grpc.GrpcConfigKeys (ConfUtils.java:logGet(46)) - raft.grpc.server.async.request.thread.pool.size = 32 (default)
2023-01-31 14:59:54,250 [Listener at 127.0.0.1/41117] INFO  impl.DataStreamServerImpl (ConfUtils.java:logGet(46)) - raft.datastream.type = NETTY (custom)
2023-01-31 14:59:54,256 [Listener at 127.0.0.1/41117] INFO  server.RaftServerConfigKeys (ConfUtils.java:logGet(46)) - raft.server.data-stream.async.request.thread.pool.cached = false (default)
2023-01-31 14:59:54,256 [Listener at 127.0.0.1/41117] INFO  server.RaftServerConfigKeys (ConfUtils.java:logGet(46)) - raft.server.data-stream.async.request.thread.pool.size = 20 (custom)
2023-01-31 14:59:54,256 [Listener at 127.0.0.1/41117] INFO  server.RaftServerConfigKeys (ConfUtils.java:logGet(46)) - raft.server.data-stream.async.write.thread.pool.size = 16 (default)
2023-01-31 14:59:54,256 [Listener at 127.0.0.1/41117] INFO  server.RaftServerConfigKeys (ConfUtils.java:logGet(46)) - raft.server.data-stream.client.pool.size = 10 (default)
2023-01-31 14:59:54,256 [Listener at 127.0.0.1/41117] INFO  netty.NettyConfigKeys$DataStream (ConfUtils.java:logGet(46)) - raft.netty.dataStream.server.use-epoll = false (default)
2023-01-31 14:59:54,256 [Listener at 127.0.0.1/41117] INFO  netty.NettyConfigKeys$DataStream (ConfUtils.java:logGet(46)) - raft.netty.dataStream.server.boss-group.size = 0 (default)
2023-01-31 14:59:54,257 [Listener at 127.0.0.1/41117] INFO  netty.NettyConfigKeys$DataStream (ConfUtils.java:logGet(46)) - raft.netty.dataStream.server.worker-group.size = 0 (default)
2023-01-31 14:59:54,257 [Listener at 127.0.0.1/41117] INFO  netty.NettyConfigKeys$DataStream (ConfUtils.java:logGet(46)) - raft.netty.dataStream.server.tls.conf = null (default)
2023-01-31 14:59:54,257 [Listener at 127.0.0.1/41117] INFO  netty.NettyConfigKeys$DataStream (ConfUtils.java:logGet(46)) - raft.netty.dataStream.host = null (default)
2023-01-31 14:59:54,257 [Listener at 127.0.0.1/41117] INFO  netty.NettyConfigKeys$DataStream (ConfUtils.java:logGet(46)) - raft.netty.dataStream.port = 0 (default)
2023-01-31 14:59:54,259 [Listener at 127.0.0.1/41117] INFO  server.RaftServerConfigKeys (ConfUtils.java:logGet(46)) - raft.server.threadpool.proxy.cached = true (default)
2023-01-31 14:59:54,259 [Listener at 127.0.0.1/41117] INFO  server.RaftServerConfigKeys (ConfUtils.java:logGet(46)) - raft.server.threadpool.proxy.size = 0 (default)
2023-01-31 14:59:54,259 [Listener at 127.0.0.1/41117] INFO  server.RaftServerConfigKeys (ConfUtils.java:logGet(46)) - raft.server.rpc.slowness.timeout = 300s (custom)
2023-01-31 14:59:54,259 [Listener at 127.0.0.1/41117] INFO  server.RaftServerConfigKeys (ConfUtils.java:logGet(46)) - raft.server.leaderelection.leader.step-down.wait-time = 10s (default)
2023-01-31 14:59:54,259 [Listener at 127.0.0.1/41117] INFO  server.RaftServerConfigKeys (ConfUtils.java:logGet(46)) - raft.server.storage.dir = [/home/runner/work/ozone/ozone/hadoop-ozone/integration-test/target/test-dir/MiniOzoneClusterImpl-be07318e-f8fa-49ab-9d84-e0984746a051/datanode-0/data/ratis] (custom)
2023-01-31 14:59:54,260 [35db9442-f18b-4267-946a-fce619760b54-NettyServerStreamRpc-bossGroup--thread1] INFO  logging.LoggingHandler (AbstractInternalLogger.java:log(148)) - [id: 0x667e1500] REGISTERED
2023-01-31 14:59:54,260 [35db9442-f18b-4267-946a-fce619760b54-NettyServerStreamRpc-bossGroup--thread1] INFO  logging.LoggingHandler (AbstractInternalLogger.java:log(148)) - [id: 0x667e1500] BIND: 0.0.0.0/0.0.0.0:0
2023-01-31 14:59:54,260 [35db9442-f18b-4267-946a-fce619760b54-NettyServerStreamRpc-bossGroup--thread1] INFO  logging.LoggingHandler (AbstractInternalLogger.java:log(148)) - [id: 0x667e1500, L:/0:0:0:0:0:0:0:0:33231] ACTIVE
2023-01-31 14:59:54,293 [Listener at 127.0.0.1/41117] INFO  server.XceiverServerGrpc (XceiverServerGrpc.java:<init>(132)) - GrpcServer channel type EpollServerSocketChannel
2023-01-31 14:59:54,392 [Listener at 127.0.0.1/41117] INFO  http.BaseHttpServer (BaseHttpServer.java:newHttpServer2BuilderForOzone(213)) - Starting Web-server for hddsDatanode at: http://0.0.0.0:0
2023-01-31 14:59:54,392 [Listener at 127.0.0.1/41117] INFO  http.BaseHttpServer (BaseHttpServer.java:<init>(108)) - Hadoop Security Enabled: false Ozone Security Enabled: false Ozone HTTP Security Enabled: false 
2023-01-31 14:59:54,394 [Listener at 127.0.0.1/41117] WARN  server.AuthenticationFilter (AuthenticationFilter.java:constructSecretProvider(240)) - Unable to initialize FileSignerSecretProvider, falling back to use random secrets. Reason: Could not read signature secret file: /home/runner/hadoop-http-auth-signature-secret
2023-01-31 14:59:54,395 [Listener at 127.0.0.1/41117] WARN  http.HttpRequestLog (HttpRequestLog.java:getRequestLog(103)) - Jetty request log can only be enabled using Log4j
2023-01-31 14:59:54,397 [Listener at 127.0.0.1/41117] INFO  http.HttpServer2 (HttpServer2.java:addGlobalFilter(1031)) - Added global filter 'safety' (class=org.apache.hadoop.hdds.server.http.HttpServer2$QuotingInputFilter)
2023-01-31 14:59:54,405 [Listener at 127.0.0.1/41117] INFO  http.HttpServer2 (HttpServer2.java:addFilter(1007)) - Added filter static_user_filter (class=org.apache.hadoop.http.lib.StaticUserWebFilter$StaticUserFilter) to context hddsDatanode
2023-01-31 14:59:54,407 [Listener at 127.0.0.1/41117] INFO  http.HttpServer2 (HttpServer2.java:addFilter(1015)) - Added filter static_user_filter (class=org.apache.hadoop.http.lib.StaticUserWebFilter$StaticUserFilter) to context static
2023-01-31 14:59:54,407 [Listener at 127.0.0.1/41117] INFO  http.HttpServer2 (HttpServer2.java:addFilter(1015)) - Added filter static_user_filter (class=org.apache.hadoop.http.lib.StaticUserWebFilter$StaticUserFilter) to context logs
2023-01-31 14:59:54,409 [Listener at 127.0.0.1/41117] INFO  http.HttpServer2 (HttpServer2.java:bindListener(1250)) - Jetty bound to port 45525
2023-01-31 14:59:54,409 [Listener at 127.0.0.1/41117] INFO  server.Server (Server.java:doStart(375)) - jetty-9.4.49.v20220914; built: 2022-09-14T01:07:36.601Z; git: 4231a3b2e4cb8548a412a789936d640a97b1aa0a; jvm 1.8.0_352-b08
2023-01-31 14:59:54,417 [Listener at 127.0.0.1/41117] INFO  server.session (DefaultSessionIdManager.java:doStart(334)) - DefaultSessionIdManager workerName=node0
2023-01-31 14:59:54,417 [Listener at 127.0.0.1/41117] INFO  server.session (DefaultSessionIdManager.java:doStart(339)) - No SessionScavenger set, using defaults
2023-01-31 14:59:54,418 [Listener at 127.0.0.1/41117] INFO  server.session (HouseKeeper.java:startScavenging(132)) - node0 Scavenging every 600000ms
2023-01-31 14:59:54,419 [Listener at 127.0.0.1/41117] INFO  handler.ContextHandler (ContextHandler.java:doStart(921)) - Started o.e.j.s.ServletContextHandler@32bbb1a5{logs,/logs,file:///home/runner/work/ozone/ozone/hadoop-ozone/integration-test/target/log,AVAILABLE}
2023-01-31 14:59:54,419 [Listener at 127.0.0.1/41117] INFO  handler.ContextHandler (ContextHandler.java:doStart(921)) - Started o.e.j.s.ServletContextHandler@4acb5ba2{static,/static,jar:file:/home/runner/.m2/repository/org/apache/ozone/hdds-container-service/1.4.0-SNAPSHOT/hdds-container-service-1.4.0-SNAPSHOT.jar!/webapps/static,AVAILABLE}
2023-01-31 14:59:54,683 [Listener at 127.0.0.1/41117] INFO  handler.ContextHandler (ContextHandler.java:doStart(921)) - Started o.e.j.w.WebAppContext@406bda5e{hddsDatanode,/,file:///tmp/jetty-0_0_0_0-45525-hdds-container-service-1_4_0-SNAPSHOT_jar-_-any-1831549029881771599/webapp/,AVAILABLE}{jar:file:/home/runner/.m2/repository/org/apache/ozone/hdds-container-service/1.4.0-SNAPSHOT/hdds-container-service-1.4.0-SNAPSHOT.jar!/webapps/hddsDatanode}
2023-01-31 14:59:54,687 [Listener at 127.0.0.1/41117] INFO  server.AbstractConnector (AbstractConnector.java:doStart(333)) - Started ServerConnector@3c0b71ac{HTTP/1.1, (http/1.1)}{0.0.0.0:45525}
2023-01-31 14:59:54,687 [Listener at 127.0.0.1/41117] INFO  server.Server (Server.java:doStart(415)) - Started @13868ms
2023-01-31 14:59:54,687 [Listener at 127.0.0.1/41117] WARN  impl.MetricsSystemImpl (MetricsSystemImpl.java:register(279)) - Sink prometheus already exists!
2023-01-31 14:59:54,688 [Listener at 127.0.0.1/41117] INFO  http.BaseHttpServer (BaseHttpServer.java:updateConnectorAddress(333)) - HTTP server of hddsDatanode listening at http://0.0.0.0:45525
2023-01-31 14:59:54,691 [Listener at 127.0.0.1/41117] INFO  ozone.MiniOzoneClusterImpl (MiniOzoneClusterImpl.java:lambda$waitForClusterToBeReady$0(218)) - Waiting for nodes to be ready. Got 0 of 1 DN Heartbeats.
2023-01-31 14:59:54,691 [Listener at 127.0.0.1/41117] INFO  ozone.MiniOzoneClusterImpl (MiniOzoneClusterImpl.java:lambda$waitForClusterToBeReady$0(221)) - Waiting for cluster to exit safe mode
2023-01-31 14:59:54,691 [Listener at 127.0.0.1/41117] INFO  ozone.MiniOzoneClusterImpl (MiniOzoneClusterImpl.java:lambda$waitForClusterToBeReady$0(223)) - SCM became leader
2023-01-31 14:59:54,692 [Datanode State Machine Daemon Thread] INFO  statemachine.DatanodeStateMachine (DatanodeStateMachine.java:lambda$startDaemon$0(517)) - Ozone container server started.
2023-01-31 14:59:54,705 [org.apache.hadoop.util.JvmPauseMonitor$Monitor@2eea9b4f] INFO  util.JvmPauseMonitor (JvmPauseMonitor.java:run(188)) - Starting JVM pause monitor
2023-01-31 14:59:54,833 [Datanode State Machine Task Thread - 0] INFO  datanode.InitDatanodeState (InitDatanodeState.java:persistContainerDatanodeDetails(138)) - DatanodeDetails is persisted to /home/runner/work/ozone/ozone/hadoop-ozone/integration-test/target/test-dir/MiniOzoneClusterImpl-be07318e-f8fa-49ab-9d84-e0984746a051/datanode-0/meta/datanode.id
2023-01-31 14:59:55,692 [Listener at 127.0.0.1/41117] INFO  ozone.MiniOzoneClusterImpl (MiniOzoneClusterImpl.java:lambda$waitForClusterToBeReady$0(218)) - Waiting for nodes to be ready. Got 0 of 1 DN Heartbeats.
2023-01-31 14:59:55,692 [Listener at 127.0.0.1/41117] INFO  ozone.MiniOzoneClusterImpl (MiniOzoneClusterImpl.java:lambda$waitForClusterToBeReady$0(221)) - Waiting for cluster to exit safe mode
2023-01-31 14:59:55,692 [Listener at 127.0.0.1/41117] INFO  ozone.MiniOzoneClusterImpl (MiniOzoneClusterImpl.java:lambda$waitForClusterToBeReady$0(223)) - SCM became leader
2023-01-31 14:59:56,692 [Listener at 127.0.0.1/41117] INFO  ozone.MiniOzoneClusterImpl (MiniOzoneClusterImpl.java:lambda$waitForClusterToBeReady$0(218)) - Waiting for nodes to be ready. Got 0 of 1 DN Heartbeats.
2023-01-31 14:59:56,693 [Listener at 127.0.0.1/41117] INFO  ozone.MiniOzoneClusterImpl (MiniOzoneClusterImpl.java:lambda$waitForClusterToBeReady$0(221)) - Waiting for cluster to exit safe mode
2023-01-31 14:59:56,693 [Listener at 127.0.0.1/41117] INFO  ozone.MiniOzoneClusterImpl (MiniOzoneClusterImpl.java:lambda$waitForClusterToBeReady$0(223)) - SCM became leader
2023-01-31 14:59:56,848 [EndpointStateMachine task thread for /0.0.0.0:42149 - 0 ] INFO  utils.DatanodeStoreCache (DatanodeStoreCache.java:addDB(58)) - Added db /home/runner/work/ozone/ozone/hadoop-ozone/integration-test/target/test-dir/MiniOzoneClusterImpl-be07318e-f8fa-49ab-9d84-e0984746a051/datanode-0/data-0/containers/hdds/be07318e-f8fa-49ab-9d84-e0984746a051/DS-2ebe7cc3-20e9-43a8-8589-3dcc5f278222/container.db to cache
2023-01-31 14:59:56,849 [EndpointStateMachine task thread for /0.0.0.0:42149 - 0 ] INFO  volume.HddsVolume (HddsVolume.java:createDbStore(307)) - SchemaV3 db is created and loaded at /home/runner/work/ozone/ozone/hadoop-ozone/integration-test/target/test-dir/MiniOzoneClusterImpl-be07318e-f8fa-49ab-9d84-e0984746a051/datanode-0/data-0/containers/hdds/be07318e-f8fa-49ab-9d84-e0984746a051/DS-2ebe7cc3-20e9-43a8-8589-3dcc5f278222/container.db for volume DS-2ebe7cc3-20e9-43a8-8589-3dcc5f278222
2023-01-31 14:59:56,850 [EndpointStateMachine task thread for /0.0.0.0:42149 - 0 ] INFO  ozoneimpl.OzoneContainer (OzoneContainer.java:start(399)) - Attempting to start container services.
2023-01-31 14:59:56,853 [EndpointStateMachine task thread for /0.0.0.0:42149 - 0 ] INFO  ozoneimpl.OzoneContainer (OzoneContainer.java:startContainerScrub(316)) - Scheduled background container scanners and the on-demand container scanner have been disabled.
2023-01-31 14:59:56,856 [EndpointStateMachine task thread for /0.0.0.0:42149 - 0 ] INFO  replication.ReplicationServer (ReplicationServer.java:start(109)) - ReplicationServer is started using port 44549
2023-01-31 14:59:56,863 [EndpointStateMachine task thread for /0.0.0.0:42149 - 0 ] INFO  ratis.XceiverServerRatis (XceiverServerRatis.java:start(517)) - Starting XceiverServerRatis 35db9442-f18b-4267-946a-fce619760b54
2023-01-31 14:59:56,873 [EndpointStateMachine task thread for /0.0.0.0:42149 - 0 ] INFO  server.RaftServer (RaftServerProxy.java:startImpl(393)) - 35db9442-f18b-4267-946a-fce619760b54: start RPC server
2023-01-31 14:59:56,884 [EndpointStateMachine task thread for /0.0.0.0:42149 - 0 ] INFO  server.GrpcService (GrpcService.java:startImpl(262)) - 35db9442-f18b-4267-946a-fce619760b54: GrpcService started, listening on 42141
2023-01-31 14:59:56,885 [EndpointStateMachine task thread for /0.0.0.0:42149 - 0 ] INFO  ratis.XceiverServerRatis (XceiverServerRatis.java:getRealPort(543)) - XceiverServerRatis 35db9442-f18b-4267-946a-fce619760b54 is started using port 42141 for RATIS
2023-01-31 14:59:56,885 [EndpointStateMachine task thread for /0.0.0.0:42149 - 0 ] INFO  ratis.XceiverServerRatis (XceiverServerRatis.java:getRealPort(543)) - XceiverServerRatis 35db9442-f18b-4267-946a-fce619760b54 is started using port 42141 for RATIS_ADMIN
2023-01-31 14:59:56,885 [EndpointStateMachine task thread for /0.0.0.0:42149 - 0 ] INFO  ratis.XceiverServerRatis (XceiverServerRatis.java:getRealPort(543)) - XceiverServerRatis 35db9442-f18b-4267-946a-fce619760b54 is started using port 42141 for RATIS_SERVER
2023-01-31 14:59:56,885 [EndpointStateMachine task thread for /0.0.0.0:42149 - 0 ] INFO  ratis.XceiverServerRatis (XceiverServerRatis.java:getRealPort(543)) - XceiverServerRatis 35db9442-f18b-4267-946a-fce619760b54 is started using port 33231 for RATIS_DATASTREAM
2023-01-31 14:59:56,890 [JvmPauseMonitor3] INFO  util.JvmPauseMonitor (JvmPauseMonitor.java:run(105)) - JvmPauseMonitor-35db9442-f18b-4267-946a-fce619760b54: Started
2023-01-31 14:59:56,893 [EndpointStateMachine task thread for /0.0.0.0:42149 - 0 ] INFO  server.XceiverServerGrpc (XceiverServerGrpc.java:start(180)) - XceiverServerGrpc 35db9442-f18b-4267-946a-fce619760b54 is started using port 39729
2023-01-31 14:59:57,693 [Listener at 127.0.0.1/41117] INFO  ozone.MiniOzoneClusterImpl (MiniOzoneClusterImpl.java:lambda$waitForClusterToBeReady$0(218)) - Waiting for nodes to be ready. Got 0 of 1 DN Heartbeats.
2023-01-31 14:59:57,693 [Listener at 127.0.0.1/41117] INFO  ozone.MiniOzoneClusterImpl (MiniOzoneClusterImpl.java:lambda$waitForClusterToBeReady$0(221)) - Waiting for cluster to exit safe mode
2023-01-31 14:59:57,693 [Listener at 127.0.0.1/41117] INFO  ozone.MiniOzoneClusterImpl (MiniOzoneClusterImpl.java:lambda$waitForClusterToBeReady$0(223)) - SCM became leader
2023-01-31 14:59:58,694 [Listener at 127.0.0.1/41117] INFO  ozone.MiniOzoneClusterImpl (MiniOzoneClusterImpl.java:lambda$waitForClusterToBeReady$0(218)) - Waiting for nodes to be ready. Got 0 of 1 DN Heartbeats.
2023-01-31 14:59:58,694 [Listener at 127.0.0.1/41117] INFO  ozone.MiniOzoneClusterImpl (MiniOzoneClusterImpl.java:lambda$waitForClusterToBeReady$0(221)) - Waiting for cluster to exit safe mode
2023-01-31 14:59:58,694 [Listener at 127.0.0.1/41117] INFO  ozone.MiniOzoneClusterImpl (MiniOzoneClusterImpl.java:lambda$waitForClusterToBeReady$0(223)) - SCM became leader
2023-01-31 14:59:58,756 [IPC Server handler 13 on default port 42149] INFO  net.NetworkTopologyImpl (NetworkTopologyImpl.java:add(112)) - Added a new node: /default-rack/35db9442-f18b-4267-946a-fce619760b54
2023-01-31 14:59:58,759 [IPC Server handler 13 on default port 42149] INFO  node.SCMNodeManager (SCMNodeManager.java:register(397)) - Registered Data node : 35db9442-f18b-4267-946a-fce619760b54{ip: 10.1.0.47, host: fv-az83-829.pawgbth4qraerhbqawdeo1jfng.dx.internal.cloudapp.net, ports: [REPLICATION=44549, RATIS=42141, RATIS_ADMIN=42141, RATIS_SERVER=42141, RATIS_DATASTREAM=33231, STANDALONE=39729], networkLocation: /default-rack, certSerialId: null, persistedOpState: null, persistedOpStateExpiryEpochSec: 0}
2023-01-31 14:59:58,772 [EventQueue-NewNodeForNewNodeHandler] INFO  pipeline.BackgroundPipelineCreator (BackgroundPipelineCreator.java:notifyEventTriggered(276)) - trigger a one-shot run on RatisPipelineUtilsThread.
2023-01-31 14:59:58,777 [EventQueue-NodeRegistrationContainerReportForContainerSafeModeRule] INFO  safemode.SCMSafeModeManager (SCMSafeModeManager.java:validateSafeModeExitRules(200)) - ContainerSafeModeRule rule is successfully validated
2023-01-31 14:59:58,787 [RatisPipelineUtilsThread - 0] INFO  pipeline.RatisPipelineProvider (RatisPipelineProvider.java:lambda$create$0(206)) - Sending CreatePipelineCommand for pipeline:PipelineID=35bab4dd-82bd-4319-83d8-c8c1419e6d29 to datanode:35db9442-f18b-4267-946a-fce619760b54
2023-01-31 14:59:58,787 [EventQueue-NodeRegistrationContainerReportForDataNodeSafeModeRule] INFO  safemode.SCMSafeModeManager (DataNodeSafeModeRule.java:process(71)) - SCM in safe mode. 1 DataNodes registered, 1 required.
2023-01-31 14:59:58,787 [EventQueue-NodeRegistrationContainerReportForDataNodeSafeModeRule] INFO  safemode.SCMSafeModeManager (SCMSafeModeManager.java:validateSafeModeExitRules(200)) - DataNodeSafeModeRule rule is successfully validated
2023-01-31 14:59:58,787 [EventQueue-NodeRegistrationContainerReportForDataNodeSafeModeRule] INFO  safemode.SCMSafeModeManager (SCMSafeModeManager.java:completePreCheck(229)) - All SCM safe mode pre check rules have passed
2023-01-31 14:59:58,787 [EventQueue-NodeRegistrationContainerReportForDataNodeSafeModeRule] INFO  ha.SCMContext (SCMContext.java:updateSafeModeStatus(228)) - Update SafeModeStatus from SafeModeStatus{safeModeStatus=true, preCheckPassed=false} to SafeModeStatus{safeModeStatus=true, preCheckPassed=true}.
2023-01-31 14:59:58,788 [EventQueue-NodeRegistrationContainerReportForDataNodeSafeModeRule] INFO  pipeline.BackgroundPipelineCreator (BackgroundPipelineCreator.java:notifyEventTriggered(276)) - trigger a one-shot run on RatisPipelineUtilsThread.
2023-01-31 14:59:58,791 [EventQueue-PipelineReportForOneReplicaPipelineSafeModeRule] INFO  safemode.SCMSafeModeManager (SCMSafeModeManager.java:validateSafeModeExitRules(200)) - AtleastOneDatanodeReportedRule rule is successfully validated
2023-01-31 14:59:58,806 [RatisPipelineUtilsThread - 0] INFO  pipeline.PipelineStateManagerImpl (PipelineStateManagerImpl.java:addPipeline(103)) - Created pipeline Pipeline[ Id: 35bab4dd-82bd-4319-83d8-c8c1419e6d29, Nodes: 35db9442-f18b-4267-946a-fce619760b54(fv-az83-829.pawgbth4qraerhbqawdeo1jfng.dx.internal.cloudapp.net/10.1.0.47), ReplicationConfig: RATIS/ONE, State:ALLOCATED, leaderId:, CreationTimestamp2023-01-31T14:59:58.785Z[Etc/UTC]].
2023-01-31 14:59:58,815 [RatisPipelineUtilsThread - 0] ERROR scm.SCMCommonPlacementPolicy (SCMCommonPlacementPolicy.java:filterNodesWithSpace(249)) - Unable to find enough nodes that meet the space requirement of 1073741824 bytes for metadata and 5368709120 bytes for data in healthy node set. Required 3. Found 1.
2023-01-31 14:59:58,817 [RatisPipelineUtilsThread - 0] ERROR scm.SCMCommonPlacementPolicy (SCMCommonPlacementPolicy.java:filterNodesWithSpace(249)) - Unable to find enough nodes that meet the space requirement of 1073741824 bytes for metadata and 5368709120 bytes for data in healthy node set. Required 3. Found 1.
2023-01-31 14:59:59,694 [Listener at 127.0.0.1/41117] INFO  ozone.MiniOzoneClusterImpl (MiniOzoneClusterImpl.java:lambda$waitForClusterToBeReady$0(218)) - Nodes are ready. Got 1 of 1 DN Heartbeats.
2023-01-31 14:59:59,694 [Listener at 127.0.0.1/41117] INFO  ozone.MiniOzoneClusterImpl (MiniOzoneClusterImpl.java:lambda$waitForClusterToBeReady$0(221)) - Waiting for cluster to exit safe mode
2023-01-31 14:59:59,695 [Listener at 127.0.0.1/41117] INFO  ozone.MiniOzoneClusterImpl (MiniOzoneClusterImpl.java:lambda$waitForClusterToBeReady$0(223)) - SCM became leader
2023-01-31 15:00:00,695 [Listener at 127.0.0.1/41117] INFO  ozone.MiniOzoneClusterImpl (MiniOzoneClusterImpl.java:lambda$waitForClusterToBeReady$0(218)) - Nodes are ready. Got 1 of 1 DN Heartbeats.
2023-01-31 15:00:00,695 [Listener at 127.0.0.1/41117] INFO  ozone.MiniOzoneClusterImpl (MiniOzoneClusterImpl.java:lambda$waitForClusterToBeReady$0(221)) - Waiting for cluster to exit safe mode
2023-01-31 15:00:00,695 [Listener at 127.0.0.1/41117] INFO  ozone.MiniOzoneClusterImpl (MiniOzoneClusterImpl.java:lambda$waitForClusterToBeReady$0(223)) - SCM became leader
2023-01-31 15:00:01,695 [Listener at 127.0.0.1/41117] INFO  ozone.MiniOzoneClusterImpl (MiniOzoneClusterImpl.java:lambda$waitForClusterToBeReady$0(218)) - Nodes are ready. Got 1 of 1 DN Heartbeats.
2023-01-31 15:00:01,696 [Listener at 127.0.0.1/41117] INFO  ozone.MiniOzoneClusterImpl (MiniOzoneClusterImpl.java:lambda$waitForClusterToBeReady$0(221)) - Waiting for cluster to exit safe mode
2023-01-31 15:00:01,696 [Listener at 127.0.0.1/41117] INFO  ozone.MiniOzoneClusterImpl (MiniOzoneClusterImpl.java:lambda$waitForClusterToBeReady$0(223)) - SCM became leader
2023-01-31 15:00:01,742 [Command processor thread] INFO  server.RaftServer (RaftServerProxy.java:addNew(96)) - 35db9442-f18b-4267-946a-fce619760b54: addNew group-C8C1419E6D29:[35db9442-f18b-4267-946a-fce619760b54|rpc:10.1.0.47:42141|dataStream:10.1.0.47:33231|priority:1|startupRole:FOLLOWER] returns group-C8C1419E6D29:java.util.concurrent.CompletableFuture@750259[Not completed]
2023-01-31 15:00:01,755 [pool-121-thread-1] INFO  server.RaftServer$Division (RaftServerImpl.java:<init>(195)) - 35db9442-f18b-4267-946a-fce619760b54: new RaftServerImpl for group-C8C1419E6D29:[35db9442-f18b-4267-946a-fce619760b54|rpc:10.1.0.47:42141|dataStream:10.1.0.47:33231|priority:1|startupRole:FOLLOWER] with ContainerStateMachine:uninitialized
2023-01-31 15:00:01,755 [pool-121-thread-1] INFO  server.RaftServerConfigKeys (ConfUtils.java:logGet(46)) - raft.server.rpc.timeout.min = 5s (custom)
2023-01-31 15:00:01,755 [pool-121-thread-1] INFO  server.RaftServerConfigKeys (ConfUtils.java:logGet(46)) - raft.server.rpc.timeout.max = 5200ms (custom)
2023-01-31 15:00:01,755 [pool-121-thread-1] INFO  server.RaftServerConfigKeys (ConfUtils.java:logGet(46)) - raft.server.rpc.sleep.time = 25ms (default)
2023-01-31 15:00:01,755 [pool-121-thread-1] INFO  server.RaftServerConfigKeys (ConfUtils.java:logGet(46)) - raft.server.rpc.slowness.timeout = 300s (custom)
2023-01-31 15:00:01,756 [pool-121-thread-1] INFO  server.RaftServerConfigKeys (ConfUtils.java:logGet(46)) - raft.server.leaderelection.leader.step-down.wait-time = 10s (default)
2023-01-31 15:00:01,756 [pool-121-thread-1] INFO  server.RaftServerConfigKeys (ConfUtils.java:logGet(46)) - raft.server.sleep.deviation.threshold = 300ms (default)
2023-01-31 15:00:01,756 [pool-121-thread-1] INFO  server.RaftServer$Division (ServerState.java:<init>(118)) - 35db9442-f18b-4267-946a-fce619760b54@group-C8C1419E6D29: ConfigurationManager, init=-1: peers:[35db9442-f18b-4267-946a-fce619760b54|rpc:10.1.0.47:42141|dataStream:10.1.0.47:33231|priority:1|startupRole:FOLLOWER]|listeners:[], old=null, confs=<EMPTY_MAP>
2023-01-31 15:00:01,756 [pool-121-thread-1] INFO  server.RaftServerConfigKeys (ConfUtils.java:logGet(46)) - raft.server.storage.dir = [/home/runner/work/ozone/ozone/hadoop-ozone/integration-test/target/test-dir/MiniOzoneClusterImpl-be07318e-f8fa-49ab-9d84-e0984746a051/datanode-0/data/ratis] (custom)
2023-01-31 15:00:01,756 [pool-121-thread-1] INFO  server.RaftServerConfigKeys (ConfUtils.java:logGet(46)) - raft.server.log.corruption.policy = EXCEPTION (default)
2023-01-31 15:00:01,756 [pool-121-thread-1] INFO  server.RaftServerConfigKeys (ConfUtils.java:logGet(46)) - raft.server.storage.free-space.min = 0MB (=0) (default)
2023-01-31 15:00:01,757 [pool-121-thread-1] INFO  server.RaftServerConfigKeys (ConfUtils.java:logGet(46)) - raft.server.notification.no-leader.timeout = 300s (custom)
2023-01-31 15:00:01,757 [pool-121-thread-1] INFO  server.RaftServerConfigKeys (ConfUtils.java:logGet(46)) - raft.server.retrycache.expirytime = 600000ms (custom)
2023-01-31 15:00:01,757 [pool-121-thread-1] INFO  server.RaftServerConfigKeys (ConfUtils.java:logGet(46)) - raft.server.retrycache.statistics.expirytime = 100μs (default)
2023-01-31 15:00:01,761 [pool-121-thread-1] INFO  server.RaftServerConfigKeys (ConfUtils.java:logGet(46)) - raft.server.log.appender.install.snapshot.enabled = false (custom)
2023-01-31 15:00:01,762 [pool-121-thread-1] INFO  server.RaftServerConfigKeys (ConfUtils.java:logGet(46)) - raft.server.threadpool.server.cached = true (default)
2023-01-31 15:00:01,762 [pool-121-thread-1] INFO  server.RaftServerConfigKeys (ConfUtils.java:logGet(46)) - raft.server.threadpool.server.size = 0 (default)
2023-01-31 15:00:01,762 [pool-121-thread-1] INFO  server.RaftServerConfigKeys (ConfUtils.java:logGet(46)) - raft.server.threadpool.client.cached = true (default)
2023-01-31 15:00:01,762 [pool-121-thread-1] INFO  server.RaftServerConfigKeys (ConfUtils.java:logGet(46)) - raft.server.threadpool.client.size = 0 (default)
2023-01-31 15:00:01,763 [pool-121-thread-1] INFO  storage.RaftStorageDirectory (RaftStorageDirectoryImpl.java:analyzeStorage(137)) - The storage directory /home/runner/work/ozone/ozone/hadoop-ozone/integration-test/target/test-dir/MiniOzoneClusterImpl-be07318e-f8fa-49ab-9d84-e0984746a051/datanode-0/data/ratis/35bab4dd-82bd-4319-83d8-c8c1419e6d29 does not exist. Creating ...
2023-01-31 15:00:01,764 [pool-121-thread-1] INFO  storage.RaftStorageDirectory (RaftStorageDirectoryImpl.java:tryLock(231)) - Lock on /home/runner/work/ozone/ozone/hadoop-ozone/integration-test/target/test-dir/MiniOzoneClusterImpl-be07318e-f8fa-49ab-9d84-e0984746a051/datanode-0/data/ratis/35bab4dd-82bd-4319-83d8-c8c1419e6d29/in_use.lock acquired by nodename 15060@fv-az83-829
2023-01-31 15:00:01,767 [pool-121-thread-1] INFO  storage.RaftStorage (RaftStorageImpl.java:format(96)) - Storage directory /home/runner/work/ozone/ozone/hadoop-ozone/integration-test/target/test-dir/MiniOzoneClusterImpl-be07318e-f8fa-49ab-9d84-e0984746a051/datanode-0/data/ratis/35bab4dd-82bd-4319-83d8-c8c1419e6d29 has been successfully formatted.
2023-01-31 15:00:01,774 [pool-121-thread-1] INFO  ratis.ContainerStateMachine (ContainerStateMachine.java:loadSnapshot(240)) - group-C8C1419E6D29: The snapshot info is null. Setting the last applied indexto:(t:0, i:~)
2023-01-31 15:00:01,774 [pool-121-thread-1] INFO  server.RaftServerConfigKeys (ConfUtils.java:logGet(46)) - raft.server.log.use.memory = false (default)
2023-01-31 15:00:01,774 [pool-121-thread-1] INFO  server.RaftServerConfigKeys (ConfUtils.java:logGet(46)) - raft.server.log.purge.gap = 1000000 (custom)
2023-01-31 15:00:01,774 [pool-121-thread-1] INFO  server.RaftServerConfigKeys (ConfUtils.java:logGet(46)) - raft.server.log.appender.buffer.byte-limit = 33554432 (custom)
2023-01-31 15:00:01,775 [pool-121-thread-1] INFO  server.RaftServerConfigKeys (ConfUtils.java:logGet(46)) - raft.server.log.statemachine.data.read.timeout = 1000ms (default)
2023-01-31 15:00:01,775 [pool-121-thread-1] INFO  server.RaftServerConfigKeys (ConfUtils.java:logGet(46)) - raft.server.log.purge.preservation.log.num = 0 (default)
2023-01-31 15:00:01,775 [pool-121-thread-1] INFO  server.RaftServerConfigKeys (ConfUtils.java:logGet(46)) - raft.server.log.segment.size.max = 1048576 (custom)
2023-01-31 15:00:01,776 [pool-121-thread-1] INFO  server.RaftServerConfigKeys (ConfUtils.java:logGet(46)) - raft.server.log.segment.cache.num.max = 2 (custom)
2023-01-31 15:00:01,776 [pool-121-thread-1] INFO  server.RaftServerConfigKeys (ConfUtils.java:logGet(46)) - raft.server.log.segment.cache.size.max = 200MB (=209715200) (default)
2023-01-31 15:00:01,776 [pool-121-thread-1] INFO  segmented.SegmentedRaftLogWorker (SegmentedRaftLogWorker.java:<init>(189)) - new 35db9442-f18b-4267-946a-fce619760b54@group-C8C1419E6D29-SegmentedRaftLogWorker for RaftStorageImpl:Storage Directory /home/runner/work/ozone/ozone/hadoop-ozone/integration-test/target/test-dir/MiniOzoneClusterImpl-be07318e-f8fa-49ab-9d84-e0984746a051/datanode-0/data/ratis/35bab4dd-82bd-4319-83d8-c8c1419e6d29
2023-01-31 15:00:01,776 [pool-121-thread-1] INFO  server.RaftServerConfigKeys (ConfUtils.java:logGet(46)) - raft.server.log.queue.byte-limit = 4294967296 (custom)
2023-01-31 15:00:01,776 [pool-121-thread-1] INFO  server.RaftServerConfigKeys (ConfUtils.java:logGet(46)) - raft.server.log.queue.element-limit = 1024 (custom)
2023-01-31 15:00:01,777 [pool-121-thread-1] INFO  server.RaftServerConfigKeys (ConfUtils.java:logGet(46)) - raft.server.log.segment.size.max = 1048576 (custom)
2023-01-31 15:00:01,777 [pool-121-thread-1] INFO  server.RaftServerConfigKeys (ConfUtils.java:logGet(46)) - raft.server.log.preallocated.size = 16384 (custom)
2023-01-31 15:00:01,778 [pool-121-thread-1] INFO  server.RaftServerConfigKeys (ConfUtils.java:logGet(46)) - raft.server.log.force.sync.num = 128 (default)
2023-01-31 15:00:01,778 [pool-121-thread-1] INFO  server.RaftServerConfigKeys (ConfUtils.java:logGet(46)) - raft.server.log.statemachine.data.sync = true (default)
2023-01-31 15:00:01,779 [pool-121-thread-1] INFO  server.RaftServerConfigKeys (ConfUtils.java:logGet(46)) - raft.server.log.statemachine.data.sync.timeout = 10s (default)
2023-01-31 15:00:01,779 [pool-121-thread-1] INFO  server.RaftServerConfigKeys (ConfUtils.java:logGet(46)) - raft.server.log.statemachine.data.sync.timeout.retry = -1 (default)
2023-01-31 15:00:01,780 [pool-121-thread-1] INFO  server.RaftServerConfigKeys (ConfUtils.java:logGet(46)) - raft.server.log.write.buffer.size = 1048576 (custom)
2023-01-31 15:00:01,781 [pool-121-thread-1] INFO  server.RaftServerConfigKeys (ConfUtils.java:logGet(46)) - raft.server.log.appender.buffer.byte-limit = 33554432 (custom)
2023-01-31 15:00:01,787 [pool-121-thread-1] INFO  server.RaftServerConfigKeys (ConfUtils.java:logGet(46)) - raft.server.log.unsafe-flush.enabled = false (default)
2023-01-31 15:00:01,787 [pool-121-thread-1] INFO  server.RaftServerConfigKeys (ConfUtils.java:logGet(46)) - raft.server.log.async-flush.enabled = false (default)
2023-01-31 15:00:01,787 [pool-121-thread-1] INFO  server.RaftServerConfigKeys (ConfUtils.java:logGet(46)) - raft.server.log.statemachine.data.caching.enabled = true (custom)
2023-01-31 15:00:01,788 [pool-121-thread-1] INFO  segmented.SegmentedRaftLogWorker (SegmentedRaftLogWorker.java:lambda$new$0(135)) - 35db9442-f18b-4267-946a-fce619760b54@group-C8C1419E6D29-SegmentedRaftLogWorker: flushIndex: setUnconditionally 0 -> -1
2023-01-31 15:00:01,788 [pool-121-thread-1] INFO  segmented.SegmentedRaftLogWorker (SegmentedRaftLogWorker.java:lambda$new$0(135)) - 35db9442-f18b-4267-946a-fce619760b54@group-C8C1419E6D29-SegmentedRaftLogWorker: safeCacheEvictIndex: setUnconditionally 0 -> -1
2023-01-31 15:00:01,788 [pool-121-thread-1] INFO  server.RaftServer$Division (RaftServerImpl.java:start(334)) - 35db9442-f18b-4267-946a-fce619760b54@group-C8C1419E6D29: start as a follower, conf=-1: peers:[35db9442-f18b-4267-946a-fce619760b54|rpc:10.1.0.47:42141|dataStream:10.1.0.47:33231|priority:1|startupRole:FOLLOWER]|listeners:[], old=null
2023-01-31 15:00:01,788 [pool-121-thread-1] INFO  server.RaftServer$Division (RaftServerImpl.java:setRole(321)) - 35db9442-f18b-4267-946a-fce619760b54@group-C8C1419E6D29: changes role from      null to FOLLOWER at term 0 for startAsFollower
2023-01-31 15:00:01,788 [pool-121-thread-1] INFO  impl.RoleInfo (RoleInfo.java:updateAndGet(139)) - 35db9442-f18b-4267-946a-fce619760b54: start 35db9442-f18b-4267-946a-fce619760b54@group-C8C1419E6D29-FollowerState
2023-01-31 15:00:01,796 [pool-121-thread-1] INFO  util.JmxRegister (JmxRegister.java:tryRegister(44)) - Successfully registered JMX Bean with object name Ratis:service=RaftServer,group=group-C8C1419E6D29,id=35db9442-f18b-4267-946a-fce619760b54
2023-01-31 15:00:01,796 [pool-121-thread-1] INFO  server.RaftServerConfigKeys (ConfUtils.java:logGet(46)) - raft.server.snapshot.auto.trigger.enabled = true (custom)
2023-01-31 15:00:01,796 [pool-121-thread-1] INFO  server.RaftServerConfigKeys (ConfUtils.java:logGet(46)) - raft.server.snapshot.auto.trigger.threshold = 10000 (custom)
2023-01-31 15:00:01,796 [pool-121-thread-1] INFO  server.RaftServerConfigKeys (ConfUtils.java:logGet(46)) - raft.server.snapshot.retention.file.num = 5 (custom)
2023-01-31 15:00:01,796 [pool-121-thread-1] INFO  server.RaftServerConfigKeys (ConfUtils.java:logGet(46)) - raft.server.log.purge.upto.snapshot.index = false (default)
2023-01-31 15:00:01,797 [35db9442-f18b-4267-946a-fce619760b54@group-C8C1419E6D29-FollowerState] INFO  server.RaftServerConfigKeys (ConfUtils.java:logFallback(53)) - raft.server.rpc.first-election.timeout.min = 5s (fallback to raft.server.rpc.timeout.min)
2023-01-31 15:00:01,797 [35db9442-f18b-4267-946a-fce619760b54@group-C8C1419E6D29-FollowerState] INFO  server.RaftServerConfigKeys (ConfUtils.java:logFallback(53)) - raft.server.rpc.first-election.timeout.max = 5200ms (fallback to raft.server.rpc.timeout.max)
2023-01-31 15:00:01,808 [Command processor thread] INFO  ratis.XceiverServerRatis (XceiverServerRatis.java:addGroup(806)) - Created group PipelineID=35bab4dd-82bd-4319-83d8-c8c1419e6d29
2023-01-31 15:00:01,810 [Command processor thread] INFO  commandhandler.CreatePipelineCommandHandler (CreatePipelineCommandHandler.java:handle(113)) - Created Pipeline RATIS ONE PipelineID=35bab4dd-82bd-4319-83d8-c8c1419e6d29.
2023-01-31 15:00:01,820 [EventQueue-PipelineReportForPipelineReportHandler] INFO  pipeline.PipelineManagerImpl (PipelineManagerImpl.java:openPipeline(367)) - Pipeline Pipeline[ Id: 35bab4dd-82bd-4319-83d8-c8c1419e6d29, Nodes: 35db9442-f18b-4267-946a-fce619760b54(fv-az83-829.pawgbth4qraerhbqawdeo1jfng.dx.internal.cloudapp.net/10.1.0.47), ReplicationConfig: RATIS/ONE, State:ALLOCATED, leaderId:35db9442-f18b-4267-946a-fce619760b54, CreationTimestamp2023-01-31T14:59:58.785Z[Etc/UTC]] moved to OPEN state
2023-01-31 15:00:01,828 [EventQueue-OpenPipelineForHealthyPipelineSafeModeRule] INFO  safemode.SCMSafeModeManager (SCMSafeModeManager.java:validateSafeModeExitRules(200)) - HealthyPipelineSafeModeRule rule is successfully validated
2023-01-31 15:00:01,828 [EventQueue-OpenPipelineForHealthyPipelineSafeModeRule] INFO  safemode.SCMSafeModeManager (SCMSafeModeManager.java:validateSafeModeExitRules(215)) - ScmSafeModeManager, all rules are successfully validated
2023-01-31 15:00:01,828 [EventQueue-OpenPipelineForHealthyPipelineSafeModeRule] INFO  safemode.SCMSafeModeManager (SCMSafeModeManager.java:exitSafeMode(244)) - SCM exiting safe mode.
2023-01-31 15:00:01,828 [EventQueue-OpenPipelineForHealthyPipelineSafeModeRule] INFO  ha.SCMContext (SCMContext.java:updateSafeModeStatus(228)) - Update SafeModeStatus from SafeModeStatus{safeModeStatus=true, preCheckPassed=true} to SafeModeStatus{safeModeStatus=false, preCheckPassed=true}.
2023-01-31 15:00:01,829 [EventQueue-OpenPipelineForHealthyPipelineSafeModeRule] INFO  pipeline.BackgroundPipelineCreator (BackgroundPipelineCreator.java:notifyStatusChanged(254)) - Service BackgroundPipelineCreator transitions to RUNNING.
2023-01-31 15:00:01,829 [EventQueue-OpenPipelineForHealthyPipelineSafeModeRule] INFO  BackgroundPipelineScrubber (BackgroundSCMService.java:notifyStatusChanged(82)) - Service BackgroundPipelineScrubber transitions to RUNNING.
2023-01-31 15:00:01,829 [EventQueue-OpenPipelineForHealthyPipelineSafeModeRule] INFO  ExpiredContainerReplicaOpScrubber (BackgroundSCMService.java:notifyStatusChanged(82)) - Service ExpiredContainerReplicaOpScrubber transitions to RUNNING.
2023-01-31 15:00:01,829 [EventQueue-OpenPipelineForHealthyPipelineSafeModeRule] INFO  replication.ReplicationManager (ReplicationManager.java:notifyStatusChanged(937)) - Service ReplicationManager transitions to RUNNING.
2023-01-31 15:00:01,839 [EventQueue-OpenPipelineForHealthyPipelineSafeModeRule] WARN  balancer.ContainerBalancer (ContainerBalancer.java:shouldRun(131)) - Could not find persisted configuration for ContainerBalancer when checking if ContainerBalancer should run. ContainerBalancer should not run now.
2023-01-31 15:00:02,696 [Listener at 127.0.0.1/41117] INFO  ozone.MiniOzoneClusterImpl (MiniOzoneClusterImpl.java:lambda$waitForClusterToBeReady$0(218)) - Nodes are ready. Got 1 of 1 DN Heartbeats.
2023-01-31 15:00:02,696 [Listener at 127.0.0.1/41117] INFO  ozone.MiniOzoneClusterImpl (MiniOzoneClusterImpl.java:lambda$waitForClusterToBeReady$0(221)) - Cluster exits safe mode
2023-01-31 15:00:02,696 [Listener at 127.0.0.1/41117] INFO  ozone.MiniOzoneClusterImpl (MiniOzoneClusterImpl.java:lambda$waitForClusterToBeReady$0(223)) - SCM became leader
2023-01-31 15:00:03,301 [OM StateMachine ApplyTransaction Thread - 0] INFO  upgrade.UpgradeFinalizer (BasicUpgradeFinalizer.java:logAndEmit(389)) - Finalization started.
2023-01-31 15:00:03,302 [OM StateMachine ApplyTransaction Thread - 0] INFO  upgrade.UpgradeFinalizer (BasicUpgradeFinalizer.java:logAndEmit(389)) - No onFinalize work defined for feature: ERASURE_CODED_STORAGE_SUPPORT.
2023-01-31 15:00:03,309 [OM StateMachine ApplyTransaction Thread - 0] INFO  upgrade.AbstractLayoutVersionManager (AbstractLayoutVersionManager.java:finalized(127)) - Layout feature ERASURE_CODED_STORAGE_SUPPORT has been finalized.
2023-01-31 15:00:03,309 [OM StateMachine ApplyTransaction Thread - 0] INFO  upgrade.UpgradeFinalizer (BasicUpgradeFinalizer.java:logAndEmit(389)) - No onFinalize work defined for feature: BUCKET_LAYOUT_SUPPORT.
2023-01-31 15:00:03,310 [OM StateMachine ApplyTransaction Thread - 0] INFO  upgrade.AbstractLayoutVersionManager (AbstractLayoutVersionManager.java:finalized(127)) - Layout feature BUCKET_LAYOUT_SUPPORT has been finalized.
2023-01-31 15:00:03,311 [OM StateMachine ApplyTransaction Thread - 0] INFO  upgrade.UpgradeFinalizer (BasicUpgradeFinalizer.java:logAndEmit(389)) - No onFinalize work defined for feature: MULTITENANCY_SCHEMA.
2023-01-31 15:00:03,312 [OM StateMachine ApplyTransaction Thread - 0] INFO  upgrade.AbstractLayoutVersionManager (AbstractLayoutVersionManager.java:finalized(127)) - Layout feature MULTITENANCY_SCHEMA has been finalized.
2023-01-31 15:00:03,312 [OM StateMachine ApplyTransaction Thread - 0] INFO  upgrade.AbstractLayoutVersionManager (AbstractLayoutVersionManager.java:finalized(129)) - Finalization is complete.
2023-01-31 15:00:03,312 [OM StateMachine ApplyTransaction Thread - 0] INFO  upgrade.UpgradeFinalizer (BasicUpgradeFinalizer.java:logAndEmit(389)) - Finalization is done.
2023-01-31 15:00:03,320 [OMDoubleBufferFlushThread] INFO  upgrade.OMFinalizeUpgradeResponse (OMFinalizeUpgradeResponse.java:addToDBBatch(52)) - Layout version to persist to DB : 3
2023-01-31 15:00:03,335 [OM StateMachine ApplyTransaction Thread - 0] INFO  upgrade.UpgradeFinalizer (BasicUpgradeFinalizer.java:logAndEmit(389)) - Finalization started.
2023-01-31 15:00:03,335 [OM StateMachine ApplyTransaction Thread - 0] INFO  upgrade.UpgradeFinalizer (BasicUpgradeFinalizer.java:logAndEmit(389)) - No onFinalize work defined for feature: ERASURE_CODED_STORAGE_SUPPORT.
2023-01-31 15:00:03,323 [OM StateMachine ApplyTransaction Thread - 0] INFO  upgrade.UpgradeFinalizer (BasicUpgradeFinalizer.java:logAndEmit(389)) - Finalization started.
2023-01-31 15:00:03,335 [OM StateMachine ApplyTransaction Thread - 0] INFO  upgrade.UpgradeFinalizer (BasicUpgradeFinalizer.java:logAndEmit(389)) - No onFinalize work defined for feature: ERASURE_CODED_STORAGE_SUPPORT.
Finalization Messages : []
2023-01-31 15:00:03,345 [OM StateMachine ApplyTransaction Thread - 0] INFO  upgrade.AbstractLayoutVersionManager (AbstractLayoutVersionManager.java:finalized(127)) - Layout feature ERASURE_CODED_STORAGE_SUPPORT has been finalized.
2023-01-31 15:00:03,345 [OM StateMachine ApplyTransaction Thread - 0] INFO  upgrade.UpgradeFinalizer (BasicUpgradeFinalizer.java:logAndEmit(389)) - No onFinalize work defined for feature: BUCKET_LAYOUT_SUPPORT.
2023-01-31 15:00:03,345 [OM StateMachine ApplyTransaction Thread - 0] INFO  upgrade.AbstractLayoutVersionManager (AbstractLayoutVersionManager.java:finalized(127)) - Layout feature ERASURE_CODED_STORAGE_SUPPORT has been finalized.
2023-01-31 15:00:03,345 [OM StateMachine ApplyTransaction Thread - 0] INFO  upgrade.UpgradeFinalizer (BasicUpgradeFinalizer.java:logAndEmit(389)) - No onFinalize work defined for feature: BUCKET_LAYOUT_SUPPORT.
2023-01-31 15:00:03,357 [OM StateMachine ApplyTransaction Thread - 0] INFO  upgrade.AbstractLayoutVersionManager (AbstractLayoutVersionManager.java:finalized(127)) - Layout feature BUCKET_LAYOUT_SUPPORT has been finalized.
2023-01-31 15:00:03,357 [OM StateMachine ApplyTransaction Thread - 0] INFO  upgrade.UpgradeFinalizer (BasicUpgradeFinalizer.java:logAndEmit(389)) - No onFinalize work defined for feature: MULTITENANCY_SCHEMA.
2023-01-31 15:00:03,357 [OM StateMachine ApplyTransaction Thread - 0] INFO  upgrade.AbstractLayoutVersionManager (AbstractLayoutVersionManager.java:finalized(127)) - Layout feature BUCKET_LAYOUT_SUPPORT has been finalized.
2023-01-31 15:00:03,358 [OM StateMachine ApplyTransaction Thread - 0] INFO  upgrade.UpgradeFinalizer (BasicUpgradeFinalizer.java:logAndEmit(389)) - No onFinalize work defined for feature: MULTITENANCY_SCHEMA.
2023-01-31 15:00:03,359 [OM StateMachine ApplyTransaction Thread - 0] INFO  upgrade.AbstractLayoutVersionManager (AbstractLayoutVersionManager.java:finalized(127)) - Layout feature MULTITENANCY_SCHEMA has been finalized.
2023-01-31 15:00:03,359 [OM StateMachine ApplyTransaction Thread - 0] INFO  upgrade.AbstractLayoutVersionManager (AbstractLayoutVersionManager.java:finalized(129)) - Finalization is complete.
2023-01-31 15:00:03,359 [OM StateMachine ApplyTransaction Thread - 0] INFO  upgrade.UpgradeFinalizer (BasicUpgradeFinalizer.java:logAndEmit(389)) - Finalization is done.
2023-01-31 15:00:03,360 [OM StateMachine ApplyTransaction Thread - 0] INFO  upgrade.AbstractLayoutVersionManager (AbstractLayoutVersionManager.java:finalized(127)) - Layout feature MULTITENANCY_SCHEMA has been finalized.
2023-01-31 15:00:03,360 [OM StateMachine ApplyTransaction Thread - 0] INFO  upgrade.AbstractLayoutVersionManager (AbstractLayoutVersionManager.java:finalized(129)) - Finalization is complete.
2023-01-31 15:00:03,360 [OM StateMachine ApplyTransaction Thread - 0] INFO  upgrade.UpgradeFinalizer (BasicUpgradeFinalizer.java:logAndEmit(389)) - Finalization is done.
Finalization Messages : [Finalization started., No onFinalize work defined for feature: ERASURE_CODED_STORAGE_SUPPORT., No onFinalize work defined for feature: BUCKET_LAYOUT_SUPPORT., No onFinalize work defined for feature: MULTITENANCY_SCHEMA., Finalization is done.]
2023-01-31 15:00:03,362 [OMDoubleBufferFlushThread] INFO  upgrade.OMFinalizeUpgradeResponse (OMFinalizeUpgradeResponse.java:addToDBBatch(52)) - Layout version to persist to DB : 3
2023-01-31 15:00:03,360 [OMDoubleBufferFlushThread] INFO  upgrade.OMFinalizeUpgradeResponse (OMFinalizeUpgradeResponse.java:addToDBBatch(52)) - Layout version to persist to DB : 3
2023-01-31 15:00:03,369 [Listener at 127.0.0.1/41117] INFO  ozone.MiniOzoneClusterImpl (MiniOzoneClusterImpl.java:shutdown(450)) - Shutting down the Mini Ozone Cluster
2023-01-31 15:00:03,370 [Listener at 127.0.0.1/41117] INFO  ozone.MiniOzoneHAClusterImpl (MiniOzoneHAClusterImpl.java:stop(312)) - Stopping the OzoneManager omNode-3
2023-01-31 15:00:03,370 [Listener at 127.0.0.1/41117] INFO  om.OzoneManager (OzoneManager.java:stop(2071)) - omNode-3[localhost:41117]: Stopping Ozone Manager
2023-01-31 15:00:03,370 [Listener at 127.0.0.1/41117] INFO  ipc.Server (Server.java:stop(3428)) - Stopping server on 41117
2023-01-31 15:00:03,376 [IPC Server listener on 41117] INFO  ipc.Server (Server.java:run(1384)) - Stopping IPC Server listener on 41117
2023-01-31 15:00:03,383 [Listener at 127.0.0.1/41117] INFO  server.RaftServer (RaftServerProxy.java:lambda$close$6(409)) - omNode-3: close
2023-01-31 15:00:03,384 [IPC Server Responder] INFO  ipc.Server (Server.java:run(1517)) - Stopping IPC Server Responder
2023-01-31 15:00:03,385 [omNode-3-impl-thread1] INFO  server.RaftServer$Division (RaftServerImpl.java:lambda$close$4(458)) - omNode-3@group-03019F0B7508: shutdown
2023-01-31 15:00:03,386 [omNode-3-impl-thread1] INFO  util.JmxRegister (JmxRegister.java:unregister(73)) - Successfully un-registered JMX Bean with object name Ratis:service=RaftServer,group=group-03019F0B7508,id=omNode-3
2023-01-31 15:00:03,386 [omNode-3-impl-thread1] INFO  impl.RoleInfo (RoleInfo.java:shutdownFollowerState(110)) - omNode-3: shutdown omNode-3@group-03019F0B7508-FollowerState
2023-01-31 15:00:03,386 [omNode-3-impl-thread1] INFO  impl.StateMachineUpdater (StateMachineUpdater.java:stopAndJoin(153)) - omNode-3@group-03019F0B7508-StateMachineUpdater: set stopIndex = 1
2023-01-31 15:00:03,384 [Listener at 127.0.0.1/41117] INFO  server.GrpcService (GrpcService.java:closeImpl(271)) - omNode-3: shutdown server GrpcServerProtocolService now
2023-01-31 15:00:03,391 [omNode-3@group-03019F0B7508-StateMachineUpdater] INFO  ratis.OzoneManagerStateMachine (OzoneManagerStateMachine.java:takeSnapshot(445)) - Current Snapshot Index (t:1, i:1)
2023-01-31 15:00:03,393 [omNode-3@group-03019F0B7508-FollowerState] INFO  impl.FollowerState (FollowerState.java:run(152)) - omNode-3@group-03019F0B7508-FollowerState was interrupted
2023-01-31 15:00:03,392 [omNode-3@group-03019F0B7508-StateMachineUpdater] INFO  impl.StateMachineUpdater (StateMachineUpdater.java:takeSnapshot(287)) - omNode-3@group-03019F0B7508-StateMachineUpdater: Took a snapshot at index 1
2023-01-31 15:00:03,395 [omNode-3@group-03019F0B7508-StateMachineUpdater] INFO  impl.StateMachineUpdater (StateMachineUpdater.java:lambda$new$0(92)) - omNode-3@group-03019F0B7508-StateMachineUpdater: snapshotIndex: updateIncreasingly -1 -> 1
2023-01-31 15:00:03,395 [omNode-3@group-03019F0B7508-StateMachineUpdater] INFO  ratis.OzoneManagerStateMachine (OzoneManagerStateMachine.java:close(499)) - StateMachine has shutdown. Shutdown OzoneManager if not already shutdown.
2023-01-31 15:00:03,395 [omNode-3@group-03019F0B7508-StateMachineUpdater] INFO  ratis.OzoneManagerDoubleBuffer (OzoneManagerDoubleBuffer.java:stop(467)) - Stopping OMDoubleBuffer flush thread
2023-01-31 15:00:03,396 [OMDoubleBufferFlushThread] INFO  ratis.OzoneManagerDoubleBuffer (OzoneManagerDoubleBuffer.java:flushTransactions(388)) - OMDoubleBuffer flush thread OMDoubleBufferFlushThread is interrupted and will exit.
2023-01-31 15:00:03,398 [omNode-3-impl-thread1] INFO  server.RaftServer$Division (ServerState.java:close(466)) - omNode-3@group-03019F0B7508: closes. applyIndex: 1
2023-01-31 15:00:03,399 [omNode-3@group-03019F0B7508-SegmentedRaftLogWorker] INFO  segmented.SegmentedRaftLogWorker (SegmentedRaftLogWorker.java:run(347)) - omNode-3@group-03019F0B7508-SegmentedRaftLogWorker was interrupted, exiting. There are 0 tasks remaining in the queue.
2023-01-31 15:00:03,412 [omNode-3-impl-thread1] INFO  segmented.SegmentedRaftLogWorker (SegmentedRaftLogWorker.java:close(257)) - omNode-3@group-03019F0B7508-SegmentedRaftLogWorker close()
2023-01-31 15:00:03,416 [grpc-default-executor-2] WARN  server.GrpcServerProtocolService (LogUtils.java:warn(122)) - omNode-3: installSnapshot onError, lastRequest: null: org.apache.ratis.thirdparty.io.grpc.StatusRuntimeException: CANCELLED: client cancelled
2023-01-31 15:00:03,416 [Listener at 127.0.0.1/41117] INFO  server.GrpcService (GrpcService.java:closeImpl(280)) - omNode-3: shutdown server GrpcServerProtocolService successfully
2023-01-31 15:00:03,416 [grpc-default-executor-1] WARN  server.GrpcServerProtocolService (LogUtils.java:warn(122)) - omNode-3: installSnapshot onError, lastRequest: omNode-1->omNode-3#5442-t1,previous=(t:1, i:1),leaderCommit=1,initializing? true,entries: size=1, first=(t:1, i:2), METADATAENTRY(c:1): org.apache.ratis.thirdparty.io.grpc.StatusRuntimeException: CANCELLED: client cancelled
2023-01-31 15:00:03,418 [omNode-3-NettyServerStreamRpc-bossGroup--thread1] INFO  logging.LoggingHandler (AbstractInternalLogger.java:log(148)) - [id: 0x7f0122e3, L:/0:0:0:0:0:0:0:0:43191] CLOSE
2023-01-31 15:00:03,418 [omNode-3-NettyServerStreamRpc-bossGroup--thread1] INFO  logging.LoggingHandler (AbstractInternalLogger.java:log(148)) - [id: 0x7f0122e3, L:/0:0:0:0:0:0:0:0:43191] INACTIVE
2023-01-31 15:00:03,418 [omNode-3-NettyServerStreamRpc-bossGroup--thread1] INFO  logging.LoggingHandler (AbstractInternalLogger.java:log(148)) - [id: 0x7f0122e3, L:/0:0:0:0:0:0:0:0:43191] UNREGISTERED
2023-01-31 15:00:03,423 [grpc-default-executor-1] WARN  server.GrpcLogAppender (LogUtils.java:warn(122)) - omNode-1@group-03019F0B7508->omNode-3-AppendLogResponseHandler: Failed appendEntries: org.apache.ratis.thirdparty.io.grpc.StatusRuntimeException: CANCELLED: RST_STREAM closed stream. HTTP/2 error code: CANCEL
2023-01-31 15:00:03,423 [grpc-default-executor-1] INFO  leader.FollowerInfo (FollowerInfoImpl.java:lambda$new$0(48)) - omNode-1@group-03019F0B7508->omNode-3: nextIndex: updateUnconditionally 3 -> 2
2023-01-31 15:00:03,424 [grpc-default-executor-1] WARN  server.GrpcLogAppender (LogUtils.java:warn(122)) - omNode-1@group-03019F0B7508->omNode-3-AppendLogResponseHandler: Failed appendEntries: org.apache.ratis.thirdparty.io.grpc.StatusRuntimeException: CANCELLED: RST_STREAM closed stream. HTTP/2 error code: CANCEL
2023-01-31 15:00:03,426 [grpc-default-executor-1] INFO  leader.FollowerInfo (FollowerInfoImpl.java:lambda$new$0(48)) - omNode-1@group-03019F0B7508->omNode-3: nextIndex: updateUnconditionally 2 -> 1
2023-01-31 15:00:03,435 [JvmPauseMonitor2] INFO  util.JvmPauseMonitor (JvmPauseMonitor.java:run(111)) - JvmPauseMonitor-omNode-3: Stopped
2023-01-31 15:00:03,436 [Listener at 127.0.0.1/41117] INFO  ratis.OzoneManagerStateMachine (OzoneManagerStateMachine.java:close(499)) - StateMachine has shutdown. Shutdown OzoneManager if not already shutdown.
2023-01-31 15:00:03,436 [Listener at 127.0.0.1/41117] INFO  ratis.OzoneManagerDoubleBuffer (OzoneManagerDoubleBuffer.java:stop(479)) - OMDoubleBuffer flush thread is not running.
2023-01-31 15:00:03,437 [Listener at 127.0.0.1/41117] INFO  utils.BackgroundService (BackgroundService.java:shutdown(141)) - Shutting down service KeyDeletingService
2023-01-31 15:00:03,440 [Listener at 127.0.0.1/41117] INFO  utils.BackgroundService (BackgroundService.java:shutdown(141)) - Shutting down service DirectoryDeletingService
2023-01-31 15:00:03,440 [Listener at 127.0.0.1/41117] INFO  utils.BackgroundService (BackgroundService.java:shutdown(141)) - Shutting down service OpenKeyCleanupService
2023-01-31 15:00:03,441 [grpc-default-executor-0] WARN  server.GrpcLogAppender (LogUtils.java:warn(122)) - omNode-1@group-03019F0B7508->omNode-3-AppendLogResponseHandler: Failed appendEntries: org.apache.ratis.thirdparty.io.grpc.StatusRuntimeException: UNAVAILABLE: io exception
2023-01-31 15:00:03,442 [grpc-default-executor-0] INFO  leader.FollowerInfo (FollowerInfoImpl.java:lambda$new$0(48)) - omNode-1@group-03019F0B7508->omNode-3: nextIndex: updateUnconditionally 3 -> 2
2023-01-31 15:00:03,444 [grpc-default-executor-0] WARN  server.GrpcLogAppender (LogUtils.java:warn(122)) - omNode-1@group-03019F0B7508->omNode-3-AppendLogResponseHandler: Failed appendEntries: org.apache.ratis.thirdparty.io.grpc.StatusRuntimeException: UNAVAILABLE: io exception
2023-01-31 15:00:03,445 [grpc-default-executor-0] INFO  leader.FollowerInfo (FollowerInfoImpl.java:lambda$new$0(48)) - omNode-1@group-03019F0B7508->omNode-3: nextIndex: updateUnconditionally 2 -> 1
2023-01-31 15:00:03,449 [Listener at 127.0.0.1/41117] INFO  handler.ContextHandler (ContextHandler.java:doStop(1159)) - Stopped o.e.j.w.WebAppContext@b30b03a{ozoneManager,/,null,STOPPED}{file:/home/runner/work/ozone/ozone/hadoop-ozone/integration-test/target/test-classes/webapps/ozoneManager}
2023-01-31 15:00:03,453 [Listener at 127.0.0.1/41117] INFO  server.AbstractConnector (AbstractConnector.java:doStop(383)) - Stopped ServerConnector@350b7121{HTTP/1.1, (http/1.1)}{0.0.0.0:46123}
2023-01-31 15:00:03,454 [Listener at 127.0.0.1/41117] INFO  server.session (HouseKeeper.java:stopScavenging(149)) - node0 Stopped scavenging
2023-01-31 15:00:03,454 [Listener at 127.0.0.1/41117] INFO  handler.ContextHandler (ContextHandler.java:doStop(1159)) - Stopped o.e.j.s.ServletContextHandler@5790d2c1{static,/static,file:///home/runner/work/ozone/ozone/hadoop-ozone/integration-test/target/test-classes/webapps/static,STOPPED}
2023-01-31 15:00:03,454 [Listener at 127.0.0.1/41117] INFO  handler.ContextHandler (ContextHandler.java:doStop(1159)) - Stopped o.e.j.s.ServletContextHandler@22434439{logs,/logs,file:///home/runner/work/ozone/ozone/hadoop-ozone/integration-test/target/log,STOPPED}
2023-01-31 15:00:03,472 [Listener at 127.0.0.1/41117] INFO  ozone.MiniOzoneHAClusterImpl (MiniOzoneHAClusterImpl.java:stop(312)) - Stopping the OzoneManager omNode-1
2023-01-31 15:00:03,472 [Listener at 127.0.0.1/41117] INFO  om.OzoneManager (OzoneManager.java:stop(2071)) - omNode-1[localhost:39325]: Stopping Ozone Manager
2023-01-31 15:00:03,472 [Listener at 127.0.0.1/41117] INFO  ipc.Server (Server.java:stop(3428)) - Stopping server on 39325
2023-01-31 15:00:03,473 [IPC Server listener on 39325] INFO  ipc.Server (Server.java:run(1384)) - Stopping IPC Server listener on 39325
2023-01-31 15:00:03,476 [IPC Server Responder] INFO  ipc.Server (Server.java:run(1517)) - Stopping IPC Server Responder
2023-01-31 15:00:03,476 [Listener at 127.0.0.1/41117] INFO  server.RaftServer (RaftServerProxy.java:lambda$close$6(409)) - omNode-1: close
2023-01-31 15:00:03,477 [omNode-1-impl-thread1] INFO  server.RaftServer$Division (RaftServerImpl.java:lambda$close$4(458)) - omNode-1@group-03019F0B7508: shutdown
2023-01-31 15:00:03,477 [omNode-1-impl-thread1] INFO  util.JmxRegister (JmxRegister.java:unregister(73)) - Successfully un-registered JMX Bean with object name Ratis:service=RaftServer,group=group-03019F0B7508,id=omNode-1
2023-01-31 15:00:03,477 [omNode-1-impl-thread1] INFO  impl.RoleInfo (RoleInfo.java:shutdownLeaderState(93)) - omNode-1: shutdown omNode-1@group-03019F0B7508-LeaderStateImpl
2023-01-31 15:00:03,477 [omNode-1@group-03019F0B7508->omNode-3-GrpcLogAppender-LogAppenderDaemon] WARN  server.GrpcLogAppender (GrpcLogAppender.java:mayWait(200)) - omNode-1@group-03019F0B7508->omNode-3-GrpcLogAppender: Wait interrupted by java.lang.InterruptedException
2023-01-31 15:00:03,478 [omNode-1-impl-thread1] INFO  impl.PendingRequests (PendingRequests.java:sendNotLeaderResponses(282)) - omNode-1@group-03019F0B7508-PendingRequests: sendNotLeaderResponses
2023-01-31 15:00:03,478 [omNode-1@group-03019F0B7508->omNode-2-GrpcLogAppender-LogAppenderDaemon] WARN  server.GrpcLogAppender (GrpcLogAppender.java:mayWait(200)) - omNode-1@group-03019F0B7508->omNode-2-GrpcLogAppender: Wait interrupted by java.lang.InterruptedException
2023-01-31 15:00:03,479 [grpc-default-executor-0] INFO  server.GrpcServerProtocolService (GrpcServerProtocolService.java:onCompleted(143)) - omNode-2: Completed APPEND_ENTRIES, lastRequest: null
2023-01-31 15:00:03,480 [grpc-default-executor-1] INFO  server.GrpcServerProtocolService (GrpcServerProtocolService.java:onCompleted(143)) - omNode-2: Completed APPEND_ENTRIES, lastRequest: omNode-1->omNode-2#67-t1,previous=(t:1, i:1),leaderCommit=1,initializing? true,entries: size=1, first=(t:1, i:2), METADATAENTRY(c:1)
2023-01-31 15:00:03,483 [Listener at 127.0.0.1/41117] INFO  server.GrpcService (GrpcService.java:closeImpl(271)) - omNode-1: shutdown server GrpcServerProtocolService now
2023-01-31 15:00:03,486 [grpc-default-executor-2] INFO  server.GrpcLogAppender (GrpcLogAppender.java:onCompleted(415)) - omNode-1@group-03019F0B7508->omNode-2-AppendLogResponseHandler: follower responses appendEntries COMPLETED
2023-01-31 15:00:03,487 [omNode-1-impl-thread1] INFO  impl.StateMachineUpdater (StateMachineUpdater.java:stopAndJoin(153)) - omNode-1@group-03019F0B7508-StateMachineUpdater: set stopIndex = 2
2023-01-31 15:00:03,488 [omNode-1@group-03019F0B7508-StateMachineUpdater] INFO  ratis.OzoneManagerStateMachine (OzoneManagerStateMachine.java:takeSnapshot(445)) - Current Snapshot Index (t:1, i:2)
2023-01-31 15:00:03,488 [Listener at 127.0.0.1/41117] INFO  server.GrpcServerProtocolClient (GrpcServerProtocolClient.java:close(101)) - omNode-3 Close channels
2023-01-31 15:00:03,488 [omNode-1@group-03019F0B7508-StateMachineUpdater] INFO  impl.StateMachineUpdater (StateMachineUpdater.java:takeSnapshot(287)) - omNode-1@group-03019F0B7508-StateMachineUpdater: Took a snapshot at index 2
2023-01-31 15:00:03,489 [omNode-1@group-03019F0B7508-StateMachineUpdater] INFO  impl.StateMachineUpdater (StateMachineUpdater.java:lambda$new$0(92)) - omNode-1@group-03019F0B7508-StateMachineUpdater: snapshotIndex: updateIncreasingly -1 -> 2
2023-01-31 15:00:03,489 [grpc-default-executor-2] INFO  leader.FollowerInfo (FollowerInfoImpl.java:lambda$new$0(48)) - omNode-1@group-03019F0B7508->omNode-2: nextIndex: updateUnconditionally 3 -> 2
2023-01-31 15:00:03,489 [omNode-1@group-03019F0B7508-StateMachineUpdater] INFO  ratis.OzoneManagerStateMachine (OzoneManagerStateMachine.java:close(499)) - StateMachine has shutdown. Shutdown OzoneManager if not already shutdown.
2023-01-31 15:00:03,489 [omNode-1@group-03019F0B7508-StateMachineUpdater] INFO  ratis.OzoneManagerDoubleBuffer (OzoneManagerDoubleBuffer.java:stop(467)) - Stopping OMDoubleBuffer flush thread
2023-01-31 15:00:03,489 [OMDoubleBufferFlushThread] INFO  ratis.OzoneManagerDoubleBuffer (OzoneManagerDoubleBuffer.java:flushTransactions(388)) - OMDoubleBuffer flush thread OMDoubleBufferFlushThread is interrupted and will exit.
2023-01-31 15:00:03,490 [grpc-default-executor-3] INFO  server.GrpcLogAppender (GrpcLogAppender.java:onCompleted(415)) - omNode-1@group-03019F0B7508->omNode-2-AppendLogResponseHandler: follower responses appendEntries COMPLETED
2023-01-31 15:00:03,490 [grpc-default-executor-3] INFO  leader.FollowerInfo (FollowerInfoImpl.java:lambda$new$0(48)) - omNode-1@group-03019F0B7508->omNode-2: nextIndex: updateUnconditionally 2 -> 1
2023-01-31 15:00:03,491 [omNode-1-impl-thread1] INFO  server.RaftServer$Division (ServerState.java:close(466)) - omNode-1@group-03019F0B7508: closes. applyIndex: 2
2023-01-31 15:00:03,491 [omNode-1@group-03019F0B7508-SegmentedRaftLogWorker] INFO  segmented.SegmentedRaftLogWorker (SegmentedRaftLogWorker.java:run(347)) - omNode-1@group-03019F0B7508-SegmentedRaftLogWorker was interrupted, exiting. There are 0 tasks remaining in the queue.
2023-01-31 15:00:03,493 [omNode-1-impl-thread1] INFO  segmented.SegmentedRaftLogWorker (SegmentedRaftLogWorker.java:close(257)) - omNode-1@group-03019F0B7508-SegmentedRaftLogWorker close()
2023-01-31 15:00:03,498 [Listener at 127.0.0.1/41117] INFO  server.GrpcServerProtocolClient (GrpcServerProtocolClient.java:close(101)) - omNode-2 Close channels
2023-01-31 15:00:03,502 [Listener at 127.0.0.1/41117] INFO  server.GrpcService (GrpcService.java:closeImpl(280)) - omNode-1: shutdown server GrpcServerProtocolService successfully
2023-01-31 15:00:03,502 [omNode-1-NettyServerStreamRpc-bossGroup--thread1] INFO  logging.LoggingHandler (AbstractInternalLogger.java:log(148)) - [id: 0xc6f56835, L:/0:0:0:0:0:0:0:0:37499] CLOSE
2023-01-31 15:00:03,503 [omNode-1-NettyServerStreamRpc-bossGroup--thread1] INFO  logging.LoggingHandler (AbstractInternalLogger.java:log(148)) - [id: 0xc6f56835, L:/0:0:0:0:0:0:0:0:37499] INACTIVE
2023-01-31 15:00:03,503 [omNode-1-NettyServerStreamRpc-bossGroup--thread1] INFO  logging.LoggingHandler (AbstractInternalLogger.java:log(148)) - [id: 0xc6f56835, L:/0:0:0:0:0:0:0:0:37499] UNREGISTERED
2023-01-31 15:00:03,517 [JvmPauseMonitor0] INFO  util.JvmPauseMonitor (JvmPauseMonitor.java:run(111)) - JvmPauseMonitor-omNode-1: Stopped
2023-01-31 15:00:03,517 [Listener at 127.0.0.1/41117] INFO  ratis.OzoneManagerStateMachine (OzoneManagerStateMachine.java:close(499)) - StateMachine has shutdown. Shutdown OzoneManager if not already shutdown.
2023-01-31 15:00:03,517 [Listener at 127.0.0.1/41117] INFO  ratis.OzoneManagerDoubleBuffer (OzoneManagerDoubleBuffer.java:stop(479)) - OMDoubleBuffer flush thread is not running.
2023-01-31 15:00:03,517 [Listener at 127.0.0.1/41117] INFO  utils.BackgroundService (BackgroundService.java:shutdown(141)) - Shutting down service KeyDeletingService
2023-01-31 15:00:03,519 [Listener at 127.0.0.1/41117] INFO  utils.BackgroundService (BackgroundService.java:shutdown(141)) - Shutting down service DirectoryDeletingService
2023-01-31 15:00:03,519 [Listener at 127.0.0.1/41117] INFO  utils.BackgroundService (BackgroundService.java:shutdown(141)) - Shutting down service OpenKeyCleanupService
2023-01-31 15:00:03,520 [Listener at 127.0.0.1/41117] INFO  handler.ContextHandler (ContextHandler.java:doStop(1159)) - Stopped o.e.j.w.WebAppContext@2fd016c6{ozoneManager,/,null,STOPPED}{file:/home/runner/work/ozone/ozone/hadoop-ozone/integration-test/target/test-classes/webapps/ozoneManager}
2023-01-31 15:00:03,520 [Listener at 127.0.0.1/41117] INFO  server.AbstractConnector (AbstractConnector.java:doStop(383)) - Stopped ServerConnector@7d4d2969{HTTP/1.1, (http/1.1)}{0.0.0.0:39209}
2023-01-31 15:00:03,520 [Listener at 127.0.0.1/41117] INFO  server.session (HouseKeeper.java:stopScavenging(149)) - node0 Stopped scavenging
2023-01-31 15:00:03,521 [Listener at 127.0.0.1/41117] INFO  handler.ContextHandler (ContextHandler.java:doStop(1159)) - Stopped o.e.j.s.ServletContextHandler@2b79a218{static,/static,file:///home/runner/work/ozone/ozone/hadoop-ozone/integration-test/target/test-classes/webapps/static,STOPPED}
2023-01-31 15:00:03,521 [Listener at 127.0.0.1/41117] INFO  handler.ContextHandler (ContextHandler.java:doStop(1159)) - Stopped o.e.j.s.ServletContextHandler@251b82cf{logs,/logs,file:///home/runner/work/ozone/ozone/hadoop-ozone/integration-test/target/log,STOPPED}
2023-01-31 15:00:03,525 [Listener at 127.0.0.1/41117] INFO  ozone.MiniOzoneHAClusterImpl (MiniOzoneHAClusterImpl.java:stop(312)) - Stopping the OzoneManager omNode-2
2023-01-31 15:00:03,525 [Listener at 127.0.0.1/41117] INFO  om.OzoneManager (OzoneManager.java:stop(2071)) - omNode-2[localhost:37721]: Stopping Ozone Manager
2023-01-31 15:00:03,525 [Listener at 127.0.0.1/41117] INFO  ipc.Server (Server.java:stop(3428)) - Stopping server on 37721
2023-01-31 15:00:03,527 [IPC Server listener on 37721] INFO  ipc.Server (Server.java:run(1384)) - Stopping IPC Server listener on 37721
2023-01-31 15:00:03,527 [IPC Server Responder] INFO  ipc.Server (Server.java:run(1517)) - Stopping IPC Server Responder
2023-01-31 15:00:03,528 [Listener at 127.0.0.1/41117] INFO  server.RaftServer (RaftServerProxy.java:lambda$close$6(409)) - omNode-2: close
2023-01-31 15:00:03,529 [omNode-2-impl-thread1] INFO  server.RaftServer$Division (RaftServerImpl.java:lambda$close$4(458)) - omNode-2@group-03019F0B7508: shutdown
2023-01-31 15:00:03,530 [omNode-2-impl-thread1] INFO  util.JmxRegister (JmxRegister.java:unregister(73)) - Successfully un-registered JMX Bean with object name Ratis:service=RaftServer,group=group-03019F0B7508,id=omNode-2
2023-01-31 15:00:03,530 [omNode-2-impl-thread1] INFO  impl.RoleInfo (RoleInfo.java:shutdownFollowerState(110)) - omNode-2: shutdown omNode-2@group-03019F0B7508-FollowerState
2023-01-31 15:00:03,530 [omNode-2-impl-thread1] INFO  impl.StateMachineUpdater (StateMachineUpdater.java:stopAndJoin(153)) - omNode-2@group-03019F0B7508-StateMachineUpdater: set stopIndex = 1
2023-01-31 15:00:03,530 [omNode-2@group-03019F0B7508-FollowerState] INFO  impl.FollowerState (FollowerState.java:run(152)) - omNode-2@group-03019F0B7508-FollowerState was interrupted
2023-01-31 15:00:03,530 [Listener at 127.0.0.1/41117] INFO  server.GrpcService (GrpcService.java:closeImpl(271)) - omNode-2: shutdown server GrpcServerProtocolService now
2023-01-31 15:00:03,530 [omNode-2@group-03019F0B7508-StateMachineUpdater] INFO  ratis.OzoneManagerStateMachine (OzoneManagerStateMachine.java:takeSnapshot(445)) - Current Snapshot Index (t:1, i:1)
2023-01-31 15:00:03,530 [omNode-2@group-03019F0B7508-StateMachineUpdater] INFO  impl.StateMachineUpdater (StateMachineUpdater.java:takeSnapshot(287)) - omNode-2@group-03019F0B7508-StateMachineUpdater: Took a snapshot at index 1
2023-01-31 15:00:03,531 [omNode-2@group-03019F0B7508-StateMachineUpdater] INFO  impl.StateMachineUpdater (StateMachineUpdater.java:lambda$new$0(92)) - omNode-2@group-03019F0B7508-StateMachineUpdater: snapshotIndex: updateIncreasingly -1 -> 1
2023-01-31 15:00:03,531 [omNode-2@group-03019F0B7508-StateMachineUpdater] INFO  ratis.OzoneManagerStateMachine (OzoneManagerStateMachine.java:close(499)) - StateMachine has shutdown. Shutdown OzoneManager if not already shutdown.
2023-01-31 15:00:03,531 [omNode-2@group-03019F0B7508-StateMachineUpdater] INFO  ratis.OzoneManagerDoubleBuffer (OzoneManagerDoubleBuffer.java:stop(467)) - Stopping OMDoubleBuffer flush thread
2023-01-31 15:00:03,531 [OMDoubleBufferFlushThread] INFO  ratis.OzoneManagerDoubleBuffer (OzoneManagerDoubleBuffer.java:flushTransactions(388)) - OMDoubleBuffer flush thread OMDoubleBufferFlushThread is interrupted and will exit.
2023-01-31 15:00:03,532 [Listener at 127.0.0.1/41117] INFO  server.GrpcService (GrpcService.java:closeImpl(280)) - omNode-2: shutdown server GrpcServerProtocolService successfully
2023-01-31 15:00:03,532 [omNode-2-impl-thread1] INFO  server.RaftServer$Division (ServerState.java:close(466)) - omNode-2@group-03019F0B7508: closes. applyIndex: 1
2023-01-31 15:00:03,532 [omNode-2@group-03019F0B7508-SegmentedRaftLogWorker] INFO  segmented.SegmentedRaftLogWorker (SegmentedRaftLogWorker.java:run(347)) - omNode-2@group-03019F0B7508-SegmentedRaftLogWorker was interrupted, exiting. There are 0 tasks remaining in the queue.
2023-01-31 15:00:03,532 [omNode-2-NettyServerStreamRpc-bossGroup--thread1] INFO  logging.LoggingHandler (AbstractInternalLogger.java:log(148)) - [id: 0x9ff824bc, L:/0:0:0:0:0:0:0:0:43045] CLOSE
2023-01-31 15:00:03,532 [omNode-2-NettyServerStreamRpc-bossGroup--thread1] INFO  logging.LoggingHandler (AbstractInternalLogger.java:log(148)) - [id: 0x9ff824bc, L:/0:0:0:0:0:0:0:0:43045] INACTIVE
2023-01-31 15:00:03,532 [omNode-2-NettyServerStreamRpc-bossGroup--thread1] INFO  logging.LoggingHandler (AbstractInternalLogger.java:log(148)) - [id: 0x9ff824bc, L:/0:0:0:0:0:0:0:0:43045] UNREGISTERED
2023-01-31 15:00:03,536 [omNode-2-impl-thread1] INFO  segmented.SegmentedRaftLogWorker (SegmentedRaftLogWorker.java:close(257)) - omNode-2@group-03019F0B7508-SegmentedRaftLogWorker close()
2023-01-31 15:00:03,549 [JvmPauseMonitor1] INFO  util.JvmPauseMonitor (JvmPauseMonitor.java:run(111)) - JvmPauseMonitor-omNode-2: Stopped
2023-01-31 15:00:03,549 [Listener at 127.0.0.1/41117] INFO  ratis.OzoneManagerStateMachine (OzoneManagerStateMachine.java:close(499)) - StateMachine has shutdown. Shutdown OzoneManager if not already shutdown.
2023-01-31 15:00:03,549 [Listener at 127.0.0.1/41117] INFO  ratis.OzoneManagerDoubleBuffer (OzoneManagerDoubleBuffer.java:stop(479)) - OMDoubleBuffer flush thread is not running.
2023-01-31 15:00:03,550 [Listener at 127.0.0.1/41117] INFO  utils.BackgroundService (BackgroundService.java:shutdown(141)) - Shutting down service KeyDeletingService
2023-01-31 15:00:03,550 [Listener at 127.0.0.1/41117] INFO  utils.BackgroundService (BackgroundService.java:shutdown(141)) - Shutting down service DirectoryDeletingService
2023-01-31 15:00:03,550 [Listener at 127.0.0.1/41117] INFO  utils.BackgroundService (BackgroundService.java:shutdown(141)) - Shutting down service OpenKeyCleanupService
2023-01-31 15:00:03,551 [Listener at 127.0.0.1/41117] INFO  handler.ContextHandler (ContextHandler.java:doStop(1159)) - Stopped o.e.j.w.WebAppContext@190bb542{ozoneManager,/,null,STOPPED}{file:/home/runner/work/ozone/ozone/hadoop-ozone/integration-test/target/test-classes/webapps/ozoneManager}
2023-01-31 15:00:03,551 [Listener at 127.0.0.1/41117] INFO  server.AbstractConnector (AbstractConnector.java:doStop(383)) - Stopped ServerConnector@1050dc{HTTP/1.1, (http/1.1)}{0.0.0.0:35261}
2023-01-31 15:00:03,552 [Listener at 127.0.0.1/41117] INFO  server.session (HouseKeeper.java:stopScavenging(149)) - node0 Stopped scavenging
2023-01-31 15:00:03,552 [Listener at 127.0.0.1/41117] INFO  handler.ContextHandler (ContextHandler.java:doStop(1159)) - Stopped o.e.j.s.ServletContextHandler@af4f9a5{static,/static,file:///home/runner/work/ozone/ozone/hadoop-ozone/integration-test/target/test-classes/webapps/static,STOPPED}
2023-01-31 15:00:03,552 [Listener at 127.0.0.1/41117] INFO  handler.ContextHandler (ContextHandler.java:doStop(1159)) - Stopped o.e.j.s.ServletContextHandler@d3b088f{logs,/logs,file:///home/runner/work/ozone/ozone/hadoop-ozone/integration-test/target/log,STOPPED}
2023-01-31 15:00:03,556 [Listener at 127.0.0.1/41117] INFO  ozone.MiniOzoneHAClusterImpl (MiniOzoneHAClusterImpl.java:stop(320)) - Stopping the StorageContainerManager 76fdbbee-9f27-4292-84ff-3d8b8f90ec01
2023-01-31 15:00:03,556 [Listener at 127.0.0.1/41117] INFO  server.StorageContainerManager (StorageContainerManager.java:stop(1535)) - Container Balancer is not running.
2023-01-31 15:00:03,556 [Listener at 127.0.0.1/41117] INFO  server.StorageContainerManager (StorageContainerManager.java:stop(1542)) - Stopping Replication Manager Service.
2023-01-31 15:00:03,556 [Listener at 127.0.0.1/41117] INFO  replication.ReplicationManager (ReplicationManager.java:stop(294)) - Stopping Replication Monitor Thread.
2023-01-31 15:00:03,556 [Under Replicated Processor] WARN  replication.UnhealthyReplicationProcessor (UnhealthyReplicationProcessor.java:run(142)) - Under Replicated Processor interrupted. Exiting...
2023-01-31 15:00:03,556 [ReplicationMonitor] INFO  replication.ReplicationManager (ReplicationManager.java:run(671)) - Replication Monitor Thread is stopped
2023-01-31 15:00:03,556 [Over Replicated Processor] WARN  replication.UnhealthyReplicationProcessor (UnhealthyReplicationProcessor.java:run(142)) - Over Replicated Processor interrupted. Exiting...
2023-01-31 15:00:03,556 [Listener at 127.0.0.1/41117] INFO  server.StorageContainerManager (StorageContainerManager.java:stop(1549)) - Stopping the Datanode Admin Monitor.
2023-01-31 15:00:03,557 [Listener at 127.0.0.1/41117] INFO  server.StorageContainerManager (StorageContainerManager.java:stop(1556)) - Stopping datanode service RPC server
2023-01-31 15:00:03,558 [Listener at 127.0.0.1/41117] INFO  server.SCMDatanodeProtocolServer (SCMDatanodeProtocolServer.java:stop(441)) - Stopping the RPC server for DataNodes
2023-01-31 15:00:03,558 [Listener at 127.0.0.1/41117] INFO  ipc.Server (Server.java:stop(3428)) - Stopping server on 42149
2023-01-31 15:00:03,562 [IPC Server listener on 0] INFO  ipc.Server (Server.java:run(1384)) - Stopping IPC Server listener on 0
2023-01-31 15:00:03,564 [IPC Server Responder] INFO  ipc.Server (Server.java:run(1517)) - Stopping IPC Server Responder
2023-01-31 15:00:03,646 [SCM Heartbeat Processing Thread - 0] WARN  node.NodeStateManager (NodeStateManager.java:scheduleNextHealthCheck(870)) - Current Thread is interrupted, shutting down HB processing thread for Node Manager.
2023-01-31 15:00:03,646 [Listener at 127.0.0.1/41117] INFO  server.StorageContainerManager (StorageContainerManager.java:stop(1564)) - Stopping block service RPC server
2023-01-31 15:00:03,646 [Listener at 127.0.0.1/41117] INFO  server.SCMBlockProtocolServer (SCMBlockProtocolServer.java:stop(161)) - Stopping the RPC server for Block Protocol
2023-01-31 15:00:03,646 [Listener at 127.0.0.1/41117] INFO  ipc.Server (Server.java:stop(3428)) - Stopping server on 33153
2023-01-31 15:00:03,647 [IPC Server listener on 0] INFO  ipc.Server (Server.java:run(1384)) - Stopping IPC Server listener on 0
2023-01-31 15:00:03,649 [IPC Server Responder] INFO  ipc.Server (Server.java:run(1517)) - Stopping IPC Server Responder
2023-01-31 15:00:03,650 [Listener at 127.0.0.1/41117] INFO  server.StorageContainerManager (StorageContainerManager.java:stop(1571)) - Stopping the StorageContainerLocationProtocol RPC server
2023-01-31 15:00:03,650 [Listener at 127.0.0.1/41117] INFO  server.SCMClientProtocolServer (SCMClientProtocolServer.java:stop(179)) - Stopping the RPC server for Client Protocol
2023-01-31 15:00:03,650 [Listener at 127.0.0.1/41117] INFO  ipc.Server (Server.java:stop(3428)) - Stopping server on 37189
2023-01-31 15:00:03,654 [IPC Server Responder] INFO  ipc.Server (Server.java:run(1517)) - Stopping IPC Server Responder
2023-01-31 15:00:03,655 [Listener at 127.0.0.1/41117] INFO  server.StorageContainerManager (StorageContainerManager.java:stop(1578)) - Stopping Storage Container Manager HTTP server.
2023-01-31 15:00:03,655 [IPC Server listener on 0] INFO  ipc.Server (Server.java:run(1384)) - Stopping IPC Server listener on 0
2023-01-31 15:00:03,656 [Listener at 127.0.0.1/41117] INFO  handler.ContextHandler (ContextHandler.java:doStop(1159)) - Stopped o.e.j.w.WebAppContext@1504116c{scm,/,null,STOPPED}{file:/home/runner/work/ozone/ozone/hadoop-ozone/integration-test/target/test-classes/webapps/scm}
2023-01-31 15:00:03,657 [Listener at 127.0.0.1/41117] INFO  server.AbstractConnector (AbstractConnector.java:doStop(383)) - Stopped ServerConnector@5246ec44{HTTP/1.1, (http/1.1)}{0.0.0.0:0}
2023-01-31 15:00:03,657 [Listener at 127.0.0.1/41117] INFO  server.session (HouseKeeper.java:stopScavenging(149)) - node0 Stopped scavenging
2023-01-31 15:00:03,657 [Listener at 127.0.0.1/41117] INFO  handler.ContextHandler (ContextHandler.java:doStop(1159)) - Stopped o.e.j.s.ServletContextHandler@21713be1{static,/static,file:///home/runner/work/ozone/ozone/hadoop-ozone/integration-test/target/test-classes/webapps/static,STOPPED}
2023-01-31 15:00:03,658 [Listener at 127.0.0.1/41117] INFO  handler.ContextHandler (ContextHandler.java:doStop(1159)) - Stopped o.e.j.s.ServletContextHandler@150c21cf{logs,/logs,file:///home/runner/work/ozone/ozone/hadoop-ozone/integration-test/target/log,STOPPED}
2023-01-31 15:00:03,659 [Listener at 127.0.0.1/41117] INFO  server.StorageContainerManager (StorageContainerManager.java:stop(1584)) - Stopping SCM LayoutVersionManager Service.
2023-01-31 15:00:03,659 [Listener at 127.0.0.1/41117] INFO  server.StorageContainerManager (StorageContainerManager.java:stop(1592)) - Stopping Block Manager Service.
2023-01-31 15:00:03,659 [Listener at 127.0.0.1/41117] INFO  utils.BackgroundService (BackgroundService.java:shutdown(141)) - Shutting down service SCMBlockDeletingService
2023-01-31 15:00:03,659 [Listener at 127.0.0.1/41117] INFO  utils.BackgroundService (BackgroundService.java:shutdown(141)) - Shutting down service SCMBlockDeletingService
2023-01-31 15:00:03,659 [Listener at 127.0.0.1/41117] INFO  server.StorageContainerManager (StorageContainerManager.java:stop(1614)) - Stopping SCM Event Queue.
2023-01-31 15:00:03,663 [Listener at 127.0.0.1/41117] INFO  server.StorageContainerManager (StorageContainerManager.java:stop(1625)) - Stopping SCM HA services.
2023-01-31 15:00:03,663 [Listener at 127.0.0.1/41117] INFO  pipeline.BackgroundPipelineCreator (BackgroundPipelineCreator.java:stop(149)) - Stopping RatisPipelineUtilsThread.
2023-01-31 15:00:03,663 [RatisPipelineUtilsThread - 0] WARN  pipeline.BackgroundPipelineCreator (BackgroundPipelineCreator.java:run(180)) - RatisPipelineUtilsThread is interrupted.
2023-01-31 15:00:03,663 [BackgroundPipelineScrubberThread] WARN  BackgroundPipelineScrubber (BackgroundSCMService.java:run(115)) - BackgroundPipelineScrubber is interrupted, exit
2023-01-31 15:00:03,663 [Listener at 127.0.0.1/41117] INFO  BackgroundPipelineScrubber (BackgroundSCMService.java:stop(131)) - Stopping BackgroundPipelineScrubber Service.
2023-01-31 15:00:03,665 [Listener at 127.0.0.1/41117] INFO  impl.MetricsSystemImpl (MetricsSystemImpl.java:stop(210)) - Stopping HddsDatanode metrics system...
2023-01-31 15:00:03,670 [prometheus] INFO  impl.MetricsSinkAdapter (MetricsSinkAdapter.java:publishMetricsFromQueue(141)) - prometheus thread interrupted.
2023-01-31 15:00:03,671 [Listener at 127.0.0.1/41117] INFO  impl.MetricsSystemImpl (MetricsSystemImpl.java:stop(216)) - HddsDatanode metrics system stopped.
2023-01-31 15:00:03,671 [Listener at 127.0.0.1/41117] WARN  pipeline.BackgroundPipelineCreator (BackgroundPipelineCreator.java:stop(145)) - RatisPipelineUtilsThread is not running, just ignore.
2023-01-31 15:00:03,671 [Listener at 127.0.0.1/41117] INFO  BackgroundPipelineScrubber (BackgroundSCMService.java:stop(126)) - BackgroundPipelineScrubber Service is not running, skip stop.
2023-01-31 15:00:03,671 [ExpiredContainerReplicaOpScrubberThread] WARN  ExpiredContainerReplicaOpScrubber (BackgroundSCMService.java:run(115)) - ExpiredContainerReplicaOpScrubber is interrupted, exit
2023-01-31 15:00:03,672 [Listener at 127.0.0.1/41117] INFO  ExpiredContainerReplicaOpScrubber (BackgroundSCMService.java:stop(131)) - Stopping ExpiredContainerReplicaOpScrubber Service.
2023-01-31 15:00:03,672 [Listener at 127.0.0.1/41117] INFO  utils.BackgroundService (BackgroundService.java:shutdown(141)) - Shutting down service SCMBlockDeletingService
2023-01-31 15:00:03,672 [Listener at 127.0.0.1/41117] INFO  replication.ReplicationManager (ReplicationManager.java:stop(302)) - Replication Monitor Thread is not running.
2023-01-31 15:00:03,672 [Listener at 127.0.0.1/41117] WARN  balancer.ContainerBalancer (ContainerBalancer.java:stop(322)) - Cannot stop Container Balancer because it's not running or stopping
2023-01-31 15:00:03,672 [Listener at 127.0.0.1/41117] INFO  server.StorageContainerManager (StorageContainerManager.java:stop(1643)) - Stopping SCM MetadataStore.
2023-01-31 15:00:03,675 [Listener at 127.0.0.1/41117] INFO  ozone.MiniOzoneClusterImpl (MiniOzoneClusterImpl.java:stop(465)) - Stopping the Mini Ozone Cluster
2023-01-31 15:00:03,675 [Listener at 127.0.0.1/41117] INFO  ozone.MiniOzoneClusterImpl (MiniOzoneClusterImpl.java:stopDatanodes(524)) - Stopping the HddsDatanodes
2023-01-31 15:00:03,678 [Listener at 127.0.0.1/41117] INFO  ozoneimpl.OzoneContainer (OzoneContainer.java:stop(421)) - Attempting to stop container services.
2023-01-31 15:00:03,679 [Listener at 127.0.0.1/41117] INFO  server.RaftServer (RaftServerProxy.java:lambda$close$6(409)) - 35db9442-f18b-4267-946a-fce619760b54: close
2023-01-31 15:00:03,679 [Listener at 127.0.0.1/41117] INFO  server.GrpcService (GrpcService.java:closeImpl(271)) - 35db9442-f18b-4267-946a-fce619760b54: shutdown server GrpcServerProtocolService now
2023-01-31 15:00:03,679 [35db9442-f18b-4267-946a-fce619760b54-impl-thread1] INFO  server.RaftServer$Division (RaftServerImpl.java:lambda$close$4(458)) - 35db9442-f18b-4267-946a-fce619760b54@group-C8C1419E6D29: shutdown
2023-01-31 15:00:03,680 [35db9442-f18b-4267-946a-fce619760b54-impl-thread1] INFO  util.JmxRegister (JmxRegister.java:unregister(73)) - Successfully un-registered JMX Bean with object name Ratis:service=RaftServer,group=group-C8C1419E6D29,id=35db9442-f18b-4267-946a-fce619760b54
2023-01-31 15:00:03,680 [35db9442-f18b-4267-946a-fce619760b54-impl-thread1] INFO  impl.RoleInfo (RoleInfo.java:shutdownFollowerState(110)) - 35db9442-f18b-4267-946a-fce619760b54: shutdown 35db9442-f18b-4267-946a-fce619760b54@group-C8C1419E6D29-FollowerState
2023-01-31 15:00:03,680 [35db9442-f18b-4267-946a-fce619760b54-impl-thread1] INFO  impl.StateMachineUpdater (StateMachineUpdater.java:stopAndJoin(153)) - 35db9442-f18b-4267-946a-fce619760b54@group-C8C1419E6D29-StateMachineUpdater: set stopIndex = -1
2023-01-31 15:00:03,680 [35db9442-f18b-4267-946a-fce619760b54@group-C8C1419E6D29-FollowerState] INFO  impl.FollowerState (FollowerState.java:run(152)) - 35db9442-f18b-4267-946a-fce619760b54@group-C8C1419E6D29-FollowerState was interrupted
2023-01-31 15:00:03,684 [35db9442-f18b-4267-946a-fce619760b54-impl-thread1] INFO  server.RaftServer$Division (ServerState.java:close(466)) - 35db9442-f18b-4267-946a-fce619760b54@group-C8C1419E6D29: closes. applyIndex: -1
2023-01-31 15:00:03,684 [Listener at 127.0.0.1/41117] INFO  server.GrpcService (GrpcService.java:closeImpl(280)) - 35db9442-f18b-4267-946a-fce619760b54: shutdown server GrpcServerProtocolService successfully
2023-01-31 15:00:03,684 [35db9442-f18b-4267-946a-fce619760b54@group-C8C1419E6D29-SegmentedRaftLogWorker] INFO  segmented.SegmentedRaftLogWorker (SegmentedRaftLogWorker.java:run(347)) - 35db9442-f18b-4267-946a-fce619760b54@group-C8C1419E6D29-SegmentedRaftLogWorker was interrupted, exiting. There are 0 tasks remaining in the queue.
2023-01-31 15:00:03,684 [35db9442-f18b-4267-946a-fce619760b54-impl-thread1] INFO  segmented.SegmentedRaftLogWorker (SegmentedRaftLogWorker.java:close(257)) - 35db9442-f18b-4267-946a-fce619760b54@group-C8C1419E6D29-SegmentedRaftLogWorker close()
2023-01-31 15:00:03,684 [35db9442-f18b-4267-946a-fce619760b54-NettyServerStreamRpc-bossGroup--thread1] INFO  logging.LoggingHandler (AbstractInternalLogger.java:log(148)) - [id: 0x667e1500, L:/0:0:0:0:0:0:0:0:33231] CLOSE
2023-01-31 15:00:03,684 [35db9442-f18b-4267-946a-fce619760b54-NettyServerStreamRpc-bossGroup--thread1] INFO  logging.LoggingHandler (AbstractInternalLogger.java:log(148)) - [id: 0x667e1500, L:/0:0:0:0:0:0:0:0:33231] INACTIVE
2023-01-31 15:00:03,685 [35db9442-f18b-4267-946a-fce619760b54-NettyServerStreamRpc-bossGroup--thread1] INFO  logging.LoggingHandler (AbstractInternalLogger.java:log(148)) - [id: 0x667e1500, L:/0:0:0:0:0:0:0:0:33231] UNREGISTERED
2023-01-31 15:00:03,691 [JvmPauseMonitor3] INFO  util.JvmPauseMonitor (JvmPauseMonitor.java:run(111)) - JvmPauseMonitor-35db9442-f18b-4267-946a-fce619760b54: Stopped
2023-01-31 15:00:05,718 [Listener at 127.0.0.1/41117] INFO  volume.HddsVolume (HddsVolume.java:closeDbStore(338)) - SchemaV3 db is stopped at /home/runner/work/ozone/ozone/hadoop-ozone/integration-test/target/test-dir/MiniOzoneClusterImpl-be07318e-f8fa-49ab-9d84-e0984746a051/datanode-0/data-0/containers/hdds/be07318e-f8fa-49ab-9d84-e0984746a051/DS-2ebe7cc3-20e9-43a8-8589-3dcc5f278222/container.db for volume DS-2ebe7cc3-20e9-43a8-8589-3dcc5f278222
2023-01-31 15:00:05,719 [Listener at 127.0.0.1/41117] INFO  utils.BackgroundService (BackgroundService.java:shutdown(141)) - Shutting down service BlockDeletingService
2023-01-31 15:00:05,720 [Listener at 127.0.0.1/41117] INFO  utils.BackgroundService (BackgroundService.java:shutdown(141)) - Shutting down service StaleRecoveringContainerScrubbingService
2023-01-31 15:00:05,721 [Listener at 127.0.0.1/41117] INFO  statemachine.DatanodeStateMachine (DatanodeStateMachine.java:stopDaemon(601)) - Ozone container server stopped.
2023-01-31 15:00:05,735 [Listener at 127.0.0.1/41117] INFO  handler.ContextHandler (ContextHandler.java:doStop(1159)) - Stopped o.e.j.w.WebAppContext@406bda5e{hddsDatanode,/,null,STOPPED}{jar:file:/home/runner/.m2/repository/org/apache/ozone/hdds-container-service/1.4.0-SNAPSHOT/hdds-container-service-1.4.0-SNAPSHOT.jar!/webapps/hddsDatanode}
2023-01-31 15:00:05,735 [Listener at 127.0.0.1/41117] INFO  server.AbstractConnector (AbstractConnector.java:doStop(383)) - Stopped ServerConnector@3c0b71ac{HTTP/1.1, (http/1.1)}{0.0.0.0:0}
2023-01-31 15:00:05,736 [Listener at 127.0.0.1/41117] INFO  server.session (HouseKeeper.java:stopScavenging(149)) - node0 Stopped scavenging
2023-01-31 15:00:05,736 [Listener at 127.0.0.1/41117] INFO  handler.ContextHandler (ContextHandler.java:doStop(1159)) - Stopped o.e.j.s.ServletContextHandler@4acb5ba2{static,/static,jar:file:/home/runner/.m2/repository/org/apache/ozone/hdds-container-service/1.4.0-SNAPSHOT/hdds-container-service-1.4.0-SNAPSHOT.jar!/webapps/static,STOPPED}
2023-01-31 15:00:05,736 [Listener at 127.0.0.1/41117] INFO  handler.ContextHandler (ContextHandler.java:doStop(1159)) - Stopped o.e.j.s.ServletContextHandler@32bbb1a5{logs,/logs,file:///home/runner/work/ozone/ozone/hadoop-ozone/integration-test/target/log,STOPPED}
]]></system-out>
  </testcase>
  <testcase name="testOmFinalizationWithOneOmDown" classname="TestOMUpgradeFinalization" time="3.038">
    <error type="java.io.IOException"><![CDATA[java.io.IOException: Failed init RocksDB, db path : /home/runner/work/ozone/ozone/hadoop-ozone/integration-test/target/test-dir/MiniOzoneClusterImpl-7bcd778c-f292-43e0-bfc8-ce03b293149c/omNode-2/om.db, exception :org.rocksdb.RocksDBException lock hold by current process, acquire time 1675177207 acquiring thread 139936155424512: /home/runner/work/ozone/ozone/hadoop-ozone/integration-test/target/test-dir/MiniOzoneClusterImpl-7bcd778c-f292-43e0-bfc8-ce03b293149c/omNode-2/om.db/LOCK: No locks available
	at org.apache.hadoop.hdds.utils.db.RDBStore.<init>(RDBStore.java:123)
	at org.apache.hadoop.hdds.utils.db.DBStoreBuilder.build(DBStoreBuilder.java:191)
	at org.apache.hadoop.ozone.om.OmMetadataManagerImpl.loadDB(OmMetadataManagerImpl.java:425)
	at org.apache.hadoop.ozone.om.OmMetadataManagerImpl.loadDB(OmMetadataManagerImpl.java:415)
	at org.apache.hadoop.ozone.om.OmMetadataManagerImpl.start(OmMetadataManagerImpl.java:407)
	at org.apache.hadoop.ozone.om.OmMetadataManagerImpl.<init>(OmMetadataManagerImpl.java:275)
	at org.apache.hadoop.ozone.om.OzoneManager.instantiateServices(OzoneManager.java:727)
	at org.apache.hadoop.ozone.om.OzoneManager.<init>(OzoneManager.java:607)
	at org.apache.hadoop.ozone.om.OzoneManager.createOm(OzoneManager.java:693)
	at org.apache.hadoop.ozone.MiniOzoneHAClusterImpl$Builder.createOMService(MiniOzoneHAClusterImpl.java:518)
	at org.apache.hadoop.ozone.MiniOzoneHAClusterImpl$Builder.build(MiniOzoneHAClusterImpl.java:426)
	at org.apache.hadoop.ozone.om.TestOMUpgradeFinalization.setup(TestOMUpgradeFinalization.java:109)
	at sun.reflect.NativeMethodAccessorImpl.invoke0(Native Method)
	at sun.reflect.NativeMethodAccessorImpl.invoke(NativeMethodAccessorImpl.java:62)
	at sun.reflect.DelegatingMethodAccessorImpl.invoke(DelegatingMethodAccessorImpl.java:43)
	at java.lang.reflect.Method.invoke(Method.java:498)
	at org.junit.runners.model.FrameworkMethod$1.runReflectiveCall(FrameworkMethod.java:59)
	at org.junit.internal.runners.model.ReflectiveCallable.run(ReflectiveCallable.java:12)
	at org.junit.runners.model.FrameworkMethod.invokeExplosively(FrameworkMethod.java:56)
	at org.junit.internal.runners.statements.RunBefores.invokeMethod(RunBefores.java:33)
	at org.junit.internal.runners.statements.RunBefores.evaluate(RunBefores.java:24)
	at org.junit.internal.runners.statements.RunAfters.evaluate(RunAfters.java:27)
	at org.junit.internal.runners.statements.FailOnTimeout$CallableStatement.call(FailOnTimeout.java:288)
	at org.junit.internal.runners.statements.FailOnTimeout$CallableStatement.call(FailOnTimeout.java:282)
	at java.util.concurrent.FutureTask.run(FutureTask.java:266)
	at java.lang.Thread.run(Thread.java:750)
Caused by: java.io.IOException: class org.apache.hadoop.hdds.utils.db.RocksDatabase: Failed to open /home/runner/work/ozone/ozone/hadoop-ozone/integration-test/target/test-dir/MiniOzoneClusterImpl-7bcd778c-f292-43e0-bfc8-ce03b293149c/omNode-2/om.db; status : IOError; message : lock hold by current process, acquire time 1675177207 acquiring thread 139936155424512: /home/runner/work/ozone/ozone/hadoop-ozone/integration-test/target/test-dir/MiniOzoneClusterImpl-7bcd778c-f292-43e0-bfc8-ce03b293149c/omNode-2/om.db/LOCK: No locks available
	at org.apache.hadoop.hdds.utils.HddsServerUtil.toIOException(HddsServerUtil.java:576)
	at org.apache.hadoop.hdds.utils.db.RocksDatabase.toIOException(RocksDatabase.java:75)
	at org.apache.hadoop.hdds.utils.db.RocksDatabase.open(RocksDatabase.java:151)
	at org.apache.hadoop.hdds.utils.db.RDBStore.<init>(RDBStore.java:83)
	... 25 more
Caused by: org.rocksdb.RocksDBException: lock hold by current process, acquire time 1675177207 acquiring thread 139936155424512: /home/runner/work/ozone/ozone/hadoop-ozone/integration-test/target/test-dir/MiniOzoneClusterImpl-7bcd778c-f292-43e0-bfc8-ce03b293149c/omNode-2/om.db/LOCK: No locks available
	at org.rocksdb.RocksDB.open(Native Method)
	at org.rocksdb.RocksDB.open(RocksDB.java:307)
	at org.apache.hadoop.hdds.utils.db.managed.ManagedRocksDB.open(ManagedRocksDB.java:66)
	at org.apache.hadoop.hdds.utils.db.RocksDatabase.open(RocksDatabase.java:138)
	... 26 more
]]></error>
    <system-out><![CDATA[2023-01-31 15:00:05,830 [Time-limited test] WARN  server.ServerUtils (ServerUtils.java:getScmDbDir(148)) - ozone.scm.db.dirs is not configured. We recommend adding this setting. Falling back to ozone.metadata.dirs instead.
2023-01-31 15:00:05,833 [Time-limited test] WARN  server.ServerUtils (ServerUtils.java:getScmDbDir(148)) - ozone.scm.db.dirs is not configured. We recommend adding this setting. Falling back to ozone.metadata.dirs instead.
2023-01-31 15:00:05,833 [Time-limited test] INFO  ha.SCMHANodeDetails (SCMHANodeDetails.java:loadSCMHAConfig(209)) - ServiceID for StorageContainerManager is null
2023-01-31 15:00:05,833 [Time-limited test] INFO  ha.SCMHANodeDetails (SCMHANodeDetails.java:loadSCMHAConfig(214)) - ozone.scm.default.service.id is not defined, falling back to ozone.scm.service.ids to find serviceID for StorageContainerManager if it is HA enabled cluster
2023-01-31 15:00:05,835 [Time-limited test] WARN  utils.HAUtils (HAUtils.java:getMetaDir(342)) - ozone.scm.db.dirs is not configured. We recommend adding this setting. Falling back to ozone.metadata.dirs instead.
2023-01-31 15:00:05,835 [Time-limited test] WARN  db.DBStoreBuilder (DBStoreBuilder.java:applyDBDefinition(144)) - ozone.scm.db.dirs is not configured. We recommend adding this setting. Falling back to ozone.metadata.dirs instead.
2023-01-31 15:00:05,979 [Time-limited test] INFO  net.NodeSchemaLoader (NodeSchemaLoader.java:loadSchemaFromFile(129)) - Loading schema from [jar:file:/home/runner/.m2/repository/org/apache/ozone/hdds-common/1.4.0-SNAPSHOT/hdds-common-1.4.0-SNAPSHOT.jar!/network-topology-default.xml]
2023-01-31 15:00:05,979 [Time-limited test] INFO  net.NodeSchemaLoader (NodeSchemaLoader.java:loadSchema(176)) - Loading network topology layer schema file
2023-01-31 15:00:05,983 [Time-limited test] INFO  upgrade.AbstractLayoutVersionManager (AbstractLayoutVersionManager.java:init(83)) - Initializing Layout version manager with metadata layout = DATANODE_SCHEMA_V3 (version = 4), software layout = DATANODE_SCHEMA_V3 (version = 4)
2023-01-31 15:00:06,047 [Time-limited test] INFO  reflections.Reflections (Reflections.java:scan(232)) - Reflections took 62 ms to scan 7 urls, producing 149 keys and 361 values 
2023-01-31 15:00:06,051 [Time-limited test] INFO  ha.SequenceIdGenerator (SequenceIdGenerator.java:upgradeToSequenceId(349)) - upgrade localId to 111677748019200000
2023-01-31 15:00:06,052 [Time-limited test] INFO  ha.SequenceIdGenerator (SequenceIdGenerator.java:upgradeToSequenceId(359)) - upgrade delTxnId to 0
2023-01-31 15:00:06,052 [Time-limited test] INFO  ha.SequenceIdGenerator (SequenceIdGenerator.java:upgradeToSequenceId(376)) - upgrade containerId to 0
2023-01-31 15:00:06,052 [Time-limited test] INFO  ha.SequenceIdGenerator (SequenceIdGenerator.java:<init>(220)) - Init the HA SequenceIdGenerator.
2023-01-31 15:00:06,052 [Time-limited test] WARN  server.ServerUtils (ServerUtils.java:sanitizeUserArgs(73)) - ozone.scm.stale.node.interval value = 300000 is larger than max = 100000 based on the key value of ozone.scm.heartbeat.thread.interval, reset to the max value 100000.
2023-01-31 15:00:06,053 [Time-limited test] WARN  server.ServerUtils (ServerUtils.java:sanitizeUserArgs(73)) - ozone.scm.stale.node.interval value = 300000 is larger than max = 100000 based on the key value of ozone.scm.heartbeat.thread.interval, reset to the max value 100000.
2023-01-31 15:00:06,054 [Time-limited test] INFO  node.SCMNodeManager (SCMNodeManager.java:<init>(149)) - Entering startup safe mode.
2023-01-31 15:00:06,054 [Time-limited test] INFO  algorithms.ContainerPlacementPolicyFactory (ContainerPlacementPolicyFactory.java:getPolicyInternal(86)) - Create container placement policy of type org.apache.hadoop.hdds.scm.container.placement.algorithms.SCMContainerPlacementRandom
2023-01-31 15:00:06,054 [Time-limited test] INFO  algorithms.ContainerPlacementPolicyFactory (ContainerPlacementPolicyFactory.java:getPolicyInternal(86)) - Create container placement policy of type org.apache.hadoop.hdds.scm.container.placement.algorithms.SCMContainerPlacementRackScatter
2023-01-31 15:00:06,054 [Time-limited test] INFO  pipeline.PipelineStateManagerImpl (PipelineStateManagerImpl.java:initialize(78)) - No pipeline exists in current db
2023-01-31 15:00:06,055 [Time-limited test] INFO  algorithms.LeaderChoosePolicyFactory (LeaderChoosePolicyFactory.java:getPolicy(57)) - Create leader choose policy of type org.apache.hadoop.hdds.scm.pipeline.leader.choose.algorithms.MinLeaderCountChoosePolicy
2023-01-31 15:00:06,055 [Time-limited test] INFO  algorithms.ContainerPlacementPolicyFactory (ContainerPlacementPolicyFactory.java:getPolicyInternal(86)) - Create container placement policy of type org.apache.hadoop.hdds.scm.container.placement.algorithms.SCMContainerPlacementRackScatter
2023-01-31 15:00:06,055 [Time-limited test] INFO  ha.SCMServiceManager (SCMServiceManager.java:register(42)) - Registering service BackgroundPipelineCreator.
2023-01-31 15:00:06,055 [Time-limited test] INFO  pipeline.BackgroundPipelineCreator (BackgroundPipelineCreator.java:start(124)) - Starting RatisPipelineUtilsThread.
2023-01-31 15:00:06,055 [Time-limited test] INFO  BackgroundPipelineScrubber (BackgroundSCMService.java:start(68)) - Starting BackgroundPipelineScrubber Service.
2023-01-31 15:00:06,056 [Time-limited test] INFO  ha.SCMServiceManager (SCMServiceManager.java:register(42)) - Registering service BackgroundPipelineScrubber.
2023-01-31 15:00:06,056 [Time-limited test] INFO  ExpiredContainerReplicaOpScrubber (BackgroundSCMService.java:start(68)) - Starting ExpiredContainerReplicaOpScrubber Service.
2023-01-31 15:00:06,056 [Time-limited test] INFO  ha.SCMServiceManager (SCMServiceManager.java:register(42)) - Registering service ExpiredContainerReplicaOpScrubber.
2023-01-31 15:00:06,057 [Time-limited test] INFO  algorithms.PipelineChoosePolicyFactory (PipelineChoosePolicyFactory.java:createPipelineChoosePolicyFromClass(73)) - Create pipeline choose policy of type org.apache.hadoop.hdds.scm.pipeline.choose.algorithms.RandomPipelineChoosePolicy
2023-01-31 15:00:06,058 [Time-limited test] INFO  ha.SCMServiceManager (SCMServiceManager.java:register(42)) - Registering service SCMBlockDeletingService.
2023-01-31 15:00:06,063 [Time-limited test] INFO  replication.ReplicationManager (ReplicationManager.java:start(263)) - Starting Replication Monitor Thread.
2023-01-31 15:00:06,064 [Time-limited test] INFO  ha.SCMServiceManager (SCMServiceManager.java:register(42)) - Registering service ReplicationManager.
2023-01-31 15:00:06,065 [Time-limited test] INFO  safemode.ContainerSafeModeRule (ContainerSafeModeRule.java:<init>(89)) - containers with one replica threshold count 0
2023-01-31 15:00:06,065 [Time-limited test] INFO  safemode.HealthyPipelineSafeModeRule (HealthyPipelineSafeModeRule.java:initializeRule(169)) - Total pipeline count is 0, healthy pipeline threshold count is 0
2023-01-31 15:00:06,065 [Time-limited test] INFO  safemode.OneReplicaPipelineSafeModeRule (OneReplicaPipelineSafeModeRule.java:initializeRule(180)) - Total pipeline count is 0, pipeline's with at least one datanode reported threshold count is 0
2023-01-31 15:00:06,066 [Time-limited test] INFO  ipc.CallQueueManager (CallQueueManager.java:<init>(90)) - Using callQueue: class java.util.concurrent.LinkedBlockingQueue, queueCapacity: 2000, scheduler: class org.apache.hadoop.ipc.DefaultRpcScheduler, ipcBackoff: false.
2023-01-31 15:00:06,067 [Socket Reader #1 for port 0] INFO  ipc.Server (Server.java:run(1273)) - Starting Socket Reader #1 for port 0
2023-01-31 15:00:06,068 [Listener at 0.0.0.0/35411] INFO  ipc.CallQueueManager (CallQueueManager.java:<init>(90)) - Using callQueue: class java.util.concurrent.LinkedBlockingQueue, queueCapacity: 2000, scheduler: class org.apache.hadoop.ipc.DefaultRpcScheduler, ipcBackoff: false.
2023-01-31 15:00:06,070 [Socket Reader #1 for port 0] INFO  ipc.Server (Server.java:run(1273)) - Starting Socket Reader #1 for port 0
2023-01-31 15:00:06,071 [Listener at 0.0.0.0/44081] INFO  ipc.CallQueueManager (CallQueueManager.java:<init>(90)) - Using callQueue: class java.util.concurrent.LinkedBlockingQueue, queueCapacity: 2000, scheduler: class org.apache.hadoop.ipc.DefaultRpcScheduler, ipcBackoff: false.
2023-01-31 15:00:06,071 [Socket Reader #1 for port 0] INFO  ipc.Server (Server.java:run(1273)) - Starting Socket Reader #1 for port 0
2023-01-31 15:00:06,080 [Listener at 0.0.0.0/41725] INFO  ha.SCMServiceManager (SCMServiceManager.java:register(42)) - Registering service ContainerBalancer.
2023-01-31 15:00:06,080 [Listener at 0.0.0.0/41725] INFO  server.StorageContainerManager (StorageContainerManager.java:<init>(401)) - 
Container Balancer status:
Key                            Value
Running                        true
Container Balancer Configuration values:
Key                                                Value
Threshold                                          10
Max Datanodes to Involve per Iteration(percent)    20
Max Size to Move per Iteration                     500GB
Max Size Entering Target per Iteration             26GB
Max Size Leaving Source per Iteration              26GB

2023-01-31 15:00:06,080 [Listener at 0.0.0.0/41725] INFO  ha.SCMContext (SCMContext.java:updateSafeModeStatus(228)) - Update SafeModeStatus from SafeModeStatus{safeModeStatus=true, preCheckPassed=false} to SafeModeStatus{safeModeStatus=true, preCheckPassed=false}.
2023-01-31 15:00:06,081 [Listener at 0.0.0.0/41725] INFO  server.StorageContainerManager (StorageContainerManager.java:start(1440)) - StorageContainerLocationProtocol RPC server is listening at /0.0.0.0:41725
2023-01-31 15:00:06,082 [Listener at 0.0.0.0/41725] WARN  impl.MetricsConfig (MetricsConfig.java:loadFirst(136)) - Cannot locate configuration: tried hadoop-metrics2-storagecontainermanager.properties,hadoop-metrics2.properties
2023-01-31 15:00:06,087 [ReplicationMonitor] INFO  replication.ReplicationManager (ReplicationManager.java:processAll(334)) - Replication Manager is not ready to run until 3000ms after safemode exit
2023-01-31 15:00:06,088 [Listener at 0.0.0.0/41725] INFO  impl.MetricsSystemImpl (MetricsSystemImpl.java:startTimer(378)) - Scheduled Metric snapshot period at 10 second(s).
2023-01-31 15:00:06,088 [Listener at 0.0.0.0/41725] INFO  impl.MetricsSystemImpl (MetricsSystemImpl.java:start(191)) - StorageContainerManager metrics system started
2023-01-31 15:00:06,125 [Listener at 0.0.0.0/41725] INFO  impl.MetricsSinkAdapter (MetricsSinkAdapter.java:start(204)) - Sink prometheus started
2023-01-31 15:00:06,128 [Listener at 0.0.0.0/41725] INFO  impl.MetricsSystemImpl (MetricsSystemImpl.java:registerSink(305)) - Registered sink prometheus
2023-01-31 15:00:06,144 [Listener at 0.0.0.0/41725] INFO  server.SCMClientProtocolServer (SCMClientProtocolServer.java:start(170)) - RPC server for Client  is listening at /0.0.0.0:41725
2023-01-31 15:00:06,145 [IPC Server Responder] INFO  ipc.Server (Server.java:run(1512)) - IPC Server Responder: starting
2023-01-31 15:00:06,146 [IPC Server listener on 0] INFO  ipc.Server (Server.java:run(1352)) - IPC Server listener on 0: starting
2023-01-31 15:00:06,155 [Listener at 0.0.0.0/41725] INFO  server.StorageContainerManager (StorageContainerManager.java:start(1454)) - ScmBlockLocationProtocol RPC server is listening at /0.0.0.0:44081
2023-01-31 15:00:06,156 [Listener at 0.0.0.0/41725] INFO  server.SCMBlockProtocolServer (SCMBlockProtocolServer.java:start(152)) - RPC server for Block Protocol is listening at /0.0.0.0:44081
2023-01-31 15:00:06,156 [IPC Server listener on 0] INFO  ipc.Server (Server.java:run(1352)) - IPC Server listener on 0: starting
2023-01-31 15:00:06,156 [IPC Server Responder] INFO  ipc.Server (Server.java:run(1512)) - IPC Server Responder: starting
2023-01-31 15:00:06,159 [Listener at 0.0.0.0/41725] INFO  server.SCMDatanodeProtocolServer (SCMDatanodeProtocolServer.java:start(194)) - ScmDatanodeProtocol RPC server for DataNodes is listening at /0.0.0.0:35411
2023-01-31 15:00:06,160 [IPC Server Responder] INFO  ipc.Server (Server.java:run(1512)) - IPC Server Responder: starting
2023-01-31 15:00:06,160 [IPC Server listener on 0] INFO  ipc.Server (Server.java:run(1352)) - IPC Server listener on 0: starting
2023-01-31 15:00:06,164 [org.apache.hadoop.util.JvmPauseMonitor$Monitor@5b1657ff] INFO  util.JvmPauseMonitor (JvmPauseMonitor.java:run(188)) - Starting JVM pause monitor
2023-01-31 15:00:06,164 [Listener at 0.0.0.0/41725] INFO  http.BaseHttpServer (BaseHttpServer.java:newHttpServer2BuilderForOzone(213)) - Starting Web-server for scm at: http://0.0.0.0:0
2023-01-31 15:00:06,164 [Listener at 0.0.0.0/41725] INFO  http.BaseHttpServer (BaseHttpServer.java:<init>(108)) - Hadoop Security Enabled: false Ozone Security Enabled: false Ozone HTTP Security Enabled: false 
2023-01-31 15:00:06,167 [Listener at 0.0.0.0/41725] WARN  server.AuthenticationFilter (AuthenticationFilter.java:constructSecretProvider(240)) - Unable to initialize FileSignerSecretProvider, falling back to use random secrets. Reason: Could not read signature secret file: /home/runner/hadoop-http-auth-signature-secret
2023-01-31 15:00:06,170 [Listener at 0.0.0.0/41725] WARN  http.HttpRequestLog (HttpRequestLog.java:getRequestLog(103)) - Jetty request log can only be enabled using Log4j
2023-01-31 15:00:06,172 [Listener at 0.0.0.0/41725] INFO  http.HttpServer2 (HttpServer2.java:addGlobalFilter(1031)) - Added global filter 'safety' (class=org.apache.hadoop.hdds.server.http.HttpServer2$QuotingInputFilter)
2023-01-31 15:00:06,173 [Listener at 0.0.0.0/41725] INFO  http.HttpServer2 (HttpServer2.java:addFilter(1007)) - Added filter static_user_filter (class=org.apache.hadoop.http.lib.StaticUserWebFilter$StaticUserFilter) to context scm
2023-01-31 15:00:06,173 [Listener at 0.0.0.0/41725] INFO  http.HttpServer2 (HttpServer2.java:addFilter(1015)) - Added filter static_user_filter (class=org.apache.hadoop.http.lib.StaticUserWebFilter$StaticUserFilter) to context static
2023-01-31 15:00:06,173 [Listener at 0.0.0.0/41725] INFO  http.HttpServer2 (HttpServer2.java:addFilter(1015)) - Added filter static_user_filter (class=org.apache.hadoop.http.lib.StaticUserWebFilter$StaticUserFilter) to context logs
2023-01-31 15:00:06,175 [Listener at 0.0.0.0/41725] INFO  http.HttpServer2 (HttpServer2.java:bindListener(1250)) - Jetty bound to port 41169
2023-01-31 15:00:06,175 [Listener at 0.0.0.0/41725] INFO  server.Server (Server.java:doStart(375)) - jetty-9.4.49.v20220914; built: 2022-09-14T01:07:36.601Z; git: 4231a3b2e4cb8548a412a789936d640a97b1aa0a; jvm 1.8.0_352-b08
2023-01-31 15:00:06,179 [Listener at 0.0.0.0/41725] INFO  server.session (DefaultSessionIdManager.java:doStart(334)) - DefaultSessionIdManager workerName=node0
2023-01-31 15:00:06,179 [Listener at 0.0.0.0/41725] INFO  server.session (DefaultSessionIdManager.java:doStart(339)) - No SessionScavenger set, using defaults
2023-01-31 15:00:06,179 [Listener at 0.0.0.0/41725] INFO  server.session (HouseKeeper.java:startScavenging(132)) - node0 Scavenging every 600000ms
2023-01-31 15:00:06,181 [Listener at 0.0.0.0/41725] INFO  handler.ContextHandler (ContextHandler.java:doStart(921)) - Started o.e.j.s.ServletContextHandler@5976e999{logs,/logs,file:///home/runner/work/ozone/ozone/hadoop-ozone/integration-test/target/log,AVAILABLE}
2023-01-31 15:00:06,183 [Listener at 0.0.0.0/41725] INFO  handler.ContextHandler (ContextHandler.java:doStart(921)) - Started o.e.j.s.ServletContextHandler@343e346e{static,/static,file:///home/runner/work/ozone/ozone/hadoop-ozone/integration-test/target/test-classes/webapps/static,AVAILABLE}
2023-01-31 15:00:06,191 [Listener at 0.0.0.0/41725] INFO  handler.ContextHandler (ContextHandler.java:doStart(921)) - Started o.e.j.w.WebAppContext@3c1bed13{scm,/,file:///home/runner/work/ozone/ozone/hadoop-ozone/integration-test/target/test-classes/webapps/scm/,AVAILABLE}{file:/home/runner/work/ozone/ozone/hadoop-ozone/integration-test/target/test-classes/webapps/scm}
2023-01-31 15:00:06,193 [Listener at 0.0.0.0/41725] INFO  server.AbstractConnector (AbstractConnector.java:doStart(333)) - Started ServerConnector@2e500a21{HTTP/1.1, (http/1.1)}{0.0.0.0:41169}
2023-01-31 15:00:06,193 [Listener at 0.0.0.0/41725] INFO  server.Server (Server.java:doStart(415)) - Started @25374ms
2023-01-31 15:00:06,193 [Listener at 0.0.0.0/41725] WARN  impl.MetricsSystemImpl (MetricsSystemImpl.java:register(279)) - Sink prometheus already exists!
2023-01-31 15:00:06,194 [Listener at 0.0.0.0/41725] INFO  http.BaseHttpServer (BaseHttpServer.java:updateConnectorAddress(333)) - HTTP server of scm listening at http://0.0.0.0:41169
2023-01-31 15:00:06,196 [Listener at 0.0.0.0/41725] INFO  ha.OMHANodeDetails (OMHANodeDetails.java:loadOMHAConfig(121)) - ServiceID for OzoneManager is 007812eb-fddc-4a7f-94a6-9f21a9b68fe1
2023-01-31 15:00:06,199 [Listener at 0.0.0.0/41725] INFO  ha.OMHANodeDetails (OMHANodeDetails.java:loadOMHAConfig(201)) - Found matching OM address with OMServiceId: 007812eb-fddc-4a7f-94a6-9f21a9b68fe1, OMNodeId: omNode-1, RPC Address: localhost:46373 and Ratis port: 46567
2023-01-31 15:00:06,199 [Listener at 0.0.0.0/41725] INFO  ha.OMHANodeDetails (ConfUtils.java:setNodeSpecificConfigs(97)) - Setting configuration key ozone.om.http-address with value of key ozone.om.http-address.007812eb-fddc-4a7f-94a6-9f21a9b68fe1.omNode-1: 127.0.0.1:39777
2023-01-31 15:00:06,199 [Listener at 0.0.0.0/41725] INFO  ha.OMHANodeDetails (ConfUtils.java:setNodeSpecificConfigs(97)) - Setting configuration key ozone.om.https-address with value of key ozone.om.https-address.007812eb-fddc-4a7f-94a6-9f21a9b68fe1.omNode-1: 127.0.0.1:36833
2023-01-31 15:00:06,199 [Listener at 0.0.0.0/41725] INFO  ha.OMHANodeDetails (ConfUtils.java:setNodeSpecificConfigs(97)) - Setting configuration key ozone.om.address with value of key ozone.om.address.007812eb-fddc-4a7f-94a6-9f21a9b68fe1.omNode-1: 127.0.0.1:46373
2023-01-31 15:00:06,199 [Listener at 0.0.0.0/41725] WARN  server.ServerUtils (ServerUtils.java:getDBPath(225)) - ozone.om.db.dirs is not configured. We recommend adding this setting. Falling back to ozone.metadata.dirs instead.
2023-01-31 15:00:06,204 [Listener at 0.0.0.0/41725] INFO  proxy.SCMBlockLocationFailoverProxyProvider (SCMBlockLocationFailoverProxyProvider.java:<init>(114)) - Created block location fail-over proxy with 1 nodes: [nodeId=scmNodeId,nodeAddress=/0.0.0.0:44081]
OM initialization succeeded.Current cluster id for sd=/home/runner/work/ozone/ozone/hadoop-ozone/integration-test/target/test-dir/MiniOzoneClusterImpl-7bcd778c-f292-43e0-bfc8-ce03b293149c/omNode-1/om;cid=7bcd778c-f292-43e0-bfc8-ce03b293149c;layoutVersion=0
2023-01-31 15:00:06,212 [Listener at 0.0.0.0/41725] INFO  ha.OMHANodeDetails (OMHANodeDetails.java:loadOMHAConfig(121)) - ServiceID for OzoneManager is 007812eb-fddc-4a7f-94a6-9f21a9b68fe1
2023-01-31 15:00:06,213 [Listener at 0.0.0.0/41725] INFO  ha.OMHANodeDetails (OMHANodeDetails.java:loadOMHAConfig(201)) - Found matching OM address with OMServiceId: 007812eb-fddc-4a7f-94a6-9f21a9b68fe1, OMNodeId: omNode-1, RPC Address: localhost:46373 and Ratis port: 46567
2023-01-31 15:00:06,213 [Listener at 0.0.0.0/41725] INFO  ha.OMHANodeDetails (ConfUtils.java:setNodeSpecificConfigs(97)) - Setting configuration key ozone.om.http-address with value of key ozone.om.http-address.007812eb-fddc-4a7f-94a6-9f21a9b68fe1.omNode-1: 127.0.0.1:39777
2023-01-31 15:00:06,213 [Listener at 0.0.0.0/41725] INFO  ha.OMHANodeDetails (ConfUtils.java:setNodeSpecificConfigs(97)) - Setting configuration key ozone.om.https-address with value of key ozone.om.https-address.007812eb-fddc-4a7f-94a6-9f21a9b68fe1.omNode-1: 127.0.0.1:36833
2023-01-31 15:00:06,213 [Listener at 0.0.0.0/41725] INFO  ha.OMHANodeDetails (ConfUtils.java:setNodeSpecificConfigs(97)) - Setting configuration key ozone.om.address with value of key ozone.om.address.007812eb-fddc-4a7f-94a6-9f21a9b68fe1.omNode-1: 127.0.0.1:46373
2023-01-31 15:00:06,213 [Listener at 0.0.0.0/41725] WARN  server.ServerUtils (ServerUtils.java:getDBPath(225)) - ozone.om.db.dirs is not configured. We recommend adding this setting. Falling back to ozone.metadata.dirs instead.
2023-01-31 15:00:06,215 [Listener at 0.0.0.0/41725] INFO  upgrade.AbstractLayoutVersionManager (AbstractLayoutVersionManager.java:init(83)) - Initializing Layout version manager with metadata layout = INITIAL_VERSION (version = 0), software layout = MULTITENANCY_SCHEMA (version = 3)
2023-01-31 15:00:06,289 [Listener at 0.0.0.0/41725] INFO  reflections.Reflections (Reflections.java:scan(232)) - Reflections took 73 ms to scan 2 urls, producing 155 keys and 428 values [using 2 cores]
2023-01-31 15:00:06,290 [Listener at 0.0.0.0/41725] INFO  upgrade.OMLayoutVersionManager (OMLayoutVersionManager.java:lambda$0(115)) - Skipping Upgrade Action MockOmUpgradeAction since it has been finalized.
2023-01-31 15:00:06,290 [Listener at 0.0.0.0/41725] WARN  server.ServerUtils (ServerUtils.java:getDBPath(225)) - ozone.om.db.dirs is not configured. We recommend adding this setting. Falling back to ozone.metadata.dirs instead.
2023-01-31 15:00:06,290 [Listener at 0.0.0.0/41725] WARN  om.OzoneManager (OzoneManager.java:<init>(527)) - ozone.default.bucket.layout configured to non-legacy bucket layout FILE_SYSTEM_OPTIMIZED when Ozone Manager is pre-finalized for bucket layout support. Legacy buckets will be created by default until Ozone Manager is finalized.
2023-01-31 15:00:06,292 [Listener at 0.0.0.0/41725] INFO  proxy.SCMBlockLocationFailoverProxyProvider (SCMBlockLocationFailoverProxyProvider.java:<init>(114)) - Created block location fail-over proxy with 1 nodes: [nodeId=scmNodeId,nodeAddress=/0.0.0.0:44081]
2023-01-31 15:00:06,294 [Listener at 0.0.0.0/41725] INFO  proxy.SCMBlockLocationFailoverProxyProvider (SCMBlockLocationFailoverProxyProvider.java:<init>(114)) - Created block location fail-over proxy with 1 nodes: [nodeId=scmNodeId,nodeAddress=/0.0.0.0:44081]
2023-01-31 15:00:06,308 [Listener at 0.0.0.0/41725] WARN  server.ServerUtils (ServerUtils.java:getDBPath(225)) - ozone.om.db.dirs is not configured. We recommend adding this setting. Falling back to ozone.metadata.dirs instead.
2023-01-31 15:00:06,308 [Listener at 0.0.0.0/41725] INFO  codec.OmKeyInfoCodec (OmKeyInfoCodec.java:<init>(49)) - OmKeyInfoCodec ignorePipeline = true
2023-01-31 15:00:06,308 [Listener at 0.0.0.0/41725] INFO  codec.RepeatedOmKeyInfoCodec (RepeatedOmKeyInfoCodec.java:<init>(41)) - RepeatedOmKeyInfoCodec ignorePipeline = true
2023-01-31 15:00:06,530 [Listener at 0.0.0.0/41725] INFO  om.OzoneManager (OzoneManager.java:instantiateServices(728)) - S3 Multi-Tenancy is disabled
2023-01-31 15:00:06,533 [Listener at 0.0.0.0/41725] INFO  om.OzoneManager (OzoneManager.java:addS3GVolumeToDB(4320)) - Created Volume s3v With Owner runner required for S3Gateway operations.
2023-01-31 15:00:06,533 [Listener at 0.0.0.0/41725] WARN  server.ServerUtils (ServerUtils.java:getDefaultRatisDirectory(237)) - Storage directory for Ratis is not configured. It is a good idea to map this to an SSD disk. Falling back to ozone.metadata.dirs
2023-01-31 15:00:06,533 [Listener at 0.0.0.0/41725] WARN  utils.OzoneManagerRatisUtils (OzoneManagerRatisUtils.java:getOMRatisSnapshotDirectory(431)) - ozone.om.ratis.snapshot.dir is not configured. Falling back to ozone.metadata.dirs config
2023-01-31 15:00:06,534 [Listener at 0.0.0.0/41725] INFO  snapshot.OzoneManagerSnapshotProvider (OzoneManagerSnapshotProvider.java:<init>(76)) - Initializing OM Snapshot Provider
2023-01-31 15:00:06,538 [Listener at 0.0.0.0/41725] WARN  server.ServerUtils (ServerUtils.java:getDefaultRatisDirectory(237)) - Storage directory for Ratis is not configured. It is a good idea to map this to an SSD disk. Falling back to ozone.metadata.dirs
2023-01-31 15:00:06,540 [Listener at 0.0.0.0/41725] INFO  ratis.OzoneManagerRatisServer (OzoneManagerRatisServer.java:<init>(160)) - Instantiating OM Ratis server with groupID: 007812eb-fddc-4a7f-94a6-9f21a9b68fe1 and peers: localhost:46567, localhost:35329, localhost:40521
2023-01-31 15:00:06,540 [Listener at 0.0.0.0/41725] INFO  ratis.OzoneManagerStateMachine (OzoneManagerStateMachine.java:loadSnapshotInfoFromDB(636)) - LastAppliedIndex is set from TransactionInfo from OM DB as (t:0, i:~)
2023-01-31 15:00:06,542 [Listener at 0.0.0.0/41725] INFO  server.RaftServer (ConfUtils.java:logGet(46)) - raft.rpc.type = GRPC (default)
2023-01-31 15:00:06,542 [Listener at 0.0.0.0/41725] INFO  grpc.GrpcConfigKeys (ConfUtils.java:logFallback(53)) - raft.grpc.admin.host = null (fallback to raft.grpc.server.host)
2023-01-31 15:00:06,543 [Listener at 0.0.0.0/41725] INFO  grpc.GrpcConfigKeys (ConfUtils.java:logFallback(53)) - raft.grpc.admin.port = 46567 (fallback to raft.grpc.server.port)
2023-01-31 15:00:06,543 [Listener at 0.0.0.0/41725] INFO  grpc.GrpcConfigKeys (ConfUtils.java:logFallback(53)) - raft.grpc.client.host = null (fallback to raft.grpc.server.host)
2023-01-31 15:00:06,543 [Listener at 0.0.0.0/41725] INFO  grpc.GrpcConfigKeys (ConfUtils.java:logFallback(53)) - raft.grpc.client.port = 46567 (fallback to raft.grpc.server.port)
2023-01-31 15:00:06,543 [Listener at 0.0.0.0/41725] INFO  grpc.GrpcConfigKeys (ConfUtils.java:logGet(46)) - raft.grpc.server.host = null (default)
2023-01-31 15:00:06,543 [Listener at 0.0.0.0/41725] INFO  grpc.GrpcConfigKeys (ConfUtils.java:logGet(46)) - raft.grpc.server.port = 46567 (custom)
2023-01-31 15:00:06,543 [Listener at 0.0.0.0/41725] INFO  server.GrpcService (ConfUtils.java:logGet(46)) - raft.grpc.message.size.max = 33554432 (custom)
2023-01-31 15:00:06,543 [Listener at 0.0.0.0/41725] INFO  server.RaftServerConfigKeys (ConfUtils.java:logGet(46)) - raft.server.log.appender.buffer.byte-limit = 33554432 (custom)
2023-01-31 15:00:06,543 [Listener at 0.0.0.0/41725] INFO  server.GrpcService (ConfUtils.java:logGet(46)) - raft.grpc.flow.control.window = 1MB (=1048576) (default)
2023-01-31 15:00:06,544 [Listener at 0.0.0.0/41725] INFO  server.RaftServerConfigKeys (ConfUtils.java:logGet(46)) - raft.server.rpc.request.timeout = 3000ms (default)
2023-01-31 15:00:06,544 [Listener at 0.0.0.0/41725] INFO  grpc.GrpcConfigKeys (ConfUtils.java:logGet(46)) - raft.grpc.server.heartbeat.channel = true (default)
2023-01-31 15:00:06,544 [Listener at 0.0.0.0/41725] INFO  grpc.GrpcConfigKeys (ConfUtils.java:logGet(46)) - raft.grpc.server.async.request.thread.pool.cached = true (default)
2023-01-31 15:00:06,544 [Listener at 0.0.0.0/41725] INFO  grpc.GrpcConfigKeys (ConfUtils.java:logGet(46)) - raft.grpc.server.async.request.thread.pool.size = 32 (default)
2023-01-31 15:00:06,546 [Listener at 0.0.0.0/41725] INFO  impl.DataStreamServerImpl (ConfUtils.java:logGet(46)) - raft.datastream.type = NETTY (custom)
2023-01-31 15:00:06,546 [Listener at 0.0.0.0/41725] INFO  server.RaftServerConfigKeys (ConfUtils.java:logGet(46)) - raft.server.data-stream.async.request.thread.pool.cached = false (default)
2023-01-31 15:00:06,546 [Listener at 0.0.0.0/41725] INFO  server.RaftServerConfigKeys (ConfUtils.java:logGet(46)) - raft.server.data-stream.async.request.thread.pool.size = 32 (default)
2023-01-31 15:00:06,546 [Listener at 0.0.0.0/41725] INFO  server.RaftServerConfigKeys (ConfUtils.java:logGet(46)) - raft.server.data-stream.async.write.thread.pool.size = 16 (default)
2023-01-31 15:00:06,546 [Listener at 0.0.0.0/41725] INFO  server.RaftServerConfigKeys (ConfUtils.java:logGet(46)) - raft.server.data-stream.client.pool.size = 10 (default)
2023-01-31 15:00:06,546 [Listener at 0.0.0.0/41725] INFO  netty.NettyConfigKeys$DataStream (ConfUtils.java:logGet(46)) - raft.netty.dataStream.server.use-epoll = false (default)
2023-01-31 15:00:06,546 [Listener at 0.0.0.0/41725] INFO  netty.NettyConfigKeys$DataStream (ConfUtils.java:logGet(46)) - raft.netty.dataStream.server.boss-group.size = 0 (default)
2023-01-31 15:00:06,548 [Listener at 0.0.0.0/41725] INFO  netty.NettyConfigKeys$DataStream (ConfUtils.java:logGet(46)) - raft.netty.dataStream.server.worker-group.size = 0 (default)
2023-01-31 15:00:06,548 [Listener at 0.0.0.0/41725] INFO  netty.NettyConfigKeys$DataStream (ConfUtils.java:logGet(46)) - raft.netty.dataStream.server.tls.conf = null (default)
2023-01-31 15:00:06,548 [Listener at 0.0.0.0/41725] INFO  netty.NettyConfigKeys$DataStream (ConfUtils.java:logGet(46)) - raft.netty.dataStream.host = null (default)
2023-01-31 15:00:06,549 [Listener at 0.0.0.0/41725] INFO  netty.NettyConfigKeys$DataStream (ConfUtils.java:logGet(46)) - raft.netty.dataStream.port = 0 (default)
2023-01-31 15:00:06,549 [Listener at 0.0.0.0/41725] INFO  server.RaftServerConfigKeys (ConfUtils.java:logGet(46)) - raft.server.threadpool.proxy.cached = true (default)
2023-01-31 15:00:06,549 [Listener at 0.0.0.0/41725] INFO  server.RaftServerConfigKeys (ConfUtils.java:logGet(46)) - raft.server.threadpool.proxy.size = 0 (default)
2023-01-31 15:00:06,550 [Listener at 0.0.0.0/41725] INFO  server.RaftServerConfigKeys (ConfUtils.java:logGet(46)) - raft.server.rpc.slowness.timeout = 2s (custom)
2023-01-31 15:00:06,550 [Listener at 0.0.0.0/41725] INFO  server.RaftServerConfigKeys (ConfUtils.java:logGet(46)) - raft.server.leaderelection.leader.step-down.wait-time = 10s (default)
2023-01-31 15:00:06,550 [omNode-1-NettyServerStreamRpc-bossGroup--thread1] INFO  logging.LoggingHandler (AbstractInternalLogger.java:log(148)) - [id: 0xd6bd18b2] REGISTERED
2023-01-31 15:00:06,551 [omNode-1-NettyServerStreamRpc-bossGroup--thread1] INFO  logging.LoggingHandler (AbstractInternalLogger.java:log(148)) - [id: 0xd6bd18b2] BIND: 0.0.0.0/0.0.0.0:0
2023-01-31 15:00:06,551 [omNode-1-NettyServerStreamRpc-bossGroup--thread1] INFO  logging.LoggingHandler (AbstractInternalLogger.java:log(148)) - [id: 0xd6bd18b2, L:/0:0:0:0:0:0:0:0:38285] ACTIVE
2023-01-31 15:00:06,551 [Listener at 0.0.0.0/41725] INFO  server.RaftServerConfigKeys (ConfUtils.java:logGet(46)) - raft.server.storage.dir = [/home/runner/work/ozone/ozone/hadoop-ozone/integration-test/target/test-dir/MiniOzoneClusterImpl-7bcd778c-f292-43e0-bfc8-ce03b293149c/omNode-1/ratis] (custom)
2023-01-31 15:00:06,552 [Listener at 0.0.0.0/41725] INFO  server.RaftServer (RaftServerProxy.java:addNew(96)) - omNode-1: addNew group-D486FDE03864:[omNode-3|rpc:localhost:35329|priority:0|startupRole:FOLLOWER, omNode-1|rpc:localhost:46567|priority:0|startupRole:FOLLOWER, omNode-2|rpc:localhost:40521|priority:0|startupRole:FOLLOWER] returns group-D486FDE03864:java.util.concurrent.CompletableFuture@611b4665[Not completed]
2023-01-31 15:00:06,552 [Listener at 0.0.0.0/41725] INFO  om.OzoneManager (OzoneManager.java:initializeRatisServer(2012)) - OzoneManager Ratis server initialized at port 46567
2023-01-31 15:00:06,552 [pool-188-thread-1] INFO  server.RaftServer$Division (RaftServerImpl.java:<init>(195)) - omNode-1: new RaftServerImpl for group-D486FDE03864:[omNode-3|rpc:localhost:35329|priority:0|startupRole:FOLLOWER, omNode-1|rpc:localhost:46567|priority:0|startupRole:FOLLOWER, omNode-2|rpc:localhost:40521|priority:0|startupRole:FOLLOWER] with OzoneManagerStateMachine:uninitialized
2023-01-31 15:00:06,552 [pool-188-thread-1] INFO  server.RaftServerConfigKeys (ConfUtils.java:logGet(46)) - raft.server.rpc.timeout.min = 1s (custom)
2023-01-31 15:00:06,553 [pool-188-thread-1] INFO  server.RaftServerConfigKeys (ConfUtils.java:logGet(46)) - raft.server.rpc.timeout.max = 1200ms (custom)
2023-01-31 15:00:06,553 [pool-188-thread-1] INFO  server.RaftServerConfigKeys (ConfUtils.java:logGet(46)) - raft.server.rpc.sleep.time = 25ms (default)
2023-01-31 15:00:06,553 [pool-188-thread-1] INFO  server.RaftServerConfigKeys (ConfUtils.java:logGet(46)) - raft.server.rpc.slowness.timeout = 2s (custom)
2023-01-31 15:00:06,553 [pool-188-thread-1] INFO  server.RaftServerConfigKeys (ConfUtils.java:logGet(46)) - raft.server.leaderelection.leader.step-down.wait-time = 10s (default)
2023-01-31 15:00:06,553 [pool-188-thread-1] INFO  server.RaftServerConfigKeys (ConfUtils.java:logGet(46)) - raft.server.sleep.deviation.threshold = 300ms (default)
2023-01-31 15:00:06,553 [pool-188-thread-1] INFO  server.RaftServer$Division (ServerState.java:<init>(118)) - omNode-1@group-D486FDE03864: ConfigurationManager, init=-1: peers:[omNode-3|rpc:localhost:35329|priority:0|startupRole:FOLLOWER, omNode-1|rpc:localhost:46567|priority:0|startupRole:FOLLOWER, omNode-2|rpc:localhost:40521|priority:0|startupRole:FOLLOWER]|listeners:[], old=null, confs=<EMPTY_MAP>
2023-01-31 15:00:06,553 [pool-188-thread-1] INFO  server.RaftServerConfigKeys (ConfUtils.java:logGet(46)) - raft.server.storage.dir = [/home/runner/work/ozone/ozone/hadoop-ozone/integration-test/target/test-dir/MiniOzoneClusterImpl-7bcd778c-f292-43e0-bfc8-ce03b293149c/omNode-1/ratis] (custom)
2023-01-31 15:00:06,553 [pool-188-thread-1] INFO  server.RaftServerConfigKeys (ConfUtils.java:logGet(46)) - raft.server.log.corruption.policy = EXCEPTION (default)
2023-01-31 15:00:06,554 [pool-188-thread-1] INFO  server.RaftServerConfigKeys (ConfUtils.java:logGet(46)) - raft.server.storage.free-space.min = 0MB (=0) (default)
2023-01-31 15:00:06,554 [pool-188-thread-1] INFO  server.RaftServerConfigKeys (ConfUtils.java:logGet(46)) - raft.server.notification.no-leader.timeout = 2s (custom)
2023-01-31 15:00:06,554 [pool-188-thread-1] INFO  server.RaftServerConfigKeys (ConfUtils.java:logGet(46)) - raft.server.retrycache.expirytime = 300s (custom)
2023-01-31 15:00:06,554 [pool-188-thread-1] INFO  server.RaftServerConfigKeys (ConfUtils.java:logGet(46)) - raft.server.retrycache.statistics.expirytime = 100μs (default)
2023-01-31 15:00:06,555 [pool-188-thread-1] INFO  server.RaftServerConfigKeys (ConfUtils.java:logGet(46)) - raft.server.log.appender.install.snapshot.enabled = false (custom)
2023-01-31 15:00:06,555 [pool-188-thread-1] INFO  server.RaftServerConfigKeys (ConfUtils.java:logGet(46)) - raft.server.threadpool.server.cached = true (default)
2023-01-31 15:00:06,555 [pool-188-thread-1] INFO  server.RaftServerConfigKeys (ConfUtils.java:logGet(46)) - raft.server.threadpool.server.size = 0 (default)
2023-01-31 15:00:06,555 [pool-188-thread-1] INFO  server.RaftServerConfigKeys (ConfUtils.java:logGet(46)) - raft.server.threadpool.client.cached = true (default)
2023-01-31 15:00:06,556 [pool-188-thread-1] INFO  server.RaftServerConfigKeys (ConfUtils.java:logGet(46)) - raft.server.threadpool.client.size = 0 (default)
2023-01-31 15:00:06,560 [Listener at 0.0.0.0/41725] INFO  om.OzoneManager (OzoneManager.java:getRpcServer(1135)) - Creating RPC Server
2023-01-31 15:00:06,994 [Listener at 0.0.0.0/41725] INFO  reflections.Reflections (Reflections.java:scan(232)) - Reflections took 433 ms to scan 19 urls, producing 67 keys and 4594 values [using 2 cores]
2023-01-31 15:00:06,996 [Listener at 0.0.0.0/41725] INFO  ipc.CallQueueManager (CallQueueManager.java:<init>(90)) - Using callQueue: class java.util.concurrent.LinkedBlockingQueue, queueCapacity: 2000, scheduler: class org.apache.hadoop.ipc.DefaultRpcScheduler, ipcBackoff: false.
2023-01-31 15:00:06,999 [Socket Reader #1 for port 46373] INFO  ipc.Server (Server.java:run(1273)) - Starting Socket Reader #1 for port 46373
2023-01-31 15:00:07,029 [Listener at 127.0.0.1/46373] INFO  impl.MetricsSystemImpl (MetricsSystemImpl.java:init(158)) - OzoneManager metrics system started (again)
2023-01-31 15:00:07,043 [Listener at 127.0.0.1/46373] INFO  om.OzoneManager (OzoneManager.java:start(1519)) - OzoneManager RPC server is listening at localhost/127.0.0.1:46373
2023-01-31 15:00:07,043 [Listener at 127.0.0.1/46373] INFO  ratis.OzoneManagerRatisServer (OzoneManagerRatisServer.java:start(555)) - Starting OzoneManagerRatisServer omNode-1 at port 46567
2023-01-31 15:00:07,044 [omNode-1-impl-thread1] INFO  storage.RaftStorageDirectory (RaftStorageDirectoryImpl.java:analyzeStorage(137)) - The storage directory /home/runner/work/ozone/ozone/hadoop-ozone/integration-test/target/test-dir/MiniOzoneClusterImpl-7bcd778c-f292-43e0-bfc8-ce03b293149c/omNode-1/ratis/ba0b3a38-ee51-3eb6-9a20-d486fde03864 does not exist. Creating ...
2023-01-31 15:00:07,046 [omNode-1-impl-thread1] INFO  storage.RaftStorageDirectory (RaftStorageDirectoryImpl.java:tryLock(231)) - Lock on /home/runner/work/ozone/ozone/hadoop-ozone/integration-test/target/test-dir/MiniOzoneClusterImpl-7bcd778c-f292-43e0-bfc8-ce03b293149c/omNode-1/ratis/ba0b3a38-ee51-3eb6-9a20-d486fde03864/in_use.lock acquired by nodename 15060@fv-az83-829
2023-01-31 15:00:07,048 [omNode-1-impl-thread1] INFO  storage.RaftStorage (RaftStorageImpl.java:format(96)) - Storage directory /home/runner/work/ozone/ozone/hadoop-ozone/integration-test/target/test-dir/MiniOzoneClusterImpl-7bcd778c-f292-43e0-bfc8-ce03b293149c/omNode-1/ratis/ba0b3a38-ee51-3eb6-9a20-d486fde03864 has been successfully formatted.
2023-01-31 15:00:07,048 [omNode-1-impl-thread1] INFO  server.RaftServerConfigKeys (ConfUtils.java:logGet(46)) - raft.server.log.use.memory = false (default)
2023-01-31 15:00:07,048 [omNode-1-impl-thread1] INFO  server.RaftServerConfigKeys (ConfUtils.java:logGet(46)) - raft.server.log.purge.gap = 1000000 (custom)
2023-01-31 15:00:07,049 [omNode-1-impl-thread1] INFO  server.RaftServerConfigKeys (ConfUtils.java:logGet(46)) - raft.server.log.appender.buffer.byte-limit = 33554432 (custom)
2023-01-31 15:00:07,049 [omNode-1-impl-thread1] INFO  server.RaftServerConfigKeys (ConfUtils.java:logGet(46)) - raft.server.log.statemachine.data.read.timeout = 1000ms (default)
2023-01-31 15:00:07,049 [omNode-1-impl-thread1] INFO  server.RaftServerConfigKeys (ConfUtils.java:logGet(46)) - raft.server.log.purge.preservation.log.num = 0 (default)
2023-01-31 15:00:07,049 [omNode-1-impl-thread1] INFO  server.RaftServerConfigKeys (ConfUtils.java:logGet(46)) - raft.server.log.segment.size.max = 4194304 (custom)
2023-01-31 15:00:07,049 [omNode-1-impl-thread1] INFO  server.RaftServerConfigKeys (ConfUtils.java:logGet(46)) - raft.server.log.segment.cache.num.max = 2 (custom)
2023-01-31 15:00:07,050 [omNode-1-impl-thread1] INFO  server.RaftServerConfigKeys (ConfUtils.java:logGet(46)) - raft.server.log.segment.cache.size.max = 200MB (=209715200) (default)
2023-01-31 15:00:07,050 [omNode-1-impl-thread1] INFO  segmented.SegmentedRaftLogWorker (SegmentedRaftLogWorker.java:<init>(189)) - new omNode-1@group-D486FDE03864-SegmentedRaftLogWorker for RaftStorageImpl:Storage Directory /home/runner/work/ozone/ozone/hadoop-ozone/integration-test/target/test-dir/MiniOzoneClusterImpl-7bcd778c-f292-43e0-bfc8-ce03b293149c/omNode-1/ratis/ba0b3a38-ee51-3eb6-9a20-d486fde03864
2023-01-31 15:00:07,050 [omNode-1-impl-thread1] INFO  server.RaftServerConfigKeys (ConfUtils.java:logGet(46)) - raft.server.log.queue.byte-limit = 64MB (=67108864) (default)
2023-01-31 15:00:07,050 [omNode-1-impl-thread1] INFO  server.RaftServerConfigKeys (ConfUtils.java:logGet(46)) - raft.server.log.queue.element-limit = 4096 (default)
2023-01-31 15:00:07,050 [omNode-1-impl-thread1] INFO  server.RaftServerConfigKeys (ConfUtils.java:logGet(46)) - raft.server.log.segment.size.max = 4194304 (custom)
2023-01-31 15:00:07,050 [omNode-1-impl-thread1] INFO  server.RaftServerConfigKeys (ConfUtils.java:logGet(46)) - raft.server.log.preallocated.size = 4194304 (custom)
2023-01-31 15:00:07,050 [omNode-1-impl-thread1] INFO  server.RaftServerConfigKeys (ConfUtils.java:logGet(46)) - raft.server.log.force.sync.num = 128 (default)
2023-01-31 15:00:07,050 [omNode-1-impl-thread1] INFO  server.RaftServerConfigKeys (ConfUtils.java:logGet(46)) - raft.server.log.statemachine.data.sync = true (default)
2023-01-31 15:00:07,050 [omNode-1-impl-thread1] INFO  server.RaftServerConfigKeys (ConfUtils.java:logGet(46)) - raft.server.log.statemachine.data.sync.timeout = 10s (default)
2023-01-31 15:00:07,050 [omNode-1-impl-thread1] INFO  server.RaftServerConfigKeys (ConfUtils.java:logGet(46)) - raft.server.log.statemachine.data.sync.timeout.retry = -1 (default)
2023-01-31 15:00:07,051 [omNode-1-impl-thread1] INFO  server.RaftServerConfigKeys (ConfUtils.java:logGet(46)) - raft.server.log.write.buffer.size = 64KB (=65536) (default)
2023-01-31 15:00:07,051 [omNode-1-impl-thread1] INFO  server.RaftServerConfigKeys (ConfUtils.java:logGet(46)) - raft.server.log.appender.buffer.byte-limit = 33554432 (custom)
2023-01-31 15:00:07,062 [omNode-1-impl-thread1] INFO  server.RaftServerConfigKeys (ConfUtils.java:logGet(46)) - raft.server.log.unsafe-flush.enabled = false (default)
2023-01-31 15:00:07,062 [omNode-1-impl-thread1] INFO  server.RaftServerConfigKeys (ConfUtils.java:logGet(46)) - raft.server.log.async-flush.enabled = false (default)
2023-01-31 15:00:07,062 [omNode-1-impl-thread1] INFO  server.RaftServerConfigKeys (ConfUtils.java:logGet(46)) - raft.server.log.statemachine.data.caching.enabled = false (default)
2023-01-31 15:00:07,063 [omNode-1-impl-thread1] INFO  segmented.SegmentedRaftLogWorker (SegmentedRaftLogWorker.java:lambda$new$0(135)) - omNode-1@group-D486FDE03864-SegmentedRaftLogWorker: flushIndex: setUnconditionally 0 -> -1
2023-01-31 15:00:07,063 [omNode-1-impl-thread1] INFO  segmented.SegmentedRaftLogWorker (SegmentedRaftLogWorker.java:lambda$new$0(135)) - omNode-1@group-D486FDE03864-SegmentedRaftLogWorker: safeCacheEvictIndex: setUnconditionally 0 -> -1
2023-01-31 15:00:07,068 [omNode-1-impl-thread1] INFO  server.RaftServer$Division (RaftServerImpl.java:start(334)) - omNode-1@group-D486FDE03864: start as a follower, conf=-1: peers:[omNode-3|rpc:localhost:35329|priority:0|startupRole:FOLLOWER, omNode-1|rpc:localhost:46567|priority:0|startupRole:FOLLOWER, omNode-2|rpc:localhost:40521|priority:0|startupRole:FOLLOWER]|listeners:[], old=null
2023-01-31 15:00:07,068 [omNode-1-impl-thread1] INFO  server.RaftServer$Division (RaftServerImpl.java:setRole(321)) - omNode-1@group-D486FDE03864: changes role from      null to FOLLOWER at term 0 for startAsFollower
2023-01-31 15:00:07,069 [omNode-1-impl-thread1] INFO  impl.RoleInfo (RoleInfo.java:updateAndGet(139)) - omNode-1: start omNode-1@group-D486FDE03864-FollowerState
2023-01-31 15:00:07,070 [omNode-1-impl-thread1] INFO  util.JmxRegister (JmxRegister.java:tryRegister(44)) - Successfully registered JMX Bean with object name Ratis:service=RaftServer,group=group-D486FDE03864,id=omNode-1
2023-01-31 15:00:07,070 [omNode-1-impl-thread1] INFO  server.RaftServerConfigKeys (ConfUtils.java:logGet(46)) - raft.server.snapshot.auto.trigger.enabled = true (custom)
2023-01-31 15:00:07,070 [omNode-1-impl-thread1] INFO  server.RaftServerConfigKeys (ConfUtils.java:logGet(46)) - raft.server.snapshot.auto.trigger.threshold = 400000 (default)
2023-01-31 15:00:07,070 [omNode-1@group-D486FDE03864-FollowerState] INFO  server.RaftServerConfigKeys (ConfUtils.java:logFallback(53)) - raft.server.rpc.first-election.timeout.min = 1s (fallback to raft.server.rpc.timeout.min)
2023-01-31 15:00:07,070 [omNode-1-impl-thread1] INFO  server.RaftServerConfigKeys (ConfUtils.java:logGet(46)) - raft.server.snapshot.retention.file.num = -1 (default)
2023-01-31 15:00:07,070 [omNode-1@group-D486FDE03864-FollowerState] INFO  server.RaftServerConfigKeys (ConfUtils.java:logFallback(53)) - raft.server.rpc.first-election.timeout.max = 1200ms (fallback to raft.server.rpc.timeout.max)
2023-01-31 15:00:07,070 [omNode-1-impl-thread1] INFO  server.RaftServerConfigKeys (ConfUtils.java:logGet(46)) - raft.server.log.purge.upto.snapshot.index = true (custom)
2023-01-31 15:00:07,071 [Listener at 127.0.0.1/46373] INFO  server.RaftServer (RaftServerProxy.java:startImpl(393)) - omNode-1: start RPC server
2023-01-31 15:00:07,075 [Listener at 127.0.0.1/46373] INFO  server.GrpcService (GrpcService.java:startImpl(262)) - omNode-1: GrpcService started, listening on 46567
2023-01-31 15:00:07,078 [Listener at 127.0.0.1/46373] INFO  upgrade.UpgradeFinalizer (BasicUpgradeFinalizer.java:runPrefinalizeStateActions(282)) - Running pre-finalized state validations for unfinalized layout features.
2023-01-31 15:00:07,079 [JvmPauseMonitor4] INFO  util.JvmPauseMonitor (JvmPauseMonitor.java:run(105)) - JvmPauseMonitor-omNode-1: Started
2023-01-31 15:00:07,079 [Listener at 127.0.0.1/46373] INFO  upgrade.UpgradeFinalizer (BasicUpgradeFinalizer.java:runPrefinalizeStateActions(295)) - Running first upgrade commands for unfinalized layout features.
2023-01-31 15:00:07,079 [Listener at 127.0.0.1/46373] INFO  om.OzoneManager (OzoneManager.java:start(1535)) - Version File has different layout version (0) than OM DB (null). That is expected if this OM has never been finalized to a newer layout version.
2023-01-31 15:00:07,083 [Listener at 127.0.0.1/46373] INFO  http.BaseHttpServer (BaseHttpServer.java:newHttpServer2BuilderForOzone(213)) - Starting Web-server for ozoneManager at: http://0.0.0.0:39777
2023-01-31 15:00:07,083 [Listener at 127.0.0.1/46373] INFO  http.BaseHttpServer (BaseHttpServer.java:<init>(108)) - Hadoop Security Enabled: false Ozone Security Enabled: false Ozone HTTP Security Enabled: false 
2023-01-31 15:00:07,085 [Listener at 127.0.0.1/46373] WARN  server.AuthenticationFilter (AuthenticationFilter.java:constructSecretProvider(240)) - Unable to initialize FileSignerSecretProvider, falling back to use random secrets. Reason: Could not read signature secret file: /home/runner/hadoop-http-auth-signature-secret
2023-01-31 15:00:07,086 [Listener at 127.0.0.1/46373] WARN  http.HttpRequestLog (HttpRequestLog.java:getRequestLog(103)) - Jetty request log can only be enabled using Log4j
2023-01-31 15:00:07,089 [Listener at 127.0.0.1/46373] INFO  http.HttpServer2 (HttpServer2.java:addGlobalFilter(1031)) - Added global filter 'safety' (class=org.apache.hadoop.hdds.server.http.HttpServer2$QuotingInputFilter)
2023-01-31 15:00:07,090 [Listener at 127.0.0.1/46373] INFO  http.HttpServer2 (HttpServer2.java:addFilter(1007)) - Added filter static_user_filter (class=org.apache.hadoop.http.lib.StaticUserWebFilter$StaticUserFilter) to context ozoneManager
2023-01-31 15:00:07,091 [Listener at 127.0.0.1/46373] INFO  http.HttpServer2 (HttpServer2.java:addFilter(1015)) - Added filter static_user_filter (class=org.apache.hadoop.http.lib.StaticUserWebFilter$StaticUserFilter) to context static
2023-01-31 15:00:07,091 [Listener at 127.0.0.1/46373] INFO  http.HttpServer2 (HttpServer2.java:addFilter(1015)) - Added filter static_user_filter (class=org.apache.hadoop.http.lib.StaticUserWebFilter$StaticUserFilter) to context logs
2023-01-31 15:00:07,093 [Listener at 127.0.0.1/46373] INFO  http.HttpServer2 (HttpServer2.java:bindListener(1250)) - Jetty bound to port 39777
2023-01-31 15:00:07,094 [Listener at 127.0.0.1/46373] INFO  server.Server (Server.java:doStart(375)) - jetty-9.4.49.v20220914; built: 2022-09-14T01:07:36.601Z; git: 4231a3b2e4cb8548a412a789936d640a97b1aa0a; jvm 1.8.0_352-b08
2023-01-31 15:00:07,096 [Listener at 127.0.0.1/46373] INFO  server.session (DefaultSessionIdManager.java:doStart(334)) - DefaultSessionIdManager workerName=node0
2023-01-31 15:00:07,096 [Listener at 127.0.0.1/46373] INFO  server.session (DefaultSessionIdManager.java:doStart(339)) - No SessionScavenger set, using defaults
2023-01-31 15:00:07,096 [Listener at 127.0.0.1/46373] INFO  server.session (HouseKeeper.java:startScavenging(132)) - node0 Scavenging every 660000ms
2023-01-31 15:00:07,097 [Listener at 127.0.0.1/46373] INFO  handler.ContextHandler (ContextHandler.java:doStart(921)) - Started o.e.j.s.ServletContextHandler@44f3809c{logs,/logs,file:///home/runner/work/ozone/ozone/hadoop-ozone/integration-test/target/log,AVAILABLE}
2023-01-31 15:00:07,097 [Listener at 127.0.0.1/46373] INFO  handler.ContextHandler (ContextHandler.java:doStart(921)) - Started o.e.j.s.ServletContextHandler@740816ae{static,/static,file:///home/runner/work/ozone/ozone/hadoop-ozone/integration-test/target/test-classes/webapps/static,AVAILABLE}
2023-01-31 15:00:07,105 [Listener at 127.0.0.1/46373] INFO  handler.ContextHandler (ContextHandler.java:doStart(921)) - Started o.e.j.w.WebAppContext@765f0db7{ozoneManager,/,file:///home/runner/work/ozone/ozone/hadoop-ozone/integration-test/target/test-classes/webapps/ozoneManager/,AVAILABLE}{file:/home/runner/work/ozone/ozone/hadoop-ozone/integration-test/target/test-classes/webapps/ozoneManager}
2023-01-31 15:00:07,107 [Listener at 127.0.0.1/46373] INFO  server.AbstractConnector (AbstractConnector.java:doStart(333)) - Started ServerConnector@6fefe0a9{HTTP/1.1, (http/1.1)}{0.0.0.0:39777}
2023-01-31 15:00:07,107 [Listener at 127.0.0.1/46373] INFO  server.Server (Server.java:doStart(415)) - Started @26288ms
2023-01-31 15:00:07,107 [Listener at 127.0.0.1/46373] WARN  impl.MetricsSystemImpl (MetricsSystemImpl.java:register(279)) - Sink prometheus already exists!
2023-01-31 15:00:07,108 [Listener at 127.0.0.1/46373] INFO  http.BaseHttpServer (BaseHttpServer.java:updateConnectorAddress(333)) - HTTP server of ozoneManager listening at http://0.0.0.0:39777
2023-01-31 15:00:07,108 [IPC Server Responder] INFO  ipc.Server (Server.java:run(1512)) - IPC Server Responder: starting
2023-01-31 15:00:07,109 [IPC Server listener on 46373] INFO  ipc.Server (Server.java:run(1352)) - IPC Server listener on 46373: starting
2023-01-31 15:00:07,112 [Listener at 127.0.0.1/46373] INFO  om.OzoneManager (OzoneManager.java:startTrashEmptier(1956)) - Trash Interval set to 0. Files deleted won't move to trash
2023-01-31 15:00:07,119 [Listener at 127.0.0.1/46373] INFO  ozone.MiniOzoneHAClusterImpl (MiniOzoneHAClusterImpl.java:createOMService(527)) - Started OzoneManager omNode-1 RPC server at localhost/127.0.0.1:46373
2023-01-31 15:00:07,120 [org.apache.hadoop.util.JvmPauseMonitor$Monitor@468c7c54] INFO  util.JvmPauseMonitor (JvmPauseMonitor.java:run(188)) - Starting JVM pause monitor
2023-01-31 15:00:07,120 [Listener at 127.0.0.1/46373] INFO  ha.OMHANodeDetails (OMHANodeDetails.java:loadOMHAConfig(121)) - ServiceID for OzoneManager is 007812eb-fddc-4a7f-94a6-9f21a9b68fe1
2023-01-31 15:00:07,124 [Listener at 127.0.0.1/46373] INFO  ha.OMHANodeDetails (OMHANodeDetails.java:loadOMHAConfig(201)) - Found matching OM address with OMServiceId: 007812eb-fddc-4a7f-94a6-9f21a9b68fe1, OMNodeId: omNode-2, RPC Address: localhost:38285 and Ratis port: 40521
2023-01-31 15:00:07,124 [Listener at 127.0.0.1/46373] INFO  ha.OMHANodeDetails (ConfUtils.java:setNodeSpecificConfigs(97)) - Setting configuration key ozone.om.http-address with value of key ozone.om.http-address.007812eb-fddc-4a7f-94a6-9f21a9b68fe1.omNode-2: 127.0.0.1:34527
2023-01-31 15:00:07,125 [Listener at 127.0.0.1/46373] INFO  ha.OMHANodeDetails (ConfUtils.java:setNodeSpecificConfigs(97)) - Setting configuration key ozone.om.https-address with value of key ozone.om.https-address.007812eb-fddc-4a7f-94a6-9f21a9b68fe1.omNode-2: 127.0.0.1:43891
2023-01-31 15:00:07,125 [Listener at 127.0.0.1/46373] INFO  ha.OMHANodeDetails (ConfUtils.java:setNodeSpecificConfigs(97)) - Setting configuration key ozone.om.address with value of key ozone.om.address.007812eb-fddc-4a7f-94a6-9f21a9b68fe1.omNode-2: 127.0.0.1:38285
2023-01-31 15:00:07,129 [Listener at 127.0.0.1/46373] WARN  server.ServerUtils (ServerUtils.java:getDBPath(225)) - ozone.om.db.dirs is not configured. We recommend adding this setting. Falling back to ozone.metadata.dirs instead.
2023-01-31 15:00:07,131 [Listener at 127.0.0.1/46373] INFO  proxy.SCMBlockLocationFailoverProxyProvider (SCMBlockLocationFailoverProxyProvider.java:<init>(114)) - Created block location fail-over proxy with 1 nodes: [nodeId=scmNodeId,nodeAddress=/0.0.0.0:44081]
OM initialization succeeded.Current cluster id for sd=/home/runner/work/ozone/ozone/hadoop-ozone/integration-test/target/test-dir/MiniOzoneClusterImpl-7bcd778c-f292-43e0-bfc8-ce03b293149c/omNode-2/om;cid=7bcd778c-f292-43e0-bfc8-ce03b293149c;layoutVersion=0
2023-01-31 15:00:07,142 [Listener at 127.0.0.1/46373] INFO  ha.OMHANodeDetails (OMHANodeDetails.java:loadOMHAConfig(121)) - ServiceID for OzoneManager is 007812eb-fddc-4a7f-94a6-9f21a9b68fe1
2023-01-31 15:00:07,143 [Listener at 127.0.0.1/46373] INFO  ha.OMHANodeDetails (OMHANodeDetails.java:loadOMHAConfig(201)) - Found matching OM address with OMServiceId: 007812eb-fddc-4a7f-94a6-9f21a9b68fe1, OMNodeId: omNode-2, RPC Address: localhost:38285 and Ratis port: 40521
2023-01-31 15:00:07,143 [Listener at 127.0.0.1/46373] INFO  ha.OMHANodeDetails (ConfUtils.java:setNodeSpecificConfigs(97)) - Setting configuration key ozone.om.http-address with value of key ozone.om.http-address.007812eb-fddc-4a7f-94a6-9f21a9b68fe1.omNode-2: 127.0.0.1:34527
2023-01-31 15:00:07,143 [Listener at 127.0.0.1/46373] INFO  ha.OMHANodeDetails (ConfUtils.java:setNodeSpecificConfigs(97)) - Setting configuration key ozone.om.https-address with value of key ozone.om.https-address.007812eb-fddc-4a7f-94a6-9f21a9b68fe1.omNode-2: 127.0.0.1:43891
2023-01-31 15:00:07,143 [Listener at 127.0.0.1/46373] INFO  ha.OMHANodeDetails (ConfUtils.java:setNodeSpecificConfigs(97)) - Setting configuration key ozone.om.address with value of key ozone.om.address.007812eb-fddc-4a7f-94a6-9f21a9b68fe1.omNode-2: 127.0.0.1:38285
2023-01-31 15:00:07,143 [Listener at 127.0.0.1/46373] WARN  server.ServerUtils (ServerUtils.java:getDBPath(225)) - ozone.om.db.dirs is not configured. We recommend adding this setting. Falling back to ozone.metadata.dirs instead.
2023-01-31 15:00:07,145 [Listener at 127.0.0.1/46373] INFO  upgrade.AbstractLayoutVersionManager (AbstractLayoutVersionManager.java:init(83)) - Initializing Layout version manager with metadata layout = INITIAL_VERSION (version = 0), software layout = MULTITENANCY_SCHEMA (version = 3)
2023-01-31 15:00:07,219 [Listener at 127.0.0.1/46373] INFO  reflections.Reflections (Reflections.java:scan(232)) - Reflections took 73 ms to scan 2 urls, producing 155 keys and 428 values [using 2 cores]
2023-01-31 15:00:07,220 [Listener at 127.0.0.1/46373] INFO  upgrade.OMLayoutVersionManager (OMLayoutVersionManager.java:lambda$0(115)) - Skipping Upgrade Action MockOmUpgradeAction since it has been finalized.
2023-01-31 15:00:07,220 [Listener at 127.0.0.1/46373] WARN  server.ServerUtils (ServerUtils.java:getDBPath(225)) - ozone.om.db.dirs is not configured. We recommend adding this setting. Falling back to ozone.metadata.dirs instead.
2023-01-31 15:00:07,220 [Listener at 127.0.0.1/46373] WARN  om.OzoneManager (OzoneManager.java:<init>(527)) - ozone.default.bucket.layout configured to non-legacy bucket layout FILE_SYSTEM_OPTIMIZED when Ozone Manager is pre-finalized for bucket layout support. Legacy buckets will be created by default until Ozone Manager is finalized.
2023-01-31 15:00:07,221 [Listener at 127.0.0.1/46373] INFO  proxy.SCMBlockLocationFailoverProxyProvider (SCMBlockLocationFailoverProxyProvider.java:<init>(114)) - Created block location fail-over proxy with 1 nodes: [nodeId=scmNodeId,nodeAddress=/0.0.0.0:44081]
2023-01-31 15:00:07,223 [Listener at 127.0.0.1/46373] INFO  proxy.SCMBlockLocationFailoverProxyProvider (SCMBlockLocationFailoverProxyProvider.java:<init>(114)) - Created block location fail-over proxy with 1 nodes: [nodeId=scmNodeId,nodeAddress=/0.0.0.0:44081]
2023-01-31 15:00:07,232 [Listener at 127.0.0.1/46373] WARN  server.ServerUtils (ServerUtils.java:getDBPath(225)) - ozone.om.db.dirs is not configured. We recommend adding this setting. Falling back to ozone.metadata.dirs instead.
2023-01-31 15:00:07,232 [Listener at 127.0.0.1/46373] INFO  codec.OmKeyInfoCodec (OmKeyInfoCodec.java:<init>(49)) - OmKeyInfoCodec ignorePipeline = true
2023-01-31 15:00:07,232 [Listener at 127.0.0.1/46373] INFO  codec.RepeatedOmKeyInfoCodec (RepeatedOmKeyInfoCodec.java:<init>(41)) - RepeatedOmKeyInfoCodec ignorePipeline = true
2023-01-31 15:00:07,439 [Listener at 127.0.0.1/46373] INFO  om.OzoneManager (OzoneManager.java:instantiateServices(728)) - S3 Multi-Tenancy is disabled
2023-01-31 15:00:07,440 [Listener at 127.0.0.1/46373] INFO  om.OzoneManager (OzoneManager.java:addS3GVolumeToDB(4320)) - Created Volume s3v With Owner runner required for S3Gateway operations.
2023-01-31 15:00:07,441 [Listener at 127.0.0.1/46373] WARN  server.ServerUtils (ServerUtils.java:getDefaultRatisDirectory(237)) - Storage directory for Ratis is not configured. It is a good idea to map this to an SSD disk. Falling back to ozone.metadata.dirs
2023-01-31 15:00:07,441 [Listener at 127.0.0.1/46373] WARN  utils.OzoneManagerRatisUtils (OzoneManagerRatisUtils.java:getOMRatisSnapshotDirectory(431)) - ozone.om.ratis.snapshot.dir is not configured. Falling back to ozone.metadata.dirs config
2023-01-31 15:00:07,441 [Listener at 127.0.0.1/46373] INFO  snapshot.OzoneManagerSnapshotProvider (OzoneManagerSnapshotProvider.java:<init>(76)) - Initializing OM Snapshot Provider
2023-01-31 15:00:07,442 [Listener at 127.0.0.1/46373] WARN  impl.MetricRegistriesImpl (MetricRegistriesImpl.java:addReporterRegistration(111)) - New reporters are added after registries were created. Some metrics will be missing from the reporter. Please add reporter before adding any new registry.
2023-01-31 15:00:07,443 [Listener at 127.0.0.1/46373] WARN  impl.MetricRegistriesImpl (MetricRegistriesImpl.java:addReporterRegistration(111)) - New reporters are added after registries were created. Some metrics will be missing from the reporter. Please add reporter before adding any new registry.
2023-01-31 15:00:07,443 [Listener at 127.0.0.1/46373] WARN  server.ServerUtils (ServerUtils.java:getDefaultRatisDirectory(237)) - Storage directory for Ratis is not configured. It is a good idea to map this to an SSD disk. Falling back to ozone.metadata.dirs
2023-01-31 15:00:07,447 [Listener at 127.0.0.1/46373] INFO  ratis.OzoneManagerRatisServer (OzoneManagerRatisServer.java:<init>(160)) - Instantiating OM Ratis server with groupID: 007812eb-fddc-4a7f-94a6-9f21a9b68fe1 and peers: localhost:40521, localhost:35329, localhost:46567
2023-01-31 15:00:07,447 [Listener at 127.0.0.1/46373] INFO  ratis.OzoneManagerStateMachine (OzoneManagerStateMachine.java:loadSnapshotInfoFromDB(636)) - LastAppliedIndex is set from TransactionInfo from OM DB as (t:0, i:~)
2023-01-31 15:00:07,456 [Listener at 127.0.0.1/46373] INFO  server.RaftServer (ConfUtils.java:logGet(46)) - raft.rpc.type = GRPC (default)
2023-01-31 15:00:07,457 [Listener at 127.0.0.1/46373] INFO  grpc.GrpcConfigKeys (ConfUtils.java:logFallback(53)) - raft.grpc.admin.host = null (fallback to raft.grpc.server.host)
2023-01-31 15:00:07,457 [Listener at 127.0.0.1/46373] INFO  grpc.GrpcConfigKeys (ConfUtils.java:logFallback(53)) - raft.grpc.admin.port = 40521 (fallback to raft.grpc.server.port)
2023-01-31 15:00:07,457 [Listener at 127.0.0.1/46373] INFO  grpc.GrpcConfigKeys (ConfUtils.java:logFallback(53)) - raft.grpc.client.host = null (fallback to raft.grpc.server.host)
2023-01-31 15:00:07,457 [Listener at 127.0.0.1/46373] INFO  grpc.GrpcConfigKeys (ConfUtils.java:logFallback(53)) - raft.grpc.client.port = 40521 (fallback to raft.grpc.server.port)
2023-01-31 15:00:07,457 [Listener at 127.0.0.1/46373] INFO  grpc.GrpcConfigKeys (ConfUtils.java:logGet(46)) - raft.grpc.server.host = null (default)
2023-01-31 15:00:07,457 [Listener at 127.0.0.1/46373] INFO  grpc.GrpcConfigKeys (ConfUtils.java:logGet(46)) - raft.grpc.server.port = 40521 (custom)
2023-01-31 15:00:07,457 [Listener at 127.0.0.1/46373] INFO  server.GrpcService (ConfUtils.java:logGet(46)) - raft.grpc.message.size.max = 33554432 (custom)
2023-01-31 15:00:07,458 [Listener at 127.0.0.1/46373] INFO  server.RaftServerConfigKeys (ConfUtils.java:logGet(46)) - raft.server.log.appender.buffer.byte-limit = 33554432 (custom)
2023-01-31 15:00:07,458 [Listener at 127.0.0.1/46373] INFO  server.GrpcService (ConfUtils.java:logGet(46)) - raft.grpc.flow.control.window = 1MB (=1048576) (default)
2023-01-31 15:00:07,458 [Listener at 127.0.0.1/46373] INFO  server.RaftServerConfigKeys (ConfUtils.java:logGet(46)) - raft.server.rpc.request.timeout = 3000ms (default)
2023-01-31 15:00:07,458 [Listener at 127.0.0.1/46373] INFO  grpc.GrpcConfigKeys (ConfUtils.java:logGet(46)) - raft.grpc.server.heartbeat.channel = true (default)
2023-01-31 15:00:07,458 [Listener at 127.0.0.1/46373] INFO  grpc.GrpcConfigKeys (ConfUtils.java:logGet(46)) - raft.grpc.server.async.request.thread.pool.cached = true (default)
2023-01-31 15:00:07,458 [Listener at 127.0.0.1/46373] INFO  grpc.GrpcConfigKeys (ConfUtils.java:logGet(46)) - raft.grpc.server.async.request.thread.pool.size = 32 (default)
2023-01-31 15:00:07,460 [Listener at 127.0.0.1/46373] INFO  impl.DataStreamServerImpl (ConfUtils.java:logGet(46)) - raft.datastream.type = NETTY (custom)
2023-01-31 15:00:07,460 [Listener at 127.0.0.1/46373] INFO  server.RaftServerConfigKeys (ConfUtils.java:logGet(46)) - raft.server.data-stream.async.request.thread.pool.cached = false (default)
2023-01-31 15:00:07,460 [Listener at 127.0.0.1/46373] INFO  server.RaftServerConfigKeys (ConfUtils.java:logGet(46)) - raft.server.data-stream.async.request.thread.pool.size = 32 (default)
2023-01-31 15:00:07,461 [Listener at 127.0.0.1/46373] INFO  server.RaftServerConfigKeys (ConfUtils.java:logGet(46)) - raft.server.data-stream.async.write.thread.pool.size = 16 (default)
2023-01-31 15:00:07,461 [Listener at 127.0.0.1/46373] INFO  server.RaftServerConfigKeys (ConfUtils.java:logGet(46)) - raft.server.data-stream.client.pool.size = 10 (default)
2023-01-31 15:00:07,461 [Listener at 127.0.0.1/46373] INFO  netty.NettyConfigKeys$DataStream (ConfUtils.java:logGet(46)) - raft.netty.dataStream.server.use-epoll = false (default)
2023-01-31 15:00:07,461 [Listener at 127.0.0.1/46373] INFO  netty.NettyConfigKeys$DataStream (ConfUtils.java:logGet(46)) - raft.netty.dataStream.server.boss-group.size = 0 (default)
2023-01-31 15:00:07,462 [Listener at 127.0.0.1/46373] INFO  netty.NettyConfigKeys$DataStream (ConfUtils.java:logGet(46)) - raft.netty.dataStream.server.worker-group.size = 0 (default)
2023-01-31 15:00:07,462 [Listener at 127.0.0.1/46373] INFO  netty.NettyConfigKeys$DataStream (ConfUtils.java:logGet(46)) - raft.netty.dataStream.server.tls.conf = null (default)
2023-01-31 15:00:07,462 [Listener at 127.0.0.1/46373] INFO  netty.NettyConfigKeys$DataStream (ConfUtils.java:logGet(46)) - raft.netty.dataStream.host = null (default)
2023-01-31 15:00:07,462 [Listener at 127.0.0.1/46373] INFO  netty.NettyConfigKeys$DataStream (ConfUtils.java:logGet(46)) - raft.netty.dataStream.port = 0 (default)
2023-01-31 15:00:07,463 [Listener at 127.0.0.1/46373] INFO  server.RaftServerConfigKeys (ConfUtils.java:logGet(46)) - raft.server.threadpool.proxy.cached = true (default)
2023-01-31 15:00:07,463 [Listener at 127.0.0.1/46373] INFO  server.RaftServerConfigKeys (ConfUtils.java:logGet(46)) - raft.server.threadpool.proxy.size = 0 (default)
2023-01-31 15:00:07,463 [Listener at 127.0.0.1/46373] INFO  server.RaftServerConfigKeys (ConfUtils.java:logGet(46)) - raft.server.rpc.slowness.timeout = 2s (custom)
2023-01-31 15:00:07,463 [Listener at 127.0.0.1/46373] INFO  server.RaftServerConfigKeys (ConfUtils.java:logGet(46)) - raft.server.leaderelection.leader.step-down.wait-time = 10s (default)
2023-01-31 15:00:07,464 [Listener at 127.0.0.1/46373] INFO  server.RaftServerConfigKeys (ConfUtils.java:logGet(46)) - raft.server.storage.dir = [/home/runner/work/ozone/ozone/hadoop-ozone/integration-test/target/test-dir/MiniOzoneClusterImpl-7bcd778c-f292-43e0-bfc8-ce03b293149c/omNode-2/ratis] (custom)
2023-01-31 15:00:07,464 [omNode-2-NettyServerStreamRpc-bossGroup--thread1] INFO  logging.LoggingHandler (AbstractInternalLogger.java:log(148)) - [id: 0x635b4588] REGISTERED
2023-01-31 15:00:07,464 [omNode-2-NettyServerStreamRpc-bossGroup--thread1] INFO  logging.LoggingHandler (AbstractInternalLogger.java:log(148)) - [id: 0x635b4588] BIND: 0.0.0.0/0.0.0.0:0
2023-01-31 15:00:07,465 [omNode-2-NettyServerStreamRpc-bossGroup--thread1] INFO  logging.LoggingHandler (AbstractInternalLogger.java:log(148)) - [id: 0x635b4588, L:/0:0:0:0:0:0:0:0:46159] ACTIVE
2023-01-31 15:00:07,465 [Listener at 127.0.0.1/46373] INFO  server.RaftServer (RaftServerProxy.java:addNew(96)) - omNode-2: addNew group-D486FDE03864:[omNode-3|rpc:localhost:35329|priority:0|startupRole:FOLLOWER, omNode-1|rpc:localhost:46567|priority:0|startupRole:FOLLOWER, omNode-2|rpc:localhost:40521|priority:0|startupRole:FOLLOWER] returns group-D486FDE03864:java.util.concurrent.CompletableFuture@53e380c4[Not completed]
2023-01-31 15:00:07,465 [Listener at 127.0.0.1/46373] INFO  om.OzoneManager (OzoneManager.java:initializeRatisServer(2012)) - OzoneManager Ratis server initialized at port 40521
2023-01-31 15:00:07,467 [Listener at 127.0.0.1/46373] INFO  om.OzoneManager (OzoneManager.java:getRpcServer(1135)) - Creating RPC Server
2023-01-31 15:00:07,469 [pool-214-thread-1] INFO  server.RaftServer$Division (RaftServerImpl.java:<init>(195)) - omNode-2: new RaftServerImpl for group-D486FDE03864:[omNode-3|rpc:localhost:35329|priority:0|startupRole:FOLLOWER, omNode-1|rpc:localhost:46567|priority:0|startupRole:FOLLOWER, omNode-2|rpc:localhost:40521|priority:0|startupRole:FOLLOWER] with OzoneManagerStateMachine:uninitialized
2023-01-31 15:00:07,469 [pool-214-thread-1] INFO  server.RaftServerConfigKeys (ConfUtils.java:logGet(46)) - raft.server.rpc.timeout.min = 1s (custom)
2023-01-31 15:00:07,469 [pool-214-thread-1] INFO  server.RaftServerConfigKeys (ConfUtils.java:logGet(46)) - raft.server.rpc.timeout.max = 1200ms (custom)
2023-01-31 15:00:07,469 [pool-214-thread-1] INFO  server.RaftServerConfigKeys (ConfUtils.java:logGet(46)) - raft.server.rpc.sleep.time = 25ms (default)
2023-01-31 15:00:07,469 [pool-214-thread-1] INFO  server.RaftServerConfigKeys (ConfUtils.java:logGet(46)) - raft.server.rpc.slowness.timeout = 2s (custom)
2023-01-31 15:00:07,469 [pool-214-thread-1] INFO  server.RaftServerConfigKeys (ConfUtils.java:logGet(46)) - raft.server.leaderelection.leader.step-down.wait-time = 10s (default)
2023-01-31 15:00:07,469 [pool-214-thread-1] INFO  server.RaftServerConfigKeys (ConfUtils.java:logGet(46)) - raft.server.sleep.deviation.threshold = 300ms (default)
2023-01-31 15:00:07,469 [pool-214-thread-1] INFO  server.RaftServer$Division (ServerState.java:<init>(118)) - omNode-2@group-D486FDE03864: ConfigurationManager, init=-1: peers:[omNode-3|rpc:localhost:35329|priority:0|startupRole:FOLLOWER, omNode-1|rpc:localhost:46567|priority:0|startupRole:FOLLOWER, omNode-2|rpc:localhost:40521|priority:0|startupRole:FOLLOWER]|listeners:[], old=null, confs=<EMPTY_MAP>
2023-01-31 15:00:07,470 [pool-214-thread-1] INFO  server.RaftServerConfigKeys (ConfUtils.java:logGet(46)) - raft.server.storage.dir = [/home/runner/work/ozone/ozone/hadoop-ozone/integration-test/target/test-dir/MiniOzoneClusterImpl-7bcd778c-f292-43e0-bfc8-ce03b293149c/omNode-2/ratis] (custom)
2023-01-31 15:00:07,470 [pool-214-thread-1] INFO  server.RaftServerConfigKeys (ConfUtils.java:logGet(46)) - raft.server.log.corruption.policy = EXCEPTION (default)
2023-01-31 15:00:07,470 [pool-214-thread-1] INFO  server.RaftServerConfigKeys (ConfUtils.java:logGet(46)) - raft.server.storage.free-space.min = 0MB (=0) (default)
2023-01-31 15:00:07,470 [pool-214-thread-1] INFO  server.RaftServerConfigKeys (ConfUtils.java:logGet(46)) - raft.server.notification.no-leader.timeout = 2s (custom)
2023-01-31 15:00:07,470 [pool-214-thread-1] INFO  server.RaftServerConfigKeys (ConfUtils.java:logGet(46)) - raft.server.retrycache.expirytime = 300s (custom)
2023-01-31 15:00:07,470 [pool-214-thread-1] INFO  server.RaftServerConfigKeys (ConfUtils.java:logGet(46)) - raft.server.retrycache.statistics.expirytime = 100μs (default)
2023-01-31 15:00:07,471 [pool-214-thread-1] INFO  server.RaftServerConfigKeys (ConfUtils.java:logGet(46)) - raft.server.log.appender.install.snapshot.enabled = false (custom)
2023-01-31 15:00:07,471 [pool-214-thread-1] INFO  server.RaftServerConfigKeys (ConfUtils.java:logGet(46)) - raft.server.threadpool.server.cached = true (default)
2023-01-31 15:00:07,472 [pool-214-thread-1] INFO  server.RaftServerConfigKeys (ConfUtils.java:logGet(46)) - raft.server.threadpool.server.size = 0 (default)
2023-01-31 15:00:07,472 [pool-214-thread-1] INFO  server.RaftServerConfigKeys (ConfUtils.java:logGet(46)) - raft.server.threadpool.client.cached = true (default)
2023-01-31 15:00:07,472 [pool-214-thread-1] INFO  server.RaftServerConfigKeys (ConfUtils.java:logGet(46)) - raft.server.threadpool.client.size = 0 (default)
2023-01-31 15:00:07,866 [Listener at 127.0.0.1/46373] INFO  reflections.Reflections (Reflections.java:scan(232)) - Reflections took 398 ms to scan 19 urls, producing 67 keys and 4594 values [using 2 cores]
2023-01-31 15:00:07,868 [Listener at 127.0.0.1/46373] INFO  ipc.CallQueueManager (CallQueueManager.java:<init>(90)) - Using callQueue: class java.util.concurrent.LinkedBlockingQueue, queueCapacity: 2000, scheduler: class org.apache.hadoop.ipc.DefaultRpcScheduler, ipcBackoff: false.
2023-01-31 15:00:07,868 [Listener at 127.0.0.1/46373] INFO  om.OzoneManager (OzoneManager.java:stop(2071)) - omNode-1[localhost:46373]: Stopping Ozone Manager
2023-01-31 15:00:07,871 [Listener at 127.0.0.1/46373] INFO  ipc.Server (Server.java:stop(3428)) - Stopping server on 46373
2023-01-31 15:00:07,876 [IPC Server listener on 46373] INFO  ipc.Server (Server.java:run(1384)) - Stopping IPC Server listener on 46373
2023-01-31 15:00:07,880 [IPC Server Responder] INFO  ipc.Server (Server.java:run(1517)) - Stopping IPC Server Responder
2023-01-31 15:00:07,880 [Listener at 127.0.0.1/46373] INFO  server.RaftServer (RaftServerProxy.java:lambda$close$6(409)) - omNode-1: close
2023-01-31 15:00:07,880 [omNode-1-impl-thread1] INFO  server.RaftServer$Division (RaftServerImpl.java:lambda$close$4(458)) - omNode-1@group-D486FDE03864: shutdown
2023-01-31 15:00:07,880 [Listener at 127.0.0.1/46373] INFO  server.GrpcService (GrpcService.java:closeImpl(271)) - omNode-1: shutdown server GrpcServerProtocolService now
2023-01-31 15:00:07,880 [omNode-1-impl-thread1] INFO  util.JmxRegister (JmxRegister.java:unregister(73)) - Successfully un-registered JMX Bean with object name Ratis:service=RaftServer,group=group-D486FDE03864,id=omNode-1
2023-01-31 15:00:07,881 [omNode-1-impl-thread1] INFO  impl.RoleInfo (RoleInfo.java:shutdownFollowerState(110)) - omNode-1: shutdown omNode-1@group-D486FDE03864-FollowerState
2023-01-31 15:00:07,881 [omNode-1-impl-thread1] INFO  impl.StateMachineUpdater (StateMachineUpdater.java:stopAndJoin(153)) - omNode-1@group-D486FDE03864-StateMachineUpdater: set stopIndex = -1
2023-01-31 15:00:07,881 [omNode-1@group-D486FDE03864-FollowerState] INFO  impl.FollowerState (FollowerState.java:run(152)) - omNode-1@group-D486FDE03864-FollowerState was interrupted
2023-01-31 15:00:07,881 [omNode-1@group-D486FDE03864-StateMachineUpdater] INFO  ratis.OzoneManagerStateMachine (OzoneManagerStateMachine.java:close(499)) - StateMachine has shutdown. Shutdown OzoneManager if not already shutdown.
2023-01-31 15:00:07,883 [omNode-1@group-D486FDE03864-StateMachineUpdater] INFO  ratis.OzoneManagerDoubleBuffer (OzoneManagerDoubleBuffer.java:stop(467)) - Stopping OMDoubleBuffer flush thread
2023-01-31 15:00:07,883 [OMDoubleBufferFlushThread] INFO  ratis.OzoneManagerDoubleBuffer (OzoneManagerDoubleBuffer.java:flushTransactions(388)) - OMDoubleBuffer flush thread OMDoubleBufferFlushThread is interrupted and will exit.
2023-01-31 15:00:07,890 [omNode-1-impl-thread1] INFO  server.RaftServer$Division (ServerState.java:close(466)) - omNode-1@group-D486FDE03864: closes. applyIndex: -1
2023-01-31 15:00:07,890 [omNode-1@group-D486FDE03864-SegmentedRaftLogWorker] INFO  segmented.SegmentedRaftLogWorker (SegmentedRaftLogWorker.java:run(347)) - omNode-1@group-D486FDE03864-SegmentedRaftLogWorker was interrupted, exiting. There are 0 tasks remaining in the queue.
2023-01-31 15:00:07,890 [omNode-1-impl-thread1] INFO  segmented.SegmentedRaftLogWorker (SegmentedRaftLogWorker.java:close(257)) - omNode-1@group-D486FDE03864-SegmentedRaftLogWorker close()
2023-01-31 15:00:07,899 [Listener at 127.0.0.1/46373] INFO  server.GrpcService (GrpcService.java:closeImpl(280)) - omNode-1: shutdown server GrpcServerProtocolService successfully
2023-01-31 15:00:07,899 [omNode-1-NettyServerStreamRpc-bossGroup--thread1] INFO  logging.LoggingHandler (AbstractInternalLogger.java:log(148)) - [id: 0xd6bd18b2, L:/0:0:0:0:0:0:0:0:38285] CLOSE
2023-01-31 15:00:07,899 [omNode-1-NettyServerStreamRpc-bossGroup--thread1] INFO  logging.LoggingHandler (AbstractInternalLogger.java:log(148)) - [id: 0xd6bd18b2, L:/0:0:0:0:0:0:0:0:38285] INACTIVE
2023-01-31 15:00:07,899 [omNode-1-NettyServerStreamRpc-bossGroup--thread1] INFO  logging.LoggingHandler (AbstractInternalLogger.java:log(148)) - [id: 0xd6bd18b2, L:/0:0:0:0:0:0:0:0:38285] UNREGISTERED
2023-01-31 15:00:07,913 [JvmPauseMonitor4] INFO  util.JvmPauseMonitor (JvmPauseMonitor.java:run(111)) - JvmPauseMonitor-omNode-1: Stopped
2023-01-31 15:00:07,913 [Listener at 127.0.0.1/46373] INFO  ratis.OzoneManagerStateMachine (OzoneManagerStateMachine.java:close(499)) - StateMachine has shutdown. Shutdown OzoneManager if not already shutdown.
2023-01-31 15:00:07,914 [Listener at 127.0.0.1/46373] INFO  ratis.OzoneManagerDoubleBuffer (OzoneManagerDoubleBuffer.java:stop(479)) - OMDoubleBuffer flush thread is not running.
2023-01-31 15:00:07,914 [Listener at 127.0.0.1/46373] INFO  utils.BackgroundService (BackgroundService.java:shutdown(141)) - Shutting down service KeyDeletingService
2023-01-31 15:00:07,914 [Listener at 127.0.0.1/46373] INFO  utils.BackgroundService (BackgroundService.java:shutdown(141)) - Shutting down service DirectoryDeletingService
2023-01-31 15:00:07,914 [Listener at 127.0.0.1/46373] INFO  utils.BackgroundService (BackgroundService.java:shutdown(141)) - Shutting down service OpenKeyCleanupService
2023-01-31 15:00:07,916 [Listener at 127.0.0.1/46373] INFO  handler.ContextHandler (ContextHandler.java:doStop(1159)) - Stopped o.e.j.w.WebAppContext@765f0db7{ozoneManager,/,null,STOPPED}{file:/home/runner/work/ozone/ozone/hadoop-ozone/integration-test/target/test-classes/webapps/ozoneManager}
2023-01-31 15:00:07,916 [Listener at 127.0.0.1/46373] INFO  server.AbstractConnector (AbstractConnector.java:doStop(383)) - Stopped ServerConnector@6fefe0a9{HTTP/1.1, (http/1.1)}{0.0.0.0:39777}
2023-01-31 15:00:07,916 [Listener at 127.0.0.1/46373] INFO  server.session (HouseKeeper.java:stopScavenging(149)) - node0 Stopped scavenging
2023-01-31 15:00:07,917 [Listener at 127.0.0.1/46373] INFO  handler.ContextHandler (ContextHandler.java:doStop(1159)) - Stopped o.e.j.s.ServletContextHandler@740816ae{static,/static,file:///home/runner/work/ozone/ozone/hadoop-ozone/integration-test/target/test-classes/webapps/static,STOPPED}
2023-01-31 15:00:07,917 [Listener at 127.0.0.1/46373] INFO  handler.ContextHandler (ContextHandler.java:doStop(1159)) - Stopped o.e.j.s.ServletContextHandler@44f3809c{logs,/logs,file:///home/runner/work/ozone/ozone/hadoop-ozone/integration-test/target/log,STOPPED}
2023-01-31 15:00:07,920 [Listener at 127.0.0.1/46373] INFO  ozone.MiniOzoneHAClusterImpl (MiniOzoneHAClusterImpl.java:createOMService(541)) - Stopping OzoneManager server at localhost/127.0.0.1:46373
2023-01-31 15:00:07,921 [Listener at 127.0.0.1/46373] INFO  ozone.MiniOzoneHAClusterImpl (MiniOzoneHAClusterImpl.java:createOMService(546)) - MiniOzoneHACluster port conflicts, retried 1 times
java.net.BindException: Problem binding to [localhost:38285] java.net.BindException: Address already in use; For more details see:  http://wiki.apache.org/hadoop/BindException
	at sun.reflect.NativeConstructorAccessorImpl.newInstance0(Native Method)
	at sun.reflect.NativeConstructorAccessorImpl.newInstance(NativeConstructorAccessorImpl.java:62)
	at sun.reflect.DelegatingConstructorAccessorImpl.newInstance(DelegatingConstructorAccessorImpl.java:45)
	at java.lang.reflect.Constructor.newInstance(Constructor.java:423)
	at org.apache.hadoop.net.NetUtils.wrapWithMessage(NetUtils.java:913)
	at org.apache.hadoop.net.NetUtils.wrapException(NetUtils.java:809)
	at org.apache.hadoop.ipc.Server.bind(Server.java:648)
	at org.apache.hadoop.ipc.Server$Listener.<init>(Server.java:1233)
	at org.apache.hadoop.ipc.Server.<init>(Server.java:3127)
	at org.apache.hadoop.ipc.RPC$Server.<init>(RPC.java:1062)
	at org.apache.hadoop.ipc.ProtobufRpcEngine2$Server.<init>(ProtobufRpcEngine2.java:468)
	at org.apache.hadoop.ipc.ProtobufRpcEngine$Server.<init>(ProtobufRpcEngine.java:433)
	at org.apache.hadoop.ipc.ProtobufRpcEngine.getServer(ProtobufRpcEngine.java:360)
	at org.apache.hadoop.ipc.RPC$Builder.build(RPC.java:853)
	at org.apache.hadoop.ozone.om.OzoneManager.startRpcServer(OzoneManager.java:1199)
	at org.apache.hadoop.ozone.om.OzoneManager.getRpcServer(OzoneManager.java:1169)
	at org.apache.hadoop.ozone.om.OzoneManager.<init>(OzoneManager.java:629)
	at org.apache.hadoop.ozone.om.OzoneManager.createOm(OzoneManager.java:693)
	at org.apache.hadoop.ozone.MiniOzoneHAClusterImpl$Builder.createOMService(MiniOzoneHAClusterImpl.java:518)
	at org.apache.hadoop.ozone.MiniOzoneHAClusterImpl$Builder.build(MiniOzoneHAClusterImpl.java:426)
	at org.apache.hadoop.ozone.om.TestOMUpgradeFinalization.setup(TestOMUpgradeFinalization.java:109)
	at sun.reflect.NativeMethodAccessorImpl.invoke0(Native Method)
	at sun.reflect.NativeMethodAccessorImpl.invoke(NativeMethodAccessorImpl.java:62)
	at sun.reflect.DelegatingMethodAccessorImpl.invoke(DelegatingMethodAccessorImpl.java:43)
	at java.lang.reflect.Method.invoke(Method.java:498)
	at org.junit.runners.model.FrameworkMethod$1.runReflectiveCall(FrameworkMethod.java:59)
	at org.junit.internal.runners.model.ReflectiveCallable.run(ReflectiveCallable.java:12)
	at org.junit.runners.model.FrameworkMethod.invokeExplosively(FrameworkMethod.java:56)
	at org.junit.internal.runners.statements.RunBefores.invokeMethod(RunBefores.java:33)
	at org.junit.internal.runners.statements.RunBefores.evaluate(RunBefores.java:24)
	at org.junit.internal.runners.statements.RunAfters.evaluate(RunAfters.java:27)
	at org.junit.internal.runners.statements.FailOnTimeout$CallableStatement.call(FailOnTimeout.java:288)
	at org.junit.internal.runners.statements.FailOnTimeout$CallableStatement.call(FailOnTimeout.java:282)
	at java.util.concurrent.FutureTask.run(FutureTask.java:266)
	at java.lang.Thread.run(Thread.java:750)
Caused by: java.net.BindException: Address already in use
	at sun.nio.ch.Net.bind0(Native Method)
	at sun.nio.ch.Net.bind(Net.java:461)
	at sun.nio.ch.Net.bind(Net.java:453)
	at sun.nio.ch.ServerSocketChannelImpl.bind(ServerSocketChannelImpl.java:222)
	at sun.nio.ch.ServerSocketAdaptor.bind(ServerSocketAdaptor.java:85)
	at org.apache.hadoop.ipc.Server.bind(Server.java:631)
	... 28 more
2023-01-31 15:00:07,924 [Listener at 127.0.0.1/46373] INFO  ha.OMHANodeDetails (OMHANodeDetails.java:loadOMHAConfig(121)) - ServiceID for OzoneManager is 007812eb-fddc-4a7f-94a6-9f21a9b68fe1
2023-01-31 15:00:07,925 [Listener at 127.0.0.1/46373] INFO  ha.OMHANodeDetails (OMHANodeDetails.java:loadOMHAConfig(201)) - Found matching OM address with OMServiceId: 007812eb-fddc-4a7f-94a6-9f21a9b68fe1, OMNodeId: omNode-1, RPC Address: localhost:44031 and Ratis port: 43429
2023-01-31 15:00:07,925 [Listener at 127.0.0.1/46373] INFO  ha.OMHANodeDetails (ConfUtils.java:setNodeSpecificConfigs(97)) - Setting configuration key ozone.om.http-address with value of key ozone.om.http-address.007812eb-fddc-4a7f-94a6-9f21a9b68fe1.omNode-1: 127.0.0.1:33631
2023-01-31 15:00:07,925 [Listener at 127.0.0.1/46373] INFO  ha.OMHANodeDetails (ConfUtils.java:setNodeSpecificConfigs(97)) - Setting configuration key ozone.om.https-address with value of key ozone.om.https-address.007812eb-fddc-4a7f-94a6-9f21a9b68fe1.omNode-1: 127.0.0.1:42337
2023-01-31 15:00:07,925 [Listener at 127.0.0.1/46373] INFO  ha.OMHANodeDetails (ConfUtils.java:setNodeSpecificConfigs(97)) - Setting configuration key ozone.om.address with value of key ozone.om.address.007812eb-fddc-4a7f-94a6-9f21a9b68fe1.omNode-1: 127.0.0.1:44031
2023-01-31 15:00:07,925 [Listener at 127.0.0.1/46373] WARN  server.ServerUtils (ServerUtils.java:getDBPath(225)) - ozone.om.db.dirs is not configured. We recommend adding this setting. Falling back to ozone.metadata.dirs instead.
2023-01-31 15:00:07,927 [Listener at 127.0.0.1/46373] INFO  proxy.SCMBlockLocationFailoverProxyProvider (SCMBlockLocationFailoverProxyProvider.java:<init>(114)) - Created block location fail-over proxy with 1 nodes: [nodeId=scmNodeId,nodeAddress=/0.0.0.0:44081]
OM already initialized.Reusing existing cluster id for sd=/home/runner/work/ozone/ozone/hadoop-ozone/integration-test/target/test-dir/MiniOzoneClusterImpl-7bcd778c-f292-43e0-bfc8-ce03b293149c/omNode-1/om;cid=7bcd778c-f292-43e0-bfc8-ce03b293149c;layoutVersion=0
2023-01-31 15:00:07,936 [Listener at 127.0.0.1/46373] INFO  ha.OMHANodeDetails (OMHANodeDetails.java:loadOMHAConfig(121)) - ServiceID for OzoneManager is 007812eb-fddc-4a7f-94a6-9f21a9b68fe1
2023-01-31 15:00:07,937 [Listener at 127.0.0.1/46373] INFO  ha.OMHANodeDetails (OMHANodeDetails.java:loadOMHAConfig(201)) - Found matching OM address with OMServiceId: 007812eb-fddc-4a7f-94a6-9f21a9b68fe1, OMNodeId: omNode-1, RPC Address: localhost:44031 and Ratis port: 43429
2023-01-31 15:00:07,938 [Listener at 127.0.0.1/46373] INFO  ha.OMHANodeDetails (ConfUtils.java:setNodeSpecificConfigs(97)) - Setting configuration key ozone.om.http-address with value of key ozone.om.http-address.007812eb-fddc-4a7f-94a6-9f21a9b68fe1.omNode-1: 127.0.0.1:33631
2023-01-31 15:00:07,938 [Listener at 127.0.0.1/46373] INFO  ha.OMHANodeDetails (ConfUtils.java:setNodeSpecificConfigs(97)) - Setting configuration key ozone.om.https-address with value of key ozone.om.https-address.007812eb-fddc-4a7f-94a6-9f21a9b68fe1.omNode-1: 127.0.0.1:42337
2023-01-31 15:00:07,938 [Listener at 127.0.0.1/46373] INFO  ha.OMHANodeDetails (ConfUtils.java:setNodeSpecificConfigs(97)) - Setting configuration key ozone.om.address with value of key ozone.om.address.007812eb-fddc-4a7f-94a6-9f21a9b68fe1.omNode-1: 127.0.0.1:44031
2023-01-31 15:00:07,938 [Listener at 127.0.0.1/46373] WARN  server.ServerUtils (ServerUtils.java:getDBPath(225)) - ozone.om.db.dirs is not configured. We recommend adding this setting. Falling back to ozone.metadata.dirs instead.
2023-01-31 15:00:07,942 [Listener at 127.0.0.1/46373] INFO  upgrade.AbstractLayoutVersionManager (AbstractLayoutVersionManager.java:init(83)) - Initializing Layout version manager with metadata layout = INITIAL_VERSION (version = 0), software layout = MULTITENANCY_SCHEMA (version = 3)
2023-01-31 15:00:08,021 [Listener at 127.0.0.1/46373] INFO  reflections.Reflections (Reflections.java:scan(232)) - Reflections took 78 ms to scan 2 urls, producing 155 keys and 428 values [using 2 cores]
2023-01-31 15:00:08,021 [Listener at 127.0.0.1/46373] INFO  upgrade.OMLayoutVersionManager (OMLayoutVersionManager.java:lambda$0(115)) - Skipping Upgrade Action MockOmUpgradeAction since it has been finalized.
2023-01-31 15:00:08,022 [Listener at 127.0.0.1/46373] WARN  server.ServerUtils (ServerUtils.java:getDBPath(225)) - ozone.om.db.dirs is not configured. We recommend adding this setting. Falling back to ozone.metadata.dirs instead.
2023-01-31 15:00:08,022 [Listener at 127.0.0.1/46373] WARN  om.OzoneManager (OzoneManager.java:<init>(527)) - ozone.default.bucket.layout configured to non-legacy bucket layout FILE_SYSTEM_OPTIMIZED when Ozone Manager is pre-finalized for bucket layout support. Legacy buckets will be created by default until Ozone Manager is finalized.
2023-01-31 15:00:08,023 [Listener at 127.0.0.1/46373] INFO  proxy.SCMBlockLocationFailoverProxyProvider (SCMBlockLocationFailoverProxyProvider.java:<init>(114)) - Created block location fail-over proxy with 1 nodes: [nodeId=scmNodeId,nodeAddress=/0.0.0.0:44081]
2023-01-31 15:00:08,026 [Listener at 127.0.0.1/46373] INFO  proxy.SCMBlockLocationFailoverProxyProvider (SCMBlockLocationFailoverProxyProvider.java:<init>(114)) - Created block location fail-over proxy with 1 nodes: [nodeId=scmNodeId,nodeAddress=/0.0.0.0:44081]
2023-01-31 15:00:08,032 [Listener at 127.0.0.1/46373] WARN  server.ServerUtils (ServerUtils.java:getDBPath(225)) - ozone.om.db.dirs is not configured. We recommend adding this setting. Falling back to ozone.metadata.dirs instead.
2023-01-31 15:00:08,033 [Listener at 127.0.0.1/46373] INFO  codec.OmKeyInfoCodec (OmKeyInfoCodec.java:<init>(49)) - OmKeyInfoCodec ignorePipeline = true
2023-01-31 15:00:08,033 [Listener at 127.0.0.1/46373] INFO  codec.RepeatedOmKeyInfoCodec (RepeatedOmKeyInfoCodec.java:<init>(41)) - RepeatedOmKeyInfoCodec ignorePipeline = true
2023-01-31 15:00:08,108 [Listener at 127.0.0.1/46373] INFO  om.OzoneManager (OzoneManager.java:instantiateServices(728)) - S3 Multi-Tenancy is disabled
2023-01-31 15:00:08,108 [Listener at 127.0.0.1/46373] WARN  server.ServerUtils (ServerUtils.java:getDefaultRatisDirectory(237)) - Storage directory for Ratis is not configured. It is a good idea to map this to an SSD disk. Falling back to ozone.metadata.dirs
2023-01-31 15:00:08,109 [Listener at 127.0.0.1/46373] WARN  utils.OzoneManagerRatisUtils (OzoneManagerRatisUtils.java:getOMRatisSnapshotDirectory(431)) - ozone.om.ratis.snapshot.dir is not configured. Falling back to ozone.metadata.dirs config
2023-01-31 15:00:08,109 [Listener at 127.0.0.1/46373] INFO  snapshot.OzoneManagerSnapshotProvider (OzoneManagerSnapshotProvider.java:<init>(76)) - Initializing OM Snapshot Provider
2023-01-31 15:00:08,111 [Listener at 127.0.0.1/46373] WARN  server.ServerUtils (ServerUtils.java:getDefaultRatisDirectory(237)) - Storage directory for Ratis is not configured. It is a good idea to map this to an SSD disk. Falling back to ozone.metadata.dirs
2023-01-31 15:00:08,112 [Listener at 127.0.0.1/46373] INFO  ratis.OzoneManagerRatisServer (OzoneManagerRatisServer.java:<init>(160)) - Instantiating OM Ratis server with groupID: 007812eb-fddc-4a7f-94a6-9f21a9b68fe1 and peers: localhost:43429, localhost:36309, localhost:40963
2023-01-31 15:00:08,112 [Listener at 127.0.0.1/46373] INFO  ratis.OzoneManagerStateMachine (OzoneManagerStateMachine.java:loadSnapshotInfoFromDB(636)) - LastAppliedIndex is set from TransactionInfo from OM DB as (t:0, i:~)
2023-01-31 15:00:08,113 [Listener at 127.0.0.1/46373] INFO  server.RaftServer (ConfUtils.java:logGet(46)) - raft.rpc.type = GRPC (default)
2023-01-31 15:00:08,113 [Listener at 127.0.0.1/46373] INFO  grpc.GrpcConfigKeys (ConfUtils.java:logFallback(53)) - raft.grpc.admin.host = null (fallback to raft.grpc.server.host)
2023-01-31 15:00:08,113 [Listener at 127.0.0.1/46373] INFO  grpc.GrpcConfigKeys (ConfUtils.java:logFallback(53)) - raft.grpc.admin.port = 43429 (fallback to raft.grpc.server.port)
2023-01-31 15:00:08,113 [Listener at 127.0.0.1/46373] INFO  grpc.GrpcConfigKeys (ConfUtils.java:logFallback(53)) - raft.grpc.client.host = null (fallback to raft.grpc.server.host)
2023-01-31 15:00:08,113 [Listener at 127.0.0.1/46373] INFO  grpc.GrpcConfigKeys (ConfUtils.java:logFallback(53)) - raft.grpc.client.port = 43429 (fallback to raft.grpc.server.port)
2023-01-31 15:00:08,114 [Listener at 127.0.0.1/46373] INFO  grpc.GrpcConfigKeys (ConfUtils.java:logGet(46)) - raft.grpc.server.host = null (default)
2023-01-31 15:00:08,114 [Listener at 127.0.0.1/46373] INFO  grpc.GrpcConfigKeys (ConfUtils.java:logGet(46)) - raft.grpc.server.port = 43429 (custom)
2023-01-31 15:00:08,114 [Listener at 127.0.0.1/46373] INFO  server.GrpcService (ConfUtils.java:logGet(46)) - raft.grpc.message.size.max = 33554432 (custom)
2023-01-31 15:00:08,114 [Listener at 127.0.0.1/46373] INFO  server.RaftServerConfigKeys (ConfUtils.java:logGet(46)) - raft.server.log.appender.buffer.byte-limit = 33554432 (custom)
2023-01-31 15:00:08,114 [Listener at 127.0.0.1/46373] INFO  server.GrpcService (ConfUtils.java:logGet(46)) - raft.grpc.flow.control.window = 1MB (=1048576) (default)
2023-01-31 15:00:08,114 [Listener at 127.0.0.1/46373] INFO  server.RaftServerConfigKeys (ConfUtils.java:logGet(46)) - raft.server.rpc.request.timeout = 3000ms (default)
2023-01-31 15:00:08,114 [Listener at 127.0.0.1/46373] INFO  grpc.GrpcConfigKeys (ConfUtils.java:logGet(46)) - raft.grpc.server.heartbeat.channel = true (default)
2023-01-31 15:00:08,114 [Listener at 127.0.0.1/46373] INFO  grpc.GrpcConfigKeys (ConfUtils.java:logGet(46)) - raft.grpc.server.async.request.thread.pool.cached = true (default)
2023-01-31 15:00:08,114 [Listener at 127.0.0.1/46373] INFO  grpc.GrpcConfigKeys (ConfUtils.java:logGet(46)) - raft.grpc.server.async.request.thread.pool.size = 32 (default)
2023-01-31 15:00:08,116 [Listener at 127.0.0.1/46373] INFO  impl.DataStreamServerImpl (ConfUtils.java:logGet(46)) - raft.datastream.type = NETTY (custom)
2023-01-31 15:00:08,116 [Listener at 127.0.0.1/46373] INFO  server.RaftServerConfigKeys (ConfUtils.java:logGet(46)) - raft.server.data-stream.async.request.thread.pool.cached = false (default)
2023-01-31 15:00:08,117 [Listener at 127.0.0.1/46373] INFO  server.RaftServerConfigKeys (ConfUtils.java:logGet(46)) - raft.server.data-stream.async.request.thread.pool.size = 32 (default)
2023-01-31 15:00:08,117 [Listener at 127.0.0.1/46373] INFO  server.RaftServerConfigKeys (ConfUtils.java:logGet(46)) - raft.server.data-stream.async.write.thread.pool.size = 16 (default)
2023-01-31 15:00:08,117 [Listener at 127.0.0.1/46373] INFO  server.RaftServerConfigKeys (ConfUtils.java:logGet(46)) - raft.server.data-stream.client.pool.size = 10 (default)
2023-01-31 15:00:08,117 [Listener at 127.0.0.1/46373] INFO  netty.NettyConfigKeys$DataStream (ConfUtils.java:logGet(46)) - raft.netty.dataStream.server.use-epoll = false (default)
2023-01-31 15:00:08,117 [Listener at 127.0.0.1/46373] INFO  netty.NettyConfigKeys$DataStream (ConfUtils.java:logGet(46)) - raft.netty.dataStream.server.boss-group.size = 0 (default)
2023-01-31 15:00:08,118 [Listener at 127.0.0.1/46373] INFO  netty.NettyConfigKeys$DataStream (ConfUtils.java:logGet(46)) - raft.netty.dataStream.server.worker-group.size = 0 (default)
2023-01-31 15:00:08,118 [Listener at 127.0.0.1/46373] INFO  netty.NettyConfigKeys$DataStream (ConfUtils.java:logGet(46)) - raft.netty.dataStream.server.tls.conf = null (default)
2023-01-31 15:00:08,118 [Listener at 127.0.0.1/46373] INFO  netty.NettyConfigKeys$DataStream (ConfUtils.java:logGet(46)) - raft.netty.dataStream.host = null (default)
2023-01-31 15:00:08,118 [Listener at 127.0.0.1/46373] INFO  netty.NettyConfigKeys$DataStream (ConfUtils.java:logGet(46)) - raft.netty.dataStream.port = 0 (default)
2023-01-31 15:00:08,123 [Listener at 127.0.0.1/46373] INFO  server.RaftServerConfigKeys (ConfUtils.java:logGet(46)) - raft.server.threadpool.proxy.cached = true (default)
2023-01-31 15:00:08,124 [omNode-1-NettyServerStreamRpc-bossGroup--thread1] INFO  logging.LoggingHandler (AbstractInternalLogger.java:log(148)) - [id: 0x0636a552] REGISTERED
2023-01-31 15:00:08,124 [Listener at 127.0.0.1/46373] INFO  server.RaftServerConfigKeys (ConfUtils.java:logGet(46)) - raft.server.threadpool.proxy.size = 0 (default)
2023-01-31 15:00:08,124 [omNode-1-NettyServerStreamRpc-bossGroup--thread1] INFO  logging.LoggingHandler (AbstractInternalLogger.java:log(148)) - [id: 0x0636a552] BIND: 0.0.0.0/0.0.0.0:0
2023-01-31 15:00:08,124 [Listener at 127.0.0.1/46373] INFO  server.RaftServerConfigKeys (ConfUtils.java:logGet(46)) - raft.server.rpc.slowness.timeout = 2s (custom)
2023-01-31 15:00:08,124 [Listener at 127.0.0.1/46373] INFO  server.RaftServerConfigKeys (ConfUtils.java:logGet(46)) - raft.server.leaderelection.leader.step-down.wait-time = 10s (default)
2023-01-31 15:00:08,124 [omNode-1-NettyServerStreamRpc-bossGroup--thread1] INFO  logging.LoggingHandler (AbstractInternalLogger.java:log(148)) - [id: 0x0636a552, L:/0:0:0:0:0:0:0:0:34259] ACTIVE
2023-01-31 15:00:08,124 [Listener at 127.0.0.1/46373] INFO  server.RaftServerConfigKeys (ConfUtils.java:logGet(46)) - raft.server.storage.dir = [/home/runner/work/ozone/ozone/hadoop-ozone/integration-test/target/test-dir/MiniOzoneClusterImpl-7bcd778c-f292-43e0-bfc8-ce03b293149c/omNode-1/ratis] (custom)
2023-01-31 15:00:08,125 [omNode-1-impl-thread1] INFO  server.RaftServer (RaftServerProxy.java:initGroupDir(251)) - omNode-1: found a subdirectory /home/runner/work/ozone/ozone/hadoop-ozone/integration-test/target/test-dir/MiniOzoneClusterImpl-7bcd778c-f292-43e0-bfc8-ce03b293149c/omNode-1/ratis/ba0b3a38-ee51-3eb6-9a20-d486fde03864
2023-01-31 15:00:08,125 [Listener at 127.0.0.1/46373] INFO  server.RaftServer (RaftServerProxy.java:addNew(96)) - omNode-1: addNew group-D486FDE03864:[omNode-3|rpc:localhost:36309|priority:0|startupRole:FOLLOWER, omNode-1|rpc:localhost:43429|priority:0|startupRole:FOLLOWER, omNode-2|rpc:localhost:40963|priority:0|startupRole:FOLLOWER] returns group-D486FDE03864:java.util.concurrent.CompletableFuture@37e17a5f[Not completed]
2023-01-31 15:00:08,126 [Listener at 127.0.0.1/46373] INFO  om.OzoneManager (OzoneManager.java:initializeRatisServer(2012)) - OzoneManager Ratis server initialized at port 43429
2023-01-31 15:00:08,126 [pool-239-thread-1] INFO  server.RaftServer$Division (RaftServerImpl.java:<init>(195)) - omNode-1: new RaftServerImpl for group-D486FDE03864:[omNode-3|rpc:localhost:36309|priority:0|startupRole:FOLLOWER, omNode-1|rpc:localhost:43429|priority:0|startupRole:FOLLOWER, omNode-2|rpc:localhost:40963|priority:0|startupRole:FOLLOWER] with OzoneManagerStateMachine:uninitialized
2023-01-31 15:00:08,126 [pool-239-thread-1] INFO  server.RaftServerConfigKeys (ConfUtils.java:logGet(46)) - raft.server.rpc.timeout.min = 1s (custom)
2023-01-31 15:00:08,126 [pool-239-thread-1] INFO  server.RaftServerConfigKeys (ConfUtils.java:logGet(46)) - raft.server.rpc.timeout.max = 1200ms (custom)
2023-01-31 15:00:08,126 [pool-239-thread-1] INFO  server.RaftServerConfigKeys (ConfUtils.java:logGet(46)) - raft.server.rpc.sleep.time = 25ms (default)
2023-01-31 15:00:08,126 [pool-239-thread-1] INFO  server.RaftServerConfigKeys (ConfUtils.java:logGet(46)) - raft.server.rpc.slowness.timeout = 2s (custom)
2023-01-31 15:00:08,126 [pool-239-thread-1] INFO  server.RaftServerConfigKeys (ConfUtils.java:logGet(46)) - raft.server.leaderelection.leader.step-down.wait-time = 10s (default)
2023-01-31 15:00:08,126 [pool-239-thread-1] INFO  server.RaftServerConfigKeys (ConfUtils.java:logGet(46)) - raft.server.sleep.deviation.threshold = 300ms (default)
2023-01-31 15:00:08,126 [pool-239-thread-1] INFO  server.RaftServer$Division (ServerState.java:<init>(118)) - omNode-1@group-D486FDE03864: ConfigurationManager, init=-1: peers:[omNode-3|rpc:localhost:36309|priority:0|startupRole:FOLLOWER, omNode-1|rpc:localhost:43429|priority:0|startupRole:FOLLOWER, omNode-2|rpc:localhost:40963|priority:0|startupRole:FOLLOWER]|listeners:[], old=null, confs=<EMPTY_MAP>
2023-01-31 15:00:08,127 [pool-239-thread-1] INFO  server.RaftServerConfigKeys (ConfUtils.java:logGet(46)) - raft.server.storage.dir = [/home/runner/work/ozone/ozone/hadoop-ozone/integration-test/target/test-dir/MiniOzoneClusterImpl-7bcd778c-f292-43e0-bfc8-ce03b293149c/omNode-1/ratis] (custom)
2023-01-31 15:00:08,127 [pool-239-thread-1] INFO  server.RaftServerConfigKeys (ConfUtils.java:logGet(46)) - raft.server.log.corruption.policy = EXCEPTION (default)
2023-01-31 15:00:08,127 [pool-239-thread-1] INFO  server.RaftServerConfigKeys (ConfUtils.java:logGet(46)) - raft.server.storage.free-space.min = 0MB (=0) (default)
2023-01-31 15:00:08,127 [pool-239-thread-1] INFO  server.RaftServerConfigKeys (ConfUtils.java:logGet(46)) - raft.server.notification.no-leader.timeout = 2s (custom)
2023-01-31 15:00:08,127 [pool-239-thread-1] INFO  server.RaftServerConfigKeys (ConfUtils.java:logGet(46)) - raft.server.retrycache.expirytime = 300s (custom)
2023-01-31 15:00:08,127 [pool-239-thread-1] INFO  server.RaftServerConfigKeys (ConfUtils.java:logGet(46)) - raft.server.retrycache.statistics.expirytime = 100μs (default)
2023-01-31 15:00:08,128 [pool-239-thread-1] INFO  server.RaftServerConfigKeys (ConfUtils.java:logGet(46)) - raft.server.log.appender.install.snapshot.enabled = false (custom)
2023-01-31 15:00:08,129 [pool-239-thread-1] INFO  server.RaftServerConfigKeys (ConfUtils.java:logGet(46)) - raft.server.threadpool.server.cached = true (default)
2023-01-31 15:00:08,129 [pool-239-thread-1] INFO  server.RaftServerConfigKeys (ConfUtils.java:logGet(46)) - raft.server.threadpool.server.size = 0 (default)
2023-01-31 15:00:08,129 [pool-239-thread-1] INFO  server.RaftServerConfigKeys (ConfUtils.java:logGet(46)) - raft.server.threadpool.client.cached = true (default)
2023-01-31 15:00:08,129 [pool-239-thread-1] INFO  server.RaftServerConfigKeys (ConfUtils.java:logGet(46)) - raft.server.threadpool.client.size = 0 (default)
2023-01-31 15:00:08,131 [Listener at 127.0.0.1/46373] INFO  om.OzoneManager (OzoneManager.java:getRpcServer(1135)) - Creating RPC Server
2023-01-31 15:00:08,503 [Listener at 127.0.0.1/46373] INFO  reflections.Reflections (Reflections.java:scan(232)) - Reflections took 369 ms to scan 19 urls, producing 67 keys and 4594 values [using 2 cores]
2023-01-31 15:00:08,505 [Listener at 127.0.0.1/46373] INFO  ipc.CallQueueManager (CallQueueManager.java:<init>(90)) - Using callQueue: class java.util.concurrent.LinkedBlockingQueue, queueCapacity: 2000, scheduler: class org.apache.hadoop.ipc.DefaultRpcScheduler, ipcBackoff: false.
2023-01-31 15:00:08,506 [Socket Reader #1 for port 44031] INFO  ipc.Server (Server.java:run(1273)) - Starting Socket Reader #1 for port 44031
2023-01-31 15:00:08,528 [Listener at 127.0.0.1/44031] INFO  impl.MetricsSystemImpl (MetricsSystemImpl.java:init(158)) - OzoneManager metrics system started (again)
2023-01-31 15:00:08,542 [Listener at 127.0.0.1/44031] INFO  om.OzoneManager (OzoneManager.java:start(1519)) - OzoneManager RPC server is listening at localhost/127.0.0.1:44031
2023-01-31 15:00:08,542 [Listener at 127.0.0.1/44031] INFO  ratis.OzoneManagerRatisServer (OzoneManagerRatisServer.java:start(555)) - Starting OzoneManagerRatisServer omNode-1 at port 43429
2023-01-31 15:00:08,544 [omNode-1-impl-thread1] INFO  storage.RaftStorageDirectory (RaftStorageDirectoryImpl.java:tryLock(231)) - Lock on /home/runner/work/ozone/ozone/hadoop-ozone/integration-test/target/test-dir/MiniOzoneClusterImpl-7bcd778c-f292-43e0-bfc8-ce03b293149c/omNode-1/ratis/ba0b3a38-ee51-3eb6-9a20-d486fde03864/in_use.lock acquired by nodename 15060@fv-az83-829
2023-01-31 15:00:08,545 [omNode-1-impl-thread1] INFO  storage.RaftStorage (RaftStorageImpl.java:analyzeAndRecoverStorage(117)) - Read RaftStorageMetadata{term=0, votedFor=} from /home/runner/work/ozone/ozone/hadoop-ozone/integration-test/target/test-dir/MiniOzoneClusterImpl-7bcd778c-f292-43e0-bfc8-ce03b293149c/omNode-1/ratis/ba0b3a38-ee51-3eb6-9a20-d486fde03864/current/raft-meta
2023-01-31 15:00:08,545 [omNode-1-impl-thread1] INFO  server.RaftServerConfigKeys (ConfUtils.java:logGet(46)) - raft.server.log.use.memory = false (default)
2023-01-31 15:00:08,545 [omNode-1-impl-thread1] INFO  server.RaftServerConfigKeys (ConfUtils.java:logGet(46)) - raft.server.log.purge.gap = 1000000 (custom)
2023-01-31 15:00:08,545 [omNode-1-impl-thread1] INFO  server.RaftServerConfigKeys (ConfUtils.java:logGet(46)) - raft.server.log.appender.buffer.byte-limit = 33554432 (custom)
2023-01-31 15:00:08,546 [omNode-1-impl-thread1] INFO  server.RaftServerConfigKeys (ConfUtils.java:logGet(46)) - raft.server.log.statemachine.data.read.timeout = 1000ms (default)
2023-01-31 15:00:08,546 [omNode-1-impl-thread1] INFO  server.RaftServerConfigKeys (ConfUtils.java:logGet(46)) - raft.server.log.purge.preservation.log.num = 0 (default)
2023-01-31 15:00:08,546 [omNode-1-impl-thread1] INFO  server.RaftServerConfigKeys (ConfUtils.java:logGet(46)) - raft.server.log.segment.size.max = 4194304 (custom)
2023-01-31 15:00:08,546 [omNode-1-impl-thread1] INFO  server.RaftServerConfigKeys (ConfUtils.java:logGet(46)) - raft.server.log.segment.cache.num.max = 2 (custom)
2023-01-31 15:00:08,546 [omNode-1-impl-thread1] INFO  server.RaftServerConfigKeys (ConfUtils.java:logGet(46)) - raft.server.log.segment.cache.size.max = 200MB (=209715200) (default)
2023-01-31 15:00:08,547 [omNode-1-impl-thread1] INFO  segmented.SegmentedRaftLogWorker (SegmentedRaftLogWorker.java:<init>(189)) - new omNode-1@group-D486FDE03864-SegmentedRaftLogWorker for RaftStorageImpl:Storage Directory /home/runner/work/ozone/ozone/hadoop-ozone/integration-test/target/test-dir/MiniOzoneClusterImpl-7bcd778c-f292-43e0-bfc8-ce03b293149c/omNode-1/ratis/ba0b3a38-ee51-3eb6-9a20-d486fde03864
2023-01-31 15:00:08,547 [omNode-1-impl-thread1] INFO  server.RaftServerConfigKeys (ConfUtils.java:logGet(46)) - raft.server.log.queue.byte-limit = 64MB (=67108864) (default)
2023-01-31 15:00:08,547 [omNode-1-impl-thread1] INFO  server.RaftServerConfigKeys (ConfUtils.java:logGet(46)) - raft.server.log.queue.element-limit = 4096 (default)
2023-01-31 15:00:08,547 [omNode-1-impl-thread1] INFO  server.RaftServerConfigKeys (ConfUtils.java:logGet(46)) - raft.server.log.segment.size.max = 4194304 (custom)
2023-01-31 15:00:08,547 [omNode-1-impl-thread1] INFO  server.RaftServerConfigKeys (ConfUtils.java:logGet(46)) - raft.server.log.preallocated.size = 4194304 (custom)
2023-01-31 15:00:08,547 [omNode-1-impl-thread1] INFO  server.RaftServerConfigKeys (ConfUtils.java:logGet(46)) - raft.server.log.force.sync.num = 128 (default)
2023-01-31 15:00:08,547 [omNode-1-impl-thread1] INFO  server.RaftServerConfigKeys (ConfUtils.java:logGet(46)) - raft.server.log.statemachine.data.sync = true (default)
2023-01-31 15:00:08,547 [omNode-1-impl-thread1] INFO  server.RaftServerConfigKeys (ConfUtils.java:logGet(46)) - raft.server.log.statemachine.data.sync.timeout = 10s (default)
2023-01-31 15:00:08,547 [omNode-1-impl-thread1] INFO  server.RaftServerConfigKeys (ConfUtils.java:logGet(46)) - raft.server.log.statemachine.data.sync.timeout.retry = -1 (default)
2023-01-31 15:00:08,548 [omNode-1-impl-thread1] INFO  server.RaftServerConfigKeys (ConfUtils.java:logGet(46)) - raft.server.log.write.buffer.size = 64KB (=65536) (default)
2023-01-31 15:00:08,548 [omNode-1-impl-thread1] INFO  server.RaftServerConfigKeys (ConfUtils.java:logGet(46)) - raft.server.log.appender.buffer.byte-limit = 33554432 (custom)
2023-01-31 15:00:08,627 [omNode-1-impl-thread1] INFO  server.RaftServerConfigKeys (ConfUtils.java:logGet(46)) - raft.server.log.unsafe-flush.enabled = false (default)
2023-01-31 15:00:08,627 [omNode-1-impl-thread1] INFO  server.RaftServerConfigKeys (ConfUtils.java:logGet(46)) - raft.server.log.async-flush.enabled = false (default)
2023-01-31 15:00:08,627 [omNode-1-impl-thread1] INFO  server.RaftServerConfigKeys (ConfUtils.java:logGet(46)) - raft.server.log.statemachine.data.caching.enabled = false (default)
2023-01-31 15:00:08,630 [omNode-1-impl-thread1] INFO  segmented.SegmentedRaftLogWorker (SegmentedRaftLogWorker.java:lambda$new$0(135)) - omNode-1@group-D486FDE03864-SegmentedRaftLogWorker: flushIndex: setUnconditionally 0 -> -1
2023-01-31 15:00:08,630 [omNode-1-impl-thread1] INFO  segmented.SegmentedRaftLogWorker (SegmentedRaftLogWorker.java:lambda$new$0(135)) - omNode-1@group-D486FDE03864-SegmentedRaftLogWorker: safeCacheEvictIndex: setUnconditionally 0 -> -1
2023-01-31 15:00:08,631 [omNode-1-impl-thread1] INFO  server.RaftServer$Division (RaftServerImpl.java:start(334)) - omNode-1@group-D486FDE03864: start as a follower, conf=-1: peers:[omNode-3|rpc:localhost:36309|priority:0|startupRole:FOLLOWER, omNode-1|rpc:localhost:43429|priority:0|startupRole:FOLLOWER, omNode-2|rpc:localhost:40963|priority:0|startupRole:FOLLOWER]|listeners:[], old=null
2023-01-31 15:00:08,631 [omNode-1-impl-thread1] INFO  server.RaftServer$Division (RaftServerImpl.java:setRole(321)) - omNode-1@group-D486FDE03864: changes role from      null to FOLLOWER at term 0 for startAsFollower
2023-01-31 15:00:08,637 [omNode-1-impl-thread1] INFO  impl.RoleInfo (RoleInfo.java:updateAndGet(139)) - omNode-1: start omNode-1@group-D486FDE03864-FollowerState
2023-01-31 15:00:08,638 [omNode-1-impl-thread1] INFO  util.JmxRegister (JmxRegister.java:tryRegister(44)) - Successfully registered JMX Bean with object name Ratis:service=RaftServer,group=group-D486FDE03864,id=omNode-1
2023-01-31 15:00:08,638 [omNode-1-impl-thread1] INFO  server.RaftServerConfigKeys (ConfUtils.java:logGet(46)) - raft.server.snapshot.auto.trigger.enabled = true (custom)
2023-01-31 15:00:08,638 [omNode-1-impl-thread1] INFO  server.RaftServerConfigKeys (ConfUtils.java:logGet(46)) - raft.server.snapshot.auto.trigger.threshold = 400000 (default)
2023-01-31 15:00:08,638 [omNode-1-impl-thread1] INFO  server.RaftServerConfigKeys (ConfUtils.java:logGet(46)) - raft.server.snapshot.retention.file.num = -1 (default)
2023-01-31 15:00:08,638 [omNode-1-impl-thread1] INFO  server.RaftServerConfigKeys (ConfUtils.java:logGet(46)) - raft.server.log.purge.upto.snapshot.index = true (custom)
2023-01-31 15:00:08,639 [omNode-1@group-D486FDE03864-FollowerState] INFO  server.RaftServerConfigKeys (ConfUtils.java:logFallback(53)) - raft.server.rpc.first-election.timeout.min = 1s (fallback to raft.server.rpc.timeout.min)
2023-01-31 15:00:08,639 [omNode-1@group-D486FDE03864-FollowerState] INFO  server.RaftServerConfigKeys (ConfUtils.java:logFallback(53)) - raft.server.rpc.first-election.timeout.max = 1200ms (fallback to raft.server.rpc.timeout.max)
2023-01-31 15:00:08,639 [Listener at 127.0.0.1/44031] INFO  server.RaftServer (RaftServerProxy.java:startImpl(393)) - omNode-1: start RPC server
2023-01-31 15:00:08,647 [Listener at 127.0.0.1/44031] INFO  server.GrpcService (GrpcService.java:startImpl(262)) - omNode-1: GrpcService started, listening on 43429
2023-01-31 15:00:08,647 [Listener at 127.0.0.1/44031] INFO  upgrade.UpgradeFinalizer (BasicUpgradeFinalizer.java:runPrefinalizeStateActions(282)) - Running pre-finalized state validations for unfinalized layout features.
2023-01-31 15:00:08,647 [Listener at 127.0.0.1/44031] INFO  upgrade.UpgradeFinalizer (BasicUpgradeFinalizer.java:runPrefinalizeStateActions(295)) - Running first upgrade commands for unfinalized layout features.
2023-01-31 15:00:08,648 [Listener at 127.0.0.1/44031] INFO  om.OzoneManager (OzoneManager.java:start(1535)) - Version File has different layout version (0) than OM DB (null). That is expected if this OM has never been finalized to a newer layout version.
2023-01-31 15:00:08,655 [JvmPauseMonitor5] INFO  util.JvmPauseMonitor (JvmPauseMonitor.java:run(105)) - JvmPauseMonitor-omNode-1: Started
2023-01-31 15:00:08,665 [Listener at 127.0.0.1/44031] INFO  http.BaseHttpServer (BaseHttpServer.java:newHttpServer2BuilderForOzone(213)) - Starting Web-server for ozoneManager at: http://0.0.0.0:33631
2023-01-31 15:00:08,666 [Listener at 127.0.0.1/44031] INFO  http.BaseHttpServer (BaseHttpServer.java:<init>(108)) - Hadoop Security Enabled: false Ozone Security Enabled: false Ozone HTTP Security Enabled: false 
2023-01-31 15:00:08,667 [Listener at 127.0.0.1/44031] WARN  server.AuthenticationFilter (AuthenticationFilter.java:constructSecretProvider(240)) - Unable to initialize FileSignerSecretProvider, falling back to use random secrets. Reason: Could not read signature secret file: /home/runner/hadoop-http-auth-signature-secret
2023-01-31 15:00:08,669 [Listener at 127.0.0.1/44031] WARN  http.HttpRequestLog (HttpRequestLog.java:getRequestLog(103)) - Jetty request log can only be enabled using Log4j
2023-01-31 15:00:08,671 [Listener at 127.0.0.1/44031] INFO  http.HttpServer2 (HttpServer2.java:addGlobalFilter(1031)) - Added global filter 'safety' (class=org.apache.hadoop.hdds.server.http.HttpServer2$QuotingInputFilter)
2023-01-31 15:00:08,672 [Listener at 127.0.0.1/44031] INFO  http.HttpServer2 (HttpServer2.java:addFilter(1007)) - Added filter static_user_filter (class=org.apache.hadoop.http.lib.StaticUserWebFilter$StaticUserFilter) to context ozoneManager
2023-01-31 15:00:08,672 [Listener at 127.0.0.1/44031] INFO  http.HttpServer2 (HttpServer2.java:addFilter(1015)) - Added filter static_user_filter (class=org.apache.hadoop.http.lib.StaticUserWebFilter$StaticUserFilter) to context static
2023-01-31 15:00:08,672 [Listener at 127.0.0.1/44031] INFO  http.HttpServer2 (HttpServer2.java:addFilter(1015)) - Added filter static_user_filter (class=org.apache.hadoop.http.lib.StaticUserWebFilter$StaticUserFilter) to context logs
2023-01-31 15:00:08,672 [Listener at 127.0.0.1/44031] INFO  http.HttpServer2 (HttpServer2.java:bindListener(1250)) - Jetty bound to port 33631
2023-01-31 15:00:08,673 [Listener at 127.0.0.1/44031] INFO  server.Server (Server.java:doStart(375)) - jetty-9.4.49.v20220914; built: 2022-09-14T01:07:36.601Z; git: 4231a3b2e4cb8548a412a789936d640a97b1aa0a; jvm 1.8.0_352-b08
2023-01-31 15:00:08,676 [Listener at 127.0.0.1/44031] INFO  server.session (DefaultSessionIdManager.java:doStart(334)) - DefaultSessionIdManager workerName=node0
2023-01-31 15:00:08,676 [Listener at 127.0.0.1/44031] INFO  server.session (DefaultSessionIdManager.java:doStart(339)) - No SessionScavenger set, using defaults
2023-01-31 15:00:08,676 [Listener at 127.0.0.1/44031] INFO  server.session (HouseKeeper.java:startScavenging(132)) - node0 Scavenging every 660000ms
2023-01-31 15:00:08,677 [Listener at 127.0.0.1/44031] INFO  handler.ContextHandler (ContextHandler.java:doStart(921)) - Started o.e.j.s.ServletContextHandler@4c0b68dd{logs,/logs,file:///home/runner/work/ozone/ozone/hadoop-ozone/integration-test/target/log,AVAILABLE}
2023-01-31 15:00:08,677 [Listener at 127.0.0.1/44031] INFO  handler.ContextHandler (ContextHandler.java:doStart(921)) - Started o.e.j.s.ServletContextHandler@3849e9cb{static,/static,file:///home/runner/work/ozone/ozone/hadoop-ozone/integration-test/target/test-classes/webapps/static,AVAILABLE}
2023-01-31 15:00:08,684 [Listener at 127.0.0.1/44031] INFO  handler.ContextHandler (ContextHandler.java:doStart(921)) - Started o.e.j.w.WebAppContext@684a09c{ozoneManager,/,file:///home/runner/work/ozone/ozone/hadoop-ozone/integration-test/target/test-classes/webapps/ozoneManager/,AVAILABLE}{file:/home/runner/work/ozone/ozone/hadoop-ozone/integration-test/target/test-classes/webapps/ozoneManager}
2023-01-31 15:00:08,689 [Listener at 127.0.0.1/44031] INFO  server.AbstractConnector (AbstractConnector.java:doStart(333)) - Started ServerConnector@1f33db3{HTTP/1.1, (http/1.1)}{0.0.0.0:33631}
2023-01-31 15:00:08,689 [Listener at 127.0.0.1/44031] INFO  server.Server (Server.java:doStart(415)) - Started @27870ms
2023-01-31 15:00:08,689 [Listener at 127.0.0.1/44031] WARN  impl.MetricsSystemImpl (MetricsSystemImpl.java:register(279)) - Sink prometheus already exists!
2023-01-31 15:00:08,691 [Listener at 127.0.0.1/44031] INFO  http.BaseHttpServer (BaseHttpServer.java:updateConnectorAddress(333)) - HTTP server of ozoneManager listening at http://0.0.0.0:33631
2023-01-31 15:00:08,691 [IPC Server Responder] INFO  ipc.Server (Server.java:run(1512)) - IPC Server Responder: starting
2023-01-31 15:00:08,692 [IPC Server listener on 44031] INFO  ipc.Server (Server.java:run(1352)) - IPC Server listener on 44031: starting
2023-01-31 15:00:08,695 [Listener at 127.0.0.1/44031] INFO  om.OzoneManager (OzoneManager.java:startTrashEmptier(1956)) - Trash Interval set to 0. Files deleted won't move to trash
2023-01-31 15:00:08,696 [Listener at 127.0.0.1/44031] INFO  ozone.MiniOzoneHAClusterImpl (MiniOzoneHAClusterImpl.java:createOMService(527)) - Started OzoneManager omNode-1 RPC server at localhost/127.0.0.1:44031
2023-01-31 15:00:08,697 [Listener at 127.0.0.1/44031] INFO  ha.OMHANodeDetails (OMHANodeDetails.java:loadOMHAConfig(121)) - ServiceID for OzoneManager is 007812eb-fddc-4a7f-94a6-9f21a9b68fe1
2023-01-31 15:00:08,697 [Listener at 127.0.0.1/44031] INFO  ha.OMHANodeDetails (OMHANodeDetails.java:loadOMHAConfig(201)) - Found matching OM address with OMServiceId: 007812eb-fddc-4a7f-94a6-9f21a9b68fe1, OMNodeId: omNode-2, RPC Address: localhost:38357 and Ratis port: 40963
2023-01-31 15:00:08,697 [Listener at 127.0.0.1/44031] INFO  ha.OMHANodeDetails (ConfUtils.java:setNodeSpecificConfigs(97)) - Setting configuration key ozone.om.http-address with value of key ozone.om.http-address.007812eb-fddc-4a7f-94a6-9f21a9b68fe1.omNode-2: 127.0.0.1:37017
2023-01-31 15:00:08,697 [Listener at 127.0.0.1/44031] INFO  ha.OMHANodeDetails (ConfUtils.java:setNodeSpecificConfigs(97)) - Setting configuration key ozone.om.https-address with value of key ozone.om.https-address.007812eb-fddc-4a7f-94a6-9f21a9b68fe1.omNode-2: 127.0.0.1:36401
2023-01-31 15:00:08,698 [Listener at 127.0.0.1/44031] INFO  ha.OMHANodeDetails (ConfUtils.java:setNodeSpecificConfigs(97)) - Setting configuration key ozone.om.address with value of key ozone.om.address.007812eb-fddc-4a7f-94a6-9f21a9b68fe1.omNode-2: 127.0.0.1:38357
2023-01-31 15:00:08,698 [Listener at 127.0.0.1/44031] WARN  server.ServerUtils (ServerUtils.java:getDBPath(225)) - ozone.om.db.dirs is not configured. We recommend adding this setting. Falling back to ozone.metadata.dirs instead.
2023-01-31 15:00:08,705 [org.apache.hadoop.util.JvmPauseMonitor$Monitor@1e02feb1] INFO  util.JvmPauseMonitor (JvmPauseMonitor.java:run(188)) - Starting JVM pause monitor
2023-01-31 15:00:08,707 [Listener at 127.0.0.1/44031] INFO  proxy.SCMBlockLocationFailoverProxyProvider (SCMBlockLocationFailoverProxyProvider.java:<init>(114)) - Created block location fail-over proxy with 1 nodes: [nodeId=scmNodeId,nodeAddress=/0.0.0.0:44081]
OM already initialized.Reusing existing cluster id for sd=/home/runner/work/ozone/ozone/hadoop-ozone/integration-test/target/test-dir/MiniOzoneClusterImpl-7bcd778c-f292-43e0-bfc8-ce03b293149c/omNode-2/om;cid=7bcd778c-f292-43e0-bfc8-ce03b293149c;layoutVersion=0
2023-01-31 15:00:08,720 [Listener at 127.0.0.1/44031] INFO  ha.OMHANodeDetails (OMHANodeDetails.java:loadOMHAConfig(121)) - ServiceID for OzoneManager is 007812eb-fddc-4a7f-94a6-9f21a9b68fe1
2023-01-31 15:00:08,721 [Listener at 127.0.0.1/44031] INFO  ha.OMHANodeDetails (OMHANodeDetails.java:loadOMHAConfig(201)) - Found matching OM address with OMServiceId: 007812eb-fddc-4a7f-94a6-9f21a9b68fe1, OMNodeId: omNode-2, RPC Address: localhost:38357 and Ratis port: 40963
2023-01-31 15:00:08,721 [Listener at 127.0.0.1/44031] INFO  ha.OMHANodeDetails (ConfUtils.java:setNodeSpecificConfigs(97)) - Setting configuration key ozone.om.http-address with value of key ozone.om.http-address.007812eb-fddc-4a7f-94a6-9f21a9b68fe1.omNode-2: 127.0.0.1:37017
2023-01-31 15:00:08,721 [Listener at 127.0.0.1/44031] INFO  ha.OMHANodeDetails (ConfUtils.java:setNodeSpecificConfigs(97)) - Setting configuration key ozone.om.https-address with value of key ozone.om.https-address.007812eb-fddc-4a7f-94a6-9f21a9b68fe1.omNode-2: 127.0.0.1:36401
2023-01-31 15:00:08,721 [Listener at 127.0.0.1/44031] INFO  ha.OMHANodeDetails (ConfUtils.java:setNodeSpecificConfigs(97)) - Setting configuration key ozone.om.address with value of key ozone.om.address.007812eb-fddc-4a7f-94a6-9f21a9b68fe1.omNode-2: 127.0.0.1:38357
2023-01-31 15:00:08,721 [Listener at 127.0.0.1/44031] WARN  server.ServerUtils (ServerUtils.java:getDBPath(225)) - ozone.om.db.dirs is not configured. We recommend adding this setting. Falling back to ozone.metadata.dirs instead.
2023-01-31 15:00:08,723 [Listener at 127.0.0.1/44031] INFO  upgrade.AbstractLayoutVersionManager (AbstractLayoutVersionManager.java:init(83)) - Initializing Layout version manager with metadata layout = INITIAL_VERSION (version = 0), software layout = MULTITENANCY_SCHEMA (version = 3)
2023-01-31 15:00:08,803 [Listener at 127.0.0.1/44031] INFO  reflections.Reflections (Reflections.java:scan(232)) - Reflections took 79 ms to scan 2 urls, producing 155 keys and 428 values [using 2 cores]
2023-01-31 15:00:08,803 [Listener at 127.0.0.1/44031] INFO  upgrade.OMLayoutVersionManager (OMLayoutVersionManager.java:lambda$0(115)) - Skipping Upgrade Action MockOmUpgradeAction since it has been finalized.
2023-01-31 15:00:08,803 [Listener at 127.0.0.1/44031] WARN  server.ServerUtils (ServerUtils.java:getDBPath(225)) - ozone.om.db.dirs is not configured. We recommend adding this setting. Falling back to ozone.metadata.dirs instead.
2023-01-31 15:00:08,804 [Listener at 127.0.0.1/44031] WARN  om.OzoneManager (OzoneManager.java:<init>(527)) - ozone.default.bucket.layout configured to non-legacy bucket layout FILE_SYSTEM_OPTIMIZED when Ozone Manager is pre-finalized for bucket layout support. Legacy buckets will be created by default until Ozone Manager is finalized.
2023-01-31 15:00:08,804 [Listener at 127.0.0.1/44031] INFO  proxy.SCMBlockLocationFailoverProxyProvider (SCMBlockLocationFailoverProxyProvider.java:<init>(114)) - Created block location fail-over proxy with 1 nodes: [nodeId=scmNodeId,nodeAddress=/0.0.0.0:44081]
2023-01-31 15:00:08,806 [Listener at 127.0.0.1/44031] INFO  proxy.SCMBlockLocationFailoverProxyProvider (SCMBlockLocationFailoverProxyProvider.java:<init>(114)) - Created block location fail-over proxy with 1 nodes: [nodeId=scmNodeId,nodeAddress=/0.0.0.0:44081]
2023-01-31 15:00:08,821 [Listener at 127.0.0.1/44031] WARN  server.ServerUtils (ServerUtils.java:getDBPath(225)) - ozone.om.db.dirs is not configured. We recommend adding this setting. Falling back to ozone.metadata.dirs instead.
2023-01-31 15:00:08,822 [Listener at 127.0.0.1/44031] INFO  codec.OmKeyInfoCodec (OmKeyInfoCodec.java:<init>(49)) - OmKeyInfoCodec ignorePipeline = true
2023-01-31 15:00:08,822 [Listener at 127.0.0.1/44031] INFO  codec.RepeatedOmKeyInfoCodec (RepeatedOmKeyInfoCodec.java:<init>(41)) - RepeatedOmKeyInfoCodec ignorePipeline = true
]]></system-out>
  </testcase>
</testsuite>