<?xml version="1.0" encoding="UTF-8"?>
<testsuite xmlns:xsi="http://www.w3.org/2001/XMLSchema-instance" xsi:noNamespaceSchemaLocation="https://maven.apache.org/surefire/maven-surefire-plugin/xsd/surefire-test-report-3.0.xsd" version="3.0" name="org.apache.hadoop.ozone.om.TestOzoneManagerHAMetrics" time="35.637" tests="1" errors="0" skipped="0" failures="1">
  <properties>
    <property name="awt.toolkit" value="sun.awt.X11.XToolkit"/>
    <property name="file.encoding.pkg" value="sun.io"/>
    <property name="java.specification.version" value="1.8"/>
    <property name="sun.cpu.isalist" value=""/>
    <property name="sun.jnu.encoding" value="UTF-8"/>
    <property name="java.class.path" value="/home/runner/work/ozone/ozone/hadoop-ozone/integration-test/target/test-classes:/home/runner/work/ozone/ozone/hadoop-ozone/integration-test/target/classes:/home/runner/.m2/repository/org/apache/ozone/ozone-common/1.4.0-SNAPSHOT/ozone-common-1.4.0-SNAPSHOT.jar:/home/runner/.m2/repository/io/grpc/grpc-netty/1.51.1/grpc-netty-1.51.1.jar:/home/runner/.m2/repository/io/grpc/grpc-core/1.51.1/grpc-core-1.51.1.jar:/home/runner/.m2/repository/com/google/android/annotations/4.1.1.4/annotations-4.1.1.4.jar:/home/runner/.m2/repository/org/codehaus/mojo/animal-sniffer-annotations/1.21/animal-sniffer-annotations-1.21.jar:/home/runner/.m2/repository/com/google/errorprone/error_prone_annotations/2.2.0/error_prone_annotations-2.2.0.jar:/home/runner/.m2/repository/io/perfmark/perfmark-api/0.25.0/perfmark-api-0.25.0.jar:/home/runner/.m2/repository/io/netty/netty-codec-http2/4.1.86.Final/netty-codec-http2-4.1.86.Final.jar:/home/runner/.m2/repository/io/netty/netty-common/4.1.86.Final/netty-common-4.1.86.Final.jar:/home/runner/.m2/repository/io/netty/netty-buffer/4.1.86.Final/netty-buffer-4.1.86.Final.jar:/home/runner/.m2/repository/io/netty/netty-codec-http/4.1.86.Final/netty-codec-http-4.1.86.Final.jar:/home/runner/.m2/repository/io/netty/netty-handler-proxy/4.1.86.Final/netty-handler-proxy-4.1.86.Final.jar:/home/runner/.m2/repository/io/netty/netty-codec-socks/4.1.86.Final/netty-codec-socks-4.1.86.Final.jar:/home/runner/.m2/repository/io/netty/netty-tcnative-boringssl-static/2.0.54.Final/netty-tcnative-boringssl-static-2.0.54.Final.jar:/home/runner/.m2/repository/io/netty/netty-tcnative-classes/2.0.54.Final/netty-tcnative-classes-2.0.54.Final.jar:/home/runner/.m2/repository/io/netty/netty-tcnative-boringssl-static/2.0.54.Final/netty-tcnative-boringssl-static-2.0.54.Final-linux-x86_64.jar:/home/runner/.m2/repository/io/netty/netty-tcnative-boringssl-static/2.0.54.Final/netty-tcnative-boringssl-static-2.0.54.Final-linux-aarch_64.jar:/home/runner/.m2/repository/io/netty/netty-tcnative-boringssl-static/2.0.54.Final/netty-tcnative-boringssl-static-2.0.54.Final-osx-x86_64.jar:/home/runner/.m2/repository/io/netty/netty-tcnative-boringssl-static/2.0.54.Final/netty-tcnative-boringssl-static-2.0.54.Final-osx-aarch_64.jar:/home/runner/.m2/repository/io/netty/netty-tcnative-boringssl-static/2.0.54.Final/netty-tcnative-boringssl-static-2.0.54.Final-windows-x86_64.jar:/home/runner/.m2/repository/org/apache/commons/commons-compress/1.21/commons-compress-1.21.jar:/home/runner/.m2/repository/org/apache/ozone/hdds-common/1.4.0-SNAPSHOT/hdds-common-1.4.0-SNAPSHOT.jar:/home/runner/.m2/repository/org/apache/ozone/hdds-client/1.4.0-SNAPSHOT/hdds-client-1.4.0-SNAPSHOT.jar:/home/runner/.m2/repository/org/apache/ozone/ozone-interface-client/1.4.0-SNAPSHOT/ozone-interface-client-1.4.0-SNAPSHOT.jar:/home/runner/.m2/repository/org/apache/hadoop/hadoop-hdfs-client/3.3.5/hadoop-hdfs-client-3.3.5.jar:/home/runner/.m2/repository/com/squareup/okhttp3/okhttp/4.9.3/okhttp-4.9.3.jar:/home/runner/.m2/repository/com/squareup/okio/okio/2.8.0/okio-2.8.0.jar:/home/runner/.m2/repository/org/jetbrains/kotlin/kotlin-stdlib-common/1.6.21/kotlin-stdlib-common-1.6.21.jar:/home/runner/.m2/repository/org/apache/ozone/hdds-test-utils/1.4.0-SNAPSHOT/hdds-test-utils-1.4.0-SNAPSHOT.jar:/home/runner/.m2/repository/com/google/guava/guava/31.1-jre/guava-31.1-jre.jar:/home/runner/.m2/repository/com/google/guava/failureaccess/1.0.1/failureaccess-1.0.1.jar:/home/runner/.m2/repository/com/google/guava/listenablefuture/9999.0-empty-to-avoid-conflict-with-guava/listenablefuture-9999.0-empty-to-avoid-conflict-with-guava.jar:/home/runner/.m2/repository/com/google/code/findbugs/jsr305/3.0.0/jsr305-3.0.0.jar:/home/runner/.m2/repository/org/checkerframework/checker-qual/3.12.0/checker-qual-3.12.0.jar:/home/runner/.m2/repository/com/google/j2objc/j2objc-annotations/1.3/j2objc-annotations-1.3.jar:/home/runner/.m2/repository/commons-io/commons-io/2.11.0/commons-io-2.11.0.jar:/home/runner/.m2/repository/commons-logging/commons-logging/1.2/commons-logging-1.2.jar:/home/runner/.m2/repository/ch/qos/reload4j/reload4j/1.2.22/reload4j-1.2.22.jar:/home/runner/.m2/repository/org/slf4j/slf4j-api/1.7.36/slf4j-api-1.7.36.jar:/home/runner/.m2/repository/org/apache/ozone/hdds-server-scm/1.4.0-SNAPSHOT/hdds-server-scm-1.4.0-SNAPSHOT.jar:/home/runner/.m2/repository/org/apache/ozone/hdds-container-service/1.4.0-SNAPSHOT/hdds-container-service-1.4.0-SNAPSHOT.jar:/home/runner/.m2/repository/org/apache/ozone/hdds-hadoop-dependency-server/1.4.0-SNAPSHOT/hdds-hadoop-dependency-server-1.4.0-SNAPSHOT.jar:/home/runner/.m2/repository/org/apache/hadoop/hadoop-hdfs/3.3.5/hadoop-hdfs-3.3.5.jar:/home/runner/.m2/repository/commons-daemon/commons-daemon/1.0.13/commons-daemon-1.0.13.jar:/home/runner/.m2/repository/org/apache/ozone/hdds-server-framework/1.4.0-SNAPSHOT/hdds-server-framework-1.4.0-SNAPSHOT.jar:/home/runner/.m2/repository/io/dropwizard/metrics/metrics-core/3.2.4/metrics-core-3.2.4.jar:/home/runner/.m2/repository/org/apache/commons/commons-text/1.4/commons-text-1.4.jar:/home/runner/.m2/repository/org/bouncycastle/bcprov-jdk15on/1.67/bcprov-jdk15on-1.67.jar:/home/runner/.m2/repository/com/google/protobuf/protobuf-java/2.5.0/protobuf-java-2.5.0.jar:/home/runner/.m2/repository/org/apache/ozone/hdds-server-framework/1.4.0-SNAPSHOT/hdds-server-framework-1.4.0-SNAPSHOT-tests.jar:/home/runner/.m2/repository/org/apache/ozone/hdds-interface-server/1.4.0-SNAPSHOT/hdds-interface-server-1.4.0-SNAPSHOT.jar:/home/runner/.m2/repository/org/apache/ozone/hdds-interface-admin/1.4.0-SNAPSHOT/hdds-interface-admin-1.4.0-SNAPSHOT.jar:/home/runner/.m2/repository/org/apache/ozone/hdds-managed-rocksdb/1.4.0-SNAPSHOT/hdds-managed-rocksdb-1.4.0-SNAPSHOT.jar:/home/runner/.m2/repository/org/rocksdb/rocksdbjni/7.7.3/rocksdbjni-7.7.3.jar:/home/runner/.m2/repository/org/slf4j/slf4j-reload4j/1.7.36/slf4j-reload4j-1.7.36.jar:/home/runner/.m2/repository/org/apache/commons/commons-configuration2/2.1.1/commons-configuration2-2.1.1.jar:/home/runner/.m2/repository/org/apache/logging/log4j/log4j-core/2.17.1/log4j-core-2.17.1.jar:/home/runner/.m2/repository/com/lmax/disruptor/3.4.2/disruptor-3.4.2.jar:/home/runner/.m2/repository/org/eclipse/jetty/jetty-util/9.4.51.v20230217/jetty-util-9.4.51.v20230217.jar:/home/runner/.m2/repository/org/eclipse/jetty/jetty-server/9.4.51.v20230217/jetty-server-9.4.51.v20230217.jar:/home/runner/.m2/repository/org/eclipse/jetty/jetty-http/9.4.51.v20230217/jetty-http-9.4.51.v20230217.jar:/home/runner/.m2/repository/org/eclipse/jetty/jetty-io/9.4.51.v20230217/jetty-io-9.4.51.v20230217.jar:/home/runner/.m2/repository/org/eclipse/jetty/jetty-servlet/9.4.51.v20230217/jetty-servlet-9.4.51.v20230217.jar:/home/runner/.m2/repository/org/eclipse/jetty/jetty-security/9.4.51.v20230217/jetty-security-9.4.51.v20230217.jar:/home/runner/.m2/repository/org/eclipse/jetty/jetty-util-ajax/9.4.51.v20230217/jetty-util-ajax-9.4.51.v20230217.jar:/home/runner/.m2/repository/org/eclipse/jetty/jetty-webapp/9.4.51.v20230217/jetty-webapp-9.4.51.v20230217.jar:/home/runner/.m2/repository/org/eclipse/jetty/jetty-xml/9.4.51.v20230217/jetty-xml-9.4.51.v20230217.jar:/home/runner/.m2/repository/org/apache/ratis/ratis-server/2.5.1/ratis-server-2.5.1.jar:/home/runner/.m2/repository/org/apache/ratis/ratis-thirdparty-misc/1.0.4/ratis-thirdparty-misc-1.0.4.jar:/home/runner/.m2/repository/org/apache/ratis/ratis-proto/2.5.1/ratis-proto-2.5.1.jar:/home/runner/.m2/repository/org/apache/ratis/ratis-common/2.5.1/ratis-common-2.5.1.jar:/home/runner/.m2/repository/org/apache/ratis/ratis-client/2.5.1/ratis-client-2.5.1.jar:/home/runner/.m2/repository/org/apache/ratis/ratis-server-api/2.5.1/ratis-server-api-2.5.1.jar:/home/runner/.m2/repository/org/apache/ratis/ratis-metrics/2.5.1/ratis-metrics-2.5.1.jar:/home/runner/.m2/repository/io/prometheus/simpleclient_dropwizard/0.7.0/simpleclient_dropwizard-0.7.0.jar:/home/runner/.m2/repository/io/prometheus/simpleclient/0.7.0/simpleclient-0.7.0.jar:/home/runner/.m2/repository/io/prometheus/simpleclient_common/0.7.0/simpleclient_common-0.7.0.jar:/home/runner/.m2/repository/com/fasterxml/jackson/datatype/jackson-datatype-jsr310/2.13.4/jackson-datatype-jsr310-2.13.4.jar:/home/runner/.m2/repository/com/fasterxml/jackson/core/jackson-core/2.13.4/jackson-core-2.13.4.jar:/home/runner/.m2/repository/com/github/spotbugs/spotbugs-annotations/3.1.12/spotbugs-annotations-3.1.12.jar:/home/runner/.m2/repository/org/apache/ozone/rocksdb-checkpoint-differ/1.4.0-SNAPSHOT/rocksdb-checkpoint-differ-1.4.0-SNAPSHOT.jar:/home/runner/.m2/repository/org/awaitility/awaitility/4.2.0/awaitility-4.2.0.jar:/home/runner/.m2/repository/org/hamcrest/hamcrest/2.1/hamcrest-2.1.jar:/home/runner/.m2/repository/org/apache/ozone/ozone-manager/1.4.0-SNAPSHOT/ozone-manager-1.4.0-SNAPSHOT.jar:/home/runner/.m2/repository/org/aspectj/aspectjrt/1.9.7/aspectjrt-1.9.7.jar:/home/runner/.m2/repository/org/aspectj/aspectjweaver/1.9.7/aspectjweaver-1.9.7.jar:/home/runner/.m2/repository/org/apache/ozone/hdds-interface-client/1.4.0-SNAPSHOT/hdds-interface-client-1.4.0-SNAPSHOT.jar:/home/runner/.m2/repository/org/apache/hadoop/thirdparty/hadoop-shaded-protobuf_3_7/1.1.1/hadoop-shaded-protobuf_3_7-1.1.1.jar:/home/runner/.m2/repository/org/apache/ozone/ozone-interface-storage/1.4.0-SNAPSHOT/ozone-interface-storage-1.4.0-SNAPSHOT.jar:/home/runner/.m2/repository/org/reflections/reflections/0.9.11/reflections-0.9.11.jar:/home/runner/.m2/repository/com/sun/jersey/jersey-client/1.19/jersey-client-1.19.jar:/home/runner/.m2/repository/org/codehaus/jackson/jackson-core-asl/1.9.13/jackson-core-asl-1.9.13.jar:/home/runner/.m2/repository/org/codehaus/jackson/jackson-mapper-asl/1.9.13/jackson-mapper-asl-1.9.13.jar:/home/runner/.m2/repository/org/codehaus/jackson/jackson-jaxrs/1.9.13/jackson-jaxrs-1.9.13.jar:/home/runner/.m2/repository/org/apache/ranger/ranger-intg/2.3.0/ranger-intg-2.3.0.jar:/home/runner/.m2/repository/org/apache/ranger/ranger-plugins-common/2.3.0/ranger-plugins-common-2.3.0.jar:/home/runner/.m2/repository/commons-lang/commons-lang/2.6/commons-lang-2.6.jar:/home/runner/.m2/repository/org/apache/ranger/ranger-plugins-cred/2.3.0/ranger-plugins-cred-2.3.0.jar:/home/runner/.m2/repository/org/apache/ranger/ranger-plugins-audit/2.3.0/ranger-plugins-audit-2.3.0.jar:/home/runner/.m2/repository/org/eclipse/jetty/jetty-client/9.4.51.v20230217/jetty-client-9.4.51.v20230217.jar:/home/runner/.m2/repository/org/apache/httpcomponents/httpmime/4.5.6/httpmime-4.5.6.jar:/home/runner/.m2/repository/org/apache/httpcomponents/httpcore-nio/4.4.13/httpcore-nio-4.4.13.jar:/home/runner/.m2/repository/org/apache/httpcomponents/httpasyncclient/4.1.3/httpasyncclient-4.1.3.jar:/home/runner/.m2/repository/com/carrotsearch/hppc/0.8.0/hppc-0.8.0.jar:/home/runner/.m2/repository/org/apache/orc/orc-core/1.5.8/orc-core-1.5.8.jar:/home/runner/.m2/repository/net/java/dev/jna/jna/5.2.0/jna-5.2.0.jar:/home/runner/.m2/repository/net/java/dev/jna/jna-platform/5.2.0/jna-platform-5.2.0.jar:/home/runner/.m2/repository/com/kstruct/gethostname4j/0.0.2/gethostname4j-0.0.2.jar:/home/runner/.m2/repository/org/apache/ranger/ranger-plugin-classloader/2.3.0/ranger-plugin-classloader-2.3.0.jar:/home/runner/.m2/repository/org/apache/ozone/hdds-rocks-native/1.4.0-SNAPSHOT/hdds-rocks-native-1.4.0-SNAPSHOT.jar:/home/runner/.m2/repository/org/apache/hadoop/hadoop-minikdc/3.3.5/hadoop-minikdc-3.3.5.jar:/home/runner/.m2/repository/org/apache/kerby/kerb-simplekdc/1.0.1/kerb-simplekdc-1.0.1.jar:/home/runner/.m2/repository/org/apache/kerby/kerb-client/1.0.1/kerb-client-1.0.1.jar:/home/runner/.m2/repository/org/apache/kerby/kerby-config/1.0.1/kerby-config-1.0.1.jar:/home/runner/.m2/repository/org/apache/kerby/kerb-common/1.0.1/kerb-common-1.0.1.jar:/home/runner/.m2/repository/org/apache/kerby/kerb-crypto/1.0.1/kerb-crypto-1.0.1.jar:/home/runner/.m2/repository/org/apache/kerby/kerb-util/1.0.1/kerb-util-1.0.1.jar:/home/runner/.m2/repository/org/apache/kerby/token-provider/1.0.1/token-provider-1.0.1.jar:/home/runner/.m2/repository/org/apache/kerby/kerb-admin/1.0.1/kerb-admin-1.0.1.jar:/home/runner/.m2/repository/org/apache/kerby/kerb-server/1.0.1/kerb-server-1.0.1.jar:/home/runner/.m2/repository/org/apache/kerby/kerb-identity/1.0.1/kerb-identity-1.0.1.jar:/home/runner/.m2/repository/org/apache/kerby/kerby-xdr/1.0.1/kerby-xdr-1.0.1.jar:/home/runner/.m2/repository/org/apache/ozone/ozone-s3gateway/1.4.0-SNAPSHOT/ozone-s3gateway-1.4.0-SNAPSHOT.jar:/home/runner/.m2/repository/org/javassist/javassist/3.21.0-GA/javassist-3.21.0-GA.jar:/home/runner/.m2/repository/org/jboss/weld/servlet/weld-servlet-shaded/3.1.9.Final/weld-servlet-shaded-3.1.9.Final.jar:/home/runner/.m2/repository/org/glassfish/jersey/containers/jersey-container-servlet-core/2.34/jersey-container-servlet-core-2.34.jar:/home/runner/.m2/repository/org/glassfish/hk2/external/jakarta.inject/2.6.1/jakarta.inject-2.6.1.jar:/home/runner/.m2/repository/org/glassfish/jersey/core/jersey-common/2.34/jersey-common-2.34.jar:/home/runner/.m2/repository/jakarta/ws/rs/jakarta.ws.rs-api/2.1.6/jakarta.ws.rs-api-2.1.6.jar:/home/runner/.m2/repository/org/glassfish/jersey/ext/cdi/jersey-cdi1x/2.34/jersey-cdi1x-2.34.jar:/home/runner/.m2/repository/org/glassfish/jersey/inject/jersey-hk2/2.34/jersey-hk2-2.34.jar:/home/runner/.m2/repository/org/glassfish/hk2/hk2-locator/2.6.1/hk2-locator-2.6.1.jar:/home/runner/.m2/repository/org/glassfish/jersey/media/jersey-media-jaxb/2.34/jersey-media-jaxb-2.34.jar:/home/runner/.m2/repository/org/glassfish/hk2/osgi-resource-locator/1.0.3/osgi-resource-locator-1.0.3.jar:/home/runner/.m2/repository/org/glassfish/hk2/hk2-api/2.5.0/hk2-api-2.5.0.jar:/home/runner/.m2/repository/org/glassfish/hk2/hk2-utils/2.5.0/hk2-utils-2.5.0.jar:/home/runner/.m2/repository/org/glassfish/hk2/external/aopalliance-repackaged/2.5.0/aopalliance-repackaged-2.5.0.jar:/home/runner/.m2/repository/com/fasterxml/jackson/dataformat/jackson-dataformat-xml/2.13.4/jackson-dataformat-xml-2.13.4.jar:/home/runner/.m2/repository/org/codehaus/woodstox/stax2-api/4.2.1/stax2-api-4.2.1.jar:/home/runner/.m2/repository/com/fasterxml/woodstox/woodstox-core/5.4.0/woodstox-core-5.4.0.jar:/home/runner/.m2/repository/com/fasterxml/jackson/module/jackson-module-jaxb-annotations/2.13.4/jackson-module-jaxb-annotations-2.13.4.jar:/home/runner/.m2/repository/jakarta/xml/bind/jakarta.xml.bind-api/2.3.3/jakarta.xml.bind-api-2.3.3.jar:/home/runner/.m2/repository/jakarta/activation/jakarta.activation-api/1.2.2/jakarta.activation-api-1.2.2.jar:/home/runner/.m2/repository/javax/enterprise/cdi-api/2.0/cdi-api-2.0.jar:/home/runner/.m2/repository/javax/el/javax.el-api/3.0.0/javax.el-api-3.0.0.jar:/home/runner/.m2/repository/javax/interceptor/javax.interceptor-api/1.2/javax.interceptor-api-1.2.jar:/home/runner/.m2/repository/javax/inject/javax.inject/1/javax.inject-1.jar:/home/runner/.m2/repository/javax/xml/bind/jaxb-api/2.3.0/jaxb-api-2.3.0.jar:/home/runner/.m2/repository/org/glassfish/jaxb/jaxb-runtime/2.3.0.1/jaxb-runtime-2.3.0.1.jar:/home/runner/.m2/repository/org/glassfish/jaxb/jaxb-core/2.3.0.1/jaxb-core-2.3.0.1.jar:/home/runner/.m2/repository/org/glassfish/jaxb/txw2/2.3.0.1/txw2-2.3.0.1.jar:/home/runner/.m2/repository/com/sun/istack/istack-commons-runtime/3.0.5/istack-commons-runtime-3.0.5.jar:/home/runner/.m2/repository/org/jvnet/staxex/stax-ex/1.7.8/stax-ex-1.7.8.jar:/home/runner/.m2/repository/com/sun/xml/fastinfoset/FastInfoset/1.2.13/FastInfoset-1.2.13.jar:/home/runner/.m2/repository/javax/activation/activation/1.1.1/activation-1.1.1.jar:/home/runner/.m2/repository/io/grpc/grpc-protobuf/1.51.1/grpc-protobuf-1.51.1.jar:/home/runner/.m2/repository/io/grpc/grpc-api/1.51.1/grpc-api-1.51.1.jar:/home/runner/.m2/repository/io/grpc/grpc-context/1.51.1/grpc-context-1.51.1.jar:/home/runner/.m2/repository/com/google/api/grpc/proto-google-common-protos/2.9.0/proto-google-common-protos-2.9.0.jar:/home/runner/.m2/repository/io/grpc/grpc-protobuf-lite/1.51.1/grpc-protobuf-lite-1.51.1.jar:/home/runner/.m2/repository/io/grpc/grpc-stub/1.51.1/grpc-stub-1.51.1.jar:/home/runner/.m2/repository/io/netty/netty-transport/4.1.86.Final/netty-transport-4.1.86.Final.jar:/home/runner/.m2/repository/io/netty/netty-resolver/4.1.86.Final/netty-resolver-4.1.86.Final.jar:/home/runner/.m2/repository/org/apache/ozone/ozone-csi/1.4.0-SNAPSHOT/ozone-csi-1.4.0-SNAPSHOT.jar:/home/runner/.m2/repository/com/google/protobuf/protobuf-java-util/3.19.6/protobuf-java-util-3.19.6.jar:/home/runner/.m2/repository/com/google/code/gson/gson/2.9.0/gson-2.9.0.jar:/home/runner/.m2/repository/org/apache/ozone/hdds-config/1.4.0-SNAPSHOT/hdds-config-1.4.0-SNAPSHOT.jar:/home/runner/.m2/repository/io/netty/netty-transport-native-epoll/4.1.86.Final/netty-transport-native-epoll-4.1.86.Final-linux-x86_64.jar:/home/runner/.m2/repository/io/netty/netty-transport-classes-epoll/4.1.86.Final/netty-transport-classes-epoll-4.1.86.Final.jar:/home/runner/.m2/repository/io/netty/netty-transport-native-unix-common/4.1.86.Final/netty-transport-native-unix-common-4.1.86.Final.jar:/home/runner/.m2/repository/org/apache/ozone/ozone-recon/1.4.0-SNAPSHOT/ozone-recon-1.4.0-SNAPSHOT.jar:/home/runner/.m2/repository/org/apache/ozone/ozone-reconcodegen/1.4.0-SNAPSHOT/ozone-reconcodegen-1.4.0-SNAPSHOT.jar:/home/runner/.m2/repository/com/google/inject/guice/5.1.0/guice-5.1.0.jar:/home/runner/.m2/repository/aopalliance/aopalliance/1.0/aopalliance-1.0.jar:/home/runner/.m2/repository/com/google/inject/extensions/guice-assistedinject/5.1.0/guice-assistedinject-5.1.0.jar:/home/runner/.m2/repository/com/google/inject/extensions/guice-servlet/5.1.0/guice-servlet-5.1.0.jar:/home/runner/.m2/repository/org/glassfish/jersey/containers/jersey-container-servlet/2.34/jersey-container-servlet-2.34.jar:/home/runner/.m2/repository/org/glassfish/hk2/guice-bridge/2.5.0/guice-bridge-2.5.0.jar:/home/runner/.m2/repository/org/glassfish/jersey/core/jersey-server/2.34/jersey-server-2.34.jar:/home/runner/.m2/repository/org/glassfish/jersey/core/jersey-client/2.34/jersey-client-2.34.jar:/home/runner/.m2/repository/jakarta/annotation/jakarta.annotation-api/1.3.5/jakarta.annotation-api-1.3.5.jar:/home/runner/.m2/repository/jakarta/validation/jakarta.validation-api/2.0.2/jakarta.validation-api-2.0.2.jar:/home/runner/.m2/repository/org/glassfish/jersey/media/jersey-media-json-jackson/2.34/jersey-media-json-jackson-2.34.jar:/home/runner/.m2/repository/org/glassfish/jersey/ext/jersey-entity-filtering/2.34/jersey-entity-filtering-2.34.jar:/home/runner/.m2/repository/org/jooq/jooq/3.11.10/jooq-3.11.10.jar:/home/runner/.m2/repository/org/jooq/jooq-meta/3.11.10/jooq-meta-3.11.10.jar:/home/runner/.m2/repository/org/jooq/jooq-codegen/3.11.10/jooq-codegen-3.11.10.jar:/home/runner/.m2/repository/com/jolbox/bonecp/0.8.0.RELEASE/bonecp-0.8.0.RELEASE.jar:/home/runner/.m2/repository/org/apache/derby/derby/10.14.2.0/derby-10.14.2.0.jar:/home/runner/.m2/repository/org/xerial/sqlite-jdbc/3.25.2/sqlite-jdbc-3.25.2.jar:/home/runner/.m2/repository/org/springframework/spring-jdbc/5.3.27/spring-jdbc-5.3.27.jar:/home/runner/.m2/repository/org/springframework/spring-beans/5.3.27/spring-beans-5.3.27.jar:/home/runner/.m2/repository/org/springframework/spring-core/5.3.27/spring-core-5.3.27.jar:/home/runner/.m2/repository/org/springframework/spring-tx/5.3.27/spring-tx-5.3.27.jar:/home/runner/.m2/repository/org/apache/ozone/ozone-client/1.4.0-SNAPSHOT/ozone-client-1.4.0-SNAPSHOT.jar:/home/runner/.m2/repository/org/apache/ozone/hdds-erasurecode/1.4.0-SNAPSHOT/hdds-erasurecode-1.4.0-SNAPSHOT.jar:/home/runner/.m2/repository/org/apache/ozone/ozone-filesystem/1.4.0-SNAPSHOT/ozone-filesystem-1.4.0-SNAPSHOT.jar:/home/runner/.m2/repository/org/apache/ozone/ozone-filesystem-common/1.4.0-SNAPSHOT/ozone-filesystem-common-1.4.0-SNAPSHOT.jar:/home/runner/.m2/repository/org/apache/ozone/ozone-tools/1.4.0-SNAPSHOT/ozone-tools-1.4.0-SNAPSHOT.jar:/home/runner/.m2/repository/com/amazonaws/aws-java-sdk-core/1.12.261/aws-java-sdk-core-1.12.261.jar:/home/runner/.m2/repository/org/apache/httpcomponents/httpclient/4.5.13/httpclient-4.5.13.jar:/home/runner/.m2/repository/org/apache/httpcomponents/httpcore/4.4.13/httpcore-4.4.13.jar:/home/runner/.m2/repository/software/amazon/ion/ion-java/1.0.2/ion-java-1.0.2.jar:/home/runner/.m2/repository/com/fasterxml/jackson/dataformat/jackson-dataformat-cbor/2.13.4/jackson-dataformat-cbor-2.13.4.jar:/home/runner/.m2/repository/joda-time/joda-time/2.10.6/joda-time-2.10.6.jar:/home/runner/.m2/repository/com/amazonaws/aws-java-sdk-s3/1.12.261/aws-java-sdk-s3-1.12.261.jar:/home/runner/.m2/repository/com/amazonaws/aws-java-sdk-kms/1.12.261/aws-java-sdk-kms-1.12.261.jar:/home/runner/.m2/repository/com/amazonaws/jmespath-java/1.12.261/jmespath-java-1.12.261.jar:/home/runner/.m2/repository/org/kohsuke/metainf-services/metainf-services/1.8/metainf-services-1.8.jar:/home/runner/.m2/repository/org/apache/ozone/hdds-tools/1.4.0-SNAPSHOT/hdds-tools-1.4.0-SNAPSHOT.jar:/home/runner/.m2/repository/org/apache/ratis/ratis-tools/2.5.1/ratis-tools-2.5.1.jar:/home/runner/.m2/repository/commons-cli/commons-cli/1.2/commons-cli-1.2.jar:/home/runner/.m2/repository/org/apache/commons/commons-lang3/3.7/commons-lang3-3.7.jar:/home/runner/.m2/repository/org/apache/ozone/ozone-manager/1.4.0-SNAPSHOT/ozone-manager-1.4.0-SNAPSHOT-tests.jar:/home/runner/.m2/repository/org/apache/ozone/hdds-common/1.4.0-SNAPSHOT/hdds-common-1.4.0-SNAPSHOT-tests.jar:/home/runner/.m2/repository/org/apache/ozone/hdds-hadoop-dependency-client/1.4.0-SNAPSHOT/hdds-hadoop-dependency-client-1.4.0-SNAPSHOT.jar:/home/runner/.m2/repository/info/picocli/picocli/4.6.1/picocli-4.6.1.jar:/home/runner/.m2/repository/com/fasterxml/jackson/core/jackson-annotations/2.13.4/jackson-annotations-2.13.4.jar:/home/runner/.m2/repository/org/apache/ozone/hdds-annotation-processing/1.4.0-SNAPSHOT/hdds-annotation-processing-1.4.0-SNAPSHOT.jar:/home/runner/.m2/repository/javax/annotation/javax.annotation-api/1.2/javax.annotation-api-1.2.jar:/home/runner/.m2/repository/org/apache/ratis/ratis-netty/2.5.1/ratis-netty-2.5.1.jar:/home/runner/.m2/repository/org/apache/ratis/ratis-grpc/2.5.1/ratis-grpc-2.5.1.jar:/home/runner/.m2/repository/org/apache/logging/log4j/log4j-api/2.17.1/log4j-api-2.17.1.jar:/home/runner/.m2/repository/org/apache/commons/commons-pool2/2.6.0/commons-pool2-2.6.0.jar:/home/runner/.m2/repository/org/bouncycastle/bcpkix-jdk15on/1.67/bcpkix-jdk15on-1.67.jar:/home/runner/.m2/repository/commons-validator/commons-validator/1.6/commons-validator-1.6.jar:/home/runner/.m2/repository/commons-beanutils/commons-beanutils/1.9.4/commons-beanutils-1.9.4.jar:/home/runner/.m2/repository/commons-digester/commons-digester/1.8.1/commons-digester-1.8.1.jar:/home/runner/.m2/repository/commons-collections/commons-collections/3.2.2/commons-collections-3.2.2.jar:/home/runner/.m2/repository/io/jaegertracing/jaeger-client/1.6.0/jaeger-client-1.6.0.jar:/home/runner/.m2/repository/io/jaegertracing/jaeger-thrift/1.6.0/jaeger-thrift-1.6.0.jar:/home/runner/.m2/repository/org/apache/thrift/libthrift/0.14.1/libthrift-0.14.1.jar:/home/runner/.m2/repository/io/jaegertracing/jaeger-core/1.6.0/jaeger-core-1.6.0.jar:/home/runner/.m2/repository/io/jaegertracing/jaeger-tracerresolver/1.6.0/jaeger-tracerresolver-1.6.0.jar:/home/runner/.m2/repository/io/opentracing/contrib/opentracing-tracerresolver/0.1.8/opentracing-tracerresolver-0.1.8.jar:/home/runner/.m2/repository/org/jetbrains/kotlin/kotlin-stdlib/1.6.21/kotlin-stdlib-1.6.21.jar:/home/runner/.m2/repository/org/jetbrains/annotations/13.0/annotations-13.0.jar:/home/runner/.m2/repository/io/opentracing/opentracing-util/0.33.0/opentracing-util-0.33.0.jar:/home/runner/.m2/repository/io/opentracing/opentracing-api/0.33.0/opentracing-api-0.33.0.jar:/home/runner/.m2/repository/io/opentracing/opentracing-noop/0.33.0/opentracing-noop-0.33.0.jar:/home/runner/.m2/repository/org/yaml/snakeyaml/2.0/snakeyaml-2.0.jar:/home/runner/.m2/repository/junit/junit/4.13.1/junit-4.13.1.jar:/home/runner/.m2/repository/org/hamcrest/hamcrest-core/1.3/hamcrest-core-1.3.jar:/home/runner/.m2/repository/org/junit/jupiter/junit-jupiter-api/5.8.2/junit-jupiter-api-5.8.2.jar:/home/runner/.m2/repository/org/opentest4j/opentest4j/1.2.0/opentest4j-1.2.0.jar:/home/runner/.m2/repository/org/junit/platform/junit-platform-commons/1.8.2/junit-platform-commons-1.8.2.jar:/home/runner/.m2/repository/org/apiguardian/apiguardian-api/1.1.2/apiguardian-api-1.1.2.jar:/home/runner/.m2/repository/org/junit/jupiter/junit-jupiter-params/5.8.2/junit-jupiter-params-5.8.2.jar:/home/runner/.m2/repository/org/junit/jupiter/junit-jupiter-migrationsupport/5.8.2/junit-jupiter-migrationsupport-5.8.2.jar:/home/runner/.m2/repository/org/junit/jupiter/junit-jupiter-engine/5.8.2/junit-jupiter-engine-5.8.2.jar:/home/runner/.m2/repository/org/junit/platform/junit-platform-engine/1.8.2/junit-platform-engine-1.8.2.jar:/home/runner/.m2/repository/org/junit/vintage/junit-vintage-engine/5.8.2/junit-vintage-engine-5.8.2.jar:/home/runner/.m2/repository/org/junit/platform/junit-platform-launcher/1.8.2/junit-platform-launcher-1.8.2.jar:/home/runner/.m2/repository/org/mockito/mockito-core/2.28.2/mockito-core-2.28.2.jar:/home/runner/.m2/repository/net/bytebuddy/byte-buddy/1.9.10/byte-buddy-1.9.10.jar:/home/runner/.m2/repository/net/bytebuddy/byte-buddy-agent/1.9.10/byte-buddy-agent-1.9.10.jar:/home/runner/.m2/repository/org/objenesis/objenesis/1.0/objenesis-1.0.jar:/home/runner/.m2/repository/org/apache/hadoop/hadoop-kms/3.3.5/hadoop-kms-3.3.5.jar:/home/runner/.m2/repository/org/apache/hadoop/hadoop-auth/3.3.5/hadoop-auth-3.3.5.jar:/home/runner/.m2/repository/com/nimbusds/nimbus-jose-jwt/9.8.1/nimbus-jose-jwt-9.8.1.jar:/home/runner/.m2/repository/com/github/stephenc/jcip/jcip-annotations/1.0-1/jcip-annotations-1.0-1.jar:/home/runner/.m2/repository/net/minidev/json-smart/2.4.7/json-smart-2.4.7.jar:/home/runner/.m2/repository/net/minidev/accessors-smart/2.4.7/accessors-smart-2.4.7.jar:/home/runner/.m2/repository/org/ow2/asm/asm/5.0.4/asm-5.0.4.jar:/home/runner/.m2/repository/org/apache/zookeeper/zookeeper/3.5.6/zookeeper-3.5.6.jar:/home/runner/.m2/repository/org/apache/zookeeper/zookeeper-jute/3.5.6/zookeeper-jute-3.5.6.jar:/home/runner/.m2/repository/org/apache/yetus/audience-annotations/0.5.0/audience-annotations-0.5.0.jar:/home/runner/.m2/repository/org/apache/curator/curator-framework/4.2.0/curator-framework-4.2.0.jar:/home/runner/.m2/repository/org/apache/hadoop/thirdparty/hadoop-shaded-guava/1.1.1/hadoop-shaded-guava-1.1.1.jar:/home/runner/.m2/repository/com/sun/jersey/jersey-core/1.19/jersey-core-1.19.jar:/home/runner/.m2/repository/javax/ws/rs/jsr311-api/1.1.1/jsr311-api-1.1.1.jar:/home/runner/.m2/repository/com/sun/jersey/jersey-server/1.19/jersey-server-1.19.jar:/home/runner/.m2/repository/javax/servlet/javax.servlet-api/3.1.0/javax.servlet-api-3.1.0.jar:/home/runner/.m2/repository/org/apache/hadoop/hadoop-common/3.3.5/hadoop-common-3.3.5.jar:/home/runner/.m2/repository/org/apache/commons/commons-math3/3.1.1/commons-math3-3.1.1.jar:/home/runner/.m2/repository/commons-net/commons-net/3.9.0/commons-net-3.9.0.jar:/home/runner/.m2/repository/com/sun/jersey/jersey-servlet/1.19/jersey-servlet-1.19.jar:/home/runner/.m2/repository/com/github/pjfanning/jersey-json/1.20/jersey-json-1.20.jar:/home/runner/.m2/repository/org/codehaus/jettison/jettison/1.1/jettison-1.1.jar:/home/runner/.m2/repository/com/sun/xml/bind/jaxb-impl/2.2.3-1/jaxb-impl-2.2.3-1.jar:/home/runner/.m2/repository/com/google/re2j/re2j/1.1/re2j-1.1.jar:/home/runner/.m2/repository/com/jcraft/jsch/0.1.54/jsch-0.1.54.jar:/home/runner/.m2/repository/org/apache/curator/curator-client/4.2.0/curator-client-4.2.0.jar:/home/runner/.m2/repository/org/apache/curator/curator-recipes/4.2.0/curator-recipes-4.2.0.jar:/home/runner/.m2/repository/org/apache/kerby/kerb-core/1.0.1/kerb-core-1.0.1.jar:/home/runner/.m2/repository/org/apache/kerby/kerby-pkix/1.0.1/kerby-pkix-1.0.1.jar:/home/runner/.m2/repository/org/apache/kerby/kerby-asn1/1.0.1/kerby-asn1-1.0.1.jar:/home/runner/.m2/repository/org/apache/kerby/kerby-util/1.0.1/kerby-util-1.0.1.jar:/home/runner/.m2/repository/dnsjava/dnsjava/2.1.7/dnsjava-2.1.7.jar:/home/runner/.m2/repository/org/xerial/snappy/snappy-java/1.1.8.2/snappy-java-1.1.8.2.jar:/home/runner/.m2/repository/com/fasterxml/jackson/core/jackson-databind/2.13.4.2/jackson-databind-2.13.4.2.jar:/home/runner/.m2/repository/org/apache/hadoop/hadoop-kms/3.3.5/hadoop-kms-3.3.5-tests.jar:/home/runner/.m2/repository/org/apache/ozone/hdds-server-scm/1.4.0-SNAPSHOT/hdds-server-scm-1.4.0-SNAPSHOT-tests.jar:/home/runner/.m2/repository/org/apache/ozone/hdds-container-service/1.4.0-SNAPSHOT/hdds-container-service-1.4.0-SNAPSHOT-tests.jar:/home/runner/.m2/repository/com/github/luben/zstd-jni/1.5.2-5/zstd-jni-1.5.2-5.jar:/home/runner/.m2/repository/commons-codec/commons-codec/1.15/commons-codec-1.15.jar:/home/runner/.m2/repository/io/netty/netty-codec/4.1.86.Final/netty-codec-4.1.86.Final.jar:/home/runner/.m2/repository/io/netty/netty-handler/4.1.86.Final/netty-handler-4.1.86.Final.jar:/home/runner/.m2/repository/org/apache/ozone/hdds-hadoop-dependency-test/1.4.0-SNAPSHOT/hdds-hadoop-dependency-test-1.4.0-SNAPSHOT.jar:/home/runner/.m2/repository/org/apache/hadoop/hadoop-common/3.3.5/hadoop-common-3.3.5-tests.jar:/home/runner/.m2/repository/org/apache/hadoop/hadoop-hdfs/3.3.5/hadoop-hdfs-3.3.5-tests.jar:/home/runner/.m2/repository/org/assertj/assertj-core/3.12.2/assertj-core-3.12.2.jar:/home/runner/.m2/repository/org/apache/hadoop/hadoop-distcp/3.3.5/hadoop-distcp-3.3.5.jar:/home/runner/.m2/repository/org/apache/hadoop/hadoop-mapreduce-client-jobclient/3.3.5/hadoop-mapreduce-client-jobclient-3.3.5.jar:/home/runner/.m2/repository/org/apache/hadoop/hadoop-mapreduce-client-common/3.3.5/hadoop-mapreduce-client-common-3.3.5.jar:/home/runner/.m2/repository/org/apache/hadoop/hadoop-yarn-common/3.3.5/hadoop-yarn-common-3.3.5.jar:/home/runner/.m2/repository/org/apache/hadoop/hadoop-yarn-api/3.3.5/hadoop-yarn-api-3.3.5.jar:/home/runner/.m2/repository/com/sun/jersey/contribs/jersey-guice/1.19/jersey-guice-1.19.jar:/home/runner/.m2/repository/com/fasterxml/jackson/jaxrs/jackson-jaxrs-json-provider/2.13.4/jackson-jaxrs-json-provider-2.13.4.jar:/home/runner/.m2/repository/com/fasterxml/jackson/jaxrs/jackson-jaxrs-base/2.13.4/jackson-jaxrs-base-2.13.4.jar:/home/runner/.m2/repository/org/apache/hadoop/hadoop-yarn-client/3.3.5/hadoop-yarn-client-3.3.5.jar:/home/runner/.m2/repository/org/eclipse/jetty/websocket/websocket-client/9.4.48.v20220622/websocket-client-9.4.48.v20220622.jar:/home/runner/.m2/repository/org/eclipse/jetty/websocket/websocket-common/9.4.48.v20220622/websocket-common-9.4.48.v20220622.jar:/home/runner/.m2/repository/org/eclipse/jetty/websocket/websocket-api/9.4.48.v20220622/websocket-api-9.4.48.v20220622.jar:/home/runner/.m2/repository/org/jline/jline/3.9.0/jline-3.9.0.jar:/home/runner/.m2/repository/org/apache/hadoop/hadoop-mapreduce-client-core/3.3.5/hadoop-mapreduce-client-core-3.3.5.jar:/home/runner/.m2/repository/org/apache/avro/avro/1.7.7/avro-1.7.7.jar:/home/runner/.m2/repository/com/thoughtworks/paranamer/paranamer/2.3/paranamer-2.3.jar:/home/runner/.m2/repository/org/apache/hadoop/hadoop-annotations/3.3.5/hadoop-annotations-3.3.5.jar:/usr/lib/jvm/temurin-8-jdk-amd64/jre/../lib/tools.jar:/home/runner/.m2/repository/io/netty/netty/3.10.6.Final/netty-3.10.6.Final.jar:/home/runner/.m2/repository/org/apache/hadoop/hadoop-distcp/3.3.5/hadoop-distcp-3.3.5-tests.jar:/home/runner/.m2/repository/org/slf4j/jul-to-slf4j/1.7.36/jul-to-slf4j-1.7.36.jar:"/>
    <property name="java.vm.vendor" value="Temurin"/>
    <property name="sun.arch.data.model" value="64"/>
    <property name="test.build.dir" value="/home/runner/work/ozone/ozone/hadoop-ozone/integration-test/target/test-dir"/>
    <property name="test.cache.data" value=""/>
    <property name="java.vendor.url" value="https://adoptium.net/"/>
    <property name="user.timezone" value="Etc/UTC"/>
    <property name="java.vm.specification.version" value="1.8"/>
    <property name="os.name" value="Linux"/>
    <property name="test.build.data" value="/home/runner/work/ozone/ozone/hadoop-ozone/integration-test/target/test-dir"/>
    <property name="sun.java.launcher" value="SUN_STANDARD"/>
    <property name="sun.boot.library.path" value="/usr/lib/jvm/temurin-8-jdk-amd64/jre/lib/amd64"/>
    <property name="sun.java.command" value="/home/runner/work/ozone/ozone/hadoop-ozone/integration-test/target/surefire/surefirebooter2761485677312317377.jar /home/runner/work/ozone/ozone/hadoop-ozone/integration-test/target/surefire 2023-05-12T15-13-49_748-jvmRun1 surefire3148710233675329478tmp surefire_285738670803699992946tmp"/>
    <property name="surefire.test.class.path" value="/home/runner/work/ozone/ozone/hadoop-ozone/integration-test/target/test-classes:/home/runner/work/ozone/ozone/hadoop-ozone/integration-test/target/classes:/home/runner/.m2/repository/org/apache/ozone/ozone-common/1.4.0-SNAPSHOT/ozone-common-1.4.0-SNAPSHOT.jar:/home/runner/.m2/repository/io/grpc/grpc-netty/1.51.1/grpc-netty-1.51.1.jar:/home/runner/.m2/repository/io/grpc/grpc-core/1.51.1/grpc-core-1.51.1.jar:/home/runner/.m2/repository/com/google/android/annotations/4.1.1.4/annotations-4.1.1.4.jar:/home/runner/.m2/repository/org/codehaus/mojo/animal-sniffer-annotations/1.21/animal-sniffer-annotations-1.21.jar:/home/runner/.m2/repository/com/google/errorprone/error_prone_annotations/2.2.0/error_prone_annotations-2.2.0.jar:/home/runner/.m2/repository/io/perfmark/perfmark-api/0.25.0/perfmark-api-0.25.0.jar:/home/runner/.m2/repository/io/netty/netty-codec-http2/4.1.86.Final/netty-codec-http2-4.1.86.Final.jar:/home/runner/.m2/repository/io/netty/netty-common/4.1.86.Final/netty-common-4.1.86.Final.jar:/home/runner/.m2/repository/io/netty/netty-buffer/4.1.86.Final/netty-buffer-4.1.86.Final.jar:/home/runner/.m2/repository/io/netty/netty-codec-http/4.1.86.Final/netty-codec-http-4.1.86.Final.jar:/home/runner/.m2/repository/io/netty/netty-handler-proxy/4.1.86.Final/netty-handler-proxy-4.1.86.Final.jar:/home/runner/.m2/repository/io/netty/netty-codec-socks/4.1.86.Final/netty-codec-socks-4.1.86.Final.jar:/home/runner/.m2/repository/io/netty/netty-tcnative-boringssl-static/2.0.54.Final/netty-tcnative-boringssl-static-2.0.54.Final.jar:/home/runner/.m2/repository/io/netty/netty-tcnative-classes/2.0.54.Final/netty-tcnative-classes-2.0.54.Final.jar:/home/runner/.m2/repository/io/netty/netty-tcnative-boringssl-static/2.0.54.Final/netty-tcnative-boringssl-static-2.0.54.Final-linux-x86_64.jar:/home/runner/.m2/repository/io/netty/netty-tcnative-boringssl-static/2.0.54.Final/netty-tcnative-boringssl-static-2.0.54.Final-linux-aarch_64.jar:/home/runner/.m2/repository/io/netty/netty-tcnative-boringssl-static/2.0.54.Final/netty-tcnative-boringssl-static-2.0.54.Final-osx-x86_64.jar:/home/runner/.m2/repository/io/netty/netty-tcnative-boringssl-static/2.0.54.Final/netty-tcnative-boringssl-static-2.0.54.Final-osx-aarch_64.jar:/home/runner/.m2/repository/io/netty/netty-tcnative-boringssl-static/2.0.54.Final/netty-tcnative-boringssl-static-2.0.54.Final-windows-x86_64.jar:/home/runner/.m2/repository/org/apache/commons/commons-compress/1.21/commons-compress-1.21.jar:/home/runner/.m2/repository/org/apache/ozone/hdds-common/1.4.0-SNAPSHOT/hdds-common-1.4.0-SNAPSHOT.jar:/home/runner/.m2/repository/org/apache/ozone/hdds-client/1.4.0-SNAPSHOT/hdds-client-1.4.0-SNAPSHOT.jar:/home/runner/.m2/repository/org/apache/ozone/ozone-interface-client/1.4.0-SNAPSHOT/ozone-interface-client-1.4.0-SNAPSHOT.jar:/home/runner/.m2/repository/org/apache/hadoop/hadoop-hdfs-client/3.3.5/hadoop-hdfs-client-3.3.5.jar:/home/runner/.m2/repository/com/squareup/okhttp3/okhttp/4.9.3/okhttp-4.9.3.jar:/home/runner/.m2/repository/com/squareup/okio/okio/2.8.0/okio-2.8.0.jar:/home/runner/.m2/repository/org/jetbrains/kotlin/kotlin-stdlib-common/1.6.21/kotlin-stdlib-common-1.6.21.jar:/home/runner/.m2/repository/org/apache/ozone/hdds-test-utils/1.4.0-SNAPSHOT/hdds-test-utils-1.4.0-SNAPSHOT.jar:/home/runner/.m2/repository/com/google/guava/guava/31.1-jre/guava-31.1-jre.jar:/home/runner/.m2/repository/com/google/guava/failureaccess/1.0.1/failureaccess-1.0.1.jar:/home/runner/.m2/repository/com/google/guava/listenablefuture/9999.0-empty-to-avoid-conflict-with-guava/listenablefuture-9999.0-empty-to-avoid-conflict-with-guava.jar:/home/runner/.m2/repository/com/google/code/findbugs/jsr305/3.0.0/jsr305-3.0.0.jar:/home/runner/.m2/repository/org/checkerframework/checker-qual/3.12.0/checker-qual-3.12.0.jar:/home/runner/.m2/repository/com/google/j2objc/j2objc-annotations/1.3/j2objc-annotations-1.3.jar:/home/runner/.m2/repository/commons-io/commons-io/2.11.0/commons-io-2.11.0.jar:/home/runner/.m2/repository/commons-logging/commons-logging/1.2/commons-logging-1.2.jar:/home/runner/.m2/repository/ch/qos/reload4j/reload4j/1.2.22/reload4j-1.2.22.jar:/home/runner/.m2/repository/org/slf4j/slf4j-api/1.7.36/slf4j-api-1.7.36.jar:/home/runner/.m2/repository/org/apache/ozone/hdds-server-scm/1.4.0-SNAPSHOT/hdds-server-scm-1.4.0-SNAPSHOT.jar:/home/runner/.m2/repository/org/apache/ozone/hdds-container-service/1.4.0-SNAPSHOT/hdds-container-service-1.4.0-SNAPSHOT.jar:/home/runner/.m2/repository/org/apache/ozone/hdds-hadoop-dependency-server/1.4.0-SNAPSHOT/hdds-hadoop-dependency-server-1.4.0-SNAPSHOT.jar:/home/runner/.m2/repository/org/apache/hadoop/hadoop-hdfs/3.3.5/hadoop-hdfs-3.3.5.jar:/home/runner/.m2/repository/commons-daemon/commons-daemon/1.0.13/commons-daemon-1.0.13.jar:/home/runner/.m2/repository/org/apache/ozone/hdds-server-framework/1.4.0-SNAPSHOT/hdds-server-framework-1.4.0-SNAPSHOT.jar:/home/runner/.m2/repository/io/dropwizard/metrics/metrics-core/3.2.4/metrics-core-3.2.4.jar:/home/runner/.m2/repository/org/apache/commons/commons-text/1.4/commons-text-1.4.jar:/home/runner/.m2/repository/org/bouncycastle/bcprov-jdk15on/1.67/bcprov-jdk15on-1.67.jar:/home/runner/.m2/repository/com/google/protobuf/protobuf-java/2.5.0/protobuf-java-2.5.0.jar:/home/runner/.m2/repository/org/apache/ozone/hdds-server-framework/1.4.0-SNAPSHOT/hdds-server-framework-1.4.0-SNAPSHOT-tests.jar:/home/runner/.m2/repository/org/apache/ozone/hdds-interface-server/1.4.0-SNAPSHOT/hdds-interface-server-1.4.0-SNAPSHOT.jar:/home/runner/.m2/repository/org/apache/ozone/hdds-interface-admin/1.4.0-SNAPSHOT/hdds-interface-admin-1.4.0-SNAPSHOT.jar:/home/runner/.m2/repository/org/apache/ozone/hdds-managed-rocksdb/1.4.0-SNAPSHOT/hdds-managed-rocksdb-1.4.0-SNAPSHOT.jar:/home/runner/.m2/repository/org/rocksdb/rocksdbjni/7.7.3/rocksdbjni-7.7.3.jar:/home/runner/.m2/repository/org/slf4j/slf4j-reload4j/1.7.36/slf4j-reload4j-1.7.36.jar:/home/runner/.m2/repository/org/apache/commons/commons-configuration2/2.1.1/commons-configuration2-2.1.1.jar:/home/runner/.m2/repository/org/apache/logging/log4j/log4j-core/2.17.1/log4j-core-2.17.1.jar:/home/runner/.m2/repository/com/lmax/disruptor/3.4.2/disruptor-3.4.2.jar:/home/runner/.m2/repository/org/eclipse/jetty/jetty-util/9.4.51.v20230217/jetty-util-9.4.51.v20230217.jar:/home/runner/.m2/repository/org/eclipse/jetty/jetty-server/9.4.51.v20230217/jetty-server-9.4.51.v20230217.jar:/home/runner/.m2/repository/org/eclipse/jetty/jetty-http/9.4.51.v20230217/jetty-http-9.4.51.v20230217.jar:/home/runner/.m2/repository/org/eclipse/jetty/jetty-io/9.4.51.v20230217/jetty-io-9.4.51.v20230217.jar:/home/runner/.m2/repository/org/eclipse/jetty/jetty-servlet/9.4.51.v20230217/jetty-servlet-9.4.51.v20230217.jar:/home/runner/.m2/repository/org/eclipse/jetty/jetty-security/9.4.51.v20230217/jetty-security-9.4.51.v20230217.jar:/home/runner/.m2/repository/org/eclipse/jetty/jetty-util-ajax/9.4.51.v20230217/jetty-util-ajax-9.4.51.v20230217.jar:/home/runner/.m2/repository/org/eclipse/jetty/jetty-webapp/9.4.51.v20230217/jetty-webapp-9.4.51.v20230217.jar:/home/runner/.m2/repository/org/eclipse/jetty/jetty-xml/9.4.51.v20230217/jetty-xml-9.4.51.v20230217.jar:/home/runner/.m2/repository/org/apache/ratis/ratis-server/2.5.1/ratis-server-2.5.1.jar:/home/runner/.m2/repository/org/apache/ratis/ratis-thirdparty-misc/1.0.4/ratis-thirdparty-misc-1.0.4.jar:/home/runner/.m2/repository/org/apache/ratis/ratis-proto/2.5.1/ratis-proto-2.5.1.jar:/home/runner/.m2/repository/org/apache/ratis/ratis-common/2.5.1/ratis-common-2.5.1.jar:/home/runner/.m2/repository/org/apache/ratis/ratis-client/2.5.1/ratis-client-2.5.1.jar:/home/runner/.m2/repository/org/apache/ratis/ratis-server-api/2.5.1/ratis-server-api-2.5.1.jar:/home/runner/.m2/repository/org/apache/ratis/ratis-metrics/2.5.1/ratis-metrics-2.5.1.jar:/home/runner/.m2/repository/io/prometheus/simpleclient_dropwizard/0.7.0/simpleclient_dropwizard-0.7.0.jar:/home/runner/.m2/repository/io/prometheus/simpleclient/0.7.0/simpleclient-0.7.0.jar:/home/runner/.m2/repository/io/prometheus/simpleclient_common/0.7.0/simpleclient_common-0.7.0.jar:/home/runner/.m2/repository/com/fasterxml/jackson/datatype/jackson-datatype-jsr310/2.13.4/jackson-datatype-jsr310-2.13.4.jar:/home/runner/.m2/repository/com/fasterxml/jackson/core/jackson-core/2.13.4/jackson-core-2.13.4.jar:/home/runner/.m2/repository/com/github/spotbugs/spotbugs-annotations/3.1.12/spotbugs-annotations-3.1.12.jar:/home/runner/.m2/repository/org/apache/ozone/rocksdb-checkpoint-differ/1.4.0-SNAPSHOT/rocksdb-checkpoint-differ-1.4.0-SNAPSHOT.jar:/home/runner/.m2/repository/org/awaitility/awaitility/4.2.0/awaitility-4.2.0.jar:/home/runner/.m2/repository/org/hamcrest/hamcrest/2.1/hamcrest-2.1.jar:/home/runner/.m2/repository/org/apache/ozone/ozone-manager/1.4.0-SNAPSHOT/ozone-manager-1.4.0-SNAPSHOT.jar:/home/runner/.m2/repository/org/aspectj/aspectjrt/1.9.7/aspectjrt-1.9.7.jar:/home/runner/.m2/repository/org/aspectj/aspectjweaver/1.9.7/aspectjweaver-1.9.7.jar:/home/runner/.m2/repository/org/apache/ozone/hdds-interface-client/1.4.0-SNAPSHOT/hdds-interface-client-1.4.0-SNAPSHOT.jar:/home/runner/.m2/repository/org/apache/hadoop/thirdparty/hadoop-shaded-protobuf_3_7/1.1.1/hadoop-shaded-protobuf_3_7-1.1.1.jar:/home/runner/.m2/repository/org/apache/ozone/ozone-interface-storage/1.4.0-SNAPSHOT/ozone-interface-storage-1.4.0-SNAPSHOT.jar:/home/runner/.m2/repository/org/reflections/reflections/0.9.11/reflections-0.9.11.jar:/home/runner/.m2/repository/com/sun/jersey/jersey-client/1.19/jersey-client-1.19.jar:/home/runner/.m2/repository/org/codehaus/jackson/jackson-core-asl/1.9.13/jackson-core-asl-1.9.13.jar:/home/runner/.m2/repository/org/codehaus/jackson/jackson-mapper-asl/1.9.13/jackson-mapper-asl-1.9.13.jar:/home/runner/.m2/repository/org/codehaus/jackson/jackson-jaxrs/1.9.13/jackson-jaxrs-1.9.13.jar:/home/runner/.m2/repository/org/apache/ranger/ranger-intg/2.3.0/ranger-intg-2.3.0.jar:/home/runner/.m2/repository/org/apache/ranger/ranger-plugins-common/2.3.0/ranger-plugins-common-2.3.0.jar:/home/runner/.m2/repository/commons-lang/commons-lang/2.6/commons-lang-2.6.jar:/home/runner/.m2/repository/org/apache/ranger/ranger-plugins-cred/2.3.0/ranger-plugins-cred-2.3.0.jar:/home/runner/.m2/repository/org/apache/ranger/ranger-plugins-audit/2.3.0/ranger-plugins-audit-2.3.0.jar:/home/runner/.m2/repository/org/eclipse/jetty/jetty-client/9.4.51.v20230217/jetty-client-9.4.51.v20230217.jar:/home/runner/.m2/repository/org/apache/httpcomponents/httpmime/4.5.6/httpmime-4.5.6.jar:/home/runner/.m2/repository/org/apache/httpcomponents/httpcore-nio/4.4.13/httpcore-nio-4.4.13.jar:/home/runner/.m2/repository/org/apache/httpcomponents/httpasyncclient/4.1.3/httpasyncclient-4.1.3.jar:/home/runner/.m2/repository/com/carrotsearch/hppc/0.8.0/hppc-0.8.0.jar:/home/runner/.m2/repository/org/apache/orc/orc-core/1.5.8/orc-core-1.5.8.jar:/home/runner/.m2/repository/net/java/dev/jna/jna/5.2.0/jna-5.2.0.jar:/home/runner/.m2/repository/net/java/dev/jna/jna-platform/5.2.0/jna-platform-5.2.0.jar:/home/runner/.m2/repository/com/kstruct/gethostname4j/0.0.2/gethostname4j-0.0.2.jar:/home/runner/.m2/repository/org/apache/ranger/ranger-plugin-classloader/2.3.0/ranger-plugin-classloader-2.3.0.jar:/home/runner/.m2/repository/org/apache/ozone/hdds-rocks-native/1.4.0-SNAPSHOT/hdds-rocks-native-1.4.0-SNAPSHOT.jar:/home/runner/.m2/repository/org/apache/hadoop/hadoop-minikdc/3.3.5/hadoop-minikdc-3.3.5.jar:/home/runner/.m2/repository/org/apache/kerby/kerb-simplekdc/1.0.1/kerb-simplekdc-1.0.1.jar:/home/runner/.m2/repository/org/apache/kerby/kerb-client/1.0.1/kerb-client-1.0.1.jar:/home/runner/.m2/repository/org/apache/kerby/kerby-config/1.0.1/kerby-config-1.0.1.jar:/home/runner/.m2/repository/org/apache/kerby/kerb-common/1.0.1/kerb-common-1.0.1.jar:/home/runner/.m2/repository/org/apache/kerby/kerb-crypto/1.0.1/kerb-crypto-1.0.1.jar:/home/runner/.m2/repository/org/apache/kerby/kerb-util/1.0.1/kerb-util-1.0.1.jar:/home/runner/.m2/repository/org/apache/kerby/token-provider/1.0.1/token-provider-1.0.1.jar:/home/runner/.m2/repository/org/apache/kerby/kerb-admin/1.0.1/kerb-admin-1.0.1.jar:/home/runner/.m2/repository/org/apache/kerby/kerb-server/1.0.1/kerb-server-1.0.1.jar:/home/runner/.m2/repository/org/apache/kerby/kerb-identity/1.0.1/kerb-identity-1.0.1.jar:/home/runner/.m2/repository/org/apache/kerby/kerby-xdr/1.0.1/kerby-xdr-1.0.1.jar:/home/runner/.m2/repository/org/apache/ozone/ozone-s3gateway/1.4.0-SNAPSHOT/ozone-s3gateway-1.4.0-SNAPSHOT.jar:/home/runner/.m2/repository/org/javassist/javassist/3.21.0-GA/javassist-3.21.0-GA.jar:/home/runner/.m2/repository/org/jboss/weld/servlet/weld-servlet-shaded/3.1.9.Final/weld-servlet-shaded-3.1.9.Final.jar:/home/runner/.m2/repository/org/glassfish/jersey/containers/jersey-container-servlet-core/2.34/jersey-container-servlet-core-2.34.jar:/home/runner/.m2/repository/org/glassfish/hk2/external/jakarta.inject/2.6.1/jakarta.inject-2.6.1.jar:/home/runner/.m2/repository/org/glassfish/jersey/core/jersey-common/2.34/jersey-common-2.34.jar:/home/runner/.m2/repository/jakarta/ws/rs/jakarta.ws.rs-api/2.1.6/jakarta.ws.rs-api-2.1.6.jar:/home/runner/.m2/repository/org/glassfish/jersey/ext/cdi/jersey-cdi1x/2.34/jersey-cdi1x-2.34.jar:/home/runner/.m2/repository/org/glassfish/jersey/inject/jersey-hk2/2.34/jersey-hk2-2.34.jar:/home/runner/.m2/repository/org/glassfish/hk2/hk2-locator/2.6.1/hk2-locator-2.6.1.jar:/home/runner/.m2/repository/org/glassfish/jersey/media/jersey-media-jaxb/2.34/jersey-media-jaxb-2.34.jar:/home/runner/.m2/repository/org/glassfish/hk2/osgi-resource-locator/1.0.3/osgi-resource-locator-1.0.3.jar:/home/runner/.m2/repository/org/glassfish/hk2/hk2-api/2.5.0/hk2-api-2.5.0.jar:/home/runner/.m2/repository/org/glassfish/hk2/hk2-utils/2.5.0/hk2-utils-2.5.0.jar:/home/runner/.m2/repository/org/glassfish/hk2/external/aopalliance-repackaged/2.5.0/aopalliance-repackaged-2.5.0.jar:/home/runner/.m2/repository/com/fasterxml/jackson/dataformat/jackson-dataformat-xml/2.13.4/jackson-dataformat-xml-2.13.4.jar:/home/runner/.m2/repository/org/codehaus/woodstox/stax2-api/4.2.1/stax2-api-4.2.1.jar:/home/runner/.m2/repository/com/fasterxml/woodstox/woodstox-core/5.4.0/woodstox-core-5.4.0.jar:/home/runner/.m2/repository/com/fasterxml/jackson/module/jackson-module-jaxb-annotations/2.13.4/jackson-module-jaxb-annotations-2.13.4.jar:/home/runner/.m2/repository/jakarta/xml/bind/jakarta.xml.bind-api/2.3.3/jakarta.xml.bind-api-2.3.3.jar:/home/runner/.m2/repository/jakarta/activation/jakarta.activation-api/1.2.2/jakarta.activation-api-1.2.2.jar:/home/runner/.m2/repository/javax/enterprise/cdi-api/2.0/cdi-api-2.0.jar:/home/runner/.m2/repository/javax/el/javax.el-api/3.0.0/javax.el-api-3.0.0.jar:/home/runner/.m2/repository/javax/interceptor/javax.interceptor-api/1.2/javax.interceptor-api-1.2.jar:/home/runner/.m2/repository/javax/inject/javax.inject/1/javax.inject-1.jar:/home/runner/.m2/repository/javax/xml/bind/jaxb-api/2.3.0/jaxb-api-2.3.0.jar:/home/runner/.m2/repository/org/glassfish/jaxb/jaxb-runtime/2.3.0.1/jaxb-runtime-2.3.0.1.jar:/home/runner/.m2/repository/org/glassfish/jaxb/jaxb-core/2.3.0.1/jaxb-core-2.3.0.1.jar:/home/runner/.m2/repository/org/glassfish/jaxb/txw2/2.3.0.1/txw2-2.3.0.1.jar:/home/runner/.m2/repository/com/sun/istack/istack-commons-runtime/3.0.5/istack-commons-runtime-3.0.5.jar:/home/runner/.m2/repository/org/jvnet/staxex/stax-ex/1.7.8/stax-ex-1.7.8.jar:/home/runner/.m2/repository/com/sun/xml/fastinfoset/FastInfoset/1.2.13/FastInfoset-1.2.13.jar:/home/runner/.m2/repository/javax/activation/activation/1.1.1/activation-1.1.1.jar:/home/runner/.m2/repository/io/grpc/grpc-protobuf/1.51.1/grpc-protobuf-1.51.1.jar:/home/runner/.m2/repository/io/grpc/grpc-api/1.51.1/grpc-api-1.51.1.jar:/home/runner/.m2/repository/io/grpc/grpc-context/1.51.1/grpc-context-1.51.1.jar:/home/runner/.m2/repository/com/google/api/grpc/proto-google-common-protos/2.9.0/proto-google-common-protos-2.9.0.jar:/home/runner/.m2/repository/io/grpc/grpc-protobuf-lite/1.51.1/grpc-protobuf-lite-1.51.1.jar:/home/runner/.m2/repository/io/grpc/grpc-stub/1.51.1/grpc-stub-1.51.1.jar:/home/runner/.m2/repository/io/netty/netty-transport/4.1.86.Final/netty-transport-4.1.86.Final.jar:/home/runner/.m2/repository/io/netty/netty-resolver/4.1.86.Final/netty-resolver-4.1.86.Final.jar:/home/runner/.m2/repository/org/apache/ozone/ozone-csi/1.4.0-SNAPSHOT/ozone-csi-1.4.0-SNAPSHOT.jar:/home/runner/.m2/repository/com/google/protobuf/protobuf-java-util/3.19.6/protobuf-java-util-3.19.6.jar:/home/runner/.m2/repository/com/google/code/gson/gson/2.9.0/gson-2.9.0.jar:/home/runner/.m2/repository/org/apache/ozone/hdds-config/1.4.0-SNAPSHOT/hdds-config-1.4.0-SNAPSHOT.jar:/home/runner/.m2/repository/io/netty/netty-transport-native-epoll/4.1.86.Final/netty-transport-native-epoll-4.1.86.Final-linux-x86_64.jar:/home/runner/.m2/repository/io/netty/netty-transport-classes-epoll/4.1.86.Final/netty-transport-classes-epoll-4.1.86.Final.jar:/home/runner/.m2/repository/io/netty/netty-transport-native-unix-common/4.1.86.Final/netty-transport-native-unix-common-4.1.86.Final.jar:/home/runner/.m2/repository/org/apache/ozone/ozone-recon/1.4.0-SNAPSHOT/ozone-recon-1.4.0-SNAPSHOT.jar:/home/runner/.m2/repository/org/apache/ozone/ozone-reconcodegen/1.4.0-SNAPSHOT/ozone-reconcodegen-1.4.0-SNAPSHOT.jar:/home/runner/.m2/repository/com/google/inject/guice/5.1.0/guice-5.1.0.jar:/home/runner/.m2/repository/aopalliance/aopalliance/1.0/aopalliance-1.0.jar:/home/runner/.m2/repository/com/google/inject/extensions/guice-assistedinject/5.1.0/guice-assistedinject-5.1.0.jar:/home/runner/.m2/repository/com/google/inject/extensions/guice-servlet/5.1.0/guice-servlet-5.1.0.jar:/home/runner/.m2/repository/org/glassfish/jersey/containers/jersey-container-servlet/2.34/jersey-container-servlet-2.34.jar:/home/runner/.m2/repository/org/glassfish/hk2/guice-bridge/2.5.0/guice-bridge-2.5.0.jar:/home/runner/.m2/repository/org/glassfish/jersey/core/jersey-server/2.34/jersey-server-2.34.jar:/home/runner/.m2/repository/org/glassfish/jersey/core/jersey-client/2.34/jersey-client-2.34.jar:/home/runner/.m2/repository/jakarta/annotation/jakarta.annotation-api/1.3.5/jakarta.annotation-api-1.3.5.jar:/home/runner/.m2/repository/jakarta/validation/jakarta.validation-api/2.0.2/jakarta.validation-api-2.0.2.jar:/home/runner/.m2/repository/org/glassfish/jersey/media/jersey-media-json-jackson/2.34/jersey-media-json-jackson-2.34.jar:/home/runner/.m2/repository/org/glassfish/jersey/ext/jersey-entity-filtering/2.34/jersey-entity-filtering-2.34.jar:/home/runner/.m2/repository/org/jooq/jooq/3.11.10/jooq-3.11.10.jar:/home/runner/.m2/repository/org/jooq/jooq-meta/3.11.10/jooq-meta-3.11.10.jar:/home/runner/.m2/repository/org/jooq/jooq-codegen/3.11.10/jooq-codegen-3.11.10.jar:/home/runner/.m2/repository/com/jolbox/bonecp/0.8.0.RELEASE/bonecp-0.8.0.RELEASE.jar:/home/runner/.m2/repository/org/apache/derby/derby/10.14.2.0/derby-10.14.2.0.jar:/home/runner/.m2/repository/org/xerial/sqlite-jdbc/3.25.2/sqlite-jdbc-3.25.2.jar:/home/runner/.m2/repository/org/springframework/spring-jdbc/5.3.27/spring-jdbc-5.3.27.jar:/home/runner/.m2/repository/org/springframework/spring-beans/5.3.27/spring-beans-5.3.27.jar:/home/runner/.m2/repository/org/springframework/spring-core/5.3.27/spring-core-5.3.27.jar:/home/runner/.m2/repository/org/springframework/spring-tx/5.3.27/spring-tx-5.3.27.jar:/home/runner/.m2/repository/org/apache/ozone/ozone-client/1.4.0-SNAPSHOT/ozone-client-1.4.0-SNAPSHOT.jar:/home/runner/.m2/repository/org/apache/ozone/hdds-erasurecode/1.4.0-SNAPSHOT/hdds-erasurecode-1.4.0-SNAPSHOT.jar:/home/runner/.m2/repository/org/apache/ozone/ozone-filesystem/1.4.0-SNAPSHOT/ozone-filesystem-1.4.0-SNAPSHOT.jar:/home/runner/.m2/repository/org/apache/ozone/ozone-filesystem-common/1.4.0-SNAPSHOT/ozone-filesystem-common-1.4.0-SNAPSHOT.jar:/home/runner/.m2/repository/org/apache/ozone/ozone-tools/1.4.0-SNAPSHOT/ozone-tools-1.4.0-SNAPSHOT.jar:/home/runner/.m2/repository/com/amazonaws/aws-java-sdk-core/1.12.261/aws-java-sdk-core-1.12.261.jar:/home/runner/.m2/repository/org/apache/httpcomponents/httpclient/4.5.13/httpclient-4.5.13.jar:/home/runner/.m2/repository/org/apache/httpcomponents/httpcore/4.4.13/httpcore-4.4.13.jar:/home/runner/.m2/repository/software/amazon/ion/ion-java/1.0.2/ion-java-1.0.2.jar:/home/runner/.m2/repository/com/fasterxml/jackson/dataformat/jackson-dataformat-cbor/2.13.4/jackson-dataformat-cbor-2.13.4.jar:/home/runner/.m2/repository/joda-time/joda-time/2.10.6/joda-time-2.10.6.jar:/home/runner/.m2/repository/com/amazonaws/aws-java-sdk-s3/1.12.261/aws-java-sdk-s3-1.12.261.jar:/home/runner/.m2/repository/com/amazonaws/aws-java-sdk-kms/1.12.261/aws-java-sdk-kms-1.12.261.jar:/home/runner/.m2/repository/com/amazonaws/jmespath-java/1.12.261/jmespath-java-1.12.261.jar:/home/runner/.m2/repository/org/kohsuke/metainf-services/metainf-services/1.8/metainf-services-1.8.jar:/home/runner/.m2/repository/org/apache/ozone/hdds-tools/1.4.0-SNAPSHOT/hdds-tools-1.4.0-SNAPSHOT.jar:/home/runner/.m2/repository/org/apache/ratis/ratis-tools/2.5.1/ratis-tools-2.5.1.jar:/home/runner/.m2/repository/commons-cli/commons-cli/1.2/commons-cli-1.2.jar:/home/runner/.m2/repository/org/apache/commons/commons-lang3/3.7/commons-lang3-3.7.jar:/home/runner/.m2/repository/org/apache/ozone/ozone-manager/1.4.0-SNAPSHOT/ozone-manager-1.4.0-SNAPSHOT-tests.jar:/home/runner/.m2/repository/org/apache/ozone/hdds-common/1.4.0-SNAPSHOT/hdds-common-1.4.0-SNAPSHOT-tests.jar:/home/runner/.m2/repository/org/apache/ozone/hdds-hadoop-dependency-client/1.4.0-SNAPSHOT/hdds-hadoop-dependency-client-1.4.0-SNAPSHOT.jar:/home/runner/.m2/repository/info/picocli/picocli/4.6.1/picocli-4.6.1.jar:/home/runner/.m2/repository/com/fasterxml/jackson/core/jackson-annotations/2.13.4/jackson-annotations-2.13.4.jar:/home/runner/.m2/repository/org/apache/ozone/hdds-annotation-processing/1.4.0-SNAPSHOT/hdds-annotation-processing-1.4.0-SNAPSHOT.jar:/home/runner/.m2/repository/javax/annotation/javax.annotation-api/1.2/javax.annotation-api-1.2.jar:/home/runner/.m2/repository/org/apache/ratis/ratis-netty/2.5.1/ratis-netty-2.5.1.jar:/home/runner/.m2/repository/org/apache/ratis/ratis-grpc/2.5.1/ratis-grpc-2.5.1.jar:/home/runner/.m2/repository/org/apache/logging/log4j/log4j-api/2.17.1/log4j-api-2.17.1.jar:/home/runner/.m2/repository/org/apache/commons/commons-pool2/2.6.0/commons-pool2-2.6.0.jar:/home/runner/.m2/repository/org/bouncycastle/bcpkix-jdk15on/1.67/bcpkix-jdk15on-1.67.jar:/home/runner/.m2/repository/commons-validator/commons-validator/1.6/commons-validator-1.6.jar:/home/runner/.m2/repository/commons-beanutils/commons-beanutils/1.9.4/commons-beanutils-1.9.4.jar:/home/runner/.m2/repository/commons-digester/commons-digester/1.8.1/commons-digester-1.8.1.jar:/home/runner/.m2/repository/commons-collections/commons-collections/3.2.2/commons-collections-3.2.2.jar:/home/runner/.m2/repository/io/jaegertracing/jaeger-client/1.6.0/jaeger-client-1.6.0.jar:/home/runner/.m2/repository/io/jaegertracing/jaeger-thrift/1.6.0/jaeger-thrift-1.6.0.jar:/home/runner/.m2/repository/org/apache/thrift/libthrift/0.14.1/libthrift-0.14.1.jar:/home/runner/.m2/repository/io/jaegertracing/jaeger-core/1.6.0/jaeger-core-1.6.0.jar:/home/runner/.m2/repository/io/jaegertracing/jaeger-tracerresolver/1.6.0/jaeger-tracerresolver-1.6.0.jar:/home/runner/.m2/repository/io/opentracing/contrib/opentracing-tracerresolver/0.1.8/opentracing-tracerresolver-0.1.8.jar:/home/runner/.m2/repository/org/jetbrains/kotlin/kotlin-stdlib/1.6.21/kotlin-stdlib-1.6.21.jar:/home/runner/.m2/repository/org/jetbrains/annotations/13.0/annotations-13.0.jar:/home/runner/.m2/repository/io/opentracing/opentracing-util/0.33.0/opentracing-util-0.33.0.jar:/home/runner/.m2/repository/io/opentracing/opentracing-api/0.33.0/opentracing-api-0.33.0.jar:/home/runner/.m2/repository/io/opentracing/opentracing-noop/0.33.0/opentracing-noop-0.33.0.jar:/home/runner/.m2/repository/org/yaml/snakeyaml/2.0/snakeyaml-2.0.jar:/home/runner/.m2/repository/junit/junit/4.13.1/junit-4.13.1.jar:/home/runner/.m2/repository/org/hamcrest/hamcrest-core/1.3/hamcrest-core-1.3.jar:/home/runner/.m2/repository/org/junit/jupiter/junit-jupiter-api/5.8.2/junit-jupiter-api-5.8.2.jar:/home/runner/.m2/repository/org/opentest4j/opentest4j/1.2.0/opentest4j-1.2.0.jar:/home/runner/.m2/repository/org/junit/platform/junit-platform-commons/1.8.2/junit-platform-commons-1.8.2.jar:/home/runner/.m2/repository/org/apiguardian/apiguardian-api/1.1.2/apiguardian-api-1.1.2.jar:/home/runner/.m2/repository/org/junit/jupiter/junit-jupiter-params/5.8.2/junit-jupiter-params-5.8.2.jar:/home/runner/.m2/repository/org/junit/jupiter/junit-jupiter-migrationsupport/5.8.2/junit-jupiter-migrationsupport-5.8.2.jar:/home/runner/.m2/repository/org/junit/jupiter/junit-jupiter-engine/5.8.2/junit-jupiter-engine-5.8.2.jar:/home/runner/.m2/repository/org/junit/platform/junit-platform-engine/1.8.2/junit-platform-engine-1.8.2.jar:/home/runner/.m2/repository/org/junit/vintage/junit-vintage-engine/5.8.2/junit-vintage-engine-5.8.2.jar:/home/runner/.m2/repository/org/junit/platform/junit-platform-launcher/1.8.2/junit-platform-launcher-1.8.2.jar:/home/runner/.m2/repository/org/mockito/mockito-core/2.28.2/mockito-core-2.28.2.jar:/home/runner/.m2/repository/net/bytebuddy/byte-buddy/1.9.10/byte-buddy-1.9.10.jar:/home/runner/.m2/repository/net/bytebuddy/byte-buddy-agent/1.9.10/byte-buddy-agent-1.9.10.jar:/home/runner/.m2/repository/org/objenesis/objenesis/1.0/objenesis-1.0.jar:/home/runner/.m2/repository/org/apache/hadoop/hadoop-kms/3.3.5/hadoop-kms-3.3.5.jar:/home/runner/.m2/repository/org/apache/hadoop/hadoop-auth/3.3.5/hadoop-auth-3.3.5.jar:/home/runner/.m2/repository/com/nimbusds/nimbus-jose-jwt/9.8.1/nimbus-jose-jwt-9.8.1.jar:/home/runner/.m2/repository/com/github/stephenc/jcip/jcip-annotations/1.0-1/jcip-annotations-1.0-1.jar:/home/runner/.m2/repository/net/minidev/json-smart/2.4.7/json-smart-2.4.7.jar:/home/runner/.m2/repository/net/minidev/accessors-smart/2.4.7/accessors-smart-2.4.7.jar:/home/runner/.m2/repository/org/ow2/asm/asm/5.0.4/asm-5.0.4.jar:/home/runner/.m2/repository/org/apache/zookeeper/zookeeper/3.5.6/zookeeper-3.5.6.jar:/home/runner/.m2/repository/org/apache/zookeeper/zookeeper-jute/3.5.6/zookeeper-jute-3.5.6.jar:/home/runner/.m2/repository/org/apache/yetus/audience-annotations/0.5.0/audience-annotations-0.5.0.jar:/home/runner/.m2/repository/org/apache/curator/curator-framework/4.2.0/curator-framework-4.2.0.jar:/home/runner/.m2/repository/org/apache/hadoop/thirdparty/hadoop-shaded-guava/1.1.1/hadoop-shaded-guava-1.1.1.jar:/home/runner/.m2/repository/com/sun/jersey/jersey-core/1.19/jersey-core-1.19.jar:/home/runner/.m2/repository/javax/ws/rs/jsr311-api/1.1.1/jsr311-api-1.1.1.jar:/home/runner/.m2/repository/com/sun/jersey/jersey-server/1.19/jersey-server-1.19.jar:/home/runner/.m2/repository/javax/servlet/javax.servlet-api/3.1.0/javax.servlet-api-3.1.0.jar:/home/runner/.m2/repository/org/apache/hadoop/hadoop-common/3.3.5/hadoop-common-3.3.5.jar:/home/runner/.m2/repository/org/apache/commons/commons-math3/3.1.1/commons-math3-3.1.1.jar:/home/runner/.m2/repository/commons-net/commons-net/3.9.0/commons-net-3.9.0.jar:/home/runner/.m2/repository/com/sun/jersey/jersey-servlet/1.19/jersey-servlet-1.19.jar:/home/runner/.m2/repository/com/github/pjfanning/jersey-json/1.20/jersey-json-1.20.jar:/home/runner/.m2/repository/org/codehaus/jettison/jettison/1.1/jettison-1.1.jar:/home/runner/.m2/repository/com/sun/xml/bind/jaxb-impl/2.2.3-1/jaxb-impl-2.2.3-1.jar:/home/runner/.m2/repository/com/google/re2j/re2j/1.1/re2j-1.1.jar:/home/runner/.m2/repository/com/jcraft/jsch/0.1.54/jsch-0.1.54.jar:/home/runner/.m2/repository/org/apache/curator/curator-client/4.2.0/curator-client-4.2.0.jar:/home/runner/.m2/repository/org/apache/curator/curator-recipes/4.2.0/curator-recipes-4.2.0.jar:/home/runner/.m2/repository/org/apache/kerby/kerb-core/1.0.1/kerb-core-1.0.1.jar:/home/runner/.m2/repository/org/apache/kerby/kerby-pkix/1.0.1/kerby-pkix-1.0.1.jar:/home/runner/.m2/repository/org/apache/kerby/kerby-asn1/1.0.1/kerby-asn1-1.0.1.jar:/home/runner/.m2/repository/org/apache/kerby/kerby-util/1.0.1/kerby-util-1.0.1.jar:/home/runner/.m2/repository/dnsjava/dnsjava/2.1.7/dnsjava-2.1.7.jar:/home/runner/.m2/repository/org/xerial/snappy/snappy-java/1.1.8.2/snappy-java-1.1.8.2.jar:/home/runner/.m2/repository/com/fasterxml/jackson/core/jackson-databind/2.13.4.2/jackson-databind-2.13.4.2.jar:/home/runner/.m2/repository/org/apache/hadoop/hadoop-kms/3.3.5/hadoop-kms-3.3.5-tests.jar:/home/runner/.m2/repository/org/apache/ozone/hdds-server-scm/1.4.0-SNAPSHOT/hdds-server-scm-1.4.0-SNAPSHOT-tests.jar:/home/runner/.m2/repository/org/apache/ozone/hdds-container-service/1.4.0-SNAPSHOT/hdds-container-service-1.4.0-SNAPSHOT-tests.jar:/home/runner/.m2/repository/com/github/luben/zstd-jni/1.5.2-5/zstd-jni-1.5.2-5.jar:/home/runner/.m2/repository/commons-codec/commons-codec/1.15/commons-codec-1.15.jar:/home/runner/.m2/repository/io/netty/netty-codec/4.1.86.Final/netty-codec-4.1.86.Final.jar:/home/runner/.m2/repository/io/netty/netty-handler/4.1.86.Final/netty-handler-4.1.86.Final.jar:/home/runner/.m2/repository/org/apache/ozone/hdds-hadoop-dependency-test/1.4.0-SNAPSHOT/hdds-hadoop-dependency-test-1.4.0-SNAPSHOT.jar:/home/runner/.m2/repository/org/apache/hadoop/hadoop-common/3.3.5/hadoop-common-3.3.5-tests.jar:/home/runner/.m2/repository/org/apache/hadoop/hadoop-hdfs/3.3.5/hadoop-hdfs-3.3.5-tests.jar:/home/runner/.m2/repository/org/assertj/assertj-core/3.12.2/assertj-core-3.12.2.jar:/home/runner/.m2/repository/org/apache/hadoop/hadoop-distcp/3.3.5/hadoop-distcp-3.3.5.jar:/home/runner/.m2/repository/org/apache/hadoop/hadoop-mapreduce-client-jobclient/3.3.5/hadoop-mapreduce-client-jobclient-3.3.5.jar:/home/runner/.m2/repository/org/apache/hadoop/hadoop-mapreduce-client-common/3.3.5/hadoop-mapreduce-client-common-3.3.5.jar:/home/runner/.m2/repository/org/apache/hadoop/hadoop-yarn-common/3.3.5/hadoop-yarn-common-3.3.5.jar:/home/runner/.m2/repository/org/apache/hadoop/hadoop-yarn-api/3.3.5/hadoop-yarn-api-3.3.5.jar:/home/runner/.m2/repository/com/sun/jersey/contribs/jersey-guice/1.19/jersey-guice-1.19.jar:/home/runner/.m2/repository/com/fasterxml/jackson/jaxrs/jackson-jaxrs-json-provider/2.13.4/jackson-jaxrs-json-provider-2.13.4.jar:/home/runner/.m2/repository/com/fasterxml/jackson/jaxrs/jackson-jaxrs-base/2.13.4/jackson-jaxrs-base-2.13.4.jar:/home/runner/.m2/repository/org/apache/hadoop/hadoop-yarn-client/3.3.5/hadoop-yarn-client-3.3.5.jar:/home/runner/.m2/repository/org/eclipse/jetty/websocket/websocket-client/9.4.48.v20220622/websocket-client-9.4.48.v20220622.jar:/home/runner/.m2/repository/org/eclipse/jetty/websocket/websocket-common/9.4.48.v20220622/websocket-common-9.4.48.v20220622.jar:/home/runner/.m2/repository/org/eclipse/jetty/websocket/websocket-api/9.4.48.v20220622/websocket-api-9.4.48.v20220622.jar:/home/runner/.m2/repository/org/jline/jline/3.9.0/jline-3.9.0.jar:/home/runner/.m2/repository/org/apache/hadoop/hadoop-mapreduce-client-core/3.3.5/hadoop-mapreduce-client-core-3.3.5.jar:/home/runner/.m2/repository/org/apache/avro/avro/1.7.7/avro-1.7.7.jar:/home/runner/.m2/repository/com/thoughtworks/paranamer/paranamer/2.3/paranamer-2.3.jar:/home/runner/.m2/repository/org/apache/hadoop/hadoop-annotations/3.3.5/hadoop-annotations-3.3.5.jar:/usr/lib/jvm/temurin-8-jdk-amd64/jre/../lib/tools.jar:/home/runner/.m2/repository/io/netty/netty/3.10.6.Final/netty-3.10.6.Final.jar:/home/runner/.m2/repository/org/apache/hadoop/hadoop-distcp/3.3.5/hadoop-distcp-3.3.5-tests.jar:/home/runner/.m2/repository/org/slf4j/jul-to-slf4j/1.7.36/jul-to-slf4j-1.7.36.jar:"/>
    <property name="sun.cpu.endian" value="little"/>
    <property name="user.home" value="/home/runner"/>
    <property name="user.language" value="en"/>
    <property name="java.specification.vendor" value="Oracle Corporation"/>
    <property name="java.home" value="/usr/lib/jvm/temurin-8-jdk-amd64/jre"/>
    <property name="java.security.krb5.conf" value="/home/runner/work/ozone/ozone/hadoop-ozone/integration-test/target/test-classes/krb5.conf"/>
    <property name="basedir" value="/home/runner/work/ozone/ozone/hadoop-ozone/integration-test"/>
    <property name="file.separator" value="/"/>
    <property name="line.separator" value="&#10;"/>
    <property name="java.vm.specification.vendor" value="Oracle Corporation"/>
    <property name="java.specification.name" value="Java Platform API Specification"/>
    <property name="java.awt.graphicsenv" value="sun.awt.X11GraphicsEnvironment"/>
    <property name="skip.installnpx" value="true"/>
    <property name="surefire.real.class.path" value="/home/runner/work/ozone/ozone/hadoop-ozone/integration-test/target/surefire/surefirebooter2761485677312317377.jar:/home/runner/.m2/repository/org/jacoco/org.jacoco.agent/0.8.5/org.jacoco.agent-0.8.5-runtime.jar"/>
    <property name="hadoop.log.dir" value="/home/runner/work/ozone/ozone/hadoop-ozone/integration-test/target/log"/>
    <property name="sun.boot.class.path" value="/usr/lib/jvm/temurin-8-jdk-amd64/jre/lib/resources.jar:/usr/lib/jvm/temurin-8-jdk-amd64/jre/lib/rt.jar:/usr/lib/jvm/temurin-8-jdk-amd64/jre/lib/sunrsasign.jar:/usr/lib/jvm/temurin-8-jdk-amd64/jre/lib/jsse.jar:/usr/lib/jvm/temurin-8-jdk-amd64/jre/lib/jce.jar:/usr/lib/jvm/temurin-8-jdk-amd64/jre/lib/charsets.jar:/usr/lib/jvm/temurin-8-jdk-amd64/jre/lib/jfr.jar:/usr/lib/jvm/temurin-8-jdk-amd64/jre/classes"/>
    <property name="sun.management.compiler" value="HotSpot 64-Bit Tiered Compilers"/>
    <property name="skip.npx" value="true"/>
    <property name="java.runtime.version" value="1.8.0_362-b09"/>
    <property name="java.net.preferIPv4Stack" value="true"/>
    <property name="user.name" value="runner"/>
    <property name="path.separator" value=":"/>
    <property name="java.security.egd" value="file:///dev/urandom"/>
    <property name="os.version" value="5.15.0-1037-azure"/>
    <property name="java.endorsed.dirs" value="/usr/lib/jvm/temurin-8-jdk-amd64/jre/lib/endorsed"/>
    <property name="java.runtime.name" value="OpenJDK Runtime Environment"/>
    <property name="file.encoding" value="UTF-8"/>
    <property name="java.vm.name" value="OpenJDK 64-Bit Server VM"/>
    <property name="test.build.webapps" value=""/>
    <property name="localRepository" value="/home/runner/.m2/repository"/>
    <property name="jetty.git.hash" value="b45c405e4544384de066f814ed42ae3dceacdd49"/>
    <property name="java.vendor.url.bug" value="https://github.com/adoptium/adoptium-support/issues"/>
    <property name="java.io.tmpdir" value="/tmp"/>
    <property name="require.test.libhadoop" value=""/>
    <property name="java.version" value="1.8.0_362"/>
    <property name="user.dir" value="/home/runner/work/ozone/ozone/hadoop-ozone/integration-test"/>
    <property name="os.arch" value="amd64"/>
    <property name="java.vm.specification.name" value="Java Virtual Machine Specification"/>
    <property name="test.build.classes" value="/home/runner/work/ozone/ozone/hadoop-ozone/integration-test/target/test-classes"/>
    <property name="java.awt.printerjob" value="sun.print.PSPrinterJob"/>
    <property name="sun.os.patch.level" value="unknown"/>
    <property name="org.apache.ratis.thirdparty.io.netty.allocator.useCacheForAllThreads" value="false"/>
    <property name="hadoop.tmp.dir" value="/home/runner/work/ozone/ozone/hadoop-ozone/integration-test/target/tmp"/>
    <property name="java.library.path" value="/usr/java/packages/lib/amd64:/usr/lib64:/lib64:/lib:/usr/lib"/>
    <property name="java.vm.info" value="mixed mode"/>
    <property name="java.vendor" value="Temurin"/>
    <property name="java.vm.version" value="25.362-b09"/>
    <property name="java.specification.maintenance.version" value="4"/>
    <property name="java.ext.dirs" value="/usr/lib/jvm/temurin-8-jdk-amd64/jre/lib/ext:/usr/java/packages/lib/ext"/>
    <property name="sun.io.unicode.encoding" value="UnicodeLittle"/>
    <property name="java.class.version" value="52.0"/>
  </properties>
  <testcase name="testOMHAMetrics" classname="org.apache.hadoop.ozone.om.TestOzoneManagerHAMetrics" time="6.57">
    <failure type="org.opentest4j.AssertionFailedError"><![CDATA[org.opentest4j.AssertionFailedError: expected: <0> but was: <1>
	at org.junit.jupiter.api.AssertionUtils.fail(AssertionUtils.java:55)
	at org.junit.jupiter.api.AssertionUtils.failNotEqual(AssertionUtils.java:62)
	at org.junit.jupiter.api.AssertEquals.assertEquals(AssertEquals.java:150)
	at org.junit.jupiter.api.AssertEquals.assertEquals(AssertEquals.java:145)
	at org.junit.jupiter.api.Assertions.assertEquals(Assertions.java:527)
	at org.apache.hadoop.ozone.om.TestOzoneManagerHAMetrics.testOMHAMetrics(TestOzoneManagerHAMetrics.java:67)
	at sun.reflect.NativeMethodAccessorImpl.invoke0(Native Method)
	at sun.reflect.NativeMethodAccessorImpl.invoke(NativeMethodAccessorImpl.java:62)
	at sun.reflect.DelegatingMethodAccessorImpl.invoke(DelegatingMethodAccessorImpl.java:43)
	at java.lang.reflect.Method.invoke(Method.java:498)
	at org.junit.platform.commons.util.ReflectionUtils.invokeMethod(ReflectionUtils.java:725)
	at org.junit.jupiter.engine.execution.MethodInvocation.proceed(MethodInvocation.java:60)
	at org.junit.jupiter.engine.execution.InvocationInterceptorChain$ValidatingInvocation.proceed(InvocationInterceptorChain.java:131)
	at org.junit.jupiter.engine.extension.TimeoutInvocation.proceed(TimeoutInvocation.java:46)
	at org.junit.jupiter.engine.extension.TimeoutExtension.intercept(TimeoutExtension.java:149)
	at org.junit.jupiter.engine.extension.TimeoutExtension.interceptTestableMethod(TimeoutExtension.java:140)
	at org.junit.jupiter.engine.extension.TimeoutExtension.interceptTestMethod(TimeoutExtension.java:84)
	at org.junit.jupiter.engine.execution.ExecutableInvoker$ReflectiveInterceptorCall.lambda$ofVoidMethod$0(ExecutableInvoker.java:115)
	at org.junit.jupiter.engine.execution.ExecutableInvoker.lambda$invoke$0(ExecutableInvoker.java:105)
	at org.junit.jupiter.engine.execution.InvocationInterceptorChain$InterceptedInvocation.proceed(InvocationInterceptorChain.java:106)
	at org.junit.jupiter.engine.execution.InvocationInterceptorChain.proceed(InvocationInterceptorChain.java:64)
	at org.junit.jupiter.engine.execution.InvocationInterceptorChain.chainAndInvoke(InvocationInterceptorChain.java:45)
	at org.junit.jupiter.engine.execution.InvocationInterceptorChain.invoke(InvocationInterceptorChain.java:37)
	at org.junit.jupiter.engine.execution.ExecutableInvoker.invoke(ExecutableInvoker.java:104)
	at org.junit.jupiter.engine.execution.ExecutableInvoker.invoke(ExecutableInvoker.java:98)
	at org.junit.jupiter.engine.descriptor.TestMethodTestDescriptor.lambda$invokeTestMethod$7(TestMethodTestDescriptor.java:214)
	at org.junit.platform.engine.support.hierarchical.ThrowableCollector.execute(ThrowableCollector.java:73)
	at org.junit.jupiter.engine.descriptor.TestMethodTestDescriptor.invokeTestMethod(TestMethodTestDescriptor.java:210)
	at org.junit.jupiter.engine.descriptor.TestMethodTestDescriptor.execute(TestMethodTestDescriptor.java:135)
	at org.junit.jupiter.engine.descriptor.TestMethodTestDescriptor.execute(TestMethodTestDescriptor.java:66)
	at org.junit.platform.engine.support.hierarchical.NodeTestTask.lambda$executeRecursively$6(NodeTestTask.java:151)
	at org.junit.platform.engine.support.hierarchical.ThrowableCollector.execute(ThrowableCollector.java:73)
	at org.junit.platform.engine.support.hierarchical.NodeTestTask.lambda$executeRecursively$8(NodeTestTask.java:141)
	at org.junit.platform.engine.support.hierarchical.Node.around(Node.java:137)
	at org.junit.platform.engine.support.hierarchical.NodeTestTask.lambda$executeRecursively$9(NodeTestTask.java:139)
	at org.junit.platform.engine.support.hierarchical.ThrowableCollector.execute(ThrowableCollector.java:73)
	at org.junit.platform.engine.support.hierarchical.NodeTestTask.executeRecursively(NodeTestTask.java:138)
	at org.junit.platform.engine.support.hierarchical.NodeTestTask.execute(NodeTestTask.java:95)
	at java.util.ArrayList.forEach(ArrayList.java:1259)
	at org.junit.platform.engine.support.hierarchical.SameThreadHierarchicalTestExecutorService.invokeAll(SameThreadHierarchicalTestExecutorService.java:41)
	at org.junit.platform.engine.support.hierarchical.NodeTestTask.lambda$executeRecursively$6(NodeTestTask.java:155)
	at org.junit.platform.engine.support.hierarchical.ThrowableCollector.execute(ThrowableCollector.java:73)
	at org.junit.platform.engine.support.hierarchical.NodeTestTask.lambda$executeRecursively$8(NodeTestTask.java:141)
	at org.junit.platform.engine.support.hierarchical.Node.around(Node.java:137)
	at org.junit.platform.engine.support.hierarchical.NodeTestTask.lambda$executeRecursively$9(NodeTestTask.java:139)
	at org.junit.platform.engine.support.hierarchical.ThrowableCollector.execute(ThrowableCollector.java:73)
	at org.junit.platform.engine.support.hierarchical.NodeTestTask.executeRecursively(NodeTestTask.java:138)
	at org.junit.platform.engine.support.hierarchical.NodeTestTask.execute(NodeTestTask.java:95)
	at java.util.ArrayList.forEach(ArrayList.java:1259)
	at org.junit.platform.engine.support.hierarchical.SameThreadHierarchicalTestExecutorService.invokeAll(SameThreadHierarchicalTestExecutorService.java:41)
	at org.junit.platform.engine.support.hierarchical.NodeTestTask.lambda$executeRecursively$6(NodeTestTask.java:155)
	at org.junit.platform.engine.support.hierarchical.ThrowableCollector.execute(ThrowableCollector.java:73)
	at org.junit.platform.engine.support.hierarchical.NodeTestTask.lambda$executeRecursively$8(NodeTestTask.java:141)
	at org.junit.platform.engine.support.hierarchical.Node.around(Node.java:137)
	at org.junit.platform.engine.support.hierarchical.NodeTestTask.lambda$executeRecursively$9(NodeTestTask.java:139)
	at org.junit.platform.engine.support.hierarchical.ThrowableCollector.execute(ThrowableCollector.java:73)
	at org.junit.platform.engine.support.hierarchical.NodeTestTask.executeRecursively(NodeTestTask.java:138)
	at org.junit.platform.engine.support.hierarchical.NodeTestTask.execute(NodeTestTask.java:95)
	at org.junit.platform.engine.support.hierarchical.SameThreadHierarchicalTestExecutorService.submit(SameThreadHierarchicalTestExecutorService.java:35)
	at org.junit.platform.engine.support.hierarchical.HierarchicalTestExecutor.execute(HierarchicalTestExecutor.java:57)
	at org.junit.platform.engine.support.hierarchical.HierarchicalTestEngine.execute(HierarchicalTestEngine.java:54)
	at org.junit.platform.launcher.core.EngineExecutionOrchestrator.execute(EngineExecutionOrchestrator.java:107)
	at org.junit.platform.launcher.core.EngineExecutionOrchestrator.execute(EngineExecutionOrchestrator.java:88)
	at org.junit.platform.launcher.core.EngineExecutionOrchestrator.lambda$execute$0(EngineExecutionOrchestrator.java:54)
	at org.junit.platform.launcher.core.EngineExecutionOrchestrator.withInterceptedStreams(EngineExecutionOrchestrator.java:67)
	at org.junit.platform.launcher.core.EngineExecutionOrchestrator.execute(EngineExecutionOrchestrator.java:52)
	at org.junit.platform.launcher.core.DefaultLauncher.execute(DefaultLauncher.java:114)
	at org.junit.platform.launcher.core.DefaultLauncher.execute(DefaultLauncher.java:86)
	at org.junit.platform.launcher.core.DefaultLauncherSession$DelegatingLauncher.execute(DefaultLauncherSession.java:86)
	at org.junit.platform.launcher.core.SessionPerRequestLauncher.execute(SessionPerRequestLauncher.java:53)
	at org.apache.maven.surefire.junitplatform.JUnitPlatformProvider.execute(JUnitPlatformProvider.java:188)
	at org.apache.maven.surefire.junitplatform.JUnitPlatformProvider.invokeAllTests(JUnitPlatformProvider.java:154)
	at org.apache.maven.surefire.junitplatform.JUnitPlatformProvider.invoke(JUnitPlatformProvider.java:124)
	at org.apache.maven.surefire.booter.ForkedBooter.runSuitesInProcess(ForkedBooter.java:428)
	at org.apache.maven.surefire.booter.ForkedBooter.execute(ForkedBooter.java:162)
	at org.apache.maven.surefire.booter.ForkedBooter.run(ForkedBooter.java:562)
	at org.apache.maven.surefire.booter.ForkedBooter.main(ForkedBooter.java:548)
]]></failure>
    <system-out><![CDATA[2023-05-12 15:34:45,161 [main] WARN  server.ServerUtils (ServerUtils.java:getScmDbDir(148)) - ozone.scm.db.dirs is not configured. We recommend adding this setting. Falling back to ozone.metadata.dirs instead.
2023-05-12 15:34:45,321 [main] INFO  reflections.Reflections (Reflections.java:scan(232)) - Reflections took 130 ms to scan 7 urls, producing 156 keys and 369 values 
2023-05-12 15:34:45,466 [main] WARN  server.ServerUtils (ServerUtils.java:getScmDbDir(148)) - ozone.scm.db.dirs is not configured. We recommend adding this setting. Falling back to ozone.metadata.dirs instead.
2023-05-12 15:34:45,469 [main] INFO  ha.SCMHANodeDetails (SCMHANodeDetails.java:loadSCMHAConfig(209)) - ServiceID for StorageContainerManager is null
2023-05-12 15:34:45,476 [main] WARN  ha.SCMHANodeDetails (SCMHANodeDetails.java:validateSCMHAConfig(182)) - Invalid config ozone.scm.ratis.enable. The config was not specified, but the default value true conflicts with the expected config value false. Falling back to the expected value. Current State of SCM: SCM is running in Non-HA without Ratis Ratis SCM -> Non Ratis SCM or Non HA SCM -> HA SCM is not supported
2023-05-12 15:34:45,476 [main] INFO  ha.SCMHANodeDetails (SCMHANodeDetails.java:loadSCMHAConfig(214)) - ozone.scm.default.service.id is not defined, falling back to ozone.scm.service.ids to find serviceID for StorageContainerManager if it is HA enabled cluster
2023-05-12 15:34:46,050 [main] WARN  utils.HAUtils (HAUtils.java:getMetaDir(350)) - ozone.scm.db.dirs is not configured. We recommend adding this setting. Falling back to ozone.metadata.dirs instead.
2023-05-12 15:34:46,194 [main] WARN  db.DBStoreBuilder (DBStoreBuilder.java:applyDBDefinition(164)) - ozone.scm.db.dirs is not configured. We recommend adding this setting. Falling back to ozone.metadata.dirs instead.
2023-05-12 15:34:46,421 [main] INFO  net.NodeSchemaLoader (NodeSchemaLoader.java:loadSchemaFromFile(129)) - Loading schema from [jar:file:/home/runner/.m2/repository/org/apache/ozone/hdds-common/1.4.0-SNAPSHOT/hdds-common-1.4.0-SNAPSHOT.jar!/network-topology-default.xml]
2023-05-12 15:34:46,422 [main] INFO  net.NodeSchemaLoader (NodeSchemaLoader.java:loadSchema(176)) - Loading network topology layer schema file
2023-05-12 15:34:46,468 [main] INFO  metrics.MetricRegistries (MetricRegistriesLoader.java:load(64)) - Loaded MetricRegistries class org.apache.ratis.metrics.impl.MetricRegistriesImpl
2023-05-12 15:34:46,488 [main] INFO  upgrade.AbstractLayoutVersionManager (AbstractLayoutVersionManager.java:init(83)) - Initializing Layout version manager with metadata layout = WEBUI_PORTS_IN_DATANODEDETAILS (version = 6), software layout = WEBUI_PORTS_IN_DATANODEDETAILS (version = 6)
2023-05-12 15:34:46,684 [main] INFO  ha.SequenceIdGenerator (SequenceIdGenerator.java:upgradeToSequenceId(349)) - upgrade localId to 111677748019200000
2023-05-12 15:34:46,685 [main] INFO  ha.SequenceIdGenerator (SequenceIdGenerator.java:upgradeToSequenceId(359)) - upgrade delTxnId to 0
2023-05-12 15:34:46,689 [main] INFO  ha.SequenceIdGenerator (SequenceIdGenerator.java:upgradeToSequenceId(376)) - upgrade containerId to 0
2023-05-12 15:34:46,691 [main] INFO  ha.SequenceIdGenerator (SequenceIdGenerator.java:<init>(220)) - Init the HA SequenceIdGenerator.
2023-05-12 15:34:46,744 [main] WARN  server.ServerUtils (ServerUtils.java:sanitizeUserArgs(73)) - ozone.scm.stale.node.interval value = 300000 is larger than max = 100000 based on the key value of ozone.scm.heartbeat.thread.interval, reset to the max value 100000.
2023-05-12 15:34:46,745 [main] WARN  server.ServerUtils (ServerUtils.java:sanitizeUserArgs(73)) - ozone.scm.stale.node.interval value = 300000 is larger than max = 100000 based on the key value of ozone.scm.heartbeat.thread.interval, reset to the max value 100000.
2023-05-12 15:34:46,752 [main] INFO  node.SCMNodeManager (SCMNodeManager.java:<init>(159)) - Entering startup safe mode.
2023-05-12 15:34:46,782 [main] INFO  algorithms.ContainerPlacementPolicyFactory (ContainerPlacementPolicyFactory.java:getPolicyInternal(86)) - Create container placement policy of type org.apache.hadoop.hdds.scm.container.placement.algorithms.SCMContainerPlacementRackAware
2023-05-12 15:34:46,786 [main] INFO  algorithms.ContainerPlacementPolicyFactory (ContainerPlacementPolicyFactory.java:getPolicyInternal(86)) - Create container placement policy of type org.apache.hadoop.hdds.scm.container.placement.algorithms.SCMContainerPlacementRackScatter
2023-05-12 15:34:46,797 [main] INFO  pipeline.PipelineStateManagerImpl (PipelineStateManagerImpl.java:initialize(78)) - No pipeline exists in current db
2023-05-12 15:34:46,830 [main] INFO  algorithms.LeaderChoosePolicyFactory (LeaderChoosePolicyFactory.java:getPolicy(57)) - Create leader choose policy of type org.apache.hadoop.hdds.scm.pipeline.leader.choose.algorithms.MinLeaderCountChoosePolicy
2023-05-12 15:34:46,830 [main] INFO  algorithms.ContainerPlacementPolicyFactory (ContainerPlacementPolicyFactory.java:getPolicyInternal(86)) - Create container placement policy of type org.apache.hadoop.hdds.scm.container.placement.algorithms.SCMContainerPlacementRackScatter
2023-05-12 15:34:46,840 [main] INFO  ha.SCMServiceManager (SCMServiceManager.java:register(42)) - Registering service BackgroundPipelineCreator.
2023-05-12 15:34:46,840 [main] INFO  pipeline.BackgroundPipelineCreator (BackgroundPipelineCreator.java:start(124)) - Starting RatisPipelineUtilsThread.
2023-05-12 15:34:46,844 [main] INFO  BackgroundPipelineScrubber (BackgroundSCMService.java:start(68)) - Starting BackgroundPipelineScrubber Service.
2023-05-12 15:34:46,853 [main] INFO  ha.SCMServiceManager (SCMServiceManager.java:register(42)) - Registering service BackgroundPipelineScrubber.
2023-05-12 15:34:46,860 [main] INFO  ExpiredContainerReplicaOpScrubber (BackgroundSCMService.java:start(68)) - Starting ExpiredContainerReplicaOpScrubber Service.
2023-05-12 15:34:46,861 [main] INFO  ha.SCMServiceManager (SCMServiceManager.java:register(42)) - Registering service ExpiredContainerReplicaOpScrubber.
2023-05-12 15:34:46,905 [main] INFO  algorithms.PipelineChoosePolicyFactory (PipelineChoosePolicyFactory.java:createPipelineChoosePolicyFromClass(73)) - Create pipeline choose policy of type org.apache.hadoop.hdds.scm.pipeline.choose.algorithms.RandomPipelineChoosePolicy
2023-05-12 15:34:46,923 [main] INFO  ha.SCMServiceManager (SCMServiceManager.java:register(42)) - Registering service SCMBlockDeletingService.
2023-05-12 15:34:46,985 [main] INFO  replication.ReplicationManager (ReplicationManager.java:start(300)) - Starting Replication Monitor Thread.
2023-05-12 15:34:46,997 [main] INFO  ha.SCMServiceManager (SCMServiceManager.java:register(42)) - Registering service ReplicationManager.
2023-05-12 15:34:47,001 [ReplicationMonitor] INFO  replication.ReplicationManager (ReplicationManager.java:processAll(375)) - Replication Manager is not ready to run until 3000ms after safemode exit
2023-05-12 15:34:47,014 [main] INFO  safemode.ContainerSafeModeRule (ContainerSafeModeRule.java:<init>(89)) - containers with one replica threshold count 0
2023-05-12 15:34:47,021 [main] INFO  safemode.HealthyPipelineSafeModeRule (HealthyPipelineSafeModeRule.java:initializeRule(169)) - Total pipeline count is 0, healthy pipeline threshold count is 1
2023-05-12 15:34:47,025 [main] INFO  safemode.OneReplicaPipelineSafeModeRule (OneReplicaPipelineSafeModeRule.java:initializeRule(180)) - Total pipeline count is 0, pipeline's with at least one datanode reported threshold count is 0
2023-05-12 15:34:47,066 [main] INFO  server.StorageContainerManager (StorageContainerManager.java:<init>(403)) - SCM start with adminUsers: [*, runner]
2023-05-12 15:34:47,413 [main] INFO  audit.AuditLogger (AuditLogger.java:refreshDebugCmdSet(126)) - Refresh DebugCmdSet for SCMAudit to [].
2023-05-12 15:34:47,442 [main] INFO  ipc.CallQueueManager (CallQueueManager.java:<init>(90)) - Using callQueue: class java.util.concurrent.LinkedBlockingQueue, queueCapacity: 2000, scheduler: class org.apache.hadoop.ipc.DefaultRpcScheduler, ipcBackoff: false.
2023-05-12 15:34:47,481 [Socket Reader #1 for port 15002] INFO  ipc.Server (Server.java:run(1319)) - Starting Socket Reader #1 for port 15002
2023-05-12 15:34:47,534 [Listener at 0.0.0.0/15002] INFO  audit.AuditLogger (AuditLogger.java:refreshDebugCmdSet(126)) - Refresh DebugCmdSet for SCMAudit to [].
2023-05-12 15:34:47,539 [Listener at 0.0.0.0/15002] INFO  ipc.CallQueueManager (CallQueueManager.java:<init>(90)) - Using callQueue: class java.util.concurrent.LinkedBlockingQueue, queueCapacity: 2000, scheduler: class org.apache.hadoop.ipc.DefaultRpcScheduler, ipcBackoff: false.
2023-05-12 15:34:47,541 [Socket Reader #1 for port 15001] INFO  ipc.Server (Server.java:run(1319)) - Starting Socket Reader #1 for port 15001
2023-05-12 15:34:47,574 [Listener at 0.0.0.0/15001] INFO  audit.AuditLogger (AuditLogger.java:refreshDebugCmdSet(126)) - Refresh DebugCmdSet for SCMAudit to [].
2023-05-12 15:34:47,585 [Listener at 0.0.0.0/15001] INFO  ipc.CallQueueManager (CallQueueManager.java:<init>(90)) - Using callQueue: class java.util.concurrent.LinkedBlockingQueue, queueCapacity: 2000, scheduler: class org.apache.hadoop.ipc.DefaultRpcScheduler, ipcBackoff: false.
2023-05-12 15:34:47,586 [Socket Reader #1 for port 15000] INFO  ipc.Server (Server.java:run(1319)) - Starting Socket Reader #1 for port 15000
2023-05-12 15:34:47,642 [Listener at 0.0.0.0/15000] INFO  ha.SCMServiceManager (SCMServiceManager.java:register(42)) - Registering service ContainerBalancer.
2023-05-12 15:34:47,643 [Listener at 0.0.0.0/15000] INFO  server.StorageContainerManager (StorageContainerManager.java:<init>(420)) - 
Container Balancer status:
Key                            Value
Running                        false
Container Balancer Configuration values:
Key                                                Value
Threshold                                          10
Max Datanodes to Involve per Iteration(percent)    20
Max Size to Move per Iteration                     500GB
Max Size Entering Target per Iteration             26GB
Max Size Leaving Source per Iteration              26GB

2023-05-12 15:34:47,644 [Listener at 0.0.0.0/15000] INFO  ha.SCMContext (SCMContext.java:updateSafeModeStatus(228)) - Update SafeModeStatus from SafeModeStatus{safeModeStatus=true, preCheckPassed=false} to SafeModeStatus{safeModeStatus=true, preCheckPassed=false}.
2023-05-12 15:34:47,651 [Listener at 0.0.0.0/15000] INFO  server.StorageContainerManager (StorageContainerManager.java:start(1477)) - StorageContainerLocationProtocol RPC server is listening at /0.0.0.0:15000
2023-05-12 15:34:47,720 [Listener at 0.0.0.0/15000] WARN  impl.MetricsConfig (MetricsConfig.java:loadFirst(136)) - Cannot locate configuration: tried hadoop-metrics2-storagecontainermanager.properties,hadoop-metrics2.properties
2023-05-12 15:34:47,733 [Listener at 0.0.0.0/15000] INFO  impl.MetricsSystemImpl (MetricsSystemImpl.java:startTimer(378)) - Scheduled Metric snapshot period at 10 second(s).
2023-05-12 15:34:47,733 [Listener at 0.0.0.0/15000] INFO  impl.MetricsSystemImpl (MetricsSystemImpl.java:start(191)) - StorageContainerManager metrics system started
2023-05-12 15:34:47,971 [Listener at 0.0.0.0/15000] INFO  server.SCMClientProtocolServer (SCMClientProtocolServer.java:start(199)) - RPC server for Client  is listening at /0.0.0.0:15000
2023-05-12 15:34:47,972 [IPC Server Responder] INFO  ipc.Server (Server.java:run(1558)) - IPC Server Responder: starting
2023-05-12 15:34:47,973 [IPC Server listener on 15000] INFO  ipc.Server (Server.java:run(1398)) - IPC Server listener on 15000: starting
2023-05-12 15:34:47,981 [Listener at 0.0.0.0/15000] INFO  server.StorageContainerManager (StorageContainerManager.java:start(1491)) - ScmBlockLocationProtocol RPC server is listening at /0.0.0.0:15001
2023-05-12 15:34:47,982 [Listener at 0.0.0.0/15000] INFO  server.SCMBlockProtocolServer (SCMBlockProtocolServer.java:start(152)) - RPC server for Block Protocol is listening at /0.0.0.0:15001
2023-05-12 15:34:47,983 [IPC Server Responder] INFO  ipc.Server (Server.java:run(1558)) - IPC Server Responder: starting
2023-05-12 15:34:47,984 [IPC Server listener on 15001] INFO  ipc.Server (Server.java:run(1398)) - IPC Server listener on 15001: starting
2023-05-12 15:34:47,992 [Listener at 0.0.0.0/15000] INFO  server.SCMDatanodeProtocolServer (SCMDatanodeProtocolServer.java:start(193)) - ScmDatanodeProtocol RPC server for DataNodes is listening at /0.0.0.0:15002
2023-05-12 15:34:47,994 [IPC Server Responder] INFO  ipc.Server (Server.java:run(1558)) - IPC Server Responder: starting
2023-05-12 15:34:47,995 [IPC Server listener on 15002] INFO  ipc.Server (Server.java:run(1398)) - IPC Server listener on 15002: starting
2023-05-12 15:34:48,025 [org.apache.hadoop.util.JvmPauseMonitor$Monitor@6e3acd7] INFO  util.JvmPauseMonitor (JvmPauseMonitor.java:run(188)) - Starting JVM pause monitor
2023-05-12 15:34:48,029 [Listener at 0.0.0.0/15000] INFO  http.BaseHttpServer (BaseHttpServer.java:newHttpServer2BuilderForOzone(224)) - Starting Web-server for scm at: http://0.0.0.0:15003
2023-05-12 15:34:48,030 [Listener at 0.0.0.0/15000] INFO  http.BaseHttpServer (BaseHttpServer.java:<init>(111)) - Hadoop Security Enabled: false Ozone Security Enabled: false Ozone HTTP Security Enabled: false 
2023-05-12 15:34:48,052 [Listener at 0.0.0.0/15000] INFO  util.log (Log.java:initialized(170)) - Logging initialized @4264ms to org.eclipse.jetty.util.log.Slf4jLog
2023-05-12 15:34:48,134 [Listener at 0.0.0.0/15000] WARN  server.AuthenticationFilter (AuthenticationFilter.java:constructSecretProvider(240)) - Unable to initialize FileSignerSecretProvider, falling back to use random secrets. Reason: Could not read signature secret file: /home/runner/hadoop-http-auth-signature-secret
2023-05-12 15:34:48,141 [Listener at 0.0.0.0/15000] INFO  http.HttpRequestLog (HttpRequestLog.java:getRequestLog(86)) - Http request log for http.requests.scm is not defined
2023-05-12 15:34:48,147 [Listener at 0.0.0.0/15000] INFO  http.HttpServer2 (HttpServer2.java:addGlobalFilter(1031)) - Added global filter 'safety' (class=org.apache.hadoop.hdds.server.http.HttpServer2$QuotingInputFilter)
2023-05-12 15:34:48,149 [Listener at 0.0.0.0/15000] INFO  http.HttpServer2 (HttpServer2.java:addFilter(1007)) - Added filter static_user_filter (class=org.apache.hadoop.http.lib.StaticUserWebFilter$StaticUserFilter) to context scm
2023-05-12 15:34:48,149 [Listener at 0.0.0.0/15000] INFO  http.HttpServer2 (HttpServer2.java:addFilter(1015)) - Added filter static_user_filter (class=org.apache.hadoop.http.lib.StaticUserWebFilter$StaticUserFilter) to context static
2023-05-12 15:34:48,149 [Listener at 0.0.0.0/15000] INFO  http.HttpServer2 (HttpServer2.java:addFilter(1015)) - Added filter static_user_filter (class=org.apache.hadoop.http.lib.StaticUserWebFilter$StaticUserFilter) to context logs
2023-05-12 15:34:48,181 [Listener at 0.0.0.0/15000] INFO  http.BaseHttpServer (BaseHttpServer.java:<init>(190)) - HTTP server of scm uses base directory /home/runner/work/ozone/ozone/hadoop-ozone/integration-test/target/test-dir/MiniOzoneClusterImpl-bfe86ff0-f9fb-433f-aae2-64a5a95eec81/ozone-meta/webserver
2023-05-12 15:34:48,186 [Listener at 0.0.0.0/15000] INFO  http.HttpServer2 (HttpServer2.java:bindListener(1250)) - Jetty bound to port 15003
2023-05-12 15:34:48,188 [Listener at 0.0.0.0/15000] INFO  server.Server (Server.java:doStart(375)) - jetty-9.4.51.v20230217; built: 2023-02-17T08:19:37.309Z; git: b45c405e4544384de066f814ed42ae3dceacdd49; jvm 1.8.0_362-b09
2023-05-12 15:34:48,218 [Listener at 0.0.0.0/15000] INFO  server.session (DefaultSessionIdManager.java:doStart(334)) - DefaultSessionIdManager workerName=node0
2023-05-12 15:34:48,218 [Listener at 0.0.0.0/15000] INFO  server.session (DefaultSessionIdManager.java:doStart(339)) - No SessionScavenger set, using defaults
2023-05-12 15:34:48,220 [Listener at 0.0.0.0/15000] INFO  server.session (HouseKeeper.java:startScavenging(132)) - node0 Scavenging every 600000ms
2023-05-12 15:34:48,232 [Listener at 0.0.0.0/15000] INFO  handler.ContextHandler (ContextHandler.java:doStart(921)) - Started o.e.j.s.ServletContextHandler@3ac76ad9{logs,/logs,file:///home/runner/work/ozone/ozone/hadoop-ozone/integration-test/target/log,AVAILABLE}
2023-05-12 15:34:48,234 [Listener at 0.0.0.0/15000] INFO  handler.ContextHandler (ContextHandler.java:doStart(921)) - Started o.e.j.s.ServletContextHandler@28468162{static,/static,file:///home/runner/work/ozone/ozone/hadoop-ozone/integration-test/target/test-classes/webapps/static,AVAILABLE}
2023-05-12 15:34:48,281 [Listener at 0.0.0.0/15000] INFO  handler.ContextHandler (ContextHandler.java:doStart(921)) - Started o.e.j.w.WebAppContext@23263586{scm,/,file:///home/runner/work/ozone/ozone/hadoop-ozone/integration-test/target/test-classes/webapps/scm/,AVAILABLE}{file:/home/runner/work/ozone/ozone/hadoop-ozone/integration-test/target/test-classes/webapps/scm}
2023-05-12 15:34:48,289 [Listener at 0.0.0.0/15000] INFO  server.AbstractConnector (AbstractConnector.java:doStart(333)) - Started ServerConnector@277dddcf{HTTP/1.1, (http/1.1)}{0.0.0.0:15003}
2023-05-12 15:34:48,290 [Listener at 0.0.0.0/15000] INFO  server.Server (Server.java:doStart(415)) - Started @4502ms
2023-05-12 15:34:48,292 [Listener at 0.0.0.0/15000] INFO  impl.MetricsSinkAdapter (MetricsSinkAdapter.java:start(204)) - Sink prometheus started
2023-05-12 15:34:48,292 [Listener at 0.0.0.0/15000] INFO  impl.MetricsSystemImpl (MetricsSystemImpl.java:registerSink(305)) - Registered sink prometheus
2023-05-12 15:34:48,293 [Listener at 0.0.0.0/15000] INFO  http.BaseHttpServer (BaseHttpServer.java:updateConnectorAddress(344)) - HTTP server of scm listening at http://0.0.0.0:15003
2023-05-12 15:34:48,354 [Listener at 0.0.0.0/15000] INFO  audit.AuditLogger (AuditLogger.java:refreshDebugCmdSet(126)) - Refresh DebugCmdSet for OMAudit to [].
2023-05-12 15:34:48,428 [Listener at 0.0.0.0/15000] INFO  ha.OMHANodeDetails (OMHANodeDetails.java:loadOMHAConfig(121)) - ServiceID for OzoneManager is om-service-test1
2023-05-12 15:34:48,434 [Listener at 0.0.0.0/15000] INFO  ha.OMHANodeDetails (OMHANodeDetails.java:loadOMHAConfig(201)) - Found matching OM address with OMServiceId: om-service-test1, OMNodeId: omNode-1, RPC Address: localhost:15004 and Ratis port: 15007
2023-05-12 15:34:48,434 [Listener at 0.0.0.0/15000] INFO  ha.OMHANodeDetails (ConfUtils.java:setNodeSpecificConfigs(97)) - Setting configuration key ozone.om.http-address with value of key ozone.om.http-address.om-service-test1.omNode-1: 127.0.0.1:15005
2023-05-12 15:34:48,435 [Listener at 0.0.0.0/15000] INFO  ha.OMHANodeDetails (ConfUtils.java:setNodeSpecificConfigs(97)) - Setting configuration key ozone.om.https-address with value of key ozone.om.https-address.om-service-test1.omNode-1: 127.0.0.1:15006
2023-05-12 15:34:48,435 [Listener at 0.0.0.0/15000] INFO  ha.OMHANodeDetails (ConfUtils.java:setNodeSpecificConfigs(97)) - Setting configuration key ozone.om.address with value of key ozone.om.address.om-service-test1.omNode-1: 127.0.0.1:15004
2023-05-12 15:34:48,435 [Listener at 0.0.0.0/15000] WARN  server.ServerUtils (ServerUtils.java:getDBPath(225)) - ozone.om.db.dirs is not configured. We recommend adding this setting. Falling back to ozone.metadata.dirs instead.
2023-05-12 15:34:48,445 [Listener at 0.0.0.0/15000] INFO  proxy.SCMBlockLocationFailoverProxyProvider (SCMBlockLocationFailoverProxyProvider.java:<init>(114)) - Created block location fail-over proxy with 1 nodes: [nodeId=scmNodeId,nodeAddress=/0.0.0.0:15001]
OM initialization succeeded.Current cluster id for sd=/home/runner/work/ozone/ozone/hadoop-ozone/integration-test/target/test-dir/MiniOzoneClusterImpl-bfe86ff0-f9fb-433f-aae2-64a5a95eec81/omNode-1/om;cid=bfe86ff0-f9fb-433f-aae2-64a5a95eec81;layoutVersion=4
2023-05-12 15:34:48,675 [Listener at 0.0.0.0/15000] INFO  ha.OMHANodeDetails (OMHANodeDetails.java:loadOMHAConfig(121)) - ServiceID for OzoneManager is om-service-test1
2023-05-12 15:34:48,676 [Listener at 0.0.0.0/15000] INFO  ha.OMHANodeDetails (OMHANodeDetails.java:loadOMHAConfig(201)) - Found matching OM address with OMServiceId: om-service-test1, OMNodeId: omNode-1, RPC Address: localhost:15004 and Ratis port: 15007
2023-05-12 15:34:48,676 [Listener at 0.0.0.0/15000] INFO  ha.OMHANodeDetails (ConfUtils.java:setNodeSpecificConfigs(97)) - Setting configuration key ozone.om.http-address with value of key ozone.om.http-address.om-service-test1.omNode-1: 127.0.0.1:15005
2023-05-12 15:34:48,676 [Listener at 0.0.0.0/15000] INFO  ha.OMHANodeDetails (ConfUtils.java:setNodeSpecificConfigs(97)) - Setting configuration key ozone.om.https-address with value of key ozone.om.https-address.om-service-test1.omNode-1: 127.0.0.1:15006
2023-05-12 15:34:48,676 [Listener at 0.0.0.0/15000] INFO  ha.OMHANodeDetails (ConfUtils.java:setNodeSpecificConfigs(97)) - Setting configuration key ozone.om.address with value of key ozone.om.address.om-service-test1.omNode-1: 127.0.0.1:15004
2023-05-12 15:34:48,677 [Listener at 0.0.0.0/15000] WARN  server.ServerUtils (ServerUtils.java:getDBPath(225)) - ozone.om.db.dirs is not configured. We recommend adding this setting. Falling back to ozone.metadata.dirs instead.
2023-05-12 15:34:48,679 [Listener at 0.0.0.0/15000] INFO  upgrade.AbstractLayoutVersionManager (AbstractLayoutVersionManager.java:init(83)) - Initializing Layout version manager with metadata layout = HSYNC (version = 4), software layout = HSYNC (version = 4)
2023-05-12 15:34:48,779 [Listener at 0.0.0.0/15000] INFO  reflections.Reflections (Reflections.java:scan(232)) - Reflections took 96 ms to scan 2 urls, producing 172 keys and 479 values [using 2 cores]
2023-05-12 15:34:48,785 [Listener at 0.0.0.0/15000] INFO  upgrade.OMLayoutVersionManager (OMLayoutVersionManager.java:lambda$0(115)) - Skipping Upgrade Action MockOmUpgradeAction since it has been finalized.
2023-05-12 15:34:48,787 [Listener at 0.0.0.0/15000] WARN  server.ServerUtils (ServerUtils.java:getDBPath(225)) - ozone.om.db.dirs is not configured. We recommend adding this setting. Falling back to ozone.metadata.dirs instead.
2023-05-12 15:34:48,939 [Listener at 0.0.0.0/15000] INFO  proxy.SCMBlockLocationFailoverProxyProvider (SCMBlockLocationFailoverProxyProvider.java:<init>(114)) - Created block location fail-over proxy with 1 nodes: [nodeId=scmNodeId,nodeAddress=/0.0.0.0:15001]
2023-05-12 15:34:48,951 [Listener at 0.0.0.0/15000] INFO  proxy.SCMBlockLocationFailoverProxyProvider (SCMBlockLocationFailoverProxyProvider.java:<init>(114)) - Created block location fail-over proxy with 1 nodes: [nodeId=scmNodeId,nodeAddress=/0.0.0.0:15001]
2023-05-12 15:34:48,989 [Listener at 0.0.0.0/15000] INFO  om.OzoneManager (OzoneManager.java:<init>(644)) - OM start with adminUsers: [*, runner]
2023-05-12 15:34:49,002 [Listener at 0.0.0.0/15000] WARN  server.ServerUtils (ServerUtils.java:getDBPath(225)) - ozone.om.db.dirs is not configured. We recommend adding this setting. Falling back to ozone.metadata.dirs instead.
2023-05-12 15:34:49,009 [Listener at 0.0.0.0/15000] INFO  codec.OmKeyInfoCodec (OmKeyInfoCodec.java:<init>(49)) - OmKeyInfoCodec ignorePipeline = true
2023-05-12 15:34:49,010 [Listener at 0.0.0.0/15000] INFO  codec.RepeatedOmKeyInfoCodec (RepeatedOmKeyInfoCodec.java:<init>(41)) - RepeatedOmKeyInfoCodec ignorePipeline = true
2023-05-12 15:34:49,222 [Listener at 0.0.0.0/15000] INFO  om.OzoneManager (OzoneManager.java:instantiateServices(774)) - S3 Multi-Tenancy is disabled
2023-05-12 15:34:49,257 [Listener at 0.0.0.0/15000] INFO  om.OmSnapshotManager (OmSnapshotManager.java:<init>(171)) - Ozone filesystem snapshot feature is enabled.
2023-05-12 15:34:49,259 [Listener at 0.0.0.0/15000] WARN  server.ServerUtils (ServerUtils.java:getDBPath(225)) - ozone.om.snapshot.diff.db.dir is not configured. We recommend adding this setting. Falling back to ozone.metadata.dirs instead.
2023-05-12 15:34:49,379 [Listener at 0.0.0.0/15000] INFO  om.OzoneManager (OzoneManager.java:addS3GVolumeToDB(4301)) - Created Volume s3v With Owner runner required for S3Gateway operations.
2023-05-12 15:34:49,441 [Listener at 0.0.0.0/15000] WARN  server.ServerUtils (ServerUtils.java:getDefaultRatisDirectory(237)) - Storage directory for Ratis is not configured. It is a good idea to map this to an SSD disk. Falling back to ozone.metadata.dirs
2023-05-12 15:34:49,441 [Listener at 0.0.0.0/15000] WARN  utils.OzoneManagerRatisUtils (OzoneManagerRatisUtils.java:getOMRatisSnapshotDirectory(456)) - ozone.om.ratis.snapshot.dir is not configured. Falling back to ozone.metadata.dirs config
2023-05-12 15:34:49,452 [Listener at 0.0.0.0/15000] INFO  utils.RDBSnapshotProvider (RDBSnapshotProvider.java:init(83)) - Cleaning up the candidate dir: /home/runner/work/ozone/ozone/hadoop-ozone/integration-test/target/test-dir/MiniOzoneClusterImpl-bfe86ff0-f9fb-433f-aae2-64a5a95eec81/omNode-1/snapshot/om.db.candidate
2023-05-12 15:34:49,452 [Listener at 0.0.0.0/15000] INFO  ratis_snapshot.OmRatisSnapshotProvider (OmRatisSnapshotProvider.java:<init>(84)) - Initializing OM Snapshot Provider
2023-05-12 15:34:49,557 [Listener at 0.0.0.0/15000] WARN  server.ServerUtils (ServerUtils.java:getDefaultRatisDirectory(237)) - Storage directory for Ratis is not configured. It is a good idea to map this to an SSD disk. Falling back to ozone.metadata.dirs
2023-05-12 15:34:49,588 [Listener at 0.0.0.0/15000] INFO  ratis.OzoneManagerRatisServer (OzoneManagerRatisServer.java:<init>(163)) - Instantiating OM Ratis server with groupID: om-service-test1 and peers: localhost:15007, localhost:15015, localhost:15011
2023-05-12 15:34:49,597 [Listener at 0.0.0.0/15000] INFO  ratis.OzoneManagerStateMachine (OzoneManagerStateMachine.java:loadSnapshotInfoFromDB(670)) - LastAppliedIndex is set from TransactionInfo from OM DB as (t:0, i:~)
2023-05-12 15:34:49,648 [Listener at 0.0.0.0/15000] INFO  server.RaftServer (ConfUtils.java:logGet(46)) - raft.rpc.type = GRPC (default)
2023-05-12 15:34:49,657 [Listener at 0.0.0.0/15000] INFO  grpc.GrpcConfigKeys (ConfUtils.java:logFallback(53)) - raft.grpc.admin.host = null (fallback to raft.grpc.server.host)
2023-05-12 15:34:49,659 [Listener at 0.0.0.0/15000] INFO  grpc.GrpcConfigKeys (ConfUtils.java:logFallback(53)) - raft.grpc.admin.port = 15007 (fallback to raft.grpc.server.port)
2023-05-12 15:34:49,660 [Listener at 0.0.0.0/15000] INFO  grpc.GrpcConfigKeys (ConfUtils.java:logFallback(53)) - raft.grpc.client.host = null (fallback to raft.grpc.server.host)
2023-05-12 15:34:49,660 [Listener at 0.0.0.0/15000] INFO  grpc.GrpcConfigKeys (ConfUtils.java:logFallback(53)) - raft.grpc.client.port = 15007 (fallback to raft.grpc.server.port)
2023-05-12 15:34:49,660 [Listener at 0.0.0.0/15000] INFO  grpc.GrpcConfigKeys (ConfUtils.java:logGet(46)) - raft.grpc.server.host = null (default)
2023-05-12 15:34:49,661 [Listener at 0.0.0.0/15000] INFO  grpc.GrpcConfigKeys (ConfUtils.java:logGet(46)) - raft.grpc.server.port = 15007 (custom)
2023-05-12 15:34:49,661 [Listener at 0.0.0.0/15000] INFO  server.GrpcService (ConfUtils.java:logGet(46)) - raft.grpc.message.size.max = 33554432 (custom)
2023-05-12 15:34:49,662 [Listener at 0.0.0.0/15000] INFO  server.RaftServerConfigKeys (ConfUtils.java:logGet(46)) - raft.server.log.appender.buffer.byte-limit = 33554432 (custom)
2023-05-12 15:34:49,663 [Listener at 0.0.0.0/15000] INFO  server.GrpcService (ConfUtils.java:logGet(46)) - raft.grpc.flow.control.window = 1MB (=1048576) (default)
2023-05-12 15:34:49,664 [Listener at 0.0.0.0/15000] INFO  server.RaftServerConfigKeys (ConfUtils.java:logGet(46)) - raft.server.rpc.request.timeout = 3000ms (default)
2023-05-12 15:34:49,675 [Listener at 0.0.0.0/15000] INFO  grpc.GrpcConfigKeys (ConfUtils.java:logGet(46)) - raft.grpc.server.heartbeat.channel = true (default)
2023-05-12 15:34:49,679 [Listener at 0.0.0.0/15000] INFO  grpc.GrpcConfigKeys (ConfUtils.java:logGet(46)) - raft.grpc.server.async.request.thread.pool.cached = true (default)
2023-05-12 15:34:49,679 [Listener at 0.0.0.0/15000] INFO  grpc.GrpcConfigKeys (ConfUtils.java:logGet(46)) - raft.grpc.server.async.request.thread.pool.size = 32 (default)
2023-05-12 15:34:49,907 [Listener at 0.0.0.0/15000] INFO  impl.DataStreamServerImpl (ConfUtils.java:logGet(46)) - raft.datastream.type = DISABLED (default)
2023-05-12 15:34:49,910 [Listener at 0.0.0.0/15000] INFO  server.RaftServerConfigKeys (ConfUtils.java:logGet(46)) - raft.server.threadpool.proxy.cached = true (default)
2023-05-12 15:34:49,911 [Listener at 0.0.0.0/15000] INFO  server.RaftServerConfigKeys (ConfUtils.java:logGet(46)) - raft.server.threadpool.proxy.size = 0 (default)
2023-05-12 15:34:49,911 [Listener at 0.0.0.0/15000] INFO  server.RaftServerConfigKeys (ConfUtils.java:logGet(46)) - raft.server.rpc.slowness.timeout = 2s (custom)
2023-05-12 15:34:49,911 [Listener at 0.0.0.0/15000] INFO  server.RaftServerConfigKeys (ConfUtils.java:logGet(46)) - raft.server.leaderelection.leader.step-down.wait-time = 10s (default)
2023-05-12 15:34:49,914 [Listener at 0.0.0.0/15000] INFO  server.RaftServerConfigKeys (ConfUtils.java:logGet(46)) - raft.server.storage.dir = [/home/runner/work/ozone/ozone/hadoop-ozone/integration-test/target/test-dir/MiniOzoneClusterImpl-bfe86ff0-f9fb-433f-aae2-64a5a95eec81/omNode-1/ratis] (custom)
2023-05-12 15:34:49,924 [Listener at 0.0.0.0/15000] INFO  server.RaftServer (RaftServerProxy.java:addNew(98)) - omNode-1: addNew group-523986131536:[omNode-3|rpc:localhost:15015|priority:0|startupRole:FOLLOWER, omNode-1|rpc:localhost:15007|priority:0|startupRole:FOLLOWER, omNode-2|rpc:localhost:15011|priority:0|startupRole:FOLLOWER] returns group-523986131536:java.util.concurrent.CompletableFuture@7bdf5f29[Not completed]
2023-05-12 15:34:49,924 [Listener at 0.0.0.0/15000] INFO  om.OzoneManager (OzoneManager.java:initializeRatisServer(2137)) - OzoneManager Ratis server initialized at port 15007
2023-05-12 15:34:49,932 [Listener at 0.0.0.0/15000] INFO  om.OzoneManager (OzoneManager.java:getRpcServer(1184)) - Creating RPC Server
2023-05-12 15:34:49,938 [omNode-1-groupManagement] INFO  server.RaftServer$Division (RaftServerImpl.java:<init>(198)) - omNode-1: new RaftServerImpl for group-523986131536:[omNode-3|rpc:localhost:15015|priority:0|startupRole:FOLLOWER, omNode-1|rpc:localhost:15007|priority:0|startupRole:FOLLOWER, omNode-2|rpc:localhost:15011|priority:0|startupRole:FOLLOWER] with OzoneManagerStateMachine:uninitialized
2023-05-12 15:34:49,940 [omNode-1-groupManagement] INFO  server.RaftServerConfigKeys (ConfUtils.java:logGet(46)) - raft.server.rpc.timeout.min = 1s (custom)
2023-05-12 15:34:49,941 [omNode-1-groupManagement] INFO  server.RaftServerConfigKeys (ConfUtils.java:logGet(46)) - raft.server.rpc.timeout.max = 1200ms (custom)
2023-05-12 15:34:49,941 [omNode-1-groupManagement] INFO  server.RaftServerConfigKeys (ConfUtils.java:logGet(46)) - raft.server.rpc.sleep.time = 25ms (default)
2023-05-12 15:34:49,941 [omNode-1-groupManagement] INFO  server.RaftServerConfigKeys (ConfUtils.java:logGet(46)) - raft.server.rpc.slowness.timeout = 2s (custom)
2023-05-12 15:34:49,941 [omNode-1-groupManagement] INFO  server.RaftServerConfigKeys (ConfUtils.java:logGet(46)) - raft.server.leaderelection.leader.step-down.wait-time = 10s (default)
2023-05-12 15:34:49,941 [omNode-1-groupManagement] INFO  server.RaftServerConfigKeys (ConfUtils.java:logGet(46)) - raft.server.sleep.deviation.threshold = 300ms (default)
2023-05-12 15:34:49,950 [omNode-1-groupManagement] INFO  server.RaftServer$Division (ServerState.java:<init>(120)) - omNode-1@group-523986131536: ConfigurationManager, init=-1: peers:[omNode-3|rpc:localhost:15015|priority:0|startupRole:FOLLOWER, omNode-1|rpc:localhost:15007|priority:0|startupRole:FOLLOWER, omNode-2|rpc:localhost:15011|priority:0|startupRole:FOLLOWER]|listeners:[], old=null, confs=<EMPTY_MAP>
2023-05-12 15:34:49,953 [omNode-1-groupManagement] INFO  server.RaftServerConfigKeys (ConfUtils.java:logGet(46)) - raft.server.storage.dir = [/home/runner/work/ozone/ozone/hadoop-ozone/integration-test/target/test-dir/MiniOzoneClusterImpl-bfe86ff0-f9fb-433f-aae2-64a5a95eec81/omNode-1/ratis] (custom)
2023-05-12 15:34:50,096 [omNode-1-groupManagement] INFO  server.RaftServerConfigKeys (ConfUtils.java:logGet(46)) - raft.server.log.corruption.policy = EXCEPTION (default)
2023-05-12 15:34:50,096 [omNode-1-groupManagement] INFO  server.RaftServerConfigKeys (ConfUtils.java:logGet(46)) - raft.server.storage.free-space.min = 0MB (=0) (default)
2023-05-12 15:34:50,106 [omNode-1-groupManagement] INFO  server.RaftServerConfigKeys (ConfUtils.java:logGet(46)) - raft.server.notification.no-leader.timeout = 2s (custom)
2023-05-12 15:34:50,116 [omNode-1-groupManagement] INFO  server.RaftServerConfigKeys (ConfUtils.java:logGet(46)) - raft.server.read.timeout = 10s (default)
2023-05-12 15:34:50,124 [omNode-1-groupManagement] INFO  server.RaftServerConfigKeys (ConfUtils.java:logGet(46)) - raft.server.retrycache.expirytime = 30000ms (custom)
2023-05-12 15:34:50,125 [omNode-1-groupManagement] INFO  server.RaftServerConfigKeys (ConfUtils.java:logGet(46)) - raft.server.retrycache.statistics.expirytime = 100μs (default)
2023-05-12 15:34:50,195 [omNode-1-groupManagement] INFO  server.RaftServerConfigKeys (ConfUtils.java:logGet(46)) - raft.server.read.option = DEFAULT (default)
2023-05-12 15:34:50,243 [omNode-1-groupManagement] INFO  server.RaftServerConfigKeys (ConfUtils.java:logGet(46)) - raft.server.rpc.request.timeout = 3000ms (default)
2023-05-12 15:34:50,249 [omNode-1-groupManagement] INFO  server.RaftServerConfigKeys (ConfUtils.java:logGet(46)) - raft.server.log.appender.install.snapshot.enabled = false (custom)
2023-05-12 15:34:50,250 [omNode-1-groupManagement] INFO  server.RaftServerConfigKeys (ConfUtils.java:logGet(46)) - raft.server.threadpool.server.cached = true (default)
2023-05-12 15:34:50,251 [omNode-1-groupManagement] INFO  server.RaftServerConfigKeys (ConfUtils.java:logGet(46)) - raft.server.threadpool.server.size = 0 (default)
2023-05-12 15:34:50,252 [omNode-1-groupManagement] INFO  server.RaftServerConfigKeys (ConfUtils.java:logGet(46)) - raft.server.threadpool.client.cached = true (default)
2023-05-12 15:34:50,252 [omNode-1-groupManagement] INFO  server.RaftServerConfigKeys (ConfUtils.java:logGet(46)) - raft.server.threadpool.client.size = 0 (default)
2023-05-12 15:34:50,838 [Listener at 0.0.0.0/15000] INFO  reflections.Reflections (Reflections.java:scan(232)) - Reflections took 693 ms to scan 19 urls, producing 69 keys and 5177 values [using 2 cores]
2023-05-12 15:34:50,992 [Listener at 0.0.0.0/15000] INFO  ipc.CallQueueManager (CallQueueManager.java:<init>(90)) - Using callQueue: class java.util.concurrent.LinkedBlockingQueue, queueCapacity: 2000, scheduler: class org.apache.hadoop.ipc.DefaultRpcScheduler, ipcBackoff: false.
2023-05-12 15:34:50,993 [Socket Reader #1 for port 15004] INFO  ipc.Server (Server.java:run(1319)) - Starting Socket Reader #1 for port 15004
2023-05-12 15:34:51,023 [Listener at 127.0.0.1/15004] INFO  impl.MetricsSystemImpl (MetricsSystemImpl.java:init(158)) - OzoneManager metrics system started (again)
2023-05-12 15:34:51,034 [Listener at 127.0.0.1/15004] INFO  om.OzoneManager (OzoneManager.java:start(1605)) - OzoneManager RPC server is listening at localhost/127.0.0.1:15004
2023-05-12 15:34:51,034 [Listener at 127.0.0.1/15004] INFO  ratis.OzoneManagerRatisServer (OzoneManagerRatisServer.java:start(558)) - Starting OzoneManagerRatisServer omNode-1 at port 15007
2023-05-12 15:34:51,036 [omNode-1-impl-thread1] INFO  storage.RaftStorageDirectory (RaftStorageDirectoryImpl.java:analyzeStorage(137)) - The storage directory /home/runner/work/ozone/ozone/hadoop-ozone/integration-test/target/test-dir/MiniOzoneClusterImpl-bfe86ff0-f9fb-433f-aae2-64a5a95eec81/omNode-1/ratis/c9bc4cf4-3bc3-3c60-a66b-523986131536 does not exist. Creating ...
2023-05-12 15:34:51,040 [omNode-1-impl-thread1] INFO  storage.RaftStorageDirectory (RaftStorageDirectoryImpl.java:tryLock(231)) - Lock on /home/runner/work/ozone/ozone/hadoop-ozone/integration-test/target/test-dir/MiniOzoneClusterImpl-bfe86ff0-f9fb-433f-aae2-64a5a95eec81/omNode-1/ratis/c9bc4cf4-3bc3-3c60-a66b-523986131536/in_use.lock acquired by nodename 89313@fv-az1245-539
2023-05-12 15:34:51,045 [omNode-1-impl-thread1] INFO  storage.RaftStorage (RaftStorageImpl.java:format(96)) - Storage directory /home/runner/work/ozone/ozone/hadoop-ozone/integration-test/target/test-dir/MiniOzoneClusterImpl-bfe86ff0-f9fb-433f-aae2-64a5a95eec81/omNode-1/ratis/c9bc4cf4-3bc3-3c60-a66b-523986131536 has been successfully formatted.
2023-05-12 15:34:51,047 [omNode-1-impl-thread1] INFO  server.RaftServerConfigKeys (ConfUtils.java:logGet(46)) - raft.server.log.use.memory = false (default)
2023-05-12 15:34:51,053 [omNode-1-impl-thread1] INFO  server.RaftServerConfigKeys (ConfUtils.java:logGet(46)) - raft.server.log.purge.gap = 50 (custom)
2023-05-12 15:34:51,054 [omNode-1-impl-thread1] INFO  server.RaftServerConfigKeys (ConfUtils.java:logGet(46)) - raft.server.log.appender.buffer.byte-limit = 33554432 (custom)
2023-05-12 15:34:51,055 [omNode-1-impl-thread1] INFO  server.RaftServerConfigKeys (ConfUtils.java:logGet(46)) - raft.server.log.statemachine.data.read.timeout = 1000ms (default)
2023-05-12 15:34:51,056 [omNode-1-impl-thread1] INFO  server.RaftServerConfigKeys (ConfUtils.java:logGet(46)) - raft.server.log.purge.preservation.log.num = 0 (default)
2023-05-12 15:34:51,058 [omNode-1-impl-thread1] INFO  server.RaftServerConfigKeys (ConfUtils.java:logGet(46)) - raft.server.log.segment.size.max = 4194304 (custom)
2023-05-12 15:34:51,062 [omNode-1-impl-thread1] INFO  server.RaftServerConfigKeys (ConfUtils.java:logGet(46)) - raft.server.log.segment.cache.num.max = 2 (custom)
2023-05-12 15:34:51,063 [omNode-1-impl-thread1] INFO  server.RaftServerConfigKeys (ConfUtils.java:logGet(46)) - raft.server.log.segment.cache.size.max = 200MB (=209715200) (default)
2023-05-12 15:34:51,063 [omNode-1-impl-thread1] INFO  server.RaftServerConfigKeys (ConfUtils.java:logGet(46)) - raft.server.log.appender.buffer.byte-limit = 33554432 (custom)
2023-05-12 15:34:51,067 [omNode-1-impl-thread1] INFO  segmented.SegmentedRaftLogWorker (SegmentedRaftLogWorker.java:<init>(188)) - new omNode-1@group-523986131536-SegmentedRaftLogWorker for RaftStorageImpl:Storage Directory /home/runner/work/ozone/ozone/hadoop-ozone/integration-test/target/test-dir/MiniOzoneClusterImpl-bfe86ff0-f9fb-433f-aae2-64a5a95eec81/omNode-1/ratis/c9bc4cf4-3bc3-3c60-a66b-523986131536
2023-05-12 15:34:51,068 [omNode-1-impl-thread1] INFO  server.RaftServerConfigKeys (ConfUtils.java:logGet(46)) - raft.server.log.queue.byte-limit = 64MB (=67108864) (default)
2023-05-12 15:34:51,068 [omNode-1-impl-thread1] INFO  server.RaftServerConfigKeys (ConfUtils.java:logGet(46)) - raft.server.log.queue.element-limit = 4096 (default)
2023-05-12 15:34:51,069 [omNode-1-impl-thread1] INFO  server.RaftServerConfigKeys (ConfUtils.java:logGet(46)) - raft.server.log.segment.size.max = 4194304 (custom)
2023-05-12 15:34:51,069 [omNode-1-impl-thread1] INFO  server.RaftServerConfigKeys (ConfUtils.java:logGet(46)) - raft.server.log.preallocated.size = 4194304 (custom)
2023-05-12 15:34:51,069 [omNode-1-impl-thread1] INFO  server.RaftServerConfigKeys (ConfUtils.java:logGet(46)) - raft.server.log.force.sync.num = 128 (default)
2023-05-12 15:34:51,070 [omNode-1-impl-thread1] INFO  server.RaftServerConfigKeys (ConfUtils.java:logGet(46)) - raft.server.log.statemachine.data.sync = true (default)
2023-05-12 15:34:51,070 [omNode-1-impl-thread1] INFO  server.RaftServerConfigKeys (ConfUtils.java:logGet(46)) - raft.server.log.statemachine.data.sync.timeout = 10s (default)
2023-05-12 15:34:51,071 [omNode-1-impl-thread1] INFO  server.RaftServerConfigKeys (ConfUtils.java:logGet(46)) - raft.server.log.statemachine.data.sync.timeout.retry = -1 (default)
2023-05-12 15:34:51,078 [omNode-1-impl-thread1] INFO  server.RaftServerConfigKeys (ConfUtils.java:logGet(46)) - raft.server.log.write.buffer.size = 64KB (=65536) (default)
2023-05-12 15:34:51,078 [omNode-1-impl-thread1] INFO  server.RaftServerConfigKeys (ConfUtils.java:logGet(46)) - raft.server.log.appender.buffer.byte-limit = 33554432 (custom)
2023-05-12 15:34:51,083 [omNode-1-impl-thread1] INFO  server.RaftServerConfigKeys (ConfUtils.java:logGet(46)) - raft.server.log.unsafe-flush.enabled = false (default)
2023-05-12 15:34:51,083 [omNode-1-impl-thread1] INFO  server.RaftServerConfigKeys (ConfUtils.java:logGet(46)) - raft.server.log.async-flush.enabled = false (default)
2023-05-12 15:34:51,086 [omNode-1-impl-thread1] INFO  server.RaftServerConfigKeys (ConfUtils.java:logGet(46)) - raft.server.log.statemachine.data.caching.enabled = false (default)
2023-05-12 15:34:51,091 [omNode-1-impl-thread1] INFO  segmented.SegmentedRaftLogWorker (SegmentedRaftLogWorker.java:lambda$new$0(135)) - omNode-1@group-523986131536-SegmentedRaftLogWorker: flushIndex: setUnconditionally 0 -> -1
2023-05-12 15:34:51,091 [omNode-1-impl-thread1] INFO  segmented.SegmentedRaftLogWorker (SegmentedRaftLogWorker.java:lambda$new$0(135)) - omNode-1@group-523986131536-SegmentedRaftLogWorker: safeCacheEvictIndex: setUnconditionally 0 -> -1
2023-05-12 15:34:51,093 [omNode-1-impl-thread1] INFO  server.RaftServer$Division (RaftServerImpl.java:start(342)) - omNode-1@group-523986131536: start as a follower, conf=-1: peers:[omNode-3|rpc:localhost:15015|priority:0|startupRole:FOLLOWER, omNode-1|rpc:localhost:15007|priority:0|startupRole:FOLLOWER, omNode-2|rpc:localhost:15011|priority:0|startupRole:FOLLOWER]|listeners:[], old=null
2023-05-12 15:34:51,093 [omNode-1-impl-thread1] INFO  server.RaftServer$Division (RaftServerImpl.java:setRole(329)) - omNode-1@group-523986131536: changes role from      null to FOLLOWER at term 0 for startAsFollower
2023-05-12 15:34:51,095 [omNode-1-impl-thread1] INFO  impl.RoleInfo (RoleInfo.java:updateAndGet(139)) - omNode-1: start omNode-1@group-523986131536-FollowerState
2023-05-12 15:34:51,101 [omNode-1-impl-thread1] INFO  util.JmxRegister (JmxRegister.java:tryRegister(44)) - Successfully registered JMX Bean with object name Ratis:service=RaftServer,group=group-523986131536,id=omNode-1
2023-05-12 15:34:51,103 [omNode-1-impl-thread1] INFO  server.RaftServerConfigKeys (ConfUtils.java:logGet(46)) - raft.server.snapshot.auto.trigger.enabled = true (custom)
2023-05-12 15:34:51,103 [omNode-1-impl-thread1] INFO  server.RaftServerConfigKeys (ConfUtils.java:logGet(46)) - raft.server.snapshot.auto.trigger.threshold = 50 (custom)
2023-05-12 15:34:51,103 [omNode-1-impl-thread1] INFO  server.RaftServerConfigKeys (ConfUtils.java:logGet(46)) - raft.server.snapshot.retention.file.num = -1 (default)
2023-05-12 15:34:51,104 [omNode-1-impl-thread1] INFO  server.RaftServerConfigKeys (ConfUtils.java:logGet(46)) - raft.server.log.purge.upto.snapshot.index = true (custom)
2023-05-12 15:34:51,106 [omNode-1@group-523986131536-FollowerState] INFO  server.RaftServerConfigKeys (ConfUtils.java:logFallback(53)) - raft.server.rpc.first-election.timeout.min = 1s (fallback to raft.server.rpc.timeout.min)
2023-05-12 15:34:51,106 [omNode-1@group-523986131536-FollowerState] INFO  server.RaftServerConfigKeys (ConfUtils.java:logFallback(53)) - raft.server.rpc.first-election.timeout.max = 1200ms (fallback to raft.server.rpc.timeout.max)
2023-05-12 15:34:51,107 [Listener at 127.0.0.1/15004] INFO  server.RaftServer (RaftServerProxy.java:startImpl(400)) - omNode-1: start RPC server
2023-05-12 15:34:51,153 [Listener at 127.0.0.1/15004] INFO  server.GrpcService (GrpcService.java:startImpl(302)) - omNode-1: GrpcService started, listening on 15007
2023-05-12 15:34:51,154 [Listener at 127.0.0.1/15004] INFO  om.OzoneManager (OzoneManager.java:start(1621)) - Version File has different layout version (4) than OM DB (null). That is expected if this OM has never been finalized to a newer layout version.
2023-05-12 15:34:51,156 [JvmPauseMonitor0] INFO  util.JvmPauseMonitor (JvmPauseMonitor.java:run(103)) - JvmPauseMonitor-omNode-1: Started
2023-05-12 15:34:51,177 [Listener at 127.0.0.1/15004] INFO  http.BaseHttpServer (BaseHttpServer.java:newHttpServer2BuilderForOzone(224)) - Starting Web-server for ozoneManager at: http://0.0.0.0:15005
2023-05-12 15:34:51,177 [Listener at 127.0.0.1/15004] INFO  http.BaseHttpServer (BaseHttpServer.java:<init>(111)) - Hadoop Security Enabled: false Ozone Security Enabled: false Ozone HTTP Security Enabled: false 
2023-05-12 15:34:51,179 [Listener at 127.0.0.1/15004] WARN  server.AuthenticationFilter (AuthenticationFilter.java:constructSecretProvider(240)) - Unable to initialize FileSignerSecretProvider, falling back to use random secrets. Reason: Could not read signature secret file: /home/runner/hadoop-http-auth-signature-secret
2023-05-12 15:34:51,182 [Listener at 127.0.0.1/15004] INFO  http.HttpRequestLog (HttpRequestLog.java:getRequestLog(86)) - Http request log for http.requests.ozoneManager is not defined
2023-05-12 15:34:51,184 [Listener at 127.0.0.1/15004] INFO  http.HttpServer2 (HttpServer2.java:addGlobalFilter(1031)) - Added global filter 'safety' (class=org.apache.hadoop.hdds.server.http.HttpServer2$QuotingInputFilter)
2023-05-12 15:34:51,185 [Listener at 127.0.0.1/15004] INFO  http.HttpServer2 (HttpServer2.java:addFilter(1007)) - Added filter static_user_filter (class=org.apache.hadoop.http.lib.StaticUserWebFilter$StaticUserFilter) to context ozoneManager
2023-05-12 15:34:51,185 [Listener at 127.0.0.1/15004] INFO  http.HttpServer2 (HttpServer2.java:addFilter(1015)) - Added filter static_user_filter (class=org.apache.hadoop.http.lib.StaticUserWebFilter$StaticUserFilter) to context logs
2023-05-12 15:34:51,185 [Listener at 127.0.0.1/15004] INFO  http.HttpServer2 (HttpServer2.java:addFilter(1015)) - Added filter static_user_filter (class=org.apache.hadoop.http.lib.StaticUserWebFilter$StaticUserFilter) to context static
2023-05-12 15:34:51,188 [Listener at 127.0.0.1/15004] INFO  http.BaseHttpServer (BaseHttpServer.java:<init>(190)) - HTTP server of ozoneManager uses base directory /home/runner/work/ozone/ozone/hadoop-ozone/integration-test/target/test-dir/MiniOzoneClusterImpl-bfe86ff0-f9fb-433f-aae2-64a5a95eec81/omNode-1/webserver
2023-05-12 15:34:51,193 [Listener at 127.0.0.1/15004] INFO  http.HttpServer2 (HttpServer2.java:bindListener(1250)) - Jetty bound to port 15005
2023-05-12 15:34:51,194 [Listener at 127.0.0.1/15004] INFO  server.Server (Server.java:doStart(375)) - jetty-9.4.51.v20230217; built: 2023-02-17T08:19:37.309Z; git: b45c405e4544384de066f814ed42ae3dceacdd49; jvm 1.8.0_362-b09
2023-05-12 15:34:51,196 [Listener at 127.0.0.1/15004] INFO  server.session (DefaultSessionIdManager.java:doStart(334)) - DefaultSessionIdManager workerName=node0
2023-05-12 15:34:51,197 [Listener at 127.0.0.1/15004] INFO  server.session (DefaultSessionIdManager.java:doStart(339)) - No SessionScavenger set, using defaults
2023-05-12 15:34:51,197 [Listener at 127.0.0.1/15004] INFO  server.session (HouseKeeper.java:startScavenging(132)) - node0 Scavenging every 600000ms
2023-05-12 15:34:51,201 [Listener at 127.0.0.1/15004] INFO  handler.ContextHandler (ContextHandler.java:doStart(921)) - Started o.e.j.s.ServletContextHandler@5bf3a6ac{logs,/logs,file:///home/runner/work/ozone/ozone/hadoop-ozone/integration-test/target/log,AVAILABLE}
2023-05-12 15:34:51,202 [Listener at 127.0.0.1/15004] INFO  handler.ContextHandler (ContextHandler.java:doStart(921)) - Started o.e.j.s.ServletContextHandler@3e0032f{static,/static,file:///home/runner/work/ozone/ozone/hadoop-ozone/integration-test/target/test-classes/webapps/static,AVAILABLE}
2023-05-12 15:34:51,205 [Listener at 127.0.0.1/15004] INFO  handler.ContextHandler (ContextHandler.java:doStart(921)) - Started o.e.j.w.WebAppContext@7bfd21ca{ozoneManager,/,file:///home/runner/work/ozone/ozone/hadoop-ozone/integration-test/target/test-classes/webapps/ozoneManager/,AVAILABLE}{file:/home/runner/work/ozone/ozone/hadoop-ozone/integration-test/target/test-classes/webapps/ozoneManager}
2023-05-12 15:34:51,207 [Listener at 127.0.0.1/15004] INFO  server.AbstractConnector (AbstractConnector.java:doStart(333)) - Started ServerConnector@1364560f{HTTP/1.1, (http/1.1)}{0.0.0.0:15005}
2023-05-12 15:34:51,208 [Listener at 127.0.0.1/15004] INFO  server.Server (Server.java:doStart(415)) - Started @7420ms
2023-05-12 15:34:51,208 [Listener at 127.0.0.1/15004] WARN  impl.MetricsSystemImpl (MetricsSystemImpl.java:register(279)) - Sink prometheus already exists!
2023-05-12 15:34:51,209 [Listener at 127.0.0.1/15004] INFO  http.BaseHttpServer (BaseHttpServer.java:updateConnectorAddress(344)) - HTTP server of ozoneManager listening at http://0.0.0.0:15005
2023-05-12 15:34:51,209 [IPC Server Responder] INFO  ipc.Server (Server.java:run(1558)) - IPC Server Responder: starting
2023-05-12 15:34:51,210 [IPC Server listener on 15004] INFO  ipc.Server (Server.java:run(1398)) - IPC Server listener on 15004: starting
2023-05-12 15:34:51,217 [Listener at 127.0.0.1/15004] INFO  om.OzoneManager (OzoneManager.java:startTrashEmptier(2081)) - Trash Interval set to 0. Files deleted won't move to trash
2023-05-12 15:34:51,219 [Listener at 127.0.0.1/15004] INFO  ozone.MiniOzoneHAClusterImpl (MiniOzoneHAClusterImpl.java:createOMService(502)) - Started OzoneManager omNode-1 RPC server at localhost/127.0.0.1:15004
2023-05-12 15:34:51,220 [Listener at 127.0.0.1/15004] INFO  ha.OMHANodeDetails (OMHANodeDetails.java:loadOMHAConfig(121)) - ServiceID for OzoneManager is om-service-test1
2023-05-12 15:34:51,220 [Listener at 127.0.0.1/15004] INFO  ha.OMHANodeDetails (OMHANodeDetails.java:loadOMHAConfig(201)) - Found matching OM address with OMServiceId: om-service-test1, OMNodeId: omNode-2, RPC Address: localhost:15008 and Ratis port: 15011
2023-05-12 15:34:51,221 [Listener at 127.0.0.1/15004] INFO  ha.OMHANodeDetails (ConfUtils.java:setNodeSpecificConfigs(97)) - Setting configuration key ozone.om.http-address with value of key ozone.om.http-address.om-service-test1.omNode-2: 127.0.0.1:15009
2023-05-12 15:34:51,221 [Listener at 127.0.0.1/15004] INFO  ha.OMHANodeDetails (ConfUtils.java:setNodeSpecificConfigs(97)) - Setting configuration key ozone.om.https-address with value of key ozone.om.https-address.om-service-test1.omNode-2: 127.0.0.1:15010
2023-05-12 15:34:51,221 [Listener at 127.0.0.1/15004] INFO  ha.OMHANodeDetails (ConfUtils.java:setNodeSpecificConfigs(97)) - Setting configuration key ozone.om.address with value of key ozone.om.address.om-service-test1.omNode-2: 127.0.0.1:15008
2023-05-12 15:34:51,223 [Listener at 127.0.0.1/15004] WARN  server.ServerUtils (ServerUtils.java:getDBPath(225)) - ozone.om.db.dirs is not configured. We recommend adding this setting. Falling back to ozone.metadata.dirs instead.
2023-05-12 15:34:51,225 [Listener at 127.0.0.1/15004] INFO  proxy.SCMBlockLocationFailoverProxyProvider (SCMBlockLocationFailoverProxyProvider.java:<init>(114)) - Created block location fail-over proxy with 1 nodes: [nodeId=scmNodeId,nodeAddress=/0.0.0.0:15001]
2023-05-12 15:34:51,227 [org.apache.hadoop.util.JvmPauseMonitor$Monitor@47d054db] INFO  util.JvmPauseMonitor (JvmPauseMonitor.java:run(188)) - Starting JVM pause monitor
OM initialization succeeded.Current cluster id for sd=/home/runner/work/ozone/ozone/hadoop-ozone/integration-test/target/test-dir/MiniOzoneClusterImpl-bfe86ff0-f9fb-433f-aae2-64a5a95eec81/omNode-2/om;cid=bfe86ff0-f9fb-433f-aae2-64a5a95eec81;layoutVersion=4
2023-05-12 15:34:51,235 [Listener at 127.0.0.1/15004] INFO  ha.OMHANodeDetails (OMHANodeDetails.java:loadOMHAConfig(121)) - ServiceID for OzoneManager is om-service-test1
2023-05-12 15:34:51,236 [Listener at 127.0.0.1/15004] INFO  ha.OMHANodeDetails (OMHANodeDetails.java:loadOMHAConfig(201)) - Found matching OM address with OMServiceId: om-service-test1, OMNodeId: omNode-2, RPC Address: localhost:15008 and Ratis port: 15011
2023-05-12 15:34:51,236 [Listener at 127.0.0.1/15004] INFO  ha.OMHANodeDetails (ConfUtils.java:setNodeSpecificConfigs(97)) - Setting configuration key ozone.om.http-address with value of key ozone.om.http-address.om-service-test1.omNode-2: 127.0.0.1:15009
2023-05-12 15:34:51,236 [Listener at 127.0.0.1/15004] INFO  ha.OMHANodeDetails (ConfUtils.java:setNodeSpecificConfigs(97)) - Setting configuration key ozone.om.https-address with value of key ozone.om.https-address.om-service-test1.omNode-2: 127.0.0.1:15010
2023-05-12 15:34:51,236 [Listener at 127.0.0.1/15004] INFO  ha.OMHANodeDetails (ConfUtils.java:setNodeSpecificConfigs(97)) - Setting configuration key ozone.om.address with value of key ozone.om.address.om-service-test1.omNode-2: 127.0.0.1:15008
2023-05-12 15:34:51,237 [Listener at 127.0.0.1/15004] WARN  server.ServerUtils (ServerUtils.java:getDBPath(225)) - ozone.om.db.dirs is not configured. We recommend adding this setting. Falling back to ozone.metadata.dirs instead.
2023-05-12 15:34:51,238 [Listener at 127.0.0.1/15004] INFO  upgrade.AbstractLayoutVersionManager (AbstractLayoutVersionManager.java:init(83)) - Initializing Layout version manager with metadata layout = HSYNC (version = 4), software layout = HSYNC (version = 4)
2023-05-12 15:34:51,432 [Listener at 127.0.0.1/15004] INFO  reflections.Reflections (Reflections.java:scan(232)) - Reflections took 192 ms to scan 2 urls, producing 172 keys and 479 values [using 2 cores]
2023-05-12 15:34:51,433 [Listener at 127.0.0.1/15004] INFO  upgrade.OMLayoutVersionManager (OMLayoutVersionManager.java:lambda$0(115)) - Skipping Upgrade Action MockOmUpgradeAction since it has been finalized.
2023-05-12 15:34:51,433 [Listener at 127.0.0.1/15004] WARN  server.ServerUtils (ServerUtils.java:getDBPath(225)) - ozone.om.db.dirs is not configured. We recommend adding this setting. Falling back to ozone.metadata.dirs instead.
2023-05-12 15:34:51,434 [Listener at 127.0.0.1/15004] INFO  proxy.SCMBlockLocationFailoverProxyProvider (SCMBlockLocationFailoverProxyProvider.java:<init>(114)) - Created block location fail-over proxy with 1 nodes: [nodeId=scmNodeId,nodeAddress=/0.0.0.0:15001]
2023-05-12 15:34:51,436 [Listener at 127.0.0.1/15004] INFO  proxy.SCMBlockLocationFailoverProxyProvider (SCMBlockLocationFailoverProxyProvider.java:<init>(114)) - Created block location fail-over proxy with 1 nodes: [nodeId=scmNodeId,nodeAddress=/0.0.0.0:15001]
2023-05-12 15:34:51,448 [Listener at 127.0.0.1/15004] INFO  om.OzoneManager (OzoneManager.java:<init>(644)) - OM start with adminUsers: [*, runner]
2023-05-12 15:34:51,451 [Listener at 127.0.0.1/15004] WARN  server.ServerUtils (ServerUtils.java:getDBPath(225)) - ozone.om.db.dirs is not configured. We recommend adding this setting. Falling back to ozone.metadata.dirs instead.
2023-05-12 15:34:51,452 [Listener at 127.0.0.1/15004] INFO  codec.OmKeyInfoCodec (OmKeyInfoCodec.java:<init>(49)) - OmKeyInfoCodec ignorePipeline = true
2023-05-12 15:34:51,452 [Listener at 127.0.0.1/15004] INFO  codec.RepeatedOmKeyInfoCodec (RepeatedOmKeyInfoCodec.java:<init>(41)) - RepeatedOmKeyInfoCodec ignorePipeline = true
2023-05-12 15:34:51,644 [Listener at 127.0.0.1/15004] INFO  om.OzoneManager (OzoneManager.java:instantiateServices(774)) - S3 Multi-Tenancy is disabled
2023-05-12 15:34:51,646 [Listener at 127.0.0.1/15004] INFO  om.OmSnapshotManager (OmSnapshotManager.java:<init>(171)) - Ozone filesystem snapshot feature is enabled.
2023-05-12 15:34:51,646 [Listener at 127.0.0.1/15004] WARN  server.ServerUtils (ServerUtils.java:getDBPath(225)) - ozone.om.snapshot.diff.db.dir is not configured. We recommend adding this setting. Falling back to ozone.metadata.dirs instead.
2023-05-12 15:34:51,687 [Listener at 127.0.0.1/15004] INFO  om.OzoneManager (OzoneManager.java:addS3GVolumeToDB(4301)) - Created Volume s3v With Owner runner required for S3Gateway operations.
2023-05-12 15:34:51,687 [Listener at 127.0.0.1/15004] WARN  server.ServerUtils (ServerUtils.java:getDefaultRatisDirectory(237)) - Storage directory for Ratis is not configured. It is a good idea to map this to an SSD disk. Falling back to ozone.metadata.dirs
2023-05-12 15:34:51,688 [Listener at 127.0.0.1/15004] WARN  utils.OzoneManagerRatisUtils (OzoneManagerRatisUtils.java:getOMRatisSnapshotDirectory(456)) - ozone.om.ratis.snapshot.dir is not configured. Falling back to ozone.metadata.dirs config
2023-05-12 15:34:51,688 [Listener at 127.0.0.1/15004] INFO  utils.RDBSnapshotProvider (RDBSnapshotProvider.java:init(83)) - Cleaning up the candidate dir: /home/runner/work/ozone/ozone/hadoop-ozone/integration-test/target/test-dir/MiniOzoneClusterImpl-bfe86ff0-f9fb-433f-aae2-64a5a95eec81/omNode-2/snapshot/om.db.candidate
2023-05-12 15:34:51,688 [Listener at 127.0.0.1/15004] INFO  ratis_snapshot.OmRatisSnapshotProvider (OmRatisSnapshotProvider.java:<init>(84)) - Initializing OM Snapshot Provider
2023-05-12 15:34:51,692 [Listener at 127.0.0.1/15004] WARN  impl.MetricRegistriesImpl (MetricRegistriesImpl.java:addReporterRegistration(111)) - New reporters are added after registries were created. Some metrics will be missing from the reporter. Please add reporter before adding any new registry.
2023-05-12 15:34:51,693 [Listener at 127.0.0.1/15004] WARN  impl.MetricRegistriesImpl (MetricRegistriesImpl.java:addReporterRegistration(111)) - New reporters are added after registries were created. Some metrics will be missing from the reporter. Please add reporter before adding any new registry.
2023-05-12 15:34:51,693 [Listener at 127.0.0.1/15004] WARN  server.ServerUtils (ServerUtils.java:getDefaultRatisDirectory(237)) - Storage directory for Ratis is not configured. It is a good idea to map this to an SSD disk. Falling back to ozone.metadata.dirs
2023-05-12 15:34:51,695 [Listener at 127.0.0.1/15004] INFO  ratis.OzoneManagerRatisServer (OzoneManagerRatisServer.java:<init>(163)) - Instantiating OM Ratis server with groupID: om-service-test1 and peers: localhost:15011, localhost:15015, localhost:15007
2023-05-12 15:34:51,695 [Listener at 127.0.0.1/15004] INFO  ratis.OzoneManagerStateMachine (OzoneManagerStateMachine.java:loadSnapshotInfoFromDB(670)) - LastAppliedIndex is set from TransactionInfo from OM DB as (t:0, i:~)
2023-05-12 15:34:51,701 [Listener at 127.0.0.1/15004] INFO  server.RaftServer (ConfUtils.java:logGet(46)) - raft.rpc.type = GRPC (default)
2023-05-12 15:34:51,701 [Listener at 127.0.0.1/15004] INFO  grpc.GrpcConfigKeys (ConfUtils.java:logFallback(53)) - raft.grpc.admin.host = null (fallback to raft.grpc.server.host)
2023-05-12 15:34:51,701 [Listener at 127.0.0.1/15004] INFO  grpc.GrpcConfigKeys (ConfUtils.java:logFallback(53)) - raft.grpc.admin.port = 15011 (fallback to raft.grpc.server.port)
2023-05-12 15:34:51,701 [Listener at 127.0.0.1/15004] INFO  grpc.GrpcConfigKeys (ConfUtils.java:logFallback(53)) - raft.grpc.client.host = null (fallback to raft.grpc.server.host)
2023-05-12 15:34:51,702 [Listener at 127.0.0.1/15004] INFO  grpc.GrpcConfigKeys (ConfUtils.java:logFallback(53)) - raft.grpc.client.port = 15011 (fallback to raft.grpc.server.port)
2023-05-12 15:34:51,702 [Listener at 127.0.0.1/15004] INFO  grpc.GrpcConfigKeys (ConfUtils.java:logGet(46)) - raft.grpc.server.host = null (default)
2023-05-12 15:34:51,702 [Listener at 127.0.0.1/15004] INFO  grpc.GrpcConfigKeys (ConfUtils.java:logGet(46)) - raft.grpc.server.port = 15011 (custom)
2023-05-12 15:34:51,702 [Listener at 127.0.0.1/15004] INFO  server.GrpcService (ConfUtils.java:logGet(46)) - raft.grpc.message.size.max = 33554432 (custom)
2023-05-12 15:34:51,702 [Listener at 127.0.0.1/15004] INFO  server.RaftServerConfigKeys (ConfUtils.java:logGet(46)) - raft.server.log.appender.buffer.byte-limit = 33554432 (custom)
2023-05-12 15:34:51,702 [Listener at 127.0.0.1/15004] INFO  server.GrpcService (ConfUtils.java:logGet(46)) - raft.grpc.flow.control.window = 1MB (=1048576) (default)
2023-05-12 15:34:51,703 [Listener at 127.0.0.1/15004] INFO  server.RaftServerConfigKeys (ConfUtils.java:logGet(46)) - raft.server.rpc.request.timeout = 3000ms (default)
2023-05-12 15:34:51,703 [Listener at 127.0.0.1/15004] INFO  grpc.GrpcConfigKeys (ConfUtils.java:logGet(46)) - raft.grpc.server.heartbeat.channel = true (default)
2023-05-12 15:34:51,703 [Listener at 127.0.0.1/15004] INFO  grpc.GrpcConfigKeys (ConfUtils.java:logGet(46)) - raft.grpc.server.async.request.thread.pool.cached = true (default)
2023-05-12 15:34:51,703 [Listener at 127.0.0.1/15004] INFO  grpc.GrpcConfigKeys (ConfUtils.java:logGet(46)) - raft.grpc.server.async.request.thread.pool.size = 32 (default)
2023-05-12 15:34:51,705 [Listener at 127.0.0.1/15004] INFO  impl.DataStreamServerImpl (ConfUtils.java:logGet(46)) - raft.datastream.type = DISABLED (default)
2023-05-12 15:34:51,705 [Listener at 127.0.0.1/15004] INFO  server.RaftServerConfigKeys (ConfUtils.java:logGet(46)) - raft.server.threadpool.proxy.cached = true (default)
2023-05-12 15:34:51,705 [Listener at 127.0.0.1/15004] INFO  server.RaftServerConfigKeys (ConfUtils.java:logGet(46)) - raft.server.threadpool.proxy.size = 0 (default)
2023-05-12 15:34:51,706 [Listener at 127.0.0.1/15004] INFO  server.RaftServerConfigKeys (ConfUtils.java:logGet(46)) - raft.server.rpc.slowness.timeout = 2s (custom)
2023-05-12 15:34:51,706 [Listener at 127.0.0.1/15004] INFO  server.RaftServerConfigKeys (ConfUtils.java:logGet(46)) - raft.server.leaderelection.leader.step-down.wait-time = 10s (default)
2023-05-12 15:34:51,706 [Listener at 127.0.0.1/15004] INFO  server.RaftServerConfigKeys (ConfUtils.java:logGet(46)) - raft.server.storage.dir = [/home/runner/work/ozone/ozone/hadoop-ozone/integration-test/target/test-dir/MiniOzoneClusterImpl-bfe86ff0-f9fb-433f-aae2-64a5a95eec81/omNode-2/ratis] (custom)
2023-05-12 15:34:51,709 [Listener at 127.0.0.1/15004] INFO  server.RaftServer (RaftServerProxy.java:addNew(98)) - omNode-2: addNew group-523986131536:[omNode-3|rpc:localhost:15015|priority:0|startupRole:FOLLOWER, omNode-1|rpc:localhost:15007|priority:0|startupRole:FOLLOWER, omNode-2|rpc:localhost:15011|priority:0|startupRole:FOLLOWER] returns group-523986131536:java.util.concurrent.CompletableFuture@35ae7e38[Not completed]
2023-05-12 15:34:51,709 [Listener at 127.0.0.1/15004] INFO  om.OzoneManager (OzoneManager.java:initializeRatisServer(2137)) - OzoneManager Ratis server initialized at port 15011
2023-05-12 15:34:51,709 [Listener at 127.0.0.1/15004] INFO  om.OzoneManager (OzoneManager.java:getRpcServer(1184)) - Creating RPC Server
2023-05-12 15:34:51,711 [omNode-2-groupManagement] INFO  server.RaftServer$Division (RaftServerImpl.java:<init>(198)) - omNode-2: new RaftServerImpl for group-523986131536:[omNode-3|rpc:localhost:15015|priority:0|startupRole:FOLLOWER, omNode-1|rpc:localhost:15007|priority:0|startupRole:FOLLOWER, omNode-2|rpc:localhost:15011|priority:0|startupRole:FOLLOWER] with OzoneManagerStateMachine:uninitialized
2023-05-12 15:34:51,711 [omNode-2-groupManagement] INFO  server.RaftServerConfigKeys (ConfUtils.java:logGet(46)) - raft.server.rpc.timeout.min = 1s (custom)
2023-05-12 15:34:51,712 [omNode-2-groupManagement] INFO  server.RaftServerConfigKeys (ConfUtils.java:logGet(46)) - raft.server.rpc.timeout.max = 1200ms (custom)
2023-05-12 15:34:51,712 [omNode-2-groupManagement] INFO  server.RaftServerConfigKeys (ConfUtils.java:logGet(46)) - raft.server.rpc.sleep.time = 25ms (default)
2023-05-12 15:34:51,712 [omNode-2-groupManagement] INFO  server.RaftServerConfigKeys (ConfUtils.java:logGet(46)) - raft.server.rpc.slowness.timeout = 2s (custom)
2023-05-12 15:34:51,712 [omNode-2-groupManagement] INFO  server.RaftServerConfigKeys (ConfUtils.java:logGet(46)) - raft.server.leaderelection.leader.step-down.wait-time = 10s (default)
2023-05-12 15:34:51,712 [omNode-2-groupManagement] INFO  server.RaftServerConfigKeys (ConfUtils.java:logGet(46)) - raft.server.sleep.deviation.threshold = 300ms (default)
2023-05-12 15:34:51,712 [omNode-2-groupManagement] INFO  server.RaftServer$Division (ServerState.java:<init>(120)) - omNode-2@group-523986131536: ConfigurationManager, init=-1: peers:[omNode-3|rpc:localhost:15015|priority:0|startupRole:FOLLOWER, omNode-1|rpc:localhost:15007|priority:0|startupRole:FOLLOWER, omNode-2|rpc:localhost:15011|priority:0|startupRole:FOLLOWER]|listeners:[], old=null, confs=<EMPTY_MAP>
2023-05-12 15:34:51,713 [omNode-2-groupManagement] INFO  server.RaftServerConfigKeys (ConfUtils.java:logGet(46)) - raft.server.storage.dir = [/home/runner/work/ozone/ozone/hadoop-ozone/integration-test/target/test-dir/MiniOzoneClusterImpl-bfe86ff0-f9fb-433f-aae2-64a5a95eec81/omNode-2/ratis] (custom)
2023-05-12 15:34:51,714 [omNode-2-groupManagement] INFO  server.RaftServerConfigKeys (ConfUtils.java:logGet(46)) - raft.server.log.corruption.policy = EXCEPTION (default)
2023-05-12 15:34:51,714 [omNode-2-groupManagement] INFO  server.RaftServerConfigKeys (ConfUtils.java:logGet(46)) - raft.server.storage.free-space.min = 0MB (=0) (default)
2023-05-12 15:34:51,714 [omNode-2-groupManagement] INFO  server.RaftServerConfigKeys (ConfUtils.java:logGet(46)) - raft.server.notification.no-leader.timeout = 2s (custom)
2023-05-12 15:34:51,714 [omNode-2-groupManagement] INFO  server.RaftServerConfigKeys (ConfUtils.java:logGet(46)) - raft.server.read.timeout = 10s (default)
2023-05-12 15:34:51,714 [omNode-2-groupManagement] INFO  server.RaftServerConfigKeys (ConfUtils.java:logGet(46)) - raft.server.retrycache.expirytime = 30000ms (custom)
2023-05-12 15:34:51,714 [omNode-2-groupManagement] INFO  server.RaftServerConfigKeys (ConfUtils.java:logGet(46)) - raft.server.retrycache.statistics.expirytime = 100μs (default)
2023-05-12 15:34:51,715 [omNode-2-groupManagement] INFO  server.RaftServerConfigKeys (ConfUtils.java:logGet(46)) - raft.server.read.option = DEFAULT (default)
2023-05-12 15:34:51,719 [omNode-2-groupManagement] INFO  server.RaftServerConfigKeys (ConfUtils.java:logGet(46)) - raft.server.rpc.request.timeout = 3000ms (default)
2023-05-12 15:34:51,719 [omNode-2-groupManagement] INFO  server.RaftServerConfigKeys (ConfUtils.java:logGet(46)) - raft.server.log.appender.install.snapshot.enabled = false (custom)
2023-05-12 15:34:51,719 [omNode-2-groupManagement] INFO  server.RaftServerConfigKeys (ConfUtils.java:logGet(46)) - raft.server.threadpool.server.cached = true (default)
2023-05-12 15:34:51,719 [omNode-2-groupManagement] INFO  server.RaftServerConfigKeys (ConfUtils.java:logGet(46)) - raft.server.threadpool.server.size = 0 (default)
2023-05-12 15:34:51,719 [omNode-2-groupManagement] INFO  server.RaftServerConfigKeys (ConfUtils.java:logGet(46)) - raft.server.threadpool.client.cached = true (default)
2023-05-12 15:34:51,719 [omNode-2-groupManagement] INFO  server.RaftServerConfigKeys (ConfUtils.java:logGet(46)) - raft.server.threadpool.client.size = 0 (default)
2023-05-12 15:34:52,221 [Listener at 127.0.0.1/15004] INFO  reflections.Reflections (Reflections.java:scan(232)) - Reflections took 511 ms to scan 19 urls, producing 69 keys and 5177 values [using 2 cores]
2023-05-12 15:34:52,222 [Listener at 127.0.0.1/15004] INFO  ipc.CallQueueManager (CallQueueManager.java:<init>(90)) - Using callQueue: class java.util.concurrent.LinkedBlockingQueue, queueCapacity: 2000, scheduler: class org.apache.hadoop.ipc.DefaultRpcScheduler, ipcBackoff: false.
2023-05-12 15:34:52,229 [Socket Reader #1 for port 15008] INFO  ipc.Server (Server.java:run(1319)) - Starting Socket Reader #1 for port 15008
2023-05-12 15:34:52,247 [omNode-1@group-523986131536-FollowerState] INFO  impl.FollowerState (FollowerState.java:run(143)) - omNode-1@group-523986131536-FollowerState: change to CANDIDATE, lastRpcElapsedTime:1152534051ns, electionTimeout:1140ms
2023-05-12 15:34:52,248 [omNode-1@group-523986131536-FollowerState] INFO  impl.RoleInfo (RoleInfo.java:shutdownFollowerState(110)) - omNode-1: shutdown omNode-1@group-523986131536-FollowerState
2023-05-12 15:34:52,249 [omNode-1@group-523986131536-FollowerState] INFO  server.RaftServer$Division (RaftServerImpl.java:setRole(329)) - omNode-1@group-523986131536: changes role from  FOLLOWER to CANDIDATE at term 0 for changeToCandidate
2023-05-12 15:34:52,264 [Listener at 127.0.0.1/15008] INFO  impl.MetricsSystemImpl (MetricsSystemImpl.java:init(158)) - OzoneManager metrics system started (again)
2023-05-12 15:34:52,279 [omNode-1@group-523986131536-FollowerState] INFO  server.RaftServerConfigKeys (ConfUtils.java:logGet(46)) - raft.server.leaderelection.pre-vote = true (default)
2023-05-12 15:34:52,279 [omNode-1@group-523986131536-FollowerState] INFO  impl.RoleInfo (RoleInfo.java:updateAndGet(139)) - omNode-1: start omNode-1@group-523986131536-LeaderElection1
2023-05-12 15:34:52,281 [Listener at 127.0.0.1/15008] INFO  om.OzoneManager (OzoneManager.java:start(1605)) - OzoneManager RPC server is listening at localhost/127.0.0.1:15008
2023-05-12 15:34:52,282 [Listener at 127.0.0.1/15008] INFO  ratis.OzoneManagerRatisServer (OzoneManagerRatisServer.java:start(558)) - Starting OzoneManagerRatisServer omNode-2 at port 15011
2023-05-12 15:34:52,282 [omNode-2-impl-thread1] INFO  storage.RaftStorageDirectory (RaftStorageDirectoryImpl.java:analyzeStorage(137)) - The storage directory /home/runner/work/ozone/ozone/hadoop-ozone/integration-test/target/test-dir/MiniOzoneClusterImpl-bfe86ff0-f9fb-433f-aae2-64a5a95eec81/omNode-2/ratis/c9bc4cf4-3bc3-3c60-a66b-523986131536 does not exist. Creating ...
2023-05-12 15:34:52,285 [omNode-2-impl-thread1] INFO  storage.RaftStorageDirectory (RaftStorageDirectoryImpl.java:tryLock(231)) - Lock on /home/runner/work/ozone/ozone/hadoop-ozone/integration-test/target/test-dir/MiniOzoneClusterImpl-bfe86ff0-f9fb-433f-aae2-64a5a95eec81/omNode-2/ratis/c9bc4cf4-3bc3-3c60-a66b-523986131536/in_use.lock acquired by nodename 89313@fv-az1245-539
2023-05-12 15:34:52,287 [omNode-1@group-523986131536-LeaderElection1] INFO  impl.LeaderElection (LeaderElection.java:askForVotes(321)) - omNode-1@group-523986131536-LeaderElection1 PRE_VOTE round 0: submit vote requests at term 0 for -1: peers:[omNode-3|rpc:localhost:15015|priority:0|startupRole:FOLLOWER, omNode-1|rpc:localhost:15007|priority:0|startupRole:FOLLOWER, omNode-2|rpc:localhost:15011|priority:0|startupRole:FOLLOWER]|listeners:[], old=null
2023-05-12 15:34:52,289 [omNode-2-impl-thread1] INFO  storage.RaftStorage (RaftStorageImpl.java:format(96)) - Storage directory /home/runner/work/ozone/ozone/hadoop-ozone/integration-test/target/test-dir/MiniOzoneClusterImpl-bfe86ff0-f9fb-433f-aae2-64a5a95eec81/omNode-2/ratis/c9bc4cf4-3bc3-3c60-a66b-523986131536 has been successfully formatted.
2023-05-12 15:34:52,290 [omNode-2-impl-thread1] INFO  server.RaftServerConfigKeys (ConfUtils.java:logGet(46)) - raft.server.log.use.memory = false (default)
2023-05-12 15:34:52,290 [omNode-2-impl-thread1] INFO  server.RaftServerConfigKeys (ConfUtils.java:logGet(46)) - raft.server.log.purge.gap = 50 (custom)
2023-05-12 15:34:52,290 [omNode-2-impl-thread1] INFO  server.RaftServerConfigKeys (ConfUtils.java:logGet(46)) - raft.server.log.appender.buffer.byte-limit = 33554432 (custom)
2023-05-12 15:34:52,290 [omNode-2-impl-thread1] INFO  server.RaftServerConfigKeys (ConfUtils.java:logGet(46)) - raft.server.log.statemachine.data.read.timeout = 1000ms (default)
2023-05-12 15:34:52,290 [omNode-2-impl-thread1] INFO  server.RaftServerConfigKeys (ConfUtils.java:logGet(46)) - raft.server.log.purge.preservation.log.num = 0 (default)
2023-05-12 15:34:52,290 [omNode-2-impl-thread1] INFO  server.RaftServerConfigKeys (ConfUtils.java:logGet(46)) - raft.server.log.segment.size.max = 4194304 (custom)
2023-05-12 15:34:52,291 [omNode-2-impl-thread1] INFO  server.RaftServerConfigKeys (ConfUtils.java:logGet(46)) - raft.server.log.segment.cache.num.max = 2 (custom)
2023-05-12 15:34:52,291 [omNode-2-impl-thread1] INFO  server.RaftServerConfigKeys (ConfUtils.java:logGet(46)) - raft.server.log.segment.cache.size.max = 200MB (=209715200) (default)
2023-05-12 15:34:52,291 [omNode-2-impl-thread1] INFO  server.RaftServerConfigKeys (ConfUtils.java:logGet(46)) - raft.server.log.appender.buffer.byte-limit = 33554432 (custom)
2023-05-12 15:34:52,291 [omNode-2-impl-thread1] INFO  segmented.SegmentedRaftLogWorker (SegmentedRaftLogWorker.java:<init>(188)) - new omNode-2@group-523986131536-SegmentedRaftLogWorker for RaftStorageImpl:Storage Directory /home/runner/work/ozone/ozone/hadoop-ozone/integration-test/target/test-dir/MiniOzoneClusterImpl-bfe86ff0-f9fb-433f-aae2-64a5a95eec81/omNode-2/ratis/c9bc4cf4-3bc3-3c60-a66b-523986131536
2023-05-12 15:34:52,292 [omNode-2-impl-thread1] INFO  server.RaftServerConfigKeys (ConfUtils.java:logGet(46)) - raft.server.log.queue.byte-limit = 64MB (=67108864) (default)
2023-05-12 15:34:52,292 [omNode-2-impl-thread1] INFO  server.RaftServerConfigKeys (ConfUtils.java:logGet(46)) - raft.server.log.queue.element-limit = 4096 (default)
2023-05-12 15:34:52,292 [omNode-2-impl-thread1] INFO  server.RaftServerConfigKeys (ConfUtils.java:logGet(46)) - raft.server.log.segment.size.max = 4194304 (custom)
2023-05-12 15:34:52,292 [omNode-2-impl-thread1] INFO  server.RaftServerConfigKeys (ConfUtils.java:logGet(46)) - raft.server.log.preallocated.size = 4194304 (custom)
2023-05-12 15:34:52,293 [omNode-2-impl-thread1] INFO  server.RaftServerConfigKeys (ConfUtils.java:logGet(46)) - raft.server.log.force.sync.num = 128 (default)
2023-05-12 15:34:52,293 [omNode-2-impl-thread1] INFO  server.RaftServerConfigKeys (ConfUtils.java:logGet(46)) - raft.server.log.statemachine.data.sync = true (default)
2023-05-12 15:34:52,293 [omNode-2-impl-thread1] INFO  server.RaftServerConfigKeys (ConfUtils.java:logGet(46)) - raft.server.log.statemachine.data.sync.timeout = 10s (default)
2023-05-12 15:34:52,293 [omNode-2-impl-thread1] INFO  server.RaftServerConfigKeys (ConfUtils.java:logGet(46)) - raft.server.log.statemachine.data.sync.timeout.retry = -1 (default)
2023-05-12 15:34:52,294 [omNode-2-impl-thread1] INFO  server.RaftServerConfigKeys (ConfUtils.java:logGet(46)) - raft.server.log.write.buffer.size = 64KB (=65536) (default)
2023-05-12 15:34:52,294 [omNode-2-impl-thread1] INFO  server.RaftServerConfigKeys (ConfUtils.java:logGet(46)) - raft.server.log.appender.buffer.byte-limit = 33554432 (custom)
2023-05-12 15:34:52,300 [omNode-2-impl-thread1] INFO  server.RaftServerConfigKeys (ConfUtils.java:logGet(46)) - raft.server.log.unsafe-flush.enabled = false (default)
2023-05-12 15:34:52,300 [omNode-2-impl-thread1] INFO  server.RaftServerConfigKeys (ConfUtils.java:logGet(46)) - raft.server.log.async-flush.enabled = false (default)
2023-05-12 15:34:52,300 [omNode-2-impl-thread1] INFO  server.RaftServerConfigKeys (ConfUtils.java:logGet(46)) - raft.server.log.statemachine.data.caching.enabled = false (default)
2023-05-12 15:34:52,302 [omNode-2-impl-thread1] INFO  segmented.SegmentedRaftLogWorker (SegmentedRaftLogWorker.java:lambda$new$0(135)) - omNode-2@group-523986131536-SegmentedRaftLogWorker: flushIndex: setUnconditionally 0 -> -1
2023-05-12 15:34:52,302 [omNode-2-impl-thread1] INFO  segmented.SegmentedRaftLogWorker (SegmentedRaftLogWorker.java:lambda$new$0(135)) - omNode-2@group-523986131536-SegmentedRaftLogWorker: safeCacheEvictIndex: setUnconditionally 0 -> -1
2023-05-12 15:34:52,307 [omNode-2-impl-thread1] INFO  server.RaftServer$Division (RaftServerImpl.java:start(342)) - omNode-2@group-523986131536: start as a follower, conf=-1: peers:[omNode-3|rpc:localhost:15015|priority:0|startupRole:FOLLOWER, omNode-1|rpc:localhost:15007|priority:0|startupRole:FOLLOWER, omNode-2|rpc:localhost:15011|priority:0|startupRole:FOLLOWER]|listeners:[], old=null
2023-05-12 15:34:52,307 [omNode-2-impl-thread1] INFO  server.RaftServer$Division (RaftServerImpl.java:setRole(329)) - omNode-2@group-523986131536: changes role from      null to FOLLOWER at term 0 for startAsFollower
2023-05-12 15:34:52,312 [omNode-1@group-523986131536-LeaderElection1] INFO  server.RaftServerConfigKeys (ConfUtils.java:logFallback(53)) - raft.server.rpc.first-election.timeout.min = 1s (fallback to raft.server.rpc.timeout.min)
2023-05-12 15:34:52,312 [omNode-1@group-523986131536-LeaderElection1] INFO  server.RaftServerConfigKeys (ConfUtils.java:logFallback(53)) - raft.server.rpc.first-election.timeout.max = 1200ms (fallback to raft.server.rpc.timeout.max)
2023-05-12 15:34:52,315 [omNode-2-impl-thread1] INFO  impl.RoleInfo (RoleInfo.java:updateAndGet(139)) - omNode-2: start omNode-2@group-523986131536-FollowerState
2023-05-12 15:34:52,320 [omNode-1@group-523986131536-LeaderElection1-1] INFO  server.GrpcServerProtocolClient (GrpcServerProtocolClient.java:<init>(65)) - Build channel for omNode-3
2023-05-12 15:34:52,316 [omNode-2-impl-thread1] INFO  util.JmxRegister (JmxRegister.java:tryRegister(44)) - Successfully registered JMX Bean with object name Ratis:service=RaftServer,group=group-523986131536,id=omNode-2
2023-05-12 15:34:52,322 [omNode-2-impl-thread1] INFO  server.RaftServerConfigKeys (ConfUtils.java:logGet(46)) - raft.server.snapshot.auto.trigger.enabled = true (custom)
2023-05-12 15:34:52,322 [omNode-2-impl-thread1] INFO  server.RaftServerConfigKeys (ConfUtils.java:logGet(46)) - raft.server.snapshot.auto.trigger.threshold = 50 (custom)
2023-05-12 15:34:52,322 [omNode-2-impl-thread1] INFO  server.RaftServerConfigKeys (ConfUtils.java:logGet(46)) - raft.server.snapshot.retention.file.num = -1 (default)
2023-05-12 15:34:52,322 [omNode-2-impl-thread1] INFO  server.RaftServerConfigKeys (ConfUtils.java:logGet(46)) - raft.server.log.purge.upto.snapshot.index = true (custom)
2023-05-12 15:34:52,325 [omNode-2@group-523986131536-FollowerState] INFO  server.RaftServerConfigKeys (ConfUtils.java:logFallback(53)) - raft.server.rpc.first-election.timeout.min = 1s (fallback to raft.server.rpc.timeout.min)
2023-05-12 15:34:52,326 [Listener at 127.0.0.1/15008] INFO  server.RaftServer (RaftServerProxy.java:startImpl(400)) - omNode-2: start RPC server
2023-05-12 15:34:52,324 [omNode-1@group-523986131536-LeaderElection1-2] INFO  server.GrpcServerProtocolClient (GrpcServerProtocolClient.java:<init>(65)) - Build channel for omNode-2
2023-05-12 15:34:52,329 [Listener at 127.0.0.1/15008] INFO  server.GrpcService (GrpcService.java:startImpl(302)) - omNode-2: GrpcService started, listening on 15011
2023-05-12 15:34:52,329 [omNode-2@group-523986131536-FollowerState] INFO  server.RaftServerConfigKeys (ConfUtils.java:logFallback(53)) - raft.server.rpc.first-election.timeout.max = 1200ms (fallback to raft.server.rpc.timeout.max)
2023-05-12 15:34:52,330 [Listener at 127.0.0.1/15008] INFO  om.OzoneManager (OzoneManager.java:start(1621)) - Version File has different layout version (4) than OM DB (null). That is expected if this OM has never been finalized to a newer layout version.
2023-05-12 15:34:52,345 [Listener at 127.0.0.1/15008] INFO  http.BaseHttpServer (BaseHttpServer.java:newHttpServer2BuilderForOzone(224)) - Starting Web-server for ozoneManager at: http://0.0.0.0:15009
2023-05-12 15:34:52,345 [Listener at 127.0.0.1/15008] INFO  http.BaseHttpServer (BaseHttpServer.java:<init>(111)) - Hadoop Security Enabled: false Ozone Security Enabled: false Ozone HTTP Security Enabled: false 
2023-05-12 15:34:52,346 [Listener at 127.0.0.1/15008] WARN  server.AuthenticationFilter (AuthenticationFilter.java:constructSecretProvider(240)) - Unable to initialize FileSignerSecretProvider, falling back to use random secrets. Reason: Could not read signature secret file: /home/runner/hadoop-http-auth-signature-secret
2023-05-12 15:34:52,349 [Listener at 127.0.0.1/15008] INFO  http.HttpRequestLog (HttpRequestLog.java:getRequestLog(86)) - Http request log for http.requests.ozoneManager is not defined
2023-05-12 15:34:52,351 [Listener at 127.0.0.1/15008] INFO  http.HttpServer2 (HttpServer2.java:addGlobalFilter(1031)) - Added global filter 'safety' (class=org.apache.hadoop.hdds.server.http.HttpServer2$QuotingInputFilter)
2023-05-12 15:34:52,330 [JvmPauseMonitor1] INFO  util.JvmPauseMonitor (JvmPauseMonitor.java:run(103)) - JvmPauseMonitor-omNode-2: Started
2023-05-12 15:34:52,352 [Listener at 127.0.0.1/15008] INFO  http.HttpServer2 (HttpServer2.java:addFilter(1007)) - Added filter static_user_filter (class=org.apache.hadoop.http.lib.StaticUserWebFilter$StaticUserFilter) to context ozoneManager
2023-05-12 15:34:52,353 [Listener at 127.0.0.1/15008] INFO  http.HttpServer2 (HttpServer2.java:addFilter(1015)) - Added filter static_user_filter (class=org.apache.hadoop.http.lib.StaticUserWebFilter$StaticUserFilter) to context logs
2023-05-12 15:34:52,355 [Listener at 127.0.0.1/15008] INFO  http.HttpServer2 (HttpServer2.java:addFilter(1015)) - Added filter static_user_filter (class=org.apache.hadoop.http.lib.StaticUserWebFilter$StaticUserFilter) to context static
2023-05-12 15:34:52,358 [Listener at 127.0.0.1/15008] INFO  http.BaseHttpServer (BaseHttpServer.java:<init>(190)) - HTTP server of ozoneManager uses base directory /home/runner/work/ozone/ozone/hadoop-ozone/integration-test/target/test-dir/MiniOzoneClusterImpl-bfe86ff0-f9fb-433f-aae2-64a5a95eec81/omNode-2/webserver
2023-05-12 15:34:52,359 [Listener at 127.0.0.1/15008] INFO  http.HttpServer2 (HttpServer2.java:bindListener(1250)) - Jetty bound to port 15009
2023-05-12 15:34:52,359 [Listener at 127.0.0.1/15008] INFO  server.Server (Server.java:doStart(375)) - jetty-9.4.51.v20230217; built: 2023-02-17T08:19:37.309Z; git: b45c405e4544384de066f814ed42ae3dceacdd49; jvm 1.8.0_362-b09
2023-05-12 15:34:52,397 [Listener at 127.0.0.1/15008] INFO  server.session (DefaultSessionIdManager.java:doStart(334)) - DefaultSessionIdManager workerName=node0
2023-05-12 15:34:52,401 [Listener at 127.0.0.1/15008] INFO  server.session (DefaultSessionIdManager.java:doStart(339)) - No SessionScavenger set, using defaults
2023-05-12 15:34:52,402 [Listener at 127.0.0.1/15008] INFO  server.session (HouseKeeper.java:startScavenging(132)) - node0 Scavenging every 600000ms
2023-05-12 15:34:52,404 [Listener at 127.0.0.1/15008] INFO  handler.ContextHandler (ContextHandler.java:doStart(921)) - Started o.e.j.s.ServletContextHandler@42f5e9a6{logs,/logs,file:///home/runner/work/ozone/ozone/hadoop-ozone/integration-test/target/log,AVAILABLE}
2023-05-12 15:34:52,405 [Listener at 127.0.0.1/15008] INFO  handler.ContextHandler (ContextHandler.java:doStart(921)) - Started o.e.j.s.ServletContextHandler@2271265b{static,/static,file:///home/runner/work/ozone/ozone/hadoop-ozone/integration-test/target/test-classes/webapps/static,AVAILABLE}
2023-05-12 15:34:52,416 [Listener at 127.0.0.1/15008] INFO  handler.ContextHandler (ContextHandler.java:doStart(921)) - Started o.e.j.w.WebAppContext@26450242{ozoneManager,/,file:///home/runner/work/ozone/ozone/hadoop-ozone/integration-test/target/test-classes/webapps/ozoneManager/,AVAILABLE}{file:/home/runner/work/ozone/ozone/hadoop-ozone/integration-test/target/test-classes/webapps/ozoneManager}
2023-05-12 15:34:52,420 [Listener at 127.0.0.1/15008] INFO  server.AbstractConnector (AbstractConnector.java:doStart(333)) - Started ServerConnector@4e579bd{HTTP/1.1, (http/1.1)}{0.0.0.0:15009}
2023-05-12 15:34:52,420 [Listener at 127.0.0.1/15008] INFO  server.Server (Server.java:doStart(415)) - Started @8633ms
2023-05-12 15:34:52,420 [Listener at 127.0.0.1/15008] WARN  impl.MetricsSystemImpl (MetricsSystemImpl.java:register(279)) - Sink prometheus already exists!
2023-05-12 15:34:52,428 [Listener at 127.0.0.1/15008] INFO  http.BaseHttpServer (BaseHttpServer.java:updateConnectorAddress(344)) - HTTP server of ozoneManager listening at http://0.0.0.0:15009
2023-05-12 15:34:52,431 [IPC Server Responder] INFO  ipc.Server (Server.java:run(1558)) - IPC Server Responder: starting
2023-05-12 15:34:52,432 [IPC Server listener on 15008] INFO  ipc.Server (Server.java:run(1398)) - IPC Server listener on 15008: starting
2023-05-12 15:34:52,439 [Listener at 127.0.0.1/15008] INFO  om.OzoneManager (OzoneManager.java:startTrashEmptier(2081)) - Trash Interval set to 0. Files deleted won't move to trash
2023-05-12 15:34:52,440 [Listener at 127.0.0.1/15008] INFO  ozone.MiniOzoneHAClusterImpl (MiniOzoneHAClusterImpl.java:createOMService(502)) - Started OzoneManager omNode-2 RPC server at localhost/127.0.0.1:15008
2023-05-12 15:34:52,440 [org.apache.hadoop.util.JvmPauseMonitor$Monitor@4a938cc6] INFO  util.JvmPauseMonitor (JvmPauseMonitor.java:run(188)) - Starting JVM pause monitor
2023-05-12 15:34:52,441 [Listener at 127.0.0.1/15008] INFO  ha.OMHANodeDetails (OMHANodeDetails.java:loadOMHAConfig(121)) - ServiceID for OzoneManager is om-service-test1
2023-05-12 15:34:52,442 [Listener at 127.0.0.1/15008] INFO  ha.OMHANodeDetails (OMHANodeDetails.java:loadOMHAConfig(201)) - Found matching OM address with OMServiceId: om-service-test1, OMNodeId: omNode-3, RPC Address: localhost:15012 and Ratis port: 15015
2023-05-12 15:34:52,442 [Listener at 127.0.0.1/15008] INFO  ha.OMHANodeDetails (ConfUtils.java:setNodeSpecificConfigs(97)) - Setting configuration key ozone.om.http-address with value of key ozone.om.http-address.om-service-test1.omNode-3: 127.0.0.1:15013
2023-05-12 15:34:52,442 [Listener at 127.0.0.1/15008] INFO  ha.OMHANodeDetails (ConfUtils.java:setNodeSpecificConfigs(97)) - Setting configuration key ozone.om.https-address with value of key ozone.om.https-address.om-service-test1.omNode-3: 127.0.0.1:15014
2023-05-12 15:34:52,442 [Listener at 127.0.0.1/15008] INFO  ha.OMHANodeDetails (ConfUtils.java:setNodeSpecificConfigs(97)) - Setting configuration key ozone.om.address with value of key ozone.om.address.om-service-test1.omNode-3: 127.0.0.1:15012
2023-05-12 15:34:52,442 [Listener at 127.0.0.1/15008] WARN  server.ServerUtils (ServerUtils.java:getDBPath(225)) - ozone.om.db.dirs is not configured. We recommend adding this setting. Falling back to ozone.metadata.dirs instead.
2023-05-12 15:34:52,444 [Listener at 127.0.0.1/15008] INFO  proxy.SCMBlockLocationFailoverProxyProvider (SCMBlockLocationFailoverProxyProvider.java:<init>(114)) - Created block location fail-over proxy with 1 nodes: [nodeId=scmNodeId,nodeAddress=/0.0.0.0:15001]
OM initialization succeeded.Current cluster id for sd=/home/runner/work/ozone/ozone/hadoop-ozone/integration-test/target/test-dir/MiniOzoneClusterImpl-bfe86ff0-f9fb-433f-aae2-64a5a95eec81/omNode-3/om;cid=bfe86ff0-f9fb-433f-aae2-64a5a95eec81;layoutVersion=4
2023-05-12 15:34:52,466 [Listener at 127.0.0.1/15008] INFO  ha.OMHANodeDetails (OMHANodeDetails.java:loadOMHAConfig(121)) - ServiceID for OzoneManager is om-service-test1
2023-05-12 15:34:52,467 [Listener at 127.0.0.1/15008] INFO  ha.OMHANodeDetails (OMHANodeDetails.java:loadOMHAConfig(201)) - Found matching OM address with OMServiceId: om-service-test1, OMNodeId: omNode-3, RPC Address: localhost:15012 and Ratis port: 15015
2023-05-12 15:34:52,467 [Listener at 127.0.0.1/15008] INFO  ha.OMHANodeDetails (ConfUtils.java:setNodeSpecificConfigs(97)) - Setting configuration key ozone.om.http-address with value of key ozone.om.http-address.om-service-test1.omNode-3: 127.0.0.1:15013
2023-05-12 15:34:52,467 [Listener at 127.0.0.1/15008] INFO  ha.OMHANodeDetails (ConfUtils.java:setNodeSpecificConfigs(97)) - Setting configuration key ozone.om.https-address with value of key ozone.om.https-address.om-service-test1.omNode-3: 127.0.0.1:15014
2023-05-12 15:34:52,467 [Listener at 127.0.0.1/15008] INFO  ha.OMHANodeDetails (ConfUtils.java:setNodeSpecificConfigs(97)) - Setting configuration key ozone.om.address with value of key ozone.om.address.om-service-test1.omNode-3: 127.0.0.1:15012
2023-05-12 15:34:52,467 [Listener at 127.0.0.1/15008] WARN  server.ServerUtils (ServerUtils.java:getDBPath(225)) - ozone.om.db.dirs is not configured. We recommend adding this setting. Falling back to ozone.metadata.dirs instead.
2023-05-12 15:34:52,469 [Listener at 127.0.0.1/15008] INFO  upgrade.AbstractLayoutVersionManager (AbstractLayoutVersionManager.java:init(83)) - Initializing Layout version manager with metadata layout = HSYNC (version = 4), software layout = HSYNC (version = 4)
2023-05-12 15:34:52,597 [Listener at 127.0.0.1/15008] INFO  reflections.Reflections (Reflections.java:scan(232)) - Reflections took 125 ms to scan 2 urls, producing 172 keys and 479 values [using 2 cores]
2023-05-12 15:34:52,598 [Listener at 127.0.0.1/15008] INFO  upgrade.OMLayoutVersionManager (OMLayoutVersionManager.java:lambda$0(115)) - Skipping Upgrade Action MockOmUpgradeAction since it has been finalized.
2023-05-12 15:34:52,598 [Listener at 127.0.0.1/15008] WARN  server.ServerUtils (ServerUtils.java:getDBPath(225)) - ozone.om.db.dirs is not configured. We recommend adding this setting. Falling back to ozone.metadata.dirs instead.
2023-05-12 15:34:52,599 [Listener at 127.0.0.1/15008] INFO  proxy.SCMBlockLocationFailoverProxyProvider (SCMBlockLocationFailoverProxyProvider.java:<init>(114)) - Created block location fail-over proxy with 1 nodes: [nodeId=scmNodeId,nodeAddress=/0.0.0.0:15001]
2023-05-12 15:34:52,601 [Listener at 127.0.0.1/15008] INFO  proxy.SCMBlockLocationFailoverProxyProvider (SCMBlockLocationFailoverProxyProvider.java:<init>(114)) - Created block location fail-over proxy with 1 nodes: [nodeId=scmNodeId,nodeAddress=/0.0.0.0:15001]
2023-05-12 15:34:52,643 [Listener at 127.0.0.1/15008] INFO  om.OzoneManager (OzoneManager.java:<init>(644)) - OM start with adminUsers: [*, runner]
2023-05-12 15:34:52,644 [Listener at 127.0.0.1/15008] WARN  server.ServerUtils (ServerUtils.java:getDBPath(225)) - ozone.om.db.dirs is not configured. We recommend adding this setting. Falling back to ozone.metadata.dirs instead.
2023-05-12 15:34:52,644 [Listener at 127.0.0.1/15008] INFO  codec.OmKeyInfoCodec (OmKeyInfoCodec.java:<init>(49)) - OmKeyInfoCodec ignorePipeline = true
2023-05-12 15:34:52,645 [Listener at 127.0.0.1/15008] INFO  codec.RepeatedOmKeyInfoCodec (RepeatedOmKeyInfoCodec.java:<init>(41)) - RepeatedOmKeyInfoCodec ignorePipeline = true
2023-05-12 15:34:52,732 [omNode-1@group-523986131536-LeaderElection1] INFO  impl.LeaderElection (LogUtils.java:infoOrTrace(137)) - omNode-1@group-523986131536-LeaderElection1 got exception when requesting votes: java.util.concurrent.ExecutionException: org.apache.ratis.thirdparty.io.grpc.StatusRuntimeException: UNAVAILABLE: io exception
2023-05-12 15:34:52,787 [grpc-default-executor-1] INFO  server.RaftServer$Division (RaftServerImpl.java:requestVote(1302)) - omNode-2@group-523986131536: receive requestVote(PRE_VOTE, omNode-1, group-523986131536, 0, (t:0, i:~))
2023-05-12 15:34:52,790 [grpc-default-executor-1] INFO  impl.VoteContext (VoteContext.java:log(49)) - omNode-2@group-523986131536-FOLLOWER: accept PRE_VOTE from omNode-1: our priority 0 <= candidate's priority 0
2023-05-12 15:34:52,801 [grpc-default-executor-1] INFO  server.RaftServer$Division (RaftServerImpl.java:requestVote(1335)) - omNode-2@group-523986131536 replies to PRE_VOTE vote request: omNode-1<-omNode-2#0:OK-t0. Peer's state: omNode-2@group-523986131536:t0, leader=null, voted=, raftlog=Memoized:omNode-2@group-523986131536-SegmentedRaftLog:OPENED:c-1, conf=-1: peers:[omNode-3|rpc:localhost:15015|priority:0|startupRole:FOLLOWER, omNode-1|rpc:localhost:15007|priority:0|startupRole:FOLLOWER, omNode-2|rpc:localhost:15011|priority:0|startupRole:FOLLOWER]|listeners:[], old=null
2023-05-12 15:34:52,811 [omNode-1@group-523986131536-LeaderElection1] INFO  impl.LeaderElection (LeaderElection.java:logAndReturn(90)) - omNode-1@group-523986131536-LeaderElection1: PRE_VOTE PASSED received 1 response(s) and 1 exception(s):
2023-05-12 15:34:52,811 [omNode-1@group-523986131536-LeaderElection1] INFO  impl.LeaderElection (LeaderElection.java:logAndReturn(94)) -   Response 0: omNode-1<-omNode-2#0:OK-t0
2023-05-12 15:34:52,811 [omNode-1@group-523986131536-LeaderElection1] INFO  impl.LeaderElection (LogUtils.java:infoOrTrace(137)) -   Exception 1: java.util.concurrent.ExecutionException: org.apache.ratis.thirdparty.io.grpc.StatusRuntimeException: UNAVAILABLE: io exception
2023-05-12 15:34:52,811 [omNode-1@group-523986131536-LeaderElection1] INFO  impl.LeaderElection (LeaderElection.java:askForVotes(323)) - omNode-1@group-523986131536-LeaderElection1 PRE_VOTE round 0: result PASSED
2023-05-12 15:34:52,813 [omNode-1@group-523986131536-LeaderElection1] INFO  impl.LeaderElection (LeaderElection.java:askForVotes(321)) - omNode-1@group-523986131536-LeaderElection1 ELECTION round 0: submit vote requests at term 1 for -1: peers:[omNode-3|rpc:localhost:15015|priority:0|startupRole:FOLLOWER, omNode-1|rpc:localhost:15007|priority:0|startupRole:FOLLOWER, omNode-2|rpc:localhost:15011|priority:0|startupRole:FOLLOWER]|listeners:[], old=null
2023-05-12 15:34:52,817 [omNode-1@group-523986131536-LeaderElection1] INFO  server.RaftServerConfigKeys (ConfUtils.java:logFallback(53)) - raft.server.rpc.first-election.timeout.min = 1s (fallback to raft.server.rpc.timeout.min)
2023-05-12 15:34:52,818 [omNode-1@group-523986131536-LeaderElection1] INFO  server.RaftServerConfigKeys (ConfUtils.java:logFallback(53)) - raft.server.rpc.first-election.timeout.max = 1200ms (fallback to raft.server.rpc.timeout.max)
2023-05-12 15:34:52,819 [omNode-1@group-523986131536-LeaderElection1] INFO  impl.LeaderElection (LogUtils.java:infoOrTrace(137)) - omNode-1@group-523986131536-LeaderElection1 got exception when requesting votes: java.util.concurrent.ExecutionException: org.apache.ratis.thirdparty.io.grpc.StatusRuntimeException: UNAVAILABLE: io exception
2023-05-12 15:34:52,823 [grpc-default-executor-1] INFO  server.RaftServer$Division (RaftServerImpl.java:requestVote(1302)) - omNode-2@group-523986131536: receive requestVote(ELECTION, omNode-1, group-523986131536, 1, (t:0, i:~))
2023-05-12 15:34:52,826 [grpc-default-executor-1] INFO  impl.VoteContext (VoteContext.java:log(49)) - omNode-2@group-523986131536-FOLLOWER: accept ELECTION from omNode-1: our priority 0 <= candidate's priority 0
2023-05-12 15:34:52,826 [grpc-default-executor-1] INFO  server.RaftServer$Division (RaftServerImpl.java:setRole(329)) - omNode-2@group-523986131536: changes role from  FOLLOWER to FOLLOWER at term 1 for candidate:omNode-1
2023-05-12 15:34:52,826 [grpc-default-executor-1] INFO  impl.RoleInfo (RoleInfo.java:shutdownFollowerState(110)) - omNode-2: shutdown omNode-2@group-523986131536-FollowerState
2023-05-12 15:34:52,826 [grpc-default-executor-1] INFO  impl.RoleInfo (RoleInfo.java:updateAndGet(139)) - omNode-2: start omNode-2@group-523986131536-FollowerState
2023-05-12 15:34:52,826 [omNode-2@group-523986131536-FollowerState] INFO  impl.FollowerState (FollowerState.java:run(152)) - omNode-2@group-523986131536-FollowerState was interrupted
2023-05-12 15:34:52,833 [grpc-default-executor-1] INFO  server.RaftServer$Division (RaftServerImpl.java:requestVote(1335)) - omNode-2@group-523986131536 replies to ELECTION vote request: omNode-1<-omNode-2#0:OK-t1. Peer's state: omNode-2@group-523986131536:t1, leader=null, voted=omNode-1, raftlog=Memoized:omNode-2@group-523986131536-SegmentedRaftLog:OPENED:c-1, conf=-1: peers:[omNode-3|rpc:localhost:15015|priority:0|startupRole:FOLLOWER, omNode-1|rpc:localhost:15007|priority:0|startupRole:FOLLOWER, omNode-2|rpc:localhost:15011|priority:0|startupRole:FOLLOWER]|listeners:[], old=null
2023-05-12 15:34:52,834 [omNode-1@group-523986131536-LeaderElection1] INFO  impl.LeaderElection (LeaderElection.java:logAndReturn(90)) - omNode-1@group-523986131536-LeaderElection1: ELECTION PASSED received 1 response(s) and 1 exception(s):
2023-05-12 15:34:52,834 [omNode-1@group-523986131536-LeaderElection1] INFO  impl.LeaderElection (LeaderElection.java:logAndReturn(94)) -   Response 0: omNode-1<-omNode-2#0:OK-t1
2023-05-12 15:34:52,835 [omNode-1@group-523986131536-LeaderElection1] INFO  impl.LeaderElection (LogUtils.java:infoOrTrace(137)) -   Exception 1: java.util.concurrent.ExecutionException: org.apache.ratis.thirdparty.io.grpc.StatusRuntimeException: UNAVAILABLE: io exception
2023-05-12 15:34:52,835 [omNode-1@group-523986131536-LeaderElection1] INFO  impl.LeaderElection (LeaderElection.java:askForVotes(323)) - omNode-1@group-523986131536-LeaderElection1 ELECTION round 0: result PASSED
2023-05-12 15:34:52,835 [omNode-1@group-523986131536-LeaderElection1] INFO  impl.RoleInfo (RoleInfo.java:shutdownLeaderElection(130)) - omNode-1: shutdown omNode-1@group-523986131536-LeaderElection1
2023-05-12 15:34:52,835 [omNode-1@group-523986131536-LeaderElection1] INFO  server.RaftServer$Division (RaftServerImpl.java:setRole(329)) - omNode-1@group-523986131536: changes role from CANDIDATE to LEADER at term 1 for changeToLeader
2023-05-12 15:34:52,838 [omNode-1@group-523986131536-LeaderElection1] INFO  server.RaftServer$Division (ServerState.java:setLeader(317)) - omNode-1@group-523986131536: change Leader from null to omNode-1 at term 1 for becomeLeader, leader elected after 2729ms
2023-05-12 15:34:52,845 [omNode-1@group-523986131536-LeaderElection1] INFO  server.RaftServerConfigKeys (ConfUtils.java:logGet(46)) - raft.server.staging.catchup.gap = 1000 (default)
2023-05-12 15:34:52,857 [omNode-1@group-523986131536-LeaderElection1] INFO  server.RaftServerConfigKeys (ConfUtils.java:logGet(46)) - raft.server.write.element-limit = 4096 (default)
2023-05-12 15:34:52,857 [omNode-1@group-523986131536-LeaderElection1] INFO  server.RaftServerConfigKeys (ConfUtils.java:logGet(46)) - raft.server.write.byte-limit = 64MB (=67108864) (default)
2023-05-12 15:34:52,867 [omNode-1@group-523986131536-LeaderElection1] INFO  server.RaftServerConfigKeys (ConfUtils.java:logGet(46)) - raft.server.watch.timeout = 10s (default)
2023-05-12 15:34:52,868 [omNode-1@group-523986131536-LeaderElection1] INFO  server.RaftServerConfigKeys (ConfUtils.java:logGet(46)) - raft.server.watch.timeout.denomination = 1s (default)
2023-05-12 15:34:52,868 [omNode-1@group-523986131536-LeaderElection1] INFO  server.RaftServerConfigKeys (ConfUtils.java:logGet(46)) - raft.server.watch.element-limit = 65536 (default)
2023-05-12 15:34:52,875 [omNode-1@group-523986131536-LeaderElection1] INFO  server.RaftServerConfigKeys (ConfUtils.java:logGet(46)) - raft.server.write.element-limit = 4096 (default)
2023-05-12 15:34:52,878 [omNode-1@group-523986131536-LeaderElection1] INFO  server.RaftServerConfigKeys (ConfUtils.java:logGet(46)) - raft.server.write.follower.gap.ratio.max = -1.0 (default)
2023-05-12 15:34:52,896 [omNode-1@group-523986131536-LeaderElection1] INFO  server.RaftServerConfigKeys (ConfUtils.java:logGet(46)) - raft.server.log.appender.snapshot.chunk.size.max = 16MB (=16777216) (default)
2023-05-12 15:34:52,897 [omNode-1@group-523986131536-LeaderElection1] INFO  server.RaftServerConfigKeys (ConfUtils.java:logGet(46)) - raft.server.log.appender.buffer.byte-limit = 33554432 (custom)
2023-05-12 15:34:52,897 [omNode-1@group-523986131536-LeaderElection1] INFO  server.RaftServerConfigKeys (ConfUtils.java:logGet(46)) - raft.server.log.appender.buffer.element-limit = 1024 (custom)
2023-05-12 15:34:52,905 [omNode-1@group-523986131536-LeaderElection1] INFO  server.RaftServerConfigKeys (ConfUtils.java:logGet(46)) - raft.server.log.appender.wait-time.min = 10ms (default)
2023-05-12 15:34:52,906 [omNode-1@group-523986131536-LeaderElection1] INFO  grpc.GrpcConfigKeys (ConfUtils.java:logGet(46)) - raft.grpc.server.leader.outstanding.appends.max = 128 (default)
2023-05-12 15:34:52,907 [omNode-1@group-523986131536-LeaderElection1] INFO  server.RaftServerConfigKeys (ConfUtils.java:logGet(46)) - raft.server.rpc.request.timeout = 3000ms (default)
2023-05-12 15:34:52,907 [omNode-1@group-523986131536-LeaderElection1] INFO  grpc.GrpcConfigKeys (ConfUtils.java:logGet(46)) - raft.grpc.server.install_snapshot.request.element-limit = 8 (default)
2023-05-12 15:34:52,907 [omNode-1@group-523986131536-LeaderElection1] INFO  grpc.GrpcConfigKeys (ConfUtils.java:logGet(46)) - raft.grpc.server.install_snapshot.request.timeout = 3000ms (default)
2023-05-12 15:34:52,908 [omNode-1@group-523986131536-LeaderElection1] INFO  server.RaftServerConfigKeys (ConfUtils.java:logGet(46)) - raft.server.log.appender.install.snapshot.enabled = false (custom)
2023-05-12 15:34:52,908 [omNode-1@group-523986131536-LeaderElection1] INFO  grpc.GrpcConfigKeys (ConfUtils.java:logGet(46)) - raft.grpc.server.heartbeat.channel = true (default)
2023-05-12 15:34:52,911 [omNode-1@group-523986131536-LeaderElection1] INFO  server.RaftServerConfigKeys (ConfUtils.java:logGet(46)) - raft.server.log.appender.snapshot.chunk.size.max = 16MB (=16777216) (default)
2023-05-12 15:34:52,911 [omNode-1@group-523986131536-LeaderElection1] INFO  server.RaftServerConfigKeys (ConfUtils.java:logGet(46)) - raft.server.log.appender.buffer.byte-limit = 33554432 (custom)
2023-05-12 15:34:52,912 [omNode-1@group-523986131536-LeaderElection1] INFO  server.RaftServerConfigKeys (ConfUtils.java:logGet(46)) - raft.server.log.appender.buffer.element-limit = 1024 (custom)
2023-05-12 15:34:52,912 [omNode-1@group-523986131536-LeaderElection1] INFO  server.RaftServerConfigKeys (ConfUtils.java:logGet(46)) - raft.server.log.appender.wait-time.min = 10ms (default)
2023-05-12 15:34:52,912 [omNode-1@group-523986131536-LeaderElection1] INFO  grpc.GrpcConfigKeys (ConfUtils.java:logGet(46)) - raft.grpc.server.leader.outstanding.appends.max = 128 (default)
2023-05-12 15:34:52,912 [omNode-1@group-523986131536-LeaderElection1] INFO  server.RaftServerConfigKeys (ConfUtils.java:logGet(46)) - raft.server.rpc.request.timeout = 3000ms (default)
2023-05-12 15:34:52,912 [omNode-1@group-523986131536-LeaderElection1] INFO  grpc.GrpcConfigKeys (ConfUtils.java:logGet(46)) - raft.grpc.server.install_snapshot.request.element-limit = 8 (default)
2023-05-12 15:34:52,912 [omNode-1@group-523986131536-LeaderElection1] INFO  grpc.GrpcConfigKeys (ConfUtils.java:logGet(46)) - raft.grpc.server.install_snapshot.request.timeout = 3000ms (default)
2023-05-12 15:34:52,912 [omNode-1@group-523986131536-LeaderElection1] INFO  server.RaftServerConfigKeys (ConfUtils.java:logGet(46)) - raft.server.log.appender.install.snapshot.enabled = false (custom)
2023-05-12 15:34:52,912 [omNode-1@group-523986131536-LeaderElection1] INFO  grpc.GrpcConfigKeys (ConfUtils.java:logGet(46)) - raft.grpc.server.heartbeat.channel = true (default)
2023-05-12 15:34:52,918 [omNode-1@group-523986131536-LeaderElection1] INFO  impl.RoleInfo (RoleInfo.java:updateAndGet(139)) - omNode-1: start omNode-1@group-523986131536-LeaderStateImpl
2023-05-12 15:34:52,945 [omNode-1@group-523986131536-LeaderElection1] INFO  segmented.SegmentedRaftLogWorker (SegmentedRaftLogWorker.java:startLogSegment(447)) - omNode-1@group-523986131536-SegmentedRaftLogWorker: Starting segment from index:0
2023-05-12 15:34:52,998 [omNode-1@group-523986131536-LeaderElection1] INFO  server.RaftServer$Division (ServerState.java:setRaftConf(434)) - omNode-1@group-523986131536: set configuration 0: peers:[omNode-3|rpc:localhost:15015|admin:|client:|dataStream:|priority:0|startupRole:FOLLOWER, omNode-1|rpc:localhost:15007|admin:|client:|dataStream:|priority:0|startupRole:FOLLOWER, omNode-2|rpc:localhost:15011|admin:|client:|dataStream:|priority:0|startupRole:FOLLOWER]|listeners:[], old=null
2023-05-12 15:34:53,006 [Listener at 127.0.0.1/15008] INFO  om.OzoneManager (OzoneManager.java:instantiateServices(774)) - S3 Multi-Tenancy is disabled
2023-05-12 15:34:53,010 [Listener at 127.0.0.1/15008] INFO  om.OmSnapshotManager (OmSnapshotManager.java:<init>(171)) - Ozone filesystem snapshot feature is enabled.
2023-05-12 15:34:53,010 [Listener at 127.0.0.1/15008] WARN  server.ServerUtils (ServerUtils.java:getDBPath(225)) - ozone.om.snapshot.diff.db.dir is not configured. We recommend adding this setting. Falling back to ozone.metadata.dirs instead.
2023-05-12 15:34:53,018 [grpc-default-executor-1] WARN  server.GrpcLogAppender (LogUtils.java:warn(122)) - omNode-1@group-523986131536->omNode-3-AppendLogResponseHandler: Failed appendEntries: org.apache.ratis.thirdparty.io.grpc.StatusRuntimeException: UNAVAILABLE: io exception
2023-05-12 15:34:53,047 [grpc-default-executor-1] WARN  server.GrpcLogAppender (LogUtils.java:warn(122)) - omNode-1@group-523986131536->omNode-3-AppendLogResponseHandler: Failed appendEntries: org.apache.ratis.thirdparty.io.grpc.StatusRuntimeException: UNAVAILABLE: io exception
2023-05-12 15:34:53,048 [grpc-default-executor-1] INFO  leader.FollowerInfo (FollowerInfoImpl.java:lambda$new$0(52)) - omNode-1@group-523986131536->omNode-3: decreaseNextIndex nextIndex: updateUnconditionally 1 -> 0
2023-05-12 15:34:53,062 [Listener at 127.0.0.1/15008] INFO  om.OzoneManager (OzoneManager.java:addS3GVolumeToDB(4301)) - Created Volume s3v With Owner runner required for S3Gateway operations.
2023-05-12 15:34:53,062 [Listener at 127.0.0.1/15008] WARN  server.ServerUtils (ServerUtils.java:getDefaultRatisDirectory(237)) - Storage directory for Ratis is not configured. It is a good idea to map this to an SSD disk. Falling back to ozone.metadata.dirs
2023-05-12 15:34:53,062 [Listener at 127.0.0.1/15008] WARN  utils.OzoneManagerRatisUtils (OzoneManagerRatisUtils.java:getOMRatisSnapshotDirectory(456)) - ozone.om.ratis.snapshot.dir is not configured. Falling back to ozone.metadata.dirs config
2023-05-12 15:34:53,063 [Listener at 127.0.0.1/15008] INFO  utils.RDBSnapshotProvider (RDBSnapshotProvider.java:init(83)) - Cleaning up the candidate dir: /home/runner/work/ozone/ozone/hadoop-ozone/integration-test/target/test-dir/MiniOzoneClusterImpl-bfe86ff0-f9fb-433f-aae2-64a5a95eec81/omNode-3/snapshot/om.db.candidate
2023-05-12 15:34:53,063 [Listener at 127.0.0.1/15008] INFO  ratis_snapshot.OmRatisSnapshotProvider (OmRatisSnapshotProvider.java:<init>(84)) - Initializing OM Snapshot Provider
2023-05-12 15:34:53,073 [Listener at 127.0.0.1/15008] WARN  impl.MetricRegistriesImpl (MetricRegistriesImpl.java:addReporterRegistration(111)) - New reporters are added after registries were created. Some metrics will be missing from the reporter. Please add reporter before adding any new registry.
2023-05-12 15:34:53,073 [Listener at 127.0.0.1/15008] WARN  impl.MetricRegistriesImpl (MetricRegistriesImpl.java:addReporterRegistration(111)) - New reporters are added after registries were created. Some metrics will be missing from the reporter. Please add reporter before adding any new registry.
2023-05-12 15:34:53,074 [Listener at 127.0.0.1/15008] WARN  server.ServerUtils (ServerUtils.java:getDefaultRatisDirectory(237)) - Storage directory for Ratis is not configured. It is a good idea to map this to an SSD disk. Falling back to ozone.metadata.dirs
2023-05-12 15:34:53,075 [Listener at 127.0.0.1/15008] INFO  ratis.OzoneManagerRatisServer (OzoneManagerRatisServer.java:<init>(163)) - Instantiating OM Ratis server with groupID: om-service-test1 and peers: localhost:15015, localhost:15007, localhost:15011
2023-05-12 15:34:53,075 [Listener at 127.0.0.1/15008] INFO  ratis.OzoneManagerStateMachine (OzoneManagerStateMachine.java:loadSnapshotInfoFromDB(670)) - LastAppliedIndex is set from TransactionInfo from OM DB as (t:0, i:~)
2023-05-12 15:34:53,076 [Listener at 127.0.0.1/15008] INFO  server.RaftServer (ConfUtils.java:logGet(46)) - raft.rpc.type = GRPC (default)
2023-05-12 15:34:53,076 [Listener at 127.0.0.1/15008] INFO  grpc.GrpcConfigKeys (ConfUtils.java:logFallback(53)) - raft.grpc.admin.host = null (fallback to raft.grpc.server.host)
2023-05-12 15:34:53,076 [Listener at 127.0.0.1/15008] INFO  grpc.GrpcConfigKeys (ConfUtils.java:logFallback(53)) - raft.grpc.admin.port = 15015 (fallback to raft.grpc.server.port)
2023-05-12 15:34:53,076 [Listener at 127.0.0.1/15008] INFO  grpc.GrpcConfigKeys (ConfUtils.java:logFallback(53)) - raft.grpc.client.host = null (fallback to raft.grpc.server.host)
2023-05-12 15:34:53,076 [Listener at 127.0.0.1/15008] INFO  grpc.GrpcConfigKeys (ConfUtils.java:logFallback(53)) - raft.grpc.client.port = 15015 (fallback to raft.grpc.server.port)
2023-05-12 15:34:53,076 [Listener at 127.0.0.1/15008] INFO  grpc.GrpcConfigKeys (ConfUtils.java:logGet(46)) - raft.grpc.server.host = null (default)
2023-05-12 15:34:53,077 [Listener at 127.0.0.1/15008] INFO  grpc.GrpcConfigKeys (ConfUtils.java:logGet(46)) - raft.grpc.server.port = 15015 (custom)
2023-05-12 15:34:53,077 [Listener at 127.0.0.1/15008] INFO  server.GrpcService (ConfUtils.java:logGet(46)) - raft.grpc.message.size.max = 33554432 (custom)
2023-05-12 15:34:53,080 [Listener at 127.0.0.1/15008] INFO  server.RaftServerConfigKeys (ConfUtils.java:logGet(46)) - raft.server.log.appender.buffer.byte-limit = 33554432 (custom)
2023-05-12 15:34:53,080 [Listener at 127.0.0.1/15008] INFO  server.GrpcService (ConfUtils.java:logGet(46)) - raft.grpc.flow.control.window = 1MB (=1048576) (default)
2023-05-12 15:34:53,081 [Listener at 127.0.0.1/15008] INFO  server.RaftServerConfigKeys (ConfUtils.java:logGet(46)) - raft.server.rpc.request.timeout = 3000ms (default)
2023-05-12 15:34:53,081 [Listener at 127.0.0.1/15008] INFO  grpc.GrpcConfigKeys (ConfUtils.java:logGet(46)) - raft.grpc.server.heartbeat.channel = true (default)
2023-05-12 15:34:53,081 [Listener at 127.0.0.1/15008] INFO  grpc.GrpcConfigKeys (ConfUtils.java:logGet(46)) - raft.grpc.server.async.request.thread.pool.cached = true (default)
2023-05-12 15:34:53,081 [Listener at 127.0.0.1/15008] INFO  grpc.GrpcConfigKeys (ConfUtils.java:logGet(46)) - raft.grpc.server.async.request.thread.pool.size = 32 (default)
2023-05-12 15:34:53,082 [Listener at 127.0.0.1/15008] INFO  impl.DataStreamServerImpl (ConfUtils.java:logGet(46)) - raft.datastream.type = DISABLED (default)
2023-05-12 15:34:53,083 [Listener at 127.0.0.1/15008] INFO  server.RaftServerConfigKeys (ConfUtils.java:logGet(46)) - raft.server.threadpool.proxy.cached = true (default)
2023-05-12 15:34:53,083 [Listener at 127.0.0.1/15008] INFO  server.RaftServerConfigKeys (ConfUtils.java:logGet(46)) - raft.server.threadpool.proxy.size = 0 (default)
2023-05-12 15:34:53,083 [Listener at 127.0.0.1/15008] INFO  server.RaftServerConfigKeys (ConfUtils.java:logGet(46)) - raft.server.rpc.slowness.timeout = 2s (custom)
2023-05-12 15:34:53,083 [Listener at 127.0.0.1/15008] INFO  server.RaftServerConfigKeys (ConfUtils.java:logGet(46)) - raft.server.leaderelection.leader.step-down.wait-time = 10s (default)
2023-05-12 15:34:53,083 [Listener at 127.0.0.1/15008] INFO  server.RaftServerConfigKeys (ConfUtils.java:logGet(46)) - raft.server.storage.dir = [/home/runner/work/ozone/ozone/hadoop-ozone/integration-test/target/test-dir/MiniOzoneClusterImpl-bfe86ff0-f9fb-433f-aae2-64a5a95eec81/omNode-3/ratis] (custom)
2023-05-12 15:34:53,093 [Listener at 127.0.0.1/15008] INFO  server.RaftServer (RaftServerProxy.java:addNew(98)) - omNode-3: addNew group-523986131536:[omNode-3|rpc:localhost:15015|priority:0|startupRole:FOLLOWER, omNode-1|rpc:localhost:15007|priority:0|startupRole:FOLLOWER, omNode-2|rpc:localhost:15011|priority:0|startupRole:FOLLOWER] returns group-523986131536:java.util.concurrent.CompletableFuture@47c463b0[Not completed]
2023-05-12 15:34:53,094 [Listener at 127.0.0.1/15008] INFO  om.OzoneManager (OzoneManager.java:initializeRatisServer(2137)) - OzoneManager Ratis server initialized at port 15015
2023-05-12 15:34:53,094 [Listener at 127.0.0.1/15008] INFO  om.OzoneManager (OzoneManager.java:getRpcServer(1184)) - Creating RPC Server
2023-05-12 15:34:53,095 [omNode-3-groupManagement] INFO  server.RaftServer$Division (RaftServerImpl.java:<init>(198)) - omNode-3: new RaftServerImpl for group-523986131536:[omNode-3|rpc:localhost:15015|priority:0|startupRole:FOLLOWER, omNode-1|rpc:localhost:15007|priority:0|startupRole:FOLLOWER, omNode-2|rpc:localhost:15011|priority:0|startupRole:FOLLOWER] with OzoneManagerStateMachine:uninitialized
2023-05-12 15:34:53,095 [omNode-3-groupManagement] INFO  server.RaftServerConfigKeys (ConfUtils.java:logGet(46)) - raft.server.rpc.timeout.min = 1s (custom)
2023-05-12 15:34:53,095 [omNode-3-groupManagement] INFO  server.RaftServerConfigKeys (ConfUtils.java:logGet(46)) - raft.server.rpc.timeout.max = 1200ms (custom)
2023-05-12 15:34:53,095 [omNode-3-groupManagement] INFO  server.RaftServerConfigKeys (ConfUtils.java:logGet(46)) - raft.server.rpc.sleep.time = 25ms (default)
2023-05-12 15:34:53,095 [omNode-3-groupManagement] INFO  server.RaftServerConfigKeys (ConfUtils.java:logGet(46)) - raft.server.rpc.slowness.timeout = 2s (custom)
2023-05-12 15:34:53,095 [omNode-3-groupManagement] INFO  server.RaftServerConfigKeys (ConfUtils.java:logGet(46)) - raft.server.leaderelection.leader.step-down.wait-time = 10s (default)
2023-05-12 15:34:53,096 [omNode-3-groupManagement] INFO  server.RaftServerConfigKeys (ConfUtils.java:logGet(46)) - raft.server.sleep.deviation.threshold = 300ms (default)
2023-05-12 15:34:53,096 [omNode-3-groupManagement] INFO  server.RaftServer$Division (ServerState.java:<init>(120)) - omNode-3@group-523986131536: ConfigurationManager, init=-1: peers:[omNode-3|rpc:localhost:15015|priority:0|startupRole:FOLLOWER, omNode-1|rpc:localhost:15007|priority:0|startupRole:FOLLOWER, omNode-2|rpc:localhost:15011|priority:0|startupRole:FOLLOWER]|listeners:[], old=null, confs=<EMPTY_MAP>
2023-05-12 15:34:53,097 [omNode-3-groupManagement] INFO  server.RaftServerConfigKeys (ConfUtils.java:logGet(46)) - raft.server.storage.dir = [/home/runner/work/ozone/ozone/hadoop-ozone/integration-test/target/test-dir/MiniOzoneClusterImpl-bfe86ff0-f9fb-433f-aae2-64a5a95eec81/omNode-3/ratis] (custom)
2023-05-12 15:34:53,097 [omNode-3-groupManagement] INFO  server.RaftServerConfigKeys (ConfUtils.java:logGet(46)) - raft.server.log.corruption.policy = EXCEPTION (default)
2023-05-12 15:34:53,097 [omNode-3-groupManagement] INFO  server.RaftServerConfigKeys (ConfUtils.java:logGet(46)) - raft.server.storage.free-space.min = 0MB (=0) (default)
2023-05-12 15:34:53,097 [omNode-3-groupManagement] INFO  server.RaftServerConfigKeys (ConfUtils.java:logGet(46)) - raft.server.notification.no-leader.timeout = 2s (custom)
2023-05-12 15:34:53,098 [omNode-3-groupManagement] INFO  server.RaftServerConfigKeys (ConfUtils.java:logGet(46)) - raft.server.read.timeout = 10s (default)
2023-05-12 15:34:53,098 [omNode-3-groupManagement] INFO  server.RaftServerConfigKeys (ConfUtils.java:logGet(46)) - raft.server.retrycache.expirytime = 30000ms (custom)
2023-05-12 15:34:53,098 [omNode-3-groupManagement] INFO  server.RaftServerConfigKeys (ConfUtils.java:logGet(46)) - raft.server.retrycache.statistics.expirytime = 100μs (default)
2023-05-12 15:34:53,098 [omNode-3-groupManagement] INFO  server.RaftServerConfigKeys (ConfUtils.java:logGet(46)) - raft.server.read.option = DEFAULT (default)
2023-05-12 15:34:53,099 [omNode-3-groupManagement] INFO  server.RaftServerConfigKeys (ConfUtils.java:logGet(46)) - raft.server.rpc.request.timeout = 3000ms (default)
2023-05-12 15:34:53,099 [omNode-3-groupManagement] INFO  server.RaftServerConfigKeys (ConfUtils.java:logGet(46)) - raft.server.log.appender.install.snapshot.enabled = false (custom)
2023-05-12 15:34:53,099 [omNode-3-groupManagement] INFO  server.RaftServerConfigKeys (ConfUtils.java:logGet(46)) - raft.server.threadpool.server.cached = true (default)
2023-05-12 15:34:53,099 [omNode-3-groupManagement] INFO  server.RaftServerConfigKeys (ConfUtils.java:logGet(46)) - raft.server.threadpool.server.size = 0 (default)
2023-05-12 15:34:53,099 [omNode-3-groupManagement] INFO  server.RaftServerConfigKeys (ConfUtils.java:logGet(46)) - raft.server.threadpool.client.cached = true (default)
2023-05-12 15:34:53,099 [omNode-3-groupManagement] INFO  server.RaftServerConfigKeys (ConfUtils.java:logGet(46)) - raft.server.threadpool.client.size = 0 (default)
2023-05-12 15:34:53,069 [grpc-default-executor-3] WARN  server.GrpcLogAppender (LogUtils.java:warn(122)) - omNode-1@group-523986131536->omNode-3-AppendLogResponseHandler: Failed appendEntries: org.apache.ratis.thirdparty.io.grpc.StatusRuntimeException: UNAVAILABLE: io exception
2023-05-12 15:34:53,115 [grpc-default-executor-3] INFO  leader.FollowerInfo (FollowerInfoImpl.java:lambda$new$0(52)) - omNode-1@group-523986131536->omNode-3: decreaseNextIndex nextIndex: updateUnconditionally 1 -> 0
2023-05-12 15:34:53,137 [omNode-2-server-thread1] INFO  server.RaftServer$Division (ServerState.java:setLeader(317)) - omNode-2@group-523986131536: change Leader from null to omNode-1 at term 1 for appendEntries, leader elected after 1409ms
2023-05-12 15:34:53,167 [omNode-2-server-thread1] INFO  server.RaftServer$Division (ServerState.java:setRaftConf(434)) - omNode-2@group-523986131536: set configuration 0: peers:[omNode-3|rpc:localhost:15015|admin:|client:|dataStream:|priority:0|startupRole:FOLLOWER, omNode-1|rpc:localhost:15007|admin:|client:|dataStream:|priority:0|startupRole:FOLLOWER, omNode-2|rpc:localhost:15011|admin:|client:|dataStream:|priority:0|startupRole:FOLLOWER]|listeners:[], old=null
2023-05-12 15:34:53,168 [omNode-2-server-thread1] INFO  segmented.SegmentedRaftLogWorker (SegmentedRaftLogWorker.java:startLogSegment(447)) - omNode-2@group-523986131536-SegmentedRaftLogWorker: Starting segment from index:0
2023-05-12 15:34:53,172 [grpc-default-executor-7] WARN  server.GrpcLogAppender (LogUtils.java:warn(122)) - omNode-1@group-523986131536->omNode-3-AppendLogResponseHandler: Failed appendEntries: org.apache.ratis.thirdparty.io.grpc.StatusRuntimeException: UNAVAILABLE: io exception
2023-05-12 15:34:53,173 [grpc-default-executor-8] WARN  server.GrpcLogAppender (LogUtils.java:warn(122)) - omNode-1@group-523986131536->omNode-3-AppendLogResponseHandler: Failed appendEntries: org.apache.ratis.thirdparty.io.grpc.StatusRuntimeException: UNAVAILABLE: io exception
2023-05-12 15:34:53,189 [grpc-default-executor-6] WARN  server.GrpcLogAppender (LogUtils.java:warn(122)) - omNode-1@group-523986131536->omNode-3-AppendLogResponseHandler: Failed appendEntries: org.apache.ratis.thirdparty.io.grpc.StatusRuntimeException: UNAVAILABLE: io exception
2023-05-12 15:34:53,189 [omNode-1@group-523986131536-SegmentedRaftLogWorker] INFO  segmented.SegmentedRaftLogWorker (SegmentedRaftLogWorker.java:execute(651)) - omNode-1@group-523986131536-SegmentedRaftLogWorker: created new log segment /home/runner/work/ozone/ozone/hadoop-ozone/integration-test/target/test-dir/MiniOzoneClusterImpl-bfe86ff0-f9fb-433f-aae2-64a5a95eec81/omNode-1/ratis/c9bc4cf4-3bc3-3c60-a66b-523986131536/current/log_inprogress_0
2023-05-12 15:34:53,206 [omNode-2@group-523986131536-SegmentedRaftLogWorker] INFO  segmented.SegmentedRaftLogWorker (SegmentedRaftLogWorker.java:execute(651)) - omNode-2@group-523986131536-SegmentedRaftLogWorker: created new log segment /home/runner/work/ozone/ozone/hadoop-ozone/integration-test/target/test-dir/MiniOzoneClusterImpl-bfe86ff0-f9fb-433f-aae2-64a5a95eec81/omNode-2/ratis/c9bc4cf4-3bc3-3c60-a66b-523986131536/current/log_inprogress_0
2023-05-12 15:34:53,222 [grpc-default-executor-6] WARN  server.GrpcLogAppender (LogUtils.java:warn(122)) - omNode-1@group-523986131536->omNode-3-AppendLogResponseHandler: Failed appendEntries: org.apache.ratis.thirdparty.io.grpc.StatusRuntimeException: UNAVAILABLE: io exception
2023-05-12 15:34:53,223 [grpc-default-executor-6] INFO  leader.FollowerInfo (FollowerInfoImpl.java:lambda$new$0(52)) - omNode-1@group-523986131536->omNode-3: decreaseNextIndex nextIndex: updateUnconditionally 1 -> 0
2023-05-12 15:34:53,230 [grpc-default-executor-9] WARN  server.GrpcLogAppender (LogUtils.java:warn(122)) - omNode-1@group-523986131536->omNode-3-AppendLogResponseHandler: Failed appendEntries: org.apache.ratis.thirdparty.io.grpc.StatusRuntimeException: UNAVAILABLE: io exception
2023-05-12 15:34:53,262 [grpc-default-executor-6] WARN  server.GrpcLogAppender (LogUtils.java:warn(122)) - omNode-1@group-523986131536->omNode-3-AppendLogResponseHandler: Failed appendEntries: org.apache.ratis.thirdparty.io.grpc.StatusRuntimeException: UNAVAILABLE: io exception
2023-05-12 15:34:53,265 [grpc-default-executor-8] WARN  server.GrpcLogAppender (LogUtils.java:warn(122)) - omNode-1@group-523986131536->omNode-3-AppendLogResponseHandler: Failed appendEntries: org.apache.ratis.thirdparty.io.grpc.StatusRuntimeException: UNAVAILABLE: io exception
2023-05-12 15:34:53,267 [grpc-default-executor-6] INFO  leader.FollowerInfo (FollowerInfoImpl.java:lambda$new$0(52)) - omNode-1@group-523986131536->omNode-3: decreaseNextIndex nextIndex: updateUnconditionally 1 -> 0
2023-05-12 15:34:53,287 [grpc-default-executor-6] WARN  server.GrpcLogAppender (LogUtils.java:warn(122)) - omNode-1@group-523986131536->omNode-3-AppendLogResponseHandler: Failed appendEntries: org.apache.ratis.thirdparty.io.grpc.StatusRuntimeException: UNAVAILABLE: io exception
2023-05-12 15:34:53,288 [grpc-default-executor-6] INFO  leader.FollowerInfo (FollowerInfoImpl.java:lambda$new$0(52)) - omNode-1@group-523986131536->omNode-3: decreaseNextIndex nextIndex: updateUnconditionally 1 -> 0
2023-05-12 15:34:53,291 [grpc-default-executor-9] WARN  server.GrpcLogAppender (LogUtils.java:warn(122)) - omNode-1@group-523986131536->omNode-3-AppendLogResponseHandler: Failed appendEntries: org.apache.ratis.thirdparty.io.grpc.StatusRuntimeException: UNAVAILABLE: io exception
2023-05-12 15:34:53,392 [omNode-1@group-523986131536-StateMachineUpdater] INFO  ratis.OzoneManagerStateMachine (OzoneManagerStateMachine.java:notifyConfigurationChanged(201)) - Received Configuration change notification from Ratis. New Peer list:
[id: "omNode-3"
address: "localhost:15015"
startupRole: FOLLOWER
, id: "omNode-1"
address: "localhost:15007"
startupRole: FOLLOWER
, id: "omNode-2"
address: "localhost:15011"
startupRole: FOLLOWER
]
2023-05-12 15:34:53,521 [grpc-default-executor-9] WARN  server.GrpcLogAppender (LogUtils.java:warn(122)) - omNode-1@group-523986131536->omNode-3-AppendLogResponseHandler: Failed appendEntries: org.apache.ratis.thirdparty.io.grpc.StatusRuntimeException: UNAVAILABLE: io exception
2023-05-12 15:34:53,522 [grpc-default-executor-6] WARN  server.GrpcLogAppender (LogUtils.java:warn(122)) - omNode-1@group-523986131536->omNode-3-AppendLogResponseHandler: Failed appendEntries: org.apache.ratis.thirdparty.io.grpc.StatusRuntimeException: UNAVAILABLE: io exception
2023-05-12 15:34:53,536 [grpc-default-executor-9] WARN  server.GrpcLogAppender (LogUtils.java:warn(122)) - omNode-1@group-523986131536->omNode-3-AppendLogResponseHandler: Failed appendEntries: org.apache.ratis.thirdparty.io.grpc.StatusRuntimeException: UNAVAILABLE: io exception
2023-05-12 15:34:53,537 [grpc-default-executor-9] INFO  leader.FollowerInfo (FollowerInfoImpl.java:lambda$new$0(52)) - omNode-1@group-523986131536->omNode-3: decreaseNextIndex nextIndex: updateUnconditionally 1 -> 0
2023-05-12 15:34:53,545 [grpc-default-executor-6] WARN  server.GrpcLogAppender (LogUtils.java:warn(122)) - omNode-1@group-523986131536->omNode-3-AppendLogResponseHandler: Failed appendEntries: org.apache.ratis.thirdparty.io.grpc.StatusRuntimeException: UNAVAILABLE: io exception
2023-05-12 15:34:53,708 [Listener at 127.0.0.1/15008] INFO  reflections.Reflections (Reflections.java:scan(232)) - Reflections took 612 ms to scan 19 urls, producing 69 keys and 5177 values [using 2 cores]
2023-05-12 15:34:53,710 [Listener at 127.0.0.1/15008] INFO  ipc.CallQueueManager (CallQueueManager.java:<init>(90)) - Using callQueue: class java.util.concurrent.LinkedBlockingQueue, queueCapacity: 2000, scheduler: class org.apache.hadoop.ipc.DefaultRpcScheduler, ipcBackoff: false.
2023-05-12 15:34:53,711 [Socket Reader #1 for port 15012] INFO  ipc.Server (Server.java:run(1319)) - Starting Socket Reader #1 for port 15012
2023-05-12 15:34:53,731 [Listener at 127.0.0.1/15012] INFO  impl.MetricsSystemImpl (MetricsSystemImpl.java:init(158)) - OzoneManager metrics system started (again)
2023-05-12 15:34:53,742 [omNode-2@group-523986131536-StateMachineUpdater] INFO  ratis.OzoneManagerStateMachine (OzoneManagerStateMachine.java:notifyConfigurationChanged(201)) - Received Configuration change notification from Ratis. New Peer list:
[id: "omNode-3"
address: "localhost:15015"
startupRole: FOLLOWER
, id: "omNode-1"
address: "localhost:15007"
startupRole: FOLLOWER
, id: "omNode-2"
address: "localhost:15011"
startupRole: FOLLOWER
]
2023-05-12 15:34:53,748 [grpc-default-executor-6] WARN  server.GrpcLogAppender (LogUtils.java:warn(122)) - omNode-1@group-523986131536->omNode-3-AppendLogResponseHandler: Failed appendEntries: org.apache.ratis.thirdparty.io.grpc.StatusRuntimeException: UNAVAILABLE: io exception
2023-05-12 15:34:53,749 [grpc-default-executor-6] INFO  leader.FollowerInfo (FollowerInfoImpl.java:lambda$new$0(52)) - omNode-1@group-523986131536->omNode-3: decreaseNextIndex nextIndex: updateUnconditionally 1 -> 0
2023-05-12 15:34:53,749 [grpc-default-executor-9] WARN  server.GrpcLogAppender (LogUtils.java:warn(122)) - omNode-1@group-523986131536->omNode-3-AppendLogResponseHandler: Failed appendEntries: org.apache.ratis.thirdparty.io.grpc.StatusRuntimeException: UNAVAILABLE: io exception
2023-05-12 15:34:53,761 [Listener at 127.0.0.1/15012] INFO  om.OzoneManager (OzoneManager.java:start(1605)) - OzoneManager RPC server is listening at localhost/127.0.0.1:15012
2023-05-12 15:34:53,761 [Listener at 127.0.0.1/15012] INFO  ratis.OzoneManagerRatisServer (OzoneManagerRatisServer.java:start(558)) - Starting OzoneManagerRatisServer omNode-3 at port 15015
2023-05-12 15:34:53,761 [omNode-3-impl-thread1] INFO  storage.RaftStorageDirectory (RaftStorageDirectoryImpl.java:analyzeStorage(137)) - The storage directory /home/runner/work/ozone/ozone/hadoop-ozone/integration-test/target/test-dir/MiniOzoneClusterImpl-bfe86ff0-f9fb-433f-aae2-64a5a95eec81/omNode-3/ratis/c9bc4cf4-3bc3-3c60-a66b-523986131536 does not exist. Creating ...
2023-05-12 15:34:53,763 [omNode-3-impl-thread1] INFO  storage.RaftStorageDirectory (RaftStorageDirectoryImpl.java:tryLock(231)) - Lock on /home/runner/work/ozone/ozone/hadoop-ozone/integration-test/target/test-dir/MiniOzoneClusterImpl-bfe86ff0-f9fb-433f-aae2-64a5a95eec81/omNode-3/ratis/c9bc4cf4-3bc3-3c60-a66b-523986131536/in_use.lock acquired by nodename 89313@fv-az1245-539
2023-05-12 15:34:53,765 [omNode-3-impl-thread1] INFO  storage.RaftStorage (RaftStorageImpl.java:format(96)) - Storage directory /home/runner/work/ozone/ozone/hadoop-ozone/integration-test/target/test-dir/MiniOzoneClusterImpl-bfe86ff0-f9fb-433f-aae2-64a5a95eec81/omNode-3/ratis/c9bc4cf4-3bc3-3c60-a66b-523986131536 has been successfully formatted.
2023-05-12 15:34:53,765 [omNode-3-impl-thread1] INFO  server.RaftServerConfigKeys (ConfUtils.java:logGet(46)) - raft.server.log.use.memory = false (default)
2023-05-12 15:34:53,765 [omNode-3-impl-thread1] INFO  server.RaftServerConfigKeys (ConfUtils.java:logGet(46)) - raft.server.log.purge.gap = 50 (custom)
2023-05-12 15:34:53,766 [omNode-3-impl-thread1] INFO  server.RaftServerConfigKeys (ConfUtils.java:logGet(46)) - raft.server.log.appender.buffer.byte-limit = 33554432 (custom)
2023-05-12 15:34:53,766 [omNode-3-impl-thread1] INFO  server.RaftServerConfigKeys (ConfUtils.java:logGet(46)) - raft.server.log.statemachine.data.read.timeout = 1000ms (default)
2023-05-12 15:34:53,766 [omNode-3-impl-thread1] INFO  server.RaftServerConfigKeys (ConfUtils.java:logGet(46)) - raft.server.log.purge.preservation.log.num = 0 (default)
2023-05-12 15:34:53,766 [omNode-3-impl-thread1] INFO  server.RaftServerConfigKeys (ConfUtils.java:logGet(46)) - raft.server.log.segment.size.max = 4194304 (custom)
2023-05-12 15:34:53,766 [omNode-3-impl-thread1] INFO  server.RaftServerConfigKeys (ConfUtils.java:logGet(46)) - raft.server.log.segment.cache.num.max = 2 (custom)
2023-05-12 15:34:53,766 [omNode-3-impl-thread1] INFO  server.RaftServerConfigKeys (ConfUtils.java:logGet(46)) - raft.server.log.segment.cache.size.max = 200MB (=209715200) (default)
2023-05-12 15:34:53,766 [omNode-3-impl-thread1] INFO  server.RaftServerConfigKeys (ConfUtils.java:logGet(46)) - raft.server.log.appender.buffer.byte-limit = 33554432 (custom)
2023-05-12 15:34:53,767 [omNode-3-impl-thread1] INFO  segmented.SegmentedRaftLogWorker (SegmentedRaftLogWorker.java:<init>(188)) - new omNode-3@group-523986131536-SegmentedRaftLogWorker for RaftStorageImpl:Storage Directory /home/runner/work/ozone/ozone/hadoop-ozone/integration-test/target/test-dir/MiniOzoneClusterImpl-bfe86ff0-f9fb-433f-aae2-64a5a95eec81/omNode-3/ratis/c9bc4cf4-3bc3-3c60-a66b-523986131536
2023-05-12 15:34:53,767 [omNode-3-impl-thread1] INFO  server.RaftServerConfigKeys (ConfUtils.java:logGet(46)) - raft.server.log.queue.byte-limit = 64MB (=67108864) (default)
2023-05-12 15:34:53,767 [omNode-3-impl-thread1] INFO  server.RaftServerConfigKeys (ConfUtils.java:logGet(46)) - raft.server.log.queue.element-limit = 4096 (default)
2023-05-12 15:34:53,767 [omNode-3-impl-thread1] INFO  server.RaftServerConfigKeys (ConfUtils.java:logGet(46)) - raft.server.log.segment.size.max = 4194304 (custom)
2023-05-12 15:34:53,767 [omNode-3-impl-thread1] INFO  server.RaftServerConfigKeys (ConfUtils.java:logGet(46)) - raft.server.log.preallocated.size = 4194304 (custom)
2023-05-12 15:34:53,767 [omNode-3-impl-thread1] INFO  server.RaftServerConfigKeys (ConfUtils.java:logGet(46)) - raft.server.log.force.sync.num = 128 (default)
2023-05-12 15:34:53,767 [omNode-3-impl-thread1] INFO  server.RaftServerConfigKeys (ConfUtils.java:logGet(46)) - raft.server.log.statemachine.data.sync = true (default)
2023-05-12 15:34:53,767 [omNode-3-impl-thread1] INFO  server.RaftServerConfigKeys (ConfUtils.java:logGet(46)) - raft.server.log.statemachine.data.sync.timeout = 10s (default)
2023-05-12 15:34:53,767 [omNode-3-impl-thread1] INFO  server.RaftServerConfigKeys (ConfUtils.java:logGet(46)) - raft.server.log.statemachine.data.sync.timeout.retry = -1 (default)
2023-05-12 15:34:53,768 [omNode-3-impl-thread1] INFO  server.RaftServerConfigKeys (ConfUtils.java:logGet(46)) - raft.server.log.write.buffer.size = 64KB (=65536) (default)
2023-05-12 15:34:53,768 [omNode-3-impl-thread1] INFO  server.RaftServerConfigKeys (ConfUtils.java:logGet(46)) - raft.server.log.appender.buffer.byte-limit = 33554432 (custom)
2023-05-12 15:34:53,771 [grpc-default-executor-9] WARN  server.GrpcLogAppender (LogUtils.java:warn(122)) - omNode-1@group-523986131536->omNode-3-AppendLogResponseHandler: Failed appendEntries: org.apache.ratis.thirdparty.io.grpc.StatusRuntimeException: UNAVAILABLE: io exception
2023-05-12 15:34:53,771 [grpc-default-executor-6] WARN  server.GrpcLogAppender (LogUtils.java:warn(122)) - omNode-1@group-523986131536->omNode-3-AppendLogResponseHandler: Failed appendEntries: org.apache.ratis.thirdparty.io.grpc.StatusRuntimeException: UNAVAILABLE: io exception
2023-05-12 15:34:53,774 [omNode-3-impl-thread1] INFO  server.RaftServerConfigKeys (ConfUtils.java:logGet(46)) - raft.server.log.unsafe-flush.enabled = false (default)
2023-05-12 15:34:53,775 [omNode-3-impl-thread1] INFO  server.RaftServerConfigKeys (ConfUtils.java:logGet(46)) - raft.server.log.async-flush.enabled = false (default)
2023-05-12 15:34:53,775 [omNode-3-impl-thread1] INFO  server.RaftServerConfigKeys (ConfUtils.java:logGet(46)) - raft.server.log.statemachine.data.caching.enabled = false (default)
2023-05-12 15:34:53,775 [omNode-3-impl-thread1] INFO  segmented.SegmentedRaftLogWorker (SegmentedRaftLogWorker.java:lambda$new$0(135)) - omNode-3@group-523986131536-SegmentedRaftLogWorker: flushIndex: setUnconditionally 0 -> -1
2023-05-12 15:34:53,775 [omNode-3-impl-thread1] INFO  segmented.SegmentedRaftLogWorker (SegmentedRaftLogWorker.java:lambda$new$0(135)) - omNode-3@group-523986131536-SegmentedRaftLogWorker: safeCacheEvictIndex: setUnconditionally 0 -> -1
2023-05-12 15:34:53,776 [omNode-3-impl-thread1] INFO  server.RaftServer$Division (RaftServerImpl.java:start(342)) - omNode-3@group-523986131536: start as a follower, conf=-1: peers:[omNode-3|rpc:localhost:15015|priority:0|startupRole:FOLLOWER, omNode-1|rpc:localhost:15007|priority:0|startupRole:FOLLOWER, omNode-2|rpc:localhost:15011|priority:0|startupRole:FOLLOWER]|listeners:[], old=null
2023-05-12 15:34:53,776 [omNode-3-impl-thread1] INFO  server.RaftServer$Division (RaftServerImpl.java:setRole(329)) - omNode-3@group-523986131536: changes role from      null to FOLLOWER at term 0 for startAsFollower
2023-05-12 15:34:53,777 [omNode-3-impl-thread1] INFO  impl.RoleInfo (RoleInfo.java:updateAndGet(139)) - omNode-3: start omNode-3@group-523986131536-FollowerState
2023-05-12 15:34:53,778 [omNode-3-impl-thread1] INFO  util.JmxRegister (JmxRegister.java:tryRegister(44)) - Successfully registered JMX Bean with object name Ratis:service=RaftServer,group=group-523986131536,id=omNode-3
2023-05-12 15:34:53,778 [omNode-3-impl-thread1] INFO  server.RaftServerConfigKeys (ConfUtils.java:logGet(46)) - raft.server.snapshot.auto.trigger.enabled = true (custom)
2023-05-12 15:34:53,778 [omNode-3-impl-thread1] INFO  server.RaftServerConfigKeys (ConfUtils.java:logGet(46)) - raft.server.snapshot.auto.trigger.threshold = 50 (custom)
2023-05-12 15:34:53,778 [omNode-3-impl-thread1] INFO  server.RaftServerConfigKeys (ConfUtils.java:logGet(46)) - raft.server.snapshot.retention.file.num = -1 (default)
2023-05-12 15:34:53,778 [omNode-3-impl-thread1] INFO  server.RaftServerConfigKeys (ConfUtils.java:logGet(46)) - raft.server.log.purge.upto.snapshot.index = true (custom)
2023-05-12 15:34:53,779 [omNode-3@group-523986131536-FollowerState] INFO  server.RaftServerConfigKeys (ConfUtils.java:logFallback(53)) - raft.server.rpc.first-election.timeout.min = 1s (fallback to raft.server.rpc.timeout.min)
2023-05-12 15:34:53,779 [omNode-3@group-523986131536-FollowerState] INFO  server.RaftServerConfigKeys (ConfUtils.java:logFallback(53)) - raft.server.rpc.first-election.timeout.max = 1200ms (fallback to raft.server.rpc.timeout.max)
2023-05-12 15:34:53,779 [Listener at 127.0.0.1/15012] INFO  server.RaftServer (RaftServerProxy.java:startImpl(400)) - omNode-3: start RPC server
2023-05-12 15:34:53,785 [Listener at 127.0.0.1/15012] INFO  server.GrpcService (GrpcService.java:startImpl(302)) - omNode-3: GrpcService started, listening on 15015
2023-05-12 15:34:53,785 [Listener at 127.0.0.1/15012] INFO  om.OzoneManager (OzoneManager.java:start(1621)) - Version File has different layout version (4) than OM DB (null). That is expected if this OM has never been finalized to a newer layout version.
2023-05-12 15:34:53,786 [JvmPauseMonitor2] INFO  util.JvmPauseMonitor (JvmPauseMonitor.java:run(103)) - JvmPauseMonitor-omNode-3: Started
2023-05-12 15:34:53,791 [Listener at 127.0.0.1/15012] INFO  http.BaseHttpServer (BaseHttpServer.java:newHttpServer2BuilderForOzone(224)) - Starting Web-server for ozoneManager at: http://0.0.0.0:15013
2023-05-12 15:34:53,793 [Listener at 127.0.0.1/15012] INFO  http.BaseHttpServer (BaseHttpServer.java:<init>(111)) - Hadoop Security Enabled: false Ozone Security Enabled: false Ozone HTTP Security Enabled: false 
2023-05-12 15:34:53,794 [Listener at 127.0.0.1/15012] WARN  server.AuthenticationFilter (AuthenticationFilter.java:constructSecretProvider(240)) - Unable to initialize FileSignerSecretProvider, falling back to use random secrets. Reason: Could not read signature secret file: /home/runner/hadoop-http-auth-signature-secret
2023-05-12 15:34:53,795 [Listener at 127.0.0.1/15012] INFO  http.HttpRequestLog (HttpRequestLog.java:getRequestLog(86)) - Http request log for http.requests.ozoneManager is not defined
2023-05-12 15:34:53,799 [Listener at 127.0.0.1/15012] INFO  http.HttpServer2 (HttpServer2.java:addGlobalFilter(1031)) - Added global filter 'safety' (class=org.apache.hadoop.hdds.server.http.HttpServer2$QuotingInputFilter)
2023-05-12 15:34:53,801 [Listener at 127.0.0.1/15012] INFO  http.HttpServer2 (HttpServer2.java:addFilter(1007)) - Added filter static_user_filter (class=org.apache.hadoop.http.lib.StaticUserWebFilter$StaticUserFilter) to context ozoneManager
2023-05-12 15:34:53,801 [Listener at 127.0.0.1/15012] INFO  http.HttpServer2 (HttpServer2.java:addFilter(1015)) - Added filter static_user_filter (class=org.apache.hadoop.http.lib.StaticUserWebFilter$StaticUserFilter) to context static
2023-05-12 15:34:53,801 [Listener at 127.0.0.1/15012] INFO  http.HttpServer2 (HttpServer2.java:addFilter(1015)) - Added filter static_user_filter (class=org.apache.hadoop.http.lib.StaticUserWebFilter$StaticUserFilter) to context logs
2023-05-12 15:34:53,802 [Listener at 127.0.0.1/15012] INFO  http.BaseHttpServer (BaseHttpServer.java:<init>(190)) - HTTP server of ozoneManager uses base directory /home/runner/work/ozone/ozone/hadoop-ozone/integration-test/target/test-dir/MiniOzoneClusterImpl-bfe86ff0-f9fb-433f-aae2-64a5a95eec81/omNode-3/webserver
2023-05-12 15:34:53,803 [Listener at 127.0.0.1/15012] INFO  http.HttpServer2 (HttpServer2.java:bindListener(1250)) - Jetty bound to port 15013
2023-05-12 15:34:53,803 [Listener at 127.0.0.1/15012] INFO  server.Server (Server.java:doStart(375)) - jetty-9.4.51.v20230217; built: 2023-02-17T08:19:37.309Z; git: b45c405e4544384de066f814ed42ae3dceacdd49; jvm 1.8.0_362-b09
2023-05-12 15:34:53,811 [Listener at 127.0.0.1/15012] INFO  server.session (DefaultSessionIdManager.java:doStart(334)) - DefaultSessionIdManager workerName=node0
2023-05-12 15:34:53,811 [Listener at 127.0.0.1/15012] INFO  server.session (DefaultSessionIdManager.java:doStart(339)) - No SessionScavenger set, using defaults
2023-05-12 15:34:53,811 [Listener at 127.0.0.1/15012] INFO  server.session (HouseKeeper.java:startScavenging(132)) - node0 Scavenging every 600000ms
2023-05-12 15:34:53,818 [Listener at 127.0.0.1/15012] INFO  handler.ContextHandler (ContextHandler.java:doStart(921)) - Started o.e.j.s.ServletContextHandler@27c9672{logs,/logs,file:///home/runner/work/ozone/ozone/hadoop-ozone/integration-test/target/log,AVAILABLE}
2023-05-12 15:34:53,819 [Listener at 127.0.0.1/15012] INFO  handler.ContextHandler (ContextHandler.java:doStart(921)) - Started o.e.j.s.ServletContextHandler@2bc8c738{static,/static,file:///home/runner/work/ozone/ozone/hadoop-ozone/integration-test/target/test-classes/webapps/static,AVAILABLE}
2023-05-12 15:34:53,823 [Listener at 127.0.0.1/15012] INFO  handler.ContextHandler (ContextHandler.java:doStart(921)) - Started o.e.j.w.WebAppContext@34e8256b{ozoneManager,/,file:///home/runner/work/ozone/ozone/hadoop-ozone/integration-test/target/test-classes/webapps/ozoneManager/,AVAILABLE}{file:/home/runner/work/ozone/ozone/hadoop-ozone/integration-test/target/test-classes/webapps/ozoneManager}
2023-05-12 15:34:53,826 [Listener at 127.0.0.1/15012] INFO  server.AbstractConnector (AbstractConnector.java:doStart(333)) - Started ServerConnector@58ae7fef{HTTP/1.1, (http/1.1)}{0.0.0.0:15013}
2023-05-12 15:34:53,826 [Listener at 127.0.0.1/15012] INFO  server.Server (Server.java:doStart(415)) - Started @10039ms
2023-05-12 15:34:53,826 [Listener at 127.0.0.1/15012] WARN  impl.MetricsSystemImpl (MetricsSystemImpl.java:register(279)) - Sink prometheus already exists!
2023-05-12 15:34:53,826 [Listener at 127.0.0.1/15012] INFO  http.BaseHttpServer (BaseHttpServer.java:updateConnectorAddress(344)) - HTTP server of ozoneManager listening at http://0.0.0.0:15013
2023-05-12 15:34:53,827 [IPC Server Responder] INFO  ipc.Server (Server.java:run(1558)) - IPC Server Responder: starting
2023-05-12 15:34:53,827 [IPC Server listener on 15012] INFO  ipc.Server (Server.java:run(1398)) - IPC Server listener on 15012: starting
2023-05-12 15:34:53,835 [Listener at 127.0.0.1/15012] INFO  om.OzoneManager (OzoneManager.java:startTrashEmptier(2081)) - Trash Interval set to 0. Files deleted won't move to trash
2023-05-12 15:34:53,835 [Listener at 127.0.0.1/15012] INFO  ozone.MiniOzoneHAClusterImpl (MiniOzoneHAClusterImpl.java:createOMService(502)) - Started OzoneManager omNode-3 RPC server at localhost/127.0.0.1:15012
2023-05-12 15:34:53,835 [org.apache.hadoop.util.JvmPauseMonitor$Monitor@7270c811] INFO  util.JvmPauseMonitor (JvmPauseMonitor.java:run(188)) - Starting JVM pause monitor
2023-05-12 15:34:53,966 [Listener at 127.0.0.1/15012] WARN  impl.MetricRegistriesImpl (MetricRegistriesImpl.java:addReporterRegistration(111)) - New reporters are added after registries were created. Some metrics will be missing from the reporter. Please add reporter before adding any new registry.
2023-05-12 15:34:53,966 [Listener at 127.0.0.1/15012] WARN  impl.MetricRegistriesImpl (MetricRegistriesImpl.java:addReporterRegistration(111)) - New reporters are added after registries were created. Some metrics will be missing from the reporter. Please add reporter before adding any new registry.
2023-05-12 15:34:53,966 [Listener at 127.0.0.1/15012] INFO  impl.MetricsSystemImpl (MetricsSystemImpl.java:init(158)) - HddsDatanode metrics system started (again)
2023-05-12 15:34:53,981 [Listener at 127.0.0.1/15012] INFO  ozone.HddsDatanodeService (HddsDatanodeService.java:start(252)) - HddsDatanodeService host:fv-az1245-539.h4qniknrx0cezh5jdpmlggsuoc.cx.internal.cloudapp.net ip:10.1.0.53
2023-05-12 15:34:54,009 [Listener at 127.0.0.1/15012] INFO  upgrade.AbstractLayoutVersionManager (AbstractLayoutVersionManager.java:init(83)) - Initializing Layout version manager with metadata layout = WEBUI_PORTS_IN_DATANODEDETAILS (version = 6), software layout = WEBUI_PORTS_IN_DATANODEDETAILS (version = 6)
2023-05-12 15:34:54,011 [Listener at 127.0.0.1/15012] INFO  statemachine.DatanodeStateMachine (DatanodeStateMachine.java:getEndPointTaskThreadPoolSize(267)) - Datanode State Machine Task Thread Pool size 2
2023-05-12 15:34:54,027 [grpc-default-executor-6] WARN  server.GrpcLogAppender (LogUtils.java:warn(122)) - omNode-1@group-523986131536->omNode-3-AppendLogResponseHandler: Failed appendEntries: org.apache.ratis.thirdparty.io.grpc.StatusRuntimeException: UNAVAILABLE: io exception
2023-05-12 15:34:54,071 [Listener at 127.0.0.1/15012] INFO  volume.HddsVolume (HddsVolume.java:<init>(130)) - Creating HddsVolume: /home/runner/work/ozone/ozone/hadoop-ozone/integration-test/target/test-dir/MiniOzoneClusterImpl-bfe86ff0-f9fb-433f-aae2-64a5a95eec81/datanode-0/data-0/containers/hdds of storage type : DISK capacity : 9223372036854775807
2023-05-12 15:34:54,073 [Listener at 127.0.0.1/15012] INFO  volume.MutableVolumeSet (MutableVolumeSet.java:initializeVolumeSet(175)) - Added Volume : /home/runner/work/ozone/ozone/hadoop-ozone/integration-test/target/test-dir/MiniOzoneClusterImpl-bfe86ff0-f9fb-433f-aae2-64a5a95eec81/datanode-0/data-0/containers/hdds to VolumeSet
2023-05-12 15:34:54,074 [Listener at 127.0.0.1/15012] INFO  volume.ThrottledAsyncChecker (ThrottledAsyncChecker.java:schedule(141)) - Scheduling a check for /home/runner/work/ozone/ozone/hadoop-ozone/integration-test/target/test-dir/MiniOzoneClusterImpl-bfe86ff0-f9fb-433f-aae2-64a5a95eec81/datanode-0/data-0/containers/hdds
2023-05-12 15:34:54,093 [Listener at 127.0.0.1/15012] INFO  volume.StorageVolumeChecker (StorageVolumeChecker.java:checkAllVolumes(202)) - Scheduled health check for volume /home/runner/work/ozone/ozone/hadoop-ozone/integration-test/target/test-dir/MiniOzoneClusterImpl-bfe86ff0-f9fb-433f-aae2-64a5a95eec81/datanode-0/data-0/containers/hdds
2023-05-12 15:34:54,109 [Listener at 127.0.0.1/15012] INFO  volume.MutableVolumeSet (MutableVolumeSet.java:initializeVolumeSet(175)) - Added Volume : /home/runner/work/ozone/ozone/hadoop-ozone/integration-test/target/test-dir/MiniOzoneClusterImpl-bfe86ff0-f9fb-433f-aae2-64a5a95eec81/datanode-0/data/ratis to VolumeSet
2023-05-12 15:34:54,109 [Listener at 127.0.0.1/15012] INFO  volume.ThrottledAsyncChecker (ThrottledAsyncChecker.java:schedule(141)) - Scheduling a check for /home/runner/work/ozone/ozone/hadoop-ozone/integration-test/target/test-dir/MiniOzoneClusterImpl-bfe86ff0-f9fb-433f-aae2-64a5a95eec81/datanode-0/data/ratis
2023-05-12 15:34:54,109 [Listener at 127.0.0.1/15012] INFO  volume.StorageVolumeChecker (StorageVolumeChecker.java:checkAllVolumes(202)) - Scheduled health check for volume /home/runner/work/ozone/ozone/hadoop-ozone/integration-test/target/test-dir/MiniOzoneClusterImpl-bfe86ff0-f9fb-433f-aae2-64a5a95eec81/datanode-0/data/ratis
2023-05-12 15:34:54,129 [Thread-260] INFO  ozoneimpl.ContainerReader (ContainerReader.java:readVolume(175)) - Finish verifying containers on volume /home/runner/work/ozone/ozone/hadoop-ozone/integration-test/target/test-dir/MiniOzoneClusterImpl-bfe86ff0-f9fb-433f-aae2-64a5a95eec81/datanode-0/data-0/containers/hdds
2023-05-12 15:34:54,129 [Listener at 127.0.0.1/15012] INFO  ozoneimpl.OzoneContainer (OzoneContainer.java:buildContainerSet(303)) - Build ContainerSet costs 0s
2023-05-12 15:34:54,178 [Listener at 127.0.0.1/15012] INFO  audit.AuditLogger (AuditLogger.java:refreshDebugCmdSet(126)) - Refresh DebugCmdSet for DNAudit to [].
2023-05-12 15:34:54,212 [Listener at 127.0.0.1/15012] INFO  server.RaftServer (ConfUtils.java:logGet(46)) - raft.rpc.type = GRPC (default)
2023-05-12 15:34:54,212 [Listener at 127.0.0.1/15012] INFO  grpc.GrpcConfigKeys (ConfUtils.java:logFallback(53)) - raft.grpc.admin.host = null (fallback to raft.grpc.server.host)
2023-05-12 15:34:54,213 [Listener at 127.0.0.1/15012] INFO  grpc.GrpcConfigKeys (ConfUtils.java:logGet(46)) - raft.grpc.admin.port = 15020 (custom)
2023-05-12 15:34:54,213 [Listener at 127.0.0.1/15012] INFO  grpc.GrpcConfigKeys (ConfUtils.java:logFallback(53)) - raft.grpc.client.host = null (fallback to raft.grpc.server.host)
2023-05-12 15:34:54,213 [Listener at 127.0.0.1/15012] INFO  grpc.GrpcConfigKeys (ConfUtils.java:logGet(46)) - raft.grpc.client.port = 15019 (custom)
2023-05-12 15:34:54,213 [Listener at 127.0.0.1/15012] INFO  grpc.GrpcConfigKeys (ConfUtils.java:logGet(46)) - raft.grpc.server.host = null (default)
2023-05-12 15:34:54,213 [Listener at 127.0.0.1/15012] INFO  grpc.GrpcConfigKeys (ConfUtils.java:logGet(46)) - raft.grpc.server.port = 15021 (custom)
2023-05-12 15:34:54,213 [Listener at 127.0.0.1/15012] INFO  server.GrpcService (ConfUtils.java:logGet(46)) - raft.grpc.message.size.max = 32MB (=33554432) (custom)
2023-05-12 15:34:54,213 [Listener at 127.0.0.1/15012] INFO  server.RaftServerConfigKeys (ConfUtils.java:logGet(46)) - raft.server.log.appender.buffer.byte-limit = 33554432 (custom)
2023-05-12 15:34:54,213 [Listener at 127.0.0.1/15012] INFO  server.GrpcService (ConfUtils.java:logGet(46)) - raft.grpc.flow.control.window = 5MB (=5242880) (custom)
2023-05-12 15:34:54,214 [Listener at 127.0.0.1/15012] INFO  server.RaftServerConfigKeys (ConfUtils.java:logGet(46)) - raft.server.rpc.request.timeout = 60s (custom)
2023-05-12 15:34:54,214 [Listener at 127.0.0.1/15012] INFO  grpc.GrpcConfigKeys (ConfUtils.java:logGet(46)) - raft.grpc.server.heartbeat.channel = true (default)
2023-05-12 15:34:54,214 [Listener at 127.0.0.1/15012] INFO  grpc.GrpcConfigKeys (ConfUtils.java:logGet(46)) - raft.grpc.server.async.request.thread.pool.cached = true (default)
2023-05-12 15:34:54,214 [Listener at 127.0.0.1/15012] INFO  grpc.GrpcConfigKeys (ConfUtils.java:logGet(46)) - raft.grpc.server.async.request.thread.pool.size = 32 (default)
2023-05-12 15:34:54,217 [Listener at 127.0.0.1/15012] INFO  impl.DataStreamServerImpl (ConfUtils.java:logGet(46)) - raft.datastream.type = NETTY (custom)
2023-05-12 15:34:54,225 [Listener at 127.0.0.1/15012] INFO  server.RaftServerConfigKeys (ConfUtils.java:logGet(46)) - raft.server.data-stream.async.request.thread.pool.cached = false (default)
2023-05-12 15:34:54,226 [Listener at 127.0.0.1/15012] INFO  server.RaftServerConfigKeys (ConfUtils.java:logGet(46)) - raft.server.data-stream.async.request.thread.pool.size = 20 (custom)
2023-05-12 15:34:54,226 [Listener at 127.0.0.1/15012] INFO  server.RaftServerConfigKeys (ConfUtils.java:logGet(46)) - raft.server.data-stream.async.write.thread.pool.size = 16 (default)
2023-05-12 15:34:54,227 [Listener at 127.0.0.1/15012] INFO  server.RaftServerConfigKeys (ConfUtils.java:logGet(46)) - raft.server.data-stream.client.pool.size = 10 (default)
2023-05-12 15:34:54,230 [Listener at 127.0.0.1/15012] INFO  netty.NettyConfigKeys$DataStream (ConfUtils.java:logGet(46)) - raft.netty.dataStream.server.use-epoll = false (default)
2023-05-12 15:34:54,230 [Listener at 127.0.0.1/15012] INFO  netty.NettyConfigKeys$DataStream (ConfUtils.java:logGet(46)) - raft.netty.dataStream.server.boss-group.size = 0 (default)
2023-05-12 15:34:54,237 [Listener at 127.0.0.1/15012] INFO  netty.NettyConfigKeys$DataStream (ConfUtils.java:logGet(46)) - raft.netty.dataStream.server.worker-group.size = 0 (default)
2023-05-12 15:34:54,238 [Listener at 127.0.0.1/15012] INFO  netty.NettyConfigKeys$DataStream (ConfUtils.java:logGet(46)) - raft.netty.dataStream.server.tls.conf = null (default)
2023-05-12 15:34:54,239 [Listener at 127.0.0.1/15012] INFO  netty.NettyConfigKeys$DataStream (ConfUtils.java:logGet(46)) - raft.netty.dataStream.host = null (default)
2023-05-12 15:34:54,240 [Listener at 127.0.0.1/15012] INFO  netty.NettyConfigKeys$DataStream (ConfUtils.java:logGet(46)) - raft.netty.dataStream.port = 15022 (custom)
2023-05-12 15:34:54,248 [Listener at 127.0.0.1/15012] INFO  server.RaftServerConfigKeys (ConfUtils.java:logGet(46)) - raft.server.threadpool.proxy.cached = true (default)
2023-05-12 15:34:54,248 [Listener at 127.0.0.1/15012] INFO  server.RaftServerConfigKeys (ConfUtils.java:logGet(46)) - raft.server.threadpool.proxy.size = 0 (default)
2023-05-12 15:34:54,249 [Listener at 127.0.0.1/15012] INFO  server.RaftServerConfigKeys (ConfUtils.java:logGet(46)) - raft.server.rpc.slowness.timeout = 300s (custom)
2023-05-12 15:34:54,249 [Listener at 127.0.0.1/15012] INFO  server.RaftServerConfigKeys (ConfUtils.java:logGet(46)) - raft.server.leaderelection.leader.step-down.wait-time = 10s (default)
2023-05-12 15:34:54,249 [Listener at 127.0.0.1/15012] INFO  server.RaftServerConfigKeys (ConfUtils.java:logGet(46)) - raft.server.storage.dir = [/home/runner/work/ozone/ozone/hadoop-ozone/integration-test/target/test-dir/MiniOzoneClusterImpl-bfe86ff0-f9fb-433f-aae2-64a5a95eec81/datanode-0/data/ratis] (custom)
2023-05-12 15:34:54,272 [cc26ca6c-2cda-43c4-8225-385dd9036c3c-NettyServerStreamRpc-bossGroup--thread1] INFO  logging.LoggingHandler (AbstractInternalLogger.java:log(148)) - [id: 0x255128d2] REGISTERED
2023-05-12 15:34:54,272 [cc26ca6c-2cda-43c4-8225-385dd9036c3c-NettyServerStreamRpc-bossGroup--thread1] INFO  logging.LoggingHandler (AbstractInternalLogger.java:log(148)) - [id: 0x255128d2] BIND: 0.0.0.0/0.0.0.0:15022
2023-05-12 15:34:54,274 [cc26ca6c-2cda-43c4-8225-385dd9036c3c-NettyServerStreamRpc-bossGroup--thread1] INFO  logging.LoggingHandler (AbstractInternalLogger.java:log(148)) - [id: 0x255128d2, L:/0:0:0:0:0:0:0:0:15022] ACTIVE
2023-05-12 15:34:54,282 [Listener at 127.0.0.1/15012] INFO  server.XceiverServerGrpc (XceiverServerGrpc.java:<init>(132)) - GrpcServer channel type EpollServerSocketChannel
2023-05-12 15:34:54,287 [omNode-3-server-thread1] INFO  server.RaftServer$Division (ServerState.java:setLeader(317)) - omNode-3@group-523986131536: change Leader from null to omNode-1 at term 1 for appendEntries, leader elected after 1188ms
2023-05-12 15:34:54,295 [omNode-3-server-thread1] INFO  server.RaftServer$Division (ServerState.java:setRaftConf(434)) - omNode-3@group-523986131536: set configuration 0: peers:[omNode-3|rpc:localhost:15015|admin:|client:|dataStream:|priority:0|startupRole:FOLLOWER, omNode-1|rpc:localhost:15007|admin:|client:|dataStream:|priority:0|startupRole:FOLLOWER, omNode-2|rpc:localhost:15011|admin:|client:|dataStream:|priority:0|startupRole:FOLLOWER]|listeners:[], old=null
2023-05-12 15:34:54,295 [omNode-3-server-thread1] INFO  segmented.SegmentedRaftLogWorker (SegmentedRaftLogWorker.java:startLogSegment(447)) - omNode-3@group-523986131536-SegmentedRaftLogWorker: Starting segment from index:0
2023-05-12 15:34:54,307 [omNode-3@group-523986131536-SegmentedRaftLogWorker] INFO  segmented.SegmentedRaftLogWorker (SegmentedRaftLogWorker.java:execute(651)) - omNode-3@group-523986131536-SegmentedRaftLogWorker: created new log segment /home/runner/work/ozone/ozone/hadoop-ozone/integration-test/target/test-dir/MiniOzoneClusterImpl-bfe86ff0-f9fb-433f-aae2-64a5a95eec81/omNode-3/ratis/c9bc4cf4-3bc3-3c60-a66b-523986131536/current/log_inprogress_0
2023-05-12 15:34:54,314 [omNode-3@group-523986131536-StateMachineUpdater] INFO  ratis.OzoneManagerStateMachine (OzoneManagerStateMachine.java:notifyConfigurationChanged(201)) - Received Configuration change notification from Ratis. New Peer list:
[id: "omNode-3"
address: "localhost:15015"
startupRole: FOLLOWER
, id: "omNode-1"
address: "localhost:15007"
startupRole: FOLLOWER
, id: "omNode-2"
address: "localhost:15011"
startupRole: FOLLOWER
]
2023-05-12 15:34:54,338 [Listener at 127.0.0.1/15012] INFO  replication.ReplicationSupervisor (ReplicationSupervisor.java:nodeStateUpdated(296)) - Node state updated to IN_SERVICE, scaling executor pool size to 10
2023-05-12 15:34:54,382 [Listener at 127.0.0.1/15012] INFO  http.BaseHttpServer (BaseHttpServer.java:newHttpServer2BuilderForOzone(224)) - Starting Web-server for hddsDatanode at: http://0.0.0.0:15017
2023-05-12 15:34:54,382 [Listener at 127.0.0.1/15012] INFO  http.BaseHttpServer (BaseHttpServer.java:<init>(111)) - Hadoop Security Enabled: false Ozone Security Enabled: false Ozone HTTP Security Enabled: false 
2023-05-12 15:34:54,383 [Listener at 127.0.0.1/15012] WARN  server.AuthenticationFilter (AuthenticationFilter.java:constructSecretProvider(240)) - Unable to initialize FileSignerSecretProvider, falling back to use random secrets. Reason: Could not read signature secret file: /home/runner/hadoop-http-auth-signature-secret
2023-05-12 15:34:54,384 [Listener at 127.0.0.1/15012] INFO  http.HttpRequestLog (HttpRequestLog.java:getRequestLog(86)) - Http request log for http.requests.hddsDatanode is not defined
2023-05-12 15:34:54,386 [Listener at 127.0.0.1/15012] INFO  http.HttpServer2 (HttpServer2.java:addGlobalFilter(1031)) - Added global filter 'safety' (class=org.apache.hadoop.hdds.server.http.HttpServer2$QuotingInputFilter)
2023-05-12 15:34:54,386 [Listener at 127.0.0.1/15012] INFO  http.HttpServer2 (HttpServer2.java:addFilter(1007)) - Added filter static_user_filter (class=org.apache.hadoop.http.lib.StaticUserWebFilter$StaticUserFilter) to context hddsDatanode
2023-05-12 15:34:54,387 [Listener at 127.0.0.1/15012] INFO  http.HttpServer2 (HttpServer2.java:addFilter(1015)) - Added filter static_user_filter (class=org.apache.hadoop.http.lib.StaticUserWebFilter$StaticUserFilter) to context logs
2023-05-12 15:34:54,387 [Listener at 127.0.0.1/15012] INFO  http.HttpServer2 (HttpServer2.java:addFilter(1015)) - Added filter static_user_filter (class=org.apache.hadoop.http.lib.StaticUserWebFilter$StaticUserFilter) to context static
2023-05-12 15:34:54,387 [Listener at 127.0.0.1/15012] INFO  http.BaseHttpServer (BaseHttpServer.java:<init>(190)) - HTTP server of hddsDatanode uses base directory /home/runner/work/ozone/ozone/hadoop-ozone/integration-test/target/test-dir/MiniOzoneClusterImpl-bfe86ff0-f9fb-433f-aae2-64a5a95eec81/datanode-0/meta/webserver
2023-05-12 15:34:54,387 [Listener at 127.0.0.1/15012] INFO  http.HttpServer2 (HttpServer2.java:bindListener(1250)) - Jetty bound to port 15017
2023-05-12 15:34:54,388 [Listener at 127.0.0.1/15012] INFO  server.Server (Server.java:doStart(375)) - jetty-9.4.51.v20230217; built: 2023-02-17T08:19:37.309Z; git: b45c405e4544384de066f814ed42ae3dceacdd49; jvm 1.8.0_362-b09
2023-05-12 15:34:54,389 [Listener at 127.0.0.1/15012] INFO  server.session (DefaultSessionIdManager.java:doStart(334)) - DefaultSessionIdManager workerName=node0
2023-05-12 15:34:54,389 [Listener at 127.0.0.1/15012] INFO  server.session (DefaultSessionIdManager.java:doStart(339)) - No SessionScavenger set, using defaults
2023-05-12 15:34:54,389 [Listener at 127.0.0.1/15012] INFO  server.session (HouseKeeper.java:startScavenging(132)) - node0 Scavenging every 600000ms
2023-05-12 15:34:54,390 [Listener at 127.0.0.1/15012] INFO  handler.ContextHandler (ContextHandler.java:doStart(921)) - Started o.e.j.s.ServletContextHandler@3517e6a4{logs,/logs,file:///home/runner/work/ozone/ozone/hadoop-ozone/integration-test/target/log,AVAILABLE}
2023-05-12 15:34:54,390 [Listener at 127.0.0.1/15012] INFO  handler.ContextHandler (ContextHandler.java:doStart(921)) - Started o.e.j.s.ServletContextHandler@752eeec{static,/static,jar:file:/home/runner/.m2/repository/org/apache/ozone/hdds-container-service/1.4.0-SNAPSHOT/hdds-container-service-1.4.0-SNAPSHOT.jar!/webapps/static,AVAILABLE}
2023-05-12 15:34:54,594 [Listener at 127.0.0.1/15012] INFO  handler.ContextHandler (ContextHandler.java:doStart(921)) - Started o.e.j.w.WebAppContext@39fe414f{hddsDatanode,/,file:///home/runner/work/ozone/ozone/hadoop-ozone/integration-test/target/test-dir/MiniOzoneClusterImpl-bfe86ff0-f9fb-433f-aae2-64a5a95eec81/datanode-0/meta/webserver/jetty-0_0_0_0-15017-hdds-container-service-1_4_0-SNAPSHOT_jar-_-any-1302666494883170439/webapp/,AVAILABLE}{jar:file:/home/runner/.m2/repository/org/apache/ozone/hdds-container-service/1.4.0-SNAPSHOT/hdds-container-service-1.4.0-SNAPSHOT.jar!/webapps/hddsDatanode}
2023-05-12 15:34:54,596 [Listener at 127.0.0.1/15012] INFO  server.AbstractConnector (AbstractConnector.java:doStart(333)) - Started ServerConnector@18315379{HTTP/1.1, (http/1.1)}{0.0.0.0:15017}
2023-05-12 15:34:54,596 [Listener at 127.0.0.1/15012] INFO  server.Server (Server.java:doStart(415)) - Started @10809ms
2023-05-12 15:34:54,596 [Listener at 127.0.0.1/15012] WARN  impl.MetricsSystemImpl (MetricsSystemImpl.java:register(279)) - Sink prometheus already exists!
2023-05-12 15:34:54,597 [Listener at 127.0.0.1/15012] INFO  http.BaseHttpServer (BaseHttpServer.java:updateConnectorAddress(344)) - HTTP server of hddsDatanode listening at http://0.0.0.0:15017
2023-05-12 15:34:54,606 [Listener at 127.0.0.1/15012] WARN  impl.MetricRegistriesImpl (MetricRegistriesImpl.java:addReporterRegistration(111)) - New reporters are added after registries were created. Some metrics will be missing from the reporter. Please add reporter before adding any new registry.
2023-05-12 15:34:54,606 [Listener at 127.0.0.1/15012] WARN  impl.MetricRegistriesImpl (MetricRegistriesImpl.java:addReporterRegistration(111)) - New reporters are added after registries were created. Some metrics will be missing from the reporter. Please add reporter before adding any new registry.
2023-05-12 15:34:54,606 [Listener at 127.0.0.1/15012] INFO  impl.MetricsSystemImpl (MetricsSystemImpl.java:init(158)) - HddsDatanode metrics system started (again)
2023-05-12 15:34:54,609 [Datanode State Machine Daemon Thread] INFO  statemachine.DatanodeStateMachine (DatanodeStateMachine.java:lambda$startDaemon$0(524)) - Ozone container server started.
2023-05-12 15:34:54,624 [Listener at 127.0.0.1/15012] INFO  ozone.HddsDatanodeService (HddsDatanodeService.java:start(252)) - HddsDatanodeService host:fv-az1245-539.h4qniknrx0cezh5jdpmlggsuoc.cx.internal.cloudapp.net ip:10.1.0.53
2023-05-12 15:34:54,636 [org.apache.hadoop.util.JvmPauseMonitor$Monitor@20196adc] INFO  util.JvmPauseMonitor (JvmPauseMonitor.java:run(188)) - Starting JVM pause monitor
2023-05-12 15:34:54,653 [Listener at 127.0.0.1/15012] INFO  upgrade.AbstractLayoutVersionManager (AbstractLayoutVersionManager.java:init(83)) - Initializing Layout version manager with metadata layout = WEBUI_PORTS_IN_DATANODEDETAILS (version = 6), software layout = WEBUI_PORTS_IN_DATANODEDETAILS (version = 6)
2023-05-12 15:34:54,654 [Listener at 127.0.0.1/15012] INFO  statemachine.DatanodeStateMachine (DatanodeStateMachine.java:getEndPointTaskThreadPoolSize(267)) - Datanode State Machine Task Thread Pool size 2
2023-05-12 15:34:54,656 [Listener at 127.0.0.1/15012] INFO  volume.HddsVolume (HddsVolume.java:<init>(130)) - Creating HddsVolume: /home/runner/work/ozone/ozone/hadoop-ozone/integration-test/target/test-dir/MiniOzoneClusterImpl-bfe86ff0-f9fb-433f-aae2-64a5a95eec81/datanode-1/data-0/containers/hdds of storage type : DISK capacity : 9223372036854775807
2023-05-12 15:34:54,656 [Listener at 127.0.0.1/15012] INFO  volume.MutableVolumeSet (MutableVolumeSet.java:initializeVolumeSet(175)) - Added Volume : /home/runner/work/ozone/ozone/hadoop-ozone/integration-test/target/test-dir/MiniOzoneClusterImpl-bfe86ff0-f9fb-433f-aae2-64a5a95eec81/datanode-1/data-0/containers/hdds to VolumeSet
2023-05-12 15:34:54,656 [Listener at 127.0.0.1/15012] INFO  volume.ThrottledAsyncChecker (ThrottledAsyncChecker.java:schedule(141)) - Scheduling a check for /home/runner/work/ozone/ozone/hadoop-ozone/integration-test/target/test-dir/MiniOzoneClusterImpl-bfe86ff0-f9fb-433f-aae2-64a5a95eec81/datanode-1/data-0/containers/hdds
2023-05-12 15:34:54,667 [Listener at 127.0.0.1/15012] INFO  volume.StorageVolumeChecker (StorageVolumeChecker.java:checkAllVolumes(202)) - Scheduled health check for volume /home/runner/work/ozone/ozone/hadoop-ozone/integration-test/target/test-dir/MiniOzoneClusterImpl-bfe86ff0-f9fb-433f-aae2-64a5a95eec81/datanode-1/data-0/containers/hdds
2023-05-12 15:34:54,691 [Listener at 127.0.0.1/15012] INFO  volume.MutableVolumeSet (MutableVolumeSet.java:initializeVolumeSet(175)) - Added Volume : /home/runner/work/ozone/ozone/hadoop-ozone/integration-test/target/test-dir/MiniOzoneClusterImpl-bfe86ff0-f9fb-433f-aae2-64a5a95eec81/datanode-1/data/ratis to VolumeSet
2023-05-12 15:34:54,691 [Listener at 127.0.0.1/15012] INFO  volume.ThrottledAsyncChecker (ThrottledAsyncChecker.java:schedule(141)) - Scheduling a check for /home/runner/work/ozone/ozone/hadoop-ozone/integration-test/target/test-dir/MiniOzoneClusterImpl-bfe86ff0-f9fb-433f-aae2-64a5a95eec81/datanode-1/data/ratis
2023-05-12 15:34:54,691 [Listener at 127.0.0.1/15012] INFO  volume.StorageVolumeChecker (StorageVolumeChecker.java:checkAllVolumes(202)) - Scheduled health check for volume /home/runner/work/ozone/ozone/hadoop-ozone/integration-test/target/test-dir/MiniOzoneClusterImpl-bfe86ff0-f9fb-433f-aae2-64a5a95eec81/datanode-1/data/ratis
2023-05-12 15:34:54,713 [Thread-276] INFO  ozoneimpl.ContainerReader (ContainerReader.java:readVolume(175)) - Finish verifying containers on volume /home/runner/work/ozone/ozone/hadoop-ozone/integration-test/target/test-dir/MiniOzoneClusterImpl-bfe86ff0-f9fb-433f-aae2-64a5a95eec81/datanode-1/data-0/containers/hdds
2023-05-12 15:34:54,714 [Listener at 127.0.0.1/15012] INFO  ozoneimpl.OzoneContainer (OzoneContainer.java:buildContainerSet(303)) - Build ContainerSet costs 0s
2023-05-12 15:34:54,717 [Listener at 127.0.0.1/15012] INFO  server.RaftServer (ConfUtils.java:logGet(46)) - raft.rpc.type = GRPC (default)
2023-05-12 15:34:54,717 [Listener at 127.0.0.1/15012] INFO  grpc.GrpcConfigKeys (ConfUtils.java:logFallback(53)) - raft.grpc.admin.host = null (fallback to raft.grpc.server.host)
2023-05-12 15:34:54,717 [Listener at 127.0.0.1/15012] INFO  grpc.GrpcConfigKeys (ConfUtils.java:logGet(46)) - raft.grpc.admin.port = 15028 (custom)
2023-05-12 15:34:54,717 [Listener at 127.0.0.1/15012] INFO  grpc.GrpcConfigKeys (ConfUtils.java:logFallback(53)) - raft.grpc.client.host = null (fallback to raft.grpc.server.host)
2023-05-12 15:34:54,718 [Listener at 127.0.0.1/15012] INFO  grpc.GrpcConfigKeys (ConfUtils.java:logGet(46)) - raft.grpc.client.port = 15027 (custom)
2023-05-12 15:34:54,718 [Listener at 127.0.0.1/15012] INFO  grpc.GrpcConfigKeys (ConfUtils.java:logGet(46)) - raft.grpc.server.host = null (default)
2023-05-12 15:34:54,718 [Listener at 127.0.0.1/15012] INFO  grpc.GrpcConfigKeys (ConfUtils.java:logGet(46)) - raft.grpc.server.port = 15029 (custom)
2023-05-12 15:34:54,718 [Listener at 127.0.0.1/15012] INFO  server.GrpcService (ConfUtils.java:logGet(46)) - raft.grpc.message.size.max = 32MB (=33554432) (custom)
2023-05-12 15:34:54,718 [Listener at 127.0.0.1/15012] INFO  server.RaftServerConfigKeys (ConfUtils.java:logGet(46)) - raft.server.log.appender.buffer.byte-limit = 33554432 (custom)
2023-05-12 15:34:54,718 [Listener at 127.0.0.1/15012] INFO  server.GrpcService (ConfUtils.java:logGet(46)) - raft.grpc.flow.control.window = 5MB (=5242880) (custom)
2023-05-12 15:34:54,718 [Listener at 127.0.0.1/15012] INFO  server.RaftServerConfigKeys (ConfUtils.java:logGet(46)) - raft.server.rpc.request.timeout = 60s (custom)
2023-05-12 15:34:54,718 [Listener at 127.0.0.1/15012] INFO  grpc.GrpcConfigKeys (ConfUtils.java:logGet(46)) - raft.grpc.server.heartbeat.channel = true (default)
2023-05-12 15:34:54,719 [Listener at 127.0.0.1/15012] INFO  grpc.GrpcConfigKeys (ConfUtils.java:logGet(46)) - raft.grpc.server.async.request.thread.pool.cached = true (default)
2023-05-12 15:34:54,719 [Listener at 127.0.0.1/15012] INFO  grpc.GrpcConfigKeys (ConfUtils.java:logGet(46)) - raft.grpc.server.async.request.thread.pool.size = 32 (default)
2023-05-12 15:34:54,727 [Listener at 127.0.0.1/15012] INFO  impl.DataStreamServerImpl (ConfUtils.java:logGet(46)) - raft.datastream.type = NETTY (custom)
2023-05-12 15:34:54,730 [Listener at 127.0.0.1/15012] INFO  server.RaftServerConfigKeys (ConfUtils.java:logGet(46)) - raft.server.data-stream.async.request.thread.pool.cached = false (default)
2023-05-12 15:34:54,730 [Listener at 127.0.0.1/15012] INFO  server.RaftServerConfigKeys (ConfUtils.java:logGet(46)) - raft.server.data-stream.async.request.thread.pool.size = 20 (custom)
2023-05-12 15:34:54,730 [Listener at 127.0.0.1/15012] INFO  server.RaftServerConfigKeys (ConfUtils.java:logGet(46)) - raft.server.data-stream.async.write.thread.pool.size = 16 (default)
2023-05-12 15:34:54,731 [Listener at 127.0.0.1/15012] INFO  server.RaftServerConfigKeys (ConfUtils.java:logGet(46)) - raft.server.data-stream.client.pool.size = 10 (default)
2023-05-12 15:34:54,731 [Listener at 127.0.0.1/15012] INFO  netty.NettyConfigKeys$DataStream (ConfUtils.java:logGet(46)) - raft.netty.dataStream.server.use-epoll = false (default)
2023-05-12 15:34:54,731 [Listener at 127.0.0.1/15012] INFO  netty.NettyConfigKeys$DataStream (ConfUtils.java:logGet(46)) - raft.netty.dataStream.server.boss-group.size = 0 (default)
2023-05-12 15:34:54,732 [Listener at 127.0.0.1/15012] INFO  netty.NettyConfigKeys$DataStream (ConfUtils.java:logGet(46)) - raft.netty.dataStream.server.worker-group.size = 0 (default)
2023-05-12 15:34:54,735 [Listener at 127.0.0.1/15012] INFO  netty.NettyConfigKeys$DataStream (ConfUtils.java:logGet(46)) - raft.netty.dataStream.server.tls.conf = null (default)
2023-05-12 15:34:54,735 [Listener at 127.0.0.1/15012] INFO  netty.NettyConfigKeys$DataStream (ConfUtils.java:logGet(46)) - raft.netty.dataStream.host = null (default)
2023-05-12 15:34:54,735 [Listener at 127.0.0.1/15012] INFO  netty.NettyConfigKeys$DataStream (ConfUtils.java:logGet(46)) - raft.netty.dataStream.port = 15030 (custom)
2023-05-12 15:34:54,739 [Listener at 127.0.0.1/15012] INFO  server.RaftServerConfigKeys (ConfUtils.java:logGet(46)) - raft.server.threadpool.proxy.cached = true (default)
2023-05-12 15:34:54,739 [Listener at 127.0.0.1/15012] INFO  server.RaftServerConfigKeys (ConfUtils.java:logGet(46)) - raft.server.threadpool.proxy.size = 0 (default)
2023-05-12 15:34:54,739 [Listener at 127.0.0.1/15012] INFO  server.RaftServerConfigKeys (ConfUtils.java:logGet(46)) - raft.server.rpc.slowness.timeout = 300s (custom)
2023-05-12 15:34:54,739 [Listener at 127.0.0.1/15012] INFO  server.RaftServerConfigKeys (ConfUtils.java:logGet(46)) - raft.server.leaderelection.leader.step-down.wait-time = 10s (default)
2023-05-12 15:34:54,739 [Listener at 127.0.0.1/15012] INFO  server.RaftServerConfigKeys (ConfUtils.java:logGet(46)) - raft.server.storage.dir = [/home/runner/work/ozone/ozone/hadoop-ozone/integration-test/target/test-dir/MiniOzoneClusterImpl-bfe86ff0-f9fb-433f-aae2-64a5a95eec81/datanode-1/data/ratis] (custom)
2023-05-12 15:34:54,747 [7fbba869-ae5e-435c-b5a2-8ae18052e5d1-NettyServerStreamRpc-bossGroup--thread1] INFO  logging.LoggingHandler (AbstractInternalLogger.java:log(148)) - [id: 0xd3a3501f] REGISTERED
2023-05-12 15:34:54,748 [7fbba869-ae5e-435c-b5a2-8ae18052e5d1-NettyServerStreamRpc-bossGroup--thread1] INFO  logging.LoggingHandler (AbstractInternalLogger.java:log(148)) - [id: 0xd3a3501f] BIND: 0.0.0.0/0.0.0.0:15030
2023-05-12 15:34:54,748 [7fbba869-ae5e-435c-b5a2-8ae18052e5d1-NettyServerStreamRpc-bossGroup--thread1] INFO  logging.LoggingHandler (AbstractInternalLogger.java:log(148)) - [id: 0xd3a3501f, L:/0:0:0:0:0:0:0:0:15030] ACTIVE
2023-05-12 15:34:54,752 [Listener at 127.0.0.1/15012] INFO  server.XceiverServerGrpc (XceiverServerGrpc.java:<init>(132)) - GrpcServer channel type EpollServerSocketChannel
2023-05-12 15:34:54,754 [Listener at 127.0.0.1/15012] INFO  replication.ReplicationSupervisor (ReplicationSupervisor.java:nodeStateUpdated(296)) - Node state updated to IN_SERVICE, scaling executor pool size to 10
2023-05-12 15:34:54,761 [Listener at 127.0.0.1/15012] INFO  http.BaseHttpServer (BaseHttpServer.java:newHttpServer2BuilderForOzone(224)) - Starting Web-server for hddsDatanode at: http://0.0.0.0:15025
2023-05-12 15:34:54,761 [Listener at 127.0.0.1/15012] INFO  http.BaseHttpServer (BaseHttpServer.java:<init>(111)) - Hadoop Security Enabled: false Ozone Security Enabled: false Ozone HTTP Security Enabled: false 
2023-05-12 15:34:54,763 [Listener at 127.0.0.1/15012] WARN  server.AuthenticationFilter (AuthenticationFilter.java:constructSecretProvider(240)) - Unable to initialize FileSignerSecretProvider, falling back to use random secrets. Reason: Could not read signature secret file: /home/runner/hadoop-http-auth-signature-secret
2023-05-12 15:34:54,766 [Listener at 127.0.0.1/15012] INFO  http.HttpRequestLog (HttpRequestLog.java:getRequestLog(86)) - Http request log for http.requests.hddsDatanode is not defined
2023-05-12 15:34:54,767 [Listener at 127.0.0.1/15012] INFO  http.HttpServer2 (HttpServer2.java:addGlobalFilter(1031)) - Added global filter 'safety' (class=org.apache.hadoop.hdds.server.http.HttpServer2$QuotingInputFilter)
2023-05-12 15:34:54,768 [Listener at 127.0.0.1/15012] INFO  http.HttpServer2 (HttpServer2.java:addFilter(1007)) - Added filter static_user_filter (class=org.apache.hadoop.http.lib.StaticUserWebFilter$StaticUserFilter) to context hddsDatanode
2023-05-12 15:34:54,768 [Listener at 127.0.0.1/15012] INFO  http.HttpServer2 (HttpServer2.java:addFilter(1015)) - Added filter static_user_filter (class=org.apache.hadoop.http.lib.StaticUserWebFilter$StaticUserFilter) to context logs
2023-05-12 15:34:54,768 [Listener at 127.0.0.1/15012] INFO  http.HttpServer2 (HttpServer2.java:addFilter(1015)) - Added filter static_user_filter (class=org.apache.hadoop.http.lib.StaticUserWebFilter$StaticUserFilter) to context static
2023-05-12 15:34:54,769 [Listener at 127.0.0.1/15012] INFO  http.BaseHttpServer (BaseHttpServer.java:<init>(190)) - HTTP server of hddsDatanode uses base directory /home/runner/work/ozone/ozone/hadoop-ozone/integration-test/target/test-dir/MiniOzoneClusterImpl-bfe86ff0-f9fb-433f-aae2-64a5a95eec81/datanode-1/meta/webserver
2023-05-12 15:34:54,769 [Listener at 127.0.0.1/15012] INFO  http.HttpServer2 (HttpServer2.java:bindListener(1250)) - Jetty bound to port 15025
2023-05-12 15:34:54,769 [Listener at 127.0.0.1/15012] INFO  server.Server (Server.java:doStart(375)) - jetty-9.4.51.v20230217; built: 2023-02-17T08:19:37.309Z; git: b45c405e4544384de066f814ed42ae3dceacdd49; jvm 1.8.0_362-b09
2023-05-12 15:34:54,771 [Listener at 127.0.0.1/15012] INFO  server.session (DefaultSessionIdManager.java:doStart(334)) - DefaultSessionIdManager workerName=node0
2023-05-12 15:34:54,771 [Listener at 127.0.0.1/15012] INFO  server.session (DefaultSessionIdManager.java:doStart(339)) - No SessionScavenger set, using defaults
2023-05-12 15:34:54,771 [Listener at 127.0.0.1/15012] INFO  server.session (HouseKeeper.java:startScavenging(132)) - node0 Scavenging every 600000ms
2023-05-12 15:34:54,772 [Listener at 127.0.0.1/15012] INFO  handler.ContextHandler (ContextHandler.java:doStart(921)) - Started o.e.j.s.ServletContextHandler@327890cd{logs,/logs,file:///home/runner/work/ozone/ozone/hadoop-ozone/integration-test/target/log,AVAILABLE}
2023-05-12 15:34:54,773 [Listener at 127.0.0.1/15012] INFO  handler.ContextHandler (ContextHandler.java:doStart(921)) - Started o.e.j.s.ServletContextHandler@7be98a17{static,/static,jar:file:/home/runner/.m2/repository/org/apache/ozone/hdds-container-service/1.4.0-SNAPSHOT/hdds-container-service-1.4.0-SNAPSHOT.jar!/webapps/static,AVAILABLE}
2023-05-12 15:34:54,811 [Datanode State Machine Task Thread - 0] INFO  datanode.InitDatanodeState (InitDatanodeState.java:persistContainerDatanodeDetails(138)) - DatanodeDetails is persisted to /home/runner/work/ozone/ozone/hadoop-ozone/integration-test/target/test-dir/MiniOzoneClusterImpl-bfe86ff0-f9fb-433f-aae2-64a5a95eec81/datanode-0/meta/datanode.id
2023-05-12 15:34:54,956 [omNode-3@group-523986131536-FollowerState] INFO  server.RaftServerConfigKeys (ConfUtils.java:logFallback(53)) - raft.server.rpc.first-election.timeout.min = 1s (fallback to raft.server.rpc.timeout.min)
2023-05-12 15:34:54,956 [omNode-3@group-523986131536-FollowerState] INFO  server.RaftServerConfigKeys (ConfUtils.java:logFallback(53)) - raft.server.rpc.first-election.timeout.max = 1200ms (fallback to raft.server.rpc.timeout.max)
2023-05-12 15:34:54,972 [Listener at 127.0.0.1/15012] INFO  handler.ContextHandler (ContextHandler.java:doStart(921)) - Started o.e.j.w.WebAppContext@316a06f{hddsDatanode,/,file:///home/runner/work/ozone/ozone/hadoop-ozone/integration-test/target/test-dir/MiniOzoneClusterImpl-bfe86ff0-f9fb-433f-aae2-64a5a95eec81/datanode-1/meta/webserver/jetty-0_0_0_0-15025-hdds-container-service-1_4_0-SNAPSHOT_jar-_-any-3729698112530692726/webapp/,AVAILABLE}{jar:file:/home/runner/.m2/repository/org/apache/ozone/hdds-container-service/1.4.0-SNAPSHOT/hdds-container-service-1.4.0-SNAPSHOT.jar!/webapps/hddsDatanode}
2023-05-12 15:34:54,973 [Listener at 127.0.0.1/15012] INFO  server.AbstractConnector (AbstractConnector.java:doStart(333)) - Started ServerConnector@306b6231{HTTP/1.1, (http/1.1)}{0.0.0.0:15025}
2023-05-12 15:34:54,974 [Listener at 127.0.0.1/15012] INFO  server.Server (Server.java:doStart(415)) - Started @11186ms
2023-05-12 15:34:54,974 [Listener at 127.0.0.1/15012] WARN  impl.MetricsSystemImpl (MetricsSystemImpl.java:register(279)) - Sink prometheus already exists!
2023-05-12 15:34:54,974 [Listener at 127.0.0.1/15012] INFO  http.BaseHttpServer (BaseHttpServer.java:updateConnectorAddress(344)) - HTTP server of hddsDatanode listening at http://0.0.0.0:15025
2023-05-12 15:34:54,975 [Datanode State Machine Daemon Thread] INFO  statemachine.DatanodeStateMachine (DatanodeStateMachine.java:lambda$startDaemon$0(524)) - Ozone container server started.
2023-05-12 15:34:54,976 [Listener at 127.0.0.1/15012] WARN  impl.MetricRegistriesImpl (MetricRegistriesImpl.java:addReporterRegistration(111)) - New reporters are added after registries were created. Some metrics will be missing from the reporter. Please add reporter before adding any new registry.
2023-05-12 15:34:54,982 [Listener at 127.0.0.1/15012] WARN  impl.MetricRegistriesImpl (MetricRegistriesImpl.java:addReporterRegistration(111)) - New reporters are added after registries were created. Some metrics will be missing from the reporter. Please add reporter before adding any new registry.
2023-05-12 15:34:54,982 [Listener at 127.0.0.1/15012] INFO  impl.MetricsSystemImpl (MetricsSystemImpl.java:init(158)) - HddsDatanode metrics system started (again)
2023-05-12 15:34:54,993 [org.apache.hadoop.util.JvmPauseMonitor$Monitor@4404bf4b] INFO  util.JvmPauseMonitor (JvmPauseMonitor.java:run(188)) - Starting JVM pause monitor
2023-05-12 15:34:54,993 [Listener at 127.0.0.1/15012] INFO  ozone.HddsDatanodeService (HddsDatanodeService.java:start(252)) - HddsDatanodeService host:fv-az1245-539.h4qniknrx0cezh5jdpmlggsuoc.cx.internal.cloudapp.net ip:10.1.0.53
2023-05-12 15:34:55,015 [Datanode State Machine Task Thread - 0] INFO  datanode.InitDatanodeState (InitDatanodeState.java:persistContainerDatanodeDetails(138)) - DatanodeDetails is persisted to /home/runner/work/ozone/ozone/hadoop-ozone/integration-test/target/test-dir/MiniOzoneClusterImpl-bfe86ff0-f9fb-433f-aae2-64a5a95eec81/datanode-1/meta/datanode.id
2023-05-12 15:34:55,022 [Listener at 127.0.0.1/15012] INFO  upgrade.AbstractLayoutVersionManager (AbstractLayoutVersionManager.java:init(83)) - Initializing Layout version manager with metadata layout = WEBUI_PORTS_IN_DATANODEDETAILS (version = 6), software layout = WEBUI_PORTS_IN_DATANODEDETAILS (version = 6)
2023-05-12 15:34:55,025 [Listener at 127.0.0.1/15012] INFO  statemachine.DatanodeStateMachine (DatanodeStateMachine.java:getEndPointTaskThreadPoolSize(267)) - Datanode State Machine Task Thread Pool size 2
2023-05-12 15:34:55,033 [Listener at 127.0.0.1/15012] INFO  volume.HddsVolume (HddsVolume.java:<init>(130)) - Creating HddsVolume: /home/runner/work/ozone/ozone/hadoop-ozone/integration-test/target/test-dir/MiniOzoneClusterImpl-bfe86ff0-f9fb-433f-aae2-64a5a95eec81/datanode-2/data-0/containers/hdds of storage type : DISK capacity : 9223372036854775807
2023-05-12 15:34:55,034 [Listener at 127.0.0.1/15012] INFO  volume.MutableVolumeSet (MutableVolumeSet.java:initializeVolumeSet(175)) - Added Volume : /home/runner/work/ozone/ozone/hadoop-ozone/integration-test/target/test-dir/MiniOzoneClusterImpl-bfe86ff0-f9fb-433f-aae2-64a5a95eec81/datanode-2/data-0/containers/hdds to VolumeSet
2023-05-12 15:34:55,034 [Listener at 127.0.0.1/15012] INFO  volume.ThrottledAsyncChecker (ThrottledAsyncChecker.java:schedule(141)) - Scheduling a check for /home/runner/work/ozone/ozone/hadoop-ozone/integration-test/target/test-dir/MiniOzoneClusterImpl-bfe86ff0-f9fb-433f-aae2-64a5a95eec81/datanode-2/data-0/containers/hdds
2023-05-12 15:34:55,034 [Listener at 127.0.0.1/15012] INFO  volume.StorageVolumeChecker (StorageVolumeChecker.java:checkAllVolumes(202)) - Scheduled health check for volume /home/runner/work/ozone/ozone/hadoop-ozone/integration-test/target/test-dir/MiniOzoneClusterImpl-bfe86ff0-f9fb-433f-aae2-64a5a95eec81/datanode-2/data-0/containers/hdds
2023-05-12 15:34:55,047 [Listener at 127.0.0.1/15012] INFO  volume.MutableVolumeSet (MutableVolumeSet.java:initializeVolumeSet(175)) - Added Volume : /home/runner/work/ozone/ozone/hadoop-ozone/integration-test/target/test-dir/MiniOzoneClusterImpl-bfe86ff0-f9fb-433f-aae2-64a5a95eec81/datanode-2/data/ratis to VolumeSet
2023-05-12 15:34:55,048 [Listener at 127.0.0.1/15012] INFO  volume.ThrottledAsyncChecker (ThrottledAsyncChecker.java:schedule(141)) - Scheduling a check for /home/runner/work/ozone/ozone/hadoop-ozone/integration-test/target/test-dir/MiniOzoneClusterImpl-bfe86ff0-f9fb-433f-aae2-64a5a95eec81/datanode-2/data/ratis
2023-05-12 15:34:55,048 [Listener at 127.0.0.1/15012] INFO  volume.StorageVolumeChecker (StorageVolumeChecker.java:checkAllVolumes(202)) - Scheduled health check for volume /home/runner/work/ozone/ozone/hadoop-ozone/integration-test/target/test-dir/MiniOzoneClusterImpl-bfe86ff0-f9fb-433f-aae2-64a5a95eec81/datanode-2/data/ratis
2023-05-12 15:34:55,059 [Thread-290] INFO  ozoneimpl.ContainerReader (ContainerReader.java:readVolume(175)) - Finish verifying containers on volume /home/runner/work/ozone/ozone/hadoop-ozone/integration-test/target/test-dir/MiniOzoneClusterImpl-bfe86ff0-f9fb-433f-aae2-64a5a95eec81/datanode-2/data-0/containers/hdds
2023-05-12 15:34:55,059 [Listener at 127.0.0.1/15012] INFO  ozoneimpl.OzoneContainer (OzoneContainer.java:buildContainerSet(303)) - Build ContainerSet costs 0s
2023-05-12 15:34:55,065 [Listener at 127.0.0.1/15012] INFO  server.RaftServer (ConfUtils.java:logGet(46)) - raft.rpc.type = GRPC (default)
2023-05-12 15:34:55,065 [Listener at 127.0.0.1/15012] INFO  grpc.GrpcConfigKeys (ConfUtils.java:logFallback(53)) - raft.grpc.admin.host = null (fallback to raft.grpc.server.host)
2023-05-12 15:34:55,066 [Listener at 127.0.0.1/15012] INFO  grpc.GrpcConfigKeys (ConfUtils.java:logGet(46)) - raft.grpc.admin.port = 15036 (custom)
2023-05-12 15:34:55,066 [Listener at 127.0.0.1/15012] INFO  grpc.GrpcConfigKeys (ConfUtils.java:logFallback(53)) - raft.grpc.client.host = null (fallback to raft.grpc.server.host)
2023-05-12 15:34:55,066 [Listener at 127.0.0.1/15012] INFO  grpc.GrpcConfigKeys (ConfUtils.java:logGet(46)) - raft.grpc.client.port = 15035 (custom)
2023-05-12 15:34:55,066 [Listener at 127.0.0.1/15012] INFO  grpc.GrpcConfigKeys (ConfUtils.java:logGet(46)) - raft.grpc.server.host = null (default)
2023-05-12 15:34:55,066 [Listener at 127.0.0.1/15012] INFO  grpc.GrpcConfigKeys (ConfUtils.java:logGet(46)) - raft.grpc.server.port = 15037 (custom)
2023-05-12 15:34:55,066 [Listener at 127.0.0.1/15012] INFO  server.GrpcService (ConfUtils.java:logGet(46)) - raft.grpc.message.size.max = 32MB (=33554432) (custom)
2023-05-12 15:34:55,066 [Listener at 127.0.0.1/15012] INFO  server.RaftServerConfigKeys (ConfUtils.java:logGet(46)) - raft.server.log.appender.buffer.byte-limit = 33554432 (custom)
2023-05-12 15:34:55,066 [Listener at 127.0.0.1/15012] INFO  server.GrpcService (ConfUtils.java:logGet(46)) - raft.grpc.flow.control.window = 5MB (=5242880) (custom)
2023-05-12 15:34:55,067 [Listener at 127.0.0.1/15012] INFO  server.RaftServerConfigKeys (ConfUtils.java:logGet(46)) - raft.server.rpc.request.timeout = 60s (custom)
2023-05-12 15:34:55,067 [Listener at 127.0.0.1/15012] INFO  grpc.GrpcConfigKeys (ConfUtils.java:logGet(46)) - raft.grpc.server.heartbeat.channel = true (default)
2023-05-12 15:34:55,067 [Listener at 127.0.0.1/15012] INFO  grpc.GrpcConfigKeys (ConfUtils.java:logGet(46)) - raft.grpc.server.async.request.thread.pool.cached = true (default)
2023-05-12 15:34:55,067 [Listener at 127.0.0.1/15012] INFO  grpc.GrpcConfigKeys (ConfUtils.java:logGet(46)) - raft.grpc.server.async.request.thread.pool.size = 32 (default)
2023-05-12 15:34:55,070 [Listener at 127.0.0.1/15012] INFO  impl.DataStreamServerImpl (ConfUtils.java:logGet(46)) - raft.datastream.type = NETTY (custom)
2023-05-12 15:34:55,070 [Listener at 127.0.0.1/15012] INFO  server.RaftServerConfigKeys (ConfUtils.java:logGet(46)) - raft.server.data-stream.async.request.thread.pool.cached = false (default)
2023-05-12 15:34:55,071 [Listener at 127.0.0.1/15012] INFO  server.RaftServerConfigKeys (ConfUtils.java:logGet(46)) - raft.server.data-stream.async.request.thread.pool.size = 20 (custom)
2023-05-12 15:34:55,071 [Listener at 127.0.0.1/15012] INFO  server.RaftServerConfigKeys (ConfUtils.java:logGet(46)) - raft.server.data-stream.async.write.thread.pool.size = 16 (default)
2023-05-12 15:34:55,071 [Listener at 127.0.0.1/15012] INFO  server.RaftServerConfigKeys (ConfUtils.java:logGet(46)) - raft.server.data-stream.client.pool.size = 10 (default)
2023-05-12 15:34:55,071 [Listener at 127.0.0.1/15012] INFO  netty.NettyConfigKeys$DataStream (ConfUtils.java:logGet(46)) - raft.netty.dataStream.server.use-epoll = false (default)
2023-05-12 15:34:55,071 [Listener at 127.0.0.1/15012] INFO  netty.NettyConfigKeys$DataStream (ConfUtils.java:logGet(46)) - raft.netty.dataStream.server.boss-group.size = 0 (default)
2023-05-12 15:34:55,072 [Listener at 127.0.0.1/15012] INFO  netty.NettyConfigKeys$DataStream (ConfUtils.java:logGet(46)) - raft.netty.dataStream.server.worker-group.size = 0 (default)
2023-05-12 15:34:55,072 [Listener at 127.0.0.1/15012] INFO  netty.NettyConfigKeys$DataStream (ConfUtils.java:logGet(46)) - raft.netty.dataStream.server.tls.conf = null (default)
2023-05-12 15:34:55,072 [Listener at 127.0.0.1/15012] INFO  netty.NettyConfigKeys$DataStream (ConfUtils.java:logGet(46)) - raft.netty.dataStream.host = null (default)
2023-05-12 15:34:55,072 [Listener at 127.0.0.1/15012] INFO  netty.NettyConfigKeys$DataStream (ConfUtils.java:logGet(46)) - raft.netty.dataStream.port = 15038 (custom)
2023-05-12 15:34:55,073 [Listener at 127.0.0.1/15012] INFO  server.RaftServerConfigKeys (ConfUtils.java:logGet(46)) - raft.server.threadpool.proxy.cached = true (default)
2023-05-12 15:34:55,073 [Listener at 127.0.0.1/15012] INFO  server.RaftServerConfigKeys (ConfUtils.java:logGet(46)) - raft.server.threadpool.proxy.size = 0 (default)
2023-05-12 15:34:55,073 [274a318d-4208-4a56-b0aa-605c6427dbd2-NettyServerStreamRpc-bossGroup--thread1] INFO  logging.LoggingHandler (AbstractInternalLogger.java:log(148)) - [id: 0x06e58d77] REGISTERED
2023-05-12 15:34:55,073 [Listener at 127.0.0.1/15012] INFO  server.RaftServerConfigKeys (ConfUtils.java:logGet(46)) - raft.server.rpc.slowness.timeout = 300s (custom)
2023-05-12 15:34:55,074 [274a318d-4208-4a56-b0aa-605c6427dbd2-NettyServerStreamRpc-bossGroup--thread1] INFO  logging.LoggingHandler (AbstractInternalLogger.java:log(148)) - [id: 0x06e58d77] BIND: 0.0.0.0/0.0.0.0:15038
2023-05-12 15:34:55,074 [Listener at 127.0.0.1/15012] INFO  server.RaftServerConfigKeys (ConfUtils.java:logGet(46)) - raft.server.leaderelection.leader.step-down.wait-time = 10s (default)
2023-05-12 15:34:55,074 [274a318d-4208-4a56-b0aa-605c6427dbd2-NettyServerStreamRpc-bossGroup--thread1] INFO  logging.LoggingHandler (AbstractInternalLogger.java:log(148)) - [id: 0x06e58d77, L:/0:0:0:0:0:0:0:0:15038] ACTIVE
2023-05-12 15:34:55,074 [Listener at 127.0.0.1/15012] INFO  server.RaftServerConfigKeys (ConfUtils.java:logGet(46)) - raft.server.storage.dir = [/home/runner/work/ozone/ozone/hadoop-ozone/integration-test/target/test-dir/MiniOzoneClusterImpl-bfe86ff0-f9fb-433f-aae2-64a5a95eec81/datanode-2/data/ratis] (custom)
2023-05-12 15:34:55,076 [Listener at 127.0.0.1/15012] INFO  server.XceiverServerGrpc (XceiverServerGrpc.java:<init>(132)) - GrpcServer channel type EpollServerSocketChannel
2023-05-12 15:34:55,085 [Listener at 127.0.0.1/15012] INFO  replication.ReplicationSupervisor (ReplicationSupervisor.java:nodeStateUpdated(296)) - Node state updated to IN_SERVICE, scaling executor pool size to 10
2023-05-12 15:34:55,091 [Listener at 127.0.0.1/15012] INFO  http.BaseHttpServer (BaseHttpServer.java:newHttpServer2BuilderForOzone(224)) - Starting Web-server for hddsDatanode at: http://0.0.0.0:15033
2023-05-12 15:34:55,091 [Listener at 127.0.0.1/15012] INFO  http.BaseHttpServer (BaseHttpServer.java:<init>(111)) - Hadoop Security Enabled: false Ozone Security Enabled: false Ozone HTTP Security Enabled: false 
2023-05-12 15:34:55,093 [Listener at 127.0.0.1/15012] WARN  server.AuthenticationFilter (AuthenticationFilter.java:constructSecretProvider(240)) - Unable to initialize FileSignerSecretProvider, falling back to use random secrets. Reason: Could not read signature secret file: /home/runner/hadoop-http-auth-signature-secret
2023-05-12 15:34:55,094 [Listener at 127.0.0.1/15012] INFO  http.HttpRequestLog (HttpRequestLog.java:getRequestLog(86)) - Http request log for http.requests.hddsDatanode is not defined
2023-05-12 15:34:55,095 [Listener at 127.0.0.1/15012] INFO  http.HttpServer2 (HttpServer2.java:addGlobalFilter(1031)) - Added global filter 'safety' (class=org.apache.hadoop.hdds.server.http.HttpServer2$QuotingInputFilter)
2023-05-12 15:34:55,096 [Listener at 127.0.0.1/15012] INFO  http.HttpServer2 (HttpServer2.java:addFilter(1007)) - Added filter static_user_filter (class=org.apache.hadoop.http.lib.StaticUserWebFilter$StaticUserFilter) to context hddsDatanode
2023-05-12 15:34:55,096 [Listener at 127.0.0.1/15012] INFO  http.HttpServer2 (HttpServer2.java:addFilter(1015)) - Added filter static_user_filter (class=org.apache.hadoop.http.lib.StaticUserWebFilter$StaticUserFilter) to context static
2023-05-12 15:34:55,096 [Listener at 127.0.0.1/15012] INFO  http.HttpServer2 (HttpServer2.java:addFilter(1015)) - Added filter static_user_filter (class=org.apache.hadoop.http.lib.StaticUserWebFilter$StaticUserFilter) to context logs
2023-05-12 15:34:55,097 [Listener at 127.0.0.1/15012] INFO  http.BaseHttpServer (BaseHttpServer.java:<init>(190)) - HTTP server of hddsDatanode uses base directory /home/runner/work/ozone/ozone/hadoop-ozone/integration-test/target/test-dir/MiniOzoneClusterImpl-bfe86ff0-f9fb-433f-aae2-64a5a95eec81/datanode-2/meta/webserver
2023-05-12 15:34:55,097 [Listener at 127.0.0.1/15012] INFO  http.HttpServer2 (HttpServer2.java:bindListener(1250)) - Jetty bound to port 15033
2023-05-12 15:34:55,097 [Listener at 127.0.0.1/15012] INFO  server.Server (Server.java:doStart(375)) - jetty-9.4.51.v20230217; built: 2023-02-17T08:19:37.309Z; git: b45c405e4544384de066f814ed42ae3dceacdd49; jvm 1.8.0_362-b09
2023-05-12 15:34:55,098 [Listener at 127.0.0.1/15012] INFO  server.session (DefaultSessionIdManager.java:doStart(334)) - DefaultSessionIdManager workerName=node0
2023-05-12 15:34:55,098 [Listener at 127.0.0.1/15012] INFO  server.session (DefaultSessionIdManager.java:doStart(339)) - No SessionScavenger set, using defaults
2023-05-12 15:34:55,098 [Listener at 127.0.0.1/15012] INFO  server.session (HouseKeeper.java:startScavenging(132)) - node0 Scavenging every 660000ms
2023-05-12 15:34:55,100 [Listener at 127.0.0.1/15012] INFO  handler.ContextHandler (ContextHandler.java:doStart(921)) - Started o.e.j.s.ServletContextHandler@6c4aafe4{logs,/logs,file:///home/runner/work/ozone/ozone/hadoop-ozone/integration-test/target/log,AVAILABLE}
2023-05-12 15:34:55,100 [Listener at 127.0.0.1/15012] INFO  handler.ContextHandler (ContextHandler.java:doStart(921)) - Started o.e.j.s.ServletContextHandler@376cb3de{static,/static,jar:file:/home/runner/.m2/repository/org/apache/ozone/hdds-container-service/1.4.0-SNAPSHOT/hdds-container-service-1.4.0-SNAPSHOT.jar!/webapps/static,AVAILABLE}
2023-05-12 15:34:55,353 [Listener at 127.0.0.1/15012] INFO  handler.ContextHandler (ContextHandler.java:doStart(921)) - Started o.e.j.w.WebAppContext@64250411{hddsDatanode,/,file:///home/runner/work/ozone/ozone/hadoop-ozone/integration-test/target/test-dir/MiniOzoneClusterImpl-bfe86ff0-f9fb-433f-aae2-64a5a95eec81/datanode-2/meta/webserver/jetty-0_0_0_0-15033-hdds-container-service-1_4_0-SNAPSHOT_jar-_-any-6735430976267225177/webapp/,AVAILABLE}{jar:file:/home/runner/.m2/repository/org/apache/ozone/hdds-container-service/1.4.0-SNAPSHOT/hdds-container-service-1.4.0-SNAPSHOT.jar!/webapps/hddsDatanode}
2023-05-12 15:34:55,355 [Listener at 127.0.0.1/15012] INFO  server.AbstractConnector (AbstractConnector.java:doStart(333)) - Started ServerConnector@6d74cd1d{HTTP/1.1, (http/1.1)}{0.0.0.0:15033}
2023-05-12 15:34:55,355 [Listener at 127.0.0.1/15012] INFO  server.Server (Server.java:doStart(415)) - Started @11568ms
2023-05-12 15:34:55,355 [Listener at 127.0.0.1/15012] WARN  impl.MetricsSystemImpl (MetricsSystemImpl.java:register(279)) - Sink prometheus already exists!
2023-05-12 15:34:55,356 [Listener at 127.0.0.1/15012] INFO  http.BaseHttpServer (BaseHttpServer.java:updateConnectorAddress(344)) - HTTP server of hddsDatanode listening at http://0.0.0.0:15033
2023-05-12 15:34:55,356 [Datanode State Machine Daemon Thread] INFO  statemachine.DatanodeStateMachine (DatanodeStateMachine.java:lambda$startDaemon$0(524)) - Ozone container server started.
2023-05-12 15:34:55,363 [Listener at 127.0.0.1/15012] INFO  ozone.MiniOzoneClusterImpl (MiniOzoneClusterImpl.java:lambda$waitForClusterToBeReady$0(222)) - Waiting for nodes to be ready. Got 0 of 3 DN Heartbeats.
2023-05-12 15:34:55,363 [Listener at 127.0.0.1/15012] INFO  ozone.MiniOzoneClusterImpl (MiniOzoneClusterImpl.java:lambda$waitForClusterToBeReady$0(225)) - Waiting for cluster to exit safe mode
2023-05-12 15:34:55,363 [Listener at 127.0.0.1/15012] INFO  ozone.MiniOzoneClusterImpl (MiniOzoneClusterImpl.java:lambda$waitForClusterToBeReady$0(227)) - SCM became leader
2023-05-12 15:34:55,364 [org.apache.hadoop.util.JvmPauseMonitor$Monitor@5bad615] INFO  util.JvmPauseMonitor (JvmPauseMonitor.java:run(188)) - Starting JVM pause monitor
2023-05-12 15:34:55,366 [Datanode State Machine Task Thread - 0] INFO  datanode.InitDatanodeState (InitDatanodeState.java:persistContainerDatanodeDetails(138)) - DatanodeDetails is persisted to /home/runner/work/ozone/ozone/hadoop-ozone/integration-test/target/test-dir/MiniOzoneClusterImpl-bfe86ff0-f9fb-433f-aae2-64a5a95eec81/datanode-2/meta/datanode.id
2023-05-12 15:34:56,023 [omNode-3@group-523986131536-FollowerState] INFO  server.RaftServerConfigKeys (ConfUtils.java:logFallback(53)) - raft.server.rpc.first-election.timeout.min = 1s (fallback to raft.server.rpc.timeout.min)
2023-05-12 15:34:56,023 [omNode-3@group-523986131536-FollowerState] INFO  server.RaftServerConfigKeys (ConfUtils.java:logFallback(53)) - raft.server.rpc.first-election.timeout.max = 1200ms (fallback to raft.server.rpc.timeout.max)
2023-05-12 15:34:56,364 [Listener at 127.0.0.1/15012] INFO  ozone.MiniOzoneClusterImpl (MiniOzoneClusterImpl.java:lambda$waitForClusterToBeReady$0(222)) - Waiting for nodes to be ready. Got 0 of 3 DN Heartbeats.
2023-05-12 15:34:56,364 [Listener at 127.0.0.1/15012] INFO  ozone.MiniOzoneClusterImpl (MiniOzoneClusterImpl.java:lambda$waitForClusterToBeReady$0(225)) - Waiting for cluster to exit safe mode
2023-05-12 15:34:56,364 [Listener at 127.0.0.1/15012] INFO  ozone.MiniOzoneClusterImpl (MiniOzoneClusterImpl.java:lambda$waitForClusterToBeReady$0(227)) - SCM became leader
2023-05-12 15:34:56,752 [EndpointStateMachine task thread for /0.0.0.0:15002 - 0 ] INFO  utils.DatanodeStoreCache (DatanodeStoreCache.java:addDB(66)) - Added db /home/runner/work/ozone/ozone/hadoop-ozone/integration-test/target/test-dir/MiniOzoneClusterImpl-bfe86ff0-f9fb-433f-aae2-64a5a95eec81/datanode-0/data-0/containers/hdds/bfe86ff0-f9fb-433f-aae2-64a5a95eec81/DS-7c7e5156-f106-45bd-b081-15a571e8322b/container.db to cache
2023-05-12 15:34:56,752 [EndpointStateMachine task thread for /0.0.0.0:15002 - 0 ] INFO  volume.HddsVolume (HddsVolume.java:createDbStore(350)) - SchemaV3 db is created and loaded at /home/runner/work/ozone/ozone/hadoop-ozone/integration-test/target/test-dir/MiniOzoneClusterImpl-bfe86ff0-f9fb-433f-aae2-64a5a95eec81/datanode-0/data-0/containers/hdds/bfe86ff0-f9fb-433f-aae2-64a5a95eec81/DS-7c7e5156-f106-45bd-b081-15a571e8322b/container.db for volume DS-7c7e5156-f106-45bd-b081-15a571e8322b
2023-05-12 15:34:56,756 [EndpointStateMachine task thread for /0.0.0.0:15002 - 0 ] INFO  ozoneimpl.OzoneContainer (OzoneContainer.java:start(397)) - Attempting to start container services.
2023-05-12 15:34:56,760 [EndpointStateMachine task thread for /0.0.0.0:15002 - 0 ] INFO  ozoneimpl.OzoneContainer (OzoneContainer.java:startContainerScrub(314)) - Scheduled background container scanners and the on-demand container scanner have been disabled.
2023-05-12 15:34:56,762 [EndpointStateMachine task thread for /0.0.0.0:15002 - 0 ] INFO  replication.ReplicationServer (ReplicationServer.java:start(110)) - ReplicationServer is started using port 15023
2023-05-12 15:34:56,762 [EndpointStateMachine task thread for /0.0.0.0:15002 - 0 ] INFO  ratis.XceiverServerRatis (XceiverServerRatis.java:start(517)) - Starting XceiverServerRatis cc26ca6c-2cda-43c4-8225-385dd9036c3c
2023-05-12 15:34:56,763 [EndpointStateMachine task thread for /0.0.0.0:15002 - 0 ] INFO  server.RaftServer (RaftServerProxy.java:startImpl(400)) - cc26ca6c-2cda-43c4-8225-385dd9036c3c: start RPC server
2023-05-12 15:34:56,776 [EndpointStateMachine task thread for /0.0.0.0:15002 - 0 ] INFO  server.GrpcService (GrpcService.java:startImpl(302)) - cc26ca6c-2cda-43c4-8225-385dd9036c3c: GrpcService started, listening on 15019
2023-05-12 15:34:56,778 [EndpointStateMachine task thread for /0.0.0.0:15002 - 0 ] INFO  server.GrpcService (GrpcService.java:startImpl(302)) - cc26ca6c-2cda-43c4-8225-385dd9036c3c: GrpcService started, listening on 15021
2023-05-12 15:34:56,780 [EndpointStateMachine task thread for /0.0.0.0:15002 - 0 ] INFO  server.GrpcService (GrpcService.java:startImpl(302)) - cc26ca6c-2cda-43c4-8225-385dd9036c3c: GrpcService started, listening on 15020
2023-05-12 15:34:56,780 [EndpointStateMachine task thread for /0.0.0.0:15002 - 0 ] INFO  ratis.XceiverServerRatis (XceiverServerRatis.java:getRealPort(543)) - XceiverServerRatis cc26ca6c-2cda-43c4-8225-385dd9036c3c is started using port 15019 for RATIS
2023-05-12 15:34:56,780 [EndpointStateMachine task thread for /0.0.0.0:15002 - 0 ] INFO  ratis.XceiverServerRatis (XceiverServerRatis.java:getRealPort(543)) - XceiverServerRatis cc26ca6c-2cda-43c4-8225-385dd9036c3c is started using port 15020 for RATIS_ADMIN
2023-05-12 15:34:56,780 [EndpointStateMachine task thread for /0.0.0.0:15002 - 0 ] INFO  ratis.XceiverServerRatis (XceiverServerRatis.java:getRealPort(543)) - XceiverServerRatis cc26ca6c-2cda-43c4-8225-385dd9036c3c is started using port 15021 for RATIS_SERVER
2023-05-12 15:34:56,780 [EndpointStateMachine task thread for /0.0.0.0:15002 - 0 ] INFO  ratis.XceiverServerRatis (XceiverServerRatis.java:getRealPort(543)) - XceiverServerRatis cc26ca6c-2cda-43c4-8225-385dd9036c3c is started using port 15022 for RATIS_DATASTREAM
2023-05-12 15:34:56,781 [JvmPauseMonitor3] INFO  util.JvmPauseMonitor (JvmPauseMonitor.java:run(103)) - JvmPauseMonitor-cc26ca6c-2cda-43c4-8225-385dd9036c3c: Started
2023-05-12 15:34:56,800 [BlockDeletingService#0] INFO  interfaces.ContainerDeletionChoosingPolicyTemplate (ContainerDeletionChoosingPolicyTemplate.java:chooseContainerForBlockDeletion(83)) - Chosen 0/5000 blocks from 0 candidate containers.
2023-05-12 15:34:57,033 [EndpointStateMachine task thread for /0.0.0.0:15002 - 0 ] INFO  utils.DatanodeStoreCache (DatanodeStoreCache.java:addDB(66)) - Added db /home/runner/work/ozone/ozone/hadoop-ozone/integration-test/target/test-dir/MiniOzoneClusterImpl-bfe86ff0-f9fb-433f-aae2-64a5a95eec81/datanode-1/data-0/containers/hdds/bfe86ff0-f9fb-433f-aae2-64a5a95eec81/DS-14c75b1e-21f5-4d60-9d0e-66ac8818e2ea/container.db to cache
2023-05-12 15:34:57,033 [EndpointStateMachine task thread for /0.0.0.0:15002 - 0 ] INFO  volume.HddsVolume (HddsVolume.java:createDbStore(350)) - SchemaV3 db is created and loaded at /home/runner/work/ozone/ozone/hadoop-ozone/integration-test/target/test-dir/MiniOzoneClusterImpl-bfe86ff0-f9fb-433f-aae2-64a5a95eec81/datanode-1/data-0/containers/hdds/bfe86ff0-f9fb-433f-aae2-64a5a95eec81/DS-14c75b1e-21f5-4d60-9d0e-66ac8818e2ea/container.db for volume DS-14c75b1e-21f5-4d60-9d0e-66ac8818e2ea
2023-05-12 15:34:57,034 [EndpointStateMachine task thread for /0.0.0.0:15002 - 0 ] INFO  ozoneimpl.OzoneContainer (OzoneContainer.java:start(397)) - Attempting to start container services.
2023-05-12 15:34:57,035 [EndpointStateMachine task thread for /0.0.0.0:15002 - 0 ] INFO  ozoneimpl.OzoneContainer (OzoneContainer.java:startContainerScrub(314)) - Scheduled background container scanners and the on-demand container scanner have been disabled.
2023-05-12 15:34:57,037 [EndpointStateMachine task thread for /0.0.0.0:15002 - 0 ] INFO  replication.ReplicationServer (ReplicationServer.java:start(110)) - ReplicationServer is started using port 15031
2023-05-12 15:34:57,037 [EndpointStateMachine task thread for /0.0.0.0:15002 - 0 ] INFO  ratis.XceiverServerRatis (XceiverServerRatis.java:start(517)) - Starting XceiverServerRatis 7fbba869-ae5e-435c-b5a2-8ae18052e5d1
2023-05-12 15:34:57,042 [EndpointStateMachine task thread for /0.0.0.0:15002 - 0 ] INFO  server.RaftServer (RaftServerProxy.java:startImpl(400)) - 7fbba869-ae5e-435c-b5a2-8ae18052e5d1: start RPC server
2023-05-12 15:34:57,045 [EndpointStateMachine task thread for /0.0.0.0:15002 - 0 ] INFO  server.GrpcService (GrpcService.java:startImpl(302)) - 7fbba869-ae5e-435c-b5a2-8ae18052e5d1: GrpcService started, listening on 15027
2023-05-12 15:34:57,047 [EndpointStateMachine task thread for /0.0.0.0:15002 - 0 ] INFO  server.GrpcService (GrpcService.java:startImpl(302)) - 7fbba869-ae5e-435c-b5a2-8ae18052e5d1: GrpcService started, listening on 15029
2023-05-12 15:34:57,048 [EndpointStateMachine task thread for /0.0.0.0:15002 - 0 ] INFO  server.GrpcService (GrpcService.java:startImpl(302)) - 7fbba869-ae5e-435c-b5a2-8ae18052e5d1: GrpcService started, listening on 15028
2023-05-12 15:34:57,049 [EndpointStateMachine task thread for /0.0.0.0:15002 - 0 ] INFO  ratis.XceiverServerRatis (XceiverServerRatis.java:getRealPort(543)) - XceiverServerRatis 7fbba869-ae5e-435c-b5a2-8ae18052e5d1 is started using port 15027 for RATIS
2023-05-12 15:34:57,049 [EndpointStateMachine task thread for /0.0.0.0:15002 - 0 ] INFO  ratis.XceiverServerRatis (XceiverServerRatis.java:getRealPort(543)) - XceiverServerRatis 7fbba869-ae5e-435c-b5a2-8ae18052e5d1 is started using port 15028 for RATIS_ADMIN
2023-05-12 15:34:57,049 [EndpointStateMachine task thread for /0.0.0.0:15002 - 0 ] INFO  ratis.XceiverServerRatis (XceiverServerRatis.java:getRealPort(543)) - XceiverServerRatis 7fbba869-ae5e-435c-b5a2-8ae18052e5d1 is started using port 15029 for RATIS_SERVER
2023-05-12 15:34:57,049 [EndpointStateMachine task thread for /0.0.0.0:15002 - 0 ] INFO  ratis.XceiverServerRatis (XceiverServerRatis.java:getRealPort(543)) - XceiverServerRatis 7fbba869-ae5e-435c-b5a2-8ae18052e5d1 is started using port 15030 for RATIS_DATASTREAM
2023-05-12 15:34:57,049 [JvmPauseMonitor4] INFO  util.JvmPauseMonitor (JvmPauseMonitor.java:run(103)) - JvmPauseMonitor-7fbba869-ae5e-435c-b5a2-8ae18052e5d1: Started
2023-05-12 15:34:57,057 [BlockDeletingService#0] INFO  interfaces.ContainerDeletionChoosingPolicyTemplate (ContainerDeletionChoosingPolicyTemplate.java:chooseContainerForBlockDeletion(83)) - Chosen 0/5000 blocks from 0 candidate containers.
2023-05-12 15:34:57,208 [omNode-3@group-523986131536-FollowerState] INFO  server.RaftServerConfigKeys (ConfUtils.java:logFallback(53)) - raft.server.rpc.first-election.timeout.min = 1s (fallback to raft.server.rpc.timeout.min)
2023-05-12 15:34:57,208 [omNode-3@group-523986131536-FollowerState] INFO  server.RaftServerConfigKeys (ConfUtils.java:logFallback(53)) - raft.server.rpc.first-election.timeout.max = 1200ms (fallback to raft.server.rpc.timeout.max)
2023-05-12 15:34:57,364 [Listener at 127.0.0.1/15012] INFO  ozone.MiniOzoneClusterImpl (MiniOzoneClusterImpl.java:lambda$waitForClusterToBeReady$0(222)) - Waiting for nodes to be ready. Got 0 of 3 DN Heartbeats.
2023-05-12 15:34:57,364 [Listener at 127.0.0.1/15012] INFO  ozone.MiniOzoneClusterImpl (MiniOzoneClusterImpl.java:lambda$waitForClusterToBeReady$0(225)) - Waiting for cluster to exit safe mode
2023-05-12 15:34:57,365 [Listener at 127.0.0.1/15012] INFO  ozone.MiniOzoneClusterImpl (MiniOzoneClusterImpl.java:lambda$waitForClusterToBeReady$0(227)) - SCM became leader
2023-05-12 15:34:57,400 [EndpointStateMachine task thread for /0.0.0.0:15002 - 0 ] INFO  utils.DatanodeStoreCache (DatanodeStoreCache.java:addDB(66)) - Added db /home/runner/work/ozone/ozone/hadoop-ozone/integration-test/target/test-dir/MiniOzoneClusterImpl-bfe86ff0-f9fb-433f-aae2-64a5a95eec81/datanode-2/data-0/containers/hdds/bfe86ff0-f9fb-433f-aae2-64a5a95eec81/DS-abf32124-3f36-45ab-9878-3327e77ce77b/container.db to cache
2023-05-12 15:34:57,400 [EndpointStateMachine task thread for /0.0.0.0:15002 - 0 ] INFO  volume.HddsVolume (HddsVolume.java:createDbStore(350)) - SchemaV3 db is created and loaded at /home/runner/work/ozone/ozone/hadoop-ozone/integration-test/target/test-dir/MiniOzoneClusterImpl-bfe86ff0-f9fb-433f-aae2-64a5a95eec81/datanode-2/data-0/containers/hdds/bfe86ff0-f9fb-433f-aae2-64a5a95eec81/DS-abf32124-3f36-45ab-9878-3327e77ce77b/container.db for volume DS-abf32124-3f36-45ab-9878-3327e77ce77b
2023-05-12 15:34:57,400 [EndpointStateMachine task thread for /0.0.0.0:15002 - 0 ] INFO  ozoneimpl.OzoneContainer (OzoneContainer.java:start(397)) - Attempting to start container services.
2023-05-12 15:34:57,401 [EndpointStateMachine task thread for /0.0.0.0:15002 - 0 ] INFO  ozoneimpl.OzoneContainer (OzoneContainer.java:startContainerScrub(314)) - Scheduled background container scanners and the on-demand container scanner have been disabled.
2023-05-12 15:34:57,403 [EndpointStateMachine task thread for /0.0.0.0:15002 - 0 ] INFO  replication.ReplicationServer (ReplicationServer.java:start(110)) - ReplicationServer is started using port 15039
2023-05-12 15:34:57,403 [EndpointStateMachine task thread for /0.0.0.0:15002 - 0 ] INFO  ratis.XceiverServerRatis (XceiverServerRatis.java:start(517)) - Starting XceiverServerRatis 274a318d-4208-4a56-b0aa-605c6427dbd2
2023-05-12 15:34:57,403 [EndpointStateMachine task thread for /0.0.0.0:15002 - 0 ] INFO  server.RaftServer (RaftServerProxy.java:startImpl(400)) - 274a318d-4208-4a56-b0aa-605c6427dbd2: start RPC server
2023-05-12 15:34:57,405 [EndpointStateMachine task thread for /0.0.0.0:15002 - 0 ] INFO  server.GrpcService (GrpcService.java:startImpl(302)) - 274a318d-4208-4a56-b0aa-605c6427dbd2: GrpcService started, listening on 15035
2023-05-12 15:34:57,408 [EndpointStateMachine task thread for /0.0.0.0:15002 - 0 ] INFO  server.GrpcService (GrpcService.java:startImpl(302)) - 274a318d-4208-4a56-b0aa-605c6427dbd2: GrpcService started, listening on 15037
2023-05-12 15:34:57,409 [EndpointStateMachine task thread for /0.0.0.0:15002 - 0 ] INFO  server.GrpcService (GrpcService.java:startImpl(302)) - 274a318d-4208-4a56-b0aa-605c6427dbd2: GrpcService started, listening on 15036
2023-05-12 15:34:57,410 [EndpointStateMachine task thread for /0.0.0.0:15002 - 0 ] INFO  ratis.XceiverServerRatis (XceiverServerRatis.java:getRealPort(543)) - XceiverServerRatis 274a318d-4208-4a56-b0aa-605c6427dbd2 is started using port 15035 for RATIS
2023-05-12 15:34:57,410 [EndpointStateMachine task thread for /0.0.0.0:15002 - 0 ] INFO  ratis.XceiverServerRatis (XceiverServerRatis.java:getRealPort(543)) - XceiverServerRatis 274a318d-4208-4a56-b0aa-605c6427dbd2 is started using port 15036 for RATIS_ADMIN
2023-05-12 15:34:57,410 [JvmPauseMonitor5] INFO  util.JvmPauseMonitor (JvmPauseMonitor.java:run(103)) - JvmPauseMonitor-274a318d-4208-4a56-b0aa-605c6427dbd2: Started
2023-05-12 15:34:57,411 [EndpointStateMachine task thread for /0.0.0.0:15002 - 0 ] INFO  ratis.XceiverServerRatis (XceiverServerRatis.java:getRealPort(543)) - XceiverServerRatis 274a318d-4208-4a56-b0aa-605c6427dbd2 is started using port 15037 for RATIS_SERVER
2023-05-12 15:34:57,412 [EndpointStateMachine task thread for /0.0.0.0:15002 - 0 ] INFO  ratis.XceiverServerRatis (XceiverServerRatis.java:getRealPort(543)) - XceiverServerRatis 274a318d-4208-4a56-b0aa-605c6427dbd2 is started using port 15038 for RATIS_DATASTREAM
2023-05-12 15:34:57,416 [BlockDeletingService#0] INFO  interfaces.ContainerDeletionChoosingPolicyTemplate (ContainerDeletionChoosingPolicyTemplate.java:chooseContainerForBlockDeletion(83)) - Chosen 0/5000 blocks from 0 candidate containers.
2023-05-12 15:34:58,325 [omNode-3@group-523986131536-FollowerState] INFO  server.RaftServerConfigKeys (ConfUtils.java:logFallback(53)) - raft.server.rpc.first-election.timeout.min = 1s (fallback to raft.server.rpc.timeout.min)
2023-05-12 15:34:58,326 [omNode-3@group-523986131536-FollowerState] INFO  server.RaftServerConfigKeys (ConfUtils.java:logFallback(53)) - raft.server.rpc.first-election.timeout.max = 1200ms (fallback to raft.server.rpc.timeout.max)
2023-05-12 15:34:58,365 [Listener at 127.0.0.1/15012] INFO  ozone.MiniOzoneClusterImpl (MiniOzoneClusterImpl.java:lambda$waitForClusterToBeReady$0(222)) - Waiting for nodes to be ready. Got 0 of 3 DN Heartbeats.
2023-05-12 15:34:58,365 [Listener at 127.0.0.1/15012] INFO  ozone.MiniOzoneClusterImpl (MiniOzoneClusterImpl.java:lambda$waitForClusterToBeReady$0(225)) - Waiting for cluster to exit safe mode
2023-05-12 15:34:58,365 [Listener at 127.0.0.1/15012] INFO  ozone.MiniOzoneClusterImpl (MiniOzoneClusterImpl.java:lambda$waitForClusterToBeReady$0(227)) - SCM became leader
2023-05-12 15:34:58,668 [IPC Server handler 15 on default port 15002] INFO  net.NetworkTopologyImpl (NetworkTopologyImpl.java:add(112)) - Added a new node: /default-rack/cc26ca6c-2cda-43c4-8225-385dd9036c3c
2023-05-12 15:34:58,670 [IPC Server handler 15 on default port 15002] INFO  node.SCMNodeManager (SCMNodeManager.java:register(407)) - Registered Data node : cc26ca6c-2cda-43c4-8225-385dd9036c3c{ip: 10.1.0.53, host: fv-az1245-539.h4qniknrx0cezh5jdpmlggsuoc.cx.internal.cloudapp.net, ports: [HTTP=15017, REPLICATION=15023, RATIS=15019, RATIS_ADMIN=15020, RATIS_SERVER=15021, RATIS_DATASTREAM=15022, STANDALONE=15018], networkLocation: /default-rack, certSerialId: null, persistedOpState: null, persistedOpStateExpiryEpochSec: 0}
2023-05-12 15:34:58,675 [EventQueue-NewNodeForNewNodeHandler] INFO  pipeline.BackgroundPipelineCreator (BackgroundPipelineCreator.java:notifyEventTriggered(276)) - trigger a one-shot run on RatisPipelineUtilsThread.
2023-05-12 15:34:58,681 [EventQueue-NodeRegistrationContainerReportForContainerSafeModeRule] INFO  safemode.SCMSafeModeManager (SCMSafeModeManager.java:validateSafeModeExitRules(200)) - ContainerSafeModeRule rule is successfully validated
2023-05-12 15:34:58,685 [EventQueue-NodeRegistrationContainerReportForDataNodeSafeModeRule] INFO  safemode.SCMSafeModeManager (DataNodeSafeModeRule.java:process(71)) - SCM in safe mode. 1 DataNodes registered, 3 required.
2023-05-12 15:34:58,683 [RatisPipelineUtilsThread - 0] INFO  pipeline.RatisPipelineProvider (RatisPipelineProvider.java:lambda$create$0(206)) - Sending CreatePipelineCommand for pipeline:PipelineID=30b95b97-1f1f-4ec4-8709-c794fa21799b to datanode:cc26ca6c-2cda-43c4-8225-385dd9036c3c
2023-05-12 15:34:58,703 [EventQueue-PipelineReportForOneReplicaPipelineSafeModeRule] INFO  safemode.SCMSafeModeManager (SCMSafeModeManager.java:validateSafeModeExitRules(200)) - AtleastOneDatanodeReportedRule rule is successfully validated
2023-05-12 15:34:58,711 [RatisPipelineUtilsThread - 0] INFO  pipeline.PipelineStateManagerImpl (PipelineStateManagerImpl.java:addPipeline(103)) - Created pipeline Pipeline[ Id: 30b95b97-1f1f-4ec4-8709-c794fa21799b, Nodes: cc26ca6c-2cda-43c4-8225-385dd9036c3c(fv-az1245-539.h4qniknrx0cezh5jdpmlggsuoc.cx.internal.cloudapp.net/10.1.0.53), ReplicationConfig: RATIS/ONE, State:ALLOCATED, leaderId:, CreationTimestamp2023-05-12T15:34:58.681Z[Etc/UTC]].
2023-05-12 15:34:58,996 [IPC Server handler 13 on default port 15002] INFO  net.NetworkTopologyImpl (NetworkTopologyImpl.java:add(112)) - Added a new node: /default-rack/7fbba869-ae5e-435c-b5a2-8ae18052e5d1
2023-05-12 15:34:58,997 [IPC Server handler 13 on default port 15002] INFO  node.SCMNodeManager (SCMNodeManager.java:register(407)) - Registered Data node : 7fbba869-ae5e-435c-b5a2-8ae18052e5d1{ip: 10.1.0.53, host: fv-az1245-539.h4qniknrx0cezh5jdpmlggsuoc.cx.internal.cloudapp.net, ports: [HTTP=15025, REPLICATION=15031, RATIS=15027, RATIS_ADMIN=15028, RATIS_SERVER=15029, RATIS_DATASTREAM=15030, STANDALONE=15026], networkLocation: /default-rack, certSerialId: null, persistedOpState: null, persistedOpStateExpiryEpochSec: 0}
2023-05-12 15:34:58,997 [EventQueue-NewNodeForNewNodeHandler] INFO  pipeline.BackgroundPipelineCreator (BackgroundPipelineCreator.java:notifyEventTriggered(276)) - trigger a one-shot run on RatisPipelineUtilsThread.
2023-05-12 15:34:58,997 [EventQueue-NodeRegistrationContainerReportForDataNodeSafeModeRule] INFO  safemode.SCMSafeModeManager (DataNodeSafeModeRule.java:process(71)) - SCM in safe mode. 2 DataNodes registered, 3 required.
2023-05-12 15:34:59,002 [RatisPipelineUtilsThread - 0] INFO  pipeline.RatisPipelineProvider (RatisPipelineProvider.java:lambda$create$0(206)) - Sending CreatePipelineCommand for pipeline:PipelineID=54bfa6a6-f479-47b6-b35a-f16c884c0979 to datanode:7fbba869-ae5e-435c-b5a2-8ae18052e5d1
2023-05-12 15:34:59,003 [RatisPipelineUtilsThread - 0] INFO  pipeline.PipelineStateManagerImpl (PipelineStateManagerImpl.java:addPipeline(103)) - Created pipeline Pipeline[ Id: 54bfa6a6-f479-47b6-b35a-f16c884c0979, Nodes: 7fbba869-ae5e-435c-b5a2-8ae18052e5d1(fv-az1245-539.h4qniknrx0cezh5jdpmlggsuoc.cx.internal.cloudapp.net/10.1.0.53), ReplicationConfig: RATIS/ONE, State:ALLOCATED, leaderId:, CreationTimestamp2023-05-12T15:34:59.002Z[Etc/UTC]].
2023-05-12 15:34:59,357 [omNode-3@group-523986131536-FollowerState] INFO  server.RaftServerConfigKeys (ConfUtils.java:logFallback(53)) - raft.server.rpc.first-election.timeout.min = 1s (fallback to raft.server.rpc.timeout.min)
2023-05-12 15:34:59,357 [omNode-3@group-523986131536-FollowerState] INFO  server.RaftServerConfigKeys (ConfUtils.java:logFallback(53)) - raft.server.rpc.first-election.timeout.max = 1200ms (fallback to raft.server.rpc.timeout.max)
2023-05-12 15:34:59,365 [Listener at 127.0.0.1/15012] INFO  ozone.MiniOzoneClusterImpl (MiniOzoneClusterImpl.java:lambda$waitForClusterToBeReady$0(222)) - Waiting for nodes to be ready. Got 2 of 3 DN Heartbeats.
2023-05-12 15:34:59,366 [Listener at 127.0.0.1/15012] INFO  ozone.MiniOzoneClusterImpl (MiniOzoneClusterImpl.java:lambda$waitForClusterToBeReady$0(225)) - Waiting for cluster to exit safe mode
2023-05-12 15:34:59,366 [Listener at 127.0.0.1/15012] INFO  ozone.MiniOzoneClusterImpl (MiniOzoneClusterImpl.java:lambda$waitForClusterToBeReady$0(227)) - SCM became leader
2023-05-12 15:34:59,366 [IPC Server handler 19 on default port 15002] INFO  net.NetworkTopologyImpl (NetworkTopologyImpl.java:add(112)) - Added a new node: /default-rack/274a318d-4208-4a56-b0aa-605c6427dbd2
2023-05-12 15:34:59,366 [IPC Server handler 19 on default port 15002] INFO  node.SCMNodeManager (SCMNodeManager.java:register(407)) - Registered Data node : 274a318d-4208-4a56-b0aa-605c6427dbd2{ip: 10.1.0.53, host: fv-az1245-539.h4qniknrx0cezh5jdpmlggsuoc.cx.internal.cloudapp.net, ports: [HTTP=15033, REPLICATION=15039, RATIS=15035, RATIS_ADMIN=15036, RATIS_SERVER=15037, RATIS_DATASTREAM=15038, STANDALONE=15034], networkLocation: /default-rack, certSerialId: null, persistedOpState: null, persistedOpStateExpiryEpochSec: 0}
2023-05-12 15:34:59,367 [EventQueue-NewNodeForNewNodeHandler] INFO  pipeline.BackgroundPipelineCreator (BackgroundPipelineCreator.java:notifyEventTriggered(276)) - trigger a one-shot run on RatisPipelineUtilsThread.
2023-05-12 15:34:59,367 [EventQueue-NodeRegistrationContainerReportForDataNodeSafeModeRule] INFO  safemode.SCMSafeModeManager (DataNodeSafeModeRule.java:process(71)) - SCM in safe mode. 3 DataNodes registered, 3 required.
2023-05-12 15:34:59,368 [EventQueue-NodeRegistrationContainerReportForDataNodeSafeModeRule] INFO  safemode.SCMSafeModeManager (SCMSafeModeManager.java:validateSafeModeExitRules(200)) - DataNodeSafeModeRule rule is successfully validated
2023-05-12 15:34:59,368 [EventQueue-NodeRegistrationContainerReportForDataNodeSafeModeRule] INFO  safemode.SCMSafeModeManager (SCMSafeModeManager.java:completePreCheck(229)) - All SCM safe mode pre check rules have passed
2023-05-12 15:34:59,368 [EventQueue-NodeRegistrationContainerReportForDataNodeSafeModeRule] INFO  ha.SCMContext (SCMContext.java:updateSafeModeStatus(228)) - Update SafeModeStatus from SafeModeStatus{safeModeStatus=true, preCheckPassed=false} to SafeModeStatus{safeModeStatus=true, preCheckPassed=true}.
2023-05-12 15:34:59,367 [RatisPipelineUtilsThread - 0] INFO  pipeline.RatisPipelineProvider (RatisPipelineProvider.java:lambda$create$0(206)) - Sending CreatePipelineCommand for pipeline:PipelineID=b800ffd7-0404-46c2-938f-f84ca255eccb to datanode:274a318d-4208-4a56-b0aa-605c6427dbd2
2023-05-12 15:34:59,369 [RatisPipelineUtilsThread - 0] INFO  pipeline.PipelineStateManagerImpl (PipelineStateManagerImpl.java:addPipeline(103)) - Created pipeline Pipeline[ Id: b800ffd7-0404-46c2-938f-f84ca255eccb, Nodes: 274a318d-4208-4a56-b0aa-605c6427dbd2(fv-az1245-539.h4qniknrx0cezh5jdpmlggsuoc.cx.internal.cloudapp.net/10.1.0.53), ReplicationConfig: RATIS/ONE, State:ALLOCATED, leaderId:, CreationTimestamp2023-05-12T15:34:59.367Z[Etc/UTC]].
2023-05-12 15:34:59,368 [EventQueue-NodeRegistrationContainerReportForDataNodeSafeModeRule] INFO  pipeline.BackgroundPipelineCreator (BackgroundPipelineCreator.java:notifyEventTriggered(276)) - trigger a one-shot run on RatisPipelineUtilsThread.
2023-05-12 15:34:59,373 [RatisPipelineUtilsThread - 0] INFO  pipeline.RatisPipelineProvider (RatisPipelineProvider.java:lambda$create$0(206)) - Sending CreatePipelineCommand for pipeline:PipelineID=8257010a-e9ad-423e-9048-8f1f17b70279 to datanode:274a318d-4208-4a56-b0aa-605c6427dbd2
2023-05-12 15:34:59,373 [RatisPipelineUtilsThread - 0] INFO  pipeline.RatisPipelineProvider (RatisPipelineProvider.java:lambda$create$0(206)) - Sending CreatePipelineCommand for pipeline:PipelineID=8257010a-e9ad-423e-9048-8f1f17b70279 to datanode:7fbba869-ae5e-435c-b5a2-8ae18052e5d1
2023-05-12 15:34:59,373 [RatisPipelineUtilsThread - 0] INFO  pipeline.RatisPipelineProvider (RatisPipelineProvider.java:lambda$create$0(206)) - Sending CreatePipelineCommand for pipeline:PipelineID=8257010a-e9ad-423e-9048-8f1f17b70279 to datanode:cc26ca6c-2cda-43c4-8225-385dd9036c3c
2023-05-12 15:34:59,374 [RatisPipelineUtilsThread - 0] INFO  pipeline.PipelineStateManagerImpl (PipelineStateManagerImpl.java:addPipeline(103)) - Created pipeline Pipeline[ Id: 8257010a-e9ad-423e-9048-8f1f17b70279, Nodes: 274a318d-4208-4a56-b0aa-605c6427dbd2(fv-az1245-539.h4qniknrx0cezh5jdpmlggsuoc.cx.internal.cloudapp.net/10.1.0.53)7fbba869-ae5e-435c-b5a2-8ae18052e5d1(fv-az1245-539.h4qniknrx0cezh5jdpmlggsuoc.cx.internal.cloudapp.net/10.1.0.53)cc26ca6c-2cda-43c4-8225-385dd9036c3c(fv-az1245-539.h4qniknrx0cezh5jdpmlggsuoc.cx.internal.cloudapp.net/10.1.0.53), ReplicationConfig: RATIS/THREE, State:ALLOCATED, leaderId:, CreationTimestamp2023-05-12T15:34:59.373Z[Etc/UTC]].
2023-05-12 15:34:59,375 [RatisPipelineUtilsThread - 0] INFO  pipeline.RatisPipelineProvider (RatisPipelineProvider.java:lambda$create$0(206)) - Sending CreatePipelineCommand for pipeline:PipelineID=a0249ab2-92e6-4e01-8eb2-a1a7fff00a9d to datanode:7fbba869-ae5e-435c-b5a2-8ae18052e5d1
2023-05-12 15:34:59,375 [RatisPipelineUtilsThread - 0] INFO  pipeline.RatisPipelineProvider (RatisPipelineProvider.java:lambda$create$0(206)) - Sending CreatePipelineCommand for pipeline:PipelineID=a0249ab2-92e6-4e01-8eb2-a1a7fff00a9d to datanode:cc26ca6c-2cda-43c4-8225-385dd9036c3c
2023-05-12 15:34:59,375 [RatisPipelineUtilsThread - 0] INFO  pipeline.RatisPipelineProvider (RatisPipelineProvider.java:lambda$create$0(206)) - Sending CreatePipelineCommand for pipeline:PipelineID=a0249ab2-92e6-4e01-8eb2-a1a7fff00a9d to datanode:274a318d-4208-4a56-b0aa-605c6427dbd2
2023-05-12 15:34:59,376 [RatisPipelineUtilsThread - 0] INFO  pipeline.PipelineStateManagerImpl (PipelineStateManagerImpl.java:addPipeline(103)) - Created pipeline Pipeline[ Id: a0249ab2-92e6-4e01-8eb2-a1a7fff00a9d, Nodes: 7fbba869-ae5e-435c-b5a2-8ae18052e5d1(fv-az1245-539.h4qniknrx0cezh5jdpmlggsuoc.cx.internal.cloudapp.net/10.1.0.53)cc26ca6c-2cda-43c4-8225-385dd9036c3c(fv-az1245-539.h4qniknrx0cezh5jdpmlggsuoc.cx.internal.cloudapp.net/10.1.0.53)274a318d-4208-4a56-b0aa-605c6427dbd2(fv-az1245-539.h4qniknrx0cezh5jdpmlggsuoc.cx.internal.cloudapp.net/10.1.0.53), ReplicationConfig: RATIS/THREE, State:ALLOCATED, leaderId:, CreationTimestamp2023-05-12T15:34:59.375Z[Etc/UTC]].
2023-05-12 15:34:59,376 [RatisPipelineUtilsThread - 0] INFO  pipeline.PipelineManagerImpl (PipelineManagerImpl.java:recordMetricsForPipeline(826)) - Pipeline: PipelineID=a0249ab2-92e6-4e01-8eb2-a1a7fff00a9d contains same datanodes as previous pipelines: PipelineID=8257010a-e9ad-423e-9048-8f1f17b70279 nodeIds: 7fbba869-ae5e-435c-b5a2-8ae18052e5d1, cc26ca6c-2cda-43c4-8225-385dd9036c3c, 274a318d-4208-4a56-b0aa-605c6427dbd2
2023-05-12 15:34:59,376 [RatisPipelineUtilsThread - 0] WARN  pipeline.PipelinePlacementPolicy (PipelinePlacementPolicy.java:filterViableNodes(160)) - Pipeline creation failed due to no sufficient healthy datanodes. Required 3. Found 0. Excluded 3.
2023-05-12 15:34:59,377 [RatisPipelineUtilsThread - 0] WARN  pipeline.PipelinePlacementPolicy (PipelinePlacementPolicy.java:filterViableNodes(160)) - Pipeline creation failed due to no sufficient healthy datanodes. Required 3. Found 0. Excluded 3.
2023-05-12 15:35:00,366 [Listener at 127.0.0.1/15012] INFO  ozone.MiniOzoneClusterImpl (MiniOzoneClusterImpl.java:lambda$waitForClusterToBeReady$0(222)) - Nodes are ready. Got 3 of 3 DN Heartbeats.
2023-05-12 15:35:00,367 [Listener at 127.0.0.1/15012] INFO  ozone.MiniOzoneClusterImpl (MiniOzoneClusterImpl.java:lambda$waitForClusterToBeReady$0(225)) - Waiting for cluster to exit safe mode
2023-05-12 15:35:00,368 [Listener at 127.0.0.1/15012] INFO  ozone.MiniOzoneClusterImpl (MiniOzoneClusterImpl.java:lambda$waitForClusterToBeReady$0(227)) - SCM became leader
2023-05-12 15:35:00,498 [omNode-3@group-523986131536-FollowerState] INFO  server.RaftServerConfigKeys (ConfUtils.java:logFallback(53)) - raft.server.rpc.first-election.timeout.min = 1s (fallback to raft.server.rpc.timeout.min)
2023-05-12 15:35:00,499 [omNode-3@group-523986131536-FollowerState] INFO  server.RaftServerConfigKeys (ConfUtils.java:logFallback(53)) - raft.server.rpc.first-election.timeout.max = 1200ms (fallback to raft.server.rpc.timeout.max)
2023-05-12 15:35:01,368 [Listener at 127.0.0.1/15012] INFO  ozone.MiniOzoneClusterImpl (MiniOzoneClusterImpl.java:lambda$waitForClusterToBeReady$0(222)) - Nodes are ready. Got 3 of 3 DN Heartbeats.
2023-05-12 15:35:01,369 [Listener at 127.0.0.1/15012] INFO  ozone.MiniOzoneClusterImpl (MiniOzoneClusterImpl.java:lambda$waitForClusterToBeReady$0(225)) - Waiting for cluster to exit safe mode
2023-05-12 15:35:01,369 [Listener at 127.0.0.1/15012] INFO  ozone.MiniOzoneClusterImpl (MiniOzoneClusterImpl.java:lambda$waitForClusterToBeReady$0(227)) - SCM became leader
2023-05-12 15:35:01,645 [omNode-3@group-523986131536-FollowerState] INFO  server.RaftServerConfigKeys (ConfUtils.java:logFallback(53)) - raft.server.rpc.first-election.timeout.min = 1s (fallback to raft.server.rpc.timeout.min)
2023-05-12 15:35:01,645 [omNode-3@group-523986131536-FollowerState] INFO  server.RaftServerConfigKeys (ConfUtils.java:logFallback(53)) - raft.server.rpc.first-election.timeout.max = 1200ms (fallback to raft.server.rpc.timeout.max)
2023-05-12 15:35:01,665 [Command processor thread] INFO  server.RaftServer (RaftServerProxy.java:addNew(98)) - cc26ca6c-2cda-43c4-8225-385dd9036c3c: addNew group-C794FA21799B:[cc26ca6c-2cda-43c4-8225-385dd9036c3c|rpc:10.1.0.53:15021|admin:10.1.0.53:15020|client:10.1.0.53:15019|dataStream:10.1.0.53:15022|priority:1|startupRole:FOLLOWER] returns group-C794FA21799B:java.util.concurrent.CompletableFuture@18f6bf76[Not completed]
2023-05-12 15:35:01,677 [cc26ca6c-2cda-43c4-8225-385dd9036c3c-groupManagement] INFO  server.RaftServer$Division (RaftServerImpl.java:<init>(198)) - cc26ca6c-2cda-43c4-8225-385dd9036c3c: new RaftServerImpl for group-C794FA21799B:[cc26ca6c-2cda-43c4-8225-385dd9036c3c|rpc:10.1.0.53:15021|admin:10.1.0.53:15020|client:10.1.0.53:15019|dataStream:10.1.0.53:15022|priority:1|startupRole:FOLLOWER] with ContainerStateMachine:uninitialized
2023-05-12 15:35:01,677 [cc26ca6c-2cda-43c4-8225-385dd9036c3c-groupManagement] INFO  server.RaftServerConfigKeys (ConfUtils.java:logGet(46)) - raft.server.rpc.timeout.min = 5s (custom)
2023-05-12 15:35:01,677 [cc26ca6c-2cda-43c4-8225-385dd9036c3c-groupManagement] INFO  server.RaftServerConfigKeys (ConfUtils.java:logGet(46)) - raft.server.rpc.timeout.max = 5200ms (custom)
2023-05-12 15:35:01,677 [cc26ca6c-2cda-43c4-8225-385dd9036c3c-groupManagement] INFO  server.RaftServerConfigKeys (ConfUtils.java:logGet(46)) - raft.server.rpc.sleep.time = 25ms (default)
2023-05-12 15:35:01,677 [cc26ca6c-2cda-43c4-8225-385dd9036c3c-groupManagement] INFO  server.RaftServerConfigKeys (ConfUtils.java:logGet(46)) - raft.server.rpc.slowness.timeout = 300s (custom)
2023-05-12 15:35:01,677 [cc26ca6c-2cda-43c4-8225-385dd9036c3c-groupManagement] INFO  server.RaftServerConfigKeys (ConfUtils.java:logGet(46)) - raft.server.leaderelection.leader.step-down.wait-time = 10s (default)
2023-05-12 15:35:01,677 [cc26ca6c-2cda-43c4-8225-385dd9036c3c-groupManagement] INFO  server.RaftServerConfigKeys (ConfUtils.java:logGet(46)) - raft.server.sleep.deviation.threshold = 300ms (default)
2023-05-12 15:35:01,678 [cc26ca6c-2cda-43c4-8225-385dd9036c3c-groupManagement] INFO  server.RaftServer$Division (ServerState.java:<init>(120)) - cc26ca6c-2cda-43c4-8225-385dd9036c3c@group-C794FA21799B: ConfigurationManager, init=-1: peers:[cc26ca6c-2cda-43c4-8225-385dd9036c3c|rpc:10.1.0.53:15021|admin:10.1.0.53:15020|client:10.1.0.53:15019|dataStream:10.1.0.53:15022|priority:1|startupRole:FOLLOWER]|listeners:[], old=null, confs=<EMPTY_MAP>
2023-05-12 15:35:01,678 [cc26ca6c-2cda-43c4-8225-385dd9036c3c-groupManagement] INFO  server.RaftServerConfigKeys (ConfUtils.java:logGet(46)) - raft.server.storage.dir = [/home/runner/work/ozone/ozone/hadoop-ozone/integration-test/target/test-dir/MiniOzoneClusterImpl-bfe86ff0-f9fb-433f-aae2-64a5a95eec81/datanode-0/data/ratis] (custom)
2023-05-12 15:35:01,678 [cc26ca6c-2cda-43c4-8225-385dd9036c3c-groupManagement] INFO  server.RaftServerConfigKeys (ConfUtils.java:logGet(46)) - raft.server.log.corruption.policy = EXCEPTION (default)
2023-05-12 15:35:01,678 [cc26ca6c-2cda-43c4-8225-385dd9036c3c-groupManagement] INFO  server.RaftServerConfigKeys (ConfUtils.java:logGet(46)) - raft.server.storage.free-space.min = 0MB (=0) (default)
2023-05-12 15:35:01,678 [cc26ca6c-2cda-43c4-8225-385dd9036c3c-groupManagement] INFO  server.RaftServerConfigKeys (ConfUtils.java:logGet(46)) - raft.server.notification.no-leader.timeout = 300s (custom)
2023-05-12 15:35:01,678 [cc26ca6c-2cda-43c4-8225-385dd9036c3c-groupManagement] INFO  server.RaftServerConfigKeys (ConfUtils.java:logGet(46)) - raft.server.read.timeout = 10s (default)
2023-05-12 15:35:01,678 [cc26ca6c-2cda-43c4-8225-385dd9036c3c-groupManagement] INFO  server.RaftServerConfigKeys (ConfUtils.java:logGet(46)) - raft.server.retrycache.expirytime = 600000ms (custom)
2023-05-12 15:35:01,678 [cc26ca6c-2cda-43c4-8225-385dd9036c3c-groupManagement] INFO  server.RaftServerConfigKeys (ConfUtils.java:logGet(46)) - raft.server.retrycache.statistics.expirytime = 100μs (default)
2023-05-12 15:35:01,678 [cc26ca6c-2cda-43c4-8225-385dd9036c3c-groupManagement] INFO  server.RaftServerConfigKeys (ConfUtils.java:logGet(46)) - raft.server.read.option = DEFAULT (default)
2023-05-12 15:35:01,681 [cc26ca6c-2cda-43c4-8225-385dd9036c3c-groupManagement] INFO  server.RaftServerConfigKeys (ConfUtils.java:logGet(46)) - raft.server.rpc.request.timeout = 60s (custom)
2023-05-12 15:35:01,681 [cc26ca6c-2cda-43c4-8225-385dd9036c3c-groupManagement] INFO  server.RaftServerConfigKeys (ConfUtils.java:logGet(46)) - raft.server.log.appender.install.snapshot.enabled = false (custom)
2023-05-12 15:35:01,681 [cc26ca6c-2cda-43c4-8225-385dd9036c3c-groupManagement] INFO  server.RaftServerConfigKeys (ConfUtils.java:logGet(46)) - raft.server.threadpool.server.cached = true (default)
2023-05-12 15:35:01,681 [cc26ca6c-2cda-43c4-8225-385dd9036c3c-groupManagement] INFO  server.RaftServerConfigKeys (ConfUtils.java:logGet(46)) - raft.server.threadpool.server.size = 0 (default)
2023-05-12 15:35:01,681 [cc26ca6c-2cda-43c4-8225-385dd9036c3c-groupManagement] INFO  server.RaftServerConfigKeys (ConfUtils.java:logGet(46)) - raft.server.threadpool.client.cached = true (default)
2023-05-12 15:35:01,681 [cc26ca6c-2cda-43c4-8225-385dd9036c3c-groupManagement] INFO  server.RaftServerConfigKeys (ConfUtils.java:logGet(46)) - raft.server.threadpool.client.size = 0 (default)
2023-05-12 15:35:01,682 [cc26ca6c-2cda-43c4-8225-385dd9036c3c-groupManagement] INFO  storage.RaftStorageDirectory (RaftStorageDirectoryImpl.java:analyzeStorage(137)) - The storage directory /home/runner/work/ozone/ozone/hadoop-ozone/integration-test/target/test-dir/MiniOzoneClusterImpl-bfe86ff0-f9fb-433f-aae2-64a5a95eec81/datanode-0/data/ratis/30b95b97-1f1f-4ec4-8709-c794fa21799b does not exist. Creating ...
2023-05-12 15:35:01,683 [cc26ca6c-2cda-43c4-8225-385dd9036c3c-groupManagement] INFO  storage.RaftStorageDirectory (RaftStorageDirectoryImpl.java:tryLock(231)) - Lock on /home/runner/work/ozone/ozone/hadoop-ozone/integration-test/target/test-dir/MiniOzoneClusterImpl-bfe86ff0-f9fb-433f-aae2-64a5a95eec81/datanode-0/data/ratis/30b95b97-1f1f-4ec4-8709-c794fa21799b/in_use.lock acquired by nodename 89313@fv-az1245-539
2023-05-12 15:35:01,684 [cc26ca6c-2cda-43c4-8225-385dd9036c3c-groupManagement] INFO  storage.RaftStorage (RaftStorageImpl.java:format(96)) - Storage directory /home/runner/work/ozone/ozone/hadoop-ozone/integration-test/target/test-dir/MiniOzoneClusterImpl-bfe86ff0-f9fb-433f-aae2-64a5a95eec81/datanode-0/data/ratis/30b95b97-1f1f-4ec4-8709-c794fa21799b has been successfully formatted.
2023-05-12 15:35:01,688 [cc26ca6c-2cda-43c4-8225-385dd9036c3c-groupManagement] INFO  ratis.ContainerStateMachine (ContainerStateMachine.java:loadSnapshot(262)) - group-C794FA21799B: The snapshot info is null. Setting the last applied indexto:(t:0, i:~)
2023-05-12 15:35:01,688 [cc26ca6c-2cda-43c4-8225-385dd9036c3c-groupManagement] INFO  server.RaftServerConfigKeys (ConfUtils.java:logGet(46)) - raft.server.log.use.memory = false (default)
2023-05-12 15:35:01,693 [cc26ca6c-2cda-43c4-8225-385dd9036c3c-groupManagement] INFO  server.RaftServerConfigKeys (ConfUtils.java:logGet(46)) - raft.server.log.purge.gap = 1000000 (custom)
2023-05-12 15:35:01,693 [cc26ca6c-2cda-43c4-8225-385dd9036c3c-groupManagement] INFO  server.RaftServerConfigKeys (ConfUtils.java:logGet(46)) - raft.server.log.appender.buffer.byte-limit = 33554432 (custom)
2023-05-12 15:35:01,693 [cc26ca6c-2cda-43c4-8225-385dd9036c3c-groupManagement] INFO  server.RaftServerConfigKeys (ConfUtils.java:logGet(46)) - raft.server.log.statemachine.data.read.timeout = 1000ms (default)
2023-05-12 15:35:01,696 [cc26ca6c-2cda-43c4-8225-385dd9036c3c-groupManagement] INFO  server.RaftServerConfigKeys (ConfUtils.java:logGet(46)) - raft.server.log.purge.preservation.log.num = 0 (default)
2023-05-12 15:35:01,697 [cc26ca6c-2cda-43c4-8225-385dd9036c3c-groupManagement] INFO  server.RaftServerConfigKeys (ConfUtils.java:logGet(46)) - raft.server.log.segment.size.max = 1048576 (custom)
2023-05-12 15:35:01,706 [cc26ca6c-2cda-43c4-8225-385dd9036c3c-groupManagement] INFO  server.RaftServerConfigKeys (ConfUtils.java:logGet(46)) - raft.server.log.segment.cache.num.max = 2 (custom)
2023-05-12 15:35:01,706 [cc26ca6c-2cda-43c4-8225-385dd9036c3c-groupManagement] INFO  server.RaftServerConfigKeys (ConfUtils.java:logGet(46)) - raft.server.log.segment.cache.size.max = 200MB (=209715200) (default)
2023-05-12 15:35:01,706 [cc26ca6c-2cda-43c4-8225-385dd9036c3c-groupManagement] INFO  server.RaftServerConfigKeys (ConfUtils.java:logGet(46)) - raft.server.log.appender.buffer.byte-limit = 33554432 (custom)
2023-05-12 15:35:01,706 [cc26ca6c-2cda-43c4-8225-385dd9036c3c-groupManagement] INFO  segmented.SegmentedRaftLogWorker (SegmentedRaftLogWorker.java:<init>(188)) - new cc26ca6c-2cda-43c4-8225-385dd9036c3c@group-C794FA21799B-SegmentedRaftLogWorker for RaftStorageImpl:Storage Directory /home/runner/work/ozone/ozone/hadoop-ozone/integration-test/target/test-dir/MiniOzoneClusterImpl-bfe86ff0-f9fb-433f-aae2-64a5a95eec81/datanode-0/data/ratis/30b95b97-1f1f-4ec4-8709-c794fa21799b
2023-05-12 15:35:01,706 [cc26ca6c-2cda-43c4-8225-385dd9036c3c-groupManagement] INFO  server.RaftServerConfigKeys (ConfUtils.java:logGet(46)) - raft.server.log.queue.byte-limit = 4294967296 (custom)
2023-05-12 15:35:01,707 [cc26ca6c-2cda-43c4-8225-385dd9036c3c-groupManagement] INFO  server.RaftServerConfigKeys (ConfUtils.java:logGet(46)) - raft.server.log.queue.element-limit = 1024 (custom)
2023-05-12 15:35:01,707 [cc26ca6c-2cda-43c4-8225-385dd9036c3c-groupManagement] INFO  server.RaftServerConfigKeys (ConfUtils.java:logGet(46)) - raft.server.log.segment.size.max = 1048576 (custom)
2023-05-12 15:35:01,707 [cc26ca6c-2cda-43c4-8225-385dd9036c3c-groupManagement] INFO  server.RaftServerConfigKeys (ConfUtils.java:logGet(46)) - raft.server.log.preallocated.size = 16384 (custom)
2023-05-12 15:35:01,707 [cc26ca6c-2cda-43c4-8225-385dd9036c3c-groupManagement] INFO  server.RaftServerConfigKeys (ConfUtils.java:logGet(46)) - raft.server.log.force.sync.num = 128 (default)
2023-05-12 15:35:01,707 [EventQueue-PipelineReportForPipelineReportHandler] INFO  pipeline.PipelineManagerImpl (PipelineManagerImpl.java:openPipeline(367)) - Pipeline Pipeline[ Id: 30b95b97-1f1f-4ec4-8709-c794fa21799b, Nodes: cc26ca6c-2cda-43c4-8225-385dd9036c3c(fv-az1245-539.h4qniknrx0cezh5jdpmlggsuoc.cx.internal.cloudapp.net/10.1.0.53), ReplicationConfig: RATIS/ONE, State:ALLOCATED, leaderId:cc26ca6c-2cda-43c4-8225-385dd9036c3c, CreationTimestamp2023-05-12T15:34:58.681Z[Etc/UTC]] moved to OPEN state
2023-05-12 15:35:01,707 [cc26ca6c-2cda-43c4-8225-385dd9036c3c-groupManagement] INFO  server.RaftServerConfigKeys (ConfUtils.java:logGet(46)) - raft.server.log.statemachine.data.sync = true (default)
2023-05-12 15:35:01,707 [cc26ca6c-2cda-43c4-8225-385dd9036c3c-groupManagement] INFO  server.RaftServerConfigKeys (ConfUtils.java:logGet(46)) - raft.server.log.statemachine.data.sync.timeout = 10s (default)
2023-05-12 15:35:01,707 [cc26ca6c-2cda-43c4-8225-385dd9036c3c-groupManagement] INFO  server.RaftServerConfigKeys (ConfUtils.java:logGet(46)) - raft.server.log.statemachine.data.sync.timeout.retry = -1 (default)
2023-05-12 15:35:01,708 [cc26ca6c-2cda-43c4-8225-385dd9036c3c-groupManagement] INFO  server.RaftServerConfigKeys (ConfUtils.java:logGet(46)) - raft.server.log.write.buffer.size = 1048576 (custom)
2023-05-12 15:35:01,709 [cc26ca6c-2cda-43c4-8225-385dd9036c3c-groupManagement] INFO  server.RaftServerConfigKeys (ConfUtils.java:logGet(46)) - raft.server.log.appender.buffer.byte-limit = 33554432 (custom)
2023-05-12 15:35:01,713 [EventQueue-OpenPipelineForHealthyPipelineSafeModeRule] INFO  safemode.SCMSafeModeManager (HealthyPipelineSafeModeRule.java:process(137)) - SCM in safe mode. Healthy pipelines reported count is 0, required healthy pipeline reported count is 1
2023-05-12 15:35:01,718 [cc26ca6c-2cda-43c4-8225-385dd9036c3c-groupManagement] INFO  server.RaftServerConfigKeys (ConfUtils.java:logGet(46)) - raft.server.log.unsafe-flush.enabled = false (default)
2023-05-12 15:35:01,718 [cc26ca6c-2cda-43c4-8225-385dd9036c3c-groupManagement] INFO  server.RaftServerConfigKeys (ConfUtils.java:logGet(46)) - raft.server.log.async-flush.enabled = false (default)
2023-05-12 15:35:01,718 [cc26ca6c-2cda-43c4-8225-385dd9036c3c-groupManagement] INFO  server.RaftServerConfigKeys (ConfUtils.java:logGet(46)) - raft.server.log.statemachine.data.caching.enabled = true (custom)
2023-05-12 15:35:01,719 [cc26ca6c-2cda-43c4-8225-385dd9036c3c-groupManagement] INFO  segmented.SegmentedRaftLogWorker (SegmentedRaftLogWorker.java:lambda$new$0(135)) - cc26ca6c-2cda-43c4-8225-385dd9036c3c@group-C794FA21799B-SegmentedRaftLogWorker: flushIndex: setUnconditionally 0 -> -1
2023-05-12 15:35:01,719 [cc26ca6c-2cda-43c4-8225-385dd9036c3c-groupManagement] INFO  segmented.SegmentedRaftLogWorker (SegmentedRaftLogWorker.java:lambda$new$0(135)) - cc26ca6c-2cda-43c4-8225-385dd9036c3c@group-C794FA21799B-SegmentedRaftLogWorker: safeCacheEvictIndex: setUnconditionally 0 -> -1
2023-05-12 15:35:01,719 [cc26ca6c-2cda-43c4-8225-385dd9036c3c-groupManagement] INFO  server.RaftServer$Division (RaftServerImpl.java:start(342)) - cc26ca6c-2cda-43c4-8225-385dd9036c3c@group-C794FA21799B: start as a follower, conf=-1: peers:[cc26ca6c-2cda-43c4-8225-385dd9036c3c|rpc:10.1.0.53:15021|admin:10.1.0.53:15020|client:10.1.0.53:15019|dataStream:10.1.0.53:15022|priority:1|startupRole:FOLLOWER]|listeners:[], old=null
2023-05-12 15:35:01,719 [cc26ca6c-2cda-43c4-8225-385dd9036c3c-groupManagement] INFO  server.RaftServer$Division (RaftServerImpl.java:setRole(329)) - cc26ca6c-2cda-43c4-8225-385dd9036c3c@group-C794FA21799B: changes role from      null to FOLLOWER at term 0 for startAsFollower
2023-05-12 15:35:01,719 [cc26ca6c-2cda-43c4-8225-385dd9036c3c-groupManagement] INFO  impl.RoleInfo (RoleInfo.java:updateAndGet(139)) - cc26ca6c-2cda-43c4-8225-385dd9036c3c: start cc26ca6c-2cda-43c4-8225-385dd9036c3c@group-C794FA21799B-FollowerState
2023-05-12 15:35:01,719 [cc26ca6c-2cda-43c4-8225-385dd9036c3c@group-C794FA21799B-FollowerState] INFO  server.RaftServerConfigKeys (ConfUtils.java:logFallback(53)) - raft.server.rpc.first-election.timeout.min = 5s (fallback to raft.server.rpc.timeout.min)
2023-05-12 15:35:01,719 [cc26ca6c-2cda-43c4-8225-385dd9036c3c-groupManagement] INFO  util.JmxRegister (JmxRegister.java:tryRegister(44)) - Successfully registered JMX Bean with object name Ratis:service=RaftServer,group=group-C794FA21799B,id=cc26ca6c-2cda-43c4-8225-385dd9036c3c
2023-05-12 15:35:01,719 [cc26ca6c-2cda-43c4-8225-385dd9036c3c@group-C794FA21799B-FollowerState] INFO  server.RaftServerConfigKeys (ConfUtils.java:logFallback(53)) - raft.server.rpc.first-election.timeout.max = 5200ms (fallback to raft.server.rpc.timeout.max)
2023-05-12 15:35:01,719 [cc26ca6c-2cda-43c4-8225-385dd9036c3c-groupManagement] INFO  server.RaftServerConfigKeys (ConfUtils.java:logGet(46)) - raft.server.snapshot.auto.trigger.enabled = true (custom)
2023-05-12 15:35:01,719 [cc26ca6c-2cda-43c4-8225-385dd9036c3c-groupManagement] INFO  server.RaftServerConfigKeys (ConfUtils.java:logGet(46)) - raft.server.snapshot.auto.trigger.threshold = 10000 (custom)
2023-05-12 15:35:01,720 [cc26ca6c-2cda-43c4-8225-385dd9036c3c-groupManagement] INFO  server.RaftServerConfigKeys (ConfUtils.java:logGet(46)) - raft.server.snapshot.retention.file.num = 5 (custom)
2023-05-12 15:35:01,720 [cc26ca6c-2cda-43c4-8225-385dd9036c3c-groupManagement] INFO  server.RaftServerConfigKeys (ConfUtils.java:logGet(46)) - raft.server.log.purge.upto.snapshot.index = false (default)
2023-05-12 15:35:01,723 [Command processor thread] INFO  ratis.XceiverServerRatis (XceiverServerRatis.java:addGroup(806)) - Created group PipelineID=30b95b97-1f1f-4ec4-8709-c794fa21799b
2023-05-12 15:35:01,723 [Command processor thread] INFO  commandhandler.CreatePipelineCommandHandler (CreatePipelineCommandHandler.java:handle(113)) - Created Pipeline RATIS ONE PipelineID=30b95b97-1f1f-4ec4-8709-c794fa21799b.
2023-05-12 15:35:01,724 [Command processor thread] INFO  server.RaftServer (RaftServerProxy.java:addNew(98)) - cc26ca6c-2cda-43c4-8225-385dd9036c3c: addNew group-8F1F17B70279:[274a318d-4208-4a56-b0aa-605c6427dbd2|rpc:10.1.0.53:15037|admin:10.1.0.53:15036|client:10.1.0.53:15035|dataStream:10.1.0.53:15038|priority:0|startupRole:FOLLOWER, cc26ca6c-2cda-43c4-8225-385dd9036c3c|rpc:10.1.0.53:15021|admin:10.1.0.53:15020|client:10.1.0.53:15019|dataStream:10.1.0.53:15022|priority:0|startupRole:FOLLOWER, 7fbba869-ae5e-435c-b5a2-8ae18052e5d1|rpc:10.1.0.53:15029|admin:10.1.0.53:15028|client:10.1.0.53:15027|dataStream:10.1.0.53:15030|priority:1|startupRole:FOLLOWER] returns group-8F1F17B70279:java.util.concurrent.CompletableFuture@4c6d92a9[Not completed]
2023-05-12 15:35:01,729 [cc26ca6c-2cda-43c4-8225-385dd9036c3c-groupManagement] INFO  server.RaftServer$Division (RaftServerImpl.java:<init>(198)) - cc26ca6c-2cda-43c4-8225-385dd9036c3c: new RaftServerImpl for group-8F1F17B70279:[274a318d-4208-4a56-b0aa-605c6427dbd2|rpc:10.1.0.53:15037|admin:10.1.0.53:15036|client:10.1.0.53:15035|dataStream:10.1.0.53:15038|priority:0|startupRole:FOLLOWER, cc26ca6c-2cda-43c4-8225-385dd9036c3c|rpc:10.1.0.53:15021|admin:10.1.0.53:15020|client:10.1.0.53:15019|dataStream:10.1.0.53:15022|priority:0|startupRole:FOLLOWER, 7fbba869-ae5e-435c-b5a2-8ae18052e5d1|rpc:10.1.0.53:15029|admin:10.1.0.53:15028|client:10.1.0.53:15027|dataStream:10.1.0.53:15030|priority:1|startupRole:FOLLOWER] with ContainerStateMachine:uninitialized
2023-05-12 15:35:01,729 [cc26ca6c-2cda-43c4-8225-385dd9036c3c-groupManagement] INFO  server.RaftServerConfigKeys (ConfUtils.java:logGet(46)) - raft.server.rpc.timeout.min = 5s (custom)
2023-05-12 15:35:01,729 [cc26ca6c-2cda-43c4-8225-385dd9036c3c-groupManagement] INFO  server.RaftServerConfigKeys (ConfUtils.java:logGet(46)) - raft.server.rpc.timeout.max = 5200ms (custom)
2023-05-12 15:35:01,729 [cc26ca6c-2cda-43c4-8225-385dd9036c3c-groupManagement] INFO  server.RaftServerConfigKeys (ConfUtils.java:logGet(46)) - raft.server.rpc.sleep.time = 25ms (default)
2023-05-12 15:35:01,729 [cc26ca6c-2cda-43c4-8225-385dd9036c3c-groupManagement] INFO  server.RaftServerConfigKeys (ConfUtils.java:logGet(46)) - raft.server.rpc.slowness.timeout = 300s (custom)
2023-05-12 15:35:01,729 [cc26ca6c-2cda-43c4-8225-385dd9036c3c-groupManagement] INFO  server.RaftServerConfigKeys (ConfUtils.java:logGet(46)) - raft.server.leaderelection.leader.step-down.wait-time = 10s (default)
2023-05-12 15:35:01,729 [cc26ca6c-2cda-43c4-8225-385dd9036c3c-groupManagement] INFO  server.RaftServerConfigKeys (ConfUtils.java:logGet(46)) - raft.server.sleep.deviation.threshold = 300ms (default)
2023-05-12 15:35:01,729 [cc26ca6c-2cda-43c4-8225-385dd9036c3c-groupManagement] INFO  server.RaftServer$Division (ServerState.java:<init>(120)) - cc26ca6c-2cda-43c4-8225-385dd9036c3c@group-8F1F17B70279: ConfigurationManager, init=-1: peers:[274a318d-4208-4a56-b0aa-605c6427dbd2|rpc:10.1.0.53:15037|admin:10.1.0.53:15036|client:10.1.0.53:15035|dataStream:10.1.0.53:15038|priority:0|startupRole:FOLLOWER, cc26ca6c-2cda-43c4-8225-385dd9036c3c|rpc:10.1.0.53:15021|admin:10.1.0.53:15020|client:10.1.0.53:15019|dataStream:10.1.0.53:15022|priority:0|startupRole:FOLLOWER, 7fbba869-ae5e-435c-b5a2-8ae18052e5d1|rpc:10.1.0.53:15029|admin:10.1.0.53:15028|client:10.1.0.53:15027|dataStream:10.1.0.53:15030|priority:1|startupRole:FOLLOWER]|listeners:[], old=null, confs=<EMPTY_MAP>
2023-05-12 15:35:01,729 [cc26ca6c-2cda-43c4-8225-385dd9036c3c-groupManagement] INFO  server.RaftServerConfigKeys (ConfUtils.java:logGet(46)) - raft.server.storage.dir = [/home/runner/work/ozone/ozone/hadoop-ozone/integration-test/target/test-dir/MiniOzoneClusterImpl-bfe86ff0-f9fb-433f-aae2-64a5a95eec81/datanode-0/data/ratis] (custom)
2023-05-12 15:35:01,730 [cc26ca6c-2cda-43c4-8225-385dd9036c3c-groupManagement] INFO  server.RaftServerConfigKeys (ConfUtils.java:logGet(46)) - raft.server.log.corruption.policy = EXCEPTION (default)
2023-05-12 15:35:01,730 [cc26ca6c-2cda-43c4-8225-385dd9036c3c-groupManagement] INFO  server.RaftServerConfigKeys (ConfUtils.java:logGet(46)) - raft.server.storage.free-space.min = 0MB (=0) (default)
2023-05-12 15:35:01,730 [cc26ca6c-2cda-43c4-8225-385dd9036c3c-groupManagement] INFO  server.RaftServerConfigKeys (ConfUtils.java:logGet(46)) - raft.server.notification.no-leader.timeout = 300s (custom)
2023-05-12 15:35:01,730 [cc26ca6c-2cda-43c4-8225-385dd9036c3c-groupManagement] INFO  server.RaftServerConfigKeys (ConfUtils.java:logGet(46)) - raft.server.read.timeout = 10s (default)
2023-05-12 15:35:01,730 [cc26ca6c-2cda-43c4-8225-385dd9036c3c-groupManagement] INFO  server.RaftServerConfigKeys (ConfUtils.java:logGet(46)) - raft.server.retrycache.expirytime = 600000ms (custom)
2023-05-12 15:35:01,730 [cc26ca6c-2cda-43c4-8225-385dd9036c3c-groupManagement] INFO  server.RaftServerConfigKeys (ConfUtils.java:logGet(46)) - raft.server.retrycache.statistics.expirytime = 100μs (default)
2023-05-12 15:35:01,730 [cc26ca6c-2cda-43c4-8225-385dd9036c3c-groupManagement] INFO  server.RaftServerConfigKeys (ConfUtils.java:logGet(46)) - raft.server.read.option = DEFAULT (default)
2023-05-12 15:35:01,736 [cc26ca6c-2cda-43c4-8225-385dd9036c3c-groupManagement] INFO  server.RaftServerConfigKeys (ConfUtils.java:logGet(46)) - raft.server.rpc.request.timeout = 60s (custom)
2023-05-12 15:35:01,736 [cc26ca6c-2cda-43c4-8225-385dd9036c3c-groupManagement] INFO  server.RaftServerConfigKeys (ConfUtils.java:logGet(46)) - raft.server.log.appender.install.snapshot.enabled = false (custom)
2023-05-12 15:35:01,736 [cc26ca6c-2cda-43c4-8225-385dd9036c3c-groupManagement] INFO  server.RaftServerConfigKeys (ConfUtils.java:logGet(46)) - raft.server.threadpool.server.cached = true (default)
2023-05-12 15:35:01,736 [cc26ca6c-2cda-43c4-8225-385dd9036c3c-groupManagement] INFO  server.RaftServerConfigKeys (ConfUtils.java:logGet(46)) - raft.server.threadpool.server.size = 0 (default)
2023-05-12 15:35:01,736 [cc26ca6c-2cda-43c4-8225-385dd9036c3c-groupManagement] INFO  server.RaftServerConfigKeys (ConfUtils.java:logGet(46)) - raft.server.threadpool.client.cached = true (default)
2023-05-12 15:35:01,736 [cc26ca6c-2cda-43c4-8225-385dd9036c3c-groupManagement] INFO  server.RaftServerConfigKeys (ConfUtils.java:logGet(46)) - raft.server.threadpool.client.size = 0 (default)
2023-05-12 15:35:01,736 [cc26ca6c-2cda-43c4-8225-385dd9036c3c-groupManagement] INFO  storage.RaftStorageDirectory (RaftStorageDirectoryImpl.java:analyzeStorage(137)) - The storage directory /home/runner/work/ozone/ozone/hadoop-ozone/integration-test/target/test-dir/MiniOzoneClusterImpl-bfe86ff0-f9fb-433f-aae2-64a5a95eec81/datanode-0/data/ratis/8257010a-e9ad-423e-9048-8f1f17b70279 does not exist. Creating ...
2023-05-12 15:35:01,737 [cc26ca6c-2cda-43c4-8225-385dd9036c3c-groupManagement] INFO  storage.RaftStorageDirectory (RaftStorageDirectoryImpl.java:tryLock(231)) - Lock on /home/runner/work/ozone/ozone/hadoop-ozone/integration-test/target/test-dir/MiniOzoneClusterImpl-bfe86ff0-f9fb-433f-aae2-64a5a95eec81/datanode-0/data/ratis/8257010a-e9ad-423e-9048-8f1f17b70279/in_use.lock acquired by nodename 89313@fv-az1245-539
2023-05-12 15:35:01,739 [cc26ca6c-2cda-43c4-8225-385dd9036c3c-groupManagement] INFO  storage.RaftStorage (RaftStorageImpl.java:format(96)) - Storage directory /home/runner/work/ozone/ozone/hadoop-ozone/integration-test/target/test-dir/MiniOzoneClusterImpl-bfe86ff0-f9fb-433f-aae2-64a5a95eec81/datanode-0/data/ratis/8257010a-e9ad-423e-9048-8f1f17b70279 has been successfully formatted.
2023-05-12 15:35:01,739 [cc26ca6c-2cda-43c4-8225-385dd9036c3c-groupManagement] INFO  ratis.ContainerStateMachine (ContainerStateMachine.java:loadSnapshot(262)) - group-8F1F17B70279: The snapshot info is null. Setting the last applied indexto:(t:0, i:~)
2023-05-12 15:35:01,740 [cc26ca6c-2cda-43c4-8225-385dd9036c3c-groupManagement] INFO  server.RaftServerConfigKeys (ConfUtils.java:logGet(46)) - raft.server.log.use.memory = false (default)
2023-05-12 15:35:01,742 [EventQueue-OpenPipelineForHealthyPipelineSafeModeRule] INFO  safemode.SCMSafeModeManager (HealthyPipelineSafeModeRule.java:process(137)) - SCM in safe mode. Healthy pipelines reported count is 0, required healthy pipeline reported count is 1
2023-05-12 15:35:01,745 [cc26ca6c-2cda-43c4-8225-385dd9036c3c-groupManagement] INFO  server.RaftServerConfigKeys (ConfUtils.java:logGet(46)) - raft.server.log.purge.gap = 1000000 (custom)
2023-05-12 15:35:01,745 [cc26ca6c-2cda-43c4-8225-385dd9036c3c-groupManagement] INFO  server.RaftServerConfigKeys (ConfUtils.java:logGet(46)) - raft.server.log.appender.buffer.byte-limit = 33554432 (custom)
2023-05-12 15:35:01,745 [cc26ca6c-2cda-43c4-8225-385dd9036c3c-groupManagement] INFO  server.RaftServerConfigKeys (ConfUtils.java:logGet(46)) - raft.server.log.statemachine.data.read.timeout = 1000ms (default)
2023-05-12 15:35:01,745 [cc26ca6c-2cda-43c4-8225-385dd9036c3c-groupManagement] INFO  server.RaftServerConfigKeys (ConfUtils.java:logGet(46)) - raft.server.log.purge.preservation.log.num = 0 (default)
2023-05-12 15:35:01,746 [cc26ca6c-2cda-43c4-8225-385dd9036c3c-groupManagement] INFO  server.RaftServerConfigKeys (ConfUtils.java:logGet(46)) - raft.server.log.segment.size.max = 1048576 (custom)
2023-05-12 15:35:01,747 [cc26ca6c-2cda-43c4-8225-385dd9036c3c-groupManagement] INFO  server.RaftServerConfigKeys (ConfUtils.java:logGet(46)) - raft.server.log.segment.cache.num.max = 2 (custom)
2023-05-12 15:35:01,747 [cc26ca6c-2cda-43c4-8225-385dd9036c3c-groupManagement] INFO  server.RaftServerConfigKeys (ConfUtils.java:logGet(46)) - raft.server.log.segment.cache.size.max = 200MB (=209715200) (default)
2023-05-12 15:35:01,747 [cc26ca6c-2cda-43c4-8225-385dd9036c3c-groupManagement] INFO  server.RaftServerConfigKeys (ConfUtils.java:logGet(46)) - raft.server.log.appender.buffer.byte-limit = 33554432 (custom)
2023-05-12 15:35:01,749 [cc26ca6c-2cda-43c4-8225-385dd9036c3c-groupManagement] INFO  segmented.SegmentedRaftLogWorker (SegmentedRaftLogWorker.java:<init>(188)) - new cc26ca6c-2cda-43c4-8225-385dd9036c3c@group-8F1F17B70279-SegmentedRaftLogWorker for RaftStorageImpl:Storage Directory /home/runner/work/ozone/ozone/hadoop-ozone/integration-test/target/test-dir/MiniOzoneClusterImpl-bfe86ff0-f9fb-433f-aae2-64a5a95eec81/datanode-0/data/ratis/8257010a-e9ad-423e-9048-8f1f17b70279
2023-05-12 15:35:01,749 [cc26ca6c-2cda-43c4-8225-385dd9036c3c-groupManagement] INFO  server.RaftServerConfigKeys (ConfUtils.java:logGet(46)) - raft.server.log.queue.byte-limit = 4294967296 (custom)
2023-05-12 15:35:01,749 [cc26ca6c-2cda-43c4-8225-385dd9036c3c-groupManagement] INFO  server.RaftServerConfigKeys (ConfUtils.java:logGet(46)) - raft.server.log.queue.element-limit = 1024 (custom)
2023-05-12 15:35:01,749 [cc26ca6c-2cda-43c4-8225-385dd9036c3c-groupManagement] INFO  server.RaftServerConfigKeys (ConfUtils.java:logGet(46)) - raft.server.log.segment.size.max = 1048576 (custom)
2023-05-12 15:35:01,749 [cc26ca6c-2cda-43c4-8225-385dd9036c3c-groupManagement] INFO  server.RaftServerConfigKeys (ConfUtils.java:logGet(46)) - raft.server.log.preallocated.size = 16384 (custom)
2023-05-12 15:35:01,749 [cc26ca6c-2cda-43c4-8225-385dd9036c3c-groupManagement] INFO  server.RaftServerConfigKeys (ConfUtils.java:logGet(46)) - raft.server.log.force.sync.num = 128 (default)
2023-05-12 15:35:01,749 [cc26ca6c-2cda-43c4-8225-385dd9036c3c-groupManagement] INFO  server.RaftServerConfigKeys (ConfUtils.java:logGet(46)) - raft.server.log.statemachine.data.sync = true (default)
2023-05-12 15:35:01,750 [cc26ca6c-2cda-43c4-8225-385dd9036c3c-groupManagement] INFO  server.RaftServerConfigKeys (ConfUtils.java:logGet(46)) - raft.server.log.statemachine.data.sync.timeout = 10s (default)
2023-05-12 15:35:01,750 [cc26ca6c-2cda-43c4-8225-385dd9036c3c-groupManagement] INFO  server.RaftServerConfigKeys (ConfUtils.java:logGet(46)) - raft.server.log.statemachine.data.sync.timeout.retry = -1 (default)
2023-05-12 15:35:01,750 [cc26ca6c-2cda-43c4-8225-385dd9036c3c-groupManagement] INFO  server.RaftServerConfigKeys (ConfUtils.java:logGet(46)) - raft.server.log.write.buffer.size = 1048576 (custom)
2023-05-12 15:35:01,751 [cc26ca6c-2cda-43c4-8225-385dd9036c3c-groupManagement] INFO  server.RaftServerConfigKeys (ConfUtils.java:logGet(46)) - raft.server.log.appender.buffer.byte-limit = 33554432 (custom)
2023-05-12 15:35:01,756 [cc26ca6c-2cda-43c4-8225-385dd9036c3c-groupManagement] INFO  server.RaftServerConfigKeys (ConfUtils.java:logGet(46)) - raft.server.log.unsafe-flush.enabled = false (default)
2023-05-12 15:35:01,756 [cc26ca6c-2cda-43c4-8225-385dd9036c3c-groupManagement] INFO  server.RaftServerConfigKeys (ConfUtils.java:logGet(46)) - raft.server.log.async-flush.enabled = false (default)
2023-05-12 15:35:01,756 [cc26ca6c-2cda-43c4-8225-385dd9036c3c-groupManagement] INFO  server.RaftServerConfigKeys (ConfUtils.java:logGet(46)) - raft.server.log.statemachine.data.caching.enabled = true (custom)
2023-05-12 15:35:01,756 [cc26ca6c-2cda-43c4-8225-385dd9036c3c-groupManagement] INFO  segmented.SegmentedRaftLogWorker (SegmentedRaftLogWorker.java:lambda$new$0(135)) - cc26ca6c-2cda-43c4-8225-385dd9036c3c@group-8F1F17B70279-SegmentedRaftLogWorker: flushIndex: setUnconditionally 0 -> -1
2023-05-12 15:35:01,757 [cc26ca6c-2cda-43c4-8225-385dd9036c3c-groupManagement] INFO  segmented.SegmentedRaftLogWorker (SegmentedRaftLogWorker.java:lambda$new$0(135)) - cc26ca6c-2cda-43c4-8225-385dd9036c3c@group-8F1F17B70279-SegmentedRaftLogWorker: safeCacheEvictIndex: setUnconditionally 0 -> -1
2023-05-12 15:35:01,757 [cc26ca6c-2cda-43c4-8225-385dd9036c3c-groupManagement] INFO  server.RaftServer$Division (RaftServerImpl.java:start(342)) - cc26ca6c-2cda-43c4-8225-385dd9036c3c@group-8F1F17B70279: start as a follower, conf=-1: peers:[274a318d-4208-4a56-b0aa-605c6427dbd2|rpc:10.1.0.53:15037|admin:10.1.0.53:15036|client:10.1.0.53:15035|dataStream:10.1.0.53:15038|priority:0|startupRole:FOLLOWER, cc26ca6c-2cda-43c4-8225-385dd9036c3c|rpc:10.1.0.53:15021|admin:10.1.0.53:15020|client:10.1.0.53:15019|dataStream:10.1.0.53:15022|priority:0|startupRole:FOLLOWER, 7fbba869-ae5e-435c-b5a2-8ae18052e5d1|rpc:10.1.0.53:15029|admin:10.1.0.53:15028|client:10.1.0.53:15027|dataStream:10.1.0.53:15030|priority:1|startupRole:FOLLOWER]|listeners:[], old=null
2023-05-12 15:35:01,757 [cc26ca6c-2cda-43c4-8225-385dd9036c3c-groupManagement] INFO  server.RaftServer$Division (RaftServerImpl.java:setRole(329)) - cc26ca6c-2cda-43c4-8225-385dd9036c3c@group-8F1F17B70279: changes role from      null to FOLLOWER at term 0 for startAsFollower
2023-05-12 15:35:01,757 [cc26ca6c-2cda-43c4-8225-385dd9036c3c-groupManagement] INFO  impl.RoleInfo (RoleInfo.java:updateAndGet(139)) - cc26ca6c-2cda-43c4-8225-385dd9036c3c: start cc26ca6c-2cda-43c4-8225-385dd9036c3c@group-8F1F17B70279-FollowerState
2023-05-12 15:35:01,757 [cc26ca6c-2cda-43c4-8225-385dd9036c3c@group-8F1F17B70279-FollowerState] INFO  server.RaftServerConfigKeys (ConfUtils.java:logFallback(53)) - raft.server.rpc.first-election.timeout.min = 5s (fallback to raft.server.rpc.timeout.min)
2023-05-12 15:35:01,757 [cc26ca6c-2cda-43c4-8225-385dd9036c3c-groupManagement] INFO  util.JmxRegister (JmxRegister.java:tryRegister(44)) - Successfully registered JMX Bean with object name Ratis:service=RaftServer,group=group-8F1F17B70279,id=cc26ca6c-2cda-43c4-8225-385dd9036c3c
2023-05-12 15:35:01,758 [cc26ca6c-2cda-43c4-8225-385dd9036c3c@group-8F1F17B70279-FollowerState] INFO  server.RaftServerConfigKeys (ConfUtils.java:logFallback(53)) - raft.server.rpc.first-election.timeout.max = 5200ms (fallback to raft.server.rpc.timeout.max)
2023-05-12 15:35:01,758 [cc26ca6c-2cda-43c4-8225-385dd9036c3c-groupManagement] INFO  server.RaftServerConfigKeys (ConfUtils.java:logGet(46)) - raft.server.snapshot.auto.trigger.enabled = true (custom)
2023-05-12 15:35:01,758 [cc26ca6c-2cda-43c4-8225-385dd9036c3c-groupManagement] INFO  server.RaftServerConfigKeys (ConfUtils.java:logGet(46)) - raft.server.snapshot.auto.trigger.threshold = 10000 (custom)
2023-05-12 15:35:01,759 [cc26ca6c-2cda-43c4-8225-385dd9036c3c-groupManagement] INFO  server.RaftServerConfigKeys (ConfUtils.java:logGet(46)) - raft.server.snapshot.retention.file.num = 5 (custom)
2023-05-12 15:35:01,759 [cc26ca6c-2cda-43c4-8225-385dd9036c3c-groupManagement] INFO  server.RaftServerConfigKeys (ConfUtils.java:logGet(46)) - raft.server.log.purge.upto.snapshot.index = false (default)
2023-05-12 15:35:01,759 [Command processor thread] INFO  ratis.XceiverServerRatis (XceiverServerRatis.java:addGroup(806)) - Created group PipelineID=8257010a-e9ad-423e-9048-8f1f17b70279
2023-05-12 15:35:01,830 [grpc-default-executor-8] INFO  server.RaftServer (RaftServerProxy.java:addNew(98)) - 274a318d-4208-4a56-b0aa-605c6427dbd2: addNew group-8F1F17B70279:[274a318d-4208-4a56-b0aa-605c6427dbd2|rpc:10.1.0.53:15037|admin:10.1.0.53:15036|client:10.1.0.53:15035|dataStream:10.1.0.53:15038|priority:0|startupRole:FOLLOWER, cc26ca6c-2cda-43c4-8225-385dd9036c3c|rpc:10.1.0.53:15021|admin:10.1.0.53:15020|client:10.1.0.53:15019|dataStream:10.1.0.53:15022|priority:0|startupRole:FOLLOWER, 7fbba869-ae5e-435c-b5a2-8ae18052e5d1|rpc:10.1.0.53:15029|admin:10.1.0.53:15028|client:10.1.0.53:15027|dataStream:10.1.0.53:15030|priority:1|startupRole:FOLLOWER] returns group-8F1F17B70279:java.util.concurrent.CompletableFuture@190e4b47[Not completed]
2023-05-12 15:35:01,831 [274a318d-4208-4a56-b0aa-605c6427dbd2-groupManagement] INFO  server.RaftServer$Division (RaftServerImpl.java:<init>(198)) - 274a318d-4208-4a56-b0aa-605c6427dbd2: new RaftServerImpl for group-8F1F17B70279:[274a318d-4208-4a56-b0aa-605c6427dbd2|rpc:10.1.0.53:15037|admin:10.1.0.53:15036|client:10.1.0.53:15035|dataStream:10.1.0.53:15038|priority:0|startupRole:FOLLOWER, cc26ca6c-2cda-43c4-8225-385dd9036c3c|rpc:10.1.0.53:15021|admin:10.1.0.53:15020|client:10.1.0.53:15019|dataStream:10.1.0.53:15022|priority:0|startupRole:FOLLOWER, 7fbba869-ae5e-435c-b5a2-8ae18052e5d1|rpc:10.1.0.53:15029|admin:10.1.0.53:15028|client:10.1.0.53:15027|dataStream:10.1.0.53:15030|priority:1|startupRole:FOLLOWER] with ContainerStateMachine:uninitialized
2023-05-12 15:35:01,831 [274a318d-4208-4a56-b0aa-605c6427dbd2-groupManagement] INFO  server.RaftServerConfigKeys (ConfUtils.java:logGet(46)) - raft.server.rpc.timeout.min = 5s (custom)
2023-05-12 15:35:01,831 [274a318d-4208-4a56-b0aa-605c6427dbd2-groupManagement] INFO  server.RaftServerConfigKeys (ConfUtils.java:logGet(46)) - raft.server.rpc.timeout.max = 5200ms (custom)
2023-05-12 15:35:01,831 [274a318d-4208-4a56-b0aa-605c6427dbd2-groupManagement] INFO  server.RaftServerConfigKeys (ConfUtils.java:logGet(46)) - raft.server.rpc.sleep.time = 25ms (default)
2023-05-12 15:35:01,831 [274a318d-4208-4a56-b0aa-605c6427dbd2-groupManagement] INFO  server.RaftServerConfigKeys (ConfUtils.java:logGet(46)) - raft.server.rpc.slowness.timeout = 300s (custom)
2023-05-12 15:35:01,831 [274a318d-4208-4a56-b0aa-605c6427dbd2-groupManagement] INFO  server.RaftServerConfigKeys (ConfUtils.java:logGet(46)) - raft.server.leaderelection.leader.step-down.wait-time = 10s (default)
2023-05-12 15:35:01,831 [274a318d-4208-4a56-b0aa-605c6427dbd2-groupManagement] INFO  server.RaftServerConfigKeys (ConfUtils.java:logGet(46)) - raft.server.sleep.deviation.threshold = 300ms (default)
2023-05-12 15:35:01,832 [274a318d-4208-4a56-b0aa-605c6427dbd2-groupManagement] INFO  server.RaftServer$Division (ServerState.java:<init>(120)) - 274a318d-4208-4a56-b0aa-605c6427dbd2@group-8F1F17B70279: ConfigurationManager, init=-1: peers:[274a318d-4208-4a56-b0aa-605c6427dbd2|rpc:10.1.0.53:15037|admin:10.1.0.53:15036|client:10.1.0.53:15035|dataStream:10.1.0.53:15038|priority:0|startupRole:FOLLOWER, cc26ca6c-2cda-43c4-8225-385dd9036c3c|rpc:10.1.0.53:15021|admin:10.1.0.53:15020|client:10.1.0.53:15019|dataStream:10.1.0.53:15022|priority:0|startupRole:FOLLOWER, 7fbba869-ae5e-435c-b5a2-8ae18052e5d1|rpc:10.1.0.53:15029|admin:10.1.0.53:15028|client:10.1.0.53:15027|dataStream:10.1.0.53:15030|priority:1|startupRole:FOLLOWER]|listeners:[], old=null, confs=<EMPTY_MAP>
2023-05-12 15:35:01,832 [274a318d-4208-4a56-b0aa-605c6427dbd2-groupManagement] INFO  server.RaftServerConfigKeys (ConfUtils.java:logGet(46)) - raft.server.storage.dir = [/home/runner/work/ozone/ozone/hadoop-ozone/integration-test/target/test-dir/MiniOzoneClusterImpl-bfe86ff0-f9fb-433f-aae2-64a5a95eec81/datanode-2/data/ratis] (custom)
2023-05-12 15:35:01,832 [274a318d-4208-4a56-b0aa-605c6427dbd2-groupManagement] INFO  server.RaftServerConfigKeys (ConfUtils.java:logGet(46)) - raft.server.log.corruption.policy = EXCEPTION (default)
2023-05-12 15:35:01,832 [274a318d-4208-4a56-b0aa-605c6427dbd2-groupManagement] INFO  server.RaftServerConfigKeys (ConfUtils.java:logGet(46)) - raft.server.storage.free-space.min = 0MB (=0) (default)
2023-05-12 15:35:01,832 [274a318d-4208-4a56-b0aa-605c6427dbd2-groupManagement] INFO  server.RaftServerConfigKeys (ConfUtils.java:logGet(46)) - raft.server.notification.no-leader.timeout = 300s (custom)
2023-05-12 15:35:01,832 [274a318d-4208-4a56-b0aa-605c6427dbd2-groupManagement] INFO  server.RaftServerConfigKeys (ConfUtils.java:logGet(46)) - raft.server.read.timeout = 10s (default)
2023-05-12 15:35:01,832 [274a318d-4208-4a56-b0aa-605c6427dbd2-groupManagement] INFO  server.RaftServerConfigKeys (ConfUtils.java:logGet(46)) - raft.server.retrycache.expirytime = 600000ms (custom)
2023-05-12 15:35:01,832 [274a318d-4208-4a56-b0aa-605c6427dbd2-groupManagement] INFO  server.RaftServerConfigKeys (ConfUtils.java:logGet(46)) - raft.server.retrycache.statistics.expirytime = 100μs (default)
2023-05-12 15:35:01,832 [274a318d-4208-4a56-b0aa-605c6427dbd2-groupManagement] INFO  server.RaftServerConfigKeys (ConfUtils.java:logGet(46)) - raft.server.read.option = DEFAULT (default)
2023-05-12 15:35:01,842 [274a318d-4208-4a56-b0aa-605c6427dbd2-groupManagement] INFO  server.RaftServerConfigKeys (ConfUtils.java:logGet(46)) - raft.server.rpc.request.timeout = 60s (custom)
2023-05-12 15:35:01,842 [274a318d-4208-4a56-b0aa-605c6427dbd2-groupManagement] INFO  server.RaftServerConfigKeys (ConfUtils.java:logGet(46)) - raft.server.log.appender.install.snapshot.enabled = false (custom)
2023-05-12 15:35:01,842 [274a318d-4208-4a56-b0aa-605c6427dbd2-groupManagement] INFO  server.RaftServerConfigKeys (ConfUtils.java:logGet(46)) - raft.server.threadpool.server.cached = true (default)
2023-05-12 15:35:01,842 [274a318d-4208-4a56-b0aa-605c6427dbd2-groupManagement] INFO  server.RaftServerConfigKeys (ConfUtils.java:logGet(46)) - raft.server.threadpool.server.size = 0 (default)
2023-05-12 15:35:01,842 [274a318d-4208-4a56-b0aa-605c6427dbd2-groupManagement] INFO  server.RaftServerConfigKeys (ConfUtils.java:logGet(46)) - raft.server.threadpool.client.cached = true (default)
2023-05-12 15:35:01,842 [274a318d-4208-4a56-b0aa-605c6427dbd2-groupManagement] INFO  server.RaftServerConfigKeys (ConfUtils.java:logGet(46)) - raft.server.threadpool.client.size = 0 (default)
2023-05-12 15:35:01,842 [274a318d-4208-4a56-b0aa-605c6427dbd2-groupManagement] INFO  storage.RaftStorageDirectory (RaftStorageDirectoryImpl.java:analyzeStorage(137)) - The storage directory /home/runner/work/ozone/ozone/hadoop-ozone/integration-test/target/test-dir/MiniOzoneClusterImpl-bfe86ff0-f9fb-433f-aae2-64a5a95eec81/datanode-2/data/ratis/8257010a-e9ad-423e-9048-8f1f17b70279 does not exist. Creating ...
2023-05-12 15:35:01,845 [274a318d-4208-4a56-b0aa-605c6427dbd2-groupManagement] INFO  storage.RaftStorageDirectory (RaftStorageDirectoryImpl.java:tryLock(231)) - Lock on /home/runner/work/ozone/ozone/hadoop-ozone/integration-test/target/test-dir/MiniOzoneClusterImpl-bfe86ff0-f9fb-433f-aae2-64a5a95eec81/datanode-2/data/ratis/8257010a-e9ad-423e-9048-8f1f17b70279/in_use.lock acquired by nodename 89313@fv-az1245-539
2023-05-12 15:35:01,847 [274a318d-4208-4a56-b0aa-605c6427dbd2-groupManagement] INFO  storage.RaftStorage (RaftStorageImpl.java:format(96)) - Storage directory /home/runner/work/ozone/ozone/hadoop-ozone/integration-test/target/test-dir/MiniOzoneClusterImpl-bfe86ff0-f9fb-433f-aae2-64a5a95eec81/datanode-2/data/ratis/8257010a-e9ad-423e-9048-8f1f17b70279 has been successfully formatted.
2023-05-12 15:35:01,848 [274a318d-4208-4a56-b0aa-605c6427dbd2-groupManagement] INFO  ratis.ContainerStateMachine (ContainerStateMachine.java:loadSnapshot(262)) - group-8F1F17B70279: The snapshot info is null. Setting the last applied indexto:(t:0, i:~)
2023-05-12 15:35:01,849 [274a318d-4208-4a56-b0aa-605c6427dbd2-groupManagement] INFO  server.RaftServerConfigKeys (ConfUtils.java:logGet(46)) - raft.server.log.use.memory = false (default)
2023-05-12 15:35:01,849 [274a318d-4208-4a56-b0aa-605c6427dbd2-groupManagement] INFO  server.RaftServerConfigKeys (ConfUtils.java:logGet(46)) - raft.server.log.purge.gap = 1000000 (custom)
2023-05-12 15:35:01,852 [274a318d-4208-4a56-b0aa-605c6427dbd2-groupManagement] INFO  server.RaftServerConfigKeys (ConfUtils.java:logGet(46)) - raft.server.log.appender.buffer.byte-limit = 33554432 (custom)
2023-05-12 15:35:01,852 [274a318d-4208-4a56-b0aa-605c6427dbd2-groupManagement] INFO  server.RaftServerConfigKeys (ConfUtils.java:logGet(46)) - raft.server.log.statemachine.data.read.timeout = 1000ms (default)
2023-05-12 15:35:01,852 [274a318d-4208-4a56-b0aa-605c6427dbd2-groupManagement] INFO  server.RaftServerConfigKeys (ConfUtils.java:logGet(46)) - raft.server.log.purge.preservation.log.num = 0 (default)
2023-05-12 15:35:01,852 [274a318d-4208-4a56-b0aa-605c6427dbd2-groupManagement] INFO  server.RaftServerConfigKeys (ConfUtils.java:logGet(46)) - raft.server.log.segment.size.max = 1048576 (custom)
2023-05-12 15:35:01,852 [274a318d-4208-4a56-b0aa-605c6427dbd2-groupManagement] INFO  server.RaftServerConfigKeys (ConfUtils.java:logGet(46)) - raft.server.log.segment.cache.num.max = 2 (custom)
2023-05-12 15:35:01,853 [274a318d-4208-4a56-b0aa-605c6427dbd2-groupManagement] INFO  server.RaftServerConfigKeys (ConfUtils.java:logGet(46)) - raft.server.log.segment.cache.size.max = 200MB (=209715200) (default)
2023-05-12 15:35:01,853 [274a318d-4208-4a56-b0aa-605c6427dbd2-groupManagement] INFO  server.RaftServerConfigKeys (ConfUtils.java:logGet(46)) - raft.server.log.appender.buffer.byte-limit = 33554432 (custom)
2023-05-12 15:35:01,853 [274a318d-4208-4a56-b0aa-605c6427dbd2-groupManagement] INFO  segmented.SegmentedRaftLogWorker (SegmentedRaftLogWorker.java:<init>(188)) - new 274a318d-4208-4a56-b0aa-605c6427dbd2@group-8F1F17B70279-SegmentedRaftLogWorker for RaftStorageImpl:Storage Directory /home/runner/work/ozone/ozone/hadoop-ozone/integration-test/target/test-dir/MiniOzoneClusterImpl-bfe86ff0-f9fb-433f-aae2-64a5a95eec81/datanode-2/data/ratis/8257010a-e9ad-423e-9048-8f1f17b70279
2023-05-12 15:35:01,853 [274a318d-4208-4a56-b0aa-605c6427dbd2-groupManagement] INFO  server.RaftServerConfigKeys (ConfUtils.java:logGet(46)) - raft.server.log.queue.byte-limit = 4294967296 (custom)
2023-05-12 15:35:01,854 [274a318d-4208-4a56-b0aa-605c6427dbd2-groupManagement] INFO  server.RaftServerConfigKeys (ConfUtils.java:logGet(46)) - raft.server.log.queue.element-limit = 1024 (custom)
2023-05-12 15:35:01,854 [274a318d-4208-4a56-b0aa-605c6427dbd2-groupManagement] INFO  server.RaftServerConfigKeys (ConfUtils.java:logGet(46)) - raft.server.log.segment.size.max = 1048576 (custom)
2023-05-12 15:35:01,854 [274a318d-4208-4a56-b0aa-605c6427dbd2-groupManagement] INFO  server.RaftServerConfigKeys (ConfUtils.java:logGet(46)) - raft.server.log.preallocated.size = 16384 (custom)
2023-05-12 15:35:01,854 [274a318d-4208-4a56-b0aa-605c6427dbd2-groupManagement] INFO  server.RaftServerConfigKeys (ConfUtils.java:logGet(46)) - raft.server.log.force.sync.num = 128 (default)
2023-05-12 15:35:01,854 [274a318d-4208-4a56-b0aa-605c6427dbd2-groupManagement] INFO  server.RaftServerConfigKeys (ConfUtils.java:logGet(46)) - raft.server.log.statemachine.data.sync = true (default)
2023-05-12 15:35:01,854 [274a318d-4208-4a56-b0aa-605c6427dbd2-groupManagement] INFO  server.RaftServerConfigKeys (ConfUtils.java:logGet(46)) - raft.server.log.statemachine.data.sync.timeout = 10s (default)
2023-05-12 15:35:01,854 [274a318d-4208-4a56-b0aa-605c6427dbd2-groupManagement] INFO  server.RaftServerConfigKeys (ConfUtils.java:logGet(46)) - raft.server.log.statemachine.data.sync.timeout.retry = -1 (default)
2023-05-12 15:35:01,855 [274a318d-4208-4a56-b0aa-605c6427dbd2-groupManagement] INFO  server.RaftServerConfigKeys (ConfUtils.java:logGet(46)) - raft.server.log.write.buffer.size = 1048576 (custom)
2023-05-12 15:35:01,856 [274a318d-4208-4a56-b0aa-605c6427dbd2-groupManagement] INFO  server.RaftServerConfigKeys (ConfUtils.java:logGet(46)) - raft.server.log.appender.buffer.byte-limit = 33554432 (custom)
2023-05-12 15:35:01,865 [274a318d-4208-4a56-b0aa-605c6427dbd2-groupManagement] INFO  server.RaftServerConfigKeys (ConfUtils.java:logGet(46)) - raft.server.log.unsafe-flush.enabled = false (default)
2023-05-12 15:35:01,865 [274a318d-4208-4a56-b0aa-605c6427dbd2-groupManagement] INFO  server.RaftServerConfigKeys (ConfUtils.java:logGet(46)) - raft.server.log.async-flush.enabled = false (default)
2023-05-12 15:35:01,865 [274a318d-4208-4a56-b0aa-605c6427dbd2-groupManagement] INFO  server.RaftServerConfigKeys (ConfUtils.java:logGet(46)) - raft.server.log.statemachine.data.caching.enabled = true (custom)
2023-05-12 15:35:01,865 [274a318d-4208-4a56-b0aa-605c6427dbd2-groupManagement] INFO  segmented.SegmentedRaftLogWorker (SegmentedRaftLogWorker.java:lambda$new$0(135)) - 274a318d-4208-4a56-b0aa-605c6427dbd2@group-8F1F17B70279-SegmentedRaftLogWorker: flushIndex: setUnconditionally 0 -> -1
2023-05-12 15:35:01,865 [274a318d-4208-4a56-b0aa-605c6427dbd2-groupManagement] INFO  segmented.SegmentedRaftLogWorker (SegmentedRaftLogWorker.java:lambda$new$0(135)) - 274a318d-4208-4a56-b0aa-605c6427dbd2@group-8F1F17B70279-SegmentedRaftLogWorker: safeCacheEvictIndex: setUnconditionally 0 -> -1
2023-05-12 15:35:01,866 [274a318d-4208-4a56-b0aa-605c6427dbd2-groupManagement] INFO  server.RaftServer$Division (RaftServerImpl.java:start(342)) - 274a318d-4208-4a56-b0aa-605c6427dbd2@group-8F1F17B70279: start as a follower, conf=-1: peers:[274a318d-4208-4a56-b0aa-605c6427dbd2|rpc:10.1.0.53:15037|admin:10.1.0.53:15036|client:10.1.0.53:15035|dataStream:10.1.0.53:15038|priority:0|startupRole:FOLLOWER, cc26ca6c-2cda-43c4-8225-385dd9036c3c|rpc:10.1.0.53:15021|admin:10.1.0.53:15020|client:10.1.0.53:15019|dataStream:10.1.0.53:15022|priority:0|startupRole:FOLLOWER, 7fbba869-ae5e-435c-b5a2-8ae18052e5d1|rpc:10.1.0.53:15029|admin:10.1.0.53:15028|client:10.1.0.53:15027|dataStream:10.1.0.53:15030|priority:1|startupRole:FOLLOWER]|listeners:[], old=null
2023-05-12 15:35:01,866 [274a318d-4208-4a56-b0aa-605c6427dbd2-groupManagement] INFO  server.RaftServer$Division (RaftServerImpl.java:setRole(329)) - 274a318d-4208-4a56-b0aa-605c6427dbd2@group-8F1F17B70279: changes role from      null to FOLLOWER at term 0 for startAsFollower
2023-05-12 15:35:01,866 [274a318d-4208-4a56-b0aa-605c6427dbd2-groupManagement] INFO  impl.RoleInfo (RoleInfo.java:updateAndGet(139)) - 274a318d-4208-4a56-b0aa-605c6427dbd2: start 274a318d-4208-4a56-b0aa-605c6427dbd2@group-8F1F17B70279-FollowerState
2023-05-12 15:35:01,869 [274a318d-4208-4a56-b0aa-605c6427dbd2-groupManagement] INFO  util.JmxRegister (JmxRegister.java:tryRegister(44)) - Successfully registered JMX Bean with object name Ratis:service=RaftServer,group=group-8F1F17B70279,id=274a318d-4208-4a56-b0aa-605c6427dbd2
2023-05-12 15:35:01,869 [274a318d-4208-4a56-b0aa-605c6427dbd2-groupManagement] INFO  server.RaftServerConfigKeys (ConfUtils.java:logGet(46)) - raft.server.snapshot.auto.trigger.enabled = true (custom)
2023-05-12 15:35:01,869 [274a318d-4208-4a56-b0aa-605c6427dbd2-groupManagement] INFO  server.RaftServerConfigKeys (ConfUtils.java:logGet(46)) - raft.server.snapshot.auto.trigger.threshold = 10000 (custom)
2023-05-12 15:35:01,869 [274a318d-4208-4a56-b0aa-605c6427dbd2-groupManagement] INFO  server.RaftServerConfigKeys (ConfUtils.java:logGet(46)) - raft.server.snapshot.retention.file.num = 5 (custom)
2023-05-12 15:35:01,869 [274a318d-4208-4a56-b0aa-605c6427dbd2-groupManagement] INFO  server.RaftServerConfigKeys (ConfUtils.java:logGet(46)) - raft.server.log.purge.upto.snapshot.index = false (default)
2023-05-12 15:35:01,870 [274a318d-4208-4a56-b0aa-605c6427dbd2@group-8F1F17B70279-FollowerState] INFO  server.RaftServerConfigKeys (ConfUtils.java:logFallback(53)) - raft.server.rpc.first-election.timeout.min = 5s (fallback to raft.server.rpc.timeout.min)
2023-05-12 15:35:01,872 [274a318d-4208-4a56-b0aa-605c6427dbd2@group-8F1F17B70279-FollowerState] INFO  server.RaftServerConfigKeys (ConfUtils.java:logFallback(53)) - raft.server.rpc.first-election.timeout.max = 5200ms (fallback to raft.server.rpc.timeout.max)
2023-05-12 15:35:01,916 [grpc-default-executor-8] INFO  server.RaftServer (RaftServerProxy.java:addNew(98)) - 7fbba869-ae5e-435c-b5a2-8ae18052e5d1: addNew group-8F1F17B70279:[274a318d-4208-4a56-b0aa-605c6427dbd2|rpc:10.1.0.53:15037|admin:10.1.0.53:15036|client:10.1.0.53:15035|dataStream:10.1.0.53:15038|priority:0|startupRole:FOLLOWER, cc26ca6c-2cda-43c4-8225-385dd9036c3c|rpc:10.1.0.53:15021|admin:10.1.0.53:15020|client:10.1.0.53:15019|dataStream:10.1.0.53:15022|priority:0|startupRole:FOLLOWER, 7fbba869-ae5e-435c-b5a2-8ae18052e5d1|rpc:10.1.0.53:15029|admin:10.1.0.53:15028|client:10.1.0.53:15027|dataStream:10.1.0.53:15030|priority:1|startupRole:FOLLOWER] returns group-8F1F17B70279:java.util.concurrent.CompletableFuture@cc6d0ec[Not completed]
2023-05-12 15:35:01,918 [7fbba869-ae5e-435c-b5a2-8ae18052e5d1-groupManagement] INFO  server.RaftServer$Division (RaftServerImpl.java:<init>(198)) - 7fbba869-ae5e-435c-b5a2-8ae18052e5d1: new RaftServerImpl for group-8F1F17B70279:[274a318d-4208-4a56-b0aa-605c6427dbd2|rpc:10.1.0.53:15037|admin:10.1.0.53:15036|client:10.1.0.53:15035|dataStream:10.1.0.53:15038|priority:0|startupRole:FOLLOWER, cc26ca6c-2cda-43c4-8225-385dd9036c3c|rpc:10.1.0.53:15021|admin:10.1.0.53:15020|client:10.1.0.53:15019|dataStream:10.1.0.53:15022|priority:0|startupRole:FOLLOWER, 7fbba869-ae5e-435c-b5a2-8ae18052e5d1|rpc:10.1.0.53:15029|admin:10.1.0.53:15028|client:10.1.0.53:15027|dataStream:10.1.0.53:15030|priority:1|startupRole:FOLLOWER] with ContainerStateMachine:uninitialized
2023-05-12 15:35:01,918 [7fbba869-ae5e-435c-b5a2-8ae18052e5d1-groupManagement] INFO  server.RaftServerConfigKeys (ConfUtils.java:logGet(46)) - raft.server.rpc.timeout.min = 5s (custom)
2023-05-12 15:35:01,918 [7fbba869-ae5e-435c-b5a2-8ae18052e5d1-groupManagement] INFO  server.RaftServerConfigKeys (ConfUtils.java:logGet(46)) - raft.server.rpc.timeout.max = 5200ms (custom)
2023-05-12 15:35:01,918 [7fbba869-ae5e-435c-b5a2-8ae18052e5d1-groupManagement] INFO  server.RaftServerConfigKeys (ConfUtils.java:logGet(46)) - raft.server.rpc.sleep.time = 25ms (default)
2023-05-12 15:35:01,918 [7fbba869-ae5e-435c-b5a2-8ae18052e5d1-groupManagement] INFO  server.RaftServerConfigKeys (ConfUtils.java:logGet(46)) - raft.server.rpc.slowness.timeout = 300s (custom)
2023-05-12 15:35:01,918 [7fbba869-ae5e-435c-b5a2-8ae18052e5d1-groupManagement] INFO  server.RaftServerConfigKeys (ConfUtils.java:logGet(46)) - raft.server.leaderelection.leader.step-down.wait-time = 10s (default)
2023-05-12 15:35:01,918 [7fbba869-ae5e-435c-b5a2-8ae18052e5d1-groupManagement] INFO  server.RaftServerConfigKeys (ConfUtils.java:logGet(46)) - raft.server.sleep.deviation.threshold = 300ms (default)
2023-05-12 15:35:01,918 [7fbba869-ae5e-435c-b5a2-8ae18052e5d1-groupManagement] INFO  server.RaftServer$Division (ServerState.java:<init>(120)) - 7fbba869-ae5e-435c-b5a2-8ae18052e5d1@group-8F1F17B70279: ConfigurationManager, init=-1: peers:[274a318d-4208-4a56-b0aa-605c6427dbd2|rpc:10.1.0.53:15037|admin:10.1.0.53:15036|client:10.1.0.53:15035|dataStream:10.1.0.53:15038|priority:0|startupRole:FOLLOWER, cc26ca6c-2cda-43c4-8225-385dd9036c3c|rpc:10.1.0.53:15021|admin:10.1.0.53:15020|client:10.1.0.53:15019|dataStream:10.1.0.53:15022|priority:0|startupRole:FOLLOWER, 7fbba869-ae5e-435c-b5a2-8ae18052e5d1|rpc:10.1.0.53:15029|admin:10.1.0.53:15028|client:10.1.0.53:15027|dataStream:10.1.0.53:15030|priority:1|startupRole:FOLLOWER]|listeners:[], old=null, confs=<EMPTY_MAP>
2023-05-12 15:35:01,918 [7fbba869-ae5e-435c-b5a2-8ae18052e5d1-groupManagement] INFO  server.RaftServerConfigKeys (ConfUtils.java:logGet(46)) - raft.server.storage.dir = [/home/runner/work/ozone/ozone/hadoop-ozone/integration-test/target/test-dir/MiniOzoneClusterImpl-bfe86ff0-f9fb-433f-aae2-64a5a95eec81/datanode-1/data/ratis] (custom)
2023-05-12 15:35:01,918 [7fbba869-ae5e-435c-b5a2-8ae18052e5d1-groupManagement] INFO  server.RaftServerConfigKeys (ConfUtils.java:logGet(46)) - raft.server.log.corruption.policy = EXCEPTION (default)
2023-05-12 15:35:01,918 [7fbba869-ae5e-435c-b5a2-8ae18052e5d1-groupManagement] INFO  server.RaftServerConfigKeys (ConfUtils.java:logGet(46)) - raft.server.storage.free-space.min = 0MB (=0) (default)
2023-05-12 15:35:01,918 [7fbba869-ae5e-435c-b5a2-8ae18052e5d1-groupManagement] INFO  server.RaftServerConfigKeys (ConfUtils.java:logGet(46)) - raft.server.notification.no-leader.timeout = 300s (custom)
2023-05-12 15:35:01,919 [7fbba869-ae5e-435c-b5a2-8ae18052e5d1-groupManagement] INFO  server.RaftServerConfigKeys (ConfUtils.java:logGet(46)) - raft.server.read.timeout = 10s (default)
2023-05-12 15:35:01,919 [7fbba869-ae5e-435c-b5a2-8ae18052e5d1-groupManagement] INFO  server.RaftServerConfigKeys (ConfUtils.java:logGet(46)) - raft.server.retrycache.expirytime = 600000ms (custom)
2023-05-12 15:35:01,919 [7fbba869-ae5e-435c-b5a2-8ae18052e5d1-groupManagement] INFO  server.RaftServerConfigKeys (ConfUtils.java:logGet(46)) - raft.server.retrycache.statistics.expirytime = 100μs (default)
2023-05-12 15:35:01,919 [7fbba869-ae5e-435c-b5a2-8ae18052e5d1-groupManagement] INFO  server.RaftServerConfigKeys (ConfUtils.java:logGet(46)) - raft.server.read.option = DEFAULT (default)
2023-05-12 15:35:01,920 [7fbba869-ae5e-435c-b5a2-8ae18052e5d1-groupManagement] INFO  server.RaftServerConfigKeys (ConfUtils.java:logGet(46)) - raft.server.rpc.request.timeout = 60s (custom)
2023-05-12 15:35:01,920 [7fbba869-ae5e-435c-b5a2-8ae18052e5d1-groupManagement] INFO  server.RaftServerConfigKeys (ConfUtils.java:logGet(46)) - raft.server.log.appender.install.snapshot.enabled = false (custom)
2023-05-12 15:35:01,920 [7fbba869-ae5e-435c-b5a2-8ae18052e5d1-groupManagement] INFO  server.RaftServerConfigKeys (ConfUtils.java:logGet(46)) - raft.server.threadpool.server.cached = true (default)
2023-05-12 15:35:01,920 [7fbba869-ae5e-435c-b5a2-8ae18052e5d1-groupManagement] INFO  server.RaftServerConfigKeys (ConfUtils.java:logGet(46)) - raft.server.threadpool.server.size = 0 (default)
2023-05-12 15:35:01,920 [7fbba869-ae5e-435c-b5a2-8ae18052e5d1-groupManagement] INFO  server.RaftServerConfigKeys (ConfUtils.java:logGet(46)) - raft.server.threadpool.client.cached = true (default)
2023-05-12 15:35:01,921 [7fbba869-ae5e-435c-b5a2-8ae18052e5d1-groupManagement] INFO  server.RaftServerConfigKeys (ConfUtils.java:logGet(46)) - raft.server.threadpool.client.size = 0 (default)
2023-05-12 15:35:01,921 [7fbba869-ae5e-435c-b5a2-8ae18052e5d1-groupManagement] INFO  storage.RaftStorageDirectory (RaftStorageDirectoryImpl.java:analyzeStorage(137)) - The storage directory /home/runner/work/ozone/ozone/hadoop-ozone/integration-test/target/test-dir/MiniOzoneClusterImpl-bfe86ff0-f9fb-433f-aae2-64a5a95eec81/datanode-1/data/ratis/8257010a-e9ad-423e-9048-8f1f17b70279 does not exist. Creating ...
2023-05-12 15:35:01,923 [7fbba869-ae5e-435c-b5a2-8ae18052e5d1-groupManagement] INFO  storage.RaftStorageDirectory (RaftStorageDirectoryImpl.java:tryLock(231)) - Lock on /home/runner/work/ozone/ozone/hadoop-ozone/integration-test/target/test-dir/MiniOzoneClusterImpl-bfe86ff0-f9fb-433f-aae2-64a5a95eec81/datanode-1/data/ratis/8257010a-e9ad-423e-9048-8f1f17b70279/in_use.lock acquired by nodename 89313@fv-az1245-539
2023-05-12 15:35:01,924 [7fbba869-ae5e-435c-b5a2-8ae18052e5d1-groupManagement] INFO  storage.RaftStorage (RaftStorageImpl.java:format(96)) - Storage directory /home/runner/work/ozone/ozone/hadoop-ozone/integration-test/target/test-dir/MiniOzoneClusterImpl-bfe86ff0-f9fb-433f-aae2-64a5a95eec81/datanode-1/data/ratis/8257010a-e9ad-423e-9048-8f1f17b70279 has been successfully formatted.
2023-05-12 15:35:01,929 [7fbba869-ae5e-435c-b5a2-8ae18052e5d1-groupManagement] INFO  ratis.ContainerStateMachine (ContainerStateMachine.java:loadSnapshot(262)) - group-8F1F17B70279: The snapshot info is null. Setting the last applied indexto:(t:0, i:~)
2023-05-12 15:35:01,930 [7fbba869-ae5e-435c-b5a2-8ae18052e5d1-groupManagement] INFO  server.RaftServerConfigKeys (ConfUtils.java:logGet(46)) - raft.server.log.use.memory = false (default)
2023-05-12 15:35:01,930 [7fbba869-ae5e-435c-b5a2-8ae18052e5d1-groupManagement] INFO  server.RaftServerConfigKeys (ConfUtils.java:logGet(46)) - raft.server.log.purge.gap = 1000000 (custom)
2023-05-12 15:35:01,930 [7fbba869-ae5e-435c-b5a2-8ae18052e5d1-groupManagement] INFO  server.RaftServerConfigKeys (ConfUtils.java:logGet(46)) - raft.server.log.appender.buffer.byte-limit = 33554432 (custom)
2023-05-12 15:35:01,930 [7fbba869-ae5e-435c-b5a2-8ae18052e5d1-groupManagement] INFO  server.RaftServerConfigKeys (ConfUtils.java:logGet(46)) - raft.server.log.statemachine.data.read.timeout = 1000ms (default)
2023-05-12 15:35:01,930 [7fbba869-ae5e-435c-b5a2-8ae18052e5d1-groupManagement] INFO  server.RaftServerConfigKeys (ConfUtils.java:logGet(46)) - raft.server.log.purge.preservation.log.num = 0 (default)
2023-05-12 15:35:01,930 [7fbba869-ae5e-435c-b5a2-8ae18052e5d1-groupManagement] INFO  server.RaftServerConfigKeys (ConfUtils.java:logGet(46)) - raft.server.log.segment.size.max = 1048576 (custom)
2023-05-12 15:35:01,931 [7fbba869-ae5e-435c-b5a2-8ae18052e5d1-groupManagement] INFO  server.RaftServerConfigKeys (ConfUtils.java:logGet(46)) - raft.server.log.segment.cache.num.max = 2 (custom)
2023-05-12 15:35:01,931 [7fbba869-ae5e-435c-b5a2-8ae18052e5d1-groupManagement] INFO  server.RaftServerConfigKeys (ConfUtils.java:logGet(46)) - raft.server.log.segment.cache.size.max = 200MB (=209715200) (default)
2023-05-12 15:35:01,931 [7fbba869-ae5e-435c-b5a2-8ae18052e5d1-groupManagement] INFO  server.RaftServerConfigKeys (ConfUtils.java:logGet(46)) - raft.server.log.appender.buffer.byte-limit = 33554432 (custom)
2023-05-12 15:35:01,931 [7fbba869-ae5e-435c-b5a2-8ae18052e5d1-groupManagement] INFO  segmented.SegmentedRaftLogWorker (SegmentedRaftLogWorker.java:<init>(188)) - new 7fbba869-ae5e-435c-b5a2-8ae18052e5d1@group-8F1F17B70279-SegmentedRaftLogWorker for RaftStorageImpl:Storage Directory /home/runner/work/ozone/ozone/hadoop-ozone/integration-test/target/test-dir/MiniOzoneClusterImpl-bfe86ff0-f9fb-433f-aae2-64a5a95eec81/datanode-1/data/ratis/8257010a-e9ad-423e-9048-8f1f17b70279
2023-05-12 15:35:01,931 [7fbba869-ae5e-435c-b5a2-8ae18052e5d1-groupManagement] INFO  server.RaftServerConfigKeys (ConfUtils.java:logGet(46)) - raft.server.log.queue.byte-limit = 4294967296 (custom)
2023-05-12 15:35:01,931 [7fbba869-ae5e-435c-b5a2-8ae18052e5d1-groupManagement] INFO  server.RaftServerConfigKeys (ConfUtils.java:logGet(46)) - raft.server.log.queue.element-limit = 1024 (custom)
2023-05-12 15:35:01,931 [7fbba869-ae5e-435c-b5a2-8ae18052e5d1-groupManagement] INFO  server.RaftServerConfigKeys (ConfUtils.java:logGet(46)) - raft.server.log.segment.size.max = 1048576 (custom)
2023-05-12 15:35:01,931 [7fbba869-ae5e-435c-b5a2-8ae18052e5d1-groupManagement] INFO  server.RaftServerConfigKeys (ConfUtils.java:logGet(46)) - raft.server.log.preallocated.size = 16384 (custom)
2023-05-12 15:35:01,931 [7fbba869-ae5e-435c-b5a2-8ae18052e5d1-groupManagement] INFO  server.RaftServerConfigKeys (ConfUtils.java:logGet(46)) - raft.server.log.force.sync.num = 128 (default)
2023-05-12 15:35:01,931 [7fbba869-ae5e-435c-b5a2-8ae18052e5d1-groupManagement] INFO  server.RaftServerConfigKeys (ConfUtils.java:logGet(46)) - raft.server.log.statemachine.data.sync = true (default)
2023-05-12 15:35:01,931 [7fbba869-ae5e-435c-b5a2-8ae18052e5d1-groupManagement] INFO  server.RaftServerConfigKeys (ConfUtils.java:logGet(46)) - raft.server.log.statemachine.data.sync.timeout = 10s (default)
2023-05-12 15:35:01,931 [7fbba869-ae5e-435c-b5a2-8ae18052e5d1-groupManagement] INFO  server.RaftServerConfigKeys (ConfUtils.java:logGet(46)) - raft.server.log.statemachine.data.sync.timeout.retry = -1 (default)
2023-05-12 15:35:01,932 [7fbba869-ae5e-435c-b5a2-8ae18052e5d1-groupManagement] INFO  server.RaftServerConfigKeys (ConfUtils.java:logGet(46)) - raft.server.log.write.buffer.size = 1048576 (custom)
2023-05-12 15:35:01,933 [7fbba869-ae5e-435c-b5a2-8ae18052e5d1-groupManagement] INFO  server.RaftServerConfigKeys (ConfUtils.java:logGet(46)) - raft.server.log.appender.buffer.byte-limit = 33554432 (custom)
2023-05-12 15:35:01,938 [7fbba869-ae5e-435c-b5a2-8ae18052e5d1-groupManagement] INFO  server.RaftServerConfigKeys (ConfUtils.java:logGet(46)) - raft.server.log.unsafe-flush.enabled = false (default)
2023-05-12 15:35:01,938 [7fbba869-ae5e-435c-b5a2-8ae18052e5d1-groupManagement] INFO  server.RaftServerConfigKeys (ConfUtils.java:logGet(46)) - raft.server.log.async-flush.enabled = false (default)
2023-05-12 15:35:01,938 [7fbba869-ae5e-435c-b5a2-8ae18052e5d1-groupManagement] INFO  server.RaftServerConfigKeys (ConfUtils.java:logGet(46)) - raft.server.log.statemachine.data.caching.enabled = true (custom)
2023-05-12 15:35:01,938 [7fbba869-ae5e-435c-b5a2-8ae18052e5d1-groupManagement] INFO  segmented.SegmentedRaftLogWorker (SegmentedRaftLogWorker.java:lambda$new$0(135)) - 7fbba869-ae5e-435c-b5a2-8ae18052e5d1@group-8F1F17B70279-SegmentedRaftLogWorker: flushIndex: setUnconditionally 0 -> -1
2023-05-12 15:35:01,938 [7fbba869-ae5e-435c-b5a2-8ae18052e5d1-groupManagement] INFO  segmented.SegmentedRaftLogWorker (SegmentedRaftLogWorker.java:lambda$new$0(135)) - 7fbba869-ae5e-435c-b5a2-8ae18052e5d1@group-8F1F17B70279-SegmentedRaftLogWorker: safeCacheEvictIndex: setUnconditionally 0 -> -1
2023-05-12 15:35:01,938 [7fbba869-ae5e-435c-b5a2-8ae18052e5d1-groupManagement] INFO  server.RaftServer$Division (RaftServerImpl.java:start(342)) - 7fbba869-ae5e-435c-b5a2-8ae18052e5d1@group-8F1F17B70279: start as a follower, conf=-1: peers:[274a318d-4208-4a56-b0aa-605c6427dbd2|rpc:10.1.0.53:15037|admin:10.1.0.53:15036|client:10.1.0.53:15035|dataStream:10.1.0.53:15038|priority:0|startupRole:FOLLOWER, cc26ca6c-2cda-43c4-8225-385dd9036c3c|rpc:10.1.0.53:15021|admin:10.1.0.53:15020|client:10.1.0.53:15019|dataStream:10.1.0.53:15022|priority:0|startupRole:FOLLOWER, 7fbba869-ae5e-435c-b5a2-8ae18052e5d1|rpc:10.1.0.53:15029|admin:10.1.0.53:15028|client:10.1.0.53:15027|dataStream:10.1.0.53:15030|priority:1|startupRole:FOLLOWER]|listeners:[], old=null
2023-05-12 15:35:01,938 [7fbba869-ae5e-435c-b5a2-8ae18052e5d1-groupManagement] INFO  server.RaftServer$Division (RaftServerImpl.java:setRole(329)) - 7fbba869-ae5e-435c-b5a2-8ae18052e5d1@group-8F1F17B70279: changes role from      null to FOLLOWER at term 0 for startAsFollower
2023-05-12 15:35:01,938 [7fbba869-ae5e-435c-b5a2-8ae18052e5d1-groupManagement] INFO  impl.RoleInfo (RoleInfo.java:updateAndGet(139)) - 7fbba869-ae5e-435c-b5a2-8ae18052e5d1: start 7fbba869-ae5e-435c-b5a2-8ae18052e5d1@group-8F1F17B70279-FollowerState
2023-05-12 15:35:01,939 [7fbba869-ae5e-435c-b5a2-8ae18052e5d1-groupManagement] INFO  util.JmxRegister (JmxRegister.java:tryRegister(44)) - Successfully registered JMX Bean with object name Ratis:service=RaftServer,group=group-8F1F17B70279,id=7fbba869-ae5e-435c-b5a2-8ae18052e5d1
2023-05-12 15:35:01,939 [7fbba869-ae5e-435c-b5a2-8ae18052e5d1@group-8F1F17B70279-FollowerState] INFO  server.RaftServerConfigKeys (ConfUtils.java:logFallback(53)) - raft.server.rpc.first-election.timeout.min = 5s (fallback to raft.server.rpc.timeout.min)
2023-05-12 15:35:01,940 [7fbba869-ae5e-435c-b5a2-8ae18052e5d1-groupManagement] INFO  server.RaftServerConfigKeys (ConfUtils.java:logGet(46)) - raft.server.snapshot.auto.trigger.enabled = true (custom)
2023-05-12 15:35:01,940 [7fbba869-ae5e-435c-b5a2-8ae18052e5d1-groupManagement] INFO  server.RaftServerConfigKeys (ConfUtils.java:logGet(46)) - raft.server.snapshot.auto.trigger.threshold = 10000 (custom)
2023-05-12 15:35:01,940 [7fbba869-ae5e-435c-b5a2-8ae18052e5d1-groupManagement] INFO  server.RaftServerConfigKeys (ConfUtils.java:logGet(46)) - raft.server.snapshot.retention.file.num = 5 (custom)
2023-05-12 15:35:01,940 [7fbba869-ae5e-435c-b5a2-8ae18052e5d1-groupManagement] INFO  server.RaftServerConfigKeys (ConfUtils.java:logGet(46)) - raft.server.log.purge.upto.snapshot.index = false (default)
2023-05-12 15:35:01,940 [7fbba869-ae5e-435c-b5a2-8ae18052e5d1@group-8F1F17B70279-FollowerState] INFO  server.RaftServerConfigKeys (ConfUtils.java:logFallback(53)) - raft.server.rpc.first-election.timeout.max = 5200ms (fallback to raft.server.rpc.timeout.max)
2023-05-12 15:35:01,949 [Command processor thread] INFO  commandhandler.CreatePipelineCommandHandler (CreatePipelineCommandHandler.java:handle(113)) - Created Pipeline RATIS THREE PipelineID=8257010a-e9ad-423e-9048-8f1f17b70279.
2023-05-12 15:35:01,950 [Command processor thread] INFO  server.RaftServer (RaftServerProxy.java:addNew(98)) - cc26ca6c-2cda-43c4-8225-385dd9036c3c: addNew group-A1A7FFF00A9D:[274a318d-4208-4a56-b0aa-605c6427dbd2|rpc:10.1.0.53:15037|admin:10.1.0.53:15036|client:10.1.0.53:15035|dataStream:10.1.0.53:15038|priority:0|startupRole:FOLLOWER, cc26ca6c-2cda-43c4-8225-385dd9036c3c|rpc:10.1.0.53:15021|admin:10.1.0.53:15020|client:10.1.0.53:15019|dataStream:10.1.0.53:15022|priority:1|startupRole:FOLLOWER, 7fbba869-ae5e-435c-b5a2-8ae18052e5d1|rpc:10.1.0.53:15029|admin:10.1.0.53:15028|client:10.1.0.53:15027|dataStream:10.1.0.53:15030|priority:0|startupRole:FOLLOWER] returns group-A1A7FFF00A9D:java.util.concurrent.CompletableFuture@7cc395ae[Not completed]
2023-05-12 15:35:01,951 [cc26ca6c-2cda-43c4-8225-385dd9036c3c-groupManagement] INFO  server.RaftServer$Division (RaftServerImpl.java:<init>(198)) - cc26ca6c-2cda-43c4-8225-385dd9036c3c: new RaftServerImpl for group-A1A7FFF00A9D:[274a318d-4208-4a56-b0aa-605c6427dbd2|rpc:10.1.0.53:15037|admin:10.1.0.53:15036|client:10.1.0.53:15035|dataStream:10.1.0.53:15038|priority:0|startupRole:FOLLOWER, cc26ca6c-2cda-43c4-8225-385dd9036c3c|rpc:10.1.0.53:15021|admin:10.1.0.53:15020|client:10.1.0.53:15019|dataStream:10.1.0.53:15022|priority:1|startupRole:FOLLOWER, 7fbba869-ae5e-435c-b5a2-8ae18052e5d1|rpc:10.1.0.53:15029|admin:10.1.0.53:15028|client:10.1.0.53:15027|dataStream:10.1.0.53:15030|priority:0|startupRole:FOLLOWER] with ContainerStateMachine:uninitialized
2023-05-12 15:35:01,951 [cc26ca6c-2cda-43c4-8225-385dd9036c3c-groupManagement] INFO  server.RaftServerConfigKeys (ConfUtils.java:logGet(46)) - raft.server.rpc.timeout.min = 5s (custom)
2023-05-12 15:35:01,951 [cc26ca6c-2cda-43c4-8225-385dd9036c3c-groupManagement] INFO  server.RaftServerConfigKeys (ConfUtils.java:logGet(46)) - raft.server.rpc.timeout.max = 5200ms (custom)
2023-05-12 15:35:01,951 [cc26ca6c-2cda-43c4-8225-385dd9036c3c-groupManagement] INFO  server.RaftServerConfigKeys (ConfUtils.java:logGet(46)) - raft.server.rpc.sleep.time = 25ms (default)
2023-05-12 15:35:01,951 [cc26ca6c-2cda-43c4-8225-385dd9036c3c-groupManagement] INFO  server.RaftServerConfigKeys (ConfUtils.java:logGet(46)) - raft.server.rpc.slowness.timeout = 300s (custom)
2023-05-12 15:35:01,951 [cc26ca6c-2cda-43c4-8225-385dd9036c3c-groupManagement] INFO  server.RaftServerConfigKeys (ConfUtils.java:logGet(46)) - raft.server.leaderelection.leader.step-down.wait-time = 10s (default)
2023-05-12 15:35:01,951 [cc26ca6c-2cda-43c4-8225-385dd9036c3c-groupManagement] INFO  server.RaftServerConfigKeys (ConfUtils.java:logGet(46)) - raft.server.sleep.deviation.threshold = 300ms (default)
2023-05-12 15:35:01,951 [cc26ca6c-2cda-43c4-8225-385dd9036c3c-groupManagement] INFO  server.RaftServer$Division (ServerState.java:<init>(120)) - cc26ca6c-2cda-43c4-8225-385dd9036c3c@group-A1A7FFF00A9D: ConfigurationManager, init=-1: peers:[274a318d-4208-4a56-b0aa-605c6427dbd2|rpc:10.1.0.53:15037|admin:10.1.0.53:15036|client:10.1.0.53:15035|dataStream:10.1.0.53:15038|priority:0|startupRole:FOLLOWER, cc26ca6c-2cda-43c4-8225-385dd9036c3c|rpc:10.1.0.53:15021|admin:10.1.0.53:15020|client:10.1.0.53:15019|dataStream:10.1.0.53:15022|priority:1|startupRole:FOLLOWER, 7fbba869-ae5e-435c-b5a2-8ae18052e5d1|rpc:10.1.0.53:15029|admin:10.1.0.53:15028|client:10.1.0.53:15027|dataStream:10.1.0.53:15030|priority:0|startupRole:FOLLOWER]|listeners:[], old=null, confs=<EMPTY_MAP>
2023-05-12 15:35:01,951 [cc26ca6c-2cda-43c4-8225-385dd9036c3c-groupManagement] INFO  server.RaftServerConfigKeys (ConfUtils.java:logGet(46)) - raft.server.storage.dir = [/home/runner/work/ozone/ozone/hadoop-ozone/integration-test/target/test-dir/MiniOzoneClusterImpl-bfe86ff0-f9fb-433f-aae2-64a5a95eec81/datanode-0/data/ratis] (custom)
2023-05-12 15:35:01,952 [cc26ca6c-2cda-43c4-8225-385dd9036c3c-groupManagement] INFO  server.RaftServerConfigKeys (ConfUtils.java:logGet(46)) - raft.server.log.corruption.policy = EXCEPTION (default)
2023-05-12 15:35:01,952 [cc26ca6c-2cda-43c4-8225-385dd9036c3c-groupManagement] INFO  server.RaftServerConfigKeys (ConfUtils.java:logGet(46)) - raft.server.storage.free-space.min = 0MB (=0) (default)
2023-05-12 15:35:01,952 [cc26ca6c-2cda-43c4-8225-385dd9036c3c-groupManagement] INFO  server.RaftServerConfigKeys (ConfUtils.java:logGet(46)) - raft.server.notification.no-leader.timeout = 300s (custom)
2023-05-12 15:35:01,952 [cc26ca6c-2cda-43c4-8225-385dd9036c3c-groupManagement] INFO  server.RaftServerConfigKeys (ConfUtils.java:logGet(46)) - raft.server.read.timeout = 10s (default)
2023-05-12 15:35:01,952 [cc26ca6c-2cda-43c4-8225-385dd9036c3c-groupManagement] INFO  server.RaftServerConfigKeys (ConfUtils.java:logGet(46)) - raft.server.retrycache.expirytime = 600000ms (custom)
2023-05-12 15:35:01,952 [cc26ca6c-2cda-43c4-8225-385dd9036c3c-groupManagement] INFO  server.RaftServerConfigKeys (ConfUtils.java:logGet(46)) - raft.server.retrycache.statistics.expirytime = 100μs (default)
2023-05-12 15:35:01,952 [cc26ca6c-2cda-43c4-8225-385dd9036c3c-groupManagement] INFO  server.RaftServerConfigKeys (ConfUtils.java:logGet(46)) - raft.server.read.option = DEFAULT (default)
2023-05-12 15:35:01,953 [cc26ca6c-2cda-43c4-8225-385dd9036c3c-groupManagement] INFO  server.RaftServerConfigKeys (ConfUtils.java:logGet(46)) - raft.server.rpc.request.timeout = 60s (custom)
2023-05-12 15:35:01,953 [cc26ca6c-2cda-43c4-8225-385dd9036c3c-groupManagement] INFO  server.RaftServerConfigKeys (ConfUtils.java:logGet(46)) - raft.server.log.appender.install.snapshot.enabled = false (custom)
2023-05-12 15:35:01,953 [cc26ca6c-2cda-43c4-8225-385dd9036c3c-groupManagement] INFO  server.RaftServerConfigKeys (ConfUtils.java:logGet(46)) - raft.server.threadpool.server.cached = true (default)
2023-05-12 15:35:01,953 [cc26ca6c-2cda-43c4-8225-385dd9036c3c-groupManagement] INFO  server.RaftServerConfigKeys (ConfUtils.java:logGet(46)) - raft.server.threadpool.server.size = 0 (default)
2023-05-12 15:35:01,955 [cc26ca6c-2cda-43c4-8225-385dd9036c3c-groupManagement] INFO  server.RaftServerConfigKeys (ConfUtils.java:logGet(46)) - raft.server.threadpool.client.cached = true (default)
2023-05-12 15:35:01,955 [cc26ca6c-2cda-43c4-8225-385dd9036c3c-groupManagement] INFO  server.RaftServerConfigKeys (ConfUtils.java:logGet(46)) - raft.server.threadpool.client.size = 0 (default)
2023-05-12 15:35:01,955 [cc26ca6c-2cda-43c4-8225-385dd9036c3c-groupManagement] INFO  storage.RaftStorageDirectory (RaftStorageDirectoryImpl.java:analyzeStorage(137)) - The storage directory /home/runner/work/ozone/ozone/hadoop-ozone/integration-test/target/test-dir/MiniOzoneClusterImpl-bfe86ff0-f9fb-433f-aae2-64a5a95eec81/datanode-0/data/ratis/a0249ab2-92e6-4e01-8eb2-a1a7fff00a9d does not exist. Creating ...
2023-05-12 15:35:01,956 [cc26ca6c-2cda-43c4-8225-385dd9036c3c-groupManagement] INFO  storage.RaftStorageDirectory (RaftStorageDirectoryImpl.java:tryLock(231)) - Lock on /home/runner/work/ozone/ozone/hadoop-ozone/integration-test/target/test-dir/MiniOzoneClusterImpl-bfe86ff0-f9fb-433f-aae2-64a5a95eec81/datanode-0/data/ratis/a0249ab2-92e6-4e01-8eb2-a1a7fff00a9d/in_use.lock acquired by nodename 89313@fv-az1245-539
2023-05-12 15:35:01,957 [cc26ca6c-2cda-43c4-8225-385dd9036c3c-groupManagement] INFO  storage.RaftStorage (RaftStorageImpl.java:format(96)) - Storage directory /home/runner/work/ozone/ozone/hadoop-ozone/integration-test/target/test-dir/MiniOzoneClusterImpl-bfe86ff0-f9fb-433f-aae2-64a5a95eec81/datanode-0/data/ratis/a0249ab2-92e6-4e01-8eb2-a1a7fff00a9d has been successfully formatted.
2023-05-12 15:35:01,957 [cc26ca6c-2cda-43c4-8225-385dd9036c3c-groupManagement] INFO  ratis.ContainerStateMachine (ContainerStateMachine.java:loadSnapshot(262)) - group-A1A7FFF00A9D: The snapshot info is null. Setting the last applied indexto:(t:0, i:~)
2023-05-12 15:35:01,957 [cc26ca6c-2cda-43c4-8225-385dd9036c3c-groupManagement] INFO  server.RaftServerConfigKeys (ConfUtils.java:logGet(46)) - raft.server.log.use.memory = false (default)
2023-05-12 15:35:01,964 [cc26ca6c-2cda-43c4-8225-385dd9036c3c-groupManagement] INFO  server.RaftServerConfigKeys (ConfUtils.java:logGet(46)) - raft.server.log.purge.gap = 1000000 (custom)
2023-05-12 15:35:01,964 [cc26ca6c-2cda-43c4-8225-385dd9036c3c-groupManagement] INFO  server.RaftServerConfigKeys (ConfUtils.java:logGet(46)) - raft.server.log.appender.buffer.byte-limit = 33554432 (custom)
2023-05-12 15:35:01,964 [cc26ca6c-2cda-43c4-8225-385dd9036c3c-groupManagement] INFO  server.RaftServerConfigKeys (ConfUtils.java:logGet(46)) - raft.server.log.statemachine.data.read.timeout = 1000ms (default)
2023-05-12 15:35:01,964 [cc26ca6c-2cda-43c4-8225-385dd9036c3c-groupManagement] INFO  server.RaftServerConfigKeys (ConfUtils.java:logGet(46)) - raft.server.log.purge.preservation.log.num = 0 (default)
2023-05-12 15:35:01,964 [cc26ca6c-2cda-43c4-8225-385dd9036c3c-groupManagement] INFO  server.RaftServerConfigKeys (ConfUtils.java:logGet(46)) - raft.server.log.segment.size.max = 1048576 (custom)
2023-05-12 15:35:01,965 [EventQueue-OpenPipelineForHealthyPipelineSafeModeRule] INFO  safemode.SCMSafeModeManager (HealthyPipelineSafeModeRule.java:process(137)) - SCM in safe mode. Healthy pipelines reported count is 0, required healthy pipeline reported count is 1
2023-05-12 15:35:01,967 [cc26ca6c-2cda-43c4-8225-385dd9036c3c-groupManagement] INFO  server.RaftServerConfigKeys (ConfUtils.java:logGet(46)) - raft.server.log.segment.cache.num.max = 2 (custom)
2023-05-12 15:35:01,967 [cc26ca6c-2cda-43c4-8225-385dd9036c3c-groupManagement] INFO  server.RaftServerConfigKeys (ConfUtils.java:logGet(46)) - raft.server.log.segment.cache.size.max = 200MB (=209715200) (default)
2023-05-12 15:35:01,967 [cc26ca6c-2cda-43c4-8225-385dd9036c3c-groupManagement] INFO  server.RaftServerConfigKeys (ConfUtils.java:logGet(46)) - raft.server.log.appender.buffer.byte-limit = 33554432 (custom)
2023-05-12 15:35:01,967 [cc26ca6c-2cda-43c4-8225-385dd9036c3c-groupManagement] INFO  segmented.SegmentedRaftLogWorker (SegmentedRaftLogWorker.java:<init>(188)) - new cc26ca6c-2cda-43c4-8225-385dd9036c3c@group-A1A7FFF00A9D-SegmentedRaftLogWorker for RaftStorageImpl:Storage Directory /home/runner/work/ozone/ozone/hadoop-ozone/integration-test/target/test-dir/MiniOzoneClusterImpl-bfe86ff0-f9fb-433f-aae2-64a5a95eec81/datanode-0/data/ratis/a0249ab2-92e6-4e01-8eb2-a1a7fff00a9d
2023-05-12 15:35:01,967 [cc26ca6c-2cda-43c4-8225-385dd9036c3c-groupManagement] INFO  server.RaftServerConfigKeys (ConfUtils.java:logGet(46)) - raft.server.log.queue.byte-limit = 4294967296 (custom)
2023-05-12 15:35:01,967 [cc26ca6c-2cda-43c4-8225-385dd9036c3c-groupManagement] INFO  server.RaftServerConfigKeys (ConfUtils.java:logGet(46)) - raft.server.log.queue.element-limit = 1024 (custom)
2023-05-12 15:35:01,967 [cc26ca6c-2cda-43c4-8225-385dd9036c3c-groupManagement] INFO  server.RaftServerConfigKeys (ConfUtils.java:logGet(46)) - raft.server.log.segment.size.max = 1048576 (custom)
2023-05-12 15:35:01,967 [cc26ca6c-2cda-43c4-8225-385dd9036c3c-groupManagement] INFO  server.RaftServerConfigKeys (ConfUtils.java:logGet(46)) - raft.server.log.preallocated.size = 16384 (custom)
2023-05-12 15:35:01,967 [cc26ca6c-2cda-43c4-8225-385dd9036c3c-groupManagement] INFO  server.RaftServerConfigKeys (ConfUtils.java:logGet(46)) - raft.server.log.force.sync.num = 128 (default)
2023-05-12 15:35:01,967 [cc26ca6c-2cda-43c4-8225-385dd9036c3c-groupManagement] INFO  server.RaftServerConfigKeys (ConfUtils.java:logGet(46)) - raft.server.log.statemachine.data.sync = true (default)
2023-05-12 15:35:01,967 [cc26ca6c-2cda-43c4-8225-385dd9036c3c-groupManagement] INFO  server.RaftServerConfigKeys (ConfUtils.java:logGet(46)) - raft.server.log.statemachine.data.sync.timeout = 10s (default)
2023-05-12 15:35:01,968 [cc26ca6c-2cda-43c4-8225-385dd9036c3c-groupManagement] INFO  server.RaftServerConfigKeys (ConfUtils.java:logGet(46)) - raft.server.log.statemachine.data.sync.timeout.retry = -1 (default)
2023-05-12 15:35:01,970 [cc26ca6c-2cda-43c4-8225-385dd9036c3c-groupManagement] INFO  server.RaftServerConfigKeys (ConfUtils.java:logGet(46)) - raft.server.log.write.buffer.size = 1048576 (custom)
2023-05-12 15:35:01,970 [cc26ca6c-2cda-43c4-8225-385dd9036c3c-groupManagement] INFO  server.RaftServerConfigKeys (ConfUtils.java:logGet(46)) - raft.server.log.appender.buffer.byte-limit = 33554432 (custom)
2023-05-12 15:35:01,975 [cc26ca6c-2cda-43c4-8225-385dd9036c3c-groupManagement] INFO  server.RaftServerConfigKeys (ConfUtils.java:logGet(46)) - raft.server.log.unsafe-flush.enabled = false (default)
2023-05-12 15:35:01,975 [cc26ca6c-2cda-43c4-8225-385dd9036c3c-groupManagement] INFO  server.RaftServerConfigKeys (ConfUtils.java:logGet(46)) - raft.server.log.async-flush.enabled = false (default)
2023-05-12 15:35:01,975 [cc26ca6c-2cda-43c4-8225-385dd9036c3c-groupManagement] INFO  server.RaftServerConfigKeys (ConfUtils.java:logGet(46)) - raft.server.log.statemachine.data.caching.enabled = true (custom)
2023-05-12 15:35:01,975 [cc26ca6c-2cda-43c4-8225-385dd9036c3c-groupManagement] INFO  segmented.SegmentedRaftLogWorker (SegmentedRaftLogWorker.java:lambda$new$0(135)) - cc26ca6c-2cda-43c4-8225-385dd9036c3c@group-A1A7FFF00A9D-SegmentedRaftLogWorker: flushIndex: setUnconditionally 0 -> -1
2023-05-12 15:35:01,976 [cc26ca6c-2cda-43c4-8225-385dd9036c3c-groupManagement] INFO  segmented.SegmentedRaftLogWorker (SegmentedRaftLogWorker.java:lambda$new$0(135)) - cc26ca6c-2cda-43c4-8225-385dd9036c3c@group-A1A7FFF00A9D-SegmentedRaftLogWorker: safeCacheEvictIndex: setUnconditionally 0 -> -1
2023-05-12 15:35:01,976 [cc26ca6c-2cda-43c4-8225-385dd9036c3c-groupManagement] INFO  server.RaftServer$Division (RaftServerImpl.java:start(342)) - cc26ca6c-2cda-43c4-8225-385dd9036c3c@group-A1A7FFF00A9D: start as a follower, conf=-1: peers:[274a318d-4208-4a56-b0aa-605c6427dbd2|rpc:10.1.0.53:15037|admin:10.1.0.53:15036|client:10.1.0.53:15035|dataStream:10.1.0.53:15038|priority:0|startupRole:FOLLOWER, cc26ca6c-2cda-43c4-8225-385dd9036c3c|rpc:10.1.0.53:15021|admin:10.1.0.53:15020|client:10.1.0.53:15019|dataStream:10.1.0.53:15022|priority:1|startupRole:FOLLOWER, 7fbba869-ae5e-435c-b5a2-8ae18052e5d1|rpc:10.1.0.53:15029|admin:10.1.0.53:15028|client:10.1.0.53:15027|dataStream:10.1.0.53:15030|priority:0|startupRole:FOLLOWER]|listeners:[], old=null
2023-05-12 15:35:01,976 [cc26ca6c-2cda-43c4-8225-385dd9036c3c-groupManagement] INFO  server.RaftServer$Division (RaftServerImpl.java:setRole(329)) - cc26ca6c-2cda-43c4-8225-385dd9036c3c@group-A1A7FFF00A9D: changes role from      null to FOLLOWER at term 0 for startAsFollower
2023-05-12 15:35:01,976 [cc26ca6c-2cda-43c4-8225-385dd9036c3c-groupManagement] INFO  impl.RoleInfo (RoleInfo.java:updateAndGet(139)) - cc26ca6c-2cda-43c4-8225-385dd9036c3c: start cc26ca6c-2cda-43c4-8225-385dd9036c3c@group-A1A7FFF00A9D-FollowerState
2023-05-12 15:35:01,976 [cc26ca6c-2cda-43c4-8225-385dd9036c3c@group-A1A7FFF00A9D-FollowerState] INFO  server.RaftServerConfigKeys (ConfUtils.java:logFallback(53)) - raft.server.rpc.first-election.timeout.min = 5s (fallback to raft.server.rpc.timeout.min)
2023-05-12 15:35:01,977 [cc26ca6c-2cda-43c4-8225-385dd9036c3c@group-A1A7FFF00A9D-FollowerState] INFO  server.RaftServerConfigKeys (ConfUtils.java:logFallback(53)) - raft.server.rpc.first-election.timeout.max = 5200ms (fallback to raft.server.rpc.timeout.max)
2023-05-12 15:35:01,977 [cc26ca6c-2cda-43c4-8225-385dd9036c3c-groupManagement] INFO  util.JmxRegister (JmxRegister.java:tryRegister(44)) - Successfully registered JMX Bean with object name Ratis:service=RaftServer,group=group-A1A7FFF00A9D,id=cc26ca6c-2cda-43c4-8225-385dd9036c3c
2023-05-12 15:35:01,978 [cc26ca6c-2cda-43c4-8225-385dd9036c3c-groupManagement] INFO  server.RaftServerConfigKeys (ConfUtils.java:logGet(46)) - raft.server.snapshot.auto.trigger.enabled = true (custom)
2023-05-12 15:35:01,978 [cc26ca6c-2cda-43c4-8225-385dd9036c3c-groupManagement] INFO  server.RaftServerConfigKeys (ConfUtils.java:logGet(46)) - raft.server.snapshot.auto.trigger.threshold = 10000 (custom)
2023-05-12 15:35:01,978 [cc26ca6c-2cda-43c4-8225-385dd9036c3c-groupManagement] INFO  server.RaftServerConfigKeys (ConfUtils.java:logGet(46)) - raft.server.snapshot.retention.file.num = 5 (custom)
2023-05-12 15:35:01,978 [cc26ca6c-2cda-43c4-8225-385dd9036c3c-groupManagement] INFO  server.RaftServerConfigKeys (ConfUtils.java:logGet(46)) - raft.server.log.purge.upto.snapshot.index = false (default)
2023-05-12 15:35:01,980 [Command processor thread] INFO  ratis.XceiverServerRatis (XceiverServerRatis.java:addGroup(806)) - Created group PipelineID=a0249ab2-92e6-4e01-8eb2-a1a7fff00a9d
2023-05-12 15:35:01,995 [Command processor thread] INFO  server.RaftServer (RaftServerProxy.java:addNew(98)) - 7fbba869-ae5e-435c-b5a2-8ae18052e5d1: addNew group-F16C884C0979:[7fbba869-ae5e-435c-b5a2-8ae18052e5d1|rpc:10.1.0.53:15029|admin:10.1.0.53:15028|client:10.1.0.53:15027|dataStream:10.1.0.53:15030|priority:1|startupRole:FOLLOWER] returns group-F16C884C0979:java.util.concurrent.CompletableFuture@52daa79b[Not completed]
2023-05-12 15:35:01,997 [7fbba869-ae5e-435c-b5a2-8ae18052e5d1-groupManagement] INFO  server.RaftServer$Division (RaftServerImpl.java:<init>(198)) - 7fbba869-ae5e-435c-b5a2-8ae18052e5d1: new RaftServerImpl for group-F16C884C0979:[7fbba869-ae5e-435c-b5a2-8ae18052e5d1|rpc:10.1.0.53:15029|admin:10.1.0.53:15028|client:10.1.0.53:15027|dataStream:10.1.0.53:15030|priority:1|startupRole:FOLLOWER] with ContainerStateMachine:uninitialized
2023-05-12 15:35:01,997 [7fbba869-ae5e-435c-b5a2-8ae18052e5d1-groupManagement] INFO  server.RaftServerConfigKeys (ConfUtils.java:logGet(46)) - raft.server.rpc.timeout.min = 5s (custom)
2023-05-12 15:35:01,997 [7fbba869-ae5e-435c-b5a2-8ae18052e5d1-groupManagement] INFO  server.RaftServerConfigKeys (ConfUtils.java:logGet(46)) - raft.server.rpc.timeout.max = 5200ms (custom)
2023-05-12 15:35:01,997 [7fbba869-ae5e-435c-b5a2-8ae18052e5d1-groupManagement] INFO  server.RaftServerConfigKeys (ConfUtils.java:logGet(46)) - raft.server.rpc.sleep.time = 25ms (default)
2023-05-12 15:35:01,997 [7fbba869-ae5e-435c-b5a2-8ae18052e5d1-groupManagement] INFO  server.RaftServerConfigKeys (ConfUtils.java:logGet(46)) - raft.server.rpc.slowness.timeout = 300s (custom)
2023-05-12 15:35:01,997 [7fbba869-ae5e-435c-b5a2-8ae18052e5d1-groupManagement] INFO  server.RaftServerConfigKeys (ConfUtils.java:logGet(46)) - raft.server.leaderelection.leader.step-down.wait-time = 10s (default)
2023-05-12 15:35:01,997 [7fbba869-ae5e-435c-b5a2-8ae18052e5d1-groupManagement] INFO  server.RaftServerConfigKeys (ConfUtils.java:logGet(46)) - raft.server.sleep.deviation.threshold = 300ms (default)
2023-05-12 15:35:01,997 [7fbba869-ae5e-435c-b5a2-8ae18052e5d1-groupManagement] INFO  server.RaftServer$Division (ServerState.java:<init>(120)) - 7fbba869-ae5e-435c-b5a2-8ae18052e5d1@group-F16C884C0979: ConfigurationManager, init=-1: peers:[7fbba869-ae5e-435c-b5a2-8ae18052e5d1|rpc:10.1.0.53:15029|admin:10.1.0.53:15028|client:10.1.0.53:15027|dataStream:10.1.0.53:15030|priority:1|startupRole:FOLLOWER]|listeners:[], old=null, confs=<EMPTY_MAP>
2023-05-12 15:35:01,997 [7fbba869-ae5e-435c-b5a2-8ae18052e5d1-groupManagement] INFO  server.RaftServerConfigKeys (ConfUtils.java:logGet(46)) - raft.server.storage.dir = [/home/runner/work/ozone/ozone/hadoop-ozone/integration-test/target/test-dir/MiniOzoneClusterImpl-bfe86ff0-f9fb-433f-aae2-64a5a95eec81/datanode-1/data/ratis] (custom)
2023-05-12 15:35:01,998 [7fbba869-ae5e-435c-b5a2-8ae18052e5d1-groupManagement] INFO  server.RaftServerConfigKeys (ConfUtils.java:logGet(46)) - raft.server.log.corruption.policy = EXCEPTION (default)
2023-05-12 15:35:01,998 [7fbba869-ae5e-435c-b5a2-8ae18052e5d1-groupManagement] INFO  server.RaftServerConfigKeys (ConfUtils.java:logGet(46)) - raft.server.storage.free-space.min = 0MB (=0) (default)
2023-05-12 15:35:01,998 [7fbba869-ae5e-435c-b5a2-8ae18052e5d1-groupManagement] INFO  server.RaftServerConfigKeys (ConfUtils.java:logGet(46)) - raft.server.notification.no-leader.timeout = 300s (custom)
2023-05-12 15:35:01,998 [7fbba869-ae5e-435c-b5a2-8ae18052e5d1-groupManagement] INFO  server.RaftServerConfigKeys (ConfUtils.java:logGet(46)) - raft.server.read.timeout = 10s (default)
2023-05-12 15:35:01,998 [7fbba869-ae5e-435c-b5a2-8ae18052e5d1-groupManagement] INFO  server.RaftServerConfigKeys (ConfUtils.java:logGet(46)) - raft.server.retrycache.expirytime = 600000ms (custom)
2023-05-12 15:35:01,998 [7fbba869-ae5e-435c-b5a2-8ae18052e5d1-groupManagement] INFO  server.RaftServerConfigKeys (ConfUtils.java:logGet(46)) - raft.server.retrycache.statistics.expirytime = 100μs (default)
2023-05-12 15:35:01,998 [7fbba869-ae5e-435c-b5a2-8ae18052e5d1-groupManagement] INFO  server.RaftServerConfigKeys (ConfUtils.java:logGet(46)) - raft.server.read.option = DEFAULT (default)
2023-05-12 15:35:01,999 [7fbba869-ae5e-435c-b5a2-8ae18052e5d1-groupManagement] INFO  server.RaftServerConfigKeys (ConfUtils.java:logGet(46)) - raft.server.rpc.request.timeout = 60s (custom)
2023-05-12 15:35:01,999 [7fbba869-ae5e-435c-b5a2-8ae18052e5d1-groupManagement] INFO  server.RaftServerConfigKeys (ConfUtils.java:logGet(46)) - raft.server.log.appender.install.snapshot.enabled = false (custom)
2023-05-12 15:35:01,999 [7fbba869-ae5e-435c-b5a2-8ae18052e5d1-groupManagement] INFO  server.RaftServerConfigKeys (ConfUtils.java:logGet(46)) - raft.server.threadpool.server.cached = true (default)
2023-05-12 15:35:01,999 [7fbba869-ae5e-435c-b5a2-8ae18052e5d1-groupManagement] INFO  server.RaftServerConfigKeys (ConfUtils.java:logGet(46)) - raft.server.threadpool.server.size = 0 (default)
2023-05-12 15:35:01,999 [7fbba869-ae5e-435c-b5a2-8ae18052e5d1-groupManagement] INFO  server.RaftServerConfigKeys (ConfUtils.java:logGet(46)) - raft.server.threadpool.client.cached = true (default)
2023-05-12 15:35:01,999 [7fbba869-ae5e-435c-b5a2-8ae18052e5d1-groupManagement] INFO  server.RaftServerConfigKeys (ConfUtils.java:logGet(46)) - raft.server.threadpool.client.size = 0 (default)
2023-05-12 15:35:01,999 [7fbba869-ae5e-435c-b5a2-8ae18052e5d1-groupManagement] INFO  storage.RaftStorageDirectory (RaftStorageDirectoryImpl.java:analyzeStorage(137)) - The storage directory /home/runner/work/ozone/ozone/hadoop-ozone/integration-test/target/test-dir/MiniOzoneClusterImpl-bfe86ff0-f9fb-433f-aae2-64a5a95eec81/datanode-1/data/ratis/54bfa6a6-f479-47b6-b35a-f16c884c0979 does not exist. Creating ...
2023-05-12 15:35:02,001 [7fbba869-ae5e-435c-b5a2-8ae18052e5d1-groupManagement] INFO  storage.RaftStorageDirectory (RaftStorageDirectoryImpl.java:tryLock(231)) - Lock on /home/runner/work/ozone/ozone/hadoop-ozone/integration-test/target/test-dir/MiniOzoneClusterImpl-bfe86ff0-f9fb-433f-aae2-64a5a95eec81/datanode-1/data/ratis/54bfa6a6-f479-47b6-b35a-f16c884c0979/in_use.lock acquired by nodename 89313@fv-az1245-539
2023-05-12 15:35:02,005 [grpc-default-executor-8] INFO  server.RaftServer (RaftServerProxy.java:addNew(98)) - 7fbba869-ae5e-435c-b5a2-8ae18052e5d1: addNew group-A1A7FFF00A9D:[274a318d-4208-4a56-b0aa-605c6427dbd2|rpc:10.1.0.53:15037|admin:10.1.0.53:15036|client:10.1.0.53:15035|dataStream:10.1.0.53:15038|priority:0|startupRole:FOLLOWER, cc26ca6c-2cda-43c4-8225-385dd9036c3c|rpc:10.1.0.53:15021|admin:10.1.0.53:15020|client:10.1.0.53:15019|dataStream:10.1.0.53:15022|priority:1|startupRole:FOLLOWER, 7fbba869-ae5e-435c-b5a2-8ae18052e5d1|rpc:10.1.0.53:15029|admin:10.1.0.53:15028|client:10.1.0.53:15027|dataStream:10.1.0.53:15030|priority:0|startupRole:FOLLOWER] returns group-A1A7FFF00A9D:java.util.concurrent.CompletableFuture@656c79ac[Not completed]
2023-05-12 15:35:02,006 [7fbba869-ae5e-435c-b5a2-8ae18052e5d1-groupManagement] INFO  storage.RaftStorage (RaftStorageImpl.java:format(96)) - Storage directory /home/runner/work/ozone/ozone/hadoop-ozone/integration-test/target/test-dir/MiniOzoneClusterImpl-bfe86ff0-f9fb-433f-aae2-64a5a95eec81/datanode-1/data/ratis/54bfa6a6-f479-47b6-b35a-f16c884c0979 has been successfully formatted.
2023-05-12 15:35:02,006 [7fbba869-ae5e-435c-b5a2-8ae18052e5d1-groupManagement] INFO  ratis.ContainerStateMachine (ContainerStateMachine.java:loadSnapshot(262)) - group-F16C884C0979: The snapshot info is null. Setting the last applied indexto:(t:0, i:~)
2023-05-12 15:35:02,006 [7fbba869-ae5e-435c-b5a2-8ae18052e5d1-groupManagement] INFO  server.RaftServerConfigKeys (ConfUtils.java:logGet(46)) - raft.server.log.use.memory = false (default)
2023-05-12 15:35:02,006 [7fbba869-ae5e-435c-b5a2-8ae18052e5d1-groupManagement] INFO  server.RaftServerConfigKeys (ConfUtils.java:logGet(46)) - raft.server.log.purge.gap = 1000000 (custom)
2023-05-12 15:35:02,006 [7fbba869-ae5e-435c-b5a2-8ae18052e5d1-groupManagement] INFO  server.RaftServerConfigKeys (ConfUtils.java:logGet(46)) - raft.server.log.appender.buffer.byte-limit = 33554432 (custom)
2023-05-12 15:35:02,006 [7fbba869-ae5e-435c-b5a2-8ae18052e5d1-groupManagement] INFO  server.RaftServerConfigKeys (ConfUtils.java:logGet(46)) - raft.server.log.statemachine.data.read.timeout = 1000ms (default)
2023-05-12 15:35:02,006 [7fbba869-ae5e-435c-b5a2-8ae18052e5d1-groupManagement] INFO  server.RaftServerConfigKeys (ConfUtils.java:logGet(46)) - raft.server.log.purge.preservation.log.num = 0 (default)
2023-05-12 15:35:02,007 [7fbba869-ae5e-435c-b5a2-8ae18052e5d1-groupManagement] INFO  server.RaftServerConfigKeys (ConfUtils.java:logGet(46)) - raft.server.log.segment.size.max = 1048576 (custom)
2023-05-12 15:35:02,008 [EventQueue-PipelineReportForPipelineReportHandler] INFO  pipeline.PipelineManagerImpl (PipelineManagerImpl.java:openPipeline(367)) - Pipeline Pipeline[ Id: 54bfa6a6-f479-47b6-b35a-f16c884c0979, Nodes: 7fbba869-ae5e-435c-b5a2-8ae18052e5d1(fv-az1245-539.h4qniknrx0cezh5jdpmlggsuoc.cx.internal.cloudapp.net/10.1.0.53), ReplicationConfig: RATIS/ONE, State:ALLOCATED, leaderId:7fbba869-ae5e-435c-b5a2-8ae18052e5d1, CreationTimestamp2023-05-12T15:34:59.002Z[Etc/UTC]] moved to OPEN state
2023-05-12 15:35:02,009 [7fbba869-ae5e-435c-b5a2-8ae18052e5d1-groupManagement] INFO  server.RaftServerConfigKeys (ConfUtils.java:logGet(46)) - raft.server.log.segment.cache.num.max = 2 (custom)
2023-05-12 15:35:02,009 [7fbba869-ae5e-435c-b5a2-8ae18052e5d1-groupManagement] INFO  server.RaftServerConfigKeys (ConfUtils.java:logGet(46)) - raft.server.log.segment.cache.size.max = 200MB (=209715200) (default)
2023-05-12 15:35:02,009 [7fbba869-ae5e-435c-b5a2-8ae18052e5d1-groupManagement] INFO  server.RaftServerConfigKeys (ConfUtils.java:logGet(46)) - raft.server.log.appender.buffer.byte-limit = 33554432 (custom)
2023-05-12 15:35:02,009 [7fbba869-ae5e-435c-b5a2-8ae18052e5d1-groupManagement] INFO  segmented.SegmentedRaftLogWorker (SegmentedRaftLogWorker.java:<init>(188)) - new 7fbba869-ae5e-435c-b5a2-8ae18052e5d1@group-F16C884C0979-SegmentedRaftLogWorker for RaftStorageImpl:Storage Directory /home/runner/work/ozone/ozone/hadoop-ozone/integration-test/target/test-dir/MiniOzoneClusterImpl-bfe86ff0-f9fb-433f-aae2-64a5a95eec81/datanode-1/data/ratis/54bfa6a6-f479-47b6-b35a-f16c884c0979
2023-05-12 15:35:02,009 [7fbba869-ae5e-435c-b5a2-8ae18052e5d1-groupManagement] INFO  server.RaftServerConfigKeys (ConfUtils.java:logGet(46)) - raft.server.log.queue.byte-limit = 4294967296 (custom)
2023-05-12 15:35:02,009 [7fbba869-ae5e-435c-b5a2-8ae18052e5d1-groupManagement] INFO  server.RaftServerConfigKeys (ConfUtils.java:logGet(46)) - raft.server.log.queue.element-limit = 1024 (custom)
2023-05-12 15:35:02,009 [7fbba869-ae5e-435c-b5a2-8ae18052e5d1-groupManagement] INFO  server.RaftServerConfigKeys (ConfUtils.java:logGet(46)) - raft.server.log.segment.size.max = 1048576 (custom)
2023-05-12 15:35:02,009 [EventQueue-OpenPipelineForHealthyPipelineSafeModeRule] INFO  safemode.SCMSafeModeManager (HealthyPipelineSafeModeRule.java:process(137)) - SCM in safe mode. Healthy pipelines reported count is 0, required healthy pipeline reported count is 1
2023-05-12 15:35:02,009 [7fbba869-ae5e-435c-b5a2-8ae18052e5d1-groupManagement] INFO  server.RaftServerConfigKeys (ConfUtils.java:logGet(46)) - raft.server.log.preallocated.size = 16384 (custom)
2023-05-12 15:35:02,010 [7fbba869-ae5e-435c-b5a2-8ae18052e5d1-groupManagement] INFO  server.RaftServerConfigKeys (ConfUtils.java:logGet(46)) - raft.server.log.force.sync.num = 128 (default)
2023-05-12 15:35:02,010 [7fbba869-ae5e-435c-b5a2-8ae18052e5d1-groupManagement] INFO  server.RaftServerConfigKeys (ConfUtils.java:logGet(46)) - raft.server.log.statemachine.data.sync = true (default)
2023-05-12 15:35:02,011 [7fbba869-ae5e-435c-b5a2-8ae18052e5d1-groupManagement] INFO  server.RaftServerConfigKeys (ConfUtils.java:logGet(46)) - raft.server.log.statemachine.data.sync.timeout = 10s (default)
2023-05-12 15:35:02,011 [7fbba869-ae5e-435c-b5a2-8ae18052e5d1-groupManagement] INFO  server.RaftServerConfigKeys (ConfUtils.java:logGet(46)) - raft.server.log.statemachine.data.sync.timeout.retry = -1 (default)
2023-05-12 15:35:02,012 [7fbba869-ae5e-435c-b5a2-8ae18052e5d1-groupManagement] INFO  server.RaftServerConfigKeys (ConfUtils.java:logGet(46)) - raft.server.log.write.buffer.size = 1048576 (custom)
2023-05-12 15:35:02,014 [7fbba869-ae5e-435c-b5a2-8ae18052e5d1-groupManagement] INFO  server.RaftServerConfigKeys (ConfUtils.java:logGet(46)) - raft.server.log.appender.buffer.byte-limit = 33554432 (custom)
2023-05-12 15:35:02,020 [7fbba869-ae5e-435c-b5a2-8ae18052e5d1-groupManagement] INFO  server.RaftServerConfigKeys (ConfUtils.java:logGet(46)) - raft.server.log.unsafe-flush.enabled = false (default)
2023-05-12 15:35:02,020 [7fbba869-ae5e-435c-b5a2-8ae18052e5d1-groupManagement] INFO  server.RaftServerConfigKeys (ConfUtils.java:logGet(46)) - raft.server.log.async-flush.enabled = false (default)
2023-05-12 15:35:02,020 [7fbba869-ae5e-435c-b5a2-8ae18052e5d1-groupManagement] INFO  server.RaftServerConfigKeys (ConfUtils.java:logGet(46)) - raft.server.log.statemachine.data.caching.enabled = true (custom)
2023-05-12 15:35:02,021 [7fbba869-ae5e-435c-b5a2-8ae18052e5d1-groupManagement] INFO  segmented.SegmentedRaftLogWorker (SegmentedRaftLogWorker.java:lambda$new$0(135)) - 7fbba869-ae5e-435c-b5a2-8ae18052e5d1@group-F16C884C0979-SegmentedRaftLogWorker: flushIndex: setUnconditionally 0 -> -1
2023-05-12 15:35:02,021 [7fbba869-ae5e-435c-b5a2-8ae18052e5d1-groupManagement] INFO  segmented.SegmentedRaftLogWorker (SegmentedRaftLogWorker.java:lambda$new$0(135)) - 7fbba869-ae5e-435c-b5a2-8ae18052e5d1@group-F16C884C0979-SegmentedRaftLogWorker: safeCacheEvictIndex: setUnconditionally 0 -> -1
2023-05-12 15:35:02,021 [7fbba869-ae5e-435c-b5a2-8ae18052e5d1-groupManagement] INFO  server.RaftServer$Division (RaftServerImpl.java:start(342)) - 7fbba869-ae5e-435c-b5a2-8ae18052e5d1@group-F16C884C0979: start as a follower, conf=-1: peers:[7fbba869-ae5e-435c-b5a2-8ae18052e5d1|rpc:10.1.0.53:15029|admin:10.1.0.53:15028|client:10.1.0.53:15027|dataStream:10.1.0.53:15030|priority:1|startupRole:FOLLOWER]|listeners:[], old=null
2023-05-12 15:35:02,021 [7fbba869-ae5e-435c-b5a2-8ae18052e5d1-groupManagement] INFO  server.RaftServer$Division (RaftServerImpl.java:setRole(329)) - 7fbba869-ae5e-435c-b5a2-8ae18052e5d1@group-F16C884C0979: changes role from      null to FOLLOWER at term 0 for startAsFollower
2023-05-12 15:35:02,021 [7fbba869-ae5e-435c-b5a2-8ae18052e5d1-groupManagement] INFO  impl.RoleInfo (RoleInfo.java:updateAndGet(139)) - 7fbba869-ae5e-435c-b5a2-8ae18052e5d1: start 7fbba869-ae5e-435c-b5a2-8ae18052e5d1@group-F16C884C0979-FollowerState
2023-05-12 15:35:02,022 [7fbba869-ae5e-435c-b5a2-8ae18052e5d1-groupManagement] INFO  util.JmxRegister (JmxRegister.java:tryRegister(44)) - Successfully registered JMX Bean with object name Ratis:service=RaftServer,group=group-F16C884C0979,id=7fbba869-ae5e-435c-b5a2-8ae18052e5d1
2023-05-12 15:35:02,022 [7fbba869-ae5e-435c-b5a2-8ae18052e5d1@group-F16C884C0979-FollowerState] INFO  server.RaftServerConfigKeys (ConfUtils.java:logFallback(53)) - raft.server.rpc.first-election.timeout.min = 5s (fallback to raft.server.rpc.timeout.min)
2023-05-12 15:35:02,022 [7fbba869-ae5e-435c-b5a2-8ae18052e5d1-groupManagement] INFO  server.RaftServerConfigKeys (ConfUtils.java:logGet(46)) - raft.server.snapshot.auto.trigger.enabled = true (custom)
2023-05-12 15:35:02,022 [7fbba869-ae5e-435c-b5a2-8ae18052e5d1@group-F16C884C0979-FollowerState] INFO  server.RaftServerConfigKeys (ConfUtils.java:logFallback(53)) - raft.server.rpc.first-election.timeout.max = 5200ms (fallback to raft.server.rpc.timeout.max)
2023-05-12 15:35:02,022 [7fbba869-ae5e-435c-b5a2-8ae18052e5d1-groupManagement] INFO  server.RaftServerConfigKeys (ConfUtils.java:logGet(46)) - raft.server.snapshot.auto.trigger.threshold = 10000 (custom)
2023-05-12 15:35:02,022 [7fbba869-ae5e-435c-b5a2-8ae18052e5d1-groupManagement] INFO  server.RaftServerConfigKeys (ConfUtils.java:logGet(46)) - raft.server.snapshot.retention.file.num = 5 (custom)
2023-05-12 15:35:02,022 [7fbba869-ae5e-435c-b5a2-8ae18052e5d1-groupManagement] INFO  server.RaftServerConfigKeys (ConfUtils.java:logGet(46)) - raft.server.log.purge.upto.snapshot.index = false (default)
2023-05-12 15:35:02,023 [Command processor thread] INFO  ratis.XceiverServerRatis (XceiverServerRatis.java:addGroup(806)) - Created group PipelineID=54bfa6a6-f479-47b6-b35a-f16c884c0979
2023-05-12 15:35:02,024 [Command processor thread] INFO  commandhandler.CreatePipelineCommandHandler (CreatePipelineCommandHandler.java:handle(113)) - Created Pipeline RATIS ONE PipelineID=54bfa6a6-f479-47b6-b35a-f16c884c0979.
2023-05-12 15:35:02,026 [7fbba869-ae5e-435c-b5a2-8ae18052e5d1-groupManagement] INFO  server.RaftServer$Division (RaftServerImpl.java:<init>(198)) - 7fbba869-ae5e-435c-b5a2-8ae18052e5d1: new RaftServerImpl for group-A1A7FFF00A9D:[274a318d-4208-4a56-b0aa-605c6427dbd2|rpc:10.1.0.53:15037|admin:10.1.0.53:15036|client:10.1.0.53:15035|dataStream:10.1.0.53:15038|priority:0|startupRole:FOLLOWER, cc26ca6c-2cda-43c4-8225-385dd9036c3c|rpc:10.1.0.53:15021|admin:10.1.0.53:15020|client:10.1.0.53:15019|dataStream:10.1.0.53:15022|priority:1|startupRole:FOLLOWER, 7fbba869-ae5e-435c-b5a2-8ae18052e5d1|rpc:10.1.0.53:15029|admin:10.1.0.53:15028|client:10.1.0.53:15027|dataStream:10.1.0.53:15030|priority:0|startupRole:FOLLOWER] with ContainerStateMachine:uninitialized
2023-05-12 15:35:02,027 [7fbba869-ae5e-435c-b5a2-8ae18052e5d1-groupManagement] INFO  server.RaftServerConfigKeys (ConfUtils.java:logGet(46)) - raft.server.rpc.timeout.min = 5s (custom)
2023-05-12 15:35:02,027 [7fbba869-ae5e-435c-b5a2-8ae18052e5d1-groupManagement] INFO  server.RaftServerConfigKeys (ConfUtils.java:logGet(46)) - raft.server.rpc.timeout.max = 5200ms (custom)
2023-05-12 15:35:02,027 [7fbba869-ae5e-435c-b5a2-8ae18052e5d1-groupManagement] INFO  server.RaftServerConfigKeys (ConfUtils.java:logGet(46)) - raft.server.rpc.sleep.time = 25ms (default)
2023-05-12 15:35:02,029 [7fbba869-ae5e-435c-b5a2-8ae18052e5d1-groupManagement] INFO  server.RaftServerConfigKeys (ConfUtils.java:logGet(46)) - raft.server.rpc.slowness.timeout = 300s (custom)
2023-05-12 15:35:02,029 [7fbba869-ae5e-435c-b5a2-8ae18052e5d1-groupManagement] INFO  server.RaftServerConfigKeys (ConfUtils.java:logGet(46)) - raft.server.leaderelection.leader.step-down.wait-time = 10s (default)
2023-05-12 15:35:02,029 [7fbba869-ae5e-435c-b5a2-8ae18052e5d1-groupManagement] INFO  server.RaftServerConfigKeys (ConfUtils.java:logGet(46)) - raft.server.sleep.deviation.threshold = 300ms (default)
2023-05-12 15:35:02,029 [7fbba869-ae5e-435c-b5a2-8ae18052e5d1-groupManagement] INFO  server.RaftServer$Division (ServerState.java:<init>(120)) - 7fbba869-ae5e-435c-b5a2-8ae18052e5d1@group-A1A7FFF00A9D: ConfigurationManager, init=-1: peers:[274a318d-4208-4a56-b0aa-605c6427dbd2|rpc:10.1.0.53:15037|admin:10.1.0.53:15036|client:10.1.0.53:15035|dataStream:10.1.0.53:15038|priority:0|startupRole:FOLLOWER, cc26ca6c-2cda-43c4-8225-385dd9036c3c|rpc:10.1.0.53:15021|admin:10.1.0.53:15020|client:10.1.0.53:15019|dataStream:10.1.0.53:15022|priority:1|startupRole:FOLLOWER, 7fbba869-ae5e-435c-b5a2-8ae18052e5d1|rpc:10.1.0.53:15029|admin:10.1.0.53:15028|client:10.1.0.53:15027|dataStream:10.1.0.53:15030|priority:0|startupRole:FOLLOWER]|listeners:[], old=null, confs=<EMPTY_MAP>
2023-05-12 15:35:02,029 [7fbba869-ae5e-435c-b5a2-8ae18052e5d1-groupManagement] INFO  server.RaftServerConfigKeys (ConfUtils.java:logGet(46)) - raft.server.storage.dir = [/home/runner/work/ozone/ozone/hadoop-ozone/integration-test/target/test-dir/MiniOzoneClusterImpl-bfe86ff0-f9fb-433f-aae2-64a5a95eec81/datanode-1/data/ratis] (custom)
2023-05-12 15:35:02,029 [7fbba869-ae5e-435c-b5a2-8ae18052e5d1-groupManagement] INFO  server.RaftServerConfigKeys (ConfUtils.java:logGet(46)) - raft.server.log.corruption.policy = EXCEPTION (default)
2023-05-12 15:35:02,029 [7fbba869-ae5e-435c-b5a2-8ae18052e5d1-groupManagement] INFO  server.RaftServerConfigKeys (ConfUtils.java:logGet(46)) - raft.server.storage.free-space.min = 0MB (=0) (default)
2023-05-12 15:35:02,029 [7fbba869-ae5e-435c-b5a2-8ae18052e5d1-groupManagement] INFO  server.RaftServerConfigKeys (ConfUtils.java:logGet(46)) - raft.server.notification.no-leader.timeout = 300s (custom)
2023-05-12 15:35:02,029 [7fbba869-ae5e-435c-b5a2-8ae18052e5d1-groupManagement] INFO  server.RaftServerConfigKeys (ConfUtils.java:logGet(46)) - raft.server.read.timeout = 10s (default)
2023-05-12 15:35:02,030 [7fbba869-ae5e-435c-b5a2-8ae18052e5d1-groupManagement] INFO  server.RaftServerConfigKeys (ConfUtils.java:logGet(46)) - raft.server.retrycache.expirytime = 600000ms (custom)
2023-05-12 15:35:02,030 [7fbba869-ae5e-435c-b5a2-8ae18052e5d1-groupManagement] INFO  server.RaftServerConfigKeys (ConfUtils.java:logGet(46)) - raft.server.retrycache.statistics.expirytime = 100μs (default)
2023-05-12 15:35:02,030 [7fbba869-ae5e-435c-b5a2-8ae18052e5d1-groupManagement] INFO  server.RaftServerConfigKeys (ConfUtils.java:logGet(46)) - raft.server.read.option = DEFAULT (default)
2023-05-12 15:35:02,031 [7fbba869-ae5e-435c-b5a2-8ae18052e5d1-groupManagement] INFO  server.RaftServerConfigKeys (ConfUtils.java:logGet(46)) - raft.server.rpc.request.timeout = 60s (custom)
2023-05-12 15:35:02,031 [7fbba869-ae5e-435c-b5a2-8ae18052e5d1-groupManagement] INFO  server.RaftServerConfigKeys (ConfUtils.java:logGet(46)) - raft.server.log.appender.install.snapshot.enabled = false (custom)
2023-05-12 15:35:02,031 [7fbba869-ae5e-435c-b5a2-8ae18052e5d1-groupManagement] INFO  server.RaftServerConfigKeys (ConfUtils.java:logGet(46)) - raft.server.threadpool.server.cached = true (default)
2023-05-12 15:35:02,031 [7fbba869-ae5e-435c-b5a2-8ae18052e5d1-groupManagement] INFO  server.RaftServerConfigKeys (ConfUtils.java:logGet(46)) - raft.server.threadpool.server.size = 0 (default)
2023-05-12 15:35:02,031 [7fbba869-ae5e-435c-b5a2-8ae18052e5d1-groupManagement] INFO  server.RaftServerConfigKeys (ConfUtils.java:logGet(46)) - raft.server.threadpool.client.cached = true (default)
2023-05-12 15:35:02,031 [7fbba869-ae5e-435c-b5a2-8ae18052e5d1-groupManagement] INFO  server.RaftServerConfigKeys (ConfUtils.java:logGet(46)) - raft.server.threadpool.client.size = 0 (default)
2023-05-12 15:35:02,031 [7fbba869-ae5e-435c-b5a2-8ae18052e5d1-groupManagement] INFO  storage.RaftStorageDirectory (RaftStorageDirectoryImpl.java:analyzeStorage(137)) - The storage directory /home/runner/work/ozone/ozone/hadoop-ozone/integration-test/target/test-dir/MiniOzoneClusterImpl-bfe86ff0-f9fb-433f-aae2-64a5a95eec81/datanode-1/data/ratis/a0249ab2-92e6-4e01-8eb2-a1a7fff00a9d does not exist. Creating ...
2023-05-12 15:35:02,032 [7fbba869-ae5e-435c-b5a2-8ae18052e5d1-groupManagement] INFO  storage.RaftStorageDirectory (RaftStorageDirectoryImpl.java:tryLock(231)) - Lock on /home/runner/work/ozone/ozone/hadoop-ozone/integration-test/target/test-dir/MiniOzoneClusterImpl-bfe86ff0-f9fb-433f-aae2-64a5a95eec81/datanode-1/data/ratis/a0249ab2-92e6-4e01-8eb2-a1a7fff00a9d/in_use.lock acquired by nodename 89313@fv-az1245-539
2023-05-12 15:35:02,033 [7fbba869-ae5e-435c-b5a2-8ae18052e5d1-groupManagement] INFO  storage.RaftStorage (RaftStorageImpl.java:format(96)) - Storage directory /home/runner/work/ozone/ozone/hadoop-ozone/integration-test/target/test-dir/MiniOzoneClusterImpl-bfe86ff0-f9fb-433f-aae2-64a5a95eec81/datanode-1/data/ratis/a0249ab2-92e6-4e01-8eb2-a1a7fff00a9d has been successfully formatted.
2023-05-12 15:35:02,035 [7fbba869-ae5e-435c-b5a2-8ae18052e5d1-groupManagement] INFO  ratis.ContainerStateMachine (ContainerStateMachine.java:loadSnapshot(262)) - group-A1A7FFF00A9D: The snapshot info is null. Setting the last applied indexto:(t:0, i:~)
2023-05-12 15:35:02,035 [7fbba869-ae5e-435c-b5a2-8ae18052e5d1-groupManagement] INFO  server.RaftServerConfigKeys (ConfUtils.java:logGet(46)) - raft.server.log.use.memory = false (default)
2023-05-12 15:35:02,035 [7fbba869-ae5e-435c-b5a2-8ae18052e5d1-groupManagement] INFO  server.RaftServerConfigKeys (ConfUtils.java:logGet(46)) - raft.server.log.purge.gap = 1000000 (custom)
2023-05-12 15:35:02,035 [7fbba869-ae5e-435c-b5a2-8ae18052e5d1-groupManagement] INFO  server.RaftServerConfigKeys (ConfUtils.java:logGet(46)) - raft.server.log.appender.buffer.byte-limit = 33554432 (custom)
2023-05-12 15:35:02,035 [7fbba869-ae5e-435c-b5a2-8ae18052e5d1-groupManagement] INFO  server.RaftServerConfigKeys (ConfUtils.java:logGet(46)) - raft.server.log.statemachine.data.read.timeout = 1000ms (default)
2023-05-12 15:35:02,035 [7fbba869-ae5e-435c-b5a2-8ae18052e5d1-groupManagement] INFO  server.RaftServerConfigKeys (ConfUtils.java:logGet(46)) - raft.server.log.purge.preservation.log.num = 0 (default)
2023-05-12 15:35:02,035 [7fbba869-ae5e-435c-b5a2-8ae18052e5d1-groupManagement] INFO  server.RaftServerConfigKeys (ConfUtils.java:logGet(46)) - raft.server.log.segment.size.max = 1048576 (custom)
2023-05-12 15:35:02,038 [EventQueue-OpenPipelineForHealthyPipelineSafeModeRule] INFO  safemode.SCMSafeModeManager (HealthyPipelineSafeModeRule.java:process(137)) - SCM in safe mode. Healthy pipelines reported count is 0, required healthy pipeline reported count is 1
2023-05-12 15:35:02,041 [7fbba869-ae5e-435c-b5a2-8ae18052e5d1-groupManagement] INFO  server.RaftServerConfigKeys (ConfUtils.java:logGet(46)) - raft.server.log.segment.cache.num.max = 2 (custom)
2023-05-12 15:35:02,041 [7fbba869-ae5e-435c-b5a2-8ae18052e5d1-groupManagement] INFO  server.RaftServerConfigKeys (ConfUtils.java:logGet(46)) - raft.server.log.segment.cache.size.max = 200MB (=209715200) (default)
2023-05-12 15:35:02,041 [7fbba869-ae5e-435c-b5a2-8ae18052e5d1-groupManagement] INFO  server.RaftServerConfigKeys (ConfUtils.java:logGet(46)) - raft.server.log.appender.buffer.byte-limit = 33554432 (custom)
2023-05-12 15:35:02,041 [7fbba869-ae5e-435c-b5a2-8ae18052e5d1-groupManagement] INFO  segmented.SegmentedRaftLogWorker (SegmentedRaftLogWorker.java:<init>(188)) - new 7fbba869-ae5e-435c-b5a2-8ae18052e5d1@group-A1A7FFF00A9D-SegmentedRaftLogWorker for RaftStorageImpl:Storage Directory /home/runner/work/ozone/ozone/hadoop-ozone/integration-test/target/test-dir/MiniOzoneClusterImpl-bfe86ff0-f9fb-433f-aae2-64a5a95eec81/datanode-1/data/ratis/a0249ab2-92e6-4e01-8eb2-a1a7fff00a9d
2023-05-12 15:35:02,041 [7fbba869-ae5e-435c-b5a2-8ae18052e5d1-groupManagement] INFO  server.RaftServerConfigKeys (ConfUtils.java:logGet(46)) - raft.server.log.queue.byte-limit = 4294967296 (custom)
2023-05-12 15:35:02,041 [7fbba869-ae5e-435c-b5a2-8ae18052e5d1-groupManagement] INFO  server.RaftServerConfigKeys (ConfUtils.java:logGet(46)) - raft.server.log.queue.element-limit = 1024 (custom)
2023-05-12 15:35:02,041 [7fbba869-ae5e-435c-b5a2-8ae18052e5d1-groupManagement] INFO  server.RaftServerConfigKeys (ConfUtils.java:logGet(46)) - raft.server.log.segment.size.max = 1048576 (custom)
2023-05-12 15:35:02,042 [7fbba869-ae5e-435c-b5a2-8ae18052e5d1-groupManagement] INFO  server.RaftServerConfigKeys (ConfUtils.java:logGet(46)) - raft.server.log.preallocated.size = 16384 (custom)
2023-05-12 15:35:02,042 [7fbba869-ae5e-435c-b5a2-8ae18052e5d1-groupManagement] INFO  server.RaftServerConfigKeys (ConfUtils.java:logGet(46)) - raft.server.log.force.sync.num = 128 (default)
2023-05-12 15:35:02,042 [7fbba869-ae5e-435c-b5a2-8ae18052e5d1-groupManagement] INFO  server.RaftServerConfigKeys (ConfUtils.java:logGet(46)) - raft.server.log.statemachine.data.sync = true (default)
2023-05-12 15:35:02,042 [7fbba869-ae5e-435c-b5a2-8ae18052e5d1-groupManagement] INFO  server.RaftServerConfigKeys (ConfUtils.java:logGet(46)) - raft.server.log.statemachine.data.sync.timeout = 10s (default)
2023-05-12 15:35:02,042 [7fbba869-ae5e-435c-b5a2-8ae18052e5d1-groupManagement] INFO  server.RaftServerConfigKeys (ConfUtils.java:logGet(46)) - raft.server.log.statemachine.data.sync.timeout.retry = -1 (default)
2023-05-12 15:35:02,042 [7fbba869-ae5e-435c-b5a2-8ae18052e5d1-groupManagement] INFO  server.RaftServerConfigKeys (ConfUtils.java:logGet(46)) - raft.server.log.write.buffer.size = 1048576 (custom)
2023-05-12 15:35:02,045 [7fbba869-ae5e-435c-b5a2-8ae18052e5d1-groupManagement] INFO  server.RaftServerConfigKeys (ConfUtils.java:logGet(46)) - raft.server.log.appender.buffer.byte-limit = 33554432 (custom)
2023-05-12 15:35:02,050 [7fbba869-ae5e-435c-b5a2-8ae18052e5d1-groupManagement] INFO  server.RaftServerConfigKeys (ConfUtils.java:logGet(46)) - raft.server.log.unsafe-flush.enabled = false (default)
2023-05-12 15:35:02,050 [7fbba869-ae5e-435c-b5a2-8ae18052e5d1-groupManagement] INFO  server.RaftServerConfigKeys (ConfUtils.java:logGet(46)) - raft.server.log.async-flush.enabled = false (default)
2023-05-12 15:35:02,050 [7fbba869-ae5e-435c-b5a2-8ae18052e5d1-groupManagement] INFO  server.RaftServerConfigKeys (ConfUtils.java:logGet(46)) - raft.server.log.statemachine.data.caching.enabled = true (custom)
2023-05-12 15:35:02,050 [7fbba869-ae5e-435c-b5a2-8ae18052e5d1-groupManagement] INFO  segmented.SegmentedRaftLogWorker (SegmentedRaftLogWorker.java:lambda$new$0(135)) - 7fbba869-ae5e-435c-b5a2-8ae18052e5d1@group-A1A7FFF00A9D-SegmentedRaftLogWorker: flushIndex: setUnconditionally 0 -> -1
2023-05-12 15:35:02,050 [7fbba869-ae5e-435c-b5a2-8ae18052e5d1-groupManagement] INFO  segmented.SegmentedRaftLogWorker (SegmentedRaftLogWorker.java:lambda$new$0(135)) - 7fbba869-ae5e-435c-b5a2-8ae18052e5d1@group-A1A7FFF00A9D-SegmentedRaftLogWorker: safeCacheEvictIndex: setUnconditionally 0 -> -1
2023-05-12 15:35:02,053 [7fbba869-ae5e-435c-b5a2-8ae18052e5d1-groupManagement] INFO  server.RaftServer$Division (RaftServerImpl.java:start(342)) - 7fbba869-ae5e-435c-b5a2-8ae18052e5d1@group-A1A7FFF00A9D: start as a follower, conf=-1: peers:[274a318d-4208-4a56-b0aa-605c6427dbd2|rpc:10.1.0.53:15037|admin:10.1.0.53:15036|client:10.1.0.53:15035|dataStream:10.1.0.53:15038|priority:0|startupRole:FOLLOWER, cc26ca6c-2cda-43c4-8225-385dd9036c3c|rpc:10.1.0.53:15021|admin:10.1.0.53:15020|client:10.1.0.53:15019|dataStream:10.1.0.53:15022|priority:1|startupRole:FOLLOWER, 7fbba869-ae5e-435c-b5a2-8ae18052e5d1|rpc:10.1.0.53:15029|admin:10.1.0.53:15028|client:10.1.0.53:15027|dataStream:10.1.0.53:15030|priority:0|startupRole:FOLLOWER]|listeners:[], old=null
2023-05-12 15:35:02,053 [7fbba869-ae5e-435c-b5a2-8ae18052e5d1-groupManagement] INFO  server.RaftServer$Division (RaftServerImpl.java:setRole(329)) - 7fbba869-ae5e-435c-b5a2-8ae18052e5d1@group-A1A7FFF00A9D: changes role from      null to FOLLOWER at term 0 for startAsFollower
2023-05-12 15:35:02,053 [7fbba869-ae5e-435c-b5a2-8ae18052e5d1-groupManagement] INFO  impl.RoleInfo (RoleInfo.java:updateAndGet(139)) - 7fbba869-ae5e-435c-b5a2-8ae18052e5d1: start 7fbba869-ae5e-435c-b5a2-8ae18052e5d1@group-A1A7FFF00A9D-FollowerState
2023-05-12 15:35:02,053 [7fbba869-ae5e-435c-b5a2-8ae18052e5d1-groupManagement] INFO  util.JmxRegister (JmxRegister.java:tryRegister(44)) - Successfully registered JMX Bean with object name Ratis:service=RaftServer,group=group-A1A7FFF00A9D,id=7fbba869-ae5e-435c-b5a2-8ae18052e5d1
2023-05-12 15:35:02,053 [7fbba869-ae5e-435c-b5a2-8ae18052e5d1-groupManagement] INFO  server.RaftServerConfigKeys (ConfUtils.java:logGet(46)) - raft.server.snapshot.auto.trigger.enabled = true (custom)
2023-05-12 15:35:02,053 [7fbba869-ae5e-435c-b5a2-8ae18052e5d1-groupManagement] INFO  server.RaftServerConfigKeys (ConfUtils.java:logGet(46)) - raft.server.snapshot.auto.trigger.threshold = 10000 (custom)
2023-05-12 15:35:02,054 [7fbba869-ae5e-435c-b5a2-8ae18052e5d1-groupManagement] INFO  server.RaftServerConfigKeys (ConfUtils.java:logGet(46)) - raft.server.snapshot.retention.file.num = 5 (custom)
2023-05-12 15:35:02,054 [7fbba869-ae5e-435c-b5a2-8ae18052e5d1-groupManagement] INFO  server.RaftServerConfigKeys (ConfUtils.java:logGet(46)) - raft.server.log.purge.upto.snapshot.index = false (default)
2023-05-12 15:35:02,054 [7fbba869-ae5e-435c-b5a2-8ae18052e5d1@group-A1A7FFF00A9D-FollowerState] INFO  server.RaftServerConfigKeys (ConfUtils.java:logFallback(53)) - raft.server.rpc.first-election.timeout.min = 5s (fallback to raft.server.rpc.timeout.min)
2023-05-12 15:35:02,058 [7fbba869-ae5e-435c-b5a2-8ae18052e5d1@group-A1A7FFF00A9D-FollowerState] INFO  server.RaftServerConfigKeys (ConfUtils.java:logFallback(53)) - raft.server.rpc.first-election.timeout.max = 5200ms (fallback to raft.server.rpc.timeout.max)
2023-05-12 15:35:02,083 [grpc-default-executor-8] INFO  server.RaftServer (RaftServerProxy.java:addNew(98)) - 274a318d-4208-4a56-b0aa-605c6427dbd2: addNew group-A1A7FFF00A9D:[274a318d-4208-4a56-b0aa-605c6427dbd2|rpc:10.1.0.53:15037|admin:10.1.0.53:15036|client:10.1.0.53:15035|dataStream:10.1.0.53:15038|priority:0|startupRole:FOLLOWER, cc26ca6c-2cda-43c4-8225-385dd9036c3c|rpc:10.1.0.53:15021|admin:10.1.0.53:15020|client:10.1.0.53:15019|dataStream:10.1.0.53:15022|priority:1|startupRole:FOLLOWER, 7fbba869-ae5e-435c-b5a2-8ae18052e5d1|rpc:10.1.0.53:15029|admin:10.1.0.53:15028|client:10.1.0.53:15027|dataStream:10.1.0.53:15030|priority:0|startupRole:FOLLOWER] returns group-A1A7FFF00A9D:java.util.concurrent.CompletableFuture@7be84f25[Not completed]
2023-05-12 15:35:02,085 [274a318d-4208-4a56-b0aa-605c6427dbd2-groupManagement] INFO  server.RaftServer$Division (RaftServerImpl.java:<init>(198)) - 274a318d-4208-4a56-b0aa-605c6427dbd2: new RaftServerImpl for group-A1A7FFF00A9D:[274a318d-4208-4a56-b0aa-605c6427dbd2|rpc:10.1.0.53:15037|admin:10.1.0.53:15036|client:10.1.0.53:15035|dataStream:10.1.0.53:15038|priority:0|startupRole:FOLLOWER, cc26ca6c-2cda-43c4-8225-385dd9036c3c|rpc:10.1.0.53:15021|admin:10.1.0.53:15020|client:10.1.0.53:15019|dataStream:10.1.0.53:15022|priority:1|startupRole:FOLLOWER, 7fbba869-ae5e-435c-b5a2-8ae18052e5d1|rpc:10.1.0.53:15029|admin:10.1.0.53:15028|client:10.1.0.53:15027|dataStream:10.1.0.53:15030|priority:0|startupRole:FOLLOWER] with ContainerStateMachine:uninitialized
2023-05-12 15:35:02,085 [274a318d-4208-4a56-b0aa-605c6427dbd2-groupManagement] INFO  server.RaftServerConfigKeys (ConfUtils.java:logGet(46)) - raft.server.rpc.timeout.min = 5s (custom)
2023-05-12 15:35:02,085 [274a318d-4208-4a56-b0aa-605c6427dbd2-groupManagement] INFO  server.RaftServerConfigKeys (ConfUtils.java:logGet(46)) - raft.server.rpc.timeout.max = 5200ms (custom)
2023-05-12 15:35:02,085 [274a318d-4208-4a56-b0aa-605c6427dbd2-groupManagement] INFO  server.RaftServerConfigKeys (ConfUtils.java:logGet(46)) - raft.server.rpc.sleep.time = 25ms (default)
2023-05-12 15:35:02,085 [274a318d-4208-4a56-b0aa-605c6427dbd2-groupManagement] INFO  server.RaftServerConfigKeys (ConfUtils.java:logGet(46)) - raft.server.rpc.slowness.timeout = 300s (custom)
2023-05-12 15:35:02,085 [274a318d-4208-4a56-b0aa-605c6427dbd2-groupManagement] INFO  server.RaftServerConfigKeys (ConfUtils.java:logGet(46)) - raft.server.leaderelection.leader.step-down.wait-time = 10s (default)
2023-05-12 15:35:02,085 [274a318d-4208-4a56-b0aa-605c6427dbd2-groupManagement] INFO  server.RaftServerConfigKeys (ConfUtils.java:logGet(46)) - raft.server.sleep.deviation.threshold = 300ms (default)
2023-05-12 15:35:02,085 [274a318d-4208-4a56-b0aa-605c6427dbd2-groupManagement] INFO  server.RaftServer$Division (ServerState.java:<init>(120)) - 274a318d-4208-4a56-b0aa-605c6427dbd2@group-A1A7FFF00A9D: ConfigurationManager, init=-1: peers:[274a318d-4208-4a56-b0aa-605c6427dbd2|rpc:10.1.0.53:15037|admin:10.1.0.53:15036|client:10.1.0.53:15035|dataStream:10.1.0.53:15038|priority:0|startupRole:FOLLOWER, cc26ca6c-2cda-43c4-8225-385dd9036c3c|rpc:10.1.0.53:15021|admin:10.1.0.53:15020|client:10.1.0.53:15019|dataStream:10.1.0.53:15022|priority:1|startupRole:FOLLOWER, 7fbba869-ae5e-435c-b5a2-8ae18052e5d1|rpc:10.1.0.53:15029|admin:10.1.0.53:15028|client:10.1.0.53:15027|dataStream:10.1.0.53:15030|priority:0|startupRole:FOLLOWER]|listeners:[], old=null, confs=<EMPTY_MAP>
2023-05-12 15:35:02,085 [274a318d-4208-4a56-b0aa-605c6427dbd2-groupManagement] INFO  server.RaftServerConfigKeys (ConfUtils.java:logGet(46)) - raft.server.storage.dir = [/home/runner/work/ozone/ozone/hadoop-ozone/integration-test/target/test-dir/MiniOzoneClusterImpl-bfe86ff0-f9fb-433f-aae2-64a5a95eec81/datanode-2/data/ratis] (custom)
2023-05-12 15:35:02,085 [274a318d-4208-4a56-b0aa-605c6427dbd2-groupManagement] INFO  server.RaftServerConfigKeys (ConfUtils.java:logGet(46)) - raft.server.log.corruption.policy = EXCEPTION (default)
2023-05-12 15:35:02,085 [274a318d-4208-4a56-b0aa-605c6427dbd2-groupManagement] INFO  server.RaftServerConfigKeys (ConfUtils.java:logGet(46)) - raft.server.storage.free-space.min = 0MB (=0) (default)
2023-05-12 15:35:02,086 [274a318d-4208-4a56-b0aa-605c6427dbd2-groupManagement] INFO  server.RaftServerConfigKeys (ConfUtils.java:logGet(46)) - raft.server.notification.no-leader.timeout = 300s (custom)
2023-05-12 15:35:02,086 [274a318d-4208-4a56-b0aa-605c6427dbd2-groupManagement] INFO  server.RaftServerConfigKeys (ConfUtils.java:logGet(46)) - raft.server.read.timeout = 10s (default)
2023-05-12 15:35:02,086 [274a318d-4208-4a56-b0aa-605c6427dbd2-groupManagement] INFO  server.RaftServerConfigKeys (ConfUtils.java:logGet(46)) - raft.server.retrycache.expirytime = 600000ms (custom)
2023-05-12 15:35:02,086 [274a318d-4208-4a56-b0aa-605c6427dbd2-groupManagement] INFO  server.RaftServerConfigKeys (ConfUtils.java:logGet(46)) - raft.server.retrycache.statistics.expirytime = 100μs (default)
2023-05-12 15:35:02,086 [274a318d-4208-4a56-b0aa-605c6427dbd2-groupManagement] INFO  server.RaftServerConfigKeys (ConfUtils.java:logGet(46)) - raft.server.read.option = DEFAULT (default)
2023-05-12 15:35:02,087 [274a318d-4208-4a56-b0aa-605c6427dbd2-groupManagement] INFO  server.RaftServerConfigKeys (ConfUtils.java:logGet(46)) - raft.server.rpc.request.timeout = 60s (custom)
2023-05-12 15:35:02,087 [274a318d-4208-4a56-b0aa-605c6427dbd2-groupManagement] INFO  server.RaftServerConfigKeys (ConfUtils.java:logGet(46)) - raft.server.log.appender.install.snapshot.enabled = false (custom)
2023-05-12 15:35:02,087 [274a318d-4208-4a56-b0aa-605c6427dbd2-groupManagement] INFO  server.RaftServerConfigKeys (ConfUtils.java:logGet(46)) - raft.server.threadpool.server.cached = true (default)
2023-05-12 15:35:02,087 [274a318d-4208-4a56-b0aa-605c6427dbd2-groupManagement] INFO  server.RaftServerConfigKeys (ConfUtils.java:logGet(46)) - raft.server.threadpool.server.size = 0 (default)
2023-05-12 15:35:02,087 [274a318d-4208-4a56-b0aa-605c6427dbd2-groupManagement] INFO  server.RaftServerConfigKeys (ConfUtils.java:logGet(46)) - raft.server.threadpool.client.cached = true (default)
2023-05-12 15:35:02,087 [274a318d-4208-4a56-b0aa-605c6427dbd2-groupManagement] INFO  server.RaftServerConfigKeys (ConfUtils.java:logGet(46)) - raft.server.threadpool.client.size = 0 (default)
2023-05-12 15:35:02,087 [274a318d-4208-4a56-b0aa-605c6427dbd2-groupManagement] INFO  storage.RaftStorageDirectory (RaftStorageDirectoryImpl.java:analyzeStorage(137)) - The storage directory /home/runner/work/ozone/ozone/hadoop-ozone/integration-test/target/test-dir/MiniOzoneClusterImpl-bfe86ff0-f9fb-433f-aae2-64a5a95eec81/datanode-2/data/ratis/a0249ab2-92e6-4e01-8eb2-a1a7fff00a9d does not exist. Creating ...
2023-05-12 15:35:02,090 [274a318d-4208-4a56-b0aa-605c6427dbd2-groupManagement] INFO  storage.RaftStorageDirectory (RaftStorageDirectoryImpl.java:tryLock(231)) - Lock on /home/runner/work/ozone/ozone/hadoop-ozone/integration-test/target/test-dir/MiniOzoneClusterImpl-bfe86ff0-f9fb-433f-aae2-64a5a95eec81/datanode-2/data/ratis/a0249ab2-92e6-4e01-8eb2-a1a7fff00a9d/in_use.lock acquired by nodename 89313@fv-az1245-539
2023-05-12 15:35:02,091 [274a318d-4208-4a56-b0aa-605c6427dbd2-groupManagement] INFO  storage.RaftStorage (RaftStorageImpl.java:format(96)) - Storage directory /home/runner/work/ozone/ozone/hadoop-ozone/integration-test/target/test-dir/MiniOzoneClusterImpl-bfe86ff0-f9fb-433f-aae2-64a5a95eec81/datanode-2/data/ratis/a0249ab2-92e6-4e01-8eb2-a1a7fff00a9d has been successfully formatted.
2023-05-12 15:35:02,091 [274a318d-4208-4a56-b0aa-605c6427dbd2-groupManagement] INFO  ratis.ContainerStateMachine (ContainerStateMachine.java:loadSnapshot(262)) - group-A1A7FFF00A9D: The snapshot info is null. Setting the last applied indexto:(t:0, i:~)
2023-05-12 15:35:02,092 [274a318d-4208-4a56-b0aa-605c6427dbd2-groupManagement] INFO  server.RaftServerConfigKeys (ConfUtils.java:logGet(46)) - raft.server.log.use.memory = false (default)
2023-05-12 15:35:02,093 [274a318d-4208-4a56-b0aa-605c6427dbd2-groupManagement] INFO  server.RaftServerConfigKeys (ConfUtils.java:logGet(46)) - raft.server.log.purge.gap = 1000000 (custom)
2023-05-12 15:35:02,093 [274a318d-4208-4a56-b0aa-605c6427dbd2-groupManagement] INFO  server.RaftServerConfigKeys (ConfUtils.java:logGet(46)) - raft.server.log.appender.buffer.byte-limit = 33554432 (custom)
2023-05-12 15:35:02,093 [274a318d-4208-4a56-b0aa-605c6427dbd2-groupManagement] INFO  server.RaftServerConfigKeys (ConfUtils.java:logGet(46)) - raft.server.log.statemachine.data.read.timeout = 1000ms (default)
2023-05-12 15:35:02,093 [274a318d-4208-4a56-b0aa-605c6427dbd2-groupManagement] INFO  server.RaftServerConfigKeys (ConfUtils.java:logGet(46)) - raft.server.log.purge.preservation.log.num = 0 (default)
2023-05-12 15:35:02,093 [274a318d-4208-4a56-b0aa-605c6427dbd2-groupManagement] INFO  server.RaftServerConfigKeys (ConfUtils.java:logGet(46)) - raft.server.log.segment.size.max = 1048576 (custom)
2023-05-12 15:35:02,093 [274a318d-4208-4a56-b0aa-605c6427dbd2-groupManagement] INFO  server.RaftServerConfigKeys (ConfUtils.java:logGet(46)) - raft.server.log.segment.cache.num.max = 2 (custom)
2023-05-12 15:35:02,094 [274a318d-4208-4a56-b0aa-605c6427dbd2-groupManagement] INFO  server.RaftServerConfigKeys (ConfUtils.java:logGet(46)) - raft.server.log.segment.cache.size.max = 200MB (=209715200) (default)
2023-05-12 15:35:02,094 [274a318d-4208-4a56-b0aa-605c6427dbd2-groupManagement] INFO  server.RaftServerConfigKeys (ConfUtils.java:logGet(46)) - raft.server.log.appender.buffer.byte-limit = 33554432 (custom)
2023-05-12 15:35:02,094 [274a318d-4208-4a56-b0aa-605c6427dbd2-groupManagement] INFO  segmented.SegmentedRaftLogWorker (SegmentedRaftLogWorker.java:<init>(188)) - new 274a318d-4208-4a56-b0aa-605c6427dbd2@group-A1A7FFF00A9D-SegmentedRaftLogWorker for RaftStorageImpl:Storage Directory /home/runner/work/ozone/ozone/hadoop-ozone/integration-test/target/test-dir/MiniOzoneClusterImpl-bfe86ff0-f9fb-433f-aae2-64a5a95eec81/datanode-2/data/ratis/a0249ab2-92e6-4e01-8eb2-a1a7fff00a9d
2023-05-12 15:35:02,094 [274a318d-4208-4a56-b0aa-605c6427dbd2-groupManagement] INFO  server.RaftServerConfigKeys (ConfUtils.java:logGet(46)) - raft.server.log.queue.byte-limit = 4294967296 (custom)
2023-05-12 15:35:02,095 [274a318d-4208-4a56-b0aa-605c6427dbd2-groupManagement] INFO  server.RaftServerConfigKeys (ConfUtils.java:logGet(46)) - raft.server.log.queue.element-limit = 1024 (custom)
2023-05-12 15:35:02,095 [274a318d-4208-4a56-b0aa-605c6427dbd2-groupManagement] INFO  server.RaftServerConfigKeys (ConfUtils.java:logGet(46)) - raft.server.log.segment.size.max = 1048576 (custom)
2023-05-12 15:35:02,095 [274a318d-4208-4a56-b0aa-605c6427dbd2-groupManagement] INFO  server.RaftServerConfigKeys (ConfUtils.java:logGet(46)) - raft.server.log.preallocated.size = 16384 (custom)
2023-05-12 15:35:02,095 [274a318d-4208-4a56-b0aa-605c6427dbd2-groupManagement] INFO  server.RaftServerConfigKeys (ConfUtils.java:logGet(46)) - raft.server.log.force.sync.num = 128 (default)
2023-05-12 15:35:02,095 [274a318d-4208-4a56-b0aa-605c6427dbd2-groupManagement] INFO  server.RaftServerConfigKeys (ConfUtils.java:logGet(46)) - raft.server.log.statemachine.data.sync = true (default)
2023-05-12 15:35:02,095 [274a318d-4208-4a56-b0aa-605c6427dbd2-groupManagement] INFO  server.RaftServerConfigKeys (ConfUtils.java:logGet(46)) - raft.server.log.statemachine.data.sync.timeout = 10s (default)
2023-05-12 15:35:02,095 [274a318d-4208-4a56-b0aa-605c6427dbd2-groupManagement] INFO  server.RaftServerConfigKeys (ConfUtils.java:logGet(46)) - raft.server.log.statemachine.data.sync.timeout.retry = -1 (default)
2023-05-12 15:35:02,096 [274a318d-4208-4a56-b0aa-605c6427dbd2-groupManagement] INFO  server.RaftServerConfigKeys (ConfUtils.java:logGet(46)) - raft.server.log.write.buffer.size = 1048576 (custom)
2023-05-12 15:35:02,097 [274a318d-4208-4a56-b0aa-605c6427dbd2-groupManagement] INFO  server.RaftServerConfigKeys (ConfUtils.java:logGet(46)) - raft.server.log.appender.buffer.byte-limit = 33554432 (custom)
2023-05-12 15:35:02,103 [274a318d-4208-4a56-b0aa-605c6427dbd2-groupManagement] INFO  server.RaftServerConfigKeys (ConfUtils.java:logGet(46)) - raft.server.log.unsafe-flush.enabled = false (default)
2023-05-12 15:35:02,103 [274a318d-4208-4a56-b0aa-605c6427dbd2-groupManagement] INFO  server.RaftServerConfigKeys (ConfUtils.java:logGet(46)) - raft.server.log.async-flush.enabled = false (default)
2023-05-12 15:35:02,103 [274a318d-4208-4a56-b0aa-605c6427dbd2-groupManagement] INFO  server.RaftServerConfigKeys (ConfUtils.java:logGet(46)) - raft.server.log.statemachine.data.caching.enabled = true (custom)
2023-05-12 15:35:02,103 [274a318d-4208-4a56-b0aa-605c6427dbd2-groupManagement] INFO  segmented.SegmentedRaftLogWorker (SegmentedRaftLogWorker.java:lambda$new$0(135)) - 274a318d-4208-4a56-b0aa-605c6427dbd2@group-A1A7FFF00A9D-SegmentedRaftLogWorker: flushIndex: setUnconditionally 0 -> -1
2023-05-12 15:35:02,103 [274a318d-4208-4a56-b0aa-605c6427dbd2-groupManagement] INFO  segmented.SegmentedRaftLogWorker (SegmentedRaftLogWorker.java:lambda$new$0(135)) - 274a318d-4208-4a56-b0aa-605c6427dbd2@group-A1A7FFF00A9D-SegmentedRaftLogWorker: safeCacheEvictIndex: setUnconditionally 0 -> -1
2023-05-12 15:35:02,103 [274a318d-4208-4a56-b0aa-605c6427dbd2-groupManagement] INFO  server.RaftServer$Division (RaftServerImpl.java:start(342)) - 274a318d-4208-4a56-b0aa-605c6427dbd2@group-A1A7FFF00A9D: start as a follower, conf=-1: peers:[274a318d-4208-4a56-b0aa-605c6427dbd2|rpc:10.1.0.53:15037|admin:10.1.0.53:15036|client:10.1.0.53:15035|dataStream:10.1.0.53:15038|priority:0|startupRole:FOLLOWER, cc26ca6c-2cda-43c4-8225-385dd9036c3c|rpc:10.1.0.53:15021|admin:10.1.0.53:15020|client:10.1.0.53:15019|dataStream:10.1.0.53:15022|priority:1|startupRole:FOLLOWER, 7fbba869-ae5e-435c-b5a2-8ae18052e5d1|rpc:10.1.0.53:15029|admin:10.1.0.53:15028|client:10.1.0.53:15027|dataStream:10.1.0.53:15030|priority:0|startupRole:FOLLOWER]|listeners:[], old=null
2023-05-12 15:35:02,104 [274a318d-4208-4a56-b0aa-605c6427dbd2-groupManagement] INFO  server.RaftServer$Division (RaftServerImpl.java:setRole(329)) - 274a318d-4208-4a56-b0aa-605c6427dbd2@group-A1A7FFF00A9D: changes role from      null to FOLLOWER at term 0 for startAsFollower
2023-05-12 15:35:02,104 [274a318d-4208-4a56-b0aa-605c6427dbd2-groupManagement] INFO  impl.RoleInfo (RoleInfo.java:updateAndGet(139)) - 274a318d-4208-4a56-b0aa-605c6427dbd2: start 274a318d-4208-4a56-b0aa-605c6427dbd2@group-A1A7FFF00A9D-FollowerState
2023-05-12 15:35:02,104 [274a318d-4208-4a56-b0aa-605c6427dbd2-groupManagement] INFO  util.JmxRegister (JmxRegister.java:tryRegister(44)) - Successfully registered JMX Bean with object name Ratis:service=RaftServer,group=group-A1A7FFF00A9D,id=274a318d-4208-4a56-b0aa-605c6427dbd2
2023-05-12 15:35:02,104 [274a318d-4208-4a56-b0aa-605c6427dbd2@group-A1A7FFF00A9D-FollowerState] INFO  server.RaftServerConfigKeys (ConfUtils.java:logFallback(53)) - raft.server.rpc.first-election.timeout.min = 5s (fallback to raft.server.rpc.timeout.min)
2023-05-12 15:35:02,104 [274a318d-4208-4a56-b0aa-605c6427dbd2-groupManagement] INFO  server.RaftServerConfigKeys (ConfUtils.java:logGet(46)) - raft.server.snapshot.auto.trigger.enabled = true (custom)
2023-05-12 15:35:02,105 [274a318d-4208-4a56-b0aa-605c6427dbd2-groupManagement] INFO  server.RaftServerConfigKeys (ConfUtils.java:logGet(46)) - raft.server.snapshot.auto.trigger.threshold = 10000 (custom)
2023-05-12 15:35:02,105 [274a318d-4208-4a56-b0aa-605c6427dbd2-groupManagement] INFO  server.RaftServerConfigKeys (ConfUtils.java:logGet(46)) - raft.server.snapshot.retention.file.num = 5 (custom)
2023-05-12 15:35:02,105 [274a318d-4208-4a56-b0aa-605c6427dbd2-groupManagement] INFO  server.RaftServerConfigKeys (ConfUtils.java:logGet(46)) - raft.server.log.purge.upto.snapshot.index = false (default)
2023-05-12 15:35:02,107 [274a318d-4208-4a56-b0aa-605c6427dbd2@group-A1A7FFF00A9D-FollowerState] INFO  server.RaftServerConfigKeys (ConfUtils.java:logFallback(53)) - raft.server.rpc.first-election.timeout.max = 5200ms (fallback to raft.server.rpc.timeout.max)
2023-05-12 15:35:02,120 [Command processor thread] INFO  commandhandler.CreatePipelineCommandHandler (CreatePipelineCommandHandler.java:handle(113)) - Created Pipeline RATIS THREE PipelineID=a0249ab2-92e6-4e01-8eb2-a1a7fff00a9d.
2023-05-12 15:35:02,363 [Command processor thread] INFO  server.RaftServer (RaftServerProxy.java:addNew(98)) - 274a318d-4208-4a56-b0aa-605c6427dbd2: addNew group-F84CA255ECCB:[274a318d-4208-4a56-b0aa-605c6427dbd2|rpc:10.1.0.53:15037|admin:10.1.0.53:15036|client:10.1.0.53:15035|dataStream:10.1.0.53:15038|priority:1|startupRole:FOLLOWER] returns group-F84CA255ECCB:java.util.concurrent.CompletableFuture@3c35b0bd[Not completed]
2023-05-12 15:35:02,365 [274a318d-4208-4a56-b0aa-605c6427dbd2-groupManagement] INFO  server.RaftServer$Division (RaftServerImpl.java:<init>(198)) - 274a318d-4208-4a56-b0aa-605c6427dbd2: new RaftServerImpl for group-F84CA255ECCB:[274a318d-4208-4a56-b0aa-605c6427dbd2|rpc:10.1.0.53:15037|admin:10.1.0.53:15036|client:10.1.0.53:15035|dataStream:10.1.0.53:15038|priority:1|startupRole:FOLLOWER] with ContainerStateMachine:uninitialized
2023-05-12 15:35:02,365 [274a318d-4208-4a56-b0aa-605c6427dbd2-groupManagement] INFO  server.RaftServerConfigKeys (ConfUtils.java:logGet(46)) - raft.server.rpc.timeout.min = 5s (custom)
2023-05-12 15:35:02,365 [274a318d-4208-4a56-b0aa-605c6427dbd2-groupManagement] INFO  server.RaftServerConfigKeys (ConfUtils.java:logGet(46)) - raft.server.rpc.timeout.max = 5200ms (custom)
2023-05-12 15:35:02,365 [274a318d-4208-4a56-b0aa-605c6427dbd2-groupManagement] INFO  server.RaftServerConfigKeys (ConfUtils.java:logGet(46)) - raft.server.rpc.sleep.time = 25ms (default)
2023-05-12 15:35:02,365 [274a318d-4208-4a56-b0aa-605c6427dbd2-groupManagement] INFO  server.RaftServerConfigKeys (ConfUtils.java:logGet(46)) - raft.server.rpc.slowness.timeout = 300s (custom)
2023-05-12 15:35:02,365 [274a318d-4208-4a56-b0aa-605c6427dbd2-groupManagement] INFO  server.RaftServerConfigKeys (ConfUtils.java:logGet(46)) - raft.server.leaderelection.leader.step-down.wait-time = 10s (default)
2023-05-12 15:35:02,365 [274a318d-4208-4a56-b0aa-605c6427dbd2-groupManagement] INFO  server.RaftServerConfigKeys (ConfUtils.java:logGet(46)) - raft.server.sleep.deviation.threshold = 300ms (default)
2023-05-12 15:35:02,365 [274a318d-4208-4a56-b0aa-605c6427dbd2-groupManagement] INFO  server.RaftServer$Division (ServerState.java:<init>(120)) - 274a318d-4208-4a56-b0aa-605c6427dbd2@group-F84CA255ECCB: ConfigurationManager, init=-1: peers:[274a318d-4208-4a56-b0aa-605c6427dbd2|rpc:10.1.0.53:15037|admin:10.1.0.53:15036|client:10.1.0.53:15035|dataStream:10.1.0.53:15038|priority:1|startupRole:FOLLOWER]|listeners:[], old=null, confs=<EMPTY_MAP>
2023-05-12 15:35:02,365 [274a318d-4208-4a56-b0aa-605c6427dbd2-groupManagement] INFO  server.RaftServerConfigKeys (ConfUtils.java:logGet(46)) - raft.server.storage.dir = [/home/runner/work/ozone/ozone/hadoop-ozone/integration-test/target/test-dir/MiniOzoneClusterImpl-bfe86ff0-f9fb-433f-aae2-64a5a95eec81/datanode-2/data/ratis] (custom)
2023-05-12 15:35:02,366 [274a318d-4208-4a56-b0aa-605c6427dbd2-groupManagement] INFO  server.RaftServerConfigKeys (ConfUtils.java:logGet(46)) - raft.server.log.corruption.policy = EXCEPTION (default)
2023-05-12 15:35:02,366 [274a318d-4208-4a56-b0aa-605c6427dbd2-groupManagement] INFO  server.RaftServerConfigKeys (ConfUtils.java:logGet(46)) - raft.server.storage.free-space.min = 0MB (=0) (default)
2023-05-12 15:35:02,366 [274a318d-4208-4a56-b0aa-605c6427dbd2-groupManagement] INFO  server.RaftServerConfigKeys (ConfUtils.java:logGet(46)) - raft.server.notification.no-leader.timeout = 300s (custom)
2023-05-12 15:35:02,366 [274a318d-4208-4a56-b0aa-605c6427dbd2-groupManagement] INFO  server.RaftServerConfigKeys (ConfUtils.java:logGet(46)) - raft.server.read.timeout = 10s (default)
2023-05-12 15:35:02,366 [274a318d-4208-4a56-b0aa-605c6427dbd2-groupManagement] INFO  server.RaftServerConfigKeys (ConfUtils.java:logGet(46)) - raft.server.retrycache.expirytime = 600000ms (custom)
2023-05-12 15:35:02,366 [274a318d-4208-4a56-b0aa-605c6427dbd2-groupManagement] INFO  server.RaftServerConfigKeys (ConfUtils.java:logGet(46)) - raft.server.retrycache.statistics.expirytime = 100μs (default)
2023-05-12 15:35:02,366 [274a318d-4208-4a56-b0aa-605c6427dbd2-groupManagement] INFO  server.RaftServerConfigKeys (ConfUtils.java:logGet(46)) - raft.server.read.option = DEFAULT (default)
2023-05-12 15:35:02,367 [274a318d-4208-4a56-b0aa-605c6427dbd2-groupManagement] INFO  server.RaftServerConfigKeys (ConfUtils.java:logGet(46)) - raft.server.rpc.request.timeout = 60s (custom)
2023-05-12 15:35:02,367 [274a318d-4208-4a56-b0aa-605c6427dbd2-groupManagement] INFO  server.RaftServerConfigKeys (ConfUtils.java:logGet(46)) - raft.server.log.appender.install.snapshot.enabled = false (custom)
2023-05-12 15:35:02,367 [274a318d-4208-4a56-b0aa-605c6427dbd2-groupManagement] INFO  server.RaftServerConfigKeys (ConfUtils.java:logGet(46)) - raft.server.threadpool.server.cached = true (default)
2023-05-12 15:35:02,367 [274a318d-4208-4a56-b0aa-605c6427dbd2-groupManagement] INFO  server.RaftServerConfigKeys (ConfUtils.java:logGet(46)) - raft.server.threadpool.server.size = 0 (default)
2023-05-12 15:35:02,367 [274a318d-4208-4a56-b0aa-605c6427dbd2-groupManagement] INFO  server.RaftServerConfigKeys (ConfUtils.java:logGet(46)) - raft.server.threadpool.client.cached = true (default)
2023-05-12 15:35:02,367 [274a318d-4208-4a56-b0aa-605c6427dbd2-groupManagement] INFO  server.RaftServerConfigKeys (ConfUtils.java:logGet(46)) - raft.server.threadpool.client.size = 0 (default)
2023-05-12 15:35:02,367 [274a318d-4208-4a56-b0aa-605c6427dbd2-groupManagement] INFO  storage.RaftStorageDirectory (RaftStorageDirectoryImpl.java:analyzeStorage(137)) - The storage directory /home/runner/work/ozone/ozone/hadoop-ozone/integration-test/target/test-dir/MiniOzoneClusterImpl-bfe86ff0-f9fb-433f-aae2-64a5a95eec81/datanode-2/data/ratis/b800ffd7-0404-46c2-938f-f84ca255eccb does not exist. Creating ...
2023-05-12 15:35:02,369 [Listener at 127.0.0.1/15012] INFO  ozone.MiniOzoneClusterImpl (MiniOzoneClusterImpl.java:lambda$waitForClusterToBeReady$0(222)) - Nodes are ready. Got 3 of 3 DN Heartbeats.
2023-05-12 15:35:02,369 [Listener at 127.0.0.1/15012] INFO  ozone.MiniOzoneClusterImpl (MiniOzoneClusterImpl.java:lambda$waitForClusterToBeReady$0(225)) - Waiting for cluster to exit safe mode
2023-05-12 15:35:02,369 [Listener at 127.0.0.1/15012] INFO  ozone.MiniOzoneClusterImpl (MiniOzoneClusterImpl.java:lambda$waitForClusterToBeReady$0(227)) - SCM became leader
2023-05-12 15:35:02,370 [274a318d-4208-4a56-b0aa-605c6427dbd2-groupManagement] INFO  storage.RaftStorageDirectory (RaftStorageDirectoryImpl.java:tryLock(231)) - Lock on /home/runner/work/ozone/ozone/hadoop-ozone/integration-test/target/test-dir/MiniOzoneClusterImpl-bfe86ff0-f9fb-433f-aae2-64a5a95eec81/datanode-2/data/ratis/b800ffd7-0404-46c2-938f-f84ca255eccb/in_use.lock acquired by nodename 89313@fv-az1245-539
2023-05-12 15:35:02,372 [274a318d-4208-4a56-b0aa-605c6427dbd2-groupManagement] INFO  storage.RaftStorage (RaftStorageImpl.java:format(96)) - Storage directory /home/runner/work/ozone/ozone/hadoop-ozone/integration-test/target/test-dir/MiniOzoneClusterImpl-bfe86ff0-f9fb-433f-aae2-64a5a95eec81/datanode-2/data/ratis/b800ffd7-0404-46c2-938f-f84ca255eccb has been successfully formatted.
2023-05-12 15:35:02,372 [274a318d-4208-4a56-b0aa-605c6427dbd2-groupManagement] INFO  ratis.ContainerStateMachine (ContainerStateMachine.java:loadSnapshot(262)) - group-F84CA255ECCB: The snapshot info is null. Setting the last applied indexto:(t:0, i:~)
2023-05-12 15:35:02,372 [274a318d-4208-4a56-b0aa-605c6427dbd2-groupManagement] INFO  server.RaftServerConfigKeys (ConfUtils.java:logGet(46)) - raft.server.log.use.memory = false (default)
2023-05-12 15:35:02,373 [274a318d-4208-4a56-b0aa-605c6427dbd2-groupManagement] INFO  server.RaftServerConfigKeys (ConfUtils.java:logGet(46)) - raft.server.log.purge.gap = 1000000 (custom)
2023-05-12 15:35:02,373 [274a318d-4208-4a56-b0aa-605c6427dbd2-groupManagement] INFO  server.RaftServerConfigKeys (ConfUtils.java:logGet(46)) - raft.server.log.appender.buffer.byte-limit = 33554432 (custom)
2023-05-12 15:35:02,373 [274a318d-4208-4a56-b0aa-605c6427dbd2-groupManagement] INFO  server.RaftServerConfigKeys (ConfUtils.java:logGet(46)) - raft.server.log.statemachine.data.read.timeout = 1000ms (default)
2023-05-12 15:35:02,373 [274a318d-4208-4a56-b0aa-605c6427dbd2-groupManagement] INFO  server.RaftServerConfigKeys (ConfUtils.java:logGet(46)) - raft.server.log.purge.preservation.log.num = 0 (default)
2023-05-12 15:35:02,375 [274a318d-4208-4a56-b0aa-605c6427dbd2-groupManagement] INFO  server.RaftServerConfigKeys (ConfUtils.java:logGet(46)) - raft.server.log.segment.size.max = 1048576 (custom)
2023-05-12 15:35:02,375 [274a318d-4208-4a56-b0aa-605c6427dbd2-groupManagement] INFO  server.RaftServerConfigKeys (ConfUtils.java:logGet(46)) - raft.server.log.segment.cache.num.max = 2 (custom)
2023-05-12 15:35:02,375 [274a318d-4208-4a56-b0aa-605c6427dbd2-groupManagement] INFO  server.RaftServerConfigKeys (ConfUtils.java:logGet(46)) - raft.server.log.segment.cache.size.max = 200MB (=209715200) (default)
2023-05-12 15:35:02,375 [274a318d-4208-4a56-b0aa-605c6427dbd2-groupManagement] INFO  server.RaftServerConfigKeys (ConfUtils.java:logGet(46)) - raft.server.log.appender.buffer.byte-limit = 33554432 (custom)
2023-05-12 15:35:02,375 [274a318d-4208-4a56-b0aa-605c6427dbd2-groupManagement] INFO  segmented.SegmentedRaftLogWorker (SegmentedRaftLogWorker.java:<init>(188)) - new 274a318d-4208-4a56-b0aa-605c6427dbd2@group-F84CA255ECCB-SegmentedRaftLogWorker for RaftStorageImpl:Storage Directory /home/runner/work/ozone/ozone/hadoop-ozone/integration-test/target/test-dir/MiniOzoneClusterImpl-bfe86ff0-f9fb-433f-aae2-64a5a95eec81/datanode-2/data/ratis/b800ffd7-0404-46c2-938f-f84ca255eccb
2023-05-12 15:35:02,375 [EventQueue-PipelineReportForPipelineReportHandler] INFO  pipeline.PipelineManagerImpl (PipelineManagerImpl.java:openPipeline(367)) - Pipeline Pipeline[ Id: b800ffd7-0404-46c2-938f-f84ca255eccb, Nodes: 274a318d-4208-4a56-b0aa-605c6427dbd2(fv-az1245-539.h4qniknrx0cezh5jdpmlggsuoc.cx.internal.cloudapp.net/10.1.0.53), ReplicationConfig: RATIS/ONE, State:ALLOCATED, leaderId:274a318d-4208-4a56-b0aa-605c6427dbd2, CreationTimestamp2023-05-12T15:34:59.367Z[Etc/UTC]] moved to OPEN state
2023-05-12 15:35:02,376 [EventQueue-OpenPipelineForHealthyPipelineSafeModeRule] INFO  safemode.SCMSafeModeManager (HealthyPipelineSafeModeRule.java:process(137)) - SCM in safe mode. Healthy pipelines reported count is 0, required healthy pipeline reported count is 1
2023-05-12 15:35:02,375 [274a318d-4208-4a56-b0aa-605c6427dbd2-groupManagement] INFO  server.RaftServerConfigKeys (ConfUtils.java:logGet(46)) - raft.server.log.queue.byte-limit = 4294967296 (custom)
2023-05-12 15:35:02,376 [274a318d-4208-4a56-b0aa-605c6427dbd2-groupManagement] INFO  server.RaftServerConfigKeys (ConfUtils.java:logGet(46)) - raft.server.log.queue.element-limit = 1024 (custom)
2023-05-12 15:35:02,376 [274a318d-4208-4a56-b0aa-605c6427dbd2-groupManagement] INFO  server.RaftServerConfigKeys (ConfUtils.java:logGet(46)) - raft.server.log.segment.size.max = 1048576 (custom)
2023-05-12 15:35:02,376 [274a318d-4208-4a56-b0aa-605c6427dbd2-groupManagement] INFO  server.RaftServerConfigKeys (ConfUtils.java:logGet(46)) - raft.server.log.preallocated.size = 16384 (custom)
2023-05-12 15:35:02,376 [274a318d-4208-4a56-b0aa-605c6427dbd2-groupManagement] INFO  server.RaftServerConfigKeys (ConfUtils.java:logGet(46)) - raft.server.log.force.sync.num = 128 (default)
2023-05-12 15:35:02,376 [274a318d-4208-4a56-b0aa-605c6427dbd2-groupManagement] INFO  server.RaftServerConfigKeys (ConfUtils.java:logGet(46)) - raft.server.log.statemachine.data.sync = true (default)
2023-05-12 15:35:02,377 [274a318d-4208-4a56-b0aa-605c6427dbd2-groupManagement] INFO  server.RaftServerConfigKeys (ConfUtils.java:logGet(46)) - raft.server.log.statemachine.data.sync.timeout = 10s (default)
2023-05-12 15:35:02,377 [274a318d-4208-4a56-b0aa-605c6427dbd2-groupManagement] INFO  server.RaftServerConfigKeys (ConfUtils.java:logGet(46)) - raft.server.log.statemachine.data.sync.timeout.retry = -1 (default)
2023-05-12 15:35:02,377 [274a318d-4208-4a56-b0aa-605c6427dbd2-groupManagement] INFO  server.RaftServerConfigKeys (ConfUtils.java:logGet(46)) - raft.server.log.write.buffer.size = 1048576 (custom)
2023-05-12 15:35:02,378 [274a318d-4208-4a56-b0aa-605c6427dbd2-groupManagement] INFO  server.RaftServerConfigKeys (ConfUtils.java:logGet(46)) - raft.server.log.appender.buffer.byte-limit = 33554432 (custom)
2023-05-12 15:35:02,385 [274a318d-4208-4a56-b0aa-605c6427dbd2-groupManagement] INFO  server.RaftServerConfigKeys (ConfUtils.java:logGet(46)) - raft.server.log.unsafe-flush.enabled = false (default)
2023-05-12 15:35:02,385 [274a318d-4208-4a56-b0aa-605c6427dbd2-groupManagement] INFO  server.RaftServerConfigKeys (ConfUtils.java:logGet(46)) - raft.server.log.async-flush.enabled = false (default)
2023-05-12 15:35:02,385 [274a318d-4208-4a56-b0aa-605c6427dbd2-groupManagement] INFO  server.RaftServerConfigKeys (ConfUtils.java:logGet(46)) - raft.server.log.statemachine.data.caching.enabled = true (custom)
2023-05-12 15:35:02,385 [274a318d-4208-4a56-b0aa-605c6427dbd2-groupManagement] INFO  segmented.SegmentedRaftLogWorker (SegmentedRaftLogWorker.java:lambda$new$0(135)) - 274a318d-4208-4a56-b0aa-605c6427dbd2@group-F84CA255ECCB-SegmentedRaftLogWorker: flushIndex: setUnconditionally 0 -> -1
2023-05-12 15:35:02,386 [274a318d-4208-4a56-b0aa-605c6427dbd2-groupManagement] INFO  segmented.SegmentedRaftLogWorker (SegmentedRaftLogWorker.java:lambda$new$0(135)) - 274a318d-4208-4a56-b0aa-605c6427dbd2@group-F84CA255ECCB-SegmentedRaftLogWorker: safeCacheEvictIndex: setUnconditionally 0 -> -1
2023-05-12 15:35:02,389 [274a318d-4208-4a56-b0aa-605c6427dbd2-groupManagement] INFO  server.RaftServer$Division (RaftServerImpl.java:start(342)) - 274a318d-4208-4a56-b0aa-605c6427dbd2@group-F84CA255ECCB: start as a follower, conf=-1: peers:[274a318d-4208-4a56-b0aa-605c6427dbd2|rpc:10.1.0.53:15037|admin:10.1.0.53:15036|client:10.1.0.53:15035|dataStream:10.1.0.53:15038|priority:1|startupRole:FOLLOWER]|listeners:[], old=null
2023-05-12 15:35:02,389 [274a318d-4208-4a56-b0aa-605c6427dbd2-groupManagement] INFO  server.RaftServer$Division (RaftServerImpl.java:setRole(329)) - 274a318d-4208-4a56-b0aa-605c6427dbd2@group-F84CA255ECCB: changes role from      null to FOLLOWER at term 0 for startAsFollower
2023-05-12 15:35:02,389 [274a318d-4208-4a56-b0aa-605c6427dbd2-groupManagement] INFO  impl.RoleInfo (RoleInfo.java:updateAndGet(139)) - 274a318d-4208-4a56-b0aa-605c6427dbd2: start 274a318d-4208-4a56-b0aa-605c6427dbd2@group-F84CA255ECCB-FollowerState
2023-05-12 15:35:02,389 [274a318d-4208-4a56-b0aa-605c6427dbd2-groupManagement] INFO  util.JmxRegister (JmxRegister.java:tryRegister(44)) - Successfully registered JMX Bean with object name Ratis:service=RaftServer,group=group-F84CA255ECCB,id=274a318d-4208-4a56-b0aa-605c6427dbd2
2023-05-12 15:35:02,390 [274a318d-4208-4a56-b0aa-605c6427dbd2-groupManagement] INFO  server.RaftServerConfigKeys (ConfUtils.java:logGet(46)) - raft.server.snapshot.auto.trigger.enabled = true (custom)
2023-05-12 15:35:02,390 [274a318d-4208-4a56-b0aa-605c6427dbd2-groupManagement] INFO  server.RaftServerConfigKeys (ConfUtils.java:logGet(46)) - raft.server.snapshot.auto.trigger.threshold = 10000 (custom)
2023-05-12 15:35:02,390 [274a318d-4208-4a56-b0aa-605c6427dbd2-groupManagement] INFO  server.RaftServerConfigKeys (ConfUtils.java:logGet(46)) - raft.server.snapshot.retention.file.num = 5 (custom)
2023-05-12 15:35:02,390 [274a318d-4208-4a56-b0aa-605c6427dbd2-groupManagement] INFO  server.RaftServerConfigKeys (ConfUtils.java:logGet(46)) - raft.server.log.purge.upto.snapshot.index = false (default)
2023-05-12 15:35:02,390 [274a318d-4208-4a56-b0aa-605c6427dbd2@group-F84CA255ECCB-FollowerState] INFO  server.RaftServerConfigKeys (ConfUtils.java:logFallback(53)) - raft.server.rpc.first-election.timeout.min = 5s (fallback to raft.server.rpc.timeout.min)
2023-05-12 15:35:02,390 [274a318d-4208-4a56-b0aa-605c6427dbd2@group-F84CA255ECCB-FollowerState] INFO  server.RaftServerConfigKeys (ConfUtils.java:logFallback(53)) - raft.server.rpc.first-election.timeout.max = 5200ms (fallback to raft.server.rpc.timeout.max)
2023-05-12 15:35:02,390 [Command processor thread] INFO  ratis.XceiverServerRatis (XceiverServerRatis.java:addGroup(806)) - Created group PipelineID=b800ffd7-0404-46c2-938f-f84ca255eccb
2023-05-12 15:35:02,391 [Command processor thread] INFO  commandhandler.CreatePipelineCommandHandler (CreatePipelineCommandHandler.java:handle(113)) - Created Pipeline RATIS ONE PipelineID=b800ffd7-0404-46c2-938f-f84ca255eccb.
2023-05-12 15:35:02,807 [omNode-3@group-523986131536-FollowerState] INFO  server.RaftServerConfigKeys (ConfUtils.java:logFallback(53)) - raft.server.rpc.first-election.timeout.min = 1s (fallback to raft.server.rpc.timeout.min)
2023-05-12 15:35:02,807 [omNode-3@group-523986131536-FollowerState] INFO  server.RaftServerConfigKeys (ConfUtils.java:logFallback(53)) - raft.server.rpc.first-election.timeout.max = 1200ms (fallback to raft.server.rpc.timeout.max)
2023-05-12 15:35:03,369 [Listener at 127.0.0.1/15012] INFO  ozone.MiniOzoneClusterImpl (MiniOzoneClusterImpl.java:lambda$waitForClusterToBeReady$0(222)) - Nodes are ready. Got 3 of 3 DN Heartbeats.
2023-05-12 15:35:03,370 [Listener at 127.0.0.1/15012] INFO  ozone.MiniOzoneClusterImpl (MiniOzoneClusterImpl.java:lambda$waitForClusterToBeReady$0(225)) - Waiting for cluster to exit safe mode
2023-05-12 15:35:03,370 [Listener at 127.0.0.1/15012] INFO  ozone.MiniOzoneClusterImpl (MiniOzoneClusterImpl.java:lambda$waitForClusterToBeReady$0(227)) - SCM became leader
2023-05-12 15:35:03,874 [omNode-3@group-523986131536-FollowerState] INFO  server.RaftServerConfigKeys (ConfUtils.java:logFallback(53)) - raft.server.rpc.first-election.timeout.min = 1s (fallback to raft.server.rpc.timeout.min)
2023-05-12 15:35:03,874 [omNode-3@group-523986131536-FollowerState] INFO  server.RaftServerConfigKeys (ConfUtils.java:logFallback(53)) - raft.server.rpc.first-election.timeout.max = 1200ms (fallback to raft.server.rpc.timeout.max)
2023-05-12 15:35:04,370 [Listener at 127.0.0.1/15012] INFO  ozone.MiniOzoneClusterImpl (MiniOzoneClusterImpl.java:lambda$waitForClusterToBeReady$0(222)) - Nodes are ready. Got 3 of 3 DN Heartbeats.
2023-05-12 15:35:04,370 [Listener at 127.0.0.1/15012] INFO  ozone.MiniOzoneClusterImpl (MiniOzoneClusterImpl.java:lambda$waitForClusterToBeReady$0(225)) - Waiting for cluster to exit safe mode
2023-05-12 15:35:04,370 [Listener at 127.0.0.1/15012] INFO  ozone.MiniOzoneClusterImpl (MiniOzoneClusterImpl.java:lambda$waitForClusterToBeReady$0(227)) - SCM became leader
2023-05-12 15:35:04,944 [omNode-3@group-523986131536-FollowerState] INFO  server.RaftServerConfigKeys (ConfUtils.java:logFallback(53)) - raft.server.rpc.first-election.timeout.min = 1s (fallback to raft.server.rpc.timeout.min)
2023-05-12 15:35:04,944 [omNode-3@group-523986131536-FollowerState] INFO  server.RaftServerConfigKeys (ConfUtils.java:logFallback(53)) - raft.server.rpc.first-election.timeout.max = 1200ms (fallback to raft.server.rpc.timeout.max)
2023-05-12 15:35:05,371 [Listener at 127.0.0.1/15012] INFO  ozone.MiniOzoneClusterImpl (MiniOzoneClusterImpl.java:lambda$waitForClusterToBeReady$0(222)) - Nodes are ready. Got 3 of 3 DN Heartbeats.
2023-05-12 15:35:05,371 [Listener at 127.0.0.1/15012] INFO  ozone.MiniOzoneClusterImpl (MiniOzoneClusterImpl.java:lambda$waitForClusterToBeReady$0(225)) - Waiting for cluster to exit safe mode
2023-05-12 15:35:05,371 [Listener at 127.0.0.1/15012] INFO  ozone.MiniOzoneClusterImpl (MiniOzoneClusterImpl.java:lambda$waitForClusterToBeReady$0(227)) - SCM became leader
2023-05-12 15:35:06,138 [omNode-3@group-523986131536-FollowerState] INFO  server.RaftServerConfigKeys (ConfUtils.java:logFallback(53)) - raft.server.rpc.first-election.timeout.min = 1s (fallback to raft.server.rpc.timeout.min)
2023-05-12 15:35:06,139 [omNode-3@group-523986131536-FollowerState] INFO  server.RaftServerConfigKeys (ConfUtils.java:logFallback(53)) - raft.server.rpc.first-election.timeout.max = 1200ms (fallback to raft.server.rpc.timeout.max)
2023-05-12 15:35:06,371 [Listener at 127.0.0.1/15012] INFO  ozone.MiniOzoneClusterImpl (MiniOzoneClusterImpl.java:lambda$waitForClusterToBeReady$0(222)) - Nodes are ready. Got 3 of 3 DN Heartbeats.
2023-05-12 15:35:06,372 [Listener at 127.0.0.1/15012] INFO  ozone.MiniOzoneClusterImpl (MiniOzoneClusterImpl.java:lambda$waitForClusterToBeReady$0(225)) - Waiting for cluster to exit safe mode
2023-05-12 15:35:06,372 [Listener at 127.0.0.1/15012] INFO  ozone.MiniOzoneClusterImpl (MiniOzoneClusterImpl.java:lambda$waitForClusterToBeReady$0(227)) - SCM became leader
2023-05-12 15:35:06,770 [cc26ca6c-2cda-43c4-8225-385dd9036c3c@group-C794FA21799B-FollowerState] INFO  impl.FollowerState (FollowerState.java:run(143)) - cc26ca6c-2cda-43c4-8225-385dd9036c3c@group-C794FA21799B-FollowerState: change to CANDIDATE, lastRpcElapsedTime:5050611100ns, electionTimeout:5050ms
2023-05-12 15:35:06,770 [cc26ca6c-2cda-43c4-8225-385dd9036c3c@group-C794FA21799B-FollowerState] INFO  impl.RoleInfo (RoleInfo.java:shutdownFollowerState(110)) - cc26ca6c-2cda-43c4-8225-385dd9036c3c: shutdown cc26ca6c-2cda-43c4-8225-385dd9036c3c@group-C794FA21799B-FollowerState
2023-05-12 15:35:06,770 [cc26ca6c-2cda-43c4-8225-385dd9036c3c@group-C794FA21799B-FollowerState] INFO  server.RaftServer$Division (RaftServerImpl.java:setRole(329)) - cc26ca6c-2cda-43c4-8225-385dd9036c3c@group-C794FA21799B: changes role from  FOLLOWER to CANDIDATE at term 0 for changeToCandidate
2023-05-12 15:35:06,771 [cc26ca6c-2cda-43c4-8225-385dd9036c3c@group-C794FA21799B-FollowerState] INFO  server.RaftServerConfigKeys (ConfUtils.java:logGet(46)) - raft.server.leaderelection.pre-vote = true (default)
2023-05-12 15:35:06,771 [cc26ca6c-2cda-43c4-8225-385dd9036c3c@group-C794FA21799B-FollowerState] INFO  impl.RoleInfo (RoleInfo.java:updateAndGet(139)) - cc26ca6c-2cda-43c4-8225-385dd9036c3c: start cc26ca6c-2cda-43c4-8225-385dd9036c3c@group-C794FA21799B-LeaderElection2
2023-05-12 15:35:06,774 [cc26ca6c-2cda-43c4-8225-385dd9036c3c@group-C794FA21799B-LeaderElection2] INFO  impl.LeaderElection (LeaderElection.java:askForVotes(321)) - cc26ca6c-2cda-43c4-8225-385dd9036c3c@group-C794FA21799B-LeaderElection2 PRE_VOTE round 0: submit vote requests at term 0 for -1: peers:[cc26ca6c-2cda-43c4-8225-385dd9036c3c|rpc:10.1.0.53:15021|admin:10.1.0.53:15020|client:10.1.0.53:15019|dataStream:10.1.0.53:15022|priority:1|startupRole:FOLLOWER]|listeners:[], old=null
2023-05-12 15:35:06,774 [cc26ca6c-2cda-43c4-8225-385dd9036c3c@group-C794FA21799B-LeaderElection2] INFO  impl.LeaderElection (LeaderElection.java:askForVotes(323)) - cc26ca6c-2cda-43c4-8225-385dd9036c3c@group-C794FA21799B-LeaderElection2 PRE_VOTE round 0: result PASSED (term=0)
2023-05-12 15:35:06,775 [cc26ca6c-2cda-43c4-8225-385dd9036c3c@group-C794FA21799B-LeaderElection2] INFO  impl.LeaderElection (LeaderElection.java:askForVotes(321)) - cc26ca6c-2cda-43c4-8225-385dd9036c3c@group-C794FA21799B-LeaderElection2 ELECTION round 0: submit vote requests at term 1 for -1: peers:[cc26ca6c-2cda-43c4-8225-385dd9036c3c|rpc:10.1.0.53:15021|admin:10.1.0.53:15020|client:10.1.0.53:15019|dataStream:10.1.0.53:15022|priority:1|startupRole:FOLLOWER]|listeners:[], old=null
2023-05-12 15:35:06,775 [cc26ca6c-2cda-43c4-8225-385dd9036c3c@group-C794FA21799B-LeaderElection2] INFO  impl.LeaderElection (LeaderElection.java:askForVotes(323)) - cc26ca6c-2cda-43c4-8225-385dd9036c3c@group-C794FA21799B-LeaderElection2 ELECTION round 0: result PASSED (term=1)
2023-05-12 15:35:06,775 [cc26ca6c-2cda-43c4-8225-385dd9036c3c@group-C794FA21799B-LeaderElection2] INFO  impl.RoleInfo (RoleInfo.java:shutdownLeaderElection(130)) - cc26ca6c-2cda-43c4-8225-385dd9036c3c: shutdown cc26ca6c-2cda-43c4-8225-385dd9036c3c@group-C794FA21799B-LeaderElection2
2023-05-12 15:35:06,775 [cc26ca6c-2cda-43c4-8225-385dd9036c3c@group-C794FA21799B-LeaderElection2] INFO  server.RaftServer$Division (RaftServerImpl.java:setRole(329)) - cc26ca6c-2cda-43c4-8225-385dd9036c3c@group-C794FA21799B: changes role from CANDIDATE to LEADER at term 1 for changeToLeader
2023-05-12 15:35:06,775 [cc26ca6c-2cda-43c4-8225-385dd9036c3c@group-C794FA21799B-LeaderElection2] INFO  ratis.XceiverServerRatis (XceiverServerRatis.java:handleLeaderChangedNotification(904)) - Leader change notification received for group: group-C794FA21799B with new leaderId: cc26ca6c-2cda-43c4-8225-385dd9036c3c
2023-05-12 15:35:06,776 [cc26ca6c-2cda-43c4-8225-385dd9036c3c@group-C794FA21799B-LeaderElection2] INFO  server.RaftServer$Division (ServerState.java:setLeader(317)) - cc26ca6c-2cda-43c4-8225-385dd9036c3c@group-C794FA21799B: change Leader from null to cc26ca6c-2cda-43c4-8225-385dd9036c3c at term 1 for becomeLeader, leader elected after 5097ms
2023-05-12 15:35:06,776 [cc26ca6c-2cda-43c4-8225-385dd9036c3c@group-C794FA21799B-LeaderElection2] INFO  server.RaftServerConfigKeys (ConfUtils.java:logGet(46)) - raft.server.staging.catchup.gap = 1000 (default)
2023-05-12 15:35:06,776 [cc26ca6c-2cda-43c4-8225-385dd9036c3c@group-C794FA21799B-LeaderElection2] INFO  server.RaftServerConfigKeys (ConfUtils.java:logGet(46)) - raft.server.write.element-limit = 1024 (custom)
2023-05-12 15:35:06,776 [cc26ca6c-2cda-43c4-8225-385dd9036c3c@group-C794FA21799B-LeaderElection2] INFO  server.RaftServerConfigKeys (ConfUtils.java:logGet(46)) - raft.server.write.byte-limit = 1024 M (=1073741824) (custom)
2023-05-12 15:35:06,776 [cc26ca6c-2cda-43c4-8225-385dd9036c3c@group-C794FA21799B-LeaderElection2] INFO  server.RaftServerConfigKeys (ConfUtils.java:logGet(46)) - raft.server.watch.timeout = 180s (custom)
2023-05-12 15:35:06,776 [cc26ca6c-2cda-43c4-8225-385dd9036c3c@group-C794FA21799B-LeaderElection2] INFO  server.RaftServerConfigKeys (ConfUtils.java:logGet(46)) - raft.server.watch.timeout.denomination = 1s (default)
2023-05-12 15:35:06,776 [cc26ca6c-2cda-43c4-8225-385dd9036c3c@group-C794FA21799B-LeaderElection2] INFO  server.RaftServerConfigKeys (ConfUtils.java:logGet(46)) - raft.server.watch.element-limit = 65536 (default)
2023-05-12 15:35:06,777 [cc26ca6c-2cda-43c4-8225-385dd9036c3c@group-C794FA21799B-LeaderElection2] INFO  server.RaftServerConfigKeys (ConfUtils.java:logGet(46)) - raft.server.write.element-limit = 1024 (custom)
2023-05-12 15:35:06,777 [cc26ca6c-2cda-43c4-8225-385dd9036c3c@group-C794FA21799B-LeaderElection2] INFO  server.RaftServerConfigKeys (ConfUtils.java:logGet(46)) - raft.server.write.follower.gap.ratio.max = -1.0 (default)
2023-05-12 15:35:06,777 [cc26ca6c-2cda-43c4-8225-385dd9036c3c@group-C794FA21799B-LeaderElection2] INFO  impl.RoleInfo (RoleInfo.java:updateAndGet(139)) - cc26ca6c-2cda-43c4-8225-385dd9036c3c: start cc26ca6c-2cda-43c4-8225-385dd9036c3c@group-C794FA21799B-LeaderStateImpl
2023-05-12 15:35:06,777 [cc26ca6c-2cda-43c4-8225-385dd9036c3c@group-C794FA21799B-LeaderElection2] INFO  segmented.SegmentedRaftLogWorker (SegmentedRaftLogWorker.java:startLogSegment(447)) - cc26ca6c-2cda-43c4-8225-385dd9036c3c@group-C794FA21799B-SegmentedRaftLogWorker: Starting segment from index:0
2023-05-12 15:35:06,779 [EventQueue-OpenPipelineForHealthyPipelineSafeModeRule] INFO  safemode.SCMSafeModeManager (HealthyPipelineSafeModeRule.java:process(137)) - SCM in safe mode. Healthy pipelines reported count is 0, required healthy pipeline reported count is 1
2023-05-12 15:35:06,779 [cc26ca6c-2cda-43c4-8225-385dd9036c3c@group-C794FA21799B-SegmentedRaftLogWorker] INFO  segmented.SegmentedRaftLogWorker (SegmentedRaftLogWorker.java:execute(651)) - cc26ca6c-2cda-43c4-8225-385dd9036c3c@group-C794FA21799B-SegmentedRaftLogWorker: created new log segment /home/runner/work/ozone/ozone/hadoop-ozone/integration-test/target/test-dir/MiniOzoneClusterImpl-bfe86ff0-f9fb-433f-aae2-64a5a95eec81/datanode-0/data/ratis/30b95b97-1f1f-4ec4-8709-c794fa21799b/current/log_inprogress_0
2023-05-12 15:35:06,786 [cc26ca6c-2cda-43c4-8225-385dd9036c3c@group-C794FA21799B-LeaderElection2] INFO  server.RaftServer$Division (ServerState.java:setRaftConf(434)) - cc26ca6c-2cda-43c4-8225-385dd9036c3c@group-C794FA21799B: set configuration 0: peers:[cc26ca6c-2cda-43c4-8225-385dd9036c3c|rpc:10.1.0.53:15021|admin:10.1.0.53:15020|client:10.1.0.53:15019|dataStream:10.1.0.53:15022|priority:1|startupRole:FOLLOWER]|listeners:[], old=null
2023-05-12 15:35:06,881 [cc26ca6c-2cda-43c4-8225-385dd9036c3c@group-8F1F17B70279-FollowerState] INFO  impl.FollowerState (FollowerState.java:run(143)) - cc26ca6c-2cda-43c4-8225-385dd9036c3c@group-8F1F17B70279-FollowerState: change to CANDIDATE, lastRpcElapsedTime:5123495759ns, electionTimeout:5122ms
2023-05-12 15:35:06,881 [cc26ca6c-2cda-43c4-8225-385dd9036c3c@group-8F1F17B70279-FollowerState] INFO  impl.RoleInfo (RoleInfo.java:shutdownFollowerState(110)) - cc26ca6c-2cda-43c4-8225-385dd9036c3c: shutdown cc26ca6c-2cda-43c4-8225-385dd9036c3c@group-8F1F17B70279-FollowerState
2023-05-12 15:35:06,881 [cc26ca6c-2cda-43c4-8225-385dd9036c3c@group-8F1F17B70279-FollowerState] INFO  server.RaftServer$Division (RaftServerImpl.java:setRole(329)) - cc26ca6c-2cda-43c4-8225-385dd9036c3c@group-8F1F17B70279: changes role from  FOLLOWER to CANDIDATE at term 0 for changeToCandidate
2023-05-12 15:35:06,882 [cc26ca6c-2cda-43c4-8225-385dd9036c3c@group-8F1F17B70279-FollowerState] INFO  server.RaftServerConfigKeys (ConfUtils.java:logGet(46)) - raft.server.leaderelection.pre-vote = true (default)
2023-05-12 15:35:06,882 [cc26ca6c-2cda-43c4-8225-385dd9036c3c@group-8F1F17B70279-FollowerState] INFO  impl.RoleInfo (RoleInfo.java:updateAndGet(139)) - cc26ca6c-2cda-43c4-8225-385dd9036c3c: start cc26ca6c-2cda-43c4-8225-385dd9036c3c@group-8F1F17B70279-LeaderElection3
2023-05-12 15:35:06,890 [cc26ca6c-2cda-43c4-8225-385dd9036c3c@group-8F1F17B70279-LeaderElection3] INFO  impl.LeaderElection (LeaderElection.java:askForVotes(321)) - cc26ca6c-2cda-43c4-8225-385dd9036c3c@group-8F1F17B70279-LeaderElection3 PRE_VOTE round 0: submit vote requests at term 0 for -1: peers:[274a318d-4208-4a56-b0aa-605c6427dbd2|rpc:10.1.0.53:15037|admin:10.1.0.53:15036|client:10.1.0.53:15035|dataStream:10.1.0.53:15038|priority:0|startupRole:FOLLOWER, cc26ca6c-2cda-43c4-8225-385dd9036c3c|rpc:10.1.0.53:15021|admin:10.1.0.53:15020|client:10.1.0.53:15019|dataStream:10.1.0.53:15022|priority:0|startupRole:FOLLOWER, 7fbba869-ae5e-435c-b5a2-8ae18052e5d1|rpc:10.1.0.53:15029|admin:10.1.0.53:15028|client:10.1.0.53:15027|dataStream:10.1.0.53:15030|priority:1|startupRole:FOLLOWER]|listeners:[], old=null
2023-05-12 15:35:06,892 [cc26ca6c-2cda-43c4-8225-385dd9036c3c@group-8F1F17B70279-LeaderElection3-1] INFO  server.GrpcServerProtocolClient (GrpcServerProtocolClient.java:<init>(65)) - Build channel for 274a318d-4208-4a56-b0aa-605c6427dbd2
2023-05-12 15:35:06,898 [cc26ca6c-2cda-43c4-8225-385dd9036c3c@group-8F1F17B70279-LeaderElection3] INFO  server.RaftServerConfigKeys (ConfUtils.java:logFallback(53)) - raft.server.rpc.first-election.timeout.min = 5s (fallback to raft.server.rpc.timeout.min)
2023-05-12 15:35:06,900 [cc26ca6c-2cda-43c4-8225-385dd9036c3c@group-8F1F17B70279-LeaderElection3] INFO  server.RaftServerConfigKeys (ConfUtils.java:logFallback(53)) - raft.server.rpc.first-election.timeout.max = 5200ms (fallback to raft.server.rpc.timeout.max)
2023-05-12 15:35:06,900 [cc26ca6c-2cda-43c4-8225-385dd9036c3c@group-8F1F17B70279-LeaderElection3-2] INFO  server.GrpcServerProtocolClient (GrpcServerProtocolClient.java:<init>(65)) - Build channel for 7fbba869-ae5e-435c-b5a2-8ae18052e5d1
2023-05-12 15:35:06,907 [grpc-default-executor-8] INFO  server.RaftServer$Division (RaftServerImpl.java:requestVote(1302)) - 274a318d-4208-4a56-b0aa-605c6427dbd2@group-8F1F17B70279: receive requestVote(PRE_VOTE, cc26ca6c-2cda-43c4-8225-385dd9036c3c, group-8F1F17B70279, 0, (t:0, i:0))
2023-05-12 15:35:06,907 [grpc-default-executor-8] INFO  impl.VoteContext (VoteContext.java:log(49)) - 274a318d-4208-4a56-b0aa-605c6427dbd2@group-8F1F17B70279-FOLLOWER: accept PRE_VOTE from cc26ca6c-2cda-43c4-8225-385dd9036c3c: our priority 0 <= candidate's priority 0
2023-05-12 15:35:06,907 [grpc-default-executor-8] INFO  server.RaftServer$Division (RaftServerImpl.java:requestVote(1335)) - 274a318d-4208-4a56-b0aa-605c6427dbd2@group-8F1F17B70279 replies to PRE_VOTE vote request: cc26ca6c-2cda-43c4-8225-385dd9036c3c<-274a318d-4208-4a56-b0aa-605c6427dbd2#0:OK-t0. Peer's state: 274a318d-4208-4a56-b0aa-605c6427dbd2@group-8F1F17B70279:t0, leader=null, voted=, raftlog=Memoized:274a318d-4208-4a56-b0aa-605c6427dbd2@group-8F1F17B70279-SegmentedRaftLog:OPENED:c-1, conf=-1: peers:[274a318d-4208-4a56-b0aa-605c6427dbd2|rpc:10.1.0.53:15037|admin:10.1.0.53:15036|client:10.1.0.53:15035|dataStream:10.1.0.53:15038|priority:0|startupRole:FOLLOWER, cc26ca6c-2cda-43c4-8225-385dd9036c3c|rpc:10.1.0.53:15021|admin:10.1.0.53:15020|client:10.1.0.53:15019|dataStream:10.1.0.53:15022|priority:0|startupRole:FOLLOWER, 7fbba869-ae5e-435c-b5a2-8ae18052e5d1|rpc:10.1.0.53:15029|admin:10.1.0.53:15028|client:10.1.0.53:15027|dataStream:10.1.0.53:15030|priority:1|startupRole:FOLLOWER]|listeners:[], old=null
2023-05-12 15:35:06,918 [grpc-default-executor-8] INFO  server.RaftServer$Division (RaftServerImpl.java:requestVote(1302)) - 7fbba869-ae5e-435c-b5a2-8ae18052e5d1@group-8F1F17B70279: receive requestVote(PRE_VOTE, cc26ca6c-2cda-43c4-8225-385dd9036c3c, group-8F1F17B70279, 0, (t:0, i:0))
2023-05-12 15:35:06,919 [grpc-default-executor-8] INFO  impl.VoteContext (VoteContext.java:log(49)) - 7fbba869-ae5e-435c-b5a2-8ae18052e5d1@group-8F1F17B70279-FOLLOWER: reject PRE_VOTE from cc26ca6c-2cda-43c4-8225-385dd9036c3c: our priority 1 > candidate's priority 0
2023-05-12 15:35:06,919 [grpc-default-executor-8] INFO  server.RaftServer$Division (RaftServerImpl.java:requestVote(1335)) - 7fbba869-ae5e-435c-b5a2-8ae18052e5d1@group-8F1F17B70279 replies to PRE_VOTE vote request: cc26ca6c-2cda-43c4-8225-385dd9036c3c<-7fbba869-ae5e-435c-b5a2-8ae18052e5d1#0:FAIL-t0. Peer's state: 7fbba869-ae5e-435c-b5a2-8ae18052e5d1@group-8F1F17B70279:t0, leader=null, voted=, raftlog=Memoized:7fbba869-ae5e-435c-b5a2-8ae18052e5d1@group-8F1F17B70279-SegmentedRaftLog:OPENED:c-1, conf=-1: peers:[274a318d-4208-4a56-b0aa-605c6427dbd2|rpc:10.1.0.53:15037|admin:10.1.0.53:15036|client:10.1.0.53:15035|dataStream:10.1.0.53:15038|priority:0|startupRole:FOLLOWER, cc26ca6c-2cda-43c4-8225-385dd9036c3c|rpc:10.1.0.53:15021|admin:10.1.0.53:15020|client:10.1.0.53:15019|dataStream:10.1.0.53:15022|priority:0|startupRole:FOLLOWER, 7fbba869-ae5e-435c-b5a2-8ae18052e5d1|rpc:10.1.0.53:15029|admin:10.1.0.53:15028|client:10.1.0.53:15027|dataStream:10.1.0.53:15030|priority:1|startupRole:FOLLOWER]|listeners:[], old=null
2023-05-12 15:35:06,921 [cc26ca6c-2cda-43c4-8225-385dd9036c3c@group-8F1F17B70279-LeaderElection3] INFO  impl.LeaderElection (LeaderElection.java:logAndReturn(90)) - cc26ca6c-2cda-43c4-8225-385dd9036c3c@group-8F1F17B70279-LeaderElection3: PRE_VOTE REJECTED received 2 response(s) and 0 exception(s):
2023-05-12 15:35:06,926 [cc26ca6c-2cda-43c4-8225-385dd9036c3c@group-8F1F17B70279-LeaderElection3] INFO  impl.LeaderElection (LeaderElection.java:logAndReturn(94)) -   Response 0: cc26ca6c-2cda-43c4-8225-385dd9036c3c<-274a318d-4208-4a56-b0aa-605c6427dbd2#0:OK-t0
2023-05-12 15:35:06,926 [cc26ca6c-2cda-43c4-8225-385dd9036c3c@group-8F1F17B70279-LeaderElection3] INFO  impl.LeaderElection (LeaderElection.java:logAndReturn(94)) -   Response 1: cc26ca6c-2cda-43c4-8225-385dd9036c3c<-7fbba869-ae5e-435c-b5a2-8ae18052e5d1#0:FAIL-t0
2023-05-12 15:35:06,926 [cc26ca6c-2cda-43c4-8225-385dd9036c3c@group-8F1F17B70279-LeaderElection3] INFO  impl.LeaderElection (LeaderElection.java:askForVotes(323)) - cc26ca6c-2cda-43c4-8225-385dd9036c3c@group-8F1F17B70279-LeaderElection3 PRE_VOTE round 0: result REJECTED
2023-05-12 15:35:06,926 [cc26ca6c-2cda-43c4-8225-385dd9036c3c@group-8F1F17B70279-LeaderElection3] INFO  server.RaftServer$Division (RaftServerImpl.java:setRole(329)) - cc26ca6c-2cda-43c4-8225-385dd9036c3c@group-8F1F17B70279: changes role from CANDIDATE to FOLLOWER at term 0 for REJECTED
2023-05-12 15:35:06,926 [cc26ca6c-2cda-43c4-8225-385dd9036c3c@group-8F1F17B70279-LeaderElection3] INFO  impl.RoleInfo (RoleInfo.java:shutdownLeaderElection(130)) - cc26ca6c-2cda-43c4-8225-385dd9036c3c: shutdown cc26ca6c-2cda-43c4-8225-385dd9036c3c@group-8F1F17B70279-LeaderElection3
2023-05-12 15:35:06,926 [cc26ca6c-2cda-43c4-8225-385dd9036c3c@group-8F1F17B70279-LeaderElection3] INFO  impl.RoleInfo (RoleInfo.java:updateAndGet(139)) - cc26ca6c-2cda-43c4-8225-385dd9036c3c: start cc26ca6c-2cda-43c4-8225-385dd9036c3c@group-8F1F17B70279-FollowerState
2023-05-12 15:35:07,002 [274a318d-4208-4a56-b0aa-605c6427dbd2@group-8F1F17B70279-FollowerState] INFO  server.RaftServerConfigKeys (ConfUtils.java:logFallback(53)) - raft.server.rpc.first-election.timeout.min = 5s (fallback to raft.server.rpc.timeout.min)
2023-05-12 15:35:07,002 [274a318d-4208-4a56-b0aa-605c6427dbd2@group-8F1F17B70279-FollowerState] INFO  server.RaftServerConfigKeys (ConfUtils.java:logFallback(53)) - raft.server.rpc.first-election.timeout.max = 5200ms (fallback to raft.server.rpc.timeout.max)
2023-05-12 15:35:07,080 [7fbba869-ae5e-435c-b5a2-8ae18052e5d1@group-8F1F17B70279-FollowerState] INFO  impl.FollowerState (FollowerState.java:run(143)) - 7fbba869-ae5e-435c-b5a2-8ae18052e5d1@group-8F1F17B70279-FollowerState: change to CANDIDATE, lastRpcElapsedTime:5141796209ns, electionTimeout:5139ms
2023-05-12 15:35:07,080 [7fbba869-ae5e-435c-b5a2-8ae18052e5d1@group-8F1F17B70279-FollowerState] INFO  impl.RoleInfo (RoleInfo.java:shutdownFollowerState(110)) - 7fbba869-ae5e-435c-b5a2-8ae18052e5d1: shutdown 7fbba869-ae5e-435c-b5a2-8ae18052e5d1@group-8F1F17B70279-FollowerState
2023-05-12 15:35:07,081 [7fbba869-ae5e-435c-b5a2-8ae18052e5d1@group-8F1F17B70279-FollowerState] INFO  server.RaftServer$Division (RaftServerImpl.java:setRole(329)) - 7fbba869-ae5e-435c-b5a2-8ae18052e5d1@group-8F1F17B70279: changes role from  FOLLOWER to CANDIDATE at term 0 for changeToCandidate
2023-05-12 15:35:07,081 [7fbba869-ae5e-435c-b5a2-8ae18052e5d1@group-8F1F17B70279-FollowerState] INFO  server.RaftServerConfigKeys (ConfUtils.java:logGet(46)) - raft.server.leaderelection.pre-vote = true (default)
2023-05-12 15:35:07,081 [7fbba869-ae5e-435c-b5a2-8ae18052e5d1@group-8F1F17B70279-FollowerState] INFO  impl.RoleInfo (RoleInfo.java:updateAndGet(139)) - 7fbba869-ae5e-435c-b5a2-8ae18052e5d1: start 7fbba869-ae5e-435c-b5a2-8ae18052e5d1@group-8F1F17B70279-LeaderElection4
2023-05-12 15:35:07,086 [7fbba869-ae5e-435c-b5a2-8ae18052e5d1@group-A1A7FFF00A9D-FollowerState] INFO  impl.FollowerState (FollowerState.java:run(143)) - 7fbba869-ae5e-435c-b5a2-8ae18052e5d1@group-A1A7FFF00A9D-FollowerState: change to CANDIDATE, lastRpcElapsedTime:5032665707ns, electionTimeout:5024ms
2023-05-12 15:35:07,086 [7fbba869-ae5e-435c-b5a2-8ae18052e5d1@group-A1A7FFF00A9D-FollowerState] INFO  impl.RoleInfo (RoleInfo.java:shutdownFollowerState(110)) - 7fbba869-ae5e-435c-b5a2-8ae18052e5d1: shutdown 7fbba869-ae5e-435c-b5a2-8ae18052e5d1@group-A1A7FFF00A9D-FollowerState
2023-05-12 15:35:07,086 [7fbba869-ae5e-435c-b5a2-8ae18052e5d1@group-8F1F17B70279-LeaderElection4] INFO  impl.LeaderElection (LeaderElection.java:askForVotes(321)) - 7fbba869-ae5e-435c-b5a2-8ae18052e5d1@group-8F1F17B70279-LeaderElection4 PRE_VOTE round 0: submit vote requests at term 0 for -1: peers:[274a318d-4208-4a56-b0aa-605c6427dbd2|rpc:10.1.0.53:15037|admin:10.1.0.53:15036|client:10.1.0.53:15035|dataStream:10.1.0.53:15038|priority:0|startupRole:FOLLOWER, cc26ca6c-2cda-43c4-8225-385dd9036c3c|rpc:10.1.0.53:15021|admin:10.1.0.53:15020|client:10.1.0.53:15019|dataStream:10.1.0.53:15022|priority:0|startupRole:FOLLOWER, 7fbba869-ae5e-435c-b5a2-8ae18052e5d1|rpc:10.1.0.53:15029|admin:10.1.0.53:15028|client:10.1.0.53:15027|dataStream:10.1.0.53:15030|priority:1|startupRole:FOLLOWER]|listeners:[], old=null
2023-05-12 15:35:07,086 [7fbba869-ae5e-435c-b5a2-8ae18052e5d1@group-A1A7FFF00A9D-FollowerState] INFO  server.RaftServer$Division (RaftServerImpl.java:setRole(329)) - 7fbba869-ae5e-435c-b5a2-8ae18052e5d1@group-A1A7FFF00A9D: changes role from  FOLLOWER to CANDIDATE at term 0 for changeToCandidate
2023-05-12 15:35:07,087 [7fbba869-ae5e-435c-b5a2-8ae18052e5d1@group-A1A7FFF00A9D-FollowerState] INFO  server.RaftServerConfigKeys (ConfUtils.java:logGet(46)) - raft.server.leaderelection.pre-vote = true (default)
2023-05-12 15:35:07,087 [7fbba869-ae5e-435c-b5a2-8ae18052e5d1@group-A1A7FFF00A9D-FollowerState] INFO  impl.RoleInfo (RoleInfo.java:updateAndGet(139)) - 7fbba869-ae5e-435c-b5a2-8ae18052e5d1: start 7fbba869-ae5e-435c-b5a2-8ae18052e5d1@group-A1A7FFF00A9D-LeaderElection5
2023-05-12 15:35:07,095 [7fbba869-ae5e-435c-b5a2-8ae18052e5d1@group-8F1F17B70279-LeaderElection4-1] INFO  server.GrpcServerProtocolClient (GrpcServerProtocolClient.java:<init>(65)) - Build channel for 274a318d-4208-4a56-b0aa-605c6427dbd2
2023-05-12 15:35:07,097 [7fbba869-ae5e-435c-b5a2-8ae18052e5d1@group-A1A7FFF00A9D-LeaderElection5] INFO  impl.LeaderElection (LeaderElection.java:askForVotes(321)) - 7fbba869-ae5e-435c-b5a2-8ae18052e5d1@group-A1A7FFF00A9D-LeaderElection5 PRE_VOTE round 0: submit vote requests at term 0 for -1: peers:[274a318d-4208-4a56-b0aa-605c6427dbd2|rpc:10.1.0.53:15037|admin:10.1.0.53:15036|client:10.1.0.53:15035|dataStream:10.1.0.53:15038|priority:0|startupRole:FOLLOWER, cc26ca6c-2cda-43c4-8225-385dd9036c3c|rpc:10.1.0.53:15021|admin:10.1.0.53:15020|client:10.1.0.53:15019|dataStream:10.1.0.53:15022|priority:1|startupRole:FOLLOWER, 7fbba869-ae5e-435c-b5a2-8ae18052e5d1|rpc:10.1.0.53:15029|admin:10.1.0.53:15028|client:10.1.0.53:15027|dataStream:10.1.0.53:15030|priority:0|startupRole:FOLLOWER]|listeners:[], old=null
2023-05-12 15:35:07,097 [7fbba869-ae5e-435c-b5a2-8ae18052e5d1@group-8F1F17B70279-LeaderElection4-2] INFO  server.GrpcServerProtocolClient (GrpcServerProtocolClient.java:<init>(65)) - Build channel for cc26ca6c-2cda-43c4-8225-385dd9036c3c
2023-05-12 15:35:07,096 [7fbba869-ae5e-435c-b5a2-8ae18052e5d1@group-8F1F17B70279-LeaderElection4] INFO  server.RaftServerConfigKeys (ConfUtils.java:logFallback(53)) - raft.server.rpc.first-election.timeout.min = 5s (fallback to raft.server.rpc.timeout.min)
2023-05-12 15:35:07,114 [7fbba869-ae5e-435c-b5a2-8ae18052e5d1@group-F16C884C0979-FollowerState] INFO  impl.FollowerState (FollowerState.java:run(143)) - 7fbba869-ae5e-435c-b5a2-8ae18052e5d1@group-F16C884C0979-FollowerState: change to CANDIDATE, lastRpcElapsedTime:5092659955ns, electionTimeout:5084ms
2023-05-12 15:35:07,114 [7fbba869-ae5e-435c-b5a2-8ae18052e5d1@group-F16C884C0979-FollowerState] INFO  impl.RoleInfo (RoleInfo.java:shutdownFollowerState(110)) - 7fbba869-ae5e-435c-b5a2-8ae18052e5d1: shutdown 7fbba869-ae5e-435c-b5a2-8ae18052e5d1@group-F16C884C0979-FollowerState
2023-05-12 15:35:07,114 [7fbba869-ae5e-435c-b5a2-8ae18052e5d1@group-F16C884C0979-FollowerState] INFO  server.RaftServer$Division (RaftServerImpl.java:setRole(329)) - 7fbba869-ae5e-435c-b5a2-8ae18052e5d1@group-F16C884C0979: changes role from  FOLLOWER to CANDIDATE at term 0 for changeToCandidate
2023-05-12 15:35:07,114 [grpc-default-executor-6] INFO  server.RaftServer$Division (RaftServerImpl.java:requestVote(1302)) - cc26ca6c-2cda-43c4-8225-385dd9036c3c@group-8F1F17B70279: receive requestVote(PRE_VOTE, 7fbba869-ae5e-435c-b5a2-8ae18052e5d1, group-8F1F17B70279, 0, (t:0, i:0))
2023-05-12 15:35:07,114 [7fbba869-ae5e-435c-b5a2-8ae18052e5d1@group-A1A7FFF00A9D-LeaderElection5] INFO  server.RaftServerConfigKeys (ConfUtils.java:logFallback(53)) - raft.server.rpc.first-election.timeout.min = 5s (fallback to raft.server.rpc.timeout.min)
2023-05-12 15:35:07,115 [7fbba869-ae5e-435c-b5a2-8ae18052e5d1@group-A1A7FFF00A9D-LeaderElection5] INFO  server.RaftServerConfigKeys (ConfUtils.java:logFallback(53)) - raft.server.rpc.first-election.timeout.max = 5200ms (fallback to raft.server.rpc.timeout.max)
2023-05-12 15:35:07,115 [7fbba869-ae5e-435c-b5a2-8ae18052e5d1@group-8F1F17B70279-LeaderElection4] INFO  server.RaftServerConfigKeys (ConfUtils.java:logFallback(53)) - raft.server.rpc.first-election.timeout.max = 5200ms (fallback to raft.server.rpc.timeout.max)
2023-05-12 15:35:07,122 [7fbba869-ae5e-435c-b5a2-8ae18052e5d1@group-F16C884C0979-FollowerState] INFO  server.RaftServerConfigKeys (ConfUtils.java:logGet(46)) - raft.server.leaderelection.pre-vote = true (default)
2023-05-12 15:35:07,122 [7fbba869-ae5e-435c-b5a2-8ae18052e5d1@group-F16C884C0979-FollowerState] INFO  impl.RoleInfo (RoleInfo.java:updateAndGet(139)) - 7fbba869-ae5e-435c-b5a2-8ae18052e5d1: start 7fbba869-ae5e-435c-b5a2-8ae18052e5d1@group-F16C884C0979-LeaderElection6
2023-05-12 15:35:07,115 [grpc-default-executor-6] INFO  impl.VoteContext (VoteContext.java:log(49)) - cc26ca6c-2cda-43c4-8225-385dd9036c3c@group-8F1F17B70279-FOLLOWER: accept PRE_VOTE from 7fbba869-ae5e-435c-b5a2-8ae18052e5d1: our priority 0 <= candidate's priority 1
2023-05-12 15:35:07,126 [grpc-default-executor-6] INFO  server.RaftServer$Division (RaftServerImpl.java:requestVote(1335)) - cc26ca6c-2cda-43c4-8225-385dd9036c3c@group-8F1F17B70279 replies to PRE_VOTE vote request: 7fbba869-ae5e-435c-b5a2-8ae18052e5d1<-cc26ca6c-2cda-43c4-8225-385dd9036c3c#0:OK-t0. Peer's state: cc26ca6c-2cda-43c4-8225-385dd9036c3c@group-8F1F17B70279:t0, leader=null, voted=, raftlog=Memoized:cc26ca6c-2cda-43c4-8225-385dd9036c3c@group-8F1F17B70279-SegmentedRaftLog:OPENED:c-1, conf=-1: peers:[274a318d-4208-4a56-b0aa-605c6427dbd2|rpc:10.1.0.53:15037|admin:10.1.0.53:15036|client:10.1.0.53:15035|dataStream:10.1.0.53:15038|priority:0|startupRole:FOLLOWER, cc26ca6c-2cda-43c4-8225-385dd9036c3c|rpc:10.1.0.53:15021|admin:10.1.0.53:15020|client:10.1.0.53:15019|dataStream:10.1.0.53:15022|priority:0|startupRole:FOLLOWER, 7fbba869-ae5e-435c-b5a2-8ae18052e5d1|rpc:10.1.0.53:15029|admin:10.1.0.53:15028|client:10.1.0.53:15027|dataStream:10.1.0.53:15030|priority:1|startupRole:FOLLOWER]|listeners:[], old=null
2023-05-12 15:35:07,127 [7fbba869-ae5e-435c-b5a2-8ae18052e5d1@group-8F1F17B70279-LeaderElection4] INFO  impl.LeaderElection (LeaderElection.java:logAndReturn(90)) - 7fbba869-ae5e-435c-b5a2-8ae18052e5d1@group-8F1F17B70279-LeaderElection4: PRE_VOTE PASSED received 1 response(s) and 0 exception(s):
2023-05-12 15:35:07,127 [7fbba869-ae5e-435c-b5a2-8ae18052e5d1@group-8F1F17B70279-LeaderElection4] INFO  impl.LeaderElection (LeaderElection.java:logAndReturn(94)) -   Response 0: 7fbba869-ae5e-435c-b5a2-8ae18052e5d1<-cc26ca6c-2cda-43c4-8225-385dd9036c3c#0:OK-t0
2023-05-12 15:35:07,127 [7fbba869-ae5e-435c-b5a2-8ae18052e5d1@group-8F1F17B70279-LeaderElection4] INFO  impl.LeaderElection (LeaderElection.java:askForVotes(323)) - 7fbba869-ae5e-435c-b5a2-8ae18052e5d1@group-8F1F17B70279-LeaderElection4 PRE_VOTE round 0: result PASSED
2023-05-12 15:35:07,127 [grpc-default-executor-8] INFO  server.RaftServer$Division (RaftServerImpl.java:requestVote(1302)) - 274a318d-4208-4a56-b0aa-605c6427dbd2@group-A1A7FFF00A9D: receive requestVote(PRE_VOTE, 7fbba869-ae5e-435c-b5a2-8ae18052e5d1, group-A1A7FFF00A9D, 0, (t:0, i:0))
2023-05-12 15:35:07,128 [grpc-default-executor-9] INFO  server.RaftServer$Division (RaftServerImpl.java:requestVote(1302)) - 274a318d-4208-4a56-b0aa-605c6427dbd2@group-8F1F17B70279: receive requestVote(PRE_VOTE, 7fbba869-ae5e-435c-b5a2-8ae18052e5d1, group-8F1F17B70279, 0, (t:0, i:0))
2023-05-12 15:35:07,129 [grpc-default-executor-8] INFO  impl.VoteContext (VoteContext.java:log(49)) - 274a318d-4208-4a56-b0aa-605c6427dbd2@group-A1A7FFF00A9D-FOLLOWER: accept PRE_VOTE from 7fbba869-ae5e-435c-b5a2-8ae18052e5d1: our priority 0 <= candidate's priority 0
2023-05-12 15:35:07,129 [grpc-default-executor-9] INFO  impl.VoteContext (VoteContext.java:log(49)) - 274a318d-4208-4a56-b0aa-605c6427dbd2@group-8F1F17B70279-FOLLOWER: accept PRE_VOTE from 7fbba869-ae5e-435c-b5a2-8ae18052e5d1: our priority 0 <= candidate's priority 1
2023-05-12 15:35:07,128 [7fbba869-ae5e-435c-b5a2-8ae18052e5d1@group-8F1F17B70279-LeaderElection4] INFO  impl.LeaderElection (LeaderElection.java:askForVotes(321)) - 7fbba869-ae5e-435c-b5a2-8ae18052e5d1@group-8F1F17B70279-LeaderElection4 ELECTION round 0: submit vote requests at term 1 for -1: peers:[274a318d-4208-4a56-b0aa-605c6427dbd2|rpc:10.1.0.53:15037|admin:10.1.0.53:15036|client:10.1.0.53:15035|dataStream:10.1.0.53:15038|priority:0|startupRole:FOLLOWER, cc26ca6c-2cda-43c4-8225-385dd9036c3c|rpc:10.1.0.53:15021|admin:10.1.0.53:15020|client:10.1.0.53:15019|dataStream:10.1.0.53:15022|priority:0|startupRole:FOLLOWER, 7fbba869-ae5e-435c-b5a2-8ae18052e5d1|rpc:10.1.0.53:15029|admin:10.1.0.53:15028|client:10.1.0.53:15027|dataStream:10.1.0.53:15030|priority:1|startupRole:FOLLOWER]|listeners:[], old=null
2023-05-12 15:35:07,129 [grpc-default-executor-9] INFO  server.RaftServer$Division (RaftServerImpl.java:requestVote(1335)) - 274a318d-4208-4a56-b0aa-605c6427dbd2@group-8F1F17B70279 replies to PRE_VOTE vote request: 7fbba869-ae5e-435c-b5a2-8ae18052e5d1<-274a318d-4208-4a56-b0aa-605c6427dbd2#0:OK-t0. Peer's state: 274a318d-4208-4a56-b0aa-605c6427dbd2@group-8F1F17B70279:t0, leader=null, voted=, raftlog=Memoized:274a318d-4208-4a56-b0aa-605c6427dbd2@group-8F1F17B70279-SegmentedRaftLog:OPENED:c-1, conf=-1: peers:[274a318d-4208-4a56-b0aa-605c6427dbd2|rpc:10.1.0.53:15037|admin:10.1.0.53:15036|client:10.1.0.53:15035|dataStream:10.1.0.53:15038|priority:0|startupRole:FOLLOWER, cc26ca6c-2cda-43c4-8225-385dd9036c3c|rpc:10.1.0.53:15021|admin:10.1.0.53:15020|client:10.1.0.53:15019|dataStream:10.1.0.53:15022|priority:0|startupRole:FOLLOWER, 7fbba869-ae5e-435c-b5a2-8ae18052e5d1|rpc:10.1.0.53:15029|admin:10.1.0.53:15028|client:10.1.0.53:15027|dataStream:10.1.0.53:15030|priority:1|startupRole:FOLLOWER]|listeners:[], old=null
2023-05-12 15:35:07,129 [grpc-default-executor-8] INFO  server.RaftServer$Division (RaftServerImpl.java:requestVote(1335)) - 274a318d-4208-4a56-b0aa-605c6427dbd2@group-A1A7FFF00A9D replies to PRE_VOTE vote request: 7fbba869-ae5e-435c-b5a2-8ae18052e5d1<-274a318d-4208-4a56-b0aa-605c6427dbd2#0:OK-t0. Peer's state: 274a318d-4208-4a56-b0aa-605c6427dbd2@group-A1A7FFF00A9D:t0, leader=null, voted=, raftlog=Memoized:274a318d-4208-4a56-b0aa-605c6427dbd2@group-A1A7FFF00A9D-SegmentedRaftLog:OPENED:c-1, conf=-1: peers:[274a318d-4208-4a56-b0aa-605c6427dbd2|rpc:10.1.0.53:15037|admin:10.1.0.53:15036|client:10.1.0.53:15035|dataStream:10.1.0.53:15038|priority:0|startupRole:FOLLOWER, cc26ca6c-2cda-43c4-8225-385dd9036c3c|rpc:10.1.0.53:15021|admin:10.1.0.53:15020|client:10.1.0.53:15019|dataStream:10.1.0.53:15022|priority:1|startupRole:FOLLOWER, 7fbba869-ae5e-435c-b5a2-8ae18052e5d1|rpc:10.1.0.53:15029|admin:10.1.0.53:15028|client:10.1.0.53:15027|dataStream:10.1.0.53:15030|priority:0|startupRole:FOLLOWER]|listeners:[], old=null
2023-05-12 15:35:07,135 [cc26ca6c-2cda-43c4-8225-385dd9036c3c@group-A1A7FFF00A9D-FollowerState] INFO  impl.FollowerState (FollowerState.java:run(143)) - cc26ca6c-2cda-43c4-8225-385dd9036c3c@group-A1A7FFF00A9D-FollowerState: change to CANDIDATE, lastRpcElapsedTime:5158668358ns, electionTimeout:5152ms
2023-05-12 15:35:07,129 [7fbba869-ae5e-435c-b5a2-8ae18052e5d1@group-8F1F17B70279-LeaderElection4] INFO  server.RaftServerConfigKeys (ConfUtils.java:logFallback(53)) - raft.server.rpc.first-election.timeout.min = 5s (fallback to raft.server.rpc.timeout.min)
2023-05-12 15:35:07,139 [7fbba869-ae5e-435c-b5a2-8ae18052e5d1@group-8F1F17B70279-LeaderElection4] INFO  server.RaftServerConfigKeys (ConfUtils.java:logFallback(53)) - raft.server.rpc.first-election.timeout.max = 5200ms (fallback to raft.server.rpc.timeout.max)
2023-05-12 15:35:07,138 [cc26ca6c-2cda-43c4-8225-385dd9036c3c@group-A1A7FFF00A9D-FollowerState] INFO  impl.RoleInfo (RoleInfo.java:shutdownFollowerState(110)) - cc26ca6c-2cda-43c4-8225-385dd9036c3c: shutdown cc26ca6c-2cda-43c4-8225-385dd9036c3c@group-A1A7FFF00A9D-FollowerState
2023-05-12 15:35:07,139 [cc26ca6c-2cda-43c4-8225-385dd9036c3c@group-A1A7FFF00A9D-FollowerState] INFO  server.RaftServer$Division (RaftServerImpl.java:setRole(329)) - cc26ca6c-2cda-43c4-8225-385dd9036c3c@group-A1A7FFF00A9D: changes role from  FOLLOWER to CANDIDATE at term 0 for changeToCandidate
2023-05-12 15:35:07,138 [grpc-default-executor-6] INFO  server.RaftServer$Division (RaftServerImpl.java:requestVote(1302)) - 274a318d-4208-4a56-b0aa-605c6427dbd2@group-8F1F17B70279: receive requestVote(ELECTION, 7fbba869-ae5e-435c-b5a2-8ae18052e5d1, group-8F1F17B70279, 1, (t:0, i:0))
2023-05-12 15:35:07,137 [grpc-default-executor-7] INFO  server.RaftServer$Division (RaftServerImpl.java:requestVote(1302)) - cc26ca6c-2cda-43c4-8225-385dd9036c3c@group-8F1F17B70279: receive requestVote(ELECTION, 7fbba869-ae5e-435c-b5a2-8ae18052e5d1, group-8F1F17B70279, 1, (t:0, i:0))
2023-05-12 15:35:07,140 [grpc-default-executor-6] INFO  impl.VoteContext (VoteContext.java:log(49)) - 274a318d-4208-4a56-b0aa-605c6427dbd2@group-8F1F17B70279-FOLLOWER: accept ELECTION from 7fbba869-ae5e-435c-b5a2-8ae18052e5d1: our priority 0 <= candidate's priority 1
2023-05-12 15:35:07,140 [grpc-default-executor-6] INFO  server.RaftServer$Division (RaftServerImpl.java:setRole(329)) - 274a318d-4208-4a56-b0aa-605c6427dbd2@group-8F1F17B70279: changes role from  FOLLOWER to FOLLOWER at term 1 for candidate:7fbba869-ae5e-435c-b5a2-8ae18052e5d1
2023-05-12 15:35:07,140 [grpc-default-executor-6] INFO  impl.RoleInfo (RoleInfo.java:shutdownFollowerState(110)) - 274a318d-4208-4a56-b0aa-605c6427dbd2: shutdown 274a318d-4208-4a56-b0aa-605c6427dbd2@group-8F1F17B70279-FollowerState
2023-05-12 15:35:07,137 [grpc-default-executor-9] INFO  server.RaftServer$Division (RaftServerImpl.java:requestVote(1302)) - cc26ca6c-2cda-43c4-8225-385dd9036c3c@group-A1A7FFF00A9D: receive requestVote(PRE_VOTE, 7fbba869-ae5e-435c-b5a2-8ae18052e5d1, group-A1A7FFF00A9D, 0, (t:0, i:0))
2023-05-12 15:35:07,140 [274a318d-4208-4a56-b0aa-605c6427dbd2@group-8F1F17B70279-FollowerState] INFO  impl.FollowerState (FollowerState.java:run(152)) - 274a318d-4208-4a56-b0aa-605c6427dbd2@group-8F1F17B70279-FollowerState was interrupted
2023-05-12 15:35:07,137 [7fbba869-ae5e-435c-b5a2-8ae18052e5d1@group-F16C884C0979-LeaderElection6] INFO  impl.LeaderElection (LeaderElection.java:askForVotes(321)) - 7fbba869-ae5e-435c-b5a2-8ae18052e5d1@group-F16C884C0979-LeaderElection6 PRE_VOTE round 0: submit vote requests at term 0 for -1: peers:[7fbba869-ae5e-435c-b5a2-8ae18052e5d1|rpc:10.1.0.53:15029|admin:10.1.0.53:15028|client:10.1.0.53:15027|dataStream:10.1.0.53:15030|priority:1|startupRole:FOLLOWER]|listeners:[], old=null
2023-05-12 15:35:07,141 [grpc-default-executor-6] INFO  impl.RoleInfo (RoleInfo.java:updateAndGet(139)) - 274a318d-4208-4a56-b0aa-605c6427dbd2: start 274a318d-4208-4a56-b0aa-605c6427dbd2@group-8F1F17B70279-FollowerState
2023-05-12 15:35:07,140 [grpc-default-executor-7] INFO  impl.VoteContext (VoteContext.java:log(49)) - cc26ca6c-2cda-43c4-8225-385dd9036c3c@group-8F1F17B70279-FOLLOWER: accept ELECTION from 7fbba869-ae5e-435c-b5a2-8ae18052e5d1: our priority 0 <= candidate's priority 1
2023-05-12 15:35:07,142 [7fbba869-ae5e-435c-b5a2-8ae18052e5d1@group-F16C884C0979-LeaderElection6] INFO  impl.LeaderElection (LeaderElection.java:askForVotes(323)) - 7fbba869-ae5e-435c-b5a2-8ae18052e5d1@group-F16C884C0979-LeaderElection6 PRE_VOTE round 0: result PASSED (term=0)
2023-05-12 15:35:07,142 [grpc-default-executor-7] INFO  server.RaftServer$Division (RaftServerImpl.java:setRole(329)) - cc26ca6c-2cda-43c4-8225-385dd9036c3c@group-8F1F17B70279: changes role from  FOLLOWER to FOLLOWER at term 1 for candidate:7fbba869-ae5e-435c-b5a2-8ae18052e5d1
2023-05-12 15:35:07,142 [grpc-default-executor-7] INFO  impl.RoleInfo (RoleInfo.java:shutdownFollowerState(110)) - cc26ca6c-2cda-43c4-8225-385dd9036c3c: shutdown cc26ca6c-2cda-43c4-8225-385dd9036c3c@group-8F1F17B70279-FollowerState
2023-05-12 15:35:07,140 [cc26ca6c-2cda-43c4-8225-385dd9036c3c@group-A1A7FFF00A9D-FollowerState] INFO  server.RaftServerConfigKeys (ConfUtils.java:logGet(46)) - raft.server.leaderelection.pre-vote = true (default)
2023-05-12 15:35:07,142 [cc26ca6c-2cda-43c4-8225-385dd9036c3c@group-A1A7FFF00A9D-FollowerState] INFO  impl.RoleInfo (RoleInfo.java:updateAndGet(139)) - cc26ca6c-2cda-43c4-8225-385dd9036c3c: start cc26ca6c-2cda-43c4-8225-385dd9036c3c@group-A1A7FFF00A9D-LeaderElection7
2023-05-12 15:35:07,143 [grpc-default-executor-7] INFO  impl.RoleInfo (RoleInfo.java:updateAndGet(139)) - cc26ca6c-2cda-43c4-8225-385dd9036c3c: start cc26ca6c-2cda-43c4-8225-385dd9036c3c@group-8F1F17B70279-FollowerState
2023-05-12 15:35:07,143 [cc26ca6c-2cda-43c4-8225-385dd9036c3c@group-8F1F17B70279-FollowerState] INFO  impl.FollowerState (FollowerState.java:run(152)) - cc26ca6c-2cda-43c4-8225-385dd9036c3c@group-8F1F17B70279-FollowerState was interrupted
2023-05-12 15:35:07,143 [grpc-default-executor-9] INFO  impl.VoteContext (VoteContext.java:log(49)) - cc26ca6c-2cda-43c4-8225-385dd9036c3c@group-A1A7FFF00A9D-CANDIDATE: reject PRE_VOTE from 7fbba869-ae5e-435c-b5a2-8ae18052e5d1: our priority 1 > candidate's priority 0
2023-05-12 15:35:07,143 [grpc-default-executor-9] INFO  server.RaftServer$Division (RaftServerImpl.java:requestVote(1335)) - cc26ca6c-2cda-43c4-8225-385dd9036c3c@group-A1A7FFF00A9D replies to PRE_VOTE vote request: 7fbba869-ae5e-435c-b5a2-8ae18052e5d1<-cc26ca6c-2cda-43c4-8225-385dd9036c3c#0:FAIL-t0. Peer's state: cc26ca6c-2cda-43c4-8225-385dd9036c3c@group-A1A7FFF00A9D:t0, leader=null, voted=, raftlog=Memoized:cc26ca6c-2cda-43c4-8225-385dd9036c3c@group-A1A7FFF00A9D-SegmentedRaftLog:OPENED:c-1, conf=-1: peers:[274a318d-4208-4a56-b0aa-605c6427dbd2|rpc:10.1.0.53:15037|admin:10.1.0.53:15036|client:10.1.0.53:15035|dataStream:10.1.0.53:15038|priority:0|startupRole:FOLLOWER, cc26ca6c-2cda-43c4-8225-385dd9036c3c|rpc:10.1.0.53:15021|admin:10.1.0.53:15020|client:10.1.0.53:15019|dataStream:10.1.0.53:15022|priority:1|startupRole:FOLLOWER, 7fbba869-ae5e-435c-b5a2-8ae18052e5d1|rpc:10.1.0.53:15029|admin:10.1.0.53:15028|client:10.1.0.53:15027|dataStream:10.1.0.53:15030|priority:0|startupRole:FOLLOWER]|listeners:[], old=null
2023-05-12 15:35:07,150 [274a318d-4208-4a56-b0aa-605c6427dbd2@group-A1A7FFF00A9D-FollowerState] INFO  server.RaftServerConfigKeys (ConfUtils.java:logFallback(53)) - raft.server.rpc.first-election.timeout.min = 5s (fallback to raft.server.rpc.timeout.min)
2023-05-12 15:35:07,150 [274a318d-4208-4a56-b0aa-605c6427dbd2@group-A1A7FFF00A9D-FollowerState] INFO  server.RaftServerConfigKeys (ConfUtils.java:logFallback(53)) - raft.server.rpc.first-election.timeout.max = 5200ms (fallback to raft.server.rpc.timeout.max)
2023-05-12 15:35:07,150 [grpc-default-executor-7] INFO  server.RaftServer$Division (RaftServerImpl.java:requestVote(1335)) - cc26ca6c-2cda-43c4-8225-385dd9036c3c@group-8F1F17B70279 replies to ELECTION vote request: 7fbba869-ae5e-435c-b5a2-8ae18052e5d1<-cc26ca6c-2cda-43c4-8225-385dd9036c3c#0:OK-t1. Peer's state: cc26ca6c-2cda-43c4-8225-385dd9036c3c@group-8F1F17B70279:t1, leader=null, voted=7fbba869-ae5e-435c-b5a2-8ae18052e5d1, raftlog=Memoized:cc26ca6c-2cda-43c4-8225-385dd9036c3c@group-8F1F17B70279-SegmentedRaftLog:OPENED:c-1, conf=-1: peers:[274a318d-4208-4a56-b0aa-605c6427dbd2|rpc:10.1.0.53:15037|admin:10.1.0.53:15036|client:10.1.0.53:15035|dataStream:10.1.0.53:15038|priority:0|startupRole:FOLLOWER, cc26ca6c-2cda-43c4-8225-385dd9036c3c|rpc:10.1.0.53:15021|admin:10.1.0.53:15020|client:10.1.0.53:15019|dataStream:10.1.0.53:15022|priority:0|startupRole:FOLLOWER, 7fbba869-ae5e-435c-b5a2-8ae18052e5d1|rpc:10.1.0.53:15029|admin:10.1.0.53:15028|client:10.1.0.53:15027|dataStream:10.1.0.53:15030|priority:1|startupRole:FOLLOWER]|listeners:[], old=null
2023-05-12 15:35:07,152 [grpc-default-executor-6] INFO  server.RaftServer$Division (RaftServerImpl.java:requestVote(1335)) - 274a318d-4208-4a56-b0aa-605c6427dbd2@group-8F1F17B70279 replies to ELECTION vote request: 7fbba869-ae5e-435c-b5a2-8ae18052e5d1<-274a318d-4208-4a56-b0aa-605c6427dbd2#0:OK-t1. Peer's state: 274a318d-4208-4a56-b0aa-605c6427dbd2@group-8F1F17B70279:t1, leader=null, voted=7fbba869-ae5e-435c-b5a2-8ae18052e5d1, raftlog=Memoized:274a318d-4208-4a56-b0aa-605c6427dbd2@group-8F1F17B70279-SegmentedRaftLog:OPENED:c-1, conf=-1: peers:[274a318d-4208-4a56-b0aa-605c6427dbd2|rpc:10.1.0.53:15037|admin:10.1.0.53:15036|client:10.1.0.53:15035|dataStream:10.1.0.53:15038|priority:0|startupRole:FOLLOWER, cc26ca6c-2cda-43c4-8225-385dd9036c3c|rpc:10.1.0.53:15021|admin:10.1.0.53:15020|client:10.1.0.53:15019|dataStream:10.1.0.53:15022|priority:0|startupRole:FOLLOWER, 7fbba869-ae5e-435c-b5a2-8ae18052e5d1|rpc:10.1.0.53:15029|admin:10.1.0.53:15028|client:10.1.0.53:15027|dataStream:10.1.0.53:15030|priority:1|startupRole:FOLLOWER]|listeners:[], old=null
2023-05-12 15:35:07,152 [7fbba869-ae5e-435c-b5a2-8ae18052e5d1@group-8F1F17B70279-LeaderElection4] INFO  impl.LeaderElection (LeaderElection.java:logAndReturn(90)) - 7fbba869-ae5e-435c-b5a2-8ae18052e5d1@group-8F1F17B70279-LeaderElection4: ELECTION PASSED received 1 response(s) and 0 exception(s):
2023-05-12 15:35:07,154 [7fbba869-ae5e-435c-b5a2-8ae18052e5d1@group-F16C884C0979-LeaderElection6] INFO  impl.LeaderElection (LeaderElection.java:askForVotes(321)) - 7fbba869-ae5e-435c-b5a2-8ae18052e5d1@group-F16C884C0979-LeaderElection6 ELECTION round 0: submit vote requests at term 1 for -1: peers:[7fbba869-ae5e-435c-b5a2-8ae18052e5d1|rpc:10.1.0.53:15029|admin:10.1.0.53:15028|client:10.1.0.53:15027|dataStream:10.1.0.53:15030|priority:1|startupRole:FOLLOWER]|listeners:[], old=null
2023-05-12 15:35:07,153 [7fbba869-ae5e-435c-b5a2-8ae18052e5d1@group-A1A7FFF00A9D-LeaderElection5] INFO  impl.LeaderElection (LeaderElection.java:logAndReturn(90)) - 7fbba869-ae5e-435c-b5a2-8ae18052e5d1@group-A1A7FFF00A9D-LeaderElection5: PRE_VOTE REJECTED received 2 response(s) and 0 exception(s):
2023-05-12 15:35:07,154 [7fbba869-ae5e-435c-b5a2-8ae18052e5d1@group-8F1F17B70279-LeaderElection4] INFO  impl.LeaderElection (LeaderElection.java:logAndReturn(94)) -   Response 0: 7fbba869-ae5e-435c-b5a2-8ae18052e5d1<-cc26ca6c-2cda-43c4-8225-385dd9036c3c#0:OK-t1
2023-05-12 15:35:07,155 [7fbba869-ae5e-435c-b5a2-8ae18052e5d1@group-F16C884C0979-LeaderElection6] INFO  impl.LeaderElection (LeaderElection.java:askForVotes(323)) - 7fbba869-ae5e-435c-b5a2-8ae18052e5d1@group-F16C884C0979-LeaderElection6 ELECTION round 0: result PASSED (term=1)
2023-05-12 15:35:07,155 [7fbba869-ae5e-435c-b5a2-8ae18052e5d1@group-8F1F17B70279-LeaderElection4] INFO  impl.LeaderElection (LeaderElection.java:askForVotes(323)) - 7fbba869-ae5e-435c-b5a2-8ae18052e5d1@group-8F1F17B70279-LeaderElection4 ELECTION round 0: result PASSED
2023-05-12 15:35:07,155 [7fbba869-ae5e-435c-b5a2-8ae18052e5d1@group-F16C884C0979-LeaderElection6] INFO  impl.RoleInfo (RoleInfo.java:shutdownLeaderElection(130)) - 7fbba869-ae5e-435c-b5a2-8ae18052e5d1: shutdown 7fbba869-ae5e-435c-b5a2-8ae18052e5d1@group-F16C884C0979-LeaderElection6
2023-05-12 15:35:07,155 [7fbba869-ae5e-435c-b5a2-8ae18052e5d1@group-8F1F17B70279-LeaderElection4] INFO  impl.RoleInfo (RoleInfo.java:shutdownLeaderElection(130)) - 7fbba869-ae5e-435c-b5a2-8ae18052e5d1: shutdown 7fbba869-ae5e-435c-b5a2-8ae18052e5d1@group-8F1F17B70279-LeaderElection4
2023-05-12 15:35:07,155 [7fbba869-ae5e-435c-b5a2-8ae18052e5d1@group-F16C884C0979-LeaderElection6] INFO  server.RaftServer$Division (RaftServerImpl.java:setRole(329)) - 7fbba869-ae5e-435c-b5a2-8ae18052e5d1@group-F16C884C0979: changes role from CANDIDATE to LEADER at term 1 for changeToLeader
2023-05-12 15:35:07,155 [7fbba869-ae5e-435c-b5a2-8ae18052e5d1@group-8F1F17B70279-LeaderElection4] INFO  server.RaftServer$Division (RaftServerImpl.java:setRole(329)) - 7fbba869-ae5e-435c-b5a2-8ae18052e5d1@group-8F1F17B70279: changes role from CANDIDATE to LEADER at term 1 for changeToLeader
2023-05-12 15:35:07,155 [7fbba869-ae5e-435c-b5a2-8ae18052e5d1@group-F16C884C0979-LeaderElection6] INFO  ratis.XceiverServerRatis (XceiverServerRatis.java:handleLeaderChangedNotification(904)) - Leader change notification received for group: group-F16C884C0979 with new leaderId: 7fbba869-ae5e-435c-b5a2-8ae18052e5d1
2023-05-12 15:35:07,155 [7fbba869-ae5e-435c-b5a2-8ae18052e5d1@group-A1A7FFF00A9D-LeaderElection5] INFO  impl.LeaderElection (LeaderElection.java:logAndReturn(94)) -   Response 0: 7fbba869-ae5e-435c-b5a2-8ae18052e5d1<-274a318d-4208-4a56-b0aa-605c6427dbd2#0:OK-t0
2023-05-12 15:35:07,155 [7fbba869-ae5e-435c-b5a2-8ae18052e5d1@group-A1A7FFF00A9D-LeaderElection5] INFO  impl.LeaderElection (LeaderElection.java:logAndReturn(94)) -   Response 1: 7fbba869-ae5e-435c-b5a2-8ae18052e5d1<-cc26ca6c-2cda-43c4-8225-385dd9036c3c#0:FAIL-t0
2023-05-12 15:35:07,155 [7fbba869-ae5e-435c-b5a2-8ae18052e5d1@group-A1A7FFF00A9D-LeaderElection5] INFO  impl.LeaderElection (LeaderElection.java:askForVotes(323)) - 7fbba869-ae5e-435c-b5a2-8ae18052e5d1@group-A1A7FFF00A9D-LeaderElection5 PRE_VOTE round 0: result REJECTED
2023-05-12 15:35:07,155 [7fbba869-ae5e-435c-b5a2-8ae18052e5d1@group-A1A7FFF00A9D-LeaderElection5] INFO  server.RaftServer$Division (RaftServerImpl.java:setRole(329)) - 7fbba869-ae5e-435c-b5a2-8ae18052e5d1@group-A1A7FFF00A9D: changes role from CANDIDATE to FOLLOWER at term 0 for REJECTED
2023-05-12 15:35:07,155 [7fbba869-ae5e-435c-b5a2-8ae18052e5d1@group-A1A7FFF00A9D-LeaderElection5] INFO  impl.RoleInfo (RoleInfo.java:shutdownLeaderElection(130)) - 7fbba869-ae5e-435c-b5a2-8ae18052e5d1: shutdown 7fbba869-ae5e-435c-b5a2-8ae18052e5d1@group-A1A7FFF00A9D-LeaderElection5
2023-05-12 15:35:07,155 [7fbba869-ae5e-435c-b5a2-8ae18052e5d1@group-A1A7FFF00A9D-LeaderElection5] INFO  impl.RoleInfo (RoleInfo.java:updateAndGet(139)) - 7fbba869-ae5e-435c-b5a2-8ae18052e5d1: start 7fbba869-ae5e-435c-b5a2-8ae18052e5d1@group-A1A7FFF00A9D-FollowerState
2023-05-12 15:35:07,155 [7fbba869-ae5e-435c-b5a2-8ae18052e5d1@group-8F1F17B70279-LeaderElection4] INFO  ratis.XceiverServerRatis (XceiverServerRatis.java:handleLeaderChangedNotification(904)) - Leader change notification received for group: group-8F1F17B70279 with new leaderId: 7fbba869-ae5e-435c-b5a2-8ae18052e5d1
2023-05-12 15:35:07,155 [cc26ca6c-2cda-43c4-8225-385dd9036c3c@group-A1A7FFF00A9D-LeaderElection7] INFO  impl.LeaderElection (LeaderElection.java:askForVotes(321)) - cc26ca6c-2cda-43c4-8225-385dd9036c3c@group-A1A7FFF00A9D-LeaderElection7 PRE_VOTE round 0: submit vote requests at term 0 for -1: peers:[274a318d-4208-4a56-b0aa-605c6427dbd2|rpc:10.1.0.53:15037|admin:10.1.0.53:15036|client:10.1.0.53:15035|dataStream:10.1.0.53:15038|priority:0|startupRole:FOLLOWER, cc26ca6c-2cda-43c4-8225-385dd9036c3c|rpc:10.1.0.53:15021|admin:10.1.0.53:15020|client:10.1.0.53:15019|dataStream:10.1.0.53:15022|priority:1|startupRole:FOLLOWER, 7fbba869-ae5e-435c-b5a2-8ae18052e5d1|rpc:10.1.0.53:15029|admin:10.1.0.53:15028|client:10.1.0.53:15027|dataStream:10.1.0.53:15030|priority:0|startupRole:FOLLOWER]|listeners:[], old=null
2023-05-12 15:35:07,161 [7fbba869-ae5e-435c-b5a2-8ae18052e5d1@group-8F1F17B70279-LeaderElection4] INFO  server.RaftServer$Division (ServerState.java:setLeader(317)) - 7fbba869-ae5e-435c-b5a2-8ae18052e5d1@group-8F1F17B70279: change Leader from null to 7fbba869-ae5e-435c-b5a2-8ae18052e5d1 at term 1 for becomeLeader, leader elected after 5236ms
2023-05-12 15:35:07,163 [7fbba869-ae5e-435c-b5a2-8ae18052e5d1@group-8F1F17B70279-LeaderElection4] INFO  server.RaftServerConfigKeys (ConfUtils.java:logGet(46)) - raft.server.staging.catchup.gap = 1000 (default)
2023-05-12 15:35:07,163 [7fbba869-ae5e-435c-b5a2-8ae18052e5d1@group-8F1F17B70279-LeaderElection4] INFO  server.RaftServerConfigKeys (ConfUtils.java:logGet(46)) - raft.server.write.element-limit = 1024 (custom)
2023-05-12 15:35:07,163 [7fbba869-ae5e-435c-b5a2-8ae18052e5d1@group-8F1F17B70279-LeaderElection4] INFO  server.RaftServerConfigKeys (ConfUtils.java:logGet(46)) - raft.server.write.byte-limit = 1024 M (=1073741824) (custom)
2023-05-12 15:35:07,161 [7fbba869-ae5e-435c-b5a2-8ae18052e5d1@group-F16C884C0979-LeaderElection6] INFO  server.RaftServer$Division (ServerState.java:setLeader(317)) - 7fbba869-ae5e-435c-b5a2-8ae18052e5d1@group-F16C884C0979: change Leader from null to 7fbba869-ae5e-435c-b5a2-8ae18052e5d1 at term 1 for becomeLeader, leader elected after 5157ms
2023-05-12 15:35:07,172 [7fbba869-ae5e-435c-b5a2-8ae18052e5d1@group-F16C884C0979-LeaderElection6] INFO  server.RaftServerConfigKeys (ConfUtils.java:logGet(46)) - raft.server.staging.catchup.gap = 1000 (default)
2023-05-12 15:35:07,172 [7fbba869-ae5e-435c-b5a2-8ae18052e5d1@group-F16C884C0979-LeaderElection6] INFO  server.RaftServerConfigKeys (ConfUtils.java:logGet(46)) - raft.server.write.element-limit = 1024 (custom)
2023-05-12 15:35:07,172 [7fbba869-ae5e-435c-b5a2-8ae18052e5d1@group-F16C884C0979-LeaderElection6] INFO  server.RaftServerConfigKeys (ConfUtils.java:logGet(46)) - raft.server.write.byte-limit = 1024 M (=1073741824) (custom)
2023-05-12 15:35:07,173 [7fbba869-ae5e-435c-b5a2-8ae18052e5d1@group-F16C884C0979-LeaderElection6] INFO  server.RaftServerConfigKeys (ConfUtils.java:logGet(46)) - raft.server.watch.timeout = 180s (custom)
2023-05-12 15:35:07,173 [7fbba869-ae5e-435c-b5a2-8ae18052e5d1@group-F16C884C0979-LeaderElection6] INFO  server.RaftServerConfigKeys (ConfUtils.java:logGet(46)) - raft.server.watch.timeout.denomination = 1s (default)
2023-05-12 15:35:07,173 [7fbba869-ae5e-435c-b5a2-8ae18052e5d1@group-F16C884C0979-LeaderElection6] INFO  server.RaftServerConfigKeys (ConfUtils.java:logGet(46)) - raft.server.watch.element-limit = 65536 (default)
2023-05-12 15:35:07,173 [7fbba869-ae5e-435c-b5a2-8ae18052e5d1@group-F16C884C0979-LeaderElection6] INFO  server.RaftServerConfigKeys (ConfUtils.java:logGet(46)) - raft.server.write.element-limit = 1024 (custom)
2023-05-12 15:35:07,173 [7fbba869-ae5e-435c-b5a2-8ae18052e5d1@group-F16C884C0979-LeaderElection6] INFO  server.RaftServerConfigKeys (ConfUtils.java:logGet(46)) - raft.server.write.follower.gap.ratio.max = -1.0 (default)
2023-05-12 15:35:07,173 [7fbba869-ae5e-435c-b5a2-8ae18052e5d1@group-F16C884C0979-LeaderElection6] INFO  impl.RoleInfo (RoleInfo.java:updateAndGet(139)) - 7fbba869-ae5e-435c-b5a2-8ae18052e5d1: start 7fbba869-ae5e-435c-b5a2-8ae18052e5d1@group-F16C884C0979-LeaderStateImpl
2023-05-12 15:35:07,173 [7fbba869-ae5e-435c-b5a2-8ae18052e5d1@group-F16C884C0979-LeaderElection6] INFO  segmented.SegmentedRaftLogWorker (SegmentedRaftLogWorker.java:startLogSegment(447)) - 7fbba869-ae5e-435c-b5a2-8ae18052e5d1@group-F16C884C0979-SegmentedRaftLogWorker: Starting segment from index:0
2023-05-12 15:35:07,174 [EventQueue-PipelineReportForPipelineReportHandler] INFO  pipeline.PipelineManagerImpl (PipelineManagerImpl.java:openPipeline(367)) - Pipeline Pipeline[ Id: 8257010a-e9ad-423e-9048-8f1f17b70279, Nodes: 274a318d-4208-4a56-b0aa-605c6427dbd2(fv-az1245-539.h4qniknrx0cezh5jdpmlggsuoc.cx.internal.cloudapp.net/10.1.0.53)7fbba869-ae5e-435c-b5a2-8ae18052e5d1(fv-az1245-539.h4qniknrx0cezh5jdpmlggsuoc.cx.internal.cloudapp.net/10.1.0.53)cc26ca6c-2cda-43c4-8225-385dd9036c3c(fv-az1245-539.h4qniknrx0cezh5jdpmlggsuoc.cx.internal.cloudapp.net/10.1.0.53), ReplicationConfig: RATIS/THREE, State:ALLOCATED, leaderId:7fbba869-ae5e-435c-b5a2-8ae18052e5d1, CreationTimestamp2023-05-12T15:34:59.373Z[Etc/UTC]] moved to OPEN state
2023-05-12 15:35:07,175 [EventQueue-OpenPipelineForHealthyPipelineSafeModeRule] INFO  safemode.SCMSafeModeManager (HealthyPipelineSafeModeRule.java:process(137)) - SCM in safe mode. Healthy pipelines reported count is 0, required healthy pipeline reported count is 1
2023-05-12 15:35:07,175 [EventQueue-OpenPipelineForHealthyPipelineSafeModeRule] INFO  safemode.SCMSafeModeManager (HealthyPipelineSafeModeRule.java:process(137)) - SCM in safe mode. Healthy pipelines reported count is 1, required healthy pipeline reported count is 1
2023-05-12 15:35:07,175 [EventQueue-OpenPipelineForHealthyPipelineSafeModeRule] INFO  safemode.SCMSafeModeManager (SCMSafeModeManager.java:validateSafeModeExitRules(200)) - HealthyPipelineSafeModeRule rule is successfully validated
2023-05-12 15:35:07,175 [EventQueue-OpenPipelineForHealthyPipelineSafeModeRule] INFO  safemode.SCMSafeModeManager (SCMSafeModeManager.java:validateSafeModeExitRules(215)) - ScmSafeModeManager, all rules are successfully validated
2023-05-12 15:35:07,175 [EventQueue-OpenPipelineForHealthyPipelineSafeModeRule] INFO  safemode.SCMSafeModeManager (SCMSafeModeManager.java:exitSafeMode(244)) - SCM exiting safe mode.
2023-05-12 15:35:07,175 [EventQueue-OpenPipelineForHealthyPipelineSafeModeRule] INFO  ha.SCMContext (SCMContext.java:updateSafeModeStatus(228)) - Update SafeModeStatus from SafeModeStatus{safeModeStatus=true, preCheckPassed=true} to SafeModeStatus{safeModeStatus=false, preCheckPassed=true}.
2023-05-12 15:35:07,175 [EventQueue-OpenPipelineForHealthyPipelineSafeModeRule] INFO  pipeline.BackgroundPipelineCreator (BackgroundPipelineCreator.java:notifyStatusChanged(254)) - Service BackgroundPipelineCreator transitions to RUNNING.
2023-05-12 15:35:07,175 [EventQueue-OpenPipelineForHealthyPipelineSafeModeRule] INFO  BackgroundPipelineScrubber (BackgroundSCMService.java:notifyStatusChanged(82)) - Service BackgroundPipelineScrubber transitions to RUNNING.
2023-05-12 15:35:07,175 [EventQueue-OpenPipelineForHealthyPipelineSafeModeRule] INFO  ExpiredContainerReplicaOpScrubber (BackgroundSCMService.java:notifyStatusChanged(82)) - Service ExpiredContainerReplicaOpScrubber transitions to RUNNING.
2023-05-12 15:35:07,175 [EventQueue-OpenPipelineForHealthyPipelineSafeModeRule] INFO  replication.ReplicationManager (ReplicationManager.java:notifyStatusChanged(1377)) - Service ReplicationManager transitions to RUNNING.
2023-05-12 15:35:07,172 [7fbba869-ae5e-435c-b5a2-8ae18052e5d1@group-8F1F17B70279-LeaderElection4] INFO  server.RaftServerConfigKeys (ConfUtils.java:logGet(46)) - raft.server.watch.timeout = 180s (custom)
2023-05-12 15:35:07,194 [7fbba869-ae5e-435c-b5a2-8ae18052e5d1@group-8F1F17B70279-LeaderElection4] INFO  server.RaftServerConfigKeys (ConfUtils.java:logGet(46)) - raft.server.watch.timeout.denomination = 1s (default)
2023-05-12 15:35:07,194 [7fbba869-ae5e-435c-b5a2-8ae18052e5d1@group-8F1F17B70279-LeaderElection4] INFO  server.RaftServerConfigKeys (ConfUtils.java:logGet(46)) - raft.server.watch.element-limit = 65536 (default)
2023-05-12 15:35:07,194 [7fbba869-ae5e-435c-b5a2-8ae18052e5d1@group-8F1F17B70279-LeaderElection4] INFO  server.RaftServerConfigKeys (ConfUtils.java:logGet(46)) - raft.server.write.element-limit = 1024 (custom)
2023-05-12 15:35:07,194 [7fbba869-ae5e-435c-b5a2-8ae18052e5d1@group-8F1F17B70279-LeaderElection4] INFO  server.RaftServerConfigKeys (ConfUtils.java:logGet(46)) - raft.server.write.follower.gap.ratio.max = -1.0 (default)
2023-05-12 15:35:07,194 [grpc-default-executor-6] INFO  server.RaftServer$Division (RaftServerImpl.java:requestVote(1302)) - 274a318d-4208-4a56-b0aa-605c6427dbd2@group-A1A7FFF00A9D: receive requestVote(PRE_VOTE, cc26ca6c-2cda-43c4-8225-385dd9036c3c, group-A1A7FFF00A9D, 0, (t:0, i:0))
2023-05-12 15:35:07,194 [grpc-default-executor-6] INFO  impl.VoteContext (VoteContext.java:log(49)) - 274a318d-4208-4a56-b0aa-605c6427dbd2@group-A1A7FFF00A9D-FOLLOWER: accept PRE_VOTE from cc26ca6c-2cda-43c4-8225-385dd9036c3c: our priority 0 <= candidate's priority 1
2023-05-12 15:35:07,194 [grpc-default-executor-6] INFO  server.RaftServer$Division (RaftServerImpl.java:requestVote(1335)) - 274a318d-4208-4a56-b0aa-605c6427dbd2@group-A1A7FFF00A9D replies to PRE_VOTE vote request: cc26ca6c-2cda-43c4-8225-385dd9036c3c<-274a318d-4208-4a56-b0aa-605c6427dbd2#0:OK-t0. Peer's state: 274a318d-4208-4a56-b0aa-605c6427dbd2@group-A1A7FFF00A9D:t0, leader=null, voted=, raftlog=Memoized:274a318d-4208-4a56-b0aa-605c6427dbd2@group-A1A7FFF00A9D-SegmentedRaftLog:OPENED:c-1, conf=-1: peers:[274a318d-4208-4a56-b0aa-605c6427dbd2|rpc:10.1.0.53:15037|admin:10.1.0.53:15036|client:10.1.0.53:15035|dataStream:10.1.0.53:15038|priority:0|startupRole:FOLLOWER, cc26ca6c-2cda-43c4-8225-385dd9036c3c|rpc:10.1.0.53:15021|admin:10.1.0.53:15020|client:10.1.0.53:15019|dataStream:10.1.0.53:15022|priority:1|startupRole:FOLLOWER, 7fbba869-ae5e-435c-b5a2-8ae18052e5d1|rpc:10.1.0.53:15029|admin:10.1.0.53:15028|client:10.1.0.53:15027|dataStream:10.1.0.53:15030|priority:0|startupRole:FOLLOWER]|listeners:[], old=null
2023-05-12 15:35:07,194 [7fbba869-ae5e-435c-b5a2-8ae18052e5d1@group-8F1F17B70279-LeaderElection4] INFO  server.RaftServerConfigKeys (ConfUtils.java:logGet(46)) - raft.server.log.appender.snapshot.chunk.size.max = 16MB (=16777216) (default)
2023-05-12 15:35:07,195 [7fbba869-ae5e-435c-b5a2-8ae18052e5d1@group-8F1F17B70279-LeaderElection4] INFO  server.RaftServerConfigKeys (ConfUtils.java:logGet(46)) - raft.server.log.appender.buffer.byte-limit = 33554432 (custom)
2023-05-12 15:35:07,195 [7fbba869-ae5e-435c-b5a2-8ae18052e5d1@group-8F1F17B70279-LeaderElection4] INFO  server.RaftServerConfigKeys (ConfUtils.java:logGet(46)) - raft.server.log.appender.buffer.element-limit = 1 (custom)
2023-05-12 15:35:07,189 [cc26ca6c-2cda-43c4-8225-385dd9036c3c@group-A1A7FFF00A9D-LeaderElection7] INFO  server.RaftServerConfigKeys (ConfUtils.java:logFallback(53)) - raft.server.rpc.first-election.timeout.min = 5s (fallback to raft.server.rpc.timeout.min)
2023-05-12 15:35:07,198 [7fbba869-ae5e-435c-b5a2-8ae18052e5d1@group-8F1F17B70279-LeaderElection4] INFO  server.RaftServerConfigKeys (ConfUtils.java:logGet(46)) - raft.server.log.appender.wait-time.min = 10ms (default)
2023-05-12 15:35:07,198 [7fbba869-ae5e-435c-b5a2-8ae18052e5d1@group-8F1F17B70279-LeaderElection4] INFO  grpc.GrpcConfigKeys (ConfUtils.java:logGet(46)) - raft.grpc.server.leader.outstanding.appends.max = 128 (default)
2023-05-12 15:35:07,198 [7fbba869-ae5e-435c-b5a2-8ae18052e5d1@group-8F1F17B70279-LeaderElection4] INFO  server.RaftServerConfigKeys (ConfUtils.java:logGet(46)) - raft.server.rpc.request.timeout = 60s (custom)
2023-05-12 15:35:07,198 [7fbba869-ae5e-435c-b5a2-8ae18052e5d1@group-8F1F17B70279-LeaderElection4] INFO  grpc.GrpcConfigKeys (ConfUtils.java:logGet(46)) - raft.grpc.server.install_snapshot.request.element-limit = 8 (default)
2023-05-12 15:35:07,198 [7fbba869-ae5e-435c-b5a2-8ae18052e5d1@group-8F1F17B70279-LeaderElection4] INFO  grpc.GrpcConfigKeys (ConfUtils.java:logGet(46)) - raft.grpc.server.install_snapshot.request.timeout = 3000ms (default)
2023-05-12 15:35:07,198 [7fbba869-ae5e-435c-b5a2-8ae18052e5d1@group-8F1F17B70279-LeaderElection4] INFO  server.RaftServerConfigKeys (ConfUtils.java:logGet(46)) - raft.server.log.appender.install.snapshot.enabled = false (custom)
2023-05-12 15:35:07,198 [7fbba869-ae5e-435c-b5a2-8ae18052e5d1@group-8F1F17B70279-LeaderElection4] INFO  grpc.GrpcConfigKeys (ConfUtils.java:logGet(46)) - raft.grpc.server.heartbeat.channel = true (default)
2023-05-12 15:35:07,199 [7fbba869-ae5e-435c-b5a2-8ae18052e5d1@group-8F1F17B70279-LeaderElection4] INFO  server.RaftServerConfigKeys (ConfUtils.java:logGet(46)) - raft.server.log.appender.snapshot.chunk.size.max = 16MB (=16777216) (default)
2023-05-12 15:35:07,199 [7fbba869-ae5e-435c-b5a2-8ae18052e5d1@group-8F1F17B70279-LeaderElection4] INFO  server.RaftServerConfigKeys (ConfUtils.java:logGet(46)) - raft.server.log.appender.buffer.byte-limit = 33554432 (custom)
2023-05-12 15:35:07,199 [7fbba869-ae5e-435c-b5a2-8ae18052e5d1@group-8F1F17B70279-LeaderElection4] INFO  server.RaftServerConfigKeys (ConfUtils.java:logGet(46)) - raft.server.log.appender.buffer.element-limit = 1 (custom)
2023-05-12 15:35:07,199 [7fbba869-ae5e-435c-b5a2-8ae18052e5d1@group-8F1F17B70279-LeaderElection4] INFO  server.RaftServerConfigKeys (ConfUtils.java:logGet(46)) - raft.server.log.appender.wait-time.min = 10ms (default)
2023-05-12 15:35:07,199 [7fbba869-ae5e-435c-b5a2-8ae18052e5d1@group-8F1F17B70279-LeaderElection4] INFO  grpc.GrpcConfigKeys (ConfUtils.java:logGet(46)) - raft.grpc.server.leader.outstanding.appends.max = 128 (default)
2023-05-12 15:35:07,199 [7fbba869-ae5e-435c-b5a2-8ae18052e5d1@group-8F1F17B70279-LeaderElection4] INFO  server.RaftServerConfigKeys (ConfUtils.java:logGet(46)) - raft.server.rpc.request.timeout = 60s (custom)
2023-05-12 15:35:07,199 [7fbba869-ae5e-435c-b5a2-8ae18052e5d1@group-8F1F17B70279-LeaderElection4] INFO  grpc.GrpcConfigKeys (ConfUtils.java:logGet(46)) - raft.grpc.server.install_snapshot.request.element-limit = 8 (default)
2023-05-12 15:35:07,199 [7fbba869-ae5e-435c-b5a2-8ae18052e5d1@group-8F1F17B70279-LeaderElection4] INFO  grpc.GrpcConfigKeys (ConfUtils.java:logGet(46)) - raft.grpc.server.install_snapshot.request.timeout = 3000ms (default)
2023-05-12 15:35:07,199 [7fbba869-ae5e-435c-b5a2-8ae18052e5d1@group-8F1F17B70279-LeaderElection4] INFO  server.RaftServerConfigKeys (ConfUtils.java:logGet(46)) - raft.server.log.appender.install.snapshot.enabled = false (custom)
2023-05-12 15:35:07,199 [7fbba869-ae5e-435c-b5a2-8ae18052e5d1@group-8F1F17B70279-LeaderElection4] INFO  grpc.GrpcConfigKeys (ConfUtils.java:logGet(46)) - raft.grpc.server.heartbeat.channel = true (default)
2023-05-12 15:35:07,199 [7fbba869-ae5e-435c-b5a2-8ae18052e5d1@group-8F1F17B70279-LeaderElection4] INFO  impl.RoleInfo (RoleInfo.java:updateAndGet(139)) - 7fbba869-ae5e-435c-b5a2-8ae18052e5d1: start 7fbba869-ae5e-435c-b5a2-8ae18052e5d1@group-8F1F17B70279-LeaderStateImpl
2023-05-12 15:35:07,200 [7fbba869-ae5e-435c-b5a2-8ae18052e5d1@group-8F1F17B70279-LeaderElection4] INFO  segmented.SegmentedRaftLogWorker (SegmentedRaftLogWorker.java:startLogSegment(447)) - 7fbba869-ae5e-435c-b5a2-8ae18052e5d1@group-8F1F17B70279-SegmentedRaftLogWorker: Starting segment from index:0
2023-05-12 15:35:07,179 [EventQueue-OpenPipelineForHealthyPipelineSafeModeRule] WARN  balancer.ContainerBalancer (ContainerBalancer.java:shouldRun(132)) - Could not find persisted configuration for ContainerBalancer when checking if ContainerBalancer should run. ContainerBalancer should not run now.
2023-05-12 15:35:07,200 [7fbba869-ae5e-435c-b5a2-8ae18052e5d1@group-F16C884C0979-LeaderElection6] INFO  server.RaftServer$Division (ServerState.java:setRaftConf(434)) - 7fbba869-ae5e-435c-b5a2-8ae18052e5d1@group-F16C884C0979: set configuration 0: peers:[7fbba869-ae5e-435c-b5a2-8ae18052e5d1|rpc:10.1.0.53:15029|admin:10.1.0.53:15028|client:10.1.0.53:15027|dataStream:10.1.0.53:15030|priority:1|startupRole:FOLLOWER]|listeners:[], old=null
2023-05-12 15:35:07,198 [cc26ca6c-2cda-43c4-8225-385dd9036c3c@group-A1A7FFF00A9D-LeaderElection7] INFO  server.RaftServerConfigKeys (ConfUtils.java:logFallback(53)) - raft.server.rpc.first-election.timeout.max = 5200ms (fallback to raft.server.rpc.timeout.max)
2023-05-12 15:35:07,196 [7fbba869-ae5e-435c-b5a2-8ae18052e5d1@group-F16C884C0979-SegmentedRaftLogWorker] INFO  segmented.SegmentedRaftLogWorker (SegmentedRaftLogWorker.java:execute(651)) - 7fbba869-ae5e-435c-b5a2-8ae18052e5d1@group-F16C884C0979-SegmentedRaftLogWorker: created new log segment /home/runner/work/ozone/ozone/hadoop-ozone/integration-test/target/test-dir/MiniOzoneClusterImpl-bfe86ff0-f9fb-433f-aae2-64a5a95eec81/datanode-1/data/ratis/54bfa6a6-f479-47b6-b35a-f16c884c0979/current/log_inprogress_0
2023-05-12 15:35:07,200 [cc26ca6c-2cda-43c4-8225-385dd9036c3c@group-A1A7FFF00A9D-LeaderElection7] INFO  impl.LeaderElection (LeaderElection.java:logAndReturn(90)) - cc26ca6c-2cda-43c4-8225-385dd9036c3c@group-A1A7FFF00A9D-LeaderElection7: PRE_VOTE PASSED received 1 response(s) and 0 exception(s):
2023-05-12 15:35:07,200 [cc26ca6c-2cda-43c4-8225-385dd9036c3c@group-A1A7FFF00A9D-LeaderElection7] INFO  impl.LeaderElection (LeaderElection.java:logAndReturn(94)) -   Response 0: cc26ca6c-2cda-43c4-8225-385dd9036c3c<-274a318d-4208-4a56-b0aa-605c6427dbd2#0:OK-t0
2023-05-12 15:35:07,201 [7fbba869-ae5e-435c-b5a2-8ae18052e5d1@group-8F1F17B70279-SegmentedRaftLogWorker] INFO  segmented.SegmentedRaftLogWorker (SegmentedRaftLogWorker.java:execute(651)) - 7fbba869-ae5e-435c-b5a2-8ae18052e5d1@group-8F1F17B70279-SegmentedRaftLogWorker: created new log segment /home/runner/work/ozone/ozone/hadoop-ozone/integration-test/target/test-dir/MiniOzoneClusterImpl-bfe86ff0-f9fb-433f-aae2-64a5a95eec81/datanode-1/data/ratis/8257010a-e9ad-423e-9048-8f1f17b70279/current/log_inprogress_0
2023-05-12 15:35:07,203 [cc26ca6c-2cda-43c4-8225-385dd9036c3c@group-A1A7FFF00A9D-LeaderElection7] INFO  impl.LeaderElection (LeaderElection.java:askForVotes(323)) - cc26ca6c-2cda-43c4-8225-385dd9036c3c@group-A1A7FFF00A9D-LeaderElection7 PRE_VOTE round 0: result PASSED
2023-05-12 15:35:07,205 [7fbba869-ae5e-435c-b5a2-8ae18052e5d1@group-8F1F17B70279-LeaderElection4] INFO  server.RaftServer$Division (ServerState.java:setRaftConf(434)) - 7fbba869-ae5e-435c-b5a2-8ae18052e5d1@group-8F1F17B70279: set configuration 0: peers:[274a318d-4208-4a56-b0aa-605c6427dbd2|rpc:10.1.0.53:15037|admin:10.1.0.53:15036|client:10.1.0.53:15035|dataStream:10.1.0.53:15038|priority:0|startupRole:FOLLOWER, cc26ca6c-2cda-43c4-8225-385dd9036c3c|rpc:10.1.0.53:15021|admin:10.1.0.53:15020|client:10.1.0.53:15019|dataStream:10.1.0.53:15022|priority:0|startupRole:FOLLOWER, 7fbba869-ae5e-435c-b5a2-8ae18052e5d1|rpc:10.1.0.53:15029|admin:10.1.0.53:15028|client:10.1.0.53:15027|dataStream:10.1.0.53:15030|priority:1|startupRole:FOLLOWER]|listeners:[], old=null
2023-05-12 15:35:07,205 [cc26ca6c-2cda-43c4-8225-385dd9036c3c@group-A1A7FFF00A9D-LeaderElection7] INFO  impl.LeaderElection (LeaderElection.java:askForVotes(321)) - cc26ca6c-2cda-43c4-8225-385dd9036c3c@group-A1A7FFF00A9D-LeaderElection7 ELECTION round 0: submit vote requests at term 1 for -1: peers:[274a318d-4208-4a56-b0aa-605c6427dbd2|rpc:10.1.0.53:15037|admin:10.1.0.53:15036|client:10.1.0.53:15035|dataStream:10.1.0.53:15038|priority:0|startupRole:FOLLOWER, cc26ca6c-2cda-43c4-8225-385dd9036c3c|rpc:10.1.0.53:15021|admin:10.1.0.53:15020|client:10.1.0.53:15019|dataStream:10.1.0.53:15022|priority:1|startupRole:FOLLOWER, 7fbba869-ae5e-435c-b5a2-8ae18052e5d1|rpc:10.1.0.53:15029|admin:10.1.0.53:15028|client:10.1.0.53:15027|dataStream:10.1.0.53:15030|priority:0|startupRole:FOLLOWER]|listeners:[], old=null
2023-05-12 15:35:07,212 [cc26ca6c-2cda-43c4-8225-385dd9036c3c@group-A1A7FFF00A9D-LeaderElection7] INFO  server.RaftServerConfigKeys (ConfUtils.java:logFallback(53)) - raft.server.rpc.first-election.timeout.min = 5s (fallback to raft.server.rpc.timeout.min)
2023-05-12 15:35:07,212 [cc26ca6c-2cda-43c4-8225-385dd9036c3c@group-A1A7FFF00A9D-LeaderElection7] INFO  server.RaftServerConfigKeys (ConfUtils.java:logFallback(53)) - raft.server.rpc.first-election.timeout.max = 5200ms (fallback to raft.server.rpc.timeout.max)
2023-05-12 15:35:07,222 [grpc-default-executor-9] INFO  server.RaftServer$Division (RaftServerImpl.java:requestVote(1302)) - 274a318d-4208-4a56-b0aa-605c6427dbd2@group-A1A7FFF00A9D: receive requestVote(ELECTION, cc26ca6c-2cda-43c4-8225-385dd9036c3c, group-A1A7FFF00A9D, 1, (t:0, i:0))
2023-05-12 15:35:07,230 [grpc-default-executor-9] INFO  impl.VoteContext (VoteContext.java:log(49)) - 274a318d-4208-4a56-b0aa-605c6427dbd2@group-A1A7FFF00A9D-FOLLOWER: accept ELECTION from cc26ca6c-2cda-43c4-8225-385dd9036c3c: our priority 0 <= candidate's priority 1
2023-05-12 15:35:07,230 [grpc-default-executor-9] INFO  server.RaftServer$Division (RaftServerImpl.java:setRole(329)) - 274a318d-4208-4a56-b0aa-605c6427dbd2@group-A1A7FFF00A9D: changes role from  FOLLOWER to FOLLOWER at term 1 for candidate:cc26ca6c-2cda-43c4-8225-385dd9036c3c
2023-05-12 15:35:07,230 [grpc-default-executor-9] INFO  impl.RoleInfo (RoleInfo.java:shutdownFollowerState(110)) - 274a318d-4208-4a56-b0aa-605c6427dbd2: shutdown 274a318d-4208-4a56-b0aa-605c6427dbd2@group-A1A7FFF00A9D-FollowerState
2023-05-12 15:35:07,230 [grpc-default-executor-9] INFO  impl.RoleInfo (RoleInfo.java:updateAndGet(139)) - 274a318d-4208-4a56-b0aa-605c6427dbd2: start 274a318d-4208-4a56-b0aa-605c6427dbd2@group-A1A7FFF00A9D-FollowerState
2023-05-12 15:35:07,231 [grpc-default-executor-6] INFO  server.RaftServer$Division (RaftServerImpl.java:requestVote(1302)) - 7fbba869-ae5e-435c-b5a2-8ae18052e5d1@group-A1A7FFF00A9D: receive requestVote(PRE_VOTE, cc26ca6c-2cda-43c4-8225-385dd9036c3c, group-A1A7FFF00A9D, 0, (t:0, i:0))
2023-05-12 15:35:07,231 [grpc-default-executor-6] INFO  impl.VoteContext (VoteContext.java:log(49)) - 7fbba869-ae5e-435c-b5a2-8ae18052e5d1@group-A1A7FFF00A9D-FOLLOWER: accept PRE_VOTE from cc26ca6c-2cda-43c4-8225-385dd9036c3c: our priority 0 <= candidate's priority 1
2023-05-12 15:35:07,231 [grpc-default-executor-6] INFO  server.RaftServer$Division (RaftServerImpl.java:requestVote(1335)) - 7fbba869-ae5e-435c-b5a2-8ae18052e5d1@group-A1A7FFF00A9D replies to PRE_VOTE vote request: cc26ca6c-2cda-43c4-8225-385dd9036c3c<-7fbba869-ae5e-435c-b5a2-8ae18052e5d1#0:OK-t0. Peer's state: 7fbba869-ae5e-435c-b5a2-8ae18052e5d1@group-A1A7FFF00A9D:t0, leader=null, voted=, raftlog=Memoized:7fbba869-ae5e-435c-b5a2-8ae18052e5d1@group-A1A7FFF00A9D-SegmentedRaftLog:OPENED:c-1, conf=-1: peers:[274a318d-4208-4a56-b0aa-605c6427dbd2|rpc:10.1.0.53:15037|admin:10.1.0.53:15036|client:10.1.0.53:15035|dataStream:10.1.0.53:15038|priority:0|startupRole:FOLLOWER, cc26ca6c-2cda-43c4-8225-385dd9036c3c|rpc:10.1.0.53:15021|admin:10.1.0.53:15020|client:10.1.0.53:15019|dataStream:10.1.0.53:15022|priority:1|startupRole:FOLLOWER, 7fbba869-ae5e-435c-b5a2-8ae18052e5d1|rpc:10.1.0.53:15029|admin:10.1.0.53:15028|client:10.1.0.53:15027|dataStream:10.1.0.53:15030|priority:0|startupRole:FOLLOWER]|listeners:[], old=null
2023-05-12 15:35:07,231 [274a318d-4208-4a56-b0aa-605c6427dbd2@group-A1A7FFF00A9D-FollowerState] INFO  impl.FollowerState (FollowerState.java:run(152)) - 274a318d-4208-4a56-b0aa-605c6427dbd2@group-A1A7FFF00A9D-FollowerState was interrupted
2023-05-12 15:35:07,233 [grpc-default-executor-9] INFO  server.RaftServer$Division (RaftServerImpl.java:requestVote(1335)) - 274a318d-4208-4a56-b0aa-605c6427dbd2@group-A1A7FFF00A9D replies to ELECTION vote request: cc26ca6c-2cda-43c4-8225-385dd9036c3c<-274a318d-4208-4a56-b0aa-605c6427dbd2#0:OK-t1. Peer's state: 274a318d-4208-4a56-b0aa-605c6427dbd2@group-A1A7FFF00A9D:t1, leader=null, voted=cc26ca6c-2cda-43c4-8225-385dd9036c3c, raftlog=Memoized:274a318d-4208-4a56-b0aa-605c6427dbd2@group-A1A7FFF00A9D-SegmentedRaftLog:OPENED:c-1, conf=-1: peers:[274a318d-4208-4a56-b0aa-605c6427dbd2|rpc:10.1.0.53:15037|admin:10.1.0.53:15036|client:10.1.0.53:15035|dataStream:10.1.0.53:15038|priority:0|startupRole:FOLLOWER, cc26ca6c-2cda-43c4-8225-385dd9036c3c|rpc:10.1.0.53:15021|admin:10.1.0.53:15020|client:10.1.0.53:15019|dataStream:10.1.0.53:15022|priority:1|startupRole:FOLLOWER, 7fbba869-ae5e-435c-b5a2-8ae18052e5d1|rpc:10.1.0.53:15029|admin:10.1.0.53:15028|client:10.1.0.53:15027|dataStream:10.1.0.53:15030|priority:0|startupRole:FOLLOWER]|listeners:[], old=null
2023-05-12 15:35:07,237 [grpc-default-executor-7] INFO  server.RaftServer$Division (RaftServerImpl.java:requestVote(1302)) - 7fbba869-ae5e-435c-b5a2-8ae18052e5d1@group-A1A7FFF00A9D: receive requestVote(ELECTION, cc26ca6c-2cda-43c4-8225-385dd9036c3c, group-A1A7FFF00A9D, 1, (t:0, i:0))
2023-05-12 15:35:07,237 [grpc-default-executor-7] INFO  impl.VoteContext (VoteContext.java:log(49)) - 7fbba869-ae5e-435c-b5a2-8ae18052e5d1@group-A1A7FFF00A9D-FOLLOWER: accept ELECTION from cc26ca6c-2cda-43c4-8225-385dd9036c3c: our priority 0 <= candidate's priority 1
2023-05-12 15:35:07,238 [grpc-default-executor-7] INFO  server.RaftServer$Division (RaftServerImpl.java:setRole(329)) - 7fbba869-ae5e-435c-b5a2-8ae18052e5d1@group-A1A7FFF00A9D: changes role from  FOLLOWER to FOLLOWER at term 1 for candidate:cc26ca6c-2cda-43c4-8225-385dd9036c3c
2023-05-12 15:35:07,238 [grpc-default-executor-7] INFO  impl.RoleInfo (RoleInfo.java:shutdownFollowerState(110)) - 7fbba869-ae5e-435c-b5a2-8ae18052e5d1: shutdown 7fbba869-ae5e-435c-b5a2-8ae18052e5d1@group-A1A7FFF00A9D-FollowerState
2023-05-12 15:35:07,238 [grpc-default-executor-7] INFO  impl.RoleInfo (RoleInfo.java:updateAndGet(139)) - 7fbba869-ae5e-435c-b5a2-8ae18052e5d1: start 7fbba869-ae5e-435c-b5a2-8ae18052e5d1@group-A1A7FFF00A9D-FollowerState
2023-05-12 15:35:07,238 [7fbba869-ae5e-435c-b5a2-8ae18052e5d1@group-A1A7FFF00A9D-FollowerState] INFO  impl.FollowerState (FollowerState.java:run(152)) - 7fbba869-ae5e-435c-b5a2-8ae18052e5d1@group-A1A7FFF00A9D-FollowerState was interrupted
2023-05-12 15:35:07,242 [grpc-default-executor-7] INFO  server.RaftServer$Division (RaftServerImpl.java:requestVote(1335)) - 7fbba869-ae5e-435c-b5a2-8ae18052e5d1@group-A1A7FFF00A9D replies to ELECTION vote request: cc26ca6c-2cda-43c4-8225-385dd9036c3c<-7fbba869-ae5e-435c-b5a2-8ae18052e5d1#0:OK-t1. Peer's state: 7fbba869-ae5e-435c-b5a2-8ae18052e5d1@group-A1A7FFF00A9D:t1, leader=null, voted=cc26ca6c-2cda-43c4-8225-385dd9036c3c, raftlog=Memoized:7fbba869-ae5e-435c-b5a2-8ae18052e5d1@group-A1A7FFF00A9D-SegmentedRaftLog:OPENED:c-1, conf=-1: peers:[274a318d-4208-4a56-b0aa-605c6427dbd2|rpc:10.1.0.53:15037|admin:10.1.0.53:15036|client:10.1.0.53:15035|dataStream:10.1.0.53:15038|priority:0|startupRole:FOLLOWER, cc26ca6c-2cda-43c4-8225-385dd9036c3c|rpc:10.1.0.53:15021|admin:10.1.0.53:15020|client:10.1.0.53:15019|dataStream:10.1.0.53:15022|priority:1|startupRole:FOLLOWER, 7fbba869-ae5e-435c-b5a2-8ae18052e5d1|rpc:10.1.0.53:15029|admin:10.1.0.53:15028|client:10.1.0.53:15027|dataStream:10.1.0.53:15030|priority:0|startupRole:FOLLOWER]|listeners:[], old=null
2023-05-12 15:35:07,256 [cc26ca6c-2cda-43c4-8225-385dd9036c3c@group-A1A7FFF00A9D-LeaderElection7] INFO  impl.LeaderElection (LeaderElection.java:logAndReturn(90)) - cc26ca6c-2cda-43c4-8225-385dd9036c3c@group-A1A7FFF00A9D-LeaderElection7: ELECTION PASSED received 1 response(s) and 0 exception(s):
2023-05-12 15:35:07,257 [cc26ca6c-2cda-43c4-8225-385dd9036c3c@group-A1A7FFF00A9D-LeaderElection7] INFO  impl.LeaderElection (LeaderElection.java:logAndReturn(94)) -   Response 0: cc26ca6c-2cda-43c4-8225-385dd9036c3c<-7fbba869-ae5e-435c-b5a2-8ae18052e5d1#0:OK-t1
2023-05-12 15:35:07,257 [cc26ca6c-2cda-43c4-8225-385dd9036c3c@group-A1A7FFF00A9D-LeaderElection7] INFO  impl.LeaderElection (LeaderElection.java:askForVotes(323)) - cc26ca6c-2cda-43c4-8225-385dd9036c3c@group-A1A7FFF00A9D-LeaderElection7 ELECTION round 0: result PASSED
2023-05-12 15:35:07,257 [cc26ca6c-2cda-43c4-8225-385dd9036c3c@group-A1A7FFF00A9D-LeaderElection7] INFO  impl.RoleInfo (RoleInfo.java:shutdownLeaderElection(130)) - cc26ca6c-2cda-43c4-8225-385dd9036c3c: shutdown cc26ca6c-2cda-43c4-8225-385dd9036c3c@group-A1A7FFF00A9D-LeaderElection7
2023-05-12 15:35:07,257 [cc26ca6c-2cda-43c4-8225-385dd9036c3c@group-A1A7FFF00A9D-LeaderElection7] INFO  server.RaftServer$Division (RaftServerImpl.java:setRole(329)) - cc26ca6c-2cda-43c4-8225-385dd9036c3c@group-A1A7FFF00A9D: changes role from CANDIDATE to LEADER at term 1 for changeToLeader
2023-05-12 15:35:07,257 [cc26ca6c-2cda-43c4-8225-385dd9036c3c@group-A1A7FFF00A9D-LeaderElection7] INFO  ratis.XceiverServerRatis (XceiverServerRatis.java:handleLeaderChangedNotification(904)) - Leader change notification received for group: group-A1A7FFF00A9D with new leaderId: cc26ca6c-2cda-43c4-8225-385dd9036c3c
2023-05-12 15:35:07,257 [cc26ca6c-2cda-43c4-8225-385dd9036c3c@group-A1A7FFF00A9D-LeaderElection7] INFO  server.RaftServer$Division (ServerState.java:setLeader(317)) - cc26ca6c-2cda-43c4-8225-385dd9036c3c@group-A1A7FFF00A9D: change Leader from null to cc26ca6c-2cda-43c4-8225-385dd9036c3c at term 1 for becomeLeader, leader elected after 5305ms
2023-05-12 15:35:07,258 [cc26ca6c-2cda-43c4-8225-385dd9036c3c@group-A1A7FFF00A9D-LeaderElection7] INFO  server.RaftServerConfigKeys (ConfUtils.java:logGet(46)) - raft.server.staging.catchup.gap = 1000 (default)
2023-05-12 15:35:07,259 [EventQueue-PipelineReportForPipelineReportHandler] INFO  pipeline.PipelineManagerImpl (PipelineManagerImpl.java:openPipeline(367)) - Pipeline Pipeline[ Id: a0249ab2-92e6-4e01-8eb2-a1a7fff00a9d, Nodes: 7fbba869-ae5e-435c-b5a2-8ae18052e5d1(fv-az1245-539.h4qniknrx0cezh5jdpmlggsuoc.cx.internal.cloudapp.net/10.1.0.53)cc26ca6c-2cda-43c4-8225-385dd9036c3c(fv-az1245-539.h4qniknrx0cezh5jdpmlggsuoc.cx.internal.cloudapp.net/10.1.0.53)274a318d-4208-4a56-b0aa-605c6427dbd2(fv-az1245-539.h4qniknrx0cezh5jdpmlggsuoc.cx.internal.cloudapp.net/10.1.0.53), ReplicationConfig: RATIS/THREE, State:ALLOCATED, leaderId:cc26ca6c-2cda-43c4-8225-385dd9036c3c, CreationTimestamp2023-05-12T15:34:59.375Z[Etc/UTC]] moved to OPEN state
2023-05-12 15:35:07,261 [cc26ca6c-2cda-43c4-8225-385dd9036c3c@group-A1A7FFF00A9D-LeaderElection7] INFO  server.RaftServerConfigKeys (ConfUtils.java:logGet(46)) - raft.server.write.element-limit = 1024 (custom)
2023-05-12 15:35:07,262 [cc26ca6c-2cda-43c4-8225-385dd9036c3c@group-A1A7FFF00A9D-LeaderElection7] INFO  server.RaftServerConfigKeys (ConfUtils.java:logGet(46)) - raft.server.write.byte-limit = 1024 M (=1073741824) (custom)
2023-05-12 15:35:07,262 [cc26ca6c-2cda-43c4-8225-385dd9036c3c@group-A1A7FFF00A9D-LeaderElection7] INFO  server.RaftServerConfigKeys (ConfUtils.java:logGet(46)) - raft.server.watch.timeout = 180s (custom)
2023-05-12 15:35:07,262 [cc26ca6c-2cda-43c4-8225-385dd9036c3c@group-A1A7FFF00A9D-LeaderElection7] INFO  server.RaftServerConfigKeys (ConfUtils.java:logGet(46)) - raft.server.watch.timeout.denomination = 1s (default)
2023-05-12 15:35:07,262 [cc26ca6c-2cda-43c4-8225-385dd9036c3c@group-A1A7FFF00A9D-LeaderElection7] INFO  server.RaftServerConfigKeys (ConfUtils.java:logGet(46)) - raft.server.watch.element-limit = 65536 (default)
2023-05-12 15:35:07,262 [cc26ca6c-2cda-43c4-8225-385dd9036c3c@group-A1A7FFF00A9D-LeaderElection7] INFO  server.RaftServerConfigKeys (ConfUtils.java:logGet(46)) - raft.server.write.element-limit = 1024 (custom)
2023-05-12 15:35:07,263 [cc26ca6c-2cda-43c4-8225-385dd9036c3c@group-A1A7FFF00A9D-LeaderElection7] INFO  server.RaftServerConfigKeys (ConfUtils.java:logGet(46)) - raft.server.write.follower.gap.ratio.max = -1.0 (default)
2023-05-12 15:35:07,260 [cc26ca6c-2cda-43c4-8225-385dd9036c3c-server-thread1] INFO  ratis.XceiverServerRatis (XceiverServerRatis.java:handleLeaderChangedNotification(904)) - Leader change notification received for group: group-8F1F17B70279 with new leaderId: 7fbba869-ae5e-435c-b5a2-8ae18052e5d1
2023-05-12 15:35:07,263 [cc26ca6c-2cda-43c4-8225-385dd9036c3c@group-A1A7FFF00A9D-LeaderElection7] INFO  server.RaftServerConfigKeys (ConfUtils.java:logGet(46)) - raft.server.log.appender.snapshot.chunk.size.max = 16MB (=16777216) (default)
2023-05-12 15:35:07,263 [274a318d-4208-4a56-b0aa-605c6427dbd2-server-thread1] INFO  ratis.XceiverServerRatis (XceiverServerRatis.java:handleLeaderChangedNotification(904)) - Leader change notification received for group: group-8F1F17B70279 with new leaderId: 7fbba869-ae5e-435c-b5a2-8ae18052e5d1
2023-05-12 15:35:07,267 [274a318d-4208-4a56-b0aa-605c6427dbd2-server-thread1] INFO  server.RaftServer$Division (ServerState.java:setLeader(317)) - 274a318d-4208-4a56-b0aa-605c6427dbd2@group-8F1F17B70279: change Leader from null to 7fbba869-ae5e-435c-b5a2-8ae18052e5d1 at term 1 for appendEntries, leader elected after 5430ms
2023-05-12 15:35:07,267 [cc26ca6c-2cda-43c4-8225-385dd9036c3c@group-A1A7FFF00A9D-LeaderElection7] INFO  server.RaftServerConfigKeys (ConfUtils.java:logGet(46)) - raft.server.log.appender.buffer.byte-limit = 33554432 (custom)
2023-05-12 15:35:07,267 [cc26ca6c-2cda-43c4-8225-385dd9036c3c@group-A1A7FFF00A9D-LeaderElection7] INFO  server.RaftServerConfigKeys (ConfUtils.java:logGet(46)) - raft.server.log.appender.buffer.element-limit = 1 (custom)
2023-05-12 15:35:07,267 [cc26ca6c-2cda-43c4-8225-385dd9036c3c@group-A1A7FFF00A9D-LeaderElection7] INFO  server.RaftServerConfigKeys (ConfUtils.java:logGet(46)) - raft.server.log.appender.wait-time.min = 10ms (default)
2023-05-12 15:35:07,267 [cc26ca6c-2cda-43c4-8225-385dd9036c3c@group-A1A7FFF00A9D-LeaderElection7] INFO  grpc.GrpcConfigKeys (ConfUtils.java:logGet(46)) - raft.grpc.server.leader.outstanding.appends.max = 128 (default)
2023-05-12 15:35:07,267 [cc26ca6c-2cda-43c4-8225-385dd9036c3c@group-A1A7FFF00A9D-LeaderElection7] INFO  server.RaftServerConfigKeys (ConfUtils.java:logGet(46)) - raft.server.rpc.request.timeout = 60s (custom)
2023-05-12 15:35:07,267 [cc26ca6c-2cda-43c4-8225-385dd9036c3c@group-A1A7FFF00A9D-LeaderElection7] INFO  grpc.GrpcConfigKeys (ConfUtils.java:logGet(46)) - raft.grpc.server.install_snapshot.request.element-limit = 8 (default)
2023-05-12 15:35:07,268 [cc26ca6c-2cda-43c4-8225-385dd9036c3c@group-A1A7FFF00A9D-LeaderElection7] INFO  grpc.GrpcConfigKeys (ConfUtils.java:logGet(46)) - raft.grpc.server.install_snapshot.request.timeout = 3000ms (default)
2023-05-12 15:35:07,268 [cc26ca6c-2cda-43c4-8225-385dd9036c3c@group-A1A7FFF00A9D-LeaderElection7] INFO  server.RaftServerConfigKeys (ConfUtils.java:logGet(46)) - raft.server.log.appender.install.snapshot.enabled = false (custom)
2023-05-12 15:35:07,268 [cc26ca6c-2cda-43c4-8225-385dd9036c3c@group-A1A7FFF00A9D-LeaderElection7] INFO  grpc.GrpcConfigKeys (ConfUtils.java:logGet(46)) - raft.grpc.server.heartbeat.channel = true (default)
2023-05-12 15:35:07,268 [cc26ca6c-2cda-43c4-8225-385dd9036c3c@group-A1A7FFF00A9D-LeaderElection7] INFO  server.RaftServerConfigKeys (ConfUtils.java:logGet(46)) - raft.server.log.appender.snapshot.chunk.size.max = 16MB (=16777216) (default)
2023-05-12 15:35:07,268 [cc26ca6c-2cda-43c4-8225-385dd9036c3c@group-A1A7FFF00A9D-LeaderElection7] INFO  server.RaftServerConfigKeys (ConfUtils.java:logGet(46)) - raft.server.log.appender.buffer.byte-limit = 33554432 (custom)
2023-05-12 15:35:07,268 [cc26ca6c-2cda-43c4-8225-385dd9036c3c@group-A1A7FFF00A9D-LeaderElection7] INFO  server.RaftServerConfigKeys (ConfUtils.java:logGet(46)) - raft.server.log.appender.buffer.element-limit = 1 (custom)
2023-05-12 15:35:07,268 [cc26ca6c-2cda-43c4-8225-385dd9036c3c@group-A1A7FFF00A9D-LeaderElection7] INFO  server.RaftServerConfigKeys (ConfUtils.java:logGet(46)) - raft.server.log.appender.wait-time.min = 10ms (default)
2023-05-12 15:35:07,268 [cc26ca6c-2cda-43c4-8225-385dd9036c3c@group-A1A7FFF00A9D-LeaderElection7] INFO  grpc.GrpcConfigKeys (ConfUtils.java:logGet(46)) - raft.grpc.server.leader.outstanding.appends.max = 128 (default)
2023-05-12 15:35:07,269 [cc26ca6c-2cda-43c4-8225-385dd9036c3c@group-A1A7FFF00A9D-LeaderElection7] INFO  server.RaftServerConfigKeys (ConfUtils.java:logGet(46)) - raft.server.rpc.request.timeout = 60s (custom)
2023-05-12 15:35:07,269 [cc26ca6c-2cda-43c4-8225-385dd9036c3c@group-A1A7FFF00A9D-LeaderElection7] INFO  grpc.GrpcConfigKeys (ConfUtils.java:logGet(46)) - raft.grpc.server.install_snapshot.request.element-limit = 8 (default)
2023-05-12 15:35:07,269 [cc26ca6c-2cda-43c4-8225-385dd9036c3c@group-A1A7FFF00A9D-LeaderElection7] INFO  grpc.GrpcConfigKeys (ConfUtils.java:logGet(46)) - raft.grpc.server.install_snapshot.request.timeout = 3000ms (default)
2023-05-12 15:35:07,269 [cc26ca6c-2cda-43c4-8225-385dd9036c3c@group-A1A7FFF00A9D-LeaderElection7] INFO  server.RaftServerConfigKeys (ConfUtils.java:logGet(46)) - raft.server.log.appender.install.snapshot.enabled = false (custom)
2023-05-12 15:35:07,269 [cc26ca6c-2cda-43c4-8225-385dd9036c3c@group-A1A7FFF00A9D-LeaderElection7] INFO  grpc.GrpcConfigKeys (ConfUtils.java:logGet(46)) - raft.grpc.server.heartbeat.channel = true (default)
2023-05-12 15:35:07,269 [cc26ca6c-2cda-43c4-8225-385dd9036c3c@group-A1A7FFF00A9D-LeaderElection7] INFO  impl.RoleInfo (RoleInfo.java:updateAndGet(139)) - cc26ca6c-2cda-43c4-8225-385dd9036c3c: start cc26ca6c-2cda-43c4-8225-385dd9036c3c@group-A1A7FFF00A9D-LeaderStateImpl
2023-05-12 15:35:07,269 [cc26ca6c-2cda-43c4-8225-385dd9036c3c@group-A1A7FFF00A9D-LeaderElection7] INFO  segmented.SegmentedRaftLogWorker (SegmentedRaftLogWorker.java:startLogSegment(447)) - cc26ca6c-2cda-43c4-8225-385dd9036c3c@group-A1A7FFF00A9D-SegmentedRaftLogWorker: Starting segment from index:0
2023-05-12 15:35:07,269 [cc26ca6c-2cda-43c4-8225-385dd9036c3c-server-thread1] INFO  server.RaftServer$Division (ServerState.java:setLeader(317)) - cc26ca6c-2cda-43c4-8225-385dd9036c3c@group-8F1F17B70279: change Leader from null to 7fbba869-ae5e-435c-b5a2-8ae18052e5d1 at term 1 for appendEntries, leader elected after 5530ms
2023-05-12 15:35:07,271 [cc26ca6c-2cda-43c4-8225-385dd9036c3c@group-A1A7FFF00A9D-SegmentedRaftLogWorker] INFO  segmented.SegmentedRaftLogWorker (SegmentedRaftLogWorker.java:execute(651)) - cc26ca6c-2cda-43c4-8225-385dd9036c3c@group-A1A7FFF00A9D-SegmentedRaftLogWorker: created new log segment /home/runner/work/ozone/ozone/hadoop-ozone/integration-test/target/test-dir/MiniOzoneClusterImpl-bfe86ff0-f9fb-433f-aae2-64a5a95eec81/datanode-0/data/ratis/a0249ab2-92e6-4e01-8eb2-a1a7fff00a9d/current/log_inprogress_0
2023-05-12 15:35:07,271 [cc26ca6c-2cda-43c4-8225-385dd9036c3c-server-thread1] INFO  server.RaftServer$Division (ServerState.java:setRaftConf(434)) - cc26ca6c-2cda-43c4-8225-385dd9036c3c@group-8F1F17B70279: set configuration 0: peers:[274a318d-4208-4a56-b0aa-605c6427dbd2|rpc:10.1.0.53:15037|admin:10.1.0.53:15036|client:10.1.0.53:15035|dataStream:10.1.0.53:15038|priority:0|startupRole:FOLLOWER, cc26ca6c-2cda-43c4-8225-385dd9036c3c|rpc:10.1.0.53:15021|admin:10.1.0.53:15020|client:10.1.0.53:15019|dataStream:10.1.0.53:15022|priority:0|startupRole:FOLLOWER, 7fbba869-ae5e-435c-b5a2-8ae18052e5d1|rpc:10.1.0.53:15029|admin:10.1.0.53:15028|client:10.1.0.53:15027|dataStream:10.1.0.53:15030|priority:1|startupRole:FOLLOWER]|listeners:[], old=null
2023-05-12 15:35:07,271 [cc26ca6c-2cda-43c4-8225-385dd9036c3c-server-thread1] INFO  segmented.SegmentedRaftLogWorker (SegmentedRaftLogWorker.java:startLogSegment(447)) - cc26ca6c-2cda-43c4-8225-385dd9036c3c@group-8F1F17B70279-SegmentedRaftLogWorker: Starting segment from index:0
2023-05-12 15:35:07,272 [274a318d-4208-4a56-b0aa-605c6427dbd2-server-thread1] INFO  server.RaftServer$Division (ServerState.java:setRaftConf(434)) - 274a318d-4208-4a56-b0aa-605c6427dbd2@group-8F1F17B70279: set configuration 0: peers:[274a318d-4208-4a56-b0aa-605c6427dbd2|rpc:10.1.0.53:15037|admin:10.1.0.53:15036|client:10.1.0.53:15035|dataStream:10.1.0.53:15038|priority:0|startupRole:FOLLOWER, cc26ca6c-2cda-43c4-8225-385dd9036c3c|rpc:10.1.0.53:15021|admin:10.1.0.53:15020|client:10.1.0.53:15019|dataStream:10.1.0.53:15022|priority:0|startupRole:FOLLOWER, 7fbba869-ae5e-435c-b5a2-8ae18052e5d1|rpc:10.1.0.53:15029|admin:10.1.0.53:15028|client:10.1.0.53:15027|dataStream:10.1.0.53:15030|priority:1|startupRole:FOLLOWER]|listeners:[], old=null
2023-05-12 15:35:07,272 [274a318d-4208-4a56-b0aa-605c6427dbd2-server-thread1] INFO  segmented.SegmentedRaftLogWorker (SegmentedRaftLogWorker.java:startLogSegment(447)) - 274a318d-4208-4a56-b0aa-605c6427dbd2@group-8F1F17B70279-SegmentedRaftLogWorker: Starting segment from index:0
2023-05-12 15:35:07,276 [omNode-3@group-523986131536-FollowerState] INFO  server.RaftServerConfigKeys (ConfUtils.java:logFallback(53)) - raft.server.rpc.first-election.timeout.min = 1s (fallback to raft.server.rpc.timeout.min)
2023-05-12 15:35:07,276 [omNode-3@group-523986131536-FollowerState] INFO  server.RaftServerConfigKeys (ConfUtils.java:logFallback(53)) - raft.server.rpc.first-election.timeout.max = 1200ms (fallback to raft.server.rpc.timeout.max)
2023-05-12 15:35:07,277 [cc26ca6c-2cda-43c4-8225-385dd9036c3c@group-A1A7FFF00A9D-LeaderElection7] INFO  server.RaftServer$Division (ServerState.java:setRaftConf(434)) - cc26ca6c-2cda-43c4-8225-385dd9036c3c@group-A1A7FFF00A9D: set configuration 0: peers:[274a318d-4208-4a56-b0aa-605c6427dbd2|rpc:10.1.0.53:15037|admin:10.1.0.53:15036|client:10.1.0.53:15035|dataStream:10.1.0.53:15038|priority:0|startupRole:FOLLOWER, cc26ca6c-2cda-43c4-8225-385dd9036c3c|rpc:10.1.0.53:15021|admin:10.1.0.53:15020|client:10.1.0.53:15019|dataStream:10.1.0.53:15022|priority:1|startupRole:FOLLOWER, 7fbba869-ae5e-435c-b5a2-8ae18052e5d1|rpc:10.1.0.53:15029|admin:10.1.0.53:15028|client:10.1.0.53:15027|dataStream:10.1.0.53:15030|priority:0|startupRole:FOLLOWER]|listeners:[], old=null
2023-05-12 15:35:07,283 [274a318d-4208-4a56-b0aa-605c6427dbd2@group-8F1F17B70279-SegmentedRaftLogWorker] INFO  segmented.SegmentedRaftLogWorker (SegmentedRaftLogWorker.java:execute(651)) - 274a318d-4208-4a56-b0aa-605c6427dbd2@group-8F1F17B70279-SegmentedRaftLogWorker: created new log segment /home/runner/work/ozone/ozone/hadoop-ozone/integration-test/target/test-dir/MiniOzoneClusterImpl-bfe86ff0-f9fb-433f-aae2-64a5a95eec81/datanode-2/data/ratis/8257010a-e9ad-423e-9048-8f1f17b70279/current/log_inprogress_0
2023-05-12 15:35:07,283 [cc26ca6c-2cda-43c4-8225-385dd9036c3c@group-8F1F17B70279-SegmentedRaftLogWorker] INFO  segmented.SegmentedRaftLogWorker (SegmentedRaftLogWorker.java:execute(651)) - cc26ca6c-2cda-43c4-8225-385dd9036c3c@group-8F1F17B70279-SegmentedRaftLogWorker: created new log segment /home/runner/work/ozone/ozone/hadoop-ozone/integration-test/target/test-dir/MiniOzoneClusterImpl-bfe86ff0-f9fb-433f-aae2-64a5a95eec81/datanode-0/data/ratis/8257010a-e9ad-423e-9048-8f1f17b70279/current/log_inprogress_0
2023-05-12 15:35:07,309 [274a318d-4208-4a56-b0aa-605c6427dbd2-server-thread1] INFO  ratis.XceiverServerRatis (XceiverServerRatis.java:handleLeaderChangedNotification(904)) - Leader change notification received for group: group-A1A7FFF00A9D with new leaderId: cc26ca6c-2cda-43c4-8225-385dd9036c3c
2023-05-12 15:35:07,309 [274a318d-4208-4a56-b0aa-605c6427dbd2-server-thread1] INFO  server.RaftServer$Division (ServerState.java:setLeader(317)) - 274a318d-4208-4a56-b0aa-605c6427dbd2@group-A1A7FFF00A9D: change Leader from null to cc26ca6c-2cda-43c4-8225-385dd9036c3c at term 1 for appendEntries, leader elected after 5223ms
2023-05-12 15:35:07,326 [7fbba869-ae5e-435c-b5a2-8ae18052e5d1-server-thread1] INFO  ratis.XceiverServerRatis (XceiverServerRatis.java:handleLeaderChangedNotification(904)) - Leader change notification received for group: group-A1A7FFF00A9D with new leaderId: cc26ca6c-2cda-43c4-8225-385dd9036c3c
2023-05-12 15:35:07,326 [7fbba869-ae5e-435c-b5a2-8ae18052e5d1-server-thread1] INFO  server.RaftServer$Division (ServerState.java:setLeader(317)) - 7fbba869-ae5e-435c-b5a2-8ae18052e5d1@group-A1A7FFF00A9D: change Leader from null to cc26ca6c-2cda-43c4-8225-385dd9036c3c at term 1 for appendEntries, leader elected after 5296ms
2023-05-12 15:35:07,327 [274a318d-4208-4a56-b0aa-605c6427dbd2-server-thread2] INFO  server.RaftServer$Division (ServerState.java:setRaftConf(434)) - 274a318d-4208-4a56-b0aa-605c6427dbd2@group-A1A7FFF00A9D: set configuration 0: peers:[274a318d-4208-4a56-b0aa-605c6427dbd2|rpc:10.1.0.53:15037|admin:10.1.0.53:15036|client:10.1.0.53:15035|dataStream:10.1.0.53:15038|priority:0|startupRole:FOLLOWER, cc26ca6c-2cda-43c4-8225-385dd9036c3c|rpc:10.1.0.53:15021|admin:10.1.0.53:15020|client:10.1.0.53:15019|dataStream:10.1.0.53:15022|priority:1|startupRole:FOLLOWER, 7fbba869-ae5e-435c-b5a2-8ae18052e5d1|rpc:10.1.0.53:15029|admin:10.1.0.53:15028|client:10.1.0.53:15027|dataStream:10.1.0.53:15030|priority:0|startupRole:FOLLOWER]|listeners:[], old=null
2023-05-12 15:35:07,327 [274a318d-4208-4a56-b0aa-605c6427dbd2-server-thread2] INFO  segmented.SegmentedRaftLogWorker (SegmentedRaftLogWorker.java:startLogSegment(447)) - 274a318d-4208-4a56-b0aa-605c6427dbd2@group-A1A7FFF00A9D-SegmentedRaftLogWorker: Starting segment from index:0
2023-05-12 15:35:07,327 [7fbba869-ae5e-435c-b5a2-8ae18052e5d1-server-thread1] INFO  server.RaftServer$Division (ServerState.java:setRaftConf(434)) - 7fbba869-ae5e-435c-b5a2-8ae18052e5d1@group-A1A7FFF00A9D: set configuration 0: peers:[274a318d-4208-4a56-b0aa-605c6427dbd2|rpc:10.1.0.53:15037|admin:10.1.0.53:15036|client:10.1.0.53:15035|dataStream:10.1.0.53:15038|priority:0|startupRole:FOLLOWER, cc26ca6c-2cda-43c4-8225-385dd9036c3c|rpc:10.1.0.53:15021|admin:10.1.0.53:15020|client:10.1.0.53:15019|dataStream:10.1.0.53:15022|priority:1|startupRole:FOLLOWER, 7fbba869-ae5e-435c-b5a2-8ae18052e5d1|rpc:10.1.0.53:15029|admin:10.1.0.53:15028|client:10.1.0.53:15027|dataStream:10.1.0.53:15030|priority:0|startupRole:FOLLOWER]|listeners:[], old=null
2023-05-12 15:35:07,328 [7fbba869-ae5e-435c-b5a2-8ae18052e5d1-server-thread1] INFO  segmented.SegmentedRaftLogWorker (SegmentedRaftLogWorker.java:startLogSegment(447)) - 7fbba869-ae5e-435c-b5a2-8ae18052e5d1@group-A1A7FFF00A9D-SegmentedRaftLogWorker: Starting segment from index:0
2023-05-12 15:35:07,329 [274a318d-4208-4a56-b0aa-605c6427dbd2@group-A1A7FFF00A9D-SegmentedRaftLogWorker] INFO  segmented.SegmentedRaftLogWorker (SegmentedRaftLogWorker.java:execute(651)) - 274a318d-4208-4a56-b0aa-605c6427dbd2@group-A1A7FFF00A9D-SegmentedRaftLogWorker: created new log segment /home/runner/work/ozone/ozone/hadoop-ozone/integration-test/target/test-dir/MiniOzoneClusterImpl-bfe86ff0-f9fb-433f-aae2-64a5a95eec81/datanode-2/data/ratis/a0249ab2-92e6-4e01-8eb2-a1a7fff00a9d/current/log_inprogress_0
2023-05-12 15:35:07,332 [7fbba869-ae5e-435c-b5a2-8ae18052e5d1@group-A1A7FFF00A9D-SegmentedRaftLogWorker] INFO  segmented.SegmentedRaftLogWorker (SegmentedRaftLogWorker.java:execute(651)) - 7fbba869-ae5e-435c-b5a2-8ae18052e5d1@group-A1A7FFF00A9D-SegmentedRaftLogWorker: created new log segment /home/runner/work/ozone/ozone/hadoop-ozone/integration-test/target/test-dir/MiniOzoneClusterImpl-bfe86ff0-f9fb-433f-aae2-64a5a95eec81/datanode-1/data/ratis/a0249ab2-92e6-4e01-8eb2-a1a7fff00a9d/current/log_inprogress_0
2023-05-12 15:35:07,372 [Listener at 127.0.0.1/15012] INFO  ozone.MiniOzoneClusterImpl (MiniOzoneClusterImpl.java:lambda$waitForClusterToBeReady$0(222)) - Nodes are ready. Got 3 of 3 DN Heartbeats.
2023-05-12 15:35:07,372 [Listener at 127.0.0.1/15012] INFO  ozone.MiniOzoneClusterImpl (MiniOzoneClusterImpl.java:lambda$waitForClusterToBeReady$0(225)) - Cluster exits safe mode
2023-05-12 15:35:07,372 [Listener at 127.0.0.1/15012] INFO  ozone.MiniOzoneClusterImpl (MiniOzoneClusterImpl.java:lambda$waitForClusterToBeReady$0(227)) - SCM became leader
2023-05-12 15:35:07,416 [274a318d-4208-4a56-b0aa-605c6427dbd2@group-F84CA255ECCB-FollowerState] INFO  impl.FollowerState (FollowerState.java:run(143)) - 274a318d-4208-4a56-b0aa-605c6427dbd2@group-F84CA255ECCB-FollowerState: change to CANDIDATE, lastRpcElapsedTime:5026864224ns, electionTimeout:5026ms
2023-05-12 15:35:07,416 [274a318d-4208-4a56-b0aa-605c6427dbd2@group-F84CA255ECCB-FollowerState] INFO  impl.RoleInfo (RoleInfo.java:shutdownFollowerState(110)) - 274a318d-4208-4a56-b0aa-605c6427dbd2: shutdown 274a318d-4208-4a56-b0aa-605c6427dbd2@group-F84CA255ECCB-FollowerState
2023-05-12 15:35:07,416 [274a318d-4208-4a56-b0aa-605c6427dbd2@group-F84CA255ECCB-FollowerState] INFO  server.RaftServer$Division (RaftServerImpl.java:setRole(329)) - 274a318d-4208-4a56-b0aa-605c6427dbd2@group-F84CA255ECCB: changes role from  FOLLOWER to CANDIDATE at term 0 for changeToCandidate
2023-05-12 15:35:07,418 [274a318d-4208-4a56-b0aa-605c6427dbd2@group-F84CA255ECCB-FollowerState] INFO  server.RaftServerConfigKeys (ConfUtils.java:logGet(46)) - raft.server.leaderelection.pre-vote = true (default)
2023-05-12 15:35:07,418 [274a318d-4208-4a56-b0aa-605c6427dbd2@group-F84CA255ECCB-FollowerState] INFO  impl.RoleInfo (RoleInfo.java:updateAndGet(139)) - 274a318d-4208-4a56-b0aa-605c6427dbd2: start 274a318d-4208-4a56-b0aa-605c6427dbd2@group-F84CA255ECCB-LeaderElection8
2023-05-12 15:35:07,420 [274a318d-4208-4a56-b0aa-605c6427dbd2@group-F84CA255ECCB-LeaderElection8] INFO  impl.LeaderElection (LeaderElection.java:askForVotes(321)) - 274a318d-4208-4a56-b0aa-605c6427dbd2@group-F84CA255ECCB-LeaderElection8 PRE_VOTE round 0: submit vote requests at term 0 for -1: peers:[274a318d-4208-4a56-b0aa-605c6427dbd2|rpc:10.1.0.53:15037|admin:10.1.0.53:15036|client:10.1.0.53:15035|dataStream:10.1.0.53:15038|priority:1|startupRole:FOLLOWER]|listeners:[], old=null
2023-05-12 15:35:07,420 [274a318d-4208-4a56-b0aa-605c6427dbd2@group-F84CA255ECCB-LeaderElection8] INFO  impl.LeaderElection (LeaderElection.java:askForVotes(323)) - 274a318d-4208-4a56-b0aa-605c6427dbd2@group-F84CA255ECCB-LeaderElection8 PRE_VOTE round 0: result PASSED (term=0)
2023-05-12 15:35:07,424 [274a318d-4208-4a56-b0aa-605c6427dbd2@group-F84CA255ECCB-LeaderElection8] INFO  impl.LeaderElection (LeaderElection.java:askForVotes(321)) - 274a318d-4208-4a56-b0aa-605c6427dbd2@group-F84CA255ECCB-LeaderElection8 ELECTION round 0: submit vote requests at term 1 for -1: peers:[274a318d-4208-4a56-b0aa-605c6427dbd2|rpc:10.1.0.53:15037|admin:10.1.0.53:15036|client:10.1.0.53:15035|dataStream:10.1.0.53:15038|priority:1|startupRole:FOLLOWER]|listeners:[], old=null
2023-05-12 15:35:07,738 [274a318d-4208-4a56-b0aa-605c6427dbd2@group-F84CA255ECCB-LeaderElection8] INFO  impl.LeaderElection (LeaderElection.java:askForVotes(323)) - 274a318d-4208-4a56-b0aa-605c6427dbd2@group-F84CA255ECCB-LeaderElection8 ELECTION round 0: result PASSED (term=1)
2023-05-12 15:35:07,738 [274a318d-4208-4a56-b0aa-605c6427dbd2@group-F84CA255ECCB-LeaderElection8] INFO  impl.RoleInfo (RoleInfo.java:shutdownLeaderElection(130)) - 274a318d-4208-4a56-b0aa-605c6427dbd2: shutdown 274a318d-4208-4a56-b0aa-605c6427dbd2@group-F84CA255ECCB-LeaderElection8
2023-05-12 15:35:07,738 [274a318d-4208-4a56-b0aa-605c6427dbd2@group-F84CA255ECCB-LeaderElection8] INFO  server.RaftServer$Division (RaftServerImpl.java:setRole(329)) - 274a318d-4208-4a56-b0aa-605c6427dbd2@group-F84CA255ECCB: changes role from CANDIDATE to LEADER at term 1 for changeToLeader
2023-05-12 15:35:07,731 [JvmPauseMonitor4] WARN  util.JvmPauseMonitor (JvmPauseMonitor.java:detectPause(124)) - JvmPauseMonitor-7fbba869-ae5e-435c-b5a2-8ae18052e5d1: Detected pause in JVM or host machine approximately 0.178s with 0.305s GC time.
GC pool 'PS MarkSweep' had collection(s): count=1 time=215ms
GC pool 'PS Scavenge' had collection(s): count=1 time=90ms
2023-05-12 15:35:07,738 [274a318d-4208-4a56-b0aa-605c6427dbd2@group-F84CA255ECCB-LeaderElection8] INFO  ratis.XceiverServerRatis (XceiverServerRatis.java:handleLeaderChangedNotification(904)) - Leader change notification received for group: group-F84CA255ECCB with new leaderId: 274a318d-4208-4a56-b0aa-605c6427dbd2
2023-05-12 15:35:07,742 [274a318d-4208-4a56-b0aa-605c6427dbd2@group-F84CA255ECCB-LeaderElection8] INFO  server.RaftServer$Division (ServerState.java:setLeader(317)) - 274a318d-4208-4a56-b0aa-605c6427dbd2@group-F84CA255ECCB: change Leader from null to 274a318d-4208-4a56-b0aa-605c6427dbd2 at term 1 for becomeLeader, leader elected after 5372ms
2023-05-12 15:35:07,742 [274a318d-4208-4a56-b0aa-605c6427dbd2@group-F84CA255ECCB-LeaderElection8] INFO  server.RaftServerConfigKeys (ConfUtils.java:logGet(46)) - raft.server.staging.catchup.gap = 1000 (default)
2023-05-12 15:35:07,743 [274a318d-4208-4a56-b0aa-605c6427dbd2@group-F84CA255ECCB-LeaderElection8] INFO  server.RaftServerConfigKeys (ConfUtils.java:logGet(46)) - raft.server.write.element-limit = 1024 (custom)
2023-05-12 15:35:07,743 [274a318d-4208-4a56-b0aa-605c6427dbd2@group-F84CA255ECCB-LeaderElection8] INFO  server.RaftServerConfigKeys (ConfUtils.java:logGet(46)) - raft.server.write.byte-limit = 1024 M (=1073741824) (custom)
2023-05-12 15:35:07,743 [274a318d-4208-4a56-b0aa-605c6427dbd2@group-F84CA255ECCB-LeaderElection8] INFO  server.RaftServerConfigKeys (ConfUtils.java:logGet(46)) - raft.server.watch.timeout = 180s (custom)
2023-05-12 15:35:07,743 [274a318d-4208-4a56-b0aa-605c6427dbd2@group-F84CA255ECCB-LeaderElection8] INFO  server.RaftServerConfigKeys (ConfUtils.java:logGet(46)) - raft.server.watch.timeout.denomination = 1s (default)
2023-05-12 15:35:07,743 [274a318d-4208-4a56-b0aa-605c6427dbd2@group-F84CA255ECCB-LeaderElection8] INFO  server.RaftServerConfigKeys (ConfUtils.java:logGet(46)) - raft.server.watch.element-limit = 65536 (default)
2023-05-12 15:35:07,743 [274a318d-4208-4a56-b0aa-605c6427dbd2@group-F84CA255ECCB-LeaderElection8] INFO  server.RaftServerConfigKeys (ConfUtils.java:logGet(46)) - raft.server.write.element-limit = 1024 (custom)
2023-05-12 15:35:07,743 [274a318d-4208-4a56-b0aa-605c6427dbd2@group-F84CA255ECCB-LeaderElection8] INFO  server.RaftServerConfigKeys (ConfUtils.java:logGet(46)) - raft.server.write.follower.gap.ratio.max = -1.0 (default)
2023-05-12 15:35:07,743 [274a318d-4208-4a56-b0aa-605c6427dbd2@group-F84CA255ECCB-LeaderElection8] INFO  impl.RoleInfo (RoleInfo.java:updateAndGet(139)) - 274a318d-4208-4a56-b0aa-605c6427dbd2: start 274a318d-4208-4a56-b0aa-605c6427dbd2@group-F84CA255ECCB-LeaderStateImpl
2023-05-12 15:35:07,744 [274a318d-4208-4a56-b0aa-605c6427dbd2@group-F84CA255ECCB-LeaderElection8] INFO  segmented.SegmentedRaftLogWorker (SegmentedRaftLogWorker.java:startLogSegment(447)) - 274a318d-4208-4a56-b0aa-605c6427dbd2@group-F84CA255ECCB-SegmentedRaftLogWorker: Starting segment from index:0
2023-05-12 15:35:07,746 [274a318d-4208-4a56-b0aa-605c6427dbd2@group-F84CA255ECCB-SegmentedRaftLogWorker] INFO  segmented.SegmentedRaftLogWorker (SegmentedRaftLogWorker.java:execute(651)) - 274a318d-4208-4a56-b0aa-605c6427dbd2@group-F84CA255ECCB-SegmentedRaftLogWorker: created new log segment /home/runner/work/ozone/ozone/hadoop-ozone/integration-test/target/test-dir/MiniOzoneClusterImpl-bfe86ff0-f9fb-433f-aae2-64a5a95eec81/datanode-2/data/ratis/b800ffd7-0404-46c2-938f-f84ca255eccb/current/log_inprogress_0
2023-05-12 15:35:07,754 [274a318d-4208-4a56-b0aa-605c6427dbd2@group-F84CA255ECCB-LeaderElection8] INFO  server.RaftServer$Division (ServerState.java:setRaftConf(434)) - 274a318d-4208-4a56-b0aa-605c6427dbd2@group-F84CA255ECCB: set configuration 0: peers:[274a318d-4208-4a56-b0aa-605c6427dbd2|rpc:10.1.0.53:15037|admin:10.1.0.53:15036|client:10.1.0.53:15035|dataStream:10.1.0.53:15038|priority:1|startupRole:FOLLOWER]|listeners:[], old=null
2023-05-12 15:35:08,267 [Listener at 127.0.0.1/15012] INFO  ozone.MiniOzoneHAClusterImpl (MiniOzoneHAClusterImpl.java:shutdownOzoneManager(229)) - Shutting down OzoneManager omNode-1
2023-05-12 15:35:08,267 [Listener at 127.0.0.1/15012] INFO  om.OzoneManager (OzoneManager.java:stop(2196)) - omNode-1[localhost:15004]: Stopping Ozone Manager
2023-05-12 15:35:08,268 [Listener at 127.0.0.1/15012] INFO  ipc.Server (Server.java:stop(3501)) - Stopping server on 15004
2023-05-12 15:35:08,272 [IPC Server listener on 15004] INFO  ipc.Server (Server.java:run(1430)) - Stopping IPC Server listener on 15004
2023-05-12 15:35:08,273 [IPC Server Responder] INFO  ipc.Server (Server.java:run(1563)) - Stopping IPC Server Responder
2023-05-12 15:35:08,277 [Listener at 127.0.0.1/15012] INFO  server.RaftServer (RaftServerProxy.java:lambda$close$6(416)) - omNode-1: close
2023-05-12 15:35:08,278 [Listener at 127.0.0.1/15012] INFO  server.GrpcService (GrpcService.java:closeImpl(311)) - omNode-1: shutdown server GrpcServerProtocolService now
2023-05-12 15:35:08,278 [omNode-1-impl-thread1] INFO  server.RaftServer$Division (RaftServerImpl.java:lambda$close$4(466)) - omNode-1@group-523986131536: shutdown
2023-05-12 15:35:08,278 [omNode-1-impl-thread1] INFO  util.JmxRegister (JmxRegister.java:unregister(73)) - Successfully un-registered JMX Bean with object name Ratis:service=RaftServer,group=group-523986131536,id=omNode-1
2023-05-12 15:35:08,278 [omNode-1-impl-thread1] INFO  impl.RoleInfo (RoleInfo.java:shutdownLeaderState(93)) - omNode-1: shutdown omNode-1@group-523986131536-LeaderStateImpl
2023-05-12 15:35:08,279 [omNode-1@group-523986131536->omNode-3-GrpcLogAppender-LogAppenderDaemon] WARN  server.GrpcLogAppender (GrpcLogAppender.java:mayWait(199)) - omNode-1@group-523986131536->omNode-3-GrpcLogAppender: Wait interrupted by java.lang.InterruptedException
2023-05-12 15:35:08,279 [omNode-1-impl-thread1] INFO  impl.PendingRequests (PendingRequests.java:sendNotLeaderResponses(289)) - omNode-1@group-523986131536-PendingRequests: sendNotLeaderResponses
2023-05-12 15:35:08,280 [omNode-1@group-523986131536->omNode-2-GrpcLogAppender-LogAppenderDaemon] WARN  server.GrpcLogAppender (GrpcLogAppender.java:mayWait(199)) - omNode-1@group-523986131536->omNode-2-GrpcLogAppender: Wait interrupted by java.lang.InterruptedException
2023-05-12 15:35:08,282 [grpc-default-executor-3] INFO  server.GrpcServerProtocolService (GrpcServerProtocolService.java:onCompleted(155)) - omNode-3: Completed APPEND_ENTRIES, lastRequest: omNode-1->omNode-3#13-t1,previous=(t:0, i:0),leaderCommit=0,initializing? true,entries: size=1, first=(t:1, i:0), CONFIGURATIONENTRY(current:id: "omNode-3"
address: "localhost:15015"
startupRole: FOLLOWER
,id: "omNode-1"
address: "localhost:15007"
startupRole: FOLLOWER
,id: "omNode-2"
address: "localhost:15011"
startupRole: FOLLOWER
, old:)
2023-05-12 15:35:08,282 [omNode-1@group-523986131536-StateMachineUpdater] INFO  ratis.OzoneManagerStateMachine (OzoneManagerStateMachine.java:takeSnapshot(479)) - Current Snapshot Index (t:1, i:0)
2023-05-12 15:35:08,282 [grpc-default-executor-3] INFO  server.GrpcServerProtocolService (GrpcServerProtocolService.java:lambda$onCompleted$5(157)) - omNode-3: Completed APPEND_ENTRIES, lastReply: null
2023-05-12 15:35:08,283 [grpc-default-executor-3] INFO  server.GrpcServerProtocolService (GrpcServerProtocolService.java:onCompleted(155)) - omNode-3: Completed APPEND_ENTRIES, lastRequest: null
2023-05-12 15:35:08,283 [grpc-default-executor-1] INFO  server.GrpcLogAppender (GrpcLogAppender.java:onCompleted(428)) - omNode-1@group-523986131536->omNode-3-AppendLogResponseHandler: follower responses appendEntries COMPLETED
2023-05-12 15:35:08,284 [grpc-default-executor-1] INFO  leader.FollowerInfo (FollowerInfoImpl.java:lambda$new$0(52)) - omNode-1@group-523986131536->omNode-3: decreaseNextIndex nextIndex: updateUnconditionally 1 -> 0
2023-05-12 15:35:08,284 [omNode-1-impl-thread1] INFO  impl.StateMachineUpdater (StateMachineUpdater.java:stopAndJoin(155)) - omNode-1@group-523986131536-StateMachineUpdater: set stopIndex = 0
2023-05-12 15:35:08,282 [grpc-default-executor-9] INFO  server.GrpcServerProtocolService (GrpcServerProtocolService.java:onCompleted(155)) - omNode-2: Completed APPEND_ENTRIES, lastRequest: null
2023-05-12 15:35:08,283 [grpc-default-executor-6] INFO  server.GrpcServerProtocolService (GrpcServerProtocolService.java:onCompleted(155)) - omNode-2: Completed APPEND_ENTRIES, lastRequest: omNode-1->omNode-2#1-t1,previous=(t:0, i:0),leaderCommit=-1,initializing? true,entries: size=1, first=(t:1, i:0), CONFIGURATIONENTRY(current:id: "omNode-3"
address: "localhost:15015"
startupRole: FOLLOWER
,id: "omNode-1"
address: "localhost:15007"
startupRole: FOLLOWER
,id: "omNode-2"
address: "localhost:15011"
startupRole: FOLLOWER
, old:)
2023-05-12 15:35:08,286 [grpc-default-executor-6] INFO  server.GrpcServerProtocolService (GrpcServerProtocolService.java:lambda$onCompleted$5(157)) - omNode-2: Completed APPEND_ENTRIES, lastReply: null
2023-05-12 15:35:08,287 [grpc-default-executor-3] INFO  server.GrpcServerProtocolService (GrpcServerProtocolService.java:lambda$onCompleted$5(157)) - omNode-3: Completed APPEND_ENTRIES, lastReply: serverReply {
  requestorId: "omNode-1"
  replyId: "omNode-3"
  raftGroupId {
    id: "\311\274L\364;\303<`\246kR9\206\023\0256"
  }
  callId: 40
  success: true
}
term: 1
nextIndex: 1
matchIndex: 18446744073709551615
isHearbeat: true

2023-05-12 15:35:08,289 [omNode-3@group-523986131536-FollowerState] INFO  server.RaftServerConfigKeys (ConfUtils.java:logFallback(53)) - raft.server.rpc.first-election.timeout.min = 1s (fallback to raft.server.rpc.timeout.min)
2023-05-12 15:35:08,289 [omNode-3@group-523986131536-FollowerState] INFO  server.RaftServerConfigKeys (ConfUtils.java:logFallback(53)) - raft.server.rpc.first-election.timeout.max = 1200ms (fallback to raft.server.rpc.timeout.max)
2023-05-12 15:35:08,290 [grpc-default-executor-9] INFO  server.GrpcServerProtocolService (GrpcServerProtocolService.java:lambda$onCompleted$5(157)) - omNode-2: Completed APPEND_ENTRIES, lastReply: serverReply {
  requestorId: "omNode-1"
  replyId: "omNode-2"
  raftGroupId {
    id: "\311\274L\364;\303<`\246kR9\206\023\0256"
  }
  callId: 34
  success: true
}
term: 1
nextIndex: 1
matchIndex: 18446744073709551615
isHearbeat: true

2023-05-12 15:35:08,290 [grpc-default-executor-1] INFO  server.GrpcLogAppender (GrpcLogAppender.java:onCompleted(428)) - omNode-1@group-523986131536->omNode-3-AppendLogResponseHandler: follower responses appendEntries COMPLETED
2023-05-12 15:35:08,290 [grpc-default-executor-6] INFO  server.GrpcLogAppender (GrpcLogAppender.java:onCompleted(428)) - omNode-1@group-523986131536->omNode-2-AppendLogResponseHandler: follower responses appendEntries COMPLETED
2023-05-12 15:35:08,290 [grpc-default-executor-6] INFO  leader.FollowerInfo (FollowerInfoImpl.java:lambda$new$0(52)) - omNode-1@group-523986131536->omNode-2: decreaseNextIndex nextIndex: updateUnconditionally 1 -> 0
2023-05-12 15:35:08,295 [grpc-default-executor-6] INFO  server.GrpcLogAppender (GrpcLogAppender.java:onCompleted(428)) - omNode-1@group-523986131536->omNode-2-AppendLogResponseHandler: follower responses appendEntries COMPLETED
2023-05-12 15:35:08,298 [Thread-429] INFO  server.GrpcServerProtocolClient (GrpcServerProtocolClient.java:close(103)) - omNode-3 Close channels
2023-05-12 15:35:08,305 [Thread-431] INFO  server.GrpcServerProtocolClient (GrpcServerProtocolClient.java:close(103)) - omNode-2 Close channels
2023-05-12 15:35:08,316 [omNode-1@group-523986131536-StateMachineUpdater] INFO  impl.StateMachineUpdater (StateMachineUpdater.java:takeSnapshot(291)) - omNode-1@group-523986131536-StateMachineUpdater: Took a snapshot at index 0
2023-05-12 15:35:08,317 [omNode-1@group-523986131536-StateMachineUpdater] INFO  impl.StateMachineUpdater (StateMachineUpdater.java:lambda$new$0(97)) - omNode-1@group-523986131536-StateMachineUpdater: snapshotIndex: updateIncreasingly -1 -> 0
2023-05-12 15:35:08,317 [omNode-1@group-523986131536-StateMachineUpdater] INFO  ratis.OzoneManagerStateMachine (OzoneManagerStateMachine.java:close(533)) - StateMachine has shutdown. Shutdown OzoneManager if not already shutdown.
2023-05-12 15:35:08,317 [omNode-1@group-523986131536-StateMachineUpdater] INFO  ratis.OzoneManagerDoubleBuffer (OzoneManagerDoubleBuffer.java:stopDaemon(559)) - Stopping OMDoubleBuffer flush thread
2023-05-12 15:35:08,317 [OMDoubleBufferFlushThread] INFO  ratis.OzoneManagerDoubleBuffer (OzoneManagerDoubleBuffer.java:canFlush(648)) - OMDoubleBuffer flush thread OMDoubleBufferFlushThread is interrupted and will exit.
2023-05-12 15:35:08,319 [omNode-1-impl-thread1] INFO  server.RaftServer$Division (ServerState.java:close(472)) - omNode-1@group-523986131536: closes. applyIndex: 0
2023-05-12 15:35:09,108 [omNode-2@group-523986131536-FollowerState] INFO  impl.FollowerState (FollowerState.java:run(143)) - omNode-2@group-523986131536-FollowerState: change to CANDIDATE, lastRpcElapsedTime:1252682777ns, electionTimeout:1003ms
2023-05-12 15:35:09,108 [omNode-2@group-523986131536-FollowerState] INFO  impl.RoleInfo (RoleInfo.java:shutdownFollowerState(110)) - omNode-2: shutdown omNode-2@group-523986131536-FollowerState
2023-05-12 15:35:09,108 [omNode-2@group-523986131536-FollowerState] INFO  server.RaftServer$Division (RaftServerImpl.java:setRole(329)) - omNode-2@group-523986131536: changes role from  FOLLOWER to CANDIDATE at term 1 for changeToCandidate
2023-05-12 15:35:09,108 [omNode-2@group-523986131536-FollowerState] INFO  server.RaftServerConfigKeys (ConfUtils.java:logGet(46)) - raft.server.leaderelection.pre-vote = true (default)
2023-05-12 15:35:09,108 [omNode-2@group-523986131536-FollowerState] INFO  impl.RoleInfo (RoleInfo.java:updateAndGet(139)) - omNode-2: start omNode-2@group-523986131536-LeaderElection9
2023-05-12 15:35:09,110 [omNode-2@group-523986131536-LeaderElection9] INFO  server.RaftServer$Division (ServerState.java:setLeader(317)) - omNode-2@group-523986131536: change Leader from omNode-1 to null at term 1 for PRE_VOTE
2023-05-12 15:35:09,110 [omNode-2@group-523986131536-LeaderElection9] INFO  impl.LeaderElection (LeaderElection.java:askForVotes(321)) - omNode-2@group-523986131536-LeaderElection9 PRE_VOTE round 0: submit vote requests at term 1 for 0: peers:[omNode-3|rpc:localhost:15015|admin:|client:|dataStream:|priority:0|startupRole:FOLLOWER, omNode-1|rpc:localhost:15007|admin:|client:|dataStream:|priority:0|startupRole:FOLLOWER, omNode-2|rpc:localhost:15011|admin:|client:|dataStream:|priority:0|startupRole:FOLLOWER]|listeners:[], old=null
2023-05-12 15:35:09,111 [omNode-2@group-523986131536-LeaderElection9-2] INFO  server.GrpcServerProtocolClient (GrpcServerProtocolClient.java:<init>(65)) - Build channel for omNode-1
2023-05-12 15:35:09,112 [omNode-2@group-523986131536-LeaderElection9-1] INFO  server.GrpcServerProtocolClient (GrpcServerProtocolClient.java:<init>(65)) - Build channel for omNode-3
2023-05-12 15:35:09,126 [grpc-default-executor-6] INFO  server.RaftServer$Division (RaftServerImpl.java:requestVote(1302)) - omNode-3@group-523986131536: receive requestVote(PRE_VOTE, omNode-2, group-523986131536, 1, (t:1, i:0))
2023-05-12 15:35:09,127 [grpc-default-executor-6] INFO  impl.VoteContext (VoteContext.java:log(49)) - omNode-3@group-523986131536-FOLLOWER: accept PRE_VOTE from omNode-2: our priority 0 <= candidate's priority 0
2023-05-12 15:35:09,127 [grpc-default-executor-6] INFO  server.RaftServer$Division (RaftServerImpl.java:requestVote(1335)) - omNode-3@group-523986131536 replies to PRE_VOTE vote request: omNode-2<-omNode-3#0:OK-t1. Peer's state: omNode-3@group-523986131536:t1, leader=omNode-1, voted=null, raftlog=Memoized:omNode-3@group-523986131536-SegmentedRaftLog:OPENED:c0, conf=0: peers:[omNode-3|rpc:localhost:15015|admin:|client:|dataStream:|priority:0|startupRole:FOLLOWER, omNode-1|rpc:localhost:15007|admin:|client:|dataStream:|priority:0|startupRole:FOLLOWER, omNode-2|rpc:localhost:15011|admin:|client:|dataStream:|priority:0|startupRole:FOLLOWER]|listeners:[], old=null
2023-05-12 15:35:09,128 [omNode-2@group-523986131536-LeaderElection9] INFO  impl.LeaderElection (LeaderElection.java:logAndReturn(90)) - omNode-2@group-523986131536-LeaderElection9: PRE_VOTE PASSED received 1 response(s) and 0 exception(s):
2023-05-12 15:35:09,128 [omNode-2@group-523986131536-LeaderElection9] INFO  impl.LeaderElection (LeaderElection.java:logAndReturn(94)) -   Response 0: omNode-2<-omNode-3#0:OK-t1
2023-05-12 15:35:09,129 [omNode-2@group-523986131536-LeaderElection9] INFO  impl.LeaderElection (LeaderElection.java:askForVotes(323)) - omNode-2@group-523986131536-LeaderElection9 PRE_VOTE round 0: result PASSED
2023-05-12 15:35:09,130 [omNode-2@group-523986131536-LeaderElection9] INFO  impl.LeaderElection (LeaderElection.java:askForVotes(321)) - omNode-2@group-523986131536-LeaderElection9 ELECTION round 0: submit vote requests at term 2 for 0: peers:[omNode-3|rpc:localhost:15015|admin:|client:|dataStream:|priority:0|startupRole:FOLLOWER, omNode-1|rpc:localhost:15007|admin:|client:|dataStream:|priority:0|startupRole:FOLLOWER, omNode-2|rpc:localhost:15011|admin:|client:|dataStream:|priority:0|startupRole:FOLLOWER]|listeners:[], old=null
2023-05-12 15:35:09,131 [omNode-2@group-523986131536-LeaderElection9] INFO  impl.LeaderElection (LogUtils.java:infoOrTrace(137)) - omNode-2@group-523986131536-LeaderElection9 got exception when requesting votes: java.util.concurrent.ExecutionException: org.apache.ratis.thirdparty.io.grpc.StatusRuntimeException: UNAVAILABLE: io exception
2023-05-12 15:35:09,132 [grpc-default-executor-6] INFO  server.RaftServer$Division (RaftServerImpl.java:requestVote(1302)) - omNode-3@group-523986131536: receive requestVote(ELECTION, omNode-2, group-523986131536, 2, (t:1, i:0))
2023-05-12 15:35:09,133 [grpc-default-executor-6] INFO  impl.VoteContext (VoteContext.java:log(49)) - omNode-3@group-523986131536-FOLLOWER: accept ELECTION from omNode-2: our priority 0 <= candidate's priority 0
2023-05-12 15:35:09,133 [grpc-default-executor-6] INFO  server.RaftServer$Division (ServerState.java:setLeader(317)) - omNode-3@group-523986131536: change Leader from omNode-1 to null at term 2 for updateCurrentTerm
2023-05-12 15:35:09,133 [grpc-default-executor-6] INFO  server.RaftServer$Division (RaftServerImpl.java:setRole(329)) - omNode-3@group-523986131536: changes role from  FOLLOWER to FOLLOWER at term 2 for candidate:omNode-2
2023-05-12 15:35:09,133 [grpc-default-executor-6] INFO  impl.RoleInfo (RoleInfo.java:shutdownFollowerState(110)) - omNode-3: shutdown omNode-3@group-523986131536-FollowerState
2023-05-12 15:35:09,133 [grpc-default-executor-6] INFO  impl.RoleInfo (RoleInfo.java:updateAndGet(139)) - omNode-3: start omNode-3@group-523986131536-FollowerState
2023-05-12 15:35:09,133 [omNode-3@group-523986131536-FollowerState] INFO  impl.FollowerState (FollowerState.java:run(152)) - omNode-3@group-523986131536-FollowerState was interrupted
2023-05-12 15:35:09,134 [grpc-default-executor-6] INFO  server.RaftServer$Division (RaftServerImpl.java:requestVote(1335)) - omNode-3@group-523986131536 replies to ELECTION vote request: omNode-2<-omNode-3#0:OK-t2. Peer's state: omNode-3@group-523986131536:t2, leader=null, voted=omNode-2, raftlog=Memoized:omNode-3@group-523986131536-SegmentedRaftLog:OPENED:c0, conf=0: peers:[omNode-3|rpc:localhost:15015|admin:|client:|dataStream:|priority:0|startupRole:FOLLOWER, omNode-1|rpc:localhost:15007|admin:|client:|dataStream:|priority:0|startupRole:FOLLOWER, omNode-2|rpc:localhost:15011|admin:|client:|dataStream:|priority:0|startupRole:FOLLOWER]|listeners:[], old=null
2023-05-12 15:35:09,135 [omNode-2@group-523986131536-LeaderElection9] INFO  impl.LeaderElection (LeaderElection.java:logAndReturn(90)) - omNode-2@group-523986131536-LeaderElection9: ELECTION PASSED received 1 response(s) and 1 exception(s):
2023-05-12 15:35:09,135 [omNode-2@group-523986131536-LeaderElection9] INFO  impl.LeaderElection (LeaderElection.java:logAndReturn(94)) -   Response 0: omNode-2<-omNode-3#0:OK-t2
2023-05-12 15:35:09,135 [omNode-2@group-523986131536-LeaderElection9] INFO  impl.LeaderElection (LogUtils.java:infoOrTrace(137)) -   Exception 1: java.util.concurrent.ExecutionException: org.apache.ratis.thirdparty.io.grpc.StatusRuntimeException: UNAVAILABLE: io exception
2023-05-12 15:35:09,135 [omNode-2@group-523986131536-LeaderElection9] INFO  impl.LeaderElection (LeaderElection.java:askForVotes(323)) - omNode-2@group-523986131536-LeaderElection9 ELECTION round 0: result PASSED
2023-05-12 15:35:09,135 [omNode-2@group-523986131536-LeaderElection9] INFO  impl.RoleInfo (RoleInfo.java:shutdownLeaderElection(130)) - omNode-2: shutdown omNode-2@group-523986131536-LeaderElection9
2023-05-12 15:35:09,136 [omNode-2@group-523986131536-LeaderElection9] INFO  server.RaftServer$Division (RaftServerImpl.java:setRole(329)) - omNode-2@group-523986131536: changes role from CANDIDATE to LEADER at term 2 for changeToLeader
2023-05-12 15:35:09,136 [omNode-2@group-523986131536-LeaderElection9] INFO  server.RaftServer$Division (ServerState.java:setLeader(317)) - omNode-2@group-523986131536: change Leader from null to omNode-2 at term 2 for becomeLeader, leader elected after 25ms
2023-05-12 15:35:09,136 [omNode-2@group-523986131536-LeaderElection9] INFO  server.RaftServerConfigKeys (ConfUtils.java:logGet(46)) - raft.server.staging.catchup.gap = 1000 (default)
2023-05-12 15:35:09,137 [omNode-2@group-523986131536-LeaderElection9] INFO  server.RaftServerConfigKeys (ConfUtils.java:logGet(46)) - raft.server.write.element-limit = 4096 (default)
2023-05-12 15:35:09,137 [omNode-2@group-523986131536-LeaderElection9] INFO  server.RaftServerConfigKeys (ConfUtils.java:logGet(46)) - raft.server.write.byte-limit = 64MB (=67108864) (default)
2023-05-12 15:35:09,137 [omNode-2@group-523986131536-LeaderElection9] INFO  server.RaftServerConfigKeys (ConfUtils.java:logGet(46)) - raft.server.watch.timeout = 10s (default)
2023-05-12 15:35:09,137 [omNode-2@group-523986131536-LeaderElection9] INFO  server.RaftServerConfigKeys (ConfUtils.java:logGet(46)) - raft.server.watch.timeout.denomination = 1s (default)
2023-05-12 15:35:09,137 [omNode-2@group-523986131536-LeaderElection9] INFO  server.RaftServerConfigKeys (ConfUtils.java:logGet(46)) - raft.server.watch.element-limit = 65536 (default)
2023-05-12 15:35:09,137 [omNode-2@group-523986131536-LeaderElection9] INFO  server.RaftServerConfigKeys (ConfUtils.java:logGet(46)) - raft.server.write.element-limit = 4096 (default)
2023-05-12 15:35:09,137 [omNode-2@group-523986131536-LeaderElection9] INFO  server.RaftServerConfigKeys (ConfUtils.java:logGet(46)) - raft.server.write.follower.gap.ratio.max = -1.0 (default)
2023-05-12 15:35:09,138 [omNode-2@group-523986131536-LeaderElection9] INFO  server.RaftServerConfigKeys (ConfUtils.java:logGet(46)) - raft.server.log.appender.snapshot.chunk.size.max = 16MB (=16777216) (default)
2023-05-12 15:35:09,138 [omNode-2@group-523986131536-LeaderElection9] INFO  server.RaftServerConfigKeys (ConfUtils.java:logGet(46)) - raft.server.log.appender.buffer.byte-limit = 33554432 (custom)
2023-05-12 15:35:09,138 [omNode-2@group-523986131536-LeaderElection9] INFO  server.RaftServerConfigKeys (ConfUtils.java:logGet(46)) - raft.server.log.appender.buffer.element-limit = 1024 (custom)
2023-05-12 15:35:09,138 [omNode-2@group-523986131536-LeaderElection9] INFO  server.RaftServerConfigKeys (ConfUtils.java:logGet(46)) - raft.server.log.appender.wait-time.min = 10ms (default)
2023-05-12 15:35:09,138 [omNode-2@group-523986131536-LeaderElection9] INFO  grpc.GrpcConfigKeys (ConfUtils.java:logGet(46)) - raft.grpc.server.leader.outstanding.appends.max = 128 (default)
2023-05-12 15:35:09,138 [omNode-2@group-523986131536-LeaderElection9] INFO  server.RaftServerConfigKeys (ConfUtils.java:logGet(46)) - raft.server.rpc.request.timeout = 3000ms (default)
2023-05-12 15:35:09,138 [omNode-2@group-523986131536-LeaderElection9] INFO  grpc.GrpcConfigKeys (ConfUtils.java:logGet(46)) - raft.grpc.server.install_snapshot.request.element-limit = 8 (default)
2023-05-12 15:35:09,138 [omNode-2@group-523986131536-LeaderElection9] INFO  grpc.GrpcConfigKeys (ConfUtils.java:logGet(46)) - raft.grpc.server.install_snapshot.request.timeout = 3000ms (default)
2023-05-12 15:35:09,138 [omNode-2@group-523986131536-LeaderElection9] INFO  server.RaftServerConfigKeys (ConfUtils.java:logGet(46)) - raft.server.log.appender.install.snapshot.enabled = false (custom)
2023-05-12 15:35:09,138 [omNode-2@group-523986131536-LeaderElection9] INFO  grpc.GrpcConfigKeys (ConfUtils.java:logGet(46)) - raft.grpc.server.heartbeat.channel = true (default)
2023-05-12 15:35:09,139 [omNode-2@group-523986131536-LeaderElection9] INFO  server.RaftServerConfigKeys (ConfUtils.java:logGet(46)) - raft.server.log.appender.snapshot.chunk.size.max = 16MB (=16777216) (default)
2023-05-12 15:35:09,139 [omNode-2@group-523986131536-LeaderElection9] INFO  server.RaftServerConfigKeys (ConfUtils.java:logGet(46)) - raft.server.log.appender.buffer.byte-limit = 33554432 (custom)
2023-05-12 15:35:09,139 [omNode-2@group-523986131536-LeaderElection9] INFO  server.RaftServerConfigKeys (ConfUtils.java:logGet(46)) - raft.server.log.appender.buffer.element-limit = 1024 (custom)
2023-05-12 15:35:09,139 [omNode-2@group-523986131536-LeaderElection9] INFO  server.RaftServerConfigKeys (ConfUtils.java:logGet(46)) - raft.server.log.appender.wait-time.min = 10ms (default)
2023-05-12 15:35:09,139 [omNode-2@group-523986131536-LeaderElection9] INFO  grpc.GrpcConfigKeys (ConfUtils.java:logGet(46)) - raft.grpc.server.leader.outstanding.appends.max = 128 (default)
2023-05-12 15:35:09,139 [omNode-2@group-523986131536-LeaderElection9] INFO  server.RaftServerConfigKeys (ConfUtils.java:logGet(46)) - raft.server.rpc.request.timeout = 3000ms (default)
2023-05-12 15:35:09,139 [omNode-2@group-523986131536-LeaderElection9] INFO  grpc.GrpcConfigKeys (ConfUtils.java:logGet(46)) - raft.grpc.server.install_snapshot.request.element-limit = 8 (default)
2023-05-12 15:35:09,139 [omNode-2@group-523986131536-LeaderElection9] INFO  grpc.GrpcConfigKeys (ConfUtils.java:logGet(46)) - raft.grpc.server.install_snapshot.request.timeout = 3000ms (default)
2023-05-12 15:35:09,139 [omNode-2@group-523986131536-LeaderElection9] INFO  server.RaftServerConfigKeys (ConfUtils.java:logGet(46)) - raft.server.log.appender.install.snapshot.enabled = false (custom)
2023-05-12 15:35:09,139 [omNode-2@group-523986131536-LeaderElection9] INFO  grpc.GrpcConfigKeys (ConfUtils.java:logGet(46)) - raft.grpc.server.heartbeat.channel = true (default)
2023-05-12 15:35:09,139 [omNode-2@group-523986131536-LeaderElection9] INFO  impl.RoleInfo (RoleInfo.java:updateAndGet(139)) - omNode-2: start omNode-2@group-523986131536-LeaderStateImpl
2023-05-12 15:35:09,140 [omNode-2@group-523986131536-LeaderElection9] INFO  segmented.SegmentedRaftLogWorker (SegmentedRaftLogWorker.java:rollLogSegment(452)) - omNode-2@group-523986131536-SegmentedRaftLogWorker: Rolling segment log-0_0 to index:0
2023-05-12 15:35:09,142 [omNode-2@group-523986131536-SegmentedRaftLogWorker] INFO  segmented.SegmentedRaftLogWorker (SegmentedRaftLogWorker.java:execute(608)) - omNode-2@group-523986131536-SegmentedRaftLogWorker: Rolled log segment from /home/runner/work/ozone/ozone/hadoop-ozone/integration-test/target/test-dir/MiniOzoneClusterImpl-bfe86ff0-f9fb-433f-aae2-64a5a95eec81/omNode-2/ratis/c9bc4cf4-3bc3-3c60-a66b-523986131536/current/log_inprogress_0 to /home/runner/work/ozone/ozone/hadoop-ozone/integration-test/target/test-dir/MiniOzoneClusterImpl-bfe86ff0-f9fb-433f-aae2-64a5a95eec81/omNode-2/ratis/c9bc4cf4-3bc3-3c60-a66b-523986131536/current/log_0-0
2023-05-12 15:35:09,149 [omNode-2@group-523986131536-LeaderElection9] INFO  server.RaftServer$Division (ServerState.java:setRaftConf(434)) - omNode-2@group-523986131536: set configuration 1: peers:[omNode-3|rpc:localhost:15015|admin:|client:|dataStream:|priority:0|startupRole:FOLLOWER, omNode-1|rpc:localhost:15007|admin:|client:|dataStream:|priority:0|startupRole:FOLLOWER, omNode-2|rpc:localhost:15011|admin:|client:|dataStream:|priority:0|startupRole:FOLLOWER]|listeners:[], old=null
2023-05-12 15:35:09,154 [omNode-2@group-523986131536-SegmentedRaftLogWorker] INFO  segmented.SegmentedRaftLogWorker (SegmentedRaftLogWorker.java:execute(651)) - omNode-2@group-523986131536-SegmentedRaftLogWorker: created new log segment /home/runner/work/ozone/ozone/hadoop-ozone/integration-test/target/test-dir/MiniOzoneClusterImpl-bfe86ff0-f9fb-433f-aae2-64a5a95eec81/omNode-2/ratis/c9bc4cf4-3bc3-3c60-a66b-523986131536/current/log_inprogress_1
2023-05-12 15:35:09,155 [grpc-default-executor-6] WARN  server.GrpcLogAppender (LogUtils.java:warn(122)) - omNode-2@group-523986131536->omNode-1-AppendLogResponseHandler: Failed appendEntries: org.apache.ratis.thirdparty.io.grpc.StatusRuntimeException: UNAVAILABLE: io exception
2023-05-12 15:35:09,156 [grpc-default-executor-6] INFO  leader.FollowerInfo (FollowerInfoImpl.java:lambda$new$0(52)) - omNode-2@group-523986131536->omNode-1: decreaseNextIndex nextIndex: updateUnconditionally 1 -> 0
2023-05-12 15:35:09,161 [grpc-default-executor-8] WARN  server.GrpcLogAppender (LogUtils.java:warn(122)) - omNode-2@group-523986131536->omNode-1-AppendLogResponseHandler: Failed appendEntries: org.apache.ratis.thirdparty.io.grpc.StatusRuntimeException: UNAVAILABLE: io exception
2023-05-12 15:35:09,161 [omNode-3-server-thread1] INFO  server.RaftServer$Division (ServerState.java:setLeader(317)) - omNode-3@group-523986131536: change Leader from null to omNode-2 at term 2 for appendEntries, leader elected after 26ms
2023-05-12 15:35:09,162 [grpc-default-executor-6] WARN  server.GrpcLogAppender (LogUtils.java:warn(122)) - omNode-2@group-523986131536->omNode-1-AppendLogResponseHandler: Failed appendEntries: org.apache.ratis.thirdparty.io.grpc.StatusRuntimeException: UNAVAILABLE: io exception
2023-05-12 15:35:09,163 [grpc-default-executor-9] WARN  server.GrpcLogAppender (LogUtils.java:warn(122)) - omNode-2@group-523986131536->omNode-1-AppendLogResponseHandler: Failed appendEntries: org.apache.ratis.thirdparty.io.grpc.StatusRuntimeException: UNAVAILABLE: io exception
2023-05-12 15:35:09,164 [omNode-3-server-thread2] INFO  server.RaftServer$Division (ServerState.java:setRaftConf(434)) - omNode-3@group-523986131536: set configuration 1: peers:[omNode-3|rpc:localhost:15015|admin:|client:|dataStream:|priority:0|startupRole:FOLLOWER, omNode-1|rpc:localhost:15007|admin:|client:|dataStream:|priority:0|startupRole:FOLLOWER, omNode-2|rpc:localhost:15011|admin:|client:|dataStream:|priority:0|startupRole:FOLLOWER]|listeners:[], old=null
2023-05-12 15:35:09,164 [omNode-3-server-thread2] INFO  segmented.SegmentedRaftLogWorker (SegmentedRaftLogWorker.java:rollLogSegment(452)) - omNode-3@group-523986131536-SegmentedRaftLogWorker: Rolling segment log-0_0 to index:0
2023-05-12 15:35:09,165 [omNode-3@group-523986131536-SegmentedRaftLogWorker] INFO  segmented.SegmentedRaftLogWorker (SegmentedRaftLogWorker.java:execute(608)) - omNode-3@group-523986131536-SegmentedRaftLogWorker: Rolled log segment from /home/runner/work/ozone/ozone/hadoop-ozone/integration-test/target/test-dir/MiniOzoneClusterImpl-bfe86ff0-f9fb-433f-aae2-64a5a95eec81/omNode-3/ratis/c9bc4cf4-3bc3-3c60-a66b-523986131536/current/log_inprogress_0 to /home/runner/work/ozone/ozone/hadoop-ozone/integration-test/target/test-dir/MiniOzoneClusterImpl-bfe86ff0-f9fb-433f-aae2-64a5a95eec81/omNode-3/ratis/c9bc4cf4-3bc3-3c60-a66b-523986131536/current/log_0-0
2023-05-12 15:35:09,170 [grpc-default-executor-9] WARN  server.GrpcLogAppender (LogUtils.java:warn(122)) - omNode-2@group-523986131536->omNode-1-AppendLogResponseHandler: Failed appendEntries: org.apache.ratis.thirdparty.io.grpc.StatusRuntimeException: UNAVAILABLE: io exception
2023-05-12 15:35:09,170 [grpc-default-executor-6] WARN  server.GrpcLogAppender (LogUtils.java:warn(122)) - omNode-2@group-523986131536->omNode-1-AppendLogResponseHandler: Failed appendEntries: org.apache.ratis.thirdparty.io.grpc.StatusRuntimeException: UNAVAILABLE: io exception
2023-05-12 15:35:09,171 [grpc-default-executor-9] INFO  leader.FollowerInfo (FollowerInfoImpl.java:lambda$new$0(52)) - omNode-2@group-523986131536->omNode-1: decreaseNextIndex nextIndex: updateUnconditionally 2 -> 0
2023-05-12 15:35:09,172 [grpc-default-executor-6] WARN  server.GrpcLogAppender (LogUtils.java:warn(122)) - omNode-2@group-523986131536->omNode-1-AppendLogResponseHandler: Failed appendEntries: org.apache.ratis.thirdparty.io.grpc.StatusRuntimeException: UNAVAILABLE: io exception
2023-05-12 15:35:09,173 [grpc-default-executor-9] WARN  server.GrpcLogAppender (LogUtils.java:warn(122)) - omNode-2@group-523986131536->omNode-1-AppendLogResponseHandler: Failed appendEntries: org.apache.ratis.thirdparty.io.grpc.StatusRuntimeException: UNAVAILABLE: io exception
2023-05-12 15:35:09,173 [grpc-default-executor-6] INFO  leader.FollowerInfo (FollowerInfoImpl.java:lambda$new$0(52)) - omNode-2@group-523986131536->omNode-1: decreaseNextIndex nextIndex: updateUnconditionally 2 -> 0
2023-05-12 15:35:09,175 [grpc-default-executor-9] WARN  server.GrpcLogAppender (LogUtils.java:warn(122)) - omNode-2@group-523986131536->omNode-1-AppendLogResponseHandler: Failed appendEntries: org.apache.ratis.thirdparty.io.grpc.StatusRuntimeException: UNAVAILABLE: io exception
2023-05-12 15:35:09,176 [grpc-default-executor-6] WARN  server.GrpcLogAppender (LogUtils.java:warn(122)) - omNode-2@group-523986131536->omNode-1-AppendLogResponseHandler: Failed appendEntries: org.apache.ratis.thirdparty.io.grpc.StatusRuntimeException: UNAVAILABLE: io exception
2023-05-12 15:35:09,176 [grpc-default-executor-9] INFO  leader.FollowerInfo (FollowerInfoImpl.java:lambda$new$0(52)) - omNode-2@group-523986131536->omNode-1: decreaseNextIndex nextIndex: updateUnconditionally 2 -> 0
2023-05-12 15:35:09,177 [omNode-3@group-523986131536-SegmentedRaftLogWorker] INFO  segmented.SegmentedRaftLogWorker (SegmentedRaftLogWorker.java:execute(651)) - omNode-3@group-523986131536-SegmentedRaftLogWorker: created new log segment /home/runner/work/ozone/ozone/hadoop-ozone/integration-test/target/test-dir/MiniOzoneClusterImpl-bfe86ff0-f9fb-433f-aae2-64a5a95eec81/omNode-3/ratis/c9bc4cf4-3bc3-3c60-a66b-523986131536/current/log_inprogress_1
2023-05-12 15:35:09,186 [omNode-2@group-523986131536-StateMachineUpdater] INFO  ratis.OzoneManagerStateMachine (OzoneManagerStateMachine.java:notifyConfigurationChanged(201)) - Received Configuration change notification from Ratis. New Peer list:
[id: "omNode-3"
address: "localhost:15015"
startupRole: FOLLOWER
, id: "omNode-1"
address: "localhost:15007"
startupRole: FOLLOWER
, id: "omNode-2"
address: "localhost:15011"
startupRole: FOLLOWER
]
2023-05-12 15:35:09,189 [grpc-default-executor-6] WARN  server.GrpcLogAppender (LogUtils.java:warn(122)) - omNode-2@group-523986131536->omNode-1-AppendLogResponseHandler: Failed appendEntries: org.apache.ratis.thirdparty.io.grpc.StatusRuntimeException: UNAVAILABLE: io exception
2023-05-12 15:35:09,189 [grpc-default-executor-9] WARN  server.GrpcLogAppender (LogUtils.java:warn(122)) - omNode-2@group-523986131536->omNode-1-AppendLogResponseHandler: Failed appendEntries: org.apache.ratis.thirdparty.io.grpc.StatusRuntimeException: UNAVAILABLE: io exception
2023-05-12 15:35:09,190 [grpc-default-executor-6] INFO  leader.FollowerInfo (FollowerInfoImpl.java:lambda$new$0(52)) - omNode-2@group-523986131536->omNode-1: decreaseNextIndex nextIndex: updateUnconditionally 2 -> 0
2023-05-12 15:35:09,192 [omNode-3@group-523986131536-StateMachineUpdater] INFO  ratis.OzoneManagerStateMachine (OzoneManagerStateMachine.java:notifyConfigurationChanged(201)) - Received Configuration change notification from Ratis. New Peer list:
[id: "omNode-3"
address: "localhost:15015"
startupRole: FOLLOWER
, id: "omNode-1"
address: "localhost:15007"
startupRole: FOLLOWER
, id: "omNode-2"
address: "localhost:15011"
startupRole: FOLLOWER
]
2023-05-12 15:35:09,194 [grpc-default-executor-6] WARN  server.GrpcLogAppender (LogUtils.java:warn(122)) - omNode-2@group-523986131536->omNode-1-AppendLogResponseHandler: Failed appendEntries: org.apache.ratis.thirdparty.io.grpc.StatusRuntimeException: UNAVAILABLE: io exception
2023-05-12 15:35:09,194 [grpc-default-executor-6] INFO  leader.FollowerInfo (FollowerInfoImpl.java:lambda$new$0(52)) - omNode-2@group-523986131536->omNode-1: decreaseNextIndex nextIndex: updateUnconditionally 3 -> 0
2023-05-12 15:35:09,197 [grpc-default-executor-6] WARN  server.GrpcLogAppender (LogUtils.java:warn(122)) - omNode-2@group-523986131536->omNode-1-AppendLogResponseHandler: Failed appendEntries: org.apache.ratis.thirdparty.io.grpc.StatusRuntimeException: UNAVAILABLE: io exception
2023-05-12 15:35:09,199 [grpc-default-executor-9] WARN  server.GrpcLogAppender (LogUtils.java:warn(122)) - omNode-2@group-523986131536->omNode-1-AppendLogResponseHandler: Failed appendEntries: org.apache.ratis.thirdparty.io.grpc.StatusRuntimeException: UNAVAILABLE: io exception
2023-05-12 15:35:09,199 [grpc-default-executor-9] INFO  leader.FollowerInfo (FollowerInfoImpl.java:lambda$new$0(52)) - omNode-2@group-523986131536->omNode-1: decreaseNextIndex nextIndex: updateUnconditionally 3 -> 0
2023-05-12 15:35:09,201 [grpc-default-executor-9] WARN  server.GrpcLogAppender (LogUtils.java:warn(122)) - omNode-2@group-523986131536->omNode-1-AppendLogResponseHandler: Failed appendEntries: org.apache.ratis.thirdparty.io.grpc.StatusRuntimeException: UNAVAILABLE: io exception
2023-05-12 15:35:09,202 [grpc-default-executor-9] INFO  leader.FollowerInfo (FollowerInfoImpl.java:lambda$new$0(52)) - omNode-2@group-523986131536->omNode-1: decreaseNextIndex nextIndex: updateUnconditionally 3 -> 0
2023-05-12 15:35:09,203 [grpc-default-executor-1] WARN  server.GrpcLogAppender (LogUtils.java:warn(122)) - omNode-2@group-523986131536->omNode-1-AppendLogResponseHandler: Failed appendEntries: org.apache.ratis.thirdparty.io.grpc.StatusRuntimeException: UNAVAILABLE: io exception
2023-05-12 15:35:09,203 [grpc-default-executor-1] WARN  server.GrpcLogAppender (LogUtils.java:warn(122)) - omNode-2@group-523986131536->omNode-1-AppendLogResponseHandler: Failed appendEntries: org.apache.ratis.thirdparty.io.grpc.StatusRuntimeException: UNAVAILABLE: io exception
2023-05-12 15:35:09,215 [omNode-1-impl-thread1] INFO  segmented.SegmentedRaftLogWorker (SegmentedRaftLogWorker.java:close(252)) - omNode-1@group-523986131536-SegmentedRaftLogWorker close()
2023-05-12 15:35:09,407 [grpc-default-executor-1] WARN  server.GrpcLogAppender (LogUtils.java:warn(122)) - omNode-2@group-523986131536->omNode-1-AppendLogResponseHandler: Failed appendEntries: org.apache.ratis.thirdparty.io.grpc.StatusRuntimeException: UNAVAILABLE: io exception
2023-05-12 15:35:09,407 [grpc-default-executor-6] WARN  server.GrpcLogAppender (LogUtils.java:warn(122)) - omNode-2@group-523986131536->omNode-1-AppendLogResponseHandler: Failed appendEntries: org.apache.ratis.thirdparty.io.grpc.StatusRuntimeException: UNAVAILABLE: io exception
2023-05-12 15:35:09,417 [grpc-default-executor-6] WARN  server.GrpcLogAppender (LogUtils.java:warn(122)) - omNode-2@group-523986131536->omNode-1-AppendLogResponseHandler: Failed appendEntries: org.apache.ratis.thirdparty.io.grpc.StatusRuntimeException: UNAVAILABLE: io exception
2023-05-12 15:35:09,418 [grpc-default-executor-6] INFO  leader.FollowerInfo (FollowerInfoImpl.java:lambda$new$0(52)) - omNode-2@group-523986131536->omNode-1: decreaseNextIndex nextIndex: updateUnconditionally 3 -> 0
2023-05-12 15:35:09,418 [grpc-default-executor-1] WARN  server.GrpcLogAppender (LogUtils.java:warn(122)) - omNode-2@group-523986131536->omNode-1-AppendLogResponseHandler: Failed appendEntries: org.apache.ratis.thirdparty.io.grpc.StatusRuntimeException: UNAVAILABLE: io exception
2023-05-12 15:35:09,658 [grpc-default-executor-1] WARN  server.GrpcLogAppender (LogUtils.java:warn(122)) - omNode-2@group-523986131536->omNode-1-AppendLogResponseHandler: Failed appendEntries: org.apache.ratis.thirdparty.io.grpc.StatusRuntimeException: UNAVAILABLE: io exception
2023-05-12 15:35:09,659 [grpc-default-executor-6] WARN  server.GrpcLogAppender (LogUtils.java:warn(122)) - omNode-2@group-523986131536->omNode-1-AppendLogResponseHandler: Failed appendEntries: org.apache.ratis.thirdparty.io.grpc.StatusRuntimeException: UNAVAILABLE: io exception
2023-05-12 15:35:09,668 [grpc-default-executor-6] WARN  server.GrpcLogAppender (LogUtils.java:warn(122)) - omNode-2@group-523986131536->omNode-1-AppendLogResponseHandler: Failed appendEntries: org.apache.ratis.thirdparty.io.grpc.StatusRuntimeException: UNAVAILABLE: io exception
2023-05-12 15:35:09,669 [grpc-default-executor-6] INFO  leader.FollowerInfo (FollowerInfoImpl.java:lambda$new$0(52)) - omNode-2@group-523986131536->omNode-1: decreaseNextIndex nextIndex: updateUnconditionally 3 -> 0
2023-05-12 15:35:09,669 [grpc-default-executor-1] WARN  server.GrpcLogAppender (LogUtils.java:warn(122)) - omNode-2@group-523986131536->omNode-1-AppendLogResponseHandler: Failed appendEntries: org.apache.ratis.thirdparty.io.grpc.StatusRuntimeException: UNAVAILABLE: io exception
2023-05-12 15:35:09,702 [grpc-default-executor-9] WARN  server.GrpcLogAppender (LogUtils.java:warn(122)) - omNode-2@group-523986131536->omNode-1-AppendLogResponseHandler: Failed appendEntries: org.apache.ratis.thirdparty.io.grpc.StatusRuntimeException: UNAVAILABLE: io exception
2023-05-12 15:35:09,702 [grpc-default-executor-9] INFO  leader.FollowerInfo (FollowerInfoImpl.java:lambda$new$0(52)) - omNode-2@group-523986131536->omNode-1: decreaseNextIndex nextIndex: updateUnconditionally 3 -> 0
2023-05-12 15:35:09,702 [grpc-default-executor-6] WARN  server.GrpcLogAppender (LogUtils.java:warn(122)) - omNode-2@group-523986131536->omNode-1-AppendLogResponseHandler: Failed appendEntries: org.apache.ratis.thirdparty.io.grpc.StatusRuntimeException: UNAVAILABLE: io exception
2023-05-12 15:35:09,909 [grpc-default-executor-6] WARN  server.GrpcLogAppender (LogUtils.java:warn(122)) - omNode-2@group-523986131536->omNode-1-AppendLogResponseHandler: Failed appendEntries: org.apache.ratis.thirdparty.io.grpc.StatusRuntimeException: UNAVAILABLE: io exception
2023-05-12 15:35:09,912 [grpc-default-executor-1] WARN  server.GrpcLogAppender (LogUtils.java:warn(122)) - omNode-2@group-523986131536->omNode-1-AppendLogResponseHandler: Failed appendEntries: org.apache.ratis.thirdparty.io.grpc.StatusRuntimeException: UNAVAILABLE: io exception
2023-05-12 15:35:09,919 [grpc-default-executor-1] WARN  server.GrpcLogAppender (LogUtils.java:warn(122)) - omNode-2@group-523986131536->omNode-1-AppendLogResponseHandler: Failed appendEntries: org.apache.ratis.thirdparty.io.grpc.StatusRuntimeException: UNAVAILABLE: io exception
2023-05-12 15:35:09,919 [grpc-default-executor-6] WARN  server.GrpcLogAppender (LogUtils.java:warn(122)) - omNode-2@group-523986131536->omNode-1-AppendLogResponseHandler: Failed appendEntries: org.apache.ratis.thirdparty.io.grpc.StatusRuntimeException: UNAVAILABLE: io exception
2023-05-12 15:35:09,920 [grpc-default-executor-1] INFO  leader.FollowerInfo (FollowerInfoImpl.java:lambda$new$0(52)) - omNode-2@group-523986131536->omNode-1: decreaseNextIndex nextIndex: updateUnconditionally 3 -> 0
2023-05-12 15:35:10,160 [grpc-default-executor-6] WARN  server.GrpcLogAppender (LogUtils.java:warn(122)) - omNode-2@group-523986131536->omNode-1-AppendLogResponseHandler: Failed appendEntries: org.apache.ratis.thirdparty.io.grpc.StatusRuntimeException: UNAVAILABLE: io exception
2023-05-12 15:35:10,161 [grpc-default-executor-1] WARN  server.GrpcLogAppender (LogUtils.java:warn(122)) - omNode-2@group-523986131536->omNode-1-AppendLogResponseHandler: Failed appendEntries: org.apache.ratis.thirdparty.io.grpc.StatusRuntimeException: UNAVAILABLE: io exception
2023-05-12 15:35:10,410 [grpc-default-executor-1] WARN  server.GrpcLogAppender (LogUtils.java:warn(122)) - omNode-2@group-523986131536->omNode-1-AppendLogResponseHandler: Failed appendEntries: org.apache.ratis.thirdparty.io.grpc.StatusRuntimeException: UNAVAILABLE: io exception
2023-05-12 15:35:10,412 [grpc-default-executor-6] WARN  server.GrpcLogAppender (LogUtils.java:warn(122)) - omNode-2@group-523986131536->omNode-1-AppendLogResponseHandler: Failed appendEntries: org.apache.ratis.thirdparty.io.grpc.StatusRuntimeException: UNAVAILABLE: io exception
2023-05-12 15:35:10,661 [grpc-default-executor-6] WARN  server.GrpcLogAppender (LogUtils.java:warn(122)) - omNode-2@group-523986131536->omNode-1-AppendLogResponseHandler: Failed appendEntries: org.apache.ratis.thirdparty.io.grpc.StatusRuntimeException: UNAVAILABLE: io exception
2023-05-12 15:35:10,661 [grpc-default-executor-1] WARN  server.GrpcLogAppender (LogUtils.java:warn(122)) - omNode-2@group-523986131536->omNode-1-AppendLogResponseHandler: Failed appendEntries: org.apache.ratis.thirdparty.io.grpc.StatusRuntimeException: UNAVAILABLE: io exception
2023-05-12 15:35:10,912 [grpc-default-executor-6] WARN  server.GrpcLogAppender (LogUtils.java:warn(122)) - omNode-2@group-523986131536->omNode-1-AppendLogResponseHandler: Failed appendEntries: org.apache.ratis.thirdparty.io.grpc.StatusRuntimeException: UNAVAILABLE: io exception
2023-05-12 15:35:10,912 [grpc-default-executor-1] WARN  server.GrpcLogAppender (LogUtils.java:warn(122)) - omNode-2@group-523986131536->omNode-1-AppendLogResponseHandler: Failed appendEntries: org.apache.ratis.thirdparty.io.grpc.StatusRuntimeException: UNAVAILABLE: io exception
2023-05-12 15:35:11,162 [grpc-default-executor-1] WARN  server.GrpcLogAppender (LogUtils.java:warn(122)) - omNode-2@group-523986131536->omNode-1-AppendLogResponseHandler: Failed appendEntries: org.apache.ratis.thirdparty.io.grpc.StatusRuntimeException: UNAVAILABLE: io exception
2023-05-12 15:35:11,163 [grpc-default-executor-6] WARN  server.GrpcLogAppender (LogUtils.java:warn(122)) - omNode-2@group-523986131536->omNode-1-AppendLogResponseHandler: Failed appendEntries: org.apache.ratis.thirdparty.io.grpc.StatusRuntimeException: UNAVAILABLE: io exception
2023-05-12 15:35:11,304 [Thread-429] WARN  grpc.GrpcUtil (GrpcUtil.java:shutdownManagedChannel(223)) - Timed out gracefully shutting down connection: ManagedChannelOrphanWrapper{delegate=ManagedChannelImpl{logId=7, target=localhost:15015}}. 
2023-05-12 15:35:11,308 [grpc-default-executor-6] INFO  server.GrpcLogAppender (GrpcLogAppender.java:onError(417)) - omNode-1@group-523986131536->omNode-3-GrpcLogAppender is already stopped
2023-05-12 15:35:11,311 [Listener at 127.0.0.1/15012] INFO  server.GrpcService (GrpcService.java:closeImpl(320)) - omNode-1: shutdown server GrpcServerProtocolService successfully
2023-05-12 15:35:11,312 [JvmPauseMonitor0] INFO  util.JvmPauseMonitor (JvmPauseMonitor.java:run(109)) - JvmPauseMonitor-omNode-1: Stopped
2023-05-12 15:35:11,312 [Listener at 127.0.0.1/15012] INFO  ratis.OzoneManagerStateMachine (OzoneManagerStateMachine.java:close(533)) - StateMachine has shutdown. Shutdown OzoneManager if not already shutdown.
2023-05-12 15:35:11,312 [Listener at 127.0.0.1/15012] INFO  ratis.OzoneManagerDoubleBuffer (OzoneManagerDoubleBuffer.java:stopDaemon(568)) - OMDoubleBuffer flush thread is not running.
2023-05-12 15:35:11,314 [grpc-default-executor-1] WARN  server.GrpcServerProtocolService (LogUtils.java:warn(122)) - omNode-3: APPEND_ENTRIES onError, lastRequest: null: org.apache.ratis.thirdparty.io.grpc.StatusRuntimeException: CANCELLED: client cancelled
2023-05-12 15:35:11,314 [Listener at 127.0.0.1/15012] INFO  utils.BackgroundService (BackgroundService.java:shutdown(141)) - Shutting down service KeyDeletingService
2023-05-12 15:35:11,315 [Listener at 127.0.0.1/15012] INFO  utils.BackgroundService (BackgroundService.java:shutdown(141)) - Shutting down service KeyDeletingService
2023-05-12 15:35:11,315 [Listener at 127.0.0.1/15012] INFO  utils.BackgroundService (BackgroundService.java:shutdown(141)) - Shutting down service OpenKeyCleanupService
2023-05-12 15:35:11,316 [Listener at 127.0.0.1/15012] INFO  utils.BackgroundService (BackgroundService.java:shutdown(141)) - Shutting down service SstFilteringService
2023-05-12 15:35:11,316 [Listener at 127.0.0.1/15012] INFO  utils.BackgroundService (BackgroundService.java:shutdown(141)) - Shutting down service SnapshotDeletingService
2023-05-12 15:35:11,317 [Listener at 127.0.0.1/15012] INFO  handler.ContextHandler (ContextHandler.java:doStop(1159)) - Stopped o.e.j.w.WebAppContext@7bfd21ca{ozoneManager,/,null,STOPPED}{file:/home/runner/work/ozone/ozone/hadoop-ozone/integration-test/target/test-classes/webapps/ozoneManager}
2023-05-12 15:35:11,320 [Listener at 127.0.0.1/15012] INFO  server.AbstractConnector (AbstractConnector.java:doStop(383)) - Stopped ServerConnector@1364560f{HTTP/1.1, (http/1.1)}{0.0.0.0:15005}
2023-05-12 15:35:11,321 [Listener at 127.0.0.1/15012] INFO  server.session (HouseKeeper.java:stopScavenging(149)) - node0 Stopped scavenging
2023-05-12 15:35:11,321 [Listener at 127.0.0.1/15012] INFO  handler.ContextHandler (ContextHandler.java:doStop(1159)) - Stopped o.e.j.s.ServletContextHandler@3e0032f{static,/static,file:///home/runner/work/ozone/ozone/hadoop-ozone/integration-test/target/test-classes/webapps/static,STOPPED}
2023-05-12 15:35:11,321 [Listener at 127.0.0.1/15012] INFO  handler.ContextHandler (ContextHandler.java:doStop(1159)) - Stopped o.e.j.s.ServletContextHandler@5bf3a6ac{logs,/logs,file:///home/runner/work/ozone/ozone/hadoop-ozone/integration-test/target/log,STOPPED}
2023-05-12 15:35:11,328 [Listener at 127.0.0.1/15012] INFO  utils.BackgroundService (BackgroundService.java:shutdown(141)) - Shutting down service SnapshotDiffCleanupService
2023-05-12 15:35:11,330 [Listener at 127.0.0.1/15012] INFO  ozone.MiniOzoneHAClusterImpl (MiniOzoneHAClusterImpl.java:restartOzoneManager(236)) - Restarting OzoneManager omNode-1
2023-05-12 15:35:11,330 [Listener at 127.0.0.1/15012] INFO  om.OzoneManager (OzoneManager.java:restart(1694)) - OzoneManager RPC server is listening at localhost/127.0.0.1:15004
2023-05-12 15:35:11,330 [Listener at 127.0.0.1/15012] INFO  impl.MetricsSystemImpl (MetricsSystemImpl.java:init(158)) - OzoneManager metrics system started (again)
2023-05-12 15:35:11,347 [Listener at 127.0.0.1/15012] WARN  server.ServerUtils (ServerUtils.java:getDBPath(225)) - ozone.om.db.dirs is not configured. We recommend adding this setting. Falling back to ozone.metadata.dirs instead.
2023-05-12 15:35:11,347 [Listener at 127.0.0.1/15012] INFO  codec.OmKeyInfoCodec (OmKeyInfoCodec.java:<init>(49)) - OmKeyInfoCodec ignorePipeline = true
2023-05-12 15:35:11,347 [Listener at 127.0.0.1/15012] INFO  codec.RepeatedOmKeyInfoCodec (RepeatedOmKeyInfoCodec.java:<init>(41)) - RepeatedOmKeyInfoCodec ignorePipeline = true
2023-05-12 15:35:11,388 [Listener at 127.0.0.1/15012] INFO  om.OzoneManager (OzoneManager.java:instantiateServices(774)) - S3 Multi-Tenancy is disabled
2023-05-12 15:35:11,389 [Listener at 127.0.0.1/15012] INFO  om.OmSnapshotManager (OmSnapshotManager.java:<init>(171)) - Ozone filesystem snapshot feature is enabled.
2023-05-12 15:35:11,389 [Listener at 127.0.0.1/15012] WARN  server.ServerUtils (ServerUtils.java:getDBPath(225)) - ozone.om.snapshot.diff.db.dir is not configured. We recommend adding this setting. Falling back to ozone.metadata.dirs instead.
2023-05-12 15:35:11,413 [grpc-default-executor-1] WARN  server.GrpcLogAppender (LogUtils.java:warn(122)) - omNode-2@group-523986131536->omNode-1-AppendLogResponseHandler: Failed appendEntries: org.apache.ratis.thirdparty.io.grpc.StatusRuntimeException: UNAVAILABLE: io exception
2023-05-12 15:35:11,413 [grpc-default-executor-6] WARN  server.GrpcLogAppender (LogUtils.java:warn(122)) - omNode-2@group-523986131536->omNode-1-AppendLogResponseHandler: Failed appendEntries: org.apache.ratis.thirdparty.io.grpc.StatusRuntimeException: UNAVAILABLE: io exception
2023-05-12 15:35:11,429 [Listener at 127.0.0.1/15012] WARN  server.ServerUtils (ServerUtils.java:getDefaultRatisDirectory(237)) - Storage directory for Ratis is not configured. It is a good idea to map this to an SSD disk. Falling back to ozone.metadata.dirs
2023-05-12 15:35:11,431 [Listener at 127.0.0.1/15012] INFO  ratis.OzoneManagerRatisServer (OzoneManagerRatisServer.java:<init>(163)) - Instantiating OM Ratis server with groupID: om-service-test1 and peers: localhost:15007, localhost:15015, localhost:15011
2023-05-12 15:35:11,431 [Listener at 127.0.0.1/15012] INFO  ratis.OzoneManagerStateMachine (OzoneManagerStateMachine.java:loadSnapshotInfoFromDB(670)) - LastAppliedIndex is set from TransactionInfo from OM DB as (t:1, i:0)
2023-05-12 15:35:11,431 [Listener at 127.0.0.1/15012] INFO  server.RaftServer (ConfUtils.java:logGet(46)) - raft.rpc.type = GRPC (default)
2023-05-12 15:35:11,431 [Listener at 127.0.0.1/15012] INFO  grpc.GrpcConfigKeys (ConfUtils.java:logFallback(53)) - raft.grpc.admin.host = null (fallback to raft.grpc.server.host)
2023-05-12 15:35:11,432 [Listener at 127.0.0.1/15012] INFO  grpc.GrpcConfigKeys (ConfUtils.java:logFallback(53)) - raft.grpc.admin.port = 15007 (fallback to raft.grpc.server.port)
2023-05-12 15:35:11,432 [Listener at 127.0.0.1/15012] INFO  grpc.GrpcConfigKeys (ConfUtils.java:logFallback(53)) - raft.grpc.client.host = null (fallback to raft.grpc.server.host)
2023-05-12 15:35:11,432 [Listener at 127.0.0.1/15012] INFO  grpc.GrpcConfigKeys (ConfUtils.java:logFallback(53)) - raft.grpc.client.port = 15007 (fallback to raft.grpc.server.port)
2023-05-12 15:35:11,432 [Listener at 127.0.0.1/15012] INFO  grpc.GrpcConfigKeys (ConfUtils.java:logGet(46)) - raft.grpc.server.host = null (default)
2023-05-12 15:35:11,432 [Listener at 127.0.0.1/15012] INFO  grpc.GrpcConfigKeys (ConfUtils.java:logGet(46)) - raft.grpc.server.port = 15007 (custom)
2023-05-12 15:35:11,432 [Listener at 127.0.0.1/15012] INFO  server.GrpcService (ConfUtils.java:logGet(46)) - raft.grpc.message.size.max = 33554432 (custom)
2023-05-12 15:35:11,432 [Listener at 127.0.0.1/15012] INFO  server.RaftServerConfigKeys (ConfUtils.java:logGet(46)) - raft.server.log.appender.buffer.byte-limit = 33554432 (custom)
2023-05-12 15:35:11,432 [Listener at 127.0.0.1/15012] INFO  server.GrpcService (ConfUtils.java:logGet(46)) - raft.grpc.flow.control.window = 1MB (=1048576) (default)
2023-05-12 15:35:11,433 [Listener at 127.0.0.1/15012] INFO  server.RaftServerConfigKeys (ConfUtils.java:logGet(46)) - raft.server.rpc.request.timeout = 3000ms (default)
2023-05-12 15:35:11,433 [Listener at 127.0.0.1/15012] INFO  grpc.GrpcConfigKeys (ConfUtils.java:logGet(46)) - raft.grpc.server.heartbeat.channel = true (default)
2023-05-12 15:35:11,433 [Listener at 127.0.0.1/15012] INFO  grpc.GrpcConfigKeys (ConfUtils.java:logGet(46)) - raft.grpc.server.async.request.thread.pool.cached = true (default)
2023-05-12 15:35:11,433 [Listener at 127.0.0.1/15012] INFO  grpc.GrpcConfigKeys (ConfUtils.java:logGet(46)) - raft.grpc.server.async.request.thread.pool.size = 32 (default)
2023-05-12 15:35:11,434 [Listener at 127.0.0.1/15012] INFO  impl.DataStreamServerImpl (ConfUtils.java:logGet(46)) - raft.datastream.type = DISABLED (default)
2023-05-12 15:35:11,434 [Listener at 127.0.0.1/15012] INFO  server.RaftServerConfigKeys (ConfUtils.java:logGet(46)) - raft.server.threadpool.proxy.cached = true (default)
2023-05-12 15:35:11,434 [Listener at 127.0.0.1/15012] INFO  server.RaftServerConfigKeys (ConfUtils.java:logGet(46)) - raft.server.threadpool.proxy.size = 0 (default)
2023-05-12 15:35:11,435 [Listener at 127.0.0.1/15012] INFO  server.RaftServerConfigKeys (ConfUtils.java:logGet(46)) - raft.server.rpc.slowness.timeout = 2s (custom)
2023-05-12 15:35:11,435 [Listener at 127.0.0.1/15012] INFO  server.RaftServerConfigKeys (ConfUtils.java:logGet(46)) - raft.server.leaderelection.leader.step-down.wait-time = 10s (default)
2023-05-12 15:35:11,435 [Listener at 127.0.0.1/15012] INFO  server.RaftServerConfigKeys (ConfUtils.java:logGet(46)) - raft.server.storage.dir = [/home/runner/work/ozone/ozone/hadoop-ozone/integration-test/target/test-dir/MiniOzoneClusterImpl-bfe86ff0-f9fb-433f-aae2-64a5a95eec81/omNode-1/ratis] (custom)
2023-05-12 15:35:11,435 [omNode-1-impl-thread1] INFO  server.RaftServer (RaftServerProxy.java:initGroupDir(258)) - omNode-1: found a subdirectory /home/runner/work/ozone/ozone/hadoop-ozone/integration-test/target/test-dir/MiniOzoneClusterImpl-bfe86ff0-f9fb-433f-aae2-64a5a95eec81/omNode-1/ratis/c9bc4cf4-3bc3-3c60-a66b-523986131536
2023-05-12 15:35:11,436 [Listener at 127.0.0.1/15012] INFO  server.RaftServer (RaftServerProxy.java:addNew(98)) - omNode-1: addNew group-523986131536:[omNode-3|rpc:localhost:15015|priority:0|startupRole:FOLLOWER, omNode-1|rpc:localhost:15007|priority:0|startupRole:FOLLOWER, omNode-2|rpc:localhost:15011|priority:0|startupRole:FOLLOWER] returns group-523986131536:java.util.concurrent.CompletableFuture@7ff9a100[Not completed]
2023-05-12 15:35:11,436 [Listener at 127.0.0.1/15012] INFO  om.OzoneManager (OzoneManager.java:initializeRatisServer(2137)) - OzoneManager Ratis server initialized at port 15007
2023-05-12 15:35:11,436 [Listener at 127.0.0.1/15012] INFO  ratis.OzoneManagerRatisServer (OzoneManagerRatisServer.java:start(558)) - Starting OzoneManagerRatisServer omNode-1 at port 15007
2023-05-12 15:35:11,437 [omNode-1-groupManagement] INFO  server.RaftServer$Division (RaftServerImpl.java:<init>(198)) - omNode-1: new RaftServerImpl for group-523986131536:[omNode-3|rpc:localhost:15015|priority:0|startupRole:FOLLOWER, omNode-1|rpc:localhost:15007|priority:0|startupRole:FOLLOWER, omNode-2|rpc:localhost:15011|priority:0|startupRole:FOLLOWER] with OzoneManagerStateMachine:uninitialized
2023-05-12 15:35:11,437 [omNode-1-groupManagement] INFO  server.RaftServerConfigKeys (ConfUtils.java:logGet(46)) - raft.server.rpc.timeout.min = 1s (custom)
2023-05-12 15:35:11,437 [omNode-1-groupManagement] INFO  server.RaftServerConfigKeys (ConfUtils.java:logGet(46)) - raft.server.rpc.timeout.max = 1200ms (custom)
2023-05-12 15:35:11,437 [omNode-1-groupManagement] INFO  server.RaftServerConfigKeys (ConfUtils.java:logGet(46)) - raft.server.rpc.sleep.time = 25ms (default)
2023-05-12 15:35:11,437 [omNode-1-groupManagement] INFO  server.RaftServerConfigKeys (ConfUtils.java:logGet(46)) - raft.server.rpc.slowness.timeout = 2s (custom)
2023-05-12 15:35:11,437 [omNode-1-groupManagement] INFO  server.RaftServerConfigKeys (ConfUtils.java:logGet(46)) - raft.server.leaderelection.leader.step-down.wait-time = 10s (default)
2023-05-12 15:35:11,437 [omNode-1-groupManagement] INFO  server.RaftServerConfigKeys (ConfUtils.java:logGet(46)) - raft.server.sleep.deviation.threshold = 300ms (default)
2023-05-12 15:35:11,438 [omNode-1-groupManagement] INFO  server.RaftServer$Division (ServerState.java:<init>(120)) - omNode-1@group-523986131536: ConfigurationManager, init=-1: peers:[omNode-3|rpc:localhost:15015|priority:0|startupRole:FOLLOWER, omNode-1|rpc:localhost:15007|priority:0|startupRole:FOLLOWER, omNode-2|rpc:localhost:15011|priority:0|startupRole:FOLLOWER]|listeners:[], old=null, confs=<EMPTY_MAP>
2023-05-12 15:35:11,438 [omNode-1-groupManagement] INFO  server.RaftServerConfigKeys (ConfUtils.java:logGet(46)) - raft.server.storage.dir = [/home/runner/work/ozone/ozone/hadoop-ozone/integration-test/target/test-dir/MiniOzoneClusterImpl-bfe86ff0-f9fb-433f-aae2-64a5a95eec81/omNode-1/ratis] (custom)
2023-05-12 15:35:11,438 [omNode-1-groupManagement] INFO  server.RaftServerConfigKeys (ConfUtils.java:logGet(46)) - raft.server.log.corruption.policy = EXCEPTION (default)
2023-05-12 15:35:11,438 [omNode-1-groupManagement] INFO  server.RaftServerConfigKeys (ConfUtils.java:logGet(46)) - raft.server.storage.free-space.min = 0MB (=0) (default)
2023-05-12 15:35:11,438 [omNode-1-groupManagement] INFO  server.RaftServerConfigKeys (ConfUtils.java:logGet(46)) - raft.server.notification.no-leader.timeout = 2s (custom)
2023-05-12 15:35:11,438 [omNode-1-groupManagement] INFO  server.RaftServerConfigKeys (ConfUtils.java:logGet(46)) - raft.server.read.timeout = 10s (default)
2023-05-12 15:35:11,438 [omNode-1-groupManagement] INFO  server.RaftServerConfigKeys (ConfUtils.java:logGet(46)) - raft.server.retrycache.expirytime = 30000ms (custom)
2023-05-12 15:35:11,438 [omNode-1-groupManagement] INFO  server.RaftServerConfigKeys (ConfUtils.java:logGet(46)) - raft.server.retrycache.statistics.expirytime = 100μs (default)
2023-05-12 15:35:11,439 [omNode-1-groupManagement] INFO  server.RaftServerConfigKeys (ConfUtils.java:logGet(46)) - raft.server.read.option = DEFAULT (default)
2023-05-12 15:35:11,440 [omNode-1-groupManagement] INFO  server.RaftServerConfigKeys (ConfUtils.java:logGet(46)) - raft.server.rpc.request.timeout = 3000ms (default)
2023-05-12 15:35:11,440 [omNode-1-groupManagement] INFO  server.RaftServerConfigKeys (ConfUtils.java:logGet(46)) - raft.server.log.appender.install.snapshot.enabled = false (custom)
2023-05-12 15:35:11,440 [omNode-1-groupManagement] INFO  server.RaftServerConfigKeys (ConfUtils.java:logGet(46)) - raft.server.threadpool.server.cached = true (default)
2023-05-12 15:35:11,441 [omNode-1-groupManagement] INFO  server.RaftServerConfigKeys (ConfUtils.java:logGet(46)) - raft.server.threadpool.server.size = 0 (default)
2023-05-12 15:35:11,441 [omNode-1-groupManagement] INFO  server.RaftServerConfigKeys (ConfUtils.java:logGet(46)) - raft.server.threadpool.client.cached = true (default)
2023-05-12 15:35:11,441 [omNode-1-groupManagement] INFO  server.RaftServerConfigKeys (ConfUtils.java:logGet(46)) - raft.server.threadpool.client.size = 0 (default)
2023-05-12 15:35:11,442 [omNode-1-impl-thread1] INFO  storage.RaftStorageDirectory (RaftStorageDirectoryImpl.java:tryLock(231)) - Lock on /home/runner/work/ozone/ozone/hadoop-ozone/integration-test/target/test-dir/MiniOzoneClusterImpl-bfe86ff0-f9fb-433f-aae2-64a5a95eec81/omNode-1/ratis/c9bc4cf4-3bc3-3c60-a66b-523986131536/in_use.lock acquired by nodename 89313@fv-az1245-539
2023-05-12 15:35:11,443 [omNode-1-impl-thread1] INFO  storage.RaftStorage (RaftStorageImpl.java:analyzeAndRecoverStorage(117)) - Read RaftStorageMetadata{term=1, votedFor=omNode-1} from /home/runner/work/ozone/ozone/hadoop-ozone/integration-test/target/test-dir/MiniOzoneClusterImpl-bfe86ff0-f9fb-433f-aae2-64a5a95eec81/omNode-1/ratis/c9bc4cf4-3bc3-3c60-a66b-523986131536/current/raft-meta
2023-05-12 15:35:11,445 [omNode-1-impl-thread1] INFO  server.RaftServer$Division (ServerState.java:setRaftConf(434)) - omNode-1@group-523986131536: set configuration 0: peers:[omNode-3|rpc:localhost:15015|admin:|client:|dataStream:|priority:0|startupRole:FOLLOWER, omNode-1|rpc:localhost:15007|admin:|client:|dataStream:|priority:0|startupRole:FOLLOWER, omNode-2|rpc:localhost:15011|admin:|client:|dataStream:|priority:0|startupRole:FOLLOWER]|listeners:[], old=null
2023-05-12 15:35:11,445 [omNode-1-impl-thread1] INFO  server.RaftServerConfigKeys (ConfUtils.java:logGet(46)) - raft.server.log.use.memory = false (default)
2023-05-12 15:35:11,445 [omNode-1-impl-thread1] INFO  server.RaftServerConfigKeys (ConfUtils.java:logGet(46)) - raft.server.log.purge.gap = 50 (custom)
2023-05-12 15:35:11,445 [omNode-1-impl-thread1] INFO  server.RaftServerConfigKeys (ConfUtils.java:logGet(46)) - raft.server.log.appender.buffer.byte-limit = 33554432 (custom)
2023-05-12 15:35:11,445 [omNode-1-impl-thread1] INFO  server.RaftServerConfigKeys (ConfUtils.java:logGet(46)) - raft.server.log.statemachine.data.read.timeout = 1000ms (default)
2023-05-12 15:35:11,445 [omNode-1-impl-thread1] INFO  server.RaftServerConfigKeys (ConfUtils.java:logGet(46)) - raft.server.log.purge.preservation.log.num = 0 (default)
2023-05-12 15:35:11,446 [omNode-1-impl-thread1] INFO  server.RaftServerConfigKeys (ConfUtils.java:logGet(46)) - raft.server.log.segment.size.max = 4194304 (custom)
2023-05-12 15:35:11,446 [omNode-1-impl-thread1] INFO  server.RaftServerConfigKeys (ConfUtils.java:logGet(46)) - raft.server.log.segment.cache.num.max = 2 (custom)
2023-05-12 15:35:11,446 [omNode-1-impl-thread1] INFO  server.RaftServerConfigKeys (ConfUtils.java:logGet(46)) - raft.server.log.segment.cache.size.max = 200MB (=209715200) (default)
2023-05-12 15:35:11,446 [omNode-1-impl-thread1] INFO  server.RaftServerConfigKeys (ConfUtils.java:logGet(46)) - raft.server.log.appender.buffer.byte-limit = 33554432 (custom)
2023-05-12 15:35:11,446 [omNode-1-impl-thread1] INFO  segmented.SegmentedRaftLogWorker (SegmentedRaftLogWorker.java:<init>(188)) - new omNode-1@group-523986131536-SegmentedRaftLogWorker for RaftStorageImpl:Storage Directory /home/runner/work/ozone/ozone/hadoop-ozone/integration-test/target/test-dir/MiniOzoneClusterImpl-bfe86ff0-f9fb-433f-aae2-64a5a95eec81/omNode-1/ratis/c9bc4cf4-3bc3-3c60-a66b-523986131536
2023-05-12 15:35:11,446 [omNode-1-impl-thread1] INFO  server.RaftServerConfigKeys (ConfUtils.java:logGet(46)) - raft.server.log.queue.byte-limit = 64MB (=67108864) (default)
2023-05-12 15:35:11,446 [omNode-1-impl-thread1] INFO  server.RaftServerConfigKeys (ConfUtils.java:logGet(46)) - raft.server.log.queue.element-limit = 4096 (default)
2023-05-12 15:35:11,446 [omNode-1-impl-thread1] INFO  server.RaftServerConfigKeys (ConfUtils.java:logGet(46)) - raft.server.log.segment.size.max = 4194304 (custom)
2023-05-12 15:35:11,446 [omNode-1-impl-thread1] INFO  server.RaftServerConfigKeys (ConfUtils.java:logGet(46)) - raft.server.log.preallocated.size = 4194304 (custom)
2023-05-12 15:35:11,446 [omNode-1-impl-thread1] INFO  server.RaftServerConfigKeys (ConfUtils.java:logGet(46)) - raft.server.log.force.sync.num = 128 (default)
2023-05-12 15:35:11,446 [omNode-1-impl-thread1] INFO  server.RaftServerConfigKeys (ConfUtils.java:logGet(46)) - raft.server.log.statemachine.data.sync = true (default)
2023-05-12 15:35:11,446 [omNode-1-impl-thread1] INFO  server.RaftServerConfigKeys (ConfUtils.java:logGet(46)) - raft.server.log.statemachine.data.sync.timeout = 10s (default)
2023-05-12 15:35:11,446 [omNode-1-impl-thread1] INFO  server.RaftServerConfigKeys (ConfUtils.java:logGet(46)) - raft.server.log.statemachine.data.sync.timeout.retry = -1 (default)
2023-05-12 15:35:11,447 [omNode-1-impl-thread1] INFO  server.RaftServerConfigKeys (ConfUtils.java:logGet(46)) - raft.server.log.write.buffer.size = 64KB (=65536) (default)
2023-05-12 15:35:11,447 [omNode-1-impl-thread1] INFO  server.RaftServerConfigKeys (ConfUtils.java:logGet(46)) - raft.server.log.appender.buffer.byte-limit = 33554432 (custom)
2023-05-12 15:35:11,452 [omNode-1-impl-thread1] INFO  server.RaftServerConfigKeys (ConfUtils.java:logGet(46)) - raft.server.log.unsafe-flush.enabled = false (default)
2023-05-12 15:35:11,452 [omNode-1-impl-thread1] INFO  server.RaftServerConfigKeys (ConfUtils.java:logGet(46)) - raft.server.log.async-flush.enabled = false (default)
2023-05-12 15:35:11,452 [omNode-1-impl-thread1] INFO  server.RaftServerConfigKeys (ConfUtils.java:logGet(46)) - raft.server.log.statemachine.data.caching.enabled = false (default)
2023-05-12 15:35:11,457 [omNode-1-impl-thread1] INFO  server.RaftServer$Division (ServerState.java:setRaftConf(434)) - omNode-1@group-523986131536: set configuration 0: peers:[omNode-3|rpc:localhost:15015|admin:|client:|dataStream:|priority:0|startupRole:FOLLOWER, omNode-1|rpc:localhost:15007|admin:|client:|dataStream:|priority:0|startupRole:FOLLOWER, omNode-2|rpc:localhost:15011|admin:|client:|dataStream:|priority:0|startupRole:FOLLOWER]|listeners:[], old=null
2023-05-12 15:35:11,458 [omNode-1-impl-thread1] INFO  segmented.LogSegment (LogSegment.java:loadSegment(170)) - Successfully read 1 entries from segment file /home/runner/work/ozone/ozone/hadoop-ozone/integration-test/target/test-dir/MiniOzoneClusterImpl-bfe86ff0-f9fb-433f-aae2-64a5a95eec81/omNode-1/ratis/c9bc4cf4-3bc3-3c60-a66b-523986131536/current/log_inprogress_0
2023-05-12 15:35:11,458 [omNode-1-impl-thread1] INFO  segmented.SegmentedRaftLogWorker (SegmentedRaftLogWorker.java:lambda$new$0(135)) - omNode-1@group-523986131536-SegmentedRaftLogWorker: safeCacheEvictIndex: setUnconditionally 0 -> -1
2023-05-12 15:35:11,458 [omNode-1-impl-thread1] INFO  server.RaftServer$Division (RaftServerImpl.java:start(342)) - omNode-1@group-523986131536: start as a follower, conf=0: peers:[omNode-3|rpc:localhost:15015|admin:|client:|dataStream:|priority:0|startupRole:FOLLOWER, omNode-1|rpc:localhost:15007|admin:|client:|dataStream:|priority:0|startupRole:FOLLOWER, omNode-2|rpc:localhost:15011|admin:|client:|dataStream:|priority:0|startupRole:FOLLOWER]|listeners:[], old=null
2023-05-12 15:35:11,458 [omNode-1-impl-thread1] INFO  server.RaftServer$Division (RaftServerImpl.java:setRole(329)) - omNode-1@group-523986131536: changes role from      null to FOLLOWER at term 1 for startAsFollower
2023-05-12 15:35:11,458 [omNode-1-impl-thread1] INFO  impl.RoleInfo (RoleInfo.java:updateAndGet(139)) - omNode-1: start omNode-1@group-523986131536-FollowerState
2023-05-12 15:35:11,459 [omNode-1-impl-thread1] INFO  util.JmxRegister (JmxRegister.java:tryRegister(44)) - Successfully registered JMX Bean with object name Ratis:service=RaftServer,group=group-523986131536,id=omNode-1
2023-05-12 15:35:11,459 [omNode-1@group-523986131536-FollowerState] INFO  server.RaftServerConfigKeys (ConfUtils.java:logFallback(53)) - raft.server.rpc.first-election.timeout.min = 1s (fallback to raft.server.rpc.timeout.min)
2023-05-12 15:35:11,459 [omNode-1-impl-thread1] INFO  server.RaftServerConfigKeys (ConfUtils.java:logGet(46)) - raft.server.snapshot.auto.trigger.enabled = true (custom)
2023-05-12 15:35:11,459 [omNode-1@group-523986131536-FollowerState] INFO  server.RaftServerConfigKeys (ConfUtils.java:logFallback(53)) - raft.server.rpc.first-election.timeout.max = 1200ms (fallback to raft.server.rpc.timeout.max)
2023-05-12 15:35:11,459 [omNode-1-impl-thread1] INFO  server.RaftServerConfigKeys (ConfUtils.java:logGet(46)) - raft.server.snapshot.auto.trigger.threshold = 50 (custom)
2023-05-12 15:35:11,459 [omNode-1-impl-thread1] INFO  server.RaftServerConfigKeys (ConfUtils.java:logGet(46)) - raft.server.snapshot.retention.file.num = -1 (default)
2023-05-12 15:35:11,459 [omNode-1-impl-thread1] INFO  server.RaftServerConfigKeys (ConfUtils.java:logGet(46)) - raft.server.log.purge.upto.snapshot.index = true (custom)
2023-05-12 15:35:11,459 [Listener at 127.0.0.1/15012] INFO  server.RaftServer (RaftServerProxy.java:startImpl(400)) - omNode-1: start RPC server
2023-05-12 15:35:11,470 [Listener at 127.0.0.1/15012] INFO  server.GrpcService (GrpcService.java:startImpl(302)) - omNode-1: GrpcService started, listening on 15007
2023-05-12 15:35:11,470 [Listener at 127.0.0.1/15012] INFO  om.OzoneManager (OzoneManager.java:getRpcServer(1184)) - Creating RPC Server
2023-05-12 15:35:11,470 [JvmPauseMonitor6] INFO  util.JvmPauseMonitor (JvmPauseMonitor.java:run(103)) - JvmPauseMonitor-omNode-1: Started
2023-05-12 15:35:11,664 [grpc-default-executor-1] WARN  server.GrpcLogAppender (LogUtils.java:warn(122)) - omNode-2@group-523986131536->omNode-1-AppendLogResponseHandler: Failed appendEntries: org.apache.ratis.thirdparty.io.grpc.StatusRuntimeException: UNAVAILABLE: io exception
2023-05-12 15:35:11,664 [grpc-default-executor-6] WARN  server.GrpcLogAppender (LogUtils.java:warn(122)) - omNode-2@group-523986131536->omNode-1-AppendLogResponseHandler: Failed appendEntries: org.apache.ratis.thirdparty.io.grpc.StatusRuntimeException: UNAVAILABLE: io exception
2023-05-12 15:35:11,865 [Listener at 127.0.0.1/15012] INFO  reflections.Reflections (Reflections.java:scan(232)) - Reflections took 393 ms to scan 19 urls, producing 69 keys and 5177 values [using 2 cores]
2023-05-12 15:35:11,866 [Listener at 127.0.0.1/15012] INFO  ipc.CallQueueManager (CallQueueManager.java:<init>(90)) - Using callQueue: class java.util.concurrent.LinkedBlockingQueue, queueCapacity: 2000, scheduler: class org.apache.hadoop.ipc.DefaultRpcScheduler, ipcBackoff: false.
2023-05-12 15:35:11,868 [Socket Reader #1 for port 15004] INFO  ipc.Server (Server.java:run(1319)) - Starting Socket Reader #1 for port 15004
2023-05-12 15:35:11,871 [Listener at localhost/15004] INFO  http.BaseHttpServer (BaseHttpServer.java:newHttpServer2BuilderForOzone(224)) - Starting Web-server for ozoneManager at: http://0.0.0.0:15005
2023-05-12 15:35:11,871 [Listener at localhost/15004] INFO  http.BaseHttpServer (BaseHttpServer.java:<init>(111)) - Hadoop Security Enabled: false Ozone Security Enabled: false Ozone HTTP Security Enabled: false 
2023-05-12 15:35:11,873 [Listener at localhost/15004] WARN  server.AuthenticationFilter (AuthenticationFilter.java:constructSecretProvider(240)) - Unable to initialize FileSignerSecretProvider, falling back to use random secrets. Reason: Could not read signature secret file: /home/runner/hadoop-http-auth-signature-secret
2023-05-12 15:35:11,873 [Listener at localhost/15004] INFO  http.HttpRequestLog (HttpRequestLog.java:getRequestLog(86)) - Http request log for http.requests.ozoneManager is not defined
2023-05-12 15:35:11,875 [Listener at localhost/15004] INFO  http.HttpServer2 (HttpServer2.java:addGlobalFilter(1031)) - Added global filter 'safety' (class=org.apache.hadoop.hdds.server.http.HttpServer2$QuotingInputFilter)
2023-05-12 15:35:11,876 [Listener at localhost/15004] INFO  http.HttpServer2 (HttpServer2.java:addFilter(1007)) - Added filter static_user_filter (class=org.apache.hadoop.http.lib.StaticUserWebFilter$StaticUserFilter) to context ozoneManager
2023-05-12 15:35:11,876 [Listener at localhost/15004] INFO  http.HttpServer2 (HttpServer2.java:addFilter(1015)) - Added filter static_user_filter (class=org.apache.hadoop.http.lib.StaticUserWebFilter$StaticUserFilter) to context logs
2023-05-12 15:35:11,876 [Listener at localhost/15004] INFO  http.HttpServer2 (HttpServer2.java:addFilter(1015)) - Added filter static_user_filter (class=org.apache.hadoop.http.lib.StaticUserWebFilter$StaticUserFilter) to context static
2023-05-12 15:35:11,876 [Listener at localhost/15004] INFO  http.BaseHttpServer (BaseHttpServer.java:<init>(190)) - HTTP server of ozoneManager uses base directory /home/runner/work/ozone/ozone/hadoop-ozone/integration-test/target/test-dir/MiniOzoneClusterImpl-bfe86ff0-f9fb-433f-aae2-64a5a95eec81/omNode-1/webserver
2023-05-12 15:35:11,877 [Listener at localhost/15004] INFO  http.HttpServer2 (HttpServer2.java:bindListener(1250)) - Jetty bound to port 15005
2023-05-12 15:35:11,877 [Listener at localhost/15004] INFO  server.Server (Server.java:doStart(375)) - jetty-9.4.51.v20230217; built: 2023-02-17T08:19:37.309Z; git: b45c405e4544384de066f814ed42ae3dceacdd49; jvm 1.8.0_362-b09
2023-05-12 15:35:11,878 [Listener at localhost/15004] INFO  server.session (DefaultSessionIdManager.java:doStart(334)) - DefaultSessionIdManager workerName=node0
2023-05-12 15:35:11,878 [Listener at localhost/15004] INFO  server.session (DefaultSessionIdManager.java:doStart(339)) - No SessionScavenger set, using defaults
2023-05-12 15:35:11,878 [Listener at localhost/15004] INFO  server.session (HouseKeeper.java:startScavenging(132)) - node0 Scavenging every 660000ms
2023-05-12 15:35:11,879 [Listener at localhost/15004] INFO  handler.ContextHandler (ContextHandler.java:doStart(921)) - Started o.e.j.s.ServletContextHandler@2eb90ae9{logs,/logs,file:///home/runner/work/ozone/ozone/hadoop-ozone/integration-test/target/log,AVAILABLE}
2023-05-12 15:35:11,880 [Listener at localhost/15004] INFO  handler.ContextHandler (ContextHandler.java:doStart(921)) - Started o.e.j.s.ServletContextHandler@b395a52{static,/static,file:///home/runner/work/ozone/ozone/hadoop-ozone/integration-test/target/test-classes/webapps/static,AVAILABLE}
2023-05-12 15:35:11,883 [Listener at localhost/15004] INFO  handler.ContextHandler (ContextHandler.java:doStart(921)) - Started o.e.j.w.WebAppContext@6135d3be{ozoneManager,/,file:///home/runner/work/ozone/ozone/hadoop-ozone/integration-test/target/test-classes/webapps/ozoneManager/,AVAILABLE}{file:/home/runner/work/ozone/ozone/hadoop-ozone/integration-test/target/test-classes/webapps/ozoneManager}
2023-05-12 15:35:11,885 [Listener at localhost/15004] INFO  server.AbstractConnector (AbstractConnector.java:doStart(333)) - Started ServerConnector@417e53ed{HTTP/1.1, (http/1.1)}{0.0.0.0:15005}
2023-05-12 15:35:11,885 [Listener at localhost/15004] INFO  server.Server (Server.java:doStart(415)) - Started @28098ms
2023-05-12 15:35:11,885 [Listener at localhost/15004] WARN  impl.MetricsSystemImpl (MetricsSystemImpl.java:register(279)) - Sink prometheus already exists!
2023-05-12 15:35:11,886 [Listener at localhost/15004] INFO  http.BaseHttpServer (BaseHttpServer.java:updateConnectorAddress(344)) - HTTP server of ozoneManager listening at http://0.0.0.0:15005
2023-05-12 15:35:11,886 [IPC Server Responder] INFO  ipc.Server (Server.java:run(1558)) - IPC Server Responder: starting
2023-05-12 15:35:11,890 [IPC Server listener on 15004] INFO  ipc.Server (Server.java:run(1398)) - IPC Server listener on 15004: starting
2023-05-12 15:35:11,898 [Listener at localhost/15004] INFO  om.OzoneManager (OzoneManager.java:startTrashEmptier(2081)) - Trash Interval set to 0. Files deleted won't move to trash
2023-05-12 15:35:11,899 [org.apache.hadoop.util.JvmPauseMonitor$Monitor@12b1dcec] INFO  util.JvmPauseMonitor (JvmPauseMonitor.java:run(188)) - Starting JVM pause monitor
2023-05-12 15:35:11,905 [Listener at localhost/15004] INFO  om.OzoneManager (OzoneManager.java:stop(2196)) - omNode-3[localhost:15012]: Stopping Ozone Manager
2023-05-12 15:35:11,905 [Listener at localhost/15004] INFO  ipc.Server (Server.java:stop(3501)) - Stopping server on 15012
2023-05-12 15:35:11,906 [IPC Server listener on 15012] INFO  ipc.Server (Server.java:run(1430)) - Stopping IPC Server listener on 15012
2023-05-12 15:35:11,908 [IPC Server Responder] INFO  ipc.Server (Server.java:run(1563)) - Stopping IPC Server Responder
2023-05-12 15:35:11,909 [Listener at localhost/15004] INFO  server.RaftServer (RaftServerProxy.java:lambda$close$6(416)) - omNode-3: close
2023-05-12 15:35:11,909 [Listener at localhost/15004] INFO  server.GrpcService (GrpcService.java:closeImpl(311)) - omNode-3: shutdown server GrpcServerProtocolService now
2023-05-12 15:35:11,909 [omNode-3-impl-thread1] INFO  server.RaftServer$Division (RaftServerImpl.java:lambda$close$4(466)) - omNode-3@group-523986131536: shutdown
2023-05-12 15:35:11,909 [omNode-3-impl-thread1] INFO  util.JmxRegister (JmxRegister.java:unregister(73)) - Successfully un-registered JMX Bean with object name Ratis:service=RaftServer,group=group-523986131536,id=omNode-3
2023-05-12 15:35:11,909 [omNode-3-impl-thread1] INFO  impl.RoleInfo (RoleInfo.java:shutdownFollowerState(110)) - omNode-3: shutdown omNode-3@group-523986131536-FollowerState
2023-05-12 15:35:11,910 [omNode-3-impl-thread1] INFO  impl.StateMachineUpdater (StateMachineUpdater.java:stopAndJoin(155)) - omNode-3@group-523986131536-StateMachineUpdater: set stopIndex = 2
2023-05-12 15:35:11,910 [omNode-3@group-523986131536-StateMachineUpdater] INFO  ratis.OzoneManagerStateMachine (OzoneManagerStateMachine.java:takeSnapshot(479)) - Current Snapshot Index (t:2, i:2)
2023-05-12 15:35:11,910 [omNode-3@group-523986131536-FollowerState] INFO  impl.FollowerState (FollowerState.java:run(152)) - omNode-3@group-523986131536-FollowerState was interrupted
2023-05-12 15:35:11,916 [grpc-default-executor-1] WARN  server.GrpcServerProtocolService (LogUtils.java:warn(122)) - omNode-3: APPEND_ENTRIES onError, lastRequest: omNode-2->omNode-3#2-t2,previous=(t:2, i:1),leaderCommit=1,initializing? true,entries: size=1, first=(t:2, i:2), METADATAENTRY(c:1): org.apache.ratis.thirdparty.io.grpc.StatusRuntimeException: CANCELLED: client cancelled
2023-05-12 15:35:11,919 [grpc-default-executor-9] WARN  server.GrpcServerProtocolService (LogUtils.java:warn(122)) - omNode-3: APPEND_ENTRIES onError, lastRequest: null: org.apache.ratis.thirdparty.io.grpc.StatusRuntimeException: CANCELLED: client cancelled
2023-05-12 15:35:11,926 [Listener at localhost/15004] INFO  server.GrpcService (GrpcService.java:closeImpl(320)) - omNode-3: shutdown server GrpcServerProtocolService successfully
2023-05-12 15:35:11,927 [grpc-default-executor-8] WARN  server.GrpcLogAppender (LogUtils.java:warn(122)) - omNode-2@group-523986131536->omNode-3-AppendLogResponseHandler: Failed appendEntries: org.apache.ratis.thirdparty.io.grpc.StatusRuntimeException: CANCELLED: RST_STREAM closed stream. HTTP/2 error code: CANCEL
2023-05-12 15:35:11,927 [grpc-default-executor-8] INFO  leader.FollowerInfo (FollowerInfoImpl.java:lambda$new$0(52)) - omNode-2@group-523986131536->omNode-3: decreaseNextIndex nextIndex: updateUnconditionally 3 -> 2
2023-05-12 15:35:11,927 [grpc-default-executor-5] WARN  server.GrpcLogAppender (LogUtils.java:warn(122)) - omNode-2@group-523986131536->omNode-3-AppendLogResponseHandler: Failed appendEntries: org.apache.ratis.thirdparty.io.grpc.StatusRuntimeException: CANCELLED: RST_STREAM closed stream. HTTP/2 error code: CANCEL
2023-05-12 15:35:11,927 [grpc-default-executor-5] INFO  leader.FollowerInfo (FollowerInfoImpl.java:lambda$new$0(52)) - omNode-2@group-523986131536->omNode-3: decreaseNextIndex nextIndex: updateUnconditionally 2 -> 1
2023-05-12 15:35:11,932 [omNode-3@group-523986131536-StateMachineUpdater] INFO  impl.StateMachineUpdater (StateMachineUpdater.java:takeSnapshot(291)) - omNode-3@group-523986131536-StateMachineUpdater: Took a snapshot at index 2
2023-05-12 15:35:11,932 [omNode-3@group-523986131536-StateMachineUpdater] INFO  impl.StateMachineUpdater (StateMachineUpdater.java:lambda$new$0(97)) - omNode-3@group-523986131536-StateMachineUpdater: snapshotIndex: updateIncreasingly -1 -> 2
2023-05-12 15:35:11,932 [omNode-3@group-523986131536-StateMachineUpdater] INFO  ratis.OzoneManagerStateMachine (OzoneManagerStateMachine.java:close(533)) - StateMachine has shutdown. Shutdown OzoneManager if not already shutdown.
2023-05-12 15:35:11,932 [omNode-3@group-523986131536-StateMachineUpdater] INFO  ratis.OzoneManagerDoubleBuffer (OzoneManagerDoubleBuffer.java:stopDaemon(559)) - Stopping OMDoubleBuffer flush thread
2023-05-12 15:35:11,932 [OMDoubleBufferFlushThread] INFO  ratis.OzoneManagerDoubleBuffer (OzoneManagerDoubleBuffer.java:canFlush(648)) - OMDoubleBuffer flush thread OMDoubleBufferFlushThread is interrupted and will exit.
2023-05-12 15:35:11,933 [omNode-3-impl-thread1] INFO  server.RaftServer$Division (ServerState.java:close(472)) - omNode-3@group-523986131536: closes. applyIndex: 2
2023-05-12 15:35:11,936 [omNode-1-server-thread1] INFO  server.RaftServer$Division (ServerState.java:setLeader(317)) - omNode-1@group-523986131536: change Leader from null to omNode-2 at term 2 for appendEntries, leader elected after 498ms
2023-05-12 15:35:11,942 [grpc-default-executor-3] WARN  server.GrpcLogAppender (LogUtils.java:warn(122)) - omNode-2@group-523986131536->omNode-3-AppendLogResponseHandler: Failed appendEntries: org.apache.ratis.thirdparty.io.grpc.StatusRuntimeException: UNAVAILABLE: io exception
2023-05-12 15:35:11,943 [grpc-default-executor-3] INFO  leader.FollowerInfo (FollowerInfoImpl.java:lambda$new$0(52)) - omNode-2@group-523986131536->omNode-3: decreaseNextIndex nextIndex: updateUnconditionally 3 -> 2
2023-05-12 15:35:11,944 [omNode-1-server-thread1] INFO  server.RaftServer$Division (RaftServerImpl.java:checkInconsistentAppendEntries(1603)) - omNode-1@group-523986131536: Failed appendEntries as the first entry (index 0) already exists (snapshotIndex: 0, commitIndex: 0)
2023-05-12 15:35:11,944 [omNode-1-server-thread1] INFO  server.RaftServer$Division (RaftServerImpl.java:checkInconsistentAppendEntries(1583)) - omNode-1@group-523986131536: inconsistency entries. Reply:omNode-2<-omNode-1#24:FAIL-t2,INCONSISTENCY,nextIndex=1,followerCommit=0,matchIndex=-1
2023-05-12 15:35:11,946 [grpc-default-executor-1] WARN  server.GrpcLogAppender (GrpcLogAppender.java:onNextImpl(401)) - omNode-2@group-523986131536->omNode-1-AppendLogResponseHandler: received INCONSISTENCY reply with nextIndex 1
2023-05-12 15:35:11,947 [grpc-default-executor-1] INFO  leader.FollowerInfo (FollowerInfoImpl.java:lambda$new$0(52)) - omNode-2@group-523986131536->omNode-1: setNextIndex nextIndex: updateUnconditionally 3 -> 1
2023-05-12 15:35:11,953 [grpc-default-executor-1] WARN  server.GrpcLogAppender (LogUtils.java:warn(122)) - omNode-2@group-523986131536->omNode-3-AppendLogResponseHandler: Failed appendEntries: org.apache.ratis.thirdparty.io.grpc.StatusRuntimeException: UNAVAILABLE: io exception
2023-05-12 15:35:11,953 [grpc-default-executor-1] INFO  leader.FollowerInfo (FollowerInfoImpl.java:lambda$new$0(52)) - omNode-2@group-523986131536->omNode-3: decreaseNextIndex nextIndex: updateUnconditionally 2 -> 1
2023-05-12 15:35:11,956 [omNode-1-server-thread1] INFO  server.RaftServer$Division (ServerState.java:setRaftConf(434)) - omNode-1@group-523986131536: set configuration 1: peers:[omNode-3|rpc:localhost:15015|admin:|client:|dataStream:|priority:0|startupRole:FOLLOWER, omNode-1|rpc:localhost:15007|admin:|client:|dataStream:|priority:0|startupRole:FOLLOWER, omNode-2|rpc:localhost:15011|admin:|client:|dataStream:|priority:0|startupRole:FOLLOWER]|listeners:[], old=null
2023-05-12 15:35:11,956 [omNode-1-server-thread1] INFO  segmented.SegmentedRaftLogWorker (SegmentedRaftLogWorker.java:rollLogSegment(452)) - omNode-1@group-523986131536-SegmentedRaftLogWorker: Rolling segment log-0_0 to index:0
2023-05-12 15:35:11,958 [omNode-1@group-523986131536-SegmentedRaftLogWorker] INFO  segmented.SegmentedRaftLogWorker (SegmentedRaftLogWorker.java:execute(608)) - omNode-1@group-523986131536-SegmentedRaftLogWorker: Rolled log segment from /home/runner/work/ozone/ozone/hadoop-ozone/integration-test/target/test-dir/MiniOzoneClusterImpl-bfe86ff0-f9fb-433f-aae2-64a5a95eec81/omNode-1/ratis/c9bc4cf4-3bc3-3c60-a66b-523986131536/current/log_inprogress_0 to /home/runner/work/ozone/ozone/hadoop-ozone/integration-test/target/test-dir/MiniOzoneClusterImpl-bfe86ff0-f9fb-433f-aae2-64a5a95eec81/omNode-1/ratis/c9bc4cf4-3bc3-3c60-a66b-523986131536/current/log_0-0
2023-05-12 15:35:11,968 [omNode-1@group-523986131536-SegmentedRaftLogWorker] INFO  segmented.SegmentedRaftLogWorker (SegmentedRaftLogWorker.java:execute(651)) - omNode-1@group-523986131536-SegmentedRaftLogWorker: created new log segment /home/runner/work/ozone/ozone/hadoop-ozone/integration-test/target/test-dir/MiniOzoneClusterImpl-bfe86ff0-f9fb-433f-aae2-64a5a95eec81/omNode-1/ratis/c9bc4cf4-3bc3-3c60-a66b-523986131536/current/log_inprogress_1
2023-05-12 15:35:11,970 [omNode-1@group-523986131536-StateMachineUpdater] INFO  ratis.OzoneManagerStateMachine (OzoneManagerStateMachine.java:notifyConfigurationChanged(201)) - Received Configuration change notification from Ratis. New Peer list:
[id: "omNode-3"
address: "localhost:15015"
startupRole: FOLLOWER
, id: "omNode-1"
address: "localhost:15007"
startupRole: FOLLOWER
, id: "omNode-2"
address: "localhost:15011"
startupRole: FOLLOWER
]
2023-05-12 15:35:11,971 [grpc-default-executor-3] WARN  server.GrpcLogAppender (LogUtils.java:warn(122)) - omNode-2@group-523986131536->omNode-3-AppendLogResponseHandler: Failed appendEntries: org.apache.ratis.thirdparty.io.grpc.StatusRuntimeException: UNAVAILABLE: io exception
2023-05-12 15:35:11,972 [grpc-default-executor-5] WARN  server.GrpcLogAppender (LogUtils.java:warn(122)) - omNode-2@group-523986131536->omNode-3-AppendLogResponseHandler: Failed appendEntries: org.apache.ratis.thirdparty.io.grpc.StatusRuntimeException: UNAVAILABLE: io exception
2023-05-12 15:35:11,974 [grpc-default-executor-3] INFO  leader.FollowerInfo (FollowerInfoImpl.java:lambda$new$0(52)) - omNode-2@group-523986131536->omNode-3: decreaseNextIndex nextIndex: updateUnconditionally 3 -> 2
2023-05-12 15:35:11,974 [grpc-default-executor-5] INFO  leader.FollowerInfo (FollowerInfoImpl.java:lambda$new$0(52)) - omNode-2@group-523986131536->omNode-3: decreaseNextIndex nextIndex: updateUnconditionally 2 -> 1
2023-05-12 15:35:12,194 [omNode-3-impl-thread1] INFO  segmented.SegmentedRaftLogWorker (SegmentedRaftLogWorker.java:close(252)) - omNode-3@group-523986131536-SegmentedRaftLogWorker close()
2023-05-12 15:35:12,194 [JvmPauseMonitor2] INFO  util.JvmPauseMonitor (JvmPauseMonitor.java:run(109)) - JvmPauseMonitor-omNode-3: Stopped
2023-05-12 15:35:12,195 [Listener at localhost/15004] INFO  ratis.OzoneManagerStateMachine (OzoneManagerStateMachine.java:close(533)) - StateMachine has shutdown. Shutdown OzoneManager if not already shutdown.
2023-05-12 15:35:12,195 [Listener at localhost/15004] INFO  ratis.OzoneManagerDoubleBuffer (OzoneManagerDoubleBuffer.java:stopDaemon(568)) - OMDoubleBuffer flush thread is not running.
2023-05-12 15:35:12,196 [Listener at localhost/15004] INFO  utils.BackgroundService (BackgroundService.java:shutdown(141)) - Shutting down service KeyDeletingService
2023-05-12 15:35:12,196 [Listener at localhost/15004] INFO  utils.BackgroundService (BackgroundService.java:shutdown(141)) - Shutting down service KeyDeletingService
2023-05-12 15:35:12,196 [Listener at localhost/15004] INFO  utils.BackgroundService (BackgroundService.java:shutdown(141)) - Shutting down service OpenKeyCleanupService
2023-05-12 15:35:12,196 [Listener at localhost/15004] INFO  utils.BackgroundService (BackgroundService.java:shutdown(141)) - Shutting down service SstFilteringService
2023-05-12 15:35:12,197 [Listener at localhost/15004] INFO  utils.BackgroundService (BackgroundService.java:shutdown(141)) - Shutting down service SnapshotDeletingService
2023-05-12 15:35:12,197 [Listener at localhost/15004] INFO  handler.ContextHandler (ContextHandler.java:doStop(1159)) - Stopped o.e.j.w.WebAppContext@34e8256b{ozoneManager,/,null,STOPPED}{file:/home/runner/work/ozone/ozone/hadoop-ozone/integration-test/target/test-classes/webapps/ozoneManager}
2023-05-12 15:35:12,198 [Listener at localhost/15004] INFO  server.AbstractConnector (AbstractConnector.java:doStop(383)) - Stopped ServerConnector@58ae7fef{HTTP/1.1, (http/1.1)}{0.0.0.0:15013}
2023-05-12 15:35:12,198 [Listener at localhost/15004] INFO  server.session (HouseKeeper.java:stopScavenging(149)) - node0 Stopped scavenging
2023-05-12 15:35:12,198 [Listener at localhost/15004] INFO  handler.ContextHandler (ContextHandler.java:doStop(1159)) - Stopped o.e.j.s.ServletContextHandler@2bc8c738{static,/static,file:///home/runner/work/ozone/ozone/hadoop-ozone/integration-test/target/test-classes/webapps/static,STOPPED}
2023-05-12 15:35:12,199 [Listener at localhost/15004] INFO  handler.ContextHandler (ContextHandler.java:doStop(1159)) - Stopped o.e.j.s.ServletContextHandler@27c9672{logs,/logs,file:///home/runner/work/ozone/ozone/hadoop-ozone/integration-test/target/log,STOPPED}
2023-05-12 15:35:12,201 [Listener at localhost/15004] INFO  utils.BackgroundService (BackgroundService.java:shutdown(141)) - Shutting down service SnapshotDiffCleanupService
2023-05-12 15:35:12,203 [Listener at localhost/15004] INFO  om.OzoneManager (OzoneManager.java:restart(1694)) - OzoneManager RPC server is listening at localhost/127.0.0.1:15012
2023-05-12 15:35:12,203 [Listener at localhost/15004] INFO  impl.MetricsSystemImpl (MetricsSystemImpl.java:init(158)) - OzoneManager metrics system started (again)
2023-05-12 15:35:12,212 [grpc-default-executor-5] WARN  server.GrpcLogAppender (LogUtils.java:warn(122)) - omNode-2@group-523986131536->omNode-3-AppendLogResponseHandler: Failed appendEntries: org.apache.ratis.thirdparty.io.grpc.StatusRuntimeException: UNAVAILABLE: io exception
2023-05-12 15:35:12,213 [grpc-default-executor-3] WARN  server.GrpcLogAppender (LogUtils.java:warn(122)) - omNode-2@group-523986131536->omNode-3-AppendLogResponseHandler: Failed appendEntries: org.apache.ratis.thirdparty.io.grpc.StatusRuntimeException: UNAVAILABLE: io exception
2023-05-12 15:35:12,214 [grpc-default-executor-5] INFO  leader.FollowerInfo (FollowerInfoImpl.java:lambda$new$0(52)) - omNode-2@group-523986131536->omNode-3: decreaseNextIndex nextIndex: updateUnconditionally 1 -> 0
2023-05-12 15:35:12,218 [Listener at localhost/15004] WARN  server.ServerUtils (ServerUtils.java:getDBPath(225)) - ozone.om.db.dirs is not configured. We recommend adding this setting. Falling back to ozone.metadata.dirs instead.
2023-05-12 15:35:12,219 [Listener at localhost/15004] INFO  codec.OmKeyInfoCodec (OmKeyInfoCodec.java:<init>(49)) - OmKeyInfoCodec ignorePipeline = true
2023-05-12 15:35:12,219 [Listener at localhost/15004] INFO  codec.RepeatedOmKeyInfoCodec (RepeatedOmKeyInfoCodec.java:<init>(41)) - RepeatedOmKeyInfoCodec ignorePipeline = true
2023-05-12 15:35:12,222 [grpc-default-executor-3] WARN  server.GrpcLogAppender (LogUtils.java:warn(122)) - omNode-2@group-523986131536->omNode-3-AppendLogResponseHandler: Failed appendEntries: org.apache.ratis.thirdparty.io.grpc.StatusRuntimeException: UNAVAILABLE: io exception
2023-05-12 15:35:12,223 [grpc-default-executor-3] INFO  leader.FollowerInfo (FollowerInfoImpl.java:lambda$new$0(52)) - omNode-2@group-523986131536->omNode-3: decreaseNextIndex nextIndex: updateUnconditionally 3 -> 2
2023-05-12 15:35:12,223 [grpc-default-executor-5] WARN  server.GrpcLogAppender (LogUtils.java:warn(122)) - omNode-2@group-523986131536->omNode-3-AppendLogResponseHandler: Failed appendEntries: org.apache.ratis.thirdparty.io.grpc.StatusRuntimeException: UNAVAILABLE: io exception
2023-05-12 15:35:12,223 [grpc-default-executor-5] INFO  leader.FollowerInfo (FollowerInfoImpl.java:lambda$new$0(52)) - omNode-2@group-523986131536->omNode-3: decreaseNextIndex nextIndex: updateUnconditionally 2 -> 1
2023-05-12 15:35:12,270 [Listener at localhost/15004] INFO  om.OzoneManager (OzoneManager.java:instantiateServices(774)) - S3 Multi-Tenancy is disabled
2023-05-12 15:35:12,271 [Listener at localhost/15004] INFO  om.OmSnapshotManager (OmSnapshotManager.java:<init>(171)) - Ozone filesystem snapshot feature is enabled.
2023-05-12 15:35:12,271 [Listener at localhost/15004] WARN  server.ServerUtils (ServerUtils.java:getDBPath(225)) - ozone.om.snapshot.diff.db.dir is not configured. We recommend adding this setting. Falling back to ozone.metadata.dirs instead.
2023-05-12 15:35:12,291 [Listener at localhost/15004] WARN  server.ServerUtils (ServerUtils.java:getDefaultRatisDirectory(237)) - Storage directory for Ratis is not configured. It is a good idea to map this to an SSD disk. Falling back to ozone.metadata.dirs
2023-05-12 15:35:12,292 [Listener at localhost/15004] INFO  ratis.OzoneManagerRatisServer (OzoneManagerRatisServer.java:<init>(163)) - Instantiating OM Ratis server with groupID: om-service-test1 and peers: localhost:15015, localhost:15007, localhost:15011
2023-05-12 15:35:12,293 [Listener at localhost/15004] INFO  ratis.OzoneManagerStateMachine (OzoneManagerStateMachine.java:loadSnapshotInfoFromDB(670)) - LastAppliedIndex is set from TransactionInfo from OM DB as (t:2, i:2)
2023-05-12 15:35:12,293 [Listener at localhost/15004] INFO  server.RaftServer (ConfUtils.java:logGet(46)) - raft.rpc.type = GRPC (default)
2023-05-12 15:35:12,293 [Listener at localhost/15004] INFO  grpc.GrpcConfigKeys (ConfUtils.java:logFallback(53)) - raft.grpc.admin.host = null (fallback to raft.grpc.server.host)
2023-05-12 15:35:12,293 [Listener at localhost/15004] INFO  grpc.GrpcConfigKeys (ConfUtils.java:logFallback(53)) - raft.grpc.admin.port = 15015 (fallback to raft.grpc.server.port)
2023-05-12 15:35:12,294 [Listener at localhost/15004] INFO  grpc.GrpcConfigKeys (ConfUtils.java:logFallback(53)) - raft.grpc.client.host = null (fallback to raft.grpc.server.host)
2023-05-12 15:35:12,294 [Listener at localhost/15004] INFO  grpc.GrpcConfigKeys (ConfUtils.java:logFallback(53)) - raft.grpc.client.port = 15015 (fallback to raft.grpc.server.port)
2023-05-12 15:35:12,294 [Listener at localhost/15004] INFO  grpc.GrpcConfigKeys (ConfUtils.java:logGet(46)) - raft.grpc.server.host = null (default)
2023-05-12 15:35:12,295 [Listener at localhost/15004] INFO  grpc.GrpcConfigKeys (ConfUtils.java:logGet(46)) - raft.grpc.server.port = 15015 (custom)
2023-05-12 15:35:12,295 [Listener at localhost/15004] INFO  server.GrpcService (ConfUtils.java:logGet(46)) - raft.grpc.message.size.max = 33554432 (custom)
2023-05-12 15:35:12,295 [Listener at localhost/15004] INFO  server.RaftServerConfigKeys (ConfUtils.java:logGet(46)) - raft.server.log.appender.buffer.byte-limit = 33554432 (custom)
2023-05-12 15:35:12,295 [Listener at localhost/15004] INFO  server.GrpcService (ConfUtils.java:logGet(46)) - raft.grpc.flow.control.window = 1MB (=1048576) (default)
2023-05-12 15:35:12,295 [Listener at localhost/15004] INFO  server.RaftServerConfigKeys (ConfUtils.java:logGet(46)) - raft.server.rpc.request.timeout = 3000ms (default)
2023-05-12 15:35:12,295 [Listener at localhost/15004] INFO  grpc.GrpcConfigKeys (ConfUtils.java:logGet(46)) - raft.grpc.server.heartbeat.channel = true (default)
2023-05-12 15:35:12,296 [Listener at localhost/15004] INFO  grpc.GrpcConfigKeys (ConfUtils.java:logGet(46)) - raft.grpc.server.async.request.thread.pool.cached = true (default)
2023-05-12 15:35:12,296 [Listener at localhost/15004] INFO  grpc.GrpcConfigKeys (ConfUtils.java:logGet(46)) - raft.grpc.server.async.request.thread.pool.size = 32 (default)
2023-05-12 15:35:12,297 [Listener at localhost/15004] INFO  impl.DataStreamServerImpl (ConfUtils.java:logGet(46)) - raft.datastream.type = DISABLED (default)
2023-05-12 15:35:12,297 [Listener at localhost/15004] INFO  server.RaftServerConfigKeys (ConfUtils.java:logGet(46)) - raft.server.threadpool.proxy.cached = true (default)
2023-05-12 15:35:12,298 [Listener at localhost/15004] INFO  server.RaftServerConfigKeys (ConfUtils.java:logGet(46)) - raft.server.threadpool.proxy.size = 0 (default)
2023-05-12 15:35:12,298 [Listener at localhost/15004] INFO  server.RaftServerConfigKeys (ConfUtils.java:logGet(46)) - raft.server.rpc.slowness.timeout = 2s (custom)
2023-05-12 15:35:12,298 [Listener at localhost/15004] INFO  server.RaftServerConfigKeys (ConfUtils.java:logGet(46)) - raft.server.leaderelection.leader.step-down.wait-time = 10s (default)
2023-05-12 15:35:12,298 [Listener at localhost/15004] INFO  server.RaftServerConfigKeys (ConfUtils.java:logGet(46)) - raft.server.storage.dir = [/home/runner/work/ozone/ozone/hadoop-ozone/integration-test/target/test-dir/MiniOzoneClusterImpl-bfe86ff0-f9fb-433f-aae2-64a5a95eec81/omNode-3/ratis] (custom)
2023-05-12 15:35:12,298 [omNode-3-impl-thread1] INFO  server.RaftServer (RaftServerProxy.java:initGroupDir(258)) - omNode-3: found a subdirectory /home/runner/work/ozone/ozone/hadoop-ozone/integration-test/target/test-dir/MiniOzoneClusterImpl-bfe86ff0-f9fb-433f-aae2-64a5a95eec81/omNode-3/ratis/c9bc4cf4-3bc3-3c60-a66b-523986131536
2023-05-12 15:35:12,299 [Listener at localhost/15004] INFO  server.RaftServer (RaftServerProxy.java:addNew(98)) - omNode-3: addNew group-523986131536:[omNode-3|rpc:localhost:15015|priority:0|startupRole:FOLLOWER, omNode-1|rpc:localhost:15007|priority:0|startupRole:FOLLOWER, omNode-2|rpc:localhost:15011|priority:0|startupRole:FOLLOWER] returns group-523986131536:java.util.concurrent.CompletableFuture@4a707c45[Not completed]
2023-05-12 15:35:12,299 [Listener at localhost/15004] INFO  om.OzoneManager (OzoneManager.java:initializeRatisServer(2137)) - OzoneManager Ratis server initialized at port 15015
2023-05-12 15:35:12,299 [Listener at localhost/15004] INFO  ratis.OzoneManagerRatisServer (OzoneManagerRatisServer.java:start(558)) - Starting OzoneManagerRatisServer omNode-3 at port 15015
2023-05-12 15:35:12,299 [omNode-3-groupManagement] INFO  server.RaftServer$Division (RaftServerImpl.java:<init>(198)) - omNode-3: new RaftServerImpl for group-523986131536:[omNode-3|rpc:localhost:15015|priority:0|startupRole:FOLLOWER, omNode-1|rpc:localhost:15007|priority:0|startupRole:FOLLOWER, omNode-2|rpc:localhost:15011|priority:0|startupRole:FOLLOWER] with OzoneManagerStateMachine:uninitialized
2023-05-12 15:35:12,300 [omNode-3-groupManagement] INFO  server.RaftServerConfigKeys (ConfUtils.java:logGet(46)) - raft.server.rpc.timeout.min = 1s (custom)
2023-05-12 15:35:12,301 [omNode-3-groupManagement] INFO  server.RaftServerConfigKeys (ConfUtils.java:logGet(46)) - raft.server.rpc.timeout.max = 1200ms (custom)
2023-05-12 15:35:12,301 [omNode-3-groupManagement] INFO  server.RaftServerConfigKeys (ConfUtils.java:logGet(46)) - raft.server.rpc.sleep.time = 25ms (default)
2023-05-12 15:35:12,301 [omNode-3-groupManagement] INFO  server.RaftServerConfigKeys (ConfUtils.java:logGet(46)) - raft.server.rpc.slowness.timeout = 2s (custom)
2023-05-12 15:35:12,301 [omNode-3-groupManagement] INFO  server.RaftServerConfigKeys (ConfUtils.java:logGet(46)) - raft.server.leaderelection.leader.step-down.wait-time = 10s (default)
2023-05-12 15:35:12,301 [omNode-3-groupManagement] INFO  server.RaftServerConfigKeys (ConfUtils.java:logGet(46)) - raft.server.sleep.deviation.threshold = 300ms (default)
2023-05-12 15:35:12,301 [omNode-3-groupManagement] INFO  server.RaftServer$Division (ServerState.java:<init>(120)) - omNode-3@group-523986131536: ConfigurationManager, init=-1: peers:[omNode-3|rpc:localhost:15015|priority:0|startupRole:FOLLOWER, omNode-1|rpc:localhost:15007|priority:0|startupRole:FOLLOWER, omNode-2|rpc:localhost:15011|priority:0|startupRole:FOLLOWER]|listeners:[], old=null, confs=<EMPTY_MAP>
2023-05-12 15:35:12,301 [omNode-3-groupManagement] INFO  server.RaftServerConfigKeys (ConfUtils.java:logGet(46)) - raft.server.storage.dir = [/home/runner/work/ozone/ozone/hadoop-ozone/integration-test/target/test-dir/MiniOzoneClusterImpl-bfe86ff0-f9fb-433f-aae2-64a5a95eec81/omNode-3/ratis] (custom)
2023-05-12 15:35:12,301 [omNode-3-groupManagement] INFO  server.RaftServerConfigKeys (ConfUtils.java:logGet(46)) - raft.server.log.corruption.policy = EXCEPTION (default)
2023-05-12 15:35:12,301 [omNode-3-groupManagement] INFO  server.RaftServerConfigKeys (ConfUtils.java:logGet(46)) - raft.server.storage.free-space.min = 0MB (=0) (default)
2023-05-12 15:35:12,301 [omNode-3-groupManagement] INFO  server.RaftServerConfigKeys (ConfUtils.java:logGet(46)) - raft.server.notification.no-leader.timeout = 2s (custom)
2023-05-12 15:35:12,302 [omNode-3-groupManagement] INFO  server.RaftServerConfigKeys (ConfUtils.java:logGet(46)) - raft.server.read.timeout = 10s (default)
2023-05-12 15:35:12,302 [omNode-3-groupManagement] INFO  server.RaftServerConfigKeys (ConfUtils.java:logGet(46)) - raft.server.retrycache.expirytime = 30000ms (custom)
2023-05-12 15:35:12,302 [omNode-3-groupManagement] INFO  server.RaftServerConfigKeys (ConfUtils.java:logGet(46)) - raft.server.retrycache.statistics.expirytime = 100μs (default)
2023-05-12 15:35:12,302 [omNode-3-groupManagement] INFO  server.RaftServerConfigKeys (ConfUtils.java:logGet(46)) - raft.server.read.option = DEFAULT (default)
2023-05-12 15:35:12,303 [omNode-3-groupManagement] INFO  server.RaftServerConfigKeys (ConfUtils.java:logGet(46)) - raft.server.rpc.request.timeout = 3000ms (default)
2023-05-12 15:35:12,303 [omNode-3-groupManagement] INFO  server.RaftServerConfigKeys (ConfUtils.java:logGet(46)) - raft.server.log.appender.install.snapshot.enabled = false (custom)
2023-05-12 15:35:12,303 [omNode-3-groupManagement] INFO  server.RaftServerConfigKeys (ConfUtils.java:logGet(46)) - raft.server.threadpool.server.cached = true (default)
2023-05-12 15:35:12,303 [omNode-3-groupManagement] INFO  server.RaftServerConfigKeys (ConfUtils.java:logGet(46)) - raft.server.threadpool.server.size = 0 (default)
2023-05-12 15:35:12,303 [omNode-3-groupManagement] INFO  server.RaftServerConfigKeys (ConfUtils.java:logGet(46)) - raft.server.threadpool.client.cached = true (default)
2023-05-12 15:35:12,303 [omNode-3-groupManagement] INFO  server.RaftServerConfigKeys (ConfUtils.java:logGet(46)) - raft.server.threadpool.client.size = 0 (default)
2023-05-12 15:35:12,304 [omNode-3-impl-thread1] INFO  storage.RaftStorageDirectory (RaftStorageDirectoryImpl.java:tryLock(231)) - Lock on /home/runner/work/ozone/ozone/hadoop-ozone/integration-test/target/test-dir/MiniOzoneClusterImpl-bfe86ff0-f9fb-433f-aae2-64a5a95eec81/omNode-3/ratis/c9bc4cf4-3bc3-3c60-a66b-523986131536/in_use.lock acquired by nodename 89313@fv-az1245-539
2023-05-12 15:35:12,304 [omNode-3-impl-thread1] INFO  storage.RaftStorage (RaftStorageImpl.java:analyzeAndRecoverStorage(117)) - Read RaftStorageMetadata{term=2, votedFor=omNode-2} from /home/runner/work/ozone/ozone/hadoop-ozone/integration-test/target/test-dir/MiniOzoneClusterImpl-bfe86ff0-f9fb-433f-aae2-64a5a95eec81/omNode-3/ratis/c9bc4cf4-3bc3-3c60-a66b-523986131536/current/raft-meta
2023-05-12 15:35:12,305 [omNode-3-impl-thread1] INFO  server.RaftServer$Division (ServerState.java:setRaftConf(434)) - omNode-3@group-523986131536: set configuration 1: peers:[omNode-3|rpc:localhost:15015|admin:|client:|dataStream:|priority:0|startupRole:FOLLOWER, omNode-1|rpc:localhost:15007|admin:|client:|dataStream:|priority:0|startupRole:FOLLOWER, omNode-2|rpc:localhost:15011|admin:|client:|dataStream:|priority:0|startupRole:FOLLOWER]|listeners:[], old=null
2023-05-12 15:35:12,306 [omNode-3-impl-thread1] INFO  server.RaftServerConfigKeys (ConfUtils.java:logGet(46)) - raft.server.log.use.memory = false (default)
2023-05-12 15:35:12,306 [omNode-3-impl-thread1] INFO  server.RaftServerConfigKeys (ConfUtils.java:logGet(46)) - raft.server.log.purge.gap = 50 (custom)
2023-05-12 15:35:12,306 [omNode-3-impl-thread1] INFO  server.RaftServerConfigKeys (ConfUtils.java:logGet(46)) - raft.server.log.appender.buffer.byte-limit = 33554432 (custom)
2023-05-12 15:35:12,306 [omNode-3-impl-thread1] INFO  server.RaftServerConfigKeys (ConfUtils.java:logGet(46)) - raft.server.log.statemachine.data.read.timeout = 1000ms (default)
2023-05-12 15:35:12,306 [omNode-3-impl-thread1] INFO  server.RaftServerConfigKeys (ConfUtils.java:logGet(46)) - raft.server.log.purge.preservation.log.num = 0 (default)
2023-05-12 15:35:12,306 [omNode-3-impl-thread1] INFO  server.RaftServerConfigKeys (ConfUtils.java:logGet(46)) - raft.server.log.segment.size.max = 4194304 (custom)
2023-05-12 15:35:12,306 [omNode-3-impl-thread1] INFO  server.RaftServerConfigKeys (ConfUtils.java:logGet(46)) - raft.server.log.segment.cache.num.max = 2 (custom)
2023-05-12 15:35:12,306 [omNode-3-impl-thread1] INFO  server.RaftServerConfigKeys (ConfUtils.java:logGet(46)) - raft.server.log.segment.cache.size.max = 200MB (=209715200) (default)
2023-05-12 15:35:12,306 [omNode-3-impl-thread1] INFO  server.RaftServerConfigKeys (ConfUtils.java:logGet(46)) - raft.server.log.appender.buffer.byte-limit = 33554432 (custom)
2023-05-12 15:35:12,306 [omNode-3-impl-thread1] INFO  segmented.SegmentedRaftLogWorker (SegmentedRaftLogWorker.java:<init>(188)) - new omNode-3@group-523986131536-SegmentedRaftLogWorker for RaftStorageImpl:Storage Directory /home/runner/work/ozone/ozone/hadoop-ozone/integration-test/target/test-dir/MiniOzoneClusterImpl-bfe86ff0-f9fb-433f-aae2-64a5a95eec81/omNode-3/ratis/c9bc4cf4-3bc3-3c60-a66b-523986131536
2023-05-12 15:35:12,306 [omNode-3-impl-thread1] INFO  server.RaftServerConfigKeys (ConfUtils.java:logGet(46)) - raft.server.log.queue.byte-limit = 64MB (=67108864) (default)
2023-05-12 15:35:12,306 [omNode-3-impl-thread1] INFO  server.RaftServerConfigKeys (ConfUtils.java:logGet(46)) - raft.server.log.queue.element-limit = 4096 (default)
2023-05-12 15:35:12,306 [omNode-3-impl-thread1] INFO  server.RaftServerConfigKeys (ConfUtils.java:logGet(46)) - raft.server.log.segment.size.max = 4194304 (custom)
2023-05-12 15:35:12,307 [omNode-3-impl-thread1] INFO  server.RaftServerConfigKeys (ConfUtils.java:logGet(46)) - raft.server.log.preallocated.size = 4194304 (custom)
2023-05-12 15:35:12,307 [omNode-3-impl-thread1] INFO  server.RaftServerConfigKeys (ConfUtils.java:logGet(46)) - raft.server.log.force.sync.num = 128 (default)
2023-05-12 15:35:12,307 [omNode-3-impl-thread1] INFO  server.RaftServerConfigKeys (ConfUtils.java:logGet(46)) - raft.server.log.statemachine.data.sync = true (default)
2023-05-12 15:35:12,307 [omNode-3-impl-thread1] INFO  server.RaftServerConfigKeys (ConfUtils.java:logGet(46)) - raft.server.log.statemachine.data.sync.timeout = 10s (default)
2023-05-12 15:35:12,307 [omNode-3-impl-thread1] INFO  server.RaftServerConfigKeys (ConfUtils.java:logGet(46)) - raft.server.log.statemachine.data.sync.timeout.retry = -1 (default)
2023-05-12 15:35:12,307 [omNode-3-impl-thread1] INFO  server.RaftServerConfigKeys (ConfUtils.java:logGet(46)) - raft.server.log.write.buffer.size = 64KB (=65536) (default)
2023-05-12 15:35:12,307 [omNode-3-impl-thread1] INFO  server.RaftServerConfigKeys (ConfUtils.java:logGet(46)) - raft.server.log.appender.buffer.byte-limit = 33554432 (custom)
2023-05-12 15:35:12,313 [omNode-3-impl-thread1] INFO  server.RaftServerConfigKeys (ConfUtils.java:logGet(46)) - raft.server.log.unsafe-flush.enabled = false (default)
2023-05-12 15:35:12,314 [omNode-3-impl-thread1] INFO  server.RaftServerConfigKeys (ConfUtils.java:logGet(46)) - raft.server.log.async-flush.enabled = false (default)
2023-05-12 15:35:12,314 [omNode-3-impl-thread1] INFO  server.RaftServerConfigKeys (ConfUtils.java:logGet(46)) - raft.server.log.statemachine.data.caching.enabled = false (default)
2023-05-12 15:35:12,315 [omNode-3-impl-thread1] INFO  server.RaftServer$Division (ServerState.java:setRaftConf(434)) - omNode-3@group-523986131536: set configuration 0: peers:[omNode-3|rpc:localhost:15015|admin:|client:|dataStream:|priority:0|startupRole:FOLLOWER, omNode-1|rpc:localhost:15007|admin:|client:|dataStream:|priority:0|startupRole:FOLLOWER, omNode-2|rpc:localhost:15011|admin:|client:|dataStream:|priority:0|startupRole:FOLLOWER]|listeners:[], old=null
2023-05-12 15:35:12,315 [omNode-3-impl-thread1] INFO  segmented.LogSegment (LogSegment.java:loadSegment(170)) - Successfully read 1 entries from segment file /home/runner/work/ozone/ozone/hadoop-ozone/integration-test/target/test-dir/MiniOzoneClusterImpl-bfe86ff0-f9fb-433f-aae2-64a5a95eec81/omNode-3/ratis/c9bc4cf4-3bc3-3c60-a66b-523986131536/current/log_0-0
2023-05-12 15:35:12,317 [omNode-3-impl-thread1] INFO  server.RaftServer$Division (ServerState.java:setRaftConf(434)) - omNode-3@group-523986131536: set configuration 1: peers:[omNode-3|rpc:localhost:15015|admin:|client:|dataStream:|priority:0|startupRole:FOLLOWER, omNode-1|rpc:localhost:15007|admin:|client:|dataStream:|priority:0|startupRole:FOLLOWER, omNode-2|rpc:localhost:15011|admin:|client:|dataStream:|priority:0|startupRole:FOLLOWER]|listeners:[], old=null
2023-05-12 15:35:12,317 [omNode-3-impl-thread1] INFO  segmented.LogSegment (LogSegment.java:loadSegment(170)) - Successfully read 2 entries from segment file /home/runner/work/ozone/ozone/hadoop-ozone/integration-test/target/test-dir/MiniOzoneClusterImpl-bfe86ff0-f9fb-433f-aae2-64a5a95eec81/omNode-3/ratis/c9bc4cf4-3bc3-3c60-a66b-523986131536/current/log_inprogress_1
2023-05-12 15:35:12,317 [omNode-3-impl-thread1] INFO  segmented.SegmentedRaftLogWorker (SegmentedRaftLogWorker.java:lambda$new$0(135)) - omNode-3@group-523986131536-SegmentedRaftLogWorker: flushIndex: setUnconditionally 0 -> 2
2023-05-12 15:35:12,318 [omNode-3-impl-thread1] INFO  server.RaftServer$Division (RaftServerImpl.java:start(342)) - omNode-3@group-523986131536: start as a follower, conf=1: peers:[omNode-3|rpc:localhost:15015|admin:|client:|dataStream:|priority:0|startupRole:FOLLOWER, omNode-1|rpc:localhost:15007|admin:|client:|dataStream:|priority:0|startupRole:FOLLOWER, omNode-2|rpc:localhost:15011|admin:|client:|dataStream:|priority:0|startupRole:FOLLOWER]|listeners:[], old=null
2023-05-12 15:35:12,318 [omNode-3-impl-thread1] INFO  server.RaftServer$Division (RaftServerImpl.java:setRole(329)) - omNode-3@group-523986131536: changes role from      null to FOLLOWER at term 2 for startAsFollower
2023-05-12 15:35:12,318 [omNode-3-impl-thread1] INFO  impl.RoleInfo (RoleInfo.java:updateAndGet(139)) - omNode-3: start omNode-3@group-523986131536-FollowerState
2023-05-12 15:35:12,321 [omNode-3-impl-thread1] INFO  util.JmxRegister (JmxRegister.java:tryRegister(44)) - Successfully registered JMX Bean with object name Ratis:service=RaftServer,group=group-523986131536,id=omNode-3
2023-05-12 15:35:12,321 [omNode-3-impl-thread1] INFO  server.RaftServerConfigKeys (ConfUtils.java:logGet(46)) - raft.server.snapshot.auto.trigger.enabled = true (custom)
2023-05-12 15:35:12,321 [omNode-3-impl-thread1] INFO  server.RaftServerConfigKeys (ConfUtils.java:logGet(46)) - raft.server.snapshot.auto.trigger.threshold = 50 (custom)
2023-05-12 15:35:12,321 [omNode-3-impl-thread1] INFO  server.RaftServerConfigKeys (ConfUtils.java:logGet(46)) - raft.server.snapshot.retention.file.num = -1 (default)
2023-05-12 15:35:12,321 [omNode-3-impl-thread1] INFO  server.RaftServerConfigKeys (ConfUtils.java:logGet(46)) - raft.server.log.purge.upto.snapshot.index = true (custom)
2023-05-12 15:35:12,321 [omNode-3@group-523986131536-FollowerState] INFO  server.RaftServerConfigKeys (ConfUtils.java:logFallback(53)) - raft.server.rpc.first-election.timeout.min = 1s (fallback to raft.server.rpc.timeout.min)
2023-05-12 15:35:12,321 [omNode-3@group-523986131536-FollowerState] INFO  server.RaftServerConfigKeys (ConfUtils.java:logFallback(53)) - raft.server.rpc.first-election.timeout.max = 1200ms (fallback to raft.server.rpc.timeout.max)
2023-05-12 15:35:12,322 [Listener at localhost/15004] INFO  server.RaftServer (RaftServerProxy.java:startImpl(400)) - omNode-3: start RPC server
2023-05-12 15:35:12,331 [Listener at localhost/15004] INFO  server.GrpcService (GrpcService.java:startImpl(302)) - omNode-3: GrpcService started, listening on 15015
2023-05-12 15:35:12,333 [Listener at localhost/15004] INFO  om.OzoneManager (OzoneManager.java:getRpcServer(1184)) - Creating RPC Server
2023-05-12 15:35:12,335 [JvmPauseMonitor7] INFO  util.JvmPauseMonitor (JvmPauseMonitor.java:run(103)) - JvmPauseMonitor-omNode-3: Started
2023-05-12 15:35:12,463 [grpc-default-executor-5] WARN  server.GrpcLogAppender (LogUtils.java:warn(122)) - omNode-2@group-523986131536->omNode-3-AppendLogResponseHandler: Failed appendEntries: org.apache.ratis.thirdparty.io.grpc.StatusRuntimeException: UNAVAILABLE: io exception
2023-05-12 15:35:12,463 [grpc-default-executor-3] WARN  server.GrpcLogAppender (LogUtils.java:warn(122)) - omNode-2@group-523986131536->omNode-3-AppendLogResponseHandler: Failed appendEntries: org.apache.ratis.thirdparty.io.grpc.StatusRuntimeException: UNAVAILABLE: io exception
2023-05-12 15:35:12,464 [grpc-default-executor-5] INFO  leader.FollowerInfo (FollowerInfoImpl.java:lambda$new$0(52)) - omNode-2@group-523986131536->omNode-3: decreaseNextIndex nextIndex: updateUnconditionally 1 -> 0
2023-05-12 15:35:12,485 [omNode-3-server-thread1] INFO  server.RaftServer$Division (ServerState.java:setLeader(317)) - omNode-3@group-523986131536: change Leader from null to omNode-2 at term 2 for appendEntries, leader elected after 179ms
2023-05-12 15:35:12,485 [omNode-3-server-thread1] INFO  server.RaftServer$Division (RaftServerImpl.java:checkInconsistentAppendEntries(1603)) - omNode-3@group-523986131536: Failed appendEntries as the first entry (index 0) already exists (snapshotIndex: 2, commitIndex: 2)
2023-05-12 15:35:12,485 [omNode-3-server-thread1] INFO  server.RaftServer$Division (RaftServerImpl.java:checkInconsistentAppendEntries(1583)) - omNode-3@group-523986131536: inconsistency entries. Reply:omNode-2<-omNode-3#15:FAIL-t2,INCONSISTENCY,nextIndex=3,followerCommit=2,matchIndex=-1
2023-05-12 15:35:12,486 [grpc-default-executor-3] WARN  server.GrpcLogAppender (GrpcLogAppender.java:onNextImpl(401)) - omNode-2@group-523986131536->omNode-3-AppendLogResponseHandler: received INCONSISTENCY reply with nextIndex 3
2023-05-12 15:35:12,529 [omNode-1@group-523986131536-FollowerState] INFO  server.RaftServerConfigKeys (ConfUtils.java:logFallback(53)) - raft.server.rpc.first-election.timeout.min = 1s (fallback to raft.server.rpc.timeout.min)
2023-05-12 15:35:12,529 [omNode-1@group-523986131536-FollowerState] INFO  server.RaftServerConfigKeys (ConfUtils.java:logFallback(53)) - raft.server.rpc.first-election.timeout.max = 1200ms (fallback to raft.server.rpc.timeout.max)
2023-05-12 15:35:12,650 [Listener at localhost/15004] INFO  reflections.Reflections (Reflections.java:scan(232)) - Reflections took 316 ms to scan 19 urls, producing 69 keys and 5177 values [using 2 cores]
2023-05-12 15:35:12,651 [Listener at localhost/15004] INFO  ipc.CallQueueManager (CallQueueManager.java:<init>(90)) - Using callQueue: class java.util.concurrent.LinkedBlockingQueue, queueCapacity: 2000, scheduler: class org.apache.hadoop.ipc.DefaultRpcScheduler, ipcBackoff: false.
2023-05-12 15:35:12,653 [Socket Reader #1 for port 15012] INFO  ipc.Server (Server.java:run(1319)) - Starting Socket Reader #1 for port 15012
2023-05-12 15:35:12,656 [Listener at localhost/15012] INFO  http.BaseHttpServer (BaseHttpServer.java:newHttpServer2BuilderForOzone(224)) - Starting Web-server for ozoneManager at: http://0.0.0.0:15013
2023-05-12 15:35:12,657 [Listener at localhost/15012] INFO  http.BaseHttpServer (BaseHttpServer.java:<init>(111)) - Hadoop Security Enabled: false Ozone Security Enabled: false Ozone HTTP Security Enabled: false 
2023-05-12 15:35:12,658 [Listener at localhost/15012] WARN  server.AuthenticationFilter (AuthenticationFilter.java:constructSecretProvider(240)) - Unable to initialize FileSignerSecretProvider, falling back to use random secrets. Reason: Could not read signature secret file: /home/runner/hadoop-http-auth-signature-secret
2023-05-12 15:35:12,659 [Listener at localhost/15012] INFO  http.HttpRequestLog (HttpRequestLog.java:getRequestLog(86)) - Http request log for http.requests.ozoneManager is not defined
2023-05-12 15:35:12,660 [Listener at localhost/15012] INFO  http.HttpServer2 (HttpServer2.java:addGlobalFilter(1031)) - Added global filter 'safety' (class=org.apache.hadoop.hdds.server.http.HttpServer2$QuotingInputFilter)
2023-05-12 15:35:12,661 [Listener at localhost/15012] INFO  http.HttpServer2 (HttpServer2.java:addFilter(1007)) - Added filter static_user_filter (class=org.apache.hadoop.http.lib.StaticUserWebFilter$StaticUserFilter) to context ozoneManager
2023-05-12 15:35:12,661 [Listener at localhost/15012] INFO  http.HttpServer2 (HttpServer2.java:addFilter(1015)) - Added filter static_user_filter (class=org.apache.hadoop.http.lib.StaticUserWebFilter$StaticUserFilter) to context static
2023-05-12 15:35:12,661 [Listener at localhost/15012] INFO  http.HttpServer2 (HttpServer2.java:addFilter(1015)) - Added filter static_user_filter (class=org.apache.hadoop.http.lib.StaticUserWebFilter$StaticUserFilter) to context logs
2023-05-12 15:35:12,666 [Listener at localhost/15012] INFO  http.BaseHttpServer (BaseHttpServer.java:<init>(190)) - HTTP server of ozoneManager uses base directory /home/runner/work/ozone/ozone/hadoop-ozone/integration-test/target/test-dir/MiniOzoneClusterImpl-bfe86ff0-f9fb-433f-aae2-64a5a95eec81/omNode-3/webserver
2023-05-12 15:35:12,667 [Listener at localhost/15012] INFO  http.HttpServer2 (HttpServer2.java:bindListener(1250)) - Jetty bound to port 15013
2023-05-12 15:35:12,667 [Listener at localhost/15012] INFO  server.Server (Server.java:doStart(375)) - jetty-9.4.51.v20230217; built: 2023-02-17T08:19:37.309Z; git: b45c405e4544384de066f814ed42ae3dceacdd49; jvm 1.8.0_362-b09
2023-05-12 15:35:12,668 [Listener at localhost/15012] INFO  server.session (DefaultSessionIdManager.java:doStart(334)) - DefaultSessionIdManager workerName=node0
2023-05-12 15:35:12,668 [Listener at localhost/15012] INFO  server.session (DefaultSessionIdManager.java:doStart(339)) - No SessionScavenger set, using defaults
2023-05-12 15:35:12,668 [Listener at localhost/15012] INFO  server.session (HouseKeeper.java:startScavenging(132)) - node0 Scavenging every 660000ms
2023-05-12 15:35:12,670 [Listener at localhost/15012] INFO  handler.ContextHandler (ContextHandler.java:doStart(921)) - Started o.e.j.s.ServletContextHandler@48e25867{logs,/logs,file:///home/runner/work/ozone/ozone/hadoop-ozone/integration-test/target/log,AVAILABLE}
2023-05-12 15:35:12,671 [Listener at localhost/15012] INFO  handler.ContextHandler (ContextHandler.java:doStart(921)) - Started o.e.j.s.ServletContextHandler@13c3a3e1{static,/static,file:///home/runner/work/ozone/ozone/hadoop-ozone/integration-test/target/test-classes/webapps/static,AVAILABLE}
2023-05-12 15:35:12,674 [Listener at localhost/15012] INFO  handler.ContextHandler (ContextHandler.java:doStart(921)) - Started o.e.j.w.WebAppContext@4cdc0e3{ozoneManager,/,file:///home/runner/work/ozone/ozone/hadoop-ozone/integration-test/target/test-classes/webapps/ozoneManager/,AVAILABLE}{file:/home/runner/work/ozone/ozone/hadoop-ozone/integration-test/target/test-classes/webapps/ozoneManager}
2023-05-12 15:35:12,678 [Listener at localhost/15012] INFO  server.AbstractConnector (AbstractConnector.java:doStart(333)) - Started ServerConnector@20a7e171{HTTP/1.1, (http/1.1)}{0.0.0.0:15013}
2023-05-12 15:35:12,678 [Listener at localhost/15012] INFO  server.Server (Server.java:doStart(415)) - Started @28891ms
2023-05-12 15:35:12,678 [Listener at localhost/15012] WARN  impl.MetricsSystemImpl (MetricsSystemImpl.java:register(279)) - Sink prometheus already exists!
2023-05-12 15:35:12,679 [Listener at localhost/15012] INFO  http.BaseHttpServer (BaseHttpServer.java:updateConnectorAddress(344)) - HTTP server of ozoneManager listening at http://0.0.0.0:15013
2023-05-12 15:35:12,679 [IPC Server Responder] INFO  ipc.Server (Server.java:run(1558)) - IPC Server Responder: starting
2023-05-12 15:35:12,683 [IPC Server listener on 15012] INFO  ipc.Server (Server.java:run(1398)) - IPC Server listener on 15012: starting
2023-05-12 15:35:12,685 [Listener at localhost/15012] INFO  om.OzoneManager (OzoneManager.java:startTrashEmptier(2081)) - Trash Interval set to 0. Files deleted won't move to trash
2023-05-12 15:35:12,685 [Listener at localhost/15012] INFO  om.OzoneManager (OzoneManager.java:stop(2196)) - omNode-1[localhost:15004]: Stopping Ozone Manager
2023-05-12 15:35:12,686 [Listener at localhost/15012] INFO  ipc.Server (Server.java:stop(3501)) - Stopping server on 15004
2023-05-12 15:35:12,686 [org.apache.hadoop.util.JvmPauseMonitor$Monitor@48a875b3] INFO  util.JvmPauseMonitor (JvmPauseMonitor.java:run(188)) - Starting JVM pause monitor
2023-05-12 15:35:12,691 [IPC Server Responder] INFO  ipc.Server (Server.java:run(1563)) - Stopping IPC Server Responder
2023-05-12 15:35:12,691 [IPC Server listener on 15004] INFO  ipc.Server (Server.java:run(1430)) - Stopping IPC Server listener on 15004
2023-05-12 15:35:12,692 [Listener at localhost/15012] INFO  server.RaftServer (RaftServerProxy.java:lambda$close$6(416)) - omNode-1: close
2023-05-12 15:35:12,692 [Listener at localhost/15012] INFO  server.GrpcService (GrpcService.java:closeImpl(311)) - omNode-1: shutdown server GrpcServerProtocolService now
2023-05-12 15:35:12,694 [omNode-1-impl-thread1] INFO  server.RaftServer$Division (RaftServerImpl.java:lambda$close$4(466)) - omNode-1@group-523986131536: shutdown
2023-05-12 15:35:12,694 [omNode-1-impl-thread1] INFO  util.JmxRegister (JmxRegister.java:unregister(73)) - Successfully un-registered JMX Bean with object name Ratis:service=RaftServer,group=group-523986131536,id=omNode-1
2023-05-12 15:35:12,694 [omNode-1-impl-thread1] INFO  impl.RoleInfo (RoleInfo.java:shutdownFollowerState(110)) - omNode-1: shutdown omNode-1@group-523986131536-FollowerState
2023-05-12 15:35:12,694 [omNode-1-impl-thread1] INFO  impl.StateMachineUpdater (StateMachineUpdater.java:stopAndJoin(155)) - omNode-1@group-523986131536-StateMachineUpdater: set stopIndex = 2
2023-05-12 15:35:12,694 [omNode-1@group-523986131536-FollowerState] INFO  impl.FollowerState (FollowerState.java:run(152)) - omNode-1@group-523986131536-FollowerState was interrupted
2023-05-12 15:35:12,695 [omNode-1@group-523986131536-StateMachineUpdater] INFO  ratis.OzoneManagerStateMachine (OzoneManagerStateMachine.java:takeSnapshot(479)) - Current Snapshot Index (t:2, i:2)
2023-05-12 15:35:12,699 [grpc-default-executor-6] WARN  server.GrpcLogAppender (LogUtils.java:warn(122)) - omNode-2@group-523986131536->omNode-1-AppendLogResponseHandler: Failed appendEntries: org.apache.ratis.thirdparty.io.grpc.StatusRuntimeException: CANCELLED: RST_STREAM closed stream. HTTP/2 error code: CANCEL
2023-05-12 15:35:12,702 [grpc-default-executor-6] INFO  leader.FollowerInfo (FollowerInfoImpl.java:lambda$new$0(52)) - omNode-2@group-523986131536->omNode-1: decreaseNextIndex nextIndex: updateUnconditionally 3 -> 2
2023-05-12 15:35:12,699 [grpc-default-executor-9] WARN  server.GrpcServerProtocolService (LogUtils.java:warn(122)) - omNode-1: APPEND_ENTRIES onError, lastRequest: omNode-2->omNode-1#25-t2,previous=(t:1, i:0),leaderCommit=2,initializing? true,entries: size=2, first=(t:2, i:1), CONFIGURATIONENTRY(current:id: "omNode-3"
address: "localhost:15015"
startupRole: FOLLOWER
,id: "omNode-1"
address: "localhost:15007"
startupRole: FOLLOWER
,id: "omNode-2"
address: "localhost:15011"
startupRole: FOLLOWER
, old:): org.apache.ratis.thirdparty.io.grpc.StatusRuntimeException: CANCELLED: client cancelled
2023-05-12 15:35:12,697 [grpc-default-executor-1] WARN  server.GrpcLogAppender (LogUtils.java:warn(122)) - omNode-2@group-523986131536->omNode-1-AppendLogResponseHandler: Failed appendEntries: org.apache.ratis.thirdparty.io.grpc.StatusRuntimeException: CANCELLED: RST_STREAM closed stream. HTTP/2 error code: CANCEL
2023-05-12 15:35:12,696 [grpc-default-executor-5] WARN  server.GrpcServerProtocolService (LogUtils.java:warn(122)) - omNode-1: APPEND_ENTRIES onError, lastRequest: null: org.apache.ratis.thirdparty.io.grpc.StatusRuntimeException: CANCELLED: client cancelled
2023-05-12 15:35:12,702 [grpc-default-executor-1] INFO  leader.FollowerInfo (FollowerInfoImpl.java:lambda$new$0(52)) - omNode-2@group-523986131536->omNode-1: decreaseNextIndex nextIndex: updateUnconditionally 2 -> 1
2023-05-12 15:35:12,711 [Listener at localhost/15012] INFO  server.GrpcService (GrpcService.java:closeImpl(320)) - omNode-1: shutdown server GrpcServerProtocolService successfully
2023-05-12 15:35:12,713 [omNode-1@group-523986131536-StateMachineUpdater] INFO  impl.StateMachineUpdater (StateMachineUpdater.java:takeSnapshot(291)) - omNode-1@group-523986131536-StateMachineUpdater: Took a snapshot at index 2
2023-05-12 15:35:12,713 [omNode-1@group-523986131536-StateMachineUpdater] INFO  impl.StateMachineUpdater (StateMachineUpdater.java:lambda$new$0(97)) - omNode-1@group-523986131536-StateMachineUpdater: snapshotIndex: updateIncreasingly 0 -> 2
2023-05-12 15:35:12,713 [omNode-1@group-523986131536-StateMachineUpdater] INFO  ratis.OzoneManagerStateMachine (OzoneManagerStateMachine.java:close(533)) - StateMachine has shutdown. Shutdown OzoneManager if not already shutdown.
2023-05-12 15:35:12,714 [omNode-1@group-523986131536-StateMachineUpdater] INFO  ratis.OzoneManagerDoubleBuffer (OzoneManagerDoubleBuffer.java:stopDaemon(559)) - Stopping OMDoubleBuffer flush thread
2023-05-12 15:35:12,714 [OMDoubleBufferFlushThread] INFO  ratis.OzoneManagerDoubleBuffer (OzoneManagerDoubleBuffer.java:canFlush(648)) - OMDoubleBuffer flush thread OMDoubleBufferFlushThread is interrupted and will exit.
2023-05-12 15:35:12,714 [omNode-1-impl-thread1] INFO  server.RaftServer$Division (ServerState.java:close(472)) - omNode-1@group-523986131536: closes. applyIndex: 2
2023-05-12 15:35:12,972 [omNode-1-impl-thread1] INFO  segmented.SegmentedRaftLogWorker (SegmentedRaftLogWorker.java:close(252)) - omNode-1@group-523986131536-SegmentedRaftLogWorker close()
2023-05-12 15:35:12,972 [JvmPauseMonitor6] INFO  util.JvmPauseMonitor (JvmPauseMonitor.java:run(109)) - JvmPauseMonitor-omNode-1: Stopped
2023-05-12 15:35:12,972 [Listener at localhost/15012] INFO  ratis.OzoneManagerStateMachine (OzoneManagerStateMachine.java:close(533)) - StateMachine has shutdown. Shutdown OzoneManager if not already shutdown.
2023-05-12 15:35:12,973 [Listener at localhost/15012] INFO  ratis.OzoneManagerDoubleBuffer (OzoneManagerDoubleBuffer.java:stopDaemon(568)) - OMDoubleBuffer flush thread is not running.
2023-05-12 15:35:12,978 [grpc-default-executor-9] WARN  server.GrpcLogAppender (LogUtils.java:warn(122)) - omNode-2@group-523986131536->omNode-1-AppendLogResponseHandler: Failed appendEntries: org.apache.ratis.thirdparty.io.grpc.StatusRuntimeException: UNAVAILABLE: io exception
2023-05-12 15:35:12,978 [Listener at localhost/15012] INFO  handler.ContextHandler (ContextHandler.java:doStop(1159)) - Stopped o.e.j.w.WebAppContext@6135d3be{ozoneManager,/,null,STOPPED}{file:/home/runner/work/ozone/ozone/hadoop-ozone/integration-test/target/test-classes/webapps/ozoneManager}
2023-05-12 15:35:12,979 [grpc-default-executor-9] INFO  leader.FollowerInfo (FollowerInfoImpl.java:lambda$new$0(52)) - omNode-2@group-523986131536->omNode-1: decreaseNextIndex nextIndex: updateUnconditionally 1 -> 0
2023-05-12 15:35:12,979 [grpc-default-executor-5] WARN  server.GrpcLogAppender (LogUtils.java:warn(122)) - omNode-2@group-523986131536->omNode-1-AppendLogResponseHandler: Failed appendEntries: org.apache.ratis.thirdparty.io.grpc.StatusRuntimeException: UNAVAILABLE: io exception
2023-05-12 15:35:12,980 [Listener at localhost/15012] INFO  server.AbstractConnector (AbstractConnector.java:doStop(383)) - Stopped ServerConnector@417e53ed{HTTP/1.1, (http/1.1)}{0.0.0.0:15005}
2023-05-12 15:35:12,980 [Listener at localhost/15012] INFO  server.session (HouseKeeper.java:stopScavenging(149)) - node0 Stopped scavenging
2023-05-12 15:35:12,981 [Listener at localhost/15012] INFO  handler.ContextHandler (ContextHandler.java:doStop(1159)) - Stopped o.e.j.s.ServletContextHandler@b395a52{static,/static,file:///home/runner/work/ozone/ozone/hadoop-ozone/integration-test/target/test-classes/webapps/static,STOPPED}
2023-05-12 15:35:12,981 [Listener at localhost/15012] INFO  handler.ContextHandler (ContextHandler.java:doStop(1159)) - Stopped o.e.j.s.ServletContextHandler@2eb90ae9{logs,/logs,file:///home/runner/work/ozone/ozone/hadoop-ozone/integration-test/target/log,STOPPED}
2023-05-12 15:35:12,983 [Listener at localhost/15012] INFO  utils.BackgroundService (BackgroundService.java:shutdown(141)) - Shutting down service SnapshotDiffCleanupService
2023-05-12 15:35:12,984 [Listener at localhost/15012] INFO  om.OzoneManager (OzoneManager.java:restart(1694)) - OzoneManager RPC server is listening at localhost/127.0.0.1:15004
2023-05-12 15:35:12,985 [Listener at localhost/15012] INFO  impl.MetricsSystemImpl (MetricsSystemImpl.java:init(158)) - OzoneManager metrics system started (again)
2023-05-12 15:35:12,987 [grpc-default-executor-5] WARN  server.GrpcLogAppender (LogUtils.java:warn(122)) - omNode-2@group-523986131536->omNode-1-AppendLogResponseHandler: Failed appendEntries: org.apache.ratis.thirdparty.io.grpc.StatusRuntimeException: UNAVAILABLE: io exception
2023-05-12 15:35:12,987 [grpc-default-executor-5] INFO  leader.FollowerInfo (FollowerInfoImpl.java:lambda$new$0(52)) - omNode-2@group-523986131536->omNode-1: decreaseNextIndex nextIndex: updateUnconditionally 3 -> 2
2023-05-12 15:35:12,988 [grpc-default-executor-9] WARN  server.GrpcLogAppender (LogUtils.java:warn(122)) - omNode-2@group-523986131536->omNode-1-AppendLogResponseHandler: Failed appendEntries: org.apache.ratis.thirdparty.io.grpc.StatusRuntimeException: UNAVAILABLE: io exception
2023-05-12 15:35:12,988 [grpc-default-executor-9] INFO  leader.FollowerInfo (FollowerInfoImpl.java:lambda$new$0(52)) - omNode-2@group-523986131536->omNode-1: decreaseNextIndex nextIndex: updateUnconditionally 2 -> 1
2023-05-12 15:35:12,999 [Listener at localhost/15012] WARN  server.ServerUtils (ServerUtils.java:getDBPath(225)) - ozone.om.db.dirs is not configured. We recommend adding this setting. Falling back to ozone.metadata.dirs instead.
2023-05-12 15:35:13,000 [Listener at localhost/15012] INFO  codec.OmKeyInfoCodec (OmKeyInfoCodec.java:<init>(49)) - OmKeyInfoCodec ignorePipeline = true
2023-05-12 15:35:13,000 [Listener at localhost/15012] INFO  codec.RepeatedOmKeyInfoCodec (RepeatedOmKeyInfoCodec.java:<init>(41)) - RepeatedOmKeyInfoCodec ignorePipeline = true
2023-05-12 15:35:13,037 [Listener at localhost/15012] INFO  om.OzoneManager (OzoneManager.java:instantiateServices(774)) - S3 Multi-Tenancy is disabled
2023-05-12 15:35:13,038 [Listener at localhost/15012] INFO  om.OmSnapshotManager (OmSnapshotManager.java:<init>(171)) - Ozone filesystem snapshot feature is enabled.
2023-05-12 15:35:13,038 [Listener at localhost/15012] WARN  server.ServerUtils (ServerUtils.java:getDBPath(225)) - ozone.om.snapshot.diff.db.dir is not configured. We recommend adding this setting. Falling back to ozone.metadata.dirs instead.
2023-05-12 15:35:13,061 [Listener at localhost/15012] WARN  server.ServerUtils (ServerUtils.java:getDefaultRatisDirectory(237)) - Storage directory for Ratis is not configured. It is a good idea to map this to an SSD disk. Falling back to ozone.metadata.dirs
2023-05-12 15:35:13,062 [Listener at localhost/15012] INFO  ratis.OzoneManagerRatisServer (OzoneManagerRatisServer.java:<init>(163)) - Instantiating OM Ratis server with groupID: om-service-test1 and peers: localhost:15007, localhost:15015, localhost:15011
2023-05-12 15:35:13,062 [Listener at localhost/15012] INFO  ratis.OzoneManagerStateMachine (OzoneManagerStateMachine.java:loadSnapshotInfoFromDB(670)) - LastAppliedIndex is set from TransactionInfo from OM DB as (t:2, i:2)
2023-05-12 15:35:13,063 [Listener at localhost/15012] INFO  server.RaftServer (ConfUtils.java:logGet(46)) - raft.rpc.type = GRPC (default)
2023-05-12 15:35:13,063 [Listener at localhost/15012] INFO  grpc.GrpcConfigKeys (ConfUtils.java:logFallback(53)) - raft.grpc.admin.host = null (fallback to raft.grpc.server.host)
2023-05-12 15:35:13,063 [Listener at localhost/15012] INFO  grpc.GrpcConfigKeys (ConfUtils.java:logFallback(53)) - raft.grpc.admin.port = 15007 (fallback to raft.grpc.server.port)
2023-05-12 15:35:13,063 [Listener at localhost/15012] INFO  grpc.GrpcConfigKeys (ConfUtils.java:logFallback(53)) - raft.grpc.client.host = null (fallback to raft.grpc.server.host)
2023-05-12 15:35:13,063 [Listener at localhost/15012] INFO  grpc.GrpcConfigKeys (ConfUtils.java:logFallback(53)) - raft.grpc.client.port = 15007 (fallback to raft.grpc.server.port)
2023-05-12 15:35:13,064 [Listener at localhost/15012] INFO  grpc.GrpcConfigKeys (ConfUtils.java:logGet(46)) - raft.grpc.server.host = null (default)
2023-05-12 15:35:13,064 [Listener at localhost/15012] INFO  grpc.GrpcConfigKeys (ConfUtils.java:logGet(46)) - raft.grpc.server.port = 15007 (custom)
2023-05-12 15:35:13,064 [Listener at localhost/15012] INFO  server.GrpcService (ConfUtils.java:logGet(46)) - raft.grpc.message.size.max = 33554432 (custom)
2023-05-12 15:35:13,064 [Listener at localhost/15012] INFO  server.RaftServerConfigKeys (ConfUtils.java:logGet(46)) - raft.server.log.appender.buffer.byte-limit = 33554432 (custom)
2023-05-12 15:35:13,064 [Listener at localhost/15012] INFO  server.GrpcService (ConfUtils.java:logGet(46)) - raft.grpc.flow.control.window = 1MB (=1048576) (default)
2023-05-12 15:35:13,064 [Listener at localhost/15012] INFO  server.RaftServerConfigKeys (ConfUtils.java:logGet(46)) - raft.server.rpc.request.timeout = 3000ms (default)
2023-05-12 15:35:13,064 [Listener at localhost/15012] INFO  grpc.GrpcConfigKeys (ConfUtils.java:logGet(46)) - raft.grpc.server.heartbeat.channel = true (default)
2023-05-12 15:35:13,064 [Listener at localhost/15012] INFO  grpc.GrpcConfigKeys (ConfUtils.java:logGet(46)) - raft.grpc.server.async.request.thread.pool.cached = true (default)
2023-05-12 15:35:13,065 [Listener at localhost/15012] INFO  grpc.GrpcConfigKeys (ConfUtils.java:logGet(46)) - raft.grpc.server.async.request.thread.pool.size = 32 (default)
2023-05-12 15:35:13,066 [Listener at localhost/15012] INFO  impl.DataStreamServerImpl (ConfUtils.java:logGet(46)) - raft.datastream.type = DISABLED (default)
2023-05-12 15:35:13,066 [Listener at localhost/15012] INFO  server.RaftServerConfigKeys (ConfUtils.java:logGet(46)) - raft.server.threadpool.proxy.cached = true (default)
2023-05-12 15:35:13,066 [Listener at localhost/15012] INFO  server.RaftServerConfigKeys (ConfUtils.java:logGet(46)) - raft.server.threadpool.proxy.size = 0 (default)
2023-05-12 15:35:13,066 [Listener at localhost/15012] INFO  server.RaftServerConfigKeys (ConfUtils.java:logGet(46)) - raft.server.rpc.slowness.timeout = 2s (custom)
2023-05-12 15:35:13,067 [Listener at localhost/15012] INFO  server.RaftServerConfigKeys (ConfUtils.java:logGet(46)) - raft.server.leaderelection.leader.step-down.wait-time = 10s (default)
2023-05-12 15:35:13,067 [Listener at localhost/15012] INFO  server.RaftServerConfigKeys (ConfUtils.java:logGet(46)) - raft.server.storage.dir = [/home/runner/work/ozone/ozone/hadoop-ozone/integration-test/target/test-dir/MiniOzoneClusterImpl-bfe86ff0-f9fb-433f-aae2-64a5a95eec81/omNode-1/ratis] (custom)
2023-05-12 15:35:13,067 [omNode-1-impl-thread1] INFO  server.RaftServer (RaftServerProxy.java:initGroupDir(258)) - omNode-1: found a subdirectory /home/runner/work/ozone/ozone/hadoop-ozone/integration-test/target/test-dir/MiniOzoneClusterImpl-bfe86ff0-f9fb-433f-aae2-64a5a95eec81/omNode-1/ratis/c9bc4cf4-3bc3-3c60-a66b-523986131536
2023-05-12 15:35:13,069 [Listener at localhost/15012] INFO  server.RaftServer (RaftServerProxy.java:addNew(98)) - omNode-1: addNew group-523986131536:[omNode-3|rpc:localhost:15015|priority:0|startupRole:FOLLOWER, omNode-1|rpc:localhost:15007|priority:0|startupRole:FOLLOWER, omNode-2|rpc:localhost:15011|priority:0|startupRole:FOLLOWER] returns group-523986131536:java.util.concurrent.CompletableFuture@51edcdcb[Not completed]
2023-05-12 15:35:13,069 [Listener at localhost/15012] INFO  om.OzoneManager (OzoneManager.java:initializeRatisServer(2137)) - OzoneManager Ratis server initialized at port 15007
2023-05-12 15:35:13,069 [Listener at localhost/15012] INFO  ratis.OzoneManagerRatisServer (OzoneManagerRatisServer.java:start(558)) - Starting OzoneManagerRatisServer omNode-1 at port 15007
2023-05-12 15:35:13,070 [omNode-1-groupManagement] INFO  server.RaftServer$Division (RaftServerImpl.java:<init>(198)) - omNode-1: new RaftServerImpl for group-523986131536:[omNode-3|rpc:localhost:15015|priority:0|startupRole:FOLLOWER, omNode-1|rpc:localhost:15007|priority:0|startupRole:FOLLOWER, omNode-2|rpc:localhost:15011|priority:0|startupRole:FOLLOWER] with OzoneManagerStateMachine:uninitialized
2023-05-12 15:35:13,070 [omNode-1-groupManagement] INFO  server.RaftServerConfigKeys (ConfUtils.java:logGet(46)) - raft.server.rpc.timeout.min = 1s (custom)
2023-05-12 15:35:13,070 [omNode-1-groupManagement] INFO  server.RaftServerConfigKeys (ConfUtils.java:logGet(46)) - raft.server.rpc.timeout.max = 1200ms (custom)
2023-05-12 15:35:13,070 [omNode-1-groupManagement] INFO  server.RaftServerConfigKeys (ConfUtils.java:logGet(46)) - raft.server.rpc.sleep.time = 25ms (default)
2023-05-12 15:35:13,070 [omNode-1-groupManagement] INFO  server.RaftServerConfigKeys (ConfUtils.java:logGet(46)) - raft.server.rpc.slowness.timeout = 2s (custom)
2023-05-12 15:35:13,070 [omNode-1-groupManagement] INFO  server.RaftServerConfigKeys (ConfUtils.java:logGet(46)) - raft.server.leaderelection.leader.step-down.wait-time = 10s (default)
2023-05-12 15:35:13,070 [omNode-1-groupManagement] INFO  server.RaftServerConfigKeys (ConfUtils.java:logGet(46)) - raft.server.sleep.deviation.threshold = 300ms (default)
2023-05-12 15:35:13,070 [omNode-1-groupManagement] INFO  server.RaftServer$Division (ServerState.java:<init>(120)) - omNode-1@group-523986131536: ConfigurationManager, init=-1: peers:[omNode-3|rpc:localhost:15015|priority:0|startupRole:FOLLOWER, omNode-1|rpc:localhost:15007|priority:0|startupRole:FOLLOWER, omNode-2|rpc:localhost:15011|priority:0|startupRole:FOLLOWER]|listeners:[], old=null, confs=<EMPTY_MAP>
2023-05-12 15:35:13,070 [omNode-1-groupManagement] INFO  server.RaftServerConfigKeys (ConfUtils.java:logGet(46)) - raft.server.storage.dir = [/home/runner/work/ozone/ozone/hadoop-ozone/integration-test/target/test-dir/MiniOzoneClusterImpl-bfe86ff0-f9fb-433f-aae2-64a5a95eec81/omNode-1/ratis] (custom)
2023-05-12 15:35:13,070 [omNode-1-groupManagement] INFO  server.RaftServerConfigKeys (ConfUtils.java:logGet(46)) - raft.server.log.corruption.policy = EXCEPTION (default)
2023-05-12 15:35:13,070 [omNode-1-groupManagement] INFO  server.RaftServerConfigKeys (ConfUtils.java:logGet(46)) - raft.server.storage.free-space.min = 0MB (=0) (default)
2023-05-12 15:35:13,070 [omNode-1-groupManagement] INFO  server.RaftServerConfigKeys (ConfUtils.java:logGet(46)) - raft.server.notification.no-leader.timeout = 2s (custom)
2023-05-12 15:35:13,070 [omNode-1-groupManagement] INFO  server.RaftServerConfigKeys (ConfUtils.java:logGet(46)) - raft.server.read.timeout = 10s (default)
2023-05-12 15:35:13,070 [omNode-1-groupManagement] INFO  server.RaftServerConfigKeys (ConfUtils.java:logGet(46)) - raft.server.retrycache.expirytime = 30000ms (custom)
2023-05-12 15:35:13,070 [omNode-1-groupManagement] INFO  server.RaftServerConfigKeys (ConfUtils.java:logGet(46)) - raft.server.retrycache.statistics.expirytime = 100μs (default)
2023-05-12 15:35:13,071 [omNode-1-groupManagement] INFO  server.RaftServerConfigKeys (ConfUtils.java:logGet(46)) - raft.server.read.option = DEFAULT (default)
2023-05-12 15:35:13,071 [omNode-1-groupManagement] INFO  server.RaftServerConfigKeys (ConfUtils.java:logGet(46)) - raft.server.rpc.request.timeout = 3000ms (default)
2023-05-12 15:35:13,072 [omNode-1-groupManagement] INFO  server.RaftServerConfigKeys (ConfUtils.java:logGet(46)) - raft.server.log.appender.install.snapshot.enabled = false (custom)
2023-05-12 15:35:13,072 [omNode-1-groupManagement] INFO  server.RaftServerConfigKeys (ConfUtils.java:logGet(46)) - raft.server.threadpool.server.cached = true (default)
2023-05-12 15:35:13,072 [omNode-1-groupManagement] INFO  server.RaftServerConfigKeys (ConfUtils.java:logGet(46)) - raft.server.threadpool.server.size = 0 (default)
2023-05-12 15:35:13,072 [omNode-1-groupManagement] INFO  server.RaftServerConfigKeys (ConfUtils.java:logGet(46)) - raft.server.threadpool.client.cached = true (default)
2023-05-12 15:35:13,072 [omNode-1-groupManagement] INFO  server.RaftServerConfigKeys (ConfUtils.java:logGet(46)) - raft.server.threadpool.client.size = 0 (default)
2023-05-12 15:35:13,073 [omNode-1-impl-thread1] INFO  storage.RaftStorageDirectory (RaftStorageDirectoryImpl.java:tryLock(231)) - Lock on /home/runner/work/ozone/ozone/hadoop-ozone/integration-test/target/test-dir/MiniOzoneClusterImpl-bfe86ff0-f9fb-433f-aae2-64a5a95eec81/omNode-1/ratis/c9bc4cf4-3bc3-3c60-a66b-523986131536/in_use.lock acquired by nodename 89313@fv-az1245-539
2023-05-12 15:35:13,073 [omNode-1-impl-thread1] INFO  storage.RaftStorage (RaftStorageImpl.java:analyzeAndRecoverStorage(117)) - Read RaftStorageMetadata{term=2, votedFor=} from /home/runner/work/ozone/ozone/hadoop-ozone/integration-test/target/test-dir/MiniOzoneClusterImpl-bfe86ff0-f9fb-433f-aae2-64a5a95eec81/omNode-1/ratis/c9bc4cf4-3bc3-3c60-a66b-523986131536/current/raft-meta
2023-05-12 15:35:13,074 [omNode-1-impl-thread1] INFO  server.RaftServer$Division (ServerState.java:setRaftConf(434)) - omNode-1@group-523986131536: set configuration 1: peers:[omNode-3|rpc:localhost:15015|admin:|client:|dataStream:|priority:0|startupRole:FOLLOWER, omNode-1|rpc:localhost:15007|admin:|client:|dataStream:|priority:0|startupRole:FOLLOWER, omNode-2|rpc:localhost:15011|admin:|client:|dataStream:|priority:0|startupRole:FOLLOWER]|listeners:[], old=null
2023-05-12 15:35:13,075 [omNode-1-impl-thread1] INFO  server.RaftServerConfigKeys (ConfUtils.java:logGet(46)) - raft.server.log.use.memory = false (default)
2023-05-12 15:35:13,075 [omNode-1-impl-thread1] INFO  server.RaftServerConfigKeys (ConfUtils.java:logGet(46)) - raft.server.log.purge.gap = 50 (custom)
2023-05-12 15:35:13,075 [omNode-1-impl-thread1] INFO  server.RaftServerConfigKeys (ConfUtils.java:logGet(46)) - raft.server.log.appender.buffer.byte-limit = 33554432 (custom)
2023-05-12 15:35:13,075 [omNode-1-impl-thread1] INFO  server.RaftServerConfigKeys (ConfUtils.java:logGet(46)) - raft.server.log.statemachine.data.read.timeout = 1000ms (default)
2023-05-12 15:35:13,075 [omNode-1-impl-thread1] INFO  server.RaftServerConfigKeys (ConfUtils.java:logGet(46)) - raft.server.log.purge.preservation.log.num = 0 (default)
2023-05-12 15:35:13,075 [omNode-1-impl-thread1] INFO  server.RaftServerConfigKeys (ConfUtils.java:logGet(46)) - raft.server.log.segment.size.max = 4194304 (custom)
2023-05-12 15:35:13,075 [omNode-1-impl-thread1] INFO  server.RaftServerConfigKeys (ConfUtils.java:logGet(46)) - raft.server.log.segment.cache.num.max = 2 (custom)
2023-05-12 15:35:13,075 [omNode-1-impl-thread1] INFO  server.RaftServerConfigKeys (ConfUtils.java:logGet(46)) - raft.server.log.segment.cache.size.max = 200MB (=209715200) (default)
2023-05-12 15:35:13,075 [omNode-1-impl-thread1] INFO  server.RaftServerConfigKeys (ConfUtils.java:logGet(46)) - raft.server.log.appender.buffer.byte-limit = 33554432 (custom)
2023-05-12 15:35:13,076 [omNode-1-impl-thread1] INFO  segmented.SegmentedRaftLogWorker (SegmentedRaftLogWorker.java:<init>(188)) - new omNode-1@group-523986131536-SegmentedRaftLogWorker for RaftStorageImpl:Storage Directory /home/runner/work/ozone/ozone/hadoop-ozone/integration-test/target/test-dir/MiniOzoneClusterImpl-bfe86ff0-f9fb-433f-aae2-64a5a95eec81/omNode-1/ratis/c9bc4cf4-3bc3-3c60-a66b-523986131536
2023-05-12 15:35:13,076 [omNode-1-impl-thread1] INFO  server.RaftServerConfigKeys (ConfUtils.java:logGet(46)) - raft.server.log.queue.byte-limit = 64MB (=67108864) (default)
2023-05-12 15:35:13,076 [omNode-1-impl-thread1] INFO  server.RaftServerConfigKeys (ConfUtils.java:logGet(46)) - raft.server.log.queue.element-limit = 4096 (default)
2023-05-12 15:35:13,076 [omNode-1-impl-thread1] INFO  server.RaftServerConfigKeys (ConfUtils.java:logGet(46)) - raft.server.log.segment.size.max = 4194304 (custom)
2023-05-12 15:35:13,076 [omNode-1-impl-thread1] INFO  server.RaftServerConfigKeys (ConfUtils.java:logGet(46)) - raft.server.log.preallocated.size = 4194304 (custom)
2023-05-12 15:35:13,076 [omNode-1-impl-thread1] INFO  server.RaftServerConfigKeys (ConfUtils.java:logGet(46)) - raft.server.log.force.sync.num = 128 (default)
2023-05-12 15:35:13,076 [omNode-1-impl-thread1] INFO  server.RaftServerConfigKeys (ConfUtils.java:logGet(46)) - raft.server.log.statemachine.data.sync = true (default)
2023-05-12 15:35:13,076 [omNode-1-impl-thread1] INFO  server.RaftServerConfigKeys (ConfUtils.java:logGet(46)) - raft.server.log.statemachine.data.sync.timeout = 10s (default)
2023-05-12 15:35:13,076 [omNode-1-impl-thread1] INFO  server.RaftServerConfigKeys (ConfUtils.java:logGet(46)) - raft.server.log.statemachine.data.sync.timeout.retry = -1 (default)
2023-05-12 15:35:13,076 [omNode-1-impl-thread1] INFO  server.RaftServerConfigKeys (ConfUtils.java:logGet(46)) - raft.server.log.write.buffer.size = 64KB (=65536) (default)
2023-05-12 15:35:13,076 [omNode-1-impl-thread1] INFO  server.RaftServerConfigKeys (ConfUtils.java:logGet(46)) - raft.server.log.appender.buffer.byte-limit = 33554432 (custom)
2023-05-12 15:35:13,081 [omNode-1-impl-thread1] INFO  server.RaftServerConfigKeys (ConfUtils.java:logGet(46)) - raft.server.log.unsafe-flush.enabled = false (default)
2023-05-12 15:35:13,081 [omNode-1-impl-thread1] INFO  server.RaftServerConfigKeys (ConfUtils.java:logGet(46)) - raft.server.log.async-flush.enabled = false (default)
2023-05-12 15:35:13,081 [omNode-1-impl-thread1] INFO  server.RaftServerConfigKeys (ConfUtils.java:logGet(46)) - raft.server.log.statemachine.data.caching.enabled = false (default)
2023-05-12 15:35:13,082 [omNode-1-impl-thread1] INFO  server.RaftServer$Division (ServerState.java:setRaftConf(434)) - omNode-1@group-523986131536: set configuration 0: peers:[omNode-3|rpc:localhost:15015|admin:|client:|dataStream:|priority:0|startupRole:FOLLOWER, omNode-1|rpc:localhost:15007|admin:|client:|dataStream:|priority:0|startupRole:FOLLOWER, omNode-2|rpc:localhost:15011|admin:|client:|dataStream:|priority:0|startupRole:FOLLOWER]|listeners:[], old=null
2023-05-12 15:35:13,083 [omNode-1-impl-thread1] INFO  segmented.LogSegment (LogSegment.java:loadSegment(170)) - Successfully read 1 entries from segment file /home/runner/work/ozone/ozone/hadoop-ozone/integration-test/target/test-dir/MiniOzoneClusterImpl-bfe86ff0-f9fb-433f-aae2-64a5a95eec81/omNode-1/ratis/c9bc4cf4-3bc3-3c60-a66b-523986131536/current/log_0-0
2023-05-12 15:35:13,083 [omNode-1-impl-thread1] INFO  server.RaftServer$Division (ServerState.java:setRaftConf(434)) - omNode-1@group-523986131536: set configuration 1: peers:[omNode-3|rpc:localhost:15015|admin:|client:|dataStream:|priority:0|startupRole:FOLLOWER, omNode-1|rpc:localhost:15007|admin:|client:|dataStream:|priority:0|startupRole:FOLLOWER, omNode-2|rpc:localhost:15011|admin:|client:|dataStream:|priority:0|startupRole:FOLLOWER]|listeners:[], old=null
2023-05-12 15:35:13,083 [omNode-1-impl-thread1] INFO  segmented.LogSegment (LogSegment.java:loadSegment(170)) - Successfully read 2 entries from segment file /home/runner/work/ozone/ozone/hadoop-ozone/integration-test/target/test-dir/MiniOzoneClusterImpl-bfe86ff0-f9fb-433f-aae2-64a5a95eec81/omNode-1/ratis/c9bc4cf4-3bc3-3c60-a66b-523986131536/current/log_inprogress_1
2023-05-12 15:35:13,083 [omNode-1-impl-thread1] INFO  segmented.SegmentedRaftLogWorker (SegmentedRaftLogWorker.java:lambda$new$0(135)) - omNode-1@group-523986131536-SegmentedRaftLogWorker: flushIndex: setUnconditionally 0 -> 2
2023-05-12 15:35:13,084 [omNode-1-impl-thread1] INFO  server.RaftServer$Division (RaftServerImpl.java:start(342)) - omNode-1@group-523986131536: start as a follower, conf=1: peers:[omNode-3|rpc:localhost:15015|admin:|client:|dataStream:|priority:0|startupRole:FOLLOWER, omNode-1|rpc:localhost:15007|admin:|client:|dataStream:|priority:0|startupRole:FOLLOWER, omNode-2|rpc:localhost:15011|admin:|client:|dataStream:|priority:0|startupRole:FOLLOWER]|listeners:[], old=null
2023-05-12 15:35:13,084 [omNode-1-impl-thread1] INFO  server.RaftServer$Division (RaftServerImpl.java:setRole(329)) - omNode-1@group-523986131536: changes role from      null to FOLLOWER at term 2 for startAsFollower
2023-05-12 15:35:13,084 [omNode-1-impl-thread1] INFO  impl.RoleInfo (RoleInfo.java:updateAndGet(139)) - omNode-1: start omNode-1@group-523986131536-FollowerState
2023-05-12 15:35:13,089 [omNode-1-impl-thread1] INFO  util.JmxRegister (JmxRegister.java:tryRegister(44)) - Successfully registered JMX Bean with object name Ratis:service=RaftServer,group=group-523986131536,id=omNode-1
2023-05-12 15:35:13,089 [omNode-1@group-523986131536-FollowerState] INFO  server.RaftServerConfigKeys (ConfUtils.java:logFallback(53)) - raft.server.rpc.first-election.timeout.min = 1s (fallback to raft.server.rpc.timeout.min)
2023-05-12 15:35:13,089 [omNode-1-impl-thread1] INFO  server.RaftServerConfigKeys (ConfUtils.java:logGet(46)) - raft.server.snapshot.auto.trigger.enabled = true (custom)
2023-05-12 15:35:13,089 [omNode-1@group-523986131536-FollowerState] INFO  server.RaftServerConfigKeys (ConfUtils.java:logFallback(53)) - raft.server.rpc.first-election.timeout.max = 1200ms (fallback to raft.server.rpc.timeout.max)
2023-05-12 15:35:13,089 [omNode-1-impl-thread1] INFO  server.RaftServerConfigKeys (ConfUtils.java:logGet(46)) - raft.server.snapshot.auto.trigger.threshold = 50 (custom)
2023-05-12 15:35:13,089 [omNode-1-impl-thread1] INFO  server.RaftServerConfigKeys (ConfUtils.java:logGet(46)) - raft.server.snapshot.retention.file.num = -1 (default)
2023-05-12 15:35:13,089 [omNode-1-impl-thread1] INFO  server.RaftServerConfigKeys (ConfUtils.java:logGet(46)) - raft.server.log.purge.upto.snapshot.index = true (custom)
2023-05-12 15:35:13,090 [Listener at localhost/15012] INFO  server.RaftServer (RaftServerProxy.java:startImpl(400)) - omNode-1: start RPC server
2023-05-12 15:35:13,093 [Listener at localhost/15012] INFO  server.GrpcService (GrpcService.java:startImpl(302)) - omNode-1: GrpcService started, listening on 15007
2023-05-12 15:35:13,094 [Listener at localhost/15012] INFO  om.OzoneManager (OzoneManager.java:getRpcServer(1184)) - Creating RPC Server
2023-05-12 15:35:13,095 [JvmPauseMonitor8] INFO  util.JvmPauseMonitor (JvmPauseMonitor.java:run(103)) - JvmPauseMonitor-omNode-1: Started
2023-05-12 15:35:13,265 [grpc-default-executor-1] WARN  server.GrpcLogAppender (LogUtils.java:warn(122)) - omNode-2@group-523986131536->omNode-1-AppendLogResponseHandler: Failed appendEntries: org.apache.ratis.thirdparty.io.grpc.StatusRuntimeException: UNAVAILABLE: io exception
2023-05-12 15:35:13,266 [grpc-default-executor-1] INFO  leader.FollowerInfo (FollowerInfoImpl.java:lambda$new$0(52)) - omNode-2@group-523986131536->omNode-1: decreaseNextIndex nextIndex: updateUnconditionally 1 -> 0
2023-05-12 15:35:13,267 [grpc-default-executor-9] WARN  server.GrpcLogAppender (LogUtils.java:warn(122)) - omNode-2@group-523986131536->omNode-1-AppendLogResponseHandler: Failed appendEntries: org.apache.ratis.thirdparty.io.grpc.StatusRuntimeException: UNAVAILABLE: io exception
2023-05-12 15:35:13,288 [omNode-1-server-thread1] INFO  server.RaftServer$Division (ServerState.java:setLeader(317)) - omNode-1@group-523986131536: change Leader from null to omNode-2 at term 2 for appendEntries, leader elected after 216ms
2023-05-12 15:35:13,288 [omNode-1-server-thread1] INFO  server.RaftServer$Division (RaftServerImpl.java:checkInconsistentAppendEntries(1603)) - omNode-1@group-523986131536: Failed appendEntries as the first entry (index 0) already exists (snapshotIndex: 2, commitIndex: 2)
2023-05-12 15:35:13,288 [omNode-1-server-thread1] INFO  server.RaftServer$Division (RaftServerImpl.java:checkInconsistentAppendEntries(1583)) - omNode-1@group-523986131536: inconsistency entries. Reply:omNode-2<-omNode-1#30:FAIL-t2,INCONSISTENCY,nextIndex=3,followerCommit=2,matchIndex=-1
2023-05-12 15:35:13,289 [grpc-default-executor-1] WARN  server.GrpcLogAppender (GrpcLogAppender.java:onNextImpl(401)) - omNode-2@group-523986131536->omNode-1-AppendLogResponseHandler: received INCONSISTENCY reply with nextIndex 3
2023-05-12 15:35:13,468 [Listener at localhost/15012] INFO  reflections.Reflections (Reflections.java:scan(232)) - Reflections took 373 ms to scan 19 urls, producing 69 keys and 5177 values [using 2 cores]
2023-05-12 15:35:13,470 [Listener at localhost/15012] INFO  ipc.CallQueueManager (CallQueueManager.java:<init>(90)) - Using callQueue: class java.util.concurrent.LinkedBlockingQueue, queueCapacity: 2000, scheduler: class org.apache.hadoop.ipc.DefaultRpcScheduler, ipcBackoff: false.
2023-05-12 15:35:13,470 [Socket Reader #1 for port 15004] INFO  ipc.Server (Server.java:run(1319)) - Starting Socket Reader #1 for port 15004
2023-05-12 15:35:13,474 [Listener at localhost/15004] INFO  http.BaseHttpServer (BaseHttpServer.java:newHttpServer2BuilderForOzone(224)) - Starting Web-server for ozoneManager at: http://0.0.0.0:15005
2023-05-12 15:35:13,474 [Listener at localhost/15004] INFO  http.BaseHttpServer (BaseHttpServer.java:<init>(111)) - Hadoop Security Enabled: false Ozone Security Enabled: false Ozone HTTP Security Enabled: false 
2023-05-12 15:35:13,476 [Listener at localhost/15004] WARN  server.AuthenticationFilter (AuthenticationFilter.java:constructSecretProvider(240)) - Unable to initialize FileSignerSecretProvider, falling back to use random secrets. Reason: Could not read signature secret file: /home/runner/hadoop-http-auth-signature-secret
2023-05-12 15:35:13,477 [Listener at localhost/15004] INFO  http.HttpRequestLog (HttpRequestLog.java:getRequestLog(86)) - Http request log for http.requests.ozoneManager is not defined
2023-05-12 15:35:13,478 [Listener at localhost/15004] INFO  http.HttpServer2 (HttpServer2.java:addGlobalFilter(1031)) - Added global filter 'safety' (class=org.apache.hadoop.hdds.server.http.HttpServer2$QuotingInputFilter)
2023-05-12 15:35:13,479 [Listener at localhost/15004] INFO  http.HttpServer2 (HttpServer2.java:addFilter(1007)) - Added filter static_user_filter (class=org.apache.hadoop.http.lib.StaticUserWebFilter$StaticUserFilter) to context ozoneManager
2023-05-12 15:35:13,479 [Listener at localhost/15004] INFO  http.HttpServer2 (HttpServer2.java:addFilter(1015)) - Added filter static_user_filter (class=org.apache.hadoop.http.lib.StaticUserWebFilter$StaticUserFilter) to context static
2023-05-12 15:35:13,480 [Listener at localhost/15004] INFO  http.HttpServer2 (HttpServer2.java:addFilter(1015)) - Added filter static_user_filter (class=org.apache.hadoop.http.lib.StaticUserWebFilter$StaticUserFilter) to context logs
2023-05-12 15:35:13,480 [Listener at localhost/15004] INFO  http.BaseHttpServer (BaseHttpServer.java:<init>(190)) - HTTP server of ozoneManager uses base directory /home/runner/work/ozone/ozone/hadoop-ozone/integration-test/target/test-dir/MiniOzoneClusterImpl-bfe86ff0-f9fb-433f-aae2-64a5a95eec81/omNode-1/webserver
2023-05-12 15:35:13,480 [Listener at localhost/15004] INFO  http.HttpServer2 (HttpServer2.java:bindListener(1250)) - Jetty bound to port 15005
2023-05-12 15:35:13,481 [Listener at localhost/15004] INFO  server.Server (Server.java:doStart(375)) - jetty-9.4.51.v20230217; built: 2023-02-17T08:19:37.309Z; git: b45c405e4544384de066f814ed42ae3dceacdd49; jvm 1.8.0_362-b09
2023-05-12 15:35:13,482 [Listener at localhost/15004] INFO  server.session (DefaultSessionIdManager.java:doStart(334)) - DefaultSessionIdManager workerName=node0
2023-05-12 15:35:13,482 [Listener at localhost/15004] INFO  server.session (DefaultSessionIdManager.java:doStart(339)) - No SessionScavenger set, using defaults
2023-05-12 15:35:13,482 [Listener at localhost/15004] INFO  server.session (HouseKeeper.java:startScavenging(132)) - node0 Scavenging every 660000ms
2023-05-12 15:35:13,483 [Listener at localhost/15004] INFO  handler.ContextHandler (ContextHandler.java:doStart(921)) - Started o.e.j.s.ServletContextHandler@5f77b570{logs,/logs,file:///home/runner/work/ozone/ozone/hadoop-ozone/integration-test/target/log,AVAILABLE}
2023-05-12 15:35:13,483 [Listener at localhost/15004] INFO  handler.ContextHandler (ContextHandler.java:doStart(921)) - Started o.e.j.s.ServletContextHandler@28eb8bad{static,/static,file:///home/runner/work/ozone/ozone/hadoop-ozone/integration-test/target/test-classes/webapps/static,AVAILABLE}
2023-05-12 15:35:13,485 [omNode-3@group-523986131536-FollowerState] INFO  server.RaftServerConfigKeys (ConfUtils.java:logFallback(53)) - raft.server.rpc.first-election.timeout.min = 1s (fallback to raft.server.rpc.timeout.min)
2023-05-12 15:35:13,485 [omNode-3@group-523986131536-FollowerState] INFO  server.RaftServerConfigKeys (ConfUtils.java:logFallback(53)) - raft.server.rpc.first-election.timeout.max = 1200ms (fallback to raft.server.rpc.timeout.max)
2023-05-12 15:35:13,487 [Listener at localhost/15004] INFO  handler.ContextHandler (ContextHandler.java:doStart(921)) - Started o.e.j.w.WebAppContext@de646d5{ozoneManager,/,file:///home/runner/work/ozone/ozone/hadoop-ozone/integration-test/target/test-classes/webapps/ozoneManager/,AVAILABLE}{file:/home/runner/work/ozone/ozone/hadoop-ozone/integration-test/target/test-classes/webapps/ozoneManager}
2023-05-12 15:35:13,489 [Listener at localhost/15004] INFO  server.AbstractConnector (AbstractConnector.java:doStart(333)) - Started ServerConnector@5f5559{HTTP/1.1, (http/1.1)}{0.0.0.0:15005}
2023-05-12 15:35:13,489 [Listener at localhost/15004] INFO  server.Server (Server.java:doStart(415)) - Started @29702ms
2023-05-12 15:35:13,489 [Listener at localhost/15004] WARN  impl.MetricsSystemImpl (MetricsSystemImpl.java:register(279)) - Sink prometheus already exists!
2023-05-12 15:35:13,489 [Listener at localhost/15004] INFO  http.BaseHttpServer (BaseHttpServer.java:updateConnectorAddress(344)) - HTTP server of ozoneManager listening at http://0.0.0.0:15005
2023-05-12 15:35:13,491 [IPC Server Responder] INFO  ipc.Server (Server.java:run(1558)) - IPC Server Responder: starting
2023-05-12 15:35:13,492 [IPC Server listener on 15004] INFO  ipc.Server (Server.java:run(1398)) - IPC Server listener on 15004: starting
2023-05-12 15:35:13,500 [Listener at localhost/15004] INFO  om.OzoneManager (OzoneManager.java:startTrashEmptier(2081)) - Trash Interval set to 0. Files deleted won't move to trash
2023-05-12 15:35:13,501 [Listener at localhost/15004] INFO  om.OzoneManager (OzoneManager.java:stop(2196)) - omNode-2[localhost:15008]: Stopping Ozone Manager
2023-05-12 15:35:13,501 [org.apache.hadoop.util.JvmPauseMonitor$Monitor@6e012cdd] INFO  util.JvmPauseMonitor (JvmPauseMonitor.java:run(188)) - Starting JVM pause monitor
2023-05-12 15:35:13,501 [Listener at localhost/15004] INFO  ipc.Server (Server.java:stop(3501)) - Stopping server on 15008
2023-05-12 15:35:13,514 [Listener at localhost/15004] INFO  server.RaftServer (RaftServerProxy.java:lambda$close$6(416)) - omNode-2: close
2023-05-12 15:35:13,514 [Listener at localhost/15004] INFO  server.GrpcService (GrpcService.java:closeImpl(311)) - omNode-2: shutdown server GrpcServerProtocolService now
2023-05-12 15:35:13,515 [IPC Server Responder] INFO  ipc.Server (Server.java:run(1563)) - Stopping IPC Server Responder
2023-05-12 15:35:13,515 [IPC Server listener on 15008] INFO  ipc.Server (Server.java:run(1430)) - Stopping IPC Server listener on 15008
2023-05-12 15:35:13,515 [omNode-2-impl-thread1] INFO  server.RaftServer$Division (RaftServerImpl.java:lambda$close$4(466)) - omNode-2@group-523986131536: shutdown
2023-05-12 15:35:13,515 [omNode-2-impl-thread1] INFO  util.JmxRegister (JmxRegister.java:unregister(73)) - Successfully un-registered JMX Bean with object name Ratis:service=RaftServer,group=group-523986131536,id=omNode-2
2023-05-12 15:35:13,515 [omNode-2-impl-thread1] INFO  impl.RoleInfo (RoleInfo.java:shutdownLeaderState(93)) - omNode-2: shutdown omNode-2@group-523986131536-LeaderStateImpl
2023-05-12 15:35:13,516 [omNode-2@group-523986131536->omNode-3-GrpcLogAppender-LogAppenderDaemon] WARN  server.GrpcLogAppender (GrpcLogAppender.java:mayWait(199)) - omNode-2@group-523986131536->omNode-3-GrpcLogAppender: Wait interrupted by java.lang.InterruptedException
2023-05-12 15:35:13,516 [omNode-2@group-523986131536->omNode-1-GrpcLogAppender-LogAppenderDaemon] WARN  server.GrpcLogAppender (GrpcLogAppender.java:mayWait(199)) - omNode-2@group-523986131536->omNode-1-GrpcLogAppender: Wait interrupted by java.lang.InterruptedException
2023-05-12 15:35:13,516 [grpc-default-executor-5] INFO  server.GrpcServerProtocolService (GrpcServerProtocolService.java:onCompleted(155)) - omNode-1: Completed APPEND_ENTRIES, lastRequest: null
2023-05-12 15:35:13,516 [grpc-default-executor-5] INFO  server.GrpcServerProtocolService (GrpcServerProtocolService.java:lambda$onCompleted$5(157)) - omNode-1: Completed APPEND_ENTRIES, lastReply: null
2023-05-12 15:35:13,517 [grpc-default-executor-9] INFO  server.GrpcServerProtocolService (GrpcServerProtocolService.java:onCompleted(155)) - omNode-1: Completed APPEND_ENTRIES, lastRequest: omNode-2->omNode-1#30-t2,previous=(t:0, i:0),leaderCommit=2,initializing? true,entries: size=3, first=(t:1, i:0), CONFIGURATIONENTRY(current:id: "omNode-3"
address: "localhost:15015"
startupRole: FOLLOWER
,id: "omNode-1"
address: "localhost:15007"
startupRole: FOLLOWER
,id: "omNode-2"
address: "localhost:15011"
startupRole: FOLLOWER
, old:)
2023-05-12 15:35:13,517 [grpc-default-executor-9] INFO  server.GrpcServerProtocolService (GrpcServerProtocolService.java:lambda$onCompleted$5(157)) - omNode-1: Completed APPEND_ENTRIES, lastReply: null
2023-05-12 15:35:13,517 [grpc-default-executor-8] INFO  server.GrpcServerProtocolService (GrpcServerProtocolService.java:onCompleted(155)) - omNode-3: Completed APPEND_ENTRIES, lastRequest: null
2023-05-12 15:35:13,517 [grpc-default-executor-1] INFO  server.GrpcServerProtocolService (GrpcServerProtocolService.java:onCompleted(155)) - omNode-3: Completed APPEND_ENTRIES, lastRequest: omNode-2->omNode-3#15-t2,previous=(t:0, i:0),leaderCommit=2,initializing? true,entries: size=3, first=(t:1, i:0), CONFIGURATIONENTRY(current:id: "omNode-3"
address: "localhost:15015"
startupRole: FOLLOWER
,id: "omNode-1"
address: "localhost:15007"
startupRole: FOLLOWER
,id: "omNode-2"
address: "localhost:15011"
startupRole: FOLLOWER
, old:)
2023-05-12 15:35:13,517 [grpc-default-executor-1] INFO  server.GrpcServerProtocolService (GrpcServerProtocolService.java:lambda$onCompleted$5(157)) - omNode-3: Completed APPEND_ENTRIES, lastReply: null
2023-05-12 15:35:13,517 [grpc-default-executor-8] INFO  server.GrpcServerProtocolService (GrpcServerProtocolService.java:lambda$onCompleted$5(157)) - omNode-3: Completed APPEND_ENTRIES, lastReply: serverReply {
  requestorId: "omNode-2"
  replyId: "omNode-3"
  raftGroupId {
    id: "\311\274L\364;\303<`\246kR9\206\023\0256"
  }
  callId: 17
  success: true
}
term: 2
nextIndex: 3
followerCommit: 2
matchIndex: 18446744073709551615
isHearbeat: true

2023-05-12 15:35:13,518 [grpc-default-executor-3] INFO  server.GrpcLogAppender (GrpcLogAppender.java:onCompleted(428)) - omNode-2@group-523986131536->omNode-1-AppendLogResponseHandler: follower responses appendEntries COMPLETED
2023-05-12 15:35:13,518 [grpc-default-executor-7] INFO  server.GrpcLogAppender (GrpcLogAppender.java:onCompleted(428)) - omNode-2@group-523986131536->omNode-3-AppendLogResponseHandler: follower responses appendEntries COMPLETED
2023-05-12 15:35:13,518 [grpc-default-executor-3] INFO  leader.FollowerInfo (FollowerInfoImpl.java:lambda$new$0(52)) - omNode-2@group-523986131536->omNode-1: decreaseNextIndex nextIndex: updateUnconditionally 3 -> 2
2023-05-12 15:35:13,518 [grpc-default-executor-7] INFO  leader.FollowerInfo (FollowerInfoImpl.java:lambda$new$0(52)) - omNode-2@group-523986131536->omNode-3: decreaseNextIndex nextIndex: updateUnconditionally 3 -> 2
2023-05-12 15:35:13,518 [grpc-default-executor-6] INFO  server.GrpcLogAppender (GrpcLogAppender.java:onCompleted(428)) - omNode-2@group-523986131536->omNode-1-AppendLogResponseHandler: follower responses appendEntries COMPLETED
2023-05-12 15:35:13,518 [grpc-default-executor-6] INFO  leader.FollowerInfo (FollowerInfoImpl.java:lambda$new$0(52)) - omNode-2@group-523986131536->omNode-1: decreaseNextIndex nextIndex: updateUnconditionally 2 -> 1
2023-05-12 15:35:13,518 [grpc-default-executor-4] INFO  server.GrpcLogAppender (GrpcLogAppender.java:onCompleted(428)) - omNode-2@group-523986131536->omNode-3-AppendLogResponseHandler: follower responses appendEntries COMPLETED
2023-05-12 15:35:13,518 [grpc-default-executor-4] INFO  leader.FollowerInfo (FollowerInfoImpl.java:lambda$new$0(52)) - omNode-2@group-523986131536->omNode-3: decreaseNextIndex nextIndex: updateUnconditionally 2 -> 1
2023-05-12 15:35:13,516 [omNode-2-impl-thread1] INFO  impl.PendingRequests (PendingRequests.java:sendNotLeaderResponses(289)) - omNode-2@group-523986131536-PendingRequests: sendNotLeaderResponses
2023-05-12 15:35:13,522 [Thread-670] INFO  server.GrpcServerProtocolClient (GrpcServerProtocolClient.java:close(103)) - omNode-3 Close channels
2023-05-12 15:35:13,522 [Thread-671] INFO  server.GrpcServerProtocolClient (GrpcServerProtocolClient.java:close(103)) - omNode-1 Close channels
2023-05-12 15:35:13,526 [omNode-2-impl-thread1] INFO  impl.StateMachineUpdater (StateMachineUpdater.java:stopAndJoin(155)) - omNode-2@group-523986131536-StateMachineUpdater: set stopIndex = 2
2023-05-12 15:35:13,526 [omNode-2@group-523986131536-StateMachineUpdater] INFO  ratis.OzoneManagerStateMachine (OzoneManagerStateMachine.java:takeSnapshot(479)) - Current Snapshot Index (t:2, i:2)
2023-05-12 15:35:13,528 [Listener at localhost/15004] INFO  server.GrpcService (GrpcService.java:closeImpl(320)) - omNode-2: shutdown server GrpcServerProtocolService successfully
2023-05-12 15:35:13,536 [omNode-2@group-523986131536-StateMachineUpdater] INFO  impl.StateMachineUpdater (StateMachineUpdater.java:takeSnapshot(291)) - omNode-2@group-523986131536-StateMachineUpdater: Took a snapshot at index 2
2023-05-12 15:35:13,536 [omNode-2@group-523986131536-StateMachineUpdater] INFO  impl.StateMachineUpdater (StateMachineUpdater.java:lambda$new$0(97)) - omNode-2@group-523986131536-StateMachineUpdater: snapshotIndex: updateIncreasingly -1 -> 2
2023-05-12 15:35:13,536 [omNode-2@group-523986131536-StateMachineUpdater] INFO  ratis.OzoneManagerStateMachine (OzoneManagerStateMachine.java:close(533)) - StateMachine has shutdown. Shutdown OzoneManager if not already shutdown.
2023-05-12 15:35:13,536 [omNode-2@group-523986131536-StateMachineUpdater] INFO  ratis.OzoneManagerDoubleBuffer (OzoneManagerDoubleBuffer.java:stopDaemon(559)) - Stopping OMDoubleBuffer flush thread
2023-05-12 15:35:13,536 [OMDoubleBufferFlushThread] INFO  ratis.OzoneManagerDoubleBuffer (OzoneManagerDoubleBuffer.java:canFlush(648)) - OMDoubleBuffer flush thread OMDoubleBufferFlushThread is interrupted and will exit.
2023-05-12 15:35:13,539 [omNode-2-impl-thread1] INFO  server.RaftServer$Division (ServerState.java:close(472)) - omNode-2@group-523986131536: closes. applyIndex: 2
2023-05-12 15:35:14,170 [omNode-1@group-523986131536-FollowerState] INFO  server.RaftServerConfigKeys (ConfUtils.java:logFallback(53)) - raft.server.rpc.first-election.timeout.min = 1s (fallback to raft.server.rpc.timeout.min)
2023-05-12 15:35:14,171 [omNode-1@group-523986131536-FollowerState] INFO  server.RaftServerConfigKeys (ConfUtils.java:logFallback(53)) - raft.server.rpc.first-election.timeout.max = 1200ms (fallback to raft.server.rpc.timeout.max)
2023-05-12 15:35:14,192 [omNode-2-impl-thread1] INFO  segmented.SegmentedRaftLogWorker (SegmentedRaftLogWorker.java:close(252)) - omNode-2@group-523986131536-SegmentedRaftLogWorker close()
2023-05-12 15:35:14,192 [JvmPauseMonitor1] INFO  util.JvmPauseMonitor (JvmPauseMonitor.java:run(109)) - JvmPauseMonitor-omNode-2: Stopped
2023-05-12 15:35:14,192 [Listener at localhost/15004] INFO  ratis.OzoneManagerStateMachine (OzoneManagerStateMachine.java:close(533)) - StateMachine has shutdown. Shutdown OzoneManager if not already shutdown.
2023-05-12 15:35:14,193 [Listener at localhost/15004] INFO  ratis.OzoneManagerDoubleBuffer (OzoneManagerDoubleBuffer.java:stopDaemon(568)) - OMDoubleBuffer flush thread is not running.
2023-05-12 15:35:14,194 [Listener at localhost/15004] INFO  utils.BackgroundService (BackgroundService.java:shutdown(141)) - Shutting down service KeyDeletingService
2023-05-12 15:35:14,194 [Listener at localhost/15004] INFO  utils.BackgroundService (BackgroundService.java:shutdown(141)) - Shutting down service KeyDeletingService
2023-05-12 15:35:14,194 [Listener at localhost/15004] INFO  utils.BackgroundService (BackgroundService.java:shutdown(141)) - Shutting down service OpenKeyCleanupService
2023-05-12 15:35:14,194 [Listener at localhost/15004] INFO  utils.BackgroundService (BackgroundService.java:shutdown(141)) - Shutting down service SstFilteringService
2023-05-12 15:35:14,195 [Listener at localhost/15004] INFO  utils.BackgroundService (BackgroundService.java:shutdown(141)) - Shutting down service SnapshotDeletingService
2023-05-12 15:35:14,195 [Listener at localhost/15004] INFO  handler.ContextHandler (ContextHandler.java:doStop(1159)) - Stopped o.e.j.w.WebAppContext@26450242{ozoneManager,/,null,STOPPED}{file:/home/runner/work/ozone/ozone/hadoop-ozone/integration-test/target/test-classes/webapps/ozoneManager}
2023-05-12 15:35:14,196 [Listener at localhost/15004] INFO  server.AbstractConnector (AbstractConnector.java:doStop(383)) - Stopped ServerConnector@4e579bd{HTTP/1.1, (http/1.1)}{0.0.0.0:15009}
2023-05-12 15:35:14,196 [Listener at localhost/15004] INFO  server.session (HouseKeeper.java:stopScavenging(149)) - node0 Stopped scavenging
2023-05-12 15:35:14,197 [Listener at localhost/15004] INFO  handler.ContextHandler (ContextHandler.java:doStop(1159)) - Stopped o.e.j.s.ServletContextHandler@2271265b{static,/static,file:///home/runner/work/ozone/ozone/hadoop-ozone/integration-test/target/test-classes/webapps/static,STOPPED}
2023-05-12 15:35:14,197 [Listener at localhost/15004] INFO  handler.ContextHandler (ContextHandler.java:doStop(1159)) - Stopped o.e.j.s.ServletContextHandler@42f5e9a6{logs,/logs,file:///home/runner/work/ozone/ozone/hadoop-ozone/integration-test/target/log,STOPPED}
2023-05-12 15:35:14,199 [Listener at localhost/15004] INFO  utils.BackgroundService (BackgroundService.java:shutdown(141)) - Shutting down service SnapshotDiffCleanupService
2023-05-12 15:35:14,201 [Listener at localhost/15004] INFO  om.OzoneManager (OzoneManager.java:restart(1694)) - OzoneManager RPC server is listening at localhost/127.0.0.1:15008
2023-05-12 15:35:14,201 [Listener at localhost/15004] INFO  impl.MetricsSystemImpl (MetricsSystemImpl.java:init(158)) - OzoneManager metrics system started (again)
2023-05-12 15:35:14,213 [Listener at localhost/15004] WARN  server.ServerUtils (ServerUtils.java:getDBPath(225)) - ozone.om.db.dirs is not configured. We recommend adding this setting. Falling back to ozone.metadata.dirs instead.
2023-05-12 15:35:14,214 [Listener at localhost/15004] INFO  codec.OmKeyInfoCodec (OmKeyInfoCodec.java:<init>(49)) - OmKeyInfoCodec ignorePipeline = true
2023-05-12 15:35:14,214 [Listener at localhost/15004] INFO  codec.RepeatedOmKeyInfoCodec (RepeatedOmKeyInfoCodec.java:<init>(41)) - RepeatedOmKeyInfoCodec ignorePipeline = true
2023-05-12 15:35:14,253 [Listener at localhost/15004] INFO  om.OzoneManager (OzoneManager.java:instantiateServices(774)) - S3 Multi-Tenancy is disabled
2023-05-12 15:35:14,253 [Listener at localhost/15004] INFO  om.OmSnapshotManager (OmSnapshotManager.java:<init>(171)) - Ozone filesystem snapshot feature is enabled.
2023-05-12 15:35:14,254 [Listener at localhost/15004] WARN  server.ServerUtils (ServerUtils.java:getDBPath(225)) - ozone.om.snapshot.diff.db.dir is not configured. We recommend adding this setting. Falling back to ozone.metadata.dirs instead.
2023-05-12 15:35:14,289 [Listener at localhost/15004] WARN  server.ServerUtils (ServerUtils.java:getDefaultRatisDirectory(237)) - Storage directory for Ratis is not configured. It is a good idea to map this to an SSD disk. Falling back to ozone.metadata.dirs
2023-05-12 15:35:14,290 [Listener at localhost/15004] INFO  ratis.OzoneManagerRatisServer (OzoneManagerRatisServer.java:<init>(163)) - Instantiating OM Ratis server with groupID: om-service-test1 and peers: localhost:15011, localhost:15015, localhost:15007
2023-05-12 15:35:14,291 [Listener at localhost/15004] INFO  ratis.OzoneManagerStateMachine (OzoneManagerStateMachine.java:loadSnapshotInfoFromDB(670)) - LastAppliedIndex is set from TransactionInfo from OM DB as (t:2, i:2)
2023-05-12 15:35:14,291 [Listener at localhost/15004] INFO  server.RaftServer (ConfUtils.java:logGet(46)) - raft.rpc.type = GRPC (default)
2023-05-12 15:35:14,292 [Listener at localhost/15004] INFO  grpc.GrpcConfigKeys (ConfUtils.java:logFallback(53)) - raft.grpc.admin.host = null (fallback to raft.grpc.server.host)
2023-05-12 15:35:14,292 [Listener at localhost/15004] INFO  grpc.GrpcConfigKeys (ConfUtils.java:logFallback(53)) - raft.grpc.admin.port = 15011 (fallback to raft.grpc.server.port)
2023-05-12 15:35:14,292 [Listener at localhost/15004] INFO  grpc.GrpcConfigKeys (ConfUtils.java:logFallback(53)) - raft.grpc.client.host = null (fallback to raft.grpc.server.host)
2023-05-12 15:35:14,293 [Listener at localhost/15004] INFO  grpc.GrpcConfigKeys (ConfUtils.java:logFallback(53)) - raft.grpc.client.port = 15011 (fallback to raft.grpc.server.port)
2023-05-12 15:35:14,293 [Listener at localhost/15004] INFO  grpc.GrpcConfigKeys (ConfUtils.java:logGet(46)) - raft.grpc.server.host = null (default)
2023-05-12 15:35:14,293 [Listener at localhost/15004] INFO  grpc.GrpcConfigKeys (ConfUtils.java:logGet(46)) - raft.grpc.server.port = 15011 (custom)
2023-05-12 15:35:14,293 [Listener at localhost/15004] INFO  server.GrpcService (ConfUtils.java:logGet(46)) - raft.grpc.message.size.max = 33554432 (custom)
2023-05-12 15:35:14,293 [Listener at localhost/15004] INFO  server.RaftServerConfigKeys (ConfUtils.java:logGet(46)) - raft.server.log.appender.buffer.byte-limit = 33554432 (custom)
2023-05-12 15:35:14,293 [Listener at localhost/15004] INFO  server.GrpcService (ConfUtils.java:logGet(46)) - raft.grpc.flow.control.window = 1MB (=1048576) (default)
2023-05-12 15:35:14,294 [Listener at localhost/15004] INFO  server.RaftServerConfigKeys (ConfUtils.java:logGet(46)) - raft.server.rpc.request.timeout = 3000ms (default)
2023-05-12 15:35:14,294 [Listener at localhost/15004] INFO  grpc.GrpcConfigKeys (ConfUtils.java:logGet(46)) - raft.grpc.server.heartbeat.channel = true (default)
2023-05-12 15:35:14,294 [Listener at localhost/15004] INFO  grpc.GrpcConfigKeys (ConfUtils.java:logGet(46)) - raft.grpc.server.async.request.thread.pool.cached = true (default)
2023-05-12 15:35:14,294 [Listener at localhost/15004] INFO  grpc.GrpcConfigKeys (ConfUtils.java:logGet(46)) - raft.grpc.server.async.request.thread.pool.size = 32 (default)
2023-05-12 15:35:14,295 [Listener at localhost/15004] INFO  impl.DataStreamServerImpl (ConfUtils.java:logGet(46)) - raft.datastream.type = DISABLED (default)
2023-05-12 15:35:14,295 [Listener at localhost/15004] INFO  server.RaftServerConfigKeys (ConfUtils.java:logGet(46)) - raft.server.threadpool.proxy.cached = true (default)
2023-05-12 15:35:14,296 [Listener at localhost/15004] INFO  server.RaftServerConfigKeys (ConfUtils.java:logGet(46)) - raft.server.threadpool.proxy.size = 0 (default)
2023-05-12 15:35:14,296 [Listener at localhost/15004] INFO  server.RaftServerConfigKeys (ConfUtils.java:logGet(46)) - raft.server.rpc.slowness.timeout = 2s (custom)
2023-05-12 15:35:14,296 [Listener at localhost/15004] INFO  server.RaftServerConfigKeys (ConfUtils.java:logGet(46)) - raft.server.leaderelection.leader.step-down.wait-time = 10s (default)
2023-05-12 15:35:14,296 [Listener at localhost/15004] INFO  server.RaftServerConfigKeys (ConfUtils.java:logGet(46)) - raft.server.storage.dir = [/home/runner/work/ozone/ozone/hadoop-ozone/integration-test/target/test-dir/MiniOzoneClusterImpl-bfe86ff0-f9fb-433f-aae2-64a5a95eec81/omNode-2/ratis] (custom)
2023-05-12 15:35:14,297 [omNode-2-impl-thread1] INFO  server.RaftServer (RaftServerProxy.java:initGroupDir(258)) - omNode-2: found a subdirectory /home/runner/work/ozone/ozone/hadoop-ozone/integration-test/target/test-dir/MiniOzoneClusterImpl-bfe86ff0-f9fb-433f-aae2-64a5a95eec81/omNode-2/ratis/c9bc4cf4-3bc3-3c60-a66b-523986131536
2023-05-12 15:35:14,297 [Listener at localhost/15004] INFO  server.RaftServer (RaftServerProxy.java:addNew(98)) - omNode-2: addNew group-523986131536:[omNode-3|rpc:localhost:15015|priority:0|startupRole:FOLLOWER, omNode-1|rpc:localhost:15007|priority:0|startupRole:FOLLOWER, omNode-2|rpc:localhost:15011|priority:0|startupRole:FOLLOWER] returns group-523986131536:java.util.concurrent.CompletableFuture@d3b2b6c[Not completed]
2023-05-12 15:35:14,297 [omNode-2-groupManagement] INFO  server.RaftServer$Division (RaftServerImpl.java:<init>(198)) - omNode-2: new RaftServerImpl for group-523986131536:[omNode-3|rpc:localhost:15015|priority:0|startupRole:FOLLOWER, omNode-1|rpc:localhost:15007|priority:0|startupRole:FOLLOWER, omNode-2|rpc:localhost:15011|priority:0|startupRole:FOLLOWER] with OzoneManagerStateMachine:uninitialized
2023-05-12 15:35:14,297 [Listener at localhost/15004] INFO  om.OzoneManager (OzoneManager.java:initializeRatisServer(2137)) - OzoneManager Ratis server initialized at port 15011
2023-05-12 15:35:14,298 [omNode-2-groupManagement] INFO  server.RaftServerConfigKeys (ConfUtils.java:logGet(46)) - raft.server.rpc.timeout.min = 1s (custom)
2023-05-12 15:35:14,298 [Listener at localhost/15004] INFO  ratis.OzoneManagerRatisServer (OzoneManagerRatisServer.java:start(558)) - Starting OzoneManagerRatisServer omNode-2 at port 15011
2023-05-12 15:35:14,298 [omNode-2-groupManagement] INFO  server.RaftServerConfigKeys (ConfUtils.java:logGet(46)) - raft.server.rpc.timeout.max = 1200ms (custom)
2023-05-12 15:35:14,298 [omNode-2-groupManagement] INFO  server.RaftServerConfigKeys (ConfUtils.java:logGet(46)) - raft.server.rpc.sleep.time = 25ms (default)
2023-05-12 15:35:14,298 [omNode-2-groupManagement] INFO  server.RaftServerConfigKeys (ConfUtils.java:logGet(46)) - raft.server.rpc.slowness.timeout = 2s (custom)
2023-05-12 15:35:14,298 [omNode-2-groupManagement] INFO  server.RaftServerConfigKeys (ConfUtils.java:logGet(46)) - raft.server.leaderelection.leader.step-down.wait-time = 10s (default)
2023-05-12 15:35:14,298 [omNode-2-groupManagement] INFO  server.RaftServerConfigKeys (ConfUtils.java:logGet(46)) - raft.server.sleep.deviation.threshold = 300ms (default)
2023-05-12 15:35:14,298 [omNode-2-groupManagement] INFO  server.RaftServer$Division (ServerState.java:<init>(120)) - omNode-2@group-523986131536: ConfigurationManager, init=-1: peers:[omNode-3|rpc:localhost:15015|priority:0|startupRole:FOLLOWER, omNode-1|rpc:localhost:15007|priority:0|startupRole:FOLLOWER, omNode-2|rpc:localhost:15011|priority:0|startupRole:FOLLOWER]|listeners:[], old=null, confs=<EMPTY_MAP>
2023-05-12 15:35:14,298 [omNode-2-groupManagement] INFO  server.RaftServerConfigKeys (ConfUtils.java:logGet(46)) - raft.server.storage.dir = [/home/runner/work/ozone/ozone/hadoop-ozone/integration-test/target/test-dir/MiniOzoneClusterImpl-bfe86ff0-f9fb-433f-aae2-64a5a95eec81/omNode-2/ratis] (custom)
2023-05-12 15:35:14,298 [omNode-2-groupManagement] INFO  server.RaftServerConfigKeys (ConfUtils.java:logGet(46)) - raft.server.log.corruption.policy = EXCEPTION (default)
2023-05-12 15:35:14,298 [omNode-2-groupManagement] INFO  server.RaftServerConfigKeys (ConfUtils.java:logGet(46)) - raft.server.storage.free-space.min = 0MB (=0) (default)
2023-05-12 15:35:14,299 [omNode-2-groupManagement] INFO  server.RaftServerConfigKeys (ConfUtils.java:logGet(46)) - raft.server.notification.no-leader.timeout = 2s (custom)
2023-05-12 15:35:14,299 [omNode-2-groupManagement] INFO  server.RaftServerConfigKeys (ConfUtils.java:logGet(46)) - raft.server.read.timeout = 10s (default)
2023-05-12 15:35:14,299 [omNode-2-groupManagement] INFO  server.RaftServerConfigKeys (ConfUtils.java:logGet(46)) - raft.server.retrycache.expirytime = 30000ms (custom)
2023-05-12 15:35:14,299 [omNode-2-groupManagement] INFO  server.RaftServerConfigKeys (ConfUtils.java:logGet(46)) - raft.server.retrycache.statistics.expirytime = 100μs (default)
2023-05-12 15:35:14,299 [omNode-2-groupManagement] INFO  server.RaftServerConfigKeys (ConfUtils.java:logGet(46)) - raft.server.read.option = DEFAULT (default)
2023-05-12 15:35:14,300 [omNode-2-groupManagement] INFO  server.RaftServerConfigKeys (ConfUtils.java:logGet(46)) - raft.server.rpc.request.timeout = 3000ms (default)
2023-05-12 15:35:14,300 [omNode-2-groupManagement] INFO  server.RaftServerConfigKeys (ConfUtils.java:logGet(46)) - raft.server.log.appender.install.snapshot.enabled = false (custom)
2023-05-12 15:35:14,300 [omNode-2-groupManagement] INFO  server.RaftServerConfigKeys (ConfUtils.java:logGet(46)) - raft.server.threadpool.server.cached = true (default)
2023-05-12 15:35:14,300 [omNode-2-groupManagement] INFO  server.RaftServerConfigKeys (ConfUtils.java:logGet(46)) - raft.server.threadpool.server.size = 0 (default)
2023-05-12 15:35:14,300 [omNode-2-groupManagement] INFO  server.RaftServerConfigKeys (ConfUtils.java:logGet(46)) - raft.server.threadpool.client.cached = true (default)
2023-05-12 15:35:14,300 [omNode-2-groupManagement] INFO  server.RaftServerConfigKeys (ConfUtils.java:logGet(46)) - raft.server.threadpool.client.size = 0 (default)
2023-05-12 15:35:14,302 [omNode-2-impl-thread1] INFO  storage.RaftStorageDirectory (RaftStorageDirectoryImpl.java:tryLock(231)) - Lock on /home/runner/work/ozone/ozone/hadoop-ozone/integration-test/target/test-dir/MiniOzoneClusterImpl-bfe86ff0-f9fb-433f-aae2-64a5a95eec81/omNode-2/ratis/c9bc4cf4-3bc3-3c60-a66b-523986131536/in_use.lock acquired by nodename 89313@fv-az1245-539
2023-05-12 15:35:14,302 [omNode-2-impl-thread1] INFO  storage.RaftStorage (RaftStorageImpl.java:analyzeAndRecoverStorage(117)) - Read RaftStorageMetadata{term=2, votedFor=omNode-2} from /home/runner/work/ozone/ozone/hadoop-ozone/integration-test/target/test-dir/MiniOzoneClusterImpl-bfe86ff0-f9fb-433f-aae2-64a5a95eec81/omNode-2/ratis/c9bc4cf4-3bc3-3c60-a66b-523986131536/current/raft-meta
2023-05-12 15:35:14,303 [omNode-2-impl-thread1] INFO  server.RaftServer$Division (ServerState.java:setRaftConf(434)) - omNode-2@group-523986131536: set configuration 1: peers:[omNode-3|rpc:localhost:15015|admin:|client:|dataStream:|priority:0|startupRole:FOLLOWER, omNode-1|rpc:localhost:15007|admin:|client:|dataStream:|priority:0|startupRole:FOLLOWER, omNode-2|rpc:localhost:15011|admin:|client:|dataStream:|priority:0|startupRole:FOLLOWER]|listeners:[], old=null
2023-05-12 15:35:14,303 [omNode-2-impl-thread1] INFO  server.RaftServerConfigKeys (ConfUtils.java:logGet(46)) - raft.server.log.use.memory = false (default)
2023-05-12 15:35:14,303 [omNode-2-impl-thread1] INFO  server.RaftServerConfigKeys (ConfUtils.java:logGet(46)) - raft.server.log.purge.gap = 50 (custom)
2023-05-12 15:35:14,304 [omNode-2-impl-thread1] INFO  server.RaftServerConfigKeys (ConfUtils.java:logGet(46)) - raft.server.log.appender.buffer.byte-limit = 33554432 (custom)
2023-05-12 15:35:14,304 [omNode-2-impl-thread1] INFO  server.RaftServerConfigKeys (ConfUtils.java:logGet(46)) - raft.server.log.statemachine.data.read.timeout = 1000ms (default)
2023-05-12 15:35:14,304 [omNode-2-impl-thread1] INFO  server.RaftServerConfigKeys (ConfUtils.java:logGet(46)) - raft.server.log.purge.preservation.log.num = 0 (default)
2023-05-12 15:35:14,304 [omNode-2-impl-thread1] INFO  server.RaftServerConfigKeys (ConfUtils.java:logGet(46)) - raft.server.log.segment.size.max = 4194304 (custom)
2023-05-12 15:35:14,304 [omNode-2-impl-thread1] INFO  server.RaftServerConfigKeys (ConfUtils.java:logGet(46)) - raft.server.log.segment.cache.num.max = 2 (custom)
2023-05-12 15:35:14,304 [omNode-2-impl-thread1] INFO  server.RaftServerConfigKeys (ConfUtils.java:logGet(46)) - raft.server.log.segment.cache.size.max = 200MB (=209715200) (default)
2023-05-12 15:35:14,304 [omNode-2-impl-thread1] INFO  server.RaftServerConfigKeys (ConfUtils.java:logGet(46)) - raft.server.log.appender.buffer.byte-limit = 33554432 (custom)
2023-05-12 15:35:14,304 [omNode-2-impl-thread1] INFO  segmented.SegmentedRaftLogWorker (SegmentedRaftLogWorker.java:<init>(188)) - new omNode-2@group-523986131536-SegmentedRaftLogWorker for RaftStorageImpl:Storage Directory /home/runner/work/ozone/ozone/hadoop-ozone/integration-test/target/test-dir/MiniOzoneClusterImpl-bfe86ff0-f9fb-433f-aae2-64a5a95eec81/omNode-2/ratis/c9bc4cf4-3bc3-3c60-a66b-523986131536
2023-05-12 15:35:14,304 [omNode-2-impl-thread1] INFO  server.RaftServerConfigKeys (ConfUtils.java:logGet(46)) - raft.server.log.queue.byte-limit = 64MB (=67108864) (default)
2023-05-12 15:35:14,304 [omNode-2-impl-thread1] INFO  server.RaftServerConfigKeys (ConfUtils.java:logGet(46)) - raft.server.log.queue.element-limit = 4096 (default)
2023-05-12 15:35:14,304 [omNode-2-impl-thread1] INFO  server.RaftServerConfigKeys (ConfUtils.java:logGet(46)) - raft.server.log.segment.size.max = 4194304 (custom)
2023-05-12 15:35:14,304 [omNode-2-impl-thread1] INFO  server.RaftServerConfigKeys (ConfUtils.java:logGet(46)) - raft.server.log.preallocated.size = 4194304 (custom)
2023-05-12 15:35:14,304 [omNode-2-impl-thread1] INFO  server.RaftServerConfigKeys (ConfUtils.java:logGet(46)) - raft.server.log.force.sync.num = 128 (default)
2023-05-12 15:35:14,304 [omNode-2-impl-thread1] INFO  server.RaftServerConfigKeys (ConfUtils.java:logGet(46)) - raft.server.log.statemachine.data.sync = true (default)
2023-05-12 15:35:14,304 [omNode-2-impl-thread1] INFO  server.RaftServerConfigKeys (ConfUtils.java:logGet(46)) - raft.server.log.statemachine.data.sync.timeout = 10s (default)
2023-05-12 15:35:14,305 [omNode-2-impl-thread1] INFO  server.RaftServerConfigKeys (ConfUtils.java:logGet(46)) - raft.server.log.statemachine.data.sync.timeout.retry = -1 (default)
2023-05-12 15:35:14,305 [omNode-2-impl-thread1] INFO  server.RaftServerConfigKeys (ConfUtils.java:logGet(46)) - raft.server.log.write.buffer.size = 64KB (=65536) (default)
2023-05-12 15:35:14,305 [omNode-2-impl-thread1] INFO  server.RaftServerConfigKeys (ConfUtils.java:logGet(46)) - raft.server.log.appender.buffer.byte-limit = 33554432 (custom)
2023-05-12 15:35:14,310 [omNode-2-impl-thread1] INFO  server.RaftServerConfigKeys (ConfUtils.java:logGet(46)) - raft.server.log.unsafe-flush.enabled = false (default)
2023-05-12 15:35:14,310 [omNode-2-impl-thread1] INFO  server.RaftServerConfigKeys (ConfUtils.java:logGet(46)) - raft.server.log.async-flush.enabled = false (default)
2023-05-12 15:35:14,310 [omNode-2-impl-thread1] INFO  server.RaftServerConfigKeys (ConfUtils.java:logGet(46)) - raft.server.log.statemachine.data.caching.enabled = false (default)
2023-05-12 15:35:14,311 [omNode-2-impl-thread1] INFO  server.RaftServer$Division (ServerState.java:setRaftConf(434)) - omNode-2@group-523986131536: set configuration 0: peers:[omNode-3|rpc:localhost:15015|admin:|client:|dataStream:|priority:0|startupRole:FOLLOWER, omNode-1|rpc:localhost:15007|admin:|client:|dataStream:|priority:0|startupRole:FOLLOWER, omNode-2|rpc:localhost:15011|admin:|client:|dataStream:|priority:0|startupRole:FOLLOWER]|listeners:[], old=null
2023-05-12 15:35:14,311 [omNode-2-impl-thread1] INFO  segmented.LogSegment (LogSegment.java:loadSegment(170)) - Successfully read 1 entries from segment file /home/runner/work/ozone/ozone/hadoop-ozone/integration-test/target/test-dir/MiniOzoneClusterImpl-bfe86ff0-f9fb-433f-aae2-64a5a95eec81/omNode-2/ratis/c9bc4cf4-3bc3-3c60-a66b-523986131536/current/log_0-0
2023-05-12 15:35:14,312 [omNode-2-impl-thread1] INFO  server.RaftServer$Division (ServerState.java:setRaftConf(434)) - omNode-2@group-523986131536: set configuration 1: peers:[omNode-3|rpc:localhost:15015|admin:|client:|dataStream:|priority:0|startupRole:FOLLOWER, omNode-1|rpc:localhost:15007|admin:|client:|dataStream:|priority:0|startupRole:FOLLOWER, omNode-2|rpc:localhost:15011|admin:|client:|dataStream:|priority:0|startupRole:FOLLOWER]|listeners:[], old=null
2023-05-12 15:35:14,312 [omNode-2-impl-thread1] INFO  segmented.LogSegment (LogSegment.java:loadSegment(170)) - Successfully read 2 entries from segment file /home/runner/work/ozone/ozone/hadoop-ozone/integration-test/target/test-dir/MiniOzoneClusterImpl-bfe86ff0-f9fb-433f-aae2-64a5a95eec81/omNode-2/ratis/c9bc4cf4-3bc3-3c60-a66b-523986131536/current/log_inprogress_1
2023-05-12 15:35:14,312 [omNode-2-impl-thread1] INFO  segmented.SegmentedRaftLogWorker (SegmentedRaftLogWorker.java:lambda$new$0(135)) - omNode-2@group-523986131536-SegmentedRaftLogWorker: flushIndex: setUnconditionally 0 -> 2
2023-05-12 15:35:14,312 [omNode-2-impl-thread1] INFO  server.RaftServer$Division (RaftServerImpl.java:start(342)) - omNode-2@group-523986131536: start as a follower, conf=1: peers:[omNode-3|rpc:localhost:15015|admin:|client:|dataStream:|priority:0|startupRole:FOLLOWER, omNode-1|rpc:localhost:15007|admin:|client:|dataStream:|priority:0|startupRole:FOLLOWER, omNode-2|rpc:localhost:15011|admin:|client:|dataStream:|priority:0|startupRole:FOLLOWER]|listeners:[], old=null
2023-05-12 15:35:14,312 [omNode-2-impl-thread1] INFO  server.RaftServer$Division (RaftServerImpl.java:setRole(329)) - omNode-2@group-523986131536: changes role from      null to FOLLOWER at term 2 for startAsFollower
2023-05-12 15:35:14,312 [omNode-2-impl-thread1] INFO  impl.RoleInfo (RoleInfo.java:updateAndGet(139)) - omNode-2: start omNode-2@group-523986131536-FollowerState
2023-05-12 15:35:14,313 [omNode-2-impl-thread1] INFO  util.JmxRegister (JmxRegister.java:tryRegister(44)) - Successfully registered JMX Bean with object name Ratis:service=RaftServer,group=group-523986131536,id=omNode-2
2023-05-12 15:35:14,313 [omNode-2-impl-thread1] INFO  server.RaftServerConfigKeys (ConfUtils.java:logGet(46)) - raft.server.snapshot.auto.trigger.enabled = true (custom)
2023-05-12 15:35:14,313 [omNode-2-impl-thread1] INFO  server.RaftServerConfigKeys (ConfUtils.java:logGet(46)) - raft.server.snapshot.auto.trigger.threshold = 50 (custom)
2023-05-12 15:35:14,313 [omNode-2-impl-thread1] INFO  server.RaftServerConfigKeys (ConfUtils.java:logGet(46)) - raft.server.snapshot.retention.file.num = -1 (default)
2023-05-12 15:35:14,313 [omNode-2-impl-thread1] INFO  server.RaftServerConfigKeys (ConfUtils.java:logGet(46)) - raft.server.log.purge.upto.snapshot.index = true (custom)
2023-05-12 15:35:14,313 [omNode-2@group-523986131536-FollowerState] INFO  server.RaftServerConfigKeys (ConfUtils.java:logFallback(53)) - raft.server.rpc.first-election.timeout.min = 1s (fallback to raft.server.rpc.timeout.min)
2023-05-12 15:35:14,313 [omNode-2@group-523986131536-FollowerState] INFO  server.RaftServerConfigKeys (ConfUtils.java:logFallback(53)) - raft.server.rpc.first-election.timeout.max = 1200ms (fallback to raft.server.rpc.timeout.max)
2023-05-12 15:35:14,317 [Listener at localhost/15004] INFO  server.RaftServer (RaftServerProxy.java:startImpl(400)) - omNode-2: start RPC server
2023-05-12 15:35:14,319 [Listener at localhost/15004] INFO  server.GrpcService (GrpcService.java:startImpl(302)) - omNode-2: GrpcService started, listening on 15011
2023-05-12 15:35:14,319 [Listener at localhost/15004] INFO  om.OzoneManager (OzoneManager.java:getRpcServer(1184)) - Creating RPC Server
2023-05-12 15:35:14,319 [JvmPauseMonitor9] INFO  util.JvmPauseMonitor (JvmPauseMonitor.java:run(103)) - JvmPauseMonitor-omNode-2: Started
2023-05-12 15:35:14,620 [omNode-3@group-523986131536-FollowerState] INFO  server.RaftServerConfigKeys (ConfUtils.java:logFallback(53)) - raft.server.rpc.first-election.timeout.min = 1s (fallback to raft.server.rpc.timeout.min)
2023-05-12 15:35:14,621 [omNode-3@group-523986131536-FollowerState] INFO  server.RaftServerConfigKeys (ConfUtils.java:logFallback(53)) - raft.server.rpc.first-election.timeout.max = 1200ms (fallback to raft.server.rpc.timeout.max)
2023-05-12 15:35:14,683 [Listener at localhost/15004] INFO  reflections.Reflections (Reflections.java:scan(232)) - Reflections took 361 ms to scan 19 urls, producing 69 keys and 5177 values [using 2 cores]
2023-05-12 15:35:14,684 [Listener at localhost/15004] INFO  ipc.CallQueueManager (CallQueueManager.java:<init>(90)) - Using callQueue: class java.util.concurrent.LinkedBlockingQueue, queueCapacity: 2000, scheduler: class org.apache.hadoop.ipc.DefaultRpcScheduler, ipcBackoff: false.
2023-05-12 15:35:14,687 [Socket Reader #1 for port 15008] INFO  ipc.Server (Server.java:run(1319)) - Starting Socket Reader #1 for port 15008
2023-05-12 15:35:14,690 [Listener at localhost/15008] INFO  http.BaseHttpServer (BaseHttpServer.java:newHttpServer2BuilderForOzone(224)) - Starting Web-server for ozoneManager at: http://0.0.0.0:15009
2023-05-12 15:35:14,690 [Listener at localhost/15008] INFO  http.BaseHttpServer (BaseHttpServer.java:<init>(111)) - Hadoop Security Enabled: false Ozone Security Enabled: false Ozone HTTP Security Enabled: false 
2023-05-12 15:35:14,691 [Listener at localhost/15008] WARN  server.AuthenticationFilter (AuthenticationFilter.java:constructSecretProvider(240)) - Unable to initialize FileSignerSecretProvider, falling back to use random secrets. Reason: Could not read signature secret file: /home/runner/hadoop-http-auth-signature-secret
2023-05-12 15:35:14,694 [Listener at localhost/15008] INFO  http.HttpRequestLog (HttpRequestLog.java:getRequestLog(86)) - Http request log for http.requests.ozoneManager is not defined
2023-05-12 15:35:14,786 [Listener at localhost/15008] INFO  http.HttpServer2 (HttpServer2.java:addGlobalFilter(1031)) - Added global filter 'safety' (class=org.apache.hadoop.hdds.server.http.HttpServer2$QuotingInputFilter)
2023-05-12 15:35:14,787 [Listener at localhost/15008] INFO  http.HttpServer2 (HttpServer2.java:addFilter(1007)) - Added filter static_user_filter (class=org.apache.hadoop.http.lib.StaticUserWebFilter$StaticUserFilter) to context ozoneManager
2023-05-12 15:35:14,787 [Listener at localhost/15008] INFO  http.HttpServer2 (HttpServer2.java:addFilter(1015)) - Added filter static_user_filter (class=org.apache.hadoop.http.lib.StaticUserWebFilter$StaticUserFilter) to context static
2023-05-12 15:35:14,787 [Listener at localhost/15008] INFO  http.HttpServer2 (HttpServer2.java:addFilter(1015)) - Added filter static_user_filter (class=org.apache.hadoop.http.lib.StaticUserWebFilter$StaticUserFilter) to context logs
2023-05-12 15:35:14,788 [Listener at localhost/15008] INFO  http.BaseHttpServer (BaseHttpServer.java:<init>(190)) - HTTP server of ozoneManager uses base directory /home/runner/work/ozone/ozone/hadoop-ozone/integration-test/target/test-dir/MiniOzoneClusterImpl-bfe86ff0-f9fb-433f-aae2-64a5a95eec81/omNode-2/webserver
2023-05-12 15:35:14,788 [Listener at localhost/15008] INFO  http.HttpServer2 (HttpServer2.java:bindListener(1250)) - Jetty bound to port 15009
2023-05-12 15:35:14,788 [Listener at localhost/15008] INFO  server.Server (Server.java:doStart(375)) - jetty-9.4.51.v20230217; built: 2023-02-17T08:19:37.309Z; git: b45c405e4544384de066f814ed42ae3dceacdd49; jvm 1.8.0_362-b09
2023-05-12 15:35:14,792 [Listener at localhost/15008] INFO  server.session (DefaultSessionIdManager.java:doStart(334)) - DefaultSessionIdManager workerName=node0
2023-05-12 15:35:14,793 [Listener at localhost/15008] INFO  server.session (DefaultSessionIdManager.java:doStart(339)) - No SessionScavenger set, using defaults
2023-05-12 15:35:14,793 [Listener at localhost/15008] INFO  server.session (HouseKeeper.java:startScavenging(132)) - node0 Scavenging every 600000ms
2023-05-12 15:35:14,794 [Listener at localhost/15008] INFO  handler.ContextHandler (ContextHandler.java:doStart(921)) - Started o.e.j.s.ServletContextHandler@55621e8{logs,/logs,file:///home/runner/work/ozone/ozone/hadoop-ozone/integration-test/target/log,AVAILABLE}
2023-05-12 15:35:14,794 [Listener at localhost/15008] INFO  handler.ContextHandler (ContextHandler.java:doStart(921)) - Started o.e.j.s.ServletContextHandler@5c0fa074{static,/static,file:///home/runner/work/ozone/ozone/hadoop-ozone/integration-test/target/test-classes/webapps/static,AVAILABLE}
2023-05-12 15:35:14,801 [Listener at localhost/15008] INFO  handler.ContextHandler (ContextHandler.java:doStart(921)) - Started o.e.j.w.WebAppContext@517c6a67{ozoneManager,/,file:///home/runner/work/ozone/ozone/hadoop-ozone/integration-test/target/test-classes/webapps/ozoneManager/,AVAILABLE}{file:/home/runner/work/ozone/ozone/hadoop-ozone/integration-test/target/test-classes/webapps/ozoneManager}
2023-05-12 15:35:14,803 [Listener at localhost/15008] INFO  server.AbstractConnector (AbstractConnector.java:doStart(333)) - Started ServerConnector@199cc100{HTTP/1.1, (http/1.1)}{0.0.0.0:15009}
2023-05-12 15:35:14,804 [Listener at localhost/15008] INFO  server.Server (Server.java:doStart(415)) - Started @31016ms
2023-05-12 15:35:14,804 [Listener at localhost/15008] WARN  impl.MetricsSystemImpl (MetricsSystemImpl.java:register(279)) - Sink prometheus already exists!
2023-05-12 15:35:14,805 [Listener at localhost/15008] INFO  http.BaseHttpServer (BaseHttpServer.java:updateConnectorAddress(344)) - HTTP server of ozoneManager listening at http://0.0.0.0:15009
2023-05-12 15:35:14,805 [IPC Server Responder] INFO  ipc.Server (Server.java:run(1558)) - IPC Server Responder: starting
2023-05-12 15:35:14,805 [IPC Server listener on 15008] INFO  ipc.Server (Server.java:run(1398)) - IPC Server listener on 15008: starting
2023-05-12 15:35:14,809 [Listener at localhost/15008] INFO  om.OzoneManager (OzoneManager.java:startTrashEmptier(2081)) - Trash Interval set to 0. Files deleted won't move to trash
2023-05-12 15:35:14,809 [org.apache.hadoop.util.JvmPauseMonitor$Monitor@26dcb45f] INFO  util.JvmPauseMonitor (JvmPauseMonitor.java:run(188)) - Starting JVM pause monitor
]]></system-out>
  </testcase>
</testsuite>