<?xml version="1.0" encoding="UTF-8"?>
<testsuite xmlns:xsi="http://www.w3.org/2001/XMLSchema-instance" xsi:noNamespaceSchemaLocation="https://maven.apache.org/surefire/maven-surefire-plugin/xsd/surefire-test-report-3.0.xsd" version="3.0" name="org.apache.hadoop.ozone.TestHddsSecureDatanodeInit" time="35.17" tests="11" errors="1" skipped="0" failures="0">
  <properties>
    <property name="awt.toolkit" value="sun.awt.X11.XToolkit"/>
    <property name="file.encoding.pkg" value="sun.io"/>
    <property name="java.specification.version" value="1.8"/>
    <property name="sun.cpu.isalist" value=""/>
    <property name="sun.jnu.encoding" value="UTF-8"/>
    <property name="java.class.path" value="/home/runner/work/ozone/ozone/hadoop-hdds/container-service/target/test-classes:/home/runner/work/ozone/ozone/hadoop-hdds/container-service/target/classes:/home/runner/work/ozone/ozone/hadoop-hdds/common/target/classes:/home/runner/work/ozone/ozone/hadoop-hdds/hadoop-dependency-client/target/classes:/home/runner/.m2/repository/org/apache/hadoop/hadoop-annotations/3.3.4/hadoop-annotations-3.3.4.jar:/usr/lib/jvm/temurin-8-jdk-amd64/jre/../lib/tools.jar:/home/runner/.m2/repository/org/apache/hadoop/hadoop-common/3.3.4/hadoop-common-3.3.4.jar:/home/runner/.m2/repository/org/apache/hadoop/thirdparty/hadoop-shaded-guava/1.1.1/hadoop-shaded-guava-1.1.1.jar:/home/runner/.m2/repository/org/apache/httpcomponents/httpclient/4.5.13/httpclient-4.5.13.jar:/home/runner/.m2/repository/org/apache/httpcomponents/httpcore/4.4.13/httpcore-4.4.13.jar:/home/runner/.m2/repository/jakarta/activation/jakarta.activation-api/1.2.1/jakarta.activation-api-1.2.1.jar:/home/runner/.m2/repository/com/google/re2j/re2j/1.1/re2j-1.1.jar:/home/runner/.m2/repository/org/apache/hadoop/hadoop-auth/3.3.4/hadoop-auth-3.3.4.jar:/home/runner/.m2/repository/org/apache/kerby/kerb-core/1.0.1/kerb-core-1.0.1.jar:/home/runner/.m2/repository/org/apache/kerby/kerby-pkix/1.0.1/kerby-pkix-1.0.1.jar:/home/runner/.m2/repository/org/apache/kerby/kerby-asn1/1.0.1/kerby-asn1-1.0.1.jar:/home/runner/.m2/repository/org/apache/kerby/kerby-util/1.0.1/kerby-util-1.0.1.jar:/home/runner/.m2/repository/org/codehaus/woodstox/stax2-api/4.2.1/stax2-api-4.2.1.jar:/home/runner/.m2/repository/com/fasterxml/woodstox/woodstox-core/5.4.0/woodstox-core-5.4.0.jar:/home/runner/.m2/repository/org/xerial/snappy/snappy-java/1.1.8.2/snappy-java-1.1.8.2.jar:/home/runner/.m2/repository/org/apache/hadoop/hadoop-hdfs/3.3.4/hadoop-hdfs-3.3.4.jar:/home/runner/.m2/repository/info/picocli/picocli/4.6.1/picocli-4.6.1.jar:/home/runner/.m2/repository/com/google/protobuf/protobuf-java/2.5.0/protobuf-java-2.5.0.jar:/home/runner/.m2/repository/com/google/guava/guava/31.1-jre/guava-31.1-jre.jar:/home/runner/.m2/repository/com/google/guava/failureaccess/1.0.1/failureaccess-1.0.1.jar:/home/runner/.m2/repository/com/google/guava/listenablefuture/9999.0-empty-to-avoid-conflict-with-guava/listenablefuture-9999.0-empty-to-avoid-conflict-with-guava.jar:/home/runner/.m2/repository/org/checkerframework/checker-qual/3.12.0/checker-qual-3.12.0.jar:/home/runner/.m2/repository/com/google/errorprone/error_prone_annotations/2.2.0/error_prone_annotations-2.2.0.jar:/home/runner/.m2/repository/com/google/j2objc/j2objc-annotations/1.3/j2objc-annotations-1.3.jar:/home/runner/.m2/repository/org/apache/commons/commons-lang3/3.7/commons-lang3-3.7.jar:/home/runner/.m2/repository/commons-io/commons-io/2.11.0/commons-io-2.11.0.jar:/home/runner/.m2/repository/com/fasterxml/jackson/core/jackson-annotations/2.13.4/jackson-annotations-2.13.4.jar:/home/runner/.m2/repository/com/fasterxml/jackson/datatype/jackson-datatype-jsr310/2.13.4/jackson-datatype-jsr310-2.13.4.jar:/home/runner/.m2/repository/com/fasterxml/jackson/core/jackson-core/2.13.4/jackson-core-2.13.4.jar:/home/runner/.m2/repository/com/fasterxml/jackson/core/jackson-databind/2.13.4.2/jackson-databind-2.13.4.2.jar:/home/runner/work/ozone/ozone/hadoop-hdds/annotations/target/classes:/home/runner/work/ozone/ozone/hadoop-hdds/config/target/classes:/home/runner/.m2/repository/javax/annotation/javax.annotation-api/1.2/javax.annotation-api-1.2.jar:/home/runner/.m2/repository/org/apache/ratis/ratis-server/2.4.2-8b8bdda-SNAPSHOT/ratis-server-2.4.2-8b8bdda-SNAPSHOT.jar:/home/runner/.m2/repository/org/apache/ratis/ratis-thirdparty-misc/1.0.3/ratis-thirdparty-misc-1.0.3.jar:/home/runner/.m2/repository/org/apache/ratis/ratis-proto/2.4.2-8b8bdda-SNAPSHOT/ratis-proto-2.4.2-8b8bdda-SNAPSHOT.jar:/home/runner/.m2/repository/org/apache/ratis/ratis-common/2.4.2-8b8bdda-SNAPSHOT/ratis-common-2.4.2-8b8bdda-SNAPSHOT.jar:/home/runner/.m2/repository/org/apache/ratis/ratis-client/2.4.2-8b8bdda-SNAPSHOT/ratis-client-2.4.2-8b8bdda-SNAPSHOT.jar:/home/runner/.m2/repository/org/apache/ratis/ratis-server-api/2.4.2-8b8bdda-SNAPSHOT/ratis-server-api-2.4.2-8b8bdda-SNAPSHOT.jar:/home/runner/.m2/repository/org/apache/ratis/ratis-metrics/2.4.2-8b8bdda-SNAPSHOT/ratis-metrics-2.4.2-8b8bdda-SNAPSHOT.jar:/home/runner/.m2/repository/org/apache/ratis/ratis-netty/2.4.2-8b8bdda-SNAPSHOT/ratis-netty-2.4.2-8b8bdda-SNAPSHOT.jar:/home/runner/.m2/repository/org/apache/ratis/ratis-grpc/2.4.2-8b8bdda-SNAPSHOT/ratis-grpc-2.4.2-8b8bdda-SNAPSHOT.jar:/home/runner/.m2/repository/org/apache/logging/log4j/log4j-api/2.17.1/log4j-api-2.17.1.jar:/home/runner/.m2/repository/org/apache/commons/commons-pool2/2.6.0/commons-pool2-2.6.0.jar:/home/runner/.m2/repository/org/bouncycastle/bcpkix-jdk15on/1.67/bcpkix-jdk15on-1.67.jar:/home/runner/.m2/repository/org/bouncycastle/bcprov-jdk15on/1.67/bcprov-jdk15on-1.67.jar:/home/runner/.m2/repository/commons-validator/commons-validator/1.6/commons-validator-1.6.jar:/home/runner/.m2/repository/commons-beanutils/commons-beanutils/1.9.4/commons-beanutils-1.9.4.jar:/home/runner/.m2/repository/commons-digester/commons-digester/1.8.1/commons-digester-1.8.1.jar:/home/runner/.m2/repository/commons-collections/commons-collections/3.2.2/commons-collections-3.2.2.jar:/home/runner/.m2/repository/io/jaegertracing/jaeger-client/1.6.0/jaeger-client-1.6.0.jar:/home/runner/.m2/repository/io/jaegertracing/jaeger-thrift/1.6.0/jaeger-thrift-1.6.0.jar:/home/runner/.m2/repository/org/apache/thrift/libthrift/0.14.1/libthrift-0.14.1.jar:/home/runner/.m2/repository/io/jaegertracing/jaeger-core/1.6.0/jaeger-core-1.6.0.jar:/home/runner/.m2/repository/com/google/code/gson/gson/2.9.0/gson-2.9.0.jar:/home/runner/.m2/repository/io/jaegertracing/jaeger-tracerresolver/1.6.0/jaeger-tracerresolver-1.6.0.jar:/home/runner/.m2/repository/io/opentracing/contrib/opentracing-tracerresolver/0.1.8/opentracing-tracerresolver-0.1.8.jar:/home/runner/.m2/repository/org/jetbrains/kotlin/kotlin-stdlib/1.6.21/kotlin-stdlib-1.6.21.jar:/home/runner/.m2/repository/org/jetbrains/kotlin/kotlin-stdlib-common/1.6.21/kotlin-stdlib-common-1.6.21.jar:/home/runner/.m2/repository/org/jetbrains/annotations/13.0/annotations-13.0.jar:/home/runner/.m2/repository/io/opentracing/opentracing-util/0.33.0/opentracing-util-0.33.0.jar:/home/runner/.m2/repository/io/opentracing/opentracing-api/0.33.0/opentracing-api-0.33.0.jar:/home/runner/.m2/repository/io/opentracing/opentracing-noop/0.33.0/opentracing-noop-0.33.0.jar:/home/runner/.m2/repository/org/reflections/reflections/0.9.11/reflections-0.9.11.jar:/home/runner/.m2/repository/org/javassist/javassist/3.21.0-GA/javassist-3.21.0-GA.jar:/home/runner/work/ozone/ozone/hadoop-hdds/interface-client/target/classes:/home/runner/.m2/repository/org/apache/hadoop/thirdparty/hadoop-shaded-protobuf_3_7/1.1.1/hadoop-shaded-protobuf_3_7-1.1.1.jar:/home/runner/work/ozone/ozone/hadoop-hdds/interface-admin/target/classes:/home/runner/work/ozone/ozone/hadoop-hdds/test-utils/target/classes:/home/runner/.m2/repository/commons-logging/commons-logging/1.2/commons-logging-1.2.jar:/home/runner/.m2/repository/org/junit/jupiter/junit-jupiter-api/5.8.2/junit-jupiter-api-5.8.2.jar:/home/runner/.m2/repository/org/opentest4j/opentest4j/1.2.0/opentest4j-1.2.0.jar:/home/runner/.m2/repository/org/junit/platform/junit-platform-commons/1.8.2/junit-platform-commons-1.8.2.jar:/home/runner/.m2/repository/org/apiguardian/apiguardian-api/1.1.2/apiguardian-api-1.1.2.jar:/home/runner/.m2/repository/ch/qos/reload4j/reload4j/1.2.22/reload4j-1.2.22.jar:/home/runner/.m2/repository/org/slf4j/slf4j-api/1.7.36/slf4j-api-1.7.36.jar:/home/runner/.m2/repository/org/apache/commons/commons-compress/1.21/commons-compress-1.21.jar:/home/runner/.m2/repository/com/github/luben/zstd-jni/1.5.2-5/zstd-jni-1.5.2-5.jar:/home/runner/work/ozone/ozone/hadoop-hdds/common/target/test-classes:/home/runner/work/ozone/ozone/hadoop-hdds/framework/target/classes:/home/runner/work/ozone/ozone/hadoop-hdds/interface-server/target/classes:/home/runner/work/ozone/ozone/hadoop-hdds/hadoop-dependency-server/target/classes:/home/runner/.m2/repository/commons-cli/commons-cli/1.2/commons-cli-1.2.jar:/home/runner/.m2/repository/org/apache/commons/commons-configuration2/2.1.1/commons-configuration2-2.1.1.jar:/home/runner/.m2/repository/org/apache/logging/log4j/log4j-core/2.17.1/log4j-core-2.17.1.jar:/home/runner/.m2/repository/com/lmax/disruptor/3.4.2/disruptor-3.4.2.jar:/home/runner/.m2/repository/org/eclipse/jetty/jetty-util/9.4.49.v20220914/jetty-util-9.4.49.v20220914.jar:/home/runner/.m2/repository/org/eclipse/jetty/jetty-server/9.4.49.v20220914/jetty-server-9.4.49.v20220914.jar:/home/runner/.m2/repository/javax/servlet/javax.servlet-api/3.1.0/javax.servlet-api-3.1.0.jar:/home/runner/.m2/repository/org/eclipse/jetty/jetty-http/9.4.49.v20220914/jetty-http-9.4.49.v20220914.jar:/home/runner/.m2/repository/org/eclipse/jetty/jetty-io/9.4.49.v20220914/jetty-io-9.4.49.v20220914.jar:/home/runner/.m2/repository/org/eclipse/jetty/jetty-servlet/9.4.49.v20220914/jetty-servlet-9.4.49.v20220914.jar:/home/runner/.m2/repository/org/eclipse/jetty/jetty-security/9.4.49.v20220914/jetty-security-9.4.49.v20220914.jar:/home/runner/.m2/repository/org/eclipse/jetty/jetty-util-ajax/9.4.49.v20220914/jetty-util-ajax-9.4.49.v20220914.jar:/home/runner/.m2/repository/org/eclipse/jetty/jetty-webapp/9.4.49.v20220914/jetty-webapp-9.4.49.v20220914.jar:/home/runner/.m2/repository/org/eclipse/jetty/jetty-xml/9.4.49.v20220914/jetty-xml-9.4.49.v20220914.jar:/home/runner/.m2/repository/org/rocksdb/rocksdbjni/7.7.3/rocksdbjni-7.7.3.jar:/home/runner/.m2/repository/io/prometheus/simpleclient_dropwizard/0.7.0/simpleclient_dropwizard-0.7.0.jar:/home/runner/.m2/repository/io/prometheus/simpleclient/0.7.0/simpleclient-0.7.0.jar:/home/runner/.m2/repository/io/prometheus/simpleclient_common/0.7.0/simpleclient_common-0.7.0.jar:/home/runner/.m2/repository/org/apache/hadoop/hadoop-hdfs-client/3.3.4/hadoop-hdfs-client-3.3.4.jar:/home/runner/.m2/repository/com/squareup/okhttp3/okhttp/4.9.3/okhttp-4.9.3.jar:/home/runner/.m2/repository/com/squareup/okio/okio/2.8.0/okio-2.8.0.jar:/home/runner/work/ozone/ozone/hadoop-hdds/client/target/classes:/home/runner/work/ozone/ozone/hadoop-hdds/erasurecode/target/classes:/home/runner/.m2/repository/commons-codec/commons-codec/1.15/commons-codec-1.15.jar:/home/runner/.m2/repository/io/dropwizard/metrics/metrics-core/3.2.4/metrics-core-3.2.4.jar:/home/runner/.m2/repository/org/mockito/mockito-core/2.28.2/mockito-core-2.28.2.jar:/home/runner/.m2/repository/net/bytebuddy/byte-buddy/1.9.10/byte-buddy-1.9.10.jar:/home/runner/.m2/repository/net/bytebuddy/byte-buddy-agent/1.9.10/byte-buddy-agent-1.9.10.jar:/home/runner/.m2/repository/org/objenesis/objenesis/1.0/objenesis-1.0.jar:/home/runner/.m2/repository/org/yaml/snakeyaml/1.33/snakeyaml-1.33.jar:/home/runner/work/ozone/ozone/hadoop-hdds/docs/target/classes:/home/runner/.m2/repository/com/github/spotbugs/spotbugs-annotations/3.1.12/spotbugs-annotations-3.1.12.jar:/home/runner/.m2/repository/com/google/code/findbugs/jsr305/3.0.0/jsr305-3.0.0.jar:/home/runner/.m2/repository/org/powermock/powermock-module-junit4/2.0.4/powermock-module-junit4-2.0.4.jar:/home/runner/.m2/repository/org/powermock/powermock-module-junit4-common/2.0.4/powermock-module-junit4-common-2.0.4.jar:/home/runner/.m2/repository/org/powermock/powermock-reflect/2.0.4/powermock-reflect-2.0.4.jar:/home/runner/.m2/repository/org/powermock/powermock-core/2.0.4/powermock-core-2.0.4.jar:/home/runner/.m2/repository/org/hamcrest/hamcrest-core/1.3/hamcrest-core-1.3.jar:/home/runner/.m2/repository/org/powermock/powermock-api-mockito2/2.0.4/powermock-api-mockito2-2.0.4.jar:/home/runner/.m2/repository/org/powermock/powermock-api-support/2.0.4/powermock-api-support-2.0.4.jar:/home/runner/work/ozone/ozone/hadoop-hdds/hadoop-dependency-test/target/classes:/home/runner/.m2/repository/org/apache/hadoop/hadoop-common/3.3.4/hadoop-common-3.3.4-tests.jar:/home/runner/.m2/repository/org/apache/hadoop/hadoop-hdfs/3.3.4/hadoop-hdfs-3.3.4-tests.jar:/home/runner/.m2/repository/org/assertj/assertj-core/3.12.2/assertj-core-3.12.2.jar:/home/runner/.m2/repository/org/slf4j/slf4j-reload4j/1.7.36/slf4j-reload4j-1.7.36.jar:/home/runner/.m2/repository/javax/xml/bind/jaxb-api/2.3.0/jaxb-api-2.3.0.jar:/home/runner/.m2/repository/org/glassfish/jaxb/jaxb-runtime/2.3.0.1/jaxb-runtime-2.3.0.1.jar:/home/runner/.m2/repository/org/glassfish/jaxb/jaxb-core/2.3.0.1/jaxb-core-2.3.0.1.jar:/home/runner/.m2/repository/org/glassfish/jaxb/txw2/2.3.0.1/txw2-2.3.0.1.jar:/home/runner/.m2/repository/com/sun/istack/istack-commons-runtime/3.0.5/istack-commons-runtime-3.0.5.jar:/home/runner/.m2/repository/org/jvnet/staxex/stax-ex/1.7.8/stax-ex-1.7.8.jar:/home/runner/.m2/repository/com/sun/xml/fastinfoset/FastInfoset/1.2.13/FastInfoset-1.2.13.jar:/home/runner/.m2/repository/io/netty/netty-transport/4.1.77.Final/netty-transport-4.1.77.Final.jar:/home/runner/.m2/repository/io/netty/netty-common/4.1.77.Final/netty-common-4.1.77.Final.jar:/home/runner/.m2/repository/io/netty/netty-buffer/4.1.77.Final/netty-buffer-4.1.77.Final.jar:/home/runner/.m2/repository/io/netty/netty-resolver/4.1.77.Final/netty-resolver-4.1.77.Final.jar:/home/runner/.m2/repository/io/netty/netty-codec/4.1.77.Final/netty-codec-4.1.77.Final.jar:/home/runner/.m2/repository/io/netty/netty-handler/4.1.77.Final/netty-handler-4.1.77.Final.jar:/home/runner/.m2/repository/org/apache/commons/commons-text/1.4/commons-text-1.4.jar:/home/runner/.m2/repository/org/mockito/mockito-junit-jupiter/2.28.2/mockito-junit-jupiter-2.28.2.jar:/home/runner/.m2/repository/junit/junit/4.13.1/junit-4.13.1.jar:"/>
    <property name="java.vm.vendor" value="Temurin"/>
    <property name="sun.arch.data.model" value="64"/>
    <property name="test.build.dir" value="/home/runner/work/ozone/ozone/hadoop-hdds/container-service/target/test-dir"/>
    <property name="test.cache.data" value=""/>
    <property name="java.vendor.url" value="https://adoptium.net/"/>
    <property name="user.timezone" value="Etc/UTC"/>
    <property name="java.vm.specification.version" value="1.8"/>
    <property name="os.name" value="Linux"/>
    <property name="test.build.data" value="/home/runner/work/ozone/ozone/hadoop-hdds/container-service/target/test-dir"/>
    <property name="sun.java.launcher" value="SUN_STANDARD"/>
    <property name="sun.boot.library.path" value="/usr/lib/jvm/temurin-8-jdk-amd64/jre/lib/amd64"/>
    <property name="sun.java.command" value="/home/runner/work/ozone/ozone/hadoop-hdds/container-service/target/surefire/surefirebooter7487892592799020218.jar /home/runner/work/ozone/ozone/hadoop-hdds/container-service/target/surefire 2023-01-06T09-34-27_490-jvmRun1 surefire2549138493877125466tmp surefire_1957605671872189727247tmp"/>
    <property name="surefire.test.class.path" value="/home/runner/work/ozone/ozone/hadoop-hdds/container-service/target/test-classes:/home/runner/work/ozone/ozone/hadoop-hdds/container-service/target/classes:/home/runner/work/ozone/ozone/hadoop-hdds/common/target/classes:/home/runner/work/ozone/ozone/hadoop-hdds/hadoop-dependency-client/target/classes:/home/runner/.m2/repository/org/apache/hadoop/hadoop-annotations/3.3.4/hadoop-annotations-3.3.4.jar:/usr/lib/jvm/temurin-8-jdk-amd64/jre/../lib/tools.jar:/home/runner/.m2/repository/org/apache/hadoop/hadoop-common/3.3.4/hadoop-common-3.3.4.jar:/home/runner/.m2/repository/org/apache/hadoop/thirdparty/hadoop-shaded-guava/1.1.1/hadoop-shaded-guava-1.1.1.jar:/home/runner/.m2/repository/org/apache/httpcomponents/httpclient/4.5.13/httpclient-4.5.13.jar:/home/runner/.m2/repository/org/apache/httpcomponents/httpcore/4.4.13/httpcore-4.4.13.jar:/home/runner/.m2/repository/jakarta/activation/jakarta.activation-api/1.2.1/jakarta.activation-api-1.2.1.jar:/home/runner/.m2/repository/com/google/re2j/re2j/1.1/re2j-1.1.jar:/home/runner/.m2/repository/org/apache/hadoop/hadoop-auth/3.3.4/hadoop-auth-3.3.4.jar:/home/runner/.m2/repository/org/apache/kerby/kerb-core/1.0.1/kerb-core-1.0.1.jar:/home/runner/.m2/repository/org/apache/kerby/kerby-pkix/1.0.1/kerby-pkix-1.0.1.jar:/home/runner/.m2/repository/org/apache/kerby/kerby-asn1/1.0.1/kerby-asn1-1.0.1.jar:/home/runner/.m2/repository/org/apache/kerby/kerby-util/1.0.1/kerby-util-1.0.1.jar:/home/runner/.m2/repository/org/codehaus/woodstox/stax2-api/4.2.1/stax2-api-4.2.1.jar:/home/runner/.m2/repository/com/fasterxml/woodstox/woodstox-core/5.4.0/woodstox-core-5.4.0.jar:/home/runner/.m2/repository/org/xerial/snappy/snappy-java/1.1.8.2/snappy-java-1.1.8.2.jar:/home/runner/.m2/repository/org/apache/hadoop/hadoop-hdfs/3.3.4/hadoop-hdfs-3.3.4.jar:/home/runner/.m2/repository/info/picocli/picocli/4.6.1/picocli-4.6.1.jar:/home/runner/.m2/repository/com/google/protobuf/protobuf-java/2.5.0/protobuf-java-2.5.0.jar:/home/runner/.m2/repository/com/google/guava/guava/31.1-jre/guava-31.1-jre.jar:/home/runner/.m2/repository/com/google/guava/failureaccess/1.0.1/failureaccess-1.0.1.jar:/home/runner/.m2/repository/com/google/guava/listenablefuture/9999.0-empty-to-avoid-conflict-with-guava/listenablefuture-9999.0-empty-to-avoid-conflict-with-guava.jar:/home/runner/.m2/repository/org/checkerframework/checker-qual/3.12.0/checker-qual-3.12.0.jar:/home/runner/.m2/repository/com/google/errorprone/error_prone_annotations/2.2.0/error_prone_annotations-2.2.0.jar:/home/runner/.m2/repository/com/google/j2objc/j2objc-annotations/1.3/j2objc-annotations-1.3.jar:/home/runner/.m2/repository/org/apache/commons/commons-lang3/3.7/commons-lang3-3.7.jar:/home/runner/.m2/repository/commons-io/commons-io/2.11.0/commons-io-2.11.0.jar:/home/runner/.m2/repository/com/fasterxml/jackson/core/jackson-annotations/2.13.4/jackson-annotations-2.13.4.jar:/home/runner/.m2/repository/com/fasterxml/jackson/datatype/jackson-datatype-jsr310/2.13.4/jackson-datatype-jsr310-2.13.4.jar:/home/runner/.m2/repository/com/fasterxml/jackson/core/jackson-core/2.13.4/jackson-core-2.13.4.jar:/home/runner/.m2/repository/com/fasterxml/jackson/core/jackson-databind/2.13.4.2/jackson-databind-2.13.4.2.jar:/home/runner/work/ozone/ozone/hadoop-hdds/annotations/target/classes:/home/runner/work/ozone/ozone/hadoop-hdds/config/target/classes:/home/runner/.m2/repository/javax/annotation/javax.annotation-api/1.2/javax.annotation-api-1.2.jar:/home/runner/.m2/repository/org/apache/ratis/ratis-server/2.4.2-8b8bdda-SNAPSHOT/ratis-server-2.4.2-8b8bdda-SNAPSHOT.jar:/home/runner/.m2/repository/org/apache/ratis/ratis-thirdparty-misc/1.0.3/ratis-thirdparty-misc-1.0.3.jar:/home/runner/.m2/repository/org/apache/ratis/ratis-proto/2.4.2-8b8bdda-SNAPSHOT/ratis-proto-2.4.2-8b8bdda-SNAPSHOT.jar:/home/runner/.m2/repository/org/apache/ratis/ratis-common/2.4.2-8b8bdda-SNAPSHOT/ratis-common-2.4.2-8b8bdda-SNAPSHOT.jar:/home/runner/.m2/repository/org/apache/ratis/ratis-client/2.4.2-8b8bdda-SNAPSHOT/ratis-client-2.4.2-8b8bdda-SNAPSHOT.jar:/home/runner/.m2/repository/org/apache/ratis/ratis-server-api/2.4.2-8b8bdda-SNAPSHOT/ratis-server-api-2.4.2-8b8bdda-SNAPSHOT.jar:/home/runner/.m2/repository/org/apache/ratis/ratis-metrics/2.4.2-8b8bdda-SNAPSHOT/ratis-metrics-2.4.2-8b8bdda-SNAPSHOT.jar:/home/runner/.m2/repository/org/apache/ratis/ratis-netty/2.4.2-8b8bdda-SNAPSHOT/ratis-netty-2.4.2-8b8bdda-SNAPSHOT.jar:/home/runner/.m2/repository/org/apache/ratis/ratis-grpc/2.4.2-8b8bdda-SNAPSHOT/ratis-grpc-2.4.2-8b8bdda-SNAPSHOT.jar:/home/runner/.m2/repository/org/apache/logging/log4j/log4j-api/2.17.1/log4j-api-2.17.1.jar:/home/runner/.m2/repository/org/apache/commons/commons-pool2/2.6.0/commons-pool2-2.6.0.jar:/home/runner/.m2/repository/org/bouncycastle/bcpkix-jdk15on/1.67/bcpkix-jdk15on-1.67.jar:/home/runner/.m2/repository/org/bouncycastle/bcprov-jdk15on/1.67/bcprov-jdk15on-1.67.jar:/home/runner/.m2/repository/commons-validator/commons-validator/1.6/commons-validator-1.6.jar:/home/runner/.m2/repository/commons-beanutils/commons-beanutils/1.9.4/commons-beanutils-1.9.4.jar:/home/runner/.m2/repository/commons-digester/commons-digester/1.8.1/commons-digester-1.8.1.jar:/home/runner/.m2/repository/commons-collections/commons-collections/3.2.2/commons-collections-3.2.2.jar:/home/runner/.m2/repository/io/jaegertracing/jaeger-client/1.6.0/jaeger-client-1.6.0.jar:/home/runner/.m2/repository/io/jaegertracing/jaeger-thrift/1.6.0/jaeger-thrift-1.6.0.jar:/home/runner/.m2/repository/org/apache/thrift/libthrift/0.14.1/libthrift-0.14.1.jar:/home/runner/.m2/repository/io/jaegertracing/jaeger-core/1.6.0/jaeger-core-1.6.0.jar:/home/runner/.m2/repository/com/google/code/gson/gson/2.9.0/gson-2.9.0.jar:/home/runner/.m2/repository/io/jaegertracing/jaeger-tracerresolver/1.6.0/jaeger-tracerresolver-1.6.0.jar:/home/runner/.m2/repository/io/opentracing/contrib/opentracing-tracerresolver/0.1.8/opentracing-tracerresolver-0.1.8.jar:/home/runner/.m2/repository/org/jetbrains/kotlin/kotlin-stdlib/1.6.21/kotlin-stdlib-1.6.21.jar:/home/runner/.m2/repository/org/jetbrains/kotlin/kotlin-stdlib-common/1.6.21/kotlin-stdlib-common-1.6.21.jar:/home/runner/.m2/repository/org/jetbrains/annotations/13.0/annotations-13.0.jar:/home/runner/.m2/repository/io/opentracing/opentracing-util/0.33.0/opentracing-util-0.33.0.jar:/home/runner/.m2/repository/io/opentracing/opentracing-api/0.33.0/opentracing-api-0.33.0.jar:/home/runner/.m2/repository/io/opentracing/opentracing-noop/0.33.0/opentracing-noop-0.33.0.jar:/home/runner/.m2/repository/org/reflections/reflections/0.9.11/reflections-0.9.11.jar:/home/runner/.m2/repository/org/javassist/javassist/3.21.0-GA/javassist-3.21.0-GA.jar:/home/runner/work/ozone/ozone/hadoop-hdds/interface-client/target/classes:/home/runner/.m2/repository/org/apache/hadoop/thirdparty/hadoop-shaded-protobuf_3_7/1.1.1/hadoop-shaded-protobuf_3_7-1.1.1.jar:/home/runner/work/ozone/ozone/hadoop-hdds/interface-admin/target/classes:/home/runner/work/ozone/ozone/hadoop-hdds/test-utils/target/classes:/home/runner/.m2/repository/commons-logging/commons-logging/1.2/commons-logging-1.2.jar:/home/runner/.m2/repository/org/junit/jupiter/junit-jupiter-api/5.8.2/junit-jupiter-api-5.8.2.jar:/home/runner/.m2/repository/org/opentest4j/opentest4j/1.2.0/opentest4j-1.2.0.jar:/home/runner/.m2/repository/org/junit/platform/junit-platform-commons/1.8.2/junit-platform-commons-1.8.2.jar:/home/runner/.m2/repository/org/apiguardian/apiguardian-api/1.1.2/apiguardian-api-1.1.2.jar:/home/runner/.m2/repository/ch/qos/reload4j/reload4j/1.2.22/reload4j-1.2.22.jar:/home/runner/.m2/repository/org/slf4j/slf4j-api/1.7.36/slf4j-api-1.7.36.jar:/home/runner/.m2/repository/org/apache/commons/commons-compress/1.21/commons-compress-1.21.jar:/home/runner/.m2/repository/com/github/luben/zstd-jni/1.5.2-5/zstd-jni-1.5.2-5.jar:/home/runner/work/ozone/ozone/hadoop-hdds/common/target/test-classes:/home/runner/work/ozone/ozone/hadoop-hdds/framework/target/classes:/home/runner/work/ozone/ozone/hadoop-hdds/interface-server/target/classes:/home/runner/work/ozone/ozone/hadoop-hdds/hadoop-dependency-server/target/classes:/home/runner/.m2/repository/commons-cli/commons-cli/1.2/commons-cli-1.2.jar:/home/runner/.m2/repository/org/apache/commons/commons-configuration2/2.1.1/commons-configuration2-2.1.1.jar:/home/runner/.m2/repository/org/apache/logging/log4j/log4j-core/2.17.1/log4j-core-2.17.1.jar:/home/runner/.m2/repository/com/lmax/disruptor/3.4.2/disruptor-3.4.2.jar:/home/runner/.m2/repository/org/eclipse/jetty/jetty-util/9.4.49.v20220914/jetty-util-9.4.49.v20220914.jar:/home/runner/.m2/repository/org/eclipse/jetty/jetty-server/9.4.49.v20220914/jetty-server-9.4.49.v20220914.jar:/home/runner/.m2/repository/javax/servlet/javax.servlet-api/3.1.0/javax.servlet-api-3.1.0.jar:/home/runner/.m2/repository/org/eclipse/jetty/jetty-http/9.4.49.v20220914/jetty-http-9.4.49.v20220914.jar:/home/runner/.m2/repository/org/eclipse/jetty/jetty-io/9.4.49.v20220914/jetty-io-9.4.49.v20220914.jar:/home/runner/.m2/repository/org/eclipse/jetty/jetty-servlet/9.4.49.v20220914/jetty-servlet-9.4.49.v20220914.jar:/home/runner/.m2/repository/org/eclipse/jetty/jetty-security/9.4.49.v20220914/jetty-security-9.4.49.v20220914.jar:/home/runner/.m2/repository/org/eclipse/jetty/jetty-util-ajax/9.4.49.v20220914/jetty-util-ajax-9.4.49.v20220914.jar:/home/runner/.m2/repository/org/eclipse/jetty/jetty-webapp/9.4.49.v20220914/jetty-webapp-9.4.49.v20220914.jar:/home/runner/.m2/repository/org/eclipse/jetty/jetty-xml/9.4.49.v20220914/jetty-xml-9.4.49.v20220914.jar:/home/runner/.m2/repository/org/rocksdb/rocksdbjni/7.7.3/rocksdbjni-7.7.3.jar:/home/runner/.m2/repository/io/prometheus/simpleclient_dropwizard/0.7.0/simpleclient_dropwizard-0.7.0.jar:/home/runner/.m2/repository/io/prometheus/simpleclient/0.7.0/simpleclient-0.7.0.jar:/home/runner/.m2/repository/io/prometheus/simpleclient_common/0.7.0/simpleclient_common-0.7.0.jar:/home/runner/.m2/repository/org/apache/hadoop/hadoop-hdfs-client/3.3.4/hadoop-hdfs-client-3.3.4.jar:/home/runner/.m2/repository/com/squareup/okhttp3/okhttp/4.9.3/okhttp-4.9.3.jar:/home/runner/.m2/repository/com/squareup/okio/okio/2.8.0/okio-2.8.0.jar:/home/runner/work/ozone/ozone/hadoop-hdds/client/target/classes:/home/runner/work/ozone/ozone/hadoop-hdds/erasurecode/target/classes:/home/runner/.m2/repository/commons-codec/commons-codec/1.15/commons-codec-1.15.jar:/home/runner/.m2/repository/io/dropwizard/metrics/metrics-core/3.2.4/metrics-core-3.2.4.jar:/home/runner/.m2/repository/org/mockito/mockito-core/2.28.2/mockito-core-2.28.2.jar:/home/runner/.m2/repository/net/bytebuddy/byte-buddy/1.9.10/byte-buddy-1.9.10.jar:/home/runner/.m2/repository/net/bytebuddy/byte-buddy-agent/1.9.10/byte-buddy-agent-1.9.10.jar:/home/runner/.m2/repository/org/objenesis/objenesis/1.0/objenesis-1.0.jar:/home/runner/.m2/repository/org/yaml/snakeyaml/1.33/snakeyaml-1.33.jar:/home/runner/work/ozone/ozone/hadoop-hdds/docs/target/classes:/home/runner/.m2/repository/com/github/spotbugs/spotbugs-annotations/3.1.12/spotbugs-annotations-3.1.12.jar:/home/runner/.m2/repository/com/google/code/findbugs/jsr305/3.0.0/jsr305-3.0.0.jar:/home/runner/.m2/repository/org/powermock/powermock-module-junit4/2.0.4/powermock-module-junit4-2.0.4.jar:/home/runner/.m2/repository/org/powermock/powermock-module-junit4-common/2.0.4/powermock-module-junit4-common-2.0.4.jar:/home/runner/.m2/repository/org/powermock/powermock-reflect/2.0.4/powermock-reflect-2.0.4.jar:/home/runner/.m2/repository/org/powermock/powermock-core/2.0.4/powermock-core-2.0.4.jar:/home/runner/.m2/repository/org/hamcrest/hamcrest-core/1.3/hamcrest-core-1.3.jar:/home/runner/.m2/repository/org/powermock/powermock-api-mockito2/2.0.4/powermock-api-mockito2-2.0.4.jar:/home/runner/.m2/repository/org/powermock/powermock-api-support/2.0.4/powermock-api-support-2.0.4.jar:/home/runner/work/ozone/ozone/hadoop-hdds/hadoop-dependency-test/target/classes:/home/runner/.m2/repository/org/apache/hadoop/hadoop-common/3.3.4/hadoop-common-3.3.4-tests.jar:/home/runner/.m2/repository/org/apache/hadoop/hadoop-hdfs/3.3.4/hadoop-hdfs-3.3.4-tests.jar:/home/runner/.m2/repository/org/assertj/assertj-core/3.12.2/assertj-core-3.12.2.jar:/home/runner/.m2/repository/org/slf4j/slf4j-reload4j/1.7.36/slf4j-reload4j-1.7.36.jar:/home/runner/.m2/repository/javax/xml/bind/jaxb-api/2.3.0/jaxb-api-2.3.0.jar:/home/runner/.m2/repository/org/glassfish/jaxb/jaxb-runtime/2.3.0.1/jaxb-runtime-2.3.0.1.jar:/home/runner/.m2/repository/org/glassfish/jaxb/jaxb-core/2.3.0.1/jaxb-core-2.3.0.1.jar:/home/runner/.m2/repository/org/glassfish/jaxb/txw2/2.3.0.1/txw2-2.3.0.1.jar:/home/runner/.m2/repository/com/sun/istack/istack-commons-runtime/3.0.5/istack-commons-runtime-3.0.5.jar:/home/runner/.m2/repository/org/jvnet/staxex/stax-ex/1.7.8/stax-ex-1.7.8.jar:/home/runner/.m2/repository/com/sun/xml/fastinfoset/FastInfoset/1.2.13/FastInfoset-1.2.13.jar:/home/runner/.m2/repository/io/netty/netty-transport/4.1.77.Final/netty-transport-4.1.77.Final.jar:/home/runner/.m2/repository/io/netty/netty-common/4.1.77.Final/netty-common-4.1.77.Final.jar:/home/runner/.m2/repository/io/netty/netty-buffer/4.1.77.Final/netty-buffer-4.1.77.Final.jar:/home/runner/.m2/repository/io/netty/netty-resolver/4.1.77.Final/netty-resolver-4.1.77.Final.jar:/home/runner/.m2/repository/io/netty/netty-codec/4.1.77.Final/netty-codec-4.1.77.Final.jar:/home/runner/.m2/repository/io/netty/netty-handler/4.1.77.Final/netty-handler-4.1.77.Final.jar:/home/runner/.m2/repository/org/apache/commons/commons-text/1.4/commons-text-1.4.jar:/home/runner/.m2/repository/org/mockito/mockito-junit-jupiter/2.28.2/mockito-junit-jupiter-2.28.2.jar:/home/runner/.m2/repository/junit/junit/4.13.1/junit-4.13.1.jar:"/>
    <property name="sun.cpu.endian" value="little"/>
    <property name="user.home" value="/home/runner"/>
    <property name="user.language" value="en"/>
    <property name="java.specification.vendor" value="Oracle Corporation"/>
    <property name="java.home" value="/usr/lib/jvm/temurin-8-jdk-amd64/jre"/>
    <property name="java.security.krb5.conf" value="/home/runner/work/ozone/ozone/hadoop-hdds/container-service/target/test-classes/krb5.conf"/>
    <property name="basedir" value="/home/runner/work/ozone/ozone/hadoop-hdds/container-service"/>
    <property name="file.separator" value="/"/>
    <property name="line.separator" value="&#10;"/>
    <property name="java.vm.specification.vendor" value="Oracle Corporation"/>
    <property name="java.specification.name" value="Java Platform API Specification"/>
    <property name="java.awt.graphicsenv" value="sun.awt.X11GraphicsEnvironment"/>
    <property name="skip.installnpx" value="true"/>
    <property name="surefire.real.class.path" value="/home/runner/work/ozone/ozone/hadoop-hdds/container-service/target/surefire/surefirebooter7487892592799020218.jar:/home/runner/.m2/repository/org/jacoco/org.jacoco.agent/0.8.5/org.jacoco.agent-0.8.5-runtime.jar"/>
    <property name="hadoop.log.dir" value="/home/runner/work/ozone/ozone/hadoop-hdds/container-service/target/log"/>
    <property name="sun.boot.class.path" value="/usr/lib/jvm/temurin-8-jdk-amd64/jre/lib/resources.jar:/usr/lib/jvm/temurin-8-jdk-amd64/jre/lib/rt.jar:/usr/lib/jvm/temurin-8-jdk-amd64/jre/lib/sunrsasign.jar:/usr/lib/jvm/temurin-8-jdk-amd64/jre/lib/jsse.jar:/usr/lib/jvm/temurin-8-jdk-amd64/jre/lib/jce.jar:/usr/lib/jvm/temurin-8-jdk-amd64/jre/lib/charsets.jar:/usr/lib/jvm/temurin-8-jdk-amd64/jre/lib/jfr.jar:/usr/lib/jvm/temurin-8-jdk-amd64/jre/classes"/>
    <property name="sun.management.compiler" value="HotSpot 64-Bit Tiered Compilers"/>
    <property name="skip.npx" value="true"/>
    <property name="java.runtime.version" value="1.8.0_352-b08"/>
    <property name="java.net.preferIPv4Stack" value="true"/>
    <property name="user.name" value="runner"/>
    <property name="path.separator" value=":"/>
    <property name="java.security.egd" value="file:///dev/urandom"/>
    <property name="os.version" value="5.15.0-1023-azure"/>
    <property name="java.endorsed.dirs" value="/usr/lib/jvm/temurin-8-jdk-amd64/jre/lib/endorsed"/>
    <property name="java.runtime.name" value="OpenJDK Runtime Environment"/>
    <property name="file.encoding" value="UTF-8"/>
    <property name="java.vm.name" value="OpenJDK 64-Bit Server VM"/>
    <property name="test.build.webapps" value=""/>
    <property name="localRepository" value="/home/runner/.m2/repository"/>
    <property name="java.vendor.url.bug" value="https://github.com/adoptium/adoptium-support/issues"/>
    <property name="java.io.tmpdir" value="/tmp"/>
    <property name="require.test.libhadoop" value=""/>
    <property name="java.version" value="1.8.0_352"/>
    <property name="user.dir" value="/home/runner/work/ozone/ozone/hadoop-hdds/container-service"/>
    <property name="os.arch" value="amd64"/>
    <property name="java.vm.specification.name" value="Java Virtual Machine Specification"/>
    <property name="test.build.classes" value="/home/runner/work/ozone/ozone/hadoop-hdds/container-service/target/test-classes"/>
    <property name="java.awt.printerjob" value="sun.print.PSPrinterJob"/>
    <property name="sun.os.patch.level" value="unknown"/>
    <property name="hadoop.tmp.dir" value="/home/runner/work/ozone/ozone/hadoop-hdds/container-service/target/tmp"/>
    <property name="java.library.path" value="/usr/java/packages/lib/amd64:/usr/lib64:/lib64:/lib:/usr/lib"/>
    <property name="java.vm.info" value="mixed mode"/>
    <property name="java.vendor" value="Temurin"/>
    <property name="java.vm.version" value="25.352-b08"/>
    <property name="java.specification.maintenance.version" value="4"/>
    <property name="java.ext.dirs" value="/usr/lib/jvm/temurin-8-jdk-amd64/jre/lib/ext:/usr/java/packages/lib/ext"/>
    <property name="sun.io.unicode.encoding" value="UnicodeLittle"/>
    <property name="java.class.version" value="52.0"/>
  </properties>
  <testcase name="testSecureDnStartupCase0" classname="org.apache.hadoop.ozone.TestHddsSecureDatanodeInit" time="0.45">
    <system-out><![CDATA[2023-01-06 09:51:30,527 [main] INFO  metrics.MetricRegistries (MetricRegistriesLoader.java:load(64)) - Loaded MetricRegistries class org.apache.ratis.metrics.impl.MetricRegistriesImpl
2023-01-06 09:51:30,600 [main] WARN  impl.MetricsConfig (MetricsConfig.java:loadFirst(136)) - Cannot locate configuration: tried hadoop-metrics2-hddsdatanode.properties,hadoop-metrics2.properties
2023-01-06 09:51:30,742 [main] INFO  impl.MetricsSystemImpl (MetricsSystemImpl.java:startTimer(378)) - Scheduled Metric snapshot period at 10 second(s).
2023-01-06 09:51:30,742 [main] INFO  impl.MetricsSystemImpl (MetricsSystemImpl.java:start(191)) - HddsDatanode metrics system started
2023-01-06 09:51:30,841 [main] INFO  ozone.HddsDatanodeService (HddsDatanodeService.java:start(228)) - HddsDatanodeService host:fv-az844-354.kvdfyhrxhd0epk3sa4trub4njc.xx.internal.cloudapp.net ip:10.1.0.8
2023-01-06 09:51:30,865 [main] INFO  ozone.HddsDatanodeService (HddsDatanodeService.java:initializeCertificateClient(333)) - Initializing secure Datanode.
2023-01-06 09:51:30,865 [main] ERROR client.DNCertificateClient (DefaultCertificateClient.java:getCertificate(310)) - Default certificate serial id is not set. Can't locate the default certificate for this client.
2023-01-06 09:51:30,866 [main] INFO  client.DNCertificateClient (DefaultCertificateClient.java:init(792)) - Certificate client init case: 0
2023-01-06 09:51:30,868 [main] INFO  client.DNCertificateClient (DefaultCertificateClient.java:handleCase(806)) - Creating keypair for client as keypair and certificate not found.
2023-01-06 09:51:31,459 [main] INFO  ozone.HddsDatanodeService (HddsDatanodeService.java:initializeCertificateClient(342)) - Init response: GETCERT
2023-01-06 09:51:31,471 [main] INFO  ozone.OzoneSecurityUtil (OzoneSecurityUtil.java:getValidInetsForCurrentHost(119)) - ip:fe80:0:0:0:20d:3aff:fef6:a12e%eth0 not returned.
2023-01-06 09:51:31,472 [main] INFO  ozone.OzoneSecurityUtil (OzoneSecurityUtil.java:getValidInetsForCurrentHost(116)) - Adding ip:10.1.0.8,host:fv-az844-354.kvdfyhrxhd0epk3sa4trub4njc.xx.internal.cloudapp.net
2023-01-06 09:51:31,472 [main] INFO  ozone.OzoneSecurityUtil (OzoneSecurityUtil.java:getValidInetsForCurrentHost(119)) - ip:0:0:0:0:0:0:0:1%lo not returned.
2023-01-06 09:51:31,472 [main] INFO  ozone.OzoneSecurityUtil (OzoneSecurityUtil.java:getValidInetsForCurrentHost(119)) - ip:127.0.0.1 not returned.
2023-01-06 09:51:31,489 [main] WARN  util.NativeCodeLoader (NativeCodeLoader.java:<clinit>(60)) - Unable to load native-hadoop library for your platform... using builtin-java classes where applicable
2023-01-06 09:51:31,518 [main] INFO  client.DNCertificateClient (DNCertificateClient.java:getCSRBuilder(98)) - Created csr for DN-> subject:runner@fv-az844-354.kvdfyhrxhd0epk3sa4trub4njc.xx.internal.cloudapp.net
2023-01-06 09:51:31,730 [main] INFO  utils.SelfSignedCertificate (SelfSignedCertificate.java:generateCertificate(155)) - Certificate 1266725 is issued by CN=localhost,OU=test,O=cluster to CN=localhost,OU=test,O=cluster, valid from Fri Jan 06 09:51:31 UTC 2023 to Fri Jan 06 09:51:46 UTC 2023
2023-01-06 09:51:31,786 [main] INFO  ozone.HddsDatanodeService (HddsDatanodeService.java:initializeCertificateClient(333)) - Initializing secure Datanode.
2023-01-06 09:51:31,786 [main] INFO  client.DNCertificateClient (DefaultCertificateClient.java:init(792)) - Certificate client init case: 0
2023-01-06 09:51:31,786 [main] INFO  client.DNCertificateClient (DefaultCertificateClient.java:handleCase(806)) - Creating keypair for client as keypair and certificate not found.
2023-01-06 09:51:32,186 [main] INFO  ozone.HddsDatanodeService (HddsDatanodeService.java:initializeCertificateClient(342)) - Init response: GETCERT
2023-01-06 09:51:32,187 [main] INFO  ozone.OzoneSecurityUtil (OzoneSecurityUtil.java:getValidInetsForCurrentHost(119)) - ip:fe80:0:0:0:20d:3aff:fef6:a12e%eth0 not returned.
2023-01-06 09:51:32,188 [main] INFO  ozone.OzoneSecurityUtil (OzoneSecurityUtil.java:getValidInetsForCurrentHost(116)) - Adding ip:10.1.0.8,host:fv-az844-354.kvdfyhrxhd0epk3sa4trub4njc.xx.internal.cloudapp.net
2023-01-06 09:51:32,188 [main] INFO  ozone.OzoneSecurityUtil (OzoneSecurityUtil.java:getValidInetsForCurrentHost(119)) - ip:0:0:0:0:0:0:0:1%lo not returned.
2023-01-06 09:51:32,188 [main] INFO  ozone.OzoneSecurityUtil (OzoneSecurityUtil.java:getValidInetsForCurrentHost(119)) - ip:127.0.0.1 not returned.
2023-01-06 09:51:32,189 [main] INFO  client.DNCertificateClient (DNCertificateClient.java:getCSRBuilder(98)) - Created csr for DN-> subject:runner@fv-az844-354.kvdfyhrxhd0epk3sa4trub4njc.xx.internal.cloudapp.net
]]></system-out>
  </testcase>
  <testcase name="testSecureDnStartupCase1" classname="org.apache.hadoop.ozone.TestHddsSecureDatanodeInit" time="0.042">
    <system-out><![CDATA[2023-01-06 09:51:32,232 [main] INFO  ozone.HddsDatanodeService (HddsDatanodeService.java:initializeCertificateClient(333)) - Initializing secure Datanode.
2023-01-06 09:51:32,234 [main] INFO  client.DNCertificateClient (DefaultCertificateClient.java:loadAllCertificates(177)) - Loading certificate from location:/home/runner/work/ozone/ozone/hadoop-hdds/container-service/target/test-dir/PjBx01n9A5/dn/certs.
2023-01-06 09:51:32,251 [main] INFO  client.DNCertificateClient (DefaultCertificateClient.java:loadAllCertificates(218)) - Added certificate [
[
  Version: V3
  Subject: O=cluster, OU=test, CN=localhost
  Signature Algorithm: SHA256withRSA, OID = 1.2.840.113549.1.1.11

  Key:  Sun RSA public key, 2048 bits
  params: null
  modulus: 19646150364523045273648102119778835728390449190365366142777841167927485005661904767664133241893452870431559347972320316130322280694963788694213164144325212896775499560897140524913915621999252700181737924730598985115524590302614906347601812838972739040714583639046525620659818928497854019311675836004534360639985030421799124954972165195437523706255485066035741884365379856638374140616255846080497260146635784248235491010713591319697768735106492195030367081920226521965417694118820437424176160209410605216962616632061593909658897129046093666902159327118678713820739134217415625675639398905545887332451086133622193590567
  public exponent: 65537
  Validity: [From: Fri Jan 06 09:51:31 UTC 2023,
               To: Fri Jan 06 09:51:46 UTC 2023]
  Issuer: O=cluster, OU=test, CN=localhost
  SerialNumber: [    135425]

]
  Algorithm: [SHA256withRSA]
  Signature:
0000: 7D 2B F2 91 C1 F8 51 4B   BE 7D 46 3E A0 97 61 49  .+....QK..F>..aI
0010: BE A5 10 52 25 23 1D 00   88 E0 66 FE DC 05 87 C8  ...R%#....f.....
0020: 1D 65 A9 E4 95 21 28 12   01 0F 26 66 7C E2 7E 53  .e...!(...&f...S
0030: BF D4 C6 1F E4 B3 27 F5   32 57 EE 6E 72 A7 91 22  ......'.2W.nr.."
0040: D4 94 2C B2 AB B7 3F 9E   2B 87 2F 5F 43 E7 18 62  ..,...?.+./_C..b
0050: 27 7E 83 18 D7 0C AB 88   BB D0 4D 96 AB A3 54 32  '.........M...T2
0060: 3E F8 D1 B5 19 C8 AF 55   CF C7 1F AC CF 50 5E 31  >......U.....P^1
0070: 0C 4D 66 FB 65 39 80 38   E3 90 3C 17 E8 73 A4 2C  .Mf.e9.8..<..s.,
0080: DF 0F 99 89 C7 6E 89 CA   19 74 78 FF 15 1C 30 4D  .....n...tx...0M
0090: AB 76 23 2F C3 19 AF 92   EE 32 AD 1A 52 BF 37 D7  .v#/.....2..R.7.
00A0: 99 82 95 50 95 1E 56 D8   05 58 DB 10 19 FC 25 90  ...P..V..X....%.
00B0: 06 57 2D A3 E3 85 E6 D1   05 D9 C7 C3 6E 35 4A 6A  .W-.........n5Jj
00C0: 52 3E 85 75 D9 F6 28 CB   84 37 DE 65 10 E0 4B 79  R>.u..(..7.e..Ky
00D0: D4 35 E7 93 BC 08 DB 93   25 6D E5 E3 01 69 88 FC  .5......%m...i..
00E0: 1C 80 44 AC 8F 45 06 4B   E6 76 8F 03 3A 06 67 CE  ..D..E.K.v..:.g.
00F0: 89 7A DA F8 CD 75 FF 1D   C6 EF 3C 90 5A 6B 3D D8  .z...u....<.Zk=.

] from file:/home/runner/work/ozone/ozone/hadoop-hdds/container-service/target/test-dir/PjBx01n9A5/dn/certs/certificate.crt.
2023-01-06 09:51:32,255 [main] INFO  client.DNCertificateClient (DefaultCertificateClient.java:startCertificateMonitor(1393)) - CertificateLifetimeMonitor is started with first delay 8748 ms and interval 1666 ms.
2023-01-06 09:51:32,256 [main] INFO  client.DNCertificateClient (DefaultCertificateClient.java:init(792)) - Certificate client init case: 1
2023-01-06 09:51:32,256 [main] ERROR client.DNCertificateClient (DefaultCertificateClient.java:handleCase(811)) - Private key not found, while certificate is still present. Delete keypair and try again.
2023-01-06 09:51:32,257 [main] INFO  ozone.HddsDatanodeService (HddsDatanodeService.java:initializeCertificateClient(342)) - Init response: FAILURE
2023-01-06 09:51:32,257 [main] ERROR ozone.HddsDatanodeService (HddsDatanodeService.java:initializeCertificateClient(360)) - DN security initialization failed, case:FAILURE.
]]></system-out>
  </testcase>
  <testcase name="testSecureDnStartupCase2" classname="org.apache.hadoop.ozone.TestHddsSecureDatanodeInit" time="0.012">
    <system-out><![CDATA[2023-01-06 09:51:32,261 [main] INFO  client.DNCertificateClient (DefaultCertificateClient.java:loadAllCertificates(177)) - Loading certificate from location:/home/runner/work/ozone/ozone/hadoop-hdds/container-service/target/test-dir/PjBx01n9A5/dn/certs.
2023-01-06 09:51:32,261 [main] WARN  client.DNCertificateClient (DefaultCertificateClient.java:loadAllCertificates(242)) - CertificateLifetimeMonitor is not started this time because certificate is empty.
2023-01-06 09:51:32,263 [main] INFO  ozone.HddsDatanodeService (HddsDatanodeService.java:initializeCertificateClient(333)) - Initializing secure Datanode.
2023-01-06 09:51:32,269 [main] INFO  client.DNCertificateClient (DefaultCertificateClient.java:loadAllCertificates(177)) - Loading certificate from location:/home/runner/work/ozone/ozone/hadoop-hdds/container-service/target/test-dir/PjBx01n9A5/dn/certs.
2023-01-06 09:51:32,269 [main] WARN  client.DNCertificateClient (DefaultCertificateClient.java:loadAllCertificates(242)) - CertificateLifetimeMonitor is not started this time because certificate is empty.
2023-01-06 09:51:32,269 [main] INFO  client.DNCertificateClient (DefaultCertificateClient.java:init(792)) - Certificate client init case: 2
2023-01-06 09:51:32,270 [main] ERROR client.DNCertificateClient (DefaultCertificateClient.java:handleCase(815)) - Found public key but private key and certificate missing.
2023-01-06 09:51:32,271 [main] INFO  ozone.HddsDatanodeService (HddsDatanodeService.java:initializeCertificateClient(342)) - Init response: FAILURE
2023-01-06 09:51:32,271 [main] ERROR ozone.HddsDatanodeService (HddsDatanodeService.java:initializeCertificateClient(360)) - DN security initialization failed, case:FAILURE.
2023-01-06 09:51:32,271 [main] INFO  client.DNCertificateClient (DefaultCertificateClient.java:loadAllCertificates(177)) - Loading certificate from location:/home/runner/work/ozone/ozone/hadoop-hdds/container-service/target/test-dir/PjBx01n9A5/dn/certs.
2023-01-06 09:51:32,272 [main] WARN  client.DNCertificateClient (DefaultCertificateClient.java:loadAllCertificates(242)) - CertificateLifetimeMonitor is not started this time because certificate is empty.
]]></system-out>
  </testcase>
  <testcase name="testSecureDnStartupCase3" classname="org.apache.hadoop.ozone.TestHddsSecureDatanodeInit" time="0.016">
    <system-out><![CDATA[2023-01-06 09:51:32,276 [main] INFO  client.DNCertificateClient (DefaultCertificateClient.java:loadAllCertificates(177)) - Loading certificate from location:/home/runner/work/ozone/ozone/hadoop-hdds/container-service/target/test-dir/PjBx01n9A5/dn/certs.
2023-01-06 09:51:32,276 [main] WARN  client.DNCertificateClient (DefaultCertificateClient.java:loadAllCertificates(242)) - CertificateLifetimeMonitor is not started this time because certificate is empty.
2023-01-06 09:51:32,279 [main] INFO  ozone.HddsDatanodeService (HddsDatanodeService.java:initializeCertificateClient(333)) - Initializing secure Datanode.
2023-01-06 09:51:32,279 [main] INFO  client.DNCertificateClient (DefaultCertificateClient.java:loadAllCertificates(177)) - Loading certificate from location:/home/runner/work/ozone/ozone/hadoop-hdds/container-service/target/test-dir/PjBx01n9A5/dn/certs.
2023-01-06 09:51:32,284 [main] INFO  client.DNCertificateClient (DefaultCertificateClient.java:loadAllCertificates(218)) - Added certificate [
[
  Version: V3
  Subject: O=cluster, OU=test, CN=localhost
  Signature Algorithm: SHA256withRSA, OID = 1.2.840.113549.1.1.11

  Key:  Sun RSA public key, 2048 bits
  params: null
  modulus: 19646150364523045273648102119778835728390449190365366142777841167927485005661904767664133241893452870431559347972320316130322280694963788694213164144325212896775499560897140524913915621999252700181737924730598985115524590302614906347601812838972739040714583639046525620659818928497854019311675836004534360639985030421799124954972165195437523706255485066035741884365379856638374140616255846080497260146635784248235491010713591319697768735106492195030367081920226521965417694118820437424176160209410605216962616632061593909658897129046093666902159327118678713820739134217415625675639398905545887332451086133622193590567
  public exponent: 65537
  Validity: [From: Fri Jan 06 09:51:31 UTC 2023,
               To: Fri Jan 06 09:51:46 UTC 2023]
  Issuer: O=cluster, OU=test, CN=localhost
  SerialNumber: [    135425]

]
  Algorithm: [SHA256withRSA]
  Signature:
0000: 7D 2B F2 91 C1 F8 51 4B   BE 7D 46 3E A0 97 61 49  .+....QK..F>..aI
0010: BE A5 10 52 25 23 1D 00   88 E0 66 FE DC 05 87 C8  ...R%#....f.....
0020: 1D 65 A9 E4 95 21 28 12   01 0F 26 66 7C E2 7E 53  .e...!(...&f...S
0030: BF D4 C6 1F E4 B3 27 F5   32 57 EE 6E 72 A7 91 22  ......'.2W.nr.."
0040: D4 94 2C B2 AB B7 3F 9E   2B 87 2F 5F 43 E7 18 62  ..,...?.+./_C..b
0050: 27 7E 83 18 D7 0C AB 88   BB D0 4D 96 AB A3 54 32  '.........M...T2
0060: 3E F8 D1 B5 19 C8 AF 55   CF C7 1F AC CF 50 5E 31  >......U.....P^1
0070: 0C 4D 66 FB 65 39 80 38   E3 90 3C 17 E8 73 A4 2C  .Mf.e9.8..<..s.,
0080: DF 0F 99 89 C7 6E 89 CA   19 74 78 FF 15 1C 30 4D  .....n...tx...0M
0090: AB 76 23 2F C3 19 AF 92   EE 32 AD 1A 52 BF 37 D7  .v#/.....2..R.7.
00A0: 99 82 95 50 95 1E 56 D8   05 58 DB 10 19 FC 25 90  ...P..V..X....%.
00B0: 06 57 2D A3 E3 85 E6 D1   05 D9 C7 C3 6E 35 4A 6A  .W-.........n5Jj
00C0: 52 3E 85 75 D9 F6 28 CB   84 37 DE 65 10 E0 4B 79  R>.u..(..7.e..Ky
00D0: D4 35 E7 93 BC 08 DB 93   25 6D E5 E3 01 69 88 FC  .5......%m...i..
00E0: 1C 80 44 AC 8F 45 06 4B   E6 76 8F 03 3A 06 67 CE  ..D..E.K.v..:.g.
00F0: 89 7A DA F8 CD 75 FF 1D   C6 EF 3C 90 5A 6B 3D D8  .z...u....<.Zk=.

] from file:/home/runner/work/ozone/ozone/hadoop-hdds/container-service/target/test-dir/PjBx01n9A5/dn/certs/certificate.crt.
2023-01-06 09:51:32,290 [main] INFO  client.DNCertificateClient (DefaultCertificateClient.java:startCertificateMonitor(1393)) - CertificateLifetimeMonitor is started with first delay 8715 ms and interval 1666 ms.
2023-01-06 09:51:32,290 [main] INFO  client.DNCertificateClient (DefaultCertificateClient.java:init(792)) - Certificate client init case: 3
2023-01-06 09:51:32,290 [main] ERROR client.DNCertificateClient (DefaultCertificateClient.java:handleCase(825)) - Found public key and certificate but private key is missing.
2023-01-06 09:51:32,290 [main] INFO  ozone.HddsDatanodeService (HddsDatanodeService.java:initializeCertificateClient(342)) - Init response: FAILURE
2023-01-06 09:51:32,290 [main] ERROR ozone.HddsDatanodeService (HddsDatanodeService.java:initializeCertificateClient(360)) - DN security initialization failed, case:FAILURE.
]]></system-out>
  </testcase>
  <testcase name="testSecureDnStartupCase4" classname="org.apache.hadoop.ozone.TestHddsSecureDatanodeInit" time="0.005">
    <system-out><![CDATA[2023-01-06 09:51:32,293 [main] INFO  client.DNCertificateClient (DefaultCertificateClient.java:loadAllCertificates(177)) - Loading certificate from location:/home/runner/work/ozone/ozone/hadoop-hdds/container-service/target/test-dir/PjBx01n9A5/dn/certs.
2023-01-06 09:51:32,293 [main] WARN  client.DNCertificateClient (DefaultCertificateClient.java:loadAllCertificates(242)) - CertificateLifetimeMonitor is not started this time because certificate is empty.
2023-01-06 09:51:32,294 [main] INFO  ozone.HddsDatanodeService (HddsDatanodeService.java:initializeCertificateClient(333)) - Initializing secure Datanode.
2023-01-06 09:51:32,295 [main] INFO  client.DNCertificateClient (DefaultCertificateClient.java:loadAllCertificates(177)) - Loading certificate from location:/home/runner/work/ozone/ozone/hadoop-hdds/container-service/target/test-dir/PjBx01n9A5/dn/certs.
2023-01-06 09:51:32,295 [main] WARN  client.DNCertificateClient (DefaultCertificateClient.java:loadAllCertificates(242)) - CertificateLifetimeMonitor is not started this time because certificate is empty.
2023-01-06 09:51:32,296 [main] INFO  client.DNCertificateClient (DefaultCertificateClient.java:init(792)) - Certificate client init case: 4
2023-01-06 09:51:32,296 [main] INFO  client.DNCertificateClient (DefaultCertificateClient.java:handleCase(819)) - Found private key but public key and certificate is missing.
2023-01-06 09:51:32,296 [main] INFO  ozone.HddsDatanodeService (HddsDatanodeService.java:initializeCertificateClient(342)) - Init response: FAILURE
2023-01-06 09:51:32,296 [main] ERROR ozone.HddsDatanodeService (HddsDatanodeService.java:initializeCertificateClient(360)) - DN security initialization failed, case:FAILURE.
2023-01-06 09:51:32,296 [main] INFO  client.DNCertificateClient (DefaultCertificateClient.java:loadAllCertificates(177)) - Loading certificate from location:/home/runner/work/ozone/ozone/hadoop-hdds/container-service/target/test-dir/PjBx01n9A5/dn/certs.
2023-01-06 09:51:32,297 [main] WARN  client.DNCertificateClient (DefaultCertificateClient.java:loadAllCertificates(242)) - CertificateLifetimeMonitor is not started this time because certificate is empty.
]]></system-out>
  </testcase>
  <testcase name="testSecureDnStartupCase5" classname="org.apache.hadoop.ozone.TestHddsSecureDatanodeInit" time="0.023">
    <system-out><![CDATA[2023-01-06 09:51:32,305 [main] INFO  client.DNCertificateClient (DefaultCertificateClient.java:loadAllCertificates(177)) - Loading certificate from location:/home/runner/work/ozone/ozone/hadoop-hdds/container-service/target/test-dir/PjBx01n9A5/dn/certs.
2023-01-06 09:51:32,305 [main] WARN  client.DNCertificateClient (DefaultCertificateClient.java:loadAllCertificates(242)) - CertificateLifetimeMonitor is not started this time because certificate is empty.
2023-01-06 09:51:32,306 [main] INFO  ozone.HddsDatanodeService (HddsDatanodeService.java:initializeCertificateClient(333)) - Initializing secure Datanode.
2023-01-06 09:51:32,307 [main] INFO  client.DNCertificateClient (DefaultCertificateClient.java:loadAllCertificates(177)) - Loading certificate from location:/home/runner/work/ozone/ozone/hadoop-hdds/container-service/target/test-dir/PjBx01n9A5/dn/certs.
2023-01-06 09:51:32,311 [main] INFO  client.DNCertificateClient (DefaultCertificateClient.java:loadAllCertificates(218)) - Added certificate [
[
  Version: V3
  Subject: O=cluster, OU=test, CN=localhost
  Signature Algorithm: SHA256withRSA, OID = 1.2.840.113549.1.1.11

  Key:  Sun RSA public key, 2048 bits
  params: null
  modulus: 19646150364523045273648102119778835728390449190365366142777841167927485005661904767664133241893452870431559347972320316130322280694963788694213164144325212896775499560897140524913915621999252700181737924730598985115524590302614906347601812838972739040714583639046525620659818928497854019311675836004534360639985030421799124954972165195437523706255485066035741884365379856638374140616255846080497260146635784248235491010713591319697768735106492195030367081920226521965417694118820437424176160209410605216962616632061593909658897129046093666902159327118678713820739134217415625675639398905545887332451086133622193590567
  public exponent: 65537
  Validity: [From: Fri Jan 06 09:51:31 UTC 2023,
               To: Fri Jan 06 09:51:46 UTC 2023]
  Issuer: O=cluster, OU=test, CN=localhost
  SerialNumber: [    135425]

]
  Algorithm: [SHA256withRSA]
  Signature:
0000: 7D 2B F2 91 C1 F8 51 4B   BE 7D 46 3E A0 97 61 49  .+....QK..F>..aI
0010: BE A5 10 52 25 23 1D 00   88 E0 66 FE DC 05 87 C8  ...R%#....f.....
0020: 1D 65 A9 E4 95 21 28 12   01 0F 26 66 7C E2 7E 53  .e...!(...&f...S
0030: BF D4 C6 1F E4 B3 27 F5   32 57 EE 6E 72 A7 91 22  ......'.2W.nr.."
0040: D4 94 2C B2 AB B7 3F 9E   2B 87 2F 5F 43 E7 18 62  ..,...?.+./_C..b
0050: 27 7E 83 18 D7 0C AB 88   BB D0 4D 96 AB A3 54 32  '.........M...T2
0060: 3E F8 D1 B5 19 C8 AF 55   CF C7 1F AC CF 50 5E 31  >......U.....P^1
0070: 0C 4D 66 FB 65 39 80 38   E3 90 3C 17 E8 73 A4 2C  .Mf.e9.8..<..s.,
0080: DF 0F 99 89 C7 6E 89 CA   19 74 78 FF 15 1C 30 4D  .....n...tx...0M
0090: AB 76 23 2F C3 19 AF 92   EE 32 AD 1A 52 BF 37 D7  .v#/.....2..R.7.
00A0: 99 82 95 50 95 1E 56 D8   05 58 DB 10 19 FC 25 90  ...P..V..X....%.
00B0: 06 57 2D A3 E3 85 E6 D1   05 D9 C7 C3 6E 35 4A 6A  .W-.........n5Jj
00C0: 52 3E 85 75 D9 F6 28 CB   84 37 DE 65 10 E0 4B 79  R>.u..(..7.e..Ky
00D0: D4 35 E7 93 BC 08 DB 93   25 6D E5 E3 01 69 88 FC  .5......%m...i..
00E0: 1C 80 44 AC 8F 45 06 4B   E6 76 8F 03 3A 06 67 CE  ..D..E.K.v..:.g.
00F0: 89 7A DA F8 CD 75 FF 1D   C6 EF 3C 90 5A 6B 3D D8  .z...u....<.Zk=.

] from file:/home/runner/work/ozone/ozone/hadoop-hdds/container-service/target/test-dir/PjBx01n9A5/dn/certs/certificate.crt.
2023-01-06 09:51:32,311 [main] INFO  client.DNCertificateClient (DefaultCertificateClient.java:startCertificateMonitor(1393)) - CertificateLifetimeMonitor is started with first delay 8689 ms and interval 1666 ms.
2023-01-06 09:51:32,312 [main] INFO  client.DNCertificateClient (DefaultCertificateClient.java:init(792)) - Certificate client init case: 5
2023-01-06 09:51:32,312 [main] INFO  client.DNCertificateClient (DefaultCertificateClient.java:handleCase(829)) - Found private key and certificate but public key missing.
2023-01-06 09:51:32,322 [main] INFO  ozone.HddsDatanodeService (HddsDatanodeService.java:initializeCertificateClient(342)) - Init response: SUCCESS
2023-01-06 09:51:32,323 [main] INFO  ozone.HddsDatanodeService (HddsDatanodeService.java:initializeCertificateClient(345)) - Initialization successful, case:SUCCESS.
]]></system-out>
  </testcase>
  <testcase name="testSecureDnStartupCase6" classname="org.apache.hadoop.ozone.TestHddsSecureDatanodeInit" time="0.039">
    <system-out><![CDATA[2023-01-06 09:51:32,328 [main] INFO  client.DNCertificateClient (DefaultCertificateClient.java:loadAllCertificates(177)) - Loading certificate from location:/home/runner/work/ozone/ozone/hadoop-hdds/container-service/target/test-dir/PjBx01n9A5/dn/certs.
2023-01-06 09:51:32,329 [main] WARN  client.DNCertificateClient (DefaultCertificateClient.java:loadAllCertificates(242)) - CertificateLifetimeMonitor is not started this time because certificate is empty.
2023-01-06 09:51:32,330 [main] INFO  ozone.HddsDatanodeService (HddsDatanodeService.java:initializeCertificateClient(333)) - Initializing secure Datanode.
2023-01-06 09:51:32,331 [main] INFO  client.DNCertificateClient (DefaultCertificateClient.java:loadAllCertificates(177)) - Loading certificate from location:/home/runner/work/ozone/ozone/hadoop-hdds/container-service/target/test-dir/PjBx01n9A5/dn/certs.
2023-01-06 09:51:32,331 [main] WARN  client.DNCertificateClient (DefaultCertificateClient.java:loadAllCertificates(242)) - CertificateLifetimeMonitor is not started this time because certificate is empty.
2023-01-06 09:51:32,333 [main] INFO  client.DNCertificateClient (DefaultCertificateClient.java:init(792)) - Certificate client init case: 6
2023-01-06 09:51:32,333 [main] INFO  client.DNCertificateClient (DefaultCertificateClient.java:handleCase(838)) - Found private and public key but certificate is missing.
2023-01-06 09:51:32,344 [main] INFO  ozone.HddsDatanodeService (HddsDatanodeService.java:initializeCertificateClient(342)) - Init response: GETCERT
2023-01-06 09:51:32,349 [main] INFO  ozone.OzoneSecurityUtil (OzoneSecurityUtil.java:getValidInetsForCurrentHost(119)) - ip:fe80:0:0:0:20d:3aff:fef6:a12e%eth0 not returned.
2023-01-06 09:51:32,350 [main] INFO  ozone.OzoneSecurityUtil (OzoneSecurityUtil.java:getValidInetsForCurrentHost(116)) - Adding ip:10.1.0.8,host:fv-az844-354.kvdfyhrxhd0epk3sa4trub4njc.xx.internal.cloudapp.net
2023-01-06 09:51:32,350 [main] INFO  ozone.OzoneSecurityUtil (OzoneSecurityUtil.java:getValidInetsForCurrentHost(119)) - ip:0:0:0:0:0:0:0:1%lo not returned.
2023-01-06 09:51:32,350 [main] INFO  ozone.OzoneSecurityUtil (OzoneSecurityUtil.java:getValidInetsForCurrentHost(119)) - ip:127.0.0.1 not returned.
2023-01-06 09:51:32,351 [main] INFO  client.DNCertificateClient (DNCertificateClient.java:getCSRBuilder(98)) - Created csr for DN-> subject:runner@fv-az844-354.kvdfyhrxhd0epk3sa4trub4njc.xx.internal.cloudapp.net
2023-01-06 09:51:32,356 [main] INFO  client.DNCertificateClient (DefaultCertificateClient.java:loadAllCertificates(177)) - Loading certificate from location:/home/runner/work/ozone/ozone/hadoop-hdds/container-service/target/test-dir/PjBx01n9A5/dn/certs.
2023-01-06 09:51:32,357 [main] WARN  client.DNCertificateClient (DefaultCertificateClient.java:loadAllCertificates(242)) - CertificateLifetimeMonitor is not started this time because certificate is empty.
]]></system-out>
  </testcase>
  <testcase name="testSecureDnStartupCase7" classname="org.apache.hadoop.ozone.TestHddsSecureDatanodeInit" time="0.033">
    <system-out><![CDATA[2023-01-06 09:51:32,366 [main] INFO  client.DNCertificateClient (DefaultCertificateClient.java:loadAllCertificates(177)) - Loading certificate from location:/home/runner/work/ozone/ozone/hadoop-hdds/container-service/target/test-dir/PjBx01n9A5/dn/certs.
2023-01-06 09:51:32,366 [main] WARN  client.DNCertificateClient (DefaultCertificateClient.java:loadAllCertificates(242)) - CertificateLifetimeMonitor is not started this time because certificate is empty.
2023-01-06 09:51:32,369 [main] INFO  ozone.HddsDatanodeService (HddsDatanodeService.java:initializeCertificateClient(333)) - Initializing secure Datanode.
2023-01-06 09:51:32,372 [main] INFO  client.DNCertificateClient (DefaultCertificateClient.java:loadAllCertificates(177)) - Loading certificate from location:/home/runner/work/ozone/ozone/hadoop-hdds/container-service/target/test-dir/PjBx01n9A5/dn/certs.
2023-01-06 09:51:32,378 [main] INFO  client.DNCertificateClient (DefaultCertificateClient.java:loadAllCertificates(218)) - Added certificate [
[
  Version: V3
  Subject: O=cluster, OU=test, CN=localhost
  Signature Algorithm: SHA256withRSA, OID = 1.2.840.113549.1.1.11

  Key:  Sun RSA public key, 2048 bits
  params: null
  modulus: 19646150364523045273648102119778835728390449190365366142777841167927485005661904767664133241893452870431559347972320316130322280694963788694213164144325212896775499560897140524913915621999252700181737924730598985115524590302614906347601812838972739040714583639046525620659818928497854019311675836004534360639985030421799124954972165195437523706255485066035741884365379856638374140616255846080497260146635784248235491010713591319697768735106492195030367081920226521965417694118820437424176160209410605216962616632061593909658897129046093666902159327118678713820739134217415625675639398905545887332451086133622193590567
  public exponent: 65537
  Validity: [From: Fri Jan 06 09:51:31 UTC 2023,
               To: Fri Jan 06 09:51:46 UTC 2023]
  Issuer: O=cluster, OU=test, CN=localhost
  SerialNumber: [    135425]

]
  Algorithm: [SHA256withRSA]
  Signature:
0000: 7D 2B F2 91 C1 F8 51 4B   BE 7D 46 3E A0 97 61 49  .+....QK..F>..aI
0010: BE A5 10 52 25 23 1D 00   88 E0 66 FE DC 05 87 C8  ...R%#....f.....
0020: 1D 65 A9 E4 95 21 28 12   01 0F 26 66 7C E2 7E 53  .e...!(...&f...S
0030: BF D4 C6 1F E4 B3 27 F5   32 57 EE 6E 72 A7 91 22  ......'.2W.nr.."
0040: D4 94 2C B2 AB B7 3F 9E   2B 87 2F 5F 43 E7 18 62  ..,...?.+./_C..b
0050: 27 7E 83 18 D7 0C AB 88   BB D0 4D 96 AB A3 54 32  '.........M...T2
0060: 3E F8 D1 B5 19 C8 AF 55   CF C7 1F AC CF 50 5E 31  >......U.....P^1
0070: 0C 4D 66 FB 65 39 80 38   E3 90 3C 17 E8 73 A4 2C  .Mf.e9.8..<..s.,
0080: DF 0F 99 89 C7 6E 89 CA   19 74 78 FF 15 1C 30 4D  .....n...tx...0M
0090: AB 76 23 2F C3 19 AF 92   EE 32 AD 1A 52 BF 37 D7  .v#/.....2..R.7.
00A0: 99 82 95 50 95 1E 56 D8   05 58 DB 10 19 FC 25 90  ...P..V..X....%.
00B0: 06 57 2D A3 E3 85 E6 D1   05 D9 C7 C3 6E 35 4A 6A  .W-.........n5Jj
00C0: 52 3E 85 75 D9 F6 28 CB   84 37 DE 65 10 E0 4B 79  R>.u..(..7.e..Ky
00D0: D4 35 E7 93 BC 08 DB 93   25 6D E5 E3 01 69 88 FC  .5......%m...i..
00E0: 1C 80 44 AC 8F 45 06 4B   E6 76 8F 03 3A 06 67 CE  ..D..E.K.v..:.g.
00F0: 89 7A DA F8 CD 75 FF 1D   C6 EF 3C 90 5A 6B 3D D8  .z...u....<.Zk=.

] from file:/home/runner/work/ozone/ozone/hadoop-hdds/container-service/target/test-dir/PjBx01n9A5/dn/certs/certificate.crt.
2023-01-06 09:51:32,380 [main] INFO  client.DNCertificateClient (DefaultCertificateClient.java:startCertificateMonitor(1393)) - CertificateLifetimeMonitor is started with first delay 8621 ms and interval 1666 ms.
2023-01-06 09:51:32,380 [main] INFO  client.DNCertificateClient (DefaultCertificateClient.java:init(792)) - Certificate client init case: 7
2023-01-06 09:51:32,380 [main] INFO  client.DNCertificateClient (DefaultCertificateClient.java:handleCase(847)) - Found certificate file along with KeyPair.
2023-01-06 09:51:32,390 [main] INFO  client.DNCertificateClient (DefaultCertificateClient.java:validateKeyPairAndCertificate(886)) - Keypair validated.
2023-01-06 09:51:32,395 [main] INFO  client.DNCertificateClient (DefaultCertificateClient.java:validateKeyPairAndCertificate(889)) - Keypair validated with certificate.
2023-01-06 09:51:32,395 [main] INFO  ozone.HddsDatanodeService (HddsDatanodeService.java:initializeCertificateClient(342)) - Init response: SUCCESS
2023-01-06 09:51:32,395 [main] INFO  ozone.HddsDatanodeService (HddsDatanodeService.java:initializeCertificateClient(345)) - Initialization successful, case:SUCCESS.
]]></system-out>
  </testcase>
  <testcase name="testCertificateRotation" classname="org.apache.hadoop.ozone.TestHddsSecureDatanodeInit" time="16.492">
    <error type="java.util.concurrent.TimeoutException"><![CDATA[java.util.concurrent.TimeoutException: 
Timed out waiting for condition. Thread diagnostics:
Timestamp: 2023-01-06 09:51:48,881

"CertificateLifetimeMonitor" daemon prio=5 tid=20 timed_waiting
java.lang.Thread.State: TIMED_WAITING
        at sun.misc.Unsafe.park(Native Method)
        at java.util.concurrent.locks.LockSupport.parkNanos(LockSupport.java:215)
        at java.util.concurrent.locks.AbstractQueuedSynchronizer$ConditionObject.awaitNanos(AbstractQueuedSynchronizer.java:2078)
        at java.util.concurrent.ScheduledThreadPoolExecutor$DelayedWorkQueue.take(ScheduledThreadPoolExecutor.java:1093)
        at java.util.concurrent.ScheduledThreadPoolExecutor$DelayedWorkQueue.take(ScheduledThreadPoolExecutor.java:809)
        at java.util.concurrent.ThreadPoolExecutor.getTask(ThreadPoolExecutor.java:1074)
        at java.util.concurrent.ThreadPoolExecutor.runWorker(ThreadPoolExecutor.java:1134)
        at java.util.concurrent.ThreadPoolExecutor$Worker.run(ThreadPoolExecutor.java:624)
        at java.lang.Thread.run(Thread.java:750)
"surefire-forkedjvm-command-thread" daemon prio=5 tid=10 runnable
java.lang.Thread.State: RUNNABLE
        at java.io.FileInputStream.readBytes(Native Method)
        at java.io.FileInputStream.read(FileInputStream.java:255)
        at java.io.BufferedInputStream.read1(BufferedInputStream.java:284)
        at java.io.BufferedInputStream.read(BufferedInputStream.java:345)
        at java.io.BufferedInputStream.fill(BufferedInputStream.java:246)
        at java.io.BufferedInputStream.read1(BufferedInputStream.java:286)
        at java.io.BufferedInputStream.read(BufferedInputStream.java:345)
        at org.apache.maven.surefire.api.util.internal.Channels$3.readImpl(Channels.java:214)
        at org.apache.maven.surefire.api.util.internal.AbstractNoninterruptibleReadableChannel.read(AbstractNoninterruptibleReadableChannel.java:54)
        at org.apache.maven.surefire.booter.spi.LegacyMasterProcessChannelDecoder.decode(LegacyMasterProcessChannelDecoder.java:80)
        at org.apache.maven.surefire.booter.CommandReader$CommandRunnable.run(CommandReader.java:343)
        at java.lang.Thread.run(Thread.java:750)
"Attach Listener" daemon prio=9 tid=19 runnable
java.lang.Thread.State: RUNNABLE
"Signal Dispatcher" daemon prio=9 tid=4 runnable
java.lang.Thread.State: RUNNABLE
"Finalizer" daemon prio=8 tid=3 in Object.wait()
java.lang.Thread.State: WAITING (on object monitor)
        at java.lang.Object.wait(Native Method)
        at java.lang.ref.ReferenceQueue.remove(ReferenceQueue.java:144)
        at java.lang.ref.ReferenceQueue.remove(ReferenceQueue.java:165)
        at java.lang.ref.Finalizer$FinalizerThread.run(Finalizer.java:188)
"CertificateLifetimeMonitor" daemon prio=5 tid=15 timed_waiting
java.lang.Thread.State: TIMED_WAITING
        at sun.misc.Unsafe.park(Native Method)
        at java.util.concurrent.locks.LockSupport.parkNanos(LockSupport.java:215)
        at java.util.concurrent.locks.AbstractQueuedSynchronizer$ConditionObject.awaitNanos(AbstractQueuedSynchronizer.java:2078)
        at java.util.concurrent.ScheduledThreadPoolExecutor$DelayedWorkQueue.take(ScheduledThreadPoolExecutor.java:1093)
        at java.util.concurrent.ScheduledThreadPoolExecutor$DelayedWorkQueue.take(ScheduledThreadPoolExecutor.java:809)
        at java.util.concurrent.ThreadPoolExecutor.getTask(ThreadPoolExecutor.java:1074)
        at java.util.concurrent.ThreadPoolExecutor.runWorker(ThreadPoolExecutor.java:1134)
        at java.util.concurrent.ThreadPoolExecutor$Worker.run(ThreadPoolExecutor.java:624)
        at java.lang.Thread.run(Thread.java:750)
"Timer for 'HddsDatanode' metrics system" daemon prio=5 tid=14 timed_waiting
java.lang.Thread.State: TIMED_WAITING
        at java.lang.Object.wait(Native Method)
        at java.util.TimerThread.mainLoop(Timer.java:552)
        at java.util.TimerThread.run(Timer.java:505)
"Reference Handler" daemon prio=10 tid=2 in Object.wait()
java.lang.Thread.State: WAITING (on object monitor)
        at java.lang.Object.wait(Native Method)
        at java.lang.Object.wait(Object.java:502)
        at java.lang.ref.Reference.tryHandlePending(Reference.java:191)
        at java.lang.ref.Reference$ReferenceHandler.run(Reference.java:153)
"main"  prio=5 tid=1 runnable
java.lang.Thread.State: RUNNABLE
        at java.lang.Thread.dumpThreads(Native Method)
        at java.lang.Thread.getAllStackTraces(Thread.java:1615)
        at org.apache.ozone.test.TimedOutTestsListener.buildThreadDump(TimedOutTestsListener.java:93)
        at org.apache.ozone.test.TimedOutTestsListener.buildThreadDiagnosticString(TimedOutTestsListener.java:79)
        at org.apache.ozone.test.GenericTestUtils.waitFor(GenericTestUtils.java:231)
        at org.apache.hadoop.ozone.TestHddsSecureDatanodeInit.testCertificateRotation(TestHddsSecureDatanodeInit.java:330)
        at sun.reflect.NativeMethodAccessorImpl.invoke0(Native Method)
        at sun.reflect.NativeMethodAccessorImpl.invoke(NativeMethodAccessorImpl.java:62)
        at sun.reflect.DelegatingMethodAccessorImpl.invoke(DelegatingMethodAccessorImpl.java:43)
        at java.lang.reflect.Method.invoke(Method.java:498)
        at org.junit.platform.commons.util.ReflectionUtils.invokeMethod(ReflectionUtils.java:725)
        at org.junit.jupiter.engine.execution.MethodInvocation.proceed(MethodInvocation.java:60)
        at org.junit.jupiter.engine.execution.InvocationInterceptorChain$ValidatingInvocation.proceed(InvocationInterceptorChain.java:131)
        at org.junit.jupiter.engine.extension.TimeoutExtension.intercept(TimeoutExtension.java:149)
        at org.junit.jupiter.engine.extension.TimeoutExtension.interceptTestableMethod(TimeoutExtension.java:140)
        at org.junit.jupiter.engine.extension.TimeoutExtension.interceptTestMethod(TimeoutExtension.java:84)
        at org.junit.jupiter.engine.descriptor.TestMethodTestDescriptor$$Lambda$130/1076770748.apply(Unknown Source)
        at org.junit.jupiter.engine.execution.ExecutableInvoker$ReflectiveInterceptorCall.lambda$ofVoidMethod$0(ExecutableInvoker.java:115)
        at org.junit.jupiter.engine.execution.ExecutableInvoker$ReflectiveInterceptorCall$$Lambda$131/111156771.apply(Unknown Source)
        at org.junit.jupiter.engine.execution.ExecutableInvoker.lambda$invoke$0(ExecutableInvoker.java:105)
        at org.junit.jupiter.engine.execution.ExecutableInvoker$$Lambda$284/1041109062.apply(Unknown Source)
        at org.junit.jupiter.engine.execution.InvocationInterceptorChain$InterceptedInvocation.proceed(InvocationInterceptorChain.java:106)
        at org.junit.jupiter.engine.execution.InvocationInterceptorChain.proceed(InvocationInterceptorChain.java:64)
        at org.junit.jupiter.engine.execution.InvocationInterceptorChain.chainAndInvoke(InvocationInterceptorChain.java:45)
        at org.junit.jupiter.engine.execution.InvocationInterceptorChain.invoke(InvocationInterceptorChain.java:37)
        at org.junit.jupiter.engine.execution.ExecutableInvoker.invoke(ExecutableInvoker.java:104)
        at org.junit.jupiter.engine.execution.ExecutableInvoker.invoke(ExecutableInvoker.java:98)
        at org.junit.jupiter.engine.descriptor.TestMethodTestDescriptor.lambda$invokeTestMethod$7(TestMethodTestDescriptor.java:214)
        at org.junit.jupiter.engine.descriptor.TestMethodTestDescriptor$$Lambda$369/1159694255.execute(Unknown Source)
        at org.junit.platform.engine.support.hierarchical.ThrowableCollector.execute(ThrowableCollector.java:73)
        at org.junit.jupiter.engine.descriptor.TestMethodTestDescriptor.invokeTestMethod(TestMethodTestDescriptor.java:210)
        at org.junit.jupiter.engine.descriptor.TestMethodTestDescriptor.execute(TestMethodTestDescriptor.java:135)
        at org.junit.jupiter.engine.descriptor.TestMethodTestDescriptor.execute(TestMethodTestDescriptor.java:66)
        at org.junit.platform.engine.support.hierarchical.NodeTestTask.lambda$executeRecursively$6(NodeTestTask.java:151)
        at org.junit.platform.engine.support.hierarchical.NodeTestTask$$Lambda$227/902830499.execute(Unknown Source)
        at org.junit.platform.engine.support.hierarchical.ThrowableCollector.execute(ThrowableCollector.java:73)
        at org.junit.platform.engine.support.hierarchical.NodeTestTask.lambda$executeRecursively$8(NodeTestTask.java:141)
        at org.junit.platform.engine.support.hierarchical.NodeTestTask$$Lambda$226/1438030319.invoke(Unknown Source)
        at org.junit.platform.engine.support.hierarchical.Node.around(Node.java:137)
        at org.junit.platform.engine.support.hierarchical.NodeTestTask.lambda$executeRecursively$9(NodeTestTask.java:139)
        at org.junit.platform.engine.support.hierarchical.NodeTestTask$$Lambda$225/1083962448.execute(Unknown Source)
        at org.junit.platform.engine.support.hierarchical.ThrowableCollector.execute(ThrowableCollector.java:73)
        at org.junit.platform.engine.support.hierarchical.NodeTestTask.executeRecursively(NodeTestTask.java:138)
        at org.junit.platform.engine.support.hierarchical.NodeTestTask.execute(NodeTestTask.java:95)
        at org.junit.platform.engine.support.hierarchical.SameThreadHierarchicalTestExecutorService$$Lambda$231/825936265.accept(Unknown Source)
        at java.util.ArrayList.forEach(ArrayList.java:1259)
        at org.junit.platform.engine.support.hierarchical.SameThreadHierarchicalTestExecutorService.invokeAll(SameThreadHierarchicalTestExecutorService.java:41)
        at org.junit.platform.engine.support.hierarchical.NodeTestTask.lambda$executeRecursively$6(NodeTestTask.java:155)
        at org.junit.platform.engine.support.hierarchical.NodeTestTask$$Lambda$227/902830499.execute(Unknown Source)
        at org.junit.platform.engine.support.hierarchical.ThrowableCollector.execute(ThrowableCollector.java:73)
        at org.junit.platform.engine.support.hierarchical.NodeTestTask.lambda$executeRecursively$8(NodeTestTask.java:141)
        at org.junit.platform.engine.support.hierarchical.NodeTestTask$$Lambda$226/1438030319.invoke(Unknown Source)
        at org.junit.platform.engine.support.hierarchical.Node.around(Node.java:137)
        at org.junit.platform.engine.support.hierarchical.NodeTestTask.lambda$executeRecursively$9(NodeTestTask.java:139)
        at org.junit.platform.engine.support.hierarchical.NodeTestTask$$Lambda$225/1083962448.execute(Unknown Source)
        at org.junit.platform.engine.support.hierarchical.ThrowableCollector.execute(ThrowableCollector.java:73)
        at org.junit.platform.engine.support.hierarchical.NodeTestTask.executeRecursively(NodeTestTask.java:138)
        at org.junit.platform.engine.support.hierarchical.NodeTestTask.execute(NodeTestTask.java:95)
        at org.junit.platform.engine.support.hierarchical.SameThreadHierarchicalTestExecutorService$$Lambda$231/825936265.accept(Unknown Source)
        at java.util.ArrayList.forEach(ArrayList.java:1259)
        at org.junit.platform.engine.support.hierarchical.SameThreadHierarchicalTestExecutorService.invokeAll(SameThreadHierarchicalTestExecutorService.java:41)
        at org.junit.platform.engine.support.hierarchical.NodeTestTask.lambda$executeRecursively$6(NodeTestTask.java:155)
        at org.junit.platform.engine.support.hierarchical.NodeTestTask$$Lambda$227/902830499.execute(Unknown Source)
        at org.junit.platform.engine.support.hierarchical.ThrowableCollector.execute(ThrowableCollector.java:73)
        at org.junit.platform.engine.support.hierarchical.NodeTestTask.lambda$executeRecursively$8(NodeTestTask.java:141)
        at org.junit.platform.engine.support.hierarchical.NodeTestTask$$Lambda$226/1438030319.invoke(Unknown Source)
        at org.junit.platform.engine.support.hierarchical.Node.around(Node.java:137)
        at org.junit.platform.engine.support.hierarchical.NodeTestTask.lambda$executeRecursively$9(NodeTestTask.java:139)
        at org.junit.platform.engine.support.hierarchical.NodeTestTask$$Lambda$225/1083962448.execute(Unknown Source)
        at org.junit.platform.engine.support.hierarchical.ThrowableCollector.execute(ThrowableCollector.java:73)
        at org.junit.platform.engine.support.hierarchical.NodeTestTask.executeRecursively(NodeTestTask.java:138)
        at org.junit.platform.engine.support.hierarchical.NodeTestTask.execute(NodeTestTask.java:95)
        at org.junit.platform.engine.support.hierarchical.SameThreadHierarchicalTestExecutorService.submit(SameThreadHierarchicalTestExecutorService.java:35)
        at org.junit.platform.engine.support.hierarchical.HierarchicalTestExecutor.execute(HierarchicalTestExecutor.java:57)
        at org.junit.platform.engine.support.hierarchical.HierarchicalTestEngine.execute(HierarchicalTestEngine.java:54)
        at org.junit.platform.launcher.core.EngineExecutionOrchestrator.execute(EngineExecutionOrchestrator.java:107)
        at org.junit.platform.launcher.core.EngineExecutionOrchestrator.execute(EngineExecutionOrchestrator.java:88)
        at org.junit.platform.launcher.core.EngineExecutionOrchestrator.lambda$execute$0(EngineExecutionOrchestrator.java:54)
        at org.junit.platform.launcher.core.EngineExecutionOrchestrator$$Lambda$179/1585635178.accept(Unknown Source)
        at org.junit.platform.launcher.core.EngineExecutionOrchestrator.withInterceptedStreams(EngineExecutionOrchestrator.java:67)
        at org.junit.platform.launcher.core.EngineExecutionOrchestrator.execute(EngineExecutionOrchestrator.java:52)
        at org.junit.platform.launcher.core.DefaultLauncher.execute(DefaultLauncher.java:114)
        at org.junit.platform.launcher.core.DefaultLauncher.execute(DefaultLauncher.java:86)
        at org.junit.platform.launcher.core.DefaultLauncherSession$DelegatingLauncher.execute(DefaultLauncherSession.java:86)
        at org.junit.platform.launcher.core.SessionPerRequestLauncher.execute(SessionPerRequestLauncher.java:53)
        at org.apache.maven.surefire.junitplatform.JUnitPlatformProvider.execute(JUnitPlatformProvider.java:188)
        at org.apache.maven.surefire.junitplatform.JUnitPlatformProvider.invokeAllTests(JUnitPlatformProvider.java:154)
        at org.apache.maven.surefire.junitplatform.JUnitPlatformProvider.invoke(JUnitPlatformProvider.java:124)
        at org.apache.maven.surefire.booter.ForkedBooter.runSuitesInProcess(ForkedBooter.java:428)
        at org.apache.maven.surefire.booter.ForkedBooter.execute(ForkedBooter.java:162)
        at org.apache.maven.surefire.booter.ForkedBooter.run(ForkedBooter.java:562)
        at org.apache.maven.surefire.booter.ForkedBooter.main(ForkedBooter.java:548)
"CertificateLifetimeMonitor" daemon prio=5 tid=18 timed_waiting
java.lang.Thread.State: TIMED_WAITING
        at sun.misc.Unsafe.park(Native Method)
        at java.util.concurrent.locks.LockSupport.parkNanos(LockSupport.java:215)
        at java.util.concurrent.locks.AbstractQueuedSynchronizer$ConditionObject.awaitNanos(AbstractQueuedSynchronizer.java:2078)
        at java.util.concurrent.ScheduledThreadPoolExecutor$DelayedWorkQueue.take(ScheduledThreadPoolExecutor.java:1093)
        at java.util.concurrent.ScheduledThreadPoolExecutor$DelayedWorkQueue.take(ScheduledThreadPoolExecutor.java:809)
        at java.util.concurrent.ThreadPoolExecutor.getTask(ThreadPoolExecutor.java:1074)
        at java.util.concurrent.ThreadPoolExecutor.runWorker(ThreadPoolExecutor.java:1134)
        at java.util.concurrent.ThreadPoolExecutor$Worker.run(ThreadPoolExecutor.java:624)
        at java.lang.Thread.run(Thread.java:750)
"process reaper" daemon prio=10 tid=12 timed_waiting
java.lang.Thread.State: TIMED_WAITING
        at sun.misc.Unsafe.park(Native Method)
        at java.util.concurrent.locks.LockSupport.parkNanos(LockSupport.java:215)
        at java.util.concurrent.SynchronousQueue$TransferStack.awaitFulfill(SynchronousQueue.java:460)
        at java.util.concurrent.SynchronousQueue$TransferStack.transfer(SynchronousQueue.java:362)
        at java.util.concurrent.SynchronousQueue.poll(SynchronousQueue.java:941)
        at java.util.concurrent.ThreadPoolExecutor.getTask(ThreadPoolExecutor.java:1073)
        at java.util.concurrent.ThreadPoolExecutor.runWorker(ThreadPoolExecutor.java:1134)
        at java.util.concurrent.ThreadPoolExecutor$Worker.run(ThreadPoolExecutor.java:624)
        at java.lang.Thread.run(Thread.java:750)
"CertificateLifetimeMonitor" daemon prio=5 tid=16 timed_waiting
java.lang.Thread.State: TIMED_WAITING
        at sun.misc.Unsafe.park(Native Method)
        at java.util.concurrent.locks.LockSupport.parkNanos(LockSupport.java:215)
        at java.util.concurrent.locks.AbstractQueuedSynchronizer$ConditionObject.awaitNanos(AbstractQueuedSynchronizer.java:2078)
        at java.util.concurrent.ScheduledThreadPoolExecutor$DelayedWorkQueue.take(ScheduledThreadPoolExecutor.java:1093)
        at java.util.concurrent.ScheduledThreadPoolExecutor$DelayedWorkQueue.take(ScheduledThreadPoolExecutor.java:809)
        at java.util.concurrent.ThreadPoolExecutor.getTask(ThreadPoolExecutor.java:1074)
        at java.util.concurrent.ThreadPoolExecutor.runWorker(ThreadPoolExecutor.java:1134)
        at java.util.concurrent.ThreadPoolExecutor$Worker.run(ThreadPoolExecutor.java:624)
        at java.lang.Thread.run(Thread.java:750)
"CertificateLifetimeMonitor" daemon prio=5 tid=17 timed_waiting
java.lang.Thread.State: TIMED_WAITING
        at sun.misc.Unsafe.park(Native Method)
        at java.util.concurrent.locks.LockSupport.parkNanos(LockSupport.java:215)
        at java.util.concurrent.locks.AbstractQueuedSynchronizer$ConditionObject.awaitNanos(AbstractQueuedSynchronizer.java:2078)
        at java.util.concurrent.ScheduledThreadPoolExecutor$DelayedWorkQueue.take(ScheduledThreadPoolExecutor.java:1093)
        at java.util.concurrent.ScheduledThreadPoolExecutor$DelayedWorkQueue.take(ScheduledThreadPoolExecutor.java:809)
        at java.util.concurrent.ThreadPoolExecutor.getTask(ThreadPoolExecutor.java:1074)
        at java.util.concurrent.ThreadPoolExecutor.runWorker(ThreadPoolExecutor.java:1134)
        at java.util.concurrent.ThreadPoolExecutor$Worker.run(ThreadPoolExecutor.java:624)
        at java.lang.Thread.run(Thread.java:750)


	at org.apache.ozone.test.GenericTestUtils.waitFor(GenericTestUtils.java:231)
	at org.apache.hadoop.ozone.TestHddsSecureDatanodeInit.testCertificateRotation(TestHddsSecureDatanodeInit.java:330)
	at sun.reflect.NativeMethodAccessorImpl.invoke0(Native Method)
	at sun.reflect.NativeMethodAccessorImpl.invoke(NativeMethodAccessorImpl.java:62)
	at sun.reflect.DelegatingMethodAccessorImpl.invoke(DelegatingMethodAccessorImpl.java:43)
	at java.lang.reflect.Method.invoke(Method.java:498)
	at org.junit.platform.commons.util.ReflectionUtils.invokeMethod(ReflectionUtils.java:725)
	at org.junit.jupiter.engine.execution.MethodInvocation.proceed(MethodInvocation.java:60)
	at org.junit.jupiter.engine.execution.InvocationInterceptorChain$ValidatingInvocation.proceed(InvocationInterceptorChain.java:131)
	at org.junit.jupiter.engine.extension.TimeoutExtension.intercept(TimeoutExtension.java:149)
	at org.junit.jupiter.engine.extension.TimeoutExtension.interceptTestableMethod(TimeoutExtension.java:140)
	at org.junit.jupiter.engine.extension.TimeoutExtension.interceptTestMethod(TimeoutExtension.java:84)
	at org.junit.jupiter.engine.execution.ExecutableInvoker$ReflectiveInterceptorCall.lambda$ofVoidMethod$0(ExecutableInvoker.java:115)
	at org.junit.jupiter.engine.execution.ExecutableInvoker.lambda$invoke$0(ExecutableInvoker.java:105)
	at org.junit.jupiter.engine.execution.InvocationInterceptorChain$InterceptedInvocation.proceed(InvocationInterceptorChain.java:106)
	at org.junit.jupiter.engine.execution.InvocationInterceptorChain.proceed(InvocationInterceptorChain.java:64)
	at org.junit.jupiter.engine.execution.InvocationInterceptorChain.chainAndInvoke(InvocationInterceptorChain.java:45)
	at org.junit.jupiter.engine.execution.InvocationInterceptorChain.invoke(InvocationInterceptorChain.java:37)
	at org.junit.jupiter.engine.execution.ExecutableInvoker.invoke(ExecutableInvoker.java:104)
	at org.junit.jupiter.engine.execution.ExecutableInvoker.invoke(ExecutableInvoker.java:98)
	at org.junit.jupiter.engine.descriptor.TestMethodTestDescriptor.lambda$invokeTestMethod$7(TestMethodTestDescriptor.java:214)
	at org.junit.platform.engine.support.hierarchical.ThrowableCollector.execute(ThrowableCollector.java:73)
	at org.junit.jupiter.engine.descriptor.TestMethodTestDescriptor.invokeTestMethod(TestMethodTestDescriptor.java:210)
	at org.junit.jupiter.engine.descriptor.TestMethodTestDescriptor.execute(TestMethodTestDescriptor.java:135)
	at org.junit.jupiter.engine.descriptor.TestMethodTestDescriptor.execute(TestMethodTestDescriptor.java:66)
	at org.junit.platform.engine.support.hierarchical.NodeTestTask.lambda$executeRecursively$6(NodeTestTask.java:151)
	at org.junit.platform.engine.support.hierarchical.ThrowableCollector.execute(ThrowableCollector.java:73)
	at org.junit.platform.engine.support.hierarchical.NodeTestTask.lambda$executeRecursively$8(NodeTestTask.java:141)
	at org.junit.platform.engine.support.hierarchical.Node.around(Node.java:137)
	at org.junit.platform.engine.support.hierarchical.NodeTestTask.lambda$executeRecursively$9(NodeTestTask.java:139)
	at org.junit.platform.engine.support.hierarchical.ThrowableCollector.execute(ThrowableCollector.java:73)
	at org.junit.platform.engine.support.hierarchical.NodeTestTask.executeRecursively(NodeTestTask.java:138)
	at org.junit.platform.engine.support.hierarchical.NodeTestTask.execute(NodeTestTask.java:95)
	at java.util.ArrayList.forEach(ArrayList.java:1259)
	at org.junit.platform.engine.support.hierarchical.SameThreadHierarchicalTestExecutorService.invokeAll(SameThreadHierarchicalTestExecutorService.java:41)
	at org.junit.platform.engine.support.hierarchical.NodeTestTask.lambda$executeRecursively$6(NodeTestTask.java:155)
	at org.junit.platform.engine.support.hierarchical.ThrowableCollector.execute(ThrowableCollector.java:73)
	at org.junit.platform.engine.support.hierarchical.NodeTestTask.lambda$executeRecursively$8(NodeTestTask.java:141)
	at org.junit.platform.engine.support.hierarchical.Node.around(Node.java:137)
	at org.junit.platform.engine.support.hierarchical.NodeTestTask.lambda$executeRecursively$9(NodeTestTask.java:139)
	at org.junit.platform.engine.support.hierarchical.ThrowableCollector.execute(ThrowableCollector.java:73)
	at org.junit.platform.engine.support.hierarchical.NodeTestTask.executeRecursively(NodeTestTask.java:138)
	at org.junit.platform.engine.support.hierarchical.NodeTestTask.execute(NodeTestTask.java:95)
	at java.util.ArrayList.forEach(ArrayList.java:1259)
	at org.junit.platform.engine.support.hierarchical.SameThreadHierarchicalTestExecutorService.invokeAll(SameThreadHierarchicalTestExecutorService.java:41)
	at org.junit.platform.engine.support.hierarchical.NodeTestTask.lambda$executeRecursively$6(NodeTestTask.java:155)
	at org.junit.platform.engine.support.hierarchical.ThrowableCollector.execute(ThrowableCollector.java:73)
	at org.junit.platform.engine.support.hierarchical.NodeTestTask.lambda$executeRecursively$8(NodeTestTask.java:141)
	at org.junit.platform.engine.support.hierarchical.Node.around(Node.java:137)
	at org.junit.platform.engine.support.hierarchical.NodeTestTask.lambda$executeRecursively$9(NodeTestTask.java:139)
	at org.junit.platform.engine.support.hierarchical.ThrowableCollector.execute(ThrowableCollector.java:73)
	at org.junit.platform.engine.support.hierarchical.NodeTestTask.executeRecursively(NodeTestTask.java:138)
	at org.junit.platform.engine.support.hierarchical.NodeTestTask.execute(NodeTestTask.java:95)
	at org.junit.platform.engine.support.hierarchical.SameThreadHierarchicalTestExecutorService.submit(SameThreadHierarchicalTestExecutorService.java:35)
	at org.junit.platform.engine.support.hierarchical.HierarchicalTestExecutor.execute(HierarchicalTestExecutor.java:57)
	at org.junit.platform.engine.support.hierarchical.HierarchicalTestEngine.execute(HierarchicalTestEngine.java:54)
	at org.junit.platform.launcher.core.EngineExecutionOrchestrator.execute(EngineExecutionOrchestrator.java:107)
	at org.junit.platform.launcher.core.EngineExecutionOrchestrator.execute(EngineExecutionOrchestrator.java:88)
	at org.junit.platform.launcher.core.EngineExecutionOrchestrator.lambda$execute$0(EngineExecutionOrchestrator.java:54)
	at org.junit.platform.launcher.core.EngineExecutionOrchestrator.withInterceptedStreams(EngineExecutionOrchestrator.java:67)
	at org.junit.platform.launcher.core.EngineExecutionOrchestrator.execute(EngineExecutionOrchestrator.java:52)
	at org.junit.platform.launcher.core.DefaultLauncher.execute(DefaultLauncher.java:114)
	at org.junit.platform.launcher.core.DefaultLauncher.execute(DefaultLauncher.java:86)
	at org.junit.platform.launcher.core.DefaultLauncherSession$DelegatingLauncher.execute(DefaultLauncherSession.java:86)
	at org.junit.platform.launcher.core.SessionPerRequestLauncher.execute(SessionPerRequestLauncher.java:53)
	at org.apache.maven.surefire.junitplatform.JUnitPlatformProvider.execute(JUnitPlatformProvider.java:188)
	at org.apache.maven.surefire.junitplatform.JUnitPlatformProvider.invokeAllTests(JUnitPlatformProvider.java:154)
	at org.apache.maven.surefire.junitplatform.JUnitPlatformProvider.invoke(JUnitPlatformProvider.java:124)
	at org.apache.maven.surefire.booter.ForkedBooter.runSuitesInProcess(ForkedBooter.java:428)
	at org.apache.maven.surefire.booter.ForkedBooter.execute(ForkedBooter.java:162)
	at org.apache.maven.surefire.booter.ForkedBooter.run(ForkedBooter.java:562)
	at org.apache.maven.surefire.booter.ForkedBooter.main(ForkedBooter.java:548)
]]></error>
    <system-out><![CDATA[2023-01-06 09:51:32,401 [main] INFO  client.DNCertificateClient (DefaultCertificateClient.java:loadAllCertificates(177)) - Loading certificate from location:/home/runner/work/ozone/ozone/hadoop-hdds/container-service/target/test-dir/PjBx01n9A5/dn/certs.
2023-01-06 09:51:32,402 [main] WARN  client.DNCertificateClient (DefaultCertificateClient.java:loadAllCertificates(242)) - CertificateLifetimeMonitor is not started this time because certificate is empty.
2023-01-06 09:51:33,709 [main] INFO  utils.SelfSignedCertificate (SelfSignedCertificate.java:generateCertificate(155)) - Certificate 1268720 is issued by CN=localhost,OU=test,O=cluster to CN=localhost,OU=test,O=cluster, valid from Fri Jan 06 09:51:38 UTC 2023 to Fri Jan 06 09:51:53 UTC 2023
2023-01-06 09:51:33,862 [main] INFO  client.DNCertificateClient (DefaultCertificateClient.java:loadAllCertificates(177)) - Loading certificate from location:/home/runner/work/ozone/ozone/hadoop-hdds/container-service/target/test-dir/PjBx01n9A5/dn/certs.
2023-01-06 09:51:33,869 [main] INFO  client.DNCertificateClient (DefaultCertificateClient.java:loadAllCertificates(218)) - Added certificate [
[
  Version: V3
  Subject: O=cluster, OU=test, CN=localhost
  Signature Algorithm: SHA256withRSA, OID = 1.2.840.113549.1.1.11

  Key:  Sun RSA public key, 2048 bits
  params: null
  modulus: 19646150364523045273648102119778835728390449190365366142777841167927485005661904767664133241893452870431559347972320316130322280694963788694213164144325212896775499560897140524913915621999252700181737924730598985115524590302614906347601812838972739040714583639046525620659818928497854019311675836004534360639985030421799124954972165195437523706255485066035741884365379856638374140616255846080497260146635784248235491010713591319697768735106492195030367081920226521965417694118820437424176160209410605216962616632061593909658897129046093666902159327118678713820739134217415625675639398905545887332451086133622193590567
  public exponent: 65537
  Validity: [From: Fri Jan 06 09:51:31 UTC 2023,
               To: Fri Jan 06 09:51:46 UTC 2023]
  Issuer: O=cluster, OU=test, CN=localhost
  SerialNumber: [    135425]

]
  Algorithm: [SHA256withRSA]
  Signature:
0000: 7D 2B F2 91 C1 F8 51 4B   BE 7D 46 3E A0 97 61 49  .+....QK..F>..aI
0010: BE A5 10 52 25 23 1D 00   88 E0 66 FE DC 05 87 C8  ...R%#....f.....
0020: 1D 65 A9 E4 95 21 28 12   01 0F 26 66 7C E2 7E 53  .e...!(...&f...S
0030: BF D4 C6 1F E4 B3 27 F5   32 57 EE 6E 72 A7 91 22  ......'.2W.nr.."
0040: D4 94 2C B2 AB B7 3F 9E   2B 87 2F 5F 43 E7 18 62  ..,...?.+./_C..b
0050: 27 7E 83 18 D7 0C AB 88   BB D0 4D 96 AB A3 54 32  '.........M...T2
0060: 3E F8 D1 B5 19 C8 AF 55   CF C7 1F AC CF 50 5E 31  >......U.....P^1
0070: 0C 4D 66 FB 65 39 80 38   E3 90 3C 17 E8 73 A4 2C  .Mf.e9.8..<..s.,
0080: DF 0F 99 89 C7 6E 89 CA   19 74 78 FF 15 1C 30 4D  .....n...tx...0M
0090: AB 76 23 2F C3 19 AF 92   EE 32 AD 1A 52 BF 37 D7  .v#/.....2..R.7.
00A0: 99 82 95 50 95 1E 56 D8   05 58 DB 10 19 FC 25 90  ...P..V..X....%.
00B0: 06 57 2D A3 E3 85 E6 D1   05 D9 C7 C3 6E 35 4A 6A  .W-.........n5Jj
00C0: 52 3E 85 75 D9 F6 28 CB   84 37 DE 65 10 E0 4B 79  R>.u..(..7.e..Ky
00D0: D4 35 E7 93 BC 08 DB 93   25 6D E5 E3 01 69 88 FC  .5......%m...i..
00E0: 1C 80 44 AC 8F 45 06 4B   E6 76 8F 03 3A 06 67 CE  ..D..E.K.v..:.g.
00F0: 89 7A DA F8 CD 75 FF 1D   C6 EF 3C 90 5A 6B 3D D8  .z...u....<.Zk=.

] from file:/home/runner/work/ozone/ozone/hadoop-hdds/container-service/target/test-dir/PjBx01n9A5/dn/certs/certificate.crt.
2023-01-06 09:51:33,871 [main] INFO  client.DNCertificateClient (DefaultCertificateClient.java:startCertificateMonitor(1393)) - CertificateLifetimeMonitor is started with first delay 7130 ms and interval 1666 ms.
2023-01-06 09:51:33,871 [main] INFO  client.DNCertificateClient (DefaultCertificateClient.java:startCertificateMonitor(1393)) - CertificateLifetimeMonitor is started with first delay 7129 ms and interval 1666 ms.
2023-01-06 09:51:41,001 [CertificateLifetimeMonitor] INFO  client.DNCertificateClient (DefaultCertificateClient.java:run(1410)) - Current certificate has entered the expiry grace period PT0S. Starting renew key and certs.
2023-01-06 09:51:41,001 [CertificateLifetimeMonitor] INFO  client.DNCertificateClient (DefaultCertificateClient.java:run(1410)) - Current certificate has entered the expiry grace period PT0S. Starting renew key and certs.
2023-01-06 09:51:41,006 [CertificateLifetimeMonitor] INFO  client.DNCertificateClient (DefaultCertificateClient.java:run(1410)) - Current certificate has entered the expiry grace period PT0S. Starting renew key and certs.
2023-01-06 09:51:41,001 [CertificateLifetimeMonitor] INFO  client.DNCertificateClient (DefaultCertificateClient.java:run(1410)) - Current certificate has entered the expiry grace period PT0S. Starting renew key and certs.
2023-01-06 09:51:41,001 [CertificateLifetimeMonitor] INFO  client.DNCertificateClient (DefaultCertificateClient.java:run(1410)) - Current certificate has entered the expiry grace period PT0S. Starting renew key and certs.
2023-01-06 09:51:41,010 [CertificateLifetimeMonitor] INFO  client.DNCertificateClient (DefaultCertificateClient.java:run(1410)) - Current certificate has entered the expiry grace period PT0S. Starting renew key and certs.
2023-01-06 09:51:41,906 [CertificateLifetimeMonitor] INFO  ozone.OzoneSecurityUtil (OzoneSecurityUtil.java:getValidInetsForCurrentHost(119)) - ip:fe80:0:0:0:20d:3aff:fef6:a12e%eth0 not returned.
2023-01-06 09:51:41,907 [CertificateLifetimeMonitor] INFO  ozone.OzoneSecurityUtil (OzoneSecurityUtil.java:getValidInetsForCurrentHost(116)) - Adding ip:10.1.0.8,host:fv-az844-354.kvdfyhrxhd0epk3sa4trub4njc.xx.internal.cloudapp.net
2023-01-06 09:51:41,910 [CertificateLifetimeMonitor] INFO  ozone.OzoneSecurityUtil (OzoneSecurityUtil.java:getValidInetsForCurrentHost(119)) - ip:0:0:0:0:0:0:0:1%lo not returned.
2023-01-06 09:51:41,912 [CertificateLifetimeMonitor] INFO  ozone.OzoneSecurityUtil (OzoneSecurityUtil.java:getValidInetsForCurrentHost(119)) - ip:127.0.0.1 not returned.
2023-01-06 09:51:41,913 [CertificateLifetimeMonitor] INFO  client.DNCertificateClient (DNCertificateClient.java:getCSRBuilder(98)) - Created csr for DN-> subject:runner@fv-az844-354.kvdfyhrxhd0epk3sa4trub4njc.xx.internal.cloudapp.net
2023-01-06 09:51:41,966 [CertificateLifetimeMonitor] ERROR client.DNCertificateClient (DefaultCertificateClient.java:run(1423)) - Failed to renew and store key and cert. Keep using existing certificates.
org.apache.hadoop.hdds.security.x509.exceptions.CertificateException: Error while signing and storing new certificates.
	at org.apache.hadoop.hdds.security.x509.certificate.client.DefaultCertificateClient.renewAndStoreKeyAndCertificate(DefaultCertificateClient.java:1185)
	at org.apache.hadoop.hdds.security.x509.certificate.client.DefaultCertificateClient$CertificateLifetimeMonitor.run(DefaultCertificateClient.java:1413)
	at java.util.concurrent.Executors$RunnableAdapter.call(Executors.java:511)
	at java.util.concurrent.FutureTask.runAndReset(FutureTask.java:308)
	at java.util.concurrent.ScheduledThreadPoolExecutor$ScheduledFutureTask.access$301(ScheduledThreadPoolExecutor.java:180)
	at java.util.concurrent.ScheduledThreadPoolExecutor$ScheduledFutureTask.run(ScheduledThreadPoolExecutor.java:294)
	at java.util.concurrent.ThreadPoolExecutor.runWorker(ThreadPoolExecutor.java:1149)
	at java.util.concurrent.ThreadPoolExecutor$Worker.run(ThreadPoolExecutor.java:624)
	at java.lang.Thread.run(Thread.java:750)
Caused by: org.apache.hadoop.hdds.conf.ConfigurationException: SCM Client Address could not be obtained from config. Config is not properly defined
	at org.apache.hadoop.hdds.scm.proxy.SCMSecurityProtocolFailoverProxyProvider.loadConfigs(SCMSecurityProtocolFailoverProxyProvider.java:120)
	at org.apache.hadoop.hdds.scm.proxy.SCMSecurityProtocolFailoverProxyProvider.<init>(SCMSecurityProtocolFailoverProxyProvider.java:105)
	at org.apache.hadoop.hdds.utils.HddsServerUtil.getScmSecurityClientWithMaxRetry(HddsServerUtil.java:467)
	at org.apache.hadoop.hdds.security.x509.certificate.client.DefaultCertificateClient.getScmSecureClient(DefaultCertificateClient.java:1363)
	at org.apache.hadoop.hdds.security.x509.certificate.client.DNCertificateClient.signAndStoreCertificate(DNCertificateClient.java:113)
	at org.apache.hadoop.hdds.security.x509.certificate.client.DefaultCertificateClient.renewAndStoreKeyAndCertificate(DefaultCertificateClient.java:1182)
	... 8 more
2023-01-06 09:51:42,278 [CertificateLifetimeMonitor] ERROR client.DNCertificateClient (DefaultCertificateClient.java:createKeyPair(967)) - Error while bootstrapping certificate client.
java.io.IOException: Private key already exist.
	at org.apache.hadoop.hdds.security.x509.keys.KeyCodec.writePublicKey(KeyCodec.java:197)
	at org.apache.hadoop.hdds.security.x509.certificate.client.DefaultCertificateClient.createKeyPair(DefaultCertificateClient.java:963)
	at org.apache.hadoop.hdds.security.x509.certificate.client.DefaultCertificateClient.renewAndStoreKeyAndCertificate(DefaultCertificateClient.java:1172)
	at org.apache.hadoop.hdds.security.x509.certificate.client.DefaultCertificateClient$CertificateLifetimeMonitor.run(DefaultCertificateClient.java:1413)
	at java.util.concurrent.Executors$RunnableAdapter.call(Executors.java:511)
	at java.util.concurrent.FutureTask.runAndReset(FutureTask.java:308)
	at java.util.concurrent.ScheduledThreadPoolExecutor$ScheduledFutureTask.access$301(ScheduledThreadPoolExecutor.java:180)
	at java.util.concurrent.ScheduledThreadPoolExecutor$ScheduledFutureTask.run(ScheduledThreadPoolExecutor.java:294)
	at java.util.concurrent.ThreadPoolExecutor.runWorker(ThreadPoolExecutor.java:1149)
	at java.util.concurrent.ThreadPoolExecutor$Worker.run(ThreadPoolExecutor.java:624)
	at java.lang.Thread.run(Thread.java:750)
2023-01-06 09:51:42,279 [CertificateLifetimeMonitor] ERROR client.DNCertificateClient (DefaultCertificateClient.java:run(1423)) - Failed to renew and store key and cert. Keep using existing certificates.
org.apache.hadoop.hdds.security.x509.exceptions.CertificateException: Error while creating new key pair.
	at org.apache.hadoop.hdds.security.x509.certificate.client.DefaultCertificateClient.renewAndStoreKeyAndCertificate(DefaultCertificateClient.java:1174)
	at org.apache.hadoop.hdds.security.x509.certificate.client.DefaultCertificateClient$CertificateLifetimeMonitor.run(DefaultCertificateClient.java:1413)
	at java.util.concurrent.Executors$RunnableAdapter.call(Executors.java:511)
	at java.util.concurrent.FutureTask.runAndReset(FutureTask.java:308)
	at java.util.concurrent.ScheduledThreadPoolExecutor$ScheduledFutureTask.access$301(ScheduledThreadPoolExecutor.java:180)
	at java.util.concurrent.ScheduledThreadPoolExecutor$ScheduledFutureTask.run(ScheduledThreadPoolExecutor.java:294)
	at java.util.concurrent.ThreadPoolExecutor.runWorker(ThreadPoolExecutor.java:1149)
	at java.util.concurrent.ThreadPoolExecutor$Worker.run(ThreadPoolExecutor.java:624)
	at java.lang.Thread.run(Thread.java:750)
Caused by: org.apache.hadoop.hdds.security.x509.exceptions.CertificateException: Error while bootstrapping certificate.
	at org.apache.hadoop.hdds.security.x509.certificate.client.DefaultCertificateClient.createKeyPair(DefaultCertificateClient.java:968)
	at org.apache.hadoop.hdds.security.x509.certificate.client.DefaultCertificateClient.renewAndStoreKeyAndCertificate(DefaultCertificateClient.java:1172)
	... 8 more
2023-01-06 09:51:42,338 [CertificateLifetimeMonitor] ERROR client.DNCertificateClient (DefaultCertificateClient.java:createKeyPair(967)) - Error while bootstrapping certificate client.
java.io.IOException: Private key already exist.
	at org.apache.hadoop.hdds.security.x509.keys.KeyCodec.writePublicKey(KeyCodec.java:197)
	at org.apache.hadoop.hdds.security.x509.certificate.client.DefaultCertificateClient.createKeyPair(DefaultCertificateClient.java:963)
	at org.apache.hadoop.hdds.security.x509.certificate.client.DefaultCertificateClient.renewAndStoreKeyAndCertificate(DefaultCertificateClient.java:1172)
	at org.apache.hadoop.hdds.security.x509.certificate.client.DefaultCertificateClient$CertificateLifetimeMonitor.run(DefaultCertificateClient.java:1413)
	at java.util.concurrent.Executors$RunnableAdapter.call(Executors.java:511)
	at java.util.concurrent.FutureTask.runAndReset(FutureTask.java:308)
	at java.util.concurrent.ScheduledThreadPoolExecutor$ScheduledFutureTask.access$301(ScheduledThreadPoolExecutor.java:180)
	at java.util.concurrent.ScheduledThreadPoolExecutor$ScheduledFutureTask.run(ScheduledThreadPoolExecutor.java:294)
	at java.util.concurrent.ThreadPoolExecutor.runWorker(ThreadPoolExecutor.java:1149)
	at java.util.concurrent.ThreadPoolExecutor$Worker.run(ThreadPoolExecutor.java:624)
	at java.lang.Thread.run(Thread.java:750)
2023-01-06 09:51:42,338 [CertificateLifetimeMonitor] ERROR client.DNCertificateClient (DefaultCertificateClient.java:run(1423)) - Failed to renew and store key and cert. Keep using existing certificates.
org.apache.hadoop.hdds.security.x509.exceptions.CertificateException: Error while creating new key pair.
	at org.apache.hadoop.hdds.security.x509.certificate.client.DefaultCertificateClient.renewAndStoreKeyAndCertificate(DefaultCertificateClient.java:1174)
	at org.apache.hadoop.hdds.security.x509.certificate.client.DefaultCertificateClient$CertificateLifetimeMonitor.run(DefaultCertificateClient.java:1413)
	at java.util.concurrent.Executors$RunnableAdapter.call(Executors.java:511)
	at java.util.concurrent.FutureTask.runAndReset(FutureTask.java:308)
	at java.util.concurrent.ScheduledThreadPoolExecutor$ScheduledFutureTask.access$301(ScheduledThreadPoolExecutor.java:180)
	at java.util.concurrent.ScheduledThreadPoolExecutor$ScheduledFutureTask.run(ScheduledThreadPoolExecutor.java:294)
	at java.util.concurrent.ThreadPoolExecutor.runWorker(ThreadPoolExecutor.java:1149)
	at java.util.concurrent.ThreadPoolExecutor$Worker.run(ThreadPoolExecutor.java:624)
	at java.lang.Thread.run(Thread.java:750)
Caused by: org.apache.hadoop.hdds.security.x509.exceptions.CertificateException: Error while bootstrapping certificate.
	at org.apache.hadoop.hdds.security.x509.certificate.client.DefaultCertificateClient.createKeyPair(DefaultCertificateClient.java:968)
	at org.apache.hadoop.hdds.security.x509.certificate.client.DefaultCertificateClient.renewAndStoreKeyAndCertificate(DefaultCertificateClient.java:1172)
	... 8 more
2023-01-06 09:51:42,503 [CertificateLifetimeMonitor] ERROR client.DNCertificateClient (DefaultCertificateClient.java:createKeyPair(967)) - Error while bootstrapping certificate client.
java.io.IOException: Private key already exist.
	at org.apache.hadoop.hdds.security.x509.keys.KeyCodec.writePublicKey(KeyCodec.java:197)
	at org.apache.hadoop.hdds.security.x509.certificate.client.DefaultCertificateClient.createKeyPair(DefaultCertificateClient.java:963)
	at org.apache.hadoop.hdds.security.x509.certificate.client.DefaultCertificateClient.renewAndStoreKeyAndCertificate(DefaultCertificateClient.java:1172)
	at org.apache.hadoop.hdds.security.x509.certificate.client.DefaultCertificateClient$CertificateLifetimeMonitor.run(DefaultCertificateClient.java:1413)
	at java.util.concurrent.Executors$RunnableAdapter.call(Executors.java:511)
	at java.util.concurrent.FutureTask.runAndReset(FutureTask.java:308)
	at java.util.concurrent.ScheduledThreadPoolExecutor$ScheduledFutureTask.access$301(ScheduledThreadPoolExecutor.java:180)
	at java.util.concurrent.ScheduledThreadPoolExecutor$ScheduledFutureTask.run(ScheduledThreadPoolExecutor.java:294)
	at java.util.concurrent.ThreadPoolExecutor.runWorker(ThreadPoolExecutor.java:1149)
	at java.util.concurrent.ThreadPoolExecutor$Worker.run(ThreadPoolExecutor.java:624)
	at java.lang.Thread.run(Thread.java:750)
2023-01-06 09:51:42,503 [CertificateLifetimeMonitor] ERROR client.DNCertificateClient (DefaultCertificateClient.java:run(1423)) - Failed to renew and store key and cert. Keep using existing certificates.
org.apache.hadoop.hdds.security.x509.exceptions.CertificateException: Error while creating new key pair.
	at org.apache.hadoop.hdds.security.x509.certificate.client.DefaultCertificateClient.renewAndStoreKeyAndCertificate(DefaultCertificateClient.java:1174)
	at org.apache.hadoop.hdds.security.x509.certificate.client.DefaultCertificateClient$CertificateLifetimeMonitor.run(DefaultCertificateClient.java:1413)
	at java.util.concurrent.Executors$RunnableAdapter.call(Executors.java:511)
	at java.util.concurrent.FutureTask.runAndReset(FutureTask.java:308)
	at java.util.concurrent.ScheduledThreadPoolExecutor$ScheduledFutureTask.access$301(ScheduledThreadPoolExecutor.java:180)
	at java.util.concurrent.ScheduledThreadPoolExecutor$ScheduledFutureTask.run(ScheduledThreadPoolExecutor.java:294)
	at java.util.concurrent.ThreadPoolExecutor.runWorker(ThreadPoolExecutor.java:1149)
	at java.util.concurrent.ThreadPoolExecutor$Worker.run(ThreadPoolExecutor.java:624)
	at java.lang.Thread.run(Thread.java:750)
Caused by: org.apache.hadoop.hdds.security.x509.exceptions.CertificateException: Error while bootstrapping certificate.
	at org.apache.hadoop.hdds.security.x509.certificate.client.DefaultCertificateClient.createKeyPair(DefaultCertificateClient.java:968)
	at org.apache.hadoop.hdds.security.x509.certificate.client.DefaultCertificateClient.renewAndStoreKeyAndCertificate(DefaultCertificateClient.java:1172)
	... 8 more
2023-01-06 09:51:42,666 [CertificateLifetimeMonitor] INFO  client.DNCertificateClient (DefaultCertificateClient.java:run(1410)) - Current certificate has entered the expiry grace period PT0S. Starting renew key and certs.
2023-01-06 09:51:42,669 [CertificateLifetimeMonitor] INFO  client.DNCertificateClient (DefaultCertificateClient.java:run(1410)) - Current certificate has entered the expiry grace period PT0S. Starting renew key and certs.
2023-01-06 09:51:42,669 [CertificateLifetimeMonitor] INFO  client.DNCertificateClient (DefaultCertificateClient.java:run(1410)) - Current certificate has entered the expiry grace period PT0S. Starting renew key and certs.
2023-01-06 09:51:42,669 [CertificateLifetimeMonitor] INFO  client.DNCertificateClient (DefaultCertificateClient.java:run(1410)) - Current certificate has entered the expiry grace period PT0S. Starting renew key and certs.
2023-01-06 09:51:42,684 [CertificateLifetimeMonitor] INFO  ozone.OzoneSecurityUtil (OzoneSecurityUtil.java:getValidInetsForCurrentHost(119)) - ip:fe80:0:0:0:20d:3aff:fef6:a12e%eth0 not returned.
2023-01-06 09:51:42,685 [CertificateLifetimeMonitor] INFO  ozone.OzoneSecurityUtil (OzoneSecurityUtil.java:getValidInetsForCurrentHost(116)) - Adding ip:10.1.0.8,host:fv-az844-354.kvdfyhrxhd0epk3sa4trub4njc.xx.internal.cloudapp.net
2023-01-06 09:51:42,688 [CertificateLifetimeMonitor] INFO  ozone.OzoneSecurityUtil (OzoneSecurityUtil.java:getValidInetsForCurrentHost(119)) - ip:0:0:0:0:0:0:0:1%lo not returned.
2023-01-06 09:51:42,694 [CertificateLifetimeMonitor] ERROR client.DNCertificateClient (DefaultCertificateClient.java:run(1423)) - Failed to renew and store key and cert. Keep using existing certificates.
org.apache.hadoop.hdds.security.x509.exceptions.CertificateException: Error while deleting/creating /home/runner/work/ozone/ozone/hadoop-hdds/container-service/target/test-dir/PjBx01n9A5/dn/keys-next or /home/runner/work/ozone/ozone/hadoop-hdds/container-service/target/test-dir/PjBx01n9A5/dn/certs-next directories to cleanup  certificate storage. 
	at org.apache.hadoop.hdds.security.x509.certificate.client.DefaultCertificateClient.renewAndStoreKeyAndCertificate(DefaultCertificateClient.java:1163)
	at org.apache.hadoop.hdds.security.x509.certificate.client.DefaultCertificateClient$CertificateLifetimeMonitor.run(DefaultCertificateClient.java:1413)
	at java.util.concurrent.Executors$RunnableAdapter.call(Executors.java:511)
	at java.util.concurrent.FutureTask.runAndReset(FutureTask.java:308)
	at java.util.concurrent.ScheduledThreadPoolExecutor$ScheduledFutureTask.access$301(ScheduledThreadPoolExecutor.java:180)
	at java.util.concurrent.ScheduledThreadPoolExecutor$ScheduledFutureTask.run(ScheduledThreadPoolExecutor.java:294)
	at java.util.concurrent.ThreadPoolExecutor.runWorker(ThreadPoolExecutor.java:1149)
	at java.util.concurrent.ThreadPoolExecutor$Worker.run(ThreadPoolExecutor.java:624)
	at java.lang.Thread.run(Thread.java:750)
Caused by: org.apache.commons.io.IOExceptionList: /home/runner/work/ozone/ozone/hadoop-hdds/container-service/target/test-dir/PjBx01n9A5/dn/keys-next
	at org.apache.commons.io.FileUtils.cleanDirectory(FileUtils.java:331)
	at org.apache.commons.io.FileUtils.deleteDirectory(FileUtils.java:1192)
	at org.apache.hadoop.hdds.security.x509.certificate.client.DefaultCertificateClient.renewAndStoreKeyAndCertificate(DefaultCertificateClient.java:1158)
	... 8 more
Caused by: java.io.IOException: Cannot delete file: /home/runner/work/ozone/ozone/hadoop-hdds/container-service/target/test-dir/PjBx01n9A5/dn/keys-next/private.pem
	at org.apache.commons.io.FileUtils.forceDelete(FileUtils.java:1344)
	at org.apache.commons.io.FileUtils.cleanDirectory(FileUtils.java:324)
	... 10 more
Caused by: java.nio.file.NoSuchFileException: /home/runner/work/ozone/ozone/hadoop-hdds/container-service/target/test-dir/PjBx01n9A5/dn/keys-next/private.pem
	at sun.nio.fs.UnixException.translateToIOException(UnixException.java:86)
	at sun.nio.fs.UnixException.rethrowAsIOException(UnixException.java:102)
	at sun.nio.fs.UnixException.rethrowAsIOException(UnixException.java:107)
	at sun.nio.fs.UnixFileAttributeViews$Posix.readAttributes(UnixFileAttributeViews.java:218)
	at sun.nio.fs.UnixFileAttributeViews$Posix.readAttributes(UnixFileAttributeViews.java:131)
	at org.apache.commons.io.file.PathUtils.setReadOnly(PathUtils.java:927)
	at org.apache.commons.io.file.PathUtils.deleteFile(PathUtils.java:485)
	at org.apache.commons.io.file.PathUtils.delete(PathUtils.java:392)
	at org.apache.commons.io.FileUtils.forceDelete(FileUtils.java:1341)
	... 11 more
2023-01-06 09:51:42,694 [CertificateLifetimeMonitor] ERROR client.DNCertificateClient (DefaultCertificateClient.java:run(1423)) - Failed to renew and store key and cert. Keep using existing certificates.
org.apache.hadoop.hdds.security.x509.exceptions.CertificateException: Error while deleting/creating /home/runner/work/ozone/ozone/hadoop-hdds/container-service/target/test-dir/PjBx01n9A5/dn/keys-next or /home/runner/work/ozone/ozone/hadoop-hdds/container-service/target/test-dir/PjBx01n9A5/dn/certs-next directories to cleanup  certificate storage. 
	at org.apache.hadoop.hdds.security.x509.certificate.client.DefaultCertificateClient.renewAndStoreKeyAndCertificate(DefaultCertificateClient.java:1163)
	at org.apache.hadoop.hdds.security.x509.certificate.client.DefaultCertificateClient$CertificateLifetimeMonitor.run(DefaultCertificateClient.java:1413)
	at java.util.concurrent.Executors$RunnableAdapter.call(Executors.java:511)
	at java.util.concurrent.FutureTask.runAndReset(FutureTask.java:308)
	at java.util.concurrent.ScheduledThreadPoolExecutor$ScheduledFutureTask.access$301(ScheduledThreadPoolExecutor.java:180)
	at java.util.concurrent.ScheduledThreadPoolExecutor$ScheduledFutureTask.run(ScheduledThreadPoolExecutor.java:294)
	at java.util.concurrent.ThreadPoolExecutor.runWorker(ThreadPoolExecutor.java:1149)
	at java.util.concurrent.ThreadPoolExecutor$Worker.run(ThreadPoolExecutor.java:624)
	at java.lang.Thread.run(Thread.java:750)
Caused by: org.apache.commons.io.IOExceptionList: /home/runner/work/ozone/ozone/hadoop-hdds/container-service/target/test-dir/PjBx01n9A5/dn/keys-next
	at org.apache.commons.io.FileUtils.cleanDirectory(FileUtils.java:331)
	at org.apache.commons.io.FileUtils.deleteDirectory(FileUtils.java:1192)
	at org.apache.hadoop.hdds.security.x509.certificate.client.DefaultCertificateClient.renewAndStoreKeyAndCertificate(DefaultCertificateClient.java:1158)
	... 8 more
Caused by: java.io.IOException: Cannot delete file: /home/runner/work/ozone/ozone/hadoop-hdds/container-service/target/test-dir/PjBx01n9A5/dn/keys-next/private.pem
	at org.apache.commons.io.FileUtils.forceDelete(FileUtils.java:1344)
	at org.apache.commons.io.FileUtils.cleanDirectory(FileUtils.java:324)
	... 10 more
Caused by: java.nio.file.NoSuchFileException: /home/runner/work/ozone/ozone/hadoop-hdds/container-service/target/test-dir/PjBx01n9A5/dn/keys-next/private.pem
	at sun.nio.fs.UnixException.translateToIOException(UnixException.java:86)
	at sun.nio.fs.UnixException.rethrowAsIOException(UnixException.java:102)
	at sun.nio.fs.UnixException.rethrowAsIOException(UnixException.java:107)
	at sun.nio.fs.UnixFileAttributeViews$Posix.readAttributes(UnixFileAttributeViews.java:218)
	at sun.nio.fs.UnixFileAttributeViews$Posix.readAttributes(UnixFileAttributeViews.java:131)
	at org.apache.commons.io.file.PathUtils.setReadOnly(PathUtils.java:927)
	at org.apache.commons.io.file.PathUtils.deleteFile(PathUtils.java:485)
	at org.apache.commons.io.file.PathUtils.delete(PathUtils.java:392)
	at org.apache.commons.io.FileUtils.forceDelete(FileUtils.java:1341)
	... 11 more
2023-01-06 09:51:42,701 [CertificateLifetimeMonitor] INFO  ozone.OzoneSecurityUtil (OzoneSecurityUtil.java:getValidInetsForCurrentHost(119)) - ip:127.0.0.1 not returned.
2023-01-06 09:51:42,705 [CertificateLifetimeMonitor] INFO  client.DNCertificateClient (DNCertificateClient.java:getCSRBuilder(98)) - Created csr for DN-> subject:runner@fv-az844-354.kvdfyhrxhd0epk3sa4trub4njc.xx.internal.cloudapp.net
2023-01-06 09:51:42,709 [CertificateLifetimeMonitor] ERROR client.DNCertificateClient (DefaultCertificateClient.java:run(1423)) - Failed to renew and store key and cert. Keep using existing certificates.
org.apache.hadoop.hdds.security.x509.exceptions.CertificateException: Error while signing and storing new certificates.
	at org.apache.hadoop.hdds.security.x509.certificate.client.DefaultCertificateClient.renewAndStoreKeyAndCertificate(DefaultCertificateClient.java:1185)
	at org.apache.hadoop.hdds.security.x509.certificate.client.DefaultCertificateClient$CertificateLifetimeMonitor.run(DefaultCertificateClient.java:1413)
	at java.util.concurrent.Executors$RunnableAdapter.call(Executors.java:511)
	at java.util.concurrent.FutureTask.runAndReset(FutureTask.java:308)
	at java.util.concurrent.ScheduledThreadPoolExecutor$ScheduledFutureTask.access$301(ScheduledThreadPoolExecutor.java:180)
	at java.util.concurrent.ScheduledThreadPoolExecutor$ScheduledFutureTask.run(ScheduledThreadPoolExecutor.java:294)
	at java.util.concurrent.ThreadPoolExecutor.runWorker(ThreadPoolExecutor.java:1149)
	at java.util.concurrent.ThreadPoolExecutor$Worker.run(ThreadPoolExecutor.java:624)
	at java.lang.Thread.run(Thread.java:750)
Caused by: org.apache.hadoop.hdds.conf.ConfigurationException: SCM Client Address could not be obtained from config. Config is not properly defined
	at org.apache.hadoop.hdds.scm.proxy.SCMSecurityProtocolFailoverProxyProvider.loadConfigs(SCMSecurityProtocolFailoverProxyProvider.java:120)
	at org.apache.hadoop.hdds.scm.proxy.SCMSecurityProtocolFailoverProxyProvider.<init>(SCMSecurityProtocolFailoverProxyProvider.java:105)
	at org.apache.hadoop.hdds.utils.HddsServerUtil.getScmSecurityClientWithMaxRetry(HddsServerUtil.java:467)
	at org.apache.hadoop.hdds.security.x509.certificate.client.DefaultCertificateClient.getScmSecureClient(DefaultCertificateClient.java:1363)
	at org.apache.hadoop.hdds.security.x509.certificate.client.DNCertificateClient.signAndStoreCertificate(DNCertificateClient.java:113)
	at org.apache.hadoop.hdds.security.x509.certificate.client.DefaultCertificateClient.renewAndStoreKeyAndCertificate(DefaultCertificateClient.java:1182)
	... 8 more
2023-01-06 09:51:42,714 [CertificateLifetimeMonitor] INFO  client.DNCertificateClient (DefaultCertificateClient.java:run(1410)) - Current certificate has entered the expiry grace period PT0S. Starting renew key and certs.
2023-01-06 09:51:42,982 [CertificateLifetimeMonitor] INFO  ozone.OzoneSecurityUtil (OzoneSecurityUtil.java:getValidInetsForCurrentHost(119)) - ip:fe80:0:0:0:20d:3aff:fef6:a12e%eth0 not returned.
2023-01-06 09:51:42,982 [CertificateLifetimeMonitor] INFO  ozone.OzoneSecurityUtil (OzoneSecurityUtil.java:getValidInetsForCurrentHost(116)) - Adding ip:10.1.0.8,host:fv-az844-354.kvdfyhrxhd0epk3sa4trub4njc.xx.internal.cloudapp.net
2023-01-06 09:51:42,982 [CertificateLifetimeMonitor] INFO  ozone.OzoneSecurityUtil (OzoneSecurityUtil.java:getValidInetsForCurrentHost(119)) - ip:0:0:0:0:0:0:0:1%lo not returned.
2023-01-06 09:51:42,983 [CertificateLifetimeMonitor] INFO  ozone.OzoneSecurityUtil (OzoneSecurityUtil.java:getValidInetsForCurrentHost(119)) - ip:127.0.0.1 not returned.
2023-01-06 09:51:42,983 [CertificateLifetimeMonitor] INFO  client.DNCertificateClient (DNCertificateClient.java:getCSRBuilder(98)) - Created csr for DN-> subject:runner@fv-az844-354.kvdfyhrxhd0epk3sa4trub4njc.xx.internal.cloudapp.net
2023-01-06 09:51:42,998 [CertificateLifetimeMonitor] ERROR client.DNCertificateClient (DefaultCertificateClient.java:run(1423)) - Failed to renew and store key and cert. Keep using existing certificates.
org.apache.hadoop.hdds.security.x509.exceptions.CertificateException: Error while signing and storing new certificates.
	at org.apache.hadoop.hdds.security.x509.certificate.client.DefaultCertificateClient.renewAndStoreKeyAndCertificate(DefaultCertificateClient.java:1185)
	at org.apache.hadoop.hdds.security.x509.certificate.client.DefaultCertificateClient$CertificateLifetimeMonitor.run(DefaultCertificateClient.java:1413)
	at java.util.concurrent.Executors$RunnableAdapter.call(Executors.java:511)
	at java.util.concurrent.FutureTask.runAndReset(FutureTask.java:308)
	at java.util.concurrent.ScheduledThreadPoolExecutor$ScheduledFutureTask.access$301(ScheduledThreadPoolExecutor.java:180)
	at java.util.concurrent.ScheduledThreadPoolExecutor$ScheduledFutureTask.run(ScheduledThreadPoolExecutor.java:294)
	at java.util.concurrent.ThreadPoolExecutor.runWorker(ThreadPoolExecutor.java:1149)
	at java.util.concurrent.ThreadPoolExecutor$Worker.run(ThreadPoolExecutor.java:624)
	at java.lang.Thread.run(Thread.java:750)
Caused by: org.apache.hadoop.hdds.conf.ConfigurationException: SCM Client Address could not be obtained from config. Config is not properly defined
	at org.apache.hadoop.hdds.scm.proxy.SCMSecurityProtocolFailoverProxyProvider.loadConfigs(SCMSecurityProtocolFailoverProxyProvider.java:120)
	at org.apache.hadoop.hdds.scm.proxy.SCMSecurityProtocolFailoverProxyProvider.<init>(SCMSecurityProtocolFailoverProxyProvider.java:105)
	at org.apache.hadoop.hdds.utils.HddsServerUtil.getScmSecurityClientWithMaxRetry(HddsServerUtil.java:467)
	at org.apache.hadoop.hdds.security.x509.certificate.client.DefaultCertificateClient.getScmSecureClient(DefaultCertificateClient.java:1363)
	at org.apache.hadoop.hdds.security.x509.certificate.client.DNCertificateClient.signAndStoreCertificate(DNCertificateClient.java:113)
	at org.apache.hadoop.hdds.security.x509.certificate.client.DefaultCertificateClient.renewAndStoreKeyAndCertificate(DefaultCertificateClient.java:1182)
	... 8 more
2023-01-06 09:51:43,161 [CertificateLifetimeMonitor] ERROR client.DNCertificateClient (DefaultCertificateClient.java:createKeyPair(967)) - Error while bootstrapping certificate client.
java.io.IOException: Private key already exist.
	at org.apache.hadoop.hdds.security.x509.keys.KeyCodec.writePublicKey(KeyCodec.java:197)
	at org.apache.hadoop.hdds.security.x509.certificate.client.DefaultCertificateClient.createKeyPair(DefaultCertificateClient.java:963)
	at org.apache.hadoop.hdds.security.x509.certificate.client.DefaultCertificateClient.renewAndStoreKeyAndCertificate(DefaultCertificateClient.java:1172)
	at org.apache.hadoop.hdds.security.x509.certificate.client.DefaultCertificateClient$CertificateLifetimeMonitor.run(DefaultCertificateClient.java:1413)
	at java.util.concurrent.Executors$RunnableAdapter.call(Executors.java:511)
	at java.util.concurrent.FutureTask.runAndReset(FutureTask.java:308)
	at java.util.concurrent.ScheduledThreadPoolExecutor$ScheduledFutureTask.access$301(ScheduledThreadPoolExecutor.java:180)
	at java.util.concurrent.ScheduledThreadPoolExecutor$ScheduledFutureTask.run(ScheduledThreadPoolExecutor.java:294)
	at java.util.concurrent.ThreadPoolExecutor.runWorker(ThreadPoolExecutor.java:1149)
	at java.util.concurrent.ThreadPoolExecutor$Worker.run(ThreadPoolExecutor.java:624)
	at java.lang.Thread.run(Thread.java:750)
2023-01-06 09:51:43,161 [CertificateLifetimeMonitor] ERROR client.DNCertificateClient (DefaultCertificateClient.java:run(1423)) - Failed to renew and store key and cert. Keep using existing certificates.
org.apache.hadoop.hdds.security.x509.exceptions.CertificateException: Error while creating new key pair.
	at org.apache.hadoop.hdds.security.x509.certificate.client.DefaultCertificateClient.renewAndStoreKeyAndCertificate(DefaultCertificateClient.java:1174)
	at org.apache.hadoop.hdds.security.x509.certificate.client.DefaultCertificateClient$CertificateLifetimeMonitor.run(DefaultCertificateClient.java:1413)
	at java.util.concurrent.Executors$RunnableAdapter.call(Executors.java:511)
	at java.util.concurrent.FutureTask.runAndReset(FutureTask.java:308)
	at java.util.concurrent.ScheduledThreadPoolExecutor$ScheduledFutureTask.access$301(ScheduledThreadPoolExecutor.java:180)
	at java.util.concurrent.ScheduledThreadPoolExecutor$ScheduledFutureTask.run(ScheduledThreadPoolExecutor.java:294)
	at java.util.concurrent.ThreadPoolExecutor.runWorker(ThreadPoolExecutor.java:1149)
	at java.util.concurrent.ThreadPoolExecutor$Worker.run(ThreadPoolExecutor.java:624)
	at java.lang.Thread.run(Thread.java:750)
Caused by: org.apache.hadoop.hdds.security.x509.exceptions.CertificateException: Error while bootstrapping certificate.
	at org.apache.hadoop.hdds.security.x509.certificate.client.DefaultCertificateClient.createKeyPair(DefaultCertificateClient.java:968)
	at org.apache.hadoop.hdds.security.x509.certificate.client.DefaultCertificateClient.renewAndStoreKeyAndCertificate(DefaultCertificateClient.java:1172)
	... 8 more
2023-01-06 09:51:43,262 [CertificateLifetimeMonitor] ERROR client.DNCertificateClient (DefaultCertificateClient.java:createKeyPair(967)) - Error while bootstrapping certificate client.
java.io.IOException: Private key already exist.
	at org.apache.hadoop.hdds.security.x509.keys.KeyCodec.writePublicKey(KeyCodec.java:197)
	at org.apache.hadoop.hdds.security.x509.certificate.client.DefaultCertificateClient.createKeyPair(DefaultCertificateClient.java:963)
	at org.apache.hadoop.hdds.security.x509.certificate.client.DefaultCertificateClient.renewAndStoreKeyAndCertificate(DefaultCertificateClient.java:1172)
	at org.apache.hadoop.hdds.security.x509.certificate.client.DefaultCertificateClient$CertificateLifetimeMonitor.run(DefaultCertificateClient.java:1413)
	at java.util.concurrent.Executors$RunnableAdapter.call(Executors.java:511)
	at java.util.concurrent.FutureTask.runAndReset(FutureTask.java:308)
	at java.util.concurrent.ScheduledThreadPoolExecutor$ScheduledFutureTask.access$301(ScheduledThreadPoolExecutor.java:180)
	at java.util.concurrent.ScheduledThreadPoolExecutor$ScheduledFutureTask.run(ScheduledThreadPoolExecutor.java:294)
	at java.util.concurrent.ThreadPoolExecutor.runWorker(ThreadPoolExecutor.java:1149)
	at java.util.concurrent.ThreadPoolExecutor$Worker.run(ThreadPoolExecutor.java:624)
	at java.lang.Thread.run(Thread.java:750)
2023-01-06 09:51:43,263 [CertificateLifetimeMonitor] ERROR client.DNCertificateClient (DefaultCertificateClient.java:run(1423)) - Failed to renew and store key and cert. Keep using existing certificates.
org.apache.hadoop.hdds.security.x509.exceptions.CertificateException: Error while creating new key pair.
	at org.apache.hadoop.hdds.security.x509.certificate.client.DefaultCertificateClient.renewAndStoreKeyAndCertificate(DefaultCertificateClient.java:1174)
	at org.apache.hadoop.hdds.security.x509.certificate.client.DefaultCertificateClient$CertificateLifetimeMonitor.run(DefaultCertificateClient.java:1413)
	at java.util.concurrent.Executors$RunnableAdapter.call(Executors.java:511)
	at java.util.concurrent.FutureTask.runAndReset(FutureTask.java:308)
	at java.util.concurrent.ScheduledThreadPoolExecutor$ScheduledFutureTask.access$301(ScheduledThreadPoolExecutor.java:180)
	at java.util.concurrent.ScheduledThreadPoolExecutor$ScheduledFutureTask.run(ScheduledThreadPoolExecutor.java:294)
	at java.util.concurrent.ThreadPoolExecutor.runWorker(ThreadPoolExecutor.java:1149)
	at java.util.concurrent.ThreadPoolExecutor$Worker.run(ThreadPoolExecutor.java:624)
	at java.lang.Thread.run(Thread.java:750)
Caused by: org.apache.hadoop.hdds.security.x509.exceptions.CertificateException: Error while bootstrapping certificate.
	at org.apache.hadoop.hdds.security.x509.certificate.client.DefaultCertificateClient.createKeyPair(DefaultCertificateClient.java:968)
	at org.apache.hadoop.hdds.security.x509.certificate.client.DefaultCertificateClient.renewAndStoreKeyAndCertificate(DefaultCertificateClient.java:1172)
	... 8 more
2023-01-06 09:51:44,332 [CertificateLifetimeMonitor] INFO  client.DNCertificateClient (DefaultCertificateClient.java:run(1410)) - Current certificate has entered the expiry grace period PT0S. Starting renew key and certs.
2023-01-06 09:51:44,334 [CertificateLifetimeMonitor] INFO  client.DNCertificateClient (DefaultCertificateClient.java:run(1410)) - Current certificate has entered the expiry grace period PT0S. Starting renew key and certs.
2023-01-06 09:51:44,335 [CertificateLifetimeMonitor] INFO  client.DNCertificateClient (DefaultCertificateClient.java:run(1410)) - Current certificate has entered the expiry grace period PT0S. Starting renew key and certs.
2023-01-06 09:51:44,338 [CertificateLifetimeMonitor] INFO  client.DNCertificateClient (DefaultCertificateClient.java:run(1410)) - Current certificate has entered the expiry grace period PT0S. Starting renew key and certs.
2023-01-06 09:51:44,362 [CertificateLifetimeMonitor] INFO  client.DNCertificateClient (DefaultCertificateClient.java:run(1410)) - Current certificate has entered the expiry grace period PT0S. Starting renew key and certs.
2023-01-06 09:51:44,912 [CertificateLifetimeMonitor] INFO  ozone.OzoneSecurityUtil (OzoneSecurityUtil.java:getValidInetsForCurrentHost(119)) - ip:fe80:0:0:0:20d:3aff:fef6:a12e%eth0 not returned.
2023-01-06 09:51:44,912 [CertificateLifetimeMonitor] INFO  ozone.OzoneSecurityUtil (OzoneSecurityUtil.java:getValidInetsForCurrentHost(116)) - Adding ip:10.1.0.8,host:fv-az844-354.kvdfyhrxhd0epk3sa4trub4njc.xx.internal.cloudapp.net
2023-01-06 09:51:44,912 [CertificateLifetimeMonitor] INFO  ozone.OzoneSecurityUtil (OzoneSecurityUtil.java:getValidInetsForCurrentHost(119)) - ip:0:0:0:0:0:0:0:1%lo not returned.
2023-01-06 09:51:44,912 [CertificateLifetimeMonitor] INFO  ozone.OzoneSecurityUtil (OzoneSecurityUtil.java:getValidInetsForCurrentHost(119)) - ip:127.0.0.1 not returned.
2023-01-06 09:51:44,913 [CertificateLifetimeMonitor] INFO  client.DNCertificateClient (DNCertificateClient.java:getCSRBuilder(98)) - Created csr for DN-> subject:runner@fv-az844-354.kvdfyhrxhd0epk3sa4trub4njc.xx.internal.cloudapp.net
2023-01-06 09:51:44,917 [CertificateLifetimeMonitor] ERROR client.DNCertificateClient (DefaultCertificateClient.java:run(1423)) - Failed to renew and store key and cert. Keep using existing certificates.
org.apache.hadoop.hdds.security.x509.exceptions.CertificateException: Error while signing and storing new certificates.
	at org.apache.hadoop.hdds.security.x509.certificate.client.DefaultCertificateClient.renewAndStoreKeyAndCertificate(DefaultCertificateClient.java:1185)
	at org.apache.hadoop.hdds.security.x509.certificate.client.DefaultCertificateClient$CertificateLifetimeMonitor.run(DefaultCertificateClient.java:1413)
	at java.util.concurrent.Executors$RunnableAdapter.call(Executors.java:511)
	at java.util.concurrent.FutureTask.runAndReset(FutureTask.java:308)
	at java.util.concurrent.ScheduledThreadPoolExecutor$ScheduledFutureTask.access$301(ScheduledThreadPoolExecutor.java:180)
	at java.util.concurrent.ScheduledThreadPoolExecutor$ScheduledFutureTask.run(ScheduledThreadPoolExecutor.java:294)
	at java.util.concurrent.ThreadPoolExecutor.runWorker(ThreadPoolExecutor.java:1149)
	at java.util.concurrent.ThreadPoolExecutor$Worker.run(ThreadPoolExecutor.java:624)
	at java.lang.Thread.run(Thread.java:750)
Caused by: org.apache.hadoop.hdds.conf.ConfigurationException: SCM Client Address could not be obtained from config. Config is not properly defined
	at org.apache.hadoop.hdds.scm.proxy.SCMSecurityProtocolFailoverProxyProvider.loadConfigs(SCMSecurityProtocolFailoverProxyProvider.java:120)
	at org.apache.hadoop.hdds.scm.proxy.SCMSecurityProtocolFailoverProxyProvider.<init>(SCMSecurityProtocolFailoverProxyProvider.java:105)
	at org.apache.hadoop.hdds.utils.HddsServerUtil.getScmSecurityClientWithMaxRetry(HddsServerUtil.java:467)
	at org.apache.hadoop.hdds.security.x509.certificate.client.DefaultCertificateClient.getScmSecureClient(DefaultCertificateClient.java:1363)
	at org.apache.hadoop.hdds.security.x509.certificate.client.DNCertificateClient.signAndStoreCertificate(DNCertificateClient.java:113)
	at org.apache.hadoop.hdds.security.x509.certificate.client.DefaultCertificateClient.renewAndStoreKeyAndCertificate(DefaultCertificateClient.java:1182)
	... 8 more
2023-01-06 09:51:44,922 [CertificateLifetimeMonitor] ERROR client.DNCertificateClient (DefaultCertificateClient.java:createKeyPair(967)) - Error while bootstrapping certificate client.
java.io.IOException: Private key already exist.
	at org.apache.hadoop.hdds.security.x509.keys.KeyCodec.writePublicKey(KeyCodec.java:197)
	at org.apache.hadoop.hdds.security.x509.certificate.client.DefaultCertificateClient.createKeyPair(DefaultCertificateClient.java:963)
	at org.apache.hadoop.hdds.security.x509.certificate.client.DefaultCertificateClient.renewAndStoreKeyAndCertificate(DefaultCertificateClient.java:1172)
	at org.apache.hadoop.hdds.security.x509.certificate.client.DefaultCertificateClient$CertificateLifetimeMonitor.run(DefaultCertificateClient.java:1413)
	at java.util.concurrent.Executors$RunnableAdapter.call(Executors.java:511)
	at java.util.concurrent.FutureTask.runAndReset(FutureTask.java:308)
	at java.util.concurrent.ScheduledThreadPoolExecutor$ScheduledFutureTask.access$301(ScheduledThreadPoolExecutor.java:180)
	at java.util.concurrent.ScheduledThreadPoolExecutor$ScheduledFutureTask.run(ScheduledThreadPoolExecutor.java:294)
	at java.util.concurrent.ThreadPoolExecutor.runWorker(ThreadPoolExecutor.java:1149)
	at java.util.concurrent.ThreadPoolExecutor$Worker.run(ThreadPoolExecutor.java:624)
	at java.lang.Thread.run(Thread.java:750)
2023-01-06 09:51:44,922 [CertificateLifetimeMonitor] ERROR client.DNCertificateClient (DefaultCertificateClient.java:run(1423)) - Failed to renew and store key and cert. Keep using existing certificates.
org.apache.hadoop.hdds.security.x509.exceptions.CertificateException: Error while creating new key pair.
	at org.apache.hadoop.hdds.security.x509.certificate.client.DefaultCertificateClient.renewAndStoreKeyAndCertificate(DefaultCertificateClient.java:1174)
	at org.apache.hadoop.hdds.security.x509.certificate.client.DefaultCertificateClient$CertificateLifetimeMonitor.run(DefaultCertificateClient.java:1413)
	at java.util.concurrent.Executors$RunnableAdapter.call(Executors.java:511)
	at java.util.concurrent.FutureTask.runAndReset(FutureTask.java:308)
	at java.util.concurrent.ScheduledThreadPoolExecutor$ScheduledFutureTask.access$301(ScheduledThreadPoolExecutor.java:180)
	at java.util.concurrent.ScheduledThreadPoolExecutor$ScheduledFutureTask.run(ScheduledThreadPoolExecutor.java:294)
	at java.util.concurrent.ThreadPoolExecutor.runWorker(ThreadPoolExecutor.java:1149)
	at java.util.concurrent.ThreadPoolExecutor$Worker.run(ThreadPoolExecutor.java:624)
	at java.lang.Thread.run(Thread.java:750)
Caused by: org.apache.hadoop.hdds.security.x509.exceptions.CertificateException: Error while bootstrapping certificate.
	at org.apache.hadoop.hdds.security.x509.certificate.client.DefaultCertificateClient.createKeyPair(DefaultCertificateClient.java:968)
	at org.apache.hadoop.hdds.security.x509.certificate.client.DefaultCertificateClient.renewAndStoreKeyAndCertificate(DefaultCertificateClient.java:1172)
	... 8 more
2023-01-06 09:51:45,101 [CertificateLifetimeMonitor] ERROR client.DNCertificateClient (DefaultCertificateClient.java:createKeyPair(967)) - Error while bootstrapping certificate client.
java.io.IOException: Private key already exist.
	at org.apache.hadoop.hdds.security.x509.keys.KeyCodec.writePublicKey(KeyCodec.java:197)
	at org.apache.hadoop.hdds.security.x509.certificate.client.DefaultCertificateClient.createKeyPair(DefaultCertificateClient.java:963)
	at org.apache.hadoop.hdds.security.x509.certificate.client.DefaultCertificateClient.renewAndStoreKeyAndCertificate(DefaultCertificateClient.java:1172)
	at org.apache.hadoop.hdds.security.x509.certificate.client.DefaultCertificateClient$CertificateLifetimeMonitor.run(DefaultCertificateClient.java:1413)
	at java.util.concurrent.Executors$RunnableAdapter.call(Executors.java:511)
	at java.util.concurrent.FutureTask.runAndReset(FutureTask.java:308)
	at java.util.concurrent.ScheduledThreadPoolExecutor$ScheduledFutureTask.access$301(ScheduledThreadPoolExecutor.java:180)
	at java.util.concurrent.ScheduledThreadPoolExecutor$ScheduledFutureTask.run(ScheduledThreadPoolExecutor.java:294)
	at java.util.concurrent.ThreadPoolExecutor.runWorker(ThreadPoolExecutor.java:1149)
	at java.util.concurrent.ThreadPoolExecutor$Worker.run(ThreadPoolExecutor.java:624)
	at java.lang.Thread.run(Thread.java:750)
2023-01-06 09:51:45,101 [CertificateLifetimeMonitor] ERROR client.DNCertificateClient (DefaultCertificateClient.java:run(1423)) - Failed to renew and store key and cert. Keep using existing certificates.
org.apache.hadoop.hdds.security.x509.exceptions.CertificateException: Error while creating new key pair.
	at org.apache.hadoop.hdds.security.x509.certificate.client.DefaultCertificateClient.renewAndStoreKeyAndCertificate(DefaultCertificateClient.java:1174)
	at org.apache.hadoop.hdds.security.x509.certificate.client.DefaultCertificateClient$CertificateLifetimeMonitor.run(DefaultCertificateClient.java:1413)
	at java.util.concurrent.Executors$RunnableAdapter.call(Executors.java:511)
	at java.util.concurrent.FutureTask.runAndReset(FutureTask.java:308)
	at java.util.concurrent.ScheduledThreadPoolExecutor$ScheduledFutureTask.access$301(ScheduledThreadPoolExecutor.java:180)
	at java.util.concurrent.ScheduledThreadPoolExecutor$ScheduledFutureTask.run(ScheduledThreadPoolExecutor.java:294)
	at java.util.concurrent.ThreadPoolExecutor.runWorker(ThreadPoolExecutor.java:1149)
	at java.util.concurrent.ThreadPoolExecutor$Worker.run(ThreadPoolExecutor.java:624)
	at java.lang.Thread.run(Thread.java:750)
Caused by: org.apache.hadoop.hdds.security.x509.exceptions.CertificateException: Error while bootstrapping certificate.
	at org.apache.hadoop.hdds.security.x509.certificate.client.DefaultCertificateClient.createKeyPair(DefaultCertificateClient.java:968)
	at org.apache.hadoop.hdds.security.x509.certificate.client.DefaultCertificateClient.renewAndStoreKeyAndCertificate(DefaultCertificateClient.java:1172)
	... 8 more
2023-01-06 09:51:45,180 [CertificateLifetimeMonitor] ERROR client.DNCertificateClient (DefaultCertificateClient.java:createKeyPair(967)) - Error while bootstrapping certificate client.
java.io.IOException: Private key already exist.
	at org.apache.hadoop.hdds.security.x509.keys.KeyCodec.writePublicKey(KeyCodec.java:197)
	at org.apache.hadoop.hdds.security.x509.certificate.client.DefaultCertificateClient.createKeyPair(DefaultCertificateClient.java:963)
	at org.apache.hadoop.hdds.security.x509.certificate.client.DefaultCertificateClient.renewAndStoreKeyAndCertificate(DefaultCertificateClient.java:1172)
	at org.apache.hadoop.hdds.security.x509.certificate.client.DefaultCertificateClient$CertificateLifetimeMonitor.run(DefaultCertificateClient.java:1413)
	at java.util.concurrent.Executors$RunnableAdapter.call(Executors.java:511)
	at java.util.concurrent.FutureTask.runAndReset(FutureTask.java:308)
	at java.util.concurrent.ScheduledThreadPoolExecutor$ScheduledFutureTask.access$301(ScheduledThreadPoolExecutor.java:180)
	at java.util.concurrent.ScheduledThreadPoolExecutor$ScheduledFutureTask.run(ScheduledThreadPoolExecutor.java:294)
	at java.util.concurrent.ThreadPoolExecutor.runWorker(ThreadPoolExecutor.java:1149)
	at java.util.concurrent.ThreadPoolExecutor$Worker.run(ThreadPoolExecutor.java:624)
	at java.lang.Thread.run(Thread.java:750)
2023-01-06 09:51:45,181 [CertificateLifetimeMonitor] ERROR client.DNCertificateClient (DefaultCertificateClient.java:run(1423)) - Failed to renew and store key and cert. Keep using existing certificates.
org.apache.hadoop.hdds.security.x509.exceptions.CertificateException: Error while creating new key pair.
	at org.apache.hadoop.hdds.security.x509.certificate.client.DefaultCertificateClient.renewAndStoreKeyAndCertificate(DefaultCertificateClient.java:1174)
	at org.apache.hadoop.hdds.security.x509.certificate.client.DefaultCertificateClient$CertificateLifetimeMonitor.run(DefaultCertificateClient.java:1413)
	at java.util.concurrent.Executors$RunnableAdapter.call(Executors.java:511)
	at java.util.concurrent.FutureTask.runAndReset(FutureTask.java:308)
	at java.util.concurrent.ScheduledThreadPoolExecutor$ScheduledFutureTask.access$301(ScheduledThreadPoolExecutor.java:180)
	at java.util.concurrent.ScheduledThreadPoolExecutor$ScheduledFutureTask.run(ScheduledThreadPoolExecutor.java:294)
	at java.util.concurrent.ThreadPoolExecutor.runWorker(ThreadPoolExecutor.java:1149)
	at java.util.concurrent.ThreadPoolExecutor$Worker.run(ThreadPoolExecutor.java:624)
	at java.lang.Thread.run(Thread.java:750)
Caused by: org.apache.hadoop.hdds.security.x509.exceptions.CertificateException: Error while bootstrapping certificate.
	at org.apache.hadoop.hdds.security.x509.certificate.client.DefaultCertificateClient.createKeyPair(DefaultCertificateClient.java:968)
	at org.apache.hadoop.hdds.security.x509.certificate.client.DefaultCertificateClient.renewAndStoreKeyAndCertificate(DefaultCertificateClient.java:1172)
	... 8 more
2023-01-06 09:51:45,312 [CertificateLifetimeMonitor] ERROR client.DNCertificateClient (DefaultCertificateClient.java:createKeyPair(967)) - Error while bootstrapping certificate client.
java.io.IOException: Private key already exist.
	at org.apache.hadoop.hdds.security.x509.keys.KeyCodec.writePublicKey(KeyCodec.java:197)
	at org.apache.hadoop.hdds.security.x509.certificate.client.DefaultCertificateClient.createKeyPair(DefaultCertificateClient.java:963)
	at org.apache.hadoop.hdds.security.x509.certificate.client.DefaultCertificateClient.renewAndStoreKeyAndCertificate(DefaultCertificateClient.java:1172)
	at org.apache.hadoop.hdds.security.x509.certificate.client.DefaultCertificateClient$CertificateLifetimeMonitor.run(DefaultCertificateClient.java:1413)
	at java.util.concurrent.Executors$RunnableAdapter.call(Executors.java:511)
	at java.util.concurrent.FutureTask.runAndReset(FutureTask.java:308)
	at java.util.concurrent.ScheduledThreadPoolExecutor$ScheduledFutureTask.access$301(ScheduledThreadPoolExecutor.java:180)
	at java.util.concurrent.ScheduledThreadPoolExecutor$ScheduledFutureTask.run(ScheduledThreadPoolExecutor.java:294)
	at java.util.concurrent.ThreadPoolExecutor.runWorker(ThreadPoolExecutor.java:1149)
	at java.util.concurrent.ThreadPoolExecutor$Worker.run(ThreadPoolExecutor.java:624)
	at java.lang.Thread.run(Thread.java:750)
2023-01-06 09:51:45,313 [CertificateLifetimeMonitor] ERROR client.DNCertificateClient (DefaultCertificateClient.java:run(1423)) - Failed to renew and store key and cert. Keep using existing certificates.
org.apache.hadoop.hdds.security.x509.exceptions.CertificateException: Error while creating new key pair.
	at org.apache.hadoop.hdds.security.x509.certificate.client.DefaultCertificateClient.renewAndStoreKeyAndCertificate(DefaultCertificateClient.java:1174)
	at org.apache.hadoop.hdds.security.x509.certificate.client.DefaultCertificateClient$CertificateLifetimeMonitor.run(DefaultCertificateClient.java:1413)
	at java.util.concurrent.Executors$RunnableAdapter.call(Executors.java:511)
	at java.util.concurrent.FutureTask.runAndReset(FutureTask.java:308)
	at java.util.concurrent.ScheduledThreadPoolExecutor$ScheduledFutureTask.access$301(ScheduledThreadPoolExecutor.java:180)
	at java.util.concurrent.ScheduledThreadPoolExecutor$ScheduledFutureTask.run(ScheduledThreadPoolExecutor.java:294)
	at java.util.concurrent.ThreadPoolExecutor.runWorker(ThreadPoolExecutor.java:1149)
	at java.util.concurrent.ThreadPoolExecutor$Worker.run(ThreadPoolExecutor.java:624)
	at java.lang.Thread.run(Thread.java:750)
Caused by: org.apache.hadoop.hdds.security.x509.exceptions.CertificateException: Error while bootstrapping certificate.
	at org.apache.hadoop.hdds.security.x509.certificate.client.DefaultCertificateClient.createKeyPair(DefaultCertificateClient.java:968)
	at org.apache.hadoop.hdds.security.x509.certificate.client.DefaultCertificateClient.renewAndStoreKeyAndCertificate(DefaultCertificateClient.java:1172)
	... 8 more
2023-01-06 09:51:45,998 [CertificateLifetimeMonitor] INFO  client.DNCertificateClient (DefaultCertificateClient.java:run(1410)) - Current certificate has entered the expiry grace period PT0S. Starting renew key and certs.
2023-01-06 09:51:45,998 [CertificateLifetimeMonitor] INFO  client.DNCertificateClient (DefaultCertificateClient.java:run(1410)) - Current certificate has entered the expiry grace period PT0S. Starting renew key and certs.
2023-01-06 09:51:45,999 [CertificateLifetimeMonitor] ERROR client.DNCertificateClient (DefaultCertificateClient.java:run(1423)) - Failed to renew and store key and cert. Keep using existing certificates.
org.apache.hadoop.hdds.security.x509.exceptions.CertificateException: Error while deleting/creating /home/runner/work/ozone/ozone/hadoop-hdds/container-service/target/test-dir/PjBx01n9A5/dn/keys-next or /home/runner/work/ozone/ozone/hadoop-hdds/container-service/target/test-dir/PjBx01n9A5/dn/certs-next directories to cleanup  certificate storage. 
	at org.apache.hadoop.hdds.security.x509.certificate.client.DefaultCertificateClient.renewAndStoreKeyAndCertificate(DefaultCertificateClient.java:1163)
	at org.apache.hadoop.hdds.security.x509.certificate.client.DefaultCertificateClient$CertificateLifetimeMonitor.run(DefaultCertificateClient.java:1413)
	at java.util.concurrent.Executors$RunnableAdapter.call(Executors.java:511)
	at java.util.concurrent.FutureTask.runAndReset(FutureTask.java:308)
	at java.util.concurrent.ScheduledThreadPoolExecutor$ScheduledFutureTask.access$301(ScheduledThreadPoolExecutor.java:180)
	at java.util.concurrent.ScheduledThreadPoolExecutor$ScheduledFutureTask.run(ScheduledThreadPoolExecutor.java:294)
	at java.util.concurrent.ThreadPoolExecutor.runWorker(ThreadPoolExecutor.java:1149)
	at java.util.concurrent.ThreadPoolExecutor$Worker.run(ThreadPoolExecutor.java:624)
	at java.lang.Thread.run(Thread.java:750)
Caused by: org.apache.commons.io.IOExceptionList: /home/runner/work/ozone/ozone/hadoop-hdds/container-service/target/test-dir/PjBx01n9A5/dn/keys-next
	at org.apache.commons.io.FileUtils.cleanDirectory(FileUtils.java:331)
	at org.apache.commons.io.FileUtils.deleteDirectory(FileUtils.java:1192)
	at org.apache.hadoop.hdds.security.x509.certificate.client.DefaultCertificateClient.renewAndStoreKeyAndCertificate(DefaultCertificateClient.java:1158)
	... 8 more
Caused by: java.io.FileNotFoundException: File does not exist: /home/runner/work/ozone/ozone/hadoop-hdds/container-service/target/test-dir/PjBx01n9A5/dn/keys-next/private.pem
	at org.apache.commons.io.FileUtils.forceDelete(FileUtils.java:1349)
	at org.apache.commons.io.FileUtils.cleanDirectory(FileUtils.java:324)
	... 10 more
2023-01-06 09:51:46,000 [CertificateLifetimeMonitor] INFO  client.DNCertificateClient (DefaultCertificateClient.java:run(1410)) - Current certificate has entered the expiry grace period PT0S. Starting renew key and certs.
2023-01-06 09:51:46,001 [CertificateLifetimeMonitor] INFO  client.DNCertificateClient (DefaultCertificateClient.java:run(1410)) - Current certificate has entered the expiry grace period PT0S. Starting renew key and certs.
2023-01-06 09:51:45,998 [CertificateLifetimeMonitor] INFO  client.DNCertificateClient (DefaultCertificateClient.java:run(1410)) - Current certificate has entered the expiry grace period PT0S. Starting renew key and certs.
2023-01-06 09:51:46,239 [CertificateLifetimeMonitor] INFO  ozone.OzoneSecurityUtil (OzoneSecurityUtil.java:getValidInetsForCurrentHost(119)) - ip:fe80:0:0:0:20d:3aff:fef6:a12e%eth0 not returned.
2023-01-06 09:51:46,240 [CertificateLifetimeMonitor] INFO  ozone.OzoneSecurityUtil (OzoneSecurityUtil.java:getValidInetsForCurrentHost(116)) - Adding ip:10.1.0.8,host:fv-az844-354.kvdfyhrxhd0epk3sa4trub4njc.xx.internal.cloudapp.net
2023-01-06 09:51:46,240 [CertificateLifetimeMonitor] INFO  ozone.OzoneSecurityUtil (OzoneSecurityUtil.java:getValidInetsForCurrentHost(119)) - ip:0:0:0:0:0:0:0:1%lo not returned.
2023-01-06 09:51:46,240 [CertificateLifetimeMonitor] INFO  ozone.OzoneSecurityUtil (OzoneSecurityUtil.java:getValidInetsForCurrentHost(119)) - ip:127.0.0.1 not returned.
2023-01-06 09:51:46,240 [CertificateLifetimeMonitor] INFO  client.DNCertificateClient (DNCertificateClient.java:getCSRBuilder(98)) - Created csr for DN-> subject:runner@fv-az844-354.kvdfyhrxhd0epk3sa4trub4njc.xx.internal.cloudapp.net
2023-01-06 09:51:46,252 [CertificateLifetimeMonitor] ERROR client.DNCertificateClient (DefaultCertificateClient.java:run(1423)) - Failed to renew and store key and cert. Keep using existing certificates.
org.apache.hadoop.hdds.security.x509.exceptions.CertificateException: Error while signing and storing new certificates.
	at org.apache.hadoop.hdds.security.x509.certificate.client.DefaultCertificateClient.renewAndStoreKeyAndCertificate(DefaultCertificateClient.java:1185)
	at org.apache.hadoop.hdds.security.x509.certificate.client.DefaultCertificateClient$CertificateLifetimeMonitor.run(DefaultCertificateClient.java:1413)
	at java.util.concurrent.Executors$RunnableAdapter.call(Executors.java:511)
	at java.util.concurrent.FutureTask.runAndReset(FutureTask.java:308)
	at java.util.concurrent.ScheduledThreadPoolExecutor$ScheduledFutureTask.access$301(ScheduledThreadPoolExecutor.java:180)
	at java.util.concurrent.ScheduledThreadPoolExecutor$ScheduledFutureTask.run(ScheduledThreadPoolExecutor.java:294)
	at java.util.concurrent.ThreadPoolExecutor.runWorker(ThreadPoolExecutor.java:1149)
	at java.util.concurrent.ThreadPoolExecutor$Worker.run(ThreadPoolExecutor.java:624)
	at java.lang.Thread.run(Thread.java:750)
Caused by: org.apache.hadoop.hdds.conf.ConfigurationException: SCM Client Address could not be obtained from config. Config is not properly defined
	at org.apache.hadoop.hdds.scm.proxy.SCMSecurityProtocolFailoverProxyProvider.loadConfigs(SCMSecurityProtocolFailoverProxyProvider.java:120)
	at org.apache.hadoop.hdds.scm.proxy.SCMSecurityProtocolFailoverProxyProvider.<init>(SCMSecurityProtocolFailoverProxyProvider.java:105)
	at org.apache.hadoop.hdds.utils.HddsServerUtil.getScmSecurityClientWithMaxRetry(HddsServerUtil.java:467)
	at org.apache.hadoop.hdds.security.x509.certificate.client.DefaultCertificateClient.getScmSecureClient(DefaultCertificateClient.java:1363)
	at org.apache.hadoop.hdds.security.x509.certificate.client.DNCertificateClient.signAndStoreCertificate(DNCertificateClient.java:113)
	at org.apache.hadoop.hdds.security.x509.certificate.client.DefaultCertificateClient.renewAndStoreKeyAndCertificate(DefaultCertificateClient.java:1182)
	... 8 more
2023-01-06 09:51:46,413 [CertificateLifetimeMonitor] ERROR client.DNCertificateClient (DefaultCertificateClient.java:createKeyPair(967)) - Error while bootstrapping certificate client.
java.io.IOException: Private key already exist.
	at org.apache.hadoop.hdds.security.x509.keys.KeyCodec.writePublicKey(KeyCodec.java:197)
	at org.apache.hadoop.hdds.security.x509.certificate.client.DefaultCertificateClient.createKeyPair(DefaultCertificateClient.java:963)
	at org.apache.hadoop.hdds.security.x509.certificate.client.DefaultCertificateClient.renewAndStoreKeyAndCertificate(DefaultCertificateClient.java:1172)
	at org.apache.hadoop.hdds.security.x509.certificate.client.DefaultCertificateClient$CertificateLifetimeMonitor.run(DefaultCertificateClient.java:1413)
	at java.util.concurrent.Executors$RunnableAdapter.call(Executors.java:511)
	at java.util.concurrent.FutureTask.runAndReset(FutureTask.java:308)
	at java.util.concurrent.ScheduledThreadPoolExecutor$ScheduledFutureTask.access$301(ScheduledThreadPoolExecutor.java:180)
	at java.util.concurrent.ScheduledThreadPoolExecutor$ScheduledFutureTask.run(ScheduledThreadPoolExecutor.java:294)
	at java.util.concurrent.ThreadPoolExecutor.runWorker(ThreadPoolExecutor.java:1149)
	at java.util.concurrent.ThreadPoolExecutor$Worker.run(ThreadPoolExecutor.java:624)
	at java.lang.Thread.run(Thread.java:750)
2023-01-06 09:51:46,414 [CertificateLifetimeMonitor] ERROR client.DNCertificateClient (DefaultCertificateClient.java:run(1423)) - Failed to renew and store key and cert. Keep using existing certificates.
org.apache.hadoop.hdds.security.x509.exceptions.CertificateException: Error while creating new key pair.
	at org.apache.hadoop.hdds.security.x509.certificate.client.DefaultCertificateClient.renewAndStoreKeyAndCertificate(DefaultCertificateClient.java:1174)
	at org.apache.hadoop.hdds.security.x509.certificate.client.DefaultCertificateClient$CertificateLifetimeMonitor.run(DefaultCertificateClient.java:1413)
	at java.util.concurrent.Executors$RunnableAdapter.call(Executors.java:511)
	at java.util.concurrent.FutureTask.runAndReset(FutureTask.java:308)
	at java.util.concurrent.ScheduledThreadPoolExecutor$ScheduledFutureTask.access$301(ScheduledThreadPoolExecutor.java:180)
	at java.util.concurrent.ScheduledThreadPoolExecutor$ScheduledFutureTask.run(ScheduledThreadPoolExecutor.java:294)
	at java.util.concurrent.ThreadPoolExecutor.runWorker(ThreadPoolExecutor.java:1149)
	at java.util.concurrent.ThreadPoolExecutor$Worker.run(ThreadPoolExecutor.java:624)
	at java.lang.Thread.run(Thread.java:750)
Caused by: org.apache.hadoop.hdds.security.x509.exceptions.CertificateException: Error while bootstrapping certificate.
	at org.apache.hadoop.hdds.security.x509.certificate.client.DefaultCertificateClient.createKeyPair(DefaultCertificateClient.java:968)
	at org.apache.hadoop.hdds.security.x509.certificate.client.DefaultCertificateClient.renewAndStoreKeyAndCertificate(DefaultCertificateClient.java:1172)
	... 8 more
2023-01-06 09:51:46,579 [CertificateLifetimeMonitor] ERROR client.DNCertificateClient (DefaultCertificateClient.java:createKeyPair(967)) - Error while bootstrapping certificate client.
java.io.IOException: Private key already exist.
	at org.apache.hadoop.hdds.security.x509.keys.KeyCodec.writePublicKey(KeyCodec.java:197)
	at org.apache.hadoop.hdds.security.x509.certificate.client.DefaultCertificateClient.createKeyPair(DefaultCertificateClient.java:963)
	at org.apache.hadoop.hdds.security.x509.certificate.client.DefaultCertificateClient.renewAndStoreKeyAndCertificate(DefaultCertificateClient.java:1172)
	at org.apache.hadoop.hdds.security.x509.certificate.client.DefaultCertificateClient$CertificateLifetimeMonitor.run(DefaultCertificateClient.java:1413)
	at java.util.concurrent.Executors$RunnableAdapter.call(Executors.java:511)
	at java.util.concurrent.FutureTask.runAndReset(FutureTask.java:308)
	at java.util.concurrent.ScheduledThreadPoolExecutor$ScheduledFutureTask.access$301(ScheduledThreadPoolExecutor.java:180)
	at java.util.concurrent.ScheduledThreadPoolExecutor$ScheduledFutureTask.run(ScheduledThreadPoolExecutor.java:294)
	at java.util.concurrent.ThreadPoolExecutor.runWorker(ThreadPoolExecutor.java:1149)
	at java.util.concurrent.ThreadPoolExecutor$Worker.run(ThreadPoolExecutor.java:624)
	at java.lang.Thread.run(Thread.java:750)
2023-01-06 09:51:46,580 [CertificateLifetimeMonitor] ERROR client.DNCertificateClient (DefaultCertificateClient.java:run(1423)) - Failed to renew and store key and cert. Keep using existing certificates.
org.apache.hadoop.hdds.security.x509.exceptions.CertificateException: Error while creating new key pair.
	at org.apache.hadoop.hdds.security.x509.certificate.client.DefaultCertificateClient.renewAndStoreKeyAndCertificate(DefaultCertificateClient.java:1174)
	at org.apache.hadoop.hdds.security.x509.certificate.client.DefaultCertificateClient$CertificateLifetimeMonitor.run(DefaultCertificateClient.java:1413)
	at java.util.concurrent.Executors$RunnableAdapter.call(Executors.java:511)
	at java.util.concurrent.FutureTask.runAndReset(FutureTask.java:308)
	at java.util.concurrent.ScheduledThreadPoolExecutor$ScheduledFutureTask.access$301(ScheduledThreadPoolExecutor.java:180)
	at java.util.concurrent.ScheduledThreadPoolExecutor$ScheduledFutureTask.run(ScheduledThreadPoolExecutor.java:294)
	at java.util.concurrent.ThreadPoolExecutor.runWorker(ThreadPoolExecutor.java:1149)
	at java.util.concurrent.ThreadPoolExecutor$Worker.run(ThreadPoolExecutor.java:624)
	at java.lang.Thread.run(Thread.java:750)
Caused by: org.apache.hadoop.hdds.security.x509.exceptions.CertificateException: Error while bootstrapping certificate.
	at org.apache.hadoop.hdds.security.x509.certificate.client.DefaultCertificateClient.createKeyPair(DefaultCertificateClient.java:968)
	at org.apache.hadoop.hdds.security.x509.certificate.client.DefaultCertificateClient.renewAndStoreKeyAndCertificate(DefaultCertificateClient.java:1172)
	... 8 more
2023-01-06 09:51:46,717 [CertificateLifetimeMonitor] ERROR client.DNCertificateClient (DefaultCertificateClient.java:createKeyPair(967)) - Error while bootstrapping certificate client.
java.io.IOException: Private key already exist.
	at org.apache.hadoop.hdds.security.x509.keys.KeyCodec.writePublicKey(KeyCodec.java:197)
	at org.apache.hadoop.hdds.security.x509.certificate.client.DefaultCertificateClient.createKeyPair(DefaultCertificateClient.java:963)
	at org.apache.hadoop.hdds.security.x509.certificate.client.DefaultCertificateClient.renewAndStoreKeyAndCertificate(DefaultCertificateClient.java:1172)
	at org.apache.hadoop.hdds.security.x509.certificate.client.DefaultCertificateClient$CertificateLifetimeMonitor.run(DefaultCertificateClient.java:1413)
	at java.util.concurrent.Executors$RunnableAdapter.call(Executors.java:511)
	at java.util.concurrent.FutureTask.runAndReset(FutureTask.java:308)
	at java.util.concurrent.ScheduledThreadPoolExecutor$ScheduledFutureTask.access$301(ScheduledThreadPoolExecutor.java:180)
	at java.util.concurrent.ScheduledThreadPoolExecutor$ScheduledFutureTask.run(ScheduledThreadPoolExecutor.java:294)
	at java.util.concurrent.ThreadPoolExecutor.runWorker(ThreadPoolExecutor.java:1149)
	at java.util.concurrent.ThreadPoolExecutor$Worker.run(ThreadPoolExecutor.java:624)
	at java.lang.Thread.run(Thread.java:750)
2023-01-06 09:51:46,718 [CertificateLifetimeMonitor] ERROR client.DNCertificateClient (DefaultCertificateClient.java:run(1423)) - Failed to renew and store key and cert. Keep using existing certificates.
org.apache.hadoop.hdds.security.x509.exceptions.CertificateException: Error while creating new key pair.
	at org.apache.hadoop.hdds.security.x509.certificate.client.DefaultCertificateClient.renewAndStoreKeyAndCertificate(DefaultCertificateClient.java:1174)
	at org.apache.hadoop.hdds.security.x509.certificate.client.DefaultCertificateClient$CertificateLifetimeMonitor.run(DefaultCertificateClient.java:1413)
	at java.util.concurrent.Executors$RunnableAdapter.call(Executors.java:511)
	at java.util.concurrent.FutureTask.runAndReset(FutureTask.java:308)
	at java.util.concurrent.ScheduledThreadPoolExecutor$ScheduledFutureTask.access$301(ScheduledThreadPoolExecutor.java:180)
	at java.util.concurrent.ScheduledThreadPoolExecutor$ScheduledFutureTask.run(ScheduledThreadPoolExecutor.java:294)
	at java.util.concurrent.ThreadPoolExecutor.runWorker(ThreadPoolExecutor.java:1149)
	at java.util.concurrent.ThreadPoolExecutor$Worker.run(ThreadPoolExecutor.java:624)
	at java.lang.Thread.run(Thread.java:750)
Caused by: org.apache.hadoop.hdds.security.x509.exceptions.CertificateException: Error while bootstrapping certificate.
	at org.apache.hadoop.hdds.security.x509.certificate.client.DefaultCertificateClient.createKeyPair(DefaultCertificateClient.java:968)
	at org.apache.hadoop.hdds.security.x509.certificate.client.DefaultCertificateClient.renewAndStoreKeyAndCertificate(DefaultCertificateClient.java:1172)
	... 8 more
2023-01-06 09:51:47,664 [CertificateLifetimeMonitor] INFO  client.DNCertificateClient (DefaultCertificateClient.java:run(1410)) - Current certificate has entered the expiry grace period PT0S. Starting renew key and certs.
2023-01-06 09:51:47,664 [CertificateLifetimeMonitor] INFO  client.DNCertificateClient (DefaultCertificateClient.java:run(1410)) - Current certificate has entered the expiry grace period PT0S. Starting renew key and certs.
2023-01-06 09:51:47,665 [CertificateLifetimeMonitor] INFO  client.DNCertificateClient (DefaultCertificateClient.java:run(1410)) - Current certificate has entered the expiry grace period PT0S. Starting renew key and certs.
2023-01-06 09:51:47,666 [CertificateLifetimeMonitor] ERROR client.DNCertificateClient (DefaultCertificateClient.java:run(1423)) - Failed to renew and store key and cert. Keep using existing certificates.
org.apache.hadoop.hdds.security.x509.exceptions.CertificateException: Error while deleting/creating /home/runner/work/ozone/ozone/hadoop-hdds/container-service/target/test-dir/PjBx01n9A5/dn/keys-next or /home/runner/work/ozone/ozone/hadoop-hdds/container-service/target/test-dir/PjBx01n9A5/dn/certs-next directories to cleanup  certificate storage. 
	at org.apache.hadoop.hdds.security.x509.certificate.client.DefaultCertificateClient.renewAndStoreKeyAndCertificate(DefaultCertificateClient.java:1163)
	at org.apache.hadoop.hdds.security.x509.certificate.client.DefaultCertificateClient$CertificateLifetimeMonitor.run(DefaultCertificateClient.java:1413)
	at java.util.concurrent.Executors$RunnableAdapter.call(Executors.java:511)
	at java.util.concurrent.FutureTask.runAndReset(FutureTask.java:308)
	at java.util.concurrent.ScheduledThreadPoolExecutor$ScheduledFutureTask.access$301(ScheduledThreadPoolExecutor.java:180)
	at java.util.concurrent.ScheduledThreadPoolExecutor$ScheduledFutureTask.run(ScheduledThreadPoolExecutor.java:294)
	at java.util.concurrent.ThreadPoolExecutor.runWorker(ThreadPoolExecutor.java:1149)
	at java.util.concurrent.ThreadPoolExecutor$Worker.run(ThreadPoolExecutor.java:624)
	at java.lang.Thread.run(Thread.java:750)
Caused by: java.io.IOException: Unknown I/O error listing contents of directory: /home/runner/work/ozone/ozone/hadoop-hdds/container-service/target/test-dir/PjBx01n9A5/dn/certs-next
	at org.apache.commons.io.FileUtils.listFiles(FileUtils.java:2095)
	at org.apache.commons.io.FileUtils.cleanDirectory(FileUtils.java:319)
	at org.apache.commons.io.FileUtils.deleteDirectory(FileUtils.java:1192)
	at org.apache.hadoop.hdds.security.x509.certificate.client.DefaultCertificateClient.renewAndStoreKeyAndCertificate(DefaultCertificateClient.java:1159)
	... 8 more
2023-01-06 09:51:47,666 [CertificateLifetimeMonitor] ERROR client.DNCertificateClient (DefaultCertificateClient.java:run(1423)) - Failed to renew and store key and cert. Keep using existing certificates.
org.apache.hadoop.hdds.security.x509.exceptions.CertificateException: Error while deleting/creating /home/runner/work/ozone/ozone/hadoop-hdds/container-service/target/test-dir/PjBx01n9A5/dn/keys-next or /home/runner/work/ozone/ozone/hadoop-hdds/container-service/target/test-dir/PjBx01n9A5/dn/certs-next directories to cleanup  certificate storage. 
	at org.apache.hadoop.hdds.security.x509.certificate.client.DefaultCertificateClient.renewAndStoreKeyAndCertificate(DefaultCertificateClient.java:1163)
	at org.apache.hadoop.hdds.security.x509.certificate.client.DefaultCertificateClient$CertificateLifetimeMonitor.run(DefaultCertificateClient.java:1413)
	at java.util.concurrent.Executors$RunnableAdapter.call(Executors.java:511)
	at java.util.concurrent.FutureTask.runAndReset(FutureTask.java:308)
	at java.util.concurrent.ScheduledThreadPoolExecutor$ScheduledFutureTask.access$301(ScheduledThreadPoolExecutor.java:180)
	at java.util.concurrent.ScheduledThreadPoolExecutor$ScheduledFutureTask.run(ScheduledThreadPoolExecutor.java:294)
	at java.util.concurrent.ThreadPoolExecutor.runWorker(ThreadPoolExecutor.java:1149)
	at java.util.concurrent.ThreadPoolExecutor$Worker.run(ThreadPoolExecutor.java:624)
	at java.lang.Thread.run(Thread.java:750)
Caused by: org.apache.commons.io.IOExceptionList: /home/runner/work/ozone/ozone/hadoop-hdds/container-service/target/test-dir/PjBx01n9A5/dn/keys-next
	at org.apache.commons.io.FileUtils.cleanDirectory(FileUtils.java:331)
	at org.apache.commons.io.FileUtils.deleteDirectory(FileUtils.java:1192)
	at org.apache.hadoop.hdds.security.x509.certificate.client.DefaultCertificateClient.renewAndStoreKeyAndCertificate(DefaultCertificateClient.java:1158)
	... 8 more
Caused by: java.io.FileNotFoundException: File does not exist: /home/runner/work/ozone/ozone/hadoop-hdds/container-service/target/test-dir/PjBx01n9A5/dn/keys-next/private.pem
	at org.apache.commons.io.FileUtils.forceDelete(FileUtils.java:1349)
	at org.apache.commons.io.FileUtils.cleanDirectory(FileUtils.java:324)
	... 10 more
2023-01-06 09:51:47,667 [CertificateLifetimeMonitor] INFO  client.DNCertificateClient (DefaultCertificateClient.java:run(1410)) - Current certificate has entered the expiry grace period PT0S. Starting renew key and certs.
2023-01-06 09:51:47,664 [CertificateLifetimeMonitor] INFO  client.DNCertificateClient (DefaultCertificateClient.java:run(1410)) - Current certificate has entered the expiry grace period PT0S. Starting renew key and certs.
2023-01-06 09:51:47,864 [CertificateLifetimeMonitor] INFO  ozone.OzoneSecurityUtil (OzoneSecurityUtil.java:getValidInetsForCurrentHost(119)) - ip:fe80:0:0:0:20d:3aff:fef6:a12e%eth0 not returned.
2023-01-06 09:51:47,864 [CertificateLifetimeMonitor] INFO  ozone.OzoneSecurityUtil (OzoneSecurityUtil.java:getValidInetsForCurrentHost(116)) - Adding ip:10.1.0.8,host:fv-az844-354.kvdfyhrxhd0epk3sa4trub4njc.xx.internal.cloudapp.net
2023-01-06 09:51:47,864 [CertificateLifetimeMonitor] INFO  ozone.OzoneSecurityUtil (OzoneSecurityUtil.java:getValidInetsForCurrentHost(119)) - ip:0:0:0:0:0:0:0:1%lo not returned.
2023-01-06 09:51:47,864 [CertificateLifetimeMonitor] INFO  ozone.OzoneSecurityUtil (OzoneSecurityUtil.java:getValidInetsForCurrentHost(119)) - ip:127.0.0.1 not returned.
2023-01-06 09:51:47,874 [CertificateLifetimeMonitor] INFO  client.DNCertificateClient (DNCertificateClient.java:getCSRBuilder(98)) - Created csr for DN-> subject:runner@fv-az844-354.kvdfyhrxhd0epk3sa4trub4njc.xx.internal.cloudapp.net
2023-01-06 09:51:47,877 [CertificateLifetimeMonitor] ERROR client.DNCertificateClient (DefaultCertificateClient.java:run(1423)) - Failed to renew and store key and cert. Keep using existing certificates.
org.apache.hadoop.hdds.security.x509.exceptions.CertificateException: Error while signing and storing new certificates.
	at org.apache.hadoop.hdds.security.x509.certificate.client.DefaultCertificateClient.renewAndStoreKeyAndCertificate(DefaultCertificateClient.java:1185)
	at org.apache.hadoop.hdds.security.x509.certificate.client.DefaultCertificateClient$CertificateLifetimeMonitor.run(DefaultCertificateClient.java:1413)
	at java.util.concurrent.Executors$RunnableAdapter.call(Executors.java:511)
	at java.util.concurrent.FutureTask.runAndReset(FutureTask.java:308)
	at java.util.concurrent.ScheduledThreadPoolExecutor$ScheduledFutureTask.access$301(ScheduledThreadPoolExecutor.java:180)
	at java.util.concurrent.ScheduledThreadPoolExecutor$ScheduledFutureTask.run(ScheduledThreadPoolExecutor.java:294)
	at java.util.concurrent.ThreadPoolExecutor.runWorker(ThreadPoolExecutor.java:1149)
	at java.util.concurrent.ThreadPoolExecutor$Worker.run(ThreadPoolExecutor.java:624)
	at java.lang.Thread.run(Thread.java:750)
Caused by: org.apache.hadoop.hdds.conf.ConfigurationException: SCM Client Address could not be obtained from config. Config is not properly defined
	at org.apache.hadoop.hdds.scm.proxy.SCMSecurityProtocolFailoverProxyProvider.loadConfigs(SCMSecurityProtocolFailoverProxyProvider.java:120)
	at org.apache.hadoop.hdds.scm.proxy.SCMSecurityProtocolFailoverProxyProvider.<init>(SCMSecurityProtocolFailoverProxyProvider.java:105)
	at org.apache.hadoop.hdds.utils.HddsServerUtil.getScmSecurityClientWithMaxRetry(HddsServerUtil.java:467)
	at org.apache.hadoop.hdds.security.x509.certificate.client.DefaultCertificateClient.getScmSecureClient(DefaultCertificateClient.java:1363)
	at org.apache.hadoop.hdds.security.x509.certificate.client.DNCertificateClient.signAndStoreCertificate(DNCertificateClient.java:113)
	at org.apache.hadoop.hdds.security.x509.certificate.client.DefaultCertificateClient.renewAndStoreKeyAndCertificate(DefaultCertificateClient.java:1182)
	... 8 more
2023-01-06 09:51:47,945 [CertificateLifetimeMonitor] ERROR client.DNCertificateClient (DefaultCertificateClient.java:createKeyPair(967)) - Error while bootstrapping certificate client.
java.io.IOException: Private key already exist.
	at org.apache.hadoop.hdds.security.x509.keys.KeyCodec.writePublicKey(KeyCodec.java:197)
	at org.apache.hadoop.hdds.security.x509.certificate.client.DefaultCertificateClient.createKeyPair(DefaultCertificateClient.java:963)
	at org.apache.hadoop.hdds.security.x509.certificate.client.DefaultCertificateClient.renewAndStoreKeyAndCertificate(DefaultCertificateClient.java:1172)
	at org.apache.hadoop.hdds.security.x509.certificate.client.DefaultCertificateClient$CertificateLifetimeMonitor.run(DefaultCertificateClient.java:1413)
	at java.util.concurrent.Executors$RunnableAdapter.call(Executors.java:511)
	at java.util.concurrent.FutureTask.runAndReset(FutureTask.java:308)
	at java.util.concurrent.ScheduledThreadPoolExecutor$ScheduledFutureTask.access$301(ScheduledThreadPoolExecutor.java:180)
	at java.util.concurrent.ScheduledThreadPoolExecutor$ScheduledFutureTask.run(ScheduledThreadPoolExecutor.java:294)
	at java.util.concurrent.ThreadPoolExecutor.runWorker(ThreadPoolExecutor.java:1149)
	at java.util.concurrent.ThreadPoolExecutor$Worker.run(ThreadPoolExecutor.java:624)
	at java.lang.Thread.run(Thread.java:750)
2023-01-06 09:51:47,946 [CertificateLifetimeMonitor] ERROR client.DNCertificateClient (DefaultCertificateClient.java:run(1423)) - Failed to renew and store key and cert. Keep using existing certificates.
org.apache.hadoop.hdds.security.x509.exceptions.CertificateException: Error while creating new key pair.
	at org.apache.hadoop.hdds.security.x509.certificate.client.DefaultCertificateClient.renewAndStoreKeyAndCertificate(DefaultCertificateClient.java:1174)
	at org.apache.hadoop.hdds.security.x509.certificate.client.DefaultCertificateClient$CertificateLifetimeMonitor.run(DefaultCertificateClient.java:1413)
	at java.util.concurrent.Executors$RunnableAdapter.call(Executors.java:511)
	at java.util.concurrent.FutureTask.runAndReset(FutureTask.java:308)
	at java.util.concurrent.ScheduledThreadPoolExecutor$ScheduledFutureTask.access$301(ScheduledThreadPoolExecutor.java:180)
	at java.util.concurrent.ScheduledThreadPoolExecutor$ScheduledFutureTask.run(ScheduledThreadPoolExecutor.java:294)
	at java.util.concurrent.ThreadPoolExecutor.runWorker(ThreadPoolExecutor.java:1149)
	at java.util.concurrent.ThreadPoolExecutor$Worker.run(ThreadPoolExecutor.java:624)
	at java.lang.Thread.run(Thread.java:750)
Caused by: org.apache.hadoop.hdds.security.x509.exceptions.CertificateException: Error while bootstrapping certificate.
	at org.apache.hadoop.hdds.security.x509.certificate.client.DefaultCertificateClient.createKeyPair(DefaultCertificateClient.java:968)
	at org.apache.hadoop.hdds.security.x509.certificate.client.DefaultCertificateClient.renewAndStoreKeyAndCertificate(DefaultCertificateClient.java:1172)
	... 8 more
2023-01-06 09:51:47,997 [CertificateLifetimeMonitor] ERROR client.DNCertificateClient (DefaultCertificateClient.java:createKeyPair(967)) - Error while bootstrapping certificate client.
java.io.IOException: Private key already exist.
	at org.apache.hadoop.hdds.security.x509.keys.KeyCodec.writePublicKey(KeyCodec.java:197)
	at org.apache.hadoop.hdds.security.x509.certificate.client.DefaultCertificateClient.createKeyPair(DefaultCertificateClient.java:963)
	at org.apache.hadoop.hdds.security.x509.certificate.client.DefaultCertificateClient.renewAndStoreKeyAndCertificate(DefaultCertificateClient.java:1172)
	at org.apache.hadoop.hdds.security.x509.certificate.client.DefaultCertificateClient$CertificateLifetimeMonitor.run(DefaultCertificateClient.java:1413)
	at java.util.concurrent.Executors$RunnableAdapter.call(Executors.java:511)
	at java.util.concurrent.FutureTask.runAndReset(FutureTask.java:308)
	at java.util.concurrent.ScheduledThreadPoolExecutor$ScheduledFutureTask.access$301(ScheduledThreadPoolExecutor.java:180)
	at java.util.concurrent.ScheduledThreadPoolExecutor$ScheduledFutureTask.run(ScheduledThreadPoolExecutor.java:294)
	at java.util.concurrent.ThreadPoolExecutor.runWorker(ThreadPoolExecutor.java:1149)
	at java.util.concurrent.ThreadPoolExecutor$Worker.run(ThreadPoolExecutor.java:624)
	at java.lang.Thread.run(Thread.java:750)
2023-01-06 09:51:47,998 [CertificateLifetimeMonitor] ERROR client.DNCertificateClient (DefaultCertificateClient.java:run(1423)) - Failed to renew and store key and cert. Keep using existing certificates.
org.apache.hadoop.hdds.security.x509.exceptions.CertificateException: Error while creating new key pair.
	at org.apache.hadoop.hdds.security.x509.certificate.client.DefaultCertificateClient.renewAndStoreKeyAndCertificate(DefaultCertificateClient.java:1174)
	at org.apache.hadoop.hdds.security.x509.certificate.client.DefaultCertificateClient$CertificateLifetimeMonitor.run(DefaultCertificateClient.java:1413)
	at java.util.concurrent.Executors$RunnableAdapter.call(Executors.java:511)
	at java.util.concurrent.FutureTask.runAndReset(FutureTask.java:308)
	at java.util.concurrent.ScheduledThreadPoolExecutor$ScheduledFutureTask.access$301(ScheduledThreadPoolExecutor.java:180)
	at java.util.concurrent.ScheduledThreadPoolExecutor$ScheduledFutureTask.run(ScheduledThreadPoolExecutor.java:294)
	at java.util.concurrent.ThreadPoolExecutor.runWorker(ThreadPoolExecutor.java:1149)
	at java.util.concurrent.ThreadPoolExecutor$Worker.run(ThreadPoolExecutor.java:624)
	at java.lang.Thread.run(Thread.java:750)
Caused by: org.apache.hadoop.hdds.security.x509.exceptions.CertificateException: Error while bootstrapping certificate.
	at org.apache.hadoop.hdds.security.x509.certificate.client.DefaultCertificateClient.createKeyPair(DefaultCertificateClient.java:968)
	at org.apache.hadoop.hdds.security.x509.certificate.client.DefaultCertificateClient.renewAndStoreKeyAndCertificate(DefaultCertificateClient.java:1172)
	... 8 more
]]></system-out>
  </testcase>
  <testcase name="testGetCSR" classname="org.apache.hadoop.ozone.TestHddsSecureDatanodeInit" time="0.033">
    <system-out><![CDATA[2023-01-06 09:51:48,924 [main] INFO  client.DNCertificateClient (DefaultCertificateClient.java:loadAllCertificates(177)) - Loading certificate from location:/home/runner/work/ozone/ozone/hadoop-hdds/container-service/target/test-dir/PjBx01n9A5/dn/certs.
2023-01-06 09:51:48,925 [main] WARN  client.DNCertificateClient (DefaultCertificateClient.java:loadAllCertificates(242)) - CertificateLifetimeMonitor is not started this time because certificate is empty.
2023-01-06 09:51:48,936 [main] INFO  ozone.OzoneSecurityUtil (OzoneSecurityUtil.java:getValidInetsForCurrentHost(119)) - ip:fe80:0:0:0:20d:3aff:fef6:a12e%eth0 not returned.
2023-01-06 09:51:48,936 [main] INFO  ozone.OzoneSecurityUtil (OzoneSecurityUtil.java:getValidInetsForCurrentHost(116)) - Adding ip:10.1.0.8,host:fv-az844-354.kvdfyhrxhd0epk3sa4trub4njc.xx.internal.cloudapp.net
2023-01-06 09:51:48,937 [main] INFO  ozone.OzoneSecurityUtil (OzoneSecurityUtil.java:getValidInetsForCurrentHost(119)) - ip:0:0:0:0:0:0:0:1%lo not returned.
2023-01-06 09:51:48,937 [main] INFO  ozone.OzoneSecurityUtil (OzoneSecurityUtil.java:getValidInetsForCurrentHost(119)) - ip:127.0.0.1 not returned.
2023-01-06 09:51:48,937 [main] INFO  client.DNCertificateClient (DNCertificateClient.java:getCSRBuilder(98)) - Created csr for DN-> subject:runner@fv-az844-354.kvdfyhrxhd0epk3sa4trub4njc.xx.internal.cloudapp.net
2023-01-06 09:51:48,941 [main] INFO  ozone.OzoneSecurityUtil (OzoneSecurityUtil.java:getValidInetsForCurrentHost(119)) - ip:fe80:0:0:0:20d:3aff:fef6:a12e%eth0 not returned.
2023-01-06 09:51:48,941 [main] INFO  ozone.OzoneSecurityUtil (OzoneSecurityUtil.java:getValidInetsForCurrentHost(116)) - Adding ip:10.1.0.8,host:fv-az844-354.kvdfyhrxhd0epk3sa4trub4njc.xx.internal.cloudapp.net
2023-01-06 09:51:48,941 [main] INFO  ozone.OzoneSecurityUtil (OzoneSecurityUtil.java:getValidInetsForCurrentHost(119)) - ip:0:0:0:0:0:0:0:1%lo not returned.
2023-01-06 09:51:48,941 [main] INFO  ozone.OzoneSecurityUtil (OzoneSecurityUtil.java:getValidInetsForCurrentHost(119)) - ip:127.0.0.1 not returned.
2023-01-06 09:51:48,941 [main] INFO  client.DNCertificateClient (DNCertificateClient.java:getCSRBuilder(98)) - Created csr for DN-> subject:runner@fv-az844-354.kvdfyhrxhd0epk3sa4trub4njc.xx.internal.cloudapp.net
2023-01-06 09:51:48,947 [main] INFO  ozone.OzoneSecurityUtil (OzoneSecurityUtil.java:getValidInetsForCurrentHost(119)) - ip:fe80:0:0:0:20d:3aff:fef6:a12e%eth0 not returned.
2023-01-06 09:51:48,947 [main] INFO  ozone.OzoneSecurityUtil (OzoneSecurityUtil.java:getValidInetsForCurrentHost(116)) - Adding ip:10.1.0.8,host:fv-az844-354.kvdfyhrxhd0epk3sa4trub4njc.xx.internal.cloudapp.net
2023-01-06 09:51:48,947 [main] INFO  ozone.OzoneSecurityUtil (OzoneSecurityUtil.java:getValidInetsForCurrentHost(119)) - ip:0:0:0:0:0:0:0:1%lo not returned.
2023-01-06 09:51:48,948 [main] INFO  ozone.OzoneSecurityUtil (OzoneSecurityUtil.java:getValidInetsForCurrentHost(119)) - ip:127.0.0.1 not returned.
2023-01-06 09:51:48,948 [main] INFO  client.DNCertificateClient (DNCertificateClient.java:getCSRBuilder(98)) - Created csr for DN-> subject:runner@fv-az844-354.kvdfyhrxhd0epk3sa4trub4njc.xx.internal.cloudapp.net
2023-01-06 09:51:48,952 [main] INFO  ozone.OzoneSecurityUtil (OzoneSecurityUtil.java:getValidInetsForCurrentHost(119)) - ip:fe80:0:0:0:20d:3aff:fef6:a12e%eth0 not returned.
2023-01-06 09:51:48,952 [main] INFO  ozone.OzoneSecurityUtil (OzoneSecurityUtil.java:getValidInetsForCurrentHost(116)) - Adding ip:10.1.0.8,host:fv-az844-354.kvdfyhrxhd0epk3sa4trub4njc.xx.internal.cloudapp.net
2023-01-06 09:51:48,952 [main] INFO  ozone.OzoneSecurityUtil (OzoneSecurityUtil.java:getValidInetsForCurrentHost(119)) - ip:0:0:0:0:0:0:0:1%lo not returned.
2023-01-06 09:51:48,952 [main] INFO  ozone.OzoneSecurityUtil (OzoneSecurityUtil.java:getValidInetsForCurrentHost(119)) - ip:127.0.0.1 not returned.
2023-01-06 09:51:48,953 [main] INFO  client.DNCertificateClient (DNCertificateClient.java:getCSRBuilder(98)) - Created csr for DN-> subject:runner@fv-az844-354.kvdfyhrxhd0epk3sa4trub4njc.xx.internal.cloudapp.net
]]></system-out>
  </testcase>
  <testcase name="testCertificateRotationRecoverableFailure" classname="org.apache.hadoop.ozone.TestHddsSecureDatanodeInit" time="16.072">
    <system-out><![CDATA[2023-01-06 09:51:48,961 [main] INFO  client.DNCertificateClient (DefaultCertificateClient.java:loadAllCertificates(177)) - Loading certificate from location:/home/runner/work/ozone/ozone/hadoop-hdds/container-service/target/test-dir/PjBx01n9A5/dn/certs.
2023-01-06 09:51:48,961 [main] WARN  client.DNCertificateClient (DefaultCertificateClient.java:loadAllCertificates(242)) - CertificateLifetimeMonitor is not started this time because certificate is empty.
2023-01-06 09:51:48,983 [main] INFO  utils.SelfSignedCertificate (SelfSignedCertificate.java:generateCertificate(155)) - Certificate 1283997 is issued by CN=localhost,OU=test,O=cluster to CN=localhost,OU=test,O=cluster, valid from Fri Jan 06 09:51:53 UTC 2023 to Fri Jan 06 09:52:08 UTC 2023
2023-01-06 09:51:48,985 [main] INFO  client.DNCertificateClient (DefaultCertificateClient.java:loadAllCertificates(177)) - Loading certificate from location:/home/runner/work/ozone/ozone/hadoop-hdds/container-service/target/test-dir/PjBx01n9A5/dn/certs.
2023-01-06 09:51:48,987 [main] INFO  client.DNCertificateClient (DefaultCertificateClient.java:loadAllCertificates(218)) - Added certificate [
[
  Version: V3
  Subject: O=cluster, OU=test, CN=localhost
  Signature Algorithm: SHA256withRSA, OID = 1.2.840.113549.1.1.11

  Key:  Sun RSA public key, 2048 bits
  params: null
  modulus: 19646150364523045273648102119778835728390449190365366142777841167927485005661904767664133241893452870431559347972320316130322280694963788694213164144325212896775499560897140524913915621999252700181737924730598985115524590302614906347601812838972739040714583639046525620659818928497854019311675836004534360639985030421799124954972165195437523706255485066035741884365379856638374140616255846080497260146635784248235491010713591319697768735106492195030367081920226521965417694118820437424176160209410605216962616632061593909658897129046093666902159327118678713820739134217415625675639398905545887332451086133622193590567
  public exponent: 65537
  Validity: [From: Fri Jan 06 09:51:31 UTC 2023,
               To: Fri Jan 06 09:51:46 UTC 2023]
  Issuer: O=cluster, OU=test, CN=localhost
  SerialNumber: [    135425]

]
  Algorithm: [SHA256withRSA]
  Signature:
0000: 7D 2B F2 91 C1 F8 51 4B   BE 7D 46 3E A0 97 61 49  .+....QK..F>..aI
0010: BE A5 10 52 25 23 1D 00   88 E0 66 FE DC 05 87 C8  ...R%#....f.....
0020: 1D 65 A9 E4 95 21 28 12   01 0F 26 66 7C E2 7E 53  .e...!(...&f...S
0030: BF D4 C6 1F E4 B3 27 F5   32 57 EE 6E 72 A7 91 22  ......'.2W.nr.."
0040: D4 94 2C B2 AB B7 3F 9E   2B 87 2F 5F 43 E7 18 62  ..,...?.+./_C..b
0050: 27 7E 83 18 D7 0C AB 88   BB D0 4D 96 AB A3 54 32  '.........M...T2
0060: 3E F8 D1 B5 19 C8 AF 55   CF C7 1F AC CF 50 5E 31  >......U.....P^1
0070: 0C 4D 66 FB 65 39 80 38   E3 90 3C 17 E8 73 A4 2C  .Mf.e9.8..<..s.,
0080: DF 0F 99 89 C7 6E 89 CA   19 74 78 FF 15 1C 30 4D  .....n...tx...0M
0090: AB 76 23 2F C3 19 AF 92   EE 32 AD 1A 52 BF 37 D7  .v#/.....2..R.7.
00A0: 99 82 95 50 95 1E 56 D8   05 58 DB 10 19 FC 25 90  ...P..V..X....%.
00B0: 06 57 2D A3 E3 85 E6 D1   05 D9 C7 C3 6E 35 4A 6A  .W-.........n5Jj
00C0: 52 3E 85 75 D9 F6 28 CB   84 37 DE 65 10 E0 4B 79  R>.u..(..7.e..Ky
00D0: D4 35 E7 93 BC 08 DB 93   25 6D E5 E3 01 69 88 FC  .5......%m...i..
00E0: 1C 80 44 AC 8F 45 06 4B   E6 76 8F 03 3A 06 67 CE  ..D..E.K.v..:.g.
00F0: 89 7A DA F8 CD 75 FF 1D   C6 EF 3C 90 5A 6B 3D D8  .z...u....<.Zk=.

] from file:/home/runner/work/ozone/ozone/hadoop-hdds/container-service/target/test-dir/PjBx01n9A5/dn/certs/certificate.crt.
2023-01-06 09:51:48,988 [main] INFO  client.DNCertificateClient (DefaultCertificateClient.java:startCertificateMonitor(1393)) - CertificateLifetimeMonitor is started with first delay 0 ms and interval 1666 ms.
2023-01-06 09:51:48,988 [main] INFO  client.DNCertificateClient (DefaultCertificateClient.java:startCertificateMonitor(1393)) - CertificateLifetimeMonitor is started with first delay 0 ms and interval 1666 ms.
2023-01-06 09:51:48,991 [CertificateLifetimeMonitor] INFO  client.DNCertificateClient (DefaultCertificateClient.java:run(1410)) - Current certificate has entered the expiry grace period PT0S. Starting renew key and certs.
2023-01-06 09:51:49,081 [CertificateLifetimeMonitor] INFO  ozone.OzoneSecurityUtil (OzoneSecurityUtil.java:getValidInetsForCurrentHost(119)) - ip:fe80:0:0:0:20d:3aff:fef6:a12e%eth0 not returned.
2023-01-06 09:51:49,081 [CertificateLifetimeMonitor] INFO  ozone.OzoneSecurityUtil (OzoneSecurityUtil.java:getValidInetsForCurrentHost(116)) - Adding ip:10.1.0.8,host:fv-az844-354.kvdfyhrxhd0epk3sa4trub4njc.xx.internal.cloudapp.net
2023-01-06 09:51:49,081 [CertificateLifetimeMonitor] INFO  ozone.OzoneSecurityUtil (OzoneSecurityUtil.java:getValidInetsForCurrentHost(119)) - ip:0:0:0:0:0:0:0:1%lo not returned.
2023-01-06 09:51:49,081 [CertificateLifetimeMonitor] INFO  ozone.OzoneSecurityUtil (OzoneSecurityUtil.java:getValidInetsForCurrentHost(119)) - ip:127.0.0.1 not returned.
2023-01-06 09:51:49,081 [CertificateLifetimeMonitor] INFO  client.DNCertificateClient (DNCertificateClient.java:getCSRBuilder(98)) - Created csr for DN-> subject:runner@fv-az844-354.kvdfyhrxhd0epk3sa4trub4njc.xx.internal.cloudapp.net
2023-01-06 09:51:49,127 [CertificateLifetimeMonitor] ERROR client.DNCertificateClient (DNCertificateClient.java:signAndStoreCertificate(140)) - Error while signing and storing SCM signed certificate.
org.apache.hadoop.hdds.security.x509.exceptions.CertificateException: Unable to retrieve datanode certificate chain.
	at org.apache.hadoop.hdds.security.x509.certificate.client.DNCertificateClient.signAndStoreCertificate(DNCertificateClient.java:136)
	at org.apache.hadoop.hdds.security.x509.certificate.client.DefaultCertificateClient.renewAndStoreKeyAndCertificate(DefaultCertificateClient.java:1182)
	at org.apache.hadoop.hdds.security.x509.certificate.client.DefaultCertificateClient$CertificateLifetimeMonitor.run(DefaultCertificateClient.java:1413)
	at java.util.concurrent.Executors$RunnableAdapter.call(Executors.java:511)
	at java.util.concurrent.FutureTask.runAndReset(FutureTask.java:308)
	at java.util.concurrent.ScheduledThreadPoolExecutor$ScheduledFutureTask.access$301(ScheduledThreadPoolExecutor.java:180)
	at java.util.concurrent.ScheduledThreadPoolExecutor$ScheduledFutureTask.run(ScheduledThreadPoolExecutor.java:294)
	at java.util.concurrent.ThreadPoolExecutor.runWorker(ThreadPoolExecutor.java:1149)
	at java.util.concurrent.ThreadPoolExecutor$Worker.run(ThreadPoolExecutor.java:624)
	at java.lang.Thread.run(Thread.java:750)
2023-01-06 09:51:49,128 [CertificateLifetimeMonitor] ERROR client.DNCertificateClient (DefaultCertificateClient.java:run(1423)) - Failed to renew and store key and cert. Keep using existing certificates.
org.apache.hadoop.hdds.security.x509.exceptions.CertificateException: Error while signing and storing new certificates.
	at org.apache.hadoop.hdds.security.x509.certificate.client.DefaultCertificateClient.renewAndStoreKeyAndCertificate(DefaultCertificateClient.java:1185)
	at org.apache.hadoop.hdds.security.x509.certificate.client.DefaultCertificateClient$CertificateLifetimeMonitor.run(DefaultCertificateClient.java:1413)
	at java.util.concurrent.Executors$RunnableAdapter.call(Executors.java:511)
	at java.util.concurrent.FutureTask.runAndReset(FutureTask.java:308)
	at java.util.concurrent.ScheduledThreadPoolExecutor$ScheduledFutureTask.access$301(ScheduledThreadPoolExecutor.java:180)
	at java.util.concurrent.ScheduledThreadPoolExecutor$ScheduledFutureTask.run(ScheduledThreadPoolExecutor.java:294)
	at java.util.concurrent.ThreadPoolExecutor.runWorker(ThreadPoolExecutor.java:1149)
	at java.util.concurrent.ThreadPoolExecutor$Worker.run(ThreadPoolExecutor.java:624)
	at java.lang.Thread.run(Thread.java:750)
Caused by: org.apache.hadoop.hdds.security.x509.exceptions.CertificateException: Error while signing and storing SCM signed certificate.
	at org.apache.hadoop.hdds.security.x509.certificate.client.DNCertificateClient.signAndStoreCertificate(DNCertificateClient.java:141)
	at org.apache.hadoop.hdds.security.x509.certificate.client.DefaultCertificateClient.renewAndStoreKeyAndCertificate(DefaultCertificateClient.java:1182)
	... 8 more
Caused by: org.apache.hadoop.hdds.security.x509.exceptions.CertificateException: Unable to retrieve datanode certificate chain.
	at org.apache.hadoop.hdds.security.x509.certificate.client.DNCertificateClient.signAndStoreCertificate(DNCertificateClient.java:136)
	... 9 more
2023-01-06 09:51:49,128 [CertificateLifetimeMonitor] INFO  client.DNCertificateClient (DefaultCertificateClient.java:run(1410)) - Current certificate has entered the expiry grace period PT0S. Starting renew key and certs.
2023-01-06 09:51:49,201 [CertificateLifetimeMonitor] INFO  ozone.OzoneSecurityUtil (OzoneSecurityUtil.java:getValidInetsForCurrentHost(119)) - ip:fe80:0:0:0:20d:3aff:fef6:a12e%eth0 not returned.
2023-01-06 09:51:49,201 [CertificateLifetimeMonitor] INFO  ozone.OzoneSecurityUtil (OzoneSecurityUtil.java:getValidInetsForCurrentHost(116)) - Adding ip:10.1.0.8,host:fv-az844-354.kvdfyhrxhd0epk3sa4trub4njc.xx.internal.cloudapp.net
2023-01-06 09:51:49,201 [CertificateLifetimeMonitor] INFO  ozone.OzoneSecurityUtil (OzoneSecurityUtil.java:getValidInetsForCurrentHost(119)) - ip:0:0:0:0:0:0:0:1%lo not returned.
2023-01-06 09:51:49,201 [CertificateLifetimeMonitor] INFO  ozone.OzoneSecurityUtil (OzoneSecurityUtil.java:getValidInetsForCurrentHost(119)) - ip:127.0.0.1 not returned.
2023-01-06 09:51:49,202 [CertificateLifetimeMonitor] INFO  client.DNCertificateClient (DNCertificateClient.java:getCSRBuilder(98)) - Created csr for DN-> subject:runner@fv-az844-354.kvdfyhrxhd0epk3sa4trub4njc.xx.internal.cloudapp.net
2023-01-06 09:51:49,206 [CertificateLifetimeMonitor] ERROR client.DNCertificateClient (DNCertificateClient.java:signAndStoreCertificate(140)) - Error while signing and storing SCM signed certificate.
org.apache.hadoop.hdds.security.x509.exceptions.CertificateException: Unable to retrieve datanode certificate chain.
	at org.apache.hadoop.hdds.security.x509.certificate.client.DNCertificateClient.signAndStoreCertificate(DNCertificateClient.java:136)
	at org.apache.hadoop.hdds.security.x509.certificate.client.DefaultCertificateClient.renewAndStoreKeyAndCertificate(DefaultCertificateClient.java:1182)
	at org.apache.hadoop.hdds.security.x509.certificate.client.DefaultCertificateClient$CertificateLifetimeMonitor.run(DefaultCertificateClient.java:1413)
	at java.util.concurrent.Executors$RunnableAdapter.call(Executors.java:511)
	at java.util.concurrent.FutureTask.runAndReset(FutureTask.java:308)
	at java.util.concurrent.ScheduledThreadPoolExecutor$ScheduledFutureTask.access$301(ScheduledThreadPoolExecutor.java:180)
	at java.util.concurrent.ScheduledThreadPoolExecutor$ScheduledFutureTask.run(ScheduledThreadPoolExecutor.java:294)
	at java.util.concurrent.ThreadPoolExecutor.runWorker(ThreadPoolExecutor.java:1149)
	at java.util.concurrent.ThreadPoolExecutor$Worker.run(ThreadPoolExecutor.java:624)
	at java.lang.Thread.run(Thread.java:750)
2023-01-06 09:51:49,206 [CertificateLifetimeMonitor] ERROR client.DNCertificateClient (DefaultCertificateClient.java:run(1423)) - Failed to renew and store key and cert. Keep using existing certificates.
org.apache.hadoop.hdds.security.x509.exceptions.CertificateException: Error while signing and storing new certificates.
	at org.apache.hadoop.hdds.security.x509.certificate.client.DefaultCertificateClient.renewAndStoreKeyAndCertificate(DefaultCertificateClient.java:1185)
	at org.apache.hadoop.hdds.security.x509.certificate.client.DefaultCertificateClient$CertificateLifetimeMonitor.run(DefaultCertificateClient.java:1413)
	at java.util.concurrent.Executors$RunnableAdapter.call(Executors.java:511)
	at java.util.concurrent.FutureTask.runAndReset(FutureTask.java:308)
	at java.util.concurrent.ScheduledThreadPoolExecutor$ScheduledFutureTask.access$301(ScheduledThreadPoolExecutor.java:180)
	at java.util.concurrent.ScheduledThreadPoolExecutor$ScheduledFutureTask.run(ScheduledThreadPoolExecutor.java:294)
	at java.util.concurrent.ThreadPoolExecutor.runWorker(ThreadPoolExecutor.java:1149)
	at java.util.concurrent.ThreadPoolExecutor$Worker.run(ThreadPoolExecutor.java:624)
	at java.lang.Thread.run(Thread.java:750)
Caused by: org.apache.hadoop.hdds.security.x509.exceptions.CertificateException: Error while signing and storing SCM signed certificate.
	at org.apache.hadoop.hdds.security.x509.certificate.client.DNCertificateClient.signAndStoreCertificate(DNCertificateClient.java:141)
	at org.apache.hadoop.hdds.security.x509.certificate.client.DefaultCertificateClient.renewAndStoreKeyAndCertificate(DefaultCertificateClient.java:1182)
	... 8 more
Caused by: org.apache.hadoop.hdds.security.x509.exceptions.CertificateException: Unable to retrieve datanode certificate chain.
	at org.apache.hadoop.hdds.security.x509.certificate.client.DNCertificateClient.signAndStoreCertificate(DNCertificateClient.java:136)
	... 9 more
2023-01-06 09:51:49,330 [CertificateLifetimeMonitor] INFO  client.DNCertificateClient (DefaultCertificateClient.java:run(1410)) - Current certificate has entered the expiry grace period PT0S. Starting renew key and certs.
2023-01-06 09:51:49,330 [CertificateLifetimeMonitor] INFO  client.DNCertificateClient (DefaultCertificateClient.java:run(1410)) - Current certificate has entered the expiry grace period PT0S. Starting renew key and certs.
2023-01-06 09:51:49,331 [CertificateLifetimeMonitor] ERROR client.DNCertificateClient (DefaultCertificateClient.java:run(1423)) - Failed to renew and store key and cert. Keep using existing certificates.
org.apache.hadoop.hdds.security.x509.exceptions.CertificateException: Error while deleting/creating /home/runner/work/ozone/ozone/hadoop-hdds/container-service/target/test-dir/PjBx01n9A5/dn/keys-next or /home/runner/work/ozone/ozone/hadoop-hdds/container-service/target/test-dir/PjBx01n9A5/dn/certs-next directories to cleanup  certificate storage. 
	at org.apache.hadoop.hdds.security.x509.certificate.client.DefaultCertificateClient.renewAndStoreKeyAndCertificate(DefaultCertificateClient.java:1163)
	at org.apache.hadoop.hdds.security.x509.certificate.client.DefaultCertificateClient$CertificateLifetimeMonitor.run(DefaultCertificateClient.java:1413)
	at java.util.concurrent.Executors$RunnableAdapter.call(Executors.java:511)
	at java.util.concurrent.FutureTask.runAndReset(FutureTask.java:308)
	at java.util.concurrent.ScheduledThreadPoolExecutor$ScheduledFutureTask.access$301(ScheduledThreadPoolExecutor.java:180)
	at java.util.concurrent.ScheduledThreadPoolExecutor$ScheduledFutureTask.run(ScheduledThreadPoolExecutor.java:294)
	at java.util.concurrent.ThreadPoolExecutor.runWorker(ThreadPoolExecutor.java:1149)
	at java.util.concurrent.ThreadPoolExecutor$Worker.run(ThreadPoolExecutor.java:624)
	at java.lang.Thread.run(Thread.java:750)
Caused by: org.apache.commons.io.IOExceptionList: /home/runner/work/ozone/ozone/hadoop-hdds/container-service/target/test-dir/PjBx01n9A5/dn/keys-next
	at org.apache.commons.io.FileUtils.cleanDirectory(FileUtils.java:331)
	at org.apache.commons.io.FileUtils.deleteDirectory(FileUtils.java:1192)
	at org.apache.hadoop.hdds.security.x509.certificate.client.DefaultCertificateClient.renewAndStoreKeyAndCertificate(DefaultCertificateClient.java:1158)
	... 8 more
Caused by: java.io.FileNotFoundException: File does not exist: /home/runner/work/ozone/ozone/hadoop-hdds/container-service/target/test-dir/PjBx01n9A5/dn/keys-next/private.pem
	at org.apache.commons.io.FileUtils.forceDelete(FileUtils.java:1349)
	at org.apache.commons.io.FileUtils.cleanDirectory(FileUtils.java:324)
	... 10 more
2023-01-06 09:51:49,330 [CertificateLifetimeMonitor] INFO  client.DNCertificateClient (DefaultCertificateClient.java:run(1410)) - Current certificate has entered the expiry grace period PT0S. Starting renew key and certs.
2023-01-06 09:51:49,335 [CertificateLifetimeMonitor] INFO  client.DNCertificateClient (DefaultCertificateClient.java:run(1410)) - Current certificate has entered the expiry grace period PT0S. Starting renew key and certs.
2023-01-06 09:51:49,331 [CertificateLifetimeMonitor] ERROR client.DNCertificateClient (DefaultCertificateClient.java:run(1423)) - Failed to renew and store key and cert. Keep using existing certificates.
org.apache.hadoop.hdds.security.x509.exceptions.CertificateException: Error while deleting/creating /home/runner/work/ozone/ozone/hadoop-hdds/container-service/target/test-dir/PjBx01n9A5/dn/keys-next or /home/runner/work/ozone/ozone/hadoop-hdds/container-service/target/test-dir/PjBx01n9A5/dn/certs-next directories to cleanup  certificate storage. 
	at org.apache.hadoop.hdds.security.x509.certificate.client.DefaultCertificateClient.renewAndStoreKeyAndCertificate(DefaultCertificateClient.java:1163)
	at org.apache.hadoop.hdds.security.x509.certificate.client.DefaultCertificateClient$CertificateLifetimeMonitor.run(DefaultCertificateClient.java:1413)
	at java.util.concurrent.Executors$RunnableAdapter.call(Executors.java:511)
	at java.util.concurrent.FutureTask.runAndReset(FutureTask.java:308)
	at java.util.concurrent.ScheduledThreadPoolExecutor$ScheduledFutureTask.access$301(ScheduledThreadPoolExecutor.java:180)
	at java.util.concurrent.ScheduledThreadPoolExecutor$ScheduledFutureTask.run(ScheduledThreadPoolExecutor.java:294)
	at java.util.concurrent.ThreadPoolExecutor.runWorker(ThreadPoolExecutor.java:1149)
	at java.util.concurrent.ThreadPoolExecutor$Worker.run(ThreadPoolExecutor.java:624)
	at java.lang.Thread.run(Thread.java:750)
Caused by: org.apache.commons.io.IOExceptionList: /home/runner/work/ozone/ozone/hadoop-hdds/container-service/target/test-dir/PjBx01n9A5/dn/keys-next
	at org.apache.commons.io.FileUtils.cleanDirectory(FileUtils.java:331)
	at org.apache.commons.io.FileUtils.deleteDirectory(FileUtils.java:1192)
	at org.apache.hadoop.hdds.security.x509.certificate.client.DefaultCertificateClient.renewAndStoreKeyAndCertificate(DefaultCertificateClient.java:1158)
	... 8 more
Caused by: java.io.FileNotFoundException: File does not exist: /home/runner/work/ozone/ozone/hadoop-hdds/container-service/target/test-dir/PjBx01n9A5/dn/keys-next/public.pem
	at org.apache.commons.io.FileUtils.forceDelete(FileUtils.java:1349)
	at org.apache.commons.io.FileUtils.cleanDirectory(FileUtils.java:324)
	... 10 more
2023-01-06 09:51:49,335 [CertificateLifetimeMonitor] INFO  client.DNCertificateClient (DefaultCertificateClient.java:run(1410)) - Current certificate has entered the expiry grace period PT0S. Starting renew key and certs.
2023-01-06 09:51:49,708 [CertificateLifetimeMonitor] INFO  ozone.OzoneSecurityUtil (OzoneSecurityUtil.java:getValidInetsForCurrentHost(119)) - ip:fe80:0:0:0:20d:3aff:fef6:a12e%eth0 not returned.
2023-01-06 09:51:49,708 [CertificateLifetimeMonitor] INFO  ozone.OzoneSecurityUtil (OzoneSecurityUtil.java:getValidInetsForCurrentHost(116)) - Adding ip:10.1.0.8,host:fv-az844-354.kvdfyhrxhd0epk3sa4trub4njc.xx.internal.cloudapp.net
2023-01-06 09:51:49,709 [CertificateLifetimeMonitor] INFO  ozone.OzoneSecurityUtil (OzoneSecurityUtil.java:getValidInetsForCurrentHost(119)) - ip:0:0:0:0:0:0:0:1%lo not returned.
2023-01-06 09:51:49,709 [CertificateLifetimeMonitor] INFO  ozone.OzoneSecurityUtil (OzoneSecurityUtil.java:getValidInetsForCurrentHost(119)) - ip:127.0.0.1 not returned.
2023-01-06 09:51:49,717 [CertificateLifetimeMonitor] INFO  client.DNCertificateClient (DNCertificateClient.java:getCSRBuilder(98)) - Created csr for DN-> subject:runner@fv-az844-354.kvdfyhrxhd0epk3sa4trub4njc.xx.internal.cloudapp.net
2023-01-06 09:51:49,756 [CertificateLifetimeMonitor] INFO  client.DNCertificateClient (DefaultCertificateClient.java:renewAndStoreKeyAndCertificate(1261)) - Successful renew key and certificate. New certificate 1268720.
2023-01-06 09:51:49,756 [CertificateLifetimeMonitor] INFO  client.DNCertificateClient (DefaultCertificateClient.java:loadAllCertificates(177)) - Loading certificate from location:/home/runner/work/ozone/ozone/hadoop-hdds/container-service/target/test-dir/PjBx01n9A5/dn/certs.
2023-01-06 09:51:49,779 [CertificateLifetimeMonitor] INFO  client.DNCertificateClient (DefaultCertificateClient.java:loadAllCertificates(218)) - Added certificate [
[
  Version: V3
  Subject: O=cluster, OU=test, CN=localhost
  Signature Algorithm: SHA256withRSA, OID = 1.2.840.113549.1.1.11

  Key:  Sun RSA public key, 1024 bits
  params: null
  modulus: 150092031165576426679700237617878565485911947094914021810663713109956067860868209403334001280832549679241018388414789782839400372568743004462524586154001709991528136639785600016690625697143787723140421483756396113762321028462715944410846530529696573812721351226482481952959150246836287820567443103793495406439
  public exponent: 65537
  Validity: [From: Fri Jan 06 09:51:38 UTC 2023,
               To: Fri Jan 06 09:51:53 UTC 2023]
  Issuer: O=cluster, OU=test, CN=localhost
  SerialNumber: [    135bf0]

]
  Algorithm: [SHA256withRSA]
  Signature:
0000: 28 53 95 F2 7E AF 94 BD   A2 7B 0C 3E 86 21 55 F1  (S.........>.!U.
0010: 9C 8C 42 EF 40 BE 4B 56   BA B9 E9 54 15 66 56 14  ..B.@.KV...T.fV.
0020: 9C 61 F6 46 7C FD 9E 79   A0 C5 A3 99 09 97 3E A0  .a.F...y......>.
0030: BE F1 D1 E0 BB 2E 58 A3   49 8C FC 8E B6 97 35 CA  ......X.I.....5.
0040: 9C C6 4E 0A 5C 21 CE 6A   9C 20 5E 87 43 06 DB DF  ..N.\!.j. ^.C...
0050: 3C E0 11 96 7C 9B 27 8B   60 BC 5D 21 25 E2 1A 4B  <.....'.`.]!%..K
0060: 3B 68 43 ED 37 82 D7 60   32 9E C2 CD 05 10 DC F1  ;hC.7..`2.......
0070: F4 F1 46 4C ED E8 9E C3   1E 34 C8 89 E3 25 17 3A  ..FL.....4...%.:

] from file:/home/runner/work/ozone/ozone/hadoop-hdds/container-service/target/test-dir/PjBx01n9A5/dn/certs/1268720.crt.
2023-01-06 09:51:49,787 [CertificateLifetimeMonitor] INFO  client.DNCertificateClient (DefaultCertificateClient.java:loadAllCertificates(218)) - Added certificate [
[
  Version: V3
  Subject: O=cluster, OU=test, CN=localhost
  Signature Algorithm: SHA256withRSA, OID = 1.2.840.113549.1.1.11

  Key:  Sun RSA public key, 1024 bits
  params: null
  modulus: 150092031165576426679700237617878565485911947094914021810663713109956067860868209403334001280832549679241018388414789782839400372568743004462524586154001709991528136639785600016690625697143787723140421483756396113762321028462715944410846530529696573812721351226482481952959150246836287820567443103793495406439
  public exponent: 65537
  Validity: [From: Fri Jan 06 09:51:38 UTC 2023,
               To: Fri Jan 06 09:51:53 UTC 2023]
  Issuer: O=cluster, OU=test, CN=localhost
  SerialNumber: [    135bf0]

]
  Algorithm: [SHA256withRSA]
  Signature:
0000: 28 53 95 F2 7E AF 94 BD   A2 7B 0C 3E 86 21 55 F1  (S.........>.!U.
0010: 9C 8C 42 EF 40 BE 4B 56   BA B9 E9 54 15 66 56 14  ..B.@.KV...T.fV.
0020: 9C 61 F6 46 7C FD 9E 79   A0 C5 A3 99 09 97 3E A0  .a.F...y......>.
0030: BE F1 D1 E0 BB 2E 58 A3   49 8C FC 8E B6 97 35 CA  ......X.I.....5.
0040: 9C C6 4E 0A 5C 21 CE 6A   9C 20 5E 87 43 06 DB DF  ..N.\!.j. ^.C...
0050: 3C E0 11 96 7C 9B 27 8B   60 BC 5D 21 25 E2 1A 4B  <.....'.`.]!%..K
0060: 3B 68 43 ED 37 82 D7 60   32 9E C2 CD 05 10 DC F1  ;hC.7..`2.......
0070: F4 F1 46 4C ED E8 9E C3   1E 34 C8 89 E3 25 17 3A  ..FL.....4...%.:

] from file:/home/runner/work/ozone/ozone/hadoop-hdds/container-service/target/test-dir/PjBx01n9A5/dn/certs/CA-1268720.crt.
2023-01-06 09:51:49,800 [CertificateLifetimeMonitor] INFO  client.DNCertificateClient (DefaultCertificateClient.java:loadAllCertificates(218)) - Added certificate [
[
  Version: V3
  Subject: O=cluster, OU=test, CN=localhost
  Signature Algorithm: SHA256withRSA, OID = 1.2.840.113549.1.1.11

  Key:  Sun RSA public key, 1024 bits
  params: null
  modulus: 150092031165576426679700237617878565485911947094914021810663713109956067860868209403334001280832549679241018388414789782839400372568743004462524586154001709991528136639785600016690625697143787723140421483756396113762321028462715944410846530529696573812721351226482481952959150246836287820567443103793495406439
  public exponent: 65537
  Validity: [From: Fri Jan 06 09:51:38 UTC 2023,
               To: Fri Jan 06 09:51:53 UTC 2023]
  Issuer: O=cluster, OU=test, CN=localhost
  SerialNumber: [    135bf0]

]
  Algorithm: [SHA256withRSA]
  Signature:
0000: 28 53 95 F2 7E AF 94 BD   A2 7B 0C 3E 86 21 55 F1  (S.........>.!U.
0010: 9C 8C 42 EF 40 BE 4B 56   BA B9 E9 54 15 66 56 14  ..B.@.KV...T.fV.
0020: 9C 61 F6 46 7C FD 9E 79   A0 C5 A3 99 09 97 3E A0  .a.F...y......>.
0030: BE F1 D1 E0 BB 2E 58 A3   49 8C FC 8E B6 97 35 CA  ......X.I.....5.
0040: 9C C6 4E 0A 5C 21 CE 6A   9C 20 5E 87 43 06 DB DF  ..N.\!.j. ^.C...
0050: 3C E0 11 96 7C 9B 27 8B   60 BC 5D 21 25 E2 1A 4B  <.....'.`.]!%..K
0060: 3B 68 43 ED 37 82 D7 60   32 9E C2 CD 05 10 DC F1  ;hC.7..`2.......
0070: F4 F1 46 4C ED E8 9E C3   1E 34 C8 89 E3 25 17 3A  ..FL.....4...%.:

] from file:/home/runner/work/ozone/ozone/hadoop-hdds/container-service/target/test-dir/PjBx01n9A5/dn/certs/ROOTCA-1268720.crt.
2023-01-06 09:51:49,800 [CertificateLifetimeMonitor] INFO  client.DNCertificateClient (DefaultCertificateClient.java:reloadKeyAndCertificate(1333)) - Reset and reload key and all certificates.
2023-01-06 09:51:49,865 [CertificateLifetimeMonitor] ERROR client.DNCertificateClient (DefaultCertificateClient.java:createKeyPair(967)) - Error while bootstrapping certificate client.
java.nio.file.NoSuchFileException: /home/runner/work/ozone/ozone/hadoop-hdds/container-service/target/test-dir/PjBx01n9A5/dn/keys-next/public.pem
	at sun.nio.fs.UnixException.translateToIOException(UnixException.java:86)
	at sun.nio.fs.UnixException.rethrowAsIOException(UnixException.java:102)
	at sun.nio.fs.UnixException.rethrowAsIOException(UnixException.java:107)
	at sun.nio.fs.UnixFileSystemProvider.newByteChannel(UnixFileSystemProvider.java:214)
	at java.nio.file.spi.FileSystemProvider.newOutputStream(FileSystemProvider.java:434)
	at java.nio.file.Files.newOutputStream(Files.java:216)
	at org.apache.commons.io.output.FileWriterWithEncoding.initWriter(FileWriterWithEncoding.java:230)
	at org.apache.commons.io.output.FileWriterWithEncoding.<init>(FileWriterWithEncoding.java:184)
	at org.apache.commons.io.output.FileWriterWithEncoding.<init>(FileWriterWithEncoding.java:171)
	at org.apache.hadoop.hdds.security.x509.keys.KeyCodec.writePublicKey(KeyCodec.java:200)
	at org.apache.hadoop.hdds.security.x509.certificate.client.DefaultCertificateClient.createKeyPair(DefaultCertificateClient.java:963)
	at org.apache.hadoop.hdds.security.x509.certificate.client.DefaultCertificateClient.renewAndStoreKeyAndCertificate(DefaultCertificateClient.java:1172)
	at org.apache.hadoop.hdds.security.x509.certificate.client.DefaultCertificateClient$CertificateLifetimeMonitor.run(DefaultCertificateClient.java:1413)
	at java.util.concurrent.Executors$RunnableAdapter.call(Executors.java:511)
	at java.util.concurrent.FutureTask.runAndReset(FutureTask.java:308)
	at java.util.concurrent.ScheduledThreadPoolExecutor$ScheduledFutureTask.access$301(ScheduledThreadPoolExecutor.java:180)
	at java.util.concurrent.ScheduledThreadPoolExecutor$ScheduledFutureTask.run(ScheduledThreadPoolExecutor.java:294)
	at java.util.concurrent.ThreadPoolExecutor.runWorker(ThreadPoolExecutor.java:1149)
	at java.util.concurrent.ThreadPoolExecutor$Worker.run(ThreadPoolExecutor.java:624)
	at java.lang.Thread.run(Thread.java:750)
2023-01-06 09:51:49,878 [CertificateLifetimeMonitor] ERROR client.DNCertificateClient (DefaultCertificateClient.java:run(1423)) - Failed to renew and store key and cert. Keep using existing certificates.
org.apache.hadoop.hdds.security.x509.exceptions.CertificateException: Error while creating new key pair.
	at org.apache.hadoop.hdds.security.x509.certificate.client.DefaultCertificateClient.renewAndStoreKeyAndCertificate(DefaultCertificateClient.java:1174)
	at org.apache.hadoop.hdds.security.x509.certificate.client.DefaultCertificateClient$CertificateLifetimeMonitor.run(DefaultCertificateClient.java:1413)
	at java.util.concurrent.Executors$RunnableAdapter.call(Executors.java:511)
	at java.util.concurrent.FutureTask.runAndReset(FutureTask.java:308)
	at java.util.concurrent.ScheduledThreadPoolExecutor$ScheduledFutureTask.access$301(ScheduledThreadPoolExecutor.java:180)
	at java.util.concurrent.ScheduledThreadPoolExecutor$ScheduledFutureTask.run(ScheduledThreadPoolExecutor.java:294)
	at java.util.concurrent.ThreadPoolExecutor.runWorker(ThreadPoolExecutor.java:1149)
	at java.util.concurrent.ThreadPoolExecutor$Worker.run(ThreadPoolExecutor.java:624)
	at java.lang.Thread.run(Thread.java:750)
Caused by: org.apache.hadoop.hdds.security.x509.exceptions.CertificateException: Error while bootstrapping certificate.
	at org.apache.hadoop.hdds.security.x509.certificate.client.DefaultCertificateClient.createKeyPair(DefaultCertificateClient.java:968)
	at org.apache.hadoop.hdds.security.x509.certificate.client.DefaultCertificateClient.renewAndStoreKeyAndCertificate(DefaultCertificateClient.java:1172)
	... 8 more
2023-01-06 09:51:50,052 [CertificateLifetimeMonitor] ERROR client.DNCertificateClient (DefaultCertificateClient.java:createKeyPair(967)) - Error while bootstrapping certificate client.
java.nio.file.NoSuchFileException: /home/runner/work/ozone/ozone/hadoop-hdds/container-service/target/test-dir/PjBx01n9A5/dn/keys-next/public.pem
	at sun.nio.fs.UnixException.translateToIOException(UnixException.java:86)
	at sun.nio.fs.UnixException.rethrowAsIOException(UnixException.java:102)
	at sun.nio.fs.UnixException.rethrowAsIOException(UnixException.java:107)
	at sun.nio.fs.UnixFileSystemProvider.newByteChannel(UnixFileSystemProvider.java:214)
	at java.nio.file.spi.FileSystemProvider.newOutputStream(FileSystemProvider.java:434)
	at java.nio.file.Files.newOutputStream(Files.java:216)
	at org.apache.commons.io.output.FileWriterWithEncoding.initWriter(FileWriterWithEncoding.java:230)
	at org.apache.commons.io.output.FileWriterWithEncoding.<init>(FileWriterWithEncoding.java:184)
	at org.apache.commons.io.output.FileWriterWithEncoding.<init>(FileWriterWithEncoding.java:171)
	at org.apache.hadoop.hdds.security.x509.keys.KeyCodec.writePublicKey(KeyCodec.java:200)
	at org.apache.hadoop.hdds.security.x509.certificate.client.DefaultCertificateClient.createKeyPair(DefaultCertificateClient.java:963)
	at org.apache.hadoop.hdds.security.x509.certificate.client.DefaultCertificateClient.renewAndStoreKeyAndCertificate(DefaultCertificateClient.java:1172)
	at org.apache.hadoop.hdds.security.x509.certificate.client.DefaultCertificateClient$CertificateLifetimeMonitor.run(DefaultCertificateClient.java:1413)
	at java.util.concurrent.Executors$RunnableAdapter.call(Executors.java:511)
	at java.util.concurrent.FutureTask.runAndReset(FutureTask.java:308)
	at java.util.concurrent.ScheduledThreadPoolExecutor$ScheduledFutureTask.access$301(ScheduledThreadPoolExecutor.java:180)
	at java.util.concurrent.ScheduledThreadPoolExecutor$ScheduledFutureTask.run(ScheduledThreadPoolExecutor.java:294)
	at java.util.concurrent.ThreadPoolExecutor.runWorker(ThreadPoolExecutor.java:1149)
	at java.util.concurrent.ThreadPoolExecutor$Worker.run(ThreadPoolExecutor.java:624)
	at java.lang.Thread.run(Thread.java:750)
2023-01-06 09:51:50,052 [CertificateLifetimeMonitor] ERROR client.DNCertificateClient (DefaultCertificateClient.java:run(1423)) - Failed to renew and store key and cert. Keep using existing certificates.
org.apache.hadoop.hdds.security.x509.exceptions.CertificateException: Error while creating new key pair.
	at org.apache.hadoop.hdds.security.x509.certificate.client.DefaultCertificateClient.renewAndStoreKeyAndCertificate(DefaultCertificateClient.java:1174)
	at org.apache.hadoop.hdds.security.x509.certificate.client.DefaultCertificateClient$CertificateLifetimeMonitor.run(DefaultCertificateClient.java:1413)
	at java.util.concurrent.Executors$RunnableAdapter.call(Executors.java:511)
	at java.util.concurrent.FutureTask.runAndReset(FutureTask.java:308)
	at java.util.concurrent.ScheduledThreadPoolExecutor$ScheduledFutureTask.access$301(ScheduledThreadPoolExecutor.java:180)
	at java.util.concurrent.ScheduledThreadPoolExecutor$ScheduledFutureTask.run(ScheduledThreadPoolExecutor.java:294)
	at java.util.concurrent.ThreadPoolExecutor.runWorker(ThreadPoolExecutor.java:1149)
	at java.util.concurrent.ThreadPoolExecutor$Worker.run(ThreadPoolExecutor.java:624)
	at java.lang.Thread.run(Thread.java:750)
Caused by: org.apache.hadoop.hdds.security.x509.exceptions.CertificateException: Error while bootstrapping certificate.
	at org.apache.hadoop.hdds.security.x509.certificate.client.DefaultCertificateClient.createKeyPair(DefaultCertificateClient.java:968)
	at org.apache.hadoop.hdds.security.x509.certificate.client.DefaultCertificateClient.renewAndStoreKeyAndCertificate(DefaultCertificateClient.java:1172)
	... 8 more
2023-01-06 09:51:50,654 [CertificateLifetimeMonitor] INFO  client.DNCertificateClient (DefaultCertificateClient.java:run(1410)) - Current certificate has entered the expiry grace period PT0S. Starting renew key and certs.
2023-01-06 09:51:50,996 [CertificateLifetimeMonitor] INFO  client.DNCertificateClient (DefaultCertificateClient.java:run(1410)) - Current certificate has entered the expiry grace period PT0S. Starting renew key and certs.
2023-01-06 09:51:50,996 [CertificateLifetimeMonitor] INFO  client.DNCertificateClient (DefaultCertificateClient.java:run(1410)) - Current certificate has entered the expiry grace period PT0S. Starting renew key and certs.
2023-01-06 09:51:50,996 [CertificateLifetimeMonitor] INFO  client.DNCertificateClient (DefaultCertificateClient.java:run(1410)) - Current certificate has entered the expiry grace period PT0S. Starting renew key and certs.
2023-01-06 09:51:50,999 [CertificateLifetimeMonitor] INFO  client.DNCertificateClient (DefaultCertificateClient.java:run(1410)) - Current certificate has entered the expiry grace period PT0S. Starting renew key and certs.
2023-01-06 09:51:51,001 [CertificateLifetimeMonitor] INFO  client.DNCertificateClient (DefaultCertificateClient.java:run(1410)) - Current certificate has entered the expiry grace period PT0S. Starting renew key and certs.
2023-01-06 09:51:51,131 [CertificateLifetimeMonitor] INFO  ozone.OzoneSecurityUtil (OzoneSecurityUtil.java:getValidInetsForCurrentHost(119)) - ip:fe80:0:0:0:20d:3aff:fef6:a12e%eth0 not returned.
2023-01-06 09:51:51,131 [CertificateLifetimeMonitor] INFO  ozone.OzoneSecurityUtil (OzoneSecurityUtil.java:getValidInetsForCurrentHost(116)) - Adding ip:10.1.0.8,host:fv-az844-354.kvdfyhrxhd0epk3sa4trub4njc.xx.internal.cloudapp.net
2023-01-06 09:51:51,132 [CertificateLifetimeMonitor] INFO  ozone.OzoneSecurityUtil (OzoneSecurityUtil.java:getValidInetsForCurrentHost(119)) - ip:0:0:0:0:0:0:0:1%lo not returned.
2023-01-06 09:51:51,132 [CertificateLifetimeMonitor] INFO  ozone.OzoneSecurityUtil (OzoneSecurityUtil.java:getValidInetsForCurrentHost(119)) - ip:127.0.0.1 not returned.
2023-01-06 09:51:51,142 [CertificateLifetimeMonitor] INFO  client.DNCertificateClient (DNCertificateClient.java:getCSRBuilder(98)) - Created csr for DN-> subject:runner@fv-az844-354.kvdfyhrxhd0epk3sa4trub4njc.xx.internal.cloudapp.net
2023-01-06 09:51:51,152 [CertificateLifetimeMonitor] ERROR client.DNCertificateClient (DNCertificateClient.java:signAndStoreCertificate(140)) - Error while signing and storing SCM signed certificate.
org.apache.hadoop.hdds.security.x509.exceptions.CertificateException: Unable to retrieve datanode certificate chain.
	at org.apache.hadoop.hdds.security.x509.certificate.client.DNCertificateClient.signAndStoreCertificate(DNCertificateClient.java:136)
	at org.apache.hadoop.hdds.security.x509.certificate.client.DefaultCertificateClient.renewAndStoreKeyAndCertificate(DefaultCertificateClient.java:1182)
	at org.apache.hadoop.hdds.security.x509.certificate.client.DefaultCertificateClient$CertificateLifetimeMonitor.run(DefaultCertificateClient.java:1413)
	at java.util.concurrent.Executors$RunnableAdapter.call(Executors.java:511)
	at java.util.concurrent.FutureTask.runAndReset(FutureTask.java:308)
	at java.util.concurrent.ScheduledThreadPoolExecutor$ScheduledFutureTask.access$301(ScheduledThreadPoolExecutor.java:180)
	at java.util.concurrent.ScheduledThreadPoolExecutor$ScheduledFutureTask.run(ScheduledThreadPoolExecutor.java:294)
	at java.util.concurrent.ThreadPoolExecutor.runWorker(ThreadPoolExecutor.java:1149)
	at java.util.concurrent.ThreadPoolExecutor$Worker.run(ThreadPoolExecutor.java:624)
	at java.lang.Thread.run(Thread.java:750)
2023-01-06 09:51:51,153 [CertificateLifetimeMonitor] ERROR client.DNCertificateClient (DefaultCertificateClient.java:run(1423)) - Failed to renew and store key and cert. Keep using existing certificates.
org.apache.hadoop.hdds.security.x509.exceptions.CertificateException: Error while signing and storing new certificates.
	at org.apache.hadoop.hdds.security.x509.certificate.client.DefaultCertificateClient.renewAndStoreKeyAndCertificate(DefaultCertificateClient.java:1185)
	at org.apache.hadoop.hdds.security.x509.certificate.client.DefaultCertificateClient$CertificateLifetimeMonitor.run(DefaultCertificateClient.java:1413)
	at java.util.concurrent.Executors$RunnableAdapter.call(Executors.java:511)
	at java.util.concurrent.FutureTask.runAndReset(FutureTask.java:308)
	at java.util.concurrent.ScheduledThreadPoolExecutor$ScheduledFutureTask.access$301(ScheduledThreadPoolExecutor.java:180)
	at java.util.concurrent.ScheduledThreadPoolExecutor$ScheduledFutureTask.run(ScheduledThreadPoolExecutor.java:294)
	at java.util.concurrent.ThreadPoolExecutor.runWorker(ThreadPoolExecutor.java:1149)
	at java.util.concurrent.ThreadPoolExecutor$Worker.run(ThreadPoolExecutor.java:624)
	at java.lang.Thread.run(Thread.java:750)
Caused by: org.apache.hadoop.hdds.security.x509.exceptions.CertificateException: Error while signing and storing SCM signed certificate.
	at org.apache.hadoop.hdds.security.x509.certificate.client.DNCertificateClient.signAndStoreCertificate(DNCertificateClient.java:141)
	at org.apache.hadoop.hdds.security.x509.certificate.client.DefaultCertificateClient.renewAndStoreKeyAndCertificate(DefaultCertificateClient.java:1182)
	... 8 more
Caused by: org.apache.hadoop.hdds.security.x509.exceptions.CertificateException: Unable to retrieve datanode certificate chain.
	at org.apache.hadoop.hdds.security.x509.certificate.client.DNCertificateClient.signAndStoreCertificate(DNCertificateClient.java:136)
	... 9 more
2023-01-06 09:51:51,170 [CertificateLifetimeMonitor] INFO  client.DNCertificateClient (DefaultCertificateClient.java:run(1410)) - Current certificate has entered the expiry grace period PT0S. Starting renew key and certs.
2023-01-06 09:51:51,598 [CertificateLifetimeMonitor] ERROR client.DNCertificateClient (DefaultCertificateClient.java:createKeyPair(967)) - Error while bootstrapping certificate client.
java.io.IOException: Private key already exist.
	at org.apache.hadoop.hdds.security.x509.keys.KeyCodec.writePublicKey(KeyCodec.java:197)
	at org.apache.hadoop.hdds.security.x509.certificate.client.DefaultCertificateClient.createKeyPair(DefaultCertificateClient.java:963)
	at org.apache.hadoop.hdds.security.x509.certificate.client.DefaultCertificateClient.renewAndStoreKeyAndCertificate(DefaultCertificateClient.java:1172)
	at org.apache.hadoop.hdds.security.x509.certificate.client.DefaultCertificateClient$CertificateLifetimeMonitor.run(DefaultCertificateClient.java:1413)
	at java.util.concurrent.Executors$RunnableAdapter.call(Executors.java:511)
	at java.util.concurrent.FutureTask.runAndReset(FutureTask.java:308)
	at java.util.concurrent.ScheduledThreadPoolExecutor$ScheduledFutureTask.access$301(ScheduledThreadPoolExecutor.java:180)
	at java.util.concurrent.ScheduledThreadPoolExecutor$ScheduledFutureTask.run(ScheduledThreadPoolExecutor.java:294)
	at java.util.concurrent.ThreadPoolExecutor.runWorker(ThreadPoolExecutor.java:1149)
	at java.util.concurrent.ThreadPoolExecutor$Worker.run(ThreadPoolExecutor.java:624)
	at java.lang.Thread.run(Thread.java:750)
2023-01-06 09:51:51,599 [CertificateLifetimeMonitor] ERROR client.DNCertificateClient (DefaultCertificateClient.java:run(1423)) - Failed to renew and store key and cert. Keep using existing certificates.
org.apache.hadoop.hdds.security.x509.exceptions.CertificateException: Error while creating new key pair.
	at org.apache.hadoop.hdds.security.x509.certificate.client.DefaultCertificateClient.renewAndStoreKeyAndCertificate(DefaultCertificateClient.java:1174)
	at org.apache.hadoop.hdds.security.x509.certificate.client.DefaultCertificateClient$CertificateLifetimeMonitor.run(DefaultCertificateClient.java:1413)
	at java.util.concurrent.Executors$RunnableAdapter.call(Executors.java:511)
	at java.util.concurrent.FutureTask.runAndReset(FutureTask.java:308)
	at java.util.concurrent.ScheduledThreadPoolExecutor$ScheduledFutureTask.access$301(ScheduledThreadPoolExecutor.java:180)
	at java.util.concurrent.ScheduledThreadPoolExecutor$ScheduledFutureTask.run(ScheduledThreadPoolExecutor.java:294)
	at java.util.concurrent.ThreadPoolExecutor.runWorker(ThreadPoolExecutor.java:1149)
	at java.util.concurrent.ThreadPoolExecutor$Worker.run(ThreadPoolExecutor.java:624)
	at java.lang.Thread.run(Thread.java:750)
Caused by: org.apache.hadoop.hdds.security.x509.exceptions.CertificateException: Error while bootstrapping certificate.
	at org.apache.hadoop.hdds.security.x509.certificate.client.DefaultCertificateClient.createKeyPair(DefaultCertificateClient.java:968)
	at org.apache.hadoop.hdds.security.x509.certificate.client.DefaultCertificateClient.renewAndStoreKeyAndCertificate(DefaultCertificateClient.java:1172)
	... 8 more
2023-01-06 09:51:51,604 [CertificateLifetimeMonitor] INFO  ozone.OzoneSecurityUtil (OzoneSecurityUtil.java:getValidInetsForCurrentHost(119)) - ip:fe80:0:0:0:20d:3aff:fef6:a12e%eth0 not returned.
2023-01-06 09:51:51,605 [CertificateLifetimeMonitor] INFO  ozone.OzoneSecurityUtil (OzoneSecurityUtil.java:getValidInetsForCurrentHost(116)) - Adding ip:10.1.0.8,host:fv-az844-354.kvdfyhrxhd0epk3sa4trub4njc.xx.internal.cloudapp.net
2023-01-06 09:51:51,605 [CertificateLifetimeMonitor] INFO  ozone.OzoneSecurityUtil (OzoneSecurityUtil.java:getValidInetsForCurrentHost(119)) - ip:0:0:0:0:0:0:0:1%lo not returned.
2023-01-06 09:51:51,605 [CertificateLifetimeMonitor] INFO  ozone.OzoneSecurityUtil (OzoneSecurityUtil.java:getValidInetsForCurrentHost(119)) - ip:127.0.0.1 not returned.
2023-01-06 09:51:51,606 [CertificateLifetimeMonitor] INFO  client.DNCertificateClient (DNCertificateClient.java:getCSRBuilder(98)) - Created csr for DN-> subject:runner@fv-az844-354.kvdfyhrxhd0epk3sa4trub4njc.xx.internal.cloudapp.net
2023-01-06 09:51:51,630 [CertificateLifetimeMonitor] ERROR client.DNCertificateClient (DefaultCertificateClient.java:run(1423)) - Failed to renew and store key and cert. Keep using existing certificates.
org.apache.hadoop.hdds.security.x509.exceptions.CertificateException: Error while signing and storing new certificates.
	at org.apache.hadoop.hdds.security.x509.certificate.client.DefaultCertificateClient.renewAndStoreKeyAndCertificate(DefaultCertificateClient.java:1185)
	at org.apache.hadoop.hdds.security.x509.certificate.client.DefaultCertificateClient$CertificateLifetimeMonitor.run(DefaultCertificateClient.java:1413)
	at java.util.concurrent.Executors$RunnableAdapter.call(Executors.java:511)
	at java.util.concurrent.FutureTask.runAndReset(FutureTask.java:308)
	at java.util.concurrent.ScheduledThreadPoolExecutor$ScheduledFutureTask.access$301(ScheduledThreadPoolExecutor.java:180)
	at java.util.concurrent.ScheduledThreadPoolExecutor$ScheduledFutureTask.run(ScheduledThreadPoolExecutor.java:294)
	at java.util.concurrent.ThreadPoolExecutor.runWorker(ThreadPoolExecutor.java:1149)
	at java.util.concurrent.ThreadPoolExecutor$Worker.run(ThreadPoolExecutor.java:624)
	at java.lang.Thread.run(Thread.java:750)
Caused by: org.apache.hadoop.hdds.conf.ConfigurationException: SCM Client Address could not be obtained from config. Config is not properly defined
	at org.apache.hadoop.hdds.scm.proxy.SCMSecurityProtocolFailoverProxyProvider.loadConfigs(SCMSecurityProtocolFailoverProxyProvider.java:120)
	at org.apache.hadoop.hdds.scm.proxy.SCMSecurityProtocolFailoverProxyProvider.<init>(SCMSecurityProtocolFailoverProxyProvider.java:105)
	at org.apache.hadoop.hdds.utils.HddsServerUtil.getScmSecurityClientWithMaxRetry(HddsServerUtil.java:467)
	at org.apache.hadoop.hdds.security.x509.certificate.client.DefaultCertificateClient.getScmSecureClient(DefaultCertificateClient.java:1363)
	at org.apache.hadoop.hdds.security.x509.certificate.client.DNCertificateClient.signAndStoreCertificate(DNCertificateClient.java:113)
	at org.apache.hadoop.hdds.security.x509.certificate.client.DefaultCertificateClient.renewAndStoreKeyAndCertificate(DefaultCertificateClient.java:1182)
	... 8 more
2023-01-06 09:51:51,708 [CertificateLifetimeMonitor] ERROR client.DNCertificateClient (DefaultCertificateClient.java:createKeyPair(967)) - Error while bootstrapping certificate client.
java.io.IOException: Private key already exist.
	at org.apache.hadoop.hdds.security.x509.keys.KeyCodec.writePublicKey(KeyCodec.java:197)
	at org.apache.hadoop.hdds.security.x509.certificate.client.DefaultCertificateClient.createKeyPair(DefaultCertificateClient.java:963)
	at org.apache.hadoop.hdds.security.x509.certificate.client.DefaultCertificateClient.renewAndStoreKeyAndCertificate(DefaultCertificateClient.java:1172)
	at org.apache.hadoop.hdds.security.x509.certificate.client.DefaultCertificateClient$CertificateLifetimeMonitor.run(DefaultCertificateClient.java:1413)
	at java.util.concurrent.Executors$RunnableAdapter.call(Executors.java:511)
	at java.util.concurrent.FutureTask.runAndReset(FutureTask.java:308)
	at java.util.concurrent.ScheduledThreadPoolExecutor$ScheduledFutureTask.access$301(ScheduledThreadPoolExecutor.java:180)
	at java.util.concurrent.ScheduledThreadPoolExecutor$ScheduledFutureTask.run(ScheduledThreadPoolExecutor.java:294)
	at java.util.concurrent.ThreadPoolExecutor.runWorker(ThreadPoolExecutor.java:1149)
	at java.util.concurrent.ThreadPoolExecutor$Worker.run(ThreadPoolExecutor.java:624)
	at java.lang.Thread.run(Thread.java:750)
2023-01-06 09:51:51,708 [CertificateLifetimeMonitor] ERROR client.DNCertificateClient (DefaultCertificateClient.java:run(1423)) - Failed to renew and store key and cert. Keep using existing certificates.
org.apache.hadoop.hdds.security.x509.exceptions.CertificateException: Error while creating new key pair.
	at org.apache.hadoop.hdds.security.x509.certificate.client.DefaultCertificateClient.renewAndStoreKeyAndCertificate(DefaultCertificateClient.java:1174)
	at org.apache.hadoop.hdds.security.x509.certificate.client.DefaultCertificateClient$CertificateLifetimeMonitor.run(DefaultCertificateClient.java:1413)
	at java.util.concurrent.Executors$RunnableAdapter.call(Executors.java:511)
	at java.util.concurrent.FutureTask.runAndReset(FutureTask.java:308)
	at java.util.concurrent.ScheduledThreadPoolExecutor$ScheduledFutureTask.access$301(ScheduledThreadPoolExecutor.java:180)
	at java.util.concurrent.ScheduledThreadPoolExecutor$ScheduledFutureTask.run(ScheduledThreadPoolExecutor.java:294)
	at java.util.concurrent.ThreadPoolExecutor.runWorker(ThreadPoolExecutor.java:1149)
	at java.util.concurrent.ThreadPoolExecutor$Worker.run(ThreadPoolExecutor.java:624)
	at java.lang.Thread.run(Thread.java:750)
Caused by: org.apache.hadoop.hdds.security.x509.exceptions.CertificateException: Error while bootstrapping certificate.
	at org.apache.hadoop.hdds.security.x509.certificate.client.DefaultCertificateClient.createKeyPair(DefaultCertificateClient.java:968)
	at org.apache.hadoop.hdds.security.x509.certificate.client.DefaultCertificateClient.renewAndStoreKeyAndCertificate(DefaultCertificateClient.java:1172)
	... 8 more
2023-01-06 09:51:51,785 [CertificateLifetimeMonitor] ERROR client.DNCertificateClient (DefaultCertificateClient.java:createKeyPair(967)) - Error while bootstrapping certificate client.
java.io.IOException: Private key already exist.
	at org.apache.hadoop.hdds.security.x509.keys.KeyCodec.writePublicKey(KeyCodec.java:197)
	at org.apache.hadoop.hdds.security.x509.certificate.client.DefaultCertificateClient.createKeyPair(DefaultCertificateClient.java:963)
	at org.apache.hadoop.hdds.security.x509.certificate.client.DefaultCertificateClient.renewAndStoreKeyAndCertificate(DefaultCertificateClient.java:1172)
	at org.apache.hadoop.hdds.security.x509.certificate.client.DefaultCertificateClient$CertificateLifetimeMonitor.run(DefaultCertificateClient.java:1413)
	at java.util.concurrent.Executors$RunnableAdapter.call(Executors.java:511)
	at java.util.concurrent.FutureTask.runAndReset(FutureTask.java:308)
	at java.util.concurrent.ScheduledThreadPoolExecutor$ScheduledFutureTask.access$301(ScheduledThreadPoolExecutor.java:180)
	at java.util.concurrent.ScheduledThreadPoolExecutor$ScheduledFutureTask.run(ScheduledThreadPoolExecutor.java:294)
	at java.util.concurrent.ThreadPoolExecutor.runWorker(ThreadPoolExecutor.java:1149)
	at java.util.concurrent.ThreadPoolExecutor$Worker.run(ThreadPoolExecutor.java:624)
	at java.lang.Thread.run(Thread.java:750)
2023-01-06 09:51:51,786 [CertificateLifetimeMonitor] ERROR client.DNCertificateClient (DefaultCertificateClient.java:run(1423)) - Failed to renew and store key and cert. Keep using existing certificates.
org.apache.hadoop.hdds.security.x509.exceptions.CertificateException: Error while creating new key pair.
	at org.apache.hadoop.hdds.security.x509.certificate.client.DefaultCertificateClient.renewAndStoreKeyAndCertificate(DefaultCertificateClient.java:1174)
	at org.apache.hadoop.hdds.security.x509.certificate.client.DefaultCertificateClient$CertificateLifetimeMonitor.run(DefaultCertificateClient.java:1413)
	at java.util.concurrent.Executors$RunnableAdapter.call(Executors.java:511)
	at java.util.concurrent.FutureTask.runAndReset(FutureTask.java:308)
	at java.util.concurrent.ScheduledThreadPoolExecutor$ScheduledFutureTask.access$301(ScheduledThreadPoolExecutor.java:180)
	at java.util.concurrent.ScheduledThreadPoolExecutor$ScheduledFutureTask.run(ScheduledThreadPoolExecutor.java:294)
	at java.util.concurrent.ThreadPoolExecutor.runWorker(ThreadPoolExecutor.java:1149)
	at java.util.concurrent.ThreadPoolExecutor$Worker.run(ThreadPoolExecutor.java:624)
	at java.lang.Thread.run(Thread.java:750)
Caused by: org.apache.hadoop.hdds.security.x509.exceptions.CertificateException: Error while bootstrapping certificate.
	at org.apache.hadoop.hdds.security.x509.certificate.client.DefaultCertificateClient.createKeyPair(DefaultCertificateClient.java:968)
	at org.apache.hadoop.hdds.security.x509.certificate.client.DefaultCertificateClient.renewAndStoreKeyAndCertificate(DefaultCertificateClient.java:1172)
	... 8 more
2023-01-06 09:51:52,034 [CertificateLifetimeMonitor] ERROR client.DNCertificateClient (DefaultCertificateClient.java:createKeyPair(967)) - Error while bootstrapping certificate client.
java.io.IOException: Private key already exist.
	at org.apache.hadoop.hdds.security.x509.keys.KeyCodec.writePublicKey(KeyCodec.java:197)
	at org.apache.hadoop.hdds.security.x509.certificate.client.DefaultCertificateClient.createKeyPair(DefaultCertificateClient.java:963)
	at org.apache.hadoop.hdds.security.x509.certificate.client.DefaultCertificateClient.renewAndStoreKeyAndCertificate(DefaultCertificateClient.java:1172)
	at org.apache.hadoop.hdds.security.x509.certificate.client.DefaultCertificateClient$CertificateLifetimeMonitor.run(DefaultCertificateClient.java:1413)
	at java.util.concurrent.Executors$RunnableAdapter.call(Executors.java:511)
	at java.util.concurrent.FutureTask.runAndReset(FutureTask.java:308)
	at java.util.concurrent.ScheduledThreadPoolExecutor$ScheduledFutureTask.access$301(ScheduledThreadPoolExecutor.java:180)
	at java.util.concurrent.ScheduledThreadPoolExecutor$ScheduledFutureTask.run(ScheduledThreadPoolExecutor.java:294)
	at java.util.concurrent.ThreadPoolExecutor.runWorker(ThreadPoolExecutor.java:1149)
	at java.util.concurrent.ThreadPoolExecutor$Worker.run(ThreadPoolExecutor.java:624)
	at java.lang.Thread.run(Thread.java:750)
2023-01-06 09:51:52,035 [CertificateLifetimeMonitor] ERROR client.DNCertificateClient (DefaultCertificateClient.java:run(1423)) - Failed to renew and store key and cert. Keep using existing certificates.
org.apache.hadoop.hdds.security.x509.exceptions.CertificateException: Error while creating new key pair.
	at org.apache.hadoop.hdds.security.x509.certificate.client.DefaultCertificateClient.renewAndStoreKeyAndCertificate(DefaultCertificateClient.java:1174)
	at org.apache.hadoop.hdds.security.x509.certificate.client.DefaultCertificateClient$CertificateLifetimeMonitor.run(DefaultCertificateClient.java:1413)
	at java.util.concurrent.Executors$RunnableAdapter.call(Executors.java:511)
	at java.util.concurrent.FutureTask.runAndReset(FutureTask.java:308)
	at java.util.concurrent.ScheduledThreadPoolExecutor$ScheduledFutureTask.access$301(ScheduledThreadPoolExecutor.java:180)
	at java.util.concurrent.ScheduledThreadPoolExecutor$ScheduledFutureTask.run(ScheduledThreadPoolExecutor.java:294)
	at java.util.concurrent.ThreadPoolExecutor.runWorker(ThreadPoolExecutor.java:1149)
	at java.util.concurrent.ThreadPoolExecutor$Worker.run(ThreadPoolExecutor.java:624)
	at java.lang.Thread.run(Thread.java:750)
Caused by: org.apache.hadoop.hdds.security.x509.exceptions.CertificateException: Error while bootstrapping certificate.
	at org.apache.hadoop.hdds.security.x509.certificate.client.DefaultCertificateClient.createKeyPair(DefaultCertificateClient.java:968)
	at org.apache.hadoop.hdds.security.x509.certificate.client.DefaultCertificateClient.renewAndStoreKeyAndCertificate(DefaultCertificateClient.java:1172)
	... 8 more
2023-01-06 09:51:52,320 [CertificateLifetimeMonitor] INFO  client.DNCertificateClient (DefaultCertificateClient.java:run(1410)) - Current certificate has entered the expiry grace period PT0S. Starting renew key and certs.
2023-01-06 09:51:52,603 [CertificateLifetimeMonitor] INFO  ozone.OzoneSecurityUtil (OzoneSecurityUtil.java:getValidInetsForCurrentHost(119)) - ip:fe80:0:0:0:20d:3aff:fef6:a12e%eth0 not returned.
2023-01-06 09:51:52,603 [CertificateLifetimeMonitor] INFO  ozone.OzoneSecurityUtil (OzoneSecurityUtil.java:getValidInetsForCurrentHost(116)) - Adding ip:10.1.0.8,host:fv-az844-354.kvdfyhrxhd0epk3sa4trub4njc.xx.internal.cloudapp.net
2023-01-06 09:51:52,603 [CertificateLifetimeMonitor] INFO  ozone.OzoneSecurityUtil (OzoneSecurityUtil.java:getValidInetsForCurrentHost(119)) - ip:0:0:0:0:0:0:0:1%lo not returned.
2023-01-06 09:51:52,603 [CertificateLifetimeMonitor] INFO  ozone.OzoneSecurityUtil (OzoneSecurityUtil.java:getValidInetsForCurrentHost(119)) - ip:127.0.0.1 not returned.
2023-01-06 09:51:52,604 [CertificateLifetimeMonitor] INFO  client.DNCertificateClient (DNCertificateClient.java:getCSRBuilder(98)) - Created csr for DN-> subject:runner@fv-az844-354.kvdfyhrxhd0epk3sa4trub4njc.xx.internal.cloudapp.net
2023-01-06 09:51:52,607 [CertificateLifetimeMonitor] ERROR client.DNCertificateClient (DNCertificateClient.java:signAndStoreCertificate(140)) - Error while signing and storing SCM signed certificate.
org.apache.hadoop.hdds.security.x509.exceptions.CertificateException: Unable to retrieve datanode certificate chain.
	at org.apache.hadoop.hdds.security.x509.certificate.client.DNCertificateClient.signAndStoreCertificate(DNCertificateClient.java:136)
	at org.apache.hadoop.hdds.security.x509.certificate.client.DefaultCertificateClient.renewAndStoreKeyAndCertificate(DefaultCertificateClient.java:1182)
	at org.apache.hadoop.hdds.security.x509.certificate.client.DefaultCertificateClient$CertificateLifetimeMonitor.run(DefaultCertificateClient.java:1413)
	at java.util.concurrent.Executors$RunnableAdapter.call(Executors.java:511)
	at java.util.concurrent.FutureTask.runAndReset(FutureTask.java:308)
	at java.util.concurrent.ScheduledThreadPoolExecutor$ScheduledFutureTask.access$301(ScheduledThreadPoolExecutor.java:180)
	at java.util.concurrent.ScheduledThreadPoolExecutor$ScheduledFutureTask.run(ScheduledThreadPoolExecutor.java:294)
	at java.util.concurrent.ThreadPoolExecutor.runWorker(ThreadPoolExecutor.java:1149)
	at java.util.concurrent.ThreadPoolExecutor$Worker.run(ThreadPoolExecutor.java:624)
	at java.lang.Thread.run(Thread.java:750)
2023-01-06 09:51:52,607 [CertificateLifetimeMonitor] ERROR client.DNCertificateClient (DefaultCertificateClient.java:run(1423)) - Failed to renew and store key and cert. Keep using existing certificates.
org.apache.hadoop.hdds.security.x509.exceptions.CertificateException: Error while signing and storing new certificates.
	at org.apache.hadoop.hdds.security.x509.certificate.client.DefaultCertificateClient.renewAndStoreKeyAndCertificate(DefaultCertificateClient.java:1185)
	at org.apache.hadoop.hdds.security.x509.certificate.client.DefaultCertificateClient$CertificateLifetimeMonitor.run(DefaultCertificateClient.java:1413)
	at java.util.concurrent.Executors$RunnableAdapter.call(Executors.java:511)
	at java.util.concurrent.FutureTask.runAndReset(FutureTask.java:308)
	at java.util.concurrent.ScheduledThreadPoolExecutor$ScheduledFutureTask.access$301(ScheduledThreadPoolExecutor.java:180)
	at java.util.concurrent.ScheduledThreadPoolExecutor$ScheduledFutureTask.run(ScheduledThreadPoolExecutor.java:294)
	at java.util.concurrent.ThreadPoolExecutor.runWorker(ThreadPoolExecutor.java:1149)
	at java.util.concurrent.ThreadPoolExecutor$Worker.run(ThreadPoolExecutor.java:624)
	at java.lang.Thread.run(Thread.java:750)
Caused by: org.apache.hadoop.hdds.security.x509.exceptions.CertificateException: Error while signing and storing SCM signed certificate.
	at org.apache.hadoop.hdds.security.x509.certificate.client.DNCertificateClient.signAndStoreCertificate(DNCertificateClient.java:141)
	at org.apache.hadoop.hdds.security.x509.certificate.client.DefaultCertificateClient.renewAndStoreKeyAndCertificate(DefaultCertificateClient.java:1182)
	... 8 more
Caused by: org.apache.hadoop.hdds.security.x509.exceptions.CertificateException: Unable to retrieve datanode certificate chain.
	at org.apache.hadoop.hdds.security.x509.certificate.client.DNCertificateClient.signAndStoreCertificate(DNCertificateClient.java:136)
	... 9 more
2023-01-06 09:51:52,608 [CertificateLifetimeMonitor] INFO  client.DNCertificateClient (DefaultCertificateClient.java:run(1410)) - Current certificate has entered the expiry grace period PT0S. Starting renew key and certs.
2023-01-06 09:51:52,662 [CertificateLifetimeMonitor] INFO  client.DNCertificateClient (DefaultCertificateClient.java:run(1410)) - Current certificate has entered the expiry grace period PT0S. Starting renew key and certs.
2023-01-06 09:51:52,662 [CertificateLifetimeMonitor] INFO  client.DNCertificateClient (DefaultCertificateClient.java:run(1410)) - Current certificate has entered the expiry grace period PT0S. Starting renew key and certs.
2023-01-06 09:51:52,663 [CertificateLifetimeMonitor] ERROR client.DNCertificateClient (DefaultCertificateClient.java:run(1423)) - Failed to renew and store key and cert. Keep using existing certificates.
org.apache.hadoop.hdds.security.x509.exceptions.CertificateException: Error while deleting/creating /home/runner/work/ozone/ozone/hadoop-hdds/container-service/target/test-dir/PjBx01n9A5/dn/keys-next or /home/runner/work/ozone/ozone/hadoop-hdds/container-service/target/test-dir/PjBx01n9A5/dn/certs-next directories to cleanup  certificate storage. 
	at org.apache.hadoop.hdds.security.x509.certificate.client.DefaultCertificateClient.renewAndStoreKeyAndCertificate(DefaultCertificateClient.java:1163)
	at org.apache.hadoop.hdds.security.x509.certificate.client.DefaultCertificateClient$CertificateLifetimeMonitor.run(DefaultCertificateClient.java:1413)
	at java.util.concurrent.Executors$RunnableAdapter.call(Executors.java:511)
	at java.util.concurrent.FutureTask.runAndReset(FutureTask.java:308)
	at java.util.concurrent.ScheduledThreadPoolExecutor$ScheduledFutureTask.access$301(ScheduledThreadPoolExecutor.java:180)
	at java.util.concurrent.ScheduledThreadPoolExecutor$ScheduledFutureTask.run(ScheduledThreadPoolExecutor.java:294)
	at java.util.concurrent.ThreadPoolExecutor.runWorker(ThreadPoolExecutor.java:1149)
	at java.util.concurrent.ThreadPoolExecutor$Worker.run(ThreadPoolExecutor.java:624)
	at java.lang.Thread.run(Thread.java:750)
Caused by: java.nio.file.NoSuchFileException: /home/runner/work/ozone/ozone/hadoop-hdds/container-service/target/test-dir/PjBx01n9A5/dn/certs-next
	at sun.nio.fs.UnixException.translateToIOException(UnixException.java:86)
	at sun.nio.fs.UnixException.rethrowAsIOException(UnixException.java:102)
	at sun.nio.fs.UnixException.rethrowAsIOException(UnixException.java:107)
	at sun.nio.fs.UnixFileSystemProvider.implDelete(UnixFileSystemProvider.java:244)
	at sun.nio.fs.AbstractFileSystemProvider.delete(AbstractFileSystemProvider.java:103)
	at java.nio.file.Files.delete(Files.java:1126)
	at org.apache.commons.io.FileUtils.delete(FileUtils.java:1175)
	at org.apache.commons.io.FileUtils.deleteDirectory(FileUtils.java:1194)
	at org.apache.hadoop.hdds.security.x509.certificate.client.DefaultCertificateClient.renewAndStoreKeyAndCertificate(DefaultCertificateClient.java:1159)
	... 8 more
2023-01-06 09:51:52,664 [CertificateLifetimeMonitor] INFO  client.DNCertificateClient (DefaultCertificateClient.java:run(1410)) - Current certificate has entered the expiry grace period PT0S. Starting renew key and certs.
2023-01-06 09:51:52,666 [CertificateLifetimeMonitor] INFO  client.DNCertificateClient (DefaultCertificateClient.java:run(1410)) - Current certificate has entered the expiry grace period PT0S. Starting renew key and certs.
2023-01-06 09:51:53,085 [CertificateLifetimeMonitor] INFO  ozone.OzoneSecurityUtil (OzoneSecurityUtil.java:getValidInetsForCurrentHost(119)) - ip:fe80:0:0:0:20d:3aff:fef6:a12e%eth0 not returned.
2023-01-06 09:51:53,094 [CertificateLifetimeMonitor] INFO  ozone.OzoneSecurityUtil (OzoneSecurityUtil.java:getValidInetsForCurrentHost(116)) - Adding ip:10.1.0.8,host:fv-az844-354.kvdfyhrxhd0epk3sa4trub4njc.xx.internal.cloudapp.net
2023-01-06 09:51:53,094 [CertificateLifetimeMonitor] INFO  ozone.OzoneSecurityUtil (OzoneSecurityUtil.java:getValidInetsForCurrentHost(119)) - ip:0:0:0:0:0:0:0:1%lo not returned.
2023-01-06 09:51:53,094 [CertificateLifetimeMonitor] INFO  ozone.OzoneSecurityUtil (OzoneSecurityUtil.java:getValidInetsForCurrentHost(119)) - ip:127.0.0.1 not returned.
2023-01-06 09:51:53,106 [CertificateLifetimeMonitor] INFO  client.DNCertificateClient (DNCertificateClient.java:getCSRBuilder(98)) - Created csr for DN-> subject:runner@fv-az844-354.kvdfyhrxhd0epk3sa4trub4njc.xx.internal.cloudapp.net
2023-01-06 09:51:53,111 [CertificateLifetimeMonitor] ERROR client.DNCertificateClient (DefaultCertificateClient.java:run(1423)) - Failed to renew and store key and cert. Keep using existing certificates.
org.apache.hadoop.hdds.security.x509.exceptions.CertificateException: Error while signing and storing new certificates.
	at org.apache.hadoop.hdds.security.x509.certificate.client.DefaultCertificateClient.renewAndStoreKeyAndCertificate(DefaultCertificateClient.java:1185)
	at org.apache.hadoop.hdds.security.x509.certificate.client.DefaultCertificateClient$CertificateLifetimeMonitor.run(DefaultCertificateClient.java:1413)
	at java.util.concurrent.Executors$RunnableAdapter.call(Executors.java:511)
	at java.util.concurrent.FutureTask.runAndReset(FutureTask.java:308)
	at java.util.concurrent.ScheduledThreadPoolExecutor$ScheduledFutureTask.access$301(ScheduledThreadPoolExecutor.java:180)
	at java.util.concurrent.ScheduledThreadPoolExecutor$ScheduledFutureTask.run(ScheduledThreadPoolExecutor.java:294)
	at java.util.concurrent.ThreadPoolExecutor.runWorker(ThreadPoolExecutor.java:1149)
	at java.util.concurrent.ThreadPoolExecutor$Worker.run(ThreadPoolExecutor.java:624)
	at java.lang.Thread.run(Thread.java:750)
Caused by: org.apache.hadoop.hdds.conf.ConfigurationException: SCM Client Address could not be obtained from config. Config is not properly defined
	at org.apache.hadoop.hdds.scm.proxy.SCMSecurityProtocolFailoverProxyProvider.loadConfigs(SCMSecurityProtocolFailoverProxyProvider.java:120)
	at org.apache.hadoop.hdds.scm.proxy.SCMSecurityProtocolFailoverProxyProvider.<init>(SCMSecurityProtocolFailoverProxyProvider.java:105)
	at org.apache.hadoop.hdds.utils.HddsServerUtil.getScmSecurityClientWithMaxRetry(HddsServerUtil.java:467)
	at org.apache.hadoop.hdds.security.x509.certificate.client.DefaultCertificateClient.getScmSecureClient(DefaultCertificateClient.java:1363)
	at org.apache.hadoop.hdds.security.x509.certificate.client.DNCertificateClient.signAndStoreCertificate(DNCertificateClient.java:113)
	at org.apache.hadoop.hdds.security.x509.certificate.client.DefaultCertificateClient.renewAndStoreKeyAndCertificate(DefaultCertificateClient.java:1182)
	... 8 more
2023-01-06 09:51:53,196 [CertificateLifetimeMonitor] ERROR client.DNCertificateClient (DefaultCertificateClient.java:createKeyPair(967)) - Error while bootstrapping certificate client.
java.io.IOException: Private key already exist.
	at org.apache.hadoop.hdds.security.x509.keys.KeyCodec.writePublicKey(KeyCodec.java:197)
	at org.apache.hadoop.hdds.security.x509.certificate.client.DefaultCertificateClient.createKeyPair(DefaultCertificateClient.java:963)
	at org.apache.hadoop.hdds.security.x509.certificate.client.DefaultCertificateClient.renewAndStoreKeyAndCertificate(DefaultCertificateClient.java:1172)
	at org.apache.hadoop.hdds.security.x509.certificate.client.DefaultCertificateClient$CertificateLifetimeMonitor.run(DefaultCertificateClient.java:1413)
	at java.util.concurrent.Executors$RunnableAdapter.call(Executors.java:511)
	at java.util.concurrent.FutureTask.runAndReset(FutureTask.java:308)
	at java.util.concurrent.ScheduledThreadPoolExecutor$ScheduledFutureTask.access$301(ScheduledThreadPoolExecutor.java:180)
	at java.util.concurrent.ScheduledThreadPoolExecutor$ScheduledFutureTask.run(ScheduledThreadPoolExecutor.java:294)
	at java.util.concurrent.ThreadPoolExecutor.runWorker(ThreadPoolExecutor.java:1149)
	at java.util.concurrent.ThreadPoolExecutor$Worker.run(ThreadPoolExecutor.java:624)
	at java.lang.Thread.run(Thread.java:750)
2023-01-06 09:51:53,197 [CertificateLifetimeMonitor] ERROR client.DNCertificateClient (DefaultCertificateClient.java:run(1423)) - Failed to renew and store key and cert. Keep using existing certificates.
org.apache.hadoop.hdds.security.x509.exceptions.CertificateException: Error while creating new key pair.
	at org.apache.hadoop.hdds.security.x509.certificate.client.DefaultCertificateClient.renewAndStoreKeyAndCertificate(DefaultCertificateClient.java:1174)
	at org.apache.hadoop.hdds.security.x509.certificate.client.DefaultCertificateClient$CertificateLifetimeMonitor.run(DefaultCertificateClient.java:1413)
	at java.util.concurrent.Executors$RunnableAdapter.call(Executors.java:511)
	at java.util.concurrent.FutureTask.runAndReset(FutureTask.java:308)
	at java.util.concurrent.ScheduledThreadPoolExecutor$ScheduledFutureTask.access$301(ScheduledThreadPoolExecutor.java:180)
	at java.util.concurrent.ScheduledThreadPoolExecutor$ScheduledFutureTask.run(ScheduledThreadPoolExecutor.java:294)
	at java.util.concurrent.ThreadPoolExecutor.runWorker(ThreadPoolExecutor.java:1149)
	at java.util.concurrent.ThreadPoolExecutor$Worker.run(ThreadPoolExecutor.java:624)
	at java.lang.Thread.run(Thread.java:750)
Caused by: org.apache.hadoop.hdds.security.x509.exceptions.CertificateException: Error while bootstrapping certificate.
	at org.apache.hadoop.hdds.security.x509.certificate.client.DefaultCertificateClient.createKeyPair(DefaultCertificateClient.java:968)
	at org.apache.hadoop.hdds.security.x509.certificate.client.DefaultCertificateClient.renewAndStoreKeyAndCertificate(DefaultCertificateClient.java:1172)
	... 8 more
2023-01-06 09:51:53,313 [CertificateLifetimeMonitor] ERROR client.DNCertificateClient (DefaultCertificateClient.java:createKeyPair(967)) - Error while bootstrapping certificate client.
java.io.IOException: Private key already exist.
	at org.apache.hadoop.hdds.security.x509.keys.KeyCodec.writePublicKey(KeyCodec.java:197)
	at org.apache.hadoop.hdds.security.x509.certificate.client.DefaultCertificateClient.createKeyPair(DefaultCertificateClient.java:963)
	at org.apache.hadoop.hdds.security.x509.certificate.client.DefaultCertificateClient.renewAndStoreKeyAndCertificate(DefaultCertificateClient.java:1172)
	at org.apache.hadoop.hdds.security.x509.certificate.client.DefaultCertificateClient$CertificateLifetimeMonitor.run(DefaultCertificateClient.java:1413)
	at java.util.concurrent.Executors$RunnableAdapter.call(Executors.java:511)
	at java.util.concurrent.FutureTask.runAndReset(FutureTask.java:308)
	at java.util.concurrent.ScheduledThreadPoolExecutor$ScheduledFutureTask.access$301(ScheduledThreadPoolExecutor.java:180)
	at java.util.concurrent.ScheduledThreadPoolExecutor$ScheduledFutureTask.run(ScheduledThreadPoolExecutor.java:294)
	at java.util.concurrent.ThreadPoolExecutor.runWorker(ThreadPoolExecutor.java:1149)
	at java.util.concurrent.ThreadPoolExecutor$Worker.run(ThreadPoolExecutor.java:624)
	at java.lang.Thread.run(Thread.java:750)
2023-01-06 09:51:53,313 [CertificateLifetimeMonitor] ERROR client.DNCertificateClient (DefaultCertificateClient.java:run(1423)) - Failed to renew and store key and cert. Keep using existing certificates.
org.apache.hadoop.hdds.security.x509.exceptions.CertificateException: Error while creating new key pair.
	at org.apache.hadoop.hdds.security.x509.certificate.client.DefaultCertificateClient.renewAndStoreKeyAndCertificate(DefaultCertificateClient.java:1174)
	at org.apache.hadoop.hdds.security.x509.certificate.client.DefaultCertificateClient$CertificateLifetimeMonitor.run(DefaultCertificateClient.java:1413)
	at java.util.concurrent.Executors$RunnableAdapter.call(Executors.java:511)
	at java.util.concurrent.FutureTask.runAndReset(FutureTask.java:308)
	at java.util.concurrent.ScheduledThreadPoolExecutor$ScheduledFutureTask.access$301(ScheduledThreadPoolExecutor.java:180)
	at java.util.concurrent.ScheduledThreadPoolExecutor$ScheduledFutureTask.run(ScheduledThreadPoolExecutor.java:294)
	at java.util.concurrent.ThreadPoolExecutor.runWorker(ThreadPoolExecutor.java:1149)
	at java.util.concurrent.ThreadPoolExecutor$Worker.run(ThreadPoolExecutor.java:624)
	at java.lang.Thread.run(Thread.java:750)
Caused by: org.apache.hadoop.hdds.security.x509.exceptions.CertificateException: Error while bootstrapping certificate.
	at org.apache.hadoop.hdds.security.x509.certificate.client.DefaultCertificateClient.createKeyPair(DefaultCertificateClient.java:968)
	at org.apache.hadoop.hdds.security.x509.certificate.client.DefaultCertificateClient.renewAndStoreKeyAndCertificate(DefaultCertificateClient.java:1172)
	... 8 more
2023-01-06 09:51:53,719 [CertificateLifetimeMonitor] ERROR client.DNCertificateClient (DefaultCertificateClient.java:createKeyPair(967)) - Error while bootstrapping certificate client.
java.io.IOException: Private key already exist.
	at org.apache.hadoop.hdds.security.x509.keys.KeyCodec.writePublicKey(KeyCodec.java:197)
	at org.apache.hadoop.hdds.security.x509.certificate.client.DefaultCertificateClient.createKeyPair(DefaultCertificateClient.java:963)
	at org.apache.hadoop.hdds.security.x509.certificate.client.DefaultCertificateClient.renewAndStoreKeyAndCertificate(DefaultCertificateClient.java:1172)
	at org.apache.hadoop.hdds.security.x509.certificate.client.DefaultCertificateClient$CertificateLifetimeMonitor.run(DefaultCertificateClient.java:1413)
	at java.util.concurrent.Executors$RunnableAdapter.call(Executors.java:511)
	at java.util.concurrent.FutureTask.runAndReset(FutureTask.java:308)
	at java.util.concurrent.ScheduledThreadPoolExecutor$ScheduledFutureTask.access$301(ScheduledThreadPoolExecutor.java:180)
	at java.util.concurrent.ScheduledThreadPoolExecutor$ScheduledFutureTask.run(ScheduledThreadPoolExecutor.java:294)
	at java.util.concurrent.ThreadPoolExecutor.runWorker(ThreadPoolExecutor.java:1149)
	at java.util.concurrent.ThreadPoolExecutor$Worker.run(ThreadPoolExecutor.java:624)
	at java.lang.Thread.run(Thread.java:750)
2023-01-06 09:51:53,720 [CertificateLifetimeMonitor] ERROR client.DNCertificateClient (DefaultCertificateClient.java:run(1423)) - Failed to renew and store key and cert. Keep using existing certificates.
org.apache.hadoop.hdds.security.x509.exceptions.CertificateException: Error while creating new key pair.
	at org.apache.hadoop.hdds.security.x509.certificate.client.DefaultCertificateClient.renewAndStoreKeyAndCertificate(DefaultCertificateClient.java:1174)
	at org.apache.hadoop.hdds.security.x509.certificate.client.DefaultCertificateClient$CertificateLifetimeMonitor.run(DefaultCertificateClient.java:1413)
	at java.util.concurrent.Executors$RunnableAdapter.call(Executors.java:511)
	at java.util.concurrent.FutureTask.runAndReset(FutureTask.java:308)
	at java.util.concurrent.ScheduledThreadPoolExecutor$ScheduledFutureTask.access$301(ScheduledThreadPoolExecutor.java:180)
	at java.util.concurrent.ScheduledThreadPoolExecutor$ScheduledFutureTask.run(ScheduledThreadPoolExecutor.java:294)
	at java.util.concurrent.ThreadPoolExecutor.runWorker(ThreadPoolExecutor.java:1149)
	at java.util.concurrent.ThreadPoolExecutor$Worker.run(ThreadPoolExecutor.java:624)
	at java.lang.Thread.run(Thread.java:750)
Caused by: org.apache.hadoop.hdds.security.x509.exceptions.CertificateException: Error while bootstrapping certificate.
	at org.apache.hadoop.hdds.security.x509.certificate.client.DefaultCertificateClient.createKeyPair(DefaultCertificateClient.java:968)
	at org.apache.hadoop.hdds.security.x509.certificate.client.DefaultCertificateClient.renewAndStoreKeyAndCertificate(DefaultCertificateClient.java:1172)
	... 8 more
2023-01-06 09:51:53,986 [CertificateLifetimeMonitor] INFO  client.DNCertificateClient (DefaultCertificateClient.java:run(1410)) - Current certificate has entered the expiry grace period PT0S. Starting renew key and certs.
2023-01-06 09:51:54,328 [CertificateLifetimeMonitor] INFO  client.DNCertificateClient (DefaultCertificateClient.java:run(1410)) - Current certificate has entered the expiry grace period PT0S. Starting renew key and certs.
2023-01-06 09:51:54,330 [CertificateLifetimeMonitor] INFO  client.DNCertificateClient (DefaultCertificateClient.java:run(1410)) - Current certificate has entered the expiry grace period PT0S. Starting renew key and certs.
2023-01-06 09:51:54,328 [CertificateLifetimeMonitor] INFO  client.DNCertificateClient (DefaultCertificateClient.java:run(1410)) - Current certificate has entered the expiry grace period PT0S. Starting renew key and certs.
2023-01-06 09:51:54,350 [CertificateLifetimeMonitor] INFO  client.DNCertificateClient (DefaultCertificateClient.java:run(1410)) - Current certificate has entered the expiry grace period PT0S. Starting renew key and certs.
2023-01-06 09:51:54,574 [CertificateLifetimeMonitor] INFO  ozone.OzoneSecurityUtil (OzoneSecurityUtil.java:getValidInetsForCurrentHost(119)) - ip:fe80:0:0:0:20d:3aff:fef6:a12e%eth0 not returned.
2023-01-06 09:51:54,575 [CertificateLifetimeMonitor] INFO  ozone.OzoneSecurityUtil (OzoneSecurityUtil.java:getValidInetsForCurrentHost(116)) - Adding ip:10.1.0.8,host:fv-az844-354.kvdfyhrxhd0epk3sa4trub4njc.xx.internal.cloudapp.net
2023-01-06 09:51:54,583 [CertificateLifetimeMonitor] INFO  ozone.OzoneSecurityUtil (OzoneSecurityUtil.java:getValidInetsForCurrentHost(119)) - ip:0:0:0:0:0:0:0:1%lo not returned.
2023-01-06 09:51:54,583 [CertificateLifetimeMonitor] INFO  ozone.OzoneSecurityUtil (OzoneSecurityUtil.java:getValidInetsForCurrentHost(119)) - ip:127.0.0.1 not returned.
2023-01-06 09:51:54,584 [CertificateLifetimeMonitor] INFO  client.DNCertificateClient (DNCertificateClient.java:getCSRBuilder(98)) - Created csr for DN-> subject:runner@fv-az844-354.kvdfyhrxhd0epk3sa4trub4njc.xx.internal.cloudapp.net
2023-01-06 09:51:54,604 [CertificateLifetimeMonitor] INFO  client.DNCertificateClient (DefaultCertificateClient.java:renewAndStoreKeyAndCertificate(1261)) - Successful renew key and certificate. New certificate 1268720.
2023-01-06 09:51:54,604 [CertificateLifetimeMonitor] INFO  client.DNCertificateClient (DefaultCertificateClient.java:loadAllCertificates(177)) - Loading certificate from location:/home/runner/work/ozone/ozone/hadoop-hdds/container-service/target/test-dir/PjBx01n9A5/dn/certs.
2023-01-06 09:51:54,618 [CertificateLifetimeMonitor] INFO  client.DNCertificateClient (DefaultCertificateClient.java:loadAllCertificates(218)) - Added certificate [
[
  Version: V3
  Subject: O=cluster, OU=test, CN=localhost
  Signature Algorithm: SHA256withRSA, OID = 1.2.840.113549.1.1.11

  Key:  Sun RSA public key, 1024 bits
  params: null
  modulus: 150092031165576426679700237617878565485911947094914021810663713109956067860868209403334001280832549679241018388414789782839400372568743004462524586154001709991528136639785600016690625697143787723140421483756396113762321028462715944410846530529696573812721351226482481952959150246836287820567443103793495406439
  public exponent: 65537
  Validity: [From: Fri Jan 06 09:51:38 UTC 2023,
               To: Fri Jan 06 09:51:53 UTC 2023]
  Issuer: O=cluster, OU=test, CN=localhost
  SerialNumber: [    135bf0]

]
  Algorithm: [SHA256withRSA]
  Signature:
0000: 28 53 95 F2 7E AF 94 BD   A2 7B 0C 3E 86 21 55 F1  (S.........>.!U.
0010: 9C 8C 42 EF 40 BE 4B 56   BA B9 E9 54 15 66 56 14  ..B.@.KV...T.fV.
0020: 9C 61 F6 46 7C FD 9E 79   A0 C5 A3 99 09 97 3E A0  .a.F...y......>.
0030: BE F1 D1 E0 BB 2E 58 A3   49 8C FC 8E B6 97 35 CA  ......X.I.....5.
0040: 9C C6 4E 0A 5C 21 CE 6A   9C 20 5E 87 43 06 DB DF  ..N.\!.j. ^.C...
0050: 3C E0 11 96 7C 9B 27 8B   60 BC 5D 21 25 E2 1A 4B  <.....'.`.]!%..K
0060: 3B 68 43 ED 37 82 D7 60   32 9E C2 CD 05 10 DC F1  ;hC.7..`2.......
0070: F4 F1 46 4C ED E8 9E C3   1E 34 C8 89 E3 25 17 3A  ..FL.....4...%.:

] from file:/home/runner/work/ozone/ozone/hadoop-hdds/container-service/target/test-dir/PjBx01n9A5/dn/certs/1268720.crt.
2023-01-06 09:51:54,632 [CertificateLifetimeMonitor] INFO  client.DNCertificateClient (DefaultCertificateClient.java:loadAllCertificates(218)) - Added certificate [
[
  Version: V3
  Subject: O=cluster, OU=test, CN=localhost
  Signature Algorithm: SHA256withRSA, OID = 1.2.840.113549.1.1.11

  Key:  Sun RSA public key, 1024 bits
  params: null
  modulus: 150092031165576426679700237617878565485911947094914021810663713109956067860868209403334001280832549679241018388414789782839400372568743004462524586154001709991528136639785600016690625697143787723140421483756396113762321028462715944410846530529696573812721351226482481952959150246836287820567443103793495406439
  public exponent: 65537
  Validity: [From: Fri Jan 06 09:51:38 UTC 2023,
               To: Fri Jan 06 09:51:53 UTC 2023]
  Issuer: O=cluster, OU=test, CN=localhost
  SerialNumber: [    135bf0]

]
  Algorithm: [SHA256withRSA]
  Signature:
0000: 28 53 95 F2 7E AF 94 BD   A2 7B 0C 3E 86 21 55 F1  (S.........>.!U.
0010: 9C 8C 42 EF 40 BE 4B 56   BA B9 E9 54 15 66 56 14  ..B.@.KV...T.fV.
0020: 9C 61 F6 46 7C FD 9E 79   A0 C5 A3 99 09 97 3E A0  .a.F...y......>.
0030: BE F1 D1 E0 BB 2E 58 A3   49 8C FC 8E B6 97 35 CA  ......X.I.....5.
0040: 9C C6 4E 0A 5C 21 CE 6A   9C 20 5E 87 43 06 DB DF  ..N.\!.j. ^.C...
0050: 3C E0 11 96 7C 9B 27 8B   60 BC 5D 21 25 E2 1A 4B  <.....'.`.]!%..K
0060: 3B 68 43 ED 37 82 D7 60   32 9E C2 CD 05 10 DC F1  ;hC.7..`2.......
0070: F4 F1 46 4C ED E8 9E C3   1E 34 C8 89 E3 25 17 3A  ..FL.....4...%.:

] from file:/home/runner/work/ozone/ozone/hadoop-hdds/container-service/target/test-dir/PjBx01n9A5/dn/certs/CA-1268720.crt.
2023-01-06 09:51:54,634 [CertificateLifetimeMonitor] INFO  client.DNCertificateClient (DefaultCertificateClient.java:loadAllCertificates(218)) - Added certificate [
[
  Version: V3
  Subject: O=cluster, OU=test, CN=localhost
  Signature Algorithm: SHA256withRSA, OID = 1.2.840.113549.1.1.11

  Key:  Sun RSA public key, 1024 bits
  params: null
  modulus: 150092031165576426679700237617878565485911947094914021810663713109956067860868209403334001280832549679241018388414789782839400372568743004462524586154001709991528136639785600016690625697143787723140421483756396113762321028462715944410846530529696573812721351226482481952959150246836287820567443103793495406439
  public exponent: 65537
  Validity: [From: Fri Jan 06 09:51:38 UTC 2023,
               To: Fri Jan 06 09:51:53 UTC 2023]
  Issuer: O=cluster, OU=test, CN=localhost
  SerialNumber: [    135bf0]

]
  Algorithm: [SHA256withRSA]
  Signature:
0000: 28 53 95 F2 7E AF 94 BD   A2 7B 0C 3E 86 21 55 F1  (S.........>.!U.
0010: 9C 8C 42 EF 40 BE 4B 56   BA B9 E9 54 15 66 56 14  ..B.@.KV...T.fV.
0020: 9C 61 F6 46 7C FD 9E 79   A0 C5 A3 99 09 97 3E A0  .a.F...y......>.
0030: BE F1 D1 E0 BB 2E 58 A3   49 8C FC 8E B6 97 35 CA  ......X.I.....5.
0040: 9C C6 4E 0A 5C 21 CE 6A   9C 20 5E 87 43 06 DB DF  ..N.\!.j. ^.C...
0050: 3C E0 11 96 7C 9B 27 8B   60 BC 5D 21 25 E2 1A 4B  <.....'.`.]!%..K
0060: 3B 68 43 ED 37 82 D7 60   32 9E C2 CD 05 10 DC F1  ;hC.7..`2.......
0070: F4 F1 46 4C ED E8 9E C3   1E 34 C8 89 E3 25 17 3A  ..FL.....4...%.:

] from file:/home/runner/work/ozone/ozone/hadoop-hdds/container-service/target/test-dir/PjBx01n9A5/dn/certs/ROOTCA-1268720.crt.
2023-01-06 09:51:54,634 [CertificateLifetimeMonitor] INFO  client.DNCertificateClient (DefaultCertificateClient.java:reloadKeyAndCertificate(1333)) - Reset and reload key and all certificates.
2023-01-06 09:51:54,649 [CertificateLifetimeMonitor] ERROR client.DNCertificateClient (DefaultCertificateClient.java:createKeyPair(967)) - Error while bootstrapping certificate client.
java.nio.file.NoSuchFileException: /home/runner/work/ozone/ozone/hadoop-hdds/container-service/target/test-dir/PjBx01n9A5/dn/keys-next/public.pem
	at sun.nio.fs.UnixException.translateToIOException(UnixException.java:86)
	at sun.nio.fs.UnixException.rethrowAsIOException(UnixException.java:102)
	at sun.nio.fs.UnixException.rethrowAsIOException(UnixException.java:107)
	at sun.nio.fs.UnixFileSystemProvider.newByteChannel(UnixFileSystemProvider.java:214)
	at java.nio.file.spi.FileSystemProvider.newOutputStream(FileSystemProvider.java:434)
	at java.nio.file.Files.newOutputStream(Files.java:216)
	at org.apache.commons.io.output.FileWriterWithEncoding.initWriter(FileWriterWithEncoding.java:230)
	at org.apache.commons.io.output.FileWriterWithEncoding.<init>(FileWriterWithEncoding.java:184)
	at org.apache.commons.io.output.FileWriterWithEncoding.<init>(FileWriterWithEncoding.java:171)
	at org.apache.hadoop.hdds.security.x509.keys.KeyCodec.writePublicKey(KeyCodec.java:200)
	at org.apache.hadoop.hdds.security.x509.certificate.client.DefaultCertificateClient.createKeyPair(DefaultCertificateClient.java:963)
	at org.apache.hadoop.hdds.security.x509.certificate.client.DefaultCertificateClient.renewAndStoreKeyAndCertificate(DefaultCertificateClient.java:1172)
	at org.apache.hadoop.hdds.security.x509.certificate.client.DefaultCertificateClient$CertificateLifetimeMonitor.run(DefaultCertificateClient.java:1413)
	at java.util.concurrent.Executors$RunnableAdapter.call(Executors.java:511)
	at java.util.concurrent.FutureTask.runAndReset(FutureTask.java:308)
	at java.util.concurrent.ScheduledThreadPoolExecutor$ScheduledFutureTask.access$301(ScheduledThreadPoolExecutor.java:180)
	at java.util.concurrent.ScheduledThreadPoolExecutor$ScheduledFutureTask.run(ScheduledThreadPoolExecutor.java:294)
	at java.util.concurrent.ThreadPoolExecutor.runWorker(ThreadPoolExecutor.java:1149)
	at java.util.concurrent.ThreadPoolExecutor$Worker.run(ThreadPoolExecutor.java:624)
	at java.lang.Thread.run(Thread.java:750)
2023-01-06 09:51:54,654 [CertificateLifetimeMonitor] ERROR client.DNCertificateClient (DefaultCertificateClient.java:run(1423)) - Failed to renew and store key and cert. Keep using existing certificates.
org.apache.hadoop.hdds.security.x509.exceptions.CertificateException: Error while creating new key pair.
	at org.apache.hadoop.hdds.security.x509.certificate.client.DefaultCertificateClient.renewAndStoreKeyAndCertificate(DefaultCertificateClient.java:1174)
	at org.apache.hadoop.hdds.security.x509.certificate.client.DefaultCertificateClient$CertificateLifetimeMonitor.run(DefaultCertificateClient.java:1413)
	at java.util.concurrent.Executors$RunnableAdapter.call(Executors.java:511)
	at java.util.concurrent.FutureTask.runAndReset(FutureTask.java:308)
	at java.util.concurrent.ScheduledThreadPoolExecutor$ScheduledFutureTask.access$301(ScheduledThreadPoolExecutor.java:180)
	at java.util.concurrent.ScheduledThreadPoolExecutor$ScheduledFutureTask.run(ScheduledThreadPoolExecutor.java:294)
	at java.util.concurrent.ThreadPoolExecutor.runWorker(ThreadPoolExecutor.java:1149)
	at java.util.concurrent.ThreadPoolExecutor$Worker.run(ThreadPoolExecutor.java:624)
	at java.lang.Thread.run(Thread.java:750)
Caused by: org.apache.hadoop.hdds.security.x509.exceptions.CertificateException: Error while bootstrapping certificate.
	at org.apache.hadoop.hdds.security.x509.certificate.client.DefaultCertificateClient.createKeyPair(DefaultCertificateClient.java:968)
	at org.apache.hadoop.hdds.security.x509.certificate.client.DefaultCertificateClient.renewAndStoreKeyAndCertificate(DefaultCertificateClient.java:1172)
	... 8 more
2023-01-06 09:51:54,657 [CertificateLifetimeMonitor] ERROR client.DNCertificateClient (DefaultCertificateClient.java:createKeyPair(967)) - Error while bootstrapping certificate client.
java.nio.file.NoSuchFileException: /home/runner/work/ozone/ozone/hadoop-hdds/container-service/target/test-dir/PjBx01n9A5/dn/keys-next/public.pem
	at sun.nio.fs.UnixException.translateToIOException(UnixException.java:86)
	at sun.nio.fs.UnixException.rethrowAsIOException(UnixException.java:102)
	at sun.nio.fs.UnixException.rethrowAsIOException(UnixException.java:107)
	at sun.nio.fs.UnixFileSystemProvider.newByteChannel(UnixFileSystemProvider.java:214)
	at java.nio.file.spi.FileSystemProvider.newOutputStream(FileSystemProvider.java:434)
	at java.nio.file.Files.newOutputStream(Files.java:216)
	at org.apache.commons.io.output.FileWriterWithEncoding.initWriter(FileWriterWithEncoding.java:230)
	at org.apache.commons.io.output.FileWriterWithEncoding.<init>(FileWriterWithEncoding.java:184)
	at org.apache.commons.io.output.FileWriterWithEncoding.<init>(FileWriterWithEncoding.java:171)
	at org.apache.hadoop.hdds.security.x509.keys.KeyCodec.writePublicKey(KeyCodec.java:200)
	at org.apache.hadoop.hdds.security.x509.certificate.client.DefaultCertificateClient.createKeyPair(DefaultCertificateClient.java:963)
	at org.apache.hadoop.hdds.security.x509.certificate.client.DefaultCertificateClient.renewAndStoreKeyAndCertificate(DefaultCertificateClient.java:1172)
	at org.apache.hadoop.hdds.security.x509.certificate.client.DefaultCertificateClient$CertificateLifetimeMonitor.run(DefaultCertificateClient.java:1413)
	at java.util.concurrent.Executors$RunnableAdapter.call(Executors.java:511)
	at java.util.concurrent.FutureTask.runAndReset(FutureTask.java:308)
	at java.util.concurrent.ScheduledThreadPoolExecutor$ScheduledFutureTask.access$301(ScheduledThreadPoolExecutor.java:180)
	at java.util.concurrent.ScheduledThreadPoolExecutor$ScheduledFutureTask.run(ScheduledThreadPoolExecutor.java:294)
	at java.util.concurrent.ThreadPoolExecutor.runWorker(ThreadPoolExecutor.java:1149)
	at java.util.concurrent.ThreadPoolExecutor$Worker.run(ThreadPoolExecutor.java:624)
	at java.lang.Thread.run(Thread.java:750)
2023-01-06 09:51:54,658 [CertificateLifetimeMonitor] ERROR client.DNCertificateClient (DefaultCertificateClient.java:run(1423)) - Failed to renew and store key and cert. Keep using existing certificates.
org.apache.hadoop.hdds.security.x509.exceptions.CertificateException: Error while creating new key pair.
	at org.apache.hadoop.hdds.security.x509.certificate.client.DefaultCertificateClient.renewAndStoreKeyAndCertificate(DefaultCertificateClient.java:1174)
	at org.apache.hadoop.hdds.security.x509.certificate.client.DefaultCertificateClient$CertificateLifetimeMonitor.run(DefaultCertificateClient.java:1413)
	at java.util.concurrent.Executors$RunnableAdapter.call(Executors.java:511)
	at java.util.concurrent.FutureTask.runAndReset(FutureTask.java:308)
	at java.util.concurrent.ScheduledThreadPoolExecutor$ScheduledFutureTask.access$301(ScheduledThreadPoolExecutor.java:180)
	at java.util.concurrent.ScheduledThreadPoolExecutor$ScheduledFutureTask.run(ScheduledThreadPoolExecutor.java:294)
	at java.util.concurrent.ThreadPoolExecutor.runWorker(ThreadPoolExecutor.java:1149)
	at java.util.concurrent.ThreadPoolExecutor$Worker.run(ThreadPoolExecutor.java:624)
	at java.lang.Thread.run(Thread.java:750)
Caused by: org.apache.hadoop.hdds.security.x509.exceptions.CertificateException: Error while bootstrapping certificate.
	at org.apache.hadoop.hdds.security.x509.certificate.client.DefaultCertificateClient.createKeyPair(DefaultCertificateClient.java:968)
	at org.apache.hadoop.hdds.security.x509.certificate.client.DefaultCertificateClient.renewAndStoreKeyAndCertificate(DefaultCertificateClient.java:1172)
	... 8 more
2023-01-06 09:51:54,718 [CertificateLifetimeMonitor] ERROR client.DNCertificateClient (DefaultCertificateClient.java:createKeyPair(967)) - Error while bootstrapping certificate client.
java.nio.file.NoSuchFileException: /home/runner/work/ozone/ozone/hadoop-hdds/container-service/target/test-dir/PjBx01n9A5/dn/keys-next/public.pem
	at sun.nio.fs.UnixException.translateToIOException(UnixException.java:86)
	at sun.nio.fs.UnixException.rethrowAsIOException(UnixException.java:102)
	at sun.nio.fs.UnixException.rethrowAsIOException(UnixException.java:107)
	at sun.nio.fs.UnixFileSystemProvider.newByteChannel(UnixFileSystemProvider.java:214)
	at java.nio.file.spi.FileSystemProvider.newOutputStream(FileSystemProvider.java:434)
	at java.nio.file.Files.newOutputStream(Files.java:216)
	at org.apache.commons.io.output.FileWriterWithEncoding.initWriter(FileWriterWithEncoding.java:230)
	at org.apache.commons.io.output.FileWriterWithEncoding.<init>(FileWriterWithEncoding.java:184)
	at org.apache.commons.io.output.FileWriterWithEncoding.<init>(FileWriterWithEncoding.java:171)
	at org.apache.hadoop.hdds.security.x509.keys.KeyCodec.writePublicKey(KeyCodec.java:200)
	at org.apache.hadoop.hdds.security.x509.certificate.client.DefaultCertificateClient.createKeyPair(DefaultCertificateClient.java:963)
	at org.apache.hadoop.hdds.security.x509.certificate.client.DefaultCertificateClient.renewAndStoreKeyAndCertificate(DefaultCertificateClient.java:1172)
	at org.apache.hadoop.hdds.security.x509.certificate.client.DefaultCertificateClient$CertificateLifetimeMonitor.run(DefaultCertificateClient.java:1413)
	at java.util.concurrent.Executors$RunnableAdapter.call(Executors.java:511)
	at java.util.concurrent.FutureTask.runAndReset(FutureTask.java:308)
	at java.util.concurrent.ScheduledThreadPoolExecutor$ScheduledFutureTask.access$301(ScheduledThreadPoolExecutor.java:180)
	at java.util.concurrent.ScheduledThreadPoolExecutor$ScheduledFutureTask.run(ScheduledThreadPoolExecutor.java:294)
	at java.util.concurrent.ThreadPoolExecutor.runWorker(ThreadPoolExecutor.java:1149)
	at java.util.concurrent.ThreadPoolExecutor$Worker.run(ThreadPoolExecutor.java:624)
	at java.lang.Thread.run(Thread.java:750)
2023-01-06 09:51:54,719 [CertificateLifetimeMonitor] ERROR client.DNCertificateClient (DefaultCertificateClient.java:run(1423)) - Failed to renew and store key and cert. Keep using existing certificates.
org.apache.hadoop.hdds.security.x509.exceptions.CertificateException: Error while creating new key pair.
	at org.apache.hadoop.hdds.security.x509.certificate.client.DefaultCertificateClient.renewAndStoreKeyAndCertificate(DefaultCertificateClient.java:1174)
	at org.apache.hadoop.hdds.security.x509.certificate.client.DefaultCertificateClient$CertificateLifetimeMonitor.run(DefaultCertificateClient.java:1413)
	at java.util.concurrent.Executors$RunnableAdapter.call(Executors.java:511)
	at java.util.concurrent.FutureTask.runAndReset(FutureTask.java:308)
	at java.util.concurrent.ScheduledThreadPoolExecutor$ScheduledFutureTask.access$301(ScheduledThreadPoolExecutor.java:180)
	at java.util.concurrent.ScheduledThreadPoolExecutor$ScheduledFutureTask.run(ScheduledThreadPoolExecutor.java:294)
	at java.util.concurrent.ThreadPoolExecutor.runWorker(ThreadPoolExecutor.java:1149)
	at java.util.concurrent.ThreadPoolExecutor$Worker.run(ThreadPoolExecutor.java:624)
	at java.lang.Thread.run(Thread.java:750)
Caused by: org.apache.hadoop.hdds.security.x509.exceptions.CertificateException: Error while bootstrapping certificate.
	at org.apache.hadoop.hdds.security.x509.certificate.client.DefaultCertificateClient.createKeyPair(DefaultCertificateClient.java:968)
	at org.apache.hadoop.hdds.security.x509.certificate.client.DefaultCertificateClient.renewAndStoreKeyAndCertificate(DefaultCertificateClient.java:1172)
	... 8 more
2023-01-06 09:51:54,828 [CertificateLifetimeMonitor] ERROR client.DNCertificateClient (DefaultCertificateClient.java:createKeyPair(967)) - Error while bootstrapping certificate client.
java.nio.file.NoSuchFileException: /home/runner/work/ozone/ozone/hadoop-hdds/container-service/target/test-dir/PjBx01n9A5/dn/keys-next/public.pem
	at sun.nio.fs.UnixException.translateToIOException(UnixException.java:86)
	at sun.nio.fs.UnixException.rethrowAsIOException(UnixException.java:102)
	at sun.nio.fs.UnixException.rethrowAsIOException(UnixException.java:107)
	at sun.nio.fs.UnixFileSystemProvider.newByteChannel(UnixFileSystemProvider.java:214)
	at java.nio.file.spi.FileSystemProvider.newOutputStream(FileSystemProvider.java:434)
	at java.nio.file.Files.newOutputStream(Files.java:216)
	at org.apache.commons.io.output.FileWriterWithEncoding.initWriter(FileWriterWithEncoding.java:230)
	at org.apache.commons.io.output.FileWriterWithEncoding.<init>(FileWriterWithEncoding.java:184)
	at org.apache.commons.io.output.FileWriterWithEncoding.<init>(FileWriterWithEncoding.java:171)
	at org.apache.hadoop.hdds.security.x509.keys.KeyCodec.writePublicKey(KeyCodec.java:200)
	at org.apache.hadoop.hdds.security.x509.certificate.client.DefaultCertificateClient.createKeyPair(DefaultCertificateClient.java:963)
	at org.apache.hadoop.hdds.security.x509.certificate.client.DefaultCertificateClient.renewAndStoreKeyAndCertificate(DefaultCertificateClient.java:1172)
	at org.apache.hadoop.hdds.security.x509.certificate.client.DefaultCertificateClient$CertificateLifetimeMonitor.run(DefaultCertificateClient.java:1413)
	at java.util.concurrent.Executors$RunnableAdapter.call(Executors.java:511)
	at java.util.concurrent.FutureTask.runAndReset(FutureTask.java:308)
	at java.util.concurrent.ScheduledThreadPoolExecutor$ScheduledFutureTask.access$301(ScheduledThreadPoolExecutor.java:180)
	at java.util.concurrent.ScheduledThreadPoolExecutor$ScheduledFutureTask.run(ScheduledThreadPoolExecutor.java:294)
	at java.util.concurrent.ThreadPoolExecutor.runWorker(ThreadPoolExecutor.java:1149)
	at java.util.concurrent.ThreadPoolExecutor$Worker.run(ThreadPoolExecutor.java:624)
	at java.lang.Thread.run(Thread.java:750)
2023-01-06 09:51:54,829 [CertificateLifetimeMonitor] ERROR client.DNCertificateClient (DefaultCertificateClient.java:run(1423)) - Failed to renew and store key and cert. Keep using existing certificates.
org.apache.hadoop.hdds.security.x509.exceptions.CertificateException: Error while creating new key pair.
	at org.apache.hadoop.hdds.security.x509.certificate.client.DefaultCertificateClient.renewAndStoreKeyAndCertificate(DefaultCertificateClient.java:1174)
	at org.apache.hadoop.hdds.security.x509.certificate.client.DefaultCertificateClient$CertificateLifetimeMonitor.run(DefaultCertificateClient.java:1413)
	at java.util.concurrent.Executors$RunnableAdapter.call(Executors.java:511)
	at java.util.concurrent.FutureTask.runAndReset(FutureTask.java:308)
	at java.util.concurrent.ScheduledThreadPoolExecutor$ScheduledFutureTask.access$301(ScheduledThreadPoolExecutor.java:180)
	at java.util.concurrent.ScheduledThreadPoolExecutor$ScheduledFutureTask.run(ScheduledThreadPoolExecutor.java:294)
	at java.util.concurrent.ThreadPoolExecutor.runWorker(ThreadPoolExecutor.java:1149)
	at java.util.concurrent.ThreadPoolExecutor$Worker.run(ThreadPoolExecutor.java:624)
	at java.lang.Thread.run(Thread.java:750)
Caused by: org.apache.hadoop.hdds.security.x509.exceptions.CertificateException: Error while bootstrapping certificate.
	at org.apache.hadoop.hdds.security.x509.certificate.client.DefaultCertificateClient.createKeyPair(DefaultCertificateClient.java:968)
	at org.apache.hadoop.hdds.security.x509.certificate.client.DefaultCertificateClient.renewAndStoreKeyAndCertificate(DefaultCertificateClient.java:1172)
	... 8 more
2023-01-06 09:51:54,830 [CertificateLifetimeMonitor] INFO  client.DNCertificateClient (DefaultCertificateClient.java:run(1410)) - Current certificate has entered the expiry grace period PT0S. Starting renew key and certs.
2023-01-06 09:51:55,414 [CertificateLifetimeMonitor] INFO  ozone.OzoneSecurityUtil (OzoneSecurityUtil.java:getValidInetsForCurrentHost(119)) - ip:fe80:0:0:0:20d:3aff:fef6:a12e%eth0 not returned.
2023-01-06 09:51:55,415 [CertificateLifetimeMonitor] INFO  ozone.OzoneSecurityUtil (OzoneSecurityUtil.java:getValidInetsForCurrentHost(116)) - Adding ip:10.1.0.8,host:fv-az844-354.kvdfyhrxhd0epk3sa4trub4njc.xx.internal.cloudapp.net
2023-01-06 09:51:55,415 [CertificateLifetimeMonitor] INFO  ozone.OzoneSecurityUtil (OzoneSecurityUtil.java:getValidInetsForCurrentHost(119)) - ip:0:0:0:0:0:0:0:1%lo not returned.
2023-01-06 09:51:55,416 [CertificateLifetimeMonitor] INFO  ozone.OzoneSecurityUtil (OzoneSecurityUtil.java:getValidInetsForCurrentHost(119)) - ip:127.0.0.1 not returned.
2023-01-06 09:51:55,416 [CertificateLifetimeMonitor] INFO  client.DNCertificateClient (DNCertificateClient.java:getCSRBuilder(98)) - Created csr for DN-> subject:runner@fv-az844-354.kvdfyhrxhd0epk3sa4trub4njc.xx.internal.cloudapp.net
2023-01-06 09:51:55,420 [CertificateLifetimeMonitor] ERROR client.DNCertificateClient (DNCertificateClient.java:signAndStoreCertificate(140)) - Error while signing and storing SCM signed certificate.
org.apache.hadoop.hdds.security.x509.exceptions.CertificateException: Unable to retrieve datanode certificate chain.
	at org.apache.hadoop.hdds.security.x509.certificate.client.DNCertificateClient.signAndStoreCertificate(DNCertificateClient.java:136)
	at org.apache.hadoop.hdds.security.x509.certificate.client.DefaultCertificateClient.renewAndStoreKeyAndCertificate(DefaultCertificateClient.java:1182)
	at org.apache.hadoop.hdds.security.x509.certificate.client.DefaultCertificateClient$CertificateLifetimeMonitor.run(DefaultCertificateClient.java:1413)
	at java.util.concurrent.Executors$RunnableAdapter.call(Executors.java:511)
	at java.util.concurrent.FutureTask.runAndReset(FutureTask.java:308)
	at java.util.concurrent.ScheduledThreadPoolExecutor$ScheduledFutureTask.access$301(ScheduledThreadPoolExecutor.java:180)
	at java.util.concurrent.ScheduledThreadPoolExecutor$ScheduledFutureTask.run(ScheduledThreadPoolExecutor.java:294)
	at java.util.concurrent.ThreadPoolExecutor.runWorker(ThreadPoolExecutor.java:1149)
	at java.util.concurrent.ThreadPoolExecutor$Worker.run(ThreadPoolExecutor.java:624)
	at java.lang.Thread.run(Thread.java:750)
2023-01-06 09:51:55,420 [CertificateLifetimeMonitor] ERROR client.DNCertificateClient (DefaultCertificateClient.java:run(1423)) - Failed to renew and store key and cert. Keep using existing certificates.
org.apache.hadoop.hdds.security.x509.exceptions.CertificateException: Error while signing and storing new certificates.
	at org.apache.hadoop.hdds.security.x509.certificate.client.DefaultCertificateClient.renewAndStoreKeyAndCertificate(DefaultCertificateClient.java:1185)
	at org.apache.hadoop.hdds.security.x509.certificate.client.DefaultCertificateClient$CertificateLifetimeMonitor.run(DefaultCertificateClient.java:1413)
	at java.util.concurrent.Executors$RunnableAdapter.call(Executors.java:511)
	at java.util.concurrent.FutureTask.runAndReset(FutureTask.java:308)
	at java.util.concurrent.ScheduledThreadPoolExecutor$ScheduledFutureTask.access$301(ScheduledThreadPoolExecutor.java:180)
	at java.util.concurrent.ScheduledThreadPoolExecutor$ScheduledFutureTask.run(ScheduledThreadPoolExecutor.java:294)
	at java.util.concurrent.ThreadPoolExecutor.runWorker(ThreadPoolExecutor.java:1149)
	at java.util.concurrent.ThreadPoolExecutor$Worker.run(ThreadPoolExecutor.java:624)
	at java.lang.Thread.run(Thread.java:750)
Caused by: org.apache.hadoop.hdds.security.x509.exceptions.CertificateException: Error while signing and storing SCM signed certificate.
	at org.apache.hadoop.hdds.security.x509.certificate.client.DNCertificateClient.signAndStoreCertificate(DNCertificateClient.java:141)
	at org.apache.hadoop.hdds.security.x509.certificate.client.DefaultCertificateClient.renewAndStoreKeyAndCertificate(DefaultCertificateClient.java:1182)
	... 8 more
Caused by: org.apache.hadoop.hdds.security.x509.exceptions.CertificateException: Unable to retrieve datanode certificate chain.
	at org.apache.hadoop.hdds.security.x509.certificate.client.DNCertificateClient.signAndStoreCertificate(DNCertificateClient.java:136)
	... 9 more
2023-01-06 09:51:55,652 [CertificateLifetimeMonitor] INFO  client.DNCertificateClient (DefaultCertificateClient.java:run(1410)) - Current certificate has entered the expiry grace period PT0S. Starting renew key and certs.
2023-01-06 09:51:55,791 [CertificateLifetimeMonitor] INFO  ozone.OzoneSecurityUtil (OzoneSecurityUtil.java:getValidInetsForCurrentHost(119)) - ip:fe80:0:0:0:20d:3aff:fef6:a12e%eth0 not returned.
2023-01-06 09:51:55,791 [CertificateLifetimeMonitor] INFO  ozone.OzoneSecurityUtil (OzoneSecurityUtil.java:getValidInetsForCurrentHost(116)) - Adding ip:10.1.0.8,host:fv-az844-354.kvdfyhrxhd0epk3sa4trub4njc.xx.internal.cloudapp.net
2023-01-06 09:51:55,792 [CertificateLifetimeMonitor] INFO  ozone.OzoneSecurityUtil (OzoneSecurityUtil.java:getValidInetsForCurrentHost(119)) - ip:0:0:0:0:0:0:0:1%lo not returned.
2023-01-06 09:51:55,792 [CertificateLifetimeMonitor] INFO  ozone.OzoneSecurityUtil (OzoneSecurityUtil.java:getValidInetsForCurrentHost(119)) - ip:127.0.0.1 not returned.
2023-01-06 09:51:55,792 [CertificateLifetimeMonitor] INFO  client.DNCertificateClient (DNCertificateClient.java:getCSRBuilder(98)) - Created csr for DN-> subject:runner@fv-az844-354.kvdfyhrxhd0epk3sa4trub4njc.xx.internal.cloudapp.net
2023-01-06 09:51:55,795 [CertificateLifetimeMonitor] ERROR client.DNCertificateClient (DNCertificateClient.java:signAndStoreCertificate(140)) - Error while signing and storing SCM signed certificate.
org.apache.hadoop.hdds.security.x509.exceptions.CertificateException: Unable to retrieve datanode certificate chain.
	at org.apache.hadoop.hdds.security.x509.certificate.client.DNCertificateClient.signAndStoreCertificate(DNCertificateClient.java:136)
	at org.apache.hadoop.hdds.security.x509.certificate.client.DefaultCertificateClient.renewAndStoreKeyAndCertificate(DefaultCertificateClient.java:1182)
	at org.apache.hadoop.hdds.security.x509.certificate.client.DefaultCertificateClient$CertificateLifetimeMonitor.run(DefaultCertificateClient.java:1413)
	at java.util.concurrent.Executors$RunnableAdapter.call(Executors.java:511)
	at java.util.concurrent.FutureTask.runAndReset(FutureTask.java:308)
	at java.util.concurrent.ScheduledThreadPoolExecutor$ScheduledFutureTask.access$301(ScheduledThreadPoolExecutor.java:180)
	at java.util.concurrent.ScheduledThreadPoolExecutor$ScheduledFutureTask.run(ScheduledThreadPoolExecutor.java:294)
	at java.util.concurrent.ThreadPoolExecutor.runWorker(ThreadPoolExecutor.java:1149)
	at java.util.concurrent.ThreadPoolExecutor$Worker.run(ThreadPoolExecutor.java:624)
	at java.lang.Thread.run(Thread.java:750)
2023-01-06 09:51:55,795 [CertificateLifetimeMonitor] ERROR client.DNCertificateClient (DefaultCertificateClient.java:run(1423)) - Failed to renew and store key and cert. Keep using existing certificates.
org.apache.hadoop.hdds.security.x509.exceptions.CertificateException: Error while signing and storing new certificates.
	at org.apache.hadoop.hdds.security.x509.certificate.client.DefaultCertificateClient.renewAndStoreKeyAndCertificate(DefaultCertificateClient.java:1185)
	at org.apache.hadoop.hdds.security.x509.certificate.client.DefaultCertificateClient$CertificateLifetimeMonitor.run(DefaultCertificateClient.java:1413)
	at java.util.concurrent.Executors$RunnableAdapter.call(Executors.java:511)
	at java.util.concurrent.FutureTask.runAndReset(FutureTask.java:308)
	at java.util.concurrent.ScheduledThreadPoolExecutor$ScheduledFutureTask.access$301(ScheduledThreadPoolExecutor.java:180)
	at java.util.concurrent.ScheduledThreadPoolExecutor$ScheduledFutureTask.run(ScheduledThreadPoolExecutor.java:294)
	at java.util.concurrent.ThreadPoolExecutor.runWorker(ThreadPoolExecutor.java:1149)
	at java.util.concurrent.ThreadPoolExecutor$Worker.run(ThreadPoolExecutor.java:624)
	at java.lang.Thread.run(Thread.java:750)
Caused by: org.apache.hadoop.hdds.security.x509.exceptions.CertificateException: Error while signing and storing SCM signed certificate.
	at org.apache.hadoop.hdds.security.x509.certificate.client.DNCertificateClient.signAndStoreCertificate(DNCertificateClient.java:141)
	at org.apache.hadoop.hdds.security.x509.certificate.client.DefaultCertificateClient.renewAndStoreKeyAndCertificate(DefaultCertificateClient.java:1182)
	... 8 more
Caused by: org.apache.hadoop.hdds.security.x509.exceptions.CertificateException: Unable to retrieve datanode certificate chain.
	at org.apache.hadoop.hdds.security.x509.certificate.client.DNCertificateClient.signAndStoreCertificate(DNCertificateClient.java:136)
	... 9 more
2023-01-06 09:51:55,796 [CertificateLifetimeMonitor] INFO  client.DNCertificateClient (DefaultCertificateClient.java:run(1410)) - Current certificate has entered the expiry grace period PT0S. Starting renew key and certs.
2023-01-06 09:51:55,994 [CertificateLifetimeMonitor] INFO  client.DNCertificateClient (DefaultCertificateClient.java:run(1410)) - Current certificate has entered the expiry grace period PT0S. Starting renew key and certs.
2023-01-06 09:51:55,997 [CertificateLifetimeMonitor] INFO  client.DNCertificateClient (DefaultCertificateClient.java:run(1410)) - Current certificate has entered the expiry grace period PT0S. Starting renew key and certs.
2023-01-06 09:51:55,997 [CertificateLifetimeMonitor] INFO  client.DNCertificateClient (DefaultCertificateClient.java:run(1410)) - Current certificate has entered the expiry grace period PT0S. Starting renew key and certs.
2023-01-06 09:51:55,997 [CertificateLifetimeMonitor] ERROR client.DNCertificateClient (DefaultCertificateClient.java:run(1423)) - Failed to renew and store key and cert. Keep using existing certificates.
org.apache.hadoop.hdds.security.x509.exceptions.CertificateException: Error while deleting/creating /home/runner/work/ozone/ozone/hadoop-hdds/container-service/target/test-dir/PjBx01n9A5/dn/keys-next or /home/runner/work/ozone/ozone/hadoop-hdds/container-service/target/test-dir/PjBx01n9A5/dn/certs-next directories to cleanup  certificate storage. 
	at org.apache.hadoop.hdds.security.x509.certificate.client.DefaultCertificateClient.renewAndStoreKeyAndCertificate(DefaultCertificateClient.java:1163)
	at org.apache.hadoop.hdds.security.x509.certificate.client.DefaultCertificateClient$CertificateLifetimeMonitor.run(DefaultCertificateClient.java:1413)
	at java.util.concurrent.Executors$RunnableAdapter.call(Executors.java:511)
	at java.util.concurrent.FutureTask.runAndReset(FutureTask.java:308)
	at java.util.concurrent.ScheduledThreadPoolExecutor$ScheduledFutureTask.access$301(ScheduledThreadPoolExecutor.java:180)
	at java.util.concurrent.ScheduledThreadPoolExecutor$ScheduledFutureTask.run(ScheduledThreadPoolExecutor.java:294)
	at java.util.concurrent.ThreadPoolExecutor.runWorker(ThreadPoolExecutor.java:1149)
	at java.util.concurrent.ThreadPoolExecutor$Worker.run(ThreadPoolExecutor.java:624)
	at java.lang.Thread.run(Thread.java:750)
Caused by: java.io.IOException: Unknown I/O error listing contents of directory: /home/runner/work/ozone/ozone/hadoop-hdds/container-service/target/test-dir/PjBx01n9A5/dn/keys-next
	at org.apache.commons.io.FileUtils.listFiles(FileUtils.java:2095)
	at org.apache.commons.io.FileUtils.cleanDirectory(FileUtils.java:319)
	at org.apache.commons.io.FileUtils.deleteDirectory(FileUtils.java:1192)
	at org.apache.hadoop.hdds.security.x509.certificate.client.DefaultCertificateClient.renewAndStoreKeyAndCertificate(DefaultCertificateClient.java:1158)
	... 8 more
2023-01-06 09:51:55,997 [CertificateLifetimeMonitor] INFO  client.DNCertificateClient (DefaultCertificateClient.java:run(1410)) - Current certificate has entered the expiry grace period PT0S. Starting renew key and certs.
2023-01-06 09:51:56,620 [CertificateLifetimeMonitor] INFO  ozone.OzoneSecurityUtil (OzoneSecurityUtil.java:getValidInetsForCurrentHost(119)) - ip:fe80:0:0:0:20d:3aff:fef6:a12e%eth0 not returned.
2023-01-06 09:51:56,620 [CertificateLifetimeMonitor] INFO  ozone.OzoneSecurityUtil (OzoneSecurityUtil.java:getValidInetsForCurrentHost(116)) - Adding ip:10.1.0.8,host:fv-az844-354.kvdfyhrxhd0epk3sa4trub4njc.xx.internal.cloudapp.net
2023-01-06 09:51:56,620 [CertificateLifetimeMonitor] INFO  ozone.OzoneSecurityUtil (OzoneSecurityUtil.java:getValidInetsForCurrentHost(119)) - ip:0:0:0:0:0:0:0:1%lo not returned.
2023-01-06 09:51:56,620 [CertificateLifetimeMonitor] INFO  ozone.OzoneSecurityUtil (OzoneSecurityUtil.java:getValidInetsForCurrentHost(119)) - ip:127.0.0.1 not returned.
2023-01-06 09:51:56,621 [CertificateLifetimeMonitor] INFO  client.DNCertificateClient (DNCertificateClient.java:getCSRBuilder(98)) - Created csr for DN-> subject:runner@fv-az844-354.kvdfyhrxhd0epk3sa4trub4njc.xx.internal.cloudapp.net
2023-01-06 09:51:56,632 [CertificateLifetimeMonitor] ERROR client.DNCertificateClient (DefaultCertificateClient.java:run(1423)) - Failed to renew and store key and cert. Keep using existing certificates.
org.apache.hadoop.hdds.security.x509.exceptions.CertificateException: Error while signing and storing new certificates.
	at org.apache.hadoop.hdds.security.x509.certificate.client.DefaultCertificateClient.renewAndStoreKeyAndCertificate(DefaultCertificateClient.java:1185)
	at org.apache.hadoop.hdds.security.x509.certificate.client.DefaultCertificateClient$CertificateLifetimeMonitor.run(DefaultCertificateClient.java:1413)
	at java.util.concurrent.Executors$RunnableAdapter.call(Executors.java:511)
	at java.util.concurrent.FutureTask.runAndReset(FutureTask.java:308)
	at java.util.concurrent.ScheduledThreadPoolExecutor$ScheduledFutureTask.access$301(ScheduledThreadPoolExecutor.java:180)
	at java.util.concurrent.ScheduledThreadPoolExecutor$ScheduledFutureTask.run(ScheduledThreadPoolExecutor.java:294)
	at java.util.concurrent.ThreadPoolExecutor.runWorker(ThreadPoolExecutor.java:1149)
	at java.util.concurrent.ThreadPoolExecutor$Worker.run(ThreadPoolExecutor.java:624)
	at java.lang.Thread.run(Thread.java:750)
Caused by: org.apache.hadoop.hdds.conf.ConfigurationException: SCM Client Address could not be obtained from config. Config is not properly defined
	at org.apache.hadoop.hdds.scm.proxy.SCMSecurityProtocolFailoverProxyProvider.loadConfigs(SCMSecurityProtocolFailoverProxyProvider.java:120)
	at org.apache.hadoop.hdds.scm.proxy.SCMSecurityProtocolFailoverProxyProvider.<init>(SCMSecurityProtocolFailoverProxyProvider.java:105)
	at org.apache.hadoop.hdds.utils.HddsServerUtil.getScmSecurityClientWithMaxRetry(HddsServerUtil.java:467)
	at org.apache.hadoop.hdds.security.x509.certificate.client.DefaultCertificateClient.getScmSecureClient(DefaultCertificateClient.java:1363)
	at org.apache.hadoop.hdds.security.x509.certificate.client.DNCertificateClient.signAndStoreCertificate(DNCertificateClient.java:113)
	at org.apache.hadoop.hdds.security.x509.certificate.client.DefaultCertificateClient.renewAndStoreKeyAndCertificate(DefaultCertificateClient.java:1182)
	... 8 more
2023-01-06 09:51:56,650 [CertificateLifetimeMonitor] ERROR client.DNCertificateClient (DefaultCertificateClient.java:createKeyPair(967)) - Error while bootstrapping certificate client.
java.io.IOException: Private key already exist.
	at org.apache.hadoop.hdds.security.x509.keys.KeyCodec.writePublicKey(KeyCodec.java:197)
	at org.apache.hadoop.hdds.security.x509.certificate.client.DefaultCertificateClient.createKeyPair(DefaultCertificateClient.java:963)
	at org.apache.hadoop.hdds.security.x509.certificate.client.DefaultCertificateClient.renewAndStoreKeyAndCertificate(DefaultCertificateClient.java:1172)
	at org.apache.hadoop.hdds.security.x509.certificate.client.DefaultCertificateClient$CertificateLifetimeMonitor.run(DefaultCertificateClient.java:1413)
	at java.util.concurrent.Executors$RunnableAdapter.call(Executors.java:511)
	at java.util.concurrent.FutureTask.runAndReset(FutureTask.java:308)
	at java.util.concurrent.ScheduledThreadPoolExecutor$ScheduledFutureTask.access$301(ScheduledThreadPoolExecutor.java:180)
	at java.util.concurrent.ScheduledThreadPoolExecutor$ScheduledFutureTask.run(ScheduledThreadPoolExecutor.java:294)
	at java.util.concurrent.ThreadPoolExecutor.runWorker(ThreadPoolExecutor.java:1149)
	at java.util.concurrent.ThreadPoolExecutor$Worker.run(ThreadPoolExecutor.java:624)
	at java.lang.Thread.run(Thread.java:750)
2023-01-06 09:51:56,650 [CertificateLifetimeMonitor] ERROR client.DNCertificateClient (DefaultCertificateClient.java:run(1423)) - Failed to renew and store key and cert. Keep using existing certificates.
org.apache.hadoop.hdds.security.x509.exceptions.CertificateException: Error while creating new key pair.
	at org.apache.hadoop.hdds.security.x509.certificate.client.DefaultCertificateClient.renewAndStoreKeyAndCertificate(DefaultCertificateClient.java:1174)
	at org.apache.hadoop.hdds.security.x509.certificate.client.DefaultCertificateClient$CertificateLifetimeMonitor.run(DefaultCertificateClient.java:1413)
	at java.util.concurrent.Executors$RunnableAdapter.call(Executors.java:511)
	at java.util.concurrent.FutureTask.runAndReset(FutureTask.java:308)
	at java.util.concurrent.ScheduledThreadPoolExecutor$ScheduledFutureTask.access$301(ScheduledThreadPoolExecutor.java:180)
	at java.util.concurrent.ScheduledThreadPoolExecutor$ScheduledFutureTask.run(ScheduledThreadPoolExecutor.java:294)
	at java.util.concurrent.ThreadPoolExecutor.runWorker(ThreadPoolExecutor.java:1149)
	at java.util.concurrent.ThreadPoolExecutor$Worker.run(ThreadPoolExecutor.java:624)
	at java.lang.Thread.run(Thread.java:750)
Caused by: org.apache.hadoop.hdds.security.x509.exceptions.CertificateException: Error while bootstrapping certificate.
	at org.apache.hadoop.hdds.security.x509.certificate.client.DefaultCertificateClient.createKeyPair(DefaultCertificateClient.java:968)
	at org.apache.hadoop.hdds.security.x509.certificate.client.DefaultCertificateClient.renewAndStoreKeyAndCertificate(DefaultCertificateClient.java:1172)
	... 8 more
2023-01-06 09:51:56,657 [CertificateLifetimeMonitor] ERROR client.DNCertificateClient (DefaultCertificateClient.java:createKeyPair(967)) - Error while bootstrapping certificate client.
java.io.IOException: Private key already exist.
	at org.apache.hadoop.hdds.security.x509.keys.KeyCodec.writePublicKey(KeyCodec.java:197)
	at org.apache.hadoop.hdds.security.x509.certificate.client.DefaultCertificateClient.createKeyPair(DefaultCertificateClient.java:963)
	at org.apache.hadoop.hdds.security.x509.certificate.client.DefaultCertificateClient.renewAndStoreKeyAndCertificate(DefaultCertificateClient.java:1172)
	at org.apache.hadoop.hdds.security.x509.certificate.client.DefaultCertificateClient$CertificateLifetimeMonitor.run(DefaultCertificateClient.java:1413)
	at java.util.concurrent.Executors$RunnableAdapter.call(Executors.java:511)
	at java.util.concurrent.FutureTask.runAndReset(FutureTask.java:308)
	at java.util.concurrent.ScheduledThreadPoolExecutor$ScheduledFutureTask.access$301(ScheduledThreadPoolExecutor.java:180)
	at java.util.concurrent.ScheduledThreadPoolExecutor$ScheduledFutureTask.run(ScheduledThreadPoolExecutor.java:294)
	at java.util.concurrent.ThreadPoolExecutor.runWorker(ThreadPoolExecutor.java:1149)
	at java.util.concurrent.ThreadPoolExecutor$Worker.run(ThreadPoolExecutor.java:624)
	at java.lang.Thread.run(Thread.java:750)
2023-01-06 09:51:56,657 [CertificateLifetimeMonitor] ERROR client.DNCertificateClient (DefaultCertificateClient.java:run(1423)) - Failed to renew and store key and cert. Keep using existing certificates.
org.apache.hadoop.hdds.security.x509.exceptions.CertificateException: Error while creating new key pair.
	at org.apache.hadoop.hdds.security.x509.certificate.client.DefaultCertificateClient.renewAndStoreKeyAndCertificate(DefaultCertificateClient.java:1174)
	at org.apache.hadoop.hdds.security.x509.certificate.client.DefaultCertificateClient$CertificateLifetimeMonitor.run(DefaultCertificateClient.java:1413)
	at java.util.concurrent.Executors$RunnableAdapter.call(Executors.java:511)
	at java.util.concurrent.FutureTask.runAndReset(FutureTask.java:308)
	at java.util.concurrent.ScheduledThreadPoolExecutor$ScheduledFutureTask.access$301(ScheduledThreadPoolExecutor.java:180)
	at java.util.concurrent.ScheduledThreadPoolExecutor$ScheduledFutureTask.run(ScheduledThreadPoolExecutor.java:294)
	at java.util.concurrent.ThreadPoolExecutor.runWorker(ThreadPoolExecutor.java:1149)
	at java.util.concurrent.ThreadPoolExecutor$Worker.run(ThreadPoolExecutor.java:624)
	at java.lang.Thread.run(Thread.java:750)
Caused by: org.apache.hadoop.hdds.security.x509.exceptions.CertificateException: Error while bootstrapping certificate.
	at org.apache.hadoop.hdds.security.x509.certificate.client.DefaultCertificateClient.createKeyPair(DefaultCertificateClient.java:968)
	at org.apache.hadoop.hdds.security.x509.certificate.client.DefaultCertificateClient.renewAndStoreKeyAndCertificate(DefaultCertificateClient.java:1172)
	... 8 more
2023-01-06 09:51:56,772 [CertificateLifetimeMonitor] ERROR client.DNCertificateClient (DefaultCertificateClient.java:createKeyPair(967)) - Error while bootstrapping certificate client.
java.io.IOException: Private key already exist.
	at org.apache.hadoop.hdds.security.x509.keys.KeyCodec.writePublicKey(KeyCodec.java:197)
	at org.apache.hadoop.hdds.security.x509.certificate.client.DefaultCertificateClient.createKeyPair(DefaultCertificateClient.java:963)
	at org.apache.hadoop.hdds.security.x509.certificate.client.DefaultCertificateClient.renewAndStoreKeyAndCertificate(DefaultCertificateClient.java:1172)
	at org.apache.hadoop.hdds.security.x509.certificate.client.DefaultCertificateClient$CertificateLifetimeMonitor.run(DefaultCertificateClient.java:1413)
	at java.util.concurrent.Executors$RunnableAdapter.call(Executors.java:511)
	at java.util.concurrent.FutureTask.runAndReset(FutureTask.java:308)
	at java.util.concurrent.ScheduledThreadPoolExecutor$ScheduledFutureTask.access$301(ScheduledThreadPoolExecutor.java:180)
	at java.util.concurrent.ScheduledThreadPoolExecutor$ScheduledFutureTask.run(ScheduledThreadPoolExecutor.java:294)
	at java.util.concurrent.ThreadPoolExecutor.runWorker(ThreadPoolExecutor.java:1149)
	at java.util.concurrent.ThreadPoolExecutor$Worker.run(ThreadPoolExecutor.java:624)
	at java.lang.Thread.run(Thread.java:750)
2023-01-06 09:51:56,772 [CertificateLifetimeMonitor] ERROR client.DNCertificateClient (DefaultCertificateClient.java:run(1423)) - Failed to renew and store key and cert. Keep using existing certificates.
org.apache.hadoop.hdds.security.x509.exceptions.CertificateException: Error while creating new key pair.
	at org.apache.hadoop.hdds.security.x509.certificate.client.DefaultCertificateClient.renewAndStoreKeyAndCertificate(DefaultCertificateClient.java:1174)
	at org.apache.hadoop.hdds.security.x509.certificate.client.DefaultCertificateClient$CertificateLifetimeMonitor.run(DefaultCertificateClient.java:1413)
	at java.util.concurrent.Executors$RunnableAdapter.call(Executors.java:511)
	at java.util.concurrent.FutureTask.runAndReset(FutureTask.java:308)
	at java.util.concurrent.ScheduledThreadPoolExecutor$ScheduledFutureTask.access$301(ScheduledThreadPoolExecutor.java:180)
	at java.util.concurrent.ScheduledThreadPoolExecutor$ScheduledFutureTask.run(ScheduledThreadPoolExecutor.java:294)
	at java.util.concurrent.ThreadPoolExecutor.runWorker(ThreadPoolExecutor.java:1149)
	at java.util.concurrent.ThreadPoolExecutor$Worker.run(ThreadPoolExecutor.java:624)
	at java.lang.Thread.run(Thread.java:750)
Caused by: org.apache.hadoop.hdds.security.x509.exceptions.CertificateException: Error while bootstrapping certificate.
	at org.apache.hadoop.hdds.security.x509.certificate.client.DefaultCertificateClient.createKeyPair(DefaultCertificateClient.java:968)
	at org.apache.hadoop.hdds.security.x509.certificate.client.DefaultCertificateClient.renewAndStoreKeyAndCertificate(DefaultCertificateClient.java:1172)
	... 8 more
2023-01-06 09:51:57,318 [CertificateLifetimeMonitor] INFO  client.DNCertificateClient (DefaultCertificateClient.java:run(1410)) - Current certificate has entered the expiry grace period PT0S. Starting renew key and certs.
2023-01-06 09:51:57,533 [CertificateLifetimeMonitor] INFO  ozone.OzoneSecurityUtil (OzoneSecurityUtil.java:getValidInetsForCurrentHost(119)) - ip:fe80:0:0:0:20d:3aff:fef6:a12e%eth0 not returned.
2023-01-06 09:51:57,533 [CertificateLifetimeMonitor] INFO  ozone.OzoneSecurityUtil (OzoneSecurityUtil.java:getValidInetsForCurrentHost(116)) - Adding ip:10.1.0.8,host:fv-az844-354.kvdfyhrxhd0epk3sa4trub4njc.xx.internal.cloudapp.net
2023-01-06 09:51:57,534 [CertificateLifetimeMonitor] INFO  ozone.OzoneSecurityUtil (OzoneSecurityUtil.java:getValidInetsForCurrentHost(119)) - ip:0:0:0:0:0:0:0:1%lo not returned.
2023-01-06 09:51:57,534 [CertificateLifetimeMonitor] INFO  ozone.OzoneSecurityUtil (OzoneSecurityUtil.java:getValidInetsForCurrentHost(119)) - ip:127.0.0.1 not returned.
2023-01-06 09:51:57,534 [CertificateLifetimeMonitor] INFO  client.DNCertificateClient (DNCertificateClient.java:getCSRBuilder(98)) - Created csr for DN-> subject:runner@fv-az844-354.kvdfyhrxhd0epk3sa4trub4njc.xx.internal.cloudapp.net
2023-01-06 09:51:57,537 [CertificateLifetimeMonitor] ERROR client.DNCertificateClient (DNCertificateClient.java:signAndStoreCertificate(140)) - Error while signing and storing SCM signed certificate.
org.apache.hadoop.hdds.security.x509.exceptions.CertificateException: Unable to retrieve datanode certificate chain.
	at org.apache.hadoop.hdds.security.x509.certificate.client.DNCertificateClient.signAndStoreCertificate(DNCertificateClient.java:136)
	at org.apache.hadoop.hdds.security.x509.certificate.client.DefaultCertificateClient.renewAndStoreKeyAndCertificate(DefaultCertificateClient.java:1182)
	at org.apache.hadoop.hdds.security.x509.certificate.client.DefaultCertificateClient$CertificateLifetimeMonitor.run(DefaultCertificateClient.java:1413)
	at java.util.concurrent.Executors$RunnableAdapter.call(Executors.java:511)
	at java.util.concurrent.FutureTask.runAndReset(FutureTask.java:308)
	at java.util.concurrent.ScheduledThreadPoolExecutor$ScheduledFutureTask.access$301(ScheduledThreadPoolExecutor.java:180)
	at java.util.concurrent.ScheduledThreadPoolExecutor$ScheduledFutureTask.run(ScheduledThreadPoolExecutor.java:294)
	at java.util.concurrent.ThreadPoolExecutor.runWorker(ThreadPoolExecutor.java:1149)
	at java.util.concurrent.ThreadPoolExecutor$Worker.run(ThreadPoolExecutor.java:624)
	at java.lang.Thread.run(Thread.java:750)
2023-01-06 09:51:57,537 [CertificateLifetimeMonitor] ERROR client.DNCertificateClient (DefaultCertificateClient.java:run(1423)) - Failed to renew and store key and cert. Keep using existing certificates.
org.apache.hadoop.hdds.security.x509.exceptions.CertificateException: Error while signing and storing new certificates.
	at org.apache.hadoop.hdds.security.x509.certificate.client.DefaultCertificateClient.renewAndStoreKeyAndCertificate(DefaultCertificateClient.java:1185)
	at org.apache.hadoop.hdds.security.x509.certificate.client.DefaultCertificateClient$CertificateLifetimeMonitor.run(DefaultCertificateClient.java:1413)
	at java.util.concurrent.Executors$RunnableAdapter.call(Executors.java:511)
	at java.util.concurrent.FutureTask.runAndReset(FutureTask.java:308)
	at java.util.concurrent.ScheduledThreadPoolExecutor$ScheduledFutureTask.access$301(ScheduledThreadPoolExecutor.java:180)
	at java.util.concurrent.ScheduledThreadPoolExecutor$ScheduledFutureTask.run(ScheduledThreadPoolExecutor.java:294)
	at java.util.concurrent.ThreadPoolExecutor.runWorker(ThreadPoolExecutor.java:1149)
	at java.util.concurrent.ThreadPoolExecutor$Worker.run(ThreadPoolExecutor.java:624)
	at java.lang.Thread.run(Thread.java:750)
Caused by: org.apache.hadoop.hdds.security.x509.exceptions.CertificateException: Error while signing and storing SCM signed certificate.
	at org.apache.hadoop.hdds.security.x509.certificate.client.DNCertificateClient.signAndStoreCertificate(DNCertificateClient.java:141)
	at org.apache.hadoop.hdds.security.x509.certificate.client.DefaultCertificateClient.renewAndStoreKeyAndCertificate(DefaultCertificateClient.java:1182)
	... 8 more
Caused by: org.apache.hadoop.hdds.security.x509.exceptions.CertificateException: Unable to retrieve datanode certificate chain.
	at org.apache.hadoop.hdds.security.x509.certificate.client.DNCertificateClient.signAndStoreCertificate(DNCertificateClient.java:136)
	... 9 more
2023-01-06 09:51:57,538 [CertificateLifetimeMonitor] INFO  client.DNCertificateClient (DefaultCertificateClient.java:run(1410)) - Current certificate has entered the expiry grace period PT0S. Starting renew key and certs.
2023-01-06 09:51:57,660 [CertificateLifetimeMonitor] INFO  client.DNCertificateClient (DefaultCertificateClient.java:run(1410)) - Current certificate has entered the expiry grace period PT0S. Starting renew key and certs.
2023-01-06 09:51:57,661 [CertificateLifetimeMonitor] INFO  client.DNCertificateClient (DefaultCertificateClient.java:run(1410)) - Current certificate has entered the expiry grace period PT0S. Starting renew key and certs.
2023-01-06 09:51:57,662 [CertificateLifetimeMonitor] INFO  client.DNCertificateClient (DefaultCertificateClient.java:run(1410)) - Current certificate has entered the expiry grace period PT0S. Starting renew key and certs.
2023-01-06 09:51:57,666 [CertificateLifetimeMonitor] INFO  client.DNCertificateClient (DefaultCertificateClient.java:run(1410)) - Current certificate has entered the expiry grace period PT0S. Starting renew key and certs.
2023-01-06 09:51:57,990 [CertificateLifetimeMonitor] INFO  ozone.OzoneSecurityUtil (OzoneSecurityUtil.java:getValidInetsForCurrentHost(119)) - ip:fe80:0:0:0:20d:3aff:fef6:a12e%eth0 not returned.
2023-01-06 09:51:57,990 [CertificateLifetimeMonitor] INFO  ozone.OzoneSecurityUtil (OzoneSecurityUtil.java:getValidInetsForCurrentHost(116)) - Adding ip:10.1.0.8,host:fv-az844-354.kvdfyhrxhd0epk3sa4trub4njc.xx.internal.cloudapp.net
2023-01-06 09:51:57,990 [CertificateLifetimeMonitor] INFO  ozone.OzoneSecurityUtil (OzoneSecurityUtil.java:getValidInetsForCurrentHost(119)) - ip:0:0:0:0:0:0:0:1%lo not returned.
2023-01-06 09:51:57,990 [CertificateLifetimeMonitor] INFO  ozone.OzoneSecurityUtil (OzoneSecurityUtil.java:getValidInetsForCurrentHost(119)) - ip:127.0.0.1 not returned.
2023-01-06 09:51:57,991 [CertificateLifetimeMonitor] INFO  client.DNCertificateClient (DNCertificateClient.java:getCSRBuilder(98)) - Created csr for DN-> subject:runner@fv-az844-354.kvdfyhrxhd0epk3sa4trub4njc.xx.internal.cloudapp.net
2023-01-06 09:51:58,002 [CertificateLifetimeMonitor] ERROR client.DNCertificateClient (DefaultCertificateClient.java:run(1423)) - Failed to renew and store key and cert. Keep using existing certificates.
org.apache.hadoop.hdds.security.x509.exceptions.CertificateException: Error while signing and storing new certificates.
	at org.apache.hadoop.hdds.security.x509.certificate.client.DefaultCertificateClient.renewAndStoreKeyAndCertificate(DefaultCertificateClient.java:1185)
	at org.apache.hadoop.hdds.security.x509.certificate.client.DefaultCertificateClient$CertificateLifetimeMonitor.run(DefaultCertificateClient.java:1413)
	at java.util.concurrent.Executors$RunnableAdapter.call(Executors.java:511)
	at java.util.concurrent.FutureTask.runAndReset(FutureTask.java:308)
	at java.util.concurrent.ScheduledThreadPoolExecutor$ScheduledFutureTask.access$301(ScheduledThreadPoolExecutor.java:180)
	at java.util.concurrent.ScheduledThreadPoolExecutor$ScheduledFutureTask.run(ScheduledThreadPoolExecutor.java:294)
	at java.util.concurrent.ThreadPoolExecutor.runWorker(ThreadPoolExecutor.java:1149)
	at java.util.concurrent.ThreadPoolExecutor$Worker.run(ThreadPoolExecutor.java:624)
	at java.lang.Thread.run(Thread.java:750)
Caused by: org.apache.hadoop.hdds.conf.ConfigurationException: SCM Client Address could not be obtained from config. Config is not properly defined
	at org.apache.hadoop.hdds.scm.proxy.SCMSecurityProtocolFailoverProxyProvider.loadConfigs(SCMSecurityProtocolFailoverProxyProvider.java:120)
	at org.apache.hadoop.hdds.scm.proxy.SCMSecurityProtocolFailoverProxyProvider.<init>(SCMSecurityProtocolFailoverProxyProvider.java:105)
	at org.apache.hadoop.hdds.utils.HddsServerUtil.getScmSecurityClientWithMaxRetry(HddsServerUtil.java:467)
	at org.apache.hadoop.hdds.security.x509.certificate.client.DefaultCertificateClient.getScmSecureClient(DefaultCertificateClient.java:1363)
	at org.apache.hadoop.hdds.security.x509.certificate.client.DNCertificateClient.signAndStoreCertificate(DNCertificateClient.java:113)
	at org.apache.hadoop.hdds.security.x509.certificate.client.DefaultCertificateClient.renewAndStoreKeyAndCertificate(DefaultCertificateClient.java:1182)
	... 8 more
2023-01-06 09:51:58,096 [CertificateLifetimeMonitor] ERROR client.DNCertificateClient (DefaultCertificateClient.java:createKeyPair(967)) - Error while bootstrapping certificate client.
java.io.IOException: Private key already exist.
	at org.apache.hadoop.hdds.security.x509.keys.KeyCodec.writePublicKey(KeyCodec.java:197)
	at org.apache.hadoop.hdds.security.x509.certificate.client.DefaultCertificateClient.createKeyPair(DefaultCertificateClient.java:963)
	at org.apache.hadoop.hdds.security.x509.certificate.client.DefaultCertificateClient.renewAndStoreKeyAndCertificate(DefaultCertificateClient.java:1172)
	at org.apache.hadoop.hdds.security.x509.certificate.client.DefaultCertificateClient$CertificateLifetimeMonitor.run(DefaultCertificateClient.java:1413)
	at java.util.concurrent.Executors$RunnableAdapter.call(Executors.java:511)
	at java.util.concurrent.FutureTask.runAndReset(FutureTask.java:308)
	at java.util.concurrent.ScheduledThreadPoolExecutor$ScheduledFutureTask.access$301(ScheduledThreadPoolExecutor.java:180)
	at java.util.concurrent.ScheduledThreadPoolExecutor$ScheduledFutureTask.run(ScheduledThreadPoolExecutor.java:294)
	at java.util.concurrent.ThreadPoolExecutor.runWorker(ThreadPoolExecutor.java:1149)
	at java.util.concurrent.ThreadPoolExecutor$Worker.run(ThreadPoolExecutor.java:624)
	at java.lang.Thread.run(Thread.java:750)
2023-01-06 09:51:58,096 [CertificateLifetimeMonitor] ERROR client.DNCertificateClient (DefaultCertificateClient.java:run(1423)) - Failed to renew and store key and cert. Keep using existing certificates.
org.apache.hadoop.hdds.security.x509.exceptions.CertificateException: Error while creating new key pair.
	at org.apache.hadoop.hdds.security.x509.certificate.client.DefaultCertificateClient.renewAndStoreKeyAndCertificate(DefaultCertificateClient.java:1174)
	at org.apache.hadoop.hdds.security.x509.certificate.client.DefaultCertificateClient$CertificateLifetimeMonitor.run(DefaultCertificateClient.java:1413)
	at java.util.concurrent.Executors$RunnableAdapter.call(Executors.java:511)
	at java.util.concurrent.FutureTask.runAndReset(FutureTask.java:308)
	at java.util.concurrent.ScheduledThreadPoolExecutor$ScheduledFutureTask.access$301(ScheduledThreadPoolExecutor.java:180)
	at java.util.concurrent.ScheduledThreadPoolExecutor$ScheduledFutureTask.run(ScheduledThreadPoolExecutor.java:294)
	at java.util.concurrent.ThreadPoolExecutor.runWorker(ThreadPoolExecutor.java:1149)
	at java.util.concurrent.ThreadPoolExecutor$Worker.run(ThreadPoolExecutor.java:624)
	at java.lang.Thread.run(Thread.java:750)
Caused by: org.apache.hadoop.hdds.security.x509.exceptions.CertificateException: Error while bootstrapping certificate.
	at org.apache.hadoop.hdds.security.x509.certificate.client.DefaultCertificateClient.createKeyPair(DefaultCertificateClient.java:968)
	at org.apache.hadoop.hdds.security.x509.certificate.client.DefaultCertificateClient.renewAndStoreKeyAndCertificate(DefaultCertificateClient.java:1172)
	... 8 more
2023-01-06 09:51:58,190 [CertificateLifetimeMonitor] ERROR client.DNCertificateClient (DefaultCertificateClient.java:createKeyPair(967)) - Error while bootstrapping certificate client.
java.io.IOException: Private key already exist.
	at org.apache.hadoop.hdds.security.x509.keys.KeyCodec.writePublicKey(KeyCodec.java:197)
	at org.apache.hadoop.hdds.security.x509.certificate.client.DefaultCertificateClient.createKeyPair(DefaultCertificateClient.java:963)
	at org.apache.hadoop.hdds.security.x509.certificate.client.DefaultCertificateClient.renewAndStoreKeyAndCertificate(DefaultCertificateClient.java:1172)
	at org.apache.hadoop.hdds.security.x509.certificate.client.DefaultCertificateClient$CertificateLifetimeMonitor.run(DefaultCertificateClient.java:1413)
	at java.util.concurrent.Executors$RunnableAdapter.call(Executors.java:511)
	at java.util.concurrent.FutureTask.runAndReset(FutureTask.java:308)
	at java.util.concurrent.ScheduledThreadPoolExecutor$ScheduledFutureTask.access$301(ScheduledThreadPoolExecutor.java:180)
	at java.util.concurrent.ScheduledThreadPoolExecutor$ScheduledFutureTask.run(ScheduledThreadPoolExecutor.java:294)
	at java.util.concurrent.ThreadPoolExecutor.runWorker(ThreadPoolExecutor.java:1149)
	at java.util.concurrent.ThreadPoolExecutor$Worker.run(ThreadPoolExecutor.java:624)
	at java.lang.Thread.run(Thread.java:750)
2023-01-06 09:51:58,191 [CertificateLifetimeMonitor] ERROR client.DNCertificateClient (DefaultCertificateClient.java:run(1423)) - Failed to renew and store key and cert. Keep using existing certificates.
org.apache.hadoop.hdds.security.x509.exceptions.CertificateException: Error while creating new key pair.
	at org.apache.hadoop.hdds.security.x509.certificate.client.DefaultCertificateClient.renewAndStoreKeyAndCertificate(DefaultCertificateClient.java:1174)
	at org.apache.hadoop.hdds.security.x509.certificate.client.DefaultCertificateClient$CertificateLifetimeMonitor.run(DefaultCertificateClient.java:1413)
	at java.util.concurrent.Executors$RunnableAdapter.call(Executors.java:511)
	at java.util.concurrent.FutureTask.runAndReset(FutureTask.java:308)
	at java.util.concurrent.ScheduledThreadPoolExecutor$ScheduledFutureTask.access$301(ScheduledThreadPoolExecutor.java:180)
	at java.util.concurrent.ScheduledThreadPoolExecutor$ScheduledFutureTask.run(ScheduledThreadPoolExecutor.java:294)
	at java.util.concurrent.ThreadPoolExecutor.runWorker(ThreadPoolExecutor.java:1149)
	at java.util.concurrent.ThreadPoolExecutor$Worker.run(ThreadPoolExecutor.java:624)
	at java.lang.Thread.run(Thread.java:750)
Caused by: org.apache.hadoop.hdds.security.x509.exceptions.CertificateException: Error while bootstrapping certificate.
	at org.apache.hadoop.hdds.security.x509.certificate.client.DefaultCertificateClient.createKeyPair(DefaultCertificateClient.java:968)
	at org.apache.hadoop.hdds.security.x509.certificate.client.DefaultCertificateClient.renewAndStoreKeyAndCertificate(DefaultCertificateClient.java:1172)
	... 8 more
2023-01-06 09:51:58,202 [CertificateLifetimeMonitor] ERROR client.DNCertificateClient (DefaultCertificateClient.java:createKeyPair(967)) - Error while bootstrapping certificate client.
java.io.IOException: Private key already exist.
	at org.apache.hadoop.hdds.security.x509.keys.KeyCodec.writePublicKey(KeyCodec.java:197)
	at org.apache.hadoop.hdds.security.x509.certificate.client.DefaultCertificateClient.createKeyPair(DefaultCertificateClient.java:963)
	at org.apache.hadoop.hdds.security.x509.certificate.client.DefaultCertificateClient.renewAndStoreKeyAndCertificate(DefaultCertificateClient.java:1172)
	at org.apache.hadoop.hdds.security.x509.certificate.client.DefaultCertificateClient$CertificateLifetimeMonitor.run(DefaultCertificateClient.java:1413)
	at java.util.concurrent.Executors$RunnableAdapter.call(Executors.java:511)
	at java.util.concurrent.FutureTask.runAndReset(FutureTask.java:308)
	at java.util.concurrent.ScheduledThreadPoolExecutor$ScheduledFutureTask.access$301(ScheduledThreadPoolExecutor.java:180)
	at java.util.concurrent.ScheduledThreadPoolExecutor$ScheduledFutureTask.run(ScheduledThreadPoolExecutor.java:294)
	at java.util.concurrent.ThreadPoolExecutor.runWorker(ThreadPoolExecutor.java:1149)
	at java.util.concurrent.ThreadPoolExecutor$Worker.run(ThreadPoolExecutor.java:624)
	at java.lang.Thread.run(Thread.java:750)
2023-01-06 09:51:58,202 [CertificateLifetimeMonitor] ERROR client.DNCertificateClient (DefaultCertificateClient.java:run(1423)) - Failed to renew and store key and cert. Keep using existing certificates.
org.apache.hadoop.hdds.security.x509.exceptions.CertificateException: Error while creating new key pair.
	at org.apache.hadoop.hdds.security.x509.certificate.client.DefaultCertificateClient.renewAndStoreKeyAndCertificate(DefaultCertificateClient.java:1174)
	at org.apache.hadoop.hdds.security.x509.certificate.client.DefaultCertificateClient$CertificateLifetimeMonitor.run(DefaultCertificateClient.java:1413)
	at java.util.concurrent.Executors$RunnableAdapter.call(Executors.java:511)
	at java.util.concurrent.FutureTask.runAndReset(FutureTask.java:308)
	at java.util.concurrent.ScheduledThreadPoolExecutor$ScheduledFutureTask.access$301(ScheduledThreadPoolExecutor.java:180)
	at java.util.concurrent.ScheduledThreadPoolExecutor$ScheduledFutureTask.run(ScheduledThreadPoolExecutor.java:294)
	at java.util.concurrent.ThreadPoolExecutor.runWorker(ThreadPoolExecutor.java:1149)
	at java.util.concurrent.ThreadPoolExecutor$Worker.run(ThreadPoolExecutor.java:624)
	at java.lang.Thread.run(Thread.java:750)
Caused by: org.apache.hadoop.hdds.security.x509.exceptions.CertificateException: Error while bootstrapping certificate.
	at org.apache.hadoop.hdds.security.x509.certificate.client.DefaultCertificateClient.createKeyPair(DefaultCertificateClient.java:968)
	at org.apache.hadoop.hdds.security.x509.certificate.client.DefaultCertificateClient.renewAndStoreKeyAndCertificate(DefaultCertificateClient.java:1172)
	... 8 more
2023-01-06 09:51:58,339 [CertificateLifetimeMonitor] ERROR client.DNCertificateClient (DefaultCertificateClient.java:createKeyPair(967)) - Error while bootstrapping certificate client.
java.io.IOException: Private key already exist.
	at org.apache.hadoop.hdds.security.x509.keys.KeyCodec.writePublicKey(KeyCodec.java:197)
	at org.apache.hadoop.hdds.security.x509.certificate.client.DefaultCertificateClient.createKeyPair(DefaultCertificateClient.java:963)
	at org.apache.hadoop.hdds.security.x509.certificate.client.DefaultCertificateClient.renewAndStoreKeyAndCertificate(DefaultCertificateClient.java:1172)
	at org.apache.hadoop.hdds.security.x509.certificate.client.DefaultCertificateClient$CertificateLifetimeMonitor.run(DefaultCertificateClient.java:1413)
	at java.util.concurrent.Executors$RunnableAdapter.call(Executors.java:511)
	at java.util.concurrent.FutureTask.runAndReset(FutureTask.java:308)
	at java.util.concurrent.ScheduledThreadPoolExecutor$ScheduledFutureTask.access$301(ScheduledThreadPoolExecutor.java:180)
	at java.util.concurrent.ScheduledThreadPoolExecutor$ScheduledFutureTask.run(ScheduledThreadPoolExecutor.java:294)
	at java.util.concurrent.ThreadPoolExecutor.runWorker(ThreadPoolExecutor.java:1149)
	at java.util.concurrent.ThreadPoolExecutor$Worker.run(ThreadPoolExecutor.java:624)
	at java.lang.Thread.run(Thread.java:750)
2023-01-06 09:51:58,341 [CertificateLifetimeMonitor] ERROR client.DNCertificateClient (DefaultCertificateClient.java:run(1423)) - Failed to renew and store key and cert. Keep using existing certificates.
org.apache.hadoop.hdds.security.x509.exceptions.CertificateException: Error while creating new key pair.
	at org.apache.hadoop.hdds.security.x509.certificate.client.DefaultCertificateClient.renewAndStoreKeyAndCertificate(DefaultCertificateClient.java:1174)
	at org.apache.hadoop.hdds.security.x509.certificate.client.DefaultCertificateClient$CertificateLifetimeMonitor.run(DefaultCertificateClient.java:1413)
	at java.util.concurrent.Executors$RunnableAdapter.call(Executors.java:511)
	at java.util.concurrent.FutureTask.runAndReset(FutureTask.java:308)
	at java.util.concurrent.ScheduledThreadPoolExecutor$ScheduledFutureTask.access$301(ScheduledThreadPoolExecutor.java:180)
	at java.util.concurrent.ScheduledThreadPoolExecutor$ScheduledFutureTask.run(ScheduledThreadPoolExecutor.java:294)
	at java.util.concurrent.ThreadPoolExecutor.runWorker(ThreadPoolExecutor.java:1149)
	at java.util.concurrent.ThreadPoolExecutor$Worker.run(ThreadPoolExecutor.java:624)
	at java.lang.Thread.run(Thread.java:750)
Caused by: org.apache.hadoop.hdds.security.x509.exceptions.CertificateException: Error while bootstrapping certificate.
	at org.apache.hadoop.hdds.security.x509.certificate.client.DefaultCertificateClient.createKeyPair(DefaultCertificateClient.java:968)
	at org.apache.hadoop.hdds.security.x509.certificate.client.DefaultCertificateClient.renewAndStoreKeyAndCertificate(DefaultCertificateClient.java:1172)
	... 8 more
2023-01-06 09:51:58,984 [CertificateLifetimeMonitor] INFO  client.DNCertificateClient (DefaultCertificateClient.java:run(1410)) - Current certificate has entered the expiry grace period PT0S. Starting renew key and certs.
2023-01-06 09:51:59,120 [CertificateLifetimeMonitor] INFO  ozone.OzoneSecurityUtil (OzoneSecurityUtil.java:getValidInetsForCurrentHost(119)) - ip:fe80:0:0:0:20d:3aff:fef6:a12e%eth0 not returned.
2023-01-06 09:51:59,120 [CertificateLifetimeMonitor] INFO  ozone.OzoneSecurityUtil (OzoneSecurityUtil.java:getValidInetsForCurrentHost(116)) - Adding ip:10.1.0.8,host:fv-az844-354.kvdfyhrxhd0epk3sa4trub4njc.xx.internal.cloudapp.net
2023-01-06 09:51:59,120 [CertificateLifetimeMonitor] INFO  ozone.OzoneSecurityUtil (OzoneSecurityUtil.java:getValidInetsForCurrentHost(119)) - ip:0:0:0:0:0:0:0:1%lo not returned.
2023-01-06 09:51:59,120 [CertificateLifetimeMonitor] INFO  ozone.OzoneSecurityUtil (OzoneSecurityUtil.java:getValidInetsForCurrentHost(119)) - ip:127.0.0.1 not returned.
2023-01-06 09:51:59,121 [CertificateLifetimeMonitor] INFO  client.DNCertificateClient (DNCertificateClient.java:getCSRBuilder(98)) - Created csr for DN-> subject:runner@fv-az844-354.kvdfyhrxhd0epk3sa4trub4njc.xx.internal.cloudapp.net
2023-01-06 09:51:59,124 [CertificateLifetimeMonitor] ERROR client.DNCertificateClient (DNCertificateClient.java:signAndStoreCertificate(140)) - Error while signing and storing SCM signed certificate.
org.apache.hadoop.hdds.security.x509.exceptions.CertificateException: Unable to retrieve datanode certificate chain.
	at org.apache.hadoop.hdds.security.x509.certificate.client.DNCertificateClient.signAndStoreCertificate(DNCertificateClient.java:136)
	at org.apache.hadoop.hdds.security.x509.certificate.client.DefaultCertificateClient.renewAndStoreKeyAndCertificate(DefaultCertificateClient.java:1182)
	at org.apache.hadoop.hdds.security.x509.certificate.client.DefaultCertificateClient$CertificateLifetimeMonitor.run(DefaultCertificateClient.java:1413)
	at java.util.concurrent.Executors$RunnableAdapter.call(Executors.java:511)
	at java.util.concurrent.FutureTask.runAndReset(FutureTask.java:308)
	at java.util.concurrent.ScheduledThreadPoolExecutor$ScheduledFutureTask.access$301(ScheduledThreadPoolExecutor.java:180)
	at java.util.concurrent.ScheduledThreadPoolExecutor$ScheduledFutureTask.run(ScheduledThreadPoolExecutor.java:294)
	at java.util.concurrent.ThreadPoolExecutor.runWorker(ThreadPoolExecutor.java:1149)
	at java.util.concurrent.ThreadPoolExecutor$Worker.run(ThreadPoolExecutor.java:624)
	at java.lang.Thread.run(Thread.java:750)
2023-01-06 09:51:59,124 [CertificateLifetimeMonitor] ERROR client.DNCertificateClient (DefaultCertificateClient.java:run(1423)) - Failed to renew and store key and cert. Keep using existing certificates.
org.apache.hadoop.hdds.security.x509.exceptions.CertificateException: Error while signing and storing new certificates.
	at org.apache.hadoop.hdds.security.x509.certificate.client.DefaultCertificateClient.renewAndStoreKeyAndCertificate(DefaultCertificateClient.java:1185)
	at org.apache.hadoop.hdds.security.x509.certificate.client.DefaultCertificateClient$CertificateLifetimeMonitor.run(DefaultCertificateClient.java:1413)
	at java.util.concurrent.Executors$RunnableAdapter.call(Executors.java:511)
	at java.util.concurrent.FutureTask.runAndReset(FutureTask.java:308)
	at java.util.concurrent.ScheduledThreadPoolExecutor$ScheduledFutureTask.access$301(ScheduledThreadPoolExecutor.java:180)
	at java.util.concurrent.ScheduledThreadPoolExecutor$ScheduledFutureTask.run(ScheduledThreadPoolExecutor.java:294)
	at java.util.concurrent.ThreadPoolExecutor.runWorker(ThreadPoolExecutor.java:1149)
	at java.util.concurrent.ThreadPoolExecutor$Worker.run(ThreadPoolExecutor.java:624)
	at java.lang.Thread.run(Thread.java:750)
Caused by: org.apache.hadoop.hdds.security.x509.exceptions.CertificateException: Error while signing and storing SCM signed certificate.
	at org.apache.hadoop.hdds.security.x509.certificate.client.DNCertificateClient.signAndStoreCertificate(DNCertificateClient.java:141)
	at org.apache.hadoop.hdds.security.x509.certificate.client.DefaultCertificateClient.renewAndStoreKeyAndCertificate(DefaultCertificateClient.java:1182)
	... 8 more
Caused by: org.apache.hadoop.hdds.security.x509.exceptions.CertificateException: Unable to retrieve datanode certificate chain.
	at org.apache.hadoop.hdds.security.x509.certificate.client.DNCertificateClient.signAndStoreCertificate(DNCertificateClient.java:136)
	... 9 more
2023-01-06 09:51:59,124 [CertificateLifetimeMonitor] INFO  client.DNCertificateClient (DefaultCertificateClient.java:run(1410)) - Current certificate has entered the expiry grace period PT0S. Starting renew key and certs.
2023-01-06 09:51:59,326 [CertificateLifetimeMonitor] INFO  client.DNCertificateClient (DefaultCertificateClient.java:run(1410)) - Current certificate has entered the expiry grace period PT0S. Starting renew key and certs.
2023-01-06 09:51:59,326 [CertificateLifetimeMonitor] INFO  client.DNCertificateClient (DefaultCertificateClient.java:run(1410)) - Current certificate has entered the expiry grace period PT0S. Starting renew key and certs.
2023-01-06 09:51:59,329 [CertificateLifetimeMonitor] INFO  client.DNCertificateClient (DefaultCertificateClient.java:run(1410)) - Current certificate has entered the expiry grace period PT0S. Starting renew key and certs.
2023-01-06 09:51:59,330 [CertificateLifetimeMonitor] INFO  client.DNCertificateClient (DefaultCertificateClient.java:run(1410)) - Current certificate has entered the expiry grace period PT0S. Starting renew key and certs.
2023-01-06 09:52:00,052 [CertificateLifetimeMonitor] INFO  ozone.OzoneSecurityUtil (OzoneSecurityUtil.java:getValidInetsForCurrentHost(119)) - ip:fe80:0:0:0:20d:3aff:fef6:a12e%eth0 not returned.
2023-01-06 09:52:00,052 [CertificateLifetimeMonitor] INFO  ozone.OzoneSecurityUtil (OzoneSecurityUtil.java:getValidInetsForCurrentHost(116)) - Adding ip:10.1.0.8,host:fv-az844-354.kvdfyhrxhd0epk3sa4trub4njc.xx.internal.cloudapp.net
2023-01-06 09:52:00,052 [CertificateLifetimeMonitor] INFO  ozone.OzoneSecurityUtil (OzoneSecurityUtil.java:getValidInetsForCurrentHost(119)) - ip:0:0:0:0:0:0:0:1%lo not returned.
2023-01-06 09:52:00,052 [CertificateLifetimeMonitor] INFO  ozone.OzoneSecurityUtil (OzoneSecurityUtil.java:getValidInetsForCurrentHost(119)) - ip:127.0.0.1 not returned.
2023-01-06 09:52:00,052 [CertificateLifetimeMonitor] INFO  client.DNCertificateClient (DNCertificateClient.java:getCSRBuilder(98)) - Created csr for DN-> subject:runner@fv-az844-354.kvdfyhrxhd0epk3sa4trub4njc.xx.internal.cloudapp.net
2023-01-06 09:52:00,084 [CertificateLifetimeMonitor] INFO  client.DNCertificateClient (DefaultCertificateClient.java:renewAndStoreKeyAndCertificate(1261)) - Successful renew key and certificate. New certificate 1268720.
2023-01-06 09:52:00,084 [CertificateLifetimeMonitor] INFO  client.DNCertificateClient (DefaultCertificateClient.java:loadAllCertificates(177)) - Loading certificate from location:/home/runner/work/ozone/ozone/hadoop-hdds/container-service/target/test-dir/PjBx01n9A5/dn/certs.
2023-01-06 09:52:00,087 [CertificateLifetimeMonitor] INFO  client.DNCertificateClient (DefaultCertificateClient.java:loadAllCertificates(218)) - Added certificate [
[
  Version: V3
  Subject: O=cluster, OU=test, CN=localhost
  Signature Algorithm: SHA256withRSA, OID = 1.2.840.113549.1.1.11

  Key:  Sun RSA public key, 1024 bits
  params: null
  modulus: 150092031165576426679700237617878565485911947094914021810663713109956067860868209403334001280832549679241018388414789782839400372568743004462524586154001709991528136639785600016690625697143787723140421483756396113762321028462715944410846530529696573812721351226482481952959150246836287820567443103793495406439
  public exponent: 65537
  Validity: [From: Fri Jan 06 09:51:38 UTC 2023,
               To: Fri Jan 06 09:51:53 UTC 2023]
  Issuer: O=cluster, OU=test, CN=localhost
  SerialNumber: [    135bf0]

]
  Algorithm: [SHA256withRSA]
  Signature:
0000: 28 53 95 F2 7E AF 94 BD   A2 7B 0C 3E 86 21 55 F1  (S.........>.!U.
0010: 9C 8C 42 EF 40 BE 4B 56   BA B9 E9 54 15 66 56 14  ..B.@.KV...T.fV.
0020: 9C 61 F6 46 7C FD 9E 79   A0 C5 A3 99 09 97 3E A0  .a.F...y......>.
0030: BE F1 D1 E0 BB 2E 58 A3   49 8C FC 8E B6 97 35 CA  ......X.I.....5.
0040: 9C C6 4E 0A 5C 21 CE 6A   9C 20 5E 87 43 06 DB DF  ..N.\!.j. ^.C...
0050: 3C E0 11 96 7C 9B 27 8B   60 BC 5D 21 25 E2 1A 4B  <.....'.`.]!%..K
0060: 3B 68 43 ED 37 82 D7 60   32 9E C2 CD 05 10 DC F1  ;hC.7..`2.......
0070: F4 F1 46 4C ED E8 9E C3   1E 34 C8 89 E3 25 17 3A  ..FL.....4...%.:

] from file:/home/runner/work/ozone/ozone/hadoop-hdds/container-service/target/test-dir/PjBx01n9A5/dn/certs/1268720.crt.
2023-01-06 09:52:00,102 [CertificateLifetimeMonitor] INFO  client.DNCertificateClient (DefaultCertificateClient.java:loadAllCertificates(218)) - Added certificate [
[
  Version: V3
  Subject: O=cluster, OU=test, CN=localhost
  Signature Algorithm: SHA256withRSA, OID = 1.2.840.113549.1.1.11

  Key:  Sun RSA public key, 1024 bits
  params: null
  modulus: 150092031165576426679700237617878565485911947094914021810663713109956067860868209403334001280832549679241018388414789782839400372568743004462524586154001709991528136639785600016690625697143787723140421483756396113762321028462715944410846530529696573812721351226482481952959150246836287820567443103793495406439
  public exponent: 65537
  Validity: [From: Fri Jan 06 09:51:38 UTC 2023,
               To: Fri Jan 06 09:51:53 UTC 2023]
  Issuer: O=cluster, OU=test, CN=localhost
  SerialNumber: [    135bf0]

]
  Algorithm: [SHA256withRSA]
  Signature:
0000: 28 53 95 F2 7E AF 94 BD   A2 7B 0C 3E 86 21 55 F1  (S.........>.!U.
0010: 9C 8C 42 EF 40 BE 4B 56   BA B9 E9 54 15 66 56 14  ..B.@.KV...T.fV.
0020: 9C 61 F6 46 7C FD 9E 79   A0 C5 A3 99 09 97 3E A0  .a.F...y......>.
0030: BE F1 D1 E0 BB 2E 58 A3   49 8C FC 8E B6 97 35 CA  ......X.I.....5.
0040: 9C C6 4E 0A 5C 21 CE 6A   9C 20 5E 87 43 06 DB DF  ..N.\!.j. ^.C...
0050: 3C E0 11 96 7C 9B 27 8B   60 BC 5D 21 25 E2 1A 4B  <.....'.`.]!%..K
0060: 3B 68 43 ED 37 82 D7 60   32 9E C2 CD 05 10 DC F1  ;hC.7..`2.......
0070: F4 F1 46 4C ED E8 9E C3   1E 34 C8 89 E3 25 17 3A  ..FL.....4...%.:

] from file:/home/runner/work/ozone/ozone/hadoop-hdds/container-service/target/test-dir/PjBx01n9A5/dn/certs/CA-1268720.crt.
2023-01-06 09:52:00,105 [CertificateLifetimeMonitor] INFO  client.DNCertificateClient (DefaultCertificateClient.java:loadAllCertificates(218)) - Added certificate [
[
  Version: V3
  Subject: O=cluster, OU=test, CN=localhost
  Signature Algorithm: SHA256withRSA, OID = 1.2.840.113549.1.1.11

  Key:  Sun RSA public key, 1024 bits
  params: null
  modulus: 150092031165576426679700237617878565485911947094914021810663713109956067860868209403334001280832549679241018388414789782839400372568743004462524586154001709991528136639785600016690625697143787723140421483756396113762321028462715944410846530529696573812721351226482481952959150246836287820567443103793495406439
  public exponent: 65537
  Validity: [From: Fri Jan 06 09:51:38 UTC 2023,
               To: Fri Jan 06 09:51:53 UTC 2023]
  Issuer: O=cluster, OU=test, CN=localhost
  SerialNumber: [    135bf0]

]
  Algorithm: [SHA256withRSA]
  Signature:
0000: 28 53 95 F2 7E AF 94 BD   A2 7B 0C 3E 86 21 55 F1  (S.........>.!U.
0010: 9C 8C 42 EF 40 BE 4B 56   BA B9 E9 54 15 66 56 14  ..B.@.KV...T.fV.
0020: 9C 61 F6 46 7C FD 9E 79   A0 C5 A3 99 09 97 3E A0  .a.F...y......>.
0030: BE F1 D1 E0 BB 2E 58 A3   49 8C FC 8E B6 97 35 CA  ......X.I.....5.
0040: 9C C6 4E 0A 5C 21 CE 6A   9C 20 5E 87 43 06 DB DF  ..N.\!.j. ^.C...
0050: 3C E0 11 96 7C 9B 27 8B   60 BC 5D 21 25 E2 1A 4B  <.....'.`.]!%..K
0060: 3B 68 43 ED 37 82 D7 60   32 9E C2 CD 05 10 DC F1  ;hC.7..`2.......
0070: F4 F1 46 4C ED E8 9E C3   1E 34 C8 89 E3 25 17 3A  ..FL.....4...%.:

] from file:/home/runner/work/ozone/ozone/hadoop-hdds/container-service/target/test-dir/PjBx01n9A5/dn/certs/ROOTCA-1268720.crt.
2023-01-06 09:52:00,105 [CertificateLifetimeMonitor] INFO  client.DNCertificateClient (DefaultCertificateClient.java:reloadKeyAndCertificate(1333)) - Reset and reload key and all certificates.
2023-01-06 09:52:00,195 [CertificateLifetimeMonitor] ERROR client.DNCertificateClient (DefaultCertificateClient.java:createKeyPair(967)) - Error while bootstrapping certificate client.
java.nio.file.NoSuchFileException: /home/runner/work/ozone/ozone/hadoop-hdds/container-service/target/test-dir/PjBx01n9A5/dn/keys-next/public.pem
	at sun.nio.fs.UnixException.translateToIOException(UnixException.java:86)
	at sun.nio.fs.UnixException.rethrowAsIOException(UnixException.java:102)
	at sun.nio.fs.UnixException.rethrowAsIOException(UnixException.java:107)
	at sun.nio.fs.UnixFileSystemProvider.newByteChannel(UnixFileSystemProvider.java:214)
	at java.nio.file.spi.FileSystemProvider.newOutputStream(FileSystemProvider.java:434)
	at java.nio.file.Files.newOutputStream(Files.java:216)
	at org.apache.commons.io.output.FileWriterWithEncoding.initWriter(FileWriterWithEncoding.java:230)
	at org.apache.commons.io.output.FileWriterWithEncoding.<init>(FileWriterWithEncoding.java:184)
	at org.apache.commons.io.output.FileWriterWithEncoding.<init>(FileWriterWithEncoding.java:171)
	at org.apache.hadoop.hdds.security.x509.keys.KeyCodec.writePublicKey(KeyCodec.java:200)
	at org.apache.hadoop.hdds.security.x509.certificate.client.DefaultCertificateClient.createKeyPair(DefaultCertificateClient.java:963)
	at org.apache.hadoop.hdds.security.x509.certificate.client.DefaultCertificateClient.renewAndStoreKeyAndCertificate(DefaultCertificateClient.java:1172)
	at org.apache.hadoop.hdds.security.x509.certificate.client.DefaultCertificateClient$CertificateLifetimeMonitor.run(DefaultCertificateClient.java:1413)
	at java.util.concurrent.Executors$RunnableAdapter.call(Executors.java:511)
	at java.util.concurrent.FutureTask.runAndReset(FutureTask.java:308)
	at java.util.concurrent.ScheduledThreadPoolExecutor$ScheduledFutureTask.access$301(ScheduledThreadPoolExecutor.java:180)
	at java.util.concurrent.ScheduledThreadPoolExecutor$ScheduledFutureTask.run(ScheduledThreadPoolExecutor.java:294)
	at java.util.concurrent.ThreadPoolExecutor.runWorker(ThreadPoolExecutor.java:1149)
	at java.util.concurrent.ThreadPoolExecutor$Worker.run(ThreadPoolExecutor.java:624)
	at java.lang.Thread.run(Thread.java:750)
2023-01-06 09:52:00,198 [CertificateLifetimeMonitor] ERROR client.DNCertificateClient (DefaultCertificateClient.java:run(1423)) - Failed to renew and store key and cert. Keep using existing certificates.
org.apache.hadoop.hdds.security.x509.exceptions.CertificateException: Error while creating new key pair.
	at org.apache.hadoop.hdds.security.x509.certificate.client.DefaultCertificateClient.renewAndStoreKeyAndCertificate(DefaultCertificateClient.java:1174)
	at org.apache.hadoop.hdds.security.x509.certificate.client.DefaultCertificateClient$CertificateLifetimeMonitor.run(DefaultCertificateClient.java:1413)
	at java.util.concurrent.Executors$RunnableAdapter.call(Executors.java:511)
	at java.util.concurrent.FutureTask.runAndReset(FutureTask.java:308)
	at java.util.concurrent.ScheduledThreadPoolExecutor$ScheduledFutureTask.access$301(ScheduledThreadPoolExecutor.java:180)
	at java.util.concurrent.ScheduledThreadPoolExecutor$ScheduledFutureTask.run(ScheduledThreadPoolExecutor.java:294)
	at java.util.concurrent.ThreadPoolExecutor.runWorker(ThreadPoolExecutor.java:1149)
	at java.util.concurrent.ThreadPoolExecutor$Worker.run(ThreadPoolExecutor.java:624)
	at java.lang.Thread.run(Thread.java:750)
Caused by: org.apache.hadoop.hdds.security.x509.exceptions.CertificateException: Error while bootstrapping certificate.
	at org.apache.hadoop.hdds.security.x509.certificate.client.DefaultCertificateClient.createKeyPair(DefaultCertificateClient.java:968)
	at org.apache.hadoop.hdds.security.x509.certificate.client.DefaultCertificateClient.renewAndStoreKeyAndCertificate(DefaultCertificateClient.java:1172)
	... 8 more
2023-01-06 09:52:00,294 [CertificateLifetimeMonitor] ERROR client.DNCertificateClient (DefaultCertificateClient.java:createKeyPair(967)) - Error while bootstrapping certificate client.
java.nio.file.NoSuchFileException: /home/runner/work/ozone/ozone/hadoop-hdds/container-service/target/test-dir/PjBx01n9A5/dn/keys-next/public.pem
	at sun.nio.fs.UnixException.translateToIOException(UnixException.java:86)
	at sun.nio.fs.UnixException.rethrowAsIOException(UnixException.java:102)
	at sun.nio.fs.UnixException.rethrowAsIOException(UnixException.java:107)
	at sun.nio.fs.UnixFileSystemProvider.newByteChannel(UnixFileSystemProvider.java:214)
	at java.nio.file.spi.FileSystemProvider.newOutputStream(FileSystemProvider.java:434)
	at java.nio.file.Files.newOutputStream(Files.java:216)
	at org.apache.commons.io.output.FileWriterWithEncoding.initWriter(FileWriterWithEncoding.java:230)
	at org.apache.commons.io.output.FileWriterWithEncoding.<init>(FileWriterWithEncoding.java:184)
	at org.apache.commons.io.output.FileWriterWithEncoding.<init>(FileWriterWithEncoding.java:171)
	at org.apache.hadoop.hdds.security.x509.keys.KeyCodec.writePublicKey(KeyCodec.java:200)
	at org.apache.hadoop.hdds.security.x509.certificate.client.DefaultCertificateClient.createKeyPair(DefaultCertificateClient.java:963)
	at org.apache.hadoop.hdds.security.x509.certificate.client.DefaultCertificateClient.renewAndStoreKeyAndCertificate(DefaultCertificateClient.java:1172)
	at org.apache.hadoop.hdds.security.x509.certificate.client.DefaultCertificateClient$CertificateLifetimeMonitor.run(DefaultCertificateClient.java:1413)
	at java.util.concurrent.Executors$RunnableAdapter.call(Executors.java:511)
	at java.util.concurrent.FutureTask.runAndReset(FutureTask.java:308)
	at java.util.concurrent.ScheduledThreadPoolExecutor$ScheduledFutureTask.access$301(ScheduledThreadPoolExecutor.java:180)
	at java.util.concurrent.ScheduledThreadPoolExecutor$ScheduledFutureTask.run(ScheduledThreadPoolExecutor.java:294)
	at java.util.concurrent.ThreadPoolExecutor.runWorker(ThreadPoolExecutor.java:1149)
	at java.util.concurrent.ThreadPoolExecutor$Worker.run(ThreadPoolExecutor.java:624)
	at java.lang.Thread.run(Thread.java:750)
2023-01-06 09:52:00,295 [CertificateLifetimeMonitor] ERROR client.DNCertificateClient (DefaultCertificateClient.java:run(1423)) - Failed to renew and store key and cert. Keep using existing certificates.
org.apache.hadoop.hdds.security.x509.exceptions.CertificateException: Error while creating new key pair.
	at org.apache.hadoop.hdds.security.x509.certificate.client.DefaultCertificateClient.renewAndStoreKeyAndCertificate(DefaultCertificateClient.java:1174)
	at org.apache.hadoop.hdds.security.x509.certificate.client.DefaultCertificateClient$CertificateLifetimeMonitor.run(DefaultCertificateClient.java:1413)
	at java.util.concurrent.Executors$RunnableAdapter.call(Executors.java:511)
	at java.util.concurrent.FutureTask.runAndReset(FutureTask.java:308)
	at java.util.concurrent.ScheduledThreadPoolExecutor$ScheduledFutureTask.access$301(ScheduledThreadPoolExecutor.java:180)
	at java.util.concurrent.ScheduledThreadPoolExecutor$ScheduledFutureTask.run(ScheduledThreadPoolExecutor.java:294)
	at java.util.concurrent.ThreadPoolExecutor.runWorker(ThreadPoolExecutor.java:1149)
	at java.util.concurrent.ThreadPoolExecutor$Worker.run(ThreadPoolExecutor.java:624)
	at java.lang.Thread.run(Thread.java:750)
Caused by: org.apache.hadoop.hdds.security.x509.exceptions.CertificateException: Error while bootstrapping certificate.
	at org.apache.hadoop.hdds.security.x509.certificate.client.DefaultCertificateClient.createKeyPair(DefaultCertificateClient.java:968)
	at org.apache.hadoop.hdds.security.x509.certificate.client.DefaultCertificateClient.renewAndStoreKeyAndCertificate(DefaultCertificateClient.java:1172)
	... 8 more
2023-01-06 09:52:00,359 [CertificateLifetimeMonitor] ERROR client.DNCertificateClient (DefaultCertificateClient.java:createKeyPair(967)) - Error while bootstrapping certificate client.
java.nio.file.NoSuchFileException: /home/runner/work/ozone/ozone/hadoop-hdds/container-service/target/test-dir/PjBx01n9A5/dn/keys-next/public.pem
	at sun.nio.fs.UnixException.translateToIOException(UnixException.java:86)
	at sun.nio.fs.UnixException.rethrowAsIOException(UnixException.java:102)
	at sun.nio.fs.UnixException.rethrowAsIOException(UnixException.java:107)
	at sun.nio.fs.UnixFileSystemProvider.newByteChannel(UnixFileSystemProvider.java:214)
	at java.nio.file.spi.FileSystemProvider.newOutputStream(FileSystemProvider.java:434)
	at java.nio.file.Files.newOutputStream(Files.java:216)
	at org.apache.commons.io.output.FileWriterWithEncoding.initWriter(FileWriterWithEncoding.java:230)
	at org.apache.commons.io.output.FileWriterWithEncoding.<init>(FileWriterWithEncoding.java:184)
	at org.apache.commons.io.output.FileWriterWithEncoding.<init>(FileWriterWithEncoding.java:171)
	at org.apache.hadoop.hdds.security.x509.keys.KeyCodec.writePublicKey(KeyCodec.java:200)
	at org.apache.hadoop.hdds.security.x509.certificate.client.DefaultCertificateClient.createKeyPair(DefaultCertificateClient.java:963)
	at org.apache.hadoop.hdds.security.x509.certificate.client.DefaultCertificateClient.renewAndStoreKeyAndCertificate(DefaultCertificateClient.java:1172)
	at org.apache.hadoop.hdds.security.x509.certificate.client.DefaultCertificateClient$CertificateLifetimeMonitor.run(DefaultCertificateClient.java:1413)
	at java.util.concurrent.Executors$RunnableAdapter.call(Executors.java:511)
	at java.util.concurrent.FutureTask.runAndReset(FutureTask.java:308)
	at java.util.concurrent.ScheduledThreadPoolExecutor$ScheduledFutureTask.access$301(ScheduledThreadPoolExecutor.java:180)
	at java.util.concurrent.ScheduledThreadPoolExecutor$ScheduledFutureTask.run(ScheduledThreadPoolExecutor.java:294)
	at java.util.concurrent.ThreadPoolExecutor.runWorker(ThreadPoolExecutor.java:1149)
	at java.util.concurrent.ThreadPoolExecutor$Worker.run(ThreadPoolExecutor.java:624)
	at java.lang.Thread.run(Thread.java:750)
2023-01-06 09:52:00,360 [CertificateLifetimeMonitor] ERROR client.DNCertificateClient (DefaultCertificateClient.java:run(1423)) - Failed to renew and store key and cert. Keep using existing certificates.
org.apache.hadoop.hdds.security.x509.exceptions.CertificateException: Error while creating new key pair.
	at org.apache.hadoop.hdds.security.x509.certificate.client.DefaultCertificateClient.renewAndStoreKeyAndCertificate(DefaultCertificateClient.java:1174)
	at org.apache.hadoop.hdds.security.x509.certificate.client.DefaultCertificateClient$CertificateLifetimeMonitor.run(DefaultCertificateClient.java:1413)
	at java.util.concurrent.Executors$RunnableAdapter.call(Executors.java:511)
	at java.util.concurrent.FutureTask.runAndReset(FutureTask.java:308)
	at java.util.concurrent.ScheduledThreadPoolExecutor$ScheduledFutureTask.access$301(ScheduledThreadPoolExecutor.java:180)
	at java.util.concurrent.ScheduledThreadPoolExecutor$ScheduledFutureTask.run(ScheduledThreadPoolExecutor.java:294)
	at java.util.concurrent.ThreadPoolExecutor.runWorker(ThreadPoolExecutor.java:1149)
	at java.util.concurrent.ThreadPoolExecutor$Worker.run(ThreadPoolExecutor.java:624)
	at java.lang.Thread.run(Thread.java:750)
Caused by: org.apache.hadoop.hdds.security.x509.exceptions.CertificateException: Error while bootstrapping certificate.
	at org.apache.hadoop.hdds.security.x509.certificate.client.DefaultCertificateClient.createKeyPair(DefaultCertificateClient.java:968)
	at org.apache.hadoop.hdds.security.x509.certificate.client.DefaultCertificateClient.renewAndStoreKeyAndCertificate(DefaultCertificateClient.java:1172)
	... 8 more
2023-01-06 09:52:00,650 [CertificateLifetimeMonitor] INFO  client.DNCertificateClient (DefaultCertificateClient.java:run(1410)) - Current certificate has entered the expiry grace period PT0S. Starting renew key and certs.
2023-01-06 09:52:00,838 [CertificateLifetimeMonitor] INFO  ozone.OzoneSecurityUtil (OzoneSecurityUtil.java:getValidInetsForCurrentHost(119)) - ip:fe80:0:0:0:20d:3aff:fef6:a12e%eth0 not returned.
2023-01-06 09:52:00,838 [CertificateLifetimeMonitor] INFO  ozone.OzoneSecurityUtil (OzoneSecurityUtil.java:getValidInetsForCurrentHost(116)) - Adding ip:10.1.0.8,host:fv-az844-354.kvdfyhrxhd0epk3sa4trub4njc.xx.internal.cloudapp.net
2023-01-06 09:52:00,838 [CertificateLifetimeMonitor] INFO  ozone.OzoneSecurityUtil (OzoneSecurityUtil.java:getValidInetsForCurrentHost(119)) - ip:0:0:0:0:0:0:0:1%lo not returned.
2023-01-06 09:52:00,838 [CertificateLifetimeMonitor] INFO  ozone.OzoneSecurityUtil (OzoneSecurityUtil.java:getValidInetsForCurrentHost(119)) - ip:127.0.0.1 not returned.
2023-01-06 09:52:00,839 [CertificateLifetimeMonitor] INFO  client.DNCertificateClient (DNCertificateClient.java:getCSRBuilder(98)) - Created csr for DN-> subject:runner@fv-az844-354.kvdfyhrxhd0epk3sa4trub4njc.xx.internal.cloudapp.net
2023-01-06 09:52:00,845 [CertificateLifetimeMonitor] ERROR client.DNCertificateClient (DefaultCertificateClient.java:run(1423)) - Failed to renew and store key and cert. Keep using existing certificates.
org.apache.hadoop.hdds.security.x509.exceptions.CertificateException: Error while signing and storing new certificates.
	at org.apache.hadoop.hdds.security.x509.certificate.client.DefaultCertificateClient.renewAndStoreKeyAndCertificate(DefaultCertificateClient.java:1185)
	at org.apache.hadoop.hdds.security.x509.certificate.client.DefaultCertificateClient$CertificateLifetimeMonitor.run(DefaultCertificateClient.java:1413)
	at java.util.concurrent.Executors$RunnableAdapter.call(Executors.java:511)
	at java.util.concurrent.FutureTask.runAndReset(FutureTask.java:308)
	at java.util.concurrent.ScheduledThreadPoolExecutor$ScheduledFutureTask.access$301(ScheduledThreadPoolExecutor.java:180)
	at java.util.concurrent.ScheduledThreadPoolExecutor$ScheduledFutureTask.run(ScheduledThreadPoolExecutor.java:294)
	at java.util.concurrent.ThreadPoolExecutor.runWorker(ThreadPoolExecutor.java:1149)
	at java.util.concurrent.ThreadPoolExecutor$Worker.run(ThreadPoolExecutor.java:624)
	at java.lang.Thread.run(Thread.java:750)
Caused by: org.apache.hadoop.hdds.conf.ConfigurationException: SCM Client Address could not be obtained from config. Config is not properly defined
	at org.apache.hadoop.hdds.scm.proxy.SCMSecurityProtocolFailoverProxyProvider.loadConfigs(SCMSecurityProtocolFailoverProxyProvider.java:120)
	at org.apache.hadoop.hdds.scm.proxy.SCMSecurityProtocolFailoverProxyProvider.<init>(SCMSecurityProtocolFailoverProxyProvider.java:105)
	at org.apache.hadoop.hdds.utils.HddsServerUtil.getScmSecurityClientWithMaxRetry(HddsServerUtil.java:467)
	at org.apache.hadoop.hdds.security.x509.certificate.client.DefaultCertificateClient.getScmSecureClient(DefaultCertificateClient.java:1363)
	at org.apache.hadoop.hdds.security.x509.certificate.client.DNCertificateClient.signAndStoreCertificate(DNCertificateClient.java:113)
	at org.apache.hadoop.hdds.security.x509.certificate.client.DefaultCertificateClient.renewAndStoreKeyAndCertificate(DefaultCertificateClient.java:1182)
	... 8 more
2023-01-06 09:52:00,992 [CertificateLifetimeMonitor] INFO  client.DNCertificateClient (DefaultCertificateClient.java:run(1410)) - Current certificate has entered the expiry grace period PT0S. Starting renew key and certs.
2023-01-06 09:52:00,993 [CertificateLifetimeMonitor] INFO  client.DNCertificateClient (DefaultCertificateClient.java:run(1410)) - Current certificate has entered the expiry grace period PT0S. Starting renew key and certs.
2023-01-06 09:52:00,995 [CertificateLifetimeMonitor] INFO  client.DNCertificateClient (DefaultCertificateClient.java:run(1410)) - Current certificate has entered the expiry grace period PT0S. Starting renew key and certs.
2023-01-06 09:52:01,014 [CertificateLifetimeMonitor] INFO  client.DNCertificateClient (DefaultCertificateClient.java:run(1410)) - Current certificate has entered the expiry grace period PT0S. Starting renew key and certs.
2023-01-06 09:52:01,183 [CertificateLifetimeMonitor] INFO  ozone.OzoneSecurityUtil (OzoneSecurityUtil.java:getValidInetsForCurrentHost(119)) - ip:fe80:0:0:0:20d:3aff:fef6:a12e%eth0 not returned.
2023-01-06 09:52:01,183 [CertificateLifetimeMonitor] INFO  ozone.OzoneSecurityUtil (OzoneSecurityUtil.java:getValidInetsForCurrentHost(116)) - Adding ip:10.1.0.8,host:fv-az844-354.kvdfyhrxhd0epk3sa4trub4njc.xx.internal.cloudapp.net
2023-01-06 09:52:01,183 [CertificateLifetimeMonitor] INFO  ozone.OzoneSecurityUtil (OzoneSecurityUtil.java:getValidInetsForCurrentHost(119)) - ip:0:0:0:0:0:0:0:1%lo not returned.
2023-01-06 09:52:01,183 [CertificateLifetimeMonitor] INFO  ozone.OzoneSecurityUtil (OzoneSecurityUtil.java:getValidInetsForCurrentHost(119)) - ip:127.0.0.1 not returned.
2023-01-06 09:52:01,184 [CertificateLifetimeMonitor] INFO  client.DNCertificateClient (DNCertificateClient.java:getCSRBuilder(98)) - Created csr for DN-> subject:runner@fv-az844-354.kvdfyhrxhd0epk3sa4trub4njc.xx.internal.cloudapp.net
2023-01-06 09:52:01,194 [CertificateLifetimeMonitor] ERROR client.DNCertificateClient (DNCertificateClient.java:signAndStoreCertificate(140)) - Error while signing and storing SCM signed certificate.
org.apache.hadoop.hdds.security.x509.exceptions.CertificateException: Unable to retrieve datanode certificate chain.
	at org.apache.hadoop.hdds.security.x509.certificate.client.DNCertificateClient.signAndStoreCertificate(DNCertificateClient.java:136)
	at org.apache.hadoop.hdds.security.x509.certificate.client.DefaultCertificateClient.renewAndStoreKeyAndCertificate(DefaultCertificateClient.java:1182)
	at org.apache.hadoop.hdds.security.x509.certificate.client.DefaultCertificateClient$CertificateLifetimeMonitor.run(DefaultCertificateClient.java:1413)
	at java.util.concurrent.Executors$RunnableAdapter.call(Executors.java:511)
	at java.util.concurrent.FutureTask.runAndReset(FutureTask.java:308)
	at java.util.concurrent.ScheduledThreadPoolExecutor$ScheduledFutureTask.access$301(ScheduledThreadPoolExecutor.java:180)
	at java.util.concurrent.ScheduledThreadPoolExecutor$ScheduledFutureTask.run(ScheduledThreadPoolExecutor.java:294)
	at java.util.concurrent.ThreadPoolExecutor.runWorker(ThreadPoolExecutor.java:1149)
	at java.util.concurrent.ThreadPoolExecutor$Worker.run(ThreadPoolExecutor.java:624)
	at java.lang.Thread.run(Thread.java:750)
2023-01-06 09:52:01,194 [CertificateLifetimeMonitor] ERROR client.DNCertificateClient (DefaultCertificateClient.java:run(1423)) - Failed to renew and store key and cert. Keep using existing certificates.
org.apache.hadoop.hdds.security.x509.exceptions.CertificateException: Error while signing and storing new certificates.
	at org.apache.hadoop.hdds.security.x509.certificate.client.DefaultCertificateClient.renewAndStoreKeyAndCertificate(DefaultCertificateClient.java:1185)
	at org.apache.hadoop.hdds.security.x509.certificate.client.DefaultCertificateClient$CertificateLifetimeMonitor.run(DefaultCertificateClient.java:1413)
	at java.util.concurrent.Executors$RunnableAdapter.call(Executors.java:511)
	at java.util.concurrent.FutureTask.runAndReset(FutureTask.java:308)
	at java.util.concurrent.ScheduledThreadPoolExecutor$ScheduledFutureTask.access$301(ScheduledThreadPoolExecutor.java:180)
	at java.util.concurrent.ScheduledThreadPoolExecutor$ScheduledFutureTask.run(ScheduledThreadPoolExecutor.java:294)
	at java.util.concurrent.ThreadPoolExecutor.runWorker(ThreadPoolExecutor.java:1149)
	at java.util.concurrent.ThreadPoolExecutor$Worker.run(ThreadPoolExecutor.java:624)
	at java.lang.Thread.run(Thread.java:750)
Caused by: org.apache.hadoop.hdds.security.x509.exceptions.CertificateException: Error while signing and storing SCM signed certificate.
	at org.apache.hadoop.hdds.security.x509.certificate.client.DNCertificateClient.signAndStoreCertificate(DNCertificateClient.java:141)
	at org.apache.hadoop.hdds.security.x509.certificate.client.DefaultCertificateClient.renewAndStoreKeyAndCertificate(DefaultCertificateClient.java:1182)
	... 8 more
Caused by: org.apache.hadoop.hdds.security.x509.exceptions.CertificateException: Unable to retrieve datanode certificate chain.
	at org.apache.hadoop.hdds.security.x509.certificate.client.DNCertificateClient.signAndStoreCertificate(DNCertificateClient.java:136)
	... 9 more
2023-01-06 09:52:01,195 [CertificateLifetimeMonitor] INFO  client.DNCertificateClient (DefaultCertificateClient.java:run(1410)) - Current certificate has entered the expiry grace period PT0S. Starting renew key and certs.
2023-01-06 09:52:01,514 [CertificateLifetimeMonitor] INFO  ozone.OzoneSecurityUtil (OzoneSecurityUtil.java:getValidInetsForCurrentHost(119)) - ip:fe80:0:0:0:20d:3aff:fef6:a12e%eth0 not returned.
2023-01-06 09:52:01,515 [CertificateLifetimeMonitor] ERROR client.DNCertificateClient (DefaultCertificateClient.java:createKeyPair(967)) - Error while bootstrapping certificate client.
java.io.IOException: Private key already exist.
	at org.apache.hadoop.hdds.security.x509.keys.KeyCodec.writePublicKey(KeyCodec.java:197)
	at org.apache.hadoop.hdds.security.x509.certificate.client.DefaultCertificateClient.createKeyPair(DefaultCertificateClient.java:963)
	at org.apache.hadoop.hdds.security.x509.certificate.client.DefaultCertificateClient.renewAndStoreKeyAndCertificate(DefaultCertificateClient.java:1172)
	at org.apache.hadoop.hdds.security.x509.certificate.client.DefaultCertificateClient$CertificateLifetimeMonitor.run(DefaultCertificateClient.java:1413)
	at java.util.concurrent.Executors$RunnableAdapter.call(Executors.java:511)
	at java.util.concurrent.FutureTask.runAndReset(FutureTask.java:308)
	at java.util.concurrent.ScheduledThreadPoolExecutor$ScheduledFutureTask.access$301(ScheduledThreadPoolExecutor.java:180)
	at java.util.concurrent.ScheduledThreadPoolExecutor$ScheduledFutureTask.run(ScheduledThreadPoolExecutor.java:294)
	at java.util.concurrent.ThreadPoolExecutor.runWorker(ThreadPoolExecutor.java:1149)
	at java.util.concurrent.ThreadPoolExecutor$Worker.run(ThreadPoolExecutor.java:624)
	at java.lang.Thread.run(Thread.java:750)
2023-01-06 09:52:01,515 [CertificateLifetimeMonitor] ERROR client.DNCertificateClient (DefaultCertificateClient.java:run(1423)) - Failed to renew and store key and cert. Keep using existing certificates.
org.apache.hadoop.hdds.security.x509.exceptions.CertificateException: Error while creating new key pair.
	at org.apache.hadoop.hdds.security.x509.certificate.client.DefaultCertificateClient.renewAndStoreKeyAndCertificate(DefaultCertificateClient.java:1174)
	at org.apache.hadoop.hdds.security.x509.certificate.client.DefaultCertificateClient$CertificateLifetimeMonitor.run(DefaultCertificateClient.java:1413)
	at java.util.concurrent.Executors$RunnableAdapter.call(Executors.java:511)
	at java.util.concurrent.FutureTask.runAndReset(FutureTask.java:308)
	at java.util.concurrent.ScheduledThreadPoolExecutor$ScheduledFutureTask.access$301(ScheduledThreadPoolExecutor.java:180)
	at java.util.concurrent.ScheduledThreadPoolExecutor$ScheduledFutureTask.run(ScheduledThreadPoolExecutor.java:294)
	at java.util.concurrent.ThreadPoolExecutor.runWorker(ThreadPoolExecutor.java:1149)
	at java.util.concurrent.ThreadPoolExecutor$Worker.run(ThreadPoolExecutor.java:624)
	at java.lang.Thread.run(Thread.java:750)
Caused by: org.apache.hadoop.hdds.security.x509.exceptions.CertificateException: Error while bootstrapping certificate.
	at org.apache.hadoop.hdds.security.x509.certificate.client.DefaultCertificateClient.createKeyPair(DefaultCertificateClient.java:968)
	at org.apache.hadoop.hdds.security.x509.certificate.client.DefaultCertificateClient.renewAndStoreKeyAndCertificate(DefaultCertificateClient.java:1172)
	... 8 more
2023-01-06 09:52:01,522 [CertificateLifetimeMonitor] INFO  ozone.OzoneSecurityUtil (OzoneSecurityUtil.java:getValidInetsForCurrentHost(116)) - Adding ip:10.1.0.8,host:fv-az844-354.kvdfyhrxhd0epk3sa4trub4njc.xx.internal.cloudapp.net
2023-01-06 09:52:01,522 [CertificateLifetimeMonitor] INFO  ozone.OzoneSecurityUtil (OzoneSecurityUtil.java:getValidInetsForCurrentHost(119)) - ip:0:0:0:0:0:0:0:1%lo not returned.
2023-01-06 09:52:01,522 [CertificateLifetimeMonitor] INFO  ozone.OzoneSecurityUtil (OzoneSecurityUtil.java:getValidInetsForCurrentHost(119)) - ip:127.0.0.1 not returned.
2023-01-06 09:52:01,522 [CertificateLifetimeMonitor] INFO  client.DNCertificateClient (DNCertificateClient.java:getCSRBuilder(98)) - Created csr for DN-> subject:runner@fv-az844-354.kvdfyhrxhd0epk3sa4trub4njc.xx.internal.cloudapp.net
2023-01-06 09:52:01,528 [CertificateLifetimeMonitor] ERROR client.DNCertificateClient (DNCertificateClient.java:signAndStoreCertificate(140)) - Error while signing and storing SCM signed certificate.
org.apache.hadoop.hdds.security.x509.exceptions.CertificateException: Unable to retrieve datanode certificate chain.
	at org.apache.hadoop.hdds.security.x509.certificate.client.DNCertificateClient.signAndStoreCertificate(DNCertificateClient.java:136)
	at org.apache.hadoop.hdds.security.x509.certificate.client.DefaultCertificateClient.renewAndStoreKeyAndCertificate(DefaultCertificateClient.java:1182)
	at org.apache.hadoop.hdds.security.x509.certificate.client.DefaultCertificateClient$CertificateLifetimeMonitor.run(DefaultCertificateClient.java:1413)
	at java.util.concurrent.Executors$RunnableAdapter.call(Executors.java:511)
	at java.util.concurrent.FutureTask.runAndReset(FutureTask.java:308)
	at java.util.concurrent.ScheduledThreadPoolExecutor$ScheduledFutureTask.access$301(ScheduledThreadPoolExecutor.java:180)
	at java.util.concurrent.ScheduledThreadPoolExecutor$ScheduledFutureTask.run(ScheduledThreadPoolExecutor.java:294)
	at java.util.concurrent.ThreadPoolExecutor.runWorker(ThreadPoolExecutor.java:1149)
	at java.util.concurrent.ThreadPoolExecutor$Worker.run(ThreadPoolExecutor.java:624)
	at java.lang.Thread.run(Thread.java:750)
2023-01-06 09:52:01,529 [CertificateLifetimeMonitor] ERROR client.DNCertificateClient (DefaultCertificateClient.java:run(1423)) - Failed to renew and store key and cert. Keep using existing certificates.
org.apache.hadoop.hdds.security.x509.exceptions.CertificateException: Error while signing and storing new certificates.
	at org.apache.hadoop.hdds.security.x509.certificate.client.DefaultCertificateClient.renewAndStoreKeyAndCertificate(DefaultCertificateClient.java:1185)
	at org.apache.hadoop.hdds.security.x509.certificate.client.DefaultCertificateClient$CertificateLifetimeMonitor.run(DefaultCertificateClient.java:1413)
	at java.util.concurrent.Executors$RunnableAdapter.call(Executors.java:511)
	at java.util.concurrent.FutureTask.runAndReset(FutureTask.java:308)
	at java.util.concurrent.ScheduledThreadPoolExecutor$ScheduledFutureTask.access$301(ScheduledThreadPoolExecutor.java:180)
	at java.util.concurrent.ScheduledThreadPoolExecutor$ScheduledFutureTask.run(ScheduledThreadPoolExecutor.java:294)
	at java.util.concurrent.ThreadPoolExecutor.runWorker(ThreadPoolExecutor.java:1149)
	at java.util.concurrent.ThreadPoolExecutor$Worker.run(ThreadPoolExecutor.java:624)
	at java.lang.Thread.run(Thread.java:750)
Caused by: org.apache.hadoop.hdds.security.x509.exceptions.CertificateException: Error while signing and storing SCM signed certificate.
	at org.apache.hadoop.hdds.security.x509.certificate.client.DNCertificateClient.signAndStoreCertificate(DNCertificateClient.java:141)
	at org.apache.hadoop.hdds.security.x509.certificate.client.DefaultCertificateClient.renewAndStoreKeyAndCertificate(DefaultCertificateClient.java:1182)
	... 8 more
Caused by: org.apache.hadoop.hdds.security.x509.exceptions.CertificateException: Unable to retrieve datanode certificate chain.
	at org.apache.hadoop.hdds.security.x509.certificate.client.DNCertificateClient.signAndStoreCertificate(DNCertificateClient.java:136)
	... 9 more
2023-01-06 09:52:01,669 [CertificateLifetimeMonitor] ERROR client.DNCertificateClient (DefaultCertificateClient.java:createKeyPair(967)) - Error while bootstrapping certificate client.
java.io.IOException: Private key already exist.
	at org.apache.hadoop.hdds.security.x509.keys.KeyCodec.writePublicKey(KeyCodec.java:197)
	at org.apache.hadoop.hdds.security.x509.certificate.client.DefaultCertificateClient.createKeyPair(DefaultCertificateClient.java:963)
	at org.apache.hadoop.hdds.security.x509.certificate.client.DefaultCertificateClient.renewAndStoreKeyAndCertificate(DefaultCertificateClient.java:1172)
	at org.apache.hadoop.hdds.security.x509.certificate.client.DefaultCertificateClient$CertificateLifetimeMonitor.run(DefaultCertificateClient.java:1413)
	at java.util.concurrent.Executors$RunnableAdapter.call(Executors.java:511)
	at java.util.concurrent.FutureTask.runAndReset(FutureTask.java:308)
	at java.util.concurrent.ScheduledThreadPoolExecutor$ScheduledFutureTask.access$301(ScheduledThreadPoolExecutor.java:180)
	at java.util.concurrent.ScheduledThreadPoolExecutor$ScheduledFutureTask.run(ScheduledThreadPoolExecutor.java:294)
	at java.util.concurrent.ThreadPoolExecutor.runWorker(ThreadPoolExecutor.java:1149)
	at java.util.concurrent.ThreadPoolExecutor$Worker.run(ThreadPoolExecutor.java:624)
	at java.lang.Thread.run(Thread.java:750)
2023-01-06 09:52:01,669 [CertificateLifetimeMonitor] ERROR client.DNCertificateClient (DefaultCertificateClient.java:run(1423)) - Failed to renew and store key and cert. Keep using existing certificates.
org.apache.hadoop.hdds.security.x509.exceptions.CertificateException: Error while creating new key pair.
	at org.apache.hadoop.hdds.security.x509.certificate.client.DefaultCertificateClient.renewAndStoreKeyAndCertificate(DefaultCertificateClient.java:1174)
	at org.apache.hadoop.hdds.security.x509.certificate.client.DefaultCertificateClient$CertificateLifetimeMonitor.run(DefaultCertificateClient.java:1413)
	at java.util.concurrent.Executors$RunnableAdapter.call(Executors.java:511)
	at java.util.concurrent.FutureTask.runAndReset(FutureTask.java:308)
	at java.util.concurrent.ScheduledThreadPoolExecutor$ScheduledFutureTask.access$301(ScheduledThreadPoolExecutor.java:180)
	at java.util.concurrent.ScheduledThreadPoolExecutor$ScheduledFutureTask.run(ScheduledThreadPoolExecutor.java:294)
	at java.util.concurrent.ThreadPoolExecutor.runWorker(ThreadPoolExecutor.java:1149)
	at java.util.concurrent.ThreadPoolExecutor$Worker.run(ThreadPoolExecutor.java:624)
	at java.lang.Thread.run(Thread.java:750)
Caused by: org.apache.hadoop.hdds.security.x509.exceptions.CertificateException: Error while bootstrapping certificate.
	at org.apache.hadoop.hdds.security.x509.certificate.client.DefaultCertificateClient.createKeyPair(DefaultCertificateClient.java:968)
	at org.apache.hadoop.hdds.security.x509.certificate.client.DefaultCertificateClient.renewAndStoreKeyAndCertificate(DefaultCertificateClient.java:1172)
	... 8 more
2023-01-06 09:52:01,743 [CertificateLifetimeMonitor] ERROR client.DNCertificateClient (DefaultCertificateClient.java:createKeyPair(967)) - Error while bootstrapping certificate client.
java.io.IOException: Private key already exist.
	at org.apache.hadoop.hdds.security.x509.keys.KeyCodec.writePublicKey(KeyCodec.java:197)
	at org.apache.hadoop.hdds.security.x509.certificate.client.DefaultCertificateClient.createKeyPair(DefaultCertificateClient.java:963)
	at org.apache.hadoop.hdds.security.x509.certificate.client.DefaultCertificateClient.renewAndStoreKeyAndCertificate(DefaultCertificateClient.java:1172)
	at org.apache.hadoop.hdds.security.x509.certificate.client.DefaultCertificateClient$CertificateLifetimeMonitor.run(DefaultCertificateClient.java:1413)
	at java.util.concurrent.Executors$RunnableAdapter.call(Executors.java:511)
	at java.util.concurrent.FutureTask.runAndReset(FutureTask.java:308)
	at java.util.concurrent.ScheduledThreadPoolExecutor$ScheduledFutureTask.access$301(ScheduledThreadPoolExecutor.java:180)
	at java.util.concurrent.ScheduledThreadPoolExecutor$ScheduledFutureTask.run(ScheduledThreadPoolExecutor.java:294)
	at java.util.concurrent.ThreadPoolExecutor.runWorker(ThreadPoolExecutor.java:1149)
	at java.util.concurrent.ThreadPoolExecutor$Worker.run(ThreadPoolExecutor.java:624)
	at java.lang.Thread.run(Thread.java:750)
2023-01-06 09:52:01,745 [CertificateLifetimeMonitor] ERROR client.DNCertificateClient (DefaultCertificateClient.java:run(1423)) - Failed to renew and store key and cert. Keep using existing certificates.
org.apache.hadoop.hdds.security.x509.exceptions.CertificateException: Error while creating new key pair.
	at org.apache.hadoop.hdds.security.x509.certificate.client.DefaultCertificateClient.renewAndStoreKeyAndCertificate(DefaultCertificateClient.java:1174)
	at org.apache.hadoop.hdds.security.x509.certificate.client.DefaultCertificateClient$CertificateLifetimeMonitor.run(DefaultCertificateClient.java:1413)
	at java.util.concurrent.Executors$RunnableAdapter.call(Executors.java:511)
	at java.util.concurrent.FutureTask.runAndReset(FutureTask.java:308)
	at java.util.concurrent.ScheduledThreadPoolExecutor$ScheduledFutureTask.access$301(ScheduledThreadPoolExecutor.java:180)
	at java.util.concurrent.ScheduledThreadPoolExecutor$ScheduledFutureTask.run(ScheduledThreadPoolExecutor.java:294)
	at java.util.concurrent.ThreadPoolExecutor.runWorker(ThreadPoolExecutor.java:1149)
	at java.util.concurrent.ThreadPoolExecutor$Worker.run(ThreadPoolExecutor.java:624)
	at java.lang.Thread.run(Thread.java:750)
Caused by: org.apache.hadoop.hdds.security.x509.exceptions.CertificateException: Error while bootstrapping certificate.
	at org.apache.hadoop.hdds.security.x509.certificate.client.DefaultCertificateClient.createKeyPair(DefaultCertificateClient.java:968)
	at org.apache.hadoop.hdds.security.x509.certificate.client.DefaultCertificateClient.renewAndStoreKeyAndCertificate(DefaultCertificateClient.java:1172)
	... 8 more
2023-01-06 09:52:01,762 [CertificateLifetimeMonitor] ERROR client.DNCertificateClient (DefaultCertificateClient.java:createKeyPair(967)) - Error while bootstrapping certificate client.
java.io.IOException: Private key already exist.
	at org.apache.hadoop.hdds.security.x509.keys.KeyCodec.writePublicKey(KeyCodec.java:197)
	at org.apache.hadoop.hdds.security.x509.certificate.client.DefaultCertificateClient.createKeyPair(DefaultCertificateClient.java:963)
	at org.apache.hadoop.hdds.security.x509.certificate.client.DefaultCertificateClient.renewAndStoreKeyAndCertificate(DefaultCertificateClient.java:1172)
	at org.apache.hadoop.hdds.security.x509.certificate.client.DefaultCertificateClient$CertificateLifetimeMonitor.run(DefaultCertificateClient.java:1413)
	at java.util.concurrent.Executors$RunnableAdapter.call(Executors.java:511)
	at java.util.concurrent.FutureTask.runAndReset(FutureTask.java:308)
	at java.util.concurrent.ScheduledThreadPoolExecutor$ScheduledFutureTask.access$301(ScheduledThreadPoolExecutor.java:180)
	at java.util.concurrent.ScheduledThreadPoolExecutor$ScheduledFutureTask.run(ScheduledThreadPoolExecutor.java:294)
	at java.util.concurrent.ThreadPoolExecutor.runWorker(ThreadPoolExecutor.java:1149)
	at java.util.concurrent.ThreadPoolExecutor$Worker.run(ThreadPoolExecutor.java:624)
	at java.lang.Thread.run(Thread.java:750)
2023-01-06 09:52:01,763 [CertificateLifetimeMonitor] ERROR client.DNCertificateClient (DefaultCertificateClient.java:run(1423)) - Failed to renew and store key and cert. Keep using existing certificates.
org.apache.hadoop.hdds.security.x509.exceptions.CertificateException: Error while creating new key pair.
	at org.apache.hadoop.hdds.security.x509.certificate.client.DefaultCertificateClient.renewAndStoreKeyAndCertificate(DefaultCertificateClient.java:1174)
	at org.apache.hadoop.hdds.security.x509.certificate.client.DefaultCertificateClient$CertificateLifetimeMonitor.run(DefaultCertificateClient.java:1413)
	at java.util.concurrent.Executors$RunnableAdapter.call(Executors.java:511)
	at java.util.concurrent.FutureTask.runAndReset(FutureTask.java:308)
	at java.util.concurrent.ScheduledThreadPoolExecutor$ScheduledFutureTask.access$301(ScheduledThreadPoolExecutor.java:180)
	at java.util.concurrent.ScheduledThreadPoolExecutor$ScheduledFutureTask.run(ScheduledThreadPoolExecutor.java:294)
	at java.util.concurrent.ThreadPoolExecutor.runWorker(ThreadPoolExecutor.java:1149)
	at java.util.concurrent.ThreadPoolExecutor$Worker.run(ThreadPoolExecutor.java:624)
	at java.lang.Thread.run(Thread.java:750)
Caused by: org.apache.hadoop.hdds.security.x509.exceptions.CertificateException: Error while bootstrapping certificate.
	at org.apache.hadoop.hdds.security.x509.certificate.client.DefaultCertificateClient.createKeyPair(DefaultCertificateClient.java:968)
	at org.apache.hadoop.hdds.security.x509.certificate.client.DefaultCertificateClient.renewAndStoreKeyAndCertificate(DefaultCertificateClient.java:1172)
	... 8 more
2023-01-06 09:52:02,316 [CertificateLifetimeMonitor] INFO  client.DNCertificateClient (DefaultCertificateClient.java:run(1410)) - Current certificate has entered the expiry grace period PT0S. Starting renew key and certs.
2023-01-06 09:52:02,658 [CertificateLifetimeMonitor] INFO  client.DNCertificateClient (DefaultCertificateClient.java:run(1410)) - Current certificate has entered the expiry grace period PT0S. Starting renew key and certs.
2023-01-06 09:52:02,658 [CertificateLifetimeMonitor] INFO  client.DNCertificateClient (DefaultCertificateClient.java:run(1410)) - Current certificate has entered the expiry grace period PT0S. Starting renew key and certs.
2023-01-06 09:52:02,659 [CertificateLifetimeMonitor] ERROR client.DNCertificateClient (DefaultCertificateClient.java:run(1423)) - Failed to renew and store key and cert. Keep using existing certificates.
org.apache.hadoop.hdds.security.x509.exceptions.CertificateException: Error while deleting/creating /home/runner/work/ozone/ozone/hadoop-hdds/container-service/target/test-dir/PjBx01n9A5/dn/keys-next or /home/runner/work/ozone/ozone/hadoop-hdds/container-service/target/test-dir/PjBx01n9A5/dn/certs-next directories to cleanup  certificate storage. 
	at org.apache.hadoop.hdds.security.x509.certificate.client.DefaultCertificateClient.renewAndStoreKeyAndCertificate(DefaultCertificateClient.java:1163)
	at org.apache.hadoop.hdds.security.x509.certificate.client.DefaultCertificateClient$CertificateLifetimeMonitor.run(DefaultCertificateClient.java:1413)
	at java.util.concurrent.Executors$RunnableAdapter.call(Executors.java:511)
	at java.util.concurrent.FutureTask.runAndReset(FutureTask.java:308)
	at java.util.concurrent.ScheduledThreadPoolExecutor$ScheduledFutureTask.access$301(ScheduledThreadPoolExecutor.java:180)
	at java.util.concurrent.ScheduledThreadPoolExecutor$ScheduledFutureTask.run(ScheduledThreadPoolExecutor.java:294)
	at java.util.concurrent.ThreadPoolExecutor.runWorker(ThreadPoolExecutor.java:1149)
	at java.util.concurrent.ThreadPoolExecutor$Worker.run(ThreadPoolExecutor.java:624)
	at java.lang.Thread.run(Thread.java:750)
Caused by: java.nio.file.NoSuchFileException: /home/runner/work/ozone/ozone/hadoop-hdds/container-service/target/test-dir/PjBx01n9A5/dn/keys-next
	at sun.nio.fs.UnixException.translateToIOException(UnixException.java:86)
	at sun.nio.fs.UnixException.rethrowAsIOException(UnixException.java:102)
	at sun.nio.fs.UnixException.rethrowAsIOException(UnixException.java:107)
	at sun.nio.fs.UnixFileSystemProvider.implDelete(UnixFileSystemProvider.java:244)
	at sun.nio.fs.AbstractFileSystemProvider.delete(AbstractFileSystemProvider.java:103)
	at java.nio.file.Files.delete(Files.java:1126)
	at org.apache.commons.io.FileUtils.delete(FileUtils.java:1175)
	at org.apache.commons.io.FileUtils.deleteDirectory(FileUtils.java:1194)
	at org.apache.hadoop.hdds.security.x509.certificate.client.DefaultCertificateClient.renewAndStoreKeyAndCertificate(DefaultCertificateClient.java:1158)
	... 8 more
2023-01-06 09:52:02,659 [CertificateLifetimeMonitor] INFO  client.DNCertificateClient (DefaultCertificateClient.java:run(1410)) - Current certificate has entered the expiry grace period PT0S. Starting renew key and certs.
2023-01-06 09:52:02,666 [CertificateLifetimeMonitor] INFO  client.DNCertificateClient (DefaultCertificateClient.java:run(1410)) - Current certificate has entered the expiry grace period PT0S. Starting renew key and certs.
2023-01-06 09:52:03,001 [CertificateLifetimeMonitor] INFO  ozone.OzoneSecurityUtil (OzoneSecurityUtil.java:getValidInetsForCurrentHost(119)) - ip:fe80:0:0:0:20d:3aff:fef6:a12e%eth0 not returned.
2023-01-06 09:52:03,001 [CertificateLifetimeMonitor] INFO  ozone.OzoneSecurityUtil (OzoneSecurityUtil.java:getValidInetsForCurrentHost(116)) - Adding ip:10.1.0.8,host:fv-az844-354.kvdfyhrxhd0epk3sa4trub4njc.xx.internal.cloudapp.net
2023-01-06 09:52:03,010 [CertificateLifetimeMonitor] ERROR client.DNCertificateClient (DefaultCertificateClient.java:createKeyPair(967)) - Error while bootstrapping certificate client.
java.io.IOException: Private key already exist.
	at org.apache.hadoop.hdds.security.x509.keys.KeyCodec.writePublicKey(KeyCodec.java:197)
	at org.apache.hadoop.hdds.security.x509.certificate.client.DefaultCertificateClient.createKeyPair(DefaultCertificateClient.java:963)
	at org.apache.hadoop.hdds.security.x509.certificate.client.DefaultCertificateClient.renewAndStoreKeyAndCertificate(DefaultCertificateClient.java:1172)
	at org.apache.hadoop.hdds.security.x509.certificate.client.DefaultCertificateClient$CertificateLifetimeMonitor.run(DefaultCertificateClient.java:1413)
	at java.util.concurrent.Executors$RunnableAdapter.call(Executors.java:511)
	at java.util.concurrent.FutureTask.runAndReset(FutureTask.java:308)
	at java.util.concurrent.ScheduledThreadPoolExecutor$ScheduledFutureTask.access$301(ScheduledThreadPoolExecutor.java:180)
	at java.util.concurrent.ScheduledThreadPoolExecutor$ScheduledFutureTask.run(ScheduledThreadPoolExecutor.java:294)
	at java.util.concurrent.ThreadPoolExecutor.runWorker(ThreadPoolExecutor.java:1149)
	at java.util.concurrent.ThreadPoolExecutor$Worker.run(ThreadPoolExecutor.java:624)
	at java.lang.Thread.run(Thread.java:750)
2023-01-06 09:52:03,011 [CertificateLifetimeMonitor] ERROR client.DNCertificateClient (DefaultCertificateClient.java:run(1423)) - Failed to renew and store key and cert. Keep using existing certificates.
org.apache.hadoop.hdds.security.x509.exceptions.CertificateException: Error while creating new key pair.
	at org.apache.hadoop.hdds.security.x509.certificate.client.DefaultCertificateClient.renewAndStoreKeyAndCertificate(DefaultCertificateClient.java:1174)
	at org.apache.hadoop.hdds.security.x509.certificate.client.DefaultCertificateClient$CertificateLifetimeMonitor.run(DefaultCertificateClient.java:1413)
	at java.util.concurrent.Executors$RunnableAdapter.call(Executors.java:511)
	at java.util.concurrent.FutureTask.runAndReset(FutureTask.java:308)
	at java.util.concurrent.ScheduledThreadPoolExecutor$ScheduledFutureTask.access$301(ScheduledThreadPoolExecutor.java:180)
	at java.util.concurrent.ScheduledThreadPoolExecutor$ScheduledFutureTask.run(ScheduledThreadPoolExecutor.java:294)
	at java.util.concurrent.ThreadPoolExecutor.runWorker(ThreadPoolExecutor.java:1149)
	at java.util.concurrent.ThreadPoolExecutor$Worker.run(ThreadPoolExecutor.java:624)
	at java.lang.Thread.run(Thread.java:750)
Caused by: org.apache.hadoop.hdds.security.x509.exceptions.CertificateException: Error while bootstrapping certificate.
	at org.apache.hadoop.hdds.security.x509.certificate.client.DefaultCertificateClient.createKeyPair(DefaultCertificateClient.java:968)
	at org.apache.hadoop.hdds.security.x509.certificate.client.DefaultCertificateClient.renewAndStoreKeyAndCertificate(DefaultCertificateClient.java:1172)
	... 8 more
2023-01-06 09:52:03,011 [CertificateLifetimeMonitor] INFO  client.DNCertificateClient (DefaultCertificateClient.java:run(1410)) - Current certificate has entered the expiry grace period PT0S. Starting renew key and certs.
2023-01-06 09:52:03,014 [CertificateLifetimeMonitor] INFO  ozone.OzoneSecurityUtil (OzoneSecurityUtil.java:getValidInetsForCurrentHost(119)) - ip:0:0:0:0:0:0:0:1%lo not returned.
2023-01-06 09:52:03,020 [CertificateLifetimeMonitor] INFO  ozone.OzoneSecurityUtil (OzoneSecurityUtil.java:getValidInetsForCurrentHost(119)) - ip:127.0.0.1 not returned.
2023-01-06 09:52:03,020 [CertificateLifetimeMonitor] INFO  client.DNCertificateClient (DNCertificateClient.java:getCSRBuilder(98)) - Created csr for DN-> subject:runner@fv-az844-354.kvdfyhrxhd0epk3sa4trub4njc.xx.internal.cloudapp.net
2023-01-06 09:52:03,023 [CertificateLifetimeMonitor] ERROR client.DNCertificateClient (DefaultCertificateClient.java:run(1423)) - Failed to renew and store key and cert. Keep using existing certificates.
org.apache.hadoop.hdds.security.x509.exceptions.CertificateException: Error while signing and storing new certificates.
	at org.apache.hadoop.hdds.security.x509.certificate.client.DefaultCertificateClient.renewAndStoreKeyAndCertificate(DefaultCertificateClient.java:1185)
	at org.apache.hadoop.hdds.security.x509.certificate.client.DefaultCertificateClient$CertificateLifetimeMonitor.run(DefaultCertificateClient.java:1413)
	at java.util.concurrent.Executors$RunnableAdapter.call(Executors.java:511)
	at java.util.concurrent.FutureTask.runAndReset(FutureTask.java:308)
	at java.util.concurrent.ScheduledThreadPoolExecutor$ScheduledFutureTask.access$301(ScheduledThreadPoolExecutor.java:180)
	at java.util.concurrent.ScheduledThreadPoolExecutor$ScheduledFutureTask.run(ScheduledThreadPoolExecutor.java:294)
	at java.util.concurrent.ThreadPoolExecutor.runWorker(ThreadPoolExecutor.java:1149)
	at java.util.concurrent.ThreadPoolExecutor$Worker.run(ThreadPoolExecutor.java:624)
	at java.lang.Thread.run(Thread.java:750)
Caused by: org.apache.hadoop.hdds.conf.ConfigurationException: SCM Client Address could not be obtained from config. Config is not properly defined
	at org.apache.hadoop.hdds.scm.proxy.SCMSecurityProtocolFailoverProxyProvider.loadConfigs(SCMSecurityProtocolFailoverProxyProvider.java:120)
	at org.apache.hadoop.hdds.scm.proxy.SCMSecurityProtocolFailoverProxyProvider.<init>(SCMSecurityProtocolFailoverProxyProvider.java:105)
	at org.apache.hadoop.hdds.utils.HddsServerUtil.getScmSecurityClientWithMaxRetry(HddsServerUtil.java:467)
	at org.apache.hadoop.hdds.security.x509.certificate.client.DefaultCertificateClient.getScmSecureClient(DefaultCertificateClient.java:1363)
	at org.apache.hadoop.hdds.security.x509.certificate.client.DNCertificateClient.signAndStoreCertificate(DNCertificateClient.java:113)
	at org.apache.hadoop.hdds.security.x509.certificate.client.DefaultCertificateClient.renewAndStoreKeyAndCertificate(DefaultCertificateClient.java:1182)
	... 8 more
2023-01-06 09:52:03,124 [CertificateLifetimeMonitor] INFO  ozone.OzoneSecurityUtil (OzoneSecurityUtil.java:getValidInetsForCurrentHost(119)) - ip:fe80:0:0:0:20d:3aff:fef6:a12e%eth0 not returned.
2023-01-06 09:52:03,124 [CertificateLifetimeMonitor] INFO  ozone.OzoneSecurityUtil (OzoneSecurityUtil.java:getValidInetsForCurrentHost(116)) - Adding ip:10.1.0.8,host:fv-az844-354.kvdfyhrxhd0epk3sa4trub4njc.xx.internal.cloudapp.net
2023-01-06 09:52:03,124 [CertificateLifetimeMonitor] INFO  ozone.OzoneSecurityUtil (OzoneSecurityUtil.java:getValidInetsForCurrentHost(119)) - ip:0:0:0:0:0:0:0:1%lo not returned.
2023-01-06 09:52:03,125 [CertificateLifetimeMonitor] INFO  ozone.OzoneSecurityUtil (OzoneSecurityUtil.java:getValidInetsForCurrentHost(119)) - ip:127.0.0.1 not returned.
2023-01-06 09:52:03,125 [CertificateLifetimeMonitor] INFO  client.DNCertificateClient (DNCertificateClient.java:getCSRBuilder(98)) - Created csr for DN-> subject:runner@fv-az844-354.kvdfyhrxhd0epk3sa4trub4njc.xx.internal.cloudapp.net
2023-01-06 09:52:03,128 [CertificateLifetimeMonitor] ERROR client.DNCertificateClient (DNCertificateClient.java:signAndStoreCertificate(140)) - Error while signing and storing SCM signed certificate.
org.apache.hadoop.hdds.security.x509.exceptions.CertificateException: Unable to retrieve datanode certificate chain.
	at org.apache.hadoop.hdds.security.x509.certificate.client.DNCertificateClient.signAndStoreCertificate(DNCertificateClient.java:136)
	at org.apache.hadoop.hdds.security.x509.certificate.client.DefaultCertificateClient.renewAndStoreKeyAndCertificate(DefaultCertificateClient.java:1182)
	at org.apache.hadoop.hdds.security.x509.certificate.client.DefaultCertificateClient$CertificateLifetimeMonitor.run(DefaultCertificateClient.java:1413)
	at java.util.concurrent.Executors$RunnableAdapter.call(Executors.java:511)
	at java.util.concurrent.FutureTask.runAndReset(FutureTask.java:308)
	at java.util.concurrent.ScheduledThreadPoolExecutor$ScheduledFutureTask.access$301(ScheduledThreadPoolExecutor.java:180)
	at java.util.concurrent.ScheduledThreadPoolExecutor$ScheduledFutureTask.run(ScheduledThreadPoolExecutor.java:294)
	at java.util.concurrent.ThreadPoolExecutor.runWorker(ThreadPoolExecutor.java:1149)
	at java.util.concurrent.ThreadPoolExecutor$Worker.run(ThreadPoolExecutor.java:624)
	at java.lang.Thread.run(Thread.java:750)
2023-01-06 09:52:03,128 [CertificateLifetimeMonitor] ERROR client.DNCertificateClient (DefaultCertificateClient.java:run(1423)) - Failed to renew and store key and cert. Keep using existing certificates.
org.apache.hadoop.hdds.security.x509.exceptions.CertificateException: Error while signing and storing new certificates.
	at org.apache.hadoop.hdds.security.x509.certificate.client.DefaultCertificateClient.renewAndStoreKeyAndCertificate(DefaultCertificateClient.java:1185)
	at org.apache.hadoop.hdds.security.x509.certificate.client.DefaultCertificateClient$CertificateLifetimeMonitor.run(DefaultCertificateClient.java:1413)
	at java.util.concurrent.Executors$RunnableAdapter.call(Executors.java:511)
	at java.util.concurrent.FutureTask.runAndReset(FutureTask.java:308)
	at java.util.concurrent.ScheduledThreadPoolExecutor$ScheduledFutureTask.access$301(ScheduledThreadPoolExecutor.java:180)
	at java.util.concurrent.ScheduledThreadPoolExecutor$ScheduledFutureTask.run(ScheduledThreadPoolExecutor.java:294)
	at java.util.concurrent.ThreadPoolExecutor.runWorker(ThreadPoolExecutor.java:1149)
	at java.util.concurrent.ThreadPoolExecutor$Worker.run(ThreadPoolExecutor.java:624)
	at java.lang.Thread.run(Thread.java:750)
Caused by: org.apache.hadoop.hdds.security.x509.exceptions.CertificateException: Error while signing and storing SCM signed certificate.
	at org.apache.hadoop.hdds.security.x509.certificate.client.DNCertificateClient.signAndStoreCertificate(DNCertificateClient.java:141)
	at org.apache.hadoop.hdds.security.x509.certificate.client.DefaultCertificateClient.renewAndStoreKeyAndCertificate(DefaultCertificateClient.java:1182)
	... 8 more
Caused by: org.apache.hadoop.hdds.security.x509.exceptions.CertificateException: Unable to retrieve datanode certificate chain.
	at org.apache.hadoop.hdds.security.x509.certificate.client.DNCertificateClient.signAndStoreCertificate(DNCertificateClient.java:136)
	... 9 more
2023-01-06 09:52:03,382 [CertificateLifetimeMonitor] ERROR client.DNCertificateClient (DefaultCertificateClient.java:createKeyPair(967)) - Error while bootstrapping certificate client.
java.io.IOException: Private key already exist.
	at org.apache.hadoop.hdds.security.x509.keys.KeyCodec.writePublicKey(KeyCodec.java:197)
	at org.apache.hadoop.hdds.security.x509.certificate.client.DefaultCertificateClient.createKeyPair(DefaultCertificateClient.java:963)
	at org.apache.hadoop.hdds.security.x509.certificate.client.DefaultCertificateClient.renewAndStoreKeyAndCertificate(DefaultCertificateClient.java:1172)
	at org.apache.hadoop.hdds.security.x509.certificate.client.DefaultCertificateClient$CertificateLifetimeMonitor.run(DefaultCertificateClient.java:1413)
	at java.util.concurrent.Executors$RunnableAdapter.call(Executors.java:511)
	at java.util.concurrent.FutureTask.runAndReset(FutureTask.java:308)
	at java.util.concurrent.ScheduledThreadPoolExecutor$ScheduledFutureTask.access$301(ScheduledThreadPoolExecutor.java:180)
	at java.util.concurrent.ScheduledThreadPoolExecutor$ScheduledFutureTask.run(ScheduledThreadPoolExecutor.java:294)
	at java.util.concurrent.ThreadPoolExecutor.runWorker(ThreadPoolExecutor.java:1149)
	at java.util.concurrent.ThreadPoolExecutor$Worker.run(ThreadPoolExecutor.java:624)
	at java.lang.Thread.run(Thread.java:750)
2023-01-06 09:52:03,383 [CertificateLifetimeMonitor] ERROR client.DNCertificateClient (DefaultCertificateClient.java:run(1423)) - Failed to renew and store key and cert. Keep using existing certificates.
org.apache.hadoop.hdds.security.x509.exceptions.CertificateException: Error while creating new key pair.
	at org.apache.hadoop.hdds.security.x509.certificate.client.DefaultCertificateClient.renewAndStoreKeyAndCertificate(DefaultCertificateClient.java:1174)
	at org.apache.hadoop.hdds.security.x509.certificate.client.DefaultCertificateClient$CertificateLifetimeMonitor.run(DefaultCertificateClient.java:1413)
	at java.util.concurrent.Executors$RunnableAdapter.call(Executors.java:511)
	at java.util.concurrent.FutureTask.runAndReset(FutureTask.java:308)
	at java.util.concurrent.ScheduledThreadPoolExecutor$ScheduledFutureTask.access$301(ScheduledThreadPoolExecutor.java:180)
	at java.util.concurrent.ScheduledThreadPoolExecutor$ScheduledFutureTask.run(ScheduledThreadPoolExecutor.java:294)
	at java.util.concurrent.ThreadPoolExecutor.runWorker(ThreadPoolExecutor.java:1149)
	at java.util.concurrent.ThreadPoolExecutor$Worker.run(ThreadPoolExecutor.java:624)
	at java.lang.Thread.run(Thread.java:750)
Caused by: org.apache.hadoop.hdds.security.x509.exceptions.CertificateException: Error while bootstrapping certificate.
	at org.apache.hadoop.hdds.security.x509.certificate.client.DefaultCertificateClient.createKeyPair(DefaultCertificateClient.java:968)
	at org.apache.hadoop.hdds.security.x509.certificate.client.DefaultCertificateClient.renewAndStoreKeyAndCertificate(DefaultCertificateClient.java:1172)
	... 8 more
2023-01-06 09:52:03,567 [CertificateLifetimeMonitor] ERROR client.DNCertificateClient (DefaultCertificateClient.java:createKeyPair(967)) - Error while bootstrapping certificate client.
java.io.IOException: Private key already exist.
	at org.apache.hadoop.hdds.security.x509.keys.KeyCodec.writePublicKey(KeyCodec.java:197)
	at org.apache.hadoop.hdds.security.x509.certificate.client.DefaultCertificateClient.createKeyPair(DefaultCertificateClient.java:963)
	at org.apache.hadoop.hdds.security.x509.certificate.client.DefaultCertificateClient.renewAndStoreKeyAndCertificate(DefaultCertificateClient.java:1172)
	at org.apache.hadoop.hdds.security.x509.certificate.client.DefaultCertificateClient$CertificateLifetimeMonitor.run(DefaultCertificateClient.java:1413)
	at java.util.concurrent.Executors$RunnableAdapter.call(Executors.java:511)
	at java.util.concurrent.FutureTask.runAndReset(FutureTask.java:308)
	at java.util.concurrent.ScheduledThreadPoolExecutor$ScheduledFutureTask.access$301(ScheduledThreadPoolExecutor.java:180)
	at java.util.concurrent.ScheduledThreadPoolExecutor$ScheduledFutureTask.run(ScheduledThreadPoolExecutor.java:294)
	at java.util.concurrent.ThreadPoolExecutor.runWorker(ThreadPoolExecutor.java:1149)
	at java.util.concurrent.ThreadPoolExecutor$Worker.run(ThreadPoolExecutor.java:624)
	at java.lang.Thread.run(Thread.java:750)
2023-01-06 09:52:03,568 [CertificateLifetimeMonitor] ERROR client.DNCertificateClient (DefaultCertificateClient.java:run(1423)) - Failed to renew and store key and cert. Keep using existing certificates.
org.apache.hadoop.hdds.security.x509.exceptions.CertificateException: Error while creating new key pair.
	at org.apache.hadoop.hdds.security.x509.certificate.client.DefaultCertificateClient.renewAndStoreKeyAndCertificate(DefaultCertificateClient.java:1174)
	at org.apache.hadoop.hdds.security.x509.certificate.client.DefaultCertificateClient$CertificateLifetimeMonitor.run(DefaultCertificateClient.java:1413)
	at java.util.concurrent.Executors$RunnableAdapter.call(Executors.java:511)
	at java.util.concurrent.FutureTask.runAndReset(FutureTask.java:308)
	at java.util.concurrent.ScheduledThreadPoolExecutor$ScheduledFutureTask.access$301(ScheduledThreadPoolExecutor.java:180)
	at java.util.concurrent.ScheduledThreadPoolExecutor$ScheduledFutureTask.run(ScheduledThreadPoolExecutor.java:294)
	at java.util.concurrent.ThreadPoolExecutor.runWorker(ThreadPoolExecutor.java:1149)
	at java.util.concurrent.ThreadPoolExecutor$Worker.run(ThreadPoolExecutor.java:624)
	at java.lang.Thread.run(Thread.java:750)
Caused by: org.apache.hadoop.hdds.security.x509.exceptions.CertificateException: Error while bootstrapping certificate.
	at org.apache.hadoop.hdds.security.x509.certificate.client.DefaultCertificateClient.createKeyPair(DefaultCertificateClient.java:968)
	at org.apache.hadoop.hdds.security.x509.certificate.client.DefaultCertificateClient.renewAndStoreKeyAndCertificate(DefaultCertificateClient.java:1172)
	... 8 more
2023-01-06 09:52:03,982 [CertificateLifetimeMonitor] INFO  client.DNCertificateClient (DefaultCertificateClient.java:run(1410)) - Current certificate has entered the expiry grace period PT0S. Starting renew key and certs.
2023-01-06 09:52:04,024 [main] INFO  utils.SelfSignedCertificate (SelfSignedCertificate.java:generateCertificate(155)) - Certificate 1299036 is issued by CN=localhost,OU=test,O=cluster to CN=localhost,OU=test,O=cluster, valid from Fri Jan 06 09:52:04 UTC 2023 to Fri Jan 06 09:52:19 UTC 2023
2023-01-06 09:52:04,155 [CertificateLifetimeMonitor] INFO  ozone.OzoneSecurityUtil (OzoneSecurityUtil.java:getValidInetsForCurrentHost(119)) - ip:fe80:0:0:0:20d:3aff:fef6:a12e%eth0 not returned.
2023-01-06 09:52:04,156 [CertificateLifetimeMonitor] INFO  ozone.OzoneSecurityUtil (OzoneSecurityUtil.java:getValidInetsForCurrentHost(116)) - Adding ip:10.1.0.8,host:fv-az844-354.kvdfyhrxhd0epk3sa4trub4njc.xx.internal.cloudapp.net
2023-01-06 09:52:04,156 [CertificateLifetimeMonitor] INFO  ozone.OzoneSecurityUtil (OzoneSecurityUtil.java:getValidInetsForCurrentHost(119)) - ip:0:0:0:0:0:0:0:1%lo not returned.
2023-01-06 09:52:04,156 [CertificateLifetimeMonitor] INFO  ozone.OzoneSecurityUtil (OzoneSecurityUtil.java:getValidInetsForCurrentHost(119)) - ip:127.0.0.1 not returned.
2023-01-06 09:52:04,156 [CertificateLifetimeMonitor] INFO  client.DNCertificateClient (DNCertificateClient.java:getCSRBuilder(98)) - Created csr for DN-> subject:runner@fv-az844-354.kvdfyhrxhd0epk3sa4trub4njc.xx.internal.cloudapp.net
2023-01-06 09:52:04,160 [CertificateLifetimeMonitor] INFO  client.DNCertificateClient (DefaultCertificateClient.java:renewAndStoreKeyAndCertificate(1261)) - Successful renew key and certificate. New certificate 1299036.
2023-01-06 09:52:04,160 [CertificateLifetimeMonitor] INFO  client.DNCertificateClient (DefaultCertificateClient.java:loadAllCertificates(177)) - Loading certificate from location:/home/runner/work/ozone/ozone/hadoop-hdds/container-service/target/test-dir/PjBx01n9A5/dn/certs.
2023-01-06 09:52:04,170 [CertificateLifetimeMonitor] INFO  client.DNCertificateClient (DefaultCertificateClient.java:loadAllCertificates(218)) - Added certificate [
[
  Version: V3
  Subject: O=cluster, OU=test, CN=localhost
  Signature Algorithm: SHA256withRSA, OID = 1.2.840.113549.1.1.11

  Key:  Sun RSA public key, 1024 bits
  params: null
  modulus: 157374145217605027498336351305790704161053738861524771088316188606651793966413799237710805585432313693121089491830011181557674506733232703720103634842105127062462238129281623773399530948598378118524446315929655103572668221386107078962523988849158283687205314369290288530424189098971160834164010511539499578119
  public exponent: 65537
  Validity: [From: Fri Jan 06 09:52:04 UTC 2023,
               To: Fri Jan 06 09:52:19 UTC 2023]
  Issuer: O=cluster, OU=test, CN=localhost
  SerialNumber: [    13d25c]

]
  Algorithm: [SHA256withRSA]
  Signature:
0000: D5 CA 27 9F B5 A3 7B 26   F8 A7 31 15 6A 72 59 12  ..'....&..1.jrY.
0010: FC 43 F4 5E 31 23 6D 18   D8 BB 7A DD 74 D8 5D 04  .C.^1#m...z.t.].
0020: A1 33 CF DE 8F 69 C8 56   5A F4 52 87 38 7C 25 38  .3...i.VZ.R.8.%8
0030: B5 23 49 8D 17 A4 90 99   B2 A8 78 83 EC 30 70 0B  .#I.......x..0p.
0040: E1 FE BC 10 15 3D D5 0B   7D 71 3E 97 34 32 66 26  .....=...q>.42f&
0050: ED A6 91 BE 01 D8 CF 5D   C4 45 67 96 44 3C 0E B5  .......].Eg.D<..
0060: 80 88 D6 37 40 3B AE 11   BC 2C 5B 79 71 12 0C 47  ...7@;...,[yq..G
0070: 4F CD 5B 16 3A D2 CC 78   63 12 62 BB FF 72 27 F8  O.[.:..xc.b..r'.

] from file:/home/runner/work/ozone/ozone/hadoop-hdds/container-service/target/test-dir/PjBx01n9A5/dn/certs/1299036.crt.
2023-01-06 09:52:04,171 [CertificateLifetimeMonitor] INFO  client.DNCertificateClient (DefaultCertificateClient.java:loadAllCertificates(218)) - Added certificate [
[
  Version: V3
  Subject: O=cluster, OU=test, CN=localhost
  Signature Algorithm: SHA256withRSA, OID = 1.2.840.113549.1.1.11

  Key:  Sun RSA public key, 1024 bits
  params: null
  modulus: 157374145217605027498336351305790704161053738861524771088316188606651793966413799237710805585432313693121089491830011181557674506733232703720103634842105127062462238129281623773399530948598378118524446315929655103572668221386107078962523988849158283687205314369290288530424189098971160834164010511539499578119
  public exponent: 65537
  Validity: [From: Fri Jan 06 09:52:04 UTC 2023,
               To: Fri Jan 06 09:52:19 UTC 2023]
  Issuer: O=cluster, OU=test, CN=localhost
  SerialNumber: [    13d25c]

]
  Algorithm: [SHA256withRSA]
  Signature:
0000: D5 CA 27 9F B5 A3 7B 26   F8 A7 31 15 6A 72 59 12  ..'....&..1.jrY.
0010: FC 43 F4 5E 31 23 6D 18   D8 BB 7A DD 74 D8 5D 04  .C.^1#m...z.t.].
0020: A1 33 CF DE 8F 69 C8 56   5A F4 52 87 38 7C 25 38  .3...i.VZ.R.8.%8
0030: B5 23 49 8D 17 A4 90 99   B2 A8 78 83 EC 30 70 0B  .#I.......x..0p.
0040: E1 FE BC 10 15 3D D5 0B   7D 71 3E 97 34 32 66 26  .....=...q>.42f&
0050: ED A6 91 BE 01 D8 CF 5D   C4 45 67 96 44 3C 0E B5  .......].Eg.D<..
0060: 80 88 D6 37 40 3B AE 11   BC 2C 5B 79 71 12 0C 47  ...7@;...,[yq..G
0070: 4F CD 5B 16 3A D2 CC 78   63 12 62 BB FF 72 27 F8  O.[.:..xc.b..r'.

] from file:/home/runner/work/ozone/ozone/hadoop-hdds/container-service/target/test-dir/PjBx01n9A5/dn/certs/CA-1299036.crt.
2023-01-06 09:52:04,171 [CertificateLifetimeMonitor] INFO  client.DNCertificateClient (DefaultCertificateClient.java:reloadKeyAndCertificate(1333)) - Reset and reload key and all certificates.
2023-01-06 09:52:04,324 [CertificateLifetimeMonitor] INFO  client.DNCertificateClient (DefaultCertificateClient.java:run(1410)) - Current certificate has entered the expiry grace period PT0S. Starting renew key and certs.
2023-01-06 09:52:04,324 [CertificateLifetimeMonitor] INFO  client.DNCertificateClient (DefaultCertificateClient.java:run(1410)) - Current certificate has entered the expiry grace period PT0S. Starting renew key and certs.
2023-01-06 09:52:04,326 [CertificateLifetimeMonitor] INFO  client.DNCertificateClient (DefaultCertificateClient.java:run(1410)) - Current certificate has entered the expiry grace period PT0S. Starting renew key and certs.
2023-01-06 09:52:04,330 [CertificateLifetimeMonitor] INFO  client.DNCertificateClient (DefaultCertificateClient.java:run(1410)) - Current certificate has entered the expiry grace period PT0S. Starting renew key and certs.
2023-01-06 09:52:04,598 [CertificateLifetimeMonitor] ERROR client.DNCertificateClient (DefaultCertificateClient.java:createKeyPair(967)) - Error while bootstrapping certificate client.
java.io.IOException: Private key already exist.
	at org.apache.hadoop.hdds.security.x509.keys.KeyCodec.writePublicKey(KeyCodec.java:197)
	at org.apache.hadoop.hdds.security.x509.certificate.client.DefaultCertificateClient.createKeyPair(DefaultCertificateClient.java:963)
	at org.apache.hadoop.hdds.security.x509.certificate.client.DefaultCertificateClient.renewAndStoreKeyAndCertificate(DefaultCertificateClient.java:1172)
	at org.apache.hadoop.hdds.security.x509.certificate.client.DefaultCertificateClient$CertificateLifetimeMonitor.run(DefaultCertificateClient.java:1413)
	at java.util.concurrent.Executors$RunnableAdapter.call(Executors.java:511)
	at java.util.concurrent.FutureTask.runAndReset(FutureTask.java:308)
	at java.util.concurrent.ScheduledThreadPoolExecutor$ScheduledFutureTask.access$301(ScheduledThreadPoolExecutor.java:180)
	at java.util.concurrent.ScheduledThreadPoolExecutor$ScheduledFutureTask.run(ScheduledThreadPoolExecutor.java:294)
	at java.util.concurrent.ThreadPoolExecutor.runWorker(ThreadPoolExecutor.java:1149)
	at java.util.concurrent.ThreadPoolExecutor$Worker.run(ThreadPoolExecutor.java:624)
	at java.lang.Thread.run(Thread.java:750)
2023-01-06 09:52:04,606 [CertificateLifetimeMonitor] ERROR client.DNCertificateClient (DefaultCertificateClient.java:run(1423)) - Failed to renew and store key and cert. Keep using existing certificates.
org.apache.hadoop.hdds.security.x509.exceptions.CertificateException: Error while creating new key pair.
	at org.apache.hadoop.hdds.security.x509.certificate.client.DefaultCertificateClient.renewAndStoreKeyAndCertificate(DefaultCertificateClient.java:1174)
	at org.apache.hadoop.hdds.security.x509.certificate.client.DefaultCertificateClient$CertificateLifetimeMonitor.run(DefaultCertificateClient.java:1413)
	at java.util.concurrent.Executors$RunnableAdapter.call(Executors.java:511)
	at java.util.concurrent.FutureTask.runAndReset(FutureTask.java:308)
	at java.util.concurrent.ScheduledThreadPoolExecutor$ScheduledFutureTask.access$301(ScheduledThreadPoolExecutor.java:180)
	at java.util.concurrent.ScheduledThreadPoolExecutor$ScheduledFutureTask.run(ScheduledThreadPoolExecutor.java:294)
	at java.util.concurrent.ThreadPoolExecutor.runWorker(ThreadPoolExecutor.java:1149)
	at java.util.concurrent.ThreadPoolExecutor$Worker.run(ThreadPoolExecutor.java:624)
	at java.lang.Thread.run(Thread.java:750)
Caused by: org.apache.hadoop.hdds.security.x509.exceptions.CertificateException: Error while bootstrapping certificate.
	at org.apache.hadoop.hdds.security.x509.certificate.client.DefaultCertificateClient.createKeyPair(DefaultCertificateClient.java:968)
	at org.apache.hadoop.hdds.security.x509.certificate.client.DefaultCertificateClient.renewAndStoreKeyAndCertificate(DefaultCertificateClient.java:1172)
	... 8 more
2023-01-06 09:52:04,606 [CertificateLifetimeMonitor] INFO  ozone.OzoneSecurityUtil (OzoneSecurityUtil.java:getValidInetsForCurrentHost(119)) - ip:fe80:0:0:0:20d:3aff:fef6:a12e%eth0 not returned.
2023-01-06 09:52:04,607 [CertificateLifetimeMonitor] INFO  ozone.OzoneSecurityUtil (OzoneSecurityUtil.java:getValidInetsForCurrentHost(116)) - Adding ip:10.1.0.8,host:fv-az844-354.kvdfyhrxhd0epk3sa4trub4njc.xx.internal.cloudapp.net
2023-01-06 09:52:04,607 [CertificateLifetimeMonitor] INFO  ozone.OzoneSecurityUtil (OzoneSecurityUtil.java:getValidInetsForCurrentHost(119)) - ip:0:0:0:0:0:0:0:1%lo not returned.
2023-01-06 09:52:04,607 [CertificateLifetimeMonitor] INFO  ozone.OzoneSecurityUtil (OzoneSecurityUtil.java:getValidInetsForCurrentHost(119)) - ip:127.0.0.1 not returned.
2023-01-06 09:52:04,607 [CertificateLifetimeMonitor] INFO  client.DNCertificateClient (DNCertificateClient.java:getCSRBuilder(98)) - Created csr for DN-> subject:runner@fv-az844-354.kvdfyhrxhd0epk3sa4trub4njc.xx.internal.cloudapp.net
2023-01-06 09:52:04,612 [CertificateLifetimeMonitor] INFO  client.DNCertificateClient (DefaultCertificateClient.java:renewAndStoreKeyAndCertificate(1261)) - Successful renew key and certificate. New certificate 1268720.
2023-01-06 09:52:04,612 [CertificateLifetimeMonitor] INFO  client.DNCertificateClient (DefaultCertificateClient.java:loadAllCertificates(177)) - Loading certificate from location:/home/runner/work/ozone/ozone/hadoop-hdds/container-service/target/test-dir/PjBx01n9A5/dn/certs.
2023-01-06 09:52:04,626 [CertificateLifetimeMonitor] INFO  client.DNCertificateClient (DefaultCertificateClient.java:loadAllCertificates(218)) - Added certificate [
[
  Version: V3
  Subject: O=cluster, OU=test, CN=localhost
  Signature Algorithm: SHA256withRSA, OID = 1.2.840.113549.1.1.11

  Key:  Sun RSA public key, 1024 bits
  params: null
  modulus: 150092031165576426679700237617878565485911947094914021810663713109956067860868209403334001280832549679241018388414789782839400372568743004462524586154001709991528136639785600016690625697143787723140421483756396113762321028462715944410846530529696573812721351226482481952959150246836287820567443103793495406439
  public exponent: 65537
  Validity: [From: Fri Jan 06 09:51:38 UTC 2023,
               To: Fri Jan 06 09:51:53 UTC 2023]
  Issuer: O=cluster, OU=test, CN=localhost
  SerialNumber: [    135bf0]

]
  Algorithm: [SHA256withRSA]
  Signature:
0000: 28 53 95 F2 7E AF 94 BD   A2 7B 0C 3E 86 21 55 F1  (S.........>.!U.
0010: 9C 8C 42 EF 40 BE 4B 56   BA B9 E9 54 15 66 56 14  ..B.@.KV...T.fV.
0020: 9C 61 F6 46 7C FD 9E 79   A0 C5 A3 99 09 97 3E A0  .a.F...y......>.
0030: BE F1 D1 E0 BB 2E 58 A3   49 8C FC 8E B6 97 35 CA  ......X.I.....5.
0040: 9C C6 4E 0A 5C 21 CE 6A   9C 20 5E 87 43 06 DB DF  ..N.\!.j. ^.C...
0050: 3C E0 11 96 7C 9B 27 8B   60 BC 5D 21 25 E2 1A 4B  <.....'.`.]!%..K
0060: 3B 68 43 ED 37 82 D7 60   32 9E C2 CD 05 10 DC F1  ;hC.7..`2.......
0070: F4 F1 46 4C ED E8 9E C3   1E 34 C8 89 E3 25 17 3A  ..FL.....4...%.:

] from file:/home/runner/work/ozone/ozone/hadoop-hdds/container-service/target/test-dir/PjBx01n9A5/dn/certs/1268720.crt.
2023-01-06 09:52:04,627 [CertificateLifetimeMonitor] INFO  client.DNCertificateClient (DefaultCertificateClient.java:loadAllCertificates(218)) - Added certificate [
[
  Version: V3
  Subject: O=cluster, OU=test, CN=localhost
  Signature Algorithm: SHA256withRSA, OID = 1.2.840.113549.1.1.11

  Key:  Sun RSA public key, 1024 bits
  params: null
  modulus: 150092031165576426679700237617878565485911947094914021810663713109956067860868209403334001280832549679241018388414789782839400372568743004462524586154001709991528136639785600016690625697143787723140421483756396113762321028462715944410846530529696573812721351226482481952959150246836287820567443103793495406439
  public exponent: 65537
  Validity: [From: Fri Jan 06 09:51:38 UTC 2023,
               To: Fri Jan 06 09:51:53 UTC 2023]
  Issuer: O=cluster, OU=test, CN=localhost
  SerialNumber: [    135bf0]

]
  Algorithm: [SHA256withRSA]
  Signature:
0000: 28 53 95 F2 7E AF 94 BD   A2 7B 0C 3E 86 21 55 F1  (S.........>.!U.
0010: 9C 8C 42 EF 40 BE 4B 56   BA B9 E9 54 15 66 56 14  ..B.@.KV...T.fV.
0020: 9C 61 F6 46 7C FD 9E 79   A0 C5 A3 99 09 97 3E A0  .a.F...y......>.
0030: BE F1 D1 E0 BB 2E 58 A3   49 8C FC 8E B6 97 35 CA  ......X.I.....5.
0040: 9C C6 4E 0A 5C 21 CE 6A   9C 20 5E 87 43 06 DB DF  ..N.\!.j. ^.C...
0050: 3C E0 11 96 7C 9B 27 8B   60 BC 5D 21 25 E2 1A 4B  <.....'.`.]!%..K
0060: 3B 68 43 ED 37 82 D7 60   32 9E C2 CD 05 10 DC F1  ;hC.7..`2.......
0070: F4 F1 46 4C ED E8 9E C3   1E 34 C8 89 E3 25 17 3A  ..FL.....4...%.:

] from file:/home/runner/work/ozone/ozone/hadoop-hdds/container-service/target/test-dir/PjBx01n9A5/dn/certs/CA-1268720.crt.
2023-01-06 09:52:04,628 [CertificateLifetimeMonitor] INFO  client.DNCertificateClient (DefaultCertificateClient.java:loadAllCertificates(218)) - Added certificate [
[
  Version: V3
  Subject: O=cluster, OU=test, CN=localhost
  Signature Algorithm: SHA256withRSA, OID = 1.2.840.113549.1.1.11

  Key:  Sun RSA public key, 1024 bits
  params: null
  modulus: 150092031165576426679700237617878565485911947094914021810663713109956067860868209403334001280832549679241018388414789782839400372568743004462524586154001709991528136639785600016690625697143787723140421483756396113762321028462715944410846530529696573812721351226482481952959150246836287820567443103793495406439
  public exponent: 65537
  Validity: [From: Fri Jan 06 09:51:38 UTC 2023,
               To: Fri Jan 06 09:51:53 UTC 2023]
  Issuer: O=cluster, OU=test, CN=localhost
  SerialNumber: [    135bf0]

]
  Algorithm: [SHA256withRSA]
  Signature:
0000: 28 53 95 F2 7E AF 94 BD   A2 7B 0C 3E 86 21 55 F1  (S.........>.!U.
0010: 9C 8C 42 EF 40 BE 4B 56   BA B9 E9 54 15 66 56 14  ..B.@.KV...T.fV.
0020: 9C 61 F6 46 7C FD 9E 79   A0 C5 A3 99 09 97 3E A0  .a.F...y......>.
0030: BE F1 D1 E0 BB 2E 58 A3   49 8C FC 8E B6 97 35 CA  ......X.I.....5.
0040: 9C C6 4E 0A 5C 21 CE 6A   9C 20 5E 87 43 06 DB DF  ..N.\!.j. ^.C...
0050: 3C E0 11 96 7C 9B 27 8B   60 BC 5D 21 25 E2 1A 4B  <.....'.`.]!%..K
0060: 3B 68 43 ED 37 82 D7 60   32 9E C2 CD 05 10 DC F1  ;hC.7..`2.......
0070: F4 F1 46 4C ED E8 9E C3   1E 34 C8 89 E3 25 17 3A  ..FL.....4...%.:

] from file:/home/runner/work/ozone/ozone/hadoop-hdds/container-service/target/test-dir/PjBx01n9A5/dn/certs/ROOTCA-1268720.crt.
2023-01-06 09:52:04,629 [CertificateLifetimeMonitor] INFO  client.DNCertificateClient (DefaultCertificateClient.java:reloadKeyAndCertificate(1333)) - Reset and reload key and all certificates.
2023-01-06 09:52:04,657 [CertificateLifetimeMonitor] ERROR client.DNCertificateClient (DefaultCertificateClient.java:createKeyPair(967)) - Error while bootstrapping certificate client.
java.nio.file.NoSuchFileException: /home/runner/work/ozone/ozone/hadoop-hdds/container-service/target/test-dir/PjBx01n9A5/dn/keys-next/public.pem
	at sun.nio.fs.UnixException.translateToIOException(UnixException.java:86)
	at sun.nio.fs.UnixException.rethrowAsIOException(UnixException.java:102)
	at sun.nio.fs.UnixException.rethrowAsIOException(UnixException.java:107)
	at sun.nio.fs.UnixFileSystemProvider.newByteChannel(UnixFileSystemProvider.java:214)
	at java.nio.file.spi.FileSystemProvider.newOutputStream(FileSystemProvider.java:434)
	at java.nio.file.Files.newOutputStream(Files.java:216)
	at org.apache.commons.io.output.FileWriterWithEncoding.initWriter(FileWriterWithEncoding.java:230)
	at org.apache.commons.io.output.FileWriterWithEncoding.<init>(FileWriterWithEncoding.java:184)
	at org.apache.commons.io.output.FileWriterWithEncoding.<init>(FileWriterWithEncoding.java:171)
	at org.apache.hadoop.hdds.security.x509.keys.KeyCodec.writePublicKey(KeyCodec.java:200)
	at org.apache.hadoop.hdds.security.x509.certificate.client.DefaultCertificateClient.createKeyPair(DefaultCertificateClient.java:963)
	at org.apache.hadoop.hdds.security.x509.certificate.client.DefaultCertificateClient.renewAndStoreKeyAndCertificate(DefaultCertificateClient.java:1172)
	at org.apache.hadoop.hdds.security.x509.certificate.client.DefaultCertificateClient$CertificateLifetimeMonitor.run(DefaultCertificateClient.java:1413)
	at java.util.concurrent.Executors$RunnableAdapter.call(Executors.java:511)
	at java.util.concurrent.FutureTask.runAndReset(FutureTask.java:308)
	at java.util.concurrent.ScheduledThreadPoolExecutor$ScheduledFutureTask.access$301(ScheduledThreadPoolExecutor.java:180)
	at java.util.concurrent.ScheduledThreadPoolExecutor$ScheduledFutureTask.run(ScheduledThreadPoolExecutor.java:294)
	at java.util.concurrent.ThreadPoolExecutor.runWorker(ThreadPoolExecutor.java:1149)
	at java.util.concurrent.ThreadPoolExecutor$Worker.run(ThreadPoolExecutor.java:624)
	at java.lang.Thread.run(Thread.java:750)
2023-01-06 09:52:04,658 [CertificateLifetimeMonitor] ERROR client.DNCertificateClient (DefaultCertificateClient.java:run(1423)) - Failed to renew and store key and cert. Keep using existing certificates.
org.apache.hadoop.hdds.security.x509.exceptions.CertificateException: Error while creating new key pair.
	at org.apache.hadoop.hdds.security.x509.certificate.client.DefaultCertificateClient.renewAndStoreKeyAndCertificate(DefaultCertificateClient.java:1174)
	at org.apache.hadoop.hdds.security.x509.certificate.client.DefaultCertificateClient$CertificateLifetimeMonitor.run(DefaultCertificateClient.java:1413)
	at java.util.concurrent.Executors$RunnableAdapter.call(Executors.java:511)
	at java.util.concurrent.FutureTask.runAndReset(FutureTask.java:308)
	at java.util.concurrent.ScheduledThreadPoolExecutor$ScheduledFutureTask.access$301(ScheduledThreadPoolExecutor.java:180)
	at java.util.concurrent.ScheduledThreadPoolExecutor$ScheduledFutureTask.run(ScheduledThreadPoolExecutor.java:294)
	at java.util.concurrent.ThreadPoolExecutor.runWorker(ThreadPoolExecutor.java:1149)
	at java.util.concurrent.ThreadPoolExecutor$Worker.run(ThreadPoolExecutor.java:624)
	at java.lang.Thread.run(Thread.java:750)
Caused by: org.apache.hadoop.hdds.security.x509.exceptions.CertificateException: Error while bootstrapping certificate.
	at org.apache.hadoop.hdds.security.x509.certificate.client.DefaultCertificateClient.createKeyPair(DefaultCertificateClient.java:968)
	at org.apache.hadoop.hdds.security.x509.certificate.client.DefaultCertificateClient.renewAndStoreKeyAndCertificate(DefaultCertificateClient.java:1172)
	... 8 more
2023-01-06 09:52:05,011 [CertificateLifetimeMonitor] ERROR client.DNCertificateClient (DefaultCertificateClient.java:createKeyPair(967)) - Error while bootstrapping certificate client.
java.nio.file.NoSuchFileException: /home/runner/work/ozone/ozone/hadoop-hdds/container-service/target/test-dir/PjBx01n9A5/dn/keys-next/public.pem
	at sun.nio.fs.UnixException.translateToIOException(UnixException.java:86)
	at sun.nio.fs.UnixException.rethrowAsIOException(UnixException.java:102)
	at sun.nio.fs.UnixException.rethrowAsIOException(UnixException.java:107)
	at sun.nio.fs.UnixFileSystemProvider.newByteChannel(UnixFileSystemProvider.java:214)
	at java.nio.file.spi.FileSystemProvider.newOutputStream(FileSystemProvider.java:434)
	at java.nio.file.Files.newOutputStream(Files.java:216)
	at org.apache.commons.io.output.FileWriterWithEncoding.initWriter(FileWriterWithEncoding.java:230)
	at org.apache.commons.io.output.FileWriterWithEncoding.<init>(FileWriterWithEncoding.java:184)
	at org.apache.commons.io.output.FileWriterWithEncoding.<init>(FileWriterWithEncoding.java:171)
	at org.apache.hadoop.hdds.security.x509.keys.KeyCodec.writePublicKey(KeyCodec.java:200)
	at org.apache.hadoop.hdds.security.x509.certificate.client.DefaultCertificateClient.createKeyPair(DefaultCertificateClient.java:963)
	at org.apache.hadoop.hdds.security.x509.certificate.client.DefaultCertificateClient.renewAndStoreKeyAndCertificate(DefaultCertificateClient.java:1172)
	at org.apache.hadoop.hdds.security.x509.certificate.client.DefaultCertificateClient$CertificateLifetimeMonitor.run(DefaultCertificateClient.java:1413)
	at java.util.concurrent.Executors$RunnableAdapter.call(Executors.java:511)
	at java.util.concurrent.FutureTask.runAndReset(FutureTask.java:308)
	at java.util.concurrent.ScheduledThreadPoolExecutor$ScheduledFutureTask.access$301(ScheduledThreadPoolExecutor.java:180)
	at java.util.concurrent.ScheduledThreadPoolExecutor$ScheduledFutureTask.run(ScheduledThreadPoolExecutor.java:294)
	at java.util.concurrent.ThreadPoolExecutor.runWorker(ThreadPoolExecutor.java:1149)
	at java.util.concurrent.ThreadPoolExecutor$Worker.run(ThreadPoolExecutor.java:624)
	at java.lang.Thread.run(Thread.java:750)
2023-01-06 09:52:05,014 [CertificateLifetimeMonitor] ERROR client.DNCertificateClient (DefaultCertificateClient.java:run(1423)) - Failed to renew and store key and cert. Keep using existing certificates.
org.apache.hadoop.hdds.security.x509.exceptions.CertificateException: Error while creating new key pair.
	at org.apache.hadoop.hdds.security.x509.certificate.client.DefaultCertificateClient.renewAndStoreKeyAndCertificate(DefaultCertificateClient.java:1174)
	at org.apache.hadoop.hdds.security.x509.certificate.client.DefaultCertificateClient$CertificateLifetimeMonitor.run(DefaultCertificateClient.java:1413)
	at java.util.concurrent.Executors$RunnableAdapter.call(Executors.java:511)
	at java.util.concurrent.FutureTask.runAndReset(FutureTask.java:308)
	at java.util.concurrent.ScheduledThreadPoolExecutor$ScheduledFutureTask.access$301(ScheduledThreadPoolExecutor.java:180)
	at java.util.concurrent.ScheduledThreadPoolExecutor$ScheduledFutureTask.run(ScheduledThreadPoolExecutor.java:294)
	at java.util.concurrent.ThreadPoolExecutor.runWorker(ThreadPoolExecutor.java:1149)
	at java.util.concurrent.ThreadPoolExecutor$Worker.run(ThreadPoolExecutor.java:624)
	at java.lang.Thread.run(Thread.java:750)
Caused by: org.apache.hadoop.hdds.security.x509.exceptions.CertificateException: Error while bootstrapping certificate.
	at org.apache.hadoop.hdds.security.x509.certificate.client.DefaultCertificateClient.createKeyPair(DefaultCertificateClient.java:968)
	at org.apache.hadoop.hdds.security.x509.certificate.client.DefaultCertificateClient.renewAndStoreKeyAndCertificate(DefaultCertificateClient.java:1172)
	... 8 more
]]></system-out>
  </testcase>
</testsuite>