<?xml version="1.0" encoding="UTF-8"?>
<testsuite xmlns:xsi="http://www.w3.org/2001/XMLSchema-instance" xsi:noNamespaceSchemaLocation="https://maven.apache.org/surefire/maven-surefire-plugin/xsd/surefire-test-report-3.0.xsd" version="3.0" name="org.apache.hadoop.ozone.freon.TestRandomKeyGenerator" time="84.444" tests="7" errors="0" skipped="0" failures="1">
  <properties>
    <property name="awt.toolkit" value="sun.awt.X11.XToolkit"/>
    <property name="file.encoding.pkg" value="sun.io"/>
    <property name="java.specification.version" value="1.8"/>
    <property name="sun.cpu.isalist" value=""/>
    <property name="sun.jnu.encoding" value="UTF-8"/>
    <property name="java.class.path" value="/home/runner/work/ozone/ozone/hadoop-ozone/integration-test/target/test-classes:/home/runner/work/ozone/ozone/hadoop-ozone/integration-test/target/classes:/home/runner/.m2/repository/org/apache/ozone/ozone-common/1.4.0-SNAPSHOT/ozone-common-1.4.0-SNAPSHOT.jar:/home/runner/.m2/repository/io/grpc/grpc-netty/1.51.1/grpc-netty-1.51.1.jar:/home/runner/.m2/repository/io/grpc/grpc-core/1.51.1/grpc-core-1.51.1.jar:/home/runner/.m2/repository/com/google/android/annotations/4.1.1.4/annotations-4.1.1.4.jar:/home/runner/.m2/repository/org/codehaus/mojo/animal-sniffer-annotations/1.21/animal-sniffer-annotations-1.21.jar:/home/runner/.m2/repository/com/google/errorprone/error_prone_annotations/2.2.0/error_prone_annotations-2.2.0.jar:/home/runner/.m2/repository/io/perfmark/perfmark-api/0.25.0/perfmark-api-0.25.0.jar:/home/runner/.m2/repository/io/netty/netty-codec-http2/4.1.86.Final/netty-codec-http2-4.1.86.Final.jar:/home/runner/.m2/repository/io/netty/netty-common/4.1.86.Final/netty-common-4.1.86.Final.jar:/home/runner/.m2/repository/io/netty/netty-buffer/4.1.86.Final/netty-buffer-4.1.86.Final.jar:/home/runner/.m2/repository/io/netty/netty-codec-http/4.1.86.Final/netty-codec-http-4.1.86.Final.jar:/home/runner/.m2/repository/io/netty/netty-handler-proxy/4.1.86.Final/netty-handler-proxy-4.1.86.Final.jar:/home/runner/.m2/repository/io/netty/netty-codec-socks/4.1.86.Final/netty-codec-socks-4.1.86.Final.jar:/home/runner/.m2/repository/io/netty/netty-tcnative-boringssl-static/2.0.54.Final/netty-tcnative-boringssl-static-2.0.54.Final.jar:/home/runner/.m2/repository/io/netty/netty-tcnative-classes/2.0.54.Final/netty-tcnative-classes-2.0.54.Final.jar:/home/runner/.m2/repository/io/netty/netty-tcnative-boringssl-static/2.0.54.Final/netty-tcnative-boringssl-static-2.0.54.Final-linux-x86_64.jar:/home/runner/.m2/repository/io/netty/netty-tcnative-boringssl-static/2.0.54.Final/netty-tcnative-boringssl-static-2.0.54.Final-linux-aarch_64.jar:/home/runner/.m2/repository/io/netty/netty-tcnative-boringssl-static/2.0.54.Final/netty-tcnative-boringssl-static-2.0.54.Final-osx-x86_64.jar:/home/runner/.m2/repository/io/netty/netty-tcnative-boringssl-static/2.0.54.Final/netty-tcnative-boringssl-static-2.0.54.Final-osx-aarch_64.jar:/home/runner/.m2/repository/io/netty/netty-tcnative-boringssl-static/2.0.54.Final/netty-tcnative-boringssl-static-2.0.54.Final-windows-x86_64.jar:/home/runner/.m2/repository/org/apache/commons/commons-compress/1.21/commons-compress-1.21.jar:/home/runner/.m2/repository/org/apache/ozone/hdds-common/1.4.0-SNAPSHOT/hdds-common-1.4.0-SNAPSHOT.jar:/home/runner/.m2/repository/org/apache/ozone/hdds-client/1.4.0-SNAPSHOT/hdds-client-1.4.0-SNAPSHOT.jar:/home/runner/.m2/repository/org/apache/ozone/ozone-interface-client/1.4.0-SNAPSHOT/ozone-interface-client-1.4.0-SNAPSHOT.jar:/home/runner/.m2/repository/org/apache/hadoop/hadoop-hdfs-client/3.3.5/hadoop-hdfs-client-3.3.5.jar:/home/runner/.m2/repository/com/squareup/okhttp3/okhttp/4.9.3/okhttp-4.9.3.jar:/home/runner/.m2/repository/com/squareup/okio/okio/2.8.0/okio-2.8.0.jar:/home/runner/.m2/repository/org/jetbrains/kotlin/kotlin-stdlib-common/1.6.21/kotlin-stdlib-common-1.6.21.jar:/home/runner/.m2/repository/org/apache/ozone/hdds-test-utils/1.4.0-SNAPSHOT/hdds-test-utils-1.4.0-SNAPSHOT.jar:/home/runner/.m2/repository/com/google/guava/guava/31.1-jre/guava-31.1-jre.jar:/home/runner/.m2/repository/com/google/guava/failureaccess/1.0.1/failureaccess-1.0.1.jar:/home/runner/.m2/repository/com/google/guava/listenablefuture/9999.0-empty-to-avoid-conflict-with-guava/listenablefuture-9999.0-empty-to-avoid-conflict-with-guava.jar:/home/runner/.m2/repository/com/google/code/findbugs/jsr305/3.0.0/jsr305-3.0.0.jar:/home/runner/.m2/repository/org/checkerframework/checker-qual/3.12.0/checker-qual-3.12.0.jar:/home/runner/.m2/repository/com/google/j2objc/j2objc-annotations/1.3/j2objc-annotations-1.3.jar:/home/runner/.m2/repository/commons-io/commons-io/2.11.0/commons-io-2.11.0.jar:/home/runner/.m2/repository/commons-logging/commons-logging/1.2/commons-logging-1.2.jar:/home/runner/.m2/repository/ch/qos/reload4j/reload4j/1.2.22/reload4j-1.2.22.jar:/home/runner/.m2/repository/org/slf4j/slf4j-api/1.7.36/slf4j-api-1.7.36.jar:/home/runner/.m2/repository/org/apache/ozone/hdds-server-scm/1.4.0-SNAPSHOT/hdds-server-scm-1.4.0-SNAPSHOT.jar:/home/runner/.m2/repository/org/apache/ozone/hdds-container-service/1.4.0-SNAPSHOT/hdds-container-service-1.4.0-SNAPSHOT.jar:/home/runner/.m2/repository/org/apache/ozone/hdds-hadoop-dependency-server/1.4.0-SNAPSHOT/hdds-hadoop-dependency-server-1.4.0-SNAPSHOT.jar:/home/runner/.m2/repository/org/apache/hadoop/hadoop-hdfs/3.3.5/hadoop-hdfs-3.3.5.jar:/home/runner/.m2/repository/commons-daemon/commons-daemon/1.0.13/commons-daemon-1.0.13.jar:/home/runner/.m2/repository/org/apache/ozone/hdds-server-framework/1.4.0-SNAPSHOT/hdds-server-framework-1.4.0-SNAPSHOT.jar:/home/runner/.m2/repository/io/dropwizard/metrics/metrics-core/3.2.4/metrics-core-3.2.4.jar:/home/runner/.m2/repository/org/apache/commons/commons-text/1.4/commons-text-1.4.jar:/home/runner/.m2/repository/org/bouncycastle/bcprov-jdk15on/1.67/bcprov-jdk15on-1.67.jar:/home/runner/.m2/repository/com/google/protobuf/protobuf-java/2.5.0/protobuf-java-2.5.0.jar:/home/runner/.m2/repository/org/apache/ozone/hdds-server-framework/1.4.0-SNAPSHOT/hdds-server-framework-1.4.0-SNAPSHOT-tests.jar:/home/runner/.m2/repository/org/apache/ozone/hdds-interface-server/1.4.0-SNAPSHOT/hdds-interface-server-1.4.0-SNAPSHOT.jar:/home/runner/.m2/repository/org/apache/ozone/hdds-interface-admin/1.4.0-SNAPSHOT/hdds-interface-admin-1.4.0-SNAPSHOT.jar:/home/runner/.m2/repository/org/apache/ozone/hdds-managed-rocksdb/1.4.0-SNAPSHOT/hdds-managed-rocksdb-1.4.0-SNAPSHOT.jar:/home/runner/.m2/repository/org/rocksdb/rocksdbjni/7.7.3/rocksdbjni-7.7.3.jar:/home/runner/.m2/repository/org/slf4j/slf4j-reload4j/1.7.36/slf4j-reload4j-1.7.36.jar:/home/runner/.m2/repository/org/apache/commons/commons-configuration2/2.1.1/commons-configuration2-2.1.1.jar:/home/runner/.m2/repository/org/apache/logging/log4j/log4j-core/2.17.1/log4j-core-2.17.1.jar:/home/runner/.m2/repository/com/lmax/disruptor/3.4.2/disruptor-3.4.2.jar:/home/runner/.m2/repository/org/eclipse/jetty/jetty-util/9.4.51.v20230217/jetty-util-9.4.51.v20230217.jar:/home/runner/.m2/repository/org/eclipse/jetty/jetty-server/9.4.51.v20230217/jetty-server-9.4.51.v20230217.jar:/home/runner/.m2/repository/org/eclipse/jetty/jetty-http/9.4.51.v20230217/jetty-http-9.4.51.v20230217.jar:/home/runner/.m2/repository/org/eclipse/jetty/jetty-io/9.4.51.v20230217/jetty-io-9.4.51.v20230217.jar:/home/runner/.m2/repository/org/eclipse/jetty/jetty-servlet/9.4.51.v20230217/jetty-servlet-9.4.51.v20230217.jar:/home/runner/.m2/repository/org/eclipse/jetty/jetty-security/9.4.51.v20230217/jetty-security-9.4.51.v20230217.jar:/home/runner/.m2/repository/org/eclipse/jetty/jetty-util-ajax/9.4.51.v20230217/jetty-util-ajax-9.4.51.v20230217.jar:/home/runner/.m2/repository/org/eclipse/jetty/jetty-webapp/9.4.51.v20230217/jetty-webapp-9.4.51.v20230217.jar:/home/runner/.m2/repository/org/eclipse/jetty/jetty-xml/9.4.51.v20230217/jetty-xml-9.4.51.v20230217.jar:/home/runner/.m2/repository/org/apache/ratis/ratis-server/2.4.2-8b8bdda-SNAPSHOT/ratis-server-2.4.2-8b8bdda-SNAPSHOT.jar:/home/runner/.m2/repository/org/apache/ratis/ratis-thirdparty-misc/1.0.3/ratis-thirdparty-misc-1.0.3.jar:/home/runner/.m2/repository/org/apache/ratis/ratis-proto/2.4.2-8b8bdda-SNAPSHOT/ratis-proto-2.4.2-8b8bdda-SNAPSHOT.jar:/home/runner/.m2/repository/org/apache/ratis/ratis-common/2.4.2-8b8bdda-SNAPSHOT/ratis-common-2.4.2-8b8bdda-SNAPSHOT.jar:/home/runner/.m2/repository/org/apache/ratis/ratis-client/2.4.2-8b8bdda-SNAPSHOT/ratis-client-2.4.2-8b8bdda-SNAPSHOT.jar:/home/runner/.m2/repository/org/apache/ratis/ratis-server-api/2.4.2-8b8bdda-SNAPSHOT/ratis-server-api-2.4.2-8b8bdda-SNAPSHOT.jar:/home/runner/.m2/repository/org/apache/ratis/ratis-metrics/2.4.2-8b8bdda-SNAPSHOT/ratis-metrics-2.4.2-8b8bdda-SNAPSHOT.jar:/home/runner/.m2/repository/io/prometheus/simpleclient_dropwizard/0.7.0/simpleclient_dropwizard-0.7.0.jar:/home/runner/.m2/repository/io/prometheus/simpleclient/0.7.0/simpleclient-0.7.0.jar:/home/runner/.m2/repository/io/prometheus/simpleclient_common/0.7.0/simpleclient_common-0.7.0.jar:/home/runner/.m2/repository/com/fasterxml/jackson/datatype/jackson-datatype-jsr310/2.13.4/jackson-datatype-jsr310-2.13.4.jar:/home/runner/.m2/repository/com/fasterxml/jackson/core/jackson-core/2.13.4/jackson-core-2.13.4.jar:/home/runner/.m2/repository/com/github/spotbugs/spotbugs-annotations/3.1.12/spotbugs-annotations-3.1.12.jar:/home/runner/.m2/repository/org/apache/ozone/rocksdb-checkpoint-differ/1.4.0-SNAPSHOT/rocksdb-checkpoint-differ-1.4.0-SNAPSHOT.jar:/home/runner/.m2/repository/org/awaitility/awaitility/4.2.0/awaitility-4.2.0.jar:/home/runner/.m2/repository/org/hamcrest/hamcrest/2.1/hamcrest-2.1.jar:/home/runner/.m2/repository/org/apache/ozone/ozone-manager/1.4.0-SNAPSHOT/ozone-manager-1.4.0-SNAPSHOT.jar:/home/runner/.m2/repository/org/aspectj/aspectjrt/1.9.7/aspectjrt-1.9.7.jar:/home/runner/.m2/repository/org/aspectj/aspectjweaver/1.9.7/aspectjweaver-1.9.7.jar:/home/runner/.m2/repository/org/apache/ozone/hdds-interface-client/1.4.0-SNAPSHOT/hdds-interface-client-1.4.0-SNAPSHOT.jar:/home/runner/.m2/repository/org/apache/hadoop/thirdparty/hadoop-shaded-protobuf_3_7/1.1.1/hadoop-shaded-protobuf_3_7-1.1.1.jar:/home/runner/.m2/repository/org/apache/ozone/ozone-interface-storage/1.4.0-SNAPSHOT/ozone-interface-storage-1.4.0-SNAPSHOT.jar:/home/runner/.m2/repository/org/reflections/reflections/0.9.11/reflections-0.9.11.jar:/home/runner/.m2/repository/com/sun/jersey/jersey-client/1.19/jersey-client-1.19.jar:/home/runner/.m2/repository/org/codehaus/jackson/jackson-core-asl/1.9.13/jackson-core-asl-1.9.13.jar:/home/runner/.m2/repository/org/codehaus/jackson/jackson-mapper-asl/1.9.13/jackson-mapper-asl-1.9.13.jar:/home/runner/.m2/repository/org/codehaus/jackson/jackson-jaxrs/1.9.13/jackson-jaxrs-1.9.13.jar:/home/runner/.m2/repository/org/apache/ranger/ranger-intg/2.3.0/ranger-intg-2.3.0.jar:/home/runner/.m2/repository/org/apache/ranger/ranger-plugins-common/2.3.0/ranger-plugins-common-2.3.0.jar:/home/runner/.m2/repository/commons-lang/commons-lang/2.6/commons-lang-2.6.jar:/home/runner/.m2/repository/org/apache/ranger/ranger-plugins-cred/2.3.0/ranger-plugins-cred-2.3.0.jar:/home/runner/.m2/repository/org/apache/ranger/ranger-plugins-audit/2.3.0/ranger-plugins-audit-2.3.0.jar:/home/runner/.m2/repository/org/eclipse/jetty/jetty-client/9.4.51.v20230217/jetty-client-9.4.51.v20230217.jar:/home/runner/.m2/repository/org/apache/httpcomponents/httpmime/4.5.6/httpmime-4.5.6.jar:/home/runner/.m2/repository/org/apache/httpcomponents/httpcore-nio/4.4.13/httpcore-nio-4.4.13.jar:/home/runner/.m2/repository/org/apache/httpcomponents/httpasyncclient/4.1.3/httpasyncclient-4.1.3.jar:/home/runner/.m2/repository/com/carrotsearch/hppc/0.8.0/hppc-0.8.0.jar:/home/runner/.m2/repository/org/apache/orc/orc-core/1.5.8/orc-core-1.5.8.jar:/home/runner/.m2/repository/net/java/dev/jna/jna/5.2.0/jna-5.2.0.jar:/home/runner/.m2/repository/net/java/dev/jna/jna-platform/5.2.0/jna-platform-5.2.0.jar:/home/runner/.m2/repository/com/kstruct/gethostname4j/0.0.2/gethostname4j-0.0.2.jar:/home/runner/.m2/repository/org/apache/ranger/ranger-plugin-classloader/2.3.0/ranger-plugin-classloader-2.3.0.jar:/home/runner/.m2/repository/org/apache/ozone/hdds-rocks-native/1.4.0-SNAPSHOT/hdds-rocks-native-1.4.0-SNAPSHOT.jar:/home/runner/.m2/repository/org/apache/hadoop/hadoop-minikdc/3.3.5/hadoop-minikdc-3.3.5.jar:/home/runner/.m2/repository/org/apache/kerby/kerb-simplekdc/1.0.1/kerb-simplekdc-1.0.1.jar:/home/runner/.m2/repository/org/apache/kerby/kerb-client/1.0.1/kerb-client-1.0.1.jar:/home/runner/.m2/repository/org/apache/kerby/kerby-config/1.0.1/kerby-config-1.0.1.jar:/home/runner/.m2/repository/org/apache/kerby/kerb-common/1.0.1/kerb-common-1.0.1.jar:/home/runner/.m2/repository/org/apache/kerby/kerb-crypto/1.0.1/kerb-crypto-1.0.1.jar:/home/runner/.m2/repository/org/apache/kerby/kerb-util/1.0.1/kerb-util-1.0.1.jar:/home/runner/.m2/repository/org/apache/kerby/token-provider/1.0.1/token-provider-1.0.1.jar:/home/runner/.m2/repository/org/apache/kerby/kerb-admin/1.0.1/kerb-admin-1.0.1.jar:/home/runner/.m2/repository/org/apache/kerby/kerb-server/1.0.1/kerb-server-1.0.1.jar:/home/runner/.m2/repository/org/apache/kerby/kerb-identity/1.0.1/kerb-identity-1.0.1.jar:/home/runner/.m2/repository/org/apache/kerby/kerby-xdr/1.0.1/kerby-xdr-1.0.1.jar:/home/runner/.m2/repository/org/apache/ozone/ozone-s3gateway/1.4.0-SNAPSHOT/ozone-s3gateway-1.4.0-SNAPSHOT.jar:/home/runner/.m2/repository/org/javassist/javassist/3.21.0-GA/javassist-3.21.0-GA.jar:/home/runner/.m2/repository/org/jboss/weld/servlet/weld-servlet-shaded/3.1.9.Final/weld-servlet-shaded-3.1.9.Final.jar:/home/runner/.m2/repository/org/glassfish/jersey/containers/jersey-container-servlet-core/2.34/jersey-container-servlet-core-2.34.jar:/home/runner/.m2/repository/org/glassfish/hk2/external/jakarta.inject/2.6.1/jakarta.inject-2.6.1.jar:/home/runner/.m2/repository/org/glassfish/jersey/core/jersey-common/2.34/jersey-common-2.34.jar:/home/runner/.m2/repository/jakarta/ws/rs/jakarta.ws.rs-api/2.1.6/jakarta.ws.rs-api-2.1.6.jar:/home/runner/.m2/repository/org/glassfish/jersey/ext/cdi/jersey-cdi1x/2.34/jersey-cdi1x-2.34.jar:/home/runner/.m2/repository/org/glassfish/jersey/inject/jersey-hk2/2.34/jersey-hk2-2.34.jar:/home/runner/.m2/repository/org/glassfish/hk2/hk2-locator/2.6.1/hk2-locator-2.6.1.jar:/home/runner/.m2/repository/org/glassfish/jersey/media/jersey-media-jaxb/2.34/jersey-media-jaxb-2.34.jar:/home/runner/.m2/repository/org/glassfish/hk2/osgi-resource-locator/1.0.3/osgi-resource-locator-1.0.3.jar:/home/runner/.m2/repository/org/glassfish/hk2/hk2-api/2.5.0/hk2-api-2.5.0.jar:/home/runner/.m2/repository/org/glassfish/hk2/hk2-utils/2.5.0/hk2-utils-2.5.0.jar:/home/runner/.m2/repository/org/glassfish/hk2/external/aopalliance-repackaged/2.5.0/aopalliance-repackaged-2.5.0.jar:/home/runner/.m2/repository/com/fasterxml/jackson/dataformat/jackson-dataformat-xml/2.13.4/jackson-dataformat-xml-2.13.4.jar:/home/runner/.m2/repository/org/codehaus/woodstox/stax2-api/4.2.1/stax2-api-4.2.1.jar:/home/runner/.m2/repository/com/fasterxml/woodstox/woodstox-core/5.4.0/woodstox-core-5.4.0.jar:/home/runner/.m2/repository/com/fasterxml/jackson/module/jackson-module-jaxb-annotations/2.13.4/jackson-module-jaxb-annotations-2.13.4.jar:/home/runner/.m2/repository/jakarta/xml/bind/jakarta.xml.bind-api/2.3.3/jakarta.xml.bind-api-2.3.3.jar:/home/runner/.m2/repository/jakarta/activation/jakarta.activation-api/1.2.2/jakarta.activation-api-1.2.2.jar:/home/runner/.m2/repository/javax/enterprise/cdi-api/2.0/cdi-api-2.0.jar:/home/runner/.m2/repository/javax/el/javax.el-api/3.0.0/javax.el-api-3.0.0.jar:/home/runner/.m2/repository/javax/interceptor/javax.interceptor-api/1.2/javax.interceptor-api-1.2.jar:/home/runner/.m2/repository/javax/inject/javax.inject/1/javax.inject-1.jar:/home/runner/.m2/repository/javax/xml/bind/jaxb-api/2.3.0/jaxb-api-2.3.0.jar:/home/runner/.m2/repository/org/glassfish/jaxb/jaxb-runtime/2.3.0.1/jaxb-runtime-2.3.0.1.jar:/home/runner/.m2/repository/org/glassfish/jaxb/jaxb-core/2.3.0.1/jaxb-core-2.3.0.1.jar:/home/runner/.m2/repository/org/glassfish/jaxb/txw2/2.3.0.1/txw2-2.3.0.1.jar:/home/runner/.m2/repository/com/sun/istack/istack-commons-runtime/3.0.5/istack-commons-runtime-3.0.5.jar:/home/runner/.m2/repository/org/jvnet/staxex/stax-ex/1.7.8/stax-ex-1.7.8.jar:/home/runner/.m2/repository/com/sun/xml/fastinfoset/FastInfoset/1.2.13/FastInfoset-1.2.13.jar:/home/runner/.m2/repository/javax/activation/activation/1.1.1/activation-1.1.1.jar:/home/runner/.m2/repository/io/grpc/grpc-protobuf/1.51.1/grpc-protobuf-1.51.1.jar:/home/runner/.m2/repository/io/grpc/grpc-api/1.51.1/grpc-api-1.51.1.jar:/home/runner/.m2/repository/io/grpc/grpc-context/1.51.1/grpc-context-1.51.1.jar:/home/runner/.m2/repository/com/google/api/grpc/proto-google-common-protos/2.9.0/proto-google-common-protos-2.9.0.jar:/home/runner/.m2/repository/io/grpc/grpc-protobuf-lite/1.51.1/grpc-protobuf-lite-1.51.1.jar:/home/runner/.m2/repository/io/grpc/grpc-stub/1.51.1/grpc-stub-1.51.1.jar:/home/runner/.m2/repository/io/netty/netty-transport/4.1.86.Final/netty-transport-4.1.86.Final.jar:/home/runner/.m2/repository/io/netty/netty-resolver/4.1.86.Final/netty-resolver-4.1.86.Final.jar:/home/runner/.m2/repository/org/apache/ozone/ozone-csi/1.4.0-SNAPSHOT/ozone-csi-1.4.0-SNAPSHOT.jar:/home/runner/.m2/repository/com/google/protobuf/protobuf-java-util/3.19.6/protobuf-java-util-3.19.6.jar:/home/runner/.m2/repository/com/google/code/gson/gson/2.9.0/gson-2.9.0.jar:/home/runner/.m2/repository/org/apache/ozone/hdds-config/1.4.0-SNAPSHOT/hdds-config-1.4.0-SNAPSHOT.jar:/home/runner/.m2/repository/io/netty/netty-transport-native-epoll/4.1.86.Final/netty-transport-native-epoll-4.1.86.Final-linux-x86_64.jar:/home/runner/.m2/repository/io/netty/netty-transport-classes-epoll/4.1.86.Final/netty-transport-classes-epoll-4.1.86.Final.jar:/home/runner/.m2/repository/io/netty/netty-transport-native-unix-common/4.1.86.Final/netty-transport-native-unix-common-4.1.86.Final.jar:/home/runner/.m2/repository/org/apache/ozone/ozone-recon/1.4.0-SNAPSHOT/ozone-recon-1.4.0-SNAPSHOT.jar:/home/runner/.m2/repository/org/apache/ozone/ozone-reconcodegen/1.4.0-SNAPSHOT/ozone-reconcodegen-1.4.0-SNAPSHOT.jar:/home/runner/.m2/repository/com/google/inject/guice/5.1.0/guice-5.1.0.jar:/home/runner/.m2/repository/aopalliance/aopalliance/1.0/aopalliance-1.0.jar:/home/runner/.m2/repository/com/google/inject/extensions/guice-assistedinject/5.1.0/guice-assistedinject-5.1.0.jar:/home/runner/.m2/repository/com/google/inject/extensions/guice-servlet/5.1.0/guice-servlet-5.1.0.jar:/home/runner/.m2/repository/org/glassfish/jersey/containers/jersey-container-servlet/2.34/jersey-container-servlet-2.34.jar:/home/runner/.m2/repository/org/glassfish/hk2/guice-bridge/2.5.0/guice-bridge-2.5.0.jar:/home/runner/.m2/repository/org/glassfish/jersey/core/jersey-server/2.34/jersey-server-2.34.jar:/home/runner/.m2/repository/org/glassfish/jersey/core/jersey-client/2.34/jersey-client-2.34.jar:/home/runner/.m2/repository/jakarta/annotation/jakarta.annotation-api/1.3.5/jakarta.annotation-api-1.3.5.jar:/home/runner/.m2/repository/jakarta/validation/jakarta.validation-api/2.0.2/jakarta.validation-api-2.0.2.jar:/home/runner/.m2/repository/org/glassfish/jersey/media/jersey-media-json-jackson/2.34/jersey-media-json-jackson-2.34.jar:/home/runner/.m2/repository/org/glassfish/jersey/ext/jersey-entity-filtering/2.34/jersey-entity-filtering-2.34.jar:/home/runner/.m2/repository/org/jooq/jooq/3.11.10/jooq-3.11.10.jar:/home/runner/.m2/repository/org/jooq/jooq-meta/3.11.10/jooq-meta-3.11.10.jar:/home/runner/.m2/repository/org/jooq/jooq-codegen/3.11.10/jooq-codegen-3.11.10.jar:/home/runner/.m2/repository/com/jolbox/bonecp/0.8.0.RELEASE/bonecp-0.8.0.RELEASE.jar:/home/runner/.m2/repository/org/apache/derby/derby/10.14.2.0/derby-10.14.2.0.jar:/home/runner/.m2/repository/org/xerial/sqlite-jdbc/3.25.2/sqlite-jdbc-3.25.2.jar:/home/runner/.m2/repository/org/springframework/spring-jdbc/5.3.26/spring-jdbc-5.3.26.jar:/home/runner/.m2/repository/org/springframework/spring-beans/5.3.26/spring-beans-5.3.26.jar:/home/runner/.m2/repository/org/springframework/spring-core/5.3.26/spring-core-5.3.26.jar:/home/runner/.m2/repository/org/springframework/spring-tx/5.3.26/spring-tx-5.3.26.jar:/home/runner/.m2/repository/org/apache/ozone/ozone-client/1.4.0-SNAPSHOT/ozone-client-1.4.0-SNAPSHOT.jar:/home/runner/.m2/repository/org/apache/ozone/hdds-erasurecode/1.4.0-SNAPSHOT/hdds-erasurecode-1.4.0-SNAPSHOT.jar:/home/runner/.m2/repository/org/apache/ozone/ozone-filesystem/1.4.0-SNAPSHOT/ozone-filesystem-1.4.0-SNAPSHOT.jar:/home/runner/.m2/repository/org/apache/ozone/ozone-filesystem-common/1.4.0-SNAPSHOT/ozone-filesystem-common-1.4.0-SNAPSHOT.jar:/home/runner/.m2/repository/org/apache/ozone/ozone-tools/1.4.0-SNAPSHOT/ozone-tools-1.4.0-SNAPSHOT.jar:/home/runner/.m2/repository/com/amazonaws/aws-java-sdk-core/1.12.261/aws-java-sdk-core-1.12.261.jar:/home/runner/.m2/repository/org/apache/httpcomponents/httpclient/4.5.13/httpclient-4.5.13.jar:/home/runner/.m2/repository/org/apache/httpcomponents/httpcore/4.4.13/httpcore-4.4.13.jar:/home/runner/.m2/repository/software/amazon/ion/ion-java/1.0.2/ion-java-1.0.2.jar:/home/runner/.m2/repository/com/fasterxml/jackson/dataformat/jackson-dataformat-cbor/2.13.4/jackson-dataformat-cbor-2.13.4.jar:/home/runner/.m2/repository/joda-time/joda-time/2.10.6/joda-time-2.10.6.jar:/home/runner/.m2/repository/com/amazonaws/aws-java-sdk-s3/1.12.261/aws-java-sdk-s3-1.12.261.jar:/home/runner/.m2/repository/com/amazonaws/aws-java-sdk-kms/1.12.261/aws-java-sdk-kms-1.12.261.jar:/home/runner/.m2/repository/com/amazonaws/jmespath-java/1.12.261/jmespath-java-1.12.261.jar:/home/runner/.m2/repository/org/kohsuke/metainf-services/metainf-services/1.8/metainf-services-1.8.jar:/home/runner/.m2/repository/org/apache/ozone/hdds-tools/1.4.0-SNAPSHOT/hdds-tools-1.4.0-SNAPSHOT.jar:/home/runner/.m2/repository/org/apache/ratis/ratis-tools/2.4.2-8b8bdda-SNAPSHOT/ratis-tools-2.4.2-8b8bdda-SNAPSHOT.jar:/home/runner/.m2/repository/commons-cli/commons-cli/1.2/commons-cli-1.2.jar:/home/runner/.m2/repository/org/apache/commons/commons-lang3/3.7/commons-lang3-3.7.jar:/home/runner/.m2/repository/org/apache/ozone/ozone-manager/1.4.0-SNAPSHOT/ozone-manager-1.4.0-SNAPSHOT-tests.jar:/home/runner/.m2/repository/org/apache/ozone/hdds-common/1.4.0-SNAPSHOT/hdds-common-1.4.0-SNAPSHOT-tests.jar:/home/runner/.m2/repository/org/apache/ozone/hdds-hadoop-dependency-client/1.4.0-SNAPSHOT/hdds-hadoop-dependency-client-1.4.0-SNAPSHOT.jar:/home/runner/.m2/repository/info/picocli/picocli/4.6.1/picocli-4.6.1.jar:/home/runner/.m2/repository/com/fasterxml/jackson/core/jackson-annotations/2.13.4/jackson-annotations-2.13.4.jar:/home/runner/.m2/repository/org/apache/ozone/hdds-annotation-processing/1.4.0-SNAPSHOT/hdds-annotation-processing-1.4.0-SNAPSHOT.jar:/home/runner/.m2/repository/javax/annotation/javax.annotation-api/1.2/javax.annotation-api-1.2.jar:/home/runner/.m2/repository/org/apache/ratis/ratis-netty/2.4.2-8b8bdda-SNAPSHOT/ratis-netty-2.4.2-8b8bdda-SNAPSHOT.jar:/home/runner/.m2/repository/org/apache/ratis/ratis-grpc/2.4.2-8b8bdda-SNAPSHOT/ratis-grpc-2.4.2-8b8bdda-SNAPSHOT.jar:/home/runner/.m2/repository/org/apache/logging/log4j/log4j-api/2.17.1/log4j-api-2.17.1.jar:/home/runner/.m2/repository/org/apache/commons/commons-pool2/2.6.0/commons-pool2-2.6.0.jar:/home/runner/.m2/repository/org/bouncycastle/bcpkix-jdk15on/1.67/bcpkix-jdk15on-1.67.jar:/home/runner/.m2/repository/commons-validator/commons-validator/1.6/commons-validator-1.6.jar:/home/runner/.m2/repository/commons-beanutils/commons-beanutils/1.9.4/commons-beanutils-1.9.4.jar:/home/runner/.m2/repository/commons-digester/commons-digester/1.8.1/commons-digester-1.8.1.jar:/home/runner/.m2/repository/commons-collections/commons-collections/3.2.2/commons-collections-3.2.2.jar:/home/runner/.m2/repository/io/jaegertracing/jaeger-client/1.6.0/jaeger-client-1.6.0.jar:/home/runner/.m2/repository/io/jaegertracing/jaeger-thrift/1.6.0/jaeger-thrift-1.6.0.jar:/home/runner/.m2/repository/org/apache/thrift/libthrift/0.14.1/libthrift-0.14.1.jar:/home/runner/.m2/repository/io/jaegertracing/jaeger-core/1.6.0/jaeger-core-1.6.0.jar:/home/runner/.m2/repository/io/jaegertracing/jaeger-tracerresolver/1.6.0/jaeger-tracerresolver-1.6.0.jar:/home/runner/.m2/repository/io/opentracing/contrib/opentracing-tracerresolver/0.1.8/opentracing-tracerresolver-0.1.8.jar:/home/runner/.m2/repository/org/jetbrains/kotlin/kotlin-stdlib/1.6.21/kotlin-stdlib-1.6.21.jar:/home/runner/.m2/repository/org/jetbrains/annotations/13.0/annotations-13.0.jar:/home/runner/.m2/repository/io/opentracing/opentracing-util/0.33.0/opentracing-util-0.33.0.jar:/home/runner/.m2/repository/io/opentracing/opentracing-api/0.33.0/opentracing-api-0.33.0.jar:/home/runner/.m2/repository/io/opentracing/opentracing-noop/0.33.0/opentracing-noop-0.33.0.jar:/home/runner/.m2/repository/org/yaml/snakeyaml/2.0/snakeyaml-2.0.jar:/home/runner/.m2/repository/junit/junit/4.13.1/junit-4.13.1.jar:/home/runner/.m2/repository/org/hamcrest/hamcrest-core/1.3/hamcrest-core-1.3.jar:/home/runner/.m2/repository/org/junit/jupiter/junit-jupiter-api/5.8.2/junit-jupiter-api-5.8.2.jar:/home/runner/.m2/repository/org/opentest4j/opentest4j/1.2.0/opentest4j-1.2.0.jar:/home/runner/.m2/repository/org/junit/platform/junit-platform-commons/1.8.2/junit-platform-commons-1.8.2.jar:/home/runner/.m2/repository/org/apiguardian/apiguardian-api/1.1.2/apiguardian-api-1.1.2.jar:/home/runner/.m2/repository/org/junit/jupiter/junit-jupiter-params/5.8.2/junit-jupiter-params-5.8.2.jar:/home/runner/.m2/repository/org/junit/jupiter/junit-jupiter-migrationsupport/5.8.2/junit-jupiter-migrationsupport-5.8.2.jar:/home/runner/.m2/repository/org/junit/jupiter/junit-jupiter-engine/5.8.2/junit-jupiter-engine-5.8.2.jar:/home/runner/.m2/repository/org/junit/platform/junit-platform-engine/1.8.2/junit-platform-engine-1.8.2.jar:/home/runner/.m2/repository/org/junit/vintage/junit-vintage-engine/5.8.2/junit-vintage-engine-5.8.2.jar:/home/runner/.m2/repository/org/junit/platform/junit-platform-launcher/1.8.2/junit-platform-launcher-1.8.2.jar:/home/runner/.m2/repository/org/mockito/mockito-core/2.28.2/mockito-core-2.28.2.jar:/home/runner/.m2/repository/net/bytebuddy/byte-buddy/1.9.10/byte-buddy-1.9.10.jar:/home/runner/.m2/repository/net/bytebuddy/byte-buddy-agent/1.9.10/byte-buddy-agent-1.9.10.jar:/home/runner/.m2/repository/org/objenesis/objenesis/1.0/objenesis-1.0.jar:/home/runner/.m2/repository/org/apache/hadoop/hadoop-kms/3.3.5/hadoop-kms-3.3.5.jar:/home/runner/.m2/repository/org/apache/hadoop/hadoop-auth/3.3.5/hadoop-auth-3.3.5.jar:/home/runner/.m2/repository/com/nimbusds/nimbus-jose-jwt/9.8.1/nimbus-jose-jwt-9.8.1.jar:/home/runner/.m2/repository/com/github/stephenc/jcip/jcip-annotations/1.0-1/jcip-annotations-1.0-1.jar:/home/runner/.m2/repository/net/minidev/json-smart/2.4.7/json-smart-2.4.7.jar:/home/runner/.m2/repository/net/minidev/accessors-smart/2.4.7/accessors-smart-2.4.7.jar:/home/runner/.m2/repository/org/ow2/asm/asm/5.0.4/asm-5.0.4.jar:/home/runner/.m2/repository/org/apache/zookeeper/zookeeper/3.5.6/zookeeper-3.5.6.jar:/home/runner/.m2/repository/org/apache/zookeeper/zookeeper-jute/3.5.6/zookeeper-jute-3.5.6.jar:/home/runner/.m2/repository/org/apache/yetus/audience-annotations/0.5.0/audience-annotations-0.5.0.jar:/home/runner/.m2/repository/org/apache/curator/curator-framework/4.2.0/curator-framework-4.2.0.jar:/home/runner/.m2/repository/org/apache/hadoop/thirdparty/hadoop-shaded-guava/1.1.1/hadoop-shaded-guava-1.1.1.jar:/home/runner/.m2/repository/com/sun/jersey/jersey-core/1.19/jersey-core-1.19.jar:/home/runner/.m2/repository/javax/ws/rs/jsr311-api/1.1.1/jsr311-api-1.1.1.jar:/home/runner/.m2/repository/com/sun/jersey/jersey-server/1.19/jersey-server-1.19.jar:/home/runner/.m2/repository/javax/servlet/javax.servlet-api/3.1.0/javax.servlet-api-3.1.0.jar:/home/runner/.m2/repository/org/apache/hadoop/hadoop-common/3.3.5/hadoop-common-3.3.5.jar:/home/runner/.m2/repository/org/apache/commons/commons-math3/3.1.1/commons-math3-3.1.1.jar:/home/runner/.m2/repository/commons-net/commons-net/3.9.0/commons-net-3.9.0.jar:/home/runner/.m2/repository/com/sun/jersey/jersey-servlet/1.19/jersey-servlet-1.19.jar:/home/runner/.m2/repository/com/github/pjfanning/jersey-json/1.20/jersey-json-1.20.jar:/home/runner/.m2/repository/org/codehaus/jettison/jettison/1.1/jettison-1.1.jar:/home/runner/.m2/repository/com/sun/xml/bind/jaxb-impl/2.2.3-1/jaxb-impl-2.2.3-1.jar:/home/runner/.m2/repository/com/google/re2j/re2j/1.1/re2j-1.1.jar:/home/runner/.m2/repository/com/jcraft/jsch/0.1.54/jsch-0.1.54.jar:/home/runner/.m2/repository/org/apache/curator/curator-client/4.2.0/curator-client-4.2.0.jar:/home/runner/.m2/repository/org/apache/curator/curator-recipes/4.2.0/curator-recipes-4.2.0.jar:/home/runner/.m2/repository/org/apache/kerby/kerb-core/1.0.1/kerb-core-1.0.1.jar:/home/runner/.m2/repository/org/apache/kerby/kerby-pkix/1.0.1/kerby-pkix-1.0.1.jar:/home/runner/.m2/repository/org/apache/kerby/kerby-asn1/1.0.1/kerby-asn1-1.0.1.jar:/home/runner/.m2/repository/org/apache/kerby/kerby-util/1.0.1/kerby-util-1.0.1.jar:/home/runner/.m2/repository/dnsjava/dnsjava/2.1.7/dnsjava-2.1.7.jar:/home/runner/.m2/repository/org/xerial/snappy/snappy-java/1.1.8.2/snappy-java-1.1.8.2.jar:/home/runner/.m2/repository/com/fasterxml/jackson/core/jackson-databind/2.13.4.2/jackson-databind-2.13.4.2.jar:/home/runner/.m2/repository/org/apache/hadoop/hadoop-kms/3.3.5/hadoop-kms-3.3.5-tests.jar:/home/runner/.m2/repository/org/apache/ozone/hdds-server-scm/1.4.0-SNAPSHOT/hdds-server-scm-1.4.0-SNAPSHOT-tests.jar:/home/runner/.m2/repository/org/apache/ozone/hdds-container-service/1.4.0-SNAPSHOT/hdds-container-service-1.4.0-SNAPSHOT-tests.jar:/home/runner/.m2/repository/com/github/luben/zstd-jni/1.5.2-5/zstd-jni-1.5.2-5.jar:/home/runner/.m2/repository/commons-codec/commons-codec/1.15/commons-codec-1.15.jar:/home/runner/.m2/repository/io/netty/netty-codec/4.1.86.Final/netty-codec-4.1.86.Final.jar:/home/runner/.m2/repository/io/netty/netty-handler/4.1.86.Final/netty-handler-4.1.86.Final.jar:/home/runner/.m2/repository/org/apache/ozone/hdds-hadoop-dependency-test/1.4.0-SNAPSHOT/hdds-hadoop-dependency-test-1.4.0-SNAPSHOT.jar:/home/runner/.m2/repository/org/apache/hadoop/hadoop-common/3.3.5/hadoop-common-3.3.5-tests.jar:/home/runner/.m2/repository/org/apache/hadoop/hadoop-hdfs/3.3.5/hadoop-hdfs-3.3.5-tests.jar:/home/runner/.m2/repository/org/assertj/assertj-core/3.12.2/assertj-core-3.12.2.jar:/home/runner/.m2/repository/org/apache/hadoop/hadoop-distcp/3.3.5/hadoop-distcp-3.3.5.jar:/home/runner/.m2/repository/org/apache/hadoop/hadoop-mapreduce-client-jobclient/3.3.5/hadoop-mapreduce-client-jobclient-3.3.5.jar:/home/runner/.m2/repository/org/apache/hadoop/hadoop-mapreduce-client-common/3.3.5/hadoop-mapreduce-client-common-3.3.5.jar:/home/runner/.m2/repository/org/apache/hadoop/hadoop-yarn-common/3.3.5/hadoop-yarn-common-3.3.5.jar:/home/runner/.m2/repository/org/apache/hadoop/hadoop-yarn-api/3.3.5/hadoop-yarn-api-3.3.5.jar:/home/runner/.m2/repository/com/sun/jersey/contribs/jersey-guice/1.19/jersey-guice-1.19.jar:/home/runner/.m2/repository/com/fasterxml/jackson/jaxrs/jackson-jaxrs-json-provider/2.13.4/jackson-jaxrs-json-provider-2.13.4.jar:/home/runner/.m2/repository/com/fasterxml/jackson/jaxrs/jackson-jaxrs-base/2.13.4/jackson-jaxrs-base-2.13.4.jar:/home/runner/.m2/repository/org/apache/hadoop/hadoop-yarn-client/3.3.5/hadoop-yarn-client-3.3.5.jar:/home/runner/.m2/repository/org/eclipse/jetty/websocket/websocket-client/9.4.48.v20220622/websocket-client-9.4.48.v20220622.jar:/home/runner/.m2/repository/org/eclipse/jetty/websocket/websocket-common/9.4.48.v20220622/websocket-common-9.4.48.v20220622.jar:/home/runner/.m2/repository/org/eclipse/jetty/websocket/websocket-api/9.4.48.v20220622/websocket-api-9.4.48.v20220622.jar:/home/runner/.m2/repository/org/jline/jline/3.9.0/jline-3.9.0.jar:/home/runner/.m2/repository/org/apache/hadoop/hadoop-mapreduce-client-core/3.3.5/hadoop-mapreduce-client-core-3.3.5.jar:/home/runner/.m2/repository/org/apache/avro/avro/1.7.7/avro-1.7.7.jar:/home/runner/.m2/repository/com/thoughtworks/paranamer/paranamer/2.3/paranamer-2.3.jar:/home/runner/.m2/repository/org/apache/hadoop/hadoop-annotations/3.3.5/hadoop-annotations-3.3.5.jar:/usr/lib/jvm/temurin-8-jdk-amd64/jre/../lib/tools.jar:/home/runner/.m2/repository/io/netty/netty/3.10.6.Final/netty-3.10.6.Final.jar:/home/runner/.m2/repository/org/apache/hadoop/hadoop-distcp/3.3.5/hadoop-distcp-3.3.5-tests.jar:/home/runner/.m2/repository/org/slf4j/jul-to-slf4j/1.7.36/jul-to-slf4j-1.7.36.jar:"/>
    <property name="java.vm.vendor" value="Temurin"/>
    <property name="sun.arch.data.model" value="64"/>
    <property name="test.build.dir" value="/home/runner/work/ozone/ozone/hadoop-ozone/integration-test/target/test-dir"/>
    <property name="test.cache.data" value=""/>
    <property name="java.vendor.url" value="https://adoptium.net/"/>
    <property name="user.timezone" value="Etc/UTC"/>
    <property name="java.vm.specification.version" value="1.8"/>
    <property name="os.name" value="Linux"/>
    <property name="test.build.data" value="/home/runner/work/ozone/ozone/hadoop-ozone/integration-test/target/test-dir"/>
    <property name="sun.java.launcher" value="SUN_STANDARD"/>
    <property name="sun.boot.library.path" value="/usr/lib/jvm/temurin-8-jdk-amd64/jre/lib/amd64"/>
    <property name="sun.java.command" value="/home/runner/work/ozone/ozone/hadoop-ozone/integration-test/target/surefire/surefirebooter1396259345363487855.jar /home/runner/work/ozone/ozone/hadoop-ozone/integration-test/target/surefire 2023-04-27T05-43-45_027-jvmRun1 surefire2074764785457626139tmp surefire_291156125389516382623tmp"/>
    <property name="surefire.test.class.path" value="/home/runner/work/ozone/ozone/hadoop-ozone/integration-test/target/test-classes:/home/runner/work/ozone/ozone/hadoop-ozone/integration-test/target/classes:/home/runner/.m2/repository/org/apache/ozone/ozone-common/1.4.0-SNAPSHOT/ozone-common-1.4.0-SNAPSHOT.jar:/home/runner/.m2/repository/io/grpc/grpc-netty/1.51.1/grpc-netty-1.51.1.jar:/home/runner/.m2/repository/io/grpc/grpc-core/1.51.1/grpc-core-1.51.1.jar:/home/runner/.m2/repository/com/google/android/annotations/4.1.1.4/annotations-4.1.1.4.jar:/home/runner/.m2/repository/org/codehaus/mojo/animal-sniffer-annotations/1.21/animal-sniffer-annotations-1.21.jar:/home/runner/.m2/repository/com/google/errorprone/error_prone_annotations/2.2.0/error_prone_annotations-2.2.0.jar:/home/runner/.m2/repository/io/perfmark/perfmark-api/0.25.0/perfmark-api-0.25.0.jar:/home/runner/.m2/repository/io/netty/netty-codec-http2/4.1.86.Final/netty-codec-http2-4.1.86.Final.jar:/home/runner/.m2/repository/io/netty/netty-common/4.1.86.Final/netty-common-4.1.86.Final.jar:/home/runner/.m2/repository/io/netty/netty-buffer/4.1.86.Final/netty-buffer-4.1.86.Final.jar:/home/runner/.m2/repository/io/netty/netty-codec-http/4.1.86.Final/netty-codec-http-4.1.86.Final.jar:/home/runner/.m2/repository/io/netty/netty-handler-proxy/4.1.86.Final/netty-handler-proxy-4.1.86.Final.jar:/home/runner/.m2/repository/io/netty/netty-codec-socks/4.1.86.Final/netty-codec-socks-4.1.86.Final.jar:/home/runner/.m2/repository/io/netty/netty-tcnative-boringssl-static/2.0.54.Final/netty-tcnative-boringssl-static-2.0.54.Final.jar:/home/runner/.m2/repository/io/netty/netty-tcnative-classes/2.0.54.Final/netty-tcnative-classes-2.0.54.Final.jar:/home/runner/.m2/repository/io/netty/netty-tcnative-boringssl-static/2.0.54.Final/netty-tcnative-boringssl-static-2.0.54.Final-linux-x86_64.jar:/home/runner/.m2/repository/io/netty/netty-tcnative-boringssl-static/2.0.54.Final/netty-tcnative-boringssl-static-2.0.54.Final-linux-aarch_64.jar:/home/runner/.m2/repository/io/netty/netty-tcnative-boringssl-static/2.0.54.Final/netty-tcnative-boringssl-static-2.0.54.Final-osx-x86_64.jar:/home/runner/.m2/repository/io/netty/netty-tcnative-boringssl-static/2.0.54.Final/netty-tcnative-boringssl-static-2.0.54.Final-osx-aarch_64.jar:/home/runner/.m2/repository/io/netty/netty-tcnative-boringssl-static/2.0.54.Final/netty-tcnative-boringssl-static-2.0.54.Final-windows-x86_64.jar:/home/runner/.m2/repository/org/apache/commons/commons-compress/1.21/commons-compress-1.21.jar:/home/runner/.m2/repository/org/apache/ozone/hdds-common/1.4.0-SNAPSHOT/hdds-common-1.4.0-SNAPSHOT.jar:/home/runner/.m2/repository/org/apache/ozone/hdds-client/1.4.0-SNAPSHOT/hdds-client-1.4.0-SNAPSHOT.jar:/home/runner/.m2/repository/org/apache/ozone/ozone-interface-client/1.4.0-SNAPSHOT/ozone-interface-client-1.4.0-SNAPSHOT.jar:/home/runner/.m2/repository/org/apache/hadoop/hadoop-hdfs-client/3.3.5/hadoop-hdfs-client-3.3.5.jar:/home/runner/.m2/repository/com/squareup/okhttp3/okhttp/4.9.3/okhttp-4.9.3.jar:/home/runner/.m2/repository/com/squareup/okio/okio/2.8.0/okio-2.8.0.jar:/home/runner/.m2/repository/org/jetbrains/kotlin/kotlin-stdlib-common/1.6.21/kotlin-stdlib-common-1.6.21.jar:/home/runner/.m2/repository/org/apache/ozone/hdds-test-utils/1.4.0-SNAPSHOT/hdds-test-utils-1.4.0-SNAPSHOT.jar:/home/runner/.m2/repository/com/google/guava/guava/31.1-jre/guava-31.1-jre.jar:/home/runner/.m2/repository/com/google/guava/failureaccess/1.0.1/failureaccess-1.0.1.jar:/home/runner/.m2/repository/com/google/guava/listenablefuture/9999.0-empty-to-avoid-conflict-with-guava/listenablefuture-9999.0-empty-to-avoid-conflict-with-guava.jar:/home/runner/.m2/repository/com/google/code/findbugs/jsr305/3.0.0/jsr305-3.0.0.jar:/home/runner/.m2/repository/org/checkerframework/checker-qual/3.12.0/checker-qual-3.12.0.jar:/home/runner/.m2/repository/com/google/j2objc/j2objc-annotations/1.3/j2objc-annotations-1.3.jar:/home/runner/.m2/repository/commons-io/commons-io/2.11.0/commons-io-2.11.0.jar:/home/runner/.m2/repository/commons-logging/commons-logging/1.2/commons-logging-1.2.jar:/home/runner/.m2/repository/ch/qos/reload4j/reload4j/1.2.22/reload4j-1.2.22.jar:/home/runner/.m2/repository/org/slf4j/slf4j-api/1.7.36/slf4j-api-1.7.36.jar:/home/runner/.m2/repository/org/apache/ozone/hdds-server-scm/1.4.0-SNAPSHOT/hdds-server-scm-1.4.0-SNAPSHOT.jar:/home/runner/.m2/repository/org/apache/ozone/hdds-container-service/1.4.0-SNAPSHOT/hdds-container-service-1.4.0-SNAPSHOT.jar:/home/runner/.m2/repository/org/apache/ozone/hdds-hadoop-dependency-server/1.4.0-SNAPSHOT/hdds-hadoop-dependency-server-1.4.0-SNAPSHOT.jar:/home/runner/.m2/repository/org/apache/hadoop/hadoop-hdfs/3.3.5/hadoop-hdfs-3.3.5.jar:/home/runner/.m2/repository/commons-daemon/commons-daemon/1.0.13/commons-daemon-1.0.13.jar:/home/runner/.m2/repository/org/apache/ozone/hdds-server-framework/1.4.0-SNAPSHOT/hdds-server-framework-1.4.0-SNAPSHOT.jar:/home/runner/.m2/repository/io/dropwizard/metrics/metrics-core/3.2.4/metrics-core-3.2.4.jar:/home/runner/.m2/repository/org/apache/commons/commons-text/1.4/commons-text-1.4.jar:/home/runner/.m2/repository/org/bouncycastle/bcprov-jdk15on/1.67/bcprov-jdk15on-1.67.jar:/home/runner/.m2/repository/com/google/protobuf/protobuf-java/2.5.0/protobuf-java-2.5.0.jar:/home/runner/.m2/repository/org/apache/ozone/hdds-server-framework/1.4.0-SNAPSHOT/hdds-server-framework-1.4.0-SNAPSHOT-tests.jar:/home/runner/.m2/repository/org/apache/ozone/hdds-interface-server/1.4.0-SNAPSHOT/hdds-interface-server-1.4.0-SNAPSHOT.jar:/home/runner/.m2/repository/org/apache/ozone/hdds-interface-admin/1.4.0-SNAPSHOT/hdds-interface-admin-1.4.0-SNAPSHOT.jar:/home/runner/.m2/repository/org/apache/ozone/hdds-managed-rocksdb/1.4.0-SNAPSHOT/hdds-managed-rocksdb-1.4.0-SNAPSHOT.jar:/home/runner/.m2/repository/org/rocksdb/rocksdbjni/7.7.3/rocksdbjni-7.7.3.jar:/home/runner/.m2/repository/org/slf4j/slf4j-reload4j/1.7.36/slf4j-reload4j-1.7.36.jar:/home/runner/.m2/repository/org/apache/commons/commons-configuration2/2.1.1/commons-configuration2-2.1.1.jar:/home/runner/.m2/repository/org/apache/logging/log4j/log4j-core/2.17.1/log4j-core-2.17.1.jar:/home/runner/.m2/repository/com/lmax/disruptor/3.4.2/disruptor-3.4.2.jar:/home/runner/.m2/repository/org/eclipse/jetty/jetty-util/9.4.51.v20230217/jetty-util-9.4.51.v20230217.jar:/home/runner/.m2/repository/org/eclipse/jetty/jetty-server/9.4.51.v20230217/jetty-server-9.4.51.v20230217.jar:/home/runner/.m2/repository/org/eclipse/jetty/jetty-http/9.4.51.v20230217/jetty-http-9.4.51.v20230217.jar:/home/runner/.m2/repository/org/eclipse/jetty/jetty-io/9.4.51.v20230217/jetty-io-9.4.51.v20230217.jar:/home/runner/.m2/repository/org/eclipse/jetty/jetty-servlet/9.4.51.v20230217/jetty-servlet-9.4.51.v20230217.jar:/home/runner/.m2/repository/org/eclipse/jetty/jetty-security/9.4.51.v20230217/jetty-security-9.4.51.v20230217.jar:/home/runner/.m2/repository/org/eclipse/jetty/jetty-util-ajax/9.4.51.v20230217/jetty-util-ajax-9.4.51.v20230217.jar:/home/runner/.m2/repository/org/eclipse/jetty/jetty-webapp/9.4.51.v20230217/jetty-webapp-9.4.51.v20230217.jar:/home/runner/.m2/repository/org/eclipse/jetty/jetty-xml/9.4.51.v20230217/jetty-xml-9.4.51.v20230217.jar:/home/runner/.m2/repository/org/apache/ratis/ratis-server/2.4.2-8b8bdda-SNAPSHOT/ratis-server-2.4.2-8b8bdda-SNAPSHOT.jar:/home/runner/.m2/repository/org/apache/ratis/ratis-thirdparty-misc/1.0.3/ratis-thirdparty-misc-1.0.3.jar:/home/runner/.m2/repository/org/apache/ratis/ratis-proto/2.4.2-8b8bdda-SNAPSHOT/ratis-proto-2.4.2-8b8bdda-SNAPSHOT.jar:/home/runner/.m2/repository/org/apache/ratis/ratis-common/2.4.2-8b8bdda-SNAPSHOT/ratis-common-2.4.2-8b8bdda-SNAPSHOT.jar:/home/runner/.m2/repository/org/apache/ratis/ratis-client/2.4.2-8b8bdda-SNAPSHOT/ratis-client-2.4.2-8b8bdda-SNAPSHOT.jar:/home/runner/.m2/repository/org/apache/ratis/ratis-server-api/2.4.2-8b8bdda-SNAPSHOT/ratis-server-api-2.4.2-8b8bdda-SNAPSHOT.jar:/home/runner/.m2/repository/org/apache/ratis/ratis-metrics/2.4.2-8b8bdda-SNAPSHOT/ratis-metrics-2.4.2-8b8bdda-SNAPSHOT.jar:/home/runner/.m2/repository/io/prometheus/simpleclient_dropwizard/0.7.0/simpleclient_dropwizard-0.7.0.jar:/home/runner/.m2/repository/io/prometheus/simpleclient/0.7.0/simpleclient-0.7.0.jar:/home/runner/.m2/repository/io/prometheus/simpleclient_common/0.7.0/simpleclient_common-0.7.0.jar:/home/runner/.m2/repository/com/fasterxml/jackson/datatype/jackson-datatype-jsr310/2.13.4/jackson-datatype-jsr310-2.13.4.jar:/home/runner/.m2/repository/com/fasterxml/jackson/core/jackson-core/2.13.4/jackson-core-2.13.4.jar:/home/runner/.m2/repository/com/github/spotbugs/spotbugs-annotations/3.1.12/spotbugs-annotations-3.1.12.jar:/home/runner/.m2/repository/org/apache/ozone/rocksdb-checkpoint-differ/1.4.0-SNAPSHOT/rocksdb-checkpoint-differ-1.4.0-SNAPSHOT.jar:/home/runner/.m2/repository/org/awaitility/awaitility/4.2.0/awaitility-4.2.0.jar:/home/runner/.m2/repository/org/hamcrest/hamcrest/2.1/hamcrest-2.1.jar:/home/runner/.m2/repository/org/apache/ozone/ozone-manager/1.4.0-SNAPSHOT/ozone-manager-1.4.0-SNAPSHOT.jar:/home/runner/.m2/repository/org/aspectj/aspectjrt/1.9.7/aspectjrt-1.9.7.jar:/home/runner/.m2/repository/org/aspectj/aspectjweaver/1.9.7/aspectjweaver-1.9.7.jar:/home/runner/.m2/repository/org/apache/ozone/hdds-interface-client/1.4.0-SNAPSHOT/hdds-interface-client-1.4.0-SNAPSHOT.jar:/home/runner/.m2/repository/org/apache/hadoop/thirdparty/hadoop-shaded-protobuf_3_7/1.1.1/hadoop-shaded-protobuf_3_7-1.1.1.jar:/home/runner/.m2/repository/org/apache/ozone/ozone-interface-storage/1.4.0-SNAPSHOT/ozone-interface-storage-1.4.0-SNAPSHOT.jar:/home/runner/.m2/repository/org/reflections/reflections/0.9.11/reflections-0.9.11.jar:/home/runner/.m2/repository/com/sun/jersey/jersey-client/1.19/jersey-client-1.19.jar:/home/runner/.m2/repository/org/codehaus/jackson/jackson-core-asl/1.9.13/jackson-core-asl-1.9.13.jar:/home/runner/.m2/repository/org/codehaus/jackson/jackson-mapper-asl/1.9.13/jackson-mapper-asl-1.9.13.jar:/home/runner/.m2/repository/org/codehaus/jackson/jackson-jaxrs/1.9.13/jackson-jaxrs-1.9.13.jar:/home/runner/.m2/repository/org/apache/ranger/ranger-intg/2.3.0/ranger-intg-2.3.0.jar:/home/runner/.m2/repository/org/apache/ranger/ranger-plugins-common/2.3.0/ranger-plugins-common-2.3.0.jar:/home/runner/.m2/repository/commons-lang/commons-lang/2.6/commons-lang-2.6.jar:/home/runner/.m2/repository/org/apache/ranger/ranger-plugins-cred/2.3.0/ranger-plugins-cred-2.3.0.jar:/home/runner/.m2/repository/org/apache/ranger/ranger-plugins-audit/2.3.0/ranger-plugins-audit-2.3.0.jar:/home/runner/.m2/repository/org/eclipse/jetty/jetty-client/9.4.51.v20230217/jetty-client-9.4.51.v20230217.jar:/home/runner/.m2/repository/org/apache/httpcomponents/httpmime/4.5.6/httpmime-4.5.6.jar:/home/runner/.m2/repository/org/apache/httpcomponents/httpcore-nio/4.4.13/httpcore-nio-4.4.13.jar:/home/runner/.m2/repository/org/apache/httpcomponents/httpasyncclient/4.1.3/httpasyncclient-4.1.3.jar:/home/runner/.m2/repository/com/carrotsearch/hppc/0.8.0/hppc-0.8.0.jar:/home/runner/.m2/repository/org/apache/orc/orc-core/1.5.8/orc-core-1.5.8.jar:/home/runner/.m2/repository/net/java/dev/jna/jna/5.2.0/jna-5.2.0.jar:/home/runner/.m2/repository/net/java/dev/jna/jna-platform/5.2.0/jna-platform-5.2.0.jar:/home/runner/.m2/repository/com/kstruct/gethostname4j/0.0.2/gethostname4j-0.0.2.jar:/home/runner/.m2/repository/org/apache/ranger/ranger-plugin-classloader/2.3.0/ranger-plugin-classloader-2.3.0.jar:/home/runner/.m2/repository/org/apache/ozone/hdds-rocks-native/1.4.0-SNAPSHOT/hdds-rocks-native-1.4.0-SNAPSHOT.jar:/home/runner/.m2/repository/org/apache/hadoop/hadoop-minikdc/3.3.5/hadoop-minikdc-3.3.5.jar:/home/runner/.m2/repository/org/apache/kerby/kerb-simplekdc/1.0.1/kerb-simplekdc-1.0.1.jar:/home/runner/.m2/repository/org/apache/kerby/kerb-client/1.0.1/kerb-client-1.0.1.jar:/home/runner/.m2/repository/org/apache/kerby/kerby-config/1.0.1/kerby-config-1.0.1.jar:/home/runner/.m2/repository/org/apache/kerby/kerb-common/1.0.1/kerb-common-1.0.1.jar:/home/runner/.m2/repository/org/apache/kerby/kerb-crypto/1.0.1/kerb-crypto-1.0.1.jar:/home/runner/.m2/repository/org/apache/kerby/kerb-util/1.0.1/kerb-util-1.0.1.jar:/home/runner/.m2/repository/org/apache/kerby/token-provider/1.0.1/token-provider-1.0.1.jar:/home/runner/.m2/repository/org/apache/kerby/kerb-admin/1.0.1/kerb-admin-1.0.1.jar:/home/runner/.m2/repository/org/apache/kerby/kerb-server/1.0.1/kerb-server-1.0.1.jar:/home/runner/.m2/repository/org/apache/kerby/kerb-identity/1.0.1/kerb-identity-1.0.1.jar:/home/runner/.m2/repository/org/apache/kerby/kerby-xdr/1.0.1/kerby-xdr-1.0.1.jar:/home/runner/.m2/repository/org/apache/ozone/ozone-s3gateway/1.4.0-SNAPSHOT/ozone-s3gateway-1.4.0-SNAPSHOT.jar:/home/runner/.m2/repository/org/javassist/javassist/3.21.0-GA/javassist-3.21.0-GA.jar:/home/runner/.m2/repository/org/jboss/weld/servlet/weld-servlet-shaded/3.1.9.Final/weld-servlet-shaded-3.1.9.Final.jar:/home/runner/.m2/repository/org/glassfish/jersey/containers/jersey-container-servlet-core/2.34/jersey-container-servlet-core-2.34.jar:/home/runner/.m2/repository/org/glassfish/hk2/external/jakarta.inject/2.6.1/jakarta.inject-2.6.1.jar:/home/runner/.m2/repository/org/glassfish/jersey/core/jersey-common/2.34/jersey-common-2.34.jar:/home/runner/.m2/repository/jakarta/ws/rs/jakarta.ws.rs-api/2.1.6/jakarta.ws.rs-api-2.1.6.jar:/home/runner/.m2/repository/org/glassfish/jersey/ext/cdi/jersey-cdi1x/2.34/jersey-cdi1x-2.34.jar:/home/runner/.m2/repository/org/glassfish/jersey/inject/jersey-hk2/2.34/jersey-hk2-2.34.jar:/home/runner/.m2/repository/org/glassfish/hk2/hk2-locator/2.6.1/hk2-locator-2.6.1.jar:/home/runner/.m2/repository/org/glassfish/jersey/media/jersey-media-jaxb/2.34/jersey-media-jaxb-2.34.jar:/home/runner/.m2/repository/org/glassfish/hk2/osgi-resource-locator/1.0.3/osgi-resource-locator-1.0.3.jar:/home/runner/.m2/repository/org/glassfish/hk2/hk2-api/2.5.0/hk2-api-2.5.0.jar:/home/runner/.m2/repository/org/glassfish/hk2/hk2-utils/2.5.0/hk2-utils-2.5.0.jar:/home/runner/.m2/repository/org/glassfish/hk2/external/aopalliance-repackaged/2.5.0/aopalliance-repackaged-2.5.0.jar:/home/runner/.m2/repository/com/fasterxml/jackson/dataformat/jackson-dataformat-xml/2.13.4/jackson-dataformat-xml-2.13.4.jar:/home/runner/.m2/repository/org/codehaus/woodstox/stax2-api/4.2.1/stax2-api-4.2.1.jar:/home/runner/.m2/repository/com/fasterxml/woodstox/woodstox-core/5.4.0/woodstox-core-5.4.0.jar:/home/runner/.m2/repository/com/fasterxml/jackson/module/jackson-module-jaxb-annotations/2.13.4/jackson-module-jaxb-annotations-2.13.4.jar:/home/runner/.m2/repository/jakarta/xml/bind/jakarta.xml.bind-api/2.3.3/jakarta.xml.bind-api-2.3.3.jar:/home/runner/.m2/repository/jakarta/activation/jakarta.activation-api/1.2.2/jakarta.activation-api-1.2.2.jar:/home/runner/.m2/repository/javax/enterprise/cdi-api/2.0/cdi-api-2.0.jar:/home/runner/.m2/repository/javax/el/javax.el-api/3.0.0/javax.el-api-3.0.0.jar:/home/runner/.m2/repository/javax/interceptor/javax.interceptor-api/1.2/javax.interceptor-api-1.2.jar:/home/runner/.m2/repository/javax/inject/javax.inject/1/javax.inject-1.jar:/home/runner/.m2/repository/javax/xml/bind/jaxb-api/2.3.0/jaxb-api-2.3.0.jar:/home/runner/.m2/repository/org/glassfish/jaxb/jaxb-runtime/2.3.0.1/jaxb-runtime-2.3.0.1.jar:/home/runner/.m2/repository/org/glassfish/jaxb/jaxb-core/2.3.0.1/jaxb-core-2.3.0.1.jar:/home/runner/.m2/repository/org/glassfish/jaxb/txw2/2.3.0.1/txw2-2.3.0.1.jar:/home/runner/.m2/repository/com/sun/istack/istack-commons-runtime/3.0.5/istack-commons-runtime-3.0.5.jar:/home/runner/.m2/repository/org/jvnet/staxex/stax-ex/1.7.8/stax-ex-1.7.8.jar:/home/runner/.m2/repository/com/sun/xml/fastinfoset/FastInfoset/1.2.13/FastInfoset-1.2.13.jar:/home/runner/.m2/repository/javax/activation/activation/1.1.1/activation-1.1.1.jar:/home/runner/.m2/repository/io/grpc/grpc-protobuf/1.51.1/grpc-protobuf-1.51.1.jar:/home/runner/.m2/repository/io/grpc/grpc-api/1.51.1/grpc-api-1.51.1.jar:/home/runner/.m2/repository/io/grpc/grpc-context/1.51.1/grpc-context-1.51.1.jar:/home/runner/.m2/repository/com/google/api/grpc/proto-google-common-protos/2.9.0/proto-google-common-protos-2.9.0.jar:/home/runner/.m2/repository/io/grpc/grpc-protobuf-lite/1.51.1/grpc-protobuf-lite-1.51.1.jar:/home/runner/.m2/repository/io/grpc/grpc-stub/1.51.1/grpc-stub-1.51.1.jar:/home/runner/.m2/repository/io/netty/netty-transport/4.1.86.Final/netty-transport-4.1.86.Final.jar:/home/runner/.m2/repository/io/netty/netty-resolver/4.1.86.Final/netty-resolver-4.1.86.Final.jar:/home/runner/.m2/repository/org/apache/ozone/ozone-csi/1.4.0-SNAPSHOT/ozone-csi-1.4.0-SNAPSHOT.jar:/home/runner/.m2/repository/com/google/protobuf/protobuf-java-util/3.19.6/protobuf-java-util-3.19.6.jar:/home/runner/.m2/repository/com/google/code/gson/gson/2.9.0/gson-2.9.0.jar:/home/runner/.m2/repository/org/apache/ozone/hdds-config/1.4.0-SNAPSHOT/hdds-config-1.4.0-SNAPSHOT.jar:/home/runner/.m2/repository/io/netty/netty-transport-native-epoll/4.1.86.Final/netty-transport-native-epoll-4.1.86.Final-linux-x86_64.jar:/home/runner/.m2/repository/io/netty/netty-transport-classes-epoll/4.1.86.Final/netty-transport-classes-epoll-4.1.86.Final.jar:/home/runner/.m2/repository/io/netty/netty-transport-native-unix-common/4.1.86.Final/netty-transport-native-unix-common-4.1.86.Final.jar:/home/runner/.m2/repository/org/apache/ozone/ozone-recon/1.4.0-SNAPSHOT/ozone-recon-1.4.0-SNAPSHOT.jar:/home/runner/.m2/repository/org/apache/ozone/ozone-reconcodegen/1.4.0-SNAPSHOT/ozone-reconcodegen-1.4.0-SNAPSHOT.jar:/home/runner/.m2/repository/com/google/inject/guice/5.1.0/guice-5.1.0.jar:/home/runner/.m2/repository/aopalliance/aopalliance/1.0/aopalliance-1.0.jar:/home/runner/.m2/repository/com/google/inject/extensions/guice-assistedinject/5.1.0/guice-assistedinject-5.1.0.jar:/home/runner/.m2/repository/com/google/inject/extensions/guice-servlet/5.1.0/guice-servlet-5.1.0.jar:/home/runner/.m2/repository/org/glassfish/jersey/containers/jersey-container-servlet/2.34/jersey-container-servlet-2.34.jar:/home/runner/.m2/repository/org/glassfish/hk2/guice-bridge/2.5.0/guice-bridge-2.5.0.jar:/home/runner/.m2/repository/org/glassfish/jersey/core/jersey-server/2.34/jersey-server-2.34.jar:/home/runner/.m2/repository/org/glassfish/jersey/core/jersey-client/2.34/jersey-client-2.34.jar:/home/runner/.m2/repository/jakarta/annotation/jakarta.annotation-api/1.3.5/jakarta.annotation-api-1.3.5.jar:/home/runner/.m2/repository/jakarta/validation/jakarta.validation-api/2.0.2/jakarta.validation-api-2.0.2.jar:/home/runner/.m2/repository/org/glassfish/jersey/media/jersey-media-json-jackson/2.34/jersey-media-json-jackson-2.34.jar:/home/runner/.m2/repository/org/glassfish/jersey/ext/jersey-entity-filtering/2.34/jersey-entity-filtering-2.34.jar:/home/runner/.m2/repository/org/jooq/jooq/3.11.10/jooq-3.11.10.jar:/home/runner/.m2/repository/org/jooq/jooq-meta/3.11.10/jooq-meta-3.11.10.jar:/home/runner/.m2/repository/org/jooq/jooq-codegen/3.11.10/jooq-codegen-3.11.10.jar:/home/runner/.m2/repository/com/jolbox/bonecp/0.8.0.RELEASE/bonecp-0.8.0.RELEASE.jar:/home/runner/.m2/repository/org/apache/derby/derby/10.14.2.0/derby-10.14.2.0.jar:/home/runner/.m2/repository/org/xerial/sqlite-jdbc/3.25.2/sqlite-jdbc-3.25.2.jar:/home/runner/.m2/repository/org/springframework/spring-jdbc/5.3.26/spring-jdbc-5.3.26.jar:/home/runner/.m2/repository/org/springframework/spring-beans/5.3.26/spring-beans-5.3.26.jar:/home/runner/.m2/repository/org/springframework/spring-core/5.3.26/spring-core-5.3.26.jar:/home/runner/.m2/repository/org/springframework/spring-tx/5.3.26/spring-tx-5.3.26.jar:/home/runner/.m2/repository/org/apache/ozone/ozone-client/1.4.0-SNAPSHOT/ozone-client-1.4.0-SNAPSHOT.jar:/home/runner/.m2/repository/org/apache/ozone/hdds-erasurecode/1.4.0-SNAPSHOT/hdds-erasurecode-1.4.0-SNAPSHOT.jar:/home/runner/.m2/repository/org/apache/ozone/ozone-filesystem/1.4.0-SNAPSHOT/ozone-filesystem-1.4.0-SNAPSHOT.jar:/home/runner/.m2/repository/org/apache/ozone/ozone-filesystem-common/1.4.0-SNAPSHOT/ozone-filesystem-common-1.4.0-SNAPSHOT.jar:/home/runner/.m2/repository/org/apache/ozone/ozone-tools/1.4.0-SNAPSHOT/ozone-tools-1.4.0-SNAPSHOT.jar:/home/runner/.m2/repository/com/amazonaws/aws-java-sdk-core/1.12.261/aws-java-sdk-core-1.12.261.jar:/home/runner/.m2/repository/org/apache/httpcomponents/httpclient/4.5.13/httpclient-4.5.13.jar:/home/runner/.m2/repository/org/apache/httpcomponents/httpcore/4.4.13/httpcore-4.4.13.jar:/home/runner/.m2/repository/software/amazon/ion/ion-java/1.0.2/ion-java-1.0.2.jar:/home/runner/.m2/repository/com/fasterxml/jackson/dataformat/jackson-dataformat-cbor/2.13.4/jackson-dataformat-cbor-2.13.4.jar:/home/runner/.m2/repository/joda-time/joda-time/2.10.6/joda-time-2.10.6.jar:/home/runner/.m2/repository/com/amazonaws/aws-java-sdk-s3/1.12.261/aws-java-sdk-s3-1.12.261.jar:/home/runner/.m2/repository/com/amazonaws/aws-java-sdk-kms/1.12.261/aws-java-sdk-kms-1.12.261.jar:/home/runner/.m2/repository/com/amazonaws/jmespath-java/1.12.261/jmespath-java-1.12.261.jar:/home/runner/.m2/repository/org/kohsuke/metainf-services/metainf-services/1.8/metainf-services-1.8.jar:/home/runner/.m2/repository/org/apache/ozone/hdds-tools/1.4.0-SNAPSHOT/hdds-tools-1.4.0-SNAPSHOT.jar:/home/runner/.m2/repository/org/apache/ratis/ratis-tools/2.4.2-8b8bdda-SNAPSHOT/ratis-tools-2.4.2-8b8bdda-SNAPSHOT.jar:/home/runner/.m2/repository/commons-cli/commons-cli/1.2/commons-cli-1.2.jar:/home/runner/.m2/repository/org/apache/commons/commons-lang3/3.7/commons-lang3-3.7.jar:/home/runner/.m2/repository/org/apache/ozone/ozone-manager/1.4.0-SNAPSHOT/ozone-manager-1.4.0-SNAPSHOT-tests.jar:/home/runner/.m2/repository/org/apache/ozone/hdds-common/1.4.0-SNAPSHOT/hdds-common-1.4.0-SNAPSHOT-tests.jar:/home/runner/.m2/repository/org/apache/ozone/hdds-hadoop-dependency-client/1.4.0-SNAPSHOT/hdds-hadoop-dependency-client-1.4.0-SNAPSHOT.jar:/home/runner/.m2/repository/info/picocli/picocli/4.6.1/picocli-4.6.1.jar:/home/runner/.m2/repository/com/fasterxml/jackson/core/jackson-annotations/2.13.4/jackson-annotations-2.13.4.jar:/home/runner/.m2/repository/org/apache/ozone/hdds-annotation-processing/1.4.0-SNAPSHOT/hdds-annotation-processing-1.4.0-SNAPSHOT.jar:/home/runner/.m2/repository/javax/annotation/javax.annotation-api/1.2/javax.annotation-api-1.2.jar:/home/runner/.m2/repository/org/apache/ratis/ratis-netty/2.4.2-8b8bdda-SNAPSHOT/ratis-netty-2.4.2-8b8bdda-SNAPSHOT.jar:/home/runner/.m2/repository/org/apache/ratis/ratis-grpc/2.4.2-8b8bdda-SNAPSHOT/ratis-grpc-2.4.2-8b8bdda-SNAPSHOT.jar:/home/runner/.m2/repository/org/apache/logging/log4j/log4j-api/2.17.1/log4j-api-2.17.1.jar:/home/runner/.m2/repository/org/apache/commons/commons-pool2/2.6.0/commons-pool2-2.6.0.jar:/home/runner/.m2/repository/org/bouncycastle/bcpkix-jdk15on/1.67/bcpkix-jdk15on-1.67.jar:/home/runner/.m2/repository/commons-validator/commons-validator/1.6/commons-validator-1.6.jar:/home/runner/.m2/repository/commons-beanutils/commons-beanutils/1.9.4/commons-beanutils-1.9.4.jar:/home/runner/.m2/repository/commons-digester/commons-digester/1.8.1/commons-digester-1.8.1.jar:/home/runner/.m2/repository/commons-collections/commons-collections/3.2.2/commons-collections-3.2.2.jar:/home/runner/.m2/repository/io/jaegertracing/jaeger-client/1.6.0/jaeger-client-1.6.0.jar:/home/runner/.m2/repository/io/jaegertracing/jaeger-thrift/1.6.0/jaeger-thrift-1.6.0.jar:/home/runner/.m2/repository/org/apache/thrift/libthrift/0.14.1/libthrift-0.14.1.jar:/home/runner/.m2/repository/io/jaegertracing/jaeger-core/1.6.0/jaeger-core-1.6.0.jar:/home/runner/.m2/repository/io/jaegertracing/jaeger-tracerresolver/1.6.0/jaeger-tracerresolver-1.6.0.jar:/home/runner/.m2/repository/io/opentracing/contrib/opentracing-tracerresolver/0.1.8/opentracing-tracerresolver-0.1.8.jar:/home/runner/.m2/repository/org/jetbrains/kotlin/kotlin-stdlib/1.6.21/kotlin-stdlib-1.6.21.jar:/home/runner/.m2/repository/org/jetbrains/annotations/13.0/annotations-13.0.jar:/home/runner/.m2/repository/io/opentracing/opentracing-util/0.33.0/opentracing-util-0.33.0.jar:/home/runner/.m2/repository/io/opentracing/opentracing-api/0.33.0/opentracing-api-0.33.0.jar:/home/runner/.m2/repository/io/opentracing/opentracing-noop/0.33.0/opentracing-noop-0.33.0.jar:/home/runner/.m2/repository/org/yaml/snakeyaml/2.0/snakeyaml-2.0.jar:/home/runner/.m2/repository/junit/junit/4.13.1/junit-4.13.1.jar:/home/runner/.m2/repository/org/hamcrest/hamcrest-core/1.3/hamcrest-core-1.3.jar:/home/runner/.m2/repository/org/junit/jupiter/junit-jupiter-api/5.8.2/junit-jupiter-api-5.8.2.jar:/home/runner/.m2/repository/org/opentest4j/opentest4j/1.2.0/opentest4j-1.2.0.jar:/home/runner/.m2/repository/org/junit/platform/junit-platform-commons/1.8.2/junit-platform-commons-1.8.2.jar:/home/runner/.m2/repository/org/apiguardian/apiguardian-api/1.1.2/apiguardian-api-1.1.2.jar:/home/runner/.m2/repository/org/junit/jupiter/junit-jupiter-params/5.8.2/junit-jupiter-params-5.8.2.jar:/home/runner/.m2/repository/org/junit/jupiter/junit-jupiter-migrationsupport/5.8.2/junit-jupiter-migrationsupport-5.8.2.jar:/home/runner/.m2/repository/org/junit/jupiter/junit-jupiter-engine/5.8.2/junit-jupiter-engine-5.8.2.jar:/home/runner/.m2/repository/org/junit/platform/junit-platform-engine/1.8.2/junit-platform-engine-1.8.2.jar:/home/runner/.m2/repository/org/junit/vintage/junit-vintage-engine/5.8.2/junit-vintage-engine-5.8.2.jar:/home/runner/.m2/repository/org/junit/platform/junit-platform-launcher/1.8.2/junit-platform-launcher-1.8.2.jar:/home/runner/.m2/repository/org/mockito/mockito-core/2.28.2/mockito-core-2.28.2.jar:/home/runner/.m2/repository/net/bytebuddy/byte-buddy/1.9.10/byte-buddy-1.9.10.jar:/home/runner/.m2/repository/net/bytebuddy/byte-buddy-agent/1.9.10/byte-buddy-agent-1.9.10.jar:/home/runner/.m2/repository/org/objenesis/objenesis/1.0/objenesis-1.0.jar:/home/runner/.m2/repository/org/apache/hadoop/hadoop-kms/3.3.5/hadoop-kms-3.3.5.jar:/home/runner/.m2/repository/org/apache/hadoop/hadoop-auth/3.3.5/hadoop-auth-3.3.5.jar:/home/runner/.m2/repository/com/nimbusds/nimbus-jose-jwt/9.8.1/nimbus-jose-jwt-9.8.1.jar:/home/runner/.m2/repository/com/github/stephenc/jcip/jcip-annotations/1.0-1/jcip-annotations-1.0-1.jar:/home/runner/.m2/repository/net/minidev/json-smart/2.4.7/json-smart-2.4.7.jar:/home/runner/.m2/repository/net/minidev/accessors-smart/2.4.7/accessors-smart-2.4.7.jar:/home/runner/.m2/repository/org/ow2/asm/asm/5.0.4/asm-5.0.4.jar:/home/runner/.m2/repository/org/apache/zookeeper/zookeeper/3.5.6/zookeeper-3.5.6.jar:/home/runner/.m2/repository/org/apache/zookeeper/zookeeper-jute/3.5.6/zookeeper-jute-3.5.6.jar:/home/runner/.m2/repository/org/apache/yetus/audience-annotations/0.5.0/audience-annotations-0.5.0.jar:/home/runner/.m2/repository/org/apache/curator/curator-framework/4.2.0/curator-framework-4.2.0.jar:/home/runner/.m2/repository/org/apache/hadoop/thirdparty/hadoop-shaded-guava/1.1.1/hadoop-shaded-guava-1.1.1.jar:/home/runner/.m2/repository/com/sun/jersey/jersey-core/1.19/jersey-core-1.19.jar:/home/runner/.m2/repository/javax/ws/rs/jsr311-api/1.1.1/jsr311-api-1.1.1.jar:/home/runner/.m2/repository/com/sun/jersey/jersey-server/1.19/jersey-server-1.19.jar:/home/runner/.m2/repository/javax/servlet/javax.servlet-api/3.1.0/javax.servlet-api-3.1.0.jar:/home/runner/.m2/repository/org/apache/hadoop/hadoop-common/3.3.5/hadoop-common-3.3.5.jar:/home/runner/.m2/repository/org/apache/commons/commons-math3/3.1.1/commons-math3-3.1.1.jar:/home/runner/.m2/repository/commons-net/commons-net/3.9.0/commons-net-3.9.0.jar:/home/runner/.m2/repository/com/sun/jersey/jersey-servlet/1.19/jersey-servlet-1.19.jar:/home/runner/.m2/repository/com/github/pjfanning/jersey-json/1.20/jersey-json-1.20.jar:/home/runner/.m2/repository/org/codehaus/jettison/jettison/1.1/jettison-1.1.jar:/home/runner/.m2/repository/com/sun/xml/bind/jaxb-impl/2.2.3-1/jaxb-impl-2.2.3-1.jar:/home/runner/.m2/repository/com/google/re2j/re2j/1.1/re2j-1.1.jar:/home/runner/.m2/repository/com/jcraft/jsch/0.1.54/jsch-0.1.54.jar:/home/runner/.m2/repository/org/apache/curator/curator-client/4.2.0/curator-client-4.2.0.jar:/home/runner/.m2/repository/org/apache/curator/curator-recipes/4.2.0/curator-recipes-4.2.0.jar:/home/runner/.m2/repository/org/apache/kerby/kerb-core/1.0.1/kerb-core-1.0.1.jar:/home/runner/.m2/repository/org/apache/kerby/kerby-pkix/1.0.1/kerby-pkix-1.0.1.jar:/home/runner/.m2/repository/org/apache/kerby/kerby-asn1/1.0.1/kerby-asn1-1.0.1.jar:/home/runner/.m2/repository/org/apache/kerby/kerby-util/1.0.1/kerby-util-1.0.1.jar:/home/runner/.m2/repository/dnsjava/dnsjava/2.1.7/dnsjava-2.1.7.jar:/home/runner/.m2/repository/org/xerial/snappy/snappy-java/1.1.8.2/snappy-java-1.1.8.2.jar:/home/runner/.m2/repository/com/fasterxml/jackson/core/jackson-databind/2.13.4.2/jackson-databind-2.13.4.2.jar:/home/runner/.m2/repository/org/apache/hadoop/hadoop-kms/3.3.5/hadoop-kms-3.3.5-tests.jar:/home/runner/.m2/repository/org/apache/ozone/hdds-server-scm/1.4.0-SNAPSHOT/hdds-server-scm-1.4.0-SNAPSHOT-tests.jar:/home/runner/.m2/repository/org/apache/ozone/hdds-container-service/1.4.0-SNAPSHOT/hdds-container-service-1.4.0-SNAPSHOT-tests.jar:/home/runner/.m2/repository/com/github/luben/zstd-jni/1.5.2-5/zstd-jni-1.5.2-5.jar:/home/runner/.m2/repository/commons-codec/commons-codec/1.15/commons-codec-1.15.jar:/home/runner/.m2/repository/io/netty/netty-codec/4.1.86.Final/netty-codec-4.1.86.Final.jar:/home/runner/.m2/repository/io/netty/netty-handler/4.1.86.Final/netty-handler-4.1.86.Final.jar:/home/runner/.m2/repository/org/apache/ozone/hdds-hadoop-dependency-test/1.4.0-SNAPSHOT/hdds-hadoop-dependency-test-1.4.0-SNAPSHOT.jar:/home/runner/.m2/repository/org/apache/hadoop/hadoop-common/3.3.5/hadoop-common-3.3.5-tests.jar:/home/runner/.m2/repository/org/apache/hadoop/hadoop-hdfs/3.3.5/hadoop-hdfs-3.3.5-tests.jar:/home/runner/.m2/repository/org/assertj/assertj-core/3.12.2/assertj-core-3.12.2.jar:/home/runner/.m2/repository/org/apache/hadoop/hadoop-distcp/3.3.5/hadoop-distcp-3.3.5.jar:/home/runner/.m2/repository/org/apache/hadoop/hadoop-mapreduce-client-jobclient/3.3.5/hadoop-mapreduce-client-jobclient-3.3.5.jar:/home/runner/.m2/repository/org/apache/hadoop/hadoop-mapreduce-client-common/3.3.5/hadoop-mapreduce-client-common-3.3.5.jar:/home/runner/.m2/repository/org/apache/hadoop/hadoop-yarn-common/3.3.5/hadoop-yarn-common-3.3.5.jar:/home/runner/.m2/repository/org/apache/hadoop/hadoop-yarn-api/3.3.5/hadoop-yarn-api-3.3.5.jar:/home/runner/.m2/repository/com/sun/jersey/contribs/jersey-guice/1.19/jersey-guice-1.19.jar:/home/runner/.m2/repository/com/fasterxml/jackson/jaxrs/jackson-jaxrs-json-provider/2.13.4/jackson-jaxrs-json-provider-2.13.4.jar:/home/runner/.m2/repository/com/fasterxml/jackson/jaxrs/jackson-jaxrs-base/2.13.4/jackson-jaxrs-base-2.13.4.jar:/home/runner/.m2/repository/org/apache/hadoop/hadoop-yarn-client/3.3.5/hadoop-yarn-client-3.3.5.jar:/home/runner/.m2/repository/org/eclipse/jetty/websocket/websocket-client/9.4.48.v20220622/websocket-client-9.4.48.v20220622.jar:/home/runner/.m2/repository/org/eclipse/jetty/websocket/websocket-common/9.4.48.v20220622/websocket-common-9.4.48.v20220622.jar:/home/runner/.m2/repository/org/eclipse/jetty/websocket/websocket-api/9.4.48.v20220622/websocket-api-9.4.48.v20220622.jar:/home/runner/.m2/repository/org/jline/jline/3.9.0/jline-3.9.0.jar:/home/runner/.m2/repository/org/apache/hadoop/hadoop-mapreduce-client-core/3.3.5/hadoop-mapreduce-client-core-3.3.5.jar:/home/runner/.m2/repository/org/apache/avro/avro/1.7.7/avro-1.7.7.jar:/home/runner/.m2/repository/com/thoughtworks/paranamer/paranamer/2.3/paranamer-2.3.jar:/home/runner/.m2/repository/org/apache/hadoop/hadoop-annotations/3.3.5/hadoop-annotations-3.3.5.jar:/usr/lib/jvm/temurin-8-jdk-amd64/jre/../lib/tools.jar:/home/runner/.m2/repository/io/netty/netty/3.10.6.Final/netty-3.10.6.Final.jar:/home/runner/.m2/repository/org/apache/hadoop/hadoop-distcp/3.3.5/hadoop-distcp-3.3.5-tests.jar:/home/runner/.m2/repository/org/slf4j/jul-to-slf4j/1.7.36/jul-to-slf4j-1.7.36.jar:"/>
    <property name="sun.cpu.endian" value="little"/>
    <property name="user.home" value="/home/runner"/>
    <property name="user.language" value="en"/>
    <property name="java.specification.vendor" value="Oracle Corporation"/>
    <property name="java.home" value="/usr/lib/jvm/temurin-8-jdk-amd64/jre"/>
    <property name="java.security.krb5.conf" value="/home/runner/work/ozone/ozone/hadoop-ozone/integration-test/target/test-classes/krb5.conf"/>
    <property name="basedir" value="/home/runner/work/ozone/ozone/hadoop-ozone/integration-test"/>
    <property name="file.separator" value="/"/>
    <property name="line.separator" value="&#10;"/>
    <property name="java.vm.specification.vendor" value="Oracle Corporation"/>
    <property name="java.specification.name" value="Java Platform API Specification"/>
    <property name="java.awt.graphicsenv" value="sun.awt.X11GraphicsEnvironment"/>
    <property name="skip.installnpx" value="true"/>
    <property name="surefire.real.class.path" value="/home/runner/work/ozone/ozone/hadoop-ozone/integration-test/target/surefire/surefirebooter1396259345363487855.jar:/home/runner/.m2/repository/org/jacoco/org.jacoco.agent/0.8.5/org.jacoco.agent-0.8.5-runtime.jar"/>
    <property name="hadoop.log.dir" value="/home/runner/work/ozone/ozone/hadoop-ozone/integration-test/target/log"/>
    <property name="sun.boot.class.path" value="/usr/lib/jvm/temurin-8-jdk-amd64/jre/lib/resources.jar:/usr/lib/jvm/temurin-8-jdk-amd64/jre/lib/rt.jar:/usr/lib/jvm/temurin-8-jdk-amd64/jre/lib/sunrsasign.jar:/usr/lib/jvm/temurin-8-jdk-amd64/jre/lib/jsse.jar:/usr/lib/jvm/temurin-8-jdk-amd64/jre/lib/jce.jar:/usr/lib/jvm/temurin-8-jdk-amd64/jre/lib/charsets.jar:/usr/lib/jvm/temurin-8-jdk-amd64/jre/lib/jfr.jar:/usr/lib/jvm/temurin-8-jdk-amd64/jre/classes"/>
    <property name="sun.management.compiler" value="HotSpot 64-Bit Tiered Compilers"/>
    <property name="skip.npx" value="true"/>
    <property name="java.runtime.version" value="1.8.0_362-b09"/>
    <property name="java.net.preferIPv4Stack" value="true"/>
    <property name="user.name" value="runner"/>
    <property name="path.separator" value=":"/>
    <property name="java.security.egd" value="file:///dev/urandom"/>
    <property name="os.version" value="5.15.0-1036-azure"/>
    <property name="java.endorsed.dirs" value="/usr/lib/jvm/temurin-8-jdk-amd64/jre/lib/endorsed"/>
    <property name="java.runtime.name" value="OpenJDK Runtime Environment"/>
    <property name="file.encoding" value="UTF-8"/>
    <property name="java.vm.name" value="OpenJDK 64-Bit Server VM"/>
    <property name="test.build.webapps" value=""/>
    <property name="localRepository" value="/home/runner/.m2/repository"/>
    <property name="jetty.git.hash" value="b45c405e4544384de066f814ed42ae3dceacdd49"/>
    <property name="java.vendor.url.bug" value="https://github.com/adoptium/adoptium-support/issues"/>
    <property name="java.io.tmpdir" value="/tmp"/>
    <property name="require.test.libhadoop" value=""/>
    <property name="java.version" value="1.8.0_362"/>
    <property name="user.dir" value="/home/runner/work/ozone/ozone/hadoop-ozone/integration-test"/>
    <property name="os.arch" value="amd64"/>
    <property name="java.vm.specification.name" value="Java Virtual Machine Specification"/>
    <property name="test.build.classes" value="/home/runner/work/ozone/ozone/hadoop-ozone/integration-test/target/test-classes"/>
    <property name="java.awt.printerjob" value="sun.print.PSPrinterJob"/>
    <property name="sun.os.patch.level" value="unknown"/>
    <property name="org.apache.ratis.thirdparty.io.netty.allocator.useCacheForAllThreads" value="false"/>
    <property name="hadoop.tmp.dir" value="/home/runner/work/ozone/ozone/hadoop-ozone/integration-test/target/tmp"/>
    <property name="java.library.path" value="/usr/java/packages/lib/amd64:/usr/lib64:/lib64:/lib:/usr/lib"/>
    <property name="java.vm.info" value="mixed mode"/>
    <property name="java.vendor" value="Temurin"/>
    <property name="java.vm.version" value="25.362-b09"/>
    <property name="java.specification.maintenance.version" value="4"/>
    <property name="java.ext.dirs" value="/usr/lib/jvm/temurin-8-jdk-amd64/jre/lib/ext:/usr/java/packages/lib/ext"/>
    <property name="sun.io.unicode.encoding" value="UnicodeLittle"/>
    <property name="java.class.version" value="52.0"/>
  </properties>
  <testcase name="testECKey" classname="org.apache.hadoop.ozone.freon.TestRandomKeyGenerator" time="10.677">
    <system-out><![CDATA[2023-04-27 06:11:38,590 [main] WARN  server.ServerUtils (ServerUtils.java:getScmDbDir(148)) - ozone.scm.db.dirs is not configured. We recommend adding this setting. Falling back to ozone.metadata.dirs instead.
2023-04-27 06:11:38,740 [main] WARN  server.ServerUtils (ServerUtils.java:getScmDbDir(148)) - ozone.scm.db.dirs is not configured. We recommend adding this setting. Falling back to ozone.metadata.dirs instead.
2023-04-27 06:11:38,746 [main] INFO  ha.SCMHANodeDetails (SCMHANodeDetails.java:loadSCMHAConfig(209)) - ServiceID for StorageContainerManager is null
2023-04-27 06:11:38,760 [main] WARN  ha.SCMHANodeDetails (SCMHANodeDetails.java:validateSCMHAConfig(182)) - Invalid config ozone.scm.ratis.enable. The config was not specified, but the default value true conflicts with the expected config value false. Falling back to the expected value. Current State of SCM: SCM is running in Non-HA without Ratis Ratis SCM -> Non Ratis SCM or Non HA SCM -> HA SCM is not supported
2023-04-27 06:11:38,760 [main] INFO  ha.SCMHANodeDetails (SCMHANodeDetails.java:loadSCMHAConfig(214)) - ozone.scm.default.service.id is not defined, falling back to ozone.scm.service.ids to find serviceID for StorageContainerManager if it is HA enabled cluster
2023-04-27 06:11:39,386 [main] WARN  utils.HAUtils (HAUtils.java:getMetaDir(350)) - ozone.scm.db.dirs is not configured. We recommend adding this setting. Falling back to ozone.metadata.dirs instead.
2023-04-27 06:11:39,527 [main] WARN  db.DBStoreBuilder (DBStoreBuilder.java:applyDBDefinition(182)) - ozone.scm.db.dirs is not configured. We recommend adding this setting. Falling back to ozone.metadata.dirs instead.
2023-04-27 06:11:39,752 [main] INFO  net.NodeSchemaLoader (NodeSchemaLoader.java:loadSchemaFromFile(129)) - Loading schema from [jar:file:/home/runner/.m2/repository/org/apache/ozone/hdds-common/1.4.0-SNAPSHOT/hdds-common-1.4.0-SNAPSHOT.jar!/network-topology-default.xml]
2023-04-27 06:11:39,757 [main] INFO  net.NodeSchemaLoader (NodeSchemaLoader.java:loadSchema(176)) - Loading network topology layer schema file
2023-04-27 06:11:39,800 [main] INFO  metrics.MetricRegistries (MetricRegistriesLoader.java:load(64)) - Loaded MetricRegistries class org.apache.ratis.metrics.impl.MetricRegistriesImpl
2023-04-27 06:11:39,807 [main] INFO  upgrade.AbstractLayoutVersionManager (AbstractLayoutVersionManager.java:init(83)) - Initializing Layout version manager with metadata layout = WEBUI_PORTS_IN_DATANODEDETAILS (version = 6), software layout = WEBUI_PORTS_IN_DATANODEDETAILS (version = 6)
2023-04-27 06:11:40,047 [main] INFO  reflections.Reflections (Reflections.java:scan(232)) - Reflections took 151 ms to scan 7 urls, producing 156 keys and 369 values 
2023-04-27 06:11:40,152 [main] INFO  ha.SequenceIdGenerator (SequenceIdGenerator.java:upgradeToSequenceId(349)) - upgrade localId to 111677748019200000
2023-04-27 06:11:40,152 [main] INFO  ha.SequenceIdGenerator (SequenceIdGenerator.java:upgradeToSequenceId(359)) - upgrade delTxnId to 0
2023-04-27 06:11:40,156 [main] INFO  ha.SequenceIdGenerator (SequenceIdGenerator.java:upgradeToSequenceId(376)) - upgrade containerId to 0
2023-04-27 06:11:40,158 [main] INFO  ha.SequenceIdGenerator (SequenceIdGenerator.java:<init>(220)) - Init the HA SequenceIdGenerator.
2023-04-27 06:11:40,222 [main] WARN  server.ServerUtils (ServerUtils.java:sanitizeUserArgs(73)) - ozone.scm.stale.node.interval value = 300000 is larger than max = 100000 based on the key value of ozone.scm.heartbeat.thread.interval, reset to the max value 100000.
2023-04-27 06:11:40,222 [main] WARN  server.ServerUtils (ServerUtils.java:sanitizeUserArgs(73)) - ozone.scm.stale.node.interval value = 300000 is larger than max = 100000 based on the key value of ozone.scm.heartbeat.thread.interval, reset to the max value 100000.
2023-04-27 06:11:40,231 [main] INFO  node.SCMNodeManager (SCMNodeManager.java:<init>(156)) - Entering startup safe mode.
2023-04-27 06:11:40,250 [main] INFO  algorithms.ContainerPlacementPolicyFactory (ContainerPlacementPolicyFactory.java:getPolicyInternal(86)) - Create container placement policy of type org.apache.hadoop.hdds.scm.container.placement.algorithms.SCMContainerPlacementRackAware
2023-04-27 06:11:40,253 [main] INFO  algorithms.ContainerPlacementPolicyFactory (ContainerPlacementPolicyFactory.java:getPolicyInternal(86)) - Create container placement policy of type org.apache.hadoop.hdds.scm.container.placement.algorithms.SCMContainerPlacementRackScatter
2023-04-27 06:11:40,262 [main] INFO  pipeline.PipelineStateManagerImpl (PipelineStateManagerImpl.java:initialize(78)) - No pipeline exists in current db
2023-04-27 06:11:40,296 [main] INFO  algorithms.LeaderChoosePolicyFactory (LeaderChoosePolicyFactory.java:getPolicy(57)) - Create leader choose policy of type org.apache.hadoop.hdds.scm.pipeline.leader.choose.algorithms.MinLeaderCountChoosePolicy
2023-04-27 06:11:40,297 [main] INFO  algorithms.ContainerPlacementPolicyFactory (ContainerPlacementPolicyFactory.java:getPolicyInternal(86)) - Create container placement policy of type org.apache.hadoop.hdds.scm.container.placement.algorithms.SCMContainerPlacementRackScatter
2023-04-27 06:11:40,303 [main] INFO  ha.SCMServiceManager (SCMServiceManager.java:register(42)) - Registering service BackgroundPipelineCreator.
2023-04-27 06:11:40,304 [main] INFO  pipeline.BackgroundPipelineCreator (BackgroundPipelineCreator.java:start(124)) - Starting RatisPipelineUtilsThread.
2023-04-27 06:11:40,319 [main] INFO  BackgroundPipelineScrubber (BackgroundSCMService.java:start(68)) - Starting BackgroundPipelineScrubber Service.
2023-04-27 06:11:40,321 [main] INFO  ha.SCMServiceManager (SCMServiceManager.java:register(42)) - Registering service BackgroundPipelineScrubber.
2023-04-27 06:11:40,328 [main] INFO  ExpiredContainerReplicaOpScrubber (BackgroundSCMService.java:start(68)) - Starting ExpiredContainerReplicaOpScrubber Service.
2023-04-27 06:11:40,328 [main] INFO  ha.SCMServiceManager (SCMServiceManager.java:register(42)) - Registering service ExpiredContainerReplicaOpScrubber.
2023-04-27 06:11:40,383 [main] INFO  algorithms.PipelineChoosePolicyFactory (PipelineChoosePolicyFactory.java:createPipelineChoosePolicyFromClass(73)) - Create pipeline choose policy of type org.apache.hadoop.hdds.scm.pipeline.choose.algorithms.RandomPipelineChoosePolicy
2023-04-27 06:11:40,405 [main] INFO  ha.SCMServiceManager (SCMServiceManager.java:register(42)) - Registering service SCMBlockDeletingService.
2023-04-27 06:11:40,499 [main] INFO  replication.ReplicationManager (ReplicationManager.java:start(288)) - Starting Replication Monitor Thread.
2023-04-27 06:11:40,506 [main] INFO  ha.SCMServiceManager (SCMServiceManager.java:register(42)) - Registering service ReplicationManager.
2023-04-27 06:11:40,509 [ReplicationMonitor] INFO  replication.ReplicationManager (ReplicationManager.java:processAll(363)) - Replication Manager is not ready to run until 3000ms after safemode exit
2023-04-27 06:11:40,515 [main] INFO  safemode.ContainerSafeModeRule (ContainerSafeModeRule.java:<init>(89)) - containers with one replica threshold count 0
2023-04-27 06:11:40,519 [main] INFO  safemode.HealthyPipelineSafeModeRule (HealthyPipelineSafeModeRule.java:initializeRule(169)) - Total pipeline count is 0, healthy pipeline threshold count is 1
2023-04-27 06:11:40,520 [main] INFO  safemode.OneReplicaPipelineSafeModeRule (OneReplicaPipelineSafeModeRule.java:initializeRule(180)) - Total pipeline count is 0, pipeline's with at least one datanode reported threshold count is 0
2023-04-27 06:11:40,561 [main] INFO  server.StorageContainerManager (StorageContainerManager.java:<init>(403)) - SCM start with adminUsers: [runner]
2023-04-27 06:11:40,808 [main] INFO  audit.AuditLogger (AuditLogger.java:refreshDebugCmdSet(126)) - Refresh DebugCmdSet for SCMAudit to [].
2023-04-27 06:11:40,841 [main] INFO  ipc.CallQueueManager (CallQueueManager.java:<init>(90)) - Using callQueue: class java.util.concurrent.LinkedBlockingQueue, queueCapacity: 2000, scheduler: class org.apache.hadoop.ipc.DefaultRpcScheduler, ipcBackoff: false.
2023-04-27 06:11:40,882 [Socket Reader #1 for port 0] INFO  ipc.Server (Server.java:run(1319)) - Starting Socket Reader #1 for port 0
2023-04-27 06:11:40,953 [Listener at 0.0.0.0/33543] INFO  audit.AuditLogger (AuditLogger.java:refreshDebugCmdSet(126)) - Refresh DebugCmdSet for SCMAudit to [].
2023-04-27 06:11:40,958 [Listener at 0.0.0.0/33543] INFO  ipc.CallQueueManager (CallQueueManager.java:<init>(90)) - Using callQueue: class java.util.concurrent.LinkedBlockingQueue, queueCapacity: 2000, scheduler: class org.apache.hadoop.ipc.DefaultRpcScheduler, ipcBackoff: false.
2023-04-27 06:11:40,959 [Socket Reader #1 for port 0] INFO  ipc.Server (Server.java:run(1319)) - Starting Socket Reader #1 for port 0
2023-04-27 06:11:40,992 [Listener at 0.0.0.0/41035] INFO  audit.AuditLogger (AuditLogger.java:refreshDebugCmdSet(126)) - Refresh DebugCmdSet for SCMAudit to [].
2023-04-27 06:11:41,003 [Listener at 0.0.0.0/41035] INFO  ipc.CallQueueManager (CallQueueManager.java:<init>(90)) - Using callQueue: class java.util.concurrent.LinkedBlockingQueue, queueCapacity: 2000, scheduler: class org.apache.hadoop.ipc.DefaultRpcScheduler, ipcBackoff: false.
2023-04-27 06:11:41,004 [Socket Reader #1 for port 0] INFO  ipc.Server (Server.java:run(1319)) - Starting Socket Reader #1 for port 0
2023-04-27 06:11:41,109 [Listener at 0.0.0.0/40667] INFO  ha.SCMServiceManager (SCMServiceManager.java:register(42)) - Registering service ContainerBalancer.
2023-04-27 06:11:41,110 [Listener at 0.0.0.0/40667] INFO  server.StorageContainerManager (StorageContainerManager.java:<init>(420)) - 
Container Balancer status:
Key                            Value
Running                        false
Container Balancer Configuration values:
Key                                                Value
Threshold                                          10
Max Datanodes to Involve per Iteration(percent)    20
Max Size to Move per Iteration                     500GB
Max Size Entering Target per Iteration             26GB
Max Size Leaving Source per Iteration              26GB

2023-04-27 06:11:41,110 [Listener at 0.0.0.0/40667] INFO  ha.SCMContext (SCMContext.java:updateSafeModeStatus(228)) - Update SafeModeStatus from SafeModeStatus{safeModeStatus=true, preCheckPassed=false} to SafeModeStatus{safeModeStatus=true, preCheckPassed=false}.
2023-04-27 06:11:41,123 [Listener at 0.0.0.0/40667] INFO  server.StorageContainerManager (StorageContainerManager.java:start(1477)) - StorageContainerLocationProtocol RPC server is listening at /0.0.0.0:40667
2023-04-27 06:11:41,196 [Listener at 0.0.0.0/40667] WARN  impl.MetricsConfig (MetricsConfig.java:loadFirst(136)) - Cannot locate configuration: tried hadoop-metrics2-storagecontainermanager.properties,hadoop-metrics2.properties
2023-04-27 06:11:41,209 [Listener at 0.0.0.0/40667] INFO  impl.MetricsSystemImpl (MetricsSystemImpl.java:startTimer(378)) - Scheduled Metric snapshot period at 10 second(s).
2023-04-27 06:11:41,210 [Listener at 0.0.0.0/40667] INFO  impl.MetricsSystemImpl (MetricsSystemImpl.java:start(191)) - StorageContainerManager metrics system started
2023-04-27 06:11:41,477 [Listener at 0.0.0.0/40667] INFO  server.SCMClientProtocolServer (SCMClientProtocolServer.java:start(197)) - RPC server for Client  is listening at /0.0.0.0:40667
2023-04-27 06:11:41,478 [IPC Server Responder] INFO  ipc.Server (Server.java:run(1558)) - IPC Server Responder: starting
2023-04-27 06:11:41,479 [IPC Server listener on 0] INFO  ipc.Server (Server.java:run(1398)) - IPC Server listener on 0: starting
2023-04-27 06:11:41,482 [Listener at 0.0.0.0/40667] INFO  server.StorageContainerManager (StorageContainerManager.java:start(1491)) - ScmBlockLocationProtocol RPC server is listening at /0.0.0.0:41035
2023-04-27 06:11:41,483 [Listener at 0.0.0.0/40667] INFO  server.SCMBlockProtocolServer (SCMBlockProtocolServer.java:start(152)) - RPC server for Block Protocol is listening at /0.0.0.0:41035
2023-04-27 06:11:41,483 [IPC Server Responder] INFO  ipc.Server (Server.java:run(1558)) - IPC Server Responder: starting
2023-04-27 06:11:41,484 [IPC Server listener on 0] INFO  ipc.Server (Server.java:run(1398)) - IPC Server listener on 0: starting
2023-04-27 06:11:41,486 [Listener at 0.0.0.0/40667] INFO  server.SCMDatanodeProtocolServer (SCMDatanodeProtocolServer.java:start(193)) - ScmDatanodeProtocol RPC server for DataNodes is listening at /0.0.0.0:33543
2023-04-27 06:11:41,487 [IPC Server Responder] INFO  ipc.Server (Server.java:run(1558)) - IPC Server Responder: starting
2023-04-27 06:11:41,487 [IPC Server listener on 0] INFO  ipc.Server (Server.java:run(1398)) - IPC Server listener on 0: starting
2023-04-27 06:11:41,511 [org.apache.hadoop.util.JvmPauseMonitor$Monitor@7a023e34] INFO  util.JvmPauseMonitor (JvmPauseMonitor.java:run(188)) - Starting JVM pause monitor
2023-04-27 06:11:41,517 [Listener at 0.0.0.0/40667] INFO  http.BaseHttpServer (BaseHttpServer.java:newHttpServer2BuilderForOzone(224)) - Starting Web-server for scm at: http://0.0.0.0:0
2023-04-27 06:11:41,517 [Listener at 0.0.0.0/40667] INFO  http.BaseHttpServer (BaseHttpServer.java:<init>(111)) - Hadoop Security Enabled: false Ozone Security Enabled: false Ozone HTTP Security Enabled: false 
2023-04-27 06:11:41,542 [Listener at 0.0.0.0/40667] INFO  util.log (Log.java:initialized(170)) - Logging initialized @4319ms to org.eclipse.jetty.util.log.Slf4jLog
2023-04-27 06:11:41,633 [Listener at 0.0.0.0/40667] WARN  server.AuthenticationFilter (AuthenticationFilter.java:constructSecretProvider(240)) - Unable to initialize FileSignerSecretProvider, falling back to use random secrets. Reason: Could not read signature secret file: /home/runner/hadoop-http-auth-signature-secret
2023-04-27 06:11:41,640 [Listener at 0.0.0.0/40667] INFO  http.HttpRequestLog (HttpRequestLog.java:getRequestLog(86)) - Http request log for http.requests.scm is not defined
2023-04-27 06:11:41,646 [Listener at 0.0.0.0/40667] INFO  http.HttpServer2 (HttpServer2.java:addGlobalFilter(1031)) - Added global filter 'safety' (class=org.apache.hadoop.hdds.server.http.HttpServer2$QuotingInputFilter)
2023-04-27 06:11:41,648 [Listener at 0.0.0.0/40667] INFO  http.HttpServer2 (HttpServer2.java:addFilter(1007)) - Added filter static_user_filter (class=org.apache.hadoop.http.lib.StaticUserWebFilter$StaticUserFilter) to context scm
2023-04-27 06:11:41,649 [Listener at 0.0.0.0/40667] INFO  http.HttpServer2 (HttpServer2.java:addFilter(1015)) - Added filter static_user_filter (class=org.apache.hadoop.http.lib.StaticUserWebFilter$StaticUserFilter) to context static
2023-04-27 06:11:41,649 [Listener at 0.0.0.0/40667] INFO  http.HttpServer2 (HttpServer2.java:addFilter(1015)) - Added filter static_user_filter (class=org.apache.hadoop.http.lib.StaticUserWebFilter$StaticUserFilter) to context logs
2023-04-27 06:11:41,683 [Listener at 0.0.0.0/40667] INFO  http.BaseHttpServer (BaseHttpServer.java:<init>(190)) - HTTP server of scm uses base directory /home/runner/work/ozone/ozone/hadoop-ozone/integration-test/target/test-dir/MiniOzoneClusterImpl-b7159a92-b125-4b28-96e0-478247ce15d0/ozone-meta/webserver
2023-04-27 06:11:41,684 [Listener at 0.0.0.0/40667] INFO  http.HttpServer2 (HttpServer2.java:bindListener(1250)) - Jetty bound to port 41895
2023-04-27 06:11:41,685 [Listener at 0.0.0.0/40667] INFO  server.Server (Server.java:doStart(375)) - jetty-9.4.51.v20230217; built: 2023-02-17T08:19:37.309Z; git: b45c405e4544384de066f814ed42ae3dceacdd49; jvm 1.8.0_362-b09
2023-04-27 06:11:41,727 [Listener at 0.0.0.0/40667] INFO  server.session (DefaultSessionIdManager.java:doStart(334)) - DefaultSessionIdManager workerName=node0
2023-04-27 06:11:41,727 [Listener at 0.0.0.0/40667] INFO  server.session (DefaultSessionIdManager.java:doStart(339)) - No SessionScavenger set, using defaults
2023-04-27 06:11:41,729 [Listener at 0.0.0.0/40667] INFO  server.session (HouseKeeper.java:startScavenging(132)) - node0 Scavenging every 660000ms
2023-04-27 06:11:41,741 [Listener at 0.0.0.0/40667] INFO  handler.ContextHandler (ContextHandler.java:doStart(921)) - Started o.e.j.s.ServletContextHandler@1dfd6023{logs,/logs,file:///home/runner/work/ozone/ozone/hadoop-ozone/integration-test/target/log,AVAILABLE}
2023-04-27 06:11:41,742 [Listener at 0.0.0.0/40667] INFO  handler.ContextHandler (ContextHandler.java:doStart(921)) - Started o.e.j.s.ServletContextHandler@69a031a4{static,/static,file:///home/runner/work/ozone/ozone/hadoop-ozone/integration-test/target/test-classes/webapps/static,AVAILABLE}
2023-04-27 06:11:41,796 [Listener at 0.0.0.0/40667] INFO  handler.ContextHandler (ContextHandler.java:doStart(921)) - Started o.e.j.w.WebAppContext@4df54c1{scm,/,file:///home/runner/work/ozone/ozone/hadoop-ozone/integration-test/target/test-classes/webapps/scm/,AVAILABLE}{file:/home/runner/work/ozone/ozone/hadoop-ozone/integration-test/target/test-classes/webapps/scm}
2023-04-27 06:11:41,809 [Listener at 0.0.0.0/40667] INFO  server.AbstractConnector (AbstractConnector.java:doStart(333)) - Started ServerConnector@240e61{HTTP/1.1, (http/1.1)}{0.0.0.0:41895}
2023-04-27 06:11:41,811 [Listener at 0.0.0.0/40667] INFO  server.Server (Server.java:doStart(415)) - Started @4588ms
2023-04-27 06:11:41,816 [Listener at 0.0.0.0/40667] INFO  impl.MetricsSinkAdapter (MetricsSinkAdapter.java:start(204)) - Sink prometheus started
2023-04-27 06:11:41,816 [Listener at 0.0.0.0/40667] INFO  impl.MetricsSystemImpl (MetricsSystemImpl.java:registerSink(305)) - Registered sink prometheus
2023-04-27 06:11:41,818 [Listener at 0.0.0.0/40667] INFO  http.BaseHttpServer (BaseHttpServer.java:updateConnectorAddress(344)) - HTTP server of scm listening at http://0.0.0.0:41895
2023-04-27 06:11:41,823 [Listener at 0.0.0.0/40667] WARN  server.ServerUtils (ServerUtils.java:getDBPath(225)) - ozone.om.db.dirs is not configured. We recommend adding this setting. Falling back to ozone.metadata.dirs instead.
2023-04-27 06:11:41,893 [Listener at 0.0.0.0/40667] INFO  audit.AuditLogger (AuditLogger.java:refreshDebugCmdSet(126)) - Refresh DebugCmdSet for OMAudit to [].
2023-04-27 06:11:41,980 [Listener at 0.0.0.0/40667] INFO  ha.OMHANodeDetails (OMHANodeDetails.java:loadOMHAConfig(115)) - ozone.om.internal.service.id is not defined, falling back to ozone.om.service.ids to find serviceID for OzoneManager if it is HA enabled cluster
2023-04-27 06:11:41,983 [Listener at 0.0.0.0/40667] INFO  ha.OMHANodeDetails (OMHANodeDetails.java:loadOMHAConfig(226)) - Configuration does not have ozone.om.address set. Falling back to the default OM address /127.0.0.1:0
2023-04-27 06:11:41,983 [Listener at 0.0.0.0/40667] INFO  ha.OMHANodeDetails (OMHANodeDetails.java:getOMNodeDetailsForNonHA(254)) - OM Service ID is not set. Setting it to the default ID: omServiceIdDefault
2023-04-27 06:11:41,984 [Listener at 0.0.0.0/40667] INFO  ha.OMHANodeDetails (OMHANodeDetails.java:getOMNodeDetailsForNonHA(261)) - OM Node ID is not set. Setting it to the default ID: om1
2023-04-27 06:11:41,988 [Listener at 0.0.0.0/40667] WARN  server.ServerUtils (ServerUtils.java:getDBPath(225)) - ozone.om.db.dirs is not configured. We recommend adding this setting. Falling back to ozone.metadata.dirs instead.
2023-04-27 06:11:41,993 [Listener at 0.0.0.0/40667] INFO  upgrade.AbstractLayoutVersionManager (AbstractLayoutVersionManager.java:init(83)) - Initializing Layout version manager with metadata layout = HSYNC (version = 4), software layout = HSYNC (version = 4)
2023-04-27 06:11:42,088 [Listener at 0.0.0.0/40667] INFO  reflections.Reflections (Reflections.java:scan(232)) - Reflections took 89 ms to scan 2 urls, producing 172 keys and 478 values [using 2 cores]
2023-04-27 06:11:42,096 [Listener at 0.0.0.0/40667] INFO  upgrade.OMLayoutVersionManager (OMLayoutVersionManager.java:lambda$0(115)) - Skipping Upgrade Action MockOmUpgradeAction since it has been finalized.
2023-04-27 06:11:42,099 [Listener at 0.0.0.0/40667] WARN  server.ServerUtils (ServerUtils.java:getDBPath(225)) - ozone.om.db.dirs is not configured. We recommend adding this setting. Falling back to ozone.metadata.dirs instead.
2023-04-27 06:11:42,261 [Listener at 0.0.0.0/40667] INFO  proxy.SCMBlockLocationFailoverProxyProvider (SCMBlockLocationFailoverProxyProvider.java:<init>(114)) - Created block location fail-over proxy with 1 nodes: [nodeId=scmNodeId,nodeAddress=/0.0.0.0:41035]
2023-04-27 06:11:42,298 [Listener at 0.0.0.0/40667] INFO  proxy.SCMBlockLocationFailoverProxyProvider (SCMBlockLocationFailoverProxyProvider.java:<init>(114)) - Created block location fail-over proxy with 1 nodes: [nodeId=scmNodeId,nodeAddress=/0.0.0.0:41035]
2023-04-27 06:11:42,548 [Listener at 0.0.0.0/40667] INFO  om.OzoneManager (OzoneManager.java:<init>(634)) - OM start with adminUsers: [runner]
2023-04-27 06:11:42,562 [Listener at 0.0.0.0/40667] WARN  server.ServerUtils (ServerUtils.java:getDBPath(225)) - ozone.om.db.dirs is not configured. We recommend adding this setting. Falling back to ozone.metadata.dirs instead.
2023-04-27 06:11:42,570 [Listener at 0.0.0.0/40667] INFO  codec.OmKeyInfoCodec (OmKeyInfoCodec.java:<init>(49)) - OmKeyInfoCodec ignorePipeline = true
2023-04-27 06:11:42,572 [Listener at 0.0.0.0/40667] INFO  codec.RepeatedOmKeyInfoCodec (RepeatedOmKeyInfoCodec.java:<init>(41)) - RepeatedOmKeyInfoCodec ignorePipeline = true
2023-04-27 06:11:42,798 [Listener at 0.0.0.0/40667] INFO  om.OzoneManager (OzoneManager.java:instantiateServices(764)) - S3 Multi-Tenancy is disabled
2023-04-27 06:11:42,830 [Listener at 0.0.0.0/40667] WARN  server.ServerUtils (ServerUtils.java:getDBPath(225)) - ozone.om.snapshot.diff.db.dir is not configured. We recommend adding this setting. Falling back to ozone.metadata.dirs instead.
2023-04-27 06:11:42,944 [Listener at 0.0.0.0/40667] INFO  om.OzoneManager (OzoneManager.java:addS3GVolumeToDB(4263)) - Created Volume s3v With Owner runner required for S3Gateway operations.
2023-04-27 06:11:43,008 [Listener at 0.0.0.0/40667] WARN  server.ServerUtils (ServerUtils.java:getDefaultRatisDirectory(237)) - Storage directory for Ratis is not configured. It is a good idea to map this to an SSD disk. Falling back to ozone.metadata.dirs
2023-04-27 06:11:43,009 [Listener at 0.0.0.0/40667] WARN  utils.OzoneManagerRatisUtils (OzoneManagerRatisUtils.java:getOMRatisSnapshotDirectory(459)) - ozone.om.ratis.snapshot.dir is not configured. Falling back to ozone.metadata.dirs config
2023-04-27 06:11:43,027 [Listener at 0.0.0.0/40667] WARN  server.ServerUtils (ServerUtils.java:getDefaultRatisDirectory(237)) - Storage directory for Ratis is not configured. It is a good idea to map this to an SSD disk. Falling back to ozone.metadata.dirs
2023-04-27 06:11:43,056 [Listener at 0.0.0.0/40667] INFO  ratis.OzoneManagerRatisServer (OzoneManagerRatisServer.java:<init>(163)) - Instantiating OM Ratis server with groupID: omServiceIdDefault and peers: localhost:9872
2023-04-27 06:11:43,064 [Listener at 0.0.0.0/40667] INFO  ratis.OzoneManagerStateMachine (OzoneManagerStateMachine.java:loadSnapshotInfoFromDB(670)) - LastAppliedIndex is set from TransactionInfo from OM DB as (t:0, i:~)
2023-04-27 06:11:43,116 [Listener at 0.0.0.0/40667] INFO  server.RaftServer (ConfUtils.java:logGet(46)) - raft.rpc.type = GRPC (default)
2023-04-27 06:11:43,187 [Listener at 0.0.0.0/40667] INFO  grpc.GrpcConfigKeys (ConfUtils.java:logFallback(53)) - raft.grpc.admin.host = null (fallback to raft.grpc.server.host)
2023-04-27 06:11:43,189 [Listener at 0.0.0.0/40667] INFO  grpc.GrpcConfigKeys (ConfUtils.java:logFallback(53)) - raft.grpc.admin.port = 9872 (fallback to raft.grpc.server.port)
2023-04-27 06:11:43,189 [Listener at 0.0.0.0/40667] INFO  grpc.GrpcConfigKeys (ConfUtils.java:logFallback(53)) - raft.grpc.client.host = null (fallback to raft.grpc.server.host)
2023-04-27 06:11:43,190 [Listener at 0.0.0.0/40667] INFO  grpc.GrpcConfigKeys (ConfUtils.java:logFallback(53)) - raft.grpc.client.port = 9872 (fallback to raft.grpc.server.port)
2023-04-27 06:11:43,190 [Listener at 0.0.0.0/40667] INFO  grpc.GrpcConfigKeys (ConfUtils.java:logGet(46)) - raft.grpc.server.host = null (default)
2023-04-27 06:11:43,190 [Listener at 0.0.0.0/40667] INFO  grpc.GrpcConfigKeys (ConfUtils.java:logGet(46)) - raft.grpc.server.port = 9872 (custom)
2023-04-27 06:11:43,191 [Listener at 0.0.0.0/40667] INFO  server.GrpcService (ConfUtils.java:logGet(46)) - raft.grpc.message.size.max = 33554432 (custom)
2023-04-27 06:11:43,192 [Listener at 0.0.0.0/40667] INFO  server.RaftServerConfigKeys (ConfUtils.java:logGet(46)) - raft.server.log.appender.buffer.byte-limit = 33554432 (custom)
2023-04-27 06:11:43,193 [Listener at 0.0.0.0/40667] INFO  server.GrpcService (ConfUtils.java:logGet(46)) - raft.grpc.flow.control.window = 1MB (=1048576) (default)
2023-04-27 06:11:43,193 [Listener at 0.0.0.0/40667] INFO  server.RaftServerConfigKeys (ConfUtils.java:logGet(46)) - raft.server.rpc.request.timeout = 3000ms (default)
2023-04-27 06:11:43,209 [Listener at 0.0.0.0/40667] INFO  grpc.GrpcConfigKeys (ConfUtils.java:logGet(46)) - raft.grpc.server.heartbeat.channel = true (default)
2023-04-27 06:11:43,212 [Listener at 0.0.0.0/40667] INFO  grpc.GrpcConfigKeys (ConfUtils.java:logGet(46)) - raft.grpc.server.async.request.thread.pool.cached = true (default)
2023-04-27 06:11:43,212 [Listener at 0.0.0.0/40667] INFO  grpc.GrpcConfigKeys (ConfUtils.java:logGet(46)) - raft.grpc.server.async.request.thread.pool.size = 32 (default)
2023-04-27 06:11:43,428 [Listener at 0.0.0.0/40667] INFO  impl.DataStreamServerImpl (ConfUtils.java:logGet(46)) - raft.datastream.type = DISABLED (default)
2023-04-27 06:11:43,431 [Listener at 0.0.0.0/40667] INFO  server.RaftServerConfigKeys (ConfUtils.java:logGet(46)) - raft.server.threadpool.proxy.cached = true (default)
2023-04-27 06:11:43,431 [Listener at 0.0.0.0/40667] INFO  server.RaftServerConfigKeys (ConfUtils.java:logGet(46)) - raft.server.threadpool.proxy.size = 0 (default)
2023-04-27 06:11:43,432 [Listener at 0.0.0.0/40667] INFO  server.RaftServerConfigKeys (ConfUtils.java:logGet(46)) - raft.server.rpc.slowness.timeout = 120s (custom)
2023-04-27 06:11:43,432 [Listener at 0.0.0.0/40667] INFO  server.RaftServerConfigKeys (ConfUtils.java:logGet(46)) - raft.server.leaderelection.leader.step-down.wait-time = 10s (default)
2023-04-27 06:11:43,435 [Listener at 0.0.0.0/40667] INFO  server.RaftServerConfigKeys (ConfUtils.java:logGet(46)) - raft.server.storage.dir = [/home/runner/work/ozone/ozone/hadoop-ozone/integration-test/target/test-dir/MiniOzoneClusterImpl-b7159a92-b125-4b28-96e0-478247ce15d0/ozone-meta/ratis] (custom)
2023-04-27 06:11:43,442 [Listener at 0.0.0.0/40667] INFO  server.RaftServer (RaftServerProxy.java:addNew(96)) - om1: addNew group-C5BA1605619E:[om1|rpc:localhost:9872|priority:0|startupRole:FOLLOWER] returns group-C5BA1605619E:java.util.concurrent.CompletableFuture@28ef75c[Not completed]
2023-04-27 06:11:43,442 [Listener at 0.0.0.0/40667] INFO  om.OzoneManager (OzoneManager.java:initializeRatisServer(2106)) - OzoneManager Ratis server initialized at port 9872
2023-04-27 06:11:43,445 [Listener at 0.0.0.0/40667] INFO  om.OzoneManager (OzoneManager.java:getRpcServer(1153)) - Creating RPC Server
2023-04-27 06:11:43,469 [pool-61-thread-1] INFO  server.RaftServer$Division (RaftServerImpl.java:<init>(195)) - om1: new RaftServerImpl for group-C5BA1605619E:[om1|rpc:localhost:9872|priority:0|startupRole:FOLLOWER] with OzoneManagerStateMachine:uninitialized
2023-04-27 06:11:43,474 [pool-61-thread-1] INFO  server.RaftServerConfigKeys (ConfUtils.java:logGet(46)) - raft.server.rpc.timeout.min = 1s (custom)
2023-04-27 06:11:43,475 [pool-61-thread-1] INFO  server.RaftServerConfigKeys (ConfUtils.java:logGet(46)) - raft.server.rpc.timeout.max = 1200ms (custom)
2023-04-27 06:11:43,475 [pool-61-thread-1] INFO  server.RaftServerConfigKeys (ConfUtils.java:logGet(46)) - raft.server.rpc.sleep.time = 25ms (default)
2023-04-27 06:11:43,475 [pool-61-thread-1] INFO  server.RaftServerConfigKeys (ConfUtils.java:logGet(46)) - raft.server.rpc.slowness.timeout = 120s (custom)
2023-04-27 06:11:43,475 [pool-61-thread-1] INFO  server.RaftServerConfigKeys (ConfUtils.java:logGet(46)) - raft.server.leaderelection.leader.step-down.wait-time = 10s (default)
2023-04-27 06:11:43,475 [pool-61-thread-1] INFO  server.RaftServerConfigKeys (ConfUtils.java:logGet(46)) - raft.server.sleep.deviation.threshold = 300ms (default)
2023-04-27 06:11:43,488 [pool-61-thread-1] INFO  server.RaftServer$Division (ServerState.java:<init>(118)) - om1@group-C5BA1605619E: ConfigurationManager, init=-1: peers:[om1|rpc:localhost:9872|priority:0|startupRole:FOLLOWER]|listeners:[], old=null, confs=<EMPTY_MAP>
2023-04-27 06:11:43,489 [pool-61-thread-1] INFO  server.RaftServerConfigKeys (ConfUtils.java:logGet(46)) - raft.server.storage.dir = [/home/runner/work/ozone/ozone/hadoop-ozone/integration-test/target/test-dir/MiniOzoneClusterImpl-b7159a92-b125-4b28-96e0-478247ce15d0/ozone-meta/ratis] (custom)
2023-04-27 06:11:43,509 [pool-61-thread-1] INFO  server.RaftServerConfigKeys (ConfUtils.java:logGet(46)) - raft.server.log.corruption.policy = EXCEPTION (default)
2023-04-27 06:11:43,509 [pool-61-thread-1] INFO  server.RaftServerConfigKeys (ConfUtils.java:logGet(46)) - raft.server.storage.free-space.min = 0MB (=0) (default)
2023-04-27 06:11:43,529 [pool-61-thread-1] INFO  server.RaftServerConfigKeys (ConfUtils.java:logGet(46)) - raft.server.notification.no-leader.timeout = 120s (custom)
2023-04-27 06:11:43,531 [pool-61-thread-1] INFO  server.RaftServerConfigKeys (ConfUtils.java:logGet(46)) - raft.server.retrycache.expirytime = 300s (custom)
2023-04-27 06:11:43,534 [pool-61-thread-1] INFO  server.RaftServerConfigKeys (ConfUtils.java:logGet(46)) - raft.server.retrycache.statistics.expirytime = 100μs (default)
2023-04-27 06:11:43,675 [pool-61-thread-1] INFO  server.RaftServerConfigKeys (ConfUtils.java:logGet(46)) - raft.server.log.appender.install.snapshot.enabled = false (custom)
2023-04-27 06:11:43,677 [pool-61-thread-1] INFO  server.RaftServerConfigKeys (ConfUtils.java:logGet(46)) - raft.server.threadpool.server.cached = true (default)
2023-04-27 06:11:43,677 [pool-61-thread-1] INFO  server.RaftServerConfigKeys (ConfUtils.java:logGet(46)) - raft.server.threadpool.server.size = 0 (default)
2023-04-27 06:11:43,679 [pool-61-thread-1] INFO  server.RaftServerConfigKeys (ConfUtils.java:logGet(46)) - raft.server.threadpool.client.cached = true (default)
2023-04-27 06:11:43,679 [pool-61-thread-1] INFO  server.RaftServerConfigKeys (ConfUtils.java:logGet(46)) - raft.server.threadpool.client.size = 0 (default)
2023-04-27 06:11:44,309 [Listener at 0.0.0.0/40667] INFO  reflections.Reflections (Reflections.java:scan(232)) - Reflections took 813 ms to scan 19 urls, producing 68 keys and 5104 values [using 2 cores]
2023-04-27 06:11:44,491 [Listener at 0.0.0.0/40667] INFO  ipc.CallQueueManager (CallQueueManager.java:<init>(90)) - Using callQueue: class java.util.concurrent.LinkedBlockingQueue, queueCapacity: 2000, scheduler: class org.apache.hadoop.ipc.DefaultRpcScheduler, ipcBackoff: false.
2023-04-27 06:11:44,492 [Socket Reader #1 for port 0] INFO  ipc.Server (Server.java:run(1319)) - Starting Socket Reader #1 for port 0
2023-04-27 06:11:44,526 [Listener at 127.0.0.1/44053] INFO  impl.MetricsSystemImpl (MetricsSystemImpl.java:init(158)) - OzoneManager metrics system started (again)
2023-04-27 06:11:44,538 [Listener at 127.0.0.1/44053] INFO  om.OzoneManager (OzoneManager.java:start(1574)) - OzoneManager RPC server is listening at localhost/127.0.0.1:44053
2023-04-27 06:11:44,538 [Listener at 127.0.0.1/44053] INFO  ratis.OzoneManagerRatisServer (OzoneManagerRatisServer.java:start(558)) - Starting OzoneManagerRatisServer om1 at port 9872
2023-04-27 06:11:44,541 [om1-impl-thread1] INFO  storage.RaftStorageDirectory (RaftStorageDirectoryImpl.java:analyzeStorage(137)) - The storage directory /home/runner/work/ozone/ozone/hadoop-ozone/integration-test/target/test-dir/MiniOzoneClusterImpl-b7159a92-b125-4b28-96e0-478247ce15d0/ozone-meta/ratis/bf265839-605b-3f16-9796-c5ba1605619e does not exist. Creating ...
2023-04-27 06:11:44,545 [om1-impl-thread1] INFO  storage.RaftStorageDirectory (RaftStorageDirectoryImpl.java:tryLock(231)) - Lock on /home/runner/work/ozone/ozone/hadoop-ozone/integration-test/target/test-dir/MiniOzoneClusterImpl-b7159a92-b125-4b28-96e0-478247ce15d0/ozone-meta/ratis/bf265839-605b-3f16-9796-c5ba1605619e/in_use.lock acquired by nodename 37755@fv-az220-795
2023-04-27 06:11:44,550 [om1-impl-thread1] INFO  storage.RaftStorage (RaftStorageImpl.java:format(96)) - Storage directory /home/runner/work/ozone/ozone/hadoop-ozone/integration-test/target/test-dir/MiniOzoneClusterImpl-b7159a92-b125-4b28-96e0-478247ce15d0/ozone-meta/ratis/bf265839-605b-3f16-9796-c5ba1605619e has been successfully formatted.
2023-04-27 06:11:44,552 [om1-impl-thread1] INFO  server.RaftServerConfigKeys (ConfUtils.java:logGet(46)) - raft.server.log.use.memory = false (default)
2023-04-27 06:11:44,559 [om1-impl-thread1] INFO  server.RaftServerConfigKeys (ConfUtils.java:logGet(46)) - raft.server.log.purge.gap = 1000000 (custom)
2023-04-27 06:11:44,560 [om1-impl-thread1] INFO  server.RaftServerConfigKeys (ConfUtils.java:logGet(46)) - raft.server.log.appender.buffer.byte-limit = 33554432 (custom)
2023-04-27 06:11:44,561 [om1-impl-thread1] INFO  server.RaftServerConfigKeys (ConfUtils.java:logGet(46)) - raft.server.log.statemachine.data.read.timeout = 1000ms (default)
2023-04-27 06:11:44,562 [om1-impl-thread1] INFO  server.RaftServerConfigKeys (ConfUtils.java:logGet(46)) - raft.server.log.purge.preservation.log.num = 0 (default)
2023-04-27 06:11:44,564 [om1-impl-thread1] INFO  server.RaftServerConfigKeys (ConfUtils.java:logGet(46)) - raft.server.log.segment.size.max = 4194304 (custom)
2023-04-27 06:11:44,569 [om1-impl-thread1] INFO  server.RaftServerConfigKeys (ConfUtils.java:logGet(46)) - raft.server.log.segment.cache.num.max = 2 (custom)
2023-04-27 06:11:44,569 [om1-impl-thread1] INFO  server.RaftServerConfigKeys (ConfUtils.java:logGet(46)) - raft.server.log.segment.cache.size.max = 200MB (=209715200) (default)
2023-04-27 06:11:44,575 [om1-impl-thread1] INFO  segmented.SegmentedRaftLogWorker (SegmentedRaftLogWorker.java:<init>(189)) - new om1@group-C5BA1605619E-SegmentedRaftLogWorker for RaftStorageImpl:Storage Directory /home/runner/work/ozone/ozone/hadoop-ozone/integration-test/target/test-dir/MiniOzoneClusterImpl-b7159a92-b125-4b28-96e0-478247ce15d0/ozone-meta/ratis/bf265839-605b-3f16-9796-c5ba1605619e
2023-04-27 06:11:44,575 [om1-impl-thread1] INFO  server.RaftServerConfigKeys (ConfUtils.java:logGet(46)) - raft.server.log.queue.byte-limit = 64MB (=67108864) (default)
2023-04-27 06:11:44,576 [om1-impl-thread1] INFO  server.RaftServerConfigKeys (ConfUtils.java:logGet(46)) - raft.server.log.queue.element-limit = 4096 (default)
2023-04-27 06:11:44,577 [om1-impl-thread1] INFO  server.RaftServerConfigKeys (ConfUtils.java:logGet(46)) - raft.server.log.segment.size.max = 4194304 (custom)
2023-04-27 06:11:44,578 [om1-impl-thread1] INFO  server.RaftServerConfigKeys (ConfUtils.java:logGet(46)) - raft.server.log.preallocated.size = 4194304 (custom)
2023-04-27 06:11:44,578 [om1-impl-thread1] INFO  server.RaftServerConfigKeys (ConfUtils.java:logGet(46)) - raft.server.log.force.sync.num = 128 (default)
2023-04-27 06:11:44,579 [om1-impl-thread1] INFO  server.RaftServerConfigKeys (ConfUtils.java:logGet(46)) - raft.server.log.statemachine.data.sync = true (default)
2023-04-27 06:11:44,579 [om1-impl-thread1] INFO  server.RaftServerConfigKeys (ConfUtils.java:logGet(46)) - raft.server.log.statemachine.data.sync.timeout = 10s (default)
2023-04-27 06:11:44,579 [om1-impl-thread1] INFO  server.RaftServerConfigKeys (ConfUtils.java:logGet(46)) - raft.server.log.statemachine.data.sync.timeout.retry = -1 (default)
2023-04-27 06:11:44,604 [om1-impl-thread1] INFO  server.RaftServerConfigKeys (ConfUtils.java:logGet(46)) - raft.server.log.write.buffer.size = 64KB (=65536) (default)
2023-04-27 06:11:44,604 [om1-impl-thread1] INFO  server.RaftServerConfigKeys (ConfUtils.java:logGet(46)) - raft.server.log.appender.buffer.byte-limit = 33554432 (custom)
2023-04-27 06:11:44,609 [om1-impl-thread1] INFO  server.RaftServerConfigKeys (ConfUtils.java:logGet(46)) - raft.server.log.unsafe-flush.enabled = false (default)
2023-04-27 06:11:44,609 [om1-impl-thread1] INFO  server.RaftServerConfigKeys (ConfUtils.java:logGet(46)) - raft.server.log.async-flush.enabled = false (default)
2023-04-27 06:11:44,610 [om1-impl-thread1] INFO  server.RaftServerConfigKeys (ConfUtils.java:logGet(46)) - raft.server.log.statemachine.data.caching.enabled = false (default)
2023-04-27 06:11:44,616 [om1-impl-thread1] INFO  segmented.SegmentedRaftLogWorker (SegmentedRaftLogWorker.java:lambda$new$0(135)) - om1@group-C5BA1605619E-SegmentedRaftLogWorker: flushIndex: setUnconditionally 0 -> -1
2023-04-27 06:11:44,616 [om1-impl-thread1] INFO  segmented.SegmentedRaftLogWorker (SegmentedRaftLogWorker.java:lambda$new$0(135)) - om1@group-C5BA1605619E-SegmentedRaftLogWorker: safeCacheEvictIndex: setUnconditionally 0 -> -1
2023-04-27 06:11:44,617 [om1-impl-thread1] INFO  server.RaftServer$Division (RaftServerImpl.java:start(334)) - om1@group-C5BA1605619E: start as a follower, conf=-1: peers:[om1|rpc:localhost:9872|priority:0|startupRole:FOLLOWER]|listeners:[], old=null
2023-04-27 06:11:44,621 [om1-impl-thread1] INFO  server.RaftServer$Division (RaftServerImpl.java:setRole(321)) - om1@group-C5BA1605619E: changes role from      null to FOLLOWER at term 0 for startAsFollower
2023-04-27 06:11:44,623 [om1-impl-thread1] INFO  impl.RoleInfo (RoleInfo.java:updateAndGet(139)) - om1: start om1@group-C5BA1605619E-FollowerState
2023-04-27 06:11:44,624 [om1-impl-thread1] INFO  util.JmxRegister (JmxRegister.java:tryRegister(44)) - Successfully registered JMX Bean with object name Ratis:service=RaftServer,group=group-C5BA1605619E,id=om1
2023-04-27 06:11:44,625 [om1@group-C5BA1605619E-FollowerState] INFO  server.RaftServerConfigKeys (ConfUtils.java:logFallback(53)) - raft.server.rpc.first-election.timeout.min = 1s (fallback to raft.server.rpc.timeout.min)
2023-04-27 06:11:44,625 [om1@group-C5BA1605619E-FollowerState] INFO  server.RaftServerConfigKeys (ConfUtils.java:logFallback(53)) - raft.server.rpc.first-election.timeout.max = 1200ms (fallback to raft.server.rpc.timeout.max)
2023-04-27 06:11:44,626 [om1-impl-thread1] INFO  server.RaftServerConfigKeys (ConfUtils.java:logGet(46)) - raft.server.snapshot.auto.trigger.enabled = true (custom)
2023-04-27 06:11:44,626 [om1-impl-thread1] INFO  server.RaftServerConfigKeys (ConfUtils.java:logGet(46)) - raft.server.snapshot.auto.trigger.threshold = 400000 (default)
2023-04-27 06:11:44,626 [om1-impl-thread1] INFO  server.RaftServerConfigKeys (ConfUtils.java:logGet(46)) - raft.server.snapshot.retention.file.num = -1 (default)
2023-04-27 06:11:44,627 [om1-impl-thread1] INFO  server.RaftServerConfigKeys (ConfUtils.java:logGet(46)) - raft.server.log.purge.upto.snapshot.index = true (custom)
2023-04-27 06:11:44,629 [Listener at 127.0.0.1/44053] INFO  server.RaftServer (RaftServerProxy.java:startImpl(393)) - om1: start RPC server
2023-04-27 06:11:44,680 [Listener at 127.0.0.1/44053] INFO  server.GrpcService (GrpcService.java:startImpl(262)) - om1: GrpcService started, listening on 9872
2023-04-27 06:11:44,682 [JvmPauseMonitor0] INFO  util.JvmPauseMonitor (JvmPauseMonitor.java:run(105)) - JvmPauseMonitor-om1: Started
2023-04-27 06:11:44,685 [Listener at 127.0.0.1/44053] INFO  om.OzoneManager (OzoneManager.java:start(1590)) - Version File has different layout version (4) than OM DB (null). That is expected if this OM has never been finalized to a newer layout version.
2023-04-27 06:11:44,705 [Listener at 127.0.0.1/44053] INFO  http.BaseHttpServer (BaseHttpServer.java:newHttpServer2BuilderForOzone(224)) - Starting Web-server for ozoneManager at: http://0.0.0.0:0
2023-04-27 06:11:44,705 [Listener at 127.0.0.1/44053] INFO  http.BaseHttpServer (BaseHttpServer.java:<init>(111)) - Hadoop Security Enabled: false Ozone Security Enabled: false Ozone HTTP Security Enabled: false 
2023-04-27 06:11:44,707 [Listener at 127.0.0.1/44053] WARN  server.AuthenticationFilter (AuthenticationFilter.java:constructSecretProvider(240)) - Unable to initialize FileSignerSecretProvider, falling back to use random secrets. Reason: Could not read signature secret file: /home/runner/hadoop-http-auth-signature-secret
2023-04-27 06:11:44,714 [Listener at 127.0.0.1/44053] INFO  http.HttpRequestLog (HttpRequestLog.java:getRequestLog(86)) - Http request log for http.requests.ozoneManager is not defined
2023-04-27 06:11:44,716 [Listener at 127.0.0.1/44053] INFO  http.HttpServer2 (HttpServer2.java:addGlobalFilter(1031)) - Added global filter 'safety' (class=org.apache.hadoop.hdds.server.http.HttpServer2$QuotingInputFilter)
2023-04-27 06:11:44,717 [Listener at 127.0.0.1/44053] INFO  http.HttpServer2 (HttpServer2.java:addFilter(1007)) - Added filter static_user_filter (class=org.apache.hadoop.http.lib.StaticUserWebFilter$StaticUserFilter) to context ozoneManager
2023-04-27 06:11:44,717 [Listener at 127.0.0.1/44053] INFO  http.HttpServer2 (HttpServer2.java:addFilter(1015)) - Added filter static_user_filter (class=org.apache.hadoop.http.lib.StaticUserWebFilter$StaticUserFilter) to context static
2023-04-27 06:11:44,717 [Listener at 127.0.0.1/44053] INFO  http.HttpServer2 (HttpServer2.java:addFilter(1015)) - Added filter static_user_filter (class=org.apache.hadoop.http.lib.StaticUserWebFilter$StaticUserFilter) to context logs
2023-04-27 06:11:44,718 [Listener at 127.0.0.1/44053] INFO  http.BaseHttpServer (BaseHttpServer.java:<init>(190)) - HTTP server of ozoneManager uses base directory /home/runner/work/ozone/ozone/hadoop-ozone/integration-test/target/test-dir/MiniOzoneClusterImpl-b7159a92-b125-4b28-96e0-478247ce15d0/ozone-meta/webserver
2023-04-27 06:11:44,720 [Listener at 127.0.0.1/44053] INFO  http.HttpServer2 (HttpServer2.java:bindListener(1250)) - Jetty bound to port 45335
2023-04-27 06:11:44,721 [Listener at 127.0.0.1/44053] INFO  server.Server (Server.java:doStart(375)) - jetty-9.4.51.v20230217; built: 2023-02-17T08:19:37.309Z; git: b45c405e4544384de066f814ed42ae3dceacdd49; jvm 1.8.0_362-b09
2023-04-27 06:11:44,730 [Listener at 127.0.0.1/44053] INFO  server.session (DefaultSessionIdManager.java:doStart(334)) - DefaultSessionIdManager workerName=node0
2023-04-27 06:11:44,730 [Listener at 127.0.0.1/44053] INFO  server.session (DefaultSessionIdManager.java:doStart(339)) - No SessionScavenger set, using defaults
2023-04-27 06:11:44,730 [Listener at 127.0.0.1/44053] INFO  server.session (HouseKeeper.java:startScavenging(132)) - node0 Scavenging every 660000ms
2023-04-27 06:11:44,731 [Listener at 127.0.0.1/44053] INFO  handler.ContextHandler (ContextHandler.java:doStart(921)) - Started o.e.j.s.ServletContextHandler@4cd85d52{logs,/logs,file:///home/runner/work/ozone/ozone/hadoop-ozone/integration-test/target/log,AVAILABLE}
2023-04-27 06:11:44,731 [Listener at 127.0.0.1/44053] INFO  handler.ContextHandler (ContextHandler.java:doStart(921)) - Started o.e.j.s.ServletContextHandler@7cdbc04{static,/static,file:///home/runner/work/ozone/ozone/hadoop-ozone/integration-test/target/test-classes/webapps/static,AVAILABLE}
2023-04-27 06:11:44,736 [Listener at 127.0.0.1/44053] INFO  handler.ContextHandler (ContextHandler.java:doStart(921)) - Started o.e.j.w.WebAppContext@46926de4{ozoneManager,/,file:///home/runner/work/ozone/ozone/hadoop-ozone/integration-test/target/test-classes/webapps/ozoneManager/,AVAILABLE}{file:/home/runner/work/ozone/ozone/hadoop-ozone/integration-test/target/test-classes/webapps/ozoneManager}
2023-04-27 06:11:44,738 [Listener at 127.0.0.1/44053] INFO  server.AbstractConnector (AbstractConnector.java:doStart(333)) - Started ServerConnector@594d6d25{HTTP/1.1, (http/1.1)}{0.0.0.0:45335}
2023-04-27 06:11:44,738 [Listener at 127.0.0.1/44053] INFO  server.Server (Server.java:doStart(415)) - Started @7516ms
2023-04-27 06:11:44,738 [Listener at 127.0.0.1/44053] WARN  impl.MetricsSystemImpl (MetricsSystemImpl.java:register(279)) - Sink prometheus already exists!
2023-04-27 06:11:44,739 [Listener at 127.0.0.1/44053] INFO  http.BaseHttpServer (BaseHttpServer.java:updateConnectorAddress(344)) - HTTP server of ozoneManager listening at http://0.0.0.0:45335
2023-04-27 06:11:44,741 [IPC Server Responder] INFO  ipc.Server (Server.java:run(1558)) - IPC Server Responder: starting
2023-04-27 06:11:44,749 [IPC Server listener on 0] INFO  ipc.Server (Server.java:run(1398)) - IPC Server listener on 0: starting
2023-04-27 06:11:44,753 [Listener at 127.0.0.1/44053] INFO  om.OzoneManager (OzoneManager.java:startTrashEmptier(2050)) - Trash Interval set to 0. Files deleted won't move to trash
2023-04-27 06:11:44,765 [org.apache.hadoop.util.JvmPauseMonitor$Monitor@2ffe1104] INFO  util.JvmPauseMonitor (JvmPauseMonitor.java:run(188)) - Starting JVM pause monitor
2023-04-27 06:11:44,903 [Listener at 127.0.0.1/44053] WARN  impl.MetricRegistriesImpl (MetricRegistriesImpl.java:addReporterRegistration(111)) - New reporters are added after registries were created. Some metrics will be missing from the reporter. Please add reporter before adding any new registry.
2023-04-27 06:11:44,903 [Listener at 127.0.0.1/44053] WARN  impl.MetricRegistriesImpl (MetricRegistriesImpl.java:addReporterRegistration(111)) - New reporters are added after registries were created. Some metrics will be missing from the reporter. Please add reporter before adding any new registry.
2023-04-27 06:11:44,903 [Listener at 127.0.0.1/44053] INFO  impl.MetricsSystemImpl (MetricsSystemImpl.java:init(158)) - HddsDatanode metrics system started (again)
2023-04-27 06:11:44,922 [Listener at 127.0.0.1/44053] INFO  ozone.HddsDatanodeService (HddsDatanodeService.java:start(252)) - HddsDatanodeService host:fv-az220-795.shdwizndlbjulinwhzhdmup5sb.jx.internal.cloudapp.net ip:10.1.0.34
2023-04-27 06:11:44,953 [Listener at 127.0.0.1/44053] INFO  upgrade.AbstractLayoutVersionManager (AbstractLayoutVersionManager.java:init(83)) - Initializing Layout version manager with metadata layout = WEBUI_PORTS_IN_DATANODEDETAILS (version = 6), software layout = WEBUI_PORTS_IN_DATANODEDETAILS (version = 6)
2023-04-27 06:11:45,018 [Listener at 127.0.0.1/44053] INFO  reflections.Reflections (Reflections.java:scan(232)) - Reflections took 59 ms to scan 7 urls, producing 156 keys and 369 values 
2023-04-27 06:11:45,026 [Listener at 127.0.0.1/44053] INFO  statemachine.DatanodeStateMachine (DatanodeStateMachine.java:getEndPointTaskThreadPoolSize(260)) - Datanode State Machine Task Thread Pool size 2
2023-04-27 06:11:45,095 [Listener at 127.0.0.1/44053] INFO  volume.HddsVolume (HddsVolume.java:<init>(130)) - Creating HddsVolume: /home/runner/work/ozone/ozone/hadoop-ozone/integration-test/target/test-dir/MiniOzoneClusterImpl-b7159a92-b125-4b28-96e0-478247ce15d0/datanode-0/data-0/containers/hdds of storage type : DISK capacity : 9223372036854775807
2023-04-27 06:11:45,098 [Listener at 127.0.0.1/44053] INFO  volume.MutableVolumeSet (MutableVolumeSet.java:initializeVolumeSet(175)) - Added Volume : /home/runner/work/ozone/ozone/hadoop-ozone/integration-test/target/test-dir/MiniOzoneClusterImpl-b7159a92-b125-4b28-96e0-478247ce15d0/datanode-0/data-0/containers/hdds to VolumeSet
2023-04-27 06:11:45,099 [Listener at 127.0.0.1/44053] INFO  volume.ThrottledAsyncChecker (ThrottledAsyncChecker.java:schedule(141)) - Scheduling a check for /home/runner/work/ozone/ozone/hadoop-ozone/integration-test/target/test-dir/MiniOzoneClusterImpl-b7159a92-b125-4b28-96e0-478247ce15d0/datanode-0/data-0/containers/hdds
2023-04-27 06:11:45,120 [Listener at 127.0.0.1/44053] INFO  volume.StorageVolumeChecker (StorageVolumeChecker.java:checkAllVolumes(202)) - Scheduled health check for volume /home/runner/work/ozone/ozone/hadoop-ozone/integration-test/target/test-dir/MiniOzoneClusterImpl-b7159a92-b125-4b28-96e0-478247ce15d0/datanode-0/data-0/containers/hdds
2023-04-27 06:11:45,140 [Listener at 127.0.0.1/44053] INFO  volume.MutableVolumeSet (MutableVolumeSet.java:initializeVolumeSet(175)) - Added Volume : /home/runner/work/ozone/ozone/hadoop-ozone/integration-test/target/test-dir/MiniOzoneClusterImpl-b7159a92-b125-4b28-96e0-478247ce15d0/datanode-0/data/ratis to VolumeSet
2023-04-27 06:11:45,140 [Listener at 127.0.0.1/44053] INFO  volume.ThrottledAsyncChecker (ThrottledAsyncChecker.java:schedule(141)) - Scheduling a check for /home/runner/work/ozone/ozone/hadoop-ozone/integration-test/target/test-dir/MiniOzoneClusterImpl-b7159a92-b125-4b28-96e0-478247ce15d0/datanode-0/data/ratis
2023-04-27 06:11:45,141 [Listener at 127.0.0.1/44053] INFO  volume.StorageVolumeChecker (StorageVolumeChecker.java:checkAllVolumes(202)) - Scheduled health check for volume /home/runner/work/ozone/ozone/hadoop-ozone/integration-test/target/test-dir/MiniOzoneClusterImpl-b7159a92-b125-4b28-96e0-478247ce15d0/datanode-0/data/ratis
2023-04-27 06:11:45,169 [Thread-139] INFO  ozoneimpl.ContainerReader (ContainerReader.java:readVolume(175)) - Finish verifying containers on volume /home/runner/work/ozone/ozone/hadoop-ozone/integration-test/target/test-dir/MiniOzoneClusterImpl-b7159a92-b125-4b28-96e0-478247ce15d0/datanode-0/data-0/containers/hdds
2023-04-27 06:11:45,170 [Listener at 127.0.0.1/44053] INFO  ozoneimpl.OzoneContainer (OzoneContainer.java:buildContainerSet(303)) - Build ContainerSet costs 0s
2023-04-27 06:11:45,228 [Listener at 127.0.0.1/44053] INFO  audit.AuditLogger (AuditLogger.java:refreshDebugCmdSet(126)) - Refresh DebugCmdSet for DNAudit to [].
2023-04-27 06:11:45,262 [Listener at 127.0.0.1/44053] INFO  server.RaftServer (ConfUtils.java:logGet(46)) - raft.rpc.type = GRPC (default)
2023-04-27 06:11:45,262 [Listener at 127.0.0.1/44053] INFO  grpc.GrpcConfigKeys (ConfUtils.java:logFallback(53)) - raft.grpc.admin.host = null (fallback to raft.grpc.server.host)
2023-04-27 06:11:45,263 [Listener at 127.0.0.1/44053] INFO  grpc.GrpcConfigKeys (ConfUtils.java:logGet(46)) - raft.grpc.admin.port = 0 (custom)
2023-04-27 06:11:45,263 [Listener at 127.0.0.1/44053] INFO  grpc.GrpcConfigKeys (ConfUtils.java:logFallback(53)) - raft.grpc.client.host = null (fallback to raft.grpc.server.host)
2023-04-27 06:11:45,264 [Listener at 127.0.0.1/44053] INFO  grpc.GrpcConfigKeys (ConfUtils.java:logGet(46)) - raft.grpc.client.port = 0 (custom)
2023-04-27 06:11:45,265 [Listener at 127.0.0.1/44053] INFO  grpc.GrpcConfigKeys (ConfUtils.java:logGet(46)) - raft.grpc.server.host = null (default)
2023-04-27 06:11:45,265 [Listener at 127.0.0.1/44053] INFO  grpc.GrpcConfigKeys (ConfUtils.java:logGet(46)) - raft.grpc.server.port = 0 (default)
2023-04-27 06:11:45,266 [Listener at 127.0.0.1/44053] INFO  server.GrpcService (ConfUtils.java:logGet(46)) - raft.grpc.message.size.max = 32MB (=33554432) (custom)
2023-04-27 06:11:45,266 [Listener at 127.0.0.1/44053] INFO  server.RaftServerConfigKeys (ConfUtils.java:logGet(46)) - raft.server.log.appender.buffer.byte-limit = 33554432 (custom)
2023-04-27 06:11:45,266 [Listener at 127.0.0.1/44053] INFO  server.GrpcService (ConfUtils.java:logGet(46)) - raft.grpc.flow.control.window = 5MB (=5242880) (custom)
2023-04-27 06:11:45,269 [Listener at 127.0.0.1/44053] INFO  server.RaftServerConfigKeys (ConfUtils.java:logGet(46)) - raft.server.rpc.request.timeout = 3000ms (default)
2023-04-27 06:11:45,273 [Listener at 127.0.0.1/44053] INFO  grpc.GrpcConfigKeys (ConfUtils.java:logGet(46)) - raft.grpc.server.heartbeat.channel = true (default)
2023-04-27 06:11:45,273 [Listener at 127.0.0.1/44053] INFO  grpc.GrpcConfigKeys (ConfUtils.java:logGet(46)) - raft.grpc.server.async.request.thread.pool.cached = true (default)
2023-04-27 06:11:45,273 [Listener at 127.0.0.1/44053] INFO  grpc.GrpcConfigKeys (ConfUtils.java:logGet(46)) - raft.grpc.server.async.request.thread.pool.size = 32 (default)
2023-04-27 06:11:45,276 [Listener at 127.0.0.1/44053] INFO  impl.DataStreamServerImpl (ConfUtils.java:logGet(46)) - raft.datastream.type = NETTY (custom)
2023-04-27 06:11:45,286 [Listener at 127.0.0.1/44053] INFO  server.RaftServerConfigKeys (ConfUtils.java:logGet(46)) - raft.server.data-stream.async.request.thread.pool.cached = false (default)
2023-04-27 06:11:45,286 [Listener at 127.0.0.1/44053] INFO  server.RaftServerConfigKeys (ConfUtils.java:logGet(46)) - raft.server.data-stream.async.request.thread.pool.size = 20 (custom)
2023-04-27 06:11:45,286 [Listener at 127.0.0.1/44053] INFO  server.RaftServerConfigKeys (ConfUtils.java:logGet(46)) - raft.server.data-stream.async.write.thread.pool.size = 16 (default)
2023-04-27 06:11:45,287 [Listener at 127.0.0.1/44053] INFO  server.RaftServerConfigKeys (ConfUtils.java:logGet(46)) - raft.server.data-stream.client.pool.size = 10 (default)
2023-04-27 06:11:45,290 [Listener at 127.0.0.1/44053] INFO  netty.NettyConfigKeys$DataStream (ConfUtils.java:logGet(46)) - raft.netty.dataStream.server.use-epoll = false (default)
2023-04-27 06:11:45,290 [Listener at 127.0.0.1/44053] INFO  netty.NettyConfigKeys$DataStream (ConfUtils.java:logGet(46)) - raft.netty.dataStream.server.boss-group.size = 0 (default)
2023-04-27 06:11:45,299 [Listener at 127.0.0.1/44053] INFO  netty.NettyConfigKeys$DataStream (ConfUtils.java:logGet(46)) - raft.netty.dataStream.server.worker-group.size = 0 (default)
2023-04-27 06:11:45,300 [Listener at 127.0.0.1/44053] INFO  netty.NettyConfigKeys$DataStream (ConfUtils.java:logGet(46)) - raft.netty.dataStream.server.tls.conf = null (default)
2023-04-27 06:11:45,302 [Listener at 127.0.0.1/44053] INFO  netty.NettyConfigKeys$DataStream (ConfUtils.java:logGet(46)) - raft.netty.dataStream.host = null (default)
2023-04-27 06:11:45,303 [Listener at 127.0.0.1/44053] INFO  netty.NettyConfigKeys$DataStream (ConfUtils.java:logGet(46)) - raft.netty.dataStream.port = 0 (default)
2023-04-27 06:11:45,315 [Listener at 127.0.0.1/44053] INFO  server.RaftServerConfigKeys (ConfUtils.java:logGet(46)) - raft.server.threadpool.proxy.cached = true (default)
2023-04-27 06:11:45,315 [Listener at 127.0.0.1/44053] INFO  server.RaftServerConfigKeys (ConfUtils.java:logGet(46)) - raft.server.threadpool.proxy.size = 0 (default)
2023-04-27 06:11:45,315 [Listener at 127.0.0.1/44053] INFO  server.RaftServerConfigKeys (ConfUtils.java:logGet(46)) - raft.server.rpc.slowness.timeout = 300000ms (custom)
2023-04-27 06:11:45,315 [Listener at 127.0.0.1/44053] INFO  server.RaftServerConfigKeys (ConfUtils.java:logGet(46)) - raft.server.leaderelection.leader.step-down.wait-time = 10s (default)
2023-04-27 06:11:45,316 [Listener at 127.0.0.1/44053] INFO  server.RaftServerConfigKeys (ConfUtils.java:logGet(46)) - raft.server.storage.dir = [/home/runner/work/ozone/ozone/hadoop-ozone/integration-test/target/test-dir/MiniOzoneClusterImpl-b7159a92-b125-4b28-96e0-478247ce15d0/datanode-0/data/ratis] (custom)
2023-04-27 06:11:45,373 [d854720a-bbe5-47c1-a40c-d7c4a462ec23-NettyServerStreamRpc-bossGroup--thread1] INFO  logging.LoggingHandler (AbstractInternalLogger.java:log(148)) - [id: 0x470edad4] REGISTERED
2023-04-27 06:11:45,374 [d854720a-bbe5-47c1-a40c-d7c4a462ec23-NettyServerStreamRpc-bossGroup--thread1] INFO  logging.LoggingHandler (AbstractInternalLogger.java:log(148)) - [id: 0x470edad4] BIND: 0.0.0.0/0.0.0.0:0
2023-04-27 06:11:45,374 [d854720a-bbe5-47c1-a40c-d7c4a462ec23-NettyServerStreamRpc-bossGroup--thread1] INFO  logging.LoggingHandler (AbstractInternalLogger.java:log(148)) - [id: 0x470edad4, L:/0:0:0:0:0:0:0:0:34327] ACTIVE
2023-04-27 06:11:45,386 [Listener at 127.0.0.1/44053] INFO  server.XceiverServerGrpc (XceiverServerGrpc.java:<init>(132)) - GrpcServer channel type EpollServerSocketChannel
2023-04-27 06:11:45,462 [Listener at 127.0.0.1/44053] INFO  http.BaseHttpServer (BaseHttpServer.java:newHttpServer2BuilderForOzone(224)) - Starting Web-server for hddsDatanode at: http://0.0.0.0:0
2023-04-27 06:11:45,463 [Listener at 127.0.0.1/44053] INFO  http.BaseHttpServer (BaseHttpServer.java:<init>(111)) - Hadoop Security Enabled: false Ozone Security Enabled: false Ozone HTTP Security Enabled: false 
2023-04-27 06:11:45,465 [Listener at 127.0.0.1/44053] WARN  server.AuthenticationFilter (AuthenticationFilter.java:constructSecretProvider(240)) - Unable to initialize FileSignerSecretProvider, falling back to use random secrets. Reason: Could not read signature secret file: /home/runner/hadoop-http-auth-signature-secret
2023-04-27 06:11:45,466 [Listener at 127.0.0.1/44053] INFO  http.HttpRequestLog (HttpRequestLog.java:getRequestLog(86)) - Http request log for http.requests.hddsDatanode is not defined
2023-04-27 06:11:45,467 [Listener at 127.0.0.1/44053] INFO  http.HttpServer2 (HttpServer2.java:addGlobalFilter(1031)) - Added global filter 'safety' (class=org.apache.hadoop.hdds.server.http.HttpServer2$QuotingInputFilter)
2023-04-27 06:11:45,468 [Listener at 127.0.0.1/44053] INFO  http.HttpServer2 (HttpServer2.java:addFilter(1007)) - Added filter static_user_filter (class=org.apache.hadoop.http.lib.StaticUserWebFilter$StaticUserFilter) to context hddsDatanode
2023-04-27 06:11:45,468 [Listener at 127.0.0.1/44053] INFO  http.HttpServer2 (HttpServer2.java:addFilter(1015)) - Added filter static_user_filter (class=org.apache.hadoop.http.lib.StaticUserWebFilter$StaticUserFilter) to context static
2023-04-27 06:11:45,470 [Listener at 127.0.0.1/44053] INFO  http.HttpServer2 (HttpServer2.java:addFilter(1015)) - Added filter static_user_filter (class=org.apache.hadoop.http.lib.StaticUserWebFilter$StaticUserFilter) to context logs
2023-04-27 06:11:45,473 [Listener at 127.0.0.1/44053] INFO  http.BaseHttpServer (BaseHttpServer.java:<init>(190)) - HTTP server of hddsDatanode uses base directory /home/runner/work/ozone/ozone/hadoop-ozone/integration-test/target/test-dir/MiniOzoneClusterImpl-b7159a92-b125-4b28-96e0-478247ce15d0/datanode-0/meta/webserver
2023-04-27 06:11:45,473 [Listener at 127.0.0.1/44053] INFO  http.HttpServer2 (HttpServer2.java:bindListener(1250)) - Jetty bound to port 36937
2023-04-27 06:11:45,474 [Listener at 127.0.0.1/44053] INFO  server.Server (Server.java:doStart(375)) - jetty-9.4.51.v20230217; built: 2023-02-17T08:19:37.309Z; git: b45c405e4544384de066f814ed42ae3dceacdd49; jvm 1.8.0_362-b09
2023-04-27 06:11:45,476 [Listener at 127.0.0.1/44053] INFO  server.session (DefaultSessionIdManager.java:doStart(334)) - DefaultSessionIdManager workerName=node0
2023-04-27 06:11:45,476 [Listener at 127.0.0.1/44053] INFO  server.session (DefaultSessionIdManager.java:doStart(339)) - No SessionScavenger set, using defaults
2023-04-27 06:11:45,476 [Listener at 127.0.0.1/44053] INFO  server.session (HouseKeeper.java:startScavenging(132)) - node0 Scavenging every 660000ms
2023-04-27 06:11:45,477 [Listener at 127.0.0.1/44053] INFO  handler.ContextHandler (ContextHandler.java:doStart(921)) - Started o.e.j.s.ServletContextHandler@19fec920{logs,/logs,file:///home/runner/work/ozone/ozone/hadoop-ozone/integration-test/target/log,AVAILABLE}
2023-04-27 06:11:45,478 [Listener at 127.0.0.1/44053] INFO  handler.ContextHandler (ContextHandler.java:doStart(921)) - Started o.e.j.s.ServletContextHandler@5ed95454{static,/static,jar:file:/home/runner/.m2/repository/org/apache/ozone/hdds-container-service/1.4.0-SNAPSHOT/hdds-container-service-1.4.0-SNAPSHOT.jar!/webapps/static,AVAILABLE}
2023-04-27 06:11:45,717 [Listener at 127.0.0.1/44053] INFO  handler.ContextHandler (ContextHandler.java:doStart(921)) - Started o.e.j.w.WebAppContext@6f7556b4{hddsDatanode,/,file:///home/runner/work/ozone/ozone/hadoop-ozone/integration-test/target/test-dir/MiniOzoneClusterImpl-b7159a92-b125-4b28-96e0-478247ce15d0/datanode-0/meta/webserver/jetty-0_0_0_0-36937-hdds-container-service-1_4_0-SNAPSHOT_jar-_-any-1016860909693465858/webapp/,AVAILABLE}{jar:file:/home/runner/.m2/repository/org/apache/ozone/hdds-container-service/1.4.0-SNAPSHOT/hdds-container-service-1.4.0-SNAPSHOT.jar!/webapps/hddsDatanode}
2023-04-27 06:11:45,722 [Listener at 127.0.0.1/44053] INFO  server.AbstractConnector (AbstractConnector.java:doStart(333)) - Started ServerConnector@72cbd1c5{HTTP/1.1, (http/1.1)}{0.0.0.0:36937}
2023-04-27 06:11:45,723 [Listener at 127.0.0.1/44053] INFO  server.Server (Server.java:doStart(415)) - Started @8500ms
2023-04-27 06:11:45,723 [Listener at 127.0.0.1/44053] WARN  impl.MetricsSystemImpl (MetricsSystemImpl.java:register(279)) - Sink prometheus already exists!
2023-04-27 06:11:45,724 [Listener at 127.0.0.1/44053] INFO  http.BaseHttpServer (BaseHttpServer.java:updateConnectorAddress(344)) - HTTP server of hddsDatanode listening at http://0.0.0.0:36937
2023-04-27 06:11:45,727 [om1@group-C5BA1605619E-FollowerState] INFO  impl.FollowerState (FollowerState.java:run(143)) - om1@group-C5BA1605619E-FollowerState: change to CANDIDATE, lastRpcElapsedTime:1104332841ns, electionTimeout:1099ms
2023-04-27 06:11:45,728 [om1@group-C5BA1605619E-FollowerState] INFO  impl.RoleInfo (RoleInfo.java:shutdownFollowerState(110)) - om1: shutdown om1@group-C5BA1605619E-FollowerState
2023-04-27 06:11:45,729 [om1@group-C5BA1605619E-FollowerState] INFO  server.RaftServer$Division (RaftServerImpl.java:setRole(321)) - om1@group-C5BA1605619E: changes role from  FOLLOWER to CANDIDATE at term 0 for changeToCandidate
2023-04-27 06:11:45,732 [om1@group-C5BA1605619E-FollowerState] INFO  server.RaftServerConfigKeys (ConfUtils.java:logGet(46)) - raft.server.leaderelection.pre-vote = true (default)
2023-04-27 06:11:45,732 [om1@group-C5BA1605619E-FollowerState] INFO  impl.RoleInfo (RoleInfo.java:updateAndGet(139)) - om1: start om1@group-C5BA1605619E-LeaderElection1
2023-04-27 06:11:45,732 [Listener at 127.0.0.1/44053] WARN  impl.MetricRegistriesImpl (MetricRegistriesImpl.java:addReporterRegistration(111)) - New reporters are added after registries were created. Some metrics will be missing from the reporter. Please add reporter before adding any new registry.
2023-04-27 06:11:45,732 [Listener at 127.0.0.1/44053] WARN  impl.MetricRegistriesImpl (MetricRegistriesImpl.java:addReporterRegistration(111)) - New reporters are added after registries were created. Some metrics will be missing from the reporter. Please add reporter before adding any new registry.
2023-04-27 06:11:45,732 [Listener at 127.0.0.1/44053] INFO  impl.MetricsSystemImpl (MetricsSystemImpl.java:init(158)) - HddsDatanode metrics system started (again)
2023-04-27 06:11:45,733 [Datanode State Machine Daemon Thread] INFO  statemachine.DatanodeStateMachine (DatanodeStateMachine.java:lambda$startDaemon$0(517)) - Ozone container server started.
2023-04-27 06:11:45,766 [om1@group-C5BA1605619E-LeaderElection1] INFO  impl.LeaderElection (LeaderElection.java:askForVotes(312)) - om1@group-C5BA1605619E-LeaderElection1 PRE_VOTE round 0: submit vote requests at term 0 for -1: peers:[om1|rpc:localhost:9872|priority:0|startupRole:FOLLOWER]|listeners:[], old=null
2023-04-27 06:11:45,767 [om1@group-C5BA1605619E-LeaderElection1] INFO  impl.LeaderElection (LeaderElection.java:askForVotes(314)) - om1@group-C5BA1605619E-LeaderElection1 PRE_VOTE round 0: result PASSED (term=0)
2023-04-27 06:11:45,770 [om1@group-C5BA1605619E-LeaderElection1] INFO  impl.LeaderElection (LeaderElection.java:askForVotes(312)) - om1@group-C5BA1605619E-LeaderElection1 ELECTION round 0: submit vote requests at term 1 for -1: peers:[om1|rpc:localhost:9872|priority:0|startupRole:FOLLOWER]|listeners:[], old=null
2023-04-27 06:11:45,770 [om1@group-C5BA1605619E-LeaderElection1] INFO  impl.LeaderElection (LeaderElection.java:askForVotes(314)) - om1@group-C5BA1605619E-LeaderElection1 ELECTION round 0: result PASSED (term=1)
2023-04-27 06:11:45,770 [om1@group-C5BA1605619E-LeaderElection1] INFO  impl.RoleInfo (RoleInfo.java:shutdownLeaderElection(130)) - om1: shutdown om1@group-C5BA1605619E-LeaderElection1
2023-04-27 06:11:45,771 [om1@group-C5BA1605619E-LeaderElection1] INFO  server.RaftServer$Division (RaftServerImpl.java:setRole(321)) - om1@group-C5BA1605619E: changes role from CANDIDATE to LEADER at term 1 for changeToLeader
2023-04-27 06:11:45,772 [Listener at 127.0.0.1/44053] INFO  ozone.HddsDatanodeService (HddsDatanodeService.java:start(252)) - HddsDatanodeService host:fv-az220-795.shdwizndlbjulinwhzhdmup5sb.jx.internal.cloudapp.net ip:10.1.0.34
2023-04-27 06:11:45,774 [om1@group-C5BA1605619E-LeaderElection1] INFO  server.RaftServer$Division (ServerState.java:setLeader(313)) - om1@group-C5BA1605619E: change Leader from null to om1 at term 1 for becomeLeader, leader elected after 2242ms
2023-04-27 06:11:45,778 [org.apache.hadoop.util.JvmPauseMonitor$Monitor@7feb9f03] INFO  util.JvmPauseMonitor (JvmPauseMonitor.java:run(188)) - Starting JVM pause monitor
2023-04-27 06:11:45,783 [om1@group-C5BA1605619E-LeaderElection1] INFO  server.RaftServerConfigKeys (ConfUtils.java:logGet(46)) - raft.server.staging.catchup.gap = 1000 (default)
2023-04-27 06:11:45,792 [om1@group-C5BA1605619E-LeaderElection1] INFO  server.RaftServerConfigKeys (ConfUtils.java:logGet(46)) - raft.server.write.element-limit = 4096 (default)
2023-04-27 06:11:45,792 [om1@group-C5BA1605619E-LeaderElection1] INFO  server.RaftServerConfigKeys (ConfUtils.java:logGet(46)) - raft.server.write.byte-limit = 64MB (=67108864) (default)
2023-04-27 06:11:45,805 [om1@group-C5BA1605619E-LeaderElection1] INFO  server.RaftServerConfigKeys (ConfUtils.java:logGet(46)) - raft.server.watch.timeout = 10s (default)
2023-04-27 06:11:45,805 [om1@group-C5BA1605619E-LeaderElection1] INFO  server.RaftServerConfigKeys (ConfUtils.java:logGet(46)) - raft.server.watch.timeout.denomination = 1s (default)
2023-04-27 06:11:45,808 [Listener at 127.0.0.1/44053] INFO  upgrade.AbstractLayoutVersionManager (AbstractLayoutVersionManager.java:init(83)) - Initializing Layout version manager with metadata layout = WEBUI_PORTS_IN_DATANODEDETAILS (version = 6), software layout = WEBUI_PORTS_IN_DATANODEDETAILS (version = 6)
2023-04-27 06:11:45,810 [om1@group-C5BA1605619E-LeaderElection1] INFO  server.RaftServerConfigKeys (ConfUtils.java:logGet(46)) - raft.server.watch.element-limit = 65536 (default)
2023-04-27 06:11:45,823 [om1@group-C5BA1605619E-LeaderElection1] INFO  server.RaftServerConfigKeys (ConfUtils.java:logGet(46)) - raft.server.write.element-limit = 4096 (default)
2023-04-27 06:11:45,829 [om1@group-C5BA1605619E-LeaderElection1] INFO  server.RaftServerConfigKeys (ConfUtils.java:logGet(46)) - raft.server.write.follower.gap.ratio.max = -1.0 (default)
2023-04-27 06:11:45,835 [om1@group-C5BA1605619E-LeaderElection1] INFO  impl.RoleInfo (RoleInfo.java:updateAndGet(139)) - om1: start om1@group-C5BA1605619E-LeaderStateImpl
2023-04-27 06:11:45,891 [om1@group-C5BA1605619E-LeaderElection1] INFO  segmented.SegmentedRaftLogWorker (SegmentedRaftLogWorker.java:startLogSegment(452)) - om1@group-C5BA1605619E-SegmentedRaftLogWorker: Starting segment from index:0
2023-04-27 06:11:45,931 [Listener at 127.0.0.1/44053] INFO  reflections.Reflections (Reflections.java:scan(232)) - Reflections took 115 ms to scan 7 urls, producing 156 keys and 369 values 
2023-04-27 06:11:45,935 [Listener at 127.0.0.1/44053] INFO  statemachine.DatanodeStateMachine (DatanodeStateMachine.java:getEndPointTaskThreadPoolSize(260)) - Datanode State Machine Task Thread Pool size 2
2023-04-27 06:11:45,945 [Listener at 127.0.0.1/44053] INFO  volume.HddsVolume (HddsVolume.java:<init>(130)) - Creating HddsVolume: /home/runner/work/ozone/ozone/hadoop-ozone/integration-test/target/test-dir/MiniOzoneClusterImpl-b7159a92-b125-4b28-96e0-478247ce15d0/datanode-1/data-0/containers/hdds of storage type : DISK capacity : 9223372036854775807
2023-04-27 06:11:45,945 [Listener at 127.0.0.1/44053] INFO  volume.MutableVolumeSet (MutableVolumeSet.java:initializeVolumeSet(175)) - Added Volume : /home/runner/work/ozone/ozone/hadoop-ozone/integration-test/target/test-dir/MiniOzoneClusterImpl-b7159a92-b125-4b28-96e0-478247ce15d0/datanode-1/data-0/containers/hdds to VolumeSet
2023-04-27 06:11:45,946 [Listener at 127.0.0.1/44053] INFO  volume.ThrottledAsyncChecker (ThrottledAsyncChecker.java:schedule(141)) - Scheduling a check for /home/runner/work/ozone/ozone/hadoop-ozone/integration-test/target/test-dir/MiniOzoneClusterImpl-b7159a92-b125-4b28-96e0-478247ce15d0/datanode-1/data-0/containers/hdds
2023-04-27 06:11:45,959 [Listener at 127.0.0.1/44053] INFO  volume.StorageVolumeChecker (StorageVolumeChecker.java:checkAllVolumes(202)) - Scheduled health check for volume /home/runner/work/ozone/ozone/hadoop-ozone/integration-test/target/test-dir/MiniOzoneClusterImpl-b7159a92-b125-4b28-96e0-478247ce15d0/datanode-1/data-0/containers/hdds
2023-04-27 06:11:45,979 [Listener at 127.0.0.1/44053] INFO  volume.MutableVolumeSet (MutableVolumeSet.java:initializeVolumeSet(175)) - Added Volume : /home/runner/work/ozone/ozone/hadoop-ozone/integration-test/target/test-dir/MiniOzoneClusterImpl-b7159a92-b125-4b28-96e0-478247ce15d0/datanode-1/data/ratis to VolumeSet
2023-04-27 06:11:45,979 [Listener at 127.0.0.1/44053] INFO  volume.ThrottledAsyncChecker (ThrottledAsyncChecker.java:schedule(141)) - Scheduling a check for /home/runner/work/ozone/ozone/hadoop-ozone/integration-test/target/test-dir/MiniOzoneClusterImpl-b7159a92-b125-4b28-96e0-478247ce15d0/datanode-1/data/ratis
2023-04-27 06:11:45,988 [Listener at 127.0.0.1/44053] INFO  volume.StorageVolumeChecker (StorageVolumeChecker.java:checkAllVolumes(202)) - Scheduled health check for volume /home/runner/work/ozone/ozone/hadoop-ozone/integration-test/target/test-dir/MiniOzoneClusterImpl-b7159a92-b125-4b28-96e0-478247ce15d0/datanode-1/data/ratis
2023-04-27 06:11:45,998 [om1@group-C5BA1605619E-LeaderElection1] INFO  server.RaftServer$Division (ServerState.java:setRaftConf(430)) - om1@group-C5BA1605619E: set configuration 0: peers:[om1|rpc:localhost:9872|admin:|client:|dataStream:|priority:0|startupRole:FOLLOWER]|listeners:[], old=null
2023-04-27 06:11:46,026 [Datanode State Machine Task Thread - 0] INFO  datanode.InitDatanodeState (InitDatanodeState.java:persistContainerDatanodeDetails(138)) - DatanodeDetails is persisted to /home/runner/work/ozone/ozone/hadoop-ozone/integration-test/target/test-dir/MiniOzoneClusterImpl-b7159a92-b125-4b28-96e0-478247ce15d0/datanode-0/meta/datanode.id
2023-04-27 06:11:46,023 [Thread-155] INFO  ozoneimpl.ContainerReader (ContainerReader.java:readVolume(175)) - Finish verifying containers on volume /home/runner/work/ozone/ozone/hadoop-ozone/integration-test/target/test-dir/MiniOzoneClusterImpl-b7159a92-b125-4b28-96e0-478247ce15d0/datanode-1/data-0/containers/hdds
2023-04-27 06:11:46,027 [Listener at 127.0.0.1/44053] INFO  ozoneimpl.OzoneContainer (OzoneContainer.java:buildContainerSet(303)) - Build ContainerSet costs 0s
2023-04-27 06:11:46,040 [Listener at 127.0.0.1/44053] INFO  server.RaftServer (ConfUtils.java:logGet(46)) - raft.rpc.type = GRPC (default)
2023-04-27 06:11:46,040 [Listener at 127.0.0.1/44053] INFO  grpc.GrpcConfigKeys (ConfUtils.java:logFallback(53)) - raft.grpc.admin.host = null (fallback to raft.grpc.server.host)
2023-04-27 06:11:46,041 [Listener at 127.0.0.1/44053] INFO  grpc.GrpcConfigKeys (ConfUtils.java:logGet(46)) - raft.grpc.admin.port = 0 (custom)
2023-04-27 06:11:46,041 [Listener at 127.0.0.1/44053] INFO  grpc.GrpcConfigKeys (ConfUtils.java:logFallback(53)) - raft.grpc.client.host = null (fallback to raft.grpc.server.host)
2023-04-27 06:11:46,042 [Listener at 127.0.0.1/44053] INFO  grpc.GrpcConfigKeys (ConfUtils.java:logGet(46)) - raft.grpc.client.port = 0 (custom)
2023-04-27 06:11:46,042 [Listener at 127.0.0.1/44053] INFO  grpc.GrpcConfigKeys (ConfUtils.java:logGet(46)) - raft.grpc.server.host = null (default)
2023-04-27 06:11:46,042 [Listener at 127.0.0.1/44053] INFO  grpc.GrpcConfigKeys (ConfUtils.java:logGet(46)) - raft.grpc.server.port = 0 (default)
2023-04-27 06:11:46,042 [Listener at 127.0.0.1/44053] INFO  server.GrpcService (ConfUtils.java:logGet(46)) - raft.grpc.message.size.max = 32MB (=33554432) (custom)
2023-04-27 06:11:46,043 [Listener at 127.0.0.1/44053] INFO  server.RaftServerConfigKeys (ConfUtils.java:logGet(46)) - raft.server.log.appender.buffer.byte-limit = 33554432 (custom)
2023-04-27 06:11:46,043 [Listener at 127.0.0.1/44053] INFO  server.GrpcService (ConfUtils.java:logGet(46)) - raft.grpc.flow.control.window = 5MB (=5242880) (custom)
2023-04-27 06:11:46,043 [Listener at 127.0.0.1/44053] INFO  server.RaftServerConfigKeys (ConfUtils.java:logGet(46)) - raft.server.rpc.request.timeout = 3000ms (default)
2023-04-27 06:11:46,043 [Listener at 127.0.0.1/44053] INFO  grpc.GrpcConfigKeys (ConfUtils.java:logGet(46)) - raft.grpc.server.heartbeat.channel = true (default)
2023-04-27 06:11:46,044 [Listener at 127.0.0.1/44053] INFO  grpc.GrpcConfigKeys (ConfUtils.java:logGet(46)) - raft.grpc.server.async.request.thread.pool.cached = true (default)
2023-04-27 06:11:46,044 [Listener at 127.0.0.1/44053] INFO  grpc.GrpcConfigKeys (ConfUtils.java:logGet(46)) - raft.grpc.server.async.request.thread.pool.size = 32 (default)
2023-04-27 06:11:46,047 [Listener at 127.0.0.1/44053] INFO  impl.DataStreamServerImpl (ConfUtils.java:logGet(46)) - raft.datastream.type = NETTY (custom)
2023-04-27 06:11:46,052 [Listener at 127.0.0.1/44053] INFO  server.RaftServerConfigKeys (ConfUtils.java:logGet(46)) - raft.server.data-stream.async.request.thread.pool.cached = false (default)
2023-04-27 06:11:46,052 [Listener at 127.0.0.1/44053] INFO  server.RaftServerConfigKeys (ConfUtils.java:logGet(46)) - raft.server.data-stream.async.request.thread.pool.size = 20 (custom)
2023-04-27 06:11:46,052 [Listener at 127.0.0.1/44053] INFO  server.RaftServerConfigKeys (ConfUtils.java:logGet(46)) - raft.server.data-stream.async.write.thread.pool.size = 16 (default)
2023-04-27 06:11:46,052 [Listener at 127.0.0.1/44053] INFO  server.RaftServerConfigKeys (ConfUtils.java:logGet(46)) - raft.server.data-stream.client.pool.size = 10 (default)
2023-04-27 06:11:46,053 [Listener at 127.0.0.1/44053] INFO  netty.NettyConfigKeys$DataStream (ConfUtils.java:logGet(46)) - raft.netty.dataStream.server.use-epoll = false (default)
2023-04-27 06:11:46,053 [Listener at 127.0.0.1/44053] INFO  netty.NettyConfigKeys$DataStream (ConfUtils.java:logGet(46)) - raft.netty.dataStream.server.boss-group.size = 0 (default)
2023-04-27 06:11:46,054 [Listener at 127.0.0.1/44053] INFO  netty.NettyConfigKeys$DataStream (ConfUtils.java:logGet(46)) - raft.netty.dataStream.server.worker-group.size = 0 (default)
2023-04-27 06:11:46,055 [Listener at 127.0.0.1/44053] INFO  netty.NettyConfigKeys$DataStream (ConfUtils.java:logGet(46)) - raft.netty.dataStream.server.tls.conf = null (default)
2023-04-27 06:11:46,056 [Listener at 127.0.0.1/44053] INFO  netty.NettyConfigKeys$DataStream (ConfUtils.java:logGet(46)) - raft.netty.dataStream.host = null (default)
2023-04-27 06:11:46,056 [Listener at 127.0.0.1/44053] INFO  netty.NettyConfigKeys$DataStream (ConfUtils.java:logGet(46)) - raft.netty.dataStream.port = 0 (default)
2023-04-27 06:11:46,062 [Listener at 127.0.0.1/44053] INFO  server.RaftServerConfigKeys (ConfUtils.java:logGet(46)) - raft.server.threadpool.proxy.cached = true (default)
2023-04-27 06:11:46,063 [Listener at 127.0.0.1/44053] INFO  server.RaftServerConfigKeys (ConfUtils.java:logGet(46)) - raft.server.threadpool.proxy.size = 0 (default)
2023-04-27 06:11:46,063 [Listener at 127.0.0.1/44053] INFO  server.RaftServerConfigKeys (ConfUtils.java:logGet(46)) - raft.server.rpc.slowness.timeout = 300000ms (custom)
2023-04-27 06:11:46,063 [Listener at 127.0.0.1/44053] INFO  server.RaftServerConfigKeys (ConfUtils.java:logGet(46)) - raft.server.leaderelection.leader.step-down.wait-time = 10s (default)
2023-04-27 06:11:46,066 [Listener at 127.0.0.1/44053] INFO  server.RaftServerConfigKeys (ConfUtils.java:logGet(46)) - raft.server.storage.dir = [/home/runner/work/ozone/ozone/hadoop-ozone/integration-test/target/test-dir/MiniOzoneClusterImpl-b7159a92-b125-4b28-96e0-478247ce15d0/datanode-1/data/ratis] (custom)
2023-04-27 06:11:46,073 [9e79f7cb-e4c5-47cb-aa46-b66eba433fb4-NettyServerStreamRpc-bossGroup--thread1] INFO  logging.LoggingHandler (AbstractInternalLogger.java:log(148)) - [id: 0xb04bf88a] REGISTERED
2023-04-27 06:11:46,073 [9e79f7cb-e4c5-47cb-aa46-b66eba433fb4-NettyServerStreamRpc-bossGroup--thread1] INFO  logging.LoggingHandler (AbstractInternalLogger.java:log(148)) - [id: 0xb04bf88a] BIND: 0.0.0.0/0.0.0.0:0
2023-04-27 06:11:46,074 [9e79f7cb-e4c5-47cb-aa46-b66eba433fb4-NettyServerStreamRpc-bossGroup--thread1] INFO  logging.LoggingHandler (AbstractInternalLogger.java:log(148)) - [id: 0xb04bf88a, L:/0:0:0:0:0:0:0:0:43331] ACTIVE
2023-04-27 06:11:46,078 [Listener at 127.0.0.1/44053] INFO  server.XceiverServerGrpc (XceiverServerGrpc.java:<init>(132)) - GrpcServer channel type EpollServerSocketChannel
2023-04-27 06:11:46,085 [Listener at 127.0.0.1/44053] INFO  http.BaseHttpServer (BaseHttpServer.java:newHttpServer2BuilderForOzone(224)) - Starting Web-server for hddsDatanode at: http://0.0.0.0:0
2023-04-27 06:11:46,085 [Listener at 127.0.0.1/44053] INFO  http.BaseHttpServer (BaseHttpServer.java:<init>(111)) - Hadoop Security Enabled: false Ozone Security Enabled: false Ozone HTTP Security Enabled: false 
2023-04-27 06:11:46,087 [Listener at 127.0.0.1/44053] WARN  server.AuthenticationFilter (AuthenticationFilter.java:constructSecretProvider(240)) - Unable to initialize FileSignerSecretProvider, falling back to use random secrets. Reason: Could not read signature secret file: /home/runner/hadoop-http-auth-signature-secret
2023-04-27 06:11:46,091 [Listener at 127.0.0.1/44053] INFO  http.HttpRequestLog (HttpRequestLog.java:getRequestLog(86)) - Http request log for http.requests.hddsDatanode is not defined
2023-04-27 06:11:46,094 [Listener at 127.0.0.1/44053] INFO  http.HttpServer2 (HttpServer2.java:addGlobalFilter(1031)) - Added global filter 'safety' (class=org.apache.hadoop.hdds.server.http.HttpServer2$QuotingInputFilter)
2023-04-27 06:11:46,095 [Listener at 127.0.0.1/44053] INFO  http.HttpServer2 (HttpServer2.java:addFilter(1007)) - Added filter static_user_filter (class=org.apache.hadoop.http.lib.StaticUserWebFilter$StaticUserFilter) to context hddsDatanode
2023-04-27 06:11:46,095 [Listener at 127.0.0.1/44053] INFO  http.HttpServer2 (HttpServer2.java:addFilter(1015)) - Added filter static_user_filter (class=org.apache.hadoop.http.lib.StaticUserWebFilter$StaticUserFilter) to context logs
2023-04-27 06:11:46,095 [Listener at 127.0.0.1/44053] INFO  http.HttpServer2 (HttpServer2.java:addFilter(1015)) - Added filter static_user_filter (class=org.apache.hadoop.http.lib.StaticUserWebFilter$StaticUserFilter) to context static
2023-04-27 06:11:46,096 [Listener at 127.0.0.1/44053] INFO  http.BaseHttpServer (BaseHttpServer.java:<init>(190)) - HTTP server of hddsDatanode uses base directory /home/runner/work/ozone/ozone/hadoop-ozone/integration-test/target/test-dir/MiniOzoneClusterImpl-b7159a92-b125-4b28-96e0-478247ce15d0/datanode-1/meta/webserver
2023-04-27 06:11:46,096 [Listener at 127.0.0.1/44053] INFO  http.HttpServer2 (HttpServer2.java:bindListener(1250)) - Jetty bound to port 41201
2023-04-27 06:11:46,096 [Listener at 127.0.0.1/44053] INFO  server.Server (Server.java:doStart(375)) - jetty-9.4.51.v20230217; built: 2023-02-17T08:19:37.309Z; git: b45c405e4544384de066f814ed42ae3dceacdd49; jvm 1.8.0_362-b09
2023-04-27 06:11:46,107 [Listener at 127.0.0.1/44053] INFO  server.session (DefaultSessionIdManager.java:doStart(334)) - DefaultSessionIdManager workerName=node0
2023-04-27 06:11:46,107 [Listener at 127.0.0.1/44053] INFO  server.session (DefaultSessionIdManager.java:doStart(339)) - No SessionScavenger set, using defaults
2023-04-27 06:11:46,107 [Listener at 127.0.0.1/44053] INFO  server.session (HouseKeeper.java:startScavenging(132)) - node0 Scavenging every 600000ms
2023-04-27 06:11:46,110 [Listener at 127.0.0.1/44053] INFO  handler.ContextHandler (ContextHandler.java:doStart(921)) - Started o.e.j.s.ServletContextHandler@2ea78df7{logs,/logs,file:///home/runner/work/ozone/ozone/hadoop-ozone/integration-test/target/log,AVAILABLE}
2023-04-27 06:11:46,111 [Listener at 127.0.0.1/44053] INFO  handler.ContextHandler (ContextHandler.java:doStart(921)) - Started o.e.j.s.ServletContextHandler@3d99cc44{static,/static,jar:file:/home/runner/.m2/repository/org/apache/ozone/hdds-container-service/1.4.0-SNAPSHOT/hdds-container-service-1.4.0-SNAPSHOT.jar!/webapps/static,AVAILABLE}
2023-04-27 06:11:46,111 [om1@group-C5BA1605619E-SegmentedRaftLogWorker] INFO  segmented.SegmentedRaftLogWorker (SegmentedRaftLogWorker.java:execute(656)) - om1@group-C5BA1605619E-SegmentedRaftLogWorker: created new log segment /home/runner/work/ozone/ozone/hadoop-ozone/integration-test/target/test-dir/MiniOzoneClusterImpl-b7159a92-b125-4b28-96e0-478247ce15d0/ozone-meta/ratis/bf265839-605b-3f16-9796-c5ba1605619e/current/log_inprogress_0
2023-04-27 06:11:46,225 [om1@group-C5BA1605619E-StateMachineUpdater] INFO  ratis.OzoneManagerStateMachine (OzoneManagerStateMachine.java:notifyConfigurationChanged(201)) - Received Configuration change notification from Ratis. New Peer list:
[id: "om1"
address: "localhost:9872"
startupRole: FOLLOWER
]
2023-04-27 06:11:46,332 [Listener at 127.0.0.1/44053] INFO  handler.ContextHandler (ContextHandler.java:doStart(921)) - Started o.e.j.w.WebAppContext@6c37dac8{hddsDatanode,/,file:///home/runner/work/ozone/ozone/hadoop-ozone/integration-test/target/test-dir/MiniOzoneClusterImpl-b7159a92-b125-4b28-96e0-478247ce15d0/datanode-1/meta/webserver/jetty-0_0_0_0-41201-hdds-container-service-1_4_0-SNAPSHOT_jar-_-any-150550649781352509/webapp/,AVAILABLE}{jar:file:/home/runner/.m2/repository/org/apache/ozone/hdds-container-service/1.4.0-SNAPSHOT/hdds-container-service-1.4.0-SNAPSHOT.jar!/webapps/hddsDatanode}
2023-04-27 06:11:46,335 [Listener at 127.0.0.1/44053] INFO  server.AbstractConnector (AbstractConnector.java:doStart(333)) - Started ServerConnector@4af6e801{HTTP/1.1, (http/1.1)}{0.0.0.0:41201}
2023-04-27 06:11:46,335 [Listener at 127.0.0.1/44053] INFO  server.Server (Server.java:doStart(415)) - Started @9113ms
2023-04-27 06:11:46,335 [Listener at 127.0.0.1/44053] WARN  impl.MetricsSystemImpl (MetricsSystemImpl.java:register(279)) - Sink prometheus already exists!
2023-04-27 06:11:46,336 [Listener at 127.0.0.1/44053] INFO  http.BaseHttpServer (BaseHttpServer.java:updateConnectorAddress(344)) - HTTP server of hddsDatanode listening at http://0.0.0.0:41201
2023-04-27 06:11:46,337 [Listener at 127.0.0.1/44053] WARN  impl.MetricRegistriesImpl (MetricRegistriesImpl.java:addReporterRegistration(111)) - New reporters are added after registries were created. Some metrics will be missing from the reporter. Please add reporter before adding any new registry.
2023-04-27 06:11:46,337 [Listener at 127.0.0.1/44053] WARN  impl.MetricRegistriesImpl (MetricRegistriesImpl.java:addReporterRegistration(111)) - New reporters are added after registries were created. Some metrics will be missing from the reporter. Please add reporter before adding any new registry.
2023-04-27 06:11:46,337 [Listener at 127.0.0.1/44053] INFO  impl.MetricsSystemImpl (MetricsSystemImpl.java:init(158)) - HddsDatanode metrics system started (again)
2023-04-27 06:11:46,341 [Datanode State Machine Daemon Thread] INFO  statemachine.DatanodeStateMachine (DatanodeStateMachine.java:lambda$startDaemon$0(517)) - Ozone container server started.
2023-04-27 06:11:46,350 [Listener at 127.0.0.1/44053] INFO  ozone.HddsDatanodeService (HddsDatanodeService.java:start(252)) - HddsDatanodeService host:fv-az220-795.shdwizndlbjulinwhzhdmup5sb.jx.internal.cloudapp.net ip:10.1.0.34
2023-04-27 06:11:46,362 [org.apache.hadoop.util.JvmPauseMonitor$Monitor@23dec873] INFO  util.JvmPauseMonitor (JvmPauseMonitor.java:run(188)) - Starting JVM pause monitor
2023-04-27 06:11:46,373 [Datanode State Machine Task Thread - 0] INFO  datanode.InitDatanodeState (InitDatanodeState.java:persistContainerDatanodeDetails(138)) - DatanodeDetails is persisted to /home/runner/work/ozone/ozone/hadoop-ozone/integration-test/target/test-dir/MiniOzoneClusterImpl-b7159a92-b125-4b28-96e0-478247ce15d0/datanode-1/meta/datanode.id
2023-04-27 06:11:46,385 [Listener at 127.0.0.1/44053] INFO  upgrade.AbstractLayoutVersionManager (AbstractLayoutVersionManager.java:init(83)) - Initializing Layout version manager with metadata layout = WEBUI_PORTS_IN_DATANODEDETAILS (version = 6), software layout = WEBUI_PORTS_IN_DATANODEDETAILS (version = 6)
2023-04-27 06:11:46,434 [Listener at 127.0.0.1/44053] INFO  reflections.Reflections (Reflections.java:scan(232)) - Reflections took 48 ms to scan 7 urls, producing 156 keys and 369 values 
2023-04-27 06:11:46,436 [Listener at 127.0.0.1/44053] INFO  statemachine.DatanodeStateMachine (DatanodeStateMachine.java:getEndPointTaskThreadPoolSize(260)) - Datanode State Machine Task Thread Pool size 2
2023-04-27 06:11:46,439 [Listener at 127.0.0.1/44053] INFO  volume.HddsVolume (HddsVolume.java:<init>(130)) - Creating HddsVolume: /home/runner/work/ozone/ozone/hadoop-ozone/integration-test/target/test-dir/MiniOzoneClusterImpl-b7159a92-b125-4b28-96e0-478247ce15d0/datanode-2/data-0/containers/hdds of storage type : DISK capacity : 9223372036854775807
2023-04-27 06:11:46,439 [Listener at 127.0.0.1/44053] INFO  volume.MutableVolumeSet (MutableVolumeSet.java:initializeVolumeSet(175)) - Added Volume : /home/runner/work/ozone/ozone/hadoop-ozone/integration-test/target/test-dir/MiniOzoneClusterImpl-b7159a92-b125-4b28-96e0-478247ce15d0/datanode-2/data-0/containers/hdds to VolumeSet
2023-04-27 06:11:46,439 [Listener at 127.0.0.1/44053] INFO  volume.ThrottledAsyncChecker (ThrottledAsyncChecker.java:schedule(141)) - Scheduling a check for /home/runner/work/ozone/ozone/hadoop-ozone/integration-test/target/test-dir/MiniOzoneClusterImpl-b7159a92-b125-4b28-96e0-478247ce15d0/datanode-2/data-0/containers/hdds
2023-04-27 06:11:46,445 [Listener at 127.0.0.1/44053] INFO  volume.StorageVolumeChecker (StorageVolumeChecker.java:checkAllVolumes(202)) - Scheduled health check for volume /home/runner/work/ozone/ozone/hadoop-ozone/integration-test/target/test-dir/MiniOzoneClusterImpl-b7159a92-b125-4b28-96e0-478247ce15d0/datanode-2/data-0/containers/hdds
2023-04-27 06:11:46,457 [Listener at 127.0.0.1/44053] INFO  volume.MutableVolumeSet (MutableVolumeSet.java:initializeVolumeSet(175)) - Added Volume : /home/runner/work/ozone/ozone/hadoop-ozone/integration-test/target/test-dir/MiniOzoneClusterImpl-b7159a92-b125-4b28-96e0-478247ce15d0/datanode-2/data/ratis to VolumeSet
2023-04-27 06:11:46,457 [Listener at 127.0.0.1/44053] INFO  volume.ThrottledAsyncChecker (ThrottledAsyncChecker.java:schedule(141)) - Scheduling a check for /home/runner/work/ozone/ozone/hadoop-ozone/integration-test/target/test-dir/MiniOzoneClusterImpl-b7159a92-b125-4b28-96e0-478247ce15d0/datanode-2/data/ratis
2023-04-27 06:11:46,457 [Listener at 127.0.0.1/44053] INFO  volume.StorageVolumeChecker (StorageVolumeChecker.java:checkAllVolumes(202)) - Scheduled health check for volume /home/runner/work/ozone/ozone/hadoop-ozone/integration-test/target/test-dir/MiniOzoneClusterImpl-b7159a92-b125-4b28-96e0-478247ce15d0/datanode-2/data/ratis
2023-04-27 06:11:46,468 [Thread-169] INFO  ozoneimpl.ContainerReader (ContainerReader.java:readVolume(175)) - Finish verifying containers on volume /home/runner/work/ozone/ozone/hadoop-ozone/integration-test/target/test-dir/MiniOzoneClusterImpl-b7159a92-b125-4b28-96e0-478247ce15d0/datanode-2/data-0/containers/hdds
2023-04-27 06:11:46,468 [Listener at 127.0.0.1/44053] INFO  ozoneimpl.OzoneContainer (OzoneContainer.java:buildContainerSet(303)) - Build ContainerSet costs 0s
2023-04-27 06:11:46,473 [Listener at 127.0.0.1/44053] INFO  server.RaftServer (ConfUtils.java:logGet(46)) - raft.rpc.type = GRPC (default)
2023-04-27 06:11:46,474 [Listener at 127.0.0.1/44053] INFO  grpc.GrpcConfigKeys (ConfUtils.java:logFallback(53)) - raft.grpc.admin.host = null (fallback to raft.grpc.server.host)
2023-04-27 06:11:46,474 [Listener at 127.0.0.1/44053] INFO  grpc.GrpcConfigKeys (ConfUtils.java:logGet(46)) - raft.grpc.admin.port = 0 (custom)
2023-04-27 06:11:46,474 [Listener at 127.0.0.1/44053] INFO  grpc.GrpcConfigKeys (ConfUtils.java:logFallback(53)) - raft.grpc.client.host = null (fallback to raft.grpc.server.host)
2023-04-27 06:11:46,474 [Listener at 127.0.0.1/44053] INFO  grpc.GrpcConfigKeys (ConfUtils.java:logGet(46)) - raft.grpc.client.port = 0 (custom)
2023-04-27 06:11:46,474 [Listener at 127.0.0.1/44053] INFO  grpc.GrpcConfigKeys (ConfUtils.java:logGet(46)) - raft.grpc.server.host = null (default)
2023-04-27 06:11:46,474 [Listener at 127.0.0.1/44053] INFO  grpc.GrpcConfigKeys (ConfUtils.java:logGet(46)) - raft.grpc.server.port = 0 (default)
2023-04-27 06:11:46,474 [Listener at 127.0.0.1/44053] INFO  server.GrpcService (ConfUtils.java:logGet(46)) - raft.grpc.message.size.max = 32MB (=33554432) (custom)
2023-04-27 06:11:46,475 [Listener at 127.0.0.1/44053] INFO  server.RaftServerConfigKeys (ConfUtils.java:logGet(46)) - raft.server.log.appender.buffer.byte-limit = 33554432 (custom)
2023-04-27 06:11:46,475 [Listener at 127.0.0.1/44053] INFO  server.GrpcService (ConfUtils.java:logGet(46)) - raft.grpc.flow.control.window = 5MB (=5242880) (custom)
2023-04-27 06:11:46,475 [Listener at 127.0.0.1/44053] INFO  server.RaftServerConfigKeys (ConfUtils.java:logGet(46)) - raft.server.rpc.request.timeout = 3000ms (default)
2023-04-27 06:11:46,475 [Listener at 127.0.0.1/44053] INFO  grpc.GrpcConfigKeys (ConfUtils.java:logGet(46)) - raft.grpc.server.heartbeat.channel = true (default)
2023-04-27 06:11:46,476 [Listener at 127.0.0.1/44053] INFO  grpc.GrpcConfigKeys (ConfUtils.java:logGet(46)) - raft.grpc.server.async.request.thread.pool.cached = true (default)
2023-04-27 06:11:46,476 [Listener at 127.0.0.1/44053] INFO  grpc.GrpcConfigKeys (ConfUtils.java:logGet(46)) - raft.grpc.server.async.request.thread.pool.size = 32 (default)
2023-04-27 06:11:46,477 [Listener at 127.0.0.1/44053] INFO  impl.DataStreamServerImpl (ConfUtils.java:logGet(46)) - raft.datastream.type = NETTY (custom)
2023-04-27 06:11:46,478 [Listener at 127.0.0.1/44053] INFO  server.RaftServerConfigKeys (ConfUtils.java:logGet(46)) - raft.server.data-stream.async.request.thread.pool.cached = false (default)
2023-04-27 06:11:46,478 [Listener at 127.0.0.1/44053] INFO  server.RaftServerConfigKeys (ConfUtils.java:logGet(46)) - raft.server.data-stream.async.request.thread.pool.size = 20 (custom)
2023-04-27 06:11:46,478 [Listener at 127.0.0.1/44053] INFO  server.RaftServerConfigKeys (ConfUtils.java:logGet(46)) - raft.server.data-stream.async.write.thread.pool.size = 16 (default)
2023-04-27 06:11:46,478 [Listener at 127.0.0.1/44053] INFO  server.RaftServerConfigKeys (ConfUtils.java:logGet(46)) - raft.server.data-stream.client.pool.size = 10 (default)
2023-04-27 06:11:46,478 [Listener at 127.0.0.1/44053] INFO  netty.NettyConfigKeys$DataStream (ConfUtils.java:logGet(46)) - raft.netty.dataStream.server.use-epoll = false (default)
2023-04-27 06:11:46,479 [Listener at 127.0.0.1/44053] INFO  netty.NettyConfigKeys$DataStream (ConfUtils.java:logGet(46)) - raft.netty.dataStream.server.boss-group.size = 0 (default)
2023-04-27 06:11:46,479 [Listener at 127.0.0.1/44053] INFO  netty.NettyConfigKeys$DataStream (ConfUtils.java:logGet(46)) - raft.netty.dataStream.server.worker-group.size = 0 (default)
2023-04-27 06:11:46,479 [Listener at 127.0.0.1/44053] INFO  netty.NettyConfigKeys$DataStream (ConfUtils.java:logGet(46)) - raft.netty.dataStream.server.tls.conf = null (default)
2023-04-27 06:11:46,480 [Listener at 127.0.0.1/44053] INFO  netty.NettyConfigKeys$DataStream (ConfUtils.java:logGet(46)) - raft.netty.dataStream.host = null (default)
2023-04-27 06:11:46,480 [Listener at 127.0.0.1/44053] INFO  netty.NettyConfigKeys$DataStream (ConfUtils.java:logGet(46)) - raft.netty.dataStream.port = 0 (default)
2023-04-27 06:11:46,480 [Listener at 127.0.0.1/44053] INFO  server.RaftServerConfigKeys (ConfUtils.java:logGet(46)) - raft.server.threadpool.proxy.cached = true (default)
2023-04-27 06:11:46,480 [Listener at 127.0.0.1/44053] INFO  server.RaftServerConfigKeys (ConfUtils.java:logGet(46)) - raft.server.threadpool.proxy.size = 0 (default)
2023-04-27 06:11:46,480 [Listener at 127.0.0.1/44053] INFO  server.RaftServerConfigKeys (ConfUtils.java:logGet(46)) - raft.server.rpc.slowness.timeout = 300000ms (custom)
2023-04-27 06:11:46,481 [Listener at 127.0.0.1/44053] INFO  server.RaftServerConfigKeys (ConfUtils.java:logGet(46)) - raft.server.leaderelection.leader.step-down.wait-time = 10s (default)
2023-04-27 06:11:46,481 [Listener at 127.0.0.1/44053] INFO  server.RaftServerConfigKeys (ConfUtils.java:logGet(46)) - raft.server.storage.dir = [/home/runner/work/ozone/ozone/hadoop-ozone/integration-test/target/test-dir/MiniOzoneClusterImpl-b7159a92-b125-4b28-96e0-478247ce15d0/datanode-2/data/ratis] (custom)
2023-04-27 06:11:46,482 [d3795bd6-5a77-4d2d-9b17-a3a54c2e679f-NettyServerStreamRpc-bossGroup--thread1] INFO  logging.LoggingHandler (AbstractInternalLogger.java:log(148)) - [id: 0x5a22e8f5] REGISTERED
2023-04-27 06:11:46,483 [d3795bd6-5a77-4d2d-9b17-a3a54c2e679f-NettyServerStreamRpc-bossGroup--thread1] INFO  logging.LoggingHandler (AbstractInternalLogger.java:log(148)) - [id: 0x5a22e8f5] BIND: 0.0.0.0/0.0.0.0:0
2023-04-27 06:11:46,483 [d3795bd6-5a77-4d2d-9b17-a3a54c2e679f-NettyServerStreamRpc-bossGroup--thread1] INFO  logging.LoggingHandler (AbstractInternalLogger.java:log(148)) - [id: 0x5a22e8f5, L:/0:0:0:0:0:0:0:0:39621] ACTIVE
2023-04-27 06:11:46,484 [Listener at 127.0.0.1/44053] INFO  server.XceiverServerGrpc (XceiverServerGrpc.java:<init>(132)) - GrpcServer channel type EpollServerSocketChannel
2023-04-27 06:11:46,489 [Listener at 127.0.0.1/44053] INFO  http.BaseHttpServer (BaseHttpServer.java:newHttpServer2BuilderForOzone(224)) - Starting Web-server for hddsDatanode at: http://0.0.0.0:0
2023-04-27 06:11:46,489 [Listener at 127.0.0.1/44053] INFO  http.BaseHttpServer (BaseHttpServer.java:<init>(111)) - Hadoop Security Enabled: false Ozone Security Enabled: false Ozone HTTP Security Enabled: false 
2023-04-27 06:11:46,490 [Listener at 127.0.0.1/44053] WARN  server.AuthenticationFilter (AuthenticationFilter.java:constructSecretProvider(240)) - Unable to initialize FileSignerSecretProvider, falling back to use random secrets. Reason: Could not read signature secret file: /home/runner/hadoop-http-auth-signature-secret
2023-04-27 06:11:46,491 [Listener at 127.0.0.1/44053] INFO  http.HttpRequestLog (HttpRequestLog.java:getRequestLog(86)) - Http request log for http.requests.hddsDatanode is not defined
2023-04-27 06:11:46,492 [Listener at 127.0.0.1/44053] INFO  http.HttpServer2 (HttpServer2.java:addGlobalFilter(1031)) - Added global filter 'safety' (class=org.apache.hadoop.hdds.server.http.HttpServer2$QuotingInputFilter)
2023-04-27 06:11:46,493 [Listener at 127.0.0.1/44053] INFO  http.HttpServer2 (HttpServer2.java:addFilter(1007)) - Added filter static_user_filter (class=org.apache.hadoop.http.lib.StaticUserWebFilter$StaticUserFilter) to context hddsDatanode
2023-04-27 06:11:46,493 [Listener at 127.0.0.1/44053] INFO  http.HttpServer2 (HttpServer2.java:addFilter(1015)) - Added filter static_user_filter (class=org.apache.hadoop.http.lib.StaticUserWebFilter$StaticUserFilter) to context logs
2023-04-27 06:11:46,494 [Listener at 127.0.0.1/44053] INFO  http.HttpServer2 (HttpServer2.java:addFilter(1015)) - Added filter static_user_filter (class=org.apache.hadoop.http.lib.StaticUserWebFilter$StaticUserFilter) to context static
2023-04-27 06:11:46,494 [Listener at 127.0.0.1/44053] INFO  http.BaseHttpServer (BaseHttpServer.java:<init>(190)) - HTTP server of hddsDatanode uses base directory /home/runner/work/ozone/ozone/hadoop-ozone/integration-test/target/test-dir/MiniOzoneClusterImpl-b7159a92-b125-4b28-96e0-478247ce15d0/datanode-2/meta/webserver
2023-04-27 06:11:46,494 [Listener at 127.0.0.1/44053] INFO  http.HttpServer2 (HttpServer2.java:bindListener(1250)) - Jetty bound to port 45141
2023-04-27 06:11:46,495 [Listener at 127.0.0.1/44053] INFO  server.Server (Server.java:doStart(375)) - jetty-9.4.51.v20230217; built: 2023-02-17T08:19:37.309Z; git: b45c405e4544384de066f814ed42ae3dceacdd49; jvm 1.8.0_362-b09
2023-04-27 06:11:46,498 [Listener at 127.0.0.1/44053] INFO  server.session (DefaultSessionIdManager.java:doStart(334)) - DefaultSessionIdManager workerName=node0
2023-04-27 06:11:46,498 [Listener at 127.0.0.1/44053] INFO  server.session (DefaultSessionIdManager.java:doStart(339)) - No SessionScavenger set, using defaults
2023-04-27 06:11:46,498 [Listener at 127.0.0.1/44053] INFO  server.session (HouseKeeper.java:startScavenging(132)) - node0 Scavenging every 660000ms
2023-04-27 06:11:46,499 [Listener at 127.0.0.1/44053] INFO  handler.ContextHandler (ContextHandler.java:doStart(921)) - Started o.e.j.s.ServletContextHandler@798fd45f{logs,/logs,file:///home/runner/work/ozone/ozone/hadoop-ozone/integration-test/target/log,AVAILABLE}
2023-04-27 06:11:46,500 [Listener at 127.0.0.1/44053] INFO  handler.ContextHandler (ContextHandler.java:doStart(921)) - Started o.e.j.s.ServletContextHandler@2bba7bd9{static,/static,jar:file:/home/runner/.m2/repository/org/apache/ozone/hdds-container-service/1.4.0-SNAPSHOT/hdds-container-service-1.4.0-SNAPSHOT.jar!/webapps/static,AVAILABLE}
2023-04-27 06:11:46,698 [Listener at 127.0.0.1/44053] INFO  handler.ContextHandler (ContextHandler.java:doStart(921)) - Started o.e.j.w.WebAppContext@6e92b4af{hddsDatanode,/,file:///home/runner/work/ozone/ozone/hadoop-ozone/integration-test/target/test-dir/MiniOzoneClusterImpl-b7159a92-b125-4b28-96e0-478247ce15d0/datanode-2/meta/webserver/jetty-0_0_0_0-45141-hdds-container-service-1_4_0-SNAPSHOT_jar-_-any-7680507253069331013/webapp/,AVAILABLE}{jar:file:/home/runner/.m2/repository/org/apache/ozone/hdds-container-service/1.4.0-SNAPSHOT/hdds-container-service-1.4.0-SNAPSHOT.jar!/webapps/hddsDatanode}
2023-04-27 06:11:46,700 [Listener at 127.0.0.1/44053] INFO  server.AbstractConnector (AbstractConnector.java:doStart(333)) - Started ServerConnector@5fc9593d{HTTP/1.1, (http/1.1)}{0.0.0.0:45141}
2023-04-27 06:11:46,700 [Listener at 127.0.0.1/44053] INFO  server.Server (Server.java:doStart(415)) - Started @9478ms
2023-04-27 06:11:46,700 [Listener at 127.0.0.1/44053] WARN  impl.MetricsSystemImpl (MetricsSystemImpl.java:register(279)) - Sink prometheus already exists!
2023-04-27 06:11:46,701 [Listener at 127.0.0.1/44053] INFO  http.BaseHttpServer (BaseHttpServer.java:updateConnectorAddress(344)) - HTTP server of hddsDatanode listening at http://0.0.0.0:45141
2023-04-27 06:11:46,702 [Datanode State Machine Daemon Thread] INFO  statemachine.DatanodeStateMachine (DatanodeStateMachine.java:lambda$startDaemon$0(517)) - Ozone container server started.
2023-04-27 06:11:46,703 [Listener at 127.0.0.1/44053] WARN  impl.MetricRegistriesImpl (MetricRegistriesImpl.java:addReporterRegistration(111)) - New reporters are added after registries were created. Some metrics will be missing from the reporter. Please add reporter before adding any new registry.
2023-04-27 06:11:46,703 [Listener at 127.0.0.1/44053] WARN  impl.MetricRegistriesImpl (MetricRegistriesImpl.java:addReporterRegistration(111)) - New reporters are added after registries were created. Some metrics will be missing from the reporter. Please add reporter before adding any new registry.
2023-04-27 06:11:46,704 [Listener at 127.0.0.1/44053] INFO  impl.MetricsSystemImpl (MetricsSystemImpl.java:init(158)) - HddsDatanode metrics system started (again)
2023-04-27 06:11:46,722 [org.apache.hadoop.util.JvmPauseMonitor$Monitor@7cdb3a4] INFO  util.JvmPauseMonitor (JvmPauseMonitor.java:run(188)) - Starting JVM pause monitor
2023-04-27 06:11:46,730 [Datanode State Machine Task Thread - 0] INFO  datanode.InitDatanodeState (InitDatanodeState.java:persistContainerDatanodeDetails(138)) - DatanodeDetails is persisted to /home/runner/work/ozone/ozone/hadoop-ozone/integration-test/target/test-dir/MiniOzoneClusterImpl-b7159a92-b125-4b28-96e0-478247ce15d0/datanode-2/meta/datanode.id
2023-04-27 06:11:46,733 [Listener at 127.0.0.1/44053] INFO  ozone.HddsDatanodeService (HddsDatanodeService.java:start(252)) - HddsDatanodeService host:fv-az220-795.shdwizndlbjulinwhzhdmup5sb.jx.internal.cloudapp.net ip:10.1.0.34
2023-04-27 06:11:46,756 [Listener at 127.0.0.1/44053] INFO  upgrade.AbstractLayoutVersionManager (AbstractLayoutVersionManager.java:init(83)) - Initializing Layout version manager with metadata layout = WEBUI_PORTS_IN_DATANODEDETAILS (version = 6), software layout = WEBUI_PORTS_IN_DATANODEDETAILS (version = 6)
2023-04-27 06:11:46,807 [Listener at 127.0.0.1/44053] INFO  reflections.Reflections (Reflections.java:scan(232)) - Reflections took 50 ms to scan 7 urls, producing 156 keys and 369 values 
2023-04-27 06:11:46,809 [Listener at 127.0.0.1/44053] INFO  statemachine.DatanodeStateMachine (DatanodeStateMachine.java:getEndPointTaskThreadPoolSize(260)) - Datanode State Machine Task Thread Pool size 2
2023-04-27 06:11:46,812 [Listener at 127.0.0.1/44053] INFO  volume.HddsVolume (HddsVolume.java:<init>(130)) - Creating HddsVolume: /home/runner/work/ozone/ozone/hadoop-ozone/integration-test/target/test-dir/MiniOzoneClusterImpl-b7159a92-b125-4b28-96e0-478247ce15d0/datanode-3/data-0/containers/hdds of storage type : DISK capacity : 9223372036854775807
2023-04-27 06:11:46,812 [Listener at 127.0.0.1/44053] INFO  volume.MutableVolumeSet (MutableVolumeSet.java:initializeVolumeSet(175)) - Added Volume : /home/runner/work/ozone/ozone/hadoop-ozone/integration-test/target/test-dir/MiniOzoneClusterImpl-b7159a92-b125-4b28-96e0-478247ce15d0/datanode-3/data-0/containers/hdds to VolumeSet
2023-04-27 06:11:46,812 [Listener at 127.0.0.1/44053] INFO  volume.ThrottledAsyncChecker (ThrottledAsyncChecker.java:schedule(141)) - Scheduling a check for /home/runner/work/ozone/ozone/hadoop-ozone/integration-test/target/test-dir/MiniOzoneClusterImpl-b7159a92-b125-4b28-96e0-478247ce15d0/datanode-3/data-0/containers/hdds
2023-04-27 06:11:46,817 [Listener at 127.0.0.1/44053] INFO  volume.StorageVolumeChecker (StorageVolumeChecker.java:checkAllVolumes(202)) - Scheduled health check for volume /home/runner/work/ozone/ozone/hadoop-ozone/integration-test/target/test-dir/MiniOzoneClusterImpl-b7159a92-b125-4b28-96e0-478247ce15d0/datanode-3/data-0/containers/hdds
2023-04-27 06:11:46,829 [Listener at 127.0.0.1/44053] INFO  volume.MutableVolumeSet (MutableVolumeSet.java:initializeVolumeSet(175)) - Added Volume : /home/runner/work/ozone/ozone/hadoop-ozone/integration-test/target/test-dir/MiniOzoneClusterImpl-b7159a92-b125-4b28-96e0-478247ce15d0/datanode-3/data/ratis to VolumeSet
2023-04-27 06:11:46,829 [Listener at 127.0.0.1/44053] INFO  volume.ThrottledAsyncChecker (ThrottledAsyncChecker.java:schedule(141)) - Scheduling a check for /home/runner/work/ozone/ozone/hadoop-ozone/integration-test/target/test-dir/MiniOzoneClusterImpl-b7159a92-b125-4b28-96e0-478247ce15d0/datanode-3/data/ratis
2023-04-27 06:11:46,829 [Listener at 127.0.0.1/44053] INFO  volume.StorageVolumeChecker (StorageVolumeChecker.java:checkAllVolumes(202)) - Scheduled health check for volume /home/runner/work/ozone/ozone/hadoop-ozone/integration-test/target/test-dir/MiniOzoneClusterImpl-b7159a92-b125-4b28-96e0-478247ce15d0/datanode-3/data/ratis
2023-04-27 06:11:46,840 [Thread-183] INFO  ozoneimpl.ContainerReader (ContainerReader.java:readVolume(175)) - Finish verifying containers on volume /home/runner/work/ozone/ozone/hadoop-ozone/integration-test/target/test-dir/MiniOzoneClusterImpl-b7159a92-b125-4b28-96e0-478247ce15d0/datanode-3/data-0/containers/hdds
2023-04-27 06:11:46,840 [Listener at 127.0.0.1/44053] INFO  ozoneimpl.OzoneContainer (OzoneContainer.java:buildContainerSet(303)) - Build ContainerSet costs 0s
2023-04-27 06:11:46,843 [Listener at 127.0.0.1/44053] INFO  server.RaftServer (ConfUtils.java:logGet(46)) - raft.rpc.type = GRPC (default)
2023-04-27 06:11:46,844 [Listener at 127.0.0.1/44053] INFO  grpc.GrpcConfigKeys (ConfUtils.java:logFallback(53)) - raft.grpc.admin.host = null (fallback to raft.grpc.server.host)
2023-04-27 06:11:46,844 [Listener at 127.0.0.1/44053] INFO  grpc.GrpcConfigKeys (ConfUtils.java:logGet(46)) - raft.grpc.admin.port = 0 (custom)
2023-04-27 06:11:46,844 [Listener at 127.0.0.1/44053] INFO  grpc.GrpcConfigKeys (ConfUtils.java:logFallback(53)) - raft.grpc.client.host = null (fallback to raft.grpc.server.host)
2023-04-27 06:11:46,844 [Listener at 127.0.0.1/44053] INFO  grpc.GrpcConfigKeys (ConfUtils.java:logGet(46)) - raft.grpc.client.port = 0 (custom)
2023-04-27 06:11:46,844 [Listener at 127.0.0.1/44053] INFO  grpc.GrpcConfigKeys (ConfUtils.java:logGet(46)) - raft.grpc.server.host = null (default)
2023-04-27 06:11:46,844 [Listener at 127.0.0.1/44053] INFO  grpc.GrpcConfigKeys (ConfUtils.java:logGet(46)) - raft.grpc.server.port = 0 (default)
2023-04-27 06:11:46,844 [Listener at 127.0.0.1/44053] INFO  server.GrpcService (ConfUtils.java:logGet(46)) - raft.grpc.message.size.max = 32MB (=33554432) (custom)
2023-04-27 06:11:46,844 [Listener at 127.0.0.1/44053] INFO  server.RaftServerConfigKeys (ConfUtils.java:logGet(46)) - raft.server.log.appender.buffer.byte-limit = 33554432 (custom)
2023-04-27 06:11:46,845 [Listener at 127.0.0.1/44053] INFO  server.GrpcService (ConfUtils.java:logGet(46)) - raft.grpc.flow.control.window = 5MB (=5242880) (custom)
2023-04-27 06:11:46,845 [Listener at 127.0.0.1/44053] INFO  server.RaftServerConfigKeys (ConfUtils.java:logGet(46)) - raft.server.rpc.request.timeout = 3000ms (default)
2023-04-27 06:11:46,845 [Listener at 127.0.0.1/44053] INFO  grpc.GrpcConfigKeys (ConfUtils.java:logGet(46)) - raft.grpc.server.heartbeat.channel = true (default)
2023-04-27 06:11:46,845 [Listener at 127.0.0.1/44053] INFO  grpc.GrpcConfigKeys (ConfUtils.java:logGet(46)) - raft.grpc.server.async.request.thread.pool.cached = true (default)
2023-04-27 06:11:46,845 [Listener at 127.0.0.1/44053] INFO  grpc.GrpcConfigKeys (ConfUtils.java:logGet(46)) - raft.grpc.server.async.request.thread.pool.size = 32 (default)
2023-04-27 06:11:46,846 [Listener at 127.0.0.1/44053] INFO  impl.DataStreamServerImpl (ConfUtils.java:logGet(46)) - raft.datastream.type = NETTY (custom)
2023-04-27 06:11:46,847 [Listener at 127.0.0.1/44053] INFO  server.RaftServerConfigKeys (ConfUtils.java:logGet(46)) - raft.server.data-stream.async.request.thread.pool.cached = false (default)
2023-04-27 06:11:46,847 [Listener at 127.0.0.1/44053] INFO  server.RaftServerConfigKeys (ConfUtils.java:logGet(46)) - raft.server.data-stream.async.request.thread.pool.size = 20 (custom)
2023-04-27 06:11:46,847 [Listener at 127.0.0.1/44053] INFO  server.RaftServerConfigKeys (ConfUtils.java:logGet(46)) - raft.server.data-stream.async.write.thread.pool.size = 16 (default)
2023-04-27 06:11:46,847 [Listener at 127.0.0.1/44053] INFO  server.RaftServerConfigKeys (ConfUtils.java:logGet(46)) - raft.server.data-stream.client.pool.size = 10 (default)
2023-04-27 06:11:46,847 [Listener at 127.0.0.1/44053] INFO  netty.NettyConfigKeys$DataStream (ConfUtils.java:logGet(46)) - raft.netty.dataStream.server.use-epoll = false (default)
2023-04-27 06:11:46,848 [Listener at 127.0.0.1/44053] INFO  netty.NettyConfigKeys$DataStream (ConfUtils.java:logGet(46)) - raft.netty.dataStream.server.boss-group.size = 0 (default)
2023-04-27 06:11:46,848 [Listener at 127.0.0.1/44053] INFO  netty.NettyConfigKeys$DataStream (ConfUtils.java:logGet(46)) - raft.netty.dataStream.server.worker-group.size = 0 (default)
2023-04-27 06:11:46,848 [Listener at 127.0.0.1/44053] INFO  netty.NettyConfigKeys$DataStream (ConfUtils.java:logGet(46)) - raft.netty.dataStream.server.tls.conf = null (default)
2023-04-27 06:11:46,849 [Listener at 127.0.0.1/44053] INFO  netty.NettyConfigKeys$DataStream (ConfUtils.java:logGet(46)) - raft.netty.dataStream.host = null (default)
2023-04-27 06:11:46,849 [Listener at 127.0.0.1/44053] INFO  netty.NettyConfigKeys$DataStream (ConfUtils.java:logGet(46)) - raft.netty.dataStream.port = 0 (default)
2023-04-27 06:11:46,849 [Listener at 127.0.0.1/44053] INFO  server.RaftServerConfigKeys (ConfUtils.java:logGet(46)) - raft.server.threadpool.proxy.cached = true (default)
2023-04-27 06:11:46,849 [Listener at 127.0.0.1/44053] INFO  server.RaftServerConfigKeys (ConfUtils.java:logGet(46)) - raft.server.threadpool.proxy.size = 0 (default)
2023-04-27 06:11:46,850 [Listener at 127.0.0.1/44053] INFO  server.RaftServerConfigKeys (ConfUtils.java:logGet(46)) - raft.server.rpc.slowness.timeout = 300000ms (custom)
2023-04-27 06:11:46,850 [Listener at 127.0.0.1/44053] INFO  server.RaftServerConfigKeys (ConfUtils.java:logGet(46)) - raft.server.leaderelection.leader.step-down.wait-time = 10s (default)
2023-04-27 06:11:46,850 [Listener at 127.0.0.1/44053] INFO  server.RaftServerConfigKeys (ConfUtils.java:logGet(46)) - raft.server.storage.dir = [/home/runner/work/ozone/ozone/hadoop-ozone/integration-test/target/test-dir/MiniOzoneClusterImpl-b7159a92-b125-4b28-96e0-478247ce15d0/datanode-3/data/ratis] (custom)
2023-04-27 06:11:46,855 [212d554a-1aad-4773-9d82-bb5fa0fa9f58-NettyServerStreamRpc-bossGroup--thread1] INFO  logging.LoggingHandler (AbstractInternalLogger.java:log(148)) - [id: 0x5156ee36] REGISTERED
2023-04-27 06:11:46,855 [212d554a-1aad-4773-9d82-bb5fa0fa9f58-NettyServerStreamRpc-bossGroup--thread1] INFO  logging.LoggingHandler (AbstractInternalLogger.java:log(148)) - [id: 0x5156ee36] BIND: 0.0.0.0/0.0.0.0:0
2023-04-27 06:11:46,855 [212d554a-1aad-4773-9d82-bb5fa0fa9f58-NettyServerStreamRpc-bossGroup--thread1] INFO  logging.LoggingHandler (AbstractInternalLogger.java:log(148)) - [id: 0x5156ee36, L:/0:0:0:0:0:0:0:0:33765] ACTIVE
2023-04-27 06:11:46,857 [Listener at 127.0.0.1/44053] INFO  server.XceiverServerGrpc (XceiverServerGrpc.java:<init>(132)) - GrpcServer channel type EpollServerSocketChannel
2023-04-27 06:11:46,861 [Listener at 127.0.0.1/44053] INFO  http.BaseHttpServer (BaseHttpServer.java:newHttpServer2BuilderForOzone(224)) - Starting Web-server for hddsDatanode at: http://0.0.0.0:0
2023-04-27 06:11:46,861 [Listener at 127.0.0.1/44053] INFO  http.BaseHttpServer (BaseHttpServer.java:<init>(111)) - Hadoop Security Enabled: false Ozone Security Enabled: false Ozone HTTP Security Enabled: false 
2023-04-27 06:11:46,862 [Listener at 127.0.0.1/44053] WARN  server.AuthenticationFilter (AuthenticationFilter.java:constructSecretProvider(240)) - Unable to initialize FileSignerSecretProvider, falling back to use random secrets. Reason: Could not read signature secret file: /home/runner/hadoop-http-auth-signature-secret
2023-04-27 06:11:46,863 [Listener at 127.0.0.1/44053] INFO  http.HttpRequestLog (HttpRequestLog.java:getRequestLog(86)) - Http request log for http.requests.hddsDatanode is not defined
2023-04-27 06:11:46,864 [Listener at 127.0.0.1/44053] INFO  http.HttpServer2 (HttpServer2.java:addGlobalFilter(1031)) - Added global filter 'safety' (class=org.apache.hadoop.hdds.server.http.HttpServer2$QuotingInputFilter)
2023-04-27 06:11:46,865 [Listener at 127.0.0.1/44053] INFO  http.HttpServer2 (HttpServer2.java:addFilter(1007)) - Added filter static_user_filter (class=org.apache.hadoop.http.lib.StaticUserWebFilter$StaticUserFilter) to context hddsDatanode
2023-04-27 06:11:46,866 [Listener at 127.0.0.1/44053] INFO  http.HttpServer2 (HttpServer2.java:addFilter(1015)) - Added filter static_user_filter (class=org.apache.hadoop.http.lib.StaticUserWebFilter$StaticUserFilter) to context logs
2023-04-27 06:11:46,866 [Listener at 127.0.0.1/44053] INFO  http.HttpServer2 (HttpServer2.java:addFilter(1015)) - Added filter static_user_filter (class=org.apache.hadoop.http.lib.StaticUserWebFilter$StaticUserFilter) to context static
2023-04-27 06:11:46,866 [Listener at 127.0.0.1/44053] INFO  http.BaseHttpServer (BaseHttpServer.java:<init>(190)) - HTTP server of hddsDatanode uses base directory /home/runner/work/ozone/ozone/hadoop-ozone/integration-test/target/test-dir/MiniOzoneClusterImpl-b7159a92-b125-4b28-96e0-478247ce15d0/datanode-3/meta/webserver
2023-04-27 06:11:46,867 [Listener at 127.0.0.1/44053] INFO  http.HttpServer2 (HttpServer2.java:bindListener(1250)) - Jetty bound to port 37385
2023-04-27 06:11:46,867 [Listener at 127.0.0.1/44053] INFO  server.Server (Server.java:doStart(375)) - jetty-9.4.51.v20230217; built: 2023-02-17T08:19:37.309Z; git: b45c405e4544384de066f814ed42ae3dceacdd49; jvm 1.8.0_362-b09
2023-04-27 06:11:46,870 [Listener at 127.0.0.1/44053] INFO  server.session (DefaultSessionIdManager.java:doStart(334)) - DefaultSessionIdManager workerName=node0
2023-04-27 06:11:46,870 [Listener at 127.0.0.1/44053] INFO  server.session (DefaultSessionIdManager.java:doStart(339)) - No SessionScavenger set, using defaults
2023-04-27 06:11:46,870 [Listener at 127.0.0.1/44053] INFO  server.session (HouseKeeper.java:startScavenging(132)) - node0 Scavenging every 660000ms
2023-04-27 06:11:46,871 [Listener at 127.0.0.1/44053] INFO  handler.ContextHandler (ContextHandler.java:doStart(921)) - Started o.e.j.s.ServletContextHandler@a1e6435{logs,/logs,file:///home/runner/work/ozone/ozone/hadoop-ozone/integration-test/target/log,AVAILABLE}
2023-04-27 06:11:46,872 [Listener at 127.0.0.1/44053] INFO  handler.ContextHandler (ContextHandler.java:doStart(921)) - Started o.e.j.s.ServletContextHandler@279a6c87{static,/static,jar:file:/home/runner/.m2/repository/org/apache/ozone/hdds-container-service/1.4.0-SNAPSHOT/hdds-container-service-1.4.0-SNAPSHOT.jar!/webapps/static,AVAILABLE}
2023-04-27 06:11:47,068 [Listener at 127.0.0.1/44053] INFO  handler.ContextHandler (ContextHandler.java:doStart(921)) - Started o.e.j.w.WebAppContext@5c8f5e99{hddsDatanode,/,file:///home/runner/work/ozone/ozone/hadoop-ozone/integration-test/target/test-dir/MiniOzoneClusterImpl-b7159a92-b125-4b28-96e0-478247ce15d0/datanode-3/meta/webserver/jetty-0_0_0_0-37385-hdds-container-service-1_4_0-SNAPSHOT_jar-_-any-1697805597374594679/webapp/,AVAILABLE}{jar:file:/home/runner/.m2/repository/org/apache/ozone/hdds-container-service/1.4.0-SNAPSHOT/hdds-container-service-1.4.0-SNAPSHOT.jar!/webapps/hddsDatanode}
2023-04-27 06:11:47,070 [Listener at 127.0.0.1/44053] INFO  server.AbstractConnector (AbstractConnector.java:doStart(333)) - Started ServerConnector@43c9c679{HTTP/1.1, (http/1.1)}{0.0.0.0:37385}
2023-04-27 06:11:47,070 [Listener at 127.0.0.1/44053] INFO  server.Server (Server.java:doStart(415)) - Started @9848ms
2023-04-27 06:11:47,070 [Listener at 127.0.0.1/44053] WARN  impl.MetricsSystemImpl (MetricsSystemImpl.java:register(279)) - Sink prometheus already exists!
2023-04-27 06:11:47,071 [Listener at 127.0.0.1/44053] INFO  http.BaseHttpServer (BaseHttpServer.java:updateConnectorAddress(344)) - HTTP server of hddsDatanode listening at http://0.0.0.0:37385
2023-04-27 06:11:47,074 [Listener at 127.0.0.1/44053] WARN  impl.MetricRegistriesImpl (MetricRegistriesImpl.java:addReporterRegistration(111)) - New reporters are added after registries were created. Some metrics will be missing from the reporter. Please add reporter before adding any new registry.
2023-04-27 06:11:47,074 [Listener at 127.0.0.1/44053] WARN  impl.MetricRegistriesImpl (MetricRegistriesImpl.java:addReporterRegistration(111)) - New reporters are added after registries were created. Some metrics will be missing from the reporter. Please add reporter before adding any new registry.
2023-04-27 06:11:47,074 [Listener at 127.0.0.1/44053] INFO  impl.MetricsSystemImpl (MetricsSystemImpl.java:init(158)) - HddsDatanode metrics system started (again)
2023-04-27 06:11:47,074 [Datanode State Machine Daemon Thread] INFO  statemachine.DatanodeStateMachine (DatanodeStateMachine.java:lambda$startDaemon$0(517)) - Ozone container server started.
2023-04-27 06:11:47,084 [org.apache.hadoop.util.JvmPauseMonitor$Monitor@1ba459e9] INFO  util.JvmPauseMonitor (JvmPauseMonitor.java:run(188)) - Starting JVM pause monitor
2023-04-27 06:11:47,087 [Listener at 127.0.0.1/44053] INFO  ozone.HddsDatanodeService (HddsDatanodeService.java:start(252)) - HddsDatanodeService host:fv-az220-795.shdwizndlbjulinwhzhdmup5sb.jx.internal.cloudapp.net ip:10.1.0.34
2023-04-27 06:11:47,100 [Datanode State Machine Task Thread - 0] INFO  datanode.InitDatanodeState (InitDatanodeState.java:persistContainerDatanodeDetails(138)) - DatanodeDetails is persisted to /home/runner/work/ozone/ozone/hadoop-ozone/integration-test/target/test-dir/MiniOzoneClusterImpl-b7159a92-b125-4b28-96e0-478247ce15d0/datanode-3/meta/datanode.id
2023-04-27 06:11:47,113 [Listener at 127.0.0.1/44053] INFO  upgrade.AbstractLayoutVersionManager (AbstractLayoutVersionManager.java:init(83)) - Initializing Layout version manager with metadata layout = WEBUI_PORTS_IN_DATANODEDETAILS (version = 6), software layout = WEBUI_PORTS_IN_DATANODEDETAILS (version = 6)
2023-04-27 06:11:47,209 [Listener at 127.0.0.1/44053] INFO  reflections.Reflections (Reflections.java:scan(232)) - Reflections took 94 ms to scan 7 urls, producing 156 keys and 369 values 
2023-04-27 06:11:47,211 [Listener at 127.0.0.1/44053] INFO  statemachine.DatanodeStateMachine (DatanodeStateMachine.java:getEndPointTaskThreadPoolSize(260)) - Datanode State Machine Task Thread Pool size 2
2023-04-27 06:11:47,214 [Listener at 127.0.0.1/44053] INFO  volume.HddsVolume (HddsVolume.java:<init>(130)) - Creating HddsVolume: /home/runner/work/ozone/ozone/hadoop-ozone/integration-test/target/test-dir/MiniOzoneClusterImpl-b7159a92-b125-4b28-96e0-478247ce15d0/datanode-4/data-0/containers/hdds of storage type : DISK capacity : 9223372036854775807
2023-04-27 06:11:47,214 [Listener at 127.0.0.1/44053] INFO  volume.MutableVolumeSet (MutableVolumeSet.java:initializeVolumeSet(175)) - Added Volume : /home/runner/work/ozone/ozone/hadoop-ozone/integration-test/target/test-dir/MiniOzoneClusterImpl-b7159a92-b125-4b28-96e0-478247ce15d0/datanode-4/data-0/containers/hdds to VolumeSet
2023-04-27 06:11:47,214 [Listener at 127.0.0.1/44053] INFO  volume.ThrottledAsyncChecker (ThrottledAsyncChecker.java:schedule(141)) - Scheduling a check for /home/runner/work/ozone/ozone/hadoop-ozone/integration-test/target/test-dir/MiniOzoneClusterImpl-b7159a92-b125-4b28-96e0-478247ce15d0/datanode-4/data-0/containers/hdds
2023-04-27 06:11:47,215 [Listener at 127.0.0.1/44053] INFO  volume.StorageVolumeChecker (StorageVolumeChecker.java:checkAllVolumes(202)) - Scheduled health check for volume /home/runner/work/ozone/ozone/hadoop-ozone/integration-test/target/test-dir/MiniOzoneClusterImpl-b7159a92-b125-4b28-96e0-478247ce15d0/datanode-4/data-0/containers/hdds
2023-04-27 06:11:47,233 [Listener at 127.0.0.1/44053] INFO  volume.MutableVolumeSet (MutableVolumeSet.java:initializeVolumeSet(175)) - Added Volume : /home/runner/work/ozone/ozone/hadoop-ozone/integration-test/target/test-dir/MiniOzoneClusterImpl-b7159a92-b125-4b28-96e0-478247ce15d0/datanode-4/data/ratis to VolumeSet
2023-04-27 06:11:47,233 [Listener at 127.0.0.1/44053] INFO  volume.ThrottledAsyncChecker (ThrottledAsyncChecker.java:schedule(141)) - Scheduling a check for /home/runner/work/ozone/ozone/hadoop-ozone/integration-test/target/test-dir/MiniOzoneClusterImpl-b7159a92-b125-4b28-96e0-478247ce15d0/datanode-4/data/ratis
2023-04-27 06:11:47,233 [Listener at 127.0.0.1/44053] INFO  volume.StorageVolumeChecker (StorageVolumeChecker.java:checkAllVolumes(202)) - Scheduled health check for volume /home/runner/work/ozone/ozone/hadoop-ozone/integration-test/target/test-dir/MiniOzoneClusterImpl-b7159a92-b125-4b28-96e0-478247ce15d0/datanode-4/data/ratis
2023-04-27 06:11:47,247 [Thread-197] INFO  ozoneimpl.ContainerReader (ContainerReader.java:readVolume(175)) - Finish verifying containers on volume /home/runner/work/ozone/ozone/hadoop-ozone/integration-test/target/test-dir/MiniOzoneClusterImpl-b7159a92-b125-4b28-96e0-478247ce15d0/datanode-4/data-0/containers/hdds
2023-04-27 06:11:47,247 [Listener at 127.0.0.1/44053] INFO  ozoneimpl.OzoneContainer (OzoneContainer.java:buildContainerSet(303)) - Build ContainerSet costs 0s
2023-04-27 06:11:47,250 [Listener at 127.0.0.1/44053] INFO  server.RaftServer (ConfUtils.java:logGet(46)) - raft.rpc.type = GRPC (default)
2023-04-27 06:11:47,250 [Listener at 127.0.0.1/44053] INFO  grpc.GrpcConfigKeys (ConfUtils.java:logFallback(53)) - raft.grpc.admin.host = null (fallback to raft.grpc.server.host)
2023-04-27 06:11:47,250 [Listener at 127.0.0.1/44053] INFO  grpc.GrpcConfigKeys (ConfUtils.java:logGet(46)) - raft.grpc.admin.port = 0 (custom)
2023-04-27 06:11:47,250 [Listener at 127.0.0.1/44053] INFO  grpc.GrpcConfigKeys (ConfUtils.java:logFallback(53)) - raft.grpc.client.host = null (fallback to raft.grpc.server.host)
2023-04-27 06:11:47,251 [Listener at 127.0.0.1/44053] INFO  grpc.GrpcConfigKeys (ConfUtils.java:logGet(46)) - raft.grpc.client.port = 0 (custom)
2023-04-27 06:11:47,251 [Listener at 127.0.0.1/44053] INFO  grpc.GrpcConfigKeys (ConfUtils.java:logGet(46)) - raft.grpc.server.host = null (default)
2023-04-27 06:11:47,251 [Listener at 127.0.0.1/44053] INFO  grpc.GrpcConfigKeys (ConfUtils.java:logGet(46)) - raft.grpc.server.port = 0 (default)
2023-04-27 06:11:47,251 [Listener at 127.0.0.1/44053] INFO  server.GrpcService (ConfUtils.java:logGet(46)) - raft.grpc.message.size.max = 32MB (=33554432) (custom)
2023-04-27 06:11:47,251 [Listener at 127.0.0.1/44053] INFO  server.RaftServerConfigKeys (ConfUtils.java:logGet(46)) - raft.server.log.appender.buffer.byte-limit = 33554432 (custom)
2023-04-27 06:11:47,251 [Listener at 127.0.0.1/44053] INFO  server.GrpcService (ConfUtils.java:logGet(46)) - raft.grpc.flow.control.window = 5MB (=5242880) (custom)
2023-04-27 06:11:47,251 [Listener at 127.0.0.1/44053] INFO  server.RaftServerConfigKeys (ConfUtils.java:logGet(46)) - raft.server.rpc.request.timeout = 3000ms (default)
2023-04-27 06:11:47,251 [Listener at 127.0.0.1/44053] INFO  grpc.GrpcConfigKeys (ConfUtils.java:logGet(46)) - raft.grpc.server.heartbeat.channel = true (default)
2023-04-27 06:11:47,252 [Listener at 127.0.0.1/44053] INFO  grpc.GrpcConfigKeys (ConfUtils.java:logGet(46)) - raft.grpc.server.async.request.thread.pool.cached = true (default)
2023-04-27 06:11:47,252 [Listener at 127.0.0.1/44053] INFO  grpc.GrpcConfigKeys (ConfUtils.java:logGet(46)) - raft.grpc.server.async.request.thread.pool.size = 32 (default)
2023-04-27 06:11:47,253 [Listener at 127.0.0.1/44053] INFO  impl.DataStreamServerImpl (ConfUtils.java:logGet(46)) - raft.datastream.type = NETTY (custom)
2023-04-27 06:11:47,257 [Listener at 127.0.0.1/44053] INFO  server.RaftServerConfigKeys (ConfUtils.java:logGet(46)) - raft.server.data-stream.async.request.thread.pool.cached = false (default)
2023-04-27 06:11:47,257 [Listener at 127.0.0.1/44053] INFO  server.RaftServerConfigKeys (ConfUtils.java:logGet(46)) - raft.server.data-stream.async.request.thread.pool.size = 20 (custom)
2023-04-27 06:11:47,257 [Listener at 127.0.0.1/44053] INFO  server.RaftServerConfigKeys (ConfUtils.java:logGet(46)) - raft.server.data-stream.async.write.thread.pool.size = 16 (default)
2023-04-27 06:11:47,257 [Listener at 127.0.0.1/44053] INFO  server.RaftServerConfigKeys (ConfUtils.java:logGet(46)) - raft.server.data-stream.client.pool.size = 10 (default)
2023-04-27 06:11:47,257 [Listener at 127.0.0.1/44053] INFO  netty.NettyConfigKeys$DataStream (ConfUtils.java:logGet(46)) - raft.netty.dataStream.server.use-epoll = false (default)
2023-04-27 06:11:47,257 [Listener at 127.0.0.1/44053] INFO  netty.NettyConfigKeys$DataStream (ConfUtils.java:logGet(46)) - raft.netty.dataStream.server.boss-group.size = 0 (default)
2023-04-27 06:11:47,258 [Listener at 127.0.0.1/44053] INFO  netty.NettyConfigKeys$DataStream (ConfUtils.java:logGet(46)) - raft.netty.dataStream.server.worker-group.size = 0 (default)
2023-04-27 06:11:47,259 [Listener at 127.0.0.1/44053] INFO  netty.NettyConfigKeys$DataStream (ConfUtils.java:logGet(46)) - raft.netty.dataStream.server.tls.conf = null (default)
2023-04-27 06:11:47,259 [Listener at 127.0.0.1/44053] INFO  netty.NettyConfigKeys$DataStream (ConfUtils.java:logGet(46)) - raft.netty.dataStream.host = null (default)
2023-04-27 06:11:47,259 [Listener at 127.0.0.1/44053] INFO  netty.NettyConfigKeys$DataStream (ConfUtils.java:logGet(46)) - raft.netty.dataStream.port = 0 (default)
2023-04-27 06:11:47,260 [Listener at 127.0.0.1/44053] INFO  server.RaftServerConfigKeys (ConfUtils.java:logGet(46)) - raft.server.threadpool.proxy.cached = true (default)
2023-04-27 06:11:47,260 [Listener at 127.0.0.1/44053] INFO  server.RaftServerConfigKeys (ConfUtils.java:logGet(46)) - raft.server.threadpool.proxy.size = 0 (default)
2023-04-27 06:11:47,260 [Listener at 127.0.0.1/44053] INFO  server.RaftServerConfigKeys (ConfUtils.java:logGet(46)) - raft.server.rpc.slowness.timeout = 300000ms (custom)
2023-04-27 06:11:47,261 [Listener at 127.0.0.1/44053] INFO  server.RaftServerConfigKeys (ConfUtils.java:logGet(46)) - raft.server.leaderelection.leader.step-down.wait-time = 10s (default)
2023-04-27 06:11:47,261 [Listener at 127.0.0.1/44053] INFO  server.RaftServerConfigKeys (ConfUtils.java:logGet(46)) - raft.server.storage.dir = [/home/runner/work/ozone/ozone/hadoop-ozone/integration-test/target/test-dir/MiniOzoneClusterImpl-b7159a92-b125-4b28-96e0-478247ce15d0/datanode-4/data/ratis] (custom)
2023-04-27 06:11:47,263 [cbdadb07-7074-46eb-a3e9-d1b6d1a4da2f-NettyServerStreamRpc-bossGroup--thread1] INFO  logging.LoggingHandler (AbstractInternalLogger.java:log(148)) - [id: 0x3cb28a8c] REGISTERED
2023-04-27 06:11:47,263 [cbdadb07-7074-46eb-a3e9-d1b6d1a4da2f-NettyServerStreamRpc-bossGroup--thread1] INFO  logging.LoggingHandler (AbstractInternalLogger.java:log(148)) - [id: 0x3cb28a8c] BIND: 0.0.0.0/0.0.0.0:0
2023-04-27 06:11:47,264 [cbdadb07-7074-46eb-a3e9-d1b6d1a4da2f-NettyServerStreamRpc-bossGroup--thread1] INFO  logging.LoggingHandler (AbstractInternalLogger.java:log(148)) - [id: 0x3cb28a8c, L:/0:0:0:0:0:0:0:0:45977] ACTIVE
2023-04-27 06:11:47,265 [Listener at 127.0.0.1/44053] INFO  server.XceiverServerGrpc (XceiverServerGrpc.java:<init>(132)) - GrpcServer channel type EpollServerSocketChannel
2023-04-27 06:11:47,269 [Listener at 127.0.0.1/44053] INFO  http.BaseHttpServer (BaseHttpServer.java:newHttpServer2BuilderForOzone(224)) - Starting Web-server for hddsDatanode at: http://0.0.0.0:0
2023-04-27 06:11:47,269 [Listener at 127.0.0.1/44053] INFO  http.BaseHttpServer (BaseHttpServer.java:<init>(111)) - Hadoop Security Enabled: false Ozone Security Enabled: false Ozone HTTP Security Enabled: false 
2023-04-27 06:11:47,271 [Listener at 127.0.0.1/44053] WARN  server.AuthenticationFilter (AuthenticationFilter.java:constructSecretProvider(240)) - Unable to initialize FileSignerSecretProvider, falling back to use random secrets. Reason: Could not read signature secret file: /home/runner/hadoop-http-auth-signature-secret
2023-04-27 06:11:47,271 [Listener at 127.0.0.1/44053] INFO  http.HttpRequestLog (HttpRequestLog.java:getRequestLog(86)) - Http request log for http.requests.hddsDatanode is not defined
2023-04-27 06:11:47,273 [Listener at 127.0.0.1/44053] INFO  http.HttpServer2 (HttpServer2.java:addGlobalFilter(1031)) - Added global filter 'safety' (class=org.apache.hadoop.hdds.server.http.HttpServer2$QuotingInputFilter)
2023-04-27 06:11:47,274 [Listener at 127.0.0.1/44053] INFO  http.HttpServer2 (HttpServer2.java:addFilter(1007)) - Added filter static_user_filter (class=org.apache.hadoop.http.lib.StaticUserWebFilter$StaticUserFilter) to context hddsDatanode
2023-04-27 06:11:47,274 [Listener at 127.0.0.1/44053] INFO  http.HttpServer2 (HttpServer2.java:addFilter(1015)) - Added filter static_user_filter (class=org.apache.hadoop.http.lib.StaticUserWebFilter$StaticUserFilter) to context logs
2023-04-27 06:11:47,274 [Listener at 127.0.0.1/44053] INFO  http.HttpServer2 (HttpServer2.java:addFilter(1015)) - Added filter static_user_filter (class=org.apache.hadoop.http.lib.StaticUserWebFilter$StaticUserFilter) to context static
2023-04-27 06:11:47,274 [Listener at 127.0.0.1/44053] INFO  http.BaseHttpServer (BaseHttpServer.java:<init>(190)) - HTTP server of hddsDatanode uses base directory /home/runner/work/ozone/ozone/hadoop-ozone/integration-test/target/test-dir/MiniOzoneClusterImpl-b7159a92-b125-4b28-96e0-478247ce15d0/datanode-4/meta/webserver
2023-04-27 06:11:47,275 [Listener at 127.0.0.1/44053] INFO  http.HttpServer2 (HttpServer2.java:bindListener(1250)) - Jetty bound to port 43595
2023-04-27 06:11:47,275 [Listener at 127.0.0.1/44053] INFO  server.Server (Server.java:doStart(375)) - jetty-9.4.51.v20230217; built: 2023-02-17T08:19:37.309Z; git: b45c405e4544384de066f814ed42ae3dceacdd49; jvm 1.8.0_362-b09
2023-04-27 06:11:47,276 [Listener at 127.0.0.1/44053] INFO  server.session (DefaultSessionIdManager.java:doStart(334)) - DefaultSessionIdManager workerName=node0
2023-04-27 06:11:47,276 [Listener at 127.0.0.1/44053] INFO  server.session (DefaultSessionIdManager.java:doStart(339)) - No SessionScavenger set, using defaults
2023-04-27 06:11:47,276 [Listener at 127.0.0.1/44053] INFO  server.session (HouseKeeper.java:startScavenging(132)) - node0 Scavenging every 660000ms
2023-04-27 06:11:47,277 [Listener at 127.0.0.1/44053] INFO  handler.ContextHandler (ContextHandler.java:doStart(921)) - Started o.e.j.s.ServletContextHandler@45547014{logs,/logs,file:///home/runner/work/ozone/ozone/hadoop-ozone/integration-test/target/log,AVAILABLE}
2023-04-27 06:11:47,278 [Listener at 127.0.0.1/44053] INFO  handler.ContextHandler (ContextHandler.java:doStart(921)) - Started o.e.j.s.ServletContextHandler@3f72b182{static,/static,jar:file:/home/runner/.m2/repository/org/apache/ozone/hdds-container-service/1.4.0-SNAPSHOT/hdds-container-service-1.4.0-SNAPSHOT.jar!/webapps/static,AVAILABLE}
2023-04-27 06:11:47,475 [Listener at 127.0.0.1/44053] INFO  handler.ContextHandler (ContextHandler.java:doStart(921)) - Started o.e.j.w.WebAppContext@1c293dea{hddsDatanode,/,file:///home/runner/work/ozone/ozone/hadoop-ozone/integration-test/target/test-dir/MiniOzoneClusterImpl-b7159a92-b125-4b28-96e0-478247ce15d0/datanode-4/meta/webserver/jetty-0_0_0_0-43595-hdds-container-service-1_4_0-SNAPSHOT_jar-_-any-801252387807919264/webapp/,AVAILABLE}{jar:file:/home/runner/.m2/repository/org/apache/ozone/hdds-container-service/1.4.0-SNAPSHOT/hdds-container-service-1.4.0-SNAPSHOT.jar!/webapps/hddsDatanode}
2023-04-27 06:11:47,476 [Listener at 127.0.0.1/44053] INFO  server.AbstractConnector (AbstractConnector.java:doStart(333)) - Started ServerConnector@7b14192c{HTTP/1.1, (http/1.1)}{0.0.0.0:43595}
2023-04-27 06:11:47,477 [Listener at 127.0.0.1/44053] INFO  server.Server (Server.java:doStart(415)) - Started @10254ms
2023-04-27 06:11:47,477 [Listener at 127.0.0.1/44053] WARN  impl.MetricsSystemImpl (MetricsSystemImpl.java:register(279)) - Sink prometheus already exists!
2023-04-27 06:11:47,477 [Listener at 127.0.0.1/44053] INFO  http.BaseHttpServer (BaseHttpServer.java:updateConnectorAddress(344)) - HTTP server of hddsDatanode listening at http://0.0.0.0:43595
2023-04-27 06:11:47,478 [Datanode State Machine Daemon Thread] INFO  statemachine.DatanodeStateMachine (DatanodeStateMachine.java:lambda$startDaemon$0(517)) - Ozone container server started.
2023-04-27 06:11:47,486 [Listener at 127.0.0.1/44053] INFO  ozone.MiniOzoneClusterImpl (MiniOzoneClusterImpl.java:lambda$waitForClusterToBeReady$0(223)) - Waiting for nodes to be ready. Got 0 of 5 DN Heartbeats.
2023-04-27 06:11:47,486 [Listener at 127.0.0.1/44053] INFO  ozone.MiniOzoneClusterImpl (MiniOzoneClusterImpl.java:lambda$waitForClusterToBeReady$0(226)) - Waiting for cluster to exit safe mode
2023-04-27 06:11:47,486 [Listener at 127.0.0.1/44053] INFO  ozone.MiniOzoneClusterImpl (MiniOzoneClusterImpl.java:lambda$waitForClusterToBeReady$0(228)) - SCM became leader
2023-04-27 06:11:47,498 [Datanode State Machine Task Thread - 0] INFO  datanode.InitDatanodeState (InitDatanodeState.java:persistContainerDatanodeDetails(138)) - DatanodeDetails is persisted to /home/runner/work/ozone/ozone/hadoop-ozone/integration-test/target/test-dir/MiniOzoneClusterImpl-b7159a92-b125-4b28-96e0-478247ce15d0/datanode-4/meta/datanode.id
2023-04-27 06:11:47,498 [org.apache.hadoop.util.JvmPauseMonitor$Monitor@21d247e1] INFO  util.JvmPauseMonitor (JvmPauseMonitor.java:run(188)) - Starting JVM pause monitor
2023-04-27 06:11:47,898 [EndpointStateMachine task thread for /0.0.0.0:33543 - 0 ] INFO  utils.DatanodeStoreCache (DatanodeStoreCache.java:addDB(58)) - Added db /home/runner/work/ozone/ozone/hadoop-ozone/integration-test/target/test-dir/MiniOzoneClusterImpl-b7159a92-b125-4b28-96e0-478247ce15d0/datanode-0/data-0/containers/hdds/b7159a92-b125-4b28-96e0-478247ce15d0/DS-59758993-ece5-457b-8cfc-b2a33ebc11d4/container.db to cache
2023-04-27 06:11:47,898 [EndpointStateMachine task thread for /0.0.0.0:33543 - 0 ] INFO  volume.HddsVolume (HddsVolume.java:createDbStore(350)) - SchemaV3 db is created and loaded at /home/runner/work/ozone/ozone/hadoop-ozone/integration-test/target/test-dir/MiniOzoneClusterImpl-b7159a92-b125-4b28-96e0-478247ce15d0/datanode-0/data-0/containers/hdds/b7159a92-b125-4b28-96e0-478247ce15d0/DS-59758993-ece5-457b-8cfc-b2a33ebc11d4/container.db for volume DS-59758993-ece5-457b-8cfc-b2a33ebc11d4
2023-04-27 06:11:47,900 [EndpointStateMachine task thread for /0.0.0.0:33543 - 0 ] INFO  ozoneimpl.OzoneContainer (OzoneContainer.java:start(397)) - Attempting to start container services.
2023-04-27 06:11:47,903 [EndpointStateMachine task thread for /0.0.0.0:33543 - 0 ] INFO  ozoneimpl.OzoneContainer (OzoneContainer.java:startContainerScrub(314)) - Scheduled background container scanners and the on-demand container scanner have been disabled.
2023-04-27 06:11:47,905 [EndpointStateMachine task thread for /0.0.0.0:33543 - 0 ] INFO  replication.ReplicationServer (ReplicationServer.java:start(109)) - ReplicationServer is started using port 46485
2023-04-27 06:11:47,905 [EndpointStateMachine task thread for /0.0.0.0:33543 - 0 ] INFO  ratis.XceiverServerRatis (XceiverServerRatis.java:start(517)) - Starting XceiverServerRatis d854720a-bbe5-47c1-a40c-d7c4a462ec23
2023-04-27 06:11:47,912 [EndpointStateMachine task thread for /0.0.0.0:33543 - 0 ] INFO  server.RaftServer (RaftServerProxy.java:startImpl(393)) - d854720a-bbe5-47c1-a40c-d7c4a462ec23: start RPC server
2023-04-27 06:11:47,919 [EndpointStateMachine task thread for /0.0.0.0:33543 - 0 ] INFO  server.GrpcService (GrpcService.java:startImpl(262)) - d854720a-bbe5-47c1-a40c-d7c4a462ec23: GrpcService started, listening on 37589
2023-04-27 06:11:47,921 [EndpointStateMachine task thread for /0.0.0.0:33543 - 0 ] INFO  ratis.XceiverServerRatis (XceiverServerRatis.java:getRealPort(543)) - XceiverServerRatis d854720a-bbe5-47c1-a40c-d7c4a462ec23 is started using port 37589 for RATIS
2023-04-27 06:11:47,922 [EndpointStateMachine task thread for /0.0.0.0:33543 - 0 ] INFO  ratis.XceiverServerRatis (XceiverServerRatis.java:getRealPort(543)) - XceiverServerRatis d854720a-bbe5-47c1-a40c-d7c4a462ec23 is started using port 37589 for RATIS_ADMIN
2023-04-27 06:11:47,922 [EndpointStateMachine task thread for /0.0.0.0:33543 - 0 ] INFO  ratis.XceiverServerRatis (XceiverServerRatis.java:getRealPort(543)) - XceiverServerRatis d854720a-bbe5-47c1-a40c-d7c4a462ec23 is started using port 37589 for RATIS_SERVER
2023-04-27 06:11:47,922 [EndpointStateMachine task thread for /0.0.0.0:33543 - 0 ] INFO  ratis.XceiverServerRatis (XceiverServerRatis.java:getRealPort(543)) - XceiverServerRatis d854720a-bbe5-47c1-a40c-d7c4a462ec23 is started using port 34327 for RATIS_DATASTREAM
2023-04-27 06:11:47,922 [JvmPauseMonitor1] INFO  util.JvmPauseMonitor (JvmPauseMonitor.java:run(105)) - JvmPauseMonitor-d854720a-bbe5-47c1-a40c-d7c4a462ec23: Started
2023-04-27 06:11:47,933 [EndpointStateMachine task thread for /0.0.0.0:33543 - 0 ] INFO  server.XceiverServerGrpc (XceiverServerGrpc.java:start(180)) - XceiverServerGrpc d854720a-bbe5-47c1-a40c-d7c4a462ec23 is started using port 33143
2023-04-27 06:11:47,944 [BlockDeletingService#0] INFO  interfaces.ContainerDeletionChoosingPolicyTemplate (ContainerDeletionChoosingPolicyTemplate.java:chooseContainerForBlockDeletion(83)) - Chosen 0/5000 blocks from 0 candidate containers.
2023-04-27 06:11:48,402 [EndpointStateMachine task thread for /0.0.0.0:33543 - 0 ] INFO  utils.DatanodeStoreCache (DatanodeStoreCache.java:addDB(58)) - Added db /home/runner/work/ozone/ozone/hadoop-ozone/integration-test/target/test-dir/MiniOzoneClusterImpl-b7159a92-b125-4b28-96e0-478247ce15d0/datanode-1/data-0/containers/hdds/b7159a92-b125-4b28-96e0-478247ce15d0/DS-1ff3c491-d034-4935-bf04-1a6a82617ea2/container.db to cache
2023-04-27 06:11:48,403 [EndpointStateMachine task thread for /0.0.0.0:33543 - 0 ] INFO  volume.HddsVolume (HddsVolume.java:createDbStore(350)) - SchemaV3 db is created and loaded at /home/runner/work/ozone/ozone/hadoop-ozone/integration-test/target/test-dir/MiniOzoneClusterImpl-b7159a92-b125-4b28-96e0-478247ce15d0/datanode-1/data-0/containers/hdds/b7159a92-b125-4b28-96e0-478247ce15d0/DS-1ff3c491-d034-4935-bf04-1a6a82617ea2/container.db for volume DS-1ff3c491-d034-4935-bf04-1a6a82617ea2
2023-04-27 06:11:48,403 [EndpointStateMachine task thread for /0.0.0.0:33543 - 0 ] INFO  ozoneimpl.OzoneContainer (OzoneContainer.java:start(397)) - Attempting to start container services.
2023-04-27 06:11:48,404 [EndpointStateMachine task thread for /0.0.0.0:33543 - 0 ] INFO  ozoneimpl.OzoneContainer (OzoneContainer.java:startContainerScrub(314)) - Scheduled background container scanners and the on-demand container scanner have been disabled.
2023-04-27 06:11:48,405 [EndpointStateMachine task thread for /0.0.0.0:33543 - 0 ] INFO  replication.ReplicationServer (ReplicationServer.java:start(109)) - ReplicationServer is started using port 36721
2023-04-27 06:11:48,406 [EndpointStateMachine task thread for /0.0.0.0:33543 - 0 ] INFO  ratis.XceiverServerRatis (XceiverServerRatis.java:start(517)) - Starting XceiverServerRatis 9e79f7cb-e4c5-47cb-aa46-b66eba433fb4
2023-04-27 06:11:48,408 [EndpointStateMachine task thread for /0.0.0.0:33543 - 0 ] INFO  server.RaftServer (RaftServerProxy.java:startImpl(393)) - 9e79f7cb-e4c5-47cb-aa46-b66eba433fb4: start RPC server
2023-04-27 06:11:48,410 [EndpointStateMachine task thread for /0.0.0.0:33543 - 0 ] INFO  server.GrpcService (GrpcService.java:startImpl(262)) - 9e79f7cb-e4c5-47cb-aa46-b66eba433fb4: GrpcService started, listening on 37175
2023-04-27 06:11:48,410 [EndpointStateMachine task thread for /0.0.0.0:33543 - 0 ] INFO  ratis.XceiverServerRatis (XceiverServerRatis.java:getRealPort(543)) - XceiverServerRatis 9e79f7cb-e4c5-47cb-aa46-b66eba433fb4 is started using port 37175 for RATIS
2023-04-27 06:11:48,410 [JvmPauseMonitor2] INFO  util.JvmPauseMonitor (JvmPauseMonitor.java:run(105)) - JvmPauseMonitor-9e79f7cb-e4c5-47cb-aa46-b66eba433fb4: Started
2023-04-27 06:11:48,410 [EndpointStateMachine task thread for /0.0.0.0:33543 - 0 ] INFO  ratis.XceiverServerRatis (XceiverServerRatis.java:getRealPort(543)) - XceiverServerRatis 9e79f7cb-e4c5-47cb-aa46-b66eba433fb4 is started using port 37175 for RATIS_ADMIN
2023-04-27 06:11:48,410 [EndpointStateMachine task thread for /0.0.0.0:33543 - 0 ] INFO  ratis.XceiverServerRatis (XceiverServerRatis.java:getRealPort(543)) - XceiverServerRatis 9e79f7cb-e4c5-47cb-aa46-b66eba433fb4 is started using port 37175 for RATIS_SERVER
2023-04-27 06:11:48,410 [EndpointStateMachine task thread for /0.0.0.0:33543 - 0 ] INFO  ratis.XceiverServerRatis (XceiverServerRatis.java:getRealPort(543)) - XceiverServerRatis 9e79f7cb-e4c5-47cb-aa46-b66eba433fb4 is started using port 43331 for RATIS_DATASTREAM
2023-04-27 06:11:48,413 [EndpointStateMachine task thread for /0.0.0.0:33543 - 0 ] INFO  server.XceiverServerGrpc (XceiverServerGrpc.java:start(180)) - XceiverServerGrpc 9e79f7cb-e4c5-47cb-aa46-b66eba433fb4 is started using port 39135
2023-04-27 06:11:48,415 [BlockDeletingService#0] INFO  interfaces.ContainerDeletionChoosingPolicyTemplate (ContainerDeletionChoosingPolicyTemplate.java:chooseContainerForBlockDeletion(83)) - Chosen 0/5000 blocks from 0 candidate containers.
2023-04-27 06:11:48,486 [Listener at 127.0.0.1/44053] INFO  ozone.MiniOzoneClusterImpl (MiniOzoneClusterImpl.java:lambda$waitForClusterToBeReady$0(223)) - Waiting for nodes to be ready. Got 0 of 5 DN Heartbeats.
2023-04-27 06:11:48,487 [Listener at 127.0.0.1/44053] INFO  ozone.MiniOzoneClusterImpl (MiniOzoneClusterImpl.java:lambda$waitForClusterToBeReady$0(226)) - Waiting for cluster to exit safe mode
2023-04-27 06:11:48,487 [Listener at 127.0.0.1/44053] INFO  ozone.MiniOzoneClusterImpl (MiniOzoneClusterImpl.java:lambda$waitForClusterToBeReady$0(228)) - SCM became leader
2023-04-27 06:11:48,754 [EndpointStateMachine task thread for /0.0.0.0:33543 - 0 ] INFO  utils.DatanodeStoreCache (DatanodeStoreCache.java:addDB(58)) - Added db /home/runner/work/ozone/ozone/hadoop-ozone/integration-test/target/test-dir/MiniOzoneClusterImpl-b7159a92-b125-4b28-96e0-478247ce15d0/datanode-2/data-0/containers/hdds/b7159a92-b125-4b28-96e0-478247ce15d0/DS-21346fab-6a0b-4010-8a69-313a76d985c8/container.db to cache
2023-04-27 06:11:48,754 [EndpointStateMachine task thread for /0.0.0.0:33543 - 0 ] INFO  volume.HddsVolume (HddsVolume.java:createDbStore(350)) - SchemaV3 db is created and loaded at /home/runner/work/ozone/ozone/hadoop-ozone/integration-test/target/test-dir/MiniOzoneClusterImpl-b7159a92-b125-4b28-96e0-478247ce15d0/datanode-2/data-0/containers/hdds/b7159a92-b125-4b28-96e0-478247ce15d0/DS-21346fab-6a0b-4010-8a69-313a76d985c8/container.db for volume DS-21346fab-6a0b-4010-8a69-313a76d985c8
2023-04-27 06:11:48,755 [EndpointStateMachine task thread for /0.0.0.0:33543 - 0 ] INFO  ozoneimpl.OzoneContainer (OzoneContainer.java:start(397)) - Attempting to start container services.
2023-04-27 06:11:48,755 [EndpointStateMachine task thread for /0.0.0.0:33543 - 0 ] INFO  ozoneimpl.OzoneContainer (OzoneContainer.java:startContainerScrub(314)) - Scheduled background container scanners and the on-demand container scanner have been disabled.
2023-04-27 06:11:48,757 [EndpointStateMachine task thread for /0.0.0.0:33543 - 0 ] INFO  replication.ReplicationServer (ReplicationServer.java:start(109)) - ReplicationServer is started using port 33987
2023-04-27 06:11:48,757 [EndpointStateMachine task thread for /0.0.0.0:33543 - 0 ] INFO  ratis.XceiverServerRatis (XceiverServerRatis.java:start(517)) - Starting XceiverServerRatis d3795bd6-5a77-4d2d-9b17-a3a54c2e679f
2023-04-27 06:11:48,758 [EndpointStateMachine task thread for /0.0.0.0:33543 - 0 ] INFO  server.RaftServer (RaftServerProxy.java:startImpl(393)) - d3795bd6-5a77-4d2d-9b17-a3a54c2e679f: start RPC server
2023-04-27 06:11:48,765 [EndpointStateMachine task thread for /0.0.0.0:33543 - 0 ] INFO  server.GrpcService (GrpcService.java:startImpl(262)) - d3795bd6-5a77-4d2d-9b17-a3a54c2e679f: GrpcService started, listening on 37857
2023-04-27 06:11:48,765 [EndpointStateMachine task thread for /0.0.0.0:33543 - 0 ] INFO  ratis.XceiverServerRatis (XceiverServerRatis.java:getRealPort(543)) - XceiverServerRatis d3795bd6-5a77-4d2d-9b17-a3a54c2e679f is started using port 37857 for RATIS
2023-04-27 06:11:48,765 [JvmPauseMonitor3] INFO  util.JvmPauseMonitor (JvmPauseMonitor.java:run(105)) - JvmPauseMonitor-d3795bd6-5a77-4d2d-9b17-a3a54c2e679f: Started
2023-04-27 06:11:48,765 [EndpointStateMachine task thread for /0.0.0.0:33543 - 0 ] INFO  ratis.XceiverServerRatis (XceiverServerRatis.java:getRealPort(543)) - XceiverServerRatis d3795bd6-5a77-4d2d-9b17-a3a54c2e679f is started using port 37857 for RATIS_ADMIN
2023-04-27 06:11:48,766 [EndpointStateMachine task thread for /0.0.0.0:33543 - 0 ] INFO  ratis.XceiverServerRatis (XceiverServerRatis.java:getRealPort(543)) - XceiverServerRatis d3795bd6-5a77-4d2d-9b17-a3a54c2e679f is started using port 37857 for RATIS_SERVER
2023-04-27 06:11:48,766 [EndpointStateMachine task thread for /0.0.0.0:33543 - 0 ] INFO  ratis.XceiverServerRatis (XceiverServerRatis.java:getRealPort(543)) - XceiverServerRatis d3795bd6-5a77-4d2d-9b17-a3a54c2e679f is started using port 39621 for RATIS_DATASTREAM
2023-04-27 06:11:48,770 [EndpointStateMachine task thread for /0.0.0.0:33543 - 0 ] INFO  server.XceiverServerGrpc (XceiverServerGrpc.java:start(180)) - XceiverServerGrpc d3795bd6-5a77-4d2d-9b17-a3a54c2e679f is started using port 34425
2023-04-27 06:11:48,772 [BlockDeletingService#0] INFO  interfaces.ContainerDeletionChoosingPolicyTemplate (ContainerDeletionChoosingPolicyTemplate.java:chooseContainerForBlockDeletion(83)) - Chosen 0/5000 blocks from 0 candidate containers.
2023-04-27 06:11:49,117 [EndpointStateMachine task thread for /0.0.0.0:33543 - 0 ] INFO  utils.DatanodeStoreCache (DatanodeStoreCache.java:addDB(58)) - Added db /home/runner/work/ozone/ozone/hadoop-ozone/integration-test/target/test-dir/MiniOzoneClusterImpl-b7159a92-b125-4b28-96e0-478247ce15d0/datanode-3/data-0/containers/hdds/b7159a92-b125-4b28-96e0-478247ce15d0/DS-521feed7-e9d3-4deb-b7da-68347d993ad6/container.db to cache
2023-04-27 06:11:49,118 [EndpointStateMachine task thread for /0.0.0.0:33543 - 0 ] INFO  volume.HddsVolume (HddsVolume.java:createDbStore(350)) - SchemaV3 db is created and loaded at /home/runner/work/ozone/ozone/hadoop-ozone/integration-test/target/test-dir/MiniOzoneClusterImpl-b7159a92-b125-4b28-96e0-478247ce15d0/datanode-3/data-0/containers/hdds/b7159a92-b125-4b28-96e0-478247ce15d0/DS-521feed7-e9d3-4deb-b7da-68347d993ad6/container.db for volume DS-521feed7-e9d3-4deb-b7da-68347d993ad6
2023-04-27 06:11:49,118 [EndpointStateMachine task thread for /0.0.0.0:33543 - 0 ] INFO  ozoneimpl.OzoneContainer (OzoneContainer.java:start(397)) - Attempting to start container services.
2023-04-27 06:11:49,118 [EndpointStateMachine task thread for /0.0.0.0:33543 - 0 ] INFO  ozoneimpl.OzoneContainer (OzoneContainer.java:startContainerScrub(314)) - Scheduled background container scanners and the on-demand container scanner have been disabled.
2023-04-27 06:11:49,120 [EndpointStateMachine task thread for /0.0.0.0:33543 - 0 ] INFO  replication.ReplicationServer (ReplicationServer.java:start(109)) - ReplicationServer is started using port 46393
2023-04-27 06:11:49,120 [EndpointStateMachine task thread for /0.0.0.0:33543 - 0 ] INFO  ratis.XceiverServerRatis (XceiverServerRatis.java:start(517)) - Starting XceiverServerRatis 212d554a-1aad-4773-9d82-bb5fa0fa9f58
2023-04-27 06:11:49,125 [EndpointStateMachine task thread for /0.0.0.0:33543 - 0 ] INFO  server.RaftServer (RaftServerProxy.java:startImpl(393)) - 212d554a-1aad-4773-9d82-bb5fa0fa9f58: start RPC server
2023-04-27 06:11:49,127 [EndpointStateMachine task thread for /0.0.0.0:33543 - 0 ] INFO  server.GrpcService (GrpcService.java:startImpl(262)) - 212d554a-1aad-4773-9d82-bb5fa0fa9f58: GrpcService started, listening on 33789
2023-04-27 06:11:49,127 [EndpointStateMachine task thread for /0.0.0.0:33543 - 0 ] INFO  ratis.XceiverServerRatis (XceiverServerRatis.java:getRealPort(543)) - XceiverServerRatis 212d554a-1aad-4773-9d82-bb5fa0fa9f58 is started using port 33789 for RATIS
2023-04-27 06:11:49,127 [JvmPauseMonitor4] INFO  util.JvmPauseMonitor (JvmPauseMonitor.java:run(105)) - JvmPauseMonitor-212d554a-1aad-4773-9d82-bb5fa0fa9f58: Started
2023-04-27 06:11:49,127 [EndpointStateMachine task thread for /0.0.0.0:33543 - 0 ] INFO  ratis.XceiverServerRatis (XceiverServerRatis.java:getRealPort(543)) - XceiverServerRatis 212d554a-1aad-4773-9d82-bb5fa0fa9f58 is started using port 33789 for RATIS_ADMIN
2023-04-27 06:11:49,129 [EndpointStateMachine task thread for /0.0.0.0:33543 - 0 ] INFO  ratis.XceiverServerRatis (XceiverServerRatis.java:getRealPort(543)) - XceiverServerRatis 212d554a-1aad-4773-9d82-bb5fa0fa9f58 is started using port 33789 for RATIS_SERVER
2023-04-27 06:11:49,129 [EndpointStateMachine task thread for /0.0.0.0:33543 - 0 ] INFO  ratis.XceiverServerRatis (XceiverServerRatis.java:getRealPort(543)) - XceiverServerRatis 212d554a-1aad-4773-9d82-bb5fa0fa9f58 is started using port 33765 for RATIS_DATASTREAM
2023-04-27 06:11:49,134 [EndpointStateMachine task thread for /0.0.0.0:33543 - 0 ] INFO  server.XceiverServerGrpc (XceiverServerGrpc.java:start(180)) - XceiverServerGrpc 212d554a-1aad-4773-9d82-bb5fa0fa9f58 is started using port 44069
2023-04-27 06:11:49,139 [BlockDeletingService#0] INFO  interfaces.ContainerDeletionChoosingPolicyTemplate (ContainerDeletionChoosingPolicyTemplate.java:chooseContainerForBlockDeletion(83)) - Chosen 0/5000 blocks from 0 candidate containers.
2023-04-27 06:11:49,487 [Listener at 127.0.0.1/44053] INFO  ozone.MiniOzoneClusterImpl (MiniOzoneClusterImpl.java:lambda$waitForClusterToBeReady$0(223)) - Waiting for nodes to be ready. Got 0 of 5 DN Heartbeats.
2023-04-27 06:11:49,487 [Listener at 127.0.0.1/44053] INFO  ozone.MiniOzoneClusterImpl (MiniOzoneClusterImpl.java:lambda$waitForClusterToBeReady$0(226)) - Waiting for cluster to exit safe mode
2023-04-27 06:11:49,487 [Listener at 127.0.0.1/44053] INFO  ozone.MiniOzoneClusterImpl (MiniOzoneClusterImpl.java:lambda$waitForClusterToBeReady$0(228)) - SCM became leader
2023-04-27 06:11:49,541 [EndpointStateMachine task thread for /0.0.0.0:33543 - 0 ] INFO  utils.DatanodeStoreCache (DatanodeStoreCache.java:addDB(58)) - Added db /home/runner/work/ozone/ozone/hadoop-ozone/integration-test/target/test-dir/MiniOzoneClusterImpl-b7159a92-b125-4b28-96e0-478247ce15d0/datanode-4/data-0/containers/hdds/b7159a92-b125-4b28-96e0-478247ce15d0/DS-22983071-5939-47ea-bffa-1e38d0c0c0e7/container.db to cache
2023-04-27 06:11:49,541 [EndpointStateMachine task thread for /0.0.0.0:33543 - 0 ] INFO  volume.HddsVolume (HddsVolume.java:createDbStore(350)) - SchemaV3 db is created and loaded at /home/runner/work/ozone/ozone/hadoop-ozone/integration-test/target/test-dir/MiniOzoneClusterImpl-b7159a92-b125-4b28-96e0-478247ce15d0/datanode-4/data-0/containers/hdds/b7159a92-b125-4b28-96e0-478247ce15d0/DS-22983071-5939-47ea-bffa-1e38d0c0c0e7/container.db for volume DS-22983071-5939-47ea-bffa-1e38d0c0c0e7
2023-04-27 06:11:49,542 [EndpointStateMachine task thread for /0.0.0.0:33543 - 0 ] INFO  ozoneimpl.OzoneContainer (OzoneContainer.java:start(397)) - Attempting to start container services.
2023-04-27 06:11:49,542 [EndpointStateMachine task thread for /0.0.0.0:33543 - 0 ] INFO  ozoneimpl.OzoneContainer (OzoneContainer.java:startContainerScrub(314)) - Scheduled background container scanners and the on-demand container scanner have been disabled.
2023-04-27 06:11:49,544 [EndpointStateMachine task thread for /0.0.0.0:33543 - 0 ] INFO  replication.ReplicationServer (ReplicationServer.java:start(109)) - ReplicationServer is started using port 38619
2023-04-27 06:11:49,544 [EndpointStateMachine task thread for /0.0.0.0:33543 - 0 ] INFO  ratis.XceiverServerRatis (XceiverServerRatis.java:start(517)) - Starting XceiverServerRatis cbdadb07-7074-46eb-a3e9-d1b6d1a4da2f
2023-04-27 06:11:49,545 [EndpointStateMachine task thread for /0.0.0.0:33543 - 0 ] INFO  server.RaftServer (RaftServerProxy.java:startImpl(393)) - cbdadb07-7074-46eb-a3e9-d1b6d1a4da2f: start RPC server
2023-04-27 06:11:49,554 [EndpointStateMachine task thread for /0.0.0.0:33543 - 0 ] INFO  server.GrpcService (GrpcService.java:startImpl(262)) - cbdadb07-7074-46eb-a3e9-d1b6d1a4da2f: GrpcService started, listening on 42309
2023-04-27 06:11:49,554 [EndpointStateMachine task thread for /0.0.0.0:33543 - 0 ] INFO  ratis.XceiverServerRatis (XceiverServerRatis.java:getRealPort(543)) - XceiverServerRatis cbdadb07-7074-46eb-a3e9-d1b6d1a4da2f is started using port 42309 for RATIS
2023-04-27 06:11:49,554 [JvmPauseMonitor5] INFO  util.JvmPauseMonitor (JvmPauseMonitor.java:run(105)) - JvmPauseMonitor-cbdadb07-7074-46eb-a3e9-d1b6d1a4da2f: Started
2023-04-27 06:11:49,554 [EndpointStateMachine task thread for /0.0.0.0:33543 - 0 ] INFO  ratis.XceiverServerRatis (XceiverServerRatis.java:getRealPort(543)) - XceiverServerRatis cbdadb07-7074-46eb-a3e9-d1b6d1a4da2f is started using port 42309 for RATIS_ADMIN
2023-04-27 06:11:49,554 [EndpointStateMachine task thread for /0.0.0.0:33543 - 0 ] INFO  ratis.XceiverServerRatis (XceiverServerRatis.java:getRealPort(543)) - XceiverServerRatis cbdadb07-7074-46eb-a3e9-d1b6d1a4da2f is started using port 42309 for RATIS_SERVER
2023-04-27 06:11:49,554 [EndpointStateMachine task thread for /0.0.0.0:33543 - 0 ] INFO  ratis.XceiverServerRatis (XceiverServerRatis.java:getRealPort(543)) - XceiverServerRatis cbdadb07-7074-46eb-a3e9-d1b6d1a4da2f is started using port 45977 for RATIS_DATASTREAM
2023-04-27 06:11:49,557 [EndpointStateMachine task thread for /0.0.0.0:33543 - 0 ] INFO  server.XceiverServerGrpc (XceiverServerGrpc.java:start(180)) - XceiverServerGrpc cbdadb07-7074-46eb-a3e9-d1b6d1a4da2f is started using port 38063
2023-04-27 06:11:49,558 [BlockDeletingService#0] INFO  interfaces.ContainerDeletionChoosingPolicyTemplate (ContainerDeletionChoosingPolicyTemplate.java:chooseContainerForBlockDeletion(83)) - Chosen 0/5000 blocks from 0 candidate containers.
2023-04-27 06:11:49,796 [IPC Server handler 11 on default port 33543] INFO  net.NetworkTopologyImpl (NetworkTopologyImpl.java:add(112)) - Added a new node: /default-rack/d854720a-bbe5-47c1-a40c-d7c4a462ec23
2023-04-27 06:11:49,798 [IPC Server handler 11 on default port 33543] INFO  node.SCMNodeManager (SCMNodeManager.java:register(404)) - Registered Data node : d854720a-bbe5-47c1-a40c-d7c4a462ec23{ip: 10.1.0.34, host: fv-az220-795.shdwizndlbjulinwhzhdmup5sb.jx.internal.cloudapp.net, ports: [HTTP=36937, REPLICATION=46485, RATIS=37589, RATIS_ADMIN=37589, RATIS_SERVER=37589, RATIS_DATASTREAM=34327, STANDALONE=33143], networkLocation: /default-rack, certSerialId: null, persistedOpState: null, persistedOpStateExpiryEpochSec: 0}
2023-04-27 06:11:49,804 [EventQueue-NewNodeForNewNodeHandler] INFO  pipeline.BackgroundPipelineCreator (BackgroundPipelineCreator.java:notifyEventTriggered(276)) - trigger a one-shot run on RatisPipelineUtilsThread.
2023-04-27 06:11:49,814 [EventQueue-NodeRegistrationContainerReportForContainerSafeModeRule] INFO  safemode.SCMSafeModeManager (SCMSafeModeManager.java:validateSafeModeExitRules(200)) - ContainerSafeModeRule rule is successfully validated
2023-04-27 06:11:49,826 [EventQueue-NodeRegistrationContainerReportForDataNodeSafeModeRule] INFO  safemode.SCMSafeModeManager (DataNodeSafeModeRule.java:process(71)) - SCM in safe mode. 1 DataNodes registered, 3 required.
2023-04-27 06:11:49,829 [EventQueue-PipelineReportForOneReplicaPipelineSafeModeRule] INFO  safemode.SCMSafeModeManager (SCMSafeModeManager.java:validateSafeModeExitRules(200)) - AtleastOneDatanodeReportedRule rule is successfully validated
2023-04-27 06:11:49,815 [RatisPipelineUtilsThread - 0] INFO  pipeline.RatisPipelineProvider (RatisPipelineProvider.java:lambda$create$0(206)) - Sending CreatePipelineCommand for pipeline:PipelineID=96ccd123-e54a-4e9a-bc47-d8d4f3b9f40e to datanode:d854720a-bbe5-47c1-a40c-d7c4a462ec23
2023-04-27 06:11:49,840 [RatisPipelineUtilsThread - 0] INFO  pipeline.PipelineStateManagerImpl (PipelineStateManagerImpl.java:addPipeline(103)) - Created pipeline Pipeline[ Id: 96ccd123-e54a-4e9a-bc47-d8d4f3b9f40e, Nodes: d854720a-bbe5-47c1-a40c-d7c4a462ec23(fv-az220-795.shdwizndlbjulinwhzhdmup5sb.jx.internal.cloudapp.net/10.1.0.34), ReplicationConfig: RATIS/ONE, State:ALLOCATED, leaderId:, CreationTimestamp2023-04-27T06:11:49.813Z[Etc/UTC]].
2023-04-27 06:11:50,365 [IPC Server handler 17 on default port 33543] INFO  net.NetworkTopologyImpl (NetworkTopologyImpl.java:add(112)) - Added a new node: /default-rack/9e79f7cb-e4c5-47cb-aa46-b66eba433fb4
2023-04-27 06:11:50,366 [IPC Server handler 17 on default port 33543] INFO  node.SCMNodeManager (SCMNodeManager.java:register(404)) - Registered Data node : 9e79f7cb-e4c5-47cb-aa46-b66eba433fb4{ip: 10.1.0.34, host: fv-az220-795.shdwizndlbjulinwhzhdmup5sb.jx.internal.cloudapp.net, ports: [HTTP=41201, REPLICATION=36721, RATIS=37175, RATIS_ADMIN=37175, RATIS_SERVER=37175, RATIS_DATASTREAM=43331, STANDALONE=39135], networkLocation: /default-rack, certSerialId: null, persistedOpState: null, persistedOpStateExpiryEpochSec: 0}
2023-04-27 06:11:50,366 [EventQueue-NewNodeForNewNodeHandler] INFO  pipeline.BackgroundPipelineCreator (BackgroundPipelineCreator.java:notifyEventTriggered(276)) - trigger a one-shot run on RatisPipelineUtilsThread.
2023-04-27 06:11:50,366 [EventQueue-NodeRegistrationContainerReportForDataNodeSafeModeRule] INFO  safemode.SCMSafeModeManager (DataNodeSafeModeRule.java:process(71)) - SCM in safe mode. 2 DataNodes registered, 3 required.
2023-04-27 06:11:50,369 [RatisPipelineUtilsThread - 0] INFO  pipeline.RatisPipelineProvider (RatisPipelineProvider.java:lambda$create$0(206)) - Sending CreatePipelineCommand for pipeline:PipelineID=4750ff24-964b-44da-ad39-065ab5b53432 to datanode:9e79f7cb-e4c5-47cb-aa46-b66eba433fb4
2023-04-27 06:11:50,369 [RatisPipelineUtilsThread - 0] INFO  pipeline.PipelineStateManagerImpl (PipelineStateManagerImpl.java:addPipeline(103)) - Created pipeline Pipeline[ Id: 4750ff24-964b-44da-ad39-065ab5b53432, Nodes: 9e79f7cb-e4c5-47cb-aa46-b66eba433fb4(fv-az220-795.shdwizndlbjulinwhzhdmup5sb.jx.internal.cloudapp.net/10.1.0.34), ReplicationConfig: RATIS/ONE, State:ALLOCATED, leaderId:, CreationTimestamp2023-04-27T06:11:50.369Z[Etc/UTC]].
2023-04-27 06:11:50,488 [Listener at 127.0.0.1/44053] INFO  ozone.MiniOzoneClusterImpl (MiniOzoneClusterImpl.java:lambda$waitForClusterToBeReady$0(223)) - Waiting for nodes to be ready. Got 2 of 5 DN Heartbeats.
2023-04-27 06:11:50,488 [Listener at 127.0.0.1/44053] INFO  ozone.MiniOzoneClusterImpl (MiniOzoneClusterImpl.java:lambda$waitForClusterToBeReady$0(226)) - Waiting for cluster to exit safe mode
2023-04-27 06:11:50,488 [Listener at 127.0.0.1/44053] INFO  ozone.MiniOzoneClusterImpl (MiniOzoneClusterImpl.java:lambda$waitForClusterToBeReady$0(228)) - SCM became leader
2023-04-27 06:11:50,725 [IPC Server handler 18 on default port 33543] INFO  net.NetworkTopologyImpl (NetworkTopologyImpl.java:add(112)) - Added a new node: /default-rack/d3795bd6-5a77-4d2d-9b17-a3a54c2e679f
2023-04-27 06:11:50,725 [IPC Server handler 18 on default port 33543] INFO  node.SCMNodeManager (SCMNodeManager.java:register(404)) - Registered Data node : d3795bd6-5a77-4d2d-9b17-a3a54c2e679f{ip: 10.1.0.34, host: fv-az220-795.shdwizndlbjulinwhzhdmup5sb.jx.internal.cloudapp.net, ports: [HTTP=45141, REPLICATION=33987, RATIS=37857, RATIS_ADMIN=37857, RATIS_SERVER=37857, RATIS_DATASTREAM=39621, STANDALONE=34425], networkLocation: /default-rack, certSerialId: null, persistedOpState: null, persistedOpStateExpiryEpochSec: 0}
2023-04-27 06:11:50,727 [EventQueue-NewNodeForNewNodeHandler] INFO  pipeline.BackgroundPipelineCreator (BackgroundPipelineCreator.java:notifyEventTriggered(276)) - trigger a one-shot run on RatisPipelineUtilsThread.
2023-04-27 06:11:50,727 [EventQueue-NodeRegistrationContainerReportForDataNodeSafeModeRule] INFO  safemode.SCMSafeModeManager (DataNodeSafeModeRule.java:process(71)) - SCM in safe mode. 3 DataNodes registered, 3 required.
2023-04-27 06:11:50,728 [EventQueue-NodeRegistrationContainerReportForDataNodeSafeModeRule] INFO  safemode.SCMSafeModeManager (SCMSafeModeManager.java:validateSafeModeExitRules(200)) - DataNodeSafeModeRule rule is successfully validated
2023-04-27 06:11:50,727 [RatisPipelineUtilsThread - 0] INFO  pipeline.RatisPipelineProvider (RatisPipelineProvider.java:lambda$create$0(206)) - Sending CreatePipelineCommand for pipeline:PipelineID=e914ef8b-0372-44ab-b65a-2366711e54ea to datanode:d3795bd6-5a77-4d2d-9b17-a3a54c2e679f
2023-04-27 06:11:50,728 [EventQueue-NodeRegistrationContainerReportForDataNodeSafeModeRule] INFO  safemode.SCMSafeModeManager (SCMSafeModeManager.java:completePreCheck(229)) - All SCM safe mode pre check rules have passed
2023-04-27 06:11:50,728 [EventQueue-NodeRegistrationContainerReportForDataNodeSafeModeRule] INFO  ha.SCMContext (SCMContext.java:updateSafeModeStatus(228)) - Update SafeModeStatus from SafeModeStatus{safeModeStatus=true, preCheckPassed=false} to SafeModeStatus{safeModeStatus=true, preCheckPassed=true}.
2023-04-27 06:11:50,728 [EventQueue-NodeRegistrationContainerReportForDataNodeSafeModeRule] INFO  pipeline.BackgroundPipelineCreator (BackgroundPipelineCreator.java:notifyEventTriggered(276)) - trigger a one-shot run on RatisPipelineUtilsThread.
2023-04-27 06:11:50,729 [RatisPipelineUtilsThread - 0] INFO  pipeline.PipelineStateManagerImpl (PipelineStateManagerImpl.java:addPipeline(103)) - Created pipeline Pipeline[ Id: e914ef8b-0372-44ab-b65a-2366711e54ea, Nodes: d3795bd6-5a77-4d2d-9b17-a3a54c2e679f(fv-az220-795.shdwizndlbjulinwhzhdmup5sb.jx.internal.cloudapp.net/10.1.0.34), ReplicationConfig: RATIS/ONE, State:ALLOCATED, leaderId:, CreationTimestamp2023-04-27T06:11:50.727Z[Etc/UTC]].
2023-04-27 06:11:50,733 [RatisPipelineUtilsThread - 0] INFO  pipeline.RatisPipelineProvider (RatisPipelineProvider.java:lambda$create$0(206)) - Sending CreatePipelineCommand for pipeline:PipelineID=87caa493-e419-4913-b34c-0040f47b0831 to datanode:d854720a-bbe5-47c1-a40c-d7c4a462ec23
2023-04-27 06:11:50,733 [RatisPipelineUtilsThread - 0] INFO  pipeline.RatisPipelineProvider (RatisPipelineProvider.java:lambda$create$0(206)) - Sending CreatePipelineCommand for pipeline:PipelineID=87caa493-e419-4913-b34c-0040f47b0831 to datanode:d3795bd6-5a77-4d2d-9b17-a3a54c2e679f
2023-04-27 06:11:50,734 [RatisPipelineUtilsThread - 0] INFO  pipeline.RatisPipelineProvider (RatisPipelineProvider.java:lambda$create$0(206)) - Sending CreatePipelineCommand for pipeline:PipelineID=87caa493-e419-4913-b34c-0040f47b0831 to datanode:9e79f7cb-e4c5-47cb-aa46-b66eba433fb4
2023-04-27 06:11:50,734 [RatisPipelineUtilsThread - 0] INFO  pipeline.PipelineStateManagerImpl (PipelineStateManagerImpl.java:addPipeline(103)) - Created pipeline Pipeline[ Id: 87caa493-e419-4913-b34c-0040f47b0831, Nodes: d854720a-bbe5-47c1-a40c-d7c4a462ec23(fv-az220-795.shdwizndlbjulinwhzhdmup5sb.jx.internal.cloudapp.net/10.1.0.34)d3795bd6-5a77-4d2d-9b17-a3a54c2e679f(fv-az220-795.shdwizndlbjulinwhzhdmup5sb.jx.internal.cloudapp.net/10.1.0.34)9e79f7cb-e4c5-47cb-aa46-b66eba433fb4(fv-az220-795.shdwizndlbjulinwhzhdmup5sb.jx.internal.cloudapp.net/10.1.0.34), ReplicationConfig: RATIS/THREE, State:ALLOCATED, leaderId:, CreationTimestamp2023-04-27T06:11:50.733Z[Etc/UTC]].
2023-04-27 06:11:50,736 [RatisPipelineUtilsThread - 0] INFO  pipeline.RatisPipelineProvider (RatisPipelineProvider.java:lambda$create$0(206)) - Sending CreatePipelineCommand for pipeline:PipelineID=7ccd0db3-15fe-40d1-b563-da73ad7f98dc to datanode:d854720a-bbe5-47c1-a40c-d7c4a462ec23
2023-04-27 06:11:50,736 [RatisPipelineUtilsThread - 0] INFO  pipeline.RatisPipelineProvider (RatisPipelineProvider.java:lambda$create$0(206)) - Sending CreatePipelineCommand for pipeline:PipelineID=7ccd0db3-15fe-40d1-b563-da73ad7f98dc to datanode:9e79f7cb-e4c5-47cb-aa46-b66eba433fb4
2023-04-27 06:11:50,736 [RatisPipelineUtilsThread - 0] INFO  pipeline.RatisPipelineProvider (RatisPipelineProvider.java:lambda$create$0(206)) - Sending CreatePipelineCommand for pipeline:PipelineID=7ccd0db3-15fe-40d1-b563-da73ad7f98dc to datanode:d3795bd6-5a77-4d2d-9b17-a3a54c2e679f
2023-04-27 06:11:50,737 [RatisPipelineUtilsThread - 0] INFO  pipeline.PipelineStateManagerImpl (PipelineStateManagerImpl.java:addPipeline(103)) - Created pipeline Pipeline[ Id: 7ccd0db3-15fe-40d1-b563-da73ad7f98dc, Nodes: d854720a-bbe5-47c1-a40c-d7c4a462ec23(fv-az220-795.shdwizndlbjulinwhzhdmup5sb.jx.internal.cloudapp.net/10.1.0.34)9e79f7cb-e4c5-47cb-aa46-b66eba433fb4(fv-az220-795.shdwizndlbjulinwhzhdmup5sb.jx.internal.cloudapp.net/10.1.0.34)d3795bd6-5a77-4d2d-9b17-a3a54c2e679f(fv-az220-795.shdwizndlbjulinwhzhdmup5sb.jx.internal.cloudapp.net/10.1.0.34), ReplicationConfig: RATIS/THREE, State:ALLOCATED, leaderId:, CreationTimestamp2023-04-27T06:11:50.736Z[Etc/UTC]].
2023-04-27 06:11:50,737 [RatisPipelineUtilsThread - 0] INFO  pipeline.PipelineManagerImpl (PipelineManagerImpl.java:recordMetricsForPipeline(826)) - Pipeline: PipelineID=7ccd0db3-15fe-40d1-b563-da73ad7f98dc contains same datanodes as previous pipelines: PipelineID=87caa493-e419-4913-b34c-0040f47b0831 nodeIds: d854720a-bbe5-47c1-a40c-d7c4a462ec23, 9e79f7cb-e4c5-47cb-aa46-b66eba433fb4, d3795bd6-5a77-4d2d-9b17-a3a54c2e679f
2023-04-27 06:11:50,737 [RatisPipelineUtilsThread - 0] WARN  pipeline.PipelinePlacementPolicy (PipelinePlacementPolicy.java:filterViableNodes(160)) - Pipeline creation failed due to no sufficient healthy datanodes. Required 3. Found 0. Excluded 3.
2023-04-27 06:11:50,740 [RatisPipelineUtilsThread - 0] WARN  pipeline.PipelinePlacementPolicy (PipelinePlacementPolicy.java:filterViableNodes(160)) - Pipeline creation failed due to no sufficient healthy datanodes. Required 3. Found 0. Excluded 3.
2023-04-27 06:11:51,088 [IPC Server handler 17 on default port 33543] INFO  net.NetworkTopologyImpl (NetworkTopologyImpl.java:add(112)) - Added a new node: /default-rack/212d554a-1aad-4773-9d82-bb5fa0fa9f58
2023-04-27 06:11:51,089 [IPC Server handler 17 on default port 33543] INFO  node.SCMNodeManager (SCMNodeManager.java:register(404)) - Registered Data node : 212d554a-1aad-4773-9d82-bb5fa0fa9f58{ip: 10.1.0.34, host: fv-az220-795.shdwizndlbjulinwhzhdmup5sb.jx.internal.cloudapp.net, ports: [HTTP=37385, REPLICATION=46393, RATIS=33789, RATIS_ADMIN=33789, RATIS_SERVER=33789, RATIS_DATASTREAM=33765, STANDALONE=44069], networkLocation: /default-rack, certSerialId: null, persistedOpState: null, persistedOpStateExpiryEpochSec: 0}
2023-04-27 06:11:51,089 [EventQueue-NewNodeForNewNodeHandler] INFO  pipeline.BackgroundPipelineCreator (BackgroundPipelineCreator.java:notifyEventTriggered(276)) - trigger a one-shot run on RatisPipelineUtilsThread.
2023-04-27 06:11:51,090 [RatisPipelineUtilsThread - 0] INFO  pipeline.RatisPipelineProvider (RatisPipelineProvider.java:lambda$create$0(206)) - Sending CreatePipelineCommand for pipeline:PipelineID=502bba5d-536b-4da7-b920-71c197c73bd8 to datanode:212d554a-1aad-4773-9d82-bb5fa0fa9f58
2023-04-27 06:11:51,092 [RatisPipelineUtilsThread - 0] INFO  pipeline.PipelineStateManagerImpl (PipelineStateManagerImpl.java:addPipeline(103)) - Created pipeline Pipeline[ Id: 502bba5d-536b-4da7-b920-71c197c73bd8, Nodes: 212d554a-1aad-4773-9d82-bb5fa0fa9f58(fv-az220-795.shdwizndlbjulinwhzhdmup5sb.jx.internal.cloudapp.net/10.1.0.34), ReplicationConfig: RATIS/ONE, State:ALLOCATED, leaderId:, CreationTimestamp2023-04-27T06:11:51.090Z[Etc/UTC]].
2023-04-27 06:11:51,092 [RatisPipelineUtilsThread - 0] WARN  pipeline.PipelinePlacementPolicy (PipelinePlacementPolicy.java:filterViableNodes(160)) - Pipeline creation failed due to no sufficient healthy datanodes. Required 3. Found 1. Excluded 3.
2023-04-27 06:11:51,488 [Listener at 127.0.0.1/44053] INFO  ozone.MiniOzoneClusterImpl (MiniOzoneClusterImpl.java:lambda$waitForClusterToBeReady$0(223)) - Waiting for nodes to be ready. Got 4 of 5 DN Heartbeats.
2023-04-27 06:11:51,489 [Listener at 127.0.0.1/44053] INFO  ozone.MiniOzoneClusterImpl (MiniOzoneClusterImpl.java:lambda$waitForClusterToBeReady$0(226)) - Waiting for cluster to exit safe mode
2023-04-27 06:11:51,489 [Listener at 127.0.0.1/44053] INFO  ozone.MiniOzoneClusterImpl (MiniOzoneClusterImpl.java:lambda$waitForClusterToBeReady$0(228)) - SCM became leader
2023-04-27 06:11:51,499 [IPC Server handler 19 on default port 33543] INFO  net.NetworkTopologyImpl (NetworkTopologyImpl.java:add(112)) - Added a new node: /default-rack/cbdadb07-7074-46eb-a3e9-d1b6d1a4da2f
2023-04-27 06:11:51,499 [IPC Server handler 19 on default port 33543] INFO  node.SCMNodeManager (SCMNodeManager.java:register(404)) - Registered Data node : cbdadb07-7074-46eb-a3e9-d1b6d1a4da2f{ip: 10.1.0.34, host: fv-az220-795.shdwizndlbjulinwhzhdmup5sb.jx.internal.cloudapp.net, ports: [HTTP=43595, REPLICATION=38619, RATIS=42309, RATIS_ADMIN=42309, RATIS_SERVER=42309, RATIS_DATASTREAM=45977, STANDALONE=38063], networkLocation: /default-rack, certSerialId: null, persistedOpState: null, persistedOpStateExpiryEpochSec: 0}
2023-04-27 06:11:51,500 [EventQueue-NewNodeForNewNodeHandler] INFO  pipeline.BackgroundPipelineCreator (BackgroundPipelineCreator.java:notifyEventTriggered(276)) - trigger a one-shot run on RatisPipelineUtilsThread.
2023-04-27 06:11:51,501 [RatisPipelineUtilsThread - 0] INFO  pipeline.RatisPipelineProvider (RatisPipelineProvider.java:lambda$create$0(206)) - Sending CreatePipelineCommand for pipeline:PipelineID=64134f16-f43e-44ce-9bb5-650ef9356771 to datanode:cbdadb07-7074-46eb-a3e9-d1b6d1a4da2f
2023-04-27 06:11:51,502 [RatisPipelineUtilsThread - 0] INFO  pipeline.PipelineStateManagerImpl (PipelineStateManagerImpl.java:addPipeline(103)) - Created pipeline Pipeline[ Id: 64134f16-f43e-44ce-9bb5-650ef9356771, Nodes: cbdadb07-7074-46eb-a3e9-d1b6d1a4da2f(fv-az220-795.shdwizndlbjulinwhzhdmup5sb.jx.internal.cloudapp.net/10.1.0.34), ReplicationConfig: RATIS/ONE, State:ALLOCATED, leaderId:, CreationTimestamp2023-04-27T06:11:51.501Z[Etc/UTC]].
2023-04-27 06:11:51,503 [RatisPipelineUtilsThread - 0] WARN  pipeline.PipelinePlacementPolicy (PipelinePlacementPolicy.java:filterViableNodes(160)) - Pipeline creation failed due to no sufficient healthy datanodes. Required 3. Found 2. Excluded 3.
2023-04-27 06:11:52,489 [Listener at 127.0.0.1/44053] INFO  ozone.MiniOzoneClusterImpl (MiniOzoneClusterImpl.java:lambda$waitForClusterToBeReady$0(223)) - Nodes are ready. Got 5 of 5 DN Heartbeats.
2023-04-27 06:11:52,489 [Listener at 127.0.0.1/44053] INFO  ozone.MiniOzoneClusterImpl (MiniOzoneClusterImpl.java:lambda$waitForClusterToBeReady$0(226)) - Waiting for cluster to exit safe mode
2023-04-27 06:11:52,489 [Listener at 127.0.0.1/44053] INFO  ozone.MiniOzoneClusterImpl (MiniOzoneClusterImpl.java:lambda$waitForClusterToBeReady$0(228)) - SCM became leader
2023-04-27 06:11:52,792 [Command processor thread] INFO  server.RaftServer (RaftServerProxy.java:addNew(96)) - d854720a-bbe5-47c1-a40c-d7c4a462ec23: addNew group-D8D4F3B9F40E:[d854720a-bbe5-47c1-a40c-d7c4a462ec23|rpc:10.1.0.34:37589|dataStream:10.1.0.34:34327|priority:1|startupRole:FOLLOWER] returns group-D8D4F3B9F40E:java.util.concurrent.CompletableFuture@2640415b[Not completed]
2023-04-27 06:11:52,808 [pool-79-thread-1] INFO  server.RaftServer$Division (RaftServerImpl.java:<init>(195)) - d854720a-bbe5-47c1-a40c-d7c4a462ec23: new RaftServerImpl for group-D8D4F3B9F40E:[d854720a-bbe5-47c1-a40c-d7c4a462ec23|rpc:10.1.0.34:37589|dataStream:10.1.0.34:34327|priority:1|startupRole:FOLLOWER] with ContainerStateMachine:uninitialized
2023-04-27 06:11:52,808 [pool-79-thread-1] INFO  server.RaftServerConfigKeys (ConfUtils.java:logGet(46)) - raft.server.rpc.timeout.min = 5s (custom)
2023-04-27 06:11:52,808 [pool-79-thread-1] INFO  server.RaftServerConfigKeys (ConfUtils.java:logGet(46)) - raft.server.rpc.timeout.max = 5200ms (custom)
2023-04-27 06:11:52,808 [pool-79-thread-1] INFO  server.RaftServerConfigKeys (ConfUtils.java:logGet(46)) - raft.server.rpc.sleep.time = 25ms (default)
2023-04-27 06:11:52,808 [pool-79-thread-1] INFO  server.RaftServerConfigKeys (ConfUtils.java:logGet(46)) - raft.server.rpc.slowness.timeout = 300000ms (custom)
2023-04-27 06:11:52,808 [pool-79-thread-1] INFO  server.RaftServerConfigKeys (ConfUtils.java:logGet(46)) - raft.server.leaderelection.leader.step-down.wait-time = 10s (default)
2023-04-27 06:11:52,808 [pool-79-thread-1] INFO  server.RaftServerConfigKeys (ConfUtils.java:logGet(46)) - raft.server.sleep.deviation.threshold = 300ms (default)
2023-04-27 06:11:52,808 [pool-79-thread-1] INFO  server.RaftServer$Division (ServerState.java:<init>(118)) - d854720a-bbe5-47c1-a40c-d7c4a462ec23@group-D8D4F3B9F40E: ConfigurationManager, init=-1: peers:[d854720a-bbe5-47c1-a40c-d7c4a462ec23|rpc:10.1.0.34:37589|dataStream:10.1.0.34:34327|priority:1|startupRole:FOLLOWER]|listeners:[], old=null, confs=<EMPTY_MAP>
2023-04-27 06:11:52,809 [pool-79-thread-1] INFO  server.RaftServerConfigKeys (ConfUtils.java:logGet(46)) - raft.server.storage.dir = [/home/runner/work/ozone/ozone/hadoop-ozone/integration-test/target/test-dir/MiniOzoneClusterImpl-b7159a92-b125-4b28-96e0-478247ce15d0/datanode-0/data/ratis] (custom)
2023-04-27 06:11:52,809 [pool-79-thread-1] INFO  server.RaftServerConfigKeys (ConfUtils.java:logGet(46)) - raft.server.log.corruption.policy = EXCEPTION (default)
2023-04-27 06:11:52,809 [pool-79-thread-1] INFO  server.RaftServerConfigKeys (ConfUtils.java:logGet(46)) - raft.server.storage.free-space.min = 0MB (=0) (default)
2023-04-27 06:11:52,809 [pool-79-thread-1] INFO  server.RaftServerConfigKeys (ConfUtils.java:logGet(46)) - raft.server.notification.no-leader.timeout = 300000ms (custom)
2023-04-27 06:11:52,809 [pool-79-thread-1] INFO  server.RaftServerConfigKeys (ConfUtils.java:logGet(46)) - raft.server.retrycache.expirytime = 600000ms (custom)
2023-04-27 06:11:52,809 [pool-79-thread-1] INFO  server.RaftServerConfigKeys (ConfUtils.java:logGet(46)) - raft.server.retrycache.statistics.expirytime = 100μs (default)
2023-04-27 06:11:52,811 [pool-79-thread-1] INFO  server.RaftServerConfigKeys (ConfUtils.java:logGet(46)) - raft.server.log.appender.install.snapshot.enabled = false (custom)
2023-04-27 06:11:52,811 [pool-79-thread-1] INFO  server.RaftServerConfigKeys (ConfUtils.java:logGet(46)) - raft.server.threadpool.server.cached = true (default)
2023-04-27 06:11:52,812 [pool-79-thread-1] INFO  server.RaftServerConfigKeys (ConfUtils.java:logGet(46)) - raft.server.threadpool.server.size = 0 (default)
2023-04-27 06:11:52,812 [pool-79-thread-1] INFO  server.RaftServerConfigKeys (ConfUtils.java:logGet(46)) - raft.server.threadpool.client.cached = true (default)
2023-04-27 06:11:52,812 [pool-79-thread-1] INFO  server.RaftServerConfigKeys (ConfUtils.java:logGet(46)) - raft.server.threadpool.client.size = 0 (default)
2023-04-27 06:11:52,812 [pool-79-thread-1] INFO  storage.RaftStorageDirectory (RaftStorageDirectoryImpl.java:analyzeStorage(137)) - The storage directory /home/runner/work/ozone/ozone/hadoop-ozone/integration-test/target/test-dir/MiniOzoneClusterImpl-b7159a92-b125-4b28-96e0-478247ce15d0/datanode-0/data/ratis/96ccd123-e54a-4e9a-bc47-d8d4f3b9f40e does not exist. Creating ...
2023-04-27 06:11:52,815 [pool-79-thread-1] INFO  storage.RaftStorageDirectory (RaftStorageDirectoryImpl.java:tryLock(231)) - Lock on /home/runner/work/ozone/ozone/hadoop-ozone/integration-test/target/test-dir/MiniOzoneClusterImpl-b7159a92-b125-4b28-96e0-478247ce15d0/datanode-0/data/ratis/96ccd123-e54a-4e9a-bc47-d8d4f3b9f40e/in_use.lock acquired by nodename 37755@fv-az220-795
2023-04-27 06:11:52,816 [pool-79-thread-1] INFO  storage.RaftStorage (RaftStorageImpl.java:format(96)) - Storage directory /home/runner/work/ozone/ozone/hadoop-ozone/integration-test/target/test-dir/MiniOzoneClusterImpl-b7159a92-b125-4b28-96e0-478247ce15d0/datanode-0/data/ratis/96ccd123-e54a-4e9a-bc47-d8d4f3b9f40e has been successfully formatted.
2023-04-27 06:11:52,821 [pool-79-thread-1] INFO  ratis.ContainerStateMachine (ContainerStateMachine.java:loadSnapshot(262)) - group-D8D4F3B9F40E: The snapshot info is null. Setting the last applied indexto:(t:0, i:~)
2023-04-27 06:11:52,821 [pool-79-thread-1] INFO  server.RaftServerConfigKeys (ConfUtils.java:logGet(46)) - raft.server.log.use.memory = false (default)
2023-04-27 06:11:52,828 [pool-79-thread-1] INFO  server.RaftServerConfigKeys (ConfUtils.java:logGet(46)) - raft.server.log.purge.gap = 1000000 (custom)
2023-04-27 06:11:52,828 [pool-79-thread-1] INFO  server.RaftServerConfigKeys (ConfUtils.java:logGet(46)) - raft.server.log.appender.buffer.byte-limit = 33554432 (custom)
2023-04-27 06:11:52,828 [pool-79-thread-1] INFO  server.RaftServerConfigKeys (ConfUtils.java:logGet(46)) - raft.server.log.statemachine.data.read.timeout = 1000ms (default)
2023-04-27 06:11:52,828 [pool-79-thread-1] INFO  server.RaftServerConfigKeys (ConfUtils.java:logGet(46)) - raft.server.log.purge.preservation.log.num = 0 (default)
2023-04-27 06:11:52,828 [pool-79-thread-1] INFO  server.RaftServerConfigKeys (ConfUtils.java:logGet(46)) - raft.server.log.segment.size.max = 1048576 (custom)
2023-04-27 06:11:52,830 [pool-79-thread-1] INFO  server.RaftServerConfigKeys (ConfUtils.java:logGet(46)) - raft.server.log.segment.cache.num.max = 2 (custom)
2023-04-27 06:11:52,830 [pool-79-thread-1] INFO  server.RaftServerConfigKeys (ConfUtils.java:logGet(46)) - raft.server.log.segment.cache.size.max = 200MB (=209715200) (default)
2023-04-27 06:11:52,830 [pool-79-thread-1] INFO  segmented.SegmentedRaftLogWorker (SegmentedRaftLogWorker.java:<init>(189)) - new d854720a-bbe5-47c1-a40c-d7c4a462ec23@group-D8D4F3B9F40E-SegmentedRaftLogWorker for RaftStorageImpl:Storage Directory /home/runner/work/ozone/ozone/hadoop-ozone/integration-test/target/test-dir/MiniOzoneClusterImpl-b7159a92-b125-4b28-96e0-478247ce15d0/datanode-0/data/ratis/96ccd123-e54a-4e9a-bc47-d8d4f3b9f40e
2023-04-27 06:11:52,830 [pool-79-thread-1] INFO  server.RaftServerConfigKeys (ConfUtils.java:logGet(46)) - raft.server.log.queue.byte-limit = 4294967296 (custom)
2023-04-27 06:11:52,830 [pool-79-thread-1] INFO  server.RaftServerConfigKeys (ConfUtils.java:logGet(46)) - raft.server.log.queue.element-limit = 1024 (custom)
2023-04-27 06:11:52,830 [pool-79-thread-1] INFO  server.RaftServerConfigKeys (ConfUtils.java:logGet(46)) - raft.server.log.segment.size.max = 1048576 (custom)
2023-04-27 06:11:52,830 [pool-79-thread-1] INFO  server.RaftServerConfigKeys (ConfUtils.java:logGet(46)) - raft.server.log.preallocated.size = 16384 (custom)
2023-04-27 06:11:52,830 [pool-79-thread-1] INFO  server.RaftServerConfigKeys (ConfUtils.java:logGet(46)) - raft.server.log.force.sync.num = 128 (default)
2023-04-27 06:11:52,830 [pool-79-thread-1] INFO  server.RaftServerConfigKeys (ConfUtils.java:logGet(46)) - raft.server.log.statemachine.data.sync = true (default)
2023-04-27 06:11:52,831 [pool-79-thread-1] INFO  server.RaftServerConfigKeys (ConfUtils.java:logGet(46)) - raft.server.log.statemachine.data.sync.timeout = 10s (default)
2023-04-27 06:11:52,831 [pool-79-thread-1] INFO  server.RaftServerConfigKeys (ConfUtils.java:logGet(46)) - raft.server.log.statemachine.data.sync.timeout.retry = -1 (default)
2023-04-27 06:11:52,834 [pool-79-thread-1] INFO  server.RaftServerConfigKeys (ConfUtils.java:logGet(46)) - raft.server.log.write.buffer.size = 1048576 (custom)
2023-04-27 06:11:52,836 [pool-79-thread-1] INFO  server.RaftServerConfigKeys (ConfUtils.java:logGet(46)) - raft.server.log.appender.buffer.byte-limit = 33554432 (custom)
2023-04-27 06:11:52,843 [pool-79-thread-1] INFO  server.RaftServerConfigKeys (ConfUtils.java:logGet(46)) - raft.server.log.unsafe-flush.enabled = false (default)
2023-04-27 06:11:52,844 [pool-79-thread-1] INFO  server.RaftServerConfigKeys (ConfUtils.java:logGet(46)) - raft.server.log.async-flush.enabled = false (default)
2023-04-27 06:11:52,844 [pool-79-thread-1] INFO  server.RaftServerConfigKeys (ConfUtils.java:logGet(46)) - raft.server.log.statemachine.data.caching.enabled = true (custom)
2023-04-27 06:11:52,844 [pool-79-thread-1] INFO  segmented.SegmentedRaftLogWorker (SegmentedRaftLogWorker.java:lambda$new$0(135)) - d854720a-bbe5-47c1-a40c-d7c4a462ec23@group-D8D4F3B9F40E-SegmentedRaftLogWorker: flushIndex: setUnconditionally 0 -> -1
2023-04-27 06:11:52,844 [pool-79-thread-1] INFO  segmented.SegmentedRaftLogWorker (SegmentedRaftLogWorker.java:lambda$new$0(135)) - d854720a-bbe5-47c1-a40c-d7c4a462ec23@group-D8D4F3B9F40E-SegmentedRaftLogWorker: safeCacheEvictIndex: setUnconditionally 0 -> -1
2023-04-27 06:11:52,844 [pool-79-thread-1] INFO  server.RaftServer$Division (RaftServerImpl.java:start(334)) - d854720a-bbe5-47c1-a40c-d7c4a462ec23@group-D8D4F3B9F40E: start as a follower, conf=-1: peers:[d854720a-bbe5-47c1-a40c-d7c4a462ec23|rpc:10.1.0.34:37589|dataStream:10.1.0.34:34327|priority:1|startupRole:FOLLOWER]|listeners:[], old=null
2023-04-27 06:11:52,844 [pool-79-thread-1] INFO  server.RaftServer$Division (RaftServerImpl.java:setRole(321)) - d854720a-bbe5-47c1-a40c-d7c4a462ec23@group-D8D4F3B9F40E: changes role from      null to FOLLOWER at term 0 for startAsFollower
2023-04-27 06:11:52,845 [pool-79-thread-1] INFO  impl.RoleInfo (RoleInfo.java:updateAndGet(139)) - d854720a-bbe5-47c1-a40c-d7c4a462ec23: start d854720a-bbe5-47c1-a40c-d7c4a462ec23@group-D8D4F3B9F40E-FollowerState
2023-04-27 06:11:52,845 [pool-79-thread-1] INFO  util.JmxRegister (JmxRegister.java:tryRegister(44)) - Successfully registered JMX Bean with object name Ratis:service=RaftServer,group=group-D8D4F3B9F40E,id=d854720a-bbe5-47c1-a40c-d7c4a462ec23
2023-04-27 06:11:52,845 [pool-79-thread-1] INFO  server.RaftServerConfigKeys (ConfUtils.java:logGet(46)) - raft.server.snapshot.auto.trigger.enabled = true (custom)
2023-04-27 06:11:52,845 [pool-79-thread-1] INFO  server.RaftServerConfigKeys (ConfUtils.java:logGet(46)) - raft.server.snapshot.auto.trigger.threshold = 10000 (custom)
2023-04-27 06:11:52,845 [pool-79-thread-1] INFO  server.RaftServerConfigKeys (ConfUtils.java:logGet(46)) - raft.server.snapshot.retention.file.num = 5 (custom)
2023-04-27 06:11:52,845 [pool-79-thread-1] INFO  server.RaftServerConfigKeys (ConfUtils.java:logGet(46)) - raft.server.log.purge.upto.snapshot.index = false (default)
2023-04-27 06:11:52,845 [EventQueue-PipelineReportForPipelineReportHandler] INFO  pipeline.PipelineManagerImpl (PipelineManagerImpl.java:openPipeline(367)) - Pipeline Pipeline[ Id: 96ccd123-e54a-4e9a-bc47-d8d4f3b9f40e, Nodes: d854720a-bbe5-47c1-a40c-d7c4a462ec23(fv-az220-795.shdwizndlbjulinwhzhdmup5sb.jx.internal.cloudapp.net/10.1.0.34), ReplicationConfig: RATIS/ONE, State:ALLOCATED, leaderId:d854720a-bbe5-47c1-a40c-d7c4a462ec23, CreationTimestamp2023-04-27T06:11:49.813Z[Etc/UTC]] moved to OPEN state
2023-04-27 06:11:52,848 [d854720a-bbe5-47c1-a40c-d7c4a462ec23@group-D8D4F3B9F40E-FollowerState] INFO  server.RaftServerConfigKeys (ConfUtils.java:logFallback(53)) - raft.server.rpc.first-election.timeout.min = 5s (fallback to raft.server.rpc.timeout.min)
2023-04-27 06:11:52,848 [d854720a-bbe5-47c1-a40c-d7c4a462ec23@group-D8D4F3B9F40E-FollowerState] INFO  server.RaftServerConfigKeys (ConfUtils.java:logFallback(53)) - raft.server.rpc.first-election.timeout.max = 5200ms (fallback to raft.server.rpc.timeout.max)
2023-04-27 06:11:52,859 [Command processor thread] INFO  ratis.XceiverServerRatis (XceiverServerRatis.java:addGroup(806)) - Created group PipelineID=96ccd123-e54a-4e9a-bc47-d8d4f3b9f40e
2023-04-27 06:11:52,859 [EventQueue-OpenPipelineForHealthyPipelineSafeModeRule] INFO  safemode.SCMSafeModeManager (HealthyPipelineSafeModeRule.java:process(137)) - SCM in safe mode. Healthy pipelines reported count is 0, required healthy pipeline reported count is 1
2023-04-27 06:11:52,860 [Command processor thread] INFO  commandhandler.CreatePipelineCommandHandler (CreatePipelineCommandHandler.java:handle(113)) - Created Pipeline RATIS ONE PipelineID=96ccd123-e54a-4e9a-bc47-d8d4f3b9f40e.
2023-04-27 06:11:52,860 [Command processor thread] INFO  server.RaftServer (RaftServerProxy.java:addNew(96)) - d854720a-bbe5-47c1-a40c-d7c4a462ec23: addNew group-0040F47B0831:[d3795bd6-5a77-4d2d-9b17-a3a54c2e679f|rpc:10.1.0.34:37857|dataStream:10.1.0.34:39621|priority:0|startupRole:FOLLOWER, 9e79f7cb-e4c5-47cb-aa46-b66eba433fb4|rpc:10.1.0.34:37175|dataStream:10.1.0.34:43331|priority:0|startupRole:FOLLOWER, d854720a-bbe5-47c1-a40c-d7c4a462ec23|rpc:10.1.0.34:37589|dataStream:10.1.0.34:34327|priority:1|startupRole:FOLLOWER] returns group-0040F47B0831:java.util.concurrent.CompletableFuture@4ebe4b18[Not completed]
2023-04-27 06:11:52,863 [pool-79-thread-1] INFO  server.RaftServer$Division (RaftServerImpl.java:<init>(195)) - d854720a-bbe5-47c1-a40c-d7c4a462ec23: new RaftServerImpl for group-0040F47B0831:[d3795bd6-5a77-4d2d-9b17-a3a54c2e679f|rpc:10.1.0.34:37857|dataStream:10.1.0.34:39621|priority:0|startupRole:FOLLOWER, 9e79f7cb-e4c5-47cb-aa46-b66eba433fb4|rpc:10.1.0.34:37175|dataStream:10.1.0.34:43331|priority:0|startupRole:FOLLOWER, d854720a-bbe5-47c1-a40c-d7c4a462ec23|rpc:10.1.0.34:37589|dataStream:10.1.0.34:34327|priority:1|startupRole:FOLLOWER] with ContainerStateMachine:uninitialized
2023-04-27 06:11:52,863 [pool-79-thread-1] INFO  server.RaftServerConfigKeys (ConfUtils.java:logGet(46)) - raft.server.rpc.timeout.min = 5s (custom)
2023-04-27 06:11:52,863 [pool-79-thread-1] INFO  server.RaftServerConfigKeys (ConfUtils.java:logGet(46)) - raft.server.rpc.timeout.max = 5200ms (custom)
2023-04-27 06:11:52,863 [pool-79-thread-1] INFO  server.RaftServerConfigKeys (ConfUtils.java:logGet(46)) - raft.server.rpc.sleep.time = 25ms (default)
2023-04-27 06:11:52,863 [pool-79-thread-1] INFO  server.RaftServerConfigKeys (ConfUtils.java:logGet(46)) - raft.server.rpc.slowness.timeout = 300000ms (custom)
2023-04-27 06:11:52,864 [pool-79-thread-1] INFO  server.RaftServerConfigKeys (ConfUtils.java:logGet(46)) - raft.server.leaderelection.leader.step-down.wait-time = 10s (default)
2023-04-27 06:11:52,864 [pool-79-thread-1] INFO  server.RaftServerConfigKeys (ConfUtils.java:logGet(46)) - raft.server.sleep.deviation.threshold = 300ms (default)
2023-04-27 06:11:52,864 [pool-79-thread-1] INFO  server.RaftServer$Division (ServerState.java:<init>(118)) - d854720a-bbe5-47c1-a40c-d7c4a462ec23@group-0040F47B0831: ConfigurationManager, init=-1: peers:[d3795bd6-5a77-4d2d-9b17-a3a54c2e679f|rpc:10.1.0.34:37857|dataStream:10.1.0.34:39621|priority:0|startupRole:FOLLOWER, 9e79f7cb-e4c5-47cb-aa46-b66eba433fb4|rpc:10.1.0.34:37175|dataStream:10.1.0.34:43331|priority:0|startupRole:FOLLOWER, d854720a-bbe5-47c1-a40c-d7c4a462ec23|rpc:10.1.0.34:37589|dataStream:10.1.0.34:34327|priority:1|startupRole:FOLLOWER]|listeners:[], old=null, confs=<EMPTY_MAP>
2023-04-27 06:11:52,864 [pool-79-thread-1] INFO  server.RaftServerConfigKeys (ConfUtils.java:logGet(46)) - raft.server.storage.dir = [/home/runner/work/ozone/ozone/hadoop-ozone/integration-test/target/test-dir/MiniOzoneClusterImpl-b7159a92-b125-4b28-96e0-478247ce15d0/datanode-0/data/ratis] (custom)
2023-04-27 06:11:52,864 [pool-79-thread-1] INFO  server.RaftServerConfigKeys (ConfUtils.java:logGet(46)) - raft.server.log.corruption.policy = EXCEPTION (default)
2023-04-27 06:11:52,865 [pool-79-thread-1] INFO  server.RaftServerConfigKeys (ConfUtils.java:logGet(46)) - raft.server.storage.free-space.min = 0MB (=0) (default)
2023-04-27 06:11:52,865 [pool-79-thread-1] INFO  server.RaftServerConfigKeys (ConfUtils.java:logGet(46)) - raft.server.notification.no-leader.timeout = 300000ms (custom)
2023-04-27 06:11:52,865 [pool-79-thread-1] INFO  server.RaftServerConfigKeys (ConfUtils.java:logGet(46)) - raft.server.retrycache.expirytime = 600000ms (custom)
2023-04-27 06:11:52,865 [pool-79-thread-1] INFO  server.RaftServerConfigKeys (ConfUtils.java:logGet(46)) - raft.server.retrycache.statistics.expirytime = 100μs (default)
2023-04-27 06:11:52,873 [pool-79-thread-1] INFO  server.RaftServerConfigKeys (ConfUtils.java:logGet(46)) - raft.server.log.appender.install.snapshot.enabled = false (custom)
2023-04-27 06:11:52,873 [pool-79-thread-1] INFO  server.RaftServerConfigKeys (ConfUtils.java:logGet(46)) - raft.server.threadpool.server.cached = true (default)
2023-04-27 06:11:52,873 [pool-79-thread-1] INFO  server.RaftServerConfigKeys (ConfUtils.java:logGet(46)) - raft.server.threadpool.server.size = 0 (default)
2023-04-27 06:11:52,873 [pool-79-thread-1] INFO  server.RaftServerConfigKeys (ConfUtils.java:logGet(46)) - raft.server.threadpool.client.cached = true (default)
2023-04-27 06:11:52,873 [pool-79-thread-1] INFO  server.RaftServerConfigKeys (ConfUtils.java:logGet(46)) - raft.server.threadpool.client.size = 0 (default)
2023-04-27 06:11:52,874 [pool-79-thread-1] INFO  storage.RaftStorageDirectory (RaftStorageDirectoryImpl.java:analyzeStorage(137)) - The storage directory /home/runner/work/ozone/ozone/hadoop-ozone/integration-test/target/test-dir/MiniOzoneClusterImpl-b7159a92-b125-4b28-96e0-478247ce15d0/datanode-0/data/ratis/87caa493-e419-4913-b34c-0040f47b0831 does not exist. Creating ...
2023-04-27 06:11:52,875 [pool-79-thread-1] INFO  storage.RaftStorageDirectory (RaftStorageDirectoryImpl.java:tryLock(231)) - Lock on /home/runner/work/ozone/ozone/hadoop-ozone/integration-test/target/test-dir/MiniOzoneClusterImpl-b7159a92-b125-4b28-96e0-478247ce15d0/datanode-0/data/ratis/87caa493-e419-4913-b34c-0040f47b0831/in_use.lock acquired by nodename 37755@fv-az220-795
2023-04-27 06:11:52,876 [pool-79-thread-1] INFO  storage.RaftStorage (RaftStorageImpl.java:format(96)) - Storage directory /home/runner/work/ozone/ozone/hadoop-ozone/integration-test/target/test-dir/MiniOzoneClusterImpl-b7159a92-b125-4b28-96e0-478247ce15d0/datanode-0/data/ratis/87caa493-e419-4913-b34c-0040f47b0831 has been successfully formatted.
2023-04-27 06:11:52,877 [pool-79-thread-1] INFO  ratis.ContainerStateMachine (ContainerStateMachine.java:loadSnapshot(262)) - group-0040F47B0831: The snapshot info is null. Setting the last applied indexto:(t:0, i:~)
2023-04-27 06:11:52,877 [pool-79-thread-1] INFO  server.RaftServerConfigKeys (ConfUtils.java:logGet(46)) - raft.server.log.use.memory = false (default)
2023-04-27 06:11:52,886 [pool-79-thread-1] INFO  server.RaftServerConfigKeys (ConfUtils.java:logGet(46)) - raft.server.log.purge.gap = 1000000 (custom)
2023-04-27 06:11:52,886 [pool-79-thread-1] INFO  server.RaftServerConfigKeys (ConfUtils.java:logGet(46)) - raft.server.log.appender.buffer.byte-limit = 33554432 (custom)
2023-04-27 06:11:52,886 [pool-79-thread-1] INFO  server.RaftServerConfigKeys (ConfUtils.java:logGet(46)) - raft.server.log.statemachine.data.read.timeout = 1000ms (default)
2023-04-27 06:11:52,887 [pool-79-thread-1] INFO  server.RaftServerConfigKeys (ConfUtils.java:logGet(46)) - raft.server.log.purge.preservation.log.num = 0 (default)
2023-04-27 06:11:52,887 [pool-79-thread-1] INFO  server.RaftServerConfigKeys (ConfUtils.java:logGet(46)) - raft.server.log.segment.size.max = 1048576 (custom)
2023-04-27 06:11:52,887 [pool-79-thread-1] INFO  server.RaftServerConfigKeys (ConfUtils.java:logGet(46)) - raft.server.log.segment.cache.num.max = 2 (custom)
2023-04-27 06:11:52,887 [pool-79-thread-1] INFO  server.RaftServerConfigKeys (ConfUtils.java:logGet(46)) - raft.server.log.segment.cache.size.max = 200MB (=209715200) (default)
2023-04-27 06:11:52,887 [pool-79-thread-1] INFO  segmented.SegmentedRaftLogWorker (SegmentedRaftLogWorker.java:<init>(189)) - new d854720a-bbe5-47c1-a40c-d7c4a462ec23@group-0040F47B0831-SegmentedRaftLogWorker for RaftStorageImpl:Storage Directory /home/runner/work/ozone/ozone/hadoop-ozone/integration-test/target/test-dir/MiniOzoneClusterImpl-b7159a92-b125-4b28-96e0-478247ce15d0/datanode-0/data/ratis/87caa493-e419-4913-b34c-0040f47b0831
2023-04-27 06:11:52,887 [pool-79-thread-1] INFO  server.RaftServerConfigKeys (ConfUtils.java:logGet(46)) - raft.server.log.queue.byte-limit = 4294967296 (custom)
2023-04-27 06:11:52,887 [pool-79-thread-1] INFO  server.RaftServerConfigKeys (ConfUtils.java:logGet(46)) - raft.server.log.queue.element-limit = 1024 (custom)
2023-04-27 06:11:52,891 [pool-79-thread-1] INFO  server.RaftServerConfigKeys (ConfUtils.java:logGet(46)) - raft.server.log.segment.size.max = 1048576 (custom)
2023-04-27 06:11:52,891 [pool-79-thread-1] INFO  server.RaftServerConfigKeys (ConfUtils.java:logGet(46)) - raft.server.log.preallocated.size = 16384 (custom)
2023-04-27 06:11:52,891 [pool-79-thread-1] INFO  server.RaftServerConfigKeys (ConfUtils.java:logGet(46)) - raft.server.log.force.sync.num = 128 (default)
2023-04-27 06:11:52,891 [pool-79-thread-1] INFO  server.RaftServerConfigKeys (ConfUtils.java:logGet(46)) - raft.server.log.statemachine.data.sync = true (default)
2023-04-27 06:11:52,892 [EventQueue-OpenPipelineForHealthyPipelineSafeModeRule] INFO  safemode.SCMSafeModeManager (HealthyPipelineSafeModeRule.java:process(137)) - SCM in safe mode. Healthy pipelines reported count is 0, required healthy pipeline reported count is 1
2023-04-27 06:11:52,895 [pool-79-thread-1] INFO  server.RaftServerConfigKeys (ConfUtils.java:logGet(46)) - raft.server.log.statemachine.data.sync.timeout = 10s (default)
2023-04-27 06:11:52,896 [pool-79-thread-1] INFO  server.RaftServerConfigKeys (ConfUtils.java:logGet(46)) - raft.server.log.statemachine.data.sync.timeout.retry = -1 (default)
2023-04-27 06:11:52,898 [pool-79-thread-1] INFO  server.RaftServerConfigKeys (ConfUtils.java:logGet(46)) - raft.server.log.write.buffer.size = 1048576 (custom)
2023-04-27 06:11:52,900 [pool-79-thread-1] INFO  server.RaftServerConfigKeys (ConfUtils.java:logGet(46)) - raft.server.log.appender.buffer.byte-limit = 33554432 (custom)
2023-04-27 06:11:52,909 [pool-79-thread-1] INFO  server.RaftServerConfigKeys (ConfUtils.java:logGet(46)) - raft.server.log.unsafe-flush.enabled = false (default)
2023-04-27 06:11:52,909 [pool-79-thread-1] INFO  server.RaftServerConfigKeys (ConfUtils.java:logGet(46)) - raft.server.log.async-flush.enabled = false (default)
2023-04-27 06:11:52,909 [pool-79-thread-1] INFO  server.RaftServerConfigKeys (ConfUtils.java:logGet(46)) - raft.server.log.statemachine.data.caching.enabled = true (custom)
2023-04-27 06:11:52,910 [pool-79-thread-1] INFO  segmented.SegmentedRaftLogWorker (SegmentedRaftLogWorker.java:lambda$new$0(135)) - d854720a-bbe5-47c1-a40c-d7c4a462ec23@group-0040F47B0831-SegmentedRaftLogWorker: flushIndex: setUnconditionally 0 -> -1
2023-04-27 06:11:52,910 [pool-79-thread-1] INFO  segmented.SegmentedRaftLogWorker (SegmentedRaftLogWorker.java:lambda$new$0(135)) - d854720a-bbe5-47c1-a40c-d7c4a462ec23@group-0040F47B0831-SegmentedRaftLogWorker: safeCacheEvictIndex: setUnconditionally 0 -> -1
2023-04-27 06:11:52,913 [pool-79-thread-1] INFO  server.RaftServer$Division (RaftServerImpl.java:start(334)) - d854720a-bbe5-47c1-a40c-d7c4a462ec23@group-0040F47B0831: start as a follower, conf=-1: peers:[d3795bd6-5a77-4d2d-9b17-a3a54c2e679f|rpc:10.1.0.34:37857|dataStream:10.1.0.34:39621|priority:0|startupRole:FOLLOWER, 9e79f7cb-e4c5-47cb-aa46-b66eba433fb4|rpc:10.1.0.34:37175|dataStream:10.1.0.34:43331|priority:0|startupRole:FOLLOWER, d854720a-bbe5-47c1-a40c-d7c4a462ec23|rpc:10.1.0.34:37589|dataStream:10.1.0.34:34327|priority:1|startupRole:FOLLOWER]|listeners:[], old=null
2023-04-27 06:11:52,914 [pool-79-thread-1] INFO  server.RaftServer$Division (RaftServerImpl.java:setRole(321)) - d854720a-bbe5-47c1-a40c-d7c4a462ec23@group-0040F47B0831: changes role from      null to FOLLOWER at term 0 for startAsFollower
2023-04-27 06:11:52,914 [pool-79-thread-1] INFO  impl.RoleInfo (RoleInfo.java:updateAndGet(139)) - d854720a-bbe5-47c1-a40c-d7c4a462ec23: start d854720a-bbe5-47c1-a40c-d7c4a462ec23@group-0040F47B0831-FollowerState
2023-04-27 06:11:52,918 [pool-79-thread-1] INFO  util.JmxRegister (JmxRegister.java:tryRegister(44)) - Successfully registered JMX Bean with object name Ratis:service=RaftServer,group=group-0040F47B0831,id=d854720a-bbe5-47c1-a40c-d7c4a462ec23
2023-04-27 06:11:52,918 [pool-79-thread-1] INFO  server.RaftServerConfigKeys (ConfUtils.java:logGet(46)) - raft.server.snapshot.auto.trigger.enabled = true (custom)
2023-04-27 06:11:52,918 [pool-79-thread-1] INFO  server.RaftServerConfigKeys (ConfUtils.java:logGet(46)) - raft.server.snapshot.auto.trigger.threshold = 10000 (custom)
2023-04-27 06:11:52,918 [pool-79-thread-1] INFO  server.RaftServerConfigKeys (ConfUtils.java:logGet(46)) - raft.server.snapshot.retention.file.num = 5 (custom)
2023-04-27 06:11:52,918 [pool-79-thread-1] INFO  server.RaftServerConfigKeys (ConfUtils.java:logGet(46)) - raft.server.log.purge.upto.snapshot.index = false (default)
2023-04-27 06:11:52,921 [d854720a-bbe5-47c1-a40c-d7c4a462ec23@group-0040F47B0831-FollowerState] INFO  server.RaftServerConfigKeys (ConfUtils.java:logFallback(53)) - raft.server.rpc.first-election.timeout.min = 5s (fallback to raft.server.rpc.timeout.min)
2023-04-27 06:11:52,926 [d854720a-bbe5-47c1-a40c-d7c4a462ec23@group-0040F47B0831-FollowerState] INFO  server.RaftServerConfigKeys (ConfUtils.java:logFallback(53)) - raft.server.rpc.first-election.timeout.max = 5200ms (fallback to raft.server.rpc.timeout.max)
2023-04-27 06:11:52,926 [Command processor thread] INFO  ratis.XceiverServerRatis (XceiverServerRatis.java:addGroup(806)) - Created group PipelineID=87caa493-e419-4913-b34c-0040f47b0831
2023-04-27 06:11:53,313 [grpc-default-executor-0] INFO  server.RaftServer (RaftServerProxy.java:addNew(96)) - d3795bd6-5a77-4d2d-9b17-a3a54c2e679f: addNew group-0040F47B0831:[d3795bd6-5a77-4d2d-9b17-a3a54c2e679f|rpc:10.1.0.34:37857|dataStream:10.1.0.34:39621|priority:0|startupRole:FOLLOWER, 9e79f7cb-e4c5-47cb-aa46-b66eba433fb4|rpc:10.1.0.34:37175|dataStream:10.1.0.34:43331|priority:0|startupRole:FOLLOWER, d854720a-bbe5-47c1-a40c-d7c4a462ec23|rpc:10.1.0.34:37589|dataStream:10.1.0.34:34327|priority:1|startupRole:FOLLOWER] returns group-0040F47B0831:java.util.concurrent.CompletableFuture@14400bc4[Not completed]
2023-04-27 06:11:53,316 [pool-123-thread-1] INFO  server.RaftServer$Division (RaftServerImpl.java:<init>(195)) - d3795bd6-5a77-4d2d-9b17-a3a54c2e679f: new RaftServerImpl for group-0040F47B0831:[d3795bd6-5a77-4d2d-9b17-a3a54c2e679f|rpc:10.1.0.34:37857|dataStream:10.1.0.34:39621|priority:0|startupRole:FOLLOWER, 9e79f7cb-e4c5-47cb-aa46-b66eba433fb4|rpc:10.1.0.34:37175|dataStream:10.1.0.34:43331|priority:0|startupRole:FOLLOWER, d854720a-bbe5-47c1-a40c-d7c4a462ec23|rpc:10.1.0.34:37589|dataStream:10.1.0.34:34327|priority:1|startupRole:FOLLOWER] with ContainerStateMachine:uninitialized
2023-04-27 06:11:53,316 [pool-123-thread-1] INFO  server.RaftServerConfigKeys (ConfUtils.java:logGet(46)) - raft.server.rpc.timeout.min = 5s (custom)
2023-04-27 06:11:53,316 [pool-123-thread-1] INFO  server.RaftServerConfigKeys (ConfUtils.java:logGet(46)) - raft.server.rpc.timeout.max = 5200ms (custom)
2023-04-27 06:11:53,316 [pool-123-thread-1] INFO  server.RaftServerConfigKeys (ConfUtils.java:logGet(46)) - raft.server.rpc.sleep.time = 25ms (default)
2023-04-27 06:11:53,316 [pool-123-thread-1] INFO  server.RaftServerConfigKeys (ConfUtils.java:logGet(46)) - raft.server.rpc.slowness.timeout = 300000ms (custom)
2023-04-27 06:11:53,316 [pool-123-thread-1] INFO  server.RaftServerConfigKeys (ConfUtils.java:logGet(46)) - raft.server.leaderelection.leader.step-down.wait-time = 10s (default)
2023-04-27 06:11:53,316 [pool-123-thread-1] INFO  server.RaftServerConfigKeys (ConfUtils.java:logGet(46)) - raft.server.sleep.deviation.threshold = 300ms (default)
2023-04-27 06:11:53,316 [pool-123-thread-1] INFO  server.RaftServer$Division (ServerState.java:<init>(118)) - d3795bd6-5a77-4d2d-9b17-a3a54c2e679f@group-0040F47B0831: ConfigurationManager, init=-1: peers:[d3795bd6-5a77-4d2d-9b17-a3a54c2e679f|rpc:10.1.0.34:37857|dataStream:10.1.0.34:39621|priority:0|startupRole:FOLLOWER, 9e79f7cb-e4c5-47cb-aa46-b66eba433fb4|rpc:10.1.0.34:37175|dataStream:10.1.0.34:43331|priority:0|startupRole:FOLLOWER, d854720a-bbe5-47c1-a40c-d7c4a462ec23|rpc:10.1.0.34:37589|dataStream:10.1.0.34:34327|priority:1|startupRole:FOLLOWER]|listeners:[], old=null, confs=<EMPTY_MAP>
2023-04-27 06:11:53,317 [pool-123-thread-1] INFO  server.RaftServerConfigKeys (ConfUtils.java:logGet(46)) - raft.server.storage.dir = [/home/runner/work/ozone/ozone/hadoop-ozone/integration-test/target/test-dir/MiniOzoneClusterImpl-b7159a92-b125-4b28-96e0-478247ce15d0/datanode-2/data/ratis] (custom)
2023-04-27 06:11:53,317 [pool-123-thread-1] INFO  server.RaftServerConfigKeys (ConfUtils.java:logGet(46)) - raft.server.log.corruption.policy = EXCEPTION (default)
2023-04-27 06:11:53,317 [pool-123-thread-1] INFO  server.RaftServerConfigKeys (ConfUtils.java:logGet(46)) - raft.server.storage.free-space.min = 0MB (=0) (default)
2023-04-27 06:11:53,317 [pool-123-thread-1] INFO  server.RaftServerConfigKeys (ConfUtils.java:logGet(46)) - raft.server.notification.no-leader.timeout = 300000ms (custom)
2023-04-27 06:11:53,317 [pool-123-thread-1] INFO  server.RaftServerConfigKeys (ConfUtils.java:logGet(46)) - raft.server.retrycache.expirytime = 600000ms (custom)
2023-04-27 06:11:53,317 [pool-123-thread-1] INFO  server.RaftServerConfigKeys (ConfUtils.java:logGet(46)) - raft.server.retrycache.statistics.expirytime = 100μs (default)
2023-04-27 06:11:53,325 [pool-123-thread-1] INFO  server.RaftServerConfigKeys (ConfUtils.java:logGet(46)) - raft.server.log.appender.install.snapshot.enabled = false (custom)
2023-04-27 06:11:53,325 [pool-123-thread-1] INFO  server.RaftServerConfigKeys (ConfUtils.java:logGet(46)) - raft.server.threadpool.server.cached = true (default)
2023-04-27 06:11:53,325 [pool-123-thread-1] INFO  server.RaftServerConfigKeys (ConfUtils.java:logGet(46)) - raft.server.threadpool.server.size = 0 (default)
2023-04-27 06:11:53,325 [pool-123-thread-1] INFO  server.RaftServerConfigKeys (ConfUtils.java:logGet(46)) - raft.server.threadpool.client.cached = true (default)
2023-04-27 06:11:53,325 [pool-123-thread-1] INFO  server.RaftServerConfigKeys (ConfUtils.java:logGet(46)) - raft.server.threadpool.client.size = 0 (default)
2023-04-27 06:11:53,325 [pool-123-thread-1] INFO  storage.RaftStorageDirectory (RaftStorageDirectoryImpl.java:analyzeStorage(137)) - The storage directory /home/runner/work/ozone/ozone/hadoop-ozone/integration-test/target/test-dir/MiniOzoneClusterImpl-b7159a92-b125-4b28-96e0-478247ce15d0/datanode-2/data/ratis/87caa493-e419-4913-b34c-0040f47b0831 does not exist. Creating ...
2023-04-27 06:11:53,327 [pool-123-thread-1] INFO  storage.RaftStorageDirectory (RaftStorageDirectoryImpl.java:tryLock(231)) - Lock on /home/runner/work/ozone/ozone/hadoop-ozone/integration-test/target/test-dir/MiniOzoneClusterImpl-b7159a92-b125-4b28-96e0-478247ce15d0/datanode-2/data/ratis/87caa493-e419-4913-b34c-0040f47b0831/in_use.lock acquired by nodename 37755@fv-az220-795
2023-04-27 06:11:53,328 [pool-123-thread-1] INFO  storage.RaftStorage (RaftStorageImpl.java:format(96)) - Storage directory /home/runner/work/ozone/ozone/hadoop-ozone/integration-test/target/test-dir/MiniOzoneClusterImpl-b7159a92-b125-4b28-96e0-478247ce15d0/datanode-2/data/ratis/87caa493-e419-4913-b34c-0040f47b0831 has been successfully formatted.
2023-04-27 06:11:53,330 [pool-123-thread-1] INFO  ratis.ContainerStateMachine (ContainerStateMachine.java:loadSnapshot(262)) - group-0040F47B0831: The snapshot info is null. Setting the last applied indexto:(t:0, i:~)
2023-04-27 06:11:53,333 [pool-123-thread-1] INFO  server.RaftServerConfigKeys (ConfUtils.java:logGet(46)) - raft.server.log.use.memory = false (default)
2023-04-27 06:11:53,335 [pool-123-thread-1] INFO  server.RaftServerConfigKeys (ConfUtils.java:logGet(46)) - raft.server.log.purge.gap = 1000000 (custom)
2023-04-27 06:11:53,335 [pool-123-thread-1] INFO  server.RaftServerConfigKeys (ConfUtils.java:logGet(46)) - raft.server.log.appender.buffer.byte-limit = 33554432 (custom)
2023-04-27 06:11:53,335 [pool-123-thread-1] INFO  server.RaftServerConfigKeys (ConfUtils.java:logGet(46)) - raft.server.log.statemachine.data.read.timeout = 1000ms (default)
2023-04-27 06:11:53,335 [pool-123-thread-1] INFO  server.RaftServerConfigKeys (ConfUtils.java:logGet(46)) - raft.server.log.purge.preservation.log.num = 0 (default)
2023-04-27 06:11:53,336 [pool-123-thread-1] INFO  server.RaftServerConfigKeys (ConfUtils.java:logGet(46)) - raft.server.log.segment.size.max = 1048576 (custom)
2023-04-27 06:11:53,337 [pool-123-thread-1] INFO  server.RaftServerConfigKeys (ConfUtils.java:logGet(46)) - raft.server.log.segment.cache.num.max = 2 (custom)
2023-04-27 06:11:53,339 [pool-123-thread-1] INFO  server.RaftServerConfigKeys (ConfUtils.java:logGet(46)) - raft.server.log.segment.cache.size.max = 200MB (=209715200) (default)
2023-04-27 06:11:53,339 [pool-123-thread-1] INFO  segmented.SegmentedRaftLogWorker (SegmentedRaftLogWorker.java:<init>(189)) - new d3795bd6-5a77-4d2d-9b17-a3a54c2e679f@group-0040F47B0831-SegmentedRaftLogWorker for RaftStorageImpl:Storage Directory /home/runner/work/ozone/ozone/hadoop-ozone/integration-test/target/test-dir/MiniOzoneClusterImpl-b7159a92-b125-4b28-96e0-478247ce15d0/datanode-2/data/ratis/87caa493-e419-4913-b34c-0040f47b0831
2023-04-27 06:11:53,339 [pool-123-thread-1] INFO  server.RaftServerConfigKeys (ConfUtils.java:logGet(46)) - raft.server.log.queue.byte-limit = 4294967296 (custom)
2023-04-27 06:11:53,339 [pool-123-thread-1] INFO  server.RaftServerConfigKeys (ConfUtils.java:logGet(46)) - raft.server.log.queue.element-limit = 1024 (custom)
2023-04-27 06:11:53,339 [pool-123-thread-1] INFO  server.RaftServerConfigKeys (ConfUtils.java:logGet(46)) - raft.server.log.segment.size.max = 1048576 (custom)
2023-04-27 06:11:53,339 [pool-123-thread-1] INFO  server.RaftServerConfigKeys (ConfUtils.java:logGet(46)) - raft.server.log.preallocated.size = 16384 (custom)
2023-04-27 06:11:53,339 [pool-123-thread-1] INFO  server.RaftServerConfigKeys (ConfUtils.java:logGet(46)) - raft.server.log.force.sync.num = 128 (default)
2023-04-27 06:11:53,339 [pool-123-thread-1] INFO  server.RaftServerConfigKeys (ConfUtils.java:logGet(46)) - raft.server.log.statemachine.data.sync = true (default)
2023-04-27 06:11:53,339 [pool-123-thread-1] INFO  server.RaftServerConfigKeys (ConfUtils.java:logGet(46)) - raft.server.log.statemachine.data.sync.timeout = 10s (default)
2023-04-27 06:11:53,339 [pool-123-thread-1] INFO  server.RaftServerConfigKeys (ConfUtils.java:logGet(46)) - raft.server.log.statemachine.data.sync.timeout.retry = -1 (default)
2023-04-27 06:11:53,342 [pool-123-thread-1] INFO  server.RaftServerConfigKeys (ConfUtils.java:logGet(46)) - raft.server.log.write.buffer.size = 1048576 (custom)
2023-04-27 06:11:53,343 [pool-123-thread-1] INFO  server.RaftServerConfigKeys (ConfUtils.java:logGet(46)) - raft.server.log.appender.buffer.byte-limit = 33554432 (custom)
2023-04-27 06:11:53,348 [pool-123-thread-1] INFO  server.RaftServerConfigKeys (ConfUtils.java:logGet(46)) - raft.server.log.unsafe-flush.enabled = false (default)
2023-04-27 06:11:53,348 [pool-123-thread-1] INFO  server.RaftServerConfigKeys (ConfUtils.java:logGet(46)) - raft.server.log.async-flush.enabled = false (default)
2023-04-27 06:11:53,348 [pool-123-thread-1] INFO  server.RaftServerConfigKeys (ConfUtils.java:logGet(46)) - raft.server.log.statemachine.data.caching.enabled = true (custom)
2023-04-27 06:11:53,349 [pool-123-thread-1] INFO  segmented.SegmentedRaftLogWorker (SegmentedRaftLogWorker.java:lambda$new$0(135)) - d3795bd6-5a77-4d2d-9b17-a3a54c2e679f@group-0040F47B0831-SegmentedRaftLogWorker: flushIndex: setUnconditionally 0 -> -1
2023-04-27 06:11:53,349 [pool-123-thread-1] INFO  segmented.SegmentedRaftLogWorker (SegmentedRaftLogWorker.java:lambda$new$0(135)) - d3795bd6-5a77-4d2d-9b17-a3a54c2e679f@group-0040F47B0831-SegmentedRaftLogWorker: safeCacheEvictIndex: setUnconditionally 0 -> -1
2023-04-27 06:11:53,349 [pool-123-thread-1] INFO  server.RaftServer$Division (RaftServerImpl.java:start(334)) - d3795bd6-5a77-4d2d-9b17-a3a54c2e679f@group-0040F47B0831: start as a follower, conf=-1: peers:[d3795bd6-5a77-4d2d-9b17-a3a54c2e679f|rpc:10.1.0.34:37857|dataStream:10.1.0.34:39621|priority:0|startupRole:FOLLOWER, 9e79f7cb-e4c5-47cb-aa46-b66eba433fb4|rpc:10.1.0.34:37175|dataStream:10.1.0.34:43331|priority:0|startupRole:FOLLOWER, d854720a-bbe5-47c1-a40c-d7c4a462ec23|rpc:10.1.0.34:37589|dataStream:10.1.0.34:34327|priority:1|startupRole:FOLLOWER]|listeners:[], old=null
2023-04-27 06:11:53,349 [pool-123-thread-1] INFO  server.RaftServer$Division (RaftServerImpl.java:setRole(321)) - d3795bd6-5a77-4d2d-9b17-a3a54c2e679f@group-0040F47B0831: changes role from      null to FOLLOWER at term 0 for startAsFollower
2023-04-27 06:11:53,349 [pool-123-thread-1] INFO  impl.RoleInfo (RoleInfo.java:updateAndGet(139)) - d3795bd6-5a77-4d2d-9b17-a3a54c2e679f: start d3795bd6-5a77-4d2d-9b17-a3a54c2e679f@group-0040F47B0831-FollowerState
2023-04-27 06:11:53,358 [d3795bd6-5a77-4d2d-9b17-a3a54c2e679f@group-0040F47B0831-FollowerState] INFO  server.RaftServerConfigKeys (ConfUtils.java:logFallback(53)) - raft.server.rpc.first-election.timeout.min = 5s (fallback to raft.server.rpc.timeout.min)
2023-04-27 06:11:53,350 [pool-123-thread-1] INFO  util.JmxRegister (JmxRegister.java:tryRegister(44)) - Successfully registered JMX Bean with object name Ratis:service=RaftServer,group=group-0040F47B0831,id=d3795bd6-5a77-4d2d-9b17-a3a54c2e679f
2023-04-27 06:11:53,358 [pool-123-thread-1] INFO  server.RaftServerConfigKeys (ConfUtils.java:logGet(46)) - raft.server.snapshot.auto.trigger.enabled = true (custom)
2023-04-27 06:11:53,358 [pool-123-thread-1] INFO  server.RaftServerConfigKeys (ConfUtils.java:logGet(46)) - raft.server.snapshot.auto.trigger.threshold = 10000 (custom)
2023-04-27 06:11:53,359 [pool-123-thread-1] INFO  server.RaftServerConfigKeys (ConfUtils.java:logGet(46)) - raft.server.snapshot.retention.file.num = 5 (custom)
2023-04-27 06:11:53,359 [pool-123-thread-1] INFO  server.RaftServerConfigKeys (ConfUtils.java:logGet(46)) - raft.server.log.purge.upto.snapshot.index = false (default)
2023-04-27 06:11:53,360 [d3795bd6-5a77-4d2d-9b17-a3a54c2e679f@group-0040F47B0831-FollowerState] INFO  server.RaftServerConfigKeys (ConfUtils.java:logFallback(53)) - raft.server.rpc.first-election.timeout.max = 5200ms (fallback to raft.server.rpc.timeout.max)
2023-04-27 06:11:53,372 [Command processor thread] INFO  server.RaftServer (RaftServerProxy.java:addNew(96)) - 9e79f7cb-e4c5-47cb-aa46-b66eba433fb4: addNew group-065AB5B53432:[9e79f7cb-e4c5-47cb-aa46-b66eba433fb4|rpc:10.1.0.34:37175|dataStream:10.1.0.34:43331|priority:1|startupRole:FOLLOWER] returns group-065AB5B53432:java.util.concurrent.CompletableFuture@26a9ea97[Not completed]
2023-04-27 06:11:53,394 [pool-101-thread-1] INFO  server.RaftServer$Division (RaftServerImpl.java:<init>(195)) - 9e79f7cb-e4c5-47cb-aa46-b66eba433fb4: new RaftServerImpl for group-065AB5B53432:[9e79f7cb-e4c5-47cb-aa46-b66eba433fb4|rpc:10.1.0.34:37175|dataStream:10.1.0.34:43331|priority:1|startupRole:FOLLOWER] with ContainerStateMachine:uninitialized
2023-04-27 06:11:53,394 [pool-101-thread-1] INFO  server.RaftServerConfigKeys (ConfUtils.java:logGet(46)) - raft.server.rpc.timeout.min = 5s (custom)
2023-04-27 06:11:53,394 [pool-101-thread-1] INFO  server.RaftServerConfigKeys (ConfUtils.java:logGet(46)) - raft.server.rpc.timeout.max = 5200ms (custom)
2023-04-27 06:11:53,394 [pool-101-thread-1] INFO  server.RaftServerConfigKeys (ConfUtils.java:logGet(46)) - raft.server.rpc.sleep.time = 25ms (default)
2023-04-27 06:11:53,394 [pool-101-thread-1] INFO  server.RaftServerConfigKeys (ConfUtils.java:logGet(46)) - raft.server.rpc.slowness.timeout = 300000ms (custom)
2023-04-27 06:11:53,394 [pool-101-thread-1] INFO  server.RaftServerConfigKeys (ConfUtils.java:logGet(46)) - raft.server.leaderelection.leader.step-down.wait-time = 10s (default)
2023-04-27 06:11:53,394 [pool-101-thread-1] INFO  server.RaftServerConfigKeys (ConfUtils.java:logGet(46)) - raft.server.sleep.deviation.threshold = 300ms (default)
2023-04-27 06:11:53,394 [pool-101-thread-1] INFO  server.RaftServer$Division (ServerState.java:<init>(118)) - 9e79f7cb-e4c5-47cb-aa46-b66eba433fb4@group-065AB5B53432: ConfigurationManager, init=-1: peers:[9e79f7cb-e4c5-47cb-aa46-b66eba433fb4|rpc:10.1.0.34:37175|dataStream:10.1.0.34:43331|priority:1|startupRole:FOLLOWER]|listeners:[], old=null, confs=<EMPTY_MAP>
2023-04-27 06:11:53,395 [pool-101-thread-1] INFO  server.RaftServerConfigKeys (ConfUtils.java:logGet(46)) - raft.server.storage.dir = [/home/runner/work/ozone/ozone/hadoop-ozone/integration-test/target/test-dir/MiniOzoneClusterImpl-b7159a92-b125-4b28-96e0-478247ce15d0/datanode-1/data/ratis] (custom)
2023-04-27 06:11:53,395 [pool-101-thread-1] INFO  server.RaftServerConfigKeys (ConfUtils.java:logGet(46)) - raft.server.log.corruption.policy = EXCEPTION (default)
2023-04-27 06:11:53,395 [pool-101-thread-1] INFO  server.RaftServerConfigKeys (ConfUtils.java:logGet(46)) - raft.server.storage.free-space.min = 0MB (=0) (default)
2023-04-27 06:11:53,395 [pool-101-thread-1] INFO  server.RaftServerConfigKeys (ConfUtils.java:logGet(46)) - raft.server.notification.no-leader.timeout = 300000ms (custom)
2023-04-27 06:11:53,395 [pool-101-thread-1] INFO  server.RaftServerConfigKeys (ConfUtils.java:logGet(46)) - raft.server.retrycache.expirytime = 600000ms (custom)
2023-04-27 06:11:53,395 [pool-101-thread-1] INFO  server.RaftServerConfigKeys (ConfUtils.java:logGet(46)) - raft.server.retrycache.statistics.expirytime = 100μs (default)
2023-04-27 06:11:53,400 [pool-101-thread-1] INFO  server.RaftServerConfigKeys (ConfUtils.java:logGet(46)) - raft.server.log.appender.install.snapshot.enabled = false (custom)
2023-04-27 06:11:53,401 [pool-101-thread-1] INFO  server.RaftServerConfigKeys (ConfUtils.java:logGet(46)) - raft.server.threadpool.server.cached = true (default)
2023-04-27 06:11:53,401 [pool-101-thread-1] INFO  server.RaftServerConfigKeys (ConfUtils.java:logGet(46)) - raft.server.threadpool.server.size = 0 (default)
2023-04-27 06:11:53,401 [pool-101-thread-1] INFO  server.RaftServerConfigKeys (ConfUtils.java:logGet(46)) - raft.server.threadpool.client.cached = true (default)
2023-04-27 06:11:53,401 [pool-101-thread-1] INFO  server.RaftServerConfigKeys (ConfUtils.java:logGet(46)) - raft.server.threadpool.client.size = 0 (default)
2023-04-27 06:11:53,401 [pool-101-thread-1] INFO  storage.RaftStorageDirectory (RaftStorageDirectoryImpl.java:analyzeStorage(137)) - The storage directory /home/runner/work/ozone/ozone/hadoop-ozone/integration-test/target/test-dir/MiniOzoneClusterImpl-b7159a92-b125-4b28-96e0-478247ce15d0/datanode-1/data/ratis/4750ff24-964b-44da-ad39-065ab5b53432 does not exist. Creating ...
2023-04-27 06:11:53,402 [pool-101-thread-1] INFO  storage.RaftStorageDirectory (RaftStorageDirectoryImpl.java:tryLock(231)) - Lock on /home/runner/work/ozone/ozone/hadoop-ozone/integration-test/target/test-dir/MiniOzoneClusterImpl-b7159a92-b125-4b28-96e0-478247ce15d0/datanode-1/data/ratis/4750ff24-964b-44da-ad39-065ab5b53432/in_use.lock acquired by nodename 37755@fv-az220-795
2023-04-27 06:11:53,404 [pool-101-thread-1] INFO  storage.RaftStorage (RaftStorageImpl.java:format(96)) - Storage directory /home/runner/work/ozone/ozone/hadoop-ozone/integration-test/target/test-dir/MiniOzoneClusterImpl-b7159a92-b125-4b28-96e0-478247ce15d0/datanode-1/data/ratis/4750ff24-964b-44da-ad39-065ab5b53432 has been successfully formatted.
2023-04-27 06:11:53,405 [pool-101-thread-1] INFO  ratis.ContainerStateMachine (ContainerStateMachine.java:loadSnapshot(262)) - group-065AB5B53432: The snapshot info is null. Setting the last applied indexto:(t:0, i:~)
2023-04-27 06:11:53,405 [pool-101-thread-1] INFO  server.RaftServerConfigKeys (ConfUtils.java:logGet(46)) - raft.server.log.use.memory = false (default)
2023-04-27 06:11:53,405 [pool-101-thread-1] INFO  server.RaftServerConfigKeys (ConfUtils.java:logGet(46)) - raft.server.log.purge.gap = 1000000 (custom)
2023-04-27 06:11:53,405 [pool-101-thread-1] INFO  server.RaftServerConfigKeys (ConfUtils.java:logGet(46)) - raft.server.log.appender.buffer.byte-limit = 33554432 (custom)
2023-04-27 06:11:53,405 [pool-101-thread-1] INFO  server.RaftServerConfigKeys (ConfUtils.java:logGet(46)) - raft.server.log.statemachine.data.read.timeout = 1000ms (default)
2023-04-27 06:11:53,405 [pool-101-thread-1] INFO  server.RaftServerConfigKeys (ConfUtils.java:logGet(46)) - raft.server.log.purge.preservation.log.num = 0 (default)
2023-04-27 06:11:53,405 [pool-101-thread-1] INFO  server.RaftServerConfigKeys (ConfUtils.java:logGet(46)) - raft.server.log.segment.size.max = 1048576 (custom)
2023-04-27 06:11:53,411 [EventQueue-PipelineReportForPipelineReportHandler] INFO  pipeline.PipelineManagerImpl (PipelineManagerImpl.java:openPipeline(367)) - Pipeline Pipeline[ Id: 4750ff24-964b-44da-ad39-065ab5b53432, Nodes: 9e79f7cb-e4c5-47cb-aa46-b66eba433fb4(fv-az220-795.shdwizndlbjulinwhzhdmup5sb.jx.internal.cloudapp.net/10.1.0.34), ReplicationConfig: RATIS/ONE, State:ALLOCATED, leaderId:9e79f7cb-e4c5-47cb-aa46-b66eba433fb4, CreationTimestamp2023-04-27T06:11:50.369Z[Etc/UTC]] moved to OPEN state
2023-04-27 06:11:53,412 [EventQueue-OpenPipelineForHealthyPipelineSafeModeRule] INFO  safemode.SCMSafeModeManager (HealthyPipelineSafeModeRule.java:process(137)) - SCM in safe mode. Healthy pipelines reported count is 0, required healthy pipeline reported count is 1
2023-04-27 06:11:53,413 [pool-101-thread-1] INFO  server.RaftServerConfigKeys (ConfUtils.java:logGet(46)) - raft.server.log.segment.cache.num.max = 2 (custom)
2023-04-27 06:11:53,413 [pool-101-thread-1] INFO  server.RaftServerConfigKeys (ConfUtils.java:logGet(46)) - raft.server.log.segment.cache.size.max = 200MB (=209715200) (default)
2023-04-27 06:11:53,413 [pool-101-thread-1] INFO  segmented.SegmentedRaftLogWorker (SegmentedRaftLogWorker.java:<init>(189)) - new 9e79f7cb-e4c5-47cb-aa46-b66eba433fb4@group-065AB5B53432-SegmentedRaftLogWorker for RaftStorageImpl:Storage Directory /home/runner/work/ozone/ozone/hadoop-ozone/integration-test/target/test-dir/MiniOzoneClusterImpl-b7159a92-b125-4b28-96e0-478247ce15d0/datanode-1/data/ratis/4750ff24-964b-44da-ad39-065ab5b53432
2023-04-27 06:11:53,413 [pool-101-thread-1] INFO  server.RaftServerConfigKeys (ConfUtils.java:logGet(46)) - raft.server.log.queue.byte-limit = 4294967296 (custom)
2023-04-27 06:11:53,413 [pool-101-thread-1] INFO  server.RaftServerConfigKeys (ConfUtils.java:logGet(46)) - raft.server.log.queue.element-limit = 1024 (custom)
2023-04-27 06:11:53,413 [pool-101-thread-1] INFO  server.RaftServerConfigKeys (ConfUtils.java:logGet(46)) - raft.server.log.segment.size.max = 1048576 (custom)
2023-04-27 06:11:53,413 [pool-101-thread-1] INFO  server.RaftServerConfigKeys (ConfUtils.java:logGet(46)) - raft.server.log.preallocated.size = 16384 (custom)
2023-04-27 06:11:53,413 [pool-101-thread-1] INFO  server.RaftServerConfigKeys (ConfUtils.java:logGet(46)) - raft.server.log.force.sync.num = 128 (default)
2023-04-27 06:11:53,413 [pool-101-thread-1] INFO  server.RaftServerConfigKeys (ConfUtils.java:logGet(46)) - raft.server.log.statemachine.data.sync = true (default)
2023-04-27 06:11:53,413 [pool-101-thread-1] INFO  server.RaftServerConfigKeys (ConfUtils.java:logGet(46)) - raft.server.log.statemachine.data.sync.timeout = 10s (default)
2023-04-27 06:11:53,413 [pool-101-thread-1] INFO  server.RaftServerConfigKeys (ConfUtils.java:logGet(46)) - raft.server.log.statemachine.data.sync.timeout.retry = -1 (default)
2023-04-27 06:11:53,414 [pool-101-thread-1] INFO  server.RaftServerConfigKeys (ConfUtils.java:logGet(46)) - raft.server.log.write.buffer.size = 1048576 (custom)
2023-04-27 06:11:53,415 [pool-101-thread-1] INFO  server.RaftServerConfigKeys (ConfUtils.java:logGet(46)) - raft.server.log.appender.buffer.byte-limit = 33554432 (custom)
2023-04-27 06:11:53,438 [pool-101-thread-1] INFO  server.RaftServerConfigKeys (ConfUtils.java:logGet(46)) - raft.server.log.unsafe-flush.enabled = false (default)
2023-04-27 06:11:53,438 [pool-101-thread-1] INFO  server.RaftServerConfigKeys (ConfUtils.java:logGet(46)) - raft.server.log.async-flush.enabled = false (default)
2023-04-27 06:11:53,438 [pool-101-thread-1] INFO  server.RaftServerConfigKeys (ConfUtils.java:logGet(46)) - raft.server.log.statemachine.data.caching.enabled = true (custom)
2023-04-27 06:11:53,438 [pool-101-thread-1] INFO  segmented.SegmentedRaftLogWorker (SegmentedRaftLogWorker.java:lambda$new$0(135)) - 9e79f7cb-e4c5-47cb-aa46-b66eba433fb4@group-065AB5B53432-SegmentedRaftLogWorker: flushIndex: setUnconditionally 0 -> -1
2023-04-27 06:11:53,439 [pool-101-thread-1] INFO  segmented.SegmentedRaftLogWorker (SegmentedRaftLogWorker.java:lambda$new$0(135)) - 9e79f7cb-e4c5-47cb-aa46-b66eba433fb4@group-065AB5B53432-SegmentedRaftLogWorker: safeCacheEvictIndex: setUnconditionally 0 -> -1
2023-04-27 06:11:53,450 [pool-101-thread-1] INFO  server.RaftServer$Division (RaftServerImpl.java:start(334)) - 9e79f7cb-e4c5-47cb-aa46-b66eba433fb4@group-065AB5B53432: start as a follower, conf=-1: peers:[9e79f7cb-e4c5-47cb-aa46-b66eba433fb4|rpc:10.1.0.34:37175|dataStream:10.1.0.34:43331|priority:1|startupRole:FOLLOWER]|listeners:[], old=null
2023-04-27 06:11:53,451 [pool-101-thread-1] INFO  server.RaftServer$Division (RaftServerImpl.java:setRole(321)) - 9e79f7cb-e4c5-47cb-aa46-b66eba433fb4@group-065AB5B53432: changes role from      null to FOLLOWER at term 0 for startAsFollower
2023-04-27 06:11:53,451 [pool-101-thread-1] INFO  impl.RoleInfo (RoleInfo.java:updateAndGet(139)) - 9e79f7cb-e4c5-47cb-aa46-b66eba433fb4: start 9e79f7cb-e4c5-47cb-aa46-b66eba433fb4@group-065AB5B53432-FollowerState
2023-04-27 06:11:53,454 [pool-101-thread-1] INFO  util.JmxRegister (JmxRegister.java:tryRegister(44)) - Successfully registered JMX Bean with object name Ratis:service=RaftServer,group=group-065AB5B53432,id=9e79f7cb-e4c5-47cb-aa46-b66eba433fb4
2023-04-27 06:11:53,454 [pool-101-thread-1] INFO  server.RaftServerConfigKeys (ConfUtils.java:logGet(46)) - raft.server.snapshot.auto.trigger.enabled = true (custom)
2023-04-27 06:11:53,454 [pool-101-thread-1] INFO  server.RaftServerConfigKeys (ConfUtils.java:logGet(46)) - raft.server.snapshot.auto.trigger.threshold = 10000 (custom)
2023-04-27 06:11:53,454 [pool-101-thread-1] INFO  server.RaftServerConfigKeys (ConfUtils.java:logGet(46)) - raft.server.snapshot.retention.file.num = 5 (custom)
2023-04-27 06:11:53,454 [pool-101-thread-1] INFO  server.RaftServerConfigKeys (ConfUtils.java:logGet(46)) - raft.server.log.purge.upto.snapshot.index = false (default)
2023-04-27 06:11:53,455 [9e79f7cb-e4c5-47cb-aa46-b66eba433fb4@group-065AB5B53432-FollowerState] INFO  server.RaftServerConfigKeys (ConfUtils.java:logFallback(53)) - raft.server.rpc.first-election.timeout.min = 5s (fallback to raft.server.rpc.timeout.min)
2023-04-27 06:11:53,455 [9e79f7cb-e4c5-47cb-aa46-b66eba433fb4@group-065AB5B53432-FollowerState] INFO  server.RaftServerConfigKeys (ConfUtils.java:logFallback(53)) - raft.server.rpc.first-election.timeout.max = 5200ms (fallback to raft.server.rpc.timeout.max)
2023-04-27 06:11:53,463 [Command processor thread] INFO  ratis.XceiverServerRatis (XceiverServerRatis.java:addGroup(806)) - Created group PipelineID=4750ff24-964b-44da-ad39-065ab5b53432
2023-04-27 06:11:53,463 [Command processor thread] INFO  commandhandler.CreatePipelineCommandHandler (CreatePipelineCommandHandler.java:handle(113)) - Created Pipeline RATIS ONE PipelineID=4750ff24-964b-44da-ad39-065ab5b53432.
2023-04-27 06:11:53,472 [Command processor thread] INFO  server.RaftServer (RaftServerProxy.java:addNew(96)) - 9e79f7cb-e4c5-47cb-aa46-b66eba433fb4: addNew group-0040F47B0831:[d3795bd6-5a77-4d2d-9b17-a3a54c2e679f|rpc:10.1.0.34:37857|dataStream:10.1.0.34:39621|priority:0|startupRole:FOLLOWER, 9e79f7cb-e4c5-47cb-aa46-b66eba433fb4|rpc:10.1.0.34:37175|dataStream:10.1.0.34:43331|priority:0|startupRole:FOLLOWER, d854720a-bbe5-47c1-a40c-d7c4a462ec23|rpc:10.1.0.34:37589|dataStream:10.1.0.34:34327|priority:1|startupRole:FOLLOWER] returns group-0040F47B0831:java.util.concurrent.CompletableFuture@22967a9a[Not completed]
2023-04-27 06:11:53,478 [pool-101-thread-1] INFO  server.RaftServer$Division (RaftServerImpl.java:<init>(195)) - 9e79f7cb-e4c5-47cb-aa46-b66eba433fb4: new RaftServerImpl for group-0040F47B0831:[d3795bd6-5a77-4d2d-9b17-a3a54c2e679f|rpc:10.1.0.34:37857|dataStream:10.1.0.34:39621|priority:0|startupRole:FOLLOWER, 9e79f7cb-e4c5-47cb-aa46-b66eba433fb4|rpc:10.1.0.34:37175|dataStream:10.1.0.34:43331|priority:0|startupRole:FOLLOWER, d854720a-bbe5-47c1-a40c-d7c4a462ec23|rpc:10.1.0.34:37589|dataStream:10.1.0.34:34327|priority:1|startupRole:FOLLOWER] with ContainerStateMachine:uninitialized
2023-04-27 06:11:53,478 [pool-101-thread-1] INFO  server.RaftServerConfigKeys (ConfUtils.java:logGet(46)) - raft.server.rpc.timeout.min = 5s (custom)
2023-04-27 06:11:53,478 [pool-101-thread-1] INFO  server.RaftServerConfigKeys (ConfUtils.java:logGet(46)) - raft.server.rpc.timeout.max = 5200ms (custom)
2023-04-27 06:11:53,478 [pool-101-thread-1] INFO  server.RaftServerConfigKeys (ConfUtils.java:logGet(46)) - raft.server.rpc.sleep.time = 25ms (default)
2023-04-27 06:11:53,478 [pool-101-thread-1] INFO  server.RaftServerConfigKeys (ConfUtils.java:logGet(46)) - raft.server.rpc.slowness.timeout = 300000ms (custom)
2023-04-27 06:11:53,478 [pool-101-thread-1] INFO  server.RaftServerConfigKeys (ConfUtils.java:logGet(46)) - raft.server.leaderelection.leader.step-down.wait-time = 10s (default)
2023-04-27 06:11:53,478 [pool-101-thread-1] INFO  server.RaftServerConfigKeys (ConfUtils.java:logGet(46)) - raft.server.sleep.deviation.threshold = 300ms (default)
2023-04-27 06:11:53,478 [pool-101-thread-1] INFO  server.RaftServer$Division (ServerState.java:<init>(118)) - 9e79f7cb-e4c5-47cb-aa46-b66eba433fb4@group-0040F47B0831: ConfigurationManager, init=-1: peers:[d3795bd6-5a77-4d2d-9b17-a3a54c2e679f|rpc:10.1.0.34:37857|dataStream:10.1.0.34:39621|priority:0|startupRole:FOLLOWER, 9e79f7cb-e4c5-47cb-aa46-b66eba433fb4|rpc:10.1.0.34:37175|dataStream:10.1.0.34:43331|priority:0|startupRole:FOLLOWER, d854720a-bbe5-47c1-a40c-d7c4a462ec23|rpc:10.1.0.34:37589|dataStream:10.1.0.34:34327|priority:1|startupRole:FOLLOWER]|listeners:[], old=null, confs=<EMPTY_MAP>
2023-04-27 06:11:53,478 [pool-101-thread-1] INFO  server.RaftServerConfigKeys (ConfUtils.java:logGet(46)) - raft.server.storage.dir = [/home/runner/work/ozone/ozone/hadoop-ozone/integration-test/target/test-dir/MiniOzoneClusterImpl-b7159a92-b125-4b28-96e0-478247ce15d0/datanode-1/data/ratis] (custom)
2023-04-27 06:11:53,478 [pool-101-thread-1] INFO  server.RaftServerConfigKeys (ConfUtils.java:logGet(46)) - raft.server.log.corruption.policy = EXCEPTION (default)
2023-04-27 06:11:53,478 [pool-101-thread-1] INFO  server.RaftServerConfigKeys (ConfUtils.java:logGet(46)) - raft.server.storage.free-space.min = 0MB (=0) (default)
2023-04-27 06:11:53,479 [pool-101-thread-1] INFO  server.RaftServerConfigKeys (ConfUtils.java:logGet(46)) - raft.server.notification.no-leader.timeout = 300000ms (custom)
2023-04-27 06:11:53,479 [pool-101-thread-1] INFO  server.RaftServerConfigKeys (ConfUtils.java:logGet(46)) - raft.server.retrycache.expirytime = 600000ms (custom)
2023-04-27 06:11:53,479 [pool-101-thread-1] INFO  server.RaftServerConfigKeys (ConfUtils.java:logGet(46)) - raft.server.retrycache.statistics.expirytime = 100μs (default)
2023-04-27 06:11:53,482 [pool-101-thread-1] INFO  server.RaftServerConfigKeys (ConfUtils.java:logGet(46)) - raft.server.log.appender.install.snapshot.enabled = false (custom)
2023-04-27 06:11:53,482 [pool-101-thread-1] INFO  server.RaftServerConfigKeys (ConfUtils.java:logGet(46)) - raft.server.threadpool.server.cached = true (default)
2023-04-27 06:11:53,482 [pool-101-thread-1] INFO  server.RaftServerConfigKeys (ConfUtils.java:logGet(46)) - raft.server.threadpool.server.size = 0 (default)
2023-04-27 06:11:53,482 [pool-101-thread-1] INFO  server.RaftServerConfigKeys (ConfUtils.java:logGet(46)) - raft.server.threadpool.client.cached = true (default)
2023-04-27 06:11:53,482 [pool-101-thread-1] INFO  server.RaftServerConfigKeys (ConfUtils.java:logGet(46)) - raft.server.threadpool.client.size = 0 (default)
2023-04-27 06:11:53,486 [pool-101-thread-1] INFO  storage.RaftStorageDirectory (RaftStorageDirectoryImpl.java:analyzeStorage(137)) - The storage directory /home/runner/work/ozone/ozone/hadoop-ozone/integration-test/target/test-dir/MiniOzoneClusterImpl-b7159a92-b125-4b28-96e0-478247ce15d0/datanode-1/data/ratis/87caa493-e419-4913-b34c-0040f47b0831 does not exist. Creating ...
2023-04-27 06:11:53,488 [pool-101-thread-1] INFO  storage.RaftStorageDirectory (RaftStorageDirectoryImpl.java:tryLock(231)) - Lock on /home/runner/work/ozone/ozone/hadoop-ozone/integration-test/target/test-dir/MiniOzoneClusterImpl-b7159a92-b125-4b28-96e0-478247ce15d0/datanode-1/data/ratis/87caa493-e419-4913-b34c-0040f47b0831/in_use.lock acquired by nodename 37755@fv-az220-795
2023-04-27 06:11:53,490 [pool-101-thread-1] INFO  storage.RaftStorage (RaftStorageImpl.java:format(96)) - Storage directory /home/runner/work/ozone/ozone/hadoop-ozone/integration-test/target/test-dir/MiniOzoneClusterImpl-b7159a92-b125-4b28-96e0-478247ce15d0/datanode-1/data/ratis/87caa493-e419-4913-b34c-0040f47b0831 has been successfully formatted.
2023-04-27 06:11:53,490 [pool-101-thread-1] INFO  ratis.ContainerStateMachine (ContainerStateMachine.java:loadSnapshot(262)) - group-0040F47B0831: The snapshot info is null. Setting the last applied indexto:(t:0, i:~)
2023-04-27 06:11:53,490 [pool-101-thread-1] INFO  server.RaftServerConfigKeys (ConfUtils.java:logGet(46)) - raft.server.log.use.memory = false (default)
2023-04-27 06:11:53,490 [pool-101-thread-1] INFO  server.RaftServerConfigKeys (ConfUtils.java:logGet(46)) - raft.server.log.purge.gap = 1000000 (custom)
2023-04-27 06:11:53,490 [pool-101-thread-1] INFO  server.RaftServerConfigKeys (ConfUtils.java:logGet(46)) - raft.server.log.appender.buffer.byte-limit = 33554432 (custom)
2023-04-27 06:11:53,491 [pool-101-thread-1] INFO  server.RaftServerConfigKeys (ConfUtils.java:logGet(46)) - raft.server.log.statemachine.data.read.timeout = 1000ms (default)
2023-04-27 06:11:53,491 [pool-101-thread-1] INFO  server.RaftServerConfigKeys (ConfUtils.java:logGet(46)) - raft.server.log.purge.preservation.log.num = 0 (default)
2023-04-27 06:11:53,491 [pool-101-thread-1] INFO  server.RaftServerConfigKeys (ConfUtils.java:logGet(46)) - raft.server.log.segment.size.max = 1048576 (custom)
2023-04-27 06:11:53,491 [pool-101-thread-1] INFO  server.RaftServerConfigKeys (ConfUtils.java:logGet(46)) - raft.server.log.segment.cache.num.max = 2 (custom)
2023-04-27 06:11:53,491 [pool-101-thread-1] INFO  server.RaftServerConfigKeys (ConfUtils.java:logGet(46)) - raft.server.log.segment.cache.size.max = 200MB (=209715200) (default)
2023-04-27 06:11:53,491 [pool-101-thread-1] INFO  segmented.SegmentedRaftLogWorker (SegmentedRaftLogWorker.java:<init>(189)) - new 9e79f7cb-e4c5-47cb-aa46-b66eba433fb4@group-0040F47B0831-SegmentedRaftLogWorker for RaftStorageImpl:Storage Directory /home/runner/work/ozone/ozone/hadoop-ozone/integration-test/target/test-dir/MiniOzoneClusterImpl-b7159a92-b125-4b28-96e0-478247ce15d0/datanode-1/data/ratis/87caa493-e419-4913-b34c-0040f47b0831
2023-04-27 06:11:53,491 [pool-101-thread-1] INFO  server.RaftServerConfigKeys (ConfUtils.java:logGet(46)) - raft.server.log.queue.byte-limit = 4294967296 (custom)
2023-04-27 06:11:53,491 [pool-101-thread-1] INFO  server.RaftServerConfigKeys (ConfUtils.java:logGet(46)) - raft.server.log.queue.element-limit = 1024 (custom)
2023-04-27 06:11:53,491 [pool-101-thread-1] INFO  server.RaftServerConfigKeys (ConfUtils.java:logGet(46)) - raft.server.log.segment.size.max = 1048576 (custom)
2023-04-27 06:11:53,492 [pool-101-thread-1] INFO  server.RaftServerConfigKeys (ConfUtils.java:logGet(46)) - raft.server.log.preallocated.size = 16384 (custom)
2023-04-27 06:11:53,492 [pool-101-thread-1] INFO  server.RaftServerConfigKeys (ConfUtils.java:logGet(46)) - raft.server.log.force.sync.num = 128 (default)
2023-04-27 06:11:53,492 [pool-101-thread-1] INFO  server.RaftServerConfigKeys (ConfUtils.java:logGet(46)) - raft.server.log.statemachine.data.sync = true (default)
2023-04-27 06:11:53,492 [pool-101-thread-1] INFO  server.RaftServerConfigKeys (ConfUtils.java:logGet(46)) - raft.server.log.statemachine.data.sync.timeout = 10s (default)
2023-04-27 06:11:53,492 [pool-101-thread-1] INFO  server.RaftServerConfigKeys (ConfUtils.java:logGet(46)) - raft.server.log.statemachine.data.sync.timeout.retry = -1 (default)
2023-04-27 06:11:53,493 [Listener at 127.0.0.1/44053] INFO  ozone.MiniOzoneClusterImpl (MiniOzoneClusterImpl.java:lambda$waitForClusterToBeReady$0(223)) - Nodes are ready. Got 5 of 5 DN Heartbeats.
2023-04-27 06:11:53,495 [Listener at 127.0.0.1/44053] INFO  ozone.MiniOzoneClusterImpl (MiniOzoneClusterImpl.java:lambda$waitForClusterToBeReady$0(226)) - Waiting for cluster to exit safe mode
2023-04-27 06:11:53,495 [Listener at 127.0.0.1/44053] INFO  ozone.MiniOzoneClusterImpl (MiniOzoneClusterImpl.java:lambda$waitForClusterToBeReady$0(228)) - SCM became leader
2023-04-27 06:11:53,496 [pool-101-thread-1] INFO  server.RaftServerConfigKeys (ConfUtils.java:logGet(46)) - raft.server.log.write.buffer.size = 1048576 (custom)
2023-04-27 06:11:53,504 [pool-101-thread-1] INFO  server.RaftServerConfigKeys (ConfUtils.java:logGet(46)) - raft.server.log.appender.buffer.byte-limit = 33554432 (custom)
2023-04-27 06:11:53,504 [EventQueue-OpenPipelineForHealthyPipelineSafeModeRule] INFO  safemode.SCMSafeModeManager (HealthyPipelineSafeModeRule.java:process(137)) - SCM in safe mode. Healthy pipelines reported count is 0, required healthy pipeline reported count is 1
2023-04-27 06:11:53,758 [JvmPauseMonitor5] WARN  util.JvmPauseMonitor (JvmPauseMonitor.java:detectPause(126)) - JvmPauseMonitor-cbdadb07-7074-46eb-a3e9-d1b6d1a4da2f: Detected pause in JVM or host machine (eg GC): pause of approximately 201870273ns.
GC pool 'PS MarkSweep' had collection(s): count=1 time=153ms
GC pool 'PS Scavenge' had collection(s): count=1 time=93ms
2023-04-27 06:11:53,754 [JvmPauseMonitor4] WARN  util.JvmPauseMonitor (JvmPauseMonitor.java:detectPause(126)) - JvmPauseMonitor-212d554a-1aad-4773-9d82-bb5fa0fa9f58: Detected pause in JVM or host machine (eg GC): pause of approximately 124827328ns.
GC pool 'PS MarkSweep' had collection(s): count=1 time=153ms
GC pool 'PS Scavenge' had collection(s): count=1 time=93ms
2023-04-27 06:11:53,754 [pool-123-thread-1] INFO  server.RaftServer$Division (RaftServerImpl.java:<init>(195)) - d3795bd6-5a77-4d2d-9b17-a3a54c2e679f: new RaftServerImpl for group-2366711E54EA:[d3795bd6-5a77-4d2d-9b17-a3a54c2e679f|rpc:10.1.0.34:37857|dataStream:10.1.0.34:39621|priority:1|startupRole:FOLLOWER] with ContainerStateMachine:uninitialized
2023-04-27 06:11:53,759 [pool-123-thread-1] INFO  server.RaftServerConfigKeys (ConfUtils.java:logGet(46)) - raft.server.rpc.timeout.min = 5s (custom)
2023-04-27 06:11:53,759 [pool-123-thread-1] INFO  server.RaftServerConfigKeys (ConfUtils.java:logGet(46)) - raft.server.rpc.timeout.max = 5200ms (custom)
2023-04-27 06:11:53,759 [pool-123-thread-1] INFO  server.RaftServerConfigKeys (ConfUtils.java:logGet(46)) - raft.server.rpc.sleep.time = 25ms (default)
2023-04-27 06:11:53,759 [pool-123-thread-1] INFO  server.RaftServerConfigKeys (ConfUtils.java:logGet(46)) - raft.server.rpc.slowness.timeout = 300000ms (custom)
2023-04-27 06:11:53,759 [pool-123-thread-1] INFO  server.RaftServerConfigKeys (ConfUtils.java:logGet(46)) - raft.server.leaderelection.leader.step-down.wait-time = 10s (default)
2023-04-27 06:11:53,759 [pool-123-thread-1] INFO  server.RaftServerConfigKeys (ConfUtils.java:logGet(46)) - raft.server.sleep.deviation.threshold = 300ms (default)
2023-04-27 06:11:53,759 [pool-123-thread-1] INFO  server.RaftServer$Division (ServerState.java:<init>(118)) - d3795bd6-5a77-4d2d-9b17-a3a54c2e679f@group-2366711E54EA: ConfigurationManager, init=-1: peers:[d3795bd6-5a77-4d2d-9b17-a3a54c2e679f|rpc:10.1.0.34:37857|dataStream:10.1.0.34:39621|priority:1|startupRole:FOLLOWER]|listeners:[], old=null, confs=<EMPTY_MAP>
2023-04-27 06:11:53,760 [pool-123-thread-1] INFO  server.RaftServerConfigKeys (ConfUtils.java:logGet(46)) - raft.server.storage.dir = [/home/runner/work/ozone/ozone/hadoop-ozone/integration-test/target/test-dir/MiniOzoneClusterImpl-b7159a92-b125-4b28-96e0-478247ce15d0/datanode-2/data/ratis] (custom)
2023-04-27 06:11:53,760 [pool-123-thread-1] INFO  server.RaftServerConfigKeys (ConfUtils.java:logGet(46)) - raft.server.log.corruption.policy = EXCEPTION (default)
2023-04-27 06:11:53,760 [pool-123-thread-1] INFO  server.RaftServerConfigKeys (ConfUtils.java:logGet(46)) - raft.server.storage.free-space.min = 0MB (=0) (default)
2023-04-27 06:11:53,760 [pool-123-thread-1] INFO  server.RaftServerConfigKeys (ConfUtils.java:logGet(46)) - raft.server.notification.no-leader.timeout = 300000ms (custom)
2023-04-27 06:11:53,760 [pool-123-thread-1] INFO  server.RaftServerConfigKeys (ConfUtils.java:logGet(46)) - raft.server.retrycache.expirytime = 600000ms (custom)
2023-04-27 06:11:53,760 [pool-123-thread-1] INFO  server.RaftServerConfigKeys (ConfUtils.java:logGet(46)) - raft.server.retrycache.statistics.expirytime = 100μs (default)
2023-04-27 06:11:53,761 [pool-123-thread-1] INFO  server.RaftServerConfigKeys (ConfUtils.java:logGet(46)) - raft.server.log.appender.install.snapshot.enabled = false (custom)
2023-04-27 06:11:53,761 [pool-123-thread-1] INFO  server.RaftServerConfigKeys (ConfUtils.java:logGet(46)) - raft.server.threadpool.server.cached = true (default)
2023-04-27 06:11:53,761 [pool-123-thread-1] INFO  server.RaftServerConfigKeys (ConfUtils.java:logGet(46)) - raft.server.threadpool.server.size = 0 (default)
2023-04-27 06:11:53,761 [pool-123-thread-1] INFO  server.RaftServerConfigKeys (ConfUtils.java:logGet(46)) - raft.server.threadpool.client.cached = true (default)
2023-04-27 06:11:53,752 [Command processor thread] INFO  server.RaftServer (RaftServerProxy.java:addNew(96)) - d3795bd6-5a77-4d2d-9b17-a3a54c2e679f: addNew group-2366711E54EA:[d3795bd6-5a77-4d2d-9b17-a3a54c2e679f|rpc:10.1.0.34:37857|dataStream:10.1.0.34:39621|priority:1|startupRole:FOLLOWER] returns group-2366711E54EA:java.util.concurrent.CompletableFuture@73e27849[Not completed]
2023-04-27 06:11:53,763 [pool-123-thread-1] INFO  server.RaftServerConfigKeys (ConfUtils.java:logGet(46)) - raft.server.threadpool.client.size = 0 (default)
2023-04-27 06:11:53,763 [pool-123-thread-1] INFO  storage.RaftStorageDirectory (RaftStorageDirectoryImpl.java:analyzeStorage(137)) - The storage directory /home/runner/work/ozone/ozone/hadoop-ozone/integration-test/target/test-dir/MiniOzoneClusterImpl-b7159a92-b125-4b28-96e0-478247ce15d0/datanode-2/data/ratis/e914ef8b-0372-44ab-b65a-2366711e54ea does not exist. Creating ...
2023-04-27 06:11:53,764 [pool-101-thread-1] INFO  server.RaftServerConfigKeys (ConfUtils.java:logGet(46)) - raft.server.log.unsafe-flush.enabled = false (default)
2023-04-27 06:11:53,764 [pool-101-thread-1] INFO  server.RaftServerConfigKeys (ConfUtils.java:logGet(46)) - raft.server.log.async-flush.enabled = false (default)
2023-04-27 06:11:53,764 [pool-101-thread-1] INFO  server.RaftServerConfigKeys (ConfUtils.java:logGet(46)) - raft.server.log.statemachine.data.caching.enabled = true (custom)
2023-04-27 06:11:53,764 [pool-123-thread-1] INFO  storage.RaftStorageDirectory (RaftStorageDirectoryImpl.java:tryLock(231)) - Lock on /home/runner/work/ozone/ozone/hadoop-ozone/integration-test/target/test-dir/MiniOzoneClusterImpl-b7159a92-b125-4b28-96e0-478247ce15d0/datanode-2/data/ratis/e914ef8b-0372-44ab-b65a-2366711e54ea/in_use.lock acquired by nodename 37755@fv-az220-795
2023-04-27 06:11:53,765 [pool-101-thread-1] INFO  segmented.SegmentedRaftLogWorker (SegmentedRaftLogWorker.java:lambda$new$0(135)) - 9e79f7cb-e4c5-47cb-aa46-b66eba433fb4@group-0040F47B0831-SegmentedRaftLogWorker: flushIndex: setUnconditionally 0 -> -1
2023-04-27 06:11:53,765 [pool-101-thread-1] INFO  segmented.SegmentedRaftLogWorker (SegmentedRaftLogWorker.java:lambda$new$0(135)) - 9e79f7cb-e4c5-47cb-aa46-b66eba433fb4@group-0040F47B0831-SegmentedRaftLogWorker: safeCacheEvictIndex: setUnconditionally 0 -> -1
2023-04-27 06:11:53,765 [pool-123-thread-1] INFO  storage.RaftStorage (RaftStorageImpl.java:format(96)) - Storage directory /home/runner/work/ozone/ozone/hadoop-ozone/integration-test/target/test-dir/MiniOzoneClusterImpl-b7159a92-b125-4b28-96e0-478247ce15d0/datanode-2/data/ratis/e914ef8b-0372-44ab-b65a-2366711e54ea has been successfully formatted.
2023-04-27 06:11:53,766 [pool-101-thread-1] INFO  server.RaftServer$Division (RaftServerImpl.java:start(334)) - 9e79f7cb-e4c5-47cb-aa46-b66eba433fb4@group-0040F47B0831: start as a follower, conf=-1: peers:[d3795bd6-5a77-4d2d-9b17-a3a54c2e679f|rpc:10.1.0.34:37857|dataStream:10.1.0.34:39621|priority:0|startupRole:FOLLOWER, 9e79f7cb-e4c5-47cb-aa46-b66eba433fb4|rpc:10.1.0.34:37175|dataStream:10.1.0.34:43331|priority:0|startupRole:FOLLOWER, d854720a-bbe5-47c1-a40c-d7c4a462ec23|rpc:10.1.0.34:37589|dataStream:10.1.0.34:34327|priority:1|startupRole:FOLLOWER]|listeners:[], old=null
2023-04-27 06:11:53,766 [pool-101-thread-1] INFO  server.RaftServer$Division (RaftServerImpl.java:setRole(321)) - 9e79f7cb-e4c5-47cb-aa46-b66eba433fb4@group-0040F47B0831: changes role from      null to FOLLOWER at term 0 for startAsFollower
2023-04-27 06:11:53,766 [pool-101-thread-1] INFO  impl.RoleInfo (RoleInfo.java:updateAndGet(139)) - 9e79f7cb-e4c5-47cb-aa46-b66eba433fb4: start 9e79f7cb-e4c5-47cb-aa46-b66eba433fb4@group-0040F47B0831-FollowerState
2023-04-27 06:11:53,767 [pool-101-thread-1] INFO  util.JmxRegister (JmxRegister.java:tryRegister(44)) - Successfully registered JMX Bean with object name Ratis:service=RaftServer,group=group-0040F47B0831,id=9e79f7cb-e4c5-47cb-aa46-b66eba433fb4
2023-04-27 06:11:53,767 [pool-101-thread-1] INFO  server.RaftServerConfigKeys (ConfUtils.java:logGet(46)) - raft.server.snapshot.auto.trigger.enabled = true (custom)
2023-04-27 06:11:53,767 [pool-101-thread-1] INFO  server.RaftServerConfigKeys (ConfUtils.java:logGet(46)) - raft.server.snapshot.auto.trigger.threshold = 10000 (custom)
2023-04-27 06:11:53,767 [pool-101-thread-1] INFO  server.RaftServerConfigKeys (ConfUtils.java:logGet(46)) - raft.server.snapshot.retention.file.num = 5 (custom)
2023-04-27 06:11:53,767 [pool-101-thread-1] INFO  server.RaftServerConfigKeys (ConfUtils.java:logGet(46)) - raft.server.log.purge.upto.snapshot.index = false (default)
2023-04-27 06:11:53,767 [9e79f7cb-e4c5-47cb-aa46-b66eba433fb4@group-0040F47B0831-FollowerState] INFO  server.RaftServerConfigKeys (ConfUtils.java:logFallback(53)) - raft.server.rpc.first-election.timeout.min = 5s (fallback to raft.server.rpc.timeout.min)
2023-04-27 06:11:53,773 [Command processor thread] INFO  ratis.XceiverServerRatis (XceiverServerRatis.java:addGroup(806)) - Created group PipelineID=87caa493-e419-4913-b34c-0040f47b0831
2023-04-27 06:11:53,772 [pool-123-thread-1] INFO  ratis.ContainerStateMachine (ContainerStateMachine.java:loadSnapshot(262)) - group-2366711E54EA: The snapshot info is null. Setting the last applied indexto:(t:0, i:~)
2023-04-27 06:11:53,777 [pool-123-thread-1] INFO  server.RaftServerConfigKeys (ConfUtils.java:logGet(46)) - raft.server.log.use.memory = false (default)
2023-04-27 06:11:53,777 [pool-123-thread-1] INFO  server.RaftServerConfigKeys (ConfUtils.java:logGet(46)) - raft.server.log.purge.gap = 1000000 (custom)
2023-04-27 06:11:53,777 [pool-123-thread-1] INFO  server.RaftServerConfigKeys (ConfUtils.java:logGet(46)) - raft.server.log.appender.buffer.byte-limit = 33554432 (custom)
2023-04-27 06:11:53,777 [pool-123-thread-1] INFO  server.RaftServerConfigKeys (ConfUtils.java:logGet(46)) - raft.server.log.statemachine.data.read.timeout = 1000ms (default)
2023-04-27 06:11:53,778 [pool-123-thread-1] INFO  server.RaftServerConfigKeys (ConfUtils.java:logGet(46)) - raft.server.log.purge.preservation.log.num = 0 (default)
2023-04-27 06:11:53,778 [pool-123-thread-1] INFO  server.RaftServerConfigKeys (ConfUtils.java:logGet(46)) - raft.server.log.segment.size.max = 1048576 (custom)
2023-04-27 06:11:53,778 [pool-123-thread-1] INFO  server.RaftServerConfigKeys (ConfUtils.java:logGet(46)) - raft.server.log.segment.cache.num.max = 2 (custom)
2023-04-27 06:11:53,778 [pool-123-thread-1] INFO  server.RaftServerConfigKeys (ConfUtils.java:logGet(46)) - raft.server.log.segment.cache.size.max = 200MB (=209715200) (default)
2023-04-27 06:11:53,778 [pool-123-thread-1] INFO  segmented.SegmentedRaftLogWorker (SegmentedRaftLogWorker.java:<init>(189)) - new d3795bd6-5a77-4d2d-9b17-a3a54c2e679f@group-2366711E54EA-SegmentedRaftLogWorker for RaftStorageImpl:Storage Directory /home/runner/work/ozone/ozone/hadoop-ozone/integration-test/target/test-dir/MiniOzoneClusterImpl-b7159a92-b125-4b28-96e0-478247ce15d0/datanode-2/data/ratis/e914ef8b-0372-44ab-b65a-2366711e54ea
2023-04-27 06:11:53,778 [pool-123-thread-1] INFO  server.RaftServerConfigKeys (ConfUtils.java:logGet(46)) - raft.server.log.queue.byte-limit = 4294967296 (custom)
2023-04-27 06:11:53,778 [pool-123-thread-1] INFO  server.RaftServerConfigKeys (ConfUtils.java:logGet(46)) - raft.server.log.queue.element-limit = 1024 (custom)
2023-04-27 06:11:53,778 [pool-123-thread-1] INFO  server.RaftServerConfigKeys (ConfUtils.java:logGet(46)) - raft.server.log.segment.size.max = 1048576 (custom)
2023-04-27 06:11:53,778 [pool-123-thread-1] INFO  server.RaftServerConfigKeys (ConfUtils.java:logGet(46)) - raft.server.log.preallocated.size = 16384 (custom)
2023-04-27 06:11:53,778 [pool-123-thread-1] INFO  server.RaftServerConfigKeys (ConfUtils.java:logGet(46)) - raft.server.log.force.sync.num = 128 (default)
2023-04-27 06:11:53,778 [pool-123-thread-1] INFO  server.RaftServerConfigKeys (ConfUtils.java:logGet(46)) - raft.server.log.statemachine.data.sync = true (default)
2023-04-27 06:11:53,779 [pool-123-thread-1] INFO  server.RaftServerConfigKeys (ConfUtils.java:logGet(46)) - raft.server.log.statemachine.data.sync.timeout = 10s (default)
2023-04-27 06:11:53,779 [pool-123-thread-1] INFO  server.RaftServerConfigKeys (ConfUtils.java:logGet(46)) - raft.server.log.statemachine.data.sync.timeout.retry = -1 (default)
2023-04-27 06:11:53,779 [pool-123-thread-1] INFO  server.RaftServerConfigKeys (ConfUtils.java:logGet(46)) - raft.server.log.write.buffer.size = 1048576 (custom)
2023-04-27 06:11:53,780 [pool-123-thread-1] INFO  server.RaftServerConfigKeys (ConfUtils.java:logGet(46)) - raft.server.log.appender.buffer.byte-limit = 33554432 (custom)
2023-04-27 06:11:53,785 [9e79f7cb-e4c5-47cb-aa46-b66eba433fb4@group-0040F47B0831-FollowerState] INFO  server.RaftServerConfigKeys (ConfUtils.java:logFallback(53)) - raft.server.rpc.first-election.timeout.max = 5200ms (fallback to raft.server.rpc.timeout.max)
2023-04-27 06:11:53,791 [EventQueue-PipelineReportForPipelineReportHandler] INFO  pipeline.PipelineManagerImpl (PipelineManagerImpl.java:openPipeline(367)) - Pipeline Pipeline[ Id: e914ef8b-0372-44ab-b65a-2366711e54ea, Nodes: d3795bd6-5a77-4d2d-9b17-a3a54c2e679f(fv-az220-795.shdwizndlbjulinwhzhdmup5sb.jx.internal.cloudapp.net/10.1.0.34), ReplicationConfig: RATIS/ONE, State:ALLOCATED, leaderId:d3795bd6-5a77-4d2d-9b17-a3a54c2e679f, CreationTimestamp2023-04-27T06:11:50.727Z[Etc/UTC]] moved to OPEN state
2023-04-27 06:11:53,792 [EventQueue-OpenPipelineForHealthyPipelineSafeModeRule] INFO  safemode.SCMSafeModeManager (HealthyPipelineSafeModeRule.java:process(137)) - SCM in safe mode. Healthy pipelines reported count is 0, required healthy pipeline reported count is 1
2023-04-27 06:11:53,797 [pool-123-thread-1] INFO  server.RaftServerConfigKeys (ConfUtils.java:logGet(46)) - raft.server.log.unsafe-flush.enabled = false (default)
2023-04-27 06:11:53,798 [pool-123-thread-1] INFO  server.RaftServerConfigKeys (ConfUtils.java:logGet(46)) - raft.server.log.async-flush.enabled = false (default)
2023-04-27 06:11:53,798 [pool-123-thread-1] INFO  server.RaftServerConfigKeys (ConfUtils.java:logGet(46)) - raft.server.log.statemachine.data.caching.enabled = true (custom)
2023-04-27 06:11:53,798 [pool-123-thread-1] INFO  segmented.SegmentedRaftLogWorker (SegmentedRaftLogWorker.java:lambda$new$0(135)) - d3795bd6-5a77-4d2d-9b17-a3a54c2e679f@group-2366711E54EA-SegmentedRaftLogWorker: flushIndex: setUnconditionally 0 -> -1
2023-04-27 06:11:53,798 [pool-123-thread-1] INFO  segmented.SegmentedRaftLogWorker (SegmentedRaftLogWorker.java:lambda$new$0(135)) - d3795bd6-5a77-4d2d-9b17-a3a54c2e679f@group-2366711E54EA-SegmentedRaftLogWorker: safeCacheEvictIndex: setUnconditionally 0 -> -1
2023-04-27 06:11:53,798 [pool-123-thread-1] INFO  server.RaftServer$Division (RaftServerImpl.java:start(334)) - d3795bd6-5a77-4d2d-9b17-a3a54c2e679f@group-2366711E54EA: start as a follower, conf=-1: peers:[d3795bd6-5a77-4d2d-9b17-a3a54c2e679f|rpc:10.1.0.34:37857|dataStream:10.1.0.34:39621|priority:1|startupRole:FOLLOWER]|listeners:[], old=null
2023-04-27 06:11:53,798 [pool-123-thread-1] INFO  server.RaftServer$Division (RaftServerImpl.java:setRole(321)) - d3795bd6-5a77-4d2d-9b17-a3a54c2e679f@group-2366711E54EA: changes role from      null to FOLLOWER at term 0 for startAsFollower
2023-04-27 06:11:53,798 [pool-123-thread-1] INFO  impl.RoleInfo (RoleInfo.java:updateAndGet(139)) - d3795bd6-5a77-4d2d-9b17-a3a54c2e679f: start d3795bd6-5a77-4d2d-9b17-a3a54c2e679f@group-2366711E54EA-FollowerState
2023-04-27 06:11:53,799 [pool-123-thread-1] INFO  util.JmxRegister (JmxRegister.java:tryRegister(44)) - Successfully registered JMX Bean with object name Ratis:service=RaftServer,group=group-2366711E54EA,id=d3795bd6-5a77-4d2d-9b17-a3a54c2e679f
2023-04-27 06:11:53,799 [pool-123-thread-1] INFO  server.RaftServerConfigKeys (ConfUtils.java:logGet(46)) - raft.server.snapshot.auto.trigger.enabled = true (custom)
2023-04-27 06:11:53,799 [pool-123-thread-1] INFO  server.RaftServerConfigKeys (ConfUtils.java:logGet(46)) - raft.server.snapshot.auto.trigger.threshold = 10000 (custom)
2023-04-27 06:11:53,799 [pool-123-thread-1] INFO  server.RaftServerConfigKeys (ConfUtils.java:logGet(46)) - raft.server.snapshot.retention.file.num = 5 (custom)
2023-04-27 06:11:53,799 [pool-123-thread-1] INFO  server.RaftServerConfigKeys (ConfUtils.java:logGet(46)) - raft.server.log.purge.upto.snapshot.index = false (default)
2023-04-27 06:11:53,799 [d3795bd6-5a77-4d2d-9b17-a3a54c2e679f@group-2366711E54EA-FollowerState] INFO  server.RaftServerConfigKeys (ConfUtils.java:logFallback(53)) - raft.server.rpc.first-election.timeout.min = 5s (fallback to raft.server.rpc.timeout.min)
2023-04-27 06:11:53,799 [d3795bd6-5a77-4d2d-9b17-a3a54c2e679f@group-2366711E54EA-FollowerState] INFO  server.RaftServerConfigKeys (ConfUtils.java:logFallback(53)) - raft.server.rpc.first-election.timeout.max = 5200ms (fallback to raft.server.rpc.timeout.max)
2023-04-27 06:11:53,800 [Command processor thread] INFO  ratis.XceiverServerRatis (XceiverServerRatis.java:addGroup(806)) - Created group PipelineID=e914ef8b-0372-44ab-b65a-2366711e54ea
2023-04-27 06:11:53,800 [Command processor thread] INFO  commandhandler.CreatePipelineCommandHandler (CreatePipelineCommandHandler.java:handle(113)) - Created Pipeline RATIS ONE PipelineID=e914ef8b-0372-44ab-b65a-2366711e54ea.
2023-04-27 06:11:53,800 [Command processor thread] INFO  server.RaftServer (RaftServerProxy.java:addNew(96)) - d3795bd6-5a77-4d2d-9b17-a3a54c2e679f: addNew group-DA73AD7F98DC:[9e79f7cb-e4c5-47cb-aa46-b66eba433fb4|rpc:10.1.0.34:37175|dataStream:10.1.0.34:43331|priority:1|startupRole:FOLLOWER, d3795bd6-5a77-4d2d-9b17-a3a54c2e679f|rpc:10.1.0.34:37857|dataStream:10.1.0.34:39621|priority:0|startupRole:FOLLOWER, d854720a-bbe5-47c1-a40c-d7c4a462ec23|rpc:10.1.0.34:37589|dataStream:10.1.0.34:34327|priority:0|startupRole:FOLLOWER] returns group-DA73AD7F98DC:java.util.concurrent.CompletableFuture@7d258845[Not completed]
2023-04-27 06:11:53,801 [pool-123-thread-1] INFO  server.RaftServer$Division (RaftServerImpl.java:<init>(195)) - d3795bd6-5a77-4d2d-9b17-a3a54c2e679f: new RaftServerImpl for group-DA73AD7F98DC:[9e79f7cb-e4c5-47cb-aa46-b66eba433fb4|rpc:10.1.0.34:37175|dataStream:10.1.0.34:43331|priority:1|startupRole:FOLLOWER, d3795bd6-5a77-4d2d-9b17-a3a54c2e679f|rpc:10.1.0.34:37857|dataStream:10.1.0.34:39621|priority:0|startupRole:FOLLOWER, d854720a-bbe5-47c1-a40c-d7c4a462ec23|rpc:10.1.0.34:37589|dataStream:10.1.0.34:34327|priority:0|startupRole:FOLLOWER] with ContainerStateMachine:uninitialized
2023-04-27 06:11:53,801 [pool-123-thread-1] INFO  server.RaftServerConfigKeys (ConfUtils.java:logGet(46)) - raft.server.rpc.timeout.min = 5s (custom)
2023-04-27 06:11:53,801 [pool-123-thread-1] INFO  server.RaftServerConfigKeys (ConfUtils.java:logGet(46)) - raft.server.rpc.timeout.max = 5200ms (custom)
2023-04-27 06:11:53,802 [pool-123-thread-1] INFO  server.RaftServerConfigKeys (ConfUtils.java:logGet(46)) - raft.server.rpc.sleep.time = 25ms (default)
2023-04-27 06:11:53,802 [pool-123-thread-1] INFO  server.RaftServerConfigKeys (ConfUtils.java:logGet(46)) - raft.server.rpc.slowness.timeout = 300000ms (custom)
2023-04-27 06:11:53,802 [pool-123-thread-1] INFO  server.RaftServerConfigKeys (ConfUtils.java:logGet(46)) - raft.server.leaderelection.leader.step-down.wait-time = 10s (default)
2023-04-27 06:11:53,802 [pool-123-thread-1] INFO  server.RaftServerConfigKeys (ConfUtils.java:logGet(46)) - raft.server.sleep.deviation.threshold = 300ms (default)
2023-04-27 06:11:53,802 [pool-123-thread-1] INFO  server.RaftServer$Division (ServerState.java:<init>(118)) - d3795bd6-5a77-4d2d-9b17-a3a54c2e679f@group-DA73AD7F98DC: ConfigurationManager, init=-1: peers:[9e79f7cb-e4c5-47cb-aa46-b66eba433fb4|rpc:10.1.0.34:37175|dataStream:10.1.0.34:43331|priority:1|startupRole:FOLLOWER, d3795bd6-5a77-4d2d-9b17-a3a54c2e679f|rpc:10.1.0.34:37857|dataStream:10.1.0.34:39621|priority:0|startupRole:FOLLOWER, d854720a-bbe5-47c1-a40c-d7c4a462ec23|rpc:10.1.0.34:37589|dataStream:10.1.0.34:34327|priority:0|startupRole:FOLLOWER]|listeners:[], old=null, confs=<EMPTY_MAP>
2023-04-27 06:11:53,802 [pool-123-thread-1] INFO  server.RaftServerConfigKeys (ConfUtils.java:logGet(46)) - raft.server.storage.dir = [/home/runner/work/ozone/ozone/hadoop-ozone/integration-test/target/test-dir/MiniOzoneClusterImpl-b7159a92-b125-4b28-96e0-478247ce15d0/datanode-2/data/ratis] (custom)
2023-04-27 06:11:53,802 [pool-123-thread-1] INFO  server.RaftServerConfigKeys (ConfUtils.java:logGet(46)) - raft.server.log.corruption.policy = EXCEPTION (default)
2023-04-27 06:11:53,802 [pool-123-thread-1] INFO  server.RaftServerConfigKeys (ConfUtils.java:logGet(46)) - raft.server.storage.free-space.min = 0MB (=0) (default)
2023-04-27 06:11:53,802 [pool-123-thread-1] INFO  server.RaftServerConfigKeys (ConfUtils.java:logGet(46)) - raft.server.notification.no-leader.timeout = 300000ms (custom)
2023-04-27 06:11:53,802 [pool-123-thread-1] INFO  server.RaftServerConfigKeys (ConfUtils.java:logGet(46)) - raft.server.retrycache.expirytime = 600000ms (custom)
2023-04-27 06:11:53,802 [pool-123-thread-1] INFO  server.RaftServerConfigKeys (ConfUtils.java:logGet(46)) - raft.server.retrycache.statistics.expirytime = 100μs (default)
2023-04-27 06:11:53,803 [pool-123-thread-1] INFO  server.RaftServerConfigKeys (ConfUtils.java:logGet(46)) - raft.server.log.appender.install.snapshot.enabled = false (custom)
2023-04-27 06:11:53,803 [pool-123-thread-1] INFO  server.RaftServerConfigKeys (ConfUtils.java:logGet(46)) - raft.server.threadpool.server.cached = true (default)
2023-04-27 06:11:53,803 [pool-123-thread-1] INFO  server.RaftServerConfigKeys (ConfUtils.java:logGet(46)) - raft.server.threadpool.server.size = 0 (default)
2023-04-27 06:11:53,803 [pool-123-thread-1] INFO  server.RaftServerConfigKeys (ConfUtils.java:logGet(46)) - raft.server.threadpool.client.cached = true (default)
2023-04-27 06:11:53,803 [pool-123-thread-1] INFO  server.RaftServerConfigKeys (ConfUtils.java:logGet(46)) - raft.server.threadpool.client.size = 0 (default)
2023-04-27 06:11:53,803 [pool-123-thread-1] INFO  storage.RaftStorageDirectory (RaftStorageDirectoryImpl.java:analyzeStorage(137)) - The storage directory /home/runner/work/ozone/ozone/hadoop-ozone/integration-test/target/test-dir/MiniOzoneClusterImpl-b7159a92-b125-4b28-96e0-478247ce15d0/datanode-2/data/ratis/7ccd0db3-15fe-40d1-b563-da73ad7f98dc does not exist. Creating ...
2023-04-27 06:11:53,805 [pool-123-thread-1] INFO  storage.RaftStorageDirectory (RaftStorageDirectoryImpl.java:tryLock(231)) - Lock on /home/runner/work/ozone/ozone/hadoop-ozone/integration-test/target/test-dir/MiniOzoneClusterImpl-b7159a92-b125-4b28-96e0-478247ce15d0/datanode-2/data/ratis/7ccd0db3-15fe-40d1-b563-da73ad7f98dc/in_use.lock acquired by nodename 37755@fv-az220-795
2023-04-27 06:11:53,816 [pool-123-thread-1] INFO  storage.RaftStorage (RaftStorageImpl.java:format(96)) - Storage directory /home/runner/work/ozone/ozone/hadoop-ozone/integration-test/target/test-dir/MiniOzoneClusterImpl-b7159a92-b125-4b28-96e0-478247ce15d0/datanode-2/data/ratis/7ccd0db3-15fe-40d1-b563-da73ad7f98dc has been successfully formatted.
2023-04-27 06:11:53,817 [pool-123-thread-1] INFO  ratis.ContainerStateMachine (ContainerStateMachine.java:loadSnapshot(262)) - group-DA73AD7F98DC: The snapshot info is null. Setting the last applied indexto:(t:0, i:~)
2023-04-27 06:11:53,817 [pool-123-thread-1] INFO  server.RaftServerConfigKeys (ConfUtils.java:logGet(46)) - raft.server.log.use.memory = false (default)
2023-04-27 06:11:53,817 [pool-123-thread-1] INFO  server.RaftServerConfigKeys (ConfUtils.java:logGet(46)) - raft.server.log.purge.gap = 1000000 (custom)
2023-04-27 06:11:53,817 [pool-123-thread-1] INFO  server.RaftServerConfigKeys (ConfUtils.java:logGet(46)) - raft.server.log.appender.buffer.byte-limit = 33554432 (custom)
2023-04-27 06:11:53,817 [pool-123-thread-1] INFO  server.RaftServerConfigKeys (ConfUtils.java:logGet(46)) - raft.server.log.statemachine.data.read.timeout = 1000ms (default)
2023-04-27 06:11:53,817 [pool-123-thread-1] INFO  server.RaftServerConfigKeys (ConfUtils.java:logGet(46)) - raft.server.log.purge.preservation.log.num = 0 (default)
2023-04-27 06:11:53,817 [pool-123-thread-1] INFO  server.RaftServerConfigKeys (ConfUtils.java:logGet(46)) - raft.server.log.segment.size.max = 1048576 (custom)
2023-04-27 06:11:53,819 [EventQueue-OpenPipelineForHealthyPipelineSafeModeRule] INFO  safemode.SCMSafeModeManager (HealthyPipelineSafeModeRule.java:process(137)) - SCM in safe mode. Healthy pipelines reported count is 0, required healthy pipeline reported count is 1
2023-04-27 06:11:53,820 [pool-123-thread-1] INFO  server.RaftServerConfigKeys (ConfUtils.java:logGet(46)) - raft.server.log.segment.cache.num.max = 2 (custom)
2023-04-27 06:11:53,821 [pool-123-thread-1] INFO  server.RaftServerConfigKeys (ConfUtils.java:logGet(46)) - raft.server.log.segment.cache.size.max = 200MB (=209715200) (default)
2023-04-27 06:11:53,821 [pool-123-thread-1] INFO  segmented.SegmentedRaftLogWorker (SegmentedRaftLogWorker.java:<init>(189)) - new d3795bd6-5a77-4d2d-9b17-a3a54c2e679f@group-DA73AD7F98DC-SegmentedRaftLogWorker for RaftStorageImpl:Storage Directory /home/runner/work/ozone/ozone/hadoop-ozone/integration-test/target/test-dir/MiniOzoneClusterImpl-b7159a92-b125-4b28-96e0-478247ce15d0/datanode-2/data/ratis/7ccd0db3-15fe-40d1-b563-da73ad7f98dc
2023-04-27 06:11:53,821 [pool-123-thread-1] INFO  server.RaftServerConfigKeys (ConfUtils.java:logGet(46)) - raft.server.log.queue.byte-limit = 4294967296 (custom)
2023-04-27 06:11:53,821 [pool-123-thread-1] INFO  server.RaftServerConfigKeys (ConfUtils.java:logGet(46)) - raft.server.log.queue.element-limit = 1024 (custom)
2023-04-27 06:11:53,821 [pool-123-thread-1] INFO  server.RaftServerConfigKeys (ConfUtils.java:logGet(46)) - raft.server.log.segment.size.max = 1048576 (custom)
2023-04-27 06:11:53,821 [pool-123-thread-1] INFO  server.RaftServerConfigKeys (ConfUtils.java:logGet(46)) - raft.server.log.preallocated.size = 16384 (custom)
2023-04-27 06:11:53,821 [pool-123-thread-1] INFO  server.RaftServerConfigKeys (ConfUtils.java:logGet(46)) - raft.server.log.force.sync.num = 128 (default)
2023-04-27 06:11:53,821 [pool-123-thread-1] INFO  server.RaftServerConfigKeys (ConfUtils.java:logGet(46)) - raft.server.log.statemachine.data.sync = true (default)
2023-04-27 06:11:53,821 [pool-123-thread-1] INFO  server.RaftServerConfigKeys (ConfUtils.java:logGet(46)) - raft.server.log.statemachine.data.sync.timeout = 10s (default)
2023-04-27 06:11:53,821 [pool-123-thread-1] INFO  server.RaftServerConfigKeys (ConfUtils.java:logGet(46)) - raft.server.log.statemachine.data.sync.timeout.retry = -1 (default)
2023-04-27 06:11:53,822 [pool-123-thread-1] INFO  server.RaftServerConfigKeys (ConfUtils.java:logGet(46)) - raft.server.log.write.buffer.size = 1048576 (custom)
2023-04-27 06:11:53,831 [pool-123-thread-1] INFO  server.RaftServerConfigKeys (ConfUtils.java:logGet(46)) - raft.server.log.appender.buffer.byte-limit = 33554432 (custom)
2023-04-27 06:11:53,845 [pool-123-thread-1] INFO  server.RaftServerConfigKeys (ConfUtils.java:logGet(46)) - raft.server.log.unsafe-flush.enabled = false (default)
2023-04-27 06:11:53,846 [pool-123-thread-1] INFO  server.RaftServerConfigKeys (ConfUtils.java:logGet(46)) - raft.server.log.async-flush.enabled = false (default)
2023-04-27 06:11:53,847 [pool-123-thread-1] INFO  server.RaftServerConfigKeys (ConfUtils.java:logGet(46)) - raft.server.log.statemachine.data.caching.enabled = true (custom)
2023-04-27 06:11:53,847 [pool-123-thread-1] INFO  segmented.SegmentedRaftLogWorker (SegmentedRaftLogWorker.java:lambda$new$0(135)) - d3795bd6-5a77-4d2d-9b17-a3a54c2e679f@group-DA73AD7F98DC-SegmentedRaftLogWorker: flushIndex: setUnconditionally 0 -> -1
2023-04-27 06:11:53,847 [pool-123-thread-1] INFO  segmented.SegmentedRaftLogWorker (SegmentedRaftLogWorker.java:lambda$new$0(135)) - d3795bd6-5a77-4d2d-9b17-a3a54c2e679f@group-DA73AD7F98DC-SegmentedRaftLogWorker: safeCacheEvictIndex: setUnconditionally 0 -> -1
2023-04-27 06:11:53,847 [pool-123-thread-1] INFO  server.RaftServer$Division (RaftServerImpl.java:start(334)) - d3795bd6-5a77-4d2d-9b17-a3a54c2e679f@group-DA73AD7F98DC: start as a follower, conf=-1: peers:[9e79f7cb-e4c5-47cb-aa46-b66eba433fb4|rpc:10.1.0.34:37175|dataStream:10.1.0.34:43331|priority:1|startupRole:FOLLOWER, d3795bd6-5a77-4d2d-9b17-a3a54c2e679f|rpc:10.1.0.34:37857|dataStream:10.1.0.34:39621|priority:0|startupRole:FOLLOWER, d854720a-bbe5-47c1-a40c-d7c4a462ec23|rpc:10.1.0.34:37589|dataStream:10.1.0.34:34327|priority:0|startupRole:FOLLOWER]|listeners:[], old=null
2023-04-27 06:11:53,847 [pool-123-thread-1] INFO  server.RaftServer$Division (RaftServerImpl.java:setRole(321)) - d3795bd6-5a77-4d2d-9b17-a3a54c2e679f@group-DA73AD7F98DC: changes role from      null to FOLLOWER at term 0 for startAsFollower
2023-04-27 06:11:53,847 [pool-123-thread-1] INFO  impl.RoleInfo (RoleInfo.java:updateAndGet(139)) - d3795bd6-5a77-4d2d-9b17-a3a54c2e679f: start d3795bd6-5a77-4d2d-9b17-a3a54c2e679f@group-DA73AD7F98DC-FollowerState
2023-04-27 06:11:53,848 [pool-123-thread-1] INFO  util.JmxRegister (JmxRegister.java:tryRegister(44)) - Successfully registered JMX Bean with object name Ratis:service=RaftServer,group=group-DA73AD7F98DC,id=d3795bd6-5a77-4d2d-9b17-a3a54c2e679f
2023-04-27 06:11:53,848 [pool-123-thread-1] INFO  server.RaftServerConfigKeys (ConfUtils.java:logGet(46)) - raft.server.snapshot.auto.trigger.enabled = true (custom)
2023-04-27 06:11:53,848 [pool-123-thread-1] INFO  server.RaftServerConfigKeys (ConfUtils.java:logGet(46)) - raft.server.snapshot.auto.trigger.threshold = 10000 (custom)
2023-04-27 06:11:53,848 [pool-123-thread-1] INFO  server.RaftServerConfigKeys (ConfUtils.java:logGet(46)) - raft.server.snapshot.retention.file.num = 5 (custom)
2023-04-27 06:11:53,848 [pool-123-thread-1] INFO  server.RaftServerConfigKeys (ConfUtils.java:logGet(46)) - raft.server.log.purge.upto.snapshot.index = false (default)
2023-04-27 06:11:53,849 [d3795bd6-5a77-4d2d-9b17-a3a54c2e679f@group-DA73AD7F98DC-FollowerState] INFO  server.RaftServerConfigKeys (ConfUtils.java:logFallback(53)) - raft.server.rpc.first-election.timeout.min = 5s (fallback to raft.server.rpc.timeout.min)
2023-04-27 06:11:53,854 [d3795bd6-5a77-4d2d-9b17-a3a54c2e679f@group-DA73AD7F98DC-FollowerState] INFO  server.RaftServerConfigKeys (ConfUtils.java:logFallback(53)) - raft.server.rpc.first-election.timeout.max = 5200ms (fallback to raft.server.rpc.timeout.max)
2023-04-27 06:11:53,854 [Command processor thread] INFO  ratis.XceiverServerRatis (XceiverServerRatis.java:addGroup(806)) - Created group PipelineID=7ccd0db3-15fe-40d1-b563-da73ad7f98dc
2023-04-27 06:11:53,869 [Command processor thread] INFO  commandhandler.CreatePipelineCommandHandler (CreatePipelineCommandHandler.java:handle(113)) - Created Pipeline RATIS THREE PipelineID=87caa493-e419-4913-b34c-0040f47b0831.
2023-04-27 06:11:53,871 [pool-79-thread-1] INFO  server.RaftServer$Division (RaftServerImpl.java:<init>(195)) - d854720a-bbe5-47c1-a40c-d7c4a462ec23: new RaftServerImpl for group-DA73AD7F98DC:[9e79f7cb-e4c5-47cb-aa46-b66eba433fb4|rpc:10.1.0.34:37175|dataStream:10.1.0.34:43331|priority:1|startupRole:FOLLOWER, d3795bd6-5a77-4d2d-9b17-a3a54c2e679f|rpc:10.1.0.34:37857|dataStream:10.1.0.34:39621|priority:0|startupRole:FOLLOWER, d854720a-bbe5-47c1-a40c-d7c4a462ec23|rpc:10.1.0.34:37589|dataStream:10.1.0.34:34327|priority:0|startupRole:FOLLOWER] with ContainerStateMachine:uninitialized
2023-04-27 06:11:53,871 [pool-79-thread-1] INFO  server.RaftServerConfigKeys (ConfUtils.java:logGet(46)) - raft.server.rpc.timeout.min = 5s (custom)
2023-04-27 06:11:53,871 [pool-79-thread-1] INFO  server.RaftServerConfigKeys (ConfUtils.java:logGet(46)) - raft.server.rpc.timeout.max = 5200ms (custom)
2023-04-27 06:11:53,871 [pool-79-thread-1] INFO  server.RaftServerConfigKeys (ConfUtils.java:logGet(46)) - raft.server.rpc.sleep.time = 25ms (default)
2023-04-27 06:11:53,871 [pool-79-thread-1] INFO  server.RaftServerConfigKeys (ConfUtils.java:logGet(46)) - raft.server.rpc.slowness.timeout = 300000ms (custom)
2023-04-27 06:11:53,871 [pool-79-thread-1] INFO  server.RaftServerConfigKeys (ConfUtils.java:logGet(46)) - raft.server.leaderelection.leader.step-down.wait-time = 10s (default)
2023-04-27 06:11:53,871 [pool-79-thread-1] INFO  server.RaftServerConfigKeys (ConfUtils.java:logGet(46)) - raft.server.sleep.deviation.threshold = 300ms (default)
2023-04-27 06:11:53,871 [pool-79-thread-1] INFO  server.RaftServer$Division (ServerState.java:<init>(118)) - d854720a-bbe5-47c1-a40c-d7c4a462ec23@group-DA73AD7F98DC: ConfigurationManager, init=-1: peers:[9e79f7cb-e4c5-47cb-aa46-b66eba433fb4|rpc:10.1.0.34:37175|dataStream:10.1.0.34:43331|priority:1|startupRole:FOLLOWER, d3795bd6-5a77-4d2d-9b17-a3a54c2e679f|rpc:10.1.0.34:37857|dataStream:10.1.0.34:39621|priority:0|startupRole:FOLLOWER, d854720a-bbe5-47c1-a40c-d7c4a462ec23|rpc:10.1.0.34:37589|dataStream:10.1.0.34:34327|priority:0|startupRole:FOLLOWER]|listeners:[], old=null, confs=<EMPTY_MAP>
2023-04-27 06:11:53,872 [pool-79-thread-1] INFO  server.RaftServerConfigKeys (ConfUtils.java:logGet(46)) - raft.server.storage.dir = [/home/runner/work/ozone/ozone/hadoop-ozone/integration-test/target/test-dir/MiniOzoneClusterImpl-b7159a92-b125-4b28-96e0-478247ce15d0/datanode-0/data/ratis] (custom)
2023-04-27 06:11:53,872 [pool-79-thread-1] INFO  server.RaftServerConfigKeys (ConfUtils.java:logGet(46)) - raft.server.log.corruption.policy = EXCEPTION (default)
2023-04-27 06:11:53,872 [pool-79-thread-1] INFO  server.RaftServerConfigKeys (ConfUtils.java:logGet(46)) - raft.server.storage.free-space.min = 0MB (=0) (default)
2023-04-27 06:11:53,872 [pool-79-thread-1] INFO  server.RaftServerConfigKeys (ConfUtils.java:logGet(46)) - raft.server.notification.no-leader.timeout = 300000ms (custom)
2023-04-27 06:11:53,872 [pool-79-thread-1] INFO  server.RaftServerConfigKeys (ConfUtils.java:logGet(46)) - raft.server.retrycache.expirytime = 600000ms (custom)
2023-04-27 06:11:53,872 [pool-79-thread-1] INFO  server.RaftServerConfigKeys (ConfUtils.java:logGet(46)) - raft.server.retrycache.statistics.expirytime = 100μs (default)
2023-04-27 06:11:53,873 [pool-79-thread-1] INFO  server.RaftServerConfigKeys (ConfUtils.java:logGet(46)) - raft.server.log.appender.install.snapshot.enabled = false (custom)
2023-04-27 06:11:53,873 [pool-79-thread-1] INFO  server.RaftServerConfigKeys (ConfUtils.java:logGet(46)) - raft.server.threadpool.server.cached = true (default)
2023-04-27 06:11:53,873 [pool-79-thread-1] INFO  server.RaftServerConfigKeys (ConfUtils.java:logGet(46)) - raft.server.threadpool.server.size = 0 (default)
2023-04-27 06:11:53,873 [pool-79-thread-1] INFO  server.RaftServerConfigKeys (ConfUtils.java:logGet(46)) - raft.server.threadpool.client.cached = true (default)
2023-04-27 06:11:53,874 [pool-79-thread-1] INFO  server.RaftServerConfigKeys (ConfUtils.java:logGet(46)) - raft.server.threadpool.client.size = 0 (default)
2023-04-27 06:11:53,874 [Command processor thread] INFO  server.RaftServer (RaftServerProxy.java:addNew(96)) - d854720a-bbe5-47c1-a40c-d7c4a462ec23: addNew group-DA73AD7F98DC:[9e79f7cb-e4c5-47cb-aa46-b66eba433fb4|rpc:10.1.0.34:37175|dataStream:10.1.0.34:43331|priority:1|startupRole:FOLLOWER, d3795bd6-5a77-4d2d-9b17-a3a54c2e679f|rpc:10.1.0.34:37857|dataStream:10.1.0.34:39621|priority:0|startupRole:FOLLOWER, d854720a-bbe5-47c1-a40c-d7c4a462ec23|rpc:10.1.0.34:37589|dataStream:10.1.0.34:34327|priority:0|startupRole:FOLLOWER] returns      null d854720a-bbe5-47c1-a40c-d7c4a462ec23@group-DA73AD7F98DC:t0, leader=null, voted=null, raftlog=UNINITIALIZED, conf=-1: peers:[9e79f7cb-e4c5-47cb-aa46-b66eba433fb4|rpc:10.1.0.34:37175|dataStream:10.1.0.34:43331|priority:1|startupRole:FOLLOWER, d3795bd6-5a77-4d2d-9b17-a3a54c2e679f|rpc:10.1.0.34:37857|dataStream:10.1.0.34:39621|priority:0|startupRole:FOLLOWER, d854720a-bbe5-47c1-a40c-d7c4a462ec23|rpc:10.1.0.34:37589|dataStream:10.1.0.34:34327|priority:0|startupRole:FOLLOWER]|listeners:[], old=null NEW
2023-04-27 06:11:53,875 [pool-79-thread-1] INFO  storage.RaftStorageDirectory (RaftStorageDirectoryImpl.java:analyzeStorage(137)) - The storage directory /home/runner/work/ozone/ozone/hadoop-ozone/integration-test/target/test-dir/MiniOzoneClusterImpl-b7159a92-b125-4b28-96e0-478247ce15d0/datanode-0/data/ratis/7ccd0db3-15fe-40d1-b563-da73ad7f98dc does not exist. Creating ...
2023-04-27 06:11:53,881 [pool-79-thread-1] INFO  storage.RaftStorageDirectory (RaftStorageDirectoryImpl.java:tryLock(231)) - Lock on /home/runner/work/ozone/ozone/hadoop-ozone/integration-test/target/test-dir/MiniOzoneClusterImpl-b7159a92-b125-4b28-96e0-478247ce15d0/datanode-0/data/ratis/7ccd0db3-15fe-40d1-b563-da73ad7f98dc/in_use.lock acquired by nodename 37755@fv-az220-795
2023-04-27 06:11:53,884 [pool-79-thread-1] INFO  storage.RaftStorage (RaftStorageImpl.java:format(96)) - Storage directory /home/runner/work/ozone/ozone/hadoop-ozone/integration-test/target/test-dir/MiniOzoneClusterImpl-b7159a92-b125-4b28-96e0-478247ce15d0/datanode-0/data/ratis/7ccd0db3-15fe-40d1-b563-da73ad7f98dc has been successfully formatted.
2023-04-27 06:11:53,885 [pool-79-thread-1] INFO  ratis.ContainerStateMachine (ContainerStateMachine.java:loadSnapshot(262)) - group-DA73AD7F98DC: The snapshot info is null. Setting the last applied indexto:(t:0, i:~)
2023-04-27 06:11:53,885 [pool-79-thread-1] INFO  server.RaftServerConfigKeys (ConfUtils.java:logGet(46)) - raft.server.log.use.memory = false (default)
2023-04-27 06:11:53,885 [pool-79-thread-1] INFO  server.RaftServerConfigKeys (ConfUtils.java:logGet(46)) - raft.server.log.purge.gap = 1000000 (custom)
2023-04-27 06:11:53,885 [pool-79-thread-1] INFO  server.RaftServerConfigKeys (ConfUtils.java:logGet(46)) - raft.server.log.appender.buffer.byte-limit = 33554432 (custom)
2023-04-27 06:11:53,885 [pool-79-thread-1] INFO  server.RaftServerConfigKeys (ConfUtils.java:logGet(46)) - raft.server.log.statemachine.data.read.timeout = 1000ms (default)
2023-04-27 06:11:53,885 [pool-79-thread-1] INFO  server.RaftServerConfigKeys (ConfUtils.java:logGet(46)) - raft.server.log.purge.preservation.log.num = 0 (default)
2023-04-27 06:11:53,886 [pool-79-thread-1] INFO  server.RaftServerConfigKeys (ConfUtils.java:logGet(46)) - raft.server.log.segment.size.max = 1048576 (custom)
2023-04-27 06:11:53,887 [pool-79-thread-1] INFO  server.RaftServerConfigKeys (ConfUtils.java:logGet(46)) - raft.server.log.segment.cache.num.max = 2 (custom)
2023-04-27 06:11:53,887 [pool-79-thread-1] INFO  server.RaftServerConfigKeys (ConfUtils.java:logGet(46)) - raft.server.log.segment.cache.size.max = 200MB (=209715200) (default)
2023-04-27 06:11:53,887 [pool-79-thread-1] INFO  segmented.SegmentedRaftLogWorker (SegmentedRaftLogWorker.java:<init>(189)) - new d854720a-bbe5-47c1-a40c-d7c4a462ec23@group-DA73AD7F98DC-SegmentedRaftLogWorker for RaftStorageImpl:Storage Directory /home/runner/work/ozone/ozone/hadoop-ozone/integration-test/target/test-dir/MiniOzoneClusterImpl-b7159a92-b125-4b28-96e0-478247ce15d0/datanode-0/data/ratis/7ccd0db3-15fe-40d1-b563-da73ad7f98dc
2023-04-27 06:11:53,887 [pool-79-thread-1] INFO  server.RaftServerConfigKeys (ConfUtils.java:logGet(46)) - raft.server.log.queue.byte-limit = 4294967296 (custom)
2023-04-27 06:11:53,887 [pool-79-thread-1] INFO  server.RaftServerConfigKeys (ConfUtils.java:logGet(46)) - raft.server.log.queue.element-limit = 1024 (custom)
2023-04-27 06:11:53,887 [pool-79-thread-1] INFO  server.RaftServerConfigKeys (ConfUtils.java:logGet(46)) - raft.server.log.segment.size.max = 1048576 (custom)
2023-04-27 06:11:53,887 [pool-79-thread-1] INFO  server.RaftServerConfigKeys (ConfUtils.java:logGet(46)) - raft.server.log.preallocated.size = 16384 (custom)
2023-04-27 06:11:53,887 [pool-79-thread-1] INFO  server.RaftServerConfigKeys (ConfUtils.java:logGet(46)) - raft.server.log.force.sync.num = 128 (default)
2023-04-27 06:11:53,887 [pool-79-thread-1] INFO  server.RaftServerConfigKeys (ConfUtils.java:logGet(46)) - raft.server.log.statemachine.data.sync = true (default)
2023-04-27 06:11:53,888 [pool-79-thread-1] INFO  server.RaftServerConfigKeys (ConfUtils.java:logGet(46)) - raft.server.log.statemachine.data.sync.timeout = 10s (default)
2023-04-27 06:11:53,888 [pool-79-thread-1] INFO  server.RaftServerConfigKeys (ConfUtils.java:logGet(46)) - raft.server.log.statemachine.data.sync.timeout.retry = -1 (default)
2023-04-27 06:11:53,891 [pool-79-thread-1] INFO  server.RaftServerConfigKeys (ConfUtils.java:logGet(46)) - raft.server.log.write.buffer.size = 1048576 (custom)
2023-04-27 06:11:53,894 [pool-79-thread-1] INFO  server.RaftServerConfigKeys (ConfUtils.java:logGet(46)) - raft.server.log.appender.buffer.byte-limit = 33554432 (custom)
2023-04-27 06:11:53,904 [EventQueue-OpenPipelineForHealthyPipelineSafeModeRule] INFO  safemode.SCMSafeModeManager (HealthyPipelineSafeModeRule.java:process(137)) - SCM in safe mode. Healthy pipelines reported count is 0, required healthy pipeline reported count is 1
2023-04-27 06:11:53,916 [pool-79-thread-1] INFO  server.RaftServerConfigKeys (ConfUtils.java:logGet(46)) - raft.server.log.unsafe-flush.enabled = false (default)
2023-04-27 06:11:53,922 [pool-79-thread-1] INFO  server.RaftServerConfigKeys (ConfUtils.java:logGet(46)) - raft.server.log.async-flush.enabled = false (default)
2023-04-27 06:11:53,922 [pool-79-thread-1] INFO  server.RaftServerConfigKeys (ConfUtils.java:logGet(46)) - raft.server.log.statemachine.data.caching.enabled = true (custom)
2023-04-27 06:11:53,922 [pool-79-thread-1] INFO  segmented.SegmentedRaftLogWorker (SegmentedRaftLogWorker.java:lambda$new$0(135)) - d854720a-bbe5-47c1-a40c-d7c4a462ec23@group-DA73AD7F98DC-SegmentedRaftLogWorker: flushIndex: setUnconditionally 0 -> -1
2023-04-27 06:11:53,922 [pool-79-thread-1] INFO  segmented.SegmentedRaftLogWorker (SegmentedRaftLogWorker.java:lambda$new$0(135)) - d854720a-bbe5-47c1-a40c-d7c4a462ec23@group-DA73AD7F98DC-SegmentedRaftLogWorker: safeCacheEvictIndex: setUnconditionally 0 -> -1
2023-04-27 06:11:53,922 [pool-79-thread-1] INFO  server.RaftServer$Division (RaftServerImpl.java:start(334)) - d854720a-bbe5-47c1-a40c-d7c4a462ec23@group-DA73AD7F98DC: start as a follower, conf=-1: peers:[9e79f7cb-e4c5-47cb-aa46-b66eba433fb4|rpc:10.1.0.34:37175|dataStream:10.1.0.34:43331|priority:1|startupRole:FOLLOWER, d3795bd6-5a77-4d2d-9b17-a3a54c2e679f|rpc:10.1.0.34:37857|dataStream:10.1.0.34:39621|priority:0|startupRole:FOLLOWER, d854720a-bbe5-47c1-a40c-d7c4a462ec23|rpc:10.1.0.34:37589|dataStream:10.1.0.34:34327|priority:0|startupRole:FOLLOWER]|listeners:[], old=null
2023-04-27 06:11:53,922 [pool-79-thread-1] INFO  server.RaftServer$Division (RaftServerImpl.java:setRole(321)) - d854720a-bbe5-47c1-a40c-d7c4a462ec23@group-DA73AD7F98DC: changes role from      null to FOLLOWER at term 0 for startAsFollower
2023-04-27 06:11:53,923 [pool-79-thread-1] INFO  impl.RoleInfo (RoleInfo.java:updateAndGet(139)) - d854720a-bbe5-47c1-a40c-d7c4a462ec23: start d854720a-bbe5-47c1-a40c-d7c4a462ec23@group-DA73AD7F98DC-FollowerState
2023-04-27 06:11:53,923 [pool-79-thread-1] INFO  util.JmxRegister (JmxRegister.java:tryRegister(44)) - Successfully registered JMX Bean with object name Ratis:service=RaftServer,group=group-DA73AD7F98DC,id=d854720a-bbe5-47c1-a40c-d7c4a462ec23
2023-04-27 06:11:53,923 [pool-79-thread-1] INFO  server.RaftServerConfigKeys (ConfUtils.java:logGet(46)) - raft.server.snapshot.auto.trigger.enabled = true (custom)
2023-04-27 06:11:53,923 [pool-79-thread-1] INFO  server.RaftServerConfigKeys (ConfUtils.java:logGet(46)) - raft.server.snapshot.auto.trigger.threshold = 10000 (custom)
2023-04-27 06:11:53,923 [pool-79-thread-1] INFO  server.RaftServerConfigKeys (ConfUtils.java:logGet(46)) - raft.server.snapshot.retention.file.num = 5 (custom)
2023-04-27 06:11:53,923 [pool-79-thread-1] INFO  server.RaftServerConfigKeys (ConfUtils.java:logGet(46)) - raft.server.log.purge.upto.snapshot.index = false (default)
2023-04-27 06:11:53,927 [Command processor thread] INFO  ratis.XceiverServerRatis (XceiverServerRatis.java:addGroup(806)) - Created group PipelineID=7ccd0db3-15fe-40d1-b563-da73ad7f98dc
2023-04-27 06:11:53,928 [d854720a-bbe5-47c1-a40c-d7c4a462ec23@group-DA73AD7F98DC-FollowerState] INFO  server.RaftServerConfigKeys (ConfUtils.java:logFallback(53)) - raft.server.rpc.first-election.timeout.min = 5s (fallback to raft.server.rpc.timeout.min)
2023-04-27 06:11:53,942 [d854720a-bbe5-47c1-a40c-d7c4a462ec23@group-DA73AD7F98DC-FollowerState] INFO  server.RaftServerConfigKeys (ConfUtils.java:logFallback(53)) - raft.server.rpc.first-election.timeout.max = 5200ms (fallback to raft.server.rpc.timeout.max)
2023-04-27 06:11:53,988 [Command processor thread] INFO  commandhandler.CreatePipelineCommandHandler (CreatePipelineCommandHandler.java:handle(113)) - Created Pipeline RATIS THREE PipelineID=87caa493-e419-4913-b34c-0040f47b0831.
2023-04-27 06:11:53,989 [Command processor thread] INFO  server.RaftServer (RaftServerProxy.java:addNew(96)) - 9e79f7cb-e4c5-47cb-aa46-b66eba433fb4: addNew group-DA73AD7F98DC:[9e79f7cb-e4c5-47cb-aa46-b66eba433fb4|rpc:10.1.0.34:37175|dataStream:10.1.0.34:43331|priority:1|startupRole:FOLLOWER, d3795bd6-5a77-4d2d-9b17-a3a54c2e679f|rpc:10.1.0.34:37857|dataStream:10.1.0.34:39621|priority:0|startupRole:FOLLOWER, d854720a-bbe5-47c1-a40c-d7c4a462ec23|rpc:10.1.0.34:37589|dataStream:10.1.0.34:34327|priority:0|startupRole:FOLLOWER] returns group-DA73AD7F98DC:java.util.concurrent.CompletableFuture@2bb3eecd[Not completed]
2023-04-27 06:11:53,990 [pool-101-thread-1] INFO  server.RaftServer$Division (RaftServerImpl.java:<init>(195)) - 9e79f7cb-e4c5-47cb-aa46-b66eba433fb4: new RaftServerImpl for group-DA73AD7F98DC:[9e79f7cb-e4c5-47cb-aa46-b66eba433fb4|rpc:10.1.0.34:37175|dataStream:10.1.0.34:43331|priority:1|startupRole:FOLLOWER, d3795bd6-5a77-4d2d-9b17-a3a54c2e679f|rpc:10.1.0.34:37857|dataStream:10.1.0.34:39621|priority:0|startupRole:FOLLOWER, d854720a-bbe5-47c1-a40c-d7c4a462ec23|rpc:10.1.0.34:37589|dataStream:10.1.0.34:34327|priority:0|startupRole:FOLLOWER] with ContainerStateMachine:uninitialized
2023-04-27 06:11:53,990 [pool-101-thread-1] INFO  server.RaftServerConfigKeys (ConfUtils.java:logGet(46)) - raft.server.rpc.timeout.min = 5s (custom)
2023-04-27 06:11:53,990 [pool-101-thread-1] INFO  server.RaftServerConfigKeys (ConfUtils.java:logGet(46)) - raft.server.rpc.timeout.max = 5200ms (custom)
2023-04-27 06:11:53,990 [pool-101-thread-1] INFO  server.RaftServerConfigKeys (ConfUtils.java:logGet(46)) - raft.server.rpc.sleep.time = 25ms (default)
2023-04-27 06:11:53,991 [pool-101-thread-1] INFO  server.RaftServerConfigKeys (ConfUtils.java:logGet(46)) - raft.server.rpc.slowness.timeout = 300000ms (custom)
2023-04-27 06:11:53,991 [pool-101-thread-1] INFO  server.RaftServerConfigKeys (ConfUtils.java:logGet(46)) - raft.server.leaderelection.leader.step-down.wait-time = 10s (default)
2023-04-27 06:11:53,991 [pool-101-thread-1] INFO  server.RaftServerConfigKeys (ConfUtils.java:logGet(46)) - raft.server.sleep.deviation.threshold = 300ms (default)
2023-04-27 06:11:53,991 [pool-101-thread-1] INFO  server.RaftServer$Division (ServerState.java:<init>(118)) - 9e79f7cb-e4c5-47cb-aa46-b66eba433fb4@group-DA73AD7F98DC: ConfigurationManager, init=-1: peers:[9e79f7cb-e4c5-47cb-aa46-b66eba433fb4|rpc:10.1.0.34:37175|dataStream:10.1.0.34:43331|priority:1|startupRole:FOLLOWER, d3795bd6-5a77-4d2d-9b17-a3a54c2e679f|rpc:10.1.0.34:37857|dataStream:10.1.0.34:39621|priority:0|startupRole:FOLLOWER, d854720a-bbe5-47c1-a40c-d7c4a462ec23|rpc:10.1.0.34:37589|dataStream:10.1.0.34:34327|priority:0|startupRole:FOLLOWER]|listeners:[], old=null, confs=<EMPTY_MAP>
2023-04-27 06:11:53,991 [pool-101-thread-1] INFO  server.RaftServerConfigKeys (ConfUtils.java:logGet(46)) - raft.server.storage.dir = [/home/runner/work/ozone/ozone/hadoop-ozone/integration-test/target/test-dir/MiniOzoneClusterImpl-b7159a92-b125-4b28-96e0-478247ce15d0/datanode-1/data/ratis] (custom)
2023-04-27 06:11:53,991 [pool-101-thread-1] INFO  server.RaftServerConfigKeys (ConfUtils.java:logGet(46)) - raft.server.log.corruption.policy = EXCEPTION (default)
2023-04-27 06:11:53,991 [pool-101-thread-1] INFO  server.RaftServerConfigKeys (ConfUtils.java:logGet(46)) - raft.server.storage.free-space.min = 0MB (=0) (default)
2023-04-27 06:11:53,992 [pool-101-thread-1] INFO  server.RaftServerConfigKeys (ConfUtils.java:logGet(46)) - raft.server.notification.no-leader.timeout = 300000ms (custom)
2023-04-27 06:11:53,992 [pool-101-thread-1] INFO  server.RaftServerConfigKeys (ConfUtils.java:logGet(46)) - raft.server.retrycache.expirytime = 600000ms (custom)
2023-04-27 06:11:53,992 [pool-101-thread-1] INFO  server.RaftServerConfigKeys (ConfUtils.java:logGet(46)) - raft.server.retrycache.statistics.expirytime = 100μs (default)
2023-04-27 06:11:53,994 [pool-101-thread-1] INFO  server.RaftServerConfigKeys (ConfUtils.java:logGet(46)) - raft.server.log.appender.install.snapshot.enabled = false (custom)
2023-04-27 06:11:53,994 [pool-101-thread-1] INFO  server.RaftServerConfigKeys (ConfUtils.java:logGet(46)) - raft.server.threadpool.server.cached = true (default)
2023-04-27 06:11:53,995 [pool-101-thread-1] INFO  server.RaftServerConfigKeys (ConfUtils.java:logGet(46)) - raft.server.threadpool.server.size = 0 (default)
2023-04-27 06:11:53,995 [pool-101-thread-1] INFO  server.RaftServerConfigKeys (ConfUtils.java:logGet(46)) - raft.server.threadpool.client.cached = true (default)
2023-04-27 06:11:53,995 [pool-101-thread-1] INFO  server.RaftServerConfigKeys (ConfUtils.java:logGet(46)) - raft.server.threadpool.client.size = 0 (default)
2023-04-27 06:11:53,995 [pool-101-thread-1] INFO  storage.RaftStorageDirectory (RaftStorageDirectoryImpl.java:analyzeStorage(137)) - The storage directory /home/runner/work/ozone/ozone/hadoop-ozone/integration-test/target/test-dir/MiniOzoneClusterImpl-b7159a92-b125-4b28-96e0-478247ce15d0/datanode-1/data/ratis/7ccd0db3-15fe-40d1-b563-da73ad7f98dc does not exist. Creating ...
2023-04-27 06:11:53,996 [pool-101-thread-1] INFO  storage.RaftStorageDirectory (RaftStorageDirectoryImpl.java:tryLock(231)) - Lock on /home/runner/work/ozone/ozone/hadoop-ozone/integration-test/target/test-dir/MiniOzoneClusterImpl-b7159a92-b125-4b28-96e0-478247ce15d0/datanode-1/data/ratis/7ccd0db3-15fe-40d1-b563-da73ad7f98dc/in_use.lock acquired by nodename 37755@fv-az220-795
2023-04-27 06:11:53,998 [pool-101-thread-1] INFO  storage.RaftStorage (RaftStorageImpl.java:format(96)) - Storage directory /home/runner/work/ozone/ozone/hadoop-ozone/integration-test/target/test-dir/MiniOzoneClusterImpl-b7159a92-b125-4b28-96e0-478247ce15d0/datanode-1/data/ratis/7ccd0db3-15fe-40d1-b563-da73ad7f98dc has been successfully formatted.
2023-04-27 06:11:54,001 [pool-101-thread-1] INFO  ratis.ContainerStateMachine (ContainerStateMachine.java:loadSnapshot(262)) - group-DA73AD7F98DC: The snapshot info is null. Setting the last applied indexto:(t:0, i:~)
2023-04-27 06:11:54,002 [pool-101-thread-1] INFO  server.RaftServerConfigKeys (ConfUtils.java:logGet(46)) - raft.server.log.use.memory = false (default)
2023-04-27 06:11:54,002 [pool-101-thread-1] INFO  server.RaftServerConfigKeys (ConfUtils.java:logGet(46)) - raft.server.log.purge.gap = 1000000 (custom)
2023-04-27 06:11:54,002 [pool-101-thread-1] INFO  server.RaftServerConfigKeys (ConfUtils.java:logGet(46)) - raft.server.log.appender.buffer.byte-limit = 33554432 (custom)
2023-04-27 06:11:54,002 [pool-101-thread-1] INFO  server.RaftServerConfigKeys (ConfUtils.java:logGet(46)) - raft.server.log.statemachine.data.read.timeout = 1000ms (default)
2023-04-27 06:11:54,002 [pool-101-thread-1] INFO  server.RaftServerConfigKeys (ConfUtils.java:logGet(46)) - raft.server.log.purge.preservation.log.num = 0 (default)
2023-04-27 06:11:54,002 [pool-101-thread-1] INFO  server.RaftServerConfigKeys (ConfUtils.java:logGet(46)) - raft.server.log.segment.size.max = 1048576 (custom)
2023-04-27 06:11:54,002 [pool-101-thread-1] INFO  server.RaftServerConfigKeys (ConfUtils.java:logGet(46)) - raft.server.log.segment.cache.num.max = 2 (custom)
2023-04-27 06:11:54,002 [pool-101-thread-1] INFO  server.RaftServerConfigKeys (ConfUtils.java:logGet(46)) - raft.server.log.segment.cache.size.max = 200MB (=209715200) (default)
2023-04-27 06:11:54,002 [pool-101-thread-1] INFO  segmented.SegmentedRaftLogWorker (SegmentedRaftLogWorker.java:<init>(189)) - new 9e79f7cb-e4c5-47cb-aa46-b66eba433fb4@group-DA73AD7F98DC-SegmentedRaftLogWorker for RaftStorageImpl:Storage Directory /home/runner/work/ozone/ozone/hadoop-ozone/integration-test/target/test-dir/MiniOzoneClusterImpl-b7159a92-b125-4b28-96e0-478247ce15d0/datanode-1/data/ratis/7ccd0db3-15fe-40d1-b563-da73ad7f98dc
2023-04-27 06:11:54,002 [pool-101-thread-1] INFO  server.RaftServerConfigKeys (ConfUtils.java:logGet(46)) - raft.server.log.queue.byte-limit = 4294967296 (custom)
2023-04-27 06:11:54,003 [pool-101-thread-1] INFO  server.RaftServerConfigKeys (ConfUtils.java:logGet(46)) - raft.server.log.queue.element-limit = 1024 (custom)
2023-04-27 06:11:54,003 [pool-101-thread-1] INFO  server.RaftServerConfigKeys (ConfUtils.java:logGet(46)) - raft.server.log.segment.size.max = 1048576 (custom)
2023-04-27 06:11:54,003 [pool-101-thread-1] INFO  server.RaftServerConfigKeys (ConfUtils.java:logGet(46)) - raft.server.log.preallocated.size = 16384 (custom)
2023-04-27 06:11:54,003 [pool-101-thread-1] INFO  server.RaftServerConfigKeys (ConfUtils.java:logGet(46)) - raft.server.log.force.sync.num = 128 (default)
2023-04-27 06:11:54,003 [pool-101-thread-1] INFO  server.RaftServerConfigKeys (ConfUtils.java:logGet(46)) - raft.server.log.statemachine.data.sync = true (default)
2023-04-27 06:11:54,003 [pool-101-thread-1] INFO  server.RaftServerConfigKeys (ConfUtils.java:logGet(46)) - raft.server.log.statemachine.data.sync.timeout = 10s (default)
2023-04-27 06:11:54,003 [pool-101-thread-1] INFO  server.RaftServerConfigKeys (ConfUtils.java:logGet(46)) - raft.server.log.statemachine.data.sync.timeout.retry = -1 (default)
2023-04-27 06:11:54,003 [pool-101-thread-1] INFO  server.RaftServerConfigKeys (ConfUtils.java:logGet(46)) - raft.server.log.write.buffer.size = 1048576 (custom)
2023-04-27 06:11:54,004 [pool-101-thread-1] INFO  server.RaftServerConfigKeys (ConfUtils.java:logGet(46)) - raft.server.log.appender.buffer.byte-limit = 33554432 (custom)
2023-04-27 06:11:54,018 [pool-101-thread-1] INFO  server.RaftServerConfigKeys (ConfUtils.java:logGet(46)) - raft.server.log.unsafe-flush.enabled = false (default)
2023-04-27 06:11:54,020 [EventQueue-OpenPipelineForHealthyPipelineSafeModeRule] INFO  safemode.SCMSafeModeManager (HealthyPipelineSafeModeRule.java:process(137)) - SCM in safe mode. Healthy pipelines reported count is 0, required healthy pipeline reported count is 1
2023-04-27 06:11:54,024 [pool-101-thread-1] INFO  server.RaftServerConfigKeys (ConfUtils.java:logGet(46)) - raft.server.log.async-flush.enabled = false (default)
2023-04-27 06:11:54,028 [pool-101-thread-1] INFO  server.RaftServerConfigKeys (ConfUtils.java:logGet(46)) - raft.server.log.statemachine.data.caching.enabled = true (custom)
2023-04-27 06:11:54,028 [pool-101-thread-1] INFO  segmented.SegmentedRaftLogWorker (SegmentedRaftLogWorker.java:lambda$new$0(135)) - 9e79f7cb-e4c5-47cb-aa46-b66eba433fb4@group-DA73AD7F98DC-SegmentedRaftLogWorker: flushIndex: setUnconditionally 0 -> -1
2023-04-27 06:11:54,028 [pool-101-thread-1] INFO  segmented.SegmentedRaftLogWorker (SegmentedRaftLogWorker.java:lambda$new$0(135)) - 9e79f7cb-e4c5-47cb-aa46-b66eba433fb4@group-DA73AD7F98DC-SegmentedRaftLogWorker: safeCacheEvictIndex: setUnconditionally 0 -> -1
2023-04-27 06:11:54,033 [pool-101-thread-1] INFO  server.RaftServer$Division (RaftServerImpl.java:start(334)) - 9e79f7cb-e4c5-47cb-aa46-b66eba433fb4@group-DA73AD7F98DC: start as a follower, conf=-1: peers:[9e79f7cb-e4c5-47cb-aa46-b66eba433fb4|rpc:10.1.0.34:37175|dataStream:10.1.0.34:43331|priority:1|startupRole:FOLLOWER, d3795bd6-5a77-4d2d-9b17-a3a54c2e679f|rpc:10.1.0.34:37857|dataStream:10.1.0.34:39621|priority:0|startupRole:FOLLOWER, d854720a-bbe5-47c1-a40c-d7c4a462ec23|rpc:10.1.0.34:37589|dataStream:10.1.0.34:34327|priority:0|startupRole:FOLLOWER]|listeners:[], old=null
2023-04-27 06:11:54,034 [pool-101-thread-1] INFO  server.RaftServer$Division (RaftServerImpl.java:setRole(321)) - 9e79f7cb-e4c5-47cb-aa46-b66eba433fb4@group-DA73AD7F98DC: changes role from      null to FOLLOWER at term 0 for startAsFollower
2023-04-27 06:11:54,034 [pool-101-thread-1] INFO  impl.RoleInfo (RoleInfo.java:updateAndGet(139)) - 9e79f7cb-e4c5-47cb-aa46-b66eba433fb4: start 9e79f7cb-e4c5-47cb-aa46-b66eba433fb4@group-DA73AD7F98DC-FollowerState
2023-04-27 06:11:54,038 [pool-101-thread-1] INFO  util.JmxRegister (JmxRegister.java:tryRegister(44)) - Successfully registered JMX Bean with object name Ratis:service=RaftServer,group=group-DA73AD7F98DC,id=9e79f7cb-e4c5-47cb-aa46-b66eba433fb4
2023-04-27 06:11:54,038 [pool-101-thread-1] INFO  server.RaftServerConfigKeys (ConfUtils.java:logGet(46)) - raft.server.snapshot.auto.trigger.enabled = true (custom)
2023-04-27 06:11:54,038 [pool-101-thread-1] INFO  server.RaftServerConfigKeys (ConfUtils.java:logGet(46)) - raft.server.snapshot.auto.trigger.threshold = 10000 (custom)
2023-04-27 06:11:54,038 [pool-101-thread-1] INFO  server.RaftServerConfigKeys (ConfUtils.java:logGet(46)) - raft.server.snapshot.retention.file.num = 5 (custom)
2023-04-27 06:11:54,038 [pool-101-thread-1] INFO  server.RaftServerConfigKeys (ConfUtils.java:logGet(46)) - raft.server.log.purge.upto.snapshot.index = false (default)
2023-04-27 06:11:54,039 [9e79f7cb-e4c5-47cb-aa46-b66eba433fb4@group-DA73AD7F98DC-FollowerState] INFO  server.RaftServerConfigKeys (ConfUtils.java:logFallback(53)) - raft.server.rpc.first-election.timeout.min = 5s (fallback to raft.server.rpc.timeout.min)
2023-04-27 06:11:54,052 [9e79f7cb-e4c5-47cb-aa46-b66eba433fb4@group-DA73AD7F98DC-FollowerState] INFO  server.RaftServerConfigKeys (ConfUtils.java:logFallback(53)) - raft.server.rpc.first-election.timeout.max = 5200ms (fallback to raft.server.rpc.timeout.max)
2023-04-27 06:11:54,043 [Command processor thread] INFO  ratis.XceiverServerRatis (XceiverServerRatis.java:addGroup(806)) - Created group PipelineID=7ccd0db3-15fe-40d1-b563-da73ad7f98dc
2023-04-27 06:11:54,068 [Command processor thread] INFO  commandhandler.CreatePipelineCommandHandler (CreatePipelineCommandHandler.java:handle(113)) - Created Pipeline RATIS THREE PipelineID=7ccd0db3-15fe-40d1-b563-da73ad7f98dc.
2023-04-27 06:11:54,098 [Command processor thread] INFO  server.RaftServer (RaftServerProxy.java:addNew(96)) - 212d554a-1aad-4773-9d82-bb5fa0fa9f58: addNew group-71C197C73BD8:[212d554a-1aad-4773-9d82-bb5fa0fa9f58|rpc:10.1.0.34:33789|dataStream:10.1.0.34:33765|priority:1|startupRole:FOLLOWER] returns group-71C197C73BD8:java.util.concurrent.CompletableFuture@2afbc77e[Not completed]
2023-04-27 06:11:54,108 [pool-145-thread-1] INFO  server.RaftServer$Division (RaftServerImpl.java:<init>(195)) - 212d554a-1aad-4773-9d82-bb5fa0fa9f58: new RaftServerImpl for group-71C197C73BD8:[212d554a-1aad-4773-9d82-bb5fa0fa9f58|rpc:10.1.0.34:33789|dataStream:10.1.0.34:33765|priority:1|startupRole:FOLLOWER] with ContainerStateMachine:uninitialized
2023-04-27 06:11:54,108 [pool-145-thread-1] INFO  server.RaftServerConfigKeys (ConfUtils.java:logGet(46)) - raft.server.rpc.timeout.min = 5s (custom)
2023-04-27 06:11:54,108 [pool-145-thread-1] INFO  server.RaftServerConfigKeys (ConfUtils.java:logGet(46)) - raft.server.rpc.timeout.max = 5200ms (custom)
2023-04-27 06:11:54,108 [pool-145-thread-1] INFO  server.RaftServerConfigKeys (ConfUtils.java:logGet(46)) - raft.server.rpc.sleep.time = 25ms (default)
2023-04-27 06:11:54,108 [pool-145-thread-1] INFO  server.RaftServerConfigKeys (ConfUtils.java:logGet(46)) - raft.server.rpc.slowness.timeout = 300000ms (custom)
2023-04-27 06:11:54,108 [pool-145-thread-1] INFO  server.RaftServerConfigKeys (ConfUtils.java:logGet(46)) - raft.server.leaderelection.leader.step-down.wait-time = 10s (default)
2023-04-27 06:11:54,108 [pool-145-thread-1] INFO  server.RaftServerConfigKeys (ConfUtils.java:logGet(46)) - raft.server.sleep.deviation.threshold = 300ms (default)
2023-04-27 06:11:54,108 [pool-145-thread-1] INFO  server.RaftServer$Division (ServerState.java:<init>(118)) - 212d554a-1aad-4773-9d82-bb5fa0fa9f58@group-71C197C73BD8: ConfigurationManager, init=-1: peers:[212d554a-1aad-4773-9d82-bb5fa0fa9f58|rpc:10.1.0.34:33789|dataStream:10.1.0.34:33765|priority:1|startupRole:FOLLOWER]|listeners:[], old=null, confs=<EMPTY_MAP>
2023-04-27 06:11:54,109 [pool-145-thread-1] INFO  server.RaftServerConfigKeys (ConfUtils.java:logGet(46)) - raft.server.storage.dir = [/home/runner/work/ozone/ozone/hadoop-ozone/integration-test/target/test-dir/MiniOzoneClusterImpl-b7159a92-b125-4b28-96e0-478247ce15d0/datanode-3/data/ratis] (custom)
2023-04-27 06:11:54,109 [pool-145-thread-1] INFO  server.RaftServerConfigKeys (ConfUtils.java:logGet(46)) - raft.server.log.corruption.policy = EXCEPTION (default)
2023-04-27 06:11:54,109 [pool-145-thread-1] INFO  server.RaftServerConfigKeys (ConfUtils.java:logGet(46)) - raft.server.storage.free-space.min = 0MB (=0) (default)
2023-04-27 06:11:54,109 [pool-145-thread-1] INFO  server.RaftServerConfigKeys (ConfUtils.java:logGet(46)) - raft.server.notification.no-leader.timeout = 300000ms (custom)
2023-04-27 06:11:54,109 [pool-145-thread-1] INFO  server.RaftServerConfigKeys (ConfUtils.java:logGet(46)) - raft.server.retrycache.expirytime = 600000ms (custom)
2023-04-27 06:11:54,109 [pool-145-thread-1] INFO  server.RaftServerConfigKeys (ConfUtils.java:logGet(46)) - raft.server.retrycache.statistics.expirytime = 100μs (default)
2023-04-27 06:11:54,123 [pool-145-thread-1] INFO  server.RaftServerConfigKeys (ConfUtils.java:logGet(46)) - raft.server.log.appender.install.snapshot.enabled = false (custom)
2023-04-27 06:11:54,123 [pool-145-thread-1] INFO  server.RaftServerConfigKeys (ConfUtils.java:logGet(46)) - raft.server.threadpool.server.cached = true (default)
2023-04-27 06:11:54,123 [pool-145-thread-1] INFO  server.RaftServerConfigKeys (ConfUtils.java:logGet(46)) - raft.server.threadpool.server.size = 0 (default)
2023-04-27 06:11:54,123 [pool-145-thread-1] INFO  server.RaftServerConfigKeys (ConfUtils.java:logGet(46)) - raft.server.threadpool.client.cached = true (default)
2023-04-27 06:11:54,123 [pool-145-thread-1] INFO  server.RaftServerConfigKeys (ConfUtils.java:logGet(46)) - raft.server.threadpool.client.size = 0 (default)
2023-04-27 06:11:54,123 [pool-145-thread-1] INFO  storage.RaftStorageDirectory (RaftStorageDirectoryImpl.java:analyzeStorage(137)) - The storage directory /home/runner/work/ozone/ozone/hadoop-ozone/integration-test/target/test-dir/MiniOzoneClusterImpl-b7159a92-b125-4b28-96e0-478247ce15d0/datanode-3/data/ratis/502bba5d-536b-4da7-b920-71c197c73bd8 does not exist. Creating ...
2023-04-27 06:11:54,124 [pool-145-thread-1] INFO  storage.RaftStorageDirectory (RaftStorageDirectoryImpl.java:tryLock(231)) - Lock on /home/runner/work/ozone/ozone/hadoop-ozone/integration-test/target/test-dir/MiniOzoneClusterImpl-b7159a92-b125-4b28-96e0-478247ce15d0/datanode-3/data/ratis/502bba5d-536b-4da7-b920-71c197c73bd8/in_use.lock acquired by nodename 37755@fv-az220-795
2023-04-27 06:11:54,134 [pool-145-thread-1] INFO  storage.RaftStorage (RaftStorageImpl.java:format(96)) - Storage directory /home/runner/work/ozone/ozone/hadoop-ozone/integration-test/target/test-dir/MiniOzoneClusterImpl-b7159a92-b125-4b28-96e0-478247ce15d0/datanode-3/data/ratis/502bba5d-536b-4da7-b920-71c197c73bd8 has been successfully formatted.
2023-04-27 06:11:54,134 [Command processor thread] INFO  commandhandler.CreatePipelineCommandHandler (CreatePipelineCommandHandler.java:handle(113)) - Created Pipeline RATIS THREE PipelineID=7ccd0db3-15fe-40d1-b563-da73ad7f98dc.
2023-04-27 06:11:54,136 [pool-145-thread-1] INFO  ratis.ContainerStateMachine (ContainerStateMachine.java:loadSnapshot(262)) - group-71C197C73BD8: The snapshot info is null. Setting the last applied indexto:(t:0, i:~)
2023-04-27 06:11:54,136 [pool-145-thread-1] INFO  server.RaftServerConfigKeys (ConfUtils.java:logGet(46)) - raft.server.log.use.memory = false (default)
2023-04-27 06:11:54,136 [pool-145-thread-1] INFO  server.RaftServerConfigKeys (ConfUtils.java:logGet(46)) - raft.server.log.purge.gap = 1000000 (custom)
2023-04-27 06:11:54,136 [pool-145-thread-1] INFO  server.RaftServerConfigKeys (ConfUtils.java:logGet(46)) - raft.server.log.appender.buffer.byte-limit = 33554432 (custom)
2023-04-27 06:11:54,136 [pool-145-thread-1] INFO  server.RaftServerConfigKeys (ConfUtils.java:logGet(46)) - raft.server.log.statemachine.data.read.timeout = 1000ms (default)
2023-04-27 06:11:54,136 [pool-145-thread-1] INFO  server.RaftServerConfigKeys (ConfUtils.java:logGet(46)) - raft.server.log.purge.preservation.log.num = 0 (default)
2023-04-27 06:11:54,136 [pool-145-thread-1] INFO  server.RaftServerConfigKeys (ConfUtils.java:logGet(46)) - raft.server.log.segment.size.max = 1048576 (custom)
2023-04-27 06:11:54,137 [pool-145-thread-1] INFO  server.RaftServerConfigKeys (ConfUtils.java:logGet(46)) - raft.server.log.segment.cache.num.max = 2 (custom)
2023-04-27 06:11:54,137 [pool-145-thread-1] INFO  server.RaftServerConfigKeys (ConfUtils.java:logGet(46)) - raft.server.log.segment.cache.size.max = 200MB (=209715200) (default)
2023-04-27 06:11:54,137 [pool-145-thread-1] INFO  segmented.SegmentedRaftLogWorker (SegmentedRaftLogWorker.java:<init>(189)) - new 212d554a-1aad-4773-9d82-bb5fa0fa9f58@group-71C197C73BD8-SegmentedRaftLogWorker for RaftStorageImpl:Storage Directory /home/runner/work/ozone/ozone/hadoop-ozone/integration-test/target/test-dir/MiniOzoneClusterImpl-b7159a92-b125-4b28-96e0-478247ce15d0/datanode-3/data/ratis/502bba5d-536b-4da7-b920-71c197c73bd8
2023-04-27 06:11:54,137 [pool-145-thread-1] INFO  server.RaftServerConfigKeys (ConfUtils.java:logGet(46)) - raft.server.log.queue.byte-limit = 4294967296 (custom)
2023-04-27 06:11:54,137 [pool-145-thread-1] INFO  server.RaftServerConfigKeys (ConfUtils.java:logGet(46)) - raft.server.log.queue.element-limit = 1024 (custom)
2023-04-27 06:11:54,137 [pool-145-thread-1] INFO  server.RaftServerConfigKeys (ConfUtils.java:logGet(46)) - raft.server.log.segment.size.max = 1048576 (custom)
2023-04-27 06:11:54,137 [pool-145-thread-1] INFO  server.RaftServerConfigKeys (ConfUtils.java:logGet(46)) - raft.server.log.preallocated.size = 16384 (custom)
2023-04-27 06:11:54,137 [pool-145-thread-1] INFO  server.RaftServerConfigKeys (ConfUtils.java:logGet(46)) - raft.server.log.force.sync.num = 128 (default)
2023-04-27 06:11:54,137 [pool-145-thread-1] INFO  server.RaftServerConfigKeys (ConfUtils.java:logGet(46)) - raft.server.log.statemachine.data.sync = true (default)
2023-04-27 06:11:54,137 [pool-145-thread-1] INFO  server.RaftServerConfigKeys (ConfUtils.java:logGet(46)) - raft.server.log.statemachine.data.sync.timeout = 10s (default)
2023-04-27 06:11:54,137 [pool-145-thread-1] INFO  server.RaftServerConfigKeys (ConfUtils.java:logGet(46)) - raft.server.log.statemachine.data.sync.timeout.retry = -1 (default)
2023-04-27 06:11:54,138 [pool-145-thread-1] INFO  server.RaftServerConfigKeys (ConfUtils.java:logGet(46)) - raft.server.log.write.buffer.size = 1048576 (custom)
2023-04-27 06:11:54,139 [pool-145-thread-1] INFO  server.RaftServerConfigKeys (ConfUtils.java:logGet(46)) - raft.server.log.appender.buffer.byte-limit = 33554432 (custom)
2023-04-27 06:11:54,152 [EventQueue-PipelineReportForPipelineReportHandler] INFO  pipeline.PipelineManagerImpl (PipelineManagerImpl.java:openPipeline(367)) - Pipeline Pipeline[ Id: 502bba5d-536b-4da7-b920-71c197c73bd8, Nodes: 212d554a-1aad-4773-9d82-bb5fa0fa9f58(fv-az220-795.shdwizndlbjulinwhzhdmup5sb.jx.internal.cloudapp.net/10.1.0.34), ReplicationConfig: RATIS/ONE, State:ALLOCATED, leaderId:212d554a-1aad-4773-9d82-bb5fa0fa9f58, CreationTimestamp2023-04-27T06:11:51.090Z[Etc/UTC]] moved to OPEN state
2023-04-27 06:11:54,153 [EventQueue-OpenPipelineForHealthyPipelineSafeModeRule] INFO  safemode.SCMSafeModeManager (HealthyPipelineSafeModeRule.java:process(137)) - SCM in safe mode. Healthy pipelines reported count is 0, required healthy pipeline reported count is 1
2023-04-27 06:11:54,153 [pool-145-thread-1] INFO  server.RaftServerConfigKeys (ConfUtils.java:logGet(46)) - raft.server.log.unsafe-flush.enabled = false (default)
2023-04-27 06:11:54,153 [pool-145-thread-1] INFO  server.RaftServerConfigKeys (ConfUtils.java:logGet(46)) - raft.server.log.async-flush.enabled = false (default)
2023-04-27 06:11:54,153 [pool-145-thread-1] INFO  server.RaftServerConfigKeys (ConfUtils.java:logGet(46)) - raft.server.log.statemachine.data.caching.enabled = true (custom)
2023-04-27 06:11:54,153 [pool-145-thread-1] INFO  segmented.SegmentedRaftLogWorker (SegmentedRaftLogWorker.java:lambda$new$0(135)) - 212d554a-1aad-4773-9d82-bb5fa0fa9f58@group-71C197C73BD8-SegmentedRaftLogWorker: flushIndex: setUnconditionally 0 -> -1
2023-04-27 06:11:54,153 [pool-145-thread-1] INFO  segmented.SegmentedRaftLogWorker (SegmentedRaftLogWorker.java:lambda$new$0(135)) - 212d554a-1aad-4773-9d82-bb5fa0fa9f58@group-71C197C73BD8-SegmentedRaftLogWorker: safeCacheEvictIndex: setUnconditionally 0 -> -1
2023-04-27 06:11:54,158 [pool-145-thread-1] INFO  server.RaftServer$Division (RaftServerImpl.java:start(334)) - 212d554a-1aad-4773-9d82-bb5fa0fa9f58@group-71C197C73BD8: start as a follower, conf=-1: peers:[212d554a-1aad-4773-9d82-bb5fa0fa9f58|rpc:10.1.0.34:33789|dataStream:10.1.0.34:33765|priority:1|startupRole:FOLLOWER]|listeners:[], old=null
2023-04-27 06:11:54,160 [pool-145-thread-1] INFO  server.RaftServer$Division (RaftServerImpl.java:setRole(321)) - 212d554a-1aad-4773-9d82-bb5fa0fa9f58@group-71C197C73BD8: changes role from      null to FOLLOWER at term 0 for startAsFollower
2023-04-27 06:11:54,160 [pool-145-thread-1] INFO  impl.RoleInfo (RoleInfo.java:updateAndGet(139)) - 212d554a-1aad-4773-9d82-bb5fa0fa9f58: start 212d554a-1aad-4773-9d82-bb5fa0fa9f58@group-71C197C73BD8-FollowerState
2023-04-27 06:11:54,164 [pool-145-thread-1] INFO  util.JmxRegister (JmxRegister.java:tryRegister(44)) - Successfully registered JMX Bean with object name Ratis:service=RaftServer,group=group-71C197C73BD8,id=212d554a-1aad-4773-9d82-bb5fa0fa9f58
2023-04-27 06:11:54,164 [pool-145-thread-1] INFO  server.RaftServerConfigKeys (ConfUtils.java:logGet(46)) - raft.server.snapshot.auto.trigger.enabled = true (custom)
2023-04-27 06:11:54,165 [pool-145-thread-1] INFO  server.RaftServerConfigKeys (ConfUtils.java:logGet(46)) - raft.server.snapshot.auto.trigger.threshold = 10000 (custom)
2023-04-27 06:11:54,165 [pool-145-thread-1] INFO  server.RaftServerConfigKeys (ConfUtils.java:logGet(46)) - raft.server.snapshot.retention.file.num = 5 (custom)
2023-04-27 06:11:54,165 [pool-145-thread-1] INFO  server.RaftServerConfigKeys (ConfUtils.java:logGet(46)) - raft.server.log.purge.upto.snapshot.index = false (default)
2023-04-27 06:11:54,165 [212d554a-1aad-4773-9d82-bb5fa0fa9f58@group-71C197C73BD8-FollowerState] INFO  server.RaftServerConfigKeys (ConfUtils.java:logFallback(53)) - raft.server.rpc.first-election.timeout.min = 5s (fallback to raft.server.rpc.timeout.min)
2023-04-27 06:11:54,165 [212d554a-1aad-4773-9d82-bb5fa0fa9f58@group-71C197C73BD8-FollowerState] INFO  server.RaftServerConfigKeys (ConfUtils.java:logFallback(53)) - raft.server.rpc.first-election.timeout.max = 5200ms (fallback to raft.server.rpc.timeout.max)
2023-04-27 06:11:54,174 [Command processor thread] INFO  ratis.XceiverServerRatis (XceiverServerRatis.java:addGroup(806)) - Created group PipelineID=502bba5d-536b-4da7-b920-71c197c73bd8
2023-04-27 06:11:54,174 [Command processor thread] INFO  commandhandler.CreatePipelineCommandHandler (CreatePipelineCommandHandler.java:handle(113)) - Created Pipeline RATIS ONE PipelineID=502bba5d-536b-4da7-b920-71c197c73bd8.
2023-04-27 06:11:54,188 [Command processor thread] INFO  commandhandler.CreatePipelineCommandHandler (CreatePipelineCommandHandler.java:handle(113)) - Created Pipeline RATIS THREE PipelineID=7ccd0db3-15fe-40d1-b563-da73ad7f98dc.
2023-04-27 06:11:54,495 [Listener at 127.0.0.1/44053] INFO  ozone.MiniOzoneClusterImpl (MiniOzoneClusterImpl.java:lambda$waitForClusterToBeReady$0(223)) - Nodes are ready. Got 5 of 5 DN Heartbeats.
2023-04-27 06:11:54,495 [Listener at 127.0.0.1/44053] INFO  ozone.MiniOzoneClusterImpl (MiniOzoneClusterImpl.java:lambda$waitForClusterToBeReady$0(226)) - Waiting for cluster to exit safe mode
2023-04-27 06:11:54,496 [Listener at 127.0.0.1/44053] INFO  ozone.MiniOzoneClusterImpl (MiniOzoneClusterImpl.java:lambda$waitForClusterToBeReady$0(228)) - SCM became leader
2023-04-27 06:11:54,498 [Command processor thread] INFO  server.RaftServer (RaftServerProxy.java:addNew(96)) - cbdadb07-7074-46eb-a3e9-d1b6d1a4da2f: addNew group-650EF9356771:[cbdadb07-7074-46eb-a3e9-d1b6d1a4da2f|rpc:10.1.0.34:42309|dataStream:10.1.0.34:45977|priority:1|startupRole:FOLLOWER] returns group-650EF9356771:java.util.concurrent.CompletableFuture@5909914[Not completed]
2023-04-27 06:11:54,502 [pool-167-thread-1] INFO  server.RaftServer$Division (RaftServerImpl.java:<init>(195)) - cbdadb07-7074-46eb-a3e9-d1b6d1a4da2f: new RaftServerImpl for group-650EF9356771:[cbdadb07-7074-46eb-a3e9-d1b6d1a4da2f|rpc:10.1.0.34:42309|dataStream:10.1.0.34:45977|priority:1|startupRole:FOLLOWER] with ContainerStateMachine:uninitialized
2023-04-27 06:11:54,502 [pool-167-thread-1] INFO  server.RaftServerConfigKeys (ConfUtils.java:logGet(46)) - raft.server.rpc.timeout.min = 5s (custom)
2023-04-27 06:11:54,502 [pool-167-thread-1] INFO  server.RaftServerConfigKeys (ConfUtils.java:logGet(46)) - raft.server.rpc.timeout.max = 5200ms (custom)
2023-04-27 06:11:54,502 [pool-167-thread-1] INFO  server.RaftServerConfigKeys (ConfUtils.java:logGet(46)) - raft.server.rpc.sleep.time = 25ms (default)
2023-04-27 06:11:54,502 [pool-167-thread-1] INFO  server.RaftServerConfigKeys (ConfUtils.java:logGet(46)) - raft.server.rpc.slowness.timeout = 300000ms (custom)
2023-04-27 06:11:54,502 [pool-167-thread-1] INFO  server.RaftServerConfigKeys (ConfUtils.java:logGet(46)) - raft.server.leaderelection.leader.step-down.wait-time = 10s (default)
2023-04-27 06:11:54,502 [pool-167-thread-1] INFO  server.RaftServerConfigKeys (ConfUtils.java:logGet(46)) - raft.server.sleep.deviation.threshold = 300ms (default)
2023-04-27 06:11:54,502 [pool-167-thread-1] INFO  server.RaftServer$Division (ServerState.java:<init>(118)) - cbdadb07-7074-46eb-a3e9-d1b6d1a4da2f@group-650EF9356771: ConfigurationManager, init=-1: peers:[cbdadb07-7074-46eb-a3e9-d1b6d1a4da2f|rpc:10.1.0.34:42309|dataStream:10.1.0.34:45977|priority:1|startupRole:FOLLOWER]|listeners:[], old=null, confs=<EMPTY_MAP>
2023-04-27 06:11:54,503 [pool-167-thread-1] INFO  server.RaftServerConfigKeys (ConfUtils.java:logGet(46)) - raft.server.storage.dir = [/home/runner/work/ozone/ozone/hadoop-ozone/integration-test/target/test-dir/MiniOzoneClusterImpl-b7159a92-b125-4b28-96e0-478247ce15d0/datanode-4/data/ratis] (custom)
2023-04-27 06:11:54,503 [pool-167-thread-1] INFO  server.RaftServerConfigKeys (ConfUtils.java:logGet(46)) - raft.server.log.corruption.policy = EXCEPTION (default)
2023-04-27 06:11:54,503 [pool-167-thread-1] INFO  server.RaftServerConfigKeys (ConfUtils.java:logGet(46)) - raft.server.storage.free-space.min = 0MB (=0) (default)
2023-04-27 06:11:54,503 [pool-167-thread-1] INFO  server.RaftServerConfigKeys (ConfUtils.java:logGet(46)) - raft.server.notification.no-leader.timeout = 300000ms (custom)
2023-04-27 06:11:54,503 [pool-167-thread-1] INFO  server.RaftServerConfigKeys (ConfUtils.java:logGet(46)) - raft.server.retrycache.expirytime = 600000ms (custom)
2023-04-27 06:11:54,503 [pool-167-thread-1] INFO  server.RaftServerConfigKeys (ConfUtils.java:logGet(46)) - raft.server.retrycache.statistics.expirytime = 100μs (default)
2023-04-27 06:11:54,506 [pool-167-thread-1] INFO  server.RaftServerConfigKeys (ConfUtils.java:logGet(46)) - raft.server.log.appender.install.snapshot.enabled = false (custom)
2023-04-27 06:11:54,506 [pool-167-thread-1] INFO  server.RaftServerConfigKeys (ConfUtils.java:logGet(46)) - raft.server.threadpool.server.cached = true (default)
2023-04-27 06:11:54,506 [pool-167-thread-1] INFO  server.RaftServerConfigKeys (ConfUtils.java:logGet(46)) - raft.server.threadpool.server.size = 0 (default)
2023-04-27 06:11:54,506 [pool-167-thread-1] INFO  server.RaftServerConfigKeys (ConfUtils.java:logGet(46)) - raft.server.threadpool.client.cached = true (default)
2023-04-27 06:11:54,506 [pool-167-thread-1] INFO  server.RaftServerConfigKeys (ConfUtils.java:logGet(46)) - raft.server.threadpool.client.size = 0 (default)
2023-04-27 06:11:54,506 [pool-167-thread-1] INFO  storage.RaftStorageDirectory (RaftStorageDirectoryImpl.java:analyzeStorage(137)) - The storage directory /home/runner/work/ozone/ozone/hadoop-ozone/integration-test/target/test-dir/MiniOzoneClusterImpl-b7159a92-b125-4b28-96e0-478247ce15d0/datanode-4/data/ratis/64134f16-f43e-44ce-9bb5-650ef9356771 does not exist. Creating ...
2023-04-27 06:11:54,507 [pool-167-thread-1] INFO  storage.RaftStorageDirectory (RaftStorageDirectoryImpl.java:tryLock(231)) - Lock on /home/runner/work/ozone/ozone/hadoop-ozone/integration-test/target/test-dir/MiniOzoneClusterImpl-b7159a92-b125-4b28-96e0-478247ce15d0/datanode-4/data/ratis/64134f16-f43e-44ce-9bb5-650ef9356771/in_use.lock acquired by nodename 37755@fv-az220-795
2023-04-27 06:11:54,509 [pool-167-thread-1] INFO  storage.RaftStorage (RaftStorageImpl.java:format(96)) - Storage directory /home/runner/work/ozone/ozone/hadoop-ozone/integration-test/target/test-dir/MiniOzoneClusterImpl-b7159a92-b125-4b28-96e0-478247ce15d0/datanode-4/data/ratis/64134f16-f43e-44ce-9bb5-650ef9356771 has been successfully formatted.
2023-04-27 06:11:54,510 [pool-167-thread-1] INFO  ratis.ContainerStateMachine (ContainerStateMachine.java:loadSnapshot(262)) - group-650EF9356771: The snapshot info is null. Setting the last applied indexto:(t:0, i:~)
2023-04-27 06:11:54,510 [pool-167-thread-1] INFO  server.RaftServerConfigKeys (ConfUtils.java:logGet(46)) - raft.server.log.use.memory = false (default)
2023-04-27 06:11:54,510 [pool-167-thread-1] INFO  server.RaftServerConfigKeys (ConfUtils.java:logGet(46)) - raft.server.log.purge.gap = 1000000 (custom)
2023-04-27 06:11:54,510 [pool-167-thread-1] INFO  server.RaftServerConfigKeys (ConfUtils.java:logGet(46)) - raft.server.log.appender.buffer.byte-limit = 33554432 (custom)
2023-04-27 06:11:54,510 [pool-167-thread-1] INFO  server.RaftServerConfigKeys (ConfUtils.java:logGet(46)) - raft.server.log.statemachine.data.read.timeout = 1000ms (default)
2023-04-27 06:11:54,510 [pool-167-thread-1] INFO  server.RaftServerConfigKeys (ConfUtils.java:logGet(46)) - raft.server.log.purge.preservation.log.num = 0 (default)
2023-04-27 06:11:54,510 [pool-167-thread-1] INFO  server.RaftServerConfigKeys (ConfUtils.java:logGet(46)) - raft.server.log.segment.size.max = 1048576 (custom)
2023-04-27 06:11:54,512 [EventQueue-PipelineReportForPipelineReportHandler] INFO  pipeline.PipelineManagerImpl (PipelineManagerImpl.java:openPipeline(367)) - Pipeline Pipeline[ Id: 64134f16-f43e-44ce-9bb5-650ef9356771, Nodes: cbdadb07-7074-46eb-a3e9-d1b6d1a4da2f(fv-az220-795.shdwizndlbjulinwhzhdmup5sb.jx.internal.cloudapp.net/10.1.0.34), ReplicationConfig: RATIS/ONE, State:ALLOCATED, leaderId:cbdadb07-7074-46eb-a3e9-d1b6d1a4da2f, CreationTimestamp2023-04-27T06:11:51.501Z[Etc/UTC]] moved to OPEN state
2023-04-27 06:11:54,512 [EventQueue-OpenPipelineForHealthyPipelineSafeModeRule] INFO  safemode.SCMSafeModeManager (HealthyPipelineSafeModeRule.java:process(137)) - SCM in safe mode. Healthy pipelines reported count is 0, required healthy pipeline reported count is 1
2023-04-27 06:11:54,513 [pool-167-thread-1] INFO  server.RaftServerConfigKeys (ConfUtils.java:logGet(46)) - raft.server.log.segment.cache.num.max = 2 (custom)
2023-04-27 06:11:54,513 [pool-167-thread-1] INFO  server.RaftServerConfigKeys (ConfUtils.java:logGet(46)) - raft.server.log.segment.cache.size.max = 200MB (=209715200) (default)
2023-04-27 06:11:54,513 [pool-167-thread-1] INFO  segmented.SegmentedRaftLogWorker (SegmentedRaftLogWorker.java:<init>(189)) - new cbdadb07-7074-46eb-a3e9-d1b6d1a4da2f@group-650EF9356771-SegmentedRaftLogWorker for RaftStorageImpl:Storage Directory /home/runner/work/ozone/ozone/hadoop-ozone/integration-test/target/test-dir/MiniOzoneClusterImpl-b7159a92-b125-4b28-96e0-478247ce15d0/datanode-4/data/ratis/64134f16-f43e-44ce-9bb5-650ef9356771
2023-04-27 06:11:54,513 [pool-167-thread-1] INFO  server.RaftServerConfigKeys (ConfUtils.java:logGet(46)) - raft.server.log.queue.byte-limit = 4294967296 (custom)
2023-04-27 06:11:54,513 [pool-167-thread-1] INFO  server.RaftServerConfigKeys (ConfUtils.java:logGet(46)) - raft.server.log.queue.element-limit = 1024 (custom)
2023-04-27 06:11:54,513 [pool-167-thread-1] INFO  server.RaftServerConfigKeys (ConfUtils.java:logGet(46)) - raft.server.log.segment.size.max = 1048576 (custom)
2023-04-27 06:11:54,513 [pool-167-thread-1] INFO  server.RaftServerConfigKeys (ConfUtils.java:logGet(46)) - raft.server.log.preallocated.size = 16384 (custom)
2023-04-27 06:11:54,513 [pool-167-thread-1] INFO  server.RaftServerConfigKeys (ConfUtils.java:logGet(46)) - raft.server.log.force.sync.num = 128 (default)
2023-04-27 06:11:54,513 [pool-167-thread-1] INFO  server.RaftServerConfigKeys (ConfUtils.java:logGet(46)) - raft.server.log.statemachine.data.sync = true (default)
2023-04-27 06:11:54,513 [pool-167-thread-1] INFO  server.RaftServerConfigKeys (ConfUtils.java:logGet(46)) - raft.server.log.statemachine.data.sync.timeout = 10s (default)
2023-04-27 06:11:54,513 [pool-167-thread-1] INFO  server.RaftServerConfigKeys (ConfUtils.java:logGet(46)) - raft.server.log.statemachine.data.sync.timeout.retry = -1 (default)
2023-04-27 06:11:54,515 [pool-167-thread-1] INFO  server.RaftServerConfigKeys (ConfUtils.java:logGet(46)) - raft.server.log.write.buffer.size = 1048576 (custom)
2023-04-27 06:11:54,516 [pool-167-thread-1] INFO  server.RaftServerConfigKeys (ConfUtils.java:logGet(46)) - raft.server.log.appender.buffer.byte-limit = 33554432 (custom)
2023-04-27 06:11:54,521 [pool-167-thread-1] INFO  server.RaftServerConfigKeys (ConfUtils.java:logGet(46)) - raft.server.log.unsafe-flush.enabled = false (default)
2023-04-27 06:11:54,521 [pool-167-thread-1] INFO  server.RaftServerConfigKeys (ConfUtils.java:logGet(46)) - raft.server.log.async-flush.enabled = false (default)
2023-04-27 06:11:54,521 [pool-167-thread-1] INFO  server.RaftServerConfigKeys (ConfUtils.java:logGet(46)) - raft.server.log.statemachine.data.caching.enabled = true (custom)
2023-04-27 06:11:54,522 [pool-167-thread-1] INFO  segmented.SegmentedRaftLogWorker (SegmentedRaftLogWorker.java:lambda$new$0(135)) - cbdadb07-7074-46eb-a3e9-d1b6d1a4da2f@group-650EF9356771-SegmentedRaftLogWorker: flushIndex: setUnconditionally 0 -> -1
2023-04-27 06:11:54,522 [pool-167-thread-1] INFO  segmented.SegmentedRaftLogWorker (SegmentedRaftLogWorker.java:lambda$new$0(135)) - cbdadb07-7074-46eb-a3e9-d1b6d1a4da2f@group-650EF9356771-SegmentedRaftLogWorker: safeCacheEvictIndex: setUnconditionally 0 -> -1
2023-04-27 06:11:54,525 [pool-167-thread-1] INFO  server.RaftServer$Division (RaftServerImpl.java:start(334)) - cbdadb07-7074-46eb-a3e9-d1b6d1a4da2f@group-650EF9356771: start as a follower, conf=-1: peers:[cbdadb07-7074-46eb-a3e9-d1b6d1a4da2f|rpc:10.1.0.34:42309|dataStream:10.1.0.34:45977|priority:1|startupRole:FOLLOWER]|listeners:[], old=null
2023-04-27 06:11:54,526 [pool-167-thread-1] INFO  server.RaftServer$Division (RaftServerImpl.java:setRole(321)) - cbdadb07-7074-46eb-a3e9-d1b6d1a4da2f@group-650EF9356771: changes role from      null to FOLLOWER at term 0 for startAsFollower
2023-04-27 06:11:54,526 [pool-167-thread-1] INFO  impl.RoleInfo (RoleInfo.java:updateAndGet(139)) - cbdadb07-7074-46eb-a3e9-d1b6d1a4da2f: start cbdadb07-7074-46eb-a3e9-d1b6d1a4da2f@group-650EF9356771-FollowerState
2023-04-27 06:11:54,529 [pool-167-thread-1] INFO  util.JmxRegister (JmxRegister.java:tryRegister(44)) - Successfully registered JMX Bean with object name Ratis:service=RaftServer,group=group-650EF9356771,id=cbdadb07-7074-46eb-a3e9-d1b6d1a4da2f
2023-04-27 06:11:54,529 [pool-167-thread-1] INFO  server.RaftServerConfigKeys (ConfUtils.java:logGet(46)) - raft.server.snapshot.auto.trigger.enabled = true (custom)
2023-04-27 06:11:54,529 [pool-167-thread-1] INFO  server.RaftServerConfigKeys (ConfUtils.java:logGet(46)) - raft.server.snapshot.auto.trigger.threshold = 10000 (custom)
2023-04-27 06:11:54,529 [pool-167-thread-1] INFO  server.RaftServerConfigKeys (ConfUtils.java:logGet(46)) - raft.server.snapshot.retention.file.num = 5 (custom)
2023-04-27 06:11:54,529 [pool-167-thread-1] INFO  server.RaftServerConfigKeys (ConfUtils.java:logGet(46)) - raft.server.log.purge.upto.snapshot.index = false (default)
2023-04-27 06:11:54,530 [cbdadb07-7074-46eb-a3e9-d1b6d1a4da2f@group-650EF9356771-FollowerState] INFO  server.RaftServerConfigKeys (ConfUtils.java:logFallback(53)) - raft.server.rpc.first-election.timeout.min = 5s (fallback to raft.server.rpc.timeout.min)
2023-04-27 06:11:54,530 [cbdadb07-7074-46eb-a3e9-d1b6d1a4da2f@group-650EF9356771-FollowerState] INFO  server.RaftServerConfigKeys (ConfUtils.java:logFallback(53)) - raft.server.rpc.first-election.timeout.max = 5200ms (fallback to raft.server.rpc.timeout.max)
2023-04-27 06:11:54,530 [Command processor thread] INFO  ratis.XceiverServerRatis (XceiverServerRatis.java:addGroup(806)) - Created group PipelineID=64134f16-f43e-44ce-9bb5-650ef9356771
2023-04-27 06:11:54,530 [Command processor thread] INFO  commandhandler.CreatePipelineCommandHandler (CreatePipelineCommandHandler.java:handle(113)) - Created Pipeline RATIS ONE PipelineID=64134f16-f43e-44ce-9bb5-650ef9356771.
2023-04-27 06:11:55,496 [Listener at 127.0.0.1/44053] INFO  ozone.MiniOzoneClusterImpl (MiniOzoneClusterImpl.java:lambda$waitForClusterToBeReady$0(223)) - Nodes are ready. Got 5 of 5 DN Heartbeats.
2023-04-27 06:11:55,496 [Listener at 127.0.0.1/44053] INFO  ozone.MiniOzoneClusterImpl (MiniOzoneClusterImpl.java:lambda$waitForClusterToBeReady$0(226)) - Waiting for cluster to exit safe mode
2023-04-27 06:11:55,496 [Listener at 127.0.0.1/44053] INFO  ozone.MiniOzoneClusterImpl (MiniOzoneClusterImpl.java:lambda$waitForClusterToBeReady$0(228)) - SCM became leader
2023-04-27 06:11:56,497 [Listener at 127.0.0.1/44053] INFO  ozone.MiniOzoneClusterImpl (MiniOzoneClusterImpl.java:lambda$waitForClusterToBeReady$0(223)) - Nodes are ready. Got 5 of 5 DN Heartbeats.
2023-04-27 06:11:56,497 [Listener at 127.0.0.1/44053] INFO  ozone.MiniOzoneClusterImpl (MiniOzoneClusterImpl.java:lambda$waitForClusterToBeReady$0(226)) - Waiting for cluster to exit safe mode
2023-04-27 06:11:56,497 [Listener at 127.0.0.1/44053] INFO  ozone.MiniOzoneClusterImpl (MiniOzoneClusterImpl.java:lambda$waitForClusterToBeReady$0(228)) - SCM became leader
2023-04-27 06:11:57,497 [Listener at 127.0.0.1/44053] INFO  ozone.MiniOzoneClusterImpl (MiniOzoneClusterImpl.java:lambda$waitForClusterToBeReady$0(223)) - Nodes are ready. Got 5 of 5 DN Heartbeats.
2023-04-27 06:11:57,498 [Listener at 127.0.0.1/44053] INFO  ozone.MiniOzoneClusterImpl (MiniOzoneClusterImpl.java:lambda$waitForClusterToBeReady$0(226)) - Waiting for cluster to exit safe mode
2023-04-27 06:11:57,498 [Listener at 127.0.0.1/44053] INFO  ozone.MiniOzoneClusterImpl (MiniOzoneClusterImpl.java:lambda$waitForClusterToBeReady$0(228)) - SCM became leader
2023-04-27 06:11:57,981 [d854720a-bbe5-47c1-a40c-d7c4a462ec23@group-0040F47B0831-FollowerState] INFO  impl.FollowerState (FollowerState.java:run(143)) - d854720a-bbe5-47c1-a40c-d7c4a462ec23@group-0040F47B0831-FollowerState: change to CANDIDATE, lastRpcElapsedTime:5067445439ns, electionTimeout:5050ms
2023-04-27 06:11:57,981 [d854720a-bbe5-47c1-a40c-d7c4a462ec23@group-0040F47B0831-FollowerState] INFO  impl.RoleInfo (RoleInfo.java:shutdownFollowerState(110)) - d854720a-bbe5-47c1-a40c-d7c4a462ec23: shutdown d854720a-bbe5-47c1-a40c-d7c4a462ec23@group-0040F47B0831-FollowerState
2023-04-27 06:11:57,982 [d854720a-bbe5-47c1-a40c-d7c4a462ec23@group-0040F47B0831-FollowerState] INFO  server.RaftServer$Division (RaftServerImpl.java:setRole(321)) - d854720a-bbe5-47c1-a40c-d7c4a462ec23@group-0040F47B0831: changes role from  FOLLOWER to CANDIDATE at term 0 for changeToCandidate
2023-04-27 06:11:57,983 [d854720a-bbe5-47c1-a40c-d7c4a462ec23@group-0040F47B0831-FollowerState] INFO  server.RaftServerConfigKeys (ConfUtils.java:logGet(46)) - raft.server.leaderelection.pre-vote = true (default)
2023-04-27 06:11:57,983 [d854720a-bbe5-47c1-a40c-d7c4a462ec23@group-0040F47B0831-FollowerState] INFO  impl.RoleInfo (RoleInfo.java:updateAndGet(139)) - d854720a-bbe5-47c1-a40c-d7c4a462ec23: start d854720a-bbe5-47c1-a40c-d7c4a462ec23@group-0040F47B0831-LeaderElection2
2023-04-27 06:11:57,990 [d854720a-bbe5-47c1-a40c-d7c4a462ec23@group-0040F47B0831-LeaderElection2] INFO  impl.LeaderElection (LeaderElection.java:askForVotes(312)) - d854720a-bbe5-47c1-a40c-d7c4a462ec23@group-0040F47B0831-LeaderElection2 PRE_VOTE round 0: submit vote requests at term 0 for -1: peers:[d3795bd6-5a77-4d2d-9b17-a3a54c2e679f|rpc:10.1.0.34:37857|dataStream:10.1.0.34:39621|priority:0|startupRole:FOLLOWER, 9e79f7cb-e4c5-47cb-aa46-b66eba433fb4|rpc:10.1.0.34:37175|dataStream:10.1.0.34:43331|priority:0|startupRole:FOLLOWER, d854720a-bbe5-47c1-a40c-d7c4a462ec23|rpc:10.1.0.34:37589|dataStream:10.1.0.34:34327|priority:1|startupRole:FOLLOWER]|listeners:[], old=null
2023-04-27 06:11:57,996 [d854720a-bbe5-47c1-a40c-d7c4a462ec23@group-0040F47B0831-LeaderElection2-1] INFO  server.GrpcServerProtocolClient (GrpcServerProtocolClient.java:<init>(63)) - Build channel for d3795bd6-5a77-4d2d-9b17-a3a54c2e679f
2023-04-27 06:11:58,000 [d854720a-bbe5-47c1-a40c-d7c4a462ec23@group-0040F47B0831-LeaderElection2] INFO  server.RaftServerConfigKeys (ConfUtils.java:logFallback(53)) - raft.server.rpc.first-election.timeout.min = 5s (fallback to raft.server.rpc.timeout.min)
2023-04-27 06:11:58,001 [d854720a-bbe5-47c1-a40c-d7c4a462ec23@group-0040F47B0831-LeaderElection2] INFO  server.RaftServerConfigKeys (ConfUtils.java:logFallback(53)) - raft.server.rpc.first-election.timeout.max = 5200ms (fallback to raft.server.rpc.timeout.max)
2023-04-27 06:11:58,001 [d854720a-bbe5-47c1-a40c-d7c4a462ec23@group-0040F47B0831-LeaderElection2-2] INFO  server.GrpcServerProtocolClient (GrpcServerProtocolClient.java:<init>(63)) - Build channel for 9e79f7cb-e4c5-47cb-aa46-b66eba433fb4
2023-04-27 06:11:58,021 [grpc-default-executor-0] INFO  server.RaftServer$Division (RaftServerImpl.java:requestVote(1218)) - d3795bd6-5a77-4d2d-9b17-a3a54c2e679f@group-0040F47B0831: receive requestVote(PRE_VOTE, d854720a-bbe5-47c1-a40c-d7c4a462ec23, group-0040F47B0831, 0, (t:0, i:0))
2023-04-27 06:11:58,024 [grpc-default-executor-0] INFO  impl.VoteContext (VoteContext.java:log(49)) - d3795bd6-5a77-4d2d-9b17-a3a54c2e679f@group-0040F47B0831-FOLLOWER: accept PRE_VOTE from d854720a-bbe5-47c1-a40c-d7c4a462ec23: our priority 0 <= candidate's priority 1
2023-04-27 06:11:58,027 [grpc-default-executor-0] INFO  server.RaftServer$Division (RaftServerImpl.java:requestVote(1251)) - d3795bd6-5a77-4d2d-9b17-a3a54c2e679f@group-0040F47B0831 replies to PRE_VOTE vote request: d854720a-bbe5-47c1-a40c-d7c4a462ec23<-d3795bd6-5a77-4d2d-9b17-a3a54c2e679f#0:OK-t0. Peer's state: d3795bd6-5a77-4d2d-9b17-a3a54c2e679f@group-0040F47B0831:t0, leader=null, voted=, raftlog=Memoized:d3795bd6-5a77-4d2d-9b17-a3a54c2e679f@group-0040F47B0831-SegmentedRaftLog:OPENED:c-1, conf=-1: peers:[d3795bd6-5a77-4d2d-9b17-a3a54c2e679f|rpc:10.1.0.34:37857|dataStream:10.1.0.34:39621|priority:0|startupRole:FOLLOWER, 9e79f7cb-e4c5-47cb-aa46-b66eba433fb4|rpc:10.1.0.34:37175|dataStream:10.1.0.34:43331|priority:0|startupRole:FOLLOWER, d854720a-bbe5-47c1-a40c-d7c4a462ec23|rpc:10.1.0.34:37589|dataStream:10.1.0.34:34327|priority:1|startupRole:FOLLOWER]|listeners:[], old=null
2023-04-27 06:11:58,032 [grpc-default-executor-0] INFO  server.RaftServer$Division (RaftServerImpl.java:requestVote(1218)) - 9e79f7cb-e4c5-47cb-aa46-b66eba433fb4@group-0040F47B0831: receive requestVote(PRE_VOTE, d854720a-bbe5-47c1-a40c-d7c4a462ec23, group-0040F47B0831, 0, (t:0, i:0))
2023-04-27 06:11:58,033 [grpc-default-executor-0] INFO  impl.VoteContext (VoteContext.java:log(49)) - 9e79f7cb-e4c5-47cb-aa46-b66eba433fb4@group-0040F47B0831-FOLLOWER: accept PRE_VOTE from d854720a-bbe5-47c1-a40c-d7c4a462ec23: our priority 0 <= candidate's priority 1
2023-04-27 06:11:58,033 [grpc-default-executor-0] INFO  server.RaftServer$Division (RaftServerImpl.java:requestVote(1251)) - 9e79f7cb-e4c5-47cb-aa46-b66eba433fb4@group-0040F47B0831 replies to PRE_VOTE vote request: d854720a-bbe5-47c1-a40c-d7c4a462ec23<-9e79f7cb-e4c5-47cb-aa46-b66eba433fb4#0:OK-t0. Peer's state: 9e79f7cb-e4c5-47cb-aa46-b66eba433fb4@group-0040F47B0831:t0, leader=null, voted=, raftlog=Memoized:9e79f7cb-e4c5-47cb-aa46-b66eba433fb4@group-0040F47B0831-SegmentedRaftLog:OPENED:c-1, conf=-1: peers:[d3795bd6-5a77-4d2d-9b17-a3a54c2e679f|rpc:10.1.0.34:37857|dataStream:10.1.0.34:39621|priority:0|startupRole:FOLLOWER, 9e79f7cb-e4c5-47cb-aa46-b66eba433fb4|rpc:10.1.0.34:37175|dataStream:10.1.0.34:43331|priority:0|startupRole:FOLLOWER, d854720a-bbe5-47c1-a40c-d7c4a462ec23|rpc:10.1.0.34:37589|dataStream:10.1.0.34:34327|priority:1|startupRole:FOLLOWER]|listeners:[], old=null
2023-04-27 06:11:58,034 [d854720a-bbe5-47c1-a40c-d7c4a462ec23@group-0040F47B0831-LeaderElection2] INFO  impl.LeaderElection (LeaderElection.java:logAndReturn(90)) - d854720a-bbe5-47c1-a40c-d7c4a462ec23@group-0040F47B0831-LeaderElection2: PRE_VOTE PASSED received 1 response(s) and 0 exception(s):
2023-04-27 06:11:58,035 [d854720a-bbe5-47c1-a40c-d7c4a462ec23@group-0040F47B0831-LeaderElection2] INFO  impl.LeaderElection (LeaderElection.java:logAndReturn(94)) -   Response 0: d854720a-bbe5-47c1-a40c-d7c4a462ec23<-d3795bd6-5a77-4d2d-9b17-a3a54c2e679f#0:OK-t0
2023-04-27 06:11:58,035 [d854720a-bbe5-47c1-a40c-d7c4a462ec23@group-0040F47B0831-LeaderElection2] INFO  impl.LeaderElection (LeaderElection.java:askForVotes(314)) - d854720a-bbe5-47c1-a40c-d7c4a462ec23@group-0040F47B0831-LeaderElection2 PRE_VOTE round 0: result PASSED
2023-04-27 06:11:58,036 [d854720a-bbe5-47c1-a40c-d7c4a462ec23@group-0040F47B0831-LeaderElection2] INFO  impl.LeaderElection (LeaderElection.java:askForVotes(312)) - d854720a-bbe5-47c1-a40c-d7c4a462ec23@group-0040F47B0831-LeaderElection2 ELECTION round 0: submit vote requests at term 1 for -1: peers:[d3795bd6-5a77-4d2d-9b17-a3a54c2e679f|rpc:10.1.0.34:37857|dataStream:10.1.0.34:39621|priority:0|startupRole:FOLLOWER, 9e79f7cb-e4c5-47cb-aa46-b66eba433fb4|rpc:10.1.0.34:37175|dataStream:10.1.0.34:43331|priority:0|startupRole:FOLLOWER, d854720a-bbe5-47c1-a40c-d7c4a462ec23|rpc:10.1.0.34:37589|dataStream:10.1.0.34:34327|priority:1|startupRole:FOLLOWER]|listeners:[], old=null
2023-04-27 06:11:58,038 [d854720a-bbe5-47c1-a40c-d7c4a462ec23@group-0040F47B0831-LeaderElection2] INFO  server.RaftServerConfigKeys (ConfUtils.java:logFallback(53)) - raft.server.rpc.first-election.timeout.min = 5s (fallback to raft.server.rpc.timeout.min)
2023-04-27 06:11:58,038 [d854720a-bbe5-47c1-a40c-d7c4a462ec23@group-0040F47B0831-LeaderElection2] INFO  server.RaftServerConfigKeys (ConfUtils.java:logFallback(53)) - raft.server.rpc.first-election.timeout.max = 5200ms (fallback to raft.server.rpc.timeout.max)
2023-04-27 06:11:58,042 [grpc-default-executor-0] INFO  server.RaftServer$Division (RaftServerImpl.java:requestVote(1218)) - d3795bd6-5a77-4d2d-9b17-a3a54c2e679f@group-0040F47B0831: receive requestVote(ELECTION, d854720a-bbe5-47c1-a40c-d7c4a462ec23, group-0040F47B0831, 1, (t:0, i:0))
2023-04-27 06:11:58,043 [grpc-default-executor-0] INFO  impl.VoteContext (VoteContext.java:log(49)) - d3795bd6-5a77-4d2d-9b17-a3a54c2e679f@group-0040F47B0831-FOLLOWER: accept ELECTION from d854720a-bbe5-47c1-a40c-d7c4a462ec23: our priority 0 <= candidate's priority 1
2023-04-27 06:11:58,043 [grpc-default-executor-0] INFO  server.RaftServer$Division (RaftServerImpl.java:setRole(321)) - d3795bd6-5a77-4d2d-9b17-a3a54c2e679f@group-0040F47B0831: changes role from  FOLLOWER to FOLLOWER at term 1 for candidate:d854720a-bbe5-47c1-a40c-d7c4a462ec23
2023-04-27 06:11:58,043 [grpc-default-executor-0] INFO  impl.RoleInfo (RoleInfo.java:shutdownFollowerState(110)) - d3795bd6-5a77-4d2d-9b17-a3a54c2e679f: shutdown d3795bd6-5a77-4d2d-9b17-a3a54c2e679f@group-0040F47B0831-FollowerState
2023-04-27 06:11:58,046 [grpc-default-executor-0] INFO  impl.RoleInfo (RoleInfo.java:updateAndGet(139)) - d3795bd6-5a77-4d2d-9b17-a3a54c2e679f: start d3795bd6-5a77-4d2d-9b17-a3a54c2e679f@group-0040F47B0831-FollowerState
2023-04-27 06:11:58,044 [d3795bd6-5a77-4d2d-9b17-a3a54c2e679f@group-0040F47B0831-FollowerState] INFO  impl.FollowerState (FollowerState.java:run(152)) - d3795bd6-5a77-4d2d-9b17-a3a54c2e679f@group-0040F47B0831-FollowerState was interrupted
2023-04-27 06:11:58,050 [grpc-default-executor-0] INFO  server.RaftServer$Division (RaftServerImpl.java:requestVote(1251)) - d3795bd6-5a77-4d2d-9b17-a3a54c2e679f@group-0040F47B0831 replies to ELECTION vote request: d854720a-bbe5-47c1-a40c-d7c4a462ec23<-d3795bd6-5a77-4d2d-9b17-a3a54c2e679f#0:OK-t1. Peer's state: d3795bd6-5a77-4d2d-9b17-a3a54c2e679f@group-0040F47B0831:t1, leader=null, voted=d854720a-bbe5-47c1-a40c-d7c4a462ec23, raftlog=Memoized:d3795bd6-5a77-4d2d-9b17-a3a54c2e679f@group-0040F47B0831-SegmentedRaftLog:OPENED:c-1, conf=-1: peers:[d3795bd6-5a77-4d2d-9b17-a3a54c2e679f|rpc:10.1.0.34:37857|dataStream:10.1.0.34:39621|priority:0|startupRole:FOLLOWER, 9e79f7cb-e4c5-47cb-aa46-b66eba433fb4|rpc:10.1.0.34:37175|dataStream:10.1.0.34:43331|priority:0|startupRole:FOLLOWER, d854720a-bbe5-47c1-a40c-d7c4a462ec23|rpc:10.1.0.34:37589|dataStream:10.1.0.34:34327|priority:1|startupRole:FOLLOWER]|listeners:[], old=null
2023-04-27 06:11:58,050 [d3795bd6-5a77-4d2d-9b17-a3a54c2e679f@group-0040F47B0831-FollowerState] INFO  server.RaftServerConfigKeys (ConfUtils.java:logFallback(53)) - raft.server.rpc.first-election.timeout.min = 5s (fallback to raft.server.rpc.timeout.min)
2023-04-27 06:11:58,050 [d3795bd6-5a77-4d2d-9b17-a3a54c2e679f@group-0040F47B0831-FollowerState] INFO  server.RaftServerConfigKeys (ConfUtils.java:logFallback(53)) - raft.server.rpc.first-election.timeout.max = 5200ms (fallback to raft.server.rpc.timeout.max)
2023-04-27 06:11:58,051 [d854720a-bbe5-47c1-a40c-d7c4a462ec23@group-0040F47B0831-LeaderElection2] INFO  impl.LeaderElection (LeaderElection.java:logAndReturn(90)) - d854720a-bbe5-47c1-a40c-d7c4a462ec23@group-0040F47B0831-LeaderElection2: ELECTION PASSED received 1 response(s) and 0 exception(s):
2023-04-27 06:11:58,052 [d854720a-bbe5-47c1-a40c-d7c4a462ec23@group-0040F47B0831-LeaderElection2] INFO  impl.LeaderElection (LeaderElection.java:logAndReturn(94)) -   Response 0: d854720a-bbe5-47c1-a40c-d7c4a462ec23<-d3795bd6-5a77-4d2d-9b17-a3a54c2e679f#0:OK-t1
2023-04-27 06:11:58,052 [d854720a-bbe5-47c1-a40c-d7c4a462ec23@group-0040F47B0831-LeaderElection2] INFO  impl.LeaderElection (LeaderElection.java:askForVotes(314)) - d854720a-bbe5-47c1-a40c-d7c4a462ec23@group-0040F47B0831-LeaderElection2 ELECTION round 0: result PASSED
2023-04-27 06:11:58,052 [d854720a-bbe5-47c1-a40c-d7c4a462ec23@group-0040F47B0831-LeaderElection2] INFO  impl.RoleInfo (RoleInfo.java:shutdownLeaderElection(130)) - d854720a-bbe5-47c1-a40c-d7c4a462ec23: shutdown d854720a-bbe5-47c1-a40c-d7c4a462ec23@group-0040F47B0831-LeaderElection2
2023-04-27 06:11:58,052 [d854720a-bbe5-47c1-a40c-d7c4a462ec23@group-0040F47B0831-LeaderElection2] INFO  server.RaftServer$Division (RaftServerImpl.java:setRole(321)) - d854720a-bbe5-47c1-a40c-d7c4a462ec23@group-0040F47B0831: changes role from CANDIDATE to LEADER at term 1 for changeToLeader
2023-04-27 06:11:58,052 [d854720a-bbe5-47c1-a40c-d7c4a462ec23@group-0040F47B0831-LeaderElection2] INFO  ratis.XceiverServerRatis (XceiverServerRatis.java:handleLeaderChangedNotification(904)) - Leader change notification received for group: group-0040F47B0831 with new leaderId: d854720a-bbe5-47c1-a40c-d7c4a462ec23
2023-04-27 06:11:58,052 [d854720a-bbe5-47c1-a40c-d7c4a462ec23@group-0040F47B0831-LeaderElection2] INFO  server.RaftServer$Division (ServerState.java:setLeader(313)) - d854720a-bbe5-47c1-a40c-d7c4a462ec23@group-0040F47B0831: change Leader from null to d854720a-bbe5-47c1-a40c-d7c4a462ec23 at term 1 for becomeLeader, leader elected after 5187ms
2023-04-27 06:11:58,052 [d854720a-bbe5-47c1-a40c-d7c4a462ec23@group-0040F47B0831-LeaderElection2] INFO  server.RaftServerConfigKeys (ConfUtils.java:logGet(46)) - raft.server.staging.catchup.gap = 1000 (default)
2023-04-27 06:11:58,053 [d854720a-bbe5-47c1-a40c-d7c4a462ec23@group-0040F47B0831-LeaderElection2] INFO  server.RaftServerConfigKeys (ConfUtils.java:logGet(46)) - raft.server.write.element-limit = 1024 (custom)
2023-04-27 06:11:58,053 [d854720a-bbe5-47c1-a40c-d7c4a462ec23@group-0040F47B0831-LeaderElection2] INFO  server.RaftServerConfigKeys (ConfUtils.java:logGet(46)) - raft.server.write.byte-limit = 1024 M (=1073741824) (custom)
2023-04-27 06:11:58,053 [d854720a-bbe5-47c1-a40c-d7c4a462ec23@group-0040F47B0831-LeaderElection2] INFO  server.RaftServerConfigKeys (ConfUtils.java:logGet(46)) - raft.server.watch.timeout = 3000ms (custom)
2023-04-27 06:11:58,053 [d854720a-bbe5-47c1-a40c-d7c4a462ec23@group-0040F47B0831-LeaderElection2] INFO  server.RaftServerConfigKeys (ConfUtils.java:logGet(46)) - raft.server.watch.timeout.denomination = 1s (default)
2023-04-27 06:11:58,053 [d854720a-bbe5-47c1-a40c-d7c4a462ec23@group-0040F47B0831-LeaderElection2] INFO  server.RaftServerConfigKeys (ConfUtils.java:logGet(46)) - raft.server.watch.element-limit = 65536 (default)
2023-04-27 06:11:58,053 [d854720a-bbe5-47c1-a40c-d7c4a462ec23@group-0040F47B0831-LeaderElection2] INFO  server.RaftServerConfigKeys (ConfUtils.java:logGet(46)) - raft.server.write.element-limit = 1024 (custom)
2023-04-27 06:11:58,054 [grpc-default-executor-1] INFO  server.RaftServer$Division (RaftServerImpl.java:requestVote(1218)) - 9e79f7cb-e4c5-47cb-aa46-b66eba433fb4@group-0040F47B0831: receive requestVote(ELECTION, d854720a-bbe5-47c1-a40c-d7c4a462ec23, group-0040F47B0831, 1, (t:0, i:0))
2023-04-27 06:11:58,051 [d854720a-bbe5-47c1-a40c-d7c4a462ec23@group-D8D4F3B9F40E-FollowerState] INFO  impl.FollowerState (FollowerState.java:run(143)) - d854720a-bbe5-47c1-a40c-d7c4a462ec23@group-D8D4F3B9F40E-FollowerState: change to CANDIDATE, lastRpcElapsedTime:5206648038ns, electionTimeout:5200ms
2023-04-27 06:11:58,054 [d854720a-bbe5-47c1-a40c-d7c4a462ec23@group-D8D4F3B9F40E-FollowerState] INFO  impl.RoleInfo (RoleInfo.java:shutdownFollowerState(110)) - d854720a-bbe5-47c1-a40c-d7c4a462ec23: shutdown d854720a-bbe5-47c1-a40c-d7c4a462ec23@group-D8D4F3B9F40E-FollowerState
2023-04-27 06:11:58,054 [d854720a-bbe5-47c1-a40c-d7c4a462ec23@group-D8D4F3B9F40E-FollowerState] INFO  server.RaftServer$Division (RaftServerImpl.java:setRole(321)) - d854720a-bbe5-47c1-a40c-d7c4a462ec23@group-D8D4F3B9F40E: changes role from  FOLLOWER to CANDIDATE at term 0 for changeToCandidate
2023-04-27 06:11:58,054 [d854720a-bbe5-47c1-a40c-d7c4a462ec23@group-0040F47B0831-LeaderElection2] INFO  server.RaftServerConfigKeys (ConfUtils.java:logGet(46)) - raft.server.write.follower.gap.ratio.max = -1.0 (default)
2023-04-27 06:11:58,056 [EventQueue-PipelineReportForPipelineReportHandler] INFO  pipeline.PipelineManagerImpl (PipelineManagerImpl.java:openPipeline(367)) - Pipeline Pipeline[ Id: 87caa493-e419-4913-b34c-0040f47b0831, Nodes: d854720a-bbe5-47c1-a40c-d7c4a462ec23(fv-az220-795.shdwizndlbjulinwhzhdmup5sb.jx.internal.cloudapp.net/10.1.0.34)d3795bd6-5a77-4d2d-9b17-a3a54c2e679f(fv-az220-795.shdwizndlbjulinwhzhdmup5sb.jx.internal.cloudapp.net/10.1.0.34)9e79f7cb-e4c5-47cb-aa46-b66eba433fb4(fv-az220-795.shdwizndlbjulinwhzhdmup5sb.jx.internal.cloudapp.net/10.1.0.34), ReplicationConfig: RATIS/THREE, State:ALLOCATED, leaderId:d854720a-bbe5-47c1-a40c-d7c4a462ec23, CreationTimestamp2023-04-27T06:11:50.733Z[Etc/UTC]] moved to OPEN state
2023-04-27 06:11:58,056 [EventQueue-OpenPipelineForHealthyPipelineSafeModeRule] INFO  safemode.SCMSafeModeManager (HealthyPipelineSafeModeRule.java:process(137)) - SCM in safe mode. Healthy pipelines reported count is 1, required healthy pipeline reported count is 1
2023-04-27 06:11:58,056 [EventQueue-OpenPipelineForHealthyPipelineSafeModeRule] INFO  safemode.SCMSafeModeManager (SCMSafeModeManager.java:validateSafeModeExitRules(200)) - HealthyPipelineSafeModeRule rule is successfully validated
2023-04-27 06:11:58,056 [EventQueue-OpenPipelineForHealthyPipelineSafeModeRule] INFO  safemode.SCMSafeModeManager (SCMSafeModeManager.java:validateSafeModeExitRules(215)) - ScmSafeModeManager, all rules are successfully validated
2023-04-27 06:11:58,056 [EventQueue-OpenPipelineForHealthyPipelineSafeModeRule] INFO  safemode.SCMSafeModeManager (SCMSafeModeManager.java:exitSafeMode(244)) - SCM exiting safe mode.
2023-04-27 06:11:58,056 [EventQueue-OpenPipelineForHealthyPipelineSafeModeRule] INFO  ha.SCMContext (SCMContext.java:updateSafeModeStatus(228)) - Update SafeModeStatus from SafeModeStatus{safeModeStatus=true, preCheckPassed=true} to SafeModeStatus{safeModeStatus=false, preCheckPassed=true}.
2023-04-27 06:11:58,056 [EventQueue-OpenPipelineForHealthyPipelineSafeModeRule] INFO  pipeline.BackgroundPipelineCreator (BackgroundPipelineCreator.java:notifyStatusChanged(254)) - Service BackgroundPipelineCreator transitions to RUNNING.
2023-04-27 06:11:58,057 [EventQueue-OpenPipelineForHealthyPipelineSafeModeRule] INFO  BackgroundPipelineScrubber (BackgroundSCMService.java:notifyStatusChanged(82)) - Service BackgroundPipelineScrubber transitions to RUNNING.
2023-04-27 06:11:58,057 [EventQueue-OpenPipelineForHealthyPipelineSafeModeRule] INFO  ExpiredContainerReplicaOpScrubber (BackgroundSCMService.java:notifyStatusChanged(82)) - Service ExpiredContainerReplicaOpScrubber transitions to RUNNING.
2023-04-27 06:11:58,057 [EventQueue-OpenPipelineForHealthyPipelineSafeModeRule] INFO  replication.ReplicationManager (ReplicationManager.java:notifyStatusChanged(1369)) - Service ReplicationManager transitions to RUNNING.
2023-04-27 06:11:58,060 [EventQueue-OpenPipelineForHealthyPipelineSafeModeRule] WARN  balancer.ContainerBalancer (ContainerBalancer.java:shouldRun(132)) - Could not find persisted configuration for ContainerBalancer when checking if ContainerBalancer should run. ContainerBalancer should not run now.
2023-04-27 06:11:58,062 [grpc-default-executor-1] INFO  impl.VoteContext (VoteContext.java:log(49)) - 9e79f7cb-e4c5-47cb-aa46-b66eba433fb4@group-0040F47B0831-FOLLOWER: accept ELECTION from d854720a-bbe5-47c1-a40c-d7c4a462ec23: our priority 0 <= candidate's priority 1
2023-04-27 06:11:58,063 [grpc-default-executor-1] INFO  server.RaftServer$Division (RaftServerImpl.java:setRole(321)) - 9e79f7cb-e4c5-47cb-aa46-b66eba433fb4@group-0040F47B0831: changes role from  FOLLOWER to FOLLOWER at term 1 for candidate:d854720a-bbe5-47c1-a40c-d7c4a462ec23
2023-04-27 06:11:58,063 [grpc-default-executor-1] INFO  impl.RoleInfo (RoleInfo.java:shutdownFollowerState(110)) - 9e79f7cb-e4c5-47cb-aa46-b66eba433fb4: shutdown 9e79f7cb-e4c5-47cb-aa46-b66eba433fb4@group-0040F47B0831-FollowerState
2023-04-27 06:11:58,063 [9e79f7cb-e4c5-47cb-aa46-b66eba433fb4@group-0040F47B0831-FollowerState] INFO  impl.FollowerState (FollowerState.java:run(152)) - 9e79f7cb-e4c5-47cb-aa46-b66eba433fb4@group-0040F47B0831-FollowerState was interrupted
2023-04-27 06:11:58,064 [d854720a-bbe5-47c1-a40c-d7c4a462ec23@group-D8D4F3B9F40E-FollowerState] INFO  server.RaftServerConfigKeys (ConfUtils.java:logGet(46)) - raft.server.leaderelection.pre-vote = true (default)
2023-04-27 06:11:58,064 [d854720a-bbe5-47c1-a40c-d7c4a462ec23@group-D8D4F3B9F40E-FollowerState] INFO  impl.RoleInfo (RoleInfo.java:updateAndGet(139)) - d854720a-bbe5-47c1-a40c-d7c4a462ec23: start d854720a-bbe5-47c1-a40c-d7c4a462ec23@group-D8D4F3B9F40E-LeaderElection3
2023-04-27 06:11:58,067 [grpc-default-executor-1] INFO  impl.RoleInfo (RoleInfo.java:updateAndGet(139)) - 9e79f7cb-e4c5-47cb-aa46-b66eba433fb4: start 9e79f7cb-e4c5-47cb-aa46-b66eba433fb4@group-0040F47B0831-FollowerState
2023-04-27 06:11:58,068 [9e79f7cb-e4c5-47cb-aa46-b66eba433fb4@group-0040F47B0831-FollowerState] INFO  server.RaftServerConfigKeys (ConfUtils.java:logFallback(53)) - raft.server.rpc.first-election.timeout.min = 5s (fallback to raft.server.rpc.timeout.min)
2023-04-27 06:11:58,068 [9e79f7cb-e4c5-47cb-aa46-b66eba433fb4@group-0040F47B0831-FollowerState] INFO  server.RaftServerConfigKeys (ConfUtils.java:logFallback(53)) - raft.server.rpc.first-election.timeout.max = 5200ms (fallback to raft.server.rpc.timeout.max)
2023-04-27 06:11:58,069 [d854720a-bbe5-47c1-a40c-d7c4a462ec23@group-D8D4F3B9F40E-LeaderElection3] INFO  impl.LeaderElection (LeaderElection.java:askForVotes(312)) - d854720a-bbe5-47c1-a40c-d7c4a462ec23@group-D8D4F3B9F40E-LeaderElection3 PRE_VOTE round 0: submit vote requests at term 0 for -1: peers:[d854720a-bbe5-47c1-a40c-d7c4a462ec23|rpc:10.1.0.34:37589|dataStream:10.1.0.34:34327|priority:1|startupRole:FOLLOWER]|listeners:[], old=null
2023-04-27 06:11:58,070 [d854720a-bbe5-47c1-a40c-d7c4a462ec23@group-D8D4F3B9F40E-LeaderElection3] INFO  impl.LeaderElection (LeaderElection.java:askForVotes(314)) - d854720a-bbe5-47c1-a40c-d7c4a462ec23@group-D8D4F3B9F40E-LeaderElection3 PRE_VOTE round 0: result PASSED (term=0)
2023-04-27 06:11:58,071 [d854720a-bbe5-47c1-a40c-d7c4a462ec23@group-D8D4F3B9F40E-LeaderElection3] INFO  impl.LeaderElection (LeaderElection.java:askForVotes(312)) - d854720a-bbe5-47c1-a40c-d7c4a462ec23@group-D8D4F3B9F40E-LeaderElection3 ELECTION round 0: submit vote requests at term 1 for -1: peers:[d854720a-bbe5-47c1-a40c-d7c4a462ec23|rpc:10.1.0.34:37589|dataStream:10.1.0.34:34327|priority:1|startupRole:FOLLOWER]|listeners:[], old=null
2023-04-27 06:11:58,071 [grpc-default-executor-1] INFO  server.RaftServer$Division (RaftServerImpl.java:requestVote(1251)) - 9e79f7cb-e4c5-47cb-aa46-b66eba433fb4@group-0040F47B0831 replies to ELECTION vote request: d854720a-bbe5-47c1-a40c-d7c4a462ec23<-9e79f7cb-e4c5-47cb-aa46-b66eba433fb4#0:OK-t1. Peer's state: 9e79f7cb-e4c5-47cb-aa46-b66eba433fb4@group-0040F47B0831:t1, leader=null, voted=d854720a-bbe5-47c1-a40c-d7c4a462ec23, raftlog=Memoized:9e79f7cb-e4c5-47cb-aa46-b66eba433fb4@group-0040F47B0831-SegmentedRaftLog:OPENED:c-1, conf=-1: peers:[d3795bd6-5a77-4d2d-9b17-a3a54c2e679f|rpc:10.1.0.34:37857|dataStream:10.1.0.34:39621|priority:0|startupRole:FOLLOWER, 9e79f7cb-e4c5-47cb-aa46-b66eba433fb4|rpc:10.1.0.34:37175|dataStream:10.1.0.34:43331|priority:0|startupRole:FOLLOWER, d854720a-bbe5-47c1-a40c-d7c4a462ec23|rpc:10.1.0.34:37589|dataStream:10.1.0.34:34327|priority:1|startupRole:FOLLOWER]|listeners:[], old=null
2023-04-27 06:11:58,071 [d854720a-bbe5-47c1-a40c-d7c4a462ec23@group-D8D4F3B9F40E-LeaderElection3] INFO  impl.LeaderElection (LeaderElection.java:askForVotes(314)) - d854720a-bbe5-47c1-a40c-d7c4a462ec23@group-D8D4F3B9F40E-LeaderElection3 ELECTION round 0: result PASSED (term=1)
2023-04-27 06:11:58,071 [d854720a-bbe5-47c1-a40c-d7c4a462ec23@group-D8D4F3B9F40E-LeaderElection3] INFO  impl.RoleInfo (RoleInfo.java:shutdownLeaderElection(130)) - d854720a-bbe5-47c1-a40c-d7c4a462ec23: shutdown d854720a-bbe5-47c1-a40c-d7c4a462ec23@group-D8D4F3B9F40E-LeaderElection3
2023-04-27 06:11:58,071 [d854720a-bbe5-47c1-a40c-d7c4a462ec23@group-D8D4F3B9F40E-LeaderElection3] INFO  server.RaftServer$Division (RaftServerImpl.java:setRole(321)) - d854720a-bbe5-47c1-a40c-d7c4a462ec23@group-D8D4F3B9F40E: changes role from CANDIDATE to LEADER at term 1 for changeToLeader
2023-04-27 06:11:58,071 [d854720a-bbe5-47c1-a40c-d7c4a462ec23@group-D8D4F3B9F40E-LeaderElection3] INFO  ratis.XceiverServerRatis (XceiverServerRatis.java:handleLeaderChangedNotification(904)) - Leader change notification received for group: group-D8D4F3B9F40E with new leaderId: d854720a-bbe5-47c1-a40c-d7c4a462ec23
2023-04-27 06:11:58,073 [d854720a-bbe5-47c1-a40c-d7c4a462ec23@group-D8D4F3B9F40E-LeaderElection3] INFO  server.RaftServer$Division (ServerState.java:setLeader(313)) - d854720a-bbe5-47c1-a40c-d7c4a462ec23@group-D8D4F3B9F40E: change Leader from null to d854720a-bbe5-47c1-a40c-d7c4a462ec23 at term 1 for becomeLeader, leader elected after 5262ms
2023-04-27 06:11:58,073 [d854720a-bbe5-47c1-a40c-d7c4a462ec23@group-D8D4F3B9F40E-LeaderElection3] INFO  server.RaftServerConfigKeys (ConfUtils.java:logGet(46)) - raft.server.staging.catchup.gap = 1000 (default)
2023-04-27 06:11:58,077 [d854720a-bbe5-47c1-a40c-d7c4a462ec23@group-D8D4F3B9F40E-LeaderElection3] INFO  server.RaftServerConfigKeys (ConfUtils.java:logGet(46)) - raft.server.write.element-limit = 1024 (custom)
2023-04-27 06:11:58,077 [d854720a-bbe5-47c1-a40c-d7c4a462ec23@group-D8D4F3B9F40E-LeaderElection3] INFO  server.RaftServerConfigKeys (ConfUtils.java:logGet(46)) - raft.server.write.byte-limit = 1024 M (=1073741824) (custom)
2023-04-27 06:11:58,077 [d854720a-bbe5-47c1-a40c-d7c4a462ec23@group-D8D4F3B9F40E-LeaderElection3] INFO  server.RaftServerConfigKeys (ConfUtils.java:logGet(46)) - raft.server.watch.timeout = 3000ms (custom)
2023-04-27 06:11:58,077 [d854720a-bbe5-47c1-a40c-d7c4a462ec23@group-D8D4F3B9F40E-LeaderElection3] INFO  server.RaftServerConfigKeys (ConfUtils.java:logGet(46)) - raft.server.watch.timeout.denomination = 1s (default)
2023-04-27 06:11:58,077 [d854720a-bbe5-47c1-a40c-d7c4a462ec23@group-D8D4F3B9F40E-LeaderElection3] INFO  server.RaftServerConfigKeys (ConfUtils.java:logGet(46)) - raft.server.watch.element-limit = 65536 (default)
2023-04-27 06:11:58,077 [d854720a-bbe5-47c1-a40c-d7c4a462ec23@group-D8D4F3B9F40E-LeaderElection3] INFO  server.RaftServerConfigKeys (ConfUtils.java:logGet(46)) - raft.server.write.element-limit = 1024 (custom)
2023-04-27 06:11:58,077 [d854720a-bbe5-47c1-a40c-d7c4a462ec23@group-D8D4F3B9F40E-LeaderElection3] INFO  server.RaftServerConfigKeys (ConfUtils.java:logGet(46)) - raft.server.write.follower.gap.ratio.max = -1.0 (default)
2023-04-27 06:11:58,077 [d854720a-bbe5-47c1-a40c-d7c4a462ec23@group-D8D4F3B9F40E-LeaderElection3] INFO  impl.RoleInfo (RoleInfo.java:updateAndGet(139)) - d854720a-bbe5-47c1-a40c-d7c4a462ec23: start d854720a-bbe5-47c1-a40c-d7c4a462ec23@group-D8D4F3B9F40E-LeaderStateImpl
2023-04-27 06:11:58,078 [d854720a-bbe5-47c1-a40c-d7c4a462ec23@group-D8D4F3B9F40E-LeaderElection3] INFO  segmented.SegmentedRaftLogWorker (SegmentedRaftLogWorker.java:startLogSegment(452)) - d854720a-bbe5-47c1-a40c-d7c4a462ec23@group-D8D4F3B9F40E-SegmentedRaftLogWorker: Starting segment from index:0
2023-04-27 06:11:58,079 [d854720a-bbe5-47c1-a40c-d7c4a462ec23@group-D8D4F3B9F40E-SegmentedRaftLogWorker] INFO  segmented.SegmentedRaftLogWorker (SegmentedRaftLogWorker.java:execute(656)) - d854720a-bbe5-47c1-a40c-d7c4a462ec23@group-D8D4F3B9F40E-SegmentedRaftLogWorker: created new log segment /home/runner/work/ozone/ozone/hadoop-ozone/integration-test/target/test-dir/MiniOzoneClusterImpl-b7159a92-b125-4b28-96e0-478247ce15d0/datanode-0/data/ratis/96ccd123-e54a-4e9a-bc47-d8d4f3b9f40e/current/log_inprogress_0
2023-04-27 06:11:58,088 [d854720a-bbe5-47c1-a40c-d7c4a462ec23@group-D8D4F3B9F40E-LeaderElection3] INFO  server.RaftServer$Division (ServerState.java:setRaftConf(430)) - d854720a-bbe5-47c1-a40c-d7c4a462ec23@group-D8D4F3B9F40E: set configuration 0: peers:[d854720a-bbe5-47c1-a40c-d7c4a462ec23|rpc:10.1.0.34:37589|dataStream:10.1.0.34:34327|priority:1|startupRole:FOLLOWER]|listeners:[], old=null
2023-04-27 06:11:58,089 [d854720a-bbe5-47c1-a40c-d7c4a462ec23@group-0040F47B0831-LeaderElection2] INFO  server.RaftServerConfigKeys (ConfUtils.java:logGet(46)) - raft.server.log.appender.snapshot.chunk.size.max = 16MB (=16777216) (default)
2023-04-27 06:11:58,089 [d854720a-bbe5-47c1-a40c-d7c4a462ec23@group-0040F47B0831-LeaderElection2] INFO  server.RaftServerConfigKeys (ConfUtils.java:logGet(46)) - raft.server.log.appender.buffer.byte-limit = 33554432 (custom)
2023-04-27 06:11:58,089 [d854720a-bbe5-47c1-a40c-d7c4a462ec23@group-0040F47B0831-LeaderElection2] INFO  server.RaftServerConfigKeys (ConfUtils.java:logGet(46)) - raft.server.log.appender.buffer.element-limit = 1 (custom)
2023-04-27 06:11:58,097 [d854720a-bbe5-47c1-a40c-d7c4a462ec23@group-0040F47B0831-LeaderElection2] INFO  grpc.GrpcConfigKeys (ConfUtils.java:logGet(46)) - raft.grpc.server.leader.outstanding.appends.max = 128 (default)
2023-04-27 06:11:58,098 [d854720a-bbe5-47c1-a40c-d7c4a462ec23@group-0040F47B0831-LeaderElection2] INFO  server.RaftServerConfigKeys (ConfUtils.java:logGet(46)) - raft.server.rpc.request.timeout = 3000ms (default)
2023-04-27 06:11:58,098 [d854720a-bbe5-47c1-a40c-d7c4a462ec23@group-0040F47B0831-LeaderElection2] INFO  server.RaftServerConfigKeys (ConfUtils.java:logGet(46)) - raft.server.log.appender.install.snapshot.enabled = false (custom)
2023-04-27 06:11:58,098 [d854720a-bbe5-47c1-a40c-d7c4a462ec23@group-0040F47B0831-LeaderElection2] INFO  grpc.GrpcConfigKeys (ConfUtils.java:logGet(46)) - raft.grpc.server.heartbeat.channel = true (default)
2023-04-27 06:11:58,098 [d854720a-bbe5-47c1-a40c-d7c4a462ec23@group-0040F47B0831-LeaderElection2] INFO  server.RaftServerConfigKeys (ConfUtils.java:logGet(46)) - raft.server.log.appender.wait-time.min = 10ms (default)
2023-04-27 06:11:58,100 [d854720a-bbe5-47c1-a40c-d7c4a462ec23@group-0040F47B0831-LeaderElection2] INFO  server.RaftServerConfigKeys (ConfUtils.java:logGet(46)) - raft.server.log.appender.snapshot.chunk.size.max = 16MB (=16777216) (default)
2023-04-27 06:11:58,100 [d854720a-bbe5-47c1-a40c-d7c4a462ec23@group-0040F47B0831-LeaderElection2] INFO  server.RaftServerConfigKeys (ConfUtils.java:logGet(46)) - raft.server.log.appender.buffer.byte-limit = 33554432 (custom)
2023-04-27 06:11:58,100 [d854720a-bbe5-47c1-a40c-d7c4a462ec23@group-0040F47B0831-LeaderElection2] INFO  server.RaftServerConfigKeys (ConfUtils.java:logGet(46)) - raft.server.log.appender.buffer.element-limit = 1 (custom)
2023-04-27 06:11:58,101 [d854720a-bbe5-47c1-a40c-d7c4a462ec23@group-0040F47B0831-LeaderElection2] INFO  grpc.GrpcConfigKeys (ConfUtils.java:logGet(46)) - raft.grpc.server.leader.outstanding.appends.max = 128 (default)
2023-04-27 06:11:58,101 [d854720a-bbe5-47c1-a40c-d7c4a462ec23@group-0040F47B0831-LeaderElection2] INFO  server.RaftServerConfigKeys (ConfUtils.java:logGet(46)) - raft.server.rpc.request.timeout = 3000ms (default)
2023-04-27 06:11:58,101 [d854720a-bbe5-47c1-a40c-d7c4a462ec23@group-0040F47B0831-LeaderElection2] INFO  server.RaftServerConfigKeys (ConfUtils.java:logGet(46)) - raft.server.log.appender.install.snapshot.enabled = false (custom)
2023-04-27 06:11:58,101 [d854720a-bbe5-47c1-a40c-d7c4a462ec23@group-0040F47B0831-LeaderElection2] INFO  grpc.GrpcConfigKeys (ConfUtils.java:logGet(46)) - raft.grpc.server.heartbeat.channel = true (default)
2023-04-27 06:11:58,101 [d854720a-bbe5-47c1-a40c-d7c4a462ec23@group-0040F47B0831-LeaderElection2] INFO  server.RaftServerConfigKeys (ConfUtils.java:logGet(46)) - raft.server.log.appender.wait-time.min = 10ms (default)
2023-04-27 06:11:58,105 [d854720a-bbe5-47c1-a40c-d7c4a462ec23@group-0040F47B0831-LeaderElection2] INFO  impl.RoleInfo (RoleInfo.java:updateAndGet(139)) - d854720a-bbe5-47c1-a40c-d7c4a462ec23: start d854720a-bbe5-47c1-a40c-d7c4a462ec23@group-0040F47B0831-LeaderStateImpl
2023-04-27 06:11:58,106 [d854720a-bbe5-47c1-a40c-d7c4a462ec23@group-0040F47B0831-LeaderElection2] INFO  segmented.SegmentedRaftLogWorker (SegmentedRaftLogWorker.java:startLogSegment(452)) - d854720a-bbe5-47c1-a40c-d7c4a462ec23@group-0040F47B0831-SegmentedRaftLogWorker: Starting segment from index:0
2023-04-27 06:11:58,107 [d854720a-bbe5-47c1-a40c-d7c4a462ec23@group-0040F47B0831-SegmentedRaftLogWorker] INFO  segmented.SegmentedRaftLogWorker (SegmentedRaftLogWorker.java:execute(656)) - d854720a-bbe5-47c1-a40c-d7c4a462ec23@group-0040F47B0831-SegmentedRaftLogWorker: created new log segment /home/runner/work/ozone/ozone/hadoop-ozone/integration-test/target/test-dir/MiniOzoneClusterImpl-b7159a92-b125-4b28-96e0-478247ce15d0/datanode-0/data/ratis/87caa493-e419-4913-b34c-0040f47b0831/current/log_inprogress_0
2023-04-27 06:11:58,126 [d854720a-bbe5-47c1-a40c-d7c4a462ec23@group-0040F47B0831-LeaderElection2] INFO  server.RaftServer$Division (ServerState.java:setRaftConf(430)) - d854720a-bbe5-47c1-a40c-d7c4a462ec23@group-0040F47B0831: set configuration 0: peers:[d3795bd6-5a77-4d2d-9b17-a3a54c2e679f|rpc:10.1.0.34:37857|dataStream:10.1.0.34:39621|priority:0|startupRole:FOLLOWER, 9e79f7cb-e4c5-47cb-aa46-b66eba433fb4|rpc:10.1.0.34:37175|dataStream:10.1.0.34:43331|priority:0|startupRole:FOLLOWER, d854720a-bbe5-47c1-a40c-d7c4a462ec23|rpc:10.1.0.34:37589|dataStream:10.1.0.34:34327|priority:1|startupRole:FOLLOWER]|listeners:[], old=null
2023-04-27 06:11:58,155 [9e79f7cb-e4c5-47cb-aa46-b66eba433fb4-server-thread1] INFO  ratis.XceiverServerRatis (XceiverServerRatis.java:handleLeaderChangedNotification(904)) - Leader change notification received for group: group-0040F47B0831 with new leaderId: d854720a-bbe5-47c1-a40c-d7c4a462ec23
2023-04-27 06:11:58,155 [9e79f7cb-e4c5-47cb-aa46-b66eba433fb4-server-thread1] INFO  server.RaftServer$Division (ServerState.java:setLeader(313)) - 9e79f7cb-e4c5-47cb-aa46-b66eba433fb4@group-0040F47B0831: change Leader from null to d854720a-bbe5-47c1-a40c-d7c4a462ec23 at term 1 for appendEntries, leader elected after 4676ms
2023-04-27 06:11:58,161 [9e79f7cb-e4c5-47cb-aa46-b66eba433fb4-server-thread2] INFO  server.RaftServer$Division (ServerState.java:setRaftConf(430)) - 9e79f7cb-e4c5-47cb-aa46-b66eba433fb4@group-0040F47B0831: set configuration 0: peers:[d3795bd6-5a77-4d2d-9b17-a3a54c2e679f|rpc:10.1.0.34:37857|dataStream:10.1.0.34:39621|priority:0|startupRole:FOLLOWER, 9e79f7cb-e4c5-47cb-aa46-b66eba433fb4|rpc:10.1.0.34:37175|dataStream:10.1.0.34:43331|priority:0|startupRole:FOLLOWER, d854720a-bbe5-47c1-a40c-d7c4a462ec23|rpc:10.1.0.34:37589|dataStream:10.1.0.34:34327|priority:1|startupRole:FOLLOWER]|listeners:[], old=null
2023-04-27 06:11:58,162 [9e79f7cb-e4c5-47cb-aa46-b66eba433fb4-server-thread2] INFO  segmented.SegmentedRaftLogWorker (SegmentedRaftLogWorker.java:startLogSegment(452)) - 9e79f7cb-e4c5-47cb-aa46-b66eba433fb4@group-0040F47B0831-SegmentedRaftLogWorker: Starting segment from index:0
2023-04-27 06:11:58,163 [9e79f7cb-e4c5-47cb-aa46-b66eba433fb4@group-0040F47B0831-SegmentedRaftLogWorker] INFO  segmented.SegmentedRaftLogWorker (SegmentedRaftLogWorker.java:execute(656)) - 9e79f7cb-e4c5-47cb-aa46-b66eba433fb4@group-0040F47B0831-SegmentedRaftLogWorker: created new log segment /home/runner/work/ozone/ozone/hadoop-ozone/integration-test/target/test-dir/MiniOzoneClusterImpl-b7159a92-b125-4b28-96e0-478247ce15d0/datanode-1/data/ratis/87caa493-e419-4913-b34c-0040f47b0831/current/log_inprogress_0
2023-04-27 06:11:58,174 [d3795bd6-5a77-4d2d-9b17-a3a54c2e679f-server-thread2] INFO  ratis.XceiverServerRatis (XceiverServerRatis.java:handleLeaderChangedNotification(904)) - Leader change notification received for group: group-0040F47B0831 with new leaderId: d854720a-bbe5-47c1-a40c-d7c4a462ec23
2023-04-27 06:11:58,175 [d3795bd6-5a77-4d2d-9b17-a3a54c2e679f-server-thread2] INFO  server.RaftServer$Division (ServerState.java:setLeader(313)) - d3795bd6-5a77-4d2d-9b17-a3a54c2e679f@group-0040F47B0831: change Leader from null to d854720a-bbe5-47c1-a40c-d7c4a462ec23 at term 1 for appendEntries, leader elected after 4857ms
2023-04-27 06:11:58,188 [d3795bd6-5a77-4d2d-9b17-a3a54c2e679f-server-thread1] INFO  server.RaftServer$Division (ServerState.java:setRaftConf(430)) - d3795bd6-5a77-4d2d-9b17-a3a54c2e679f@group-0040F47B0831: set configuration 0: peers:[d3795bd6-5a77-4d2d-9b17-a3a54c2e679f|rpc:10.1.0.34:37857|dataStream:10.1.0.34:39621|priority:0|startupRole:FOLLOWER, 9e79f7cb-e4c5-47cb-aa46-b66eba433fb4|rpc:10.1.0.34:37175|dataStream:10.1.0.34:43331|priority:0|startupRole:FOLLOWER, d854720a-bbe5-47c1-a40c-d7c4a462ec23|rpc:10.1.0.34:37589|dataStream:10.1.0.34:34327|priority:1|startupRole:FOLLOWER]|listeners:[], old=null
2023-04-27 06:11:58,189 [d3795bd6-5a77-4d2d-9b17-a3a54c2e679f-server-thread1] INFO  segmented.SegmentedRaftLogWorker (SegmentedRaftLogWorker.java:startLogSegment(452)) - d3795bd6-5a77-4d2d-9b17-a3a54c2e679f@group-0040F47B0831-SegmentedRaftLogWorker: Starting segment from index:0
2023-04-27 06:11:58,193 [d3795bd6-5a77-4d2d-9b17-a3a54c2e679f@group-0040F47B0831-SegmentedRaftLogWorker] INFO  segmented.SegmentedRaftLogWorker (SegmentedRaftLogWorker.java:execute(656)) - d3795bd6-5a77-4d2d-9b17-a3a54c2e679f@group-0040F47B0831-SegmentedRaftLogWorker: created new log segment /home/runner/work/ozone/ozone/hadoop-ozone/integration-test/target/test-dir/MiniOzoneClusterImpl-b7159a92-b125-4b28-96e0-478247ce15d0/datanode-2/data/ratis/87caa493-e419-4913-b34c-0040f47b0831/current/log_inprogress_0
2023-04-27 06:11:58,489 [9e79f7cb-e4c5-47cb-aa46-b66eba433fb4@group-065AB5B53432-FollowerState] INFO  impl.FollowerState (FollowerState.java:run(143)) - 9e79f7cb-e4c5-47cb-aa46-b66eba433fb4@group-065AB5B53432-FollowerState: change to CANDIDATE, lastRpcElapsedTime:5038271592ns, electionTimeout:5034ms
2023-04-27 06:11:58,489 [9e79f7cb-e4c5-47cb-aa46-b66eba433fb4@group-065AB5B53432-FollowerState] INFO  impl.RoleInfo (RoleInfo.java:shutdownFollowerState(110)) - 9e79f7cb-e4c5-47cb-aa46-b66eba433fb4: shutdown 9e79f7cb-e4c5-47cb-aa46-b66eba433fb4@group-065AB5B53432-FollowerState
2023-04-27 06:11:58,489 [9e79f7cb-e4c5-47cb-aa46-b66eba433fb4@group-065AB5B53432-FollowerState] INFO  server.RaftServer$Division (RaftServerImpl.java:setRole(321)) - 9e79f7cb-e4c5-47cb-aa46-b66eba433fb4@group-065AB5B53432: changes role from  FOLLOWER to CANDIDATE at term 0 for changeToCandidate
2023-04-27 06:11:58,491 [9e79f7cb-e4c5-47cb-aa46-b66eba433fb4@group-065AB5B53432-FollowerState] INFO  server.RaftServerConfigKeys (ConfUtils.java:logGet(46)) - raft.server.leaderelection.pre-vote = true (default)
2023-04-27 06:11:58,491 [9e79f7cb-e4c5-47cb-aa46-b66eba433fb4@group-065AB5B53432-FollowerState] INFO  impl.RoleInfo (RoleInfo.java:updateAndGet(139)) - 9e79f7cb-e4c5-47cb-aa46-b66eba433fb4: start 9e79f7cb-e4c5-47cb-aa46-b66eba433fb4@group-065AB5B53432-LeaderElection4
2023-04-27 06:11:58,493 [9e79f7cb-e4c5-47cb-aa46-b66eba433fb4@group-065AB5B53432-LeaderElection4] INFO  impl.LeaderElection (LeaderElection.java:askForVotes(312)) - 9e79f7cb-e4c5-47cb-aa46-b66eba433fb4@group-065AB5B53432-LeaderElection4 PRE_VOTE round 0: submit vote requests at term 0 for -1: peers:[9e79f7cb-e4c5-47cb-aa46-b66eba433fb4|rpc:10.1.0.34:37175|dataStream:10.1.0.34:43331|priority:1|startupRole:FOLLOWER]|listeners:[], old=null
2023-04-27 06:11:58,493 [9e79f7cb-e4c5-47cb-aa46-b66eba433fb4@group-065AB5B53432-LeaderElection4] INFO  impl.LeaderElection (LeaderElection.java:askForVotes(314)) - 9e79f7cb-e4c5-47cb-aa46-b66eba433fb4@group-065AB5B53432-LeaderElection4 PRE_VOTE round 0: result PASSED (term=0)
2023-04-27 06:11:58,494 [9e79f7cb-e4c5-47cb-aa46-b66eba433fb4@group-065AB5B53432-LeaderElection4] INFO  impl.LeaderElection (LeaderElection.java:askForVotes(312)) - 9e79f7cb-e4c5-47cb-aa46-b66eba433fb4@group-065AB5B53432-LeaderElection4 ELECTION round 0: submit vote requests at term 1 for -1: peers:[9e79f7cb-e4c5-47cb-aa46-b66eba433fb4|rpc:10.1.0.34:37175|dataStream:10.1.0.34:43331|priority:1|startupRole:FOLLOWER]|listeners:[], old=null
2023-04-27 06:11:58,494 [9e79f7cb-e4c5-47cb-aa46-b66eba433fb4@group-065AB5B53432-LeaderElection4] INFO  impl.LeaderElection (LeaderElection.java:askForVotes(314)) - 9e79f7cb-e4c5-47cb-aa46-b66eba433fb4@group-065AB5B53432-LeaderElection4 ELECTION round 0: result PASSED (term=1)
2023-04-27 06:11:58,494 [9e79f7cb-e4c5-47cb-aa46-b66eba433fb4@group-065AB5B53432-LeaderElection4] INFO  impl.RoleInfo (RoleInfo.java:shutdownLeaderElection(130)) - 9e79f7cb-e4c5-47cb-aa46-b66eba433fb4: shutdown 9e79f7cb-e4c5-47cb-aa46-b66eba433fb4@group-065AB5B53432-LeaderElection4
2023-04-27 06:11:58,494 [9e79f7cb-e4c5-47cb-aa46-b66eba433fb4@group-065AB5B53432-LeaderElection4] INFO  server.RaftServer$Division (RaftServerImpl.java:setRole(321)) - 9e79f7cb-e4c5-47cb-aa46-b66eba433fb4@group-065AB5B53432: changes role from CANDIDATE to LEADER at term 1 for changeToLeader
2023-04-27 06:11:58,494 [9e79f7cb-e4c5-47cb-aa46-b66eba433fb4@group-065AB5B53432-LeaderElection4] INFO  ratis.XceiverServerRatis (XceiverServerRatis.java:handleLeaderChangedNotification(904)) - Leader change notification received for group: group-065AB5B53432 with new leaderId: 9e79f7cb-e4c5-47cb-aa46-b66eba433fb4
2023-04-27 06:11:58,495 [9e79f7cb-e4c5-47cb-aa46-b66eba433fb4@group-065AB5B53432-LeaderElection4] INFO  server.RaftServer$Division (ServerState.java:setLeader(313)) - 9e79f7cb-e4c5-47cb-aa46-b66eba433fb4@group-065AB5B53432: change Leader from null to 9e79f7cb-e4c5-47cb-aa46-b66eba433fb4 at term 1 for becomeLeader, leader elected after 5099ms
2023-04-27 06:11:58,495 [9e79f7cb-e4c5-47cb-aa46-b66eba433fb4@group-065AB5B53432-LeaderElection4] INFO  server.RaftServerConfigKeys (ConfUtils.java:logGet(46)) - raft.server.staging.catchup.gap = 1000 (default)
2023-04-27 06:11:58,496 [9e79f7cb-e4c5-47cb-aa46-b66eba433fb4@group-065AB5B53432-LeaderElection4] INFO  server.RaftServerConfigKeys (ConfUtils.java:logGet(46)) - raft.server.write.element-limit = 1024 (custom)
2023-04-27 06:11:58,496 [9e79f7cb-e4c5-47cb-aa46-b66eba433fb4@group-065AB5B53432-LeaderElection4] INFO  server.RaftServerConfigKeys (ConfUtils.java:logGet(46)) - raft.server.write.byte-limit = 1024 M (=1073741824) (custom)
2023-04-27 06:11:58,497 [9e79f7cb-e4c5-47cb-aa46-b66eba433fb4@group-065AB5B53432-LeaderElection4] INFO  server.RaftServerConfigKeys (ConfUtils.java:logGet(46)) - raft.server.watch.timeout = 3000ms (custom)
2023-04-27 06:11:58,497 [9e79f7cb-e4c5-47cb-aa46-b66eba433fb4@group-065AB5B53432-LeaderElection4] INFO  server.RaftServerConfigKeys (ConfUtils.java:logGet(46)) - raft.server.watch.timeout.denomination = 1s (default)
2023-04-27 06:11:58,497 [9e79f7cb-e4c5-47cb-aa46-b66eba433fb4@group-065AB5B53432-LeaderElection4] INFO  server.RaftServerConfigKeys (ConfUtils.java:logGet(46)) - raft.server.watch.element-limit = 65536 (default)
2023-04-27 06:11:58,497 [9e79f7cb-e4c5-47cb-aa46-b66eba433fb4@group-065AB5B53432-LeaderElection4] INFO  server.RaftServerConfigKeys (ConfUtils.java:logGet(46)) - raft.server.write.element-limit = 1024 (custom)
2023-04-27 06:11:58,497 [9e79f7cb-e4c5-47cb-aa46-b66eba433fb4@group-065AB5B53432-LeaderElection4] INFO  server.RaftServerConfigKeys (ConfUtils.java:logGet(46)) - raft.server.write.follower.gap.ratio.max = -1.0 (default)
2023-04-27 06:11:58,498 [9e79f7cb-e4c5-47cb-aa46-b66eba433fb4@group-065AB5B53432-LeaderElection4] INFO  impl.RoleInfo (RoleInfo.java:updateAndGet(139)) - 9e79f7cb-e4c5-47cb-aa46-b66eba433fb4: start 9e79f7cb-e4c5-47cb-aa46-b66eba433fb4@group-065AB5B53432-LeaderStateImpl
2023-04-27 06:11:58,498 [9e79f7cb-e4c5-47cb-aa46-b66eba433fb4@group-065AB5B53432-LeaderElection4] INFO  segmented.SegmentedRaftLogWorker (SegmentedRaftLogWorker.java:startLogSegment(452)) - 9e79f7cb-e4c5-47cb-aa46-b66eba433fb4@group-065AB5B53432-SegmentedRaftLogWorker: Starting segment from index:0
2023-04-27 06:11:58,502 [Listener at 127.0.0.1/44053] INFO  ozone.MiniOzoneClusterImpl (MiniOzoneClusterImpl.java:lambda$waitForClusterToBeReady$0(223)) - Nodes are ready. Got 5 of 5 DN Heartbeats.
2023-04-27 06:11:58,502 [Listener at 127.0.0.1/44053] INFO  ozone.MiniOzoneClusterImpl (MiniOzoneClusterImpl.java:lambda$waitForClusterToBeReady$0(226)) - Cluster exits safe mode
2023-04-27 06:11:58,502 [Listener at 127.0.0.1/44053] INFO  ozone.MiniOzoneClusterImpl (MiniOzoneClusterImpl.java:lambda$waitForClusterToBeReady$0(228)) - SCM became leader
2023-04-27 06:11:58,505 [9e79f7cb-e4c5-47cb-aa46-b66eba433fb4@group-065AB5B53432-LeaderElection4] INFO  server.RaftServer$Division (ServerState.java:setRaftConf(430)) - 9e79f7cb-e4c5-47cb-aa46-b66eba433fb4@group-065AB5B53432: set configuration 0: peers:[9e79f7cb-e4c5-47cb-aa46-b66eba433fb4|rpc:10.1.0.34:37175|dataStream:10.1.0.34:43331|priority:1|startupRole:FOLLOWER]|listeners:[], old=null
2023-04-27 06:11:58,506 [9e79f7cb-e4c5-47cb-aa46-b66eba433fb4@group-065AB5B53432-SegmentedRaftLogWorker] INFO  segmented.SegmentedRaftLogWorker (SegmentedRaftLogWorker.java:execute(656)) - 9e79f7cb-e4c5-47cb-aa46-b66eba433fb4@group-065AB5B53432-SegmentedRaftLogWorker: created new log segment /home/runner/work/ozone/ozone/hadoop-ozone/integration-test/target/test-dir/MiniOzoneClusterImpl-b7159a92-b125-4b28-96e0-478247ce15d0/datanode-1/data/ratis/4750ff24-964b-44da-ad39-065ab5b53432/current/log_inprogress_0
2023-04-27 06:11:58,938 [d3795bd6-5a77-4d2d-9b17-a3a54c2e679f@group-2366711E54EA-FollowerState] INFO  impl.FollowerState (FollowerState.java:run(143)) - d3795bd6-5a77-4d2d-9b17-a3a54c2e679f@group-2366711E54EA-FollowerState: change to CANDIDATE, lastRpcElapsedTime:5140167649ns, electionTimeout:5139ms
2023-04-27 06:11:58,939 [d3795bd6-5a77-4d2d-9b17-a3a54c2e679f@group-2366711E54EA-FollowerState] INFO  impl.RoleInfo (RoleInfo.java:shutdownFollowerState(110)) - d3795bd6-5a77-4d2d-9b17-a3a54c2e679f: shutdown d3795bd6-5a77-4d2d-9b17-a3a54c2e679f@group-2366711E54EA-FollowerState
2023-04-27 06:11:58,939 [d3795bd6-5a77-4d2d-9b17-a3a54c2e679f@group-2366711E54EA-FollowerState] INFO  server.RaftServer$Division (RaftServerImpl.java:setRole(321)) - d3795bd6-5a77-4d2d-9b17-a3a54c2e679f@group-2366711E54EA: changes role from  FOLLOWER to CANDIDATE at term 0 for changeToCandidate
2023-04-27 06:11:58,940 [d3795bd6-5a77-4d2d-9b17-a3a54c2e679f@group-2366711E54EA-FollowerState] INFO  server.RaftServerConfigKeys (ConfUtils.java:logGet(46)) - raft.server.leaderelection.pre-vote = true (default)
2023-04-27 06:11:58,940 [d3795bd6-5a77-4d2d-9b17-a3a54c2e679f@group-2366711E54EA-FollowerState] INFO  impl.RoleInfo (RoleInfo.java:updateAndGet(139)) - d3795bd6-5a77-4d2d-9b17-a3a54c2e679f: start d3795bd6-5a77-4d2d-9b17-a3a54c2e679f@group-2366711E54EA-LeaderElection5
2023-04-27 06:11:58,942 [d3795bd6-5a77-4d2d-9b17-a3a54c2e679f@group-2366711E54EA-LeaderElection5] INFO  impl.LeaderElection (LeaderElection.java:askForVotes(312)) - d3795bd6-5a77-4d2d-9b17-a3a54c2e679f@group-2366711E54EA-LeaderElection5 PRE_VOTE round 0: submit vote requests at term 0 for -1: peers:[d3795bd6-5a77-4d2d-9b17-a3a54c2e679f|rpc:10.1.0.34:37857|dataStream:10.1.0.34:39621|priority:1|startupRole:FOLLOWER]|listeners:[], old=null
2023-04-27 06:11:58,943 [d3795bd6-5a77-4d2d-9b17-a3a54c2e679f@group-2366711E54EA-LeaderElection5] INFO  impl.LeaderElection (LeaderElection.java:askForVotes(314)) - d3795bd6-5a77-4d2d-9b17-a3a54c2e679f@group-2366711E54EA-LeaderElection5 PRE_VOTE round 0: result PASSED (term=0)
2023-04-27 06:11:58,945 [d3795bd6-5a77-4d2d-9b17-a3a54c2e679f@group-2366711E54EA-LeaderElection5] INFO  impl.LeaderElection (LeaderElection.java:askForVotes(312)) - d3795bd6-5a77-4d2d-9b17-a3a54c2e679f@group-2366711E54EA-LeaderElection5 ELECTION round 0: submit vote requests at term 1 for -1: peers:[d3795bd6-5a77-4d2d-9b17-a3a54c2e679f|rpc:10.1.0.34:37857|dataStream:10.1.0.34:39621|priority:1|startupRole:FOLLOWER]|listeners:[], old=null
2023-04-27 06:11:58,945 [d3795bd6-5a77-4d2d-9b17-a3a54c2e679f@group-2366711E54EA-LeaderElection5] INFO  impl.LeaderElection (LeaderElection.java:askForVotes(314)) - d3795bd6-5a77-4d2d-9b17-a3a54c2e679f@group-2366711E54EA-LeaderElection5 ELECTION round 0: result PASSED (term=1)
2023-04-27 06:11:58,946 [d3795bd6-5a77-4d2d-9b17-a3a54c2e679f@group-2366711E54EA-LeaderElection5] INFO  impl.RoleInfo (RoleInfo.java:shutdownLeaderElection(130)) - d3795bd6-5a77-4d2d-9b17-a3a54c2e679f: shutdown d3795bd6-5a77-4d2d-9b17-a3a54c2e679f@group-2366711E54EA-LeaderElection5
2023-04-27 06:11:58,946 [d3795bd6-5a77-4d2d-9b17-a3a54c2e679f@group-2366711E54EA-LeaderElection5] INFO  server.RaftServer$Division (RaftServerImpl.java:setRole(321)) - d3795bd6-5a77-4d2d-9b17-a3a54c2e679f@group-2366711E54EA: changes role from CANDIDATE to LEADER at term 1 for changeToLeader
2023-04-27 06:11:58,946 [d3795bd6-5a77-4d2d-9b17-a3a54c2e679f@group-2366711E54EA-LeaderElection5] INFO  ratis.XceiverServerRatis (XceiverServerRatis.java:handleLeaderChangedNotification(904)) - Leader change notification received for group: group-2366711E54EA with new leaderId: d3795bd6-5a77-4d2d-9b17-a3a54c2e679f
2023-04-27 06:11:58,946 [d3795bd6-5a77-4d2d-9b17-a3a54c2e679f@group-2366711E54EA-LeaderElection5] INFO  server.RaftServer$Division (ServerState.java:setLeader(313)) - d3795bd6-5a77-4d2d-9b17-a3a54c2e679f@group-2366711E54EA: change Leader from null to d3795bd6-5a77-4d2d-9b17-a3a54c2e679f at term 1 for becomeLeader, leader elected after 5185ms
2023-04-27 06:11:58,946 [d3795bd6-5a77-4d2d-9b17-a3a54c2e679f@group-2366711E54EA-LeaderElection5] INFO  server.RaftServerConfigKeys (ConfUtils.java:logGet(46)) - raft.server.staging.catchup.gap = 1000 (default)
2023-04-27 06:11:58,947 [d3795bd6-5a77-4d2d-9b17-a3a54c2e679f@group-2366711E54EA-LeaderElection5] INFO  server.RaftServerConfigKeys (ConfUtils.java:logGet(46)) - raft.server.write.element-limit = 1024 (custom)
2023-04-27 06:11:58,947 [d3795bd6-5a77-4d2d-9b17-a3a54c2e679f@group-2366711E54EA-LeaderElection5] INFO  server.RaftServerConfigKeys (ConfUtils.java:logGet(46)) - raft.server.write.byte-limit = 1024 M (=1073741824) (custom)
2023-04-27 06:11:58,947 [d3795bd6-5a77-4d2d-9b17-a3a54c2e679f@group-2366711E54EA-LeaderElection5] INFO  server.RaftServerConfigKeys (ConfUtils.java:logGet(46)) - raft.server.watch.timeout = 3000ms (custom)
2023-04-27 06:11:58,947 [d3795bd6-5a77-4d2d-9b17-a3a54c2e679f@group-2366711E54EA-LeaderElection5] INFO  server.RaftServerConfigKeys (ConfUtils.java:logGet(46)) - raft.server.watch.timeout.denomination = 1s (default)
2023-04-27 06:11:58,947 [d3795bd6-5a77-4d2d-9b17-a3a54c2e679f@group-2366711E54EA-LeaderElection5] INFO  server.RaftServerConfigKeys (ConfUtils.java:logGet(46)) - raft.server.watch.element-limit = 65536 (default)
2023-04-27 06:11:58,947 [d3795bd6-5a77-4d2d-9b17-a3a54c2e679f@group-2366711E54EA-LeaderElection5] INFO  server.RaftServerConfigKeys (ConfUtils.java:logGet(46)) - raft.server.write.element-limit = 1024 (custom)
2023-04-27 06:11:58,948 [d3795bd6-5a77-4d2d-9b17-a3a54c2e679f@group-2366711E54EA-LeaderElection5] INFO  server.RaftServerConfigKeys (ConfUtils.java:logGet(46)) - raft.server.write.follower.gap.ratio.max = -1.0 (default)
2023-04-27 06:11:58,948 [d3795bd6-5a77-4d2d-9b17-a3a54c2e679f@group-2366711E54EA-LeaderElection5] INFO  impl.RoleInfo (RoleInfo.java:updateAndGet(139)) - d3795bd6-5a77-4d2d-9b17-a3a54c2e679f: start d3795bd6-5a77-4d2d-9b17-a3a54c2e679f@group-2366711E54EA-LeaderStateImpl
2023-04-27 06:11:58,948 [d3795bd6-5a77-4d2d-9b17-a3a54c2e679f@group-2366711E54EA-LeaderElection5] INFO  segmented.SegmentedRaftLogWorker (SegmentedRaftLogWorker.java:startLogSegment(452)) - d3795bd6-5a77-4d2d-9b17-a3a54c2e679f@group-2366711E54EA-SegmentedRaftLogWorker: Starting segment from index:0
2023-04-27 06:11:58,952 [d3795bd6-5a77-4d2d-9b17-a3a54c2e679f@group-2366711E54EA-SegmentedRaftLogWorker] INFO  segmented.SegmentedRaftLogWorker (SegmentedRaftLogWorker.java:execute(656)) - d3795bd6-5a77-4d2d-9b17-a3a54c2e679f@group-2366711E54EA-SegmentedRaftLogWorker: created new log segment /home/runner/work/ozone/ozone/hadoop-ozone/integration-test/target/test-dir/MiniOzoneClusterImpl-b7159a92-b125-4b28-96e0-478247ce15d0/datanode-2/data/ratis/e914ef8b-0372-44ab-b65a-2366711e54ea/current/log_inprogress_0
2023-04-27 06:11:58,959 [d3795bd6-5a77-4d2d-9b17-a3a54c2e679f@group-2366711E54EA-LeaderElection5] INFO  server.RaftServer$Division (ServerState.java:setRaftConf(430)) - d3795bd6-5a77-4d2d-9b17-a3a54c2e679f@group-2366711E54EA: set configuration 0: peers:[d3795bd6-5a77-4d2d-9b17-a3a54c2e679f|rpc:10.1.0.34:37857|dataStream:10.1.0.34:39621|priority:1|startupRole:FOLLOWER]|listeners:[], old=null
2023-04-27 06:11:58,973 [d854720a-bbe5-47c1-a40c-d7c4a462ec23@group-DA73AD7F98DC-FollowerState] INFO  impl.FollowerState (FollowerState.java:run(143)) - d854720a-bbe5-47c1-a40c-d7c4a462ec23@group-DA73AD7F98DC-FollowerState: change to CANDIDATE, lastRpcElapsedTime:5049989796ns, electionTimeout:5028ms
2023-04-27 06:11:58,973 [d854720a-bbe5-47c1-a40c-d7c4a462ec23@group-DA73AD7F98DC-FollowerState] INFO  impl.RoleInfo (RoleInfo.java:shutdownFollowerState(110)) - d854720a-bbe5-47c1-a40c-d7c4a462ec23: shutdown d854720a-bbe5-47c1-a40c-d7c4a462ec23@group-DA73AD7F98DC-FollowerState
2023-04-27 06:11:58,973 [d854720a-bbe5-47c1-a40c-d7c4a462ec23@group-DA73AD7F98DC-FollowerState] INFO  server.RaftServer$Division (RaftServerImpl.java:setRole(321)) - d854720a-bbe5-47c1-a40c-d7c4a462ec23@group-DA73AD7F98DC: changes role from  FOLLOWER to CANDIDATE at term 0 for changeToCandidate
2023-04-27 06:11:58,975 [d854720a-bbe5-47c1-a40c-d7c4a462ec23@group-DA73AD7F98DC-FollowerState] INFO  server.RaftServerConfigKeys (ConfUtils.java:logGet(46)) - raft.server.leaderelection.pre-vote = true (default)
2023-04-27 06:11:58,975 [d854720a-bbe5-47c1-a40c-d7c4a462ec23@group-DA73AD7F98DC-FollowerState] INFO  impl.RoleInfo (RoleInfo.java:updateAndGet(139)) - d854720a-bbe5-47c1-a40c-d7c4a462ec23: start d854720a-bbe5-47c1-a40c-d7c4a462ec23@group-DA73AD7F98DC-LeaderElection6
2023-04-27 06:11:58,987 [d854720a-bbe5-47c1-a40c-d7c4a462ec23@group-DA73AD7F98DC-LeaderElection6] INFO  impl.LeaderElection (LeaderElection.java:askForVotes(312)) - d854720a-bbe5-47c1-a40c-d7c4a462ec23@group-DA73AD7F98DC-LeaderElection6 PRE_VOTE round 0: submit vote requests at term 0 for -1: peers:[9e79f7cb-e4c5-47cb-aa46-b66eba433fb4|rpc:10.1.0.34:37175|dataStream:10.1.0.34:43331|priority:1|startupRole:FOLLOWER, d3795bd6-5a77-4d2d-9b17-a3a54c2e679f|rpc:10.1.0.34:37857|dataStream:10.1.0.34:39621|priority:0|startupRole:FOLLOWER, d854720a-bbe5-47c1-a40c-d7c4a462ec23|rpc:10.1.0.34:37589|dataStream:10.1.0.34:34327|priority:0|startupRole:FOLLOWER]|listeners:[], old=null
2023-04-27 06:11:58,988 [d854720a-bbe5-47c1-a40c-d7c4a462ec23@group-DA73AD7F98DC-LeaderElection6] INFO  server.RaftServerConfigKeys (ConfUtils.java:logFallback(53)) - raft.server.rpc.first-election.timeout.min = 5s (fallback to raft.server.rpc.timeout.min)
2023-04-27 06:11:58,988 [d854720a-bbe5-47c1-a40c-d7c4a462ec23@group-DA73AD7F98DC-LeaderElection6] INFO  server.RaftServerConfigKeys (ConfUtils.java:logFallback(53)) - raft.server.rpc.first-election.timeout.max = 5200ms (fallback to raft.server.rpc.timeout.max)
2023-04-27 06:11:58,995 [grpc-default-executor-0] INFO  server.RaftServer$Division (RaftServerImpl.java:requestVote(1218)) - 9e79f7cb-e4c5-47cb-aa46-b66eba433fb4@group-DA73AD7F98DC: receive requestVote(PRE_VOTE, d854720a-bbe5-47c1-a40c-d7c4a462ec23, group-DA73AD7F98DC, 0, (t:0, i:0))
2023-04-27 06:11:58,995 [grpc-default-executor-0] INFO  impl.VoteContext (VoteContext.java:log(49)) - 9e79f7cb-e4c5-47cb-aa46-b66eba433fb4@group-DA73AD7F98DC-FOLLOWER: reject PRE_VOTE from d854720a-bbe5-47c1-a40c-d7c4a462ec23: our priority 1 > candidate's priority 0
2023-04-27 06:11:58,996 [grpc-default-executor-0] INFO  server.RaftServer$Division (RaftServerImpl.java:requestVote(1251)) - 9e79f7cb-e4c5-47cb-aa46-b66eba433fb4@group-DA73AD7F98DC replies to PRE_VOTE vote request: d854720a-bbe5-47c1-a40c-d7c4a462ec23<-9e79f7cb-e4c5-47cb-aa46-b66eba433fb4#0:FAIL-t0. Peer's state: 9e79f7cb-e4c5-47cb-aa46-b66eba433fb4@group-DA73AD7F98DC:t0, leader=null, voted=, raftlog=Memoized:9e79f7cb-e4c5-47cb-aa46-b66eba433fb4@group-DA73AD7F98DC-SegmentedRaftLog:OPENED:c-1, conf=-1: peers:[9e79f7cb-e4c5-47cb-aa46-b66eba433fb4|rpc:10.1.0.34:37175|dataStream:10.1.0.34:43331|priority:1|startupRole:FOLLOWER, d3795bd6-5a77-4d2d-9b17-a3a54c2e679f|rpc:10.1.0.34:37857|dataStream:10.1.0.34:39621|priority:0|startupRole:FOLLOWER, d854720a-bbe5-47c1-a40c-d7c4a462ec23|rpc:10.1.0.34:37589|dataStream:10.1.0.34:34327|priority:0|startupRole:FOLLOWER]|listeners:[], old=null
2023-04-27 06:11:58,999 [grpc-default-executor-3] INFO  server.RaftServer$Division (RaftServerImpl.java:requestVote(1218)) - d3795bd6-5a77-4d2d-9b17-a3a54c2e679f@group-DA73AD7F98DC: receive requestVote(PRE_VOTE, d854720a-bbe5-47c1-a40c-d7c4a462ec23, group-DA73AD7F98DC, 0, (t:0, i:0))
2023-04-27 06:11:58,999 [grpc-default-executor-3] INFO  impl.VoteContext (VoteContext.java:log(49)) - d3795bd6-5a77-4d2d-9b17-a3a54c2e679f@group-DA73AD7F98DC-FOLLOWER: accept PRE_VOTE from d854720a-bbe5-47c1-a40c-d7c4a462ec23: our priority 0 <= candidate's priority 0
2023-04-27 06:11:58,999 [grpc-default-executor-3] INFO  server.RaftServer$Division (RaftServerImpl.java:requestVote(1251)) - d3795bd6-5a77-4d2d-9b17-a3a54c2e679f@group-DA73AD7F98DC replies to PRE_VOTE vote request: d854720a-bbe5-47c1-a40c-d7c4a462ec23<-d3795bd6-5a77-4d2d-9b17-a3a54c2e679f#0:OK-t0. Peer's state: d3795bd6-5a77-4d2d-9b17-a3a54c2e679f@group-DA73AD7F98DC:t0, leader=null, voted=, raftlog=Memoized:d3795bd6-5a77-4d2d-9b17-a3a54c2e679f@group-DA73AD7F98DC-SegmentedRaftLog:OPENED:c-1, conf=-1: peers:[9e79f7cb-e4c5-47cb-aa46-b66eba433fb4|rpc:10.1.0.34:37175|dataStream:10.1.0.34:43331|priority:1|startupRole:FOLLOWER, d3795bd6-5a77-4d2d-9b17-a3a54c2e679f|rpc:10.1.0.34:37857|dataStream:10.1.0.34:39621|priority:0|startupRole:FOLLOWER, d854720a-bbe5-47c1-a40c-d7c4a462ec23|rpc:10.1.0.34:37589|dataStream:10.1.0.34:34327|priority:0|startupRole:FOLLOWER]|listeners:[], old=null
2023-04-27 06:11:59,002 [d854720a-bbe5-47c1-a40c-d7c4a462ec23@group-DA73AD7F98DC-LeaderElection6] INFO  impl.LeaderElection (LeaderElection.java:logAndReturn(90)) - d854720a-bbe5-47c1-a40c-d7c4a462ec23@group-DA73AD7F98DC-LeaderElection6: PRE_VOTE REJECTED received 1 response(s) and 0 exception(s):
2023-04-27 06:11:59,003 [d854720a-bbe5-47c1-a40c-d7c4a462ec23@group-DA73AD7F98DC-LeaderElection6] INFO  impl.LeaderElection (LeaderElection.java:logAndReturn(94)) -   Response 0: d854720a-bbe5-47c1-a40c-d7c4a462ec23<-9e79f7cb-e4c5-47cb-aa46-b66eba433fb4#0:FAIL-t0
2023-04-27 06:11:59,003 [d854720a-bbe5-47c1-a40c-d7c4a462ec23@group-DA73AD7F98DC-LeaderElection6] INFO  impl.LeaderElection (LeaderElection.java:askForVotes(314)) - d854720a-bbe5-47c1-a40c-d7c4a462ec23@group-DA73AD7F98DC-LeaderElection6 PRE_VOTE round 0: result REJECTED
2023-04-27 06:11:59,003 [d854720a-bbe5-47c1-a40c-d7c4a462ec23@group-DA73AD7F98DC-LeaderElection6] INFO  server.RaftServer$Division (RaftServerImpl.java:setRole(321)) - d854720a-bbe5-47c1-a40c-d7c4a462ec23@group-DA73AD7F98DC: changes role from CANDIDATE to FOLLOWER at term 0 for REJECTED
2023-04-27 06:11:59,004 [d854720a-bbe5-47c1-a40c-d7c4a462ec23@group-DA73AD7F98DC-LeaderElection6] INFO  impl.RoleInfo (RoleInfo.java:shutdownLeaderElection(130)) - d854720a-bbe5-47c1-a40c-d7c4a462ec23: shutdown d854720a-bbe5-47c1-a40c-d7c4a462ec23@group-DA73AD7F98DC-LeaderElection6
2023-04-27 06:11:59,004 [d3795bd6-5a77-4d2d-9b17-a3a54c2e679f@group-DA73AD7F98DC-FollowerState] INFO  server.RaftServerConfigKeys (ConfUtils.java:logFallback(53)) - raft.server.rpc.first-election.timeout.min = 5s (fallback to raft.server.rpc.timeout.min)
2023-04-27 06:11:59,004 [d3795bd6-5a77-4d2d-9b17-a3a54c2e679f@group-DA73AD7F98DC-FollowerState] INFO  server.RaftServerConfigKeys (ConfUtils.java:logFallback(53)) - raft.server.rpc.first-election.timeout.max = 5200ms (fallback to raft.server.rpc.timeout.max)
2023-04-27 06:11:59,007 [d854720a-bbe5-47c1-a40c-d7c4a462ec23@group-DA73AD7F98DC-LeaderElection6] INFO  impl.RoleInfo (RoleInfo.java:updateAndGet(139)) - d854720a-bbe5-47c1-a40c-d7c4a462ec23: start d854720a-bbe5-47c1-a40c-d7c4a462ec23@group-DA73AD7F98DC-FollowerState
2023-04-27 06:11:59,014 [d854720a-bbe5-47c1-a40c-d7c4a462ec23@group-DA73AD7F98DC-FollowerState] INFO  server.RaftServerConfigKeys (ConfUtils.java:logFallback(53)) - raft.server.rpc.first-election.timeout.min = 5s (fallback to raft.server.rpc.timeout.min)
2023-04-27 06:11:59,014 [d854720a-bbe5-47c1-a40c-d7c4a462ec23@group-DA73AD7F98DC-FollowerState] INFO  server.RaftServerConfigKeys (ConfUtils.java:logFallback(53)) - raft.server.rpc.first-election.timeout.max = 5200ms (fallback to raft.server.rpc.timeout.max)
2023-04-27 06:11:59,068 [Listener at 127.0.0.1/44053] INFO  freon.RandomKeyGenerator (RandomKeyGenerator.java:call(315)) - Number of Threads: 10
2023-04-27 06:11:59,076 [9e79f7cb-e4c5-47cb-aa46-b66eba433fb4@group-DA73AD7F98DC-FollowerState] INFO  impl.FollowerState (FollowerState.java:run(143)) - 9e79f7cb-e4c5-47cb-aa46-b66eba433fb4@group-DA73AD7F98DC-FollowerState: change to CANDIDATE, lastRpcElapsedTime:5042855718ns, electionTimeout:5023ms
2023-04-27 06:11:59,077 [9e79f7cb-e4c5-47cb-aa46-b66eba433fb4@group-DA73AD7F98DC-FollowerState] INFO  impl.RoleInfo (RoleInfo.java:shutdownFollowerState(110)) - 9e79f7cb-e4c5-47cb-aa46-b66eba433fb4: shutdown 9e79f7cb-e4c5-47cb-aa46-b66eba433fb4@group-DA73AD7F98DC-FollowerState
2023-04-27 06:11:59,077 [9e79f7cb-e4c5-47cb-aa46-b66eba433fb4@group-DA73AD7F98DC-FollowerState] INFO  server.RaftServer$Division (RaftServerImpl.java:setRole(321)) - 9e79f7cb-e4c5-47cb-aa46-b66eba433fb4@group-DA73AD7F98DC: changes role from  FOLLOWER to CANDIDATE at term 0 for changeToCandidate
2023-04-27 06:11:59,078 [9e79f7cb-e4c5-47cb-aa46-b66eba433fb4@group-DA73AD7F98DC-FollowerState] INFO  server.RaftServerConfigKeys (ConfUtils.java:logGet(46)) - raft.server.leaderelection.pre-vote = true (default)
2023-04-27 06:11:59,079 [9e79f7cb-e4c5-47cb-aa46-b66eba433fb4@group-DA73AD7F98DC-FollowerState] INFO  impl.RoleInfo (RoleInfo.java:updateAndGet(139)) - 9e79f7cb-e4c5-47cb-aa46-b66eba433fb4: start 9e79f7cb-e4c5-47cb-aa46-b66eba433fb4@group-DA73AD7F98DC-LeaderElection7
2023-04-27 06:11:59,080 [9e79f7cb-e4c5-47cb-aa46-b66eba433fb4@group-DA73AD7F98DC-LeaderElection7] INFO  impl.LeaderElection (LeaderElection.java:askForVotes(312)) - 9e79f7cb-e4c5-47cb-aa46-b66eba433fb4@group-DA73AD7F98DC-LeaderElection7 PRE_VOTE round 0: submit vote requests at term 0 for -1: peers:[9e79f7cb-e4c5-47cb-aa46-b66eba433fb4|rpc:10.1.0.34:37175|dataStream:10.1.0.34:43331|priority:1|startupRole:FOLLOWER, d3795bd6-5a77-4d2d-9b17-a3a54c2e679f|rpc:10.1.0.34:37857|dataStream:10.1.0.34:39621|priority:0|startupRole:FOLLOWER, d854720a-bbe5-47c1-a40c-d7c4a462ec23|rpc:10.1.0.34:37589|dataStream:10.1.0.34:34327|priority:0|startupRole:FOLLOWER]|listeners:[], old=null
2023-04-27 06:11:59,080 [9e79f7cb-e4c5-47cb-aa46-b66eba433fb4@group-DA73AD7F98DC-LeaderElection7-1] INFO  server.GrpcServerProtocolClient (GrpcServerProtocolClient.java:<init>(63)) - Build channel for d3795bd6-5a77-4d2d-9b17-a3a54c2e679f
2023-04-27 06:11:59,083 [9e79f7cb-e4c5-47cb-aa46-b66eba433fb4@group-DA73AD7F98DC-LeaderElection7] INFO  server.RaftServerConfigKeys (ConfUtils.java:logFallback(53)) - raft.server.rpc.first-election.timeout.min = 5s (fallback to raft.server.rpc.timeout.min)
2023-04-27 06:11:59,086 [9e79f7cb-e4c5-47cb-aa46-b66eba433fb4@group-DA73AD7F98DC-LeaderElection7] INFO  server.RaftServerConfigKeys (ConfUtils.java:logFallback(53)) - raft.server.rpc.first-election.timeout.max = 5200ms (fallback to raft.server.rpc.timeout.max)
2023-04-27 06:11:59,086 [9e79f7cb-e4c5-47cb-aa46-b66eba433fb4@group-DA73AD7F98DC-LeaderElection7-2] INFO  server.GrpcServerProtocolClient (GrpcServerProtocolClient.java:<init>(63)) - Build channel for d854720a-bbe5-47c1-a40c-d7c4a462ec23
2023-04-27 06:11:59,102 [grpc-default-executor-3] INFO  server.RaftServer$Division (RaftServerImpl.java:requestVote(1218)) - d3795bd6-5a77-4d2d-9b17-a3a54c2e679f@group-DA73AD7F98DC: receive requestVote(PRE_VOTE, 9e79f7cb-e4c5-47cb-aa46-b66eba433fb4, group-DA73AD7F98DC, 0, (t:0, i:0))
2023-04-27 06:11:59,102 [grpc-default-executor-3] INFO  impl.VoteContext (VoteContext.java:log(49)) - d3795bd6-5a77-4d2d-9b17-a3a54c2e679f@group-DA73AD7F98DC-FOLLOWER: accept PRE_VOTE from 9e79f7cb-e4c5-47cb-aa46-b66eba433fb4: our priority 0 <= candidate's priority 1
2023-04-27 06:11:59,102 [grpc-default-executor-3] INFO  server.RaftServer$Division (RaftServerImpl.java:requestVote(1251)) - d3795bd6-5a77-4d2d-9b17-a3a54c2e679f@group-DA73AD7F98DC replies to PRE_VOTE vote request: 9e79f7cb-e4c5-47cb-aa46-b66eba433fb4<-d3795bd6-5a77-4d2d-9b17-a3a54c2e679f#0:OK-t0. Peer's state: d3795bd6-5a77-4d2d-9b17-a3a54c2e679f@group-DA73AD7F98DC:t0, leader=null, voted=, raftlog=Memoized:d3795bd6-5a77-4d2d-9b17-a3a54c2e679f@group-DA73AD7F98DC-SegmentedRaftLog:OPENED:c-1, conf=-1: peers:[9e79f7cb-e4c5-47cb-aa46-b66eba433fb4|rpc:10.1.0.34:37175|dataStream:10.1.0.34:43331|priority:1|startupRole:FOLLOWER, d3795bd6-5a77-4d2d-9b17-a3a54c2e679f|rpc:10.1.0.34:37857|dataStream:10.1.0.34:39621|priority:0|startupRole:FOLLOWER, d854720a-bbe5-47c1-a40c-d7c4a462ec23|rpc:10.1.0.34:37589|dataStream:10.1.0.34:34327|priority:0|startupRole:FOLLOWER]|listeners:[], old=null
2023-04-27 06:11:59,104 [9e79f7cb-e4c5-47cb-aa46-b66eba433fb4@group-DA73AD7F98DC-LeaderElection7] INFO  impl.LeaderElection (LeaderElection.java:logAndReturn(90)) - 9e79f7cb-e4c5-47cb-aa46-b66eba433fb4@group-DA73AD7F98DC-LeaderElection7: PRE_VOTE PASSED received 1 response(s) and 0 exception(s):
2023-04-27 06:11:59,104 [9e79f7cb-e4c5-47cb-aa46-b66eba433fb4@group-DA73AD7F98DC-LeaderElection7] INFO  impl.LeaderElection (LeaderElection.java:logAndReturn(94)) -   Response 0: 9e79f7cb-e4c5-47cb-aa46-b66eba433fb4<-d3795bd6-5a77-4d2d-9b17-a3a54c2e679f#0:OK-t0
2023-04-27 06:11:59,104 [9e79f7cb-e4c5-47cb-aa46-b66eba433fb4@group-DA73AD7F98DC-LeaderElection7] INFO  impl.LeaderElection (LeaderElection.java:askForVotes(314)) - 9e79f7cb-e4c5-47cb-aa46-b66eba433fb4@group-DA73AD7F98DC-LeaderElection7 PRE_VOTE round 0: result PASSED
2023-04-27 06:11:59,105 [9e79f7cb-e4c5-47cb-aa46-b66eba433fb4@group-DA73AD7F98DC-LeaderElection7] INFO  impl.LeaderElection (LeaderElection.java:askForVotes(312)) - 9e79f7cb-e4c5-47cb-aa46-b66eba433fb4@group-DA73AD7F98DC-LeaderElection7 ELECTION round 0: submit vote requests at term 1 for -1: peers:[9e79f7cb-e4c5-47cb-aa46-b66eba433fb4|rpc:10.1.0.34:37175|dataStream:10.1.0.34:43331|priority:1|startupRole:FOLLOWER, d3795bd6-5a77-4d2d-9b17-a3a54c2e679f|rpc:10.1.0.34:37857|dataStream:10.1.0.34:39621|priority:0|startupRole:FOLLOWER, d854720a-bbe5-47c1-a40c-d7c4a462ec23|rpc:10.1.0.34:37589|dataStream:10.1.0.34:34327|priority:0|startupRole:FOLLOWER]|listeners:[], old=null
2023-04-27 06:11:59,110 [Listener at 127.0.0.1/44053] INFO  freon.RandomKeyGenerator (RandomKeyGenerator.java:call(320)) - Number of Volumes: 2.
2023-04-27 06:11:59,111 [9e79f7cb-e4c5-47cb-aa46-b66eba433fb4@group-DA73AD7F98DC-LeaderElection7] INFO  server.RaftServerConfigKeys (ConfUtils.java:logFallback(53)) - raft.server.rpc.first-election.timeout.min = 5s (fallback to raft.server.rpc.timeout.min)
2023-04-27 06:11:59,117 [9e79f7cb-e4c5-47cb-aa46-b66eba433fb4@group-DA73AD7F98DC-LeaderElection7] INFO  server.RaftServerConfigKeys (ConfUtils.java:logFallback(53)) - raft.server.rpc.first-election.timeout.max = 5200ms (fallback to raft.server.rpc.timeout.max)
2023-04-27 06:11:59,115 [Listener at 127.0.0.1/44053] INFO  freon.RandomKeyGenerator (RandomKeyGenerator.java:call(321)) - Number of Buckets per Volume: 5.
2023-04-27 06:11:59,117 [Listener at 127.0.0.1/44053] INFO  freon.RandomKeyGenerator (RandomKeyGenerator.java:call(322)) - Number of Keys per Bucket: 10.
2023-04-27 06:11:59,117 [Listener at 127.0.0.1/44053] INFO  freon.RandomKeyGenerator (RandomKeyGenerator.java:call(323)) - Key size: 10240 bytes
2023-04-27 06:11:59,117 [Listener at 127.0.0.1/44053] INFO  freon.RandomKeyGenerator (RandomKeyGenerator.java:call(324)) - Buffer size: 4096 bytes
2023-04-27 06:11:59,118 [Listener at 127.0.0.1/44053] INFO  freon.RandomKeyGenerator (RandomKeyGenerator.java:call(325)) - validateWrites : false
2023-04-27 06:11:59,118 [Listener at 127.0.0.1/44053] INFO  freon.RandomKeyGenerator (RandomKeyGenerator.java:call(326)) - Number of Validate Threads: 1
2023-04-27 06:11:59,118 [Listener at 127.0.0.1/44053] INFO  freon.RandomKeyGenerator (RandomKeyGenerator.java:call(327)) - cleanObjects : false
2023-04-27 06:11:59,128 [grpc-default-executor-3] INFO  server.RaftServer$Division (RaftServerImpl.java:requestVote(1218)) - d3795bd6-5a77-4d2d-9b17-a3a54c2e679f@group-DA73AD7F98DC: receive requestVote(ELECTION, 9e79f7cb-e4c5-47cb-aa46-b66eba433fb4, group-DA73AD7F98DC, 1, (t:0, i:0))
2023-04-27 06:11:59,128 [grpc-default-executor-3] INFO  impl.VoteContext (VoteContext.java:log(49)) - d3795bd6-5a77-4d2d-9b17-a3a54c2e679f@group-DA73AD7F98DC-FOLLOWER: accept ELECTION from 9e79f7cb-e4c5-47cb-aa46-b66eba433fb4: our priority 0 <= candidate's priority 1
2023-04-27 06:11:59,128 [grpc-default-executor-3] INFO  server.RaftServer$Division (RaftServerImpl.java:setRole(321)) - d3795bd6-5a77-4d2d-9b17-a3a54c2e679f@group-DA73AD7F98DC: changes role from  FOLLOWER to FOLLOWER at term 1 for candidate:9e79f7cb-e4c5-47cb-aa46-b66eba433fb4
2023-04-27 06:11:59,128 [grpc-default-executor-3] INFO  impl.RoleInfo (RoleInfo.java:shutdownFollowerState(110)) - d3795bd6-5a77-4d2d-9b17-a3a54c2e679f: shutdown d3795bd6-5a77-4d2d-9b17-a3a54c2e679f@group-DA73AD7F98DC-FollowerState
2023-04-27 06:11:59,128 [grpc-default-executor-0] INFO  server.RaftServer$Division (RaftServerImpl.java:requestVote(1218)) - d854720a-bbe5-47c1-a40c-d7c4a462ec23@group-DA73AD7F98DC: receive requestVote(PRE_VOTE, 9e79f7cb-e4c5-47cb-aa46-b66eba433fb4, group-DA73AD7F98DC, 0, (t:0, i:0))
2023-04-27 06:11:59,128 [grpc-default-executor-0] INFO  impl.VoteContext (VoteContext.java:log(49)) - d854720a-bbe5-47c1-a40c-d7c4a462ec23@group-DA73AD7F98DC-FOLLOWER: accept PRE_VOTE from 9e79f7cb-e4c5-47cb-aa46-b66eba433fb4: our priority 0 <= candidate's priority 1
2023-04-27 06:11:59,128 [grpc-default-executor-0] INFO  server.RaftServer$Division (RaftServerImpl.java:requestVote(1251)) - d854720a-bbe5-47c1-a40c-d7c4a462ec23@group-DA73AD7F98DC replies to PRE_VOTE vote request: 9e79f7cb-e4c5-47cb-aa46-b66eba433fb4<-d854720a-bbe5-47c1-a40c-d7c4a462ec23#0:OK-t0. Peer's state: d854720a-bbe5-47c1-a40c-d7c4a462ec23@group-DA73AD7F98DC:t0, leader=null, voted=, raftlog=Memoized:d854720a-bbe5-47c1-a40c-d7c4a462ec23@group-DA73AD7F98DC-SegmentedRaftLog:OPENED:c-1, conf=-1: peers:[9e79f7cb-e4c5-47cb-aa46-b66eba433fb4|rpc:10.1.0.34:37175|dataStream:10.1.0.34:43331|priority:1|startupRole:FOLLOWER, d3795bd6-5a77-4d2d-9b17-a3a54c2e679f|rpc:10.1.0.34:37857|dataStream:10.1.0.34:39621|priority:0|startupRole:FOLLOWER, d854720a-bbe5-47c1-a40c-d7c4a462ec23|rpc:10.1.0.34:37589|dataStream:10.1.0.34:34327|priority:0|startupRole:FOLLOWER]|listeners:[], old=null
2023-04-27 06:11:59,129 [d3795bd6-5a77-4d2d-9b17-a3a54c2e679f@group-DA73AD7F98DC-FollowerState] INFO  impl.FollowerState (FollowerState.java:run(152)) - d3795bd6-5a77-4d2d-9b17-a3a54c2e679f@group-DA73AD7F98DC-FollowerState was interrupted
2023-04-27 06:11:59,131 [grpc-default-executor-3] INFO  impl.RoleInfo (RoleInfo.java:updateAndGet(139)) - d3795bd6-5a77-4d2d-9b17-a3a54c2e679f: start d3795bd6-5a77-4d2d-9b17-a3a54c2e679f@group-DA73AD7F98DC-FollowerState
2023-04-27 06:11:59,131 [grpc-default-executor-2] INFO  server.RaftServer$Division (RaftServerImpl.java:requestVote(1218)) - d854720a-bbe5-47c1-a40c-d7c4a462ec23@group-DA73AD7F98DC: receive requestVote(ELECTION, 9e79f7cb-e4c5-47cb-aa46-b66eba433fb4, group-DA73AD7F98DC, 1, (t:0, i:0))
2023-04-27 06:11:59,142 [grpc-default-executor-2] INFO  impl.VoteContext (VoteContext.java:log(49)) - d854720a-bbe5-47c1-a40c-d7c4a462ec23@group-DA73AD7F98DC-FOLLOWER: accept ELECTION from 9e79f7cb-e4c5-47cb-aa46-b66eba433fb4: our priority 0 <= candidate's priority 1
2023-04-27 06:11:59,142 [grpc-default-executor-2] INFO  server.RaftServer$Division (RaftServerImpl.java:setRole(321)) - d854720a-bbe5-47c1-a40c-d7c4a462ec23@group-DA73AD7F98DC: changes role from  FOLLOWER to FOLLOWER at term 1 for candidate:9e79f7cb-e4c5-47cb-aa46-b66eba433fb4
2023-04-27 06:11:59,142 [grpc-default-executor-2] INFO  impl.RoleInfo (RoleInfo.java:shutdownFollowerState(110)) - d854720a-bbe5-47c1-a40c-d7c4a462ec23: shutdown d854720a-bbe5-47c1-a40c-d7c4a462ec23@group-DA73AD7F98DC-FollowerState
2023-04-27 06:11:59,143 [grpc-default-executor-2] INFO  impl.RoleInfo (RoleInfo.java:updateAndGet(139)) - d854720a-bbe5-47c1-a40c-d7c4a462ec23: start d854720a-bbe5-47c1-a40c-d7c4a462ec23@group-DA73AD7F98DC-FollowerState
2023-04-27 06:11:59,143 [d854720a-bbe5-47c1-a40c-d7c4a462ec23@group-DA73AD7F98DC-FollowerState] INFO  impl.FollowerState (FollowerState.java:run(152)) - d854720a-bbe5-47c1-a40c-d7c4a462ec23@group-DA73AD7F98DC-FollowerState was interrupted
2023-04-27 06:11:59,143 [Listener at 127.0.0.1/44053] INFO  freon.RandomKeyGenerator (RandomKeyGenerator.java:call(349)) - Starting progress bar Thread.
2023-04-27 06:11:59,143 [d3795bd6-5a77-4d2d-9b17-a3a54c2e679f@group-DA73AD7F98DC-FollowerState] INFO  server.RaftServerConfigKeys (ConfUtils.java:logFallback(53)) - raft.server.rpc.first-election.timeout.min = 5s (fallback to raft.server.rpc.timeout.min)
2023-04-27 06:11:59,144 [d3795bd6-5a77-4d2d-9b17-a3a54c2e679f@group-DA73AD7F98DC-FollowerState] INFO  server.RaftServerConfigKeys (ConfUtils.java:logFallback(53)) - raft.server.rpc.first-election.timeout.max = 5200ms (fallback to raft.server.rpc.timeout.max)
2023-04-27 06:11:59,144 [grpc-default-executor-3] INFO  server.RaftServer$Division (RaftServerImpl.java:requestVote(1251)) - d3795bd6-5a77-4d2d-9b17-a3a54c2e679f@group-DA73AD7F98DC replies to ELECTION vote request: 9e79f7cb-e4c5-47cb-aa46-b66eba433fb4<-d3795bd6-5a77-4d2d-9b17-a3a54c2e679f#0:OK-t1. Peer's state: d3795bd6-5a77-4d2d-9b17-a3a54c2e679f@group-DA73AD7F98DC:t1, leader=null, voted=9e79f7cb-e4c5-47cb-aa46-b66eba433fb4, raftlog=Memoized:d3795bd6-5a77-4d2d-9b17-a3a54c2e679f@group-DA73AD7F98DC-SegmentedRaftLog:OPENED:c-1, conf=-1: peers:[9e79f7cb-e4c5-47cb-aa46-b66eba433fb4|rpc:10.1.0.34:37175|dataStream:10.1.0.34:43331|priority:1|startupRole:FOLLOWER, d3795bd6-5a77-4d2d-9b17-a3a54c2e679f|rpc:10.1.0.34:37857|dataStream:10.1.0.34:39621|priority:0|startupRole:FOLLOWER, d854720a-bbe5-47c1-a40c-d7c4a462ec23|rpc:10.1.0.34:37589|dataStream:10.1.0.34:34327|priority:0|startupRole:FOLLOWER]|listeners:[], old=null
2023-04-27 06:11:59,147 [grpc-default-executor-2] INFO  server.RaftServer$Division (RaftServerImpl.java:requestVote(1251)) - d854720a-bbe5-47c1-a40c-d7c4a462ec23@group-DA73AD7F98DC replies to ELECTION vote request: 9e79f7cb-e4c5-47cb-aa46-b66eba433fb4<-d854720a-bbe5-47c1-a40c-d7c4a462ec23#0:OK-t1. Peer's state: d854720a-bbe5-47c1-a40c-d7c4a462ec23@group-DA73AD7F98DC:t1, leader=null, voted=9e79f7cb-e4c5-47cb-aa46-b66eba433fb4, raftlog=Memoized:d854720a-bbe5-47c1-a40c-d7c4a462ec23@group-DA73AD7F98DC-SegmentedRaftLog:OPENED:c-1, conf=-1: peers:[9e79f7cb-e4c5-47cb-aa46-b66eba433fb4|rpc:10.1.0.34:37175|dataStream:10.1.0.34:43331|priority:1|startupRole:FOLLOWER, d3795bd6-5a77-4d2d-9b17-a3a54c2e679f|rpc:10.1.0.34:37857|dataStream:10.1.0.34:39621|priority:0|startupRole:FOLLOWER, d854720a-bbe5-47c1-a40c-d7c4a462ec23|rpc:10.1.0.34:37589|dataStream:10.1.0.34:34327|priority:0|startupRole:FOLLOWER]|listeners:[], old=null
2023-04-27 06:11:59,149 [9e79f7cb-e4c5-47cb-aa46-b66eba433fb4@group-DA73AD7F98DC-LeaderElection7] INFO  impl.LeaderElection (LeaderElection.java:logAndReturn(90)) - 9e79f7cb-e4c5-47cb-aa46-b66eba433fb4@group-DA73AD7F98DC-LeaderElection7: ELECTION PASSED received 1 response(s) and 0 exception(s):
2023-04-27 06:11:59,149 [9e79f7cb-e4c5-47cb-aa46-b66eba433fb4@group-DA73AD7F98DC-LeaderElection7] INFO  impl.LeaderElection (LeaderElection.java:logAndReturn(94)) -   Response 0: 9e79f7cb-e4c5-47cb-aa46-b66eba433fb4<-d3795bd6-5a77-4d2d-9b17-a3a54c2e679f#0:OK-t1
2023-04-27 06:11:59,149 [9e79f7cb-e4c5-47cb-aa46-b66eba433fb4@group-DA73AD7F98DC-LeaderElection7] INFO  impl.LeaderElection (LeaderElection.java:askForVotes(314)) - 9e79f7cb-e4c5-47cb-aa46-b66eba433fb4@group-DA73AD7F98DC-LeaderElection7 ELECTION round 0: result PASSED
2023-04-27 06:11:59,149 [9e79f7cb-e4c5-47cb-aa46-b66eba433fb4@group-DA73AD7F98DC-LeaderElection7] INFO  impl.RoleInfo (RoleInfo.java:shutdownLeaderElection(130)) - 9e79f7cb-e4c5-47cb-aa46-b66eba433fb4: shutdown 9e79f7cb-e4c5-47cb-aa46-b66eba433fb4@group-DA73AD7F98DC-LeaderElection7
2023-04-27 06:11:59,149 [9e79f7cb-e4c5-47cb-aa46-b66eba433fb4@group-DA73AD7F98DC-LeaderElection7] INFO  server.RaftServer$Division (RaftServerImpl.java:setRole(321)) - 9e79f7cb-e4c5-47cb-aa46-b66eba433fb4@group-DA73AD7F98DC: changes role from CANDIDATE to LEADER at term 1 for changeToLeader
2023-04-27 06:11:59,149 [pool-209-thread-3] INFO  rpc.RpcClient (RpcClient.java:createVolume(476)) - Creating Volume: vol-1-34065, with runner as owner and space quota set to -1 bytes, counts quota set to -1
2023-04-27 06:11:59,493 [d854720a-bbe5-47c1-a40c-d7c4a462ec23@group-DA73AD7F98DC-FollowerState] INFO  server.RaftServerConfigKeys (ConfUtils.java:logFallback(53)) - raft.server.rpc.first-election.timeout.min = 5s (fallback to raft.server.rpc.timeout.min)
2023-04-27 06:11:59,495 [d854720a-bbe5-47c1-a40c-d7c4a462ec23@group-DA73AD7F98DC-FollowerState] INFO  server.RaftServerConfigKeys (ConfUtils.java:logFallback(53)) - raft.server.rpc.first-election.timeout.max = 5200ms (fallback to raft.server.rpc.timeout.max)
2023-04-27 06:11:59,495 [Thread-315] INFO  freon.ProgressBar (ProgressBar.java:logProgressBar(168)) - Progress: 0.00 % (0 out of 100)
2023-04-27 06:11:59,496 [212d554a-1aad-4773-9d82-bb5fa0fa9f58@group-71C197C73BD8-FollowerState] INFO  impl.FollowerState (FollowerState.java:run(143)) - 212d554a-1aad-4773-9d82-bb5fa0fa9f58@group-71C197C73BD8-FollowerState: change to CANDIDATE, lastRpcElapsedTime:5335717844ns, electionTimeout:5044ms
2023-04-27 06:11:59,496 [212d554a-1aad-4773-9d82-bb5fa0fa9f58@group-71C197C73BD8-FollowerState] INFO  impl.RoleInfo (RoleInfo.java:shutdownFollowerState(110)) - 212d554a-1aad-4773-9d82-bb5fa0fa9f58: shutdown 212d554a-1aad-4773-9d82-bb5fa0fa9f58@group-71C197C73BD8-FollowerState
2023-04-27 06:11:59,496 [212d554a-1aad-4773-9d82-bb5fa0fa9f58@group-71C197C73BD8-FollowerState] INFO  server.RaftServer$Division (RaftServerImpl.java:setRole(321)) - 212d554a-1aad-4773-9d82-bb5fa0fa9f58@group-71C197C73BD8: changes role from  FOLLOWER to CANDIDATE at term 0 for changeToCandidate
2023-04-27 06:11:59,497 [JvmPauseMonitor0] WARN  util.JvmPauseMonitor (JvmPauseMonitor.java:detectPause(126)) - JvmPauseMonitor-om1: Detected pause in JVM or host machine (eg GC): pause of approximately 237233322ns.
GC pool 'PS MarkSweep' had collection(s): count=1 time=264ms
GC pool 'PS Scavenge' had collection(s): count=1 time=75ms
2023-04-27 06:11:59,497 [JvmPauseMonitor4] WARN  util.JvmPauseMonitor (JvmPauseMonitor.java:detectPause(126)) - JvmPauseMonitor-212d554a-1aad-4773-9d82-bb5fa0fa9f58: Detected pause in JVM or host machine (eg GC): pause of approximately 232445832ns.
GC pool 'PS MarkSweep' had collection(s): count=1 time=264ms
GC pool 'PS Scavenge' had collection(s): count=1 time=75ms
2023-04-27 06:11:59,497 [JvmPauseMonitor5] WARN  util.JvmPauseMonitor (JvmPauseMonitor.java:detectPause(126)) - JvmPauseMonitor-cbdadb07-7074-46eb-a3e9-d1b6d1a4da2f: Detected pause in JVM or host machine (eg GC): pause of approximately 230229590ns.
GC pool 'PS MarkSweep' had collection(s): count=1 time=264ms
GC pool 'PS Scavenge' had collection(s): count=1 time=75ms
2023-04-27 06:11:59,497 [JvmPauseMonitor3] WARN  util.JvmPauseMonitor (JvmPauseMonitor.java:detectPause(126)) - JvmPauseMonitor-d3795bd6-5a77-4d2d-9b17-a3a54c2e679f: Detected pause in JVM or host machine (eg GC): pause of approximately 218335168ns.
GC pool 'PS MarkSweep' had collection(s): count=1 time=264ms
GC pool 'PS Scavenge' had collection(s): count=1 time=75ms
2023-04-27 06:11:59,497 [9e79f7cb-e4c5-47cb-aa46-b66eba433fb4@group-DA73AD7F98DC-LeaderElection7] INFO  ratis.XceiverServerRatis (XceiverServerRatis.java:handleLeaderChangedNotification(904)) - Leader change notification received for group: group-DA73AD7F98DC with new leaderId: 9e79f7cb-e4c5-47cb-aa46-b66eba433fb4
2023-04-27 06:11:59,498 [9e79f7cb-e4c5-47cb-aa46-b66eba433fb4@group-DA73AD7F98DC-LeaderElection7] INFO  server.RaftServer$Division (ServerState.java:setLeader(313)) - 9e79f7cb-e4c5-47cb-aa46-b66eba433fb4@group-DA73AD7F98DC: change Leader from null to 9e79f7cb-e4c5-47cb-aa46-b66eba433fb4 at term 1 for becomeLeader, leader elected after 5500ms
2023-04-27 06:11:59,498 [9e79f7cb-e4c5-47cb-aa46-b66eba433fb4@group-DA73AD7F98DC-LeaderElection7] INFO  server.RaftServerConfigKeys (ConfUtils.java:logGet(46)) - raft.server.staging.catchup.gap = 1000 (default)
2023-04-27 06:11:59,498 [9e79f7cb-e4c5-47cb-aa46-b66eba433fb4@group-DA73AD7F98DC-LeaderElection7] INFO  server.RaftServerConfigKeys (ConfUtils.java:logGet(46)) - raft.server.write.element-limit = 1024 (custom)
2023-04-27 06:11:59,498 [9e79f7cb-e4c5-47cb-aa46-b66eba433fb4@group-DA73AD7F98DC-LeaderElection7] INFO  server.RaftServerConfigKeys (ConfUtils.java:logGet(46)) - raft.server.write.byte-limit = 1024 M (=1073741824) (custom)
2023-04-27 06:11:59,498 [9e79f7cb-e4c5-47cb-aa46-b66eba433fb4@group-DA73AD7F98DC-LeaderElection7] INFO  server.RaftServerConfigKeys (ConfUtils.java:logGet(46)) - raft.server.watch.timeout = 3000ms (custom)
2023-04-27 06:11:59,498 [9e79f7cb-e4c5-47cb-aa46-b66eba433fb4@group-DA73AD7F98DC-LeaderElection7] INFO  server.RaftServerConfigKeys (ConfUtils.java:logGet(46)) - raft.server.watch.timeout.denomination = 1s (default)
2023-04-27 06:11:59,498 [9e79f7cb-e4c5-47cb-aa46-b66eba433fb4@group-DA73AD7F98DC-LeaderElection7] INFO  server.RaftServerConfigKeys (ConfUtils.java:logGet(46)) - raft.server.watch.element-limit = 65536 (default)
2023-04-27 06:11:59,499 [9e79f7cb-e4c5-47cb-aa46-b66eba433fb4@group-DA73AD7F98DC-LeaderElection7] INFO  server.RaftServerConfigKeys (ConfUtils.java:logGet(46)) - raft.server.write.element-limit = 1024 (custom)
2023-04-27 06:11:59,499 [9e79f7cb-e4c5-47cb-aa46-b66eba433fb4@group-DA73AD7F98DC-LeaderElection7] INFO  server.RaftServerConfigKeys (ConfUtils.java:logGet(46)) - raft.server.write.follower.gap.ratio.max = -1.0 (default)
2023-04-27 06:11:59,499 [9e79f7cb-e4c5-47cb-aa46-b66eba433fb4@group-DA73AD7F98DC-LeaderElection7] INFO  server.RaftServerConfigKeys (ConfUtils.java:logGet(46)) - raft.server.log.appender.snapshot.chunk.size.max = 16MB (=16777216) (default)
2023-04-27 06:11:59,499 [9e79f7cb-e4c5-47cb-aa46-b66eba433fb4@group-DA73AD7F98DC-LeaderElection7] INFO  server.RaftServerConfigKeys (ConfUtils.java:logGet(46)) - raft.server.log.appender.buffer.byte-limit = 33554432 (custom)
2023-04-27 06:11:59,499 [9e79f7cb-e4c5-47cb-aa46-b66eba433fb4@group-DA73AD7F98DC-LeaderElection7] INFO  server.RaftServerConfigKeys (ConfUtils.java:logGet(46)) - raft.server.log.appender.buffer.element-limit = 1 (custom)
2023-04-27 06:11:59,494 [pool-209-thread-1] INFO  rpc.RpcClient (RpcClient.java:createVolume(476)) - Creating Volume: vol-0-45513, with runner as owner and space quota set to -1 bytes, counts quota set to -1
2023-04-27 06:11:59,501 [212d554a-1aad-4773-9d82-bb5fa0fa9f58@group-71C197C73BD8-FollowerState] INFO  server.RaftServerConfigKeys (ConfUtils.java:logGet(46)) - raft.server.leaderelection.pre-vote = true (default)
2023-04-27 06:11:59,501 [212d554a-1aad-4773-9d82-bb5fa0fa9f58@group-71C197C73BD8-FollowerState] INFO  impl.RoleInfo (RoleInfo.java:updateAndGet(139)) - 212d554a-1aad-4773-9d82-bb5fa0fa9f58: start 212d554a-1aad-4773-9d82-bb5fa0fa9f58@group-71C197C73BD8-LeaderElection8
2023-04-27 06:11:59,499 [9e79f7cb-e4c5-47cb-aa46-b66eba433fb4@group-DA73AD7F98DC-LeaderElection7] INFO  grpc.GrpcConfigKeys (ConfUtils.java:logGet(46)) - raft.grpc.server.leader.outstanding.appends.max = 128 (default)
2023-04-27 06:11:59,502 [9e79f7cb-e4c5-47cb-aa46-b66eba433fb4@group-DA73AD7F98DC-LeaderElection7] INFO  server.RaftServerConfigKeys (ConfUtils.java:logGet(46)) - raft.server.rpc.request.timeout = 3000ms (default)
2023-04-27 06:11:59,502 [9e79f7cb-e4c5-47cb-aa46-b66eba433fb4@group-DA73AD7F98DC-LeaderElection7] INFO  server.RaftServerConfigKeys (ConfUtils.java:logGet(46)) - raft.server.log.appender.install.snapshot.enabled = false (custom)
2023-04-27 06:11:59,502 [9e79f7cb-e4c5-47cb-aa46-b66eba433fb4@group-DA73AD7F98DC-LeaderElection7] INFO  grpc.GrpcConfigKeys (ConfUtils.java:logGet(46)) - raft.grpc.server.heartbeat.channel = true (default)
2023-04-27 06:11:59,502 [9e79f7cb-e4c5-47cb-aa46-b66eba433fb4@group-DA73AD7F98DC-LeaderElection7] INFO  server.RaftServerConfigKeys (ConfUtils.java:logGet(46)) - raft.server.log.appender.wait-time.min = 10ms (default)
2023-04-27 06:11:59,503 [9e79f7cb-e4c5-47cb-aa46-b66eba433fb4@group-DA73AD7F98DC-LeaderElection7] INFO  server.RaftServerConfigKeys (ConfUtils.java:logGet(46)) - raft.server.log.appender.snapshot.chunk.size.max = 16MB (=16777216) (default)
2023-04-27 06:11:59,503 [9e79f7cb-e4c5-47cb-aa46-b66eba433fb4@group-DA73AD7F98DC-LeaderElection7] INFO  server.RaftServerConfigKeys (ConfUtils.java:logGet(46)) - raft.server.log.appender.buffer.byte-limit = 33554432 (custom)
2023-04-27 06:11:59,503 [9e79f7cb-e4c5-47cb-aa46-b66eba433fb4@group-DA73AD7F98DC-LeaderElection7] INFO  server.RaftServerConfigKeys (ConfUtils.java:logGet(46)) - raft.server.log.appender.buffer.element-limit = 1 (custom)
2023-04-27 06:11:59,510 [9e79f7cb-e4c5-47cb-aa46-b66eba433fb4@group-DA73AD7F98DC-LeaderElection7] INFO  grpc.GrpcConfigKeys (ConfUtils.java:logGet(46)) - raft.grpc.server.leader.outstanding.appends.max = 128 (default)
2023-04-27 06:11:59,510 [9e79f7cb-e4c5-47cb-aa46-b66eba433fb4@group-DA73AD7F98DC-LeaderElection7] INFO  server.RaftServerConfigKeys (ConfUtils.java:logGet(46)) - raft.server.rpc.request.timeout = 3000ms (default)
2023-04-27 06:11:59,510 [9e79f7cb-e4c5-47cb-aa46-b66eba433fb4@group-DA73AD7F98DC-LeaderElection7] INFO  server.RaftServerConfigKeys (ConfUtils.java:logGet(46)) - raft.server.log.appender.install.snapshot.enabled = false (custom)
2023-04-27 06:11:59,510 [9e79f7cb-e4c5-47cb-aa46-b66eba433fb4@group-DA73AD7F98DC-LeaderElection7] INFO  grpc.GrpcConfigKeys (ConfUtils.java:logGet(46)) - raft.grpc.server.heartbeat.channel = true (default)
2023-04-27 06:11:59,510 [9e79f7cb-e4c5-47cb-aa46-b66eba433fb4@group-DA73AD7F98DC-LeaderElection7] INFO  server.RaftServerConfigKeys (ConfUtils.java:logGet(46)) - raft.server.log.appender.wait-time.min = 10ms (default)
2023-04-27 06:11:59,514 [9e79f7cb-e4c5-47cb-aa46-b66eba433fb4@group-DA73AD7F98DC-LeaderElection7] INFO  impl.RoleInfo (RoleInfo.java:updateAndGet(139)) - 9e79f7cb-e4c5-47cb-aa46-b66eba433fb4: start 9e79f7cb-e4c5-47cb-aa46-b66eba433fb4@group-DA73AD7F98DC-LeaderStateImpl
2023-04-27 06:11:59,515 [9e79f7cb-e4c5-47cb-aa46-b66eba433fb4@group-DA73AD7F98DC-LeaderElection7] INFO  segmented.SegmentedRaftLogWorker (SegmentedRaftLogWorker.java:startLogSegment(452)) - 9e79f7cb-e4c5-47cb-aa46-b66eba433fb4@group-DA73AD7F98DC-SegmentedRaftLogWorker: Starting segment from index:0
2023-04-27 06:11:59,518 [EventQueue-PipelineReportForPipelineReportHandler] INFO  pipeline.PipelineManagerImpl (PipelineManagerImpl.java:openPipeline(367)) - Pipeline Pipeline[ Id: 7ccd0db3-15fe-40d1-b563-da73ad7f98dc, Nodes: d854720a-bbe5-47c1-a40c-d7c4a462ec23(fv-az220-795.shdwizndlbjulinwhzhdmup5sb.jx.internal.cloudapp.net/10.1.0.34)9e79f7cb-e4c5-47cb-aa46-b66eba433fb4(fv-az220-795.shdwizndlbjulinwhzhdmup5sb.jx.internal.cloudapp.net/10.1.0.34)d3795bd6-5a77-4d2d-9b17-a3a54c2e679f(fv-az220-795.shdwizndlbjulinwhzhdmup5sb.jx.internal.cloudapp.net/10.1.0.34), ReplicationConfig: RATIS/THREE, State:ALLOCATED, leaderId:9e79f7cb-e4c5-47cb-aa46-b66eba433fb4, CreationTimestamp2023-04-27T06:11:50.736Z[Etc/UTC]] moved to OPEN state
2023-04-27 06:11:59,519 [9e79f7cb-e4c5-47cb-aa46-b66eba433fb4@group-DA73AD7F98DC-SegmentedRaftLogWorker] INFO  segmented.SegmentedRaftLogWorker (SegmentedRaftLogWorker.java:execute(656)) - 9e79f7cb-e4c5-47cb-aa46-b66eba433fb4@group-DA73AD7F98DC-SegmentedRaftLogWorker: created new log segment /home/runner/work/ozone/ozone/hadoop-ozone/integration-test/target/test-dir/MiniOzoneClusterImpl-b7159a92-b125-4b28-96e0-478247ce15d0/datanode-1/data/ratis/7ccd0db3-15fe-40d1-b563-da73ad7f98dc/current/log_inprogress_0
2023-04-27 06:11:59,533 [212d554a-1aad-4773-9d82-bb5fa0fa9f58@group-71C197C73BD8-LeaderElection8] INFO  impl.LeaderElection (LeaderElection.java:askForVotes(312)) - 212d554a-1aad-4773-9d82-bb5fa0fa9f58@group-71C197C73BD8-LeaderElection8 PRE_VOTE round 0: submit vote requests at term 0 for -1: peers:[212d554a-1aad-4773-9d82-bb5fa0fa9f58|rpc:10.1.0.34:33789|dataStream:10.1.0.34:33765|priority:1|startupRole:FOLLOWER]|listeners:[], old=null
2023-04-27 06:11:59,533 [212d554a-1aad-4773-9d82-bb5fa0fa9f58@group-71C197C73BD8-LeaderElection8] INFO  impl.LeaderElection (LeaderElection.java:askForVotes(314)) - 212d554a-1aad-4773-9d82-bb5fa0fa9f58@group-71C197C73BD8-LeaderElection8 PRE_VOTE round 0: result PASSED (term=0)
2023-04-27 06:11:59,534 [9e79f7cb-e4c5-47cb-aa46-b66eba433fb4@group-DA73AD7F98DC-LeaderElection7] INFO  server.RaftServer$Division (ServerState.java:setRaftConf(430)) - 9e79f7cb-e4c5-47cb-aa46-b66eba433fb4@group-DA73AD7F98DC: set configuration 0: peers:[9e79f7cb-e4c5-47cb-aa46-b66eba433fb4|rpc:10.1.0.34:37175|dataStream:10.1.0.34:43331|priority:1|startupRole:FOLLOWER, d3795bd6-5a77-4d2d-9b17-a3a54c2e679f|rpc:10.1.0.34:37857|dataStream:10.1.0.34:39621|priority:0|startupRole:FOLLOWER, d854720a-bbe5-47c1-a40c-d7c4a462ec23|rpc:10.1.0.34:37589|dataStream:10.1.0.34:34327|priority:0|startupRole:FOLLOWER]|listeners:[], old=null
2023-04-27 06:11:59,534 [212d554a-1aad-4773-9d82-bb5fa0fa9f58@group-71C197C73BD8-LeaderElection8] INFO  impl.LeaderElection (LeaderElection.java:askForVotes(312)) - 212d554a-1aad-4773-9d82-bb5fa0fa9f58@group-71C197C73BD8-LeaderElection8 ELECTION round 0: submit vote requests at term 1 for -1: peers:[212d554a-1aad-4773-9d82-bb5fa0fa9f58|rpc:10.1.0.34:33789|dataStream:10.1.0.34:33765|priority:1|startupRole:FOLLOWER]|listeners:[], old=null
2023-04-27 06:11:59,534 [212d554a-1aad-4773-9d82-bb5fa0fa9f58@group-71C197C73BD8-LeaderElection8] INFO  impl.LeaderElection (LeaderElection.java:askForVotes(314)) - 212d554a-1aad-4773-9d82-bb5fa0fa9f58@group-71C197C73BD8-LeaderElection8 ELECTION round 0: result PASSED (term=1)
2023-04-27 06:11:59,534 [212d554a-1aad-4773-9d82-bb5fa0fa9f58@group-71C197C73BD8-LeaderElection8] INFO  impl.RoleInfo (RoleInfo.java:shutdownLeaderElection(130)) - 212d554a-1aad-4773-9d82-bb5fa0fa9f58: shutdown 212d554a-1aad-4773-9d82-bb5fa0fa9f58@group-71C197C73BD8-LeaderElection8
2023-04-27 06:11:59,534 [212d554a-1aad-4773-9d82-bb5fa0fa9f58@group-71C197C73BD8-LeaderElection8] INFO  server.RaftServer$Division (RaftServerImpl.java:setRole(321)) - 212d554a-1aad-4773-9d82-bb5fa0fa9f58@group-71C197C73BD8: changes role from CANDIDATE to LEADER at term 1 for changeToLeader
2023-04-27 06:11:59,534 [212d554a-1aad-4773-9d82-bb5fa0fa9f58@group-71C197C73BD8-LeaderElection8] INFO  ratis.XceiverServerRatis (XceiverServerRatis.java:handleLeaderChangedNotification(904)) - Leader change notification received for group: group-71C197C73BD8 with new leaderId: 212d554a-1aad-4773-9d82-bb5fa0fa9f58
2023-04-27 06:11:59,542 [212d554a-1aad-4773-9d82-bb5fa0fa9f58@group-71C197C73BD8-LeaderElection8] INFO  server.RaftServer$Division (ServerState.java:setLeader(313)) - 212d554a-1aad-4773-9d82-bb5fa0fa9f58@group-71C197C73BD8: change Leader from null to 212d554a-1aad-4773-9d82-bb5fa0fa9f58 at term 1 for becomeLeader, leader elected after 5425ms
2023-04-27 06:11:59,542 [212d554a-1aad-4773-9d82-bb5fa0fa9f58@group-71C197C73BD8-LeaderElection8] INFO  server.RaftServerConfigKeys (ConfUtils.java:logGet(46)) - raft.server.staging.catchup.gap = 1000 (default)
2023-04-27 06:11:59,547 [d3795bd6-5a77-4d2d-9b17-a3a54c2e679f-server-thread1] INFO  ratis.XceiverServerRatis (XceiverServerRatis.java:handleLeaderChangedNotification(904)) - Leader change notification received for group: group-DA73AD7F98DC with new leaderId: 9e79f7cb-e4c5-47cb-aa46-b66eba433fb4
2023-04-27 06:11:59,548 [d3795bd6-5a77-4d2d-9b17-a3a54c2e679f-server-thread1] INFO  server.RaftServer$Division (ServerState.java:setLeader(313)) - d3795bd6-5a77-4d2d-9b17-a3a54c2e679f@group-DA73AD7F98DC: change Leader from null to 9e79f7cb-e4c5-47cb-aa46-b66eba433fb4 at term 1 for appendEntries, leader elected after 5745ms
2023-04-27 06:11:59,553 [212d554a-1aad-4773-9d82-bb5fa0fa9f58@group-71C197C73BD8-LeaderElection8] INFO  server.RaftServerConfigKeys (ConfUtils.java:logGet(46)) - raft.server.write.element-limit = 1024 (custom)
2023-04-27 06:11:59,554 [212d554a-1aad-4773-9d82-bb5fa0fa9f58@group-71C197C73BD8-LeaderElection8] INFO  server.RaftServerConfigKeys (ConfUtils.java:logGet(46)) - raft.server.write.byte-limit = 1024 M (=1073741824) (custom)
2023-04-27 06:11:59,554 [212d554a-1aad-4773-9d82-bb5fa0fa9f58@group-71C197C73BD8-LeaderElection8] INFO  server.RaftServerConfigKeys (ConfUtils.java:logGet(46)) - raft.server.watch.timeout = 3000ms (custom)
2023-04-27 06:11:59,554 [212d554a-1aad-4773-9d82-bb5fa0fa9f58@group-71C197C73BD8-LeaderElection8] INFO  server.RaftServerConfigKeys (ConfUtils.java:logGet(46)) - raft.server.watch.timeout.denomination = 1s (default)
2023-04-27 06:11:59,554 [212d554a-1aad-4773-9d82-bb5fa0fa9f58@group-71C197C73BD8-LeaderElection8] INFO  server.RaftServerConfigKeys (ConfUtils.java:logGet(46)) - raft.server.watch.element-limit = 65536 (default)
2023-04-27 06:11:59,554 [212d554a-1aad-4773-9d82-bb5fa0fa9f58@group-71C197C73BD8-LeaderElection8] INFO  server.RaftServerConfigKeys (ConfUtils.java:logGet(46)) - raft.server.write.element-limit = 1024 (custom)
2023-04-27 06:11:59,554 [212d554a-1aad-4773-9d82-bb5fa0fa9f58@group-71C197C73BD8-LeaderElection8] INFO  server.RaftServerConfigKeys (ConfUtils.java:logGet(46)) - raft.server.write.follower.gap.ratio.max = -1.0 (default)
2023-04-27 06:11:59,554 [212d554a-1aad-4773-9d82-bb5fa0fa9f58@group-71C197C73BD8-LeaderElection8] INFO  impl.RoleInfo (RoleInfo.java:updateAndGet(139)) - 212d554a-1aad-4773-9d82-bb5fa0fa9f58: start 212d554a-1aad-4773-9d82-bb5fa0fa9f58@group-71C197C73BD8-LeaderStateImpl
2023-04-27 06:11:59,554 [212d554a-1aad-4773-9d82-bb5fa0fa9f58@group-71C197C73BD8-LeaderElection8] INFO  segmented.SegmentedRaftLogWorker (SegmentedRaftLogWorker.java:startLogSegment(452)) - 212d554a-1aad-4773-9d82-bb5fa0fa9f58@group-71C197C73BD8-SegmentedRaftLogWorker: Starting segment from index:0
2023-04-27 06:11:59,564 [d3795bd6-5a77-4d2d-9b17-a3a54c2e679f-server-thread1] INFO  server.RaftServer$Division (ServerState.java:setRaftConf(430)) - d3795bd6-5a77-4d2d-9b17-a3a54c2e679f@group-DA73AD7F98DC: set configuration 0: peers:[9e79f7cb-e4c5-47cb-aa46-b66eba433fb4|rpc:10.1.0.34:37175|dataStream:10.1.0.34:43331|priority:1|startupRole:FOLLOWER, d3795bd6-5a77-4d2d-9b17-a3a54c2e679f|rpc:10.1.0.34:37857|dataStream:10.1.0.34:39621|priority:0|startupRole:FOLLOWER, d854720a-bbe5-47c1-a40c-d7c4a462ec23|rpc:10.1.0.34:37589|dataStream:10.1.0.34:34327|priority:0|startupRole:FOLLOWER]|listeners:[], old=null
2023-04-27 06:11:59,564 [d3795bd6-5a77-4d2d-9b17-a3a54c2e679f-server-thread1] INFO  segmented.SegmentedRaftLogWorker (SegmentedRaftLogWorker.java:startLogSegment(452)) - d3795bd6-5a77-4d2d-9b17-a3a54c2e679f@group-DA73AD7F98DC-SegmentedRaftLogWorker: Starting segment from index:0
2023-04-27 06:11:59,570 [212d554a-1aad-4773-9d82-bb5fa0fa9f58@group-71C197C73BD8-SegmentedRaftLogWorker] INFO  segmented.SegmentedRaftLogWorker (SegmentedRaftLogWorker.java:execute(656)) - 212d554a-1aad-4773-9d82-bb5fa0fa9f58@group-71C197C73BD8-SegmentedRaftLogWorker: created new log segment /home/runner/work/ozone/ozone/hadoop-ozone/integration-test/target/test-dir/MiniOzoneClusterImpl-b7159a92-b125-4b28-96e0-478247ce15d0/datanode-3/data/ratis/502bba5d-536b-4da7-b920-71c197c73bd8/current/log_inprogress_0
2023-04-27 06:11:59,571 [212d554a-1aad-4773-9d82-bb5fa0fa9f58@group-71C197C73BD8-LeaderElection8] INFO  server.RaftServer$Division (ServerState.java:setRaftConf(430)) - 212d554a-1aad-4773-9d82-bb5fa0fa9f58@group-71C197C73BD8: set configuration 0: peers:[212d554a-1aad-4773-9d82-bb5fa0fa9f58|rpc:10.1.0.34:33789|dataStream:10.1.0.34:33765|priority:1|startupRole:FOLLOWER]|listeners:[], old=null
2023-04-27 06:11:59,587 [d854720a-bbe5-47c1-a40c-d7c4a462ec23-server-thread1] INFO  ratis.XceiverServerRatis (XceiverServerRatis.java:handleLeaderChangedNotification(904)) - Leader change notification received for group: group-DA73AD7F98DC with new leaderId: 9e79f7cb-e4c5-47cb-aa46-b66eba433fb4
2023-04-27 06:11:59,588 [d854720a-bbe5-47c1-a40c-d7c4a462ec23-server-thread1] INFO  server.RaftServer$Division (ServerState.java:setLeader(313)) - d854720a-bbe5-47c1-a40c-d7c4a462ec23@group-DA73AD7F98DC: change Leader from null to 9e79f7cb-e4c5-47cb-aa46-b66eba433fb4 at term 1 for appendEntries, leader elected after 5715ms
2023-04-27 06:11:59,589 [d3795bd6-5a77-4d2d-9b17-a3a54c2e679f@group-DA73AD7F98DC-SegmentedRaftLogWorker] INFO  segmented.SegmentedRaftLogWorker (SegmentedRaftLogWorker.java:execute(656)) - d3795bd6-5a77-4d2d-9b17-a3a54c2e679f@group-DA73AD7F98DC-SegmentedRaftLogWorker: created new log segment /home/runner/work/ozone/ozone/hadoop-ozone/integration-test/target/test-dir/MiniOzoneClusterImpl-b7159a92-b125-4b28-96e0-478247ce15d0/datanode-2/data/ratis/7ccd0db3-15fe-40d1-b563-da73ad7f98dc/current/log_inprogress_0
2023-04-27 06:11:59,589 [d854720a-bbe5-47c1-a40c-d7c4a462ec23-server-thread1] INFO  server.RaftServer$Division (ServerState.java:setRaftConf(430)) - d854720a-bbe5-47c1-a40c-d7c4a462ec23@group-DA73AD7F98DC: set configuration 0: peers:[9e79f7cb-e4c5-47cb-aa46-b66eba433fb4|rpc:10.1.0.34:37175|dataStream:10.1.0.34:43331|priority:1|startupRole:FOLLOWER, d3795bd6-5a77-4d2d-9b17-a3a54c2e679f|rpc:10.1.0.34:37857|dataStream:10.1.0.34:39621|priority:0|startupRole:FOLLOWER, d854720a-bbe5-47c1-a40c-d7c4a462ec23|rpc:10.1.0.34:37589|dataStream:10.1.0.34:34327|priority:0|startupRole:FOLLOWER]|listeners:[], old=null
2023-04-27 06:11:59,599 [d854720a-bbe5-47c1-a40c-d7c4a462ec23-server-thread1] INFO  segmented.SegmentedRaftLogWorker (SegmentedRaftLogWorker.java:startLogSegment(452)) - d854720a-bbe5-47c1-a40c-d7c4a462ec23@group-DA73AD7F98DC-SegmentedRaftLogWorker: Starting segment from index:0
2023-04-27 06:11:59,600 [d854720a-bbe5-47c1-a40c-d7c4a462ec23@group-DA73AD7F98DC-SegmentedRaftLogWorker] INFO  segmented.SegmentedRaftLogWorker (SegmentedRaftLogWorker.java:execute(656)) - d854720a-bbe5-47c1-a40c-d7c4a462ec23@group-DA73AD7F98DC-SegmentedRaftLogWorker: created new log segment /home/runner/work/ozone/ozone/hadoop-ozone/integration-test/target/test-dir/MiniOzoneClusterImpl-b7159a92-b125-4b28-96e0-478247ce15d0/datanode-0/data/ratis/7ccd0db3-15fe-40d1-b563-da73ad7f98dc/current/log_inprogress_0
2023-04-27 06:11:59,635 [OM StateMachine ApplyTransaction Thread - 0] INFO  volume.OMVolumeCreateRequest (OMVolumeCreateRequest.java:validateAndUpdateCache(195)) - created volume:vol-1-34065 for user:runner
2023-04-27 06:11:59,637 [OM StateMachine ApplyTransaction Thread - 0] INFO  volume.OMVolumeCreateRequest (OMVolumeCreateRequest.java:validateAndUpdateCache(195)) - created volume:vol-0-45513 for user:runner
2023-04-27 06:11:59,664 [pool-209-thread-7] INFO  rpc.RpcClient (RpcClient.java:createBucket(697)) - Creating Bucket: vol-0-45513/bucket-3-52743, with server-side default bucket layout, runner as owner, Versioning false, Storage Type set to DISK and Encryption set to false, Replication Type set to server-side default replication type, Namespace Quota set to -1, Space Quota set to -1 
2023-04-27 06:11:59,664 [pool-209-thread-4] INFO  rpc.RpcClient (RpcClient.java:createBucket(697)) - Creating Bucket: vol-0-45513/bucket-0-90735, with server-side default bucket layout, runner as owner, Versioning false, Storage Type set to DISK and Encryption set to false, Replication Type set to server-side default replication type, Namespace Quota set to -1, Space Quota set to -1 
2023-04-27 06:11:59,665 [pool-209-thread-8] INFO  rpc.RpcClient (RpcClient.java:createBucket(697)) - Creating Bucket: vol-0-45513/bucket-1-39253, with server-side default bucket layout, runner as owner, Versioning false, Storage Type set to DISK and Encryption set to false, Replication Type set to server-side default replication type, Namespace Quota set to -1, Space Quota set to -1 
2023-04-27 06:11:59,665 [pool-209-thread-6] INFO  rpc.RpcClient (RpcClient.java:createBucket(697)) - Creating Bucket: vol-0-45513/bucket-2-43238, with server-side default bucket layout, runner as owner, Versioning false, Storage Type set to DISK and Encryption set to false, Replication Type set to server-side default replication type, Namespace Quota set to -1, Space Quota set to -1 
2023-04-27 06:11:59,665 [pool-209-thread-2] INFO  rpc.RpcClient (RpcClient.java:createBucket(697)) - Creating Bucket: vol-1-34065/bucket-1-60965, with server-side default bucket layout, runner as owner, Versioning false, Storage Type set to DISK and Encryption set to false, Replication Type set to server-side default replication type, Namespace Quota set to -1, Space Quota set to -1 
2023-04-27 06:11:59,669 [pool-209-thread-10] INFO  rpc.RpcClient (RpcClient.java:createBucket(697)) - Creating Bucket: vol-1-34065/bucket-3-00581, with server-side default bucket layout, runner as owner, Versioning false, Storage Type set to DISK and Encryption set to false, Replication Type set to server-side default replication type, Namespace Quota set to -1, Space Quota set to -1 
2023-04-27 06:11:59,669 [pool-209-thread-5] INFO  rpc.RpcClient (RpcClient.java:createBucket(697)) - Creating Bucket: vol-1-34065/bucket-0-37259, with server-side default bucket layout, runner as owner, Versioning false, Storage Type set to DISK and Encryption set to false, Replication Type set to server-side default replication type, Namespace Quota set to -1, Space Quota set to -1 
2023-04-27 06:11:59,670 [pool-209-thread-3] INFO  rpc.RpcClient (RpcClient.java:createBucket(697)) - Creating Bucket: vol-1-34065/bucket-4-98432, with server-side default bucket layout, runner as owner, Versioning false, Storage Type set to DISK and Encryption set to false, Replication Type set to server-side default replication type, Namespace Quota set to -1, Space Quota set to -1 
2023-04-27 06:11:59,670 [pool-209-thread-9] INFO  rpc.RpcClient (RpcClient.java:createBucket(697)) - Creating Bucket: vol-1-34065/bucket-2-92888, with server-side default bucket layout, runner as owner, Versioning false, Storage Type set to DISK and Encryption set to false, Replication Type set to server-side default replication type, Namespace Quota set to -1, Space Quota set to -1 
2023-04-27 06:11:59,672 [pool-209-thread-1] INFO  rpc.RpcClient (RpcClient.java:createBucket(697)) - Creating Bucket: vol-0-45513/bucket-4-28400, with server-side default bucket layout, runner as owner, Versioning false, Storage Type set to DISK and Encryption set to false, Replication Type set to server-side default replication type, Namespace Quota set to -1, Space Quota set to -1 
2023-04-27 06:11:59,693 [OM StateMachine ApplyTransaction Thread - 0] INFO  bucket.OMBucketCreateRequest (OMBucketCreateRequest.java:validateAndUpdateCache(270)) - created bucket: bucket-4-28400 of layout FILE_SYSTEM_OPTIMIZED in volume: vol-0-45513
2023-04-27 06:11:59,694 [OM StateMachine ApplyTransaction Thread - 0] INFO  bucket.OMBucketCreateRequest (OMBucketCreateRequest.java:validateAndUpdateCache(270)) - created bucket: bucket-2-92888 of layout FILE_SYSTEM_OPTIMIZED in volume: vol-1-34065
2023-04-27 06:11:59,695 [OM StateMachine ApplyTransaction Thread - 0] INFO  bucket.OMBucketCreateRequest (OMBucketCreateRequest.java:validateAndUpdateCache(270)) - created bucket: bucket-4-98432 of layout FILE_SYSTEM_OPTIMIZED in volume: vol-1-34065
2023-04-27 06:11:59,695 [OM StateMachine ApplyTransaction Thread - 0] INFO  bucket.OMBucketCreateRequest (OMBucketCreateRequest.java:validateAndUpdateCache(270)) - created bucket: bucket-3-00581 of layout FILE_SYSTEM_OPTIMIZED in volume: vol-1-34065
2023-04-27 06:11:59,696 [OM StateMachine ApplyTransaction Thread - 0] INFO  bucket.OMBucketCreateRequest (OMBucketCreateRequest.java:validateAndUpdateCache(270)) - created bucket: bucket-0-37259 of layout FILE_SYSTEM_OPTIMIZED in volume: vol-1-34065
2023-04-27 06:11:59,697 [OM StateMachine ApplyTransaction Thread - 0] INFO  bucket.OMBucketCreateRequest (OMBucketCreateRequest.java:validateAndUpdateCache(270)) - created bucket: bucket-2-43238 of layout FILE_SYSTEM_OPTIMIZED in volume: vol-0-45513
2023-04-27 06:11:59,698 [OM StateMachine ApplyTransaction Thread - 0] INFO  bucket.OMBucketCreateRequest (OMBucketCreateRequest.java:validateAndUpdateCache(270)) - created bucket: bucket-0-90735 of layout FILE_SYSTEM_OPTIMIZED in volume: vol-0-45513
2023-04-27 06:11:59,699 [OM StateMachine ApplyTransaction Thread - 0] INFO  bucket.OMBucketCreateRequest (OMBucketCreateRequest.java:validateAndUpdateCache(270)) - created bucket: bucket-1-39253 of layout FILE_SYSTEM_OPTIMIZED in volume: vol-0-45513
2023-04-27 06:11:59,703 [OM StateMachine ApplyTransaction Thread - 0] INFO  bucket.OMBucketCreateRequest (OMBucketCreateRequest.java:validateAndUpdateCache(270)) - created bucket: bucket-1-60965 of layout FILE_SYSTEM_OPTIMIZED in volume: vol-1-34065
2023-04-27 06:11:59,715 [OM StateMachine ApplyTransaction Thread - 0] INFO  bucket.OMBucketCreateRequest (OMBucketCreateRequest.java:validateAndUpdateCache(270)) - created bucket: bucket-3-52743 of layout FILE_SYSTEM_OPTIMIZED in volume: vol-0-45513
2023-04-27 06:11:59,715 [cbdadb07-7074-46eb-a3e9-d1b6d1a4da2f@group-650EF9356771-FollowerState] INFO  impl.FollowerState (FollowerState.java:run(143)) - cbdadb07-7074-46eb-a3e9-d1b6d1a4da2f@group-650EF9356771-FollowerState: change to CANDIDATE, lastRpcElapsedTime:5189760531ns, electionTimeout:5184ms
2023-04-27 06:11:59,716 [cbdadb07-7074-46eb-a3e9-d1b6d1a4da2f@group-650EF9356771-FollowerState] INFO  impl.RoleInfo (RoleInfo.java:shutdownFollowerState(110)) - cbdadb07-7074-46eb-a3e9-d1b6d1a4da2f: shutdown cbdadb07-7074-46eb-a3e9-d1b6d1a4da2f@group-650EF9356771-FollowerState
2023-04-27 06:11:59,716 [cbdadb07-7074-46eb-a3e9-d1b6d1a4da2f@group-650EF9356771-FollowerState] INFO  server.RaftServer$Division (RaftServerImpl.java:setRole(321)) - cbdadb07-7074-46eb-a3e9-d1b6d1a4da2f@group-650EF9356771: changes role from  FOLLOWER to CANDIDATE at term 0 for changeToCandidate
2023-04-27 06:11:59,717 [cbdadb07-7074-46eb-a3e9-d1b6d1a4da2f@group-650EF9356771-FollowerState] INFO  server.RaftServerConfigKeys (ConfUtils.java:logGet(46)) - raft.server.leaderelection.pre-vote = true (default)
2023-04-27 06:11:59,717 [cbdadb07-7074-46eb-a3e9-d1b6d1a4da2f@group-650EF9356771-FollowerState] INFO  impl.RoleInfo (RoleInfo.java:updateAndGet(139)) - cbdadb07-7074-46eb-a3e9-d1b6d1a4da2f: start cbdadb07-7074-46eb-a3e9-d1b6d1a4da2f@group-650EF9356771-LeaderElection9
2023-04-27 06:11:59,742 [cbdadb07-7074-46eb-a3e9-d1b6d1a4da2f@group-650EF9356771-LeaderElection9] INFO  impl.LeaderElection (LeaderElection.java:askForVotes(312)) - cbdadb07-7074-46eb-a3e9-d1b6d1a4da2f@group-650EF9356771-LeaderElection9 PRE_VOTE round 0: submit vote requests at term 0 for -1: peers:[cbdadb07-7074-46eb-a3e9-d1b6d1a4da2f|rpc:10.1.0.34:42309|dataStream:10.1.0.34:45977|priority:1|startupRole:FOLLOWER]|listeners:[], old=null
2023-04-27 06:11:59,742 [cbdadb07-7074-46eb-a3e9-d1b6d1a4da2f@group-650EF9356771-LeaderElection9] INFO  impl.LeaderElection (LeaderElection.java:askForVotes(314)) - cbdadb07-7074-46eb-a3e9-d1b6d1a4da2f@group-650EF9356771-LeaderElection9 PRE_VOTE round 0: result PASSED (term=0)
2023-04-27 06:11:59,744 [cbdadb07-7074-46eb-a3e9-d1b6d1a4da2f@group-650EF9356771-LeaderElection9] INFO  impl.LeaderElection (LeaderElection.java:askForVotes(312)) - cbdadb07-7074-46eb-a3e9-d1b6d1a4da2f@group-650EF9356771-LeaderElection9 ELECTION round 0: submit vote requests at term 1 for -1: peers:[cbdadb07-7074-46eb-a3e9-d1b6d1a4da2f|rpc:10.1.0.34:42309|dataStream:10.1.0.34:45977|priority:1|startupRole:FOLLOWER]|listeners:[], old=null
2023-04-27 06:11:59,744 [cbdadb07-7074-46eb-a3e9-d1b6d1a4da2f@group-650EF9356771-LeaderElection9] INFO  impl.LeaderElection (LeaderElection.java:askForVotes(314)) - cbdadb07-7074-46eb-a3e9-d1b6d1a4da2f@group-650EF9356771-LeaderElection9 ELECTION round 0: result PASSED (term=1)
2023-04-27 06:11:59,745 [cbdadb07-7074-46eb-a3e9-d1b6d1a4da2f@group-650EF9356771-LeaderElection9] INFO  impl.RoleInfo (RoleInfo.java:shutdownLeaderElection(130)) - cbdadb07-7074-46eb-a3e9-d1b6d1a4da2f: shutdown cbdadb07-7074-46eb-a3e9-d1b6d1a4da2f@group-650EF9356771-LeaderElection9
2023-04-27 06:11:59,745 [cbdadb07-7074-46eb-a3e9-d1b6d1a4da2f@group-650EF9356771-LeaderElection9] INFO  server.RaftServer$Division (RaftServerImpl.java:setRole(321)) - cbdadb07-7074-46eb-a3e9-d1b6d1a4da2f@group-650EF9356771: changes role from CANDIDATE to LEADER at term 1 for changeToLeader
2023-04-27 06:11:59,745 [cbdadb07-7074-46eb-a3e9-d1b6d1a4da2f@group-650EF9356771-LeaderElection9] INFO  ratis.XceiverServerRatis (XceiverServerRatis.java:handleLeaderChangedNotification(904)) - Leader change notification received for group: group-650EF9356771 with new leaderId: cbdadb07-7074-46eb-a3e9-d1b6d1a4da2f
2023-04-27 06:11:59,745 [cbdadb07-7074-46eb-a3e9-d1b6d1a4da2f@group-650EF9356771-LeaderElection9] INFO  server.RaftServer$Division (ServerState.java:setLeader(313)) - cbdadb07-7074-46eb-a3e9-d1b6d1a4da2f@group-650EF9356771: change Leader from null to cbdadb07-7074-46eb-a3e9-d1b6d1a4da2f at term 1 for becomeLeader, leader elected after 5241ms
2023-04-27 06:11:59,745 [cbdadb07-7074-46eb-a3e9-d1b6d1a4da2f@group-650EF9356771-LeaderElection9] INFO  server.RaftServerConfigKeys (ConfUtils.java:logGet(46)) - raft.server.staging.catchup.gap = 1000 (default)
2023-04-27 06:11:59,745 [cbdadb07-7074-46eb-a3e9-d1b6d1a4da2f@group-650EF9356771-LeaderElection9] INFO  server.RaftServerConfigKeys (ConfUtils.java:logGet(46)) - raft.server.write.element-limit = 1024 (custom)
2023-04-27 06:11:59,745 [cbdadb07-7074-46eb-a3e9-d1b6d1a4da2f@group-650EF9356771-LeaderElection9] INFO  server.RaftServerConfigKeys (ConfUtils.java:logGet(46)) - raft.server.write.byte-limit = 1024 M (=1073741824) (custom)
2023-04-27 06:11:59,746 [cbdadb07-7074-46eb-a3e9-d1b6d1a4da2f@group-650EF9356771-LeaderElection9] INFO  server.RaftServerConfigKeys (ConfUtils.java:logGet(46)) - raft.server.watch.timeout = 3000ms (custom)
2023-04-27 06:11:59,746 [cbdadb07-7074-46eb-a3e9-d1b6d1a4da2f@group-650EF9356771-LeaderElection9] INFO  server.RaftServerConfigKeys (ConfUtils.java:logGet(46)) - raft.server.watch.timeout.denomination = 1s (default)
2023-04-27 06:11:59,746 [cbdadb07-7074-46eb-a3e9-d1b6d1a4da2f@group-650EF9356771-LeaderElection9] INFO  server.RaftServerConfigKeys (ConfUtils.java:logGet(46)) - raft.server.watch.element-limit = 65536 (default)
2023-04-27 06:11:59,746 [cbdadb07-7074-46eb-a3e9-d1b6d1a4da2f@group-650EF9356771-LeaderElection9] INFO  server.RaftServerConfigKeys (ConfUtils.java:logGet(46)) - raft.server.write.element-limit = 1024 (custom)
2023-04-27 06:11:59,747 [cbdadb07-7074-46eb-a3e9-d1b6d1a4da2f@group-650EF9356771-LeaderElection9] INFO  server.RaftServerConfigKeys (ConfUtils.java:logGet(46)) - raft.server.write.follower.gap.ratio.max = -1.0 (default)
2023-04-27 06:11:59,747 [cbdadb07-7074-46eb-a3e9-d1b6d1a4da2f@group-650EF9356771-LeaderElection9] INFO  impl.RoleInfo (RoleInfo.java:updateAndGet(139)) - cbdadb07-7074-46eb-a3e9-d1b6d1a4da2f: start cbdadb07-7074-46eb-a3e9-d1b6d1a4da2f@group-650EF9356771-LeaderStateImpl
2023-04-27 06:11:59,747 [cbdadb07-7074-46eb-a3e9-d1b6d1a4da2f@group-650EF9356771-LeaderElection9] INFO  segmented.SegmentedRaftLogWorker (SegmentedRaftLogWorker.java:startLogSegment(452)) - cbdadb07-7074-46eb-a3e9-d1b6d1a4da2f@group-650EF9356771-SegmentedRaftLogWorker: Starting segment from index:0
2023-04-27 06:11:59,751 [cbdadb07-7074-46eb-a3e9-d1b6d1a4da2f@group-650EF9356771-LeaderElection9] INFO  server.RaftServer$Division (ServerState.java:setRaftConf(430)) - cbdadb07-7074-46eb-a3e9-d1b6d1a4da2f@group-650EF9356771: set configuration 0: peers:[cbdadb07-7074-46eb-a3e9-d1b6d1a4da2f|rpc:10.1.0.34:42309|dataStream:10.1.0.34:45977|priority:1|startupRole:FOLLOWER]|listeners:[], old=null
2023-04-27 06:11:59,751 [cbdadb07-7074-46eb-a3e9-d1b6d1a4da2f@group-650EF9356771-SegmentedRaftLogWorker] INFO  segmented.SegmentedRaftLogWorker (SegmentedRaftLogWorker.java:execute(656)) - cbdadb07-7074-46eb-a3e9-d1b6d1a4da2f@group-650EF9356771-SegmentedRaftLogWorker: created new log segment /home/runner/work/ozone/ozone/hadoop-ozone/integration-test/target/test-dir/MiniOzoneClusterImpl-b7159a92-b125-4b28-96e0-478247ce15d0/datanode-4/data/ratis/64134f16-f43e-44ce-9bb5-650ef9356771/current/log_inprogress_0
2023-04-27 06:11:59,806 [IPC Server handler 19 on default port 41035] INFO  pipeline.PipelineStateManagerImpl (PipelineStateManagerImpl.java:addPipeline(103)) - Created pipeline Pipeline[ Id: 01421f38-f563-4a57-ba71-91528066a01c, Nodes: cbdadb07-7074-46eb-a3e9-d1b6d1a4da2f(fv-az220-795.shdwizndlbjulinwhzhdmup5sb.jx.internal.cloudapp.net/10.1.0.34)d854720a-bbe5-47c1-a40c-d7c4a462ec23(fv-az220-795.shdwizndlbjulinwhzhdmup5sb.jx.internal.cloudapp.net/10.1.0.34)212d554a-1aad-4773-9d82-bb5fa0fa9f58(fv-az220-795.shdwizndlbjulinwhzhdmup5sb.jx.internal.cloudapp.net/10.1.0.34)9e79f7cb-e4c5-47cb-aa46-b66eba433fb4(fv-az220-795.shdwizndlbjulinwhzhdmup5sb.jx.internal.cloudapp.net/10.1.0.34)d3795bd6-5a77-4d2d-9b17-a3a54c2e679f(fv-az220-795.shdwizndlbjulinwhzhdmup5sb.jx.internal.cloudapp.net/10.1.0.34), ReplicationConfig: EC{rs-3-2-1024k}, State:ALLOCATED, leaderId:, CreationTimestamp2023-04-27T06:11:59.805Z[Etc/UTC]].
2023-04-27 06:11:59,808 [IPC Server handler 19 on default port 41035] INFO  ha.SequenceIdGenerator (SequenceIdGenerator.java:getNextId(128)) - Allocate a batch for containerId, change lastId from 0 to 1000.
2023-04-27 06:11:59,819 [IPC Server handler 19 on default port 41035] INFO  pipeline.PipelineManagerImpl (PipelineManagerImpl.java:openPipeline(367)) - Pipeline Pipeline[ Id: 01421f38-f563-4a57-ba71-91528066a01c, Nodes: cbdadb07-7074-46eb-a3e9-d1b6d1a4da2f(fv-az220-795.shdwizndlbjulinwhzhdmup5sb.jx.internal.cloudapp.net/10.1.0.34)d854720a-bbe5-47c1-a40c-d7c4a462ec23(fv-az220-795.shdwizndlbjulinwhzhdmup5sb.jx.internal.cloudapp.net/10.1.0.34)212d554a-1aad-4773-9d82-bb5fa0fa9f58(fv-az220-795.shdwizndlbjulinwhzhdmup5sb.jx.internal.cloudapp.net/10.1.0.34)9e79f7cb-e4c5-47cb-aa46-b66eba433fb4(fv-az220-795.shdwizndlbjulinwhzhdmup5sb.jx.internal.cloudapp.net/10.1.0.34)d3795bd6-5a77-4d2d-9b17-a3a54c2e679f(fv-az220-795.shdwizndlbjulinwhzhdmup5sb.jx.internal.cloudapp.net/10.1.0.34), ReplicationConfig: EC{rs-3-2-1024k}, State:ALLOCATED, leaderId:, CreationTimestamp2023-04-27T06:11:59.805Z[Etc/UTC]] moved to OPEN state
2023-04-27 06:11:59,820 [IPC Server handler 15 on default port 41035] INFO  pipeline.PipelineStateManagerImpl (PipelineStateManagerImpl.java:addPipeline(103)) - Created pipeline Pipeline[ Id: 8124e2b0-8452-4004-86ac-83b0e8ac592a, Nodes: 9e79f7cb-e4c5-47cb-aa46-b66eba433fb4(fv-az220-795.shdwizndlbjulinwhzhdmup5sb.jx.internal.cloudapp.net/10.1.0.34)212d554a-1aad-4773-9d82-bb5fa0fa9f58(fv-az220-795.shdwizndlbjulinwhzhdmup5sb.jx.internal.cloudapp.net/10.1.0.34)d3795bd6-5a77-4d2d-9b17-a3a54c2e679f(fv-az220-795.shdwizndlbjulinwhzhdmup5sb.jx.internal.cloudapp.net/10.1.0.34)d854720a-bbe5-47c1-a40c-d7c4a462ec23(fv-az220-795.shdwizndlbjulinwhzhdmup5sb.jx.internal.cloudapp.net/10.1.0.34)cbdadb07-7074-46eb-a3e9-d1b6d1a4da2f(fv-az220-795.shdwizndlbjulinwhzhdmup5sb.jx.internal.cloudapp.net/10.1.0.34), ReplicationConfig: EC{rs-3-2-1024k}, State:ALLOCATED, leaderId:, CreationTimestamp2023-04-27T06:11:59.820Z[Etc/UTC]].
2023-04-27 06:11:59,821 [IPC Server handler 19 on default port 41035] WARN  ha.SequenceIdGenerator (SequenceIdGenerator.java:allocateBatch(237)) - Failed to allocate a batch for localId, expected lastId is 0, actual lastId is 111677748019200000.
2023-04-27 06:11:59,821 [IPC Server handler 19 on default port 41035] INFO  ha.SequenceIdGenerator (SequenceIdGenerator.java:getNextId(128)) - Allocate a batch for localId, change lastId from 111677748019200000 to 111677748019201000.
2023-04-27 06:11:59,823 [IPC Server handler 15 on default port 41035] INFO  pipeline.PipelineManagerImpl (PipelineManagerImpl.java:openPipeline(367)) - Pipeline Pipeline[ Id: 8124e2b0-8452-4004-86ac-83b0e8ac592a, Nodes: 9e79f7cb-e4c5-47cb-aa46-b66eba433fb4(fv-az220-795.shdwizndlbjulinwhzhdmup5sb.jx.internal.cloudapp.net/10.1.0.34)212d554a-1aad-4773-9d82-bb5fa0fa9f58(fv-az220-795.shdwizndlbjulinwhzhdmup5sb.jx.internal.cloudapp.net/10.1.0.34)d3795bd6-5a77-4d2d-9b17-a3a54c2e679f(fv-az220-795.shdwizndlbjulinwhzhdmup5sb.jx.internal.cloudapp.net/10.1.0.34)d854720a-bbe5-47c1-a40c-d7c4a462ec23(fv-az220-795.shdwizndlbjulinwhzhdmup5sb.jx.internal.cloudapp.net/10.1.0.34)cbdadb07-7074-46eb-a3e9-d1b6d1a4da2f(fv-az220-795.shdwizndlbjulinwhzhdmup5sb.jx.internal.cloudapp.net/10.1.0.34), ReplicationConfig: EC{rs-3-2-1024k}, State:ALLOCATED, leaderId:, CreationTimestamp2023-04-27T06:11:59.820Z[Etc/UTC]] moved to OPEN state
2023-04-27 06:11:59,824 [IPC Server handler 7 on default port 41035] INFO  pipeline.PipelineStateManagerImpl (PipelineStateManagerImpl.java:addPipeline(103)) - Created pipeline Pipeline[ Id: 06282105-b558-4ff4-8a43-ded06deb9245, Nodes: cbdadb07-7074-46eb-a3e9-d1b6d1a4da2f(fv-az220-795.shdwizndlbjulinwhzhdmup5sb.jx.internal.cloudapp.net/10.1.0.34)d3795bd6-5a77-4d2d-9b17-a3a54c2e679f(fv-az220-795.shdwizndlbjulinwhzhdmup5sb.jx.internal.cloudapp.net/10.1.0.34)d854720a-bbe5-47c1-a40c-d7c4a462ec23(fv-az220-795.shdwizndlbjulinwhzhdmup5sb.jx.internal.cloudapp.net/10.1.0.34)9e79f7cb-e4c5-47cb-aa46-b66eba433fb4(fv-az220-795.shdwizndlbjulinwhzhdmup5sb.jx.internal.cloudapp.net/10.1.0.34)212d554a-1aad-4773-9d82-bb5fa0fa9f58(fv-az220-795.shdwizndlbjulinwhzhdmup5sb.jx.internal.cloudapp.net/10.1.0.34), ReplicationConfig: EC{rs-3-2-1024k}, State:ALLOCATED, leaderId:, CreationTimestamp2023-04-27T06:11:59.824Z[Etc/UTC]].
2023-04-27 06:11:59,825 [IPC Server handler 7 on default port 41035] INFO  pipeline.PipelineManagerImpl (PipelineManagerImpl.java:openPipeline(367)) - Pipeline Pipeline[ Id: 06282105-b558-4ff4-8a43-ded06deb9245, Nodes: cbdadb07-7074-46eb-a3e9-d1b6d1a4da2f(fv-az220-795.shdwizndlbjulinwhzhdmup5sb.jx.internal.cloudapp.net/10.1.0.34)d3795bd6-5a77-4d2d-9b17-a3a54c2e679f(fv-az220-795.shdwizndlbjulinwhzhdmup5sb.jx.internal.cloudapp.net/10.1.0.34)d854720a-bbe5-47c1-a40c-d7c4a462ec23(fv-az220-795.shdwizndlbjulinwhzhdmup5sb.jx.internal.cloudapp.net/10.1.0.34)9e79f7cb-e4c5-47cb-aa46-b66eba433fb4(fv-az220-795.shdwizndlbjulinwhzhdmup5sb.jx.internal.cloudapp.net/10.1.0.34)212d554a-1aad-4773-9d82-bb5fa0fa9f58(fv-az220-795.shdwizndlbjulinwhzhdmup5sb.jx.internal.cloudapp.net/10.1.0.34), ReplicationConfig: EC{rs-3-2-1024k}, State:ALLOCATED, leaderId:, CreationTimestamp2023-04-27T06:11:59.824Z[Etc/UTC]] moved to OPEN state
2023-04-27 06:11:59,826 [IPC Server handler 4 on default port 41035] INFO  pipeline.PipelineStateManagerImpl (PipelineStateManagerImpl.java:addPipeline(103)) - Created pipeline Pipeline[ Id: 9a3630d3-0c8c-42cc-82d2-be4b8555833f, Nodes: d3795bd6-5a77-4d2d-9b17-a3a54c2e679f(fv-az220-795.shdwizndlbjulinwhzhdmup5sb.jx.internal.cloudapp.net/10.1.0.34)9e79f7cb-e4c5-47cb-aa46-b66eba433fb4(fv-az220-795.shdwizndlbjulinwhzhdmup5sb.jx.internal.cloudapp.net/10.1.0.34)d854720a-bbe5-47c1-a40c-d7c4a462ec23(fv-az220-795.shdwizndlbjulinwhzhdmup5sb.jx.internal.cloudapp.net/10.1.0.34)cbdadb07-7074-46eb-a3e9-d1b6d1a4da2f(fv-az220-795.shdwizndlbjulinwhzhdmup5sb.jx.internal.cloudapp.net/10.1.0.34)212d554a-1aad-4773-9d82-bb5fa0fa9f58(fv-az220-795.shdwizndlbjulinwhzhdmup5sb.jx.internal.cloudapp.net/10.1.0.34), ReplicationConfig: EC{rs-3-2-1024k}, State:ALLOCATED, leaderId:, CreationTimestamp2023-04-27T06:11:59.826Z[Etc/UTC]].
2023-04-27 06:11:59,827 [IPC Server handler 4 on default port 41035] INFO  pipeline.PipelineManagerImpl (PipelineManagerImpl.java:openPipeline(367)) - Pipeline Pipeline[ Id: 9a3630d3-0c8c-42cc-82d2-be4b8555833f, Nodes: d3795bd6-5a77-4d2d-9b17-a3a54c2e679f(fv-az220-795.shdwizndlbjulinwhzhdmup5sb.jx.internal.cloudapp.net/10.1.0.34)9e79f7cb-e4c5-47cb-aa46-b66eba433fb4(fv-az220-795.shdwizndlbjulinwhzhdmup5sb.jx.internal.cloudapp.net/10.1.0.34)d854720a-bbe5-47c1-a40c-d7c4a462ec23(fv-az220-795.shdwizndlbjulinwhzhdmup5sb.jx.internal.cloudapp.net/10.1.0.34)cbdadb07-7074-46eb-a3e9-d1b6d1a4da2f(fv-az220-795.shdwizndlbjulinwhzhdmup5sb.jx.internal.cloudapp.net/10.1.0.34)212d554a-1aad-4773-9d82-bb5fa0fa9f58(fv-az220-795.shdwizndlbjulinwhzhdmup5sb.jx.internal.cloudapp.net/10.1.0.34), ReplicationConfig: EC{rs-3-2-1024k}, State:ALLOCATED, leaderId:, CreationTimestamp2023-04-27T06:11:59.826Z[Etc/UTC]] moved to OPEN state
2023-04-27 06:11:59,829 [IPC Server handler 12 on default port 41035] INFO  pipeline.PipelineStateManagerImpl (PipelineStateManagerImpl.java:addPipeline(103)) - Created pipeline Pipeline[ Id: 412c5203-77aa-4add-85b1-f5fc4fac7998, Nodes: d854720a-bbe5-47c1-a40c-d7c4a462ec23(fv-az220-795.shdwizndlbjulinwhzhdmup5sb.jx.internal.cloudapp.net/10.1.0.34)cbdadb07-7074-46eb-a3e9-d1b6d1a4da2f(fv-az220-795.shdwizndlbjulinwhzhdmup5sb.jx.internal.cloudapp.net/10.1.0.34)9e79f7cb-e4c5-47cb-aa46-b66eba433fb4(fv-az220-795.shdwizndlbjulinwhzhdmup5sb.jx.internal.cloudapp.net/10.1.0.34)212d554a-1aad-4773-9d82-bb5fa0fa9f58(fv-az220-795.shdwizndlbjulinwhzhdmup5sb.jx.internal.cloudapp.net/10.1.0.34)d3795bd6-5a77-4d2d-9b17-a3a54c2e679f(fv-az220-795.shdwizndlbjulinwhzhdmup5sb.jx.internal.cloudapp.net/10.1.0.34), ReplicationConfig: EC{rs-3-2-1024k}, State:ALLOCATED, leaderId:, CreationTimestamp2023-04-27T06:11:59.828Z[Etc/UTC]].
2023-04-27 06:11:59,829 [IPC Server handler 12 on default port 41035] INFO  pipeline.PipelineManagerImpl (PipelineManagerImpl.java:openPipeline(367)) - Pipeline Pipeline[ Id: 412c5203-77aa-4add-85b1-f5fc4fac7998, Nodes: d854720a-bbe5-47c1-a40c-d7c4a462ec23(fv-az220-795.shdwizndlbjulinwhzhdmup5sb.jx.internal.cloudapp.net/10.1.0.34)cbdadb07-7074-46eb-a3e9-d1b6d1a4da2f(fv-az220-795.shdwizndlbjulinwhzhdmup5sb.jx.internal.cloudapp.net/10.1.0.34)9e79f7cb-e4c5-47cb-aa46-b66eba433fb4(fv-az220-795.shdwizndlbjulinwhzhdmup5sb.jx.internal.cloudapp.net/10.1.0.34)212d554a-1aad-4773-9d82-bb5fa0fa9f58(fv-az220-795.shdwizndlbjulinwhzhdmup5sb.jx.internal.cloudapp.net/10.1.0.34)d3795bd6-5a77-4d2d-9b17-a3a54c2e679f(fv-az220-795.shdwizndlbjulinwhzhdmup5sb.jx.internal.cloudapp.net/10.1.0.34), ReplicationConfig: EC{rs-3-2-1024k}, State:ALLOCATED, leaderId:, CreationTimestamp2023-04-27T06:11:59.828Z[Etc/UTC]] moved to OPEN state
2023-04-27 06:12:00,052 [pool-209-thread-2] WARN  erasurecode.ErasureCodeNative (ErasureCodeNative.java:<clinit>(55)) - ISA-L support is not available in your platform... using builtin-java codec where applicable
2023-04-27 06:12:00,203 [pool-219-thread-1] INFO  impl.MetricsSystemImpl (MetricsSystemImpl.java:init(158)) - XceiverClientMetrics metrics system started (again)
2023-04-27 06:12:00,203 [pool-219-thread-1] INFO  lib.Interns (Interns.java:removeEldestEntry(50)) - Metrics intern cache overflow at 2011 for MetricsSystem={MetricsSystem=MetricsInfoImpl{name=MetricsSystem, description=MetricsSystem}, MetricsSystem record=MetricsInfoImpl{name=MetricsSystem, description=MetricsSystem record}}
2023-04-27 06:12:00,495 [Thread-315] INFO  freon.ProgressBar (ProgressBar.java:logProgressBar(168)) - Progress: 10.00 % (10 out of 100)
2023-04-27 06:12:01,496 [Thread-315] INFO  freon.ProgressBar (ProgressBar.java:logProgressBar(168)) - Progress: 24.00 % (24 out of 100)
2023-04-27 06:12:02,496 [Thread-315] INFO  freon.ProgressBar (ProgressBar.java:logProgressBar(168)) - Progress: 47.00 % (47 out of 100)
2023-04-27 06:12:03,496 [Thread-315] INFO  freon.ProgressBar (ProgressBar.java:logProgressBar(168)) - Progress: 73.00 % (73 out of 100)
2023-04-27 06:12:04,497 [Thread-315] INFO  freon.ProgressBar (ProgressBar.java:logProgressBar(168)) - Progress: 100.00 % (100 out of 100)
]]></system-out>
  </testcase>
  <testcase name="testThreadPoolSize" classname="org.apache.hadoop.ozone.freon.TestRandomKeyGenerator" time="5.068">
    <system-out><![CDATA[2023-04-27 06:12:09,221 [Listener at 127.0.0.1/44053] INFO  freon.RandomKeyGenerator (RandomKeyGenerator.java:call(315)) - Number of Threads: 10
2023-04-27 06:12:09,241 [Listener at 127.0.0.1/44053] INFO  freon.RandomKeyGenerator (RandomKeyGenerator.java:call(320)) - Number of Volumes: 1.
2023-04-27 06:12:09,241 [Listener at 127.0.0.1/44053] INFO  freon.RandomKeyGenerator (RandomKeyGenerator.java:call(321)) - Number of Buckets per Volume: 1.
2023-04-27 06:12:09,241 [Listener at 127.0.0.1/44053] INFO  freon.RandomKeyGenerator (RandomKeyGenerator.java:call(322)) - Number of Keys per Bucket: 1.
2023-04-27 06:12:09,241 [Listener at 127.0.0.1/44053] INFO  freon.RandomKeyGenerator (RandomKeyGenerator.java:call(323)) - Key size: 10240 bytes
2023-04-27 06:12:09,241 [Listener at 127.0.0.1/44053] INFO  freon.RandomKeyGenerator (RandomKeyGenerator.java:call(324)) - Buffer size: 4096 bytes
2023-04-27 06:12:09,241 [Listener at 127.0.0.1/44053] INFO  freon.RandomKeyGenerator (RandomKeyGenerator.java:call(325)) - validateWrites : false
2023-04-27 06:12:09,241 [Listener at 127.0.0.1/44053] INFO  freon.RandomKeyGenerator (RandomKeyGenerator.java:call(326)) - Number of Validate Threads: 1
2023-04-27 06:12:09,241 [Listener at 127.0.0.1/44053] INFO  freon.RandomKeyGenerator (RandomKeyGenerator.java:call(327)) - cleanObjects : false
2023-04-27 06:12:09,242 [pool-810-thread-1] INFO  rpc.RpcClient (RpcClient.java:createVolume(476)) - Creating Volume: vol-0-18121, with runner as owner and space quota set to -1 bytes, counts quota set to -1
2023-04-27 06:12:09,248 [Listener at 127.0.0.1/44053] INFO  freon.RandomKeyGenerator (RandomKeyGenerator.java:call(349)) - Starting progress bar Thread.
2023-04-27 06:12:09,249 [Thread-340] INFO  freon.ProgressBar (ProgressBar.java:logProgressBar(168)) - Progress: 0.00 % (0 out of 1)
2023-04-27 06:12:09,251 [OM StateMachine ApplyTransaction Thread - 0] INFO  volume.OMVolumeCreateRequest (OMVolumeCreateRequest.java:validateAndUpdateCache(195)) - created volume:vol-0-18121 for user:runner
2023-04-27 06:12:09,257 [pool-810-thread-3] INFO  rpc.RpcClient (RpcClient.java:createBucket(697)) - Creating Bucket: vol-0-18121/bucket-0-76611, with server-side default bucket layout, runner as owner, Versioning false, Storage Type set to DISK and Encryption set to false, Replication Type set to server-side default replication type, Namespace Quota set to -1, Space Quota set to -1 
2023-04-27 06:12:09,260 [OM StateMachine ApplyTransaction Thread - 0] INFO  bucket.OMBucketCreateRequest (OMBucketCreateRequest.java:validateAndUpdateCache(270)) - created bucket: bucket-0-76611 of layout FILE_SYSTEM_OPTIMIZED in volume: vol-0-18121
2023-04-27 06:12:10,250 [Thread-340] INFO  freon.ProgressBar (ProgressBar.java:logProgressBar(168)) - Progress: 100.00 % (1 out of 1)
]]></system-out>
  </testcase>
  <testcase name="testMultiThread" classname="org.apache.hadoop.ozone.freon.TestRandomKeyGenerator" time="5.059">
    <system-out><![CDATA[2023-04-27 06:12:14,277 [Listener at 127.0.0.1/44053] INFO  freon.RandomKeyGenerator (RandomKeyGenerator.java:call(315)) - Number of Threads: 10
2023-04-27 06:12:14,293 [Listener at 127.0.0.1/44053] INFO  freon.RandomKeyGenerator (RandomKeyGenerator.java:call(320)) - Number of Volumes: 10.
2023-04-27 06:12:14,293 [Listener at 127.0.0.1/44053] INFO  freon.RandomKeyGenerator (RandomKeyGenerator.java:call(321)) - Number of Buckets per Volume: 1.
2023-04-27 06:12:14,293 [Listener at 127.0.0.1/44053] INFO  freon.RandomKeyGenerator (RandomKeyGenerator.java:call(322)) - Number of Keys per Bucket: 10.
2023-04-27 06:12:14,293 [Listener at 127.0.0.1/44053] INFO  freon.RandomKeyGenerator (RandomKeyGenerator.java:call(323)) - Key size: 10240 bytes
2023-04-27 06:12:14,293 [Listener at 127.0.0.1/44053] INFO  freon.RandomKeyGenerator (RandomKeyGenerator.java:call(324)) - Buffer size: 4096 bytes
2023-04-27 06:12:14,293 [Listener at 127.0.0.1/44053] INFO  freon.RandomKeyGenerator (RandomKeyGenerator.java:call(325)) - validateWrites : false
2023-04-27 06:12:14,293 [Listener at 127.0.0.1/44053] INFO  freon.RandomKeyGenerator (RandomKeyGenerator.java:call(326)) - Number of Validate Threads: 1
2023-04-27 06:12:14,293 [Listener at 127.0.0.1/44053] INFO  freon.RandomKeyGenerator (RandomKeyGenerator.java:call(327)) - cleanObjects : false
2023-04-27 06:12:14,294 [pool-812-thread-2] INFO  rpc.RpcClient (RpcClient.java:createVolume(476)) - Creating Volume: vol-1-41140, with runner as owner and space quota set to -1 bytes, counts quota set to -1
2023-04-27 06:12:14,295 [pool-812-thread-1] INFO  rpc.RpcClient (RpcClient.java:createVolume(476)) - Creating Volume: vol-0-29624, with runner as owner and space quota set to -1 bytes, counts quota set to -1
2023-04-27 06:12:14,299 [pool-812-thread-4] INFO  rpc.RpcClient (RpcClient.java:createVolume(476)) - Creating Volume: vol-2-70747, with runner as owner and space quota set to -1 bytes, counts quota set to -1
2023-04-27 06:12:14,299 [pool-812-thread-5] INFO  rpc.RpcClient (RpcClient.java:createVolume(476)) - Creating Volume: vol-3-60369, with runner as owner and space quota set to -1 bytes, counts quota set to -1
2023-04-27 06:12:14,302 [pool-812-thread-6] INFO  rpc.RpcClient (RpcClient.java:createVolume(476)) - Creating Volume: vol-4-12707, with runner as owner and space quota set to -1 bytes, counts quota set to -1
2023-04-27 06:12:14,302 [pool-812-thread-7] INFO  rpc.RpcClient (RpcClient.java:createVolume(476)) - Creating Volume: vol-5-35144, with runner as owner and space quota set to -1 bytes, counts quota set to -1
2023-04-27 06:12:14,303 [pool-812-thread-8] INFO  rpc.RpcClient (RpcClient.java:createVolume(476)) - Creating Volume: vol-6-25945, with runner as owner and space quota set to -1 bytes, counts quota set to -1
2023-04-27 06:12:14,303 [pool-812-thread-9] INFO  rpc.RpcClient (RpcClient.java:createVolume(476)) - Creating Volume: vol-7-00389, with runner as owner and space quota set to -1 bytes, counts quota set to -1
2023-04-27 06:12:14,304 [Listener at 127.0.0.1/44053] INFO  freon.RandomKeyGenerator (RandomKeyGenerator.java:call(349)) - Starting progress bar Thread.
2023-04-27 06:12:14,304 [pool-812-thread-10] INFO  rpc.RpcClient (RpcClient.java:createVolume(476)) - Creating Volume: vol-8-00691, with runner as owner and space quota set to -1 bytes, counts quota set to -1
2023-04-27 06:12:14,305 [pool-812-thread-3] INFO  rpc.RpcClient (RpcClient.java:createVolume(476)) - Creating Volume: vol-9-96303, with runner as owner and space quota set to -1 bytes, counts quota set to -1
2023-04-27 06:12:14,307 [Thread-345] INFO  freon.ProgressBar (ProgressBar.java:logProgressBar(168)) - Progress: 0.00 % (0 out of 100)
2023-04-27 06:12:14,310 [OM StateMachine ApplyTransaction Thread - 0] INFO  volume.OMVolumeCreateRequest (OMVolumeCreateRequest.java:validateAndUpdateCache(195)) - created volume:vol-4-12707 for user:runner
2023-04-27 06:12:14,311 [OM StateMachine ApplyTransaction Thread - 0] INFO  volume.OMVolumeCreateRequest (OMVolumeCreateRequest.java:validateAndUpdateCache(195)) - created volume:vol-2-70747 for user:runner
2023-04-27 06:12:14,311 [OM StateMachine ApplyTransaction Thread - 0] INFO  volume.OMVolumeCreateRequest (OMVolumeCreateRequest.java:validateAndUpdateCache(195)) - created volume:vol-6-25945 for user:runner
2023-04-27 06:12:14,316 [OM StateMachine ApplyTransaction Thread - 0] INFO  volume.OMVolumeCreateRequest (OMVolumeCreateRequest.java:validateAndUpdateCache(195)) - created volume:vol-0-29624 for user:runner
2023-04-27 06:12:14,319 [OM StateMachine ApplyTransaction Thread - 0] INFO  volume.OMVolumeCreateRequest (OMVolumeCreateRequest.java:validateAndUpdateCache(195)) - created volume:vol-5-35144 for user:runner
2023-04-27 06:12:14,319 [OM StateMachine ApplyTransaction Thread - 0] INFO  volume.OMVolumeCreateRequest (OMVolumeCreateRequest.java:validateAndUpdateCache(195)) - created volume:vol-9-96303 for user:runner
2023-04-27 06:12:14,320 [OM StateMachine ApplyTransaction Thread - 0] INFO  volume.OMVolumeCreateRequest (OMVolumeCreateRequest.java:validateAndUpdateCache(195)) - created volume:vol-3-60369 for user:runner
2023-04-27 06:12:14,320 [pool-812-thread-1] INFO  rpc.RpcClient (RpcClient.java:createBucket(697)) - Creating Bucket: vol-0-29624/bucket-0-58994, with server-side default bucket layout, runner as owner, Versioning false, Storage Type set to DISK and Encryption set to false, Replication Type set to server-side default replication type, Namespace Quota set to -1, Space Quota set to -1 
2023-04-27 06:12:14,321 [OM StateMachine ApplyTransaction Thread - 0] INFO  volume.OMVolumeCreateRequest (OMVolumeCreateRequest.java:validateAndUpdateCache(195)) - created volume:vol-7-00389 for user:runner
2023-04-27 06:12:14,323 [OM StateMachine ApplyTransaction Thread - 0] INFO  volume.OMVolumeCreateRequest (OMVolumeCreateRequest.java:validateAndUpdateCache(195)) - created volume:vol-1-41140 for user:runner
2023-04-27 06:12:14,324 [pool-812-thread-3] INFO  rpc.RpcClient (RpcClient.java:createBucket(697)) - Creating Bucket: vol-3-60369/bucket-0-83922, with server-side default bucket layout, runner as owner, Versioning false, Storage Type set to DISK and Encryption set to false, Replication Type set to server-side default replication type, Namespace Quota set to -1, Space Quota set to -1 
2023-04-27 06:12:14,326 [pool-812-thread-8] INFO  rpc.RpcClient (RpcClient.java:createBucket(697)) - Creating Bucket: vol-5-35144/bucket-0-05658, with server-side default bucket layout, runner as owner, Versioning false, Storage Type set to DISK and Encryption set to false, Replication Type set to server-side default replication type, Namespace Quota set to -1, Space Quota set to -1 
2023-04-27 06:12:14,327 [pool-812-thread-6] INFO  rpc.RpcClient (RpcClient.java:createBucket(697)) - Creating Bucket: vol-6-25945/bucket-0-11819, with server-side default bucket layout, runner as owner, Versioning false, Storage Type set to DISK and Encryption set to false, Replication Type set to server-side default replication type, Namespace Quota set to -1, Space Quota set to -1 
2023-04-27 06:12:14,328 [pool-812-thread-2] INFO  rpc.RpcClient (RpcClient.java:createBucket(697)) - Creating Bucket: vol-7-00389/bucket-0-23845, with server-side default bucket layout, runner as owner, Versioning false, Storage Type set to DISK and Encryption set to false, Replication Type set to server-side default replication type, Namespace Quota set to -1, Space Quota set to -1 
2023-04-27 06:12:14,332 [OM StateMachine ApplyTransaction Thread - 0] INFO  volume.OMVolumeCreateRequest (OMVolumeCreateRequest.java:validateAndUpdateCache(195)) - created volume:vol-8-00691 for user:runner
2023-04-27 06:12:14,333 [pool-812-thread-7] INFO  rpc.RpcClient (RpcClient.java:createBucket(697)) - Creating Bucket: vol-1-41140/bucket-0-50463, with server-side default bucket layout, runner as owner, Versioning false, Storage Type set to DISK and Encryption set to false, Replication Type set to server-side default replication type, Namespace Quota set to -1, Space Quota set to -1 
2023-04-27 06:12:14,333 [OM StateMachine ApplyTransaction Thread - 0] INFO  bucket.OMBucketCreateRequest (OMBucketCreateRequest.java:validateAndUpdateCache(270)) - created bucket: bucket-0-58994 of layout FILE_SYSTEM_OPTIMIZED in volume: vol-0-29624
2023-04-27 06:12:14,334 [pool-812-thread-5] INFO  rpc.RpcClient (RpcClient.java:createBucket(697)) - Creating Bucket: vol-2-70747/bucket-0-87971, with server-side default bucket layout, runner as owner, Versioning false, Storage Type set to DISK and Encryption set to false, Replication Type set to server-side default replication type, Namespace Quota set to -1, Space Quota set to -1 
2023-04-27 06:12:14,335 [pool-812-thread-10] INFO  rpc.RpcClient (RpcClient.java:createBucket(697)) - Creating Bucket: vol-9-96303/bucket-0-31649, with server-side default bucket layout, runner as owner, Versioning false, Storage Type set to DISK and Encryption set to false, Replication Type set to server-side default replication type, Namespace Quota set to -1, Space Quota set to -1 
2023-04-27 06:12:14,336 [pool-812-thread-9] INFO  rpc.RpcClient (RpcClient.java:createBucket(697)) - Creating Bucket: vol-4-12707/bucket-0-08255, with server-side default bucket layout, runner as owner, Versioning false, Storage Type set to DISK and Encryption set to false, Replication Type set to server-side default replication type, Namespace Quota set to -1, Space Quota set to -1 
2023-04-27 06:12:14,336 [OM StateMachine ApplyTransaction Thread - 0] INFO  bucket.OMBucketCreateRequest (OMBucketCreateRequest.java:validateAndUpdateCache(270)) - created bucket: bucket-0-83922 of layout FILE_SYSTEM_OPTIMIZED in volume: vol-3-60369
2023-04-27 06:12:14,341 [pool-812-thread-4] INFO  rpc.RpcClient (RpcClient.java:createBucket(697)) - Creating Bucket: vol-8-00691/bucket-0-86680, with server-side default bucket layout, runner as owner, Versioning false, Storage Type set to DISK and Encryption set to false, Replication Type set to server-side default replication type, Namespace Quota set to -1, Space Quota set to -1 
2023-04-27 06:12:14,343 [OM StateMachine ApplyTransaction Thread - 0] INFO  bucket.OMBucketCreateRequest (OMBucketCreateRequest.java:validateAndUpdateCache(270)) - created bucket: bucket-0-11819 of layout FILE_SYSTEM_OPTIMIZED in volume: vol-6-25945
2023-04-27 06:12:14,345 [OM StateMachine ApplyTransaction Thread - 0] INFO  bucket.OMBucketCreateRequest (OMBucketCreateRequest.java:validateAndUpdateCache(270)) - created bucket: bucket-0-23845 of layout FILE_SYSTEM_OPTIMIZED in volume: vol-7-00389
2023-04-27 06:12:14,353 [OM StateMachine ApplyTransaction Thread - 0] INFO  bucket.OMBucketCreateRequest (OMBucketCreateRequest.java:validateAndUpdateCache(270)) - created bucket: bucket-0-05658 of layout FILE_SYSTEM_OPTIMIZED in volume: vol-5-35144
2023-04-27 06:12:14,355 [OM StateMachine ApplyTransaction Thread - 0] INFO  bucket.OMBucketCreateRequest (OMBucketCreateRequest.java:validateAndUpdateCache(270)) - created bucket: bucket-0-50463 of layout FILE_SYSTEM_OPTIMIZED in volume: vol-1-41140
2023-04-27 06:12:14,356 [OM StateMachine ApplyTransaction Thread - 0] INFO  bucket.OMBucketCreateRequest (OMBucketCreateRequest.java:validateAndUpdateCache(270)) - created bucket: bucket-0-87971 of layout FILE_SYSTEM_OPTIMIZED in volume: vol-2-70747
2023-04-27 06:12:14,357 [OM StateMachine ApplyTransaction Thread - 0] INFO  bucket.OMBucketCreateRequest (OMBucketCreateRequest.java:validateAndUpdateCache(270)) - created bucket: bucket-0-31649 of layout FILE_SYSTEM_OPTIMIZED in volume: vol-9-96303
2023-04-27 06:12:14,372 [OM StateMachine ApplyTransaction Thread - 0] INFO  bucket.OMBucketCreateRequest (OMBucketCreateRequest.java:validateAndUpdateCache(270)) - created bucket: bucket-0-08255 of layout FILE_SYSTEM_OPTIMIZED in volume: vol-4-12707
2023-04-27 06:12:14,373 [OM StateMachine ApplyTransaction Thread - 0] INFO  bucket.OMBucketCreateRequest (OMBucketCreateRequest.java:validateAndUpdateCache(270)) - created bucket: bucket-0-86680 of layout FILE_SYSTEM_OPTIMIZED in volume: vol-8-00691
2023-04-27 06:12:15,307 [Thread-345] INFO  freon.ProgressBar (ProgressBar.java:logProgressBar(168)) - Progress: 43.00 % (43 out of 100)
2023-04-27 06:12:16,308 [Thread-345] INFO  freon.ProgressBar (ProgressBar.java:logProgressBar(168)) - Progress: 99.00 % (99 out of 100)
2023-04-27 06:12:17,308 [Thread-345] INFO  freon.ProgressBar (ProgressBar.java:logProgressBar(168)) - Progress: 100.00 % (100 out of 100)
]]></system-out>
  </testcase>
  <testcase name="testZeroSizeKey" classname="org.apache.hadoop.ozone.freon.TestRandomKeyGenerator" time="5.096">
    <system-out><![CDATA[2023-04-27 06:12:19,343 [Listener at 127.0.0.1/44053] INFO  freon.RandomKeyGenerator (RandomKeyGenerator.java:call(315)) - Number of Threads: 1
2023-04-27 06:12:19,362 [Listener at 127.0.0.1/44053] INFO  freon.RandomKeyGenerator (RandomKeyGenerator.java:call(320)) - Number of Volumes: 1.
2023-04-27 06:12:19,363 [Listener at 127.0.0.1/44053] INFO  freon.RandomKeyGenerator (RandomKeyGenerator.java:call(321)) - Number of Buckets per Volume: 1.
2023-04-27 06:12:19,363 [Listener at 127.0.0.1/44053] INFO  freon.RandomKeyGenerator (RandomKeyGenerator.java:call(322)) - Number of Keys per Bucket: 1.
2023-04-27 06:12:19,363 [Listener at 127.0.0.1/44053] INFO  freon.RandomKeyGenerator (RandomKeyGenerator.java:call(323)) - Key size: 0 bytes
2023-04-27 06:12:19,363 [Listener at 127.0.0.1/44053] INFO  freon.RandomKeyGenerator (RandomKeyGenerator.java:call(324)) - Buffer size: 4096 bytes
2023-04-27 06:12:19,363 [Listener at 127.0.0.1/44053] INFO  freon.RandomKeyGenerator (RandomKeyGenerator.java:call(325)) - validateWrites : true
2023-04-27 06:12:19,363 [Listener at 127.0.0.1/44053] INFO  freon.RandomKeyGenerator (RandomKeyGenerator.java:call(326)) - Number of Validate Threads: 1
2023-04-27 06:12:19,363 [Listener at 127.0.0.1/44053] INFO  freon.RandomKeyGenerator (RandomKeyGenerator.java:call(327)) - cleanObjects : false
2023-04-27 06:12:19,364 [pool-913-thread-1] INFO  rpc.RpcClient (RpcClient.java:createVolume(476)) - Creating Volume: vol-0-62793, with runner as owner and space quota set to -1 bytes, counts quota set to -1
2023-04-27 06:12:19,371 [Listener at 127.0.0.1/44053] INFO  freon.RandomKeyGenerator (RandomKeyGenerator.java:call(343)) - Data validation is enabled.
2023-04-27 06:12:19,371 [Listener at 127.0.0.1/44053] INFO  freon.RandomKeyGenerator (RandomKeyGenerator.java:call(349)) - Starting progress bar Thread.
2023-04-27 06:12:19,372 [Thread-416] INFO  freon.ProgressBar (ProgressBar.java:logProgressBar(168)) - Progress: 0.00 % (0 out of 1)
2023-04-27 06:12:19,374 [OM StateMachine ApplyTransaction Thread - 0] INFO  volume.OMVolumeCreateRequest (OMVolumeCreateRequest.java:validateAndUpdateCache(195)) - created volume:vol-0-62793 for user:runner
2023-04-27 06:12:19,378 [pool-913-thread-1] INFO  rpc.RpcClient (RpcClient.java:createBucket(697)) - Creating Bucket: vol-0-62793/bucket-0-20150, with server-side default bucket layout, runner as owner, Versioning false, Storage Type set to DISK and Encryption set to false, Replication Type set to server-side default replication type, Namespace Quota set to -1, Space Quota set to -1 
2023-04-27 06:12:19,380 [OM StateMachine ApplyTransaction Thread - 0] INFO  bucket.OMBucketCreateRequest (OMBucketCreateRequest.java:validateAndUpdateCache(270)) - created bucket: bucket-0-20150 of layout FILE_SYSTEM_OPTIMIZED in volume: vol-0-62793
2023-04-27 06:12:19,399 [OM StateMachine ApplyTransaction Thread - 0] INFO  key.OMKeyRequest (OMKeyRequest.java:wrapUncommittedBlocksAsPseudoKey(838)) - Detect allocated but uncommitted blocks [{blockID={containerID=6, localID=111677748019200202}, length=4194304, offset=0, token=null, pipeline=null, createVersion=0, partNumber=0}] in key key-0-72137.
2023-04-27 06:12:20,372 [Thread-416] INFO  freon.ProgressBar (ProgressBar.java:logProgressBar(168)) - Progress: 100.00 % (1 out of 1)
]]></system-out>
  </testcase>
  <testcase name="testRatisKey" classname="org.apache.hadoop.ozone.freon.TestRandomKeyGenerator" time="5.076">
    <system-out><![CDATA[2023-04-27 06:12:24,430 [Listener at 127.0.0.1/44053] INFO  freon.RandomKeyGenerator (RandomKeyGenerator.java:call(315)) - Number of Threads: 10
2023-04-27 06:12:24,447 [Listener at 127.0.0.1/44053] INFO  freon.RandomKeyGenerator (RandomKeyGenerator.java:call(320)) - Number of Volumes: 10.
2023-04-27 06:12:24,447 [Listener at 127.0.0.1/44053] INFO  freon.RandomKeyGenerator (RandomKeyGenerator.java:call(321)) - Number of Buckets per Volume: 1.
2023-04-27 06:12:24,447 [Listener at 127.0.0.1/44053] INFO  freon.RandomKeyGenerator (RandomKeyGenerator.java:call(322)) - Number of Keys per Bucket: 10.
2023-04-27 06:12:24,447 [Listener at 127.0.0.1/44053] INFO  freon.RandomKeyGenerator (RandomKeyGenerator.java:call(323)) - Key size: 10240 bytes
2023-04-27 06:12:24,447 [Listener at 127.0.0.1/44053] INFO  freon.RandomKeyGenerator (RandomKeyGenerator.java:call(324)) - Buffer size: 4096 bytes
2023-04-27 06:12:24,447 [Listener at 127.0.0.1/44053] INFO  freon.RandomKeyGenerator (RandomKeyGenerator.java:call(325)) - validateWrites : false
2023-04-27 06:12:24,447 [Listener at 127.0.0.1/44053] INFO  freon.RandomKeyGenerator (RandomKeyGenerator.java:call(326)) - Number of Validate Threads: 1
2023-04-27 06:12:24,447 [Listener at 127.0.0.1/44053] INFO  freon.RandomKeyGenerator (RandomKeyGenerator.java:call(327)) - cleanObjects : false
2023-04-27 06:12:24,452 [pool-915-thread-1] INFO  rpc.RpcClient (RpcClient.java:createVolume(476)) - Creating Volume: vol-0-15807, with runner as owner and space quota set to -1 bytes, counts quota set to -1
2023-04-27 06:12:24,459 [pool-915-thread-3] INFO  rpc.RpcClient (RpcClient.java:createVolume(476)) - Creating Volume: vol-1-36312, with runner as owner and space quota set to -1 bytes, counts quota set to -1
2023-04-27 06:12:24,460 [pool-915-thread-4] INFO  rpc.RpcClient (RpcClient.java:createVolume(476)) - Creating Volume: vol-2-45544, with runner as owner and space quota set to -1 bytes, counts quota set to -1
2023-04-27 06:12:24,464 [pool-915-thread-5] INFO  rpc.RpcClient (RpcClient.java:createVolume(476)) - Creating Volume: vol-3-18598, with runner as owner and space quota set to -1 bytes, counts quota set to -1
2023-04-27 06:12:24,466 [pool-915-thread-6] INFO  rpc.RpcClient (RpcClient.java:createVolume(476)) - Creating Volume: vol-4-98192, with runner as owner and space quota set to -1 bytes, counts quota set to -1
2023-04-27 06:12:24,469 [pool-915-thread-8] INFO  rpc.RpcClient (RpcClient.java:createVolume(476)) - Creating Volume: vol-5-97743, with runner as owner and space quota set to -1 bytes, counts quota set to -1
2023-04-27 06:12:24,469 [pool-915-thread-7] INFO  rpc.RpcClient (RpcClient.java:createVolume(476)) - Creating Volume: vol-6-63478, with runner as owner and space quota set to -1 bytes, counts quota set to -1
2023-04-27 06:12:24,471 [pool-915-thread-9] INFO  rpc.RpcClient (RpcClient.java:createVolume(476)) - Creating Volume: vol-7-48267, with runner as owner and space quota set to -1 bytes, counts quota set to -1
2023-04-27 06:12:24,472 [Listener at 127.0.0.1/44053] INFO  freon.RandomKeyGenerator (RandomKeyGenerator.java:call(349)) - Starting progress bar Thread.
2023-04-27 06:12:24,472 [pool-915-thread-10] INFO  rpc.RpcClient (RpcClient.java:createVolume(476)) - Creating Volume: vol-8-23630, with runner as owner and space quota set to -1 bytes, counts quota set to -1
2023-04-27 06:12:24,473 [pool-915-thread-2] INFO  rpc.RpcClient (RpcClient.java:createVolume(476)) - Creating Volume: vol-9-28887, with runner as owner and space quota set to -1 bytes, counts quota set to -1
2023-04-27 06:12:24,474 [Thread-418] INFO  freon.ProgressBar (ProgressBar.java:logProgressBar(168)) - Progress: 0.00 % (0 out of 100)
2023-04-27 06:12:24,478 [OM StateMachine ApplyTransaction Thread - 0] INFO  volume.OMVolumeCreateRequest (OMVolumeCreateRequest.java:validateAndUpdateCache(195)) - created volume:vol-1-36312 for user:runner
2023-04-27 06:12:24,479 [OM StateMachine ApplyTransaction Thread - 0] INFO  volume.OMVolumeCreateRequest (OMVolumeCreateRequest.java:validateAndUpdateCache(195)) - created volume:vol-2-45544 for user:runner
2023-04-27 06:12:24,479 [OM StateMachine ApplyTransaction Thread - 0] INFO  volume.OMVolumeCreateRequest (OMVolumeCreateRequest.java:validateAndUpdateCache(195)) - created volume:vol-0-15807 for user:runner
2023-04-27 06:12:24,483 [OM StateMachine ApplyTransaction Thread - 0] INFO  volume.OMVolumeCreateRequest (OMVolumeCreateRequest.java:validateAndUpdateCache(195)) - created volume:vol-3-18598 for user:runner
2023-04-27 06:12:24,484 [OM StateMachine ApplyTransaction Thread - 0] INFO  volume.OMVolumeCreateRequest (OMVolumeCreateRequest.java:validateAndUpdateCache(195)) - created volume:vol-5-97743 for user:runner
2023-04-27 06:12:24,486 [pool-915-thread-1] INFO  rpc.RpcClient (RpcClient.java:createBucket(697)) - Creating Bucket: vol-0-15807/bucket-0-75627, with server-side default bucket layout, runner as owner, Versioning false, Storage Type set to DISK and Encryption set to false, Replication Type set to server-side default replication type, Namespace Quota set to -1, Space Quota set to -1 
2023-04-27 06:12:24,487 [pool-915-thread-3] INFO  rpc.RpcClient (RpcClient.java:createBucket(697)) - Creating Bucket: vol-1-36312/bucket-0-90459, with server-side default bucket layout, runner as owner, Versioning false, Storage Type set to DISK and Encryption set to false, Replication Type set to server-side default replication type, Namespace Quota set to -1, Space Quota set to -1 
2023-04-27 06:12:24,490 [OM StateMachine ApplyTransaction Thread - 0] INFO  volume.OMVolumeCreateRequest (OMVolumeCreateRequest.java:validateAndUpdateCache(195)) - created volume:vol-4-98192 for user:runner
2023-04-27 06:12:24,490 [pool-915-thread-4] INFO  rpc.RpcClient (RpcClient.java:createBucket(697)) - Creating Bucket: vol-2-45544/bucket-0-91009, with server-side default bucket layout, runner as owner, Versioning false, Storage Type set to DISK and Encryption set to false, Replication Type set to server-side default replication type, Namespace Quota set to -1, Space Quota set to -1 
2023-04-27 06:12:24,491 [pool-915-thread-5] INFO  rpc.RpcClient (RpcClient.java:createBucket(697)) - Creating Bucket: vol-3-18598/bucket-0-18657, with server-side default bucket layout, runner as owner, Versioning false, Storage Type set to DISK and Encryption set to false, Replication Type set to server-side default replication type, Namespace Quota set to -1, Space Quota set to -1 
2023-04-27 06:12:24,492 [OM StateMachine ApplyTransaction Thread - 0] INFO  volume.OMVolumeCreateRequest (OMVolumeCreateRequest.java:validateAndUpdateCache(195)) - created volume:vol-6-63478 for user:runner
2023-04-27 06:12:24,493 [pool-915-thread-6] INFO  rpc.RpcClient (RpcClient.java:createBucket(697)) - Creating Bucket: vol-4-98192/bucket-0-69042, with server-side default bucket layout, runner as owner, Versioning false, Storage Type set to DISK and Encryption set to false, Replication Type set to server-side default replication type, Namespace Quota set to -1, Space Quota set to -1 
2023-04-27 06:12:24,494 [OM StateMachine ApplyTransaction Thread - 0] INFO  volume.OMVolumeCreateRequest (OMVolumeCreateRequest.java:validateAndUpdateCache(195)) - created volume:vol-7-48267 for user:runner
2023-04-27 06:12:24,496 [OM StateMachine ApplyTransaction Thread - 0] INFO  volume.OMVolumeCreateRequest (OMVolumeCreateRequest.java:validateAndUpdateCache(195)) - created volume:vol-9-28887 for user:runner
2023-04-27 06:12:24,496 [pool-915-thread-9] INFO  rpc.RpcClient (RpcClient.java:createBucket(697)) - Creating Bucket: vol-6-63478/bucket-0-53011, with server-side default bucket layout, runner as owner, Versioning false, Storage Type set to DISK and Encryption set to false, Replication Type set to server-side default replication type, Namespace Quota set to -1, Space Quota set to -1 
2023-04-27 06:12:24,498 [pool-915-thread-2] INFO  rpc.RpcClient (RpcClient.java:createBucket(697)) - Creating Bucket: vol-7-48267/bucket-0-56167, with server-side default bucket layout, runner as owner, Versioning false, Storage Type set to DISK and Encryption set to false, Replication Type set to server-side default replication type, Namespace Quota set to -1, Space Quota set to -1 
2023-04-27 06:12:24,498 [OM StateMachine ApplyTransaction Thread - 0] INFO  bucket.OMBucketCreateRequest (OMBucketCreateRequest.java:validateAndUpdateCache(270)) - created bucket: bucket-0-75627 of layout FILE_SYSTEM_OPTIMIZED in volume: vol-0-15807
2023-04-27 06:12:24,500 [pool-915-thread-1] INFO  rpc.RpcClient (RpcClient.java:createBucket(697)) - Creating Bucket: vol-9-28887/bucket-0-46135, with server-side default bucket layout, runner as owner, Versioning false, Storage Type set to DISK and Encryption set to false, Replication Type set to server-side default replication type, Namespace Quota set to -1, Space Quota set to -1 
2023-04-27 06:12:24,500 [OM StateMachine ApplyTransaction Thread - 0] INFO  bucket.OMBucketCreateRequest (OMBucketCreateRequest.java:validateAndUpdateCache(270)) - created bucket: bucket-0-90459 of layout FILE_SYSTEM_OPTIMIZED in volume: vol-1-36312
2023-04-27 06:12:24,502 [OM StateMachine ApplyTransaction Thread - 0] INFO  bucket.OMBucketCreateRequest (OMBucketCreateRequest.java:validateAndUpdateCache(270)) - created bucket: bucket-0-91009 of layout FILE_SYSTEM_OPTIMIZED in volume: vol-2-45544
2023-04-27 06:12:24,503 [OM StateMachine ApplyTransaction Thread - 0] INFO  bucket.OMBucketCreateRequest (OMBucketCreateRequest.java:validateAndUpdateCache(270)) - created bucket: bucket-0-18657 of layout FILE_SYSTEM_OPTIMIZED in volume: vol-3-18598
2023-04-27 06:12:24,504 [OM StateMachine ApplyTransaction Thread - 0] INFO  bucket.OMBucketCreateRequest (OMBucketCreateRequest.java:validateAndUpdateCache(270)) - created bucket: bucket-0-69042 of layout FILE_SYSTEM_OPTIMIZED in volume: vol-4-98192
2023-04-27 06:12:24,504 [pool-915-thread-7] INFO  rpc.RpcClient (RpcClient.java:createBucket(697)) - Creating Bucket: vol-5-97743/bucket-0-74994, with server-side default bucket layout, runner as owner, Versioning false, Storage Type set to DISK and Encryption set to false, Replication Type set to server-side default replication type, Namespace Quota set to -1, Space Quota set to -1 
2023-04-27 06:12:24,506 [OM StateMachine ApplyTransaction Thread - 0] INFO  bucket.OMBucketCreateRequest (OMBucketCreateRequest.java:validateAndUpdateCache(270)) - created bucket: bucket-0-53011 of layout FILE_SYSTEM_OPTIMIZED in volume: vol-6-63478
2023-04-27 06:12:24,510 [OM StateMachine ApplyTransaction Thread - 0] INFO  bucket.OMBucketCreateRequest (OMBucketCreateRequest.java:validateAndUpdateCache(270)) - created bucket: bucket-0-56167 of layout FILE_SYSTEM_OPTIMIZED in volume: vol-7-48267
2023-04-27 06:12:24,511 [OM StateMachine ApplyTransaction Thread - 0] INFO  bucket.OMBucketCreateRequest (OMBucketCreateRequest.java:validateAndUpdateCache(270)) - created bucket: bucket-0-46135 of layout FILE_SYSTEM_OPTIMIZED in volume: vol-9-28887
2023-04-27 06:12:24,513 [OM StateMachine ApplyTransaction Thread - 0] INFO  bucket.OMBucketCreateRequest (OMBucketCreateRequest.java:validateAndUpdateCache(270)) - created bucket: bucket-0-74994 of layout FILE_SYSTEM_OPTIMIZED in volume: vol-5-97743
2023-04-27 06:12:24,552 [OM StateMachine ApplyTransaction Thread - 0] INFO  volume.OMVolumeCreateRequest (OMVolumeCreateRequest.java:validateAndUpdateCache(195)) - created volume:vol-8-23630 for user:runner
2023-04-27 06:12:24,557 [pool-915-thread-8] INFO  rpc.RpcClient (RpcClient.java:createBucket(697)) - Creating Bucket: vol-8-23630/bucket-0-64038, with server-side default bucket layout, runner as owner, Versioning false, Storage Type set to DISK and Encryption set to false, Replication Type set to server-side default replication type, Namespace Quota set to -1, Space Quota set to -1 
2023-04-27 06:12:24,595 [OM StateMachine ApplyTransaction Thread - 0] INFO  bucket.OMBucketCreateRequest (OMBucketCreateRequest.java:validateAndUpdateCache(270)) - created bucket: bucket-0-64038 of layout FILE_SYSTEM_OPTIMIZED in volume: vol-8-23630
2023-04-27 06:12:25,474 [Thread-418] INFO  freon.ProgressBar (ProgressBar.java:logProgressBar(168)) - Progress: 62.00 % (62 out of 100)
2023-04-27 06:12:26,474 [Thread-418] INFO  freon.ProgressBar (ProgressBar.java:logProgressBar(168)) - Progress: 100.00 % (100 out of 100)
]]></system-out>
  </testcase>
  <testcase name="testDefault" classname="org.apache.hadoop.ozone.freon.TestRandomKeyGenerator" time="5.086">
    <system-out><![CDATA[2023-04-27 06:12:29,523 [Listener at 127.0.0.1/44053] INFO  freon.RandomKeyGenerator (RandomKeyGenerator.java:call(315)) - Number of Threads: 10
2023-04-27 06:12:29,549 [Listener at 127.0.0.1/44053] INFO  freon.RandomKeyGenerator (RandomKeyGenerator.java:call(320)) - Number of Volumes: 2.
2023-04-27 06:12:29,549 [Listener at 127.0.0.1/44053] INFO  freon.RandomKeyGenerator (RandomKeyGenerator.java:call(321)) - Number of Buckets per Volume: 5.
2023-04-27 06:12:29,550 [Listener at 127.0.0.1/44053] INFO  freon.RandomKeyGenerator (RandomKeyGenerator.java:call(322)) - Number of Keys per Bucket: 10.
2023-04-27 06:12:29,550 [Listener at 127.0.0.1/44053] INFO  freon.RandomKeyGenerator (RandomKeyGenerator.java:call(323)) - Key size: 10240 bytes
2023-04-27 06:12:29,550 [Listener at 127.0.0.1/44053] INFO  freon.RandomKeyGenerator (RandomKeyGenerator.java:call(324)) - Buffer size: 4096 bytes
2023-04-27 06:12:29,550 [Listener at 127.0.0.1/44053] INFO  freon.RandomKeyGenerator (RandomKeyGenerator.java:call(325)) - validateWrites : false
2023-04-27 06:12:29,550 [Listener at 127.0.0.1/44053] INFO  freon.RandomKeyGenerator (RandomKeyGenerator.java:call(326)) - Number of Validate Threads: 1
2023-04-27 06:12:29,550 [Listener at 127.0.0.1/44053] INFO  freon.RandomKeyGenerator (RandomKeyGenerator.java:call(327)) - cleanObjects : false
2023-04-27 06:12:29,559 [pool-1016-thread-1] INFO  rpc.RpcClient (RpcClient.java:createVolume(476)) - Creating Volume: vol-0-73358, with runner as owner and space quota set to -1 bytes, counts quota set to -1
2023-04-27 06:12:29,560 [Listener at 127.0.0.1/44053] INFO  freon.RandomKeyGenerator (RandomKeyGenerator.java:call(349)) - Starting progress bar Thread.
2023-04-27 06:12:29,575 [pool-1016-thread-2] INFO  rpc.RpcClient (RpcClient.java:createVolume(476)) - Creating Volume: vol-1-40125, with runner as owner and space quota set to -1 bytes, counts quota set to -1
2023-04-27 06:12:29,575 [Thread-479] INFO  freon.ProgressBar (ProgressBar.java:logProgressBar(168)) - Progress: 0.00 % (0 out of 100)
2023-04-27 06:12:29,578 [OM StateMachine ApplyTransaction Thread - 0] INFO  volume.OMVolumeCreateRequest (OMVolumeCreateRequest.java:validateAndUpdateCache(195)) - created volume:vol-0-73358 for user:runner
2023-04-27 06:12:29,587 [OM StateMachine ApplyTransaction Thread - 0] INFO  volume.OMVolumeCreateRequest (OMVolumeCreateRequest.java:validateAndUpdateCache(195)) - created volume:vol-1-40125 for user:runner
2023-04-27 06:12:29,591 [pool-1016-thread-1] INFO  rpc.RpcClient (RpcClient.java:createBucket(697)) - Creating Bucket: vol-1-40125/bucket-4-44471, with server-side default bucket layout, runner as owner, Versioning false, Storage Type set to DISK and Encryption set to false, Replication Type set to server-side default replication type, Namespace Quota set to -1, Space Quota set to -1 
2023-04-27 06:12:29,593 [OM StateMachine ApplyTransaction Thread - 0] INFO  bucket.OMBucketCreateRequest (OMBucketCreateRequest.java:validateAndUpdateCache(270)) - created bucket: bucket-4-44471 of layout FILE_SYSTEM_OPTIMIZED in volume: vol-1-40125
2023-04-27 06:12:29,596 [pool-1016-thread-10] INFO  rpc.RpcClient (RpcClient.java:createBucket(697)) - Creating Bucket: vol-1-40125/bucket-3-55413, with server-side default bucket layout, runner as owner, Versioning false, Storage Type set to DISK and Encryption set to false, Replication Type set to server-side default replication type, Namespace Quota set to -1, Space Quota set to -1 
2023-04-27 06:12:29,597 [pool-1016-thread-9] INFO  rpc.RpcClient (RpcClient.java:createBucket(697)) - Creating Bucket: vol-0-73358/bucket-3-05373, with server-side default bucket layout, runner as owner, Versioning false, Storage Type set to DISK and Encryption set to false, Replication Type set to server-side default replication type, Namespace Quota set to -1, Space Quota set to -1 
2023-04-27 06:12:29,597 [pool-1016-thread-8] INFO  rpc.RpcClient (RpcClient.java:createBucket(697)) - Creating Bucket: vol-1-40125/bucket-2-38850, with server-side default bucket layout, runner as owner, Versioning false, Storage Type set to DISK and Encryption set to false, Replication Type set to server-side default replication type, Namespace Quota set to -1, Space Quota set to -1 
2023-04-27 06:12:29,597 [pool-1016-thread-7] INFO  rpc.RpcClient (RpcClient.java:createBucket(697)) - Creating Bucket: vol-0-73358/bucket-2-68236, with server-side default bucket layout, runner as owner, Versioning false, Storage Type set to DISK and Encryption set to false, Replication Type set to server-side default replication type, Namespace Quota set to -1, Space Quota set to -1 
2023-04-27 06:12:29,598 [pool-1016-thread-6] INFO  rpc.RpcClient (RpcClient.java:createBucket(697)) - Creating Bucket: vol-1-40125/bucket-1-65223, with server-side default bucket layout, runner as owner, Versioning false, Storage Type set to DISK and Encryption set to false, Replication Type set to server-side default replication type, Namespace Quota set to -1, Space Quota set to -1 
2023-04-27 06:12:29,598 [pool-1016-thread-5] INFO  rpc.RpcClient (RpcClient.java:createBucket(697)) - Creating Bucket: vol-0-73358/bucket-1-00040, with server-side default bucket layout, runner as owner, Versioning false, Storage Type set to DISK and Encryption set to false, Replication Type set to server-side default replication type, Namespace Quota set to -1, Space Quota set to -1 
2023-04-27 06:12:29,598 [pool-1016-thread-4] INFO  rpc.RpcClient (RpcClient.java:createBucket(697)) - Creating Bucket: vol-1-40125/bucket-0-64361, with server-side default bucket layout, runner as owner, Versioning false, Storage Type set to DISK and Encryption set to false, Replication Type set to server-side default replication type, Namespace Quota set to -1, Space Quota set to -1 
2023-04-27 06:12:29,598 [pool-1016-thread-2] INFO  rpc.RpcClient (RpcClient.java:createBucket(697)) - Creating Bucket: vol-0-73358/bucket-4-93248, with server-side default bucket layout, runner as owner, Versioning false, Storage Type set to DISK and Encryption set to false, Replication Type set to server-side default replication type, Namespace Quota set to -1, Space Quota set to -1 
2023-04-27 06:12:29,599 [pool-1016-thread-3] INFO  rpc.RpcClient (RpcClient.java:createBucket(697)) - Creating Bucket: vol-0-73358/bucket-0-19007, with server-side default bucket layout, runner as owner, Versioning false, Storage Type set to DISK and Encryption set to false, Replication Type set to server-side default replication type, Namespace Quota set to -1, Space Quota set to -1 
2023-04-27 06:12:29,600 [OM StateMachine ApplyTransaction Thread - 0] INFO  bucket.OMBucketCreateRequest (OMBucketCreateRequest.java:validateAndUpdateCache(270)) - created bucket: bucket-3-55413 of layout FILE_SYSTEM_OPTIMIZED in volume: vol-1-40125
2023-04-27 06:12:29,602 [OM StateMachine ApplyTransaction Thread - 0] INFO  bucket.OMBucketCreateRequest (OMBucketCreateRequest.java:validateAndUpdateCache(270)) - created bucket: bucket-3-05373 of layout FILE_SYSTEM_OPTIMIZED in volume: vol-0-73358
2023-04-27 06:12:29,605 [OM StateMachine ApplyTransaction Thread - 0] INFO  bucket.OMBucketCreateRequest (OMBucketCreateRequest.java:validateAndUpdateCache(270)) - created bucket: bucket-2-68236 of layout FILE_SYSTEM_OPTIMIZED in volume: vol-0-73358
2023-04-27 06:12:29,606 [OM StateMachine ApplyTransaction Thread - 0] INFO  bucket.OMBucketCreateRequest (OMBucketCreateRequest.java:validateAndUpdateCache(270)) - created bucket: bucket-1-65223 of layout FILE_SYSTEM_OPTIMIZED in volume: vol-1-40125
2023-04-27 06:12:29,606 [OM StateMachine ApplyTransaction Thread - 0] INFO  bucket.OMBucketCreateRequest (OMBucketCreateRequest.java:validateAndUpdateCache(270)) - created bucket: bucket-4-93248 of layout FILE_SYSTEM_OPTIMIZED in volume: vol-0-73358
2023-04-27 06:12:29,606 [OM StateMachine ApplyTransaction Thread - 0] INFO  bucket.OMBucketCreateRequest (OMBucketCreateRequest.java:validateAndUpdateCache(270)) - created bucket: bucket-0-64361 of layout FILE_SYSTEM_OPTIMIZED in volume: vol-1-40125
2023-04-27 06:12:29,607 [OM StateMachine ApplyTransaction Thread - 0] INFO  bucket.OMBucketCreateRequest (OMBucketCreateRequest.java:validateAndUpdateCache(270)) - created bucket: bucket-1-00040 of layout FILE_SYSTEM_OPTIMIZED in volume: vol-0-73358
2023-04-27 06:12:29,607 [OM StateMachine ApplyTransaction Thread - 0] INFO  bucket.OMBucketCreateRequest (OMBucketCreateRequest.java:validateAndUpdateCache(270)) - created bucket: bucket-0-19007 of layout FILE_SYSTEM_OPTIMIZED in volume: vol-0-73358
2023-04-27 06:12:29,609 [OM StateMachine ApplyTransaction Thread - 0] INFO  bucket.OMBucketCreateRequest (OMBucketCreateRequest.java:validateAndUpdateCache(270)) - created bucket: bucket-2-38850 of layout FILE_SYSTEM_OPTIMIZED in volume: vol-1-40125
2023-04-27 06:12:30,575 [Thread-479] INFO  freon.ProgressBar (ProgressBar.java:logProgressBar(168)) - Progress: 76.00 % (76 out of 100)
2023-04-27 06:12:31,576 [Thread-479] INFO  freon.ProgressBar (ProgressBar.java:logProgressBar(168)) - Progress: 100.00 % (100 out of 100)

***************************************************
Status: Success
Git Base Revision: 706d88266abcee09ed78fbaa0ad5f74d818ab0e9
Number of Volumes created: 2
Number of Buckets created: 10
Number of Keys added: 100
Average Time spent in volume creation: 00:00:00,006
Average Time spent in bucket creation: 00:00:00,009
Average Time spent in key creation: 00:00:00,106
Average Time spent in key write: 00:00:00,006
Total bytes written: 1024000
Total Execution time: 00:00:05,073
***************************************************
]]></system-out>
  </testcase>
  <testcase name="testKeyLargerThan2GB" classname="org.apache.hadoop.ozone.freon.TestRandomKeyGenerator" time="21.201">
    <failure type="java.lang.AssertionError"><![CDATA[java.lang.AssertionError: expected:<1> but was:<0>
	at org.junit.Assert.fail(Assert.java:89)
	at org.junit.Assert.failNotEquals(Assert.java:835)
	at org.junit.Assert.assertEquals(Assert.java:647)
	at org.junit.Assert.assertEquals(Assert.java:633)
	at org.apache.hadoop.ozone.freon.TestRandomKeyGenerator.testKeyLargerThan2GB(TestRandomKeyGenerator.java:165)
	at sun.reflect.NativeMethodAccessorImpl.invoke0(Native Method)
	at sun.reflect.NativeMethodAccessorImpl.invoke(NativeMethodAccessorImpl.java:62)
	at sun.reflect.DelegatingMethodAccessorImpl.invoke(DelegatingMethodAccessorImpl.java:43)
	at java.lang.reflect.Method.invoke(Method.java:498)
	at org.junit.platform.commons.util.ReflectionUtils.invokeMethod(ReflectionUtils.java:725)
	at org.junit.jupiter.engine.execution.MethodInvocation.proceed(MethodInvocation.java:60)
	at org.junit.jupiter.engine.execution.InvocationInterceptorChain$ValidatingInvocation.proceed(InvocationInterceptorChain.java:131)
	at org.junit.jupiter.engine.extension.TimeoutExtension.intercept(TimeoutExtension.java:149)
	at org.junit.jupiter.engine.extension.TimeoutExtension.interceptTestableMethod(TimeoutExtension.java:140)
	at org.junit.jupiter.engine.extension.TimeoutExtension.interceptTestMethod(TimeoutExtension.java:84)
	at org.junit.jupiter.engine.execution.ExecutableInvoker$ReflectiveInterceptorCall.lambda$ofVoidMethod$0(ExecutableInvoker.java:115)
	at org.junit.jupiter.engine.execution.ExecutableInvoker.lambda$invoke$0(ExecutableInvoker.java:105)
	at org.junit.jupiter.engine.execution.InvocationInterceptorChain$InterceptedInvocation.proceed(InvocationInterceptorChain.java:106)
	at org.junit.jupiter.engine.execution.InvocationInterceptorChain.proceed(InvocationInterceptorChain.java:64)
	at org.junit.jupiter.engine.execution.InvocationInterceptorChain.chainAndInvoke(InvocationInterceptorChain.java:45)
	at org.junit.jupiter.engine.execution.InvocationInterceptorChain.invoke(InvocationInterceptorChain.java:37)
	at org.junit.jupiter.engine.execution.ExecutableInvoker.invoke(ExecutableInvoker.java:104)
	at org.junit.jupiter.engine.execution.ExecutableInvoker.invoke(ExecutableInvoker.java:98)
	at org.junit.jupiter.engine.descriptor.TestMethodTestDescriptor.lambda$invokeTestMethod$7(TestMethodTestDescriptor.java:214)
	at org.junit.platform.engine.support.hierarchical.ThrowableCollector.execute(ThrowableCollector.java:73)
	at org.junit.jupiter.engine.descriptor.TestMethodTestDescriptor.invokeTestMethod(TestMethodTestDescriptor.java:210)
	at org.junit.jupiter.engine.descriptor.TestMethodTestDescriptor.execute(TestMethodTestDescriptor.java:135)
	at org.junit.jupiter.engine.descriptor.TestMethodTestDescriptor.execute(TestMethodTestDescriptor.java:66)
	at org.junit.platform.engine.support.hierarchical.NodeTestTask.lambda$executeRecursively$6(NodeTestTask.java:151)
	at org.junit.platform.engine.support.hierarchical.ThrowableCollector.execute(ThrowableCollector.java:73)
	at org.junit.platform.engine.support.hierarchical.NodeTestTask.lambda$executeRecursively$8(NodeTestTask.java:141)
	at org.junit.platform.engine.support.hierarchical.Node.around(Node.java:137)
	at org.junit.platform.engine.support.hierarchical.NodeTestTask.lambda$executeRecursively$9(NodeTestTask.java:139)
	at org.junit.platform.engine.support.hierarchical.ThrowableCollector.execute(ThrowableCollector.java:73)
	at org.junit.platform.engine.support.hierarchical.NodeTestTask.executeRecursively(NodeTestTask.java:138)
	at org.junit.platform.engine.support.hierarchical.NodeTestTask.execute(NodeTestTask.java:95)
	at java.util.ArrayList.forEach(ArrayList.java:1259)
	at org.junit.platform.engine.support.hierarchical.SameThreadHierarchicalTestExecutorService.invokeAll(SameThreadHierarchicalTestExecutorService.java:41)
	at org.junit.platform.engine.support.hierarchical.NodeTestTask.lambda$executeRecursively$6(NodeTestTask.java:155)
	at org.junit.platform.engine.support.hierarchical.ThrowableCollector.execute(ThrowableCollector.java:73)
	at org.junit.platform.engine.support.hierarchical.NodeTestTask.lambda$executeRecursively$8(NodeTestTask.java:141)
	at org.junit.platform.engine.support.hierarchical.Node.around(Node.java:137)
	at org.junit.platform.engine.support.hierarchical.NodeTestTask.lambda$executeRecursively$9(NodeTestTask.java:139)
	at org.junit.platform.engine.support.hierarchical.ThrowableCollector.execute(ThrowableCollector.java:73)
	at org.junit.platform.engine.support.hierarchical.NodeTestTask.executeRecursively(NodeTestTask.java:138)
	at org.junit.platform.engine.support.hierarchical.NodeTestTask.execute(NodeTestTask.java:95)
	at java.util.ArrayList.forEach(ArrayList.java:1259)
	at org.junit.platform.engine.support.hierarchical.SameThreadHierarchicalTestExecutorService.invokeAll(SameThreadHierarchicalTestExecutorService.java:41)
	at org.junit.platform.engine.support.hierarchical.NodeTestTask.lambda$executeRecursively$6(NodeTestTask.java:155)
	at org.junit.platform.engine.support.hierarchical.ThrowableCollector.execute(ThrowableCollector.java:73)
	at org.junit.platform.engine.support.hierarchical.NodeTestTask.lambda$executeRecursively$8(NodeTestTask.java:141)
	at org.junit.platform.engine.support.hierarchical.Node.around(Node.java:137)
	at org.junit.platform.engine.support.hierarchical.NodeTestTask.lambda$executeRecursively$9(NodeTestTask.java:139)
	at org.junit.platform.engine.support.hierarchical.ThrowableCollector.execute(ThrowableCollector.java:73)
	at org.junit.platform.engine.support.hierarchical.NodeTestTask.executeRecursively(NodeTestTask.java:138)
	at org.junit.platform.engine.support.hierarchical.NodeTestTask.execute(NodeTestTask.java:95)
	at org.junit.platform.engine.support.hierarchical.SameThreadHierarchicalTestExecutorService.submit(SameThreadHierarchicalTestExecutorService.java:35)
	at org.junit.platform.engine.support.hierarchical.HierarchicalTestExecutor.execute(HierarchicalTestExecutor.java:57)
	at org.junit.platform.engine.support.hierarchical.HierarchicalTestEngine.execute(HierarchicalTestEngine.java:54)
	at org.junit.platform.launcher.core.EngineExecutionOrchestrator.execute(EngineExecutionOrchestrator.java:107)
	at org.junit.platform.launcher.core.EngineExecutionOrchestrator.execute(EngineExecutionOrchestrator.java:88)
	at org.junit.platform.launcher.core.EngineExecutionOrchestrator.lambda$execute$0(EngineExecutionOrchestrator.java:54)
	at org.junit.platform.launcher.core.EngineExecutionOrchestrator.withInterceptedStreams(EngineExecutionOrchestrator.java:67)
	at org.junit.platform.launcher.core.EngineExecutionOrchestrator.execute(EngineExecutionOrchestrator.java:52)
	at org.junit.platform.launcher.core.DefaultLauncher.execute(DefaultLauncher.java:114)
	at org.junit.platform.launcher.core.DefaultLauncher.execute(DefaultLauncher.java:86)
	at org.junit.platform.launcher.core.DefaultLauncherSession$DelegatingLauncher.execute(DefaultLauncherSession.java:86)
	at org.junit.platform.launcher.core.SessionPerRequestLauncher.execute(SessionPerRequestLauncher.java:53)
	at org.apache.maven.surefire.junitplatform.JUnitPlatformProvider.execute(JUnitPlatformProvider.java:188)
	at org.apache.maven.surefire.junitplatform.JUnitPlatformProvider.invokeAllTests(JUnitPlatformProvider.java:154)
	at org.apache.maven.surefire.junitplatform.JUnitPlatformProvider.invoke(JUnitPlatformProvider.java:124)
	at org.apache.maven.surefire.booter.ForkedBooter.runSuitesInProcess(ForkedBooter.java:428)
	at org.apache.maven.surefire.booter.ForkedBooter.execute(ForkedBooter.java:162)
	at org.apache.maven.surefire.booter.ForkedBooter.run(ForkedBooter.java:562)
	at org.apache.maven.surefire.booter.ForkedBooter.main(ForkedBooter.java:548)
]]></failure>
    <system-out><![CDATA[2023-04-27 06:12:40,727 [Listener at 127.0.0.1/44053] INFO  freon.RandomKeyGenerator (RandomKeyGenerator.java:call(315)) - Number of Threads: 1
2023-04-27 06:12:40,745 [Listener at 127.0.0.1/44053] INFO  freon.RandomKeyGenerator (RandomKeyGenerator.java:call(320)) - Number of Volumes: 1.
2023-04-27 06:12:40,746 [Listener at 127.0.0.1/44053] INFO  freon.RandomKeyGenerator (RandomKeyGenerator.java:call(321)) - Number of Buckets per Volume: 1.
2023-04-27 06:12:40,746 [Listener at 127.0.0.1/44053] INFO  freon.RandomKeyGenerator (RandomKeyGenerator.java:call(322)) - Number of Keys per Bucket: 1.
2023-04-27 06:12:40,746 [Listener at 127.0.0.1/44053] INFO  freon.RandomKeyGenerator (RandomKeyGenerator.java:call(323)) - Key size: 2147483657 bytes
2023-04-27 06:12:40,746 [Listener at 127.0.0.1/44053] INFO  freon.RandomKeyGenerator (RandomKeyGenerator.java:call(324)) - Buffer size: 4096 bytes
2023-04-27 06:12:40,746 [Listener at 127.0.0.1/44053] INFO  freon.RandomKeyGenerator (RandomKeyGenerator.java:call(325)) - validateWrites : true
2023-04-27 06:12:40,746 [Listener at 127.0.0.1/44053] INFO  freon.RandomKeyGenerator (RandomKeyGenerator.java:call(326)) - Number of Validate Threads: 1
2023-04-27 06:12:40,746 [Listener at 127.0.0.1/44053] INFO  freon.RandomKeyGenerator (RandomKeyGenerator.java:call(327)) - cleanObjects : false
2023-04-27 06:12:40,747 [pool-1117-thread-1] INFO  rpc.RpcClient (RpcClient.java:createVolume(476)) - Creating Volume: vol-0-23440, with runner as owner and space quota set to -1 bytes, counts quota set to -1
2023-04-27 06:12:40,751 [Listener at 127.0.0.1/44053] INFO  freon.RandomKeyGenerator (RandomKeyGenerator.java:call(343)) - Data validation is enabled.
2023-04-27 06:12:40,751 [Listener at 127.0.0.1/44053] INFO  freon.RandomKeyGenerator (RandomKeyGenerator.java:call(349)) - Starting progress bar Thread.
2023-04-27 06:12:40,752 [Thread-545] INFO  freon.ProgressBar (ProgressBar.java:logProgressBar(168)) - Progress: 0.00 % (0 out of 1)
2023-04-27 06:12:40,753 [OM StateMachine ApplyTransaction Thread - 0] INFO  volume.OMVolumeCreateRequest (OMVolumeCreateRequest.java:validateAndUpdateCache(195)) - created volume:vol-0-23440 for user:runner
2023-04-27 06:12:40,761 [pool-1117-thread-1] INFO  rpc.RpcClient (RpcClient.java:createBucket(697)) - Creating Bucket: vol-0-23440/bucket-0-84828, with server-side default bucket layout, runner as owner, Versioning false, Storage Type set to DISK and Encryption set to false, Replication Type set to server-side default replication type, Namespace Quota set to -1, Space Quota set to -1 
2023-04-27 06:12:40,766 [OM StateMachine ApplyTransaction Thread - 0] INFO  bucket.OMBucketCreateRequest (OMBucketCreateRequest.java:validateAndUpdateCache(270)) - created bucket: bucket-0-84828 of layout FILE_SYSTEM_OPTIMIZED in volume: vol-0-23440
2023-04-27 06:12:41,752 [Thread-545] INFO  freon.ProgressBar (ProgressBar.java:logProgressBar(168)) - Progress: 0.00 % (0 out of 1)
2023-04-27 06:12:42,752 [Thread-545] INFO  freon.ProgressBar (ProgressBar.java:logProgressBar(168)) - Progress: 0.00 % (0 out of 1)
2023-04-27 06:12:43,754 [Thread-545] INFO  freon.ProgressBar (ProgressBar.java:logProgressBar(168)) - Progress: 0.00 % (0 out of 1)
2023-04-27 06:12:44,721 [IPC Server handler 2 on default port 41035] INFO  ha.SequenceIdGenerator (SequenceIdGenerator.java:getNextId(128)) - Allocate a batch for delTxnId, change lastId from 0 to 1000.
2023-04-27 06:12:44,757 [Thread-545] INFO  freon.ProgressBar (ProgressBar.java:logProgressBar(168)) - Progress: 0.00 % (0 out of 1)
2023-04-27 06:12:45,757 [Thread-545] INFO  freon.ProgressBar (ProgressBar.java:logProgressBar(168)) - Progress: 0.00 % (0 out of 1)
2023-04-27 06:12:46,757 [Thread-545] INFO  freon.ProgressBar (ProgressBar.java:logProgressBar(168)) - Progress: 0.00 % (0 out of 1)
2023-04-27 06:12:47,078 [pool-1117-thread-1] WARN  scm.XceiverClientRatis (XceiverClientRatis.java:watchForCommit(291)) - 3 way commit failed on pipeline Pipeline[ Id: 7ccd0db3-15fe-40d1-b563-da73ad7f98dc, Nodes: d854720a-bbe5-47c1-a40c-d7c4a462ec23(fv-az220-795.shdwizndlbjulinwhzhdmup5sb.jx.internal.cloudapp.net/10.1.0.34)9e79f7cb-e4c5-47cb-aa46-b66eba433fb4(fv-az220-795.shdwizndlbjulinwhzhdmup5sb.jx.internal.cloudapp.net/10.1.0.34)d3795bd6-5a77-4d2d-9b17-a3a54c2e679f(fv-az220-795.shdwizndlbjulinwhzhdmup5sb.jx.internal.cloudapp.net/10.1.0.34), ReplicationConfig: RATIS/THREE, State:OPEN, leaderId:9e79f7cb-e4c5-47cb-aa46-b66eba433fb4, CreationTimestamp2023-04-27T06:11:50.736Z[Etc/UTC]]
java.util.concurrent.ExecutionException: org.apache.ratis.protocol.exceptions.TimeoutIOException: client-716A85D67621->9e79f7cb-e4c5-47cb-aa46-b66eba433fb4 request #1232 timeout 3000ms
	at java.util.concurrent.CompletableFuture.reportGet(CompletableFuture.java:357)
	at java.util.concurrent.CompletableFuture.get(CompletableFuture.java:1908)
	at org.apache.hadoop.hdds.scm.XceiverClientRatis.watchForCommit(XceiverClientRatis.java:285)
	at org.apache.hadoop.hdds.scm.storage.CommitWatcher.watchForCommit(CommitWatcher.java:199)
	at org.apache.hadoop.hdds.scm.storage.CommitWatcher.watchOnFirstIndex(CommitWatcher.java:142)
	at org.apache.hadoop.hdds.scm.storage.RatisBlockOutputStream.sendWatchForCommit(RatisBlockOutputStream.java:105)
	at org.apache.hadoop.hdds.scm.storage.BlockOutputStream.watchForCommit(BlockOutputStream.java:417)
	at org.apache.hadoop.hdds.scm.storage.BlockOutputStream.waitForFlushAndCommit(BlockOutputStream.java:388)
	at org.apache.hadoop.hdds.scm.storage.BlockOutputStream.handleFullBuffer(BlockOutputStream.java:375)
	at org.apache.hadoop.hdds.scm.storage.BlockOutputStream.doFlushOrWatchIfNeeded(BlockOutputStream.java:305)
	at org.apache.hadoop.hdds.scm.storage.BlockOutputStream.write(BlockOutputStream.java:289)
	at org.apache.hadoop.ozone.client.io.BlockOutputStreamEntry.write(BlockOutputStreamEntry.java:125)
	at org.apache.hadoop.ozone.client.io.KeyOutputStream.writeToOutputStream(KeyOutputStream.java:262)
	at org.apache.hadoop.ozone.client.io.KeyOutputStream.handleWrite(KeyOutputStream.java:240)
	at org.apache.hadoop.ozone.client.io.KeyOutputStream.write(KeyOutputStream.java:220)
	at org.apache.hadoop.ozone.client.io.OzoneOutputStream.write(OzoneOutputStream.java:57)
	at org.apache.hadoop.ozone.freon.RandomKeyGenerator.createKey(RandomKeyGenerator.java:822)
	at org.apache.hadoop.ozone.freon.RandomKeyGenerator.access$1200(RandomKeyGenerator.java:90)
	at org.apache.hadoop.ozone.freon.RandomKeyGenerator$ObjectCreator.run(RandomKeyGenerator.java:715)
	at java.util.concurrent.ThreadPoolExecutor.runWorker(ThreadPoolExecutor.java:1149)
	at java.util.concurrent.ThreadPoolExecutor$Worker.run(ThreadPoolExecutor.java:624)
	at java.lang.Thread.run(Thread.java:750)
Caused by: org.apache.ratis.protocol.exceptions.TimeoutIOException: client-716A85D67621->9e79f7cb-e4c5-47cb-aa46-b66eba433fb4 request #1232 timeout 3000ms
	at org.apache.ratis.grpc.client.GrpcClientProtocolClient$AsyncStreamObservers.lambda$timeoutCheck$5(GrpcClientProtocolClient.java:374)
	at java.util.Optional.ifPresent(Optional.java:159)
	at org.apache.ratis.grpc.client.GrpcClientProtocolClient$AsyncStreamObservers.handleReplyFuture(GrpcClientProtocolClient.java:378)
	at org.apache.ratis.grpc.client.GrpcClientProtocolClient$AsyncStreamObservers.timeoutCheck(GrpcClientProtocolClient.java:373)
	at org.apache.ratis.grpc.client.GrpcClientProtocolClient$AsyncStreamObservers.lambda$onNext$1(GrpcClientProtocolClient.java:362)
	at org.apache.ratis.util.TimeoutTimer.lambda$onTimeout$2(TimeoutTimer.java:101)
	at org.apache.ratis.util.LogUtils.runAndLog(LogUtils.java:38)
	at org.apache.ratis.util.LogUtils$1.run(LogUtils.java:79)
	at org.apache.ratis.util.TimeoutTimer$Task.run(TimeoutTimer.java:55)
	at java.util.TimerThread.mainLoop(Timer.java:555)
	at java.util.TimerThread.run(Timer.java:505)
2023-04-27 06:12:47,082 [pool-1117-thread-1] INFO  scm.XceiverClientRatis (XceiverClientRatis.java:lambda$watchForCommit$4(309)) - Could not commit index 953 on pipeline Pipeline[ Id: 7ccd0db3-15fe-40d1-b563-da73ad7f98dc, Nodes: d854720a-bbe5-47c1-a40c-d7c4a462ec23(fv-az220-795.shdwizndlbjulinwhzhdmup5sb.jx.internal.cloudapp.net/10.1.0.34)9e79f7cb-e4c5-47cb-aa46-b66eba433fb4(fv-az220-795.shdwizndlbjulinwhzhdmup5sb.jx.internal.cloudapp.net/10.1.0.34)d3795bd6-5a77-4d2d-9b17-a3a54c2e679f(fv-az220-795.shdwizndlbjulinwhzhdmup5sb.jx.internal.cloudapp.net/10.1.0.34), ReplicationConfig: RATIS/THREE, State:OPEN, leaderId:9e79f7cb-e4c5-47cb-aa46-b66eba433fb4, CreationTimestamp2023-04-27T06:11:50.736Z[Etc/UTC]] to all the nodes. Server d3795bd6-5a77-4d2d-9b17-a3a54c2e679f has failed. Committed by majority.
2023-04-27 06:12:47,083 [pool-1117-thread-1] WARN  storage.BlockOutputStream (BlockOutputStream.java:watchForCommit(423)) - Failed to commit BlockId conID: 7 locID: 111677748019200443 bcsId: 955 on Pipeline[ Id: 7ccd0db3-15fe-40d1-b563-da73ad7f98dc, Nodes: d854720a-bbe5-47c1-a40c-d7c4a462ec23(fv-az220-795.shdwizndlbjulinwhzhdmup5sb.jx.internal.cloudapp.net/10.1.0.34)9e79f7cb-e4c5-47cb-aa46-b66eba433fb4(fv-az220-795.shdwizndlbjulinwhzhdmup5sb.jx.internal.cloudapp.net/10.1.0.34)d3795bd6-5a77-4d2d-9b17-a3a54c2e679f(fv-az220-795.shdwizndlbjulinwhzhdmup5sb.jx.internal.cloudapp.net/10.1.0.34), ReplicationConfig: RATIS/THREE, State:OPEN, leaderId:9e79f7cb-e4c5-47cb-aa46-b66eba433fb4, CreationTimestamp2023-04-27T06:11:50.736Z[Etc/UTC]]. Failed nodes: [d3795bd6-5a77-4d2d-9b17-a3a54c2e679f(null/null)]
2023-04-27 06:12:47,107 [pool-1117-thread-1] WARN  io.KeyOutputStream (KeyOutputStream.java:handleException(317)) - Encountered exception java.io.IOException: Unexpected Storage Container Exception: java.util.concurrent.CompletionException: Failed to write chunk 111677748019200443_chunk_3 into block conID: 7 locID: 111677748019200443 bcsId: 955 on the pipeline Pipeline[ Id: 7ccd0db3-15fe-40d1-b563-da73ad7f98dc, Nodes: d854720a-bbe5-47c1-a40c-d7c4a462ec23(fv-az220-795.shdwizndlbjulinwhzhdmup5sb.jx.internal.cloudapp.net/10.1.0.34)9e79f7cb-e4c5-47cb-aa46-b66eba433fb4(fv-az220-795.shdwizndlbjulinwhzhdmup5sb.jx.internal.cloudapp.net/10.1.0.34)d3795bd6-5a77-4d2d-9b17-a3a54c2e679f(fv-az220-795.shdwizndlbjulinwhzhdmup5sb.jx.internal.cloudapp.net/10.1.0.34), ReplicationConfig: RATIS/THREE, State:OPEN, leaderId:9e79f7cb-e4c5-47cb-aa46-b66eba433fb4, CreationTimestamp2023-04-27T06:11:50.736Z[Etc/UTC]]. The last committed block length is 1048576, uncommitted data length is 2097152 retry count 0
2023-04-27 06:12:47,758 [Thread-545] INFO  freon.ProgressBar (ProgressBar.java:logProgressBar(168)) - Progress: 0.00 % (0 out of 1)
2023-04-27 06:12:47,950 [BlockDeletingService#0] INFO  interfaces.ContainerDeletionChoosingPolicyTemplate (ContainerDeletionChoosingPolicyTemplate.java:chooseContainerForBlockDeletion(83)) - Chosen 0/5000 blocks from 0 candidate containers.
2023-04-27 06:12:48,271 [pool-1117-thread-1] WARN  io.KeyOutputStream (KeyOutputStream.java:handleException(317)) - Encountered exception java.io.IOException: Unexpected Storage Container Exception: java.util.concurrent.CompletionException: Failed to write chunk 111677748019200469_chunk_1 into block conID: 7 locID: 111677748019200469 bcsId: 0 on the pipeline Pipeline[ Id: 7ccd0db3-15fe-40d1-b563-da73ad7f98dc, Nodes: d854720a-bbe5-47c1-a40c-d7c4a462ec23(fv-az220-795.shdwizndlbjulinwhzhdmup5sb.jx.internal.cloudapp.net/10.1.0.34)9e79f7cb-e4c5-47cb-aa46-b66eba433fb4(fv-az220-795.shdwizndlbjulinwhzhdmup5sb.jx.internal.cloudapp.net/10.1.0.34)d3795bd6-5a77-4d2d-9b17-a3a54c2e679f(fv-az220-795.shdwizndlbjulinwhzhdmup5sb.jx.internal.cloudapp.net/10.1.0.34), ReplicationConfig: RATIS/THREE, State:OPEN, leaderId:9e79f7cb-e4c5-47cb-aa46-b66eba433fb4, CreationTimestamp2023-04-27T06:11:50.736Z[Etc/UTC]]. The last committed block length is 0, uncommitted data length is 2097152 retry count 0
2023-04-27 06:12:48,302 [pool-1117-thread-1] WARN  io.KeyOutputStream (KeyOutputStream.java:handleException(317)) - Encountered exception java.io.IOException: Unexpected Storage Container Exception: java.util.concurrent.CompletionException: Failed to write chunk 111677748019200470_chunk_1 into block conID: 8 locID: 111677748019200470 bcsId: 0 on the pipeline Pipeline[ Id: 7ccd0db3-15fe-40d1-b563-da73ad7f98dc, Nodes: d854720a-bbe5-47c1-a40c-d7c4a462ec23(fv-az220-795.shdwizndlbjulinwhzhdmup5sb.jx.internal.cloudapp.net/10.1.0.34)9e79f7cb-e4c5-47cb-aa46-b66eba433fb4(fv-az220-795.shdwizndlbjulinwhzhdmup5sb.jx.internal.cloudapp.net/10.1.0.34)d3795bd6-5a77-4d2d-9b17-a3a54c2e679f(fv-az220-795.shdwizndlbjulinwhzhdmup5sb.jx.internal.cloudapp.net/10.1.0.34), ReplicationConfig: RATIS/THREE, State:OPEN, leaderId:9e79f7cb-e4c5-47cb-aa46-b66eba433fb4, CreationTimestamp2023-04-27T06:11:50.736Z[Etc/UTC]]. The last committed block length is 0, uncommitted data length is 2097152 retry count 1
2023-04-27 06:12:48,338 [pool-1117-thread-1] WARN  io.KeyOutputStream (KeyOutputStream.java:handleException(317)) - Encountered exception java.io.IOException: Unexpected Storage Container Exception: java.util.concurrent.CompletionException: Failed to write chunk 111677748019200471_chunk_1 into block conID: 7 locID: 111677748019200471 bcsId: 0 on the pipeline Pipeline[ Id: 7ccd0db3-15fe-40d1-b563-da73ad7f98dc, Nodes: d854720a-bbe5-47c1-a40c-d7c4a462ec23(fv-az220-795.shdwizndlbjulinwhzhdmup5sb.jx.internal.cloudapp.net/10.1.0.34)9e79f7cb-e4c5-47cb-aa46-b66eba433fb4(fv-az220-795.shdwizndlbjulinwhzhdmup5sb.jx.internal.cloudapp.net/10.1.0.34)d3795bd6-5a77-4d2d-9b17-a3a54c2e679f(fv-az220-795.shdwizndlbjulinwhzhdmup5sb.jx.internal.cloudapp.net/10.1.0.34), ReplicationConfig: RATIS/THREE, State:OPEN, leaderId:9e79f7cb-e4c5-47cb-aa46-b66eba433fb4, CreationTimestamp2023-04-27T06:11:50.736Z[Etc/UTC]]. The last committed block length is 0, uncommitted data length is 2097152 retry count 2
2023-04-27 06:12:48,415 [BlockDeletingService#0] INFO  interfaces.ContainerDeletionChoosingPolicyTemplate (ContainerDeletionChoosingPolicyTemplate.java:chooseContainerForBlockDeletion(83)) - Chosen 0/5000 blocks from 0 candidate containers.
2023-04-27 06:12:48,758 [Thread-545] INFO  freon.ProgressBar (ProgressBar.java:logProgressBar(168)) - Progress: 0.00 % (0 out of 1)
2023-04-27 06:12:48,773 [BlockDeletingService#0] INFO  interfaces.ContainerDeletionChoosingPolicyTemplate (ContainerDeletionChoosingPolicyTemplate.java:chooseContainerForBlockDeletion(83)) - Chosen 0/5000 blocks from 0 candidate containers.
2023-04-27 06:12:49,140 [BlockDeletingService#0] INFO  interfaces.ContainerDeletionChoosingPolicyTemplate (ContainerDeletionChoosingPolicyTemplate.java:chooseContainerForBlockDeletion(83)) - Chosen 0/5000 blocks from 0 candidate containers.
2023-04-27 06:12:49,398 [pool-1117-thread-1] WARN  io.KeyOutputStream (KeyOutputStream.java:handleException(317)) - Encountered exception java.io.IOException: Unexpected Storage Container Exception: java.util.concurrent.CompletionException: Failed to write chunk 111677748019200478_chunk_1 into block conID: 8 locID: 111677748019200478 bcsId: 0 on the pipeline Pipeline[ Id: 7ccd0db3-15fe-40d1-b563-da73ad7f98dc, Nodes: d854720a-bbe5-47c1-a40c-d7c4a462ec23(fv-az220-795.shdwizndlbjulinwhzhdmup5sb.jx.internal.cloudapp.net/10.1.0.34)9e79f7cb-e4c5-47cb-aa46-b66eba433fb4(fv-az220-795.shdwizndlbjulinwhzhdmup5sb.jx.internal.cloudapp.net/10.1.0.34)d3795bd6-5a77-4d2d-9b17-a3a54c2e679f(fv-az220-795.shdwizndlbjulinwhzhdmup5sb.jx.internal.cloudapp.net/10.1.0.34), ReplicationConfig: RATIS/THREE, State:OPEN, leaderId:9e79f7cb-e4c5-47cb-aa46-b66eba433fb4, CreationTimestamp2023-04-27T06:11:50.736Z[Etc/UTC]]. The last committed block length is 0, uncommitted data length is 2097152 retry count 0
2023-04-27 06:12:49,431 [pool-1117-thread-1] WARN  io.KeyOutputStream (KeyOutputStream.java:handleException(317)) - Encountered exception java.io.IOException: Unexpected Storage Container Exception: java.util.concurrent.CompletionException: Failed to write chunk 111677748019200479_chunk_1 into block conID: 7 locID: 111677748019200479 bcsId: 0 on the pipeline Pipeline[ Id: 7ccd0db3-15fe-40d1-b563-da73ad7f98dc, Nodes: d854720a-bbe5-47c1-a40c-d7c4a462ec23(fv-az220-795.shdwizndlbjulinwhzhdmup5sb.jx.internal.cloudapp.net/10.1.0.34)9e79f7cb-e4c5-47cb-aa46-b66eba433fb4(fv-az220-795.shdwizndlbjulinwhzhdmup5sb.jx.internal.cloudapp.net/10.1.0.34)d3795bd6-5a77-4d2d-9b17-a3a54c2e679f(fv-az220-795.shdwizndlbjulinwhzhdmup5sb.jx.internal.cloudapp.net/10.1.0.34), ReplicationConfig: RATIS/THREE, State:OPEN, leaderId:9e79f7cb-e4c5-47cb-aa46-b66eba433fb4, CreationTimestamp2023-04-27T06:11:50.736Z[Etc/UTC]]. The last committed block length is 0, uncommitted data length is 2097152 retry count 1
2023-04-27 06:12:49,558 [BlockDeletingService#0] INFO  interfaces.ContainerDeletionChoosingPolicyTemplate (ContainerDeletionChoosingPolicyTemplate.java:chooseContainerForBlockDeletion(83)) - Chosen 0/5000 blocks from 0 candidate containers.
2023-04-27 06:12:49,676 [pool-1117-thread-1] WARN  io.KeyOutputStream (KeyOutputStream.java:handleException(317)) - Encountered exception java.io.IOException: Unexpected Storage Container Exception: java.util.concurrent.CompletionException: Failed to write chunk 111677748019200483_chunk_1 into block conID: 8 locID: 111677748019200483 bcsId: 0 on the pipeline Pipeline[ Id: 7ccd0db3-15fe-40d1-b563-da73ad7f98dc, Nodes: d854720a-bbe5-47c1-a40c-d7c4a462ec23(fv-az220-795.shdwizndlbjulinwhzhdmup5sb.jx.internal.cloudapp.net/10.1.0.34)9e79f7cb-e4c5-47cb-aa46-b66eba433fb4(fv-az220-795.shdwizndlbjulinwhzhdmup5sb.jx.internal.cloudapp.net/10.1.0.34)d3795bd6-5a77-4d2d-9b17-a3a54c2e679f(fv-az220-795.shdwizndlbjulinwhzhdmup5sb.jx.internal.cloudapp.net/10.1.0.34), ReplicationConfig: RATIS/THREE, State:OPEN, leaderId:9e79f7cb-e4c5-47cb-aa46-b66eba433fb4, CreationTimestamp2023-04-27T06:11:50.736Z[Etc/UTC]]. The last committed block length is 0, uncommitted data length is 2097152 retry count 0
2023-04-27 06:12:49,712 [pool-1117-thread-1] WARN  io.KeyOutputStream (KeyOutputStream.java:handleException(317)) - Encountered exception java.io.IOException: Unexpected Storage Container Exception: java.util.concurrent.CompletionException: Failed to write chunk 111677748019200484_chunk_1 into block conID: 7 locID: 111677748019200484 bcsId: 0 on the pipeline Pipeline[ Id: 7ccd0db3-15fe-40d1-b563-da73ad7f98dc, Nodes: d854720a-bbe5-47c1-a40c-d7c4a462ec23(fv-az220-795.shdwizndlbjulinwhzhdmup5sb.jx.internal.cloudapp.net/10.1.0.34)9e79f7cb-e4c5-47cb-aa46-b66eba433fb4(fv-az220-795.shdwizndlbjulinwhzhdmup5sb.jx.internal.cloudapp.net/10.1.0.34)d3795bd6-5a77-4d2d-9b17-a3a54c2e679f(fv-az220-795.shdwizndlbjulinwhzhdmup5sb.jx.internal.cloudapp.net/10.1.0.34), ReplicationConfig: RATIS/THREE, State:OPEN, leaderId:9e79f7cb-e4c5-47cb-aa46-b66eba433fb4, CreationTimestamp2023-04-27T06:11:50.736Z[Etc/UTC]]. The last committed block length is 0, uncommitted data length is 2097152 retry count 1
2023-04-27 06:12:49,746 [pool-1117-thread-1] WARN  io.KeyOutputStream (KeyOutputStream.java:handleException(317)) - Encountered exception java.io.IOException: Unexpected Storage Container Exception: java.util.concurrent.CompletionException: Failed to write chunk 111677748019200485_chunk_1 into block conID: 8 locID: 111677748019200485 bcsId: 0 on the pipeline Pipeline[ Id: 7ccd0db3-15fe-40d1-b563-da73ad7f98dc, Nodes: d854720a-bbe5-47c1-a40c-d7c4a462ec23(fv-az220-795.shdwizndlbjulinwhzhdmup5sb.jx.internal.cloudapp.net/10.1.0.34)9e79f7cb-e4c5-47cb-aa46-b66eba433fb4(fv-az220-795.shdwizndlbjulinwhzhdmup5sb.jx.internal.cloudapp.net/10.1.0.34)d3795bd6-5a77-4d2d-9b17-a3a54c2e679f(fv-az220-795.shdwizndlbjulinwhzhdmup5sb.jx.internal.cloudapp.net/10.1.0.34), ReplicationConfig: RATIS/THREE, State:OPEN, leaderId:9e79f7cb-e4c5-47cb-aa46-b66eba433fb4, CreationTimestamp2023-04-27T06:11:50.736Z[Etc/UTC]]. The last committed block length is 0, uncommitted data length is 2097152 retry count 2
2023-04-27 06:12:49,760 [Thread-545] INFO  freon.ProgressBar (ProgressBar.java:logProgressBar(168)) - Progress: 0.00 % (0 out of 1)
2023-04-27 06:12:49,783 [pool-1117-thread-1] WARN  io.KeyOutputStream (KeyOutputStream.java:handleException(317)) - Encountered exception java.io.IOException: Unexpected Storage Container Exception: java.util.concurrent.CompletionException: Failed to write chunk 111677748019200486_chunk_1 into block conID: 7 locID: 111677748019200486 bcsId: 0 on the pipeline Pipeline[ Id: 7ccd0db3-15fe-40d1-b563-da73ad7f98dc, Nodes: d854720a-bbe5-47c1-a40c-d7c4a462ec23(fv-az220-795.shdwizndlbjulinwhzhdmup5sb.jx.internal.cloudapp.net/10.1.0.34)9e79f7cb-e4c5-47cb-aa46-b66eba433fb4(fv-az220-795.shdwizndlbjulinwhzhdmup5sb.jx.internal.cloudapp.net/10.1.0.34)d3795bd6-5a77-4d2d-9b17-a3a54c2e679f(fv-az220-795.shdwizndlbjulinwhzhdmup5sb.jx.internal.cloudapp.net/10.1.0.34), ReplicationConfig: RATIS/THREE, State:OPEN, leaderId:9e79f7cb-e4c5-47cb-aa46-b66eba433fb4, CreationTimestamp2023-04-27T06:11:50.736Z[Etc/UTC]]. The last committed block length is 0, uncommitted data length is 2097152 retry count 3
2023-04-27 06:12:50,039 [pool-1117-thread-1] WARN  io.KeyOutputStream (KeyOutputStream.java:handleException(317)) - Encountered exception java.io.IOException: Unexpected Storage Container Exception: java.util.concurrent.CompletionException: Failed to write chunk 111677748019200491_chunk_1 into block conID: 8 locID: 111677748019200491 bcsId: 0 on the pipeline Pipeline[ Id: 7ccd0db3-15fe-40d1-b563-da73ad7f98dc, Nodes: d854720a-bbe5-47c1-a40c-d7c4a462ec23(fv-az220-795.shdwizndlbjulinwhzhdmup5sb.jx.internal.cloudapp.net/10.1.0.34)9e79f7cb-e4c5-47cb-aa46-b66eba433fb4(fv-az220-795.shdwizndlbjulinwhzhdmup5sb.jx.internal.cloudapp.net/10.1.0.34)d3795bd6-5a77-4d2d-9b17-a3a54c2e679f(fv-az220-795.shdwizndlbjulinwhzhdmup5sb.jx.internal.cloudapp.net/10.1.0.34), ReplicationConfig: RATIS/THREE, State:OPEN, leaderId:9e79f7cb-e4c5-47cb-aa46-b66eba433fb4, CreationTimestamp2023-04-27T06:11:50.736Z[Etc/UTC]]. The last committed block length is 0, uncommitted data length is 2097152 retry count 0
2023-04-27 06:12:50,070 [pool-1117-thread-1] WARN  io.KeyOutputStream (KeyOutputStream.java:handleException(317)) - Encountered exception java.io.IOException: Unexpected Storage Container Exception: java.util.concurrent.CompletionException: Failed to write chunk 111677748019200492_chunk_1 into block conID: 7 locID: 111677748019200492 bcsId: 0 on the pipeline Pipeline[ Id: 7ccd0db3-15fe-40d1-b563-da73ad7f98dc, Nodes: d854720a-bbe5-47c1-a40c-d7c4a462ec23(fv-az220-795.shdwizndlbjulinwhzhdmup5sb.jx.internal.cloudapp.net/10.1.0.34)9e79f7cb-e4c5-47cb-aa46-b66eba433fb4(fv-az220-795.shdwizndlbjulinwhzhdmup5sb.jx.internal.cloudapp.net/10.1.0.34)d3795bd6-5a77-4d2d-9b17-a3a54c2e679f(fv-az220-795.shdwizndlbjulinwhzhdmup5sb.jx.internal.cloudapp.net/10.1.0.34), ReplicationConfig: RATIS/THREE, State:OPEN, leaderId:9e79f7cb-e4c5-47cb-aa46-b66eba433fb4, CreationTimestamp2023-04-27T06:11:50.736Z[Etc/UTC]]. The last committed block length is 0, uncommitted data length is 2097152 retry count 1
2023-04-27 06:12:50,496 [pool-1117-thread-1] WARN  io.KeyOutputStream (KeyOutputStream.java:handleException(317)) - Encountered exception java.io.IOException: Unexpected Storage Container Exception: java.util.concurrent.CompletionException: Failed to write chunk 111677748019200497_chunk_1 into block conID: 8 locID: 111677748019200497 bcsId: 0 on the pipeline Pipeline[ Id: 7ccd0db3-15fe-40d1-b563-da73ad7f98dc, Nodes: d854720a-bbe5-47c1-a40c-d7c4a462ec23(fv-az220-795.shdwizndlbjulinwhzhdmup5sb.jx.internal.cloudapp.net/10.1.0.34)9e79f7cb-e4c5-47cb-aa46-b66eba433fb4(fv-az220-795.shdwizndlbjulinwhzhdmup5sb.jx.internal.cloudapp.net/10.1.0.34)d3795bd6-5a77-4d2d-9b17-a3a54c2e679f(fv-az220-795.shdwizndlbjulinwhzhdmup5sb.jx.internal.cloudapp.net/10.1.0.34), ReplicationConfig: RATIS/THREE, State:OPEN, leaderId:9e79f7cb-e4c5-47cb-aa46-b66eba433fb4, CreationTimestamp2023-04-27T06:11:50.736Z[Etc/UTC]]. The last committed block length is 0, uncommitted data length is 2097152 retry count 0
2023-04-27 06:12:50,581 [pool-1117-thread-1] WARN  io.KeyOutputStream (KeyOutputStream.java:handleException(317)) - Encountered exception java.io.IOException: Unexpected Storage Container Exception: java.util.concurrent.CompletionException: Failed to write chunk 111677748019200499_chunk_1 into block conID: 7 locID: 111677748019200499 bcsId: 0 on the pipeline Pipeline[ Id: 7ccd0db3-15fe-40d1-b563-da73ad7f98dc, Nodes: d854720a-bbe5-47c1-a40c-d7c4a462ec23(fv-az220-795.shdwizndlbjulinwhzhdmup5sb.jx.internal.cloudapp.net/10.1.0.34)9e79f7cb-e4c5-47cb-aa46-b66eba433fb4(fv-az220-795.shdwizndlbjulinwhzhdmup5sb.jx.internal.cloudapp.net/10.1.0.34)d3795bd6-5a77-4d2d-9b17-a3a54c2e679f(fv-az220-795.shdwizndlbjulinwhzhdmup5sb.jx.internal.cloudapp.net/10.1.0.34), ReplicationConfig: RATIS/THREE, State:OPEN, leaderId:9e79f7cb-e4c5-47cb-aa46-b66eba433fb4, CreationTimestamp2023-04-27T06:11:50.736Z[Etc/UTC]]. The last committed block length is 0, uncommitted data length is 2097152 retry count 0
2023-04-27 06:12:50,611 [pool-1117-thread-1] WARN  io.KeyOutputStream (KeyOutputStream.java:handleException(317)) - Encountered exception java.io.IOException: Unexpected Storage Container Exception: java.util.concurrent.CompletionException: Failed to write chunk 111677748019200500_chunk_1 into block conID: 8 locID: 111677748019200500 bcsId: 0 on the pipeline Pipeline[ Id: 7ccd0db3-15fe-40d1-b563-da73ad7f98dc, Nodes: d854720a-bbe5-47c1-a40c-d7c4a462ec23(fv-az220-795.shdwizndlbjulinwhzhdmup5sb.jx.internal.cloudapp.net/10.1.0.34)9e79f7cb-e4c5-47cb-aa46-b66eba433fb4(fv-az220-795.shdwizndlbjulinwhzhdmup5sb.jx.internal.cloudapp.net/10.1.0.34)d3795bd6-5a77-4d2d-9b17-a3a54c2e679f(fv-az220-795.shdwizndlbjulinwhzhdmup5sb.jx.internal.cloudapp.net/10.1.0.34), ReplicationConfig: RATIS/THREE, State:OPEN, leaderId:9e79f7cb-e4c5-47cb-aa46-b66eba433fb4, CreationTimestamp2023-04-27T06:11:50.736Z[Etc/UTC]]. The last committed block length is 0, uncommitted data length is 2097152 retry count 1
2023-04-27 06:12:50,760 [Thread-545] INFO  freon.ProgressBar (ProgressBar.java:logProgressBar(168)) - Progress: 0.00 % (0 out of 1)
2023-04-27 06:12:51,401 [pool-1117-thread-1] WARN  io.KeyOutputStream (KeyOutputStream.java:handleException(317)) - Encountered exception java.io.IOException: Unexpected Storage Container Exception: java.util.concurrent.CompletionException: Failed to write chunk 111677748019200503_chunk_1 into block conID: 7 locID: 111677748019200503 bcsId: 0 on the pipeline Pipeline[ Id: 7ccd0db3-15fe-40d1-b563-da73ad7f98dc, Nodes: d854720a-bbe5-47c1-a40c-d7c4a462ec23(fv-az220-795.shdwizndlbjulinwhzhdmup5sb.jx.internal.cloudapp.net/10.1.0.34)9e79f7cb-e4c5-47cb-aa46-b66eba433fb4(fv-az220-795.shdwizndlbjulinwhzhdmup5sb.jx.internal.cloudapp.net/10.1.0.34)d3795bd6-5a77-4d2d-9b17-a3a54c2e679f(fv-az220-795.shdwizndlbjulinwhzhdmup5sb.jx.internal.cloudapp.net/10.1.0.34), ReplicationConfig: RATIS/THREE, State:OPEN, leaderId:9e79f7cb-e4c5-47cb-aa46-b66eba433fb4, CreationTimestamp2023-04-27T06:11:50.736Z[Etc/UTC]]. The last committed block length is 0, uncommitted data length is 2097152 retry count 0
2023-04-27 06:12:51,543 [pool-1117-thread-1] WARN  io.KeyOutputStream (KeyOutputStream.java:handleException(317)) - Encountered exception java.io.IOException: Unexpected Storage Container Exception: java.util.concurrent.CompletionException: Failed to write chunk 111677748019200505_chunk_1 into block conID: 8 locID: 111677748019200505 bcsId: 0 on the pipeline Pipeline[ Id: 7ccd0db3-15fe-40d1-b563-da73ad7f98dc, Nodes: d854720a-bbe5-47c1-a40c-d7c4a462ec23(fv-az220-795.shdwizndlbjulinwhzhdmup5sb.jx.internal.cloudapp.net/10.1.0.34)9e79f7cb-e4c5-47cb-aa46-b66eba433fb4(fv-az220-795.shdwizndlbjulinwhzhdmup5sb.jx.internal.cloudapp.net/10.1.0.34)d3795bd6-5a77-4d2d-9b17-a3a54c2e679f(fv-az220-795.shdwizndlbjulinwhzhdmup5sb.jx.internal.cloudapp.net/10.1.0.34), ReplicationConfig: RATIS/THREE, State:OPEN, leaderId:9e79f7cb-e4c5-47cb-aa46-b66eba433fb4, CreationTimestamp2023-04-27T06:11:50.736Z[Etc/UTC]]. The last committed block length is 0, uncommitted data length is 2097152 retry count 0
2023-04-27 06:12:51,715 [pool-1117-thread-1] WARN  io.KeyOutputStream (KeyOutputStream.java:handleException(317)) - Encountered exception java.io.IOException: Unexpected Storage Container Exception: java.util.concurrent.CompletionException: Failed to write chunk 111677748019200508_chunk_1 into block conID: 7 locID: 111677748019200508 bcsId: 0 on the pipeline Pipeline[ Id: 7ccd0db3-15fe-40d1-b563-da73ad7f98dc, Nodes: d854720a-bbe5-47c1-a40c-d7c4a462ec23(fv-az220-795.shdwizndlbjulinwhzhdmup5sb.jx.internal.cloudapp.net/10.1.0.34)9e79f7cb-e4c5-47cb-aa46-b66eba433fb4(fv-az220-795.shdwizndlbjulinwhzhdmup5sb.jx.internal.cloudapp.net/10.1.0.34)d3795bd6-5a77-4d2d-9b17-a3a54c2e679f(fv-az220-795.shdwizndlbjulinwhzhdmup5sb.jx.internal.cloudapp.net/10.1.0.34), ReplicationConfig: RATIS/THREE, State:OPEN, leaderId:9e79f7cb-e4c5-47cb-aa46-b66eba433fb4, CreationTimestamp2023-04-27T06:11:50.736Z[Etc/UTC]]. The last committed block length is 0, uncommitted data length is 2097152 retry count 0
2023-04-27 06:12:51,746 [pool-1117-thread-1] WARN  io.KeyOutputStream (KeyOutputStream.java:handleException(317)) - Encountered exception java.io.IOException: Unexpected Storage Container Exception: java.util.concurrent.CompletionException: Failed to write chunk 111677748019200509_chunk_1 into block conID: 8 locID: 111677748019200509 bcsId: 0 on the pipeline Pipeline[ Id: 7ccd0db3-15fe-40d1-b563-da73ad7f98dc, Nodes: d854720a-bbe5-47c1-a40c-d7c4a462ec23(fv-az220-795.shdwizndlbjulinwhzhdmup5sb.jx.internal.cloudapp.net/10.1.0.34)9e79f7cb-e4c5-47cb-aa46-b66eba433fb4(fv-az220-795.shdwizndlbjulinwhzhdmup5sb.jx.internal.cloudapp.net/10.1.0.34)d3795bd6-5a77-4d2d-9b17-a3a54c2e679f(fv-az220-795.shdwizndlbjulinwhzhdmup5sb.jx.internal.cloudapp.net/10.1.0.34), ReplicationConfig: RATIS/THREE, State:OPEN, leaderId:9e79f7cb-e4c5-47cb-aa46-b66eba433fb4, CreationTimestamp2023-04-27T06:11:50.736Z[Etc/UTC]]. The last committed block length is 0, uncommitted data length is 2097152 retry count 1
2023-04-27 06:12:51,761 [Thread-545] INFO  freon.ProgressBar (ProgressBar.java:logProgressBar(168)) - Progress: 0.00 % (0 out of 1)
2023-04-27 06:12:51,781 [pool-1117-thread-1] WARN  io.KeyOutputStream (KeyOutputStream.java:handleException(317)) - Encountered exception java.io.IOException: Unexpected Storage Container Exception: java.util.concurrent.CompletionException: Failed to write chunk 111677748019200510_chunk_1 into block conID: 7 locID: 111677748019200510 bcsId: 0 on the pipeline Pipeline[ Id: 7ccd0db3-15fe-40d1-b563-da73ad7f98dc, Nodes: d854720a-bbe5-47c1-a40c-d7c4a462ec23(fv-az220-795.shdwizndlbjulinwhzhdmup5sb.jx.internal.cloudapp.net/10.1.0.34)9e79f7cb-e4c5-47cb-aa46-b66eba433fb4(fv-az220-795.shdwizndlbjulinwhzhdmup5sb.jx.internal.cloudapp.net/10.1.0.34)d3795bd6-5a77-4d2d-9b17-a3a54c2e679f(fv-az220-795.shdwizndlbjulinwhzhdmup5sb.jx.internal.cloudapp.net/10.1.0.34), ReplicationConfig: RATIS/THREE, State:OPEN, leaderId:9e79f7cb-e4c5-47cb-aa46-b66eba433fb4, CreationTimestamp2023-04-27T06:11:50.736Z[Etc/UTC]]. The last committed block length is 0, uncommitted data length is 2097152 retry count 2
2023-04-27 06:12:51,974 [pool-1117-thread-1] WARN  io.KeyOutputStream (KeyOutputStream.java:handleException(317)) - Encountered exception java.io.IOException: Unexpected Storage Container Exception: java.util.concurrent.CompletionException: Failed to write chunk 111677748019200514_chunk_1 into block conID: 8 locID: 111677748019200514 bcsId: 0 on the pipeline Pipeline[ Id: 7ccd0db3-15fe-40d1-b563-da73ad7f98dc, Nodes: d854720a-bbe5-47c1-a40c-d7c4a462ec23(fv-az220-795.shdwizndlbjulinwhzhdmup5sb.jx.internal.cloudapp.net/10.1.0.34)9e79f7cb-e4c5-47cb-aa46-b66eba433fb4(fv-az220-795.shdwizndlbjulinwhzhdmup5sb.jx.internal.cloudapp.net/10.1.0.34)d3795bd6-5a77-4d2d-9b17-a3a54c2e679f(fv-az220-795.shdwizndlbjulinwhzhdmup5sb.jx.internal.cloudapp.net/10.1.0.34), ReplicationConfig: RATIS/THREE, State:OPEN, leaderId:9e79f7cb-e4c5-47cb-aa46-b66eba433fb4, CreationTimestamp2023-04-27T06:11:50.736Z[Etc/UTC]]. The last committed block length is 0, uncommitted data length is 2097152 retry count 0
2023-04-27 06:12:52,064 [pool-1117-thread-1] WARN  io.KeyOutputStream (KeyOutputStream.java:handleException(317)) - Encountered exception java.io.IOException: Unexpected Storage Container Exception: java.util.concurrent.CompletionException: Failed to write chunk 111677748019200516_chunk_1 into block conID: 7 locID: 111677748019200516 bcsId: 0 on the pipeline Pipeline[ Id: 7ccd0db3-15fe-40d1-b563-da73ad7f98dc, Nodes: d854720a-bbe5-47c1-a40c-d7c4a462ec23(fv-az220-795.shdwizndlbjulinwhzhdmup5sb.jx.internal.cloudapp.net/10.1.0.34)9e79f7cb-e4c5-47cb-aa46-b66eba433fb4(fv-az220-795.shdwizndlbjulinwhzhdmup5sb.jx.internal.cloudapp.net/10.1.0.34)d3795bd6-5a77-4d2d-9b17-a3a54c2e679f(fv-az220-795.shdwizndlbjulinwhzhdmup5sb.jx.internal.cloudapp.net/10.1.0.34), ReplicationConfig: RATIS/THREE, State:OPEN, leaderId:9e79f7cb-e4c5-47cb-aa46-b66eba433fb4, CreationTimestamp2023-04-27T06:11:50.736Z[Etc/UTC]]. The last committed block length is 0, uncommitted data length is 2097152 retry count 0
2023-04-27 06:12:52,094 [pool-1117-thread-1] WARN  io.KeyOutputStream (KeyOutputStream.java:handleException(317)) - Encountered exception java.io.IOException: Unexpected Storage Container Exception: java.util.concurrent.CompletionException: Failed to write chunk 111677748019200517_chunk_1 into block conID: 8 locID: 111677748019200517 bcsId: 0 on the pipeline Pipeline[ Id: 7ccd0db3-15fe-40d1-b563-da73ad7f98dc, Nodes: d854720a-bbe5-47c1-a40c-d7c4a462ec23(fv-az220-795.shdwizndlbjulinwhzhdmup5sb.jx.internal.cloudapp.net/10.1.0.34)9e79f7cb-e4c5-47cb-aa46-b66eba433fb4(fv-az220-795.shdwizndlbjulinwhzhdmup5sb.jx.internal.cloudapp.net/10.1.0.34)d3795bd6-5a77-4d2d-9b17-a3a54c2e679f(fv-az220-795.shdwizndlbjulinwhzhdmup5sb.jx.internal.cloudapp.net/10.1.0.34), ReplicationConfig: RATIS/THREE, State:OPEN, leaderId:9e79f7cb-e4c5-47cb-aa46-b66eba433fb4, CreationTimestamp2023-04-27T06:11:50.736Z[Etc/UTC]]. The last committed block length is 0, uncommitted data length is 2097152 retry count 1
2023-04-27 06:12:52,131 [pool-1117-thread-1] WARN  io.KeyOutputStream (KeyOutputStream.java:handleException(317)) - Encountered exception java.io.IOException: Unexpected Storage Container Exception: java.util.concurrent.CompletionException: Failed to write chunk 111677748019200518_chunk_1 into block conID: 7 locID: 111677748019200518 bcsId: 0 on the pipeline Pipeline[ Id: 7ccd0db3-15fe-40d1-b563-da73ad7f98dc, Nodes: d854720a-bbe5-47c1-a40c-d7c4a462ec23(fv-az220-795.shdwizndlbjulinwhzhdmup5sb.jx.internal.cloudapp.net/10.1.0.34)9e79f7cb-e4c5-47cb-aa46-b66eba433fb4(fv-az220-795.shdwizndlbjulinwhzhdmup5sb.jx.internal.cloudapp.net/10.1.0.34)d3795bd6-5a77-4d2d-9b17-a3a54c2e679f(fv-az220-795.shdwizndlbjulinwhzhdmup5sb.jx.internal.cloudapp.net/10.1.0.34), ReplicationConfig: RATIS/THREE, State:OPEN, leaderId:9e79f7cb-e4c5-47cb-aa46-b66eba433fb4, CreationTimestamp2023-04-27T06:11:50.736Z[Etc/UTC]]. The last committed block length is 0, uncommitted data length is 2097152 retry count 2
2023-04-27 06:12:52,720 [pool-1117-thread-1] WARN  io.KeyOutputStream (KeyOutputStream.java:handleException(317)) - Encountered exception java.io.IOException: Unexpected Storage Container Exception: java.util.concurrent.CompletionException: Failed to write chunk 111677748019200521_chunk_1 into block conID: 8 locID: 111677748019200521 bcsId: 0 on the pipeline Pipeline[ Id: 7ccd0db3-15fe-40d1-b563-da73ad7f98dc, Nodes: d854720a-bbe5-47c1-a40c-d7c4a462ec23(fv-az220-795.shdwizndlbjulinwhzhdmup5sb.jx.internal.cloudapp.net/10.1.0.34)9e79f7cb-e4c5-47cb-aa46-b66eba433fb4(fv-az220-795.shdwizndlbjulinwhzhdmup5sb.jx.internal.cloudapp.net/10.1.0.34)d3795bd6-5a77-4d2d-9b17-a3a54c2e679f(fv-az220-795.shdwizndlbjulinwhzhdmup5sb.jx.internal.cloudapp.net/10.1.0.34), ReplicationConfig: RATIS/THREE, State:OPEN, leaderId:9e79f7cb-e4c5-47cb-aa46-b66eba433fb4, CreationTimestamp2023-04-27T06:11:50.736Z[Etc/UTC]]. The last committed block length is 0, uncommitted data length is 2097152 retry count 0
2023-04-27 06:12:52,762 [Thread-545] INFO  freon.ProgressBar (ProgressBar.java:logProgressBar(168)) - Progress: 0.00 % (0 out of 1)
2023-04-27 06:12:52,816 [pool-1117-thread-1] WARN  io.KeyOutputStream (KeyOutputStream.java:handleException(317)) - Encountered exception java.io.IOException: Unexpected Storage Container Exception: java.util.concurrent.CompletionException: Failed to write chunk 111677748019200523_chunk_1 into block conID: 7 locID: 111677748019200523 bcsId: 0 on the pipeline Pipeline[ Id: 7ccd0db3-15fe-40d1-b563-da73ad7f98dc, Nodes: d854720a-bbe5-47c1-a40c-d7c4a462ec23(fv-az220-795.shdwizndlbjulinwhzhdmup5sb.jx.internal.cloudapp.net/10.1.0.34)9e79f7cb-e4c5-47cb-aa46-b66eba433fb4(fv-az220-795.shdwizndlbjulinwhzhdmup5sb.jx.internal.cloudapp.net/10.1.0.34)d3795bd6-5a77-4d2d-9b17-a3a54c2e679f(fv-az220-795.shdwizndlbjulinwhzhdmup5sb.jx.internal.cloudapp.net/10.1.0.34), ReplicationConfig: RATIS/THREE, State:OPEN, leaderId:9e79f7cb-e4c5-47cb-aa46-b66eba433fb4, CreationTimestamp2023-04-27T06:11:50.736Z[Etc/UTC]]. The last committed block length is 0, uncommitted data length is 2097152 retry count 0
2023-04-27 06:12:53,096 [pool-1117-thread-1] WARN  io.KeyOutputStream (KeyOutputStream.java:handleException(317)) - Encountered exception java.io.IOException: Unexpected Storage Container Exception: java.util.concurrent.CompletionException: Failed to write chunk 111677748019200528_chunk_1 into block conID: 8 locID: 111677748019200528 bcsId: 0 on the pipeline Pipeline[ Id: 7ccd0db3-15fe-40d1-b563-da73ad7f98dc, Nodes: d854720a-bbe5-47c1-a40c-d7c4a462ec23(fv-az220-795.shdwizndlbjulinwhzhdmup5sb.jx.internal.cloudapp.net/10.1.0.34)9e79f7cb-e4c5-47cb-aa46-b66eba433fb4(fv-az220-795.shdwizndlbjulinwhzhdmup5sb.jx.internal.cloudapp.net/10.1.0.34)d3795bd6-5a77-4d2d-9b17-a3a54c2e679f(fv-az220-795.shdwizndlbjulinwhzhdmup5sb.jx.internal.cloudapp.net/10.1.0.34), ReplicationConfig: RATIS/THREE, State:OPEN, leaderId:9e79f7cb-e4c5-47cb-aa46-b66eba433fb4, CreationTimestamp2023-04-27T06:11:50.736Z[Etc/UTC]]. The last committed block length is 0, uncommitted data length is 2097152 retry count 0
2023-04-27 06:12:53,188 [pool-1117-thread-1] WARN  io.KeyOutputStream (KeyOutputStream.java:handleException(317)) - Encountered exception java.io.IOException: Unexpected Storage Container Exception: java.util.concurrent.CompletionException: Failed to write chunk 111677748019200530_chunk_1 into block conID: 7 locID: 111677748019200530 bcsId: 0 on the pipeline Pipeline[ Id: 7ccd0db3-15fe-40d1-b563-da73ad7f98dc, Nodes: d854720a-bbe5-47c1-a40c-d7c4a462ec23(fv-az220-795.shdwizndlbjulinwhzhdmup5sb.jx.internal.cloudapp.net/10.1.0.34)9e79f7cb-e4c5-47cb-aa46-b66eba433fb4(fv-az220-795.shdwizndlbjulinwhzhdmup5sb.jx.internal.cloudapp.net/10.1.0.34)d3795bd6-5a77-4d2d-9b17-a3a54c2e679f(fv-az220-795.shdwizndlbjulinwhzhdmup5sb.jx.internal.cloudapp.net/10.1.0.34), ReplicationConfig: RATIS/THREE, State:OPEN, leaderId:9e79f7cb-e4c5-47cb-aa46-b66eba433fb4, CreationTimestamp2023-04-27T06:11:50.736Z[Etc/UTC]]. The last committed block length is 0, uncommitted data length is 2097152 retry count 0
2023-04-27 06:12:53,344 [pool-1117-thread-1] WARN  io.KeyOutputStream (KeyOutputStream.java:handleException(317)) - Encountered exception java.io.IOException: Unexpected Storage Container Exception: java.util.concurrent.CompletionException: Failed to write chunk 111677748019200533_chunk_1 into block conID: 8 locID: 111677748019200533 bcsId: 0 on the pipeline Pipeline[ Id: 7ccd0db3-15fe-40d1-b563-da73ad7f98dc, Nodes: d854720a-bbe5-47c1-a40c-d7c4a462ec23(fv-az220-795.shdwizndlbjulinwhzhdmup5sb.jx.internal.cloudapp.net/10.1.0.34)9e79f7cb-e4c5-47cb-aa46-b66eba433fb4(fv-az220-795.shdwizndlbjulinwhzhdmup5sb.jx.internal.cloudapp.net/10.1.0.34)d3795bd6-5a77-4d2d-9b17-a3a54c2e679f(fv-az220-795.shdwizndlbjulinwhzhdmup5sb.jx.internal.cloudapp.net/10.1.0.34), ReplicationConfig: RATIS/THREE, State:OPEN, leaderId:9e79f7cb-e4c5-47cb-aa46-b66eba433fb4, CreationTimestamp2023-04-27T06:11:50.736Z[Etc/UTC]]. The last committed block length is 0, uncommitted data length is 2097152 retry count 0
2023-04-27 06:12:53,373 [pool-1117-thread-1] WARN  io.KeyOutputStream (KeyOutputStream.java:handleException(317)) - Encountered exception java.io.IOException: Unexpected Storage Container Exception: java.util.concurrent.CompletionException: Failed to write chunk 111677748019200534_chunk_1 into block conID: 7 locID: 111677748019200534 bcsId: 0 on the pipeline Pipeline[ Id: 7ccd0db3-15fe-40d1-b563-da73ad7f98dc, Nodes: d854720a-bbe5-47c1-a40c-d7c4a462ec23(fv-az220-795.shdwizndlbjulinwhzhdmup5sb.jx.internal.cloudapp.net/10.1.0.34)9e79f7cb-e4c5-47cb-aa46-b66eba433fb4(fv-az220-795.shdwizndlbjulinwhzhdmup5sb.jx.internal.cloudapp.net/10.1.0.34)d3795bd6-5a77-4d2d-9b17-a3a54c2e679f(fv-az220-795.shdwizndlbjulinwhzhdmup5sb.jx.internal.cloudapp.net/10.1.0.34), ReplicationConfig: RATIS/THREE, State:OPEN, leaderId:9e79f7cb-e4c5-47cb-aa46-b66eba433fb4, CreationTimestamp2023-04-27T06:11:50.736Z[Etc/UTC]]. The last committed block length is 0, uncommitted data length is 2097152 retry count 1
2023-04-27 06:12:53,404 [pool-1117-thread-1] WARN  io.KeyOutputStream (KeyOutputStream.java:handleException(317)) - Encountered exception java.io.IOException: Unexpected Storage Container Exception: java.util.concurrent.CompletionException: Failed to write chunk 111677748019200535_chunk_1 into block conID: 8 locID: 111677748019200535 bcsId: 0 on the pipeline Pipeline[ Id: 7ccd0db3-15fe-40d1-b563-da73ad7f98dc, Nodes: d854720a-bbe5-47c1-a40c-d7c4a462ec23(fv-az220-795.shdwizndlbjulinwhzhdmup5sb.jx.internal.cloudapp.net/10.1.0.34)9e79f7cb-e4c5-47cb-aa46-b66eba433fb4(fv-az220-795.shdwizndlbjulinwhzhdmup5sb.jx.internal.cloudapp.net/10.1.0.34)d3795bd6-5a77-4d2d-9b17-a3a54c2e679f(fv-az220-795.shdwizndlbjulinwhzhdmup5sb.jx.internal.cloudapp.net/10.1.0.34), ReplicationConfig: RATIS/THREE, State:OPEN, leaderId:9e79f7cb-e4c5-47cb-aa46-b66eba433fb4, CreationTimestamp2023-04-27T06:11:50.736Z[Etc/UTC]]. The last committed block length is 0, uncommitted data length is 2097152 retry count 2
2023-04-27 06:12:53,432 [pool-1117-thread-1] WARN  io.KeyOutputStream (KeyOutputStream.java:handleException(317)) - Encountered exception java.io.IOException: Unexpected Storage Container Exception: java.util.concurrent.CompletionException: Failed to write chunk 111677748019200536_chunk_1 into block conID: 7 locID: 111677748019200536 bcsId: 0 on the pipeline Pipeline[ Id: 7ccd0db3-15fe-40d1-b563-da73ad7f98dc, Nodes: d854720a-bbe5-47c1-a40c-d7c4a462ec23(fv-az220-795.shdwizndlbjulinwhzhdmup5sb.jx.internal.cloudapp.net/10.1.0.34)9e79f7cb-e4c5-47cb-aa46-b66eba433fb4(fv-az220-795.shdwizndlbjulinwhzhdmup5sb.jx.internal.cloudapp.net/10.1.0.34)d3795bd6-5a77-4d2d-9b17-a3a54c2e679f(fv-az220-795.shdwizndlbjulinwhzhdmup5sb.jx.internal.cloudapp.net/10.1.0.34), ReplicationConfig: RATIS/THREE, State:OPEN, leaderId:9e79f7cb-e4c5-47cb-aa46-b66eba433fb4, CreationTimestamp2023-04-27T06:11:50.736Z[Etc/UTC]]. The last committed block length is 0, uncommitted data length is 2097152 retry count 3
2023-04-27 06:12:53,762 [Thread-545] INFO  freon.ProgressBar (ProgressBar.java:logProgressBar(168)) - Progress: 0.00 % (0 out of 1)
2023-04-27 06:12:54,314 [pool-1117-thread-1] WARN  io.KeyOutputStream (KeyOutputStream.java:handleException(317)) - Encountered exception java.io.IOException: Unexpected Storage Container Exception: java.util.concurrent.CompletionException: Failed to write chunk 111677748019200540_chunk_1 into block conID: 8 locID: 111677748019200540 bcsId: 0 on the pipeline Pipeline[ Id: 7ccd0db3-15fe-40d1-b563-da73ad7f98dc, Nodes: d854720a-bbe5-47c1-a40c-d7c4a462ec23(fv-az220-795.shdwizndlbjulinwhzhdmup5sb.jx.internal.cloudapp.net/10.1.0.34)9e79f7cb-e4c5-47cb-aa46-b66eba433fb4(fv-az220-795.shdwizndlbjulinwhzhdmup5sb.jx.internal.cloudapp.net/10.1.0.34)d3795bd6-5a77-4d2d-9b17-a3a54c2e679f(fv-az220-795.shdwizndlbjulinwhzhdmup5sb.jx.internal.cloudapp.net/10.1.0.34), ReplicationConfig: RATIS/THREE, State:OPEN, leaderId:9e79f7cb-e4c5-47cb-aa46-b66eba433fb4, CreationTimestamp2023-04-27T06:11:50.736Z[Etc/UTC]]. The last committed block length is 0, uncommitted data length is 2097152 retry count 0
2023-04-27 06:12:54,344 [pool-1117-thread-1] WARN  io.KeyOutputStream (KeyOutputStream.java:handleException(317)) - Encountered exception java.io.IOException: Unexpected Storage Container Exception: java.util.concurrent.CompletionException: Failed to write chunk 111677748019200541_chunk_1 into block conID: 7 locID: 111677748019200541 bcsId: 0 on the pipeline Pipeline[ Id: 7ccd0db3-15fe-40d1-b563-da73ad7f98dc, Nodes: d854720a-bbe5-47c1-a40c-d7c4a462ec23(fv-az220-795.shdwizndlbjulinwhzhdmup5sb.jx.internal.cloudapp.net/10.1.0.34)9e79f7cb-e4c5-47cb-aa46-b66eba433fb4(fv-az220-795.shdwizndlbjulinwhzhdmup5sb.jx.internal.cloudapp.net/10.1.0.34)d3795bd6-5a77-4d2d-9b17-a3a54c2e679f(fv-az220-795.shdwizndlbjulinwhzhdmup5sb.jx.internal.cloudapp.net/10.1.0.34), ReplicationConfig: RATIS/THREE, State:OPEN, leaderId:9e79f7cb-e4c5-47cb-aa46-b66eba433fb4, CreationTimestamp2023-04-27T06:11:50.736Z[Etc/UTC]]. The last committed block length is 0, uncommitted data length is 2097152 retry count 1
2023-04-27 06:12:54,583 [pool-1117-thread-1] WARN  io.KeyOutputStream (KeyOutputStream.java:handleException(317)) - Encountered exception java.io.IOException: Unexpected Storage Container Exception: java.util.concurrent.CompletionException: Failed to write chunk 111677748019200545_chunk_1 into block conID: 8 locID: 111677748019200545 bcsId: 0 on the pipeline Pipeline[ Id: 7ccd0db3-15fe-40d1-b563-da73ad7f98dc, Nodes: d854720a-bbe5-47c1-a40c-d7c4a462ec23(fv-az220-795.shdwizndlbjulinwhzhdmup5sb.jx.internal.cloudapp.net/10.1.0.34)9e79f7cb-e4c5-47cb-aa46-b66eba433fb4(fv-az220-795.shdwizndlbjulinwhzhdmup5sb.jx.internal.cloudapp.net/10.1.0.34)d3795bd6-5a77-4d2d-9b17-a3a54c2e679f(fv-az220-795.shdwizndlbjulinwhzhdmup5sb.jx.internal.cloudapp.net/10.1.0.34), ReplicationConfig: RATIS/THREE, State:OPEN, leaderId:9e79f7cb-e4c5-47cb-aa46-b66eba433fb4, CreationTimestamp2023-04-27T06:11:50.736Z[Etc/UTC]]. The last committed block length is 0, uncommitted data length is 2097152 retry count 0
2023-04-27 06:12:54,615 [pool-1117-thread-1] WARN  io.KeyOutputStream (KeyOutputStream.java:handleException(317)) - Encountered exception java.io.IOException: Unexpected Storage Container Exception: java.util.concurrent.CompletionException: Failed to write chunk 111677748019200546_chunk_1 into block conID: 7 locID: 111677748019200546 bcsId: 0 on the pipeline Pipeline[ Id: 7ccd0db3-15fe-40d1-b563-da73ad7f98dc, Nodes: d854720a-bbe5-47c1-a40c-d7c4a462ec23(fv-az220-795.shdwizndlbjulinwhzhdmup5sb.jx.internal.cloudapp.net/10.1.0.34)9e79f7cb-e4c5-47cb-aa46-b66eba433fb4(fv-az220-795.shdwizndlbjulinwhzhdmup5sb.jx.internal.cloudapp.net/10.1.0.34)d3795bd6-5a77-4d2d-9b17-a3a54c2e679f(fv-az220-795.shdwizndlbjulinwhzhdmup5sb.jx.internal.cloudapp.net/10.1.0.34), ReplicationConfig: RATIS/THREE, State:OPEN, leaderId:9e79f7cb-e4c5-47cb-aa46-b66eba433fb4, CreationTimestamp2023-04-27T06:11:50.736Z[Etc/UTC]]. The last committed block length is 0, uncommitted data length is 2097152 retry count 1
2023-04-27 06:12:54,646 [pool-1117-thread-1] WARN  io.KeyOutputStream (KeyOutputStream.java:handleException(317)) - Encountered exception java.io.IOException: Unexpected Storage Container Exception: java.util.concurrent.CompletionException: Failed to write chunk 111677748019200547_chunk_1 into block conID: 8 locID: 111677748019200547 bcsId: 0 on the pipeline Pipeline[ Id: 7ccd0db3-15fe-40d1-b563-da73ad7f98dc, Nodes: d854720a-bbe5-47c1-a40c-d7c4a462ec23(fv-az220-795.shdwizndlbjulinwhzhdmup5sb.jx.internal.cloudapp.net/10.1.0.34)9e79f7cb-e4c5-47cb-aa46-b66eba433fb4(fv-az220-795.shdwizndlbjulinwhzhdmup5sb.jx.internal.cloudapp.net/10.1.0.34)d3795bd6-5a77-4d2d-9b17-a3a54c2e679f(fv-az220-795.shdwizndlbjulinwhzhdmup5sb.jx.internal.cloudapp.net/10.1.0.34), ReplicationConfig: RATIS/THREE, State:OPEN, leaderId:9e79f7cb-e4c5-47cb-aa46-b66eba433fb4, CreationTimestamp2023-04-27T06:11:50.736Z[Etc/UTC]]. The last committed block length is 0, uncommitted data length is 2097152 retry count 2
2023-04-27 06:12:54,683 [pool-1117-thread-1] WARN  io.KeyOutputStream (KeyOutputStream.java:handleException(317)) - Encountered exception java.io.IOException: Unexpected Storage Container Exception: java.util.concurrent.CompletionException: Failed to write chunk 111677748019200548_chunk_1 into block conID: 7 locID: 111677748019200548 bcsId: 0 on the pipeline Pipeline[ Id: 7ccd0db3-15fe-40d1-b563-da73ad7f98dc, Nodes: d854720a-bbe5-47c1-a40c-d7c4a462ec23(fv-az220-795.shdwizndlbjulinwhzhdmup5sb.jx.internal.cloudapp.net/10.1.0.34)9e79f7cb-e4c5-47cb-aa46-b66eba433fb4(fv-az220-795.shdwizndlbjulinwhzhdmup5sb.jx.internal.cloudapp.net/10.1.0.34)d3795bd6-5a77-4d2d-9b17-a3a54c2e679f(fv-az220-795.shdwizndlbjulinwhzhdmup5sb.jx.internal.cloudapp.net/10.1.0.34), ReplicationConfig: RATIS/THREE, State:OPEN, leaderId:9e79f7cb-e4c5-47cb-aa46-b66eba433fb4, CreationTimestamp2023-04-27T06:11:50.736Z[Etc/UTC]]. The last committed block length is 0, uncommitted data length is 2097152 retry count 3
2023-04-27 06:12:54,716 [pool-1117-thread-1] WARN  io.KeyOutputStream (KeyOutputStream.java:handleException(317)) - Encountered exception java.io.IOException: Unexpected Storage Container Exception: java.util.concurrent.CompletionException: Failed to write chunk 111677748019200549_chunk_1 into block conID: 8 locID: 111677748019200549 bcsId: 0 on the pipeline Pipeline[ Id: 7ccd0db3-15fe-40d1-b563-da73ad7f98dc, Nodes: d854720a-bbe5-47c1-a40c-d7c4a462ec23(fv-az220-795.shdwizndlbjulinwhzhdmup5sb.jx.internal.cloudapp.net/10.1.0.34)9e79f7cb-e4c5-47cb-aa46-b66eba433fb4(fv-az220-795.shdwizndlbjulinwhzhdmup5sb.jx.internal.cloudapp.net/10.1.0.34)d3795bd6-5a77-4d2d-9b17-a3a54c2e679f(fv-az220-795.shdwizndlbjulinwhzhdmup5sb.jx.internal.cloudapp.net/10.1.0.34), ReplicationConfig: RATIS/THREE, State:OPEN, leaderId:9e79f7cb-e4c5-47cb-aa46-b66eba433fb4, CreationTimestamp2023-04-27T06:11:50.736Z[Etc/UTC]]. The last committed block length is 0, uncommitted data length is 2097152 retry count 4
2023-04-27 06:12:54,754 [pool-1117-thread-1] WARN  io.KeyOutputStream (KeyOutputStream.java:handleException(317)) - Encountered exception java.io.IOException: Unexpected Storage Container Exception: java.util.concurrent.CompletionException: Failed to write chunk 111677748019200550_chunk_1 into block conID: 7 locID: 111677748019200550 bcsId: 0 on the pipeline Pipeline[ Id: 7ccd0db3-15fe-40d1-b563-da73ad7f98dc, Nodes: d854720a-bbe5-47c1-a40c-d7c4a462ec23(fv-az220-795.shdwizndlbjulinwhzhdmup5sb.jx.internal.cloudapp.net/10.1.0.34)9e79f7cb-e4c5-47cb-aa46-b66eba433fb4(fv-az220-795.shdwizndlbjulinwhzhdmup5sb.jx.internal.cloudapp.net/10.1.0.34)d3795bd6-5a77-4d2d-9b17-a3a54c2e679f(fv-az220-795.shdwizndlbjulinwhzhdmup5sb.jx.internal.cloudapp.net/10.1.0.34), ReplicationConfig: RATIS/THREE, State:OPEN, leaderId:9e79f7cb-e4c5-47cb-aa46-b66eba433fb4, CreationTimestamp2023-04-27T06:11:50.736Z[Etc/UTC]]. The last committed block length is 0, uncommitted data length is 2097152 retry count 5
2023-04-27 06:12:54,754 [pool-1117-thread-1] ERROR io.KeyOutputStream (KeyOutputStream.java:handleRetry(394)) - Retry request failed. retries get failed due to exceeded maximum allowed retries number: 5
java.io.IOException: Unexpected Storage Container Exception: java.util.concurrent.CompletionException: Failed to write chunk 111677748019200550_chunk_1 into block conID: 7 locID: 111677748019200550 bcsId: 0
	at org.apache.hadoop.hdds.scm.storage.BlockOutputStream.setIoException(BlockOutputStream.java:632)
	at org.apache.hadoop.hdds.scm.storage.BlockOutputStream.lambda$writeChunkToContainer$3(BlockOutputStream.java:724)
	at java.util.concurrent.CompletableFuture.uniExceptionally(CompletableFuture.java:884)
	at java.util.concurrent.CompletableFuture$UniExceptionally.tryFire(CompletableFuture.java:866)
	at java.util.concurrent.CompletableFuture.postComplete(CompletableFuture.java:488)
	at java.util.concurrent.CompletableFuture.complete(CompletableFuture.java:1975)
	at org.apache.ratis.client.impl.OrderedAsync$PendingOrderedRequest.setReply(OrderedAsync.java:98)
	at org.apache.ratis.client.impl.OrderedAsync$PendingOrderedRequest.setReply(OrderedAsync.java:59)
	at org.apache.ratis.util.SlidingWindow$RequestMap.setReply(SlidingWindow.java:144)
	at org.apache.ratis.util.SlidingWindow$Client.receiveReply(SlidingWindow.java:348)
	at org.apache.ratis.client.impl.OrderedAsync.lambda$sendRequest$9(OrderedAsync.java:248)
	at java.util.concurrent.CompletableFuture.uniApply(CompletableFuture.java:616)
	at java.util.concurrent.CompletableFuture$UniApply.tryFire(CompletableFuture.java:591)
	at java.util.concurrent.CompletableFuture.postComplete(CompletableFuture.java:488)
	at java.util.concurrent.CompletableFuture.complete(CompletableFuture.java:1975)
	at org.apache.ratis.grpc.client.GrpcClientProtocolClient$AsyncStreamObservers$1.lambda$onNext$0(GrpcClientProtocolClient.java:322)
	at java.util.Optional.ifPresent(Optional.java:159)
	at org.apache.ratis.grpc.client.GrpcClientProtocolClient$AsyncStreamObservers.handleReplyFuture(GrpcClientProtocolClient.java:378)
	at org.apache.ratis.grpc.client.GrpcClientProtocolClient$AsyncStreamObservers.access$100(GrpcClientProtocolClient.java:300)
	at org.apache.ratis.grpc.client.GrpcClientProtocolClient$AsyncStreamObservers$1.onNext(GrpcClientProtocolClient.java:322)
	at org.apache.ratis.grpc.client.GrpcClientProtocolClient$AsyncStreamObservers$1.onNext(GrpcClientProtocolClient.java:305)
	at org.apache.ratis.thirdparty.io.grpc.stub.ClientCalls$StreamObserverToCallListenerAdapter.onMessage(ClientCalls.java:474)
	at org.apache.ratis.thirdparty.io.grpc.ForwardingClientCallListener.onMessage(ForwardingClientCallListener.java:33)
	at org.apache.ratis.thirdparty.io.grpc.internal.ClientCallImpl$ClientStreamListenerImpl$1MessagesAvailable.runInternal(ClientCallImpl.java:661)
	at org.apache.ratis.thirdparty.io.grpc.internal.ClientCallImpl$ClientStreamListenerImpl$1MessagesAvailable.runInContext(ClientCallImpl.java:646)
	at org.apache.ratis.thirdparty.io.grpc.internal.ContextRunnable.run(ContextRunnable.java:37)
	at org.apache.ratis.thirdparty.io.grpc.internal.SerializingExecutor.run(SerializingExecutor.java:133)
	at java.util.concurrent.ThreadPoolExecutor.runWorker(ThreadPoolExecutor.java:1149)
	at java.util.concurrent.ThreadPoolExecutor$Worker.run(ThreadPoolExecutor.java:624)
	at java.lang.Thread.run(Thread.java:750)
Caused by: java.util.concurrent.CompletionException: Failed to write chunk 111677748019200550_chunk_1 into block conID: 7 locID: 111677748019200550 bcsId: 0
	at org.apache.hadoop.hdds.scm.storage.BlockOutputStream.lambda$writeChunkToContainer$3(BlockOutputStream.java:723)
	... 28 more
Caused by: java.util.concurrent.CompletionException: java.lang.NullPointerException
	at java.util.concurrent.CompletableFuture.encodeThrowable(CompletableFuture.java:273)
	at java.util.concurrent.CompletableFuture.completeThrowable(CompletableFuture.java:280)
	at java.util.concurrent.CompletableFuture.uniApply(CompletableFuture.java:618)
	at java.util.concurrent.CompletableFuture$UniApply.tryFire(CompletableFuture.java:591)
	... 26 more
Caused by: java.lang.NullPointerException
	at java.util.stream.ReferencePipeline$5$1.accept(ReferencePipeline.java:227)
	at java.util.stream.ReferencePipeline$3$1.accept(ReferencePipeline.java:193)
	at java.util.ArrayList$ArrayListSpliterator.forEachRemaining(ArrayList.java:1384)
	at java.util.stream.AbstractPipeline.copyInto(AbstractPipeline.java:482)
	at java.util.stream.AbstractPipeline.wrapAndCopyInto(AbstractPipeline.java:472)
	at java.util.stream.ReduceOps$ReduceOp.evaluateSequential(ReduceOps.java:708)
	at java.util.stream.AbstractPipeline.evaluate(AbstractPipeline.java:234)
	at java.util.stream.LongPipeline.reduce(LongPipeline.java:466)
	at java.util.stream.LongPipeline.min(LongPipeline.java:424)
	at org.apache.hadoop.hdds.scm.XceiverClientRatis.updateCommitInfosMap(XceiverClientRatis.java:156)
	at org.apache.hadoop.hdds.scm.XceiverClientRatis.lambda$sendCommandAsync$6(XceiverClientRatis.java:367)
	at java.util.concurrent.CompletableFuture.uniApply(CompletableFuture.java:616)
	... 27 more
2023-04-27 06:12:54,755 [pool-1117-thread-1] ERROR freon.RandomKeyGenerator (RandomKeyGenerator.java:createKey(847)) - Exception while adding key: key-0-28048 in bucket: bucket-0-84828 of volume: vol-0-23440.
java.io.IOException: java.io.IOException: java.io.IOException: java.io.IOException: java.io.IOException: java.io.IOException: java.io.IOException: Retry request failed. retries get failed due to exceeded maximum allowed retries number: 5
	at org.apache.hadoop.ozone.client.io.KeyOutputStream.handleWrite(KeyOutputStream.java:250)
	at org.apache.hadoop.ozone.client.io.KeyOutputStream.write(KeyOutputStream.java:220)
	at org.apache.hadoop.ozone.client.io.OzoneOutputStream.write(OzoneOutputStream.java:57)
	at org.apache.hadoop.ozone.freon.RandomKeyGenerator.createKey(RandomKeyGenerator.java:822)
	at org.apache.hadoop.ozone.freon.RandomKeyGenerator.access$1200(RandomKeyGenerator.java:90)
	at org.apache.hadoop.ozone.freon.RandomKeyGenerator$ObjectCreator.run(RandomKeyGenerator.java:715)
	at java.util.concurrent.ThreadPoolExecutor.runWorker(ThreadPoolExecutor.java:1149)
	at java.util.concurrent.ThreadPoolExecutor$Worker.run(ThreadPoolExecutor.java:624)
	at java.lang.Thread.run(Thread.java:750)
Caused by: java.io.IOException: java.io.IOException: java.io.IOException: java.io.IOException: java.io.IOException: java.io.IOException: Retry request failed. retries get failed due to exceeded maximum allowed retries number: 5
	at org.apache.hadoop.ozone.client.io.KeyOutputStream.handleWrite(KeyOutputStream.java:250)
	at org.apache.hadoop.ozone.client.io.KeyOutputStream.handleRetry(KeyOutputStream.java:422)
	at org.apache.hadoop.ozone.client.io.KeyOutputStream.handleException(KeyOutputStream.java:367)
	at org.apache.hadoop.ozone.client.io.KeyOutputStream.writeToOutputStream(KeyOutputStream.java:282)
	at org.apache.hadoop.ozone.client.io.KeyOutputStream.handleWrite(KeyOutputStream.java:240)
	... 8 more
Caused by: java.io.IOException: java.io.IOException: java.io.IOException: java.io.IOException: java.io.IOException: Retry request failed. retries get failed due to exceeded maximum allowed retries number: 5
	at org.apache.hadoop.ozone.client.io.KeyOutputStream.handleWrite(KeyOutputStream.java:250)
	at org.apache.hadoop.ozone.client.io.KeyOutputStream.handleRetry(KeyOutputStream.java:422)
	at org.apache.hadoop.ozone.client.io.KeyOutputStream.handleException(KeyOutputStream.java:367)
	at org.apache.hadoop.ozone.client.io.KeyOutputStream.writeToOutputStream(KeyOutputStream.java:282)
	at org.apache.hadoop.ozone.client.io.KeyOutputStream.handleWrite(KeyOutputStream.java:240)
	... 12 more
Caused by: java.io.IOException: java.io.IOException: java.io.IOException: java.io.IOException: Retry request failed. retries get failed due to exceeded maximum allowed retries number: 5
	at org.apache.hadoop.ozone.client.io.KeyOutputStream.handleWrite(KeyOutputStream.java:250)
	at org.apache.hadoop.ozone.client.io.KeyOutputStream.handleRetry(KeyOutputStream.java:422)
	at org.apache.hadoop.ozone.client.io.KeyOutputStream.handleException(KeyOutputStream.java:367)
	at org.apache.hadoop.ozone.client.io.KeyOutputStream.writeToOutputStream(KeyOutputStream.java:282)
	at org.apache.hadoop.ozone.client.io.KeyOutputStream.handleWrite(KeyOutputStream.java:240)
	... 16 more
Caused by: java.io.IOException: java.io.IOException: java.io.IOException: Retry request failed. retries get failed due to exceeded maximum allowed retries number: 5
	at org.apache.hadoop.ozone.client.io.KeyOutputStream.handleWrite(KeyOutputStream.java:250)
	at org.apache.hadoop.ozone.client.io.KeyOutputStream.handleRetry(KeyOutputStream.java:422)
	at org.apache.hadoop.ozone.client.io.KeyOutputStream.handleException(KeyOutputStream.java:367)
	at org.apache.hadoop.ozone.client.io.KeyOutputStream.writeToOutputStream(KeyOutputStream.java:282)
	at org.apache.hadoop.ozone.client.io.KeyOutputStream.handleWrite(KeyOutputStream.java:240)
	... 20 more
Caused by: java.io.IOException: java.io.IOException: Retry request failed. retries get failed due to exceeded maximum allowed retries number: 5
	at org.apache.hadoop.ozone.client.io.KeyOutputStream.handleWrite(KeyOutputStream.java:250)
	at org.apache.hadoop.ozone.client.io.KeyOutputStream.handleRetry(KeyOutputStream.java:422)
	at org.apache.hadoop.ozone.client.io.KeyOutputStream.handleException(KeyOutputStream.java:367)
	at org.apache.hadoop.ozone.client.io.KeyOutputStream.writeToOutputStream(KeyOutputStream.java:282)
	at org.apache.hadoop.ozone.client.io.KeyOutputStream.handleWrite(KeyOutputStream.java:240)
	... 24 more
Caused by: java.io.IOException: Retry request failed. retries get failed due to exceeded maximum allowed retries number: 5
	at org.apache.hadoop.ozone.client.io.KeyOutputStream.handleRetry(KeyOutputStream.java:396)
	at org.apache.hadoop.ozone.client.io.KeyOutputStream.handleException(KeyOutputStream.java:367)
	at org.apache.hadoop.ozone.client.io.KeyOutputStream.writeToOutputStream(KeyOutputStream.java:282)
	at org.apache.hadoop.ozone.client.io.KeyOutputStream.handleWrite(KeyOutputStream.java:240)
	... 28 more
Caused by: java.io.IOException: Unexpected Storage Container Exception: java.util.concurrent.CompletionException: Failed to write chunk 111677748019200550_chunk_1 into block conID: 7 locID: 111677748019200550 bcsId: 0
	at org.apache.hadoop.hdds.scm.storage.BlockOutputStream.setIoException(BlockOutputStream.java:632)
	at org.apache.hadoop.hdds.scm.storage.BlockOutputStream.lambda$writeChunkToContainer$3(BlockOutputStream.java:724)
	at java.util.concurrent.CompletableFuture.uniExceptionally(CompletableFuture.java:884)
	at java.util.concurrent.CompletableFuture$UniExceptionally.tryFire(CompletableFuture.java:866)
	at java.util.concurrent.CompletableFuture.postComplete(CompletableFuture.java:488)
	at java.util.concurrent.CompletableFuture.complete(CompletableFuture.java:1975)
	at org.apache.ratis.client.impl.OrderedAsync$PendingOrderedRequest.setReply(OrderedAsync.java:98)
	at org.apache.ratis.client.impl.OrderedAsync$PendingOrderedRequest.setReply(OrderedAsync.java:59)
	at org.apache.ratis.util.SlidingWindow$RequestMap.setReply(SlidingWindow.java:144)
	at org.apache.ratis.util.SlidingWindow$Client.receiveReply(SlidingWindow.java:348)
	at org.apache.ratis.client.impl.OrderedAsync.lambda$sendRequest$9(OrderedAsync.java:248)
	at java.util.concurrent.CompletableFuture.uniApply(CompletableFuture.java:616)
	at java.util.concurrent.CompletableFuture$UniApply.tryFire(CompletableFuture.java:591)
	at java.util.concurrent.CompletableFuture.postComplete(CompletableFuture.java:488)
	at java.util.concurrent.CompletableFuture.complete(CompletableFuture.java:1975)
	at org.apache.ratis.grpc.client.GrpcClientProtocolClient$AsyncStreamObservers$1.lambda$onNext$0(GrpcClientProtocolClient.java:322)
	at java.util.Optional.ifPresent(Optional.java:159)
	at org.apache.ratis.grpc.client.GrpcClientProtocolClient$AsyncStreamObservers.handleReplyFuture(GrpcClientProtocolClient.java:378)
	at org.apache.ratis.grpc.client.GrpcClientProtocolClient$AsyncStreamObservers.access$100(GrpcClientProtocolClient.java:300)
	at org.apache.ratis.grpc.client.GrpcClientProtocolClient$AsyncStreamObservers$1.onNext(GrpcClientProtocolClient.java:322)
	at org.apache.ratis.grpc.client.GrpcClientProtocolClient$AsyncStreamObservers$1.onNext(GrpcClientProtocolClient.java:305)
	at org.apache.ratis.thirdparty.io.grpc.stub.ClientCalls$StreamObserverToCallListenerAdapter.onMessage(ClientCalls.java:474)
	at org.apache.ratis.thirdparty.io.grpc.ForwardingClientCallListener.onMessage(ForwardingClientCallListener.java:33)
	at org.apache.ratis.thirdparty.io.grpc.internal.ClientCallImpl$ClientStreamListenerImpl$1MessagesAvailable.runInternal(ClientCallImpl.java:661)
	at org.apache.ratis.thirdparty.io.grpc.internal.ClientCallImpl$ClientStreamListenerImpl$1MessagesAvailable.runInContext(ClientCallImpl.java:646)
	at org.apache.ratis.thirdparty.io.grpc.internal.ContextRunnable.run(ContextRunnable.java:37)
	at org.apache.ratis.thirdparty.io.grpc.internal.SerializingExecutor.run(SerializingExecutor.java:133)
	... 3 more
Caused by: java.util.concurrent.CompletionException: Failed to write chunk 111677748019200550_chunk_1 into block conID: 7 locID: 111677748019200550 bcsId: 0
	at org.apache.hadoop.hdds.scm.storage.BlockOutputStream.lambda$writeChunkToContainer$3(BlockOutputStream.java:723)
	... 28 more
Caused by: java.util.concurrent.CompletionException: java.lang.NullPointerException
	at java.util.concurrent.CompletableFuture.encodeThrowable(CompletableFuture.java:273)
	at java.util.concurrent.CompletableFuture.completeThrowable(CompletableFuture.java:280)
	at java.util.concurrent.CompletableFuture.uniApply(CompletableFuture.java:618)
	at java.util.concurrent.CompletableFuture$UniApply.tryFire(CompletableFuture.java:591)
	... 26 more
Caused by: java.lang.NullPointerException
	at java.util.stream.ReferencePipeline$5$1.accept(ReferencePipeline.java:227)
	at java.util.stream.ReferencePipeline$3$1.accept(ReferencePipeline.java:193)
	at java.util.ArrayList$ArrayListSpliterator.forEachRemaining(ArrayList.java:1384)
	at java.util.stream.AbstractPipeline.copyInto(AbstractPipeline.java:482)
	at java.util.stream.AbstractPipeline.wrapAndCopyInto(AbstractPipeline.java:472)
	at java.util.stream.ReduceOps$ReduceOp.evaluateSequential(ReduceOps.java:708)
	at java.util.stream.AbstractPipeline.evaluate(AbstractPipeline.java:234)
	at java.util.stream.LongPipeline.reduce(LongPipeline.java:466)
	at java.util.stream.LongPipeline.min(LongPipeline.java:424)
	at org.apache.hadoop.hdds.scm.XceiverClientRatis.updateCommitInfosMap(XceiverClientRatis.java:156)
	at org.apache.hadoop.hdds.scm.XceiverClientRatis.lambda$sendCommandAsync$6(XceiverClientRatis.java:367)
	at java.util.concurrent.CompletableFuture.uniApply(CompletableFuture.java:616)
	... 27 more
2023-04-27 06:12:54,763 [Thread-545] INFO  freon.ProgressBar (ProgressBar.java:logProgressBar(168)) - Progress: 0.00 % (0 out of 1)
2023-04-27 06:12:55,763 [Thread-545] INFO  freon.ProgressBar (ProgressBar.java:logProgressBar(168)) - Progress: 0.00 % (0 out of 1)
]]></system-out>
    <system-err><![CDATA[java.lang.RuntimeException: java.io.IOException: java.io.IOException: java.io.IOException: java.io.IOException: java.io.IOException: java.io.IOException: java.io.IOException: Retry request failed. retries get failed due to exceeded maximum allowed retries number: 5
	at org.apache.hadoop.ozone.freon.RandomKeyGenerator.call(RandomKeyGenerator.java:389)
	at org.apache.hadoop.ozone.freon.RandomKeyGenerator.call(RandomKeyGenerator.java:83)
	at picocli.CommandLine.executeUserObject(CommandLine.java:1953)
	at picocli.CommandLine.access$1300(CommandLine.java:145)
	at picocli.CommandLine$RunLast.executeUserObjectOfLastSubcommandWithSameParent(CommandLine.java:2352)
	at picocli.CommandLine$RunLast.handle(CommandLine.java:2346)
	at picocli.CommandLine$RunLast.handle(CommandLine.java:2311)
	at picocli.CommandLine$AbstractParseResultHandler.execute(CommandLine.java:2179)
	at picocli.CommandLine.execute(CommandLine.java:2078)
	at org.apache.hadoop.ozone.freon.TestRandomKeyGenerator.testKeyLargerThan2GB(TestRandomKeyGenerator.java:153)
	at sun.reflect.NativeMethodAccessorImpl.invoke0(Native Method)
	at sun.reflect.NativeMethodAccessorImpl.invoke(NativeMethodAccessorImpl.java:62)
	at sun.reflect.DelegatingMethodAccessorImpl.invoke(DelegatingMethodAccessorImpl.java:43)
	at java.lang.reflect.Method.invoke(Method.java:498)
	at org.junit.platform.commons.util.ReflectionUtils.invokeMethod(ReflectionUtils.java:725)
	at org.junit.jupiter.engine.execution.MethodInvocation.proceed(MethodInvocation.java:60)
	at org.junit.jupiter.engine.execution.InvocationInterceptorChain$ValidatingInvocation.proceed(InvocationInterceptorChain.java:131)
	at org.junit.jupiter.engine.extension.TimeoutExtension.intercept(TimeoutExtension.java:149)
	at org.junit.jupiter.engine.extension.TimeoutExtension.interceptTestableMethod(TimeoutExtension.java:140)
	at org.junit.jupiter.engine.extension.TimeoutExtension.interceptTestMethod(TimeoutExtension.java:84)
	at org.junit.jupiter.engine.execution.ExecutableInvoker$ReflectiveInterceptorCall.lambda$ofVoidMethod$0(ExecutableInvoker.java:115)
	at org.junit.jupiter.engine.execution.ExecutableInvoker.lambda$invoke$0(ExecutableInvoker.java:105)
	at org.junit.jupiter.engine.execution.InvocationInterceptorChain$InterceptedInvocation.proceed(InvocationInterceptorChain.java:106)
	at org.junit.jupiter.engine.execution.InvocationInterceptorChain.proceed(InvocationInterceptorChain.java:64)
	at org.junit.jupiter.engine.execution.InvocationInterceptorChain.chainAndInvoke(InvocationInterceptorChain.java:45)
	at org.junit.jupiter.engine.execution.InvocationInterceptorChain.invoke(InvocationInterceptorChain.java:37)
	at org.junit.jupiter.engine.execution.ExecutableInvoker.invoke(ExecutableInvoker.java:104)
	at org.junit.jupiter.engine.execution.ExecutableInvoker.invoke(ExecutableInvoker.java:98)
	at org.junit.jupiter.engine.descriptor.TestMethodTestDescriptor.lambda$invokeTestMethod$7(TestMethodTestDescriptor.java:214)
	at org.junit.platform.engine.support.hierarchical.ThrowableCollector.execute(ThrowableCollector.java:73)
	at org.junit.jupiter.engine.descriptor.TestMethodTestDescriptor.invokeTestMethod(TestMethodTestDescriptor.java:210)
	at org.junit.jupiter.engine.descriptor.TestMethodTestDescriptor.execute(TestMethodTestDescriptor.java:135)
	at org.junit.jupiter.engine.descriptor.TestMethodTestDescriptor.execute(TestMethodTestDescriptor.java:66)
	at org.junit.platform.engine.support.hierarchical.NodeTestTask.lambda$executeRecursively$6(NodeTestTask.java:151)
	at org.junit.platform.engine.support.hierarchical.ThrowableCollector.execute(ThrowableCollector.java:73)
	at org.junit.platform.engine.support.hierarchical.NodeTestTask.lambda$executeRecursively$8(NodeTestTask.java:141)
	at org.junit.platform.engine.support.hierarchical.Node.around(Node.java:137)
	at org.junit.platform.engine.support.hierarchical.NodeTestTask.lambda$executeRecursively$9(NodeTestTask.java:139)
	at org.junit.platform.engine.support.hierarchical.ThrowableCollector.execute(ThrowableCollector.java:73)
	at org.junit.platform.engine.support.hierarchical.NodeTestTask.executeRecursively(NodeTestTask.java:138)
	at org.junit.platform.engine.support.hierarchical.NodeTestTask.execute(NodeTestTask.java:95)
	at java.util.ArrayList.forEach(ArrayList.java:1259)
	at org.junit.platform.engine.support.hierarchical.SameThreadHierarchicalTestExecutorService.invokeAll(SameThreadHierarchicalTestExecutorService.java:41)
	at org.junit.platform.engine.support.hierarchical.NodeTestTask.lambda$executeRecursively$6(NodeTestTask.java:155)
	at org.junit.platform.engine.support.hierarchical.ThrowableCollector.execute(ThrowableCollector.java:73)
	at org.junit.platform.engine.support.hierarchical.NodeTestTask.lambda$executeRecursively$8(NodeTestTask.java:141)
	at org.junit.platform.engine.support.hierarchical.Node.around(Node.java:137)
	at org.junit.platform.engine.support.hierarchical.NodeTestTask.lambda$executeRecursively$9(NodeTestTask.java:139)
	at org.junit.platform.engine.support.hierarchical.ThrowableCollector.execute(ThrowableCollector.java:73)
	at org.junit.platform.engine.support.hierarchical.NodeTestTask.executeRecursively(NodeTestTask.java:138)
	at org.junit.platform.engine.support.hierarchical.NodeTestTask.execute(NodeTestTask.java:95)
	at java.util.ArrayList.forEach(ArrayList.java:1259)
	at org.junit.platform.engine.support.hierarchical.SameThreadHierarchicalTestExecutorService.invokeAll(SameThreadHierarchicalTestExecutorService.java:41)
	at org.junit.platform.engine.support.hierarchical.NodeTestTask.lambda$executeRecursively$6(NodeTestTask.java:155)
	at org.junit.platform.engine.support.hierarchical.ThrowableCollector.execute(ThrowableCollector.java:73)
	at org.junit.platform.engine.support.hierarchical.NodeTestTask.lambda$executeRecursively$8(NodeTestTask.java:141)
	at org.junit.platform.engine.support.hierarchical.Node.around(Node.java:137)
	at org.junit.platform.engine.support.hierarchical.NodeTestTask.lambda$executeRecursively$9(NodeTestTask.java:139)
	at org.junit.platform.engine.support.hierarchical.ThrowableCollector.execute(ThrowableCollector.java:73)
	at org.junit.platform.engine.support.hierarchical.NodeTestTask.executeRecursively(NodeTestTask.java:138)
	at org.junit.platform.engine.support.hierarchical.NodeTestTask.execute(NodeTestTask.java:95)
	at org.junit.platform.engine.support.hierarchical.SameThreadHierarchicalTestExecutorService.submit(SameThreadHierarchicalTestExecutorService.java:35)
	at org.junit.platform.engine.support.hierarchical.HierarchicalTestExecutor.execute(HierarchicalTestExecutor.java:57)
	at org.junit.platform.engine.support.hierarchical.HierarchicalTestEngine.execute(HierarchicalTestEngine.java:54)
	at org.junit.platform.launcher.core.EngineExecutionOrchestrator.execute(EngineExecutionOrchestrator.java:107)
	at org.junit.platform.launcher.core.EngineExecutionOrchestrator.execute(EngineExecutionOrchestrator.java:88)
	at org.junit.platform.launcher.core.EngineExecutionOrchestrator.lambda$execute$0(EngineExecutionOrchestrator.java:54)
	at org.junit.platform.launcher.core.EngineExecutionOrchestrator.withInterceptedStreams(EngineExecutionOrchestrator.java:67)
	at org.junit.platform.launcher.core.EngineExecutionOrchestrator.execute(EngineExecutionOrchestrator.java:52)
	at org.junit.platform.launcher.core.DefaultLauncher.execute(DefaultLauncher.java:114)
	at org.junit.platform.launcher.core.DefaultLauncher.execute(DefaultLauncher.java:86)
	at org.junit.platform.launcher.core.DefaultLauncherSession$DelegatingLauncher.execute(DefaultLauncherSession.java:86)
	at org.junit.platform.launcher.core.SessionPerRequestLauncher.execute(SessionPerRequestLauncher.java:53)
	at org.apache.maven.surefire.junitplatform.JUnitPlatformProvider.execute(JUnitPlatformProvider.java:188)
	at org.apache.maven.surefire.junitplatform.JUnitPlatformProvider.invokeAllTests(JUnitPlatformProvider.java:154)
	at org.apache.maven.surefire.junitplatform.JUnitPlatformProvider.invoke(JUnitPlatformProvider.java:124)
	at org.apache.maven.surefire.booter.ForkedBooter.runSuitesInProcess(ForkedBooter.java:428)
	at org.apache.maven.surefire.booter.ForkedBooter.execute(ForkedBooter.java:162)
	at org.apache.maven.surefire.booter.ForkedBooter.run(ForkedBooter.java:562)
	at org.apache.maven.surefire.booter.ForkedBooter.main(ForkedBooter.java:548)
Caused by: java.io.IOException: java.io.IOException: java.io.IOException: java.io.IOException: java.io.IOException: java.io.IOException: java.io.IOException: Retry request failed. retries get failed due to exceeded maximum allowed retries number: 5
	at org.apache.hadoop.ozone.client.io.KeyOutputStream.handleWrite(KeyOutputStream.java:250)
	at org.apache.hadoop.ozone.client.io.KeyOutputStream.write(KeyOutputStream.java:220)
	at org.apache.hadoop.ozone.client.io.OzoneOutputStream.write(OzoneOutputStream.java:57)
	at org.apache.hadoop.ozone.freon.RandomKeyGenerator.createKey(RandomKeyGenerator.java:822)
	at org.apache.hadoop.ozone.freon.RandomKeyGenerator.access$1200(RandomKeyGenerator.java:90)
	at org.apache.hadoop.ozone.freon.RandomKeyGenerator$ObjectCreator.run(RandomKeyGenerator.java:715)
	at java.util.concurrent.ThreadPoolExecutor.runWorker(ThreadPoolExecutor.java:1149)
	at java.util.concurrent.ThreadPoolExecutor$Worker.run(ThreadPoolExecutor.java:624)
	at java.lang.Thread.run(Thread.java:750)
Caused by: java.io.IOException: java.io.IOException: java.io.IOException: java.io.IOException: java.io.IOException: java.io.IOException: Retry request failed. retries get failed due to exceeded maximum allowed retries number: 5
	at org.apache.hadoop.ozone.client.io.KeyOutputStream.handleWrite(KeyOutputStream.java:250)
	at org.apache.hadoop.ozone.client.io.KeyOutputStream.handleRetry(KeyOutputStream.java:422)
	at org.apache.hadoop.ozone.client.io.KeyOutputStream.handleException(KeyOutputStream.java:367)
	at org.apache.hadoop.ozone.client.io.KeyOutputStream.writeToOutputStream(KeyOutputStream.java:282)
	at org.apache.hadoop.ozone.client.io.KeyOutputStream.handleWrite(KeyOutputStream.java:240)
	... 8 more
Caused by: java.io.IOException: java.io.IOException: java.io.IOException: java.io.IOException: java.io.IOException: Retry request failed. retries get failed due to exceeded maximum allowed retries number: 5
	at org.apache.hadoop.ozone.client.io.KeyOutputStream.handleWrite(KeyOutputStream.java:250)
	at org.apache.hadoop.ozone.client.io.KeyOutputStream.handleRetry(KeyOutputStream.java:422)
	at org.apache.hadoop.ozone.client.io.KeyOutputStream.handleException(KeyOutputStream.java:367)
	at org.apache.hadoop.ozone.client.io.KeyOutputStream.writeToOutputStream(KeyOutputStream.java:282)
	at org.apache.hadoop.ozone.client.io.KeyOutputStream.handleWrite(KeyOutputStream.java:240)
	... 12 more
Caused by: java.io.IOException: java.io.IOException: java.io.IOException: java.io.IOException: Retry request failed. retries get failed due to exceeded maximum allowed retries number: 5
	at org.apache.hadoop.ozone.client.io.KeyOutputStream.handleWrite(KeyOutputStream.java:250)
	at org.apache.hadoop.ozone.client.io.KeyOutputStream.handleRetry(KeyOutputStream.java:422)
	at org.apache.hadoop.ozone.client.io.KeyOutputStream.handleException(KeyOutputStream.java:367)
	at org.apache.hadoop.ozone.client.io.KeyOutputStream.writeToOutputStream(KeyOutputStream.java:282)
	at org.apache.hadoop.ozone.client.io.KeyOutputStream.handleWrite(KeyOutputStream.java:240)
	... 16 more
Caused by: java.io.IOException: java.io.IOException: java.io.IOException: Retry request failed. retries get failed due to exceeded maximum allowed retries number: 5
	at org.apache.hadoop.ozone.client.io.KeyOutputStream.handleWrite(KeyOutputStream.java:250)
	at org.apache.hadoop.ozone.client.io.KeyOutputStream.handleRetry(KeyOutputStream.java:422)
	at org.apache.hadoop.ozone.client.io.KeyOutputStream.handleException(KeyOutputStream.java:367)
	at org.apache.hadoop.ozone.client.io.KeyOutputStream.writeToOutputStream(KeyOutputStream.java:282)
	at org.apache.hadoop.ozone.client.io.KeyOutputStream.handleWrite(KeyOutputStream.java:240)
	... 20 more
Caused by: java.io.IOException: java.io.IOException: Retry request failed. retries get failed due to exceeded maximum allowed retries number: 5
	at org.apache.hadoop.ozone.client.io.KeyOutputStream.handleWrite(KeyOutputStream.java:250)
	at org.apache.hadoop.ozone.client.io.KeyOutputStream.handleRetry(KeyOutputStream.java:422)
	at org.apache.hadoop.ozone.client.io.KeyOutputStream.handleException(KeyOutputStream.java:367)
	at org.apache.hadoop.ozone.client.io.KeyOutputStream.writeToOutputStream(KeyOutputStream.java:282)
	at org.apache.hadoop.ozone.client.io.KeyOutputStream.handleWrite(KeyOutputStream.java:240)
	... 24 more
Caused by: java.io.IOException: Retry request failed. retries get failed due to exceeded maximum allowed retries number: 5
	at org.apache.hadoop.ozone.client.io.KeyOutputStream.handleRetry(KeyOutputStream.java:396)
	at org.apache.hadoop.ozone.client.io.KeyOutputStream.handleException(KeyOutputStream.java:367)
	at org.apache.hadoop.ozone.client.io.KeyOutputStream.writeToOutputStream(KeyOutputStream.java:282)
	at org.apache.hadoop.ozone.client.io.KeyOutputStream.handleWrite(KeyOutputStream.java:240)
	... 28 more
Caused by: java.io.IOException: Unexpected Storage Container Exception: java.util.concurrent.CompletionException: Failed to write chunk 111677748019200550_chunk_1 into block conID: 7 locID: 111677748019200550 bcsId: 0
	at org.apache.hadoop.hdds.scm.storage.BlockOutputStream.setIoException(BlockOutputStream.java:632)
	at org.apache.hadoop.hdds.scm.storage.BlockOutputStream.lambda$writeChunkToContainer$3(BlockOutputStream.java:724)
	at java.util.concurrent.CompletableFuture.uniExceptionally(CompletableFuture.java:884)
	at java.util.concurrent.CompletableFuture$UniExceptionally.tryFire(CompletableFuture.java:866)
	at java.util.concurrent.CompletableFuture.postComplete(CompletableFuture.java:488)
	at java.util.concurrent.CompletableFuture.complete(CompletableFuture.java:1975)
	at org.apache.ratis.client.impl.OrderedAsync$PendingOrderedRequest.setReply(OrderedAsync.java:98)
	at org.apache.ratis.client.impl.OrderedAsync$PendingOrderedRequest.setReply(OrderedAsync.java:59)
	at org.apache.ratis.util.SlidingWindow$RequestMap.setReply(SlidingWindow.java:144)
	at org.apache.ratis.util.SlidingWindow$Client.receiveReply(SlidingWindow.java:348)
	at org.apache.ratis.client.impl.OrderedAsync.lambda$sendRequest$9(OrderedAsync.java:248)
	at java.util.concurrent.CompletableFuture.uniApply(CompletableFuture.java:616)
	at java.util.concurrent.CompletableFuture$UniApply.tryFire(CompletableFuture.java:591)
	at java.util.concurrent.CompletableFuture.postComplete(CompletableFuture.java:488)
	at java.util.concurrent.CompletableFuture.complete(CompletableFuture.java:1975)
	at org.apache.ratis.grpc.client.GrpcClientProtocolClient$AsyncStreamObservers$1.lambda$onNext$0(GrpcClientProtocolClient.java:322)
	at java.util.Optional.ifPresent(Optional.java:159)
	at org.apache.ratis.grpc.client.GrpcClientProtocolClient$AsyncStreamObservers.handleReplyFuture(GrpcClientProtocolClient.java:378)
	at org.apache.ratis.grpc.client.GrpcClientProtocolClient$AsyncStreamObservers.access$100(GrpcClientProtocolClient.java:300)
	at org.apache.ratis.grpc.client.GrpcClientProtocolClient$AsyncStreamObservers$1.onNext(GrpcClientProtocolClient.java:322)
	at org.apache.ratis.grpc.client.GrpcClientProtocolClient$AsyncStreamObservers$1.onNext(GrpcClientProtocolClient.java:305)
	at org.apache.ratis.thirdparty.io.grpc.stub.ClientCalls$StreamObserverToCallListenerAdapter.onMessage(ClientCalls.java:474)
	at org.apache.ratis.thirdparty.io.grpc.ForwardingClientCallListener.onMessage(ForwardingClientCallListener.java:33)
	at org.apache.ratis.thirdparty.io.grpc.internal.ClientCallImpl$ClientStreamListenerImpl$1MessagesAvailable.runInternal(ClientCallImpl.java:661)
	at org.apache.ratis.thirdparty.io.grpc.internal.ClientCallImpl$ClientStreamListenerImpl$1MessagesAvailable.runInContext(ClientCallImpl.java:646)
	at org.apache.ratis.thirdparty.io.grpc.internal.ContextRunnable.run(ContextRunnable.java:37)
	at org.apache.ratis.thirdparty.io.grpc.internal.SerializingExecutor.run(SerializingExecutor.java:133)
	... 3 more
Caused by: java.util.concurrent.CompletionException: Failed to write chunk 111677748019200550_chunk_1 into block conID: 7 locID: 111677748019200550 bcsId: 0
	at org.apache.hadoop.hdds.scm.storage.BlockOutputStream.lambda$writeChunkToContainer$3(BlockOutputStream.java:723)
	... 28 more
Caused by: java.util.concurrent.CompletionException: java.lang.NullPointerException
	at java.util.concurrent.CompletableFuture.encodeThrowable(CompletableFuture.java:273)
	at java.util.concurrent.CompletableFuture.completeThrowable(CompletableFuture.java:280)
	at java.util.concurrent.CompletableFuture.uniApply(CompletableFuture.java:618)
	at java.util.concurrent.CompletableFuture$UniApply.tryFire(CompletableFuture.java:591)
	... 26 more
Caused by: java.lang.NullPointerException
	at java.util.stream.ReferencePipeline$5$1.accept(ReferencePipeline.java:227)
	at java.util.stream.ReferencePipeline$3$1.accept(ReferencePipeline.java:193)
	at java.util.ArrayList$ArrayListSpliterator.forEachRemaining(ArrayList.java:1384)
	at java.util.stream.AbstractPipeline.copyInto(AbstractPipeline.java:482)
	at java.util.stream.AbstractPipeline.wrapAndCopyInto(AbstractPipeline.java:472)
	at java.util.stream.ReduceOps$ReduceOp.evaluateSequential(ReduceOps.java:708)
	at java.util.stream.AbstractPipeline.evaluate(AbstractPipeline.java:234)
	at java.util.stream.LongPipeline.reduce(LongPipeline.java:466)
	at java.util.stream.LongPipeline.min(LongPipeline.java:424)
	at org.apache.hadoop.hdds.scm.XceiverClientRatis.updateCommitInfosMap(XceiverClientRatis.java:156)
	at org.apache.hadoop.hdds.scm.XceiverClientRatis.lambda$sendCommandAsync$6(XceiverClientRatis.java:367)
	at java.util.concurrent.CompletableFuture.uniApply(CompletableFuture.java:616)
	... 27 more
]]></system-err>
  </testcase>
</testsuite>