<?xml version="1.0" encoding="UTF-8"?>
<testsuite xmlns:xsi="http://www.w3.org/2001/XMLSchema-instance" xsi:noNamespaceSchemaLocation="https://maven.apache.org/surefire/maven-surefire-plugin/xsd/surefire-test-report.xsd" name="org.apache.hadoop.ozone.TestMiniOzoneCluster" time="242.929" tests="5" errors="1" skipped="0" failures="0">
  <properties>
    <property name="awt.toolkit" value="sun.awt.X11.XToolkit"/>
    <property name="file.encoding.pkg" value="sun.io"/>
    <property name="java.specification.version" value="1.8"/>
    <property name="sun.cpu.isalist" value=""/>
    <property name="sun.jnu.encoding" value="UTF-8"/>
    <property name="java.class.path" value="/home/runner/work/ozone/ozone/hadoop-ozone/integration-test/target/test-classes:/home/runner/work/ozone/ozone/hadoop-ozone/integration-test/target/classes:/home/runner/.m2/repository/org/apache/ozone/ozone-common/1.3.0-SNAPSHOT/ozone-common-1.3.0-SNAPSHOT.jar:/home/runner/.m2/repository/org/apache/commons/commons-compress/1.21/commons-compress-1.21.jar:/home/runner/.m2/repository/org/apache/ozone/hdds-common/1.3.0-SNAPSHOT/hdds-common-1.3.0-SNAPSHOT.jar:/home/runner/.m2/repository/org/apache/ozone/hdds-client/1.3.0-SNAPSHOT/hdds-client-1.3.0-SNAPSHOT.jar:/home/runner/.m2/repository/org/apache/ozone/ozone-interface-client/1.3.0-SNAPSHOT/ozone-interface-client-1.3.0-SNAPSHOT.jar:/home/runner/.m2/repository/org/apache/ozone/hdds-test-utils/1.3.0-SNAPSHOT/hdds-test-utils-1.3.0-SNAPSHOT.jar:/home/runner/.m2/repository/com/google/guava/guava/30.1.1-jre/guava-30.1.1-jre.jar:/home/runner/.m2/repository/com/google/guava/failureaccess/1.0.1/failureaccess-1.0.1.jar:/home/runner/.m2/repository/com/google/guava/listenablefuture/9999.0-empty-to-avoid-conflict-with-guava/listenablefuture-9999.0-empty-to-avoid-conflict-with-guava.jar:/home/runner/.m2/repository/com/google/code/findbugs/jsr305/3.0.0/jsr305-3.0.0.jar:/home/runner/.m2/repository/org/checkerframework/checker-qual/3.8.0/checker-qual-3.8.0.jar:/home/runner/.m2/repository/com/google/errorprone/error_prone_annotations/2.2.0/error_prone_annotations-2.2.0.jar:/home/runner/.m2/repository/com/google/j2objc/j2objc-annotations/1.3/j2objc-annotations-1.3.jar:/home/runner/.m2/repository/commons-io/commons-io/2.11.0/commons-io-2.11.0.jar:/home/runner/.m2/repository/commons-logging/commons-logging/1.2/commons-logging-1.2.jar:/home/runner/.m2/repository/log4j/log4j/1.2.17/log4j-1.2.17.jar:/home/runner/.m2/repository/org/slf4j/slf4j-api/1.7.30/slf4j-api-1.7.30.jar:/home/runner/.m2/repository/org/apache/ozone/hdds-server-scm/1.3.0-SNAPSHOT/hdds-server-scm-1.3.0-SNAPSHOT.jar:/home/runner/.m2/repository/org/apache/ozone/hdds-container-service/1.3.0-SNAPSHOT/hdds-container-service-1.3.0-SNAPSHOT.jar:/home/runner/.m2/repository/org/apache/ozone/hdds-hadoop-dependency-server/1.3.0-SNAPSHOT/hdds-hadoop-dependency-server-1.3.0-SNAPSHOT.jar:/home/runner/.m2/repository/org/apache/hadoop/hadoop-hdfs/3.3.1/hadoop-hdfs-3.3.1.jar:/home/runner/.m2/repository/org/apache/ozone/hdds-server-framework/1.3.0-SNAPSHOT/hdds-server-framework-1.3.0-SNAPSHOT.jar:/home/runner/.m2/repository/org/apache/ozone/hdds-interface-server/1.3.0-SNAPSHOT/hdds-interface-server-1.3.0-SNAPSHOT.jar:/home/runner/.m2/repository/org/eclipse/jetty/jetty-servlet/9.4.43.v20210629/jetty-servlet-9.4.43.v20210629.jar:/home/runner/.m2/repository/org/eclipse/jetty/jetty-security/9.4.43.v20210629/jetty-security-9.4.43.v20210629.jar:/home/runner/.m2/repository/org/rocksdb/rocksdbjni/6.25.3/rocksdbjni-6.25.3.jar:/home/runner/.m2/repository/io/prometheus/simpleclient_dropwizard/0.7.0/simpleclient_dropwizard-0.7.0.jar:/home/runner/.m2/repository/io/prometheus/simpleclient/0.7.0/simpleclient-0.7.0.jar:/home/runner/.m2/repository/io/prometheus/simpleclient_common/0.7.0/simpleclient_common-0.7.0.jar:/home/runner/.m2/repository/com/fasterxml/jackson/datatype/jackson-datatype-jsr310/2.12.1/jackson-datatype-jsr310-2.12.1.jar:/home/runner/.m2/repository/io/dropwizard/metrics/metrics-core/3.2.4/metrics-core-3.2.4.jar:/home/runner/.m2/repository/org/apache/hadoop/hadoop-hdfs-client/3.3.1/hadoop-hdfs-client-3.3.1.jar:/home/runner/.m2/repository/org/bouncycastle/bcprov-jdk15on/1.67/bcprov-jdk15on-1.67.jar:/home/runner/.m2/repository/com/google/protobuf/protobuf-java/2.5.0/protobuf-java-2.5.0.jar:/home/runner/.m2/repository/org/apache/ozone/ozone-manager/1.3.0-SNAPSHOT/ozone-manager-1.3.0-SNAPSHOT.jar:/home/runner/.m2/repository/org/aspectj/aspectjrt/1.9.7/aspectjrt-1.9.7.jar:/home/runner/.m2/repository/org/aspectj/aspectjweaver/1.9.7/aspectjweaver-1.9.7.jar:/home/runner/.m2/repository/org/apache/ozone/hdds-interface-client/1.3.0-SNAPSHOT/hdds-interface-client-1.3.0-SNAPSHOT.jar:/home/runner/.m2/repository/org/apache/hadoop/thirdparty/hadoop-shaded-protobuf_3_7/1.1.1/hadoop-shaded-protobuf_3_7-1.1.1.jar:/home/runner/.m2/repository/org/apache/ozone/ozone-interface-storage/1.3.0-SNAPSHOT/ozone-interface-storage-1.3.0-SNAPSHOT.jar:/home/runner/.m2/repository/org/reflections/reflections/0.9.11/reflections-0.9.11.jar:/home/runner/.m2/repository/org/apache/hadoop/hadoop-minikdc/3.3.1/hadoop-minikdc-3.3.1.jar:/home/runner/.m2/repository/org/apache/kerby/kerb-simplekdc/1.0.1/kerb-simplekdc-1.0.1.jar:/home/runner/.m2/repository/org/apache/kerby/kerb-client/1.0.1/kerb-client-1.0.1.jar:/home/runner/.m2/repository/org/apache/kerby/kerby-config/1.0.1/kerby-config-1.0.1.jar:/home/runner/.m2/repository/org/apache/kerby/kerb-common/1.0.1/kerb-common-1.0.1.jar:/home/runner/.m2/repository/org/apache/kerby/kerb-crypto/1.0.1/kerb-crypto-1.0.1.jar:/home/runner/.m2/repository/org/apache/kerby/kerb-util/1.0.1/kerb-util-1.0.1.jar:/home/runner/.m2/repository/org/apache/kerby/token-provider/1.0.1/token-provider-1.0.1.jar:/home/runner/.m2/repository/org/apache/kerby/kerb-admin/1.0.1/kerb-admin-1.0.1.jar:/home/runner/.m2/repository/org/apache/kerby/kerb-server/1.0.1/kerb-server-1.0.1.jar:/home/runner/.m2/repository/org/apache/kerby/kerb-identity/1.0.1/kerb-identity-1.0.1.jar:/home/runner/.m2/repository/org/apache/kerby/kerby-xdr/1.0.1/kerby-xdr-1.0.1.jar:/home/runner/.m2/repository/org/slf4j/slf4j-log4j12/1.7.30/slf4j-log4j12-1.7.30.jar:/home/runner/.m2/repository/org/apache/ozone/ozone-s3gateway/1.3.0-SNAPSHOT/ozone-s3gateway-1.3.0-SNAPSHOT.jar:/home/runner/.m2/repository/org/javassist/javassist/3.21.0-GA/javassist-3.21.0-GA.jar:/home/runner/.m2/repository/org/jboss/weld/servlet/weld-servlet/2.4.7.Final/weld-servlet-2.4.7.Final.jar:/home/runner/.m2/repository/org/glassfish/jersey/containers/jersey-container-servlet-core/2.33/jersey-container-servlet-core-2.33.jar:/home/runner/.m2/repository/org/glassfish/hk2/external/jakarta.inject/2.6.1/jakarta.inject-2.6.1.jar:/home/runner/.m2/repository/org/glassfish/jersey/core/jersey-common/2.33/jersey-common-2.33.jar:/home/runner/.m2/repository/jakarta/ws/rs/jakarta.ws.rs-api/2.1.6/jakarta.ws.rs-api-2.1.6.jar:/home/runner/.m2/repository/org/glassfish/jersey/ext/cdi/jersey-cdi1x/2.33/jersey-cdi1x-2.33.jar:/home/runner/.m2/repository/org/glassfish/jersey/inject/jersey-hk2/2.33/jersey-hk2-2.33.jar:/home/runner/.m2/repository/org/glassfish/hk2/hk2-locator/2.6.1/hk2-locator-2.6.1.jar:/home/runner/.m2/repository/org/glassfish/jersey/media/jersey-media-jaxb/2.33/jersey-media-jaxb-2.33.jar:/home/runner/.m2/repository/org/glassfish/hk2/osgi-resource-locator/1.0.3/osgi-resource-locator-1.0.3.jar:/home/runner/.m2/repository/org/glassfish/hk2/hk2-api/2.5.0/hk2-api-2.5.0.jar:/home/runner/.m2/repository/org/glassfish/hk2/hk2-utils/2.5.0/hk2-utils-2.5.0.jar:/home/runner/.m2/repository/org/glassfish/hk2/external/aopalliance-repackaged/2.5.0/aopalliance-repackaged-2.5.0.jar:/home/runner/.m2/repository/com/fasterxml/jackson/dataformat/jackson-dataformat-xml/2.12.1/jackson-dataformat-xml-2.12.1.jar:/home/runner/.m2/repository/com/fasterxml/jackson/core/jackson-core/2.12.1/jackson-core-2.12.1.jar:/home/runner/.m2/repository/com/fasterxml/jackson/module/jackson-module-jaxb-annotations/2.12.1/jackson-module-jaxb-annotations-2.12.1.jar:/home/runner/.m2/repository/jakarta/xml/bind/jakarta.xml.bind-api/2.3.2/jakarta.xml.bind-api-2.3.2.jar:/home/runner/.m2/repository/org/codehaus/woodstox/stax2-api/3.1.4/stax2-api-3.1.4.jar:/home/runner/.m2/repository/com/fasterxml/woodstox/woodstox-core/5.0.3/woodstox-core-5.0.3.jar:/home/runner/.m2/repository/javax/enterprise/cdi-api/1.2/cdi-api-1.2.jar:/home/runner/.m2/repository/javax/el/javax.el-api/3.0.0/javax.el-api-3.0.0.jar:/home/runner/.m2/repository/javax/interceptor/javax.interceptor-api/1.2/javax.interceptor-api-1.2.jar:/home/runner/.m2/repository/javax/inject/javax.inject/1/javax.inject-1.jar:/home/runner/.m2/repository/javax/xml/bind/jaxb-api/2.3.0/jaxb-api-2.3.0.jar:/home/runner/.m2/repository/org/glassfish/jaxb/jaxb-runtime/2.3.0.1/jaxb-runtime-2.3.0.1.jar:/home/runner/.m2/repository/org/glassfish/jaxb/jaxb-core/2.3.0.1/jaxb-core-2.3.0.1.jar:/home/runner/.m2/repository/org/glassfish/jaxb/txw2/2.3.0.1/txw2-2.3.0.1.jar:/home/runner/.m2/repository/com/sun/istack/istack-commons-runtime/3.0.5/istack-commons-runtime-3.0.5.jar:/home/runner/.m2/repository/org/jvnet/staxex/stax-ex/1.7.8/stax-ex-1.7.8.jar:/home/runner/.m2/repository/com/sun/xml/fastinfoset/FastInfoset/1.2.13/FastInfoset-1.2.13.jar:/home/runner/.m2/repository/javax/activation/activation/1.1.1/activation-1.1.1.jar:/home/runner/.m2/repository/org/apache/ozone/ozone-csi/1.3.0-SNAPSHOT/ozone-csi-1.3.0-SNAPSHOT.jar:/home/runner/.m2/repository/com/google/protobuf/protobuf-java-util/3.12.0/protobuf-java-util-3.12.0.jar:/home/runner/.m2/repository/com/google/code/gson/gson/2.2.4/gson-2.2.4.jar:/home/runner/.m2/repository/org/apache/ozone/hdds-config/1.3.0-SNAPSHOT/hdds-config-1.3.0-SNAPSHOT.jar:/home/runner/.m2/repository/io/grpc/grpc-netty/1.33.0/grpc-netty-1.33.0.jar:/home/runner/.m2/repository/io/grpc/grpc-core/1.33.0/grpc-core-1.33.0.jar:/home/runner/.m2/repository/com/google/android/annotations/4.1.1.4/annotations-4.1.1.4.jar:/home/runner/.m2/repository/io/netty/netty-codec-http2/4.1.63.Final/netty-codec-http2-4.1.63.Final.jar:/home/runner/.m2/repository/io/netty/netty-codec-http/4.1.63.Final/netty-codec-http-4.1.63.Final.jar:/home/runner/.m2/repository/io/netty/netty-handler-proxy/4.1.63.Final/netty-handler-proxy-4.1.63.Final.jar:/home/runner/.m2/repository/io/netty/netty-codec-socks/4.1.63.Final/netty-codec-socks-4.1.63.Final.jar:/home/runner/.m2/repository/io/perfmark/perfmark-api/0.19.0/perfmark-api-0.19.0.jar:/home/runner/.m2/repository/org/codehaus/mojo/animal-sniffer-annotations/1.18/animal-sniffer-annotations-1.18.jar:/home/runner/.m2/repository/io/netty/netty-transport-native-epoll/4.1.63.Final/netty-transport-native-epoll-4.1.63.Final.jar:/home/runner/.m2/repository/io/netty/netty-common/4.1.63.Final/netty-common-4.1.63.Final.jar:/home/runner/.m2/repository/io/netty/netty-buffer/4.1.63.Final/netty-buffer-4.1.63.Final.jar:/home/runner/.m2/repository/io/netty/netty-transport-native-unix-common/4.1.63.Final/netty-transport-native-unix-common-4.1.63.Final.jar:/home/runner/.m2/repository/io/grpc/grpc-protobuf/1.33.0/grpc-protobuf-1.33.0.jar:/home/runner/.m2/repository/io/grpc/grpc-api/1.33.0/grpc-api-1.33.0.jar:/home/runner/.m2/repository/io/grpc/grpc-context/1.33.0/grpc-context-1.33.0.jar:/home/runner/.m2/repository/com/google/api/grpc/proto-google-common-protos/1.17.0/proto-google-common-protos-1.17.0.jar:/home/runner/.m2/repository/io/grpc/grpc-protobuf-lite/1.33.0/grpc-protobuf-lite-1.33.0.jar:/home/runner/.m2/repository/io/grpc/grpc-stub/1.33.0/grpc-stub-1.33.0.jar:/home/runner/.m2/repository/org/apache/ozone/ozone-recon/1.3.0-SNAPSHOT/ozone-recon-1.3.0-SNAPSHOT.jar:/home/runner/.m2/repository/org/apache/ozone/ozone-reconcodegen/1.3.0-SNAPSHOT/ozone-reconcodegen-1.3.0-SNAPSHOT.jar:/home/runner/.m2/repository/com/google/inject/extensions/guice-multibindings/4.0/guice-multibindings-4.0.jar:/home/runner/.m2/repository/com/google/inject/guice/4.0/guice-4.0.jar:/home/runner/.m2/repository/aopalliance/aopalliance/1.0/aopalliance-1.0.jar:/home/runner/.m2/repository/com/google/inject/extensions/guice-assistedinject/4.0/guice-assistedinject-4.0.jar:/home/runner/.m2/repository/com/google/inject/extensions/guice-servlet/4.0/guice-servlet-4.0.jar:/home/runner/.m2/repository/org/glassfish/jersey/containers/jersey-container-servlet/2.33/jersey-container-servlet-2.33.jar:/home/runner/.m2/repository/org/glassfish/hk2/guice-bridge/2.5.0/guice-bridge-2.5.0.jar:/home/runner/.m2/repository/org/glassfish/jersey/core/jersey-server/2.33/jersey-server-2.33.jar:/home/runner/.m2/repository/org/glassfish/jersey/core/jersey-client/2.33/jersey-client-2.33.jar:/home/runner/.m2/repository/jakarta/annotation/jakarta.annotation-api/1.3.5/jakarta.annotation-api-1.3.5.jar:/home/runner/.m2/repository/jakarta/validation/jakarta.validation-api/2.0.2/jakarta.validation-api-2.0.2.jar:/home/runner/.m2/repository/org/glassfish/jersey/media/jersey-media-json-jackson/2.33/jersey-media-json-jackson-2.33.jar:/home/runner/.m2/repository/org/glassfish/jersey/ext/jersey-entity-filtering/2.33/jersey-entity-filtering-2.33.jar:/home/runner/.m2/repository/org/jooq/jooq/3.11.10/jooq-3.11.10.jar:/home/runner/.m2/repository/org/jooq/jooq-meta/3.11.10/jooq-meta-3.11.10.jar:/home/runner/.m2/repository/org/jooq/jooq-codegen/3.11.10/jooq-codegen-3.11.10.jar:/home/runner/.m2/repository/com/jolbox/bonecp/0.8.0.RELEASE/bonecp-0.8.0.RELEASE.jar:/home/runner/.m2/repository/org/apache/derby/derby/10.14.2.0/derby-10.14.2.0.jar:/home/runner/.m2/repository/org/xerial/sqlite-jdbc/3.25.2/sqlite-jdbc-3.25.2.jar:/home/runner/.m2/repository/org/springframework/spring-jdbc/5.2.18.RELEASE/spring-jdbc-5.2.18.RELEASE.jar:/home/runner/.m2/repository/org/springframework/spring-beans/5.2.18.RELEASE/spring-beans-5.2.18.RELEASE.jar:/home/runner/.m2/repository/org/springframework/spring-core/5.2.18.RELEASE/spring-core-5.2.18.RELEASE.jar:/home/runner/.m2/repository/org/springframework/spring-jcl/5.2.18.RELEASE/spring-jcl-5.2.18.RELEASE.jar:/home/runner/.m2/repository/org/springframework/spring-tx/5.2.18.RELEASE/spring-tx-5.2.18.RELEASE.jar:/home/runner/.m2/repository/org/apache/ozone/ozone-client/1.3.0-SNAPSHOT/ozone-client-1.3.0-SNAPSHOT.jar:/home/runner/.m2/repository/org/apache/ozone/ozone-filesystem/1.3.0-SNAPSHOT/ozone-filesystem-1.3.0-SNAPSHOT.jar:/home/runner/.m2/repository/org/apache/ozone/ozone-filesystem-common/1.3.0-SNAPSHOT/ozone-filesystem-common-1.3.0-SNAPSHOT.jar:/home/runner/.m2/repository/org/apache/ozone/ozone-tools/1.3.0-SNAPSHOT/ozone-tools-1.3.0-SNAPSHOT.jar:/home/runner/.m2/repository/org/apache/ratis/ratis-tools/2.2.0/ratis-tools-2.2.0.jar:/home/runner/.m2/repository/com/amazonaws/aws-java-sdk-core/1.12.124/aws-java-sdk-core-1.12.124.jar:/home/runner/.m2/repository/org/apache/httpcomponents/httpclient/4.5.13/httpclient-4.5.13.jar:/home/runner/.m2/repository/org/apache/httpcomponents/httpcore/4.4.13/httpcore-4.4.13.jar:/home/runner/.m2/repository/software/amazon/ion/ion-java/1.0.2/ion-java-1.0.2.jar:/home/runner/.m2/repository/com/fasterxml/jackson/dataformat/jackson-dataformat-cbor/2.12.1/jackson-dataformat-cbor-2.12.1.jar:/home/runner/.m2/repository/joda-time/joda-time/2.8.1/joda-time-2.8.1.jar:/home/runner/.m2/repository/com/amazonaws/aws-java-sdk-s3/1.12.124/aws-java-sdk-s3-1.12.124.jar:/home/runner/.m2/repository/com/amazonaws/aws-java-sdk-kms/1.12.124/aws-java-sdk-kms-1.12.124.jar:/home/runner/.m2/repository/com/amazonaws/jmespath-java/1.12.124/jmespath-java-1.12.124.jar:/home/runner/.m2/repository/org/kohsuke/metainf-services/metainf-services/1.8/metainf-services-1.8.jar:/home/runner/.m2/repository/org/apache/ozone/hdds-tools/1.3.0-SNAPSHOT/hdds-tools-1.3.0-SNAPSHOT.jar:/home/runner/.m2/repository/commons-cli/commons-cli/1.2/commons-cli-1.2.jar:/home/runner/.m2/repository/org/apache/commons/commons-lang3/3.7/commons-lang3-3.7.jar:/home/runner/.m2/repository/org/apache/ozone/ozone-manager/1.3.0-SNAPSHOT/ozone-manager-1.3.0-SNAPSHOT-tests.jar:/home/runner/.m2/repository/org/apache/ozone/hdds-common/1.3.0-SNAPSHOT/hdds-common-1.3.0-SNAPSHOT-tests.jar:/home/runner/.m2/repository/org/apache/ozone/hdds-hadoop-dependency-client/1.3.0-SNAPSHOT/hdds-hadoop-dependency-client-1.3.0-SNAPSHOT.jar:/home/runner/.m2/repository/info/picocli/picocli/4.6.1/picocli-4.6.1.jar:/home/runner/.m2/repository/com/fasterxml/jackson/core/jackson-annotations/2.12.1/jackson-annotations-2.12.1.jar:/home/runner/.m2/repository/javax/annotation/javax.annotation-api/1.2/javax.annotation-api-1.2.jar:/home/runner/.m2/repository/org/apache/ratis/ratis-server/2.2.0/ratis-server-2.2.0.jar:/home/runner/.m2/repository/org/apache/ratis/ratis-client/2.2.0/ratis-client-2.2.0.jar:/home/runner/.m2/repository/org/apache/ratis/ratis-server-api/2.2.0/ratis-server-api-2.2.0.jar:/home/runner/.m2/repository/org/apache/ratis/ratis-metrics/2.2.0/ratis-metrics-2.2.0.jar:/home/runner/.m2/repository/org/apache/ratis/ratis-netty/2.2.0/ratis-netty-2.2.0.jar:/home/runner/.m2/repository/org/apache/ratis/ratis-grpc/2.2.0/ratis-grpc-2.2.0.jar:/home/runner/.m2/repository/org/apache/logging/log4j/log4j-api/2.17.1/log4j-api-2.17.1.jar:/home/runner/.m2/repository/org/apache/logging/log4j/log4j-core/2.17.1/log4j-core-2.17.1.jar:/home/runner/.m2/repository/com/lmax/disruptor/3.4.2/disruptor-3.4.2.jar:/home/runner/.m2/repository/org/apache/commons/commons-pool2/2.6.0/commons-pool2-2.6.0.jar:/home/runner/.m2/repository/org/bouncycastle/bcpkix-jdk15on/1.67/bcpkix-jdk15on-1.67.jar:/home/runner/.m2/repository/commons-validator/commons-validator/1.6/commons-validator-1.6.jar:/home/runner/.m2/repository/commons-beanutils/commons-beanutils/1.9.4/commons-beanutils-1.9.4.jar:/home/runner/.m2/repository/commons-digester/commons-digester/1.8.1/commons-digester-1.8.1.jar:/home/runner/.m2/repository/commons-collections/commons-collections/3.2.2/commons-collections-3.2.2.jar:/home/runner/.m2/repository/io/jaegertracing/jaeger-client/1.6.0/jaeger-client-1.6.0.jar:/home/runner/.m2/repository/io/jaegertracing/jaeger-thrift/1.6.0/jaeger-thrift-1.6.0.jar:/home/runner/.m2/repository/org/apache/thrift/libthrift/0.14.1/libthrift-0.14.1.jar:/home/runner/.m2/repository/com/squareup/okhttp3/okhttp/4.9.0/okhttp-4.9.0.jar:/home/runner/.m2/repository/com/squareup/okio/okio/2.8.0/okio-2.8.0.jar:/home/runner/.m2/repository/io/jaegertracing/jaeger-core/1.6.0/jaeger-core-1.6.0.jar:/home/runner/.m2/repository/io/jaegertracing/jaeger-tracerresolver/1.6.0/jaeger-tracerresolver-1.6.0.jar:/home/runner/.m2/repository/io/opentracing/contrib/opentracing-tracerresolver/0.1.8/opentracing-tracerresolver-0.1.8.jar:/home/runner/.m2/repository/org/jetbrains/kotlin/kotlin-stdlib/1.4.31/kotlin-stdlib-1.4.31.jar:/home/runner/.m2/repository/org/jetbrains/kotlin/kotlin-stdlib-common/1.4.31/kotlin-stdlib-common-1.4.31.jar:/home/runner/.m2/repository/org/jetbrains/annotations/13.0/annotations-13.0.jar:/home/runner/.m2/repository/io/opentracing/opentracing-util/0.33.0/opentracing-util-0.33.0.jar:/home/runner/.m2/repository/io/opentracing/opentracing-api/0.33.0/opentracing-api-0.33.0.jar:/home/runner/.m2/repository/io/opentracing/opentracing-noop/0.33.0/opentracing-noop-0.33.0.jar:/home/runner/.m2/repository/org/yaml/snakeyaml/1.26/snakeyaml-1.26.jar:/home/runner/.m2/repository/org/apache/ozone/hdds-interface-admin/1.3.0-SNAPSHOT/hdds-interface-admin-1.3.0-SNAPSHOT.jar:/home/runner/.m2/repository/junit/junit/4.13.1/junit-4.13.1.jar:/home/runner/.m2/repository/org/hamcrest/hamcrest-core/1.3/hamcrest-core-1.3.jar:/home/runner/.m2/repository/org/junit/jupiter/junit-jupiter-api/5.7.0/junit-jupiter-api-5.7.0.jar:/home/runner/.m2/repository/org/apiguardian/apiguardian-api/1.1.0/apiguardian-api-1.1.0.jar:/home/runner/.m2/repository/org/opentest4j/opentest4j/1.2.0/opentest4j-1.2.0.jar:/home/runner/.m2/repository/org/junit/platform/junit-platform-commons/1.7.0/junit-platform-commons-1.7.0.jar:/home/runner/.m2/repository/org/junit/jupiter/junit-jupiter-engine/5.7.0/junit-jupiter-engine-5.7.0.jar:/home/runner/.m2/repository/org/junit/platform/junit-platform-engine/1.7.0/junit-platform-engine-1.7.0.jar:/home/runner/.m2/repository/org/junit/vintage/junit-vintage-engine/5.7.0/junit-vintage-engine-5.7.0.jar:/home/runner/.m2/repository/org/junit/platform/junit-platform-launcher/1.7.0/junit-platform-launcher-1.7.0.jar:/home/runner/.m2/repository/org/mockito/mockito-core/2.28.2/mockito-core-2.28.2.jar:/home/runner/.m2/repository/net/bytebuddy/byte-buddy/1.9.10/byte-buddy-1.9.10.jar:/home/runner/.m2/repository/net/bytebuddy/byte-buddy-agent/1.9.10/byte-buddy-agent-1.9.10.jar:/home/runner/.m2/repository/org/objenesis/objenesis/1.0/objenesis-1.0.jar:/home/runner/.m2/repository/org/apache/hadoop/hadoop-kms/3.3.1/hadoop-kms-3.3.1.jar:/home/runner/.m2/repository/org/apache/hadoop/hadoop-auth/3.3.1/hadoop-auth-3.3.1.jar:/home/runner/.m2/repository/com/nimbusds/nimbus-jose-jwt/7.9/nimbus-jose-jwt-7.9.jar:/home/runner/.m2/repository/com/github/stephenc/jcip/jcip-annotations/1.0-1/jcip-annotations-1.0-1.jar:/home/runner/.m2/repository/net/minidev/json-smart/2.4.7/json-smart-2.4.7.jar:/home/runner/.m2/repository/net/minidev/accessors-smart/2.4.7/accessors-smart-2.4.7.jar:/home/runner/.m2/repository/org/ow2/asm/asm/5.0.4/asm-5.0.4.jar:/home/runner/.m2/repository/org/apache/zookeeper/zookeeper/3.5.6/zookeeper-3.5.6.jar:/home/runner/.m2/repository/org/apache/zookeeper/zookeeper-jute/3.5.6/zookeeper-jute-3.5.6.jar:/home/runner/.m2/repository/org/apache/yetus/audience-annotations/0.5.0/audience-annotations-0.5.0.jar:/home/runner/.m2/repository/org/apache/curator/curator-framework/4.2.0/curator-framework-4.2.0.jar:/home/runner/.m2/repository/org/apache/hadoop/thirdparty/hadoop-shaded-guava/1.1.1/hadoop-shaded-guava-1.1.1.jar:/home/runner/.m2/repository/com/sun/jersey/jersey-core/1.19/jersey-core-1.19.jar:/home/runner/.m2/repository/javax/ws/rs/jsr311-api/1.1.1/jsr311-api-1.1.1.jar:/home/runner/.m2/repository/com/sun/jersey/jersey-server/1.19/jersey-server-1.19.jar:/home/runner/.m2/repository/javax/servlet/javax.servlet-api/3.1.0/javax.servlet-api-3.1.0.jar:/home/runner/.m2/repository/org/eclipse/jetty/jetty-server/9.4.43.v20210629/jetty-server-9.4.43.v20210629.jar:/home/runner/.m2/repository/org/eclipse/jetty/jetty-http/9.4.43.v20210629/jetty-http-9.4.43.v20210629.jar:/home/runner/.m2/repository/org/eclipse/jetty/jetty-io/9.4.43.v20210629/jetty-io-9.4.43.v20210629.jar:/home/runner/.m2/repository/org/eclipse/jetty/jetty-webapp/9.4.43.v20210629/jetty-webapp-9.4.43.v20210629.jar:/home/runner/.m2/repository/org/eclipse/jetty/jetty-xml/9.4.43.v20210629/jetty-xml-9.4.43.v20210629.jar:/home/runner/.m2/repository/org/apache/hadoop/hadoop-common/3.3.1/hadoop-common-3.3.1.jar:/home/runner/.m2/repository/org/apache/commons/commons-math3/3.1.1/commons-math3-3.1.1.jar:/home/runner/.m2/repository/commons-net/commons-net/3.6/commons-net-3.6.jar:/home/runner/.m2/repository/jakarta/activation/jakarta.activation-api/1.2.1/jakarta.activation-api-1.2.1.jar:/home/runner/.m2/repository/com/sun/jersey/jersey-servlet/1.19/jersey-servlet-1.19.jar:/home/runner/.m2/repository/com/sun/jersey/jersey-json/1.19/jersey-json-1.19.jar:/home/runner/.m2/repository/org/codehaus/jettison/jettison/1.1/jettison-1.1.jar:/home/runner/.m2/repository/com/sun/xml/bind/jaxb-impl/2.2.3-1/jaxb-impl-2.2.3-1.jar:/home/runner/.m2/repository/org/codehaus/jackson/jackson-jaxrs/1.9.2/jackson-jaxrs-1.9.2.jar:/home/runner/.m2/repository/org/codehaus/jackson/jackson-xc/1.9.2/jackson-xc-1.9.2.jar:/home/runner/.m2/repository/org/apache/commons/commons-configuration2/2.1.1/commons-configuration2-2.1.1.jar:/home/runner/.m2/repository/org/apache/commons/commons-text/1.4/commons-text-1.4.jar:/home/runner/.m2/repository/com/google/re2j/re2j/1.1/re2j-1.1.jar:/home/runner/.m2/repository/com/jcraft/jsch/0.1.54/jsch-0.1.54.jar:/home/runner/.m2/repository/org/apache/curator/curator-client/4.2.0/curator-client-4.2.0.jar:/home/runner/.m2/repository/org/apache/curator/curator-recipes/4.2.0/curator-recipes-4.2.0.jar:/home/runner/.m2/repository/org/apache/kerby/kerb-core/1.0.1/kerb-core-1.0.1.jar:/home/runner/.m2/repository/org/apache/kerby/kerby-pkix/1.0.1/kerby-pkix-1.0.1.jar:/home/runner/.m2/repository/org/apache/kerby/kerby-asn1/1.0.1/kerby-asn1-1.0.1.jar:/home/runner/.m2/repository/org/apache/kerby/kerby-util/1.0.1/kerby-util-1.0.1.jar:/home/runner/.m2/repository/dnsjava/dnsjava/2.1.7/dnsjava-2.1.7.jar:/home/runner/.m2/repository/org/xerial/snappy/snappy-java/1.1.8.2/snappy-java-1.1.8.2.jar:/home/runner/.m2/repository/org/slf4j/jul-to-slf4j/1.7.30/jul-to-slf4j-1.7.30.jar:/home/runner/.m2/repository/org/eclipse/jetty/jetty-util/9.4.43.v20210629/jetty-util-9.4.43.v20210629.jar:/home/runner/.m2/repository/com/fasterxml/jackson/core/jackson-databind/2.12.1/jackson-databind-2.12.1.jar:/home/runner/.m2/repository/org/apache/hadoop/hadoop-kms/3.3.1/hadoop-kms-3.3.1-tests.jar:/home/runner/.m2/repository/org/apache/ozone/hdds-server-scm/1.3.0-SNAPSHOT/hdds-server-scm-1.3.0-SNAPSHOT-tests.jar:/home/runner/.m2/repository/org/apache/ozone/hdds-container-service/1.3.0-SNAPSHOT/hdds-container-service-1.3.0-SNAPSHOT-tests.jar:/home/runner/.m2/repository/commons-codec/commons-codec/1.11/commons-codec-1.11.jar:/home/runner/.m2/repository/io/netty/netty-transport/4.1.63.Final/netty-transport-4.1.63.Final.jar:/home/runner/.m2/repository/io/netty/netty-resolver/4.1.63.Final/netty-resolver-4.1.63.Final.jar:/home/runner/.m2/repository/io/netty/netty-codec/4.1.63.Final/netty-codec-4.1.63.Final.jar:/home/runner/.m2/repository/io/netty/netty-handler/4.1.63.Final/netty-handler-4.1.63.Final.jar:/home/runner/.m2/repository/org/apache/ozone/hdds-hadoop-dependency-test/1.3.0-SNAPSHOT/hdds-hadoop-dependency-test-1.3.0-SNAPSHOT.jar:/home/runner/.m2/repository/org/apache/hadoop/hadoop-common/3.3.1/hadoop-common-3.3.1-tests.jar:/home/runner/.m2/repository/org/assertj/assertj-core/3.12.2/assertj-core-3.12.2.jar:/home/runner/.m2/repository/org/apache/hadoop/hadoop-hdfs/3.3.1/hadoop-hdfs-3.3.1-tests.jar:/home/runner/.m2/repository/org/eclipse/jetty/jetty-util-ajax/9.4.43.v20210629/jetty-util-ajax-9.4.43.v20210629.jar:/home/runner/.m2/repository/commons-daemon/commons-daemon/1.0.13/commons-daemon-1.0.13.jar:/home/runner/.m2/repository/io/netty/netty/3.10.6.Final/netty-3.10.6.Final.jar:/home/runner/.m2/repository/io/netty/netty-all/4.1.63.Final/netty-all-4.1.63.Final.jar:/home/runner/.m2/repository/org/apache/htrace/htrace-core4/4.1.0-incubating/htrace-core4-4.1.0-incubating.jar:/home/runner/.m2/repository/org/fusesource/leveldbjni/leveldbjni-all/1.8/leveldbjni-all-1.8.jar:/home/runner/.m2/repository/org/apache/hadoop/hadoop-distcp/3.3.1/hadoop-distcp-3.3.1.jar:/home/runner/.m2/repository/org/apache/hadoop/hadoop-mapreduce-client-jobclient/3.3.1/hadoop-mapreduce-client-jobclient-3.3.1.jar:/home/runner/.m2/repository/org/apache/hadoop/hadoop-mapreduce-client-common/3.3.1/hadoop-mapreduce-client-common-3.3.1.jar:/home/runner/.m2/repository/org/apache/hadoop/hadoop-yarn-common/3.3.1/hadoop-yarn-common-3.3.1.jar:/home/runner/.m2/repository/org/apache/hadoop/hadoop-yarn-api/3.3.1/hadoop-yarn-api-3.3.1.jar:/home/runner/.m2/repository/com/sun/jersey/jersey-client/1.19/jersey-client-1.19.jar:/home/runner/.m2/repository/com/sun/jersey/contribs/jersey-guice/1.19/jersey-guice-1.19.jar:/home/runner/.m2/repository/com/fasterxml/jackson/jaxrs/jackson-jaxrs-json-provider/2.12.1/jackson-jaxrs-json-provider-2.12.1.jar:/home/runner/.m2/repository/com/fasterxml/jackson/jaxrs/jackson-jaxrs-base/2.12.1/jackson-jaxrs-base-2.12.1.jar:/home/runner/.m2/repository/org/apache/hadoop/hadoop-yarn-client/3.3.1/hadoop-yarn-client-3.3.1.jar:/home/runner/.m2/repository/org/eclipse/jetty/websocket/websocket-client/9.4.40.v20210413/websocket-client-9.4.40.v20210413.jar:/home/runner/.m2/repository/org/eclipse/jetty/jetty-client/9.4.40.v20210413/jetty-client-9.4.40.v20210413.jar:/home/runner/.m2/repository/org/eclipse/jetty/websocket/websocket-common/9.4.40.v20210413/websocket-common-9.4.40.v20210413.jar:/home/runner/.m2/repository/org/eclipse/jetty/websocket/websocket-api/9.4.40.v20210413/websocket-api-9.4.40.v20210413.jar:/home/runner/.m2/repository/org/jline/jline/3.9.0/jline-3.9.0.jar:/home/runner/.m2/repository/org/apache/hadoop/hadoop-mapreduce-client-core/3.3.1/hadoop-mapreduce-client-core-3.3.1.jar:/home/runner/.m2/repository/org/apache/avro/avro/1.7.7/avro-1.7.7.jar:/home/runner/.m2/repository/org/codehaus/jackson/jackson-core-asl/1.9.13/jackson-core-asl-1.9.13.jar:/home/runner/.m2/repository/org/codehaus/jackson/jackson-mapper-asl/1.9.13/jackson-mapper-asl-1.9.13.jar:/home/runner/.m2/repository/com/thoughtworks/paranamer/paranamer/2.3/paranamer-2.3.jar:/home/runner/.m2/repository/org/apache/hadoop/hadoop-annotations/3.3.1/hadoop-annotations-3.3.1.jar:/usr/lib/jvm/temurin-8-jdk-amd64/jre/../lib/tools.jar:/home/runner/.m2/repository/org/apache/hadoop/hadoop-distcp/3.3.1/hadoop-distcp-3.3.1-tests.jar:/home/runner/.m2/repository/org/apache/ratis/ratis-common/2.2.0/ratis-common-2.2.0.jar:/home/runner/.m2/repository/org/apache/ratis/ratis-thirdparty-misc/0.7.0/ratis-thirdparty-misc-0.7.0.jar:/home/runner/.m2/repository/org/apache/ratis/ratis-proto/2.2.0/ratis-proto-2.2.0.jar:"/>
    <property name="java.vm.vendor" value="Temurin"/>
    <property name="sun.arch.data.model" value="64"/>
    <property name="test.build.dir" value="/home/runner/work/ozone/ozone/hadoop-ozone/integration-test/target/test-dir"/>
    <property name="test.cache.data" value=""/>
    <property name="java.vendor.url" value="https://adoptium.net/"/>
    <property name="user.timezone" value=""/>
    <property name="java.vm.specification.version" value="1.8"/>
    <property name="os.name" value="Linux"/>
    <property name="test.build.data" value="/home/runner/work/ozone/ozone/hadoop-ozone/integration-test/target/test-dir"/>
    <property name="sun.java.launcher" value="SUN_STANDARD"/>
    <property name="sun.boot.library.path" value="/usr/lib/jvm/temurin-8-jdk-amd64/jre/lib/amd64"/>
    <property name="sun.java.command" value="/home/runner/work/ozone/ozone/hadoop-ozone/integration-test/target/surefire/surefirebooter250375881200343936.jar /home/runner/work/ozone/ozone/hadoop-ozone/integration-test/target/surefire 2022-03-03T00-54-41_613-jvmRun1 surefire5617034203246708tmp surefire_896101502170209628173tmp"/>
    <property name="surefire.test.class.path" value="/home/runner/work/ozone/ozone/hadoop-ozone/integration-test/target/test-classes:/home/runner/work/ozone/ozone/hadoop-ozone/integration-test/target/classes:/home/runner/.m2/repository/org/apache/ozone/ozone-common/1.3.0-SNAPSHOT/ozone-common-1.3.0-SNAPSHOT.jar:/home/runner/.m2/repository/org/apache/commons/commons-compress/1.21/commons-compress-1.21.jar:/home/runner/.m2/repository/org/apache/ozone/hdds-common/1.3.0-SNAPSHOT/hdds-common-1.3.0-SNAPSHOT.jar:/home/runner/.m2/repository/org/apache/ozone/hdds-client/1.3.0-SNAPSHOT/hdds-client-1.3.0-SNAPSHOT.jar:/home/runner/.m2/repository/org/apache/ozone/ozone-interface-client/1.3.0-SNAPSHOT/ozone-interface-client-1.3.0-SNAPSHOT.jar:/home/runner/.m2/repository/org/apache/ozone/hdds-test-utils/1.3.0-SNAPSHOT/hdds-test-utils-1.3.0-SNAPSHOT.jar:/home/runner/.m2/repository/com/google/guava/guava/30.1.1-jre/guava-30.1.1-jre.jar:/home/runner/.m2/repository/com/google/guava/failureaccess/1.0.1/failureaccess-1.0.1.jar:/home/runner/.m2/repository/com/google/guava/listenablefuture/9999.0-empty-to-avoid-conflict-with-guava/listenablefuture-9999.0-empty-to-avoid-conflict-with-guava.jar:/home/runner/.m2/repository/com/google/code/findbugs/jsr305/3.0.0/jsr305-3.0.0.jar:/home/runner/.m2/repository/org/checkerframework/checker-qual/3.8.0/checker-qual-3.8.0.jar:/home/runner/.m2/repository/com/google/errorprone/error_prone_annotations/2.2.0/error_prone_annotations-2.2.0.jar:/home/runner/.m2/repository/com/google/j2objc/j2objc-annotations/1.3/j2objc-annotations-1.3.jar:/home/runner/.m2/repository/commons-io/commons-io/2.11.0/commons-io-2.11.0.jar:/home/runner/.m2/repository/commons-logging/commons-logging/1.2/commons-logging-1.2.jar:/home/runner/.m2/repository/log4j/log4j/1.2.17/log4j-1.2.17.jar:/home/runner/.m2/repository/org/slf4j/slf4j-api/1.7.30/slf4j-api-1.7.30.jar:/home/runner/.m2/repository/org/apache/ozone/hdds-server-scm/1.3.0-SNAPSHOT/hdds-server-scm-1.3.0-SNAPSHOT.jar:/home/runner/.m2/repository/org/apache/ozone/hdds-container-service/1.3.0-SNAPSHOT/hdds-container-service-1.3.0-SNAPSHOT.jar:/home/runner/.m2/repository/org/apache/ozone/hdds-hadoop-dependency-server/1.3.0-SNAPSHOT/hdds-hadoop-dependency-server-1.3.0-SNAPSHOT.jar:/home/runner/.m2/repository/org/apache/hadoop/hadoop-hdfs/3.3.1/hadoop-hdfs-3.3.1.jar:/home/runner/.m2/repository/org/apache/ozone/hdds-server-framework/1.3.0-SNAPSHOT/hdds-server-framework-1.3.0-SNAPSHOT.jar:/home/runner/.m2/repository/org/apache/ozone/hdds-interface-server/1.3.0-SNAPSHOT/hdds-interface-server-1.3.0-SNAPSHOT.jar:/home/runner/.m2/repository/org/eclipse/jetty/jetty-servlet/9.4.43.v20210629/jetty-servlet-9.4.43.v20210629.jar:/home/runner/.m2/repository/org/eclipse/jetty/jetty-security/9.4.43.v20210629/jetty-security-9.4.43.v20210629.jar:/home/runner/.m2/repository/org/rocksdb/rocksdbjni/6.25.3/rocksdbjni-6.25.3.jar:/home/runner/.m2/repository/io/prometheus/simpleclient_dropwizard/0.7.0/simpleclient_dropwizard-0.7.0.jar:/home/runner/.m2/repository/io/prometheus/simpleclient/0.7.0/simpleclient-0.7.0.jar:/home/runner/.m2/repository/io/prometheus/simpleclient_common/0.7.0/simpleclient_common-0.7.0.jar:/home/runner/.m2/repository/com/fasterxml/jackson/datatype/jackson-datatype-jsr310/2.12.1/jackson-datatype-jsr310-2.12.1.jar:/home/runner/.m2/repository/io/dropwizard/metrics/metrics-core/3.2.4/metrics-core-3.2.4.jar:/home/runner/.m2/repository/org/apache/hadoop/hadoop-hdfs-client/3.3.1/hadoop-hdfs-client-3.3.1.jar:/home/runner/.m2/repository/org/bouncycastle/bcprov-jdk15on/1.67/bcprov-jdk15on-1.67.jar:/home/runner/.m2/repository/com/google/protobuf/protobuf-java/2.5.0/protobuf-java-2.5.0.jar:/home/runner/.m2/repository/org/apache/ozone/ozone-manager/1.3.0-SNAPSHOT/ozone-manager-1.3.0-SNAPSHOT.jar:/home/runner/.m2/repository/org/aspectj/aspectjrt/1.9.7/aspectjrt-1.9.7.jar:/home/runner/.m2/repository/org/aspectj/aspectjweaver/1.9.7/aspectjweaver-1.9.7.jar:/home/runner/.m2/repository/org/apache/ozone/hdds-interface-client/1.3.0-SNAPSHOT/hdds-interface-client-1.3.0-SNAPSHOT.jar:/home/runner/.m2/repository/org/apache/hadoop/thirdparty/hadoop-shaded-protobuf_3_7/1.1.1/hadoop-shaded-protobuf_3_7-1.1.1.jar:/home/runner/.m2/repository/org/apache/ozone/ozone-interface-storage/1.3.0-SNAPSHOT/ozone-interface-storage-1.3.0-SNAPSHOT.jar:/home/runner/.m2/repository/org/reflections/reflections/0.9.11/reflections-0.9.11.jar:/home/runner/.m2/repository/org/apache/hadoop/hadoop-minikdc/3.3.1/hadoop-minikdc-3.3.1.jar:/home/runner/.m2/repository/org/apache/kerby/kerb-simplekdc/1.0.1/kerb-simplekdc-1.0.1.jar:/home/runner/.m2/repository/org/apache/kerby/kerb-client/1.0.1/kerb-client-1.0.1.jar:/home/runner/.m2/repository/org/apache/kerby/kerby-config/1.0.1/kerby-config-1.0.1.jar:/home/runner/.m2/repository/org/apache/kerby/kerb-common/1.0.1/kerb-common-1.0.1.jar:/home/runner/.m2/repository/org/apache/kerby/kerb-crypto/1.0.1/kerb-crypto-1.0.1.jar:/home/runner/.m2/repository/org/apache/kerby/kerb-util/1.0.1/kerb-util-1.0.1.jar:/home/runner/.m2/repository/org/apache/kerby/token-provider/1.0.1/token-provider-1.0.1.jar:/home/runner/.m2/repository/org/apache/kerby/kerb-admin/1.0.1/kerb-admin-1.0.1.jar:/home/runner/.m2/repository/org/apache/kerby/kerb-server/1.0.1/kerb-server-1.0.1.jar:/home/runner/.m2/repository/org/apache/kerby/kerb-identity/1.0.1/kerb-identity-1.0.1.jar:/home/runner/.m2/repository/org/apache/kerby/kerby-xdr/1.0.1/kerby-xdr-1.0.1.jar:/home/runner/.m2/repository/org/slf4j/slf4j-log4j12/1.7.30/slf4j-log4j12-1.7.30.jar:/home/runner/.m2/repository/org/apache/ozone/ozone-s3gateway/1.3.0-SNAPSHOT/ozone-s3gateway-1.3.0-SNAPSHOT.jar:/home/runner/.m2/repository/org/javassist/javassist/3.21.0-GA/javassist-3.21.0-GA.jar:/home/runner/.m2/repository/org/jboss/weld/servlet/weld-servlet/2.4.7.Final/weld-servlet-2.4.7.Final.jar:/home/runner/.m2/repository/org/glassfish/jersey/containers/jersey-container-servlet-core/2.33/jersey-container-servlet-core-2.33.jar:/home/runner/.m2/repository/org/glassfish/hk2/external/jakarta.inject/2.6.1/jakarta.inject-2.6.1.jar:/home/runner/.m2/repository/org/glassfish/jersey/core/jersey-common/2.33/jersey-common-2.33.jar:/home/runner/.m2/repository/jakarta/ws/rs/jakarta.ws.rs-api/2.1.6/jakarta.ws.rs-api-2.1.6.jar:/home/runner/.m2/repository/org/glassfish/jersey/ext/cdi/jersey-cdi1x/2.33/jersey-cdi1x-2.33.jar:/home/runner/.m2/repository/org/glassfish/jersey/inject/jersey-hk2/2.33/jersey-hk2-2.33.jar:/home/runner/.m2/repository/org/glassfish/hk2/hk2-locator/2.6.1/hk2-locator-2.6.1.jar:/home/runner/.m2/repository/org/glassfish/jersey/media/jersey-media-jaxb/2.33/jersey-media-jaxb-2.33.jar:/home/runner/.m2/repository/org/glassfish/hk2/osgi-resource-locator/1.0.3/osgi-resource-locator-1.0.3.jar:/home/runner/.m2/repository/org/glassfish/hk2/hk2-api/2.5.0/hk2-api-2.5.0.jar:/home/runner/.m2/repository/org/glassfish/hk2/hk2-utils/2.5.0/hk2-utils-2.5.0.jar:/home/runner/.m2/repository/org/glassfish/hk2/external/aopalliance-repackaged/2.5.0/aopalliance-repackaged-2.5.0.jar:/home/runner/.m2/repository/com/fasterxml/jackson/dataformat/jackson-dataformat-xml/2.12.1/jackson-dataformat-xml-2.12.1.jar:/home/runner/.m2/repository/com/fasterxml/jackson/core/jackson-core/2.12.1/jackson-core-2.12.1.jar:/home/runner/.m2/repository/com/fasterxml/jackson/module/jackson-module-jaxb-annotations/2.12.1/jackson-module-jaxb-annotations-2.12.1.jar:/home/runner/.m2/repository/jakarta/xml/bind/jakarta.xml.bind-api/2.3.2/jakarta.xml.bind-api-2.3.2.jar:/home/runner/.m2/repository/org/codehaus/woodstox/stax2-api/3.1.4/stax2-api-3.1.4.jar:/home/runner/.m2/repository/com/fasterxml/woodstox/woodstox-core/5.0.3/woodstox-core-5.0.3.jar:/home/runner/.m2/repository/javax/enterprise/cdi-api/1.2/cdi-api-1.2.jar:/home/runner/.m2/repository/javax/el/javax.el-api/3.0.0/javax.el-api-3.0.0.jar:/home/runner/.m2/repository/javax/interceptor/javax.interceptor-api/1.2/javax.interceptor-api-1.2.jar:/home/runner/.m2/repository/javax/inject/javax.inject/1/javax.inject-1.jar:/home/runner/.m2/repository/javax/xml/bind/jaxb-api/2.3.0/jaxb-api-2.3.0.jar:/home/runner/.m2/repository/org/glassfish/jaxb/jaxb-runtime/2.3.0.1/jaxb-runtime-2.3.0.1.jar:/home/runner/.m2/repository/org/glassfish/jaxb/jaxb-core/2.3.0.1/jaxb-core-2.3.0.1.jar:/home/runner/.m2/repository/org/glassfish/jaxb/txw2/2.3.0.1/txw2-2.3.0.1.jar:/home/runner/.m2/repository/com/sun/istack/istack-commons-runtime/3.0.5/istack-commons-runtime-3.0.5.jar:/home/runner/.m2/repository/org/jvnet/staxex/stax-ex/1.7.8/stax-ex-1.7.8.jar:/home/runner/.m2/repository/com/sun/xml/fastinfoset/FastInfoset/1.2.13/FastInfoset-1.2.13.jar:/home/runner/.m2/repository/javax/activation/activation/1.1.1/activation-1.1.1.jar:/home/runner/.m2/repository/org/apache/ozone/ozone-csi/1.3.0-SNAPSHOT/ozone-csi-1.3.0-SNAPSHOT.jar:/home/runner/.m2/repository/com/google/protobuf/protobuf-java-util/3.12.0/protobuf-java-util-3.12.0.jar:/home/runner/.m2/repository/com/google/code/gson/gson/2.2.4/gson-2.2.4.jar:/home/runner/.m2/repository/org/apache/ozone/hdds-config/1.3.0-SNAPSHOT/hdds-config-1.3.0-SNAPSHOT.jar:/home/runner/.m2/repository/io/grpc/grpc-netty/1.33.0/grpc-netty-1.33.0.jar:/home/runner/.m2/repository/io/grpc/grpc-core/1.33.0/grpc-core-1.33.0.jar:/home/runner/.m2/repository/com/google/android/annotations/4.1.1.4/annotations-4.1.1.4.jar:/home/runner/.m2/repository/io/netty/netty-codec-http2/4.1.63.Final/netty-codec-http2-4.1.63.Final.jar:/home/runner/.m2/repository/io/netty/netty-codec-http/4.1.63.Final/netty-codec-http-4.1.63.Final.jar:/home/runner/.m2/repository/io/netty/netty-handler-proxy/4.1.63.Final/netty-handler-proxy-4.1.63.Final.jar:/home/runner/.m2/repository/io/netty/netty-codec-socks/4.1.63.Final/netty-codec-socks-4.1.63.Final.jar:/home/runner/.m2/repository/io/perfmark/perfmark-api/0.19.0/perfmark-api-0.19.0.jar:/home/runner/.m2/repository/org/codehaus/mojo/animal-sniffer-annotations/1.18/animal-sniffer-annotations-1.18.jar:/home/runner/.m2/repository/io/netty/netty-transport-native-epoll/4.1.63.Final/netty-transport-native-epoll-4.1.63.Final.jar:/home/runner/.m2/repository/io/netty/netty-common/4.1.63.Final/netty-common-4.1.63.Final.jar:/home/runner/.m2/repository/io/netty/netty-buffer/4.1.63.Final/netty-buffer-4.1.63.Final.jar:/home/runner/.m2/repository/io/netty/netty-transport-native-unix-common/4.1.63.Final/netty-transport-native-unix-common-4.1.63.Final.jar:/home/runner/.m2/repository/io/grpc/grpc-protobuf/1.33.0/grpc-protobuf-1.33.0.jar:/home/runner/.m2/repository/io/grpc/grpc-api/1.33.0/grpc-api-1.33.0.jar:/home/runner/.m2/repository/io/grpc/grpc-context/1.33.0/grpc-context-1.33.0.jar:/home/runner/.m2/repository/com/google/api/grpc/proto-google-common-protos/1.17.0/proto-google-common-protos-1.17.0.jar:/home/runner/.m2/repository/io/grpc/grpc-protobuf-lite/1.33.0/grpc-protobuf-lite-1.33.0.jar:/home/runner/.m2/repository/io/grpc/grpc-stub/1.33.0/grpc-stub-1.33.0.jar:/home/runner/.m2/repository/org/apache/ozone/ozone-recon/1.3.0-SNAPSHOT/ozone-recon-1.3.0-SNAPSHOT.jar:/home/runner/.m2/repository/org/apache/ozone/ozone-reconcodegen/1.3.0-SNAPSHOT/ozone-reconcodegen-1.3.0-SNAPSHOT.jar:/home/runner/.m2/repository/com/google/inject/extensions/guice-multibindings/4.0/guice-multibindings-4.0.jar:/home/runner/.m2/repository/com/google/inject/guice/4.0/guice-4.0.jar:/home/runner/.m2/repository/aopalliance/aopalliance/1.0/aopalliance-1.0.jar:/home/runner/.m2/repository/com/google/inject/extensions/guice-assistedinject/4.0/guice-assistedinject-4.0.jar:/home/runner/.m2/repository/com/google/inject/extensions/guice-servlet/4.0/guice-servlet-4.0.jar:/home/runner/.m2/repository/org/glassfish/jersey/containers/jersey-container-servlet/2.33/jersey-container-servlet-2.33.jar:/home/runner/.m2/repository/org/glassfish/hk2/guice-bridge/2.5.0/guice-bridge-2.5.0.jar:/home/runner/.m2/repository/org/glassfish/jersey/core/jersey-server/2.33/jersey-server-2.33.jar:/home/runner/.m2/repository/org/glassfish/jersey/core/jersey-client/2.33/jersey-client-2.33.jar:/home/runner/.m2/repository/jakarta/annotation/jakarta.annotation-api/1.3.5/jakarta.annotation-api-1.3.5.jar:/home/runner/.m2/repository/jakarta/validation/jakarta.validation-api/2.0.2/jakarta.validation-api-2.0.2.jar:/home/runner/.m2/repository/org/glassfish/jersey/media/jersey-media-json-jackson/2.33/jersey-media-json-jackson-2.33.jar:/home/runner/.m2/repository/org/glassfish/jersey/ext/jersey-entity-filtering/2.33/jersey-entity-filtering-2.33.jar:/home/runner/.m2/repository/org/jooq/jooq/3.11.10/jooq-3.11.10.jar:/home/runner/.m2/repository/org/jooq/jooq-meta/3.11.10/jooq-meta-3.11.10.jar:/home/runner/.m2/repository/org/jooq/jooq-codegen/3.11.10/jooq-codegen-3.11.10.jar:/home/runner/.m2/repository/com/jolbox/bonecp/0.8.0.RELEASE/bonecp-0.8.0.RELEASE.jar:/home/runner/.m2/repository/org/apache/derby/derby/10.14.2.0/derby-10.14.2.0.jar:/home/runner/.m2/repository/org/xerial/sqlite-jdbc/3.25.2/sqlite-jdbc-3.25.2.jar:/home/runner/.m2/repository/org/springframework/spring-jdbc/5.2.18.RELEASE/spring-jdbc-5.2.18.RELEASE.jar:/home/runner/.m2/repository/org/springframework/spring-beans/5.2.18.RELEASE/spring-beans-5.2.18.RELEASE.jar:/home/runner/.m2/repository/org/springframework/spring-core/5.2.18.RELEASE/spring-core-5.2.18.RELEASE.jar:/home/runner/.m2/repository/org/springframework/spring-jcl/5.2.18.RELEASE/spring-jcl-5.2.18.RELEASE.jar:/home/runner/.m2/repository/org/springframework/spring-tx/5.2.18.RELEASE/spring-tx-5.2.18.RELEASE.jar:/home/runner/.m2/repository/org/apache/ozone/ozone-client/1.3.0-SNAPSHOT/ozone-client-1.3.0-SNAPSHOT.jar:/home/runner/.m2/repository/org/apache/ozone/ozone-filesystem/1.3.0-SNAPSHOT/ozone-filesystem-1.3.0-SNAPSHOT.jar:/home/runner/.m2/repository/org/apache/ozone/ozone-filesystem-common/1.3.0-SNAPSHOT/ozone-filesystem-common-1.3.0-SNAPSHOT.jar:/home/runner/.m2/repository/org/apache/ozone/ozone-tools/1.3.0-SNAPSHOT/ozone-tools-1.3.0-SNAPSHOT.jar:/home/runner/.m2/repository/org/apache/ratis/ratis-tools/2.2.0/ratis-tools-2.2.0.jar:/home/runner/.m2/repository/com/amazonaws/aws-java-sdk-core/1.12.124/aws-java-sdk-core-1.12.124.jar:/home/runner/.m2/repository/org/apache/httpcomponents/httpclient/4.5.13/httpclient-4.5.13.jar:/home/runner/.m2/repository/org/apache/httpcomponents/httpcore/4.4.13/httpcore-4.4.13.jar:/home/runner/.m2/repository/software/amazon/ion/ion-java/1.0.2/ion-java-1.0.2.jar:/home/runner/.m2/repository/com/fasterxml/jackson/dataformat/jackson-dataformat-cbor/2.12.1/jackson-dataformat-cbor-2.12.1.jar:/home/runner/.m2/repository/joda-time/joda-time/2.8.1/joda-time-2.8.1.jar:/home/runner/.m2/repository/com/amazonaws/aws-java-sdk-s3/1.12.124/aws-java-sdk-s3-1.12.124.jar:/home/runner/.m2/repository/com/amazonaws/aws-java-sdk-kms/1.12.124/aws-java-sdk-kms-1.12.124.jar:/home/runner/.m2/repository/com/amazonaws/jmespath-java/1.12.124/jmespath-java-1.12.124.jar:/home/runner/.m2/repository/org/kohsuke/metainf-services/metainf-services/1.8/metainf-services-1.8.jar:/home/runner/.m2/repository/org/apache/ozone/hdds-tools/1.3.0-SNAPSHOT/hdds-tools-1.3.0-SNAPSHOT.jar:/home/runner/.m2/repository/commons-cli/commons-cli/1.2/commons-cli-1.2.jar:/home/runner/.m2/repository/org/apache/commons/commons-lang3/3.7/commons-lang3-3.7.jar:/home/runner/.m2/repository/org/apache/ozone/ozone-manager/1.3.0-SNAPSHOT/ozone-manager-1.3.0-SNAPSHOT-tests.jar:/home/runner/.m2/repository/org/apache/ozone/hdds-common/1.3.0-SNAPSHOT/hdds-common-1.3.0-SNAPSHOT-tests.jar:/home/runner/.m2/repository/org/apache/ozone/hdds-hadoop-dependency-client/1.3.0-SNAPSHOT/hdds-hadoop-dependency-client-1.3.0-SNAPSHOT.jar:/home/runner/.m2/repository/info/picocli/picocli/4.6.1/picocli-4.6.1.jar:/home/runner/.m2/repository/com/fasterxml/jackson/core/jackson-annotations/2.12.1/jackson-annotations-2.12.1.jar:/home/runner/.m2/repository/javax/annotation/javax.annotation-api/1.2/javax.annotation-api-1.2.jar:/home/runner/.m2/repository/org/apache/ratis/ratis-server/2.2.0/ratis-server-2.2.0.jar:/home/runner/.m2/repository/org/apache/ratis/ratis-client/2.2.0/ratis-client-2.2.0.jar:/home/runner/.m2/repository/org/apache/ratis/ratis-server-api/2.2.0/ratis-server-api-2.2.0.jar:/home/runner/.m2/repository/org/apache/ratis/ratis-metrics/2.2.0/ratis-metrics-2.2.0.jar:/home/runner/.m2/repository/org/apache/ratis/ratis-netty/2.2.0/ratis-netty-2.2.0.jar:/home/runner/.m2/repository/org/apache/ratis/ratis-grpc/2.2.0/ratis-grpc-2.2.0.jar:/home/runner/.m2/repository/org/apache/logging/log4j/log4j-api/2.17.1/log4j-api-2.17.1.jar:/home/runner/.m2/repository/org/apache/logging/log4j/log4j-core/2.17.1/log4j-core-2.17.1.jar:/home/runner/.m2/repository/com/lmax/disruptor/3.4.2/disruptor-3.4.2.jar:/home/runner/.m2/repository/org/apache/commons/commons-pool2/2.6.0/commons-pool2-2.6.0.jar:/home/runner/.m2/repository/org/bouncycastle/bcpkix-jdk15on/1.67/bcpkix-jdk15on-1.67.jar:/home/runner/.m2/repository/commons-validator/commons-validator/1.6/commons-validator-1.6.jar:/home/runner/.m2/repository/commons-beanutils/commons-beanutils/1.9.4/commons-beanutils-1.9.4.jar:/home/runner/.m2/repository/commons-digester/commons-digester/1.8.1/commons-digester-1.8.1.jar:/home/runner/.m2/repository/commons-collections/commons-collections/3.2.2/commons-collections-3.2.2.jar:/home/runner/.m2/repository/io/jaegertracing/jaeger-client/1.6.0/jaeger-client-1.6.0.jar:/home/runner/.m2/repository/io/jaegertracing/jaeger-thrift/1.6.0/jaeger-thrift-1.6.0.jar:/home/runner/.m2/repository/org/apache/thrift/libthrift/0.14.1/libthrift-0.14.1.jar:/home/runner/.m2/repository/com/squareup/okhttp3/okhttp/4.9.0/okhttp-4.9.0.jar:/home/runner/.m2/repository/com/squareup/okio/okio/2.8.0/okio-2.8.0.jar:/home/runner/.m2/repository/io/jaegertracing/jaeger-core/1.6.0/jaeger-core-1.6.0.jar:/home/runner/.m2/repository/io/jaegertracing/jaeger-tracerresolver/1.6.0/jaeger-tracerresolver-1.6.0.jar:/home/runner/.m2/repository/io/opentracing/contrib/opentracing-tracerresolver/0.1.8/opentracing-tracerresolver-0.1.8.jar:/home/runner/.m2/repository/org/jetbrains/kotlin/kotlin-stdlib/1.4.31/kotlin-stdlib-1.4.31.jar:/home/runner/.m2/repository/org/jetbrains/kotlin/kotlin-stdlib-common/1.4.31/kotlin-stdlib-common-1.4.31.jar:/home/runner/.m2/repository/org/jetbrains/annotations/13.0/annotations-13.0.jar:/home/runner/.m2/repository/io/opentracing/opentracing-util/0.33.0/opentracing-util-0.33.0.jar:/home/runner/.m2/repository/io/opentracing/opentracing-api/0.33.0/opentracing-api-0.33.0.jar:/home/runner/.m2/repository/io/opentracing/opentracing-noop/0.33.0/opentracing-noop-0.33.0.jar:/home/runner/.m2/repository/org/yaml/snakeyaml/1.26/snakeyaml-1.26.jar:/home/runner/.m2/repository/org/apache/ozone/hdds-interface-admin/1.3.0-SNAPSHOT/hdds-interface-admin-1.3.0-SNAPSHOT.jar:/home/runner/.m2/repository/junit/junit/4.13.1/junit-4.13.1.jar:/home/runner/.m2/repository/org/hamcrest/hamcrest-core/1.3/hamcrest-core-1.3.jar:/home/runner/.m2/repository/org/junit/jupiter/junit-jupiter-api/5.7.0/junit-jupiter-api-5.7.0.jar:/home/runner/.m2/repository/org/apiguardian/apiguardian-api/1.1.0/apiguardian-api-1.1.0.jar:/home/runner/.m2/repository/org/opentest4j/opentest4j/1.2.0/opentest4j-1.2.0.jar:/home/runner/.m2/repository/org/junit/platform/junit-platform-commons/1.7.0/junit-platform-commons-1.7.0.jar:/home/runner/.m2/repository/org/junit/jupiter/junit-jupiter-engine/5.7.0/junit-jupiter-engine-5.7.0.jar:/home/runner/.m2/repository/org/junit/platform/junit-platform-engine/1.7.0/junit-platform-engine-1.7.0.jar:/home/runner/.m2/repository/org/junit/vintage/junit-vintage-engine/5.7.0/junit-vintage-engine-5.7.0.jar:/home/runner/.m2/repository/org/junit/platform/junit-platform-launcher/1.7.0/junit-platform-launcher-1.7.0.jar:/home/runner/.m2/repository/org/mockito/mockito-core/2.28.2/mockito-core-2.28.2.jar:/home/runner/.m2/repository/net/bytebuddy/byte-buddy/1.9.10/byte-buddy-1.9.10.jar:/home/runner/.m2/repository/net/bytebuddy/byte-buddy-agent/1.9.10/byte-buddy-agent-1.9.10.jar:/home/runner/.m2/repository/org/objenesis/objenesis/1.0/objenesis-1.0.jar:/home/runner/.m2/repository/org/apache/hadoop/hadoop-kms/3.3.1/hadoop-kms-3.3.1.jar:/home/runner/.m2/repository/org/apache/hadoop/hadoop-auth/3.3.1/hadoop-auth-3.3.1.jar:/home/runner/.m2/repository/com/nimbusds/nimbus-jose-jwt/7.9/nimbus-jose-jwt-7.9.jar:/home/runner/.m2/repository/com/github/stephenc/jcip/jcip-annotations/1.0-1/jcip-annotations-1.0-1.jar:/home/runner/.m2/repository/net/minidev/json-smart/2.4.7/json-smart-2.4.7.jar:/home/runner/.m2/repository/net/minidev/accessors-smart/2.4.7/accessors-smart-2.4.7.jar:/home/runner/.m2/repository/org/ow2/asm/asm/5.0.4/asm-5.0.4.jar:/home/runner/.m2/repository/org/apache/zookeeper/zookeeper/3.5.6/zookeeper-3.5.6.jar:/home/runner/.m2/repository/org/apache/zookeeper/zookeeper-jute/3.5.6/zookeeper-jute-3.5.6.jar:/home/runner/.m2/repository/org/apache/yetus/audience-annotations/0.5.0/audience-annotations-0.5.0.jar:/home/runner/.m2/repository/org/apache/curator/curator-framework/4.2.0/curator-framework-4.2.0.jar:/home/runner/.m2/repository/org/apache/hadoop/thirdparty/hadoop-shaded-guava/1.1.1/hadoop-shaded-guava-1.1.1.jar:/home/runner/.m2/repository/com/sun/jersey/jersey-core/1.19/jersey-core-1.19.jar:/home/runner/.m2/repository/javax/ws/rs/jsr311-api/1.1.1/jsr311-api-1.1.1.jar:/home/runner/.m2/repository/com/sun/jersey/jersey-server/1.19/jersey-server-1.19.jar:/home/runner/.m2/repository/javax/servlet/javax.servlet-api/3.1.0/javax.servlet-api-3.1.0.jar:/home/runner/.m2/repository/org/eclipse/jetty/jetty-server/9.4.43.v20210629/jetty-server-9.4.43.v20210629.jar:/home/runner/.m2/repository/org/eclipse/jetty/jetty-http/9.4.43.v20210629/jetty-http-9.4.43.v20210629.jar:/home/runner/.m2/repository/org/eclipse/jetty/jetty-io/9.4.43.v20210629/jetty-io-9.4.43.v20210629.jar:/home/runner/.m2/repository/org/eclipse/jetty/jetty-webapp/9.4.43.v20210629/jetty-webapp-9.4.43.v20210629.jar:/home/runner/.m2/repository/org/eclipse/jetty/jetty-xml/9.4.43.v20210629/jetty-xml-9.4.43.v20210629.jar:/home/runner/.m2/repository/org/apache/hadoop/hadoop-common/3.3.1/hadoop-common-3.3.1.jar:/home/runner/.m2/repository/org/apache/commons/commons-math3/3.1.1/commons-math3-3.1.1.jar:/home/runner/.m2/repository/commons-net/commons-net/3.6/commons-net-3.6.jar:/home/runner/.m2/repository/jakarta/activation/jakarta.activation-api/1.2.1/jakarta.activation-api-1.2.1.jar:/home/runner/.m2/repository/com/sun/jersey/jersey-servlet/1.19/jersey-servlet-1.19.jar:/home/runner/.m2/repository/com/sun/jersey/jersey-json/1.19/jersey-json-1.19.jar:/home/runner/.m2/repository/org/codehaus/jettison/jettison/1.1/jettison-1.1.jar:/home/runner/.m2/repository/com/sun/xml/bind/jaxb-impl/2.2.3-1/jaxb-impl-2.2.3-1.jar:/home/runner/.m2/repository/org/codehaus/jackson/jackson-jaxrs/1.9.2/jackson-jaxrs-1.9.2.jar:/home/runner/.m2/repository/org/codehaus/jackson/jackson-xc/1.9.2/jackson-xc-1.9.2.jar:/home/runner/.m2/repository/org/apache/commons/commons-configuration2/2.1.1/commons-configuration2-2.1.1.jar:/home/runner/.m2/repository/org/apache/commons/commons-text/1.4/commons-text-1.4.jar:/home/runner/.m2/repository/com/google/re2j/re2j/1.1/re2j-1.1.jar:/home/runner/.m2/repository/com/jcraft/jsch/0.1.54/jsch-0.1.54.jar:/home/runner/.m2/repository/org/apache/curator/curator-client/4.2.0/curator-client-4.2.0.jar:/home/runner/.m2/repository/org/apache/curator/curator-recipes/4.2.0/curator-recipes-4.2.0.jar:/home/runner/.m2/repository/org/apache/kerby/kerb-core/1.0.1/kerb-core-1.0.1.jar:/home/runner/.m2/repository/org/apache/kerby/kerby-pkix/1.0.1/kerby-pkix-1.0.1.jar:/home/runner/.m2/repository/org/apache/kerby/kerby-asn1/1.0.1/kerby-asn1-1.0.1.jar:/home/runner/.m2/repository/org/apache/kerby/kerby-util/1.0.1/kerby-util-1.0.1.jar:/home/runner/.m2/repository/dnsjava/dnsjava/2.1.7/dnsjava-2.1.7.jar:/home/runner/.m2/repository/org/xerial/snappy/snappy-java/1.1.8.2/snappy-java-1.1.8.2.jar:/home/runner/.m2/repository/org/slf4j/jul-to-slf4j/1.7.30/jul-to-slf4j-1.7.30.jar:/home/runner/.m2/repository/org/eclipse/jetty/jetty-util/9.4.43.v20210629/jetty-util-9.4.43.v20210629.jar:/home/runner/.m2/repository/com/fasterxml/jackson/core/jackson-databind/2.12.1/jackson-databind-2.12.1.jar:/home/runner/.m2/repository/org/apache/hadoop/hadoop-kms/3.3.1/hadoop-kms-3.3.1-tests.jar:/home/runner/.m2/repository/org/apache/ozone/hdds-server-scm/1.3.0-SNAPSHOT/hdds-server-scm-1.3.0-SNAPSHOT-tests.jar:/home/runner/.m2/repository/org/apache/ozone/hdds-container-service/1.3.0-SNAPSHOT/hdds-container-service-1.3.0-SNAPSHOT-tests.jar:/home/runner/.m2/repository/commons-codec/commons-codec/1.11/commons-codec-1.11.jar:/home/runner/.m2/repository/io/netty/netty-transport/4.1.63.Final/netty-transport-4.1.63.Final.jar:/home/runner/.m2/repository/io/netty/netty-resolver/4.1.63.Final/netty-resolver-4.1.63.Final.jar:/home/runner/.m2/repository/io/netty/netty-codec/4.1.63.Final/netty-codec-4.1.63.Final.jar:/home/runner/.m2/repository/io/netty/netty-handler/4.1.63.Final/netty-handler-4.1.63.Final.jar:/home/runner/.m2/repository/org/apache/ozone/hdds-hadoop-dependency-test/1.3.0-SNAPSHOT/hdds-hadoop-dependency-test-1.3.0-SNAPSHOT.jar:/home/runner/.m2/repository/org/apache/hadoop/hadoop-common/3.3.1/hadoop-common-3.3.1-tests.jar:/home/runner/.m2/repository/org/assertj/assertj-core/3.12.2/assertj-core-3.12.2.jar:/home/runner/.m2/repository/org/apache/hadoop/hadoop-hdfs/3.3.1/hadoop-hdfs-3.3.1-tests.jar:/home/runner/.m2/repository/org/eclipse/jetty/jetty-util-ajax/9.4.43.v20210629/jetty-util-ajax-9.4.43.v20210629.jar:/home/runner/.m2/repository/commons-daemon/commons-daemon/1.0.13/commons-daemon-1.0.13.jar:/home/runner/.m2/repository/io/netty/netty/3.10.6.Final/netty-3.10.6.Final.jar:/home/runner/.m2/repository/io/netty/netty-all/4.1.63.Final/netty-all-4.1.63.Final.jar:/home/runner/.m2/repository/org/apache/htrace/htrace-core4/4.1.0-incubating/htrace-core4-4.1.0-incubating.jar:/home/runner/.m2/repository/org/fusesource/leveldbjni/leveldbjni-all/1.8/leveldbjni-all-1.8.jar:/home/runner/.m2/repository/org/apache/hadoop/hadoop-distcp/3.3.1/hadoop-distcp-3.3.1.jar:/home/runner/.m2/repository/org/apache/hadoop/hadoop-mapreduce-client-jobclient/3.3.1/hadoop-mapreduce-client-jobclient-3.3.1.jar:/home/runner/.m2/repository/org/apache/hadoop/hadoop-mapreduce-client-common/3.3.1/hadoop-mapreduce-client-common-3.3.1.jar:/home/runner/.m2/repository/org/apache/hadoop/hadoop-yarn-common/3.3.1/hadoop-yarn-common-3.3.1.jar:/home/runner/.m2/repository/org/apache/hadoop/hadoop-yarn-api/3.3.1/hadoop-yarn-api-3.3.1.jar:/home/runner/.m2/repository/com/sun/jersey/jersey-client/1.19/jersey-client-1.19.jar:/home/runner/.m2/repository/com/sun/jersey/contribs/jersey-guice/1.19/jersey-guice-1.19.jar:/home/runner/.m2/repository/com/fasterxml/jackson/jaxrs/jackson-jaxrs-json-provider/2.12.1/jackson-jaxrs-json-provider-2.12.1.jar:/home/runner/.m2/repository/com/fasterxml/jackson/jaxrs/jackson-jaxrs-base/2.12.1/jackson-jaxrs-base-2.12.1.jar:/home/runner/.m2/repository/org/apache/hadoop/hadoop-yarn-client/3.3.1/hadoop-yarn-client-3.3.1.jar:/home/runner/.m2/repository/org/eclipse/jetty/websocket/websocket-client/9.4.40.v20210413/websocket-client-9.4.40.v20210413.jar:/home/runner/.m2/repository/org/eclipse/jetty/jetty-client/9.4.40.v20210413/jetty-client-9.4.40.v20210413.jar:/home/runner/.m2/repository/org/eclipse/jetty/websocket/websocket-common/9.4.40.v20210413/websocket-common-9.4.40.v20210413.jar:/home/runner/.m2/repository/org/eclipse/jetty/websocket/websocket-api/9.4.40.v20210413/websocket-api-9.4.40.v20210413.jar:/home/runner/.m2/repository/org/jline/jline/3.9.0/jline-3.9.0.jar:/home/runner/.m2/repository/org/apache/hadoop/hadoop-mapreduce-client-core/3.3.1/hadoop-mapreduce-client-core-3.3.1.jar:/home/runner/.m2/repository/org/apache/avro/avro/1.7.7/avro-1.7.7.jar:/home/runner/.m2/repository/org/codehaus/jackson/jackson-core-asl/1.9.13/jackson-core-asl-1.9.13.jar:/home/runner/.m2/repository/org/codehaus/jackson/jackson-mapper-asl/1.9.13/jackson-mapper-asl-1.9.13.jar:/home/runner/.m2/repository/com/thoughtworks/paranamer/paranamer/2.3/paranamer-2.3.jar:/home/runner/.m2/repository/org/apache/hadoop/hadoop-annotations/3.3.1/hadoop-annotations-3.3.1.jar:/usr/lib/jvm/temurin-8-jdk-amd64/jre/../lib/tools.jar:/home/runner/.m2/repository/org/apache/hadoop/hadoop-distcp/3.3.1/hadoop-distcp-3.3.1-tests.jar:/home/runner/.m2/repository/org/apache/ratis/ratis-common/2.2.0/ratis-common-2.2.0.jar:/home/runner/.m2/repository/org/apache/ratis/ratis-thirdparty-misc/0.7.0/ratis-thirdparty-misc-0.7.0.jar:/home/runner/.m2/repository/org/apache/ratis/ratis-proto/2.2.0/ratis-proto-2.2.0.jar:"/>
    <property name="sun.cpu.endian" value="little"/>
    <property name="user.home" value="/home/runner"/>
    <property name="user.language" value="en"/>
    <property name="java.specification.vendor" value="Oracle Corporation"/>
    <property name="java.home" value="/usr/lib/jvm/temurin-8-jdk-amd64/jre"/>
    <property name="java.security.krb5.conf" value="/home/runner/work/ozone/ozone/hadoop-ozone/integration-test/target/test-classes/krb5.conf"/>
    <property name="basedir" value="/home/runner/work/ozone/ozone/hadoop-ozone/integration-test"/>
    <property name="file.separator" value="/"/>
    <property name="line.separator" value="&#10;"/>
    <property name="java.vm.specification.vendor" value="Oracle Corporation"/>
    <property name="java.specification.name" value="Java Platform API Specification"/>
    <property name="java.awt.graphicsenv" value="sun.awt.X11GraphicsEnvironment"/>
    <property name="skip.installnpx" value="true"/>
    <property name="surefire.real.class.path" value="/home/runner/work/ozone/ozone/hadoop-ozone/integration-test/target/surefire/surefirebooter250375881200343936.jar:/home/runner/.m2/repository/org/jacoco/org.jacoco.agent/0.8.5/org.jacoco.agent-0.8.5-runtime.jar"/>
    <property name="hadoop.log.dir" value="/home/runner/work/ozone/ozone/hadoop-ozone/integration-test/target/log"/>
    <property name="sun.boot.class.path" value="/usr/lib/jvm/temurin-8-jdk-amd64/jre/lib/resources.jar:/usr/lib/jvm/temurin-8-jdk-amd64/jre/lib/rt.jar:/usr/lib/jvm/temurin-8-jdk-amd64/jre/lib/sunrsasign.jar:/usr/lib/jvm/temurin-8-jdk-amd64/jre/lib/jsse.jar:/usr/lib/jvm/temurin-8-jdk-amd64/jre/lib/jce.jar:/usr/lib/jvm/temurin-8-jdk-amd64/jre/lib/charsets.jar:/usr/lib/jvm/temurin-8-jdk-amd64/jre/lib/jfr.jar:/usr/lib/jvm/temurin-8-jdk-amd64/jre/classes"/>
    <property name="sun.management.compiler" value="HotSpot 64-Bit Tiered Compilers"/>
    <property name="skip.npx" value="true"/>
    <property name="java.runtime.version" value="1.8.0_322-b06"/>
    <property name="java.net.preferIPv4Stack" value="true"/>
    <property name="user.name" value="runner"/>
    <property name="path.separator" value=":"/>
    <property name="java.security.egd" value="file:///dev/urandom"/>
    <property name="os.version" value="5.4.0-1070-azure"/>
    <property name="java.endorsed.dirs" value="/usr/lib/jvm/temurin-8-jdk-amd64/jre/lib/endorsed"/>
    <property name="java.runtime.name" value="OpenJDK Runtime Environment"/>
    <property name="file.encoding" value="UTF-8"/>
    <property name="java.vm.name" value="OpenJDK 64-Bit Server VM"/>
    <property name="test.build.webapps" value=""/>
    <property name="localRepository" value="/home/runner/.m2/repository"/>
    <property name="java.vendor.url.bug" value="https://github.com/adoptium/adoptium-support/issues"/>
    <property name="java.io.tmpdir" value="/tmp"/>
    <property name="require.test.libhadoop" value=""/>
    <property name="java.version" value="1.8.0_322"/>
    <property name="user.dir" value="/home/runner/work/ozone/ozone/hadoop-ozone/integration-test"/>
    <property name="os.arch" value="amd64"/>
    <property name="java.vm.specification.name" value="Java Virtual Machine Specification"/>
    <property name="test.build.classes" value="/home/runner/work/ozone/ozone/hadoop-ozone/integration-test/target/test-classes"/>
    <property name="java.awt.printerjob" value="sun.print.PSPrinterJob"/>
    <property name="sun.os.patch.level" value="unknown"/>
    <property name="hadoop.tmp.dir" value="/home/runner/work/ozone/ozone/hadoop-ozone/integration-test/target/tmp"/>
    <property name="java.library.path" value="/usr/java/packages/lib/amd64:/usr/lib64:/lib64:/lib:/usr/lib"/>
    <property name="java.vm.info" value="mixed mode"/>
    <property name="java.vendor" value="Temurin"/>
    <property name="java.vm.version" value="25.322-b06"/>
    <property name="java.ext.dirs" value="/usr/lib/jvm/temurin-8-jdk-amd64/jre/lib/ext:/usr/java/packages/lib/ext"/>
    <property name="sun.io.unicode.encoding" value="UnicodeLittle"/>
    <property name="java.class.version" value="52.0"/>
  </properties>
  <testcase name="testMultipleDataDirs" classname="org.apache.hadoop.ozone.TestMiniOzoneCluster" time="30.557"/>
  <testcase name="testStartMultipleDatanodes" classname="org.apache.hadoop.ozone.TestMiniOzoneCluster" time="80.399">
    <error message="test timed out after 60000 milliseconds" type="org.junit.runners.model.TestTimedOutException">org.junit.runners.model.TestTimedOutException: test timed out after 60000 milliseconds
	at java.lang.Thread.sleep(Native Method)
	at org.apache.ozone.test.GenericTestUtils.waitFor(GenericTestUtils.java:218)
	at org.apache.hadoop.ozone.MiniOzoneClusterImpl.waitForClusterToBeReady(MiniOzoneClusterImpl.java:212)
	at org.apache.hadoop.ozone.TestMiniOzoneCluster.testStartMultipleDatanodes(TestMiniOzoneCluster.java:119)
	at sun.reflect.NativeMethodAccessorImpl.invoke0(Native Method)
	at sun.reflect.NativeMethodAccessorImpl.invoke(NativeMethodAccessorImpl.java:62)
	at sun.reflect.DelegatingMethodAccessorImpl.invoke(DelegatingMethodAccessorImpl.java:43)
	at java.lang.reflect.Method.invoke(Method.java:498)
	at org.junit.runners.model.FrameworkMethod$1.runReflectiveCall(FrameworkMethod.java:59)
	at org.junit.internal.runners.model.ReflectiveCallable.run(ReflectiveCallable.java:12)
	at org.junit.runners.model.FrameworkMethod.invokeExplosively(FrameworkMethod.java:56)
	at org.junit.internal.runners.statements.InvokeMethod.evaluate(InvokeMethod.java:17)
	at org.junit.internal.runners.statements.FailOnTimeout$CallableStatement.call(FailOnTimeout.java:288)
	at org.junit.internal.runners.statements.FailOnTimeout$CallableStatement.call(FailOnTimeout.java:282)
	at java.util.concurrent.FutureTask.run(FutureTask.java:266)
	at java.lang.Thread.run(Thread.java:750)
</error>
    <system-out><![CDATA[2022-03-03 02:39:38,178 [Time-limited test] WARN  server.ServerUtils (ServerUtils.java:getScmDbDir(148)) - ozone.scm.db.dirs is not configured. We recommend adding this setting. Falling back to ozone.metadata.dirs instead.
2022-03-03 02:39:38,182 [Time-limited test] INFO  ha.SCMHANodeDetails (SCMHANodeDetails.java:loadSCMHAConfig(157)) - ServiceID for StorageContainerManager is null
2022-03-03 02:39:38,182 [Time-limited test] INFO  ha.SCMHANodeDetails (SCMHANodeDetails.java:loadSCMHAConfig(162)) - ozone.scm.default.service.id is not defined, falling back to ozone.scm.service.ids to find serviceID for StorageContainerManager if it is HA enabled cluster
2022-03-03 02:39:38,183 [Time-limited test] INFO  server.RaftServer (ConfUtils.java:logGet(44)) - raft.rpc.type = GRPC (default)
2022-03-03 02:39:38,183 [Time-limited test] INFO  grpc.GrpcFactory (GrpcFactory.java:checkPooledByteBufAllocatorUseCacheForAllThreads(48)) - PERFORMANCE WARNING: useCacheForAllThreads is true that may cause Netty to create a lot garbage objects and, as a result, trigger GC.
	It is recommended to disable useCacheForAllThreads by setting -Dorg.apache.ratis.thirdparty.io.netty.allocator.useCacheForAllThreads=false in command line.
2022-03-03 02:39:38,183 [Time-limited test] INFO  grpc.GrpcConfigKeys (ConfUtils.java:logGet(44)) - raft.grpc.admin.port = -1 (default)
2022-03-03 02:39:38,183 [Time-limited test] INFO  grpc.GrpcConfigKeys (ConfUtils.java:logGet(44)) - raft.grpc.server.port = 9894 (custom)
2022-03-03 02:39:38,183 [Time-limited test] INFO  grpc.GrpcConfigKeys (ConfUtils.java:logGet(44)) - raft.grpc.client.port = -1 (default)
2022-03-03 02:39:38,183 [Time-limited test] INFO  grpc.GrpcConfigKeys (ConfUtils.java:logGet(44)) - raft.grpc.server.port = 9894 (custom)
2022-03-03 02:39:38,183 [Time-limited test] INFO  grpc.GrpcConfigKeys (ConfUtils.java:logGet(44)) - raft.grpc.server.port = 9894 (custom)
2022-03-03 02:39:38,183 [Time-limited test] INFO  server.GrpcService (ConfUtils.java:logGet(44)) - raft.grpc.message.size.max = 32m (=33554432) (custom)
2022-03-03 02:39:38,184 [Time-limited test] INFO  server.RaftServerConfigKeys (ConfUtils.java:logGet(44)) - raft.server.log.appender.buffer.byte-limit = 33554432 (custom)
2022-03-03 02:39:38,184 [Time-limited test] INFO  server.GrpcService (ConfUtils.java:logGet(44)) - raft.grpc.flow.control.window = 1MB (=1048576) (default)
2022-03-03 02:39:38,184 [Time-limited test] INFO  server.RaftServerConfigKeys (ConfUtils.java:logGet(44)) - raft.server.rpc.request.timeout = 30000ms (custom)
2022-03-03 02:39:38,185 [Time-limited test] INFO  impl.DataStreamServerImpl (ConfUtils.java:logGet(44)) - raft.datastream.type = DISABLED (default)
2022-03-03 02:39:38,185 [Time-limited test] INFO  server.RaftServerConfigKeys (ConfUtils.java:logGet(44)) - raft.server.rpc.slowness.timeout = 120000ms (custom)
2022-03-03 02:39:38,185 [Time-limited test] INFO  server.RaftServerConfigKeys (ConfUtils.java:logGet(44)) - raft.server.leaderelection.leader.step-down.wait-time = 10s (default)
2022-03-03 02:39:38,185 [Time-limited test] INFO  server.RaftServerConfigKeys (ConfUtils.java:logGet(44)) - raft.server.storage.dir = [/home/runner/work/ozone/ozone/hadoop-ozone/integration-test/target/test-dir/MiniOzoneClusterImpl-ab5f91a4-db32-4111-a157-42cecbd844d3/ozone-meta/scm-ha] (custom)
2022-03-03 02:39:38,188 [Time-limited test] INFO  server.RaftServer (RaftServerProxy.java:addNew(95)) - 4914ad2e-45be-4838-a730-ba0d1c104f60: addNew group-42CECBD844D3:[4914ad2e-45be-4838-a730-ba0d1c104f60|rpc:fv-az50-851:9894|priority:0] returns group-42CECBD844D3:java.util.concurrent.CompletableFuture@3fbb34f2[Not completed]
2022-03-03 02:39:38,189 [pool-89-thread-1] INFO  server.RaftServer$Division (RaftServerImpl.java:<init>(184)) - 4914ad2e-45be-4838-a730-ba0d1c104f60: new RaftServerImpl for group-42CECBD844D3:[4914ad2e-45be-4838-a730-ba0d1c104f60|rpc:fv-az50-851:9894|priority:0] with SCMStateMachine:uninitialized
2022-03-03 02:39:38,189 [pool-89-thread-1] INFO  server.RaftServerConfigKeys (ConfUtils.java:logGet(44)) - raft.server.rpc.timeout.min = 5000ms (custom)
2022-03-03 02:39:38,189 [pool-89-thread-1] INFO  server.RaftServerConfigKeys (ConfUtils.java:logGet(44)) - raft.server.rpc.timeout.max = 5200ms (custom)
2022-03-03 02:39:38,189 [pool-89-thread-1] INFO  server.RaftServerConfigKeys (ConfUtils.java:logGet(44)) - raft.server.rpc.sleep.time = 25ms (default)
2022-03-03 02:39:38,189 [pool-89-thread-1] INFO  server.RaftServerConfigKeys (ConfUtils.java:logGet(44)) - raft.server.rpc.slowness.timeout = 120000ms (custom)
2022-03-03 02:39:38,189 [pool-89-thread-1] INFO  server.RaftServerConfigKeys (ConfUtils.java:logGet(44)) - raft.server.leaderelection.leader.step-down.wait-time = 10s (default)
2022-03-03 02:39:38,189 [pool-89-thread-1] INFO  server.RaftServerConfigKeys (ConfUtils.java:logGet(44)) - raft.server.sleep.deviation.threshold = 300ms (default)
2022-03-03 02:39:38,189 [pool-89-thread-1] INFO  server.RaftServerConfigKeys (ConfUtils.java:logGet(44)) - raft.server.log.appender.install.snapshot.enabled = false (custom)
2022-03-03 02:39:38,190 [pool-89-thread-1] INFO  server.RaftServer$Division (ServerState.java:<init>(105)) - 4914ad2e-45be-4838-a730-ba0d1c104f60@group-42CECBD844D3: ConfigurationManager, init=-1: [4914ad2e-45be-4838-a730-ba0d1c104f60|rpc:fv-az50-851:9894|priority:0], old=null, confs=<EMPTY_MAP>
2022-03-03 02:39:38,190 [pool-89-thread-1] INFO  server.RaftServerConfigKeys (ConfUtils.java:logGet(44)) - raft.server.storage.dir = [/home/runner/work/ozone/ozone/hadoop-ozone/integration-test/target/test-dir/MiniOzoneClusterImpl-ab5f91a4-db32-4111-a157-42cecbd844d3/ozone-meta/scm-ha] (custom)
2022-03-03 02:39:38,190 [pool-89-thread-1] INFO  server.RaftServerConfigKeys (ConfUtils.java:logGet(44)) - raft.server.log.corruption.policy = EXCEPTION (default)
2022-03-03 02:39:38,190 [pool-89-thread-1] INFO  server.RaftServerConfigKeys (ConfUtils.java:logGet(44)) - raft.server.storage.free-space.min = 0MB (=0) (default)
2022-03-03 02:39:38,190 [pool-89-thread-1] INFO  storage.RaftStorageDirectory (RaftStorageDirectoryImpl.java:analyzeStorage(135)) - The storage directory /home/runner/work/ozone/ozone/hadoop-ozone/integration-test/target/test-dir/MiniOzoneClusterImpl-ab5f91a4-db32-4111-a157-42cecbd844d3/ozone-meta/scm-ha/ab5f91a4-db32-4111-a157-42cecbd844d3 does not exist. Creating ...
2022-03-03 02:39:38,193 [pool-89-thread-1] INFO  storage.RaftStorageDirectory (RaftStorageDirectoryImpl.java:tryLock(230)) - Lock on /home/runner/work/ozone/ozone/hadoop-ozone/integration-test/target/test-dir/MiniOzoneClusterImpl-ab5f91a4-db32-4111-a157-42cecbd844d3/ozone-meta/scm-ha/ab5f91a4-db32-4111-a157-42cecbd844d3/in_use.lock acquired by nodename 19762@fv-az50-851
2022-03-03 02:39:38,200 [pool-89-thread-1] INFO  storage.RaftStorage (RaftStorageImpl.java:format(89)) - Storage directory /home/runner/work/ozone/ozone/hadoop-ozone/integration-test/target/test-dir/MiniOzoneClusterImpl-ab5f91a4-db32-4111-a157-42cecbd844d3/ozone-meta/scm-ha/ab5f91a4-db32-4111-a157-42cecbd844d3 has been successfully formatted.
2022-03-03 02:39:38,200 [pool-89-thread-1] INFO  server.RaftServerConfigKeys (ConfUtils.java:logGet(44)) - raft.server.notification.no-leader.timeout = 60s (default)
2022-03-03 02:39:38,200 [pool-89-thread-1] INFO  server.RaftServerConfigKeys (ConfUtils.java:logGet(44)) - raft.server.log.use.memory = false (default)
2022-03-03 02:39:38,200 [pool-89-thread-1] INFO  server.RaftServerConfigKeys (ConfUtils.java:logGet(44)) - raft.server.log.purge.gap = 1000000 (custom)
2022-03-03 02:39:38,200 [pool-89-thread-1] INFO  server.RaftServerConfigKeys (ConfUtils.java:logGet(44)) - raft.server.log.appender.buffer.byte-limit = 33554432 (custom)
2022-03-03 02:39:38,201 [pool-89-thread-1] INFO  server.RaftServerConfigKeys (ConfUtils.java:logGet(44)) - raft.server.log.segment.size.max = 4194304 (custom)
2022-03-03 02:39:38,201 [pool-89-thread-1] INFO  server.RaftServerConfigKeys (ConfUtils.java:logGet(44)) - raft.server.log.segment.cache.num.max = 2 (custom)
2022-03-03 02:39:38,201 [pool-89-thread-1] INFO  server.RaftServerConfigKeys (ConfUtils.java:logGet(44)) - raft.server.log.segment.cache.size.max = 200MB (=209715200) (default)
2022-03-03 02:39:38,201 [pool-89-thread-1] INFO  segmented.SegmentedRaftLogWorker (SegmentedRaftLogWorker.java:<init>(182)) - new 4914ad2e-45be-4838-a730-ba0d1c104f60@group-42CECBD844D3-SegmentedRaftLogWorker for RaftStorageImpl:Storage Directory /home/runner/work/ozone/ozone/hadoop-ozone/integration-test/target/test-dir/MiniOzoneClusterImpl-ab5f91a4-db32-4111-a157-42cecbd844d3/ozone-meta/scm-ha/ab5f91a4-db32-4111-a157-42cecbd844d3
2022-03-03 02:39:38,201 [pool-89-thread-1] INFO  server.RaftServerConfigKeys (ConfUtils.java:logGet(44)) - raft.server.log.queue.byte-limit = 64MB (=67108864) (default)
2022-03-03 02:39:38,201 [pool-89-thread-1] INFO  server.RaftServerConfigKeys (ConfUtils.java:logGet(44)) - raft.server.log.queue.element-limit = 4096 (default)
2022-03-03 02:39:38,201 [pool-89-thread-1] INFO  server.RaftServerConfigKeys (ConfUtils.java:logGet(44)) - raft.server.log.segment.size.max = 4194304 (custom)
2022-03-03 02:39:38,202 [pool-89-thread-1] INFO  server.RaftServerConfigKeys (ConfUtils.java:logGet(44)) - raft.server.log.preallocated.size = 4194304 (custom)
2022-03-03 02:39:38,202 [pool-89-thread-1] INFO  server.RaftServerConfigKeys (ConfUtils.java:logGet(44)) - raft.server.log.force.sync.num = 128 (default)
2022-03-03 02:39:38,202 [pool-89-thread-1] INFO  server.RaftServerConfigKeys (ConfUtils.java:logGet(44)) - raft.server.log.statemachine.data.sync = true (default)
2022-03-03 02:39:38,202 [pool-89-thread-1] INFO  server.RaftServerConfigKeys (ConfUtils.java:logGet(44)) - raft.server.log.statemachine.data.sync.timeout = 10s (default)
2022-03-03 02:39:38,202 [pool-89-thread-1] INFO  server.RaftServerConfigKeys (ConfUtils.java:logGet(44)) - raft.server.log.statemachine.data.sync.timeout.retry = -1 (default)
2022-03-03 02:39:38,202 [pool-89-thread-1] INFO  server.RaftServerConfigKeys (ConfUtils.java:logGet(44)) - raft.server.log.write.buffer.size = 64KB (=65536) (default)
2022-03-03 02:39:38,203 [pool-89-thread-1] INFO  server.RaftServerConfigKeys (ConfUtils.java:logGet(44)) - raft.server.log.statemachine.data.caching.enabled = false (default)
2022-03-03 02:39:38,203 [pool-89-thread-1] INFO  segmented.SegmentedRaftLogWorker (SegmentedRaftLogWorker.java:lambda$new$0(133)) - 4914ad2e-45be-4838-a730-ba0d1c104f60@group-42CECBD844D3-SegmentedRaftLogWorker: flushIndex: setUnconditionally 0 -> -1
2022-03-03 02:39:38,203 [pool-89-thread-1] INFO  segmented.SegmentedRaftLogWorker (SegmentedRaftLogWorker.java:lambda$new$0(133)) - 4914ad2e-45be-4838-a730-ba0d1c104f60@group-42CECBD844D3-SegmentedRaftLogWorker: safeCacheEvictIndex: setUnconditionally 0 -> -1
2022-03-03 02:39:38,209 [pool-89-thread-1] INFO  server.RaftServerConfigKeys (ConfUtils.java:logGet(44)) - raft.server.snapshot.auto.trigger.enabled = true (custom)
2022-03-03 02:39:38,209 [pool-89-thread-1] INFO  server.RaftServerConfigKeys (ConfUtils.java:logGet(44)) - raft.server.snapshot.auto.trigger.threshold = 1000 (custom)
2022-03-03 02:39:38,209 [pool-89-thread-1] INFO  server.RaftServerConfigKeys (ConfUtils.java:logGet(44)) - raft.server.snapshot.retention.file.num = -1 (default)
2022-03-03 02:39:38,209 [pool-89-thread-1] INFO  server.RaftServerConfigKeys (ConfUtils.java:logGet(44)) - raft.server.log.purge.upto.snapshot.index = false (default)
2022-03-03 02:39:38,209 [pool-89-thread-1] INFO  server.RaftServerConfigKeys (ConfUtils.java:logGet(44)) - raft.server.retrycache.expirytime = 60000ms (default)
2022-03-03 02:39:38,209 [pool-89-thread-1] INFO  server.RaftServerConfigKeys (ConfUtils.java:logGet(44)) - raft.server.retrycache.statistics.expirytime = 100μs (default)
2022-03-03 02:39:38,211 [Time-limited test] INFO  server.RaftServer$Division (RaftServerImpl.java:start(301)) - 4914ad2e-45be-4838-a730-ba0d1c104f60@group-42CECBD844D3: start as a follower, conf=-1: [4914ad2e-45be-4838-a730-ba0d1c104f60|rpc:fv-az50-851:9894|priority:0], old=null
2022-03-03 02:39:38,211 [Time-limited test] INFO  server.RaftServer$Division (RaftServerImpl.java:setRole(290)) - 4914ad2e-45be-4838-a730-ba0d1c104f60@group-42CECBD844D3: changes role from      null to FOLLOWER at term 0 for startAsFollower
2022-03-03 02:39:38,211 [Time-limited test] INFO  impl.RoleInfo (RoleInfo.java:updateAndGet(130)) - 4914ad2e-45be-4838-a730-ba0d1c104f60: start 4914ad2e-45be-4838-a730-ba0d1c104f60@group-42CECBD844D3-FollowerState
2022-03-03 02:39:38,217 [Time-limited test] INFO  util.JmxRegister (JmxRegister.java:tryRegister(44)) - Successfully registered JMX Bean with object name Ratis:service=RaftServer,group=group-42CECBD844D3,id=4914ad2e-45be-4838-a730-ba0d1c104f60
2022-03-03 02:39:38,220 [Time-limited test] INFO  server.RaftServer (RaftServerProxy.java:lambda$start$5(374)) - 4914ad2e-45be-4838-a730-ba0d1c104f60: start RPC server
2022-03-03 02:39:38,233 [Time-limited test] INFO  server.GrpcService (GrpcService.java:startImpl(253)) - 4914ad2e-45be-4838-a730-ba0d1c104f60: GrpcService started, listening on 9894
2022-03-03 02:39:38,233 [org.apache.ratis.util.JvmPauseMonitor$$Lambda$431/1976969183@1a96522e] INFO  util.JvmPauseMonitor (JvmPauseMonitor.java:run(103)) - JvmPauseMonitor-4914ad2e-45be-4838-a730-ba0d1c104f60: Started
2022-03-03 02:39:43,326 [4914ad2e-45be-4838-a730-ba0d1c104f60@group-42CECBD844D3-FollowerState] INFO  impl.FollowerState (FollowerState.java:run(134)) - 4914ad2e-45be-4838-a730-ba0d1c104f60@group-42CECBD844D3-FollowerState: change to CANDIDATE, lastRpcElapsedTime:5114221283ns, electionTimeout:5109ms
2022-03-03 02:39:43,326 [4914ad2e-45be-4838-a730-ba0d1c104f60@group-42CECBD844D3-FollowerState] INFO  impl.RoleInfo (RoleInfo.java:shutdownFollowerState(108)) - 4914ad2e-45be-4838-a730-ba0d1c104f60: shutdown 4914ad2e-45be-4838-a730-ba0d1c104f60@group-42CECBD844D3-FollowerState
2022-03-03 02:39:43,326 [4914ad2e-45be-4838-a730-ba0d1c104f60@group-42CECBD844D3-FollowerState] INFO  server.RaftServer$Division (RaftServerImpl.java:setRole(290)) - 4914ad2e-45be-4838-a730-ba0d1c104f60@group-42CECBD844D3: changes role from  FOLLOWER to CANDIDATE at term 0 for changeToCandidate
2022-03-03 02:39:43,326 [4914ad2e-45be-4838-a730-ba0d1c104f60@group-42CECBD844D3-FollowerState] INFO  server.RaftServerConfigKeys (ConfUtils.java:logGet(44)) - raft.server.leaderelection.pre-vote = false (custom)
2022-03-03 02:39:43,327 [4914ad2e-45be-4838-a730-ba0d1c104f60@group-42CECBD844D3-FollowerState] INFO  impl.RoleInfo (RoleInfo.java:updateAndGet(130)) - 4914ad2e-45be-4838-a730-ba0d1c104f60: start 4914ad2e-45be-4838-a730-ba0d1c104f60@group-42CECBD844D3-LeaderElection4
2022-03-03 02:39:43,334 [4914ad2e-45be-4838-a730-ba0d1c104f60@group-42CECBD844D3-LeaderElection4] INFO  impl.LeaderElection (LeaderElection.java:askForVotes(306)) - 4914ad2e-45be-4838-a730-ba0d1c104f60@group-42CECBD844D3-LeaderElection4 ELECTION round 0: submit vote requests at term 1 for -1: [4914ad2e-45be-4838-a730-ba0d1c104f60|rpc:fv-az50-851:9894|priority:0], old=null
2022-03-03 02:39:43,334 [4914ad2e-45be-4838-a730-ba0d1c104f60@group-42CECBD844D3-LeaderElection4] INFO  impl.LeaderElection (LeaderElection.java:askForVotes(308)) - 4914ad2e-45be-4838-a730-ba0d1c104f60@group-42CECBD844D3-LeaderElection4 ELECTION round 0: result PASSED (term=1)
2022-03-03 02:39:43,334 [4914ad2e-45be-4838-a730-ba0d1c104f60@group-42CECBD844D3-LeaderElection4] INFO  impl.RoleInfo (RoleInfo.java:shutdownLeaderElection(121)) - 4914ad2e-45be-4838-a730-ba0d1c104f60: shutdown 4914ad2e-45be-4838-a730-ba0d1c104f60@group-42CECBD844D3-LeaderElection4
2022-03-03 02:39:43,334 [4914ad2e-45be-4838-a730-ba0d1c104f60@group-42CECBD844D3-LeaderElection4] INFO  server.RaftServer$Division (RaftServerImpl.java:setRole(290)) - 4914ad2e-45be-4838-a730-ba0d1c104f60@group-42CECBD844D3: changes role from CANDIDATE to LEADER at term 1 for changeToLeader
2022-03-03 02:39:43,334 [4914ad2e-45be-4838-a730-ba0d1c104f60@group-42CECBD844D3-LeaderElection4] INFO  server.RaftServer$Division (ServerState.java:setLeader(285)) - 4914ad2e-45be-4838-a730-ba0d1c104f60@group-42CECBD844D3: change Leader from null to 4914ad2e-45be-4838-a730-ba0d1c104f60 at term 1 for becomeLeader, leader elected after 5134ms
2022-03-03 02:39:43,335 [4914ad2e-45be-4838-a730-ba0d1c104f60@group-42CECBD844D3-LeaderElection4] INFO  server.RaftServerConfigKeys (ConfUtils.java:logGet(44)) - raft.server.staging.catchup.gap = 1000 (default)
2022-03-03 02:39:43,338 [4914ad2e-45be-4838-a730-ba0d1c104f60@group-42CECBD844D3-LeaderElection4] INFO  server.RaftServerConfigKeys (ConfUtils.java:logGet(44)) - raft.server.write.element-limit = 4096 (default)
2022-03-03 02:39:43,338 [4914ad2e-45be-4838-a730-ba0d1c104f60@group-42CECBD844D3-LeaderElection4] INFO  server.RaftServerConfigKeys (ConfUtils.java:logGet(44)) - raft.server.write.byte-limit = 64MB (=67108864) (default)
2022-03-03 02:39:43,339 [4914ad2e-45be-4838-a730-ba0d1c104f60@group-42CECBD844D3-LeaderElection4] INFO  server.RaftServerConfigKeys (ConfUtils.java:logGet(44)) - raft.server.watch.timeout = 10s (default)
2022-03-03 02:39:43,339 [4914ad2e-45be-4838-a730-ba0d1c104f60@group-42CECBD844D3-LeaderElection4] INFO  server.RaftServerConfigKeys (ConfUtils.java:logGet(44)) - raft.server.watch.timeout.denomination = 1s (default)
2022-03-03 02:39:43,339 [4914ad2e-45be-4838-a730-ba0d1c104f60@group-42CECBD844D3-LeaderElection4] INFO  server.RaftServerConfigKeys (ConfUtils.java:logGet(44)) - raft.server.watch.element-limit = 65536 (default)
2022-03-03 02:39:43,339 [4914ad2e-45be-4838-a730-ba0d1c104f60@group-42CECBD844D3-LeaderElection4] INFO  server.RaftServerConfigKeys (ConfUtils.java:logGet(44)) - raft.server.write.element-limit = 4096 (default)
2022-03-03 02:39:43,339 [4914ad2e-45be-4838-a730-ba0d1c104f60@group-42CECBD844D3-LeaderElection4] INFO  server.RaftServerConfigKeys (ConfUtils.java:logGet(44)) - raft.server.write.follower.gap.ratio.max = -1.0 (default)
2022-03-03 02:39:43,341 [4914ad2e-45be-4838-a730-ba0d1c104f60@group-42CECBD844D3-LeaderElection4] INFO  impl.RoleInfo (RoleInfo.java:updateAndGet(130)) - 4914ad2e-45be-4838-a730-ba0d1c104f60: start 4914ad2e-45be-4838-a730-ba0d1c104f60@group-42CECBD844D3-LeaderStateImpl
2022-03-03 02:39:43,341 [4914ad2e-45be-4838-a730-ba0d1c104f60@group-42CECBD844D3-LeaderElection4] INFO  segmented.SegmentedRaftLogWorker (SegmentedRaftLogWorker.java:startLogSegment(394)) - 4914ad2e-45be-4838-a730-ba0d1c104f60@group-42CECBD844D3-SegmentedRaftLogWorker: Starting segment from index:0
2022-03-03 02:39:43,349 [4914ad2e-45be-4838-a730-ba0d1c104f60@group-42CECBD844D3-LeaderElection4] INFO  server.RaftServer$Division (ServerState.java:setRaftConf(387)) - 4914ad2e-45be-4838-a730-ba0d1c104f60@group-42CECBD844D3: set configuration 0: [4914ad2e-45be-4838-a730-ba0d1c104f60|rpc:fv-az50-851:9894|admin:|client:|dataStream:|priority:0], old=null
2022-03-03 02:39:43,355 [4914ad2e-45be-4838-a730-ba0d1c104f60@group-42CECBD844D3-SegmentedRaftLogWorker] INFO  segmented.SegmentedRaftLogWorker (SegmentedRaftLogWorker.java:execute(601)) - 4914ad2e-45be-4838-a730-ba0d1c104f60@group-42CECBD844D3-SegmentedRaftLogWorker: created new log segment /home/runner/work/ozone/ozone/hadoop-ozone/integration-test/target/test-dir/MiniOzoneClusterImpl-ab5f91a4-db32-4111-a157-42cecbd844d3/ozone-meta/scm-ha/ab5f91a4-db32-4111-a157-42cecbd844d3/current/log_inprogress_0
2022-03-03 02:39:44,234 [Time-limited test] INFO  server.RaftServer (RaftServerProxy.java:lambda$close$6(391)) - 4914ad2e-45be-4838-a730-ba0d1c104f60: close
2022-03-03 02:39:44,234 [Time-limited test] INFO  server.RaftServer$Division (RaftServerImpl.java:lambda$close$4(412)) - 4914ad2e-45be-4838-a730-ba0d1c104f60@group-42CECBD844D3: shutdown
2022-03-03 02:39:44,234 [Time-limited test] INFO  util.JmxRegister (JmxRegister.java:unregister(73)) - Successfully un-registered JMX Bean with object name Ratis:service=RaftServer,group=group-42CECBD844D3,id=4914ad2e-45be-4838-a730-ba0d1c104f60
2022-03-03 02:39:44,234 [Time-limited test] INFO  impl.RoleInfo (RoleInfo.java:shutdownLeaderState(91)) - 4914ad2e-45be-4838-a730-ba0d1c104f60: shutdown 4914ad2e-45be-4838-a730-ba0d1c104f60@group-42CECBD844D3-LeaderStateImpl
2022-03-03 02:39:44,235 [Time-limited test] INFO  impl.PendingRequests (PendingRequests.java:sendNotLeaderResponses(282)) - 4914ad2e-45be-4838-a730-ba0d1c104f60@group-42CECBD844D3-PendingRequests: sendNotLeaderResponses
2022-03-03 02:39:44,235 [Time-limited test] INFO  impl.StateMachineUpdater (StateMachineUpdater.java:stopAndJoin(149)) - 4914ad2e-45be-4838-a730-ba0d1c104f60@group-42CECBD844D3-StateMachineUpdater: set stopIndex = 0
2022-03-03 02:39:44,235 [4914ad2e-45be-4838-a730-ba0d1c104f60@group-42CECBD844D3-StateMachineUpdater] INFO  impl.StateMachineUpdater (StateMachineUpdater.java:takeSnapshot(281)) - 4914ad2e-45be-4838-a730-ba0d1c104f60@group-42CECBD844D3-StateMachineUpdater: Took a snapshot at index 0
2022-03-03 02:39:44,235 [4914ad2e-45be-4838-a730-ba0d1c104f60@group-42CECBD844D3-StateMachineUpdater] INFO  impl.StateMachineUpdater (StateMachineUpdater.java:lambda$new$0(89)) - 4914ad2e-45be-4838-a730-ba0d1c104f60@group-42CECBD844D3-StateMachineUpdater: snapshotIndex: updateIncreasingly -1 -> 0
2022-03-03 02:39:44,237 [Time-limited test] INFO  server.RaftServer$Division (ServerState.java:close(419)) - 4914ad2e-45be-4838-a730-ba0d1c104f60@group-42CECBD844D3: closes. applyIndex: 0
2022-03-03 02:39:44,238 [4914ad2e-45be-4838-a730-ba0d1c104f60@group-42CECBD844D3-SegmentedRaftLogWorker] INFO  segmented.SegmentedRaftLogWorker (SegmentedRaftLogWorker.java:run(327)) - 4914ad2e-45be-4838-a730-ba0d1c104f60@group-42CECBD844D3-SegmentedRaftLogWorker was interrupted, exiting. There are 0 tasks remaining in the queue.
2022-03-03 02:39:44,239 [Time-limited test] INFO  segmented.SegmentedRaftLogWorker (SegmentedRaftLogWorker.java:close(237)) - 4914ad2e-45be-4838-a730-ba0d1c104f60@group-42CECBD844D3-SegmentedRaftLogWorker close()
2022-03-03 02:39:44,240 [Time-limited test] INFO  server.GrpcService (GrpcService.java:closeImpl(262)) - 4914ad2e-45be-4838-a730-ba0d1c104f60: shutdown server with port 9894 now
2022-03-03 02:39:44,240 [Time-limited test] INFO  server.GrpcService (GrpcService.java:closeImpl(271)) - 4914ad2e-45be-4838-a730-ba0d1c104f60: shutdown server with port 9894 successfully
2022-03-03 02:39:44,240 [org.apache.ratis.util.JvmPauseMonitor$$Lambda$431/1976969183@1a96522e] INFO  util.JvmPauseMonitor (JvmPauseMonitor.java:run(109)) - JvmPauseMonitor-4914ad2e-45be-4838-a730-ba0d1c104f60: Stopped
2022-03-03 02:39:44,241 [Time-limited test] INFO  ha.SCMHANodeDetails (SCMHANodeDetails.java:loadSCMHAConfig(157)) - ServiceID for StorageContainerManager is null
2022-03-03 02:39:44,241 [Time-limited test] INFO  ha.SCMHANodeDetails (SCMHANodeDetails.java:loadSCMHAConfig(162)) - ozone.scm.default.service.id is not defined, falling back to ozone.scm.service.ids to find serviceID for StorageContainerManager if it is HA enabled cluster
2022-03-03 02:39:44,241 [Time-limited test] WARN  server.ServerUtils (ServerUtils.java:getScmDbDir(148)) - ozone.scm.db.dirs is not configured. We recommend adding this setting. Falling back to ozone.metadata.dirs instead.
2022-03-03 02:39:44,243 [Time-limited test] INFO  upgrade.AbstractLayoutVersionManager (AbstractLayoutVersionManager.java:init(79)) - Initializing Layout version manager with metadata layout = SCM_HA (version = 2), software layout = SCM_HA (version = 2)
2022-03-03 02:39:44,334 [Time-limited test] INFO  reflections.Reflections (Reflections.java:scan(232)) - Reflections took 89 ms to scan 7 urls, producing 122 keys and 286 values 
2022-03-03 02:39:44,343 [Time-limited test] WARN  utils.HAUtils (HAUtils.java:getMetaDir(342)) - ozone.scm.db.dirs is not configured. We recommend adding this setting. Falling back to ozone.metadata.dirs instead.
2022-03-03 02:39:44,345 [Time-limited test] WARN  db.DBStoreBuilder (DBStoreBuilder.java:applyDBDefinition(145)) - ozone.scm.db.dirs is not configured. We recommend adding this setting. Falling back to ozone.metadata.dirs instead.
2022-03-03 02:39:44,433 [Time-limited test] INFO  net.NodeSchemaLoader (NodeSchemaLoader.java:loadSchemaFromFile(129)) - Loading schema from [jar:file:/home/runner/.m2/repository/org/apache/ozone/hdds-common/1.3.0-SNAPSHOT/hdds-common-1.3.0-SNAPSHOT.jar!/network-topology-default.xml]
2022-03-03 02:39:44,433 [Time-limited test] INFO  net.NodeSchemaLoader (NodeSchemaLoader.java:loadSchema(176)) - Loading network topology layer schema file
2022-03-03 02:39:44,439 [Time-limited test] INFO  ha.SCMRatisServerImpl (SCMRatisServerImpl.java:<init>(87)) - starting Raft server for scm:4914ad2e-45be-4838-a730-ba0d1c104f60
2022-03-03 02:39:44,440 [Time-limited test] INFO  server.RaftServer (ConfUtils.java:logGet(44)) - raft.rpc.type = GRPC (default)
2022-03-03 02:39:44,440 [Time-limited test] INFO  grpc.GrpcFactory (GrpcFactory.java:checkPooledByteBufAllocatorUseCacheForAllThreads(48)) - PERFORMANCE WARNING: useCacheForAllThreads is true that may cause Netty to create a lot garbage objects and, as a result, trigger GC.
	It is recommended to disable useCacheForAllThreads by setting -Dorg.apache.ratis.thirdparty.io.netty.allocator.useCacheForAllThreads=false in command line.
2022-03-03 02:39:44,440 [Time-limited test] INFO  grpc.GrpcConfigKeys (ConfUtils.java:logGet(44)) - raft.grpc.admin.port = -1 (default)
2022-03-03 02:39:44,440 [Time-limited test] INFO  grpc.GrpcConfigKeys (ConfUtils.java:logGet(44)) - raft.grpc.server.port = 9894 (custom)
2022-03-03 02:39:44,440 [Time-limited test] INFO  grpc.GrpcConfigKeys (ConfUtils.java:logGet(44)) - raft.grpc.client.port = -1 (default)
2022-03-03 02:39:44,441 [Time-limited test] INFO  grpc.GrpcConfigKeys (ConfUtils.java:logGet(44)) - raft.grpc.server.port = 9894 (custom)
2022-03-03 02:39:44,441 [Time-limited test] INFO  grpc.GrpcConfigKeys (ConfUtils.java:logGet(44)) - raft.grpc.server.port = 9894 (custom)
2022-03-03 02:39:44,441 [Time-limited test] INFO  server.GrpcService (ConfUtils.java:logGet(44)) - raft.grpc.message.size.max = 32m (=33554432) (custom)
2022-03-03 02:39:44,441 [Time-limited test] INFO  server.RaftServerConfigKeys (ConfUtils.java:logGet(44)) - raft.server.log.appender.buffer.byte-limit = 33554432 (custom)
2022-03-03 02:39:44,441 [Time-limited test] INFO  server.GrpcService (ConfUtils.java:logGet(44)) - raft.grpc.flow.control.window = 1MB (=1048576) (default)
2022-03-03 02:39:44,441 [Time-limited test] INFO  server.RaftServerConfigKeys (ConfUtils.java:logGet(44)) - raft.server.rpc.request.timeout = 30000ms (custom)
2022-03-03 02:39:44,442 [Time-limited test] INFO  impl.DataStreamServerImpl (ConfUtils.java:logGet(44)) - raft.datastream.type = DISABLED (default)
2022-03-03 02:39:44,442 [Time-limited test] INFO  server.RaftServerConfigKeys (ConfUtils.java:logGet(44)) - raft.server.rpc.slowness.timeout = 120000ms (custom)
2022-03-03 02:39:44,442 [Time-limited test] INFO  server.RaftServerConfigKeys (ConfUtils.java:logGet(44)) - raft.server.leaderelection.leader.step-down.wait-time = 10s (default)
2022-03-03 02:39:44,443 [Time-limited test] INFO  server.RaftServerConfigKeys (ConfUtils.java:logGet(44)) - raft.server.storage.dir = [/home/runner/work/ozone/ozone/hadoop-ozone/integration-test/target/test-dir/MiniOzoneClusterImpl-ab5f91a4-db32-4111-a157-42cecbd844d3/ozone-meta/scm-ha] (custom)
2022-03-03 02:39:44,443 [Time-limited test] INFO  server.RaftServer (RaftServerProxy.java:lambda$null$1(235)) - 4914ad2e-45be-4838-a730-ba0d1c104f60: found a subdirectory /home/runner/work/ozone/ozone/hadoop-ozone/integration-test/target/test-dir/MiniOzoneClusterImpl-ab5f91a4-db32-4111-a157-42cecbd844d3/ozone-meta/scm-ha/ab5f91a4-db32-4111-a157-42cecbd844d3
2022-03-03 02:39:44,444 [Time-limited test] INFO  server.RaftServer (RaftServerProxy.java:addNew(95)) - 4914ad2e-45be-4838-a730-ba0d1c104f60: addNew group-42CECBD844D3:[] returns group-42CECBD844D3:java.util.concurrent.CompletableFuture@49103fa7[Not completed]
2022-03-03 02:39:44,445 [pool-102-thread-1] INFO  server.RaftServer$Division (RaftServerImpl.java:<init>(184)) - 4914ad2e-45be-4838-a730-ba0d1c104f60: new RaftServerImpl for group-42CECBD844D3:[] with SCMStateMachine:uninitialized
2022-03-03 02:39:44,445 [pool-102-thread-1] INFO  server.RaftServerConfigKeys (ConfUtils.java:logGet(44)) - raft.server.rpc.timeout.min = 5000ms (custom)
2022-03-03 02:39:44,445 [pool-102-thread-1] INFO  server.RaftServerConfigKeys (ConfUtils.java:logGet(44)) - raft.server.rpc.timeout.max = 5200ms (custom)
2022-03-03 02:39:44,446 [pool-102-thread-1] INFO  server.RaftServerConfigKeys (ConfUtils.java:logGet(44)) - raft.server.rpc.sleep.time = 25ms (default)
2022-03-03 02:39:44,446 [pool-102-thread-1] INFO  server.RaftServerConfigKeys (ConfUtils.java:logGet(44)) - raft.server.rpc.slowness.timeout = 120000ms (custom)
2022-03-03 02:39:44,446 [pool-102-thread-1] INFO  server.RaftServerConfigKeys (ConfUtils.java:logGet(44)) - raft.server.leaderelection.leader.step-down.wait-time = 10s (default)
2022-03-03 02:39:44,449 [pool-102-thread-1] INFO  server.RaftServerConfigKeys (ConfUtils.java:logGet(44)) - raft.server.sleep.deviation.threshold = 300ms (default)
2022-03-03 02:39:44,449 [pool-102-thread-1] INFO  server.RaftServerConfigKeys (ConfUtils.java:logGet(44)) - raft.server.log.appender.install.snapshot.enabled = false (custom)
2022-03-03 02:39:44,449 [pool-102-thread-1] INFO  server.RaftServer$Division (ServerState.java:<init>(105)) - 4914ad2e-45be-4838-a730-ba0d1c104f60@group-42CECBD844D3: ConfigurationManager, init=-1: [], old=null, confs=<EMPTY_MAP>
2022-03-03 02:39:44,449 [pool-102-thread-1] INFO  server.RaftServerConfigKeys (ConfUtils.java:logGet(44)) - raft.server.storage.dir = [/home/runner/work/ozone/ozone/hadoop-ozone/integration-test/target/test-dir/MiniOzoneClusterImpl-ab5f91a4-db32-4111-a157-42cecbd844d3/ozone-meta/scm-ha] (custom)
2022-03-03 02:39:44,449 [pool-102-thread-1] INFO  server.RaftServerConfigKeys (ConfUtils.java:logGet(44)) - raft.server.log.corruption.policy = EXCEPTION (default)
2022-03-03 02:39:44,449 [pool-102-thread-1] INFO  server.RaftServerConfigKeys (ConfUtils.java:logGet(44)) - raft.server.storage.free-space.min = 0MB (=0) (default)
2022-03-03 02:39:44,450 [pool-102-thread-1] INFO  storage.RaftStorageDirectory (RaftStorageDirectoryImpl.java:tryLock(230)) - Lock on /home/runner/work/ozone/ozone/hadoop-ozone/integration-test/target/test-dir/MiniOzoneClusterImpl-ab5f91a4-db32-4111-a157-42cecbd844d3/ozone-meta/scm-ha/ab5f91a4-db32-4111-a157-42cecbd844d3/in_use.lock acquired by nodename 19762@fv-az50-851
2022-03-03 02:39:44,451 [pool-102-thread-1] INFO  storage.RaftStorage (RaftStorageImpl.java:analyzeAndRecoverStorage(110)) - Read RaftStorageMetadata{term=1, votedFor=4914ad2e-45be-4838-a730-ba0d1c104f60} from /home/runner/work/ozone/ozone/hadoop-ozone/integration-test/target/test-dir/MiniOzoneClusterImpl-ab5f91a4-db32-4111-a157-42cecbd844d3/ozone-meta/scm-ha/ab5f91a4-db32-4111-a157-42cecbd844d3/current/raft-meta
2022-03-03 02:39:44,451 [pool-102-thread-1] INFO  server.RaftServer$Division (ServerState.java:setRaftConf(387)) - 4914ad2e-45be-4838-a730-ba0d1c104f60@group-42CECBD844D3: set configuration 0: [4914ad2e-45be-4838-a730-ba0d1c104f60|rpc:fv-az50-851:9894|admin:|client:|dataStream:|priority:0], old=null
2022-03-03 02:39:44,451 [pool-102-thread-1] INFO  server.RaftServerConfigKeys (ConfUtils.java:logGet(44)) - raft.server.notification.no-leader.timeout = 60s (default)
2022-03-03 02:39:44,451 [pool-102-thread-1] INFO  server.RaftServerConfigKeys (ConfUtils.java:logGet(44)) - raft.server.log.use.memory = false (default)
2022-03-03 02:39:44,451 [pool-102-thread-1] INFO  server.RaftServerConfigKeys (ConfUtils.java:logGet(44)) - raft.server.log.purge.gap = 1000000 (custom)
2022-03-03 02:39:44,452 [pool-102-thread-1] INFO  server.RaftServerConfigKeys (ConfUtils.java:logGet(44)) - raft.server.log.appender.buffer.byte-limit = 33554432 (custom)
2022-03-03 02:39:44,452 [pool-102-thread-1] INFO  server.RaftServerConfigKeys (ConfUtils.java:logGet(44)) - raft.server.log.segment.size.max = 4194304 (custom)
2022-03-03 02:39:44,453 [pool-102-thread-1] INFO  server.RaftServerConfigKeys (ConfUtils.java:logGet(44)) - raft.server.log.segment.cache.num.max = 2 (custom)
2022-03-03 02:39:44,453 [pool-102-thread-1] INFO  server.RaftServerConfigKeys (ConfUtils.java:logGet(44)) - raft.server.log.segment.cache.size.max = 200MB (=209715200) (default)
2022-03-03 02:39:44,453 [pool-102-thread-1] INFO  segmented.SegmentedRaftLogWorker (SegmentedRaftLogWorker.java:<init>(182)) - new 4914ad2e-45be-4838-a730-ba0d1c104f60@group-42CECBD844D3-SegmentedRaftLogWorker for RaftStorageImpl:Storage Directory /home/runner/work/ozone/ozone/hadoop-ozone/integration-test/target/test-dir/MiniOzoneClusterImpl-ab5f91a4-db32-4111-a157-42cecbd844d3/ozone-meta/scm-ha/ab5f91a4-db32-4111-a157-42cecbd844d3
2022-03-03 02:39:44,453 [pool-102-thread-1] INFO  server.RaftServerConfigKeys (ConfUtils.java:logGet(44)) - raft.server.log.queue.byte-limit = 64MB (=67108864) (default)
2022-03-03 02:39:44,453 [pool-102-thread-1] INFO  server.RaftServerConfigKeys (ConfUtils.java:logGet(44)) - raft.server.log.queue.element-limit = 4096 (default)
2022-03-03 02:39:44,453 [pool-102-thread-1] INFO  server.RaftServerConfigKeys (ConfUtils.java:logGet(44)) - raft.server.log.segment.size.max = 4194304 (custom)
2022-03-03 02:39:44,454 [pool-102-thread-1] INFO  server.RaftServerConfigKeys (ConfUtils.java:logGet(44)) - raft.server.log.preallocated.size = 4194304 (custom)
2022-03-03 02:39:44,454 [pool-102-thread-1] INFO  server.RaftServerConfigKeys (ConfUtils.java:logGet(44)) - raft.server.log.force.sync.num = 128 (default)
2022-03-03 02:39:44,454 [pool-102-thread-1] INFO  server.RaftServerConfigKeys (ConfUtils.java:logGet(44)) - raft.server.log.statemachine.data.sync = true (default)
2022-03-03 02:39:44,454 [pool-102-thread-1] INFO  server.RaftServerConfigKeys (ConfUtils.java:logGet(44)) - raft.server.log.statemachine.data.sync.timeout = 10s (default)
2022-03-03 02:39:44,458 [pool-102-thread-1] INFO  server.RaftServerConfigKeys (ConfUtils.java:logGet(44)) - raft.server.log.statemachine.data.sync.timeout.retry = -1 (default)
2022-03-03 02:39:44,468 [pool-102-thread-1] INFO  server.RaftServerConfigKeys (ConfUtils.java:logGet(44)) - raft.server.log.write.buffer.size = 64KB (=65536) (default)
2022-03-03 02:39:44,468 [pool-102-thread-1] INFO  server.RaftServerConfigKeys (ConfUtils.java:logGet(44)) - raft.server.log.statemachine.data.caching.enabled = false (default)
2022-03-03 02:39:44,469 [pool-102-thread-1] INFO  server.RaftServer$Division (ServerState.java:setRaftConf(387)) - 4914ad2e-45be-4838-a730-ba0d1c104f60@group-42CECBD844D3: set configuration 0: [4914ad2e-45be-4838-a730-ba0d1c104f60|rpc:fv-az50-851:9894|admin:|client:|dataStream:|priority:0], old=null
2022-03-03 02:39:44,470 [pool-102-thread-1] INFO  segmented.LogSegment (LogSegment.java:loadSegment(173)) - Successfully read 1 entries from segment file /home/runner/work/ozone/ozone/hadoop-ozone/integration-test/target/test-dir/MiniOzoneClusterImpl-ab5f91a4-db32-4111-a157-42cecbd844d3/ozone-meta/scm-ha/ab5f91a4-db32-4111-a157-42cecbd844d3/current/log_inprogress_0
2022-03-03 02:39:44,470 [pool-102-thread-1] INFO  segmented.SegmentedRaftLogWorker (SegmentedRaftLogWorker.java:lambda$new$0(133)) - 4914ad2e-45be-4838-a730-ba0d1c104f60@group-42CECBD844D3-SegmentedRaftLogWorker: flushIndex: setUnconditionally 0 -> 0
2022-03-03 02:39:44,470 [pool-102-thread-1] INFO  segmented.SegmentedRaftLogWorker (SegmentedRaftLogWorker.java:lambda$new$0(133)) - 4914ad2e-45be-4838-a730-ba0d1c104f60@group-42CECBD844D3-SegmentedRaftLogWorker: safeCacheEvictIndex: setUnconditionally 0 -> -1
2022-03-03 02:39:44,477 [pool-102-thread-1] INFO  server.RaftServerConfigKeys (ConfUtils.java:logGet(44)) - raft.server.snapshot.auto.trigger.enabled = true (custom)
2022-03-03 02:39:44,477 [pool-102-thread-1] INFO  server.RaftServerConfigKeys (ConfUtils.java:logGet(44)) - raft.server.snapshot.auto.trigger.threshold = 1000 (custom)
2022-03-03 02:39:44,477 [pool-102-thread-1] INFO  server.RaftServerConfigKeys (ConfUtils.java:logGet(44)) - raft.server.snapshot.retention.file.num = -1 (default)
2022-03-03 02:39:44,477 [pool-102-thread-1] INFO  server.RaftServerConfigKeys (ConfUtils.java:logGet(44)) - raft.server.log.purge.upto.snapshot.index = false (default)
2022-03-03 02:39:44,477 [pool-102-thread-1] INFO  server.RaftServerConfigKeys (ConfUtils.java:logGet(44)) - raft.server.retrycache.expirytime = 60000ms (default)
2022-03-03 02:39:44,477 [pool-102-thread-1] INFO  server.RaftServerConfigKeys (ConfUtils.java:logGet(44)) - raft.server.retrycache.statistics.expirytime = 100μs (default)
2022-03-03 02:39:44,478 [Time-limited test] INFO  ha.SCMSnapshotProvider (SCMSnapshotProvider.java:<init>(66)) - Initializing SCM Snapshot Provider
2022-03-03 02:39:44,478 [Time-limited test] WARN  server.ServerUtils (ServerUtils.java:getDefaultRatisDirectory(237)) - Storage directory for Ratis is not configured. It is a good idea to map this to an SSD disk. Falling back to ozone.metadata.dirs
2022-03-03 02:39:44,478 [Time-limited test] WARN  ha.SCMHAUtils (SCMHAUtils.java:getSCMRatisSnapshotDirectory(151)) - SCM snapshot dir is not configured. Falling back to ozone.metadata.dirs config
2022-03-03 02:39:44,484 [Time-limited test] INFO  ha.SequenceIdGenerator (SequenceIdGenerator.java:upgradeToSequenceId(347)) - upgrade localId to 109611004723200000
2022-03-03 02:39:44,484 [Time-limited test] INFO  ha.SequenceIdGenerator (SequenceIdGenerator.java:upgradeToSequenceId(357)) - upgrade delTxnId to 0
2022-03-03 02:39:44,484 [Time-limited test] INFO  ha.SequenceIdGenerator (SequenceIdGenerator.java:upgradeToSequenceId(371)) - upgrade containerId to 0
2022-03-03 02:39:44,484 [Time-limited test] INFO  ha.SequenceIdGenerator (SequenceIdGenerator.java:<init>(218)) - Init the HA SequenceIdGenerator.
2022-03-03 02:39:44,484 [Time-limited test] WARN  server.ServerUtils (ServerUtils.java:sanitizeUserArgs(73)) - ozone.scm.stale.node.interval value = 300000 is larger than max = 100000 based on the key value of ozone.scm.heartbeat.thread.interval, reset to the max value 100000.
2022-03-03 02:39:44,484 [Time-limited test] WARN  server.ServerUtils (ServerUtils.java:sanitizeUserArgs(73)) - ozone.scm.stale.node.interval value = 300000 is larger than max = 100000 based on the key value of ozone.scm.heartbeat.thread.interval, reset to the max value 100000.
2022-03-03 02:39:44,488 [Time-limited test] INFO  node.SCMNodeManager (SCMNodeManager.java:<init>(144)) - Entering startup safe mode.
2022-03-03 02:39:44,494 [Time-limited test] INFO  algorithms.ContainerPlacementPolicyFactory (ContainerPlacementPolicyFactory.java:getPolicy(60)) - Create container placement policy of type org.apache.hadoop.hdds.scm.container.placement.algorithms.SCMContainerPlacementRandom
2022-03-03 02:39:44,494 [Time-limited test] INFO  pipeline.PipelineStateManagerImpl (PipelineStateManagerImpl.java:initialize(78)) - No pipeline exists in current db
2022-03-03 02:39:44,494 [Time-limited test] INFO  algorithms.LeaderChoosePolicyFactory (LeaderChoosePolicyFactory.java:getPolicy(57)) - Create leader choose policy of type org.apache.hadoop.hdds.scm.pipeline.leader.choose.algorithms.MinLeaderCountChoosePolicy
2022-03-03 02:39:44,494 [Time-limited test] INFO  ha.SCMServiceManager (SCMServiceManager.java:register(42)) - Registering service BackgroundPipelineCreator.
2022-03-03 02:39:44,494 [Time-limited test] INFO  pipeline.BackgroundPipelineCreator (BackgroundPipelineCreator.java:start(130)) - Starting RatisPipelineUtilsThread.
2022-03-03 02:39:44,501 [Time-limited test] INFO  algorithms.PipelineChoosePolicyFactory (PipelineChoosePolicyFactory.java:createPipelineChoosePolicyFromClass(73)) - Create pipeline choose policy of type org.apache.hadoop.hdds.scm.pipeline.choose.algorithms.RandomPipelineChoosePolicy
2022-03-03 02:39:44,502 [Time-limited test] INFO  ha.SCMServiceManager (SCMServiceManager.java:register(42)) - Registering service SCMBlockDeletingService.
2022-03-03 02:39:44,502 [Time-limited test] INFO  ha.SCMServiceManager (SCMServiceManager.java:register(42)) - Registering service ReplicationManager.
2022-03-03 02:39:44,502 [Time-limited test] INFO  container.ReplicationManager (ReplicationManager.java:start(326)) - Starting Replication Monitor Thread.
2022-03-03 02:39:44,512 [ReplicationMonitor] INFO  container.ReplicationManager (ReplicationManager.java:processAll(374)) - Replication Manager is not ready to run until 3000ms after safemode exit
2022-03-03 02:39:44,512 [Time-limited test] INFO  safemode.ContainerSafeModeRule (ContainerSafeModeRule.java:<init>(89)) - containers with one replica threshold count 0
2022-03-03 02:39:44,513 [Time-limited test] INFO  safemode.HealthyPipelineSafeModeRule (HealthyPipelineSafeModeRule.java:initializeRule(156)) - Total pipeline count is 0, healthy pipeline threshold count is 1
2022-03-03 02:39:44,513 [Time-limited test] INFO  safemode.OneReplicaPipelineSafeModeRule (OneReplicaPipelineSafeModeRule.java:initializeRule(180)) - Total pipeline count is 0, pipeline's with at least one datanode reported threshold count is 0
2022-03-03 02:39:44,517 [Time-limited test] INFO  ipc.CallQueueManager (CallQueueManager.java:<init>(90)) - Using callQueue: class java.util.concurrent.LinkedBlockingQueue, queueCapacity: 2000, scheduler: class org.apache.hadoop.ipc.DefaultRpcScheduler, ipcBackoff: false.
2022-03-03 02:39:44,517 [Socket Reader #1 for port 0] INFO  ipc.Server (Server.java:run(1265)) - Starting Socket Reader #1 for port 0
2022-03-03 02:39:44,518 [Listener at 0.0.0.0/39335] INFO  ipc.CallQueueManager (CallQueueManager.java:<init>(90)) - Using callQueue: class java.util.concurrent.LinkedBlockingQueue, queueCapacity: 2000, scheduler: class org.apache.hadoop.ipc.DefaultRpcScheduler, ipcBackoff: false.
2022-03-03 02:39:44,525 [Socket Reader #1 for port 0] INFO  ipc.Server (Server.java:run(1265)) - Starting Socket Reader #1 for port 0
2022-03-03 02:39:44,533 [Listener at 0.0.0.0/35387] INFO  ipc.CallQueueManager (CallQueueManager.java:<init>(90)) - Using callQueue: class java.util.concurrent.LinkedBlockingQueue, queueCapacity: 2000, scheduler: class org.apache.hadoop.ipc.DefaultRpcScheduler, ipcBackoff: false.
2022-03-03 02:39:44,536 [Socket Reader #1 for port 0] INFO  ipc.Server (Server.java:run(1265)) - Starting Socket Reader #1 for port 0
2022-03-03 02:39:44,577 [Listener at 0.0.0.0/36755] INFO  algorithms.ContainerPlacementPolicyFactory (ContainerPlacementPolicyFactory.java:getPolicy(60)) - Create container placement policy of type org.apache.hadoop.hdds.scm.container.placement.algorithms.SCMContainerPlacementRandom
2022-03-03 02:39:44,578 [Listener at 0.0.0.0/36755] INFO  server.StorageContainerManager (StorageContainerManager.java:<init>(392)) - 
Container Balancer status:
Key                            Value
Running                        false
Container Balancer Configuration values:
Key                                                Value
Threshold                                          10
Max Datanodes to Involve per Iteration(percent)    20
Max Size to Move per Iteration                     500GB
Max Size Entering Target per Iteration             26GB
Max Size Leaving Source per Iteration              26GB

2022-03-03 02:39:44,578 [Listener at 0.0.0.0/36755] WARN  events.EventQueue (EventQueue.java:fireEvent(194)) - No event handler registered for event TypedEvent{payloadType=SafeModeStatus, name='Safe mode status'}
2022-03-03 02:39:44,578 [Listener at 0.0.0.0/36755] INFO  ha.SCMContext (SCMContext.java:updateSafeModeStatus(211)) - Update SafeModeStatus from SafeModeStatus{safeModeStatus=true, preCheckPassed=false} to SafeModeStatus{safeModeStatus=true, preCheckPassed=false}.
2022-03-03 02:39:44,578 [Listener at 0.0.0.0/36755] INFO  server.StorageContainerManager (StorageContainerManager.java:start(1330)) - StorageContainerLocationProtocol RPC server is listening at /0.0.0.0:36755
2022-03-03 02:39:44,580 [Listener at 0.0.0.0/36755] INFO  ha.SCMRatisServerImpl (SCMRatisServerImpl.java:start(177)) - starting ratis server 0.0.0.0:9894
2022-03-03 02:39:44,580 [Listener at 0.0.0.0/36755] INFO  server.RaftServer$Division (RaftServerImpl.java:start(301)) - 4914ad2e-45be-4838-a730-ba0d1c104f60@group-42CECBD844D3: start as a follower, conf=0: [4914ad2e-45be-4838-a730-ba0d1c104f60|rpc:fv-az50-851:9894|admin:|client:|dataStream:|priority:0], old=null
2022-03-03 02:39:44,580 [Listener at 0.0.0.0/36755] INFO  server.RaftServer$Division (RaftServerImpl.java:setRole(290)) - 4914ad2e-45be-4838-a730-ba0d1c104f60@group-42CECBD844D3: changes role from      null to FOLLOWER at term 1 for startAsFollower
2022-03-03 02:39:44,580 [Listener at 0.0.0.0/36755] INFO  impl.RoleInfo (RoleInfo.java:updateAndGet(130)) - 4914ad2e-45be-4838-a730-ba0d1c104f60: start 4914ad2e-45be-4838-a730-ba0d1c104f60@group-42CECBD844D3-FollowerState
2022-03-03 02:39:44,581 [Listener at 0.0.0.0/36755] INFO  util.JmxRegister (JmxRegister.java:tryRegister(44)) - Successfully registered JMX Bean with object name Ratis:service=RaftServer,group=group-42CECBD844D3,id=4914ad2e-45be-4838-a730-ba0d1c104f60
2022-03-03 02:39:44,581 [Listener at 0.0.0.0/36755] INFO  server.RaftServer (RaftServerProxy.java:lambda$start$5(374)) - 4914ad2e-45be-4838-a730-ba0d1c104f60: start RPC server
2022-03-03 02:39:44,585 [Listener at 0.0.0.0/36755] INFO  server.GrpcService (GrpcService.java:startImpl(253)) - 4914ad2e-45be-4838-a730-ba0d1c104f60: GrpcService started, listening on 9894
2022-03-03 02:39:44,585 [Listener at 0.0.0.0/36755] INFO  ha.SCMHAManagerImpl (SCMHAManagerImpl.java:start(121)) -  scm role is FOLLOWER peers [4914ad2e-45be-4838-a730-ba0d1c104f60|rpc:fv-az50-851:9894|admin:|client:|dataStream:|priority:0]
2022-03-03 02:39:44,585 [Listener at 0.0.0.0/36755] INFO  ha.InterSCMGrpcService (InterSCMGrpcProtocolService.java:start(94)) - Starting SCM Grpc Service at port 9895
2022-03-03 02:39:44,587 [Listener at 0.0.0.0/36755] WARN  impl.MetricsConfig (MetricsConfig.java:loadFirst(136)) - Cannot locate configuration: tried hadoop-metrics2-storagecontainermanager.properties,hadoop-metrics2.properties
2022-03-03 02:39:44,588 [Listener at 0.0.0.0/36755] INFO  impl.MetricsSystemImpl (MetricsSystemImpl.java:startTimer(378)) - Scheduled Metric snapshot period at 10 second(s).
2022-03-03 02:39:44,589 [Listener at 0.0.0.0/36755] INFO  impl.MetricsSystemImpl (MetricsSystemImpl.java:start(191)) - StorageContainerManager metrics system started
2022-03-03 02:39:44,599 [org.apache.ratis.util.JvmPauseMonitor$$Lambda$431/1976969183@5a96473] INFO  util.JvmPauseMonitor (JvmPauseMonitor.java:run(103)) - JvmPauseMonitor-4914ad2e-45be-4838-a730-ba0d1c104f60: Started
2022-03-03 02:39:44,596 [Listener at 0.0.0.0/36755] INFO  impl.MetricsSinkAdapter (MetricsSinkAdapter.java:start(204)) - Sink prometheus started
2022-03-03 02:39:44,605 [Listener at 0.0.0.0/36755] INFO  impl.MetricsSystemImpl (MetricsSystemImpl.java:registerSink(305)) - Registered sink prometheus
2022-03-03 02:39:44,624 [Listener at 0.0.0.0/36755] INFO  server.SCMClientProtocolServer (SCMClientProtocolServer.java:start(165)) - RPC server for Client  is listening at /0.0.0.0:36755
2022-03-03 02:39:44,625 [IPC Server Responder] INFO  ipc.Server (Server.java:run(1507)) - IPC Server Responder: starting
2022-03-03 02:39:44,625 [IPC Server listener on 0] INFO  ipc.Server (Server.java:run(1344)) - IPC Server listener on 0: starting
2022-03-03 02:39:44,627 [Listener at 0.0.0.0/36755] INFO  server.StorageContainerManager (StorageContainerManager.java:start(1345)) - ScmBlockLocationProtocol RPC server is listening at /0.0.0.0:35387
2022-03-03 02:39:44,628 [Listener at 0.0.0.0/36755] INFO  server.SCMBlockProtocolServer (SCMBlockProtocolServer.java:start(151)) - RPC server for Block Protocol is listening at /0.0.0.0:35387
2022-03-03 02:39:44,632 [IPC Server Responder] INFO  ipc.Server (Server.java:run(1507)) - IPC Server Responder: starting
2022-03-03 02:39:44,636 [IPC Server listener on 0] INFO  ipc.Server (Server.java:run(1344)) - IPC Server listener on 0: starting
2022-03-03 02:39:44,640 [org.apache.hadoop.util.JvmPauseMonitor$Monitor@50d52312] INFO  util.JvmPauseMonitor (JvmPauseMonitor.java:run(188)) - Starting JVM pause monitor
2022-03-03 02:39:44,641 [Listener at 0.0.0.0/36755] INFO  http.BaseHttpServer (BaseHttpServer.java:newHttpServer2BuilderForOzone(209)) - Starting Web-server for scm at: http://0.0.0.0:0
2022-03-03 02:39:44,641 [Listener at 0.0.0.0/36755] INFO  http.BaseHttpServer (BaseHttpServer.java:<init>(107)) - Hadoop Security Enabled: false Ozone Security Enabled: false Ozone HTTP Security Enabled: false 
2022-03-03 02:39:44,642 [Listener at 0.0.0.0/36755] INFO  server.AuthenticationFilter (AuthenticationFilter.java:constructSecretProvider(240)) - Unable to initialize FileSignerSecretProvider, falling back to use random secrets.
2022-03-03 02:39:44,649 [Listener at 0.0.0.0/36755] WARN  http.HttpRequestLog (HttpRequestLog.java:getRequestLog(103)) - Jetty request log can only be enabled using Log4j
2022-03-03 02:39:44,650 [Listener at 0.0.0.0/36755] INFO  http.HttpServer2 (HttpServer2.java:addGlobalFilter(1030)) - Added global filter 'safety' (class=org.apache.hadoop.hdds.server.http.HttpServer2$QuotingInputFilter)
2022-03-03 02:39:44,650 [Listener at 0.0.0.0/36755] INFO  http.HttpServer2 (HttpServer2.java:addFilter(1006)) - Added filter static_user_filter (class=org.apache.hadoop.http.lib.StaticUserWebFilter$StaticUserFilter) to context scm
2022-03-03 02:39:44,650 [Listener at 0.0.0.0/36755] INFO  http.HttpServer2 (HttpServer2.java:addFilter(1014)) - Added filter static_user_filter (class=org.apache.hadoop.http.lib.StaticUserWebFilter$StaticUserFilter) to context logs
2022-03-03 02:39:44,650 [Listener at 0.0.0.0/36755] INFO  http.HttpServer2 (HttpServer2.java:addFilter(1014)) - Added filter static_user_filter (class=org.apache.hadoop.http.lib.StaticUserWebFilter$StaticUserFilter) to context static
2022-03-03 02:39:44,651 [Listener at 0.0.0.0/36755] INFO  http.HttpServer2 (HttpServer2.java:bindListener(1249)) - Jetty bound to port 38529
2022-03-03 02:39:44,651 [Listener at 0.0.0.0/36755] INFO  server.Server (Server.java:doStart(375)) - jetty-9.4.43.v20210629; built: 2021-06-30T11:07:22.254Z; git: 526006ecfa3af7f1a27ef3a288e2bef7ea9dd7e8; jvm 1.8.0_322-b06
2022-03-03 02:39:44,661 [Listener at 0.0.0.0/36755] INFO  server.session (DefaultSessionIdManager.java:doStart(334)) - DefaultSessionIdManager workerName=node0
2022-03-03 02:39:44,661 [Listener at 0.0.0.0/36755] INFO  server.session (DefaultSessionIdManager.java:doStart(339)) - No SessionScavenger set, using defaults
2022-03-03 02:39:44,661 [Listener at 0.0.0.0/36755] INFO  server.session (HouseKeeper.java:startScavenging(132)) - node0 Scavenging every 600000ms
2022-03-03 02:39:44,662 [Listener at 0.0.0.0/36755] INFO  handler.ContextHandler (ContextHandler.java:doStart(915)) - Started o.e.j.s.ServletContextHandler@4e87261c{logs,/logs,file:///home/runner/work/ozone/ozone/hadoop-ozone/integration-test/target/log,AVAILABLE}
2022-03-03 02:39:44,662 [Listener at 0.0.0.0/36755] INFO  handler.ContextHandler (ContextHandler.java:doStart(915)) - Started o.e.j.s.ServletContextHandler@7ffc3e47{static,/static,file:///home/runner/work/ozone/ozone/hadoop-ozone/integration-test/target/test-classes/webapps/static,AVAILABLE}
2022-03-03 02:39:44,668 [Listener at 0.0.0.0/36755] INFO  handler.ContextHandler (ContextHandler.java:doStart(915)) - Started o.e.j.w.WebAppContext@32fc76ad{scm,/,file:///home/runner/work/ozone/ozone/hadoop-ozone/integration-test/target/test-classes/webapps/scm/,AVAILABLE}{file:/home/runner/work/ozone/ozone/hadoop-ozone/integration-test/target/test-classes/webapps/scm}
2022-03-03 02:39:44,671 [Listener at 0.0.0.0/36755] INFO  server.AbstractConnector (AbstractConnector.java:doStart(331)) - Started ServerConnector@274a2762{HTTP/1.1, (http/1.1)}{0.0.0.0:38529}
2022-03-03 02:39:44,671 [Listener at 0.0.0.0/36755] INFO  server.Server (Server.java:doStart(415)) - Started @38155ms
2022-03-03 02:39:44,671 [Listener at 0.0.0.0/36755] WARN  impl.MetricsSystemImpl (MetricsSystemImpl.java:register(279)) - Sink prometheus already exists!
2022-03-03 02:39:44,672 [Listener at 0.0.0.0/36755] INFO  http.BaseHttpServer (BaseHttpServer.java:updateConnectorAddress(329)) - HTTP server of scm listening at http://0.0.0.0:38529
2022-03-03 02:39:44,672 [Listener at 0.0.0.0/36755] WARN  server.ServerUtils (ServerUtils.java:getDBPath(225)) - ozone.om.db.dirs is not configured. We recommend adding this setting. Falling back to ozone.metadata.dirs instead.
2022-03-03 02:39:44,674 [Listener at 0.0.0.0/36755] INFO  ha.OMHANodeDetails (OMHANodeDetails.java:loadOMHAConfig(112)) - ozone.om.internal.service.id is not defined, falling back to ozone.om.service.ids to find serviceID for OzoneManager if it is HA enabled cluster
2022-03-03 02:39:44,674 [Listener at 0.0.0.0/36755] INFO  ha.OMHANodeDetails (OMHANodeDetails.java:loadOMHAConfig(218)) - Configuration does not have ozone.om.address set. Falling back to the default OM address /127.0.0.1:0
2022-03-03 02:39:44,674 [Listener at 0.0.0.0/36755] INFO  ha.OMHANodeDetails (OMHANodeDetails.java:getOMNodeDetailsForNonHA(246)) - OM Service ID is not set. Setting it to the default ID: omServiceIdDefault
2022-03-03 02:39:44,674 [Listener at 0.0.0.0/36755] INFO  ha.OMHANodeDetails (OMHANodeDetails.java:getOMNodeDetailsForNonHA(253)) - OM Node ID is not set. Setting it to the default ID: om1
2022-03-03 02:39:44,675 [Listener at 0.0.0.0/36755] WARN  server.ServerUtils (ServerUtils.java:getDBPath(225)) - ozone.om.db.dirs is not configured. We recommend adding this setting. Falling back to ozone.metadata.dirs instead.
2022-03-03 02:39:44,676 [Listener at 0.0.0.0/36755] INFO  upgrade.AbstractLayoutVersionManager (AbstractLayoutVersionManager.java:init(79)) - Initializing Layout version manager with metadata layout = INITIAL_VERSION (version = 0), software layout = INITIAL_VERSION (version = 0)
2022-03-03 02:39:44,753 [Listener at 0.0.0.0/36755] INFO  reflections.Reflections (Reflections.java:scan(232)) - Reflections took 76 ms to scan 2 urls, producing 134 keys and 349 values [using 2 cores]
2022-03-03 02:39:44,753 [Listener at 0.0.0.0/36755] INFO  upgrade.OMLayoutVersionManager (OMLayoutVersionManager.java:lambda$0(115)) - Skipping Upgrade Action MockOmUpgradeAction since it has been finalized.
2022-03-03 02:39:44,754 [Listener at 0.0.0.0/36755] WARN  server.ServerUtils (ServerUtils.java:getDBPath(225)) - ozone.om.db.dirs is not configured. We recommend adding this setting. Falling back to ozone.metadata.dirs instead.
2022-03-03 02:39:46,780 [Listener at 0.0.0.0/36755] INFO  retry.RetryInvocationHandler (RetryInvocationHandler.java:log(411)) - com.google.protobuf.ServiceException: org.apache.hadoop.ipc.RemoteException(org.apache.hadoop.hdds.ratis.ServerNotLeaderException): Server:4914ad2e-45be-4838-a730-ba0d1c104f60 is not the leader. Could not determine the leader node.
	at org.apache.hadoop.hdds.ratis.ServerNotLeaderException.convertToNotLeaderException(ServerNotLeaderException.java:109)
	at org.apache.hadoop.hdds.scm.ha.RatisUtil.checkRatisException(RatisUtil.java:246)
	at org.apache.hadoop.hdds.scm.protocol.ScmBlockLocationProtocolServerSideTranslatorPB.send(ScmBlockLocationProtocolServerSideTranslatorPB.java:108)
	at org.apache.hadoop.hdds.protocol.proto.ScmBlockLocationProtocolProtos$ScmBlockLocationProtocolService$2.callBlockingMethod(ScmBlockLocationProtocolProtos.java:13937)
	at org.apache.hadoop.ipc.ProtobufRpcEngine$Server.processCall(ProtobufRpcEngine.java:466)
	at org.apache.hadoop.ipc.ProtobufRpcEngine2$Server$ProtoBufRpcInvoker.call(ProtobufRpcEngine2.java:574)
	at org.apache.hadoop.ipc.ProtobufRpcEngine2$Server$ProtoBufRpcInvoker.call(ProtobufRpcEngine2.java:552)
	at org.apache.hadoop.ipc.RPC$Server.call(RPC.java:1093)
	at org.apache.hadoop.ipc.Server$RpcCall.run(Server.java:1035)
	at org.apache.hadoop.ipc.Server$RpcCall.run(Server.java:963)
	at java.security.AccessController.doPrivileged(Native Method)
	at javax.security.auth.Subject.doAs(Subject.java:422)
	at org.apache.hadoop.security.UserGroupInformation.doAs(UserGroupInformation.java:1878)
	at org.apache.hadoop.ipc.Server$Handler.run(Server.java:2966)
, while invoking $Proxy44.send over nodeId=scmNodeId,nodeAddress=/0.0.0.0:35387 after 1 failover attempts. Trying to failover after sleeping for 2000ms.
2022-03-03 02:39:48,785 [Listener at 0.0.0.0/36755] INFO  retry.RetryInvocationHandler (RetryInvocationHandler.java:log(411)) - com.google.protobuf.ServiceException: org.apache.hadoop.ipc.RemoteException(org.apache.hadoop.hdds.ratis.ServerNotLeaderException): Server:4914ad2e-45be-4838-a730-ba0d1c104f60 is not the leader. Could not determine the leader node.
	at org.apache.hadoop.hdds.ratis.ServerNotLeaderException.convertToNotLeaderException(ServerNotLeaderException.java:109)
	at org.apache.hadoop.hdds.scm.ha.RatisUtil.checkRatisException(RatisUtil.java:246)
	at org.apache.hadoop.hdds.scm.protocol.ScmBlockLocationProtocolServerSideTranslatorPB.send(ScmBlockLocationProtocolServerSideTranslatorPB.java:108)
	at org.apache.hadoop.hdds.protocol.proto.ScmBlockLocationProtocolProtos$ScmBlockLocationProtocolService$2.callBlockingMethod(ScmBlockLocationProtocolProtos.java:13937)
	at org.apache.hadoop.ipc.ProtobufRpcEngine$Server.processCall(ProtobufRpcEngine.java:466)
	at org.apache.hadoop.ipc.ProtobufRpcEngine2$Server$ProtoBufRpcInvoker.call(ProtobufRpcEngine2.java:574)
	at org.apache.hadoop.ipc.ProtobufRpcEngine2$Server$ProtoBufRpcInvoker.call(ProtobufRpcEngine2.java:552)
	at org.apache.hadoop.ipc.RPC$Server.call(RPC.java:1093)
	at org.apache.hadoop.ipc.Server$RpcCall.run(Server.java:1035)
	at org.apache.hadoop.ipc.Server$RpcCall.run(Server.java:963)
	at java.security.AccessController.doPrivileged(Native Method)
	at javax.security.auth.Subject.doAs(Subject.java:422)
	at org.apache.hadoop.security.UserGroupInformation.doAs(UserGroupInformation.java:1878)
	at org.apache.hadoop.ipc.Server$Handler.run(Server.java:2966)
, while invoking $Proxy44.send over nodeId=scmNodeId,nodeAddress=/0.0.0.0:35387 after 2 failover attempts. Trying to failover after sleeping for 2000ms.
2022-03-03 02:39:49,690 [4914ad2e-45be-4838-a730-ba0d1c104f60@group-42CECBD844D3-FollowerState] INFO  impl.FollowerState (FollowerState.java:run(134)) - 4914ad2e-45be-4838-a730-ba0d1c104f60@group-42CECBD844D3-FollowerState: change to CANDIDATE, lastRpcElapsedTime:5110089436ns, electionTimeout:5105ms
2022-03-03 02:39:49,691 [4914ad2e-45be-4838-a730-ba0d1c104f60@group-42CECBD844D3-FollowerState] INFO  impl.RoleInfo (RoleInfo.java:shutdownFollowerState(108)) - 4914ad2e-45be-4838-a730-ba0d1c104f60: shutdown 4914ad2e-45be-4838-a730-ba0d1c104f60@group-42CECBD844D3-FollowerState
2022-03-03 02:39:49,691 [4914ad2e-45be-4838-a730-ba0d1c104f60@group-42CECBD844D3-FollowerState] INFO  server.RaftServer$Division (RaftServerImpl.java:setRole(290)) - 4914ad2e-45be-4838-a730-ba0d1c104f60@group-42CECBD844D3: changes role from  FOLLOWER to CANDIDATE at term 1 for changeToCandidate
2022-03-03 02:39:49,691 [4914ad2e-45be-4838-a730-ba0d1c104f60@group-42CECBD844D3-FollowerState] INFO  server.RaftServerConfigKeys (ConfUtils.java:logGet(44)) - raft.server.leaderelection.pre-vote = false (custom)
2022-03-03 02:39:49,692 [4914ad2e-45be-4838-a730-ba0d1c104f60@group-42CECBD844D3-FollowerState] INFO  impl.RoleInfo (RoleInfo.java:updateAndGet(130)) - 4914ad2e-45be-4838-a730-ba0d1c104f60: start 4914ad2e-45be-4838-a730-ba0d1c104f60@group-42CECBD844D3-LeaderElection5
2022-03-03 02:39:49,704 [4914ad2e-45be-4838-a730-ba0d1c104f60@group-42CECBD844D3-LeaderElection5] INFO  impl.LeaderElection (LeaderElection.java:askForVotes(306)) - 4914ad2e-45be-4838-a730-ba0d1c104f60@group-42CECBD844D3-LeaderElection5 ELECTION round 0: submit vote requests at term 2 for 0: [4914ad2e-45be-4838-a730-ba0d1c104f60|rpc:fv-az50-851:9894|admin:|client:|dataStream:|priority:0], old=null
2022-03-03 02:39:49,704 [4914ad2e-45be-4838-a730-ba0d1c104f60@group-42CECBD844D3-LeaderElection5] INFO  impl.LeaderElection (LeaderElection.java:askForVotes(308)) - 4914ad2e-45be-4838-a730-ba0d1c104f60@group-42CECBD844D3-LeaderElection5 ELECTION round 0: result PASSED (term=2)
2022-03-03 02:39:49,704 [4914ad2e-45be-4838-a730-ba0d1c104f60@group-42CECBD844D3-LeaderElection5] INFO  impl.RoleInfo (RoleInfo.java:shutdownLeaderElection(121)) - 4914ad2e-45be-4838-a730-ba0d1c104f60: shutdown 4914ad2e-45be-4838-a730-ba0d1c104f60@group-42CECBD844D3-LeaderElection5
2022-03-03 02:39:49,704 [4914ad2e-45be-4838-a730-ba0d1c104f60@group-42CECBD844D3-LeaderElection5] INFO  server.RaftServer$Division (RaftServerImpl.java:setRole(290)) - 4914ad2e-45be-4838-a730-ba0d1c104f60@group-42CECBD844D3: changes role from CANDIDATE to LEADER at term 2 for changeToLeader
2022-03-03 02:39:49,704 [4914ad2e-45be-4838-a730-ba0d1c104f60@group-42CECBD844D3-LeaderElection5] INFO  ha.SCMStateMachine (SCMStateMachine.java:notifyLeaderChanged(259)) - current SCM becomes leader of term 2.
2022-03-03 02:39:49,704 [4914ad2e-45be-4838-a730-ba0d1c104f60@group-42CECBD844D3-LeaderElection5] INFO  ha.SCMContext (SCMContext.java:updateLeaderAndTerm(90)) - update <isLeader,term> from <false,0> to <true,2>
2022-03-03 02:39:49,705 [4914ad2e-45be-4838-a730-ba0d1c104f60@group-42CECBD844D3-LeaderElection5] INFO  server.RaftServer$Division (ServerState.java:setLeader(285)) - 4914ad2e-45be-4838-a730-ba0d1c104f60@group-42CECBD844D3: change Leader from null to 4914ad2e-45be-4838-a730-ba0d1c104f60 at term 2 for becomeLeader, leader elected after 5253ms
2022-03-03 02:39:49,705 [4914ad2e-45be-4838-a730-ba0d1c104f60@group-42CECBD844D3-LeaderElection5] INFO  server.RaftServerConfigKeys (ConfUtils.java:logGet(44)) - raft.server.staging.catchup.gap = 1000 (default)
2022-03-03 02:39:49,706 [4914ad2e-45be-4838-a730-ba0d1c104f60@group-42CECBD844D3-LeaderElection5] INFO  server.RaftServerConfigKeys (ConfUtils.java:logGet(44)) - raft.server.write.element-limit = 4096 (default)
2022-03-03 02:39:49,706 [4914ad2e-45be-4838-a730-ba0d1c104f60@group-42CECBD844D3-LeaderElection5] INFO  server.RaftServerConfigKeys (ConfUtils.java:logGet(44)) - raft.server.write.byte-limit = 64MB (=67108864) (default)
2022-03-03 02:39:49,706 [4914ad2e-45be-4838-a730-ba0d1c104f60@group-42CECBD844D3-LeaderElection5] INFO  server.RaftServerConfigKeys (ConfUtils.java:logGet(44)) - raft.server.watch.timeout = 10s (default)
2022-03-03 02:39:49,706 [4914ad2e-45be-4838-a730-ba0d1c104f60@group-42CECBD844D3-LeaderElection5] INFO  server.RaftServerConfigKeys (ConfUtils.java:logGet(44)) - raft.server.watch.timeout.denomination = 1s (default)
2022-03-03 02:39:49,706 [4914ad2e-45be-4838-a730-ba0d1c104f60@group-42CECBD844D3-LeaderElection5] INFO  server.RaftServerConfigKeys (ConfUtils.java:logGet(44)) - raft.server.watch.element-limit = 65536 (default)
2022-03-03 02:39:49,706 [4914ad2e-45be-4838-a730-ba0d1c104f60@group-42CECBD844D3-LeaderElection5] INFO  server.RaftServerConfigKeys (ConfUtils.java:logGet(44)) - raft.server.write.element-limit = 4096 (default)
2022-03-03 02:39:49,706 [4914ad2e-45be-4838-a730-ba0d1c104f60@group-42CECBD844D3-LeaderElection5] INFO  server.RaftServerConfigKeys (ConfUtils.java:logGet(44)) - raft.server.write.follower.gap.ratio.max = -1.0 (default)
2022-03-03 02:39:49,707 [4914ad2e-45be-4838-a730-ba0d1c104f60@group-42CECBD844D3-LeaderElection5] INFO  impl.RoleInfo (RoleInfo.java:updateAndGet(130)) - 4914ad2e-45be-4838-a730-ba0d1c104f60: start 4914ad2e-45be-4838-a730-ba0d1c104f60@group-42CECBD844D3-LeaderStateImpl
2022-03-03 02:39:49,708 [4914ad2e-45be-4838-a730-ba0d1c104f60@group-42CECBD844D3-LeaderElection5] INFO  segmented.SegmentedRaftLogWorker (SegmentedRaftLogWorker.java:rollLogSegment(399)) - 4914ad2e-45be-4838-a730-ba0d1c104f60@group-42CECBD844D3-SegmentedRaftLogWorker: Rolling segment log-0_0 to index:0
2022-03-03 02:39:49,714 [4914ad2e-45be-4838-a730-ba0d1c104f60@group-42CECBD844D3-SegmentedRaftLogWorker] INFO  segmented.SegmentedRaftLogWorker (SegmentedRaftLogWorker.java:execute(558)) - 4914ad2e-45be-4838-a730-ba0d1c104f60@group-42CECBD844D3-SegmentedRaftLogWorker: Rolled log segment from /home/runner/work/ozone/ozone/hadoop-ozone/integration-test/target/test-dir/MiniOzoneClusterImpl-ab5f91a4-db32-4111-a157-42cecbd844d3/ozone-meta/scm-ha/ab5f91a4-db32-4111-a157-42cecbd844d3/current/log_inprogress_0 to /home/runner/work/ozone/ozone/hadoop-ozone/integration-test/target/test-dir/MiniOzoneClusterImpl-ab5f91a4-db32-4111-a157-42cecbd844d3/ozone-meta/scm-ha/ab5f91a4-db32-4111-a157-42cecbd844d3/current/log_0-0
2022-03-03 02:39:49,724 [4914ad2e-45be-4838-a730-ba0d1c104f60@group-42CECBD844D3-LeaderElection5] INFO  server.RaftServer$Division (ServerState.java:setRaftConf(387)) - 4914ad2e-45be-4838-a730-ba0d1c104f60@group-42CECBD844D3: set configuration 1: [4914ad2e-45be-4838-a730-ba0d1c104f60|rpc:fv-az50-851:9894|admin:|client:|dataStream:|priority:0], old=null
2022-03-03 02:39:49,726 [4914ad2e-45be-4838-a730-ba0d1c104f60@group-42CECBD844D3-SegmentedRaftLogWorker] INFO  segmented.SegmentedRaftLogWorker (SegmentedRaftLogWorker.java:execute(601)) - 4914ad2e-45be-4838-a730-ba0d1c104f60@group-42CECBD844D3-SegmentedRaftLogWorker: created new log segment /home/runner/work/ozone/ozone/hadoop-ozone/integration-test/target/test-dir/MiniOzoneClusterImpl-ab5f91a4-db32-4111-a157-42cecbd844d3/ozone-meta/scm-ha/ab5f91a4-db32-4111-a157-42cecbd844d3/current/log_inprogress_1
2022-03-03 02:39:49,727 [4914ad2e-45be-4838-a730-ba0d1c104f60@group-42CECBD844D3-StateMachineUpdater] INFO  ha.SCMContext (SCMContext.java:setLeaderReady(117)) - update <isLeaderReady> from <false> to <true>
2022-03-03 02:39:49,728 [4914ad2e-45be-4838-a730-ba0d1c104f60@group-42CECBD844D3-StateMachineUpdater] INFO  pipeline.BackgroundPipelineCreator (BackgroundPipelineCreator.java:notifyStatusChanged(264)) - Service BackgroundPipelineCreator transitions to RUNNING.
2022-03-03 02:39:49,728 [4914ad2e-45be-4838-a730-ba0d1c104f60@group-42CECBD844D3-StateMachineUpdater] INFO  safemode.HealthyPipelineSafeModeRule (HealthyPipelineSafeModeRule.java:initializeRule(152)) - Refreshed total pipeline count is 0, healthy pipeline threshold count is 1
2022-03-03 02:39:49,728 [4914ad2e-45be-4838-a730-ba0d1c104f60@group-42CECBD844D3-StateMachineUpdater] INFO  safemode.ContainerSafeModeRule (ContainerSafeModeRule.java:reInitializeRule(177)) - Refreshed one replica container threshold 0, currentThreshold 0
2022-03-03 02:39:49,728 [4914ad2e-45be-4838-a730-ba0d1c104f60@group-42CECBD844D3-StateMachineUpdater] INFO  safemode.OneReplicaPipelineSafeModeRule (OneReplicaPipelineSafeModeRule.java:initializeRule(176)) - Refreshed Total pipeline count is 0, pipeline's with at least one datanode reported threshold count is 0
2022-03-03 02:39:49,729 [4914ad2e-45be-4838-a730-ba0d1c104f60@group-42CECBD844D3-StateMachineUpdater] INFO  server.SCMDatanodeProtocolServer (SCMDatanodeProtocolServer.java:start(181)) - ScmDatanodeProtocol RPC server for DataNodes is listening at /0.0.0.0:39335
2022-03-03 02:39:49,736 [IPC Server listener on 0] INFO  ipc.Server (Server.java:run(1344)) - IPC Server listener on 0: starting
2022-03-03 02:39:49,740 [IPC Server Responder] INFO  ipc.Server (Server.java:run(1507)) - IPC Server Responder: starting
2022-03-03 02:39:50,788 [Listener at 0.0.0.0/36755] WARN  server.ServerUtils (ServerUtils.java:getDBPath(225)) - ozone.om.db.dirs is not configured. We recommend adding this setting. Falling back to ozone.metadata.dirs instead.
2022-03-03 02:39:50,789 [Listener at 0.0.0.0/36755] INFO  codec.OmKeyInfoCodec (OmKeyInfoCodec.java:<init>(50)) - OmKeyInfoCodec ignorePipeline = true
2022-03-03 02:39:50,789 [Listener at 0.0.0.0/36755] INFO  codec.RepeatedOmKeyInfoCodec (RepeatedOmKeyInfoCodec.java:<init>(42)) - RepeatedOmKeyInfoCodec ignorePipeline = true
2022-03-03 02:39:50,909 [Listener at 0.0.0.0/36755] INFO  om.OzoneManager (OzoneManager.java:addS3GVolumeToDB(3733)) - Created Volume s3v With Owner runner required for S3Gateway operations.
2022-03-03 02:39:50,910 [Listener at 0.0.0.0/36755] WARN  server.ServerUtils (ServerUtils.java:getDefaultRatisDirectory(237)) - Storage directory for Ratis is not configured. It is a good idea to map this to an SSD disk. Falling back to ozone.metadata.dirs
2022-03-03 02:39:50,910 [Listener at 0.0.0.0/36755] WARN  utils.OzoneManagerRatisUtils (OzoneManagerRatisUtils.java:getOMRatisSnapshotDirectory(330)) - ozone.om.ratis.snapshot.dir is not configured. Falling back to ozone.metadata.dirs config
2022-03-03 02:39:50,911 [Listener at 0.0.0.0/36755] WARN  impl.MetricRegistriesImpl (MetricRegistriesImpl.java:addReporterRegistration(111)) - New reporters are added after registries were created. Some metrics will be missing from the reporter. Please add reporter before adding any new registry.
2022-03-03 02:39:50,911 [Listener at 0.0.0.0/36755] WARN  impl.MetricRegistriesImpl (MetricRegistriesImpl.java:addReporterRegistration(111)) - New reporters are added after registries were created. Some metrics will be missing from the reporter. Please add reporter before adding any new registry.
2022-03-03 02:39:50,911 [Listener at 0.0.0.0/36755] WARN  server.ServerUtils (ServerUtils.java:getDefaultRatisDirectory(237)) - Storage directory for Ratis is not configured. It is a good idea to map this to an SSD disk. Falling back to ozone.metadata.dirs
2022-03-03 02:39:50,912 [Listener at 0.0.0.0/36755] INFO  ratis.OzoneManagerRatisServer (OzoneManagerRatisServer.java:<init>(159)) - Instantiating OM Ratis server with groupID: omServiceIdDefault and peers: localhost:9872
2022-03-03 02:39:50,913 [Listener at 0.0.0.0/36755] INFO  ratis.OzoneManagerStateMachine (OzoneManagerStateMachine.java:loadSnapshotInfoFromDB(605)) - LastAppliedIndex is set from TransactionInfo from OM DB as (t:0, i:~)
2022-03-03 02:39:50,913 [Listener at 0.0.0.0/36755] INFO  server.RaftServer (ConfUtils.java:logGet(44)) - raft.rpc.type = GRPC (default)
2022-03-03 02:39:50,913 [Listener at 0.0.0.0/36755] INFO  grpc.GrpcFactory (GrpcFactory.java:checkPooledByteBufAllocatorUseCacheForAllThreads(48)) - PERFORMANCE WARNING: useCacheForAllThreads is true that may cause Netty to create a lot garbage objects and, as a result, trigger GC.
	It is recommended to disable useCacheForAllThreads by setting -Dorg.apache.ratis.thirdparty.io.netty.allocator.useCacheForAllThreads=false in command line.
2022-03-03 02:39:50,913 [Listener at 0.0.0.0/36755] INFO  grpc.GrpcConfigKeys (ConfUtils.java:logGet(44)) - raft.grpc.admin.port = -1 (default)
2022-03-03 02:39:50,913 [Listener at 0.0.0.0/36755] INFO  grpc.GrpcConfigKeys (ConfUtils.java:logGet(44)) - raft.grpc.server.port = 9872 (custom)
2022-03-03 02:39:50,913 [Listener at 0.0.0.0/36755] INFO  grpc.GrpcConfigKeys (ConfUtils.java:logGet(44)) - raft.grpc.client.port = -1 (default)
2022-03-03 02:39:50,913 [Listener at 0.0.0.0/36755] INFO  grpc.GrpcConfigKeys (ConfUtils.java:logGet(44)) - raft.grpc.server.port = 9872 (custom)
2022-03-03 02:39:50,913 [Listener at 0.0.0.0/36755] INFO  grpc.GrpcConfigKeys (ConfUtils.java:logGet(44)) - raft.grpc.server.port = 9872 (custom)
2022-03-03 02:39:50,913 [Listener at 0.0.0.0/36755] INFO  server.GrpcService (ConfUtils.java:logGet(44)) - raft.grpc.message.size.max = 33554432 (custom)
2022-03-03 02:39:50,913 [Listener at 0.0.0.0/36755] INFO  server.RaftServerConfigKeys (ConfUtils.java:logGet(44)) - raft.server.log.appender.buffer.byte-limit = 33554432 (custom)
2022-03-03 02:39:50,914 [Listener at 0.0.0.0/36755] INFO  server.GrpcService (ConfUtils.java:logGet(44)) - raft.grpc.flow.control.window = 1MB (=1048576) (default)
2022-03-03 02:39:50,914 [Listener at 0.0.0.0/36755] INFO  server.RaftServerConfigKeys (ConfUtils.java:logGet(44)) - raft.server.rpc.request.timeout = 3000ms (default)
2022-03-03 02:39:50,915 [Listener at 0.0.0.0/36755] INFO  impl.DataStreamServerImpl (ConfUtils.java:logGet(44)) - raft.datastream.type = DISABLED (default)
2022-03-03 02:39:50,915 [Listener at 0.0.0.0/36755] INFO  server.RaftServerConfigKeys (ConfUtils.java:logGet(44)) - raft.server.rpc.slowness.timeout = 120s (custom)
2022-03-03 02:39:50,915 [Listener at 0.0.0.0/36755] INFO  server.RaftServerConfigKeys (ConfUtils.java:logGet(44)) - raft.server.leaderelection.leader.step-down.wait-time = 10s (default)
2022-03-03 02:39:50,915 [Listener at 0.0.0.0/36755] INFO  server.RaftServerConfigKeys (ConfUtils.java:logGet(44)) - raft.server.storage.dir = [/home/runner/work/ozone/ozone/hadoop-ozone/integration-test/target/test-dir/MiniOzoneClusterImpl-ab5f91a4-db32-4111-a157-42cecbd844d3/ozone-meta/ratis] (custom)
2022-03-03 02:39:50,920 [Listener at 0.0.0.0/36755] INFO  server.RaftServer (RaftServerProxy.java:addNew(95)) - om1: addNew group-C5BA1605619E:[om1|rpc:localhost:9872|priority:0] returns group-C5BA1605619E:java.util.concurrent.CompletableFuture@3bc32fe7[Not completed]
2022-03-03 02:39:50,921 [pool-138-thread-1] INFO  server.RaftServer$Division (RaftServerImpl.java:<init>(184)) - om1: new RaftServerImpl for group-C5BA1605619E:[om1|rpc:localhost:9872|priority:0] with OzoneManagerStateMachine:uninitialized
2022-03-03 02:39:50,921 [Listener at 0.0.0.0/36755] INFO  om.OzoneManager (OzoneManager.java:initializeRatisServer(1834)) - OzoneManager Ratis server initialized at port 9872
2022-03-03 02:39:50,921 [pool-138-thread-1] INFO  server.RaftServerConfigKeys (ConfUtils.java:logGet(44)) - raft.server.rpc.timeout.min = 1s (custom)
2022-03-03 02:39:50,921 [pool-138-thread-1] INFO  server.RaftServerConfigKeys (ConfUtils.java:logGet(44)) - raft.server.rpc.timeout.max = 1200ms (custom)
2022-03-03 02:39:50,921 [pool-138-thread-1] INFO  server.RaftServerConfigKeys (ConfUtils.java:logGet(44)) - raft.server.rpc.sleep.time = 25ms (default)
2022-03-03 02:39:50,922 [pool-138-thread-1] INFO  server.RaftServerConfigKeys (ConfUtils.java:logGet(44)) - raft.server.rpc.slowness.timeout = 120s (custom)
2022-03-03 02:39:50,922 [pool-138-thread-1] INFO  server.RaftServerConfigKeys (ConfUtils.java:logGet(44)) - raft.server.leaderelection.leader.step-down.wait-time = 10s (default)
2022-03-03 02:39:50,922 [pool-138-thread-1] INFO  server.RaftServerConfigKeys (ConfUtils.java:logGet(44)) - raft.server.sleep.deviation.threshold = 300ms (default)
2022-03-03 02:39:50,922 [pool-138-thread-1] INFO  server.RaftServerConfigKeys (ConfUtils.java:logGet(44)) - raft.server.log.appender.install.snapshot.enabled = false (custom)
2022-03-03 02:39:50,922 [pool-138-thread-1] INFO  server.RaftServer$Division (ServerState.java:<init>(105)) - om1@group-C5BA1605619E: ConfigurationManager, init=-1: [om1|rpc:localhost:9872|priority:0], old=null, confs=<EMPTY_MAP>
2022-03-03 02:39:50,922 [pool-138-thread-1] INFO  server.RaftServerConfigKeys (ConfUtils.java:logGet(44)) - raft.server.storage.dir = [/home/runner/work/ozone/ozone/hadoop-ozone/integration-test/target/test-dir/MiniOzoneClusterImpl-ab5f91a4-db32-4111-a157-42cecbd844d3/ozone-meta/ratis] (custom)
2022-03-03 02:39:50,922 [pool-138-thread-1] INFO  server.RaftServerConfigKeys (ConfUtils.java:logGet(44)) - raft.server.log.corruption.policy = EXCEPTION (default)
2022-03-03 02:39:50,922 [pool-138-thread-1] INFO  server.RaftServerConfigKeys (ConfUtils.java:logGet(44)) - raft.server.storage.free-space.min = 0MB (=0) (default)
2022-03-03 02:39:50,922 [pool-138-thread-1] INFO  storage.RaftStorageDirectory (RaftStorageDirectoryImpl.java:analyzeStorage(135)) - The storage directory /home/runner/work/ozone/ozone/hadoop-ozone/integration-test/target/test-dir/MiniOzoneClusterImpl-ab5f91a4-db32-4111-a157-42cecbd844d3/ozone-meta/ratis/bf265839-605b-3f16-9796-c5ba1605619e does not exist. Creating ...
2022-03-03 02:39:50,926 [Listener at 0.0.0.0/36755] INFO  ipc.CallQueueManager (CallQueueManager.java:<init>(90)) - Using callQueue: class java.util.concurrent.LinkedBlockingQueue, queueCapacity: 2000, scheduler: class org.apache.hadoop.ipc.DefaultRpcScheduler, ipcBackoff: false.
2022-03-03 02:39:50,927 [Socket Reader #1 for port 0] INFO  ipc.Server (Server.java:run(1265)) - Starting Socket Reader #1 for port 0
2022-03-03 02:39:50,933 [pool-138-thread-1] INFO  storage.RaftStorageDirectory (RaftStorageDirectoryImpl.java:tryLock(230)) - Lock on /home/runner/work/ozone/ozone/hadoop-ozone/integration-test/target/test-dir/MiniOzoneClusterImpl-ab5f91a4-db32-4111-a157-42cecbd844d3/ozone-meta/ratis/bf265839-605b-3f16-9796-c5ba1605619e/in_use.lock acquired by nodename 19762@fv-az50-851
2022-03-03 02:39:50,941 [pool-138-thread-1] INFO  storage.RaftStorage (RaftStorageImpl.java:format(89)) - Storage directory /home/runner/work/ozone/ozone/hadoop-ozone/integration-test/target/test-dir/MiniOzoneClusterImpl-ab5f91a4-db32-4111-a157-42cecbd844d3/ozone-meta/ratis/bf265839-605b-3f16-9796-c5ba1605619e has been successfully formatted.
2022-03-03 02:39:50,941 [pool-138-thread-1] INFO  server.RaftServerConfigKeys (ConfUtils.java:logGet(44)) - raft.server.notification.no-leader.timeout = 120s (custom)
2022-03-03 02:39:50,941 [pool-138-thread-1] INFO  server.RaftServerConfigKeys (ConfUtils.java:logGet(44)) - raft.server.log.use.memory = false (default)
2022-03-03 02:39:50,941 [pool-138-thread-1] INFO  server.RaftServerConfigKeys (ConfUtils.java:logGet(44)) - raft.server.log.purge.gap = 1000000 (custom)
2022-03-03 02:39:50,941 [pool-138-thread-1] INFO  server.RaftServerConfigKeys (ConfUtils.java:logGet(44)) - raft.server.log.appender.buffer.byte-limit = 33554432 (custom)
2022-03-03 02:39:50,942 [pool-138-thread-1] INFO  server.RaftServerConfigKeys (ConfUtils.java:logGet(44)) - raft.server.log.segment.size.max = 4194304 (custom)
2022-03-03 02:39:50,942 [pool-138-thread-1] INFO  server.RaftServerConfigKeys (ConfUtils.java:logGet(44)) - raft.server.log.segment.cache.num.max = 2 (custom)
2022-03-03 02:39:50,942 [pool-138-thread-1] INFO  server.RaftServerConfigKeys (ConfUtils.java:logGet(44)) - raft.server.log.segment.cache.size.max = 200MB (=209715200) (default)
2022-03-03 02:39:50,942 [pool-138-thread-1] INFO  segmented.SegmentedRaftLogWorker (SegmentedRaftLogWorker.java:<init>(182)) - new om1@group-C5BA1605619E-SegmentedRaftLogWorker for RaftStorageImpl:Storage Directory /home/runner/work/ozone/ozone/hadoop-ozone/integration-test/target/test-dir/MiniOzoneClusterImpl-ab5f91a4-db32-4111-a157-42cecbd844d3/ozone-meta/ratis/bf265839-605b-3f16-9796-c5ba1605619e
2022-03-03 02:39:50,942 [pool-138-thread-1] INFO  server.RaftServerConfigKeys (ConfUtils.java:logGet(44)) - raft.server.log.queue.byte-limit = 64MB (=67108864) (default)
2022-03-03 02:39:50,942 [pool-138-thread-1] INFO  server.RaftServerConfigKeys (ConfUtils.java:logGet(44)) - raft.server.log.queue.element-limit = 4096 (default)
2022-03-03 02:39:50,942 [pool-138-thread-1] INFO  server.RaftServerConfigKeys (ConfUtils.java:logGet(44)) - raft.server.log.segment.size.max = 4194304 (custom)
2022-03-03 02:39:50,942 [pool-138-thread-1] INFO  server.RaftServerConfigKeys (ConfUtils.java:logGet(44)) - raft.server.log.preallocated.size = 4194304 (custom)
2022-03-03 02:39:50,942 [pool-138-thread-1] INFO  server.RaftServerConfigKeys (ConfUtils.java:logGet(44)) - raft.server.log.force.sync.num = 128 (default)
2022-03-03 02:39:50,942 [pool-138-thread-1] INFO  server.RaftServerConfigKeys (ConfUtils.java:logGet(44)) - raft.server.log.statemachine.data.sync = true (default)
2022-03-03 02:39:50,942 [pool-138-thread-1] INFO  server.RaftServerConfigKeys (ConfUtils.java:logGet(44)) - raft.server.log.statemachine.data.sync.timeout = 10s (default)
2022-03-03 02:39:50,942 [pool-138-thread-1] INFO  server.RaftServerConfigKeys (ConfUtils.java:logGet(44)) - raft.server.log.statemachine.data.sync.timeout.retry = -1 (default)
2022-03-03 02:39:50,943 [pool-138-thread-1] INFO  server.RaftServerConfigKeys (ConfUtils.java:logGet(44)) - raft.server.log.write.buffer.size = 64KB (=65536) (default)
2022-03-03 02:39:50,943 [pool-138-thread-1] INFO  server.RaftServerConfigKeys (ConfUtils.java:logGet(44)) - raft.server.log.statemachine.data.caching.enabled = false (default)
2022-03-03 02:39:50,943 [pool-138-thread-1] INFO  segmented.SegmentedRaftLogWorker (SegmentedRaftLogWorker.java:lambda$new$0(133)) - om1@group-C5BA1605619E-SegmentedRaftLogWorker: flushIndex: setUnconditionally 0 -> -1
2022-03-03 02:39:50,943 [pool-138-thread-1] INFO  segmented.SegmentedRaftLogWorker (SegmentedRaftLogWorker.java:lambda$new$0(133)) - om1@group-C5BA1605619E-SegmentedRaftLogWorker: safeCacheEvictIndex: setUnconditionally 0 -> -1
2022-03-03 02:39:50,953 [pool-138-thread-1] INFO  server.RaftServerConfigKeys (ConfUtils.java:logGet(44)) - raft.server.snapshot.auto.trigger.enabled = true (custom)
2022-03-03 02:39:50,953 [pool-138-thread-1] INFO  server.RaftServerConfigKeys (ConfUtils.java:logGet(44)) - raft.server.snapshot.auto.trigger.threshold = 400000 (default)
2022-03-03 02:39:50,953 [pool-138-thread-1] INFO  server.RaftServerConfigKeys (ConfUtils.java:logGet(44)) - raft.server.snapshot.retention.file.num = -1 (default)
2022-03-03 02:39:50,953 [pool-138-thread-1] INFO  server.RaftServerConfigKeys (ConfUtils.java:logGet(44)) - raft.server.log.purge.upto.snapshot.index = true (custom)
2022-03-03 02:39:50,953 [pool-138-thread-1] INFO  server.RaftServerConfigKeys (ConfUtils.java:logGet(44)) - raft.server.retrycache.expirytime = 300s (custom)
2022-03-03 02:39:50,953 [pool-138-thread-1] INFO  server.RaftServerConfigKeys (ConfUtils.java:logGet(44)) - raft.server.retrycache.statistics.expirytime = 100μs (default)
2022-03-03 02:39:50,961 [Listener at 127.0.0.1/41665] INFO  impl.MetricsSystemImpl (MetricsSystemImpl.java:init(158)) - OzoneManager metrics system started (again)
2022-03-03 02:39:50,971 [Listener at 127.0.0.1/41665] INFO  om.OzoneManager (OzoneManager.java:start(1365)) - OzoneManager RPC server is listening at localhost/127.0.0.1:41665
2022-03-03 02:39:50,971 [Listener at 127.0.0.1/41665] INFO  ratis.OzoneManagerRatisServer (OzoneManagerRatisServer.java:start(554)) - Starting OzoneManagerRatisServer om1 at port 9872
2022-03-03 02:39:50,971 [Listener at 127.0.0.1/41665] INFO  server.RaftServer$Division (RaftServerImpl.java:start(301)) - om1@group-C5BA1605619E: start as a follower, conf=-1: [om1|rpc:localhost:9872|priority:0], old=null
2022-03-03 02:39:50,972 [Listener at 127.0.0.1/41665] INFO  server.RaftServer$Division (RaftServerImpl.java:setRole(290)) - om1@group-C5BA1605619E: changes role from      null to FOLLOWER at term 0 for startAsFollower
2022-03-03 02:39:50,972 [Listener at 127.0.0.1/41665] INFO  impl.RoleInfo (RoleInfo.java:updateAndGet(130)) - om1: start om1@group-C5BA1605619E-FollowerState
2022-03-03 02:39:50,973 [Listener at 127.0.0.1/41665] INFO  util.JmxRegister (JmxRegister.java:tryRegister(44)) - Successfully registered JMX Bean with object name Ratis:service=RaftServer,group=group-C5BA1605619E,id=om1
2022-03-03 02:39:50,973 [Listener at 127.0.0.1/41665] INFO  server.RaftServer (RaftServerProxy.java:lambda$start$5(374)) - om1: start RPC server
2022-03-03 02:39:50,975 [Listener at 127.0.0.1/41665] INFO  server.GrpcService (GrpcService.java:startImpl(253)) - om1: GrpcService started, listening on 9872
2022-03-03 02:39:50,980 [Listener at 127.0.0.1/41665] INFO  om.OzoneManager (OzoneManager.java:start(1381)) - Version File has different layout version (0) than OM DB (null). That is expected if this OM has never been finalized to a newer layout version.
2022-03-03 02:39:50,981 [org.apache.ratis.util.JvmPauseMonitor$$Lambda$431/1976969183@7867bb83] INFO  util.JvmPauseMonitor (JvmPauseMonitor.java:run(103)) - JvmPauseMonitor-om1: Started
2022-03-03 02:39:50,985 [Listener at 127.0.0.1/41665] INFO  http.BaseHttpServer (BaseHttpServer.java:newHttpServer2BuilderForOzone(209)) - Starting Web-server for ozoneManager at: http://0.0.0.0:0
2022-03-03 02:39:50,985 [Listener at 127.0.0.1/41665] INFO  http.BaseHttpServer (BaseHttpServer.java:<init>(107)) - Hadoop Security Enabled: false Ozone Security Enabled: false Ozone HTTP Security Enabled: false 
2022-03-03 02:39:50,986 [Listener at 127.0.0.1/41665] INFO  server.AuthenticationFilter (AuthenticationFilter.java:constructSecretProvider(240)) - Unable to initialize FileSignerSecretProvider, falling back to use random secrets.
2022-03-03 02:39:50,987 [Listener at 127.0.0.1/41665] WARN  http.HttpRequestLog (HttpRequestLog.java:getRequestLog(103)) - Jetty request log can only be enabled using Log4j
2022-03-03 02:39:50,988 [Listener at 127.0.0.1/41665] INFO  http.HttpServer2 (HttpServer2.java:addGlobalFilter(1030)) - Added global filter 'safety' (class=org.apache.hadoop.hdds.server.http.HttpServer2$QuotingInputFilter)
2022-03-03 02:39:50,988 [Listener at 127.0.0.1/41665] INFO  http.HttpServer2 (HttpServer2.java:addFilter(1006)) - Added filter static_user_filter (class=org.apache.hadoop.http.lib.StaticUserWebFilter$StaticUserFilter) to context ozoneManager
2022-03-03 02:39:50,988 [Listener at 127.0.0.1/41665] INFO  http.HttpServer2 (HttpServer2.java:addFilter(1014)) - Added filter static_user_filter (class=org.apache.hadoop.http.lib.StaticUserWebFilter$StaticUserFilter) to context static
2022-03-03 02:39:50,988 [Listener at 127.0.0.1/41665] INFO  http.HttpServer2 (HttpServer2.java:addFilter(1014)) - Added filter static_user_filter (class=org.apache.hadoop.http.lib.StaticUserWebFilter$StaticUserFilter) to context logs
2022-03-03 02:39:50,989 [Listener at 127.0.0.1/41665] INFO  http.HttpServer2 (HttpServer2.java:bindListener(1249)) - Jetty bound to port 36395
2022-03-03 02:39:50,989 [Listener at 127.0.0.1/41665] INFO  server.Server (Server.java:doStart(375)) - jetty-9.4.43.v20210629; built: 2021-06-30T11:07:22.254Z; git: 526006ecfa3af7f1a27ef3a288e2bef7ea9dd7e8; jvm 1.8.0_322-b06
2022-03-03 02:39:50,990 [Listener at 127.0.0.1/41665] INFO  server.session (DefaultSessionIdManager.java:doStart(334)) - DefaultSessionIdManager workerName=node0
2022-03-03 02:39:50,990 [Listener at 127.0.0.1/41665] INFO  server.session (DefaultSessionIdManager.java:doStart(339)) - No SessionScavenger set, using defaults
2022-03-03 02:39:50,991 [Listener at 127.0.0.1/41665] INFO  server.session (HouseKeeper.java:startScavenging(132)) - node0 Scavenging every 600000ms
2022-03-03 02:39:50,991 [Listener at 127.0.0.1/41665] INFO  handler.ContextHandler (ContextHandler.java:doStart(915)) - Started o.e.j.s.ServletContextHandler@69b930c7{logs,/logs,file:///home/runner/work/ozone/ozone/hadoop-ozone/integration-test/target/log,AVAILABLE}
2022-03-03 02:39:50,992 [Listener at 127.0.0.1/41665] INFO  handler.ContextHandler (ContextHandler.java:doStart(915)) - Started o.e.j.s.ServletContextHandler@7d460d6f{static,/static,file:///home/runner/work/ozone/ozone/hadoop-ozone/integration-test/target/test-classes/webapps/static,AVAILABLE}
2022-03-03 02:39:50,995 [Listener at 127.0.0.1/41665] INFO  handler.ContextHandler (ContextHandler.java:doStart(915)) - Started o.e.j.w.WebAppContext@19ff2019{ozoneManager,/,file:///home/runner/work/ozone/ozone/hadoop-ozone/integration-test/target/test-classes/webapps/ozoneManager/,AVAILABLE}{file:/home/runner/work/ozone/ozone/hadoop-ozone/integration-test/target/test-classes/webapps/ozoneManager}
2022-03-03 02:39:50,996 [Listener at 127.0.0.1/41665] INFO  server.AbstractConnector (AbstractConnector.java:doStart(331)) - Started ServerConnector@2b7f5a0c{HTTP/1.1, (http/1.1)}{0.0.0.0:36395}
2022-03-03 02:39:50,996 [Listener at 127.0.0.1/41665] INFO  server.Server (Server.java:doStart(415)) - Started @44481ms
2022-03-03 02:39:50,996 [Listener at 127.0.0.1/41665] WARN  impl.MetricsSystemImpl (MetricsSystemImpl.java:register(279)) - Sink prometheus already exists!
2022-03-03 02:39:50,997 [Listener at 127.0.0.1/41665] INFO  http.BaseHttpServer (BaseHttpServer.java:updateConnectorAddress(329)) - HTTP server of ozoneManager listening at http://0.0.0.0:36395
2022-03-03 02:39:50,997 [IPC Server Responder] INFO  ipc.Server (Server.java:run(1507)) - IPC Server Responder: starting
2022-03-03 02:39:50,997 [IPC Server listener on 0] INFO  ipc.Server (Server.java:run(1344)) - IPC Server listener on 0: starting
2022-03-03 02:39:51,008 [Listener at 127.0.0.1/41665] INFO  om.OzoneManager (OzoneManager.java:startTrashEmptier(1792)) - Trash Interval set to 0. Files deleted will not move to trash
2022-03-03 02:39:51,013 [org.apache.hadoop.util.JvmPauseMonitor$Monitor@4cf8afb0] INFO  util.JvmPauseMonitor (JvmPauseMonitor.java:run(188)) - Starting JVM pause monitor
2022-03-03 02:39:51,016 [Listener at 127.0.0.1/41665] WARN  impl.MetricRegistriesImpl (MetricRegistriesImpl.java:addReporterRegistration(111)) - New reporters are added after registries were created. Some metrics will be missing from the reporter. Please add reporter before adding any new registry.
2022-03-03 02:39:51,016 [Listener at 127.0.0.1/41665] WARN  impl.MetricRegistriesImpl (MetricRegistriesImpl.java:addReporterRegistration(111)) - New reporters are added after registries were created. Some metrics will be missing from the reporter. Please add reporter before adding any new registry.
2022-03-03 02:39:51,016 [Listener at 127.0.0.1/41665] INFO  impl.MetricsSystemImpl (MetricsSystemImpl.java:init(158)) - HddsDatanode metrics system started (again)
2022-03-03 02:39:51,029 [Listener at 127.0.0.1/41665] INFO  ozone.HddsDatanodeService (HddsDatanodeService.java:start(233)) - HddsDatanodeService host:fv-az50-851.grzltbmokehuzjyc5b133kdqgh.cx.internal.cloudapp.net ip:10.1.0.45
2022-03-03 02:39:51,048 [Listener at 127.0.0.1/41665] INFO  upgrade.AbstractLayoutVersionManager (AbstractLayoutVersionManager.java:init(79)) - Initializing Layout version manager with metadata layout = SCM_HA (version = 2), software layout = SCM_HA (version = 2)
2022-03-03 02:39:51,085 [Listener at 127.0.0.1/41665] INFO  reflections.Reflections (Reflections.java:scan(232)) - Reflections took 36 ms to scan 7 urls, producing 122 keys and 286 values 
2022-03-03 02:39:51,086 [Listener at 127.0.0.1/41665] INFO  statemachine.DatanodeStateMachine (DatanodeStateMachine.java:getEndPointTaskThreadPoolSize(222)) - Datanode State Machine Task Thread Pool size 2
2022-03-03 02:39:51,088 [Listener at 127.0.0.1/41665] INFO  volume.HddsVolume (HddsVolume.java:<init>(120)) - Creating HddsVolume: /home/runner/work/ozone/ozone/hadoop-ozone/integration-test/target/test-dir/MiniOzoneClusterImpl-ab5f91a4-db32-4111-a157-42cecbd844d3/datanode-0/data-0/containers/hdds of storage type : DISK capacity : 9223372036854775807
2022-03-03 02:39:51,089 [Listener at 127.0.0.1/41665] INFO  volume.MutableVolumeSet (MutableVolumeSet.java:initializeVolumeSet(168)) - Added Volume : /home/runner/work/ozone/ozone/hadoop-ozone/integration-test/target/test-dir/MiniOzoneClusterImpl-ab5f91a4-db32-4111-a157-42cecbd844d3/datanode-0/data-0/containers/hdds to VolumeSet
2022-03-03 02:39:51,089 [Listener at 127.0.0.1/41665] INFO  volume.ThrottledAsyncChecker (ThrottledAsyncChecker.java:schedule(141)) - Scheduling a check for /home/runner/work/ozone/ozone/hadoop-ozone/integration-test/target/test-dir/MiniOzoneClusterImpl-ab5f91a4-db32-4111-a157-42cecbd844d3/datanode-0/data-0/containers/hdds
2022-03-03 02:39:51,089 [Listener at 127.0.0.1/41665] INFO  volume.StorageVolumeChecker (StorageVolumeChecker.java:checkAllVolumes(202)) - Scheduled health check for volume /home/runner/work/ozone/ozone/hadoop-ozone/integration-test/target/test-dir/MiniOzoneClusterImpl-ab5f91a4-db32-4111-a157-42cecbd844d3/datanode-0/data-0/containers/hdds
2022-03-03 02:39:51,108 [Listener at 127.0.0.1/41665] INFO  volume.MutableVolumeSet (MutableVolumeSet.java:initializeVolumeSet(168)) - Added Volume : /home/runner/work/ozone/ozone/hadoop-ozone/integration-test/target/test-dir/MiniOzoneClusterImpl-ab5f91a4-db32-4111-a157-42cecbd844d3/datanode-0/data/ratis to VolumeSet
2022-03-03 02:39:51,108 [Listener at 127.0.0.1/41665] INFO  volume.ThrottledAsyncChecker (ThrottledAsyncChecker.java:schedule(141)) - Scheduling a check for /home/runner/work/ozone/ozone/hadoop-ozone/integration-test/target/test-dir/MiniOzoneClusterImpl-ab5f91a4-db32-4111-a157-42cecbd844d3/datanode-0/data/ratis
2022-03-03 02:39:51,109 [Listener at 127.0.0.1/41665] INFO  volume.StorageVolumeChecker (StorageVolumeChecker.java:checkAllVolumes(202)) - Scheduled health check for volume /home/runner/work/ozone/ozone/hadoop-ozone/integration-test/target/test-dir/MiniOzoneClusterImpl-ab5f91a4-db32-4111-a157-42cecbd844d3/datanode-0/data/ratis
2022-03-03 02:39:51,131 [Thread-298] INFO  ozoneimpl.ContainerReader (ContainerReader.java:readVolume(172)) - Finish verifying containers on volume /home/runner/work/ozone/ozone/hadoop-ozone/integration-test/target/test-dir/MiniOzoneClusterImpl-ab5f91a4-db32-4111-a157-42cecbd844d3/datanode-0/data-0/containers/hdds
2022-03-03 02:39:51,131 [Listener at 127.0.0.1/41665] INFO  ozoneimpl.OzoneContainer (OzoneContainer.java:buildContainerSet(257)) - Build ContainerSet costs 0s
2022-03-03 02:39:51,134 [Listener at 127.0.0.1/41665] INFO  server.RaftServer (ConfUtils.java:logGet(44)) - raft.rpc.type = GRPC (default)
2022-03-03 02:39:51,135 [Listener at 127.0.0.1/41665] INFO  grpc.GrpcFactory (GrpcFactory.java:checkPooledByteBufAllocatorUseCacheForAllThreads(48)) - PERFORMANCE WARNING: useCacheForAllThreads is true that may cause Netty to create a lot garbage objects and, as a result, trigger GC.
	It is recommended to disable useCacheForAllThreads by setting -Dorg.apache.ratis.thirdparty.io.netty.allocator.useCacheForAllThreads=false in command line.
2022-03-03 02:39:51,135 [Listener at 127.0.0.1/41665] INFO  grpc.GrpcConfigKeys (ConfUtils.java:logGet(44)) - raft.grpc.admin.port = 0 (custom)
2022-03-03 02:39:51,135 [Listener at 127.0.0.1/41665] INFO  grpc.GrpcConfigKeys (ConfUtils.java:logGet(44)) - raft.grpc.client.port = 0 (custom)
2022-03-03 02:39:51,135 [Listener at 127.0.0.1/41665] INFO  grpc.GrpcConfigKeys (ConfUtils.java:logGet(44)) - raft.grpc.server.port = 0 (default)
2022-03-03 02:39:51,135 [Listener at 127.0.0.1/41665] INFO  server.GrpcService (ConfUtils.java:logGet(44)) - raft.grpc.message.size.max = 32MB (=33554432) (custom)
2022-03-03 02:39:51,135 [Listener at 127.0.0.1/41665] INFO  server.RaftServerConfigKeys (ConfUtils.java:logGet(44)) - raft.server.log.appender.buffer.byte-limit = 33554432 (custom)
2022-03-03 02:39:51,136 [Listener at 127.0.0.1/41665] INFO  server.GrpcService (ConfUtils.java:logGet(44)) - raft.grpc.flow.control.window = 5MB (=5242880) (custom)
2022-03-03 02:39:51,136 [Listener at 127.0.0.1/41665] INFO  server.RaftServerConfigKeys (ConfUtils.java:logGet(44)) - raft.server.rpc.request.timeout = 60s (custom)
2022-03-03 02:39:51,137 [Listener at 127.0.0.1/41665] INFO  impl.DataStreamServerImpl (ConfUtils.java:logGet(44)) - raft.datastream.type = DISABLED (default)
2022-03-03 02:39:51,137 [Listener at 127.0.0.1/41665] INFO  server.RaftServerConfigKeys (ConfUtils.java:logGet(44)) - raft.server.rpc.slowness.timeout = 300s (custom)
2022-03-03 02:39:51,137 [Listener at 127.0.0.1/41665] INFO  server.RaftServerConfigKeys (ConfUtils.java:logGet(44)) - raft.server.leaderelection.leader.step-down.wait-time = 10s (default)
2022-03-03 02:39:51,137 [Listener at 127.0.0.1/41665] INFO  server.RaftServerConfigKeys (ConfUtils.java:logGet(44)) - raft.server.storage.dir = [/home/runner/work/ozone/ozone/hadoop-ozone/integration-test/target/test-dir/MiniOzoneClusterImpl-ab5f91a4-db32-4111-a157-42cecbd844d3/datanode-0/data/ratis] (custom)
2022-03-03 02:39:51,138 [Listener at 127.0.0.1/41665] INFO  server.XceiverServerGrpc (XceiverServerGrpc.java:<init>(132)) - GrpcServer channel type EpollServerSocketChannel
2022-03-03 02:39:51,142 [Listener at 127.0.0.1/41665] INFO  http.BaseHttpServer (BaseHttpServer.java:newHttpServer2BuilderForOzone(209)) - Starting Web-server for hddsDatanode at: http://0.0.0.0:0
2022-03-03 02:39:51,142 [Listener at 127.0.0.1/41665] INFO  http.BaseHttpServer (BaseHttpServer.java:<init>(107)) - Hadoop Security Enabled: false Ozone Security Enabled: false Ozone HTTP Security Enabled: false 
2022-03-03 02:39:51,143 [Listener at 127.0.0.1/41665] INFO  server.AuthenticationFilter (AuthenticationFilter.java:constructSecretProvider(240)) - Unable to initialize FileSignerSecretProvider, falling back to use random secrets.
2022-03-03 02:39:51,148 [Listener at 127.0.0.1/41665] WARN  http.HttpRequestLog (HttpRequestLog.java:getRequestLog(103)) - Jetty request log can only be enabled using Log4j
2022-03-03 02:39:51,149 [Listener at 127.0.0.1/41665] INFO  http.HttpServer2 (HttpServer2.java:addGlobalFilter(1030)) - Added global filter 'safety' (class=org.apache.hadoop.hdds.server.http.HttpServer2$QuotingInputFilter)
2022-03-03 02:39:51,150 [Listener at 127.0.0.1/41665] INFO  http.HttpServer2 (HttpServer2.java:addFilter(1006)) - Added filter static_user_filter (class=org.apache.hadoop.http.lib.StaticUserWebFilter$StaticUserFilter) to context hddsDatanode
2022-03-03 02:39:51,150 [Listener at 127.0.0.1/41665] INFO  http.HttpServer2 (HttpServer2.java:addFilter(1014)) - Added filter static_user_filter (class=org.apache.hadoop.http.lib.StaticUserWebFilter$StaticUserFilter) to context logs
2022-03-03 02:39:51,150 [Listener at 127.0.0.1/41665] INFO  http.HttpServer2 (HttpServer2.java:addFilter(1014)) - Added filter static_user_filter (class=org.apache.hadoop.http.lib.StaticUserWebFilter$StaticUserFilter) to context static
2022-03-03 02:39:51,151 [Listener at 127.0.0.1/41665] INFO  http.HttpServer2 (HttpServer2.java:bindListener(1249)) - Jetty bound to port 35863
2022-03-03 02:39:51,151 [Listener at 127.0.0.1/41665] INFO  server.Server (Server.java:doStart(375)) - jetty-9.4.43.v20210629; built: 2021-06-30T11:07:22.254Z; git: 526006ecfa3af7f1a27ef3a288e2bef7ea9dd7e8; jvm 1.8.0_322-b06
2022-03-03 02:39:51,153 [Listener at 127.0.0.1/41665] INFO  server.session (DefaultSessionIdManager.java:doStart(334)) - DefaultSessionIdManager workerName=node0
2022-03-03 02:39:51,153 [Listener at 127.0.0.1/41665] INFO  server.session (DefaultSessionIdManager.java:doStart(339)) - No SessionScavenger set, using defaults
2022-03-03 02:39:51,153 [Listener at 127.0.0.1/41665] INFO  server.session (HouseKeeper.java:startScavenging(132)) - node0 Scavenging every 600000ms
2022-03-03 02:39:51,154 [Listener at 127.0.0.1/41665] INFO  handler.ContextHandler (ContextHandler.java:doStart(915)) - Started o.e.j.s.ServletContextHandler@2d76a8ff{logs,/logs,file:///home/runner/work/ozone/ozone/hadoop-ozone/integration-test/target/log,AVAILABLE}
2022-03-03 02:39:51,154 [Listener at 127.0.0.1/41665] INFO  handler.ContextHandler (ContextHandler.java:doStart(915)) - Started o.e.j.s.ServletContextHandler@6669efe2{static,/static,jar:file:/home/runner/.m2/repository/org/apache/ozone/hdds-container-service/1.3.0-SNAPSHOT/hdds-container-service-1.3.0-SNAPSHOT.jar!/webapps/static,AVAILABLE}
2022-03-03 02:39:51,205 [Listener at 127.0.0.1/41665] INFO  handler.ContextHandler (ContextHandler.java:doStart(915)) - Started o.e.j.w.WebAppContext@a1603c6{hddsDatanode,/,file:///tmp/jetty-0_0_0_0-35863-hdds-container-service-1_3_0-SNAPSHOT_jar-_-any-3663753941160161956/webapp/,AVAILABLE}{jar:file:/home/runner/.m2/repository/org/apache/ozone/hdds-container-service/1.3.0-SNAPSHOT/hdds-container-service-1.3.0-SNAPSHOT.jar!/webapps/hddsDatanode}
2022-03-03 02:39:51,207 [Listener at 127.0.0.1/41665] INFO  server.AbstractConnector (AbstractConnector.java:doStart(331)) - Started ServerConnector@4b632c56{HTTP/1.1, (http/1.1)}{0.0.0.0:35863}
2022-03-03 02:39:51,207 [Listener at 127.0.0.1/41665] INFO  server.Server (Server.java:doStart(415)) - Started @44692ms
2022-03-03 02:39:51,207 [Listener at 127.0.0.1/41665] WARN  impl.MetricsSystemImpl (MetricsSystemImpl.java:register(279)) - Sink prometheus already exists!
2022-03-03 02:39:51,208 [Listener at 127.0.0.1/41665] INFO  http.BaseHttpServer (BaseHttpServer.java:updateConnectorAddress(329)) - HTTP server of hddsDatanode listening at http://0.0.0.0:35863
2022-03-03 02:39:51,208 [Listener at 127.0.0.1/41665] WARN  impl.MetricRegistriesImpl (MetricRegistriesImpl.java:addReporterRegistration(111)) - New reporters are added after registries were created. Some metrics will be missing from the reporter. Please add reporter before adding any new registry.
2022-03-03 02:39:51,208 [Listener at 127.0.0.1/41665] WARN  impl.MetricRegistriesImpl (MetricRegistriesImpl.java:addReporterRegistration(111)) - New reporters are added after registries were created. Some metrics will be missing from the reporter. Please add reporter before adding any new registry.
2022-03-03 02:39:51,209 [Listener at 127.0.0.1/41665] INFO  impl.MetricsSystemImpl (MetricsSystemImpl.java:init(158)) - HddsDatanode metrics system started (again)
2022-03-03 02:39:51,216 [Datanode State Machine Daemon Thread] INFO  statemachine.DatanodeStateMachine (DatanodeStateMachine.java:lambda$startDaemon$0(470)) - Ozone container server started.
2022-03-03 02:39:51,223 [Listener at 127.0.0.1/41665] INFO  ozone.HddsDatanodeService (HddsDatanodeService.java:start(233)) - HddsDatanodeService host:fv-az50-851.grzltbmokehuzjyc5b133kdqgh.cx.internal.cloudapp.net ip:10.1.0.45
2022-03-03 02:39:51,247 [org.apache.hadoop.util.JvmPauseMonitor$Monitor@60eab8a6] INFO  util.JvmPauseMonitor (JvmPauseMonitor.java:run(188)) - Starting JVM pause monitor
2022-03-03 02:39:51,268 [Datanode State Machine Task Thread - 0] INFO  datanode.InitDatanodeState (InitDatanodeState.java:persistContainerDatanodeDetails(138)) - DatanodeDetails is persisted to /home/runner/work/ozone/ozone/hadoop-ozone/integration-test/target/test-dir/MiniOzoneClusterImpl-ab5f91a4-db32-4111-a157-42cecbd844d3/datanode-0/meta/datanode.id
2022-03-03 02:39:51,272 [Listener at 127.0.0.1/41665] INFO  upgrade.AbstractLayoutVersionManager (AbstractLayoutVersionManager.java:init(79)) - Initializing Layout version manager with metadata layout = SCM_HA (version = 2), software layout = SCM_HA (version = 2)
2022-03-03 02:39:51,352 [Listener at 127.0.0.1/41665] INFO  reflections.Reflections (Reflections.java:scan(232)) - Reflections took 79 ms to scan 7 urls, producing 122 keys and 286 values 
2022-03-03 02:39:51,354 [Listener at 127.0.0.1/41665] INFO  statemachine.DatanodeStateMachine (DatanodeStateMachine.java:getEndPointTaskThreadPoolSize(222)) - Datanode State Machine Task Thread Pool size 2
2022-03-03 02:39:51,363 [Listener at 127.0.0.1/41665] INFO  volume.HddsVolume (HddsVolume.java:<init>(120)) - Creating HddsVolume: /home/runner/work/ozone/ozone/hadoop-ozone/integration-test/target/test-dir/MiniOzoneClusterImpl-ab5f91a4-db32-4111-a157-42cecbd844d3/datanode-1/data-0/containers/hdds of storage type : DISK capacity : 9223372036854775807
2022-03-03 02:39:51,363 [Listener at 127.0.0.1/41665] INFO  volume.MutableVolumeSet (MutableVolumeSet.java:initializeVolumeSet(168)) - Added Volume : /home/runner/work/ozone/ozone/hadoop-ozone/integration-test/target/test-dir/MiniOzoneClusterImpl-ab5f91a4-db32-4111-a157-42cecbd844d3/datanode-1/data-0/containers/hdds to VolumeSet
2022-03-03 02:39:51,363 [Listener at 127.0.0.1/41665] INFO  volume.ThrottledAsyncChecker (ThrottledAsyncChecker.java:schedule(141)) - Scheduling a check for /home/runner/work/ozone/ozone/hadoop-ozone/integration-test/target/test-dir/MiniOzoneClusterImpl-ab5f91a4-db32-4111-a157-42cecbd844d3/datanode-1/data-0/containers/hdds
2022-03-03 02:39:51,367 [Listener at 127.0.0.1/41665] INFO  volume.StorageVolumeChecker (StorageVolumeChecker.java:checkAllVolumes(202)) - Scheduled health check for volume /home/runner/work/ozone/ozone/hadoop-ozone/integration-test/target/test-dir/MiniOzoneClusterImpl-ab5f91a4-db32-4111-a157-42cecbd844d3/datanode-1/data-0/containers/hdds
2022-03-03 02:39:51,378 [Listener at 127.0.0.1/41665] INFO  volume.MutableVolumeSet (MutableVolumeSet.java:initializeVolumeSet(168)) - Added Volume : /home/runner/work/ozone/ozone/hadoop-ozone/integration-test/target/test-dir/MiniOzoneClusterImpl-ab5f91a4-db32-4111-a157-42cecbd844d3/datanode-1/data/ratis to VolumeSet
2022-03-03 02:39:51,378 [Listener at 127.0.0.1/41665] INFO  volume.ThrottledAsyncChecker (ThrottledAsyncChecker.java:schedule(141)) - Scheduling a check for /home/runner/work/ozone/ozone/hadoop-ozone/integration-test/target/test-dir/MiniOzoneClusterImpl-ab5f91a4-db32-4111-a157-42cecbd844d3/datanode-1/data/ratis
2022-03-03 02:39:51,379 [Listener at 127.0.0.1/41665] INFO  volume.StorageVolumeChecker (StorageVolumeChecker.java:checkAllVolumes(202)) - Scheduled health check for volume /home/runner/work/ozone/ozone/hadoop-ozone/integration-test/target/test-dir/MiniOzoneClusterImpl-ab5f91a4-db32-4111-a157-42cecbd844d3/datanode-1/data/ratis
2022-03-03 02:39:51,389 [Thread-310] INFO  ozoneimpl.ContainerReader (ContainerReader.java:readVolume(172)) - Finish verifying containers on volume /home/runner/work/ozone/ozone/hadoop-ozone/integration-test/target/test-dir/MiniOzoneClusterImpl-ab5f91a4-db32-4111-a157-42cecbd844d3/datanode-1/data-0/containers/hdds
2022-03-03 02:39:51,389 [Listener at 127.0.0.1/41665] INFO  ozoneimpl.OzoneContainer (OzoneContainer.java:buildContainerSet(257)) - Build ContainerSet costs 0s
2022-03-03 02:39:51,392 [Listener at 127.0.0.1/41665] INFO  server.RaftServer (ConfUtils.java:logGet(44)) - raft.rpc.type = GRPC (default)
2022-03-03 02:39:51,392 [Listener at 127.0.0.1/41665] INFO  grpc.GrpcFactory (GrpcFactory.java:checkPooledByteBufAllocatorUseCacheForAllThreads(48)) - PERFORMANCE WARNING: useCacheForAllThreads is true that may cause Netty to create a lot garbage objects and, as a result, trigger GC.
	It is recommended to disable useCacheForAllThreads by setting -Dorg.apache.ratis.thirdparty.io.netty.allocator.useCacheForAllThreads=false in command line.
2022-03-03 02:39:51,392 [Listener at 127.0.0.1/41665] INFO  grpc.GrpcConfigKeys (ConfUtils.java:logGet(44)) - raft.grpc.admin.port = 0 (custom)
2022-03-03 02:39:51,392 [Listener at 127.0.0.1/41665] INFO  grpc.GrpcConfigKeys (ConfUtils.java:logGet(44)) - raft.grpc.client.port = 0 (custom)
2022-03-03 02:39:51,392 [Listener at 127.0.0.1/41665] INFO  grpc.GrpcConfigKeys (ConfUtils.java:logGet(44)) - raft.grpc.server.port = 0 (default)
2022-03-03 02:39:51,393 [Listener at 127.0.0.1/41665] INFO  server.GrpcService (ConfUtils.java:logGet(44)) - raft.grpc.message.size.max = 32MB (=33554432) (custom)
2022-03-03 02:39:51,393 [Listener at 127.0.0.1/41665] INFO  server.RaftServerConfigKeys (ConfUtils.java:logGet(44)) - raft.server.log.appender.buffer.byte-limit = 33554432 (custom)
2022-03-03 02:39:51,393 [Listener at 127.0.0.1/41665] INFO  server.GrpcService (ConfUtils.java:logGet(44)) - raft.grpc.flow.control.window = 5MB (=5242880) (custom)
2022-03-03 02:39:51,393 [Listener at 127.0.0.1/41665] INFO  server.RaftServerConfigKeys (ConfUtils.java:logGet(44)) - raft.server.rpc.request.timeout = 60s (custom)
2022-03-03 02:39:51,394 [Listener at 127.0.0.1/41665] INFO  impl.DataStreamServerImpl (ConfUtils.java:logGet(44)) - raft.datastream.type = DISABLED (default)
2022-03-03 02:39:51,394 [Listener at 127.0.0.1/41665] INFO  server.RaftServerConfigKeys (ConfUtils.java:logGet(44)) - raft.server.rpc.slowness.timeout = 300s (custom)
2022-03-03 02:39:51,394 [Listener at 127.0.0.1/41665] INFO  server.RaftServerConfigKeys (ConfUtils.java:logGet(44)) - raft.server.leaderelection.leader.step-down.wait-time = 10s (default)
2022-03-03 02:39:51,394 [Listener at 127.0.0.1/41665] INFO  server.RaftServerConfigKeys (ConfUtils.java:logGet(44)) - raft.server.storage.dir = [/home/runner/work/ozone/ozone/hadoop-ozone/integration-test/target/test-dir/MiniOzoneClusterImpl-ab5f91a4-db32-4111-a157-42cecbd844d3/datanode-1/data/ratis] (custom)
2022-03-03 02:39:51,395 [Listener at 127.0.0.1/41665] INFO  server.XceiverServerGrpc (XceiverServerGrpc.java:<init>(132)) - GrpcServer channel type EpollServerSocketChannel
2022-03-03 02:39:51,398 [Listener at 127.0.0.1/41665] INFO  http.BaseHttpServer (BaseHttpServer.java:newHttpServer2BuilderForOzone(209)) - Starting Web-server for hddsDatanode at: http://0.0.0.0:0
2022-03-03 02:39:51,398 [Listener at 127.0.0.1/41665] INFO  http.BaseHttpServer (BaseHttpServer.java:<init>(107)) - Hadoop Security Enabled: false Ozone Security Enabled: false Ozone HTTP Security Enabled: false 
2022-03-03 02:39:51,399 [Listener at 127.0.0.1/41665] INFO  server.AuthenticationFilter (AuthenticationFilter.java:constructSecretProvider(240)) - Unable to initialize FileSignerSecretProvider, falling back to use random secrets.
2022-03-03 02:39:51,399 [Listener at 127.0.0.1/41665] WARN  http.HttpRequestLog (HttpRequestLog.java:getRequestLog(103)) - Jetty request log can only be enabled using Log4j
2022-03-03 02:39:51,400 [Listener at 127.0.0.1/41665] INFO  http.HttpServer2 (HttpServer2.java:addGlobalFilter(1030)) - Added global filter 'safety' (class=org.apache.hadoop.hdds.server.http.HttpServer2$QuotingInputFilter)
2022-03-03 02:39:51,401 [Listener at 127.0.0.1/41665] INFO  http.HttpServer2 (HttpServer2.java:addFilter(1006)) - Added filter static_user_filter (class=org.apache.hadoop.http.lib.StaticUserWebFilter$StaticUserFilter) to context hddsDatanode
2022-03-03 02:39:51,401 [Listener at 127.0.0.1/41665] INFO  http.HttpServer2 (HttpServer2.java:addFilter(1014)) - Added filter static_user_filter (class=org.apache.hadoop.http.lib.StaticUserWebFilter$StaticUserFilter) to context logs
2022-03-03 02:39:51,401 [Listener at 127.0.0.1/41665] INFO  http.HttpServer2 (HttpServer2.java:addFilter(1014)) - Added filter static_user_filter (class=org.apache.hadoop.http.lib.StaticUserWebFilter$StaticUserFilter) to context static
2022-03-03 02:39:51,402 [Listener at 127.0.0.1/41665] INFO  http.HttpServer2 (HttpServer2.java:bindListener(1249)) - Jetty bound to port 45603
2022-03-03 02:39:51,402 [Listener at 127.0.0.1/41665] INFO  server.Server (Server.java:doStart(375)) - jetty-9.4.43.v20210629; built: 2021-06-30T11:07:22.254Z; git: 526006ecfa3af7f1a27ef3a288e2bef7ea9dd7e8; jvm 1.8.0_322-b06
2022-03-03 02:39:51,403 [Listener at 127.0.0.1/41665] INFO  server.session (DefaultSessionIdManager.java:doStart(334)) - DefaultSessionIdManager workerName=node0
2022-03-03 02:39:51,403 [Listener at 127.0.0.1/41665] INFO  server.session (DefaultSessionIdManager.java:doStart(339)) - No SessionScavenger set, using defaults
2022-03-03 02:39:51,403 [Listener at 127.0.0.1/41665] INFO  server.session (HouseKeeper.java:startScavenging(132)) - node0 Scavenging every 600000ms
2022-03-03 02:39:51,404 [Listener at 127.0.0.1/41665] INFO  handler.ContextHandler (ContextHandler.java:doStart(915)) - Started o.e.j.s.ServletContextHandler@35a01e04{logs,/logs,file:///home/runner/work/ozone/ozone/hadoop-ozone/integration-test/target/log,AVAILABLE}
2022-03-03 02:39:51,404 [Listener at 127.0.0.1/41665] INFO  handler.ContextHandler (ContextHandler.java:doStart(915)) - Started o.e.j.s.ServletContextHandler@6b4410b8{static,/static,jar:file:/home/runner/.m2/repository/org/apache/ozone/hdds-container-service/1.3.0-SNAPSHOT/hdds-container-service-1.3.0-SNAPSHOT.jar!/webapps/static,AVAILABLE}
2022-03-03 02:39:51,444 [Listener at 127.0.0.1/41665] INFO  handler.ContextHandler (ContextHandler.java:doStart(915)) - Started o.e.j.w.WebAppContext@6f34842e{hddsDatanode,/,file:///tmp/jetty-0_0_0_0-45603-hdds-container-service-1_3_0-SNAPSHOT_jar-_-any-1352705024069225118/webapp/,AVAILABLE}{jar:file:/home/runner/.m2/repository/org/apache/ozone/hdds-container-service/1.3.0-SNAPSHOT/hdds-container-service-1.3.0-SNAPSHOT.jar!/webapps/hddsDatanode}
2022-03-03 02:39:51,445 [Listener at 127.0.0.1/41665] INFO  server.AbstractConnector (AbstractConnector.java:doStart(331)) - Started ServerConnector@5af2f70{HTTP/1.1, (http/1.1)}{0.0.0.0:45603}
2022-03-03 02:39:51,445 [Listener at 127.0.0.1/41665] INFO  server.Server (Server.java:doStart(415)) - Started @44930ms
2022-03-03 02:39:51,445 [Listener at 127.0.0.1/41665] WARN  impl.MetricsSystemImpl (MetricsSystemImpl.java:register(279)) - Sink prometheus already exists!
2022-03-03 02:39:51,446 [Listener at 127.0.0.1/41665] INFO  http.BaseHttpServer (BaseHttpServer.java:updateConnectorAddress(329)) - HTTP server of hddsDatanode listening at http://0.0.0.0:45603
2022-03-03 02:39:51,449 [Listener at 127.0.0.1/41665] WARN  impl.MetricRegistriesImpl (MetricRegistriesImpl.java:addReporterRegistration(111)) - New reporters are added after registries were created. Some metrics will be missing from the reporter. Please add reporter before adding any new registry.
2022-03-03 02:39:51,449 [Listener at 127.0.0.1/41665] WARN  impl.MetricRegistriesImpl (MetricRegistriesImpl.java:addReporterRegistration(111)) - New reporters are added after registries were created. Some metrics will be missing from the reporter. Please add reporter before adding any new registry.
2022-03-03 02:39:51,449 [Listener at 127.0.0.1/41665] INFO  impl.MetricsSystemImpl (MetricsSystemImpl.java:init(158)) - HddsDatanode metrics system started (again)
2022-03-03 02:39:51,456 [Datanode State Machine Daemon Thread] INFO  statemachine.DatanodeStateMachine (DatanodeStateMachine.java:lambda$startDaemon$0(470)) - Ozone container server started.
2022-03-03 02:39:51,465 [Listener at 127.0.0.1/41665] INFO  ozone.HddsDatanodeService (HddsDatanodeService.java:start(233)) - HddsDatanodeService host:fv-az50-851.grzltbmokehuzjyc5b133kdqgh.cx.internal.cloudapp.net ip:10.1.0.45
2022-03-03 02:39:51,489 [org.apache.hadoop.util.JvmPauseMonitor$Monitor@21ba09de] INFO  util.JvmPauseMonitor (JvmPauseMonitor.java:run(188)) - Starting JVM pause monitor
2022-03-03 02:39:51,503 [Listener at 127.0.0.1/41665] INFO  upgrade.AbstractLayoutVersionManager (AbstractLayoutVersionManager.java:init(79)) - Initializing Layout version manager with metadata layout = SCM_HA (version = 2), software layout = SCM_HA (version = 2)
2022-03-03 02:39:51,502 [Datanode State Machine Task Thread - 0] INFO  datanode.InitDatanodeState (InitDatanodeState.java:persistContainerDatanodeDetails(138)) - DatanodeDetails is persisted to /home/runner/work/ozone/ozone/hadoop-ozone/integration-test/target/test-dir/MiniOzoneClusterImpl-ab5f91a4-db32-4111-a157-42cecbd844d3/datanode-1/meta/datanode.id
2022-03-03 02:39:51,543 [Listener at 127.0.0.1/41665] INFO  reflections.Reflections (Reflections.java:scan(232)) - Reflections took 38 ms to scan 7 urls, producing 122 keys and 286 values 
2022-03-03 02:39:51,545 [Listener at 127.0.0.1/41665] INFO  statemachine.DatanodeStateMachine (DatanodeStateMachine.java:getEndPointTaskThreadPoolSize(222)) - Datanode State Machine Task Thread Pool size 2
2022-03-03 02:39:51,548 [Listener at 127.0.0.1/41665] INFO  volume.HddsVolume (HddsVolume.java:<init>(120)) - Creating HddsVolume: /home/runner/work/ozone/ozone/hadoop-ozone/integration-test/target/test-dir/MiniOzoneClusterImpl-ab5f91a4-db32-4111-a157-42cecbd844d3/datanode-2/data-0/containers/hdds of storage type : DISK capacity : 9223372036854775807
2022-03-03 02:39:51,549 [Listener at 127.0.0.1/41665] INFO  volume.MutableVolumeSet (MutableVolumeSet.java:initializeVolumeSet(168)) - Added Volume : /home/runner/work/ozone/ozone/hadoop-ozone/integration-test/target/test-dir/MiniOzoneClusterImpl-ab5f91a4-db32-4111-a157-42cecbd844d3/datanode-2/data-0/containers/hdds to VolumeSet
2022-03-03 02:39:51,549 [Listener at 127.0.0.1/41665] INFO  volume.ThrottledAsyncChecker (ThrottledAsyncChecker.java:schedule(141)) - Scheduling a check for /home/runner/work/ozone/ozone/hadoop-ozone/integration-test/target/test-dir/MiniOzoneClusterImpl-ab5f91a4-db32-4111-a157-42cecbd844d3/datanode-2/data-0/containers/hdds
2022-03-03 02:39:51,557 [Listener at 127.0.0.1/41665] INFO  volume.StorageVolumeChecker (StorageVolumeChecker.java:checkAllVolumes(202)) - Scheduled health check for volume /home/runner/work/ozone/ozone/hadoop-ozone/integration-test/target/test-dir/MiniOzoneClusterImpl-ab5f91a4-db32-4111-a157-42cecbd844d3/datanode-2/data-0/containers/hdds
2022-03-03 02:39:51,568 [Listener at 127.0.0.1/41665] INFO  volume.MutableVolumeSet (MutableVolumeSet.java:initializeVolumeSet(168)) - Added Volume : /home/runner/work/ozone/ozone/hadoop-ozone/integration-test/target/test-dir/MiniOzoneClusterImpl-ab5f91a4-db32-4111-a157-42cecbd844d3/datanode-2/data/ratis to VolumeSet
2022-03-03 02:39:51,568 [Listener at 127.0.0.1/41665] INFO  volume.ThrottledAsyncChecker (ThrottledAsyncChecker.java:schedule(141)) - Scheduling a check for /home/runner/work/ozone/ozone/hadoop-ozone/integration-test/target/test-dir/MiniOzoneClusterImpl-ab5f91a4-db32-4111-a157-42cecbd844d3/datanode-2/data/ratis
2022-03-03 02:39:51,568 [Listener at 127.0.0.1/41665] INFO  volume.StorageVolumeChecker (StorageVolumeChecker.java:checkAllVolumes(202)) - Scheduled health check for volume /home/runner/work/ozone/ozone/hadoop-ozone/integration-test/target/test-dir/MiniOzoneClusterImpl-ab5f91a4-db32-4111-a157-42cecbd844d3/datanode-2/data/ratis
2022-03-03 02:39:51,578 [Thread-322] INFO  ozoneimpl.ContainerReader (ContainerReader.java:readVolume(172)) - Finish verifying containers on volume /home/runner/work/ozone/ozone/hadoop-ozone/integration-test/target/test-dir/MiniOzoneClusterImpl-ab5f91a4-db32-4111-a157-42cecbd844d3/datanode-2/data-0/containers/hdds
2022-03-03 02:39:51,578 [Listener at 127.0.0.1/41665] INFO  ozoneimpl.OzoneContainer (OzoneContainer.java:buildContainerSet(257)) - Build ContainerSet costs 0s
2022-03-03 02:39:51,581 [Listener at 127.0.0.1/41665] INFO  server.RaftServer (ConfUtils.java:logGet(44)) - raft.rpc.type = GRPC (default)
2022-03-03 02:39:51,581 [Listener at 127.0.0.1/41665] INFO  grpc.GrpcFactory (GrpcFactory.java:checkPooledByteBufAllocatorUseCacheForAllThreads(48)) - PERFORMANCE WARNING: useCacheForAllThreads is true that may cause Netty to create a lot garbage objects and, as a result, trigger GC.
	It is recommended to disable useCacheForAllThreads by setting -Dorg.apache.ratis.thirdparty.io.netty.allocator.useCacheForAllThreads=false in command line.
2022-03-03 02:39:51,581 [Listener at 127.0.0.1/41665] INFO  grpc.GrpcConfigKeys (ConfUtils.java:logGet(44)) - raft.grpc.admin.port = 0 (custom)
2022-03-03 02:39:51,581 [Listener at 127.0.0.1/41665] INFO  grpc.GrpcConfigKeys (ConfUtils.java:logGet(44)) - raft.grpc.client.port = 0 (custom)
2022-03-03 02:39:51,581 [Listener at 127.0.0.1/41665] INFO  grpc.GrpcConfigKeys (ConfUtils.java:logGet(44)) - raft.grpc.server.port = 0 (default)
2022-03-03 02:39:51,581 [Listener at 127.0.0.1/41665] INFO  server.GrpcService (ConfUtils.java:logGet(44)) - raft.grpc.message.size.max = 32MB (=33554432) (custom)
2022-03-03 02:39:51,581 [Listener at 127.0.0.1/41665] INFO  server.RaftServerConfigKeys (ConfUtils.java:logGet(44)) - raft.server.log.appender.buffer.byte-limit = 33554432 (custom)
2022-03-03 02:39:51,582 [Listener at 127.0.0.1/41665] INFO  server.GrpcService (ConfUtils.java:logGet(44)) - raft.grpc.flow.control.window = 5MB (=5242880) (custom)
2022-03-03 02:39:51,582 [Listener at 127.0.0.1/41665] INFO  server.RaftServerConfigKeys (ConfUtils.java:logGet(44)) - raft.server.rpc.request.timeout = 60s (custom)
2022-03-03 02:39:51,583 [Listener at 127.0.0.1/41665] INFO  impl.DataStreamServerImpl (ConfUtils.java:logGet(44)) - raft.datastream.type = DISABLED (default)
2022-03-03 02:39:51,583 [Listener at 127.0.0.1/41665] INFO  server.RaftServerConfigKeys (ConfUtils.java:logGet(44)) - raft.server.rpc.slowness.timeout = 300s (custom)
2022-03-03 02:39:51,583 [Listener at 127.0.0.1/41665] INFO  server.RaftServerConfigKeys (ConfUtils.java:logGet(44)) - raft.server.leaderelection.leader.step-down.wait-time = 10s (default)
2022-03-03 02:39:51,583 [Listener at 127.0.0.1/41665] INFO  server.RaftServerConfigKeys (ConfUtils.java:logGet(44)) - raft.server.storage.dir = [/home/runner/work/ozone/ozone/hadoop-ozone/integration-test/target/test-dir/MiniOzoneClusterImpl-ab5f91a4-db32-4111-a157-42cecbd844d3/datanode-2/data/ratis] (custom)
2022-03-03 02:39:51,584 [Listener at 127.0.0.1/41665] INFO  server.XceiverServerGrpc (XceiverServerGrpc.java:<init>(132)) - GrpcServer channel type EpollServerSocketChannel
2022-03-03 02:39:51,587 [Listener at 127.0.0.1/41665] INFO  http.BaseHttpServer (BaseHttpServer.java:newHttpServer2BuilderForOzone(209)) - Starting Web-server for hddsDatanode at: http://0.0.0.0:0
2022-03-03 02:39:51,587 [Listener at 127.0.0.1/41665] INFO  http.BaseHttpServer (BaseHttpServer.java:<init>(107)) - Hadoop Security Enabled: false Ozone Security Enabled: false Ozone HTTP Security Enabled: false 
2022-03-03 02:39:51,592 [Listener at 127.0.0.1/41665] INFO  server.AuthenticationFilter (AuthenticationFilter.java:constructSecretProvider(240)) - Unable to initialize FileSignerSecretProvider, falling back to use random secrets.
2022-03-03 02:39:51,599 [Listener at 127.0.0.1/41665] WARN  http.HttpRequestLog (HttpRequestLog.java:getRequestLog(103)) - Jetty request log can only be enabled using Log4j
2022-03-03 02:39:51,600 [Listener at 127.0.0.1/41665] INFO  http.HttpServer2 (HttpServer2.java:addGlobalFilter(1030)) - Added global filter 'safety' (class=org.apache.hadoop.hdds.server.http.HttpServer2$QuotingInputFilter)
2022-03-03 02:39:51,601 [Listener at 127.0.0.1/41665] INFO  http.HttpServer2 (HttpServer2.java:addFilter(1006)) - Added filter static_user_filter (class=org.apache.hadoop.http.lib.StaticUserWebFilter$StaticUserFilter) to context hddsDatanode
2022-03-03 02:39:51,601 [Listener at 127.0.0.1/41665] INFO  http.HttpServer2 (HttpServer2.java:addFilter(1014)) - Added filter static_user_filter (class=org.apache.hadoop.http.lib.StaticUserWebFilter$StaticUserFilter) to context logs
2022-03-03 02:39:51,601 [Listener at 127.0.0.1/41665] INFO  http.HttpServer2 (HttpServer2.java:addFilter(1014)) - Added filter static_user_filter (class=org.apache.hadoop.http.lib.StaticUserWebFilter$StaticUserFilter) to context static
2022-03-03 02:39:51,601 [Listener at 127.0.0.1/41665] INFO  http.HttpServer2 (HttpServer2.java:bindListener(1249)) - Jetty bound to port 40413
2022-03-03 02:39:51,602 [Listener at 127.0.0.1/41665] INFO  server.Server (Server.java:doStart(375)) - jetty-9.4.43.v20210629; built: 2021-06-30T11:07:22.254Z; git: 526006ecfa3af7f1a27ef3a288e2bef7ea9dd7e8; jvm 1.8.0_322-b06
2022-03-03 02:39:51,637 [Listener at 127.0.0.1/41665] INFO  server.session (DefaultSessionIdManager.java:doStart(334)) - DefaultSessionIdManager workerName=node0
2022-03-03 02:39:51,637 [Listener at 127.0.0.1/41665] INFO  server.session (DefaultSessionIdManager.java:doStart(339)) - No SessionScavenger set, using defaults
2022-03-03 02:39:51,637 [Listener at 127.0.0.1/41665] INFO  server.session (HouseKeeper.java:startScavenging(132)) - node0 Scavenging every 600000ms
2022-03-03 02:39:51,638 [Listener at 127.0.0.1/41665] INFO  handler.ContextHandler (ContextHandler.java:doStart(915)) - Started o.e.j.s.ServletContextHandler@4a77acc6{logs,/logs,file:///home/runner/work/ozone/ozone/hadoop-ozone/integration-test/target/log,AVAILABLE}
2022-03-03 02:39:51,638 [Listener at 127.0.0.1/41665] INFO  handler.ContextHandler (ContextHandler.java:doStart(915)) - Started o.e.j.s.ServletContextHandler@2ab70885{static,/static,jar:file:/home/runner/.m2/repository/org/apache/ozone/hdds-container-service/1.3.0-SNAPSHOT/hdds-container-service-1.3.0-SNAPSHOT.jar!/webapps/static,AVAILABLE}
2022-03-03 02:39:51,680 [Listener at 127.0.0.1/41665] INFO  handler.ContextHandler (ContextHandler.java:doStart(915)) - Started o.e.j.w.WebAppContext@3be72626{hddsDatanode,/,file:///tmp/jetty-0_0_0_0-40413-hdds-container-service-1_3_0-SNAPSHOT_jar-_-any-1794644359257547656/webapp/,AVAILABLE}{jar:file:/home/runner/.m2/repository/org/apache/ozone/hdds-container-service/1.3.0-SNAPSHOT/hdds-container-service-1.3.0-SNAPSHOT.jar!/webapps/hddsDatanode}
2022-03-03 02:39:51,682 [Listener at 127.0.0.1/41665] INFO  server.AbstractConnector (AbstractConnector.java:doStart(331)) - Started ServerConnector@3f2c36e1{HTTP/1.1, (http/1.1)}{0.0.0.0:40413}
2022-03-03 02:39:51,682 [Listener at 127.0.0.1/41665] INFO  server.Server (Server.java:doStart(415)) - Started @45167ms
2022-03-03 02:39:51,682 [Listener at 127.0.0.1/41665] WARN  impl.MetricsSystemImpl (MetricsSystemImpl.java:register(279)) - Sink prometheus already exists!
2022-03-03 02:39:51,683 [Listener at 127.0.0.1/41665] INFO  http.BaseHttpServer (BaseHttpServer.java:updateConnectorAddress(329)) - HTTP server of hddsDatanode listening at http://0.0.0.0:40413
2022-03-03 02:39:51,683 [Listener at 127.0.0.1/41665] INFO  ozone.MiniOzoneClusterImpl (MiniOzoneClusterImpl.java:lambda$waitForClusterToBeReady$0(219)) - Waiting for nodes to be ready. Got 0 of 3 DN Heartbeats.
2022-03-03 02:39:51,683 [Listener at 127.0.0.1/41665] INFO  ozone.MiniOzoneClusterImpl (MiniOzoneClusterImpl.java:lambda$waitForClusterToBeReady$0(222)) - Waiting for cluster to exit safe mode
2022-03-03 02:39:51,683 [Listener at 127.0.0.1/41665] INFO  ozone.MiniOzoneClusterImpl (MiniOzoneClusterImpl.java:lambda$waitForClusterToBeReady$0(224)) - SCM became leader
2022-03-03 02:39:51,684 [Datanode State Machine Daemon Thread] INFO  statemachine.DatanodeStateMachine (DatanodeStateMachine.java:lambda$startDaemon$0(470)) - Ozone container server started.
2022-03-03 02:39:51,697 [org.apache.hadoop.util.JvmPauseMonitor$Monitor@71f200cb] INFO  util.JvmPauseMonitor (JvmPauseMonitor.java:run(188)) - Starting JVM pause monitor
2022-03-03 02:39:51,701 [Datanode State Machine Task Thread - 0] INFO  datanode.InitDatanodeState (InitDatanodeState.java:persistContainerDatanodeDetails(138)) - DatanodeDetails is persisted to /home/runner/work/ozone/ozone/hadoop-ozone/integration-test/target/test-dir/MiniOzoneClusterImpl-ab5f91a4-db32-4111-a157-42cecbd844d3/datanode-2/meta/datanode.id
2022-03-03 02:39:52,184 [om1@group-C5BA1605619E-FollowerState] INFO  impl.FollowerState (FollowerState.java:run(134)) - om1@group-C5BA1605619E-FollowerState: change to CANDIDATE, lastRpcElapsedTime:1212401608ns, electionTimeout:1199ms
2022-03-03 02:39:52,184 [om1@group-C5BA1605619E-FollowerState] INFO  impl.RoleInfo (RoleInfo.java:shutdownFollowerState(108)) - om1: shutdown om1@group-C5BA1605619E-FollowerState
2022-03-03 02:39:52,185 [om1@group-C5BA1605619E-FollowerState] INFO  server.RaftServer$Division (RaftServerImpl.java:setRole(290)) - om1@group-C5BA1605619E: changes role from  FOLLOWER to CANDIDATE at term 0 for changeToCandidate
2022-03-03 02:39:52,185 [om1@group-C5BA1605619E-FollowerState] INFO  server.RaftServerConfigKeys (ConfUtils.java:logGet(44)) - raft.server.leaderelection.pre-vote = false (custom)
2022-03-03 02:39:52,185 [om1@group-C5BA1605619E-FollowerState] INFO  impl.RoleInfo (RoleInfo.java:updateAndGet(130)) - om1: start om1@group-C5BA1605619E-LeaderElection6
2022-03-03 02:39:52,192 [om1@group-C5BA1605619E-LeaderElection6] INFO  impl.LeaderElection (LeaderElection.java:askForVotes(306)) - om1@group-C5BA1605619E-LeaderElection6 ELECTION round 0: submit vote requests at term 1 for -1: [om1|rpc:localhost:9872|priority:0], old=null
2022-03-03 02:39:52,192 [om1@group-C5BA1605619E-LeaderElection6] INFO  impl.LeaderElection (LeaderElection.java:askForVotes(308)) - om1@group-C5BA1605619E-LeaderElection6 ELECTION round 0: result PASSED (term=1)
2022-03-03 02:39:52,192 [om1@group-C5BA1605619E-LeaderElection6] INFO  impl.RoleInfo (RoleInfo.java:shutdownLeaderElection(121)) - om1: shutdown om1@group-C5BA1605619E-LeaderElection6
2022-03-03 02:39:52,192 [om1@group-C5BA1605619E-LeaderElection6] INFO  server.RaftServer$Division (RaftServerImpl.java:setRole(290)) - om1@group-C5BA1605619E: changes role from CANDIDATE to LEADER at term 1 for changeToLeader
2022-03-03 02:39:52,192 [om1@group-C5BA1605619E-LeaderElection6] INFO  server.RaftServer$Division (ServerState.java:setLeader(285)) - om1@group-C5BA1605619E: change Leader from null to om1 at term 1 for becomeLeader, leader elected after 1251ms
2022-03-03 02:39:52,193 [om1@group-C5BA1605619E-LeaderElection6] INFO  server.RaftServerConfigKeys (ConfUtils.java:logGet(44)) - raft.server.staging.catchup.gap = 1000 (default)
2022-03-03 02:39:52,193 [om1@group-C5BA1605619E-LeaderElection6] INFO  server.RaftServerConfigKeys (ConfUtils.java:logGet(44)) - raft.server.write.element-limit = 4096 (default)
2022-03-03 02:39:52,193 [om1@group-C5BA1605619E-LeaderElection6] INFO  server.RaftServerConfigKeys (ConfUtils.java:logGet(44)) - raft.server.write.byte-limit = 64MB (=67108864) (default)
2022-03-03 02:39:52,193 [om1@group-C5BA1605619E-LeaderElection6] INFO  server.RaftServerConfigKeys (ConfUtils.java:logGet(44)) - raft.server.watch.timeout = 10s (default)
2022-03-03 02:39:52,193 [om1@group-C5BA1605619E-LeaderElection6] INFO  server.RaftServerConfigKeys (ConfUtils.java:logGet(44)) - raft.server.watch.timeout.denomination = 1s (default)
2022-03-03 02:39:52,193 [om1@group-C5BA1605619E-LeaderElection6] INFO  server.RaftServerConfigKeys (ConfUtils.java:logGet(44)) - raft.server.watch.element-limit = 65536 (default)
2022-03-03 02:39:52,194 [om1@group-C5BA1605619E-LeaderElection6] INFO  server.RaftServerConfigKeys (ConfUtils.java:logGet(44)) - raft.server.write.element-limit = 4096 (default)
2022-03-03 02:39:52,195 [om1@group-C5BA1605619E-LeaderElection6] INFO  server.RaftServerConfigKeys (ConfUtils.java:logGet(44)) - raft.server.write.follower.gap.ratio.max = -1.0 (default)
2022-03-03 02:39:52,195 [om1@group-C5BA1605619E-LeaderElection6] INFO  impl.RoleInfo (RoleInfo.java:updateAndGet(130)) - om1: start om1@group-C5BA1605619E-LeaderStateImpl
2022-03-03 02:39:52,198 [om1@group-C5BA1605619E-LeaderElection6] INFO  segmented.SegmentedRaftLogWorker (SegmentedRaftLogWorker.java:startLogSegment(394)) - om1@group-C5BA1605619E-SegmentedRaftLogWorker: Starting segment from index:0
2022-03-03 02:39:52,207 [om1@group-C5BA1605619E-LeaderElection6] INFO  server.RaftServer$Division (ServerState.java:setRaftConf(387)) - om1@group-C5BA1605619E: set configuration 0: [om1|rpc:localhost:9872|admin:|client:|dataStream:|priority:0], old=null
2022-03-03 02:39:52,211 [om1@group-C5BA1605619E-SegmentedRaftLogWorker] INFO  segmented.SegmentedRaftLogWorker (SegmentedRaftLogWorker.java:execute(601)) - om1@group-C5BA1605619E-SegmentedRaftLogWorker: created new log segment /home/runner/work/ozone/ozone/hadoop-ozone/integration-test/target/test-dir/MiniOzoneClusterImpl-ab5f91a4-db32-4111-a157-42cecbd844d3/ozone-meta/ratis/bf265839-605b-3f16-9796-c5ba1605619e/current/log_inprogress_0
2022-03-03 02:39:52,212 [om1@group-C5BA1605619E-StateMachineUpdater] INFO  ratis.OzoneManagerStateMachine (OzoneManagerStateMachine.java:notifyConfigurationChanged(188)) - Received Configuration change notification from Ratis. New Peer list:
[id: "om1"
address: "localhost:9872"
]
2022-03-03 02:39:52,684 [Listener at 127.0.0.1/41665] INFO  ozone.MiniOzoneClusterImpl (MiniOzoneClusterImpl.java:lambda$waitForClusterToBeReady$0(219)) - Waiting for nodes to be ready. Got 0 of 3 DN Heartbeats.
2022-03-03 02:39:52,684 [Listener at 127.0.0.1/41665] INFO  ozone.MiniOzoneClusterImpl (MiniOzoneClusterImpl.java:lambda$waitForClusterToBeReady$0(222)) - Waiting for cluster to exit safe mode
2022-03-03 02:39:52,684 [Listener at 127.0.0.1/41665] INFO  ozone.MiniOzoneClusterImpl (MiniOzoneClusterImpl.java:lambda$waitForClusterToBeReady$0(224)) - SCM became leader
2022-03-03 02:39:53,266 [EndpointStateMachine task thread for /0.0.0.0:39335 - 0 ] INFO  ozoneimpl.OzoneContainer (OzoneContainer.java:start(335)) - Attempting to start container services.
2022-03-03 02:39:53,266 [EndpointStateMachine task thread for /0.0.0.0:39335 - 0 ] INFO  ozoneimpl.OzoneContainer (OzoneContainer.java:startContainerScrub(270)) - Background container scanner has been disabled.
2022-03-03 02:39:53,267 [EndpointStateMachine task thread for /0.0.0.0:39335 - 0 ] INFO  replication.ReplicationServer (ReplicationServer.java:start(111)) - ReplicationServer is started using port 36163
2022-03-03 02:39:53,268 [EndpointStateMachine task thread for /0.0.0.0:39335 - 0 ] INFO  ratis.XceiverServerRatis (XceiverServerRatis.java:start(485)) - Starting XceiverServerRatis 4b8390af-2520-419e-8318-f002d4bf1943
2022-03-03 02:39:53,275 [EndpointStateMachine task thread for /0.0.0.0:39335 - 0 ] INFO  server.RaftServer (RaftServerProxy.java:lambda$start$5(374)) - 4b8390af-2520-419e-8318-f002d4bf1943: start RPC server
2022-03-03 02:39:53,277 [EndpointStateMachine task thread for /0.0.0.0:39335 - 0 ] INFO  server.GrpcService (GrpcService.java:startImpl(253)) - 4b8390af-2520-419e-8318-f002d4bf1943: GrpcService started, listening on 38817
2022-03-03 02:39:53,277 [EndpointStateMachine task thread for /0.0.0.0:39335 - 0 ] INFO  ratis.XceiverServerRatis (XceiverServerRatis.java:getRealPort(506)) - XceiverServerRatis 4b8390af-2520-419e-8318-f002d4bf1943 is started using port 38817 for RATIS
2022-03-03 02:39:53,277 [EndpointStateMachine task thread for /0.0.0.0:39335 - 0 ] INFO  ratis.XceiverServerRatis (XceiverServerRatis.java:getRealPort(506)) - XceiverServerRatis 4b8390af-2520-419e-8318-f002d4bf1943 is started using port 38817 for RATIS_ADMIN
2022-03-03 02:39:53,277 [EndpointStateMachine task thread for /0.0.0.0:39335 - 0 ] INFO  ratis.XceiverServerRatis (XceiverServerRatis.java:getRealPort(506)) - XceiverServerRatis 4b8390af-2520-419e-8318-f002d4bf1943 is started using port 38817 for RATIS_SERVER
2022-03-03 02:39:53,281 [org.apache.ratis.util.JvmPauseMonitor$$Lambda$431/1976969183@24fcf5cd] INFO  util.JvmPauseMonitor (JvmPauseMonitor.java:run(103)) - JvmPauseMonitor-4b8390af-2520-419e-8318-f002d4bf1943: Started
2022-03-03 02:39:53,282 [EndpointStateMachine task thread for /0.0.0.0:39335 - 0 ] INFO  server.XceiverServerGrpc (XceiverServerGrpc.java:start(180)) - XceiverServerGrpc 4b8390af-2520-419e-8318-f002d4bf1943 is started using port 38907
2022-03-03 02:39:53,497 [EndpointStateMachine task thread for /0.0.0.0:39335 - 0 ] INFO  ozoneimpl.OzoneContainer (OzoneContainer.java:start(335)) - Attempting to start container services.
2022-03-03 02:39:53,498 [EndpointStateMachine task thread for /0.0.0.0:39335 - 0 ] INFO  ozoneimpl.OzoneContainer (OzoneContainer.java:startContainerScrub(270)) - Background container scanner has been disabled.
2022-03-03 02:39:53,500 [EndpointStateMachine task thread for /0.0.0.0:39335 - 0 ] INFO  replication.ReplicationServer (ReplicationServer.java:start(111)) - ReplicationServer is started using port 38035
2022-03-03 02:39:53,501 [EndpointStateMachine task thread for /0.0.0.0:39335 - 0 ] INFO  ratis.XceiverServerRatis (XceiverServerRatis.java:start(485)) - Starting XceiverServerRatis e85a2726-2e5b-406c-85a0-fa43518636ec
2022-03-03 02:39:53,509 [EndpointStateMachine task thread for /0.0.0.0:39335 - 0 ] INFO  server.RaftServer (RaftServerProxy.java:lambda$start$5(374)) - e85a2726-2e5b-406c-85a0-fa43518636ec: start RPC server
2022-03-03 02:39:53,514 [EndpointStateMachine task thread for /0.0.0.0:39335 - 0 ] INFO  server.GrpcService (GrpcService.java:startImpl(253)) - e85a2726-2e5b-406c-85a0-fa43518636ec: GrpcService started, listening on 44853
2022-03-03 02:39:53,517 [EndpointStateMachine task thread for /0.0.0.0:39335 - 0 ] INFO  ratis.XceiverServerRatis (XceiverServerRatis.java:getRealPort(506)) - XceiverServerRatis e85a2726-2e5b-406c-85a0-fa43518636ec is started using port 44853 for RATIS
2022-03-03 02:39:53,517 [EndpointStateMachine task thread for /0.0.0.0:39335 - 0 ] INFO  ratis.XceiverServerRatis (XceiverServerRatis.java:getRealPort(506)) - XceiverServerRatis e85a2726-2e5b-406c-85a0-fa43518636ec is started using port 44853 for RATIS_ADMIN
2022-03-03 02:39:53,517 [EndpointStateMachine task thread for /0.0.0.0:39335 - 0 ] INFO  ratis.XceiverServerRatis (XceiverServerRatis.java:getRealPort(506)) - XceiverServerRatis e85a2726-2e5b-406c-85a0-fa43518636ec is started using port 44853 for RATIS_SERVER
2022-03-03 02:39:53,517 [org.apache.ratis.util.JvmPauseMonitor$$Lambda$431/1976969183@3e9ed4be] INFO  util.JvmPauseMonitor (JvmPauseMonitor.java:run(103)) - JvmPauseMonitor-e85a2726-2e5b-406c-85a0-fa43518636ec: Started
2022-03-03 02:39:53,519 [EndpointStateMachine task thread for /0.0.0.0:39335 - 0 ] INFO  server.XceiverServerGrpc (XceiverServerGrpc.java:start(180)) - XceiverServerGrpc e85a2726-2e5b-406c-85a0-fa43518636ec is started using port 37157
2022-03-03 02:39:53,684 [Listener at 127.0.0.1/41665] INFO  ozone.MiniOzoneClusterImpl (MiniOzoneClusterImpl.java:lambda$waitForClusterToBeReady$0(219)) - Waiting for nodes to be ready. Got 0 of 3 DN Heartbeats.
2022-03-03 02:39:53,684 [Listener at 127.0.0.1/41665] INFO  ozone.MiniOzoneClusterImpl (MiniOzoneClusterImpl.java:lambda$waitForClusterToBeReady$0(222)) - Waiting for cluster to exit safe mode
2022-03-03 02:39:53,684 [Listener at 127.0.0.1/41665] INFO  ozone.MiniOzoneClusterImpl (MiniOzoneClusterImpl.java:lambda$waitForClusterToBeReady$0(224)) - SCM became leader
2022-03-03 02:39:53,703 [EndpointStateMachine task thread for /0.0.0.0:39335 - 0 ] INFO  ozoneimpl.OzoneContainer (OzoneContainer.java:start(335)) - Attempting to start container services.
2022-03-03 02:39:53,704 [EndpointStateMachine task thread for /0.0.0.0:39335 - 0 ] INFO  ozoneimpl.OzoneContainer (OzoneContainer.java:startContainerScrub(270)) - Background container scanner has been disabled.
2022-03-03 02:39:53,705 [EndpointStateMachine task thread for /0.0.0.0:39335 - 0 ] INFO  replication.ReplicationServer (ReplicationServer.java:start(111)) - ReplicationServer is started using port 35045
2022-03-03 02:39:53,706 [EndpointStateMachine task thread for /0.0.0.0:39335 - 0 ] INFO  ratis.XceiverServerRatis (XceiverServerRatis.java:start(485)) - Starting XceiverServerRatis 0f66cbef-d2c2-4da9-b5af-505c5e5b0cb0
2022-03-03 02:39:53,709 [EndpointStateMachine task thread for /0.0.0.0:39335 - 0 ] INFO  server.RaftServer (RaftServerProxy.java:lambda$start$5(374)) - 0f66cbef-d2c2-4da9-b5af-505c5e5b0cb0: start RPC server
2022-03-03 02:39:53,714 [EndpointStateMachine task thread for /0.0.0.0:39335 - 0 ] INFO  server.GrpcService (GrpcService.java:startImpl(253)) - 0f66cbef-d2c2-4da9-b5af-505c5e5b0cb0: GrpcService started, listening on 44365
2022-03-03 02:39:53,717 [EndpointStateMachine task thread for /0.0.0.0:39335 - 0 ] INFO  ratis.XceiverServerRatis (XceiverServerRatis.java:getRealPort(506)) - XceiverServerRatis 0f66cbef-d2c2-4da9-b5af-505c5e5b0cb0 is started using port 44365 for RATIS
2022-03-03 02:39:53,717 [EndpointStateMachine task thread for /0.0.0.0:39335 - 0 ] INFO  ratis.XceiverServerRatis (XceiverServerRatis.java:getRealPort(506)) - XceiverServerRatis 0f66cbef-d2c2-4da9-b5af-505c5e5b0cb0 is started using port 44365 for RATIS_ADMIN
2022-03-03 02:39:53,717 [EndpointStateMachine task thread for /0.0.0.0:39335 - 0 ] INFO  ratis.XceiverServerRatis (XceiverServerRatis.java:getRealPort(506)) - XceiverServerRatis 0f66cbef-d2c2-4da9-b5af-505c5e5b0cb0 is started using port 44365 for RATIS_SERVER
2022-03-03 02:39:53,717 [org.apache.ratis.util.JvmPauseMonitor$$Lambda$431/1976969183@3cbe4bbe] INFO  util.JvmPauseMonitor (JvmPauseMonitor.java:run(103)) - JvmPauseMonitor-0f66cbef-d2c2-4da9-b5af-505c5e5b0cb0: Started
2022-03-03 02:39:53,719 [EndpointStateMachine task thread for /0.0.0.0:39335 - 0 ] INFO  server.XceiverServerGrpc (XceiverServerGrpc.java:start(180)) - XceiverServerGrpc 0f66cbef-d2c2-4da9-b5af-505c5e5b0cb0 is started using port 41105
2022-03-03 02:39:54,685 [Listener at 127.0.0.1/41665] INFO  ozone.MiniOzoneClusterImpl (MiniOzoneClusterImpl.java:lambda$waitForClusterToBeReady$0(219)) - Waiting for nodes to be ready. Got 0 of 3 DN Heartbeats.
2022-03-03 02:39:54,685 [Listener at 127.0.0.1/41665] INFO  ozone.MiniOzoneClusterImpl (MiniOzoneClusterImpl.java:lambda$waitForClusterToBeReady$0(222)) - Waiting for cluster to exit safe mode
2022-03-03 02:39:54,685 [Listener at 127.0.0.1/41665] INFO  ozone.MiniOzoneClusterImpl (MiniOzoneClusterImpl.java:lambda$waitForClusterToBeReady$0(224)) - SCM became leader
2022-03-03 02:39:55,250 [IPC Server handler 1 on default port 39335] INFO  net.NetworkTopologyImpl (NetworkTopologyImpl.java:add(112)) - Added a new node: /default-rack/4b8390af-2520-419e-8318-f002d4bf1943
2022-03-03 02:39:55,251 [IPC Server handler 1 on default port 39335] INFO  node.SCMNodeManager (SCMNodeManager.java:register(389)) - Registered Data node : 4b8390af-2520-419e-8318-f002d4bf1943{ip: 10.1.0.45, host: fv-az50-851.grzltbmokehuzjyc5b133kdqgh.cx.internal.cloudapp.net, ports: [REPLICATION=36163, RATIS=38817, RATIS_ADMIN=38817, RATIS_SERVER=38817, STANDALONE=38907], networkLocation: /default-rack, certSerialId: null, persistedOpState: null, persistedOpStateExpiryEpochSec: 0}
2022-03-03 02:39:55,252 [EventQueue-NewNodeForNewNodeHandler] INFO  pipeline.BackgroundPipelineCreator (BackgroundPipelineCreator.java:notifyEventTriggered(285)) - trigger a one-shot run on RatisPipelineUtilsThread.
2022-03-03 02:39:55,252 [RatisPipelineUtilsThread - 0] INFO  pipeline.RatisPipelineProvider (RatisPipelineProvider.java:lambda$create$0(183)) - Sending CreatePipelineCommand for pipeline:PipelineID=799b51e7-86d6-4931-8166-dccbfcdf87c2 to datanode:4b8390af-2520-419e-8318-f002d4bf1943
2022-03-03 02:39:55,253 [EventQueue-NodeRegistrationContainerReportForDataNodeSafeModeRule] INFO  safemode.SCMSafeModeManager (DataNodeSafeModeRule.java:process(71)) - SCM in safe mode. 1 DataNodes registered, 3 required.
2022-03-03 02:39:55,259 [EventQueue-NodeRegistrationContainerReportForContainerSafeModeRule] INFO  safemode.SCMSafeModeManager (SCMSafeModeManager.java:validateSafeModeExitRules(204)) - ContainerSafeModeRule rule is successfully validated
2022-03-03 02:39:55,264 [EventQueue-PipelineReportForOneReplicaPipelineSafeModeRule] INFO  safemode.SCMSafeModeManager (SCMSafeModeManager.java:validateSafeModeExitRules(204)) - AtleastOneDatanodeReportedRule rule is successfully validated
2022-03-03 02:39:55,287 [4914ad2e-45be-4838-a730-ba0d1c104f60@group-42CECBD844D3-StateMachineUpdater] INFO  pipeline.PipelineStateManagerImpl (PipelineStateManagerImpl.java:addPipeline(101)) - Created pipeline Pipeline[ Id: 799b51e7-86d6-4931-8166-dccbfcdf87c2, Nodes: 4b8390af-2520-419e-8318-f002d4bf1943{ip: 10.1.0.45, host: fv-az50-851.grzltbmokehuzjyc5b133kdqgh.cx.internal.cloudapp.net, ports: [REPLICATION=36163, RATIS=38817, RATIS_ADMIN=38817, RATIS_SERVER=38817, STANDALONE=38907], networkLocation: /default-rack, certSerialId: null, persistedOpState: IN_SERVICE, persistedOpStateExpiryEpochSec: 0}, ReplicationConfig: RATIS/ONE, State:ALLOCATED, leaderId:, CreationTimestamp2022-03-03T02:39:55.252Z[Etc/UTC]].
2022-03-03 02:39:55,287 [4914ad2e-45be-4838-a730-ba0d1c104f60@group-42CECBD844D3-StateMachineUpdater] INFO  safemode.HealthyPipelineSafeModeRule (HealthyPipelineSafeModeRule.java:initializeRule(152)) - Refreshed total pipeline count is 0, healthy pipeline threshold count is 1
2022-03-03 02:39:55,491 [IPC Server handler 0 on default port 39335] INFO  net.NetworkTopologyImpl (NetworkTopologyImpl.java:add(112)) - Added a new node: /default-rack/e85a2726-2e5b-406c-85a0-fa43518636ec
2022-03-03 02:39:55,492 [IPC Server handler 0 on default port 39335] INFO  node.SCMNodeManager (SCMNodeManager.java:register(389)) - Registered Data node : e85a2726-2e5b-406c-85a0-fa43518636ec{ip: 10.1.0.45, host: fv-az50-851.grzltbmokehuzjyc5b133kdqgh.cx.internal.cloudapp.net, ports: [REPLICATION=38035, RATIS=44853, RATIS_ADMIN=44853, RATIS_SERVER=44853, STANDALONE=37157], networkLocation: /default-rack, certSerialId: null, persistedOpState: null, persistedOpStateExpiryEpochSec: 0}
2022-03-03 02:39:55,493 [EventQueue-NewNodeForNewNodeHandler] INFO  pipeline.BackgroundPipelineCreator (BackgroundPipelineCreator.java:notifyEventTriggered(285)) - trigger a one-shot run on RatisPipelineUtilsThread.
2022-03-03 02:39:55,499 [EventQueue-NodeRegistrationContainerReportForDataNodeSafeModeRule] INFO  safemode.SCMSafeModeManager (DataNodeSafeModeRule.java:process(71)) - SCM in safe mode. 2 DataNodes registered, 3 required.
2022-03-03 02:39:55,502 [RatisPipelineUtilsThread - 0] INFO  pipeline.RatisPipelineProvider (RatisPipelineProvider.java:lambda$create$0(183)) - Sending CreatePipelineCommand for pipeline:PipelineID=b582ccb9-7d71-43d4-8c21-5d0963015c7f to datanode:e85a2726-2e5b-406c-85a0-fa43518636ec
2022-03-03 02:39:55,505 [4914ad2e-45be-4838-a730-ba0d1c104f60@group-42CECBD844D3-StateMachineUpdater] INFO  pipeline.PipelineStateManagerImpl (PipelineStateManagerImpl.java:addPipeline(101)) - Created pipeline Pipeline[ Id: b582ccb9-7d71-43d4-8c21-5d0963015c7f, Nodes: e85a2726-2e5b-406c-85a0-fa43518636ec{ip: 10.1.0.45, host: fv-az50-851.grzltbmokehuzjyc5b133kdqgh.cx.internal.cloudapp.net, ports: [REPLICATION=38035, RATIS=44853, RATIS_ADMIN=44853, RATIS_SERVER=44853, STANDALONE=37157], networkLocation: /default-rack, certSerialId: null, persistedOpState: IN_SERVICE, persistedOpStateExpiryEpochSec: 0}, ReplicationConfig: RATIS/ONE, State:ALLOCATED, leaderId:, CreationTimestamp2022-03-03T02:39:55.502Z[Etc/UTC]].
2022-03-03 02:39:55,505 [4914ad2e-45be-4838-a730-ba0d1c104f60@group-42CECBD844D3-StateMachineUpdater] INFO  safemode.HealthyPipelineSafeModeRule (HealthyPipelineSafeModeRule.java:initializeRule(152)) - Refreshed total pipeline count is 0, healthy pipeline threshold count is 1
2022-03-03 02:39:55,685 [Listener at 127.0.0.1/41665] INFO  ozone.MiniOzoneClusterImpl (MiniOzoneClusterImpl.java:lambda$waitForClusterToBeReady$0(219)) - Waiting for nodes to be ready. Got 2 of 3 DN Heartbeats.
2022-03-03 02:39:55,686 [Listener at 127.0.0.1/41665] INFO  ozone.MiniOzoneClusterImpl (MiniOzoneClusterImpl.java:lambda$waitForClusterToBeReady$0(222)) - Waiting for cluster to exit safe mode
2022-03-03 02:39:55,686 [Listener at 127.0.0.1/41665] INFO  ozone.MiniOzoneClusterImpl (MiniOzoneClusterImpl.java:lambda$waitForClusterToBeReady$0(224)) - SCM became leader
2022-03-03 02:39:55,699 [IPC Server handler 2 on default port 39335] INFO  net.NetworkTopologyImpl (NetworkTopologyImpl.java:add(112)) - Added a new node: /default-rack/0f66cbef-d2c2-4da9-b5af-505c5e5b0cb0
2022-03-03 02:39:55,699 [IPC Server handler 2 on default port 39335] INFO  node.SCMNodeManager (SCMNodeManager.java:register(389)) - Registered Data node : 0f66cbef-d2c2-4da9-b5af-505c5e5b0cb0{ip: 10.1.0.45, host: fv-az50-851.grzltbmokehuzjyc5b133kdqgh.cx.internal.cloudapp.net, ports: [REPLICATION=35045, RATIS=44365, RATIS_ADMIN=44365, RATIS_SERVER=44365, STANDALONE=41105], networkLocation: /default-rack, certSerialId: null, persistedOpState: null, persistedOpStateExpiryEpochSec: 0}
2022-03-03 02:39:55,700 [EventQueue-NewNodeForNewNodeHandler] INFO  pipeline.BackgroundPipelineCreator (BackgroundPipelineCreator.java:notifyEventTriggered(285)) - trigger a one-shot run on RatisPipelineUtilsThread.
2022-03-03 02:39:55,703 [RatisPipelineUtilsThread - 0] INFO  pipeline.RatisPipelineProvider (RatisPipelineProvider.java:lambda$create$0(183)) - Sending CreatePipelineCommand for pipeline:PipelineID=a3df3954-883a-4061-8d60-674c060e4486 to datanode:0f66cbef-d2c2-4da9-b5af-505c5e5b0cb0
2022-03-03 02:39:55,703 [EventQueue-NodeRegistrationContainerReportForDataNodeSafeModeRule] INFO  safemode.SCMSafeModeManager (DataNodeSafeModeRule.java:process(71)) - SCM in safe mode. 3 DataNodes registered, 3 required.
2022-03-03 02:39:55,703 [EventQueue-NodeRegistrationContainerReportForDataNodeSafeModeRule] INFO  safemode.SCMSafeModeManager (SCMSafeModeManager.java:validateSafeModeExitRules(204)) - DataNodeSafeModeRule rule is successfully validated
2022-03-03 02:39:55,703 [EventQueue-NodeRegistrationContainerReportForDataNodeSafeModeRule] INFO  safemode.SCMSafeModeManager (SCMSafeModeManager.java:completePreCheck(233)) - All SCM safe mode pre check rules have passed
2022-03-03 02:39:55,703 [EventQueue-NodeRegistrationContainerReportForDataNodeSafeModeRule] WARN  events.EventQueue (EventQueue.java:fireEvent(194)) - No event handler registered for event TypedEvent{payloadType=SafeModeStatus, name='Safe mode status'}
2022-03-03 02:39:55,703 [EventQueue-NodeRegistrationContainerReportForDataNodeSafeModeRule] INFO  ha.SCMContext (SCMContext.java:updateSafeModeStatus(211)) - Update SafeModeStatus from SafeModeStatus{safeModeStatus=true, preCheckPassed=false} to SafeModeStatus{safeModeStatus=true, preCheckPassed=true}.
2022-03-03 02:39:55,703 [EventQueue-NodeRegistrationContainerReportForDataNodeSafeModeRule] INFO  pipeline.BackgroundPipelineCreator (BackgroundPipelineCreator.java:notifyEventTriggered(285)) - trigger a one-shot run on RatisPipelineUtilsThread.
2022-03-03 02:39:55,706 [4914ad2e-45be-4838-a730-ba0d1c104f60@group-42CECBD844D3-StateMachineUpdater] INFO  pipeline.PipelineStateManagerImpl (PipelineStateManagerImpl.java:addPipeline(101)) - Created pipeline Pipeline[ Id: a3df3954-883a-4061-8d60-674c060e4486, Nodes: 0f66cbef-d2c2-4da9-b5af-505c5e5b0cb0{ip: 10.1.0.45, host: fv-az50-851.grzltbmokehuzjyc5b133kdqgh.cx.internal.cloudapp.net, ports: [REPLICATION=35045, RATIS=44365, RATIS_ADMIN=44365, RATIS_SERVER=44365, STANDALONE=41105], networkLocation: /default-rack, certSerialId: null, persistedOpState: IN_SERVICE, persistedOpStateExpiryEpochSec: 0}, ReplicationConfig: RATIS/ONE, State:ALLOCATED, leaderId:, CreationTimestamp2022-03-03T02:39:55.703Z[Etc/UTC]].
2022-03-03 02:39:55,706 [4914ad2e-45be-4838-a730-ba0d1c104f60@group-42CECBD844D3-StateMachineUpdater] INFO  safemode.HealthyPipelineSafeModeRule (HealthyPipelineSafeModeRule.java:initializeRule(152)) - Refreshed total pipeline count is 0, healthy pipeline threshold count is 1
2022-03-03 02:39:55,710 [RatisPipelineUtilsThread - 0] INFO  pipeline.RatisPipelineProvider (RatisPipelineProvider.java:lambda$create$0(183)) - Sending CreatePipelineCommand for pipeline:PipelineID=0827d502-339f-4fa8-ba11-73809025a354 to datanode:4b8390af-2520-419e-8318-f002d4bf1943
2022-03-03 02:39:55,710 [RatisPipelineUtilsThread - 0] INFO  pipeline.RatisPipelineProvider (RatisPipelineProvider.java:lambda$create$0(183)) - Sending CreatePipelineCommand for pipeline:PipelineID=0827d502-339f-4fa8-ba11-73809025a354 to datanode:e85a2726-2e5b-406c-85a0-fa43518636ec
2022-03-03 02:39:55,710 [RatisPipelineUtilsThread - 0] INFO  pipeline.RatisPipelineProvider (RatisPipelineProvider.java:lambda$create$0(183)) - Sending CreatePipelineCommand for pipeline:PipelineID=0827d502-339f-4fa8-ba11-73809025a354 to datanode:0f66cbef-d2c2-4da9-b5af-505c5e5b0cb0
2022-03-03 02:39:55,714 [4914ad2e-45be-4838-a730-ba0d1c104f60@group-42CECBD844D3-StateMachineUpdater] INFO  pipeline.PipelineStateManagerImpl (PipelineStateManagerImpl.java:addPipeline(101)) - Created pipeline Pipeline[ Id: 0827d502-339f-4fa8-ba11-73809025a354, Nodes: 4b8390af-2520-419e-8318-f002d4bf1943{ip: 10.1.0.45, host: fv-az50-851.grzltbmokehuzjyc5b133kdqgh.cx.internal.cloudapp.net, ports: [REPLICATION=36163, RATIS=38817, RATIS_ADMIN=38817, RATIS_SERVER=38817, STANDALONE=38907], networkLocation: /default-rack, certSerialId: null, persistedOpState: IN_SERVICE, persistedOpStateExpiryEpochSec: 0}e85a2726-2e5b-406c-85a0-fa43518636ec{ip: 10.1.0.45, host: fv-az50-851.grzltbmokehuzjyc5b133kdqgh.cx.internal.cloudapp.net, ports: [REPLICATION=38035, RATIS=44853, RATIS_ADMIN=44853, RATIS_SERVER=44853, STANDALONE=37157], networkLocation: /default-rack, certSerialId: null, persistedOpState: IN_SERVICE, persistedOpStateExpiryEpochSec: 0}0f66cbef-d2c2-4da9-b5af-505c5e5b0cb0{ip: 10.1.0.45, host: fv-az50-851.grzltbmokehuzjyc5b133kdqgh.cx.internal.cloudapp.net, ports: [REPLICATION=35045, RATIS=44365, RATIS_ADMIN=44365, RATIS_SERVER=44365, STANDALONE=41105], networkLocation: /default-rack, certSerialId: null, persistedOpState: IN_SERVICE, persistedOpStateExpiryEpochSec: 0}, ReplicationConfig: RATIS/THREE, State:ALLOCATED, leaderId:, CreationTimestamp2022-03-03T02:39:55.710Z[Etc/UTC]].
2022-03-03 02:39:55,714 [4914ad2e-45be-4838-a730-ba0d1c104f60@group-42CECBD844D3-StateMachineUpdater] INFO  safemode.HealthyPipelineSafeModeRule (HealthyPipelineSafeModeRule.java:initializeRule(152)) - Refreshed total pipeline count is 0, healthy pipeline threshold count is 1
2022-03-03 02:39:56,687 [Listener at 127.0.0.1/41665] INFO  ozone.MiniOzoneClusterImpl (MiniOzoneClusterImpl.java:lambda$waitForClusterToBeReady$0(219)) - Nodes are ready. Got 3 of 3 DN Heartbeats.
2022-03-03 02:39:56,688 [Listener at 127.0.0.1/41665] INFO  ozone.MiniOzoneClusterImpl (MiniOzoneClusterImpl.java:lambda$waitForClusterToBeReady$0(222)) - Waiting for cluster to exit safe mode
2022-03-03 02:39:56,688 [Listener at 127.0.0.1/41665] INFO  ozone.MiniOzoneClusterImpl (MiniOzoneClusterImpl.java:lambda$waitForClusterToBeReady$0(224)) - SCM became leader
2022-03-03 02:39:57,688 [Listener at 127.0.0.1/41665] INFO  ozone.MiniOzoneClusterImpl (MiniOzoneClusterImpl.java:lambda$waitForClusterToBeReady$0(219)) - Nodes are ready. Got 3 of 3 DN Heartbeats.
2022-03-03 02:39:57,688 [Listener at 127.0.0.1/41665] INFO  ozone.MiniOzoneClusterImpl (MiniOzoneClusterImpl.java:lambda$waitForClusterToBeReady$0(222)) - Waiting for cluster to exit safe mode
2022-03-03 02:39:57,688 [Listener at 127.0.0.1/41665] INFO  ozone.MiniOzoneClusterImpl (MiniOzoneClusterImpl.java:lambda$waitForClusterToBeReady$0(224)) - SCM became leader
2022-03-03 02:39:58,252 [Command processor thread] INFO  server.RaftServer (RaftServerProxy.java:addNew(95)) - 4b8390af-2520-419e-8318-f002d4bf1943: addNew group-DCCBFCDF87C2:[4b8390af-2520-419e-8318-f002d4bf1943|rpc:10.1.0.45:38817|priority:1] returns group-DCCBFCDF87C2:java.util.concurrent.CompletableFuture@15b0d582[Not completed]
2022-03-03 02:39:58,286 [pool-151-thread-1] INFO  server.RaftServer$Division (RaftServerImpl.java:<init>(184)) - 4b8390af-2520-419e-8318-f002d4bf1943: new RaftServerImpl for group-DCCBFCDF87C2:[4b8390af-2520-419e-8318-f002d4bf1943|rpc:10.1.0.45:38817|priority:1] with ContainerStateMachine:uninitialized
2022-03-03 02:39:58,288 [pool-151-thread-1] INFO  server.RaftServerConfigKeys (ConfUtils.java:logGet(44)) - raft.server.rpc.timeout.min = 5s (custom)
2022-03-03 02:39:58,288 [pool-151-thread-1] INFO  server.RaftServerConfigKeys (ConfUtils.java:logGet(44)) - raft.server.rpc.timeout.max = 5200ms (custom)
2022-03-03 02:39:58,288 [pool-151-thread-1] INFO  server.RaftServerConfigKeys (ConfUtils.java:logGet(44)) - raft.server.rpc.sleep.time = 25ms (default)
2022-03-03 02:39:58,288 [pool-151-thread-1] INFO  server.RaftServerConfigKeys (ConfUtils.java:logGet(44)) - raft.server.rpc.slowness.timeout = 300s (custom)
2022-03-03 02:39:58,288 [pool-151-thread-1] INFO  server.RaftServerConfigKeys (ConfUtils.java:logGet(44)) - raft.server.leaderelection.leader.step-down.wait-time = 10s (default)
2022-03-03 02:39:58,288 [pool-151-thread-1] INFO  server.RaftServerConfigKeys (ConfUtils.java:logGet(44)) - raft.server.sleep.deviation.threshold = 300ms (default)
2022-03-03 02:39:58,288 [pool-151-thread-1] INFO  server.RaftServerConfigKeys (ConfUtils.java:logGet(44)) - raft.server.log.appender.install.snapshot.enabled = false (custom)
2022-03-03 02:39:58,288 [pool-151-thread-1] INFO  server.RaftServer$Division (ServerState.java:<init>(105)) - 4b8390af-2520-419e-8318-f002d4bf1943@group-DCCBFCDF87C2: ConfigurationManager, init=-1: [4b8390af-2520-419e-8318-f002d4bf1943|rpc:10.1.0.45:38817|priority:1], old=null, confs=<EMPTY_MAP>
2022-03-03 02:39:58,289 [pool-151-thread-1] INFO  server.RaftServerConfigKeys (ConfUtils.java:logGet(44)) - raft.server.storage.dir = [/home/runner/work/ozone/ozone/hadoop-ozone/integration-test/target/test-dir/MiniOzoneClusterImpl-ab5f91a4-db32-4111-a157-42cecbd844d3/datanode-0/data/ratis] (custom)
2022-03-03 02:39:58,289 [pool-151-thread-1] INFO  server.RaftServerConfigKeys (ConfUtils.java:logGet(44)) - raft.server.log.corruption.policy = EXCEPTION (default)
2022-03-03 02:39:58,289 [pool-151-thread-1] INFO  server.RaftServerConfigKeys (ConfUtils.java:logGet(44)) - raft.server.storage.free-space.min = 0MB (=0) (default)
2022-03-03 02:39:58,289 [pool-151-thread-1] INFO  storage.RaftStorageDirectory (RaftStorageDirectoryImpl.java:analyzeStorage(135)) - The storage directory /home/runner/work/ozone/ozone/hadoop-ozone/integration-test/target/test-dir/MiniOzoneClusterImpl-ab5f91a4-db32-4111-a157-42cecbd844d3/datanode-0/data/ratis/799b51e7-86d6-4931-8166-dccbfcdf87c2 does not exist. Creating ...
2022-03-03 02:39:58,292 [pool-151-thread-1] INFO  storage.RaftStorageDirectory (RaftStorageDirectoryImpl.java:tryLock(230)) - Lock on /home/runner/work/ozone/ozone/hadoop-ozone/integration-test/target/test-dir/MiniOzoneClusterImpl-ab5f91a4-db32-4111-a157-42cecbd844d3/datanode-0/data/ratis/799b51e7-86d6-4931-8166-dccbfcdf87c2/in_use.lock acquired by nodename 19762@fv-az50-851
2022-03-03 02:39:58,294 [pool-151-thread-1] INFO  storage.RaftStorage (RaftStorageImpl.java:format(89)) - Storage directory /home/runner/work/ozone/ozone/hadoop-ozone/integration-test/target/test-dir/MiniOzoneClusterImpl-ab5f91a4-db32-4111-a157-42cecbd844d3/datanode-0/data/ratis/799b51e7-86d6-4931-8166-dccbfcdf87c2 has been successfully formatted.
2022-03-03 02:39:58,297 [pool-151-thread-1] INFO  ratis.ContainerStateMachine (ContainerStateMachine.java:loadSnapshot(236)) - group-DCCBFCDF87C2: The snapshot info is null. Setting the last applied indexto:(t:0, i:~)
2022-03-03 02:39:58,298 [pool-151-thread-1] INFO  server.RaftServerConfigKeys (ConfUtils.java:logGet(44)) - raft.server.notification.no-leader.timeout = 300s (custom)
2022-03-03 02:39:58,298 [pool-151-thread-1] INFO  server.RaftServerConfigKeys (ConfUtils.java:logGet(44)) - raft.server.log.use.memory = false (default)
2022-03-03 02:39:58,298 [pool-151-thread-1] INFO  server.RaftServerConfigKeys (ConfUtils.java:logGet(44)) - raft.server.log.purge.gap = 1000000 (custom)
2022-03-03 02:39:58,298 [pool-151-thread-1] INFO  server.RaftServerConfigKeys (ConfUtils.java:logGet(44)) - raft.server.log.appender.buffer.byte-limit = 33554432 (custom)
2022-03-03 02:39:58,298 [pool-151-thread-1] INFO  server.RaftServerConfigKeys (ConfUtils.java:logGet(44)) - raft.server.log.segment.size.max = 1048576 (custom)
2022-03-03 02:39:58,299 [pool-151-thread-1] INFO  server.RaftServerConfigKeys (ConfUtils.java:logGet(44)) - raft.server.log.segment.cache.num.max = 2 (custom)
2022-03-03 02:39:58,299 [pool-151-thread-1] INFO  server.RaftServerConfigKeys (ConfUtils.java:logGet(44)) - raft.server.log.segment.cache.size.max = 200MB (=209715200) (default)
2022-03-03 02:39:58,299 [pool-151-thread-1] INFO  segmented.SegmentedRaftLogWorker (SegmentedRaftLogWorker.java:<init>(182)) - new 4b8390af-2520-419e-8318-f002d4bf1943@group-DCCBFCDF87C2-SegmentedRaftLogWorker for RaftStorageImpl:Storage Directory /home/runner/work/ozone/ozone/hadoop-ozone/integration-test/target/test-dir/MiniOzoneClusterImpl-ab5f91a4-db32-4111-a157-42cecbd844d3/datanode-0/data/ratis/799b51e7-86d6-4931-8166-dccbfcdf87c2
2022-03-03 02:39:58,299 [pool-151-thread-1] INFO  server.RaftServerConfigKeys (ConfUtils.java:logGet(44)) - raft.server.log.queue.byte-limit = 4294967296 (custom)
2022-03-03 02:39:58,299 [pool-151-thread-1] INFO  server.RaftServerConfigKeys (ConfUtils.java:logGet(44)) - raft.server.log.queue.element-limit = 1024 (custom)
2022-03-03 02:39:58,299 [pool-151-thread-1] INFO  server.RaftServerConfigKeys (ConfUtils.java:logGet(44)) - raft.server.log.segment.size.max = 1048576 (custom)
2022-03-03 02:39:58,299 [pool-151-thread-1] INFO  server.RaftServerConfigKeys (ConfUtils.java:logGet(44)) - raft.server.log.preallocated.size = 16384 (custom)
2022-03-03 02:39:58,299 [pool-151-thread-1] INFO  server.RaftServerConfigKeys (ConfUtils.java:logGet(44)) - raft.server.log.force.sync.num = 128 (default)
2022-03-03 02:39:58,299 [pool-151-thread-1] INFO  server.RaftServerConfigKeys (ConfUtils.java:logGet(44)) - raft.server.log.statemachine.data.sync = true (default)
2022-03-03 02:39:58,299 [pool-151-thread-1] INFO  server.RaftServerConfigKeys (ConfUtils.java:logGet(44)) - raft.server.log.statemachine.data.sync.timeout = 10s (default)
2022-03-03 02:39:58,299 [pool-151-thread-1] INFO  server.RaftServerConfigKeys (ConfUtils.java:logGet(44)) - raft.server.log.statemachine.data.sync.timeout.retry = -1 (default)
2022-03-03 02:39:58,300 [pool-151-thread-1] INFO  server.RaftServerConfigKeys (ConfUtils.java:logGet(44)) - raft.server.log.write.buffer.size = 1048576 (custom)
2022-03-03 02:39:58,309 [pool-151-thread-1] INFO  server.RaftServerConfigKeys (ConfUtils.java:logGet(44)) - raft.server.log.statemachine.data.caching.enabled = true (custom)
2022-03-03 02:39:58,309 [pool-151-thread-1] INFO  segmented.SegmentedRaftLogWorker (SegmentedRaftLogWorker.java:lambda$new$0(133)) - 4b8390af-2520-419e-8318-f002d4bf1943@group-DCCBFCDF87C2-SegmentedRaftLogWorker: flushIndex: setUnconditionally 0 -> -1
2022-03-03 02:39:58,309 [pool-151-thread-1] INFO  segmented.SegmentedRaftLogWorker (SegmentedRaftLogWorker.java:lambda$new$0(133)) - 4b8390af-2520-419e-8318-f002d4bf1943@group-DCCBFCDF87C2-SegmentedRaftLogWorker: safeCacheEvictIndex: setUnconditionally 0 -> -1
2022-03-03 02:39:58,309 [pool-151-thread-1] INFO  server.RaftServerConfigKeys (ConfUtils.java:logGet(44)) - raft.server.snapshot.auto.trigger.enabled = true (custom)
2022-03-03 02:39:58,309 [pool-151-thread-1] INFO  server.RaftServerConfigKeys (ConfUtils.java:logGet(44)) - raft.server.snapshot.auto.trigger.threshold = 10000 (custom)
2022-03-03 02:39:58,309 [pool-151-thread-1] INFO  server.RaftServerConfigKeys (ConfUtils.java:logGet(44)) - raft.server.snapshot.retention.file.num = 5 (custom)
2022-03-03 02:39:58,309 [pool-151-thread-1] INFO  server.RaftServerConfigKeys (ConfUtils.java:logGet(44)) - raft.server.log.purge.upto.snapshot.index = false (default)
2022-03-03 02:39:58,310 [pool-151-thread-1] INFO  server.RaftServerConfigKeys (ConfUtils.java:logGet(44)) - raft.server.retrycache.expirytime = 600000ms (custom)
2022-03-03 02:39:58,310 [pool-151-thread-1] INFO  server.RaftServerConfigKeys (ConfUtils.java:logGet(44)) - raft.server.retrycache.statistics.expirytime = 100μs (default)
2022-03-03 02:39:58,311 [pool-151-thread-1] INFO  server.RaftServer$Division (RaftServerImpl.java:start(301)) - 4b8390af-2520-419e-8318-f002d4bf1943@group-DCCBFCDF87C2: start as a follower, conf=-1: [4b8390af-2520-419e-8318-f002d4bf1943|rpc:10.1.0.45:38817|priority:1], old=null
2022-03-03 02:39:58,312 [pool-151-thread-1] INFO  server.RaftServer$Division (RaftServerImpl.java:setRole(290)) - 4b8390af-2520-419e-8318-f002d4bf1943@group-DCCBFCDF87C2: changes role from      null to FOLLOWER at term 0 for startAsFollower
2022-03-03 02:39:58,312 [pool-151-thread-1] INFO  impl.RoleInfo (RoleInfo.java:updateAndGet(130)) - 4b8390af-2520-419e-8318-f002d4bf1943: start 4b8390af-2520-419e-8318-f002d4bf1943@group-DCCBFCDF87C2-FollowerState
2022-03-03 02:39:58,317 [pool-151-thread-1] INFO  util.JmxRegister (JmxRegister.java:tryRegister(44)) - Successfully registered JMX Bean with object name Ratis:service=RaftServer,group=group-DCCBFCDF87C2,id=4b8390af-2520-419e-8318-f002d4bf1943
2022-03-03 02:39:58,321 [Command processor thread] INFO  ratis.XceiverServerRatis (XceiverServerRatis.java:addGroup(769)) - Created group PipelineID=799b51e7-86d6-4931-8166-dccbfcdf87c2
2022-03-03 02:39:58,322 [Command processor thread] INFO  commandhandler.CreatePipelineCommandHandler (CreatePipelineCommandHandler.java:handle(106)) - Created Pipeline RATIS ONE PipelineID=799b51e7-86d6-4931-8166-dccbfcdf87c2.
2022-03-03 02:39:58,322 [Command processor thread] INFO  server.RaftServer (RaftServerProxy.java:addNew(95)) - 4b8390af-2520-419e-8318-f002d4bf1943: addNew group-73809025A354:[4b8390af-2520-419e-8318-f002d4bf1943|rpc:10.1.0.45:38817|priority:0, e85a2726-2e5b-406c-85a0-fa43518636ec|rpc:10.1.0.45:44853|priority:1, 0f66cbef-d2c2-4da9-b5af-505c5e5b0cb0|rpc:10.1.0.45:44365|priority:0] returns group-73809025A354:java.util.concurrent.CompletableFuture@6c8dd22e[Not completed]
2022-03-03 02:39:58,324 [pool-151-thread-1] INFO  server.RaftServer$Division (RaftServerImpl.java:<init>(184)) - 4b8390af-2520-419e-8318-f002d4bf1943: new RaftServerImpl for group-73809025A354:[4b8390af-2520-419e-8318-f002d4bf1943|rpc:10.1.0.45:38817|priority:0, e85a2726-2e5b-406c-85a0-fa43518636ec|rpc:10.1.0.45:44853|priority:1, 0f66cbef-d2c2-4da9-b5af-505c5e5b0cb0|rpc:10.1.0.45:44365|priority:0] with ContainerStateMachine:uninitialized
2022-03-03 02:39:58,324 [pool-151-thread-1] INFO  server.RaftServerConfigKeys (ConfUtils.java:logGet(44)) - raft.server.rpc.timeout.min = 5s (custom)
2022-03-03 02:39:58,324 [pool-151-thread-1] INFO  server.RaftServerConfigKeys (ConfUtils.java:logGet(44)) - raft.server.rpc.timeout.max = 5200ms (custom)
2022-03-03 02:39:58,324 [pool-151-thread-1] INFO  server.RaftServerConfigKeys (ConfUtils.java:logGet(44)) - raft.server.rpc.sleep.time = 25ms (default)
2022-03-03 02:39:58,324 [pool-151-thread-1] INFO  server.RaftServerConfigKeys (ConfUtils.java:logGet(44)) - raft.server.rpc.slowness.timeout = 300s (custom)
2022-03-03 02:39:58,324 [pool-151-thread-1] INFO  server.RaftServerConfigKeys (ConfUtils.java:logGet(44)) - raft.server.leaderelection.leader.step-down.wait-time = 10s (default)
2022-03-03 02:39:58,324 [pool-151-thread-1] INFO  server.RaftServerConfigKeys (ConfUtils.java:logGet(44)) - raft.server.sleep.deviation.threshold = 300ms (default)
2022-03-03 02:39:58,324 [pool-151-thread-1] INFO  server.RaftServerConfigKeys (ConfUtils.java:logGet(44)) - raft.server.log.appender.install.snapshot.enabled = false (custom)
2022-03-03 02:39:58,324 [pool-151-thread-1] INFO  server.RaftServer$Division (ServerState.java:<init>(105)) - 4b8390af-2520-419e-8318-f002d4bf1943@group-73809025A354: ConfigurationManager, init=-1: [4b8390af-2520-419e-8318-f002d4bf1943|rpc:10.1.0.45:38817|priority:0, e85a2726-2e5b-406c-85a0-fa43518636ec|rpc:10.1.0.45:44853|priority:1, 0f66cbef-d2c2-4da9-b5af-505c5e5b0cb0|rpc:10.1.0.45:44365|priority:0], old=null, confs=<EMPTY_MAP>
2022-03-03 02:39:58,324 [pool-151-thread-1] INFO  server.RaftServerConfigKeys (ConfUtils.java:logGet(44)) - raft.server.storage.dir = [/home/runner/work/ozone/ozone/hadoop-ozone/integration-test/target/test-dir/MiniOzoneClusterImpl-ab5f91a4-db32-4111-a157-42cecbd844d3/datanode-0/data/ratis] (custom)
2022-03-03 02:39:58,327 [pool-151-thread-1] INFO  server.RaftServerConfigKeys (ConfUtils.java:logGet(44)) - raft.server.log.corruption.policy = EXCEPTION (default)
2022-03-03 02:39:58,329 [pool-151-thread-1] INFO  server.RaftServerConfigKeys (ConfUtils.java:logGet(44)) - raft.server.storage.free-space.min = 0MB (=0) (default)
2022-03-03 02:39:58,329 [pool-151-thread-1] INFO  storage.RaftStorageDirectory (RaftStorageDirectoryImpl.java:analyzeStorage(135)) - The storage directory /home/runner/work/ozone/ozone/hadoop-ozone/integration-test/target/test-dir/MiniOzoneClusterImpl-ab5f91a4-db32-4111-a157-42cecbd844d3/datanode-0/data/ratis/0827d502-339f-4fa8-ba11-73809025a354 does not exist. Creating ...
2022-03-03 02:39:58,330 [pool-151-thread-1] INFO  storage.RaftStorageDirectory (RaftStorageDirectoryImpl.java:tryLock(230)) - Lock on /home/runner/work/ozone/ozone/hadoop-ozone/integration-test/target/test-dir/MiniOzoneClusterImpl-ab5f91a4-db32-4111-a157-42cecbd844d3/datanode-0/data/ratis/0827d502-339f-4fa8-ba11-73809025a354/in_use.lock acquired by nodename 19762@fv-az50-851
2022-03-03 02:39:58,331 [EventQueue-PipelineReportForPipelineReportHandler] INFO  pipeline.PipelineManagerImpl (PipelineManagerImpl.java:openPipeline(291)) - Pipeline Pipeline[ Id: 799b51e7-86d6-4931-8166-dccbfcdf87c2, Nodes: 4b8390af-2520-419e-8318-f002d4bf1943{ip: 10.1.0.45, host: fv-az50-851.grzltbmokehuzjyc5b133kdqgh.cx.internal.cloudapp.net, ports: [REPLICATION=36163, RATIS=38817, RATIS_ADMIN=38817, RATIS_SERVER=38817, STANDALONE=38907], networkLocation: /default-rack, certSerialId: null, persistedOpState: IN_SERVICE, persistedOpStateExpiryEpochSec: 0}, ReplicationConfig: RATIS/ONE, State:ALLOCATED, leaderId:4b8390af-2520-419e-8318-f002d4bf1943, CreationTimestamp2022-03-03T02:39:55.252Z[Etc/UTC]] moved to OPEN state
2022-03-03 02:39:58,332 [pool-151-thread-1] INFO  storage.RaftStorage (RaftStorageImpl.java:format(89)) - Storage directory /home/runner/work/ozone/ozone/hadoop-ozone/integration-test/target/test-dir/MiniOzoneClusterImpl-ab5f91a4-db32-4111-a157-42cecbd844d3/datanode-0/data/ratis/0827d502-339f-4fa8-ba11-73809025a354 has been successfully formatted.
2022-03-03 02:39:58,338 [pool-151-thread-1] INFO  ratis.ContainerStateMachine (ContainerStateMachine.java:loadSnapshot(236)) - group-73809025A354: The snapshot info is null. Setting the last applied indexto:(t:0, i:~)
2022-03-03 02:39:58,340 [4914ad2e-45be-4838-a730-ba0d1c104f60@group-42CECBD844D3-StateMachineUpdater] INFO  safemode.HealthyPipelineSafeModeRule (HealthyPipelineSafeModeRule.java:initializeRule(152)) - Refreshed total pipeline count is 0, healthy pipeline threshold count is 1
2022-03-03 02:39:58,340 [pool-151-thread-1] INFO  server.RaftServerConfigKeys (ConfUtils.java:logGet(44)) - raft.server.notification.no-leader.timeout = 300s (custom)
2022-03-03 02:39:58,342 [pool-151-thread-1] INFO  server.RaftServerConfigKeys (ConfUtils.java:logGet(44)) - raft.server.log.use.memory = false (default)
2022-03-03 02:39:58,342 [pool-151-thread-1] INFO  server.RaftServerConfigKeys (ConfUtils.java:logGet(44)) - raft.server.log.purge.gap = 1000000 (custom)
2022-03-03 02:39:58,342 [pool-151-thread-1] INFO  server.RaftServerConfigKeys (ConfUtils.java:logGet(44)) - raft.server.log.appender.buffer.byte-limit = 33554432 (custom)
2022-03-03 02:39:58,343 [pool-151-thread-1] INFO  server.RaftServerConfigKeys (ConfUtils.java:logGet(44)) - raft.server.log.segment.size.max = 1048576 (custom)
2022-03-03 02:39:58,343 [pool-151-thread-1] INFO  server.RaftServerConfigKeys (ConfUtils.java:logGet(44)) - raft.server.log.segment.cache.num.max = 2 (custom)
2022-03-03 02:39:58,343 [pool-151-thread-1] INFO  server.RaftServerConfigKeys (ConfUtils.java:logGet(44)) - raft.server.log.segment.cache.size.max = 200MB (=209715200) (default)
2022-03-03 02:39:58,343 [pool-151-thread-1] INFO  segmented.SegmentedRaftLogWorker (SegmentedRaftLogWorker.java:<init>(182)) - new 4b8390af-2520-419e-8318-f002d4bf1943@group-73809025A354-SegmentedRaftLogWorker for RaftStorageImpl:Storage Directory /home/runner/work/ozone/ozone/hadoop-ozone/integration-test/target/test-dir/MiniOzoneClusterImpl-ab5f91a4-db32-4111-a157-42cecbd844d3/datanode-0/data/ratis/0827d502-339f-4fa8-ba11-73809025a354
2022-03-03 02:39:58,343 [pool-151-thread-1] INFO  server.RaftServerConfigKeys (ConfUtils.java:logGet(44)) - raft.server.log.queue.byte-limit = 4294967296 (custom)
2022-03-03 02:39:58,343 [pool-151-thread-1] INFO  server.RaftServerConfigKeys (ConfUtils.java:logGet(44)) - raft.server.log.queue.element-limit = 1024 (custom)
2022-03-03 02:39:58,343 [pool-151-thread-1] INFO  server.RaftServerConfigKeys (ConfUtils.java:logGet(44)) - raft.server.log.segment.size.max = 1048576 (custom)
2022-03-03 02:39:58,343 [pool-151-thread-1] INFO  server.RaftServerConfigKeys (ConfUtils.java:logGet(44)) - raft.server.log.preallocated.size = 16384 (custom)
2022-03-03 02:39:58,343 [pool-151-thread-1] INFO  server.RaftServerConfigKeys (ConfUtils.java:logGet(44)) - raft.server.log.force.sync.num = 128 (default)
2022-03-03 02:39:58,343 [pool-151-thread-1] INFO  server.RaftServerConfigKeys (ConfUtils.java:logGet(44)) - raft.server.log.statemachine.data.sync = true (default)
2022-03-03 02:39:58,343 [pool-151-thread-1] INFO  server.RaftServerConfigKeys (ConfUtils.java:logGet(44)) - raft.server.log.statemachine.data.sync.timeout = 10s (default)
2022-03-03 02:39:58,344 [pool-151-thread-1] INFO  server.RaftServerConfigKeys (ConfUtils.java:logGet(44)) - raft.server.log.statemachine.data.sync.timeout.retry = -1 (default)
2022-03-03 02:39:58,346 [pool-151-thread-1] INFO  server.RaftServerConfigKeys (ConfUtils.java:logGet(44)) - raft.server.log.write.buffer.size = 1048576 (custom)
2022-03-03 02:39:58,346 [pool-151-thread-1] INFO  server.RaftServerConfigKeys (ConfUtils.java:logGet(44)) - raft.server.log.statemachine.data.caching.enabled = true (custom)
2022-03-03 02:39:58,346 [pool-151-thread-1] INFO  segmented.SegmentedRaftLogWorker (SegmentedRaftLogWorker.java:lambda$new$0(133)) - 4b8390af-2520-419e-8318-f002d4bf1943@group-73809025A354-SegmentedRaftLogWorker: flushIndex: setUnconditionally 0 -> -1
2022-03-03 02:39:58,346 [pool-151-thread-1] INFO  segmented.SegmentedRaftLogWorker (SegmentedRaftLogWorker.java:lambda$new$0(133)) - 4b8390af-2520-419e-8318-f002d4bf1943@group-73809025A354-SegmentedRaftLogWorker: safeCacheEvictIndex: setUnconditionally 0 -> -1
2022-03-03 02:39:58,346 [EventQueue-OpenPipelineForHealthyPipelineSafeModeRule] INFO  safemode.SCMSafeModeManager (HealthyPipelineSafeModeRule.java:process(124)) - SCM in safe mode. Healthy pipelines reported count is 0, required healthy pipeline reported count is 1
2022-03-03 02:39:58,346 [EventQueue-OpenPipelineForHealthyPipelineSafeModeRule] INFO  safemode.SCMSafeModeManager (HealthyPipelineSafeModeRule.java:process(124)) - SCM in safe mode. Healthy pipelines reported count is 0, required healthy pipeline reported count is 1
2022-03-03 02:39:58,348 [pool-151-thread-1] INFO  server.RaftServerConfigKeys (ConfUtils.java:logGet(44)) - raft.server.snapshot.auto.trigger.enabled = true (custom)
2022-03-03 02:39:58,349 [pool-151-thread-1] INFO  server.RaftServerConfigKeys (ConfUtils.java:logGet(44)) - raft.server.snapshot.auto.trigger.threshold = 10000 (custom)
2022-03-03 02:39:58,349 [pool-151-thread-1] INFO  server.RaftServerConfigKeys (ConfUtils.java:logGet(44)) - raft.server.snapshot.retention.file.num = 5 (custom)
2022-03-03 02:39:58,349 [pool-151-thread-1] INFO  server.RaftServerConfigKeys (ConfUtils.java:logGet(44)) - raft.server.log.purge.upto.snapshot.index = false (default)
2022-03-03 02:39:58,349 [pool-151-thread-1] INFO  server.RaftServerConfigKeys (ConfUtils.java:logGet(44)) - raft.server.retrycache.expirytime = 600000ms (custom)
2022-03-03 02:39:58,349 [pool-151-thread-1] INFO  server.RaftServerConfigKeys (ConfUtils.java:logGet(44)) - raft.server.retrycache.statistics.expirytime = 100μs (default)
2022-03-03 02:39:58,350 [pool-151-thread-1] INFO  server.RaftServer$Division (RaftServerImpl.java:start(301)) - 4b8390af-2520-419e-8318-f002d4bf1943@group-73809025A354: start as a follower, conf=-1: [4b8390af-2520-419e-8318-f002d4bf1943|rpc:10.1.0.45:38817|priority:0, e85a2726-2e5b-406c-85a0-fa43518636ec|rpc:10.1.0.45:44853|priority:1, 0f66cbef-d2c2-4da9-b5af-505c5e5b0cb0|rpc:10.1.0.45:44365|priority:0], old=null
2022-03-03 02:39:58,350 [pool-151-thread-1] INFO  server.RaftServer$Division (RaftServerImpl.java:setRole(290)) - 4b8390af-2520-419e-8318-f002d4bf1943@group-73809025A354: changes role from      null to FOLLOWER at term 0 for startAsFollower
2022-03-03 02:39:58,350 [pool-151-thread-1] INFO  impl.RoleInfo (RoleInfo.java:updateAndGet(130)) - 4b8390af-2520-419e-8318-f002d4bf1943: start 4b8390af-2520-419e-8318-f002d4bf1943@group-73809025A354-FollowerState
2022-03-03 02:39:58,350 [pool-151-thread-1] INFO  util.JmxRegister (JmxRegister.java:tryRegister(44)) - Successfully registered JMX Bean with object name Ratis:service=RaftServer,group=group-73809025A354,id=4b8390af-2520-419e-8318-f002d4bf1943
2022-03-03 02:39:58,351 [Command processor thread] INFO  ratis.XceiverServerRatis (XceiverServerRatis.java:addGroup(769)) - Created group PipelineID=0827d502-339f-4fa8-ba11-73809025a354
2022-03-03 02:39:58,499 [Command processor thread] INFO  server.RaftServer (RaftServerProxy.java:addNew(95)) - e85a2726-2e5b-406c-85a0-fa43518636ec: addNew group-5D0963015C7F:[e85a2726-2e5b-406c-85a0-fa43518636ec|rpc:10.1.0.45:44853|priority:1] returns group-5D0963015C7F:java.util.concurrent.CompletableFuture@4b1da03c[Not completed]
2022-03-03 02:39:58,501 [pool-172-thread-1] INFO  server.RaftServer$Division (RaftServerImpl.java:<init>(184)) - e85a2726-2e5b-406c-85a0-fa43518636ec: new RaftServerImpl for group-5D0963015C7F:[e85a2726-2e5b-406c-85a0-fa43518636ec|rpc:10.1.0.45:44853|priority:1] with ContainerStateMachine:uninitialized
2022-03-03 02:39:58,501 [pool-172-thread-1] INFO  server.RaftServerConfigKeys (ConfUtils.java:logGet(44)) - raft.server.rpc.timeout.min = 5s (custom)
2022-03-03 02:39:58,501 [pool-172-thread-1] INFO  server.RaftServerConfigKeys (ConfUtils.java:logGet(44)) - raft.server.rpc.timeout.max = 5200ms (custom)
2022-03-03 02:39:58,501 [pool-172-thread-1] INFO  server.RaftServerConfigKeys (ConfUtils.java:logGet(44)) - raft.server.rpc.sleep.time = 25ms (default)
2022-03-03 02:39:58,502 [pool-172-thread-1] INFO  server.RaftServerConfigKeys (ConfUtils.java:logGet(44)) - raft.server.rpc.slowness.timeout = 300s (custom)
2022-03-03 02:39:58,502 [pool-172-thread-1] INFO  server.RaftServerConfigKeys (ConfUtils.java:logGet(44)) - raft.server.leaderelection.leader.step-down.wait-time = 10s (default)
2022-03-03 02:39:58,502 [pool-172-thread-1] INFO  server.RaftServerConfigKeys (ConfUtils.java:logGet(44)) - raft.server.sleep.deviation.threshold = 300ms (default)
2022-03-03 02:39:58,502 [pool-172-thread-1] INFO  server.RaftServerConfigKeys (ConfUtils.java:logGet(44)) - raft.server.log.appender.install.snapshot.enabled = false (custom)
2022-03-03 02:39:58,503 [pool-172-thread-1] INFO  server.RaftServer$Division (ServerState.java:<init>(105)) - e85a2726-2e5b-406c-85a0-fa43518636ec@group-5D0963015C7F: ConfigurationManager, init=-1: [e85a2726-2e5b-406c-85a0-fa43518636ec|rpc:10.1.0.45:44853|priority:1], old=null, confs=<EMPTY_MAP>
2022-03-03 02:39:58,503 [pool-172-thread-1] INFO  server.RaftServerConfigKeys (ConfUtils.java:logGet(44)) - raft.server.storage.dir = [/home/runner/work/ozone/ozone/hadoop-ozone/integration-test/target/test-dir/MiniOzoneClusterImpl-ab5f91a4-db32-4111-a157-42cecbd844d3/datanode-1/data/ratis] (custom)
2022-03-03 02:39:58,503 [pool-172-thread-1] INFO  server.RaftServerConfigKeys (ConfUtils.java:logGet(44)) - raft.server.log.corruption.policy = EXCEPTION (default)
2022-03-03 02:39:58,503 [pool-172-thread-1] INFO  server.RaftServerConfigKeys (ConfUtils.java:logGet(44)) - raft.server.storage.free-space.min = 0MB (=0) (default)
2022-03-03 02:39:58,503 [pool-172-thread-1] INFO  storage.RaftStorageDirectory (RaftStorageDirectoryImpl.java:analyzeStorage(135)) - The storage directory /home/runner/work/ozone/ozone/hadoop-ozone/integration-test/target/test-dir/MiniOzoneClusterImpl-ab5f91a4-db32-4111-a157-42cecbd844d3/datanode-1/data/ratis/b582ccb9-7d71-43d4-8c21-5d0963015c7f does not exist. Creating ...
2022-03-03 02:39:58,509 [pool-172-thread-1] INFO  storage.RaftStorageDirectory (RaftStorageDirectoryImpl.java:tryLock(230)) - Lock on /home/runner/work/ozone/ozone/hadoop-ozone/integration-test/target/test-dir/MiniOzoneClusterImpl-ab5f91a4-db32-4111-a157-42cecbd844d3/datanode-1/data/ratis/b582ccb9-7d71-43d4-8c21-5d0963015c7f/in_use.lock acquired by nodename 19762@fv-az50-851
2022-03-03 02:39:58,512 [pool-172-thread-1] INFO  storage.RaftStorage (RaftStorageImpl.java:format(89)) - Storage directory /home/runner/work/ozone/ozone/hadoop-ozone/integration-test/target/test-dir/MiniOzoneClusterImpl-ab5f91a4-db32-4111-a157-42cecbd844d3/datanode-1/data/ratis/b582ccb9-7d71-43d4-8c21-5d0963015c7f has been successfully formatted.
2022-03-03 02:39:58,513 [pool-172-thread-1] INFO  ratis.ContainerStateMachine (ContainerStateMachine.java:loadSnapshot(236)) - group-5D0963015C7F: The snapshot info is null. Setting the last applied indexto:(t:0, i:~)
2022-03-03 02:39:58,515 [pool-172-thread-1] INFO  server.RaftServerConfigKeys (ConfUtils.java:logGet(44)) - raft.server.notification.no-leader.timeout = 300s (custom)
2022-03-03 02:39:58,516 [EventQueue-PipelineReportForPipelineReportHandler] INFO  pipeline.PipelineManagerImpl (PipelineManagerImpl.java:openPipeline(291)) - Pipeline Pipeline[ Id: b582ccb9-7d71-43d4-8c21-5d0963015c7f, Nodes: e85a2726-2e5b-406c-85a0-fa43518636ec{ip: 10.1.0.45, host: fv-az50-851.grzltbmokehuzjyc5b133kdqgh.cx.internal.cloudapp.net, ports: [REPLICATION=38035, RATIS=44853, RATIS_ADMIN=44853, RATIS_SERVER=44853, STANDALONE=37157], networkLocation: /default-rack, certSerialId: null, persistedOpState: IN_SERVICE, persistedOpStateExpiryEpochSec: 0}, ReplicationConfig: RATIS/ONE, State:ALLOCATED, leaderId:e85a2726-2e5b-406c-85a0-fa43518636ec, CreationTimestamp2022-03-03T02:39:55.502Z[Etc/UTC]] moved to OPEN state
2022-03-03 02:39:58,517 [pool-172-thread-1] INFO  server.RaftServerConfigKeys (ConfUtils.java:logGet(44)) - raft.server.log.use.memory = false (default)
2022-03-03 02:39:58,518 [pool-172-thread-1] INFO  server.RaftServerConfigKeys (ConfUtils.java:logGet(44)) - raft.server.log.purge.gap = 1000000 (custom)
2022-03-03 02:39:58,518 [pool-172-thread-1] INFO  server.RaftServerConfigKeys (ConfUtils.java:logGet(44)) - raft.server.log.appender.buffer.byte-limit = 33554432 (custom)
2022-03-03 02:39:58,518 [pool-172-thread-1] INFO  server.RaftServerConfigKeys (ConfUtils.java:logGet(44)) - raft.server.log.segment.size.max = 1048576 (custom)
2022-03-03 02:39:58,518 [4914ad2e-45be-4838-a730-ba0d1c104f60@group-42CECBD844D3-StateMachineUpdater] INFO  safemode.HealthyPipelineSafeModeRule (HealthyPipelineSafeModeRule.java:initializeRule(152)) - Refreshed total pipeline count is 0, healthy pipeline threshold count is 1
2022-03-03 02:39:58,527 [EventQueue-OpenPipelineForHealthyPipelineSafeModeRule] INFO  safemode.SCMSafeModeManager (HealthyPipelineSafeModeRule.java:process(124)) - SCM in safe mode. Healthy pipelines reported count is 0, required healthy pipeline reported count is 1
2022-03-03 02:39:58,518 [pool-172-thread-1] INFO  server.RaftServerConfigKeys (ConfUtils.java:logGet(44)) - raft.server.log.segment.cache.num.max = 2 (custom)
2022-03-03 02:39:58,527 [pool-172-thread-1] INFO  server.RaftServerConfigKeys (ConfUtils.java:logGet(44)) - raft.server.log.segment.cache.size.max = 200MB (=209715200) (default)
2022-03-03 02:39:58,527 [pool-172-thread-1] INFO  segmented.SegmentedRaftLogWorker (SegmentedRaftLogWorker.java:<init>(182)) - new e85a2726-2e5b-406c-85a0-fa43518636ec@group-5D0963015C7F-SegmentedRaftLogWorker for RaftStorageImpl:Storage Directory /home/runner/work/ozone/ozone/hadoop-ozone/integration-test/target/test-dir/MiniOzoneClusterImpl-ab5f91a4-db32-4111-a157-42cecbd844d3/datanode-1/data/ratis/b582ccb9-7d71-43d4-8c21-5d0963015c7f
2022-03-03 02:39:58,527 [pool-172-thread-1] INFO  server.RaftServerConfigKeys (ConfUtils.java:logGet(44)) - raft.server.log.queue.byte-limit = 4294967296 (custom)
2022-03-03 02:39:58,527 [pool-172-thread-1] INFO  server.RaftServerConfigKeys (ConfUtils.java:logGet(44)) - raft.server.log.queue.element-limit = 1024 (custom)
2022-03-03 02:39:58,527 [pool-172-thread-1] INFO  server.RaftServerConfigKeys (ConfUtils.java:logGet(44)) - raft.server.log.segment.size.max = 1048576 (custom)
2022-03-03 02:39:58,527 [pool-172-thread-1] INFO  server.RaftServerConfigKeys (ConfUtils.java:logGet(44)) - raft.server.log.preallocated.size = 16384 (custom)
2022-03-03 02:39:58,527 [pool-172-thread-1] INFO  server.RaftServerConfigKeys (ConfUtils.java:logGet(44)) - raft.server.log.force.sync.num = 128 (default)
2022-03-03 02:39:58,527 [pool-172-thread-1] INFO  server.RaftServerConfigKeys (ConfUtils.java:logGet(44)) - raft.server.log.statemachine.data.sync = true (default)
2022-03-03 02:39:58,527 [pool-172-thread-1] INFO  server.RaftServerConfigKeys (ConfUtils.java:logGet(44)) - raft.server.log.statemachine.data.sync.timeout = 10s (default)
2022-03-03 02:39:58,527 [pool-172-thread-1] INFO  server.RaftServerConfigKeys (ConfUtils.java:logGet(44)) - raft.server.log.statemachine.data.sync.timeout.retry = -1 (default)
2022-03-03 02:39:58,528 [pool-172-thread-1] INFO  server.RaftServerConfigKeys (ConfUtils.java:logGet(44)) - raft.server.log.write.buffer.size = 1048576 (custom)
2022-03-03 02:39:58,529 [pool-172-thread-1] INFO  server.RaftServerConfigKeys (ConfUtils.java:logGet(44)) - raft.server.log.statemachine.data.caching.enabled = true (custom)
2022-03-03 02:39:58,529 [pool-172-thread-1] INFO  segmented.SegmentedRaftLogWorker (SegmentedRaftLogWorker.java:lambda$new$0(133)) - e85a2726-2e5b-406c-85a0-fa43518636ec@group-5D0963015C7F-SegmentedRaftLogWorker: flushIndex: setUnconditionally 0 -> -1
2022-03-03 02:39:58,529 [pool-172-thread-1] INFO  segmented.SegmentedRaftLogWorker (SegmentedRaftLogWorker.java:lambda$new$0(133)) - e85a2726-2e5b-406c-85a0-fa43518636ec@group-5D0963015C7F-SegmentedRaftLogWorker: safeCacheEvictIndex: setUnconditionally 0 -> -1
2022-03-03 02:39:58,529 [pool-172-thread-1] INFO  server.RaftServerConfigKeys (ConfUtils.java:logGet(44)) - raft.server.snapshot.auto.trigger.enabled = true (custom)
2022-03-03 02:39:58,530 [pool-172-thread-1] INFO  server.RaftServerConfigKeys (ConfUtils.java:logGet(44)) - raft.server.snapshot.auto.trigger.threshold = 10000 (custom)
2022-03-03 02:39:58,530 [pool-172-thread-1] INFO  server.RaftServerConfigKeys (ConfUtils.java:logGet(44)) - raft.server.snapshot.retention.file.num = 5 (custom)
2022-03-03 02:39:58,530 [pool-172-thread-1] INFO  server.RaftServerConfigKeys (ConfUtils.java:logGet(44)) - raft.server.log.purge.upto.snapshot.index = false (default)
2022-03-03 02:39:58,530 [pool-172-thread-1] INFO  server.RaftServerConfigKeys (ConfUtils.java:logGet(44)) - raft.server.retrycache.expirytime = 600000ms (custom)
2022-03-03 02:39:58,530 [pool-172-thread-1] INFO  server.RaftServerConfigKeys (ConfUtils.java:logGet(44)) - raft.server.retrycache.statistics.expirytime = 100μs (default)
2022-03-03 02:39:58,531 [pool-172-thread-1] INFO  server.RaftServer$Division (RaftServerImpl.java:start(301)) - e85a2726-2e5b-406c-85a0-fa43518636ec@group-5D0963015C7F: start as a follower, conf=-1: [e85a2726-2e5b-406c-85a0-fa43518636ec|rpc:10.1.0.45:44853|priority:1], old=null
2022-03-03 02:39:58,531 [pool-172-thread-1] INFO  server.RaftServer$Division (RaftServerImpl.java:setRole(290)) - e85a2726-2e5b-406c-85a0-fa43518636ec@group-5D0963015C7F: changes role from      null to FOLLOWER at term 0 for startAsFollower
2022-03-03 02:39:58,531 [pool-172-thread-1] INFO  impl.RoleInfo (RoleInfo.java:updateAndGet(130)) - e85a2726-2e5b-406c-85a0-fa43518636ec: start e85a2726-2e5b-406c-85a0-fa43518636ec@group-5D0963015C7F-FollowerState
2022-03-03 02:39:58,537 [pool-172-thread-1] INFO  util.JmxRegister (JmxRegister.java:tryRegister(44)) - Successfully registered JMX Bean with object name Ratis:service=RaftServer,group=group-5D0963015C7F,id=e85a2726-2e5b-406c-85a0-fa43518636ec
2022-03-03 02:39:58,539 [Command processor thread] INFO  ratis.XceiverServerRatis (XceiverServerRatis.java:addGroup(769)) - Created group PipelineID=b582ccb9-7d71-43d4-8c21-5d0963015c7f
2022-03-03 02:39:58,539 [Command processor thread] INFO  commandhandler.CreatePipelineCommandHandler (CreatePipelineCommandHandler.java:handle(106)) - Created Pipeline RATIS ONE PipelineID=b582ccb9-7d71-43d4-8c21-5d0963015c7f.
2022-03-03 02:39:58,543 [Command processor thread] INFO  server.RaftServer (RaftServerProxy.java:addNew(95)) - e85a2726-2e5b-406c-85a0-fa43518636ec: addNew group-73809025A354:[4b8390af-2520-419e-8318-f002d4bf1943|rpc:10.1.0.45:38817|priority:0, e85a2726-2e5b-406c-85a0-fa43518636ec|rpc:10.1.0.45:44853|priority:1, 0f66cbef-d2c2-4da9-b5af-505c5e5b0cb0|rpc:10.1.0.45:44365|priority:0] returns group-73809025A354:java.util.concurrent.CompletableFuture@4f223d87[Not completed]
2022-03-03 02:39:58,545 [pool-172-thread-1] INFO  server.RaftServer$Division (RaftServerImpl.java:<init>(184)) - e85a2726-2e5b-406c-85a0-fa43518636ec: new RaftServerImpl for group-73809025A354:[4b8390af-2520-419e-8318-f002d4bf1943|rpc:10.1.0.45:38817|priority:0, e85a2726-2e5b-406c-85a0-fa43518636ec|rpc:10.1.0.45:44853|priority:1, 0f66cbef-d2c2-4da9-b5af-505c5e5b0cb0|rpc:10.1.0.45:44365|priority:0] with ContainerStateMachine:uninitialized
2022-03-03 02:39:58,546 [pool-172-thread-1] INFO  server.RaftServerConfigKeys (ConfUtils.java:logGet(44)) - raft.server.rpc.timeout.min = 5s (custom)
2022-03-03 02:39:58,546 [pool-172-thread-1] INFO  server.RaftServerConfigKeys (ConfUtils.java:logGet(44)) - raft.server.rpc.timeout.max = 5200ms (custom)
2022-03-03 02:39:58,546 [pool-172-thread-1] INFO  server.RaftServerConfigKeys (ConfUtils.java:logGet(44)) - raft.server.rpc.sleep.time = 25ms (default)
2022-03-03 02:39:58,546 [pool-172-thread-1] INFO  server.RaftServerConfigKeys (ConfUtils.java:logGet(44)) - raft.server.rpc.slowness.timeout = 300s (custom)
2022-03-03 02:39:58,546 [pool-172-thread-1] INFO  server.RaftServerConfigKeys (ConfUtils.java:logGet(44)) - raft.server.leaderelection.leader.step-down.wait-time = 10s (default)
2022-03-03 02:39:58,546 [pool-172-thread-1] INFO  server.RaftServerConfigKeys (ConfUtils.java:logGet(44)) - raft.server.sleep.deviation.threshold = 300ms (default)
2022-03-03 02:39:58,546 [pool-172-thread-1] INFO  server.RaftServerConfigKeys (ConfUtils.java:logGet(44)) - raft.server.log.appender.install.snapshot.enabled = false (custom)
2022-03-03 02:39:58,546 [pool-172-thread-1] INFO  server.RaftServer$Division (ServerState.java:<init>(105)) - e85a2726-2e5b-406c-85a0-fa43518636ec@group-73809025A354: ConfigurationManager, init=-1: [4b8390af-2520-419e-8318-f002d4bf1943|rpc:10.1.0.45:38817|priority:0, e85a2726-2e5b-406c-85a0-fa43518636ec|rpc:10.1.0.45:44853|priority:1, 0f66cbef-d2c2-4da9-b5af-505c5e5b0cb0|rpc:10.1.0.45:44365|priority:0], old=null, confs=<EMPTY_MAP>
2022-03-03 02:39:58,546 [pool-172-thread-1] INFO  server.RaftServerConfigKeys (ConfUtils.java:logGet(44)) - raft.server.storage.dir = [/home/runner/work/ozone/ozone/hadoop-ozone/integration-test/target/test-dir/MiniOzoneClusterImpl-ab5f91a4-db32-4111-a157-42cecbd844d3/datanode-1/data/ratis] (custom)
2022-03-03 02:39:58,546 [pool-172-thread-1] INFO  server.RaftServerConfigKeys (ConfUtils.java:logGet(44)) - raft.server.log.corruption.policy = EXCEPTION (default)
2022-03-03 02:39:58,546 [pool-172-thread-1] INFO  server.RaftServerConfigKeys (ConfUtils.java:logGet(44)) - raft.server.storage.free-space.min = 0MB (=0) (default)
2022-03-03 02:39:58,546 [pool-172-thread-1] INFO  storage.RaftStorageDirectory (RaftStorageDirectoryImpl.java:analyzeStorage(135)) - The storage directory /home/runner/work/ozone/ozone/hadoop-ozone/integration-test/target/test-dir/MiniOzoneClusterImpl-ab5f91a4-db32-4111-a157-42cecbd844d3/datanode-1/data/ratis/0827d502-339f-4fa8-ba11-73809025a354 does not exist. Creating ...
2022-03-03 02:39:58,548 [pool-172-thread-1] INFO  storage.RaftStorageDirectory (RaftStorageDirectoryImpl.java:tryLock(230)) - Lock on /home/runner/work/ozone/ozone/hadoop-ozone/integration-test/target/test-dir/MiniOzoneClusterImpl-ab5f91a4-db32-4111-a157-42cecbd844d3/datanode-1/data/ratis/0827d502-339f-4fa8-ba11-73809025a354/in_use.lock acquired by nodename 19762@fv-az50-851
2022-03-03 02:39:58,549 [pool-172-thread-1] INFO  storage.RaftStorage (RaftStorageImpl.java:format(89)) - Storage directory /home/runner/work/ozone/ozone/hadoop-ozone/integration-test/target/test-dir/MiniOzoneClusterImpl-ab5f91a4-db32-4111-a157-42cecbd844d3/datanode-1/data/ratis/0827d502-339f-4fa8-ba11-73809025a354 has been successfully formatted.
2022-03-03 02:39:58,552 [EventQueue-OpenPipelineForHealthyPipelineSafeModeRule] INFO  safemode.SCMSafeModeManager (HealthyPipelineSafeModeRule.java:process(124)) - SCM in safe mode. Healthy pipelines reported count is 0, required healthy pipeline reported count is 1
2022-03-03 02:39:58,553 [pool-172-thread-1] INFO  ratis.ContainerStateMachine (ContainerStateMachine.java:loadSnapshot(236)) - group-73809025A354: The snapshot info is null. Setting the last applied indexto:(t:0, i:~)
2022-03-03 02:39:58,554 [pool-172-thread-1] INFO  server.RaftServerConfigKeys (ConfUtils.java:logGet(44)) - raft.server.notification.no-leader.timeout = 300s (custom)
2022-03-03 02:39:58,554 [pool-172-thread-1] INFO  server.RaftServerConfigKeys (ConfUtils.java:logGet(44)) - raft.server.log.use.memory = false (default)
2022-03-03 02:39:58,554 [pool-172-thread-1] INFO  server.RaftServerConfigKeys (ConfUtils.java:logGet(44)) - raft.server.log.purge.gap = 1000000 (custom)
2022-03-03 02:39:58,554 [pool-172-thread-1] INFO  server.RaftServerConfigKeys (ConfUtils.java:logGet(44)) - raft.server.log.appender.buffer.byte-limit = 33554432 (custom)
2022-03-03 02:39:58,554 [pool-172-thread-1] INFO  server.RaftServerConfigKeys (ConfUtils.java:logGet(44)) - raft.server.log.segment.size.max = 1048576 (custom)
2022-03-03 02:39:58,554 [pool-172-thread-1] INFO  server.RaftServerConfigKeys (ConfUtils.java:logGet(44)) - raft.server.log.segment.cache.num.max = 2 (custom)
2022-03-03 02:39:58,554 [pool-172-thread-1] INFO  server.RaftServerConfigKeys (ConfUtils.java:logGet(44)) - raft.server.log.segment.cache.size.max = 200MB (=209715200) (default)
2022-03-03 02:39:58,555 [pool-172-thread-1] INFO  segmented.SegmentedRaftLogWorker (SegmentedRaftLogWorker.java:<init>(182)) - new e85a2726-2e5b-406c-85a0-fa43518636ec@group-73809025A354-SegmentedRaftLogWorker for RaftStorageImpl:Storage Directory /home/runner/work/ozone/ozone/hadoop-ozone/integration-test/target/test-dir/MiniOzoneClusterImpl-ab5f91a4-db32-4111-a157-42cecbd844d3/datanode-1/data/ratis/0827d502-339f-4fa8-ba11-73809025a354
2022-03-03 02:39:58,555 [pool-172-thread-1] INFO  server.RaftServerConfigKeys (ConfUtils.java:logGet(44)) - raft.server.log.queue.byte-limit = 4294967296 (custom)
2022-03-03 02:39:58,555 [pool-172-thread-1] INFO  server.RaftServerConfigKeys (ConfUtils.java:logGet(44)) - raft.server.log.queue.element-limit = 1024 (custom)
2022-03-03 02:39:58,555 [pool-172-thread-1] INFO  server.RaftServerConfigKeys (ConfUtils.java:logGet(44)) - raft.server.log.segment.size.max = 1048576 (custom)
2022-03-03 02:39:58,555 [pool-172-thread-1] INFO  server.RaftServerConfigKeys (ConfUtils.java:logGet(44)) - raft.server.log.preallocated.size = 16384 (custom)
2022-03-03 02:39:58,555 [pool-172-thread-1] INFO  server.RaftServerConfigKeys (ConfUtils.java:logGet(44)) - raft.server.log.force.sync.num = 128 (default)
2022-03-03 02:39:58,555 [pool-172-thread-1] INFO  server.RaftServerConfigKeys (ConfUtils.java:logGet(44)) - raft.server.log.statemachine.data.sync = true (default)
2022-03-03 02:39:58,555 [pool-172-thread-1] INFO  server.RaftServerConfigKeys (ConfUtils.java:logGet(44)) - raft.server.log.statemachine.data.sync.timeout = 10s (default)
2022-03-03 02:39:58,555 [pool-172-thread-1] INFO  server.RaftServerConfigKeys (ConfUtils.java:logGet(44)) - raft.server.log.statemachine.data.sync.timeout.retry = -1 (default)
2022-03-03 02:39:58,557 [pool-172-thread-1] INFO  server.RaftServerConfigKeys (ConfUtils.java:logGet(44)) - raft.server.log.write.buffer.size = 1048576 (custom)
2022-03-03 02:39:58,558 [pool-172-thread-1] INFO  server.RaftServerConfigKeys (ConfUtils.java:logGet(44)) - raft.server.log.statemachine.data.caching.enabled = true (custom)
2022-03-03 02:39:58,558 [pool-172-thread-1] INFO  segmented.SegmentedRaftLogWorker (SegmentedRaftLogWorker.java:lambda$new$0(133)) - e85a2726-2e5b-406c-85a0-fa43518636ec@group-73809025A354-SegmentedRaftLogWorker: flushIndex: setUnconditionally 0 -> -1
2022-03-03 02:39:58,558 [pool-172-thread-1] INFO  segmented.SegmentedRaftLogWorker (SegmentedRaftLogWorker.java:lambda$new$0(133)) - e85a2726-2e5b-406c-85a0-fa43518636ec@group-73809025A354-SegmentedRaftLogWorker: safeCacheEvictIndex: setUnconditionally 0 -> -1
2022-03-03 02:39:58,569 [pool-172-thread-1] INFO  server.RaftServerConfigKeys (ConfUtils.java:logGet(44)) - raft.server.snapshot.auto.trigger.enabled = true (custom)
2022-03-03 02:39:58,569 [pool-172-thread-1] INFO  server.RaftServerConfigKeys (ConfUtils.java:logGet(44)) - raft.server.snapshot.auto.trigger.threshold = 10000 (custom)
2022-03-03 02:39:58,569 [pool-172-thread-1] INFO  server.RaftServerConfigKeys (ConfUtils.java:logGet(44)) - raft.server.snapshot.retention.file.num = 5 (custom)
2022-03-03 02:39:58,569 [pool-172-thread-1] INFO  server.RaftServerConfigKeys (ConfUtils.java:logGet(44)) - raft.server.log.purge.upto.snapshot.index = false (default)
2022-03-03 02:39:58,569 [pool-172-thread-1] INFO  server.RaftServerConfigKeys (ConfUtils.java:logGet(44)) - raft.server.retrycache.expirytime = 600000ms (custom)
2022-03-03 02:39:58,569 [pool-172-thread-1] INFO  server.RaftServerConfigKeys (ConfUtils.java:logGet(44)) - raft.server.retrycache.statistics.expirytime = 100μs (default)
2022-03-03 02:39:58,581 [pool-172-thread-1] INFO  server.RaftServer$Division (RaftServerImpl.java:start(301)) - e85a2726-2e5b-406c-85a0-fa43518636ec@group-73809025A354: start as a follower, conf=-1: [4b8390af-2520-419e-8318-f002d4bf1943|rpc:10.1.0.45:38817|priority:0, e85a2726-2e5b-406c-85a0-fa43518636ec|rpc:10.1.0.45:44853|priority:1, 0f66cbef-d2c2-4da9-b5af-505c5e5b0cb0|rpc:10.1.0.45:44365|priority:0], old=null
2022-03-03 02:39:58,581 [pool-172-thread-1] INFO  server.RaftServer$Division (RaftServerImpl.java:setRole(290)) - e85a2726-2e5b-406c-85a0-fa43518636ec@group-73809025A354: changes role from      null to FOLLOWER at term 0 for startAsFollower
2022-03-03 02:39:58,581 [pool-172-thread-1] INFO  impl.RoleInfo (RoleInfo.java:updateAndGet(130)) - e85a2726-2e5b-406c-85a0-fa43518636ec: start e85a2726-2e5b-406c-85a0-fa43518636ec@group-73809025A354-FollowerState
2022-03-03 02:39:58,589 [pool-172-thread-1] INFO  util.JmxRegister (JmxRegister.java:tryRegister(44)) - Successfully registered JMX Bean with object name Ratis:service=RaftServer,group=group-73809025A354,id=e85a2726-2e5b-406c-85a0-fa43518636ec
2022-03-03 02:39:58,589 [Command processor thread] INFO  ratis.XceiverServerRatis (XceiverServerRatis.java:addGroup(769)) - Created group PipelineID=0827d502-339f-4fa8-ba11-73809025a354
2022-03-03 02:39:58,688 [Listener at 127.0.0.1/41665] INFO  ozone.MiniOzoneClusterImpl (MiniOzoneClusterImpl.java:lambda$waitForClusterToBeReady$0(219)) - Nodes are ready. Got 3 of 3 DN Heartbeats.
2022-03-03 02:39:58,689 [Listener at 127.0.0.1/41665] INFO  ozone.MiniOzoneClusterImpl (MiniOzoneClusterImpl.java:lambda$waitForClusterToBeReady$0(222)) - Waiting for cluster to exit safe mode
2022-03-03 02:39:58,689 [Listener at 127.0.0.1/41665] INFO  ozone.MiniOzoneClusterImpl (MiniOzoneClusterImpl.java:lambda$waitForClusterToBeReady$0(224)) - SCM became leader
2022-03-03 02:39:58,697 [Command processor thread] INFO  server.RaftServer (RaftServerProxy.java:addNew(95)) - 0f66cbef-d2c2-4da9-b5af-505c5e5b0cb0: addNew group-674C060E4486:[0f66cbef-d2c2-4da9-b5af-505c5e5b0cb0|rpc:10.1.0.45:44365|priority:1] returns group-674C060E4486:java.util.concurrent.CompletableFuture@5aff04c1[Not completed]
2022-03-03 02:39:58,699 [pool-193-thread-1] INFO  server.RaftServer$Division (RaftServerImpl.java:<init>(184)) - 0f66cbef-d2c2-4da9-b5af-505c5e5b0cb0: new RaftServerImpl for group-674C060E4486:[0f66cbef-d2c2-4da9-b5af-505c5e5b0cb0|rpc:10.1.0.45:44365|priority:1] with ContainerStateMachine:uninitialized
2022-03-03 02:39:58,699 [pool-193-thread-1] INFO  server.RaftServerConfigKeys (ConfUtils.java:logGet(44)) - raft.server.rpc.timeout.min = 5s (custom)
2022-03-03 02:39:58,699 [pool-193-thread-1] INFO  server.RaftServerConfigKeys (ConfUtils.java:logGet(44)) - raft.server.rpc.timeout.max = 5200ms (custom)
2022-03-03 02:39:58,699 [pool-193-thread-1] INFO  server.RaftServerConfigKeys (ConfUtils.java:logGet(44)) - raft.server.rpc.sleep.time = 25ms (default)
2022-03-03 02:39:58,699 [pool-193-thread-1] INFO  server.RaftServerConfigKeys (ConfUtils.java:logGet(44)) - raft.server.rpc.slowness.timeout = 300s (custom)
2022-03-03 02:39:58,699 [pool-193-thread-1] INFO  server.RaftServerConfigKeys (ConfUtils.java:logGet(44)) - raft.server.leaderelection.leader.step-down.wait-time = 10s (default)
2022-03-03 02:39:58,699 [pool-193-thread-1] INFO  server.RaftServerConfigKeys (ConfUtils.java:logGet(44)) - raft.server.sleep.deviation.threshold = 300ms (default)
2022-03-03 02:39:58,699 [pool-193-thread-1] INFO  server.RaftServerConfigKeys (ConfUtils.java:logGet(44)) - raft.server.log.appender.install.snapshot.enabled = false (custom)
2022-03-03 02:39:58,699 [pool-193-thread-1] INFO  server.RaftServer$Division (ServerState.java:<init>(105)) - 0f66cbef-d2c2-4da9-b5af-505c5e5b0cb0@group-674C060E4486: ConfigurationManager, init=-1: [0f66cbef-d2c2-4da9-b5af-505c5e5b0cb0|rpc:10.1.0.45:44365|priority:1], old=null, confs=<EMPTY_MAP>
2022-03-03 02:39:58,699 [pool-193-thread-1] INFO  server.RaftServerConfigKeys (ConfUtils.java:logGet(44)) - raft.server.storage.dir = [/home/runner/work/ozone/ozone/hadoop-ozone/integration-test/target/test-dir/MiniOzoneClusterImpl-ab5f91a4-db32-4111-a157-42cecbd844d3/datanode-2/data/ratis] (custom)
2022-03-03 02:39:58,700 [pool-193-thread-1] INFO  server.RaftServerConfigKeys (ConfUtils.java:logGet(44)) - raft.server.log.corruption.policy = EXCEPTION (default)
2022-03-03 02:39:58,700 [pool-193-thread-1] INFO  server.RaftServerConfigKeys (ConfUtils.java:logGet(44)) - raft.server.storage.free-space.min = 0MB (=0) (default)
2022-03-03 02:39:58,700 [pool-193-thread-1] INFO  storage.RaftStorageDirectory (RaftStorageDirectoryImpl.java:analyzeStorage(135)) - The storage directory /home/runner/work/ozone/ozone/hadoop-ozone/integration-test/target/test-dir/MiniOzoneClusterImpl-ab5f91a4-db32-4111-a157-42cecbd844d3/datanode-2/data/ratis/a3df3954-883a-4061-8d60-674c060e4486 does not exist. Creating ...
2022-03-03 02:39:58,702 [pool-193-thread-1] INFO  storage.RaftStorageDirectory (RaftStorageDirectoryImpl.java:tryLock(230)) - Lock on /home/runner/work/ozone/ozone/hadoop-ozone/integration-test/target/test-dir/MiniOzoneClusterImpl-ab5f91a4-db32-4111-a157-42cecbd844d3/datanode-2/data/ratis/a3df3954-883a-4061-8d60-674c060e4486/in_use.lock acquired by nodename 19762@fv-az50-851
2022-03-03 02:39:58,712 [pool-193-thread-1] INFO  storage.RaftStorage (RaftStorageImpl.java:format(89)) - Storage directory /home/runner/work/ozone/ozone/hadoop-ozone/integration-test/target/test-dir/MiniOzoneClusterImpl-ab5f91a4-db32-4111-a157-42cecbd844d3/datanode-2/data/ratis/a3df3954-883a-4061-8d60-674c060e4486 has been successfully formatted.
2022-03-03 02:39:58,742 [pool-193-thread-1] INFO  ratis.ContainerStateMachine (ContainerStateMachine.java:loadSnapshot(236)) - group-674C060E4486: The snapshot info is null. Setting the last applied indexto:(t:0, i:~)
2022-03-03 02:39:58,742 [pool-193-thread-1] INFO  server.RaftServerConfigKeys (ConfUtils.java:logGet(44)) - raft.server.notification.no-leader.timeout = 300s (custom)
2022-03-03 02:39:58,743 [pool-193-thread-1] INFO  server.RaftServerConfigKeys (ConfUtils.java:logGet(44)) - raft.server.log.use.memory = false (default)
2022-03-03 02:39:58,743 [pool-193-thread-1] INFO  server.RaftServerConfigKeys (ConfUtils.java:logGet(44)) - raft.server.log.purge.gap = 1000000 (custom)
2022-03-03 02:39:58,743 [pool-193-thread-1] INFO  server.RaftServerConfigKeys (ConfUtils.java:logGet(44)) - raft.server.log.appender.buffer.byte-limit = 33554432 (custom)
2022-03-03 02:39:58,743 [pool-193-thread-1] INFO  server.RaftServerConfigKeys (ConfUtils.java:logGet(44)) - raft.server.log.segment.size.max = 1048576 (custom)
2022-03-03 02:39:58,743 [pool-193-thread-1] INFO  server.RaftServerConfigKeys (ConfUtils.java:logGet(44)) - raft.server.log.segment.cache.num.max = 2 (custom)
2022-03-03 02:39:58,743 [pool-193-thread-1] INFO  server.RaftServerConfigKeys (ConfUtils.java:logGet(44)) - raft.server.log.segment.cache.size.max = 200MB (=209715200) (default)
2022-03-03 02:39:58,743 [pool-193-thread-1] INFO  segmented.SegmentedRaftLogWorker (SegmentedRaftLogWorker.java:<init>(182)) - new 0f66cbef-d2c2-4da9-b5af-505c5e5b0cb0@group-674C060E4486-SegmentedRaftLogWorker for RaftStorageImpl:Storage Directory /home/runner/work/ozone/ozone/hadoop-ozone/integration-test/target/test-dir/MiniOzoneClusterImpl-ab5f91a4-db32-4111-a157-42cecbd844d3/datanode-2/data/ratis/a3df3954-883a-4061-8d60-674c060e4486
2022-03-03 02:39:58,743 [pool-193-thread-1] INFO  server.RaftServerConfigKeys (ConfUtils.java:logGet(44)) - raft.server.log.queue.byte-limit = 4294967296 (custom)
2022-03-03 02:39:58,743 [pool-193-thread-1] INFO  server.RaftServerConfigKeys (ConfUtils.java:logGet(44)) - raft.server.log.queue.element-limit = 1024 (custom)
2022-03-03 02:39:58,744 [pool-193-thread-1] INFO  server.RaftServerConfigKeys (ConfUtils.java:logGet(44)) - raft.server.log.segment.size.max = 1048576 (custom)
2022-03-03 02:39:58,744 [pool-193-thread-1] INFO  server.RaftServerConfigKeys (ConfUtils.java:logGet(44)) - raft.server.log.preallocated.size = 16384 (custom)
2022-03-03 02:39:58,744 [pool-193-thread-1] INFO  server.RaftServerConfigKeys (ConfUtils.java:logGet(44)) - raft.server.log.force.sync.num = 128 (default)
2022-03-03 02:39:58,744 [pool-193-thread-1] INFO  server.RaftServerConfigKeys (ConfUtils.java:logGet(44)) - raft.server.log.statemachine.data.sync = true (default)
2022-03-03 02:39:58,744 [pool-193-thread-1] INFO  server.RaftServerConfigKeys (ConfUtils.java:logGet(44)) - raft.server.log.statemachine.data.sync.timeout = 10s (default)
2022-03-03 02:39:58,744 [pool-193-thread-1] INFO  server.RaftServerConfigKeys (ConfUtils.java:logGet(44)) - raft.server.log.statemachine.data.sync.timeout.retry = -1 (default)
2022-03-03 02:39:58,745 [pool-193-thread-1] INFO  server.RaftServerConfigKeys (ConfUtils.java:logGet(44)) - raft.server.log.write.buffer.size = 1048576 (custom)
2022-03-03 02:39:58,745 [pool-193-thread-1] INFO  server.RaftServerConfigKeys (ConfUtils.java:logGet(44)) - raft.server.log.statemachine.data.caching.enabled = true (custom)
2022-03-03 02:39:58,745 [pool-193-thread-1] INFO  segmented.SegmentedRaftLogWorker (SegmentedRaftLogWorker.java:lambda$new$0(133)) - 0f66cbef-d2c2-4da9-b5af-505c5e5b0cb0@group-674C060E4486-SegmentedRaftLogWorker: flushIndex: setUnconditionally 0 -> -1
2022-03-03 02:39:58,745 [pool-193-thread-1] INFO  segmented.SegmentedRaftLogWorker (SegmentedRaftLogWorker.java:lambda$new$0(133)) - 0f66cbef-d2c2-4da9-b5af-505c5e5b0cb0@group-674C060E4486-SegmentedRaftLogWorker: safeCacheEvictIndex: setUnconditionally 0 -> -1
2022-03-03 02:39:58,765 [EventQueue-PipelineReportForPipelineReportHandler] INFO  pipeline.PipelineManagerImpl (PipelineManagerImpl.java:openPipeline(291)) - Pipeline Pipeline[ Id: a3df3954-883a-4061-8d60-674c060e4486, Nodes: 0f66cbef-d2c2-4da9-b5af-505c5e5b0cb0{ip: 10.1.0.45, host: fv-az50-851.grzltbmokehuzjyc5b133kdqgh.cx.internal.cloudapp.net, ports: [REPLICATION=35045, RATIS=44365, RATIS_ADMIN=44365, RATIS_SERVER=44365, STANDALONE=41105], networkLocation: /default-rack, certSerialId: null, persistedOpState: IN_SERVICE, persistedOpStateExpiryEpochSec: 0}, ReplicationConfig: RATIS/ONE, State:ALLOCATED, leaderId:0f66cbef-d2c2-4da9-b5af-505c5e5b0cb0, CreationTimestamp2022-03-03T02:39:55.703Z[Etc/UTC]] moved to OPEN state
2022-03-03 02:39:58,765 [pool-193-thread-1] INFO  server.RaftServerConfigKeys (ConfUtils.java:logGet(44)) - raft.server.snapshot.auto.trigger.enabled = true (custom)
2022-03-03 02:39:58,765 [pool-193-thread-1] INFO  server.RaftServerConfigKeys (ConfUtils.java:logGet(44)) - raft.server.snapshot.auto.trigger.threshold = 10000 (custom)
2022-03-03 02:39:58,765 [pool-193-thread-1] INFO  server.RaftServerConfigKeys (ConfUtils.java:logGet(44)) - raft.server.snapshot.retention.file.num = 5 (custom)
2022-03-03 02:39:58,765 [pool-193-thread-1] INFO  server.RaftServerConfigKeys (ConfUtils.java:logGet(44)) - raft.server.log.purge.upto.snapshot.index = false (default)
2022-03-03 02:39:58,765 [pool-193-thread-1] INFO  server.RaftServerConfigKeys (ConfUtils.java:logGet(44)) - raft.server.retrycache.expirytime = 600000ms (custom)
2022-03-03 02:39:58,765 [pool-193-thread-1] INFO  server.RaftServerConfigKeys (ConfUtils.java:logGet(44)) - raft.server.retrycache.statistics.expirytime = 100μs (default)
2022-03-03 02:39:58,769 [pool-193-thread-1] INFO  server.RaftServer$Division (RaftServerImpl.java:start(301)) - 0f66cbef-d2c2-4da9-b5af-505c5e5b0cb0@group-674C060E4486: start as a follower, conf=-1: [0f66cbef-d2c2-4da9-b5af-505c5e5b0cb0|rpc:10.1.0.45:44365|priority:1], old=null
2022-03-03 02:39:58,769 [pool-193-thread-1] INFO  server.RaftServer$Division (RaftServerImpl.java:setRole(290)) - 0f66cbef-d2c2-4da9-b5af-505c5e5b0cb0@group-674C060E4486: changes role from      null to FOLLOWER at term 0 for startAsFollower
2022-03-03 02:39:58,769 [pool-193-thread-1] INFO  impl.RoleInfo (RoleInfo.java:updateAndGet(130)) - 0f66cbef-d2c2-4da9-b5af-505c5e5b0cb0: start 0f66cbef-d2c2-4da9-b5af-505c5e5b0cb0@group-674C060E4486-FollowerState
2022-03-03 02:39:58,770 [4914ad2e-45be-4838-a730-ba0d1c104f60@group-42CECBD844D3-StateMachineUpdater] INFO  safemode.HealthyPipelineSafeModeRule (HealthyPipelineSafeModeRule.java:initializeRule(152)) - Refreshed total pipeline count is 0, healthy pipeline threshold count is 1
2022-03-03 02:39:58,781 [pool-193-thread-1] INFO  util.JmxRegister (JmxRegister.java:tryRegister(44)) - Successfully registered JMX Bean with object name Ratis:service=RaftServer,group=group-674C060E4486,id=0f66cbef-d2c2-4da9-b5af-505c5e5b0cb0
2022-03-03 02:39:58,783 [EventQueue-OpenPipelineForHealthyPipelineSafeModeRule] INFO  safemode.SCMSafeModeManager (HealthyPipelineSafeModeRule.java:process(124)) - SCM in safe mode. Healthy pipelines reported count is 0, required healthy pipeline reported count is 1
2022-03-03 02:39:58,785 [Command processor thread] INFO  ratis.XceiverServerRatis (XceiverServerRatis.java:addGroup(769)) - Created group PipelineID=a3df3954-883a-4061-8d60-674c060e4486
2022-03-03 02:39:58,785 [Command processor thread] INFO  commandhandler.CreatePipelineCommandHandler (CreatePipelineCommandHandler.java:handle(106)) - Created Pipeline RATIS ONE PipelineID=a3df3954-883a-4061-8d60-674c060e4486.
2022-03-03 02:39:58,785 [Command processor thread] INFO  server.RaftServer (RaftServerProxy.java:addNew(95)) - 0f66cbef-d2c2-4da9-b5af-505c5e5b0cb0: addNew group-73809025A354:[4b8390af-2520-419e-8318-f002d4bf1943|rpc:10.1.0.45:38817|priority:0, e85a2726-2e5b-406c-85a0-fa43518636ec|rpc:10.1.0.45:44853|priority:1, 0f66cbef-d2c2-4da9-b5af-505c5e5b0cb0|rpc:10.1.0.45:44365|priority:0] returns group-73809025A354:java.util.concurrent.CompletableFuture@5ec08b46[Not completed]
2022-03-03 02:39:58,786 [pool-193-thread-1] INFO  server.RaftServer$Division (RaftServerImpl.java:<init>(184)) - 0f66cbef-d2c2-4da9-b5af-505c5e5b0cb0: new RaftServerImpl for group-73809025A354:[4b8390af-2520-419e-8318-f002d4bf1943|rpc:10.1.0.45:38817|priority:0, e85a2726-2e5b-406c-85a0-fa43518636ec|rpc:10.1.0.45:44853|priority:1, 0f66cbef-d2c2-4da9-b5af-505c5e5b0cb0|rpc:10.1.0.45:44365|priority:0] with ContainerStateMachine:uninitialized
2022-03-03 02:39:58,786 [pool-193-thread-1] INFO  server.RaftServerConfigKeys (ConfUtils.java:logGet(44)) - raft.server.rpc.timeout.min = 5s (custom)
2022-03-03 02:39:58,786 [pool-193-thread-1] INFO  server.RaftServerConfigKeys (ConfUtils.java:logGet(44)) - raft.server.rpc.timeout.max = 5200ms (custom)
2022-03-03 02:39:58,786 [pool-193-thread-1] INFO  server.RaftServerConfigKeys (ConfUtils.java:logGet(44)) - raft.server.rpc.sleep.time = 25ms (default)
2022-03-03 02:39:58,786 [pool-193-thread-1] INFO  server.RaftServerConfigKeys (ConfUtils.java:logGet(44)) - raft.server.rpc.slowness.timeout = 300s (custom)
2022-03-03 02:39:58,786 [pool-193-thread-1] INFO  server.RaftServerConfigKeys (ConfUtils.java:logGet(44)) - raft.server.leaderelection.leader.step-down.wait-time = 10s (default)
2022-03-03 02:39:58,786 [pool-193-thread-1] INFO  server.RaftServerConfigKeys (ConfUtils.java:logGet(44)) - raft.server.sleep.deviation.threshold = 300ms (default)
2022-03-03 02:39:58,786 [pool-193-thread-1] INFO  server.RaftServerConfigKeys (ConfUtils.java:logGet(44)) - raft.server.log.appender.install.snapshot.enabled = false (custom)
2022-03-03 02:39:58,787 [pool-193-thread-1] INFO  server.RaftServer$Division (ServerState.java:<init>(105)) - 0f66cbef-d2c2-4da9-b5af-505c5e5b0cb0@group-73809025A354: ConfigurationManager, init=-1: [4b8390af-2520-419e-8318-f002d4bf1943|rpc:10.1.0.45:38817|priority:0, e85a2726-2e5b-406c-85a0-fa43518636ec|rpc:10.1.0.45:44853|priority:1, 0f66cbef-d2c2-4da9-b5af-505c5e5b0cb0|rpc:10.1.0.45:44365|priority:0], old=null, confs=<EMPTY_MAP>
2022-03-03 02:39:58,787 [pool-193-thread-1] INFO  server.RaftServerConfigKeys (ConfUtils.java:logGet(44)) - raft.server.storage.dir = [/home/runner/work/ozone/ozone/hadoop-ozone/integration-test/target/test-dir/MiniOzoneClusterImpl-ab5f91a4-db32-4111-a157-42cecbd844d3/datanode-2/data/ratis] (custom)
2022-03-03 02:39:58,787 [pool-193-thread-1] INFO  server.RaftServerConfigKeys (ConfUtils.java:logGet(44)) - raft.server.log.corruption.policy = EXCEPTION (default)
2022-03-03 02:39:58,787 [pool-193-thread-1] INFO  server.RaftServerConfigKeys (ConfUtils.java:logGet(44)) - raft.server.storage.free-space.min = 0MB (=0) (default)
2022-03-03 02:39:58,787 [pool-193-thread-1] INFO  storage.RaftStorageDirectory (RaftStorageDirectoryImpl.java:analyzeStorage(135)) - The storage directory /home/runner/work/ozone/ozone/hadoop-ozone/integration-test/target/test-dir/MiniOzoneClusterImpl-ab5f91a4-db32-4111-a157-42cecbd844d3/datanode-2/data/ratis/0827d502-339f-4fa8-ba11-73809025a354 does not exist. Creating ...
2022-03-03 02:39:58,789 [pool-193-thread-1] INFO  storage.RaftStorageDirectory (RaftStorageDirectoryImpl.java:tryLock(230)) - Lock on /home/runner/work/ozone/ozone/hadoop-ozone/integration-test/target/test-dir/MiniOzoneClusterImpl-ab5f91a4-db32-4111-a157-42cecbd844d3/datanode-2/data/ratis/0827d502-339f-4fa8-ba11-73809025a354/in_use.lock acquired by nodename 19762@fv-az50-851
2022-03-03 02:39:58,793 [pool-193-thread-1] INFO  storage.RaftStorage (RaftStorageImpl.java:format(89)) - Storage directory /home/runner/work/ozone/ozone/hadoop-ozone/integration-test/target/test-dir/MiniOzoneClusterImpl-ab5f91a4-db32-4111-a157-42cecbd844d3/datanode-2/data/ratis/0827d502-339f-4fa8-ba11-73809025a354 has been successfully formatted.
2022-03-03 02:39:58,794 [pool-193-thread-1] INFO  ratis.ContainerStateMachine (ContainerStateMachine.java:loadSnapshot(236)) - group-73809025A354: The snapshot info is null. Setting the last applied indexto:(t:0, i:~)
2022-03-03 02:39:58,794 [pool-193-thread-1] INFO  server.RaftServerConfigKeys (ConfUtils.java:logGet(44)) - raft.server.notification.no-leader.timeout = 300s (custom)
2022-03-03 02:39:58,794 [pool-193-thread-1] INFO  server.RaftServerConfigKeys (ConfUtils.java:logGet(44)) - raft.server.log.use.memory = false (default)
2022-03-03 02:39:58,794 [pool-193-thread-1] INFO  server.RaftServerConfigKeys (ConfUtils.java:logGet(44)) - raft.server.log.purge.gap = 1000000 (custom)
2022-03-03 02:39:58,794 [pool-193-thread-1] INFO  server.RaftServerConfigKeys (ConfUtils.java:logGet(44)) - raft.server.log.appender.buffer.byte-limit = 33554432 (custom)
2022-03-03 02:39:58,794 [pool-193-thread-1] INFO  server.RaftServerConfigKeys (ConfUtils.java:logGet(44)) - raft.server.log.segment.size.max = 1048576 (custom)
2022-03-03 02:39:58,796 [EventQueue-OpenPipelineForHealthyPipelineSafeModeRule] INFO  safemode.SCMSafeModeManager (HealthyPipelineSafeModeRule.java:process(124)) - SCM in safe mode. Healthy pipelines reported count is 0, required healthy pipeline reported count is 1
2022-03-03 02:39:58,799 [pool-193-thread-1] INFO  server.RaftServerConfigKeys (ConfUtils.java:logGet(44)) - raft.server.log.segment.cache.num.max = 2 (custom)
2022-03-03 02:39:58,799 [pool-193-thread-1] INFO  server.RaftServerConfigKeys (ConfUtils.java:logGet(44)) - raft.server.log.segment.cache.size.max = 200MB (=209715200) (default)
2022-03-03 02:39:58,799 [pool-193-thread-1] INFO  segmented.SegmentedRaftLogWorker (SegmentedRaftLogWorker.java:<init>(182)) - new 0f66cbef-d2c2-4da9-b5af-505c5e5b0cb0@group-73809025A354-SegmentedRaftLogWorker for RaftStorageImpl:Storage Directory /home/runner/work/ozone/ozone/hadoop-ozone/integration-test/target/test-dir/MiniOzoneClusterImpl-ab5f91a4-db32-4111-a157-42cecbd844d3/datanode-2/data/ratis/0827d502-339f-4fa8-ba11-73809025a354
2022-03-03 02:39:58,799 [pool-193-thread-1] INFO  server.RaftServerConfigKeys (ConfUtils.java:logGet(44)) - raft.server.log.queue.byte-limit = 4294967296 (custom)
2022-03-03 02:39:58,799 [pool-193-thread-1] INFO  server.RaftServerConfigKeys (ConfUtils.java:logGet(44)) - raft.server.log.queue.element-limit = 1024 (custom)
2022-03-03 02:39:58,799 [pool-193-thread-1] INFO  server.RaftServerConfigKeys (ConfUtils.java:logGet(44)) - raft.server.log.segment.size.max = 1048576 (custom)
2022-03-03 02:39:58,799 [pool-193-thread-1] INFO  server.RaftServerConfigKeys (ConfUtils.java:logGet(44)) - raft.server.log.preallocated.size = 16384 (custom)
2022-03-03 02:39:58,800 [pool-193-thread-1] INFO  server.RaftServerConfigKeys (ConfUtils.java:logGet(44)) - raft.server.log.force.sync.num = 128 (default)
2022-03-03 02:39:58,800 [pool-193-thread-1] INFO  server.RaftServerConfigKeys (ConfUtils.java:logGet(44)) - raft.server.log.statemachine.data.sync = true (default)
2022-03-03 02:39:58,800 [pool-193-thread-1] INFO  server.RaftServerConfigKeys (ConfUtils.java:logGet(44)) - raft.server.log.statemachine.data.sync.timeout = 10s (default)
2022-03-03 02:39:58,800 [pool-193-thread-1] INFO  server.RaftServerConfigKeys (ConfUtils.java:logGet(44)) - raft.server.log.statemachine.data.sync.timeout.retry = -1 (default)
2022-03-03 02:39:58,800 [pool-193-thread-1] INFO  server.RaftServerConfigKeys (ConfUtils.java:logGet(44)) - raft.server.log.write.buffer.size = 1048576 (custom)
2022-03-03 02:39:58,801 [pool-193-thread-1] INFO  server.RaftServerConfigKeys (ConfUtils.java:logGet(44)) - raft.server.log.statemachine.data.caching.enabled = true (custom)
2022-03-03 02:39:58,801 [pool-193-thread-1] INFO  segmented.SegmentedRaftLogWorker (SegmentedRaftLogWorker.java:lambda$new$0(133)) - 0f66cbef-d2c2-4da9-b5af-505c5e5b0cb0@group-73809025A354-SegmentedRaftLogWorker: flushIndex: setUnconditionally 0 -> -1
2022-03-03 02:39:58,801 [pool-193-thread-1] INFO  segmented.SegmentedRaftLogWorker (SegmentedRaftLogWorker.java:lambda$new$0(133)) - 0f66cbef-d2c2-4da9-b5af-505c5e5b0cb0@group-73809025A354-SegmentedRaftLogWorker: safeCacheEvictIndex: setUnconditionally 0 -> -1
2022-03-03 02:39:58,809 [pool-193-thread-1] INFO  server.RaftServerConfigKeys (ConfUtils.java:logGet(44)) - raft.server.snapshot.auto.trigger.enabled = true (custom)
2022-03-03 02:39:58,809 [pool-193-thread-1] INFO  server.RaftServerConfigKeys (ConfUtils.java:logGet(44)) - raft.server.snapshot.auto.trigger.threshold = 10000 (custom)
2022-03-03 02:39:58,809 [pool-193-thread-1] INFO  server.RaftServerConfigKeys (ConfUtils.java:logGet(44)) - raft.server.snapshot.retention.file.num = 5 (custom)
2022-03-03 02:39:58,809 [pool-193-thread-1] INFO  server.RaftServerConfigKeys (ConfUtils.java:logGet(44)) - raft.server.log.purge.upto.snapshot.index = false (default)
2022-03-03 02:39:58,809 [pool-193-thread-1] INFO  server.RaftServerConfigKeys (ConfUtils.java:logGet(44)) - raft.server.retrycache.expirytime = 600000ms (custom)
2022-03-03 02:39:58,809 [pool-193-thread-1] INFO  server.RaftServerConfigKeys (ConfUtils.java:logGet(44)) - raft.server.retrycache.statistics.expirytime = 100μs (default)
2022-03-03 02:39:58,810 [pool-193-thread-1] INFO  server.RaftServer$Division (RaftServerImpl.java:start(301)) - 0f66cbef-d2c2-4da9-b5af-505c5e5b0cb0@group-73809025A354: start as a follower, conf=-1: [4b8390af-2520-419e-8318-f002d4bf1943|rpc:10.1.0.45:38817|priority:0, e85a2726-2e5b-406c-85a0-fa43518636ec|rpc:10.1.0.45:44853|priority:1, 0f66cbef-d2c2-4da9-b5af-505c5e5b0cb0|rpc:10.1.0.45:44365|priority:0], old=null
2022-03-03 02:39:58,810 [pool-193-thread-1] INFO  server.RaftServer$Division (RaftServerImpl.java:setRole(290)) - 0f66cbef-d2c2-4da9-b5af-505c5e5b0cb0@group-73809025A354: changes role from      null to FOLLOWER at term 0 for startAsFollower
2022-03-03 02:39:58,811 [pool-193-thread-1] INFO  impl.RoleInfo (RoleInfo.java:updateAndGet(130)) - 0f66cbef-d2c2-4da9-b5af-505c5e5b0cb0: start 0f66cbef-d2c2-4da9-b5af-505c5e5b0cb0@group-73809025A354-FollowerState
2022-03-03 02:39:58,819 [pool-193-thread-1] INFO  util.JmxRegister (JmxRegister.java:tryRegister(44)) - Successfully registered JMX Bean with object name Ratis:service=RaftServer,group=group-73809025A354,id=0f66cbef-d2c2-4da9-b5af-505c5e5b0cb0
2022-03-03 02:39:58,840 [Command processor thread] INFO  ratis.XceiverServerRatis (XceiverServerRatis.java:addGroup(769)) - Created group PipelineID=0827d502-339f-4fa8-ba11-73809025a354
2022-03-03 02:39:59,132 [Command processor thread] INFO  commandhandler.CreatePipelineCommandHandler (CreatePipelineCommandHandler.java:handle(106)) - Created Pipeline RATIS THREE PipelineID=0827d502-339f-4fa8-ba11-73809025a354.
2022-03-03 02:39:59,144 [Command processor thread] INFO  commandhandler.CreatePipelineCommandHandler (CreatePipelineCommandHandler.java:handle(106)) - Created Pipeline RATIS THREE PipelineID=0827d502-339f-4fa8-ba11-73809025a354.
2022-03-03 02:39:59,145 [Command processor thread] INFO  commandhandler.CreatePipelineCommandHandler (CreatePipelineCommandHandler.java:handle(106)) - Created Pipeline RATIS THREE PipelineID=0827d502-339f-4fa8-ba11-73809025a354.
2022-03-03 02:39:59,689 [Listener at 127.0.0.1/41665] INFO  ozone.MiniOzoneClusterImpl (MiniOzoneClusterImpl.java:lambda$waitForClusterToBeReady$0(219)) - Nodes are ready. Got 3 of 3 DN Heartbeats.
2022-03-03 02:39:59,689 [Listener at 127.0.0.1/41665] INFO  ozone.MiniOzoneClusterImpl (MiniOzoneClusterImpl.java:lambda$waitForClusterToBeReady$0(222)) - Waiting for cluster to exit safe mode
2022-03-03 02:39:59,689 [Listener at 127.0.0.1/41665] INFO  ozone.MiniOzoneClusterImpl (MiniOzoneClusterImpl.java:lambda$waitForClusterToBeReady$0(224)) - SCM became leader
2022-03-03 02:40:00,690 [Listener at 127.0.0.1/41665] INFO  ozone.MiniOzoneClusterImpl (MiniOzoneClusterImpl.java:lambda$waitForClusterToBeReady$0(219)) - Nodes are ready. Got 3 of 3 DN Heartbeats.
2022-03-03 02:40:00,690 [Listener at 127.0.0.1/41665] INFO  ozone.MiniOzoneClusterImpl (MiniOzoneClusterImpl.java:lambda$waitForClusterToBeReady$0(222)) - Waiting for cluster to exit safe mode
2022-03-03 02:40:00,690 [Listener at 127.0.0.1/41665] INFO  ozone.MiniOzoneClusterImpl (MiniOzoneClusterImpl.java:lambda$waitForClusterToBeReady$0(224)) - SCM became leader
2022-03-03 02:40:01,690 [Listener at 127.0.0.1/41665] INFO  ozone.MiniOzoneClusterImpl (MiniOzoneClusterImpl.java:lambda$waitForClusterToBeReady$0(219)) - Nodes are ready. Got 3 of 3 DN Heartbeats.
2022-03-03 02:40:01,690 [Listener at 127.0.0.1/41665] INFO  ozone.MiniOzoneClusterImpl (MiniOzoneClusterImpl.java:lambda$waitForClusterToBeReady$0(222)) - Waiting for cluster to exit safe mode
2022-03-03 02:40:01,690 [Listener at 127.0.0.1/41665] INFO  ozone.MiniOzoneClusterImpl (MiniOzoneClusterImpl.java:lambda$waitForClusterToBeReady$0(224)) - SCM became leader
2022-03-03 02:40:02,691 [Listener at 127.0.0.1/41665] INFO  ozone.MiniOzoneClusterImpl (MiniOzoneClusterImpl.java:lambda$waitForClusterToBeReady$0(219)) - Nodes are ready. Got 3 of 3 DN Heartbeats.
2022-03-03 02:40:02,691 [Listener at 127.0.0.1/41665] INFO  ozone.MiniOzoneClusterImpl (MiniOzoneClusterImpl.java:lambda$waitForClusterToBeReady$0(222)) - Waiting for cluster to exit safe mode
2022-03-03 02:40:02,691 [Listener at 127.0.0.1/41665] INFO  ozone.MiniOzoneClusterImpl (MiniOzoneClusterImpl.java:lambda$waitForClusterToBeReady$0(224)) - SCM became leader
2022-03-03 02:40:03,418 [4b8390af-2520-419e-8318-f002d4bf1943@group-73809025A354-FollowerState] INFO  impl.FollowerState (FollowerState.java:run(134)) - 4b8390af-2520-419e-8318-f002d4bf1943@group-73809025A354-FollowerState: change to CANDIDATE, lastRpcElapsedTime:5068074548ns, electionTimeout:5067ms
2022-03-03 02:40:03,418 [4b8390af-2520-419e-8318-f002d4bf1943@group-73809025A354-FollowerState] INFO  impl.RoleInfo (RoleInfo.java:shutdownFollowerState(108)) - 4b8390af-2520-419e-8318-f002d4bf1943: shutdown 4b8390af-2520-419e-8318-f002d4bf1943@group-73809025A354-FollowerState
2022-03-03 02:40:03,419 [4b8390af-2520-419e-8318-f002d4bf1943@group-73809025A354-FollowerState] INFO  server.RaftServer$Division (RaftServerImpl.java:setRole(290)) - 4b8390af-2520-419e-8318-f002d4bf1943@group-73809025A354: changes role from  FOLLOWER to CANDIDATE at term 0 for changeToCandidate
2022-03-03 02:40:03,419 [4b8390af-2520-419e-8318-f002d4bf1943@group-73809025A354-FollowerState] INFO  server.RaftServerConfigKeys (ConfUtils.java:logGet(44)) - raft.server.leaderelection.pre-vote = false (custom)
2022-03-03 02:40:03,420 [4b8390af-2520-419e-8318-f002d4bf1943@group-73809025A354-FollowerState] INFO  impl.RoleInfo (RoleInfo.java:updateAndGet(130)) - 4b8390af-2520-419e-8318-f002d4bf1943: start 4b8390af-2520-419e-8318-f002d4bf1943@group-73809025A354-LeaderElection7
2022-03-03 02:40:03,429 [4b8390af-2520-419e-8318-f002d4bf1943@group-73809025A354-LeaderElection7] INFO  impl.LeaderElection (LeaderElection.java:askForVotes(306)) - 4b8390af-2520-419e-8318-f002d4bf1943@group-73809025A354-LeaderElection7 ELECTION round 0: submit vote requests at term 1 for -1: [4b8390af-2520-419e-8318-f002d4bf1943|rpc:10.1.0.45:38817|priority:0, e85a2726-2e5b-406c-85a0-fa43518636ec|rpc:10.1.0.45:44853|priority:1, 0f66cbef-d2c2-4da9-b5af-505c5e5b0cb0|rpc:10.1.0.45:44365|priority:0], old=null
2022-03-03 02:40:03,451 [4b8390af-2520-419e-8318-f002d4bf1943@group-DCCBFCDF87C2-FollowerState] INFO  impl.FollowerState (FollowerState.java:run(134)) - 4b8390af-2520-419e-8318-f002d4bf1943@group-DCCBFCDF87C2-FollowerState: change to CANDIDATE, lastRpcElapsedTime:5139595692ns, electionTimeout:5134ms
2022-03-03 02:40:03,452 [4b8390af-2520-419e-8318-f002d4bf1943@group-DCCBFCDF87C2-FollowerState] INFO  impl.RoleInfo (RoleInfo.java:shutdownFollowerState(108)) - 4b8390af-2520-419e-8318-f002d4bf1943: shutdown 4b8390af-2520-419e-8318-f002d4bf1943@group-DCCBFCDF87C2-FollowerState
2022-03-03 02:40:03,452 [4b8390af-2520-419e-8318-f002d4bf1943@group-DCCBFCDF87C2-FollowerState] INFO  server.RaftServer$Division (RaftServerImpl.java:setRole(290)) - 4b8390af-2520-419e-8318-f002d4bf1943@group-DCCBFCDF87C2: changes role from  FOLLOWER to CANDIDATE at term 0 for changeToCandidate
2022-03-03 02:40:03,452 [4b8390af-2520-419e-8318-f002d4bf1943@group-DCCBFCDF87C2-FollowerState] INFO  server.RaftServerConfigKeys (ConfUtils.java:logGet(44)) - raft.server.leaderelection.pre-vote = false (custom)
2022-03-03 02:40:03,452 [4b8390af-2520-419e-8318-f002d4bf1943@group-DCCBFCDF87C2-FollowerState] INFO  impl.RoleInfo (RoleInfo.java:updateAndGet(130)) - 4b8390af-2520-419e-8318-f002d4bf1943: start 4b8390af-2520-419e-8318-f002d4bf1943@group-DCCBFCDF87C2-LeaderElection8
2022-03-03 02:40:03,464 [grpc-default-executor-1] INFO  server.RaftServer$Division (RaftServerImpl.java:requestVote(1046)) - 0f66cbef-d2c2-4da9-b5af-505c5e5b0cb0@group-73809025A354: receive requestVote(ELECTION, 4b8390af-2520-419e-8318-f002d4bf1943, group-73809025A354, 1, (t:0, i:0))
2022-03-03 02:40:03,467 [grpc-default-executor-1] INFO  impl.VoteContext (VoteContext.java:log(48)) - 0f66cbef-d2c2-4da9-b5af-505c5e5b0cb0@group-73809025A354-FOLLOWER: accept ELECTION from 4b8390af-2520-419e-8318-f002d4bf1943: our priority 0 <= candidate's priority 0
2022-03-03 02:40:03,468 [grpc-default-executor-1] INFO  server.RaftServer$Division (RaftServerImpl.java:setRole(290)) - 0f66cbef-d2c2-4da9-b5af-505c5e5b0cb0@group-73809025A354: changes role from  FOLLOWER to FOLLOWER at term 1 for candidate:4b8390af-2520-419e-8318-f002d4bf1943
2022-03-03 02:40:03,468 [grpc-default-executor-2] INFO  server.RaftServer$Division (RaftServerImpl.java:requestVote(1046)) - e85a2726-2e5b-406c-85a0-fa43518636ec@group-73809025A354: receive requestVote(ELECTION, 4b8390af-2520-419e-8318-f002d4bf1943, group-73809025A354, 1, (t:0, i:0))
2022-03-03 02:40:03,469 [grpc-default-executor-1] INFO  impl.RoleInfo (RoleInfo.java:shutdownFollowerState(108)) - 0f66cbef-d2c2-4da9-b5af-505c5e5b0cb0: shutdown 0f66cbef-d2c2-4da9-b5af-505c5e5b0cb0@group-73809025A354-FollowerState
2022-03-03 02:40:03,469 [0f66cbef-d2c2-4da9-b5af-505c5e5b0cb0@group-73809025A354-FollowerState] INFO  impl.FollowerState (FollowerState.java:run(143)) - 0f66cbef-d2c2-4da9-b5af-505c5e5b0cb0@group-73809025A354-FollowerState was interrupted: {}
java.lang.InterruptedException: sleep interrupted
	at java.lang.Thread.sleep(Native Method)
	at java.lang.Thread.sleep(Thread.java:342)
	at java.util.concurrent.TimeUnit.sleep(TimeUnit.java:386)
	at org.apache.ratis.util.TimeDuration.sleep(TimeDuration.java:324)
	at org.apache.ratis.util.TimeDuration.sleep(TimeDuration.java:309)
	at org.apache.ratis.server.impl.FollowerState.run(FollowerState.java:118)
2022-03-03 02:40:03,470 [grpc-default-executor-1] INFO  impl.RoleInfo (RoleInfo.java:updateAndGet(130)) - 0f66cbef-d2c2-4da9-b5af-505c5e5b0cb0: start 0f66cbef-d2c2-4da9-b5af-505c5e5b0cb0@group-73809025A354-FollowerState
2022-03-03 02:40:03,469 [grpc-default-executor-2] INFO  impl.VoteContext (VoteContext.java:log(48)) - e85a2726-2e5b-406c-85a0-fa43518636ec@group-73809025A354-FOLLOWER: reject ELECTION from 4b8390af-2520-419e-8318-f002d4bf1943: our priority 1 > candidate's priority 0
2022-03-03 02:40:03,472 [grpc-default-executor-2] INFO  server.RaftServer$Division (RaftServerImpl.java:setRole(290)) - e85a2726-2e5b-406c-85a0-fa43518636ec@group-73809025A354: changes role from  FOLLOWER to FOLLOWER at term 1 for candidate:4b8390af-2520-419e-8318-f002d4bf1943
2022-03-03 02:40:03,472 [grpc-default-executor-2] INFO  impl.RoleInfo (RoleInfo.java:shutdownFollowerState(108)) - e85a2726-2e5b-406c-85a0-fa43518636ec: shutdown e85a2726-2e5b-406c-85a0-fa43518636ec@group-73809025A354-FollowerState
2022-03-03 02:40:03,472 [grpc-default-executor-2] INFO  impl.RoleInfo (RoleInfo.java:updateAndGet(130)) - e85a2726-2e5b-406c-85a0-fa43518636ec: start e85a2726-2e5b-406c-85a0-fa43518636ec@group-73809025A354-FollowerState
2022-03-03 02:40:03,472 [e85a2726-2e5b-406c-85a0-fa43518636ec@group-73809025A354-FollowerState] INFO  impl.FollowerState (FollowerState.java:run(143)) - e85a2726-2e5b-406c-85a0-fa43518636ec@group-73809025A354-FollowerState was interrupted: {}
java.lang.InterruptedException: sleep interrupted
	at java.lang.Thread.sleep(Native Method)
	at java.lang.Thread.sleep(Thread.java:342)
	at java.util.concurrent.TimeUnit.sleep(TimeUnit.java:386)
	at org.apache.ratis.util.TimeDuration.sleep(TimeDuration.java:324)
	at org.apache.ratis.util.TimeDuration.sleep(TimeDuration.java:309)
	at org.apache.ratis.server.impl.FollowerState.run(FollowerState.java:118)
2022-03-03 02:40:03,483 [grpc-default-executor-1] INFO  server.RaftServer$Division (RaftServerImpl.java:requestVote(1078)) - 0f66cbef-d2c2-4da9-b5af-505c5e5b0cb0@group-73809025A354 replies to ELECTION vote request: 4b8390af-2520-419e-8318-f002d4bf1943<-0f66cbef-d2c2-4da9-b5af-505c5e5b0cb0#0:OK-t1. Peer's state: 0f66cbef-d2c2-4da9-b5af-505c5e5b0cb0@group-73809025A354:t1, leader=null, voted=4b8390af-2520-419e-8318-f002d4bf1943, raftlog=0f66cbef-d2c2-4da9-b5af-505c5e5b0cb0@group-73809025A354-SegmentedRaftLog:OPENED:c-1, conf=-1: [4b8390af-2520-419e-8318-f002d4bf1943|rpc:10.1.0.45:38817|priority:0, e85a2726-2e5b-406c-85a0-fa43518636ec|rpc:10.1.0.45:44853|priority:1, 0f66cbef-d2c2-4da9-b5af-505c5e5b0cb0|rpc:10.1.0.45:44365|priority:0], old=null
2022-03-03 02:40:03,485 [4b8390af-2520-419e-8318-f002d4bf1943@group-DCCBFCDF87C2-LeaderElection8] INFO  impl.LeaderElection (LeaderElection.java:askForVotes(306)) - 4b8390af-2520-419e-8318-f002d4bf1943@group-DCCBFCDF87C2-LeaderElection8 ELECTION round 0: submit vote requests at term 1 for -1: [4b8390af-2520-419e-8318-f002d4bf1943|rpc:10.1.0.45:38817|priority:1], old=null
2022-03-03 02:40:03,485 [grpc-default-executor-2] INFO  server.RaftServer$Division (RaftServerImpl.java:requestVote(1078)) - e85a2726-2e5b-406c-85a0-fa43518636ec@group-73809025A354 replies to ELECTION vote request: 4b8390af-2520-419e-8318-f002d4bf1943<-e85a2726-2e5b-406c-85a0-fa43518636ec#0:FAIL-t1. Peer's state: e85a2726-2e5b-406c-85a0-fa43518636ec@group-73809025A354:t1, leader=null, voted=null, raftlog=e85a2726-2e5b-406c-85a0-fa43518636ec@group-73809025A354-SegmentedRaftLog:OPENED:c-1, conf=-1: [4b8390af-2520-419e-8318-f002d4bf1943|rpc:10.1.0.45:38817|priority:0, e85a2726-2e5b-406c-85a0-fa43518636ec|rpc:10.1.0.45:44853|priority:1, 0f66cbef-d2c2-4da9-b5af-505c5e5b0cb0|rpc:10.1.0.45:44365|priority:0], old=null
2022-03-03 02:40:03,485 [4b8390af-2520-419e-8318-f002d4bf1943@group-DCCBFCDF87C2-LeaderElection8] INFO  impl.LeaderElection (LeaderElection.java:askForVotes(308)) - 4b8390af-2520-419e-8318-f002d4bf1943@group-DCCBFCDF87C2-LeaderElection8 ELECTION round 0: result PASSED (term=1)
2022-03-03 02:40:03,486 [4b8390af-2520-419e-8318-f002d4bf1943@group-DCCBFCDF87C2-LeaderElection8] INFO  impl.RoleInfo (RoleInfo.java:shutdownLeaderElection(121)) - 4b8390af-2520-419e-8318-f002d4bf1943: shutdown 4b8390af-2520-419e-8318-f002d4bf1943@group-DCCBFCDF87C2-LeaderElection8
2022-03-03 02:40:03,486 [4b8390af-2520-419e-8318-f002d4bf1943@group-DCCBFCDF87C2-LeaderElection8] INFO  server.RaftServer$Division (RaftServerImpl.java:setRole(290)) - 4b8390af-2520-419e-8318-f002d4bf1943@group-DCCBFCDF87C2: changes role from CANDIDATE to LEADER at term 1 for changeToLeader
2022-03-03 02:40:03,486 [4b8390af-2520-419e-8318-f002d4bf1943@group-DCCBFCDF87C2-LeaderElection8] INFO  ratis.XceiverServerRatis (XceiverServerRatis.java:handleLeaderChangedNotification(867)) - Leader change notification received for group: group-DCCBFCDF87C2 with new leaderId: 4b8390af-2520-419e-8318-f002d4bf1943
2022-03-03 02:40:03,486 [4b8390af-2520-419e-8318-f002d4bf1943@group-DCCBFCDF87C2-LeaderElection8] INFO  server.RaftServer$Division (ServerState.java:setLeader(285)) - 4b8390af-2520-419e-8318-f002d4bf1943@group-DCCBFCDF87C2: change Leader from null to 4b8390af-2520-419e-8318-f002d4bf1943 at term 1 for becomeLeader, leader elected after 5188ms
2022-03-03 02:40:03,486 [4b8390af-2520-419e-8318-f002d4bf1943@group-DCCBFCDF87C2-LeaderElection8] INFO  server.RaftServerConfigKeys (ConfUtils.java:logGet(44)) - raft.server.staging.catchup.gap = 1000 (default)
2022-03-03 02:40:03,487 [4b8390af-2520-419e-8318-f002d4bf1943@group-DCCBFCDF87C2-LeaderElection8] INFO  server.RaftServerConfigKeys (ConfUtils.java:logGet(44)) - raft.server.write.element-limit = 1024 (custom)
2022-03-03 02:40:03,487 [4b8390af-2520-419e-8318-f002d4bf1943@group-DCCBFCDF87C2-LeaderElection8] INFO  server.RaftServerConfigKeys (ConfUtils.java:logGet(44)) - raft.server.write.byte-limit = 1024 M (=1073741824) (custom)
2022-03-03 02:40:03,488 [4b8390af-2520-419e-8318-f002d4bf1943@group-DCCBFCDF87C2-LeaderElection8] INFO  server.RaftServerConfigKeys (ConfUtils.java:logGet(44)) - raft.server.watch.timeout = 180s (custom)
2022-03-03 02:40:03,488 [4b8390af-2520-419e-8318-f002d4bf1943@group-DCCBFCDF87C2-LeaderElection8] INFO  server.RaftServerConfigKeys (ConfUtils.java:logGet(44)) - raft.server.watch.timeout.denomination = 1s (default)
2022-03-03 02:40:03,488 [4b8390af-2520-419e-8318-f002d4bf1943@group-DCCBFCDF87C2-LeaderElection8] INFO  server.RaftServerConfigKeys (ConfUtils.java:logGet(44)) - raft.server.watch.element-limit = 65536 (default)
2022-03-03 02:40:03,488 [4b8390af-2520-419e-8318-f002d4bf1943@group-DCCBFCDF87C2-LeaderElection8] INFO  server.RaftServerConfigKeys (ConfUtils.java:logGet(44)) - raft.server.write.element-limit = 1024 (custom)
2022-03-03 02:40:03,488 [4b8390af-2520-419e-8318-f002d4bf1943@group-DCCBFCDF87C2-LeaderElection8] INFO  server.RaftServerConfigKeys (ConfUtils.java:logGet(44)) - raft.server.write.follower.gap.ratio.max = -1.0 (default)
2022-03-03 02:40:03,488 [4b8390af-2520-419e-8318-f002d4bf1943@group-DCCBFCDF87C2-LeaderElection8] INFO  impl.RoleInfo (RoleInfo.java:updateAndGet(130)) - 4b8390af-2520-419e-8318-f002d4bf1943: start 4b8390af-2520-419e-8318-f002d4bf1943@group-DCCBFCDF87C2-LeaderStateImpl
2022-03-03 02:40:03,488 [4b8390af-2520-419e-8318-f002d4bf1943@group-DCCBFCDF87C2-LeaderElection8] INFO  segmented.SegmentedRaftLogWorker (SegmentedRaftLogWorker.java:startLogSegment(394)) - 4b8390af-2520-419e-8318-f002d4bf1943@group-DCCBFCDF87C2-SegmentedRaftLogWorker: Starting segment from index:0
2022-03-03 02:40:03,489 [EventQueue-OpenPipelineForHealthyPipelineSafeModeRule] INFO  safemode.SCMSafeModeManager (HealthyPipelineSafeModeRule.java:process(124)) - SCM in safe mode. Healthy pipelines reported count is 0, required healthy pipeline reported count is 1
2022-03-03 02:40:03,498 [4b8390af-2520-419e-8318-f002d4bf1943@group-DCCBFCDF87C2-LeaderElection8] INFO  server.RaftServer$Division (ServerState.java:setRaftConf(387)) - 4b8390af-2520-419e-8318-f002d4bf1943@group-DCCBFCDF87C2: set configuration 0: [4b8390af-2520-419e-8318-f002d4bf1943|rpc:10.1.0.45:38817|dataStream:|priority:1], old=null
2022-03-03 02:40:03,498 [4b8390af-2520-419e-8318-f002d4bf1943@group-DCCBFCDF87C2-SegmentedRaftLogWorker] INFO  segmented.SegmentedRaftLogWorker (SegmentedRaftLogWorker.java:execute(601)) - 4b8390af-2520-419e-8318-f002d4bf1943@group-DCCBFCDF87C2-SegmentedRaftLogWorker: created new log segment /home/runner/work/ozone/ozone/hadoop-ozone/integration-test/target/test-dir/MiniOzoneClusterImpl-ab5f91a4-db32-4111-a157-42cecbd844d3/datanode-0/data/ratis/799b51e7-86d6-4931-8166-dccbfcdf87c2/current/log_inprogress_0
2022-03-03 02:40:03,499 [4b8390af-2520-419e-8318-f002d4bf1943@group-73809025A354-LeaderElection7] INFO  impl.LeaderElection (LeaderElection.java:logAndReturn(89)) - 4b8390af-2520-419e-8318-f002d4bf1943@group-73809025A354-LeaderElection7: ELECTION REJECTED received 1 response(s) and 0 exception(s):
2022-03-03 02:40:03,500 [4b8390af-2520-419e-8318-f002d4bf1943@group-73809025A354-LeaderElection7] INFO  impl.LeaderElection (LeaderElection.java:logAndReturn(93)) -   Response 0: 4b8390af-2520-419e-8318-f002d4bf1943<-e85a2726-2e5b-406c-85a0-fa43518636ec#0:FAIL-t1
2022-03-03 02:40:03,500 [4b8390af-2520-419e-8318-f002d4bf1943@group-73809025A354-LeaderElection7] INFO  impl.LeaderElection (LeaderElection.java:askForVotes(308)) - 4b8390af-2520-419e-8318-f002d4bf1943@group-73809025A354-LeaderElection7 ELECTION round 0: result REJECTED
2022-03-03 02:40:03,502 [4b8390af-2520-419e-8318-f002d4bf1943@group-73809025A354-LeaderElection7] INFO  server.RaftServer$Division (RaftServerImpl.java:setRole(290)) - 4b8390af-2520-419e-8318-f002d4bf1943@group-73809025A354: changes role from CANDIDATE to FOLLOWER at term 1 for REJECTED
2022-03-03 02:40:03,502 [4b8390af-2520-419e-8318-f002d4bf1943@group-73809025A354-LeaderElection7] INFO  impl.RoleInfo (RoleInfo.java:shutdownLeaderElection(121)) - 4b8390af-2520-419e-8318-f002d4bf1943: shutdown 4b8390af-2520-419e-8318-f002d4bf1943@group-73809025A354-LeaderElection7
2022-03-03 02:40:03,502 [4b8390af-2520-419e-8318-f002d4bf1943@group-73809025A354-LeaderElection7] INFO  impl.RoleInfo (RoleInfo.java:updateAndGet(130)) - 4b8390af-2520-419e-8318-f002d4bf1943: start 4b8390af-2520-419e-8318-f002d4bf1943@group-73809025A354-FollowerState
2022-03-03 02:40:03,557 [e85a2726-2e5b-406c-85a0-fa43518636ec@group-5D0963015C7F-FollowerState] INFO  impl.FollowerState (FollowerState.java:run(134)) - e85a2726-2e5b-406c-85a0-fa43518636ec@group-5D0963015C7F-FollowerState: change to CANDIDATE, lastRpcElapsedTime:5025843274ns, electionTimeout:5020ms
2022-03-03 02:40:03,557 [e85a2726-2e5b-406c-85a0-fa43518636ec@group-5D0963015C7F-FollowerState] INFO  impl.RoleInfo (RoleInfo.java:shutdownFollowerState(108)) - e85a2726-2e5b-406c-85a0-fa43518636ec: shutdown e85a2726-2e5b-406c-85a0-fa43518636ec@group-5D0963015C7F-FollowerState
2022-03-03 02:40:03,557 [e85a2726-2e5b-406c-85a0-fa43518636ec@group-5D0963015C7F-FollowerState] INFO  server.RaftServer$Division (RaftServerImpl.java:setRole(290)) - e85a2726-2e5b-406c-85a0-fa43518636ec@group-5D0963015C7F: changes role from  FOLLOWER to CANDIDATE at term 0 for changeToCandidate
2022-03-03 02:40:03,562 [e85a2726-2e5b-406c-85a0-fa43518636ec@group-5D0963015C7F-FollowerState] INFO  server.RaftServerConfigKeys (ConfUtils.java:logGet(44)) - raft.server.leaderelection.pre-vote = false (custom)
2022-03-03 02:40:03,562 [e85a2726-2e5b-406c-85a0-fa43518636ec@group-5D0963015C7F-FollowerState] INFO  impl.RoleInfo (RoleInfo.java:updateAndGet(130)) - e85a2726-2e5b-406c-85a0-fa43518636ec: start e85a2726-2e5b-406c-85a0-fa43518636ec@group-5D0963015C7F-LeaderElection9
2022-03-03 02:40:03,577 [e85a2726-2e5b-406c-85a0-fa43518636ec@group-5D0963015C7F-LeaderElection9] INFO  impl.LeaderElection (LeaderElection.java:askForVotes(306)) - e85a2726-2e5b-406c-85a0-fa43518636ec@group-5D0963015C7F-LeaderElection9 ELECTION round 0: submit vote requests at term 1 for -1: [e85a2726-2e5b-406c-85a0-fa43518636ec|rpc:10.1.0.45:44853|priority:1], old=null
2022-03-03 02:40:03,577 [e85a2726-2e5b-406c-85a0-fa43518636ec@group-5D0963015C7F-LeaderElection9] INFO  impl.LeaderElection (LeaderElection.java:askForVotes(308)) - e85a2726-2e5b-406c-85a0-fa43518636ec@group-5D0963015C7F-LeaderElection9 ELECTION round 0: result PASSED (term=1)
2022-03-03 02:40:03,577 [e85a2726-2e5b-406c-85a0-fa43518636ec@group-5D0963015C7F-LeaderElection9] INFO  impl.RoleInfo (RoleInfo.java:shutdownLeaderElection(121)) - e85a2726-2e5b-406c-85a0-fa43518636ec: shutdown e85a2726-2e5b-406c-85a0-fa43518636ec@group-5D0963015C7F-LeaderElection9
2022-03-03 02:40:03,577 [e85a2726-2e5b-406c-85a0-fa43518636ec@group-5D0963015C7F-LeaderElection9] INFO  server.RaftServer$Division (RaftServerImpl.java:setRole(290)) - e85a2726-2e5b-406c-85a0-fa43518636ec@group-5D0963015C7F: changes role from CANDIDATE to LEADER at term 1 for changeToLeader
2022-03-03 02:40:03,577 [e85a2726-2e5b-406c-85a0-fa43518636ec@group-5D0963015C7F-LeaderElection9] INFO  ratis.XceiverServerRatis (XceiverServerRatis.java:handleLeaderChangedNotification(867)) - Leader change notification received for group: group-5D0963015C7F with new leaderId: e85a2726-2e5b-406c-85a0-fa43518636ec
2022-03-03 02:40:03,578 [e85a2726-2e5b-406c-85a0-fa43518636ec@group-5D0963015C7F-LeaderElection9] INFO  server.RaftServer$Division (ServerState.java:setLeader(285)) - e85a2726-2e5b-406c-85a0-fa43518636ec@group-5D0963015C7F: change Leader from null to e85a2726-2e5b-406c-85a0-fa43518636ec at term 1 for becomeLeader, leader elected after 5061ms
2022-03-03 02:40:03,578 [e85a2726-2e5b-406c-85a0-fa43518636ec@group-5D0963015C7F-LeaderElection9] INFO  server.RaftServerConfigKeys (ConfUtils.java:logGet(44)) - raft.server.staging.catchup.gap = 1000 (default)
2022-03-03 02:40:03,578 [e85a2726-2e5b-406c-85a0-fa43518636ec@group-5D0963015C7F-LeaderElection9] INFO  server.RaftServerConfigKeys (ConfUtils.java:logGet(44)) - raft.server.write.element-limit = 1024 (custom)
2022-03-03 02:40:03,578 [e85a2726-2e5b-406c-85a0-fa43518636ec@group-5D0963015C7F-LeaderElection9] INFO  server.RaftServerConfigKeys (ConfUtils.java:logGet(44)) - raft.server.write.byte-limit = 1024 M (=1073741824) (custom)
2022-03-03 02:40:03,579 [e85a2726-2e5b-406c-85a0-fa43518636ec@group-5D0963015C7F-LeaderElection9] INFO  server.RaftServerConfigKeys (ConfUtils.java:logGet(44)) - raft.server.watch.timeout = 180s (custom)
2022-03-03 02:40:03,579 [e85a2726-2e5b-406c-85a0-fa43518636ec@group-5D0963015C7F-LeaderElection9] INFO  server.RaftServerConfigKeys (ConfUtils.java:logGet(44)) - raft.server.watch.timeout.denomination = 1s (default)
2022-03-03 02:40:03,579 [e85a2726-2e5b-406c-85a0-fa43518636ec@group-5D0963015C7F-LeaderElection9] INFO  server.RaftServerConfigKeys (ConfUtils.java:logGet(44)) - raft.server.watch.element-limit = 65536 (default)
2022-03-03 02:40:03,579 [e85a2726-2e5b-406c-85a0-fa43518636ec@group-5D0963015C7F-LeaderElection9] INFO  server.RaftServerConfigKeys (ConfUtils.java:logGet(44)) - raft.server.write.element-limit = 1024 (custom)
2022-03-03 02:40:03,579 [e85a2726-2e5b-406c-85a0-fa43518636ec@group-5D0963015C7F-LeaderElection9] INFO  server.RaftServerConfigKeys (ConfUtils.java:logGet(44)) - raft.server.write.follower.gap.ratio.max = -1.0 (default)
2022-03-03 02:40:03,579 [EventQueue-OpenPipelineForHealthyPipelineSafeModeRule] INFO  safemode.SCMSafeModeManager (HealthyPipelineSafeModeRule.java:process(124)) - SCM in safe mode. Healthy pipelines reported count is 0, required healthy pipeline reported count is 1
2022-03-03 02:40:03,579 [e85a2726-2e5b-406c-85a0-fa43518636ec@group-5D0963015C7F-LeaderElection9] INFO  impl.RoleInfo (RoleInfo.java:updateAndGet(130)) - e85a2726-2e5b-406c-85a0-fa43518636ec: start e85a2726-2e5b-406c-85a0-fa43518636ec@group-5D0963015C7F-LeaderStateImpl
2022-03-03 02:40:03,580 [e85a2726-2e5b-406c-85a0-fa43518636ec@group-5D0963015C7F-LeaderElection9] INFO  segmented.SegmentedRaftLogWorker (SegmentedRaftLogWorker.java:startLogSegment(394)) - e85a2726-2e5b-406c-85a0-fa43518636ec@group-5D0963015C7F-SegmentedRaftLogWorker: Starting segment from index:0
2022-03-03 02:40:03,582 [e85a2726-2e5b-406c-85a0-fa43518636ec@group-5D0963015C7F-SegmentedRaftLogWorker] INFO  segmented.SegmentedRaftLogWorker (SegmentedRaftLogWorker.java:execute(601)) - e85a2726-2e5b-406c-85a0-fa43518636ec@group-5D0963015C7F-SegmentedRaftLogWorker: created new log segment /home/runner/work/ozone/ozone/hadoop-ozone/integration-test/target/test-dir/MiniOzoneClusterImpl-ab5f91a4-db32-4111-a157-42cecbd844d3/datanode-1/data/ratis/b582ccb9-7d71-43d4-8c21-5d0963015c7f/current/log_inprogress_0
2022-03-03 02:40:03,582 [e85a2726-2e5b-406c-85a0-fa43518636ec@group-5D0963015C7F-LeaderElection9] INFO  server.RaftServer$Division (ServerState.java:setRaftConf(387)) - e85a2726-2e5b-406c-85a0-fa43518636ec@group-5D0963015C7F: set configuration 0: [e85a2726-2e5b-406c-85a0-fa43518636ec|rpc:10.1.0.45:44853|dataStream:|priority:1], old=null
2022-03-03 02:40:03,691 [Listener at 127.0.0.1/41665] INFO  ozone.MiniOzoneClusterImpl (MiniOzoneClusterImpl.java:lambda$waitForClusterToBeReady$0(219)) - Nodes are ready. Got 3 of 3 DN Heartbeats.
2022-03-03 02:40:03,691 [Listener at 127.0.0.1/41665] INFO  ozone.MiniOzoneClusterImpl (MiniOzoneClusterImpl.java:lambda$waitForClusterToBeReady$0(222)) - Waiting for cluster to exit safe mode
2022-03-03 02:40:03,692 [Listener at 127.0.0.1/41665] INFO  ozone.MiniOzoneClusterImpl (MiniOzoneClusterImpl.java:lambda$waitForClusterToBeReady$0(224)) - SCM became leader
2022-03-03 02:40:03,877 [0f66cbef-d2c2-4da9-b5af-505c5e5b0cb0@group-674C060E4486-FollowerState] INFO  impl.FollowerState (FollowerState.java:run(134)) - 0f66cbef-d2c2-4da9-b5af-505c5e5b0cb0@group-674C060E4486-FollowerState: change to CANDIDATE, lastRpcElapsedTime:5107972955ns, electionTimeout:5084ms
2022-03-03 02:40:03,877 [0f66cbef-d2c2-4da9-b5af-505c5e5b0cb0@group-674C060E4486-FollowerState] INFO  impl.RoleInfo (RoleInfo.java:shutdownFollowerState(108)) - 0f66cbef-d2c2-4da9-b5af-505c5e5b0cb0: shutdown 0f66cbef-d2c2-4da9-b5af-505c5e5b0cb0@group-674C060E4486-FollowerState
2022-03-03 02:40:03,877 [0f66cbef-d2c2-4da9-b5af-505c5e5b0cb0@group-674C060E4486-FollowerState] INFO  server.RaftServer$Division (RaftServerImpl.java:setRole(290)) - 0f66cbef-d2c2-4da9-b5af-505c5e5b0cb0@group-674C060E4486: changes role from  FOLLOWER to CANDIDATE at term 0 for changeToCandidate
2022-03-03 02:40:03,879 [0f66cbef-d2c2-4da9-b5af-505c5e5b0cb0@group-674C060E4486-FollowerState] INFO  server.RaftServerConfigKeys (ConfUtils.java:logGet(44)) - raft.server.leaderelection.pre-vote = false (custom)
2022-03-03 02:40:03,879 [0f66cbef-d2c2-4da9-b5af-505c5e5b0cb0@group-674C060E4486-FollowerState] INFO  impl.RoleInfo (RoleInfo.java:updateAndGet(130)) - 0f66cbef-d2c2-4da9-b5af-505c5e5b0cb0: start 0f66cbef-d2c2-4da9-b5af-505c5e5b0cb0@group-674C060E4486-LeaderElection10
2022-03-03 02:40:03,888 [0f66cbef-d2c2-4da9-b5af-505c5e5b0cb0@group-674C060E4486-LeaderElection10] INFO  impl.LeaderElection (LeaderElection.java:askForVotes(306)) - 0f66cbef-d2c2-4da9-b5af-505c5e5b0cb0@group-674C060E4486-LeaderElection10 ELECTION round 0: submit vote requests at term 1 for -1: [0f66cbef-d2c2-4da9-b5af-505c5e5b0cb0|rpc:10.1.0.45:44365|priority:1], old=null
2022-03-03 02:40:03,888 [0f66cbef-d2c2-4da9-b5af-505c5e5b0cb0@group-674C060E4486-LeaderElection10] INFO  impl.LeaderElection (LeaderElection.java:askForVotes(308)) - 0f66cbef-d2c2-4da9-b5af-505c5e5b0cb0@group-674C060E4486-LeaderElection10 ELECTION round 0: result PASSED (term=1)
2022-03-03 02:40:03,888 [0f66cbef-d2c2-4da9-b5af-505c5e5b0cb0@group-674C060E4486-LeaderElection10] INFO  impl.RoleInfo (RoleInfo.java:shutdownLeaderElection(121)) - 0f66cbef-d2c2-4da9-b5af-505c5e5b0cb0: shutdown 0f66cbef-d2c2-4da9-b5af-505c5e5b0cb0@group-674C060E4486-LeaderElection10
2022-03-03 02:40:03,888 [0f66cbef-d2c2-4da9-b5af-505c5e5b0cb0@group-674C060E4486-LeaderElection10] INFO  server.RaftServer$Division (RaftServerImpl.java:setRole(290)) - 0f66cbef-d2c2-4da9-b5af-505c5e5b0cb0@group-674C060E4486: changes role from CANDIDATE to LEADER at term 1 for changeToLeader
2022-03-03 02:40:03,888 [0f66cbef-d2c2-4da9-b5af-505c5e5b0cb0@group-674C060E4486-LeaderElection10] INFO  ratis.XceiverServerRatis (XceiverServerRatis.java:handleLeaderChangedNotification(867)) - Leader change notification received for group: group-674C060E4486 with new leaderId: 0f66cbef-d2c2-4da9-b5af-505c5e5b0cb0
2022-03-03 02:40:03,890 [0f66cbef-d2c2-4da9-b5af-505c5e5b0cb0@group-674C060E4486-LeaderElection10] INFO  server.RaftServer$Division (ServerState.java:setLeader(285)) - 0f66cbef-d2c2-4da9-b5af-505c5e5b0cb0@group-674C060E4486: change Leader from null to 0f66cbef-d2c2-4da9-b5af-505c5e5b0cb0 at term 1 for becomeLeader, leader elected after 5145ms
2022-03-03 02:40:03,891 [EventQueue-OpenPipelineForHealthyPipelineSafeModeRule] INFO  safemode.SCMSafeModeManager (HealthyPipelineSafeModeRule.java:process(124)) - SCM in safe mode. Healthy pipelines reported count is 0, required healthy pipeline reported count is 1
2022-03-03 02:40:03,893 [0f66cbef-d2c2-4da9-b5af-505c5e5b0cb0@group-674C060E4486-LeaderElection10] INFO  server.RaftServerConfigKeys (ConfUtils.java:logGet(44)) - raft.server.staging.catchup.gap = 1000 (default)
2022-03-03 02:40:03,893 [0f66cbef-d2c2-4da9-b5af-505c5e5b0cb0@group-674C060E4486-LeaderElection10] INFO  server.RaftServerConfigKeys (ConfUtils.java:logGet(44)) - raft.server.write.element-limit = 1024 (custom)
2022-03-03 02:40:03,894 [0f66cbef-d2c2-4da9-b5af-505c5e5b0cb0@group-674C060E4486-LeaderElection10] INFO  server.RaftServerConfigKeys (ConfUtils.java:logGet(44)) - raft.server.write.byte-limit = 1024 M (=1073741824) (custom)
2022-03-03 02:40:03,896 [0f66cbef-d2c2-4da9-b5af-505c5e5b0cb0@group-674C060E4486-LeaderElection10] INFO  server.RaftServerConfigKeys (ConfUtils.java:logGet(44)) - raft.server.watch.timeout = 180s (custom)
2022-03-03 02:40:03,896 [0f66cbef-d2c2-4da9-b5af-505c5e5b0cb0@group-674C060E4486-LeaderElection10] INFO  server.RaftServerConfigKeys (ConfUtils.java:logGet(44)) - raft.server.watch.timeout.denomination = 1s (default)
2022-03-03 02:40:03,896 [0f66cbef-d2c2-4da9-b5af-505c5e5b0cb0@group-674C060E4486-LeaderElection10] INFO  server.RaftServerConfigKeys (ConfUtils.java:logGet(44)) - raft.server.watch.element-limit = 65536 (default)
2022-03-03 02:40:03,896 [0f66cbef-d2c2-4da9-b5af-505c5e5b0cb0@group-674C060E4486-LeaderElection10] INFO  server.RaftServerConfigKeys (ConfUtils.java:logGet(44)) - raft.server.write.element-limit = 1024 (custom)
2022-03-03 02:40:03,896 [0f66cbef-d2c2-4da9-b5af-505c5e5b0cb0@group-674C060E4486-LeaderElection10] INFO  server.RaftServerConfigKeys (ConfUtils.java:logGet(44)) - raft.server.write.follower.gap.ratio.max = -1.0 (default)
2022-03-03 02:40:03,897 [0f66cbef-d2c2-4da9-b5af-505c5e5b0cb0@group-674C060E4486-LeaderElection10] INFO  impl.RoleInfo (RoleInfo.java:updateAndGet(130)) - 0f66cbef-d2c2-4da9-b5af-505c5e5b0cb0: start 0f66cbef-d2c2-4da9-b5af-505c5e5b0cb0@group-674C060E4486-LeaderStateImpl
2022-03-03 02:40:03,898 [0f66cbef-d2c2-4da9-b5af-505c5e5b0cb0@group-674C060E4486-LeaderElection10] INFO  segmented.SegmentedRaftLogWorker (SegmentedRaftLogWorker.java:startLogSegment(394)) - 0f66cbef-d2c2-4da9-b5af-505c5e5b0cb0@group-674C060E4486-SegmentedRaftLogWorker: Starting segment from index:0
2022-03-03 02:40:03,901 [0f66cbef-d2c2-4da9-b5af-505c5e5b0cb0@group-674C060E4486-SegmentedRaftLogWorker] INFO  segmented.SegmentedRaftLogWorker (SegmentedRaftLogWorker.java:execute(601)) - 0f66cbef-d2c2-4da9-b5af-505c5e5b0cb0@group-674C060E4486-SegmentedRaftLogWorker: created new log segment /home/runner/work/ozone/ozone/hadoop-ozone/integration-test/target/test-dir/MiniOzoneClusterImpl-ab5f91a4-db32-4111-a157-42cecbd844d3/datanode-2/data/ratis/a3df3954-883a-4061-8d60-674c060e4486/current/log_inprogress_0
2022-03-03 02:40:03,902 [0f66cbef-d2c2-4da9-b5af-505c5e5b0cb0@group-674C060E4486-LeaderElection10] INFO  server.RaftServer$Division (ServerState.java:setRaftConf(387)) - 0f66cbef-d2c2-4da9-b5af-505c5e5b0cb0@group-674C060E4486: set configuration 0: [0f66cbef-d2c2-4da9-b5af-505c5e5b0cb0|rpc:10.1.0.45:44365|dataStream:|priority:1], old=null
2022-03-03 02:40:04,692 [Listener at 127.0.0.1/41665] INFO  ozone.MiniOzoneClusterImpl (MiniOzoneClusterImpl.java:lambda$waitForClusterToBeReady$0(219)) - Nodes are ready. Got 3 of 3 DN Heartbeats.
2022-03-03 02:40:04,692 [Listener at 127.0.0.1/41665] INFO  ozone.MiniOzoneClusterImpl (MiniOzoneClusterImpl.java:lambda$waitForClusterToBeReady$0(222)) - Waiting for cluster to exit safe mode
2022-03-03 02:40:04,692 [Listener at 127.0.0.1/41665] INFO  ozone.MiniOzoneClusterImpl (MiniOzoneClusterImpl.java:lambda$waitForClusterToBeReady$0(224)) - SCM became leader
2022-03-03 02:40:05,692 [Listener at 127.0.0.1/41665] INFO  ozone.MiniOzoneClusterImpl (MiniOzoneClusterImpl.java:lambda$waitForClusterToBeReady$0(219)) - Nodes are ready. Got 3 of 3 DN Heartbeats.
2022-03-03 02:40:05,692 [Listener at 127.0.0.1/41665] INFO  ozone.MiniOzoneClusterImpl (MiniOzoneClusterImpl.java:lambda$waitForClusterToBeReady$0(222)) - Waiting for cluster to exit safe mode
2022-03-03 02:40:05,693 [Listener at 127.0.0.1/41665] INFO  ozone.MiniOzoneClusterImpl (MiniOzoneClusterImpl.java:lambda$waitForClusterToBeReady$0(224)) - SCM became leader
2022-03-03 02:40:06,693 [Listener at 127.0.0.1/41665] INFO  ozone.MiniOzoneClusterImpl (MiniOzoneClusterImpl.java:lambda$waitForClusterToBeReady$0(219)) - Nodes are ready. Got 3 of 3 DN Heartbeats.
2022-03-03 02:40:06,693 [Listener at 127.0.0.1/41665] INFO  ozone.MiniOzoneClusterImpl (MiniOzoneClusterImpl.java:lambda$waitForClusterToBeReady$0(222)) - Waiting for cluster to exit safe mode
2022-03-03 02:40:06,693 [Listener at 127.0.0.1/41665] INFO  ozone.MiniOzoneClusterImpl (MiniOzoneClusterImpl.java:lambda$waitForClusterToBeReady$0(224)) - SCM became leader
2022-03-03 02:40:07,694 [Listener at 127.0.0.1/41665] INFO  ozone.MiniOzoneClusterImpl (MiniOzoneClusterImpl.java:lambda$waitForClusterToBeReady$0(219)) - Nodes are ready. Got 3 of 3 DN Heartbeats.
2022-03-03 02:40:07,694 [Listener at 127.0.0.1/41665] INFO  ozone.MiniOzoneClusterImpl (MiniOzoneClusterImpl.java:lambda$waitForClusterToBeReady$0(222)) - Waiting for cluster to exit safe mode
2022-03-03 02:40:07,694 [Listener at 127.0.0.1/41665] INFO  ozone.MiniOzoneClusterImpl (MiniOzoneClusterImpl.java:lambda$waitForClusterToBeReady$0(224)) - SCM became leader
2022-03-03 02:40:08,552 [0f66cbef-d2c2-4da9-b5af-505c5e5b0cb0@group-73809025A354-FollowerState] INFO  impl.FollowerState (FollowerState.java:run(134)) - 0f66cbef-d2c2-4da9-b5af-505c5e5b0cb0@group-73809025A354-FollowerState: change to CANDIDATE, lastRpcElapsedTime:5073402654ns, electionTimeout:5067ms
2022-03-03 02:40:08,552 [0f66cbef-d2c2-4da9-b5af-505c5e5b0cb0@group-73809025A354-FollowerState] INFO  impl.RoleInfo (RoleInfo.java:shutdownFollowerState(108)) - 0f66cbef-d2c2-4da9-b5af-505c5e5b0cb0: shutdown 0f66cbef-d2c2-4da9-b5af-505c5e5b0cb0@group-73809025A354-FollowerState
2022-03-03 02:40:08,552 [0f66cbef-d2c2-4da9-b5af-505c5e5b0cb0@group-73809025A354-FollowerState] INFO  server.RaftServer$Division (RaftServerImpl.java:setRole(290)) - 0f66cbef-d2c2-4da9-b5af-505c5e5b0cb0@group-73809025A354: changes role from  FOLLOWER to CANDIDATE at term 1 for changeToCandidate
2022-03-03 02:40:08,552 [0f66cbef-d2c2-4da9-b5af-505c5e5b0cb0@group-73809025A354-FollowerState] INFO  server.RaftServerConfigKeys (ConfUtils.java:logGet(44)) - raft.server.leaderelection.pre-vote = false (custom)
2022-03-03 02:40:08,552 [0f66cbef-d2c2-4da9-b5af-505c5e5b0cb0@group-73809025A354-FollowerState] INFO  impl.RoleInfo (RoleInfo.java:updateAndGet(130)) - 0f66cbef-d2c2-4da9-b5af-505c5e5b0cb0: start 0f66cbef-d2c2-4da9-b5af-505c5e5b0cb0@group-73809025A354-LeaderElection11
2022-03-03 02:40:08,558 [0f66cbef-d2c2-4da9-b5af-505c5e5b0cb0@group-73809025A354-LeaderElection11] INFO  impl.LeaderElection (LeaderElection.java:askForVotes(306)) - 0f66cbef-d2c2-4da9-b5af-505c5e5b0cb0@group-73809025A354-LeaderElection11 ELECTION round 0: submit vote requests at term 2 for -1: [4b8390af-2520-419e-8318-f002d4bf1943|rpc:10.1.0.45:38817|priority:0, e85a2726-2e5b-406c-85a0-fa43518636ec|rpc:10.1.0.45:44853|priority:1, 0f66cbef-d2c2-4da9-b5af-505c5e5b0cb0|rpc:10.1.0.45:44365|priority:0], old=null
2022-03-03 02:40:08,576 [grpc-default-executor-1] INFO  server.RaftServer$Division (RaftServerImpl.java:requestVote(1046)) - 4b8390af-2520-419e-8318-f002d4bf1943@group-73809025A354: receive requestVote(ELECTION, 0f66cbef-d2c2-4da9-b5af-505c5e5b0cb0, group-73809025A354, 2, (t:0, i:0))
2022-03-03 02:40:08,577 [grpc-default-executor-1] INFO  impl.VoteContext (VoteContext.java:log(48)) - 4b8390af-2520-419e-8318-f002d4bf1943@group-73809025A354-FOLLOWER: accept ELECTION from 0f66cbef-d2c2-4da9-b5af-505c5e5b0cb0: our priority 0 <= candidate's priority 0
2022-03-03 02:40:08,577 [grpc-default-executor-1] INFO  server.RaftServer$Division (RaftServerImpl.java:setRole(290)) - 4b8390af-2520-419e-8318-f002d4bf1943@group-73809025A354: changes role from  FOLLOWER to FOLLOWER at term 2 for candidate:0f66cbef-d2c2-4da9-b5af-505c5e5b0cb0
2022-03-03 02:40:08,577 [grpc-default-executor-1] INFO  impl.RoleInfo (RoleInfo.java:shutdownFollowerState(108)) - 4b8390af-2520-419e-8318-f002d4bf1943: shutdown 4b8390af-2520-419e-8318-f002d4bf1943@group-73809025A354-FollowerState
2022-03-03 02:40:08,577 [grpc-default-executor-1] INFO  impl.RoleInfo (RoleInfo.java:updateAndGet(130)) - 4b8390af-2520-419e-8318-f002d4bf1943: start 4b8390af-2520-419e-8318-f002d4bf1943@group-73809025A354-FollowerState
2022-03-03 02:40:08,577 [4b8390af-2520-419e-8318-f002d4bf1943@group-73809025A354-FollowerState] INFO  impl.FollowerState (FollowerState.java:run(143)) - 4b8390af-2520-419e-8318-f002d4bf1943@group-73809025A354-FollowerState was interrupted: {}
java.lang.InterruptedException: sleep interrupted
	at java.lang.Thread.sleep(Native Method)
	at java.lang.Thread.sleep(Thread.java:342)
	at java.util.concurrent.TimeUnit.sleep(TimeUnit.java:386)
	at org.apache.ratis.util.TimeDuration.sleep(TimeDuration.java:324)
	at org.apache.ratis.util.TimeDuration.sleep(TimeDuration.java:309)
	at org.apache.ratis.server.impl.FollowerState.run(FollowerState.java:118)
2022-03-03 02:40:08,588 [grpc-default-executor-1] INFO  server.RaftServer$Division (RaftServerImpl.java:requestVote(1078)) - 4b8390af-2520-419e-8318-f002d4bf1943@group-73809025A354 replies to ELECTION vote request: 0f66cbef-d2c2-4da9-b5af-505c5e5b0cb0<-4b8390af-2520-419e-8318-f002d4bf1943#0:OK-t2. Peer's state: 4b8390af-2520-419e-8318-f002d4bf1943@group-73809025A354:t2, leader=null, voted=0f66cbef-d2c2-4da9-b5af-505c5e5b0cb0, raftlog=4b8390af-2520-419e-8318-f002d4bf1943@group-73809025A354-SegmentedRaftLog:OPENED:c-1, conf=-1: [4b8390af-2520-419e-8318-f002d4bf1943|rpc:10.1.0.45:38817|priority:0, e85a2726-2e5b-406c-85a0-fa43518636ec|rpc:10.1.0.45:44853|priority:1, 0f66cbef-d2c2-4da9-b5af-505c5e5b0cb0|rpc:10.1.0.45:44365|priority:0], old=null
2022-03-03 02:40:08,589 [grpc-default-executor-1] INFO  server.RaftServer$Division (RaftServerImpl.java:requestVote(1046)) - e85a2726-2e5b-406c-85a0-fa43518636ec@group-73809025A354: receive requestVote(ELECTION, 0f66cbef-d2c2-4da9-b5af-505c5e5b0cb0, group-73809025A354, 2, (t:0, i:0))
2022-03-03 02:40:08,591 [grpc-default-executor-1] INFO  impl.VoteContext (VoteContext.java:log(48)) - e85a2726-2e5b-406c-85a0-fa43518636ec@group-73809025A354-FOLLOWER: reject ELECTION from 0f66cbef-d2c2-4da9-b5af-505c5e5b0cb0: our priority 1 > candidate's priority 0
2022-03-03 02:40:08,591 [grpc-default-executor-1] INFO  server.RaftServer$Division (RaftServerImpl.java:setRole(290)) - e85a2726-2e5b-406c-85a0-fa43518636ec@group-73809025A354: changes role from  FOLLOWER to FOLLOWER at term 2 for candidate:0f66cbef-d2c2-4da9-b5af-505c5e5b0cb0
2022-03-03 02:40:08,591 [grpc-default-executor-1] INFO  impl.RoleInfo (RoleInfo.java:shutdownFollowerState(108)) - e85a2726-2e5b-406c-85a0-fa43518636ec: shutdown e85a2726-2e5b-406c-85a0-fa43518636ec@group-73809025A354-FollowerState
2022-03-03 02:40:08,591 [grpc-default-executor-1] INFO  impl.RoleInfo (RoleInfo.java:updateAndGet(130)) - e85a2726-2e5b-406c-85a0-fa43518636ec: start e85a2726-2e5b-406c-85a0-fa43518636ec@group-73809025A354-FollowerState
2022-03-03 02:40:08,591 [e85a2726-2e5b-406c-85a0-fa43518636ec@group-73809025A354-FollowerState] INFO  impl.FollowerState (FollowerState.java:run(143)) - e85a2726-2e5b-406c-85a0-fa43518636ec@group-73809025A354-FollowerState was interrupted: {}
java.lang.InterruptedException: sleep interrupted
	at java.lang.Thread.sleep(Native Method)
	at java.lang.Thread.sleep(Thread.java:342)
	at java.util.concurrent.TimeUnit.sleep(TimeUnit.java:386)
	at org.apache.ratis.util.TimeDuration.sleep(TimeDuration.java:324)
	at org.apache.ratis.util.TimeDuration.sleep(TimeDuration.java:309)
	at org.apache.ratis.server.impl.FollowerState.run(FollowerState.java:118)
2022-03-03 02:40:08,597 [grpc-default-executor-1] INFO  server.RaftServer$Division (RaftServerImpl.java:requestVote(1078)) - e85a2726-2e5b-406c-85a0-fa43518636ec@group-73809025A354 replies to ELECTION vote request: 0f66cbef-d2c2-4da9-b5af-505c5e5b0cb0<-e85a2726-2e5b-406c-85a0-fa43518636ec#0:FAIL-t2. Peer's state: e85a2726-2e5b-406c-85a0-fa43518636ec@group-73809025A354:t2, leader=null, voted=null, raftlog=e85a2726-2e5b-406c-85a0-fa43518636ec@group-73809025A354-SegmentedRaftLog:OPENED:c-1, conf=-1: [4b8390af-2520-419e-8318-f002d4bf1943|rpc:10.1.0.45:38817|priority:0, e85a2726-2e5b-406c-85a0-fa43518636ec|rpc:10.1.0.45:44853|priority:1, 0f66cbef-d2c2-4da9-b5af-505c5e5b0cb0|rpc:10.1.0.45:44365|priority:0], old=null
2022-03-03 02:40:08,602 [0f66cbef-d2c2-4da9-b5af-505c5e5b0cb0@group-73809025A354-LeaderElection11] INFO  impl.LeaderElection (LeaderElection.java:logAndReturn(89)) - 0f66cbef-d2c2-4da9-b5af-505c5e5b0cb0@group-73809025A354-LeaderElection11: ELECTION REJECTED received 2 response(s) and 0 exception(s):
2022-03-03 02:40:08,602 [0f66cbef-d2c2-4da9-b5af-505c5e5b0cb0@group-73809025A354-LeaderElection11] INFO  impl.LeaderElection (LeaderElection.java:logAndReturn(93)) -   Response 0: 0f66cbef-d2c2-4da9-b5af-505c5e5b0cb0<-4b8390af-2520-419e-8318-f002d4bf1943#0:OK-t2
2022-03-03 02:40:08,602 [0f66cbef-d2c2-4da9-b5af-505c5e5b0cb0@group-73809025A354-LeaderElection11] INFO  impl.LeaderElection (LeaderElection.java:logAndReturn(93)) -   Response 1: 0f66cbef-d2c2-4da9-b5af-505c5e5b0cb0<-e85a2726-2e5b-406c-85a0-fa43518636ec#0:FAIL-t2
2022-03-03 02:40:08,602 [0f66cbef-d2c2-4da9-b5af-505c5e5b0cb0@group-73809025A354-LeaderElection11] INFO  impl.LeaderElection (LeaderElection.java:askForVotes(308)) - 0f66cbef-d2c2-4da9-b5af-505c5e5b0cb0@group-73809025A354-LeaderElection11 ELECTION round 0: result REJECTED
2022-03-03 02:40:08,602 [0f66cbef-d2c2-4da9-b5af-505c5e5b0cb0@group-73809025A354-LeaderElection11] INFO  server.RaftServer$Division (RaftServerImpl.java:setRole(290)) - 0f66cbef-d2c2-4da9-b5af-505c5e5b0cb0@group-73809025A354: changes role from CANDIDATE to FOLLOWER at term 2 for REJECTED
2022-03-03 02:40:08,602 [0f66cbef-d2c2-4da9-b5af-505c5e5b0cb0@group-73809025A354-LeaderElection11] INFO  impl.RoleInfo (RoleInfo.java:shutdownLeaderElection(121)) - 0f66cbef-d2c2-4da9-b5af-505c5e5b0cb0: shutdown 0f66cbef-d2c2-4da9-b5af-505c5e5b0cb0@group-73809025A354-LeaderElection11
2022-03-03 02:40:08,602 [0f66cbef-d2c2-4da9-b5af-505c5e5b0cb0@group-73809025A354-LeaderElection11] INFO  impl.RoleInfo (RoleInfo.java:updateAndGet(130)) - 0f66cbef-d2c2-4da9-b5af-505c5e5b0cb0: start 0f66cbef-d2c2-4da9-b5af-505c5e5b0cb0@group-73809025A354-FollowerState
2022-03-03 02:40:08,694 [Listener at 127.0.0.1/41665] INFO  ozone.MiniOzoneClusterImpl (MiniOzoneClusterImpl.java:lambda$waitForClusterToBeReady$0(219)) - Nodes are ready. Got 3 of 3 DN Heartbeats.
2022-03-03 02:40:08,695 [Listener at 127.0.0.1/41665] INFO  ozone.MiniOzoneClusterImpl (MiniOzoneClusterImpl.java:lambda$waitForClusterToBeReady$0(222)) - Waiting for cluster to exit safe mode
2022-03-03 02:40:08,695 [Listener at 127.0.0.1/41665] INFO  ozone.MiniOzoneClusterImpl (MiniOzoneClusterImpl.java:lambda$waitForClusterToBeReady$0(224)) - SCM became leader
2022-03-03 02:40:09,695 [Listener at 127.0.0.1/41665] INFO  ozone.MiniOzoneClusterImpl (MiniOzoneClusterImpl.java:lambda$waitForClusterToBeReady$0(219)) - Nodes are ready. Got 3 of 3 DN Heartbeats.
2022-03-03 02:40:09,696 [Listener at 127.0.0.1/41665] INFO  ozone.MiniOzoneClusterImpl (MiniOzoneClusterImpl.java:lambda$waitForClusterToBeReady$0(222)) - Waiting for cluster to exit safe mode
2022-03-03 02:40:09,696 [Listener at 127.0.0.1/41665] INFO  ozone.MiniOzoneClusterImpl (MiniOzoneClusterImpl.java:lambda$waitForClusterToBeReady$0(224)) - SCM became leader
2022-03-03 02:40:10,696 [Listener at 127.0.0.1/41665] INFO  ozone.MiniOzoneClusterImpl (MiniOzoneClusterImpl.java:lambda$waitForClusterToBeReady$0(219)) - Nodes are ready. Got 3 of 3 DN Heartbeats.
2022-03-03 02:40:10,696 [Listener at 127.0.0.1/41665] INFO  ozone.MiniOzoneClusterImpl (MiniOzoneClusterImpl.java:lambda$waitForClusterToBeReady$0(222)) - Waiting for cluster to exit safe mode
2022-03-03 02:40:10,696 [Listener at 127.0.0.1/41665] INFO  ozone.MiniOzoneClusterImpl (MiniOzoneClusterImpl.java:lambda$waitForClusterToBeReady$0(224)) - SCM became leader
2022-03-03 02:40:11,697 [Listener at 127.0.0.1/41665] INFO  ozone.MiniOzoneClusterImpl (MiniOzoneClusterImpl.java:lambda$waitForClusterToBeReady$0(219)) - Nodes are ready. Got 3 of 3 DN Heartbeats.
2022-03-03 02:40:11,697 [Listener at 127.0.0.1/41665] INFO  ozone.MiniOzoneClusterImpl (MiniOzoneClusterImpl.java:lambda$waitForClusterToBeReady$0(222)) - Waiting for cluster to exit safe mode
2022-03-03 02:40:11,697 [Listener at 127.0.0.1/41665] INFO  ozone.MiniOzoneClusterImpl (MiniOzoneClusterImpl.java:lambda$waitForClusterToBeReady$0(224)) - SCM became leader
2022-03-03 02:40:12,697 [Listener at 127.0.0.1/41665] INFO  ozone.MiniOzoneClusterImpl (MiniOzoneClusterImpl.java:lambda$waitForClusterToBeReady$0(219)) - Nodes are ready. Got 3 of 3 DN Heartbeats.
2022-03-03 02:40:12,697 [Listener at 127.0.0.1/41665] INFO  ozone.MiniOzoneClusterImpl (MiniOzoneClusterImpl.java:lambda$waitForClusterToBeReady$0(222)) - Waiting for cluster to exit safe mode
2022-03-03 02:40:12,697 [Listener at 127.0.0.1/41665] INFO  ozone.MiniOzoneClusterImpl (MiniOzoneClusterImpl.java:lambda$waitForClusterToBeReady$0(224)) - SCM became leader
2022-03-03 02:40:13,636 [4b8390af-2520-419e-8318-f002d4bf1943@group-73809025A354-FollowerState] INFO  impl.FollowerState (FollowerState.java:run(134)) - 4b8390af-2520-419e-8318-f002d4bf1943@group-73809025A354-FollowerState: change to CANDIDATE, lastRpcElapsedTime:5048179860ns, electionTimeout:5048ms
2022-03-03 02:40:13,636 [4b8390af-2520-419e-8318-f002d4bf1943@group-73809025A354-FollowerState] INFO  impl.RoleInfo (RoleInfo.java:shutdownFollowerState(108)) - 4b8390af-2520-419e-8318-f002d4bf1943: shutdown 4b8390af-2520-419e-8318-f002d4bf1943@group-73809025A354-FollowerState
2022-03-03 02:40:13,636 [4b8390af-2520-419e-8318-f002d4bf1943@group-73809025A354-FollowerState] INFO  server.RaftServer$Division (RaftServerImpl.java:setRole(290)) - 4b8390af-2520-419e-8318-f002d4bf1943@group-73809025A354: changes role from  FOLLOWER to CANDIDATE at term 2 for changeToCandidate
2022-03-03 02:40:13,636 [4b8390af-2520-419e-8318-f002d4bf1943@group-73809025A354-FollowerState] INFO  server.RaftServerConfigKeys (ConfUtils.java:logGet(44)) - raft.server.leaderelection.pre-vote = false (custom)
2022-03-03 02:40:13,636 [4b8390af-2520-419e-8318-f002d4bf1943@group-73809025A354-FollowerState] INFO  impl.RoleInfo (RoleInfo.java:updateAndGet(130)) - 4b8390af-2520-419e-8318-f002d4bf1943: start 4b8390af-2520-419e-8318-f002d4bf1943@group-73809025A354-LeaderElection12
2022-03-03 02:40:13,648 [4b8390af-2520-419e-8318-f002d4bf1943@group-73809025A354-LeaderElection12] INFO  impl.LeaderElection (LeaderElection.java:askForVotes(306)) - 4b8390af-2520-419e-8318-f002d4bf1943@group-73809025A354-LeaderElection12 ELECTION round 0: submit vote requests at term 3 for -1: [4b8390af-2520-419e-8318-f002d4bf1943|rpc:10.1.0.45:38817|priority:0, e85a2726-2e5b-406c-85a0-fa43518636ec|rpc:10.1.0.45:44853|priority:1, 0f66cbef-d2c2-4da9-b5af-505c5e5b0cb0|rpc:10.1.0.45:44365|priority:0], old=null
2022-03-03 02:40:13,661 [grpc-default-executor-1] INFO  server.RaftServer$Division (RaftServerImpl.java:requestVote(1046)) - e85a2726-2e5b-406c-85a0-fa43518636ec@group-73809025A354: receive requestVote(ELECTION, 4b8390af-2520-419e-8318-f002d4bf1943, group-73809025A354, 3, (t:0, i:0))
2022-03-03 02:40:13,662 [grpc-default-executor-1] INFO  impl.VoteContext (VoteContext.java:log(48)) - e85a2726-2e5b-406c-85a0-fa43518636ec@group-73809025A354-FOLLOWER: reject ELECTION from 4b8390af-2520-419e-8318-f002d4bf1943: our priority 1 > candidate's priority 0
2022-03-03 02:40:13,662 [grpc-default-executor-1] INFO  server.RaftServer$Division (RaftServerImpl.java:setRole(290)) - e85a2726-2e5b-406c-85a0-fa43518636ec@group-73809025A354: changes role from  FOLLOWER to FOLLOWER at term 3 for candidate:4b8390af-2520-419e-8318-f002d4bf1943
2022-03-03 02:40:13,662 [grpc-default-executor-1] INFO  impl.RoleInfo (RoleInfo.java:shutdownFollowerState(108)) - e85a2726-2e5b-406c-85a0-fa43518636ec: shutdown e85a2726-2e5b-406c-85a0-fa43518636ec@group-73809025A354-FollowerState
2022-03-03 02:40:13,662 [grpc-default-executor-1] INFO  impl.RoleInfo (RoleInfo.java:updateAndGet(130)) - e85a2726-2e5b-406c-85a0-fa43518636ec: start e85a2726-2e5b-406c-85a0-fa43518636ec@group-73809025A354-FollowerState
2022-03-03 02:40:13,662 [e85a2726-2e5b-406c-85a0-fa43518636ec@group-73809025A354-FollowerState] INFO  impl.FollowerState (FollowerState.java:run(143)) - e85a2726-2e5b-406c-85a0-fa43518636ec@group-73809025A354-FollowerState was interrupted: {}
java.lang.InterruptedException: sleep interrupted
	at java.lang.Thread.sleep(Native Method)
	at java.lang.Thread.sleep(Thread.java:342)
	at java.util.concurrent.TimeUnit.sleep(TimeUnit.java:386)
	at org.apache.ratis.util.TimeDuration.sleep(TimeDuration.java:324)
	at org.apache.ratis.util.TimeDuration.sleep(TimeDuration.java:309)
	at org.apache.ratis.server.impl.FollowerState.run(FollowerState.java:118)
2022-03-03 02:40:13,666 [grpc-default-executor-2] INFO  server.RaftServer$Division (RaftServerImpl.java:requestVote(1046)) - 0f66cbef-d2c2-4da9-b5af-505c5e5b0cb0@group-73809025A354: receive requestVote(ELECTION, 4b8390af-2520-419e-8318-f002d4bf1943, group-73809025A354, 3, (t:0, i:0))
2022-03-03 02:40:13,666 [grpc-default-executor-2] INFO  impl.VoteContext (VoteContext.java:log(48)) - 0f66cbef-d2c2-4da9-b5af-505c5e5b0cb0@group-73809025A354-FOLLOWER: accept ELECTION from 4b8390af-2520-419e-8318-f002d4bf1943: our priority 0 <= candidate's priority 0
2022-03-03 02:40:13,666 [grpc-default-executor-2] INFO  server.RaftServer$Division (RaftServerImpl.java:setRole(290)) - 0f66cbef-d2c2-4da9-b5af-505c5e5b0cb0@group-73809025A354: changes role from  FOLLOWER to FOLLOWER at term 3 for candidate:4b8390af-2520-419e-8318-f002d4bf1943
2022-03-03 02:40:13,666 [grpc-default-executor-2] INFO  impl.RoleInfo (RoleInfo.java:shutdownFollowerState(108)) - 0f66cbef-d2c2-4da9-b5af-505c5e5b0cb0: shutdown 0f66cbef-d2c2-4da9-b5af-505c5e5b0cb0@group-73809025A354-FollowerState
2022-03-03 02:40:13,666 [grpc-default-executor-2] INFO  impl.RoleInfo (RoleInfo.java:updateAndGet(130)) - 0f66cbef-d2c2-4da9-b5af-505c5e5b0cb0: start 0f66cbef-d2c2-4da9-b5af-505c5e5b0cb0@group-73809025A354-FollowerState
2022-03-03 02:40:13,666 [0f66cbef-d2c2-4da9-b5af-505c5e5b0cb0@group-73809025A354-FollowerState] INFO  impl.FollowerState (FollowerState.java:run(143)) - 0f66cbef-d2c2-4da9-b5af-505c5e5b0cb0@group-73809025A354-FollowerState was interrupted: {}
java.lang.InterruptedException: sleep interrupted
	at java.lang.Thread.sleep(Native Method)
	at java.lang.Thread.sleep(Thread.java:342)
	at java.util.concurrent.TimeUnit.sleep(TimeUnit.java:386)
	at org.apache.ratis.util.TimeDuration.sleep(TimeDuration.java:324)
	at org.apache.ratis.util.TimeDuration.sleep(TimeDuration.java:309)
	at org.apache.ratis.server.impl.FollowerState.run(FollowerState.java:118)
2022-03-03 02:40:13,667 [grpc-default-executor-1] INFO  server.RaftServer$Division (RaftServerImpl.java:requestVote(1078)) - e85a2726-2e5b-406c-85a0-fa43518636ec@group-73809025A354 replies to ELECTION vote request: 4b8390af-2520-419e-8318-f002d4bf1943<-e85a2726-2e5b-406c-85a0-fa43518636ec#0:FAIL-t3. Peer's state: e85a2726-2e5b-406c-85a0-fa43518636ec@group-73809025A354:t3, leader=null, voted=null, raftlog=e85a2726-2e5b-406c-85a0-fa43518636ec@group-73809025A354-SegmentedRaftLog:OPENED:c-1, conf=-1: [4b8390af-2520-419e-8318-f002d4bf1943|rpc:10.1.0.45:38817|priority:0, e85a2726-2e5b-406c-85a0-fa43518636ec|rpc:10.1.0.45:44853|priority:1, 0f66cbef-d2c2-4da9-b5af-505c5e5b0cb0|rpc:10.1.0.45:44365|priority:0], old=null
2022-03-03 02:40:13,669 [4b8390af-2520-419e-8318-f002d4bf1943@group-73809025A354-LeaderElection12] INFO  impl.LeaderElection (LeaderElection.java:logAndReturn(89)) - 4b8390af-2520-419e-8318-f002d4bf1943@group-73809025A354-LeaderElection12: ELECTION REJECTED received 1 response(s) and 0 exception(s):
2022-03-03 02:40:13,669 [4b8390af-2520-419e-8318-f002d4bf1943@group-73809025A354-LeaderElection12] INFO  impl.LeaderElection (LeaderElection.java:logAndReturn(93)) -   Response 0: 4b8390af-2520-419e-8318-f002d4bf1943<-e85a2726-2e5b-406c-85a0-fa43518636ec#0:FAIL-t3
2022-03-03 02:40:13,669 [4b8390af-2520-419e-8318-f002d4bf1943@group-73809025A354-LeaderElection12] INFO  impl.LeaderElection (LeaderElection.java:askForVotes(308)) - 4b8390af-2520-419e-8318-f002d4bf1943@group-73809025A354-LeaderElection12 ELECTION round 0: result REJECTED
2022-03-03 02:40:13,669 [4b8390af-2520-419e-8318-f002d4bf1943@group-73809025A354-LeaderElection12] INFO  server.RaftServer$Division (RaftServerImpl.java:setRole(290)) - 4b8390af-2520-419e-8318-f002d4bf1943@group-73809025A354: changes role from CANDIDATE to FOLLOWER at term 3 for REJECTED
2022-03-03 02:40:13,669 [4b8390af-2520-419e-8318-f002d4bf1943@group-73809025A354-LeaderElection12] INFO  impl.RoleInfo (RoleInfo.java:shutdownLeaderElection(121)) - 4b8390af-2520-419e-8318-f002d4bf1943: shutdown 4b8390af-2520-419e-8318-f002d4bf1943@group-73809025A354-LeaderElection12
2022-03-03 02:40:13,669 [4b8390af-2520-419e-8318-f002d4bf1943@group-73809025A354-LeaderElection12] INFO  impl.RoleInfo (RoleInfo.java:updateAndGet(130)) - 4b8390af-2520-419e-8318-f002d4bf1943: start 4b8390af-2520-419e-8318-f002d4bf1943@group-73809025A354-FollowerState
2022-03-03 02:40:13,681 [grpc-default-executor-2] INFO  server.RaftServer$Division (RaftServerImpl.java:requestVote(1078)) - 0f66cbef-d2c2-4da9-b5af-505c5e5b0cb0@group-73809025A354 replies to ELECTION vote request: 4b8390af-2520-419e-8318-f002d4bf1943<-0f66cbef-d2c2-4da9-b5af-505c5e5b0cb0#0:OK-t3. Peer's state: 0f66cbef-d2c2-4da9-b5af-505c5e5b0cb0@group-73809025A354:t3, leader=null, voted=4b8390af-2520-419e-8318-f002d4bf1943, raftlog=0f66cbef-d2c2-4da9-b5af-505c5e5b0cb0@group-73809025A354-SegmentedRaftLog:OPENED:c-1, conf=-1: [4b8390af-2520-419e-8318-f002d4bf1943|rpc:10.1.0.45:38817|priority:0, e85a2726-2e5b-406c-85a0-fa43518636ec|rpc:10.1.0.45:44853|priority:1, 0f66cbef-d2c2-4da9-b5af-505c5e5b0cb0|rpc:10.1.0.45:44365|priority:0], old=null
2022-03-03 02:40:13,698 [Listener at 127.0.0.1/41665] INFO  ozone.MiniOzoneClusterImpl (MiniOzoneClusterImpl.java:lambda$waitForClusterToBeReady$0(219)) - Nodes are ready. Got 3 of 3 DN Heartbeats.
2022-03-03 02:40:13,698 [Listener at 127.0.0.1/41665] INFO  ozone.MiniOzoneClusterImpl (MiniOzoneClusterImpl.java:lambda$waitForClusterToBeReady$0(222)) - Waiting for cluster to exit safe mode
2022-03-03 02:40:13,698 [Listener at 127.0.0.1/41665] INFO  ozone.MiniOzoneClusterImpl (MiniOzoneClusterImpl.java:lambda$waitForClusterToBeReady$0(224)) - SCM became leader
2022-03-03 02:40:14,698 [Listener at 127.0.0.1/41665] INFO  ozone.MiniOzoneClusterImpl (MiniOzoneClusterImpl.java:lambda$waitForClusterToBeReady$0(219)) - Nodes are ready. Got 3 of 3 DN Heartbeats.
2022-03-03 02:40:14,699 [Listener at 127.0.0.1/41665] INFO  ozone.MiniOzoneClusterImpl (MiniOzoneClusterImpl.java:lambda$waitForClusterToBeReady$0(222)) - Waiting for cluster to exit safe mode
2022-03-03 02:40:14,699 [Listener at 127.0.0.1/41665] INFO  ozone.MiniOzoneClusterImpl (MiniOzoneClusterImpl.java:lambda$waitForClusterToBeReady$0(224)) - SCM became leader
2022-03-03 02:40:15,699 [Listener at 127.0.0.1/41665] INFO  ozone.MiniOzoneClusterImpl (MiniOzoneClusterImpl.java:lambda$waitForClusterToBeReady$0(219)) - Nodes are ready. Got 3 of 3 DN Heartbeats.
2022-03-03 02:40:15,699 [Listener at 127.0.0.1/41665] INFO  ozone.MiniOzoneClusterImpl (MiniOzoneClusterImpl.java:lambda$waitForClusterToBeReady$0(222)) - Waiting for cluster to exit safe mode
2022-03-03 02:40:15,699 [Listener at 127.0.0.1/41665] INFO  ozone.MiniOzoneClusterImpl (MiniOzoneClusterImpl.java:lambda$waitForClusterToBeReady$0(224)) - SCM became leader
2022-03-03 02:40:16,700 [Listener at 127.0.0.1/41665] INFO  ozone.MiniOzoneClusterImpl (MiniOzoneClusterImpl.java:lambda$waitForClusterToBeReady$0(219)) - Nodes are ready. Got 3 of 3 DN Heartbeats.
2022-03-03 02:40:16,700 [Listener at 127.0.0.1/41665] INFO  ozone.MiniOzoneClusterImpl (MiniOzoneClusterImpl.java:lambda$waitForClusterToBeReady$0(222)) - Waiting for cluster to exit safe mode
2022-03-03 02:40:16,700 [Listener at 127.0.0.1/41665] INFO  ozone.MiniOzoneClusterImpl (MiniOzoneClusterImpl.java:lambda$waitForClusterToBeReady$0(224)) - SCM became leader
2022-03-03 02:40:17,700 [Listener at 127.0.0.1/41665] INFO  ozone.MiniOzoneClusterImpl (MiniOzoneClusterImpl.java:lambda$waitForClusterToBeReady$0(219)) - Nodes are ready. Got 3 of 3 DN Heartbeats.
2022-03-03 02:40:17,700 [Listener at 127.0.0.1/41665] INFO  ozone.MiniOzoneClusterImpl (MiniOzoneClusterImpl.java:lambda$waitForClusterToBeReady$0(222)) - Waiting for cluster to exit safe mode
2022-03-03 02:40:17,700 [Listener at 127.0.0.1/41665] INFO  ozone.MiniOzoneClusterImpl (MiniOzoneClusterImpl.java:lambda$waitForClusterToBeReady$0(224)) - SCM became leader
2022-03-03 02:40:18,701 [Listener at 127.0.0.1/41665] INFO  ozone.MiniOzoneClusterImpl (MiniOzoneClusterImpl.java:lambda$waitForClusterToBeReady$0(219)) - Nodes are ready. Got 3 of 3 DN Heartbeats.
2022-03-03 02:40:18,701 [Listener at 127.0.0.1/41665] INFO  ozone.MiniOzoneClusterImpl (MiniOzoneClusterImpl.java:lambda$waitForClusterToBeReady$0(222)) - Waiting for cluster to exit safe mode
2022-03-03 02:40:18,701 [Listener at 127.0.0.1/41665] INFO  ozone.MiniOzoneClusterImpl (MiniOzoneClusterImpl.java:lambda$waitForClusterToBeReady$0(224)) - SCM became leader
2022-03-03 02:40:18,764 [4b8390af-2520-419e-8318-f002d4bf1943@group-73809025A354-FollowerState] INFO  impl.FollowerState (FollowerState.java:run(134)) - 4b8390af-2520-419e-8318-f002d4bf1943@group-73809025A354-FollowerState: change to CANDIDATE, lastRpcElapsedTime:5094547109ns, electionTimeout:5083ms
2022-03-03 02:40:18,765 [4b8390af-2520-419e-8318-f002d4bf1943@group-73809025A354-FollowerState] INFO  impl.RoleInfo (RoleInfo.java:shutdownFollowerState(108)) - 4b8390af-2520-419e-8318-f002d4bf1943: shutdown 4b8390af-2520-419e-8318-f002d4bf1943@group-73809025A354-FollowerState
2022-03-03 02:40:18,765 [4b8390af-2520-419e-8318-f002d4bf1943@group-73809025A354-FollowerState] INFO  server.RaftServer$Division (RaftServerImpl.java:setRole(290)) - 4b8390af-2520-419e-8318-f002d4bf1943@group-73809025A354: changes role from  FOLLOWER to CANDIDATE at term 3 for changeToCandidate
2022-03-03 02:40:18,765 [4b8390af-2520-419e-8318-f002d4bf1943@group-73809025A354-FollowerState] INFO  server.RaftServerConfigKeys (ConfUtils.java:logGet(44)) - raft.server.leaderelection.pre-vote = false (custom)
2022-03-03 02:40:18,765 [4b8390af-2520-419e-8318-f002d4bf1943@group-73809025A354-FollowerState] INFO  impl.RoleInfo (RoleInfo.java:updateAndGet(130)) - 4b8390af-2520-419e-8318-f002d4bf1943: start 4b8390af-2520-419e-8318-f002d4bf1943@group-73809025A354-LeaderElection13
2022-03-03 02:40:18,771 [4b8390af-2520-419e-8318-f002d4bf1943@group-73809025A354-LeaderElection13] INFO  impl.LeaderElection (LeaderElection.java:askForVotes(306)) - 4b8390af-2520-419e-8318-f002d4bf1943@group-73809025A354-LeaderElection13 ELECTION round 0: submit vote requests at term 4 for -1: [4b8390af-2520-419e-8318-f002d4bf1943|rpc:10.1.0.45:38817|priority:0, e85a2726-2e5b-406c-85a0-fa43518636ec|rpc:10.1.0.45:44853|priority:1, 0f66cbef-d2c2-4da9-b5af-505c5e5b0cb0|rpc:10.1.0.45:44365|priority:0], old=null
2022-03-03 02:40:18,781 [grpc-default-executor-2] INFO  server.RaftServer$Division (RaftServerImpl.java:requestVote(1046)) - e85a2726-2e5b-406c-85a0-fa43518636ec@group-73809025A354: receive requestVote(ELECTION, 4b8390af-2520-419e-8318-f002d4bf1943, group-73809025A354, 4, (t:0, i:0))
2022-03-03 02:40:18,781 [grpc-default-executor-2] INFO  impl.VoteContext (VoteContext.java:log(48)) - e85a2726-2e5b-406c-85a0-fa43518636ec@group-73809025A354-FOLLOWER: reject ELECTION from 4b8390af-2520-419e-8318-f002d4bf1943: our priority 1 > candidate's priority 0
2022-03-03 02:40:18,781 [grpc-default-executor-2] INFO  server.RaftServer$Division (RaftServerImpl.java:setRole(290)) - e85a2726-2e5b-406c-85a0-fa43518636ec@group-73809025A354: changes role from  FOLLOWER to FOLLOWER at term 4 for candidate:4b8390af-2520-419e-8318-f002d4bf1943
2022-03-03 02:40:18,781 [grpc-default-executor-2] INFO  impl.RoleInfo (RoleInfo.java:shutdownFollowerState(108)) - e85a2726-2e5b-406c-85a0-fa43518636ec: shutdown e85a2726-2e5b-406c-85a0-fa43518636ec@group-73809025A354-FollowerState
2022-03-03 02:40:18,781 [grpc-default-executor-2] INFO  impl.RoleInfo (RoleInfo.java:updateAndGet(130)) - e85a2726-2e5b-406c-85a0-fa43518636ec: start e85a2726-2e5b-406c-85a0-fa43518636ec@group-73809025A354-FollowerState
2022-03-03 02:40:18,781 [e85a2726-2e5b-406c-85a0-fa43518636ec@group-73809025A354-FollowerState] INFO  impl.FollowerState (FollowerState.java:run(143)) - e85a2726-2e5b-406c-85a0-fa43518636ec@group-73809025A354-FollowerState was interrupted: {}
java.lang.InterruptedException: sleep interrupted
	at java.lang.Thread.sleep(Native Method)
	at java.lang.Thread.sleep(Thread.java:342)
	at java.util.concurrent.TimeUnit.sleep(TimeUnit.java:386)
	at org.apache.ratis.util.TimeDuration.sleep(TimeDuration.java:324)
	at org.apache.ratis.util.TimeDuration.sleep(TimeDuration.java:309)
	at org.apache.ratis.server.impl.FollowerState.run(FollowerState.java:118)
2022-03-03 02:40:18,786 [grpc-default-executor-2] INFO  server.RaftServer$Division (RaftServerImpl.java:requestVote(1078)) - e85a2726-2e5b-406c-85a0-fa43518636ec@group-73809025A354 replies to ELECTION vote request: 4b8390af-2520-419e-8318-f002d4bf1943<-e85a2726-2e5b-406c-85a0-fa43518636ec#0:FAIL-t4. Peer's state: e85a2726-2e5b-406c-85a0-fa43518636ec@group-73809025A354:t4, leader=null, voted=null, raftlog=e85a2726-2e5b-406c-85a0-fa43518636ec@group-73809025A354-SegmentedRaftLog:OPENED:c-1, conf=-1: [4b8390af-2520-419e-8318-f002d4bf1943|rpc:10.1.0.45:38817|priority:0, e85a2726-2e5b-406c-85a0-fa43518636ec|rpc:10.1.0.45:44853|priority:1, 0f66cbef-d2c2-4da9-b5af-505c5e5b0cb0|rpc:10.1.0.45:44365|priority:0], old=null
2022-03-03 02:40:18,789 [4b8390af-2520-419e-8318-f002d4bf1943@group-73809025A354-LeaderElection13] INFO  impl.LeaderElection (LeaderElection.java:logAndReturn(89)) - 4b8390af-2520-419e-8318-f002d4bf1943@group-73809025A354-LeaderElection13: ELECTION REJECTED received 1 response(s) and 0 exception(s):
2022-03-03 02:40:18,789 [4b8390af-2520-419e-8318-f002d4bf1943@group-73809025A354-LeaderElection13] INFO  impl.LeaderElection (LeaderElection.java:logAndReturn(93)) -   Response 0: 4b8390af-2520-419e-8318-f002d4bf1943<-e85a2726-2e5b-406c-85a0-fa43518636ec#0:FAIL-t4
2022-03-03 02:40:18,789 [4b8390af-2520-419e-8318-f002d4bf1943@group-73809025A354-LeaderElection13] INFO  impl.LeaderElection (LeaderElection.java:askForVotes(308)) - 4b8390af-2520-419e-8318-f002d4bf1943@group-73809025A354-LeaderElection13 ELECTION round 0: result REJECTED
2022-03-03 02:40:18,789 [4b8390af-2520-419e-8318-f002d4bf1943@group-73809025A354-LeaderElection13] INFO  server.RaftServer$Division (RaftServerImpl.java:setRole(290)) - 4b8390af-2520-419e-8318-f002d4bf1943@group-73809025A354: changes role from CANDIDATE to FOLLOWER at term 4 for REJECTED
2022-03-03 02:40:18,789 [4b8390af-2520-419e-8318-f002d4bf1943@group-73809025A354-LeaderElection13] INFO  impl.RoleInfo (RoleInfo.java:shutdownLeaderElection(121)) - 4b8390af-2520-419e-8318-f002d4bf1943: shutdown 4b8390af-2520-419e-8318-f002d4bf1943@group-73809025A354-LeaderElection13
2022-03-03 02:40:18,789 [4b8390af-2520-419e-8318-f002d4bf1943@group-73809025A354-LeaderElection13] INFO  impl.RoleInfo (RoleInfo.java:updateAndGet(130)) - 4b8390af-2520-419e-8318-f002d4bf1943: start 4b8390af-2520-419e-8318-f002d4bf1943@group-73809025A354-FollowerState
2022-03-03 02:40:18,797 [grpc-default-executor-2] INFO  server.RaftServer$Division (RaftServerImpl.java:requestVote(1046)) - 0f66cbef-d2c2-4da9-b5af-505c5e5b0cb0@group-73809025A354: receive requestVote(ELECTION, 4b8390af-2520-419e-8318-f002d4bf1943, group-73809025A354, 4, (t:0, i:0))
2022-03-03 02:40:18,797 [grpc-default-executor-2] INFO  impl.VoteContext (VoteContext.java:log(48)) - 0f66cbef-d2c2-4da9-b5af-505c5e5b0cb0@group-73809025A354-FOLLOWER: accept ELECTION from 4b8390af-2520-419e-8318-f002d4bf1943: our priority 0 <= candidate's priority 0
2022-03-03 02:40:18,798 [grpc-default-executor-2] INFO  server.RaftServer$Division (RaftServerImpl.java:setRole(290)) - 0f66cbef-d2c2-4da9-b5af-505c5e5b0cb0@group-73809025A354: changes role from  FOLLOWER to FOLLOWER at term 4 for candidate:4b8390af-2520-419e-8318-f002d4bf1943
2022-03-03 02:40:18,798 [grpc-default-executor-2] INFO  impl.RoleInfo (RoleInfo.java:shutdownFollowerState(108)) - 0f66cbef-d2c2-4da9-b5af-505c5e5b0cb0: shutdown 0f66cbef-d2c2-4da9-b5af-505c5e5b0cb0@group-73809025A354-FollowerState
2022-03-03 02:40:18,798 [grpc-default-executor-2] INFO  impl.RoleInfo (RoleInfo.java:updateAndGet(130)) - 0f66cbef-d2c2-4da9-b5af-505c5e5b0cb0: start 0f66cbef-d2c2-4da9-b5af-505c5e5b0cb0@group-73809025A354-FollowerState
2022-03-03 02:40:18,798 [0f66cbef-d2c2-4da9-b5af-505c5e5b0cb0@group-73809025A354-FollowerState] INFO  impl.FollowerState (FollowerState.java:run(143)) - 0f66cbef-d2c2-4da9-b5af-505c5e5b0cb0@group-73809025A354-FollowerState was interrupted: {}
java.lang.InterruptedException: sleep interrupted
	at java.lang.Thread.sleep(Native Method)
	at java.lang.Thread.sleep(Thread.java:342)
	at java.util.concurrent.TimeUnit.sleep(TimeUnit.java:386)
	at org.apache.ratis.util.TimeDuration.sleep(TimeDuration.java:324)
	at org.apache.ratis.util.TimeDuration.sleep(TimeDuration.java:309)
	at org.apache.ratis.server.impl.FollowerState.run(FollowerState.java:118)
2022-03-03 02:40:18,813 [grpc-default-executor-2] INFO  server.RaftServer$Division (RaftServerImpl.java:requestVote(1078)) - 0f66cbef-d2c2-4da9-b5af-505c5e5b0cb0@group-73809025A354 replies to ELECTION vote request: 4b8390af-2520-419e-8318-f002d4bf1943<-0f66cbef-d2c2-4da9-b5af-505c5e5b0cb0#0:OK-t4. Peer's state: 0f66cbef-d2c2-4da9-b5af-505c5e5b0cb0@group-73809025A354:t4, leader=null, voted=4b8390af-2520-419e-8318-f002d4bf1943, raftlog=0f66cbef-d2c2-4da9-b5af-505c5e5b0cb0@group-73809025A354-SegmentedRaftLog:OPENED:c-1, conf=-1: [4b8390af-2520-419e-8318-f002d4bf1943|rpc:10.1.0.45:38817|priority:0, e85a2726-2e5b-406c-85a0-fa43518636ec|rpc:10.1.0.45:44853|priority:1, 0f66cbef-d2c2-4da9-b5af-505c5e5b0cb0|rpc:10.1.0.45:44365|priority:0], old=null
2022-03-03 02:40:19,701 [Listener at 127.0.0.1/41665] INFO  ozone.MiniOzoneClusterImpl (MiniOzoneClusterImpl.java:lambda$waitForClusterToBeReady$0(219)) - Nodes are ready. Got 3 of 3 DN Heartbeats.
2022-03-03 02:40:19,701 [Listener at 127.0.0.1/41665] INFO  ozone.MiniOzoneClusterImpl (MiniOzoneClusterImpl.java:lambda$waitForClusterToBeReady$0(222)) - Waiting for cluster to exit safe mode
2022-03-03 02:40:19,702 [Listener at 127.0.0.1/41665] INFO  ozone.MiniOzoneClusterImpl (MiniOzoneClusterImpl.java:lambda$waitForClusterToBeReady$0(224)) - SCM became leader
2022-03-03 02:40:20,702 [Listener at 127.0.0.1/41665] INFO  ozone.MiniOzoneClusterImpl (MiniOzoneClusterImpl.java:lambda$waitForClusterToBeReady$0(219)) - Nodes are ready. Got 3 of 3 DN Heartbeats.
2022-03-03 02:40:20,702 [Listener at 127.0.0.1/41665] INFO  ozone.MiniOzoneClusterImpl (MiniOzoneClusterImpl.java:lambda$waitForClusterToBeReady$0(222)) - Waiting for cluster to exit safe mode
2022-03-03 02:40:20,702 [Listener at 127.0.0.1/41665] INFO  ozone.MiniOzoneClusterImpl (MiniOzoneClusterImpl.java:lambda$waitForClusterToBeReady$0(224)) - SCM became leader
2022-03-03 02:40:21,702 [Listener at 127.0.0.1/41665] INFO  ozone.MiniOzoneClusterImpl (MiniOzoneClusterImpl.java:lambda$waitForClusterToBeReady$0(219)) - Nodes are ready. Got 3 of 3 DN Heartbeats.
2022-03-03 02:40:21,703 [Listener at 127.0.0.1/41665] INFO  ozone.MiniOzoneClusterImpl (MiniOzoneClusterImpl.java:lambda$waitForClusterToBeReady$0(222)) - Waiting for cluster to exit safe mode
2022-03-03 02:40:21,703 [Listener at 127.0.0.1/41665] INFO  ozone.MiniOzoneClusterImpl (MiniOzoneClusterImpl.java:lambda$waitForClusterToBeReady$0(224)) - SCM became leader
2022-03-03 02:40:22,703 [Listener at 127.0.0.1/41665] INFO  ozone.MiniOzoneClusterImpl (MiniOzoneClusterImpl.java:lambda$waitForClusterToBeReady$0(219)) - Nodes are ready. Got 3 of 3 DN Heartbeats.
2022-03-03 02:40:22,703 [Listener at 127.0.0.1/41665] INFO  ozone.MiniOzoneClusterImpl (MiniOzoneClusterImpl.java:lambda$waitForClusterToBeReady$0(222)) - Waiting for cluster to exit safe mode
2022-03-03 02:40:22,703 [Listener at 127.0.0.1/41665] INFO  ozone.MiniOzoneClusterImpl (MiniOzoneClusterImpl.java:lambda$waitForClusterToBeReady$0(224)) - SCM became leader
2022-03-03 02:40:23,704 [Listener at 127.0.0.1/41665] INFO  ozone.MiniOzoneClusterImpl (MiniOzoneClusterImpl.java:lambda$waitForClusterToBeReady$0(219)) - Nodes are ready. Got 3 of 3 DN Heartbeats.
2022-03-03 02:40:23,704 [Listener at 127.0.0.1/41665] INFO  ozone.MiniOzoneClusterImpl (MiniOzoneClusterImpl.java:lambda$waitForClusterToBeReady$0(222)) - Waiting for cluster to exit safe mode
2022-03-03 02:40:23,704 [Listener at 127.0.0.1/41665] INFO  ozone.MiniOzoneClusterImpl (MiniOzoneClusterImpl.java:lambda$waitForClusterToBeReady$0(224)) - SCM became leader
2022-03-03 02:40:23,900 [4b8390af-2520-419e-8318-f002d4bf1943@group-73809025A354-FollowerState] INFO  impl.FollowerState (FollowerState.java:run(134)) - 4b8390af-2520-419e-8318-f002d4bf1943@group-73809025A354-FollowerState: change to CANDIDATE, lastRpcElapsedTime:5110524461ns, electionTimeout:5102ms
2022-03-03 02:40:23,901 [4b8390af-2520-419e-8318-f002d4bf1943@group-73809025A354-FollowerState] INFO  impl.RoleInfo (RoleInfo.java:shutdownFollowerState(108)) - 4b8390af-2520-419e-8318-f002d4bf1943: shutdown 4b8390af-2520-419e-8318-f002d4bf1943@group-73809025A354-FollowerState
2022-03-03 02:40:23,902 [4b8390af-2520-419e-8318-f002d4bf1943@group-73809025A354-FollowerState] INFO  server.RaftServer$Division (RaftServerImpl.java:setRole(290)) - 4b8390af-2520-419e-8318-f002d4bf1943@group-73809025A354: changes role from  FOLLOWER to CANDIDATE at term 4 for changeToCandidate
2022-03-03 02:40:23,902 [4b8390af-2520-419e-8318-f002d4bf1943@group-73809025A354-FollowerState] INFO  server.RaftServerConfigKeys (ConfUtils.java:logGet(44)) - raft.server.leaderelection.pre-vote = false (custom)
2022-03-03 02:40:23,902 [4b8390af-2520-419e-8318-f002d4bf1943@group-73809025A354-FollowerState] INFO  impl.RoleInfo (RoleInfo.java:updateAndGet(130)) - 4b8390af-2520-419e-8318-f002d4bf1943: start 4b8390af-2520-419e-8318-f002d4bf1943@group-73809025A354-LeaderElection14
2022-03-03 02:40:23,908 [4b8390af-2520-419e-8318-f002d4bf1943@group-73809025A354-LeaderElection14] INFO  impl.LeaderElection (LeaderElection.java:askForVotes(306)) - 4b8390af-2520-419e-8318-f002d4bf1943@group-73809025A354-LeaderElection14 ELECTION round 0: submit vote requests at term 5 for -1: [4b8390af-2520-419e-8318-f002d4bf1943|rpc:10.1.0.45:38817|priority:0, e85a2726-2e5b-406c-85a0-fa43518636ec|rpc:10.1.0.45:44853|priority:1, 0f66cbef-d2c2-4da9-b5af-505c5e5b0cb0|rpc:10.1.0.45:44365|priority:0], old=null
2022-03-03 02:40:23,912 [0f66cbef-d2c2-4da9-b5af-505c5e5b0cb0@group-73809025A354-FollowerState] INFO  impl.FollowerState (FollowerState.java:run(134)) - 0f66cbef-d2c2-4da9-b5af-505c5e5b0cb0@group-73809025A354-FollowerState: change to CANDIDATE, lastRpcElapsedTime:5099875216ns, electionTimeout:5098ms
2022-03-03 02:40:23,913 [0f66cbef-d2c2-4da9-b5af-505c5e5b0cb0@group-73809025A354-FollowerState] INFO  impl.RoleInfo (RoleInfo.java:shutdownFollowerState(108)) - 0f66cbef-d2c2-4da9-b5af-505c5e5b0cb0: shutdown 0f66cbef-d2c2-4da9-b5af-505c5e5b0cb0@group-73809025A354-FollowerState
2022-03-03 02:40:23,913 [0f66cbef-d2c2-4da9-b5af-505c5e5b0cb0@group-73809025A354-FollowerState] INFO  server.RaftServer$Division (RaftServerImpl.java:setRole(290)) - 0f66cbef-d2c2-4da9-b5af-505c5e5b0cb0@group-73809025A354: changes role from  FOLLOWER to CANDIDATE at term 4 for changeToCandidate
2022-03-03 02:40:23,919 [0f66cbef-d2c2-4da9-b5af-505c5e5b0cb0@group-73809025A354-FollowerState] INFO  server.RaftServerConfigKeys (ConfUtils.java:logGet(44)) - raft.server.leaderelection.pre-vote = false (custom)
2022-03-03 02:40:23,920 [0f66cbef-d2c2-4da9-b5af-505c5e5b0cb0@group-73809025A354-FollowerState] INFO  impl.RoleInfo (RoleInfo.java:updateAndGet(130)) - 0f66cbef-d2c2-4da9-b5af-505c5e5b0cb0: start 0f66cbef-d2c2-4da9-b5af-505c5e5b0cb0@group-73809025A354-LeaderElection15
2022-03-03 02:40:23,920 [grpc-default-executor-2] INFO  server.RaftServer$Division (RaftServerImpl.java:requestVote(1046)) - e85a2726-2e5b-406c-85a0-fa43518636ec@group-73809025A354: receive requestVote(ELECTION, 4b8390af-2520-419e-8318-f002d4bf1943, group-73809025A354, 5, (t:0, i:0))
2022-03-03 02:40:23,920 [grpc-default-executor-2] INFO  impl.VoteContext (VoteContext.java:log(48)) - e85a2726-2e5b-406c-85a0-fa43518636ec@group-73809025A354-FOLLOWER: reject ELECTION from 4b8390af-2520-419e-8318-f002d4bf1943: our priority 1 > candidate's priority 0
2022-03-03 02:40:23,920 [grpc-default-executor-2] INFO  server.RaftServer$Division (RaftServerImpl.java:setRole(290)) - e85a2726-2e5b-406c-85a0-fa43518636ec@group-73809025A354: changes role from  FOLLOWER to FOLLOWER at term 5 for candidate:4b8390af-2520-419e-8318-f002d4bf1943
2022-03-03 02:40:23,920 [grpc-default-executor-2] INFO  impl.RoleInfo (RoleInfo.java:shutdownFollowerState(108)) - e85a2726-2e5b-406c-85a0-fa43518636ec: shutdown e85a2726-2e5b-406c-85a0-fa43518636ec@group-73809025A354-FollowerState
2022-03-03 02:40:23,920 [grpc-default-executor-2] INFO  impl.RoleInfo (RoleInfo.java:updateAndGet(130)) - e85a2726-2e5b-406c-85a0-fa43518636ec: start e85a2726-2e5b-406c-85a0-fa43518636ec@group-73809025A354-FollowerState
2022-03-03 02:40:23,920 [e85a2726-2e5b-406c-85a0-fa43518636ec@group-73809025A354-FollowerState] INFO  impl.FollowerState (FollowerState.java:run(143)) - e85a2726-2e5b-406c-85a0-fa43518636ec@group-73809025A354-FollowerState was interrupted: {}
java.lang.InterruptedException: sleep interrupted
	at java.lang.Thread.sleep(Native Method)
	at java.lang.Thread.sleep(Thread.java:342)
	at java.util.concurrent.TimeUnit.sleep(TimeUnit.java:386)
	at org.apache.ratis.util.TimeDuration.sleep(TimeDuration.java:324)
	at org.apache.ratis.util.TimeDuration.sleep(TimeDuration.java:309)
	at org.apache.ratis.server.impl.FollowerState.run(FollowerState.java:118)
2022-03-03 02:40:23,926 [grpc-default-executor-2] INFO  server.RaftServer$Division (RaftServerImpl.java:requestVote(1078)) - e85a2726-2e5b-406c-85a0-fa43518636ec@group-73809025A354 replies to ELECTION vote request: 4b8390af-2520-419e-8318-f002d4bf1943<-e85a2726-2e5b-406c-85a0-fa43518636ec#0:FAIL-t5. Peer's state: e85a2726-2e5b-406c-85a0-fa43518636ec@group-73809025A354:t5, leader=null, voted=null, raftlog=e85a2726-2e5b-406c-85a0-fa43518636ec@group-73809025A354-SegmentedRaftLog:OPENED:c-1, conf=-1: [4b8390af-2520-419e-8318-f002d4bf1943|rpc:10.1.0.45:38817|priority:0, e85a2726-2e5b-406c-85a0-fa43518636ec|rpc:10.1.0.45:44853|priority:1, 0f66cbef-d2c2-4da9-b5af-505c5e5b0cb0|rpc:10.1.0.45:44365|priority:0], old=null
2022-03-03 02:40:23,926 [0f66cbef-d2c2-4da9-b5af-505c5e5b0cb0@group-73809025A354-LeaderElection15] INFO  impl.LeaderElection (LeaderElection.java:askForVotes(306)) - 0f66cbef-d2c2-4da9-b5af-505c5e5b0cb0@group-73809025A354-LeaderElection15 ELECTION round 0: submit vote requests at term 5 for -1: [4b8390af-2520-419e-8318-f002d4bf1943|rpc:10.1.0.45:38817|priority:0, e85a2726-2e5b-406c-85a0-fa43518636ec|rpc:10.1.0.45:44853|priority:1, 0f66cbef-d2c2-4da9-b5af-505c5e5b0cb0|rpc:10.1.0.45:44365|priority:0], old=null
2022-03-03 02:40:23,937 [grpc-default-executor-2] INFO  server.RaftServer$Division (RaftServerImpl.java:requestVote(1046)) - 0f66cbef-d2c2-4da9-b5af-505c5e5b0cb0@group-73809025A354: receive requestVote(ELECTION, 4b8390af-2520-419e-8318-f002d4bf1943, group-73809025A354, 5, (t:0, i:0))
2022-03-03 02:40:23,938 [grpc-default-executor-2] INFO  impl.VoteContext (VoteContext.java:log(48)) - 0f66cbef-d2c2-4da9-b5af-505c5e5b0cb0@group-73809025A354-CANDIDATE: reject ELECTION from 4b8390af-2520-419e-8318-f002d4bf1943: already has voted for 0f66cbef-d2c2-4da9-b5af-505c5e5b0cb0 at current term 5
2022-03-03 02:40:23,938 [grpc-default-executor-2] INFO  server.RaftServer$Division (RaftServerImpl.java:requestVote(1078)) - 0f66cbef-d2c2-4da9-b5af-505c5e5b0cb0@group-73809025A354 replies to ELECTION vote request: 4b8390af-2520-419e-8318-f002d4bf1943<-0f66cbef-d2c2-4da9-b5af-505c5e5b0cb0#0:FAIL-t5. Peer's state: 0f66cbef-d2c2-4da9-b5af-505c5e5b0cb0@group-73809025A354:t5, leader=null, voted=0f66cbef-d2c2-4da9-b5af-505c5e5b0cb0, raftlog=0f66cbef-d2c2-4da9-b5af-505c5e5b0cb0@group-73809025A354-SegmentedRaftLog:OPENED:c-1, conf=-1: [4b8390af-2520-419e-8318-f002d4bf1943|rpc:10.1.0.45:38817|priority:0, e85a2726-2e5b-406c-85a0-fa43518636ec|rpc:10.1.0.45:44853|priority:1, 0f66cbef-d2c2-4da9-b5af-505c5e5b0cb0|rpc:10.1.0.45:44365|priority:0], old=null
2022-03-03 02:40:23,938 [4b8390af-2520-419e-8318-f002d4bf1943@group-73809025A354-LeaderElection14] INFO  impl.LeaderElection (LeaderElection.java:logAndReturn(89)) - 4b8390af-2520-419e-8318-f002d4bf1943@group-73809025A354-LeaderElection14: ELECTION REJECTED received 1 response(s) and 0 exception(s):
2022-03-03 02:40:23,939 [4b8390af-2520-419e-8318-f002d4bf1943@group-73809025A354-LeaderElection14] INFO  impl.LeaderElection (LeaderElection.java:logAndReturn(93)) -   Response 0: 4b8390af-2520-419e-8318-f002d4bf1943<-e85a2726-2e5b-406c-85a0-fa43518636ec#0:FAIL-t5
2022-03-03 02:40:23,939 [4b8390af-2520-419e-8318-f002d4bf1943@group-73809025A354-LeaderElection14] INFO  impl.LeaderElection (LeaderElection.java:askForVotes(308)) - 4b8390af-2520-419e-8318-f002d4bf1943@group-73809025A354-LeaderElection14 ELECTION round 0: result REJECTED
2022-03-03 02:40:23,939 [4b8390af-2520-419e-8318-f002d4bf1943@group-73809025A354-LeaderElection14] INFO  server.RaftServer$Division (RaftServerImpl.java:setRole(290)) - 4b8390af-2520-419e-8318-f002d4bf1943@group-73809025A354: changes role from CANDIDATE to FOLLOWER at term 5 for REJECTED
2022-03-03 02:40:23,939 [4b8390af-2520-419e-8318-f002d4bf1943@group-73809025A354-LeaderElection14] INFO  impl.RoleInfo (RoleInfo.java:shutdownLeaderElection(121)) - 4b8390af-2520-419e-8318-f002d4bf1943: shutdown 4b8390af-2520-419e-8318-f002d4bf1943@group-73809025A354-LeaderElection14
2022-03-03 02:40:23,939 [4b8390af-2520-419e-8318-f002d4bf1943@group-73809025A354-LeaderElection14] INFO  impl.RoleInfo (RoleInfo.java:updateAndGet(130)) - 4b8390af-2520-419e-8318-f002d4bf1943: start 4b8390af-2520-419e-8318-f002d4bf1943@group-73809025A354-FollowerState
2022-03-03 02:40:23,937 [grpc-default-executor-1] INFO  server.RaftServer$Division (RaftServerImpl.java:requestVote(1046)) - 4b8390af-2520-419e-8318-f002d4bf1943@group-73809025A354: receive requestVote(ELECTION, 0f66cbef-d2c2-4da9-b5af-505c5e5b0cb0, group-73809025A354, 5, (t:0, i:0))
2022-03-03 02:40:23,945 [grpc-default-executor-1] INFO  impl.VoteContext (VoteContext.java:log(48)) - 4b8390af-2520-419e-8318-f002d4bf1943@group-73809025A354-FOLLOWER: reject ELECTION from 0f66cbef-d2c2-4da9-b5af-505c5e5b0cb0: already has voted for 4b8390af-2520-419e-8318-f002d4bf1943 at current term 5
2022-03-03 02:40:23,945 [grpc-default-executor-1] INFO  server.RaftServer$Division (RaftServerImpl.java:requestVote(1078)) - 4b8390af-2520-419e-8318-f002d4bf1943@group-73809025A354 replies to ELECTION vote request: 0f66cbef-d2c2-4da9-b5af-505c5e5b0cb0<-4b8390af-2520-419e-8318-f002d4bf1943#0:FAIL-t5. Peer's state: 4b8390af-2520-419e-8318-f002d4bf1943@group-73809025A354:t5, leader=null, voted=4b8390af-2520-419e-8318-f002d4bf1943, raftlog=4b8390af-2520-419e-8318-f002d4bf1943@group-73809025A354-SegmentedRaftLog:OPENED:c-1, conf=-1: [4b8390af-2520-419e-8318-f002d4bf1943|rpc:10.1.0.45:38817|priority:0, e85a2726-2e5b-406c-85a0-fa43518636ec|rpc:10.1.0.45:44853|priority:1, 0f66cbef-d2c2-4da9-b5af-505c5e5b0cb0|rpc:10.1.0.45:44365|priority:0], old=null
2022-03-03 02:40:23,946 [grpc-default-executor-2] INFO  server.RaftServer$Division (RaftServerImpl.java:requestVote(1046)) - e85a2726-2e5b-406c-85a0-fa43518636ec@group-73809025A354: receive requestVote(ELECTION, 0f66cbef-d2c2-4da9-b5af-505c5e5b0cb0, group-73809025A354, 5, (t:0, i:0))
2022-03-03 02:40:23,946 [grpc-default-executor-2] INFO  impl.VoteContext (VoteContext.java:log(48)) - e85a2726-2e5b-406c-85a0-fa43518636ec@group-73809025A354-FOLLOWER: reject ELECTION from 0f66cbef-d2c2-4da9-b5af-505c5e5b0cb0: our priority 1 > candidate's priority 0
2022-03-03 02:40:23,946 [grpc-default-executor-2] INFO  server.RaftServer$Division (RaftServerImpl.java:setRole(290)) - e85a2726-2e5b-406c-85a0-fa43518636ec@group-73809025A354: changes role from  FOLLOWER to FOLLOWER at term 5 for candidate:0f66cbef-d2c2-4da9-b5af-505c5e5b0cb0
2022-03-03 02:40:23,946 [grpc-default-executor-2] INFO  impl.RoleInfo (RoleInfo.java:shutdownFollowerState(108)) - e85a2726-2e5b-406c-85a0-fa43518636ec: shutdown e85a2726-2e5b-406c-85a0-fa43518636ec@group-73809025A354-FollowerState
2022-03-03 02:40:23,946 [grpc-default-executor-2] INFO  impl.RoleInfo (RoleInfo.java:updateAndGet(130)) - e85a2726-2e5b-406c-85a0-fa43518636ec: start e85a2726-2e5b-406c-85a0-fa43518636ec@group-73809025A354-FollowerState
2022-03-03 02:40:23,946 [e85a2726-2e5b-406c-85a0-fa43518636ec@group-73809025A354-FollowerState] INFO  impl.FollowerState (FollowerState.java:run(143)) - e85a2726-2e5b-406c-85a0-fa43518636ec@group-73809025A354-FollowerState was interrupted: {}
java.lang.InterruptedException: sleep interrupted
	at java.lang.Thread.sleep(Native Method)
	at java.lang.Thread.sleep(Thread.java:342)
	at java.util.concurrent.TimeUnit.sleep(TimeUnit.java:386)
	at org.apache.ratis.util.TimeDuration.sleep(TimeDuration.java:324)
	at org.apache.ratis.util.TimeDuration.sleep(TimeDuration.java:309)
	at org.apache.ratis.server.impl.FollowerState.run(FollowerState.java:118)
2022-03-03 02:40:23,949 [grpc-default-executor-2] INFO  server.RaftServer$Division (RaftServerImpl.java:requestVote(1078)) - e85a2726-2e5b-406c-85a0-fa43518636ec@group-73809025A354 replies to ELECTION vote request: 0f66cbef-d2c2-4da9-b5af-505c5e5b0cb0<-e85a2726-2e5b-406c-85a0-fa43518636ec#0:FAIL-t5. Peer's state: e85a2726-2e5b-406c-85a0-fa43518636ec@group-73809025A354:t5, leader=null, voted=null, raftlog=e85a2726-2e5b-406c-85a0-fa43518636ec@group-73809025A354-SegmentedRaftLog:OPENED:c-1, conf=-1: [4b8390af-2520-419e-8318-f002d4bf1943|rpc:10.1.0.45:38817|priority:0, e85a2726-2e5b-406c-85a0-fa43518636ec|rpc:10.1.0.45:44853|priority:1, 0f66cbef-d2c2-4da9-b5af-505c5e5b0cb0|rpc:10.1.0.45:44365|priority:0], old=null
2022-03-03 02:40:23,957 [0f66cbef-d2c2-4da9-b5af-505c5e5b0cb0@group-73809025A354-LeaderElection15] INFO  impl.LeaderElection (LeaderElection.java:logAndReturn(89)) - 0f66cbef-d2c2-4da9-b5af-505c5e5b0cb0@group-73809025A354-LeaderElection15: ELECTION REJECTED received 2 response(s) and 0 exception(s):
2022-03-03 02:40:23,957 [0f66cbef-d2c2-4da9-b5af-505c5e5b0cb0@group-73809025A354-LeaderElection15] INFO  impl.LeaderElection (LeaderElection.java:logAndReturn(93)) -   Response 0: 0f66cbef-d2c2-4da9-b5af-505c5e5b0cb0<-4b8390af-2520-419e-8318-f002d4bf1943#0:FAIL-t5
2022-03-03 02:40:23,957 [0f66cbef-d2c2-4da9-b5af-505c5e5b0cb0@group-73809025A354-LeaderElection15] INFO  impl.LeaderElection (LeaderElection.java:logAndReturn(93)) -   Response 1: 0f66cbef-d2c2-4da9-b5af-505c5e5b0cb0<-e85a2726-2e5b-406c-85a0-fa43518636ec#0:FAIL-t5
2022-03-03 02:40:23,957 [0f66cbef-d2c2-4da9-b5af-505c5e5b0cb0@group-73809025A354-LeaderElection15] INFO  impl.LeaderElection (LeaderElection.java:askForVotes(308)) - 0f66cbef-d2c2-4da9-b5af-505c5e5b0cb0@group-73809025A354-LeaderElection15 ELECTION round 0: result REJECTED
2022-03-03 02:40:23,957 [0f66cbef-d2c2-4da9-b5af-505c5e5b0cb0@group-73809025A354-LeaderElection15] INFO  server.RaftServer$Division (RaftServerImpl.java:setRole(290)) - 0f66cbef-d2c2-4da9-b5af-505c5e5b0cb0@group-73809025A354: changes role from CANDIDATE to FOLLOWER at term 5 for REJECTED
2022-03-03 02:40:23,957 [0f66cbef-d2c2-4da9-b5af-505c5e5b0cb0@group-73809025A354-LeaderElection15] INFO  impl.RoleInfo (RoleInfo.java:shutdownLeaderElection(121)) - 0f66cbef-d2c2-4da9-b5af-505c5e5b0cb0: shutdown 0f66cbef-d2c2-4da9-b5af-505c5e5b0cb0@group-73809025A354-LeaderElection15
2022-03-03 02:40:23,957 [0f66cbef-d2c2-4da9-b5af-505c5e5b0cb0@group-73809025A354-LeaderElection15] INFO  impl.RoleInfo (RoleInfo.java:updateAndGet(130)) - 0f66cbef-d2c2-4da9-b5af-505c5e5b0cb0: start 0f66cbef-d2c2-4da9-b5af-505c5e5b0cb0@group-73809025A354-FollowerState
2022-03-03 02:40:24,704 [Listener at 127.0.0.1/41665] INFO  ozone.MiniOzoneClusterImpl (MiniOzoneClusterImpl.java:lambda$waitForClusterToBeReady$0(219)) - Nodes are ready. Got 3 of 3 DN Heartbeats.
2022-03-03 02:40:24,706 [Listener at 127.0.0.1/41665] INFO  ozone.MiniOzoneClusterImpl (MiniOzoneClusterImpl.java:lambda$waitForClusterToBeReady$0(222)) - Waiting for cluster to exit safe mode
2022-03-03 02:40:24,706 [Listener at 127.0.0.1/41665] INFO  ozone.MiniOzoneClusterImpl (MiniOzoneClusterImpl.java:lambda$waitForClusterToBeReady$0(224)) - SCM became leader
2022-03-03 02:40:25,706 [Listener at 127.0.0.1/41665] INFO  ozone.MiniOzoneClusterImpl (MiniOzoneClusterImpl.java:lambda$waitForClusterToBeReady$0(219)) - Nodes are ready. Got 3 of 3 DN Heartbeats.
2022-03-03 02:40:25,706 [Listener at 127.0.0.1/41665] INFO  ozone.MiniOzoneClusterImpl (MiniOzoneClusterImpl.java:lambda$waitForClusterToBeReady$0(222)) - Waiting for cluster to exit safe mode
2022-03-03 02:40:25,706 [Listener at 127.0.0.1/41665] INFO  ozone.MiniOzoneClusterImpl (MiniOzoneClusterImpl.java:lambda$waitForClusterToBeReady$0(224)) - SCM became leader
2022-03-03 02:40:26,706 [Listener at 127.0.0.1/41665] INFO  ozone.MiniOzoneClusterImpl (MiniOzoneClusterImpl.java:lambda$waitForClusterToBeReady$0(219)) - Nodes are ready. Got 3 of 3 DN Heartbeats.
2022-03-03 02:40:26,707 [Listener at 127.0.0.1/41665] INFO  ozone.MiniOzoneClusterImpl (MiniOzoneClusterImpl.java:lambda$waitForClusterToBeReady$0(222)) - Waiting for cluster to exit safe mode
2022-03-03 02:40:26,707 [Listener at 127.0.0.1/41665] INFO  ozone.MiniOzoneClusterImpl (MiniOzoneClusterImpl.java:lambda$waitForClusterToBeReady$0(224)) - SCM became leader
2022-03-03 02:40:27,707 [Listener at 127.0.0.1/41665] INFO  ozone.MiniOzoneClusterImpl (MiniOzoneClusterImpl.java:lambda$waitForClusterToBeReady$0(219)) - Nodes are ready. Got 3 of 3 DN Heartbeats.
2022-03-03 02:40:27,707 [Listener at 127.0.0.1/41665] INFO  ozone.MiniOzoneClusterImpl (MiniOzoneClusterImpl.java:lambda$waitForClusterToBeReady$0(222)) - Waiting for cluster to exit safe mode
2022-03-03 02:40:27,707 [Listener at 127.0.0.1/41665] INFO  ozone.MiniOzoneClusterImpl (MiniOzoneClusterImpl.java:lambda$waitForClusterToBeReady$0(224)) - SCM became leader
2022-03-03 02:40:28,708 [Listener at 127.0.0.1/41665] INFO  ozone.MiniOzoneClusterImpl (MiniOzoneClusterImpl.java:lambda$waitForClusterToBeReady$0(219)) - Nodes are ready. Got 3 of 3 DN Heartbeats.
2022-03-03 02:40:28,708 [Listener at 127.0.0.1/41665] INFO  ozone.MiniOzoneClusterImpl (MiniOzoneClusterImpl.java:lambda$waitForClusterToBeReady$0(222)) - Waiting for cluster to exit safe mode
2022-03-03 02:40:28,708 [Listener at 127.0.0.1/41665] INFO  ozone.MiniOzoneClusterImpl (MiniOzoneClusterImpl.java:lambda$waitForClusterToBeReady$0(224)) - SCM became leader
2022-03-03 02:40:29,028 [0f66cbef-d2c2-4da9-b5af-505c5e5b0cb0@group-73809025A354-FollowerState] INFO  impl.FollowerState (FollowerState.java:run(134)) - 0f66cbef-d2c2-4da9-b5af-505c5e5b0cb0@group-73809025A354-FollowerState: change to CANDIDATE, lastRpcElapsedTime:5071092445ns, electionTimeout:5064ms
2022-03-03 02:40:29,028 [0f66cbef-d2c2-4da9-b5af-505c5e5b0cb0@group-73809025A354-FollowerState] INFO  impl.RoleInfo (RoleInfo.java:shutdownFollowerState(108)) - 0f66cbef-d2c2-4da9-b5af-505c5e5b0cb0: shutdown 0f66cbef-d2c2-4da9-b5af-505c5e5b0cb0@group-73809025A354-FollowerState
2022-03-03 02:40:29,029 [0f66cbef-d2c2-4da9-b5af-505c5e5b0cb0@group-73809025A354-FollowerState] INFO  server.RaftServer$Division (RaftServerImpl.java:setRole(290)) - 0f66cbef-d2c2-4da9-b5af-505c5e5b0cb0@group-73809025A354: changes role from  FOLLOWER to CANDIDATE at term 5 for changeToCandidate
2022-03-03 02:40:29,029 [0f66cbef-d2c2-4da9-b5af-505c5e5b0cb0@group-73809025A354-FollowerState] INFO  server.RaftServerConfigKeys (ConfUtils.java:logGet(44)) - raft.server.leaderelection.pre-vote = false (custom)
2022-03-03 02:40:29,029 [0f66cbef-d2c2-4da9-b5af-505c5e5b0cb0@group-73809025A354-FollowerState] INFO  impl.RoleInfo (RoleInfo.java:updateAndGet(130)) - 0f66cbef-d2c2-4da9-b5af-505c5e5b0cb0: start 0f66cbef-d2c2-4da9-b5af-505c5e5b0cb0@group-73809025A354-LeaderElection16
2022-03-03 02:40:29,032 [0f66cbef-d2c2-4da9-b5af-505c5e5b0cb0@group-73809025A354-LeaderElection16] INFO  impl.LeaderElection (LeaderElection.java:askForVotes(306)) - 0f66cbef-d2c2-4da9-b5af-505c5e5b0cb0@group-73809025A354-LeaderElection16 ELECTION round 0: submit vote requests at term 6 for -1: [4b8390af-2520-419e-8318-f002d4bf1943|rpc:10.1.0.45:38817|priority:0, e85a2726-2e5b-406c-85a0-fa43518636ec|rpc:10.1.0.45:44853|priority:1, 0f66cbef-d2c2-4da9-b5af-505c5e5b0cb0|rpc:10.1.0.45:44365|priority:0], old=null
2022-03-03 02:40:29,041 [grpc-default-executor-2] INFO  server.RaftServer$Division (RaftServerImpl.java:requestVote(1046)) - 4b8390af-2520-419e-8318-f002d4bf1943@group-73809025A354: receive requestVote(ELECTION, 0f66cbef-d2c2-4da9-b5af-505c5e5b0cb0, group-73809025A354, 6, (t:0, i:0))
2022-03-03 02:40:29,041 [grpc-default-executor-2] INFO  impl.VoteContext (VoteContext.java:log(48)) - 4b8390af-2520-419e-8318-f002d4bf1943@group-73809025A354-FOLLOWER: accept ELECTION from 0f66cbef-d2c2-4da9-b5af-505c5e5b0cb0: our priority 0 <= candidate's priority 0
2022-03-03 02:40:29,041 [grpc-default-executor-2] INFO  server.RaftServer$Division (RaftServerImpl.java:setRole(290)) - 4b8390af-2520-419e-8318-f002d4bf1943@group-73809025A354: changes role from  FOLLOWER to FOLLOWER at term 6 for candidate:0f66cbef-d2c2-4da9-b5af-505c5e5b0cb0
2022-03-03 02:40:29,041 [grpc-default-executor-2] INFO  impl.RoleInfo (RoleInfo.java:shutdownFollowerState(108)) - 4b8390af-2520-419e-8318-f002d4bf1943: shutdown 4b8390af-2520-419e-8318-f002d4bf1943@group-73809025A354-FollowerState
2022-03-03 02:40:29,042 [grpc-default-executor-2] INFO  impl.RoleInfo (RoleInfo.java:updateAndGet(130)) - 4b8390af-2520-419e-8318-f002d4bf1943: start 4b8390af-2520-419e-8318-f002d4bf1943@group-73809025A354-FollowerState
2022-03-03 02:40:29,042 [4b8390af-2520-419e-8318-f002d4bf1943@group-73809025A354-FollowerState] INFO  impl.FollowerState (FollowerState.java:run(143)) - 4b8390af-2520-419e-8318-f002d4bf1943@group-73809025A354-FollowerState was interrupted: {}
java.lang.InterruptedException: sleep interrupted
	at java.lang.Thread.sleep(Native Method)
	at java.lang.Thread.sleep(Thread.java:342)
	at java.util.concurrent.TimeUnit.sleep(TimeUnit.java:386)
	at org.apache.ratis.util.TimeDuration.sleep(TimeDuration.java:324)
	at org.apache.ratis.util.TimeDuration.sleep(TimeDuration.java:309)
	at org.apache.ratis.server.impl.FollowerState.run(FollowerState.java:118)
2022-03-03 02:40:29,049 [grpc-default-executor-1] INFO  server.RaftServer$Division (RaftServerImpl.java:requestVote(1046)) - e85a2726-2e5b-406c-85a0-fa43518636ec@group-73809025A354: receive requestVote(ELECTION, 0f66cbef-d2c2-4da9-b5af-505c5e5b0cb0, group-73809025A354, 6, (t:0, i:0))
2022-03-03 02:40:29,049 [grpc-default-executor-1] INFO  impl.VoteContext (VoteContext.java:log(48)) - e85a2726-2e5b-406c-85a0-fa43518636ec@group-73809025A354-FOLLOWER: reject ELECTION from 0f66cbef-d2c2-4da9-b5af-505c5e5b0cb0: our priority 1 > candidate's priority 0
2022-03-03 02:40:29,049 [grpc-default-executor-1] INFO  server.RaftServer$Division (RaftServerImpl.java:setRole(290)) - e85a2726-2e5b-406c-85a0-fa43518636ec@group-73809025A354: changes role from  FOLLOWER to FOLLOWER at term 6 for candidate:0f66cbef-d2c2-4da9-b5af-505c5e5b0cb0
2022-03-03 02:40:29,049 [grpc-default-executor-1] INFO  impl.RoleInfo (RoleInfo.java:shutdownFollowerState(108)) - e85a2726-2e5b-406c-85a0-fa43518636ec: shutdown e85a2726-2e5b-406c-85a0-fa43518636ec@group-73809025A354-FollowerState
2022-03-03 02:40:29,050 [grpc-default-executor-1] INFO  impl.RoleInfo (RoleInfo.java:updateAndGet(130)) - e85a2726-2e5b-406c-85a0-fa43518636ec: start e85a2726-2e5b-406c-85a0-fa43518636ec@group-73809025A354-FollowerState
2022-03-03 02:40:29,050 [e85a2726-2e5b-406c-85a0-fa43518636ec@group-73809025A354-FollowerState] INFO  impl.FollowerState (FollowerState.java:run(143)) - e85a2726-2e5b-406c-85a0-fa43518636ec@group-73809025A354-FollowerState was interrupted: {}
java.lang.InterruptedException: sleep interrupted
	at java.lang.Thread.sleep(Native Method)
	at java.lang.Thread.sleep(Thread.java:342)
	at java.util.concurrent.TimeUnit.sleep(TimeUnit.java:386)
	at org.apache.ratis.util.TimeDuration.sleep(TimeDuration.java:324)
	at org.apache.ratis.util.TimeDuration.sleep(TimeDuration.java:309)
	at org.apache.ratis.server.impl.FollowerState.run(FollowerState.java:118)
2022-03-03 02:40:29,053 [grpc-default-executor-2] INFO  server.RaftServer$Division (RaftServerImpl.java:requestVote(1078)) - 4b8390af-2520-419e-8318-f002d4bf1943@group-73809025A354 replies to ELECTION vote request: 0f66cbef-d2c2-4da9-b5af-505c5e5b0cb0<-4b8390af-2520-419e-8318-f002d4bf1943#0:OK-t6. Peer's state: 4b8390af-2520-419e-8318-f002d4bf1943@group-73809025A354:t6, leader=null, voted=0f66cbef-d2c2-4da9-b5af-505c5e5b0cb0, raftlog=4b8390af-2520-419e-8318-f002d4bf1943@group-73809025A354-SegmentedRaftLog:OPENED:c-1, conf=-1: [4b8390af-2520-419e-8318-f002d4bf1943|rpc:10.1.0.45:38817|priority:0, e85a2726-2e5b-406c-85a0-fa43518636ec|rpc:10.1.0.45:44853|priority:1, 0f66cbef-d2c2-4da9-b5af-505c5e5b0cb0|rpc:10.1.0.45:44365|priority:0], old=null
2022-03-03 02:40:29,055 [grpc-default-executor-1] INFO  server.RaftServer$Division (RaftServerImpl.java:requestVote(1078)) - e85a2726-2e5b-406c-85a0-fa43518636ec@group-73809025A354 replies to ELECTION vote request: 0f66cbef-d2c2-4da9-b5af-505c5e5b0cb0<-e85a2726-2e5b-406c-85a0-fa43518636ec#0:FAIL-t6. Peer's state: e85a2726-2e5b-406c-85a0-fa43518636ec@group-73809025A354:t6, leader=null, voted=null, raftlog=e85a2726-2e5b-406c-85a0-fa43518636ec@group-73809025A354-SegmentedRaftLog:OPENED:c-1, conf=-1: [4b8390af-2520-419e-8318-f002d4bf1943|rpc:10.1.0.45:38817|priority:0, e85a2726-2e5b-406c-85a0-fa43518636ec|rpc:10.1.0.45:44853|priority:1, 0f66cbef-d2c2-4da9-b5af-505c5e5b0cb0|rpc:10.1.0.45:44365|priority:0], old=null
2022-03-03 02:40:29,058 [0f66cbef-d2c2-4da9-b5af-505c5e5b0cb0@group-73809025A354-LeaderElection16] INFO  impl.LeaderElection (LeaderElection.java:logAndReturn(89)) - 0f66cbef-d2c2-4da9-b5af-505c5e5b0cb0@group-73809025A354-LeaderElection16: ELECTION REJECTED received 1 response(s) and 0 exception(s):
2022-03-03 02:40:29,065 [0f66cbef-d2c2-4da9-b5af-505c5e5b0cb0@group-73809025A354-LeaderElection16] INFO  impl.LeaderElection (LeaderElection.java:logAndReturn(93)) -   Response 0: 0f66cbef-d2c2-4da9-b5af-505c5e5b0cb0<-e85a2726-2e5b-406c-85a0-fa43518636ec#0:FAIL-t6
2022-03-03 02:40:29,065 [0f66cbef-d2c2-4da9-b5af-505c5e5b0cb0@group-73809025A354-LeaderElection16] INFO  impl.LeaderElection (LeaderElection.java:askForVotes(308)) - 0f66cbef-d2c2-4da9-b5af-505c5e5b0cb0@group-73809025A354-LeaderElection16 ELECTION round 0: result REJECTED
2022-03-03 02:40:29,065 [0f66cbef-d2c2-4da9-b5af-505c5e5b0cb0@group-73809025A354-LeaderElection16] INFO  server.RaftServer$Division (RaftServerImpl.java:setRole(290)) - 0f66cbef-d2c2-4da9-b5af-505c5e5b0cb0@group-73809025A354: changes role from CANDIDATE to FOLLOWER at term 6 for REJECTED
2022-03-03 02:40:29,065 [0f66cbef-d2c2-4da9-b5af-505c5e5b0cb0@group-73809025A354-LeaderElection16] INFO  impl.RoleInfo (RoleInfo.java:shutdownLeaderElection(121)) - 0f66cbef-d2c2-4da9-b5af-505c5e5b0cb0: shutdown 0f66cbef-d2c2-4da9-b5af-505c5e5b0cb0@group-73809025A354-LeaderElection16
2022-03-03 02:40:29,066 [0f66cbef-d2c2-4da9-b5af-505c5e5b0cb0@group-73809025A354-LeaderElection16] INFO  impl.RoleInfo (RoleInfo.java:updateAndGet(130)) - 0f66cbef-d2c2-4da9-b5af-505c5e5b0cb0: start 0f66cbef-d2c2-4da9-b5af-505c5e5b0cb0@group-73809025A354-FollowerState
2022-03-03 02:40:29,708 [Listener at 127.0.0.1/41665] INFO  ozone.MiniOzoneClusterImpl (MiniOzoneClusterImpl.java:lambda$waitForClusterToBeReady$0(219)) - Nodes are ready. Got 3 of 3 DN Heartbeats.
2022-03-03 02:40:29,709 [Listener at 127.0.0.1/41665] INFO  ozone.MiniOzoneClusterImpl (MiniOzoneClusterImpl.java:lambda$waitForClusterToBeReady$0(222)) - Waiting for cluster to exit safe mode
2022-03-03 02:40:29,709 [Listener at 127.0.0.1/41665] INFO  ozone.MiniOzoneClusterImpl (MiniOzoneClusterImpl.java:lambda$waitForClusterToBeReady$0(224)) - SCM became leader
2022-03-03 02:40:30,710 [Listener at 127.0.0.1/41665] INFO  ozone.MiniOzoneClusterImpl (MiniOzoneClusterImpl.java:lambda$waitForClusterToBeReady$0(219)) - Nodes are ready. Got 3 of 3 DN Heartbeats.
2022-03-03 02:40:30,710 [Listener at 127.0.0.1/41665] INFO  ozone.MiniOzoneClusterImpl (MiniOzoneClusterImpl.java:lambda$waitForClusterToBeReady$0(222)) - Waiting for cluster to exit safe mode
2022-03-03 02:40:30,710 [Listener at 127.0.0.1/41665] INFO  ozone.MiniOzoneClusterImpl (MiniOzoneClusterImpl.java:lambda$waitForClusterToBeReady$0(224)) - SCM became leader
2022-03-03 02:40:31,710 [Listener at 127.0.0.1/41665] INFO  ozone.MiniOzoneClusterImpl (MiniOzoneClusterImpl.java:lambda$waitForClusterToBeReady$0(219)) - Nodes are ready. Got 3 of 3 DN Heartbeats.
2022-03-03 02:40:31,710 [Listener at 127.0.0.1/41665] INFO  ozone.MiniOzoneClusterImpl (MiniOzoneClusterImpl.java:lambda$waitForClusterToBeReady$0(222)) - Waiting for cluster to exit safe mode
2022-03-03 02:40:31,711 [Listener at 127.0.0.1/41665] INFO  ozone.MiniOzoneClusterImpl (MiniOzoneClusterImpl.java:lambda$waitForClusterToBeReady$0(224)) - SCM became leader
2022-03-03 02:40:32,711 [Listener at 127.0.0.1/41665] INFO  ozone.MiniOzoneClusterImpl (MiniOzoneClusterImpl.java:lambda$waitForClusterToBeReady$0(219)) - Nodes are ready. Got 3 of 3 DN Heartbeats.
2022-03-03 02:40:32,711 [Listener at 127.0.0.1/41665] INFO  ozone.MiniOzoneClusterImpl (MiniOzoneClusterImpl.java:lambda$waitForClusterToBeReady$0(222)) - Waiting for cluster to exit safe mode
2022-03-03 02:40:32,711 [Listener at 127.0.0.1/41665] INFO  ozone.MiniOzoneClusterImpl (MiniOzoneClusterImpl.java:lambda$waitForClusterToBeReady$0(224)) - SCM became leader
2022-03-03 02:40:33,711 [Listener at 127.0.0.1/41665] INFO  ozone.MiniOzoneClusterImpl (MiniOzoneClusterImpl.java:lambda$waitForClusterToBeReady$0(219)) - Nodes are ready. Got 3 of 3 DN Heartbeats.
2022-03-03 02:40:33,712 [Listener at 127.0.0.1/41665] INFO  ozone.MiniOzoneClusterImpl (MiniOzoneClusterImpl.java:lambda$waitForClusterToBeReady$0(222)) - Waiting for cluster to exit safe mode
2022-03-03 02:40:33,712 [Listener at 127.0.0.1/41665] INFO  ozone.MiniOzoneClusterImpl (MiniOzoneClusterImpl.java:lambda$waitForClusterToBeReady$0(224)) - SCM became leader
2022-03-03 02:40:34,112 [0f66cbef-d2c2-4da9-b5af-505c5e5b0cb0@group-73809025A354-FollowerState] INFO  impl.FollowerState (FollowerState.java:run(134)) - 0f66cbef-d2c2-4da9-b5af-505c5e5b0cb0@group-73809025A354-FollowerState: change to CANDIDATE, lastRpcElapsedTime:5046417571ns, electionTimeout:5046ms
2022-03-03 02:40:34,112 [0f66cbef-d2c2-4da9-b5af-505c5e5b0cb0@group-73809025A354-FollowerState] INFO  impl.RoleInfo (RoleInfo.java:shutdownFollowerState(108)) - 0f66cbef-d2c2-4da9-b5af-505c5e5b0cb0: shutdown 0f66cbef-d2c2-4da9-b5af-505c5e5b0cb0@group-73809025A354-FollowerState
2022-03-03 02:40:34,112 [0f66cbef-d2c2-4da9-b5af-505c5e5b0cb0@group-73809025A354-FollowerState] INFO  server.RaftServer$Division (RaftServerImpl.java:setRole(290)) - 0f66cbef-d2c2-4da9-b5af-505c5e5b0cb0@group-73809025A354: changes role from  FOLLOWER to CANDIDATE at term 6 for changeToCandidate
2022-03-03 02:40:34,112 [0f66cbef-d2c2-4da9-b5af-505c5e5b0cb0@group-73809025A354-FollowerState] INFO  server.RaftServerConfigKeys (ConfUtils.java:logGet(44)) - raft.server.leaderelection.pre-vote = false (custom)
2022-03-03 02:40:34,113 [0f66cbef-d2c2-4da9-b5af-505c5e5b0cb0@group-73809025A354-FollowerState] INFO  impl.RoleInfo (RoleInfo.java:updateAndGet(130)) - 0f66cbef-d2c2-4da9-b5af-505c5e5b0cb0: start 0f66cbef-d2c2-4da9-b5af-505c5e5b0cb0@group-73809025A354-LeaderElection17
2022-03-03 02:40:34,122 [0f66cbef-d2c2-4da9-b5af-505c5e5b0cb0@group-73809025A354-LeaderElection17] INFO  impl.LeaderElection (LeaderElection.java:askForVotes(306)) - 0f66cbef-d2c2-4da9-b5af-505c5e5b0cb0@group-73809025A354-LeaderElection17 ELECTION round 0: submit vote requests at term 7 for -1: [4b8390af-2520-419e-8318-f002d4bf1943|rpc:10.1.0.45:38817|priority:0, e85a2726-2e5b-406c-85a0-fa43518636ec|rpc:10.1.0.45:44853|priority:1, 0f66cbef-d2c2-4da9-b5af-505c5e5b0cb0|rpc:10.1.0.45:44365|priority:0], old=null
2022-03-03 02:40:34,128 [grpc-default-executor-2] INFO  server.RaftServer$Division (RaftServerImpl.java:requestVote(1046)) - 4b8390af-2520-419e-8318-f002d4bf1943@group-73809025A354: receive requestVote(ELECTION, 0f66cbef-d2c2-4da9-b5af-505c5e5b0cb0, group-73809025A354, 7, (t:0, i:0))
2022-03-03 02:40:34,128 [grpc-default-executor-2] INFO  impl.VoteContext (VoteContext.java:log(48)) - 4b8390af-2520-419e-8318-f002d4bf1943@group-73809025A354-FOLLOWER: accept ELECTION from 0f66cbef-d2c2-4da9-b5af-505c5e5b0cb0: our priority 0 <= candidate's priority 0
2022-03-03 02:40:34,128 [grpc-default-executor-2] INFO  server.RaftServer$Division (RaftServerImpl.java:setRole(290)) - 4b8390af-2520-419e-8318-f002d4bf1943@group-73809025A354: changes role from  FOLLOWER to FOLLOWER at term 7 for candidate:0f66cbef-d2c2-4da9-b5af-505c5e5b0cb0
2022-03-03 02:40:34,128 [grpc-default-executor-2] INFO  impl.RoleInfo (RoleInfo.java:shutdownFollowerState(108)) - 4b8390af-2520-419e-8318-f002d4bf1943: shutdown 4b8390af-2520-419e-8318-f002d4bf1943@group-73809025A354-FollowerState
2022-03-03 02:40:34,128 [grpc-default-executor-2] INFO  impl.RoleInfo (RoleInfo.java:updateAndGet(130)) - 4b8390af-2520-419e-8318-f002d4bf1943: start 4b8390af-2520-419e-8318-f002d4bf1943@group-73809025A354-FollowerState
2022-03-03 02:40:34,128 [4b8390af-2520-419e-8318-f002d4bf1943@group-73809025A354-FollowerState] INFO  impl.FollowerState (FollowerState.java:run(143)) - 4b8390af-2520-419e-8318-f002d4bf1943@group-73809025A354-FollowerState was interrupted: {}
java.lang.InterruptedException: sleep interrupted
	at java.lang.Thread.sleep(Native Method)
	at java.lang.Thread.sleep(Thread.java:342)
	at java.util.concurrent.TimeUnit.sleep(TimeUnit.java:386)
	at org.apache.ratis.util.TimeDuration.sleep(TimeDuration.java:324)
	at org.apache.ratis.util.TimeDuration.sleep(TimeDuration.java:309)
	at org.apache.ratis.server.impl.FollowerState.run(FollowerState.java:118)
2022-03-03 02:40:34,136 [grpc-default-executor-1] INFO  server.RaftServer$Division (RaftServerImpl.java:requestVote(1046)) - e85a2726-2e5b-406c-85a0-fa43518636ec@group-73809025A354: receive requestVote(ELECTION, 0f66cbef-d2c2-4da9-b5af-505c5e5b0cb0, group-73809025A354, 7, (t:0, i:0))
2022-03-03 02:40:34,136 [grpc-default-executor-2] INFO  server.RaftServer$Division (RaftServerImpl.java:requestVote(1078)) - 4b8390af-2520-419e-8318-f002d4bf1943@group-73809025A354 replies to ELECTION vote request: 0f66cbef-d2c2-4da9-b5af-505c5e5b0cb0<-4b8390af-2520-419e-8318-f002d4bf1943#0:OK-t7. Peer's state: 4b8390af-2520-419e-8318-f002d4bf1943@group-73809025A354:t7, leader=null, voted=0f66cbef-d2c2-4da9-b5af-505c5e5b0cb0, raftlog=4b8390af-2520-419e-8318-f002d4bf1943@group-73809025A354-SegmentedRaftLog:OPENED:c-1, conf=-1: [4b8390af-2520-419e-8318-f002d4bf1943|rpc:10.1.0.45:38817|priority:0, e85a2726-2e5b-406c-85a0-fa43518636ec|rpc:10.1.0.45:44853|priority:1, 0f66cbef-d2c2-4da9-b5af-505c5e5b0cb0|rpc:10.1.0.45:44365|priority:0], old=null
2022-03-03 02:40:34,136 [grpc-default-executor-1] INFO  impl.VoteContext (VoteContext.java:log(48)) - e85a2726-2e5b-406c-85a0-fa43518636ec@group-73809025A354-FOLLOWER: reject ELECTION from 0f66cbef-d2c2-4da9-b5af-505c5e5b0cb0: our priority 1 > candidate's priority 0
2022-03-03 02:40:34,136 [grpc-default-executor-1] INFO  server.RaftServer$Division (RaftServerImpl.java:setRole(290)) - e85a2726-2e5b-406c-85a0-fa43518636ec@group-73809025A354: changes role from  FOLLOWER to FOLLOWER at term 7 for candidate:0f66cbef-d2c2-4da9-b5af-505c5e5b0cb0
2022-03-03 02:40:34,136 [grpc-default-executor-1] INFO  impl.RoleInfo (RoleInfo.java:shutdownFollowerState(108)) - e85a2726-2e5b-406c-85a0-fa43518636ec: shutdown e85a2726-2e5b-406c-85a0-fa43518636ec@group-73809025A354-FollowerState
2022-03-03 02:40:34,136 [grpc-default-executor-1] INFO  impl.RoleInfo (RoleInfo.java:updateAndGet(130)) - e85a2726-2e5b-406c-85a0-fa43518636ec: start e85a2726-2e5b-406c-85a0-fa43518636ec@group-73809025A354-FollowerState
2022-03-03 02:40:34,136 [e85a2726-2e5b-406c-85a0-fa43518636ec@group-73809025A354-FollowerState] INFO  impl.FollowerState (FollowerState.java:run(143)) - e85a2726-2e5b-406c-85a0-fa43518636ec@group-73809025A354-FollowerState was interrupted: {}
java.lang.InterruptedException: sleep interrupted
	at java.lang.Thread.sleep(Native Method)
	at java.lang.Thread.sleep(Thread.java:342)
	at java.util.concurrent.TimeUnit.sleep(TimeUnit.java:386)
	at org.apache.ratis.util.TimeDuration.sleep(TimeDuration.java:324)
	at org.apache.ratis.util.TimeDuration.sleep(TimeDuration.java:309)
	at org.apache.ratis.server.impl.FollowerState.run(FollowerState.java:118)
2022-03-03 02:40:34,142 [grpc-default-executor-1] INFO  server.RaftServer$Division (RaftServerImpl.java:requestVote(1078)) - e85a2726-2e5b-406c-85a0-fa43518636ec@group-73809025A354 replies to ELECTION vote request: 0f66cbef-d2c2-4da9-b5af-505c5e5b0cb0<-e85a2726-2e5b-406c-85a0-fa43518636ec#0:FAIL-t7. Peer's state: e85a2726-2e5b-406c-85a0-fa43518636ec@group-73809025A354:t7, leader=null, voted=null, raftlog=e85a2726-2e5b-406c-85a0-fa43518636ec@group-73809025A354-SegmentedRaftLog:OPENED:c-1, conf=-1: [4b8390af-2520-419e-8318-f002d4bf1943|rpc:10.1.0.45:38817|priority:0, e85a2726-2e5b-406c-85a0-fa43518636ec|rpc:10.1.0.45:44853|priority:1, 0f66cbef-d2c2-4da9-b5af-505c5e5b0cb0|rpc:10.1.0.45:44365|priority:0], old=null
2022-03-03 02:40:34,143 [0f66cbef-d2c2-4da9-b5af-505c5e5b0cb0@group-73809025A354-LeaderElection17] INFO  impl.LeaderElection (LeaderElection.java:logAndReturn(89)) - 0f66cbef-d2c2-4da9-b5af-505c5e5b0cb0@group-73809025A354-LeaderElection17: ELECTION REJECTED received 2 response(s) and 0 exception(s):
2022-03-03 02:40:34,143 [0f66cbef-d2c2-4da9-b5af-505c5e5b0cb0@group-73809025A354-LeaderElection17] INFO  impl.LeaderElection (LeaderElection.java:logAndReturn(93)) -   Response 0: 0f66cbef-d2c2-4da9-b5af-505c5e5b0cb0<-4b8390af-2520-419e-8318-f002d4bf1943#0:OK-t7
2022-03-03 02:40:34,143 [0f66cbef-d2c2-4da9-b5af-505c5e5b0cb0@group-73809025A354-LeaderElection17] INFO  impl.LeaderElection (LeaderElection.java:logAndReturn(93)) -   Response 1: 0f66cbef-d2c2-4da9-b5af-505c5e5b0cb0<-e85a2726-2e5b-406c-85a0-fa43518636ec#0:FAIL-t7
2022-03-03 02:40:34,143 [0f66cbef-d2c2-4da9-b5af-505c5e5b0cb0@group-73809025A354-LeaderElection17] INFO  impl.LeaderElection (LeaderElection.java:askForVotes(308)) - 0f66cbef-d2c2-4da9-b5af-505c5e5b0cb0@group-73809025A354-LeaderElection17 ELECTION round 0: result REJECTED
2022-03-03 02:40:34,143 [0f66cbef-d2c2-4da9-b5af-505c5e5b0cb0@group-73809025A354-LeaderElection17] INFO  server.RaftServer$Division (RaftServerImpl.java:setRole(290)) - 0f66cbef-d2c2-4da9-b5af-505c5e5b0cb0@group-73809025A354: changes role from CANDIDATE to FOLLOWER at term 7 for REJECTED
2022-03-03 02:40:34,143 [0f66cbef-d2c2-4da9-b5af-505c5e5b0cb0@group-73809025A354-LeaderElection17] INFO  impl.RoleInfo (RoleInfo.java:shutdownLeaderElection(121)) - 0f66cbef-d2c2-4da9-b5af-505c5e5b0cb0: shutdown 0f66cbef-d2c2-4da9-b5af-505c5e5b0cb0@group-73809025A354-LeaderElection17
2022-03-03 02:40:34,143 [0f66cbef-d2c2-4da9-b5af-505c5e5b0cb0@group-73809025A354-LeaderElection17] INFO  impl.RoleInfo (RoleInfo.java:updateAndGet(130)) - 0f66cbef-d2c2-4da9-b5af-505c5e5b0cb0: start 0f66cbef-d2c2-4da9-b5af-505c5e5b0cb0@group-73809025A354-FollowerState
2022-03-03 02:40:34,712 [Listener at 127.0.0.1/41665] INFO  ozone.MiniOzoneClusterImpl (MiniOzoneClusterImpl.java:lambda$waitForClusterToBeReady$0(219)) - Nodes are ready. Got 3 of 3 DN Heartbeats.
2022-03-03 02:40:34,713 [Listener at 127.0.0.1/41665] INFO  ozone.MiniOzoneClusterImpl (MiniOzoneClusterImpl.java:lambda$waitForClusterToBeReady$0(222)) - Waiting for cluster to exit safe mode
2022-03-03 02:40:34,713 [Listener at 127.0.0.1/41665] INFO  ozone.MiniOzoneClusterImpl (MiniOzoneClusterImpl.java:lambda$waitForClusterToBeReady$0(224)) - SCM became leader
2022-03-03 02:40:35,713 [Listener at 127.0.0.1/41665] INFO  ozone.MiniOzoneClusterImpl (MiniOzoneClusterImpl.java:lambda$waitForClusterToBeReady$0(219)) - Nodes are ready. Got 3 of 3 DN Heartbeats.
2022-03-03 02:40:35,714 [Listener at 127.0.0.1/41665] INFO  ozone.MiniOzoneClusterImpl (MiniOzoneClusterImpl.java:lambda$waitForClusterToBeReady$0(222)) - Waiting for cluster to exit safe mode
2022-03-03 02:40:35,714 [Listener at 127.0.0.1/41665] INFO  ozone.MiniOzoneClusterImpl (MiniOzoneClusterImpl.java:lambda$waitForClusterToBeReady$0(224)) - SCM became leader
2022-03-03 02:40:36,714 [Listener at 127.0.0.1/41665] INFO  ozone.MiniOzoneClusterImpl (MiniOzoneClusterImpl.java:lambda$waitForClusterToBeReady$0(219)) - Nodes are ready. Got 3 of 3 DN Heartbeats.
2022-03-03 02:40:36,714 [Listener at 127.0.0.1/41665] INFO  ozone.MiniOzoneClusterImpl (MiniOzoneClusterImpl.java:lambda$waitForClusterToBeReady$0(222)) - Waiting for cluster to exit safe mode
2022-03-03 02:40:36,714 [Listener at 127.0.0.1/41665] INFO  ozone.MiniOzoneClusterImpl (MiniOzoneClusterImpl.java:lambda$waitForClusterToBeReady$0(224)) - SCM became leader
2022-03-03 02:40:37,714 [Listener at 127.0.0.1/41665] INFO  ozone.MiniOzoneClusterImpl (MiniOzoneClusterImpl.java:lambda$waitForClusterToBeReady$0(219)) - Nodes are ready. Got 3 of 3 DN Heartbeats.
2022-03-03 02:40:37,715 [Listener at 127.0.0.1/41665] INFO  ozone.MiniOzoneClusterImpl (MiniOzoneClusterImpl.java:lambda$waitForClusterToBeReady$0(222)) - Waiting for cluster to exit safe mode
2022-03-03 02:40:37,715 [Listener at 127.0.0.1/41665] INFO  ozone.MiniOzoneClusterImpl (MiniOzoneClusterImpl.java:lambda$waitForClusterToBeReady$0(224)) - SCM became leader
2022-03-03 02:40:38,178 [Time-limited test] INFO  ozone.MiniOzoneClusterImpl (MiniOzoneClusterImpl.java:shutdown(449)) - Shutting down the Mini Ozone Cluster
2022-03-03 02:40:38,179 [Time-limited test] INFO  ozone.MiniOzoneClusterImpl (MiniOzoneClusterImpl.java:stop(464)) - Stopping the Mini Ozone Cluster
2022-03-03 02:40:38,179 [Time-limited test] INFO  ozone.MiniOzoneClusterImpl (MiniOzoneClusterImpl.java:stopOM(546)) - Stopping the OzoneManager
2022-03-03 02:40:38,179 [Time-limited test] INFO  om.OzoneManager (OzoneManager.java:stop(1893)) - om1[localhost:0]: Stopping Ozone Manager
2022-03-03 02:40:38,180 [Time-limited test] INFO  ipc.Server (Server.java:stop(3414)) - Stopping server on 41665
2022-03-03 02:40:38,184 [IPC Server listener on 0] INFO  ipc.Server (Server.java:run(1376)) - Stopping IPC Server listener on 0
2022-03-03 02:40:38,184 [IPC Server Responder] INFO  ipc.Server (Server.java:run(1512)) - Stopping IPC Server Responder
2022-03-03 02:40:38,185 [Time-limited test] INFO  server.RaftServer (RaftServerProxy.java:lambda$close$6(391)) - om1: close
2022-03-03 02:40:38,186 [Time-limited test] INFO  server.RaftServer$Division (RaftServerImpl.java:lambda$close$4(412)) - om1@group-C5BA1605619E: shutdown
2022-03-03 02:40:38,186 [Time-limited test] INFO  util.JmxRegister (JmxRegister.java:unregister(73)) - Successfully un-registered JMX Bean with object name Ratis:service=RaftServer,group=group-C5BA1605619E,id=om1
2022-03-03 02:40:38,186 [Time-limited test] INFO  impl.RoleInfo (RoleInfo.java:shutdownLeaderState(91)) - om1: shutdown om1@group-C5BA1605619E-LeaderStateImpl
2022-03-03 02:40:38,187 [Time-limited test] INFO  impl.PendingRequests (PendingRequests.java:sendNotLeaderResponses(282)) - om1@group-C5BA1605619E-PendingRequests: sendNotLeaderResponses
2022-03-03 02:40:38,189 [om1@group-C5BA1605619E-StateMachineUpdater] INFO  ratis.OzoneManagerStateMachine (OzoneManagerStateMachine.java:takeSnapshot(417)) - Current Snapshot Index (t:1, i:0)
2022-03-03 02:40:38,189 [om1@group-C5BA1605619E-StateMachineUpdater] INFO  impl.StateMachineUpdater (StateMachineUpdater.java:takeSnapshot(281)) - om1@group-C5BA1605619E-StateMachineUpdater: Took a snapshot at index 0
2022-03-03 02:40:38,189 [om1@group-C5BA1605619E-StateMachineUpdater] INFO  impl.StateMachineUpdater (StateMachineUpdater.java:lambda$new$0(89)) - om1@group-C5BA1605619E-StateMachineUpdater: snapshotIndex: updateIncreasingly -1 -> 0
2022-03-03 02:40:38,189 [om1@group-C5BA1605619E-StateMachineUpdater] INFO  ratis.OzoneManagerStateMachine (OzoneManagerStateMachine.java:close(471)) - StateMachine has shutdown. Shutdown OzoneManager if not already shutdown.
2022-03-03 02:40:38,190 [Time-limited test] INFO  impl.StateMachineUpdater (StateMachineUpdater.java:stopAndJoin(149)) - om1@group-C5BA1605619E-StateMachineUpdater: set stopIndex = 0
2022-03-03 02:40:38,191 [Time-limited test] INFO  server.RaftServer$Division (ServerState.java:close(419)) - om1@group-C5BA1605619E: closes. applyIndex: 0
2022-03-03 02:40:38,191 [om1@group-C5BA1605619E-SegmentedRaftLogWorker] INFO  segmented.SegmentedRaftLogWorker (SegmentedRaftLogWorker.java:run(327)) - om1@group-C5BA1605619E-SegmentedRaftLogWorker was interrupted, exiting. There are 0 tasks remaining in the queue.
2022-03-03 02:40:38,192 [Time-limited test] INFO  segmented.SegmentedRaftLogWorker (SegmentedRaftLogWorker.java:close(237)) - om1@group-C5BA1605619E-SegmentedRaftLogWorker close()
2022-03-03 02:40:38,193 [Time-limited test] INFO  server.GrpcService (GrpcService.java:closeImpl(262)) - om1: shutdown server with port 9872 now
2022-03-03 02:40:38,194 [Time-limited test] INFO  server.GrpcService (GrpcService.java:closeImpl(271)) - om1: shutdown server with port 9872 successfully
2022-03-03 02:40:38,194 [org.apache.ratis.util.JvmPauseMonitor$$Lambda$431/1976969183@7867bb83] INFO  util.JvmPauseMonitor (JvmPauseMonitor.java:run(109)) - JvmPauseMonitor-om1: Stopped
2022-03-03 02:40:38,195 [Time-limited test] INFO  ratis.OzoneManagerDoubleBuffer (OzoneManagerDoubleBuffer.java:stop(437)) - Stopping OMDoubleBuffer flush thread
2022-03-03 02:40:38,198 [OMDoubleBufferFlushThread] INFO  ratis.OzoneManagerDoubleBuffer (OzoneManagerDoubleBuffer.java:flushTransactions(356)) - OMDoubleBuffer flush thread OMDoubleBufferFlushThread is interrupted and will exit. OMDoubleBufferFlushThread
2022-03-03 02:40:38,198 [Time-limited test] INFO  utils.BackgroundService (BackgroundService.java:shutdown(132)) - Shutting down service KeyDeletingService
2022-03-03 02:40:38,199 [Time-limited test] INFO  utils.BackgroundService (BackgroundService.java:shutdown(132)) - Shutting down service DirectoryDeletingService
2022-03-03 02:40:38,201 [Time-limited test] INFO  handler.ContextHandler (ContextHandler.java:doStop(1153)) - Stopped o.e.j.w.WebAppContext@19ff2019{ozoneManager,/,null,STOPPED}{file:/home/runner/work/ozone/ozone/hadoop-ozone/integration-test/target/test-classes/webapps/ozoneManager}
2022-03-03 02:40:38,203 [Time-limited test] INFO  server.AbstractConnector (AbstractConnector.java:doStop(381)) - Stopped ServerConnector@2b7f5a0c{HTTP/1.1, (http/1.1)}{0.0.0.0:0}
2022-03-03 02:40:38,204 [Time-limited test] INFO  server.session (HouseKeeper.java:stopScavenging(149)) - node0 Stopped scavenging
2022-03-03 02:40:38,205 [Time-limited test] INFO  handler.ContextHandler (ContextHandler.java:doStop(1153)) - Stopped o.e.j.s.ServletContextHandler@7d460d6f{static,/static,file:///home/runner/work/ozone/ozone/hadoop-ozone/integration-test/target/test-classes/webapps/static,STOPPED}
2022-03-03 02:40:38,206 [Time-limited test] INFO  handler.ContextHandler (ContextHandler.java:doStop(1153)) - Stopped o.e.j.s.ServletContextHandler@69b930c7{logs,/logs,file:///home/runner/work/ozone/ozone/hadoop-ozone/integration-test/target/log,STOPPED}
2022-03-03 02:40:38,210 [Time-limited test] INFO  ozone.MiniOzoneClusterImpl (MiniOzoneClusterImpl.java:stopDatanodes(523)) - Stopping the HddsDatanodes
2022-03-03 02:40:39,156 [4b8390af-2520-419e-8318-f002d4bf1943@group-73809025A354-FollowerState] INFO  impl.FollowerState (FollowerState.java:run(134)) - 4b8390af-2520-419e-8318-f002d4bf1943@group-73809025A354-FollowerState: change to CANDIDATE, lastRpcElapsedTime:5020736877ns, electionTimeout:5016ms
2022-03-03 02:40:39,157 [4b8390af-2520-419e-8318-f002d4bf1943@group-73809025A354-FollowerState] INFO  impl.RoleInfo (RoleInfo.java:shutdownFollowerState(108)) - 4b8390af-2520-419e-8318-f002d4bf1943: shutdown 4b8390af-2520-419e-8318-f002d4bf1943@group-73809025A354-FollowerState
2022-03-03 02:40:39,157 [4b8390af-2520-419e-8318-f002d4bf1943@group-73809025A354-FollowerState] INFO  server.RaftServer$Division (RaftServerImpl.java:setRole(290)) - 4b8390af-2520-419e-8318-f002d4bf1943@group-73809025A354: changes role from  FOLLOWER to CANDIDATE at term 7 for changeToCandidate
2022-03-03 02:40:39,157 [4b8390af-2520-419e-8318-f002d4bf1943@group-73809025A354-FollowerState] INFO  server.RaftServerConfigKeys (ConfUtils.java:logGet(44)) - raft.server.leaderelection.pre-vote = false (custom)
2022-03-03 02:40:39,157 [4b8390af-2520-419e-8318-f002d4bf1943@group-73809025A354-FollowerState] INFO  impl.RoleInfo (RoleInfo.java:updateAndGet(130)) - 4b8390af-2520-419e-8318-f002d4bf1943: start 4b8390af-2520-419e-8318-f002d4bf1943@group-73809025A354-LeaderElection18
2022-03-03 02:40:39,170 [4b8390af-2520-419e-8318-f002d4bf1943@group-73809025A354-LeaderElection18] INFO  impl.LeaderElection (LeaderElection.java:askForVotes(306)) - 4b8390af-2520-419e-8318-f002d4bf1943@group-73809025A354-LeaderElection18 ELECTION round 0: submit vote requests at term 8 for -1: [4b8390af-2520-419e-8318-f002d4bf1943|rpc:10.1.0.45:38817|priority:0, e85a2726-2e5b-406c-85a0-fa43518636ec|rpc:10.1.0.45:44853|priority:1, 0f66cbef-d2c2-4da9-b5af-505c5e5b0cb0|rpc:10.1.0.45:44365|priority:0], old=null
2022-03-03 02:40:39,180 [grpc-default-executor-1] INFO  server.RaftServer$Division (RaftServerImpl.java:requestVote(1046)) - e85a2726-2e5b-406c-85a0-fa43518636ec@group-73809025A354: receive requestVote(ELECTION, 4b8390af-2520-419e-8318-f002d4bf1943, group-73809025A354, 8, (t:0, i:0))
2022-03-03 02:40:39,180 [grpc-default-executor-2] INFO  server.RaftServer$Division (RaftServerImpl.java:requestVote(1046)) - 0f66cbef-d2c2-4da9-b5af-505c5e5b0cb0@group-73809025A354: receive requestVote(ELECTION, 4b8390af-2520-419e-8318-f002d4bf1943, group-73809025A354, 8, (t:0, i:0))
2022-03-03 02:40:39,180 [grpc-default-executor-2] INFO  impl.VoteContext (VoteContext.java:log(48)) - 0f66cbef-d2c2-4da9-b5af-505c5e5b0cb0@group-73809025A354-FOLLOWER: accept ELECTION from 4b8390af-2520-419e-8318-f002d4bf1943: our priority 0 <= candidate's priority 0
2022-03-03 02:40:39,180 [grpc-default-executor-2] INFO  server.RaftServer$Division (RaftServerImpl.java:setRole(290)) - 0f66cbef-d2c2-4da9-b5af-505c5e5b0cb0@group-73809025A354: changes role from  FOLLOWER to FOLLOWER at term 8 for candidate:4b8390af-2520-419e-8318-f002d4bf1943
2022-03-03 02:40:39,180 [grpc-default-executor-2] INFO  impl.RoleInfo (RoleInfo.java:shutdownFollowerState(108)) - 0f66cbef-d2c2-4da9-b5af-505c5e5b0cb0: shutdown 0f66cbef-d2c2-4da9-b5af-505c5e5b0cb0@group-73809025A354-FollowerState
2022-03-03 02:40:39,180 [grpc-default-executor-2] INFO  impl.RoleInfo (RoleInfo.java:updateAndGet(130)) - 0f66cbef-d2c2-4da9-b5af-505c5e5b0cb0: start 0f66cbef-d2c2-4da9-b5af-505c5e5b0cb0@group-73809025A354-FollowerState
2022-03-03 02:40:39,180 [0f66cbef-d2c2-4da9-b5af-505c5e5b0cb0@group-73809025A354-FollowerState] INFO  impl.FollowerState (FollowerState.java:run(143)) - 0f66cbef-d2c2-4da9-b5af-505c5e5b0cb0@group-73809025A354-FollowerState was interrupted: {}
java.lang.InterruptedException: sleep interrupted
	at java.lang.Thread.sleep(Native Method)
	at java.lang.Thread.sleep(Thread.java:342)
	at java.util.concurrent.TimeUnit.sleep(TimeUnit.java:386)
	at org.apache.ratis.util.TimeDuration.sleep(TimeDuration.java:324)
	at org.apache.ratis.util.TimeDuration.sleep(TimeDuration.java:309)
	at org.apache.ratis.server.impl.FollowerState.run(FollowerState.java:118)
2022-03-03 02:40:39,180 [grpc-default-executor-1] INFO  impl.VoteContext (VoteContext.java:log(48)) - e85a2726-2e5b-406c-85a0-fa43518636ec@group-73809025A354-FOLLOWER: reject ELECTION from 4b8390af-2520-419e-8318-f002d4bf1943: our priority 1 > candidate's priority 0
2022-03-03 02:40:39,181 [grpc-default-executor-1] INFO  server.RaftServer$Division (RaftServerImpl.java:setRole(290)) - e85a2726-2e5b-406c-85a0-fa43518636ec@group-73809025A354: changes role from  FOLLOWER to FOLLOWER at term 8 for candidate:4b8390af-2520-419e-8318-f002d4bf1943
2022-03-03 02:40:39,181 [grpc-default-executor-1] INFO  impl.RoleInfo (RoleInfo.java:shutdownFollowerState(108)) - e85a2726-2e5b-406c-85a0-fa43518636ec: shutdown e85a2726-2e5b-406c-85a0-fa43518636ec@group-73809025A354-FollowerState
2022-03-03 02:40:39,183 [grpc-default-executor-2] INFO  server.RaftServer$Division (RaftServerImpl.java:requestVote(1078)) - 0f66cbef-d2c2-4da9-b5af-505c5e5b0cb0@group-73809025A354 replies to ELECTION vote request: 4b8390af-2520-419e-8318-f002d4bf1943<-0f66cbef-d2c2-4da9-b5af-505c5e5b0cb0#0:OK-t8. Peer's state: 0f66cbef-d2c2-4da9-b5af-505c5e5b0cb0@group-73809025A354:t8, leader=null, voted=4b8390af-2520-419e-8318-f002d4bf1943, raftlog=0f66cbef-d2c2-4da9-b5af-505c5e5b0cb0@group-73809025A354-SegmentedRaftLog:OPENED:c-1, conf=-1: [4b8390af-2520-419e-8318-f002d4bf1943|rpc:10.1.0.45:38817|priority:0, e85a2726-2e5b-406c-85a0-fa43518636ec|rpc:10.1.0.45:44853|priority:1, 0f66cbef-d2c2-4da9-b5af-505c5e5b0cb0|rpc:10.1.0.45:44365|priority:0], old=null
2022-03-03 02:40:39,196 [e85a2726-2e5b-406c-85a0-fa43518636ec@group-73809025A354-FollowerState] INFO  impl.FollowerState (FollowerState.java:run(143)) - e85a2726-2e5b-406c-85a0-fa43518636ec@group-73809025A354-FollowerState was interrupted: {}
java.lang.InterruptedException: sleep interrupted
	at java.lang.Thread.sleep(Native Method)
	at java.lang.Thread.sleep(Thread.java:342)
	at java.util.concurrent.TimeUnit.sleep(TimeUnit.java:386)
	at org.apache.ratis.util.TimeDuration.sleep(TimeDuration.java:324)
	at org.apache.ratis.util.TimeDuration.sleep(TimeDuration.java:309)
	at org.apache.ratis.server.impl.FollowerState.run(FollowerState.java:118)
2022-03-03 02:40:39,196 [grpc-default-executor-1] INFO  impl.RoleInfo (RoleInfo.java:updateAndGet(130)) - e85a2726-2e5b-406c-85a0-fa43518636ec: start e85a2726-2e5b-406c-85a0-fa43518636ec@group-73809025A354-FollowerState
2022-03-03 02:40:39,198 [grpc-default-executor-1] INFO  server.RaftServer$Division (RaftServerImpl.java:requestVote(1078)) - e85a2726-2e5b-406c-85a0-fa43518636ec@group-73809025A354 replies to ELECTION vote request: 4b8390af-2520-419e-8318-f002d4bf1943<-e85a2726-2e5b-406c-85a0-fa43518636ec#0:FAIL-t8. Peer's state: e85a2726-2e5b-406c-85a0-fa43518636ec@group-73809025A354:t8, leader=null, voted=null, raftlog=e85a2726-2e5b-406c-85a0-fa43518636ec@group-73809025A354-SegmentedRaftLog:OPENED:c-1, conf=-1: [4b8390af-2520-419e-8318-f002d4bf1943|rpc:10.1.0.45:38817|priority:0, e85a2726-2e5b-406c-85a0-fa43518636ec|rpc:10.1.0.45:44853|priority:1, 0f66cbef-d2c2-4da9-b5af-505c5e5b0cb0|rpc:10.1.0.45:44365|priority:0], old=null
2022-03-03 02:40:39,200 [4b8390af-2520-419e-8318-f002d4bf1943@group-73809025A354-LeaderElection18] INFO  impl.LeaderElection (LeaderElection.java:logAndReturn(89)) - 4b8390af-2520-419e-8318-f002d4bf1943@group-73809025A354-LeaderElection18: ELECTION REJECTED received 2 response(s) and 0 exception(s):
2022-03-03 02:40:39,200 [4b8390af-2520-419e-8318-f002d4bf1943@group-73809025A354-LeaderElection18] INFO  impl.LeaderElection (LeaderElection.java:logAndReturn(93)) -   Response 0: 4b8390af-2520-419e-8318-f002d4bf1943<-e85a2726-2e5b-406c-85a0-fa43518636ec#0:FAIL-t8
2022-03-03 02:40:39,200 [4b8390af-2520-419e-8318-f002d4bf1943@group-73809025A354-LeaderElection18] INFO  impl.LeaderElection (LeaderElection.java:logAndReturn(93)) -   Response 1: 4b8390af-2520-419e-8318-f002d4bf1943<-0f66cbef-d2c2-4da9-b5af-505c5e5b0cb0#0:OK-t8
2022-03-03 02:40:39,200 [4b8390af-2520-419e-8318-f002d4bf1943@group-73809025A354-LeaderElection18] INFO  impl.LeaderElection (LeaderElection.java:askForVotes(308)) - 4b8390af-2520-419e-8318-f002d4bf1943@group-73809025A354-LeaderElection18 ELECTION round 0: result REJECTED
2022-03-03 02:40:39,200 [4b8390af-2520-419e-8318-f002d4bf1943@group-73809025A354-LeaderElection18] INFO  server.RaftServer$Division (RaftServerImpl.java:setRole(290)) - 4b8390af-2520-419e-8318-f002d4bf1943@group-73809025A354: changes role from CANDIDATE to FOLLOWER at term 8 for REJECTED
2022-03-03 02:40:39,204 [4b8390af-2520-419e-8318-f002d4bf1943@group-73809025A354-LeaderElection18] INFO  impl.RoleInfo (RoleInfo.java:shutdownLeaderElection(121)) - 4b8390af-2520-419e-8318-f002d4bf1943: shutdown 4b8390af-2520-419e-8318-f002d4bf1943@group-73809025A354-LeaderElection18
2022-03-03 02:40:39,204 [4b8390af-2520-419e-8318-f002d4bf1943@group-73809025A354-LeaderElection18] INFO  impl.RoleInfo (RoleInfo.java:updateAndGet(130)) - 4b8390af-2520-419e-8318-f002d4bf1943: start 4b8390af-2520-419e-8318-f002d4bf1943@group-73809025A354-FollowerState
2022-03-03 02:40:43,217 [ForkJoinPool.commonPool-worker-1] INFO  ozoneimpl.OzoneContainer (OzoneContainer.java:stop(356)) - Attempting to stop container services.
2022-03-03 02:40:43,217 [Time-limited test] INFO  ozoneimpl.OzoneContainer (OzoneContainer.java:stop(356)) - Attempting to stop container services.
2022-03-03 02:40:43,219 [Time-limited test] INFO  server.RaftServer (RaftServerProxy.java:lambda$close$6(391)) - e85a2726-2e5b-406c-85a0-fa43518636ec: close
2022-03-03 02:40:43,219 [Time-limited test] INFO  server.RaftServer$Division (RaftServerImpl.java:lambda$close$4(412)) - e85a2726-2e5b-406c-85a0-fa43518636ec@group-73809025A354: shutdown
2022-03-03 02:40:43,219 [Time-limited test] INFO  util.JmxRegister (JmxRegister.java:unregister(73)) - Successfully un-registered JMX Bean with object name Ratis:service=RaftServer,group=group-73809025A354,id=e85a2726-2e5b-406c-85a0-fa43518636ec
2022-03-03 02:40:43,219 [Time-limited test] INFO  impl.RoleInfo (RoleInfo.java:shutdownFollowerState(108)) - e85a2726-2e5b-406c-85a0-fa43518636ec: shutdown e85a2726-2e5b-406c-85a0-fa43518636ec@group-73809025A354-FollowerState
2022-03-03 02:40:43,220 [Time-limited test] INFO  impl.StateMachineUpdater (StateMachineUpdater.java:stopAndJoin(149)) - e85a2726-2e5b-406c-85a0-fa43518636ec@group-73809025A354-StateMachineUpdater: set stopIndex = -1
2022-03-03 02:40:43,220 [e85a2726-2e5b-406c-85a0-fa43518636ec@group-73809025A354-FollowerState] INFO  impl.FollowerState (FollowerState.java:run(143)) - e85a2726-2e5b-406c-85a0-fa43518636ec@group-73809025A354-FollowerState was interrupted: {}
java.lang.InterruptedException: sleep interrupted
	at java.lang.Thread.sleep(Native Method)
	at java.lang.Thread.sleep(Thread.java:342)
	at java.util.concurrent.TimeUnit.sleep(TimeUnit.java:386)
	at org.apache.ratis.util.TimeDuration.sleep(TimeDuration.java:324)
	at org.apache.ratis.util.TimeDuration.sleep(TimeDuration.java:309)
	at org.apache.ratis.server.impl.FollowerState.run(FollowerState.java:118)
2022-03-03 02:40:43,220 [ForkJoinPool.commonPool-worker-1] INFO  server.RaftServer (RaftServerProxy.java:lambda$close$6(391)) - 4b8390af-2520-419e-8318-f002d4bf1943: close
2022-03-03 02:40:43,221 [ForkJoinPool.commonPool-worker-1] INFO  server.RaftServer$Division (RaftServerImpl.java:lambda$close$4(412)) - 4b8390af-2520-419e-8318-f002d4bf1943@group-73809025A354: shutdown
2022-03-03 02:40:43,221 [ForkJoinPool.commonPool-worker-1] INFO  util.JmxRegister (JmxRegister.java:unregister(73)) - Successfully un-registered JMX Bean with object name Ratis:service=RaftServer,group=group-73809025A354,id=4b8390af-2520-419e-8318-f002d4bf1943
2022-03-03 02:40:43,221 [ForkJoinPool.commonPool-worker-1] INFO  impl.RoleInfo (RoleInfo.java:shutdownFollowerState(108)) - 4b8390af-2520-419e-8318-f002d4bf1943: shutdown 4b8390af-2520-419e-8318-f002d4bf1943@group-73809025A354-FollowerState
2022-03-03 02:40:43,221 [ForkJoinPool.commonPool-worker-1] INFO  impl.StateMachineUpdater (StateMachineUpdater.java:stopAndJoin(149)) - 4b8390af-2520-419e-8318-f002d4bf1943@group-73809025A354-StateMachineUpdater: set stopIndex = -1
2022-03-03 02:40:43,221 [4b8390af-2520-419e-8318-f002d4bf1943@group-73809025A354-FollowerState] INFO  impl.FollowerState (FollowerState.java:run(143)) - 4b8390af-2520-419e-8318-f002d4bf1943@group-73809025A354-FollowerState was interrupted: {}
java.lang.InterruptedException: sleep interrupted
	at java.lang.Thread.sleep(Native Method)
	at java.lang.Thread.sleep(Thread.java:342)
	at java.util.concurrent.TimeUnit.sleep(TimeUnit.java:386)
	at org.apache.ratis.util.TimeDuration.sleep(TimeDuration.java:324)
	at org.apache.ratis.util.TimeDuration.sleep(TimeDuration.java:309)
	at org.apache.ratis.server.impl.FollowerState.run(FollowerState.java:118)
2022-03-03 02:40:43,222 [Time-limited test] INFO  server.RaftServer$Division (ServerState.java:close(419)) - e85a2726-2e5b-406c-85a0-fa43518636ec@group-73809025A354: closes. applyIndex: -1
2022-03-03 02:40:43,222 [e85a2726-2e5b-406c-85a0-fa43518636ec@group-73809025A354-SegmentedRaftLogWorker] INFO  segmented.SegmentedRaftLogWorker (SegmentedRaftLogWorker.java:run(327)) - e85a2726-2e5b-406c-85a0-fa43518636ec@group-73809025A354-SegmentedRaftLogWorker was interrupted, exiting. There are 0 tasks remaining in the queue.
2022-03-03 02:40:43,222 [ForkJoinPool.commonPool-worker-1] INFO  server.RaftServer$Division (ServerState.java:close(419)) - 4b8390af-2520-419e-8318-f002d4bf1943@group-73809025A354: closes. applyIndex: -1
2022-03-03 02:40:43,222 [4b8390af-2520-419e-8318-f002d4bf1943@group-73809025A354-SegmentedRaftLogWorker] INFO  segmented.SegmentedRaftLogWorker (SegmentedRaftLogWorker.java:run(327)) - 4b8390af-2520-419e-8318-f002d4bf1943@group-73809025A354-SegmentedRaftLogWorker was interrupted, exiting. There are 0 tasks remaining in the queue.
2022-03-03 02:40:43,223 [ForkJoinPool.commonPool-worker-1] INFO  segmented.SegmentedRaftLogWorker (SegmentedRaftLogWorker.java:close(237)) - 4b8390af-2520-419e-8318-f002d4bf1943@group-73809025A354-SegmentedRaftLogWorker close()
2022-03-03 02:40:43,223 [Time-limited test] INFO  segmented.SegmentedRaftLogWorker (SegmentedRaftLogWorker.java:close(237)) - e85a2726-2e5b-406c-85a0-fa43518636ec@group-73809025A354-SegmentedRaftLogWorker close()
2022-03-03 02:40:43,224 [ForkJoinPool.commonPool-worker-1] INFO  server.RaftServer$Division (RaftServerImpl.java:lambda$close$4(412)) - 4b8390af-2520-419e-8318-f002d4bf1943@group-DCCBFCDF87C2: shutdown
2022-03-03 02:40:43,224 [ForkJoinPool.commonPool-worker-1] INFO  util.JmxRegister (JmxRegister.java:unregister(73)) - Successfully un-registered JMX Bean with object name Ratis:service=RaftServer,group=group-DCCBFCDF87C2,id=4b8390af-2520-419e-8318-f002d4bf1943
2022-03-03 02:40:43,224 [ForkJoinPool.commonPool-worker-1] INFO  impl.RoleInfo (RoleInfo.java:shutdownLeaderState(91)) - 4b8390af-2520-419e-8318-f002d4bf1943: shutdown 4b8390af-2520-419e-8318-f002d4bf1943@group-DCCBFCDF87C2-LeaderStateImpl
2022-03-03 02:40:43,224 [ForkJoinPool.commonPool-worker-1] INFO  impl.PendingRequests (PendingRequests.java:sendNotLeaderResponses(282)) - 4b8390af-2520-419e-8318-f002d4bf1943@group-DCCBFCDF87C2-PendingRequests: sendNotLeaderResponses
2022-03-03 02:40:43,230 [Time-limited test] INFO  server.RaftServer$Division (RaftServerImpl.java:lambda$close$4(412)) - e85a2726-2e5b-406c-85a0-fa43518636ec@group-5D0963015C7F: shutdown
2022-03-03 02:40:43,230 [Time-limited test] INFO  util.JmxRegister (JmxRegister.java:unregister(73)) - Successfully un-registered JMX Bean with object name Ratis:service=RaftServer,group=group-5D0963015C7F,id=e85a2726-2e5b-406c-85a0-fa43518636ec
2022-03-03 02:40:43,230 [Time-limited test] INFO  impl.RoleInfo (RoleInfo.java:shutdownLeaderState(91)) - e85a2726-2e5b-406c-85a0-fa43518636ec: shutdown e85a2726-2e5b-406c-85a0-fa43518636ec@group-5D0963015C7F-LeaderStateImpl
2022-03-03 02:40:43,231 [Time-limited test] INFO  impl.PendingRequests (PendingRequests.java:sendNotLeaderResponses(282)) - e85a2726-2e5b-406c-85a0-fa43518636ec@group-5D0963015C7F-PendingRequests: sendNotLeaderResponses
2022-03-03 02:40:43,231 [ForkJoinPool.commonPool-worker-1] INFO  impl.StateMachineUpdater (StateMachineUpdater.java:stopAndJoin(149)) - 4b8390af-2520-419e-8318-f002d4bf1943@group-DCCBFCDF87C2-StateMachineUpdater: set stopIndex = 0
2022-03-03 02:40:43,231 [4b8390af-2520-419e-8318-f002d4bf1943@group-DCCBFCDF87C2-StateMachineUpdater] INFO  ratis.ContainerStateMachine (ContainerStateMachine.java:takeSnapshot(304)) - group-DCCBFCDF87C2: Taking a snapshot at:(t:1, i:0) file /home/runner/work/ozone/ozone/hadoop-ozone/integration-test/target/test-dir/MiniOzoneClusterImpl-ab5f91a4-db32-4111-a157-42cecbd844d3/datanode-0/data/ratis/799b51e7-86d6-4931-8166-dccbfcdf87c2/sm/snapshot.1_0
2022-03-03 02:40:43,237 [e85a2726-2e5b-406c-85a0-fa43518636ec@group-5D0963015C7F-StateMachineUpdater] INFO  ratis.ContainerStateMachine (ContainerStateMachine.java:takeSnapshot(304)) - group-5D0963015C7F: Taking a snapshot at:(t:1, i:0) file /home/runner/work/ozone/ozone/hadoop-ozone/integration-test/target/test-dir/MiniOzoneClusterImpl-ab5f91a4-db32-4111-a157-42cecbd844d3/datanode-1/data/ratis/b582ccb9-7d71-43d4-8c21-5d0963015c7f/sm/snapshot.1_0
2022-03-03 02:40:43,237 [Time-limited test] INFO  impl.StateMachineUpdater (StateMachineUpdater.java:stopAndJoin(149)) - e85a2726-2e5b-406c-85a0-fa43518636ec@group-5D0963015C7F-StateMachineUpdater: set stopIndex = 0
2022-03-03 02:40:43,260 [4b8390af-2520-419e-8318-f002d4bf1943@group-DCCBFCDF87C2-StateMachineUpdater] INFO  ratis.ContainerStateMachine (ContainerStateMachine.java:takeSnapshot(315)) - group-DCCBFCDF87C2: Finished taking a snapshot at:(t:1, i:0) file:/home/runner/work/ozone/ozone/hadoop-ozone/integration-test/target/test-dir/MiniOzoneClusterImpl-ab5f91a4-db32-4111-a157-42cecbd844d3/datanode-0/data/ratis/799b51e7-86d6-4931-8166-dccbfcdf87c2/sm/snapshot.1_0 took: 29 ms
2022-03-03 02:40:43,261 [4b8390af-2520-419e-8318-f002d4bf1943@group-DCCBFCDF87C2-StateMachineUpdater] INFO  impl.StateMachineUpdater (StateMachineUpdater.java:takeSnapshot(281)) - 4b8390af-2520-419e-8318-f002d4bf1943@group-DCCBFCDF87C2-StateMachineUpdater: Took a snapshot at index 0
2022-03-03 02:40:43,261 [4b8390af-2520-419e-8318-f002d4bf1943@group-DCCBFCDF87C2-StateMachineUpdater] INFO  impl.StateMachineUpdater (StateMachineUpdater.java:lambda$new$0(89)) - 4b8390af-2520-419e-8318-f002d4bf1943@group-DCCBFCDF87C2-StateMachineUpdater: snapshotIndex: updateIncreasingly -1 -> 0
2022-03-03 02:40:43,262 [e85a2726-2e5b-406c-85a0-fa43518636ec@group-5D0963015C7F-StateMachineUpdater] INFO  ratis.ContainerStateMachine (ContainerStateMachine.java:takeSnapshot(315)) - group-5D0963015C7F: Finished taking a snapshot at:(t:1, i:0) file:/home/runner/work/ozone/ozone/hadoop-ozone/integration-test/target/test-dir/MiniOzoneClusterImpl-ab5f91a4-db32-4111-a157-42cecbd844d3/datanode-1/data/ratis/b582ccb9-7d71-43d4-8c21-5d0963015c7f/sm/snapshot.1_0 took: 25 ms
2022-03-03 02:40:43,262 [ForkJoinPool.commonPool-worker-1] INFO  server.RaftServer$Division (ServerState.java:close(419)) - 4b8390af-2520-419e-8318-f002d4bf1943@group-DCCBFCDF87C2: closes. applyIndex: 0
2022-03-03 02:40:43,262 [4b8390af-2520-419e-8318-f002d4bf1943@group-DCCBFCDF87C2-SegmentedRaftLogWorker] INFO  segmented.SegmentedRaftLogWorker (SegmentedRaftLogWorker.java:run(327)) - 4b8390af-2520-419e-8318-f002d4bf1943@group-DCCBFCDF87C2-SegmentedRaftLogWorker was interrupted, exiting. There are 0 tasks remaining in the queue.
2022-03-03 02:40:43,267 [ForkJoinPool.commonPool-worker-1] INFO  segmented.SegmentedRaftLogWorker (SegmentedRaftLogWorker.java:close(237)) - 4b8390af-2520-419e-8318-f002d4bf1943@group-DCCBFCDF87C2-SegmentedRaftLogWorker close()
2022-03-03 02:40:43,268 [ForkJoinPool.commonPool-worker-1] INFO  server.GrpcService (GrpcService.java:closeImpl(262)) - 4b8390af-2520-419e-8318-f002d4bf1943: shutdown server with port 38817 now
2022-03-03 02:40:43,268 [e85a2726-2e5b-406c-85a0-fa43518636ec@group-5D0963015C7F-StateMachineUpdater] INFO  impl.StateMachineUpdater (StateMachineUpdater.java:takeSnapshot(281)) - e85a2726-2e5b-406c-85a0-fa43518636ec@group-5D0963015C7F-StateMachineUpdater: Took a snapshot at index 0
2022-03-03 02:40:43,268 [e85a2726-2e5b-406c-85a0-fa43518636ec@group-5D0963015C7F-StateMachineUpdater] INFO  impl.StateMachineUpdater (StateMachineUpdater.java:lambda$new$0(89)) - e85a2726-2e5b-406c-85a0-fa43518636ec@group-5D0963015C7F-StateMachineUpdater: snapshotIndex: updateIncreasingly -1 -> 0
2022-03-03 02:40:43,271 [Time-limited test] INFO  server.RaftServer$Division (ServerState.java:close(419)) - e85a2726-2e5b-406c-85a0-fa43518636ec@group-5D0963015C7F: closes. applyIndex: 0
2022-03-03 02:40:43,273 [e85a2726-2e5b-406c-85a0-fa43518636ec@group-5D0963015C7F-SegmentedRaftLogWorker] INFO  segmented.SegmentedRaftLogWorker (SegmentedRaftLogWorker.java:run(327)) - e85a2726-2e5b-406c-85a0-fa43518636ec@group-5D0963015C7F-SegmentedRaftLogWorker was interrupted, exiting. There are 0 tasks remaining in the queue.
2022-03-03 02:40:43,274 [ForkJoinPool.commonPool-worker-1] INFO  server.GrpcService (GrpcService.java:closeImpl(271)) - 4b8390af-2520-419e-8318-f002d4bf1943: shutdown server with port 38817 successfully
2022-03-03 02:40:43,274 [org.apache.ratis.util.JvmPauseMonitor$$Lambda$431/1976969183@24fcf5cd] INFO  util.JvmPauseMonitor (JvmPauseMonitor.java:run(109)) - JvmPauseMonitor-4b8390af-2520-419e-8318-f002d4bf1943: Stopped
2022-03-03 02:40:43,276 [Time-limited test] INFO  segmented.SegmentedRaftLogWorker (SegmentedRaftLogWorker.java:close(237)) - e85a2726-2e5b-406c-85a0-fa43518636ec@group-5D0963015C7F-SegmentedRaftLogWorker close()
2022-03-03 02:40:43,281 [Time-limited test] INFO  server.GrpcService (GrpcService.java:closeImpl(262)) - e85a2726-2e5b-406c-85a0-fa43518636ec: shutdown server with port 44853 now
2022-03-03 02:40:43,283 [Time-limited test] INFO  server.GrpcService (GrpcService.java:closeImpl(271)) - e85a2726-2e5b-406c-85a0-fa43518636ec: shutdown server with port 44853 successfully
2022-03-03 02:40:43,283 [org.apache.ratis.util.JvmPauseMonitor$$Lambda$431/1976969183@3e9ed4be] INFO  util.JvmPauseMonitor (JvmPauseMonitor.java:run(109)) - JvmPauseMonitor-e85a2726-2e5b-406c-85a0-fa43518636ec: Stopped
2022-03-03 02:40:45,289 [ForkJoinPool.commonPool-worker-1] INFO  utils.BackgroundService (BackgroundService.java:shutdown(132)) - Shutting down service BlockDeletingService
2022-03-03 02:40:45,307 [Time-limited test] INFO  utils.BackgroundService (BackgroundService.java:shutdown(132)) - Shutting down service BlockDeletingService
2022-03-03 02:40:48,303 [ForkJoinPool.commonPool-worker-1] INFO  statemachine.DatanodeStateMachine (DatanodeStateMachine.java:stopDaemon(529)) - Ozone container server stopped.
2022-03-03 02:40:48,305 [ForkJoinPool.commonPool-worker-1] INFO  handler.ContextHandler (ContextHandler.java:doStop(1153)) - Stopped o.e.j.w.WebAppContext@a1603c6{hddsDatanode,/,null,STOPPED}{jar:file:/home/runner/.m2/repository/org/apache/ozone/hdds-container-service/1.3.0-SNAPSHOT/hdds-container-service-1.3.0-SNAPSHOT.jar!/webapps/hddsDatanode}
2022-03-03 02:40:48,306 [ForkJoinPool.commonPool-worker-1] INFO  server.AbstractConnector (AbstractConnector.java:doStop(381)) - Stopped ServerConnector@4b632c56{HTTP/1.1, (http/1.1)}{0.0.0.0:0}
2022-03-03 02:40:48,306 [ForkJoinPool.commonPool-worker-1] INFO  server.session (HouseKeeper.java:stopScavenging(149)) - node0 Stopped scavenging
2022-03-03 02:40:48,308 [ForkJoinPool.commonPool-worker-1] INFO  handler.ContextHandler (ContextHandler.java:doStop(1153)) - Stopped o.e.j.s.ServletContextHandler@6669efe2{static,/static,jar:file:/home/runner/.m2/repository/org/apache/ozone/hdds-container-service/1.3.0-SNAPSHOT/hdds-container-service-1.3.0-SNAPSHOT.jar!/webapps/static,STOPPED}
2022-03-03 02:40:48,308 [ForkJoinPool.commonPool-worker-1] INFO  handler.ContextHandler (ContextHandler.java:doStop(1153)) - Stopped o.e.j.s.ServletContextHandler@2d76a8ff{logs,/logs,file:///home/runner/work/ozone/ozone/hadoop-ozone/integration-test/target/log,STOPPED}
2022-03-03 02:40:48,310 [Time-limited test] INFO  statemachine.DatanodeStateMachine (DatanodeStateMachine.java:stopDaemon(529)) - Ozone container server stopped.
2022-03-03 02:40:48,311 [Time-limited test] INFO  handler.ContextHandler (ContextHandler.java:doStop(1153)) - Stopped o.e.j.w.WebAppContext@6f34842e{hddsDatanode,/,null,STOPPED}{jar:file:/home/runner/.m2/repository/org/apache/ozone/hdds-container-service/1.3.0-SNAPSHOT/hdds-container-service-1.3.0-SNAPSHOT.jar!/webapps/hddsDatanode}
2022-03-03 02:40:48,312 [Time-limited test] INFO  server.AbstractConnector (AbstractConnector.java:doStop(381)) - Stopped ServerConnector@5af2f70{HTTP/1.1, (http/1.1)}{0.0.0.0:0}
2022-03-03 02:40:48,312 [Time-limited test] INFO  server.session (HouseKeeper.java:stopScavenging(149)) - node0 Stopped scavenging
2022-03-03 02:40:48,313 [Time-limited test] INFO  handler.ContextHandler (ContextHandler.java:doStop(1153)) - Stopped o.e.j.s.ServletContextHandler@6b4410b8{static,/static,jar:file:/home/runner/.m2/repository/org/apache/ozone/hdds-container-service/1.3.0-SNAPSHOT/hdds-container-service-1.3.0-SNAPSHOT.jar!/webapps/static,STOPPED}
2022-03-03 02:40:48,313 [Time-limited test] INFO  handler.ContextHandler (ContextHandler.java:doStop(1153)) - Stopped o.e.j.s.ServletContextHandler@35a01e04{logs,/logs,file:///home/runner/work/ozone/ozone/hadoop-ozone/integration-test/target/log,STOPPED}
2022-03-03 02:40:49,533 [0f66cbef-d2c2-4da9-b5af-505c5e5b0cb0@group-73809025A354-FollowerState] INFO  impl.FollowerState (FollowerState.java:run(134)) - 0f66cbef-d2c2-4da9-b5af-505c5e5b0cb0@group-73809025A354-FollowerState: change to CANDIDATE, lastRpcElapsedTime:10349897758ns, electionTimeout:5195ms
2022-03-03 02:40:49,533 [0f66cbef-d2c2-4da9-b5af-505c5e5b0cb0@group-73809025A354-FollowerState] INFO  impl.RoleInfo (RoleInfo.java:shutdownFollowerState(108)) - 0f66cbef-d2c2-4da9-b5af-505c5e5b0cb0: shutdown 0f66cbef-d2c2-4da9-b5af-505c5e5b0cb0@group-73809025A354-FollowerState
2022-03-03 02:40:49,533 [0f66cbef-d2c2-4da9-b5af-505c5e5b0cb0@group-73809025A354-FollowerState] INFO  server.RaftServer$Division (RaftServerImpl.java:setRole(290)) - 0f66cbef-d2c2-4da9-b5af-505c5e5b0cb0@group-73809025A354: changes role from  FOLLOWER to CANDIDATE at term 8 for changeToCandidate
2022-03-03 02:40:49,533 [0f66cbef-d2c2-4da9-b5af-505c5e5b0cb0@group-73809025A354-FollowerState] INFO  server.RaftServerConfigKeys (ConfUtils.java:logGet(44)) - raft.server.leaderelection.pre-vote = false (custom)
2022-03-03 02:40:49,533 [0f66cbef-d2c2-4da9-b5af-505c5e5b0cb0@group-73809025A354-FollowerState] INFO  impl.RoleInfo (RoleInfo.java:updateAndGet(130)) - 0f66cbef-d2c2-4da9-b5af-505c5e5b0cb0: start 0f66cbef-d2c2-4da9-b5af-505c5e5b0cb0@group-73809025A354-LeaderElection19
2022-03-03 02:40:49,543 [0f66cbef-d2c2-4da9-b5af-505c5e5b0cb0@group-73809025A354-LeaderElection19] INFO  impl.LeaderElection (LeaderElection.java:askForVotes(306)) - 0f66cbef-d2c2-4da9-b5af-505c5e5b0cb0@group-73809025A354-LeaderElection19 ELECTION round 0: submit vote requests at term 9 for -1: [4b8390af-2520-419e-8318-f002d4bf1943|rpc:10.1.0.45:38817|priority:0, e85a2726-2e5b-406c-85a0-fa43518636ec|rpc:10.1.0.45:44853|priority:1, 0f66cbef-d2c2-4da9-b5af-505c5e5b0cb0|rpc:10.1.0.45:44365|priority:0], old=null
2022-03-03 02:40:49,572 [0f66cbef-d2c2-4da9-b5af-505c5e5b0cb0@group-73809025A354-LeaderElection19] INFO  impl.LeaderElection (LogUtils.java:infoOrTrace(137)) - 0f66cbef-d2c2-4da9-b5af-505c5e5b0cb0@group-73809025A354-LeaderElection19 got exception when requesting votes: java.util.concurrent.ExecutionException: org.apache.ratis.thirdparty.io.grpc.StatusRuntimeException: UNAVAILABLE: io exception
2022-03-03 02:40:49,573 [0f66cbef-d2c2-4da9-b5af-505c5e5b0cb0@group-73809025A354-LeaderElection19] INFO  impl.LeaderElection (LogUtils.java:infoOrTrace(137)) - 0f66cbef-d2c2-4da9-b5af-505c5e5b0cb0@group-73809025A354-LeaderElection19 got exception when requesting votes: java.util.concurrent.ExecutionException: org.apache.ratis.thirdparty.io.grpc.StatusRuntimeException: UNAVAILABLE: io exception
2022-03-03 02:40:49,573 [0f66cbef-d2c2-4da9-b5af-505c5e5b0cb0@group-73809025A354-LeaderElection19] INFO  impl.LeaderElection (LeaderElection.java:logAndReturn(89)) - 0f66cbef-d2c2-4da9-b5af-505c5e5b0cb0@group-73809025A354-LeaderElection19: ELECTION REJECTED received 0 response(s) and 2 exception(s):
2022-03-03 02:40:49,573 [0f66cbef-d2c2-4da9-b5af-505c5e5b0cb0@group-73809025A354-LeaderElection19] INFO  impl.LeaderElection (LogUtils.java:infoOrTrace(137)) -   Exception 0: java.util.concurrent.ExecutionException: org.apache.ratis.thirdparty.io.grpc.StatusRuntimeException: UNAVAILABLE: io exception
2022-03-03 02:40:49,573 [0f66cbef-d2c2-4da9-b5af-505c5e5b0cb0@group-73809025A354-LeaderElection19] INFO  impl.LeaderElection (LogUtils.java:infoOrTrace(137)) -   Exception 1: java.util.concurrent.ExecutionException: org.apache.ratis.thirdparty.io.grpc.StatusRuntimeException: UNAVAILABLE: io exception
2022-03-03 02:40:49,573 [0f66cbef-d2c2-4da9-b5af-505c5e5b0cb0@group-73809025A354-LeaderElection19] INFO  impl.LeaderElection (LeaderElection.java:askForVotes(308)) - 0f66cbef-d2c2-4da9-b5af-505c5e5b0cb0@group-73809025A354-LeaderElection19 ELECTION round 0: result REJECTED
2022-03-03 02:40:49,573 [0f66cbef-d2c2-4da9-b5af-505c5e5b0cb0@group-73809025A354-LeaderElection19] INFO  server.RaftServer$Division (RaftServerImpl.java:setRole(290)) - 0f66cbef-d2c2-4da9-b5af-505c5e5b0cb0@group-73809025A354: changes role from CANDIDATE to FOLLOWER at term 9 for REJECTED
2022-03-03 02:40:49,573 [0f66cbef-d2c2-4da9-b5af-505c5e5b0cb0@group-73809025A354-LeaderElection19] INFO  impl.RoleInfo (RoleInfo.java:shutdownLeaderElection(121)) - 0f66cbef-d2c2-4da9-b5af-505c5e5b0cb0: shutdown 0f66cbef-d2c2-4da9-b5af-505c5e5b0cb0@group-73809025A354-LeaderElection19
2022-03-03 02:40:49,573 [0f66cbef-d2c2-4da9-b5af-505c5e5b0cb0@group-73809025A354-LeaderElection19] INFO  impl.RoleInfo (RoleInfo.java:updateAndGet(130)) - 0f66cbef-d2c2-4da9-b5af-505c5e5b0cb0: start 0f66cbef-d2c2-4da9-b5af-505c5e5b0cb0@group-73809025A354-FollowerState
2022-03-03 02:40:53,313 [ForkJoinPool.commonPool-worker-1] INFO  ozoneimpl.OzoneContainer (OzoneContainer.java:stop(356)) - Attempting to stop container services.
2022-03-03 02:40:53,313 [ForkJoinPool.commonPool-worker-1] INFO  server.RaftServer (RaftServerProxy.java:lambda$close$6(391)) - 0f66cbef-d2c2-4da9-b5af-505c5e5b0cb0: close
2022-03-03 02:40:53,314 [ForkJoinPool.commonPool-worker-1] INFO  server.RaftServer$Division (RaftServerImpl.java:lambda$close$4(412)) - 0f66cbef-d2c2-4da9-b5af-505c5e5b0cb0@group-73809025A354: shutdown
2022-03-03 02:40:53,314 [ForkJoinPool.commonPool-worker-1] INFO  util.JmxRegister (JmxRegister.java:unregister(73)) - Successfully un-registered JMX Bean with object name Ratis:service=RaftServer,group=group-73809025A354,id=0f66cbef-d2c2-4da9-b5af-505c5e5b0cb0
2022-03-03 02:40:53,314 [ForkJoinPool.commonPool-worker-1] INFO  impl.RoleInfo (RoleInfo.java:shutdownFollowerState(108)) - 0f66cbef-d2c2-4da9-b5af-505c5e5b0cb0: shutdown 0f66cbef-d2c2-4da9-b5af-505c5e5b0cb0@group-73809025A354-FollowerState
2022-03-03 02:40:53,314 [ForkJoinPool.commonPool-worker-1] INFO  impl.StateMachineUpdater (StateMachineUpdater.java:stopAndJoin(149)) - 0f66cbef-d2c2-4da9-b5af-505c5e5b0cb0@group-73809025A354-StateMachineUpdater: set stopIndex = -1
2022-03-03 02:40:53,314 [0f66cbef-d2c2-4da9-b5af-505c5e5b0cb0@group-73809025A354-FollowerState] INFO  impl.FollowerState (FollowerState.java:run(143)) - 0f66cbef-d2c2-4da9-b5af-505c5e5b0cb0@group-73809025A354-FollowerState was interrupted: {}
java.lang.InterruptedException: sleep interrupted
	at java.lang.Thread.sleep(Native Method)
	at java.lang.Thread.sleep(Thread.java:342)
	at java.util.concurrent.TimeUnit.sleep(TimeUnit.java:386)
	at org.apache.ratis.util.TimeDuration.sleep(TimeDuration.java:324)
	at org.apache.ratis.util.TimeDuration.sleep(TimeDuration.java:309)
	at org.apache.ratis.server.impl.FollowerState.run(FollowerState.java:118)
2022-03-03 02:40:53,316 [ForkJoinPool.commonPool-worker-1] INFO  server.RaftServer$Division (ServerState.java:close(419)) - 0f66cbef-d2c2-4da9-b5af-505c5e5b0cb0@group-73809025A354: closes. applyIndex: -1
2022-03-03 02:40:53,317 [0f66cbef-d2c2-4da9-b5af-505c5e5b0cb0@group-73809025A354-SegmentedRaftLogWorker] INFO  segmented.SegmentedRaftLogWorker (SegmentedRaftLogWorker.java:run(327)) - 0f66cbef-d2c2-4da9-b5af-505c5e5b0cb0@group-73809025A354-SegmentedRaftLogWorker was interrupted, exiting. There are 0 tasks remaining in the queue.
2022-03-03 02:40:53,317 [ForkJoinPool.commonPool-worker-1] INFO  segmented.SegmentedRaftLogWorker (SegmentedRaftLogWorker.java:close(237)) - 0f66cbef-d2c2-4da9-b5af-505c5e5b0cb0@group-73809025A354-SegmentedRaftLogWorker close()
2022-03-03 02:40:53,318 [ForkJoinPool.commonPool-worker-1] INFO  server.RaftServer$Division (RaftServerImpl.java:lambda$close$4(412)) - 0f66cbef-d2c2-4da9-b5af-505c5e5b0cb0@group-674C060E4486: shutdown
2022-03-03 02:40:53,318 [ForkJoinPool.commonPool-worker-1] INFO  util.JmxRegister (JmxRegister.java:unregister(73)) - Successfully un-registered JMX Bean with object name Ratis:service=RaftServer,group=group-674C060E4486,id=0f66cbef-d2c2-4da9-b5af-505c5e5b0cb0
2022-03-03 02:40:53,318 [ForkJoinPool.commonPool-worker-1] INFO  impl.RoleInfo (RoleInfo.java:shutdownLeaderState(91)) - 0f66cbef-d2c2-4da9-b5af-505c5e5b0cb0: shutdown 0f66cbef-d2c2-4da9-b5af-505c5e5b0cb0@group-674C060E4486-LeaderStateImpl
2022-03-03 02:40:53,318 [ForkJoinPool.commonPool-worker-1] INFO  impl.PendingRequests (PendingRequests.java:sendNotLeaderResponses(282)) - 0f66cbef-d2c2-4da9-b5af-505c5e5b0cb0@group-674C060E4486-PendingRequests: sendNotLeaderResponses
2022-03-03 02:40:53,319 [ForkJoinPool.commonPool-worker-1] INFO  impl.StateMachineUpdater (StateMachineUpdater.java:stopAndJoin(149)) - 0f66cbef-d2c2-4da9-b5af-505c5e5b0cb0@group-674C060E4486-StateMachineUpdater: set stopIndex = 0
2022-03-03 02:40:53,321 [0f66cbef-d2c2-4da9-b5af-505c5e5b0cb0@group-674C060E4486-StateMachineUpdater] INFO  ratis.ContainerStateMachine (ContainerStateMachine.java:takeSnapshot(304)) - group-674C060E4486: Taking a snapshot at:(t:1, i:0) file /home/runner/work/ozone/ozone/hadoop-ozone/integration-test/target/test-dir/MiniOzoneClusterImpl-ab5f91a4-db32-4111-a157-42cecbd844d3/datanode-2/data/ratis/a3df3954-883a-4061-8d60-674c060e4486/sm/snapshot.1_0
2022-03-03 02:40:53,322 [0f66cbef-d2c2-4da9-b5af-505c5e5b0cb0@group-674C060E4486-StateMachineUpdater] INFO  ratis.ContainerStateMachine (ContainerStateMachine.java:takeSnapshot(315)) - group-674C060E4486: Finished taking a snapshot at:(t:1, i:0) file:/home/runner/work/ozone/ozone/hadoop-ozone/integration-test/target/test-dir/MiniOzoneClusterImpl-ab5f91a4-db32-4111-a157-42cecbd844d3/datanode-2/data/ratis/a3df3954-883a-4061-8d60-674c060e4486/sm/snapshot.1_0 took: 1 ms
2022-03-03 02:40:53,322 [0f66cbef-d2c2-4da9-b5af-505c5e5b0cb0@group-674C060E4486-StateMachineUpdater] INFO  impl.StateMachineUpdater (StateMachineUpdater.java:takeSnapshot(281)) - 0f66cbef-d2c2-4da9-b5af-505c5e5b0cb0@group-674C060E4486-StateMachineUpdater: Took a snapshot at index 0
2022-03-03 02:40:53,322 [0f66cbef-d2c2-4da9-b5af-505c5e5b0cb0@group-674C060E4486-StateMachineUpdater] INFO  impl.StateMachineUpdater (StateMachineUpdater.java:lambda$new$0(89)) - 0f66cbef-d2c2-4da9-b5af-505c5e5b0cb0@group-674C060E4486-StateMachineUpdater: snapshotIndex: updateIncreasingly -1 -> 0
2022-03-03 02:40:53,324 [ForkJoinPool.commonPool-worker-1] INFO  server.RaftServer$Division (ServerState.java:close(419)) - 0f66cbef-d2c2-4da9-b5af-505c5e5b0cb0@group-674C060E4486: closes. applyIndex: 0
2022-03-03 02:40:53,324 [0f66cbef-d2c2-4da9-b5af-505c5e5b0cb0@group-674C060E4486-SegmentedRaftLogWorker] INFO  segmented.SegmentedRaftLogWorker (SegmentedRaftLogWorker.java:run(327)) - 0f66cbef-d2c2-4da9-b5af-505c5e5b0cb0@group-674C060E4486-SegmentedRaftLogWorker was interrupted, exiting. There are 0 tasks remaining in the queue.
2022-03-03 02:40:53,324 [ForkJoinPool.commonPool-worker-1] INFO  segmented.SegmentedRaftLogWorker (SegmentedRaftLogWorker.java:close(237)) - 0f66cbef-d2c2-4da9-b5af-505c5e5b0cb0@group-674C060E4486-SegmentedRaftLogWorker close()
2022-03-03 02:40:53,326 [ForkJoinPool.commonPool-worker-1] INFO  server.GrpcService (GrpcService.java:closeImpl(262)) - 0f66cbef-d2c2-4da9-b5af-505c5e5b0cb0: shutdown server with port 44365 now
2022-03-03 02:40:53,327 [ForkJoinPool.commonPool-worker-1] INFO  server.GrpcService (GrpcService.java:closeImpl(271)) - 0f66cbef-d2c2-4da9-b5af-505c5e5b0cb0: shutdown server with port 44365 successfully
2022-03-03 02:40:53,327 [org.apache.ratis.util.JvmPauseMonitor$$Lambda$431/1976969183@3cbe4bbe] INFO  util.JvmPauseMonitor (JvmPauseMonitor.java:run(109)) - JvmPauseMonitor-0f66cbef-d2c2-4da9-b5af-505c5e5b0cb0: Stopped
2022-03-03 02:40:55,333 [ForkJoinPool.commonPool-worker-1] INFO  utils.BackgroundService (BackgroundService.java:shutdown(132)) - Shutting down service BlockDeletingService
2022-03-03 02:40:58,342 [ForkJoinPool.commonPool-worker-1] INFO  statemachine.DatanodeStateMachine (DatanodeStateMachine.java:stopDaemon(529)) - Ozone container server stopped.
2022-03-03 02:40:58,344 [ForkJoinPool.commonPool-worker-1] INFO  handler.ContextHandler (ContextHandler.java:doStop(1153)) - Stopped o.e.j.w.WebAppContext@3be72626{hddsDatanode,/,null,STOPPED}{jar:file:/home/runner/.m2/repository/org/apache/ozone/hdds-container-service/1.3.0-SNAPSHOT/hdds-container-service-1.3.0-SNAPSHOT.jar!/webapps/hddsDatanode}
2022-03-03 02:40:58,348 [ForkJoinPool.commonPool-worker-1] INFO  server.AbstractConnector (AbstractConnector.java:doStop(381)) - Stopped ServerConnector@3f2c36e1{HTTP/1.1, (http/1.1)}{0.0.0.0:0}
2022-03-03 02:40:58,348 [ForkJoinPool.commonPool-worker-1] INFO  server.session (HouseKeeper.java:stopScavenging(149)) - node0 Stopped scavenging
2022-03-03 02:40:58,352 [ForkJoinPool.commonPool-worker-1] INFO  handler.ContextHandler (ContextHandler.java:doStop(1153)) - Stopped o.e.j.s.ServletContextHandler@2ab70885{static,/static,jar:file:/home/runner/.m2/repository/org/apache/ozone/hdds-container-service/1.3.0-SNAPSHOT/hdds-container-service-1.3.0-SNAPSHOT.jar!/webapps/static,STOPPED}
2022-03-03 02:40:58,361 [ForkJoinPool.commonPool-worker-1] INFO  handler.ContextHandler (ContextHandler.java:doStop(1153)) - Stopped o.e.j.s.ServletContextHandler@4a77acc6{logs,/logs,file:///home/runner/work/ozone/ozone/hadoop-ozone/integration-test/target/log,STOPPED}
2022-03-03 02:40:58,362 [Time-limited test] INFO  ozone.MiniOzoneClusterImpl (MiniOzoneClusterImpl.java:stopSCM(538)) - Stopping the StorageContainerManager
2022-03-03 02:40:58,362 [Time-limited test] INFO  server.StorageContainerManager (StorageContainerManager.java:stop(1417)) - Stopping Container Balancer service.
2022-03-03 02:40:58,362 [Time-limited test] INFO  balancer.ContainerBalancer (ContainerBalancer.java:stop(751)) - Container Balancer is not running.
2022-03-03 02:40:58,366 [Time-limited test] INFO  server.StorageContainerManager (StorageContainerManager.java:stop(1424)) - Stopping Replication Manager Service.
2022-03-03 02:40:58,366 [Time-limited test] INFO  container.ReplicationManager (ReplicationManager.java:stop(357)) - Stopping Replication Monitor Thread.
2022-03-03 02:40:58,366 [Time-limited test] INFO  server.StorageContainerManager (StorageContainerManager.java:stop(1431)) - Stopping the Datanode Admin Monitor.
2022-03-03 02:40:58,367 [Time-limited test] INFO  server.StorageContainerManager (StorageContainerManager.java:stop(1438)) - Stopping Lease Manager of the command watchers
2022-03-03 02:40:58,367 [Time-limited test] INFO  server.StorageContainerManager (StorageContainerManager.java:stop(1445)) - Stopping datanode service RPC server
2022-03-03 02:40:58,367 [Time-limited test] INFO  server.SCMDatanodeProtocolServer (SCMDatanodeProtocolServer.java:stop(391)) - Stopping the RPC server for DataNodes
2022-03-03 02:40:58,367 [Time-limited test] INFO  ipc.Server (Server.java:stop(3414)) - Stopping server on 39335
2022-03-03 02:40:58,369 [IPC Server listener on 0] INFO  ipc.Server (Server.java:run(1376)) - Stopping IPC Server listener on 0
2022-03-03 02:40:58,376 [IPC Server Responder] INFO  ipc.Server (Server.java:run(1512)) - Stopping IPC Server Responder
2022-03-03 02:40:58,466 [SCM Heartbeat Processing Thread - 0] WARN  node.NodeStateManager (NodeStateManager.java:scheduleNextHealthCheck(815)) - Current Thread is interrupted, shutting down HB processing thread for Node Manager.
2022-03-03 02:40:58,467 [Time-limited test] INFO  server.StorageContainerManager (StorageContainerManager.java:stop(1453)) - Stopping block service RPC server
2022-03-03 02:40:58,467 [Time-limited test] INFO  server.SCMBlockProtocolServer (SCMBlockProtocolServer.java:stop(160)) - Stopping the RPC server for Block Protocol
2022-03-03 02:40:58,468 [Time-limited test] INFO  ipc.Server (Server.java:stop(3414)) - Stopping server on 35387
2022-03-03 02:40:58,475 [IPC Server Responder] INFO  ipc.Server (Server.java:run(1512)) - Stopping IPC Server Responder
2022-03-03 02:40:58,476 [IPC Server listener on 0] INFO  ipc.Server (Server.java:run(1376)) - Stopping IPC Server listener on 0
2022-03-03 02:40:58,485 [Time-limited test] INFO  server.StorageContainerManager (StorageContainerManager.java:stop(1460)) - Stopping the StorageContainerLocationProtocol RPC server
2022-03-03 02:40:58,485 [Time-limited test] INFO  server.SCMClientProtocolServer (SCMClientProtocolServer.java:stop(174)) - Stopping the RPC server for Client Protocol
2022-03-03 02:40:58,486 [Time-limited test] INFO  ipc.Server (Server.java:stop(3414)) - Stopping server on 36755
2022-03-03 02:40:58,487 [Time-limited test] INFO  server.StorageContainerManager (StorageContainerManager.java:stop(1467)) - Stopping Storage Container Manager HTTP server.
2022-03-03 02:40:58,488 [IPC Server Responder] INFO  ipc.Server (Server.java:run(1512)) - Stopping IPC Server Responder
2022-03-03 02:40:58,488 [IPC Server listener on 0] INFO  ipc.Server (Server.java:run(1376)) - Stopping IPC Server listener on 0
2022-03-03 02:40:58,494 [Time-limited test] INFO  handler.ContextHandler (ContextHandler.java:doStop(1153)) - Stopped o.e.j.w.WebAppContext@32fc76ad{scm,/,null,STOPPED}{file:/home/runner/work/ozone/ozone/hadoop-ozone/integration-test/target/test-classes/webapps/scm}
2022-03-03 02:40:58,494 [Time-limited test] INFO  server.AbstractConnector (AbstractConnector.java:doStop(381)) - Stopped ServerConnector@274a2762{HTTP/1.1, (http/1.1)}{0.0.0.0:0}
2022-03-03 02:40:58,495 [Time-limited test] INFO  server.session (HouseKeeper.java:stopScavenging(149)) - node0 Stopped scavenging
2022-03-03 02:40:58,495 [Time-limited test] INFO  handler.ContextHandler (ContextHandler.java:doStop(1153)) - Stopped o.e.j.s.ServletContextHandler@7ffc3e47{static,/static,file:///home/runner/work/ozone/ozone/hadoop-ozone/integration-test/target/test-classes/webapps/static,STOPPED}
2022-03-03 02:40:58,495 [Time-limited test] INFO  handler.ContextHandler (ContextHandler.java:doStop(1153)) - Stopped o.e.j.s.ServletContextHandler@4e87261c{logs,/logs,file:///home/runner/work/ozone/ozone/hadoop-ozone/integration-test/target/log,STOPPED}
2022-03-03 02:40:58,497 [Time-limited test] INFO  server.StorageContainerManager (StorageContainerManager.java:stop(1478)) - Stopping Block Manager Service.
2022-03-03 02:40:58,497 [Time-limited test] INFO  utils.BackgroundService (BackgroundService.java:shutdown(132)) - Shutting down service SCMBlockDeletingService
2022-03-03 02:40:58,497 [Time-limited test] INFO  utils.BackgroundService (BackgroundService.java:shutdown(132)) - Shutting down service SCMBlockDeletingService
2022-03-03 02:40:58,497 [Time-limited test] INFO  server.StorageContainerManager (StorageContainerManager.java:stop(1505)) - Stopping SCM Event Queue.
2022-03-03 02:40:58,513 [Time-limited test] INFO  server.StorageContainerManager (StorageContainerManager.java:stop(1516)) - Stopping SCM HA services.
2022-03-03 02:40:58,513 [Time-limited test] INFO  ha.SCMRatisServerImpl (SCMRatisServerImpl.java:stop(236)) - stopping ratis server 0.0.0.0:9894
2022-03-03 02:40:58,513 [Time-limited test] INFO  server.RaftServer (RaftServerProxy.java:lambda$close$6(391)) - 4914ad2e-45be-4838-a730-ba0d1c104f60: close
2022-03-03 02:40:58,513 [Time-limited test] INFO  server.RaftServer$Division (RaftServerImpl.java:lambda$close$4(412)) - 4914ad2e-45be-4838-a730-ba0d1c104f60@group-42CECBD844D3: shutdown
2022-03-03 02:40:58,514 [Time-limited test] INFO  util.JmxRegister (JmxRegister.java:unregister(73)) - Successfully un-registered JMX Bean with object name Ratis:service=RaftServer,group=group-42CECBD844D3,id=4914ad2e-45be-4838-a730-ba0d1c104f60
2022-03-03 02:40:58,514 [Time-limited test] INFO  impl.RoleInfo (RoleInfo.java:shutdownLeaderState(91)) - 4914ad2e-45be-4838-a730-ba0d1c104f60: shutdown 4914ad2e-45be-4838-a730-ba0d1c104f60@group-42CECBD844D3-LeaderStateImpl
2022-03-03 02:40:58,514 [Time-limited test] INFO  impl.PendingRequests (PendingRequests.java:sendNotLeaderResponses(282)) - 4914ad2e-45be-4838-a730-ba0d1c104f60@group-42CECBD844D3-PendingRequests: sendNotLeaderResponses
2022-03-03 02:40:58,514 [Time-limited test] INFO  ha.SCMStateMachine (SCMStateMachine.java:notifyNotLeader(190)) - current leader SCM steps down.
2022-03-03 02:40:58,514 [Time-limited test] INFO  ha.SCMContext (SCMContext.java:updateLeaderAndTerm(90)) - update <isLeader,term> from <true,2> to <false,0>
2022-03-03 02:40:58,514 [Time-limited test] INFO  ha.SCMContext (SCMContext.java:updateLeaderAndTerm(97)) - update <isLeaderReady> from <false> to <false>
2022-03-03 02:40:58,515 [Time-limited test] INFO  impl.StateMachineUpdater (StateMachineUpdater.java:stopAndJoin(149)) - 4914ad2e-45be-4838-a730-ba0d1c104f60@group-42CECBD844D3-StateMachineUpdater: set stopIndex = 16
2022-03-03 02:40:58,516 [4914ad2e-45be-4838-a730-ba0d1c104f60@group-42CECBD844D3-StateMachineUpdater] INFO  ha.SCMStateMachine (SCMStateMachine.java:takeSnapshot(297)) - Current Snapshot Index 16, takeSnapshot took 0 ms
2022-03-03 02:40:58,516 [4914ad2e-45be-4838-a730-ba0d1c104f60@group-42CECBD844D3-StateMachineUpdater] INFO  impl.StateMachineUpdater (StateMachineUpdater.java:takeSnapshot(281)) - 4914ad2e-45be-4838-a730-ba0d1c104f60@group-42CECBD844D3-StateMachineUpdater: Took a snapshot at index 16
2022-03-03 02:40:58,516 [4914ad2e-45be-4838-a730-ba0d1c104f60@group-42CECBD844D3-StateMachineUpdater] INFO  impl.StateMachineUpdater (StateMachineUpdater.java:lambda$new$0(89)) - 4914ad2e-45be-4838-a730-ba0d1c104f60@group-42CECBD844D3-StateMachineUpdater: snapshotIndex: updateIncreasingly -1 -> 16
2022-03-03 02:40:58,516 [Time-limited test] INFO  server.RaftServer$Division (ServerState.java:close(419)) - 4914ad2e-45be-4838-a730-ba0d1c104f60@group-42CECBD844D3: closes. applyIndex: 16
2022-03-03 02:40:58,517 [4914ad2e-45be-4838-a730-ba0d1c104f60@group-42CECBD844D3-SegmentedRaftLogWorker] INFO  segmented.SegmentedRaftLogWorker (SegmentedRaftLogWorker.java:run(327)) - 4914ad2e-45be-4838-a730-ba0d1c104f60@group-42CECBD844D3-SegmentedRaftLogWorker was interrupted, exiting. There are 0 tasks remaining in the queue.
2022-03-03 02:40:58,518 [Time-limited test] INFO  segmented.SegmentedRaftLogWorker (SegmentedRaftLogWorker.java:close(237)) - 4914ad2e-45be-4838-a730-ba0d1c104f60@group-42CECBD844D3-SegmentedRaftLogWorker close()
2022-03-03 02:40:58,522 [Time-limited test] INFO  server.GrpcService (GrpcService.java:closeImpl(262)) - 4914ad2e-45be-4838-a730-ba0d1c104f60: shutdown server with port 9894 now
2022-03-03 02:40:58,522 [Time-limited test] INFO  server.GrpcService (GrpcService.java:closeImpl(271)) - 4914ad2e-45be-4838-a730-ba0d1c104f60: shutdown server with port 9894 successfully
2022-03-03 02:40:58,522 [org.apache.ratis.util.JvmPauseMonitor$$Lambda$431/1976969183@5a96473] INFO  util.JvmPauseMonitor (JvmPauseMonitor.java:run(109)) - JvmPauseMonitor-4914ad2e-45be-4838-a730-ba0d1c104f60: Stopped
2022-03-03 02:40:58,523 [Time-limited test] INFO  pipeline.BackgroundPipelineCreator (BackgroundPipelineCreator.java:stop(158)) - Stopping RatisPipelineUtilsThread.
2022-03-03 02:40:58,523 [Time-limited test] INFO  server.StorageContainerManager (StorageContainerManager.java:stop(1526)) - Stopping SCM MetadataStore.
2022-03-03 02:40:58,524 [Time-limited test] INFO  impl.MetricsSystemImpl (MetricsSystemImpl.java:stop(210)) - Stopping HddsDatanode metrics system...
2022-03-03 02:40:58,525 [prometheus] INFO  impl.MetricsSinkAdapter (MetricsSinkAdapter.java:publishMetricsFromQueue(141)) - prometheus thread interrupted.
2022-03-03 02:40:58,528 [Time-limited test] INFO  impl.MetricsSystemImpl (MetricsSystemImpl.java:stop(216)) - HddsDatanode metrics system stopped.
]]></system-out>
  </testcase>
  <testcase name="testDNstartAfterSCM" classname="org.apache.hadoop.ozone.TestMiniOzoneCluster" time="106.367"/>
  <testcase name="testDatanodeIDPersistent" classname="org.apache.hadoop.ozone.TestMiniOzoneCluster" time="0.123"/>
  <testcase name="testContainerRandomPort" classname="org.apache.hadoop.ozone.TestMiniOzoneCluster" time="25.263"/>
</testsuite>